"TimeCreated","Id","LevelDisplayName","ProviderName","Message"
"19-08-2026 12:01:39","98","Information","Microsoft-Windows-Ntfs","Volume OS (\Device\HarddiskVolumeShadowCopy2) is healthy.  No action is needed."
"19-08-2026 09:57:58","98","Information","Microsoft-Windows-Ntfs","Volume OS (\Device\HarddiskVolumeShadowCopy1) is healthy.  No action is needed."
"18-08-2026 14:30:45","98","Information","Microsoft-Windows-Ntfs","Volume \\?\Volume{effcabed-bb48-44d2-a9ca-b0bdf73688b0} (\Device\HarddiskVolume4) is healthy.  No action is needed."
"18-08-2026 14:30:42","98","Information","Microsoft-Windows-Ntfs","Volume C: (\Device\HarddiskVolume3) is healthy.  No action is needed."
"18-08-2026 12:02:03","98","Information","Microsoft-Windows-Ntfs","Volume OS (\Device\HarddiskVolumeShadowCopy1) is healthy.  No action is needed."
"18-08-2026 10:28:47","98","Information","Microsoft-Windows-Ntfs","Volume \\?\Volume{effcabed-bb48-44d2-a9ca-b0bdf73688b0} (\Device\HarddiskVolume4) is healthy.  No action is needed."
"18-08-2026 10:28:45","98","Information","Microsoft-Windows-Ntfs","Volume C: (\Device\HarddiskVolume3) is healthy.  No action is needed."
"18-08-2026 09:43:51","98","Information","Microsoft-Windows-Ntfs","Volume OS (\Device\HarddiskVolumeShadowCopy15) is healthy.  No action is needed."
"17-08-2026 12:02:10","98","Information","Microsoft-Windows-Ntfs","Volume OS (\Device\HarddiskVolumeShadowCopy14) is healthy.  No action is needed."
"17-08-2026 09:53:45","98","Information","Microsoft-Windows-Ntfs","Volume OS (\Device\HarddiskVolumeShadowCopy13) is healthy.  No action is needed."
"17-08-2026 09:53:24","98","Information","Microsoft-Windows-Ntfs","Volume OS (\Device\HarddiskVolumeShadowCopy12) is healthy.  No action is needed."
"17-08-2026 09:53:09","98","Information","Microsoft-Windows-Ntfs","Volume OS (\Device\HarddiskVolumeShadowCopy11) is healthy.  No action is needed."
"17-08-2026 09:48:57","98","Information","Microsoft-Windows-Ntfs","Volume OS (\Device\HarddiskVolumeShadowCopy10) is healthy.  No action is needed."
"17-08-2026 09:48:44","98","Information","Microsoft-Windows-Ntfs","Volume OS (\Device\HarddiskVolumeShadowCopy9) is healthy.  No action is needed."
"17-08-2026 09:48:31","98","Information","Microsoft-Windows-Ntfs","Volume OS (\Device\HarddiskVolumeShadowCopy8) is healthy.  No action is needed."
"17-08-2026 09:38:31","98","Information","Microsoft-Windows-Ntfs","Volume OS (\Device\HarddiskVolumeShadowCopy7) is healthy.  No action is needed."
"14-08-2026 13:40:53","98","Information","Microsoft-Windows-Ntfs","Volume OS (\Device\HarddiskVolumeShadowCopy6) is healthy.  No action is needed."
"14-08-2026 13:23:54","98","Information","Microsoft-Windows-Ntfs","Volume OS (\Device\HarddiskVolumeShadowCopy5) is healthy.  No action is needed."
"13-08-2026 12:02:05","98","Information","Microsoft-Windows-Ntfs","Volume OS (\Device\HarddiskVolumeShadowCopy4) is healthy.  No action is needed."
"13-08-2026 09:15:14","98","Information","Microsoft-Windows-Ntfs","Volume OS (\Device\HarddiskVolumeShadowCopy3) is healthy.  No action is needed."
"12-08-2026 12:01:53","98","Information","Microsoft-Windows-Ntfs","Volume OS (\Device\HarddiskVolumeShadowCopy2) is healthy.  No action is needed."
"12-08-2026 08:57:09","98","Information","Microsoft-Windows-Ntfs","Volume OS (\Device\HarddiskVolumeShadowCopy1) is healthy.  No action is needed."
"11-08-2026 12:02:24","98","Information","Microsoft-Windows-Ntfs","Volume \\?\Volume{effcabed-bb48-44d2-a9ca-b0bdf73688b0} (\Device\HarddiskVolume4) is healthy.  No action is needed."
"11-08-2026 12:02:21","98","Information","Microsoft-Windows-Ntfs","Volume C: (\Device\HarddiskVolume3) is healthy.  No action is needed."
"11-08-2026 09:11:43","98","Information","Microsoft-Windows-Ntfs","Volume OS (\Device\HarddiskVolumeShadowCopy2) is healthy.  No action is needed."
"10-08-2026 12:02:39","98","Information","Microsoft-Windows-Ntfs","Volume OS (\Device\HarddiskVolumeShadowCopy1) is healthy.  No action is needed."
"10-08-2026 09:35:54","98","Information","Microsoft-Windows-Ntfs","Volume \\?\Volume{effcabed-bb48-44d2-a9ca-b0bdf73688b0} (\Device\HarddiskVolume4) is healthy.  No action is needed."
"10-08-2026 09:35:51","98","Information","Microsoft-Windows-Ntfs","Volume C: (\Device\HarddiskVolume3) is healthy.  No action is needed."
"03-08-2026 09:25:56","98","Information","Microsoft-Windows-Ntfs","Volume \\?\Volume{effcabed-bb48-44d2-a9ca-b0bdf73688b0} (\Device\HarddiskVolume4) is healthy.  No action is needed."
"03-08-2026 09:25:54","98","Information","Microsoft-Windows-Ntfs","Volume C: (\Device\HarddiskVolume3) is healthy.  No action is needed."
"31-07-2026 09:44:12","98","Information","Microsoft-Windows-Ntfs","Volume \\?\Volume{effcabed-bb48-44d2-a9ca-b0bdf73688b0} (\Device\HarddiskVolume4) is healthy.  No action is needed."
"31-07-2026 09:44:10","98","Information","Microsoft-Windows-Ntfs","Volume C: (\Device\HarddiskVolume3) is healthy.  No action is needed."
"27-07-2026 11:49:10","98","Information","Microsoft-Windows-Ntfs","Volume \\?\Volume{effcabed-bb48-44d2-a9ca-b0bdf73688b0} (\Device\HarddiskVolume4) is healthy.  No action is needed."
"27-07-2026 11:49:07","98","Information","Microsoft-Windows-Ntfs","Volume C: (\Device\HarddiskVolume3) is healthy.  No action is needed."
"27-07-2026 09:37:01","98","Information","Microsoft-Windows-Ntfs","Volume \\?\Volume{effcabed-bb48-44d2-a9ca-b0bdf73688b0} (\Device\HarddiskVolume4) is healthy.  No action is needed."
"27-07-2026 09:36:58","98","Information","Microsoft-Windows-Ntfs","Volume C: (\Device\HarddiskVolume3) is healthy.  No action is needed."
"27-07-2026 09:34:13","98","Information","Microsoft-Windows-Ntfs","Volume \\?\Volume{effcabed-bb48-44d2-a9ca-b0bdf73688b0} (\Device\HarddiskVolume4) is healthy.  No action is needed."
"27-07-2026 09:34:10","98","Information","Microsoft-Windows-Ntfs","Volume C: (\Device\HarddiskVolume3) is healthy.  No action is needed."
"21-07-2026 08:44:09","98","Information","Microsoft-Windows-Ntfs","Volume \\?\Volume{effcabed-bb48-44d2-a9ca-b0bdf73688b0} (\Device\HarddiskVolume4) is healthy.  No action is needed."
"21-07-2026 08:44:07","98","Information","Microsoft-Windows-Ntfs","Volume C: (\Device\HarddiskVolume3) is healthy.  No action is needed."
"12-07-2026 18:31:49","98","Information","Microsoft-Windows-Ntfs","Volume \\?\Volume{effcabed-bb48-44d2-a9ca-b0bdf73688b0} (\Device\HarddiskVolume4) is healthy.  No action is needed."
"12-07-2026 18:31:47","98","Information","Microsoft-Windows-Ntfs","Volume C: (\Device\HarddiskVolume3) is healthy.  No action is needed."
"07-07-2026 09:28:13","98","Information","Microsoft-Windows-Ntfs","Volume \\?\Volume{effcabed-bb48-44d2-a9ca-b0bdf73688b0} (\Device\HarddiskVolume4) is healthy.  No action is needed."
"07-07-2026 09:28:10","98","Information","Microsoft-Windows-Ntfs","Volume C: (\Device\HarddiskVolume3) is healthy.  No action is needed."
"04-07-2026 14:12:33","98","Information","Microsoft-Windows-Ntfs","Volume \\?\Volume{effcabed-bb48-44d2-a9ca-b0bdf73688b0} (\Device\HarddiskVolume4) is healthy.  No action is needed."
"04-07-2026 14:12:31","98","Information","Microsoft-Windows-Ntfs","Volume C: (\Device\HarddiskVolume3) is healthy.  No action is needed."
"03-07-2026 11:20:13","98","Information","Microsoft-Windows-Ntfs","Volume \\?\Volume{effcabed-bb48-44d2-a9ca-b0bdf73688b0} (\Device\HarddiskVolume4) is healthy.  No action is needed."
"03-07-2026 11:20:11","98","Information","Microsoft-Windows-Ntfs","Volume C: (\Device\HarddiskVolume3) is healthy.  No action is needed."
"01-07-2026 10:08:09","98","Information","Microsoft-Windows-Ntfs","Volume \\?\Volume{effcabed-bb48-44d2-a9ca-b0bdf73688b0} (\Device\HarddiskVolume4) is healthy.  No action is needed."
"01-07-2026 10:08:07","98","Information","Microsoft-Windows-Ntfs","Volume C: (\Device\HarddiskVolume3) is healthy.  No action is needed."
"29-06-2026 10:24:09","98","Information","Microsoft-Windows-Ntfs","Volume \\?\Volume{effcabed-bb48-44d2-a9ca-b0bdf73688b0} (\Device\HarddiskVolume4) is healthy.  No action is needed."
"29-06-2026 10:24:07","98","Information","Microsoft-Windows-Ntfs","Volume C: (\Device\HarddiskVolume3) is healthy.  No action is needed."
"29-06-2026 09:02:20","98","Information","Microsoft-Windows-Ntfs","Volume \\?\Volume{effcabed-bb48-44d2-a9ca-b0bdf73688b0} (\Device\HarddiskVolume4) is healthy.  No action is needed."
"29-06-2026 09:02:18","98","Information","Microsoft-Windows-Ntfs","Volume C: (\Device\HarddiskVolume3) is healthy.  No action is needed."
"25-06-2026 09:35:52","98","Information","Microsoft-Windows-Ntfs","Volume \\?\Volume{effcabed-bb48-44d2-a9ca-b0bdf73688b0} (\Device\HarddiskVolume4) is healthy.  No action is needed."
"25-06-2026 09:35:50","98","Information","Microsoft-Windows-Ntfs","Volume C: (\Device\HarddiskVolume3) is healthy.  No action is needed."
"18-06-2026 09:05:27","98","Information","Microsoft-Windows-Ntfs","Volume \\?\Volume{effcabed-bb48-44d2-a9ca-b0bdf73688b0} (\Device\HarddiskVolume4) is healthy.  No action is needed."
"18-06-2026 09:05:25","98","Information","Microsoft-Windows-Ntfs","Volume C: (\Device\HarddiskVolume3) is healthy.  No action is needed."
"17-06-2026 19:18:02","98","Information","Microsoft-Windows-Ntfs","Volume \\?\Volume{effcabed-bb48-44d2-a9ca-b0bdf73688b0} (\Device\HarddiskVolume4) is healthy.  No action is needed."
"17-06-2026 19:17:59","98","Information","Microsoft-Windows-Ntfs","Volume C: (\Device\HarddiskVolume3) is healthy.  No action is needed."
"17-06-2026 19:16:34","98","Information","Microsoft-Windows-Ntfs","Volume \\?\Volume{effcabed-bb48-44d2-a9ca-b0bdf73688b0} (\Device\HarddiskVolume4) is healthy.  No action is needed."
"17-06-2026 19:16:32","98","Information","Microsoft-Windows-Ntfs","Volume C: (\Device\HarddiskVolume3) is healthy.  No action is needed."
"17-06-2026 19:13:27","98","Information","Microsoft-Windows-Ntfs","Volume \\?\Volume{effcabed-bb48-44d2-a9ca-b0bdf73688b0} (\Device\HarddiskVolume4) is healthy.  No action is needed."
"17-06-2026 19:13:24","98","Information","Microsoft-Windows-Ntfs","Volume C: (\Device\HarddiskVolume3) is healthy.  No action is needed."
"16-06-2026 09:59:14","98","Information","Microsoft-Windows-Ntfs","Volume \\?\Volume{effcabed-bb48-44d2-a9ca-b0bdf73688b0} (\Device\HarddiskVolume4) is healthy.  No action is needed."
"16-06-2026 09:59:12","98","Information","Microsoft-Windows-Ntfs","Volume C: (\Device\HarddiskVolume3) is healthy.  No action is needed."
"12-06-2026 09:54:24","98","Information","Microsoft-Windows-Ntfs","Volume \\?\Volume{effcabed-bb48-44d2-a9ca-b0bdf73688b0} (\Device\HarddiskVolume4) is healthy.  No action is needed."
"12-06-2026 09:54:22","98","Information","Microsoft-Windows-Ntfs","Volume C: (\Device\HarddiskVolume3) is healthy.  No action is needed."
"08-06-2026 19:13:42","98","Information","Microsoft-Windows-Ntfs","Volume \\?\Volume{effcabed-bb48-44d2-a9ca-b0bdf73688b0} (\Device\HarddiskVolume4) is healthy.  No action is needed."
"08-06-2026 19:13:40","98","Information","Microsoft-Windows-Ntfs","Volume C: (\Device\HarddiskVolume3) is healthy.  No action is needed."
"08-06-2026 09:39:58","98","Information","Microsoft-Windows-Ntfs","Volume \\?\Volume{effcabed-bb48-44d2-a9ca-b0bdf73688b0} (\Device\HarddiskVolume4) is healthy.  No action is needed."
"08-06-2026 09:39:56","98","Information","Microsoft-Windows-Ntfs","Volume C: (\Device\HarddiskVolume3) is healthy.  No action is needed."
"03-06-2026 10:13:56","98","Information","Microsoft-Windows-Ntfs","Volume \\?\Volume{effcabed-bb48-44d2-a9ca-b0bdf73688b0} (\Device\HarddiskVolume4) is healthy.  No action is needed."
"03-06-2026 10:13:54","98","Information","Microsoft-Windows-Ntfs","Volume C: (\Device\HarddiskVolume3) is healthy.  No action is needed."
"03-06-2026 00:13:25","98","Information","Microsoft-Windows-Ntfs","Volume \\?\Volume{effcabed-bb48-44d2-a9ca-b0bdf73688b0} (\Device\HarddiskVolume4) is healthy.  No action is needed."
"03-06-2026 00:13:23","98","Information","Microsoft-Windows-Ntfs","Volume C: (\Device\HarddiskVolume3) is healthy.  No action is needed."
"02-06-2026 10:13:58","98","Information","Microsoft-Windows-Ntfs","Volume \\?\Volume{effcabed-bb48-44d2-a9ca-b0bdf73688b0} (\Device\HarddiskVolume4) is healthy.  No action is needed."
"02-06-2026 10:13:55","98","Information","Microsoft-Windows-Ntfs","Volume C: (\Device\HarddiskVolume3) is healthy.  No action is needed."
"01-06-2026 09:19:13","98","Information","Microsoft-Windows-Ntfs","Volume \\?\Volume{effcabed-bb48-44d2-a9ca-b0bdf73688b0} (\Device\HarddiskVolume4) is healthy.  No action is needed."
"01-06-2026 09:19:11","98","Information","Microsoft-Windows-Ntfs","Volume C: (\Device\HarddiskVolume3) is healthy.  No action is needed."
"28-05-2026 10:19:26","98","Information","Microsoft-Windows-Ntfs","Volume \\?\Volume{effcabed-bb48-44d2-a9ca-b0bdf73688b0} (\Device\HarddiskVolume4) is healthy.  No action is needed."
"28-05-2026 10:19:24","98","Information","Microsoft-Windows-Ntfs","Volume C: (\Device\HarddiskVolume3) is healthy.  No action is needed."
"25-05-2026 08:59:52","98","Information","Microsoft-Windows-Ntfs","Volume \\?\Volume{effcabed-bb48-44d2-a9ca-b0bdf73688b0} (\Device\HarddiskVolume4) is healthy.  No action is needed."
"25-05-2026 08:59:50","98","Information","Microsoft-Windows-Ntfs","Volume C: (\Device\HarddiskVolume3) is healthy.  No action is needed."
"23-05-2026 21:48:25","98","Information","Microsoft-Windows-Ntfs","Volume \\?\Volume{effcabed-bb48-44d2-a9ca-b0bdf73688b0} (\Device\HarddiskVolume4) is healthy.  No action is needed."
"23-05-2026 21:48:22","98","Information","Microsoft-Windows-Ntfs","Volume C: (\Device\HarddiskVolume3) is healthy.  No action is needed."
"23-05-2026 11:01:28","98","Information","Microsoft-Windows-Ntfs","Volume \\?\Volume{effcabed-bb48-44d2-a9ca-b0bdf73688b0} (\Device\HarddiskVolume4) is healthy.  No action is needed."
"23-05-2026 11:01:27","98","Information","Microsoft-Windows-Ntfs","Volume C: (\Device\HarddiskVolume3) is healthy.  No action is needed."
"23-05-2026 10:51:45","98","Information","Microsoft-Windows-Ntfs","Volume \\?\Volume{effcabed-bb48-44d2-a9ca-b0bdf73688b0} (\Device\HarddiskVolume4) is healthy.  No action is needed."
"23-05-2026 10:51:44","98","Information","Microsoft-Windows-Ntfs","Volume C: (\Device\HarddiskVolume3) is healthy.  No action is needed."
"23-05-2026 23:08:29","98","Information","Microsoft-Windows-Ntfs","Volume \\?\Volume{effcabed-bb48-44d2-a9ca-b0bdf73688b0} (\Device\HarddiskVolume4) is healthy.  No action is needed."
"23-05-2026 23:08:22","98","Information","Microsoft-Windows-Ntfs","Volume C: (\Device\HarddiskVolume3) is healthy.  No action is needed."
"23-05-2026 23:05:42","98","Information","Microsoft-Windows-Ntfs","Volume \\?\Volume{effcabed-bb48-44d2-a9ca-b0bdf73688b0} (\Device\HarddiskVolume4) is healthy.  No action is needed."
"23-05-2026 23:05:39","98","Information","Microsoft-Windows-Ntfs","Volume C: (\Device\HarddiskVolume3) is healthy.  No action is needed."
