"18-08-2026 09:43:59","16384","Information","Microsoft-Windows-Security-SPP","Successfully scheduled Software Protection service for re-start at 2126-07-25T04:13:59Z. Reason: RulesEngine."
"18-08-2026 09:43:58","326","Information","ESENT","esentutl (24100,D,100,0) The database engine attached a database (2, C:\ProgramData\Dell\DTP\DB\SRUDBData\SRUDB_d9a036f1c8c441a8a01d435f2184f41d.dat). (Time=0 seconds) 
 
Saved Cache: 0 0 
Additional Data: ,
dbv = 1568.300.620 (9620) 
 
Internal Timing Sequence: 
[1] 0.000007 +J(0)
[2] 0.004434 -0.000276 (1) WT +J(0) +M(C:0K, Fs:17, WS:4K # 0K, PF:4K # 0K, P:4K)
[3] 0.013688 -0.000756 (5) WT +J(0) +M(C:0K, Fs:6, WS:20K # 0K, PF:20K # 0K, P:20K)
[4] 0.003436 +J(0)
[5] -
[6] 0.000015 +J(0)
[7] -
[8] 0.000248 +J(CM:0, PgRf:0, Rd:16/0, Dy:0/0, Lg:0/0) +M(C:0K, Fs:3, WS:12K # 0K, PF:116K # 0K, P:116K)
[9] -
[10] -
[11] -
[12] 0.000003 +J(0)
[13] 0.000001 +J(0)
[14] 0.000001 +J(0)
[15] 0.0 +J(0)
[16] 0.0 +J(0)
[17] 0.000001 +J(0)
[18] 0.0 +J(0)
[19] 0.0 +J(0)
[20] 0.000001 +J(0)."
"18-08-2026 09:43:58","327","Information","ESENT","esentutl (24100,D,100,0) The database engine detached a database (2, C:\ProgramData\Dell\DTP\DB\SRUDBData\SRUDB_d9a036f1c8c441a8a01d435f2184f41d.dat). (Time=0 seconds) 
 
Revived Cache: 0 0 
Additional Data:  
 
Internal Timing Sequence: 
[1] 0.000004 +J(0)
[2] 0.0 +J(0)
[3] 0.000003 +J(0)
[4] 0.0 +J(0)
[5] 0.0 +J(0)
[6] 0.001133 +J(0)
[7] 0.005991 +J(0) +M(C:0K, Fs:0, WS:-344K # 0K, PF:-508K # 0K, P:-508K)
[8] 0.000263 +J(0)
[9] 0.005908 -0.000965 (6) WT +J(0) +M(C:0K, Fs:3, WS:-20K # 0K, PF:-20K # 0K, P:-20K)
[10] 0.000900 +J(0)
[11] 0.000026 +J(0) +M(C:0K, Fs:0, WS:-4K # 0K, PF:-4K # 0K, P:-4K)."
"18-08-2026 09:43:57","326","Information","ESENT","esentutl (24100,D,100,0) The database engine attached a database (2, C:\ProgramData\Dell\DTP\DB\SRUDBData\SRUDB_d9a036f1c8c441a8a01d435f2184f41d.dat). (Time=0 seconds) 
 
Saved Cache: 0 0 
Additional Data: ,
dbv = 1568.300.620 (9620) 
 
Internal Timing Sequence: 
[1] 0.000004 +J(0)
[2] 0.002271 -0.000170 (1) WT +J(0) +M(C:0K, Fs:17, WS:4K # 0K, PF:4K # 0K, P:4K)
[3] 0.018539 -0.000704 (5) WT +J(0) +M(C:0K, Fs:6, WS:20K # 0K, PF:20K # 0K, P:20K)
[4] 0.002695 +J(0)
[5] -
[6] 0.000006 +J(0)
[7] -
[8] 0.000090 +J(CM:0, PgRf:0, Rd:16/0, Dy:0/0, Lg:0/0)
[9] -
[10] -
[11] -
[12] 0.0 +J(0)
[13] 0.0 +J(0)
[14] 0.0 +J(0)
[15] 0.0 +J(0)
[16] 0.0 +J(0)
[17] 0.0 +J(0)
[18] 0.0 +J(0)
[19] 0.0 +J(0)
[20] 0.0 +J(0)."
"18-08-2026 09:43:57","327","Information","ESENT","esentutl (24100,D,100,0) The database engine detached a database (2, C:\ProgramData\Dell\DTP\DB\SRUDBData\SRUDB_d9a036f1c8c441a8a01d435f2184f41d.dat). (Time=0 seconds) 
 
Revived Cache: 0 0 
Additional Data:  
 
Internal Timing Sequence: 
[1] 0.000007 +J(0) +M(C:0K, Fs:2, WS:8K # 0K, PF:0K # 0K, P:0K)
[2] 0.0 +J(0)
[3] 0.000012 +J(0)
[4] 0.0 +J(0)
[5] 0.0 +J(0)
[6] 0.002291 +J(0) +M(C:0K, Fs:1, WS:4K # 0K, PF:0K # 0K, P:0K)
[7] 0.001819 +J(0) +M(C:0K, Fs:0, WS:-436K # 0K, PF:-436K # 0K, P:-436K)
[8] 0.000341 +J(0)
[9] 0.005969 -0.001001 (6) WT +J(0) +M(C:0K, Fs:3, WS:-20K # 0K, PF:-20K # 0K, P:-20K)
[10] 0.000980 +J(0)
[11] 0.000037 +J(0) +M(C:0K, Fs:0, WS:-4K # 0K, PF:-4K # 0K, P:-4K)."
"18-08-2026 09:43:54","326","Information","ESENT","esentutl (24100,D,100,0) The database engine attached a database (2, C:\ProgramData\Dell\DTP\DB\SRUDBData\SRUDB_d9a036f1c8c441a8a01d435f2184f41d.dat). (Time=0 seconds) 
 
Saved Cache: 0 0 
Additional Data: ,
dbv = 1568.300.620 (9620) 
 
Internal Timing Sequence: 
[1] 0.000001 +J(0)
[2] 0.001125 -0.000217 (1) WT +J(0) +M(C:0K, Fs:17, WS:4K # 68K, PF:4K # 68K, P:4K)
[3] 0.005166 -0.000105 (3) WT +J(0) +M(C:0K, Fs:12, WS:44K # 0K, PF:20K # 0K, P:20K)
[4] 0.003339 +J(0)
[5] -
[6] 0.000007 +J(0)
[7] -
[8] 0.000644 +J(CM:0, PgRf:0, Rd:1/0, Dy:0/0, Lg:0/0) +M(C:0K, Fs:16, WS:64K # 44K, PF:120K # 76K, P:120K)
[9] -
[10] -
[11] -
[12] 0.000001 +J(0)
[13] 0.0 +J(0) +M(C:0K, Fs:1, WS:4K # 0K, PF:0K # 0K, P:0K)
[14] 0.0 +J(0) +M(C:0K, Fs:0, WS:0K # 4K, PF:0K # 0K, P:0K)
[15] 0.0 +J(0)
[16] 0.0 +J(0)
[17] 0.000001 +J(0)
[18] 0.0 +J(0)
[19] 0.0 +J(0)
[20] 0.0 +J(0)."
"18-08-2026 09:43:54","105","Information","ESENT","esentutl (24100,D,0,0) The database engine started a new instance (0). (Time=0.004 seconds) 
 
Additional Data:
 RBSOn = 0
 
 
Internal Timing Sequence: 
[1] 0.000462 +J(0) +M(C:0K, Fs:71, WS:264K # 0K, PF:3044K # 0K, P:3044K)
[2] 0.000737 +J(0) +M(C:8K, Fs:127, WS:488K # 0K, PF:372K # 0K, P:372K)
[3] 0.000013 +J(0) +M(C:0K, Fs:1, WS:4K # 0K, PF:64K # 0K, P:64K)
[4] 0.000435 +J(0) +M(C:0K, Fs:87, WS:344K # 0K, PF:680K # 540K, P:680K)
[5] 0.000896 +J(0) +M(C:0K, Fs:167, WS:668K # 540K, PF:20K # 20K, P:20K)
[6] -
[7] -
[8] -
[9] -
[10] -
[11] -
[12] -
[13] 0.001678 +J(0) +M(C:0K, Fs:34, WS:136K # 136K, PF:0K # 0K, P:0K)
[14] 0.000023 +J(0) +M(C:0K, Fs:2, WS:8K # 8K, PF:0K # 0K, P:0K)
[15] 0.000037 +J(0) +M(C:0K, Fs:17, WS:68K # 68K, PF:64K # 64K, P:64K)
[16] 0.000003 +J(0)."
"18-08-2026 09:43:54","102","Information","ESENT","esentutl (24100,P,98,0) The database engine (10.00.26100.0000) is starting a new instance (0)."
"18-08-2026 09:43:54","103","Information","ESENT","Dell.TechHub.Instrumentation.SubAgent (13096,T,97,0) SrumDbReader: The database engine stopped the instance (0). 
 
Dirty Shutdown: 0 
 
Internal Timing Sequence: 
[1] 0.000003 +J(0)
[2] 0.000004 +J(0)
[3] 0.0 +J(0)
[4] 0.000001 +J(0)
[5] 0.000006 +J(0)
[6] 0.000001 +J(0)
[7] 0.000005 +J(0)
[8] 0.000014 +J(0)
[9] -
[10] -
[11] -
[12] -
[13] 0.000001 +J(0)
[14] 0.000001 +J(0)
[15] 0.000003 +J(0)."
"18-08-2026 09:43:54","105","Information","ESENT","Dell.TechHub.Instrumentation.SubAgent (13096,D,0,0) SrumDbReader: The database engine started a new instance (0). (Time=0.006 seconds) 
 
Additional Data:
 RBSOn = 0
 
 
Internal Timing Sequence: 
[1] 0.001058 +J(0) +M(C:0K, Fs:73, WS:256K # 0K, PF:3100K # 0K, P:3100K)
[2] 0.002508 +J(0) +M(C:8K, Fs:247, WS:980K # 0K, PF:912K # 0K, P:912K)
[3] 0.000056 +J(0) +M(C:0K, Fs:1, WS:4K # 0K, PF:64K # 0K, P:64K)
[4] 0.000189 +J(0) +M(C:0K, Fs:5, WS:20K # 0K, PF:136K # 0K, P:136K)
[5] 0.000997 +J(0) +M(C:0K, Fs:1, WS:4K # 0K, PF:0K # 0K, P:0K)
[6] -
[7] -
[8] -
[9] -
[10] -
[11] -
[12] -
[13] 0.000745 +J(0) +M(C:0K, Fs:1, WS:4K # 0K, PF:0K # 0K, P:0K)
[14] 0.000026 +J(0)
[15] 0.000081 +J(0) +M(C:0K, Fs:16, WS:64K # 0K, PF:64K # 0K, P:64K)
[16] 0.000009 +J(0)."
"18-08-2026 09:43:54","102","Information","ESENT","Dell.TechHub.Instrumentation.SubAgent (13096,P,98,0) SrumDbReader: The database engine (6.02.9200.0000) is starting a new instance (0)."
"18-08-2026 09:43:54","103","Information","ESENT","Dell.TechHub.Instrumentation.SubAgent (13096,T,97,0) SrumDbReader: The database engine stopped the instance (0). 
 
Dirty Shutdown: 0 
 
Internal Timing Sequence: 
[1] 0.000008 +J(0)
[2] 0.000015 +J(0) +M(C:0K, Fs:1, WS:4K # 0K, PF:0K # 0K, P:0K)
[3] 0.000002 +J(0)
[4] 0.000003 +J(0)
[5] 0.000023 +J(0)
[6] 0.000005 +J(0)
[7] 0.000009 +J(0)
[8] 0.000034 +J(0) +M(C:0K, Fs:1, WS:4K # 0K, PF:0K # 0K, P:0K)
[9] -
[10] -
[11] -
[12] -
[13] 0.000001 +J(0)
[14] 0.0 +J(0)
[15] 0.000003 +J(0)."
"18-08-2026 09:43:54","105","Information","ESENT","Dell.TechHub.Instrumentation.SubAgent (13096,D,0,0) SrumDbReader: The database engine started a new instance (0). (Time=0.017 seconds) 
 
Additional Data:
 RBSOn = 0
 
 
Internal Timing Sequence: 
[1] 0.003014 +J(0) +M(C:0K, Fs:199, WS:760K # 0K, PF:3100K # 0K, P:3100K)
[2] 0.004215 +J(0) +M(C:8K, Fs:315, WS:1252K # 0K, PF:912K # 0K, P:912K)
[3] 0.000039 +J(0) +M(C:0K, Fs:1, WS:4K # 0K, PF:64K # 0K, P:64K)
[4] 0.001417 +J(0) +M(C:0K, Fs:41, WS:164K # 0K, PF:136K # 0K, P:136K)
[5] 0.002276 +J(0) +M(C:0K, Fs:10, WS:40K # 0K, PF:0K # 0K, P:0K)
[6] -
[7] -
[8] -
[9] -
[10] -
[11] -
[12] -
[13] 0.005476 +J(0) +M(C:0K, Fs:19, WS:76K # 0K, PF:0K # 0K, P:0K)
[14] 0.000761 +J(0) +M(C:0K, Fs:5, WS:20K # 0K, PF:0K # 0K, P:0K)
[15] 0.000060 +J(0) +M(C:0K, Fs:18, WS:72K # 0K, PF:64K # 0K, P:64K)
[16] 0.000009 +J(0)."
"18-08-2026 09:43:54","102","Information","ESENT","Dell.TechHub.Instrumentation.SubAgent (13096,P,98,0) SrumDbReader: The database engine (6.02.9200.0000) is starting a new instance (0)."
"18-08-2026 09:43:52","8194","Error","VSS","Volume Shadow Copy Service error: Unexpected error querying for the IVssWriterCallback interface.  hr = 0x80070005, Access is denied.
. This is often caused by incorrect security settings in either the writer or requestor process. 

Operation:
   Gathering Writer Data

Context:
   Writer Class Id: {7e47b561-971a-46e6-96b9-696eeaa53b2a}
   Writer Name: MSMQ Writer (MSMQ)
   Writer Instance Name: MSMQ Writer (MSMQ)
   Writer Instance ID: {b28353da-b750-4d6b-a1a3-827bf6137d92}"
"18-08-2026 09:43:50","8231","Information","VSS","Volume Shadow Copy Service information: Snapshot creation initiated for Snapshot Set {5cc701e6-85ae-4b06-b2de-5457327a5bd3}.
 Process command line: ""C:\Windows\system32\esentutl.exe"" /y ""C:\Windows\system32\sru\SRUDB.dat"" /d ""C:\ProgramData\Dell\DTP\DB\SRUDBData\SRUDB_d9a036f1c8c441a8a01d435f2184f41d.dat"" /vss
 Process Caller Stack:
 Process[0]: esentutl.exe
 Process[1]: Dell.TechHub.Instrumentation.SubAgent.exe
 Process[2]: Dell.TechHub.exe
"
"18-08-2026 09:43:49","1001","Information","Windows Error Reporting","Fault bucket , type 0
Event Name: LiveKernelEvent
Response: Not available
Cab Id: 0

Problem signature:
P1: 193
P2: 80e
P3: ffffcf8aede16080
P4: ffffe3847ac44d70
P5: 0
P6: 10_0_26100
P7: 0_0
P8: 256_1
P9: 
P10: 

Attached files:
\\?\C:\Windows\LiveKernelReports\WATCHDOG\WATCHDOG-20260728-1739.dmp
\\?\C:\Windows\SystemTemp\WER-107417718-0.sysdata.xml
\\?\C:\ProgramData\Microsoft\Windows\WER\Temp\WER.a1bc6256-3f5c-4a2d-a9f0-6ec44cf0758d.tmp.xml

These files may be available here:
\\?\C:\ProgramData\Microsoft\Windows\WER\ReportQueue\Kernel_193_abd9cbf140bb5029fbabb5aa6c6c6f4af01df5bf_00000000_e47de6fb-dda6-43b7-95d8-4f271c908dcb

Analysis symbol: 
Rechecking for solution: 0
Report Id: e47de6fb-dda6-43b7-95d8-4f271c908dcb
Report Status: 2051
Hashed bucket: 
Cab Guid: 0"
"18-08-2026 09:43:48","1001","Information","Windows Error Reporting","Fault bucket , type 0
Event Name: LiveKernelEvent
Response: Not available
Cab Id: 0

Problem signature:
P1: 1b8
P2: a
P3: 0
P4: 0
P5: 0
P6: 10_0_26100
P7: 0_0
P8: 256_1
P9: 
P10: 

Attached files:
\\?\C:\Windows\LiveKernelReports\WATCHDOG4400\WATCHDOG4400-20260710-1300.dmp
\\?\C:\Windows\SystemTemp\WER-271939687-1.sysdata.xml
\\?\C:\ProgramData\Microsoft\Windows\WER\Temp\WER.276c67c4-a71e-4c67-814b-398383480957.tmp.WERInternalMetadata.xml
\\?\C:\ProgramData\Microsoft\Windows\WER\Temp\WER.45398fb5-7380-4396-8ea0-3bd53512c717.tmp.csv
\\?\C:\ProgramData\Microsoft\Windows\WER\Temp\WER.1ff4cbcb-ad49-4c05-b4f9-be4909d9c9f1.tmp.txt
\\?\C:\ProgramData\Microsoft\Windows\WER\Temp\WER.51bf8dab-e143-4be9-97b9-909d7b0fd11b.tmp.xml

These files may be available here:
\\?\C:\ProgramData\Microsoft\Windows\WER\ReportQueue\Kernel_1b8_8fa7e01760fd533c5dce8eb299b7ad27ad53e77_00000000_573d8d8f-c6bf-486a-b7db-af9469fa7aca

Analysis symbol: 
Rechecking for solution: 0
Report Id: 573d8d8f-c6bf-486a-b7db-af9469fa7aca
Report Status: 2051
Hashed bucket: 
Cab Guid: 0"
"18-08-2026 09:43:47","1001","Information","Windows Error Reporting","Fault bucket , type 0
Event Name: LiveKernelEvent
Response: Not available
Cab Id: 0

Problem signature:
P1: 1a8
P2: a
P3: 0
P4: 0
P5: 0
P6: 10_0_26100
P7: 0_0
P8: 256_1
P9: 
P10: 

Attached files:
\\?\C:\Windows\LiveKernelReports\WATCHDOG\WATCHDOG-20260710-1300.dmp
\\?\C:\Windows\SystemTemp\WER-271939578-0.sysdata.xml
\\?\C:\ProgramData\Microsoft\Windows\WER\Temp\WER.9d0f10c3-9411-4acf-bb31-6859c68be85c.tmp.WERInternalMetadata.xml
\\?\C:\ProgramData\Microsoft\Windows\WER\Temp\WER.92ebb8bc-f8a2-409d-bf16-af9d4e02171b.tmp.csv
\\?\C:\ProgramData\Microsoft\Windows\WER\Temp\WER.d6f5e5d3-6464-4bb3-bd6d-af4323b2bd28.tmp.txt
\\?\C:\ProgramData\Microsoft\Windows\WER\Temp\WER.bc08fce0-0a3b-4356-9c60-9d77cdfdf274.tmp.xml

These files may be available here:
\\?\C:\ProgramData\Microsoft\Windows\WER\ReportQueue\Kernel_1a8_3748bd66a7bb3ae96eac533a61a9ac86d47cc_00000000_ec33cea1-82be-4259-91f8-9fcce02ba34e

Analysis symbol: 
Rechecking for solution: 0
Report Id: ec33cea1-82be-4259-91f8-9fcce02ba34e
Report Status: 2051
Hashed bucket: 
Cab Guid: 0"
"18-08-2026 09:43:46","8194","Error","VSS","Volume Shadow Copy Service error: Unexpected error querying for the IVssWriterCallback interface.  hr = 0x80070005, Access is denied.
. This is often caused by incorrect security settings in either the writer or requestor process. 

Operation:
   Gathering Writer Data

Context:
   Writer Class Id: {7e47b561-971a-46e6-96b9-696eeaa53b2a}
   Writer Name: MSMQ Writer (MSMQ)
   Writer Instance Name: MSMQ Writer (MSMQ)
   Writer Instance ID: {b28353da-b750-4d6b-a1a3-827bf6137d92}"
"18-08-2026 09:43:18","1001","Information","Windows Error Reporting","Fault bucket , type 0
Event Name: LiveKernelEvent
Response: Not available
Cab Id: 0

Problem signature:
P1: 1a8
P2: a
P3: 0
P4: 0
P5: 0
P6: 10_0_26100
P7: 0_0
P8: 256_1
P9: 
P10: 

Attached files:
\\?\C:\Windows\LiveKernelReports\WATCHDOG\WATCHDOG-20260605-1132.dmp
\\?\C:\Windows\SystemTemp\WER-177493781-0.sysdata.xml
\\?\C:\ProgramData\Microsoft\Windows\WER\Temp\WER.7d595a1e-be1a-407e-9129-15b129663d18.tmp.WERInternalMetadata.xml
\\?\C:\ProgramData\Microsoft\Windows\WER\Temp\WER.0154dcde-260d-47f6-832d-ba1ab90745a3.tmp.csv
\\?\C:\ProgramData\Microsoft\Windows\WER\Temp\WER.3732cf1d-0f98-4752-a7b8-001c99f4d464.tmp.txt
\\?\C:\ProgramData\Microsoft\Windows\WER\Temp\WER.e778fd5f-f183-48dc-b2de-6998ab6638a1.tmp.xml

These files may be available here:
\\?\C:\ProgramData\Microsoft\Windows\WER\ReportQueue\Kernel_1a8_3748bd66a7bb3ae96eac533a61a9ac86d47cc_00000000_a2e929d0-2850-4380-898f-4dfd04c05c39

Analysis symbol: 
Rechecking for solution: 0
Report Id: a2e929d0-2850-4380-898f-4dfd04c05c39
Report Status: 2051
Hashed bucket: 
Cab Guid: 0"
"18-08-2026 09:42:55","1001","Information","Windows Error Reporting","Fault bucket , type 0
Event Name: LiveKernelEvent
Response: Not available
Cab Id: 0

Problem signature:
P1: 193
P2: 80e
P3: ffffa38c64a87080
P4: ffff8185b6ddaa20
P5: 0
P6: 10_0_26100
P7: 0_0
P8: 256_1
P9: 
P10: 

Attached files:
\\?\C:\Windows\LiveKernelReports\WATCHDOG\WATCHDOG-20260527-1052.dmp
\\?\C:\Windows\SystemTemp\WER-179535468-0.sysdata.xml
\\?\C:\ProgramData\Microsoft\Windows\WER\Temp\WER.ea643868-0ea8-4456-a323-8794ddfd284d.tmp.WERInternalMetadata.xml
\\?\C:\ProgramData\Microsoft\Windows\WER\Temp\WER.ee1fbebe-01de-4b58-b48a-010b870da1f5.tmp.csv
\\?\C:\ProgramData\Microsoft\Windows\WER\Temp\WER.426194b9-5279-4657-88b5-d2386d90185c.tmp.txt
\\?\C:\ProgramData\Microsoft\Windows\WER\Temp\WER.b587805b-274c-429e-b6fc-ba363711d14a.tmp.xml

These files may be available here:
\\?\C:\ProgramData\Microsoft\Windows\WER\ReportQueue\Kernel_193_fde6ca7bf15cd6bced14410b0b1972a766aba_00000000_ab53bcfd-f0a6-4eec-897b-bdc111b0593d

Analysis symbol: 
Rechecking for solution: 0
Report Id: ab53bcfd-f0a6-4eec-897b-bdc111b0593d
Report Status: 2051
Hashed bucket: 
Cab Guid: 0"
"18-08-2026 09:42:43","16394","Information","Microsoft-Windows-Security-SPP","Offline downlevel migration succeeded."
"18-08-2026 09:42:35","16384","Information","Microsoft-Windows-Security-SPP","Successfully scheduled Software Protection service for re-start at 2126-07-25T04:12:35Z. Reason: RulesEngine."
"18-08-2026 09:42:14","63","Information","Outlook","Outlook detected a change notification for your apps and will attempt to update them."
"18-08-2026 09:42:01","16394","Information","Microsoft-Windows-Security-SPP","Offline downlevel migration succeeded."
"18-08-2026 09:41:42","16384","Information","Microsoft-Windows-Security-SPP","Successfully scheduled Software Protection service for re-start at 2126-07-25T04:11:39Z. Reason: RulesEngine."
"18-08-2026 09:41:27","19","Information","IPF","ESIF(2.3.20303.5058) TYPE: INFO MODULE: IPF TIME 596366118 ms

    DPTF Build Version:  9.1.10009.1745    DPTF Build Date:  Mar 11 2026 16:58:52    Message:  EPO Modes Status:DC Endurance Gaming(Status: Disabled);DC Balanced(Status: Enabled);AC Balanced(Status: Enabled);AC Cool & Quiet(Status: Disabled); AC Efficiency(Status: Disabled); AC Performance(Status: Disabled); DC Cool & Quiet(Status: Disabled); DC Efficiency(Status: Disabled); DC Performance(Status: Disabled); AC Collaboration(Status: Enabled);DC Collaboration(Status: Enabled);AC VC IP Alignment(Status: Enabled);DC VC IP Alignment(Status: Enabled);AC Soc Assist(Status: Enabled);DC Soc Assist(Status: Enabled    Policy:  Energy Performance Optimizer Policy [2]        "
"18-08-2026 09:41:08","0","Information","edgeupdate","Service stopped."
"18-08-2026 09:41:07","16394","Information","Microsoft-Windows-Security-SPP","Offline downlevel migration succeeded."
"18-08-2026 09:41:05","16384","Information","Microsoft-Windows-Security-SPP","Successfully scheduled Software Protection service for re-start at 2126-07-25T04:10:05Z. Reason: RulesEngine."
"18-08-2026 09:41:03","38","Information","Outlook","Reconciliation completed for the following store: C:\Users\arjo5004\AppData\Local\Microsoft\Outlook\joe.prakash@nielseniq.com.nst. Stats: Added: 0, Deleted: 0, Modified: 0, Compared: 33, Queries: 0, Results: 0, Version: 16.0.20228.20014."
"18-08-2026 09:40:53","30","Information","Outlook","Starting reconciliation for the store C:\Users\arjo5004\AppData\Local\Microsoft\Outlook\joe.prakash@nielseniq.com.nst for the following reason: Indexing was disabled and then re-enabled."
"18-08-2026 09:40:48","3",,"ISH Offload Item Service",
"18-08-2026 09:40:48","3",,"ISH Offload Item Service",
"18-08-2026 09:40:48","3",,"ISH Offload Item Service",
"18-08-2026 06:22:53","3014","Information","MSSQL$BARTENDER","BACKUP DATABASE successfully processed 1385 pages in 0.372 seconds (29.069 MB/sec)."
"18-08-2026 06:22:50","18264","Information","MSSQL$BARTENDER","Database backed up. Database: Datastore, creation date(time): 2026/05/28(10:53:49), pages dumped: 1395, first LSN: 40:3059:1, last LSN: 40:3062:1, number of dump devices: 1, device information: (FILE=1, TYPE=DISK: {'C:\ProgramData\Seagull\System\Database\Backup\Backup2026.08.18.06.22.49.bak'}). This is an informational message only. No user action is required."
"17-08-2026 21:27:55","16394","Information","Microsoft-Windows-Security-SPP","Offline downlevel migration succeeded."
"17-08-2026 20:43:25","0","Information","edgeupdate","Service stopped."
"17-08-2026 20:43:23","16384","Information","Microsoft-Windows-Security-SPP","Successfully scheduled Software Protection service for re-start at 2126-07-24T15:13:23Z. Reason: RulesEngine."
"17-08-2026 20:42:53","16394","Information","Microsoft-Windows-Security-SPP","Offline downlevel migration succeeded."
"17-08-2026 20:31:47","16384","Information","Microsoft-Windows-Security-SPP","Successfully scheduled Software Protection service for re-start at 2126-07-24T15:01:47Z. Reason: RulesEngine."
"17-08-2026 20:31:17","16394","Information","Microsoft-Windows-Security-SPP","Offline downlevel migration succeeded."
"17-08-2026 20:08:52","16384","Information","Microsoft-Windows-Security-SPP","Successfully scheduled Software Protection service for re-start at 2126-07-24T14:38:52Z. Reason: RulesEngine."
"17-08-2026 20:08:22","16394","Information","Microsoft-Windows-Security-SPP","Offline downlevel migration succeeded."
"17-08-2026 19:58:25","16384","Information","Microsoft-Windows-Security-SPP","Successfully scheduled Software Protection service for re-start at 2126-07-24T14:28:25Z. Reason: RulesEngine."
"17-08-2026 19:57:47","16394","Information","Microsoft-Windows-Security-SPP","Offline downlevel migration succeeded."
"17-08-2026 19:54:50","15","Information","SecurityCenter","Updated Windows Defender status successfully to SECURITY_PRODUCT_STATE_ON."
"17-08-2026 19:44:02","0","Information","edgeupdate","Service stopped."
"17-08-2026 19:14:10","1001","Information","Windows Error Reporting","Fault bucket , type 0
Event Name: LiveKernelEvent
Response: Not available
Cab Id: 0

Problem signature:
P1: 193
P2: 80e
P3: ffffcf8aede16080
P4: ffffe3847ac44d70
P5: 0
P6: 10_0_26100
P7: 0_0
P8: 256_1
P9: 
P10: 

Attached files:
\\?\C:\Windows\LiveKernelReports\WATCHDOG\WATCHDOG-20260728-1739.dmp
\\?\C:\Windows\SystemTemp\WER-107417718-0.sysdata.xml
\\?\C:\ProgramData\Microsoft\Windows\WER\Temp\WER.a1bc6256-3f5c-4a2d-a9f0-6ec44cf0758d.tmp.xml

These files may be available here:
\\?\C:\ProgramData\Microsoft\Windows\WER\ReportQueue\Kernel_193_abd9cbf140bb5029fbabb5aa6c6c6f4af01df5bf_00000000_e47de6fb-dda6-43b7-95d8-4f271c908dcb

Analysis symbol: 
Rechecking for solution: 0
Report Id: e47de6fb-dda6-43b7-95d8-4f271c908dcb
Report Status: 2051
Hashed bucket: 
Cab Guid: 0"
"17-08-2026 19:14:10","1001","Information","Windows Error Reporting","Fault bucket , type 0
Event Name: LiveKernelEvent
Response: Not available
Cab Id: 0

Problem signature:
P1: 1b8
P2: a
P3: 0
P4: 0
P5: 0
P6: 10_0_26100
P7: 0_0
P8: 256_1
P9: 
P10: 

Attached files:
\\?\C:\Windows\LiveKernelReports\WATCHDOG4400\WATCHDOG4400-20260710-1300.dmp
\\?\C:\Windows\SystemTemp\WER-271939687-1.sysdata.xml
\\?\C:\ProgramData\Microsoft\Windows\WER\Temp\WER.276c67c4-a71e-4c67-814b-398383480957.tmp.WERInternalMetadata.xml
\\?\C:\ProgramData\Microsoft\Windows\WER\Temp\WER.45398fb5-7380-4396-8ea0-3bd53512c717.tmp.csv
\\?\C:\ProgramData\Microsoft\Windows\WER\Temp\WER.1ff4cbcb-ad49-4c05-b4f9-be4909d9c9f1.tmp.txt
\\?\C:\ProgramData\Microsoft\Windows\WER\Temp\WER.51bf8dab-e143-4be9-97b9-909d7b0fd11b.tmp.xml

These files may be available here:
\\?\C:\ProgramData\Microsoft\Windows\WER\ReportQueue\Kernel_1b8_8fa7e01760fd533c5dce8eb299b7ad27ad53e77_00000000_573d8d8f-c6bf-486a-b7db-af9469fa7aca

Analysis symbol: 
Rechecking for solution: 0
Report Id: 573d8d8f-c6bf-486a-b7db-af9469fa7aca
Report Status: 2051
Hashed bucket: 
Cab Guid: 0"
"17-08-2026 19:14:10","1001","Information","Windows Error Reporting","Fault bucket , type 0
Event Name: LiveKernelEvent
Response: Not available
Cab Id: 0

Problem signature:
P1: 1a8
P2: a
P3: 0
P4: 0
P5: 0
P6: 10_0_26100
P7: 0_0
P8: 256_1
P9: 
P10: 

Attached files:
\\?\C:\Windows\LiveKernelReports\WATCHDOG\WATCHDOG-20260710-1300.dmp
\\?\C:\Windows\SystemTemp\WER-271939578-0.sysdata.xml
\\?\C:\ProgramData\Microsoft\Windows\WER\Temp\WER.9d0f10c3-9411-4acf-bb31-6859c68be85c.tmp.WERInternalMetadata.xml
\\?\C:\ProgramData\Microsoft\Windows\WER\Temp\WER.92ebb8bc-f8a2-409d-bf16-af9d4e02171b.tmp.csv
\\?\C:\ProgramData\Microsoft\Windows\WER\Temp\WER.d6f5e5d3-6464-4bb3-bd6d-af4323b2bd28.tmp.txt
\\?\C:\ProgramData\Microsoft\Windows\WER\Temp\WER.bc08fce0-0a3b-4356-9c60-9d77cdfdf274.tmp.xml

These files may be available here:
\\?\C:\ProgramData\Microsoft\Windows\WER\ReportQueue\Kernel_1a8_3748bd66a7bb3ae96eac533a61a9ac86d47cc_00000000_ec33cea1-82be-4259-91f8-9fcce02ba34e

Analysis symbol: 
Rechecking for solution: 0
Report Id: ec33cea1-82be-4259-91f8-9fcce02ba34e
Report Status: 2051
Hashed bucket: 
Cab Guid: 0"
"17-08-2026 19:14:09","1001","Information","Windows Error Reporting","Fault bucket , type 0
Event Name: LiveKernelEvent
Response: Not available
Cab Id: 0

Problem signature:
P1: 1a8
P2: a
P3: 0
P4: 0
P5: 0
P6: 10_0_26100
P7: 0_0
P8: 256_1
P9: 
P10: 

Attached files:
\\?\C:\Windows\LiveKernelReports\WATCHDOG\WATCHDOG-20260605-1132.dmp
\\?\C:\Windows\SystemTemp\WER-177493781-0.sysdata.xml
\\?\C:\ProgramData\Microsoft\Windows\WER\Temp\WER.7d595a1e-be1a-407e-9129-15b129663d18.tmp.WERInternalMetadata.xml
\\?\C:\ProgramData\Microsoft\Windows\WER\Temp\WER.0154dcde-260d-47f6-832d-ba1ab90745a3.tmp.csv
\\?\C:\ProgramData\Microsoft\Windows\WER\Temp\WER.3732cf1d-0f98-4752-a7b8-001c99f4d464.tmp.txt
\\?\C:\ProgramData\Microsoft\Windows\WER\Temp\WER.e778fd5f-f183-48dc-b2de-6998ab6638a1.tmp.xml

These files may be available here:
\\?\C:\ProgramData\Microsoft\Windows\WER\ReportQueue\Kernel_1a8_3748bd66a7bb3ae96eac533a61a9ac86d47cc_00000000_a2e929d0-2850-4380-898f-4dfd04c05c39

Analysis symbol: 
Rechecking for solution: 0
Report Id: a2e929d0-2850-4380-898f-4dfd04c05c39
Report Status: 2051
Hashed bucket: 
Cab Guid: 0"
"17-08-2026 19:14:09","1001","Information","Windows Error Reporting","Fault bucket , type 0
Event Name: LiveKernelEvent
Response: Not available
Cab Id: 0

Problem signature:
P1: 193
P2: 80e
P3: ffffa38c64a87080
P4: ffff8185b6ddaa20
P5: 0
P6: 10_0_26100
P7: 0_0
P8: 256_1
P9: 
P10: 

Attached files:
\\?\C:\Windows\LiveKernelReports\WATCHDOG\WATCHDOG-20260527-1052.dmp
\\?\C:\Windows\SystemTemp\WER-179535468-0.sysdata.xml
\\?\C:\ProgramData\Microsoft\Windows\WER\Temp\WER.ea643868-0ea8-4456-a323-8794ddfd284d.tmp.WERInternalMetadata.xml
\\?\C:\ProgramData\Microsoft\Windows\WER\Temp\WER.ee1fbebe-01de-4b58-b48a-010b870da1f5.tmp.csv
\\?\C:\ProgramData\Microsoft\Windows\WER\Temp\WER.426194b9-5279-4657-88b5-d2386d90185c.tmp.txt
\\?\C:\ProgramData\Microsoft\Windows\WER\Temp\WER.b587805b-274c-429e-b6fc-ba363711d14a.tmp.xml

These files may be available here:
\\?\C:\ProgramData\Microsoft\Windows\WER\ReportQueue\Kernel_193_fde6ca7bf15cd6bced14410b0b1972a766aba_00000000_ab53bcfd-f0a6-4eec-897b-bdc111b0593d

Analysis symbol: 
Rechecking for solution: 0
Report Id: ab53bcfd-f0a6-4eec-897b-bdc111b0593d
Report Status: 2051
Hashed bucket: 
Cab Guid: 0"
"17-08-2026 19:07:37","16384","Information","Microsoft-Windows-Security-SPP","Successfully scheduled Software Protection service for re-start at 2126-07-24T13:37:37Z. Reason: RulesEngine."
"17-08-2026 19:07:06","16394","Information","Microsoft-Windows-Security-SPP","Offline downlevel migration succeeded."
"17-08-2026 18:43:26","0","Information","edgeupdate","Service stopped."
"17-08-2026 17:54:58","15","Information","SecurityCenter","Updated Windows Defender status successfully to SECURITY_PRODUCT_STATE_ON."
"17-08-2026 17:45:12","16384","Information","Microsoft-Windows-Security-SPP","Successfully scheduled Software Protection service for re-start at 2126-07-24T12:15:12Z. Reason: RulesEngine."
"17-08-2026 17:44:42","16394","Information","Microsoft-Windows-Security-SPP","Offline downlevel migration succeeded."
"17-08-2026 17:44:04","0","Information","edgeupdate","Service stopped."
"17-08-2026 17:30:50","1001","Information","Windows Error Reporting","Fault bucket , type 0
Event Name: LiveKernelEvent
Response: Not available
Cab Id: 0

Problem signature:
P1: 193
P2: 80e
P3: ffffcf8aede16080
P4: ffffe3847ac44d70
P5: 0
P6: 10_0_26100
P7: 0_0
P8: 256_1
P9: 
P10: 

Attached files:
\\?\C:\Windows\LiveKernelReports\WATCHDOG\WATCHDOG-20260728-1739.dmp
\\?\C:\Windows\SystemTemp\WER-107417718-0.sysdata.xml
\\?\C:\ProgramData\Microsoft\Windows\WER\Temp\WER.a1bc6256-3f5c-4a2d-a9f0-6ec44cf0758d.tmp.xml

These files may be available here:
\\?\C:\ProgramData\Microsoft\Windows\WER\ReportQueue\Kernel_193_abd9cbf140bb5029fbabb5aa6c6c6f4af01df5bf_00000000_e47de6fb-dda6-43b7-95d8-4f271c908dcb

Analysis symbol: 
Rechecking for solution: 0
Report Id: e47de6fb-dda6-43b7-95d8-4f271c908dcb
Report Status: 2051
Hashed bucket: 
Cab Guid: 0"
"17-08-2026 17:30:49","1001","Information","Windows Error Reporting","Fault bucket , type 0
Event Name: LiveKernelEvent
Response: Not available
Cab Id: 0

Problem signature:
P1: 1b8
P2: a
P3: 0
P4: 0
P5: 0
P6: 10_0_26100
P7: 0_0
P8: 256_1
P9: 
P10: 

Attached files:
\\?\C:\Windows\LiveKernelReports\WATCHDOG4400\WATCHDOG4400-20260710-1300.dmp
\\?\C:\Windows\SystemTemp\WER-271939687-1.sysdata.xml
\\?\C:\ProgramData\Microsoft\Windows\WER\Temp\WER.276c67c4-a71e-4c67-814b-398383480957.tmp.WERInternalMetadata.xml
\\?\C:\ProgramData\Microsoft\Windows\WER\Temp\WER.45398fb5-7380-4396-8ea0-3bd53512c717.tmp.csv
\\?\C:\ProgramData\Microsoft\Windows\WER\Temp\WER.1ff4cbcb-ad49-4c05-b4f9-be4909d9c9f1.tmp.txt
\\?\C:\ProgramData\Microsoft\Windows\WER\Temp\WER.51bf8dab-e143-4be9-97b9-909d7b0fd11b.tmp.xml

These files may be available here:
\\?\C:\ProgramData\Microsoft\Windows\WER\ReportQueue\Kernel_1b8_8fa7e01760fd533c5dce8eb299b7ad27ad53e77_00000000_573d8d8f-c6bf-486a-b7db-af9469fa7aca

Analysis symbol: 
Rechecking for solution: 0
Report Id: 573d8d8f-c6bf-486a-b7db-af9469fa7aca
Report Status: 2051
Hashed bucket: 
Cab Guid: 0"
"17-08-2026 17:30:49","1001","Information","Windows Error Reporting","Fault bucket , type 0
Event Name: LiveKernelEvent
Response: Not available
Cab Id: 0

Problem signature:
P1: 1a8
P2: a
P3: 0
P4: 0
P5: 0
P6: 10_0_26100
P7: 0_0
P8: 256_1
P9: 
P10: 

Attached files:
\\?\C:\Windows\LiveKernelReports\WATCHDOG\WATCHDOG-20260710-1300.dmp
\\?\C:\Windows\SystemTemp\WER-271939578-0.sysdata.xml
\\?\C:\ProgramData\Microsoft\Windows\WER\Temp\WER.9d0f10c3-9411-4acf-bb31-6859c68be85c.tmp.WERInternalMetadata.xml
\\?\C:\ProgramData\Microsoft\Windows\WER\Temp\WER.92ebb8bc-f8a2-409d-bf16-af9d4e02171b.tmp.csv
\\?\C:\ProgramData\Microsoft\Windows\WER\Temp\WER.d6f5e5d3-6464-4bb3-bd6d-af4323b2bd28.tmp.txt
\\?\C:\ProgramData\Microsoft\Windows\WER\Temp\WER.bc08fce0-0a3b-4356-9c60-9d77cdfdf274.tmp.xml

These files may be available here:
\\?\C:\ProgramData\Microsoft\Windows\WER\ReportQueue\Kernel_1a8_3748bd66a7bb3ae96eac533a61a9ac86d47cc_00000000_ec33cea1-82be-4259-91f8-9fcce02ba34e

Analysis symbol: 
Rechecking for solution: 0
Report Id: ec33cea1-82be-4259-91f8-9fcce02ba34e
Report Status: 2051
Hashed bucket: 
Cab Guid: 0"
"17-08-2026 17:30:49","1001","Information","Windows Error Reporting","Fault bucket , type 0
Event Name: LiveKernelEvent
Response: Not available
Cab Id: 0

Problem signature:
P1: 1a8
P2: a
P3: 0
P4: 0
P5: 0
P6: 10_0_26100
P7: 0_0
P8: 256_1
P9: 
P10: 

Attached files:
\\?\C:\Windows\LiveKernelReports\WATCHDOG\WATCHDOG-20260605-1132.dmp
\\?\C:\Windows\SystemTemp\WER-177493781-0.sysdata.xml
\\?\C:\ProgramData\Microsoft\Windows\WER\Temp\WER.7d595a1e-be1a-407e-9129-15b129663d18.tmp.WERInternalMetadata.xml
\\?\C:\ProgramData\Microsoft\Windows\WER\Temp\WER.0154dcde-260d-47f6-832d-ba1ab90745a3.tmp.csv
\\?\C:\ProgramData\Microsoft\Windows\WER\Temp\WER.3732cf1d-0f98-4752-a7b8-001c99f4d464.tmp.txt
\\?\C:\ProgramData\Microsoft\Windows\WER\Temp\WER.e778fd5f-f183-48dc-b2de-6998ab6638a1.tmp.xml

These files may be available here:
\\?\C:\ProgramData\Microsoft\Windows\WER\ReportQueue\Kernel_1a8_3748bd66a7bb3ae96eac533a61a9ac86d47cc_00000000_a2e929d0-2850-4380-898f-4dfd04c05c39

Analysis symbol: 
Rechecking for solution: 0
Report Id: a2e929d0-2850-4380-898f-4dfd04c05c39
Report Status: 2051
Hashed bucket: 
Cab Guid: 0"
"17-08-2026 17:30:49","1001","Information","Windows Error Reporting","Fault bucket , type 0
Event Name: LiveKernelEvent
Response: Not available
Cab Id: 0

Problem signature:
P1: 193
P2: 80e
P3: ffffa38c64a87080
P4: ffff8185b6ddaa20
P5: 0
P6: 10_0_26100
P7: 0_0
P8: 256_1
P9: 
P10: 

Attached files:
\\?\C:\Windows\LiveKernelReports\WATCHDOG\WATCHDOG-20260527-1052.dmp
\\?\C:\Windows\SystemTemp\WER-179535468-0.sysdata.xml
\\?\C:\ProgramData\Microsoft\Windows\WER\Temp\WER.ea643868-0ea8-4456-a323-8794ddfd284d.tmp.WERInternalMetadata.xml
\\?\C:\ProgramData\Microsoft\Windows\WER\Temp\WER.ee1fbebe-01de-4b58-b48a-010b870da1f5.tmp.csv
\\?\C:\ProgramData\Microsoft\Windows\WER\Temp\WER.426194b9-5279-4657-88b5-d2386d90185c.tmp.txt
\\?\C:\ProgramData\Microsoft\Windows\WER\Temp\WER.b587805b-274c-429e-b6fc-ba363711d14a.tmp.xml

These files may be available here:
\\?\C:\ProgramData\Microsoft\Windows\WER\ReportQueue\Kernel_193_fde6ca7bf15cd6bced14410b0b1972a766aba_00000000_ab53bcfd-f0a6-4eec-897b-bdc111b0593d

Analysis symbol: 
Rechecking for solution: 0
Report Id: ab53bcfd-f0a6-4eec-897b-bdc111b0593d
Report Status: 2051
Hashed bucket: 
Cab Guid: 0"
"17-08-2026 16:43:16","0","Information","edgeupdate","Service stopped."
"17-08-2026 16:39:47","16384","Information","Microsoft-Windows-Security-SPP","Successfully scheduled Software Protection service for re-start at 2126-07-24T11:09:47Z. Reason: RulesEngine."
"17-08-2026 16:39:17","16394","Information","Microsoft-Windows-Security-SPP","Offline downlevel migration succeeded."
"17-08-2026 15:43:28","0","Information","edgeupdate","Service stopped."
"17-08-2026 15:41:50","15","Information","SecurityCenter","Updated Windows Defender status successfully to SECURITY_PRODUCT_STATE_ON."
"17-08-2026 15:33:09","15","Information","SecurityCenter","Updated Windows Defender status successfully to SECURITY_PRODUCT_STATE_ON."
"17-08-2026 15:32:12","1022","Error",".NET Runtime",".NET Runtime version 4.0.30319.0 - There was a failure initializing profiling API attach infrastructure.  This process will not allow a profiler to attach.  HRESULT: 0x80004005.  Process ID (decimal): 33264.  Message ID: [0x2509]."
"17-08-2026 15:13:04","1022","Error",".NET Runtime",".NET Runtime version 4.0.30319.0 - There was a failure initializing profiling API attach infrastructure.  This process will not allow a profiler to attach.  HRESULT: 0x80004005.  Process ID (decimal): 10224.  Message ID: [0x2509]."
"17-08-2026 15:13:03","10024","Warning","Microsoft-Windows-Search","The filter host process 17808 did not respond and is being forcibly terminated. 
"
"17-08-2026 15:13:01","1022","Error",".NET Runtime",".NET Runtime version 4.0.30319.0 - There was a failure initializing profiling API attach infrastructure.  This process will not allow a profiler to attach.  HRESULT: 0x80004005.  Process ID (decimal): 15400.  Message ID: [0x2509]."
"17-08-2026 15:00:03","1022","Error",".NET Runtime",".NET Runtime version 4.0.30319.0 - There was a failure initializing profiling API attach infrastructure.  This process will not allow a profiler to attach.  HRESULT: 0x80004005.  Process ID (decimal): 18776.  Message ID: [0x2509]."
"17-08-2026 14:52:43","16384","Information","Microsoft-Windows-Security-SPP","Successfully scheduled Software Protection service for re-start at 2126-07-24T09:22:43Z. Reason: RulesEngine."
"17-08-2026 14:52:12","16394","Information","Microsoft-Windows-Security-SPP","Offline downlevel migration succeeded."
"17-08-2026 14:43:12","0","Information","edgeupdate","Service stopped."
"17-08-2026 14:25:48","30","Information","Outlook","Starting reconciliation for the store C:\Users\arjo5004\AppData\Local\Microsoft\Outlook\joe.prakash@nielseniq.com.nst for the following reason: Indexing was disabled and then re-enabled."
"17-08-2026 14:06:44","16384","Information","Microsoft-Windows-Security-SPP","Successfully scheduled Software Protection service for re-start at 2126-07-24T08:36:44Z. Reason: RulesEngine."
"17-08-2026 14:06:14","16394","Information","Microsoft-Windows-Security-SPP","Offline downlevel migration succeeded."
"17-08-2026 13:54:58","15","Information","SecurityCenter","Updated Windows Defender status successfully to SECURITY_PRODUCT_STATE_ON."
"17-08-2026 13:51:17","4096",,"VBScriptDeprecationAlert",
"17-08-2026 13:43:50","0","Information","edgeupdate","Service stopped."
"17-08-2026 13:43:21","16384","Information","Microsoft-Windows-Security-SPP","Successfully scheduled Software Protection service for re-start at 2126-07-24T08:13:21Z. Reason: RulesEngine."
"17-08-2026 13:42:47","1003","Information","Microsoft-Windows-Security-SPP","The Software Protection service has completed licensing status check.
Application Id=0ff1ce15-a989-479d-af46-f275c6370663
Licensing Status=
1: ff02e86c-fef0-4063-b39f-74275cddd7c3, 1, 0 [(0 [0xC004F014, 0, 0], [(?)(?)(?)(?)(?)(?)(?)(?)])(1 )(2 )(3 )]

"
"17-08-2026 13:42:47","1003","Information","Microsoft-Windows-Security-SPP","The Software Protection service has completed licensing status check.
Application Id=55c92734-d682-4d71-983e-d6ec3f16059f
Licensing Status=
1: fe74f55b-0338-41d6-b267-4a201abe7285, 1, 0 [(0 [0xC004F014, 0, 0], [(?)(?)(?)(?)(?)(?)(?)(?)])(1 )(2 )(3 )]

"
"17-08-2026 13:42:46","1003","Information","Microsoft-Windows-Security-SPP","The Software Protection service has completed licensing status check.
Application Id=0ff1ce15-a989-479d-af46-f275c6370663
Licensing Status=
1: fb61ac9a-1688-45d2-8f6b-0674dbffa33c, 1, 0 [(0 [0xC004F014, 0, 0], [(?)(?)(?)(?)(?)(?)(?)(?)])(1 )(2 )(3 )]

"
"17-08-2026 13:42:46","1003","Information","Microsoft-Windows-Security-SPP","The Software Protection service has completed licensing status check.
Application Id=55c92734-d682-4d71-983e-d6ec3f16059f
Licensing Status=
1: fa755fe6-6739-40b9-8d84-6d0ea3b6d1ab, 1, 0 [(0 [0xC004F014, 0, 0], [(?)(?)(?)(?)(?)(?)(?)(?)])(1 )(2 )(3 )]

"
"17-08-2026 13:42:45","1003","Information","Microsoft-Windows-Security-SPP","The Software Protection service has completed licensing status check.
Application Id=55c92734-d682-4d71-983e-d6ec3f16059f
Licensing Status=
1: f7af7d09-40e4-419c-a49b-eae366689ebd, 1, 0 [(0 [0xC004F014, 0, 0], [(?)(?)(?)(?)(?)(?)(?)(?)])(1 )(2 )(3 )]

"
"17-08-2026 13:42:44","1003","Information","Microsoft-Windows-Security-SPP","The Software Protection service has completed licensing status check.
Application Id=55c92734-d682-4d71-983e-d6ec3f16059f
Licensing Status=
1: ef51e000-2659-4f25-8345-3de70a9cf4c4, 1, 0 [(0 [0xC004F014, 0, 0], [(?)(?)(?)(?)(?)(?)(?)(?)])(1 )(2 )(3 )]

"
"17-08-2026 13:42:44","1003","Information","Microsoft-Windows-Security-SPP","The Software Protection service has completed licensing status check.
Application Id=0ff1ce15-a989-479d-af46-f275c6370663
Licensing Status=
1: ed967494-a18e-41a9-abb8-9030c51ba685, 1, 0 [(0 [0xC004F014, 0, 0], [(?)(?)(?)(?)(?)(?)(?)(?)])(1 )(2 )(3 )]

"
"17-08-2026 13:42:43","1003","Information","Microsoft-Windows-Security-SPP","The Software Protection service has completed licensing status check.
Application Id=55c92734-d682-4d71-983e-d6ec3f16059f
Licensing Status=
1: ec868e65-fadf-4759-b23e-93fe37f2cc29, 1, 0 [(0 [0xC004F014, 0, 0], [(?)(?)(?)(?)(?)(?)(?)(?)])(1 )(2 )(3 )]

"
"17-08-2026 13:42:43","1003","Information","Microsoft-Windows-Security-SPP","The Software Protection service has completed licensing status check.
Application Id=55c92734-d682-4d71-983e-d6ec3f16059f
Licensing Status=
1: eb6d346f-1c60-4643-b960-40ec31596c45, 1, 0 [(0 [0xC004F014, 0, 0], [(?)(?)(?)(?)(?)(?)(?)(?)])(1 )(2 )(3 )]

"
"17-08-2026 13:42:42","1003","Information","Microsoft-Windows-Security-SPP","The Software Protection service has completed licensing status check.
Application Id=55c92734-d682-4d71-983e-d6ec3f16059f
Licensing Status=
1: e7a950a2-e548-4f10-bf16-02ec848e0643, 1, 0 [(0 [0xC004F014, 0, 0], [(?)(?)(?)(?)(?)(?)(?)(?)])(1 )(2 )(3 )]

"
"17-08-2026 13:42:42","1003","Information","Microsoft-Windows-Security-SPP","The Software Protection service has completed licensing status check.
Application Id=55c92734-d682-4d71-983e-d6ec3f16059f
Licensing Status=
1: e558417a-5123-4f6f-91e7-385c1c7ca9d4, 1, 0 [(0 [0xC004F014, 0, 0], [(?)(?)(?)(?)(?)(?)(?)(?)])(1 )(2 )(3 )]

"
"17-08-2026 13:42:41","1003","Information","Microsoft-Windows-Security-SPP","The Software Protection service has completed licensing status check.
Application Id=0ff1ce15-a989-479d-af46-f275c6370663
Licensing Status=
1: e538d623-c066-433d-a6b7-e0708b1fadf7, 1, 0 [(0 [0xC004F014, 0, 0], [(?)(?)(?)(?)(?)(?)(?)(?)])(1 )(2 )(3 )]

"
"17-08-2026 13:42:41","1003","Information","Microsoft-Windows-Security-SPP","The Software Protection service has completed licensing status check.
Application Id=55c92734-d682-4d71-983e-d6ec3f16059f
Licensing Status=
1: e4db50ea-bda1-4566-b047-0ca50abc6f07, 1, 0 [(0 [0xC004F014, 0, 0], [(?)(?)(?)(?)(?)(?)(?)(?)])(1 )(2 )(3 )]

"
"17-08-2026 13:42:40","1003","Information","Microsoft-Windows-Security-SPP","The Software Protection service has completed licensing status check.
Application Id=0ff1ce15-a989-479d-af46-f275c6370663
Licensing Status=
1: e3dacc06-3bc2-4e13-8e59-8e05f3232325, 1, 0 [(0 [0xC004F014, 0, 0], [(?)(?)(?)(?)(?)(?)(?)(?)])(1 )(2 )(3 )]

"
"17-08-2026 13:42:40","1003","Information","Microsoft-Windows-Security-SPP","The Software Protection service has completed licensing status check.
Application Id=55c92734-d682-4d71-983e-d6ec3f16059f
Licensing Status=
1: e0c42288-980c-4788-a014-c080d2e1926e, 1, 0 [(0 [0xC004F014, 0, 0], [(?)(?)(?)(?)(?)(?)(?)(?)])(1 )(2 )(3 )]

"
"17-08-2026 13:42:39","1003","Information","Microsoft-Windows-Security-SPP","The Software Protection service has completed licensing status check.
Application Id=0ff1ce15-a989-479d-af46-f275c6370663
Licensing Status=
1: dfc5a8b0-e9fd-43f7-b4ca-d63f1e749711, 1, 0 [(0 [0xC004F014, 0, 0], [(?)(?)(?)(?)(?)(?)(?)(?)])(1 )(2 )(3 )]

"
"17-08-2026 13:42:39","1003","Information","Microsoft-Windows-Security-SPP","The Software Protection service has completed licensing status check.
Application Id=55c92734-d682-4d71-983e-d6ec3f16059f
Licensing Status=
1: df96023b-dcd9-4be2-afa0-c6c871159ebe, 1, 0 [(0 [0xC004F014, 0, 0], [(?)(?)(?)(?)(?)(?)(?)(?)])(1 )(2 )(3 )]

"
"17-08-2026 13:42:38","1003","Information","Microsoft-Windows-Security-SPP","The Software Protection service has completed licensing status check.
Application Id=55c92734-d682-4d71-983e-d6ec3f16059f
Licensing Status=
1: d6eadb3b-5ca8-4a6b-986e-35b550756111, 1, 0 [(0 [0xC004F014, 0, 0], [(?)(?)(?)(?)(?)(?)(?)(?)])(1 )(2 )(3 )]

"
"17-08-2026 13:42:37","1003","Information","Microsoft-Windows-Security-SPP","The Software Protection service has completed licensing status check.
Application Id=55c92734-d682-4d71-983e-d6ec3f16059f
Licensing Status=
1: d552befb-48cc-4327-8f39-47d2d94f987c, 1, 0 [(0 [0xC004F014, 0, 0], [(?)(?)(?)(?)(?)(?)(?)(?)])(1 )(2 )(3 )]

"
"17-08-2026 13:42:37","1003","Information","Microsoft-Windows-Security-SPP","The Software Protection service has completed licensing status check.
Application Id=0ff1ce15-a989-479d-af46-f275c6370663
Licensing Status=
1: d0c2bc53-db5f-4a9e-84ac-17c8862c27da, 1, 0 [(0 [0xC004F014, 0, 0], [(?)(?)(?)(?)(?)(?)(?)(?)])(1 )(2 )(3 )]

"
"17-08-2026 13:42:36","1003","Information","Microsoft-Windows-Security-SPP","The Software Protection service has completed licensing status check.
Application Id=0ff1ce15-a989-479d-af46-f275c6370663
Licensing Status=
1: cbecb6f5-da49-4029-be25-5945ac9750b3, 1, 0 [(0 [0xC004F014, 0, 0], [(?)(?)(?)(?)(?)(?)(?)(?)])(1 )(2 )(3 )]

"
"17-08-2026 13:42:36","1003","Information","Microsoft-Windows-Security-SPP","The Software Protection service has completed licensing status check.
Application Id=55c92734-d682-4d71-983e-d6ec3f16059f
Licensing Status=
1: ca7df2e3-5ea0-47b8-9ac1-b1be4d8edd69, 1, 0 [(0 [0xC004F014, 0, 0], [(?)(?)(?)(?)(?)(?)(?)(?)])(1 )(2 )(3 )]

"
"17-08-2026 13:42:35","1003","Information","Microsoft-Windows-Security-SPP","The Software Protection service has completed licensing status check.
Application Id=55c92734-d682-4d71-983e-d6ec3f16059f
Licensing Status=
1: c86d5194-4840-4dae-9c1c-0301003a5ab0, 1, 0 [(0 [0xC004F014, 0, 0], [(?)(?)(?)(?)(?)(?)(?)(?)])(1 )(2 )(3 )]

"
"17-08-2026 13:42:35","1003","Information","Microsoft-Windows-Security-SPP","The Software Protection service has completed licensing status check.
Application Id=0ff1ce15-a989-479d-af46-f275c6370663
Licensing Status=
1: c590605a-a08a-4cc7-8dc2-f1ffb3d06949, 1, 1 [(0 [0x00000000, 1, 0], [(?)( 1 0x00000000)(?)( 2 0x00000000 3 0 msft:rm/algorithm/hwid/4.0 0x00000000 0)(?)(?)(?)(?)])(1 )(2 )(3 )]

"
"17-08-2026 13:42:34","1003","Information","Microsoft-Windows-Security-SPP","The Software Protection service has completed licensing status check.
Application Id=55c92734-d682-4d71-983e-d6ec3f16059f
Licensing Status=
1: bd3762d7-270d-4760-8fb3-d829ca45278a, 1, 0 [(0 [0xC004F014, 0, 0], [(?)(?)(?)(?)(?)(?)(?)(?)])(1 )(2 )(3 )]

"
"17-08-2026 13:42:34","1003","Information","Microsoft-Windows-Security-SPP","The Software Protection service has completed licensing status check.
Application Id=0ff1ce15-a989-479d-af46-f275c6370663
Licensing Status=
1: b6b47040-b38e-4be2-bf6a-dabf0c41540a, 1, 0 [(0 [0xC004F014, 0, 0], [(?)(?)(?)(?)(?)(?)(?)(?)])(1 )(2 )(3 )]

"
"17-08-2026 13:42:33","1003","Information","Microsoft-Windows-Security-SPP","The Software Protection service has completed licensing status check.
Application Id=55c92734-d682-4d71-983e-d6ec3f16059f
Licensing Status=
1: b68e61d2-68ca-4757-be45-0cc2f3e68eee, 1, 0 [(0 [0xC004F014, 0, 0], [(?)(?)(?)(?)(?)(?)(?)(?)])(1 )(2 )(3 )]

"
"17-08-2026 13:42:33","1003","Information","Microsoft-Windows-Security-SPP","The Software Protection service has completed licensing status check.
Application Id=55c92734-d682-4d71-983e-d6ec3f16059f
Licensing Status=
1: b4bfe195-541e-4e64-ad23-6177f19e395e, 1, 0 [(0 [0xC004F014, 0, 0], [(?)(?)(?)(?)(?)(?)(?)(?)])(1 )(2 )(3 )]

"
"17-08-2026 13:42:32","1003","Information","Microsoft-Windows-Security-SPP","The Software Protection service has completed licensing status check.
Application Id=0ff1ce15-a989-479d-af46-f275c6370663
Licensing Status=
1: b27b3d00-9a95-4fcd-a0c2-118cbd5e699b, 1, 0 [(0 [0xC004F014, 0, 0], [(?)(?)(?)(?)(?)(?)(?)(?)])(1 )(2 )(3 )]

"
"17-08-2026 13:42:32","1003","Information","Microsoft-Windows-Security-SPP","The Software Protection service has completed licensing status check.
Application Id=55c92734-d682-4d71-983e-d6ec3f16059f
Licensing Status=
1: b0773a15-df3a-4312-9ad2-83d69648e356, 1, 0 [(0 [0xC004F014, 0, 0], [(?)(?)(?)(?)(?)(?)(?)(?)])(1 )(2 )(3 )]

"
"17-08-2026 13:42:31","1003","Information","Microsoft-Windows-Security-SPP","The Software Protection service has completed licensing status check.
Application Id=0ff1ce15-a989-479d-af46-f275c6370663
Licensing Status=
1: a8119e32-b17c-4bd3-8950-7d1853f4b412, 1, 0 [(0 [0xC004F014, 0, 0], [(?)(?)(?)(?)(?)(?)(?)(?)])(1 )(2 )(3 )]

"
"17-08-2026 13:42:31","1003","Information","Microsoft-Windows-Security-SPP","The Software Protection service has completed licensing status check.
Application Id=0ff1ce15-a989-479d-af46-f275c6370663
Licensing Status=
1: a56a3b37-3a35-4bbb-a036-eee5f1898eee, 1, 0 [(0 [0xC004F014, 0, 0], [(?)(?)(?)(?)(?)(?)(?)(?)])(1 )(2 )(3 )]

"
"17-08-2026 13:42:30","1003","Information","Microsoft-Windows-Security-SPP","The Software Protection service has completed licensing status check.
Application Id=55c92734-d682-4d71-983e-d6ec3f16059f
Licensing Status=
1: a48938aa-62fa-4966-9d44-9f04da3f72f2, 1, 0 [(0 [0xC004F014, 0, 0], [(?)(?)(?)(?)(?)(?)(?)(?)])(1 )(2 )(3 )]

"
"17-08-2026 13:42:29","1003","Information","Microsoft-Windows-Security-SPP","The Software Protection service has completed licensing status check.
Application Id=0ff1ce15-a989-479d-af46-f275c6370663
Licensing Status=
1: a3b44174-2451-4cd6-b25f-66638bfb9046, 1, 0 [(0 [0xC004F014, 0, 0], [(?)(?)(?)(?)(?)(?)(?)(?)])(1 )(2 )(3 )]

"
