"19-08-2026 12:04:59","16394","Information","Microsoft-Windows-Security-SPP","Offline downlevel migration succeeded."
"19-08-2026 12:01:43","103","Information","ESENT","Dell.TechHub.Instrumentation.SubAgent (3760,T,97,0) SrumDbReader: The database engine stopped the instance (0). 
 
Dirty Shutdown: 0 
 
Internal Timing Sequence: 
[1] 0.000005 +J(0)
[2] 0.000007 +J(0)
[3] 0.000002 +J(0)
[4] 0.000002 +J(0)
[5] 0.000017 +J(0)
[6] 0.000004 +J(0)
[7] 0.000009 +J(0)
[8] 0.000500 +J(0) +M(C:0K, Fs:1, WS:0K # 0K, PF:-4K # 0K, P:-4K)
[9] -
[10] -
[11] -
[12] -
[13] 0.000001 +J(0)
[14] 0.0 +J(0)
[15] 0.000002 +J(0)."
"19-08-2026 12:01:43","327","Information","ESENT","Dell.TechHub.Instrumentation.SubAgent (3760,D,51,0) SrumDbReader: The database engine detached a database (1, C:\ProgramData\Dell\DTP\DB\SRUDBData\SRUDB_5573e50f1db340e89a2f2c15e374e837.dat). (Time=0 seconds) 
 
Revived Cache: 0 0 
Additional Data:  
 
Internal Timing Sequence: 
[1] 0.000006 +J(0)
[2] 0.000001 +J(0)
[3] 0.000005 +J(0)
[4] 0.0 +J(0)
[5] 0.0 +J(0)
[6] 0.000025 +J(0) +M(C:0K, Fs:1, WS:4K # 0K, PF:0K # 0K, P:0K)
[7] 0.000035 +J(0)
[8] 0.000005 +J(0) +M(C:0K, Fs:1, WS:4K # 0K, PF:0K # 0K, P:0K)
[9] 0.000118 +J(0) +M(C:0K, Fs:0, WS:-20K # 0K, PF:-20K # 0K, P:-20K)
[10] 0.000054 +J(0)
[11] 0.000035 +J(0) +M(C:0K, Fs:0, WS:-4K # 0K, PF:-4K # 0K, P:-4K)."
"19-08-2026 12:01:42","326","Information","ESENT","Dell.TechHub.Instrumentation.SubAgent (3760,D,50,0) SrumDbReader: The database engine attached a database (1, C:\ProgramData\Dell\DTP\DB\SRUDBData\SRUDB_5573e50f1db340e89a2f2c15e374e837.dat). (Time=0 seconds) 
 
Saved Cache: 0 0 
Additional Data: ,
dbv = 1568.300.620 (9620) 
 
Internal Timing Sequence: 
[1] 0.000005 +J(0)
[2] 0.017277 -0.003281 (1) WT +J(0) +M(C:0K, Fs:17, WS:4K # 0K, PF:4K # 0K, P:4K)
[3] 0.003316 -0.001723 (2) WT +J(0) +M(C:0K, Fs:24, WS:92K # 0K, PF:128K # 0K, P:128K)
[4] 0.001000 +J(0) +M(C:0K, Fs:1, WS:4K # 0K, PF:0K # 0K, P:0K)
[5] -
[6] 0.001838 -0.000741 (3) CM -0.000379 (3) WT +J(CM:3, PgRf:3, Rd:0/3, Dy:0/0, Lg:0/0) +M(C:0K, Fs:53, WS:212K # 0K, PF:192K # 0K, P:192K)
[7] -
[8] 0.000367 -0.000237 (1) CM -0.000219 (1) WT +J(CM:1, PgRf:1, Rd:6/1, Dy:0/0, Lg:0/0) +M(C:24K, Fs:26, WS:104K # 0K, PF:216K # 0K, P:216K)
[9] -
[10] -
[11] -
[12] 0.000001 +J(0)
[13] 0.000287 -0.000250 (2) CM -0.000230 (2) WT +J(CM:2, PgRf:3, Rd:0/1, Dy:0/0, Lg:0/0) +M(C:0K, Fs:5, WS:20K # 0K, PF:0K # 0K, P:0K)
[14] 0.000002 +J(0) +M(C:0K, Fs:1, WS:4K # 0K, PF:0K # 0K, P:0K)
[15] 0.0 +J(0)
[16] 0.0 +J(0)
[17] 0.000122 -0.000035 (1) CM -0.000021 (1) WT +J(CM:1, PgRf:52, Rd:0/1, Dy:0/0, Lg:0/0) +M(C:-8K, Fs:19, WS:68K # 0K, PF:60K # 0K, P:60K)
[18] 0.0 +J(0)
[19] 0.0 +J(0)
[20] 0.000001 +J(0) +M(C:0K, Fs:1, WS:4K # 0K, PF:0K # 0K, P:0K)."
"19-08-2026 12:01:42","105","Information","ESENT","Dell.TechHub.Instrumentation.SubAgent (3760,D,0,0) SrumDbReader: The database engine started a new instance (0). (Time=0.003 seconds) 
 
Additional Data:
 RBSOn = 0
 
 
Internal Timing Sequence: 
[1] 0.000328 +J(0) +M(C:0K, Fs:71, WS:248K # 0K, PF:3100K # 0K, P:3100K)
[2] 0.000320 +J(0) +M(C:8K, Fs:3, WS:8K # 0K, PF:16K # 0K, P:16K)
[3] 0.000022 +J(0) +M(C:0K, Fs:1, WS:4K # 0K, PF:64K # 0K, P:64K)
[4] 0.000178 +J(0) +M(C:0K, Fs:18, WS:72K # 0K, PF:136K # 0K, P:136K)
[5] 0.001123 +J(0) +M(C:0K, Fs:215, WS:852K # 0K, PF:900K # 0K, P:900K)
[6] -
[7] -
[8] -
[9] -
[10] -
[11] -
[12] -
[13] 0.001148 +J(0)
[14] 0.000040 +J(0)
[15] 0.000092 +J(0) +M(C:0K, Fs:16, WS:64K # 0K, PF:64K # 0K, P:64K)
[16] 0.000010 +J(0)."
"19-08-2026 12:01:42","102","Information","ESENT","Dell.TechHub.Instrumentation.SubAgent (3760,P,98,0) SrumDbReader: The database engine (6.02.9200.0000) is starting a new instance (0)."
"19-08-2026 12:01:42","103","Information","ESENT","esentutl (10904,T,97,0) The database engine stopped the instance (0). 
 
Dirty Shutdown: 0 
 
Internal Timing Sequence: 
[1] 0.000002 +J(0)
[2] 0.000003 +J(0)
[3] 0.000001 +J(0)
[4] 0.000001 +J(0)
[5] 0.000007 +J(0)
[6] 0.0 +J(0)
[7] 0.000003 +J(0)
[8] 0.000959 +J(0) +M(C:0K, Fs:1, WS:-180K # 0K, PF:-332K # 0K, P:-332K)
[9] -
[10] -
[11] -
[12] -
[13] 0.000002 +J(0)
[14] 0.0 +J(0)
[15] 0.000006 +J(0)."
"19-08-2026 12:01:42","327","Information","ESENT","esentutl (10904,D,100,0) The database engine detached a database (2, C:\ProgramData\Dell\DTP\DB\SRUDBData\SRUDB_5573e50f1db340e89a2f2c15e374e837.dat). (Time=0 seconds) 
 
Revived Cache: 0 0 
Additional Data:  
 
Internal Timing Sequence: 
[1] 0.000001 +J(0)
[2] 0.0 +J(0)
[3] 0.000001 +J(0)
[4] 0.0 +J(0)
[5] 0.0 +J(0)
[6] 0.000321 +J(0)
[7] 0.000049 +J(0)
[8] 0.000138 +J(0)
[9] 0.003182 -0.000196 (5) WT +J(0) +M(C:0K, Fs:1, WS:-20K # 0K, PF:-20K # 0K, P:-20K)
[10] 0.000672 +J(0)
[11] 0.000006 +J(0) +M(C:0K, Fs:0, WS:-4K # 0K, PF:-4K # 0K, P:-4K)."
"19-08-2026 12:01:42","326","Information","ESENT","esentutl (10904,D,100,0) The database engine attached a database (2, C:\ProgramData\Dell\DTP\DB\SRUDBData\SRUDB_5573e50f1db340e89a2f2c15e374e837.dat). (Time=0 seconds) 
 
Saved Cache: 0 0 
Additional Data: ,
dbv = 1568.300.620 (9620) 
 
Internal Timing Sequence: 
[1] 0.000002 +J(0)
[2] 0.000892 -0.000093 (1) WT +J(0) +M(C:0K, Fs:17, WS:4K # 0K, PF:4K # 0K, P:4K)
[3] 0.014084 -0.000209 (5) WT +J(0) +M(C:0K, Fs:6, WS:20K # 0K, PF:20K # 0K, P:20K)
[4] 0.001559 +J(0)
[5] -
[6] 0.000004 +J(0)
[7] -
[8] 0.000045 +J(CM:0, PgRf:0, Rd:16/0, Dy:0/0, Lg:0/0)
[9] -
[10] -
[11] -
[12] 0.0 +J(0)
[13] 0.0 +J(0)
[14] 0.0 +J(0)
[15] 0.0 +J(0)
[16] 0.0 +J(0)
[17] 0.0 +J(0)
[18] 0.0 +J(0)
[19] 0.0 +J(0)
[20] 0.0 +J(0)."
"19-08-2026 12:01:42","327","Information","ESENT","esentutl (10904,D,100,0) The database engine detached a database (2, C:\ProgramData\Dell\DTP\DB\SRUDBData\SRUDB_5573e50f1db340e89a2f2c15e374e837.dat). (Time=0 seconds) 
 
Revived Cache: 0 0 
Additional Data:  
 
Internal Timing Sequence: 
[1] 0.000003 +J(0)
[2] 0.0 +J(0)
[3] 0.000002 +J(0)
[4] 0.0 +J(0)
[5] 0.0 +J(0)
[6] 0.002199 +J(0)
[7] 0.001648 +J(0) +M(C:0K, Fs:0, WS:-224K # 0K, PF:-232K # 0K, P:-232K)
[8] 0.000165 +J(0)
[9] 0.004622 -0.000297 (6) WT +J(0) +M(C:0K, Fs:3, WS:-20K # 0K, PF:-20K # 0K, P:-20K)
[10] 0.000642 +J(0)
[11] 0.000010 +J(0) +M(C:0K, Fs:0, WS:-4K # 0K, PF:-4K # 0K, P:-4K)."
"19-08-2026 12:01:42","326","Information","ESENT","esentutl (10904,D,100,0) The database engine attached a database (2, C:\ProgramData\Dell\DTP\DB\SRUDBData\SRUDB_5573e50f1db340e89a2f2c15e374e837.dat). (Time=0 seconds) 
 
Saved Cache: 0 0 
Additional Data: ,
dbv = 1568.300.620 (9620) 
 
Internal Timing Sequence: 
[1] 0.000002 +J(0)
[2] 0.001421 -0.000171 (1) WT +J(0) +M(C:0K, Fs:17, WS:4K # 0K, PF:4K # 0K, P:4K)
[3] 0.017223 -0.000335 (5) WT +J(0) +M(C:0K, Fs:6, WS:20K # 0K, PF:20K # 0K, P:20K)
[4] 0.002791 +J(0)
[5] -
[6] 0.000003 +J(0)
[7] -
[8] 0.000053 +J(CM:0, PgRf:0, Rd:16/0, Dy:0/0, Lg:0/0) +M(C:0K, Fs:2, WS:8K # 0K, PF:8K # 0K, P:8K)
[9] -
[10] -
[11] -
[12] 0.0 +J(0)
[13] 0.0 +J(0)
[14] 0.0 +J(0)
[15] 0.0 +J(0)
[16] 0.0 +J(0)
[17] 0.0 +J(0)
[18] 0.0 +J(0)
[19] 0.0 +J(0)
[20] 0.0 +J(0)."
"19-08-2026 12:01:42","327","Information","ESENT","esentutl (10904,D,100,0) The database engine detached a database (2, C:\ProgramData\Dell\DTP\DB\SRUDBData\SRUDB_5573e50f1db340e89a2f2c15e374e837.dat). (Time=0 seconds) 
 
Revived Cache: 0 0 
Additional Data:  
 
Internal Timing Sequence: 
[1] 0.000004 +J(0) +M(C:0K, Fs:2, WS:8K # 0K, PF:0K # 0K, P:0K)
[2] 0.0 +J(0)
[3] 0.000006 +J(0)
[4] 0.0 +J(0)
[5] 0.0 +J(0)
[6] 0.002127 +J(0) +M(C:0K, Fs:2, WS:8K # 0K, PF:0K # 0K, P:0K)
[7] 0.001326 +J(0) +M(C:0K, Fs:0, WS:-436K # 0K, PF:-444K # 0K, P:-444K)
[8] 0.000152 +J(0)
[9] 0.004955 -0.000419 (6) WT +J(0) +M(C:0K, Fs:3, WS:-20K # 0K, PF:-20K # 0K, P:-20K)
[10] 0.000683 +J(0)
[11] 0.000016 +J(0) +M(C:0K, Fs:0, WS:-4K # 0K, PF:-4K # 0K, P:-4K)."
"19-08-2026 12:01:40","326","Information","ESENT","esentutl (10904,D,100,0) The database engine attached a database (2, C:\ProgramData\Dell\DTP\DB\SRUDBData\SRUDB_5573e50f1db340e89a2f2c15e374e837.dat). (Time=0 seconds) 
 
Saved Cache: 0 0 
Additional Data: ,
dbv = 1568.300.620 (9620) 
 
Internal Timing Sequence: 
[1] 0.000001 +J(0)
[2] 0.000569 -0.000052 (1) WT +J(0) +M(C:0K, Fs:17, WS:4K # 68K, PF:4K # 64K, P:4K)
[3] 0.003931 -0.000051 (3) WT +J(0) +M(C:0K, Fs:15, WS:52K # 0K, PF:32K # 0K, P:32K)
[4] 0.003905 +J(0)
[5] -
[6] 0.000006 +J(0)
[7] -
[8] 0.000389 +J(CM:0, PgRf:0, Rd:1/0, Dy:0/0, Lg:0/0) +M(C:0K, Fs:15, WS:56K # 44K, PF:120K # 88K, P:120K)
[9] -
[10] -
[11] -
[12] 0.0 +J(0)
[13] 0.0 +J(0)
[14] 0.0 +J(0)
[15] 0.0 +J(0)
[16] 0.0 +J(0)
[17] 0.000001 +J(0)
[18] 0.0 +J(0)
[19] 0.0 +J(0)
[20] 0.0 +J(0)."
"19-08-2026 12:01:40","105","Information","ESENT","esentutl (10904,D,0,0) The database engine started a new instance (0). (Time=0.002 seconds) 
 
Additional Data:
 RBSOn = 0
 
 
Internal Timing Sequence: 
[1] 0.000216 +J(0) +M(C:0K, Fs:69, WS:252K # 0K, PF:3048K # 0K, P:3048K)
[2] 0.000406 +J(0) +M(C:8K, Fs:348, WS:1380K # 416K, PF:860K # 288K, P:860K)
[3] 0.000006 +J(0) +M(C:0K, Fs:1, WS:4K # 4K, PF:64K # 64K, P:64K)
[4] 0.000055 +J(0) +M(C:0K, Fs:27, WS:100K # 100K, PF:192K # 192K, P:192K)
[5] 0.000225 +J(0) +M(C:0K, Fs:4, WS:16K # 16K, PF:20K # 20K, P:20K)
[6] -
[7] -
[8] -
[9] -
[10] -
[11] -
[12] -
[13] 0.000930 +J(0) +M(C:0K, Fs:26, WS:104K # 104K, PF:0K # 0K, P:0K)
[14] 0.000010 +J(0) +M(C:0K, Fs:1, WS:4K # 4K, PF:0K # 0K, P:0K)
[15] 0.000027 +J(0) +M(C:0K, Fs:17, WS:68K # 68K, PF:64K # 64K, P:64K)
[16] 0.000001 +J(0)."
"19-08-2026 12:01:40","102","Information","ESENT","esentutl (10904,P,98,0) The database engine (10.00.26100.0000) is starting a new instance (0)."
"19-08-2026 12:01:40","103","Information","ESENT","Dell.TechHub.Instrumentation.SubAgent (3760,T,97,0) SrumDbReader: The database engine stopped the instance (0). 
 
Dirty Shutdown: 0 
 
Internal Timing Sequence: 
[1] 0.000005 +J(0)
[2] 0.000008 +J(0)
[3] 0.000001 +J(0)
[4] 0.000002 +J(0)
[5] 0.000014 +J(0)
[6] 0.000005 +J(0)
[7] 0.000009 +J(0)
[8] 0.000027 +J(0)
[9] -
[10] -
[11] -
[12] -
[13] 0.000001 +J(0)
[14] 0.0 +J(0)
[15] 0.000002 +J(0)."
"19-08-2026 12:01:40","105","Information","ESENT","Dell.TechHub.Instrumentation.SubAgent (3760,D,0,0) SrumDbReader: The database engine started a new instance (0). (Time=0.005 seconds) 
 
Additional Data:
 RBSOn = 0
 
 
Internal Timing Sequence: 
[1] 0.001032 +J(0) +M(C:0K, Fs:72, WS:252K # 0K, PF:3100K # 0K, P:3100K)
[2] 0.000301 +J(0) +M(C:8K, Fs:2, WS:4K # 0K, PF:16K # 0K, P:16K)
[3] 0.000028 +J(0) +M(C:0K, Fs:1, WS:4K # 0K, PF:64K # 0K, P:64K)
[4] 0.000261 +J(0) +M(C:0K, Fs:18, WS:72K # 0K, PF:136K # 0K, P:136K)
[5] 0.002118 +J(0) +M(C:0K, Fs:215, WS:852K # 0K, PF:900K # 0K, P:900K)
[6] -
[7] -
[8] -
[9] -
[10] -
[11] -
[12] -
[13] 0.001131 -0.000001 (1) WT +J(0)
[14] 0.000044 +J(0)
[15] 0.000163 +J(0) +M(C:0K, Fs:16, WS:64K # 0K, PF:64K # 0K, P:64K)
[16] 0.000015 +J(0)."
"19-08-2026 12:01:40","102","Information","ESENT","Dell.TechHub.Instrumentation.SubAgent (3760,P,98,0) SrumDbReader: The database engine (6.02.9200.0000) is starting a new instance (0)."
"19-08-2026 12:01:40","103","Information","ESENT","Dell.TechHub.Instrumentation.SubAgent (3760,T,97,0) SrumDbReader: The database engine stopped the instance (0). 
 
Dirty Shutdown: 0 
 
Internal Timing Sequence: 
[1] 0.000007 +J(0)
[2] 0.000013 +J(0) +M(C:0K, Fs:1, WS:4K # 0K, PF:0K # 0K, P:0K)
[3] 0.000001 +J(0)
[4] 0.000003 +J(0)
[5] 0.000020 +J(0)
[6] 0.000006 +J(0)
[7] 0.000012 +J(0)
[8] 0.000043 +J(0) +M(C:0K, Fs:1, WS:4K # 0K, PF:0K # 0K, P:0K)
[9] -
[10] -
[11] -
[12] -
[13] 0.000001 +J(0)
[14] 0.000001 +J(0)
[15] 0.000003 +J(0)."
"19-08-2026 12:01:40","105","Information","ESENT","Dell.TechHub.Instrumentation.SubAgent (3760,D,0,0) SrumDbReader: The database engine started a new instance (0). (Time=0.006 seconds) 
 
Additional Data:
 RBSOn = 0
 
 
Internal Timing Sequence: 
[1] 0.001699 +J(0) +M(C:0K, Fs:204, WS:780K # 0K, PF:3100K # 0K, P:3100K)
[2] 0.000766 +J(0) +M(C:8K, Fs:50, WS:196K # 0K, PF:24K # 0K, P:24K)
[3] 0.000040 +J(0) +M(C:0K, Fs:3, WS:12K # 0K, PF:64K # 0K, P:64K)
[4] 0.000341 +J(0) +M(C:0K, Fs:59, WS:232K # 0K, PF:1036K # 0K, P:1036K)
[5] 0.001869 +J(0) +M(C:0K, Fs:220, WS:876K # 0K, PF:0K # 0K, P:0K)
[6] -
[7] -
[8] -
[9] -
[10] -
[11] -
[12] -
[13] 0.001185 -0.000001 (1) WT +J(0) +M(C:0K, Fs:18, WS:72K # 0K, PF:0K # 0K, P:0K)
[14] 0.000016 +J(0) +M(C:0K, Fs:2, WS:8K # 0K, PF:0K # 0K, P:0K)
[15] 0.000029 +J(0) +M(C:0K, Fs:18, WS:72K # 0K, PF:64K # 0K, P:64K)
[16] 0.000002 +J(0)."
"19-08-2026 12:01:40","102","Information","ESENT","Dell.TechHub.Instrumentation.SubAgent (3760,P,98,0) SrumDbReader: The database engine (6.02.9200.0000) is starting a new instance (0)."
"19-08-2026 12:01:40","8194","Error","VSS","Volume Shadow Copy Service error: Unexpected error querying for the IVssWriterCallback interface.  hr = 0x80070005, Access is denied.
. This is often caused by incorrect security settings in either the writer or requestor process. 

Operation:
   Gathering Writer Data

Context:
   Writer Class Id: {7e47b561-971a-46e6-96b9-696eeaa53b2a}
   Writer Name: MSMQ Writer (MSMQ)
   Writer Instance Name: MSMQ Writer (MSMQ)
   Writer Instance ID: {33e0b7de-d7d0-4584-8d35-a9ad05ae7562}"
"19-08-2026 12:01:38","8231","Information","VSS","Volume Shadow Copy Service information: Snapshot creation initiated for Snapshot Set {8a23f3f3-70da-45f4-b0db-356dd3a51bda}.
 Process command line: ""C:\Windows\system32\esentutl.exe"" /y ""C:\Windows\system32\sru\SRUDB.dat"" /d ""C:\ProgramData\Dell\DTP\DB\SRUDBData\SRUDB_5573e50f1db340e89a2f2c15e374e837.dat"" /vss
 Process Caller Stack:
 Process[0]: esentutl.exe
 Process[1]: Dell.TechHub.Instrumentation.SubAgent.exe
 Process[2]: Dell.TechHub.exe
"
"19-08-2026 12:01:37","8194","Error","VSS","Volume Shadow Copy Service error: Unexpected error querying for the IVssWriterCallback interface.  hr = 0x80070005, Access is denied.
. This is often caused by incorrect security settings in either the writer or requestor process. 

Operation:
   Gathering Writer Data

Context:
   Writer Class Id: {7e47b561-971a-46e6-96b9-696eeaa53b2a}
   Writer Name: MSMQ Writer (MSMQ)
   Writer Instance Name: MSMQ Writer (MSMQ)
   Writer Instance ID: {33e0b7de-d7d0-4584-8d35-a9ad05ae7562}"
"19-08-2026 11:43:37","0","Information","edgeupdate","Service stopped."
"19-08-2026 11:40:36","1001","Information","Windows Error Reporting","Fault bucket , type 0
Event Name: LiveKernelEvent
Response: Not available
Cab Id: 0

Problem signature:
P1: 193
P2: 80e
P3: ffffcf8aede16080
P4: ffffe3847ac44d70
P5: 0
P6: 10_0_26100
P7: 0_0
P8: 256_1
P9: 
P10: 

Attached files:
\\?\C:\Windows\LiveKernelReports\WATCHDOG\WATCHDOG-20260728-1739.dmp
\\?\C:\Windows\SystemTemp\WER-107417718-0.sysdata.xml
\\?\C:\ProgramData\Microsoft\Windows\WER\Temp\WER.a1bc6256-3f5c-4a2d-a9f0-6ec44cf0758d.tmp.xml

These files may be available here:
\\?\C:\ProgramData\Microsoft\Windows\WER\ReportQueue\Kernel_193_abd9cbf140bb5029fbabb5aa6c6c6f4af01df5bf_00000000_e47de6fb-dda6-43b7-95d8-4f271c908dcb

Analysis symbol: 
Rechecking for solution: 0
Report Id: e47de6fb-dda6-43b7-95d8-4f271c908dcb
Report Status: 2051
Hashed bucket: 
Cab Guid: 0"
"19-08-2026 11:40:36","1001","Information","Windows Error Reporting","Fault bucket , type 0
Event Name: LiveKernelEvent
Response: Not available
Cab Id: 0

Problem signature:
P1: 1b8
P2: a
P3: 0
P4: 0
P5: 0
P6: 10_0_26100
P7: 0_0
P8: 256_1
P9: 
P10: 

Attached files:
\\?\C:\Windows\LiveKernelReports\WATCHDOG4400\WATCHDOG4400-20260710-1300.dmp
\\?\C:\Windows\SystemTemp\WER-271939687-1.sysdata.xml
\\?\C:\ProgramData\Microsoft\Windows\WER\Temp\WER.276c67c4-a71e-4c67-814b-398383480957.tmp.WERInternalMetadata.xml
\\?\C:\ProgramData\Microsoft\Windows\WER\Temp\WER.45398fb5-7380-4396-8ea0-3bd53512c717.tmp.csv
\\?\C:\ProgramData\Microsoft\Windows\WER\Temp\WER.1ff4cbcb-ad49-4c05-b4f9-be4909d9c9f1.tmp.txt
\\?\C:\ProgramData\Microsoft\Windows\WER\Temp\WER.51bf8dab-e143-4be9-97b9-909d7b0fd11b.tmp.xml

These files may be available here:
\\?\C:\ProgramData\Microsoft\Windows\WER\ReportQueue\Kernel_1b8_8fa7e01760fd533c5dce8eb299b7ad27ad53e77_00000000_573d8d8f-c6bf-486a-b7db-af9469fa7aca

Analysis symbol: 
Rechecking for solution: 0
Report Id: 573d8d8f-c6bf-486a-b7db-af9469fa7aca
Report Status: 2051
Hashed bucket: 
Cab Guid: 0"
"19-08-2026 11:40:36","1001","Information","Windows Error Reporting","Fault bucket , type 0
Event Name: LiveKernelEvent
Response: Not available
Cab Id: 0

Problem signature:
P1: 1a8
P2: a
P3: 0
P4: 0
P5: 0
P6: 10_0_26100
P7: 0_0
P8: 256_1
P9: 
P10: 

Attached files:
\\?\C:\Windows\LiveKernelReports\WATCHDOG\WATCHDOG-20260710-1300.dmp
\\?\C:\Windows\SystemTemp\WER-271939578-0.sysdata.xml
\\?\C:\ProgramData\Microsoft\Windows\WER\Temp\WER.9d0f10c3-9411-4acf-bb31-6859c68be85c.tmp.WERInternalMetadata.xml
\\?\C:\ProgramData\Microsoft\Windows\WER\Temp\WER.92ebb8bc-f8a2-409d-bf16-af9d4e02171b.tmp.csv
\\?\C:\ProgramData\Microsoft\Windows\WER\Temp\WER.d6f5e5d3-6464-4bb3-bd6d-af4323b2bd28.tmp.txt
\\?\C:\ProgramData\Microsoft\Windows\WER\Temp\WER.bc08fce0-0a3b-4356-9c60-9d77cdfdf274.tmp.xml

These files may be available here:
\\?\C:\ProgramData\Microsoft\Windows\WER\ReportQueue\Kernel_1a8_3748bd66a7bb3ae96eac533a61a9ac86d47cc_00000000_ec33cea1-82be-4259-91f8-9fcce02ba34e

Analysis symbol: 
Rechecking for solution: 0
Report Id: ec33cea1-82be-4259-91f8-9fcce02ba34e
Report Status: 2051
Hashed bucket: 
Cab Guid: 0"
"19-08-2026 11:40:36","1001","Information","Windows Error Reporting","Fault bucket , type 0
Event Name: LiveKernelEvent
Response: Not available
Cab Id: 0

Problem signature:
P1: 1a8
P2: a
P3: 0
P4: 0
P5: 0
P6: 10_0_26100
P7: 0_0
P8: 256_1
P9: 
P10: 

Attached files:
\\?\C:\Windows\LiveKernelReports\WATCHDOG\WATCHDOG-20260605-1132.dmp
\\?\C:\Windows\SystemTemp\WER-177493781-0.sysdata.xml
\\?\C:\ProgramData\Microsoft\Windows\WER\Temp\WER.7d595a1e-be1a-407e-9129-15b129663d18.tmp.WERInternalMetadata.xml
\\?\C:\ProgramData\Microsoft\Windows\WER\Temp\WER.0154dcde-260d-47f6-832d-ba1ab90745a3.tmp.csv
\\?\C:\ProgramData\Microsoft\Windows\WER\Temp\WER.3732cf1d-0f98-4752-a7b8-001c99f4d464.tmp.txt
\\?\C:\ProgramData\Microsoft\Windows\WER\Temp\WER.e778fd5f-f183-48dc-b2de-6998ab6638a1.tmp.xml

These files may be available here:
\\?\C:\ProgramData\Microsoft\Windows\WER\ReportQueue\Kernel_1a8_3748bd66a7bb3ae96eac533a61a9ac86d47cc_00000000_a2e929d0-2850-4380-898f-4dfd04c05c39

Analysis symbol: 
Rechecking for solution: 0
Report Id: a2e929d0-2850-4380-898f-4dfd04c05c39
Report Status: 2051
Hashed bucket: 
Cab Guid: 0"
"19-08-2026 11:40:35","1001","Information","Windows Error Reporting","Fault bucket , type 0
Event Name: LiveKernelEvent
Response: Not available
Cab Id: 0

Problem signature:
P1: 193
P2: 80e
P3: ffffa38c64a87080
P4: ffff8185b6ddaa20
P5: 0
P6: 10_0_26100
P7: 0_0
P8: 256_1
P9: 
P10: 

Attached files:
\\?\C:\Windows\LiveKernelReports\WATCHDOG\WATCHDOG-20260527-1052.dmp
\\?\C:\Windows\SystemTemp\WER-179535468-0.sysdata.xml
\\?\C:\ProgramData\Microsoft\Windows\WER\Temp\WER.ea643868-0ea8-4456-a323-8794ddfd284d.tmp.WERInternalMetadata.xml
\\?\C:\ProgramData\Microsoft\Windows\WER\Temp\WER.ee1fbebe-01de-4b58-b48a-010b870da1f5.tmp.csv
\\?\C:\ProgramData\Microsoft\Windows\WER\Temp\WER.426194b9-5279-4657-88b5-d2386d90185c.tmp.txt
\\?\C:\ProgramData\Microsoft\Windows\WER\Temp\WER.b587805b-274c-429e-b6fc-ba363711d14a.tmp.xml

These files may be available here:
\\?\C:\ProgramData\Microsoft\Windows\WER\ReportQueue\Kernel_193_fde6ca7bf15cd6bced14410b0b1972a766aba_00000000_ab53bcfd-f0a6-4eec-897b-bdc111b0593d

Analysis symbol: 
Rechecking for solution: 0
Report Id: ab53bcfd-f0a6-4eec-897b-bdc111b0593d
Report Status: 2051
Hashed bucket: 
Cab Guid: 0"
"19-08-2026 11:19:22","16384","Information","Microsoft-Windows-Security-SPP","Successfully scheduled Software Protection service for re-start at 2126-07-26T05:48:22Z. Reason: RulesEngine."
"19-08-2026 11:18:51","16394","Information","Microsoft-Windows-Security-SPP","Offline downlevel migration succeeded."
"19-08-2026 11:17:51","1000","Information",".NET Runtime","CLABP:
Device:                    Speakers (4- Cirrus Logic XU) {0.0.0.00000000}.{45d28dc2-5526-4063-98de-2b18fc40ed90} - Speakers
UseCase Name:              Deafault low volume retune
EFX Left:                  
EFX Right:                 
EFX Left Version:          
EFX Right Version:         
MFX Default Left:          
MFX Default Right:         
MFX Default Left Version:  
MFX Default Right Version: 
MFX Media Left:            
MFX Media Right:           
MFX Media Left Version:    
MFX Media Right Version:   
Apps:                      
Contortions:               
Orientations:              
Display Orientations:      
Min Volume:                
Endpoints:                 Speakers"
"19-08-2026 11:15:08","1000","Information",".NET Runtime","CLABP:
Device:                    Speakers (4- Cirrus Logic XU) {0.0.0.00000000}.{45d28dc2-5526-4063-98de-2b18fc40ed90} - Speakers
UseCase Name:              Teams VoIP
EFX Left:                  
EFX Right:                 
EFX Left Version:          
EFX Right Version:         
MFX Default Left:          
MFX Default Right:         
MFX Default Left Version:  
MFX Default Right Version: 
MFX Media Left:            
MFX Media Right:           
MFX Media Left Version:    
MFX Media Right Version:   
Apps:                      teams
Contortions:               
Orientations:              
Display Orientations:      
Min Volume:                
Endpoints:                 Speakers"
"19-08-2026 11:06:49","16384","Information","Microsoft-Windows-Security-SPP","Successfully scheduled Software Protection service for re-start at 2126-07-26T05:36:49Z. Reason: RulesEngine."
"19-08-2026 11:06:18","16394","Information","Microsoft-Windows-Security-SPP","Offline downlevel migration succeeded."
"19-08-2026 10:46:05","1022","Error",".NET Runtime",".NET Runtime version 4.0.30319.0 - There was a failure initializing profiling API attach infrastructure.  This process will not allow a profiler to attach.  HRESULT: 0x80004005.  Process ID (decimal): 6840.  Message ID: [0x2509]."
"19-08-2026 10:44:17","16384","Information","Microsoft-Windows-Security-SPP","Successfully scheduled Software Protection service for re-start at 2126-07-26T05:14:17Z. Reason: RulesEngine."
"19-08-2026 10:43:56","0","Information","edgeupdate","Service stopped."
"19-08-2026 10:43:29","16394","Information","Microsoft-Windows-Security-SPP","Offline downlevel migration succeeded."
"19-08-2026 10:39:56","16384","Information","Microsoft-Windows-Security-SPP","Successfully scheduled Software Protection service for re-start at 2126-07-26T05:09:56Z. Reason: RulesEngine."
"19-08-2026 10:39:26","1033","Information","Microsoft-Windows-Security-SPP","These policies are being excluded since they are only defined with override-only attribute.
Policy Names=(Security-SPP-Reserved-EnableNotificationMode) 
App Id=55c92734-d682-4d71-983e-d6ec3f16059f
Sku Id=4de7cb65-cdf1-4de9-8ae8-e3cce27b9f2c"
"19-08-2026 10:39:26","1034","Information","Microsoft-Windows-Security-SPP","Duplicate definition of policy found. Policy name=Security-SPP-WriteWauMarker  Priority=500"
"19-08-2026 10:39:26","1034","Information","Microsoft-Windows-Security-SPP","Duplicate definition of policy found. Policy name=AAD-AddDeviceJoinUserToAdminGroup-Policy  Priority=100"
"19-08-2026 10:39:26","1034","Information","Microsoft-Windows-Security-SPP","Duplicate definition of policy found. Policy name=AAD-AddDeviceJoinUserToAdminGroup-Policy  Priority=100"
"19-08-2026 10:39:26","1034","Information","Microsoft-Windows-Security-SPP","Duplicate definition of policy found. Policy name=AAD-AddDeviceJoinUserToAdminGroup-Policy  Priority=100"
"19-08-2026 10:39:26","1034","Information","Microsoft-Windows-Security-SPP","Duplicate definition of policy found. Policy name=AAD-AddDeviceJoinUserToAdminGroup-Policy  Priority=100"
"19-08-2026 10:39:26","1034","Information","Microsoft-Windows-Security-SPP","Duplicate definition of policy found. Policy name=AAD-AddDeviceJoinUserToAdminGroup-Policy  Priority=100"
"19-08-2026 10:39:26","1034","Information","Microsoft-Windows-Security-SPP","Duplicate definition of policy found. Policy name=AAD-AddDeviceJoinUserToAdminGroup-Policy  Priority=100"
"19-08-2026 10:39:26","1034","Information","Microsoft-Windows-Security-SPP","Duplicate definition of policy found. Policy name=AAD-AddDeviceJoinUserToAdminGroup-Policy  Priority=100"
"19-08-2026 10:39:26","1034","Information","Microsoft-Windows-Security-SPP","Duplicate definition of policy found. Policy name=AAD-AddDeviceJoinUserToAdminGroup-Policy  Priority=100"
"19-08-2026 10:39:26","1034","Information","Microsoft-Windows-Security-SPP","Duplicate definition of policy found. Policy name=AAD-AddDeviceJoinUserToAdminGroup-Policy  Priority=100"
"19-08-2026 10:39:26","1034","Information","Microsoft-Windows-Security-SPP","Duplicate definition of policy found. Policy name=AAD-AddDeviceJoinUserToAdminGroup-Policy  Priority=100"
"19-08-2026 10:39:26","1034","Information","Microsoft-Windows-Security-SPP","Duplicate definition of policy found. Policy name=AAD-AddDeviceJoinUserToAdminGroup-Policy  Priority=100"
"19-08-2026 10:39:25","16394","Information","Microsoft-Windows-Security-SPP","Offline downlevel migration succeeded."
"19-08-2026 10:35:37","256","Information","Chrome","[15712:17844:0819/103537.229:INFO:chrome\browser\extensions\extension_garbage_collector.cc:188] Garbage collection for extensions on file thread is complete."
"19-08-2026 10:35:20","16384","Information","Microsoft-Windows-Security-SPP","Successfully scheduled Software Protection service for re-start at 2126-07-26T05:05:19Z. Reason: RulesEngine."
"19-08-2026 10:34:49","16394","Information","Microsoft-Windows-Security-SPP","Offline downlevel migration succeeded."
"19-08-2026 10:18:26","10001","Information","Microsoft-Windows-RestartManager","Ending session 0 started ‎2026‎-‎08‎-‎19T04:48:26.420534600Z."
"19-08-2026 10:18:26","10005","Information","Microsoft-Windows-RestartManager","Machine restart is required."
"19-08-2026 10:18:26","10010","Warning","Microsoft-Windows-RestartManager","Application 'C:\Program Files\Zscaler\ZSATray\ZSATray.exe' (pid 4068) cannot be restarted - Application SID does not match Conductor SID.."
"19-08-2026 10:18:26","10000","Information","Microsoft-Windows-RestartManager","Starting session 0 - ‎2026‎-‎08‎-‎19T04:48:26.420534600Z."
"19-08-2026 10:18:09","87","Error","Microsoft-Windows-CertificateServicesClient-CertEnroll","SCEP Certificate enrollment for Local system via https://STM-KeyId-662d8f1cecdff147a8b6f0ea296af7f24cadf9cf-v2.microsoftaik.azure.net/templates/Aik/scep failed:

PkiStatus(11): SCEPDispositionPendingChallenge
EnrollStatus(32): EnrollUnknown
The operation completed successfully. 0x0 (WIN32: 0)
SubmitDone
SubmitV2Attestation: Bad Request
{""Message"":""V2 Protocol AIK certificate requests with P-256 ECC public keys are not supported. Public key algorithm: 1.2.840.10045.2.1, Key length: 256.""}
HTTP/1.1 400 Bad Request
Date: Wed, 19 Aug 2026 04:48:08 GMT
Content-Length: 154
Content-Type: application/json; charset=utf-8
X-Content-Type-Options: nosniff
Strict-Transport-Security: max-age=31536000;includeSubDomains
x-ms-request-id: 7507ec85-b0ab-413b-8436-78d950b62b5a

Method: POST(3218ms)
Stage: SubmitDone
Bad request (400). 0x80190190 (-2145844848 HTTP_E_STATUS_BAD_REQUEST)"
"19-08-2026 10:17:29","8224","Information","VSS","The VSS service is shutting down due to idle timeout. "
"19-08-2026 10:16:57","16384","Information","Microsoft-Windows-Security-SPP","Successfully scheduled Software Protection service for re-start at 2126-07-26T04:46:57Z. Reason: RulesEngine."
"19-08-2026 10:16:27","16394","Information","Microsoft-Windows-Security-SPP","Offline downlevel migration succeeded."
"19-08-2026 10:16:25","10001","Information","Microsoft-Windows-RestartManager","Ending session 0 started ‎2026‎-‎08‎-‎19T04:46:21.094507400Z."
"19-08-2026 10:16:25","10001","Information","Microsoft-Windows-RestartManager","Ending session 0 started ‎2026‎-‎08‎-‎19T04:46:10.832475700Z."
"19-08-2026 10:16:25","1042","Information","MsiInstaller","Ending a Windows Installer transaction: {008A60AE-D44F-4260-8190-AD1BED94E5DF}. Client Process Id: 12140."
"19-08-2026 10:16:25","1034","Information","MsiInstaller","Windows Installer removed the product. Product Name: Microsoft .NET Runtime - 8.0.29 (x64). Product Version: 64.116.55299. Product Language: 1033. Manufacturer: Microsoft Corporation. Removal success or error status: 0."
"19-08-2026 10:16:25","11724","Information","MsiInstaller","Product: Microsoft .NET Runtime - 8.0.29 (x64) -- Removal completed successfully."
"19-08-2026 10:16:21","10005","Information","Microsoft-Windows-RestartManager","Machine restart is required."
"19-08-2026 10:16:21","10010","Warning","Microsoft-Windows-RestartManager","Application 'C:\Program Files\Dell\Dell Display and Peripheral Manager\Plugins\Subagent\DDPM.Subagent.User.exe' (pid 21568) cannot be restarted - Application SID does not match Conductor SID.."
"19-08-2026 10:16:21","10000","Information","Microsoft-Windows-RestartManager","Starting session 0 - ‎2026‎-‎08‎-‎19T04:46:21.094507400Z."
"19-08-2026 10:16:21","10005","Information","Microsoft-Windows-RestartManager","Machine restart is required."
"19-08-2026 10:16:21","10010","Warning","Microsoft-Windows-RestartManager","Application 'C:\Program Files\Dell\Dell Display and Peripheral Manager\Plugins\Subagent\DDPM.Subagent.User.exe' (pid 21568) cannot be restarted - Application SID does not match Conductor SID.."
"19-08-2026 10:16:10","10000","Information","Microsoft-Windows-RestartManager","Starting session 0 - ‎2026‎-‎08‎-‎19T04:46:10.832475700Z."
"19-08-2026 10:16:10","1040","Information","MsiInstaller","Beginning a Windows Installer transaction: {008A60AE-D44F-4260-8190-AD1BED94E5DF}. Client Process Id: 12140."
"19-08-2026 10:16:10","10001","Information","Microsoft-Windows-RestartManager","Ending session 0 started ‎2026‎-‎08‎-‎19T04:46:10.252783600Z."
"19-08-2026 10:16:10","10000","Information","Microsoft-Windows-RestartManager","Starting session 0 - ‎2026‎-‎08‎-‎19T04:46:10.252783600Z."
"19-08-2026 10:16:10","1042","Information","MsiInstaller","Ending a Windows Installer transaction: {AB48661D-072A-4D25-82C0-B15A271B3B3A}. Client Process Id: 12140."
"19-08-2026 10:16:10","1034","Information","MsiInstaller","Windows Installer removed the product. Product Name: Microsoft .NET Host FX Resolver - 8.0.29 (x64). Product Version: 64.116.55299. Product Language: 1033. Manufacturer: Microsoft Corporation. Removal success or error status: 0."
"19-08-2026 10:16:10","11724","Information","MsiInstaller","Product: Microsoft .NET Host FX Resolver - 8.0.29 (x64) -- Removal completed successfully."
"19-08-2026 10:16:10","1040","Information","MsiInstaller","Beginning a Windows Installer transaction: {AB48661D-072A-4D25-82C0-B15A271B3B3A}. Client Process Id: 12140."
"19-08-2026 10:15:54","10001","Information","Microsoft-Windows-RestartManager","Ending session 0 started ‎2026‎-‎08‎-‎19T04:45:49.895699400Z."
"19-08-2026 10:15:54","16384","Information","Microsoft-Windows-Security-SPP","Successfully scheduled Software Protection service for re-start at 2126-07-26T04:45:54Z. Reason: RulesEngine."
"19-08-2026 10:15:54","1042","Information","MsiInstaller","Ending a Windows Installer transaction: {A5DA29AC-BB7A-4432-988F-D52D203C348B}. Client Process Id: 23988."
"19-08-2026 10:15:54","1034","Information","MsiInstaller","Windows Installer removed the product. Product Name: Microsoft .NET Runtime - 8.0.29 (x86). Product Version: 64.116.55299. Product Language: 1033. Manufacturer: Microsoft Corporation. Removal success or error status: 0."
"19-08-2026 10:15:54","11724","Information","MsiInstaller","Product: Microsoft .NET Runtime - 8.0.29 (x86) -- Removal completed successfully."
"19-08-2026 10:15:49","10000","Information","Microsoft-Windows-RestartManager","Starting session 0 - ‎2026‎-‎08‎-‎19T04:45:49.895699400Z."
"19-08-2026 10:15:49","10001","Information","Microsoft-Windows-RestartManager","Ending session 0 started ‎2026‎-‎08‎-‎19T04:45:49.337409000Z."
"19-08-2026 10:15:49","10000","Information","Microsoft-Windows-RestartManager","Starting session 0 - ‎2026‎-‎08‎-‎19T04:45:49.337409000Z."
"19-08-2026 10:15:49","1040","Information","MsiInstaller","Beginning a Windows Installer transaction: {A5DA29AC-BB7A-4432-988F-D52D203C348B}. Client Process Id: 23988."
"19-08-2026 10:15:49","1042","Information","MsiInstaller","Ending a Windows Installer transaction: {7D51133B-C855-49EF-ACF2-B701C09CBAFB}. Client Process Id: 23988."
"19-08-2026 10:15:49","1034","Information","MsiInstaller","Windows Installer removed the product. Product Name: Microsoft .NET Host FX Resolver - 8.0.29 (x86). Product Version: 64.116.55299. Product Language: 1033. Manufacturer: Microsoft Corporation. Removal success or error status: 0."
"19-08-2026 10:15:49","11724","Information","MsiInstaller","Product: Microsoft .NET Host FX Resolver - 8.0.29 (x86) -- Removal completed successfully."
"19-08-2026 10:15:49","1040","Information","MsiInstaller","Beginning a Windows Installer transaction: {7D51133B-C855-49EF-ACF2-B701C09CBAFB}. Client Process Id: 23988."
"19-08-2026 10:15:41","10001","Information","Microsoft-Windows-RestartManager","Ending session 0 started ‎2026‎-‎08‎-‎19T04:45:36.110952800Z."
"19-08-2026 10:15:41","10001","Information","Microsoft-Windows-RestartManager","Ending session 0 started ‎2026‎-‎08‎-‎19T04:45:33.274467000Z."
"19-08-2026 10:15:41","1042","Information","MsiInstaller","Ending a Windows Installer transaction: {F7A0E757-A368-44E4-A62B-C1A1954375AE}. Client Process Id: 26816."
"19-08-2026 10:15:41","1034","Information","MsiInstaller","Windows Installer removed the product. Product Name: Microsoft Windows Desktop Runtime - 8.0.29 (x64). Product Version: 64.116.55314. Product Language: 1033. Manufacturer: Microsoft Corporation. Removal success or error status: 0."
"19-08-2026 10:15:41","11724","Information","MsiInstaller","Product: Microsoft Windows Desktop Runtime - 8.0.29 (x64) -- Removal completed successfully."
"19-08-2026 10:15:36","10005","Information","Microsoft-Windows-RestartManager","Machine restart is required."
"19-08-2026 10:15:36","10010","Warning","Microsoft-Windows-RestartManager","Application 'C:\Program Files\Dell\Dell Display and Peripheral Manager\Plugins\Subagent\DDPM.Subagent.User.exe' (pid 21568) cannot be restarted - Application SID does not match Conductor SID.."
"19-08-2026 10:15:36","10000","Information","Microsoft-Windows-RestartManager","Starting session 0 - ‎2026‎-‎08‎-‎19T04:45:36.110952800Z."
"19-08-2026 10:15:36","10005","Information","Microsoft-Windows-RestartManager","Machine restart is required."
"19-08-2026 10:15:36","10010","Warning","Microsoft-Windows-RestartManager","Application 'C:\Program Files\Dell\Dell Display and Peripheral Manager\Plugins\Subagent\DDPM.Subagent.User.exe' (pid 21568) cannot be restarted - Application SID does not match Conductor SID.."
"19-08-2026 10:15:33","10000","Information","Microsoft-Windows-RestartManager","Starting session 0 - ‎2026‎-‎08‎-‎19T04:45:33.274467000Z."
"19-08-2026 10:15:32","10001","Information","Microsoft-Windows-RestartManager","Ending session 0 started ‎2026‎-‎08‎-‎19T04:45:27.611254400Z."
"19-08-2026 10:15:33","1040","Information","MsiInstaller","Beginning a Windows Installer transaction: {F7A0E757-A368-44E4-A62B-C1A1954375AE}. Client Process Id: 26816."
"19-08-2026 10:15:32","1042","Information","MsiInstaller","Ending a Windows Installer transaction: C:\ProgramData\Package Cache\{6784D4C7-0D5A-468F-A27D-4B687DC16EFF}v64.120.56881\windowsdesktop-runtime-8.0.30-win-x64.msi. Client Process Id: 15640."
"19-08-2026 10:15:32","1033","Information","MsiInstaller","Windows Installer installed the product. Product Name: Microsoft Windows Desktop Runtime - 8.0.30 (x64). Product Version: 64.120.56881. Product Language: 1033. Manufacturer: Microsoft Corporation. Installation success or error status: 0."
"19-08-2026 10:15:32","11707","Information","MsiInstaller","Product: Microsoft Windows Desktop Runtime - 8.0.30 (x64) -- Installation completed successfully."
"19-08-2026 10:15:27","10000","Information","Microsoft-Windows-RestartManager","Starting session 0 - ‎2026‎-‎08‎-‎19T04:45:27.611254400Z."
"19-08-2026 10:15:27","1040","Information","MsiInstaller","Beginning a Windows Installer transaction: C:\ProgramData\Package Cache\{6784D4C7-0D5A-468F-A27D-4B687DC16EFF}v64.120.56881\windowsdesktop-runtime-8.0.30-win-x64.msi. Client Process Id: 15640."
"19-08-2026 10:15:23","10001","Information","Microsoft-Windows-RestartManager","Ending session 0 started ‎2026‎-‎08‎-‎19T04:45:20.412785600Z."
"19-08-2026 10:15:23","10001","Information","Microsoft-Windows-RestartManager","Ending session 0 started ‎2026‎-‎08‎-‎19T04:45:13.536368400Z."
"19-08-2026 10:15:24","16394","Information","Microsoft-Windows-Security-SPP","Offline downlevel migration succeeded."
"19-08-2026 10:15:23","1042","Information","MsiInstaller","Ending a Windows Installer transaction: {290D3A76-E4EC-3BEB-8012-7EE137801844}. Client Process Id: 26292."
"19-08-2026 10:15:23","1034","Information","MsiInstaller","Windows Installer removed the product. Product Name: Microsoft ASP.NET Core 8.0.29 Shared Framework (x64). Product Version: 8.0.29.26325. Product Language: 1033. Manufacturer: Microsoft Corporation. Removal success or error status: 0."
"19-08-2026 10:15:23","11724","Information","MsiInstaller","Product: Microsoft ASP.NET Core 8.0.29 Shared Framework (x64) -- Removal completed successfully."
"19-08-2026 10:15:20","10000","Information","Microsoft-Windows-RestartManager","Starting session 0 - ‎2026‎-‎08‎-‎19T04:45:20.412785600Z."
"19-08-2026 10:15:13","10000","Information","Microsoft-Windows-RestartManager","Starting session 0 - ‎2026‎-‎08‎-‎19T04:45:13.536368400Z."
"19-08-2026 10:15:13","1040","Information","MsiInstaller","Beginning a Windows Installer transaction: {290D3A76-E4EC-3BEB-8012-7EE137801844}. Client Process Id: 26292."
"19-08-2026 10:15:10","10001","Information","Microsoft-Windows-RestartManager","Ending session 0 started ‎2026‎-‎08‎-‎19T04:45:06.785371100Z."
"19-08-2026 10:15:10","1042","Information","MsiInstaller","Ending a Windows Installer transaction: {085CA87F-8F23-3876-81E6-74595030A2E1}. Client Process Id: 12340."
"19-08-2026 10:15:10","1034","Information","MsiInstaller","Windows Installer removed the product. Product Name: Microsoft ASP.NET Core 8.0.29 Shared Framework (x86). Product Version: 8.0.29.26325. Product Language: 1033. Manufacturer: Microsoft Corporation. Removal success or error status: 0."
"19-08-2026 10:15:10","11724","Information","MsiInstaller","Product: Microsoft ASP.NET Core 8.0.29 Shared Framework (x86) -- Removal completed successfully."
"19-08-2026 10:15:06","10000","Information","Microsoft-Windows-RestartManager","Starting session 0 - ‎2026‎-‎08‎-‎19T04:45:06.785371100Z."
"19-08-2026 10:15:06","1040","Information","MsiInstaller","Beginning a Windows Installer transaction: {085CA87F-8F23-3876-81E6-74595030A2E1}. Client Process Id: 12340."
"19-08-2026 10:15:03","10001","Information","Microsoft-Windows-RestartManager","Ending session 0 started ‎2026‎-‎08‎-‎19T04:45:00.909318600Z."
"19-08-2026 10:15:03","1042","Information","MsiInstaller","Ending a Windows Installer transaction: C:\ProgramData\Package Cache\{98AA17D7-FF83-3C11-B247-5AD82E63F6AE}v8.0.30.26373\aspnetcore-runtime-8.0.30-servicing.26373.4-win-x86.msi. Client Process Id: 30460."
"19-08-2026 10:15:03","1033","Information","MsiInstaller","Windows Installer installed the product. Product Name: Microsoft ASP.NET Core 8.0.30 Shared Framework (x86). Product Version: 8.0.30.26373. Product Language: 1033. Manufacturer: Microsoft Corporation. Installation success or error status: 0."
"19-08-2026 10:15:03","11707","Information","MsiInstaller","Product: Microsoft ASP.NET Core 8.0.30 Shared Framework (x86) -- Installation completed successfully."
"19-08-2026 10:15:00","10000","Information","Microsoft-Windows-RestartManager","Starting session 0 - ‎2026‎-‎08‎-‎19T04:45:00.909318600Z."
"19-08-2026 10:15:00","10001","Information","Microsoft-Windows-RestartManager","Ending session 0 started ‎2026‎-‎08‎-‎19T04:44:58.332230000Z."
"19-08-2026 10:15:01","63","Information","Outlook","Outlook detected a change notification for your apps and will attempt to update them."
"19-08-2026 10:15:00","1040","Information","MsiInstaller","Beginning a Windows Installer transaction: C:\ProgramData\Package Cache\{98AA17D7-FF83-3C11-B247-5AD82E63F6AE}v8.0.30.26373\aspnetcore-runtime-8.0.30-servicing.26373.4-win-x86.msi. Client Process Id: 30460."
"19-08-2026 10:15:00","1042","Information","MsiInstaller","Ending a Windows Installer transaction: C:\ProgramData\Package Cache\{A081A51B-E62A-39B8-913E-BADD8740D7C5}v8.0.30.26373\aspnetcore-runtime-8.0.30-servicing.26373.4-win-x64.msi. Client Process Id: 30460."
"19-08-2026 10:15:00","1033","Information","MsiInstaller","Windows Installer installed the product. Product Name: Microsoft ASP.NET Core 8.0.30 Shared Framework (x64). Product Version: 8.0.30.26373. Product Language: 1033. Manufacturer: Microsoft Corporation. Installation success or error status: 0."
"19-08-2026 10:15:00","11707","Information","MsiInstaller","Product: Microsoft ASP.NET Core 8.0.30 Shared Framework (x64) -- Installation completed successfully."
"19-08-2026 10:14:58","10000","Information","Microsoft-Windows-RestartManager","Starting session 0 - ‎2026‎-‎08‎-‎19T04:44:58.332230000Z."
"19-08-2026 10:14:58","10001","Information","Microsoft-Windows-RestartManager","Ending session 0 started ‎2026‎-‎08‎-‎19T04:44:57.715099300Z."
"19-08-2026 10:14:58","1040","Information","MsiInstaller","Beginning a Windows Installer transaction: C:\ProgramData\Package Cache\{A081A51B-E62A-39B8-913E-BADD8740D7C5}v8.0.30.26373\aspnetcore-runtime-8.0.30-servicing.26373.4-win-x64.msi. Client Process Id: 30460."
"19-08-2026 10:14:58","1042","Information","MsiInstaller","Ending a Windows Installer transaction: C:\ProgramData\Package Cache\{E04238D6-3B6D-4D01-959C-37F9408EA825}v64.120.56788\dotnet-hostfxr-8.0.30-win-x86.msi. Client Process Id: 30460."
"19-08-2026 10:14:58","1033","Information","MsiInstaller","Windows Installer installed the product. Product Name: Microsoft .NET Host FX Resolver - 8.0.30 (x86). Product Version: 64.120.56788. Product Language: 1033. Manufacturer: Microsoft Corporation. Installation success or error status: 0."
"19-08-2026 10:14:58","11707","Information","MsiInstaller","Product: Microsoft .NET Host FX Resolver - 8.0.30 (x86) -- Installation completed successfully."
"19-08-2026 10:14:57","10000","Information","Microsoft-Windows-RestartManager","Starting session 0 - ‎2026‎-‎08‎-‎19T04:44:57.715099300Z."
"19-08-2026 10:14:57","10001","Information","Microsoft-Windows-RestartManager","Ending session 0 started ‎2026‎-‎08‎-‎19T04:44:57.048718700Z."
"19-08-2026 10:14:57","10000","Information","Microsoft-Windows-RestartManager","Starting session 0 - ‎2026‎-‎08‎-‎19T04:44:57.048718700Z."
"19-08-2026 10:14:56","10001","Information","Microsoft-Windows-RestartManager","Ending session 0 started ‎2026‎-‎08‎-‎19T04:44:56.387280700Z."
"19-08-2026 10:14:56","10001","Information","Microsoft-Windows-RestartManager","Ending session 0 started ‎2026‎-‎08‎-‎19T04:44:55.850921400Z."
"19-08-2026 10:14:57","1040","Information","MsiInstaller","Beginning a Windows Installer transaction: C:\ProgramData\Package Cache\{E04238D6-3B6D-4D01-959C-37F9408EA825}v64.120.56788\dotnet-hostfxr-8.0.30-win-x86.msi. Client Process Id: 30460."
"19-08-2026 10:14:57","1042","Information","MsiInstaller","Ending a Windows Installer transaction: C:\ProgramData\Package Cache\{563AD235-9445-4075-8F11-C4D08A8E639B}v64.120.56788\dotnet-hostfxr-8.0.30-win-x64.msi. Client Process Id: 30460."
"19-08-2026 10:14:57","1033","Information","MsiInstaller","Windows Installer installed the product. Product Name: Microsoft .NET Host FX Resolver - 8.0.30 (x64). Product Version: 64.120.56788. Product Language: 1033. Manufacturer: Microsoft Corporation. Installation success or error status: 0."
"19-08-2026 10:14:57","11707","Information","MsiInstaller","Product: Microsoft .NET Host FX Resolver - 8.0.30 (x64) -- Installation completed successfully."
"19-08-2026 10:14:56","1040","Information","MsiInstaller","Beginning a Windows Installer transaction: C:\ProgramData\Package Cache\{563AD235-9445-4075-8F11-C4D08A8E639B}v64.120.56788\dotnet-hostfxr-8.0.30-win-x64.msi. Client Process Id: 30460."
"19-08-2026 10:14:56","1042","Information","MsiInstaller","Ending a Windows Installer transaction: C:\ProgramData\Package Cache\{B2611E88-DDA5-4398-9EC9-757285DDED05}v64.120.56788\dotnet-host-8.0.30-win-x86.msi. Client Process Id: 30460."
"19-08-2026 10:14:56","1033","Information","MsiInstaller","Windows Installer installed the product. Product Name: Microsoft .NET Host - 8.0.30 (x86). Product Version: 64.120.56788. Product Language: 1033. Manufacturer: Microsoft Corporation. Installation success or error status: 0."
"19-08-2026 10:14:56","11707","Information","MsiInstaller","Product: Microsoft .NET Host - 8.0.30 (x86) -- Installation completed successfully."
"19-08-2026 10:14:56","10000","Information","Microsoft-Windows-RestartManager","Starting session 0 - ‎2026‎-‎08‎-‎19T04:44:56.387280700Z."
"19-08-2026 10:14:55","10000","Information","Microsoft-Windows-RestartManager","Starting session 0 - ‎2026‎-‎08‎-‎19T04:44:55.850921400Z."
"19-08-2026 10:14:55","10001","Information","Microsoft-Windows-RestartManager","Ending session 0 started ‎2026‎-‎08‎-‎19T04:44:55.262106700Z."
"19-08-2026 10:14:55","10001","Information","Microsoft-Windows-RestartManager","Ending session 0 started ‎2026‎-‎08‎-‎19T04:44:54.380868500Z."
"19-08-2026 10:14:55","1040","Information","MsiInstaller","Beginning a Windows Installer transaction: C:\ProgramData\Package Cache\{B2611E88-DDA5-4398-9EC9-757285DDED05}v64.120.56788\dotnet-host-8.0.30-win-x86.msi. Client Process Id: 30460."
"19-08-2026 10:14:55","1042","Information","MsiInstaller","Ending a Windows Installer transaction: C:\ProgramData\Package Cache\{01FD5326-81BD-4DEA-9F01-3D69BBDDA75E}v64.120.56788\dotnet-host-8.0.30-win-x64.msi. Client Process Id: 30460."
"19-08-2026 10:14:55","1033","Information","MsiInstaller","Windows Installer installed the product. Product Name: Microsoft .NET Host - 8.0.30 (x64). Product Version: 64.120.56788. Product Language: 1033. Manufacturer: Microsoft Corporation. Installation success or error status: 0."
"19-08-2026 10:14:55","11707","Information","MsiInstaller","Product: Microsoft .NET Host - 8.0.30 (x64) -- Installation completed successfully."
"19-08-2026 10:14:55","10000","Information","Microsoft-Windows-RestartManager","Starting session 0 - ‎2026‎-‎08‎-‎19T04:44:55.262106700Z."
"19-08-2026 10:14:54","10000","Information","Microsoft-Windows-RestartManager","Starting session 0 - ‎2026‎-‎08‎-‎19T04:44:54.380868500Z."
"19-08-2026 10:14:54","10001","Information","Microsoft-Windows-RestartManager","Ending session 0 started ‎2026‎-‎08‎-‎19T04:44:50.907597600Z."
"19-08-2026 10:14:54","1040","Information","MsiInstaller","Beginning a Windows Installer transaction: C:\ProgramData\Package Cache\{01FD5326-81BD-4DEA-9F01-3D69BBDDA75E}v64.120.56788\dotnet-host-8.0.30-win-x64.msi. Client Process Id: 30460."
"19-08-2026 10:14:54","1042","Information","MsiInstaller","Ending a Windows Installer transaction: C:\ProgramData\Package Cache\{D1F317A1-32CC-4B0F-BED8-5045BE928A8E}v64.120.56788\dotnet-runtime-8.0.30-win-x86.msi. Client Process Id: 30460."
"19-08-2026 10:14:54","1033","Information","MsiInstaller","Windows Installer installed the product. Product Name: Microsoft .NET Runtime - 8.0.30 (x86). Product Version: 64.120.56788. Product Language: 1033. Manufacturer: Microsoft Corporation. Installation success or error status: 0."
"19-08-2026 10:14:54","11707","Information","MsiInstaller","Product: Microsoft .NET Runtime - 8.0.30 (x86) -- Installation completed successfully."
"19-08-2026 10:14:50","10000","Information","Microsoft-Windows-RestartManager","Starting session 0 - ‎2026‎-‎08‎-‎19T04:44:50.907597600Z."
"19-08-2026 10:14:50","10001","Information","Microsoft-Windows-RestartManager","Ending session 0 started ‎2026‎-‎08‎-‎19T04:44:47.215555200Z."
"19-08-2026 10:14:50","1040","Information","MsiInstaller","Beginning a Windows Installer transaction: C:\ProgramData\Package Cache\{D1F317A1-32CC-4B0F-BED8-5045BE928A8E}v64.120.56788\dotnet-runtime-8.0.30-win-x86.msi. Client Process Id: 30460."
"19-08-2026 10:14:50","1042","Information","MsiInstaller","Ending a Windows Installer transaction: C:\ProgramData\Package Cache\{D629906C-1E1C-4728-AB21-81690B4F435C}v64.120.56788\dotnet-runtime-8.0.30-win-x64.msi. Client Process Id: 30460."
"19-08-2026 10:14:50","1033","Information","MsiInstaller","Windows Installer installed the product. Product Name: Microsoft .NET Runtime - 8.0.30 (x64). Product Version: 64.120.56788. Product Language: 1033. Manufacturer: Microsoft Corporation. Installation success or error status: 0."
"19-08-2026 10:14:50","11707","Information","MsiInstaller","Product: Microsoft .NET Runtime - 8.0.30 (x64) -- Installation completed successfully."
"19-08-2026 10:14:47","10000","Information","Microsoft-Windows-RestartManager","Starting session 0 - ‎2026‎-‎08‎-‎19T04:44:47.215555200Z."
"19-08-2026 10:14:47","10001","Information","Microsoft-Windows-RestartManager","Ending session 0 started ‎2026‎-‎08‎-‎19T04:44:46.456363100Z."
"19-08-2026 10:14:47","10001","Information","Microsoft-Windows-RestartManager","Ending session 0 started ‎2026‎-‎08‎-‎19T04:44:46.292230900Z."
"19-08-2026 10:14:46","10000","Information","Microsoft-Windows-RestartManager","Starting session 0 - ‎2026‎-‎08‎-‎19T04:44:46.456363100Z."
