"TimeCreated","Id","LevelDisplayName","ProviderName","Message"
"19-08-2026 14:36:35","1035","Information","MsiInstaller","Windows Installer reconfigured the product. Product Name: Microsoft Visual C++ 2022 X64 Additional Runtime - 14.51.36247. Product Version: 14.51.36247. Product Language: 1033. Manufacturer: Microsoft Corporation. Reconfiguration success or error status: 0."
"19-08-2026 14:36:34","1035","Information","MsiInstaller","Windows Installer reconfigured the product. Product Name: Microsoft Windows Desktop Runtime - 10.0.11 (x64). Product Version: 80.44.56884. Product Language: 1033. Manufacturer: Microsoft Corporation. Reconfiguration success or error status: 0."
"19-08-2026 14:36:34","1035","Information","MsiInstaller","Windows Installer reconfigured the product. Product Name: Python 3.13.15 Standard Library (64-bit). Product Version: 3.13.15150.0. Product Language: 1033. Manufacturer: Python Software Foundation. Reconfiguration success or error status: 0."
"19-08-2026 14:36:34","1033","Information","MsiInstaller","Windows Installer installed the product. Product Name: SQL Server 2019 Database Engine Services. Product Version: 15.0.2000.5. Product Language: 1033. Manufacturer: Microsoft Corporation. Installation success or error status: 0."
"19-08-2026 14:36:34","1035","Information","MsiInstaller","Windows Installer reconfigured the product. Product Name: Spektion Sensor. Product Version: 3.0.8. Product Language: 1033. Manufacturer: Spektion. Reconfiguration success or error status: 0."
"19-08-2026 14:36:34","1035","Information","MsiInstaller","Windows Installer reconfigured the product. Product Name: FlexNet Inventory Agent. Product Version: 24.00.1511. Product Language: 1033. Manufacturer: Flexera Software LLC. Reconfiguration success or error status: 0."
"19-08-2026 14:36:34","1035","Information","MsiInstaller","Windows Installer reconfigured the product. Product Name: SQL Server 2019 XEvent. Product Version: 15.0.2000.5. Product Language: 1033. Manufacturer: Microsoft Corporation. Reconfiguration success or error status: 0."
"19-08-2026 14:36:34","1035","Information","MsiInstaller","Windows Installer reconfigured the product. Product Name: Microsoft SQL Server 2019 Setup (English). Product Version: 15.0.4013.40. Product Language: 1033. Manufacturer: Microsoft Corporation. Reconfiguration success or error status: 0."
"19-08-2026 14:36:33","1035","Information","MsiInstaller","Windows Installer reconfigured the product. Product Name: SQL Server 2019 Common Files. Product Version: 15.0.2000.5. Product Language: 1033. Manufacturer: Microsoft Corporation. Reconfiguration success or error status: 0."
"19-08-2026 14:36:33","1035","Information","MsiInstaller","Windows Installer reconfigured the product. Product Name: Python 3.13.15 Tcl/Tk Support (64-bit). Product Version: 3.13.15150.0. Product Language: 1033. Manufacturer: Python Software Foundation. Reconfiguration success or error status: 0."
"19-08-2026 14:36:33","1035","Information","MsiInstaller","Windows Installer reconfigured the product. Product Name: Microsoft ODBC Driver 17 for SQL Server. Product Version: 17.10.6.1. Product Language: 1033. Manufacturer: Microsoft Corporation. Reconfiguration success or error status: 0."
"19-08-2026 14:36:33","1035","Information","MsiInstaller","Windows Installer reconfigured the product. Product Name: SQL Server 2019 Database Engine Shared. Product Version: 15.0.2000.5. Product Language: 1033. Manufacturer: Microsoft Corporation. Reconfiguration success or error status: 0."
"19-08-2026 14:36:33","1035","Information","MsiInstaller","Windows Installer reconfigured the product. Product Name: Microsoft .NET Runtime - 8.0.30 (x64). Product Version: 64.120.56788. Product Language: 1033. Manufacturer: Microsoft Corporation. Reconfiguration success or error status: 0."
"19-08-2026 14:36:33","1033","Information","MsiInstaller","Windows Installer installed the product. Product Name: SQL Server 2019 Database Engine Services. Product Version: 15.0.2000.5. Product Language: 1033. Manufacturer: Microsoft Corporation. Installation success or error status: 0."
"19-08-2026 14:36:33","1035","Information","MsiInstaller","Windows Installer reconfigured the product. Product Name: Python 3.13.15 pip Bootstrap (64-bit). Product Version: 3.13.15150.0. Product Language: 1033. Manufacturer: Python Software Foundation. Reconfiguration success or error status: 0."
"19-08-2026 14:36:32","1035","Information","MsiInstaller","Windows Installer reconfigured the product. Product Name: SQL Server 2019 Shared Management Objects. Product Version: 15.0.2000.5. Product Language: 1033. Manufacturer: Microsoft Corporation. Reconfiguration success or error status: 0."
"19-08-2026 14:36:32","1035","Information","MsiInstaller","Windows Installer reconfigured the product. Product Name: SQL Server 2019 Batch Parser. Product Version: 15.0.2000.5. Product Language: 1033. Manufacturer: Microsoft Corporation. Reconfiguration success or error status: 0."
"19-08-2026 14:36:32","1035","Information","MsiInstaller","Windows Installer reconfigured the product. Product Name: Python 3.13.15 Documentation (64-bit). Product Version: 3.13.15150.0. Product Language: 1033. Manufacturer: Python Software Foundation. Reconfiguration success or error status: 0."
"19-08-2026 14:36:32","1035","Information","MsiInstaller","Windows Installer reconfigured the product. Product Name: Microsoft ASP.NET Core 8.0.30 Shared Framework (x64). Product Version: 8.0.30.26373. Product Language: 1033. Manufacturer: Microsoft Corporation. Reconfiguration success or error status: 0."
"19-08-2026 14:36:32","1035","Information","MsiInstaller","Windows Installer reconfigured the product. Product Name: SQL Server 2019 Shared Management Objects Extensions. Product Version: 15.0.2000.5. Product Language: 1033. Manufacturer: Microsoft Corporation. Reconfiguration success or error status: 0."
"19-08-2026 14:36:32","1035","Information","MsiInstaller","Windows Installer reconfigured the product. Product Name: SQL Server 2019 Common Files. Product Version: 15.0.2000.5. Product Language: 1033. Manufacturer: Microsoft Corporation. Reconfiguration success or error status: 0."
"19-08-2026 14:36:32","1035","Information","MsiInstaller","Windows Installer reconfigured the product. Product Name: Dell Command | Update for Windows Universal. Product Version: 5.7.1. Product Language: 1033. Manufacturer: Dell Inc.. Reconfiguration success or error status: 0."
"19-08-2026 14:36:31","1035","Information","MsiInstaller","Windows Installer reconfigured the product. Product Name: Python Launcher. Product Version: 3.13.15150.0. Product Language: 1033. Manufacturer: Python Software Foundation. Reconfiguration success or error status: 0."
"19-08-2026 14:36:31","1035","Information","MsiInstaller","Windows Installer reconfigured the product. Product Name: Microsoft SQL Server 2014 Express LocalDB. Product Version: 12.3.6024.0. Product Language: 1033. Manufacturer: Microsoft Corporation. Reconfiguration success or error status: 0."
"19-08-2026 14:36:31","1035","Information","MsiInstaller","Windows Installer reconfigured the product. Product Name: SQL Server 2019 Shared Management Objects. Product Version: 15.0.2000.5. Product Language: 1033. Manufacturer: Microsoft Corporation. Reconfiguration success or error status: 0."
"19-08-2026 14:36:31","1035","Information","MsiInstaller","Windows Installer reconfigured the product. Product Name: Python 3.13.15 Core Interpreter (64-bit). Product Version: 3.13.15150.0. Product Language: 1033. Manufacturer: Python Software Foundation. Reconfiguration success or error status: 0."
"19-08-2026 14:36:31","1035","Information","MsiInstaller","Windows Installer reconfigured the product. Product Name: Microsoft Visual C++ 2022 X86 Additional Runtime - 14.51.36247. Product Version: 14.51.36247. Product Language: 1033. Manufacturer: Microsoft Corporation. Reconfiguration success or error status: 0."
"19-08-2026 14:36:31","1035","Information","MsiInstaller","Windows Installer reconfigured the product. Product Name: Check Point VPN. Product Version: 98.61.5609. Product Language: 1033. Manufacturer: Check Point Software Technologies Ltd.. Reconfiguration success or error status: 0."
"19-08-2026 14:36:30","1035","Information","MsiInstaller","Windows Installer reconfigured the product. Product Name: Microsoft .NET Host - 8.0.30 (x86). Product Version: 64.120.56788. Product Language: 1033. Manufacturer: Microsoft Corporation. Reconfiguration success or error status: 0."
"19-08-2026 14:36:30","1035","Information","MsiInstaller","Windows Installer reconfigured the product. Product Name: Microsoft ASP.NET Core 8.0.30 Hosting Bundle Options. Product Version: 8.0.30.26373. Product Language: 1033. Manufacturer: Microsoft Corporation. Reconfiguration success or error status: 0."
"19-08-2026 14:36:30","1035","Information","MsiInstaller","Windows Installer reconfigured the product. Product Name: SQL Server 2019 SQL Diagnostics. Product Version: 15.0.2000.5. Product Language: 1033. Manufacturer: Microsoft Corporation. Reconfiguration success or error status: 0."
"19-08-2026 14:36:30","1035","Information","MsiInstaller","Windows Installer reconfigured the product. Product Name: Microsoft Visual C++ 2022 X86 Minimum Runtime - 14.51.36247. Product Version: 14.51.36247. Product Language: 1033. Manufacturer: Microsoft Corporation. Reconfiguration success or error status: 0."
"19-08-2026 14:36:30","1035","Information","MsiInstaller","Windows Installer reconfigured the product. Product Name: Microsoft ASP.NET Core 8.0.30 Shared Framework (x86). Product Version: 8.0.30.26373. Product Language: 1033. Manufacturer: Microsoft Corporation. Reconfiguration success or error status: 0."
"19-08-2026 14:36:30","1035","Information","MsiInstaller","Windows Installer reconfigured the product. Product Name: Microsoft SQL Server 2012 Native Client. Product Version: 11.4.7515.2. Product Language: 1033. Manufacturer: Microsoft Corporation. Reconfiguration success or error status: 0."
"19-08-2026 14:36:29","1035","Information","MsiInstaller","Windows Installer reconfigured the product. Product Name: Microsoft Windows Desktop Runtime - 8.0.30 (x64). Product Version: 64.120.56881. Product Language: 1033. Manufacturer: Microsoft Corporation. Reconfiguration success or error status: 0."
"19-08-2026 14:36:29","1035","Information","MsiInstaller","Windows Installer reconfigured the product. Product Name: Python 3.13.15 Executables (64-bit). Product Version: 3.13.15150.0. Product Language: 1033. Manufacturer: Python Software Foundation. Reconfiguration success or error status: 0."
"19-08-2026 14:36:29","1035","Information","MsiInstaller","Windows Installer reconfigured the product. Product Name: SQL Server 2019 Shared Management Objects Extensions. Product Version: 15.0.2000.5. Product Language: 1033. Manufacturer: Microsoft Corporation. Reconfiguration success or error status: 0."
"19-08-2026 14:36:29","1035","Information","MsiInstaller","Windows Installer reconfigured the product. Product Name: Dell Core Services. Product Version: 1.15.13.0. Product Language: 1033. Manufacturer: Dell, Inc.. Reconfiguration success or error status: 0."
"19-08-2026 14:36:29","1035","Information","MsiInstaller","Windows Installer reconfigured the product. Product Name: SQL Server 2019 DMF. Product Version: 15.0.2000.5. Product Language: 1033. Manufacturer: Microsoft Corporation. Reconfiguration success or error status: 0."
"19-08-2026 14:36:28","1035","Information","MsiInstaller","Windows Installer reconfigured the product. Product Name: Browser for SQL Server 2019. Product Version: 15.0.2000.5. Product Language: 1033. Manufacturer: Microsoft Corporation. Reconfiguration success or error status: 0."
"19-08-2026 14:36:28","1035","Information","MsiInstaller","Windows Installer reconfigured the product. Product Name: SQL Server 2019 Database Engine Shared. Product Version: 15.0.2000.5. Product Language: 1033. Manufacturer: Microsoft Corporation. Reconfiguration success or error status: 0."
"19-08-2026 14:36:28","1035","Information","MsiInstaller","Windows Installer reconfigured the product. Product Name: BrightAuthor 5.0. Product Version: 5.0.2.0. Product Language: 1033. Manufacturer: BrightSign. Reconfiguration success or error status: 0."
"19-08-2026 14:36:28","1035","Information","MsiInstaller","Windows Installer reconfigured the product. Product Name: Microsoft .NET Host FX Resolver - 8.0.30 (x86). Product Version: 64.120.56788. Product Language: 1033. Manufacturer: Microsoft Corporation. Reconfiguration success or error status: 0."
"19-08-2026 14:36:28","1035","Information","MsiInstaller","Windows Installer reconfigured the product. Product Name: Microsoft .NET Host - 8.0.30 (x64). Product Version: 64.120.56788. Product Language: 1033. Manufacturer: Microsoft Corporation. Reconfiguration success or error status: 0."
"19-08-2026 14:36:28","1035","Information","MsiInstaller","Windows Installer reconfigured the product. Product Name: Microsoft Power BI Desktop (x64). Product Version: 2.156.951.0. Product Language: 1033. Manufacturer: Microsoft Corporation. Reconfiguration success or error status: 0."
"19-08-2026 14:36:27","1035","Information","MsiInstaller","Windows Installer reconfigured the product. Product Name: SQL Server 2019 Connection Info. Product Version: 15.0.2000.5. Product Language: 1033. Manufacturer: Microsoft Corporation. Reconfiguration success or error status: 0."
"19-08-2026 14:36:27","1035","Information","MsiInstaller","Windows Installer reconfigured the product. Product Name: Python 3.13.15 Development Libraries (64-bit). Product Version: 3.13.15150.0. Product Language: 1033. Manufacturer: Python Software Foundation. Reconfiguration success or error status: 0."
"19-08-2026 14:36:27","1035","Information","MsiInstaller","Windows Installer reconfigured the product. Product Name: File_Watcher. Product Version: 1.0.0. Product Language: 1033. Manufacturer: NIQ. Reconfiguration success or error status: 0."
"19-08-2026 14:36:26","1035","Information","MsiInstaller","Windows Installer reconfigured the product. Product Name: Cirrus Audio Driver Setup. Product Version: 1.2.44. Product Language: 1033. Manufacturer: Cirrus Logic Inc.. Reconfiguration success or error status: 0."
"19-08-2026 14:36:26","1035","Information","MsiInstaller","Windows Installer reconfigured the product. Product Name: Microsoft .NET Host FX Resolver - 8.0.30 (x64). Product Version: 64.120.56788. Product Language: 1033. Manufacturer: Microsoft Corporation. Reconfiguration success or error status: 0."
"19-08-2026 14:36:26","1035","Information","MsiInstaller","Windows Installer reconfigured the product. Product Name: Microsoft VSS Writer for SQL Server 2019. Product Version: 15.0.2000.5. Product Language: 1033. Manufacturer: Microsoft Corporation. Reconfiguration success or error status: 0."
"19-08-2026 14:36:26","1035","Information","MsiInstaller","Windows Installer reconfigured the product. Product Name: Microsoft SQL Server 2019 RsFx Driver. Product Version: 15.0.2000.5. Product Language: 1033. Manufacturer: Microsoft Corporation. Reconfiguration success or error status: 0."
"19-08-2026 14:36:26","1035","Information","MsiInstaller","Windows Installer reconfigured the product. Product Name: BarTender. Product Version: 11.5.1. Product Language: 1033. Manufacturer: Seagull Software. Reconfiguration success or error status: 0."
"19-08-2026 14:36:25","1035","Information","MsiInstaller","Windows Installer reconfigured the product. Product Name: Zscaler. Product Version: 4.8.0.232. Product Language: 1033. Manufacturer: Zscaler Inc.. Reconfiguration success or error status: 0."
"19-08-2026 14:36:25","1035","Information","MsiInstaller","Windows Installer reconfigured the product. Product Name: SQL Server 2019 DMF. Product Version: 15.0.2000.5. Product Language: 1033. Manufacturer: Microsoft Corporation. Reconfiguration success or error status: 0."
"19-08-2026 14:36:24","1035","Information","MsiInstaller","Windows Installer reconfigured the product. Product Name: SQL Server 2019 Connection Info. Product Version: 15.0.2000.5. Product Language: 1033. Manufacturer: Microsoft Corporation. Reconfiguration success or error status: 0."
"19-08-2026 14:36:24","1035","Information","MsiInstaller","Windows Installer reconfigured the product. Product Name: Microsoft OLE DB Driver for SQL Server. Product Version: 18.7.4.0. Product Language: 1033. Manufacturer: Microsoft Corporation. Reconfiguration success or error status: 0."
"19-08-2026 14:36:24","1035","Information","MsiInstaller","Windows Installer reconfigured the product. Product Name: SQL Server 2019 XEvent. Product Version: 15.0.2000.5. Product Language: 1033. Manufacturer: Microsoft Corporation. Reconfiguration success or error status: 0."
"19-08-2026 14:36:24","1035","Information","MsiInstaller","Windows Installer reconfigured the product. Product Name: ZscalerEP. Product Version: 26.05.0.36. Product Language: 1033. Manufacturer: Zscaler. Reconfiguration success or error status: 0."
"19-08-2026 14:36:23","1035","Information","MsiInstaller","Windows Installer reconfigured the product. Product Name: Microsoft .NET Runtime - 10.0.11 (x64). Product Version: 80.44.56884. Product Language: 1033. Manufacturer: Microsoft Corporation. Reconfiguration success or error status: 0."
"19-08-2026 14:36:23","1035","Information","MsiInstaller","Windows Installer reconfigured the product. Product Name: Dell SupportAssist OS Recovery Plugin for Dell Update. Product Version: 5.5.16.2. Product Language: 1033. Manufacturer: Dell Inc.. Reconfiguration success or error status: 0."
"19-08-2026 14:36:23","1035","Information","MsiInstaller","Windows Installer reconfigured the product. Product Name: Microsoft .NET Runtime - 8.0.30 (x86). Product Version: 64.120.56788. Product Language: 1033. Manufacturer: Microsoft Corporation. Reconfiguration success or error status: 0."
"19-08-2026 14:36:23","1035","Information","MsiInstaller","Windows Installer reconfigured the product. Product Name: Google Chrome. Product Version: 151.0.7922.138. Product Language: 1033. Manufacturer: Google LLC. Reconfiguration success or error status: 0."
"19-08-2026 14:36:22","1035","Information","MsiInstaller","Windows Installer reconfigured the product. Product Name: Microsoft SQL Server 2019 T-SQL Language Service. Product Version: 15.0.2000.5. Product Language: 1033. Manufacturer: Microsoft Corporation. Reconfiguration success or error status: 0."
"19-08-2026 14:36:22","1035","Information","MsiInstaller","Windows Installer reconfigured the product. Product Name: Microsoft Visual C++ 2022 X64 Minimum Runtime - 14.51.36247. Product Version: 14.51.36247. Product Language: 1033. Manufacturer: Microsoft Corporation. Reconfiguration success or error status: 0."
"19-08-2026 14:36:22","1035","Information","MsiInstaller","Windows Installer reconfigured the product. Product Name: Python 3.13.15 Add to Path (64-bit). Product Version: 3.13.15150.0. Product Language: 1033. Manufacturer: Python Software Foundation. Reconfiguration success or error status: 0."
"19-08-2026 14:36:22","1035","Information","MsiInstaller","Windows Installer reconfigured the product. Product Name: Microsoft .NET Host FX Resolver - 10.0.11 (x64). Product Version: 80.44.56884. Product Language: 1033. Manufacturer: Microsoft Corporation. Reconfiguration success or error status: 0."
"19-08-2026 14:36:22","1035","Information","MsiInstaller","Windows Installer reconfigured the product. Product Name: Microsoft Intune Management Extension. Product Version: 1.104.102.0. Product Language: 1033. Manufacturer: Microsoft Corporation. Reconfiguration success or error status: 0."
"19-08-2026 14:36:21","1035","Information","MsiInstaller","Windows Installer reconfigured the product. Product Name: Microsoft .NET Host - 10.0.11 (x64). Product Version: 80.44.56884. Product Language: 1033. Manufacturer: Microsoft Corporation. Reconfiguration success or error status: 0."
"19-08-2026 14:36:21","1035","Information","MsiInstaller","Windows Installer reconfigured the product. Product Name: Office 16 Click-to-Run Extensibility Component. Product Version: 16.0.20131.20112. Product Language: 0. Manufacturer: Microsoft Corporation. Reconfiguration success or error status: 0."
"19-08-2026 14:35:16","32","Information","Outlook","The store C:\Users\arjo5004\AppData\Local\Microsoft\Outlook\joe.prakash@nielseniq.com.nst has detected a catalog checkpoint."
"19-08-2026 14:35:10","16384","Information","Microsoft-Windows-Security-SPP","Successfully scheduled Software Protection service for re-start at 2126-07-26T09:05:10Z. Reason: RulesEngine."
"19-08-2026 14:35:06","32","Information","Outlook","The store C:\Users\arjo5004\AppData\Local\Microsoft\Outlook\joe.prakash@nielseniq.com.ost has detected a catalog checkpoint."
"19-08-2026 14:34:23","16394","Information","Microsoft-Windows-Security-SPP","Offline downlevel migration succeeded."
"19-08-2026 14:34:11","1035","Information","MsiInstaller","Windows Installer reconfigured the product. Product Name: Microsoft Visual C++ 2022 X64 Additional Runtime - 14.51.36247. Product Version: 14.51.36247. Product Language: 1033. Manufacturer: Microsoft Corporation. Reconfiguration success or error status: 0."
"19-08-2026 14:34:10","1035","Information","MsiInstaller","Windows Installer reconfigured the product. Product Name: Microsoft Windows Desktop Runtime - 10.0.11 (x64). Product Version: 80.44.56884. Product Language: 1033. Manufacturer: Microsoft Corporation. Reconfiguration success or error status: 0."
"19-08-2026 14:34:10","1035","Information","MsiInstaller","Windows Installer reconfigured the product. Product Name: Python 3.13.15 Standard Library (64-bit). Product Version: 3.13.15150.0. Product Language: 1033. Manufacturer: Python Software Foundation. Reconfiguration success or error status: 0."
"19-08-2026 14:34:10","1033","Information","MsiInstaller","Windows Installer installed the product. Product Name: SQL Server 2019 Database Engine Services. Product Version: 15.0.2000.5. Product Language: 1033. Manufacturer: Microsoft Corporation. Installation success or error status: 0."
"19-08-2026 14:34:10","1035","Information","MsiInstaller","Windows Installer reconfigured the product. Product Name: Spektion Sensor. Product Version: 3.0.8. Product Language: 1033. Manufacturer: Spektion. Reconfiguration success or error status: 0."
"19-08-2026 14:34:10","1035","Information","MsiInstaller","Windows Installer reconfigured the product. Product Name: FlexNet Inventory Agent. Product Version: 24.00.1511. Product Language: 1033. Manufacturer: Flexera Software LLC. Reconfiguration success or error status: 0."
"19-08-2026 14:34:09","1035","Information","MsiInstaller","Windows Installer reconfigured the product. Product Name: SQL Server 2019 XEvent. Product Version: 15.0.2000.5. Product Language: 1033. Manufacturer: Microsoft Corporation. Reconfiguration success or error status: 0."
"19-08-2026 14:34:09","1035","Information","MsiInstaller","Windows Installer reconfigured the product. Product Name: Microsoft SQL Server 2019 Setup (English). Product Version: 15.0.4013.40. Product Language: 1033. Manufacturer: Microsoft Corporation. Reconfiguration success or error status: 0."
"19-08-2026 14:34:09","1035","Information","MsiInstaller","Windows Installer reconfigured the product. Product Name: SQL Server 2019 Common Files. Product Version: 15.0.2000.5. Product Language: 1033. Manufacturer: Microsoft Corporation. Reconfiguration success or error status: 0."
"19-08-2026 14:34:09","1035","Information","MsiInstaller","Windows Installer reconfigured the product. Product Name: Python 3.13.15 Tcl/Tk Support (64-bit). Product Version: 3.13.15150.0. Product Language: 1033. Manufacturer: Python Software Foundation. Reconfiguration success or error status: 0."
"19-08-2026 14:34:09","1035","Information","MsiInstaller","Windows Installer reconfigured the product. Product Name: Microsoft ODBC Driver 17 for SQL Server. Product Version: 17.10.6.1. Product Language: 1033. Manufacturer: Microsoft Corporation. Reconfiguration success or error status: 0."
"19-08-2026 14:34:08","1035","Information","MsiInstaller","Windows Installer reconfigured the product. Product Name: SQL Server 2019 Database Engine Shared. Product Version: 15.0.2000.5. Product Language: 1033. Manufacturer: Microsoft Corporation. Reconfiguration success or error status: 0."
"19-08-2026 14:34:08","1035","Information","MsiInstaller","Windows Installer reconfigured the product. Product Name: Microsoft .NET Runtime - 8.0.30 (x64). Product Version: 64.120.56788. Product Language: 1033. Manufacturer: Microsoft Corporation. Reconfiguration success or error status: 0."
"19-08-2026 14:34:08","1033","Information","MsiInstaller","Windows Installer installed the product. Product Name: SQL Server 2019 Database Engine Services. Product Version: 15.0.2000.5. Product Language: 1033. Manufacturer: Microsoft Corporation. Installation success or error status: 0."
"19-08-2026 14:34:08","1035","Information","MsiInstaller","Windows Installer reconfigured the product. Product Name: Python 3.13.15 pip Bootstrap (64-bit). Product Version: 3.13.15150.0. Product Language: 1033. Manufacturer: Python Software Foundation. Reconfiguration success or error status: 0."
"19-08-2026 14:34:08","1035","Information","MsiInstaller","Windows Installer reconfigured the product. Product Name: SQL Server 2019 Shared Management Objects. Product Version: 15.0.2000.5. Product Language: 1033. Manufacturer: Microsoft Corporation. Reconfiguration success or error status: 0."
"19-08-2026 14:34:07","1035","Information","MsiInstaller","Windows Installer reconfigured the product. Product Name: SQL Server 2019 Batch Parser. Product Version: 15.0.2000.5. Product Language: 1033. Manufacturer: Microsoft Corporation. Reconfiguration success or error status: 0."
"19-08-2026 14:34:07","1035","Information","MsiInstaller","Windows Installer reconfigured the product. Product Name: Python 3.13.15 Documentation (64-bit). Product Version: 3.13.15150.0. Product Language: 1033. Manufacturer: Python Software Foundation. Reconfiguration success or error status: 0."
"19-08-2026 14:34:07","1035","Information","MsiInstaller","Windows Installer reconfigured the product. Product Name: Microsoft ASP.NET Core 8.0.30 Shared Framework (x64). Product Version: 8.0.30.26373. Product Language: 1033. Manufacturer: Microsoft Corporation. Reconfiguration success or error status: 0."
"19-08-2026 14:34:07","1035","Information","MsiInstaller","Windows Installer reconfigured the product. Product Name: SQL Server 2019 Shared Management Objects Extensions. Product Version: 15.0.2000.5. Product Language: 1033. Manufacturer: Microsoft Corporation. Reconfiguration success or error status: 0."
"19-08-2026 14:34:07","1035","Information","MsiInstaller","Windows Installer reconfigured the product. Product Name: SQL Server 2019 Common Files. Product Version: 15.0.2000.5. Product Language: 1033. Manufacturer: Microsoft Corporation. Reconfiguration success or error status: 0."
"19-08-2026 14:34:06","1035","Information","MsiInstaller","Windows Installer reconfigured the product. Product Name: Dell Command | Update for Windows Universal. Product Version: 5.7.1. Product Language: 1033. Manufacturer: Dell Inc.. Reconfiguration success or error status: 0."
"19-08-2026 14:34:06","1035","Information","MsiInstaller","Windows Installer reconfigured the product. Product Name: Python Launcher. Product Version: 3.13.15150.0. Product Language: 1033. Manufacturer: Python Software Foundation. Reconfiguration success or error status: 0."
"19-08-2026 14:34:06","1035","Information","MsiInstaller","Windows Installer reconfigured the product. Product Name: Microsoft SQL Server 2014 Express LocalDB. Product Version: 12.3.6024.0. Product Language: 1033. Manufacturer: Microsoft Corporation. Reconfiguration success or error status: 0."
"19-08-2026 14:34:06","1035","Information","MsiInstaller","Windows Installer reconfigured the product. Product Name: SQL Server 2019 Shared Management Objects. Product Version: 15.0.2000.5. Product Language: 1033. Manufacturer: Microsoft Corporation. Reconfiguration success or error status: 0."
"19-08-2026 14:34:06","1035","Information","MsiInstaller","Windows Installer reconfigured the product. Product Name: Python 3.13.15 Core Interpreter (64-bit). Product Version: 3.13.15150.0. Product Language: 1033. Manufacturer: Python Software Foundation. Reconfiguration success or error status: 0."
"19-08-2026 14:34:05","1035","Information","MsiInstaller","Windows Installer reconfigured the product. Product Name: Microsoft Visual C++ 2022 X86 Additional Runtime - 14.51.36247. Product Version: 14.51.36247. Product Language: 1033. Manufacturer: Microsoft Corporation. Reconfiguration success or error status: 0."
"19-08-2026 14:34:05","1035","Information","MsiInstaller","Windows Installer reconfigured the product. Product Name: Check Point VPN. Product Version: 98.61.5609. Product Language: 1033. Manufacturer: Check Point Software Technologies Ltd.. Reconfiguration success or error status: 0."
"19-08-2026 14:34:05","1035","Information","MsiInstaller","Windows Installer reconfigured the product. Product Name: Microsoft .NET Host - 8.0.30 (x86). Product Version: 64.120.56788. Product Language: 1033. Manufacturer: Microsoft Corporation. Reconfiguration success or error status: 0."
"19-08-2026 14:34:05","1035","Information","MsiInstaller","Windows Installer reconfigured the product. Product Name: Microsoft ASP.NET Core 8.0.30 Hosting Bundle Options. Product Version: 8.0.30.26373. Product Language: 1033. Manufacturer: Microsoft Corporation. Reconfiguration success or error status: 0."
"19-08-2026 14:34:05","1035","Information","MsiInstaller","Windows Installer reconfigured the product. Product Name: SQL Server 2019 SQL Diagnostics. Product Version: 15.0.2000.5. Product Language: 1033. Manufacturer: Microsoft Corporation. Reconfiguration success or error status: 0."
"19-08-2026 14:34:05","1035","Information","MsiInstaller","Windows Installer reconfigured the product. Product Name: Microsoft Visual C++ 2022 X86 Minimum Runtime - 14.51.36247. Product Version: 14.51.36247. Product Language: 1033. Manufacturer: Microsoft Corporation. Reconfiguration success or error status: 0."
"19-08-2026 14:34:04","1035","Information","MsiInstaller","Windows Installer reconfigured the product. Product Name: Microsoft ASP.NET Core 8.0.30 Shared Framework (x86). Product Version: 8.0.30.26373. Product Language: 1033. Manufacturer: Microsoft Corporation. Reconfiguration success or error status: 0."
"19-08-2026 14:34:04","1035","Information","MsiInstaller","Windows Installer reconfigured the product. Product Name: Microsoft SQL Server 2012 Native Client. Product Version: 11.4.7515.2. Product Language: 1033. Manufacturer: Microsoft Corporation. Reconfiguration success or error status: 0."
"19-08-2026 14:34:04","1035","Information","MsiInstaller","Windows Installer reconfigured the product. Product Name: Microsoft Windows Desktop Runtime - 8.0.30 (x64). Product Version: 64.120.56881. Product Language: 1033. Manufacturer: Microsoft Corporation. Reconfiguration success or error status: 0."
"19-08-2026 14:34:04","1035","Information","MsiInstaller","Windows Installer reconfigured the product. Product Name: Python 3.13.15 Executables (64-bit). Product Version: 3.13.15150.0. Product Language: 1033. Manufacturer: Python Software Foundation. Reconfiguration success or error status: 0."
"19-08-2026 14:34:04","1035","Information","MsiInstaller","Windows Installer reconfigured the product. Product Name: SQL Server 2019 Shared Management Objects Extensions. Product Version: 15.0.2000.5. Product Language: 1033. Manufacturer: Microsoft Corporation. Reconfiguration success or error status: 0."
"19-08-2026 14:34:03","1035","Information","MsiInstaller","Windows Installer reconfigured the product. Product Name: Dell Core Services. Product Version: 1.15.13.0. Product Language: 1033. Manufacturer: Dell, Inc.. Reconfiguration success or error status: 0."
"19-08-2026 14:34:03","1035","Information","MsiInstaller","Windows Installer reconfigured the product. Product Name: SQL Server 2019 DMF. Product Version: 15.0.2000.5. Product Language: 1033. Manufacturer: Microsoft Corporation. Reconfiguration success or error status: 0."
"19-08-2026 14:34:03","1035","Information","MsiInstaller","Windows Installer reconfigured the product. Product Name: Browser for SQL Server 2019. Product Version: 15.0.2000.5. Product Language: 1033. Manufacturer: Microsoft Corporation. Reconfiguration success or error status: 0."
"19-08-2026 14:34:03","1035","Information","MsiInstaller","Windows Installer reconfigured the product. Product Name: SQL Server 2019 Database Engine Shared. Product Version: 15.0.2000.5. Product Language: 1033. Manufacturer: Microsoft Corporation. Reconfiguration success or error status: 0."
"19-08-2026 14:34:02","1035","Information","MsiInstaller","Windows Installer reconfigured the product. Product Name: BrightAuthor 5.0. Product Version: 5.0.2.0. Product Language: 1033. Manufacturer: BrightSign. Reconfiguration success or error status: 0."
"19-08-2026 14:34:02","1035","Information","MsiInstaller","Windows Installer reconfigured the product. Product Name: Microsoft .NET Host FX Resolver - 8.0.30 (x86). Product Version: 64.120.56788. Product Language: 1033. Manufacturer: Microsoft Corporation. Reconfiguration success or error status: 0."
"19-08-2026 14:34:02","1035","Information","MsiInstaller","Windows Installer reconfigured the product. Product Name: Microsoft .NET Host - 8.0.30 (x64). Product Version: 64.120.56788. Product Language: 1033. Manufacturer: Microsoft Corporation. Reconfiguration success or error status: 0."
"19-08-2026 14:34:02","1035","Information","MsiInstaller","Windows Installer reconfigured the product. Product Name: Microsoft Power BI Desktop (x64). Product Version: 2.156.951.0. Product Language: 1033. Manufacturer: Microsoft Corporation. Reconfiguration success or error status: 0."
"19-08-2026 14:34:01","1035","Information","MsiInstaller","Windows Installer reconfigured the product. Product Name: SQL Server 2019 Connection Info. Product Version: 15.0.2000.5. Product Language: 1033. Manufacturer: Microsoft Corporation. Reconfiguration success or error status: 0."
"19-08-2026 14:34:01","1035","Information","MsiInstaller","Windows Installer reconfigured the product. Product Name: Python 3.13.15 Development Libraries (64-bit). Product Version: 3.13.15150.0. Product Language: 1033. Manufacturer: Python Software Foundation. Reconfiguration success or error status: 0."
"19-08-2026 14:34:01","1035","Information","MsiInstaller","Windows Installer reconfigured the product. Product Name: File_Watcher. Product Version: 1.0.0. Product Language: 1033. Manufacturer: NIQ. Reconfiguration success or error status: 0."
"19-08-2026 14:34:01","1035","Information","MsiInstaller","Windows Installer reconfigured the product. Product Name: Cirrus Audio Driver Setup. Product Version: 1.2.44. Product Language: 1033. Manufacturer: Cirrus Logic Inc.. Reconfiguration success or error status: 0."
"19-08-2026 14:34:01","1035","Information","MsiInstaller","Windows Installer reconfigured the product. Product Name: Microsoft .NET Host FX Resolver - 8.0.30 (x64). Product Version: 64.120.56788. Product Language: 1033. Manufacturer: Microsoft Corporation. Reconfiguration success or error status: 0."
"19-08-2026 14:34:00","1035","Information","MsiInstaller","Windows Installer reconfigured the product. Product Name: Microsoft VSS Writer for SQL Server 2019. Product Version: 15.0.2000.5. Product Language: 1033. Manufacturer: Microsoft Corporation. Reconfiguration success or error status: 0."
"19-08-2026 14:34:00","1035","Information","MsiInstaller","Windows Installer reconfigured the product. Product Name: Microsoft SQL Server 2019 RsFx Driver. Product Version: 15.0.2000.5. Product Language: 1033. Manufacturer: Microsoft Corporation. Reconfiguration success or error status: 0."
"19-08-2026 14:34:00","1035","Information","MsiInstaller","Windows Installer reconfigured the product. Product Name: BarTender. Product Version: 11.5.1. Product Language: 1033. Manufacturer: Seagull Software. Reconfiguration success or error status: 0."
"19-08-2026 14:33:59","1035","Information","MsiInstaller","Windows Installer reconfigured the product. Product Name: Zscaler. Product Version: 4.8.0.232. Product Language: 1033. Manufacturer: Zscaler Inc.. Reconfiguration success or error status: 0."
"19-08-2026 14:33:59","1035","Information","MsiInstaller","Windows Installer reconfigured the product. Product Name: SQL Server 2019 DMF. Product Version: 15.0.2000.5. Product Language: 1033. Manufacturer: Microsoft Corporation. Reconfiguration success or error status: 0."
"19-08-2026 14:33:59","1035","Information","MsiInstaller","Windows Installer reconfigured the product. Product Name: SQL Server 2019 Connection Info. Product Version: 15.0.2000.5. Product Language: 1033. Manufacturer: Microsoft Corporation. Reconfiguration success or error status: 0."
"19-08-2026 14:33:59","1035","Information","MsiInstaller","Windows Installer reconfigured the product. Product Name: Microsoft OLE DB Driver for SQL Server. Product Version: 18.7.4.0. Product Language: 1033. Manufacturer: Microsoft Corporation. Reconfiguration success or error status: 0."
"19-08-2026 14:33:58","1035","Information","MsiInstaller","Windows Installer reconfigured the product. Product Name: SQL Server 2019 XEvent. Product Version: 15.0.2000.5. Product Language: 1033. Manufacturer: Microsoft Corporation. Reconfiguration success or error status: 0."
"19-08-2026 14:33:58","1035","Information","MsiInstaller","Windows Installer reconfigured the product. Product Name: ZscalerEP. Product Version: 26.05.0.36. Product Language: 1033. Manufacturer: Zscaler. Reconfiguration success or error status: 0."
"19-08-2026 14:33:58","1035","Information","MsiInstaller","Windows Installer reconfigured the product. Product Name: Microsoft .NET Runtime - 10.0.11 (x64). Product Version: 80.44.56884. Product Language: 1033. Manufacturer: Microsoft Corporation. Reconfiguration success or error status: 0."
"19-08-2026 14:33:58","1035","Information","MsiInstaller","Windows Installer reconfigured the product. Product Name: Dell SupportAssist OS Recovery Plugin for Dell Update. Product Version: 5.5.16.2. Product Language: 1033. Manufacturer: Dell Inc.. Reconfiguration success or error status: 0."
"19-08-2026 14:33:58","1035","Information","MsiInstaller","Windows Installer reconfigured the product. Product Name: Microsoft .NET Runtime - 8.0.30 (x86). Product Version: 64.120.56788. Product Language: 1033. Manufacturer: Microsoft Corporation. Reconfiguration success or error status: 0."
"19-08-2026 14:33:58","1035","Information","MsiInstaller","Windows Installer reconfigured the product. Product Name: Google Chrome. Product Version: 151.0.7922.138. Product Language: 1033. Manufacturer: Google LLC. Reconfiguration success or error status: 0."
"19-08-2026 14:33:57","1035","Information","MsiInstaller","Windows Installer reconfigured the product. Product Name: Microsoft SQL Server 2019 T-SQL Language Service. Product Version: 15.0.2000.5. Product Language: 1033. Manufacturer: Microsoft Corporation. Reconfiguration success or error status: 0."
"19-08-2026 14:33:57","1035","Information","MsiInstaller","Windows Installer reconfigured the product. Product Name: Microsoft Visual C++ 2022 X64 Minimum Runtime - 14.51.36247. Product Version: 14.51.36247. Product Language: 1033. Manufacturer: Microsoft Corporation. Reconfiguration success or error status: 0."
"19-08-2026 14:33:57","1035","Information","MsiInstaller","Windows Installer reconfigured the product. Product Name: Python 3.13.15 Add to Path (64-bit). Product Version: 3.13.15150.0. Product Language: 1033. Manufacturer: Python Software Foundation. Reconfiguration success or error status: 0."
"19-08-2026 14:33:57","1035","Information","MsiInstaller","Windows Installer reconfigured the product. Product Name: Microsoft .NET Host FX Resolver - 10.0.11 (x64). Product Version: 80.44.56884. Product Language: 1033. Manufacturer: Microsoft Corporation. Reconfiguration success or error status: 0."
"19-08-2026 14:33:57","1035","Information","MsiInstaller","Windows Installer reconfigured the product. Product Name: Microsoft Intune Management Extension. Product Version: 1.104.102.0. Product Language: 1033. Manufacturer: Microsoft Corporation. Reconfiguration success or error status: 0."
"19-08-2026 14:33:57","1035","Information","MsiInstaller","Windows Installer reconfigured the product. Product Name: Microsoft .NET Host - 10.0.11 (x64). Product Version: 80.44.56884. Product Language: 1033. Manufacturer: Microsoft Corporation. Reconfiguration success or error status: 0."
"19-08-2026 14:33:56","1035","Information","MsiInstaller","Windows Installer reconfigured the product. Product Name: Office 16 Click-to-Run Extensibility Component. Product Version: 16.0.20131.20112. Product Language: 0. Manufacturer: Microsoft Corporation. Reconfiguration success or error status: 0."
"19-08-2026 14:31:44","16384","Information","Microsoft-Windows-Security-SPP","Successfully scheduled Software Protection service for re-start at 2126-07-26T09:01:44Z. Reason: RulesEngine."
"19-08-2026 14:31:11","16394","Information","Microsoft-Windows-Security-SPP","Offline downlevel migration succeeded."
"19-08-2026 14:18:38","1001","Information","Windows Error Reporting","Fault bucket , type 0
Event Name: LiveKernelEvent
Response: Not available
Cab Id: 0

Problem signature:
P1: 193
P2: 80e
P3: ffffcf8aede16080
P4: ffffe3847ac44d70
P5: 0
P6: 10_0_26100
P7: 0_0
P8: 256_1
P9: 
P10: 

Attached files:
\\?\C:\Windows\LiveKernelReports\WATCHDOG\WATCHDOG-20260728-1739.dmp
\\?\C:\Windows\SystemTemp\WER-107417718-0.sysdata.xml
\\?\C:\ProgramData\Microsoft\Windows\WER\Temp\WER.a1bc6256-3f5c-4a2d-a9f0-6ec44cf0758d.tmp.xml

These files may be available here:
\\?\C:\ProgramData\Microsoft\Windows\WER\ReportQueue\Kernel_193_abd9cbf140bb5029fbabb5aa6c6c6f4af01df5bf_00000000_e47de6fb-dda6-43b7-95d8-4f271c908dcb

Analysis symbol: 
Rechecking for solution: 0
Report Id: e47de6fb-dda6-43b7-95d8-4f271c908dcb
Report Status: 2051
Hashed bucket: 
Cab Guid: 0"
"19-08-2026 14:18:38","1001","Information","Windows Error Reporting","Fault bucket , type 0
Event Name: LiveKernelEvent
Response: Not available
Cab Id: 0

Problem signature:
P1: 1b8
P2: a
P3: 0
P4: 0
P5: 0
P6: 10_0_26100
P7: 0_0
P8: 256_1
P9: 
P10: 

Attached files:
\\?\C:\Windows\LiveKernelReports\WATCHDOG4400\WATCHDOG4400-20260710-1300.dmp
\\?\C:\Windows\SystemTemp\WER-271939687-1.sysdata.xml
\\?\C:\ProgramData\Microsoft\Windows\WER\Temp\WER.276c67c4-a71e-4c67-814b-398383480957.tmp.WERInternalMetadata.xml
\\?\C:\ProgramData\Microsoft\Windows\WER\Temp\WER.45398fb5-7380-4396-8ea0-3bd53512c717.tmp.csv
\\?\C:\ProgramData\Microsoft\Windows\WER\Temp\WER.1ff4cbcb-ad49-4c05-b4f9-be4909d9c9f1.tmp.txt
\\?\C:\ProgramData\Microsoft\Windows\WER\Temp\WER.51bf8dab-e143-4be9-97b9-909d7b0fd11b.tmp.xml

These files may be available here:
\\?\C:\ProgramData\Microsoft\Windows\WER\ReportQueue\Kernel_1b8_8fa7e01760fd533c5dce8eb299b7ad27ad53e77_00000000_573d8d8f-c6bf-486a-b7db-af9469fa7aca

Analysis symbol: 
Rechecking for solution: 0
Report Id: 573d8d8f-c6bf-486a-b7db-af9469fa7aca
Report Status: 2051
Hashed bucket: 
Cab Guid: 0"
"19-08-2026 14:18:38","1001","Information","Windows Error Reporting","Fault bucket , type 0
Event Name: LiveKernelEvent
Response: Not available
Cab Id: 0

Problem signature:
P1: 1a8
P2: a
P3: 0
P4: 0
P5: 0
P6: 10_0_26100
P7: 0_0
P8: 256_1
P9: 
P10: 

Attached files:
\\?\C:\Windows\LiveKernelReports\WATCHDOG\WATCHDOG-20260710-1300.dmp
\\?\C:\Windows\SystemTemp\WER-271939578-0.sysdata.xml
\\?\C:\ProgramData\Microsoft\Windows\WER\Temp\WER.9d0f10c3-9411-4acf-bb31-6859c68be85c.tmp.WERInternalMetadata.xml
\\?\C:\ProgramData\Microsoft\Windows\WER\Temp\WER.92ebb8bc-f8a2-409d-bf16-af9d4e02171b.tmp.csv
\\?\C:\ProgramData\Microsoft\Windows\WER\Temp\WER.d6f5e5d3-6464-4bb3-bd6d-af4323b2bd28.tmp.txt
\\?\C:\ProgramData\Microsoft\Windows\WER\Temp\WER.bc08fce0-0a3b-4356-9c60-9d77cdfdf274.tmp.xml

These files may be available here:
\\?\C:\ProgramData\Microsoft\Windows\WER\ReportQueue\Kernel_1a8_3748bd66a7bb3ae96eac533a61a9ac86d47cc_00000000_ec33cea1-82be-4259-91f8-9fcce02ba34e

Analysis symbol: 
Rechecking for solution: 0
Report Id: ec33cea1-82be-4259-91f8-9fcce02ba34e
Report Status: 2051
Hashed bucket: 
Cab Guid: 0"
"19-08-2026 14:18:38","1001","Information","Windows Error Reporting","Fault bucket , type 0
Event Name: LiveKernelEvent
Response: Not available
Cab Id: 0

Problem signature:
P1: 1a8
P2: a
P3: 0
P4: 0
P5: 0
P6: 10_0_26100
P7: 0_0
P8: 256_1
P9: 
P10: 

Attached files:
\\?\C:\Windows\LiveKernelReports\WATCHDOG\WATCHDOG-20260605-1132.dmp
\\?\C:\Windows\SystemTemp\WER-177493781-0.sysdata.xml
\\?\C:\ProgramData\Microsoft\Windows\WER\Temp\WER.7d595a1e-be1a-407e-9129-15b129663d18.tmp.WERInternalMetadata.xml
\\?\C:\ProgramData\Microsoft\Windows\WER\Temp\WER.0154dcde-260d-47f6-832d-ba1ab90745a3.tmp.csv
\\?\C:\ProgramData\Microsoft\Windows\WER\Temp\WER.3732cf1d-0f98-4752-a7b8-001c99f4d464.tmp.txt
\\?\C:\ProgramData\Microsoft\Windows\WER\Temp\WER.e778fd5f-f183-48dc-b2de-6998ab6638a1.tmp.xml

These files may be available here:
\\?\C:\ProgramData\Microsoft\Windows\WER\ReportQueue\Kernel_1a8_3748bd66a7bb3ae96eac533a61a9ac86d47cc_00000000_a2e929d0-2850-4380-898f-4dfd04c05c39

Analysis symbol: 
Rechecking for solution: 0
Report Id: a2e929d0-2850-4380-898f-4dfd04c05c39
Report Status: 2051
Hashed bucket: 
Cab Guid: 0"
"19-08-2026 14:18:37","1001","Information","Windows Error Reporting","Fault bucket , type 0
Event Name: LiveKernelEvent
Response: Not available
Cab Id: 0

Problem signature:
P1: 193
P2: 80e
P3: ffffa38c64a87080
P4: ffff8185b6ddaa20
P5: 0
P6: 10_0_26100
P7: 0_0
P8: 256_1
P9: 
P10: 

Attached files:
\\?\C:\Windows\LiveKernelReports\WATCHDOG\WATCHDOG-20260527-1052.dmp
\\?\C:\Windows\SystemTemp\WER-179535468-0.sysdata.xml
\\?\C:\ProgramData\Microsoft\Windows\WER\Temp\WER.ea643868-0ea8-4456-a323-8794ddfd284d.tmp.WERInternalMetadata.xml
\\?\C:\ProgramData\Microsoft\Windows\WER\Temp\WER.ee1fbebe-01de-4b58-b48a-010b870da1f5.tmp.csv
\\?\C:\ProgramData\Microsoft\Windows\WER\Temp\WER.426194b9-5279-4657-88b5-d2386d90185c.tmp.txt
\\?\C:\ProgramData\Microsoft\Windows\WER\Temp\WER.b587805b-274c-429e-b6fc-ba363711d14a.tmp.xml

These files may be available here:
\\?\C:\ProgramData\Microsoft\Windows\WER\ReportQueue\Kernel_193_fde6ca7bf15cd6bced14410b0b1972a766aba_00000000_ab53bcfd-f0a6-4eec-897b-bdc111b0593d

Analysis symbol: 
Rechecking for solution: 0
Report Id: ab53bcfd-f0a6-4eec-897b-bdc111b0593d
Report Status: 2051
Hashed bucket: 
Cab Guid: 0"
"19-08-2026 14:06:25","15","Information","SecurityCenter","Updated Windows Defender status successfully to SECURITY_PRODUCT_STATE_ON."
"19-08-2026 13:48:35","4096",,"VBScriptDeprecationAlert",
"19-08-2026 13:43:31","0","Information","edgeupdate","Service stopped."
"19-08-2026 13:42:47","16384","Information","Microsoft-Windows-Security-SPP","Successfully scheduled Software Protection service for re-start at 2126-07-26T08:12:47Z. Reason: RulesEngine."
"19-08-2026 13:42:16","1003","Information","Microsoft-Windows-Security-SPP","The Software Protection service has completed licensing status check.
Application Id=0ff1ce15-a989-479d-af46-f275c6370663
Licensing Status=
1: ff02e86c-fef0-4063-b39f-74275cddd7c3, 1, 0 [(0 [0xC004F014, 0, 0], [(?)(?)(?)(?)(?)(?)(?)(?)])(1 )(2 )(3 )]

"
"19-08-2026 13:42:15","1003","Information","Microsoft-Windows-Security-SPP","The Software Protection service has completed licensing status check.
Application Id=55c92734-d682-4d71-983e-d6ec3f16059f
Licensing Status=
1: fe74f55b-0338-41d6-b267-4a201abe7285, 1, 0 [(0 [0xC004F014, 0, 0], [(?)(?)(?)(?)(?)(?)(?)(?)])(1 )(2 )(3 )]

"
"19-08-2026 13:42:15","1003","Information","Microsoft-Windows-Security-SPP","The Software Protection service has completed licensing status check.
Application Id=0ff1ce15-a989-479d-af46-f275c6370663
Licensing Status=
1: fb61ac9a-1688-45d2-8f6b-0674dbffa33c, 1, 0 [(0 [0xC004F014, 0, 0], [(?)(?)(?)(?)(?)(?)(?)(?)])(1 )(2 )(3 )]

"
"19-08-2026 13:42:15","1003","Information","Microsoft-Windows-Security-SPP","The Software Protection service has completed licensing status check.
Application Id=55c92734-d682-4d71-983e-d6ec3f16059f
Licensing Status=
1: fa755fe6-6739-40b9-8d84-6d0ea3b6d1ab, 1, 0 [(0 [0xC004F014, 0, 0], [(?)(?)(?)(?)(?)(?)(?)(?)])(1 )(2 )(3 )]

"
"19-08-2026 13:42:14","1003","Information","Microsoft-Windows-Security-SPP","The Software Protection service has completed licensing status check.
Application Id=55c92734-d682-4d71-983e-d6ec3f16059f
Licensing Status=
1: f7af7d09-40e4-419c-a49b-eae366689ebd, 1, 0 [(0 [0xC004F014, 0, 0], [(?)(?)(?)(?)(?)(?)(?)(?)])(1 )(2 )(3 )]

"
"19-08-2026 13:42:14","1003","Information","Microsoft-Windows-Security-SPP","The Software Protection service has completed licensing status check.
Application Id=55c92734-d682-4d71-983e-d6ec3f16059f
Licensing Status=
1: ef51e000-2659-4f25-8345-3de70a9cf4c4, 1, 0 [(0 [0xC004F014, 0, 0], [(?)(?)(?)(?)(?)(?)(?)(?)])(1 )(2 )(3 )]

"
"19-08-2026 13:42:14","1003","Information","Microsoft-Windows-Security-SPP","The Software Protection service has completed licensing status check.
Application Id=0ff1ce15-a989-479d-af46-f275c6370663
Licensing Status=
1: ed967494-a18e-41a9-abb8-9030c51ba685, 1, 0 [(0 [0xC004F014, 0, 0], [(?)(?)(?)(?)(?)(?)(?)(?)])(1 )(2 )(3 )]

"
"19-08-2026 13:42:13","1003","Information","Microsoft-Windows-Security-SPP","The Software Protection service has completed licensing status check.
Application Id=55c92734-d682-4d71-983e-d6ec3f16059f
Licensing Status=
1: ec868e65-fadf-4759-b23e-93fe37f2cc29, 1, 0 [(0 [0xC004F014, 0, 0], [(?)(?)(?)(?)(?)(?)(?)(?)])(1 )(2 )(3 )]

"
