"19-08-2026 13:41:21","1003","Information","Microsoft-Windows-Security-SPP","The Software Protection service has completed licensing status check.
Application Id=0ff1ce15-a989-479d-af46-f275c6370663
Licensing Status=
1: 402dfb6d-631e-4a3f-9a5a-be753bfd84c5, 1, 0 [(0 [0xC004F014, 0, 0], [(?)(?)(?)(?)(?)(?)(?)(?)])(1 )(2 )(3 )]

"
"19-08-2026 13:41:21","1003","Information","Microsoft-Windows-Security-SPP","The Software Protection service has completed licensing status check.
Application Id=55c92734-d682-4d71-983e-d6ec3f16059f
Licensing Status=
1: 3f1afc82-f8ac-4f6c-8005-1d233e606eee, 1, 0 [(0 [0xC004F014, 0, 0], [(?)(?)(?)(?)(?)(?)(?)(?)])(1 )(2 )(3 )]

"
"19-08-2026 13:41:20","1003","Information","Microsoft-Windows-Security-SPP","The Software Protection service has completed licensing status check.
Application Id=55c92734-d682-4d71-983e-d6ec3f16059f
Licensing Status=
1: 3ebce241-ea87-4946-8a4f-80d00e921dff, 1, 0 [(0 [0xC004F014, 0, 0], [(?)(?)(?)(?)(?)(?)(?)(?)])(1 )(2 )(3 )]

"
"19-08-2026 13:41:20","1003","Information","Microsoft-Windows-Security-SPP","The Software Protection service has completed licensing status check.
Application Id=55c92734-d682-4d71-983e-d6ec3f16059f
Licensing Status=
1: 3df374ef-d444-4494-a5a1-4b0d9fd0e203, 1, 0 [(0 [0xC004F014, 0, 0], [(?)(?)(?)(?)(?)(?)(?)(?)])(1 )(2 )(3 )]

"
"19-08-2026 13:41:19","1003","Information","Microsoft-Windows-Security-SPP","The Software Protection service has completed licensing status check.
Application Id=0ff1ce15-a989-479d-af46-f275c6370663
Licensing Status=
1: 3d8c541c-cc3f-4269-8bc0-03dc901f172d, 1, 0 [(0 [0xC004F014, 0, 0], [(?)(?)(?)(?)(?)(?)(?)(?)])(1 )(2 )(3 )]

"
"19-08-2026 13:41:19","1003","Information","Microsoft-Windows-Security-SPP","The Software Protection service has completed licensing status check.
Application Id=0ff1ce15-a989-479d-af46-f275c6370663
Licensing Status=
1: 3ad61e22-e4fe-497f-bdb1-3e51bd872173, 1, 1 [(0 )(1 )(2 )(3 [0x00000000, 0, 0], [( 6 0xC004F009 5 0)( 1 0x00000000)( 6 0xC004F009 5 0)(?)(?)(?)( 10 0x00000000 msft:rm/algorithm/flags/1.0)( 11 0x00000000 0xC004F009)])]

"
"19-08-2026 13:41:18","1003","Information","Microsoft-Windows-Security-SPP","The Software Protection service has completed licensing status check.
Application Id=0ff1ce15-a989-479d-af46-f275c6370663
Licensing Status=
1: 3846a94f-3005-401e-b663-af1cf99813d5, 1, 0 [(0 [0xC004F014, 0, 0], [(?)(?)(?)(?)(?)(?)(?)(?)])(1 )(2 )(3 )]

"
"19-08-2026 13:41:18","1003","Information","Microsoft-Windows-Security-SPP","The Software Protection service has completed licensing status check.
Application Id=55c92734-d682-4d71-983e-d6ec3f16059f
Licensing Status=
1: 377333b1-8b5d-48d6-9679-1225c872d37c, 1, 0 [(0 [0xC004F014, 0, 0], [(?)(?)(?)(?)(?)(?)(?)(?)])(1 )(2 )(3 )]

"
"19-08-2026 13:41:17","1003","Information","Microsoft-Windows-Security-SPP","The Software Protection service has completed licensing status check.
Application Id=0ff1ce15-a989-479d-af46-f275c6370663
Licensing Status=
1: 35ec6e0e-2df4-4629-9ee3-d525e806b988, 1, 0 [(0 [0xC004F014, 0, 0], [(?)(?)(?)(?)(?)(?)(?)(?)])(1 )(2 )(3 )]

"
"19-08-2026 13:41:17","1003","Information","Microsoft-Windows-Security-SPP","The Software Protection service has completed licensing status check.
Application Id=55c92734-d682-4d71-983e-d6ec3f16059f
Licensing Status=
1: 3502365a-f88a-4ba4-822a-5769d3073b65, 1, 0 [(0 [0xC004F014, 0, 0], [(?)(?)(?)(?)(?)(?)(?)(?)])(1 )(2 )(3 )]

"
"19-08-2026 13:41:17","1003","Information","Microsoft-Windows-Security-SPP","The Software Protection service has completed licensing status check.
Application Id=55c92734-d682-4d71-983e-d6ec3f16059f
Licensing Status=
1: 345a5db0-d94f-4e3b-a0c0-7c42f7bc3ebf, 1, 0 [(0 [0xC004F014, 0, 0], [(?)(?)(?)(?)(?)(?)(?)(?)])(1 )(2 )(3 )]

"
"19-08-2026 13:41:16","1003","Information","Microsoft-Windows-Security-SPP","The Software Protection service has completed licensing status check.
Application Id=55c92734-d682-4d71-983e-d6ec3f16059f
Licensing Status=
1: 30a42c86-b7a0-4a34-8c90-ff177cb2acb7, 1, 0 [(0 [0xC004F014, 0, 0], [(?)(?)(?)(?)(?)(?)(?)(?)])(1 )(2 )(3 )]

"
"19-08-2026 13:41:16","1003","Information","Microsoft-Windows-Security-SPP","The Software Protection service has completed licensing status check.
Application Id=55c92734-d682-4d71-983e-d6ec3f16059f
Licensing Status=
1: 2ffd8952-423e-4903-b993-72a1aa44cf82, 1, 0 [(0 [0xC004F014, 0, 0], [(?)(?)(?)(?)(?)(?)(?)(?)])(1 )(2 )(3 )]

"
"19-08-2026 13:41:15","1003","Information","Microsoft-Windows-Security-SPP","The Software Protection service has completed licensing status check.
Application Id=0ff1ce15-a989-479d-af46-f275c6370663
Licensing Status=
1: 2dfe2075-2d04-4e43-816a-eb60bbb77574, 1, 0 [(0 [0xC004F014, 0, 0], [(?)(?)(?)(?)(?)(?)(?)(?)])(1 )(2 )(3 )]

"
"19-08-2026 13:41:15","1003","Information","Microsoft-Windows-Security-SPP","The Software Protection service has completed licensing status check.
Application Id=55c92734-d682-4d71-983e-d6ec3f16059f
Licensing Status=
1: 2de67392-b7a7-462a-b1ca-108dd189f588, 1, 0 [(0 [0xC004F014, 0, 0], [(?)(?)(?)(?)(?)(?)(?)(?)])(1 )(2 )(3 )]

"
"19-08-2026 13:41:14","1003","Information","Microsoft-Windows-Security-SPP","The Software Protection service has completed licensing status check.
Application Id=55c92734-d682-4d71-983e-d6ec3f16059f
Licensing Status=
1: 2c293c26-a45a-4a2a-a350-c69a67097529, 1, 0 [(0 [0xC004F014, 0, 0], [(?)(?)(?)(?)(?)(?)(?)(?)])(1 )(2 )(3 )]

"
"19-08-2026 13:41:14","1003","Information","Microsoft-Windows-Security-SPP","The Software Protection service has completed licensing status check.
Application Id=55c92734-d682-4d71-983e-d6ec3f16059f
Licensing Status=
1: 2936d1d2-913a-4542-b54e-ce5a602a2a38, 1, 0 [(0 [0xC004F014, 0, 0], [(?)(?)(?)(?)(?)(?)(?)(?)])(1 )(2 )(3 )]

"
"19-08-2026 13:41:14","1003","Information","Microsoft-Windows-Security-SPP","The Software Protection service has completed licensing status check.
Application Id=55c92734-d682-4d71-983e-d6ec3f16059f
Licensing Status=
1: 291ece0e-9c38-40ca-a9e1-32cc7ec19507, 1, 0 [(0 [0xC004F014, 0, 0], [(?)(?)(?)(?)(?)(?)(?)(?)])(1 )(2 )(3 )]

"
"19-08-2026 13:41:13","1003","Information","Microsoft-Windows-Security-SPP","The Software Protection service has completed licensing status check.
Application Id=0ff1ce15-a989-479d-af46-f275c6370663
Licensing Status=
1: 27b162b5-f5d2-40e9-8af3-d42ff4572bd4, 1, 0 [(0 [0xC004F014, 0, 0], [(?)(?)(?)(?)(?)(?)(?)(?)])(1 )(2 )(3 )]

"
"19-08-2026 13:41:13","1003","Information","Microsoft-Windows-Security-SPP","The Software Protection service has completed licensing status check.
Application Id=0ff1ce15-a989-479d-af46-f275c6370663
Licensing Status=
1: 26b6a7ce-b174-40aa-a114-316aa56ba9fc, 1, 0 [(0 [0xC004F014, 0, 0], [(?)(?)(?)(?)(?)(?)(?)(?)])(1 )(2 )(3 )]

"
"19-08-2026 13:41:13","1003","Information","Microsoft-Windows-Security-SPP","The Software Protection service has completed licensing status check.
Application Id=55c92734-d682-4d71-983e-d6ec3f16059f
Licensing Status=
1: 265f3fad-6a1c-4bdd-ae30-c75efa556ccb, 1, 0 [(0 [0xC004F014, 0, 0], [(?)(?)(?)(?)(?)(?)(?)(?)])(1 )(2 )(3 )]

"
"19-08-2026 13:41:13","1003","Information","Microsoft-Windows-Security-SPP","The Software Protection service has completed licensing status check.
Application Id=0ff1ce15-a989-479d-af46-f275c6370663
Licensing Status=
1: 24fc428e-a37e-4996-ac66-8ea0304a152d, 1, 0 [(0 [0xC004F014, 0, 0], [(?)(?)(?)(?)(?)(?)(?)(?)])(1 )(2 )(3 )]

"
"19-08-2026 13:41:13","1003","Information","Microsoft-Windows-Security-SPP","The Software Protection service has completed licensing status check.
Application Id=55c92734-d682-4d71-983e-d6ec3f16059f
Licensing Status=
1: 221a02da-e2a1-4b75-864c-0a4410a33fdf, 1, 0 [(0 [0xC004F014, 0, 0], [(?)(?)(?)(?)(?)(?)(?)(?)])(1 )(2 )(3 )]

"
"19-08-2026 13:41:12","1003","Information","Microsoft-Windows-Security-SPP","The Software Protection service has completed licensing status check.
Application Id=0ff1ce15-a989-479d-af46-f275c6370663
Licensing Status=
1: 1f7413cf-88d2-4f49-a283-e4d757d179df, 1, 0 [(0 [0xC004F014, 0, 0], [(?)(?)(?)(?)(?)(?)(?)(?)])(1 )(2 )(3 )]

"
"19-08-2026 13:41:12","1003","Information","Microsoft-Windows-Security-SPP","The Software Protection service has completed licensing status check.
Application Id=55c92734-d682-4d71-983e-d6ec3f16059f
Licensing Status=
1: 1a9a717a-cf13-4ba5-83c3-0fe25fa868d5, 1, 0 [(0 [0xC004F014, 0, 0], [(?)(?)(?)(?)(?)(?)(?)(?)])(1 )(2 )(3 )]

"
"19-08-2026 13:41:12","1003","Information","Microsoft-Windows-Security-SPP","The Software Protection service has completed licensing status check.
Application Id=55c92734-d682-4d71-983e-d6ec3f16059f
Licensing Status=
1: 19de9b2f-0166-4abb-9534-56ea69a80edb, 1, 0 [(0 [0xC004F014, 0, 0], [(?)(?)(?)(?)(?)(?)(?)(?)])(1 )(2 )(3 )]

"
"19-08-2026 13:41:12","1033","Information","Microsoft-Windows-Security-SPP","These policies are being excluded since they are only defined with override-only attribute.
Policy Names=(Security-SPP-Reserved-EnableNotificationMode) 
App Id=0ff1ce15-a989-479d-af46-f275c6370663
Sku Id=c590605a-a08a-4cc7-8dc2-f1ffb3d06949"
"19-08-2026 13:41:12","1040","Information","Microsoft-Windows-Security-SPP","Hardware has changed from previous boot.
 AppId=0ff1ce15-a989-479d-af46-f275c6370663, SkuId=c590605a-a08a-4cc7-8dc2-f1ffb3d06949."
"19-08-2026 13:41:12","1003","Information","Microsoft-Windows-Security-SPP","The Software Protection service has completed licensing status check.
Application Id=0ff1ce15-a989-479d-af46-f275c6370663
Licensing Status=
1: 149dbce7-a48e-44db-8364-a53386cd4580, 1, 0 [(0 [0xC004F014, 0, 0], [(?)(?)(?)(?)(?)(?)(?)(?)])(1 )(2 )(3 )]

"
"19-08-2026 13:41:11","1003","Information","Microsoft-Windows-Security-SPP","The Software Protection service has completed licensing status check.
Application Id=55c92734-d682-4d71-983e-d6ec3f16059f
Licensing Status=
1: 0ad2ac98-7bb9-4201-8d92-312299201369, 1, 0 [(0 [0xC004F014, 0, 0], [(?)(?)(?)(?)(?)(?)(?)(?)])(1 )(2 )(3 )]

"
"19-08-2026 13:41:11","1003","Information","Microsoft-Windows-Security-SPP","The Software Protection service has completed licensing status check.
Application Id=55c92734-d682-4d71-983e-d6ec3f16059f
Licensing Status=
1: 0724cb7d-3437-4cb7-93cb-830375d0079d, 1, 0 [(0 [0xC004F014, 0, 0], [(?)(?)(?)(?)(?)(?)(?)(?)])(1 )(2 )(3 )]

"
"19-08-2026 13:41:11","1003","Information","Microsoft-Windows-Security-SPP","The Software Protection service has completed licensing status check.
Application Id=55c92734-d682-4d71-983e-d6ec3f16059f
Licensing Status=
1: 040fa323-92b1-4baf-97a2-5b67feaefddb, 1, 0 [(0 [0xC004F014, 0, 0], [(?)(?)(?)(?)(?)(?)(?)(?)])(1 )(2 )(3 )]

"
"19-08-2026 13:41:11","1003","Information","Microsoft-Windows-Security-SPP","The Software Protection service has completed licensing status check.
Application Id=55c92734-d682-4d71-983e-d6ec3f16059f
Licensing Status=
1: 01eb852c-424d-4060-94b8-c10d799d7364, 1, 0 [(0 [0xC004F014, 0, 0], [(?)(?)(?)(?)(?)(?)(?)(?)])(1 )(2 )(3 )]

"
"19-08-2026 13:41:10","16394","Information","Microsoft-Windows-Security-SPP","Offline downlevel migration succeeded."
"19-08-2026 13:30:43","1035","Information","MsiInstaller","Windows Installer reconfigured the product. Product Name: Microsoft Visual C++ 2022 X64 Additional Runtime - 14.51.36247. Product Version: 14.51.36247. Product Language: 1033. Manufacturer: Microsoft Corporation. Reconfiguration success or error status: 0."
"19-08-2026 13:30:43","1035","Information","MsiInstaller","Windows Installer reconfigured the product. Product Name: Microsoft Windows Desktop Runtime - 10.0.11 (x64). Product Version: 80.44.56884. Product Language: 1033. Manufacturer: Microsoft Corporation. Reconfiguration success or error status: 0."
"19-08-2026 13:30:43","1035","Information","MsiInstaller","Windows Installer reconfigured the product. Product Name: Python 3.13.15 Standard Library (64-bit). Product Version: 3.13.15150.0. Product Language: 1033. Manufacturer: Python Software Foundation. Reconfiguration success or error status: 0."
"19-08-2026 13:30:42","1033","Information","MsiInstaller","Windows Installer installed the product. Product Name: SQL Server 2019 Database Engine Services. Product Version: 15.0.2000.5. Product Language: 1033. Manufacturer: Microsoft Corporation. Installation success or error status: 0."
"19-08-2026 13:30:42","1035","Information","MsiInstaller","Windows Installer reconfigured the product. Product Name: Spektion Sensor. Product Version: 3.0.8. Product Language: 1033. Manufacturer: Spektion. Reconfiguration success or error status: 0."
"19-08-2026 13:30:42","1035","Information","MsiInstaller","Windows Installer reconfigured the product. Product Name: FlexNet Inventory Agent. Product Version: 24.00.1511. Product Language: 1033. Manufacturer: Flexera Software LLC. Reconfiguration success or error status: 0."
"19-08-2026 13:30:42","1035","Information","MsiInstaller","Windows Installer reconfigured the product. Product Name: SQL Server 2019 XEvent. Product Version: 15.0.2000.5. Product Language: 1033. Manufacturer: Microsoft Corporation. Reconfiguration success or error status: 0."
"19-08-2026 13:30:42","1035","Information","MsiInstaller","Windows Installer reconfigured the product. Product Name: Microsoft SQL Server 2019 Setup (English). Product Version: 15.0.4013.40. Product Language: 1033. Manufacturer: Microsoft Corporation. Reconfiguration success or error status: 0."
"19-08-2026 13:30:41","1035","Information","MsiInstaller","Windows Installer reconfigured the product. Product Name: SQL Server 2019 Common Files. Product Version: 15.0.2000.5. Product Language: 1033. Manufacturer: Microsoft Corporation. Reconfiguration success or error status: 0."
"19-08-2026 13:30:41","1035","Information","MsiInstaller","Windows Installer reconfigured the product. Product Name: Python 3.13.15 Tcl/Tk Support (64-bit). Product Version: 3.13.15150.0. Product Language: 1033. Manufacturer: Python Software Foundation. Reconfiguration success or error status: 0."
"19-08-2026 13:30:41","1035","Information","MsiInstaller","Windows Installer reconfigured the product. Product Name: Microsoft ODBC Driver 17 for SQL Server. Product Version: 17.10.6.1. Product Language: 1033. Manufacturer: Microsoft Corporation. Reconfiguration success or error status: 0."
"19-08-2026 13:30:41","1035","Information","MsiInstaller","Windows Installer reconfigured the product. Product Name: SQL Server 2019 Database Engine Shared. Product Version: 15.0.2000.5. Product Language: 1033. Manufacturer: Microsoft Corporation. Reconfiguration success or error status: 0."
"19-08-2026 13:30:41","1035","Information","MsiInstaller","Windows Installer reconfigured the product. Product Name: Microsoft .NET Runtime - 8.0.30 (x64). Product Version: 64.120.56788. Product Language: 1033. Manufacturer: Microsoft Corporation. Reconfiguration success or error status: 0."
"19-08-2026 13:30:41","1033","Information","MsiInstaller","Windows Installer installed the product. Product Name: SQL Server 2019 Database Engine Services. Product Version: 15.0.2000.5. Product Language: 1033. Manufacturer: Microsoft Corporation. Installation success or error status: 0."
"19-08-2026 13:30:40","1035","Information","MsiInstaller","Windows Installer reconfigured the product. Product Name: Python 3.13.15 pip Bootstrap (64-bit). Product Version: 3.13.15150.0. Product Language: 1033. Manufacturer: Python Software Foundation. Reconfiguration success or error status: 0."
"19-08-2026 13:30:40","1035","Information","MsiInstaller","Windows Installer reconfigured the product. Product Name: SQL Server 2019 Shared Management Objects. Product Version: 15.0.2000.5. Product Language: 1033. Manufacturer: Microsoft Corporation. Reconfiguration success or error status: 0."
"19-08-2026 13:30:40","1035","Information","MsiInstaller","Windows Installer reconfigured the product. Product Name: SQL Server 2019 Batch Parser. Product Version: 15.0.2000.5. Product Language: 1033. Manufacturer: Microsoft Corporation. Reconfiguration success or error status: 0."
"19-08-2026 13:30:40","1035","Information","MsiInstaller","Windows Installer reconfigured the product. Product Name: Python 3.13.15 Documentation (64-bit). Product Version: 3.13.15150.0. Product Language: 1033. Manufacturer: Python Software Foundation. Reconfiguration success or error status: 0."
"19-08-2026 13:30:40","1035","Information","MsiInstaller","Windows Installer reconfigured the product. Product Name: Microsoft ASP.NET Core 8.0.30 Shared Framework (x64). Product Version: 8.0.30.26373. Product Language: 1033. Manufacturer: Microsoft Corporation. Reconfiguration success or error status: 0."
"19-08-2026 13:30:39","1035","Information","MsiInstaller","Windows Installer reconfigured the product. Product Name: SQL Server 2019 Shared Management Objects Extensions. Product Version: 15.0.2000.5. Product Language: 1033. Manufacturer: Microsoft Corporation. Reconfiguration success or error status: 0."
"19-08-2026 13:30:39","1035","Information","MsiInstaller","Windows Installer reconfigured the product. Product Name: SQL Server 2019 Common Files. Product Version: 15.0.2000.5. Product Language: 1033. Manufacturer: Microsoft Corporation. Reconfiguration success or error status: 0."
"19-08-2026 13:30:39","1035","Information","MsiInstaller","Windows Installer reconfigured the product. Product Name: Dell Command | Update for Windows Universal. Product Version: 5.7.1. Product Language: 1033. Manufacturer: Dell Inc.. Reconfiguration success or error status: 0."
"19-08-2026 13:30:39","1035","Information","MsiInstaller","Windows Installer reconfigured the product. Product Name: Python Launcher. Product Version: 3.13.15150.0. Product Language: 1033. Manufacturer: Python Software Foundation. Reconfiguration success or error status: 0."
"19-08-2026 13:30:39","1035","Information","MsiInstaller","Windows Installer reconfigured the product. Product Name: Microsoft SQL Server 2014 Express LocalDB. Product Version: 12.3.6024.0. Product Language: 1033. Manufacturer: Microsoft Corporation. Reconfiguration success or error status: 0."
"19-08-2026 13:30:39","1035","Information","MsiInstaller","Windows Installer reconfigured the product. Product Name: SQL Server 2019 Shared Management Objects. Product Version: 15.0.2000.5. Product Language: 1033. Manufacturer: Microsoft Corporation. Reconfiguration success or error status: 0."
"19-08-2026 13:30:38","1035","Information","MsiInstaller","Windows Installer reconfigured the product. Product Name: Python 3.13.15 Core Interpreter (64-bit). Product Version: 3.13.15150.0. Product Language: 1033. Manufacturer: Python Software Foundation. Reconfiguration success or error status: 0."
"19-08-2026 13:30:38","1035","Information","MsiInstaller","Windows Installer reconfigured the product. Product Name: Microsoft Visual C++ 2022 X86 Additional Runtime - 14.51.36247. Product Version: 14.51.36247. Product Language: 1033. Manufacturer: Microsoft Corporation. Reconfiguration success or error status: 0."
"19-08-2026 13:30:38","1035","Information","MsiInstaller","Windows Installer reconfigured the product. Product Name: Check Point VPN. Product Version: 98.61.5609. Product Language: 1033. Manufacturer: Check Point Software Technologies Ltd.. Reconfiguration success or error status: 0."
"19-08-2026 13:30:38","1035","Information","MsiInstaller","Windows Installer reconfigured the product. Product Name: Microsoft .NET Host - 8.0.30 (x86). Product Version: 64.120.56788. Product Language: 1033. Manufacturer: Microsoft Corporation. Reconfiguration success or error status: 0."
"19-08-2026 13:30:38","1035","Information","MsiInstaller","Windows Installer reconfigured the product. Product Name: Microsoft ASP.NET Core 8.0.30 Hosting Bundle Options. Product Version: 8.0.30.26373. Product Language: 1033. Manufacturer: Microsoft Corporation. Reconfiguration success or error status: 0."
"19-08-2026 13:30:37","1035","Information","MsiInstaller","Windows Installer reconfigured the product. Product Name: SQL Server 2019 SQL Diagnostics. Product Version: 15.0.2000.5. Product Language: 1033. Manufacturer: Microsoft Corporation. Reconfiguration success or error status: 0."
"19-08-2026 13:30:37","1035","Information","MsiInstaller","Windows Installer reconfigured the product. Product Name: Microsoft Visual C++ 2022 X86 Minimum Runtime - 14.51.36247. Product Version: 14.51.36247. Product Language: 1033. Manufacturer: Microsoft Corporation. Reconfiguration success or error status: 0."
"19-08-2026 13:30:37","1035","Information","MsiInstaller","Windows Installer reconfigured the product. Product Name: Microsoft ASP.NET Core 8.0.30 Shared Framework (x86). Product Version: 8.0.30.26373. Product Language: 1033. Manufacturer: Microsoft Corporation. Reconfiguration success or error status: 0."
"19-08-2026 13:30:37","1035","Information","MsiInstaller","Windows Installer reconfigured the product. Product Name: Microsoft SQL Server 2012 Native Client. Product Version: 11.4.7515.2. Product Language: 1033. Manufacturer: Microsoft Corporation. Reconfiguration success or error status: 0."
"19-08-2026 13:30:37","1035","Information","MsiInstaller","Windows Installer reconfigured the product. Product Name: Microsoft Windows Desktop Runtime - 8.0.30 (x64). Product Version: 64.120.56881. Product Language: 1033. Manufacturer: Microsoft Corporation. Reconfiguration success or error status: 0."
"19-08-2026 13:30:36","1035","Information","MsiInstaller","Windows Installer reconfigured the product. Product Name: Python 3.13.15 Executables (64-bit). Product Version: 3.13.15150.0. Product Language: 1033. Manufacturer: Python Software Foundation. Reconfiguration success or error status: 0."
"19-08-2026 13:30:36","1035","Information","MsiInstaller","Windows Installer reconfigured the product. Product Name: SQL Server 2019 Shared Management Objects Extensions. Product Version: 15.0.2000.5. Product Language: 1033. Manufacturer: Microsoft Corporation. Reconfiguration success or error status: 0."
"19-08-2026 13:30:36","1035","Information","MsiInstaller","Windows Installer reconfigured the product. Product Name: Dell Core Services. Product Version: 1.15.13.0. Product Language: 1033. Manufacturer: Dell, Inc.. Reconfiguration success or error status: 0."
"19-08-2026 13:30:36","1035","Information","MsiInstaller","Windows Installer reconfigured the product. Product Name: SQL Server 2019 DMF. Product Version: 15.0.2000.5. Product Language: 1033. Manufacturer: Microsoft Corporation. Reconfiguration success or error status: 0."
"19-08-2026 13:30:36","1035","Information","MsiInstaller","Windows Installer reconfigured the product. Product Name: Browser for SQL Server 2019. Product Version: 15.0.2000.5. Product Language: 1033. Manufacturer: Microsoft Corporation. Reconfiguration success or error status: 0."
"19-08-2026 13:30:35","1035","Information","MsiInstaller","Windows Installer reconfigured the product. Product Name: SQL Server 2019 Database Engine Shared. Product Version: 15.0.2000.5. Product Language: 1033. Manufacturer: Microsoft Corporation. Reconfiguration success or error status: 0."
"19-08-2026 13:30:35","1035","Information","MsiInstaller","Windows Installer reconfigured the product. Product Name: BrightAuthor 5.0. Product Version: 5.0.2.0. Product Language: 1033. Manufacturer: BrightSign. Reconfiguration success or error status: 0."
"19-08-2026 13:30:35","1035","Information","MsiInstaller","Windows Installer reconfigured the product. Product Name: Microsoft .NET Host FX Resolver - 8.0.30 (x86). Product Version: 64.120.56788. Product Language: 1033. Manufacturer: Microsoft Corporation. Reconfiguration success or error status: 0."
"19-08-2026 13:30:35","1035","Information","MsiInstaller","Windows Installer reconfigured the product. Product Name: Microsoft .NET Host - 8.0.30 (x64). Product Version: 64.120.56788. Product Language: 1033. Manufacturer: Microsoft Corporation. Reconfiguration success or error status: 0."
"19-08-2026 13:30:35","1035","Information","MsiInstaller","Windows Installer reconfigured the product. Product Name: Microsoft Power BI Desktop (x64). Product Version: 2.156.951.0. Product Language: 1033. Manufacturer: Microsoft Corporation. Reconfiguration success or error status: 0."
"19-08-2026 13:30:34","1035","Information","MsiInstaller","Windows Installer reconfigured the product. Product Name: SQL Server 2019 Connection Info. Product Version: 15.0.2000.5. Product Language: 1033. Manufacturer: Microsoft Corporation. Reconfiguration success or error status: 0."
"19-08-2026 13:30:34","1035","Information","MsiInstaller","Windows Installer reconfigured the product. Product Name: Python 3.13.15 Development Libraries (64-bit). Product Version: 3.13.15150.0. Product Language: 1033. Manufacturer: Python Software Foundation. Reconfiguration success or error status: 0."
"19-08-2026 13:30:34","1035","Information","MsiInstaller","Windows Installer reconfigured the product. Product Name: File_Watcher. Product Version: 1.0.0. Product Language: 1033. Manufacturer: NIQ. Reconfiguration success or error status: 0."
"19-08-2026 13:30:34","1035","Information","MsiInstaller","Windows Installer reconfigured the product. Product Name: Cirrus Audio Driver Setup. Product Version: 1.2.44. Product Language: 1033. Manufacturer: Cirrus Logic Inc.. Reconfiguration success or error status: 0."
"19-08-2026 13:30:33","1035","Information","MsiInstaller","Windows Installer reconfigured the product. Product Name: Microsoft .NET Host FX Resolver - 8.0.30 (x64). Product Version: 64.120.56788. Product Language: 1033. Manufacturer: Microsoft Corporation. Reconfiguration success or error status: 0."
"19-08-2026 13:30:33","1035","Information","MsiInstaller","Windows Installer reconfigured the product. Product Name: Microsoft VSS Writer for SQL Server 2019. Product Version: 15.0.2000.5. Product Language: 1033. Manufacturer: Microsoft Corporation. Reconfiguration success or error status: 0."
"19-08-2026 13:30:33","1035","Information","MsiInstaller","Windows Installer reconfigured the product. Product Name: Microsoft SQL Server 2019 RsFx Driver. Product Version: 15.0.2000.5. Product Language: 1033. Manufacturer: Microsoft Corporation. Reconfiguration success or error status: 0."
"19-08-2026 13:30:33","1035","Information","MsiInstaller","Windows Installer reconfigured the product. Product Name: BarTender. Product Version: 11.5.1. Product Language: 1033. Manufacturer: Seagull Software. Reconfiguration success or error status: 0."
"19-08-2026 13:30:32","1035","Information","MsiInstaller","Windows Installer reconfigured the product. Product Name: Zscaler. Product Version: 4.8.0.232. Product Language: 1033. Manufacturer: Zscaler Inc.. Reconfiguration success or error status: 0."
"19-08-2026 13:30:32","1035","Information","MsiInstaller","Windows Installer reconfigured the product. Product Name: SQL Server 2019 DMF. Product Version: 15.0.2000.5. Product Language: 1033. Manufacturer: Microsoft Corporation. Reconfiguration success or error status: 0."
"19-08-2026 13:30:32","1035","Information","MsiInstaller","Windows Installer reconfigured the product. Product Name: SQL Server 2019 Connection Info. Product Version: 15.0.2000.5. Product Language: 1033. Manufacturer: Microsoft Corporation. Reconfiguration success or error status: 0."
"19-08-2026 13:30:31","1035","Information","MsiInstaller","Windows Installer reconfigured the product. Product Name: Microsoft OLE DB Driver for SQL Server. Product Version: 18.7.4.0. Product Language: 1033. Manufacturer: Microsoft Corporation. Reconfiguration success or error status: 0."
"19-08-2026 13:30:31","1035","Information","MsiInstaller","Windows Installer reconfigured the product. Product Name: SQL Server 2019 XEvent. Product Version: 15.0.2000.5. Product Language: 1033. Manufacturer: Microsoft Corporation. Reconfiguration success or error status: 0."
"19-08-2026 13:30:31","1035","Information","MsiInstaller","Windows Installer reconfigured the product. Product Name: ZscalerEP. Product Version: 26.05.0.36. Product Language: 1033. Manufacturer: Zscaler. Reconfiguration success or error status: 0."
"19-08-2026 13:30:31","1035","Information","MsiInstaller","Windows Installer reconfigured the product. Product Name: Microsoft .NET Runtime - 10.0.11 (x64). Product Version: 80.44.56884. Product Language: 1033. Manufacturer: Microsoft Corporation. Reconfiguration success or error status: 0."
"19-08-2026 13:30:31","1035","Information","MsiInstaller","Windows Installer reconfigured the product. Product Name: Dell SupportAssist OS Recovery Plugin for Dell Update. Product Version: 5.5.16.2. Product Language: 1033. Manufacturer: Dell Inc.. Reconfiguration success or error status: 0."
"19-08-2026 13:30:30","1035","Information","MsiInstaller","Windows Installer reconfigured the product. Product Name: Microsoft .NET Runtime - 8.0.30 (x86). Product Version: 64.120.56788. Product Language: 1033. Manufacturer: Microsoft Corporation. Reconfiguration success or error status: 0."
"19-08-2026 13:30:30","1035","Information","MsiInstaller","Windows Installer reconfigured the product. Product Name: Google Chrome. Product Version: 151.0.7922.138. Product Language: 1033. Manufacturer: Google LLC. Reconfiguration success or error status: 0."
"19-08-2026 13:30:30","1035","Information","MsiInstaller","Windows Installer reconfigured the product. Product Name: Microsoft SQL Server 2019 T-SQL Language Service. Product Version: 15.0.2000.5. Product Language: 1033. Manufacturer: Microsoft Corporation. Reconfiguration success or error status: 0."
"19-08-2026 13:30:30","1035","Information","MsiInstaller","Windows Installer reconfigured the product. Product Name: Microsoft Visual C++ 2022 X64 Minimum Runtime - 14.51.36247. Product Version: 14.51.36247. Product Language: 1033. Manufacturer: Microsoft Corporation. Reconfiguration success or error status: 0."
"19-08-2026 13:30:30","1035","Information","MsiInstaller","Windows Installer reconfigured the product. Product Name: Python 3.13.15 Add to Path (64-bit). Product Version: 3.13.15150.0. Product Language: 1033. Manufacturer: Python Software Foundation. Reconfiguration success or error status: 0."
"19-08-2026 13:30:30","1035","Information","MsiInstaller","Windows Installer reconfigured the product. Product Name: Microsoft .NET Host FX Resolver - 10.0.11 (x64). Product Version: 80.44.56884. Product Language: 1033. Manufacturer: Microsoft Corporation. Reconfiguration success or error status: 0."
"19-08-2026 13:30:29","1035","Information","MsiInstaller","Windows Installer reconfigured the product. Product Name: Microsoft Intune Management Extension. Product Version: 1.104.102.0. Product Language: 1033. Manufacturer: Microsoft Corporation. Reconfiguration success or error status: 0."
"19-08-2026 13:30:29","1035","Information","MsiInstaller","Windows Installer reconfigured the product. Product Name: Microsoft .NET Host - 10.0.11 (x64). Product Version: 80.44.56884. Product Language: 1033. Manufacturer: Microsoft Corporation. Reconfiguration success or error status: 0."
"19-08-2026 13:30:29","1035","Information","MsiInstaller","Windows Installer reconfigured the product. Product Name: Office 16 Click-to-Run Extensibility Component. Product Version: 16.0.20131.20112. Product Language: 0. Manufacturer: Microsoft Corporation. Reconfiguration success or error status: 0."
"19-08-2026 13:29:33","16384","Information","Microsoft-Windows-Security-SPP","Successfully scheduled Software Protection service for re-start at 2126-07-26T07:59:32Z. Reason: RulesEngine."
"19-08-2026 13:28:40","16394","Information","Microsoft-Windows-Security-SPP","Offline downlevel migration succeeded."
"19-08-2026 13:17:32","1000","Information",".NET Runtime","CLABP:
Device:                    Speakers (4- Cirrus Logic XU) {0.0.0.00000000}.{45d28dc2-5526-4063-98de-2b18fc40ed90} - Speakers
UseCase Name:              Deafault low volume retune
EFX Left:                  
EFX Right:                 
EFX Left Version:          
EFX Right Version:         
MFX Default Left:          
MFX Default Right:         
MFX Default Left Version:  
MFX Default Right Version: 
MFX Media Left:            
MFX Media Right:           
MFX Media Left Version:    
MFX Media Right Version:   
Apps:                      
Contortions:               
Orientations:              
Display Orientations:      
Min Volume:                
Endpoints:                 Speakers"
"19-08-2026 13:14:16","1000","Information",".NET Runtime","CLABP:
Device:                    Speakers (4- Cirrus Logic XU) {0.0.0.00000000}.{45d28dc2-5526-4063-98de-2b18fc40ed90} - Speakers
UseCase Name:              Teams VoIP
EFX Left:                  
EFX Right:                 
EFX Left Version:          
EFX Right Version:         
MFX Default Left:          
MFX Default Right:         
MFX Default Left Version:  
MFX Default Right Version: 
MFX Media Left:            
MFX Media Right:           
MFX Media Left Version:    
MFX Media Right Version:   
Apps:                      teams
Contortions:               
Orientations:              
Display Orientations:      
Min Volume:                
Endpoints:                 Speakers"
"19-08-2026 13:13:36","10001","Information","Microsoft-Windows-RestartManager","Ending session 1 started ‎2026‎-‎08‎-‎19T07:43:36.414306700Z."
"19-08-2026 13:13:36","10000","Information","Microsoft-Windows-RestartManager","Starting session 1 - ‎2026‎-‎08‎-‎19T07:43:36.414306700Z."
"19-08-2026 12:49:51","16384","Information","Microsoft-Windows-Security-SPP","Successfully scheduled Software Protection service for re-start at 2126-07-26T07:19:51Z. Reason: RulesEngine."
"19-08-2026 12:48:52","16394","Information","Microsoft-Windows-Security-SPP","Offline downlevel migration succeeded."
"19-08-2026 12:43:10","0","Information","edgeupdate","Service stopped."
"19-08-2026 12:10:41","8224","Information","VSS","The VSS service is shutting down due to idle timeout. "
"19-08-2026 12:05:29","16384","Information","Microsoft-Windows-Security-SPP","Successfully scheduled Software Protection service for re-start at 2126-07-26T06:35:29Z. Reason: RulesEngine."
