"19-08-2026 10:14:46","10000","Information","Microsoft-Windows-RestartManager","Starting session 0 - ‎2026‎-‎08‎-‎19T04:44:46.292230900Z."
"19-08-2026 10:14:47","1040","Information","MsiInstaller","Beginning a Windows Installer transaction: C:\ProgramData\Package Cache\{D629906C-1E1C-4728-AB21-81690B4F435C}v64.120.56788\dotnet-runtime-8.0.30-win-x64.msi. Client Process Id: 30460."
"19-08-2026 10:14:47","1042","Information","MsiInstaller","Ending a Windows Installer transaction: C:\ProgramData\Package Cache\{F4291768-629B-3B3A-92F3-90FFBD9E3E1E}v8.0.30.26373\WindowsServerHostingBundleOptions.msi. Client Process Id: 30460."
"19-08-2026 10:14:47","1033","Information","MsiInstaller","Windows Installer installed the product. Product Name: Microsoft ASP.NET Core 8.0.30 Hosting Bundle Options. Product Version: 8.0.30.26373. Product Language: 1033. Manufacturer: Microsoft Corporation. Installation success or error status: 0."
"19-08-2026 10:14:47","11707","Information","MsiInstaller","Product: Microsoft ASP.NET Core 8.0.30 Hosting Bundle Options -- Installation completed successfully."
"19-08-2026 10:14:46","1040","Information","MsiInstaller","Beginning a Windows Installer transaction: C:\ProgramData\Package Cache\{F4291768-629B-3B3A-92F3-90FFBD9E3E1E}v8.0.30.26373\WindowsServerHostingBundleOptions.msi. Client Process Id: 30460."
"19-08-2026 10:14:38","10001","Information","Microsoft-Windows-RestartManager","Ending session 0 started ‎2026‎-‎08‎-‎19T04:44:37.818794200Z."
"19-08-2026 10:14:38","10001","Information","Microsoft-Windows-RestartManager","Ending session 0 started ‎2026‎-‎08‎-‎19T04:44:37.201544200Z."
"19-08-2026 10:14:38","1042","Information","MsiInstaller","Ending a Windows Installer transaction: {DA493AF2-5A21-4D85-BB57-757D7525EB73}. Client Process Id: 6908."
"19-08-2026 10:14:38","1034","Information","MsiInstaller","Windows Installer removed the product. Product Name: Microsoft .NET Host FX Resolver - 10.0.10 (x64). Product Version: 80.40.55332. Product Language: 1033. Manufacturer: Microsoft Corporation. Removal success or error status: 0."
"19-08-2026 10:14:38","11724","Information","MsiInstaller","Product: Microsoft .NET Host FX Resolver - 10.0.10 (x64) -- Removal completed successfully."
"19-08-2026 10:14:38","10005","Information","Microsoft-Windows-RestartManager","Machine restart is required."
"19-08-2026 10:14:38","10010","Warning","Microsoft-Windows-RestartManager","Application 'C:\Program Files\Dell\Dell Display and Peripheral Manager\Plugins\Subagent\DDPM.Subagent.User.exe' (pid 21568) cannot be restarted - Application SID does not match Conductor SID.."
"19-08-2026 10:14:37","10000","Information","Microsoft-Windows-RestartManager","Starting session 0 - ‎2026‎-‎08‎-‎19T04:44:37.818794200Z."
"19-08-2026 10:14:37","10005","Information","Microsoft-Windows-RestartManager","Machine restart is required."
"19-08-2026 10:14:37","10010","Warning","Microsoft-Windows-RestartManager","Application 'C:\Program Files\Dell\Dell Display and Peripheral Manager\Plugins\Subagent\DDPM.Subagent.User.exe' (pid 21568) cannot be restarted - Application SID does not match Conductor SID.."
"19-08-2026 10:14:37","10000","Information","Microsoft-Windows-RestartManager","Starting session 0 - ‎2026‎-‎08‎-‎19T04:44:37.201544200Z."
"19-08-2026 10:14:37","10001","Information","Microsoft-Windows-RestartManager","Ending session 0 started ‎2026‎-‎08‎-‎19T04:44:32.146150600Z."
"19-08-2026 10:14:37","10001","Information","Microsoft-Windows-RestartManager","Ending session 0 started ‎2026‎-‎08‎-‎19T04:44:23.441522100Z."
"19-08-2026 10:14:37","1040","Information","MsiInstaller","Beginning a Windows Installer transaction: {DA493AF2-5A21-4D85-BB57-757D7525EB73}. Client Process Id: 6908."
"19-08-2026 10:14:37","1042","Information","MsiInstaller","Ending a Windows Installer transaction: {441FCDB0-A03A-4130-A1D5-FFD8C53CFF6B}. Client Process Id: 6908."
"19-08-2026 10:14:37","1034","Information","MsiInstaller","Windows Installer removed the product. Product Name: Microsoft .NET Runtime - 10.0.10 (x64). Product Version: 80.40.55332. Product Language: 1033. Manufacturer: Microsoft Corporation. Removal success or error status: 0."
"19-08-2026 10:14:37","11724","Information","MsiInstaller","Product: Microsoft .NET Runtime - 10.0.10 (x64) -- Removal completed successfully."
"19-08-2026 10:14:32","10005","Information","Microsoft-Windows-RestartManager","Machine restart is required."
"19-08-2026 10:14:32","10000","Information","Microsoft-Windows-RestartManager","Starting session 0 - ‎2026‎-‎08‎-‎19T04:44:32.146150600Z."
"19-08-2026 10:14:32","10005","Information","Microsoft-Windows-RestartManager","Machine restart is required."
"19-08-2026 10:14:23","10000","Information","Microsoft-Windows-RestartManager","Starting session 0 - ‎2026‎-‎08‎-‎19T04:44:23.441522100Z."
"19-08-2026 10:14:23","10001","Information","Microsoft-Windows-RestartManager","Ending session 0 started ‎2026‎-‎08‎-‎19T04:44:16.310969300Z."
"19-08-2026 10:14:23","10001","Information","Microsoft-Windows-RestartManager","Ending session 0 started ‎2026‎-‎08‎-‎19T04:44:14.081730400Z."
"19-08-2026 10:14:23","1040","Information","MsiInstaller","Beginning a Windows Installer transaction: {441FCDB0-A03A-4130-A1D5-FFD8C53CFF6B}. Client Process Id: 6908."
"19-08-2026 10:14:23","1042","Information","MsiInstaller","Ending a Windows Installer transaction: {F0BCFB2E-4878-4F6E-BD5D-3ABFF264829E}. Client Process Id: 6908."
"19-08-2026 10:14:23","1034","Information","MsiInstaller","Windows Installer removed the product. Product Name: Microsoft Windows Desktop Runtime - 10.0.10 (x64). Product Version: 80.40.55332. Product Language: 1033. Manufacturer: Microsoft Corporation. Removal success or error status: 0."
"19-08-2026 10:14:23","11724","Information","MsiInstaller","Product: Microsoft Windows Desktop Runtime - 10.0.10 (x64) -- Removal completed successfully."
"19-08-2026 10:14:16","10005","Information","Microsoft-Windows-RestartManager","Machine restart is required."
"19-08-2026 10:14:16","10000","Information","Microsoft-Windows-RestartManager","Starting session 0 - ‎2026‎-‎08‎-‎19T04:44:16.310969300Z."
"19-08-2026 10:14:16","10005","Information","Microsoft-Windows-RestartManager","Machine restart is required."
"19-08-2026 10:14:14","10000","Information","Microsoft-Windows-RestartManager","Starting session 0 - ‎2026‎-‎08‎-‎19T04:44:14.081730400Z."
"19-08-2026 10:14:13","1040","Information","MsiInstaller","Beginning a Windows Installer transaction: {F0BCFB2E-4878-4F6E-BD5D-3ABFF264829E}. Client Process Id: 6908."
"19-08-2026 10:14:12","10001","Information","Microsoft-Windows-RestartManager","Ending session 0 started ‎2026‎-‎08‎-‎19T04:44:07.574201900Z."
"19-08-2026 10:14:12","1042","Information","MsiInstaller","Ending a Windows Installer transaction: C:\ProgramData\Package Cache\{042FE0BF-0E19-47E0-8864-22F483C784E6}v80.44.56884\windowsdesktop-runtime-10.0.11-win-x64.msi. Client Process Id: 4932."
"19-08-2026 10:14:12","1033","Information","MsiInstaller","Windows Installer installed the product. Product Name: Microsoft Windows Desktop Runtime - 10.0.11 (x64). Product Version: 80.44.56884. Product Language: 1033. Manufacturer: Microsoft Corporation. Installation success or error status: 0."
"19-08-2026 10:14:12","11707","Information","MsiInstaller","Product: Microsoft Windows Desktop Runtime - 10.0.11 (x64) -- Installation completed successfully."
"19-08-2026 10:14:07","10000","Information","Microsoft-Windows-RestartManager","Starting session 0 - ‎2026‎-‎08‎-‎19T04:44:07.574201900Z."
"19-08-2026 10:14:07","10001","Information","Microsoft-Windows-RestartManager","Ending session 0 started ‎2026‎-‎08‎-‎19T04:44:03.864537300Z."
"19-08-2026 10:14:07","1040","Information","MsiInstaller","Beginning a Windows Installer transaction: C:\ProgramData\Package Cache\{042FE0BF-0E19-47E0-8864-22F483C784E6}v80.44.56884\windowsdesktop-runtime-10.0.11-win-x64.msi. Client Process Id: 4932."
"19-08-2026 10:14:07","1042","Information","MsiInstaller","Ending a Windows Installer transaction: C:\ProgramData\Package Cache\{0B4F3EF1-06F1-46E4-B662-A33DECC02141}v80.44.56884\dotnet-runtime-10.0.11-win-x64.msi. Client Process Id: 4932."
"19-08-2026 10:14:07","1033","Information","MsiInstaller","Windows Installer installed the product. Product Name: Microsoft .NET Runtime - 10.0.11 (x64). Product Version: 80.44.56884. Product Language: 1033. Manufacturer: Microsoft Corporation. Installation success or error status: 0."
"19-08-2026 10:14:07","11707","Information","MsiInstaller","Product: Microsoft .NET Runtime - 10.0.11 (x64) -- Installation completed successfully."
"19-08-2026 10:14:03","10000","Information","Microsoft-Windows-RestartManager","Starting session 0 - ‎2026‎-‎08‎-‎19T04:44:03.864537300Z."
"19-08-2026 10:14:03","10001","Information","Microsoft-Windows-RestartManager","Ending session 0 started ‎2026‎-‎08‎-‎19T04:44:03.273982800Z."
"19-08-2026 10:14:03","1040","Information","MsiInstaller","Beginning a Windows Installer transaction: C:\ProgramData\Package Cache\{0B4F3EF1-06F1-46E4-B662-A33DECC02141}v80.44.56884\dotnet-runtime-10.0.11-win-x64.msi. Client Process Id: 4932."
"19-08-2026 10:14:03","1042","Information","MsiInstaller","Ending a Windows Installer transaction: C:\ProgramData\Package Cache\{208D3FC0-B592-4221-8E53-6B21621E9951}v80.44.56884\dotnet-hostfxr-10.0.11-win-x64.msi. Client Process Id: 4932."
"19-08-2026 10:14:03","1033","Information","MsiInstaller","Windows Installer installed the product. Product Name: Microsoft .NET Host FX Resolver - 10.0.11 (x64). Product Version: 80.44.56884. Product Language: 1033. Manufacturer: Microsoft Corporation. Installation success or error status: 0."
"19-08-2026 10:14:03","11707","Information","MsiInstaller","Product: Microsoft .NET Host FX Resolver - 10.0.11 (x64) -- Installation completed successfully."
"19-08-2026 10:14:03","10000","Information","Microsoft-Windows-RestartManager","Starting session 0 - ‎2026‎-‎08‎-‎19T04:44:03.273982800Z."
"19-08-2026 10:14:03","10001","Information","Microsoft-Windows-RestartManager","Ending session 0 started ‎2026‎-‎08‎-‎19T04:44:02.782217400Z."
"19-08-2026 10:14:03","10001","Information","Microsoft-Windows-RestartManager","Ending session 0 started ‎2026‎-‎08‎-‎19T04:44:01.548913900Z."
"19-08-2026 10:14:02","10000","Information","Microsoft-Windows-RestartManager","Starting session 0 - ‎2026‎-‎08‎-‎19T04:44:02.782217400Z."
"19-08-2026 10:14:03","1040","Information","MsiInstaller","Beginning a Windows Installer transaction: C:\ProgramData\Package Cache\{208D3FC0-B592-4221-8E53-6B21621E9951}v80.44.56884\dotnet-hostfxr-10.0.11-win-x64.msi. Client Process Id: 4932."
"19-08-2026 10:14:03","1042","Information","MsiInstaller","Ending a Windows Installer transaction: C:\ProgramData\Package Cache\{E1510730-5A34-4EF3-B865-84351D8BF1BA}v80.44.56884\dotnet-host-10.0.11-win-x64.msi. Client Process Id: 4932."
"19-08-2026 10:14:03","1033","Information","MsiInstaller","Windows Installer installed the product. Product Name: Microsoft .NET Host - 10.0.11 (x64). Product Version: 80.44.56884. Product Language: 1033. Manufacturer: Microsoft Corporation. Installation success or error status: 0."
"19-08-2026 10:14:03","11707","Information","MsiInstaller","Product: Microsoft .NET Host - 10.0.11 (x64) -- Installation completed successfully."
"19-08-2026 10:14:01","10000","Information","Microsoft-Windows-RestartManager","Starting session 0 - ‎2026‎-‎08‎-‎19T04:44:01.548913900Z."
"19-08-2026 10:14:01","1040","Information","MsiInstaller","Beginning a Windows Installer transaction: C:\ProgramData\Package Cache\{E1510730-5A34-4EF3-B865-84351D8BF1BA}v80.44.56884\dotnet-host-10.0.11-win-x64.msi. Client Process Id: 4932."
"19-08-2026 10:13:34","16384","Information","Microsoft-Windows-Security-SPP","Successfully scheduled Software Protection service for re-start at 2126-07-26T04:43:34Z. Reason: RulesEngine."
"19-08-2026 10:12:28","16394","Information","Microsoft-Windows-Security-SPP","Offline downlevel migration succeeded."
"19-08-2026 10:12:19","16384","Information","Microsoft-Windows-Security-SPP","Successfully scheduled Software Protection service for re-start at 2126-07-26T04:42:18Z. Reason: RulesEngine."
"19-08-2026 10:11:44","16394","Information","Microsoft-Windows-Security-SPP","Offline downlevel migration succeeded."
"19-08-2026 10:07:35","8224","Information","VSS","The VSS service is shutting down due to idle timeout. "
"19-08-2026 10:07:30","326","Information","ESENT","svchost (10616,D,50,0) DS_Token_DB: The database engine attached a database (1, C:\Windows\system32\config\systemprofile\AppData\Local\DataSharing\Storage\DSTokenDB2.dat). (Time=0 seconds) 
 
Saved Cache: 1 0 
Additional Data: lgposAttach = 00000008:0006:0268,
dbv = 1568.300.620 (9620) 
 
Internal Timing Sequence: 
[1] 0.000009 +J(0) +M(C:0K, Fs:1, WS:4K # 0K, PF:0K # 0K, P:0K)
[2] 0.002087 -0.000090 (1) WT +J(0) +M(C:0K, Fs:17, WS:4K # 4K, PF:4K # 0K, P:4K)
[3] 0.007289 -0.000829 (6) WT +J(CM:0, PgRf:0, Rd:0/0, Dy:0/0, Lg:3480/2) +M(C:0K, Fs:6, WS:20K # 0K, PF:20K # 0K, P:20K)
[4] 0.002985 +J(0) +M(C:0K, Fs:1, WS:4K # 0K, PF:4K # 0K, P:4K)
[5] -
[6] 0.000318 -0.000189 (2) CM -0.000090 (2) WT +J(CM:2, PgRf:2, Rd:0/2, Dy:0/0, Lg:0/0) +M(C:0K, Fs:2, WS:8K # 0K, PF:0K # 0K, P:0K)
[7] 0.000004 +J(0)
[8] 0.000283 -0.000089 (1) CM -0.000037 (1) WT +J(CM:1, PgRf:1, Rd:4/1, Dy:0/0, Lg:0/0) +M(C:16K, Fs:26, WS:100K # 68K, PF:212K # 176K, P:212K)
[9] -
[10] -
[11] -
[12] 0.000012 +J(CM:0, PgRf:0, Rd:0/0, Dy:0/0, Lg:54/1) +M(C:0K, Fs:1, WS:4K # 4K, PF:20K # 16K, P:20K)
[13] 0.000674 -0.000467 (3) CM -0.000342 (3) WT +J(CM:3, PgRf:23, Rd:0/3, Dy:0/0, Lg:0/0) +M(C:-8K, Fs:21, WS:76K # 76K, PF:-4K # 4K, P:-4K)
[14] 0.000404 -0.000244 (2) CM -0.000154 (2) WT +J(CM:2, PgRf:40, Rd:0/2, Dy:0/0, Lg:0/0) +M(C:0K, Fs:3, WS:12K # 12K, PF:64K # 56K, P:64K)
[15] 0.000116 -0.000089 (1) CM -0.000051 (1) WT +J(CM:1, PgRf:1, Rd:0/1, Dy:0/0, Lg:0/0)
[16] 0.000019 +J(CM:0, PgRf:1, Rd:0/0, Dy:0/0, Lg:0/0) +M(C:0K, Fs:1, WS:4K # 4K, PF:0K # 0K, P:0K)
[17] 0.000177 -0.000096 (1) CM -0.000047 (1) WT +J(CM:1, PgRf:42, Rd:0/1, Dy:0/0, Lg:0/0) +M(C:0K, Fs:9, WS:36K # 36K, PF:0K # 0K, P:0K)
[18] 0.000001 +J(0)
[19] 0.0 +J(0)
[20] 0.000123 -0.000077 (1) CM -0.000036 (1) WT +J(CM:1, PgRf:3, Rd:0/1, Dy:0/0, Lg:0/0) +M(C:0K, Fs:3, WS:12K # 12K, PF:0K # 0K, P:0K)."
"19-08-2026 10:07:29","105","Information","ESENT","svchost (10616,D,0,0) DS_Token_DB: The database engine started a new instance (0). (Time=0.080 seconds) 
 
Additional Data:
 lgposV2[] = 00000008:0001:0000 - 00000008:0003:0039 - 00000008:0004:0000 - 00000008:0004:0000 (00000000:0000:0000)
cReInits = 1
RBSOn = 0
 
 
Internal Timing Sequence: 
[1] 0.000902 +J(0) +M(C:0K, Fs:177, WS:680K # 680K, PF:3192K # 3192K, P:3192K)
[2] 0.000406 +J(0) +M(C:8K, Fs:131, WS:512K # 512K, PF:1288K # 1288K, P:1288K)
[3] 0.000019 +J(0) +M(C:0K, Fs:1, WS:4K # 4K, PF:64K # 64K, P:64K)
[4] 0.000206 +J(0) +M(C:0K, Fs:121, WS:480K # 480K, PF:196K # 196K, P:196K)
[5] 0.001540 +J(0) +M(C:0K, Fs:157, WS:628K # 628K, PF:20K # 20K, P:20K)
[6] 0.004306 +J(0) +M(C:0K, Fs:44, WS:176K # 176K, PF:12K # 12K, P:12K)
[7] 0.002595 -0.000483 (2) WT +J(0) +M(C:0K, Fs:40, WS:160K # 160K, PF:68K # 68K, P:68K)
[8] 0.032612 -0.002755 (12) WT +J(CM:0, PgRf:0, Rd:0/0, Dy:0/0, Lg:12168/8) +M(C:0K, Fs:130, WS:364K # 364K, PF:236K # 240K, P:236K)
[9] 0.001455 +J(0) +M(C:0K, Fs:17, WS:68K # 68K, PF:8K # 4K, P:8K)
[10] 0.002271 -0.000371 (1) WT +J(0) +M(C:0K, Fs:2, WS:-52K # 8K, PF:-60K # 0K, P:-60K)
[11] 0.000049 +J(CM:0, PgRf:0, Rd:0/0, Dy:0/0, Lg:49/1) +M(C:0K, Fs:4, WS:16K # 0K, PF:0K # 0K, P:0K)
[12] 0.000410 +J(0)
[13] 0.030306 -0.000473 (2) CM -0.001643 (17) WT +J(CM:2, PgRf:2, Rd:0/2, Dy:0/0, Lg:8759/5) +M(C:0K, Fs:78, WS:188K # 208K, PF:184K # 192K, P:184K)
[14] 0.000029 +J(0)
[15] 0.000017 +J(0)
[16] 0.002532 -0.000087 (1) WT +J(0) +M(C:0K, Fs:2, WS:0K # 0K, PF:0K # 0K, P:0K)."
"19-08-2026 10:07:29","302","Information","ESENT","svchost (10616,U,98,0) DS_Token_DB: The database engine has successfully completed recovery steps."
"19-08-2026 10:07:29","301","Information","ESENT","svchost (10616,R,98,0) DS_Token_DB: The database engine has finished replaying logfile C:\Windows\system32\config\systemprofile\AppData\Local\DataSharing\Storage\DSS.log. 
 
Processing Stats: 
[1] 0.022060 -0.002105 (8) WT +J(CM:0, PgRf:0, Rd:0/0, Dy:0/0, Lg:12168/8) +M(C:0K, Fs:74, WS:216K # 152K, PF:152K # 88K, P:152K). 
Log record of type 'AttachDB ' was seen most frequently (1 times)"
"19-08-2026 10:07:29","300","Information","ESENT","svchost (10616,R,98,0) DS_Token_DB: The database engine is initiating recovery steps."
"19-08-2026 10:07:29","102","Information","ESENT","svchost (10616,P,98,0) DS_Token_DB: The database engine (10.00.26100.0000) is starting a new instance (0)."
"19-08-2026 10:06:58","15","Information","SecurityCenter","Updated Windows Defender status successfully to SECURITY_PRODUCT_STATE_ON."
"19-08-2026 10:03:04","16384","Information","Microsoft-Windows-Security-SPP","Successfully scheduled Software Protection service for re-start at 2126-07-26T04:33:04Z. Reason: RulesEngine."
"19-08-2026 10:02:34","16394","Information","Microsoft-Windows-Security-SPP","Offline downlevel migration succeeded."
"19-08-2026 10:02:33","1001","Information","Windows Error Reporting","Fault bucket , type 0
Event Name: LiveKernelEvent
Response: Not available
Cab Id: 0

Problem signature:
P1: 193
P2: 80e
P3: ffffcf8aede16080
P4: ffffe3847ac44d70
P5: 0
P6: 10_0_26100
P7: 0_0
P8: 256_1
P9: 
P10: 

Attached files:
\\?\C:\Windows\LiveKernelReports\WATCHDOG\WATCHDOG-20260728-1739.dmp
\\?\C:\Windows\SystemTemp\WER-107417718-0.sysdata.xml
\\?\C:\ProgramData\Microsoft\Windows\WER\Temp\WER.a1bc6256-3f5c-4a2d-a9f0-6ec44cf0758d.tmp.xml

These files may be available here:
\\?\C:\ProgramData\Microsoft\Windows\WER\ReportQueue\Kernel_193_abd9cbf140bb5029fbabb5aa6c6c6f4af01df5bf_00000000_e47de6fb-dda6-43b7-95d8-4f271c908dcb

Analysis symbol: 
Rechecking for solution: 0
Report Id: e47de6fb-dda6-43b7-95d8-4f271c908dcb
Report Status: 2051
Hashed bucket: 
Cab Guid: 0"
"19-08-2026 10:02:32","1001","Information","Windows Error Reporting","Fault bucket , type 0
Event Name: LiveKernelEvent
Response: Not available
Cab Id: 0

Problem signature:
P1: 1b8
P2: a
P3: 0
P4: 0
P5: 0
P6: 10_0_26100
P7: 0_0
P8: 256_1
P9: 
P10: 

Attached files:
\\?\C:\Windows\LiveKernelReports\WATCHDOG4400\WATCHDOG4400-20260710-1300.dmp
\\?\C:\Windows\SystemTemp\WER-271939687-1.sysdata.xml
\\?\C:\ProgramData\Microsoft\Windows\WER\Temp\WER.276c67c4-a71e-4c67-814b-398383480957.tmp.WERInternalMetadata.xml
\\?\C:\ProgramData\Microsoft\Windows\WER\Temp\WER.45398fb5-7380-4396-8ea0-3bd53512c717.tmp.csv
\\?\C:\ProgramData\Microsoft\Windows\WER\Temp\WER.1ff4cbcb-ad49-4c05-b4f9-be4909d9c9f1.tmp.txt
\\?\C:\ProgramData\Microsoft\Windows\WER\Temp\WER.51bf8dab-e143-4be9-97b9-909d7b0fd11b.tmp.xml

These files may be available here:
\\?\C:\ProgramData\Microsoft\Windows\WER\ReportQueue\Kernel_1b8_8fa7e01760fd533c5dce8eb299b7ad27ad53e77_00000000_573d8d8f-c6bf-486a-b7db-af9469fa7aca

Analysis symbol: 
Rechecking for solution: 0
Report Id: 573d8d8f-c6bf-486a-b7db-af9469fa7aca
Report Status: 2051
Hashed bucket: 
Cab Guid: 0"
"19-08-2026 10:02:32","1001","Information","Windows Error Reporting","Fault bucket , type 0
Event Name: LiveKernelEvent
Response: Not available
Cab Id: 0

Problem signature:
P1: 1a8
P2: a
P3: 0
P4: 0
P5: 0
P6: 10_0_26100
P7: 0_0
P8: 256_1
P9: 
P10: 

Attached files:
\\?\C:\Windows\LiveKernelReports\WATCHDOG\WATCHDOG-20260710-1300.dmp
\\?\C:\Windows\SystemTemp\WER-271939578-0.sysdata.xml
\\?\C:\ProgramData\Microsoft\Windows\WER\Temp\WER.9d0f10c3-9411-4acf-bb31-6859c68be85c.tmp.WERInternalMetadata.xml
\\?\C:\ProgramData\Microsoft\Windows\WER\Temp\WER.92ebb8bc-f8a2-409d-bf16-af9d4e02171b.tmp.csv
\\?\C:\ProgramData\Microsoft\Windows\WER\Temp\WER.d6f5e5d3-6464-4bb3-bd6d-af4323b2bd28.tmp.txt
\\?\C:\ProgramData\Microsoft\Windows\WER\Temp\WER.bc08fce0-0a3b-4356-9c60-9d77cdfdf274.tmp.xml

These files may be available here:
\\?\C:\ProgramData\Microsoft\Windows\WER\ReportQueue\Kernel_1a8_3748bd66a7bb3ae96eac533a61a9ac86d47cc_00000000_ec33cea1-82be-4259-91f8-9fcce02ba34e

Analysis symbol: 
Rechecking for solution: 0
Report Id: ec33cea1-82be-4259-91f8-9fcce02ba34e
Report Status: 2051
Hashed bucket: 
Cab Guid: 0"
"19-08-2026 10:02:32","1001","Information","Windows Error Reporting","Fault bucket , type 0
Event Name: LiveKernelEvent
Response: Not available
Cab Id: 0

Problem signature:
P1: 1a8
P2: a
P3: 0
P4: 0
P5: 0
P6: 10_0_26100
P7: 0_0
P8: 256_1
P9: 
P10: 

Attached files:
\\?\C:\Windows\LiveKernelReports\WATCHDOG\WATCHDOG-20260605-1132.dmp
\\?\C:\Windows\SystemTemp\WER-177493781-0.sysdata.xml
\\?\C:\ProgramData\Microsoft\Windows\WER\Temp\WER.7d595a1e-be1a-407e-9129-15b129663d18.tmp.WERInternalMetadata.xml
\\?\C:\ProgramData\Microsoft\Windows\WER\Temp\WER.0154dcde-260d-47f6-832d-ba1ab90745a3.tmp.csv
\\?\C:\ProgramData\Microsoft\Windows\WER\Temp\WER.3732cf1d-0f98-4752-a7b8-001c99f4d464.tmp.txt
\\?\C:\ProgramData\Microsoft\Windows\WER\Temp\WER.e778fd5f-f183-48dc-b2de-6998ab6638a1.tmp.xml

These files may be available here:
\\?\C:\ProgramData\Microsoft\Windows\WER\ReportQueue\Kernel_1a8_3748bd66a7bb3ae96eac533a61a9ac86d47cc_00000000_a2e929d0-2850-4380-898f-4dfd04c05c39

Analysis symbol: 
Rechecking for solution: 0
Report Id: a2e929d0-2850-4380-898f-4dfd04c05c39
Report Status: 2051
Hashed bucket: 
Cab Guid: 0"
"19-08-2026 10:02:32","1001","Information","Windows Error Reporting","Fault bucket , type 0
Event Name: LiveKernelEvent
Response: Not available
Cab Id: 0

Problem signature:
P1: 193
P2: 80e
P3: ffffa38c64a87080
P4: ffff8185b6ddaa20
P5: 0
P6: 10_0_26100
P7: 0_0
P8: 256_1
P9: 
P10: 

Attached files:
\\?\C:\Windows\LiveKernelReports\WATCHDOG\WATCHDOG-20260527-1052.dmp
\\?\C:\Windows\SystemTemp\WER-179535468-0.sysdata.xml
\\?\C:\ProgramData\Microsoft\Windows\WER\Temp\WER.ea643868-0ea8-4456-a323-8794ddfd284d.tmp.WERInternalMetadata.xml
\\?\C:\ProgramData\Microsoft\Windows\WER\Temp\WER.ee1fbebe-01de-4b58-b48a-010b870da1f5.tmp.csv
\\?\C:\ProgramData\Microsoft\Windows\WER\Temp\WER.426194b9-5279-4657-88b5-d2386d90185c.tmp.txt
\\?\C:\ProgramData\Microsoft\Windows\WER\Temp\WER.b587805b-274c-429e-b6fc-ba363711d14a.tmp.xml

These files may be available here:
\\?\C:\ProgramData\Microsoft\Windows\WER\ReportQueue\Kernel_193_fde6ca7bf15cd6bced14410b0b1972a766aba_00000000_ab53bcfd-f0a6-4eec-897b-bdc111b0593d

Analysis symbol: 
Rechecking for solution: 0
Report Id: ab53bcfd-f0a6-4eec-897b-bdc111b0593d
Report Status: 2051
Hashed bucket: 
Cab Guid: 0"
"19-08-2026 10:02:04","16384","Information","Microsoft-Windows-Security-SPP","Successfully scheduled Software Protection service for re-start at 2126-07-26T04:32:03Z. Reason: RulesEngine."
"19-08-2026 10:01:33","16394","Information","Microsoft-Windows-Security-SPP","Offline downlevel migration succeeded."
"19-08-2026 09:59:35","1001","Information","Windows Error Reporting","Fault bucket , type 0
Event Name: LiveKernelEvent
Response: Not available
Cab Id: 0

Problem signature:
P1: 193
P2: 80e
P3: ffffcf8aede16080
P4: ffffe3847ac44d70
P5: 0
P6: 10_0_26100
P7: 0_0
P8: 256_1
P9: 
P10: 

Attached files:
\\?\C:\Windows\LiveKernelReports\WATCHDOG\WATCHDOG-20260728-1739.dmp
\\?\C:\Windows\SystemTemp\WER-107417718-0.sysdata.xml
\\?\C:\ProgramData\Microsoft\Windows\WER\Temp\WER.a1bc6256-3f5c-4a2d-a9f0-6ec44cf0758d.tmp.xml

These files may be available here:
\\?\C:\ProgramData\Microsoft\Windows\WER\ReportQueue\Kernel_193_abd9cbf140bb5029fbabb5aa6c6c6f4af01df5bf_00000000_e47de6fb-dda6-43b7-95d8-4f271c908dcb

Analysis symbol: 
Rechecking for solution: 0
Report Id: e47de6fb-dda6-43b7-95d8-4f271c908dcb
Report Status: 2051
Hashed bucket: 
Cab Guid: 0"
"19-08-2026 09:59:35","1001","Information","Windows Error Reporting","Fault bucket , type 0
Event Name: LiveKernelEvent
Response: Not available
Cab Id: 0

Problem signature:
P1: 1b8
P2: a
P3: 0
P4: 0
P5: 0
P6: 10_0_26100
P7: 0_0
P8: 256_1
P9: 
P10: 

Attached files:
\\?\C:\Windows\LiveKernelReports\WATCHDOG4400\WATCHDOG4400-20260710-1300.dmp
\\?\C:\Windows\SystemTemp\WER-271939687-1.sysdata.xml
\\?\C:\ProgramData\Microsoft\Windows\WER\Temp\WER.276c67c4-a71e-4c67-814b-398383480957.tmp.WERInternalMetadata.xml
\\?\C:\ProgramData\Microsoft\Windows\WER\Temp\WER.45398fb5-7380-4396-8ea0-3bd53512c717.tmp.csv
\\?\C:\ProgramData\Microsoft\Windows\WER\Temp\WER.1ff4cbcb-ad49-4c05-b4f9-be4909d9c9f1.tmp.txt
\\?\C:\ProgramData\Microsoft\Windows\WER\Temp\WER.51bf8dab-e143-4be9-97b9-909d7b0fd11b.tmp.xml

These files may be available here:
\\?\C:\ProgramData\Microsoft\Windows\WER\ReportQueue\Kernel_1b8_8fa7e01760fd533c5dce8eb299b7ad27ad53e77_00000000_573d8d8f-c6bf-486a-b7db-af9469fa7aca

Analysis symbol: 
Rechecking for solution: 0
Report Id: 573d8d8f-c6bf-486a-b7db-af9469fa7aca
Report Status: 2051
Hashed bucket: 
Cab Guid: 0"
"19-08-2026 09:59:35","1001","Information","Windows Error Reporting","Fault bucket , type 0
Event Name: LiveKernelEvent
Response: Not available
Cab Id: 0

Problem signature:
P1: 1a8
P2: a
P3: 0
P4: 0
P5: 0
P6: 10_0_26100
P7: 0_0
P8: 256_1
P9: 
P10: 

Attached files:
\\?\C:\Windows\LiveKernelReports\WATCHDOG\WATCHDOG-20260710-1300.dmp
\\?\C:\Windows\SystemTemp\WER-271939578-0.sysdata.xml
\\?\C:\ProgramData\Microsoft\Windows\WER\Temp\WER.9d0f10c3-9411-4acf-bb31-6859c68be85c.tmp.WERInternalMetadata.xml
\\?\C:\ProgramData\Microsoft\Windows\WER\Temp\WER.92ebb8bc-f8a2-409d-bf16-af9d4e02171b.tmp.csv
\\?\C:\ProgramData\Microsoft\Windows\WER\Temp\WER.d6f5e5d3-6464-4bb3-bd6d-af4323b2bd28.tmp.txt
\\?\C:\ProgramData\Microsoft\Windows\WER\Temp\WER.bc08fce0-0a3b-4356-9c60-9d77cdfdf274.tmp.xml

These files may be available here:
\\?\C:\ProgramData\Microsoft\Windows\WER\ReportQueue\Kernel_1a8_3748bd66a7bb3ae96eac533a61a9ac86d47cc_00000000_ec33cea1-82be-4259-91f8-9fcce02ba34e

Analysis symbol: 
Rechecking for solution: 0
Report Id: ec33cea1-82be-4259-91f8-9fcce02ba34e
Report Status: 2051
Hashed bucket: 
Cab Guid: 0"
"19-08-2026 09:59:34","1001","Information","Windows Error Reporting","Fault bucket , type 0
Event Name: LiveKernelEvent
Response: Not available
Cab Id: 0

Problem signature:
P1: 1a8
P2: a
P3: 0
P4: 0
P5: 0
P6: 10_0_26100
P7: 0_0
P8: 256_1
P9: 
P10: 

Attached files:
\\?\C:\Windows\LiveKernelReports\WATCHDOG\WATCHDOG-20260605-1132.dmp
\\?\C:\Windows\SystemTemp\WER-177493781-0.sysdata.xml
\\?\C:\ProgramData\Microsoft\Windows\WER\Temp\WER.7d595a1e-be1a-407e-9129-15b129663d18.tmp.WERInternalMetadata.xml
\\?\C:\ProgramData\Microsoft\Windows\WER\Temp\WER.0154dcde-260d-47f6-832d-ba1ab90745a3.tmp.csv
\\?\C:\ProgramData\Microsoft\Windows\WER\Temp\WER.3732cf1d-0f98-4752-a7b8-001c99f4d464.tmp.txt
\\?\C:\ProgramData\Microsoft\Windows\WER\Temp\WER.e778fd5f-f183-48dc-b2de-6998ab6638a1.tmp.xml

These files may be available here:
\\?\C:\ProgramData\Microsoft\Windows\WER\ReportQueue\Kernel_1a8_3748bd66a7bb3ae96eac533a61a9ac86d47cc_00000000_a2e929d0-2850-4380-898f-4dfd04c05c39

Analysis symbol: 
Rechecking for solution: 0
Report Id: a2e929d0-2850-4380-898f-4dfd04c05c39
Report Status: 2051
Hashed bucket: 
Cab Guid: 0"
"19-08-2026 09:59:34","1001","Information","Windows Error Reporting","Fault bucket , type 0
Event Name: LiveKernelEvent
Response: Not available
Cab Id: 0

Problem signature:
P1: 193
P2: 80e
P3: ffffa38c64a87080
P4: ffff8185b6ddaa20
P5: 0
P6: 10_0_26100
P7: 0_0
P8: 256_1
P9: 
P10: 

Attached files:
\\?\C:\Windows\LiveKernelReports\WATCHDOG\WATCHDOG-20260527-1052.dmp
\\?\C:\Windows\SystemTemp\WER-179535468-0.sysdata.xml
\\?\C:\ProgramData\Microsoft\Windows\WER\Temp\WER.ea643868-0ea8-4456-a323-8794ddfd284d.tmp.WERInternalMetadata.xml
\\?\C:\ProgramData\Microsoft\Windows\WER\Temp\WER.ee1fbebe-01de-4b58-b48a-010b870da1f5.tmp.csv
\\?\C:\ProgramData\Microsoft\Windows\WER\Temp\WER.426194b9-5279-4657-88b5-d2386d90185c.tmp.txt
\\?\C:\ProgramData\Microsoft\Windows\WER\Temp\WER.b587805b-274c-429e-b6fc-ba363711d14a.tmp.xml

These files may be available here:
\\?\C:\ProgramData\Microsoft\Windows\WER\ReportQueue\Kernel_193_fde6ca7bf15cd6bced14410b0b1972a766aba_00000000_ab53bcfd-f0a6-4eec-897b-bdc111b0593d

Analysis symbol: 
Rechecking for solution: 0
Report Id: ab53bcfd-f0a6-4eec-897b-bdc111b0593d
Report Status: 2051
Hashed bucket: 
Cab Guid: 0"
"19-08-2026 09:58:54","16384","Information","Microsoft-Windows-Security-SPP","Successfully scheduled Software Protection service for re-start at 2126-07-26T04:28:54Z. Reason: RulesEngine."
"19-08-2026 09:58:23","16394","Information","Microsoft-Windows-Security-SPP","Offline downlevel migration succeeded."
"19-08-2026 09:58:22","0","Information","edgeupdate","Service stopped."
"19-08-2026 09:58:03","103","Information","ESENT","Dell.TechHub.Instrumentation.SubAgent (3760,T,97,0) SrumDbReader: The database engine stopped the instance (0). 
 
Dirty Shutdown: 0 
 
Internal Timing Sequence: 
[1] 0.000004 +J(0)
[2] 0.000005 +J(0)
[3] 0.000002 +J(0)
[4] 0.000001 +J(0)
[5] 0.000019 +J(0)
[6] 0.000001 +J(0)
[7] 0.000005 +J(0)
[8] 0.000672 +J(0) +M(C:0K, Fs:1, WS:0K # 0K, PF:-4K # 0K, P:-4K)
[9] -
[10] -
[11] -
[12] -
[13] 0.000002 +J(0)
[14] 0.0 +J(0)
[15] 0.000002 +J(0)."
"19-08-2026 09:58:03","327","Information","ESENT","Dell.TechHub.Instrumentation.SubAgent (3760,D,51,0) SrumDbReader: The database engine detached a database (1, C:\ProgramData\Dell\DTP\DB\SRUDBData\SRUDB_aba2192c3125411a8eefa51c5b6b1cca.dat). (Time=0 seconds) 
 
Revived Cache: 0 0 
Additional Data:  
 
Internal Timing Sequence: 
[1] 0.000006 +J(0)
[2] 0.000001 +J(0)
[3] 0.000004 +J(0)
[4] 0.0 +J(0)
[5] 0.0 +J(0)
[6] 0.000021 +J(0) +M(C:0K, Fs:1, WS:4K # 0K, PF:0K # 0K, P:0K)
[7] 0.000023 +J(0)
[8] 0.000002 +J(0) +M(C:0K, Fs:1, WS:4K # 0K, PF:0K # 0K, P:0K)
[9] 0.000085 +J(0) +M(C:0K, Fs:0, WS:-20K # 0K, PF:-20K # 0K, P:-20K)
[10] 0.000049 +J(0)
[11] 0.000033 +J(0) +M(C:0K, Fs:0, WS:-4K # 0K, PF:-4K # 0K, P:-4K)."
"19-08-2026 09:58:02","326","Information","ESENT","Dell.TechHub.Instrumentation.SubAgent (3760,D,50,0) SrumDbReader: The database engine attached a database (1, C:\ProgramData\Dell\DTP\DB\SRUDBData\SRUDB_aba2192c3125411a8eefa51c5b6b1cca.dat). (Time=0 seconds) 
 
Saved Cache: 0 0 
Additional Data: ,
dbv = 1568.300.620 (9620) 
 
Internal Timing Sequence: 
[1] 0.000003 +J(0)
[2] 0.014475 -0.000063 (1) WT +J(0) +M(C:0K, Fs:17, WS:4K # 0K, PF:4K # 0K, P:4K)
[3] 0.001587 -0.000887 (2) WT +J(0) +M(C:0K, Fs:23, WS:88K # 0K, PF:128K # 0K, P:128K)
[4] 0.000320 +J(0) +M(C:0K, Fs:1, WS:4K # 0K, PF:0K # 0K, P:0K)
[5] -
[6] 0.000507 -0.000291 (3) CM -0.000177 (3) WT +J(CM:3, PgRf:3, Rd:0/3, Dy:0/0, Lg:0/0) +M(C:0K, Fs:51, WS:204K # 0K, PF:196K # 0K, P:196K)
[7] -
[8] 0.000270 -0.000076 (1) CM -0.000042 (1) WT +J(CM:1, PgRf:1, Rd:6/1, Dy:0/0, Lg:0/0) +M(C:24K, Fs:26, WS:104K # 0K, PF:216K # 0K, P:216K)
[9] -
[10] -
[11] -
[12] 0.000001 +J(0)
[13] 0.000115 -0.000067 (1) CM -0.000038 (1) WT +J(CM:1, PgRf:3, Rd:0/1, Dy:0/0, Lg:0/0) +M(C:0K, Fs:5, WS:20K # 0K, PF:0K # 0K, P:0K)
[14] 0.000003 +J(0) +M(C:0K, Fs:1, WS:4K # 0K, PF:0K # 0K, P:0K)
[15] 0.0 +J(0)
[16] 0.0 +J(0)
[17] 0.000279 -0.000128 (1) CM -0.000097 (1) WT +J(CM:1, PgRf:52, Rd:0/1, Dy:0/0, Lg:0/0) +M(C:-8K, Fs:19, WS:68K # 0K, PF:60K # 0K, P:60K)
[18] 0.000001 +J(0)
[19] 0.0 +J(0)
[20] 0.000002 +J(0) +M(C:0K, Fs:1, WS:4K # 0K, PF:0K # 0K, P:0K)."
"19-08-2026 09:58:02","105","Information","ESENT","Dell.TechHub.Instrumentation.SubAgent (3760,D,0,0) SrumDbReader: The database engine started a new instance (0). (Time=0.002 seconds) 
 
Additional Data:
 RBSOn = 0
 
 
Internal Timing Sequence: 
[1] 0.000501 +J(0) +M(C:0K, Fs:69, WS:248K # 0K, PF:3092K # 0K, P:3092K)
[2] 0.000205 +J(0) +M(C:8K, Fs:69, WS:268K # 0K, PF:284K # 0K, P:284K)
[3] 0.000011 +J(0) +M(C:0K, Fs:1, WS:4K # 0K, PF:64K # 0K, P:64K)
[4] 0.000147 +J(0) +M(C:0K, Fs:27, WS:108K # 0K, PF:172K # 0K, P:172K)
[5] 0.000811 +J(0) +M(C:0K, Fs:126, WS:504K # 0K, PF:892K # 0K, P:892K)
[6] -
[7] -
[8] -
[9] -
[10] -
[11] -
[12] -
[13] 0.000672 +J(0) +M(C:0K, Fs:87, WS:348K # 0K, PF:0K # 0K, P:0K)
[14] 0.000023 +J(0)
[15] 0.000036 +J(0) +M(C:0K, Fs:16, WS:64K # 0K, PF:64K # 0K, P:64K)
[16] 0.000004 +J(0)."
"19-08-2026 09:58:02","102","Information","ESENT","Dell.TechHub.Instrumentation.SubAgent (3760,P,98,0) SrumDbReader: The database engine (6.02.9200.0000) is starting a new instance (0)."
"19-08-2026 09:58:02","103","Information","ESENT","esentutl (15368,T,97,0) The database engine stopped the instance (0). 
 
Dirty Shutdown: 0 
 
Internal Timing Sequence: 
[1] 0.000004 +J(0)
[2] 0.000006 +J(0)
[3] 0.000002 +J(0)
[4] 0.000002 +J(0)
[5] 0.000012 +J(0)
[6] 0.000001 +J(0)
[7] 0.000005 +J(0)
[8] 0.001050 +J(0) +M(C:0K, Fs:1, WS:0K # 0K, PF:-4K # 0K, P:-4K)
[9] -
[10] -
[11] -
[12] -
[13] 0.000004 +J(0)
[14] 0.0 +J(0)
[15] 0.000006 +J(0)."
"19-08-2026 09:58:02","327","Information","ESENT","esentutl (15368,D,100,0) The database engine detached a database (2, C:\ProgramData\Dell\DTP\DB\SRUDBData\SRUDB_aba2192c3125411a8eefa51c5b6b1cca.dat). (Time=0 seconds) 
 
Revived Cache: 0 0 
Additional Data:  
 
Internal Timing Sequence: 
[1] 0.000002 +J(0)
[2] 0.0 +J(0)
[3] 0.000002 +J(0)
[4] 0.0 +J(0)
[5] 0.0 +J(0)
[6] 0.000619 +J(0)
[7] 0.000053 +J(0)
[8] 0.000500 +J(0)
[9] 0.003711 -0.000395 (5) WT +J(0) +M(C:0K, Fs:1, WS:-20K # 0K, PF:-20K # 0K, P:-20K)
[10] 0.000690 +J(0)
[11] 0.000017 +J(0) +M(C:0K, Fs:0, WS:-4K # 0K, PF:-4K # 0K, P:-4K)."
"19-08-2026 09:58:02","326","Information","ESENT","esentutl (15368,D,100,0) The database engine attached a database (2, C:\ProgramData\Dell\DTP\DB\SRUDBData\SRUDB_aba2192c3125411a8eefa51c5b6b1cca.dat). (Time=0 seconds) 
 
Saved Cache: 0 0 
Additional Data: ,
dbv = 1568.300.620 (9620) 
 
Internal Timing Sequence: 
[1] 0.000002 +J(0)
[2] 0.001260 -0.000101 (1) WT +J(0) +M(C:0K, Fs:17, WS:4K # 0K, PF:4K # 0K, P:4K)
[3] 0.013358 -0.000199 (5) WT +J(0) +M(C:0K, Fs:6, WS:20K # 0K, PF:20K # 0K, P:20K)
[4] 0.001973 +J(0)
[5] -
[6] 0.000006 +J(0)
[7] -
[8] 0.000061 +J(CM:0, PgRf:0, Rd:16/0, Dy:0/0, Lg:0/0) +M(C:0K, Fs:2, WS:8K # 0K, PF:52K # 0K, P:52K)
[9] -
[10] -
[11] -
[12] 0.0 +J(0)
[13] 0.0 +J(0)
[14] 0.0 +J(0)
[15] 0.0 +J(0)
[16] 0.0 +J(0)
[17] 0.0 +J(0)
[18] 0.0 +J(0)
[19] 0.0 +J(0)
[20] 0.0 +J(0)."
"19-08-2026 09:58:02","327","Information","ESENT","esentutl (15368,D,100,0) The database engine detached a database (2, C:\ProgramData\Dell\DTP\DB\SRUDBData\SRUDB_aba2192c3125411a8eefa51c5b6b1cca.dat). (Time=0 seconds) 
 
Revived Cache: 0 0 
Additional Data:  
 
Internal Timing Sequence: 
[1] 0.000003 +J(0)
[2] 0.0 +J(0)
[3] 0.000002 +J(0)
[4] 0.0 +J(0)
[5] 0.0 +J(0)
[6] 0.000785 +J(0)
[7] 0.001556 +J(0) +M(C:0K, Fs:0, WS:-384K # 0K, PF:-444K # 0K, P:-444K)
[8] 0.000150 +J(0)
[9] 0.002986 -0.000244 (6) WT +J(0) +M(C:0K, Fs:3, WS:-20K # 0K, PF:-20K # 0K, P:-20K)
[10] 0.000664 +J(0)
[11] 0.000010 +J(0) +M(C:0K, Fs:0, WS:-4K # 0K, PF:-4K # 0K, P:-4K)."
"19-08-2026 09:58:01","326","Information","ESENT","esentutl (15368,D,100,0) The database engine attached a database (2, C:\ProgramData\Dell\DTP\DB\SRUDBData\SRUDB_aba2192c3125411a8eefa51c5b6b1cca.dat). (Time=0 seconds) 
 
Saved Cache: 0 0 
Additional Data: ,
dbv = 1568.300.620 (9620) 
 
Internal Timing Sequence: 
[1] 0.000005 +J(0)
[2] 0.002001 -0.000132 (1) WT +J(0) +M(C:0K, Fs:17, WS:4K # 0K, PF:4K # 0K, P:4K)
[3] 0.017132 -0.000498 (5) WT +J(0) +M(C:0K, Fs:6, WS:20K # 0K, PF:20K # 0K, P:20K)
[4] 0.002888 +J(0)
[5] -
[6] 0.000010 +J(0)
[7] -
[8] 0.000136 +J(CM:0, PgRf:0, Rd:16/0, Dy:0/0, Lg:0/0) +M(C:0K, Fs:14, WS:56K # 0K, PF:196K # 0K, P:196K)
[9] -
[10] -
[11] -
[12] 0.000002 +J(0)
[13] 0.0 +J(0)
[14] 0.0 +J(0)
[15] 0.0 +J(0)
[16] 0.0 +J(0)
[17] 0.000001 +J(0)
[18] 0.0 +J(0)
[19] 0.0 +J(0)
[20] 0.0 +J(0)."
"19-08-2026 09:58:01","327","Information","ESENT","esentutl (15368,D,100,0) The database engine detached a database (2, C:\ProgramData\Dell\DTP\DB\SRUDBData\SRUDB_aba2192c3125411a8eefa51c5b6b1cca.dat). (Time=0 seconds) 
 
Revived Cache: 0 0 
Additional Data:  
 
Internal Timing Sequence: 
[1] 0.000007 +J(0) +M(C:0K, Fs:2, WS:8K # 0K, PF:0K # 0K, P:0K)
[2] 0.0 +J(0)
[3] 0.000019 +J(0)
[4] 0.0 +J(0)
[5] 0.0 +J(0)
[6] 0.002634 +J(0) +M(C:0K, Fs:2, WS:8K # 0K, PF:0K # 0K, P:0K)
[7] 0.002195 +J(0) +M(C:0K, Fs:0, WS:-416K # 0K, PF:-420K # 0K, P:-420K)
[8] 0.000755 +J(0)
[9] 0.008471 -0.000845 (6) WT +J(0) +M(C:0K, Fs:3, WS:-20K # 0K, PF:-20K # 0K, P:-20K)
[10] 0.000734 +J(0)
[11] 0.000027 +J(0) +M(C:0K, Fs:0, WS:-4K # 0K, PF:-4K # 0K, P:-4K)."
"19-08-2026 09:58:00","326","Information","ESENT","esentutl (15368,D,100,0) The database engine attached a database (2, C:\ProgramData\Dell\DTP\DB\SRUDBData\SRUDB_aba2192c3125411a8eefa51c5b6b1cca.dat). (Time=0 seconds) 
 
Saved Cache: 0 0 
Additional Data: ,
dbv = 1568.300.620 (9620) 
 
Internal Timing Sequence: 
[1] 0.000001 +J(0)
[2] 0.000648 -0.000066 (1) WT +J(0) +M(C:0K, Fs:18, WS:4K # 68K, PF:8K # 72K, P:8K)
[3] 0.002823 -0.000078 (2) WT +J(0) +M(C:0K, Fs:12, WS:44K # 0K, PF:20K # 0K, P:20K)
[4] 0.002097 +J(0)
[5] -
[6] 0.000005 +J(0)
[7] -
[8] 0.000372 +J(CM:0, PgRf:0, Rd:1/0, Dy:0/0, Lg:0/0) +M(C:0K, Fs:15, WS:60K # 40K, PF:116K # 72K, P:116K)
[9] -
[10] -
[11] -
[12] 0.0 +J(0)
[13] 0.0 +J(0)
[14] 0.0 +J(0)
[15] 0.0 +J(0)
[16] 0.0 +J(0)
[17] 0.0 +J(0)
[18] 0.0 +J(0)
[19] 0.0 +J(0)
[20] 0.0 +J(0)."
"19-08-2026 09:58:00","105","Information","ESENT","esentutl (15368,D,0,0) The database engine started a new instance (0). (Time=0.002 seconds) 
 
Additional Data:
 RBSOn = 0
 
 
Internal Timing Sequence: 
[1] 0.000259 +J(0) +M(C:0K, Fs:70, WS:252K # 0K, PF:3052K # 0K, P:3052K)
[2] 0.000414 +J(0) +M(C:8K, Fs:202, WS:796K # 0K, PF:820K # 284K, P:820K)
[3] 0.000007 +J(0) +M(C:0K, Fs:5, WS:20K # 0K, PF:64K # 64K, P:64K)
[4] 0.000066 +J(0) +M(C:0K, Fs:54, WS:212K # 104K, PF:188K # 188K, P:188K)
[5] 0.000273 +J(0) +M(C:0K, Fs:108, WS:432K # 432K, PF:20K # 20K, P:20K)
[6] -
[7] -
[8] -
[9] -
[10] -
[11] -
[12] -
[13] 0.001054 +J(0) +M(C:0K, Fs:27, WS:108K # 108K, PF:0K # 0K, P:0K)
[14] 0.000023 +J(0) +M(C:0K, Fs:2, WS:8K # 8K, PF:4K # 4K, P:4K)
[15] 0.000058 +J(0) +M(C:0K, Fs:17, WS:68K # 68K, PF:64K # 64K, P:64K)
[16] 0.000002 +J(0)."
"19-08-2026 09:58:00","102","Information","ESENT","esentutl (15368,P,98,0) The database engine (10.00.26100.0000) is starting a new instance (0)."
"19-08-2026 09:58:00","103","Information","ESENT","Dell.TechHub.Instrumentation.SubAgent (3760,T,97,0) SrumDbReader: The database engine stopped the instance (0). 
 
Dirty Shutdown: 0 
 
Internal Timing Sequence: 
[1] 0.000003 +J(0)
[2] 0.000003 +J(0)
[3] 0.0 +J(0)
[4] 0.000001 +J(0)
[5] 0.000007 +J(0)
[6] 0.000001 +J(0)
[7] 0.000004 +J(0)
[8] 0.000015 +J(0)
[9] -
[10] -
[11] -
[12] -
[13] 0.0 +J(0)
[14] 0.0 +J(0)
[15] 0.000001 +J(0)."
"19-08-2026 09:58:00","105","Information","ESENT","Dell.TechHub.Instrumentation.SubAgent (3760,D,0,0) SrumDbReader: The database engine started a new instance (0). (Time=0.003 seconds) 
 
Additional Data:
 RBSOn = 0
 
 
Internal Timing Sequence: 
[1] 0.000507 +J(0) +M(C:0K, Fs:69, WS:248K # 0K, PF:3092K # 0K, P:3092K)
[2] 0.000772 +J(0) +M(C:8K, Fs:27, WS:100K # 0K, PF:912K # 0K, P:912K)
[3] 0.000014 +J(0) +M(C:0K, Fs:6, WS:24K # 0K, PF:64K # 0K, P:64K)
[4] 0.000105 +J(0) +M(C:0K, Fs:48, WS:192K # 0K, PF:136K # 0K, P:136K)
[5] 0.000575 +J(0) +M(C:0K, Fs:162, WS:648K # 0K, PF:0K # 0K, P:0K)
[6] -
[7] -
[8] -
[9] -
[10] -
[11] -
[12] -
[13] 0.000565 +J(0)
[14] 0.000025 +J(0)
[15] 0.000040 +J(0) +M(C:0K, Fs:16, WS:64K # 0K, PF:64K # 0K, P:64K)
[16] 0.000003 +J(0)."
"19-08-2026 09:58:00","102","Information","ESENT","Dell.TechHub.Instrumentation.SubAgent (3760,P,98,0) SrumDbReader: The database engine (6.02.9200.0000) is starting a new instance (0)."
"19-08-2026 09:58:00","103","Information","ESENT","Dell.TechHub.Instrumentation.SubAgent (3760,T,97,0) SrumDbReader: The database engine stopped the instance (0). 
 
Dirty Shutdown: 0 
 
Internal Timing Sequence: 
[1] 0.000005 +J(0)
[2] 0.000010 +J(0) +M(C:0K, Fs:1, WS:4K # 0K, PF:0K # 0K, P:0K)
[3] 0.000001 +J(0)
[4] 0.000002 +J(0)
[5] 0.000012 +J(0)
[6] 0.000002 +J(0)
[7] 0.000006 +J(0)
[8] 0.000019 +J(0) +M(C:0K, Fs:1, WS:4K # 0K, PF:0K # 0K, P:0K)
[9] -
[10] -
[11] -
[12] -
[13] 0.000001 +J(0)
[14] 0.0 +J(0)
[15] 0.000002 +J(0)."
"19-08-2026 09:58:00","105","Information","ESENT","Dell.TechHub.Instrumentation.SubAgent (3760,D,0,0) SrumDbReader: The database engine started a new instance (0). (Time=0.004 seconds) 
 
Additional Data:
 RBSOn = 0
 
 
Internal Timing Sequence: 
[1] 0.000510 +J(0) +M(C:0K, Fs:138, WS:524K # 0K, PF:3092K # 0K, P:3092K)
[2] 0.000434 +J(0) +M(C:8K, Fs:41, WS:156K # 0K, PF:20K # 0K, P:20K)
[3] 0.000013 +J(0) +M(C:0K, Fs:1, WS:4K # 0K, PF:64K # 0K, P:64K)
[4] 0.000943 +J(0) +M(C:0K, Fs:256, WS:1028K # 0K, PF:1028K # 0K, P:1028K)
[5] 0.000561 +J(0) +M(C:0K, Fs:15, WS:56K # 0K, PF:0K # 0K, P:0K)
[6] -
[7] -
[8] -
[9] -
[10] -
[11] -
[12] -
[13] 0.001228 +J(0) +M(C:0K, Fs:13, WS:52K # 0K, PF:0K # 0K, P:0K)
[14] 0.000033 +J(0) +M(C:0K, Fs:1, WS:4K # 0K, PF:0K # 0K, P:0K)
[15] 0.000050 +J(0) +M(C:0K, Fs:18, WS:72K # 0K, PF:64K # 0K, P:64K)
[16] 0.000003 +J(0)."
"19-08-2026 09:58:00","102","Information","ESENT","Dell.TechHub.Instrumentation.SubAgent (3760,P,98,0) SrumDbReader: The database engine (6.02.9200.0000) is starting a new instance (0)."
"19-08-2026 09:57:59","8194","Error","VSS","Volume Shadow Copy Service error: Unexpected error querying for the IVssWriterCallback interface.  hr = 0x80070005, Access is denied.
. This is often caused by incorrect security settings in either the writer or requestor process. 

Operation:
   Gathering Writer Data

Context:
   Writer Class Id: {7e47b561-971a-46e6-96b9-696eeaa53b2a}
   Writer Name: MSMQ Writer (MSMQ)
   Writer Instance Name: MSMQ Writer (MSMQ)
   Writer Instance ID: {33e0b7de-d7d0-4584-8d35-a9ad05ae7562}"
"19-08-2026 09:57:55","8231","Information","VSS","Volume Shadow Copy Service information: Snapshot creation initiated for Snapshot Set {2752325a-2af5-4587-9956-4d96c7fb8195}.
 Process command line: ""C:\Windows\system32\esentutl.exe"" /y ""C:\Windows\system32\sru\SRUDB.dat"" /d ""C:\ProgramData\Dell\DTP\DB\SRUDBData\SRUDB_aba2192c3125411a8eefa51c5b6b1cca.dat"" /vss
 Process Caller Stack:
 Process[0]: esentutl.exe
 Process[1]: Dell.TechHub.Instrumentation.SubAgent.exe
 Process[2]: Dell.TechHub.exe
"
"19-08-2026 09:57:55","8194","Error","VSS","Volume Shadow Copy Service error: Unexpected error querying for the IVssWriterCallback interface.  hr = 0x80070005, Access is denied.
. This is often caused by incorrect security settings in either the writer or requestor process. 

Operation:
   Gathering Writer Data

Context:
   Writer Class Id: {7e47b561-971a-46e6-96b9-696eeaa53b2a}
   Writer Name: MSMQ Writer (MSMQ)
   Writer Instance Name: MSMQ Writer (MSMQ)
   Writer Instance ID: {33e0b7de-d7d0-4584-8d35-a9ad05ae7562}"
"19-08-2026 09:57:52","16384","Information","Microsoft-Windows-Security-SPP","Successfully scheduled Software Protection service for re-start at 2126-07-26T04:27:52Z. Reason: RulesEngine."
"19-08-2026 09:57:26","63","Information","Outlook","Outlook detected a change notification for your apps and will attempt to update them."
"19-08-2026 09:56:51","3014","Information","MSSQL$BARTENDER","BACKUP DATABASE successfully processed 1385 pages in 0.570 seconds (18.971 MB/sec)."
"19-08-2026 09:56:51","18264","Information","MSSQL$BARTENDER","Database backed up. Database: Datastore, creation date(time): 2026/05/28(10:53:49), pages dumped: 1395, first LSN: 40:4650:1, last LSN: 40:4653:1, number of dump devices: 1, device information: (FILE=1, TYPE=DISK: {'C:\ProgramData\Seagull\System\Database\Backup\Backup2026.08.19.09.56.50.bak'}). This is an informational message only. No user action is required."
"19-08-2026 09:56:48","1001","Information","Windows Error Reporting","Fault bucket , type 0
Event Name: LiveKernelEvent
Response: Not available
Cab Id: 0

Problem signature:
P1: 193
P2: 80e
P3: ffffcf8aede16080
P4: ffffe3847ac44d70
P5: 0
P6: 10_0_26100
P7: 0_0
P8: 256_1
P9: 
P10: 

Attached files:
\\?\C:\Windows\LiveKernelReports\WATCHDOG\WATCHDOG-20260728-1739.dmp
\\?\C:\Windows\SystemTemp\WER-107417718-0.sysdata.xml
\\?\C:\ProgramData\Microsoft\Windows\WER\Temp\WER.a1bc6256-3f5c-4a2d-a9f0-6ec44cf0758d.tmp.xml

These files may be available here:
\\?\C:\ProgramData\Microsoft\Windows\WER\ReportQueue\Kernel_193_abd9cbf140bb5029fbabb5aa6c6c6f4af01df5bf_00000000_e47de6fb-dda6-43b7-95d8-4f271c908dcb

Analysis symbol: 
Rechecking for solution: 0
Report Id: e47de6fb-dda6-43b7-95d8-4f271c908dcb
Report Status: 2051
Hashed bucket: 
Cab Guid: 0"
"19-08-2026 09:56:48","1001","Information","Windows Error Reporting","Fault bucket , type 0
Event Name: LiveKernelEvent
Response: Not available
Cab Id: 0

Problem signature:
P1: 1b8
P2: a
P3: 0
P4: 0
P5: 0
P6: 10_0_26100
P7: 0_0
P8: 256_1
P9: 
P10: 

Attached files:
\\?\C:\Windows\LiveKernelReports\WATCHDOG4400\WATCHDOG4400-20260710-1300.dmp
\\?\C:\Windows\SystemTemp\WER-271939687-1.sysdata.xml
\\?\C:\ProgramData\Microsoft\Windows\WER\Temp\WER.276c67c4-a71e-4c67-814b-398383480957.tmp.WERInternalMetadata.xml
\\?\C:\ProgramData\Microsoft\Windows\WER\Temp\WER.45398fb5-7380-4396-8ea0-3bd53512c717.tmp.csv
\\?\C:\ProgramData\Microsoft\Windows\WER\Temp\WER.1ff4cbcb-ad49-4c05-b4f9-be4909d9c9f1.tmp.txt
\\?\C:\ProgramData\Microsoft\Windows\WER\Temp\WER.51bf8dab-e143-4be9-97b9-909d7b0fd11b.tmp.xml

These files may be available here:
\\?\C:\ProgramData\Microsoft\Windows\WER\ReportQueue\Kernel_1b8_8fa7e01760fd533c5dce8eb299b7ad27ad53e77_00000000_573d8d8f-c6bf-486a-b7db-af9469fa7aca

Analysis symbol: 
Rechecking for solution: 0
Report Id: 573d8d8f-c6bf-486a-b7db-af9469fa7aca
Report Status: 2051
Hashed bucket: 
Cab Guid: 0"
"19-08-2026 09:56:47","1001","Information","Windows Error Reporting","Fault bucket , type 0
Event Name: LiveKernelEvent
Response: Not available
Cab Id: 0

Problem signature:
P1: 1a8
P2: a
P3: 0
P4: 0
P5: 0
P6: 10_0_26100
P7: 0_0
P8: 256_1
P9: 
P10: 

Attached files:
\\?\C:\Windows\LiveKernelReports\WATCHDOG\WATCHDOG-20260710-1300.dmp
\\?\C:\Windows\SystemTemp\WER-271939578-0.sysdata.xml
\\?\C:\ProgramData\Microsoft\Windows\WER\Temp\WER.9d0f10c3-9411-4acf-bb31-6859c68be85c.tmp.WERInternalMetadata.xml
\\?\C:\ProgramData\Microsoft\Windows\WER\Temp\WER.92ebb8bc-f8a2-409d-bf16-af9d4e02171b.tmp.csv
\\?\C:\ProgramData\Microsoft\Windows\WER\Temp\WER.d6f5e5d3-6464-4bb3-bd6d-af4323b2bd28.tmp.txt
\\?\C:\ProgramData\Microsoft\Windows\WER\Temp\WER.bc08fce0-0a3b-4356-9c60-9d77cdfdf274.tmp.xml

These files may be available here:
\\?\C:\ProgramData\Microsoft\Windows\WER\ReportQueue\Kernel_1a8_3748bd66a7bb3ae96eac533a61a9ac86d47cc_00000000_ec33cea1-82be-4259-91f8-9fcce02ba34e

Analysis symbol: 
Rechecking for solution: 0
Report Id: ec33cea1-82be-4259-91f8-9fcce02ba34e
Report Status: 2051
Hashed bucket: 
Cab Guid: 0"
"19-08-2026 09:56:47","1001","Information","Windows Error Reporting","Fault bucket , type 0
Event Name: LiveKernelEvent
Response: Not available
Cab Id: 0

Problem signature:
P1: 1a8
P2: a
P3: 0
P4: 0
P5: 0
P6: 10_0_26100
P7: 0_0
P8: 256_1
P9: 
P10: 

Attached files:
\\?\C:\Windows\LiveKernelReports\WATCHDOG\WATCHDOG-20260605-1132.dmp
\\?\C:\Windows\SystemTemp\WER-177493781-0.sysdata.xml
\\?\C:\ProgramData\Microsoft\Windows\WER\Temp\WER.7d595a1e-be1a-407e-9129-15b129663d18.tmp.WERInternalMetadata.xml
\\?\C:\ProgramData\Microsoft\Windows\WER\Temp\WER.0154dcde-260d-47f6-832d-ba1ab90745a3.tmp.csv
\\?\C:\ProgramData\Microsoft\Windows\WER\Temp\WER.3732cf1d-0f98-4752-a7b8-001c99f4d464.tmp.txt
\\?\C:\ProgramData\Microsoft\Windows\WER\Temp\WER.e778fd5f-f183-48dc-b2de-6998ab6638a1.tmp.xml

These files may be available here:
\\?\C:\ProgramData\Microsoft\Windows\WER\ReportQueue\Kernel_1a8_3748bd66a7bb3ae96eac533a61a9ac86d47cc_00000000_a2e929d0-2850-4380-898f-4dfd04c05c39

Analysis symbol: 
Rechecking for solution: 0
Report Id: a2e929d0-2850-4380-898f-4dfd04c05c39
Report Status: 2051
Hashed bucket: 
Cab Guid: 0"
"19-08-2026 09:56:46","1001","Information","Windows Error Reporting","Fault bucket , type 0
Event Name: LiveKernelEvent
Response: Not available
Cab Id: 0

Problem signature:
P1: 193
P2: 80e
P3: ffffa38c64a87080
P4: ffff8185b6ddaa20
P5: 0
P6: 10_0_26100
P7: 0_0
P8: 256_1
P9: 
P10: 

Attached files:
\\?\C:\Windows\LiveKernelReports\WATCHDOG\WATCHDOG-20260527-1052.dmp
\\?\C:\Windows\SystemTemp\WER-179535468-0.sysdata.xml
\\?\C:\ProgramData\Microsoft\Windows\WER\Temp\WER.ea643868-0ea8-4456-a323-8794ddfd284d.tmp.WERInternalMetadata.xml
\\?\C:\ProgramData\Microsoft\Windows\WER\Temp\WER.ee1fbebe-01de-4b58-b48a-010b870da1f5.tmp.csv
\\?\C:\ProgramData\Microsoft\Windows\WER\Temp\WER.426194b9-5279-4657-88b5-d2386d90185c.tmp.txt
\\?\C:\ProgramData\Microsoft\Windows\WER\Temp\WER.b587805b-274c-429e-b6fc-ba363711d14a.tmp.xml

These files may be available here:
\\?\C:\ProgramData\Microsoft\Windows\WER\ReportQueue\Kernel_193_fde6ca7bf15cd6bced14410b0b1972a766aba_00000000_ab53bcfd-f0a6-4eec-897b-bdc111b0593d

Analysis symbol: 
Rechecking for solution: 0
Report Id: ab53bcfd-f0a6-4eec-897b-bdc111b0593d
Report Status: 2051
Hashed bucket: 
Cab Guid: 0"
"19-08-2026 09:56:45","19","Information","IPF","ESIF(2.3.20304.7) TYPE: INFO MODULE: IPF TIME 69968386 ms

    DPTF Build Version:  9.1.10010.2297    DPTF Build Date:  May  1 2026 14:56:21    Message:  EPO Modes Status:DC Endurance Gaming(Status: Enabled);DC Balanced(Status: Enabled);AC Balanced(Status: Enabled);AC Cool & Quiet(Status: Disabled); AC Efficiency(Status: Disabled); AC Performance(Status: Disabled); DC Cool & Quiet(Status: Disabled); DC Efficiency(Status: Disabled); DC Performance(Status: Disabled); AC Collaboration(Status: Enabled);DC Collaboration(Status: Enabled);AC VC IP Alignment(Status: Enabled);DC VC IP Alignment(Status: Enabled);AC Soc Assist(Status: Enabled);DC Soc Assist(Status: Enabled    Policy:  Energy Performance Optimizer Policy [2]        "
"19-08-2026 09:56:32","3",,"ISH Offload Item Service",
"19-08-2026 09:56:32","3",,"ISH Offload Item Service",
"19-08-2026 09:56:32","3",,"ISH Offload Item Service",
