"18-08-2026 13:41:23","1003","Information","Microsoft-Windows-Security-SPP","The Software Protection service has completed licensing status check.
Application Id=55c92734-d682-4d71-983e-d6ec3f16059f
Licensing Status=
1: 60b3ec1b-9545-4921-821f-311b129dd6f6, 1, 0 [(0 [0xC004F014, 0, 0], [(?)(?)(?)(?)(?)(?)(?)(?)])(1 )(2 )(3 )]

"
"18-08-2026 13:41:22","1003","Information","Microsoft-Windows-Security-SPP","The Software Protection service has completed licensing status check.
Application Id=55c92734-d682-4d71-983e-d6ec3f16059f
Licensing Status=
1: 5d78c4e9-aeb3-4b40-8ac2-6a6005e0ad6d, 1, 0 [(0 [0xC004F014, 0, 0], [(?)(?)(?)(?)(?)(?)(?)(?)])(1 )(2 )(3 )]

"
"18-08-2026 13:41:22","1003","Information","Microsoft-Windows-Security-SPP","The Software Protection service has completed licensing status check.
Application Id=0ff1ce15-a989-479d-af46-f275c6370663
Licensing Status=
1: 5821ec16-77a9-4404-99c8-2756dc6d4c3c, 1, 0 [(0 [0xC004F014, 0, 0], [(?)(?)(?)(?)(?)(?)(?)(?)])(1 )(2 )(3 )]

"
"18-08-2026 13:41:21","1003","Information","Microsoft-Windows-Security-SPP","The Software Protection service has completed licensing status check.
Application Id=55c92734-d682-4d71-983e-d6ec3f16059f
Licensing Status=
1: 4f3da0d2-271d-4508-ae81-626b60809a38, 1, 0 [(0 [0xC004F014, 0, 0], [(?)(?)(?)(?)(?)(?)(?)(?)])(1 )(2 )(3 )]

"
"18-08-2026 13:41:21","1003","Information","Microsoft-Windows-Security-SPP","The Software Protection service has completed licensing status check.
Application Id=55c92734-d682-4d71-983e-d6ec3f16059f
Licensing Status=
1: 4de7cb65-cdf1-4de9-8ae8-e3cce27b9f2c, 1, 1 [(0 )(1 )(2 [0x00000000, 1, 0], [(?)( 1 0x00000000)(?)(?)(?)(?)( 10 0x00000000 msft:rm/algorithm/flags/1.0)(?)])(3 )]

"
"18-08-2026 13:41:20","1003","Information","Microsoft-Windows-Security-SPP","The Software Protection service has completed licensing status check.
Application Id=0ff1ce15-a989-479d-af46-f275c6370663
Licensing Status=
1: 4b2e77a0-8321-42a0-b36d-66a2cdb27af4, 1, 0 [(0 [0xC004F014, 0, 0], [(?)(?)(?)(?)(?)(?)(?)(?)])(1 )(2 )(3 )]

"
"18-08-2026 13:41:20","1003","Information","Microsoft-Windows-Security-SPP","The Software Protection service has completed licensing status check.
Application Id=55c92734-d682-4d71-983e-d6ec3f16059f
Licensing Status=
1: 49cd895b-53b2-4dc4-a5f7-b18aa019ad37, 1, 0 [(0 [0xC004F014, 0, 0], [(?)(?)(?)(?)(?)(?)(?)(?)])(1 )(2 )(3 )]

"
"18-08-2026 13:41:19","1003","Information","Microsoft-Windows-Security-SPP","The Software Protection service has completed licensing status check.
Application Id=0ff1ce15-a989-479d-af46-f275c6370663
Licensing Status=
1: 46d2c0bd-f912-4ddc-8e67-b90eadc3f83c, 1, 0 [(0 [0xC004F014, 0, 0], [(?)(?)(?)(?)(?)(?)(?)(?)])(1 )(2 )(3 )]

"
"18-08-2026 13:41:19","1003","Information","Microsoft-Windows-Security-SPP","The Software Protection service has completed licensing status check.
Application Id=55c92734-d682-4d71-983e-d6ec3f16059f
Licensing Status=
1: 4322a811-697c-44dc-865e-3e2fdcb86009, 1, 0 [(0 [0xC004F014, 0, 0], [(?)(?)(?)(?)(?)(?)(?)(?)])(1 )(2 )(3 )]

"
"18-08-2026 13:41:18","1003","Information","Microsoft-Windows-Security-SPP","The Software Protection service has completed licensing status check.
Application Id=0ff1ce15-a989-479d-af46-f275c6370663
Licensing Status=
1: 402dfb6d-631e-4a3f-9a5a-be753bfd84c5, 1, 0 [(0 [0xC004F014, 0, 0], [(?)(?)(?)(?)(?)(?)(?)(?)])(1 )(2 )(3 )]

"
"18-08-2026 13:41:17","1003","Information","Microsoft-Windows-Security-SPP","The Software Protection service has completed licensing status check.
Application Id=55c92734-d682-4d71-983e-d6ec3f16059f
Licensing Status=
1: 3f1afc82-f8ac-4f6c-8005-1d233e606eee, 1, 0 [(0 [0xC004F014, 0, 0], [(?)(?)(?)(?)(?)(?)(?)(?)])(1 )(2 )(3 )]

"
"18-08-2026 13:41:17","1003","Information","Microsoft-Windows-Security-SPP","The Software Protection service has completed licensing status check.
Application Id=55c92734-d682-4d71-983e-d6ec3f16059f
Licensing Status=
1: 3ebce241-ea87-4946-8a4f-80d00e921dff, 1, 0 [(0 [0xC004F014, 0, 0], [(?)(?)(?)(?)(?)(?)(?)(?)])(1 )(2 )(3 )]

"
"18-08-2026 13:41:16","1003","Information","Microsoft-Windows-Security-SPP","The Software Protection service has completed licensing status check.
Application Id=55c92734-d682-4d71-983e-d6ec3f16059f
Licensing Status=
1: 3df374ef-d444-4494-a5a1-4b0d9fd0e203, 1, 0 [(0 [0xC004F014, 0, 0], [(?)(?)(?)(?)(?)(?)(?)(?)])(1 )(2 )(3 )]

"
"18-08-2026 13:41:16","1003","Information","Microsoft-Windows-Security-SPP","The Software Protection service has completed licensing status check.
Application Id=0ff1ce15-a989-479d-af46-f275c6370663
Licensing Status=
1: 3d8c541c-cc3f-4269-8bc0-03dc901f172d, 1, 0 [(0 [0xC004F014, 0, 0], [(?)(?)(?)(?)(?)(?)(?)(?)])(1 )(2 )(3 )]

"
"18-08-2026 13:41:15","1003","Information","Microsoft-Windows-Security-SPP","The Software Protection service has completed licensing status check.
Application Id=0ff1ce15-a989-479d-af46-f275c6370663
Licensing Status=
1: 3ad61e22-e4fe-497f-bdb1-3e51bd872173, 1, 1 [(0 )(1 )(2 )(3 [0x00000000, 0, 0], [( 6 0xC004F009 5 0)( 1 0x00000000)( 6 0xC004F009 5 0)(?)(?)(?)( 10 0x00000000 msft:rm/algorithm/flags/1.0)( 11 0x00000000 0xC004F009)])]

"
"18-08-2026 13:41:15","1003","Information","Microsoft-Windows-Security-SPP","The Software Protection service has completed licensing status check.
Application Id=0ff1ce15-a989-479d-af46-f275c6370663
Licensing Status=
1: 3846a94f-3005-401e-b663-af1cf99813d5, 1, 0 [(0 [0xC004F014, 0, 0], [(?)(?)(?)(?)(?)(?)(?)(?)])(1 )(2 )(3 )]

"
"18-08-2026 13:41:14","1003","Information","Microsoft-Windows-Security-SPP","The Software Protection service has completed licensing status check.
Application Id=55c92734-d682-4d71-983e-d6ec3f16059f
Licensing Status=
1: 377333b1-8b5d-48d6-9679-1225c872d37c, 1, 0 [(0 [0xC004F014, 0, 0], [(?)(?)(?)(?)(?)(?)(?)(?)])(1 )(2 )(3 )]

"
"18-08-2026 13:41:14","1003","Information","Microsoft-Windows-Security-SPP","The Software Protection service has completed licensing status check.
Application Id=0ff1ce15-a989-479d-af46-f275c6370663
Licensing Status=
1: 35ec6e0e-2df4-4629-9ee3-d525e806b988, 1, 0 [(0 [0xC004F014, 0, 0], [(?)(?)(?)(?)(?)(?)(?)(?)])(1 )(2 )(3 )]

"
"18-08-2026 13:41:13","1003","Information","Microsoft-Windows-Security-SPP","The Software Protection service has completed licensing status check.
Application Id=55c92734-d682-4d71-983e-d6ec3f16059f
Licensing Status=
1: 3502365a-f88a-4ba4-822a-5769d3073b65, 1, 0 [(0 [0xC004F014, 0, 0], [(?)(?)(?)(?)(?)(?)(?)(?)])(1 )(2 )(3 )]

"
"18-08-2026 13:41:13","1003","Information","Microsoft-Windows-Security-SPP","The Software Protection service has completed licensing status check.
Application Id=55c92734-d682-4d71-983e-d6ec3f16059f
Licensing Status=
1: 345a5db0-d94f-4e3b-a0c0-7c42f7bc3ebf, 1, 0 [(0 [0xC004F014, 0, 0], [(?)(?)(?)(?)(?)(?)(?)(?)])(1 )(2 )(3 )]

"
"18-08-2026 13:41:12","1003","Information","Microsoft-Windows-Security-SPP","The Software Protection service has completed licensing status check.
Application Id=55c92734-d682-4d71-983e-d6ec3f16059f
Licensing Status=
1: 30a42c86-b7a0-4a34-8c90-ff177cb2acb7, 1, 0 [(0 [0xC004F014, 0, 0], [(?)(?)(?)(?)(?)(?)(?)(?)])(1 )(2 )(3 )]

"
"18-08-2026 13:41:12","1003","Information","Microsoft-Windows-Security-SPP","The Software Protection service has completed licensing status check.
Application Id=55c92734-d682-4d71-983e-d6ec3f16059f
Licensing Status=
1: 2ffd8952-423e-4903-b993-72a1aa44cf82, 1, 0 [(0 [0xC004F014, 0, 0], [(?)(?)(?)(?)(?)(?)(?)(?)])(1 )(2 )(3 )]

"
"18-08-2026 13:41:12","1003","Information","Microsoft-Windows-Security-SPP","The Software Protection service has completed licensing status check.
Application Id=0ff1ce15-a989-479d-af46-f275c6370663
Licensing Status=
1: 2dfe2075-2d04-4e43-816a-eb60bbb77574, 1, 0 [(0 [0xC004F014, 0, 0], [(?)(?)(?)(?)(?)(?)(?)(?)])(1 )(2 )(3 )]

"
"18-08-2026 13:41:12","1003","Information","Microsoft-Windows-Security-SPP","The Software Protection service has completed licensing status check.
Application Id=55c92734-d682-4d71-983e-d6ec3f16059f
Licensing Status=
1: 2de67392-b7a7-462a-b1ca-108dd189f588, 1, 0 [(0 [0xC004F014, 0, 0], [(?)(?)(?)(?)(?)(?)(?)(?)])(1 )(2 )(3 )]

"
"18-08-2026 13:41:12","1003","Information","Microsoft-Windows-Security-SPP","The Software Protection service has completed licensing status check.
Application Id=55c92734-d682-4d71-983e-d6ec3f16059f
Licensing Status=
1: 2c293c26-a45a-4a2a-a350-c69a67097529, 1, 0 [(0 [0xC004F014, 0, 0], [(?)(?)(?)(?)(?)(?)(?)(?)])(1 )(2 )(3 )]

"
"18-08-2026 13:41:12","1003","Information","Microsoft-Windows-Security-SPP","The Software Protection service has completed licensing status check.
Application Id=55c92734-d682-4d71-983e-d6ec3f16059f
Licensing Status=
1: 2936d1d2-913a-4542-b54e-ce5a602a2a38, 1, 0 [(0 [0xC004F014, 0, 0], [(?)(?)(?)(?)(?)(?)(?)(?)])(1 )(2 )(3 )]

"
"18-08-2026 13:41:11","1003","Information","Microsoft-Windows-Security-SPP","The Software Protection service has completed licensing status check.
Application Id=55c92734-d682-4d71-983e-d6ec3f16059f
Licensing Status=
1: 291ece0e-9c38-40ca-a9e1-32cc7ec19507, 1, 0 [(0 [0xC004F014, 0, 0], [(?)(?)(?)(?)(?)(?)(?)(?)])(1 )(2 )(3 )]

"
"18-08-2026 13:41:11","1003","Information","Microsoft-Windows-Security-SPP","The Software Protection service has completed licensing status check.
Application Id=0ff1ce15-a989-479d-af46-f275c6370663
Licensing Status=
1: 27b162b5-f5d2-40e9-8af3-d42ff4572bd4, 1, 0 [(0 [0xC004F014, 0, 0], [(?)(?)(?)(?)(?)(?)(?)(?)])(1 )(2 )(3 )]

"
"18-08-2026 13:41:11","1003","Information","Microsoft-Windows-Security-SPP","The Software Protection service has completed licensing status check.
Application Id=0ff1ce15-a989-479d-af46-f275c6370663
Licensing Status=
1: 26b6a7ce-b174-40aa-a114-316aa56ba9fc, 1, 0 [(0 [0xC004F014, 0, 0], [(?)(?)(?)(?)(?)(?)(?)(?)])(1 )(2 )(3 )]

"
"18-08-2026 13:41:11","1003","Information","Microsoft-Windows-Security-SPP","The Software Protection service has completed licensing status check.
Application Id=55c92734-d682-4d71-983e-d6ec3f16059f
Licensing Status=
1: 265f3fad-6a1c-4bdd-ae30-c75efa556ccb, 1, 0 [(0 [0xC004F014, 0, 0], [(?)(?)(?)(?)(?)(?)(?)(?)])(1 )(2 )(3 )]

"
"18-08-2026 13:41:11","1003","Information","Microsoft-Windows-Security-SPP","The Software Protection service has completed licensing status check.
Application Id=0ff1ce15-a989-479d-af46-f275c6370663
Licensing Status=
1: 24fc428e-a37e-4996-ac66-8ea0304a152d, 1, 0 [(0 [0xC004F014, 0, 0], [(?)(?)(?)(?)(?)(?)(?)(?)])(1 )(2 )(3 )]

"
"18-08-2026 13:41:11","1003","Information","Microsoft-Windows-Security-SPP","The Software Protection service has completed licensing status check.
Application Id=55c92734-d682-4d71-983e-d6ec3f16059f
Licensing Status=
1: 221a02da-e2a1-4b75-864c-0a4410a33fdf, 1, 0 [(0 [0xC004F014, 0, 0], [(?)(?)(?)(?)(?)(?)(?)(?)])(1 )(2 )(3 )]

"
"18-08-2026 13:41:11","1003","Information","Microsoft-Windows-Security-SPP","The Software Protection service has completed licensing status check.
Application Id=0ff1ce15-a989-479d-af46-f275c6370663
Licensing Status=
1: 1f7413cf-88d2-4f49-a283-e4d757d179df, 1, 0 [(0 [0xC004F014, 0, 0], [(?)(?)(?)(?)(?)(?)(?)(?)])(1 )(2 )(3 )]

"
"18-08-2026 13:41:11","1003","Information","Microsoft-Windows-Security-SPP","The Software Protection service has completed licensing status check.
Application Id=55c92734-d682-4d71-983e-d6ec3f16059f
Licensing Status=
1: 1a9a717a-cf13-4ba5-83c3-0fe25fa868d5, 1, 0 [(0 [0xC004F014, 0, 0], [(?)(?)(?)(?)(?)(?)(?)(?)])(1 )(2 )(3 )]

"
"18-08-2026 13:41:10","1003","Information","Microsoft-Windows-Security-SPP","The Software Protection service has completed licensing status check.
Application Id=55c92734-d682-4d71-983e-d6ec3f16059f
Licensing Status=
1: 19de9b2f-0166-4abb-9534-56ea69a80edb, 1, 0 [(0 [0xC004F014, 0, 0], [(?)(?)(?)(?)(?)(?)(?)(?)])(1 )(2 )(3 )]

"
"18-08-2026 13:41:10","1003","Information","Microsoft-Windows-Security-SPP","The Software Protection service has completed licensing status check.
Application Id=0ff1ce15-a989-479d-af46-f275c6370663
Licensing Status=
1: 149dbce7-a48e-44db-8364-a53386cd4580, 1, 0 [(0 [0xC004F014, 0, 0], [(?)(?)(?)(?)(?)(?)(?)(?)])(1 )(2 )(3 )]

"
"18-08-2026 13:41:10","1003","Information","Microsoft-Windows-Security-SPP","The Software Protection service has completed licensing status check.
Application Id=55c92734-d682-4d71-983e-d6ec3f16059f
Licensing Status=
1: 0ad2ac98-7bb9-4201-8d92-312299201369, 1, 0 [(0 [0xC004F014, 0, 0], [(?)(?)(?)(?)(?)(?)(?)(?)])(1 )(2 )(3 )]

"
"18-08-2026 13:41:10","1003","Information","Microsoft-Windows-Security-SPP","The Software Protection service has completed licensing status check.
Application Id=55c92734-d682-4d71-983e-d6ec3f16059f
Licensing Status=
1: 0724cb7d-3437-4cb7-93cb-830375d0079d, 1, 0 [(0 [0xC004F014, 0, 0], [(?)(?)(?)(?)(?)(?)(?)(?)])(1 )(2 )(3 )]

"
"18-08-2026 13:41:10","1003","Information","Microsoft-Windows-Security-SPP","The Software Protection service has completed licensing status check.
Application Id=55c92734-d682-4d71-983e-d6ec3f16059f
Licensing Status=
1: 040fa323-92b1-4baf-97a2-5b67feaefddb, 1, 0 [(0 [0xC004F014, 0, 0], [(?)(?)(?)(?)(?)(?)(?)(?)])(1 )(2 )(3 )]

"
"18-08-2026 13:41:10","1003","Information","Microsoft-Windows-Security-SPP","The Software Protection service has completed licensing status check.
Application Id=55c92734-d682-4d71-983e-d6ec3f16059f
Licensing Status=
1: 01eb852c-424d-4060-94b8-c10d799d7364, 1, 0 [(0 [0xC004F014, 0, 0], [(?)(?)(?)(?)(?)(?)(?)(?)])(1 )(2 )(3 )]

"
"18-08-2026 13:41:09","16394","Information","Microsoft-Windows-Security-SPP","Offline downlevel migration succeeded."
"18-08-2026 13:21:52","16384","Information","Microsoft-Windows-Security-SPP","Successfully scheduled Software Protection service for re-start at 2126-07-25T07:51:52Z. Reason: RulesEngine."
"18-08-2026 13:21:22","16394","Information","Microsoft-Windows-Security-SPP","Offline downlevel migration succeeded."
"18-08-2026 13:17:14","1000","Information",".NET Runtime","Dell Optimizer Console - clientTheme was null"
"18-08-2026 13:17:12","1000","Information",".NET Runtime","Dell Optimizer Console - userName : *********E\arjo5004"
"18-08-2026 13:13:27","26","Information","Outlook","Connection to Microsoft Exchange has been restored."
"18-08-2026 13:13:24","16384","Information","Microsoft-Windows-Security-SPP","Successfully scheduled Software Protection service for re-start at 2126-07-25T07:43:24Z. Reason: RulesEngine."
"18-08-2026 13:13:07","26","Information","Outlook","Connection to Microsoft Exchange has been lost. Outlook will restore the connection when possible."
"18-08-2026 13:12:53","1001","Information","Windows Error Reporting","Fault bucket , type 0
Event Name: LiveKernelEvent
Response: Not available
Cab Id: 0

Problem signature:
P1: 193
P2: 80e
P3: ffffcf8aede16080
P4: ffffe3847ac44d70
P5: 0
P6: 10_0_26100
P7: 0_0
P8: 256_1
P9: 
P10: 

Attached files:
\\?\C:\Windows\LiveKernelReports\WATCHDOG\WATCHDOG-20260728-1739.dmp
\\?\C:\Windows\SystemTemp\WER-107417718-0.sysdata.xml
\\?\C:\ProgramData\Microsoft\Windows\WER\Temp\WER.a1bc6256-3f5c-4a2d-a9f0-6ec44cf0758d.tmp.xml

These files may be available here:
\\?\C:\ProgramData\Microsoft\Windows\WER\ReportQueue\Kernel_193_abd9cbf140bb5029fbabb5aa6c6c6f4af01df5bf_00000000_e47de6fb-dda6-43b7-95d8-4f271c908dcb

Analysis symbol: 
Rechecking for solution: 0
Report Id: e47de6fb-dda6-43b7-95d8-4f271c908dcb
Report Status: 2051
Hashed bucket: 
Cab Guid: 0"
"18-08-2026 13:12:53","1001","Information","Windows Error Reporting","Fault bucket , type 0
Event Name: LiveKernelEvent
Response: Not available
Cab Id: 0

Problem signature:
P1: 1b8
P2: a
P3: 0
P4: 0
P5: 0
P6: 10_0_26100
P7: 0_0
P8: 256_1
P9: 
P10: 

Attached files:
\\?\C:\Windows\LiveKernelReports\WATCHDOG4400\WATCHDOG4400-20260710-1300.dmp
\\?\C:\Windows\SystemTemp\WER-271939687-1.sysdata.xml
\\?\C:\ProgramData\Microsoft\Windows\WER\Temp\WER.276c67c4-a71e-4c67-814b-398383480957.tmp.WERInternalMetadata.xml
\\?\C:\ProgramData\Microsoft\Windows\WER\Temp\WER.45398fb5-7380-4396-8ea0-3bd53512c717.tmp.csv
\\?\C:\ProgramData\Microsoft\Windows\WER\Temp\WER.1ff4cbcb-ad49-4c05-b4f9-be4909d9c9f1.tmp.txt
\\?\C:\ProgramData\Microsoft\Windows\WER\Temp\WER.51bf8dab-e143-4be9-97b9-909d7b0fd11b.tmp.xml

These files may be available here:
\\?\C:\ProgramData\Microsoft\Windows\WER\ReportQueue\Kernel_1b8_8fa7e01760fd533c5dce8eb299b7ad27ad53e77_00000000_573d8d8f-c6bf-486a-b7db-af9469fa7aca

Analysis symbol: 
Rechecking for solution: 0
Report Id: 573d8d8f-c6bf-486a-b7db-af9469fa7aca
Report Status: 2051
Hashed bucket: 
Cab Guid: 0"
"18-08-2026 13:12:53","1001","Information","Windows Error Reporting","Fault bucket , type 0
Event Name: LiveKernelEvent
Response: Not available
Cab Id: 0

Problem signature:
P1: 1a8
P2: a
P3: 0
P4: 0
P5: 0
P6: 10_0_26100
P7: 0_0
P8: 256_1
P9: 
P10: 

Attached files:
\\?\C:\Windows\LiveKernelReports\WATCHDOG\WATCHDOG-20260710-1300.dmp
\\?\C:\Windows\SystemTemp\WER-271939578-0.sysdata.xml
\\?\C:\ProgramData\Microsoft\Windows\WER\Temp\WER.9d0f10c3-9411-4acf-bb31-6859c68be85c.tmp.WERInternalMetadata.xml
\\?\C:\ProgramData\Microsoft\Windows\WER\Temp\WER.92ebb8bc-f8a2-409d-bf16-af9d4e02171b.tmp.csv
\\?\C:\ProgramData\Microsoft\Windows\WER\Temp\WER.d6f5e5d3-6464-4bb3-bd6d-af4323b2bd28.tmp.txt
\\?\C:\ProgramData\Microsoft\Windows\WER\Temp\WER.bc08fce0-0a3b-4356-9c60-9d77cdfdf274.tmp.xml

These files may be available here:
\\?\C:\ProgramData\Microsoft\Windows\WER\ReportQueue\Kernel_1a8_3748bd66a7bb3ae96eac533a61a9ac86d47cc_00000000_ec33cea1-82be-4259-91f8-9fcce02ba34e

Analysis symbol: 
Rechecking for solution: 0
Report Id: ec33cea1-82be-4259-91f8-9fcce02ba34e
Report Status: 2051
Hashed bucket: 
Cab Guid: 0"
"18-08-2026 13:12:53","1001","Information","Windows Error Reporting","Fault bucket , type 0
Event Name: LiveKernelEvent
Response: Not available
Cab Id: 0

Problem signature:
P1: 1a8
P2: a
P3: 0
P4: 0
P5: 0
P6: 10_0_26100
P7: 0_0
P8: 256_1
P9: 
P10: 

Attached files:
\\?\C:\Windows\LiveKernelReports\WATCHDOG\WATCHDOG-20260605-1132.dmp
\\?\C:\Windows\SystemTemp\WER-177493781-0.sysdata.xml
\\?\C:\ProgramData\Microsoft\Windows\WER\Temp\WER.7d595a1e-be1a-407e-9129-15b129663d18.tmp.WERInternalMetadata.xml
\\?\C:\ProgramData\Microsoft\Windows\WER\Temp\WER.0154dcde-260d-47f6-832d-ba1ab90745a3.tmp.csv
\\?\C:\ProgramData\Microsoft\Windows\WER\Temp\WER.3732cf1d-0f98-4752-a7b8-001c99f4d464.tmp.txt
\\?\C:\ProgramData\Microsoft\Windows\WER\Temp\WER.e778fd5f-f183-48dc-b2de-6998ab6638a1.tmp.xml

These files may be available here:
\\?\C:\ProgramData\Microsoft\Windows\WER\ReportQueue\Kernel_1a8_3748bd66a7bb3ae96eac533a61a9ac86d47cc_00000000_a2e929d0-2850-4380-898f-4dfd04c05c39

Analysis symbol: 
Rechecking for solution: 0
Report Id: a2e929d0-2850-4380-898f-4dfd04c05c39
Report Status: 2051
Hashed bucket: 
Cab Guid: 0"
"18-08-2026 13:12:53","1001","Information","Windows Error Reporting","Fault bucket , type 0
Event Name: LiveKernelEvent
Response: Not available
Cab Id: 0

Problem signature:
P1: 193
P2: 80e
P3: ffffa38c64a87080
P4: ffff8185b6ddaa20
P5: 0
P6: 10_0_26100
P7: 0_0
P8: 256_1
P9: 
P10: 

Attached files:
\\?\C:\Windows\LiveKernelReports\WATCHDOG\WATCHDOG-20260527-1052.dmp
\\?\C:\Windows\SystemTemp\WER-179535468-0.sysdata.xml
\\?\C:\ProgramData\Microsoft\Windows\WER\Temp\WER.ea643868-0ea8-4456-a323-8794ddfd284d.tmp.WERInternalMetadata.xml
\\?\C:\ProgramData\Microsoft\Windows\WER\Temp\WER.ee1fbebe-01de-4b58-b48a-010b870da1f5.tmp.csv
\\?\C:\ProgramData\Microsoft\Windows\WER\Temp\WER.426194b9-5279-4657-88b5-d2386d90185c.tmp.txt
\\?\C:\ProgramData\Microsoft\Windows\WER\Temp\WER.b587805b-274c-429e-b6fc-ba363711d14a.tmp.xml

These files may be available here:
\\?\C:\ProgramData\Microsoft\Windows\WER\ReportQueue\Kernel_193_fde6ca7bf15cd6bced14410b0b1972a766aba_00000000_ab53bcfd-f0a6-4eec-897b-bdc111b0593d

Analysis symbol: 
Rechecking for solution: 0
Report Id: ab53bcfd-f0a6-4eec-897b-bdc111b0593d
Report Status: 2051
Hashed bucket: 
Cab Guid: 0"
"18-08-2026 13:07:37","16394","Information","Microsoft-Windows-Security-SPP","Offline downlevel migration succeeded."
"18-08-2026 13:06:37","16384","Information","Microsoft-Windows-Security-SPP","Successfully scheduled Software Protection service for re-start at 2126-07-25T07:36:37Z. Reason: RulesEngine."
"18-08-2026 13:06:06","16394","Information","Microsoft-Windows-Security-SPP","Offline downlevel migration succeeded."
"18-08-2026 12:53:27","16384","Information","Microsoft-Windows-Security-SPP","Successfully scheduled Software Protection service for re-start at 2126-07-25T07:23:27Z. Reason: RulesEngine."
"18-08-2026 12:52:41","16394","Information","Microsoft-Windows-Security-SPP","Offline downlevel migration succeeded."
"18-08-2026 12:44:01","0","Information","edgeupdate","Service stopped."
"18-08-2026 12:28:01","16384","Information","Microsoft-Windows-Security-SPP","Successfully scheduled Software Protection service for re-start at 2126-07-25T06:58:01Z. Reason: RulesEngine."
"18-08-2026 12:27:30","16394","Information","Microsoft-Windows-Security-SPP","Offline downlevel migration succeeded."
"18-08-2026 12:11:04","8224","Information","VSS","The VSS service is shutting down due to idle timeout. "
"18-08-2026 12:03:52","1022","Error",".NET Runtime",".NET Runtime version 4.0.30319.0 - There was a failure initializing profiling API attach infrastructure.  This process will not allow a profiler to attach.  HRESULT: 0x80004005.  Process ID (decimal): 20316.  Message ID: [0x2509]."
"18-08-2026 12:02:43","16384","Information","Microsoft-Windows-Security-SPP","Successfully scheduled Software Protection service for re-start at 2126-07-25T06:32:43Z. Reason: RulesEngine."
"18-08-2026 12:02:13","16394","Information","Microsoft-Windows-Security-SPP","Offline downlevel migration succeeded."
"18-08-2026 12:02:05","103","Information","ESENT","Dell.TechHub.Instrumentation.SubAgent (18224,T,97,0) SrumDbReader: The database engine stopped the instance (0). 
 
Dirty Shutdown: 0 
 
Internal Timing Sequence: 
[1] 0.000006 +J(0)
[2] 0.000009 +J(0)
[3] 0.000003 +J(0)
[4] 0.000003 +J(0)
[5] 0.000028 +J(0)
[6] 0.000005 +J(0)
[7] 0.000010 +J(0)
[8] 0.000819 +J(0) +M(C:0K, Fs:1, WS:0K # 0K, PF:-4K # 0K, P:-4K)
[9] -
[10] -
[11] -
[12] -
[13] 0.000001 +J(0)
[14] 0.0 +J(0)
[15] 0.000001 +J(0)."
"18-08-2026 12:02:05","327","Information","ESENT","Dell.TechHub.Instrumentation.SubAgent (18224,D,51,0) SrumDbReader: The database engine detached a database (1, C:\ProgramData\Dell\DTP\DB\SRUDBData\SRUDB_11044d822942489aae3de9a7ce79e322.dat). (Time=0 seconds) 
 
Revived Cache: 0 0 
Additional Data:  
 
Internal Timing Sequence: 
[1] 0.000007 +J(0)
[2] 0.000001 +J(0)
[3] 0.000004 +J(0)
[4] 0.0 +J(0)
[5] 0.0 +J(0)
[6] 0.000028 +J(0) +M(C:0K, Fs:1, WS:4K # 0K, PF:0K # 0K, P:0K)
[7] 0.000026 +J(0)
[8] 0.000007 +J(0) +M(C:0K, Fs:1, WS:4K # 0K, PF:0K # 0K, P:0K)
[9] 0.000163 +J(0) +M(C:0K, Fs:0, WS:-20K # 0K, PF:-20K # 0K, P:-20K)
[10] 0.000086 +J(0)
[11] 0.000043 +J(0) +M(C:0K, Fs:0, WS:-4K # 0K, PF:-4K # 0K, P:-4K)."
"18-08-2026 12:02:05","326","Information","ESENT","Dell.TechHub.Instrumentation.SubAgent (18224,D,50,0) SrumDbReader: The database engine attached a database (1, C:\ProgramData\Dell\DTP\DB\SRUDBData\SRUDB_11044d822942489aae3de9a7ce79e322.dat). (Time=0 seconds) 
 
Saved Cache: 0 0 
Additional Data: ,
dbv = 1568.300.620 (9620) 
 
Internal Timing Sequence: 
[1] 0.000004 +J(0)
[2] 0.017958 -0.001007 (1) WT +J(0) +M(C:0K, Fs:17, WS:4K # 0K, PF:4K # 0K, P:4K)
[3] 0.003727 -0.002231 (2) WT +J(0) +M(C:0K, Fs:29, WS:108K # 0K, PF:132K # 0K, P:132K)
[4] 0.001158 +J(0) +M(C:0K, Fs:1, WS:4K # 0K, PF:0K # 0K, P:0K)
[5] -
[6] 0.001226 -0.000788 (3) CM -0.000455 (3) WT +J(CM:3, PgRf:3, Rd:0/3, Dy:0/0, Lg:0/0) +M(C:0K, Fs:50, WS:200K # 0K, PF:192K # 0K, P:192K)
[7] -
[8] 0.000647 -0.000183 (1) CM -0.000014 (1) WT +J(CM:1, PgRf:1, Rd:6/1, Dy:0/0, Lg:0/0) +M(C:24K, Fs:26, WS:100K # 0K, PF:216K # 0K, P:216K)
[9] -
[10] -
[11] -
[12] 0.000003 +J(0)
[13] 0.000366 -0.000255 (2) CM -0.000145 (2) WT +J(CM:2, PgRf:3, Rd:0/1, Dy:0/0, Lg:0/0) +M(C:0K, Fs:5, WS:20K # 0K, PF:0K # 0K, P:0K)
[14] 0.000010 +J(0) +M(C:0K, Fs:1, WS:4K # 0K, PF:0K # 0K, P:0K)
[15] 0.000001 +J(0)
[16] 0.000001 +J(0)
[17] 0.000720 -0.000360 (1) CM -0.000268 (1) WT +J(CM:1, PgRf:52, Rd:0/1, Dy:0/0, Lg:0/0) +M(C:-8K, Fs:19, WS:68K # 0K, PF:60K # 0K, P:60K)
[18] 0.000004 +J(0)
[19] 0.000001 +J(0)
[20] 0.000005 +J(0) +M(C:0K, Fs:1, WS:4K # 0K, PF:0K # 0K, P:0K)."
"18-08-2026 12:02:04","105","Information","ESENT","Dell.TechHub.Instrumentation.SubAgent (18224,D,0,0) SrumDbReader: The database engine started a new instance (0). (Time=0.004 seconds) 
 
Additional Data:
 RBSOn = 0
 
 
Internal Timing Sequence: 
[1] 0.000410 +J(0) +M(C:0K, Fs:71, WS:252K # 0K, PF:3096K # 0K, P:3096K)
[2] 0.000178 +J(0) +M(C:8K, Fs:1, WS:4K # 0K, PF:12K # 0K, P:12K)
[3] 0.000022 +J(0) +M(C:0K, Fs:1, WS:4K # 0K, PF:64K # 0K, P:64K)
[4] 0.000216 +J(0) +M(C:0K, Fs:18, WS:72K # 0K, PF:136K # 0K, P:136K)
[5] 0.001915 +J(0) +M(C:0K, Fs:213, WS:848K # 0K, PF:900K # 0K, P:900K)
[6] -
[7] -
[8] -
[9] -
[10] -
[11] -
[12] -
[13] 0.001229 -0.000001 (1) WT +J(0)
[14] 0.000036 +J(0)
[15] 0.000091 +J(0) +M(C:0K, Fs:16, WS:64K # 0K, PF:64K # 0K, P:64K)
[16] 0.000008 +J(0)."
"18-08-2026 12:02:04","102","Information","ESENT","Dell.TechHub.Instrumentation.SubAgent (18224,P,98,0) SrumDbReader: The database engine (6.02.9200.0000) is starting a new instance (0)."
"18-08-2026 12:02:04","103","Information","ESENT","esentutl (7288,T,97,0) The database engine stopped the instance (0). 
 
Dirty Shutdown: 0 
 
Internal Timing Sequence: 
[1] 0.000002 +J(0)
[2] 0.000004 +J(0)
[3] 0.000001 +J(0)
[4] 0.000001 +J(0)
[5] 0.000011 +J(0)
[6] 0.000002 +J(0)
[7] 0.000005 +J(0)
[8] 0.002403 +J(0) +M(C:0K, Fs:1, WS:-224K # 0K, PF:-288K # 0K, P:-288K)
[9] -
[10] -
[11] -
[12] -
[13] 0.000006 +J(0)
[14] 0.000001 +J(0)
[15] 0.000010 +J(0)."
"18-08-2026 12:02:04","327","Information","ESENT","esentutl (7288,D,100,0) The database engine detached a database (2, C:\ProgramData\Dell\DTP\DB\SRUDBData\SRUDB_11044d822942489aae3de9a7ce79e322.dat). (Time=0 seconds) 
 
Revived Cache: 0 0 
Additional Data:  
 
Internal Timing Sequence: 
[1] 0.000001 +J(0)
[2] 0.0 +J(0)
[3] 0.000001 +J(0)
[4] 0.0 +J(0)
[5] 0.0 +J(0)
[6] 0.000581 +J(0)
[7] 0.000172 +J(0)
[8] 0.000157 +J(0)
[9] 0.002807 -0.000207 (5) WT +J(0) +M(C:0K, Fs:1, WS:-20K # 0K, PF:-20K # 0K, P:-20K)
[10] 0.000555 +J(0)
[11] 0.000004 +J(0) +M(C:0K, Fs:0, WS:-4K # 0K, PF:-4K # 0K, P:-4K)."
"18-08-2026 12:02:04","326","Information","ESENT","esentutl (7288,D,100,0) The database engine attached a database (2, C:\ProgramData\Dell\DTP\DB\SRUDBData\SRUDB_11044d822942489aae3de9a7ce79e322.dat). (Time=0 seconds) 
 
Saved Cache: 0 0 
Additional Data: ,
dbv = 1568.300.620 (9620) 
 
Internal Timing Sequence: 
[1] 0.000002 +J(0)
[2] 0.001010 -0.000158 (1) WT +J(0) +M(C:0K, Fs:17, WS:4K # 0K, PF:4K # 44K, P:4K)
[3] 0.015103 -0.000303 (5) WT +J(0) +M(C:0K, Fs:6, WS:20K # 0K, PF:20K # 0K, P:20K)
[4] 0.001416 +J(0)
[5] -
[6] 0.000004 +J(0)
[7] -
[8] 0.000067 +J(CM:0, PgRf:0, Rd:16/0, Dy:0/0, Lg:0/0) +M(C:0K, Fs:16, WS:64K # 0K, PF:0K # 0K, P:0K)
[9] -
[10] -
[11] -
[12] 0.0 +J(0)
[13] 0.0 +J(0)
[14] 0.0 +J(0)
[15] 0.0 +J(0)
[16] 0.0 +J(0)
[17] 0.0 +J(0)
[18] 0.0 +J(0)
[19] 0.0 +J(0)
[20] 0.0 +J(0)."
"18-08-2026 12:02:04","327","Information","ESENT","esentutl (7288,D,100,0) The database engine detached a database (2, C:\ProgramData\Dell\DTP\DB\SRUDBData\SRUDB_11044d822942489aae3de9a7ce79e322.dat). (Time=0 seconds) 
 
Revived Cache: 0 0 
Additional Data:  
 
Internal Timing Sequence: 
[1] 0.000002 +J(0)
[2] 0.0 +J(0)
[3] 0.000002 +J(0)
[4] 0.0 +J(0)
[5] 0.0 +J(0)
[6] 0.000912 +J(0)
[7] 0.003945 +J(0) +M(C:0K, Fs:0, WS:-672K # 0K, PF:-868K # 0K, P:-868K)
[8] 0.000176 +J(0)
[9] 0.003638 -0.000366 (6) WT +J(0) +M(C:0K, Fs:3, WS:-20K # 0K, PF:-20K # 0K, P:-20K)
[10] 0.000602 +J(0)
[11] 0.000006 +J(0) +M(C:0K, Fs:0, WS:-4K # 0K, PF:-4K # 0K, P:-4K)."
"18-08-2026 12:02:04","326","Information","ESENT","esentutl (7288,D,100,0) The database engine attached a database (2, C:\ProgramData\Dell\DTP\DB\SRUDBData\SRUDB_11044d822942489aae3de9a7ce79e322.dat). (Time=0 seconds) 
 
Saved Cache: 0 0 
Additional Data: ,
dbv = 1568.300.620 (9620) 
 
Internal Timing Sequence: 
[1] 0.000002 +J(0)
[2] 0.000935 -0.000088 (1) WT +J(0) +M(C:0K, Fs:17, WS:4K # 0K, PF:4K # 0K, P:4K)
[3] 0.017716 -0.000279 (5) WT +J(0) +M(C:0K, Fs:6, WS:20K # 0K, PF:20K # 0K, P:20K)
[4] 0.001424 +J(0)
[5] -
[6] 0.000003 +J(0)
[7] -
[8] 0.000051 +J(CM:0, PgRf:0, Rd:16/0, Dy:0/0, Lg:0/0) +M(C:0K, Fs:3, WS:12K # 0K, PF:88K # 0K, P:88K)
[9] -
[10] -
[11] -
[12] 0.0 +J(0)
[13] 0.0 +J(0)
[14] 0.0 +J(0)
[15] 0.0 +J(0)
[16] 0.0 +J(0)
[17] 0.0 +J(0)
[18] 0.0 +J(0)
[19] 0.0 +J(0)
[20] 0.0 +J(0)."
"18-08-2026 12:02:04","327","Information","ESENT","esentutl (7288,D,100,0) The database engine detached a database (2, C:\ProgramData\Dell\DTP\DB\SRUDBData\SRUDB_11044d822942489aae3de9a7ce79e322.dat). (Time=0 seconds) 
 
Revived Cache: 0 0 
Additional Data:  
 
Internal Timing Sequence: 
[1] 0.000004 +J(0) +M(C:0K, Fs:2, WS:8K # 0K, PF:0K # 0K, P:0K)
[2] 0.0 +J(0)
[3] 0.000006 +J(0)
[4] 0.0 +J(0)
[5] 0.0 +J(0)
[6] 0.002047 +J(0) +M(C:0K, Fs:2, WS:8K # 0K, PF:0K # 0K, P:0K)
[7] 0.002082 +J(0) +M(C:0K, Fs:0, WS:-960K # 0K, PF:-968K # 0K, P:-968K)
[8] 0.000170 +J(0)
[9] 0.003289 -0.000464 (6) WT +J(0) +M(C:0K, Fs:3, WS:-20K # 0K, PF:-20K # 0K, P:-20K)
[10] 0.000620 +J(0)
[11] 0.000014 +J(0) +M(C:0K, Fs:0, WS:-4K # 0K, PF:-4K # 0K, P:-4K)."
"18-08-2026 12:02:03","326","Information","ESENT","esentutl (7288,D,100,0) The database engine attached a database (2, C:\ProgramData\Dell\DTP\DB\SRUDBData\SRUDB_11044d822942489aae3de9a7ce79e322.dat). (Time=0 seconds) 
 
Saved Cache: 0 0 
Additional Data: ,
dbv = 1568.300.620 (9620) 
 
Internal Timing Sequence: 
[1] 0.000001 +J(0)
[2] 0.000596 -0.000098 (1) WT +J(0) +M(C:0K, Fs:17, WS:4K # 68K, PF:4K # 64K, P:4K)
[3] 0.004482 -0.000166 (2) WT +J(0) +M(C:0K, Fs:13, WS:48K # 0K, PF:24K # 0K, P:24K)
[4] 0.001746 +J(0)
[5] -
[6] 0.000003 +J(0)
[7] -
[8] 0.000308 +J(CM:0, PgRf:0, Rd:1/0, Dy:0/0, Lg:0/0) +M(C:0K, Fs:17, WS:68K # 52K, PF:124K # 84K, P:124K)
[9] -
[10] -
[11] -
[12] 0.0 +J(0)
[13] 0.0 +J(0)
[14] 0.0 +J(0)
[15] 0.0 +J(0)
[16] 0.0 +J(0)
[17] 0.0 +J(0)
[18] 0.0 +J(0)
[19] 0.0 +J(0)
[20] 0.0 +J(0)."
"18-08-2026 12:02:03","105","Information","ESENT","esentutl (7288,D,0,0) The database engine started a new instance (0). (Time=0.002 seconds) 
 
Additional Data:
 RBSOn = 0
 
 
Internal Timing Sequence: 
[1] 0.000308 +J(0) +M(C:0K, Fs:67, WS:248K # 0K, PF:3044K # 0K, P:3044K)
[2] 0.000679 +J(0) +M(C:8K, Fs:353, WS:1396K # 420K, PF:872K # 288K, P:872K)
[3] 0.000013 +J(0) +M(C:0K, Fs:2, WS:4K # 4K, PF:68K # 68K, P:68K)
[4] 0.000090 +J(0) +M(C:0K, Fs:25, WS:100K # 100K, PF:184K # 184K, P:184K)
[5] 0.000303 +J(0) +M(C:0K, Fs:4, WS:16K # 16K, PF:20K # 20K, P:20K)
[6] -
[7] -
[8] -
[9] -
[10] -
[11] -
[12] -
[13] 0.000824 +J(0) +M(C:0K, Fs:26, WS:104K # 104K, PF:0K # 0K, P:0K)
[14] 0.000023 +J(0) +M(C:0K, Fs:2, WS:8K # 8K, PF:0K # 0K, P:0K)
[15] 0.000031 +J(0) +M(C:0K, Fs:17, WS:68K # 68K, PF:64K # 64K, P:64K)
[16] 0.000002 +J(0)."
"18-08-2026 12:02:03","102","Information","ESENT","esentutl (7288,P,98,0) The database engine (10.00.26100.0000) is starting a new instance (0)."
"18-08-2026 12:02:03","103","Information","ESENT","Dell.TechHub.Instrumentation.SubAgent (18224,T,97,0) SrumDbReader: The database engine stopped the instance (0). 
 
Dirty Shutdown: 0 
 
Internal Timing Sequence: 
[1] 0.000007 +J(0)
[2] 0.000009 +J(0)
[3] 0.000001 +J(0)
[4] 0.000003 +J(0)
[5] 0.000020 +J(0)
[6] 0.000004 +J(0)
[7] 0.000013 +J(0)
[8] 0.000032 +J(0)
[9] -
[10] -
[11] -
[12] -
[13] 0.000001 +J(0)
[14] 0.0 +J(0)
[15] 0.000002 +J(0)."
"18-08-2026 12:02:03","105","Information","ESENT","Dell.TechHub.Instrumentation.SubAgent (18224,D,0,0) SrumDbReader: The database engine started a new instance (0). (Time=0.004 seconds) 
 
Additional Data:
 RBSOn = 0
 
 
Internal Timing Sequence: 
[1] 0.000878 +J(0) +M(C:0K, Fs:73, WS:260K # 0K, PF:3096K # 0K, P:3096K)
[2] 0.000310 +J(0) +M(C:8K, Fs:3, WS:12K # 0K, PF:12K # 0K, P:12K)
[3] 0.000025 +J(0) +M(C:0K, Fs:1, WS:4K # 0K, PF:64K # 0K, P:64K)
[4] 0.000271 +J(0) +M(C:0K, Fs:20, WS:76K # 0K, PF:1036K # 0K, P:1036K)
[5] 0.000833 +J(0) +M(C:0K, Fs:211, WS:844K # 0K, PF:0K # 0K, P:0K)
[6] -
[7] -
[8] -
[9] -
[10] -
[11] -
[12] -
[13] 0.001142 +J(0)
[14] 0.000043 +J(0)
[15] 0.000101 +J(0) +M(C:0K, Fs:16, WS:64K # 0K, PF:64K # 0K, P:64K)
[16] 0.000009 +J(0)."
"18-08-2026 12:02:03","102","Information","ESENT","Dell.TechHub.Instrumentation.SubAgent (18224,P,98,0) SrumDbReader: The database engine (6.02.9200.0000) is starting a new instance (0)."
"18-08-2026 12:02:03","103","Information","ESENT","Dell.TechHub.Instrumentation.SubAgent (18224,T,97,0) SrumDbReader: The database engine stopped the instance (0). 
 
Dirty Shutdown: 0 
 
Internal Timing Sequence: 
[1] 0.000005 +J(0)
[2] 0.000011 +J(0) +M(C:0K, Fs:1, WS:4K # 0K, PF:0K # 0K, P:0K)
[3] 0.000001 +J(0)
[4] 0.000002 +J(0)
[5] 0.000017 +J(0)
[6] 0.000004 +J(0)
[7] 0.000009 +J(0)
[8] 0.000034 +J(0) +M(C:0K, Fs:1, WS:4K # 0K, PF:0K # 0K, P:0K)
[9] -
[10] -
[11] -
[12] -
[13] 0.000001 +J(0)
[14] 0.0 +J(0)
[15] 0.000002 +J(0)."
"18-08-2026 12:02:03","105","Information","ESENT","Dell.TechHub.Instrumentation.SubAgent (18224,D,0,0) SrumDbReader: The database engine started a new instance (0). (Time=0.009 seconds) 
 
Additional Data:
 RBSOn = 0
 
 
Internal Timing Sequence: 
[1] 0.001391 +J(0) +M(C:0K, Fs:155, WS:588K # 0K, PF:3116K # 0K, P:3116K)
[2] 0.000834 +J(0) +M(C:8K, Fs:63, WS:252K # 0K, PF:12K # 0K, P:12K)
[3] 0.000035 +J(0) +M(C:0K, Fs:1, WS:4K # 0K, PF:64K # 0K, P:64K)
[4] 0.001699 +J(0) +M(C:0K, Fs:261, WS:1040K # 0K, PF:1036K # 0K, P:1036K)
[5] 0.002258 +J(0) +M(C:0K, Fs:3, WS:12K # 0K, PF:0K # 0K, P:0K)
[6] -
[7] -
[8] -
[9] -
[10] -
[11] -
[12] -
[13] 0.002122 +J(0) +M(C:0K, Fs:3, WS:12K # 0K, PF:0K # 0K, P:0K)
[14] 0.000052 +J(0) +M(C:0K, Fs:1, WS:4K # 0K, PF:0K # 0K, P:0K)
[15] 0.000109 +J(0) +M(C:0K, Fs:18, WS:72K # 0K, PF:64K # 0K, P:64K)
[16] 0.000011 +J(0)."
"18-08-2026 12:02:03","102","Information","ESENT","Dell.TechHub.Instrumentation.SubAgent (18224,P,98,0) SrumDbReader: The database engine (6.02.9200.0000) is starting a new instance (0)."
"18-08-2026 12:02:03","8194","Error","VSS","Volume Shadow Copy Service error: Unexpected error querying for the IVssWriterCallback interface.  hr = 0x80070005, Access is denied.
. This is often caused by incorrect security settings in either the writer or requestor process. 

Operation:
   Gathering Writer Data

Context:
   Writer Class Id: {7e47b561-971a-46e6-96b9-696eeaa53b2a}
   Writer Name: MSMQ Writer (MSMQ)
   Writer Instance Name: MSMQ Writer (MSMQ)
   Writer Instance ID: {6393c1a3-e9bf-4ff9-8fed-d44787fdad8b}"
"18-08-2026 12:02:02","8231","Information","VSS","Volume Shadow Copy Service information: Snapshot creation initiated for Snapshot Set {196603e4-4e12-4876-94b4-ccb1a1cd01e4}.
 Process command line: ""C:\Windows\system32\esentutl.exe"" /y ""C:\Windows\system32\sru\SRUDB.dat"" /d ""C:\ProgramData\Dell\DTP\DB\SRUDBData\SRUDB_11044d822942489aae3de9a7ce79e322.dat"" /vss
 Process Caller Stack:
 Process[0]: esentutl.exe
 Process[1]: Dell.TechHub.Instrumentation.SubAgent.exe
 Process[2]: Dell.TechHub.exe
"
"18-08-2026 12:02:01","8194","Error","VSS","Volume Shadow Copy Service error: Unexpected error querying for the IVssWriterCallback interface.  hr = 0x80070005, Access is denied.
. This is often caused by incorrect security settings in either the writer or requestor process. 

Operation:
   Gathering Writer Data

Context:
   Writer Class Id: {7e47b561-971a-46e6-96b9-696eeaa53b2a}
   Writer Name: MSMQ Writer (MSMQ)
   Writer Instance Name: MSMQ Writer (MSMQ)
   Writer Instance ID: {6393c1a3-e9bf-4ff9-8fed-d44787fdad8b}"
"18-08-2026 11:56:42","16384","Information","Microsoft-Windows-Security-SPP","Successfully scheduled Software Protection service for re-start at 2126-07-25T06:26:42Z. Reason: RulesEngine."
"18-08-2026 11:56:12","16394","Information","Microsoft-Windows-Security-SPP","Offline downlevel migration succeeded."
"18-08-2026 11:43:35","0","Information","edgeupdate","Service stopped."
"18-08-2026 11:29:51","16384","Information","Microsoft-Windows-Security-SPP","Successfully scheduled Software Protection service for re-start at 2126-07-25T05:59:51Z. Reason: RulesEngine."
"18-08-2026 11:29:21","16394","Information","Microsoft-Windows-Security-SPP","Offline downlevel migration succeeded."
"18-08-2026 11:16:27","16384","Information","Microsoft-Windows-Security-SPP","Successfully scheduled Software Protection service for re-start at 2126-07-25T05:46:27Z. Reason: RulesEngine."
"18-08-2026 11:15:57","16394","Information","Microsoft-Windows-Security-SPP","Offline downlevel migration succeeded."
"18-08-2026 10:50:20","1000","Information",".NET Runtime","Dell Optimizer Console - clientTheme was null"
"18-08-2026 10:50:18","1000","Information",".NET Runtime","Dell Optimizer Console - userName : *********E\arjo5004"
"18-08-2026 10:47:49","1000","Information",".NET Runtime","CLABP:
Device:                    Speakers (4- Cirrus Logic XU) {0.0.0.00000000}.{45d28dc2-5526-4063-98de-2b18fc40ed90} - Speakers
UseCase Name:              Deafault low volume retune
EFX Left:                  
EFX Right:                 
EFX Left Version:          
EFX Right Version:         
MFX Default Left:          
MFX Default Right:         
MFX Default Left Version:  
MFX Default Right Version: 
MFX Media Left:            
MFX Media Right:           
MFX Media Left Version:    
MFX Media Right Version:   
Apps:                      
Contortions:               
Orientations:              
Display Orientations:      
Min Volume:                
Endpoints:                 Speakers"
"18-08-2026 10:47:47","1000","Information",".NET Runtime","CLABP:
Device:                    Speakers (4- Cirrus Logic XU) {0.0.0.00000000}.{45d28dc2-5526-4063-98de-2b18fc40ed90} - Speakers
UseCase Name:              Teams VoIP
EFX Left:                  
EFX Right:                 
EFX Left Version:          
EFX Right Version:         
MFX Default Left:          
MFX Default Right:         
MFX Default Left Version:  
MFX Default Right Version: 
MFX Media Left:            
MFX Media Right:           
MFX Media Left Version:    
MFX Media Right Version:   
Apps:                      teams
Contortions:               
Orientations:              
Display Orientations:      
Min Volume:                
Endpoints:                 Speakers"
"18-08-2026 10:46:00","0",,"Dell Firmware Update",
"18-08-2026 10:45:22","16384","Information","Microsoft-Windows-Security-SPP","Successfully scheduled Software Protection service for re-start at 2126-07-25T05:15:22Z. Reason: RulesEngine."
"18-08-2026 10:44:52","16394","Information","Microsoft-Windows-Security-SPP","Offline downlevel migration succeeded."
"18-08-2026 10:44:27","16384","Information","Microsoft-Windows-Security-SPP","Successfully scheduled Software Protection service for re-start at 2126-07-25T05:14:27Z. Reason: RulesEngine."
"18-08-2026 10:44:09","2562",,"Microsoft-Windows-AppXDeploymentServer/Operational",
"18-08-2026 10:44:08","2562",,"Microsoft-Windows-AppXDeploymentServer/Operational",
"18-08-2026 10:44:08","2562",,"Microsoft-Windows-AppXDeploymentServer/Operational",
"18-08-2026 10:44:08","2562",,"Microsoft-Windows-AppXDeploymentServer/Operational",
"18-08-2026 10:43:59","63","Warning","Microsoft-Windows-WMI","A provider, IntelMEProv, has been registered in the Windows Management Instrumentation namespace root\Intel_ME to use the LocalSystem account. This account is privileged and the provider may cause a security violation if it does not correctly impersonate user requests."
"18-08-2026 10:43:59","63","Warning","Microsoft-Windows-WMI","A provider, IntelMEProv, has been registered in the Windows Management Instrumentation namespace root\Intel_ME to use the LocalSystem account. This account is privileged and the provider may cause a security violation if it does not correctly impersonate user requests."
"18-08-2026 10:43:59","63","Warning","Microsoft-Windows-WMI","A provider, IntelMEProv, has been registered in the Windows Management Instrumentation namespace root\Intel_ME to use the LocalSystem account. This account is privileged and the provider may cause a security violation if it does not correctly impersonate user requests."
"18-08-2026 10:43:59","2","Information","WMIRegistrationService","Intel(R) WMI Registration Service has successfully finished WMI Registration."
"18-08-2026 10:43:58","0","Information","WMIRegistrationService","Intel(R) WMI Registration Service started."
"18-08-2026 10:43:58","1","Information","WMIRegistrationService","Intel(R) WMI Registration Service stopped."
"18-08-2026 10:43:57","16394","Information","Microsoft-Windows-Security-SPP","Offline downlevel migration succeeded."
"18-08-2026 10:43:34","0","Information","edgeupdate","Service stopped."
"18-08-2026 10:43:25","1001","Information","Windows Error Reporting","Fault bucket , type 0
Event Name: LiveKernelEvent
Response: Not available
Cab Id: 0

Problem signature:
P1: 193
P2: 80e
P3: ffffcf8aede16080
P4: ffffe3847ac44d70
P5: 0
P6: 10_0_26100
P7: 0_0
P8: 256_1
P9: 
P10: 

Attached files:
\\?\C:\Windows\LiveKernelReports\WATCHDOG\WATCHDOG-20260728-1739.dmp
\\?\C:\Windows\SystemTemp\WER-107417718-0.sysdata.xml
\\?\C:\ProgramData\Microsoft\Windows\WER\Temp\WER.a1bc6256-3f5c-4a2d-a9f0-6ec44cf0758d.tmp.xml

These files may be available here:
\\?\C:\ProgramData\Microsoft\Windows\WER\ReportQueue\Kernel_193_abd9cbf140bb5029fbabb5aa6c6c6f4af01df5bf_00000000_e47de6fb-dda6-43b7-95d8-4f271c908dcb

Analysis symbol: 
Rechecking for solution: 0
Report Id: e47de6fb-dda6-43b7-95d8-4f271c908dcb
Report Status: 2051
Hashed bucket: 
Cab Guid: 0"
"18-08-2026 10:43:25","1001","Information","Windows Error Reporting","Fault bucket , type 0
Event Name: LiveKernelEvent
Response: Not available
Cab Id: 0

Problem signature:
P1: 1b8
P2: a
P3: 0
P4: 0
P5: 0
P6: 10_0_26100
P7: 0_0
P8: 256_1
P9: 
P10: 

Attached files:
\\?\C:\Windows\LiveKernelReports\WATCHDOG4400\WATCHDOG4400-20260710-1300.dmp
\\?\C:\Windows\SystemTemp\WER-271939687-1.sysdata.xml
\\?\C:\ProgramData\Microsoft\Windows\WER\Temp\WER.276c67c4-a71e-4c67-814b-398383480957.tmp.WERInternalMetadata.xml
\\?\C:\ProgramData\Microsoft\Windows\WER\Temp\WER.45398fb5-7380-4396-8ea0-3bd53512c717.tmp.csv
\\?\C:\ProgramData\Microsoft\Windows\WER\Temp\WER.1ff4cbcb-ad49-4c05-b4f9-be4909d9c9f1.tmp.txt
\\?\C:\ProgramData\Microsoft\Windows\WER\Temp\WER.51bf8dab-e143-4be9-97b9-909d7b0fd11b.tmp.xml

These files may be available here:
\\?\C:\ProgramData\Microsoft\Windows\WER\ReportQueue\Kernel_1b8_8fa7e01760fd533c5dce8eb299b7ad27ad53e77_00000000_573d8d8f-c6bf-486a-b7db-af9469fa7aca

Analysis symbol: 
Rechecking for solution: 0
Report Id: 573d8d8f-c6bf-486a-b7db-af9469fa7aca
Report Status: 2051
Hashed bucket: 
Cab Guid: 0"
"18-08-2026 10:43:25","1001","Information","Windows Error Reporting","Fault bucket , type 0
Event Name: LiveKernelEvent
Response: Not available
Cab Id: 0

Problem signature:
P1: 1a8
P2: a
P3: 0
P4: 0
P5: 0
P6: 10_0_26100
P7: 0_0
P8: 256_1
P9: 
P10: 

Attached files:
\\?\C:\Windows\LiveKernelReports\WATCHDOG\WATCHDOG-20260710-1300.dmp
\\?\C:\Windows\SystemTemp\WER-271939578-0.sysdata.xml
\\?\C:\ProgramData\Microsoft\Windows\WER\Temp\WER.9d0f10c3-9411-4acf-bb31-6859c68be85c.tmp.WERInternalMetadata.xml
\\?\C:\ProgramData\Microsoft\Windows\WER\Temp\WER.92ebb8bc-f8a2-409d-bf16-af9d4e02171b.tmp.csv
\\?\C:\ProgramData\Microsoft\Windows\WER\Temp\WER.d6f5e5d3-6464-4bb3-bd6d-af4323b2bd28.tmp.txt
\\?\C:\ProgramData\Microsoft\Windows\WER\Temp\WER.bc08fce0-0a3b-4356-9c60-9d77cdfdf274.tmp.xml

These files may be available here:
\\?\C:\ProgramData\Microsoft\Windows\WER\ReportQueue\Kernel_1a8_3748bd66a7bb3ae96eac533a61a9ac86d47cc_00000000_ec33cea1-82be-4259-91f8-9fcce02ba34e

Analysis symbol: 
Rechecking for solution: 0
Report Id: ec33cea1-82be-4259-91f8-9fcce02ba34e
Report Status: 2051
Hashed bucket: 
Cab Guid: 0"
"18-08-2026 10:43:24","1001","Information","Windows Error Reporting","Fault bucket , type 0
Event Name: LiveKernelEvent
Response: Not available
Cab Id: 0

Problem signature:
P1: 1a8
P2: a
P3: 0
P4: 0
P5: 0
P6: 10_0_26100
P7: 0_0
P8: 256_1
P9: 
P10: 

Attached files:
\\?\C:\Windows\LiveKernelReports\WATCHDOG\WATCHDOG-20260605-1132.dmp
\\?\C:\Windows\SystemTemp\WER-177493781-0.sysdata.xml
\\?\C:\ProgramData\Microsoft\Windows\WER\Temp\WER.7d595a1e-be1a-407e-9129-15b129663d18.tmp.WERInternalMetadata.xml
\\?\C:\ProgramData\Microsoft\Windows\WER\Temp\WER.0154dcde-260d-47f6-832d-ba1ab90745a3.tmp.csv
\\?\C:\ProgramData\Microsoft\Windows\WER\Temp\WER.3732cf1d-0f98-4752-a7b8-001c99f4d464.tmp.txt
\\?\C:\ProgramData\Microsoft\Windows\WER\Temp\WER.e778fd5f-f183-48dc-b2de-6998ab6638a1.tmp.xml

These files may be available here:
\\?\C:\ProgramData\Microsoft\Windows\WER\ReportQueue\Kernel_1a8_3748bd66a7bb3ae96eac533a61a9ac86d47cc_00000000_a2e929d0-2850-4380-898f-4dfd04c05c39

Analysis symbol: 
Rechecking for solution: 0
Report Id: a2e929d0-2850-4380-898f-4dfd04c05c39
Report Status: 2051
Hashed bucket: 
Cab Guid: 0"
"18-08-2026 10:43:24","1001","Information","Windows Error Reporting","Fault bucket , type 0
Event Name: LiveKernelEvent
Response: Not available
Cab Id: 0

Problem signature:
P1: 193
P2: 80e
P3: ffffa38c64a87080
P4: ffff8185b6ddaa20
P5: 0
P6: 10_0_26100
P7: 0_0
P8: 256_1
P9: 
P10: 

Attached files:
\\?\C:\Windows\LiveKernelReports\WATCHDOG\WATCHDOG-20260527-1052.dmp
\\?\C:\Windows\SystemTemp\WER-179535468-0.sysdata.xml
\\?\C:\ProgramData\Microsoft\Windows\WER\Temp\WER.ea643868-0ea8-4456-a323-8794ddfd284d.tmp.WERInternalMetadata.xml
\\?\C:\ProgramData\Microsoft\Windows\WER\Temp\WER.ee1fbebe-01de-4b58-b48a-010b870da1f5.tmp.csv
\\?\C:\ProgramData\Microsoft\Windows\WER\Temp\WER.426194b9-5279-4657-88b5-d2386d90185c.tmp.txt
\\?\C:\ProgramData\Microsoft\Windows\WER\Temp\WER.b587805b-274c-429e-b6fc-ba363711d14a.tmp.xml

These files may be available here:
\\?\C:\ProgramData\Microsoft\Windows\WER\ReportQueue\Kernel_193_fde6ca7bf15cd6bced14410b0b1972a766aba_00000000_ab53bcfd-f0a6-4eec-897b-bdc111b0593d

Analysis symbol: 
Rechecking for solution: 0
Report Id: ab53bcfd-f0a6-4eec-897b-bdc111b0593d
Report Status: 2051
Hashed bucket: 
Cab Guid: 0"
"18-08-2026 10:40:20","10001","Information","Microsoft-Windows-RestartManager","Ending session 0 started ‎2026‎-‎08‎-‎18T05:08:54.752755200Z."
"18-08-2026 10:40:20","10001","Information","Microsoft-Windows-RestartManager","Ending session 0 started ‎2026‎-‎08‎-‎18T05:08:54.479073400Z."
"18-08-2026 10:40:21","1042","Information","MsiInstaller","Ending a Windows Installer transaction: C:\Windows\IMECache\f8f6fb22-bddd-4617-ac09-b05ffd24847c_1\GoogleChromeStandaloneEnterprise64.msi. Client Process Id: 23532."
"18-08-2026 10:40:20","1033","Information","MsiInstaller","Windows Installer installed the product. Product Name: Google Chrome. Product Version: 151.0.7922.138. Product Language: 1033. Manufacturer: Google LLC. Installation success or error status: 0."
"18-08-2026 10:40:20","11707","Information","MsiInstaller","Product: Google Chrome -- Installation completed successfully."
"18-08-2026 10:39:44","256","Information","Chrome","[7464:10520:0818/103944.157:INFO:chrome\browser\extensions\extension_garbage_collector.cc:188] Garbage collection for extensions on file thread is complete."
"18-08-2026 10:39:39","19","Information","IPF","ESIF(2.3.20303.5058) TYPE: INFO MODULE: IPF TIME 656721 ms

    DPTF Build Version:  9.1.10010.2297    DPTF Build Date:  May  1 2026 14:56:21    Message:  EPO Modes Status:DC Endurance Gaming(Status: Enabled);DC Balanced(Status: Enabled);AC Balanced(Status: Enabled);AC Cool & Quiet(Status: Disabled); AC Efficiency(Status: Disabled); AC Performance(Status: Disabled); DC Cool & Quiet(Status: Disabled); DC Efficiency(Status: Disabled); DC Performance(Status: Disabled); AC Collaboration(Status: Enabled);DC Collaboration(Status: Enabled);AC VC IP Alignment(Status: Enabled);DC VC IP Alignment(Status: Enabled);AC Soc Assist(Status: Enabled);DC Soc Assist(Status: Enabled    Policy:  Energy Performance Optimizer Policy [2]        "
"18-08-2026 10:39:39","19","Information","IPF","ESIF(2.3.20303.5058) TYPE: INFO MODULE: IPF TIME 655991 ms

    DPTF Build Version:  9.1.10010.2297    DPTF Build Date:  May  1 2026 14:56:21    Message:  EPO Modes Status:DC Endurance Gaming(Status: Enabled);DC Balanced(Status: Enabled);AC Balanced(Status: Enabled);AC Cool & Quiet(Status: Disabled); AC Efficiency(Status: Disabled); AC Performance(Status: Disabled); DC Cool & Quiet(Status: Disabled); DC Efficiency(Status: Disabled); DC Performance(Status: Disabled); AC Collaboration(Status: Enabled);DC Collaboration(Status: Enabled);AC VC IP Alignment(Status: Enabled);DC VC IP Alignment(Status: Enabled);AC Soc Assist(Status: Enabled);DC Soc Assist(Status: Enabled    Policy:  Energy Performance Optimizer Policy [2]        "
"18-08-2026 10:39:37","19","Information","IPF","ESIF(2.3.20303.5058) TYPE: INFO MODULE: IPF TIME 654137 ms

<EVENTLOG>DTT Version: 9.1.10010.2297. IPF SDK Version: 1.0.23203.03. Minimum IPF Version Required: 1.0.11904.0."
"18-08-2026 10:38:59","16384","Information","Microsoft-Windows-Security-SPP","Successfully scheduled Software Protection service for re-start at 2126-07-25T05:08:59Z. Reason: RulesEngine."
"18-08-2026 10:38:54","10000","Information","Microsoft-Windows-RestartManager","Starting session 0 - ‎2026‎-‎08‎-‎18T05:08:54.752755200Z."
