"17-08-2026 13:41:15","1003","Information","Microsoft-Windows-Security-SPP","The Software Protection service has completed licensing status check.
Application Id=55c92734-d682-4d71-983e-d6ec3f16059f
Licensing Status=
1: 345a5db0-d94f-4e3b-a0c0-7c42f7bc3ebf, 1, 0 [(0 [0xC004F014, 0, 0], [(?)(?)(?)(?)(?)(?)(?)(?)])(1 )(2 )(3 )]

"
"17-08-2026 13:41:15","1003","Information","Microsoft-Windows-Security-SPP","The Software Protection service has completed licensing status check.
Application Id=55c92734-d682-4d71-983e-d6ec3f16059f
Licensing Status=
1: 30a42c86-b7a0-4a34-8c90-ff177cb2acb7, 1, 0 [(0 [0xC004F014, 0, 0], [(?)(?)(?)(?)(?)(?)(?)(?)])(1 )(2 )(3 )]

"
"17-08-2026 13:41:14","1003","Information","Microsoft-Windows-Security-SPP","The Software Protection service has completed licensing status check.
Application Id=55c92734-d682-4d71-983e-d6ec3f16059f
Licensing Status=
1: 2ffd8952-423e-4903-b993-72a1aa44cf82, 1, 0 [(0 [0xC004F014, 0, 0], [(?)(?)(?)(?)(?)(?)(?)(?)])(1 )(2 )(3 )]

"
"17-08-2026 13:41:14","1003","Information","Microsoft-Windows-Security-SPP","The Software Protection service has completed licensing status check.
Application Id=0ff1ce15-a989-479d-af46-f275c6370663
Licensing Status=
1: 2dfe2075-2d04-4e43-816a-eb60bbb77574, 1, 0 [(0 [0xC004F014, 0, 0], [(?)(?)(?)(?)(?)(?)(?)(?)])(1 )(2 )(3 )]

"
"17-08-2026 13:41:13","1003","Information","Microsoft-Windows-Security-SPP","The Software Protection service has completed licensing status check.
Application Id=55c92734-d682-4d71-983e-d6ec3f16059f
Licensing Status=
1: 2de67392-b7a7-462a-b1ca-108dd189f588, 1, 0 [(0 [0xC004F014, 0, 0], [(?)(?)(?)(?)(?)(?)(?)(?)])(1 )(2 )(3 )]

"
"17-08-2026 13:41:13","1003","Information","Microsoft-Windows-Security-SPP","The Software Protection service has completed licensing status check.
Application Id=55c92734-d682-4d71-983e-d6ec3f16059f
Licensing Status=
1: 2c293c26-a45a-4a2a-a350-c69a67097529, 1, 0 [(0 [0xC004F014, 0, 0], [(?)(?)(?)(?)(?)(?)(?)(?)])(1 )(2 )(3 )]

"
"17-08-2026 13:41:13","1003","Information","Microsoft-Windows-Security-SPP","The Software Protection service has completed licensing status check.
Application Id=55c92734-d682-4d71-983e-d6ec3f16059f
Licensing Status=
1: 2936d1d2-913a-4542-b54e-ce5a602a2a38, 1, 0 [(0 [0xC004F014, 0, 0], [(?)(?)(?)(?)(?)(?)(?)(?)])(1 )(2 )(3 )]

"
"17-08-2026 13:41:13","1003","Information","Microsoft-Windows-Security-SPP","The Software Protection service has completed licensing status check.
Application Id=55c92734-d682-4d71-983e-d6ec3f16059f
Licensing Status=
1: 291ece0e-9c38-40ca-a9e1-32cc7ec19507, 1, 0 [(0 [0xC004F014, 0, 0], [(?)(?)(?)(?)(?)(?)(?)(?)])(1 )(2 )(3 )]

"
"17-08-2026 13:41:13","1003","Information","Microsoft-Windows-Security-SPP","The Software Protection service has completed licensing status check.
Application Id=0ff1ce15-a989-479d-af46-f275c6370663
Licensing Status=
1: 27b162b5-f5d2-40e9-8af3-d42ff4572bd4, 1, 0 [(0 [0xC004F014, 0, 0], [(?)(?)(?)(?)(?)(?)(?)(?)])(1 )(2 )(3 )]

"
"17-08-2026 13:41:13","1003","Information","Microsoft-Windows-Security-SPP","The Software Protection service has completed licensing status check.
Application Id=0ff1ce15-a989-479d-af46-f275c6370663
Licensing Status=
1: 26b6a7ce-b174-40aa-a114-316aa56ba9fc, 1, 0 [(0 [0xC004F014, 0, 0], [(?)(?)(?)(?)(?)(?)(?)(?)])(1 )(2 )(3 )]

"
"17-08-2026 13:41:13","1003","Information","Microsoft-Windows-Security-SPP","The Software Protection service has completed licensing status check.
Application Id=55c92734-d682-4d71-983e-d6ec3f16059f
Licensing Status=
1: 265f3fad-6a1c-4bdd-ae30-c75efa556ccb, 1, 0 [(0 [0xC004F014, 0, 0], [(?)(?)(?)(?)(?)(?)(?)(?)])(1 )(2 )(3 )]

"
"17-08-2026 13:41:12","1003","Information","Microsoft-Windows-Security-SPP","The Software Protection service has completed licensing status check.
Application Id=0ff1ce15-a989-479d-af46-f275c6370663
Licensing Status=
1: 24fc428e-a37e-4996-ac66-8ea0304a152d, 1, 0 [(0 [0xC004F014, 0, 0], [(?)(?)(?)(?)(?)(?)(?)(?)])(1 )(2 )(3 )]

"
"17-08-2026 13:41:12","1003","Information","Microsoft-Windows-Security-SPP","The Software Protection service has completed licensing status check.
Application Id=55c92734-d682-4d71-983e-d6ec3f16059f
Licensing Status=
1: 221a02da-e2a1-4b75-864c-0a4410a33fdf, 1, 0 [(0 [0xC004F014, 0, 0], [(?)(?)(?)(?)(?)(?)(?)(?)])(1 )(2 )(3 )]

"
"17-08-2026 13:41:12","1003","Information","Microsoft-Windows-Security-SPP","The Software Protection service has completed licensing status check.
Application Id=0ff1ce15-a989-479d-af46-f275c6370663
Licensing Status=
1: 1f7413cf-88d2-4f49-a283-e4d757d179df, 1, 0 [(0 [0xC004F014, 0, 0], [(?)(?)(?)(?)(?)(?)(?)(?)])(1 )(2 )(3 )]

"
"17-08-2026 13:41:12","1003","Information","Microsoft-Windows-Security-SPP","The Software Protection service has completed licensing status check.
Application Id=55c92734-d682-4d71-983e-d6ec3f16059f
Licensing Status=
1: 1a9a717a-cf13-4ba5-83c3-0fe25fa868d5, 1, 0 [(0 [0xC004F014, 0, 0], [(?)(?)(?)(?)(?)(?)(?)(?)])(1 )(2 )(3 )]

"
"17-08-2026 13:41:12","1003","Information","Microsoft-Windows-Security-SPP","The Software Protection service has completed licensing status check.
Application Id=55c92734-d682-4d71-983e-d6ec3f16059f
Licensing Status=
1: 19de9b2f-0166-4abb-9534-56ea69a80edb, 1, 0 [(0 [0xC004F014, 0, 0], [(?)(?)(?)(?)(?)(?)(?)(?)])(1 )(2 )(3 )]

"
"17-08-2026 13:41:12","1033","Information","Microsoft-Windows-Security-SPP","These policies are being excluded since they are only defined with override-only attribute.
Policy Names=(Security-SPP-Reserved-EnableNotificationMode) 
App Id=0ff1ce15-a989-479d-af46-f275c6370663
Sku Id=c590605a-a08a-4cc7-8dc2-f1ffb3d06949"
"17-08-2026 13:41:12","1040","Information","Microsoft-Windows-Security-SPP","Hardware has changed from previous boot.
 AppId=0ff1ce15-a989-479d-af46-f275c6370663, SkuId=c590605a-a08a-4cc7-8dc2-f1ffb3d06949."
"17-08-2026 13:41:12","1003","Information","Microsoft-Windows-Security-SPP","The Software Protection service has completed licensing status check.
Application Id=0ff1ce15-a989-479d-af46-f275c6370663
Licensing Status=
1: 149dbce7-a48e-44db-8364-a53386cd4580, 1, 0 [(0 [0xC004F014, 0, 0], [(?)(?)(?)(?)(?)(?)(?)(?)])(1 )(2 )(3 )]

"
"17-08-2026 13:41:11","1003","Information","Microsoft-Windows-Security-SPP","The Software Protection service has completed licensing status check.
Application Id=55c92734-d682-4d71-983e-d6ec3f16059f
Licensing Status=
1: 0ad2ac98-7bb9-4201-8d92-312299201369, 1, 0 [(0 [0xC004F014, 0, 0], [(?)(?)(?)(?)(?)(?)(?)(?)])(1 )(2 )(3 )]

"
"17-08-2026 13:41:11","1003","Information","Microsoft-Windows-Security-SPP","The Software Protection service has completed licensing status check.
Application Id=55c92734-d682-4d71-983e-d6ec3f16059f
Licensing Status=
1: 0724cb7d-3437-4cb7-93cb-830375d0079d, 1, 0 [(0 [0xC004F014, 0, 0], [(?)(?)(?)(?)(?)(?)(?)(?)])(1 )(2 )(3 )]

"
"17-08-2026 13:41:11","1003","Information","Microsoft-Windows-Security-SPP","The Software Protection service has completed licensing status check.
Application Id=55c92734-d682-4d71-983e-d6ec3f16059f
Licensing Status=
1: 040fa323-92b1-4baf-97a2-5b67feaefddb, 1, 0 [(0 [0xC004F014, 0, 0], [(?)(?)(?)(?)(?)(?)(?)(?)])(1 )(2 )(3 )]

"
"17-08-2026 13:41:11","1003","Information","Microsoft-Windows-Security-SPP","The Software Protection service has completed licensing status check.
Application Id=55c92734-d682-4d71-983e-d6ec3f16059f
Licensing Status=
1: 01eb852c-424d-4060-94b8-c10d799d7364, 1, 0 [(0 [0xC004F014, 0, 0], [(?)(?)(?)(?)(?)(?)(?)(?)])(1 )(2 )(3 )]

"
"17-08-2026 13:41:11","16394","Information","Microsoft-Windows-Security-SPP","Offline downlevel migration succeeded."
"17-08-2026 13:40:01","16384","Information","Microsoft-Windows-Security-SPP","Successfully scheduled Software Protection service for re-start at 2126-07-24T08:10:01Z. Reason: RulesEngine."
"17-08-2026 13:39:31","16394","Information","Microsoft-Windows-Security-SPP","Offline downlevel migration succeeded."
"17-08-2026 13:36:47","16384","Information","Microsoft-Windows-Security-SPP","Successfully scheduled Software Protection service for re-start at 2126-07-24T08:06:47Z. Reason: RulesEngine."
"17-08-2026 13:36:35","38","Information","Outlook","Reconciliation completed for the following store: C:\Users\arjo5004\AppData\Local\Microsoft\Outlook\joe.prakash@nielseniq.com.nst. Stats: Added: 0, Deleted: 0, Modified: 0, Compared: 33, Queries: 0, Results: 0, Version: 16.0.20228.20014."
"17-08-2026 13:36:31","30","Information","Outlook","Starting reconciliation for the store C:\Users\arjo5004\AppData\Local\Microsoft\Outlook\joe.prakash@nielseniq.com.nst for the following reason: Indexing was disabled and then re-enabled."
"17-08-2026 13:36:16","16394","Information","Microsoft-Windows-Security-SPP","Offline downlevel migration succeeded."
"17-08-2026 13:32:25","256","Information","Edge","[35252:27032:0817/133225.433:INFO:chrome\browser\extensions\extension_garbage_collector.cc:188] Garbage collection for extensions on file thread is complete."
"17-08-2026 13:31:54","2562",,"Microsoft-Windows-AppXDeploymentServer/Operational",
"17-08-2026 12:56:24","16384","Information","Microsoft-Windows-Security-SPP","Successfully scheduled Software Protection service for re-start at 2126-07-24T07:26:24Z. Reason: RulesEngine."
"17-08-2026 12:55:54","16394","Information","Microsoft-Windows-Security-SPP","Offline downlevel migration succeeded."
"17-08-2026 12:43:40","0","Information","edgeupdate","Service stopped."
"17-08-2026 12:11:13","8224","Information","VSS","The VSS service is shutting down due to idle timeout. "
"17-08-2026 12:06:33","16384","Information","Microsoft-Windows-Security-SPP","Successfully scheduled Software Protection service for re-start at 2126-07-24T06:36:32Z. Reason: RulesEngine."
"17-08-2026 12:05:58","16394","Information","Microsoft-Windows-Security-SPP","Offline downlevel migration succeeded."
"17-08-2026 12:02:53","16384","Information","Microsoft-Windows-Security-SPP","Successfully scheduled Software Protection service for re-start at 2126-07-24T06:32:53Z. Reason: RulesEngine."
"17-08-2026 12:02:23","16394","Information","Microsoft-Windows-Security-SPP","Offline downlevel migration succeeded."
"17-08-2026 12:02:17","103","Information","ESENT","Dell.TechHub.Instrumentation.SubAgent (13096,T,97,0) SrumDbReader: The database engine stopped the instance (0). 
 
Dirty Shutdown: 0 
 
Internal Timing Sequence: 
[1] 0.000003 +J(0)
[2] 0.000005 +J(0)
[3] 0.000002 +J(0)
[4] 0.000001 +J(0)
[5] 0.000016 +J(0)
[6] 0.000004 +J(0)
[7] 0.000010 +J(0)
[8] 0.000845 +J(0) +M(C:0K, Fs:1, WS:0K # 0K, PF:-4K # 0K, P:-4K)
[9] -
[10] -
[11] -
[12] -
[13] 0.000002 +J(0)
[14] 0.0 +J(0)
[15] 0.000003 +J(0)."
"17-08-2026 12:02:17","327","Information","ESENT","Dell.TechHub.Instrumentation.SubAgent (13096,D,51,0) SrumDbReader: The database engine detached a database (1, C:\ProgramData\Dell\DTP\DB\SRUDBData\SRUDB_de984e78503145b4a2a43157754e9672.dat). (Time=0 seconds) 
 
Revived Cache: 0 0 
Additional Data:  
 
Internal Timing Sequence: 
[1] 0.000009 +J(0)
[2] 0.000002 +J(0)
[3] 0.000007 +J(0)
[4] 0.0 +J(0)
[5] 0.000001 +J(0)
[6] 0.000034 +J(0) +M(C:0K, Fs:1, WS:4K # 0K, PF:0K # 0K, P:0K)
[7] 0.000823 +J(0) +M(C:0K, Fs:1, WS:4K # 0K, PF:0K # 0K, P:0K)
[8] 0.000011 +J(0) +M(C:0K, Fs:1, WS:4K # 0K, PF:0K # 0K, P:0K)
[9] 0.000108 +J(0) +M(C:0K, Fs:0, WS:-20K # 0K, PF:-20K # 0K, P:-20K)
[10] 0.000054 +J(0)
[11] 0.000043 +J(0) +M(C:0K, Fs:0, WS:-4K # 0K, PF:-4K # 0K, P:-4K)."
"17-08-2026 12:02:16","326","Information","ESENT","Dell.TechHub.Instrumentation.SubAgent (13096,D,50,0) SrumDbReader: The database engine attached a database (1, C:\ProgramData\Dell\DTP\DB\SRUDBData\SRUDB_de984e78503145b4a2a43157754e9672.dat). (Time=0 seconds) 
 
Saved Cache: 0 0 
Additional Data: ,
dbv = 1568.300.620 (9620) 
 
Internal Timing Sequence: 
[1] 0.000004 +J(0)
[2] 0.022047 -0.000374 (1) WT +J(0) +M(C:0K, Fs:19, WS:12K # 0K, PF:4K # 0K, P:4K)
[3] 0.003312 -0.001893 (2) WT +J(0) +M(C:0K, Fs:25, WS:92K # 0K, PF:132K # 0K, P:132K)
[4] 0.001136 +J(0) +M(C:0K, Fs:1, WS:4K # 0K, PF:0K # 0K, P:0K)
[5] -
[6] 0.000937 -0.000585 (3) CM -0.000303 (3) WT +J(CM:3, PgRf:3, Rd:0/3, Dy:0/0, Lg:0/0) +M(C:0K, Fs:51, WS:204K # 0K, PF:192K # 0K, P:192K)
[7] -
[8] 0.000357 -0.000131 (1) CM -0.000088 (1) WT +J(CM:1, PgRf:1, Rd:6/1, Dy:0/0, Lg:0/0) +M(C:24K, Fs:27, WS:104K # 0K, PF:220K # 0K, P:220K)
[9] -
[10] -
[11] -
[12] 0.000002 +J(0)
[13] 0.000278 -0.000207 (2) CM -0.000155 (2) WT +J(CM:2, PgRf:3, Rd:0/1, Dy:0/0, Lg:0/0) +M(C:0K, Fs:5, WS:20K # 0K, PF:0K # 0K, P:0K)
[14] 0.000005 +J(0) +M(C:0K, Fs:1, WS:4K # 0K, PF:0K # 0K, P:0K)
[15] 0.0 +J(0)
[16] 0.0 +J(0)
[17] 0.000411 -0.000166 (1) CM -0.000116 (1) WT +J(CM:1, PgRf:52, Rd:0/1, Dy:0/0, Lg:0/0) +M(C:-8K, Fs:19, WS:68K # 0K, PF:60K # 0K, P:60K)
[18] 0.000001 +J(0)
[19] 0.0 +J(0)
[20] 0.000002 +J(0) +M(C:0K, Fs:1, WS:4K # 0K, PF:0K # 0K, P:0K)."
"17-08-2026 12:02:16","105","Information","ESENT","Dell.TechHub.Instrumentation.SubAgent (13096,D,0,0) SrumDbReader: The database engine started a new instance (0). (Time=0.004 seconds) 
 
Additional Data:
 RBSOn = 0
 
 
Internal Timing Sequence: 
[1] 0.000702 +J(0) +M(C:0K, Fs:70, WS:248K # 0K, PF:3096K # 0K, P:3096K)
[2] 0.000174 +J(0) +M(C:8K, Fs:3, WS:4K # 0K, PF:20K # 0K, P:20K)
[3] 0.000017 +J(0) +M(C:0K, Fs:1, WS:4K # 0K, PF:64K # 0K, P:64K)
[4] 0.000169 +J(0) +M(C:0K, Fs:18, WS:72K # 0K, PF:136K # 0K, P:136K)
[5] 0.001360 +J(0) +M(C:0K, Fs:31, WS:124K # 0K, PF:892K # 0K, P:892K)
[6] -
[7] -
[8] -
[9] -
[10] -
[11] -
[12] -
[13] 0.001592 +J(0) +M(C:0K, Fs:184, WS:736K # 0K, PF:0K # 0K, P:0K)
[14] 0.000047 +J(0)
[15] 0.000100 +J(0) +M(C:0K, Fs:16, WS:64K # 0K, PF:64K # 0K, P:64K)
[16] 0.000008 +J(0)."
"17-08-2026 12:02:16","102","Information","ESENT","Dell.TechHub.Instrumentation.SubAgent (13096,P,98,0) SrumDbReader: The database engine (6.02.9200.0000) is starting a new instance (0)."
"17-08-2026 12:02:16","103","Information","ESENT","esentutl (12920,T,97,0) The database engine stopped the instance (0). 
 
Dirty Shutdown: 0 
 
Internal Timing Sequence: 
[1] 0.000008 +J(0)
[2] 0.000010 +J(0)
[3] 0.000005 +J(0)
[4] 0.000004 +J(0)
[5] 0.000025 +J(0)
[6] 0.000004 +J(0)
[7] 0.000010 +J(0)
[8] 0.001567 +J(0) +M(C:0K, Fs:1, WS:0K # 0K, PF:-4K # 0K, P:-4K)
[9] -
[10] -
[11] -
[12] -
[13] 0.000004 +J(0)
[14] 0.0 +J(0)
[15] 0.000009 +J(0)."
"17-08-2026 12:02:16","327","Information","ESENT","esentutl (12920,D,100,0) The database engine detached a database (2, C:\ProgramData\Dell\DTP\DB\SRUDBData\SRUDB_de984e78503145b4a2a43157754e9672.dat). (Time=0 seconds) 
 
Revived Cache: 0 0 
Additional Data:  
 
Internal Timing Sequence: 
[1] 0.000004 +J(0)
[2] 0.0 +J(0)
[3] 0.000003 +J(0)
[4] 0.0 +J(0)
[5] 0.0 +J(0)
[6] 0.000359 +J(0)
[7] 0.000133 +J(0)
[8] 0.000208 +J(0)
[9] 0.005121 -0.000856 (5) WT +J(0) +M(C:0K, Fs:1, WS:-20K # 0K, PF:-20K # 0K, P:-20K)
[10] 0.000925 +J(0)
[11] 0.000021 +J(0) +M(C:0K, Fs:0, WS:-4K # 0K, PF:-4K # 0K, P:-4K)."
"17-08-2026 12:02:16","326","Information","ESENT","esentutl (12920,D,100,0) The database engine attached a database (2, C:\ProgramData\Dell\DTP\DB\SRUDBData\SRUDB_de984e78503145b4a2a43157754e9672.dat). (Time=0 seconds) 
 
Saved Cache: 0 0 
Additional Data: ,
dbv = 1568.300.620 (9620) 
 
Internal Timing Sequence: 
[1] 0.000013 +J(0)
[2] 0.003294 -0.000350 (1) WT +J(0) +M(C:0K, Fs:17, WS:4K # 0K, PF:4K # 0K, P:4K)
[3] 0.021233 -0.000577 (5) WT +J(0) +M(C:0K, Fs:7, WS:20K # 0K, PF:20K # 0K, P:20K)
[4] 0.004213 +J(0)
[5] -
[6] 0.000015 +J(0)
[7] -
[8] 0.000156 +J(CM:0, PgRf:0, Rd:16/0, Dy:0/0, Lg:0/0)
[9] -
[10] -
[11] -
[12] 0.000002 +J(0)
[13] 0.0 +J(0)
[14] 0.000001 +J(0)
[15] 0.0 +J(0)
[16] 0.0 +J(0)
[17] 0.000001 +J(0)
[18] 0.0 +J(0)
[19] 0.0 +J(0)
[20] 0.000001 +J(0)."
"17-08-2026 12:02:16","327","Information","ESENT","esentutl (12920,D,100,0) The database engine detached a database (2, C:\ProgramData\Dell\DTP\DB\SRUDBData\SRUDB_de984e78503145b4a2a43157754e9672.dat). (Time=0 seconds) 
 
Revived Cache: 0 0 
Additional Data:  
 
Internal Timing Sequence: 
[1] 0.000008 +J(0)
[2] 0.000001 +J(0)
[3] 0.000005 +J(0)
[4] 0.0 +J(0)
[5] 0.000001 +J(0)
[6] 0.001573 +J(0)
[7] 0.006082 +J(0) +M(C:0K, Fs:0, WS:-168K # 0K, PF:-272K # 0K, P:-272K)
[8] 0.000372 +J(0)
[9] 0.005219 -0.000828 (6) WT +J(0) +M(C:0K, Fs:4, WS:-20K # 0K, PF:-20K # 0K, P:-20K)
[10] 0.001075 +J(0)
[11] 0.000036 +J(0) +M(C:0K, Fs:0, WS:-4K # 0K, PF:-4K # 0K, P:-4K)."
"17-08-2026 12:02:14","326","Information","ESENT","esentutl (12920,D,100,0) The database engine attached a database (2, C:\ProgramData\Dell\DTP\DB\SRUDBData\SRUDB_de984e78503145b4a2a43157754e9672.dat). (Time=0 seconds) 
 
Saved Cache: 0 0 
Additional Data: ,
dbv = 1568.300.620 (9620) 
 
Internal Timing Sequence: 
[1] 0.000005 +J(0)
[2] 0.002297 -0.000212 (1) WT +J(0) +M(C:0K, Fs:17, WS:4K # 0K, PF:4K # 0K, P:4K)
[3] 0.013539 -0.000232 (5) WT +J(0) +M(C:0K, Fs:6, WS:20K # 0K, PF:20K # 0K, P:20K)
[4] 0.002096 +J(0)
[5] -
[6] 0.000008 +J(0)
[7] -
[8] 0.000102 +J(CM:0, PgRf:0, Rd:16/0, Dy:0/0, Lg:0/0) +M(C:0K, Fs:2, WS:8K # 0K, PF:8K # 0K, P:8K)
[9] -
[10] -
[11] -
[12] 0.0 +J(0)
[13] 0.0 +J(0)
[14] 0.0 +J(0)
[15] 0.0 +J(0)
[16] 0.0 +J(0)
[17] 0.0 +J(0)
[18] 0.0 +J(0)
[19] 0.0 +J(0)
[20] 0.0 +J(0)."
"17-08-2026 12:02:14","327","Information","ESENT","esentutl (12920,D,100,0) The database engine detached a database (2, C:\ProgramData\Dell\DTP\DB\SRUDBData\SRUDB_de984e78503145b4a2a43157754e9672.dat). (Time=0 seconds) 
 
Revived Cache: 0 0 
Additional Data:  
 
Internal Timing Sequence: 
[1] 0.000006 +J(0) +M(C:0K, Fs:2, WS:8K # 0K, PF:0K # 0K, P:0K)
[2] 0.0 +J(0)
[3] 0.000009 +J(0)
[4] 0.0 +J(0)
[5] 0.0 +J(0)
[6] 0.001967 +J(0) +M(C:0K, Fs:2, WS:8K # 0K, PF:0K # 0K, P:0K)
[7] 0.000524 +J(0) +M(C:0K, Fs:0, WS:-216K # 0K, PF:-272K # 0K, P:-272K)
[8] 0.000174 +J(0)
[9] 0.004080 -0.000698 (6) WT +J(0) +M(C:0K, Fs:3, WS:-20K # 0K, PF:-20K # 0K, P:-20K)
[10] 0.000700 +J(0)
[11] 0.000032 +J(0) +M(C:0K, Fs:0, WS:-4K # 0K, PF:-4K # 0K, P:-4K)."
"17-08-2026 12:02:12","326","Information","ESENT","esentutl (12920,D,100,0) The database engine attached a database (2, C:\ProgramData\Dell\DTP\DB\SRUDBData\SRUDB_de984e78503145b4a2a43157754e9672.dat). (Time=0 seconds) 
 
Saved Cache: 0 0 
Additional Data: ,
dbv = 1568.300.620 (9620) 
 
Internal Timing Sequence: 
[1] 0.000013 +J(0)
[2] 0.003133 -0.000161 (1) WT +J(0) +M(C:0K, Fs:17, WS:4K # 68K, PF:4K # 64K, P:4K)
[3] 0.003724 -0.000115 (3) WT +J(0) +M(C:0K, Fs:13, WS:48K # 0K, PF:24K # 0K, P:24K)
[4] 0.003799 +J(0)
[5] -
[6] 0.000012 +J(0)
[7] -
[8] 0.000319 +J(CM:0, PgRf:0, Rd:1/0, Dy:0/0, Lg:0/0) +M(C:0K, Fs:18, WS:68K # 52K, PF:128K # 88K, P:128K)
[9] -
[10] -
[11] -
[12] 0.000001 +J(0)
[13] 0.0 +J(0)
[14] 0.0 +J(0)
[15] 0.0 +J(0)
[16] 0.0 +J(0)
[17] 0.000001 +J(0)
[18] 0.0 +J(0)
[19] 0.0 +J(0)
[20] 0.0 +J(0)."
"17-08-2026 12:02:12","105","Information","ESENT","esentutl (12920,D,0,0) The database engine started a new instance (0). (Time=0.003 seconds) 
 
Additional Data:
 RBSOn = 0
 
 
Internal Timing Sequence: 
[1] 0.000453 +J(0) +M(C:0K, Fs:69, WS:252K # 0K, PF:3048K # 0K, P:3048K)
[2] 0.000744 +J(0) +M(C:8K, Fs:349, WS:1380K # 404K, PF:864K # 272K, P:864K)
[3] 0.000014 +J(0) +M(C:0K, Fs:2, WS:4K # 4K, PF:68K # 68K, P:68K)
[4] 0.000094 +J(0) +M(C:0K, Fs:25, WS:100K # 100K, PF:184K # 184K, P:184K)
[5] 0.000455 +J(0) +M(C:0K, Fs:4, WS:16K # 16K, PF:20K # 20K, P:20K)
[6] -
[7] -
[8] -
[9] -
[10] -
[11] -
[12] -
[13] 0.001582 +J(0) +M(C:0K, Fs:26, WS:104K # 104K, PF:0K # 0K, P:0K)
[14] 0.000023 +J(0) +M(C:0K, Fs:2, WS:8K # 8K, PF:0K # 0K, P:0K)
[15] 0.000044 +J(0) +M(C:0K, Fs:17, WS:68K # 68K, PF:64K # 64K, P:64K)
[16] 0.000003 +J(0)."
"17-08-2026 12:02:12","102","Information","ESENT","esentutl (12920,P,98,0) The database engine (10.00.26100.0000) is starting a new instance (0)."
"17-08-2026 12:02:12","103","Information","ESENT","Dell.TechHub.Instrumentation.SubAgent (13096,T,97,0) SrumDbReader: The database engine stopped the instance (0). 
 
Dirty Shutdown: 0 
 
Internal Timing Sequence: 
[1] 0.000007 +J(0)
[2] 0.000009 +J(0)
[3] 0.000001 +J(0)
[4] 0.000003 +J(0)
[5] 0.000016 +J(0)
[6] 0.000004 +J(0)
[7] 0.000010 +J(0)
[8] 0.000030 +J(0)
[9] -
[10] -
[11] -
[12] -
[13] 0.000002 +J(0)
[14] 0.0 +J(0)
[15] 0.000004 +J(0)."
"17-08-2026 12:02:12","105","Information","ESENT","Dell.TechHub.Instrumentation.SubAgent (13096,D,0,0) SrumDbReader: The database engine started a new instance (0). (Time=0.005 seconds) 
 
Additional Data:
 RBSOn = 0
 
 
Internal Timing Sequence: 
[1] 0.000916 +J(0) +M(C:0K, Fs:72, WS:252K # 0K, PF:3100K # 0K, P:3100K)
[2] 0.000361 +J(0) +M(C:8K, Fs:4, WS:8K # 0K, PF:20K # 0K, P:20K)
[3] 0.000030 +J(0) +M(C:0K, Fs:1, WS:4K # 0K, PF:64K # 0K, P:64K)
[4] 0.000404 +J(0) +M(C:0K, Fs:18, WS:72K # 0K, PF:136K # 0K, P:136K)
[5] 0.001924 +J(0) +M(C:0K, Fs:190, WS:756K # 0K, PF:896K # 0K, P:896K)
[6] -
[7] -
[8] -
[9] -
[10] -
[11] -
[12] -
[13] 0.001322 +J(0) +M(C:0K, Fs:23, WS:92K # 0K, PF:0K # 0K, P:0K)
[14] 0.000055 +J(0)
[15] 0.000112 +J(0) +M(C:0K, Fs:16, WS:64K # 0K, PF:64K # 0K, P:64K)
[16] 0.000012 +J(0)."
"17-08-2026 12:02:12","102","Information","ESENT","Dell.TechHub.Instrumentation.SubAgent (13096,P,98,0) SrumDbReader: The database engine (6.02.9200.0000) is starting a new instance (0)."
"17-08-2026 12:02:12","103","Information","ESENT","Dell.TechHub.Instrumentation.SubAgent (13096,T,97,0) SrumDbReader: The database engine stopped the instance (0). 
 
Dirty Shutdown: 0 
 
Internal Timing Sequence: 
[1] 0.000008 +J(0)
[2] 0.000015 +J(0) +M(C:0K, Fs:1, WS:4K # 0K, PF:0K # 0K, P:0K)
[3] 0.000002 +J(0)
[4] 0.000003 +J(0)
[5] 0.000027 +J(0)
[6] 0.000006 +J(0)
[7] 0.000012 +J(0)
[8] 0.000042 +J(0) +M(C:0K, Fs:1, WS:4K # 0K, PF:0K # 0K, P:0K)
[9] -
[10] -
[11] -
[12] -
[13] 0.000002 +J(0)
[14] 0.0 +J(0)
[15] 0.000004 +J(0)."
"17-08-2026 12:02:12","105","Information","ESENT","Dell.TechHub.Instrumentation.SubAgent (13096,D,0,0) SrumDbReader: The database engine started a new instance (0). (Time=0.008 seconds) 
 
Additional Data:
 RBSOn = 0
 
 
Internal Timing Sequence: 
[1] 0.002836 +J(0) +M(C:0K, Fs:189, WS:720K # 0K, PF:3100K # 0K, P:3100K)
[2] 0.001624 +J(0) +M(C:8K, Fs:175, WS:688K # 0K, PF:920K # 0K, P:920K)
[3] 0.000022 +J(0) +M(C:0K, Fs:13, WS:52K # 0K, PF:64K # 0K, P:64K)
[4] 0.000716 +J(0) +M(C:0K, Fs:150, WS:600K # 0K, PF:136K # 0K, P:136K)
[5] 0.000766 +J(0) +M(C:0K, Fs:6, WS:24K # 0K, PF:0K # 0K, P:0K)
[6] -
[7] -
[8] -
[9] -
[10] -
[11] -
[12] -
[13] 0.001343 +J(0) +M(C:0K, Fs:19, WS:76K # 0K, PF:0K # 0K, P:0K)
[14] 0.000327 +J(0) +M(C:0K, Fs:3, WS:12K # 0K, PF:0K # 0K, P:0K)
[15] 0.000092 +J(0) +M(C:0K, Fs:18, WS:72K # 0K, PF:64K # 0K, P:64K)
[16] 0.000018 +J(0)."
"17-08-2026 12:02:12","102","Information","ESENT","Dell.TechHub.Instrumentation.SubAgent (13096,P,98,0) SrumDbReader: The database engine (6.02.9200.0000) is starting a new instance (0)."
"17-08-2026 12:02:11","8194","Error","VSS","Volume Shadow Copy Service error: Unexpected error querying for the IVssWriterCallback interface.  hr = 0x80070005, Access is denied.
. This is often caused by incorrect security settings in either the writer or requestor process. 

Operation:
   Gathering Writer Data

Context:
   Writer Class Id: {7e47b561-971a-46e6-96b9-696eeaa53b2a}
   Writer Name: MSMQ Writer (MSMQ)
   Writer Instance Name: MSMQ Writer (MSMQ)
   Writer Instance ID: {b28353da-b750-4d6b-a1a3-827bf6137d92}"
"17-08-2026 12:02:09","8231","Information","VSS","Volume Shadow Copy Service information: Snapshot creation initiated for Snapshot Set {c1105127-c9c6-4a30-bfca-19af8c36a383}.
 Process command line: ""C:\Windows\system32\esentutl.exe"" /y ""C:\Windows\system32\sru\SRUDB.dat"" /d ""C:\ProgramData\Dell\DTP\DB\SRUDBData\SRUDB_de984e78503145b4a2a43157754e9672.dat"" /vss
 Process Caller Stack:
 Process[0]: esentutl.exe
 Process[1]: Dell.TechHub.Instrumentation.SubAgent.exe
 Process[2]: Dell.TechHub.exe
"
"17-08-2026 12:02:08","8194","Error","VSS","Volume Shadow Copy Service error: Unexpected error querying for the IVssWriterCallback interface.  hr = 0x80070005, Access is denied.
. This is often caused by incorrect security settings in either the writer or requestor process. 

Operation:
   Gathering Writer Data

Context:
   Writer Class Id: {7e47b561-971a-46e6-96b9-696eeaa53b2a}
   Writer Name: MSMQ Writer (MSMQ)
   Writer Instance Name: MSMQ Writer (MSMQ)
   Writer Instance ID: {b28353da-b750-4d6b-a1a3-827bf6137d92}"
"17-08-2026 11:57:12","16384","Information","Microsoft-Windows-Security-SPP","Successfully scheduled Software Protection service for re-start at 2126-07-24T06:27:12Z. Reason: RulesEngine."
"17-08-2026 11:56:42","16394","Information","Microsoft-Windows-Security-SPP","Offline downlevel migration succeeded."
"17-08-2026 11:55:07","15","Information","SecurityCenter","Updated Windows Defender status successfully to SECURITY_PRODUCT_STATE_ON."
"17-08-2026 11:43:10","0","Information","edgeupdate","Service stopped."
"17-08-2026 11:04:30","16384","Information","Microsoft-Windows-Security-SPP","Successfully scheduled Software Protection service for re-start at 2126-07-24T05:34:30Z. Reason: RulesEngine."
"17-08-2026 11:03:59","16394","Information","Microsoft-Windows-Security-SPP","Offline downlevel migration succeeded."
"17-08-2026 10:52:09","1008","Warning","Microsoft-Windows-Perflib","The Open procedure for service ""WmiApRpl"" in DLL ""C:\Windows\system32\wbem\wmiaprpl.dll"" failed with error code The device is not ready.. Performance data for this service will not be available."
"17-08-2026 10:52:09","1008","Warning","Microsoft-Windows-Perflib","The Open procedure for service ""MSDTC"" in DLL ""C:\Windows\system32\msdtcuiu.DLL"" failed with error code The system cannot find the file specified.. Performance data for this service will not be available."
"17-08-2026 10:52:09","1008","Warning","Microsoft-Windows-Perflib","The Open procedure for service ""ESENT"" in DLL ""C:\Windows\system32\esentprf.dll"" failed with error code Access is denied.. Performance data for this service will not be available."
"17-08-2026 10:51:42","16384","Information","Microsoft-Windows-Security-SPP","Successfully scheduled Software Protection service for re-start at 2126-07-24T05:21:42Z. Reason: RulesEngine."
"17-08-2026 10:51:40","1008","Warning","Microsoft-Windows-Perflib","The Open procedure for service ""WmiApRpl"" in DLL ""C:\Windows\system32\wbem\wmiaprpl.dll"" failed with error code The device is not ready.. Performance data for this service will not be available."
"17-08-2026 10:51:40","1008","Warning","Microsoft-Windows-Perflib","The Open procedure for service ""MSDTC"" in DLL ""C:\Windows\system32\msdtcuiu.DLL"" failed with error code The system cannot find the file specified.. Performance data for this service will not be available."
"17-08-2026 10:51:40","1008","Warning","Microsoft-Windows-Perflib","The Open procedure for service ""ESENT"" in DLL ""C:\Windows\system32\esentprf.dll"" failed with error code Access is denied.. Performance data for this service will not be available."
"17-08-2026 10:51:12","16394","Information","Microsoft-Windows-Security-SPP","Offline downlevel migration succeeded."
"17-08-2026 10:51:06","1008","Warning","Microsoft-Windows-Perflib","The Open procedure for service ""WmiApRpl"" in DLL ""C:\Windows\system32\wbem\wmiaprpl.dll"" failed with error code The device is not ready.. Performance data for this service will not be available."
"17-08-2026 10:51:06","1008","Warning","Microsoft-Windows-Perflib","The Open procedure for service ""MSDTC"" in DLL ""C:\Windows\system32\msdtcuiu.DLL"" failed with error code The system cannot find the file specified.. Performance data for this service will not be available."
"17-08-2026 10:51:06","1008","Warning","Microsoft-Windows-Perflib","The Open procedure for service ""ESENT"" in DLL ""C:\Windows\system32\esentprf.dll"" failed with error code Access is denied.. Performance data for this service will not be available."
"17-08-2026 10:50:49","1008","Warning","Microsoft-Windows-Perflib","The Open procedure for service ""WmiApRpl"" in DLL ""C:\Windows\system32\wbem\wmiaprpl.dll"" failed with error code The device is not ready.. Performance data for this service will not be available."
"17-08-2026 10:50:48","1008","Warning","Microsoft-Windows-Perflib","The Open procedure for service ""MSDTC"" in DLL ""C:\Windows\system32\msdtcuiu.DLL"" failed with error code The system cannot find the file specified.. Performance data for this service will not be available."
"17-08-2026 10:50:48","1008","Warning","Microsoft-Windows-Perflib","The Open procedure for service ""ESENT"" in DLL ""C:\Windows\system32\esentprf.dll"" failed with error code Access is denied.. Performance data for this service will not be available."
"17-08-2026 10:47:50","1008","Warning","Microsoft-Windows-Perflib","The Open procedure for service ""WmiApRpl"" in DLL ""C:\Windows\system32\wbem\wmiaprpl.dll"" failed with error code The device is not ready.. Performance data for this service will not be available."
"17-08-2026 10:47:50","1008","Warning","Microsoft-Windows-Perflib","The Open procedure for service ""MSDTC"" in DLL ""C:\Windows\system32\msdtcuiu.DLL"" failed with error code The system cannot find the file specified.. Performance data for this service will not be available."
"17-08-2026 10:47:50","1008","Warning","Microsoft-Windows-Perflib","The Open procedure for service ""ESENT"" in DLL ""C:\Windows\system32\esentprf.dll"" failed with error code Access is denied.. Performance data for this service will not be available."
"17-08-2026 10:46:30","4096",,"VBScriptDeprecationAlert",
"17-08-2026 10:44:15","16384","Information","Microsoft-Windows-Security-SPP","Successfully scheduled Software Protection service for re-start at 2126-07-24T05:14:15Z. Reason: RulesEngine."
"17-08-2026 10:44:06","0","Information","edgeupdate","Service stopped."
"17-08-2026 10:43:45","1033","Information","Microsoft-Windows-Security-SPP","These policies are being excluded since they are only defined with override-only attribute.
Policy Names=(Security-SPP-Reserved-EnableNotificationMode) 
App Id=55c92734-d682-4d71-983e-d6ec3f16059f
Sku Id=4de7cb65-cdf1-4de9-8ae8-e3cce27b9f2c"
"17-08-2026 10:43:45","1034","Information","Microsoft-Windows-Security-SPP","Duplicate definition of policy found. Policy name=Security-SPP-WriteWauMarker  Priority=500"
"17-08-2026 10:43:45","1034","Information","Microsoft-Windows-Security-SPP","Duplicate definition of policy found. Policy name=AAD-AddDeviceJoinUserToAdminGroup-Policy  Priority=100"
"17-08-2026 10:43:45","1034","Information","Microsoft-Windows-Security-SPP","Duplicate definition of policy found. Policy name=AAD-AddDeviceJoinUserToAdminGroup-Policy  Priority=100"
"17-08-2026 10:43:45","1034","Information","Microsoft-Windows-Security-SPP","Duplicate definition of policy found. Policy name=AAD-AddDeviceJoinUserToAdminGroup-Policy  Priority=100"
"17-08-2026 10:43:45","1034","Information","Microsoft-Windows-Security-SPP","Duplicate definition of policy found. Policy name=AAD-AddDeviceJoinUserToAdminGroup-Policy  Priority=100"
"17-08-2026 10:43:45","1034","Information","Microsoft-Windows-Security-SPP","Duplicate definition of policy found. Policy name=AAD-AddDeviceJoinUserToAdminGroup-Policy  Priority=100"
"17-08-2026 10:43:44","1034","Information","Microsoft-Windows-Security-SPP","Duplicate definition of policy found. Policy name=AAD-AddDeviceJoinUserToAdminGroup-Policy  Priority=100"
"17-08-2026 10:43:44","1034","Information","Microsoft-Windows-Security-SPP","Duplicate definition of policy found. Policy name=AAD-AddDeviceJoinUserToAdminGroup-Policy  Priority=100"
"17-08-2026 10:43:44","1034","Information","Microsoft-Windows-Security-SPP","Duplicate definition of policy found. Policy name=AAD-AddDeviceJoinUserToAdminGroup-Policy  Priority=100"
"17-08-2026 10:43:44","1034","Information","Microsoft-Windows-Security-SPP","Duplicate definition of policy found. Policy name=AAD-AddDeviceJoinUserToAdminGroup-Policy  Priority=100"
"17-08-2026 10:43:44","1034","Information","Microsoft-Windows-Security-SPP","Duplicate definition of policy found. Policy name=AAD-AddDeviceJoinUserToAdminGroup-Policy  Priority=100"
"17-08-2026 10:43:44","1034","Information","Microsoft-Windows-Security-SPP","Duplicate definition of policy found. Policy name=AAD-AddDeviceJoinUserToAdminGroup-Policy  Priority=100"
"17-08-2026 10:43:44","16394","Information","Microsoft-Windows-Security-SPP","Offline downlevel migration succeeded."
"17-08-2026 10:35:16","4096",,"VBScriptDeprecationAlert",
"17-08-2026 10:22:14","10001","Information","Microsoft-Windows-RestartManager","Ending session 1 started ‎2026‎-‎08‎-‎17T04:52:14.314470800Z."
"17-08-2026 10:22:14","10000","Information","Microsoft-Windows-RestartManager","Starting session 1 - ‎2026‎-‎08‎-‎17T04:52:14.314470800Z."
"17-08-2026 10:14:09","10001","Information","Microsoft-Windows-RestartManager","Ending session 1 started ‎2026‎-‎08‎-‎17T04:44:09.218745300Z."
"17-08-2026 10:14:09","10000","Information","Microsoft-Windows-RestartManager","Starting session 1 - ‎2026‎-‎08‎-‎17T04:44:09.218745300Z."
"17-08-2026 10:14:03","10001","Information","Microsoft-Windows-RestartManager","Ending session 1 started ‎2026‎-‎08‎-‎17T04:44:03.427535900Z."
"17-08-2026 10:14:03","10000","Information","Microsoft-Windows-RestartManager","Starting session 1 - ‎2026‎-‎08‎-‎17T04:44:03.427535900Z."
"17-08-2026 10:09:54","8224","Information","VSS","The VSS service is shutting down due to idle timeout. "
"17-08-2026 10:09:03","1022","Error",".NET Runtime",".NET Runtime version 4.0.30319.0 - There was a failure initializing profiling API attach infrastructure.  This process will not allow a profiler to attach.  HRESULT: 0x80004005.  Process ID (decimal): 38148.  Message ID: [0x2509]."
"17-08-2026 10:06:41","38","Information","Outlook","Reconciliation completed for the following store: C:\Users\arjo5004\AppData\Local\Microsoft\Outlook\joe.prakash@nielseniq.com.ost. Stats: Added: 0, Deleted: 0, Modified: 13, Compared: 31422, Queries: 0, Results: 0, Version: 16.0.20228.20014."
"17-08-2026 10:06:39","1042","Information","MsiInstaller","Ending a Windows Installer transaction: c:\program files\microsoft office\root\integration\c2rint.16.msi. Client Process Id: 28492."
"17-08-2026 10:06:39","1035","Information","MsiInstaller","Windows Installer reconfigured the product. Product Name: Office 16 Click-to-Run Extensibility Component. Product Version: 16.0.20131.20112. Product Language: 0. Manufacturer: Microsoft Corporation. Reconfiguration success or error status: 0."
"17-08-2026 10:06:39","11728","Information","MsiInstaller","Product: Office 16 Click-to-Run Extensibility Component -- Configuration completed successfully."
"17-08-2026 10:06:36","1040","Information","MsiInstaller","Beginning a Windows Installer transaction: c:\program files\microsoft office\root\integration\c2rint.16.msi. Client Process Id: 28492."
"17-08-2026 10:06:02","37","Information","Outlook","Search indexing is being re-enabled for the 'C:\Users\arjo5004\AppData\Local\Microsoft\Outlook\joe.prakash@nielseniq.com.ost' Outlook data file."
"17-08-2026 10:06:02","30","Information","Outlook","Starting reconciliation for the store C:\Users\arjo5004\AppData\Local\Microsoft\Outlook\joe.prakash@nielseniq.com.ost for the following reason: Automatic Reconciliation."
"17-08-2026 10:05:36","1003","Information","Microsoft-Windows-Search","The Windows Search Service started.
"
"17-08-2026 10:05:35","1013","Information","Microsoft-Windows-Search","Windows Search Service stopped normally.
"
"17-08-2026 10:05:33","1003","Information","Microsoft-Windows-Search","The Windows Search Service started.
"
"17-08-2026 10:05:30","1013","Information","Microsoft-Windows-Search","Windows Search Service stopped normally.
"
"17-08-2026 10:05:15","45","Information","Outlook","Outlook loaded the following add-in(s):


Name: Microsoft Exchange Add-in
Description: Exchange support for Unified Messaging, e-mail permission rules, and calendar availability.
ProgID: UmOutlookAddin.FormRegionAddin
GUID: {F959DBBB-3867-41F2-8E5F-3B8BEFAA81B3}
Load Behavior: 3
HKLM: 1
Location: C:\Program Files\Microsoft Office\root\Office16\ADDINS\UmOutlookAddin.dll
Boot Time (Milliseconds): 31

Name: Microsoft Teams Meeting Add-in for Microsoft Office
Description: Microsoft Teams Meeting Add-in for Microsoft Office
ProgID: TeamsAddin.FastConnect
GUID: {19A6E644-14E6-4A60-B8D7-DD20610A871D}
Load Behavior: 3
HKLM: 0
Location: C:\Users\arjo5004\AppData\Local\Microsoft\TeamsMeetingAdd-in\1.26.16801\x64\Microsoft.Teams.AddinLoader.dll
Boot Time (Milliseconds): 16

Name: Outlook Social Connector 2016
Description: Connects to social networking sites and provides people, activity, and status information.
ProgID: OscAddin.Connect
GUID: {2163EB1F-3FD9-4212-A41F-81D1F933597F}
Load Behavior: 3
HKLM: 1
Location: C:\Program Files\Microsoft Office\root\Office16\SOCIALCONNECTOR.DLL
Boot Time (Milliseconds): 15

Name: OneNote Notes about Outlook Items
Description: Adds Send to OneNote and Notes about this Item buttons to the command bar
ProgID: OneNote.OutlookAddin
GUID: {93E5752E-B889-47C5-8545-654EE2533C64}
Load Behavior: 3
HKLM: 1
Location: C:\Program Files\Microsoft Office\root\Office16\ONBttnOL.dll
Boot Time (Milliseconds): 31

Name: Microsoft VBA for Outlook Addin
Description: 
ProgID: Microsoft.VbaAddinForOutlook.1
GUID: {799ED9EA-FB5E-11D1-B7D6-00C04FC2AAE2}
Load Behavior: 9
HKLM: 1
Location: C:\Program Files\Microsoft Office\root\Office16\ADDINS\OUTLVBA.DLL
Boot Time (Milliseconds): 0
"
"17-08-2026 10:05:06","36","Warning","Outlook","Search cannot complete the indexing of your Outlook data. Indexing cannot continue for C:\Users\arjo5004\AppData\Local\Microsoft\Outlook\joe.prakash@nielseniq.com.ost (error=0x80370005). If this error continues, contact Microsoft Support."
"17-08-2026 10:05:06","35","Error","Outlook","Failed to determine if the store is in the crawl scope (error=0x8007045b)."
"17-08-2026 10:05:06","34","Error","Outlook","Failed to get the Crawl Scope Manager with error=0x8007045b."
"17-08-2026 10:04:42","16384","Information","Microsoft-Windows-Security-SPP","Successfully scheduled Software Protection service for re-start at 2126-07-24T04:34:42Z. Reason: RulesEngine."
"17-08-2026 10:04:37","10005","Information","Microsoft-Windows-RestartManager","Machine restart is required."
"17-08-2026 10:04:28","10000","Information","Microsoft-Windows-RestartManager","Starting session 1 - ‎2026‎-‎08‎-‎17T04:34:28.124443100Z."
"17-08-2026 10:04:27","10003","Information","Microsoft-Windows-RestartManager","Restarting application or service 'Microsoft Excel'."
"17-08-2026 10:04:25","10003","Information","Microsoft-Windows-RestartManager","Restarting application or service 'Microsoft OneNote'."
"17-08-2026 10:04:25","10003","Information","Microsoft-Windows-RestartManager","Restarting application or service 'Microsoft Word'."
"17-08-2026 10:04:25","10003","Information","Microsoft-Windows-RestartManager","Restarting application or service 'Microsoft PowerPoint'."
"17-08-2026 10:04:25","10003","Information","Microsoft-Windows-RestartManager","Restarting application or service 'Microsoft Outlook'."
"17-08-2026 10:04:20","2562",,"Microsoft-Windows-AppXDeploymentServer/Operational",
"17-08-2026 10:04:18","2562",,"Microsoft-Windows-AppXDeploymentServer/Operational",
"17-08-2026 10:04:11","1004","Information","Microsoft-Windows-Security-SPP","The Software Protection service has successfully installed the license.
License Title=OfficeC590605A-A08A-4CC7-8DC2-F1FFB3D06949 PPD License
License Id=b923bcbe-ab3d-096a-9205-33da5b773bbe"
"17-08-2026 10:04:11","1004","Information","Microsoft-Windows-Security-SPP","The Software Protection service has successfully installed the license.
License Title=Office 21 UL oob License (Private)
License Id=4cf865b6-055e-42de-ae80-ae9d17574bf3"
"17-08-2026 10:04:11","1004","Information","Microsoft-Windows-Security-SPP","The Software Protection service has successfully installed the license.
License Title=Office 21 UL oob License (Public)
License Id=ae9ea520-03fa-4f3d-9128-694ae02b3bb0"
"17-08-2026 10:04:11","1004","Information","Microsoft-Windows-Security-SPP","The Software Protection service has successfully installed the license.
License Title=Office 21 UL phone License (Private)
License Id=34f7455b-dc61-4090-8d3e-72da589a7e39"
"17-08-2026 10:04:11","1004","Information","Microsoft-Windows-Security-SPP","The Software Protection service has successfully installed the license.
License Title=Office 21 UL phone License (Public)
License Id=73c9b077-00e5-44ea-93d3-f275c311fd57"
"17-08-2026 10:04:10","1004","Information","Microsoft-Windows-Security-SPP","The Software Protection service has successfully installed the license.
License Title=Office 21 Publishing License (Private)
License Id=263ccc3a-c2e4-496d-b1f2-1e1e1bee5e7b"
"17-08-2026 10:04:10","1004","Information","Microsoft-Windows-Security-SPP","The Software Protection service has successfully installed the license.
License Title=Office 21 Publishing License (Public)
License Id=5dce4121-650a-41f0-ba2c-628adb440725"
"17-08-2026 10:04:10","1004","Information","Microsoft-Windows-Security-SPP","The Software Protection service has successfully installed the license.
License Title=OfficeFB61AC9A-1688-45D2-8F6B-0674DBFFA33C PPD License
License Id=c478972f-e2e0-31b5-daf7-dbf75dab6fbe"
"17-08-2026 10:04:10","1004","Information","Microsoft-Windows-Security-SPP","The Software Protection service has successfully installed the license.
License Title=Office 21 UL oob License (Private)
License Id=deb8c32b-11bb-4a00-8ed2-42519c833329"
"17-08-2026 10:04:10","1004","Information","Microsoft-Windows-Security-SPP","The Software Protection service has successfully installed the license.
License Title=Office 21 UL oob License (Public)
License Id=2d7a6b22-4bcf-4433-b039-e7c13d958634"
"17-08-2026 10:04:10","1004","Information","Microsoft-Windows-Security-SPP","The Software Protection service has successfully installed the license.
License Title=Office 21 UL volume License (Private)
License Id=54618feb-0bc8-44c9-b3f2-3a98e62610e3"
"17-08-2026 10:04:10","1004","Information","Microsoft-Windows-Security-SPP","The Software Protection service has successfully installed the license.
License Title=Office 21 UL volume License (Public)
License Id=73eec0e7-eab2-4df0-ae3a-1e01d13a61eb"
"17-08-2026 10:04:09","1004","Information","Microsoft-Windows-Security-SPP","The Software Protection service has successfully installed the license.
License Title=OfficeDFC5A8B0-E9FD-43F7-B4CA-D63F1E749711 PPD License
License Id=f7fe38ac-364b-f4bd-7fb9-f893cecfda55"
"17-08-2026 10:04:09","1004","Information","Microsoft-Windows-Security-SPP","The Software Protection service has successfully installed the license.
License Title=Office 16 UL oob License (Private)
License Id=3eb95343-fe3b-4a15-970f-7f403a8f3018"
"17-08-2026 10:04:09","1004","Information","Microsoft-Windows-Security-SPP","The Software Protection service has successfully installed the license.
License Title=Office 16 UL oob License (Public)
License Id=e24d8bfc-84a3-4e90-9bd2-faee48b01126"
"17-08-2026 10:04:09","1004","Information","Microsoft-Windows-Security-SPP","The Software Protection service has successfully installed the license.
License Title=Office 16 Publishing License (Private)
License Id=30434df4-d10e-443f-9f10-a0d4f85a194b"
"17-08-2026 10:04:09","1004","Information","Microsoft-Windows-Security-SPP","The Software Protection service has successfully installed the license.
License Title=Office 16 Publishing License (Public)
License Id=3addec2e-f373-4954-b495-6477426c8060"
"17-08-2026 10:04:08","1004","Information","Microsoft-Windows-Security-SPP","The Software Protection service has successfully installed the license.
License Title=OfficeE538D623-C066-433D-A6B7-E0708B1FADF7 PPD License
License Id=ad074621-f7d3-65e0-c284-36b96210175c"
"17-08-2026 10:04:08","1004","Information","Microsoft-Windows-Security-SPP","The Software Protection service has successfully installed the license.
License Title=Office 16 UL oob License (Private)
License Id=393ab367-89a2-4595-b374-0165b581e5e1"
"17-08-2026 10:04:08","1004","Information","Microsoft-Windows-Security-SPP","The Software Protection service has successfully installed the license.
License Title=Office 16 UL oob License (Public)
License Id=8e3fdeb0-dccf-4483-8c8a-f71e430c91fa"
"17-08-2026 10:04:07","1004","Information","Microsoft-Windows-Security-SPP","The Software Protection service has successfully installed the license.
License Title=Office 16 Publishing License (Private)
License Id=86bbef73-dea2-454a-bed9-e8f2c8af4b39"
"17-08-2026 10:04:07","1004","Information","Microsoft-Windows-Security-SPP","The Software Protection service has successfully installed the license.
License Title=Office 16 Publishing License (Public)
License Id=b885db02-cead-4e4b-ba24-7b00e32d2aa6"
"17-08-2026 10:04:07","1004","Information","Microsoft-Windows-Security-SPP","The Software Protection service has successfully installed the license.
License Title=OfficeB6B47040-B38E-4BE2-BF6A-DABF0C41540A PPD License
License Id=c6c810c9-be79-8903-dbf9-e042a03d8d28"
"17-08-2026 10:04:07","1004","Information","Microsoft-Windows-Security-SPP","The Software Protection service has successfully installed the license.
License Title=Office 16 UL oob License (Private)
License Id=19c58458-f6df-49b1-a7ee-40df658b89ce"
"17-08-2026 10:04:07","1004","Information","Microsoft-Windows-Security-SPP","The Software Protection service has successfully installed the license.
License Title=Office 16 UL oob License (Public)
License Id=fa7b5ddd-4ff6-400d-8215-411733027e92"
"17-08-2026 10:04:06","1004","Information","Microsoft-Windows-Security-SPP","The Software Protection service has successfully installed the license.
License Title=Office 16 Publishing License (Private)
License Id=27998c70-15b7-4902-abd5-d894a03a50b0"
"17-08-2026 10:04:06","1004","Information","Microsoft-Windows-Security-SPP","The Software Protection service has successfully installed the license.
License Title=Office 16 Publishing License (Public)
License Id=d0537409-301d-4ecc-9c9e-039f227d8011"
"17-08-2026 10:04:06","1004","Information","Microsoft-Windows-Security-SPP","The Software Protection service has successfully installed the license.
License Title=Office26B6A7CE-B174-40AA-A114-316AA56BA9FC PPD License
License Id=776cd868-053a-1561-adf6-407c43ec688a"
"17-08-2026 10:04:06","1004","Information","Microsoft-Windows-Security-SPP","The Software Protection service has successfully installed the license.
License Title=Office 16 UL oob License (Private)
License Id=f96ffbc5-9caf-4e5f-9f85-0c85556640da"
"17-08-2026 10:04:06","1004","Information","Microsoft-Windows-Security-SPP","The Software Protection service has successfully installed the license.
License Title=Office 16 UL oob License (Public)
License Id=9c866b81-057f-40de-a626-00f88780fb00"
"17-08-2026 10:04:05","1004","Information","Microsoft-Windows-Security-SPP","The Software Protection service has successfully installed the license.
License Title=Office 16 Publishing License (Private)
License Id=d58999dc-ccbc-4ebe-bbf0-b9a56bac0f05"
"17-08-2026 10:04:05","1004","Information","Microsoft-Windows-Security-SPP","The Software Protection service has successfully installed the license.
License Title=Office 16 Publishing License (Public)
License Id=c618fcfe-0f5e-48dd-89bf-d61964e36f94"
"17-08-2026 10:04:05","1004","Information","Microsoft-Windows-Security-SPP","The Software Protection service has successfully installed the license.
License Title=Office46D2C0BD-F912-4DDC-8E67-B90EADC3F83C PPD License
License Id=903f0d79-fb37-4706-3779-1fb9e17a8fde"
"17-08-2026 10:04:05","1004","Information","Microsoft-Windows-Security-SPP","The Software Protection service has successfully installed the license.
License Title=Office 16 UL oob License (Private)
License Id=4e1005ad-7059-40fd-bb67-48e6b731d1c2"
"17-08-2026 10:04:05","1004","Information","Microsoft-Windows-Security-SPP","The Software Protection service has successfully installed the license.
License Title=Office 16 UL oob License (Public)
License Id=0e885754-1ab9-442b-b150-5c62d66d9e00"
"17-08-2026 10:04:04","1004","Information","Microsoft-Windows-Security-SPP","The Software Protection service has successfully installed the license.
License Title=Office 16 Publishing License (Private)
License Id=efd7acc5-840c-4a5b-bef1-afba4608aae3"
"17-08-2026 10:04:04","1004","Information","Microsoft-Windows-Security-SPP","The Software Protection service has successfully installed the license.
License Title=Office 16 Publishing License (Public)
License Id=8701d24b-f0af-42f2-98e8-dc8ba02046ec"
"17-08-2026 10:04:04","1004","Information","Microsoft-Windows-Security-SPP","The Software Protection service has successfully installed the license.
License Title=OfficeFF02E86C-FEF0-4063-B39F-74275CDDD7C3 PPD License
License Id=3c061f75-c879-76de-a8fd-328709dd9522"
"17-08-2026 10:04:04","1004","Information","Microsoft-Windows-Security-SPP","The Software Protection service has successfully installed the license.
License Title=Office 16 UL oob License (Private)
License Id=c9452f2f-1d90-459f-a1a1-459641010e48"
"17-08-2026 10:04:04","1004","Information","Microsoft-Windows-Security-SPP","The Software Protection service has successfully installed the license.
License Title=Office 16 UL oob License (Public)
License Id=11b65b29-324f-4f93-a982-1479d2fe8a94"
"17-08-2026 10:04:03","1004","Information","Microsoft-Windows-Security-SPP","The Software Protection service has successfully installed the license.
License Title=Office 16 Publishing License (Private)
License Id=a23480e5-ab55-4481-8c0d-c1b1bb3228d1"
"17-08-2026 10:04:03","1004","Information","Microsoft-Windows-Security-SPP","The Software Protection service has successfully installed the license.
License Title=Office 16 Publishing License (Public)
License Id=c02ddbaf-6b46-4670-ac37-8a3df12faf00"
