"17-08-2026 10:04:03","1004","Information","Microsoft-Windows-Security-SPP","The Software Protection service has successfully installed the license.
License Title=Office6E5DB8A5-78E6-4953-B793-7422351AFE88 PPD License
License Id=51998d31-5bbb-2da1-28d0-143d3622a51e"
"17-08-2026 10:04:03","1004","Information","Microsoft-Windows-Security-SPP","The Software Protection service has successfully installed the license.
License Title=Office 16 UL oob License (Private)
License Id=1a18c6b5-651b-4aac-81ab-d164ffa02387"
"17-08-2026 10:04:03","1004","Information","Microsoft-Windows-Security-SPP","The Software Protection service has successfully installed the license.
License Title=Office 16 UL oob License (Public)
License Id=70b1229d-9360-4ca8-848d-003b58322cd1"
"17-08-2026 10:04:02","1004","Information","Microsoft-Windows-Security-SPP","The Software Protection service has successfully installed the license.
License Title=Office 16 Publishing License (Private)
License Id=17dbc5de-27e9-4e53-9e03-8d6cb6e59c79"
"17-08-2026 10:04:02","1004","Information","Microsoft-Windows-Security-SPP","The Software Protection service has successfully installed the license.
License Title=Office 16 Publishing License (Public)
License Id=a04a5b81-ff77-478e-992a-99ed9b73e614"
"17-08-2026 10:04:02","1004","Information","Microsoft-Windows-Security-SPP","The Software Protection service has successfully installed the license.
License Title=OfficeA8119E32-B17C-4BD3-8950-7D1853F4B412 PPD License
License Id=5030ae0a-fae7-c88e-0803-7856aea4cc5f"
"17-08-2026 10:04:02","1004","Information","Microsoft-Windows-Security-SPP","The Software Protection service has successfully installed the license.
License Title=Office 16 UL oob License (Private)
License Id=7076fa7c-4f14-47bf-9e12-cecb495cfd4f"
"17-08-2026 10:04:02","1004","Information","Microsoft-Windows-Security-SPP","The Software Protection service has successfully installed the license.
License Title=Office 16 UL oob License (Public)
License Id=8d334dfd-817b-415a-9755-79e2c7af70ef"
"17-08-2026 10:04:01","1004","Information","Microsoft-Windows-Security-SPP","The Software Protection service has successfully installed the license.
License Title=Office 16 Publishing License (Private)
License Id=d0adc255-4c78-42c4-8a51-ee4b56700b55"
"17-08-2026 10:04:01","1004","Information","Microsoft-Windows-Security-SPP","The Software Protection service has successfully installed the license.
License Title=Office 16 Publishing License (Public)
License Id=c49b644f-a28e-488c-bb24-5a4425840fb8"
"17-08-2026 10:04:01","1004","Information","Microsoft-Windows-Security-SPP","The Software Protection service has successfully installed the license.
License Title=OfficeE3DACC06-3BC2-4E13-8E59-8E05F3232325 PPD License
License Id=5bdbd507-73c3-5f87-d372-f0e5bb6a31cd"
"17-08-2026 10:04:01","1004","Information","Microsoft-Windows-Security-SPP","The Software Protection service has successfully installed the license.
License Title=Office 16 UL oob License (Private)
License Id=d2cbd487-c92b-4918-b6af-ab75a5ba6882"
"17-08-2026 10:04:01","1004","Information","Microsoft-Windows-Security-SPP","The Software Protection service has successfully installed the license.
License Title=Office 16 UL oob License (Public)
License Id=cb111526-131c-408d-89a2-2475514e80b8"
"17-08-2026 10:04:00","1004","Information","Microsoft-Windows-Security-SPP","The Software Protection service has successfully installed the license.
License Title=Office 16 Publishing License (Private)
License Id=7d5605dd-af09-4f2e-9319-e8898601cc34"
"17-08-2026 10:04:00","1004","Information","Microsoft-Windows-Security-SPP","The Software Protection service has successfully installed the license.
License Title=Office 16 Publishing License (Public)
License Id=4b715906-9564-43d9-8e14-bb21fe726e09"
"17-08-2026 10:04:00","1004","Information","Microsoft-Windows-Security-SPP","The Software Protection service has successfully installed the license.
License Title=Office149DBCE7-A48E-44DB-8364-A53386CD4580 PPD License
License Id=9dc6cf18-3bdc-6b55-055c-77d5e1c67e08"
"17-08-2026 10:04:00","1004","Information","Microsoft-Windows-Security-SPP","The Software Protection service has successfully installed the license.
License Title=Office 16 UL oob License (Private)
License Id=0042b0f8-3469-428c-aff4-29dc986efd59"
"17-08-2026 10:04:00","1004","Information","Microsoft-Windows-Security-SPP","The Software Protection service has successfully installed the license.
License Title=Office 16 UL oob License (Public)
License Id=799225a6-654f-4daf-9721-5f400b040f79"
"17-08-2026 10:03:59","1004","Information","Microsoft-Windows-Security-SPP","The Software Protection service has successfully installed the license.
License Title=Office 16 Publishing License (Private)
License Id=04d5a4ab-5e3a-4997-b707-97f5470619b3"
"17-08-2026 10:03:59","1004","Information","Microsoft-Windows-Security-SPP","The Software Protection service has successfully installed the license.
License Title=Office 16 Publishing License (Public)
License Id=5af7232c-1067-49fb-b3aa-c3407e52ce1d"
"17-08-2026 10:03:59","1004","Information","Microsoft-Windows-Security-SPP","The Software Protection service has successfully installed the license.
License Title=Office3AD61E22-E4FE-497F-BDB1-3E51BD872173 PPD License
License Id=32757964-6b92-d375-42e1-fbbd7da16454"
"17-08-2026 10:03:58","1004","Information","Microsoft-Windows-Security-SPP","The Software Protection service has successfully installed the license.
License Title=Office 16 UL oob License (Private)
License Id=8b085e63-33b5-47dc-80ed-79674f091a36"
"17-08-2026 10:03:58","1004","Information","Microsoft-Windows-Security-SPP","The Software Protection service has successfully installed the license.
License Title=Office 16 UL oob License (Public)
License Id=3c42d53b-20c5-42c6-9279-768cd35aa252"
"17-08-2026 10:03:58","1004","Information","Microsoft-Windows-Security-SPP","The Software Protection service has successfully installed the license.
License Title=OfficeB27B3D00-9A95-4FCD-A0C2-118CBD5E699B PPD License
License Id=d25bdc86-1b23-f231-8b98-db36cc3b4b7b"
"17-08-2026 10:03:58","1004","Information","Microsoft-Windows-Security-SPP","The Software Protection service has successfully installed the license.
License Title=Office 16 UL oob License (Private)
License Id=b114da48-667a-4ba0-937c-d4dd46887b06"
"17-08-2026 10:03:58","1004","Information","Microsoft-Windows-Security-SPP","The Software Protection service has successfully installed the license.
License Title=Office 16 UL oob License (Public)
License Id=10edc725-764f-4bf7-acf0-7d2f9e5858c4"
"17-08-2026 10:03:57","1004","Information","Microsoft-Windows-Security-SPP","The Software Protection service has successfully installed the license.
License Title=Office 16 Publishing License (Private)
License Id=8d1d674c-a636-4854-83cc-0ae8816ba7e9"
"17-08-2026 10:03:57","1004","Information","Microsoft-Windows-Security-SPP","The Software Protection service has successfully installed the license.
License Title=Office 16 Publishing License (Public)
License Id=fc72d3e7-d4c4-4713-ad73-1a5d58cd0f60"
"17-08-2026 10:03:57","1004","Information","Microsoft-Windows-Security-SPP","The Software Protection service has successfully installed the license.
License Title=OfficeCBECB6F5-DA49-4029-BE25-5945AC9750B3 PPD License
License Id=62eec107-c849-49d8-d78e-10daa0a5c173"
"17-08-2026 10:03:57","1004","Information","Microsoft-Windows-Security-SPP","The Software Protection service has successfully installed the license.
License Title=Office 16 UL oob License (Private)
License Id=eba87059-0da6-4fdc-b697-ef7b8b902278"
"17-08-2026 10:03:57","1004","Information","Microsoft-Windows-Security-SPP","The Software Protection service has successfully installed the license.
License Title=Office 16 UL oob License (Public)
License Id=4a4d45fb-ed8b-4815-9ce0-3ce17b8280e4"
"17-08-2026 10:03:57","1004","Information","Microsoft-Windows-Security-SPP","The Software Protection service has successfully installed the license.
License Title=Office 16 Publishing License (Private)
License Id=26ebece4-964d-4b64-a8df-388332f40577"
"17-08-2026 10:03:57","1004","Information","Microsoft-Windows-Security-SPP","The Software Protection service has successfully installed the license.
License Title=Office 16 Publishing License (Public)
License Id=3be3b4fb-4ce3-4f2f-af08-dd0561848d4d"
"17-08-2026 10:03:57","1004","Information","Microsoft-Windows-Security-SPP","The Software Protection service has successfully installed the license.
License Title=Office24FC428E-A37E-4996-AC66-8EA0304A152D PPD License
License Id=5fb7168b-b17b-81fc-a5cd-efac97cde83c"
"17-08-2026 10:03:57","1004","Information","Microsoft-Windows-Security-SPP","The Software Protection service has successfully installed the license.
License Title=Office 16 UL oob License (Private)
License Id=65994ac1-76a3-4f38-9ba6-d38a40eae01e"
"17-08-2026 10:03:57","1004","Information","Microsoft-Windows-Security-SPP","The Software Protection service has successfully installed the license.
License Title=Office 16 UL oob License (Public)
License Id=eeb991ca-46a5-4e73-be36-8038e67895d3"
"17-08-2026 10:03:57","1004","Information","Microsoft-Windows-Security-SPP","The Software Protection service has successfully installed the license.
License Title=Office 16 Publishing License (Private)
License Id=bd8b81cb-c0cb-4e88-9f77-24aac7253eae"
"17-08-2026 10:03:57","1004","Information","Microsoft-Windows-Security-SPP","The Software Protection service has successfully installed the license.
License Title=Office 16 Publishing License (Public)
License Id=19e3fd2f-0b02-45f2-b816-a0f868a82685"
"17-08-2026 10:03:56","1004","Information","Microsoft-Windows-Security-SPP","The Software Protection service has successfully installed the license.
License Title=Office7984D9ED-81F9-4D50-913D-317ECD863065 PPD License
License Id=2a9a2991-4b78-245f-e862-11366e07a43f"
"17-08-2026 10:03:56","1004","Information","Microsoft-Windows-Security-SPP","The Software Protection service has successfully installed the license.
License Title=Office 16 UL oob License (Private)
License Id=efcfae5a-d351-41eb-a8fd-a9cb5767e63a"
"17-08-2026 10:03:56","1004","Information","Microsoft-Windows-Security-SPP","The Software Protection service has successfully installed the license.
License Title=Office 16 UL oob License (Public)
License Id=820bf08c-5c79-4704-8f51-29bf83bc726f"
"17-08-2026 10:03:56","1004","Information","Microsoft-Windows-Security-SPP","The Software Protection service has successfully installed the license.
License Title=Office 16 Publishing License (Private)
License Id=be7a8b41-caa7-441c-b6c2-8dac2f9ec4dc"
"17-08-2026 10:03:56","1004","Information","Microsoft-Windows-Security-SPP","The Software Protection service has successfully installed the license.
License Title=Office 16 Publishing License (Public)
License Id=8151f4ee-800d-4732-8ce4-e5874fd427ce"
"17-08-2026 10:03:56","1004","Information","Microsoft-Windows-Security-SPP","The Software Protection service has successfully installed the license.
License Title=Office35EC6E0E-2DF4-4629-9EE3-D525E806B988 PPD License
License Id=5acfc3a7-97b1-0683-9c66-fa18579ff15c"
"17-08-2026 10:03:56","1004","Information","Microsoft-Windows-Security-SPP","The Software Protection service has successfully installed the license.
License Title=Office 16 UL oob License (Private)
License Id=d3f27319-4d8a-4d8f-9b04-100acb88f9f7"
"17-08-2026 10:03:56","1004","Information","Microsoft-Windows-Security-SPP","The Software Protection service has successfully installed the license.
License Title=Office 16 UL oob License (Public)
License Id=2bc30cbf-0cce-4c3b-9a2f-596d9937208f"
"17-08-2026 10:03:56","1004","Information","Microsoft-Windows-Security-SPP","The Software Protection service has successfully installed the license.
License Title=client-issuance-bridge-office Issuance License
License Id=4d4a5396-01a7-4ae5-9973-b53bb1af5c30"
"17-08-2026 10:03:56","1004","Information","Microsoft-Windows-Security-SPP","The Software Protection service has successfully installed the license.
License Title=client-issuance-root-bridge-test Issuance License
License Id=7256a55f-e989-4e06-b2c2-c527f49e4527"
"17-08-2026 10:03:56","1004","Information","Microsoft-Windows-Security-SPP","The Software Protection service has successfully installed the license.
License Title=client-issuance-ul-oob Issuance License
License Id=7209e8e3-cce2-49dd-8f6e-2cc8a611f202"
"17-08-2026 10:03:55","1004","Information","Microsoft-Windows-Security-SPP","The Software Protection service has successfully installed the license.
License Title=client-issuance-ul Issuance License
License Id=ce939c0e-53f7-4011-a286-78b6975fa5f0"
"17-08-2026 10:03:55","1004","Information","Microsoft-Windows-Security-SPP","The Software Protection service has successfully installed the license.
License Title=client-issuance-stil Issuance License
License Id=285583cd-fc43-4806-ace6-d247b7edd434"
"17-08-2026 10:03:55","1004","Information","Microsoft-Windows-Security-SPP","The Software Protection service has successfully installed the license.
License Title=client-issuance-root Issuance License
License Id=7cbeb41c-1778-47f2-aa36-51a5a618f716"
"17-08-2026 10:03:55","1004","Information","Microsoft-Windows-Security-SPP","The Software Protection service has successfully installed the license.
License Title=XrML 2.1 License - Product Key Configuration
License Id=dc6454b3-ceba-4e40-b6cc-26afb8fe8fa6"
"17-08-2026 10:03:55","1004","Information","Microsoft-Windows-Security-SPP","The Software Protection service has successfully installed the license.
License Title=XrML 2.1 License - Product Key Configuration
License Id=6040a6e7-445d-4609-b6c4-8a66b709cb54"
"17-08-2026 10:03:54","16394","Information","Microsoft-Windows-Security-SPP","Offline downlevel migration succeeded."
"17-08-2026 10:03:51","10005","Information","Microsoft-Windows-RestartManager","Machine restart is required."
"17-08-2026 10:03:02","258","Information","Microsoft-Windows-Defrag","The storage optimizer successfully completed defragmentation on OS (C:)"
"17-08-2026 10:03:02","258","Information","Microsoft-Windows-Defrag","The storage optimizer successfully completed retrim on OS (C:)"
"17-08-2026 10:02:48","8224","Information","VSS","The VSS service is shutting down due to idle timeout. "
"17-08-2026 10:02:14","10002","Information","Microsoft-Windows-RestartManager","Shutting down application or service 'Microsoft Excel'."
"17-08-2026 10:02:14","10002","Information","Microsoft-Windows-RestartManager","Shutting down application or service 'Microsoft OneNote'."
"17-08-2026 10:02:14","10002","Information","Microsoft-Windows-RestartManager","Shutting down application or service 'Microsoft Word'."
