"18-08-2026 14:34:31","16384","Information","Microsoft-Windows-Security-SPP","Successfully scheduled Software Protection service for re-start at 2126-07-25T09:04:31Z. Reason: RulesEngine."
"18-08-2026 14:34:13","1001","Information","Windows Error Reporting","Fault bucket , type 0
Event Name: LiveKernelEvent
Response: Not available
Cab Id: 0

Problem signature:
P1: 193
P2: 80e
P3: ffffcf8aede16080
P4: ffffe3847ac44d70
P5: 0
P6: 10_0_26100
P7: 0_0
P8: 256_1
P9: 
P10: 

Attached files:
\\?\C:\Windows\LiveKernelReports\WATCHDOG\WATCHDOG-20260728-1739.dmp
\\?\C:\Windows\SystemTemp\WER-107417718-0.sysdata.xml
\\?\C:\ProgramData\Microsoft\Windows\WER\Temp\WER.a1bc6256-3f5c-4a2d-a9f0-6ec44cf0758d.tmp.xml

These files may be available here:
\\?\C:\ProgramData\Microsoft\Windows\WER\ReportQueue\Kernel_193_abd9cbf140bb5029fbabb5aa6c6c6f4af01df5bf_00000000_e47de6fb-dda6-43b7-95d8-4f271c908dcb

Analysis symbol: 
Rechecking for solution: 0
Report Id: e47de6fb-dda6-43b7-95d8-4f271c908dcb
Report Status: 2051
Hashed bucket: 
Cab Guid: 0"
"18-08-2026 14:34:12","1001","Information","Windows Error Reporting","Fault bucket , type 0
Event Name: LiveKernelEvent
Response: Not available
Cab Id: 0

Problem signature:
P1: 1b8
P2: a
P3: 0
P4: 0
P5: 0
P6: 10_0_26100
P7: 0_0
P8: 256_1
P9: 
P10: 

Attached files:
\\?\C:\Windows\LiveKernelReports\WATCHDOG4400\WATCHDOG4400-20260710-1300.dmp
\\?\C:\Windows\SystemTemp\WER-271939687-1.sysdata.xml
\\?\C:\ProgramData\Microsoft\Windows\WER\Temp\WER.276c67c4-a71e-4c67-814b-398383480957.tmp.WERInternalMetadata.xml
\\?\C:\ProgramData\Microsoft\Windows\WER\Temp\WER.45398fb5-7380-4396-8ea0-3bd53512c717.tmp.csv
\\?\C:\ProgramData\Microsoft\Windows\WER\Temp\WER.1ff4cbcb-ad49-4c05-b4f9-be4909d9c9f1.tmp.txt
\\?\C:\ProgramData\Microsoft\Windows\WER\Temp\WER.51bf8dab-e143-4be9-97b9-909d7b0fd11b.tmp.xml

These files may be available here:
\\?\C:\ProgramData\Microsoft\Windows\WER\ReportQueue\Kernel_1b8_8fa7e01760fd533c5dce8eb299b7ad27ad53e77_00000000_573d8d8f-c6bf-486a-b7db-af9469fa7aca

Analysis symbol: 
Rechecking for solution: 0
Report Id: 573d8d8f-c6bf-486a-b7db-af9469fa7aca
Report Status: 2051
Hashed bucket: 
Cab Guid: 0"
"18-08-2026 14:34:11","1001","Information","Windows Error Reporting","Fault bucket , type 0
Event Name: LiveKernelEvent
Response: Not available
Cab Id: 0

Problem signature:
P1: 1a8
P2: a
P3: 0
P4: 0
P5: 0
P6: 10_0_26100
P7: 0_0
P8: 256_1
P9: 
P10: 

Attached files:
\\?\C:\Windows\LiveKernelReports\WATCHDOG\WATCHDOG-20260710-1300.dmp
\\?\C:\Windows\SystemTemp\WER-271939578-0.sysdata.xml
\\?\C:\ProgramData\Microsoft\Windows\WER\Temp\WER.9d0f10c3-9411-4acf-bb31-6859c68be85c.tmp.WERInternalMetadata.xml
\\?\C:\ProgramData\Microsoft\Windows\WER\Temp\WER.92ebb8bc-f8a2-409d-bf16-af9d4e02171b.tmp.csv
\\?\C:\ProgramData\Microsoft\Windows\WER\Temp\WER.d6f5e5d3-6464-4bb3-bd6d-af4323b2bd28.tmp.txt
\\?\C:\ProgramData\Microsoft\Windows\WER\Temp\WER.bc08fce0-0a3b-4356-9c60-9d77cdfdf274.tmp.xml

These files may be available here:
\\?\C:\ProgramData\Microsoft\Windows\WER\ReportQueue\Kernel_1a8_3748bd66a7bb3ae96eac533a61a9ac86d47cc_00000000_ec33cea1-82be-4259-91f8-9fcce02ba34e

Analysis symbol: 
Rechecking for solution: 0
Report Id: ec33cea1-82be-4259-91f8-9fcce02ba34e
Report Status: 2051
Hashed bucket: 
Cab Guid: 0"
"18-08-2026 14:34:10","1001","Information","Windows Error Reporting","Fault bucket , type 0
Event Name: LiveKernelEvent
Response: Not available
Cab Id: 0

Problem signature:
P1: 1a8
P2: a
P3: 0
P4: 0
P5: 0
P6: 10_0_26100
P7: 0_0
P8: 256_1
P9: 
P10: 

Attached files:
\\?\C:\Windows\LiveKernelReports\WATCHDOG\WATCHDOG-20260605-1132.dmp
\\?\C:\Windows\SystemTemp\WER-177493781-0.sysdata.xml
\\?\C:\ProgramData\Microsoft\Windows\WER\Temp\WER.7d595a1e-be1a-407e-9129-15b129663d18.tmp.WERInternalMetadata.xml
\\?\C:\ProgramData\Microsoft\Windows\WER\Temp\WER.0154dcde-260d-47f6-832d-ba1ab90745a3.tmp.csv
\\?\C:\ProgramData\Microsoft\Windows\WER\Temp\WER.3732cf1d-0f98-4752-a7b8-001c99f4d464.tmp.txt
\\?\C:\ProgramData\Microsoft\Windows\WER\Temp\WER.e778fd5f-f183-48dc-b2de-6998ab6638a1.tmp.xml

These files may be available here:
\\?\C:\ProgramData\Microsoft\Windows\WER\ReportQueue\Kernel_1a8_3748bd66a7bb3ae96eac533a61a9ac86d47cc_00000000_a2e929d0-2850-4380-898f-4dfd04c05c39

Analysis symbol: 
Rechecking for solution: 0
Report Id: a2e929d0-2850-4380-898f-4dfd04c05c39
Report Status: 2051
Hashed bucket: 
Cab Guid: 0"
"18-08-2026 14:34:09","15","Information","SecurityCenter","Updated Windows Defender status successfully to SECURITY_PRODUCT_STATE_ON."
"18-08-2026 14:34:07","1","Information","SecurityCenter","The Windows Security Center Service has started."
"18-08-2026 14:34:06","1001","Information","Windows Error Reporting","Fault bucket , type 0
Event Name: LiveKernelEvent
Response: Not available
Cab Id: 0

Problem signature:
P1: 193
P2: 80e
P3: ffffa38c64a87080
P4: ffff8185b6ddaa20
P5: 0
P6: 10_0_26100
P7: 0_0
P8: 256_1
P9: 
P10: 

Attached files:
\\?\C:\Windows\LiveKernelReports\WATCHDOG\WATCHDOG-20260527-1052.dmp
\\?\C:\Windows\SystemTemp\WER-179535468-0.sysdata.xml
\\?\C:\ProgramData\Microsoft\Windows\WER\Temp\WER.ea643868-0ea8-4456-a323-8794ddfd284d.tmp.WERInternalMetadata.xml
\\?\C:\ProgramData\Microsoft\Windows\WER\Temp\WER.ee1fbebe-01de-4b58-b48a-010b870da1f5.tmp.csv
\\?\C:\ProgramData\Microsoft\Windows\WER\Temp\WER.426194b9-5279-4657-88b5-d2386d90185c.tmp.txt
\\?\C:\ProgramData\Microsoft\Windows\WER\Temp\WER.b587805b-274c-429e-b6fc-ba363711d14a.tmp.xml

These files may be available here:
\\?\C:\ProgramData\Microsoft\Windows\WER\ReportQueue\Kernel_193_fde6ca7bf15cd6bced14410b0b1972a766aba_00000000_ab53bcfd-f0a6-4eec-897b-bdc111b0593d

Analysis symbol: 
Rechecking for solution: 0
Report Id: ab53bcfd-f0a6-4eec-897b-bdc111b0593d
Report Status: 2051
Hashed bucket: 
Cab Guid: 0"
"18-08-2026 14:34:01","16394","Information","Microsoft-Windows-Security-SPP","Offline downlevel migration succeeded."
"18-08-2026 14:34:01","900","Information","Microsoft-Windows-Security-SPP","The Software Protection service is starting.
Parameters:<explicit>"
"18-08-2026 14:33:55","1000","Information",".NET Runtime","[SetJsonContentFromSerializedString] retrying file write. retry=1/3, delayMs=10, elapsedMs=116, threadId=7, apartment=MTA, file=GlobalSetting.json"
"18-08-2026 14:33:47","0","Information","edgeupdate","Service stopped."
"18-08-2026 14:33:47","0","Information","DellClientManagementService","Service started successfully."
"18-08-2026 14:33:33","0","Information","Service","Service started successfully."
"18-08-2026 14:33:32","0","Information","Service","Service started successfully."
"18-08-2026 14:32:59","1000","Information",".NET Runtime"," DcfRedirectionTrace - 0 : CheckPathRedirection - C:\ProgramData\Dell\DTP.Instrumentation.UserProcess\ does not exist but received a RedirectionCheckOption of IgnorePathDoesNotExist. Continuing to check the parent folder(s) for redirection..."
"18-08-2026 14:32:57","1000","Information",".NET Runtime","DDPM.Subagent.User dynamicHttpWindowsProxy InitializeAsync completed"
"18-08-2026 14:32:53","1000","Information",".NET Runtime","[ReadStartDDPMRegistryAsync], done"
"18-08-2026 14:32:53","1000","Information",".NET Runtime","[ReadStartDDPMRegistryAsync], Flag1 is not 1"
"18-08-2026 14:32:53","1000","Information",".NET Runtime","[ReadStartDDPMRegistryAsync], ReadRegistryData o = 0."
"18-08-2026 14:32:53","1000","Information",".NET Runtime","[ReadStartDDPMRegistryAsync], start"
"18-08-2026 14:32:53","1000","Information",".NET Runtime"," DcfRedirectionTrace - 0 : CheckPathRedirection - C:\ProgramData\Dell\DDPM Subagent User\ does not exist but received a RedirectionCheckOption of IgnorePathDoesNotExist. Continuing to check the parent folder(s) for redirection..."
"18-08-2026 14:32:51","903","Information","Microsoft-Windows-Security-SPP","The Software Protection service has stopped.
"
"18-08-2026 14:32:51","16384","Information","Microsoft-Windows-Security-SPP","Successfully scheduled Software Protection service for re-start at 2126-07-25T09:02:50Z. Reason: RulesEngine."
"18-08-2026 14:32:46","0","Error","Application",
"18-08-2026 14:32:32","256","Information","Edge","[19200:18516:0818/143232.824:INFO:chrome\browser\extensions\extension_garbage_collector.cc:188] Garbage collection for extensions on file thread is complete."
"18-08-2026 14:32:20","902","Information","Microsoft-Windows-Security-SPP","The Software Protection service has started.
10.0.26100.8737"
"18-08-2026 14:32:20","16390","Information","Microsoft-Windows-Security-SPP","Updated policy Kernel-RegisteredProcessors with value of 4 from Clip."
"18-08-2026 14:32:20","16390","Information","Microsoft-Windows-Security-SPP","Updated policy Kernel-WindowsMaxMemAllowedx86 with value of 4096 from Clip."
"18-08-2026 14:32:20","16390","Information","Microsoft-Windows-Security-SPP","Updated policy Kernel-WindowsMaxMemAllowedx64 with value of 6291456 from Clip."
"18-08-2026 14:32:20","16390","Information","Microsoft-Windows-Security-SPP","Updated policy Kernel-WindowsMaxMemAllowedArm64 with value of 6291456 from Clip."
"18-08-2026 14:32:20","16390","Information","Microsoft-Windows-Security-SPP","Updated policy Kernel-WindowsMaxMemAllowedArm with value of 4096 from Clip."
"18-08-2026 14:32:20","1003","Information","Microsoft-Windows-Security-SPP","The Software Protection service has completed licensing status check.
Application Id=55c92734-d682-4d71-983e-d6ec3f16059f
Licensing Status=
1: 01eb852c-424d-4060-94b8-c10d799d7364, 1, 0 [(0 [0xC004F014, 0, 0], [(?)(?)(?)(?)(?)(?)(?)(?)])(1 )(2 )(3 )]
2: 040fa323-92b1-4baf-97a2-5b67feaefddb, 1, 0 [(0 [0xC004F014, 0, 0], [(?)(?)(?)(?)(?)(?)(?)(?)])(1 )(2 )(3 )]
3: 0724cb7d-3437-4cb7-93cb-830375d0079d, 1, 0 [(0 [0xC004F014, 0, 0], [(?)(?)(?)(?)(?)(?)(?)(?)])(1 )(2 )(3 )]
4: 0ad2ac98-7bb9-4201-8d92-312299201369, 1, 0 [(0 [0xC004F014, 0, 0], [(?)(?)(?)(?)(?)(?)(?)(?)])(1 )(2 )(3 )]
5: 19de9b2f-0166-4abb-9534-56ea69a80edb, 1, 0 [(0 [0xC004F014, 0, 0], [(?)(?)(?)(?)(?)(?)(?)(?)])(1 )(2 )(3 )]
6: 1a9a717a-cf13-4ba5-83c3-0fe25fa868d5, 1, 0 [(0 [0xC004F014, 0, 0], [(?)(?)(?)(?)(?)(?)(?)(?)])(1 )(2 )(3 )]
7: 221a02da-e2a1-4b75-864c-0a4410a33fdf, 1, 0 [(0 [0xC004F014, 0, 0], [(?)(?)(?)(?)(?)(?)(?)(?)])(1 )(2 )(3 )]
8: 265f3fad-6a1c-4bdd-ae30-c75efa556ccb, 1, 0 [(0 [0xC004F014, 0, 0], [(?)(?)(?)(?)(?)(?)(?)(?)])(1 )(2 )(3 )]
9: 291ece0e-9c38-40ca-a9e1-32cc7ec19507, 1, 0 [(0 [0xC004F014, 0, 0], [(?)(?)(?)(?)(?)(?)(?)(?)])(1 )(2 )(3 )]
10: 2936d1d2-913a-4542-b54e-ce5a602a2a38, 1, 0 [(0 [0xC004F014, 0, 0], [(?)(?)(?)(?)(?)(?)(?)(?)])(1 )(2 )(3 )]
11: 2c293c26-a45a-4a2a-a350-c69a67097529, 1, 0 [(0 [0xC004F014, 0, 0], [(?)(?)(?)(?)(?)(?)(?)(?)])(1 )(2 )(3 )]
12: 2de67392-b7a7-462a-b1ca-108dd189f588, 1, 0 [(0 [0xC004F014, 0, 0], [(?)(?)(?)(?)(?)(?)(?)(?)])(1 )(2 )(3 )]
13: 2ffd8952-423e-4903-b993-72a1aa44cf82, 1, 0 [(0 [0xC004F014, 0, 0], [(?)(?)(?)(?)(?)(?)(?)(?)])(1 )(2 )(3 )]
14: 30a42c86-b7a0-4a34-8c90-ff177cb2acb7, 1, 0 [(0 [0xC004F014, 0, 0], [(?)(?)(?)(?)(?)(?)(?)(?)])(1 )(2 )(3 )]
15: 345a5db0-d94f-4e3b-a0c0-7c42f7bc3ebf, 1, 0 [(0 [0xC004F014, 0, 0], [(?)(?)(?)(?)(?)(?)(?)(?)])(1 )(2 )(3 )]
16: 3502365a-f88a-4ba4-822a-5769d3073b65, 1, 0 [(0 [0xC004F014, 0, 0], [(?)(?)(?)(?)(?)(?)(?)(?)])(1 )(2 )(3 )]
17: 377333b1-8b5d-48d6-9679-1225c872d37c, 1, 0 [(0 [0xC004F014, 0, 0], [(?)(?)(?)(?)(?)(?)(?)(?)])(1 )(2 )(3 )]
18: 3df374ef-d444-4494-a5a1-4b0d9fd0e203, 1, 0 [(0 [0xC004F014, 0, 0], [(?)(?)(?)(?)(?)(?)(?)(?)])(1 )(2 )(3 )]
19: 3ebce241-ea87-4946-8a4f-80d00e921dff, 1, 0 [(0 [0xC004F014, 0, 0], [(?)(?)(?)(?)(?)(?)(?)(?)])(1 )(2 )(3 )]
20: 3f1afc82-f8ac-4f6c-8005-1d233e606eee, 1, 0 [(0 [0xC004F014, 0, 0], [(?)(?)(?)(?)(?)(?)(?)(?)])(1 )(2 )(3 )]
21: 4322a811-697c-44dc-865e-3e2fdcb86009, 1, 0 [(0 [0xC004F014, 0, 0], [(?)(?)(?)(?)(?)(?)(?)(?)])(1 )(2 )(3 )]
22: 49cd895b-53b2-4dc4-a5f7-b18aa019ad37, 1, 0 [(0 [0xC004F014, 0, 0], [(?)(?)(?)(?)(?)(?)(?)(?)])(1 )(2 )(3 )]
23: 4de7cb65-cdf1-4de9-8ae8-e3cce27b9f2c, 1, 1 [(0 )(1 )(2 [0x00000000, 1, 0], [(?)( 1 0x00000000)(?)(?)(?)(?)( 10 0x00000000 msft:rm/algorithm/flags/1.0)(?)])(3 )]
24: 4f3da0d2-271d-4508-ae81-626b60809a38, 1, 0 [(0 [0xC004F014, 0, 0], [(?)(?)(?)(?)(?)(?)(?)(?)])(1 )(2 )(3 )]
25: 5d78c4e9-aeb3-4b40-8ac2-6a6005e0ad6d, 1, 0 [(0 [0xC004F014, 0, 0], [(?)(?)(?)(?)(?)(?)(?)(?)])(1 )(2 )(3 )]
26: 60b3ec1b-9545-4921-821f-311b129dd6f6, 1, 0 [(0 [0xC004F014, 0, 0], [(?)(?)(?)(?)(?)(?)(?)(?)])(1 )(2 )(3 )]
27: 613d217f-7f13-4268-9907-1662339531cd, 1, 0 [(0 [0xC004F014, 0, 0], [(?)(?)(?)(?)(?)(?)(?)(?)])(1 )(2 )(3 )]
28: 62f0c100-9c53-4e02-b886-a3528ddfe7f6, 1, 0 [(0 [0xC004F014, 0, 0], [(?)(?)(?)(?)(?)(?)(?)(?)])(1 )(2 )(3 )]
29: 6365275e-368d-46ca-a0ef-fc0404119333, 1, 0 [(0 [0xC004F014, 0, 0], [(?)(?)(?)(?)(?)(?)(?)(?)])(1 )(2 )(3 )]
30: 721f9237-9341-4453-a661-09e8baa6cca5, 1, 0 [(0 [0xC004F014, 0, 0], [(?)(?)(?)(?)(?)(?)(?)(?)])(1 )(2 )(3 )]
31: 73111121-5638-40f6-bc11-f1d7b0d64300, 1, 0 [(0 [0xC004F014, 0, 0], [(?)(?)(?)(?)(?)(?)(?)(?)])(1 )(2 )(3 )]
32: 7a802526-4c94-4bd1-ba14-835a1aca2120, 1, 0 [(0 [0xC004F014, 0, 0], [(?)(?)(?)(?)(?)(?)(?)(?)])(1 )(2 )(3 )]
33: 7cb546c0-c7d5-44d8-9a5c-69ecdd782b69, 1, 0 [(0 [0xC004F014, 0, 0], [(?)(?)(?)(?)(?)(?)(?)(?)])(1 )(2 )(3 )]
34: 80083eae-7031-4394-9e88-4901973d56fe, 1, 0 [(0 [0xC004F014, 0, 0], [(?)(?)(?)(?)(?)(?)(?)(?)])(1 )(2 )(3 )]
35: 82bbc092-bc50-4e16-8e18-b74fc486aec3, 1, 0 [(0 [0xC004F014, 0, 0], [(?)(?)(?)(?)(?)(?)(?)(?)])(1 )(2 )(3 )]
36: 8ab9bdd1-1f67-4997-82d9-8878520837d9, 1, 0 [(0 [0xC004F014, 0, 0], [(?)(?)(?)(?)(?)(?)(?)(?)])(1 )(2 )(3 )]
37: 8b351c9c-f398-4515-9900-09df49427262, 1, 0 [(0 [0xC004F014, 0, 0], [(?)(?)(?)(?)(?)(?)(?)(?)])(1 )(2 )(3 )]
38: 90da7373-1c51-430b-bf26-c97e9c5cdc31, 1, 0 [(0 [0xC004F014, 0, 0], [(?)(?)(?)(?)(?)(?)(?)(?)])(1 )(2 )(3 )]
39: 92fb8726-92a8-4ffc-94ce-f82e07444653, 1, 0 [(0 [0xC004F014, 0, 0], [(?)(?)(?)(?)(?)(?)(?)(?)])(1 )(2 )(3 )]
40: 95dca82f-385d-4d39-b85b-5c73fa285d6f, 1, 0 [(0 [0xC004F014, 0, 0], [(?)(?)(?)(?)(?)(?)(?)(?)])(1 )(2 )(3 )]
41: 97cde3ae-e908-4b59-ac96-a17645c5b57e, 1, 0 [(0 [0xC004F014, 0, 0], [(?)(?)(?)(?)(?)(?)(?)(?)])(1 )(2 )(3 )]
42: a48938aa-62fa-4966-9d44-9f04da3f72f2, 1, 0 [(0 [0xC004F014, 0, 0], [(?)(?)(?)(?)(?)(?)(?)(?)])(1 )(2 )(3 )]
43: b0773a15-df3a-4312-9ad2-83d69648e356, 1, 0 [(0 [0xC004F014, 0, 0], [(?)(?)(?)(?)(?)(?)(?)(?)])(1 )(2 )(3 )]
44: b4bfe195-541e-4e64-ad23-6177f19e395e, 1, 0 [(0 [0xC004F014, 0, 0], [(?)(?)(?)(?)(?)(?)(?)(?)])(1 )(2 )(3 )]
45: b68e61d2-68ca-4757-be45-0cc2f3e68eee, 1, 0 [(0 [0xC004F014, 0, 0], [(?)(?)(?)(?)(?)(?)(?)(?)])(1 )(2 )(3 )]
46: bd3762d7-270d-4760-8fb3-d829ca45278a, 1, 0 [(0 [0xC004F014, 0, 0], [(?)(?)(?)(?)(?)(?)(?)(?)])(1 )(2 )(3 )]
47: c86d5194-4840-4dae-9c1c-0301003a5ab0, 1, 0 [(0 [0xC004F014, 0, 0], [(?)(?)(?)(?)(?)(?)(?)(?)])(1 )(2 )(3 )]
48: ca7df2e3-5ea0-47b8-9ac1-b1be4d8edd69, 1, 0 [(0 [0xC004F014, 0, 0], [(?)(?)(?)(?)(?)(?)(?)(?)])(1 )(2 )(3 )]
49: d552befb-48cc-4327-8f39-47d2d94f987c, 1, 0 [(0 [0xC004F014, 0, 0], [(?)(?)(?)(?)(?)(?)(?)(?)])(1 )(2 )(3 )]
50: d6eadb3b-5ca8-4a6b-986e-35b550756111, 1, 0 [(0 [0xC004F014, 0, 0], [(?)(?)(?)(?)(?)(?)(?)(?)])(1 )(2 )(3 )]
51: df96023b-dcd9-4be2-afa0-c6c871159ebe, 1, 0 [(0 [0xC004F014, 0, 0], [(?)(?)(?)(?)(?)(?)(?)(?)])(1 )(2 )(3 )]
52: e0c42288-980c-4788-a014-c080d2e1926e, 1, 0 [(0 [0xC004F014, 0, 0], [(?)(?)(?)(?)(?)(?)(?)(?)])(1 )(2 )(3 )]
53: e4db50ea-bda1-4566-b047-0ca50abc6f07, 1, 0 [(0 [0xC004F014, 0, 0], [(?)(?)(?)(?)(?)(?)(?)(?)])(1 )(2 )(3 )]
54: e558417a-5123-4f6f-91e7-385c1c7ca9d4, 1, 0 [(0 [0xC004F014, 0, 0], [(?)(?)(?)(?)(?)(?)(?)(?)])(1 )(2 )(3 )]
55: e7a950a2-e548-4f10-bf16-02ec848e0643, 1, 0 [(0 [0xC004F014, 0, 0], [(?)(?)(?)(?)(?)(?)(?)(?)])(1 )(2 )(3 )]
56: eb6d346f-1c60-4643-b960-40ec31596c45, 1, 0 [(0 [0xC004F014, 0, 0], [(?)(?)(?)(?)(?)(?)(?)(?)])(1 )(2 )(3 )]
57: ec868e65-fadf-4759-b23e-93fe37f2cc29, 1, 0 [(0 [0xC004F014, 0, 0], [(?)(?)(?)(?)(?)(?)(?)(?)])(1 )(2 )(3 )]
58: ef51e000-2659-4f25-8345-3de70a9cf4c4, 1, 0 [(0 [0xC004F014, 0, 0], [(?)(?)(?)(?)(?)(?)(?)(?)])(1 )(2 )(3 )]
59: f7af7d09-40e4-419c-a49b-eae366689ebd, 1, 0 [(0 [0xC004F014, 0, 0], [(?)(?)(?)(?)(?)(?)(?)(?)])(1 )(2 )(3 )]
60: fa755fe6-6739-40b9-8d84-6d0ea3b6d1ab, 1, 0 [(0 [0xC004F014, 0, 0], [(?)(?)(?)(?)(?)(?)(?)(?)])(1 )(2 )(3 )]
61: fe74f55b-0338-41d6-b267-4a201abe7285, 1, 0 [(0 [0xC004F014, 0, 0], [(?)(?)(?)(?)(?)(?)(?)(?)])(1 )(2 )(3 )]

"
"18-08-2026 14:32:20","1066","Information","Microsoft-Windows-Security-SPP","Initialization status for service objects.
C:\Windows\system32\sppwinob.dll, msft:spp/windowsfunctionality/agent/7.0, 0x00000000, 0x00000000
C:\Windows\system32\sppobjs.dll, msft:rm/algorithm/inherited/1.0, 0x00000000, 0x00000000
C:\Windows\system32\sppobjs.dll, msft:rm/algorithm/phone/1.0, 0x00000000, 0x00000000
C:\Windows\system32\sppobjs.dll, msft:rm/algorithm/pkey/detect, 0x00000000, 0x00000000
C:\Windows\system32\sppobjs.dll, msft:spp/ActionScheduler/1.0, 0x00000000, 0x00000000
C:\Windows\system32\sppobjs.dll, msft:spp/TaskScheduler/1.0, 0x00000000, 0x00000000
C:\Windows\system32\sppobjs.dll, msft:spp/statecollector/pkey, 0x00000000, 0x00000000
C:\Windows\system32\sppobjs.dll, msft:spp/volume/services/kms/1.0, 0x00000000, 0x00000000
C:\Windows\system32\sppobjs.dll, msft:spp/volume/services/kms/activationinfo/1.0, 0x00000000, 0x00000000
"
"18-08-2026 14:32:20","16394","Information","Microsoft-Windows-Security-SPP","Offline downlevel migration succeeded."
"18-08-2026 14:32:20","900","Information","Microsoft-Windows-Security-SPP","The Software Protection service is starting.
Parameters:TriggerStarted:6"
"18-08-2026 14:32:19","1000","Information",".NET Runtime","CLABP:
Device:                    Speakers (4- Cirrus Logic XU) {0.0.0.00000000}.{45d28dc2-5526-4063-98de-2b18fc40ed90} - Speakers
UseCase Name:              Deafault low volume retune
EFX Left:                  
EFX Right:                 
EFX Left Version:          
EFX Right Version:         
MFX Default Left:          
MFX Default Right:         
MFX Default Left Version:  
MFX Default Right Version: 
MFX Media Left:            
MFX Media Right:           
MFX Media Left Version:    
MFX Media Right Version:   
Apps:                      
Contortions:               
Orientations:              
Display Orientations:      
Min Volume:                
Endpoints:                 Speakers"
"18-08-2026 14:32:01","92","Information","SensorFramework-LogonTask-{100ee514-48c8-f419-6760-6fb8cb2767cd}","6450"
"18-08-2026 14:31:53","87","Error","Microsoft-Windows-CertificateServicesClient-CertEnroll","SCEP Certificate enrollment for Local system via https://STM-KeyId-662d8f1cecdff147a8b6f0ea296af7f24cadf9cf-v2.microsoftaik.azure.net/templates/Aik/scep failed:

PkiStatus(11): SCEPDispositionPendingChallenge
EnrollStatus(32): EnrollUnknown
The operation completed successfully. 0x0 (WIN32: 0)
SubmitDone
SubmitV2Attestation: Bad Request
{""Message"":""V2 Protocol AIK certificate requests with P-256 ECC public keys are not supported. Public key algorithm: 1.2.840.10045.2.1, Key length: 256.""}
HTTP/1.1 400 Bad Request
Date: Tue, 18 Aug 2026 09:01:53 GMT
Content-Length: 154
Content-Type: application/json; charset=utf-8
X-Content-Type-Options: nosniff
Strict-Transport-Security: max-age=31536000;includeSubDomains
x-ms-request-id: cfb85f4a-e4e2-4136-b69d-ae1d79c4f0bd

Method: POST(3328ms)
Stage: SubmitDone
Bad request (400). 0x80190190 (-2145844848 HTTP_E_STATUS_BAD_REQUEST)"
"18-08-2026 14:31:12","1000","Information",".NET Runtime","ClassifyFromHandle returned Auto"
"18-08-2026 14:31:12","0","Information","LIND55MBVC4","Service started successfully."
"18-08-2026 14:31:12","4356","Warning","Microsoft-Windows-EventSystem","The COM+ Event System failed to create an instance of the subscriber {128EC798-ADC6-4F75-9569-3E81D6092559}.  StandardCreateInstance returned HRESULT 8000401a."
"18-08-2026 14:31:11","1003","Information","Microsoft-Windows-Search","The Windows Search Service started.
"
"18-08-2026 14:31:03","19","Information","IPF","ESIF(2.3.20304.7) TYPE: INFO MODULE: IPF TIME 24930 ms

    DPTF Build Version:  9.1.10010.2297    DPTF Build Date:  May  1 2026 14:56:21    Message:  EPO Modes Status:DC Endurance Gaming(Status: Enabled);DC Balanced(Status: Enabled);AC Balanced(Status: Enabled);AC Cool & Quiet(Status: Disabled); AC Efficiency(Status: Disabled); AC Performance(Status: Disabled); DC Cool & Quiet(Status: Disabled); DC Efficiency(Status: Disabled); DC Performance(Status: Disabled); AC Collaboration(Status: Enabled);DC Collaboration(Status: Enabled);AC VC IP Alignment(Status: Enabled);DC VC IP Alignment(Status: Enabled);AC Soc Assist(Status: Enabled);DC Soc Assist(Status: Enabled    Policy:  Energy Performance Optimizer Policy [2]        "
"18-08-2026 14:31:03","1001","Information","Windows Error Reporting","Fault bucket , type 0
Event Name: LiveKernelEvent
Response: Not available
Cab Id: 0

Problem signature:
P1: 193
P2: 80e
P3: ffffcf8aede16080
P4: ffffe3847ac44d70
P5: 0
P6: 10_0_26100
P7: 0_0
P8: 256_1
P9: 
P10: 

Attached files:
\\?\C:\Windows\LiveKernelReports\WATCHDOG\WATCHDOG-20260728-1739.dmp
\\?\C:\Windows\SystemTemp\WER-107417718-0.sysdata.xml
\\?\C:\ProgramData\Microsoft\Windows\WER\Temp\WER.a1bc6256-3f5c-4a2d-a9f0-6ec44cf0758d.tmp.xml

These files may be available here:
\\?\C:\ProgramData\Microsoft\Windows\WER\ReportQueue\Kernel_193_abd9cbf140bb5029fbabb5aa6c6c6f4af01df5bf_00000000_e47de6fb-dda6-43b7-95d8-4f271c908dcb

Analysis symbol: 
Rechecking for solution: 0
Report Id: e47de6fb-dda6-43b7-95d8-4f271c908dcb
Report Status: 2051
Hashed bucket: 
Cab Guid: 0"
"18-08-2026 14:31:03","1001","Information","Windows Error Reporting","Fault bucket , type 0
Event Name: LiveKernelEvent
Response: Not available
Cab Id: 0

Problem signature:
P1: 1b8
P2: a
P3: 0
P4: 0
P5: 0
P6: 10_0_26100
P7: 0_0
P8: 256_1
P9: 
P10: 

Attached files:
\\?\C:\Windows\LiveKernelReports\WATCHDOG4400\WATCHDOG4400-20260710-1300.dmp
\\?\C:\Windows\SystemTemp\WER-271939687-1.sysdata.xml
\\?\C:\ProgramData\Microsoft\Windows\WER\Temp\WER.276c67c4-a71e-4c67-814b-398383480957.tmp.WERInternalMetadata.xml
\\?\C:\ProgramData\Microsoft\Windows\WER\Temp\WER.45398fb5-7380-4396-8ea0-3bd53512c717.tmp.csv
\\?\C:\ProgramData\Microsoft\Windows\WER\Temp\WER.1ff4cbcb-ad49-4c05-b4f9-be4909d9c9f1.tmp.txt
\\?\C:\ProgramData\Microsoft\Windows\WER\Temp\WER.51bf8dab-e143-4be9-97b9-909d7b0fd11b.tmp.xml

These files may be available here:
\\?\C:\ProgramData\Microsoft\Windows\WER\ReportQueue\Kernel_1b8_8fa7e01760fd533c5dce8eb299b7ad27ad53e77_00000000_573d8d8f-c6bf-486a-b7db-af9469fa7aca

Analysis symbol: 
Rechecking for solution: 0
Report Id: 573d8d8f-c6bf-486a-b7db-af9469fa7aca
Report Status: 2051
Hashed bucket: 
Cab Guid: 0"
"18-08-2026 14:31:03","1001","Information","Windows Error Reporting","Fault bucket , type 0
Event Name: LiveKernelEvent
Response: Not available
Cab Id: 0

Problem signature:
P1: 1a8
P2: a
P3: 0
P4: 0
P5: 0
P6: 10_0_26100
P7: 0_0
P8: 256_1
P9: 
P10: 

Attached files:
\\?\C:\Windows\LiveKernelReports\WATCHDOG\WATCHDOG-20260710-1300.dmp
\\?\C:\Windows\SystemTemp\WER-271939578-0.sysdata.xml
\\?\C:\ProgramData\Microsoft\Windows\WER\Temp\WER.9d0f10c3-9411-4acf-bb31-6859c68be85c.tmp.WERInternalMetadata.xml
\\?\C:\ProgramData\Microsoft\Windows\WER\Temp\WER.92ebb8bc-f8a2-409d-bf16-af9d4e02171b.tmp.csv
\\?\C:\ProgramData\Microsoft\Windows\WER\Temp\WER.d6f5e5d3-6464-4bb3-bd6d-af4323b2bd28.tmp.txt
\\?\C:\ProgramData\Microsoft\Windows\WER\Temp\WER.bc08fce0-0a3b-4356-9c60-9d77cdfdf274.tmp.xml

These files may be available here:
\\?\C:\ProgramData\Microsoft\Windows\WER\ReportQueue\Kernel_1a8_3748bd66a7bb3ae96eac533a61a9ac86d47cc_00000000_ec33cea1-82be-4259-91f8-9fcce02ba34e

Analysis symbol: 
Rechecking for solution: 0
Report Id: ec33cea1-82be-4259-91f8-9fcce02ba34e
Report Status: 2051
Hashed bucket: 
Cab Guid: 0"
"18-08-2026 14:31:02","19","Information","IPF","ESIF(2.3.20304.7) TYPE: INFO MODULE: IPF TIME 24301 ms

    DPTF Build Version:  9.1.10010.2297    DPTF Build Date:  May  1 2026 14:56:21    Message:  EPO Modes Status:DC Endurance Gaming(Status: Enabled);DC Balanced(Status: Enabled);AC Balanced(Status: Enabled);AC Cool & Quiet(Status: Disabled); AC Efficiency(Status: Disabled); AC Performance(Status: Disabled); DC Cool & Quiet(Status: Disabled); DC Efficiency(Status: Disabled); DC Performance(Status: Disabled); AC Collaboration(Status: Enabled);DC Collaboration(Status: Enabled);AC VC IP Alignment(Status: Enabled);DC VC IP Alignment(Status: Enabled);AC Soc Assist(Status: Enabled);DC Soc Assist(Status: Enabled    Policy:  Energy Performance Optimizer Policy [2]        "
"18-08-2026 14:31:02","1001","Information","Windows Error Reporting","Fault bucket , type 0
Event Name: LiveKernelEvent
Response: Not available
Cab Id: 0

Problem signature:
P1: 1a8
P2: a
P3: 0
P4: 0
P5: 0
P6: 10_0_26100
P7: 0_0
P8: 256_1
P9: 
P10: 

Attached files:
\\?\C:\Windows\LiveKernelReports\WATCHDOG\WATCHDOG-20260605-1132.dmp
\\?\C:\Windows\SystemTemp\WER-177493781-0.sysdata.xml
\\?\C:\ProgramData\Microsoft\Windows\WER\Temp\WER.7d595a1e-be1a-407e-9129-15b129663d18.tmp.WERInternalMetadata.xml
\\?\C:\ProgramData\Microsoft\Windows\WER\Temp\WER.0154dcde-260d-47f6-832d-ba1ab90745a3.tmp.csv
\\?\C:\ProgramData\Microsoft\Windows\WER\Temp\WER.3732cf1d-0f98-4752-a7b8-001c99f4d464.tmp.txt
\\?\C:\ProgramData\Microsoft\Windows\WER\Temp\WER.e778fd5f-f183-48dc-b2de-6998ab6638a1.tmp.xml

These files may be available here:
\\?\C:\ProgramData\Microsoft\Windows\WER\ReportQueue\Kernel_1a8_3748bd66a7bb3ae96eac533a61a9ac86d47cc_00000000_a2e929d0-2850-4380-898f-4dfd04c05c39

Analysis symbol: 
Rechecking for solution: 0
Report Id: a2e929d0-2850-4380-898f-4dfd04c05c39
Report Status: 2051
Hashed bucket: 
Cab Guid: 0"
"18-08-2026 14:31:03","0","Information","Printer Maestro","Database initialization succeeded."
"18-08-2026 14:31:03","0","Information","Printer Maestro","Service started successfully."
"18-08-2026 14:31:02","1001","Information","Windows Error Reporting","Fault bucket , type 0
Event Name: LiveKernelEvent
Response: Not available
Cab Id: 0

Problem signature:
P1: 193
P2: 80e
P3: ffffa38c64a87080
P4: ffff8185b6ddaa20
P5: 0
P6: 10_0_26100
P7: 0_0
P8: 256_1
P9: 
P10: 

Attached files:
\\?\C:\Windows\LiveKernelReports\WATCHDOG\WATCHDOG-20260527-1052.dmp
\\?\C:\Windows\SystemTemp\WER-179535468-0.sysdata.xml
\\?\C:\ProgramData\Microsoft\Windows\WER\Temp\WER.ea643868-0ea8-4456-a323-8794ddfd284d.tmp.WERInternalMetadata.xml
\\?\C:\ProgramData\Microsoft\Windows\WER\Temp\WER.ee1fbebe-01de-4b58-b48a-010b870da1f5.tmp.csv
\\?\C:\ProgramData\Microsoft\Windows\WER\Temp\WER.426194b9-5279-4657-88b5-d2386d90185c.tmp.txt
\\?\C:\ProgramData\Microsoft\Windows\WER\Temp\WER.b587805b-274c-429e-b6fc-ba363711d14a.tmp.xml

These files may be available here:
\\?\C:\ProgramData\Microsoft\Windows\WER\ReportQueue\Kernel_193_fde6ca7bf15cd6bced14410b0b1972a766aba_00000000_ab53bcfd-f0a6-4eec-897b-bdc111b0593d

Analysis symbol: 
Rechecking for solution: 0
Report Id: ab53bcfd-f0a6-4eec-897b-bdc111b0593d
Report Status: 2051
Hashed bucket: 
Cab Guid: 0"
"18-08-2026 14:31:01","0","Information","BarTender System Service","Service started successfully."
"18-08-2026 14:31:01","19","Information","IPF","ESIF(2.3.20304.7) TYPE: INFO MODULE: IPF TIME 22482 ms

<EVENTLOG>DTT Version: 9.1.10010.2297. IPF SDK Version: 1.0.23203.04. Minimum IPF Version Required: 1.0.11904.0."
"18-08-2026 14:31:00","3408","Information","MSSQL$BARTENDER","Recovery is complete. This is an informational message only. No user action is required."
"18-08-2026 14:30:59","9688","Information","MSSQL$BARTENDER","Service Broker manager has started."
"18-08-2026 14:30:59","9666","Information","MSSQL$BARTENDER","The Database Mirroring endpoint is in disabled or stopped state."
"18-08-2026 14:30:59","9666","Information","MSSQL$BARTENDER","The Service Broker endpoint is in disabled or stopped state."
"18-08-2026 14:30:59","17137","Information","MSSQL$BARTENDER","Starting up database 'tempdb'."
"18-08-2026 14:30:58","49930","Information","MSSQL$BARTENDER","Parallel redo is shutdown for database 'Datastore' with worker pool size [4]."
"18-08-2026 14:30:58","49930","Information","MSSQL$BARTENDER","Parallel redo is started for database 'Datastore' with worker pool size [4]."
"18-08-2026 14:30:58","17137","Information","MSSQL$BARTENDER","Starting up database 'Datastore'."
"18-08-2026 14:30:58","17136","Information","MSSQL$BARTENDER","Clearing tempdb database."
"18-08-2026 14:30:58","17137","Information","MSSQL$BARTENDER","Starting up database 'model'."
"18-08-2026 14:30:58","26067","Information","MSSQL$BARTENDER","The SQL Server Network Interface library could not register the Service Principal Name (SPN) [ MSSQLSvc/LIND55MBVC4:49768 ] for the SQL Server service. Windows return code: 0xffffffff, state: 63. Failure to register a SPN might cause integrated authentication to use NTLM instead of Kerberos. This is an informational message. Further action is only required if Kerberos authentication is required by authentication policies and if the SPN has not been manually registered."
"18-08-2026 14:30:58","26067","Information","MSSQL$BARTENDER","The SQL Server Network Interface library could not register the Service Principal Name (SPN) [ MSSQLSvc/LIND55MBVC4:BARTENDER ] for the SQL Server service. Windows return code: 0xffffffff, state: 63. Failure to register a SPN might cause integrated authentication to use NTLM instead of Kerberos. This is an informational message. Further action is only required if Kerberos authentication is required by authentication policies and if the SPN has not been manually registered."
"18-08-2026 14:30:58","26076","Information","MSSQL$BARTENDER","SQL Server is attempting to register a Service Principal Name (SPN) for the SQL Server service. Kerberos authentication will not be possible until a SPN is registered for the SQL Server service. This is an informational message. No user action is required."
"18-08-2026 14:30:58","17126","Information","MSSQL$BARTENDER","SQL Server is now ready for client connections. This is an informational message; no user action is required."
"18-08-2026 14:30:58","17199","Information","MSSQL$BARTENDER","Dedicated administrator connection support was not started because it is disabled on this edition of SQL Server. If you want to use a dedicated administrator connection, restart SQL Server using the trace flag 7806. This is an informational message only. No user action is required."
"18-08-2026 14:30:58","26048","Information","MSSQL$BARTENDER","Server local connection provider is ready to accept connection on [ \\.\pipe\MSSQL$BARTENDER\sql\query ]."
"18-08-2026 14:30:58","26048","Information","MSSQL$BARTENDER","Server local connection provider is ready to accept connection on [ \\.\pipe\SQLLocal\BARTENDER ]."
"18-08-2026 14:30:58","26022","Information","MSSQL$BARTENDER","Server is listening on [ 'any' <ipv4> 49768]."
"18-08-2026 14:30:58","26022","Information","MSSQL$BARTENDER","Server is listening on [ 'any' <ipv6> 49768]."
"18-08-2026 14:30:58","26018","Information","MSSQL$BARTENDER","A self-generated certificate was successfully loaded for encryption."
"18-08-2026 14:30:58","958","Information","MSSQL$BARTENDER","The resource database build version is 15.00.2180. This is an informational message only. No user action is required."
"18-08-2026 14:30:58","17137","Information","MSSQL$BARTENDER","Starting up database 'mssqlsystemresource'."
"18-08-2026 14:30:58","17137","Information","MSSQL$BARTENDER","Starting up database 'msdb'."
"18-08-2026 14:30:58","17663","Information","MSSQL$BARTENDER","Server name is 'LIND55MBVC4\BARTENDER'. This is an informational message only. No user action is required."
"18-08-2026 14:30:58","19030","Information","MSSQL$BARTENDER","SQL Trace ID 1 was started by login ""sa""."
"18-08-2026 14:30:58","0","Information","Intel Graphics Software Service","Service started successfully."
"18-08-2026 14:30:58","33218","Information","MSSQL$BARTENDER","SQL Server Audit has started the audits. This is an informational message. No user action is required."
"18-08-2026 14:30:58","33217","Information","MSSQL$BARTENDER","SQL Server Audit is starting the audits. This is an informational message. No user action is required."
"18-08-2026 14:30:57","63","Warning","Microsoft-Windows-WMI","A provider, IntelMEProv, has been registered in the Windows Management Instrumentation namespace root\Intel_ME to use the LocalSystem account. This account is privileged and the provider may cause a security violation if it does not correctly impersonate user requests."
"18-08-2026 14:30:57","63","Warning","Microsoft-Windows-WMI","A provider, IntelMEProv, has been registered in the Windows Management Instrumentation namespace root\Intel_ME to use the LocalSystem account. This account is privileged and the provider may cause a security violation if it does not correctly impersonate user requests."
"18-08-2026 14:30:57","63","Warning","Microsoft-Windows-WMI","A provider, IntelMEProv, has been registered in the Windows Management Instrumentation namespace root\Intel_ME to use the LocalSystem account. This account is privileged and the provider may cause a security violation if it does not correctly impersonate user requests."
"18-08-2026 14:30:58","6253","Information","MSSQL$BARTENDER","Common language runtime (CLR) functionality initialized using CLR version v4.0.30319 from C:\Windows\Microsoft.NET\Framework64\v4.0.30319\."
"18-08-2026 14:30:58","17137","Information","MSSQL$BARTENDER","Starting up database 'master'."
"18-08-2026 14:30:58","49910","Information","MSSQL$BARTENDER","Software Usage Metrics is disabled."
"18-08-2026 14:30:58","9048","Information","MSSQL$BARTENDER","clwb is selected for pmem flush operation."
"18-08-2026 14:30:58","49921","Information","MSSQL$BARTENDER","Total Log Writer threads: 2. This is an informational message; no user action is required."
"18-08-2026 14:30:58","17118","Information","MSSQL$BARTENDER","Database Instant File Initialization: enabled. For security and performance considerations see the topic 'Database Instant File Initialization' in SQL Server Books Online. This is an informational message only. No user action is required."
"18-08-2026 14:30:57","17125","Information","MSSQL$BARTENDER","Using dynamic lock allocation.  Initial allocation of 2500 Lock blocks and 5000 Lock Owner blocks per node.  This is an informational message only.  No user action is required."
"18-08-2026 14:30:57","17152","Information","MSSQL$BARTENDER","Node configuration: node 0: CPU mask: 0x00000000000000ff:0 Active CPU mask: 0x00000000000000ff:0. This message provides a description of the NUMA configuration for this computer. This is an informational message only. No user action is required."
"18-08-2026 14:30:57","17176","Information","MSSQL$BARTENDER","This instance of SQL Server last reported using a process ID of 4612 at 18-08-2026 14:20:33 (local) 18-08-2026 08:50:33 (UTC). This is an informational message only; no user action is required."
"18-08-2026 14:30:57","17811","Information","MSSQL$BARTENDER","The maximum number of dedicated administrator connections for this instance is '1'"
"18-08-2026 14:30:57","873","Information","MSSQL$BARTENDER","Buffer pool extension is already disabled. No action is necessary."
"18-08-2026 14:30:57","2","Information","WMIRegistrationService","Intel(R) WMI Registration Service has successfully finished WMI Registration."
"18-08-2026 14:30:57","256","Information","Seagull XPML Server","Info WebServerBase::Run: Starting server on port 5130"
"18-08-2026 14:30:57","49917","Information","MSSQL$BARTENDER","Default collation: SQL_Latin1_General_CP1_CI_AS (us_english 1033)"
"18-08-2026 14:30:56","5617","Information","Microsoft-Windows-WMI","Windows Management Instrumentation Service subsystems initialized successfully"
"18-08-2026 14:30:56","894","Information","MSSQL$BARTENDER","Buffer Pool: Allocating 4194304 bytes for 2478080 hashPages."
"18-08-2026 14:30:56","852","Information","MSSQL$BARTENDER","Using conventional memory in the memory manager."
"18-08-2026 14:30:56","49903","Information","MSSQL$BARTENDER","Detected 15828 MB of RAM. This is an informational message; no user action is required."
"18-08-2026 14:30:56","17162","Information","MSSQL$BARTENDER","SQL Server is starting at normal priority base (=7). This is an informational message only. No user action is required."
"18-08-2026 14:30:56","17164","Information","MSSQL$BARTENDER","SQL Server detected 1 sockets with 7 cores per socket and 14 logical processors per socket, 14 total logical processors; using 8 logical processors based on SQL Server licensing. This is an informational message; no user action is required."
"18-08-2026 14:30:56","17115","Information","MSSQL$BARTENDER","Command Line Startup Parameters:
	 -s ""BARTENDER"""
"18-08-2026 14:30:56","17110","Information","MSSQL$BARTENDER","Registry startup parameters: 
	 -d C:\Program Files\Microsoft SQL Server\MSSQL15.BARTENDER\MSSQL\DATA\master.mdf
	 -e C:\Program Files\Microsoft SQL Server\MSSQL15.BARTENDER\MSSQL\Log\ERRORLOG
	 -l C:\Program Files\Microsoft SQL Server\MSSQL15.BARTENDER\MSSQL\DATA\mastlog.ldf"
"18-08-2026 14:30:56","49904","Information","MSSQL$BARTENDER","The service account is 'WORKGROUP\LIND55MBVC4$'. This is an informational message; no user action is required."
"18-08-2026 14:30:56","17111","Information","MSSQL$BARTENDER","Logging SQL Server messages in file 'C:\Program Files\Microsoft SQL Server\MSSQL15.BARTENDER\MSSQL\Log\ERRORLOG'."
"18-08-2026 14:30:56","15268","Information","MSSQL$BARTENDER","Authentication mode is WINDOWS-ONLY."
"18-08-2026 14:30:56","18496","Information","MSSQL$BARTENDER","System Manufacturer: 'Dell Inc.', System Model: 'Dell Pro 14 Plus PB14250'."
"18-08-2026 14:30:56","17104","Information","MSSQL$BARTENDER","Server process ID is 4828."
"18-08-2026 14:30:56","17103","Information","MSSQL$BARTENDER","All rights reserved."
"18-08-2026 14:30:56","17101","Information","MSSQL$BARTENDER","(c) Microsoft Corporation."
"18-08-2026 14:30:56","49916","Information","MSSQL$BARTENDER","UTC adjustment: 5:30"
"18-08-2026 14:30:56","17069","Information","MSSQL$BARTENDER","Microsoft SQL Server 2019 (RTM-GDR) (KB5102336) - 15.0.2180.2 (X64) 
	Jun 18 2026 18:09:53 
	Copyright (C) 2019 Microsoft Corporation
	Express Edition (64-bit) on Windows 10 Enterprise 10.0 <X64> (Build 26100: ) (Hypervisor)
"
"18-08-2026 14:30:56","2028","Information","Microsoft-Windows-MSMQ","The Message Queuing service started."
"18-08-2026 14:30:56","0","Information","IgoAudioService","Service started successfully."
"18-08-2026 14:30:54","5615","Information","Microsoft-Windows-WMI","Windows Management Instrumentation Service started sucessfully"
"18-08-2026 14:30:55","12","Information","SQLBrowser","The SQL Server Browser service has started."
"18-08-2026 14:30:55","16","Information","SQLBrowser","The SQL Server Browser is enabling SQL instance and connectivity discovery support."
"18-08-2026 14:30:54","0","Information","WMIRegistrationService","Intel(R) WMI Registration Service started."
"18-08-2026 14:30:53","1531","Information","Microsoft-Windows-User Profiles Service","The User Profile Service has started successfully.  

"
"18-08-2026 14:20:33","1532","Information","Microsoft-Windows-User Profiles Service","The User Profile Service has stopped.  

"
"18-08-2026 14:20:33","0","Information","Printer Maestro","Service has been successfully shut down."
"18-08-2026 14:20:33","0","Information","BarTender System Service","Service has been successfully shut down."
"18-08-2026 14:20:33","13","Information","SQLBrowser","The SQL Server Browser service has shutdown."
"18-08-2026 14:20:33","0","Information","Service","Service has been successfully shut down."
"18-08-2026 14:20:33","0","Information","LIND55MBVC4","Service has been successfully shut down."
"18-08-2026 14:20:33","17147","Information","MSSQL$BARTENDER","SQL Server is terminating because of a system shutdown. This is an informational message only. No user action is required."
"18-08-2026 14:20:16","0","Information","DellClientManagementService","Service command was processed successfully."
"18-08-2026 14:20:16","0","Information","DellClientManagementService","Service stopped successfully."
"18-08-2026 14:20:16","6000","Information","Microsoft-Windows-Winlogon","The winlogon notification subscriber <WSearch> was unavailable to handle a notification event."
"18-08-2026 14:20:14","0","Information","Application",
"18-08-2026 14:12:29","15","Information","SecurityCenter","Updated Windows Defender status successfully to SECURITY_PRODUCT_STATE_ON."
"18-08-2026 14:12:27","15","Information","SecurityCenter","Updated Windows Defender status successfully to SECURITY_PRODUCT_STATE_ON."
"18-08-2026 14:12:25","15","Information","SecurityCenter","Updated Windows Defender status successfully to SECURITY_PRODUCT_STATE_ON."
"18-08-2026 14:12:23","15","Information","SecurityCenter","Updated Windows Defender status successfully to SECURITY_PRODUCT_STATE_ON."
"18-08-2026 14:12:21","15","Information","SecurityCenter","Updated Windows Defender status successfully to SECURITY_PRODUCT_STATE_ON."
"18-08-2026 14:12:19","15","Information","SecurityCenter","Updated Windows Defender status successfully to SECURITY_PRODUCT_STATE_ON."
"18-08-2026 14:12:03","1001","Information","Windows Error Reporting","Fault bucket 0, type 4
Event Name: APPCRASH
Response: Not available
Cab Id: 0

Problem signature:
P1: MsMpEng.exe
P2: 4.18.26070.9
P3: 9a78fc05
P4: mpengine.dll
P5: 1.1.26070.7
P6: a09e75a9
P7: c0000005
P8: 000000000092e48b
P9: 
P10: 

Attached files:
\\?\C:\ProgramData\Microsoft\Windows\WER\Temp\WER.80c60fff-a300-4352-b65f-187756b7e21b.tmp.WERInternalMetadata.xml

These files may be available here:
\\?\C:\ProgramData\Microsoft\Windows\WER\ReportArchive\AppCrash_MsMpEng.exe_2b8b27ad72a997d91cc6b1e118d5898f6e3ee48_316246f6_4cb6cdf7-34cc-48c4-a6d4-2aa3afe20753

Analysis symbol: 
Rechecking for solution: 0
Report Id: c17d810f-9e26-4dd2-97e6-70c4867d196f
Report Status: 268435456
Hashed bucket: 0a304b8ff61415ebc1fe6df6ce06291c
Cab Guid: 0"
"18-08-2026 14:12:01","1001","Information","Windows Error Reporting","Fault bucket , type 0
Event Name: LiveKernelEvent
Response: Not available
Cab Id: 0

Problem signature:
P1: 193
P2: 80e
P3: ffffcf8aede16080
P4: ffffe3847ac44d70
P5: 0
P6: 10_0_26100
P7: 0_0
P8: 256_1
P9: 
P10: 

Attached files:
\\?\C:\Windows\LiveKernelReports\WATCHDOG\WATCHDOG-20260728-1739.dmp
\\?\C:\Windows\SystemTemp\WER-107417718-0.sysdata.xml
\\?\C:\ProgramData\Microsoft\Windows\WER\Temp\WER.a1bc6256-3f5c-4a2d-a9f0-6ec44cf0758d.tmp.xml

These files may be available here:
\\?\C:\ProgramData\Microsoft\Windows\WER\ReportQueue\Kernel_193_abd9cbf140bb5029fbabb5aa6c6c6f4af01df5bf_00000000_e47de6fb-dda6-43b7-95d8-4f271c908dcb

Analysis symbol: 
Rechecking for solution: 0
Report Id: e47de6fb-dda6-43b7-95d8-4f271c908dcb
Report Status: 2051
Hashed bucket: 
Cab Guid: 0"
"18-08-2026 14:12:01","1001","Information","Windows Error Reporting","Fault bucket , type 0
Event Name: LiveKernelEvent
Response: Not available
Cab Id: 0

Problem signature:
P1: 1b8
P2: a
P3: 0
P4: 0
P5: 0
P6: 10_0_26100
P7: 0_0
P8: 256_1
P9: 
P10: 

Attached files:
\\?\C:\Windows\LiveKernelReports\WATCHDOG4400\WATCHDOG4400-20260710-1300.dmp
\\?\C:\Windows\SystemTemp\WER-271939687-1.sysdata.xml
\\?\C:\ProgramData\Microsoft\Windows\WER\Temp\WER.276c67c4-a71e-4c67-814b-398383480957.tmp.WERInternalMetadata.xml
\\?\C:\ProgramData\Microsoft\Windows\WER\Temp\WER.45398fb5-7380-4396-8ea0-3bd53512c717.tmp.csv
\\?\C:\ProgramData\Microsoft\Windows\WER\Temp\WER.1ff4cbcb-ad49-4c05-b4f9-be4909d9c9f1.tmp.txt
\\?\C:\ProgramData\Microsoft\Windows\WER\Temp\WER.51bf8dab-e143-4be9-97b9-909d7b0fd11b.tmp.xml

These files may be available here:
\\?\C:\ProgramData\Microsoft\Windows\WER\ReportQueue\Kernel_1b8_8fa7e01760fd533c5dce8eb299b7ad27ad53e77_00000000_573d8d8f-c6bf-486a-b7db-af9469fa7aca

Analysis symbol: 
Rechecking for solution: 0
Report Id: 573d8d8f-c6bf-486a-b7db-af9469fa7aca
Report Status: 2051
Hashed bucket: 
Cab Guid: 0"
"18-08-2026 14:12:01","1001","Information","Windows Error Reporting","Fault bucket , type 0
Event Name: LiveKernelEvent
Response: Not available
Cab Id: 0

Problem signature:
P1: 1a8
P2: a
P3: 0
P4: 0
P5: 0
P6: 10_0_26100
P7: 0_0
P8: 256_1
P9: 
P10: 

Attached files:
\\?\C:\Windows\LiveKernelReports\WATCHDOG\WATCHDOG-20260710-1300.dmp
\\?\C:\Windows\SystemTemp\WER-271939578-0.sysdata.xml
\\?\C:\ProgramData\Microsoft\Windows\WER\Temp\WER.9d0f10c3-9411-4acf-bb31-6859c68be85c.tmp.WERInternalMetadata.xml
\\?\C:\ProgramData\Microsoft\Windows\WER\Temp\WER.92ebb8bc-f8a2-409d-bf16-af9d4e02171b.tmp.csv
\\?\C:\ProgramData\Microsoft\Windows\WER\Temp\WER.d6f5e5d3-6464-4bb3-bd6d-af4323b2bd28.tmp.txt
\\?\C:\ProgramData\Microsoft\Windows\WER\Temp\WER.bc08fce0-0a3b-4356-9c60-9d77cdfdf274.tmp.xml

These files may be available here:
\\?\C:\ProgramData\Microsoft\Windows\WER\ReportQueue\Kernel_1a8_3748bd66a7bb3ae96eac533a61a9ac86d47cc_00000000_ec33cea1-82be-4259-91f8-9fcce02ba34e

Analysis symbol: 
Rechecking for solution: 0
Report Id: ec33cea1-82be-4259-91f8-9fcce02ba34e
Report Status: 2051
Hashed bucket: 
Cab Guid: 0"
"18-08-2026 14:12:01","1001","Information","Windows Error Reporting","Fault bucket , type 0
Event Name: LiveKernelEvent
Response: Not available
Cab Id: 0

Problem signature:
P1: 1a8
P2: a
P3: 0
P4: 0
P5: 0
P6: 10_0_26100
P7: 0_0
P8: 256_1
P9: 
P10: 

Attached files:
\\?\C:\Windows\LiveKernelReports\WATCHDOG\WATCHDOG-20260605-1132.dmp
\\?\C:\Windows\SystemTemp\WER-177493781-0.sysdata.xml
\\?\C:\ProgramData\Microsoft\Windows\WER\Temp\WER.7d595a1e-be1a-407e-9129-15b129663d18.tmp.WERInternalMetadata.xml
\\?\C:\ProgramData\Microsoft\Windows\WER\Temp\WER.0154dcde-260d-47f6-832d-ba1ab90745a3.tmp.csv
\\?\C:\ProgramData\Microsoft\Windows\WER\Temp\WER.3732cf1d-0f98-4752-a7b8-001c99f4d464.tmp.txt
\\?\C:\ProgramData\Microsoft\Windows\WER\Temp\WER.e778fd5f-f183-48dc-b2de-6998ab6638a1.tmp.xml

These files may be available here:
\\?\C:\ProgramData\Microsoft\Windows\WER\ReportQueue\Kernel_1a8_3748bd66a7bb3ae96eac533a61a9ac86d47cc_00000000_a2e929d0-2850-4380-898f-4dfd04c05c39

Analysis symbol: 
Rechecking for solution: 0
Report Id: a2e929d0-2850-4380-898f-4dfd04c05c39
Report Status: 2051
Hashed bucket: 
Cab Guid: 0"
"18-08-2026 14:12:01","1001","Information","Windows Error Reporting","Fault bucket , type 0
Event Name: LiveKernelEvent
Response: Not available
Cab Id: 0

Problem signature:
P1: 193
P2: 80e
P3: ffffa38c64a87080
P4: ffff8185b6ddaa20
P5: 0
P6: 10_0_26100
P7: 0_0
P8: 256_1
P9: 
P10: 

Attached files:
\\?\C:\Windows\LiveKernelReports\WATCHDOG\WATCHDOG-20260527-1052.dmp
\\?\C:\Windows\SystemTemp\WER-179535468-0.sysdata.xml
\\?\C:\ProgramData\Microsoft\Windows\WER\Temp\WER.ea643868-0ea8-4456-a323-8794ddfd284d.tmp.WERInternalMetadata.xml
\\?\C:\ProgramData\Microsoft\Windows\WER\Temp\WER.ee1fbebe-01de-4b58-b48a-010b870da1f5.tmp.csv
\\?\C:\ProgramData\Microsoft\Windows\WER\Temp\WER.426194b9-5279-4657-88b5-d2386d90185c.tmp.txt
\\?\C:\ProgramData\Microsoft\Windows\WER\Temp\WER.b587805b-274c-429e-b6fc-ba363711d14a.tmp.xml

These files may be available here:
\\?\C:\ProgramData\Microsoft\Windows\WER\ReportQueue\Kernel_193_fde6ca7bf15cd6bced14410b0b1972a766aba_00000000_ab53bcfd-f0a6-4eec-897b-bdc111b0593d

Analysis symbol: 
Rechecking for solution: 0
Report Id: ab53bcfd-f0a6-4eec-897b-bdc111b0593d
Report Status: 2051
Hashed bucket: 
Cab Guid: 0"
"18-08-2026 14:12:00","1001","Information","Windows Error Reporting","Fault bucket , type 0
Event Name: APPCRASH
Response: Not available
Cab Id: 0

Problem signature:
P1: MsMpEng.exe
P2: 4.18.26070.9
P3: 9a78fc05
P4: mpengine.dll
P5: 1.1.26070.7
P6: a09e75a9
P7: c0000005
P8: 000000000092e48b
P9: 
P10: 

Attached files:

These files may be available here:
\\?\C:\ProgramData\Microsoft\Windows\WER\ReportQueue\AppCrash_MsMpEng.exe_2b8b27ad72a997d91cc6b1e118d5898f6e3ee48_316246f6_4cb6cdf7-34cc-48c4-a6d4-2aa3afe20753

Analysis symbol: 
Rechecking for solution: 0
Report Id: c17d810f-9e26-4dd2-97e6-70c4867d196f
Report Status: 4
Hashed bucket: 
Cab Guid: 0"
"18-08-2026 14:11:50","15","Information","SecurityCenter","Updated Windows Defender status successfully to SECURITY_PRODUCT_STATE_ON."
"18-08-2026 14:11:47","15","Information","SecurityCenter","Updated Windows Defender status successfully to SECURITY_PRODUCT_STATE_ON."
"18-08-2026 14:11:45","15","Information","SecurityCenter","Updated Windows Defender status successfully to SECURITY_PRODUCT_STATE_ON."
"18-08-2026 14:11:42","16384","Information","Microsoft-Windows-Security-SPP","Successfully scheduled Software Protection service for re-start at 2126-07-25T08:41:42Z. Reason: RulesEngine."
"18-08-2026 14:11:42","15","Information","SecurityCenter","Updated Windows Defender status successfully to SECURITY_PRODUCT_STATE_ON."
"18-08-2026 14:11:40","15","Information","SecurityCenter","Updated Windows Defender status successfully to SECURITY_PRODUCT_STATE_ON."
"18-08-2026 14:11:38","15","Information","SecurityCenter","Updated Windows Defender status successfully to SECURITY_PRODUCT_STATE_ON."
"18-08-2026 14:11:36","1000","Error","Application Error","Faulting application name: MsMpEng.exe, version: 4.18.26070.9, time stamp: 0x9a78fc05
Faulting module name: mpengine.dll, version: 1.1.26070.7, time stamp: 0xa09e75a9
Exception code: 0xc0000005
Fault offset: 0x000000000092e48b
Faulting process id: 0x1284
Faulting application start time: 0x1DD2ECE46CEE47C
Faulting application path: C:\ProgramData\Microsoft\Windows Defender\Platform\4.18.26070.9-0\MsMpEng.exe
Faulting module path: C:\ProgramData\Microsoft\Windows Defender\Definition Updates\{963F1F3B-CA03-4FB1-9D33-3F52DEC47426}\mpengine.dll
Report Id: c17d810f-9e26-4dd2-97e6-70c4867d196f
Faulting package full name: 
Faulting package-relative application ID: "
