"19-08-2026 00:26:12","16394","Information","Microsoft-Windows-Security-SPP","Offline downlevel migration succeeded."
"19-08-2026 00:26:07","1001","Information","Windows Error Reporting","Fault bucket , type 0
Event Name: LiveKernelEvent
Response: Not available
Cab Id: 0

Problem signature:
P1: 193
P2: 80e
P3: ffffcf8aede16080
P4: ffffe3847ac44d70
P5: 0
P6: 10_0_26100
P7: 0_0
P8: 256_1
P9: 
P10: 

Attached files:
\\?\C:\Windows\LiveKernelReports\WATCHDOG\WATCHDOG-20260728-1739.dmp
\\?\C:\Windows\SystemTemp\WER-107417718-0.sysdata.xml
\\?\C:\ProgramData\Microsoft\Windows\WER\Temp\WER.a1bc6256-3f5c-4a2d-a9f0-6ec44cf0758d.tmp.xml

These files may be available here:
\\?\C:\ProgramData\Microsoft\Windows\WER\ReportQueue\Kernel_193_abd9cbf140bb5029fbabb5aa6c6c6f4af01df5bf_00000000_e47de6fb-dda6-43b7-95d8-4f271c908dcb

Analysis symbol: 
Rechecking for solution: 0
Report Id: e47de6fb-dda6-43b7-95d8-4f271c908dcb
Report Status: 2051
Hashed bucket: 
Cab Guid: 0"
"19-08-2026 00:26:07","1001","Information","Windows Error Reporting","Fault bucket , type 0
Event Name: LiveKernelEvent
Response: Not available
Cab Id: 0

Problem signature:
P1: 1b8
P2: a
P3: 0
P4: 0
P5: 0
P6: 10_0_26100
P7: 0_0
P8: 256_1
P9: 
P10: 

Attached files:
\\?\C:\Windows\LiveKernelReports\WATCHDOG4400\WATCHDOG4400-20260710-1300.dmp
\\?\C:\Windows\SystemTemp\WER-271939687-1.sysdata.xml
\\?\C:\ProgramData\Microsoft\Windows\WER\Temp\WER.276c67c4-a71e-4c67-814b-398383480957.tmp.WERInternalMetadata.xml
\\?\C:\ProgramData\Microsoft\Windows\WER\Temp\WER.45398fb5-7380-4396-8ea0-3bd53512c717.tmp.csv
\\?\C:\ProgramData\Microsoft\Windows\WER\Temp\WER.1ff4cbcb-ad49-4c05-b4f9-be4909d9c9f1.tmp.txt
\\?\C:\ProgramData\Microsoft\Windows\WER\Temp\WER.51bf8dab-e143-4be9-97b9-909d7b0fd11b.tmp.xml

These files may be available here:
\\?\C:\ProgramData\Microsoft\Windows\WER\ReportQueue\Kernel_1b8_8fa7e01760fd533c5dce8eb299b7ad27ad53e77_00000000_573d8d8f-c6bf-486a-b7db-af9469fa7aca

Analysis symbol: 
Rechecking for solution: 0
Report Id: 573d8d8f-c6bf-486a-b7db-af9469fa7aca
Report Status: 2051
Hashed bucket: 
Cab Guid: 0"
"19-08-2026 00:26:06","1001","Information","Windows Error Reporting","Fault bucket , type 0
Event Name: LiveKernelEvent
Response: Not available
Cab Id: 0

Problem signature:
P1: 1a8
P2: a
P3: 0
P4: 0
P5: 0
P6: 10_0_26100
P7: 0_0
P8: 256_1
P9: 
P10: 

Attached files:
\\?\C:\Windows\LiveKernelReports\WATCHDOG\WATCHDOG-20260710-1300.dmp
\\?\C:\Windows\SystemTemp\WER-271939578-0.sysdata.xml
\\?\C:\ProgramData\Microsoft\Windows\WER\Temp\WER.9d0f10c3-9411-4acf-bb31-6859c68be85c.tmp.WERInternalMetadata.xml
\\?\C:\ProgramData\Microsoft\Windows\WER\Temp\WER.92ebb8bc-f8a2-409d-bf16-af9d4e02171b.tmp.csv
\\?\C:\ProgramData\Microsoft\Windows\WER\Temp\WER.d6f5e5d3-6464-4bb3-bd6d-af4323b2bd28.tmp.txt
\\?\C:\ProgramData\Microsoft\Windows\WER\Temp\WER.bc08fce0-0a3b-4356-9c60-9d77cdfdf274.tmp.xml

These files may be available here:
\\?\C:\ProgramData\Microsoft\Windows\WER\ReportQueue\Kernel_1a8_3748bd66a7bb3ae96eac533a61a9ac86d47cc_00000000_ec33cea1-82be-4259-91f8-9fcce02ba34e

Analysis symbol: 
Rechecking for solution: 0
Report Id: ec33cea1-82be-4259-91f8-9fcce02ba34e
Report Status: 2051
Hashed bucket: 
Cab Guid: 0"
"19-08-2026 00:26:06","1001","Information","Windows Error Reporting","Fault bucket , type 0
Event Name: LiveKernelEvent
Response: Not available
Cab Id: 0

Problem signature:
P1: 1a8
P2: a
P3: 0
P4: 0
P5: 0
P6: 10_0_26100
P7: 0_0
P8: 256_1
P9: 
P10: 

Attached files:
\\?\C:\Windows\LiveKernelReports\WATCHDOG\WATCHDOG-20260605-1132.dmp
\\?\C:\Windows\SystemTemp\WER-177493781-0.sysdata.xml
\\?\C:\ProgramData\Microsoft\Windows\WER\Temp\WER.7d595a1e-be1a-407e-9129-15b129663d18.tmp.WERInternalMetadata.xml
\\?\C:\ProgramData\Microsoft\Windows\WER\Temp\WER.0154dcde-260d-47f6-832d-ba1ab90745a3.tmp.csv
\\?\C:\ProgramData\Microsoft\Windows\WER\Temp\WER.3732cf1d-0f98-4752-a7b8-001c99f4d464.tmp.txt
\\?\C:\ProgramData\Microsoft\Windows\WER\Temp\WER.e778fd5f-f183-48dc-b2de-6998ab6638a1.tmp.xml

These files may be available here:
\\?\C:\ProgramData\Microsoft\Windows\WER\ReportQueue\Kernel_1a8_3748bd66a7bb3ae96eac533a61a9ac86d47cc_00000000_a2e929d0-2850-4380-898f-4dfd04c05c39

Analysis symbol: 
Rechecking for solution: 0
Report Id: a2e929d0-2850-4380-898f-4dfd04c05c39
Report Status: 2051
Hashed bucket: 
Cab Guid: 0"
"19-08-2026 00:26:06","1001","Information","Windows Error Reporting","Fault bucket , type 0
Event Name: LiveKernelEvent
Response: Not available
Cab Id: 0

Problem signature:
P1: 193
P2: 80e
P3: ffffa38c64a87080
P4: ffff8185b6ddaa20
P5: 0
P6: 10_0_26100
P7: 0_0
P8: 256_1
P9: 
P10: 

Attached files:
\\?\C:\Windows\LiveKernelReports\WATCHDOG\WATCHDOG-20260527-1052.dmp
\\?\C:\Windows\SystemTemp\WER-179535468-0.sysdata.xml
\\?\C:\ProgramData\Microsoft\Windows\WER\Temp\WER.ea643868-0ea8-4456-a323-8794ddfd284d.tmp.WERInternalMetadata.xml
\\?\C:\ProgramData\Microsoft\Windows\WER\Temp\WER.ee1fbebe-01de-4b58-b48a-010b870da1f5.tmp.csv
\\?\C:\ProgramData\Microsoft\Windows\WER\Temp\WER.426194b9-5279-4657-88b5-d2386d90185c.tmp.txt
\\?\C:\ProgramData\Microsoft\Windows\WER\Temp\WER.b587805b-274c-429e-b6fc-ba363711d14a.tmp.xml

These files may be available here:
\\?\C:\ProgramData\Microsoft\Windows\WER\ReportQueue\Kernel_193_fde6ca7bf15cd6bced14410b0b1972a766aba_00000000_ab53bcfd-f0a6-4eec-897b-bdc111b0593d

Analysis symbol: 
Rechecking for solution: 0
Report Id: ab53bcfd-f0a6-4eec-897b-bdc111b0593d
Report Status: 2051
Hashed bucket: 
Cab Guid: 0"
"19-08-2026 00:26:06","1001","Information","Windows Error Reporting","Fault bucket , type 0
Event Name: LiveKernelEvent
Response: Not available
Cab Id: 0

Problem signature:
P1: 193
P2: 80e
P3: ffffcf8aede16080
P4: ffffe3847ac44d70
P5: 0
P6: 10_0_26100
P7: 0_0
P8: 256_1
P9: 
P10: 

Attached files:
\\?\C:\Windows\LiveKernelReports\WATCHDOG\WATCHDOG-20260728-1739.dmp
\\?\C:\Windows\SystemTemp\WER-107417718-0.sysdata.xml
\\?\C:\ProgramData\Microsoft\Windows\WER\Temp\WER.a1bc6256-3f5c-4a2d-a9f0-6ec44cf0758d.tmp.xml

These files may be available here:
\\?\C:\ProgramData\Microsoft\Windows\WER\ReportQueue\Kernel_193_abd9cbf140bb5029fbabb5aa6c6c6f4af01df5bf_00000000_e47de6fb-dda6-43b7-95d8-4f271c908dcb

Analysis symbol: 
Rechecking for solution: 0
Report Id: e47de6fb-dda6-43b7-95d8-4f271c908dcb
Report Status: 2051
Hashed bucket: 
Cab Guid: 0"
"19-08-2026 00:26:05","1001","Information","Windows Error Reporting","Fault bucket , type 0
Event Name: LiveKernelEvent
Response: Not available
Cab Id: 0

Problem signature:
P1: 1b8
P2: a
P3: 0
P4: 0
P5: 0
P6: 10_0_26100
P7: 0_0
P8: 256_1
P9: 
P10: 

Attached files:
\\?\C:\Windows\LiveKernelReports\WATCHDOG4400\WATCHDOG4400-20260710-1300.dmp
\\?\C:\Windows\SystemTemp\WER-271939687-1.sysdata.xml
\\?\C:\ProgramData\Microsoft\Windows\WER\Temp\WER.276c67c4-a71e-4c67-814b-398383480957.tmp.WERInternalMetadata.xml
\\?\C:\ProgramData\Microsoft\Windows\WER\Temp\WER.45398fb5-7380-4396-8ea0-3bd53512c717.tmp.csv
\\?\C:\ProgramData\Microsoft\Windows\WER\Temp\WER.1ff4cbcb-ad49-4c05-b4f9-be4909d9c9f1.tmp.txt
\\?\C:\ProgramData\Microsoft\Windows\WER\Temp\WER.51bf8dab-e143-4be9-97b9-909d7b0fd11b.tmp.xml

These files may be available here:
\\?\C:\ProgramData\Microsoft\Windows\WER\ReportQueue\Kernel_1b8_8fa7e01760fd533c5dce8eb299b7ad27ad53e77_00000000_573d8d8f-c6bf-486a-b7db-af9469fa7aca

Analysis symbol: 
Rechecking for solution: 0
Report Id: 573d8d8f-c6bf-486a-b7db-af9469fa7aca
Report Status: 2051
Hashed bucket: 
Cab Guid: 0"
"19-08-2026 00:26:05","1001","Information","Windows Error Reporting","Fault bucket , type 0
Event Name: LiveKernelEvent
Response: Not available
Cab Id: 0

Problem signature:
P1: 1a8
P2: a
P3: 0
P4: 0
P5: 0
P6: 10_0_26100
P7: 0_0
P8: 256_1
P9: 
P10: 

Attached files:
\\?\C:\Windows\LiveKernelReports\WATCHDOG\WATCHDOG-20260710-1300.dmp
\\?\C:\Windows\SystemTemp\WER-271939578-0.sysdata.xml
\\?\C:\ProgramData\Microsoft\Windows\WER\Temp\WER.9d0f10c3-9411-4acf-bb31-6859c68be85c.tmp.WERInternalMetadata.xml
\\?\C:\ProgramData\Microsoft\Windows\WER\Temp\WER.92ebb8bc-f8a2-409d-bf16-af9d4e02171b.tmp.csv
\\?\C:\ProgramData\Microsoft\Windows\WER\Temp\WER.d6f5e5d3-6464-4bb3-bd6d-af4323b2bd28.tmp.txt
\\?\C:\ProgramData\Microsoft\Windows\WER\Temp\WER.bc08fce0-0a3b-4356-9c60-9d77cdfdf274.tmp.xml

These files may be available here:
\\?\C:\ProgramData\Microsoft\Windows\WER\ReportQueue\Kernel_1a8_3748bd66a7bb3ae96eac533a61a9ac86d47cc_00000000_ec33cea1-82be-4259-91f8-9fcce02ba34e

Analysis symbol: 
Rechecking for solution: 0
Report Id: ec33cea1-82be-4259-91f8-9fcce02ba34e
Report Status: 2051
Hashed bucket: 
Cab Guid: 0"
"19-08-2026 00:26:05","1001","Information","Windows Error Reporting","Fault bucket , type 0
Event Name: LiveKernelEvent
Response: Not available
Cab Id: 0

Problem signature:
P1: 1a8
P2: a
P3: 0
P4: 0
P5: 0
P6: 10_0_26100
P7: 0_0
P8: 256_1
P9: 
P10: 

Attached files:
\\?\C:\Windows\LiveKernelReports\WATCHDOG\WATCHDOG-20260605-1132.dmp
\\?\C:\Windows\SystemTemp\WER-177493781-0.sysdata.xml
\\?\C:\ProgramData\Microsoft\Windows\WER\Temp\WER.7d595a1e-be1a-407e-9129-15b129663d18.tmp.WERInternalMetadata.xml
\\?\C:\ProgramData\Microsoft\Windows\WER\Temp\WER.0154dcde-260d-47f6-832d-ba1ab90745a3.tmp.csv
\\?\C:\ProgramData\Microsoft\Windows\WER\Temp\WER.3732cf1d-0f98-4752-a7b8-001c99f4d464.tmp.txt
\\?\C:\ProgramData\Microsoft\Windows\WER\Temp\WER.e778fd5f-f183-48dc-b2de-6998ab6638a1.tmp.xml

These files may be available here:
\\?\C:\ProgramData\Microsoft\Windows\WER\ReportQueue\Kernel_1a8_3748bd66a7bb3ae96eac533a61a9ac86d47cc_00000000_a2e929d0-2850-4380-898f-4dfd04c05c39

Analysis symbol: 
Rechecking for solution: 0
Report Id: a2e929d0-2850-4380-898f-4dfd04c05c39
Report Status: 2051
Hashed bucket: 
Cab Guid: 0"
"19-08-2026 00:26:04","1001","Information","Windows Error Reporting","Fault bucket , type 0
Event Name: LiveKernelEvent
Response: Not available
Cab Id: 0

Problem signature:
P1: 193
P2: 80e
P3: ffffa38c64a87080
P4: ffff8185b6ddaa20
P5: 0
P6: 10_0_26100
P7: 0_0
P8: 256_1
P9: 
P10: 

Attached files:
\\?\C:\Windows\LiveKernelReports\WATCHDOG\WATCHDOG-20260527-1052.dmp
\\?\C:\Windows\SystemTemp\WER-179535468-0.sysdata.xml
\\?\C:\ProgramData\Microsoft\Windows\WER\Temp\WER.ea643868-0ea8-4456-a323-8794ddfd284d.tmp.WERInternalMetadata.xml
\\?\C:\ProgramData\Microsoft\Windows\WER\Temp\WER.ee1fbebe-01de-4b58-b48a-010b870da1f5.tmp.csv
\\?\C:\ProgramData\Microsoft\Windows\WER\Temp\WER.426194b9-5279-4657-88b5-d2386d90185c.tmp.txt
\\?\C:\ProgramData\Microsoft\Windows\WER\Temp\WER.b587805b-274c-429e-b6fc-ba363711d14a.tmp.xml

These files may be available here:
\\?\C:\ProgramData\Microsoft\Windows\WER\ReportQueue\Kernel_193_fde6ca7bf15cd6bced14410b0b1972a766aba_00000000_ab53bcfd-f0a6-4eec-897b-bdc111b0593d

Analysis symbol: 
Rechecking for solution: 0
Report Id: ab53bcfd-f0a6-4eec-897b-bdc111b0593d
Report Status: 2051
Hashed bucket: 
Cab Guid: 0"
"18-08-2026 19:08:18","1001","Information","Windows Error Reporting","Fault bucket , type 0
Event Name: LiveKernelEvent
Response: Not available
Cab Id: 0

Problem signature:
P1: 193
P2: 80e
P3: ffffcf8aede16080
P4: ffffe3847ac44d70
P5: 0
P6: 10_0_26100
P7: 0_0
P8: 256_1
P9: 
P10: 

Attached files:
\\?\C:\Windows\LiveKernelReports\WATCHDOG\WATCHDOG-20260728-1739.dmp
\\?\C:\Windows\SystemTemp\WER-107417718-0.sysdata.xml
\\?\C:\ProgramData\Microsoft\Windows\WER\Temp\WER.a1bc6256-3f5c-4a2d-a9f0-6ec44cf0758d.tmp.xml

These files may be available here:
\\?\C:\ProgramData\Microsoft\Windows\WER\ReportQueue\Kernel_193_abd9cbf140bb5029fbabb5aa6c6c6f4af01df5bf_00000000_e47de6fb-dda6-43b7-95d8-4f271c908dcb

Analysis symbol: 
Rechecking for solution: 0
Report Id: e47de6fb-dda6-43b7-95d8-4f271c908dcb
Report Status: 2051
Hashed bucket: 
Cab Guid: 0"
"18-08-2026 19:08:18","1001","Information","Windows Error Reporting","Fault bucket , type 0
Event Name: LiveKernelEvent
Response: Not available
Cab Id: 0

Problem signature:
P1: 1b8
P2: a
P3: 0
P4: 0
P5: 0
P6: 10_0_26100
P7: 0_0
P8: 256_1
P9: 
P10: 

Attached files:
\\?\C:\Windows\LiveKernelReports\WATCHDOG4400\WATCHDOG4400-20260710-1300.dmp
\\?\C:\Windows\SystemTemp\WER-271939687-1.sysdata.xml
\\?\C:\ProgramData\Microsoft\Windows\WER\Temp\WER.276c67c4-a71e-4c67-814b-398383480957.tmp.WERInternalMetadata.xml
\\?\C:\ProgramData\Microsoft\Windows\WER\Temp\WER.45398fb5-7380-4396-8ea0-3bd53512c717.tmp.csv
\\?\C:\ProgramData\Microsoft\Windows\WER\Temp\WER.1ff4cbcb-ad49-4c05-b4f9-be4909d9c9f1.tmp.txt
\\?\C:\ProgramData\Microsoft\Windows\WER\Temp\WER.51bf8dab-e143-4be9-97b9-909d7b0fd11b.tmp.xml

These files may be available here:
\\?\C:\ProgramData\Microsoft\Windows\WER\ReportQueue\Kernel_1b8_8fa7e01760fd533c5dce8eb299b7ad27ad53e77_00000000_573d8d8f-c6bf-486a-b7db-af9469fa7aca

Analysis symbol: 
Rechecking for solution: 0
Report Id: 573d8d8f-c6bf-486a-b7db-af9469fa7aca
Report Status: 2051
Hashed bucket: 
Cab Guid: 0"
"18-08-2026 19:08:18","1001","Information","Windows Error Reporting","Fault bucket , type 0
Event Name: LiveKernelEvent
Response: Not available
Cab Id: 0

Problem signature:
P1: 1a8
P2: a
P3: 0
P4: 0
P5: 0
P6: 10_0_26100
P7: 0_0
P8: 256_1
P9: 
P10: 

Attached files:
\\?\C:\Windows\LiveKernelReports\WATCHDOG\WATCHDOG-20260710-1300.dmp
\\?\C:\Windows\SystemTemp\WER-271939578-0.sysdata.xml
\\?\C:\ProgramData\Microsoft\Windows\WER\Temp\WER.9d0f10c3-9411-4acf-bb31-6859c68be85c.tmp.WERInternalMetadata.xml
\\?\C:\ProgramData\Microsoft\Windows\WER\Temp\WER.92ebb8bc-f8a2-409d-bf16-af9d4e02171b.tmp.csv
\\?\C:\ProgramData\Microsoft\Windows\WER\Temp\WER.d6f5e5d3-6464-4bb3-bd6d-af4323b2bd28.tmp.txt
\\?\C:\ProgramData\Microsoft\Windows\WER\Temp\WER.bc08fce0-0a3b-4356-9c60-9d77cdfdf274.tmp.xml

These files may be available here:
\\?\C:\ProgramData\Microsoft\Windows\WER\ReportQueue\Kernel_1a8_3748bd66a7bb3ae96eac533a61a9ac86d47cc_00000000_ec33cea1-82be-4259-91f8-9fcce02ba34e

Analysis symbol: 
Rechecking for solution: 0
Report Id: ec33cea1-82be-4259-91f8-9fcce02ba34e
Report Status: 2051
Hashed bucket: 
Cab Guid: 0"
"18-08-2026 19:08:18","1001","Information","Windows Error Reporting","Fault bucket , type 0
Event Name: LiveKernelEvent
Response: Not available
Cab Id: 0

Problem signature:
P1: 1a8
P2: a
P3: 0
P4: 0
P5: 0
P6: 10_0_26100
P7: 0_0
P8: 256_1
P9: 
P10: 

Attached files:
\\?\C:\Windows\LiveKernelReports\WATCHDOG\WATCHDOG-20260605-1132.dmp
\\?\C:\Windows\SystemTemp\WER-177493781-0.sysdata.xml
\\?\C:\ProgramData\Microsoft\Windows\WER\Temp\WER.7d595a1e-be1a-407e-9129-15b129663d18.tmp.WERInternalMetadata.xml
\\?\C:\ProgramData\Microsoft\Windows\WER\Temp\WER.0154dcde-260d-47f6-832d-ba1ab90745a3.tmp.csv
\\?\C:\ProgramData\Microsoft\Windows\WER\Temp\WER.3732cf1d-0f98-4752-a7b8-001c99f4d464.tmp.txt
\\?\C:\ProgramData\Microsoft\Windows\WER\Temp\WER.e778fd5f-f183-48dc-b2de-6998ab6638a1.tmp.xml

These files may be available here:
\\?\C:\ProgramData\Microsoft\Windows\WER\ReportQueue\Kernel_1a8_3748bd66a7bb3ae96eac533a61a9ac86d47cc_00000000_a2e929d0-2850-4380-898f-4dfd04c05c39

Analysis symbol: 
Rechecking for solution: 0
Report Id: a2e929d0-2850-4380-898f-4dfd04c05c39
Report Status: 2051
Hashed bucket: 
Cab Guid: 0"
"18-08-2026 19:08:17","1001","Information","Windows Error Reporting","Fault bucket , type 0
Event Name: LiveKernelEvent
Response: Not available
Cab Id: 0

Problem signature:
P1: 193
P2: 80e
P3: ffffa38c64a87080
P4: ffff8185b6ddaa20
P5: 0
P6: 10_0_26100
P7: 0_0
P8: 256_1
P9: 
P10: 

Attached files:
\\?\C:\Windows\LiveKernelReports\WATCHDOG\WATCHDOG-20260527-1052.dmp
\\?\C:\Windows\SystemTemp\WER-179535468-0.sysdata.xml
\\?\C:\ProgramData\Microsoft\Windows\WER\Temp\WER.ea643868-0ea8-4456-a323-8794ddfd284d.tmp.WERInternalMetadata.xml
\\?\C:\ProgramData\Microsoft\Windows\WER\Temp\WER.ee1fbebe-01de-4b58-b48a-010b870da1f5.tmp.csv
\\?\C:\ProgramData\Microsoft\Windows\WER\Temp\WER.426194b9-5279-4657-88b5-d2386d90185c.tmp.txt
\\?\C:\ProgramData\Microsoft\Windows\WER\Temp\WER.b587805b-274c-429e-b6fc-ba363711d14a.tmp.xml

These files may be available here:
\\?\C:\ProgramData\Microsoft\Windows\WER\ReportQueue\Kernel_193_fde6ca7bf15cd6bced14410b0b1972a766aba_00000000_ab53bcfd-f0a6-4eec-897b-bdc111b0593d

Analysis symbol: 
Rechecking for solution: 0
Report Id: ab53bcfd-f0a6-4eec-897b-bdc111b0593d
Report Status: 2051
Hashed bucket: 
Cab Guid: 0"
"18-08-2026 19:08:14","16384","Information","Microsoft-Windows-Security-SPP","Successfully scheduled Software Protection service for re-start at 2126-07-25T13:38:14Z. Reason: RulesEngine."
"18-08-2026 19:06:04","16394","Information","Microsoft-Windows-Security-SPP","Offline downlevel migration succeeded."
"18-08-2026 19:05:36","10001","Information","Microsoft-Windows-RestartManager","Ending session 1 started ‎2026‎-‎08‎-‎18T13:35:36.452841100Z."
"18-08-2026 19:05:36","10000","Information","Microsoft-Windows-RestartManager","Starting session 1 - ‎2026‎-‎08‎-‎18T13:35:36.452841100Z."
"18-08-2026 19:05:28","10001","Information","Microsoft-Windows-RestartManager","Ending session 1 started ‎2026‎-‎08‎-‎18T13:35:28.170589300Z."
"18-08-2026 19:05:28","10000","Information","Microsoft-Windows-RestartManager","Starting session 1 - ‎2026‎-‎08‎-‎18T13:35:28.170589300Z."
"18-08-2026 19:05:07","1001","Information","Windows Error Reporting","Fault bucket 0, type 5
Event Name: AppHangB1
Response: Not available
Cab Id: 0

Problem signature:
P1: powershell.exe
P2: 10.0.26100.8875
P3: 9074d625
P4: 6869
P5: 67246080
P6: 
P7: 
P8: 
P9: 
P10: 

Attached files:
\\?\C:\ProgramData\Microsoft\Windows\WER\Temp\WER.90cf2c29-37a7-4126-b212-2eed2967cca1.tmp.WERInternalMetadata.xml

These files may be available here:
\\?\C:\ProgramData\Microsoft\Windows\WER\ReportArchive\Critical_powershell.exe_4125646f1f4581f45cbd61da7f43f4e3d2ff87a_ad68a21d_79999d19-2672-471d-82bf-f3808ba28ffa

Analysis symbol: 
Rechecking for solution: 0
Report Id: b7b1fe83-ee52-4090-a66b-0f2d68a4ccaf
Report Status: 268435456
Hashed bucket: 3b617b7bbc97b9cb88647f77b0c03a30
Cab Guid: 0"
"18-08-2026 19:05:03","1001","Information","Windows Error Reporting","Fault bucket , type 0
Event Name: LiveKernelEvent
Response: Not available
Cab Id: 0

Problem signature:
P1: 193
P2: 80e
P3: ffffcf8aede16080
P4: ffffe3847ac44d70
P5: 0
P6: 10_0_26100
P7: 0_0
P8: 256_1
P9: 
P10: 

Attached files:
\\?\C:\Windows\LiveKernelReports\WATCHDOG\WATCHDOG-20260728-1739.dmp
\\?\C:\Windows\SystemTemp\WER-107417718-0.sysdata.xml
\\?\C:\ProgramData\Microsoft\Windows\WER\Temp\WER.a1bc6256-3f5c-4a2d-a9f0-6ec44cf0758d.tmp.xml

These files may be available here:
\\?\C:\ProgramData\Microsoft\Windows\WER\ReportQueue\Kernel_193_abd9cbf140bb5029fbabb5aa6c6c6f4af01df5bf_00000000_e47de6fb-dda6-43b7-95d8-4f271c908dcb

Analysis symbol: 
Rechecking for solution: 0
Report Id: e47de6fb-dda6-43b7-95d8-4f271c908dcb
Report Status: 2051
Hashed bucket: 
Cab Guid: 0"
"18-08-2026 19:05:03","1001","Information","Windows Error Reporting","Fault bucket , type 0
Event Name: LiveKernelEvent
Response: Not available
Cab Id: 0

Problem signature:
P1: 1b8
P2: a
P3: 0
P4: 0
P5: 0
P6: 10_0_26100
P7: 0_0
P8: 256_1
P9: 
P10: 

Attached files:
\\?\C:\Windows\LiveKernelReports\WATCHDOG4400\WATCHDOG4400-20260710-1300.dmp
\\?\C:\Windows\SystemTemp\WER-271939687-1.sysdata.xml
\\?\C:\ProgramData\Microsoft\Windows\WER\Temp\WER.276c67c4-a71e-4c67-814b-398383480957.tmp.WERInternalMetadata.xml
\\?\C:\ProgramData\Microsoft\Windows\WER\Temp\WER.45398fb5-7380-4396-8ea0-3bd53512c717.tmp.csv
\\?\C:\ProgramData\Microsoft\Windows\WER\Temp\WER.1ff4cbcb-ad49-4c05-b4f9-be4909d9c9f1.tmp.txt
\\?\C:\ProgramData\Microsoft\Windows\WER\Temp\WER.51bf8dab-e143-4be9-97b9-909d7b0fd11b.tmp.xml

These files may be available here:
\\?\C:\ProgramData\Microsoft\Windows\WER\ReportQueue\Kernel_1b8_8fa7e01760fd533c5dce8eb299b7ad27ad53e77_00000000_573d8d8f-c6bf-486a-b7db-af9469fa7aca

Analysis symbol: 
Rechecking for solution: 0
Report Id: 573d8d8f-c6bf-486a-b7db-af9469fa7aca
Report Status: 2051
Hashed bucket: 
Cab Guid: 0"
"18-08-2026 19:05:02","1001","Information","Windows Error Reporting","Fault bucket , type 0
Event Name: LiveKernelEvent
Response: Not available
Cab Id: 0

Problem signature:
P1: 1a8
P2: a
P3: 0
P4: 0
P5: 0
P6: 10_0_26100
P7: 0_0
P8: 256_1
P9: 
P10: 

Attached files:
\\?\C:\Windows\LiveKernelReports\WATCHDOG\WATCHDOG-20260710-1300.dmp
\\?\C:\Windows\SystemTemp\WER-271939578-0.sysdata.xml
\\?\C:\ProgramData\Microsoft\Windows\WER\Temp\WER.9d0f10c3-9411-4acf-bb31-6859c68be85c.tmp.WERInternalMetadata.xml
\\?\C:\ProgramData\Microsoft\Windows\WER\Temp\WER.92ebb8bc-f8a2-409d-bf16-af9d4e02171b.tmp.csv
\\?\C:\ProgramData\Microsoft\Windows\WER\Temp\WER.d6f5e5d3-6464-4bb3-bd6d-af4323b2bd28.tmp.txt
\\?\C:\ProgramData\Microsoft\Windows\WER\Temp\WER.bc08fce0-0a3b-4356-9c60-9d77cdfdf274.tmp.xml

These files may be available here:
\\?\C:\ProgramData\Microsoft\Windows\WER\ReportQueue\Kernel_1a8_3748bd66a7bb3ae96eac533a61a9ac86d47cc_00000000_ec33cea1-82be-4259-91f8-9fcce02ba34e

Analysis symbol: 
Rechecking for solution: 0
Report Id: ec33cea1-82be-4259-91f8-9fcce02ba34e
Report Status: 2051
Hashed bucket: 
Cab Guid: 0"
"18-08-2026 19:05:02","1001","Information","Windows Error Reporting","Fault bucket , type 0
Event Name: LiveKernelEvent
Response: Not available
Cab Id: 0

Problem signature:
P1: 1a8
P2: a
P3: 0
P4: 0
P5: 0
P6: 10_0_26100
P7: 0_0
P8: 256_1
P9: 
P10: 

Attached files:
\\?\C:\Windows\LiveKernelReports\WATCHDOG\WATCHDOG-20260605-1132.dmp
\\?\C:\Windows\SystemTemp\WER-177493781-0.sysdata.xml
\\?\C:\ProgramData\Microsoft\Windows\WER\Temp\WER.7d595a1e-be1a-407e-9129-15b129663d18.tmp.WERInternalMetadata.xml
\\?\C:\ProgramData\Microsoft\Windows\WER\Temp\WER.0154dcde-260d-47f6-832d-ba1ab90745a3.tmp.csv
\\?\C:\ProgramData\Microsoft\Windows\WER\Temp\WER.3732cf1d-0f98-4752-a7b8-001c99f4d464.tmp.txt
\\?\C:\ProgramData\Microsoft\Windows\WER\Temp\WER.e778fd5f-f183-48dc-b2de-6998ab6638a1.tmp.xml

These files may be available here:
\\?\C:\ProgramData\Microsoft\Windows\WER\ReportQueue\Kernel_1a8_3748bd66a7bb3ae96eac533a61a9ac86d47cc_00000000_a2e929d0-2850-4380-898f-4dfd04c05c39

Analysis symbol: 
Rechecking for solution: 0
Report Id: a2e929d0-2850-4380-898f-4dfd04c05c39
Report Status: 2051
Hashed bucket: 
Cab Guid: 0"
"18-08-2026 19:05:01","1001","Information","Windows Error Reporting","Fault bucket , type 0
Event Name: LiveKernelEvent
Response: Not available
Cab Id: 0

Problem signature:
P1: 193
P2: 80e
P3: ffffa38c64a87080
P4: ffff8185b6ddaa20
P5: 0
P6: 10_0_26100
P7: 0_0
P8: 256_1
P9: 
P10: 

Attached files:
\\?\C:\Windows\LiveKernelReports\WATCHDOG\WATCHDOG-20260527-1052.dmp
\\?\C:\Windows\SystemTemp\WER-179535468-0.sysdata.xml
\\?\C:\ProgramData\Microsoft\Windows\WER\Temp\WER.ea643868-0ea8-4456-a323-8794ddfd284d.tmp.WERInternalMetadata.xml
\\?\C:\ProgramData\Microsoft\Windows\WER\Temp\WER.ee1fbebe-01de-4b58-b48a-010b870da1f5.tmp.csv
\\?\C:\ProgramData\Microsoft\Windows\WER\Temp\WER.426194b9-5279-4657-88b5-d2386d90185c.tmp.txt
\\?\C:\ProgramData\Microsoft\Windows\WER\Temp\WER.b587805b-274c-429e-b6fc-ba363711d14a.tmp.xml

These files may be available here:
\\?\C:\ProgramData\Microsoft\Windows\WER\ReportQueue\Kernel_193_fde6ca7bf15cd6bced14410b0b1972a766aba_00000000_ab53bcfd-f0a6-4eec-897b-bdc111b0593d

Analysis symbol: 
Rechecking for solution: 0
Report Id: ab53bcfd-f0a6-4eec-897b-bdc111b0593d
Report Status: 2051
Hashed bucket: 
Cab Guid: 0"
"18-08-2026 19:05:00","1002","Error","Application Hang","The program powershell.exe version 10.0.26100.8875 stopped interacting with Windows and was closed. To see if more information about the problem is available, check the problem history in the Security and Maintenance control panel.
"
"18-08-2026 19:05:00","1001","Information","Windows Error Reporting","Fault bucket , type 0
Event Name: AppHangB1
Response: Not available
Cab Id: 0

Problem signature:
P1: powershell.exe
P2: 10.0.26100.8875
P3: 9074d625
P4: 6869
P5: 67246080
P6: 
P7: 
P8: 
P9: 
P10: 

Attached files:

These files may be available here:
\\?\C:\ProgramData\Microsoft\Windows\WER\ReportQueue\Critical_powershell.exe_4125646f1f4581f45cbd61da7f43f4e3d2ff87a_ad68a21d_79999d19-2672-471d-82bf-f3808ba28ffa

Analysis symbol: 
Rechecking for solution: 0
Report Id: b7b1fe83-ee52-4090-a66b-0f2d68a4ccaf
Report Status: 4
Hashed bucket: 
Cab Guid: 0"
"18-08-2026 18:43:49","0","Information","edgeupdate","Service stopped."
"18-08-2026 18:38:52","16384","Information","Microsoft-Windows-Security-SPP","Successfully scheduled Software Protection service for re-start at 2126-07-25T13:08:52Z. Reason: RulesEngine."
"18-08-2026 18:38:21","16394","Information","Microsoft-Windows-Security-SPP","Offline downlevel migration succeeded."
"18-08-2026 18:22:05","1001","Information","Windows Error Reporting","Fault bucket , type 0
Event Name: LiveKernelEvent
Response: Not available
Cab Id: 0

Problem signature:
P1: 193
P2: 80e
P3: ffffcf8aede16080
P4: ffffe3847ac44d70
P5: 0
P6: 10_0_26100
P7: 0_0
P8: 256_1
P9: 
P10: 

Attached files:
\\?\C:\Windows\LiveKernelReports\WATCHDOG\WATCHDOG-20260728-1739.dmp
\\?\C:\Windows\SystemTemp\WER-107417718-0.sysdata.xml
\\?\C:\ProgramData\Microsoft\Windows\WER\Temp\WER.a1bc6256-3f5c-4a2d-a9f0-6ec44cf0758d.tmp.xml

These files may be available here:
\\?\C:\ProgramData\Microsoft\Windows\WER\ReportQueue\Kernel_193_abd9cbf140bb5029fbabb5aa6c6c6f4af01df5bf_00000000_e47de6fb-dda6-43b7-95d8-4f271c908dcb

Analysis symbol: 
Rechecking for solution: 0
Report Id: e47de6fb-dda6-43b7-95d8-4f271c908dcb
Report Status: 2051
Hashed bucket: 
Cab Guid: 0"
"18-08-2026 18:22:05","1001","Information","Windows Error Reporting","Fault bucket , type 0
Event Name: LiveKernelEvent
Response: Not available
Cab Id: 0

Problem signature:
P1: 1b8
P2: a
P3: 0
P4: 0
P5: 0
P6: 10_0_26100
P7: 0_0
P8: 256_1
P9: 
P10: 

Attached files:
\\?\C:\Windows\LiveKernelReports\WATCHDOG4400\WATCHDOG4400-20260710-1300.dmp
\\?\C:\Windows\SystemTemp\WER-271939687-1.sysdata.xml
\\?\C:\ProgramData\Microsoft\Windows\WER\Temp\WER.276c67c4-a71e-4c67-814b-398383480957.tmp.WERInternalMetadata.xml
\\?\C:\ProgramData\Microsoft\Windows\WER\Temp\WER.45398fb5-7380-4396-8ea0-3bd53512c717.tmp.csv
\\?\C:\ProgramData\Microsoft\Windows\WER\Temp\WER.1ff4cbcb-ad49-4c05-b4f9-be4909d9c9f1.tmp.txt
\\?\C:\ProgramData\Microsoft\Windows\WER\Temp\WER.51bf8dab-e143-4be9-97b9-909d7b0fd11b.tmp.xml

These files may be available here:
\\?\C:\ProgramData\Microsoft\Windows\WER\ReportQueue\Kernel_1b8_8fa7e01760fd533c5dce8eb299b7ad27ad53e77_00000000_573d8d8f-c6bf-486a-b7db-af9469fa7aca

Analysis symbol: 
Rechecking for solution: 0
Report Id: 573d8d8f-c6bf-486a-b7db-af9469fa7aca
Report Status: 2051
Hashed bucket: 
Cab Guid: 0"
"18-08-2026 18:22:05","1001","Information","Windows Error Reporting","Fault bucket , type 0
Event Name: LiveKernelEvent
Response: Not available
Cab Id: 0

Problem signature:
P1: 1a8
P2: a
P3: 0
P4: 0
P5: 0
P6: 10_0_26100
P7: 0_0
P8: 256_1
P9: 
P10: 

Attached files:
\\?\C:\Windows\LiveKernelReports\WATCHDOG\WATCHDOG-20260710-1300.dmp
\\?\C:\Windows\SystemTemp\WER-271939578-0.sysdata.xml
\\?\C:\ProgramData\Microsoft\Windows\WER\Temp\WER.9d0f10c3-9411-4acf-bb31-6859c68be85c.tmp.WERInternalMetadata.xml
\\?\C:\ProgramData\Microsoft\Windows\WER\Temp\WER.92ebb8bc-f8a2-409d-bf16-af9d4e02171b.tmp.csv
\\?\C:\ProgramData\Microsoft\Windows\WER\Temp\WER.d6f5e5d3-6464-4bb3-bd6d-af4323b2bd28.tmp.txt
\\?\C:\ProgramData\Microsoft\Windows\WER\Temp\WER.bc08fce0-0a3b-4356-9c60-9d77cdfdf274.tmp.xml

These files may be available here:
\\?\C:\ProgramData\Microsoft\Windows\WER\ReportQueue\Kernel_1a8_3748bd66a7bb3ae96eac533a61a9ac86d47cc_00000000_ec33cea1-82be-4259-91f8-9fcce02ba34e

Analysis symbol: 
Rechecking for solution: 0
Report Id: ec33cea1-82be-4259-91f8-9fcce02ba34e
Report Status: 2051
Hashed bucket: 
Cab Guid: 0"
"18-08-2026 18:22:05","1001","Information","Windows Error Reporting","Fault bucket , type 0
Event Name: LiveKernelEvent
Response: Not available
Cab Id: 0

Problem signature:
P1: 1a8
P2: a
P3: 0
P4: 0
P5: 0
P6: 10_0_26100
P7: 0_0
P8: 256_1
P9: 
P10: 

Attached files:
\\?\C:\Windows\LiveKernelReports\WATCHDOG\WATCHDOG-20260605-1132.dmp
\\?\C:\Windows\SystemTemp\WER-177493781-0.sysdata.xml
\\?\C:\ProgramData\Microsoft\Windows\WER\Temp\WER.7d595a1e-be1a-407e-9129-15b129663d18.tmp.WERInternalMetadata.xml
\\?\C:\ProgramData\Microsoft\Windows\WER\Temp\WER.0154dcde-260d-47f6-832d-ba1ab90745a3.tmp.csv
\\?\C:\ProgramData\Microsoft\Windows\WER\Temp\WER.3732cf1d-0f98-4752-a7b8-001c99f4d464.tmp.txt
\\?\C:\ProgramData\Microsoft\Windows\WER\Temp\WER.e778fd5f-f183-48dc-b2de-6998ab6638a1.tmp.xml

These files may be available here:
\\?\C:\ProgramData\Microsoft\Windows\WER\ReportQueue\Kernel_1a8_3748bd66a7bb3ae96eac533a61a9ac86d47cc_00000000_a2e929d0-2850-4380-898f-4dfd04c05c39

Analysis symbol: 
Rechecking for solution: 0
Report Id: a2e929d0-2850-4380-898f-4dfd04c05c39
Report Status: 2051
Hashed bucket: 
Cab Guid: 0"
"18-08-2026 18:22:05","1001","Information","Windows Error Reporting","Fault bucket , type 0
Event Name: LiveKernelEvent
Response: Not available
Cab Id: 0

Problem signature:
P1: 193
P2: 80e
P3: ffffa38c64a87080
P4: ffff8185b6ddaa20
P5: 0
P6: 10_0_26100
P7: 0_0
P8: 256_1
P9: 
P10: 

Attached files:
\\?\C:\Windows\LiveKernelReports\WATCHDOG\WATCHDOG-20260527-1052.dmp
\\?\C:\Windows\SystemTemp\WER-179535468-0.sysdata.xml
\\?\C:\ProgramData\Microsoft\Windows\WER\Temp\WER.ea643868-0ea8-4456-a323-8794ddfd284d.tmp.WERInternalMetadata.xml
\\?\C:\ProgramData\Microsoft\Windows\WER\Temp\WER.ee1fbebe-01de-4b58-b48a-010b870da1f5.tmp.csv
\\?\C:\ProgramData\Microsoft\Windows\WER\Temp\WER.426194b9-5279-4657-88b5-d2386d90185c.tmp.txt
\\?\C:\ProgramData\Microsoft\Windows\WER\Temp\WER.b587805b-274c-429e-b6fc-ba363711d14a.tmp.xml

These files may be available here:
\\?\C:\ProgramData\Microsoft\Windows\WER\ReportQueue\Kernel_193_fde6ca7bf15cd6bced14410b0b1972a766aba_00000000_ab53bcfd-f0a6-4eec-897b-bdc111b0593d

Analysis symbol: 
Rechecking for solution: 0
Report Id: ab53bcfd-f0a6-4eec-897b-bdc111b0593d
Report Status: 2051
Hashed bucket: 
Cab Guid: 0"
"18-08-2026 18:16:28","16384","Information","Microsoft-Windows-Security-SPP","Successfully scheduled Software Protection service for re-start at 2126-07-25T12:46:28Z. Reason: RulesEngine."
"18-08-2026 18:15:57","16394","Information","Microsoft-Windows-Security-SPP","Offline downlevel migration succeeded."
"18-08-2026 18:00:35","256","Information","Edge","[3056:24440:0818/180035.026:INFO:chrome\browser\extensions\extension_garbage_collector.cc:188] Garbage collection for extensions on file thread is complete."
"18-08-2026 17:57:26","1022","Error",".NET Runtime",".NET Runtime version 4.0.30319.0 - There was a failure initializing profiling API attach infrastructure.  This process will not allow a profiler to attach.  HRESULT: 0x80004005.  Process ID (decimal): 7020.  Message ID: [0x2509]."
"18-08-2026 17:44:57","16384","Information","Microsoft-Windows-Security-SPP","Successfully scheduled Software Protection service for re-start at 2126-07-25T12:14:57Z. Reason: RulesEngine."
"18-08-2026 17:44:25","16394","Information","Microsoft-Windows-Security-SPP","Offline downlevel migration succeeded."
"18-08-2026 17:43:26","16384","Information","Microsoft-Windows-Security-SPP","Successfully scheduled Software Protection service for re-start at 2126-07-25T12:13:26Z. Reason: RulesEngine."
"18-08-2026 17:43:21","0","Information","edgeupdate","Service stopped."
"18-08-2026 17:42:56","16394","Information","Microsoft-Windows-Security-SPP","Offline downlevel migration succeeded."
"18-08-2026 17:19:14","256","Information","Chrome","[24804:13536:0818/171914.478:INFO:chrome\browser\extensions\extension_garbage_collector.cc:188] Garbage collection for extensions on file thread is complete."
"18-08-2026 16:45:21","16384","Information","Microsoft-Windows-Security-SPP","Successfully scheduled Software Protection service for re-start at 2126-07-25T11:15:21Z. Reason: RulesEngine."
"18-08-2026 16:44:51","16394","Information","Microsoft-Windows-Security-SPP","Offline downlevel migration succeeded."
"18-08-2026 16:44:03","0","Information","edgeupdate","Service stopped."
"18-08-2026 16:36:45","1000","Information",".NET Runtime","CLABP:
Device:                    Speakers (4- Cirrus Logic XU) {0.0.0.00000000}.{45d28dc2-5526-4063-98de-2b18fc40ed90} - Speakers
UseCase Name:              Deafault low volume retune
EFX Left:                  
EFX Right:                 
EFX Left Version:          
EFX Right Version:         
MFX Default Left:          
MFX Default Right:         
MFX Default Left Version:  
MFX Default Right Version: 
MFX Media Left:            
MFX Media Right:           
MFX Media Left Version:    
MFX Media Right Version:   
Apps:                      
Contortions:               
Orientations:              
Display Orientations:      
Min Volume:                
Endpoints:                 Speakers"
"18-08-2026 16:34:31","1000","Information",".NET Runtime","CLABP:
Device:                    Speakers (4- Cirrus Logic XU) {0.0.0.00000000}.{45d28dc2-5526-4063-98de-2b18fc40ed90} - Speakers
UseCase Name:              Teams VoIP
EFX Left:                  
EFX Right:                 
EFX Left Version:          
EFX Right Version:         
MFX Default Left:          
MFX Default Right:         
MFX Default Left Version:  
MFX Default Right Version: 
MFX Media Left:            
MFX Media Right:           
MFX Media Left Version:    
MFX Media Right Version:   
Apps:                      teams
Contortions:               
Orientations:              
Display Orientations:      
Min Volume:                
Endpoints:                 Speakers"
"18-08-2026 16:11:16","16384","Information","Microsoft-Windows-Security-SPP","Successfully scheduled Software Protection service for re-start at 2126-07-25T10:41:16Z. Reason: RulesEngine."
"18-08-2026 16:10:46","16394","Information","Microsoft-Windows-Security-SPP","Offline downlevel migration succeeded."
"18-08-2026 16:10:42","16384","Information","Microsoft-Windows-Security-SPP","Successfully scheduled Software Protection service for re-start at 2126-07-25T10:40:42Z. Reason: RulesEngine."
"18-08-2026 16:10:12","16394","Information","Microsoft-Windows-Security-SPP","Offline downlevel migration succeeded."
"18-08-2026 16:07:08","1000","Information",".NET Runtime","CLABP:
Device:                    Speakers (4- Cirrus Logic XU) {0.0.0.00000000}.{45d28dc2-5526-4063-98de-2b18fc40ed90} - Speakers
UseCase Name:              Deafault low volume retune
EFX Left:                  
EFX Right:                 
EFX Left Version:          
EFX Right Version:         
MFX Default Left:          
MFX Default Right:         
MFX Default Left Version:  
MFX Default Right Version: 
MFX Media Left:            
MFX Media Right:           
MFX Media Left Version:    
MFX Media Right Version:   
Apps:                      
Contortions:               
Orientations:              
Display Orientations:      
Min Volume:                
Endpoints:                 Speakers"
"18-08-2026 16:05:30","1000","Information",".NET Runtime","CLABP:
Device:                    Speakers (4- Cirrus Logic XU) {0.0.0.00000000}.{45d28dc2-5526-4063-98de-2b18fc40ed90} - Speakers
UseCase Name:              Teams VoIP
EFX Left:                  
EFX Right:                 
EFX Left Version:          
EFX Right Version:         
MFX Default Left:          
MFX Default Right:         
MFX Default Left Version:  
MFX Default Right Version: 
MFX Media Left:            
MFX Media Right:           
MFX Media Left Version:    
MFX Media Right Version:   
Apps:                      teams
Contortions:               
Orientations:              
Display Orientations:      
Min Volume:                
Endpoints:                 Speakers"
"18-08-2026 15:56:04","16384","Information","Microsoft-Windows-Security-SPP","Successfully scheduled Software Protection service for re-start at 2126-07-25T10:26:04Z. Reason: RulesEngine."
"18-08-2026 15:55:32","16394","Information","Microsoft-Windows-Security-SPP","Offline downlevel migration succeeded."
"18-08-2026 15:43:10","0","Information","edgeupdate","Service stopped."
"18-08-2026 15:37:21","16384","Information","Microsoft-Windows-Security-SPP","Successfully scheduled Software Protection service for re-start at 2126-07-25T10:07:21Z. Reason: RulesEngine."
"18-08-2026 15:36:50","16394","Information","Microsoft-Windows-Security-SPP","Offline downlevel migration succeeded."
"18-08-2026 15:06:21","15","Information","SecurityCenter","Updated Windows Defender status successfully to SECURITY_PRODUCT_STATE_ON."
"18-08-2026 15:06:19","15","Information","SecurityCenter","Updated Windows Defender status successfully to SECURITY_PRODUCT_STATE_ON."
"18-08-2026 15:06:17","15","Information","SecurityCenter","Updated Windows Defender status successfully to SECURITY_PRODUCT_STATE_ON."
"18-08-2026 15:06:15","15","Information","SecurityCenter","Updated Windows Defender status successfully to SECURITY_PRODUCT_STATE_ON."
"18-08-2026 15:06:13","15","Information","SecurityCenter","Updated Windows Defender status successfully to SECURITY_PRODUCT_STATE_ON."
"18-08-2026 15:06:11","15","Information","SecurityCenter","Updated Windows Defender status successfully to SECURITY_PRODUCT_STATE_ON."
"18-08-2026 15:05:43","1001","Information","Windows Error Reporting","Fault bucket 0, type 4
Event Name: APPCRASH
Response: Not available
Cab Id: 0

Problem signature:
P1: MsMpEng.exe
P2: 4.18.26070.9
P3: 9a78fc05
P4: mpengine.dll
P5: 1.1.26070.7
P6: a09e75a9
P7: c0000005
P8: 000000000092e48b
P9: 
P10: 

Attached files:
\\?\C:\ProgramData\Microsoft\Windows\WER\Temp\WER.b87d0efe-cefb-4a13-bde6-97b1d09f934f.tmp.WERInternalMetadata.xml

These files may be available here:
\\?\C:\ProgramData\Microsoft\Windows\WER\ReportArchive\AppCrash_MsMpEng.exe_2b8b27ad72a997d91cc6b1e118d5898f6e3ee48_316246f6_80c391b7-bb80-4f51-a85b-375970f375c1

Analysis symbol: 
Rechecking for solution: 0
Report Id: 8f6814a3-576a-4a5f-a649-799fff271dcb
Report Status: 268435456
Hashed bucket: 0a304b8ff61415ebc1fe6df6ce06291c
Cab Guid: 0"
"18-08-2026 15:05:41","1001","Information","Windows Error Reporting","Fault bucket , type 0
Event Name: LiveKernelEvent
Response: Not available
Cab Id: 0

Problem signature:
P1: 193
P2: 80e
P3: ffffcf8aede16080
P4: ffffe3847ac44d70
P5: 0
P6: 10_0_26100
P7: 0_0
P8: 256_1
P9: 
P10: 

Attached files:
\\?\C:\Windows\LiveKernelReports\WATCHDOG\WATCHDOG-20260728-1739.dmp
\\?\C:\Windows\SystemTemp\WER-107417718-0.sysdata.xml
\\?\C:\ProgramData\Microsoft\Windows\WER\Temp\WER.a1bc6256-3f5c-4a2d-a9f0-6ec44cf0758d.tmp.xml

These files may be available here:
\\?\C:\ProgramData\Microsoft\Windows\WER\ReportQueue\Kernel_193_abd9cbf140bb5029fbabb5aa6c6c6f4af01df5bf_00000000_e47de6fb-dda6-43b7-95d8-4f271c908dcb

Analysis symbol: 
Rechecking for solution: 0
Report Id: e47de6fb-dda6-43b7-95d8-4f271c908dcb
Report Status: 2051
Hashed bucket: 
Cab Guid: 0"
"18-08-2026 15:05:41","1001","Information","Windows Error Reporting","Fault bucket , type 0
Event Name: LiveKernelEvent
Response: Not available
Cab Id: 0

Problem signature:
P1: 1b8
P2: a
P3: 0
P4: 0
P5: 0
P6: 10_0_26100
P7: 0_0
P8: 256_1
P9: 
P10: 

Attached files:
\\?\C:\Windows\LiveKernelReports\WATCHDOG4400\WATCHDOG4400-20260710-1300.dmp
\\?\C:\Windows\SystemTemp\WER-271939687-1.sysdata.xml
\\?\C:\ProgramData\Microsoft\Windows\WER\Temp\WER.276c67c4-a71e-4c67-814b-398383480957.tmp.WERInternalMetadata.xml
\\?\C:\ProgramData\Microsoft\Windows\WER\Temp\WER.45398fb5-7380-4396-8ea0-3bd53512c717.tmp.csv
\\?\C:\ProgramData\Microsoft\Windows\WER\Temp\WER.1ff4cbcb-ad49-4c05-b4f9-be4909d9c9f1.tmp.txt
\\?\C:\ProgramData\Microsoft\Windows\WER\Temp\WER.51bf8dab-e143-4be9-97b9-909d7b0fd11b.tmp.xml

These files may be available here:
\\?\C:\ProgramData\Microsoft\Windows\WER\ReportQueue\Kernel_1b8_8fa7e01760fd533c5dce8eb299b7ad27ad53e77_00000000_573d8d8f-c6bf-486a-b7db-af9469fa7aca

Analysis symbol: 
Rechecking for solution: 0
Report Id: 573d8d8f-c6bf-486a-b7db-af9469fa7aca
Report Status: 2051
Hashed bucket: 
Cab Guid: 0"
"18-08-2026 15:05:41","1001","Information","Windows Error Reporting","Fault bucket , type 0
Event Name: LiveKernelEvent
Response: Not available
Cab Id: 0

Problem signature:
P1: 1a8
P2: a
P3: 0
P4: 0
P5: 0
P6: 10_0_26100
P7: 0_0
P8: 256_1
P9: 
P10: 

Attached files:
\\?\C:\Windows\LiveKernelReports\WATCHDOG\WATCHDOG-20260710-1300.dmp
\\?\C:\Windows\SystemTemp\WER-271939578-0.sysdata.xml
\\?\C:\ProgramData\Microsoft\Windows\WER\Temp\WER.9d0f10c3-9411-4acf-bb31-6859c68be85c.tmp.WERInternalMetadata.xml
\\?\C:\ProgramData\Microsoft\Windows\WER\Temp\WER.92ebb8bc-f8a2-409d-bf16-af9d4e02171b.tmp.csv
\\?\C:\ProgramData\Microsoft\Windows\WER\Temp\WER.d6f5e5d3-6464-4bb3-bd6d-af4323b2bd28.tmp.txt
\\?\C:\ProgramData\Microsoft\Windows\WER\Temp\WER.bc08fce0-0a3b-4356-9c60-9d77cdfdf274.tmp.xml

These files may be available here:
\\?\C:\ProgramData\Microsoft\Windows\WER\ReportQueue\Kernel_1a8_3748bd66a7bb3ae96eac533a61a9ac86d47cc_00000000_ec33cea1-82be-4259-91f8-9fcce02ba34e

Analysis symbol: 
Rechecking for solution: 0
Report Id: ec33cea1-82be-4259-91f8-9fcce02ba34e
Report Status: 2051
Hashed bucket: 
Cab Guid: 0"
"18-08-2026 15:05:40","1001","Information","Windows Error Reporting","Fault bucket , type 0
Event Name: LiveKernelEvent
Response: Not available
Cab Id: 0

Problem signature:
P1: 1a8
P2: a
P3: 0
P4: 0
P5: 0
P6: 10_0_26100
P7: 0_0
P8: 256_1
P9: 
P10: 

Attached files:
\\?\C:\Windows\LiveKernelReports\WATCHDOG\WATCHDOG-20260605-1132.dmp
\\?\C:\Windows\SystemTemp\WER-177493781-0.sysdata.xml
\\?\C:\ProgramData\Microsoft\Windows\WER\Temp\WER.7d595a1e-be1a-407e-9129-15b129663d18.tmp.WERInternalMetadata.xml
\\?\C:\ProgramData\Microsoft\Windows\WER\Temp\WER.0154dcde-260d-47f6-832d-ba1ab90745a3.tmp.csv
\\?\C:\ProgramData\Microsoft\Windows\WER\Temp\WER.3732cf1d-0f98-4752-a7b8-001c99f4d464.tmp.txt
\\?\C:\ProgramData\Microsoft\Windows\WER\Temp\WER.e778fd5f-f183-48dc-b2de-6998ab6638a1.tmp.xml

These files may be available here:
\\?\C:\ProgramData\Microsoft\Windows\WER\ReportQueue\Kernel_1a8_3748bd66a7bb3ae96eac533a61a9ac86d47cc_00000000_a2e929d0-2850-4380-898f-4dfd04c05c39

Analysis symbol: 
Rechecking for solution: 0
Report Id: a2e929d0-2850-4380-898f-4dfd04c05c39
Report Status: 2051
Hashed bucket: 
Cab Guid: 0"
"18-08-2026 15:05:40","1001","Information","Windows Error Reporting","Fault bucket , type 0
Event Name: LiveKernelEvent
Response: Not available
Cab Id: 0

Problem signature:
P1: 193
P2: 80e
P3: ffffa38c64a87080
P4: ffff8185b6ddaa20
P5: 0
P6: 10_0_26100
P7: 0_0
P8: 256_1
P9: 
P10: 

Attached files:
\\?\C:\Windows\LiveKernelReports\WATCHDOG\WATCHDOG-20260527-1052.dmp
\\?\C:\Windows\SystemTemp\WER-179535468-0.sysdata.xml
\\?\C:\ProgramData\Microsoft\Windows\WER\Temp\WER.ea643868-0ea8-4456-a323-8794ddfd284d.tmp.WERInternalMetadata.xml
\\?\C:\ProgramData\Microsoft\Windows\WER\Temp\WER.ee1fbebe-01de-4b58-b48a-010b870da1f5.tmp.csv
\\?\C:\ProgramData\Microsoft\Windows\WER\Temp\WER.426194b9-5279-4657-88b5-d2386d90185c.tmp.txt
\\?\C:\ProgramData\Microsoft\Windows\WER\Temp\WER.b587805b-274c-429e-b6fc-ba363711d14a.tmp.xml

These files may be available here:
\\?\C:\ProgramData\Microsoft\Windows\WER\ReportQueue\Kernel_193_fde6ca7bf15cd6bced14410b0b1972a766aba_00000000_ab53bcfd-f0a6-4eec-897b-bdc111b0593d

Analysis symbol: 
Rechecking for solution: 0
Report Id: ab53bcfd-f0a6-4eec-897b-bdc111b0593d
Report Status: 2051
Hashed bucket: 
Cab Guid: 0"
"18-08-2026 15:05:40","1001","Information","Windows Error Reporting","Fault bucket , type 0
Event Name: APPCRASH
Response: Not available
Cab Id: 0

Problem signature:
P1: MsMpEng.exe
P2: 4.18.26070.9
P3: 9a78fc05
P4: mpengine.dll
P5: 1.1.26070.7
P6: a09e75a9
P7: c0000005
P8: 000000000092e48b
P9: 
P10: 

Attached files:

These files may be available here:
\\?\C:\ProgramData\Microsoft\Windows\WER\ReportQueue\AppCrash_MsMpEng.exe_2b8b27ad72a997d91cc6b1e118d5898f6e3ee48_316246f6_80c391b7-bb80-4f51-a85b-375970f375c1

Analysis symbol: 
Rechecking for solution: 0
Report Id: 8f6814a3-576a-4a5f-a649-799fff271dcb
Report Status: 4
Hashed bucket: 
Cab Guid: 0"
"18-08-2026 15:05:28","15","Information","SecurityCenter","Updated Windows Defender status successfully to SECURITY_PRODUCT_STATE_ON."
"18-08-2026 15:05:26","15","Information","SecurityCenter","Updated Windows Defender status successfully to SECURITY_PRODUCT_STATE_ON."
"18-08-2026 15:05:24","15","Information","SecurityCenter","Updated Windows Defender status successfully to SECURITY_PRODUCT_STATE_ON."
"18-08-2026 15:05:22","15","Information","SecurityCenter","Updated Windows Defender status successfully to SECURITY_PRODUCT_STATE_ON."
"18-08-2026 15:05:20","15","Information","SecurityCenter","Updated Windows Defender status successfully to SECURITY_PRODUCT_STATE_ON."
"18-08-2026 15:05:18","15","Information","SecurityCenter","Updated Windows Defender status successfully to SECURITY_PRODUCT_STATE_ON."
"18-08-2026 15:05:16","1000","Error","Application Error","Faulting application name: MsMpEng.exe, version: 4.18.26070.9, time stamp: 0x9a78fc05
Faulting module name: mpengine.dll, version: 1.1.26070.7, time stamp: 0xa09e75a9
Exception code: 0xc0000005
Fault offset: 0x000000000092e48b
Faulting process id: 0x1480
Faulting application start time: 0x1DD2EF01397DC34
Faulting application path: C:\ProgramData\Microsoft\Windows Defender\Platform\4.18.26070.9-0\MsMpEng.exe
Faulting module path: C:\ProgramData\Microsoft\Windows Defender\Definition Updates\{963F1F3B-CA03-4FB1-9D33-3F52DEC47426}\mpengine.dll
Report Id: 8f6814a3-576a-4a5f-a649-799fff271dcb
Faulting package full name: 
Faulting package-relative application ID: "
"18-08-2026 15:00:14","16384","Information","Microsoft-Windows-Security-SPP","Successfully scheduled Software Protection service for re-start at 2126-07-25T09:30:14Z. Reason: RulesEngine."
"18-08-2026 14:59:44","16394","Information","Microsoft-Windows-Security-SPP","Offline downlevel migration succeeded."
"18-08-2026 14:56:19","15","Information","SecurityCenter","Updated Windows Defender status successfully to SECURITY_PRODUCT_STATE_ON."
"18-08-2026 14:51:19","45","Information","Outlook","Outlook loaded the following add-in(s):


Name: Microsoft Exchange Add-in
Description: Exchange support for Unified Messaging, e-mail permission rules, and calendar availability.
ProgID: UmOutlookAddin.FormRegionAddin
GUID: {F959DBBB-3867-41F2-8E5F-3B8BEFAA81B3}
Load Behavior: 3
HKLM: 1
Location: C:\Program Files\Microsoft Office\root\Office16\ADDINS\UmOutlookAddin.dll
Boot Time (Milliseconds): 16

Name: Microsoft Teams Meeting Add-in for Microsoft Office
Description: Microsoft Teams Meeting Add-in for Microsoft Office
ProgID: TeamsAddin.FastConnect
GUID: {19A6E644-14E6-4A60-B8D7-DD20610A871D}
Load Behavior: 3
HKLM: 0
Location: C:\Users\arjo5004\AppData\Local\Microsoft\TeamsMeetingAdd-in\1.26.18801\x64\Microsoft.Teams.AddinLoader.dll
Boot Time (Milliseconds): 16

Name: Outlook Social Connector 2016
Description: Connects to social networking sites and provides people, activity, and status information.
ProgID: OscAddin.Connect
GUID: {2163EB1F-3FD9-4212-A41F-81D1F933597F}
Load Behavior: 3
HKLM: 1
Location: C:\Program Files\Microsoft Office\root\Office16\SOCIALCONNECTOR.DLL
Boot Time (Milliseconds): 15

Name: OneNote Notes about Outlook Items
Description: Adds Send to OneNote and Notes about this Item buttons to the command bar
ProgID: OneNote.OutlookAddin
GUID: {93E5752E-B889-47C5-8545-654EE2533C64}
Load Behavior: 3
HKLM: 1
Location: C:\Program Files\Microsoft Office\root\Office16\ONBttnOL.dll
Boot Time (Milliseconds): 16

Name: Microsoft VBA for Outlook Addin
Description: 
ProgID: Microsoft.VbaAddinForOutlook.1
GUID: {799ED9EA-FB5E-11D1-B7D6-00C04FC2AAE2}
Load Behavior: 9
HKLM: 1
Location: C:\Program Files\Microsoft Office\root\Office16\ADDINS\OUTLVBA.DLL
Boot Time (Milliseconds): 0
"
"18-08-2026 14:46:00","1001","Information","Windows Error Reporting","Fault bucket 0, type 5
Event Name: RADAR_PRE_LEAK_64
Response: Not available
Cab Id: 0

Problem signature:
P1: chrome.exe
P2: 151.0.7922.138
P3: 10.0.26100.2.0.0
P4: 
P5: 
P6: 
P7: 
P8: 
P9: 
P10: 

Attached files:
\\?\C:\Users\arjo5004\AppData\Local\Temp\RDR328.tmp\empty.txt
\\?\C:\ProgramData\Microsoft\Windows\WER\Temp\WER.8b78a70a-4c87-49e5-9347-3fbd369413eb.tmp.WERInternalMetadata.xml
\\?\C:\ProgramData\Microsoft\Windows\WER\Temp\WER.a4cceb4a-1ae3-4a12-9d5d-02c90236c283.tmp.csv
\\?\C:\ProgramData\Microsoft\Windows\WER\Temp\WER.1db8f345-6a66-4b1f-857d-a8cb5d4db208.tmp.txt
\\?\C:\ProgramData\Microsoft\Windows\WER\Temp\WER.63d8f165-1284-480d-aa1d-b9412a268d4d.tmp.xml

These files may be available here:
NULL

Analysis symbol: 
Rechecking for solution: 0
Report Id: 0bb29387-c1a1-44e8-9c1e-c23e3bee3730
Report Status: 268435456
Hashed bucket: 69b22dd5c6601350a7109d09fc2fd349
Cab Guid: 0"
"18-08-2026 14:45:13","256","Information","Chrome","[2748:1388:0818/144513.433:INFO:chrome\browser\extensions\extension_garbage_collector.cc:188] Garbage collection for extensions on file thread is complete."
"18-08-2026 14:43:32","0","Information","edgeupdate","Service stopped."
"18-08-2026 14:40:22","16384","Information","Microsoft-Windows-Security-SPP","Successfully scheduled Software Protection service for re-start at 2126-07-25T09:10:22Z. Reason: RulesEngine."
"18-08-2026 14:39:50","16394","Information","Microsoft-Windows-Security-SPP","Offline downlevel migration succeeded."
"18-08-2026 14:36:11","2",,"Dell.TechHub.Instrumentation.SubAgent.exe",
"18-08-2026 14:36:11","2",,"Dell.TechHub.Instrumentation.SubAgent.exe",
"18-08-2026 14:36:07","8128","Information","MSSQL$BARTENDER","Using 'xplog70.dll' version '2019.150.2000' to execute extended stored procedure 'xp_msver'. This is an informational message only; no user action is required."
"18-08-2026 14:36:07","33090","Information","MSSQL$BARTENDER","Attempting to load library 'xplog70.dll' into memory. This is an informational message only. No user action is required."
"18-08-2026 14:35:58","1","Information","MSSQL$BARTENDER","None"
