"10-08-2026 11:26:03","1004","Information","Microsoft-Windows-Wcmsvc","A Group Policy change was processed"
"10-08-2026 11:26:03","1004","Information","Microsoft-Windows-Wcmsvc","A Group Policy change was processed"
"10-08-2026 11:26:02","1004","Information","Microsoft-Windows-Wcmsvc","A Group Policy change was processed"
"10-08-2026 11:26:02","1004","Information","Microsoft-Windows-Wcmsvc","A Group Policy change was processed"
"10-08-2026 10:22:18","1005","Information","Microsoft-Windows-Wcmsvc","A Power change was processed. 

 Reason: Power status has changed"
"10-08-2026 10:22:17","1005","Information","Microsoft-Windows-Wcmsvc","A Power change was processed. 

 Reason: Power status has changed"
"10-08-2026 09:42:17","1004","Information","Microsoft-Windows-Wcmsvc","A Group Policy change was processed"
"10-08-2026 09:42:17","1004","Information","Microsoft-Windows-Wcmsvc","A Group Policy change was processed"
"10-08-2026 09:41:58","1004","Information","Microsoft-Windows-Wcmsvc","A Group Policy change was processed"
"10-08-2026 09:41:58","1004","Information","Microsoft-Windows-Wcmsvc","A Group Policy change was processed"
"10-08-2026 09:41:29","1006","Information","Microsoft-Windows-Wcmsvc","A Terminal Services session change was processed. 

 Reason: A user has logged on to the session"
"10-08-2026 09:41:19","1004","Information","Microsoft-Windows-Wcmsvc","A Group Policy change was processed"
"10-08-2026 09:41:19","1004","Information","Microsoft-Windows-Wcmsvc","A Group Policy change was processed"
"10-08-2026 09:41:19","1004","Information","Microsoft-Windows-Wcmsvc","A Group Policy change was processed"
"10-08-2026 09:41:19","1004","Information","Microsoft-Windows-Wcmsvc","A Group Policy change was processed"
"10-08-2026 09:36:07","1015","Information","Microsoft-Windows-Wcmsvc","Interface Token Applied

Interface: {556d9bdf-d387-4ab9-be4c-a7e220faf218}
Media Type: Wlan
Manual enabled: true
Auto enabled: true"
"10-08-2026 09:36:07","1009","Information","Microsoft-Windows-Wcmsvc","CDE reported an L2 adapter arrival 

 Interface: {556d9bdf-d387-4ab9-be4c-a7e220faf218} 

 Type: Wlan"
"10-08-2026 09:36:06","1003","Information","Microsoft-Windows-Wcmsvc","CDE reported a state change 

 State: Connected. Service is running. 

 Name: Wlansvc."
"10-08-2026 09:36:03","1009","Information","Microsoft-Windows-Wcmsvc","CDE reported an L2 adapter arrival 

 Interface: {50b111d2-408a-4661-81de-9197fee6662c} 

 Type: Ethernet."
"10-08-2026 09:36:03","1009","Information","Microsoft-Windows-Wcmsvc","CDE reported an L2 adapter arrival 

 Interface: {f3ee0e1e-4745-4f87-ae39-b7b48921c065} 

 Type: Ethernet."
"10-08-2026 09:36:03","1009","Information","Microsoft-Windows-Wcmsvc","CDE reported an L2 adapter arrival 

 Interface: {9dd2647c-6c78-4a23-b861-c580fdec2864} 

 Type: Ethernet."
"10-08-2026 09:36:03","10002","Information","Microsoft-Windows-Wcmsvc","WCMSVC: Complete WCM Service Startup"
"10-08-2026 09:36:03","1009","Information","Microsoft-Windows-Wcmsvc","CDE reported an L2 adapter arrival 

 Interface: {6a4487bf-5a41-42e8-893a-9749e37014c0} 

 Type: Ethernet."
"10-08-2026 09:36:03","1003","Information","Microsoft-Windows-Wcmsvc","CDE reported a state change 

 State: Disconnected. Service is not started. 

 Name: Wlansvc."
"10-08-2026 09:36:03","1003","Information","Microsoft-Windows-Wcmsvc","CDE reported a state change 

 State: Disconnected. Service is not started. 

 Name: Wwansvc."
"10-08-2026 09:36:03","10001","Information","Microsoft-Windows-Wcmsvc","WCMSVC: Start WCM Service Startup"
"07-08-2026 18:21:57","1005","Information","Microsoft-Windows-Wcmsvc","A Power change was processed. 

 Reason: Power status has changed"
"07-08-2026 18:21:52","1005","Information","Microsoft-Windows-Wcmsvc","A Power change was processed. 

 Reason: Power status has changed"
"07-08-2026 18:17:53","1009","Information","Microsoft-Windows-Wcmsvc","CDE reported an L2 adapter arrival 

 Interface: {556d9bdf-d387-4ab9-be4c-a7e220faf218} 

 Type: Wlan"
"07-08-2026 18:17:51","1010","Information","Microsoft-Windows-Wcmsvc","CDE reported an L2 adapter removal 

 Interface: {556d9bdf-d387-4ab9-be4c-a7e220faf218} 

 Type: Wlan"
"07-08-2026 18:17:27","1005","Information","Microsoft-Windows-Wcmsvc","A Power change was processed. 

 Reason: Power status has changed"
"07-08-2026 18:17:23","1005","Information","Microsoft-Windows-Wcmsvc","A Power change was processed. 

 Reason: Power status has changed"
"07-08-2026 18:16:11","1004","Information","Microsoft-Windows-Wcmsvc","A Group Policy change was processed"
"07-08-2026 18:16:11","1004","Information","Microsoft-Windows-Wcmsvc","A Group Policy change was processed"
"07-08-2026 18:16:03","1004","Information","Microsoft-Windows-Wcmsvc","A Group Policy change was processed"
"07-08-2026 18:16:03","1004","Information","Microsoft-Windows-Wcmsvc","A Group Policy change was processed"
"07-08-2026 14:26:03","1004","Information","Microsoft-Windows-Wcmsvc","A Group Policy change was processed"
"07-08-2026 14:26:03","1004","Information","Microsoft-Windows-Wcmsvc","A Group Policy change was processed"
"07-08-2026 14:26:02","1004","Information","Microsoft-Windows-Wcmsvc","A Group Policy change was processed"
"07-08-2026 14:26:02","1004","Information","Microsoft-Windows-Wcmsvc","A Group Policy change was processed"
"07-08-2026 13:11:03","1004","Information","Microsoft-Windows-Wcmsvc","A Group Policy change was processed"
"07-08-2026 13:11:03","1004","Information","Microsoft-Windows-Wcmsvc","A Group Policy change was processed"
"07-08-2026 13:11:02","1004","Information","Microsoft-Windows-Wcmsvc","A Group Policy change was processed"
"07-08-2026 13:11:02","1004","Information","Microsoft-Windows-Wcmsvc","A Group Policy change was processed"
"07-08-2026 10:36:03","1004","Information","Microsoft-Windows-Wcmsvc","A Group Policy change was processed"
"07-08-2026 10:36:03","1004","Information","Microsoft-Windows-Wcmsvc","A Group Policy change was processed"
"07-08-2026 10:36:02","1004","Information","Microsoft-Windows-Wcmsvc","A Group Policy change was processed"
"07-08-2026 10:36:02","1004","Information","Microsoft-Windows-Wcmsvc","A Group Policy change was processed"
"07-08-2026 10:18:24","1005","Information","Microsoft-Windows-Wcmsvc","A Power change was processed. 

 Reason: Power status has changed"
"07-08-2026 10:03:02","1005","Information","Microsoft-Windows-Wcmsvc","A Power change was processed. 

 Reason: Power status has changed"
"07-08-2026 09:22:34","1004","Information","Microsoft-Windows-Wcmsvc","A Group Policy change was processed"
"07-08-2026 09:22:34","1004","Information","Microsoft-Windows-Wcmsvc","A Group Policy change was processed"
"07-08-2026 09:22:34","1004","Information","Microsoft-Windows-Wcmsvc","A Group Policy change was processed"
"07-08-2026 09:22:34","1004","Information","Microsoft-Windows-Wcmsvc","A Group Policy change was processed"
"07-08-2026 09:18:05","1004","Information","Microsoft-Windows-Wcmsvc","A Group Policy change was processed"
"07-08-2026 09:18:05","1004","Information","Microsoft-Windows-Wcmsvc","A Group Policy change was processed"
"07-08-2026 09:17:47","1004","Information","Microsoft-Windows-Wcmsvc","A Group Policy change was processed"
"07-08-2026 09:17:47","1004","Information","Microsoft-Windows-Wcmsvc","A Group Policy change was processed"
"07-08-2026 09:17:33","1004","Information","Microsoft-Windows-Wcmsvc","A Group Policy change was processed"
"07-08-2026 09:17:33","1004","Information","Microsoft-Windows-Wcmsvc","A Group Policy change was processed"
"07-08-2026 09:16:34","1005","Information","Microsoft-Windows-Wcmsvc","A Power change was processed. 

 Reason: A resume was triggered by user input"
"07-08-2026 09:16:34","1005","Information","Microsoft-Windows-Wcmsvc","A Power change was processed. 

 Reason: Operation is resuming automatically from a low-power state"
"07-08-2026 09:16:34","1005","Information","Microsoft-Windows-Wcmsvc","A Power change was processed. 

 Reason: Power status has changed"
"07-08-2026 04:02:18","1004","Information","Microsoft-Windows-Wcmsvc","A Group Policy change was processed"
"07-08-2026 04:02:18","1004","Information","Microsoft-Windows-Wcmsvc","A Group Policy change was processed"
"07-08-2026 04:02:02","1005","Information","Microsoft-Windows-Wcmsvc","A Power change was processed. 

 Reason: System is suspending operation"
"07-08-2026 04:01:59","1023","Information","Microsoft-Windows-Wcmsvc","WCM exited connected standby"
"07-08-2026 04:01:59","1015","Information","Microsoft-Windows-Wcmsvc","Interface Token Applied

Interface: {556d9bdf-d387-4ab9-be4c-a7e220faf218}
Media Type: Wlan
Manual enabled: true
Auto enabled: true"
"07-08-2026 04:01:59","1029","Information","Microsoft-Windows-Wcmsvc","WCM exited net quiet mode"
"06-08-2026 19:03:24","1028","Information","Microsoft-Windows-Wcmsvc","WCM entered net quiet mode"
"06-08-2026 19:03:23","1015","Information","Microsoft-Windows-Wcmsvc","Interface Token Applied

Interface: {556d9bdf-d387-4ab9-be4c-a7e220faf218}
Media Type: Wlan
Manual enabled: false
Auto enabled: false"
"06-08-2026 19:03:23","1029","Information","Microsoft-Windows-Wcmsvc","WCM exited net quiet mode"
"06-08-2026 19:03:01","1028","Information","Microsoft-Windows-Wcmsvc","WCM entered net quiet mode"
"06-08-2026 19:03:00","1022","Information","Microsoft-Windows-Wcmsvc","WCM entered connected standby"
"06-08-2026 19:03:00","1023","Information","Microsoft-Windows-Wcmsvc","WCM exited connected standby"
"06-08-2026 19:03:00","1029","Information","Microsoft-Windows-Wcmsvc","WCM exited net quiet mode"
"06-08-2026 19:03:00","1028","Information","Microsoft-Windows-Wcmsvc","WCM entered net quiet mode"
"06-08-2026 19:02:59","1022","Information","Microsoft-Windows-Wcmsvc","WCM entered connected standby"
"06-08-2026 19:02:47","1005","Information","Microsoft-Windows-Wcmsvc","A Power change was processed. 

 Reason: Power status has changed"
"06-08-2026 19:02:46","1005","Information","Microsoft-Windows-Wcmsvc","A Power change was processed. 

 Reason: Power status has changed"
"06-08-2026 17:37:43","1005","Information","Microsoft-Windows-Wcmsvc","A Power change was processed. 

 Reason: Power status has changed"
"06-08-2026 17:37:39","1005","Information","Microsoft-Windows-Wcmsvc","A Power change was processed. 

 Reason: Power status has changed"
"06-08-2026 16:33:54","1005","Information","Microsoft-Windows-Wcmsvc","A Power change was processed. 

 Reason: Power status has changed"
"06-08-2026 16:33:53","1005","Information","Microsoft-Windows-Wcmsvc","A Power change was processed. 

 Reason: Power status has changed"
"06-08-2026 16:29:56","1005","Information","Microsoft-Windows-Wcmsvc","A Power change was processed. 

 Reason: Power status has changed"
"06-08-2026 16:29:52","1005","Information","Microsoft-Windows-Wcmsvc","A Power change was processed. 

 Reason: Power status has changed"
"06-08-2026 15:26:03","1004","Information","Microsoft-Windows-Wcmsvc","A Group Policy change was processed"
"06-08-2026 15:26:03","1004","Information","Microsoft-Windows-Wcmsvc","A Group Policy change was processed"
"06-08-2026 15:26:02","1004","Information","Microsoft-Windows-Wcmsvc","A Group Policy change was processed"
"06-08-2026 15:26:02","1004","Information","Microsoft-Windows-Wcmsvc","A Group Policy change was processed"
"06-08-2026 13:11:02","1004","Information","Microsoft-Windows-Wcmsvc","A Group Policy change was processed"
"06-08-2026 13:11:02","1004","Information","Microsoft-Windows-Wcmsvc","A Group Policy change was processed"
"06-08-2026 13:11:01","1004","Information","Microsoft-Windows-Wcmsvc","A Group Policy change was processed"
"06-08-2026 13:11:01","1004","Information","Microsoft-Windows-Wcmsvc","A Group Policy change was processed"
"06-08-2026 11:36:03","1004","Information","Microsoft-Windows-Wcmsvc","A Group Policy change was processed"
"06-08-2026 11:36:03","1004","Information","Microsoft-Windows-Wcmsvc","A Group Policy change was processed"
"06-08-2026 11:36:02","1004","Information","Microsoft-Windows-Wcmsvc","A Group Policy change was processed"
"06-08-2026 11:36:02","1004","Information","Microsoft-Windows-Wcmsvc","A Group Policy change was processed"
"06-08-2026 11:09:24","1005","Information","Microsoft-Windows-Wcmsvc","A Power change was processed. 

 Reason: Power status has changed"
"06-08-2026 11:09:23","1005","Information","Microsoft-Windows-Wcmsvc","A Power change was processed. 

 Reason: Power status has changed"
"06-08-2026 09:54:20","1005","Information","Microsoft-Windows-Wcmsvc","A Power change was processed. 

 Reason: Power status has changed"
"06-08-2026 09:54:17","1005","Information","Microsoft-Windows-Wcmsvc","A Power change was processed. 

 Reason: Power status has changed"
"06-08-2026 09:04:00","1005","Information","Microsoft-Windows-Wcmsvc","A Power change was processed. 

 Reason: Power status has changed"
"06-08-2026 09:03:59","1005","Information","Microsoft-Windows-Wcmsvc","A Power change was processed. 

 Reason: Power status has changed"
"06-08-2026 09:00:54","1004","Information","Microsoft-Windows-Wcmsvc","A Group Policy change was processed"
"06-08-2026 09:00:54","1004","Information","Microsoft-Windows-Wcmsvc","A Group Policy change was processed"
"06-08-2026 09:00:47","1004","Information","Microsoft-Windows-Wcmsvc","A Group Policy change was processed"
"06-08-2026 09:00:47","1004","Information","Microsoft-Windows-Wcmsvc","A Group Policy change was processed"
"06-08-2026 08:55:06","1004","Information","Microsoft-Windows-Wcmsvc","A Group Policy change was processed"
"06-08-2026 08:55:06","1004","Information","Microsoft-Windows-Wcmsvc","A Group Policy change was processed"
"06-08-2026 08:55:02","1004","Information","Microsoft-Windows-Wcmsvc","A Group Policy change was processed"
"06-08-2026 08:55:02","1004","Information","Microsoft-Windows-Wcmsvc","A Group Policy change was processed"
"06-08-2026 08:54:48","1005","Information","Microsoft-Windows-Wcmsvc","A Power change was processed. 

 Reason: Power status has changed"
"06-08-2026 08:54:48","1005","Information","Microsoft-Windows-Wcmsvc","A Power change was processed. 

 Reason: Operation is resuming automatically from a low-power state"
"06-08-2026 08:54:48","1005","Information","Microsoft-Windows-Wcmsvc","A Power change was processed. 

 Reason: A resume was triggered by user input"
"06-08-2026 05:13:28","1004","Information","Microsoft-Windows-Wcmsvc","A Group Policy change was processed"
"06-08-2026 05:13:28","1004","Information","Microsoft-Windows-Wcmsvc","A Group Policy change was processed"
"06-08-2026 05:13:19","1005","Information","Microsoft-Windows-Wcmsvc","A Power change was processed. 

 Reason: System is suspending operation"
"06-08-2026 05:13:16","1023","Information","Microsoft-Windows-Wcmsvc","WCM exited connected standby"
"06-08-2026 05:13:16","1015","Information","Microsoft-Windows-Wcmsvc","Interface Token Applied

Interface: {556d9bdf-d387-4ab9-be4c-a7e220faf218}
Media Type: Wlan
Manual enabled: true
Auto enabled: true"
"06-08-2026 05:13:16","1029","Information","Microsoft-Windows-Wcmsvc","WCM exited net quiet mode"
"05-08-2026 20:55:44","1028","Information","Microsoft-Windows-Wcmsvc","WCM entered net quiet mode"
"05-08-2026 20:55:43","1015","Information","Microsoft-Windows-Wcmsvc","Interface Token Applied

Interface: {556d9bdf-d387-4ab9-be4c-a7e220faf218}
Media Type: Wlan
Manual enabled: false
Auto enabled: false"
"05-08-2026 20:55:43","1029","Information","Microsoft-Windows-Wcmsvc","WCM exited net quiet mode"
"05-08-2026 20:51:57","1028","Information","Microsoft-Windows-Wcmsvc","WCM entered net quiet mode"
"05-08-2026 20:51:56","1022","Information","Microsoft-Windows-Wcmsvc","WCM entered connected standby"
"05-08-2026 20:51:56","1023","Information","Microsoft-Windows-Wcmsvc","WCM exited connected standby"
"05-08-2026 20:51:56","1029","Information","Microsoft-Windows-Wcmsvc","WCM exited net quiet mode"
"05-08-2026 20:51:56","1028","Information","Microsoft-Windows-Wcmsvc","WCM entered net quiet mode"
"05-08-2026 20:51:55","1022","Information","Microsoft-Windows-Wcmsvc","WCM entered connected standby"
"05-08-2026 20:16:03","1004","Information","Microsoft-Windows-Wcmsvc","A Group Policy change was processed"
"05-08-2026 20:16:03","1004","Information","Microsoft-Windows-Wcmsvc","A Group Policy change was processed"
"05-08-2026 20:16:02","1004","Information","Microsoft-Windows-Wcmsvc","A Group Policy change was processed"
"05-08-2026 20:16:02","1004","Information","Microsoft-Windows-Wcmsvc","A Group Policy change was processed"
"05-08-2026 16:26:04","1004","Information","Microsoft-Windows-Wcmsvc","A Group Policy change was processed"
"05-08-2026 16:26:04","1004","Information","Microsoft-Windows-Wcmsvc","A Group Policy change was processed"
"05-08-2026 16:26:02","1004","Information","Microsoft-Windows-Wcmsvc","A Group Policy change was processed"
"05-08-2026 16:26:02","1004","Information","Microsoft-Windows-Wcmsvc","A Group Policy change was processed"
"05-08-2026 14:28:02","1005","Information","Microsoft-Windows-Wcmsvc","A Power change was processed. 

 Reason: Power status has changed"
"05-08-2026 13:11:03","1004","Information","Microsoft-Windows-Wcmsvc","A Group Policy change was processed"
"05-08-2026 13:11:03","1004","Information","Microsoft-Windows-Wcmsvc","A Group Policy change was processed"
"05-08-2026 13:11:01","1004","Information","Microsoft-Windows-Wcmsvc","A Group Policy change was processed"
"05-08-2026 13:11:01","1004","Information","Microsoft-Windows-Wcmsvc","A Group Policy change was processed"
"05-08-2026 12:36:03","1004","Information","Microsoft-Windows-Wcmsvc","A Group Policy change was processed"
"05-08-2026 12:36:03","1004","Information","Microsoft-Windows-Wcmsvc","A Group Policy change was processed"
"05-08-2026 12:36:01","1004","Information","Microsoft-Windows-Wcmsvc","A Group Policy change was processed"
"05-08-2026 12:36:01","1004","Information","Microsoft-Windows-Wcmsvc","A Group Policy change was processed"
"05-08-2026 10:40:01","1005","Information","Microsoft-Windows-Wcmsvc","A Power change was processed. 

 Reason: Power status has changed"
"05-08-2026 09:44:32","1004","Information","Microsoft-Windows-Wcmsvc","A Group Policy change was processed"
"05-08-2026 09:44:32","1004","Information","Microsoft-Windows-Wcmsvc","A Group Policy change was processed"
"05-08-2026 09:44:29","1004","Information","Microsoft-Windows-Wcmsvc","A Group Policy change was processed"
"05-08-2026 09:44:29","1004","Information","Microsoft-Windows-Wcmsvc","A Group Policy change was processed"
"05-08-2026 09:39:20","1004","Information","Microsoft-Windows-Wcmsvc","A Group Policy change was processed"
"05-08-2026 09:39:20","1004","Information","Microsoft-Windows-Wcmsvc","A Group Policy change was processed"
"05-08-2026 09:38:32","1005","Information","Microsoft-Windows-Wcmsvc","A Power change was processed. 

 Reason: Operation is resuming automatically from a low-power state"
"05-08-2026 09:38:32","1005","Information","Microsoft-Windows-Wcmsvc","A Power change was processed. 

 Reason: A resume was triggered by user input"
"05-08-2026 09:38:31","1005","Information","Microsoft-Windows-Wcmsvc","A Power change was processed. 

 Reason: Power status has changed"
"05-08-2026 06:30:44","1004","Information","Microsoft-Windows-Wcmsvc","A Group Policy change was processed"
"05-08-2026 06:30:44","1004","Information","Microsoft-Windows-Wcmsvc","A Group Policy change was processed"
"05-08-2026 06:30:42","1004","Information","Microsoft-Windows-Wcmsvc","A Group Policy change was processed"
"05-08-2026 06:30:42","1004","Information","Microsoft-Windows-Wcmsvc","A Group Policy change was processed"
"05-08-2026 06:30:28","1004","Information","Microsoft-Windows-Wcmsvc","A Group Policy change was processed"
"05-08-2026 06:30:28","1004","Information","Microsoft-Windows-Wcmsvc","A Group Policy change was processed"
"05-08-2026 06:30:26","1005","Information","Microsoft-Windows-Wcmsvc","A Power change was processed. 

 Reason: System is suspending operation"
"05-08-2026 06:30:25","1023","Information","Microsoft-Windows-Wcmsvc","WCM exited connected standby"
"05-08-2026 06:30:25","1015","Information","Microsoft-Windows-Wcmsvc","Interface Token Applied

Interface: {556d9bdf-d387-4ab9-be4c-a7e220faf218}
Media Type: Wlan
Manual enabled: true
Auto enabled: true"
"05-08-2026 06:30:25","1029","Information","Microsoft-Windows-Wcmsvc","WCM exited net quiet mode"
"04-08-2026 21:28:51","1028","Information","Microsoft-Windows-Wcmsvc","WCM entered net quiet mode"
"04-08-2026 21:28:50","1015","Information","Microsoft-Windows-Wcmsvc","Interface Token Applied

Interface: {556d9bdf-d387-4ab9-be4c-a7e220faf218}
Media Type: Wlan
Manual enabled: false
Auto enabled: false"
"04-08-2026 21:28:50","1029","Information","Microsoft-Windows-Wcmsvc","WCM exited net quiet mode"
"04-08-2026 21:28:48","1004","Information","Microsoft-Windows-Wcmsvc","A Group Policy change was processed"
"04-08-2026 21:28:48","1004","Information","Microsoft-Windows-Wcmsvc","A Group Policy change was processed"
"04-08-2026 19:37:06","1028","Information","Microsoft-Windows-Wcmsvc","WCM entered net quiet mode"
"04-08-2026 19:37:05","1022","Information","Microsoft-Windows-Wcmsvc","WCM entered connected standby"
"04-08-2026 19:37:05","1023","Information","Microsoft-Windows-Wcmsvc","WCM exited connected standby"
"04-08-2026 19:37:05","1029","Information","Microsoft-Windows-Wcmsvc","WCM exited net quiet mode"
"04-08-2026 19:37:05","1028","Information","Microsoft-Windows-Wcmsvc","WCM entered net quiet mode"
"04-08-2026 19:37:04","1022","Information","Microsoft-Windows-Wcmsvc","WCM entered connected standby"
"04-08-2026 18:36:22","1005","Information","Microsoft-Windows-Wcmsvc","A Power change was processed. 

 Reason: Power status has changed"
"04-08-2026 17:26:05","1004","Information","Microsoft-Windows-Wcmsvc","A Group Policy change was processed"
"04-08-2026 17:26:05","1004","Information","Microsoft-Windows-Wcmsvc","A Group Policy change was processed"
"04-08-2026 17:26:02","1004","Information","Microsoft-Windows-Wcmsvc","A Group Policy change was processed"
"04-08-2026 17:26:02","1004","Information","Microsoft-Windows-Wcmsvc","A Group Policy change was processed"
"04-08-2026 13:36:04","1004","Information","Microsoft-Windows-Wcmsvc","A Group Policy change was processed"
"04-08-2026 13:36:04","1004","Information","Microsoft-Windows-Wcmsvc","A Group Policy change was processed"
"04-08-2026 13:36:01","1004","Information","Microsoft-Windows-Wcmsvc","A Group Policy change was processed"
"04-08-2026 13:36:01","1004","Information","Microsoft-Windows-Wcmsvc","A Group Policy change was processed"
"04-08-2026 13:11:04","1004","Information","Microsoft-Windows-Wcmsvc","A Group Policy change was processed"
"04-08-2026 13:11:04","1004","Information","Microsoft-Windows-Wcmsvc","A Group Policy change was processed"
"04-08-2026 13:11:01","1004","Information","Microsoft-Windows-Wcmsvc","A Group Policy change was processed"
"04-08-2026 13:11:01","1004","Information","Microsoft-Windows-Wcmsvc","A Group Policy change was processed"
"04-08-2026 12:58:48","1005","Information","Microsoft-Windows-Wcmsvc","A Power change was processed. 

 Reason: Power status has changed"
"04-08-2026 11:53:29","1005","Information","Microsoft-Windows-Wcmsvc","A Power change was processed. 

 Reason: Power status has changed"
"04-08-2026 11:53:26","1005","Information","Microsoft-Windows-Wcmsvc","A Power change was processed. 

 Reason: Power status has changed"
"04-08-2026 10:10:39","1005","Information","Microsoft-Windows-Wcmsvc","A Power change was processed. 

 Reason: Power status has changed"
"04-08-2026 10:10:38","1005","Information","Microsoft-Windows-Wcmsvc","A Power change was processed. 

 Reason: Power status has changed"
"04-08-2026 09:46:04","1004","Information","Microsoft-Windows-Wcmsvc","A Group Policy change was processed"
"04-08-2026 09:46:04","1004","Information","Microsoft-Windows-Wcmsvc","A Group Policy change was processed"
"04-08-2026 09:46:01","1004","Information","Microsoft-Windows-Wcmsvc","A Group Policy change was processed"
"04-08-2026 09:46:01","1004","Information","Microsoft-Windows-Wcmsvc","A Group Policy change was processed"
"04-08-2026 09:14:54","1004","Information","Microsoft-Windows-Wcmsvc","A Group Policy change was processed"
"04-08-2026 09:14:54","1004","Information","Microsoft-Windows-Wcmsvc","A Group Policy change was processed"
"04-08-2026 09:14:52","1004","Information","Microsoft-Windows-Wcmsvc","A Group Policy change was processed"
"04-08-2026 09:14:52","1004","Information","Microsoft-Windows-Wcmsvc","A Group Policy change was processed"
"04-08-2026 09:08:57","1005","Information","Microsoft-Windows-Wcmsvc","A Power change was processed. 

 Reason: Power status has changed"
"04-08-2026 09:08:56","1005","Information","Microsoft-Windows-Wcmsvc","A Power change was processed. 

 Reason: Operation is resuming automatically from a low-power state"
"04-08-2026 09:08:56","1005","Information","Microsoft-Windows-Wcmsvc","A Power change was processed. 

 Reason: A resume was triggered by user input"
"04-08-2026 03:11:09","1004","Information","Microsoft-Windows-Wcmsvc","A Group Policy change was processed"
"04-08-2026 03:11:09","1004","Information","Microsoft-Windows-Wcmsvc","A Group Policy change was processed"
"04-08-2026 03:10:53","1004","Information","Microsoft-Windows-Wcmsvc","A Group Policy change was processed"
"04-08-2026 03:10:53","1004","Information","Microsoft-Windows-Wcmsvc","A Group Policy change was processed"
"04-08-2026 03:10:47","1005","Information","Microsoft-Windows-Wcmsvc","A Power change was processed. 

 Reason: System is suspending operation"
"04-08-2026 03:10:44","1023","Information","Microsoft-Windows-Wcmsvc","WCM exited connected standby"
"04-08-2026 03:10:44","1015","Information","Microsoft-Windows-Wcmsvc","Interface Token Applied

Interface: {556d9bdf-d387-4ab9-be4c-a7e220faf218}
Media Type: Wlan
Manual enabled: true
Auto enabled: true"
"04-08-2026 03:10:44","1029","Information","Microsoft-Windows-Wcmsvc","WCM exited net quiet mode"
"03-08-2026 19:03:23","1028","Information","Microsoft-Windows-Wcmsvc","WCM entered net quiet mode"
"03-08-2026 19:03:22","1015","Information","Microsoft-Windows-Wcmsvc","Interface Token Applied

Interface: {556d9bdf-d387-4ab9-be4c-a7e220faf218}
Media Type: Wlan
Manual enabled: false
Auto enabled: false"
"03-08-2026 19:03:22","1029","Information","Microsoft-Windows-Wcmsvc","WCM exited net quiet mode"
"03-08-2026 19:03:16","1004","Information","Microsoft-Windows-Wcmsvc","A Group Policy change was processed"
"03-08-2026 19:03:16","1004","Information","Microsoft-Windows-Wcmsvc","A Group Policy change was processed"
"03-08-2026 18:43:46","1004","Information","Microsoft-Windows-Wcmsvc","A Group Policy change was processed"
"03-08-2026 18:43:46","1004","Information","Microsoft-Windows-Wcmsvc","A Group Policy change was processed"
"03-08-2026 18:25:05","1028","Information","Microsoft-Windows-Wcmsvc","WCM entered net quiet mode"
"03-08-2026 18:25:04","1022","Information","Microsoft-Windows-Wcmsvc","WCM entered connected standby"
"03-08-2026 18:25:04","1023","Information","Microsoft-Windows-Wcmsvc","WCM exited connected standby"
"03-08-2026 18:25:04","1029","Information","Microsoft-Windows-Wcmsvc","WCM exited net quiet mode"
"03-08-2026 18:25:04","1028","Information","Microsoft-Windows-Wcmsvc","WCM entered net quiet mode"
"03-08-2026 18:25:03","1022","Information","Microsoft-Windows-Wcmsvc","WCM entered connected standby"
"03-08-2026 14:36:03","1004","Information","Microsoft-Windows-Wcmsvc","A Group Policy change was processed"
"03-08-2026 14:36:03","1004","Information","Microsoft-Windows-Wcmsvc","A Group Policy change was processed"
"03-08-2026 14:36:02","1004","Information","Microsoft-Windows-Wcmsvc","A Group Policy change was processed"
"03-08-2026 14:36:02","1004","Information","Microsoft-Windows-Wcmsvc","A Group Policy change was processed"
"03-08-2026 14:20:33","1023","Information","Microsoft-Windows-Wcmsvc","WCM exited connected standby"
"03-08-2026 14:20:33","1029","Information","Microsoft-Windows-Wcmsvc","WCM exited net quiet mode"
"03-08-2026 14:19:55","1028","Information","Microsoft-Windows-Wcmsvc","WCM entered net quiet mode"
"03-08-2026 14:19:54","1022","Information","Microsoft-Windows-Wcmsvc","WCM entered connected standby"
"03-08-2026 14:19:53","1023","Information","Microsoft-Windows-Wcmsvc","WCM exited connected standby"
"03-08-2026 14:19:53","1029","Information","Microsoft-Windows-Wcmsvc","WCM exited net quiet mode"
"03-08-2026 14:19:53","1028","Information","Microsoft-Windows-Wcmsvc","WCM entered net quiet mode"
"03-08-2026 14:19:52","1022","Information","Microsoft-Windows-Wcmsvc","WCM entered connected standby"
"03-08-2026 13:11:03","1004","Information","Microsoft-Windows-Wcmsvc","A Group Policy change was processed"
"03-08-2026 13:11:03","1004","Information","Microsoft-Windows-Wcmsvc","A Group Policy change was processed"
"03-08-2026 13:11:02","1004","Information","Microsoft-Windows-Wcmsvc","A Group Policy change was processed"
"03-08-2026 13:11:02","1004","Information","Microsoft-Windows-Wcmsvc","A Group Policy change was processed"
"03-08-2026 11:38:25","1005","Information","Microsoft-Windows-Wcmsvc","A Power change was processed. 

 Reason: Power status has changed"
"03-08-2026 10:46:03","1004","Information","Microsoft-Windows-Wcmsvc","A Group Policy change was processed"
"03-08-2026 10:46:03","1004","Information","Microsoft-Windows-Wcmsvc","A Group Policy change was processed"
"03-08-2026 10:46:02","1004","Information","Microsoft-Windows-Wcmsvc","A Group Policy change was processed"
"03-08-2026 10:46:02","1004","Information","Microsoft-Windows-Wcmsvc","A Group Policy change was processed"
"03-08-2026 09:34:05","1004","Information","Microsoft-Windows-Wcmsvc","A Group Policy change was processed"
"03-08-2026 09:34:05","1004","Information","Microsoft-Windows-Wcmsvc","A Group Policy change was processed"
"03-08-2026 09:33:59","1004","Information","Microsoft-Windows-Wcmsvc","A Group Policy change was processed"
"03-08-2026 09:33:59","1004","Information","Microsoft-Windows-Wcmsvc","A Group Policy change was processed"
"03-08-2026 09:27:04","1004","Information","Microsoft-Windows-Wcmsvc","A Group Policy change was processed"
"03-08-2026 09:27:04","1004","Information","Microsoft-Windows-Wcmsvc","A Group Policy change was processed"
"03-08-2026 09:26:23","1004","Information","Microsoft-Windows-Wcmsvc","A Group Policy change was processed"
"03-08-2026 09:26:23","1004","Information","Microsoft-Windows-Wcmsvc","A Group Policy change was processed"
"03-08-2026 09:26:19","1006","Information","Microsoft-Windows-Wcmsvc","A Terminal Services session change was processed. 

 Reason: A user has logged on to the session"
"03-08-2026 09:26:09","1015","Information","Microsoft-Windows-Wcmsvc","Interface Token Applied

Interface: {556d9bdf-d387-4ab9-be4c-a7e220faf218}
Media Type: Wlan
Manual enabled: true
Auto enabled: true"
"03-08-2026 09:26:09","1009","Information","Microsoft-Windows-Wcmsvc","CDE reported an L2 adapter arrival 

 Interface: {556d9bdf-d387-4ab9-be4c-a7e220faf218} 

 Type: Wlan"
"03-08-2026 09:26:08","1003","Information","Microsoft-Windows-Wcmsvc","CDE reported a state change 

 State: Connected. Service is running. 

 Name: Wlansvc."
"03-08-2026 09:26:04","1003","Information","Microsoft-Windows-Wcmsvc","CDE reported a state change 

 State: Disconnected. Service is not started. 

 Name: Wwansvc."
"03-08-2026 09:26:04","1003","Information","Microsoft-Windows-Wcmsvc","CDE reported a state change 

 State: Disconnected. Service is not started. 

 Name: Wlansvc."
"03-08-2026 09:26:04","1009","Information","Microsoft-Windows-Wcmsvc","CDE reported an L2 adapter arrival 

 Interface: {50b111d2-408a-4661-81de-9197fee6662c} 

 Type: Ethernet."
"03-08-2026 09:26:04","1009","Information","Microsoft-Windows-Wcmsvc","CDE reported an L2 adapter arrival 

 Interface: {f3ee0e1e-4745-4f87-ae39-b7b48921c065} 

 Type: Ethernet."
"03-08-2026 09:26:04","10002","Information","Microsoft-Windows-Wcmsvc","WCMSVC: Complete WCM Service Startup"
"03-08-2026 09:26:04","1009","Information","Microsoft-Windows-Wcmsvc","CDE reported an L2 adapter arrival 

 Interface: {9dd2647c-6c78-4a23-b861-c580fdec2864} 

 Type: Ethernet."
"03-08-2026 09:26:04","1009","Information","Microsoft-Windows-Wcmsvc","CDE reported an L2 adapter arrival 

 Interface: {6a4487bf-5a41-42e8-893a-9749e37014c0} 

 Type: Ethernet."
"03-08-2026 09:26:04","10001","Information","Microsoft-Windows-Wcmsvc","WCMSVC: Start WCM Service Startup"
"31-07-2026 18:35:43","1006","Information","Microsoft-Windows-Wcmsvc","A Terminal Services session change was processed. 

 Reason: A session was connected to the console terminal"
"31-07-2026 18:35:43","1006","Information","Microsoft-Windows-Wcmsvc","A Terminal Services session change was processed. 

 Reason: A session was disconnected from the remote terminal"
"31-07-2026 18:35:43","1006","Information","Microsoft-Windows-Wcmsvc","A Terminal Services session change was processed. 

 Reason: A session was disconnected from the console terminal"
"31-07-2026 18:35:43","1006","Information","Microsoft-Windows-Wcmsvc","A Terminal Services session change was processed. 

 Reason: A user has logged off the session"
"31-07-2026 18:35:37","1006","Information","Microsoft-Windows-Wcmsvc","A Terminal Services session change was processed. 

 Reason: A session was connected to the remote terminal"
"31-07-2026 17:36:05","1004","Information","Microsoft-Windows-Wcmsvc","A Group Policy change was processed"
"31-07-2026 17:36:05","1004","Information","Microsoft-Windows-Wcmsvc","A Group Policy change was processed"
"31-07-2026 17:36:01","1004","Information","Microsoft-Windows-Wcmsvc","A Group Policy change was processed"
"31-07-2026 17:36:01","1004","Information","Microsoft-Windows-Wcmsvc","A Group Policy change was processed"
"31-07-2026 17:32:14","1005","Information","Microsoft-Windows-Wcmsvc","A Power change was processed. 

 Reason: Power status has changed"
"31-07-2026 16:07:06","1005","Information","Microsoft-Windows-Wcmsvc","A Power change was processed. 

 Reason: Power status has changed"
"31-07-2026 16:07:02","1005","Information","Microsoft-Windows-Wcmsvc","A Power change was processed. 

 Reason: Power status has changed"
"31-07-2026 13:46:03","1004","Information","Microsoft-Windows-Wcmsvc","A Group Policy change was processed"
"31-07-2026 13:46:03","1004","Information","Microsoft-Windows-Wcmsvc","A Group Policy change was processed"
"31-07-2026 13:46:02","1004","Information","Microsoft-Windows-Wcmsvc","A Group Policy change was processed"
"31-07-2026 13:46:02","1004","Information","Microsoft-Windows-Wcmsvc","A Group Policy change was processed"
"31-07-2026 13:11:02","1004","Information","Microsoft-Windows-Wcmsvc","A Group Policy change was processed"
"31-07-2026 13:11:02","1004","Information","Microsoft-Windows-Wcmsvc","A Group Policy change was processed"
"31-07-2026 13:11:01","1004","Information","Microsoft-Windows-Wcmsvc","A Group Policy change was processed"
"31-07-2026 13:11:01","1004","Information","Microsoft-Windows-Wcmsvc","A Group Policy change was processed"
"31-07-2026 10:25:39","1005","Information","Microsoft-Windows-Wcmsvc","A Power change was processed. 

 Reason: Power status has changed"
"31-07-2026 10:25:38","1005","Information","Microsoft-Windows-Wcmsvc","A Power change was processed. 

 Reason: Power status has changed"
"31-07-2026 09:56:03","1004","Information","Microsoft-Windows-Wcmsvc","A Group Policy change was processed"
"31-07-2026 09:56:03","1004","Information","Microsoft-Windows-Wcmsvc","A Group Policy change was processed"
"31-07-2026 09:56:01","1004","Information","Microsoft-Windows-Wcmsvc","A Group Policy change was processed"
"31-07-2026 09:56:01","1004","Information","Microsoft-Windows-Wcmsvc","A Group Policy change was processed"
"31-07-2026 09:45:35","1004","Information","Microsoft-Windows-Wcmsvc","A Group Policy change was processed"
"31-07-2026 09:45:35","1004","Information","Microsoft-Windows-Wcmsvc","A Group Policy change was processed"
"31-07-2026 09:45:29","1004","Information","Microsoft-Windows-Wcmsvc","A Group Policy change was processed"
"31-07-2026 09:45:29","1004","Information","Microsoft-Windows-Wcmsvc","A Group Policy change was processed"
"31-07-2026 09:45:09","1006","Information","Microsoft-Windows-Wcmsvc","A Terminal Services session change was processed. 

 Reason: A user has logged on to the session"
"31-07-2026 09:44:28","1015","Information","Microsoft-Windows-Wcmsvc","Interface Token Applied

Interface: {556d9bdf-d387-4ab9-be4c-a7e220faf218}
Media Type: Wlan
Manual enabled: true
Auto enabled: true"
"31-07-2026 09:44:28","1009","Information","Microsoft-Windows-Wcmsvc","CDE reported an L2 adapter arrival 

 Interface: {556d9bdf-d387-4ab9-be4c-a7e220faf218} 

 Type: Wlan"
"31-07-2026 09:44:28","1003","Information","Microsoft-Windows-Wcmsvc","CDE reported a state change 

 State: Connected. Service is running. 

 Name: Wlansvc."
"31-07-2026 09:44:23","1006","Information","Microsoft-Windows-Wcmsvc","A Terminal Services session change was processed. 

 Reason: A session was connected to the console terminal"
"31-07-2026 09:44:23","1009","Information","Microsoft-Windows-Wcmsvc","CDE reported an L2 adapter arrival 

 Interface: {50b111d2-408a-4661-81de-9197fee6662c} 

 Type: Ethernet."
"31-07-2026 09:44:23","1009","Information","Microsoft-Windows-Wcmsvc","CDE reported an L2 adapter arrival 

 Interface: {f3ee0e1e-4745-4f87-ae39-b7b48921c065} 

 Type: Ethernet."
"31-07-2026 09:44:23","1009","Information","Microsoft-Windows-Wcmsvc","CDE reported an L2 adapter arrival 

 Interface: {9dd2647c-6c78-4a23-b861-c580fdec2864} 

 Type: Ethernet."
"31-07-2026 09:44:23","10002","Information","Microsoft-Windows-Wcmsvc","WCMSVC: Complete WCM Service Startup"
"31-07-2026 09:44:23","1009","Information","Microsoft-Windows-Wcmsvc","CDE reported an L2 adapter arrival 

 Interface: {6a4487bf-5a41-42e8-893a-9749e37014c0} 

 Type: Ethernet."
"31-07-2026 09:44:23","1003","Information","Microsoft-Windows-Wcmsvc","CDE reported a state change 

 State: Disconnected. Service is not started. 

 Name: Wwansvc."
"31-07-2026 09:44:23","1003","Information","Microsoft-Windows-Wcmsvc","CDE reported a state change 

 State: Disconnected. Service is not started. 

 Name: Wlansvc."
"31-07-2026 09:44:23","10001","Information","Microsoft-Windows-Wcmsvc","WCMSVC: Start WCM Service Startup"
"31-07-2026 09:43:45","10004","Information","Microsoft-Windows-Wcmsvc","WCMSVC: Complete Service Shutdown"
"31-07-2026 09:43:45","10003","Information","Microsoft-Windows-Wcmsvc","WCMSVC: Start Service Shutdown"
"31-07-2026 09:43:16","1006","Information","Microsoft-Windows-Wcmsvc","A Terminal Services session change was processed. 

 Reason: A user has logged off the session"
"31-07-2026 09:35:29","1004","Information","Microsoft-Windows-Wcmsvc","A Group Policy change was processed"
"31-07-2026 09:35:29","1004","Information","Microsoft-Windows-Wcmsvc","A Group Policy change was processed"
"31-07-2026 09:35:25","1004","Information","Microsoft-Windows-Wcmsvc","A Group Policy change was processed"
"31-07-2026 09:35:25","1004","Information","Microsoft-Windows-Wcmsvc","A Group Policy change was processed"
"31-07-2026 09:35:22","1004","Information","Microsoft-Windows-Wcmsvc","A Group Policy change was processed"
"31-07-2026 09:35:22","1004","Information","Microsoft-Windows-Wcmsvc","A Group Policy change was processed"
"31-07-2026 09:35:19","1004","Information","Microsoft-Windows-Wcmsvc","A Group Policy change was processed"
"31-07-2026 09:35:19","1004","Information","Microsoft-Windows-Wcmsvc","A Group Policy change was processed"
"31-07-2026 09:29:20","1005","Information","Microsoft-Windows-Wcmsvc","A Power change was processed. 

 Reason: Power status has changed"
"31-07-2026 09:29:20","1005","Information","Microsoft-Windows-Wcmsvc","A Power change was processed. 

 Reason: Operation is resuming automatically from a low-power state"
"31-07-2026 09:29:20","1005","Information","Microsoft-Windows-Wcmsvc","A Power change was processed. 

 Reason: A resume was triggered by user input"
"31-07-2026 04:44:39","1004","Information","Microsoft-Windows-Wcmsvc","A Group Policy change was processed"
"31-07-2026 04:44:39","1004","Information","Microsoft-Windows-Wcmsvc","A Group Policy change was processed"
"31-07-2026 04:44:39","1004","Information","Microsoft-Windows-Wcmsvc","A Group Policy change was processed"
"31-07-2026 04:44:39","1004","Information","Microsoft-Windows-Wcmsvc","A Group Policy change was processed"
"31-07-2026 04:44:25","1005","Information","Microsoft-Windows-Wcmsvc","A Power change was processed. 

 Reason: System is suspending operation"
"31-07-2026 04:44:24","1023","Information","Microsoft-Windows-Wcmsvc","WCM exited connected standby"
"31-07-2026 04:44:24","1015","Information","Microsoft-Windows-Wcmsvc","Interface Token Applied

Interface: {556d9bdf-d387-4ab9-be4c-a7e220faf218}
Media Type: Wlan
Manual enabled: true
Auto enabled: true"
"31-07-2026 04:44:24","1029","Information","Microsoft-Windows-Wcmsvc","WCM exited net quiet mode"
"30-07-2026 19:58:06","1028","Information","Microsoft-Windows-Wcmsvc","WCM entered net quiet mode"
"30-07-2026 19:58:05","1015","Information","Microsoft-Windows-Wcmsvc","Interface Token Applied

Interface: {556d9bdf-d387-4ab9-be4c-a7e220faf218}
Media Type: Wlan
Manual enabled: false
Auto enabled: false"
"30-07-2026 19:58:05","1029","Information","Microsoft-Windows-Wcmsvc","WCM exited net quiet mode"
"30-07-2026 19:47:04","1028","Information","Microsoft-Windows-Wcmsvc","WCM entered net quiet mode"
"30-07-2026 19:47:03","1022","Information","Microsoft-Windows-Wcmsvc","WCM entered connected standby"
"30-07-2026 19:47:03","1023","Information","Microsoft-Windows-Wcmsvc","WCM exited connected standby"
"30-07-2026 19:47:03","1029","Information","Microsoft-Windows-Wcmsvc","WCM exited net quiet mode"
"30-07-2026 19:47:03","1028","Information","Microsoft-Windows-Wcmsvc","WCM entered net quiet mode"
"30-07-2026 19:47:02","1022","Information","Microsoft-Windows-Wcmsvc","WCM entered connected standby"
"30-07-2026 18:40:47","1005","Information","Microsoft-Windows-Wcmsvc","A Power change was processed. 

 Reason: Power status has changed"
"30-07-2026 18:40:46","1005","Information","Microsoft-Windows-Wcmsvc","A Power change was processed. 

 Reason: Power status has changed"
"30-07-2026 18:40:34","1005","Information","Microsoft-Windows-Wcmsvc","A Power change was processed. 

 Reason: Power status has changed"
"30-07-2026 18:40:31","1005","Information","Microsoft-Windows-Wcmsvc","A Power change was processed. 

 Reason: Power status has changed"
"30-07-2026 18:40:24","1005","Information","Microsoft-Windows-Wcmsvc","A Power change was processed. 

 Reason: Power status has changed"
"30-07-2026 18:40:23","1005","Information","Microsoft-Windows-Wcmsvc","A Power change was processed. 

 Reason: Power status has changed"
"30-07-2026 18:37:11","1005","Information","Microsoft-Windows-Wcmsvc","A Power change was processed. 

 Reason: Power status has changed"
"30-07-2026 18:37:07","1005","Information","Microsoft-Windows-Wcmsvc","A Power change was processed. 

 Reason: Power status has changed"
"30-07-2026 18:36:04","1004","Information","Microsoft-Windows-Wcmsvc","A Group Policy change was processed"
"30-07-2026 18:36:04","1004","Information","Microsoft-Windows-Wcmsvc","A Group Policy change was processed"
"30-07-2026 18:36:02","1004","Information","Microsoft-Windows-Wcmsvc","A Group Policy change was processed"
"30-07-2026 18:36:02","1004","Information","Microsoft-Windows-Wcmsvc","A Group Policy change was processed"
"30-07-2026 18:17:19","1023","Information","Microsoft-Windows-Wcmsvc","WCM exited connected standby"
"30-07-2026 18:17:19","1029","Information","Microsoft-Windows-Wcmsvc","WCM exited net quiet mode"
"30-07-2026 18:16:25","1028","Information","Microsoft-Windows-Wcmsvc","WCM entered net quiet mode"
"30-07-2026 18:16:24","1022","Information","Microsoft-Windows-Wcmsvc","WCM entered connected standby"
"30-07-2026 18:16:24","1023","Information","Microsoft-Windows-Wcmsvc","WCM exited connected standby"
"30-07-2026 18:16:24","1029","Information","Microsoft-Windows-Wcmsvc","WCM exited net quiet mode"
"30-07-2026 18:16:24","1028","Information","Microsoft-Windows-Wcmsvc","WCM entered net quiet mode"
"30-07-2026 18:16:23","1022","Information","Microsoft-Windows-Wcmsvc","WCM entered connected standby"
"30-07-2026 17:33:34","1005","Information","Microsoft-Windows-Wcmsvc","A Power change was processed. 

 Reason: Power status has changed"
"30-07-2026 17:25:59","1005","Information","Microsoft-Windows-Wcmsvc","A Power change was processed. 

 Reason: Power status has changed"
"30-07-2026 16:21:41","1005","Information","Microsoft-Windows-Wcmsvc","A Power change was processed. 

 Reason: Power status has changed"
"30-07-2026 16:21:38","1005","Information","Microsoft-Windows-Wcmsvc","A Power change was processed. 

 Reason: Power status has changed"
"30-07-2026 14:52:04","1005","Information","Microsoft-Windows-Wcmsvc","A Power change was processed. 

 Reason: Power status has changed"
"30-07-2026 14:46:03","1004","Information","Microsoft-Windows-Wcmsvc","A Group Policy change was processed"
"30-07-2026 14:46:03","1004","Information","Microsoft-Windows-Wcmsvc","A Group Policy change was processed"
"30-07-2026 14:46:02","1004","Information","Microsoft-Windows-Wcmsvc","A Group Policy change was processed"
"30-07-2026 14:46:02","1004","Information","Microsoft-Windows-Wcmsvc","A Group Policy change was processed"
"30-07-2026 14:17:23","1023","Information","Microsoft-Windows-Wcmsvc","WCM exited connected standby"
"30-07-2026 14:17:23","1029","Information","Microsoft-Windows-Wcmsvc","WCM exited net quiet mode"
"30-07-2026 14:07:35","1028","Information","Microsoft-Windows-Wcmsvc","WCM entered net quiet mode"
"30-07-2026 14:07:34","1022","Information","Microsoft-Windows-Wcmsvc","WCM entered connected standby"
"30-07-2026 14:07:27","1023","Information","Microsoft-Windows-Wcmsvc","WCM exited connected standby"
"30-07-2026 14:07:27","1029","Information","Microsoft-Windows-Wcmsvc","WCM exited net quiet mode"
"30-07-2026 14:06:57","1028","Information","Microsoft-Windows-Wcmsvc","WCM entered net quiet mode"
"30-07-2026 14:06:56","1022","Information","Microsoft-Windows-Wcmsvc","WCM entered connected standby"
"30-07-2026 14:06:56","1023","Information","Microsoft-Windows-Wcmsvc","WCM exited connected standby"
"30-07-2026 14:06:56","1029","Information","Microsoft-Windows-Wcmsvc","WCM exited net quiet mode"
"30-07-2026 14:06:56","1028","Information","Microsoft-Windows-Wcmsvc","WCM entered net quiet mode"
"30-07-2026 14:06:55","1022","Information","Microsoft-Windows-Wcmsvc","WCM entered connected standby"
"30-07-2026 13:52:26","1005","Information","Microsoft-Windows-Wcmsvc","A Power change was processed. 

 Reason: Power status has changed"
"30-07-2026 13:11:04","1004","Information","Microsoft-Windows-Wcmsvc","A Group Policy change was processed"
"30-07-2026 13:11:04","1004","Information","Microsoft-Windows-Wcmsvc","A Group Policy change was processed"
"30-07-2026 13:11:02","1004","Information","Microsoft-Windows-Wcmsvc","A Group Policy change was processed"
"30-07-2026 13:11:02","1004","Information","Microsoft-Windows-Wcmsvc","A Group Policy change was processed"
"30-07-2026 13:02:18","1005","Information","Microsoft-Windows-Wcmsvc","A Power change was processed. 

 Reason: Power status has changed"
"30-07-2026 13:02:14","1005","Information","Microsoft-Windows-Wcmsvc","A Power change was processed. 

 Reason: Power status has changed"
"30-07-2026 13:00:05","1005","Information","Microsoft-Windows-Wcmsvc","A Power change was processed. 

 Reason: Power status has changed"
"30-07-2026 13:00:03","1005","Information","Microsoft-Windows-Wcmsvc","A Power change was processed. 

 Reason: Power status has changed"
"30-07-2026 12:47:08","1005","Information","Microsoft-Windows-Wcmsvc","A Power change was processed. 

 Reason: Power status has changed"
"30-07-2026 12:47:05","1005","Information","Microsoft-Windows-Wcmsvc","A Power change was processed. 

 Reason: Power status has changed"
"30-07-2026 11:29:20","1005","Information","Microsoft-Windows-Wcmsvc","A Power change was processed. 

 Reason: Power status has changed"
"30-07-2026 10:56:04","1004","Information","Microsoft-Windows-Wcmsvc","A Group Policy change was processed"
"30-07-2026 10:56:04","1004","Information","Microsoft-Windows-Wcmsvc","A Group Policy change was processed"
"30-07-2026 10:56:02","1004","Information","Microsoft-Windows-Wcmsvc","A Group Policy change was processed"
"30-07-2026 10:56:02","1004","Information","Microsoft-Windows-Wcmsvc","A Group Policy change was processed"
"30-07-2026 10:45:56","1005","Information","Microsoft-Windows-Wcmsvc","A Power change was processed. 

 Reason: Power status has changed"
"30-07-2026 09:40:04","1004","Information","Microsoft-Windows-Wcmsvc","A Group Policy change was processed"
"30-07-2026 09:40:04","1004","Information","Microsoft-Windows-Wcmsvc","A Group Policy change was processed"
"30-07-2026 09:39:58","1004","Information","Microsoft-Windows-Wcmsvc","A Group Policy change was processed"
"30-07-2026 09:39:58","1004","Information","Microsoft-Windows-Wcmsvc","A Group Policy change was processed"
"30-07-2026 09:35:43","1004","Information","Microsoft-Windows-Wcmsvc","A Group Policy change was processed"
"30-07-2026 09:35:43","1004","Information","Microsoft-Windows-Wcmsvc","A Group Policy change was processed"
"30-07-2026 09:35:15","1004","Information","Microsoft-Windows-Wcmsvc","A Group Policy change was processed"
"30-07-2026 09:35:15","1004","Information","Microsoft-Windows-Wcmsvc","A Group Policy change was processed"
"30-07-2026 09:35:07","1004","Information","Microsoft-Windows-Wcmsvc","A Group Policy change was processed"
"30-07-2026 09:35:07","1004","Information","Microsoft-Windows-Wcmsvc","A Group Policy change was processed"
