"17-06-2026 09:34:48","5702","Information","Microsoft-Windows-HelloForBusiness","Windows Hello wrote following protector properties to disk: HResult = 0x0, PIN protector = true, Bio protector = false, Secure Bio Protector = false, Recovery protector = false, Preboot protector = false"
"17-06-2026 09:34:48","7060","Error","Microsoft-Windows-HelloForBusiness","Windows Hello failed to create a PIN recovery key for user S-1-12-1-2357405129-1281513531-255772574-1816207334.
Error: Unknown error 0x80072EE7 (0x80072EE7)
Correlation vector: fVEuqTuxcEewU5ap16+Tsg.0
Processing time: 0 seconds."
"17-06-2026 09:34:48","5702","Information","Microsoft-Windows-HelloForBusiness","Windows Hello wrote following protector properties to disk: HResult = 0x0, PIN protector = true, Bio protector = false, Secure Bio Protector = false, Recovery protector = true, Preboot protector = false"
"17-06-2026 09:34:48","5702","Information","Microsoft-Windows-HelloForBusiness","Windows Hello wrote following protector properties to disk: HResult = 0x0, PIN protector = true, Bio protector = false, Secure Bio Protector = false, Recovery protector = false, Preboot protector = false"
"17-06-2026 09:34:47","5702","Information","Microsoft-Windows-HelloForBusiness","Windows Hello wrote following protector properties to disk: HResult = 0x0, PIN protector = true, Bio protector = false, Secure Bio Protector = false, Recovery protector = true, Preboot protector = false"
"17-06-2026 09:34:47","5002","Information","Microsoft-Windows-HelloForBusiness","A user is signing into the device with the following gesture information:

Type: Invalid
Subtype: No Bio"
"16-06-2026 18:25:21","5001","Information","Microsoft-Windows-HelloForBusiness","A user signed into the device with the following information:

Username: SYSTEM
User SID: S-1-5-18
Credential Type: Software Key
Deployment Type: Key Trust"
"16-06-2026 18:25:21","5702","Information","Microsoft-Windows-HelloForBusiness","Windows Hello wrote following protector properties to disk: HResult = 0x0, PIN protector = true, Bio protector = false, Secure Bio Protector = false, Recovery protector = true, Preboot protector = false"
"16-06-2026 18:25:21","5002","Information","Microsoft-Windows-HelloForBusiness","A user is signing into the device with the following gesture information:

Type: Invalid
Subtype: No Bio"
"16-06-2026 17:24:40","5001","Information","Microsoft-Windows-HelloForBusiness","A user signed into the device with the following information:

Username: SYSTEM
User SID: S-1-5-18
Credential Type: Software Key
Deployment Type: Key Trust"
"16-06-2026 17:24:40","5702","Information","Microsoft-Windows-HelloForBusiness","Windows Hello wrote following protector properties to disk: HResult = 0x0, PIN protector = true, Bio protector = false, Secure Bio Protector = false, Recovery protector = true, Preboot protector = false"
"16-06-2026 17:24:40","5002","Information","Microsoft-Windows-HelloForBusiness","A user is signing into the device with the following gesture information:

Type: Invalid
Subtype: No Bio"
"16-06-2026 16:24:37","5001","Information","Microsoft-Windows-HelloForBusiness","A user signed into the device with the following information:

Username: SYSTEM
User SID: S-1-5-18
Credential Type: Software Key
Deployment Type: Key Trust"
"16-06-2026 16:24:37","5702","Information","Microsoft-Windows-HelloForBusiness","Windows Hello wrote following protector properties to disk: HResult = 0x0, PIN protector = true, Bio protector = false, Secure Bio Protector = false, Recovery protector = true, Preboot protector = false"
"16-06-2026 16:24:36","5002","Information","Microsoft-Windows-HelloForBusiness","A user is signing into the device with the following gesture information:

Type: Invalid
Subtype: No Bio"
"16-06-2026 14:53:25","5001","Information","Microsoft-Windows-HelloForBusiness","A user signed into the device with the following information:

Username: SYSTEM
User SID: S-1-5-18
Credential Type: Software Key
Deployment Type: Key Trust"
"16-06-2026 14:53:25","5702","Information","Microsoft-Windows-HelloForBusiness","Windows Hello wrote following protector properties to disk: HResult = 0x0, PIN protector = true, Bio protector = false, Secure Bio Protector = false, Recovery protector = true, Preboot protector = false"
"16-06-2026 14:53:25","5002","Information","Microsoft-Windows-HelloForBusiness","A user is signing into the device with the following gesture information:

Type: Invalid
Subtype: No Bio"
"16-06-2026 14:05:33","5001","Information","Microsoft-Windows-HelloForBusiness","A user signed into the device with the following information:

Username: SYSTEM
User SID: S-1-5-18
Credential Type: Software Key
Deployment Type: Key Trust"
"16-06-2026 14:05:33","5702","Information","Microsoft-Windows-HelloForBusiness","Windows Hello wrote following protector properties to disk: HResult = 0x0, PIN protector = true, Bio protector = false, Secure Bio Protector = false, Recovery protector = true, Preboot protector = false"
"16-06-2026 14:05:33","5002","Information","Microsoft-Windows-HelloForBusiness","A user is signing into the device with the following gesture information:

Type: Invalid
Subtype: No Bio"
"16-06-2026 12:04:57","5001","Information","Microsoft-Windows-HelloForBusiness","A user signed into the device with the following information:

Username: SYSTEM
User SID: S-1-5-18
Credential Type: Software Key
Deployment Type: Key Trust"
"16-06-2026 12:04:57","5702","Information","Microsoft-Windows-HelloForBusiness","Windows Hello wrote following protector properties to disk: HResult = 0x0, PIN protector = true, Bio protector = false, Secure Bio Protector = false, Recovery protector = true, Preboot protector = false"
"16-06-2026 12:04:56","5002","Information","Microsoft-Windows-HelloForBusiness","A user is signing into the device with the following gesture information:

Type: Invalid
Subtype: No Bio"
"16-06-2026 11:48:29","5001","Information","Microsoft-Windows-HelloForBusiness","A user signed into the device with the following information:

Username: SYSTEM
User SID: S-1-5-18
Credential Type: Software Key
Deployment Type: Key Trust"
"16-06-2026 11:48:29","5702","Information","Microsoft-Windows-HelloForBusiness","Windows Hello wrote following protector properties to disk: HResult = 0x0, PIN protector = true, Bio protector = false, Secure Bio Protector = false, Recovery protector = true, Preboot protector = false"
"16-06-2026 11:48:29","5002","Information","Microsoft-Windows-HelloForBusiness","A user is signing into the device with the following gesture information:

Type: Invalid
Subtype: No Bio"
"16-06-2026 11:40:31","5001","Information","Microsoft-Windows-HelloForBusiness","A user signed into the device with the following information:

Username: SYSTEM
User SID: S-1-5-18
Credential Type: Software Key
Deployment Type: Key Trust"
"16-06-2026 11:40:31","5702","Information","Microsoft-Windows-HelloForBusiness","Windows Hello wrote following protector properties to disk: HResult = 0x0, PIN protector = true, Bio protector = false, Secure Bio Protector = false, Recovery protector = true, Preboot protector = false"
"16-06-2026 11:40:30","5002","Information","Microsoft-Windows-HelloForBusiness","A user is signing into the device with the following gesture information:

Type: Invalid
Subtype: No Bio"
"16-06-2026 11:12:34","5001","Information","Microsoft-Windows-HelloForBusiness","A user signed into the device with the following information:

Username: SYSTEM
User SID: S-1-5-18
Credential Type: Software Key
Deployment Type: Key Trust"
"16-06-2026 11:12:34","5702","Information","Microsoft-Windows-HelloForBusiness","Windows Hello wrote following protector properties to disk: HResult = 0x0, PIN protector = true, Bio protector = false, Secure Bio Protector = false, Recovery protector = true, Preboot protector = false"
"16-06-2026 11:12:34","5002","Information","Microsoft-Windows-HelloForBusiness","A user is signing into the device with the following gesture information:

Type: Invalid
Subtype: No Bio"
"16-06-2026 11:11:57","5001","Information","Microsoft-Windows-HelloForBusiness","A user signed into the device with the following information:

Username: SYSTEM
User SID: S-1-5-18
Credential Type: Software Key
Deployment Type: Key Trust"
"16-06-2026 11:11:57","5702","Information","Microsoft-Windows-HelloForBusiness","Windows Hello wrote following protector properties to disk: HResult = 0x0, PIN protector = true, Bio protector = false, Secure Bio Protector = false, Recovery protector = true, Preboot protector = false"
"16-06-2026 11:11:57","5002","Information","Microsoft-Windows-HelloForBusiness","A user is signing into the device with the following gesture information:

Type: Invalid
Subtype: No Bio"
"16-06-2026 11:11:37","5000","Information","Microsoft-Windows-HelloForBusiness","TPM Manufacturer: ST Microelectronics
Version: 2.0
Firmware Version: 1.769.0.0
Is Ready: true"
"16-06-2026 11:11:37","8025","Success","Microsoft-Windows-HelloForBusiness","The Microsoft Passport service started successfully."
"16-06-2026 10:12:14","5205","Information","Microsoft-Windows-HelloForBusiness","Windows Hello for Business On-Premise authentication configurations: 

Certificate Enrollment Method: None
Certificate Required for On-Premise Auth: false
Use Cloud Trust for On-Premise Auth: false
Account has Cloud TGT: false"
"16-06-2026 10:10:28","5000","Information","Microsoft-Windows-HelloForBusiness","TPM Manufacturer: ST Microelectronics
Version: 2.0
Firmware Version: 1.769.0.0
Is Ready: true"
"16-06-2026 10:10:28","8025","Success","Microsoft-Windows-HelloForBusiness","The Microsoft Passport service started successfully."
"16-06-2026 09:59:52","5205","Information","Microsoft-Windows-HelloForBusiness","Windows Hello for Business On-Premise authentication configurations: 

Certificate Enrollment Method: None
Certificate Required for On-Premise Auth: false
Use Cloud Trust for On-Premise Auth: false
Account has Cloud TGT: false"
"16-06-2026 09:59:25","8025","Success","Microsoft-Windows-HelloForBusiness","The Microsoft Passport Container service started successfully."
"16-06-2026 09:59:24","8002","Success","Microsoft-Windows-HelloForBusiness","Successfully loaded an existing hardware Windows Hello container.

ID: {dc3bf01d-2dbb-4626-b5cb-24709c65303f}
Version: 2
Has Cached Logon Key: true
State: Okay"
"16-06-2026 09:59:23","5701","Information","Microsoft-Windows-HelloForBusiness","Windows Hello read following protector properties from disk: HResult = 0x0, PIN protector = true, Bio protector = false, Secure Bio Protector = false, Recovery protector = true, Preboot protector = false"
"16-06-2026 09:59:23","5000","Information","Microsoft-Windows-HelloForBusiness","TPM Manufacturer: ST Microelectronics
Version: 2.0
Firmware Version: 1.769.0.0
Is Ready: true"
"16-06-2026 09:59:23","8025","Success","Microsoft-Windows-HelloForBusiness","The Microsoft Passport service started successfully."
"16-06-2026 09:05:49","5001","Information","Microsoft-Windows-HelloForBusiness","A user signed into the device with the following information:

Username: SYSTEM
User SID: S-1-5-18
Credential Type: Software Key
Deployment Type: Key Trust"
"16-06-2026 09:05:48","5702","Information","Microsoft-Windows-HelloForBusiness","Windows Hello wrote following protector properties to disk: HResult = 0x0, PIN protector = true, Bio protector = false, Secure Bio Protector = false, Recovery protector = true, Preboot protector = false"
"16-06-2026 09:05:48","5002","Information","Microsoft-Windows-HelloForBusiness","A user is signing into the device with the following gesture information:

Type: Invalid
Subtype: No Bio"
"15-06-2026 18:52:31","5001","Information","Microsoft-Windows-HelloForBusiness","A user signed into the device with the following information:

Username: SYSTEM
User SID: S-1-5-18
Credential Type: Software Key
Deployment Type: Key Trust"
"15-06-2026 18:52:31","5702","Information","Microsoft-Windows-HelloForBusiness","Windows Hello wrote following protector properties to disk: HResult = 0x0, PIN protector = true, Bio protector = false, Secure Bio Protector = false, Recovery protector = true, Preboot protector = false"
"15-06-2026 18:52:31","5002","Information","Microsoft-Windows-HelloForBusiness","A user is signing into the device with the following gesture information:

Type: Invalid
Subtype: No Bio"
"15-06-2026 17:35:37","5001","Information","Microsoft-Windows-HelloForBusiness","A user signed into the device with the following information:

Username: SYSTEM
User SID: S-1-5-18
Credential Type: Software Key
Deployment Type: Key Trust"
"15-06-2026 17:35:37","5702","Information","Microsoft-Windows-HelloForBusiness","Windows Hello wrote following protector properties to disk: HResult = 0x0, PIN protector = true, Bio protector = false, Secure Bio Protector = false, Recovery protector = true, Preboot protector = false"
"15-06-2026 17:35:37","5002","Information","Microsoft-Windows-HelloForBusiness","A user is signing into the device with the following gesture information:

Type: Invalid
Subtype: No Bio"
"15-06-2026 16:59:55","5001","Information","Microsoft-Windows-HelloForBusiness","A user signed into the device with the following information:

Username: SYSTEM
User SID: S-1-5-18
Credential Type: Software Key
Deployment Type: Key Trust"
"15-06-2026 16:59:55","5702","Information","Microsoft-Windows-HelloForBusiness","Windows Hello wrote following protector properties to disk: HResult = 0x0, PIN protector = true, Bio protector = false, Secure Bio Protector = false, Recovery protector = true, Preboot protector = false"
"15-06-2026 16:59:54","5002","Information","Microsoft-Windows-HelloForBusiness","A user is signing into the device with the following gesture information:

Type: Invalid
Subtype: No Bio"
"15-06-2026 16:23:35","5001","Information","Microsoft-Windows-HelloForBusiness","A user signed into the device with the following information:

Username: SYSTEM
User SID: S-1-5-18
Credential Type: Software Key
Deployment Type: Key Trust"
"15-06-2026 16:23:35","5702","Information","Microsoft-Windows-HelloForBusiness","Windows Hello wrote following protector properties to disk: HResult = 0x0, PIN protector = true, Bio protector = false, Secure Bio Protector = false, Recovery protector = true, Preboot protector = false"
"15-06-2026 16:23:35","5002","Information","Microsoft-Windows-HelloForBusiness","A user is signing into the device with the following gesture information:

Type: Invalid
Subtype: No Bio"
"15-06-2026 16:10:18","5001","Information","Microsoft-Windows-HelloForBusiness","A user signed into the device with the following information:

Username: SYSTEM
User SID: S-1-5-18
Credential Type: Software Key
Deployment Type: Key Trust"
"15-06-2026 16:10:18","5702","Information","Microsoft-Windows-HelloForBusiness","Windows Hello wrote following protector properties to disk: HResult = 0x0, PIN protector = true, Bio protector = false, Secure Bio Protector = false, Recovery protector = true, Preboot protector = false"
"15-06-2026 16:10:17","5002","Information","Microsoft-Windows-HelloForBusiness","A user is signing into the device with the following gesture information:

Type: Invalid
Subtype: No Bio"
"15-06-2026 15:32:51","5001","Information","Microsoft-Windows-HelloForBusiness","A user signed into the device with the following information:

Username: SYSTEM
User SID: S-1-5-18
Credential Type: Software Key
Deployment Type: Key Trust"
"15-06-2026 15:32:51","5702","Information","Microsoft-Windows-HelloForBusiness","Windows Hello wrote following protector properties to disk: HResult = 0x0, PIN protector = true, Bio protector = false, Secure Bio Protector = false, Recovery protector = true, Preboot protector = false"
"15-06-2026 15:32:51","5002","Information","Microsoft-Windows-HelloForBusiness","A user is signing into the device with the following gesture information:

Type: Invalid
Subtype: No Bio"
"15-06-2026 14:23:39","5702","Information","Microsoft-Windows-HelloForBusiness","Windows Hello wrote following protector properties to disk: HResult = 0x0, PIN protector = true, Bio protector = false, Secure Bio Protector = false, Recovery protector = true, Preboot protector = false"
"15-06-2026 14:23:38","5002","Information","Microsoft-Windows-HelloForBusiness","A user is signing into the device with the following gesture information:

Type: Invalid
Subtype: No Bio"
"15-06-2026 14:23:27","5702","Information","Microsoft-Windows-HelloForBusiness","Windows Hello wrote following protector properties to disk: HResult = 0x0, PIN protector = true, Bio protector = false, Secure Bio Protector = false, Recovery protector = true, Preboot protector = false"
"15-06-2026 14:23:27","5002","Information","Microsoft-Windows-HelloForBusiness","A user is signing into the device with the following gesture information:

Type: Invalid
Subtype: No Bio"
"15-06-2026 13:50:25","5001","Information","Microsoft-Windows-HelloForBusiness","A user signed into the device with the following information:

Username: SYSTEM
User SID: S-1-5-18
Credential Type: Software Key
Deployment Type: Key Trust"
"15-06-2026 13:50:25","5702","Information","Microsoft-Windows-HelloForBusiness","Windows Hello wrote following protector properties to disk: HResult = 0x0, PIN protector = true, Bio protector = false, Secure Bio Protector = false, Recovery protector = true, Preboot protector = false"
"15-06-2026 13:50:25","5002","Information","Microsoft-Windows-HelloForBusiness","A user is signing into the device with the following gesture information:

Type: Invalid
Subtype: No Bio"
"15-06-2026 11:27:27","5001","Information","Microsoft-Windows-HelloForBusiness","A user signed into the device with the following information:

Username: SYSTEM
User SID: S-1-5-18
Credential Type: Software Key
Deployment Type: Key Trust"
"15-06-2026 11:27:27","5702","Information","Microsoft-Windows-HelloForBusiness","Windows Hello wrote following protector properties to disk: HResult = 0x0, PIN protector = true, Bio protector = false, Secure Bio Protector = false, Recovery protector = true, Preboot protector = false"
"15-06-2026 11:27:26","5002","Information","Microsoft-Windows-HelloForBusiness","A user is signing into the device with the following gesture information:

Type: Invalid
Subtype: No Bio"
"15-06-2026 11:12:26","5001","Information","Microsoft-Windows-HelloForBusiness","A user signed into the device with the following information:

Username: SYSTEM
User SID: S-1-5-18
Credential Type: Software Key
Deployment Type: Key Trust"
"15-06-2026 11:12:26","5702","Information","Microsoft-Windows-HelloForBusiness","Windows Hello wrote following protector properties to disk: HResult = 0x0, PIN protector = true, Bio protector = false, Secure Bio Protector = false, Recovery protector = true, Preboot protector = false"
"15-06-2026 11:12:25","5002","Information","Microsoft-Windows-HelloForBusiness","A user is signing into the device with the following gesture information:

Type: Invalid
Subtype: No Bio"
"15-06-2026 10:09:49","5001","Information","Microsoft-Windows-HelloForBusiness","A user signed into the device with the following information:

Username: SYSTEM
User SID: S-1-5-18
Credential Type: Software Key
Deployment Type: Key Trust"
"15-06-2026 10:09:49","5702","Information","Microsoft-Windows-HelloForBusiness","Windows Hello wrote following protector properties to disk: HResult = 0x0, PIN protector = true, Bio protector = false, Secure Bio Protector = false, Recovery protector = true, Preboot protector = false"
"15-06-2026 10:09:49","5002","Information","Microsoft-Windows-HelloForBusiness","A user is signing into the device with the following gesture information:

Type: Invalid
Subtype: No Bio"
"15-06-2026 10:08:11","5001","Information","Microsoft-Windows-HelloForBusiness","A user signed into the device with the following information:

Username: SYSTEM
User SID: S-1-5-18
Credential Type: Software Key
Deployment Type: Key Trust"
"15-06-2026 10:08:11","5702","Information","Microsoft-Windows-HelloForBusiness","Windows Hello wrote following protector properties to disk: HResult = 0x0, PIN protector = true, Bio protector = false, Secure Bio Protector = false, Recovery protector = true, Preboot protector = false"
"15-06-2026 10:08:10","5002","Information","Microsoft-Windows-HelloForBusiness","A user is signing into the device with the following gesture information:

Type: Invalid
Subtype: No Bio"
"15-06-2026 09:12:19","5205","Information","Microsoft-Windows-HelloForBusiness","Windows Hello for Business On-Premise authentication configurations: 

Certificate Enrollment Method: None
Certificate Required for On-Premise Auth: false
Use Cloud Trust for On-Premise Auth: false
Account has Cloud TGT: false"
"15-06-2026 08:53:13","5001","Information","Microsoft-Windows-HelloForBusiness","A user signed into the device with the following information:

Username: SYSTEM
User SID: S-1-5-18
Credential Type: Software Key
Deployment Type: Key Trust"
"15-06-2026 08:53:06","5702","Information","Microsoft-Windows-HelloForBusiness","Windows Hello wrote following protector properties to disk: HResult = 0x0, PIN protector = true, Bio protector = false, Secure Bio Protector = false, Recovery protector = true, Preboot protector = false"
"15-06-2026 08:53:06","5002","Information","Microsoft-Windows-HelloForBusiness","A user is signing into the device with the following gesture information:

Type: Invalid
Subtype: No Bio"
"12-06-2026 16:50:37","5001","Information","Microsoft-Windows-HelloForBusiness","A user signed into the device with the following information:

Username: SYSTEM
User SID: S-1-5-18
Credential Type: Software Key
Deployment Type: Key Trust"
"12-06-2026 16:50:37","5702","Information","Microsoft-Windows-HelloForBusiness","Windows Hello wrote following protector properties to disk: HResult = 0x0, PIN protector = true, Bio protector = false, Secure Bio Protector = false, Recovery protector = true, Preboot protector = false"
"12-06-2026 16:50:37","5002","Information","Microsoft-Windows-HelloForBusiness","A user is signing into the device with the following gesture information:

Type: Invalid
Subtype: No Bio"
"12-06-2026 16:24:53","5001","Information","Microsoft-Windows-HelloForBusiness","A user signed into the device with the following information:

Username: SYSTEM
User SID: S-1-5-18
Credential Type: Software Key
Deployment Type: Key Trust"
"12-06-2026 16:24:53","5702","Information","Microsoft-Windows-HelloForBusiness","Windows Hello wrote following protector properties to disk: HResult = 0x0, PIN protector = true, Bio protector = false, Secure Bio Protector = false, Recovery protector = true, Preboot protector = false"
"12-06-2026 16:24:53","5002","Information","Microsoft-Windows-HelloForBusiness","A user is signing into the device with the following gesture information:

Type: Invalid
Subtype: No Bio"
"12-06-2026 15:32:23","5001","Information","Microsoft-Windows-HelloForBusiness","A user signed into the device with the following information:

Username: SYSTEM
User SID: S-1-5-18
Credential Type: Software Key
Deployment Type: Key Trust"
"12-06-2026 15:32:23","5702","Information","Microsoft-Windows-HelloForBusiness","Windows Hello wrote following protector properties to disk: HResult = 0x0, PIN protector = true, Bio protector = false, Secure Bio Protector = false, Recovery protector = true, Preboot protector = false"
"12-06-2026 15:32:23","5002","Information","Microsoft-Windows-HelloForBusiness","A user is signing into the device with the following gesture information:

Type: Invalid
Subtype: No Bio"
"12-06-2026 15:07:26","5001","Information","Microsoft-Windows-HelloForBusiness","A user signed into the device with the following information:

Username: SYSTEM
User SID: S-1-5-18
Credential Type: Software Key
Deployment Type: Key Trust"
"12-06-2026 15:07:26","5702","Information","Microsoft-Windows-HelloForBusiness","Windows Hello wrote following protector properties to disk: HResult = 0x0, PIN protector = true, Bio protector = false, Secure Bio Protector = false, Recovery protector = true, Preboot protector = false"
"12-06-2026 15:07:25","5002","Information","Microsoft-Windows-HelloForBusiness","A user is signing into the device with the following gesture information:

Type: Invalid
Subtype: No Bio"
"12-06-2026 14:11:43","5001","Information","Microsoft-Windows-HelloForBusiness","A user signed into the device with the following information:

Username: SYSTEM
User SID: S-1-5-18
Credential Type: Software Key
Deployment Type: Key Trust"
"12-06-2026 14:11:43","5702","Information","Microsoft-Windows-HelloForBusiness","Windows Hello wrote following protector properties to disk: HResult = 0x0, PIN protector = true, Bio protector = false, Secure Bio Protector = false, Recovery protector = true, Preboot protector = false"
"12-06-2026 14:11:43","5002","Information","Microsoft-Windows-HelloForBusiness","A user is signing into the device with the following gesture information:

Type: Invalid
Subtype: No Bio"
"12-06-2026 11:34:10","5702","Information","Microsoft-Windows-HelloForBusiness","Windows Hello wrote following protector properties to disk: HResult = 0x0, PIN protector = true, Bio protector = false, Secure Bio Protector = false, Recovery protector = true, Preboot protector = false"
"12-06-2026 11:34:10","8060","Success","Microsoft-Windows-HelloForBusiness","Windows Hello successfully created a PIN recovery key for user S-1-12-1-2357405129-1281513531-255772574-1816207334.
Processing time: 0 seconds"
"12-06-2026 11:34:10","5001","Information","Microsoft-Windows-HelloForBusiness","A user signed into the device with the following information:

Username: SYSTEM
User SID: S-1-5-18
Credential Type: Software Key
Deployment Type: Key Trust"
"12-06-2026 11:34:10","5702","Information","Microsoft-Windows-HelloForBusiness","Windows Hello wrote following protector properties to disk: HResult = 0x0, PIN protector = true, Bio protector = false, Secure Bio Protector = false, Recovery protector = true, Preboot protector = false"
"12-06-2026 11:34:10","5702","Information","Microsoft-Windows-HelloForBusiness","Windows Hello wrote following protector properties to disk: HResult = 0x0, PIN protector = true, Bio protector = false, Secure Bio Protector = false, Recovery protector = false, Preboot protector = false"
"12-06-2026 11:34:10","5002","Information","Microsoft-Windows-HelloForBusiness","A user is signing into the device with the following gesture information:

Type: Invalid
Subtype: No Bio"
"12-06-2026 11:28:37","5000","Information","Microsoft-Windows-HelloForBusiness","TPM Manufacturer: ST Microelectronics
Version: 2.0
Firmware Version: 1.769.0.0
Is Ready: true"
"12-06-2026 11:28:37","8025","Success","Microsoft-Windows-HelloForBusiness","The Microsoft Passport service started successfully."
"12-06-2026 10:07:25","5205","Information","Microsoft-Windows-HelloForBusiness","Windows Hello for Business On-Premise authentication configurations: 

Certificate Enrollment Method: None
Certificate Required for On-Premise Auth: false
Use Cloud Trust for On-Premise Auth: false
Account has Cloud TGT: false"
"12-06-2026 10:05:32","5000","Information","Microsoft-Windows-HelloForBusiness","TPM Manufacturer: ST Microelectronics
Version: 2.0
Firmware Version: 1.769.0.0
Is Ready: true"
"12-06-2026 10:05:32","8025","Success","Microsoft-Windows-HelloForBusiness","The Microsoft Passport service started successfully."
"12-06-2026 09:59:17","5000","Information","Microsoft-Windows-HelloForBusiness","TPM Manufacturer: ST Microelectronics
Version: 2.0
Firmware Version: 1.769.0.0
Is Ready: true"
"12-06-2026 09:59:17","8025","Success","Microsoft-Windows-HelloForBusiness","The Microsoft Passport service started successfully."
"12-06-2026 09:55:05","5205","Information","Microsoft-Windows-HelloForBusiness","Windows Hello for Business On-Premise authentication configurations: 

Certificate Enrollment Method: None
Certificate Required for On-Premise Auth: false
Use Cloud Trust for On-Premise Auth: false
Account has Cloud TGT: false"
"12-06-2026 09:54:38","8025","Success","Microsoft-Windows-HelloForBusiness","The Microsoft Passport Container service started successfully."
"12-06-2026 09:54:37","8002","Success","Microsoft-Windows-HelloForBusiness","Successfully loaded an existing hardware Windows Hello container.

ID: {dc3bf01d-2dbb-4626-b5cb-24709c65303f}
Version: 2
Has Cached Logon Key: true
State: Okay"
"12-06-2026 09:54:36","5701","Information","Microsoft-Windows-HelloForBusiness","Windows Hello read following protector properties from disk: HResult = 0x0, PIN protector = true, Bio protector = false, Secure Bio Protector = false, Recovery protector = false, Preboot protector = false"
"12-06-2026 09:54:36","5000","Information","Microsoft-Windows-HelloForBusiness","TPM Manufacturer: ST Microelectronics
Version: 2.0
Firmware Version: 1.769.0.0
Is Ready: true"
"12-06-2026 09:54:36","8025","Success","Microsoft-Windows-HelloForBusiness","The Microsoft Passport service started successfully."
"12-06-2026 09:19:57","5001","Information","Microsoft-Windows-HelloForBusiness","A user signed into the device with the following information:

Username: SYSTEM
User SID: S-1-5-18
Credential Type: Software Key
Deployment Type: Key Trust"
"12-06-2026 09:19:56","5702","Information","Microsoft-Windows-HelloForBusiness","Windows Hello wrote following protector properties to disk: HResult = 0x0, PIN protector = true, Bio protector = false, Secure Bio Protector = false, Recovery protector = false, Preboot protector = false"
"12-06-2026 09:19:56","7060","Error","Microsoft-Windows-HelloForBusiness","Windows Hello failed to create a PIN recovery key for user S-1-12-1-2357405129-1281513531-255772574-1816207334.
Error: Unknown error 0x80072EE7 (0x80072EE7)
Correlation vector: h5IFZ7f1O0W6bLa8j4N/Mg.0
Processing time: 0 seconds."
"12-06-2026 09:19:56","5702","Information","Microsoft-Windows-HelloForBusiness","Windows Hello wrote following protector properties to disk: HResult = 0x0, PIN protector = true, Bio protector = false, Secure Bio Protector = false, Recovery protector = true, Preboot protector = false"
"12-06-2026 09:19:56","5702","Information","Microsoft-Windows-HelloForBusiness","Windows Hello wrote following protector properties to disk: HResult = 0x0, PIN protector = true, Bio protector = false, Secure Bio Protector = false, Recovery protector = false, Preboot protector = false"
"12-06-2026 09:19:56","5702","Information","Microsoft-Windows-HelloForBusiness","Windows Hello wrote following protector properties to disk: HResult = 0x0, PIN protector = true, Bio protector = false, Secure Bio Protector = false, Recovery protector = true, Preboot protector = false"
"12-06-2026 09:19:55","5002","Information","Microsoft-Windows-HelloForBusiness","A user is signing into the device with the following gesture information:

Type: Invalid
Subtype: No Bio"
"11-06-2026 18:16:10","5001","Information","Microsoft-Windows-HelloForBusiness","A user signed into the device with the following information:

Username: SYSTEM
User SID: S-1-5-18
Credential Type: Software Key
Deployment Type: Key Trust"
"11-06-2026 18:16:09","5702","Information","Microsoft-Windows-HelloForBusiness","Windows Hello wrote following protector properties to disk: HResult = 0x0, PIN protector = true, Bio protector = false, Secure Bio Protector = false, Recovery protector = true, Preboot protector = false"
"11-06-2026 18:16:09","5002","Information","Microsoft-Windows-HelloForBusiness","A user is signing into the device with the following gesture information:

Type: Invalid
Subtype: No Bio"
"11-06-2026 16:48:12","5001","Information","Microsoft-Windows-HelloForBusiness","A user signed into the device with the following information:

Username: SYSTEM
User SID: S-1-5-18
Credential Type: Software Key
Deployment Type: Key Trust"
"11-06-2026 16:48:12","5702","Information","Microsoft-Windows-HelloForBusiness","Windows Hello wrote following protector properties to disk: HResult = 0x0, PIN protector = true, Bio protector = false, Secure Bio Protector = false, Recovery protector = true, Preboot protector = false"
"11-06-2026 16:48:12","5002","Information","Microsoft-Windows-HelloForBusiness","A user is signing into the device with the following gesture information:

Type: Invalid
Subtype: No Bio"
"11-06-2026 14:20:57","5001","Information","Microsoft-Windows-HelloForBusiness","A user signed into the device with the following information:

Username: SYSTEM
User SID: S-1-5-18
Credential Type: Software Key
Deployment Type: Key Trust"
"11-06-2026 14:20:57","5702","Information","Microsoft-Windows-HelloForBusiness","Windows Hello wrote following protector properties to disk: HResult = 0x0, PIN protector = true, Bio protector = false, Secure Bio Protector = false, Recovery protector = true, Preboot protector = false"
"11-06-2026 14:20:56","5002","Information","Microsoft-Windows-HelloForBusiness","A user is signing into the device with the following gesture information:

Type: Invalid
Subtype: No Bio"
"11-06-2026 12:11:06","5001","Information","Microsoft-Windows-HelloForBusiness","A user signed into the device with the following information:

Username: SYSTEM
User SID: S-1-5-18
Credential Type: Software Key
Deployment Type: Key Trust"
"11-06-2026 12:11:06","5702","Information","Microsoft-Windows-HelloForBusiness","Windows Hello wrote following protector properties to disk: HResult = 0x0, PIN protector = true, Bio protector = false, Secure Bio Protector = false, Recovery protector = true, Preboot protector = false"
"11-06-2026 12:11:06","5002","Information","Microsoft-Windows-HelloForBusiness","A user is signing into the device with the following gesture information:

Type: Invalid
Subtype: No Bio"
"11-06-2026 11:25:55","5001","Information","Microsoft-Windows-HelloForBusiness","A user signed into the device with the following information:

Username: SYSTEM
User SID: S-1-5-18
Credential Type: Software Key
Deployment Type: Key Trust"
"11-06-2026 11:25:55","5702","Information","Microsoft-Windows-HelloForBusiness","Windows Hello wrote following protector properties to disk: HResult = 0x0, PIN protector = true, Bio protector = false, Secure Bio Protector = false, Recovery protector = true, Preboot protector = false"
"11-06-2026 11:25:55","5002","Information","Microsoft-Windows-HelloForBusiness","A user is signing into the device with the following gesture information:

Type: Invalid
Subtype: No Bio"
"11-06-2026 11:08:53","5001","Information","Microsoft-Windows-HelloForBusiness","A user signed into the device with the following information:

Username: SYSTEM
User SID: S-1-5-18
Credential Type: Software Key
Deployment Type: Key Trust"
"11-06-2026 11:08:53","5702","Information","Microsoft-Windows-HelloForBusiness","Windows Hello wrote following protector properties to disk: HResult = 0x0, PIN protector = true, Bio protector = false, Secure Bio Protector = false, Recovery protector = true, Preboot protector = false"
"11-06-2026 11:08:52","5002","Information","Microsoft-Windows-HelloForBusiness","A user is signing into the device with the following gesture information:

Type: Invalid
Subtype: No Bio"
"11-06-2026 10:45:25","5001","Information","Microsoft-Windows-HelloForBusiness","A user signed into the device with the following information:

Username: SYSTEM
User SID: S-1-5-18
Credential Type: Software Key
Deployment Type: Key Trust"
"11-06-2026 10:45:25","5702","Information","Microsoft-Windows-HelloForBusiness","Windows Hello wrote following protector properties to disk: HResult = 0x0, PIN protector = true, Bio protector = false, Secure Bio Protector = false, Recovery protector = true, Preboot protector = false"
"11-06-2026 10:45:25","5002","Information","Microsoft-Windows-HelloForBusiness","A user is signing into the device with the following gesture information:

Type: Invalid
Subtype: No Bio"
"11-06-2026 09:49:55","5205","Information","Microsoft-Windows-HelloForBusiness","Windows Hello for Business On-Premise authentication configurations: 

Certificate Enrollment Method: None
Certificate Required for On-Premise Auth: false
Use Cloud Trust for On-Premise Auth: false
Account has Cloud TGT: false"
"11-06-2026 09:07:00","5001","Information","Microsoft-Windows-HelloForBusiness","A user signed into the device with the following information:

Username: SYSTEM
User SID: S-1-5-18
Credential Type: Software Key
Deployment Type: Key Trust"
"11-06-2026 09:07:00","5702","Information","Microsoft-Windows-HelloForBusiness","Windows Hello wrote following protector properties to disk: HResult = 0x0, PIN protector = true, Bio protector = false, Secure Bio Protector = false, Recovery protector = true, Preboot protector = false"
"11-06-2026 09:07:00","5002","Information","Microsoft-Windows-HelloForBusiness","A user is signing into the device with the following gesture information:

Type: Invalid
Subtype: No Bio"
"10-06-2026 18:38:36","5001","Information","Microsoft-Windows-HelloForBusiness","A user signed into the device with the following information:

Username: SYSTEM
User SID: S-1-5-18
Credential Type: Software Key
Deployment Type: Key Trust"
"10-06-2026 18:38:35","5702","Information","Microsoft-Windows-HelloForBusiness","Windows Hello wrote following protector properties to disk: HResult = 0x0, PIN protector = true, Bio protector = false, Secure Bio Protector = false, Recovery protector = true, Preboot protector = false"
"10-06-2026 18:38:35","5002","Information","Microsoft-Windows-HelloForBusiness","A user is signing into the device with the following gesture information:

Type: Invalid
Subtype: No Bio"
"10-06-2026 16:59:44","5001","Information","Microsoft-Windows-HelloForBusiness","A user signed into the device with the following information:

Username: SYSTEM
User SID: S-1-5-18
Credential Type: Software Key
Deployment Type: Key Trust"
"10-06-2026 16:59:44","5702","Information","Microsoft-Windows-HelloForBusiness","Windows Hello wrote following protector properties to disk: HResult = 0x0, PIN protector = true, Bio protector = false, Secure Bio Protector = false, Recovery protector = true, Preboot protector = false"
"10-06-2026 16:59:44","5002","Information","Microsoft-Windows-HelloForBusiness","A user is signing into the device with the following gesture information:

Type: Invalid
Subtype: No Bio"
"10-06-2026 16:00:46","5001","Information","Microsoft-Windows-HelloForBusiness","A user signed into the device with the following information:

Username: SYSTEM
User SID: S-1-5-18
Credential Type: Software Key
Deployment Type: Key Trust"
"10-06-2026 16:00:46","5702","Information","Microsoft-Windows-HelloForBusiness","Windows Hello wrote following protector properties to disk: HResult = 0x0, PIN protector = true, Bio protector = false, Secure Bio Protector = false, Recovery protector = true, Preboot protector = false"
"10-06-2026 16:00:46","5002","Information","Microsoft-Windows-HelloForBusiness","A user is signing into the device with the following gesture information:

Type: Invalid
Subtype: No Bio"
"10-06-2026 14:29:05","5001","Information","Microsoft-Windows-HelloForBusiness","A user signed into the device with the following information:

Username: SYSTEM
User SID: S-1-5-18
Credential Type: Software Key
Deployment Type: Key Trust"
"10-06-2026 14:29:05","5702","Information","Microsoft-Windows-HelloForBusiness","Windows Hello wrote following protector properties to disk: HResult = 0x0, PIN protector = true, Bio protector = false, Secure Bio Protector = false, Recovery protector = true, Preboot protector = false"
"10-06-2026 14:29:05","5002","Information","Microsoft-Windows-HelloForBusiness","A user is signing into the device with the following gesture information:

Type: Invalid
Subtype: No Bio"
"10-06-2026 14:09:45","5205","Information","Microsoft-Windows-HelloForBusiness","Windows Hello for Business On-Premise authentication configurations: 

Certificate Enrollment Method: None
Certificate Required for On-Premise Auth: false
Use Cloud Trust for On-Premise Auth: false
Account has Cloud TGT: false"
"10-06-2026 12:43:19","5001","Information","Microsoft-Windows-HelloForBusiness","A user signed into the device with the following information:

Username: SYSTEM
User SID: S-1-5-18
Credential Type: Software Key
Deployment Type: Key Trust"
"10-06-2026 12:43:18","5702","Information","Microsoft-Windows-HelloForBusiness","Windows Hello wrote following protector properties to disk: HResult = 0x0, PIN protector = true, Bio protector = false, Secure Bio Protector = false, Recovery protector = true, Preboot protector = false"
"10-06-2026 12:43:18","5002","Information","Microsoft-Windows-HelloForBusiness","A user is signing into the device with the following gesture information:

Type: Invalid
Subtype: No Bio"
"10-06-2026 09:53:47","5001","Information","Microsoft-Windows-HelloForBusiness","A user signed into the device with the following information:

Username: SYSTEM
User SID: S-1-5-18
Credential Type: Software Key
Deployment Type: Key Trust"
"10-06-2026 09:53:47","5702","Information","Microsoft-Windows-HelloForBusiness","Windows Hello wrote following protector properties to disk: HResult = 0x0, PIN protector = true, Bio protector = false, Secure Bio Protector = false, Recovery protector = true, Preboot protector = false"
"10-06-2026 09:53:47","5002","Information","Microsoft-Windows-HelloForBusiness","A user is signing into the device with the following gesture information:

Type: Invalid
Subtype: No Bio"
"09-06-2026 19:09:29","5001","Information","Microsoft-Windows-HelloForBusiness","A user signed into the device with the following information:

Username: SYSTEM
User SID: S-1-5-18
Credential Type: Software Key
Deployment Type: Key Trust"
"09-06-2026 19:09:29","5702","Information","Microsoft-Windows-HelloForBusiness","Windows Hello wrote following protector properties to disk: HResult = 0x0, PIN protector = true, Bio protector = false, Secure Bio Protector = false, Recovery protector = true, Preboot protector = false"
"09-06-2026 19:09:29","5002","Information","Microsoft-Windows-HelloForBusiness","A user is signing into the device with the following gesture information:

Type: Invalid
Subtype: No Bio"
"09-06-2026 18:24:17","5001","Information","Microsoft-Windows-HelloForBusiness","A user signed into the device with the following information:

Username: SYSTEM
User SID: S-1-5-18
Credential Type: Software Key
Deployment Type: Key Trust"
"09-06-2026 18:24:17","5702","Information","Microsoft-Windows-HelloForBusiness","Windows Hello wrote following protector properties to disk: HResult = 0x0, PIN protector = true, Bio protector = false, Secure Bio Protector = false, Recovery protector = true, Preboot protector = false"
"09-06-2026 18:24:17","5002","Information","Microsoft-Windows-HelloForBusiness","A user is signing into the device with the following gesture information:

Type: Invalid
Subtype: No Bio"
"09-06-2026 18:24:15","7001","Error","Microsoft-Windows-HelloForBusiness","A user failed to sign into the device with the following information:

Username: SYSTEM
User SID: S-1-5-18
Credential Type: Software Key
Deployment Type: Key Trust
Software Lockout Counter: 0
Authentication Error Status: 0xC000006D
Authentication Error Substatus: 0xC0000380"
"09-06-2026 18:24:14","5002","Information","Microsoft-Windows-HelloForBusiness","A user is signing into the device with the following gesture information:

Type: Invalid
Subtype: No Bio"
"09-06-2026 16:28:30","5001","Information","Microsoft-Windows-HelloForBusiness","A user signed into the device with the following information:

Username: SYSTEM
User SID: S-1-5-18
Credential Type: Software Key
Deployment Type: Key Trust"
"09-06-2026 16:28:30","5702","Information","Microsoft-Windows-HelloForBusiness","Windows Hello wrote following protector properties to disk: HResult = 0x0, PIN protector = true, Bio protector = false, Secure Bio Protector = false, Recovery protector = true, Preboot protector = false"
"09-06-2026 16:28:30","5002","Information","Microsoft-Windows-HelloForBusiness","A user is signing into the device with the following gesture information:

Type: Invalid
Subtype: No Bio"
"09-06-2026 15:48:43","5001","Information","Microsoft-Windows-HelloForBusiness","A user signed into the device with the following information:

Username: SYSTEM
User SID: S-1-5-18
Credential Type: Software Key
Deployment Type: Key Trust"
"09-06-2026 15:48:43","5702","Information","Microsoft-Windows-HelloForBusiness","Windows Hello wrote following protector properties to disk: HResult = 0x0, PIN protector = true, Bio protector = false, Secure Bio Protector = false, Recovery protector = true, Preboot protector = false"
"09-06-2026 15:48:43","5002","Information","Microsoft-Windows-HelloForBusiness","A user is signing into the device with the following gesture information:

Type: Invalid
Subtype: No Bio"
"09-06-2026 15:47:02","5001","Information","Microsoft-Windows-HelloForBusiness","A user signed into the device with the following information:

Username: SYSTEM
User SID: S-1-5-18
Credential Type: Software Key
Deployment Type: Key Trust"
"09-06-2026 15:47:02","5702","Information","Microsoft-Windows-HelloForBusiness","Windows Hello wrote following protector properties to disk: HResult = 0x0, PIN protector = true, Bio protector = false, Secure Bio Protector = false, Recovery protector = true, Preboot protector = false"
"09-06-2026 15:47:02","5002","Information","Microsoft-Windows-HelloForBusiness","A user is signing into the device with the following gesture information:

Type: Invalid
Subtype: No Bio"
"09-06-2026 14:44:48","5001","Information","Microsoft-Windows-HelloForBusiness","A user signed into the device with the following information:

Username: SYSTEM
User SID: S-1-5-18
Credential Type: Software Key
Deployment Type: Key Trust"
"09-06-2026 14:44:48","5702","Information","Microsoft-Windows-HelloForBusiness","Windows Hello wrote following protector properties to disk: HResult = 0x0, PIN protector = true, Bio protector = false, Secure Bio Protector = false, Recovery protector = true, Preboot protector = false"
"09-06-2026 14:44:48","5002","Information","Microsoft-Windows-HelloForBusiness","A user is signing into the device with the following gesture information:

Type: Invalid
Subtype: No Bio"
"09-06-2026 12:24:57","5001","Information","Microsoft-Windows-HelloForBusiness","A user signed into the device with the following information:

Username: SYSTEM
User SID: S-1-5-18
Credential Type: Software Key
Deployment Type: Key Trust"
"09-06-2026 12:24:57","5702","Information","Microsoft-Windows-HelloForBusiness","Windows Hello wrote following protector properties to disk: HResult = 0x0, PIN protector = true, Bio protector = false, Secure Bio Protector = false, Recovery protector = true, Preboot protector = false"
"09-06-2026 12:24:57","5002","Information","Microsoft-Windows-HelloForBusiness","A user is signing into the device with the following gesture information:

Type: Invalid
Subtype: No Bio"
"09-06-2026 11:44:28","5001","Information","Microsoft-Windows-HelloForBusiness","A user signed into the device with the following information:

Username: SYSTEM
User SID: S-1-5-18
Credential Type: Software Key
Deployment Type: Key Trust"
"09-06-2026 11:44:28","5702","Information","Microsoft-Windows-HelloForBusiness","Windows Hello wrote following protector properties to disk: HResult = 0x0, PIN protector = true, Bio protector = false, Secure Bio Protector = false, Recovery protector = true, Preboot protector = false"
"09-06-2026 11:44:28","5002","Information","Microsoft-Windows-HelloForBusiness","A user is signing into the device with the following gesture information:

Type: Invalid
Subtype: No Bio"
"09-06-2026 10:48:07","5001","Information","Microsoft-Windows-HelloForBusiness","A user signed into the device with the following information:

Username: SYSTEM
User SID: S-1-5-18
Credential Type: Software Key
Deployment Type: Key Trust"
"09-06-2026 10:48:07","5702","Information","Microsoft-Windows-HelloForBusiness","Windows Hello wrote following protector properties to disk: HResult = 0x0, PIN protector = true, Bio protector = false, Secure Bio Protector = false, Recovery protector = true, Preboot protector = false"
"09-06-2026 10:48:07","5002","Information","Microsoft-Windows-HelloForBusiness","A user is signing into the device with the following gesture information:

Type: Invalid
Subtype: No Bio"
"09-06-2026 09:51:59","5205","Information","Microsoft-Windows-HelloForBusiness","Windows Hello for Business On-Premise authentication configurations: 

Certificate Enrollment Method: None
Certificate Required for On-Premise Auth: false
Use Cloud Trust for On-Premise Auth: false
Account has Cloud TGT: false"
"09-06-2026 09:46:28","5001","Information","Microsoft-Windows-HelloForBusiness","A user signed into the device with the following information:

Username: SYSTEM
User SID: S-1-5-18
Credential Type: Software Key
Deployment Type: Key Trust"
"09-06-2026 09:46:28","5702","Information","Microsoft-Windows-HelloForBusiness","Windows Hello wrote following protector properties to disk: HResult = 0x0, PIN protector = true, Bio protector = false, Secure Bio Protector = false, Recovery protector = true, Preboot protector = false"
"09-06-2026 09:46:28","5002","Information","Microsoft-Windows-HelloForBusiness","A user is signing into the device with the following gesture information:

Type: Invalid
Subtype: No Bio"
"08-06-2026 19:14:19","5205","Information","Microsoft-Windows-HelloForBusiness","Windows Hello for Business On-Premise authentication configurations: 

Certificate Enrollment Method: None
Certificate Required for On-Premise Auth: false
Use Cloud Trust for On-Premise Auth: false
Account has Cloud TGT: false"
"08-06-2026 19:13:55","8025","Success","Microsoft-Windows-HelloForBusiness","The Microsoft Passport Container service started successfully."
