"TimeCreated","Id","LevelDisplayName","ProviderName","Message"
"17-08-2026 10:04:50","300","Information","Microsoft-Windows-DeviceSetupManager","Device container '{056018F3-EA11-DE01-11C1-516050C076BC}' has entered the ready state."
"10-08-2026 09:55:51","300","Information","Microsoft-Windows-DeviceSetupManager","Device container '{C523BC73-9470-11F1-A28D-54582D32ED0C}' has entered the ready state."
"06-08-2026 14:29:27","300","Information","Microsoft-Windows-DeviceSetupManager","Device container '{C261EE42-90D8-11F1-A28C-54582D32ED0C}' has entered the ready state."
"22-07-2026 13:17:27","300","Information","Microsoft-Windows-DeviceSetupManager","Device container '{D84161F5-217D-50C7-A076-A3E690E041CB}' has entered the ready state."
"22-07-2026 13:16:55","300","Information","Microsoft-Windows-DeviceSetupManager","Device container '{1C7D1448-FEB6-5F83-8D4B-BFF03B24C8A6}' has entered the ready state."
"21-07-2026 08:45:51","300","Information","Microsoft-Windows-DeviceSetupManager","Device container '{056018F3-EA11-DE01-11C1-516050C076BC}' has entered the ready state."
"10-07-2026 10:40:47","300","Information","Microsoft-Windows-DeviceSetupManager","Device container '{E2F71EDD-7B72-11F1-A285-54582D32ED0C}' has entered the ready state."
"07-07-2026 19:44:28","300","Information","Microsoft-Windows-DeviceSetupManager","Device container '{4183F4C7-3CF5-5F48-82A4-E1C43F3FE45D}' has entered the ready state."
"06-07-2026 13:53:38","300","Information","Microsoft-Windows-DeviceSetupManager","Device container '{00000000-0000-0000-0000-008B6DD8F265}' has entered the ready state."
"01-07-2026 10:31:32","300","Information","Microsoft-Windows-DeviceSetupManager","Device container '{00000000-0000-2C00-060A-160107000502}' has entered the ready state."
"30-06-2026 12:11:16","300","Information","Microsoft-Windows-DeviceSetupManager","Device container '{21C8FF95-2236-5CA3-8613-765D91702934}' has entered the ready state."
"30-06-2026 12:11:12","300","Information","Microsoft-Windows-DeviceSetupManager","Device container '{80024ADB-3047-5D2F-983F-EFF9E40C2833}' has entered the ready state."
"30-06-2026 11:13:30","300","Information","Microsoft-Windows-DeviceSetupManager","Device container '{2484F79E-73B0-11F1-A281-54582D32ED0C}' has entered the ready state."
"29-06-2026 10:27:56","300","Information","Microsoft-Windows-DeviceSetupManager","Device container '{D3F8C92A-DB02-586E-81CF-F17AE4427DD9}' has entered the ready state."
"29-06-2026 10:27:09","300","Information","Microsoft-Windows-DeviceSetupManager","Device container '{8E652481-7376-11F1-A281-54582D32ED0C}' has entered the ready state."
"29-06-2026 09:02:29","300","Information","Microsoft-Windows-DeviceSetupManager","Device container '{00000000-0000-0800-2F11-161E06000102}' has entered the ready state."
"25-06-2026 09:32:04","300","Information","Microsoft-Windows-DeviceSetupManager","Device container '{1A687113-6FA3-11F1-A27E-54582D32ED0C}' has entered the ready state."
"25-06-2026 09:32:04","300","Information","Microsoft-Windows-DeviceSetupManager","Device container '{1A687106-6FA3-11F1-A27E-54582D32ED0C}' has entered the ready state."
"24-06-2026 15:28:08","300","Information","Microsoft-Windows-DeviceSetupManager","Device container '{1A6862BD-6FA3-11F1-A27E-54582D32ED0C}' has entered the ready state."
"24-06-2026 15:18:08","300","Information","Microsoft-Windows-DeviceSetupManager","Device container '{1A686207-6FA3-11F1-A27E-54582D32ED0C}' has entered the ready state."
"24-06-2026 15:17:04","300","Information","Microsoft-Windows-DeviceSetupManager","Device container '{1A6861DC-6FA3-11F1-A27E-54582D32ED0C}' has entered the ready state."
"24-06-2026 15:17:03","300","Information","Microsoft-Windows-DeviceSetupManager","Device container '{6779FCCC-4BD9-5DAE-8476-49F9994420B5}' has entered the ready state."
"24-06-2026 15:17:02","300","Information","Microsoft-Windows-DeviceSetupManager","Device container '{11150715-212B-0102-0C00-004E34524B34}' has entered the ready state."
"23-06-2026 08:58:07","300","Information","Microsoft-Windows-DeviceSetupManager","Device container '{00000000-0000-0000-0000-007B6DD8DC18}' has entered the ready state."
"22-06-2026 08:51:39","300","Information","Microsoft-Windows-DeviceSetupManager","Device container '{65A5B7D5-6BA2-11F1-A27E-54582D32ED0C}' has entered the ready state."
"22-06-2026 08:51:38","300","Information","Microsoft-Windows-DeviceSetupManager","Device container '{3BBCA2DE-FFDA-53C6-90F2-F7FDD4F42870}' has entered the ready state."
"22-06-2026 08:51:38","300","Information","Microsoft-Windows-DeviceSetupManager","Device container '{13150715-2E0E-0103-0C00-004E34524B34}' has entered the ready state."
"19-06-2026 09:39:11","300","Information","Microsoft-Windows-DeviceSetupManager","Device container '{00000000-0000-0000-0000-002B68D90A1A}' has entered the ready state."
"17-06-2026 16:44:44","300","Information","Microsoft-Windows-DeviceSetupManager","Device container '{C50CCAB6-BE23-566D-B12F-E319603873EB}' has entered the ready state."
"17-06-2026 09:34:48","300","Information","Microsoft-Windows-DeviceSetupManager","Device container '{0831F13C-6974-11F1-A27A-54582D32ED0C}' has entered the ready state."
"17-06-2026 09:34:42","300","Information","Microsoft-Windows-DeviceSetupManager","Device container '{00000000-0000-0000-0000-007B6DD8DC18}' has entered the ready state."
"15-06-2026 18:52:09","300","Information","Microsoft-Windows-DeviceSetupManager","Device container '{170E2716-68A6-11F1-A279-54582D32ED0C}' has entered the ready state."
"15-06-2026 18:52:08","300","Information","Microsoft-Windows-DeviceSetupManager","Device container '{00000000-0000-0000-0000-005C6DD8FA1B}' has entered the ready state."
"15-06-2026 11:30:00","300","Information","Microsoft-Windows-DeviceSetupManager","Device container '{056018F3-EA11-DE01-11C1-516050C076BC}' has entered the ready state."
"15-06-2026 10:50:42","300","Information","Microsoft-Windows-DeviceSetupManager","Device container '{00000000-0000-0000-0000-008B6DD8F265}' has entered the ready state."
"09-06-2026 15:00:09","300","Information","Microsoft-Windows-DeviceSetupManager","Device container '{0DEC4D9C-6340-11F1-A278-54582D32ED0C}' has entered the ready state."
"09-06-2026 11:14:47","300","Information","Microsoft-Windows-DeviceSetupManager","Device container '{010EFE14-0230-55EA-AD57-3A6DE2791598}' has entered the ready state."
"08-06-2026 19:03:42","300","Information","Microsoft-Windows-DeviceSetupManager","Device container '{3EDDB734-6333-11F1-A277-54582D32ED0C}' has entered the ready state."
"05-06-2026 11:32:05","300","Information","Microsoft-Windows-DeviceSetupManager","Device container '{1074B24D-B986-5A01-B420-B3D39C2F9286}' has entered the ready state."
"04-06-2026 18:02:47","300","Information","Microsoft-Windows-DeviceSetupManager","Device container '{CCC49380-9067-5383-966E-8334BAD8972A}' has entered the ready state."
"03-06-2026 00:21:31","300","Information","Microsoft-Windows-DeviceSetupManager","Device container '{056018F3-EA11-DE01-11C1-516050C076BC}' has entered the ready state."
"02-06-2026 23:58:45","300","Information","Microsoft-Windows-DeviceSetupManager","Device container '{65E8F6BA-5E83-11F1-A274-54582D32ED0C}' has entered the ready state."
"02-06-2026 12:16:03","300","Information","Microsoft-Windows-DeviceSetupManager","Device container '{A86C545F-5E3D-11F1-A274-54582D32ED0C}' has entered the ready state."
"01-06-2026 11:14:45","300","Information","Microsoft-Windows-DeviceSetupManager","Device container '{D8AB7C99-5D6C-11F1-A273-54582D32ED0C}' has entered the ready state."
"01-06-2026 09:53:37","300","Information","Microsoft-Windows-DeviceSetupManager","Device container '{D8AB74B4-5D6C-11F1-A273-54582D32ED0C}' has entered the ready state."
"29-05-2026 15:05:15","300","Information","Microsoft-Windows-DeviceSetupManager","Device container '{C1114529-5B3D-11F1-A272-54582D32ED0C}' has entered the ready state."
"29-05-2026 15:05:05","300","Information","Microsoft-Windows-DeviceSetupManager","Device container '{C1114523-5B3D-11F1-A272-54582D32ED0C}' has entered the ready state."
"29-05-2026 15:05:00","300","Information","Microsoft-Windows-DeviceSetupManager","Device container '{E5AFC831-8D4B-5898-99C8-BC24C65DED28}' has entered the ready state."
"29-05-2026 15:05:00","300","Information","Microsoft-Windows-DeviceSetupManager","Device container '{12140715-210C-0102-0C00-004E34524B34}' has entered the ready state."
"28-05-2026 18:58:31","300","Information","Microsoft-Windows-DeviceSetupManager","Device container '{00000000-0000-0000-0000-006C7259556B}' has entered the ready state."
"28-05-2026 14:09:26","300","Information","Microsoft-Windows-DeviceSetupManager","Device container '{9875A84B-5A50-11F1-A272-54582D32ED0C}' has entered the ready state."
"28-05-2026 14:09:25","300","Information","Microsoft-Windows-DeviceSetupManager","Device container '{00000000-0000-0000-0000-005C6DD8FA1B}' has entered the ready state."
"28-05-2026 10:37:18","300","Information","Microsoft-Windows-DeviceSetupManager","Device container '{E71CF5FF-7CEE-527D-9EBC-544D6C2F24F5}' has entered the ready state."
"28-05-2026 10:37:17","300","Information","Microsoft-Windows-DeviceSetupManager","Device container '{98759751-5A50-11F1-A272-54582D32ED0C}' has entered the ready state."
"28-05-2026 10:21:42","300","Information","Microsoft-Windows-DeviceSetupManager","Device container '{056018F3-EA11-DE01-11C1-516050C076BC}' has entered the ready state."
"28-05-2026 10:14:55","300","Information","Microsoft-Windows-DeviceSetupManager","Device container '{2DB29114-824E-9FF5-50A6-0054A5C85008}' has entered the ready state."
"28-05-2026 09:51:28","300","Information","Microsoft-Windows-DeviceSetupManager","Device container '{66D57F75-1ACF-5FA1-888E-B7E753613C0F}' has entered the ready state."
"27-05-2026 19:39:20","300","Information","Microsoft-Windows-DeviceSetupManager","Device container '{8E7F2822-5917-11F1-A271-54582D32ED0C}' has entered the ready state."
"27-05-2026 11:07:48","300","Information","Microsoft-Windows-DeviceSetupManager","Device container '{8E7F0BDB-5917-11F1-A271-54582D32ED0C}' has entered the ready state."
"25-05-2026 16:39:31","300","Information","Microsoft-Windows-DeviceSetupManager","Device container '{056018F3-EA11-DE01-11C1-516050C076BC}' has entered the ready state."
"25-05-2026 11:06:44","300","Information","Microsoft-Windows-DeviceSetupManager","Device container '{FBE0CA52-57E9-11F1-A271-54582D32ED0C}' has entered the ready state."
"25-05-2026 09:03:50","300","Information","Microsoft-Windows-DeviceSetupManager","Device container '{FBE0BB6F-57E9-11F1-A271-54582D32ED0C}' has entered the ready state."
"25-05-2026 09:00:01","300","Information","Microsoft-Windows-DeviceSetupManager","Device container '{00000000-0000-2C00-060A-160107000502}' has entered the ready state."
"25-05-2026 09:00:01","300","Information","Microsoft-Windows-DeviceSetupManager","Device container '{1A280936-C6ED-5221-9721-F685A263CB13}' has entered the ready state."
"23-05-2026 14:29:57","300","Information","Microsoft-Windows-DeviceSetupManager","Device container '{A19DF8ED-7B2B-571F-BFFE-548AA27247C4}' has entered the ready state."
"23-05-2026 11:51:03","300","Information","Microsoft-Windows-DeviceSetupManager","Device container '{4FD81DAD-E1D5-1608-B7CF-591767D49F90}' has entered the ready state."
"23-05-2026 11:50:02","300","Information","Microsoft-Windows-DeviceSetupManager","Device container '{A460B0D3-5668-11F1-A26F-C0A8109D15B0}' has entered the ready state."
"23-05-2026 11:09:10","300","Information","Microsoft-Windows-DeviceSetupManager","Device container '{056018F3-EA11-DE01-11C1-516050C076BC}' has entered the ready state."
"23-05-2026 10:52:03","300","Information","Microsoft-Windows-DeviceSetupManager","Device container '{00000000-0000-0000-FFFF-FFFFFFFFFFFF}' has entered the ready state."
"23-05-2026 10:52:03","300","Information","Microsoft-Windows-DeviceSetupManager","Device container '{31506464-56D6-11F1-A26A-806E6F6E6963}' has entered the ready state."
"23-05-2026 10:52:03","300","Information","Microsoft-Windows-DeviceSetupManager","Device container '{31506435-56D6-11F1-A26A-806E6F6E6963}' has entered the ready state."
"23-05-2026 10:52:03","300","Information","Microsoft-Windows-DeviceSetupManager","Device container '{F7CF4B6C-3CFB-5309-8995-FB3D888C7E1E}' has entered the ready state."
"23-05-2026 10:52:03","300","Information","Microsoft-Windows-DeviceSetupManager","Device container '{D397268A-724C-B4EF-D641-C9234BA2948B}' has entered the ready state."
