"08-06-2026 09:40:02","10","Information","Microsoft-Windows-Ntfs","NTFS cached runs statistics.

           Volume correlation Id: {effcabed-bb48-44d2-a9ca-b0bdf73688b0}
           Volume name: \\?\Volume{effcabed-bb48-44d2-a9ca-b0bdf73688b0}
           Volume label: WINRETOOLS

           Device name: \Device\HarddiskVolume4
           Device GUID: {0d0616a1-3adc-3de7-d9a2-784fe4e2d52a}
           Device manufacturer: NVMe
           Device model: PM9C1b Samsung 256GB
           Device revision: 58330109
           Device serial number: 0025_38F6_5106_1623.
           Bus type: NVMe
           Native NVMe: false

           Adapter serial number: 

           Media type: Hard disk
           Runs cached: 4
           Longest run cached: 128.55 MB
           Most populated bin Count: 2
           Most populated bin's minimum length: 0 Bytes
           Most populated bin's maximum length: 4 KB
"
"08-06-2026 09:40:02","9","Information","Microsoft-Windows-Ntfs","NTFS scanned entire volume bitmap.

           Volume correlation Id: {effcabed-bb48-44d2-a9ca-b0bdf73688b0}
           Volume name: \\?\Volume{effcabed-bb48-44d2-a9ca-b0bdf73688b0}
           Volume label: WINRETOOLS

           Device name: \Device\HarddiskVolume4
           Device GUID: {0d0616a1-3adc-3de7-d9a2-784fe4e2d52a}
           Device manufacturer: NVMe
           Device model: PM9C1b Samsung 256GB
           Device revision: 58330109
           Device serial number: 0025_38F6_5106_1623.
           Bus type: NVMe
           Native NVMe: false

           Adapter serial number: 

           Duration (micro seconds): 68
           InputFlags: 0x10
           Reason: Proactive background scan to repopulate cached runs
           Flags: 0x10
"
"08-06-2026 09:40:02","10","Information","Microsoft-Windows-Ntfs","NTFS cached runs statistics.

           Volume correlation Id: {c5c572ba-c5d0-47f6-864e-13eb05e6d46c}
           Volume name: C:
           Volume label: OS

           Device name: \Device\HarddiskVolume3
           Device GUID: {0d0616a1-3adc-3de7-d9a2-784fe4e2d52a}
           Device manufacturer: NVMe
           Device model: PM9C1b Samsung 256GB
           Device revision: 58330109
           Device serial number: 0025_38F6_5106_1623.
           Bus type: NVMe
           Native NVMe: false

           Adapter serial number: 

           Media type: Hard disk
           Runs cached: 3109
           Longest run cached: 25.19 GB
           Most populated bin Count: 450
           Most populated bin's minimum length: 64 KB
           Most populated bin's maximum length: 64 KB
"
"08-06-2026 09:40:02","9","Information","Microsoft-Windows-Ntfs","NTFS scanned entire volume bitmap.

           Volume correlation Id: {c5c572ba-c5d0-47f6-864e-13eb05e6d46c}
           Volume name: C:
           Volume label: OS

           Device name: \Device\HarddiskVolume3
           Device GUID: {0d0616a1-3adc-3de7-d9a2-784fe4e2d52a}
           Device manufacturer: NVMe
           Device model: PM9C1b Samsung 256GB
           Device revision: 58330109
           Device serial number: 0025_38F6_5106_1623.
           Bus type: NVMe
           Native NVMe: false

           Adapter serial number: 

           Duration (micro seconds): 7009
           InputFlags: 0x10
           Reason: Proactive background scan to repopulate cached runs
           Flags: 0x10
"
"08-06-2026 09:40:02","142","Information","Microsoft-Windows-Ntfs","Summary of disk space usage, since last event:

           Available space was between 203.01 MB and 207.01 MB
           Change in available space: 4 MB
           
           Available clusters were between: 51969 and 52993
           Reserved clusters were between: 0 and 0
           Txf abort reserved clusters were between: 1024 and 1024
           
           Elapsed seconds: 0
           
           Pagefile size: 0 Bytes
           Volume size: 1.01 GB
           Bytes per cluster: 4096
           
           Volume guid: {effcabed-bb48-44d2-a9ca-b0bdf73688b0}
           Volume name: \\?\Volume{effcabed-bb48-44d2-a9ca-b0bdf73688b0}
           Is boot volume: false
           
           Cached runs miss counts:
               For MFT: 0
               For MFT zone: 0
               Everything else: 0
"
"08-06-2026 09:40:02","142","Information","Microsoft-Windows-Ntfs","Summary of disk space usage, since last event:

           Available space was between 125.24 GB and 130.29 GB
           Change in available space: 5.05 GB
           
           Available clusters were between: 32830596 and 34152498
           Reserved clusters were between: 1315739 and 1315739
           Txf abort reserved clusters were between: 1024 and 1024
           
           Elapsed seconds: 0
           
           Pagefile size: 0 Bytes
           Volume size: 235.88 GB
           Bytes per cluster: 4096
           
           Volume guid: {c5c572ba-c5d0-47f6-864e-13eb05e6d46c}
           Volume name: C:
           Is boot volume: true
           
           Cached runs miss counts:
               For MFT: 0
               For MFT zone: 0
               Everything else: 0
"
"08-06-2026 09:39:58","4","Information","Microsoft-Windows-Ntfs","The NTFS volume has been successfully mounted.

           Volume correlation Id: {effcabed-bb48-44d2-a9ca-b0bdf73688b0}
           Volume name: \\?\Volume{effcabed-bb48-44d2-a9ca-b0bdf73688b0}
           Volume label: WINRETOOLS

           Device name: \Device\HarddiskVolume4
           Device GUID: {0d0616a1-3adc-3de7-d9a2-784fe4e2d52a}
           Device manufacturer: NVMe
           Device model: PM9C1b Samsung 256GB
           Device revision: 58330109
           Device serial number: 0025_38F6_5106_1623.
           Bus type: NVMe
           Device number: 0
           Boot partition: false

           Native NVMe: false

           Adapter serial number: 
           
           Total mount duration: 7 ms
           Longest stage: 2. Duration 2 ms (26% of the total)
           Second longest stage: 8. Duration 2 ms (26% of the total)
           Volume restart applied: false
"
"08-06-2026 09:39:58","10","Information","Microsoft-Windows-Ntfs","NTFS cached runs statistics.

           Volume correlation Id: {effcabed-bb48-44d2-a9ca-b0bdf73688b0}
           Volume name: \\?\Volume{effcabed-bb48-44d2-a9ca-b0bdf73688b0}
           Volume label: WINRETOOLS

           Device name: \Device\HarddiskVolume4
           Device GUID: {0d0616a1-3adc-3de7-d9a2-784fe4e2d52a}
           Device manufacturer: NVMe
           Device model: PM9C1b Samsung 256GB
           Device revision: 58330109
           Device serial number: 0025_38F6_5106_1623.
           Bus type: NVMe
           Native NVMe: false

           Adapter serial number: 

           Media type: Hard disk
           Runs cached: 3
           Longest run cached: 78.46 MB
           Most populated bin Count: 2
           Most populated bin's minimum length: 0 Bytes
           Most populated bin's maximum length: 4 KB
"
"08-06-2026 09:39:58","9","Information","Microsoft-Windows-Ntfs","NTFS scanned entire volume bitmap.

           Volume correlation Id: {effcabed-bb48-44d2-a9ca-b0bdf73688b0}
           Volume name: \\?\Volume{effcabed-bb48-44d2-a9ca-b0bdf73688b0}
           Volume label: WINRETOOLS

           Device name: \Device\HarddiskVolume4
           Device GUID: {0d0616a1-3adc-3de7-d9a2-784fe4e2d52a}
           Device manufacturer: NVMe
           Device model: PM9C1b Samsung 256GB
           Device revision: 58330109
           Device serial number: 0025_38F6_5106_1623.
           Bus type: NVMe
           Native NVMe: false

           Adapter serial number: 

           Duration (micro seconds): 388
           InputFlags: 0xE
           Reason: Mount
           Flags: 0x10
"
"08-06-2026 09:39:56","4","Information","Microsoft-Windows-Ntfs","The NTFS volume has been successfully mounted.

           Volume correlation Id: {c5c572ba-c5d0-47f6-864e-13eb05e6d46c}
           Volume name: C:
           Volume label: OS

           Device name: \Device\HarddiskVolume3
           Device GUID: {0d0616a1-3adc-3de7-d9a2-784fe4e2d52a}
           Device manufacturer: NVMe
           Device model: PM9C1b Samsung 256GB
           Device revision: 58330109
           Device serial number: 0025_38F6_5106_1623.
           Bus type: NVMe
           Device number: 0
           Boot partition: true

           Native NVMe: false

           Adapter serial number: 
           
           Total mount duration: 328 ms
           Longest stage: 8. Duration 223 ms (68% of the total)
           Second longest stage: 7. Duration 62 ms (19% of the total)
           Volume restart applied: false
"
"08-06-2026 09:39:56","10","Information","Microsoft-Windows-Ntfs","NTFS cached runs statistics.

           Volume correlation Id: {c5c572ba-c5d0-47f6-864e-13eb05e6d46c}
           Volume name: C:
           Volume label: OS

           Device name: \Device\HarddiskVolume3
           Device GUID: {0d0616a1-3adc-3de7-d9a2-784fe4e2d52a}
           Device manufacturer: NVMe
           Device model: PM9C1b Samsung 256GB
           Device revision: 58330109
           Device serial number: 0025_38F6_5106_1623.
           Bus type: NVMe
           Native NVMe: false

           Adapter serial number: 

           Media type: Hard disk
           Runs cached: 2023
           Longest run cached: 25.19 GB
           Most populated bin Count: 70
           Most populated bin's minimum length: 7.51 MB
           Most populated bin's maximum length: 7.75 MB
"
"08-06-2026 09:39:56","9","Information","Microsoft-Windows-Ntfs","NTFS scanned entire volume bitmap.

           Volume correlation Id: {c5c572ba-c5d0-47f6-864e-13eb05e6d46c}
           Volume name: C:
           Volume label: OS

           Device name: \Device\HarddiskVolume3
           Device GUID: {0d0616a1-3adc-3de7-d9a2-784fe4e2d52a}
           Device manufacturer: NVMe
           Device model: PM9C1b Samsung 256GB
           Device revision: 58330109
           Device serial number: 0025_38F6_5106_1623.
           Bus type: NVMe
           Native NVMe: false

           Adapter serial number: 

           Duration (micro seconds): 22006
           InputFlags: 0xE
           Reason: Mount
           Flags: 0x10
"
"08-06-2026 06:31:54","142","Information","Microsoft-Windows-Ntfs","Summary of disk space usage, since last event:

           Available space was between 117.64 GB and 117.64 GB
           Change in available space: 384 KB
           
           Available clusters were between: 30838312 and 30838408
           Reserved clusters were between: 1317435 and 1317435
           Txf abort reserved clusters were between: 1024 and 1024
           
           Elapsed seconds: 4694
           
           Pagefile size: 22.30 GB
           Volume size: 235.88 GB
           Bytes per cluster: 4096
           
           Volume guid: {c5c572ba-c5d0-47f6-864e-13eb05e6d46c}
           Volume name: C:
           Is boot volume: true
           
           Cached runs miss counts:
               For MFT: 0
               For MFT zone: 0
               Everything else: 0
"
"08-06-2026 05:13:40","142","Information","Microsoft-Windows-Ntfs","Summary of disk space usage, since last event:

           Available space was between 117.21 GB and 125.17 GB
           Change in available space: 7.96 GB
           
           Available clusters were between: 30725656 and 32810549
           Reserved clusters were between: 1316907 and 1317819
           Txf abort reserved clusters were between: 1024 and 1024
           
           Elapsed seconds: 4008
           
           Pagefile size: 22.30 GB
           Volume size: 235.88 GB
           Bytes per cluster: 4096
           
           Volume guid: {c5c572ba-c5d0-47f6-864e-13eb05e6d46c}
           Volume name: C:
           Is boot volume: true
           
           Cached runs miss counts:
               For MFT: 0
               For MFT zone: 0
               Everything else: 2
"
"08-06-2026 04:06:51","142","Information","Microsoft-Windows-Ntfs","Summary of disk space usage, since last event:

           Available space was between 125.12 GB and 125.12 GB
           Change in available space: 24 KB
           
           Available clusters were between: 32799197 and 32799203
           Reserved clusters were between: 1316939 and 1316939
           Txf abort reserved clusters were between: 1024 and 1024
           
           Elapsed seconds: 4766
           
           Pagefile size: 14.78 GB
           Volume size: 235.88 GB
           Bytes per cluster: 4096
           
           Volume guid: {c5c572ba-c5d0-47f6-864e-13eb05e6d46c}
           Volume name: C:
           Is boot volume: true
           
           Cached runs miss counts:
               For MFT: 0
               For MFT zone: 0
               Everything else: 0
"
"08-06-2026 02:47:25","142","Information","Microsoft-Windows-Ntfs","Summary of disk space usage, since last event:

           Available space was between 125.12 GB and 125.13 GB
           Change in available space: 4.33 MB
           
           Available clusters were between: 32799197 and 32800303
           Reserved clusters were between: 1316939 and 1316939
           Txf abort reserved clusters were between: 1024 and 1024
           
           Elapsed seconds: 3914
           
           Pagefile size: 14.78 GB
           Volume size: 235.88 GB
           Bytes per cluster: 4096
           
           Volume guid: {c5c572ba-c5d0-47f6-864e-13eb05e6d46c}
           Volume name: C:
           Is boot volume: true
           
           Cached runs miss counts:
               For MFT: 0
               For MFT zone: 0
               Everything else: 0
"
"08-06-2026 01:42:10","142","Information","Microsoft-Windows-Ntfs","Summary of disk space usage, since last event:

           Available space was between 125.13 GB and 125.13 GB
           Change in available space: 24 KB
           
           Available clusters were between: 32800297 and 32800303
           Reserved clusters were between: 1316939 and 1316939
           Txf abort reserved clusters were between: 1024 and 1024
           
           Elapsed seconds: 5624
           
           Pagefile size: 14.78 GB
           Volume size: 235.88 GB
           Bytes per cluster: 4096
           
           Volume guid: {c5c572ba-c5d0-47f6-864e-13eb05e6d46c}
           Volume name: C:
           Is boot volume: true
           
           Cached runs miss counts:
               For MFT: 0
               For MFT zone: 0
               Everything else: 0
"
"08-06-2026 00:08:25","142","Information","Microsoft-Windows-Ntfs","Summary of disk space usage, since last event:

           Available space was between 125.08 GB and 125.13 GB
           Change in available space: 46.19 MB
           
           Available clusters were between: 32788480 and 32800303
           Reserved clusters were between: 1316939 and 1316939
           Txf abort reserved clusters were between: 1024 and 1024
           
           Elapsed seconds: 4778
           
           Pagefile size: 14.78 GB
           Volume size: 235.88 GB
           Bytes per cluster: 4096
           
           Volume guid: {c5c572ba-c5d0-47f6-864e-13eb05e6d46c}
           Volume name: C:
           Is boot volume: true
           
           Cached runs miss counts:
               For MFT: 0
               For MFT zone: 0
               Everything else: 0
"
"07-06-2026 22:48:47","142","Information","Microsoft-Windows-Ntfs","Summary of disk space usage, since last event:

           Available space was between 125.08 GB and 125.09 GB
           Change in available space: 3.04 MB
           
           Available clusters were between: 32788368 and 32789146
           Reserved clusters were between: 1316939 and 1316939
           Txf abort reserved clusters were between: 1024 and 1024
           
           Elapsed seconds: 3996
           
           Pagefile size: 14.78 GB
           Volume size: 235.88 GB
           Bytes per cluster: 4096
           
           Volume guid: {c5c572ba-c5d0-47f6-864e-13eb05e6d46c}
           Volume name: C:
           Is boot volume: true
           
           Cached runs miss counts:
               For MFT: 0
               For MFT zone: 0
               Everything else: 0
"
"07-06-2026 21:42:10","142","Information","Microsoft-Windows-Ntfs","Summary of disk space usage, since last event:

           Available space was between 125.09 GB and 125.09 GB
           Change in available space: 848 KB
           
           Available clusters were between: 32788972 and 32789184
           Reserved clusters were between: 1316939 and 1316939
           Txf abort reserved clusters were between: 1024 and 1024
           
           Elapsed seconds: 4351
           
           Pagefile size: 14.78 GB
           Volume size: 235.88 GB
           Bytes per cluster: 4096
           
           Volume guid: {c5c572ba-c5d0-47f6-864e-13eb05e6d46c}
           Volume name: C:
           Is boot volume: true
           
           Cached runs miss counts:
               For MFT: 0
               For MFT zone: 0
               Everything else: 0
"
"07-06-2026 20:29:38","142","Information","Microsoft-Windows-Ntfs","Summary of disk space usage, since last event:

           Available space was between 125.08 GB and 125.11 GB
           Change in available space: 25.68 MB
           
           Available clusters were between: 32788925 and 32795498
           Reserved clusters were between: 1316923 and 1318235
           Txf abort reserved clusters were between: 1024 and 1024
           
           Elapsed seconds: 4770
           
           Pagefile size: 14.78 GB
           Volume size: 235.88 GB
           Bytes per cluster: 4096
           
           Volume guid: {c5c572ba-c5d0-47f6-864e-13eb05e6d46c}
           Volume name: C:
           Is boot volume: true
           
           Cached runs miss counts:
               For MFT: 0
               For MFT zone: 0
               Everything else: 0
"
"07-06-2026 19:10:07","142","Information","Microsoft-Windows-Ntfs","Summary of disk space usage, since last event:

           Available space was between 125.08 GB and 125.12 GB
           Change in available space: 43.20 MB
           
           Available clusters were between: 32787274 and 32798333
           Reserved clusters were between: 1318235 and 1318235
           Txf abort reserved clusters were between: 1024 and 1024
           
           Elapsed seconds: 4920
           
           Pagefile size: 14.78 GB
           Volume size: 235.88 GB
           Bytes per cluster: 4096
           
           Volume guid: {c5c572ba-c5d0-47f6-864e-13eb05e6d46c}
           Volume name: C:
           Is boot volume: true
           
           Cached runs miss counts:
               For MFT: 0
               For MFT zone: 0
               Everything else: 0
"
"07-06-2026 17:48:07","142","Information","Microsoft-Windows-Ntfs","Summary of disk space usage, since last event:

           Available space was between 125.12 GB and 125.12 GB
           Change in available space: 660 KB
           
           Available clusters were between: 32798333 and 32798498
           Reserved clusters were between: 1318235 and 1318235
           Txf abort reserved clusters were between: 1024 and 1024
           
           Elapsed seconds: 4618
           
           Pagefile size: 14.78 GB
           Volume size: 235.88 GB
           Bytes per cluster: 4096
           
           Volume guid: {c5c572ba-c5d0-47f6-864e-13eb05e6d46c}
           Volume name: C:
           Is boot volume: true
           
           Cached runs miss counts:
               For MFT: 0
               For MFT zone: 0
               Everything else: 0
"
"07-06-2026 16:31:08","142","Information","Microsoft-Windows-Ntfs","Summary of disk space usage, since last event:

           Available space was between 125.12 GB and 125.14 GB
           Change in available space: 16.68 MB
           
           Available clusters were between: 32798335 and 32802603
           Reserved clusters were between: 1318235 and 1318235
           Txf abort reserved clusters were between: 1024 and 1024
           
           Elapsed seconds: 5970
           
           Pagefile size: 14.78 GB
           Volume size: 235.88 GB
           Bytes per cluster: 4096
           
           Volume guid: {c5c572ba-c5d0-47f6-864e-13eb05e6d46c}
           Volume name: C:
           Is boot volume: true
           
           Cached runs miss counts:
               For MFT: 0
               For MFT zone: 0
               Everything else: 0
"
"07-06-2026 14:51:38","142","Information","Microsoft-Windows-Ntfs","Summary of disk space usage, since last event:

           Available space was between 125.13 GB and 125.13 GB
           Change in available space: 536 KB
           
           Available clusters were between: 32801579 and 32801713
           Reserved clusters were between: 1318235 and 1318235
           Txf abort reserved clusters were between: 1024 and 1024
           
           Elapsed seconds: 4770
           
           Pagefile size: 14.78 GB
           Volume size: 235.88 GB
           Bytes per cluster: 4096
           
           Volume guid: {c5c572ba-c5d0-47f6-864e-13eb05e6d46c}
           Volume name: C:
           Is boot volume: true
           
           Cached runs miss counts:
               For MFT: 0
               For MFT zone: 0
               Everything else: 0
"
"07-06-2026 13:32:07","142","Information","Microsoft-Windows-Ntfs","Summary of disk space usage, since last event:

           Available space was between 125.13 GB and 125.14 GB
           Change in available space: 1.88 MB
           
           Available clusters were between: 32801712 and 32802191
           Reserved clusters were between: 1318235 and 1318235
           Txf abort reserved clusters were between: 1024 and 1024
           
           Elapsed seconds: 4772
           
           Pagefile size: 14.78 GB
           Volume size: 235.88 GB
           Bytes per cluster: 4096
           
           Volume guid: {c5c572ba-c5d0-47f6-864e-13eb05e6d46c}
           Volume name: C:
           Is boot volume: true
           
           Cached runs miss counts:
               For MFT: 0
               For MFT zone: 0
               Everything else: 0
"
"07-06-2026 12:12:35","142","Information","Microsoft-Windows-Ntfs","Summary of disk space usage, since last event:

           Available space was between 125.14 GB and 125.14 GB
           Change in available space: 656 KB
           
           Available clusters were between: 32802191 and 32802355
           Reserved clusters were between: 1318235 and 1318235
           Txf abort reserved clusters were between: 1024 and 1024
           
           Elapsed seconds: 4779
           
           Pagefile size: 14.78 GB
           Volume size: 235.88 GB
           Bytes per cluster: 4096
           
           Volume guid: {c5c572ba-c5d0-47f6-864e-13eb05e6d46c}
           Volume name: C:
           Is boot volume: true
           
           Cached runs miss counts:
               For MFT: 0
               For MFT zone: 0
               Everything else: 0
"
"07-06-2026 05:34:35","142","Information","Microsoft-Windows-Ntfs","Summary of disk space usage, since last event:

           Available space was between 125.08 GB and 125.15 GB
           Change in available space: 80.29 MB
           
           Available clusters were between: 32786718 and 32807272
           Reserved clusters were between: 1317403 and 1326443
           Txf abort reserved clusters were between: 1024 and 1024
           
           Elapsed seconds: 5001
           
           Pagefile size: 14.78 GB
           Volume size: 235.88 GB
           Bytes per cluster: 4096
           
           Volume guid: {c5c572ba-c5d0-47f6-864e-13eb05e6d46c}
           Volume name: C:
           Is boot volume: true
           
           Cached runs miss counts:
               For MFT: 0
               For MFT zone: 0
               Everything else: 0
"
"07-06-2026 04:11:14","142","Information","Microsoft-Windows-Ntfs","Summary of disk space usage, since last event:

           Available space was between 125.14 GB and 125.14 GB
           Change in available space: 912 KB
           
           Available clusters were between: 32803116 and 32803344
           Reserved clusters were between: 1317403 and 1317403
           Txf abort reserved clusters were between: 1024 and 1024
           
           Elapsed seconds: 4782
           
           Pagefile size: 14.78 GB
           Volume size: 235.88 GB
           Bytes per cluster: 4096
           
           Volume guid: {c5c572ba-c5d0-47f6-864e-13eb05e6d46c}
           Volume name: C:
           Is boot volume: true
           
           Cached runs miss counts:
               For MFT: 0
               For MFT zone: 0
               Everything else: 0
"
"07-06-2026 02:51:31","142","Information","Microsoft-Windows-Ntfs","Summary of disk space usage, since last event:

           Available space was between 125.14 GB and 125.14 GB
           Change in available space: 752 KB
           
           Available clusters were between: 32803340 and 32803528
           Reserved clusters were between: 1317403 and 1317403
           Txf abort reserved clusters were between: 1024 and 1024
           
           Elapsed seconds: 4161
           
           Pagefile size: 14.78 GB
           Volume size: 235.88 GB
           Bytes per cluster: 4096
           
           Volume guid: {c5c572ba-c5d0-47f6-864e-13eb05e6d46c}
           Volume name: C:
           Is boot volume: true
           
           Cached runs miss counts:
               For MFT: 0
               For MFT zone: 0
               Everything else: 0
"
"07-06-2026 01:42:10","142","Information","Microsoft-Windows-Ntfs","Summary of disk space usage, since last event:

           Available space was between 125.14 GB and 125.15 GB
           Change in available space: 11.22 MB
           
           Available clusters were between: 32803528 and 32806400
           Reserved clusters were between: 1317403 and 1317403
           Txf abort reserved clusters were between: 1024 and 1024
           
           Elapsed seconds: 5383
           
           Pagefile size: 14.78 GB
           Volume size: 235.88 GB
           Bytes per cluster: 4096
           
           Volume guid: {c5c572ba-c5d0-47f6-864e-13eb05e6d46c}
           Volume name: C:
           Is boot volume: true
           
           Cached runs miss counts:
               For MFT: 0
               For MFT zone: 0
               Everything else: 0
"
"06-06-2026 22:52:54","142","Information","Microsoft-Windows-Ntfs","Summary of disk space usage, since last event:

           Available space was between 125.15 GB and 125.15 GB
           Change in available space: 1.27 MB
           
           Available clusters were between: 32806332 and 32806656
           Reserved clusters were between: 1317403 and 1317403
           Txf abort reserved clusters were between: 1024 and 1024
           
           Elapsed seconds: 4243
           
           Pagefile size: 14.78 GB
           Volume size: 235.88 GB
           Bytes per cluster: 4096
           
           Volume guid: {c5c572ba-c5d0-47f6-864e-13eb05e6d46c}
           Volume name: C:
           Is boot volume: true
           
           Cached runs miss counts:
               For MFT: 0
               For MFT zone: 0
               Everything else: 0
"
"06-06-2026 21:42:10","142","Information","Microsoft-Windows-Ntfs","Summary of disk space usage, since last event:

           Available space was between 125.15 GB and 125.16 GB
           Change in available space: 13.98 MB
           
           Available clusters were between: 32806332 and 32809909
           Reserved clusters were between: 1317403 and 1317403
           Txf abort reserved clusters were between: 1024 and 1024
           
           Elapsed seconds: 4115
           
           Pagefile size: 14.78 GB
           Volume size: 235.88 GB
           Bytes per cluster: 4096
           
           Volume guid: {c5c572ba-c5d0-47f6-864e-13eb05e6d46c}
           Volume name: C:
           Is boot volume: true
           
           Cached runs miss counts:
               For MFT: 0
               For MFT zone: 0
               Everything else: 0
"
"06-06-2026 20:33:35","142","Information","Microsoft-Windows-Ntfs","Summary of disk space usage, since last event:

           Available space was between 125.16 GB and 125.16 GB
           Change in available space: 44 KB
           
           Available clusters were between: 32809643 and 32809654
           Reserved clusters were between: 1317403 and 1317403
           Txf abort reserved clusters were between: 1024 and 1024
           
           Elapsed seconds: 5959
           
           Pagefile size: 14.78 GB
           Volume size: 235.88 GB
           Bytes per cluster: 4096
           
           Volume guid: {c5c572ba-c5d0-47f6-864e-13eb05e6d46c}
           Volume name: C:
           Is boot volume: true
           
           Cached runs miss counts:
               For MFT: 0
               For MFT zone: 0
               Everything else: 0
"
"06-06-2026 18:54:15","142","Information","Microsoft-Windows-Ntfs","Summary of disk space usage, since last event:

           Available space was between 124.74 GB and 125.17 GB
           Change in available space: 437.31 MB
           
           Available clusters were between: 32698437 and 32810387
           Reserved clusters were between: 1317387 and 1317659
           Txf abort reserved clusters were between: 1024 and 1024
           
           Elapsed seconds: 4768
           
           Pagefile size: 14.78 GB
           Volume size: 235.88 GB
           Bytes per cluster: 4096
           
           Volume guid: {c5c572ba-c5d0-47f6-864e-13eb05e6d46c}
           Volume name: C:
           Is boot volume: true
           
           Cached runs miss counts:
               For MFT: 0
               For MFT zone: 0
               Everything else: 0
"
"06-06-2026 17:34:47","142","Information","Microsoft-Windows-Ntfs","Summary of disk space usage, since last event:

           Available space was between 125.15 GB and 125.15 GB
           Change in available space: 1.63 MB
           
           Available clusters were between: 32805871 and 32806287
           Reserved clusters were between: 1317659 and 1317659
           Txf abort reserved clusters were between: 1024 and 1024
           
           Elapsed seconds: 4772
           
           Pagefile size: 14.78 GB
           Volume size: 235.88 GB
           Bytes per cluster: 4096
           
           Volume guid: {c5c572ba-c5d0-47f6-864e-13eb05e6d46c}
           Volume name: C:
           Is boot volume: true
           
           Cached runs miss counts:
               For MFT: 0
               For MFT zone: 0
               Everything else: 0
"
"06-06-2026 16:15:14","142","Information","Microsoft-Windows-Ntfs","Summary of disk space usage, since last event:

           Available space was between 125.15 GB and 125.15 GB
           Change in available space: 24 KB
           
           Available clusters were between: 32806284 and 32806290
           Reserved clusters were between: 1317659 and 1317659
           Txf abort reserved clusters were between: 1024 and 1024
           
           Elapsed seconds: 4317
           
           Pagefile size: 14.78 GB
           Volume size: 235.88 GB
           Bytes per cluster: 4096
           
           Volume guid: {c5c572ba-c5d0-47f6-864e-13eb05e6d46c}
           Volume name: C:
           Is boot volume: true
           
           Cached runs miss counts:
               For MFT: 0
               For MFT zone: 0
               Everything else: 0
"
"06-06-2026 15:03:17","142","Information","Microsoft-Windows-Ntfs","Summary of disk space usage, since last event:

           Available space was between 125.15 GB and 125.15 GB
           Change in available space: 24 KB
           
           Available clusters were between: 32806284 and 32806290
           Reserved clusters were between: 1317659 and 1317659
           Txf abort reserved clusters were between: 1024 and 1024
           
           Elapsed seconds: 4028
           
           Pagefile size: 14.78 GB
           Volume size: 235.88 GB
           Bytes per cluster: 4096
           
           Volume guid: {c5c572ba-c5d0-47f6-864e-13eb05e6d46c}
           Volume name: C:
           Is boot volume: true
           
           Cached runs miss counts:
               For MFT: 0
               For MFT zone: 0
               Everything else: 0
"
"06-06-2026 13:56:08","142","Information","Microsoft-Windows-Ntfs","Summary of disk space usage, since last event:

           Available space was between 125.15 GB and 125.15 GB
           Change in available space: 464 KB
           
           Available clusters were between: 32806286 and 32806402
           Reserved clusters were between: 1317659 and 1317659
           Txf abort reserved clusters were between: 1024 and 1024
           
           Elapsed seconds: 5963
           
           Pagefile size: 14.78 GB
           Volume size: 235.88 GB
           Bytes per cluster: 4096
           
           Volume guid: {c5c572ba-c5d0-47f6-864e-13eb05e6d46c}
           Volume name: C:
           Is boot volume: true
           
           Cached runs miss counts:
               For MFT: 0
               For MFT zone: 0
               Everything else: 0
"
"06-06-2026 12:16:45","142","Information","Microsoft-Windows-Ntfs","Summary of disk space usage, since last event:

           Available space was between 125.15 GB and 125.15 GB
           Change in available space: 2.65 MB
           
           Available clusters were between: 32806400 and 32807077
           Reserved clusters were between: 1317659 and 1317659
           Txf abort reserved clusters were between: 1024 and 1024
           
           Elapsed seconds: 5966
           
           Pagefile size: 14.78 GB
           Volume size: 235.88 GB
           Bytes per cluster: 4096
           
           Volume guid: {c5c572ba-c5d0-47f6-864e-13eb05e6d46c}
           Volume name: C:
           Is boot volume: true
           
           Cached runs miss counts:
               For MFT: 0
               For MFT zone: 0
               Everything else: 0
"
"06-06-2026 10:37:18","142","Information","Microsoft-Windows-Ntfs","Summary of disk space usage, since last event:

           Available space was between 125.15 GB and 125.17 GB
           Change in available space: 14.09 MB
           
           Available clusters were between: 32806835 and 32810441
           Reserved clusters were between: 1317659 and 1317659
           Txf abort reserved clusters were between: 1024 and 1024
           
           Elapsed seconds: 5957
           
           Pagefile size: 14.78 GB
           Volume size: 235.88 GB
           Bytes per cluster: 4096
           
           Volume guid: {c5c572ba-c5d0-47f6-864e-13eb05e6d46c}
           Volume name: C:
           Is boot volume: true
           
           Cached runs miss counts:
               For MFT: 0
               For MFT zone: 0
               Everything else: 0
"
"06-06-2026 06:38:49","142","Information","Microsoft-Windows-Ntfs","Summary of disk space usage, since last event:

           Available space was between 125.16 GB and 125.16 GB
           Change in available space: 3.07 MB
           
           Available clusters were between: 32809043 and 32809827
           Reserved clusters were between: 1317627 and 1317659
           Txf abort reserved clusters were between: 1024 and 1024
           
           Elapsed seconds: 4774
           
           Pagefile size: 14.78 GB
           Volume size: 235.88 GB
           Bytes per cluster: 4096
           
           Volume guid: {c5c572ba-c5d0-47f6-864e-13eb05e6d46c}
           Volume name: C:
           Is boot volume: true
           
           Cached runs miss counts:
               For MFT: 0
               For MFT zone: 0
               Everything else: 0
"
"06-06-2026 05:19:15","142","Information","Microsoft-Windows-Ntfs","Summary of disk space usage, since last event:

           Available space was between 124.48 GB and 126.03 GB
           Change in available space: 1.55 GB
           
           Available clusters were between: 32631615 and 33036920
           Reserved clusters were between: 1317131 and 1342091
           Txf abort reserved clusters were between: 1024 and 1024
           
           Elapsed seconds: 4884
           
           Pagefile size: 14.78 GB
           Volume size: 235.88 GB
           Bytes per cluster: 4096
           
           Volume guid: {c5c572ba-c5d0-47f6-864e-13eb05e6d46c}
           Volume name: C:
           Is boot volume: true
           
           Cached runs miss counts:
               For MFT: 0
               For MFT zone: 0
               Everything else: 0
"
"06-06-2026 03:57:50","142","Information","Microsoft-Windows-Ntfs","Summary of disk space usage, since last event:

           Available space was between 126 GB and 126 GB
           Change in available space: 1.97 MB
           
           Available clusters were between: 33027787 and 33028291
           Reserved clusters were between: 1317195 and 1317195
           Txf abort reserved clusters were between: 1024 and 1024
           
           Elapsed seconds: 5776
           
           Pagefile size: 14.78 GB
           Volume size: 235.88 GB
           Bytes per cluster: 4096
           
           Volume guid: {c5c572ba-c5d0-47f6-864e-13eb05e6d46c}
           Volume name: C:
           Is boot volume: true
           
           Cached runs miss counts:
               For MFT: 0
               For MFT zone: 0
               Everything else: 0
"
"06-06-2026 02:21:34","142","Information","Microsoft-Windows-Ntfs","Summary of disk space usage, since last event:

           Available space was between 126 GB and 126 GB
           Change in available space: 720 KB
           
           Available clusters were between: 33028077 and 33028257
           Reserved clusters were between: 1317195 and 1317195
           Txf abort reserved clusters were between: 1024 and 1024
           
           Elapsed seconds: 5972
           
           Pagefile size: 14.78 GB
           Volume size: 235.88 GB
           Bytes per cluster: 4096
           
           Volume guid: {c5c572ba-c5d0-47f6-864e-13eb05e6d46c}
           Volume name: C:
           Is boot volume: true
           
           Cached runs miss counts:
               For MFT: 0
               For MFT zone: 0
               Everything else: 0
"
"06-06-2026 00:42:02","142","Information","Microsoft-Windows-Ntfs","Summary of disk space usage, since last event:

           Available space was between 126 GB and 126 GB
           Change in available space: 7.22 MB
           
           Available clusters were between: 33028255 and 33030103
           Reserved clusters were between: 1317195 and 1317195
           Txf abort reserved clusters were between: 1024 and 1024
           
           Elapsed seconds: 5974
           
           Pagefile size: 14.78 GB
           Volume size: 235.88 GB
           Bytes per cluster: 4096
           
           Volume guid: {c5c572ba-c5d0-47f6-864e-13eb05e6d46c}
           Volume name: C:
           Is boot volume: true
           
           Cached runs miss counts:
               For MFT: 0
               For MFT zone: 0
               Everything else: 0
"
"05-06-2026 23:02:28","142","Information","Microsoft-Windows-Ntfs","Summary of disk space usage, since last event:

           Available space was between 126 GB and 126.01 GB
           Change in available space: 5.83 MB
           
           Available clusters were between: 33030101 and 33031591
           Reserved clusters were between: 1317195 and 1317195
           Txf abort reserved clusters were between: 1024 and 1024
           
           Elapsed seconds: 5555
           
           Pagefile size: 14.78 GB
           Volume size: 235.88 GB
           Bytes per cluster: 4096
           
           Volume guid: {c5c572ba-c5d0-47f6-864e-13eb05e6d46c}
           Volume name: C:
           Is boot volume: true
           
           Cached runs miss counts:
               For MFT: 0
               For MFT zone: 0
               Everything else: 0
"
"05-06-2026 21:29:52","142","Information","Microsoft-Windows-Ntfs","Summary of disk space usage, since last event:

           Available space was between 125.61 GB and 126.02 GB
           Change in available space: 422.50 MB
           
           Available clusters were between: 32926265 and 33034425
           Reserved clusters were between: 1317179 and 1317195
           Txf abort reserved clusters were between: 1024 and 1024
           
           Elapsed seconds: 3783
           
           Pagefile size: 14.78 GB
           Volume size: 235.88 GB
           Bytes per cluster: 4096
           
           Volume guid: {c5c572ba-c5d0-47f6-864e-13eb05e6d46c}
           Volume name: C:
           Is boot volume: true
           
           Cached runs miss counts:
               For MFT: 0
               For MFT zone: 0
               Everything else: 0
"
"05-06-2026 20:26:49","142","Information","Microsoft-Windows-Ntfs","Summary of disk space usage, since last event:

           Available space was between 125.98 GB and 126.05 GB
           Change in available space: 71.48 MB
           
           Available clusters were between: 33024265 and 33042563
           Reserved clusters were between: 1317019 and 1325515
           Txf abort reserved clusters were between: 1024 and 1024
           
           Elapsed seconds: 3603
           
           Pagefile size: 14.78 GB
           Volume size: 235.88 GB
           Bytes per cluster: 4096
           
           Volume guid: {c5c572ba-c5d0-47f6-864e-13eb05e6d46c}
           Volume name: C:
           Is boot volume: true
           
           Cached runs miss counts:
               For MFT: 0
               For MFT zone: 0
               Everything else: 0
"
"05-06-2026 19:26:45","142","Information","Microsoft-Windows-Ntfs","Summary of disk space usage, since last event:

           Available space was between 126.03 GB and 126.16 GB
           Change in available space: 135.93 MB
           
           Available clusters were between: 33036587 and 33071385
           Reserved clusters were between: 1316987 and 1325819
           Txf abort reserved clusters were between: 1024 and 1024
           
           Elapsed seconds: 3602
           
           Pagefile size: 14.78 GB
           Volume size: 235.88 GB
           Bytes per cluster: 4096
           
           Volume guid: {c5c572ba-c5d0-47f6-864e-13eb05e6d46c}
           Volume name: C:
           Is boot volume: true
           
           Cached runs miss counts:
               For MFT: 0
               For MFT zone: 0
               Everything else: 0
"
"05-06-2026 18:26:42","142","Information","Microsoft-Windows-Ntfs","Summary of disk space usage, since last event:

           Available space was between 126.15 GB and 126.62 GB
           Change in available space: 481.65 MB
           
           Available clusters were between: 33068377 and 33191678
           Reserved clusters were between: 1317387 and 1326171
           Txf abort reserved clusters were between: 1024 and 1024
           
           Elapsed seconds: 3600
           
           Pagefile size: 14.78 GB
           Volume size: 235.88 GB
           Bytes per cluster: 4096
           
           Volume guid: {c5c572ba-c5d0-47f6-864e-13eb05e6d46c}
           Volume name: C:
           Is boot volume: true
           
           Cached runs miss counts:
               For MFT: 0
               For MFT zone: 0
               Everything else: 0
"
"05-06-2026 17:26:42","142","Information","Microsoft-Windows-Ntfs","Summary of disk space usage, since last event:

           Available space was between 126.24 GB and 126.74 GB
           Change in available space: 516.59 MB
           
           Available clusters were between: 33091687 and 33223933
           Reserved clusters were between: 1317467 and 1326171
           Txf abort reserved clusters were between: 1024 and 1024
           
           Elapsed seconds: 3602
           
           Pagefile size: 14.78 GB
           Volume size: 235.88 GB
           Bytes per cluster: 4096
           
           Volume guid: {c5c572ba-c5d0-47f6-864e-13eb05e6d46c}
           Volume name: C:
           Is boot volume: true
           
           Cached runs miss counts:
               For MFT: 0
               For MFT zone: 0
               Everything else: 0
"
"05-06-2026 16:26:40","142","Information","Microsoft-Windows-Ntfs","Summary of disk space usage, since last event:

           Available space was between 123.10 GB and 126.75 GB
           Change in available space: 3.65 GB
           
           Available clusters were between: 32268075 and 33224660
           Reserved clusters were between: 1317451 and 1325803
           Txf abort reserved clusters were between: 1024 and 1024
           
           Elapsed seconds: 3600
           
           Pagefile size: 14.78 GB
           Volume size: 235.88 GB
           Bytes per cluster: 4096
           
           Volume guid: {c5c572ba-c5d0-47f6-864e-13eb05e6d46c}
           Volume name: C:
           Is boot volume: true
           
           Cached runs miss counts:
               For MFT: 0
               For MFT zone: 0
               Everything else: 0
"
"05-06-2026 15:26:39","142","Information","Microsoft-Windows-Ntfs","Summary of disk space usage, since last event:

           Available space was between 125.75 GB and 126.38 GB
           Change in available space: 647.04 MB
           
           Available clusters were between: 32963795 and 33129436
           Reserved clusters were between: 1317371 and 1326011
           Txf abort reserved clusters were between: 1024 and 1024
           
           Elapsed seconds: 3604
           
           Pagefile size: 14.78 GB
           Volume size: 235.88 GB
           Bytes per cluster: 4096
           
           Volume guid: {c5c572ba-c5d0-47f6-864e-13eb05e6d46c}
           Volume name: C:
           Is boot volume: true
           
           Cached runs miss counts:
               For MFT: 0
               For MFT zone: 0
               Everything else: 0
"
"05-06-2026 14:26:35","142","Information","Microsoft-Windows-Ntfs","Summary of disk space usage, since last event:

           Available space was between 126.29 GB and 126.45 GB
           Change in available space: 173.95 MB
           
           Available clusters were between: 33103564 and 33148094
           Reserved clusters were between: 1317035 and 1325707
           Txf abort reserved clusters were between: 1024 and 1024
           
           Elapsed seconds: 3601
           
           Pagefile size: 14.78 GB
           Volume size: 235.88 GB
           Bytes per cluster: 4096
           
           Volume guid: {c5c572ba-c5d0-47f6-864e-13eb05e6d46c}
           Volume name: C:
           Is boot volume: true
           
           Cached runs miss counts:
               For MFT: 0
               For MFT zone: 0
               Everything else: 0
"
"05-06-2026 13:26:33","142","Information","Microsoft-Windows-Ntfs","Summary of disk space usage, since last event:

           Available space was between 125.60 GB and 126.45 GB
           Change in available space: 873.06 MB
           
           Available clusters were between: 32923641 and 33147142
           Reserved clusters were between: 1316939 and 1325227
           Txf abort reserved clusters were between: 1024 and 1024
           
           Elapsed seconds: 3602
           
           Pagefile size: 14.78 GB
           Volume size: 235.88 GB
           Bytes per cluster: 4096
           
           Volume guid: {c5c572ba-c5d0-47f6-864e-13eb05e6d46c}
           Volume name: C:
           Is boot volume: true
           
           Cached runs miss counts:
               For MFT: 0
               For MFT zone: 0
               Everything else: 0
"
"05-06-2026 12:26:31","142","Information","Microsoft-Windows-Ntfs","Summary of disk space usage, since last event:

           Available space was between 118.64 GB and 126.38 GB
           Change in available space: 7.74 GB
           
           Available clusters were between: 31099384 and 33128369
           Reserved clusters were between: 1316827 and 1325563
           Txf abort reserved clusters were between: 1024 and 1024
           
           Elapsed seconds: 3600
           
           Pagefile size: 14.78 GB
           Volume size: 235.88 GB
           Bytes per cluster: 4096
           
           Volume guid: {c5c572ba-c5d0-47f6-864e-13eb05e6d46c}
           Volume name: C:
           Is boot volume: true
           
           Cached runs miss counts:
               For MFT: 0
               For MFT zone: 0
               Everything else: 0
"
