"09-07-2026 10:55:28","813","Information","Microsoft-Windows-DeviceManagement-Enterprise-Diagnostics-Provider","MDM PolicyManager: Set policy int, Policy: (QualityUpdateEnrolled), Area: (Update), EnrollmentID requesting merge: (B04F44A4-B696-4B56-934A-C11667E944E4), Current User: (Device), Int: (0x0), Enrollment Type: (0x20), Scope: (0x0)."
"09-07-2026 09:16:41","404","Error","Microsoft-Windows-DeviceManagement-Enterprise-Diagnostics-Provider","MDM ConfigurationManager: Command failure status. Configuration Source ID: (386F60E8-6817-4304-B348-3E8545F3B70A), Enrollment Name: (MDMDeviceWithAAD), Provider Name: (Policy), Command Type: (Add: from Replace or Add), CSP URI: (./Device/Vendor/MSFT/Policy/ConfigOperations/ADMXInstall/Receiver/Properties/Policy/FakePolicy/Version), Result: (The system cannot find the file specified.)."
"09-07-2026 09:15:42","404","Error","Microsoft-Windows-DeviceManagement-Enterprise-Diagnostics-Provider","MDM ConfigurationManager: Command failure status. Configuration Source ID: (386F60E8-6817-4304-B348-3E8545F3B70A), Enrollment Name: (MDMDeviceWithAAD), Provider Name: (Policy), Command Type: (Add: from Replace or Add), CSP URI: (./Device/Vendor/MSFT/Policy/ConfigOperations/ADMXInstall/Receiver/Properties/Policy/FakePolicy/Version), Result: (The system cannot find the file specified.)."
"08-07-2026 13:11:57","404","Error","Microsoft-Windows-DeviceManagement-Enterprise-Diagnostics-Provider","MDM ConfigurationManager: Command failure status. Configuration Source ID: (386F60E8-6817-4304-B348-3E8545F3B70A), Enrollment Name: (MDMDeviceWithAAD), Provider Name: (Policy), Command Type: (Add: from Replace or Add), CSP URI: (./Device/Vendor/MSFT/Policy/ConfigOperations/ADMXInstall/Receiver/Properties/Policy/FakePolicy/Version), Result: (The system cannot find the file specified.)."
"08-07-2026 10:33:23","813","Information","Microsoft-Windows-DeviceManagement-Enterprise-Diagnostics-Provider","MDM PolicyManager: Set policy int, Policy: (QuickMachineRecoveryEnrolled), Area: (Update), EnrollmentID requesting merge: (B04F44A4-B696-4B56-934A-C11667E944E4), Current User: (Device), Int: (0x0), Enrollment Type: (0x20), Scope: (0x0)."
"08-07-2026 10:33:23","813","Information","Microsoft-Windows-DeviceManagement-Enterprise-Diagnostics-Provider","MDM PolicyManager: Set policy int, Policy: (DriverUpdateEnrolled), Area: (Update), EnrollmentID requesting merge: (B04F44A4-B696-4B56-934A-C11667E944E4), Current User: (Device), Int: (0x0), Enrollment Type: (0x20), Scope: (0x0)."
"08-07-2026 10:33:23","813","Information","Microsoft-Windows-DeviceManagement-Enterprise-Diagnostics-Provider","MDM PolicyManager: Set policy int, Policy: (AllowRebootlessUpdates), Area: (Update), EnrollmentID requesting merge: (B04F44A4-B696-4B56-934A-C11667E944E4), Current User: (Device), Int: (0x1), Enrollment Type: (0x20), Scope: (0x0)."
"08-07-2026 10:33:23","813","Information","Microsoft-Windows-DeviceManagement-Enterprise-Diagnostics-Provider","MDM PolicyManager: Set policy int, Policy: (FeatureUpdateEnrolled), Area: (Update), EnrollmentID requesting merge: (B04F44A4-B696-4B56-934A-C11667E944E4), Current User: (Device), Int: (0x1), Enrollment Type: (0x20), Scope: (0x0)."
"08-07-2026 10:33:23","813","Information","Microsoft-Windows-DeviceManagement-Enterprise-Diagnostics-Provider","MDM PolicyManager: Set policy int, Policy: (QualityUpdateEnrolled), Area: (Update), EnrollmentID requesting merge: (B04F44A4-B696-4B56-934A-C11667E944E4), Current User: (Device), Int: (0x0), Enrollment Type: (0x20), Scope: (0x0)."
"07-07-2026 09:43:43","813","Information","Microsoft-Windows-DeviceManagement-Enterprise-Diagnostics-Provider","MDM PolicyManager: Set policy int, Policy: (QuickMachineRecoveryEnrolled), Area: (Update), EnrollmentID requesting merge: (B04F44A4-B696-4B56-934A-C11667E944E4), Current User: (Device), Int: (0x0), Enrollment Type: (0x20), Scope: (0x0)."
"07-07-2026 09:43:43","813","Information","Microsoft-Windows-DeviceManagement-Enterprise-Diagnostics-Provider","MDM PolicyManager: Set policy int, Policy: (DriverUpdateEnrolled), Area: (Update), EnrollmentID requesting merge: (B04F44A4-B696-4B56-934A-C11667E944E4), Current User: (Device), Int: (0x0), Enrollment Type: (0x20), Scope: (0x0)."
"07-07-2026 09:43:42","813","Information","Microsoft-Windows-DeviceManagement-Enterprise-Diagnostics-Provider","MDM PolicyManager: Set policy int, Policy: (AllowRebootlessUpdates), Area: (Update), EnrollmentID requesting merge: (B04F44A4-B696-4B56-934A-C11667E944E4), Current User: (Device), Int: (0x1), Enrollment Type: (0x20), Scope: (0x0)."
"07-07-2026 09:43:42","813","Information","Microsoft-Windows-DeviceManagement-Enterprise-Diagnostics-Provider","MDM PolicyManager: Set policy int, Policy: (FeatureUpdateEnrolled), Area: (Update), EnrollmentID requesting merge: (B04F44A4-B696-4B56-934A-C11667E944E4), Current User: (Device), Int: (0x1), Enrollment Type: (0x20), Scope: (0x0)."
"07-07-2026 09:43:42","813","Information","Microsoft-Windows-DeviceManagement-Enterprise-Diagnostics-Provider","MDM PolicyManager: Set policy int, Policy: (QualityUpdateEnrolled), Area: (Update), EnrollmentID requesting merge: (B04F44A4-B696-4B56-934A-C11667E944E4), Current User: (Device), Int: (0x0), Enrollment Type: (0x20), Scope: (0x0)."
"07-07-2026 09:33:37","404","Error","Microsoft-Windows-DeviceManagement-Enterprise-Diagnostics-Provider","MDM ConfigurationManager: Command failure status. Configuration Source ID: (386F60E8-6817-4304-B348-3E8545F3B70A), Enrollment Name: (MDMDeviceWithAAD), Provider Name: (Policy), Command Type: (Add: from Replace or Add), CSP URI: (./Device/Vendor/MSFT/Policy/ConfigOperations/ADMXInstall/Receiver/Properties/Policy/FakePolicy/Version), Result: (The system cannot find the file specified.)."
"07-07-2026 09:33:06","2012","Information","Microsoft-Windows-DeviceManagement-Enterprise-Diagnostics-Provider","Wsc Startup Alert WNF event process status (The operation completed successfully.)"
"07-07-2026 09:32:42","2750","Warning","Microsoft-Windows-DeviceManagement-Enterprise-Diagnostics-Provider","DeviceStatus CSP: WscGetSecurityProviderHealth(WSC_SECURITY_PROVIDER_FIREWALL) returned status 0x2 and HRESULT Incorrect function."
"07-07-2026 09:32:30","2750","Warning","Microsoft-Windows-DeviceManagement-Enterprise-Diagnostics-Provider","DeviceStatus CSP: WscGetSecurityProviderHealth(WSC_SECURITY_PROVIDER_FIREWALL) returned status 0x2 and HRESULT Incorrect function."
"07-07-2026 09:32:23","404","Error","Microsoft-Windows-DeviceManagement-Enterprise-Diagnostics-Provider","MDM ConfigurationManager: Command failure status. Configuration Source ID: (386F60E8-6817-4304-B348-3E8545F3B70A), Enrollment Name: (MDMDeviceWithAAD), Provider Name: (Policy), Command Type: (Add: from Replace or Add), CSP URI: (./Device/Vendor/MSFT/Policy/ConfigOperations/ADMXInstall/Receiver/Properties/Policy/FakePolicy/Version), Result: (The system cannot find the file specified.)."
"07-07-2026 09:32:08","2750","Warning","Microsoft-Windows-DeviceManagement-Enterprise-Diagnostics-Provider","DeviceStatus CSP: WscGetSecurityProviderHealth(WSC_SECURITY_PROVIDER_FIREWALL) returned status 0x2 and HRESULT Incorrect function."
"07-07-2026 09:31:52","2750","Warning","Microsoft-Windows-DeviceManagement-Enterprise-Diagnostics-Provider","DeviceStatus CSP: WscGetSecurityProviderHealth(WSC_SECURITY_PROVIDER_FIREWALL) returned status 0x2 and HRESULT Incorrect function."
"07-07-2026 09:31:32","2750","Warning","Microsoft-Windows-DeviceManagement-Enterprise-Diagnostics-Provider","DeviceStatus CSP: WscGetSecurityProviderHealth(WSC_SECURITY_PROVIDER_FIREWALL) returned status 0x2 and HRESULT Incorrect function."
"07-07-2026 09:31:17","2750","Warning","Microsoft-Windows-DeviceManagement-Enterprise-Diagnostics-Provider","DeviceStatus CSP: WscGetSecurityProviderHealth(WSC_SECURITY_PROVIDER_FIREWALL) returned status 0x2 and HRESULT Incorrect function."
"07-07-2026 09:31:10","404","Error","Microsoft-Windows-DeviceManagement-Enterprise-Diagnostics-Provider","MDM ConfigurationManager: Command failure status. Configuration Source ID: (386F60E8-6817-4304-B348-3E8545F3B70A), Enrollment Name: (MDMDeviceWithAAD), Provider Name: (Policy), Command Type: (Add: from Replace or Add), CSP URI: (./Device/Vendor/MSFT/Policy/ConfigOperations/ADMXInstall/Receiver/Properties/Policy/FakePolicy/Version), Result: (The system cannot find the file specified.)."
"07-07-2026 09:30:33","2750","Warning","Microsoft-Windows-DeviceManagement-Enterprise-Diagnostics-Provider","DeviceStatus CSP: WscGetSecurityProviderHealth(WSC_SECURITY_PROVIDER_FIREWALL) returned status 0x2 and HRESULT Incorrect function."
"07-07-2026 09:30:22","2750","Warning","Microsoft-Windows-DeviceManagement-Enterprise-Diagnostics-Provider","DeviceStatus CSP: WscGetSecurityProviderHealth(WSC_SECURITY_PROVIDER_FIREWALL) returned status 0x2 and HRESULT Incorrect function."
"07-07-2026 09:29:13","2750","Warning","Microsoft-Windows-DeviceManagement-Enterprise-Diagnostics-Provider","DeviceStatus CSP: WscGetSecurityProviderHealth(WSC_SECURITY_PROVIDER_FIREWALL) returned status 0x2 and HRESULT Incorrect function."
"07-07-2026 09:09:34","404","Error","Microsoft-Windows-DeviceManagement-Enterprise-Diagnostics-Provider","MDM ConfigurationManager: Command failure status. Configuration Source ID: (386F60E8-6817-4304-B348-3E8545F3B70A), Enrollment Name: (MDMDeviceWithAAD), Provider Name: (Policy), Command Type: (Add: from Replace or Add), CSP URI: (./Device/Vendor/MSFT/Policy/ConfigOperations/ADMXInstall/Receiver/Properties/Policy/FakePolicy/Version), Result: (The system cannot find the file specified.)."
"07-07-2026 09:08:44","404","Error","Microsoft-Windows-DeviceManagement-Enterprise-Diagnostics-Provider","MDM ConfigurationManager: Command failure status. Configuration Source ID: (386F60E8-6817-4304-B348-3E8545F3B70A), Enrollment Name: (MDMDeviceWithAAD), Provider Name: (Policy), Command Type: (Add: from Replace or Add), CSP URI: (./Device/Vendor/MSFT/Policy/ConfigOperations/ADMXInstall/Receiver/Properties/Policy/FakePolicy/Version), Result: (The system cannot find the file specified.)."
"06-07-2026 13:11:56","404","Error","Microsoft-Windows-DeviceManagement-Enterprise-Diagnostics-Provider","MDM ConfigurationManager: Command failure status. Configuration Source ID: (386F60E8-6817-4304-B348-3E8545F3B70A), Enrollment Name: (MDMDeviceWithAAD), Provider Name: (Policy), Command Type: (Add: from Replace or Add), CSP URI: (./Device/Vendor/MSFT/Policy/ConfigOperations/ADMXInstall/Receiver/Properties/Policy/FakePolicy/Version), Result: (The system cannot find the file specified.)."
"06-07-2026 09:26:39","813","Information","Microsoft-Windows-DeviceManagement-Enterprise-Diagnostics-Provider","MDM PolicyManager: Set policy int, Policy: (QuickMachineRecoveryEnrolled), Area: (Update), EnrollmentID requesting merge: (B04F44A4-B696-4B56-934A-C11667E944E4), Current User: (Device), Int: (0x0), Enrollment Type: (0x20), Scope: (0x0)."
"06-07-2026 09:26:39","813","Information","Microsoft-Windows-DeviceManagement-Enterprise-Diagnostics-Provider","MDM PolicyManager: Set policy int, Policy: (DriverUpdateEnrolled), Area: (Update), EnrollmentID requesting merge: (B04F44A4-B696-4B56-934A-C11667E944E4), Current User: (Device), Int: (0x0), Enrollment Type: (0x20), Scope: (0x0)."
"06-07-2026 09:26:39","813","Information","Microsoft-Windows-DeviceManagement-Enterprise-Diagnostics-Provider","MDM PolicyManager: Set policy int, Policy: (AllowRebootlessUpdates), Area: (Update), EnrollmentID requesting merge: (B04F44A4-B696-4B56-934A-C11667E944E4), Current User: (Device), Int: (0x1), Enrollment Type: (0x20), Scope: (0x0)."
"06-07-2026 09:26:39","813","Information","Microsoft-Windows-DeviceManagement-Enterprise-Diagnostics-Provider","MDM PolicyManager: Set policy int, Policy: (FeatureUpdateEnrolled), Area: (Update), EnrollmentID requesting merge: (B04F44A4-B696-4B56-934A-C11667E944E4), Current User: (Device), Int: (0x1), Enrollment Type: (0x20), Scope: (0x0)."
"06-07-2026 09:26:39","813","Information","Microsoft-Windows-DeviceManagement-Enterprise-Diagnostics-Provider","MDM PolicyManager: Set policy int, Policy: (QualityUpdateEnrolled), Area: (Update), EnrollmentID requesting merge: (B04F44A4-B696-4B56-934A-C11667E944E4), Current User: (Device), Int: (0x0), Enrollment Type: (0x20), Scope: (0x0)."
"06-07-2026 09:19:59","404","Error","Microsoft-Windows-DeviceManagement-Enterprise-Diagnostics-Provider","MDM ConfigurationManager: Command failure status. Configuration Source ID: (386F60E8-6817-4304-B348-3E8545F3B70A), Enrollment Name: (MDMDeviceWithAAD), Provider Name: (Policy), Command Type: (Add: from Replace or Add), CSP URI: (./Device/Vendor/MSFT/Policy/ConfigOperations/ADMXInstall/Receiver/Properties/Policy/FakePolicy/Version), Result: (The system cannot find the file specified.)."
"06-07-2026 09:18:20","404","Error","Microsoft-Windows-DeviceManagement-Enterprise-Diagnostics-Provider","MDM ConfigurationManager: Command failure status. Configuration Source ID: (386F60E8-6817-4304-B348-3E8545F3B70A), Enrollment Name: (MDMDeviceWithAAD), Provider Name: (Policy), Command Type: (Add: from Replace or Add), CSP URI: (./Device/Vendor/MSFT/Policy/ConfigOperations/ADMXInstall/Receiver/Properties/Policy/FakePolicy/Version), Result: (The system cannot find the file specified.)."
"04-07-2026 14:18:17","404","Error","Microsoft-Windows-DeviceManagement-Enterprise-Diagnostics-Provider","MDM ConfigurationManager: Command failure status. Configuration Source ID: (386F60E8-6817-4304-B348-3E8545F3B70A), Enrollment Name: (MDMDeviceWithAAD), Provider Name: (Policy), Command Type: (Add: from Replace or Add), CSP URI: (./Device/Vendor/MSFT/Policy/ConfigOperations/ADMXInstall/Receiver/Properties/Policy/FakePolicy/Version), Result: (The system cannot find the file specified.)."
"04-07-2026 14:17:38","2012","Information","Microsoft-Windows-DeviceManagement-Enterprise-Diagnostics-Provider","Wsc Startup Alert WNF event process status (The operation completed successfully.)"
"04-07-2026 14:17:24","2750","Warning","Microsoft-Windows-DeviceManagement-Enterprise-Diagnostics-Provider","DeviceStatus CSP: WscGetSecurityProviderHealth(WSC_SECURITY_PROVIDER_FIREWALL) returned status 0x2 and HRESULT Incorrect function."
"04-07-2026 14:17:02","2750","Warning","Microsoft-Windows-DeviceManagement-Enterprise-Diagnostics-Provider","DeviceStatus CSP: WscGetSecurityProviderHealth(WSC_SECURITY_PROVIDER_FIREWALL) returned status 0x2 and HRESULT Incorrect function."
"04-07-2026 14:16:56","404","Error","Microsoft-Windows-DeviceManagement-Enterprise-Diagnostics-Provider","MDM ConfigurationManager: Command failure status. Configuration Source ID: (386F60E8-6817-4304-B348-3E8545F3B70A), Enrollment Name: (MDMDeviceWithAAD), Provider Name: (Policy), Command Type: (Add: from Replace or Add), CSP URI: (./Device/Vendor/MSFT/Policy/ConfigOperations/ADMXInstall/Receiver/Properties/Policy/FakePolicy/Version), Result: (The system cannot find the file specified.)."
"04-07-2026 14:16:40","2750","Warning","Microsoft-Windows-DeviceManagement-Enterprise-Diagnostics-Provider","DeviceStatus CSP: WscGetSecurityProviderHealth(WSC_SECURITY_PROVIDER_FIREWALL) returned status 0x2 and HRESULT Incorrect function."
"04-07-2026 14:16:28","2750","Warning","Microsoft-Windows-DeviceManagement-Enterprise-Diagnostics-Provider","DeviceStatus CSP: WscGetSecurityProviderHealth(WSC_SECURITY_PROVIDER_FIREWALL) returned status 0x2 and HRESULT Incorrect function."
"04-07-2026 14:16:10","2750","Warning","Microsoft-Windows-DeviceManagement-Enterprise-Diagnostics-Provider","DeviceStatus CSP: WscGetSecurityProviderHealth(WSC_SECURITY_PROVIDER_FIREWALL) returned status 0x2 and HRESULT Incorrect function."
"04-07-2026 14:15:56","2750","Warning","Microsoft-Windows-DeviceManagement-Enterprise-Diagnostics-Provider","DeviceStatus CSP: WscGetSecurityProviderHealth(WSC_SECURITY_PROVIDER_FIREWALL) returned status 0x2 and HRESULT Incorrect function."
"04-07-2026 14:15:46","404","Error","Microsoft-Windows-DeviceManagement-Enterprise-Diagnostics-Provider","MDM ConfigurationManager: Command failure status. Configuration Source ID: (386F60E8-6817-4304-B348-3E8545F3B70A), Enrollment Name: (MDMDeviceWithAAD), Provider Name: (Policy), Command Type: (Add: from Replace or Add), CSP URI: (./Device/Vendor/MSFT/Policy/ConfigOperations/ADMXInstall/Receiver/Properties/Policy/FakePolicy/Version), Result: (The system cannot find the file specified.)."
"04-07-2026 14:15:04","2750","Warning","Microsoft-Windows-DeviceManagement-Enterprise-Diagnostics-Provider","DeviceStatus CSP: WscGetSecurityProviderHealth(WSC_SECURITY_PROVIDER_FIREWALL) returned status 0x2 and HRESULT Incorrect function."
"04-07-2026 14:14:34","2750","Warning","Microsoft-Windows-DeviceManagement-Enterprise-Diagnostics-Provider","DeviceStatus CSP: WscGetSecurityProviderHealth(WSC_SECURITY_PROVIDER_FIREWALL) returned status 0x2 and HRESULT Incorrect function."
"04-07-2026 14:14:18","2750","Warning","Microsoft-Windows-DeviceManagement-Enterprise-Diagnostics-Provider","DeviceStatus CSP: WscGetSecurityProviderHealth(WSC_SECURITY_PROVIDER_FIREWALL) returned status 0x2 and HRESULT Incorrect function."
"04-07-2026 14:02:49","404","Error","Microsoft-Windows-DeviceManagement-Enterprise-Diagnostics-Provider","MDM ConfigurationManager: Command failure status. Configuration Source ID: (386F60E8-6817-4304-B348-3E8545F3B70A), Enrollment Name: (MDMDeviceWithAAD), Provider Name: (Policy), Command Type: (Add: from Replace or Add), CSP URI: (./Device/Vendor/MSFT/Policy/ConfigOperations/ADMXInstall/Receiver/Properties/Policy/FakePolicy/Version), Result: (The system cannot find the file specified.)."
"04-07-2026 14:01:42","404","Error","Microsoft-Windows-DeviceManagement-Enterprise-Diagnostics-Provider","MDM ConfigurationManager: Command failure status. Configuration Source ID: (386F60E8-6817-4304-B348-3E8545F3B70A), Enrollment Name: (MDMDeviceWithAAD), Provider Name: (Policy), Command Type: (Add: from Replace or Add), CSP URI: (./Device/Vendor/MSFT/Policy/ConfigOperations/ADMXInstall/Receiver/Properties/Policy/FakePolicy/Version), Result: (The system cannot find the file specified.)."
"04-07-2026 14:00:08","4108","Error","Microsoft-Windows-DeviceManagement-Enterprise-Diagnostics-Provider","MDM Declared Configuration resource cleanup task failed."
"04-07-2026 13:58:51","404","Error","Microsoft-Windows-DeviceManagement-Enterprise-Diagnostics-Provider","MDM ConfigurationManager: Command failure status. Configuration Source ID: (386F60E8-6817-4304-B348-3E8545F3B70A), Enrollment Name: (MDMDeviceWithAAD), Provider Name: (Policy), Command Type: (Add: from Replace or Add), CSP URI: (./Device/Vendor/MSFT/Policy/ConfigOperations/ADMXInstall/Receiver/Properties/Policy/FakePolicy/Version), Result: (The system cannot find the file specified.)."
"04-07-2026 13:54:23","813","Information","Microsoft-Windows-DeviceManagement-Enterprise-Diagnostics-Provider","MDM PolicyManager: Set policy int, Policy: (QuickMachineRecoveryEnrolled), Area: (Update), EnrollmentID requesting merge: (B04F44A4-B696-4B56-934A-C11667E944E4), Current User: (Device), Int: (0x0), Enrollment Type: (0x20), Scope: (0x0)."
"04-07-2026 13:54:23","813","Information","Microsoft-Windows-DeviceManagement-Enterprise-Diagnostics-Provider","MDM PolicyManager: Set policy int, Policy: (DriverUpdateEnrolled), Area: (Update), EnrollmentID requesting merge: (B04F44A4-B696-4B56-934A-C11667E944E4), Current User: (Device), Int: (0x0), Enrollment Type: (0x20), Scope: (0x0)."
"04-07-2026 13:54:23","813","Information","Microsoft-Windows-DeviceManagement-Enterprise-Diagnostics-Provider","MDM PolicyManager: Set policy int, Policy: (AllowRebootlessUpdates), Area: (Update), EnrollmentID requesting merge: (B04F44A4-B696-4B56-934A-C11667E944E4), Current User: (Device), Int: (0x1), Enrollment Type: (0x20), Scope: (0x0)."
"04-07-2026 13:54:23","813","Information","Microsoft-Windows-DeviceManagement-Enterprise-Diagnostics-Provider","MDM PolicyManager: Set policy int, Policy: (FeatureUpdateEnrolled), Area: (Update), EnrollmentID requesting merge: (B04F44A4-B696-4B56-934A-C11667E944E4), Current User: (Device), Int: (0x1), Enrollment Type: (0x20), Scope: (0x0)."
"04-07-2026 13:54:23","813","Information","Microsoft-Windows-DeviceManagement-Enterprise-Diagnostics-Provider","MDM PolicyManager: Set policy int, Policy: (QualityUpdateEnrolled), Area: (Update), EnrollmentID requesting merge: (B04F44A4-B696-4B56-934A-C11667E944E4), Current User: (Device), Int: (0x0), Enrollment Type: (0x20), Scope: (0x0)."
"03-07-2026 13:12:05","404","Error","Microsoft-Windows-DeviceManagement-Enterprise-Diagnostics-Provider","MDM ConfigurationManager: Command failure status. Configuration Source ID: (386F60E8-6817-4304-B348-3E8545F3B70A), Enrollment Name: (MDMDeviceWithAAD), Provider Name: (Policy), Command Type: (Add: from Replace or Add), CSP URI: (./Device/Vendor/MSFT/Policy/ConfigOperations/ADMXInstall/Receiver/Properties/Policy/FakePolicy/Version), Result: (The system cannot find the file specified.)."
"03-07-2026 11:37:30","813","Information","Microsoft-Windows-DeviceManagement-Enterprise-Diagnostics-Provider","MDM PolicyManager: Set policy int, Policy: (QuickMachineRecoveryEnrolled), Area: (Update), EnrollmentID requesting merge: (B04F44A4-B696-4B56-934A-C11667E944E4), Current User: (Device), Int: (0x0), Enrollment Type: (0x20), Scope: (0x0)."
"03-07-2026 11:37:30","813","Information","Microsoft-Windows-DeviceManagement-Enterprise-Diagnostics-Provider","MDM PolicyManager: Set policy int, Policy: (DriverUpdateEnrolled), Area: (Update), EnrollmentID requesting merge: (B04F44A4-B696-4B56-934A-C11667E944E4), Current User: (Device), Int: (0x0), Enrollment Type: (0x20), Scope: (0x0)."
"03-07-2026 11:37:30","813","Information","Microsoft-Windows-DeviceManagement-Enterprise-Diagnostics-Provider","MDM PolicyManager: Set policy int, Policy: (AllowRebootlessUpdates), Area: (Update), EnrollmentID requesting merge: (B04F44A4-B696-4B56-934A-C11667E944E4), Current User: (Device), Int: (0x1), Enrollment Type: (0x20), Scope: (0x0)."
"03-07-2026 11:37:30","813","Information","Microsoft-Windows-DeviceManagement-Enterprise-Diagnostics-Provider","MDM PolicyManager: Set policy int, Policy: (FeatureUpdateEnrolled), Area: (Update), EnrollmentID requesting merge: (B04F44A4-B696-4B56-934A-C11667E944E4), Current User: (Device), Int: (0x1), Enrollment Type: (0x20), Scope: (0x0)."
"03-07-2026 11:37:30","813","Information","Microsoft-Windows-DeviceManagement-Enterprise-Diagnostics-Provider","MDM PolicyManager: Set policy int, Policy: (QualityUpdateEnrolled), Area: (Update), EnrollmentID requesting merge: (B04F44A4-B696-4B56-934A-C11667E944E4), Current User: (Device), Int: (0x0), Enrollment Type: (0x20), Scope: (0x0)."
"03-07-2026 11:27:06","404","Error","Microsoft-Windows-DeviceManagement-Enterprise-Diagnostics-Provider","MDM ConfigurationManager: Command failure status. Configuration Source ID: (386F60E8-6817-4304-B348-3E8545F3B70A), Enrollment Name: (MDMDeviceWithAAD), Provider Name: (Policy), Command Type: (Add: from Replace or Add), CSP URI: (./Device/Vendor/MSFT/Policy/ConfigOperations/ADMXInstall/Receiver/Properties/Policy/FakePolicy/Version), Result: (The system cannot find the file specified.)."
"03-07-2026 11:25:55","404","Error","Microsoft-Windows-DeviceManagement-Enterprise-Diagnostics-Provider","MDM ConfigurationManager: Command failure status. Configuration Source ID: (386F60E8-6817-4304-B348-3E8545F3B70A), Enrollment Name: (MDMDeviceWithAAD), Provider Name: (Policy), Command Type: (Add: from Replace or Add), CSP URI: (./Device/Vendor/MSFT/Policy/ConfigOperations/ADMXInstall/Receiver/Properties/Policy/FakePolicy/Version), Result: (The system cannot find the file specified.)."
"03-07-2026 11:25:28","2012","Information","Microsoft-Windows-DeviceManagement-Enterprise-Diagnostics-Provider","Wsc Startup Alert WNF event process status (The operation completed successfully.)"
"03-07-2026 11:25:10","2750","Warning","Microsoft-Windows-DeviceManagement-Enterprise-Diagnostics-Provider","DeviceStatus CSP: WscGetSecurityProviderHealth(WSC_SECURITY_PROVIDER_FIREWALL) returned status 0x2 and HRESULT Incorrect function."
"03-07-2026 11:24:57","2750","Warning","Microsoft-Windows-DeviceManagement-Enterprise-Diagnostics-Provider","DeviceStatus CSP: WscGetSecurityProviderHealth(WSC_SECURITY_PROVIDER_FIREWALL) returned status 0x2 and HRESULT Incorrect function."
"03-07-2026 11:24:51","404","Error","Microsoft-Windows-DeviceManagement-Enterprise-Diagnostics-Provider","MDM ConfigurationManager: Command failure status. Configuration Source ID: (386F60E8-6817-4304-B348-3E8545F3B70A), Enrollment Name: (MDMDeviceWithAAD), Provider Name: (Policy), Command Type: (Add: from Replace or Add), CSP URI: (./Device/Vendor/MSFT/Policy/ConfigOperations/ADMXInstall/Receiver/Properties/Policy/FakePolicy/Version), Result: (The system cannot find the file specified.)."
"03-07-2026 11:24:32","2750","Warning","Microsoft-Windows-DeviceManagement-Enterprise-Diagnostics-Provider","DeviceStatus CSP: WscGetSecurityProviderHealth(WSC_SECURITY_PROVIDER_FIREWALL) returned status 0x2 and HRESULT Incorrect function."
"03-07-2026 11:24:21","2750","Warning","Microsoft-Windows-DeviceManagement-Enterprise-Diagnostics-Provider","DeviceStatus CSP: WscGetSecurityProviderHealth(WSC_SECURITY_PROVIDER_FIREWALL) returned status 0x2 and HRESULT Incorrect function."
"03-07-2026 11:23:54","2750","Warning","Microsoft-Windows-DeviceManagement-Enterprise-Diagnostics-Provider","DeviceStatus CSP: WscGetSecurityProviderHealth(WSC_SECURITY_PROVIDER_FIREWALL) returned status 0x2 and HRESULT Incorrect function."
"03-07-2026 09:38:20","404","Error","Microsoft-Windows-DeviceManagement-Enterprise-Diagnostics-Provider","MDM ConfigurationManager: Command failure status. Configuration Source ID: (386F60E8-6817-4304-B348-3E8545F3B70A), Enrollment Name: (MDMDeviceWithAAD), Provider Name: (Policy), Command Type: (Add: from Replace or Add), CSP URI: (./Device/Vendor/MSFT/Policy/ConfigOperations/ADMXInstall/Receiver/Properties/Policy/FakePolicy/Version), Result: (The system cannot find the file specified.)."
"03-07-2026 09:37:19","404","Error","Microsoft-Windows-DeviceManagement-Enterprise-Diagnostics-Provider","MDM ConfigurationManager: Command failure status. Configuration Source ID: (386F60E8-6817-4304-B348-3E8545F3B70A), Enrollment Name: (MDMDeviceWithAAD), Provider Name: (Policy), Command Type: (Add: from Replace or Add), CSP URI: (./Device/Vendor/MSFT/Policy/ConfigOperations/ADMXInstall/Receiver/Properties/Policy/FakePolicy/Version), Result: (The system cannot find the file specified.)."
"02-07-2026 10:55:08","813","Information","Microsoft-Windows-DeviceManagement-Enterprise-Diagnostics-Provider","MDM PolicyManager: Set policy int, Policy: (QuickMachineRecoveryEnrolled), Area: (Update), EnrollmentID requesting merge: (B04F44A4-B696-4B56-934A-C11667E944E4), Current User: (Device), Int: (0x0), Enrollment Type: (0x20), Scope: (0x0)."
"02-07-2026 10:55:08","813","Information","Microsoft-Windows-DeviceManagement-Enterprise-Diagnostics-Provider","MDM PolicyManager: Set policy int, Policy: (DriverUpdateEnrolled), Area: (Update), EnrollmentID requesting merge: (B04F44A4-B696-4B56-934A-C11667E944E4), Current User: (Device), Int: (0x0), Enrollment Type: (0x20), Scope: (0x0)."
"02-07-2026 10:55:08","813","Information","Microsoft-Windows-DeviceManagement-Enterprise-Diagnostics-Provider","MDM PolicyManager: Set policy int, Policy: (AllowRebootlessUpdates), Area: (Update), EnrollmentID requesting merge: (B04F44A4-B696-4B56-934A-C11667E944E4), Current User: (Device), Int: (0x1), Enrollment Type: (0x20), Scope: (0x0)."
"02-07-2026 10:55:08","813","Information","Microsoft-Windows-DeviceManagement-Enterprise-Diagnostics-Provider","MDM PolicyManager: Set policy int, Policy: (FeatureUpdateEnrolled), Area: (Update), EnrollmentID requesting merge: (B04F44A4-B696-4B56-934A-C11667E944E4), Current User: (Device), Int: (0x1), Enrollment Type: (0x20), Scope: (0x0)."
"02-07-2026 10:55:08","813","Information","Microsoft-Windows-DeviceManagement-Enterprise-Diagnostics-Provider","MDM PolicyManager: Set policy int, Policy: (QualityUpdateEnrolled), Area: (Update), EnrollmentID requesting merge: (B04F44A4-B696-4B56-934A-C11667E944E4), Current User: (Device), Int: (0x0), Enrollment Type: (0x20), Scope: (0x0)."
"02-07-2026 09:23:38","404","Error","Microsoft-Windows-DeviceManagement-Enterprise-Diagnostics-Provider","MDM ConfigurationManager: Command failure status. Configuration Source ID: (386F60E8-6817-4304-B348-3E8545F3B70A), Enrollment Name: (MDMDeviceWithAAD), Provider Name: (Policy), Command Type: (Add: from Replace or Add), CSP URI: (./Device/Vendor/MSFT/Policy/ConfigOperations/ADMXInstall/Receiver/Properties/Policy/FakePolicy/Version), Result: (The system cannot find the file specified.)."
"02-07-2026 09:19:03","404","Error","Microsoft-Windows-DeviceManagement-Enterprise-Diagnostics-Provider","MDM ConfigurationManager: Command failure status. Configuration Source ID: (386F60E8-6817-4304-B348-3E8545F3B70A), Enrollment Name: (MDMDeviceWithAAD), Provider Name: (Policy), Command Type: (Add: from Replace or Add), CSP URI: (./Device/Vendor/MSFT/Policy/ConfigOperations/ADMXInstall/Receiver/Properties/Policy/FakePolicy/Version), Result: (The system cannot find the file specified.)."
"01-07-2026 10:25:32","813","Information","Microsoft-Windows-DeviceManagement-Enterprise-Diagnostics-Provider","MDM PolicyManager: Set policy int, Policy: (QuickMachineRecoveryEnrolled), Area: (Update), EnrollmentID requesting merge: (B04F44A4-B696-4B56-934A-C11667E944E4), Current User: (Device), Int: (0x0), Enrollment Type: (0x20), Scope: (0x0)."
"01-07-2026 10:25:32","813","Information","Microsoft-Windows-DeviceManagement-Enterprise-Diagnostics-Provider","MDM PolicyManager: Set policy int, Policy: (DriverUpdateEnrolled), Area: (Update), EnrollmentID requesting merge: (B04F44A4-B696-4B56-934A-C11667E944E4), Current User: (Device), Int: (0x0), Enrollment Type: (0x20), Scope: (0x0)."
"01-07-2026 10:25:32","813","Information","Microsoft-Windows-DeviceManagement-Enterprise-Diagnostics-Provider","MDM PolicyManager: Set policy int, Policy: (AllowRebootlessUpdates), Area: (Update), EnrollmentID requesting merge: (B04F44A4-B696-4B56-934A-C11667E944E4), Current User: (Device), Int: (0x1), Enrollment Type: (0x20), Scope: (0x0)."
"01-07-2026 10:25:32","813","Information","Microsoft-Windows-DeviceManagement-Enterprise-Diagnostics-Provider","MDM PolicyManager: Set policy int, Policy: (FeatureUpdateEnrolled), Area: (Update), EnrollmentID requesting merge: (B04F44A4-B696-4B56-934A-C11667E944E4), Current User: (Device), Int: (0x1), Enrollment Type: (0x20), Scope: (0x0)."
"01-07-2026 10:25:32","813","Information","Microsoft-Windows-DeviceManagement-Enterprise-Diagnostics-Provider","MDM PolicyManager: Set policy int, Policy: (QualityUpdateEnrolled), Area: (Update), EnrollmentID requesting merge: (B04F44A4-B696-4B56-934A-C11667E944E4), Current User: (Device), Int: (0x0), Enrollment Type: (0x20), Scope: (0x0)."
"01-07-2026 09:43:50","404","Error","Microsoft-Windows-DeviceManagement-Enterprise-Diagnostics-Provider","MDM ConfigurationManager: Command failure status. Configuration Source ID: (386F60E8-6817-4304-B348-3E8545F3B70A), Enrollment Name: (MDMDeviceWithAAD), Provider Name: (Policy), Command Type: (Add: from Replace or Add), CSP URI: (./Device/Vendor/MSFT/Policy/ConfigOperations/ADMXInstall/Receiver/Properties/Policy/FakePolicy/Version), Result: (The system cannot find the file specified.)."
"01-07-2026 09:42:14","404","Error","Microsoft-Windows-DeviceManagement-Enterprise-Diagnostics-Provider","MDM ConfigurationManager: Command failure status. Configuration Source ID: (386F60E8-6817-4304-B348-3E8545F3B70A), Enrollment Name: (MDMDeviceWithAAD), Provider Name: (Policy), Command Type: (Add: from Replace or Add), CSP URI: (./Device/Vendor/MSFT/Policy/ConfigOperations/ADMXInstall/Receiver/Properties/Policy/FakePolicy/Version), Result: (The system cannot find the file specified.)."
"30-06-2026 13:13:05","404","Error","Microsoft-Windows-DeviceManagement-Enterprise-Diagnostics-Provider","MDM ConfigurationManager: Command failure status. Configuration Source ID: (386F60E8-6817-4304-B348-3E8545F3B70A), Enrollment Name: (MDMDeviceWithAAD), Provider Name: (Policy), Command Type: (Add: from Replace or Add), CSP URI: (./Device/Vendor/MSFT/Policy/ConfigOperations/ADMXInstall/Receiver/Properties/Policy/FakePolicy/Version), Result: (The system cannot find the file specified.)."
"30-06-2026 13:11:49","404","Error","Microsoft-Windows-DeviceManagement-Enterprise-Diagnostics-Provider","MDM ConfigurationManager: Command failure status. Configuration Source ID: (386F60E8-6817-4304-B348-3E8545F3B70A), Enrollment Name: (MDMDeviceWithAAD), Provider Name: (Policy), Command Type: (Add: from Replace or Add), CSP URI: (./Device/Vendor/MSFT/Policy/ConfigOperations/ADMXInstall/Receiver/Properties/Policy/FakePolicy/Version), Result: (The system cannot find the file specified.)."
"30-06-2026 09:20:48","813","Information","Microsoft-Windows-DeviceManagement-Enterprise-Diagnostics-Provider","MDM PolicyManager: Set policy int, Policy: (QuickMachineRecoveryEnrolled), Area: (Update), EnrollmentID requesting merge: (B04F44A4-B696-4B56-934A-C11667E944E4), Current User: (Device), Int: (0x0), Enrollment Type: (0x20), Scope: (0x0)."
"30-06-2026 09:20:48","813","Information","Microsoft-Windows-DeviceManagement-Enterprise-Diagnostics-Provider","MDM PolicyManager: Set policy int, Policy: (DriverUpdateEnrolled), Area: (Update), EnrollmentID requesting merge: (B04F44A4-B696-4B56-934A-C11667E944E4), Current User: (Device), Int: (0x0), Enrollment Type: (0x20), Scope: (0x0)."
"30-06-2026 09:20:48","813","Information","Microsoft-Windows-DeviceManagement-Enterprise-Diagnostics-Provider","MDM PolicyManager: Set policy int, Policy: (AllowRebootlessUpdates), Area: (Update), EnrollmentID requesting merge: (B04F44A4-B696-4B56-934A-C11667E944E4), Current User: (Device), Int: (0x1), Enrollment Type: (0x20), Scope: (0x0)."
"30-06-2026 09:20:48","813","Information","Microsoft-Windows-DeviceManagement-Enterprise-Diagnostics-Provider","MDM PolicyManager: Set policy int, Policy: (FeatureUpdateEnrolled), Area: (Update), EnrollmentID requesting merge: (B04F44A4-B696-4B56-934A-C11667E944E4), Current User: (Device), Int: (0x1), Enrollment Type: (0x20), Scope: (0x0)."
"30-06-2026 09:20:48","813","Information","Microsoft-Windows-DeviceManagement-Enterprise-Diagnostics-Provider","MDM PolicyManager: Set policy int, Policy: (QualityUpdateEnrolled), Area: (Update), EnrollmentID requesting merge: (B04F44A4-B696-4B56-934A-C11667E944E4), Current User: (Device), Int: (0x0), Enrollment Type: (0x20), Scope: (0x0)."
"29-06-2026 10:29:38","404","Error","Microsoft-Windows-DeviceManagement-Enterprise-Diagnostics-Provider","MDM ConfigurationManager: Command failure status. Configuration Source ID: (386F60E8-6817-4304-B348-3E8545F3B70A), Enrollment Name: (MDMDeviceWithAAD), Provider Name: (Policy), Command Type: (Add: from Replace or Add), CSP URI: (./Device/Vendor/MSFT/Policy/ConfigOperations/ADMXInstall/Receiver/Properties/Policy/FakePolicy/Version), Result: (The system cannot find the file specified.)."
"29-06-2026 10:29:12","2012","Information","Microsoft-Windows-DeviceManagement-Enterprise-Diagnostics-Provider","Wsc Startup Alert WNF event process status (The operation completed successfully.)"
"29-06-2026 10:28:52","2750","Warning","Microsoft-Windows-DeviceManagement-Enterprise-Diagnostics-Provider","DeviceStatus CSP: WscGetSecurityProviderHealth(WSC_SECURITY_PROVIDER_FIREWALL) returned status 0x2 and HRESULT Incorrect function."
"29-06-2026 10:28:42","2750","Warning","Microsoft-Windows-DeviceManagement-Enterprise-Diagnostics-Provider","DeviceStatus CSP: WscGetSecurityProviderHealth(WSC_SECURITY_PROVIDER_FIREWALL) returned status 0x2 and HRESULT Incorrect function."
"29-06-2026 10:28:37","404","Error","Microsoft-Windows-DeviceManagement-Enterprise-Diagnostics-Provider","MDM ConfigurationManager: Command failure status. Configuration Source ID: (386F60E8-6817-4304-B348-3E8545F3B70A), Enrollment Name: (MDMDeviceWithAAD), Provider Name: (Policy), Command Type: (Add: from Replace or Add), CSP URI: (./Device/Vendor/MSFT/Policy/ConfigOperations/ADMXInstall/Receiver/Properties/Policy/FakePolicy/Version), Result: (The system cannot find the file specified.)."
"29-06-2026 10:28:24","2750","Warning","Microsoft-Windows-DeviceManagement-Enterprise-Diagnostics-Provider","DeviceStatus CSP: WscGetSecurityProviderHealth(WSC_SECURITY_PROVIDER_FIREWALL) returned status 0x2 and HRESULT Incorrect function."
"29-06-2026 10:28:14","2750","Warning","Microsoft-Windows-DeviceManagement-Enterprise-Diagnostics-Provider","DeviceStatus CSP: WscGetSecurityProviderHealth(WSC_SECURITY_PROVIDER_FIREWALL) returned status 0x2 and HRESULT Incorrect function."
"29-06-2026 10:27:56","2750","Warning","Microsoft-Windows-DeviceManagement-Enterprise-Diagnostics-Provider","DeviceStatus CSP: WscGetSecurityProviderHealth(WSC_SECURITY_PROVIDER_FIREWALL) returned status 0x2 and HRESULT Incorrect function."
"29-06-2026 10:27:44","2750","Warning","Microsoft-Windows-DeviceManagement-Enterprise-Diagnostics-Provider","DeviceStatus CSP: WscGetSecurityProviderHealth(WSC_SECURITY_PROVIDER_FIREWALL) returned status 0x2 and HRESULT Incorrect function."
"29-06-2026 10:27:34","404","Error","Microsoft-Windows-DeviceManagement-Enterprise-Diagnostics-Provider","MDM ConfigurationManager: Command failure status. Configuration Source ID: (386F60E8-6817-4304-B348-3E8545F3B70A), Enrollment Name: (MDMDeviceWithAAD), Provider Name: (Policy), Command Type: (Add: from Replace or Add), CSP URI: (./Device/Vendor/MSFT/Policy/ConfigOperations/ADMXInstall/Receiver/Properties/Policy/FakePolicy/Version), Result: (The system cannot find the file specified.)."
"29-06-2026 10:27:11","2750","Warning","Microsoft-Windows-DeviceManagement-Enterprise-Diagnostics-Provider","DeviceStatus CSP: WscGetSecurityProviderHealth(WSC_SECURITY_PROVIDER_FIREWALL) returned status 0x2 and HRESULT Incorrect function."
"29-06-2026 10:26:31","2750","Warning","Microsoft-Windows-DeviceManagement-Enterprise-Diagnostics-Provider","DeviceStatus CSP: WscGetSecurityProviderHealth(WSC_SECURITY_PROVIDER_FIREWALL) returned status 0x2 and HRESULT Incorrect function."
"29-06-2026 10:25:45","2750","Warning","Microsoft-Windows-DeviceManagement-Enterprise-Diagnostics-Provider","DeviceStatus CSP: WscGetSecurityProviderHealth(WSC_SECURITY_PROVIDER_FIREWALL) returned status 0x2 and HRESULT Incorrect function."
"29-06-2026 09:17:52","813","Information","Microsoft-Windows-DeviceManagement-Enterprise-Diagnostics-Provider","MDM PolicyManager: Set policy int, Policy: (QuickMachineRecoveryEnrolled), Area: (Update), EnrollmentID requesting merge: (B04F44A4-B696-4B56-934A-C11667E944E4), Current User: (Device), Int: (0x0), Enrollment Type: (0x20), Scope: (0x0)."
"29-06-2026 09:17:52","813","Information","Microsoft-Windows-DeviceManagement-Enterprise-Diagnostics-Provider","MDM PolicyManager: Set policy int, Policy: (DriverUpdateEnrolled), Area: (Update), EnrollmentID requesting merge: (B04F44A4-B696-4B56-934A-C11667E944E4), Current User: (Device), Int: (0x0), Enrollment Type: (0x20), Scope: (0x0)."
"29-06-2026 09:17:52","813","Information","Microsoft-Windows-DeviceManagement-Enterprise-Diagnostics-Provider","MDM PolicyManager: Set policy int, Policy: (AllowRebootlessUpdates), Area: (Update), EnrollmentID requesting merge: (B04F44A4-B696-4B56-934A-C11667E944E4), Current User: (Device), Int: (0x1), Enrollment Type: (0x20), Scope: (0x0)."
"29-06-2026 09:17:52","813","Information","Microsoft-Windows-DeviceManagement-Enterprise-Diagnostics-Provider","MDM PolicyManager: Set policy int, Policy: (FeatureUpdateEnrolled), Area: (Update), EnrollmentID requesting merge: (B04F44A4-B696-4B56-934A-C11667E944E4), Current User: (Device), Int: (0x1), Enrollment Type: (0x20), Scope: (0x0)."
"29-06-2026 09:17:52","813","Information","Microsoft-Windows-DeviceManagement-Enterprise-Diagnostics-Provider","MDM PolicyManager: Set policy int, Policy: (QualityUpdateEnrolled), Area: (Update), EnrollmentID requesting merge: (B04F44A4-B696-4B56-934A-C11667E944E4), Current User: (Device), Int: (0x0), Enrollment Type: (0x20), Scope: (0x0)."
"29-06-2026 09:08:42","404","Error","Microsoft-Windows-DeviceManagement-Enterprise-Diagnostics-Provider","MDM ConfigurationManager: Command failure status. Configuration Source ID: (386F60E8-6817-4304-B348-3E8545F3B70A), Enrollment Name: (MDMDeviceWithAAD), Provider Name: (Policy), Command Type: (Add: from Replace or Add), CSP URI: (./Device/Vendor/MSFT/Policy/ConfigOperations/ADMXInstall/Receiver/Properties/Policy/FakePolicy/Version), Result: (The system cannot find the file specified.)."
"29-06-2026 09:07:37","404","Error","Microsoft-Windows-DeviceManagement-Enterprise-Diagnostics-Provider","MDM ConfigurationManager: Command failure status. Configuration Source ID: (386F60E8-6817-4304-B348-3E8545F3B70A), Enrollment Name: (MDMDeviceWithAAD), Provider Name: (Policy), Command Type: (Add: from Replace or Add), CSP URI: (./Device/Vendor/MSFT/Policy/ConfigOperations/ADMXInstall/Receiver/Properties/Policy/FakePolicy/Version), Result: (The system cannot find the file specified.)."
"29-06-2026 09:07:04","2012","Information","Microsoft-Windows-DeviceManagement-Enterprise-Diagnostics-Provider","Wsc Startup Alert WNF event process status (The operation completed successfully.)"
"29-06-2026 09:06:51","2750","Warning","Microsoft-Windows-DeviceManagement-Enterprise-Diagnostics-Provider","DeviceStatus CSP: WscGetSecurityProviderHealth(WSC_SECURITY_PROVIDER_FIREWALL) returned status 0x2 and HRESULT Incorrect function."
"29-06-2026 09:06:27","2750","Warning","Microsoft-Windows-DeviceManagement-Enterprise-Diagnostics-Provider","DeviceStatus CSP: WscGetSecurityProviderHealth(WSC_SECURITY_PROVIDER_FIREWALL) returned status 0x2 and HRESULT Incorrect function."
"29-06-2026 09:06:20","4108","Error","Microsoft-Windows-DeviceManagement-Enterprise-Diagnostics-Provider","MDM Declared Configuration resource cleanup task failed."
"29-06-2026 09:06:16","404","Error","Microsoft-Windows-DeviceManagement-Enterprise-Diagnostics-Provider","MDM ConfigurationManager: Command failure status. Configuration Source ID: (386F60E8-6817-4304-B348-3E8545F3B70A), Enrollment Name: (MDMDeviceWithAAD), Provider Name: (Policy), Command Type: (Add: from Replace or Add), CSP URI: (./Device/Vendor/MSFT/Policy/ConfigOperations/ADMXInstall/Receiver/Properties/Policy/FakePolicy/Version), Result: (The system cannot find the file specified.)."
"29-06-2026 09:05:50","2750","Warning","Microsoft-Windows-DeviceManagement-Enterprise-Diagnostics-Provider","DeviceStatus CSP: WscGetSecurityProviderHealth(WSC_SECURITY_PROVIDER_FIREWALL) returned status 0x2 and HRESULT Incorrect function."
"29-06-2026 09:05:29","2750","Warning","Microsoft-Windows-DeviceManagement-Enterprise-Diagnostics-Provider","DeviceStatus CSP: WscGetSecurityProviderHealth(WSC_SECURITY_PROVIDER_FIREWALL) returned status 0x2 and HRESULT Incorrect function."
"29-06-2026 09:05:04","2750","Warning","Microsoft-Windows-DeviceManagement-Enterprise-Diagnostics-Provider","DeviceStatus CSP: WscGetSecurityProviderHealth(WSC_SECURITY_PROVIDER_FIREWALL) returned status 0x2 and HRESULT Incorrect function."
"29-06-2026 09:04:49","2750","Warning","Microsoft-Windows-DeviceManagement-Enterprise-Diagnostics-Provider","DeviceStatus CSP: WscGetSecurityProviderHealth(WSC_SECURITY_PROVIDER_FIREWALL) returned status 0x2 and HRESULT Incorrect function."
"29-06-2026 09:04:36","404","Error","Microsoft-Windows-DeviceManagement-Enterprise-Diagnostics-Provider","MDM ConfigurationManager: Command failure status. Configuration Source ID: (386F60E8-6817-4304-B348-3E8545F3B70A), Enrollment Name: (MDMDeviceWithAAD), Provider Name: (Policy), Command Type: (Add: from Replace or Add), CSP URI: (./Device/Vendor/MSFT/Policy/ConfigOperations/ADMXInstall/Receiver/Properties/Policy/FakePolicy/Version), Result: (The system cannot find the file specified.)."
"29-06-2026 09:04:23","2750","Warning","Microsoft-Windows-DeviceManagement-Enterprise-Diagnostics-Provider","DeviceStatus CSP: WscGetSecurityProviderHealth(WSC_SECURITY_PROVIDER_FIREWALL) returned status 0x2 and HRESULT Incorrect function."
"29-06-2026 09:04:16","2750","Warning","Microsoft-Windows-DeviceManagement-Enterprise-Diagnostics-Provider","DeviceStatus CSP: WscGetSecurityProviderHealth(WSC_SECURITY_PROVIDER_FIREWALL) returned status 0x2 and HRESULT Incorrect function."
"29-06-2026 09:03:43","2750","Warning","Microsoft-Windows-DeviceManagement-Enterprise-Diagnostics-Provider","DeviceStatus CSP: WscGetSecurityProviderHealth(WSC_SECURITY_PROVIDER_FIREWALL) returned status 0x2 and HRESULT Incorrect function."
"26-06-2026 12:08:06","813","Information","Microsoft-Windows-DeviceManagement-Enterprise-Diagnostics-Provider","MDM PolicyManager: Set policy int, Policy: (QuickMachineRecoveryEnrolled), Area: (Update), EnrollmentID requesting merge: (B04F44A4-B696-4B56-934A-C11667E944E4), Current User: (Device), Int: (0x0), Enrollment Type: (0x20), Scope: (0x0)."
"26-06-2026 12:08:06","813","Information","Microsoft-Windows-DeviceManagement-Enterprise-Diagnostics-Provider","MDM PolicyManager: Set policy int, Policy: (DriverUpdateEnrolled), Area: (Update), EnrollmentID requesting merge: (B04F44A4-B696-4B56-934A-C11667E944E4), Current User: (Device), Int: (0x0), Enrollment Type: (0x20), Scope: (0x0)."
"26-06-2026 12:08:06","813","Information","Microsoft-Windows-DeviceManagement-Enterprise-Diagnostics-Provider","MDM PolicyManager: Set policy int, Policy: (AllowRebootlessUpdates), Area: (Update), EnrollmentID requesting merge: (B04F44A4-B696-4B56-934A-C11667E944E4), Current User: (Device), Int: (0x1), Enrollment Type: (0x20), Scope: (0x0)."
"26-06-2026 12:08:06","813","Information","Microsoft-Windows-DeviceManagement-Enterprise-Diagnostics-Provider","MDM PolicyManager: Set policy int, Policy: (FeatureUpdateEnrolled), Area: (Update), EnrollmentID requesting merge: (B04F44A4-B696-4B56-934A-C11667E944E4), Current User: (Device), Int: (0x1), Enrollment Type: (0x20), Scope: (0x0)."
"26-06-2026 12:08:06","813","Information","Microsoft-Windows-DeviceManagement-Enterprise-Diagnostics-Provider","MDM PolicyManager: Set policy int, Policy: (QualityUpdateEnrolled), Area: (Update), EnrollmentID requesting merge: (B04F44A4-B696-4B56-934A-C11667E944E4), Current User: (Device), Int: (0x0), Enrollment Type: (0x20), Scope: (0x0)."
"26-06-2026 09:49:26","404","Error","Microsoft-Windows-DeviceManagement-Enterprise-Diagnostics-Provider","MDM ConfigurationManager: Command failure status. Configuration Source ID: (386F60E8-6817-4304-B348-3E8545F3B70A), Enrollment Name: (MDMDeviceWithAAD), Provider Name: (Policy), Command Type: (Add: from Replace or Add), CSP URI: (./Device/Vendor/MSFT/Policy/ConfigOperations/ADMXInstall/Receiver/Properties/Policy/FakePolicy/Version), Result: (The system cannot find the file specified.)."
"26-06-2026 09:44:21","404","Error","Microsoft-Windows-DeviceManagement-Enterprise-Diagnostics-Provider","MDM ConfigurationManager: Command failure status. Configuration Source ID: (386F60E8-6817-4304-B348-3E8545F3B70A), Enrollment Name: (MDMDeviceWithAAD), Provider Name: (Policy), Command Type: (Add: from Replace or Add), CSP URI: (./Device/Vendor/MSFT/Policy/ConfigOperations/ADMXInstall/Receiver/Properties/Policy/FakePolicy/Version), Result: (The system cannot find the file specified.)."
"26-06-2026 09:43:41","404","Error","Microsoft-Windows-DeviceManagement-Enterprise-Diagnostics-Provider","MDM ConfigurationManager: Command failure status. Configuration Source ID: (386F60E8-6817-4304-B348-3E8545F3B70A), Enrollment Name: (MDMDeviceWithAAD), Provider Name: (Policy), Command Type: (Add: from Replace or Add), CSP URI: (./Device/Vendor/MSFT/Policy/ConfigOperations/ADMXInstall/Receiver/Properties/Policy/FakePolicy/Version), Result: (The system cannot find the file specified.)."
"25-06-2026 12:02:26","813","Information","Microsoft-Windows-DeviceManagement-Enterprise-Diagnostics-Provider","MDM PolicyManager: Set policy int, Policy: (QuickMachineRecoveryEnrolled), Area: (Update), EnrollmentID requesting merge: (B04F44A4-B696-4B56-934A-C11667E944E4), Current User: (Device), Int: (0x0), Enrollment Type: (0x20), Scope: (0x0)."
"25-06-2026 12:02:26","813","Information","Microsoft-Windows-DeviceManagement-Enterprise-Diagnostics-Provider","MDM PolicyManager: Set policy int, Policy: (DriverUpdateEnrolled), Area: (Update), EnrollmentID requesting merge: (B04F44A4-B696-4B56-934A-C11667E944E4), Current User: (Device), Int: (0x0), Enrollment Type: (0x20), Scope: (0x0)."
"25-06-2026 12:02:26","813","Information","Microsoft-Windows-DeviceManagement-Enterprise-Diagnostics-Provider","MDM PolicyManager: Set policy int, Policy: (AllowRebootlessUpdates), Area: (Update), EnrollmentID requesting merge: (B04F44A4-B696-4B56-934A-C11667E944E4), Current User: (Device), Int: (0x1), Enrollment Type: (0x20), Scope: (0x0)."
"25-06-2026 12:02:26","813","Information","Microsoft-Windows-DeviceManagement-Enterprise-Diagnostics-Provider","MDM PolicyManager: Set policy int, Policy: (FeatureUpdateEnrolled), Area: (Update), EnrollmentID requesting merge: (B04F44A4-B696-4B56-934A-C11667E944E4), Current User: (Device), Int: (0x1), Enrollment Type: (0x20), Scope: (0x0)."
"25-06-2026 12:02:26","813","Information","Microsoft-Windows-DeviceManagement-Enterprise-Diagnostics-Provider","MDM PolicyManager: Set policy int, Policy: (QualityUpdateEnrolled), Area: (Update), EnrollmentID requesting merge: (B04F44A4-B696-4B56-934A-C11667E944E4), Current User: (Device), Int: (0x0), Enrollment Type: (0x20), Scope: (0x0)."
