"TimeCreated","Id","LevelDisplayName","ProviderName","Message"
"19-08-2026 09:57:39","903","Information","Microsoft-Windows-Kernel-PnP","A long running thread for device start processing has been completed.
Thread ID: 0x6908
Device: ACPI\PNP0A08\0
Service: pci
Total run time in milliseconds: 12562"
"19-08-2026 09:57:29","902","Warning","Microsoft-Windows-Kernel-PnP","A long running thread for device start processing was detected. The thread has been running for 3008 milliseconds.
Thread ID: 0x6908
Device: ACPI\PNP0A08\0
Service: pci"
"19-08-2026 09:57:26","903","Information","Microsoft-Windows-Kernel-PnP","A long running thread for device start processing has been completed.
Thread ID: 0x6908
Device: ACPI_HAL\PNP0C08\0
Service: ACPI
Total run time in milliseconds: 3881"
"19-08-2026 09:57:25","902","Warning","Microsoft-Windows-Kernel-PnP","A long running thread for device start processing was detected. The thread has been running for 3014 milliseconds.
Thread ID: 0x6908
Device: ACPI_HAL\PNP0C08\0
Service: ACPI"
"18-08-2026 09:40:54","903","Information","Microsoft-Windows-Kernel-PnP","A long running thread for device start processing has been completed.
Thread ID: 0x5CB8
Device: ACPI\PNP0A08\0
Service: pci
Total run time in milliseconds: 4932"
"18-08-2026 09:40:52","902","Warning","Microsoft-Windows-Kernel-PnP","A long running thread for device start processing was detected. The thread has been running for 3009 milliseconds.
Thread ID: 0x5CB8
Device: ACPI\PNP0A08\0
Service: pci"
"14-08-2026 20:08:53","903","Information","Microsoft-Windows-Kernel-PnP","A long running thread for device start processing has been completed.
Thread ID: 0x34E4
Device: USB\VID_FFFF&PID_BACE&REV_0002&MI_00\2&2cee342a&0&0000
Service: HidUsb
Total run time in milliseconds: 5003"
"14-08-2026 20:08:51","902","Warning","Microsoft-Windows-Kernel-PnP","A long running thread for device start processing was detected. The thread has been running for 3014 milliseconds.
Thread ID: 0x34E4
Device: USB\VID_FFFF&PID_BACE&REV_0002&MI_00\2&2cee342a&0&0000
Service: HidUsb"
"14-08-2026 13:22:30","903","Information","Microsoft-Windows-Kernel-PnP","A long running thread for device start processing has been completed.
Thread ID: 0x5D18
Device: ACPI\PNP0A08\0
Service: pci
Total run time in milliseconds: 3280"
"14-08-2026 13:22:30","902","Warning","Microsoft-Windows-Kernel-PnP","A long running thread for device start processing was detected. The thread has been running for 3011 milliseconds.
Thread ID: 0x5D18
Device: ACPI\PNP0A08\0
Service: pci"
"13-08-2026 19:10:11","903","Information","Microsoft-Windows-Kernel-PnP","A long running thread for device start processing has been completed.
Thread ID: 0x2E2C
Device: USB\VID_FFFF&PID_BACE&REV_0002&MI_00\2&2cee342a&0&0000
Service: HidUsb
Total run time in milliseconds: 5000"
"13-08-2026 19:10:09","902","Warning","Microsoft-Windows-Kernel-PnP","A long running thread for device start processing was detected. The thread has been running for 3000 milliseconds.
Thread ID: 0x2E2C
Device: USB\VID_FFFF&PID_BACE&REV_0002&MI_00\2&2cee342a&0&0000
Service: HidUsb"
"13-08-2026 09:13:50","901","Information","Microsoft-Windows-Kernel-PnP","A long running thread for the device event queue has been completed.
Thread ID: 0x52C8
Device: PCI\VEN_8086&DEV_7740&SUBSYS_40E08086&REV_00\3&11583659&0&A3
Service: Netwaw18
Event Category: 1
Event GUID: {cb3a400e-46f0-11d0-b08f-00609713053f}
Event Argument: 0x15
Argument Status: 0x0
Category Specific Data:
{00000000-0000-0000-0000-000000000000}
PCI\VEN_8086&DEV_7740&SUBSYS_40E08086&REV_00\3&11583659&0&A3

Total run time in milliseconds: 9855"
"13-08-2026 09:13:43","900","Warning","Microsoft-Windows-Kernel-PnP","A long running thread for the device event queue was detected. The thread has been running for 3009 milliseconds.
Thread ID: 0x52C8
Device: PCI\VEN_8086&DEV_7740&SUBSYS_40E08086&REV_00\3&11583659&0&A3
Service: Netwaw18
Event Category: 1
Event GUID: {cb3a400e-46f0-11d0-b08f-00609713053f}
Event Argument: 0x15
Argument Status: 0x0
Category Specific Data:
{00000000-0000-0000-0000-000000000000}
PCI\VEN_8086&DEV_7740&SUBSYS_40E08086&REV_00\3&11583659&0&A3"
"13-08-2026 09:13:41","903","Information","Microsoft-Windows-Kernel-PnP","A long running thread for device start processing has been completed.
Thread ID: 0x73A0
Device: ACPI\PNP0A08\0
Service: pci
Total run time in milliseconds: 7815"
"13-08-2026 09:13:36","902","Warning","Microsoft-Windows-Kernel-PnP","A long running thread for device start processing was detected. The thread has been running for 3003 milliseconds.
Thread ID: 0x73A0
Device: ACPI\PNP0A08\0
Service: pci"
"12-08-2026 08:56:01","903","Information","Microsoft-Windows-Kernel-PnP","A long running thread for device start processing has been completed.
Thread ID: 0x2E80
Device: ACPI\PNP0A08\0
Service: pci
Total run time in milliseconds: 3322"
"12-08-2026 08:56:01","902","Warning","Microsoft-Windows-Kernel-PnP","A long running thread for device start processing was detected. The thread has been running for 3010 milliseconds.
Thread ID: 0x2E80
Device: ACPI\PNP0A08\0
Service: pci"
"12-08-2026 08:55:58","903","Information","Microsoft-Windows-Kernel-PnP","A long running thread for device start processing has been completed.
Thread ID: 0x2E80
Device: ACPI_HAL\PNP0C08\0
Service: ACPI
Total run time in milliseconds: 6169"
"12-08-2026 08:55:55","902","Warning","Microsoft-Windows-Kernel-PnP","A long running thread for device start processing was detected. The thread has been running for 3013 milliseconds.
Thread ID: 0x2E80
Device: ACPI_HAL\PNP0C08\0
Service: ACPI"
"11-08-2026 14:06:12","903","Information","Microsoft-Windows-Kernel-PnP","A long running thread for device start processing has been completed.
Thread ID: 0x109C
Device: ACPI\PNP0A08\0
Service: pci
Total run time in milliseconds: 3364"
"11-08-2026 14:06:12","902","Warning","Microsoft-Windows-Kernel-PnP","A long running thread for device start processing was detected. The thread has been running for 3004 milliseconds.
Thread ID: 0x109C
Device: ACPI\PNP0A08\0
Service: pci"
"11-08-2026 12:50:44","903","Information","Microsoft-Windows-Kernel-PnP","A long running thread for device start processing has been completed.
Thread ID: 0x4838
Device: ACPI\PNP0A08\0
Service: pci
Total run time in milliseconds: 3301"
"11-08-2026 12:50:43","902","Warning","Microsoft-Windows-Kernel-PnP","A long running thread for device start processing was detected. The thread has been running for 3010 milliseconds.
Thread ID: 0x4838
Device: ACPI\PNP0A08\0
Service: pci"
"11-08-2026 09:11:39","903","Information","Microsoft-Windows-Kernel-PnP","A long running thread for device start processing has been completed.
Thread ID: 0x6304
Device: ACPI\PNP0A08\0
Service: pci
Total run time in milliseconds: 29229"
"11-08-2026 09:11:12","902","Warning","Microsoft-Windows-Kernel-PnP","A long running thread for device start processing was detected. The thread has been running for 3000 milliseconds.
Thread ID: 0x6304
Device: ACPI\PNP0A08\0
Service: pci"
"10-08-2026 12:01:45","903","Information","Microsoft-Windows-Kernel-PnP","A long running thread for device start processing has been completed.
Thread ID: 0x7308
Device: USB\ROOT_HUB30\4&2169287b&0&0
Service: USBHUB3
Total run time in milliseconds: 12661"
"10-08-2026 12:01:35","902","Warning","Microsoft-Windows-Kernel-PnP","A long running thread for device start processing was detected. The thread has been running for 3009 milliseconds.
Thread ID: 0x7308
Device: USB\ROOT_HUB30\4&2169287b&0&0
Service: USBHUB3"
"10-08-2026 09:40:23","903","Information","Microsoft-Windows-Kernel-PnP","A long running thread for device start processing has been completed.
Thread ID: 0x14CC
Device: PCI\VEN_8086&DEV_7EC6&SUBSYS_0CE81028&REV_10\3&11583659&0&38
Service: pci
Total run time in milliseconds: 3099"
"10-08-2026 09:40:23","902","Warning","Microsoft-Windows-Kernel-PnP","A long running thread for device start processing was detected. The thread has been running for 3004 milliseconds.
Thread ID: 0x14CC
Device: PCI\VEN_8086&DEV_7EC6&SUBSYS_0CE81028&REV_10\3&11583659&0&38
Service: pci"
"10-08-2026 09:40:20","903","Information","Microsoft-Windows-Kernel-PnP","A long running thread for device start processing has been completed.
Thread ID: 0x14CC
Device: ACPI\PNP0A08\0
Service: pci
Total run time in milliseconds: 35403"
"10-08-2026 09:39:47","902","Warning","Microsoft-Windows-Kernel-PnP","A long running thread for device start processing was detected. The thread has been running for 3005 milliseconds.
Thread ID: 0x14CC
Device: ACPI\PNP0A08\0
Service: pci"
"10-08-2026 09:39:44","903","Information","Microsoft-Windows-Kernel-PnP","A long running thread for device start processing has been completed.
Thread ID: 0x14CC
Device: ACPI_HAL\PNP0C08\0
Service: ACPI
Total run time in milliseconds: 4997"
"10-08-2026 09:39:42","902","Warning","Microsoft-Windows-Kernel-PnP","A long running thread for device start processing was detected. The thread has been running for 3010 milliseconds.
Thread ID: 0x14CC
Device: ACPI_HAL\PNP0C08\0
Service: ACPI"
"07-08-2026 18:21:56","901","Information","Microsoft-Windows-Kernel-PnP","A long running thread for the device event queue has been completed.
Thread ID: 0xA1A0
Device: 
Service: 
Event Category: 2
Event GUID: {cb3a4005-46f0-11d0-b08f-00609713053f}
Event Argument: 0x0
Argument Status: 0x0
Category Specific Data:
{e6f07b5f-ee97-4a90-b076-33f57bf4eaa7}
\??\DISPLAY#DELA1B9#4&20b8d095&0&UID8263#{e6f07b5f-ee97-4a90-b076-33f57bf4eaa7}

Total run time in milliseconds: 4376"
"07-08-2026 18:21:54","900","Warning","Microsoft-Windows-Kernel-PnP","A long running thread for the device event queue was detected. The thread has been running for 3000 milliseconds.
Thread ID: 0xA1A0
Device: 
Service: 
Event Category: 2
Event GUID: {cb3a4005-46f0-11d0-b08f-00609713053f}
Event Argument: 0x0
Argument Status: 0x0
Category Specific Data:
{e6f07b5f-ee97-4a90-b076-33f57bf4eaa7}
\??\DISPLAY#DELA1B9#4&20b8d095&0&UID8263#{e6f07b5f-ee97-4a90-b076-33f57bf4eaa7}"
"07-08-2026 12:27:20","903","Information","Microsoft-Windows-Kernel-PnP","A long running thread for device start processing has been completed.
Thread ID: 0x8854
Device: ACPI\PNP0A08\0
Service: pci
Total run time in milliseconds: 3424"
"07-08-2026 12:27:19","902","Warning","Microsoft-Windows-Kernel-PnP","A long running thread for device start processing was detected. The thread has been running for 3010 milliseconds.
Thread ID: 0x8854
Device: ACPI\PNP0A08\0
Service: pci"
"07-08-2026 09:20:02","903","Information","Microsoft-Windows-Kernel-PnP","A long running thread for device start processing has been completed.
Thread ID: 0x6EF4
Device: ACPI\PNP0A08\0
Service: pci
Total run time in milliseconds: 3293"
"07-08-2026 09:20:02","902","Warning","Microsoft-Windows-Kernel-PnP","A long running thread for device start processing was detected. The thread has been running for 3005 milliseconds.
Thread ID: 0x6EF4
Device: ACPI\PNP0A08\0
Service: pci"
"07-08-2026 09:16:46","903","Information","Microsoft-Windows-Kernel-PnP","A long running thread for device start processing has been completed.
Thread ID: 0x9954
Device: USB\ROOT_HUB30\4&2169287b&0&0
Service: USBHUB3
Total run time in milliseconds: 5863"
"07-08-2026 09:16:44","902","Warning","Microsoft-Windows-Kernel-PnP","A long running thread for device start processing was detected. The thread has been running for 3013 milliseconds.
Thread ID: 0x9954
Device: USB\ROOT_HUB30\4&2169287b&0&0
Service: USBHUB3"
"06-08-2026 19:03:31","903","Information","Microsoft-Windows-Kernel-PnP","A long running thread for device start processing has been completed.
Thread ID: 0x7B70
Device: USB\VID_FFFF&PID_BACE&REV_0002&MI_00\2&2cee342a&0&0000
Service: HidUsb
Total run time in milliseconds: 5003"
"06-08-2026 19:03:29","902","Warning","Microsoft-Windows-Kernel-PnP","A long running thread for device start processing was detected. The thread has been running for 3014 milliseconds.
Thread ID: 0x7B70
Device: USB\VID_FFFF&PID_BACE&REV_0002&MI_00\2&2cee342a&0&0000
Service: HidUsb"
"06-08-2026 16:34:04","905","Information","Microsoft-Windows-Kernel-PnP","A long running thread for device removal has been completed.
Thread ID: 0x198C
Device: INTELAUDIO\SGPC_FUNC_01&VEN_8086&DEV_281D&SUBSYS_80860101&REV_1000\5&32640736&1&0201DIF_000B&UIF_0000
Service: AcxHdAudio
Total run time in milliseconds: 5062"
"06-08-2026 16:34:02","904","Warning","Microsoft-Windows-Kernel-PnP","A long running thread for device removal was detected. The thread has been running for 3012 milliseconds.
Thread ID: 0x198C
Device: INTELAUDIO\SGPC_FUNC_01&VEN_8086&DEV_281D&SUBSYS_80860101&REV_1000\5&32640736&1&0201DIF_000B&UIF_0000
Service: AcxHdAudio"
"06-08-2026 14:44:43","903","Information","Microsoft-Windows-Kernel-PnP","A long running thread for device start processing has been completed.
Thread ID: 0x8AC0
Device: ACPI\PNP0A08\0
Service: pci
Total run time in milliseconds: 3345"
"06-08-2026 14:44:42","902","Warning","Microsoft-Windows-Kernel-PnP","A long running thread for device start processing was detected. The thread has been running for 3013 milliseconds.
Thread ID: 0x8AC0
Device: ACPI\PNP0A08\0
Service: pci"
"06-08-2026 08:58:30","903","Information","Microsoft-Windows-Kernel-PnP","A long running thread for device start processing has been completed.
Thread ID: 0x46E8
Device: ACPI\PNP0A08\0
Service: pci
Total run time in milliseconds: 3232"
"06-08-2026 08:58:30","902","Warning","Microsoft-Windows-Kernel-PnP","A long running thread for device start processing was detected. The thread has been running for 3005 milliseconds.
Thread ID: 0x46E8
Device: ACPI\PNP0A08\0
Service: pci"
"06-08-2026 08:55:36","903","Information","Microsoft-Windows-Kernel-PnP","A long running thread for device start processing has been completed.
Thread ID: 0x7038
Device: ACPI\PNP0A08\0
Service: pci
Total run time in milliseconds: 3330"
"06-08-2026 08:55:36","902","Warning","Microsoft-Windows-Kernel-PnP","A long running thread for device start processing was detected. The thread has been running for 3004 milliseconds.
Thread ID: 0x7038
Device: ACPI\PNP0A08\0
Service: pci"
"06-08-2026 08:54:54","903","Information","Microsoft-Windows-Kernel-PnP","A long running thread for device start processing has been completed.
Thread ID: 0x4CC8
Device: ACPI\PNP0A08\0
Service: pci
Total run time in milliseconds: 6273"
"06-08-2026 08:54:50","902","Warning","Microsoft-Windows-Kernel-PnP","A long running thread for device start processing was detected. The thread has been running for 3006 milliseconds.
Thread ID: 0x4CC8
Device: ACPI\PNP0A08\0
Service: pci"
"05-08-2026 19:42:26","903","Information","Microsoft-Windows-Kernel-PnP","A long running thread for device start processing has been completed.
Thread ID: 0x7BA8
Device: ACPI\PNP0A08\0
Service: pci
Total run time in milliseconds: 3591"
"05-08-2026 19:42:25","902","Warning","Microsoft-Windows-Kernel-PnP","A long running thread for device start processing was detected. The thread has been running for 3000 milliseconds.
Thread ID: 0x7BA8
Device: ACPI\PNP0A08\0
Service: pci"
"05-08-2026 09:38:54","903","Information","Microsoft-Windows-Kernel-PnP","A long running thread for device start processing has been completed.
Thread ID: 0x776C
Device: ACPI\PNP0A08\0
Service: pci
Total run time in milliseconds: 10126"
"05-08-2026 09:38:47","902","Warning","Microsoft-Windows-Kernel-PnP","A long running thread for device start processing was detected. The thread has been running for 3010 milliseconds.
Thread ID: 0x776C
Device: ACPI\PNP0A08\0
Service: pci"
"05-08-2026 09:38:44","903","Information","Microsoft-Windows-Kernel-PnP","A long running thread for device start processing has been completed.
Thread ID: 0x776C
Device: ACPI_HAL\PNP0C08\0
Service: ACPI
Total run time in milliseconds: 12324"
"05-08-2026 09:38:35","902","Warning","Microsoft-Windows-Kernel-PnP","A long running thread for device start processing was detected. The thread has been running for 3006 milliseconds.
Thread ID: 0x776C
Device: ACPI_HAL\PNP0C08\0
Service: ACPI"
"04-08-2026 18:36:21","905","Information","Microsoft-Windows-Kernel-PnP","A long running thread for device removal has been completed.
Thread ID: 0x8BAC
Device: USB\VID_047F&PID_C058\EBFF498BA439F1488A177C405ACDFDF0
Service: usbccgp
Total run time in milliseconds: 3002"
"04-08-2026 18:36:21","904","Warning","Microsoft-Windows-Kernel-PnP","A long running thread for device removal was detected. The thread has been running for 3000 milliseconds.
Thread ID: 0x8BAC
Device: USB\VID_047F&PID_C058\EBFF498BA439F1488A177C405ACDFDF0
Service: usbccgp"
"03-08-2026 17:58:52","903","Information","Microsoft-Windows-Kernel-PnP","A long running thread for device start processing has been completed.
Thread ID: 0x4EB4
Device: ACPI\PNP0A08\0
Service: pci
Total run time in milliseconds: 3684"
"03-08-2026 17:58:51","902","Warning","Microsoft-Windows-Kernel-PnP","A long running thread for device start processing was detected. The thread has been running for 3009 milliseconds.
Thread ID: 0x4EB4
Device: ACPI\PNP0A08\0
Service: pci"
"03-08-2026 17:28:54","903","Information","Microsoft-Windows-Kernel-PnP","A long running thread for device start processing has been completed.
Thread ID: 0x216C
Device: ACPI\PNP0A08\0
Service: pci
Total run time in milliseconds: 3335"
"03-08-2026 17:28:53","902","Warning","Microsoft-Windows-Kernel-PnP","A long running thread for device start processing was detected. The thread has been running for 3002 milliseconds.
Thread ID: 0x216C
Device: ACPI\PNP0A08\0
Service: pci"
"03-08-2026 16:58:53","903","Information","Microsoft-Windows-Kernel-PnP","A long running thread for device start processing has been completed.
Thread ID: 0x14E8
Device: ACPI\PNP0A08\0
Service: pci
Total run time in milliseconds: 3457"
"03-08-2026 16:58:52","902","Warning","Microsoft-Windows-Kernel-PnP","A long running thread for device start processing was detected. The thread has been running for 3014 milliseconds.
Thread ID: 0x14E8
Device: ACPI\PNP0A08\0
Service: pci"
"03-08-2026 16:28:51","903","Information","Microsoft-Windows-Kernel-PnP","A long running thread for device start processing has been completed.
Thread ID: 0x5470
Device: ACPI\PNP0A08\0
Service: pci
Total run time in milliseconds: 3376"
"03-08-2026 16:28:51","902","Warning","Microsoft-Windows-Kernel-PnP","A long running thread for device start processing was detected. The thread has been running for 3012 milliseconds.
Thread ID: 0x5470
Device: ACPI\PNP0A08\0
Service: pci"
"03-08-2026 15:58:53","903","Information","Microsoft-Windows-Kernel-PnP","A long running thread for device start processing has been completed.
Thread ID: 0x63A4
Device: ACPI\PNP0A08\0
Service: pci
Total run time in milliseconds: 4672"
"03-08-2026 15:58:51","902","Warning","Microsoft-Windows-Kernel-PnP","A long running thread for device start processing was detected. The thread has been running for 3002 milliseconds.
Thread ID: 0x63A4
Device: ACPI\PNP0A08\0
Service: pci"
"03-08-2026 14:28:54","903","Information","Microsoft-Windows-Kernel-PnP","A long running thread for device start processing has been completed.
Thread ID: 0x2FBC
Device: ACPI\PNP0A08\0
Service: pci
Total run time in milliseconds: 4587"
"03-08-2026 14:28:52","902","Warning","Microsoft-Windows-Kernel-PnP","A long running thread for device start processing was detected. The thread has been running for 3007 milliseconds.
Thread ID: 0x2FBC
Device: ACPI\PNP0A08\0
Service: pci"
"03-08-2026 12:01:07","903","Information","Microsoft-Windows-Kernel-PnP","A long running thread for device start processing has been completed.
Thread ID: 0x3BD0
Device: ACPI\PNP0A08\0
Service: pci
Total run time in milliseconds: 5505"
"03-08-2026 12:01:05","902","Warning","Microsoft-Windows-Kernel-PnP","A long running thread for device start processing was detected. The thread has been running for 3010 milliseconds.
Thread ID: 0x3BD0
Device: ACPI\PNP0A08\0
Service: pci"
"03-08-2026 09:43:16","903","Information","Microsoft-Windows-Kernel-PnP","A long running thread for device start processing has been completed.
Thread ID: 0x1178
Device: ACPI\PNP0A08\0
Service: pci
Total run time in milliseconds: 3181"
"03-08-2026 09:43:16","902","Warning","Microsoft-Windows-Kernel-PnP","A long running thread for device start processing was detected. The thread has been running for 3007 milliseconds.
Thread ID: 0x1178
Device: ACPI\PNP0A08\0
Service: pci"
"03-08-2026 09:28:50","903","Information","Microsoft-Windows-Kernel-PnP","A long running thread for device start processing has been completed.
Thread ID: 0x1D4
Device: ACPI\PNP0A08\0
Service: pci
Total run time in milliseconds: 4751"
"03-08-2026 09:28:48","902","Warning","Microsoft-Windows-Kernel-PnP","A long running thread for device start processing was detected. The thread has been running for 3006 milliseconds.
Thread ID: 0x1D4
Device: ACPI\PNP0A08\0
Service: pci"
"31-07-2026 15:32:36","903","Information","Microsoft-Windows-Kernel-PnP","A long running thread for device start processing has been completed.
Thread ID: 0x90B0
Device: ACPI\PNP0A08\0
Service: pci
Total run time in milliseconds: 3565"
"31-07-2026 15:32:35","902","Warning","Microsoft-Windows-Kernel-PnP","A long running thread for device start processing was detected. The thread has been running for 3006 milliseconds.
Thread ID: 0x90B0
Device: ACPI\PNP0A08\0
Service: pci"
"31-07-2026 10:25:41","901","Information","Microsoft-Windows-Kernel-PnP","A long running thread for the device event queue has been completed.
Thread ID: 0x3E64
Device: USB\VID_0424&PID_7206\5&266331bc&0&5
Service: USBHUB3
Event Category: 1
Event GUID: {cb3a400e-46f0-11d0-b08f-00609713053f}
Event Argument: 0x18
Argument Status: 0x0
Category Specific Data:
{00000000-0000-0000-0000-000000000000}
USB\VID_0424&PID_7206\5&266331bc&0&5

Total run time in milliseconds: 3279"
"31-07-2026 10:25:41","900","Warning","Microsoft-Windows-Kernel-PnP","A long running thread for the device event queue was detected. The thread has been running for 3006 milliseconds.
Thread ID: 0x3E64
Device: USB\VID_0424&PID_7206\5&266331bc&0&5
Service: USBHUB3
Event Category: 1
Event GUID: {cb3a400e-46f0-11d0-b08f-00609713053f}
Event Argument: 0x18
Argument Status: 0x0
Category Specific Data:
{00000000-0000-0000-0000-000000000000}
USB\VID_0424&PID_7206\5&266331bc&0&5"
"31-07-2026 09:30:12","903","Information","Microsoft-Windows-Kernel-PnP","A long running thread for device start processing has been completed.
Thread ID: 0x11E0
Device: ACPI\PNP0A08\0
Service: pci
Total run time in milliseconds: 11024"
"31-07-2026 09:30:04","902","Warning","Microsoft-Windows-Kernel-PnP","A long running thread for device start processing was detected. The thread has been running for 3012 milliseconds.
Thread ID: 0x11E0
Device: ACPI\PNP0A08\0
Service: pci"
"31-07-2026 09:30:01","903","Information","Microsoft-Windows-Kernel-PnP","A long running thread for device start processing has been completed.
Thread ID: 0x11E0
Device: ACPI_HAL\PNP0C08\0
Service: ACPI
Total run time in milliseconds: 6909"
"31-07-2026 09:29:57","902","Warning","Microsoft-Windows-Kernel-PnP","A long running thread for device start processing was detected. The thread has been running for 3000 milliseconds.
Thread ID: 0x11E0
Device: ACPI_HAL\PNP0C08\0
Service: ACPI"
"30-07-2026 18:40:32","905","Information","Microsoft-Windows-Kernel-PnP","A long running thread for device removal has been completed.
Thread ID: 0x6ACC
Device: INTELAUDIO\SGPC_FUNC_01&VEN_8086&DEV_281D&SUBSYS_80860101&REV_1000\5&32640736&1&0201DIF_000B&UIF_0000
Service: AcxHdAudio
Total run time in milliseconds: 5509"
"30-07-2026 18:40:29","904","Warning","Microsoft-Windows-Kernel-PnP","A long running thread for device removal was detected. The thread has been running for 3007 milliseconds.
Thread ID: 0x6ACC
Device: INTELAUDIO\SGPC_FUNC_01&VEN_8086&DEV_281D&SUBSYS_80860101&REV_1000\5&32640736&1&0201DIF_000B&UIF_0000
Service: AcxHdAudio"
"30-07-2026 18:21:25","903","Information","Microsoft-Windows-Kernel-PnP","A long running thread for device start processing has been completed.
Thread ID: 0x57D8
Device: ACPI\PNP0A08\0
Service: pci
Total run time in milliseconds: 3036"
"30-07-2026 18:21:25","902","Warning","Microsoft-Windows-Kernel-PnP","A long running thread for device start processing was detected. The thread has been running for 3004 milliseconds.
Thread ID: 0x57D8
Device: ACPI\PNP0A08\0
Service: pci"
"30-07-2026 12:00:27","903","Information","Microsoft-Windows-Kernel-PnP","A long running thread for device start processing has been completed.
Thread ID: 0x474C
Device: ACPI\PNP0A08\0
Service: pci
Total run time in milliseconds: 5065"
"30-07-2026 12:00:25","902","Warning","Microsoft-Windows-Kernel-PnP","A long running thread for device start processing was detected. The thread has been running for 3003 milliseconds.
Thread ID: 0x474C
Device: ACPI\PNP0A08\0
Service: pci"
"30-07-2026 09:37:06","903","Information","Microsoft-Windows-Kernel-PnP","A long running thread for device start processing has been completed.
Thread ID: 0x8F0
Device: ACPI\PNP0A08\0
Service: pci
Total run time in milliseconds: 3282"
"30-07-2026 09:37:06","902","Warning","Microsoft-Windows-Kernel-PnP","A long running thread for device start processing was detected. The thread has been running for 3013 milliseconds.
Thread ID: 0x8F0
Device: ACPI\PNP0A08\0
Service: pci"
"30-07-2026 09:34:09","903","Information","Microsoft-Windows-Kernel-PnP","A long running thread for device start processing has been completed.
Thread ID: 0x2844
Device: ACPI\PNP0A08\0
Service: pci
Total run time in milliseconds: 7098"
"30-07-2026 09:34:05","902","Warning","Microsoft-Windows-Kernel-PnP","A long running thread for device start processing was detected. The thread has been running for 3001 milliseconds.
Thread ID: 0x2844
Device: ACPI\PNP0A08\0
Service: pci"
"29-07-2026 19:21:31","903","Information","Microsoft-Windows-Kernel-PnP","A long running thread for device start processing has been completed.
Thread ID: 0x43AC
Device: PCI\VEN_8086&DEV_7D41&SUBSYS_0CE81028&REV_00\3&11583659&0&10
Service: igfxn
Total run time in milliseconds: 4919"
"29-07-2026 19:21:29","902","Warning","Microsoft-Windows-Kernel-PnP","A long running thread for device start processing was detected. The thread has been running for 3008 milliseconds.
Thread ID: 0x43AC
Device: PCI\VEN_8086&DEV_7D41&SUBSYS_0CE81028&REV_00\3&11583659&0&10
Service: igfxn"
"29-07-2026 12:00:24","903","Information","Microsoft-Windows-Kernel-PnP","A long running thread for device start processing has been completed.
Thread ID: 0x6210
Device: ACPI\PNP0A08\0
Service: pci
Total run time in milliseconds: 3220"
"29-07-2026 12:00:24","902","Warning","Microsoft-Windows-Kernel-PnP","A long running thread for device start processing was detected. The thread has been running for 3014 milliseconds.
Thread ID: 0x6210
Device: ACPI\PNP0A08\0
Service: pci"
"29-07-2026 09:25:37","903","Information","Microsoft-Windows-Kernel-PnP","A long running thread for device start processing has been completed.
Thread ID: 0x3B18
Device: ACPI_HAL\PNP0C08\0
Service: ACPI
Total run time in milliseconds: 5659"
"29-07-2026 09:25:35","902","Warning","Microsoft-Windows-Kernel-PnP","A long running thread for device start processing was detected. The thread has been running for 3000 milliseconds.
Thread ID: 0x3B18
Device: ACPI_HAL\PNP0C08\0
Service: ACPI"
"29-07-2026 09:24:55","903","Information","Microsoft-Windows-Kernel-PnP","A long running thread for device start processing has been completed.
Thread ID: 0x6210
Device: ACPI\PNP0A08\0
Service: pci
Total run time in milliseconds: 7122"
"29-07-2026 09:24:50","902","Warning","Microsoft-Windows-Kernel-PnP","A long running thread for device start processing was detected. The thread has been running for 3004 milliseconds.
Thread ID: 0x6210
Device: ACPI\PNP0A08\0
Service: pci"
"28-07-2026 12:01:17","903","Information","Microsoft-Windows-Kernel-PnP","A long running thread for device start processing has been completed.
Thread ID: 0x22B4
Device: ACPI\PNP0A08\0
Service: pci
Total run time in milliseconds: 3101"
"28-07-2026 12:01:16","902","Warning","Microsoft-Windows-Kernel-PnP","A long running thread for device start processing was detected. The thread has been running for 3013 milliseconds.
Thread ID: 0x22B4
Device: ACPI\PNP0A08\0
Service: pci"
"28-07-2026 09:25:27","903","Information","Microsoft-Windows-Kernel-PnP","A long running thread for device start processing has been completed.
Thread ID: 0x78A8
Device: ACPI\PNP0A08\0
Service: pci
Total run time in milliseconds: 4764"
"28-07-2026 09:25:25","902","Warning","Microsoft-Windows-Kernel-PnP","A long running thread for device start processing was detected. The thread has been running for 3005 milliseconds.
Thread ID: 0x78A8
Device: ACPI\PNP0A08\0
Service: pci"
"28-07-2026 09:23:39","903","Information","Microsoft-Windows-Kernel-PnP","A long running thread for device start processing has been completed.
Thread ID: 0xFFC
Device: ACPI\PNP0A08\0
Service: pci
Total run time in milliseconds: 8433"
"28-07-2026 09:23:34","902","Warning","Microsoft-Windows-Kernel-PnP","A long running thread for device start processing was detected. The thread has been running for 3001 milliseconds.
Thread ID: 0xFFC
Device: ACPI\PNP0A08\0
Service: pci"
"28-07-2026 09:23:31","903","Information","Microsoft-Windows-Kernel-PnP","A long running thread for device start processing has been completed.
Thread ID: 0xFFC
Device: ACPI_HAL\PNP0C08\0
Service: ACPI
Total run time in milliseconds: 4986"
"28-07-2026 09:23:29","902","Warning","Microsoft-Windows-Kernel-PnP","A long running thread for device start processing was detected. The thread has been running for 3014 milliseconds.
Thread ID: 0xFFC
Device: ACPI_HAL\PNP0C08\0
Service: ACPI"
"28-07-2026 09:22:41","903","Information","Microsoft-Windows-Kernel-PnP","A long running thread for device start processing has been completed.
Thread ID: 0x7804
Device: ACPI\PNP0A08\0
Service: pci
Total run time in milliseconds: 6192"
"28-07-2026 09:22:38","902","Warning","Microsoft-Windows-Kernel-PnP","A long running thread for device start processing was detected. The thread has been running for 3009 milliseconds.
Thread ID: 0x7804
Device: ACPI\PNP0A08\0
Service: pci"
"27-07-2026 18:56:34","903","Information","Microsoft-Windows-Kernel-PnP","A long running thread for device start processing has been completed.
Thread ID: 0x1D4
Device: ACPI\PNP0A08\0
Service: pci
Total run time in milliseconds: 4665"
"27-07-2026 18:56:33","902","Warning","Microsoft-Windows-Kernel-PnP","A long running thread for device start processing was detected. The thread has been running for 3000 milliseconds.
Thread ID: 0x1D4
Device: ACPI\PNP0A08\0
Service: pci"
"27-07-2026 16:11:36","903","Information","Microsoft-Windows-Kernel-PnP","A long running thread for device start processing has been completed.
Thread ID: 0x3BA0
Device: ACPI\PNP0A08\0
Service: pci
Total run time in milliseconds: 4805"
"27-07-2026 16:11:34","902","Warning","Microsoft-Windows-Kernel-PnP","A long running thread for device start processing was detected. The thread has been running for 3004 milliseconds.
Thread ID: 0x3BA0
Device: ACPI\PNP0A08\0
Service: pci"
"27-07-2026 12:37:36","903","Information","Microsoft-Windows-Kernel-PnP","A long running thread for device start processing has been completed.
Thread ID: 0x3C10
Device: ACPI\PNP0A08\0
Service: pci
Total run time in milliseconds: 6462"
"27-07-2026 12:37:33","902","Warning","Microsoft-Windows-Kernel-PnP","A long running thread for device start processing was detected. The thread has been running for 3013 milliseconds.
Thread ID: 0x3C10
Device: ACPI\PNP0A08\0
Service: pci"
"27-07-2026 12:07:33","903","Information","Microsoft-Windows-Kernel-PnP","A long running thread for device start processing has been completed.
Thread ID: 0x4070
Device: ACPI\PNP0A08\0
Service: pci
Total run time in milliseconds: 3533"
"27-07-2026 12:07:32","902","Warning","Microsoft-Windows-Kernel-PnP","A long running thread for device start processing was detected. The thread has been running for 3004 milliseconds.
Thread ID: 0x4070
Device: ACPI\PNP0A08\0
Service: pci"
"27-07-2026 12:00:47","903","Information","Microsoft-Windows-Kernel-PnP","A long running thread for device start processing has been completed.
Thread ID: 0x400C
Device: ACPI\PNP0A08\0
Service: pci
Total run time in milliseconds: 3482"
"27-07-2026 12:00:46","902","Warning","Microsoft-Windows-Kernel-PnP","A long running thread for device start processing was detected. The thread has been running for 3007 milliseconds.
Thread ID: 0x400C
Device: ACPI\PNP0A08\0
Service: pci"
"27-07-2026 09:30:47","903","Information","Microsoft-Windows-Kernel-PnP","A long running thread for device start processing has been completed.
Thread ID: 0x9EC8
Device: ACPI\PNP0A08\0
Service: pci
Total run time in milliseconds: 9524"
"27-07-2026 09:30:40","902","Warning","Microsoft-Windows-Kernel-PnP","A long running thread for device start processing was detected. The thread has been running for 3011 milliseconds.
Thread ID: 0x9EC8
Device: ACPI\PNP0A08\0
Service: pci"
"27-07-2026 09:15:26","903","Information","Microsoft-Windows-Kernel-PnP","A long running thread for device start processing has been completed.
Thread ID: 0x957C
Device: PCI\VEN_8086&DEV_7740&SUBSYS_40E08086&REV_00\3&11583659&0&A3
Service: Netwaw18
Total run time in milliseconds: 3604"
"27-07-2026 09:15:26","902","Warning","Microsoft-Windows-Kernel-PnP","A long running thread for device start processing was detected. The thread has been running for 3010 milliseconds.
Thread ID: 0x957C
Device: PCI\VEN_8086&DEV_7740&SUBSYS_40E08086&REV_00\3&11583659&0&A3
Service: Netwaw18"
"27-07-2026 09:15:22","901","Information","Microsoft-Windows-Kernel-PnP","A long running thread for the device event queue has been completed.
Thread ID: 0x9DFC
Device: PCI\VEN_8086&DEV_7740&SUBSYS_40E08086&REV_00\3&11583659&0&A3
Service: Netwaw18
Event Category: 1
Event GUID: {cb3a400e-46f0-11d0-b08f-00609713053f}
Event Argument: 0x15
Argument Status: 0x0
Category Specific Data:
{00000000-0000-0000-0000-000000000000}
PCI\VEN_8086&DEV_7740&SUBSYS_40E08086&REV_00\3&11583659&0&A3

Total run time in milliseconds: 3861"
"27-07-2026 09:15:21","900","Warning","Microsoft-Windows-Kernel-PnP","A long running thread for the device event queue was detected. The thread has been running for 3261 milliseconds.
Thread ID: 0x9DFC
Device: PCI\VEN_8086&DEV_7740&SUBSYS_40E08086&REV_00\3&11583659&0&A3
Service: Netwaw18
Event Category: 1
Event GUID: {cb3a400e-46f0-11d0-b08f-00609713053f}
Event Argument: 0x15
Argument Status: 0x0
Category Specific Data:
{00000000-0000-0000-0000-000000000000}
PCI\VEN_8086&DEV_7740&SUBSYS_40E08086&REV_00\3&11583659&0&A3"
"27-07-2026 09:15:13","903","Information","Microsoft-Windows-Kernel-PnP","A long running thread for device start processing has been completed.
Thread ID: 0x9ED4
Device: ACPI\PNP0A08\0
Service: pci
Total run time in milliseconds: 3469"
"27-07-2026 09:15:13","902","Warning","Microsoft-Windows-Kernel-PnP","A long running thread for device start processing was detected. The thread has been running for 3014 milliseconds.
Thread ID: 0x9ED4
Device: ACPI\PNP0A08\0
Service: pci"
"24-07-2026 23:56:09","903","Information","Microsoft-Windows-Kernel-PnP","A long running thread for device start processing has been completed.
Thread ID: 0x44C0
Device: PCI\VEN_8086&DEV_7EC6&SUBSYS_0CE81028&REV_10\3&11583659&0&38
Service: pci
Total run time in milliseconds: 3168"
"24-07-2026 23:56:09","902","Warning","Microsoft-Windows-Kernel-PnP","A long running thread for device start processing was detected. The thread has been running for 3001 milliseconds.
Thread ID: 0x44C0
Device: PCI\VEN_8086&DEV_7EC6&SUBSYS_0CE81028&REV_10\3&11583659&0&38
Service: pci"
"24-07-2026 09:29:53","903","Information","Microsoft-Windows-Kernel-PnP","A long running thread for device start processing has been completed.
Thread ID: 0x8AF4
Device: ACPI\PNP0A08\0
Service: pci
Total run time in milliseconds: 8435"
"24-07-2026 09:29:47","902","Warning","Microsoft-Windows-Kernel-PnP","A long running thread for device start processing was detected. The thread has been running for 3013 milliseconds.
Thread ID: 0x8AF4
Device: ACPI\PNP0A08\0
Service: pci"
"23-07-2026 12:01:27","903","Information","Microsoft-Windows-Kernel-PnP","A long running thread for device start processing has been completed.
Thread ID: 0x8AA0
Device: ACPI\PNP0A08\0
Service: pci
Total run time in milliseconds: 7255"
"23-07-2026 12:01:23","902","Warning","Microsoft-Windows-Kernel-PnP","A long running thread for device start processing was detected. The thread has been running for 3009 milliseconds.
Thread ID: 0x8AA0
Device: ACPI\PNP0A08\0
Service: pci"
"23-07-2026 09:37:28","903","Information","Microsoft-Windows-Kernel-PnP","A long running thread for device start processing has been completed.
Thread ID: 0x68FC
Device: ACPI_HAL\PNP0C08\0
Service: ACPI
Total run time in milliseconds: 5482"
"23-07-2026 09:37:25","902","Warning","Microsoft-Windows-Kernel-PnP","A long running thread for device start processing was detected. The thread has been running for 3011 milliseconds.
Thread ID: 0x68FC
Device: ACPI_HAL\PNP0C08\0
Service: ACPI"
"23-07-2026 09:36:27","903","Information","Microsoft-Windows-Kernel-PnP","A long running thread for device start processing has been completed.
Thread ID: 0x2ECC
Device: ACPI\PNP0A08\0
Service: pci
Total run time in milliseconds: 3250"
"23-07-2026 09:36:27","902","Warning","Microsoft-Windows-Kernel-PnP","A long running thread for device start processing was detected. The thread has been running for 3011 milliseconds.
Thread ID: 0x2ECC
Device: ACPI\PNP0A08\0
Service: pci"
"22-07-2026 15:24:14","903","Information","Microsoft-Windows-Kernel-PnP","A long running thread for device start processing has been completed.
Thread ID: 0x8984
Device: ACPI\PNP0A08\0
Service: pci
Total run time in milliseconds: 3298"
"22-07-2026 15:24:14","902","Warning","Microsoft-Windows-Kernel-PnP","A long running thread for device start processing was detected. The thread has been running for 3009 milliseconds.
Thread ID: 0x8984
Device: ACPI\PNP0A08\0
Service: pci"
"22-07-2026 09:49:33","903","Information","Microsoft-Windows-Kernel-PnP","A long running thread for device start processing has been completed.
Thread ID: 0x6DF0
Device: ACPI\PNP0A08\0
Service: pci
Total run time in milliseconds: 3262"
"22-07-2026 09:49:32","902","Warning","Microsoft-Windows-Kernel-PnP","A long running thread for device start processing was detected. The thread has been running for 3007 milliseconds.
Thread ID: 0x6DF0
Device: ACPI\PNP0A08\0
Service: pci"
"22-07-2026 09:42:55","903","Information","Microsoft-Windows-Kernel-PnP","A long running thread for device start processing has been completed.
Thread ID: 0x7F60
Device: ACPI_HAL\PNP0C08\0
Service: ACPI
Total run time in milliseconds: 4209"
"22-07-2026 09:42:54","902","Warning","Microsoft-Windows-Kernel-PnP","A long running thread for device start processing was detected. The thread has been running for 3007 milliseconds.
Thread ID: 0x7F60
Device: ACPI_HAL\PNP0C08\0
Service: ACPI"
"21-07-2026 12:01:14","903","Information","Microsoft-Windows-Kernel-PnP","A long running thread for device start processing has been completed.
Thread ID: 0x2098
Device: ACPI\PNP0A08\0
Service: pci
Total run time in milliseconds: 4778"
"21-07-2026 12:01:12","902","Warning","Microsoft-Windows-Kernel-PnP","A long running thread for device start processing was detected. The thread has been running for 3011 milliseconds.
Thread ID: 0x2098
Device: ACPI\PNP0A08\0
Service: pci"
"21-07-2026 07:24:05","903","Information","Microsoft-Windows-Kernel-PnP","A long running thread for device start processing has been completed.
Thread ID: 0x1F2C
Device: USB\VID_FFFF&PID_BACE&REV_0002&MI_00\2&2cee342a&0&0000
Service: HidUsb
Total run time in milliseconds: 5012"
"21-07-2026 07:24:03","902","Warning","Microsoft-Windows-Kernel-PnP","A long running thread for device start processing was detected. The thread has been running for 3005 milliseconds.
Thread ID: 0x1F2C
Device: USB\VID_FFFF&PID_BACE&REV_0002&MI_00\2&2cee342a&0&0000
Service: HidUsb"
"21-07-2026 07:17:48","903","Information","Microsoft-Windows-Kernel-PnP","A long running thread for device start processing has been completed.
Thread ID: 0x1F2C
Device: ACPI\PNP0A08\0
Service: pci
Total run time in milliseconds: 3857"
"21-07-2026 07:17:47","902","Warning","Microsoft-Windows-Kernel-PnP","A long running thread for device start processing was detected. The thread has been running for 3010 milliseconds.
Thread ID: 0x1F2C
Device: ACPI\PNP0A08\0
Service: pci"
"21-07-2026 07:17:44","903","Information","Microsoft-Windows-Kernel-PnP","A long running thread for device start processing has been completed.
Thread ID: 0x1F2C
Device: ACPI_HAL\PNP0C08\0
Service: ACPI
Total run time in milliseconds: 6159"
"21-07-2026 07:17:41","902","Warning","Microsoft-Windows-Kernel-PnP","A long running thread for device start processing was detected. The thread has been running for 3013 milliseconds.
Thread ID: 0x1F2C
Device: ACPI_HAL\PNP0C08\0
Service: ACPI"
"21-07-2026 04:16:12","903","Information","Microsoft-Windows-Kernel-PnP","A long running thread for device start processing has been completed.
Thread ID: 0x85F0
Device: ACPI\PNP0A08\0
Service: pci
Total run time in milliseconds: 3978"
"21-07-2026 04:16:11","902","Warning","Microsoft-Windows-Kernel-PnP","A long running thread for device start processing was detected. The thread has been running for 3003 milliseconds.
Thread ID: 0x85F0
Device: ACPI\PNP0A08\0
Service: pci"
"21-07-2026 04:16:08","903","Information","Microsoft-Windows-Kernel-PnP","A long running thread for device start processing has been completed.
Thread ID: 0x85F0
Device: ACPI_HAL\PNP0C08\0
Service: ACPI
Total run time in milliseconds: 3310"
"21-07-2026 04:16:08","902","Warning","Microsoft-Windows-Kernel-PnP","A long running thread for device start processing was detected. The thread has been running for 3007 milliseconds.
Thread ID: 0x85F0
Device: ACPI_HAL\PNP0C08\0
Service: ACPI"
"20-07-2026 12:01:06","903","Information","Microsoft-Windows-Kernel-PnP","A long running thread for device start processing has been completed.
Thread ID: 0x9720
Device: ACPI\PNP0A08\0
Service: pci
Total run time in milliseconds: 5350"
"20-07-2026 12:01:04","902","Warning","Microsoft-Windows-Kernel-PnP","A long running thread for device start processing was detected. The thread has been running for 3015 milliseconds.
Thread ID: 0x9720
Device: ACPI\PNP0A08\0
Service: pci"
"20-07-2026 10:08:12","903","Information","Microsoft-Windows-Kernel-PnP","A long running thread for device start processing has been completed.
Thread ID: 0x3980
Device: ACPI\PNP0A08\0
Service: pci
Total run time in milliseconds: 3465"
"20-07-2026 10:08:11","902","Warning","Microsoft-Windows-Kernel-PnP","A long running thread for device start processing was detected. The thread has been running for 3001 milliseconds.
Thread ID: 0x3980
Device: ACPI\PNP0A08\0
Service: pci"
"20-07-2026 09:58:57","903","Information","Microsoft-Windows-Kernel-PnP","A long running thread for device start processing has been completed.
Thread ID: 0x3980
Device: ACPI\PNP0A08\0
Service: pci
Total run time in milliseconds: 6490"
"20-07-2026 09:58:53","902","Warning","Microsoft-Windows-Kernel-PnP","A long running thread for device start processing was detected. The thread has been running for 3013 milliseconds.
Thread ID: 0x3980
Device: ACPI\PNP0A08\0
Service: pci"
"15-07-2026 09:16:16","903","Information","Microsoft-Windows-Kernel-PnP","A long running thread for device start processing has been completed.
Thread ID: 0x5DAC
Device: PCI\VEN_8086&DEV_7740&SUBSYS_40E08086&REV_00\3&11583659&0&A3
Service: Netwaw18
Total run time in milliseconds: 4836"
"15-07-2026 09:16:14","902","Warning","Microsoft-Windows-Kernel-PnP","A long running thread for device start processing was detected. The thread has been running for 3000 milliseconds.
Thread ID: 0x5DAC
Device: PCI\VEN_8086&DEV_7740&SUBSYS_40E08086&REV_00\3&11583659&0&A3
Service: Netwaw18"
"15-07-2026 09:16:03","903","Information","Microsoft-Windows-Kernel-PnP","A long running thread for device start processing has been completed.
Thread ID: 0x5DAC
Device: ACPI\PNP0A08\0
Service: pci
Total run time in milliseconds: 7488"
"15-07-2026 09:15:59","902","Warning","Microsoft-Windows-Kernel-PnP","A long running thread for device start processing was detected. The thread has been running for 3009 milliseconds.
Thread ID: 0x5DAC
Device: ACPI\PNP0A08\0
Service: pci"
"15-07-2026 09:15:56","903","Information","Microsoft-Windows-Kernel-PnP","A long running thread for device start processing has been completed.
Thread ID: 0x5DAC
Device: ACPI_HAL\PNP0C08\0
Service: ACPI
Total run time in milliseconds: 4588"
"15-07-2026 09:15:54","902","Warning","Microsoft-Windows-Kernel-PnP","A long running thread for device start processing was detected. The thread has been running for 3014 milliseconds.
Thread ID: 0x5DAC
Device: ACPI_HAL\PNP0C08\0
Service: ACPI"
"15-07-2026 09:15:51","901","Information","Microsoft-Windows-Kernel-PnP","A long running thread for the device event queue has been completed.
Thread ID: 0x70DC
Device: PCI\VEN_8086&DEV_7740&SUBSYS_40E08086&REV_00\3&11583659&0&A3
Service: Netwaw18
Event Category: 1
Event GUID: {cb3a400e-46f0-11d0-b08f-00609713053f}
Event Argument: 0x15
Argument Status: 0x0
Category Specific Data:
{00000000-0000-0000-0000-000000000000}
PCI\VEN_8086&DEV_7740&SUBSYS_40E08086&REV_00\3&11583659&0&A3

Total run time in milliseconds: 10590902"
"15-07-2026 09:15:51","900","Warning","Microsoft-Windows-Kernel-PnP","A long running thread for the device event queue was detected. The thread has been running for 10590128 milliseconds.
Thread ID: 0x70DC
Device: PCI\VEN_8086&DEV_7740&SUBSYS_40E08086&REV_00\3&11583659&0&A3
Service: Netwaw18
Event Category: 1
Event GUID: {cb3a400e-46f0-11d0-b08f-00609713053f}
Event Argument: 0x15
Argument Status: 0x0
Category Specific Data:
{00000000-0000-0000-0000-000000000000}
PCI\VEN_8086&DEV_7740&SUBSYS_40E08086&REV_00\3&11583659&0&A3"
"14-07-2026 09:36:57","903","Information","Microsoft-Windows-Kernel-PnP","A long running thread for device start processing has been completed.
Thread ID: 0x3980
Device: ACPI_HAL\PNP0C08\0
Service: ACPI
Total run time in milliseconds: 6504"
"14-07-2026 09:36:54","902","Warning","Microsoft-Windows-Kernel-PnP","A long running thread for device start processing was detected. The thread has been running for 3008 milliseconds.
Thread ID: 0x3980
Device: ACPI_HAL\PNP0C08\0
Service: ACPI"
"13-07-2026 09:41:21","903","Information","Microsoft-Windows-Kernel-PnP","A long running thread for device start processing has been completed.
Thread ID: 0x6280
Device: ACPI\PNP0A08\0
Service: pci
Total run time in milliseconds: 3346"
"13-07-2026 09:41:21","902","Warning","Microsoft-Windows-Kernel-PnP","A long running thread for device start processing was detected. The thread has been running for 3012 milliseconds.
Thread ID: 0x6280
Device: ACPI\PNP0A08\0
Service: pci"
"13-07-2026 09:39:34","903","Information","Microsoft-Windows-Kernel-PnP","A long running thread for device start processing has been completed.
Thread ID: 0x50BC
Device: ACPI\PNP0A08\0
Service: pci
Total run time in milliseconds: 11446"
"13-07-2026 09:39:25","902","Warning","Microsoft-Windows-Kernel-PnP","A long running thread for device start processing was detected. The thread has been running for 3014 milliseconds.
Thread ID: 0x50BC
Device: ACPI\PNP0A08\0
Service: pci"
"12-07-2026 22:31:48","903","Information","Microsoft-Windows-Kernel-PnP","A long running thread for device start processing has been completed.
Thread ID: 0xFC
Device: ACPI\PNP0A08\0
Service: pci
Total run time in milliseconds: 3157"
"12-07-2026 22:31:47","902","Warning","Microsoft-Windows-Kernel-PnP","A long running thread for device start processing was detected. The thread has been running for 3015 milliseconds.
Thread ID: 0xFC
Device: ACPI\PNP0A08\0
Service: pci"
"12-07-2026 18:26:15","903","Information","Microsoft-Windows-Kernel-PnP","A long running thread for device start processing has been completed.
Thread ID: 0x5388
Device: ACPI\PNP0A08\0
Service: pci
Total run time in milliseconds: 4168"
"12-07-2026 18:26:13","902","Warning","Microsoft-Windows-Kernel-PnP","A long running thread for device start processing was detected. The thread has been running for 3008 milliseconds.
Thread ID: 0x5388
Device: ACPI\PNP0A08\0
Service: pci"
"12-07-2026 18:21:10","903","Information","Microsoft-Windows-Kernel-PnP","A long running thread for device start processing has been completed.
Thread ID: 0x2A0C
Device: ACPI\PNP0A08\0
Service: pci
Total run time in milliseconds: 4947"
"12-07-2026 18:21:08","902","Warning","Microsoft-Windows-Kernel-PnP","A long running thread for device start processing was detected. The thread has been running for 3014 milliseconds.
Thread ID: 0x2A0C
Device: ACPI\PNP0A08\0
Service: pci"
"11-07-2026 18:36:28","903","Information","Microsoft-Windows-Kernel-PnP","A long running thread for device start processing has been completed.
Thread ID: 0x47BC
Device: USB\ROOT_HUB30\4&2169287b&0&0
Service: USBHUB3
Total run time in milliseconds: 3192"
"11-07-2026 18:36:28","902","Warning","Microsoft-Windows-Kernel-PnP","A long running thread for device start processing was detected. The thread has been running for 3011 milliseconds.
Thread ID: 0x47BC
Device: USB\ROOT_HUB30\4&2169287b&0&0
Service: USBHUB3"
"11-07-2026 12:01:24","903","Information","Microsoft-Windows-Kernel-PnP","A long running thread for device start processing has been completed.
Thread ID: 0x7A4
Device: ACPI\PNP0A08\0
Service: pci
Total run time in milliseconds: 3260"
"11-07-2026 12:01:24","902","Warning","Microsoft-Windows-Kernel-PnP","A long running thread for device start processing was detected. The thread has been running for 3014 milliseconds.
Thread ID: 0x7A4
Device: ACPI\PNP0A08\0
Service: pci"
