"22-07-2026 14:15:52","1034","Information","Microsoft-Windows-SMBServer","Send RDMA Endpoint notification failure - Error updating transport list for device \Device\RdmaSmbIpv4_10.243.75.181. Object Name not found.."
"22-07-2026 14:15:52","1033","Information","Microsoft-Windows-SMBServer","Sent RDMA disabled event to LanmanServer for interface \Device\RdmaSmbIpv4_10.243.75.181."
"22-07-2026 14:15:52","1040","Information","Microsoft-Windows-SMBServer","Received Mib notification type MibDeleteInstance for interface 12"
"22-07-2026 14:15:35","1011","Information","Microsoft-Windows-SMBServer","Endpoint removed.

Name: 
Domain Name: 
Transport Name: \Device\NetBT_Tcpip_{556D9BDF-D387-4AB9-BE4C-A7E220FAF218}

Guidance:

You should expect this event when the server stops listening on an interface, such as during shutdown or when disabling a network adaptor. No user action is required."
"22-07-2026 14:15:35","1034","Information","Microsoft-Windows-SMBServer","Send RDMA Endpoint notification failure - Error updating transport list for device \Device\RdmaSmbIpv4_10.243.75.181. Object Name not found.."
"22-07-2026 14:15:35","1033","Information","Microsoft-Windows-SMBServer","Sent RDMA disabled event to LanmanServer for interface \Device\RdmaSmbIpv4_10.243.75.181."
"22-07-2026 14:15:35","1040","Information","Microsoft-Windows-SMBServer","Received Mib notification type MibParameterNotification for interface 12"
"22-07-2026 14:15:17","1040","Information","Microsoft-Windows-SMBServer","Received Mib notification type MibParameterNotification for interface 12"
"22-07-2026 14:09:21","1040","Information","Microsoft-Windows-SMBServer","Received Mib notification type MibParameterNotification for interface 12"
"22-07-2026 13:55:56","1040","Information","Microsoft-Windows-SMBServer","Received Mib notification type MibParameterNotification for interface 12"
"22-07-2026 13:53:24","1040","Information","Microsoft-Windows-SMBServer","Received Mib notification type MibParameterNotification for interface 12"
"22-07-2026 13:48:25","1040","Information","Microsoft-Windows-SMBServer","Received Mib notification type MibParameterNotification for interface 12"
"22-07-2026 13:47:11","1040","Information","Microsoft-Windows-SMBServer","Received Mib notification type MibParameterNotification for interface 12"
"22-07-2026 13:47:00","1040","Information","Microsoft-Windows-SMBServer","Received Mib notification type MibParameterNotification for interface 12"
"22-07-2026 13:38:20","1040","Information","Microsoft-Windows-SMBServer","Received Mib notification type MibParameterNotification for interface 12"
"22-07-2026 13:00:45","1040","Information","Microsoft-Windows-SMBServer","Received Mib notification type MibParameterNotification for interface 12"
"22-07-2026 12:52:04","1040","Information","Microsoft-Windows-SMBServer","Received Mib notification type MibParameterNotification for interface 12"
"22-07-2026 12:51:51","1040","Information","Microsoft-Windows-SMBServer","Received Mib notification type MibParameterNotification for interface 12"
"22-07-2026 12:51:48","1010","Information","Microsoft-Windows-SMBServer","Endpoint added.

Name: LIND55MBVC4     
Domain Name: WORKGROUP
Transport Name: \Device\NetBT_Tcpip_{556D9BDF-D387-4AB9-BE4C-A7E220FAF218}
Transport Flags: 0x1

Guidance:

You should expect this event when the server starts listening on an interface, such as during system restart or when enabling a network adaptor. No user action is required."
"22-07-2026 12:51:48","1040","Information","Microsoft-Windows-SMBServer","Received Mib notification type MibAddInstance for interface 12"
"22-07-2026 12:51:46","1034","Information","Microsoft-Windows-SMBServer","Send RDMA Endpoint notification failure - Error updating transport list for device \Device\RdmaSmbIpv4_10.243.80.136. Object Name not found.."
"22-07-2026 12:51:46","1033","Information","Microsoft-Windows-SMBServer","Sent RDMA disabled event to LanmanServer for interface \Device\RdmaSmbIpv4_10.243.80.136."
"22-07-2026 12:51:46","1040","Information","Microsoft-Windows-SMBServer","Received Mib notification type MibDeleteInstance for interface 12"
"22-07-2026 12:51:16","1011","Information","Microsoft-Windows-SMBServer","Endpoint removed.

Name: 
Domain Name: 
Transport Name: \Device\NetBT_Tcpip_{556D9BDF-D387-4AB9-BE4C-A7E220FAF218}

Guidance:

You should expect this event when the server stops listening on an interface, such as during shutdown or when disabling a network adaptor. No user action is required."
"22-07-2026 12:51:16","1034","Information","Microsoft-Windows-SMBServer","Send RDMA Endpoint notification failure - Error updating transport list for device \Device\RdmaSmbIpv4_10.243.80.136. Object Name not found.."
"22-07-2026 12:51:16","1033","Information","Microsoft-Windows-SMBServer","Sent RDMA disabled event to LanmanServer for interface \Device\RdmaSmbIpv4_10.243.80.136."
"22-07-2026 12:51:16","1040","Information","Microsoft-Windows-SMBServer","Received Mib notification type MibParameterNotification for interface 12"
"22-07-2026 12:51:02","1040","Information","Microsoft-Windows-SMBServer","Received Mib notification type MibParameterNotification for interface 12"
"22-07-2026 12:50:43","1040","Information","Microsoft-Windows-SMBServer","Received Mib notification type MibParameterNotification for interface 12"
"22-07-2026 12:50:32","1040","Information","Microsoft-Windows-SMBServer","Received Mib notification type MibParameterNotification for interface 12"
"22-07-2026 12:50:15","1034","Information","Microsoft-Windows-SMBServer","Send RDMA Endpoint notification failure - Error updating transport list for device \Device\RdmaSmbIpv6_fe80::a6d1:dfb3:7876:aaf0. Object Name not found.."
"22-07-2026 12:50:15","1033","Information","Microsoft-Windows-SMBServer","Sent RDMA disabled event to LanmanServer for interface \Device\RdmaSmbIpv6_fe80::a6d1:dfb3:7876:aaf0."
"22-07-2026 12:50:15","1040","Information","Microsoft-Windows-SMBServer","Received Mib notification type MibDeleteInstance for interface 18"
"22-07-2026 12:50:15","1034","Information","Microsoft-Windows-SMBServer","Send RDMA Endpoint notification failure - Error updating transport list for device \Device\RdmaSmbIpv4_169.254.147.155. Object Name not found.."
"22-07-2026 12:50:15","1033","Information","Microsoft-Windows-SMBServer","Sent RDMA disabled event to LanmanServer for interface \Device\RdmaSmbIpv4_169.254.147.155."
"22-07-2026 12:50:15","1040","Information","Microsoft-Windows-SMBServer","Received Mib notification type MibDeleteInstance for interface 18"
"22-07-2026 12:43:02","1040","Information","Microsoft-Windows-SMBServer","Received Mib notification type MibParameterNotification for interface 12"
"22-07-2026 12:35:59","1040","Information","Microsoft-Windows-SMBServer","Received Mib notification type MibParameterNotification for interface 12"
"22-07-2026 12:32:31","1040","Information","Microsoft-Windows-SMBServer","Received Mib notification type MibParameterNotification for interface 12"
"22-07-2026 12:19:27","1040","Information","Microsoft-Windows-SMBServer","Received Mib notification type MibParameterNotification for interface 12"
"22-07-2026 12:05:29","1040","Information","Microsoft-Windows-SMBServer","Received Mib notification type MibParameterNotification for interface 12"
"22-07-2026 11:55:24","1040","Information","Microsoft-Windows-SMBServer","Received Mib notification type MibParameterNotification for interface 12"
"22-07-2026 11:39:57","1040","Information","Microsoft-Windows-SMBServer","Received Mib notification type MibParameterNotification for interface 12"
"22-07-2026 11:29:52","1040","Information","Microsoft-Windows-SMBServer","Received Mib notification type MibParameterNotification for interface 12"
"22-07-2026 11:24:56","1040","Information","Microsoft-Windows-SMBServer","Received Mib notification type MibParameterNotification for interface 12"
"22-07-2026 11:14:50","1040","Information","Microsoft-Windows-SMBServer","Received Mib notification type MibParameterNotification for interface 12"
"22-07-2026 11:02:14","1040","Information","Microsoft-Windows-SMBServer","Received Mib notification type MibParameterNotification for interface 12"
"22-07-2026 11:00:24","1040","Information","Microsoft-Windows-SMBServer","Received Mib notification type MibParameterNotification for interface 12"
"22-07-2026 10:38:23","1040","Information","Microsoft-Windows-SMBServer","Received Mib notification type MibParameterNotification for interface 12"
"22-07-2026 10:35:46","1040","Information","Microsoft-Windows-SMBServer","Received Mib notification type MibParameterNotification for interface 12"
"22-07-2026 10:33:53","1040","Information","Microsoft-Windows-SMBServer","Received Mib notification type MibParameterNotification for interface 12"
"22-07-2026 10:17:43","1040","Information","Microsoft-Windows-SMBServer","Received Mib notification type MibParameterNotification for interface 12"
"22-07-2026 10:12:51","1040","Information","Microsoft-Windows-SMBServer","Received Mib notification type MibParameterNotification for interface 12"
"22-07-2026 10:10:12","1040","Information","Microsoft-Windows-SMBServer","Received Mib notification type MibParameterNotification for interface 12"
"22-07-2026 10:06:51","1040","Information","Microsoft-Windows-SMBServer","Received Mib notification type MibParameterNotification for interface 12"
"22-07-2026 10:04:12","1040","Information","Microsoft-Windows-SMBServer","Received Mib notification type MibParameterNotification for interface 12"
"22-07-2026 09:59:51","1034","Information","Microsoft-Windows-SMBServer","Send RDMA Endpoint notification failure - DadState is different from IpDadStatePreferred for interface 18. Current DadState: 1."
"22-07-2026 09:59:51","1040","Information","Microsoft-Windows-SMBServer","Received Mib notification type MibAddInstance for interface 18"
"22-07-2026 09:59:45","1034","Information","Microsoft-Windows-SMBServer","Send RDMA Endpoint notification failure - DadState is different from IpDadStatePreferred for interface 18. Current DadState: 3."
"22-07-2026 09:59:45","1040","Information","Microsoft-Windows-SMBServer","Received Mib notification type MibAddInstance for interface 18"
"22-07-2026 09:58:34","1034","Information","Microsoft-Windows-SMBServer","Send RDMA Endpoint notification failure - Error updating transport list for device \Device\RdmaSmbIpv6_fe80::a6d1:dfb3:7876:aaf0. Object Name not found.."
"22-07-2026 09:58:34","1033","Information","Microsoft-Windows-SMBServer","Sent RDMA disabled event to LanmanServer for interface \Device\RdmaSmbIpv6_fe80::a6d1:dfb3:7876:aaf0."
"22-07-2026 09:58:34","1040","Information","Microsoft-Windows-SMBServer","Received Mib notification type MibDeleteInstance for interface 18"
"22-07-2026 09:58:34","1034","Information","Microsoft-Windows-SMBServer","Send RDMA Endpoint notification failure - Error updating transport list for device \Device\RdmaSmbIpv4_169.254.147.155. Object Name not found.."
"22-07-2026 09:58:34","1033","Information","Microsoft-Windows-SMBServer","Sent RDMA disabled event to LanmanServer for interface \Device\RdmaSmbIpv4_169.254.147.155."
"22-07-2026 09:58:34","1040","Information","Microsoft-Windows-SMBServer","Received Mib notification type MibDeleteInstance for interface 18"
"22-07-2026 09:44:43","1034","Information","Microsoft-Windows-SMBServer","Send RDMA Endpoint notification failure - DadState is different from IpDadStatePreferred for interface 6. Current DadState: 1."
"22-07-2026 09:44:43","1040","Information","Microsoft-Windows-SMBServer","Received Mib notification type MibAddInstance for interface 6"
"22-07-2026 09:44:37","1034","Information","Microsoft-Windows-SMBServer","Send RDMA Endpoint notification failure - DadState is different from IpDadStatePreferred for interface 6. Current DadState: 3."
"22-07-2026 09:44:37","1040","Information","Microsoft-Windows-SMBServer","Received Mib notification type MibAddInstance for interface 6"
"22-07-2026 09:43:05","1034","Information","Microsoft-Windows-SMBServer","Send RDMA Endpoint notification failure - DadState is different from IpDadStatePreferred for interface 18. Current DadState: 1."
"22-07-2026 09:43:05","1040","Information","Microsoft-Windows-SMBServer","Received Mib notification type MibAddInstance for interface 18"
"22-07-2026 09:42:59","1034","Information","Microsoft-Windows-SMBServer","Send RDMA Endpoint notification failure - DadState is different from IpDadStatePreferred for interface 18. Current DadState: 3."
"22-07-2026 09:42:59","1040","Information","Microsoft-Windows-SMBServer","Received Mib notification type MibAddInstance for interface 18"
"22-07-2026 09:42:58","1034","Information","Microsoft-Windows-SMBServer","Send RDMA Endpoint notification failure - DadState is different from IpDadStatePreferred for interface 2. Current DadState: 1."
"22-07-2026 09:42:58","1040","Information","Microsoft-Windows-SMBServer","Received Mib notification type MibAddInstance for interface 2"
"22-07-2026 09:42:57","1034","Information","Microsoft-Windows-SMBServer","Send RDMA Endpoint notification failure - DadState is different from IpDadStatePreferred for interface 7. Current DadState: 1."
"22-07-2026 09:42:57","1040","Information","Microsoft-Windows-SMBServer","Received Mib notification type MibAddInstance for interface 7"
"22-07-2026 09:42:57","1040","Information","Microsoft-Windows-SMBServer","Received Mib notification type MibParameterNotification for interface 12"
"22-07-2026 09:42:52","1034","Information","Microsoft-Windows-SMBServer","Send RDMA Endpoint notification failure - DadState is different from IpDadStatePreferred for interface 2. Current DadState: 3."
"22-07-2026 09:42:52","1040","Information","Microsoft-Windows-SMBServer","Received Mib notification type MibAddInstance for interface 2"
"22-07-2026 09:42:51","1034","Information","Microsoft-Windows-SMBServer","Send RDMA Endpoint notification failure - DadState is different from IpDadStatePreferred for interface 7. Current DadState: 3."
"22-07-2026 09:42:51","1040","Information","Microsoft-Windows-SMBServer","Received Mib notification type MibAddInstance for interface 7"
"22-07-2026 04:23:17","1034","Information","Microsoft-Windows-SMBServer","Send RDMA Endpoint notification failure - Error updating transport list for device \Device\RdmaSmbIpv4_169.254.199.145. Object Name not found.."
"22-07-2026 04:23:17","1033","Information","Microsoft-Windows-SMBServer","Sent RDMA disabled event to LanmanServer for interface \Device\RdmaSmbIpv4_169.254.199.145."
"22-07-2026 04:23:17","1040","Information","Microsoft-Windows-SMBServer","Received Mib notification type MibDeleteInstance for interface 2"
"22-07-2026 04:23:17","1034","Information","Microsoft-Windows-SMBServer","Send RDMA Endpoint notification failure - Error updating transport list for device \Device\RdmaSmbIpv6_fe80::f182:c255:d23c:6188. Object Name not found.."
"22-07-2026 04:23:17","1033","Information","Microsoft-Windows-SMBServer","Sent RDMA disabled event to LanmanServer for interface \Device\RdmaSmbIpv6_fe80::f182:c255:d23c:6188."
"22-07-2026 04:23:17","1040","Information","Microsoft-Windows-SMBServer","Received Mib notification type MibDeleteInstance for interface 2"
"22-07-2026 04:23:17","1034","Information","Microsoft-Windows-SMBServer","Send RDMA Endpoint notification failure - Error updating transport list for device \Device\RdmaSmbIpv6_fe80::d6b8:fc88:a362:3737. Object Name not found.."
"22-07-2026 04:23:17","1033","Information","Microsoft-Windows-SMBServer","Sent RDMA disabled event to LanmanServer for interface \Device\RdmaSmbIpv6_fe80::d6b8:fc88:a362:3737."
"22-07-2026 04:23:17","1040","Information","Microsoft-Windows-SMBServer","Received Mib notification type MibDeleteInstance for interface 6"
"22-07-2026 04:23:17","1034","Information","Microsoft-Windows-SMBServer","Send RDMA Endpoint notification failure - Error updating transport list for device \Device\RdmaSmbIpv4_169.254.228.76. Object Name not found.."
"22-07-2026 04:23:17","1033","Information","Microsoft-Windows-SMBServer","Sent RDMA disabled event to LanmanServer for interface \Device\RdmaSmbIpv4_169.254.228.76."
"22-07-2026 04:23:17","1040","Information","Microsoft-Windows-SMBServer","Received Mib notification type MibDeleteInstance for interface 6"
"22-07-2026 04:23:16","1034","Information","Microsoft-Windows-SMBServer","Send RDMA Endpoint notification failure - Error updating transport list for device \Device\RdmaSmbIpv6_fe80::96b5:2380:ef58:27cb. Object Name not found.."
"22-07-2026 04:23:16","1033","Information","Microsoft-Windows-SMBServer","Sent RDMA disabled event to LanmanServer for interface \Device\RdmaSmbIpv6_fe80::96b5:2380:ef58:27cb."
"22-07-2026 04:23:16","1040","Information","Microsoft-Windows-SMBServer","Received Mib notification type MibDeleteInstance for interface 7"
"22-07-2026 04:23:16","1034","Information","Microsoft-Windows-SMBServer","Send RDMA Endpoint notification failure - Error updating transport list for device \Device\RdmaSmbIpv4_169.254.241.136. Object Name not found.."
"22-07-2026 04:23:16","1033","Information","Microsoft-Windows-SMBServer","Sent RDMA disabled event to LanmanServer for interface \Device\RdmaSmbIpv4_169.254.241.136."
"22-07-2026 04:23:16","1040","Information","Microsoft-Windows-SMBServer","Received Mib notification type MibDeleteInstance for interface 7"
"22-07-2026 04:23:11","1010","Information","Microsoft-Windows-SMBServer","Endpoint added.

Name: LIND55MBVC4     
Domain Name: WORKGROUP
Transport Name: \Device\NetBT_Tcpip_{556D9BDF-D387-4AB9-BE4C-A7E220FAF218}
Transport Flags: 0x1

Guidance:

You should expect this event when the server starts listening on an interface, such as during system restart or when enabling a network adaptor. No user action is required."
"22-07-2026 04:23:11","1040","Information","Microsoft-Windows-SMBServer","Received Mib notification type MibParameterNotification for interface 12"
"21-07-2026 19:24:36","1011","Information","Microsoft-Windows-SMBServer","Endpoint removed.

Name: 
Domain Name: 
Transport Name: \Device\NetBT_Tcpip_{556D9BDF-D387-4AB9-BE4C-A7E220FAF218}

Guidance:

You should expect this event when the server stops listening on an interface, such as during shutdown or when disabling a network adaptor. No user action is required."
"21-07-2026 19:24:36","1034","Information","Microsoft-Windows-SMBServer","Send RDMA Endpoint notification failure - Error updating transport list for device \Device\RdmaSmbIpv4_10.243.80.136. Object Name not found.."
"21-07-2026 19:24:36","1033","Information","Microsoft-Windows-SMBServer","Sent RDMA disabled event to LanmanServer for interface \Device\RdmaSmbIpv4_10.243.80.136."
"21-07-2026 19:24:36","1040","Information","Microsoft-Windows-SMBServer","Received Mib notification type MibParameterNotification for interface 12"
"21-07-2026 18:50:27","1034","Information","Microsoft-Windows-SMBServer","Send RDMA Endpoint notification failure - Error updating transport list for device \Device\RdmaSmbIpv6_fe80::a6d1:dfb3:7876:aaf0. Object Name not found.."
"21-07-2026 18:50:27","1033","Information","Microsoft-Windows-SMBServer","Sent RDMA disabled event to LanmanServer for interface \Device\RdmaSmbIpv6_fe80::a6d1:dfb3:7876:aaf0."
"21-07-2026 18:50:27","1040","Information","Microsoft-Windows-SMBServer","Received Mib notification type MibDeleteInstance for interface 18"
"21-07-2026 18:50:27","1034","Information","Microsoft-Windows-SMBServer","Send RDMA Endpoint notification failure - Error updating transport list for device \Device\RdmaSmbIpv4_169.254.147.155. Object Name not found.."
"21-07-2026 18:50:27","1033","Information","Microsoft-Windows-SMBServer","Sent RDMA disabled event to LanmanServer for interface \Device\RdmaSmbIpv4_169.254.147.155."
"21-07-2026 18:50:27","1040","Information","Microsoft-Windows-SMBServer","Received Mib notification type MibDeleteInstance for interface 18"
"21-07-2026 18:39:01","1040","Information","Microsoft-Windows-SMBServer","Received Mib notification type MibParameterNotification for interface 12"
"21-07-2026 18:17:03","1040","Information","Microsoft-Windows-SMBServer","Received Mib notification type MibParameterNotification for interface 12"
"21-07-2026 18:16:30","1040","Information","Microsoft-Windows-SMBServer","Received Mib notification type MibParameterNotification for interface 12"
"21-07-2026 17:04:56","1040","Information","Microsoft-Windows-SMBServer","Received Mib notification type MibParameterNotification for interface 12"
"21-07-2026 16:52:25","1040","Information","Microsoft-Windows-SMBServer","Received Mib notification type MibParameterNotification for interface 12"
"21-07-2026 16:30:22","1040","Information","Microsoft-Windows-SMBServer","Received Mib notification type MibParameterNotification for interface 12"
"21-07-2026 15:49:21","1040","Information","Microsoft-Windows-SMBServer","Received Mib notification type MibParameterNotification for interface 12"
"21-07-2026 15:40:16","1040","Information","Microsoft-Windows-SMBServer","Received Mib notification type MibParameterNotification for interface 12"
"21-07-2026 15:26:50","1040","Information","Microsoft-Windows-SMBServer","Received Mib notification type MibParameterNotification for interface 12"
"21-07-2026 14:27:11","1040","Information","Microsoft-Windows-SMBServer","Received Mib notification type MibParameterNotification for interface 12"
"21-07-2026 13:01:10","1040","Information","Microsoft-Windows-SMBServer","Received Mib notification type MibParameterNotification for interface 12"
"21-07-2026 12:39:02","1040","Information","Microsoft-Windows-SMBServer","Received Mib notification type MibParameterNotification for interface 12"
"21-07-2026 12:05:36","1040","Information","Microsoft-Windows-SMBServer","Received Mib notification type MibParameterNotification for interface 12"
"21-07-2026 12:02:58","1040","Information","Microsoft-Windows-SMBServer","Received Mib notification type MibParameterNotification for interface 12"
"21-07-2026 11:58:19","1034","Information","Microsoft-Windows-SMBServer","Send RDMA Endpoint notification failure - DadState is different from IpDadStatePreferred for interface 18. Current DadState: 1."
"21-07-2026 11:58:19","1040","Information","Microsoft-Windows-SMBServer","Received Mib notification type MibAddInstance for interface 18"
"21-07-2026 11:58:13","1034","Information","Microsoft-Windows-SMBServer","Send RDMA Endpoint notification failure - DadState is different from IpDadStatePreferred for interface 18. Current DadState: 3."
"21-07-2026 11:58:13","1040","Information","Microsoft-Windows-SMBServer","Received Mib notification type MibAddInstance for interface 18"
"21-07-2026 10:42:47","1040","Information","Microsoft-Windows-SMBServer","Received Mib notification type MibParameterNotification for interface 12"
"21-07-2026 10:42:33","1040","Information","Microsoft-Windows-SMBServer","Received Mib notification type MibParameterNotification for interface 12"
"21-07-2026 10:42:22","1040","Information","Microsoft-Windows-SMBServer","Received Mib notification type MibParameterNotification for interface 12"
"21-07-2026 10:41:50","1040","Information","Microsoft-Windows-SMBServer","Received Mib notification type MibParameterNotification for interface 12"
"21-07-2026 10:31:50","1040","Information","Microsoft-Windows-SMBServer","Received Mib notification type MibParameterNotification for interface 12"
"21-07-2026 10:26:49","1040","Information","Microsoft-Windows-SMBServer","Received Mib notification type MibParameterNotification for interface 12"
"21-07-2026 10:22:53","1040","Information","Microsoft-Windows-SMBServer","Received Mib notification type MibParameterNotification for interface 12"
"21-07-2026 10:13:26","1040","Information","Microsoft-Windows-SMBServer","Received Mib notification type MibParameterNotification for interface 12"
"21-07-2026 10:12:19","1040","Information","Microsoft-Windows-SMBServer","Received Mib notification type MibParameterNotification for interface 12"
"21-07-2026 10:11:19","1040","Information","Microsoft-Windows-SMBServer","Received Mib notification type MibParameterNotification for interface 12"
"21-07-2026 10:10:12","1040","Information","Microsoft-Windows-SMBServer","Received Mib notification type MibParameterNotification for interface 12"
"21-07-2026 10:09:21","1040","Information","Microsoft-Windows-SMBServer","Received Mib notification type MibParameterNotification for interface 12"
"21-07-2026 10:09:03","1040","Information","Microsoft-Windows-SMBServer","Received Mib notification type MibParameterNotification for interface 12"
"21-07-2026 10:05:20","1040","Information","Microsoft-Windows-SMBServer","Received Mib notification type MibParameterNotification for interface 12"
"21-07-2026 10:04:37","1040","Information","Microsoft-Windows-SMBServer","Received Mib notification type MibParameterNotification for interface 12"
"21-07-2026 09:59:37","1040","Information","Microsoft-Windows-SMBServer","Received Mib notification type MibParameterNotification for interface 12"
"21-07-2026 09:59:30","1040","Information","Microsoft-Windows-SMBServer","Received Mib notification type MibParameterNotification for interface 12"
"21-07-2026 09:54:43","1040","Information","Microsoft-Windows-SMBServer","Received Mib notification type MibParameterNotification for interface 12"
"21-07-2026 09:53:58","1040","Information","Microsoft-Windows-SMBServer","Received Mib notification type MibParameterNotification for interface 12"
"21-07-2026 09:45:30","1040","Information","Microsoft-Windows-SMBServer","Received Mib notification type MibParameterNotification for interface 12"
"21-07-2026 09:44:35","1040","Information","Microsoft-Windows-SMBServer","Received Mib notification type MibParameterNotification for interface 12"
"21-07-2026 09:43:50","1040","Information","Microsoft-Windows-SMBServer","Received Mib notification type MibParameterNotification for interface 12"
"21-07-2026 09:38:00","1040","Information","Microsoft-Windows-SMBServer","Received Mib notification type MibParameterNotification for interface 12"
"21-07-2026 09:32:32","1040","Information","Microsoft-Windows-SMBServer","Received Mib notification type MibParameterNotification for interface 12"
"21-07-2026 09:12:23","1034","Information","Microsoft-Windows-SMBServer","Send RDMA Endpoint notification failure - Error updating transport list for device \Device\RdmaSmbIpv6_fe80::a6d1:dfb3:7876:aaf0. Object Name not found.."
"21-07-2026 09:12:23","1033","Information","Microsoft-Windows-SMBServer","Sent RDMA disabled event to LanmanServer for interface \Device\RdmaSmbIpv6_fe80::a6d1:dfb3:7876:aaf0."
"21-07-2026 09:12:23","1040","Information","Microsoft-Windows-SMBServer","Received Mib notification type MibDeleteInstance for interface 18"
"21-07-2026 09:12:23","1034","Information","Microsoft-Windows-SMBServer","Send RDMA Endpoint notification failure - Error updating transport list for device \Device\RdmaSmbIpv4_169.254.147.155. Object Name not found.."
"21-07-2026 09:12:23","1033","Information","Microsoft-Windows-SMBServer","Sent RDMA disabled event to LanmanServer for interface \Device\RdmaSmbIpv4_169.254.147.155."
"21-07-2026 09:12:23","1040","Information","Microsoft-Windows-SMBServer","Received Mib notification type MibDeleteInstance for interface 18"
"21-07-2026 08:46:23","1034","Information","Microsoft-Windows-SMBServer","Send RDMA Endpoint notification failure - DadState is different from IpDadStatePreferred for interface 6. Current DadState: 1."
"21-07-2026 08:46:23","1040","Information","Microsoft-Windows-SMBServer","Received Mib notification type MibAddInstance for interface 6"
"21-07-2026 08:46:17","1034","Information","Microsoft-Windows-SMBServer","Send RDMA Endpoint notification failure - DadState is different from IpDadStatePreferred for interface 6. Current DadState: 3."
"21-07-2026 08:46:17","1040","Information","Microsoft-Windows-SMBServer","Received Mib notification type MibAddInstance for interface 6"
"21-07-2026 08:44:35","1034","Information","Microsoft-Windows-SMBServer","Send RDMA Endpoint notification failure - DadState is different from IpDadStatePreferred for interface 2. Current DadState: 1."
