"19-08-2026 10:05:02","8001","Information","Microsoft-Windows-Store","Skipping license manager: PFN Microsoft.DesktopAppInstaller_1.29.280.0_x64__8wekyb3d8bbwe
Function: InvokeLicenseManagerRequired
Source: onecoreuap\enduser\winstore\licensemanager\apisethost\activationapis.cpp (373)"
"19-08-2026 10:05:00","8001","Information","Microsoft-Windows-Store","Skipping license manager: PFN Microsoft.WindowsStore_22607.1401.3.0_x64__8wekyb3d8bbwe
Function: InvokeLicenseManagerRequired
Source: onecoreuap\enduser\winstore\licensemanager\apisethost\activationapis.cpp (373)"
"19-08-2026 10:04:59","8001","Information","Microsoft-Windows-Store","Skipping license manager: PFN Microsoft.WindowsStore_22607.1401.3.0_x64__8wekyb3d8bbwe
Function: InvokeLicenseManagerRequired
Source: onecoreuap\enduser\winstore\licensemanager\apisethost\activationapis.cpp (373)"
"19-08-2026 10:04:02","2006","Information","Microsoft-Windows-Install-Agent","result: Microsoft.WindowsStore, CN=Microsoft Corporation, O=Microsoft Corporation, L=Redmond, S=Washington, C=US, blocked = false
Error: The operation completed successfully.
Function: Windows::ApplicationModel::Store::Preview::InstallControl::AppInstallManagerImpl::IsStoreBlockedByPolicyAsync::<lambda_35f23dcfc9a41a7838ece0b329dc2eaf>::operator ()
Source: onecoreuap\enduser\winstore\installservice\lib\appinstallcontrol.cpp (2026)"
"19-08-2026 10:04:02","2006","Information","Microsoft-Windows-Install-Agent","request: Microsoft.WindowsStore CN=Microsoft Corporation, O=Microsoft Corporation, L=Redmond, S=Washington, C=US
Error: Unknown HResult Error code: 0xefffffff
Function: Windows::ApplicationModel::Store::Preview::InstallControl::AppInstallManagerImpl::IsStoreBlockedByPolicyAsync
Source: onecoreuap\enduser\winstore\installservice\lib\appinstallcontrol.cpp (1995)"
"19-08-2026 10:04:02","2005","Verbose","Microsoft-Windows-Install-Agent","oneSettingsconcurrentDefaultInstalls = 3, oneSettingsconcurrentMinInstalls = 3
Error: Unknown HResult Error code: 0xefffffff
Function: GetConcurrentInstallsFromOneSettings
Source: onecoreuap\enduser\winstore\installservice\lib\settings.cpp (846)"
"19-08-2026 10:04:01","2006","Information","Microsoft-Windows-Install-Agent","Setting MSA Client Id for Token requests: {f0c62012-2cef-4831-b1f7-930682874c86}
Error: Unspecified error
Function: 
Source: onecoreuap\enduser\winstore\auth\lib\winstoreauth.cpp (206)"
"19-08-2026 10:04:01","2000","Information","Microsoft-Windows-Install-Agent","Process Name: C:\Windows\system32\backgroundTaskHost.exe
Module Name: C:\Windows\System32\InstallService.dll
Build: 26100.1.amd64fre.ge_release.240331-1435, UBR: 8893
"
"19-08-2026 10:04:00","8001","Information","Microsoft-Windows-Store","Skipping license manager: PFN Microsoft.DesktopAppInstaller_1.29.280.0_x64__8wekyb3d8bbwe
Function: InvokeLicenseManagerRequired
Source: onecoreuap\enduser\winstore\licensemanager\apisethost\activationapis.cpp (373)"
"19-08-2026 10:03:59","2","Error","Windows-ApplicationModel-Store-SDK","Error intializing default system account. Returning NULL.
Exception Details: WinStore.Identity.AuthenticationException
Function: InitializeDefaultSystemAccount
Source: .\src\Core\WinStore.Core\Identity\StoreUserProfileManager.cs (1487)"
"19-08-2026 10:03:59","2","Error","Windows-ApplicationModel-Store-SDK","Error intializing identities. Returning NULL.
Exception Details: WinStore.Identity.AuthenticationException
Function: InitializeDefaultStoreAccount
Source: .\src\Core\WinStore.Core\Identity\StoreUserProfileManager.cs (1525)"
"19-08-2026 10:03:59","2002","Information","Windows-ApplicationModel-Store-SDK","Setting MSA Client Id for Token requests: {f0c62012-2cef-4831-b1f7-930682874c86}
Error: Unspecified error
Function: 
Source: onecoreuap\enduser\winstore\auth\lib\winstoreauth.cpp (206)"
"19-08-2026 10:03:59","2002","Information","Windows-ApplicationModel-Store-SDK","Setting MSA Client Id for Token requests: {f0c62012-2cef-4831-b1f7-930682874c86}
Error: Unspecified error
Function: 
Source: onecoreuap\enduser\winstore\auth\lib\winstoreauth.cpp (206)"
"19-08-2026 10:03:58","4","Information","Windows-ApplicationModel-Store-SDK","Setting up ServiceProvider
Function: TryManageArgumentsAsync
Source: .\src\Shell\WinStore.DesktopExtension\Program.cs (118)"
"19-08-2026 10:03:58","8001","Information","Microsoft-Windows-Store","Skipping license manager: PFN Microsoft.WindowsStore_22607.1401.3.0_x64__8wekyb3d8bbwe
Function: InvokeLicenseManagerRequired
Source: onecoreuap\enduser\winstore\licensemanager\apisethost\activationapis.cpp (373)"
"19-08-2026 10:03:58","8001","Information","Microsoft-Windows-Store","Skipping license manager: PFN Microsoft.Todos_2.176.7601.0_x64__8wekyb3d8bbwe
Function: InvokeLicenseManagerRequired
Source: onecoreuap\enduser\winstore\licensemanager\apisethost\activationapis.cpp (373)"
"19-08-2026 10:03:58","8001","Information","Microsoft-Windows-Store","Skipping license manager: PFN Microsoft.Todos_2.176.7601.0_x64__8wekyb3d8bbwe
Function: InvokeLicenseManagerRequired
Source: onecoreuap\enduser\winstore\licensemanager\apisethost\activationapis.cpp (373)"
"19-08-2026 10:03:58","8001","Information","Microsoft-Windows-Store","Skipping license manager: PFN Microsoft.StorePurchaseApp_22606.1401.3.0_x64__8wekyb3d8bbwe
Function: InvokeLicenseManagerRequired
Source: onecoreuap\enduser\winstore\licensemanager\apisethost\activationapis.cpp (373)"
"19-08-2026 10:03:58","8001","Information","Microsoft-Windows-Store","Skipping license manager: PFN Microsoft.WindowsStore_22607.1401.3.0_x64__8wekyb3d8bbwe
Function: InvokeLicenseManagerRequired
Source: onecoreuap\enduser\winstore\licensemanager\apisethost\activationapis.cpp (373)"
"19-08-2026 10:03:58","8001","Information","Microsoft-Windows-Store","Skipping license manager: PFN Microsoft.WindowsStore_22607.1401.3.0_x64__8wekyb3d8bbwe
Function: InvokeLicenseManagerRequired
Source: onecoreuap\enduser\winstore\licensemanager\apisethost\activationapis.cpp (373)"
"19-08-2026 10:02:38","2006","Information","Microsoft-Windows-Install-Agent","result: Microsoft.WindowsStore, CN=Microsoft Corporation, O=Microsoft Corporation, L=Redmond, S=Washington, C=US, blocked = false
Error: The operation completed successfully.
Function: Windows::ApplicationModel::Store::Preview::InstallControl::AppInstallManagerImpl::IsStoreBlockedByPolicyAsync::<lambda_35f23dcfc9a41a7838ece0b329dc2eaf>::operator ()
Source: onecoreuap\enduser\winstore\installservice\lib\appinstallcontrol.cpp (2026)"
"19-08-2026 10:02:38","2006","Information","Microsoft-Windows-Install-Agent","request: Microsoft.WindowsStore CN=Microsoft Corporation, O=Microsoft Corporation, L=Redmond, S=Washington, C=US
Error: Unknown HResult Error code: 0xefffffff
Function: Windows::ApplicationModel::Store::Preview::InstallControl::AppInstallManagerImpl::IsStoreBlockedByPolicyAsync
Source: onecoreuap\enduser\winstore\installservice\lib\appinstallcontrol.cpp (1995)"
"19-08-2026 10:02:38","2005","Verbose","Microsoft-Windows-Install-Agent","oneSettingsconcurrentDefaultInstalls = 3, oneSettingsconcurrentMinInstalls = 3
Error: Unknown HResult Error code: 0xefffffff
Function: GetConcurrentInstallsFromOneSettings
Source: onecoreuap\enduser\winstore\installservice\lib\settings.cpp (846)"
"19-08-2026 10:02:37","2006","Information","Microsoft-Windows-Install-Agent","Setting MSA Client Id for Token requests: {f0c62012-2cef-4831-b1f7-930682874c86}
Error: Unspecified error
Function: 
Source: onecoreuap\enduser\winstore\auth\lib\winstoreauth.cpp (206)"
"19-08-2026 10:02:37","2000","Information","Microsoft-Windows-Install-Agent","Process Name: C:\Windows\system32\devicecensus.exe
Module Name: C:\Windows\System32\InstallService.dll
Build: 26100.1.amd64fre.ge_release.240331-1435, UBR: 8893
"
"19-08-2026 10:02:32","2006","Information","Microsoft-Windows-Install-Agent","USO store provider is enabled.
Error: Unknown HResult Error code: 0xefffffff
Function: CanUseUsoStoreProvider
Source: onecoreuap\enduser\winstore\installservice\lib\settings.cpp (4188)"
"19-08-2026 10:02:32","2006","Information","Microsoft-Windows-Install-Agent","[Telemetry]: Stats :: AppControlPreferenceOptions = 99  ShouldHonorAppUpdatePauseFlags = 2  
Error: Unknown HResult Error code: 0xefffffff
Function: LogTelemetryEvent
Source: onecoreuap\enduser\winstore\installservice\tasksdll\logging.cpp (10)"
"19-08-2026 10:02:32","2006","Information","Microsoft-Windows-Install-Agent","Update block list not found or empty in OneSettings
Error: Unknown HResult Error code: 0xefffffff
Function: DoInitializeOneSettingsConfiguration
Source: onecoreuap\enduser\winstore\installservice\lib\settings.cpp (2735)"
"19-08-2026 10:02:32","2006","Information","Microsoft-Windows-Install-Agent","Failure detected
Error: JSON value not found.
Function: 
Source: onecoreuap\enduser\winstore\installservice\lib\settings.cpp (578)"
"19-08-2026 10:02:32","2006","Information","Microsoft-Windows-Install-Agent","Failure detected
Error: JSON value not found.
Function: 
Source: onecoreuap\enduser\winstore\installservice\lib\settings.cpp (558)"
"19-08-2026 10:02:32","2005","Verbose","Microsoft-Windows-Install-Agent","CheckpointAbandonmentRules fetched from OneSettings payload: [{""callerApplicationIdKeyword"":""WindowsStore"",""systemAttemptCountThreshold"":5,""creationTimestampThresholdInDays"":2},{""callerApplicationIdKeyword"":""MoUsoCoreWorker"",""systemAttemptCountThreshold"":2,""creationTimestampThresholdInDays"":2}]
Error: Unknown HResult Error code: 0xefffffff
Function: _ReadCheckpointAbandonmentRules
Source: onecoreuap\enduser\winstore\installservice\lib\settings.cpp (4907)"
"19-08-2026 10:02:32","2005","Verbose","Microsoft-Windows-Install-Agent","SfEdgeFallbackEndpointUrl fetched from cache: https://sfdataservice.microsoft.com/package-retrieval
Error: Unknown HResult Error code: 0xefffffff
Function: _ReadSfEdgeFallbackEndpointUrl
Source: onecoreuap\enduser\winstore\installservice\lib\settings.cpp (4660)"
"19-08-2026 10:02:32","2005","Verbose","Microsoft-Windows-Install-Agent","ProductCatalogUrl fetched from cache: https://fe3cr.delivery.mp.microsoft.com/ClientWebService/client.asmx/secured
Error: Unknown HResult Error code: 0xefffffff
Function: _ReadProductCatalogUrl
Source: onecoreuap\enduser\winstore\installservice\lib\settings.cpp (4639)"
"19-08-2026 10:02:32","2005","Verbose","Microsoft-Windows-Install-Agent","DirectDownloadEnablementLiveCheckThreshold in milliseconds fetched from cache: 600000
Error: Unknown HResult Error code: 0xefffffff
Function: _ReadDirectDownloadEnablementLiveCheckThreshold
Source: onecoreuap\enduser\winstore\installservice\lib\settings.cpp (4617)"
"19-08-2026 10:02:32","2007","Warning","Microsoft-Windows-Install-Agent","Error while reading DirectDownloadReplacementSettings from OneSettings cache, value will remain empty
Error: Unknown HResult Error code: 0xefffffff
Function: DoInitializeOneSettingsConfiguration
Source: onecoreuap\enduser\winstore\installservice\lib\settings.cpp (2638)"
"19-08-2026 10:02:32","2006","Information","Microsoft-Windows-Install-Agent","Failure detected
Error: JSON value not found.
Function: 
Source: onecoreuap\enduser\winstore\installservice\lib\settings.cpp (4556)"
"19-08-2026 10:02:32","2006","Information","Microsoft-Windows-Install-Agent","DirectDownloadEnablementSettings Source field missing. Defaulting to Default.
Error: Unknown HResult Error code: 0xefffffff
Function: _ParseDirectDownloadSourceFromJson
Source: onecoreuap\enduser\winstore\installservice\lib\settings.cpp (4428)"
"19-08-2026 10:02:32","2006","Information","Microsoft-Windows-Install-Agent","DirectDownloadEnablementSettings Source field missing. Defaulting to Default.
Error: Unknown HResult Error code: 0xefffffff
Function: _ParseDirectDownloadSourceFromJson
Source: onecoreuap\enduser\winstore\installservice\lib\settings.cpp (4428)"
"19-08-2026 10:02:32","2006","Information","Microsoft-Windows-Install-Agent","DirectDownloadEnablementSettings Source field missing. Defaulting to Default.
Error: Unknown HResult Error code: 0xefffffff
Function: _ParseDirectDownloadSourceFromJson
Source: onecoreuap\enduser\winstore\installservice\lib\settings.cpp (4428)"
"19-08-2026 10:02:32","2006","Information","Microsoft-Windows-Install-Agent","DirectDownloadEnablementSettings Source field missing. Defaulting to Default.
Error: Unknown HResult Error code: 0xefffffff
Function: _ParseDirectDownloadSourceFromJson
Source: onecoreuap\enduser\winstore\installservice\lib\settings.cpp (4428)"
"19-08-2026 10:02:32","2006","Information","Microsoft-Windows-Install-Agent","DirectDownloadEnablementSettings Source field missing. Defaulting to Default.
Error: Unknown HResult Error code: 0xefffffff
Function: _ParseDirectDownloadSourceFromJson
Source: onecoreuap\enduser\winstore\installservice\lib\settings.cpp (4428)"
"19-08-2026 10:02:32","2006","Information","Microsoft-Windows-Install-Agent","DirectDownloadEnablementSettings Source field missing. Defaulting to Default.
Error: Unknown HResult Error code: 0xefffffff
Function: _ParseDirectDownloadSourceFromJson
Source: onecoreuap\enduser\winstore\installservice\lib\settings.cpp (4428)"
"19-08-2026 10:02:32","2006","Information","Microsoft-Windows-Install-Agent","DirectDownloadEnablementSettings Source field missing. Defaulting to Default.
Error: Unknown HResult Error code: 0xefffffff
Function: _ParseDirectDownloadSourceFromJson
Source: onecoreuap\enduser\winstore\installservice\lib\settings.cpp (4428)"
"19-08-2026 10:02:32","2006","Information","Microsoft-Windows-Install-Agent","DirectDownloadEnablementSettings Source field missing. Defaulting to Default.
Error: Unknown HResult Error code: 0xefffffff
Function: _ParseDirectDownloadSourceFromJson
Source: onecoreuap\enduser\winstore\installservice\lib\settings.cpp (4428)"
"19-08-2026 10:02:32","2005","Verbose","Microsoft-Windows-Install-Agent","DirectDownloadEnablementSettings fetched from OneSettings payload: [{""clientIds"":[],""hresults"":[],""regions"":[],""products"":[],""arches"":[],""installTypes"":[],""errorStages"":[""Install""],""listType"":""Disallowed""},{""clientIds"":[""Microsoft.WindowsStore_8wekyb3d8bbwe""],""hresults"":[],""regions"":[],""products"":[""9NKSQGP7F2NH"",""9NRX63209R7B"",""9NTXR16HNW1T"",""9PLM9XGG6VKS""],""arches"":[],""installTypes"":[],""errorStages"":[],""listType"":""Disallowed""},{""clientIds"":[],""hresults"":[""0x00000000"",""0x80004004"",""0x80070032"",""0x8007029C"",""0x8007045B"",""0x80070520"",""0x80073CFB"",""0x80073CFF"",""0x80073D0A"",""0x80073D13"",""0x80073D19"",""0x80073D22"",""0x80240008"",""0x8024001E"",""0x80240066"",""0x803FB003"",""0x803FB015"",""0xC8000710"",""0x80073CF4"",""0x80073D01"",""0x80070070"",""0x80073D21"",""0x80246017"",""0x80073CFE""],""regions"":[],""products"":[],""arches"":[],""installTypes"":[],""errorStages"":[],""listType"":""Disallowed""},{""clientIds"":[],""hresults"":[],""regions"":[],""products"":[""9PLRGHGXR4FM""],""arches"":[],""installTypes"":[""Install""],""errorStages"":[],""listType"":""Allowed""},{""clientIds"":[],""hresults"":[],""regions"":[""CN""],""products"":[],""arches"":[],""installTypes"":[],""errorStages"":[],""listType"":""Disallowed""},{""clientIds"":[],""hresults"":[],""regions"":[],""products"":[""9N3RK8ZV2ZR8"",""9NRZT3Q9R3DL"",""9P2B8MCSVPLN"",""9NPV76S164X5"",""9NBLGGH4RV3P"",""9NBLGGH4SVJT"",""9PHBC65ZG12V"",""9NKSQGP7F2NH"",""9NKRJ3SJ9SDG""],""arches"":[],""installTypes"":[],""errorStages"":[],""listType"":""Disallowed""},{""clientIds"":[""DellInc.AlienwareCommandCenter_htrsf667h5kn2"",""DSIC"",""explorer"",""AICompanion"",""HP.Omen.OmenCommandCenter"",""setup"",""Language Overlay Service"",""TabTip"",""LiveCaptions"",""Undetermined"",""GamingService""],""hresults"":[],""regions"":[],""products"":[],""arches"":[],""installTypes"":[],""errorStages"":[],""listType"":""Disallowed""},{""clientIds"":[],""hresults"":[],""regions"":[],""products"":[],""arches"":[],""installTypes"":[""Install""],""errorStages"":[],""listType"":""Allowed""}]
Error: Unknown HResult Error code: 0xefffffff
Function: _ReadDirectDownloadEnablementSettings
Source: onecoreuap\enduser\winstore\installservice\lib\settings.cpp (4503)"
"19-08-2026 10:02:32","2005","Verbose","Microsoft-Windows-Install-Agent","DirectDownloadEnablementState fetched from cache: 2
Error: Unknown HResult Error code: 0xefffffff
Function: _ReadDirectDownloadEnablementState
Source: onecoreuap\enduser\winstore\installservice\lib\settings.cpp (4479)"
"19-08-2026 10:02:32","2006","Information","Microsoft-Windows-Install-Agent","Failure detected
Error: JSON value not found.
Function: 
Source: onecoreuap\enduser\winstore\installservice\lib\settings.cpp (538)"
"19-08-2026 10:02:32","2006","Information","Microsoft-Windows-Install-Agent","Failure detected
Error: JSON value not found.
Function: 
Source: onecoreuap\enduser\winstore\installservice\lib\settings.cpp (558)"
"19-08-2026 10:02:32","2006","Information","Microsoft-Windows-Install-Agent","Failure detected
Error: JSON value not found.
Function: 
Source: onecoreuap\enduser\winstore\installservice\lib\settings.cpp (558)"
"19-08-2026 10:02:32","2006","Information","Microsoft-Windows-Install-Agent","Failure detected
Error: JSON value not found.
Function: 
Source: onecoreuap\enduser\winstore\installservice\lib\settings.cpp (538)"
"19-08-2026 10:02:32","2006","Information","Microsoft-Windows-Install-Agent","Failure detected
Error: JSON value not found.
Function: 
Source: onecoreuap\enduser\winstore\installservice\lib\settings.cpp (538)"
"19-08-2026 10:02:32","2005","Verbose","Microsoft-Windows-Install-Agent","OneSettingsOnlineScanCooldown (in seconds) = 30
Error: Unknown HResult Error code: 0xefffffff
Function: DoInitializeOneSettingsConfiguration
Source: onecoreuap\enduser\winstore\installservice\lib\settings.cpp (2521)"
"19-08-2026 10:02:32","2005","Verbose","Microsoft-Windows-Install-Agent","OneSettingsOnlineScansAllowedInInterval = 10
Error: Unknown HResult Error code: 0xefffffff
Function: DoInitializeOneSettingsConfiguration
Source: onecoreuap\enduser\winstore\installservice\lib\settings.cpp (2514)"
"19-08-2026 10:02:32","2005","Verbose","Microsoft-Windows-Install-Agent","OneSettingsOnlineScanInterval (in seconds) = 86400
Error: Unknown HResult Error code: 0xefffffff
Function: DoInitializeOneSettingsConfiguration
Source: onecoreuap\enduser\winstore\installservice\lib\settings.cpp (2512)"
"19-08-2026 10:02:32","2005","Verbose","Microsoft-Windows-Install-Agent","oneSettingsconcurrentDefaultInstalls = 3, oneSettingsconcurrentMinInstalls = 3
Error: Unknown HResult Error code: 0xefffffff
Function: GetConcurrentInstallsFromOneSettings
Source: onecoreuap\enduser\winstore\installservice\lib\settings.cpp (846)"
"19-08-2026 10:02:31","2006","Information","Microsoft-Windows-Install-Agent","Setting MSA Client Id for Token requests: {f0c62012-2cef-4831-b1f7-930682874c86}
Error: Unspecified error
Function: 
Source: onecoreuap\enduser\winstore\auth\lib\winstoreauth.cpp (206)"
"19-08-2026 10:02:31","2000","Information","Microsoft-Windows-Install-Agent","Process Name: C:\Windows\system32\taskhostw.exe
Module Name: C:\Windows\System32\InstallServiceTasks.dll
Build: 26100.1.amd64fre.ge_release.240331-1435, UBR: 8893
"
"19-08-2026 09:59:05","2006","Information","Microsoft-Windows-Install-Agent","request: ProductId = (vector), checkApplicability = false, CV = 2ytwEaVBEEeHnSEw.0
Error: Unknown HResult Error code: 0xefffffff
Function: Windows::ApplicationModel::Store::Preview::InstallControl::AppInstallManagerImpl::GetAppDataForUserAsync
Source: onecoreuap\enduser\winstore\installservice\lib\appinstallcontrol.cpp (3802)"
"19-08-2026 09:59:05","2007","Warning","Microsoft-Windows-Install-Agent","No CV passed in - generating a new one.
Error: The operation completed successfully.
Function: WindowsUpdate::CommonTelemetry::GenerateIfMissingCorrelationVector
Source: onecoreuap\enduser\winstore\installservice\libqueue2\commontelemetry.cpp (375)"
"19-08-2026 09:59:05","2006","Information","Microsoft-Windows-Install-Agent","Queue State: Working = 0, Pending = 0, Idle = 0  
Error: The operation completed successfully.
Function: InstallQueue2::_FindNextPendingItem
Source: onecoreuap\enduser\winstore\installservice\libqueue2\installqueue2.cpp (4735)"
"19-08-2026 09:59:05","2006","Information","Microsoft-Windows-Install-Agent","Item execution complete Item = 9NRZT3Q9R3DL   
Error: The operation completed successfully.
Function: InstallQueue2::NotifyCompleted
Source: onecoreuap\enduser\winstore\installservice\libqueue2\installqueue2.cpp (3713)"
"19-08-2026 09:59:05","2006","Information","Microsoft-Windows-Install-Agent","[Telemetry]: FulfillmentComplete :: ProductId = 9NRZT3Q9R3DL  PFN = Microsoft.WindowsAppRuntime.2_8wekyb3d8bbwe  CatalogId =   FailedRetry = 0  DownloadSize = 0  IsInteractive = 0  ClientAppId = Acquisition;setup-StartProductInstallWithOptionsAsync  HResult = 0  __TlgCV__ = z38pu4kKnkOFYjMM.0.2  
Error: Unknown HResult Error code: 0xefffffff
Function: LogTelemetryEvent
Source: onecoreuap\enduser\winstore\installservice\svc\logging.cpp (10)"
"19-08-2026 09:59:05","2006","Information","Microsoft-Windows-Install-Agent","[Telemetry]: StateTransition :: ProductId = 9NRZT3Q9R3DL  PFN = Microsoft.WindowsAppRuntime.2_8wekyb3d8bbwe  CatalogId =   FulfillmentPluginId = WU  PluginTelemetryData = {""OperationType"":""Acquisition"",""ClientAppId"":""Acquisition;setup-StartProductInstallWithOptionsAsync"",""ContentId"":"""",""WUContentId"":"""",""IsRemediation"":0,""CategoryId"":""23f6ac41-7701-46ef-81fe-d3bc61d011bf"",""ParentBundleId"":"""",""DownloadSize"":0,""SystemAttemptNumber"":1,""UserAttemptNumber"":0,""AttemptNumber"":1,""WorkProperties"":{""IsInteractive"":0,""CallerApplicationId"":""setup-StartProductInstallWithOptionsAsync"",""InstallForAllUsers"":1,""AllowDownloadOnAnyNetwork"":0,""ForceUseOfNonRemovableStorage"":0,""AllowForcedAppRestart"":0,""IsDiscInstall"":0,""IsRestore"":0,""Repair"":0,""StageButDoNotInstall"":0,""RequiresElevation"":0,""AutomaticallyDownloadAndInstallUpdateIfFound"":1,""AllowCachedResult"":0,""UserIdentityInfo"":"""",""VolumePath"":""""},""extendedErrorCode"":0}  PrevState = Working  NewState = Completed  PluginLastStage = 5  HResult = 0  __TlgCV__ = z38pu4kKnkOFYjMM.0.2  
Error: Unknown HResult Error code: 0xefffffff
Function: LogTelemetryEvent
Source: onecoreuap\enduser\winstore\installservice\svc\logging.cpp (10)"
"19-08-2026 09:59:05","2006","Information","Microsoft-Windows-Install-Agent","[Telemetry]: EndInstall :: _TlgCV_ = z38pu4kKnkOFYjMM.0.7  ProductId = 9NRZT3Q9R3DL  PFN = Microsoft.WindowsAppRuntime.2_8wekyb3d8bbwe  CategoryId = 23f6ac41-7701-46ef-81fe-d3bc61d011bf  UpdateId =   BundleId =   IsUpdate = false  IsRemediation = false  IsInteractive = false  IsMandatory = false  IsRestore = false  AttemptNumber = 1  SystemAttemptNumber = 1  UserAttemptNumber = 0  ClientAppId = Acquisition;setup-StartProductInstallWithOptionsAsync  ParentBundleId =   IsBundle = false  WUContentId =   AggregatedPackageFullNames =   StageDurationInMilliseconds = 1051  HResult = 0  ExtendedHResult = 0  
Error: Unknown HResult Error code: 0xefffffff
Function: LogTelemetryEvent
Source: onecoreuap\enduser\winstore\installservice\svc\logging.cpp (10)"
"19-08-2026 09:59:05","2005","Verbose","Microsoft-Windows-Install-Agent","Releasing InstallAgentPdcActivation
Error: Unknown HResult Error code: 0xefffffff
Function: UWAInstallWork::_InstallCompleted
Source: onecoreuap\enduser\winstore\installservice\lib\uwainstallwork.cpp (7753)"
"19-08-2026 09:59:04","2006","Information","Microsoft-Windows-Install-Agent","Queue State: Working = 1, Pending = 0, Idle = 0  
Error: The operation completed successfully.
Function: InstallQueue2::_FindNextPendingItem
Source: onecoreuap\enduser\winstore\installservice\libqueue2\installqueue2.cpp (4735)"
"19-08-2026 09:59:04","2005","Verbose","Microsoft-Windows-Install-Agent","UWAInstallWork::OnProgress Updating InstallAgentPdcActivation
Error: Unknown HResult Error code: 0xefffffff
Function: UWAInstallWork::OnProgress
Source: onecoreuap\enduser\winstore\installservice\lib\uwainstallwork.cpp (1285)"
"19-08-2026 09:59:04","2006","Information","Microsoft-Windows-Install-Agent","Queue State: Working = 1, Pending = 0, Idle = 0  
Error: The operation completed successfully.
Function: InstallQueue2::_FindNextPendingItem
Source: onecoreuap\enduser\winstore\installservice\libqueue2\installqueue2.cpp (4735)"
"19-08-2026 09:59:04","2005","Verbose","Microsoft-Windows-Install-Agent","UWAInstallWork::OnProgress Updating InstallAgentPdcActivation
Error: Unknown HResult Error code: 0xefffffff
Function: UWAInstallWork::OnProgress
Source: onecoreuap\enduser\winstore\installservice\lib\uwainstallwork.cpp (1285)"
"19-08-2026 09:59:03","2006","Information","Microsoft-Windows-Install-Agent","Queue State: Working = 1, Pending = 0, Idle = 0  
Error: The operation completed successfully.
Function: InstallQueue2::_FindNextPendingItem
Source: onecoreuap\enduser\winstore\installservice\libqueue2\installqueue2.cpp (4735)"
"19-08-2026 09:59:03","2006","Information","Microsoft-Windows-Install-Agent","[Telemetry]: BeginInstall :: _TlgCV_ = z38pu4kKnkOFYjMM.0.7  ProductId = 9NRZT3Q9R3DL  PFN = Microsoft.WindowsAppRuntime.2_8wekyb3d8bbwe  CategoryId = 23f6ac41-7701-46ef-81fe-d3bc61d011bf  BundleId =   IsUpdate = false  IsRemediation = false  IsInteractive = false  IsMandatory = false  IsRestore = false  AttemptNumber = 1  SystemAttemptNumber = 1  UserAttemptNumber = 0  ClientAppId = Acquisition;setup-StartProductInstallWithOptionsAsync  ParentBundleId =   IsBundle = false  WUContentId =   AggregatedPackageFullNames =   
Error: Unknown HResult Error code: 0xefffffff
Function: LogTelemetryEvent
Source: onecoreuap\enduser\winstore\installservice\svc\logging.cpp (10)"
"19-08-2026 09:59:03","2006","Information","Microsoft-Windows-Install-Agent","Progress Update: Item = 9NRZT3Q9R3DL  Progress Stage = Installing, Completed = 0, Total = 0, Total = 90   
Error: The operation completed successfully.
Function: InstallQueue2::NotifyWorkProgress
Source: onecoreuap\enduser\winstore\installservice\libqueue2\installqueue2.cpp (4055)"
"19-08-2026 09:59:03","2006","Information","Microsoft-Windows-Install-Agent","Stage User Data for Remediation or Restore scenario
Error: Unknown HResult Error code: 0xefffffff
Function: UWAInstallWork::_DoNormalInstall
Source: onecoreuap\enduser\winstore\installservice\lib\uwainstallwork.cpp (3227)"
"19-08-2026 09:59:03","2006","Information","Microsoft-Windows-Install-Agent","[Telemetry]: EndDownload :: _TlgCV_ = z38pu4kKnkOFYjMM.0.4  ProductId = 9NRZT3Q9R3DL  PFN = Microsoft.WindowsAppRuntime.2_8wekyb3d8bbwe  CategoryId = 23f6ac41-7701-46ef-81fe-d3bc61d011bf  UpdateId =   BundleId =   IsUpdate = false  IsRemediation = false  IsInteractive = false  IsMandatory = false  IsRestore = false  AttemptNumber = 1  SystemAttemptNumber = 1  UserAttemptNumber = 0  ClientAppId = Acquisition;setup-StartProductInstallWithOptionsAsync;;AllContent  DownloadSize = 0  ParentBundleId =   IsBundle = false  WUContentId =   AggregatedPackageFullNames =   StageDurationInMilliseconds = 47755  HResult = 0  ExtendedHResult = 0  
Error: Unknown HResult Error code: 0xefffffff
Function: LogTelemetryEvent
Source: onecoreuap\enduser\winstore\installservice\svc\logging.cpp (10)"
"19-08-2026 09:59:03","2006","Information","Microsoft-Windows-Install-Agent","Queue State: Working = 1, Pending = 0, Idle = 0  
Error: The operation completed successfully.
Function: InstallQueue2::_FindNextPendingItem
Source: onecoreuap\enduser\winstore\installservice\libqueue2\installqueue2.cpp (4735)"
"19-08-2026 09:59:03","2006","Information","Microsoft-Windows-Install-Agent","Progress Update: Item = 9NRZT3Q9R3DL  Progress Stage = DownloadingProduct, Completed = 0, Total = 0, Total = 90   
Error: The operation completed successfully.
Function: InstallQueue2::NotifyWorkProgress
Source: onecoreuap\enduser\winstore\installservice\libqueue2\installqueue2.cpp (4055)"
"19-08-2026 09:59:03","2006","Information","Microsoft-Windows-Install-Agent","[Telemetry]: InstallQueueHeartbeat :: ProductId = 9NRZT3Q9R3DL  PFN = Microsoft.WindowsAppRuntime.2_8wekyb3d8bbwe  DownloadSize = 0  IsInteractive = 0  PreviousPercentDownloaded = 0  CurrentPercentDownloaded = 90  BytesDownloadedSinceLastProgress = 18446744073709485056  TimeSinceLastProgressReported = 38007  ConcurrentWorkingItems = 1  __TlgCV__ = Xem5Ppz73UK1XOmr.2  
Error: Unknown HResult Error code: 0xefffffff
Function: LogTelemetryEvent
Source: onecoreuap\enduser\winstore\installservice\svc\logging.cpp (10)"
"19-08-2026 09:59:03","2005","Verbose","Microsoft-Windows-Install-Agent","UWAInstallWork::OnProgress Updating InstallAgentPdcActivation
Error: Unknown HResult Error code: 0xefffffff
Function: UWAInstallWork::OnProgress
Source: onecoreuap\enduser\winstore\installservice\lib\uwainstallwork.cpp (1285)"
"19-08-2026 09:59:03","2006","Information","Microsoft-Windows-Install-Agent","[Telemetry]: DownloadProgressHeartbeat :: _TlgCV_ = z38pu4kKnkOFYjMM.0.6  ClientAppId = Acquisition;setup-StartProductInstallWithOptionsAsync  ProductId = 9NRZT3Q9R3DL  PFN = Microsoft.WindowsAppRuntime.2_8wekyb3d8bbwe  DownloadSize = 0  IsInteractive = false  IsInstall = true  PreviousPercentDownloaded = 0  CurrentPercentDownloaded = 90  PreviousTotalBytesDownloaded = 0  CurrentTotalBytesDownloaded = 0  timeSinceLastProgressReported = 38007  
Error: Unknown HResult Error code: 0xefffffff
Function: LogTelemetryEvent
Source: onecoreuap\enduser\winstore\installservice\svc\logging.cpp (10)"
"19-08-2026 09:59:03","2008","Error","Microsoft-Windows-Install-Agent","Assert (cbTotal.Lo64 > 0): Download is complete, but no bytes have been downloaded!
Error: Unknown HResult Error code: 0xefffffff
Function: WUProgressBase<struct IDownloadProgressChangedCallback,struct IDownloadCompletedCallback,struct IDownloadJob,struct IDownloadProgress,struct IDownloadProgressChangedCallbackArgs,struct IDownloadCompletedCallbackArgs,struct IUpdateDownloadResult>::Invoke
Source: onecoreuap\enduser\winstore\installservice\lib\progress.h (165)"
"19-08-2026 09:59:03","2008","Error","Microsoft-Windows-Install-Agent","Assert (0): Received Completed Callback (for download), and Streaming Type has not been determined!
Error: Unknown HResult Error code: 0xefffffff
Function: WUProgressBase<struct IDownloadProgressChangedCallback,struct IDownloadCompletedCallback,struct IDownloadJob,struct IDownloadProgress,struct IDownloadProgressChangedCallbackArgs,struct IDownloadCompletedCallbackArgs,struct IUpdateDownloadResult>::Invoke
Source: onecoreuap\enduser\winstore\installservice\lib\progress.h (149)"
"19-08-2026 09:58:25","2006","Information","Microsoft-Windows-Install-Agent","Queue State: Working = 1, Pending = 0, Idle = 0  
Error: The operation completed successfully.
Function: InstallQueue2::_FindNextPendingItem
Source: onecoreuap\enduser\winstore\installservice\libqueue2\installqueue2.cpp (4735)"
"19-08-2026 09:58:25","2006","Information","Microsoft-Windows-Install-Agent","[Telemetry]: InstallQueueHeartbeat :: ProductId = 9NRZT3Q9R3DL  PFN = Microsoft.WindowsAppRuntime.2_8wekyb3d8bbwe  DownloadSize = 0  IsInteractive = 0  PreviousPercentDownloaded = 0  CurrentPercentDownloaded = 0  BytesDownloadedSinceLastProgress = 66560  TimeSinceLastProgressReported = 9738  ConcurrentWorkingItems = 1  __TlgCV__ = Xem5Ppz73UK1XOmr.2  
Error: Unknown HResult Error code: 0xefffffff
Function: LogTelemetryEvent
Source: onecoreuap\enduser\winstore\installservice\svc\logging.cpp (10)"
"19-08-2026 09:58:25","2005","Verbose","Microsoft-Windows-Install-Agent","UWAInstallWork::OnProgress Updating InstallAgentPdcActivation
Error: Unknown HResult Error code: 0xefffffff
Function: UWAInstallWork::OnProgress
Source: onecoreuap\enduser\winstore\installservice\lib\uwainstallwork.cpp (1285)"
"19-08-2026 09:58:25","2006","Information","Microsoft-Windows-Install-Agent","[Telemetry]: DownloadProgressHeartbeat :: _TlgCV_ = z38pu4kKnkOFYjMM.0.5  ClientAppId = Acquisition;setup-StartProductInstallWithOptionsAsync  ProductId = 9NRZT3Q9R3DL  PFN = Microsoft.WindowsAppRuntime.2_8wekyb3d8bbwe  DownloadSize = 0  IsInteractive = false  IsInstall = true  PreviousPercentDownloaded = 0  CurrentPercentDownloaded = 0  PreviousTotalBytesDownloaded = 66560  CurrentTotalBytesDownloaded = 66560  timeSinceLastProgressReported = 70069193  
Error: Unknown HResult Error code: 0xefffffff
Function: LogTelemetryEvent
Source: onecoreuap\enduser\winstore\installservice\svc\logging.cpp (10)"
"19-08-2026 09:58:16","2006","Information","Microsoft-Windows-Install-Agent","Queue State: Working = 1, Pending = 0, Idle = 0  
Error: The operation completed successfully.
Function: InstallQueue2::_FindNextPendingItem
Source: onecoreuap\enduser\winstore\installservice\libqueue2\installqueue2.cpp (4735)"
"19-08-2026 09:58:16","2005","Verbose","Microsoft-Windows-Install-Agent","Created task progress for Microsoft.WindowsAppRuntime.2_8wekyb3d8bbwe with parentbundleId 
Error: Unknown HResult Error code: 0xefffffff
Function: UWAInstallWork::_DoDownload
Source: onecoreuap\enduser\winstore\installservice\lib\uwainstallwork.cpp (5487)"
"19-08-2026 09:58:16","2006","Information","Microsoft-Windows-Install-Agent","[Telemetry]: BeginDownload :: _TlgCV_ = z38pu4kKnkOFYjMM.0.4  ProductId = 9NRZT3Q9R3DL  PFN = Microsoft.WindowsAppRuntime.2_8wekyb3d8bbwe  CategoryId = 23f6ac41-7701-46ef-81fe-d3bc61d011bf  BundleId =   IsUpdate = false  IsRemediation = false  IsInteractive = false  IsMandatory = false  IsRestore = false  AttemptNumber = 1  SystemAttemptNumber = 1  UserAttemptNumber = 0  ClientAppId = Acquisition;setup-StartProductInstallWithOptionsAsync  ParentBundleId =   IsBundle = false  WUContentId =   AggregatedPackageFullNames =   
Error: Unknown HResult Error code: 0xefffffff
Function: LogTelemetryEvent
Source: onecoreuap\enduser\winstore\installservice\svc\logging.cpp (10)"
"19-08-2026 09:58:16","2006","Information","Microsoft-Windows-Install-Agent","Queue State: Working = 1, Pending = 0, Idle = 0  
Error: The operation completed successfully.
Function: InstallQueue2::_FindNextPendingItem
Source: onecoreuap\enduser\winstore\installservice\libqueue2\installqueue2.cpp (4735)"
"19-08-2026 09:58:16","2006","Information","Microsoft-Windows-Install-Agent","Progress Update: Item = 9NRZT3Q9R3DL  Progress Stage = DownloadingProduct, Completed = 0, Total = 0, Total = 0   
Error: The operation completed successfully.
Function: InstallQueue2::NotifyWorkProgress
Source: onecoreuap\enduser\winstore\installservice\libqueue2\installqueue2.cpp (4055)"
"19-08-2026 09:58:16","2006","Information","Microsoft-Windows-Install-Agent","[Telemetry]: InstallQueueHeartbeat :: ProductId = 9NRZT3Q9R3DL  PFN = Microsoft.WindowsAppRuntime.2_8wekyb3d8bbwe  DownloadSize = 0  IsInteractive = 0  PreviousPercentDownloaded = 0  CurrentPercentDownloaded = 0  BytesDownloadedSinceLastProgress = 0  TimeSinceLastProgressReported = 10820  ConcurrentWorkingItems = 1  __TlgCV__ = Xem5Ppz73UK1XOmr.2  
Error: Unknown HResult Error code: 0xefffffff
Function: LogTelemetryEvent
Source: onecoreuap\enduser\winstore\installservice\svc\logging.cpp (10)"
"19-08-2026 09:58:16","2006","Information","Microsoft-Windows-Install-Agent","Queue State: Working = 1, Pending = 0, Idle = 0  
Error: The operation completed successfully.
Function: InstallQueue2::_FindNextPendingItem
Source: onecoreuap\enduser\winstore\installservice\libqueue2\installqueue2.cpp (4735)"
"19-08-2026 09:58:16","2006","Information","Microsoft-Windows-Install-Agent","Progress Update: Item = 9NRZT3Q9R3DL  Progress Stage = AcquiringLicense, Completed = 0, Total = 0, Total = -1   
Error: The operation completed successfully.
Function: InstallQueue2::NotifyWorkProgress
Source: onecoreuap\enduser\winstore\installservice\libqueue2\installqueue2.cpp (4055)"
"19-08-2026 09:58:16","2006","Information","Microsoft-Windows-Install-Agent","[Telemetry]: EndSearchUpdatePackages :: _TlgCV_ = z38pu4kKnkOFYjMM.0.3  ProductId = 9NRZT3Q9R3DL  PFN = Microsoft.WindowsAppRuntime.2_8wekyb3d8bbwe  CategoryId = 23f6ac41-7701-46ef-81fe-d3bc61d011bf  UpdateId =   BundleId =   IsUpdate = false  IsRemediation = false  IsInteractive = false  IsMandatory = false  IsRestore = false  AttemptNumber = 1  SystemAttemptNumber = 1  UserAttemptNumber = 0  ClientAppId = Acquisition;setup-StartProductInstallWithOptionsAsync  ParentBundleId =   IsBundle = false  WUContentId =   AggregatedPackageFullNames =   StageDurationInMilliseconds = 10662  HResult = 0  
Error: Unknown HResult Error code: 0xefffffff
Function: LogTelemetryEvent
Source: onecoreuap\enduser\winstore\installservice\svc\logging.cpp (10)"
"19-08-2026 09:58:16","2008","Error","Microsoft-Windows-Install-Agent","(null)
Error: Unspecified error
Function: UWAInstallWork::_DoScan
Source: onecoreuap\enduser\winstore\installservice\lib\uwainstallwork.cpp (3718)"
"19-08-2026 09:58:16","2006","Information","Microsoft-Windows-Install-Agent","WU scan found 2 packages
Error: Unknown HResult Error code: 0xefffffff
Function: _PackagesFromSearchResult
Source: onecoreuap\enduser\winstore\installservice\lib\wuhelpers.cpp (157)"
"19-08-2026 09:58:05","2006","Information","Microsoft-Windows-Install-Agent","WU query: ""IsInstalled=0 AND AppCategoryIDs contains '23f6ac41-7701-46ef-81fe-d3bc61d011bf'""
Error: Unknown HResult Error code: 0xefffffff
Function: SearchUpdatePackages
Source: onecoreuap\enduser\winstore\installservice\lib\wuhelpers.cpp (359)"
"19-08-2026 09:58:05","2006","Information","Microsoft-Windows-Install-Agent","UUS Version = 1508.2606.17012.0
Error: Unknown HResult Error code: 0xefffffff
Function: SearchUpdatePackages
Source: onecoreuap\enduser\winstore\installservice\lib\wuhelpers.cpp (286)"
"19-08-2026 09:58:05","2006","Information","Microsoft-Windows-Install-Agent","Queue State: Working = 1, Pending = 0, Idle = 0  
Error: The operation completed successfully.
Function: InstallQueue2::_FindNextPendingItem
Source: onecoreuap\enduser\winstore\installservice\libqueue2\installqueue2.cpp (4735)"
"19-08-2026 09:58:05","2006","Information","Microsoft-Windows-Install-Agent","AppId = 23f6ac41-7701-46ef-81fe-d3bc61d011bf, WU Installed Flag = 0, OnlineSearch = 1, Interactive = 0, Scope = 4, Client ID = Acquisition;setup-StartProductInstallWithOptionsAsync
Error: Unknown HResult Error code: 0xefffffff
Function: SearchUpdatePackages
Source: onecoreuap\enduser\winstore\installservice\lib\wuhelpers.cpp (280)"
"19-08-2026 09:58:05","2006","Information","Microsoft-Windows-Install-Agent","[Telemetry]: BeginSearchUpdatePackages :: _TlgCV_ = z38pu4kKnkOFYjMM.0.3  ProductId = 9NRZT3Q9R3DL  PFN = Microsoft.WindowsAppRuntime.2_8wekyb3d8bbwe  CategoryId = 23f6ac41-7701-46ef-81fe-d3bc61d011bf  BundleId =   IsUpdate = false  IsRemediation = false  IsInteractive = false  IsMandatory = false  IsRestore = false  AttemptNumber = 1  SystemAttemptNumber = 1  UserAttemptNumber = 0  ClientAppId = Acquisition;setup-StartProductInstallWithOptionsAsync  ParentBundleId =   IsBundle = false  WUContentId =   
Error: Unknown HResult Error code: 0xefffffff
Function: LogTelemetryEvent
Source: onecoreuap\enduser\winstore\installservice\svc\logging.cpp (10)"
"19-08-2026 09:58:05","2006","Information","Microsoft-Windows-Install-Agent","request: ProductId = (vector), checkApplicability = false, CV = IE7EhNRE4ECOMFE3.0
Error: Unknown HResult Error code: 0xefffffff
Function: Windows::ApplicationModel::Store::Preview::InstallControl::AppInstallManagerImpl::GetAppDataForUserAsync
Source: onecoreuap\enduser\winstore\installservice\lib\appinstallcontrol.cpp (3802)"
"19-08-2026 09:58:05","2007","Warning","Microsoft-Windows-Install-Agent","No CV passed in - generating a new one.
Error: The operation completed successfully.
Function: WindowsUpdate::CommonTelemetry::GenerateIfMissingCorrelationVector
Source: onecoreuap\enduser\winstore\installservice\libqueue2\commontelemetry.cpp (375)"
"19-08-2026 09:58:05","2006","Information","Microsoft-Windows-Install-Agent","Queue State: Working = 1, Pending = 0, Idle = 0  
Error: The operation completed successfully.
Function: InstallQueue2::_FindNextPendingItem
Source: onecoreuap\enduser\winstore\installservice\libqueue2\installqueue2.cpp (4735)"
"19-08-2026 09:58:05","2006","Information","Microsoft-Windows-Install-Agent","Queue State: Working = 1, Pending = 0, Idle = 0  
Error: The operation completed successfully.
Function: InstallQueue2::_FindNextPendingItem
Source: onecoreuap\enduser\winstore\installservice\libqueue2\installqueue2.cpp (4735)"
"19-08-2026 09:58:05","2006","Information","Microsoft-Windows-Install-Agent","Progress Update: Item = 9NRZT3Q9R3DL  Progress Stage = Scanning, Completed = 0, Total = 0, Total = -1   
Error: The operation completed successfully.
Function: InstallQueue2::NotifyWorkProgress
Source: onecoreuap\enduser\winstore\installservice\libqueue2\installqueue2.cpp (4055)"
"19-08-2026 09:58:05","2006","Information","Microsoft-Windows-Install-Agent","Install Starting. Client Sid: S-1-5-18, User Sid: S-1-5-18
Error: Unknown HResult Error code: 0xefffffff
Function: UWAInstallWork::_DoNormalInstall
Source: onecoreuap\enduser\winstore\installservice\lib\uwainstallwork.cpp (3141)"
"19-08-2026 09:58:05","2006","Information","Microsoft-Windows-Install-Agent","DirectDownloadState determined: Disabled (InstallForAllUsers flag is set and is not supported for direct workflow)
Error: Unknown HResult Error code: 0xefffffff
Function: UWAInstallWork::_GetDirectDownloadState
Source: onecoreuap\enduser\winstore\installservice\lib\uwainstallwork.cpp (8163)"
"19-08-2026 09:58:05","2006","Information","Microsoft-Windows-Install-Agent","Starting UWA Install Work
Error: Unknown HResult Error code: 0xefffffff
Function: UWAInstallWork::DoWork
Source: onecoreuap\enduser\winstore\installservice\lib\uwainstallwork.cpp (2013)"
"19-08-2026 09:58:05","2006","Information","Microsoft-Windows-Install-Agent","Raising State Change for Item = , InstallState = 0  
Error: The operation completed successfully.
Function: InstallQueue2::FlushEventQueue
Source: onecoreuap\enduser\winstore\installservice\libqueue2\installqueue2.cpp (3512)"
"19-08-2026 09:58:05","2006","Information","Microsoft-Windows-Install-Agent","Queue State: Working = 1, Pending = 0, Idle = 0  
Error: The operation completed successfully.
Function: InstallQueue2::_FindNextPendingItem
Source: onecoreuap\enduser\winstore\installservice\libqueue2\installqueue2.cpp (4735)"
"19-08-2026 09:58:05","2006","Information","Microsoft-Windows-Install-Agent","[End] SwitchState  Item = 9NRZT3Q9R3DL  StateTransition = Pending -> Working  
Error: The operation completed successfully.
Function: InstallQueue2::_SwitchState
Source: onecoreuap\enduser\winstore\installservice\libqueue2\installqueue2.cpp (4886)"
"19-08-2026 09:58:05","2006","Information","Microsoft-Windows-Install-Agent","[Telemetry]: StateTransition :: ProductId = 9NRZT3Q9R3DL  PFN = Microsoft.WindowsAppRuntime.2_8wekyb3d8bbwe  CatalogId =   FulfillmentPluginId = WU  PluginTelemetryData = {""WorkProperties"":{""IsInteractive"":0,""CallerApplicationId"":""setup-StartProductInstallWithOptionsAsync"",""InstallForAllUsers"":1,""AllowDownloadOnAnyNetwork"":0,""ForceUseOfNonRemovableStorage"":0,""AllowForcedAppRestart"":0,""IsDiscInstall"":0,""IsRestore"":0,""Repair"":0,""StageButDoNotInstall"":0,""RequiresElevation"":0,""AutomaticallyDownloadAndInstallUpdateIfFound"":1,""AllowCachedResult"":0,""UserIdentityInfo"":"""",""VolumePath"":""""},""extendedErrorCode"":0}  PrevState = Pending  NewState = Working  PluginLastStage = 0  HResult = 0  __TlgCV__ = z38pu4kKnkOFYjMM.0.2  
Error: Unknown HResult Error code: 0xefffffff
Function: LogTelemetryEvent
Source: onecoreuap\enduser\winstore\installservice\svc\logging.cpp (10)"
"19-08-2026 09:58:05","2006","Information","Microsoft-Windows-Install-Agent","[Start] SwitchState  Item = 9NRZT3Q9R3DL  StateTransition = Pending -> Working  
Error: The operation completed successfully.
Function: InstallQueue2::_SwitchState
Source: onecoreuap\enduser\winstore\installservice\libqueue2\installqueue2.cpp (4886)"
"19-08-2026 09:58:05","2006","Information","Microsoft-Windows-Install-Agent","Queue State: Working = 0, Pending = 1, Idle = 0  
Error: The operation completed successfully.
Function: InstallQueue2::_FindNextPendingItem
Source: onecoreuap\enduser\winstore\installservice\libqueue2\installqueue2.cpp (4735)"
"19-08-2026 09:58:05","2006","Information","Microsoft-Windows-Install-Agent","[Telemetry]: FulfillmentInitiate :: ProductId = 9NRZT3Q9R3DL  PFN = Microsoft.WindowsAppRuntime.2_8wekyb3d8bbwe  InstalledPFuN = (null)  CatalogId =   FulfillmentPluginId = WU  PluginTelemetryData =   PluginWorkCreationHr = 0  ClientAppId = Acquisition;setup-StartProductInstallWithOptionsAsync  QueueItemsTotal = 1  QueueItemsWorking = 0  QueueItemsPending = 1  QueueItemsIdle = 0  QueueOpenSlots = 3  __TlgCV__ = z38pu4kKnkOFYjMM.0.2  
Error: Unknown HResult Error code: 0xefffffff
Function: LogTelemetryEvent
Source: onecoreuap\enduser\winstore\installservice\svc\logging.cpp (10)"
"19-08-2026 09:58:05","2006","Information","Microsoft-Windows-Install-Agent","Raising State Change for Item = , InstallState = 0  
Error: The operation completed successfully.
Function: InstallQueue2::FlushEventQueue
Source: onecoreuap\enduser\winstore\installservice\libqueue2\installqueue2.cpp (3512)"
"19-08-2026 09:58:05","2006","Information","Microsoft-Windows-Install-Agent","Received checkpoint data updateItem = 9NRZT3Q9R3DL   
Error: The operation completed successfully.
Function: InstallQueue2::NotifyCheckpointChanged
Source: onecoreuap\enduser\winstore\installservice\libqueue2\installqueue2.cpp (3567)"
"19-08-2026 09:58:05","2006","Information","Microsoft-Windows-Install-Agent","[End] Item inserted into the queue. Attempting to create progresstrackersItem = 9NRZT3Q9R3DL  
Error: The operation completed successfully.
Function: InstallQueue2::_EnqueueWork
Source: onecoreuap\enduser\winstore\installservice\libqueue2\installqueue2.cpp (2300)"
"19-08-2026 09:58:05","2006","Information","Microsoft-Windows-Install-Agent","Updating Task Definition for : SmartRetry
Error: Unknown HResult Error code: 0xefffffff
Function: ScheduledTask::CommitChanges
Source: onecoreuap\enduser\winstore\installservice\lib\TaskHelpers.h (192)"
"19-08-2026 09:58:05","2006","Information","Microsoft-Windows-Install-Agent","[Start] Item inserted into the queue. Attempting to create progresstrackersItem = 9NRZT3Q9R3DL  
Error: The operation completed successfully.
Function: InstallQueue2::_EnqueueWork
Source: onecoreuap\enduser\winstore\installservice\libqueue2\installqueue2.cpp (2300)"
"19-08-2026 09:58:05","2006","Information","Microsoft-Windows-Install-Agent","[End] Creating Queue Item for the workCatalogId = PackageFamilyName:Microsoft.WindowsAppRuntime.2_8wekyb3d8bbwe  
Error: The operation completed successfully.
Function: InstallQueue2::_EnqueueWork
Source: onecoreuap\enduser\winstore\installservice\libqueue2\installqueue2.cpp (2209)"
"19-08-2026 09:58:05","2006","Information","Microsoft-Windows-Install-Agent","[Start] Creating Queue Item for the workCatalogId = PackageFamilyName:Microsoft.WindowsAppRuntime.2_8wekyb3d8bbwe  
Error: The operation completed successfully.
Function: InstallQueue2::_EnqueueWork
Source: onecoreuap\enduser\winstore\installservice\libqueue2\installqueue2.cpp (2209)"
"19-08-2026 09:58:05","2006","Information","Microsoft-Windows-Install-Agent","[End] Plugin available, Creating Work for Catalog Item UserSID = S-1-5-18  CatalogId = StoreId:9NRZT3Q9R3DL  properties = {""UserIdentityInfo"":"""",""VolumePath"":"""",""CallerApplicationId"":""setup-StartProductInstallWithOptionsAsync"",""IsInteractive"":false,""AllowDownloadOnAnyNetwork"":false,""Repair"":false,""AllowForcedAppRestart"":false,""ForceUseOfNonRemovableStorage"":false,""InstallForAllUsers"":true,""StageButDoNotInstall"":false,""CatalogId"":"""",""RequiresElevation"":false,""LaunchAfterInstall"":false,""ParentBundleId"":""""}  
Error: The operation completed successfully.
Function: InstallQueue2::CreateWorkForCatalogItem
Source: onecoreuap\enduser\winstore\installservice\libqueue2\installqueue2.cpp (1696)"
"19-08-2026 09:58:05","2006","Information","Microsoft-Windows-Install-Agent","[End] Creating UWA Work FulfillmentData = {""ProductId"":""9NRZT3Q9R3DL"",""WuBundleId"":""3d8652ea-6aa8-4b54-af49-27591858b754"",""WuCategoryId"":""23f6ac41-7701-46ef-81fe-d3bc61d011bf"",""PackageFamilyName"":""Microsoft.WindowsAppRuntime.2_8wekyb3d8bbwe"",""SkuId"":""0010"",""Content"":null,""PackageFeatures"":null,""PackageRankId"":""100"",""PackageFullNameId"":""Microsoft.WindowsAppRuntime.2_2.4.0.0_x64__8wekyb3d8bbwe"",""ParentBundleId"":""""}  
Error: The operation completed successfully.
Function: UWAInstallServiceWorkItem::UWAInstallServiceWorkItem
Source: onecoreuap\enduser\winstore\installservice\libqueue2\uwainstallworkbridge.cpp (312)"
"19-08-2026 09:58:05","2005","Verbose","Microsoft-Windows-Install-Agent","Processing fulfillment data: PackageRank=100, PackageFullName=Microsoft.WindowsAppRuntime.2_2.4.0.0_x64__8wekyb3d8bbwe
Error: Unknown HResult Error code: 0xefffffff
Function: UWAInstallWork::UWAInstallWork
Source: onecoreuap\enduser\winstore\installservice\lib\uwainstallwork.cpp (613)"
"19-08-2026 09:58:05","2006","Information","Microsoft-Windows-Install-Agent","[Start] Creating UWA Work FulfillmentData = {""ProductId"":""9NRZT3Q9R3DL"",""WuBundleId"":""3d8652ea-6aa8-4b54-af49-27591858b754"",""WuCategoryId"":""23f6ac41-7701-46ef-81fe-d3bc61d011bf"",""PackageFamilyName"":""Microsoft.WindowsAppRuntime.2_8wekyb3d8bbwe"",""SkuId"":""0010"",""Content"":null,""PackageFeatures"":null,""PackageRankId"":""100"",""PackageFullNameId"":""Microsoft.WindowsAppRuntime.2_2.4.0.0_x64__8wekyb3d8bbwe"",""ParentBundleId"":""""}  
Error: The operation completed successfully.
Function: UWAInstallServiceWorkItem::UWAInstallServiceWorkItem
Source: onecoreuap\enduser\winstore\installservice\libqueue2\uwainstallworkbridge.cpp (312)"
