"19-08-2026 11:53:25","5857","Information","Microsoft-Windows-WMI-Activity","Win32_EncryptableVolumeProvider provider started with result code 0x0. HostProcess = wmiprvse.exe; ProcessID = 7000; ProviderPath = C:\Windows\System32\wbem\Win32_EncryptableVolume.dll"
"19-08-2026 11:52:25","5857","Information","Microsoft-Windows-WMI-Activity","Win32_EncryptableVolumeProvider provider started with result code 0x0. HostProcess = wmiprvse.exe; ProcessID = 7000; ProviderPath = C:\Windows\System32\wbem\Win32_EncryptableVolume.dll"
"19-08-2026 11:51:33","5858","Error","Microsoft-Windows-WMI-Activity","Id = {71B7DC5C-6BD3-41F9-82A6-50B97E8C83CB}; ClientMachine = LIND55MBVC4; User = ENTERPRISE\arjo5004; ClientProcessId = 8060; Component = Unknown; Operation = Start IWbemServices::ExecQuery - ROOT\CIMV2 : SELECT * FROM Win32_PhysicalMemory WHERE Tag='Physical Memory 0'; ResultCode = 0x80041032; PossibleCause = Unknown"
"19-08-2026 11:51:33","5858","Error","Microsoft-Windows-WMI-Activity","Id = {71B7DC5C-6BD3-41F9-82A6-50B97E8C83CB}; ClientMachine = LIND55MBVC4; User = ENTERPRISE\arjo5004; ClientProcessId = 8060; Component = Unknown; Operation = Start IWbemServices::ExecQuery - ROOT\CIMV2 : SELECT * FROM Win32_DiskDrive WHERE DeviceID LIKE '%PHYSICALDRIVE0%'; ResultCode = 0x80041032; PossibleCause = Unknown"
"19-08-2026 11:51:25","5857","Information","Microsoft-Windows-WMI-Activity","Win32_EncryptableVolumeProvider provider started with result code 0x0. HostProcess = wmiprvse.exe; ProcessID = 7000; ProviderPath = C:\Windows\System32\wbem\Win32_EncryptableVolume.dll"
"19-08-2026 11:50:02","5857","Information","Microsoft-Windows-WMI-Activity","NetAdapterCim provider started with result code 0x0. HostProcess = wmiprvse.exe; ProcessID = 21524; ProviderPath = %systemroot%\system32\wbem\NetAdapterCim.dll"
"19-08-2026 11:49:25","5857","Information","Microsoft-Windows-WMI-Activity","Win32_EncryptableVolumeProvider provider started with result code 0x0. HostProcess = wmiprvse.exe; ProcessID = 7000; ProviderPath = C:\Windows\System32\wbem\Win32_EncryptableVolume.dll"
"19-08-2026 11:48:25","5857","Information","Microsoft-Windows-WMI-Activity","Win32_EncryptableVolumeProvider provider started with result code 0x0. HostProcess = wmiprvse.exe; ProcessID = 7000; ProviderPath = C:\Windows\System32\wbem\Win32_EncryptableVolume.dll"
"19-08-2026 11:46:24","5857","Information","Microsoft-Windows-WMI-Activity","Win32_EncryptableVolumeProvider provider started with result code 0x0. HostProcess = wmiprvse.exe; ProcessID = 7000; ProviderPath = C:\Windows\System32\wbem\Win32_EncryptableVolume.dll"
"19-08-2026 11:45:02","5857","Information","Microsoft-Windows-WMI-Activity","NetAdapterCim provider started with result code 0x0. HostProcess = wmiprvse.exe; ProcessID = 26468; ProviderPath = %systemroot%\system32\wbem\NetAdapterCim.dll"
"19-08-2026 11:44:24","5857","Information","Microsoft-Windows-WMI-Activity","Win32_EncryptableVolumeProvider provider started with result code 0x0. HostProcess = wmiprvse.exe; ProcessID = 7000; ProviderPath = C:\Windows\System32\wbem\Win32_EncryptableVolume.dll"
"19-08-2026 11:44:24","5858","Error","Microsoft-Windows-WMI-Activity","Id = {820BFE27-8188-4F57-97B7-69DD86D648D1}; ClientMachine = LIND55MBVC4; User = NT AUTHORITY\SYSTEM; ClientProcessId = 3760; Component = Unknown; Operation = Start IWbemServices::ExecQuery - ROOT\CIMV2 : SELECT * FROM Win32_PnPEntity Where deviceid Like '%PCI\\VEN_8086&DEV_7d1d&SUBSYS_0ce81028%&Rev%'; ResultCode = 0x80041032; PossibleCause = Throttling Idle Tasks, refer to CIMOM regkey: ArbTaskMaxIdle"
"19-08-2026 11:44:24","5858","Error","Microsoft-Windows-WMI-Activity","Id = {5641442A-E17E-485C-95EC-E811FB584F5C}; ClientMachine = LIND55MBVC4; User = NT AUTHORITY\SYSTEM; ClientProcessId = 3760; Component = Unknown; Operation = Start IWbemServices::ExecQuery - ROOT\CIMV2 : SELECT * FROM Win32_PnPEntity Where deviceid Like '%PCI\\VEN_8086&DEV_7d1d&SUBSYS_0ce81028%&Rev%'; ResultCode = 0x80041032; PossibleCause = Throttling Idle Tasks, refer to CIMOM regkey: ArbTaskMaxIdle"
"19-08-2026 11:44:24","5858","Error","Microsoft-Windows-WMI-Activity","Id = {75499B82-E9BC-4F8E-BF98-C38EF6741244}; ClientMachine = LIND55MBVC4; User = NT AUTHORITY\SYSTEM; ClientProcessId = 3760; Component = Unknown; Operation = Start IWbemServices::ExecQuery - ROOT\CIMV2 : SELECT * FROM Win32_PnPEntity Where deviceid Like '%PCI\\VEN_8086&DEV_7d1d&SUBSYS_0ce81028%&Rev%'; ResultCode = 0x80041032; PossibleCause = Throttling Idle Tasks, refer to CIMOM regkey: ArbTaskMaxIdle"
"19-08-2026 11:44:24","5858","Error","Microsoft-Windows-WMI-Activity","Id = {544DB0EA-D7E9-4D2B-A35C-E48FF3027249}; ClientMachine = LIND55MBVC4; User = NT AUTHORITY\SYSTEM; ClientProcessId = 3760; Component = Unknown; Operation = Start IWbemServices::ExecQuery - ROOT\CIMV2 : SELECT * FROM Win32_PnPEntity Where deviceid Like '%PCI\\VEN_8086&DEV_7d1d&SUBSYS_0ce81028%&Rev%'; ResultCode = 0x80041032; PossibleCause = Throttling Idle Tasks, refer to CIMOM regkey: ArbTaskMaxIdle"
"19-08-2026 11:44:24","5858","Error","Microsoft-Windows-WMI-Activity","Id = {D7369037-C792-4768-B98B-28C52EB34D73}; ClientMachine = LIND55MBVC4; User = NT AUTHORITY\SYSTEM; ClientProcessId = 3760; Component = Unknown; Operation = Start IWbemServices::ExecQuery - ROOT\CIMV2 : SELECT * FROM Win32_PnPEntity Where deviceid Like '%PCI\\VEN_8086&DEV_7d1d&SUBSYS_0ce81028%&Rev%'; ResultCode = 0x80041032; PossibleCause = Throttling Idle Tasks, refer to CIMOM regkey: ArbTaskMaxIdle"
"19-08-2026 11:43:24","5857","Information","Microsoft-Windows-WMI-Activity","Win32_EncryptableVolumeProvider provider started with result code 0x0. HostProcess = wmiprvse.exe; ProcessID = 7000; ProviderPath = C:\Windows\System32\wbem\Win32_EncryptableVolume.dll"
"19-08-2026 11:41:24","5857","Information","Microsoft-Windows-WMI-Activity","Win32_EncryptableVolumeProvider provider started with result code 0x0. HostProcess = wmiprvse.exe; ProcessID = 7000; ProviderPath = C:\Windows\System32\wbem\Win32_EncryptableVolume.dll"
"19-08-2026 11:40:12","5857","Information","Microsoft-Windows-WMI-Activity","Provider_DiagnosticsServices provider started with result code 0x0. HostProcess = wmiprvse.exe; ProcessID = 17092; ProviderPath = %systemroot%\system32\wbem\wmiprov.dll"
"19-08-2026 11:40:03","5857","Information","Microsoft-Windows-WMI-Activity","Provider_PlatformBios provider started with result code 0x0. HostProcess = wmiprvse.exe; ProcessID = 17092; ProviderPath = %systemroot%\system32\wbem\wmiprov.dll"
"19-08-2026 11:40:03","5857","Information","Microsoft-Windows-WMI-Activity","NetAdapterCim provider started with result code 0x0. HostProcess = wmiprvse.exe; ProcessID = 30756; ProviderPath = %systemroot%\system32\wbem\NetAdapterCim.dll"
"19-08-2026 11:39:24","5857","Information","Microsoft-Windows-WMI-Activity","Win32_EncryptableVolumeProvider provider started with result code 0x0. HostProcess = wmiprvse.exe; ProcessID = 7000; ProviderPath = C:\Windows\System32\wbem\Win32_EncryptableVolume.dll"
"19-08-2026 11:39:09","5857","Information","Microsoft-Windows-WMI-Activity","Provider_PlatformBios provider started with result code 0x0. HostProcess = wmiprvse.exe; ProcessID = 17092; ProviderPath = %systemroot%\system32\wbem\wmiprov.dll"
"19-08-2026 11:38:37","5857","Information","Microsoft-Windows-WMI-Activity","MSVDS__PROVIDER provider started with result code 0x0. HostProcess = wmiprvse.exe; ProcessID = 7000; ProviderPath = %systemroot%\system32\wbem\vdswmi.dll"
"19-08-2026 11:38:37","5857","Information","Microsoft-Windows-WMI-Activity","StorageWMI provider started with result code 0x0. HostProcess = wmiprvse.exe; ProcessID = 7000; ProviderPath = %SystemRoot%\System32\storagewmi.dll"
"19-08-2026 11:38:24","5857","Information","Microsoft-Windows-WMI-Activity","Win32_EncryptableVolumeProvider provider started with result code 0x0. HostProcess = wmiprvse.exe; ProcessID = 7000; ProviderPath = C:\Windows\System32\wbem\Win32_EncryptableVolume.dll"
"19-08-2026 11:37:43","5857","Information","Microsoft-Windows-WMI-Activity","WMIProv provider started with result code 0x0. HostProcess = wmiprvse.exe; ProcessID = 6824; ProviderPath = %systemroot%\system32\wbem\wmiprov.dll"
"19-08-2026 11:37:41","5860","Information","Microsoft-Windows-WMI-Activity","Namespace = root\cimv2; NotificationQuery = SELECT * FROM RegistryValueChangeEvent WHERE Hive = 'HKEY_LOCAL_MACHINE' AND KeyPath = 'SOFTWARE\\Cirrus Logic\\Tunings\\DigitalAudioDisplayDevice' AND ValueName='CLABP_BLOCKED'; UserName = ENTERPRISE\arjo5004; ClientProcessID = 8692, ClientMachine = LIND55MBVC4; PossibleCause = Temporary"
"19-08-2026 11:37:37","5858","Error","Microsoft-Windows-WMI-Activity","Id = {095107E4-FEDF-4101-8FB2-E77E3D70F693}; ClientMachine = LIND55MBVC4; User = NT AUTHORITY\SYSTEM; ClientProcessId = 7996; Component = Unknown; Operation = Start IWbemServices::ExecQuery - root\cimv2 : Select StartMode from Win32_Service where Name ='IntuneManagementExtension'; ResultCode = 0x80041032; PossibleCause = Unknown"
"19-08-2026 11:37:37","5857","Information","Microsoft-Windows-WMI-Activity","Win32_WIN32_TERMINALSERVICE_Prov provider started with result code 0x0. HostProcess = wmiprvse.exe; ProcessID = 7000; ProviderPath = %SystemRoot%\system32\tscfgwmi.dll"
"19-08-2026 11:37:36","5857","Information","Microsoft-Windows-WMI-Activity","WMIProv provider started with result code 0x0. HostProcess = wmiprvse.exe; ProcessID = 6824; ProviderPath = %systemroot%\system32\wbem\wmiprov.dll"
"19-08-2026 11:37:35","5857","Information","Microsoft-Windows-WMI-Activity","Provider_PlatformBios provider started with result code 0x0. HostProcess = wmiprvse.exe; ProcessID = 17092; ProviderPath = %systemroot%\system32\wbem\wmiprov.dll"
"19-08-2026 11:37:35","5857","Information","Microsoft-Windows-WMI-Activity","Provider_DiagnosticsServices provider started with result code 0x0. HostProcess = wmiprvse.exe; ProcessID = 17092; ProviderPath = %systemroot%\system32\wbem\wmiprov.dll"
"19-08-2026 11:37:24","5857","Information","Microsoft-Windows-WMI-Activity","Win32_EncryptableVolumeProvider provider started with result code 0x0. HostProcess = wmiprvse.exe; ProcessID = 7000; ProviderPath = C:\Windows\System32\wbem\Win32_EncryptableVolume.dll"
"19-08-2026 11:36:24","5857","Information","Microsoft-Windows-WMI-Activity","Win32_EncryptableVolumeProvider provider started with result code 0x0. HostProcess = wmiprvse.exe; ProcessID = 7000; ProviderPath = C:\Windows\System32\wbem\Win32_EncryptableVolume.dll"
"19-08-2026 11:35:03","5857","Information","Microsoft-Windows-WMI-Activity","NetAdapterCim provider started with result code 0x0. HostProcess = wmiprvse.exe; ProcessID = 27096; ProviderPath = %systemroot%\system32\wbem\NetAdapterCim.dll"
"19-08-2026 11:34:57","5857","Information","Microsoft-Windows-WMI-Activity","ReliabilityMetricsProvider provider started with result code 0x0. HostProcess = wmiprvse.exe; ProcessID = 19596; ProviderPath = C:\Windows\System32\wbem\RacWmiProv.dll"
"19-08-2026 11:34:24","5857","Information","Microsoft-Windows-WMI-Activity","Win32_EncryptableVolumeProvider provider started with result code 0x0. HostProcess = wmiprvse.exe; ProcessID = 7000; ProviderPath = C:\Windows\System32\wbem\Win32_EncryptableVolume.dll"
"19-08-2026 11:33:24","5857","Information","Microsoft-Windows-WMI-Activity","Win32_EncryptableVolumeProvider provider started with result code 0x0. HostProcess = wmiprvse.exe; ProcessID = 7000; ProviderPath = C:\Windows\System32\wbem\Win32_EncryptableVolume.dll"
"19-08-2026 11:31:23","5857","Information","Microsoft-Windows-WMI-Activity","Win32_EncryptableVolumeProvider provider started with result code 0x0. HostProcess = wmiprvse.exe; ProcessID = 7000; ProviderPath = C:\Windows\System32\wbem\Win32_EncryptableVolume.dll"
"19-08-2026 11:30:03","5857","Information","Microsoft-Windows-WMI-Activity","NetAdapterCim provider started with result code 0x0. HostProcess = wmiprvse.exe; ProcessID = 3496; ProviderPath = %systemroot%\system32\wbem\NetAdapterCim.dll"
"19-08-2026 11:29:23","5857","Information","Microsoft-Windows-WMI-Activity","Win32_EncryptableVolumeProvider provider started with result code 0x0. HostProcess = wmiprvse.exe; ProcessID = 7000; ProviderPath = C:\Windows\System32\wbem\Win32_EncryptableVolume.dll"
"19-08-2026 11:29:23","5858","Error","Microsoft-Windows-WMI-Activity","Id = {42F36995-3B49-4F19-96EE-40975836CE7B}; ClientMachine = LIND55MBVC4; User = NT AUTHORITY\SYSTEM; ClientProcessId = 3760; Component = Unknown; Operation = Start IWbemServices::ExecQuery - ROOT\CIMV2 : SELECT * FROM Win32_PnPEntity Where deviceid Like '%PCI\\VEN_8086&DEV_7d1d&SUBSYS_0ce81028%&Rev%'; ResultCode = 0x80041032; PossibleCause = Throttling Idle Tasks, refer to CIMOM regkey: ArbTaskMaxIdle"
"19-08-2026 11:29:23","5858","Error","Microsoft-Windows-WMI-Activity","Id = {027CFB59-FCF3-4360-8CE4-1370829E845E}; ClientMachine = LIND55MBVC4; User = NT AUTHORITY\SYSTEM; ClientProcessId = 3760; Component = Unknown; Operation = Start IWbemServices::ExecQuery - ROOT\CIMV2 : SELECT * FROM Win32_PnPEntity Where deviceid Like '%PCI\\VEN_8086&DEV_7d1d&SUBSYS_0ce81028%&Rev%'; ResultCode = 0x80041032; PossibleCause = Throttling Idle Tasks, refer to CIMOM regkey: ArbTaskMaxIdle"
"19-08-2026 11:29:23","5858","Error","Microsoft-Windows-WMI-Activity","Id = {E8D663EA-A93C-4A33-A4F9-8422CA06AA45}; ClientMachine = LIND55MBVC4; User = NT AUTHORITY\SYSTEM; ClientProcessId = 3760; Component = Unknown; Operation = Start IWbemServices::ExecQuery - ROOT\CIMV2 : SELECT * FROM Win32_PnPEntity Where deviceid Like '%PCI\\VEN_8086&DEV_7d1d&SUBSYS_0ce81028%&Rev%'; ResultCode = 0x80041032; PossibleCause = Throttling Idle Tasks, refer to CIMOM regkey: ArbTaskMaxIdle"
"19-08-2026 11:29:23","5858","Error","Microsoft-Windows-WMI-Activity","Id = {3F6660DA-ACC8-4A33-9C4E-10C9FE02A344}; ClientMachine = LIND55MBVC4; User = NT AUTHORITY\SYSTEM; ClientProcessId = 3760; Component = Unknown; Operation = Start IWbemServices::ExecQuery - ROOT\CIMV2 : SELECT * FROM Win32_PnPEntity Where deviceid Like '%PCI\\VEN_8086&DEV_7d1d&SUBSYS_0ce81028%&Rev%'; ResultCode = 0x80041032; PossibleCause = Throttling Idle Tasks, refer to CIMOM regkey: ArbTaskMaxIdle"
"19-08-2026 11:29:23","5858","Error","Microsoft-Windows-WMI-Activity","Id = {791E6AF8-D484-4C0B-938A-6810B0EC0474}; ClientMachine = LIND55MBVC4; User = NT AUTHORITY\SYSTEM; ClientProcessId = 3760; Component = Unknown; Operation = Start IWbemServices::ExecQuery - ROOT\CIMV2 : SELECT * FROM Win32_PnPEntity Where deviceid Like '%PCI\\VEN_8086&DEV_7d1d&SUBSYS_0ce81028%&Rev%'; ResultCode = 0x80041032; PossibleCause = Throttling Idle Tasks, refer to CIMOM regkey: ArbTaskMaxIdle"
"19-08-2026 11:28:23","5857","Information","Microsoft-Windows-WMI-Activity","Win32_EncryptableVolumeProvider provider started with result code 0x0. HostProcess = wmiprvse.exe; ProcessID = 7000; ProviderPath = C:\Windows\System32\wbem\Win32_EncryptableVolume.dll"
"19-08-2026 11:27:23","5857","Information","Microsoft-Windows-WMI-Activity","Win32_EncryptableVolumeProvider provider started with result code 0x0. HostProcess = wmiprvse.exe; ProcessID = 7000; ProviderPath = C:\Windows\System32\wbem\Win32_EncryptableVolume.dll"
"19-08-2026 11:26:23","5857","Information","Microsoft-Windows-WMI-Activity","Win32_EncryptableVolumeProvider provider started with result code 0x0. HostProcess = wmiprvse.exe; ProcessID = 7000; ProviderPath = C:\Windows\System32\wbem\Win32_EncryptableVolume.dll"
"19-08-2026 11:25:06","5857","Information","Microsoft-Windows-WMI-Activity","Provider_DiagnosticsServices provider started with result code 0x0. HostProcess = wmiprvse.exe; ProcessID = 21300; ProviderPath = %systemroot%\system32\wbem\wmiprov.dll"
"19-08-2026 11:25:02","5857","Information","Microsoft-Windows-WMI-Activity","NetAdapterCim provider started with result code 0x0. HostProcess = wmiprvse.exe; ProcessID = 4620; ProviderPath = %systemroot%\system32\wbem\NetAdapterCim.dll"
"19-08-2026 11:24:59","5857","Information","Microsoft-Windows-WMI-Activity","Provider_PlatformBios provider started with result code 0x0. HostProcess = wmiprvse.exe; ProcessID = 21300; ProviderPath = %systemroot%\system32\wbem\wmiprov.dll"
"19-08-2026 11:24:58","5858","Error","Microsoft-Windows-WMI-Activity","Id = {AE3F5ABE-E23C-48F2-93B8-7316F940FF50}; ClientMachine = LIND55MBVC4; User = NT AUTHORITY\SYSTEM; ClientProcessId = 3760; Component = Unknown; Operation = Start IWbemServices::ExecQuery - ROOT\CIMV2 : SELECT * FROM Win32_SystemDriver WHERE Name = 'BTHUSB'; ResultCode = 0x80041032; PossibleCause = Unknown"
"19-08-2026 11:24:23","5857","Information","Microsoft-Windows-WMI-Activity","Win32_EncryptableVolumeProvider provider started with result code 0x0. HostProcess = wmiprvse.exe; ProcessID = 7000; ProviderPath = C:\Windows\System32\wbem\Win32_EncryptableVolume.dll"
"19-08-2026 11:24:10","5857","Information","Microsoft-Windows-WMI-Activity","Provider_PlatformBios provider started with result code 0x0. HostProcess = wmiprvse.exe; ProcessID = 21300; ProviderPath = %systemroot%\system32\wbem\wmiprov.dll"
"19-08-2026 11:23:38","5857","Information","Microsoft-Windows-WMI-Activity","MSVDS__PROVIDER provider started with result code 0x0. HostProcess = wmiprvse.exe; ProcessID = 7000; ProviderPath = %systemroot%\system32\wbem\vdswmi.dll"
"19-08-2026 11:23:37","5857","Information","Microsoft-Windows-WMI-Activity","StorageWMI provider started with result code 0x0. HostProcess = wmiprvse.exe; ProcessID = 7000; ProviderPath = %SystemRoot%\System32\storagewmi.dll"
"19-08-2026 11:23:37","5857","Information","Microsoft-Windows-WMI-Activity","WMIProv provider started with result code 0x0. HostProcess = wmiprvse.exe; ProcessID = 6824; ProviderPath = %systemroot%\system32\wbem\wmiprov.dll"
"19-08-2026 11:23:22","5857","Information","Microsoft-Windows-WMI-Activity","Win32_EncryptableVolumeProvider provider started with result code 0x0. HostProcess = wmiprvse.exe; ProcessID = 7000; ProviderPath = C:\Windows\System32\wbem\Win32_EncryptableVolume.dll"
"19-08-2026 11:21:22","5857","Information","Microsoft-Windows-WMI-Activity","Win32_EncryptableVolumeProvider provider started with result code 0x0. HostProcess = wmiprvse.exe; ProcessID = 7000; ProviderPath = C:\Windows\System32\wbem\Win32_EncryptableVolume.dll"
"19-08-2026 11:20:03","5857","Information","Microsoft-Windows-WMI-Activity","NetAdapterCim provider started with result code 0x0. HostProcess = wmiprvse.exe; ProcessID = 27848; ProviderPath = %systemroot%\system32\wbem\NetAdapterCim.dll"
"19-08-2026 11:18:52","5858","Error","Microsoft-Windows-WMI-Activity","Id = {18E7C5F5-D691-4E28-B82B-0148A5AC2EB6}; ClientMachine = LIND55MBVC4; User = NT AUTHORITY\SYSTEM; ClientProcessId = 25704; Component = Unknown; Operation = Start IWbemServices::ExecQuery - root\CIMV2\security\microsofttpm : SELECT ManufacturerVersionFull20 FROM win32_tpm; ResultCode = 0x80041032; PossibleCause = Unknown"
"19-08-2026 11:18:52","5858","Error","Microsoft-Windows-WMI-Activity","Id = {EA293866-71C1-4D45-86A4-A4CAC115F80D}; ClientMachine = LIND55MBVC4; User = NT AUTHORITY\SYSTEM; ClientProcessId = 25704; Component = Unknown; Operation = Start IWbemServices::ExecQuery - root\CIMV2\security\microsofttpm : SELECT ManufacturerIdTxt FROM win32_tpm; ResultCode = 0x80041032; PossibleCause = Unknown"
"19-08-2026 11:18:52","5857","Information","Microsoft-Windows-WMI-Activity","Win32_TpmProvider provider started with result code 0x0. HostProcess = wmiprvse.exe; ProcessID = 7000; ProviderPath = C:\Windows\System32\wbem\Win32_TPM.dll"
"19-08-2026 11:18:22","5857","Information","Microsoft-Windows-WMI-Activity","Win32_EncryptableVolumeProvider provider started with result code 0x0. HostProcess = wmiprvse.exe; ProcessID = 7000; ProviderPath = C:\Windows\System32\wbem\Win32_EncryptableVolume.dll"
"19-08-2026 11:16:22","5857","Information","Microsoft-Windows-WMI-Activity","Win32_EncryptableVolumeProvider provider started with result code 0x0. HostProcess = wmiprvse.exe; ProcessID = 7000; ProviderPath = C:\Windows\System32\wbem\Win32_EncryptableVolume.dll"
"19-08-2026 11:15:03","5857","Information","Microsoft-Windows-WMI-Activity","NetAdapterCim provider started with result code 0x0. HostProcess = wmiprvse.exe; ProcessID = 25952; ProviderPath = %systemroot%\system32\wbem\NetAdapterCim.dll"
"19-08-2026 11:14:22","5857","Information","Microsoft-Windows-WMI-Activity","Win32_EncryptableVolumeProvider provider started with result code 0x0. HostProcess = wmiprvse.exe; ProcessID = 7000; ProviderPath = C:\Windows\System32\wbem\Win32_EncryptableVolume.dll"
"19-08-2026 11:14:22","5858","Error","Microsoft-Windows-WMI-Activity","Id = {A3184BF2-F23A-424E-86BC-D15E914FEFBB}; ClientMachine = LIND55MBVC4; User = NT AUTHORITY\SYSTEM; ClientProcessId = 3760; Component = Unknown; Operation = Start IWbemServices::ExecQuery - ROOT\CIMV2 : SELECT * FROM Win32_PnPEntity Where deviceid Like '%PCI\\VEN_8086&DEV_7d1d&SUBSYS_0ce81028%&Rev%'; ResultCode = 0x80041032; PossibleCause = Throttling Idle Tasks, refer to CIMOM regkey: ArbTaskMaxIdle"
"19-08-2026 11:14:22","5858","Error","Microsoft-Windows-WMI-Activity","Id = {D4E7E5B7-824C-4EF2-BD9F-C8647CCD0DC5}; ClientMachine = LIND55MBVC4; User = NT AUTHORITY\SYSTEM; ClientProcessId = 3760; Component = Unknown; Operation = Start IWbemServices::ExecQuery - ROOT\CIMV2 : SELECT * FROM Win32_PnPEntity Where deviceid Like '%PCI\\VEN_8086&DEV_7d1d&SUBSYS_0ce81028%&Rev%'; ResultCode = 0x80041032; PossibleCause = Throttling Idle Tasks, refer to CIMOM regkey: ArbTaskMaxIdle"
"19-08-2026 11:14:22","5858","Error","Microsoft-Windows-WMI-Activity","Id = {1CBBCDCE-A0D0-49AE-B090-EB19D133F5FE}; ClientMachine = LIND55MBVC4; User = NT AUTHORITY\SYSTEM; ClientProcessId = 3760; Component = Unknown; Operation = Start IWbemServices::ExecQuery - ROOT\CIMV2 : SELECT * FROM Win32_PnPEntity Where deviceid Like '%PCI\\VEN_8086&DEV_7d1d&SUBSYS_0ce81028%&Rev%'; ResultCode = 0x80041032; PossibleCause = Throttling Idle Tasks, refer to CIMOM regkey: ArbTaskMaxIdle"
"19-08-2026 11:14:22","5858","Error","Microsoft-Windows-WMI-Activity","Id = {54232BA0-1A03-40CC-A1D1-5454D4AB5A8A}; ClientMachine = LIND55MBVC4; User = NT AUTHORITY\SYSTEM; ClientProcessId = 3760; Component = Unknown; Operation = Start IWbemServices::ExecQuery - ROOT\CIMV2 : SELECT * FROM Win32_PnPEntity Where deviceid Like '%PCI\\VEN_8086&DEV_7d1d&SUBSYS_0ce81028%&Rev%'; ResultCode = 0x80041032; PossibleCause = Throttling Idle Tasks, refer to CIMOM regkey: ArbTaskMaxIdle"
"19-08-2026 11:14:22","5858","Error","Microsoft-Windows-WMI-Activity","Id = {D6EAE044-4D12-47C4-A774-18DB5C7008A8}; ClientMachine = LIND55MBVC4; User = NT AUTHORITY\SYSTEM; ClientProcessId = 3760; Component = Unknown; Operation = Start IWbemServices::ExecQuery - ROOT\CIMV2 : SELECT * FROM Win32_PnPEntity Where deviceid Like '%PCI\\VEN_8086&DEV_7d1d&SUBSYS_0ce81028%&Rev%'; ResultCode = 0x80041032; PossibleCause = Throttling Idle Tasks, refer to CIMOM regkey: ArbTaskMaxIdle"
"19-08-2026 11:13:22","5857","Information","Microsoft-Windows-WMI-Activity","Win32_EncryptableVolumeProvider provider started with result code 0x0. HostProcess = wmiprvse.exe; ProcessID = 7000; ProviderPath = C:\Windows\System32\wbem\Win32_EncryptableVolume.dll"
"19-08-2026 11:12:22","5857","Information","Microsoft-Windows-WMI-Activity","Win32_EncryptableVolumeProvider provider started with result code 0x0. HostProcess = wmiprvse.exe; ProcessID = 7000; ProviderPath = C:\Windows\System32\wbem\Win32_EncryptableVolume.dll"
"19-08-2026 11:11:21","5857","Information","Microsoft-Windows-WMI-Activity","Win32_EncryptableVolumeProvider provider started with result code 0x0. HostProcess = wmiprvse.exe; ProcessID = 7000; ProviderPath = C:\Windows\System32\wbem\Win32_EncryptableVolume.dll"
"19-08-2026 11:10:04","5857","Information","Microsoft-Windows-WMI-Activity","Provider_DiagnosticsServices provider started with result code 0x0. HostProcess = wmiprvse.exe; ProcessID = 22640; ProviderPath = %systemroot%\system32\wbem\wmiprov.dll"
"19-08-2026 11:10:02","5857","Information","Microsoft-Windows-WMI-Activity","NetAdapterCim provider started with result code 0x0. HostProcess = wmiprvse.exe; ProcessID = 26412; ProviderPath = %systemroot%\system32\wbem\NetAdapterCim.dll"
"19-08-2026 11:09:56","5857","Information","Microsoft-Windows-WMI-Activity","Provider_PlatformBios provider started with result code 0x0. HostProcess = wmiprvse.exe; ProcessID = 22640; ProviderPath = %systemroot%\system32\wbem\wmiprov.dll"
"19-08-2026 11:09:21","5857","Information","Microsoft-Windows-WMI-Activity","Win32_EncryptableVolumeProvider provider started with result code 0x0. HostProcess = wmiprvse.exe; ProcessID = 7000; ProviderPath = C:\Windows\System32\wbem\Win32_EncryptableVolume.dll"
"19-08-2026 11:09:09","5857","Information","Microsoft-Windows-WMI-Activity","Provider_PlatformBios provider started with result code 0x0. HostProcess = wmiprvse.exe; ProcessID = 22640; ProviderPath = %systemroot%\system32\wbem\wmiprov.dll"
"19-08-2026 11:08:37","5857","Information","Microsoft-Windows-WMI-Activity","MSVDS__PROVIDER provider started with result code 0x0. HostProcess = wmiprvse.exe; ProcessID = 7000; ProviderPath = %systemroot%\system32\wbem\vdswmi.dll"
"19-08-2026 11:08:37","5858","Error","Microsoft-Windows-WMI-Activity","Id = {5CC22C8A-22F0-4EB2-8E0C-5938A3192E61}; ClientMachine = LIND55MBVC4; User = NT AUTHORITY\SYSTEM; ClientProcessId = 7000; Component = Unknown; Operation = Start IWbemServices::CreateInstanceEnum - root\Microsoft\Windows\Storage\Providers_v2 : MSFT_PhysicalDisk; ResultCode = 0x80041033; PossibleCause = Unknown"
"19-08-2026 11:08:37","5857","Information","Microsoft-Windows-WMI-Activity","StorageWMI provider started with result code 0x0. HostProcess = wmiprvse.exe; ProcessID = 7000; ProviderPath = %SystemRoot%\System32\storagewmi.dll"
"19-08-2026 11:08:21","5857","Information","Microsoft-Windows-WMI-Activity","Win32_EncryptableVolumeProvider provider started with result code 0x0. HostProcess = wmiprvse.exe; ProcessID = 7000; ProviderPath = C:\Windows\System32\wbem\Win32_EncryptableVolume.dll"
"19-08-2026 11:07:21","5858","Error","Microsoft-Windows-WMI-Activity","Id = {05E8F15D-D63C-484B-81DC-24A418597EF9}; ClientMachine = LIND55MBVC4; User = ENTERPRISE\arjo5004; ClientProcessId = 8692; Component = Unknown; Operation = Start IWbemServices::ExecNotificationQuery - root\cimv2 : SELECT * FROM RegistryValueChangeEvent WHERE Hive = 'HKEY_LOCAL_MACHINE' AND KeyPath = 'SOFTWARE\\Cirrus Logic\\Tunings\\DigitalAudioDisplayDevice' AND ValueName='CLABP_BLOCKED'; ResultCode = 0x80041032; PossibleCause = Unknown"
"19-08-2026 11:07:18","5857","Information","Microsoft-Windows-WMI-Activity","WMIProv provider started with result code 0x0. HostProcess = wmiprvse.exe; ProcessID = 6824; ProviderPath = %systemroot%\system32\wbem\wmiprov.dll"
"19-08-2026 11:07:17","5857","Information","Microsoft-Windows-WMI-Activity","Provider_PlatformBios provider started with result code 0x0. HostProcess = wmiprvse.exe; ProcessID = 25764; ProviderPath = %systemroot%\system32\wbem\wmiprov.dll"
"19-08-2026 11:07:16","5857","Information","Microsoft-Windows-WMI-Activity","Provider_DiagnosticsServices provider started with result code 0x0. HostProcess = wmiprvse.exe; ProcessID = 25764; ProviderPath = %systemroot%\system32\wbem\wmiprov.dll"
"19-08-2026 11:06:21","5857","Information","Microsoft-Windows-WMI-Activity","Win32_EncryptableVolumeProvider provider started with result code 0x0. HostProcess = wmiprvse.exe; ProcessID = 7000; ProviderPath = C:\Windows\System32\wbem\Win32_EncryptableVolume.dll"
"19-08-2026 11:05:02","5857","Information","Microsoft-Windows-WMI-Activity","NetAdapterCim provider started with result code 0x0. HostProcess = wmiprvse.exe; ProcessID = 31416; ProviderPath = %systemroot%\system32\wbem\NetAdapterCim.dll"
"19-08-2026 11:04:21","5857","Information","Microsoft-Windows-WMI-Activity","Win32_EncryptableVolumeProvider provider started with result code 0x0. HostProcess = wmiprvse.exe; ProcessID = 7000; ProviderPath = C:\Windows\System32\wbem\Win32_EncryptableVolume.dll"
"19-08-2026 11:03:21","5857","Information","Microsoft-Windows-WMI-Activity","Win32_EncryptableVolumeProvider provider started with result code 0x0. HostProcess = wmiprvse.exe; ProcessID = 7000; ProviderPath = C:\Windows\System32\wbem\Win32_EncryptableVolume.dll"
"19-08-2026 11:02:25","5857","Information","Microsoft-Windows-WMI-Activity","DMWmiBridgeProv1 provider started with result code 0x0. HostProcess = wmiprvse.exe; ProcessID = 6824; ProviderPath = %systemroot%\system32\wbem\DMWmiBridgeProv1.dll"
"19-08-2026 11:02:09","5860","Information","Microsoft-Windows-WMI-Activity","Namespace = root\cimv2; NotificationQuery = SELECT * FROM RegistryValueChangeEvent WHERE Hive = 'HKEY_LOCAL_MACHINE' AND KeyPath = 'SOFTWARE\\Cirrus Logic\\Tunings\\DigitalAudioDisplayDevice' AND ValueName='CLABP_BLOCKED'; UserName = ENTERPRISE\arjo5004; ClientProcessID = 8692, ClientMachine = LIND55MBVC4; PossibleCause = Temporary"
"19-08-2026 11:02:05","5858","Error","Microsoft-Windows-WMI-Activity","Id = {4589B8A1-C941-429E-808B-4B63887F947D}; ClientMachine = LIND55MBVC4; User = ENTERPRISE\arjo5004; ClientProcessId = 8692; Component = Unknown; Operation = Start IWbemServices::ExecNotificationQuery - root\cimv2 : SELECT * FROM RegistryValueChangeEvent WHERE Hive = 'HKEY_LOCAL_MACHINE' AND KeyPath = 'SOFTWARE\\Cirrus Logic\\Tunings\\DigitalAudioDisplayDevice' AND ValueName='CLABP_BLOCKED'; ResultCode = 0x80041032; PossibleCause = Unknown"
"19-08-2026 11:01:21","5857","Information","Microsoft-Windows-WMI-Activity","Win32_EncryptableVolumeProvider provider started with result code 0x0. HostProcess = wmiprvse.exe; ProcessID = 7000; ProviderPath = C:\Windows\System32\wbem\Win32_EncryptableVolume.dll"
"19-08-2026 11:00:02","5857","Information","Microsoft-Windows-WMI-Activity","NetAdapterCim provider started with result code 0x0. HostProcess = wmiprvse.exe; ProcessID = 18732; ProviderPath = %systemroot%\system32\wbem\NetAdapterCim.dll"
"19-08-2026 10:59:21","5857","Information","Microsoft-Windows-WMI-Activity","Win32_EncryptableVolumeProvider provider started with result code 0x0. HostProcess = wmiprvse.exe; ProcessID = 7000; ProviderPath = C:\Windows\System32\wbem\Win32_EncryptableVolume.dll"
"19-08-2026 10:59:21","5858","Error","Microsoft-Windows-WMI-Activity","Id = {7A3063F3-0206-48BF-B3F9-B15B8208FB5C}; ClientMachine = LIND55MBVC4; User = NT AUTHORITY\SYSTEM; ClientProcessId = 3760; Component = Unknown; Operation = Start IWbemServices::ExecQuery - ROOT\CIMV2 : SELECT * FROM Win32_PnPEntity Where deviceid Like '%PCI\\VEN_8086&DEV_7d1d&SUBSYS_0ce81028%&Rev%'; ResultCode = 0x80041032; PossibleCause = Throttling Idle Tasks, refer to CIMOM regkey: ArbTaskMaxIdle"
"19-08-2026 10:59:21","5858","Error","Microsoft-Windows-WMI-Activity","Id = {8CAF7D42-1B35-48E0-96F2-C0A7645082B2}; ClientMachine = LIND55MBVC4; User = NT AUTHORITY\SYSTEM; ClientProcessId = 3760; Component = Unknown; Operation = Start IWbemServices::ExecQuery - ROOT\CIMV2 : SELECT * FROM Win32_PnPEntity Where deviceid Like '%PCI\\VEN_8086&DEV_7d1d&SUBSYS_0ce81028%&Rev%'; ResultCode = 0x80041032; PossibleCause = Throttling Idle Tasks, refer to CIMOM regkey: ArbTaskMaxIdle"
"19-08-2026 10:59:21","5858","Error","Microsoft-Windows-WMI-Activity","Id = {4C94CA53-5F8D-4AF2-9B40-DA78D6146461}; ClientMachine = LIND55MBVC4; User = NT AUTHORITY\SYSTEM; ClientProcessId = 3760; Component = Unknown; Operation = Start IWbemServices::ExecQuery - ROOT\CIMV2 : SELECT * FROM Win32_PnPEntity Where deviceid Like '%PCI\\VEN_8086&DEV_7d1d&SUBSYS_0ce81028%&Rev%'; ResultCode = 0x80041032; PossibleCause = Throttling Idle Tasks, refer to CIMOM regkey: ArbTaskMaxIdle"
"19-08-2026 10:59:21","5858","Error","Microsoft-Windows-WMI-Activity","Id = {0EBD0864-46BC-446E-B4B1-42B0ABB03C6B}; ClientMachine = LIND55MBVC4; User = NT AUTHORITY\SYSTEM; ClientProcessId = 3760; Component = Unknown; Operation = Start IWbemServices::ExecQuery - ROOT\CIMV2 : SELECT * FROM Win32_PnPEntity Where deviceid Like '%PCI\\VEN_8086&DEV_7d1d&SUBSYS_0ce81028%&Rev%'; ResultCode = 0x80041032; PossibleCause = Throttling Idle Tasks, refer to CIMOM regkey: ArbTaskMaxIdle"
"19-08-2026 10:59:21","5858","Error","Microsoft-Windows-WMI-Activity","Id = {D340EED7-7192-4448-929C-D12E10203086}; ClientMachine = LIND55MBVC4; User = NT AUTHORITY\SYSTEM; ClientProcessId = 3760; Component = Unknown; Operation = Start IWbemServices::ExecQuery - ROOT\CIMV2 : SELECT * FROM Win32_PnPEntity Where deviceid Like '%PCI\\VEN_8086&DEV_7d1d&SUBSYS_0ce81028%&Rev%'; ResultCode = 0x80041032; PossibleCause = Throttling Idle Tasks, refer to CIMOM regkey: ArbTaskMaxIdle"
"19-08-2026 10:58:21","5857","Information","Microsoft-Windows-WMI-Activity","Win32_EncryptableVolumeProvider provider started with result code 0x0. HostProcess = wmiprvse.exe; ProcessID = 7000; ProviderPath = C:\Windows\System32\wbem\Win32_EncryptableVolume.dll"
"19-08-2026 10:56:21","5857","Information","Microsoft-Windows-WMI-Activity","Win32_EncryptableVolumeProvider provider started with result code 0x0. HostProcess = wmiprvse.exe; ProcessID = 7000; ProviderPath = C:\Windows\System32\wbem\Win32_EncryptableVolume.dll"
"19-08-2026 10:55:02","5857","Information","Microsoft-Windows-WMI-Activity","NetAdapterCim provider started with result code 0x0. HostProcess = wmiprvse.exe; ProcessID = 28496; ProviderPath = %systemroot%\system32\wbem\NetAdapterCim.dll"
"19-08-2026 10:54:59","5857","Information","Microsoft-Windows-WMI-Activity","Provider_DiagnosticsServices provider started with result code 0x0. HostProcess = wmiprvse.exe; ProcessID = 13664; ProviderPath = %systemroot%\system32\wbem\wmiprov.dll"
"19-08-2026 10:54:50","5858","Error","Microsoft-Windows-WMI-Activity","Id = {E5322B4D-CA27-483C-B92A-EE3F1B07D13F}; ClientMachine = LIND55MBVC4; User = NT AUTHORITY\SYSTEM; ClientProcessId = 3760; Component = Unknown; Operation = Start IWbemServices::ExecQuery - ROOT\CIMV2 : SELECT * FROM Win32_SystemDriver WHERE Name = 'BTHUSB'; ResultCode = 0x80041032; PossibleCause = Unknown"
"19-08-2026 10:54:20","5857","Information","Microsoft-Windows-WMI-Activity","Win32_EncryptableVolumeProvider provider started with result code 0x0. HostProcess = wmiprvse.exe; ProcessID = 7000; ProviderPath = C:\Windows\System32\wbem\Win32_EncryptableVolume.dll"
"19-08-2026 10:54:09","5857","Information","Microsoft-Windows-WMI-Activity","Provider_PlatformBios provider started with result code 0x0. HostProcess = wmiprvse.exe; ProcessID = 13664; ProviderPath = %systemroot%\system32\wbem\wmiprov.dll"
"19-08-2026 10:53:37","5857","Information","Microsoft-Windows-WMI-Activity","MSVDS__PROVIDER provider started with result code 0x0. HostProcess = wmiprvse.exe; ProcessID = 7000; ProviderPath = %systemroot%\system32\wbem\vdswmi.dll"
"19-08-2026 10:53:37","5857","Information","Microsoft-Windows-WMI-Activity","StorageWMI provider started with result code 0x0. HostProcess = wmiprvse.exe; ProcessID = 7000; ProviderPath = %SystemRoot%\System32\storagewmi.dll"
"19-08-2026 10:53:20","5857","Information","Microsoft-Windows-WMI-Activity","Win32_EncryptableVolumeProvider provider started with result code 0x0. HostProcess = wmiprvse.exe; ProcessID = 7000; ProviderPath = C:\Windows\System32\wbem\Win32_EncryptableVolume.dll"
"19-08-2026 10:51:20","5857","Information","Microsoft-Windows-WMI-Activity","Win32_EncryptableVolumeProvider provider started with result code 0x0. HostProcess = wmiprvse.exe; ProcessID = 7000; ProviderPath = C:\Windows\System32\wbem\Win32_EncryptableVolume.dll"
"19-08-2026 10:50:02","5857","Information","Microsoft-Windows-WMI-Activity","NetAdapterCim provider started with result code 0x0. HostProcess = wmiprvse.exe; ProcessID = 4296; ProviderPath = %systemroot%\system32\wbem\NetAdapterCim.dll"
"19-08-2026 10:49:20","5857","Information","Microsoft-Windows-WMI-Activity","Win32_EncryptableVolumeProvider provider started with result code 0x0. HostProcess = wmiprvse.exe; ProcessID = 7000; ProviderPath = C:\Windows\System32\wbem\Win32_EncryptableVolume.dll"
"19-08-2026 10:48:20","5857","Information","Microsoft-Windows-WMI-Activity","Win32_EncryptableVolumeProvider provider started with result code 0x0. HostProcess = wmiprvse.exe; ProcessID = 7000; ProviderPath = C:\Windows\System32\wbem\Win32_EncryptableVolume.dll"
"19-08-2026 10:47:20","5857","Information","Microsoft-Windows-WMI-Activity","Win32_EncryptableVolumeProvider provider started with result code 0x0. HostProcess = wmiprvse.exe; ProcessID = 7000; ProviderPath = C:\Windows\System32\wbem\Win32_EncryptableVolume.dll"
"19-08-2026 10:46:20","5857","Information","Microsoft-Windows-WMI-Activity","Win32_EncryptableVolumeProvider provider started with result code 0x0. HostProcess = wmiprvse.exe; ProcessID = 7000; ProviderPath = C:\Windows\System32\wbem\Win32_EncryptableVolume.dll"
"19-08-2026 10:45:02","5857","Information","Microsoft-Windows-WMI-Activity","NetAdapterCim provider started with result code 0x0. HostProcess = wmiprvse.exe; ProcessID = 11524; ProviderPath = %systemroot%\system32\wbem\NetAdapterCim.dll"
"19-08-2026 10:44:27","5858","Error","Microsoft-Windows-WMI-Activity","Id = {263BE890-25CE-4D0C-A7DB-C62F2874E8F9}; ClientMachine = LIND55MBVC4; User = NT AUTHORITY\SYSTEM; ClientProcessId = 30888; Component = Unknown; Operation = Start IWbemServices::ExecQuery - root\cimv2 : SELECT ID FROM Win32_ServerFeature; ResultCode = 0x80041010; PossibleCause = Unknown"
"19-08-2026 10:44:25","5858","Error","Microsoft-Windows-WMI-Activity","Id = {0C166F95-FEF4-4C36-8C81-4B3FC149731B}; ClientMachine = LIND55MBVC4; User = NT AUTHORITY\SYSTEM; ClientProcessId = 30888; Component = Unknown; Operation = Start IWbemServices::ExecQuery - root\cimv2 : SELECT ID FROM Win32_ServerFeature; ResultCode = 0x80041010; PossibleCause = Unknown"
"19-08-2026 10:44:11","5858","Error","Microsoft-Windows-WMI-Activity","Id = {C50ADBA2-F651-4F30-B71F-06228D5480BD}; ClientMachine = LIND55MBVC4; User = NT AUTHORITY\SYSTEM; ClientProcessId = 3760; Component = Unknown; Operation = Start IWbemServices::ExecQuery - ROOT\CIMV2 : SELECT * FROM Win32_PnPEntity Where deviceid Like '%PCI\\VEN_8086&DEV_7d1d&SUBSYS_0ce81028%&Rev%'; ResultCode = 0x80041032; PossibleCause = Throttling Idle Tasks, refer to CIMOM regkey: ArbTaskMaxIdle"
"19-08-2026 10:44:11","5858","Error","Microsoft-Windows-WMI-Activity","Id = {8A02EE4A-2114-4FD4-B75D-9DCC709EF044}; ClientMachine = LIND55MBVC4; User = NT AUTHORITY\SYSTEM; ClientProcessId = 3760; Component = Unknown; Operation = Start IWbemServices::ExecQuery - ROOT\CIMV2 : SELECT * FROM Win32_PnPEntity Where deviceid Like '%PCI\\VEN_8086&DEV_7d1d&SUBSYS_0ce81028%&Rev%'; ResultCode = 0x80041032; PossibleCause = Throttling Idle Tasks, refer to CIMOM regkey: ArbTaskMaxIdle"
"19-08-2026 10:44:11","5858","Error","Microsoft-Windows-WMI-Activity","Id = {B697F357-80A7-4816-BFD1-1B7625226735}; ClientMachine = LIND55MBVC4; User = NT AUTHORITY\SYSTEM; ClientProcessId = 3760; Component = Unknown; Operation = Start IWbemServices::ExecQuery - ROOT\CIMV2 : SELECT * FROM Win32_PnPEntity Where deviceid Like '%PCI\\VEN_8086&DEV_7d1d&SUBSYS_0ce81028%&Rev%'; ResultCode = 0x80041032; PossibleCause = Throttling Idle Tasks, refer to CIMOM regkey: ArbTaskMaxIdle"
"19-08-2026 10:44:11","5858","Error","Microsoft-Windows-WMI-Activity","Id = {BF5A2882-6A06-4F22-8EF9-F9DBB21F5B8B}; ClientMachine = LIND55MBVC4; User = NT AUTHORITY\SYSTEM; ClientProcessId = 3760; Component = Unknown; Operation = Start IWbemServices::ExecQuery - ROOT\CIMV2 : SELECT * FROM Win32_PnPEntity Where deviceid Like '%PCI\\VEN_8086&DEV_7d1d&SUBSYS_0ce81028%&Rev%'; ResultCode = 0x80041032; PossibleCause = Throttling Idle Tasks, refer to CIMOM regkey: ArbTaskMaxIdle"
"19-08-2026 10:44:11","5858","Error","Microsoft-Windows-WMI-Activity","Id = {F86961AD-4D51-4F57-902A-B730A67DE2D7}; ClientMachine = LIND55MBVC4; User = NT AUTHORITY\SYSTEM; ClientProcessId = 3760; Component = Unknown; Operation = Start IWbemServices::ExecQuery - ROOT\CIMV2 : SELECT * FROM Win32_PnPEntity Where deviceid Like '%PCI\\VEN_8086&DEV_7d1d&SUBSYS_0ce81028%&Rev%'; ResultCode = 0x80041032; PossibleCause = Throttling Idle Tasks, refer to CIMOM regkey: ArbTaskMaxIdle"
"19-08-2026 10:44:03","5858","Error","Microsoft-Windows-WMI-Activity","Id = {2BD297BC-DEDC-409D-A4EF-46BA789210D5}; ClientMachine = LIND55MBVC4; User = NT AUTHORITY\SYSTEM; ClientProcessId = 30888; Component = Unknown; Operation = Start IWbemServices::ExecQuery - root\cimv2 : SELECT id FROM Win32_ServerFeature WHERE name='Remote Desktop Services'; ResultCode = 0x80041010; PossibleCause = Unknown"
"19-08-2026 10:44:03","5858","Error","Microsoft-Windows-WMI-Activity","Id = {D6B752E2-6EE5-4FA9-BFBE-ACBA2E9A12D3}; ClientMachine = LIND55MBVC4; User = NT AUTHORITY\SYSTEM; ClientProcessId = 30888; Component = Unknown; Operation = Start IWbemServices::ExecQuery - root\cimv2 : SELECT id FROM Win32_ServerFeature WHERE name='Remote Desktop Services'; ResultCode = 0x80041010; PossibleCause = Unknown"
"19-08-2026 10:44:03","5858","Error","Microsoft-Windows-WMI-Activity","Id = {881EA9D9-4CD5-433A-8837-2408404817B7}; ClientMachine = LIND55MBVC4; User = NT AUTHORITY\SYSTEM; ClientProcessId = 30888; Component = Unknown; Operation = Start IWbemServices::ExecQuery - root\cimv2 : SELECT name FROM Win32_ServerFeature WHERE ID = 20; ResultCode = 0x80041010; PossibleCause = Unknown"
"19-08-2026 10:43:55","5858","Error","Microsoft-Windows-WMI-Activity","Id = {BE8FA1B5-D59D-4F23-B818-BBC0B36061E4}; ClientMachine = LIND55MBVC4; User = NT AUTHORITY\SYSTEM; ClientProcessId = 30888; Component = Unknown; Operation = Start IWbemServices::ExecQuery - root\cimv2 : SELECT id FROM win32_serverfeature; ResultCode = 0x80041010; PossibleCause = Unknown"
"19-08-2026 10:43:53","5858","Error","Microsoft-Windows-WMI-Activity","Id = {CB63A54A-5F4E-416F-979D-1B7C5F8A1E92}; ClientMachine = LIND55MBVC4; User = NT AUTHORITY\SYSTEM; ClientProcessId = 30888; Component = Unknown; Operation = Start IWbemServices::ExecQuery - root\cimv2 : SELECT name FROM Win32_ServerFeature WHERE ID = 20; ResultCode = 0x80041010; PossibleCause = Unknown"
"19-08-2026 10:43:52","5858","Error","Microsoft-Windows-WMI-Activity","Id = {30D9DC6B-4F5C-4837-B2E1-2668D658E55A}; ClientMachine = LIND55MBVC4; User = NT AUTHORITY\SYSTEM; ClientProcessId = 30888; Component = Unknown; Operation = Start IWbemServices::ExecQuery - root\cimv2 : SELECT id FROM win32_serverfeature; ResultCode = 0x80041010; PossibleCause = Unknown"
"19-08-2026 10:43:47","5858","Error","Microsoft-Windows-WMI-Activity","Id = {47E2977C-1B44-4F66-B286-321AD7211CC2}; ClientMachine = LIND55MBVC4; User = NT AUTHORITY\SYSTEM; ClientProcessId = 24852; Component = Unknown; Operation = Start IWbemServices::ExecQuery - root\CIMV2\security\microsofttpm : SELECT ManufacturerVersionFull20 FROM win32_tpm; ResultCode = 0x80041032; PossibleCause = Unknown"
"19-08-2026 10:43:47","5858","Error","Microsoft-Windows-WMI-Activity","Id = {A38C6DE9-78CA-47CC-9ABA-24487B37FBD4}; ClientMachine = LIND55MBVC4; User = NT AUTHORITY\SYSTEM; ClientProcessId = 24852; Component = Unknown; Operation = Start IWbemServices::ExecQuery - root\CIMV2\security\microsofttpm : SELECT ManufacturerIdTxt FROM win32_tpm; ResultCode = 0x80041032; PossibleCause = Unknown"
"19-08-2026 10:43:47","5857","Information","Microsoft-Windows-WMI-Activity","Win32_TpmProvider provider started with result code 0x0. HostProcess = wmiprvse.exe; ProcessID = 7000; ProviderPath = C:\Windows\System32\wbem\Win32_TPM.dll"
"19-08-2026 10:43:38","5858","Error","Microsoft-Windows-WMI-Activity","Id = {4274B597-4B95-4E6F-BA48-A57F7FC745B5}; ClientMachine = LIND55MBVC4; User = NT AUTHORITY\SYSTEM; ClientProcessId = 30888; Component = Unknown; Operation = Start IWbemServices::ExecQuery - root\cimv2 : SELECT name FROM Win32_ServerFeature WHERE ID = 20; ResultCode = 0x80041010; PossibleCause = Unknown"
"19-08-2026 10:43:32","5858","Error","Microsoft-Windows-WMI-Activity","Id = {2CA51E27-1AEB-4494-B132-E41F5C0C3489}; ClientMachine = LIND55MBVC4; User = NT AUTHORITY\SYSTEM; ClientProcessId = 30888; Component = Unknown; Operation = Start IWbemServices::ExecQuery - root\cimv2 : SELECT id FROM win32_serverfeature; ResultCode = 0x80041010; PossibleCause = Unknown"
"19-08-2026 10:43:32","5858","Error","Microsoft-Windows-WMI-Activity","Id = {F6B15951-2B8E-4F87-B40B-D1252D4CCFC9}; ClientMachine = LIND55MBVC4; User = NT AUTHORITY\SYSTEM; ClientProcessId = 30888; Component = Unknown; Operation = Start IWbemServices::ExecQuery - root\cimv2 : SELECT id FROM win32_serverfeature; ResultCode = 0x80041010; PossibleCause = Unknown"
"19-08-2026 10:43:32","5857","Information","Microsoft-Windows-WMI-Activity","WmiPerfClass provider started with result code 0x0. HostProcess = wmiprvse.exe; ProcessID = 6824; ProviderPath = C:\Windows\System32\wbem\WmiPerfClass.dll"
"19-08-2026 10:43:28","5857","Information","Microsoft-Windows-WMI-Activity","SppProvider provider started with result code 0x0. HostProcess = wmiprvse.exe; ProcessID = 7000; ProviderPath = %SystemRoot%\System32\sppwmi.dll"
"19-08-2026 10:43:24","5857","Information","Microsoft-Windows-WMI-Activity","Win32_DeviceGuard provider started with result code 0x0. HostProcess = wmiprvse.exe; ProcessID = 7000; ProviderPath = %SystemRoot%\System32\Win32_DeviceGuard.dll"
"19-08-2026 10:43:16","5857","Information","Microsoft-Windows-WMI-Activity","CIMWin32a provider started with result code 0x0. HostProcess = wmiprvse.exe; ProcessID = 7000; ProviderPath = %systemroot%\system32\wbem\wmipcima.dll"
"19-08-2026 10:43:06","5857","Information","Microsoft-Windows-WMI-Activity","UserProfileProvider provider started with result code 0x0. HostProcess = wmiprvse.exe; ProcessID = 7000; ProviderPath = %systemroot%\system32\profprov.dll"
"19-08-2026 10:42:48","5857","Information","Microsoft-Windows-WMI-Activity","Win32_WIN32_TERMINALSERVICE_Prov provider started with result code 0x0. HostProcess = wmiprvse.exe; ProcessID = 7000; ProviderPath = %SystemRoot%\system32\tscfgwmi.dll"
"19-08-2026 10:42:47","5857","Information","Microsoft-Windows-WMI-Activity","ProtectionManagement provider started with result code 0x0. HostProcess = wmiprvse.exe; ProcessID = 29416; ProviderPath = ""%ProgramData%\Microsoft\Windows Defender\Platform\4.18.26070.9-0\ProtectionManagement.dll"""
"19-08-2026 10:42:38","5857","Information","Microsoft-Windows-WMI-Activity","smbwmiv2 provider started with result code 0x0. HostProcess = wmiprvse.exe; ProcessID = 7000; ProviderPath = %SystemRoot%\System32\smbwmiv2.dll"
"19-08-2026 10:42:35","5857","Information","Microsoft-Windows-WMI-Activity","wfascim provider started with result code 0x0. HostProcess = wmiprvse.exe; ProcessID = 7000; ProviderPath = %systemroot%\system32\wbem\wfascim.dll"
"19-08-2026 10:42:31","5857","Information","Microsoft-Windows-WMI-Activity","nettcpip provider started with result code 0x0. HostProcess = wmiprvse.exe; ProcessID = 7000; ProviderPath = %systemroot%\system32\wbem\NetTCPIP.dll"
"19-08-2026 10:42:31","5857","Information","Microsoft-Windows-WMI-Activity","NlmCim provider started with result code 0x0. HostProcess = wmiprvse.exe; ProcessID = 7000; ProviderPath = %SystemRoot%\System32\wbem\nlmcim.dll"
"19-08-2026 10:42:20","5857","Information","Microsoft-Windows-WMI-Activity","Win32_EncryptableVolumeProvider provider started with result code 0x0. HostProcess = wmiprvse.exe; ProcessID = 7000; ProviderPath = C:\Windows\System32\wbem\Win32_EncryptableVolume.dll"
"19-08-2026 10:41:20","5857","Information","Microsoft-Windows-WMI-Activity","Win32_EncryptableVolumeProvider provider started with result code 0x0. HostProcess = wmiprvse.exe; ProcessID = 7000; ProviderPath = C:\Windows\System32\wbem\Win32_EncryptableVolume.dll"
"19-08-2026 10:40:02","5857","Information","Microsoft-Windows-WMI-Activity","NetAdapterCim provider started with result code 0x0. HostProcess = wmiprvse.exe; ProcessID = 5436; ProviderPath = %systemroot%\system32\wbem\NetAdapterCim.dll"
"19-08-2026 10:39:56","5857","Information","Microsoft-Windows-WMI-Activity","Provider_DiagnosticsServices provider started with result code 0x0. HostProcess = wmiprvse.exe; ProcessID = 3196; ProviderPath = %systemroot%\system32\wbem\wmiprov.dll"
"19-08-2026 10:39:50","5857","Information","Microsoft-Windows-WMI-Activity","Provider_PlatformBios provider started with result code 0x0. HostProcess = wmiprvse.exe; ProcessID = 3196; ProviderPath = %systemroot%\system32\wbem\wmiprov.dll"
"19-08-2026 10:39:20","5857","Information","Microsoft-Windows-WMI-Activity","Win32_EncryptableVolumeProvider provider started with result code 0x0. HostProcess = wmiprvse.exe; ProcessID = 7000; ProviderPath = C:\Windows\System32\wbem\Win32_EncryptableVolume.dll"
"19-08-2026 10:39:09","5857","Information","Microsoft-Windows-WMI-Activity","Provider_PlatformBios provider started with result code 0x0. HostProcess = wmiprvse.exe; ProcessID = 3196; ProviderPath = %systemroot%\system32\wbem\wmiprov.dll"
"19-08-2026 10:38:38","5857","Information","Microsoft-Windows-WMI-Activity","MSVDS__PROVIDER provider started with result code 0x0. HostProcess = wmiprvse.exe; ProcessID = 7000; ProviderPath = %systemroot%\system32\wbem\vdswmi.dll"
"19-08-2026 10:38:37","5857","Information","Microsoft-Windows-WMI-Activity","StorageWMI provider started with result code 0x0. HostProcess = wmiprvse.exe; ProcessID = 7000; ProviderPath = %SystemRoot%\System32\storagewmi.dll"
"19-08-2026 10:38:37","5857","Information","Microsoft-Windows-WMI-Activity","WMIProv provider started with result code 0x0. HostProcess = wmiprvse.exe; ProcessID = 6824; ProviderPath = %systemroot%\system32\wbem\wmiprov.dll"
"19-08-2026 10:38:20","5857","Information","Microsoft-Windows-WMI-Activity","Win32_EncryptableVolumeProvider provider started with result code 0x0. HostProcess = wmiprvse.exe; ProcessID = 7000; ProviderPath = C:\Windows\System32\wbem\Win32_EncryptableVolume.dll"
