"TimeCreated","Id","LevelDisplayName","ProviderName","Message"
"19-08-2026 11:31:20","3","Error","Microsoft-Windows-Kernel-EventTracing","Session ""EventLog-Intel-SST-OED-IntcOED_ETW_Telemetry"" stopped due to the following error: 0xC0000188"
"19-08-2026 11:31:20","4","Warning","Microsoft-Windows-Kernel-EventTracing","The maximum file size for session ""EventLog-Intel-SST-OED-IntcOED_ETW_Telemetry"" has been reached. As a result, events might be lost (not logged) to file ""C:\Windows\System32\Winevt\Logs\Intel-SST-OED0x8800081IntcOED_ETW_Telemetry.evtx"". The maximum files size is currently set to 1048576 bytes."
"18-08-2026 15:06:08","2","Error","Microsoft-Windows-Kernel-EventTracing","Session ""DCPrinterEventTraceSession"" failed to start with the following error: 0xC0000035"
"18-08-2026 15:05:46","2","Error","Microsoft-Windows-Kernel-EventTracing","Session ""DefenderApiLoggerLowPriv"" failed to start with the following error: 0xC0000035"
"18-08-2026 14:32:31","2","Error","Microsoft-Windows-Kernel-EventTracing","Session ""Cloud Files Diagnostic Event Listener"" failed to start with the following error: 0xC0000022"
"18-08-2026 14:31:01","3","Error","Microsoft-Windows-Kernel-EventTracing","Session ""ReadyBoot"" stopped due to the following error: 0xC0000188"
"18-08-2026 14:31:01","4","Warning","Microsoft-Windows-Kernel-EventTracing","The maximum file size for session ""ReadyBoot"" has been reached. As a result, events might be lost (not logged) to file ""C:\Windows\Prefetch\ReadyBoot\ReadyBoot.etl"". The maximum files size is currently set to 20971520 bytes."
"18-08-2026 14:30:59","2","Error","Microsoft-Windows-Kernel-EventTracing","Session ""SenseEventLog"" failed to start with the following error: 0xC0000035"
"18-08-2026 14:12:16","2","Error","Microsoft-Windows-Kernel-EventTracing","Session ""DCPrinterEventTraceSession"" failed to start with the following error: 0xC0000035"
"18-08-2026 14:12:06","2","Error","Microsoft-Windows-Kernel-EventTracing","Session ""DefenderApiLoggerLowPriv"" failed to start with the following error: 0xC0000035"
"18-08-2026 10:39:39","1","Warning","Microsoft-Windows-Kernel-EventTracing","The backing-file for the real-time session ""PCA file tracing session"" has reached its maximum size. As a result, new events will not be logged to this session until space becomes available. This error is often caused by starting a trace session in real-time mode without having any real-time consumers."
"18-08-2026 10:39:28","2","Error","Microsoft-Windows-Kernel-EventTracing","Session ""Cloud Files Diagnostic Event Listener"" failed to start with the following error: 0xC0000022"
"18-08-2026 10:37:57","1","Warning","Microsoft-Windows-Kernel-EventTracing","The backing-file for the real-time session ""SpektionETW"" has reached its maximum size. As a result, new events will not be logged to this session until space becomes available. This error is often caused by starting a trace session in real-time mode without having any real-time consumers."
"18-08-2026 10:30:24","2","Error","Microsoft-Windows-Kernel-EventTracing","Session ""pm2_igs"" failed to start with the following error: 0xC0000035"
"18-08-2026 10:29:03","3","Error","Microsoft-Windows-Kernel-EventTracing","Session ""ReadyBoot"" stopped due to the following error: 0xC0000188"
"18-08-2026 10:29:03","4","Warning","Microsoft-Windows-Kernel-EventTracing","The maximum file size for session ""ReadyBoot"" has been reached. As a result, events might be lost (not logged) to file ""C:\Windows\Prefetch\ReadyBoot\ReadyBoot.etl"". The maximum files size is currently set to 20971520 bytes."
"18-08-2026 10:29:02","2","Error","Microsoft-Windows-Kernel-EventTracing","Session ""SenseEventLog"" failed to start with the following error: 0xC0000035"
"18-08-2026 09:51:43","1","Warning","Microsoft-Windows-Kernel-EventTracing","The backing-file for the real-time session ""SpektionFileETW"" has reached its maximum size. As a result, new events will not be logged to this session until space becomes available. This error is often caused by starting a trace session in real-time mode without having any real-time consumers."
"13-08-2026 09:13:53","1","Warning","Microsoft-Windows-Kernel-EventTracing","The backing-file for the real-time session ""SenseNdrEtw"" has reached its maximum size. As a result, new events will not be logged to this session until space becomes available. This error is often caused by starting a trace session in real-time mode without having any real-time consumers."
"13-08-2026 09:13:41","1","Warning","Microsoft-Windows-Kernel-EventTracing","The backing-file for the real-time session ""SenseNdrEtw"" has reached its maximum size. As a result, new events will not be logged to this session until space becomes available. This error is often caused by starting a trace session in real-time mode without having any real-time consumers."
"12-08-2026 13:52:52","2","Error","Microsoft-Windows-Kernel-EventTracing","Session ""Cloud Files Diagnostic Event Listener"" failed to start with the following error: 0xC0000022"
"11-08-2026 15:15:30","3","Error","Microsoft-Windows-Kernel-EventTracing","Session ""EventLog-Intel-SST-OED-IntcOED_ETW_Telemetry"" stopped due to the following error: 0xC0000188"
"11-08-2026 15:15:30","4","Warning","Microsoft-Windows-Kernel-EventTracing","The maximum file size for session ""EventLog-Intel-SST-OED-IntcOED_ETW_Telemetry"" has been reached. As a result, events might be lost (not logged) to file ""C:\Windows\System32\Winevt\Logs\Intel-SST-OED0x8800081IntcOED_ETW_Telemetry.evtx"". The maximum files size is currently set to 1048576 bytes."
"11-08-2026 12:16:05","1","Warning","Microsoft-Windows-Kernel-EventTracing","The backing-file for the real-time session ""PCA file tracing session"" has reached its maximum size. As a result, new events will not be logged to this session until space becomes available. This error is often caused by starting a trace session in real-time mode without having any real-time consumers."
"11-08-2026 12:10:17","1","Warning","Microsoft-Windows-Kernel-EventTracing","The backing-file for the real-time session ""SpektionFileETW"" has reached its maximum size. As a result, new events will not be logged to this session until space becomes available. This error is often caused by starting a trace session in real-time mode without having any real-time consumers."
"11-08-2026 12:08:42","2","Error","Microsoft-Windows-Kernel-EventTracing","Session ""Cloud Files Diagnostic Event Listener"" failed to start with the following error: 0xC0000022"
"11-08-2026 12:02:44","3","Error","Microsoft-Windows-Kernel-EventTracing","Session ""ReadyBoot"" stopped due to the following error: 0xC0000188"
"11-08-2026 12:02:44","4","Warning","Microsoft-Windows-Kernel-EventTracing","The maximum file size for session ""ReadyBoot"" has been reached. As a result, events might be lost (not logged) to file ""C:\Windows\Prefetch\ReadyBoot\ReadyBoot.etl"". The maximum files size is currently set to 20971520 bytes."
"11-08-2026 12:02:37","2","Error","Microsoft-Windows-Kernel-EventTracing","Session ""SenseEventLog"" failed to start with the following error: 0xC0000035"
"11-08-2026 09:11:11","1","Warning","Microsoft-Windows-Kernel-EventTracing","The backing-file for the real-time session ""SpektionFileETW"" has reached its maximum size. As a result, new events will not be logged to this session until space becomes available. This error is often caused by starting a trace session in real-time mode without having any real-time consumers."
"11-08-2026 09:11:02","1","Warning","Microsoft-Windows-Kernel-EventTracing","The backing-file for the real-time session ""SpektionFileETW"" has reached its maximum size. As a result, new events will not be logged to this session until space becomes available. This error is often caused by starting a trace session in real-time mode without having any real-time consumers."
"10-08-2026 12:01:44","3","Error","Microsoft-Windows-Kernel-EventTracing","Session ""EventLog-Intel-SST-OED-IntcOED_ETW_Telemetry"" stopped due to the following error: 0xC0000188"
"10-08-2026 12:01:44","4","Warning","Microsoft-Windows-Kernel-EventTracing","The maximum file size for session ""EventLog-Intel-SST-OED-IntcOED_ETW_Telemetry"" has been reached. As a result, events might be lost (not logged) to file ""C:\Windows\System32\Winevt\Logs\Intel-SST-OED0x8800081IntcOED_ETW_Telemetry.evtx"". The maximum files size is currently set to 1048576 bytes."
"10-08-2026 11:05:47","2","Error","Microsoft-Windows-Kernel-EventTracing","Session ""Cloud Files Diagnostic Event Listener"" failed to start with the following error: 0xC0000022"
"10-08-2026 09:53:36","1","Warning","Microsoft-Windows-Kernel-EventTracing","The backing-file for the real-time session ""SpektionFileETW"" has reached its maximum size. As a result, new events will not be logged to this session until space becomes available. This error is often caused by starting a trace session in real-time mode without having any real-time consumers."
"10-08-2026 09:53:02","3","Error","Microsoft-Windows-Kernel-EventTracing","Session ""Microsoft.Windows.Security.Biometrics.Face/Trace"" stopped due to the following error: 0xC0000188"
"10-08-2026 09:53:02","4","Warning","Microsoft-Windows-Kernel-EventTracing","The maximum file size for session ""Microsoft.Windows.Security.Biometrics.Face/Trace"" has been reached. As a result, events might be lost (not logged) to file ""C:\Windows\system32\LogFiles\WMI\FaceTelManually.etl"". The maximum files size is currently set to 5242880 bytes."
"10-08-2026 09:45:52","1","Warning","Microsoft-Windows-Kernel-EventTracing","The backing-file for the real-time session ""PCA file tracing session"" has reached its maximum size. As a result, new events will not be logged to this session until space becomes available. This error is often caused by starting a trace session in real-time mode without having any real-time consumers."
"10-08-2026 09:43:43","2","Error","Microsoft-Windows-Kernel-EventTracing","Session ""Cloud Files Diagnostic Event Listener"" failed to start with the following error: 0xC0000022"
"10-08-2026 09:36:08","2","Error","Microsoft-Windows-Kernel-EventTracing","Session ""SenseEventLog"" failed to start with the following error: 0xC0000035"
"10-08-2026 09:36:07","3","Error","Microsoft-Windows-Kernel-EventTracing","Session ""ReadyBoot"" stopped due to the following error: 0xC0000188"
"10-08-2026 09:36:07","4","Warning","Microsoft-Windows-Kernel-EventTracing","The maximum file size for session ""ReadyBoot"" has been reached. As a result, events might be lost (not logged) to file ""C:\Windows\Prefetch\ReadyBoot\ReadyBoot.etl"". The maximum files size is currently set to 20971520 bytes."
"07-08-2026 18:23:08","2","Error","Microsoft-Windows-Kernel-EventTracing","Session ""SpektionDriverETW"" failed to start with the following error: 0xC0000035"
"07-08-2026 18:23:08","2","Error","Microsoft-Windows-Kernel-EventTracing","Session ""SpektionWerETW"" failed to start with the following error: 0xC0000035"
"07-08-2026 18:23:08","2","Error","Microsoft-Windows-Kernel-EventTracing","Session ""SpektionFileETW"" failed to start with the following error: 0xC0000035"
"07-08-2026 18:23:05","2","Error","Microsoft-Windows-Kernel-EventTracing","Session ""SpektionETW"" failed to start with the following error: 0xC0000035"
"07-08-2026 18:22:24","1","Warning","Microsoft-Windows-Kernel-EventTracing","The backing-file for the real-time session ""SpektionETW"" has reached its maximum size. As a result, new events will not be logged to this session until space becomes available. This error is often caused by starting a trace session in real-time mode without having any real-time consumers."
"07-08-2026 18:22:10","1","Warning","Microsoft-Windows-Kernel-EventTracing","The backing-file for the real-time session ""SpektionFileETW"" has reached its maximum size. As a result, new events will not be logged to this session until space becomes available. This error is often caused by starting a trace session in real-time mode without having any real-time consumers."
"07-08-2026 18:17:55","1","Warning","Microsoft-Windows-Kernel-EventTracing","The backing-file for the real-time session ""SenseNdrEtw"" has reached its maximum size. As a result, new events will not be logged to this session until space becomes available. This error is often caused by starting a trace session in real-time mode without having any real-time consumers."
"06-08-2026 19:03:06","1","Warning","Microsoft-Windows-Kernel-EventTracing","The backing-file for the real-time session ""SenseNdrEtw"" has reached its maximum size. As a result, new events will not be logged to this session until space becomes available. This error is often caused by starting a trace session in real-time mode without having any real-time consumers."
"06-08-2026 15:40:51","2","Error","Microsoft-Windows-Kernel-EventTracing","Session ""Cloud Files Diagnostic Event Listener"" failed to start with the following error: 0xC0000022"
"06-08-2026 10:24:12","1","Warning","Microsoft-Windows-Kernel-EventTracing","The backing-file for the real-time session ""SenseNdrEtw"" has reached its maximum size. As a result, new events will not be logged to this session until space becomes available. This error is often caused by starting a trace session in real-time mode without having any real-time consumers."
"06-08-2026 08:58:14","2","Error","Microsoft-Windows-Kernel-EventTracing","Session ""SensorFramework-Live-Etw-92410660-c9bb-97e0-8602-f3e902e2933e"" failed to start with the following error: 0xC0000035"
"06-08-2026 08:57:51","2","Error","Microsoft-Windows-Kernel-EventTracing","Session ""SensorFramework-{92410660-c9bb-97e0-8602-f3e902e2933e}"" failed to start with the following error: 0xC0000035"
"05-08-2026 13:08:59","3","Error","Microsoft-Windows-Kernel-EventTracing","Session ""EventLog-CsGMMuteLogging-Debug"" stopped due to the following error: 0xC0000188"
"05-08-2026 13:08:59","4","Warning","Microsoft-Windows-Kernel-EventTracing","The maximum file size for session ""EventLog-CsGMMuteLogging-Debug"" has been reached. As a result, events might be lost (not logged) to file ""C:\Windows\System32\Winevt\Logs\CsGMMuteLogging0x8800081Debug.evtx"". The maximum files size is currently set to 1048576 bytes."
"05-08-2026 12:13:14","2","Error","Microsoft-Windows-Kernel-EventTracing","Session ""SensorFramework-{92410660-c9bb-97e0-8602-f3e902e2933e}"" failed to start with the following error: 0xC0000035"
"05-08-2026 11:55:54","2","Error","Microsoft-Windows-Kernel-EventTracing","Session ""Cloud Files Diagnostic Event Listener"" failed to start with the following error: 0xC0000022"
"04-08-2026 21:28:44","1","Warning","Microsoft-Windows-Kernel-EventTracing","The backing-file for the real-time session ""SenseNdrEtw"" has reached its maximum size. As a result, new events will not be logged to this session until space becomes available. This error is often caused by starting a trace session in real-time mode without having any real-time consumers."
"04-08-2026 17:12:27","2","Error","Microsoft-Windows-Kernel-EventTracing","Session ""SensorFramework-{92410660-c9bb-97e0-8602-f3e902e2933e}"" failed to start with the following error: 0xC0000035"
"04-08-2026 17:12:26","2","Error","Microsoft-Windows-Kernel-EventTracing","Session ""SensorFramework-{92410660-c9bb-97e0-8602-f3e902e2933e}"" failed to start with the following error: 0xC0000035"
"04-08-2026 16:12:26","2","Error","Microsoft-Windows-Kernel-EventTracing","Session ""SensorFramework-{92410660-c9bb-97e0-8602-f3e902e2933e}"" failed to start with the following error: 0xC0000035"
"04-08-2026 09:08:59","1","Warning","Microsoft-Windows-Kernel-EventTracing","The backing-file for the real-time session ""SenseNdrEtw"" has reached its maximum size. As a result, new events will not be logged to this session until space becomes available. This error is often caused by starting a trace session in real-time mode without having any real-time consumers."
"03-08-2026 12:36:04","3","Error","Microsoft-Windows-Kernel-EventTracing","Session ""EventLog-Intel-SST-OED-IntcOED_ETW_Telemetry"" stopped due to the following error: 0xC0000188"
"03-08-2026 12:36:04","4","Warning","Microsoft-Windows-Kernel-EventTracing","The maximum file size for session ""EventLog-Intel-SST-OED-IntcOED_ETW_Telemetry"" has been reached. As a result, events might be lost (not logged) to file ""C:\Windows\System32\Winevt\Logs\Intel-SST-OED0x8800081IntcOED_ETW_Telemetry.evtx"". The maximum files size is currently set to 1048576 bytes."
"03-08-2026 09:28:53","2","Error","Microsoft-Windows-Kernel-EventTracing","Session ""Cloud Files Diagnostic Event Listener"" failed to start with the following error: 0xC0000022"
"03-08-2026 09:26:10","3","Error","Microsoft-Windows-Kernel-EventTracing","Session ""ReadyBoot"" stopped due to the following error: 0xC0000188"
"03-08-2026 09:26:10","4","Warning","Microsoft-Windows-Kernel-EventTracing","The maximum file size for session ""ReadyBoot"" has been reached. As a result, events might be lost (not logged) to file ""C:\Windows\Prefetch\ReadyBoot\ReadyBoot.etl"". The maximum files size is currently set to 20971520 bytes."
"03-08-2026 09:26:09","2","Error","Microsoft-Windows-Kernel-EventTracing","Session ""SenseEventLog"" failed to start with the following error: 0xC0000035"
"31-07-2026 13:54:13","3","Error","Microsoft-Windows-Kernel-EventTracing","Session ""EventLog-Intel-SST-OED-IntcOED_ETW_Telemetry"" stopped due to the following error: 0xC0000188"
"31-07-2026 13:54:13","4","Warning","Microsoft-Windows-Kernel-EventTracing","The maximum file size for session ""EventLog-Intel-SST-OED-IntcOED_ETW_Telemetry"" has been reached. As a result, events might be lost (not logged) to file ""C:\Windows\System32\Winevt\Logs\Intel-SST-OED0x8800081IntcOED_ETW_Telemetry.evtx"". The maximum files size is currently set to 1048576 bytes."
"31-07-2026 09:46:35","2","Error","Microsoft-Windows-Kernel-EventTracing","Session ""Cloud Files Diagnostic Event Listener"" failed to start with the following error: 0xC0000022"
"31-07-2026 09:44:30","3","Error","Microsoft-Windows-Kernel-EventTracing","Session ""ReadyBoot"" stopped due to the following error: 0xC0000188"
"31-07-2026 09:44:30","4","Warning","Microsoft-Windows-Kernel-EventTracing","The maximum file size for session ""ReadyBoot"" has been reached. As a result, events might be lost (not logged) to file ""C:\Windows\Prefetch\ReadyBoot\ReadyBoot.etl"". The maximum files size is currently set to 20971520 bytes."
"31-07-2026 09:44:28","2","Error","Microsoft-Windows-Kernel-EventTracing","Session ""SenseEventLog"" failed to start with the following error: 0xC0000035"
"30-07-2026 19:58:02","1","Warning","Microsoft-Windows-Kernel-EventTracing","The backing-file for the real-time session ""SenseNdrEtw"" has reached its maximum size. As a result, new events will not be logged to this session until space becomes available. This error is often caused by starting a trace session in real-time mode without having any real-time consumers."
"30-07-2026 14:52:11","1","Warning","Microsoft-Windows-Kernel-EventTracing","The backing-file for the real-time session ""SpektionFileETW"" has reached its maximum size. As a result, new events will not be logged to this session until space becomes available. This error is often caused by starting a trace session in real-time mode without having any real-time consumers."
"30-07-2026 14:17:23","1","Warning","Microsoft-Windows-Kernel-EventTracing","The backing-file for the real-time session ""SenseNdrEtw"" has reached its maximum size. As a result, new events will not be logged to this session until space becomes available. This error is often caused by starting a trace session in real-time mode without having any real-time consumers."
"29-07-2026 15:43:27","2","Error","Microsoft-Windows-Kernel-EventTracing","Session ""Cloud Files Diagnostic Event Listener"" failed to start with the following error: 0xC0000022"
"29-07-2026 12:48:02","1","Warning","Microsoft-Windows-Kernel-EventTracing","The backing-file for the real-time session ""SensorFramework-Live-Etw-92410660-c9bb-97e0-8602-f3e902e2933e"" has reached its maximum size. As a result, new events will not be logged to this session until space becomes available. This error is often caused by starting a trace session in real-time mode without having any real-time consumers."
"28-07-2026 20:56:30","1","Warning","Microsoft-Windows-Kernel-EventTracing","The backing-file for the real-time session ""SenseNdrEtw"" has reached its maximum size. As a result, new events will not be logged to this session until space becomes available. This error is often caused by starting a trace session in real-time mode without having any real-time consumers."
"28-07-2026 18:53:10","1","Warning","Microsoft-Windows-Kernel-EventTracing","The backing-file for the real-time session ""SenseNdrEtw"" has reached its maximum size. As a result, new events will not be logged to this session until space becomes available. This error is often caused by starting a trace session in real-time mode without having any real-time consumers."
"27-07-2026 15:08:07","3","Error","Microsoft-Windows-Kernel-EventTracing","Session ""EventLog-Intel-SST-OED-IntcOED_ETW_Telemetry"" stopped due to the following error: 0xC0000188"
"27-07-2026 15:08:07","4","Warning","Microsoft-Windows-Kernel-EventTracing","The maximum file size for session ""EventLog-Intel-SST-OED-IntcOED_ETW_Telemetry"" has been reached. As a result, events might be lost (not logged) to file ""C:\Windows\System32\Winevt\Logs\Intel-SST-OED0x8800081IntcOED_ETW_Telemetry.evtx"". The maximum files size is currently set to 1048576 bytes."
"27-07-2026 11:50:27","2","Error","Microsoft-Windows-Kernel-EventTracing","Session ""Cloud Files Diagnostic Event Listener"" failed to start with the following error: 0xC0000022"
"27-07-2026 11:49:32","3","Error","Microsoft-Windows-Kernel-EventTracing","Session ""ReadyBoot"" stopped due to the following error: 0xC0000188"
"27-07-2026 11:49:32","4","Warning","Microsoft-Windows-Kernel-EventTracing","The maximum file size for session ""ReadyBoot"" has been reached. As a result, events might be lost (not logged) to file ""C:\Windows\Prefetch\ReadyBoot\ReadyBoot.etl"". The maximum files size is currently set to 20971520 bytes."
"27-07-2026 11:49:22","2","Error","Microsoft-Windows-Kernel-EventTracing","Session ""SenseEventLog"" failed to start with the following error: 0xC0000035"
"27-07-2026 09:50:11","2","Error","Microsoft-Windows-Kernel-EventTracing","Session ""Cloud Files Diagnostic Event Listener"" failed to start with the following error: 0xC0000022"
"27-07-2026 09:37:19","3","Error","Microsoft-Windows-Kernel-EventTracing","Session ""ReadyBoot"" stopped due to the following error: 0xC0000188"
"27-07-2026 09:37:19","4","Warning","Microsoft-Windows-Kernel-EventTracing","The maximum file size for session ""ReadyBoot"" has been reached. As a result, events might be lost (not logged) to file ""C:\Windows\Prefetch\ReadyBoot\ReadyBoot.etl"". The maximum files size is currently set to 20971520 bytes."
"27-07-2026 09:37:14","2","Error","Microsoft-Windows-Kernel-EventTracing","Session ""SenseEventLog"" failed to start with the following error: 0xC0000035"
"27-07-2026 09:35:50","2","Error","Microsoft-Windows-Kernel-EventTracing","Session ""PerfDiag Logger"" failed to start with the following error: 0xC0000035"
"27-07-2026 09:34:46","3","Error","Microsoft-Windows-Kernel-EventTracing","Session ""ReadyBoot"" stopped due to the following error: 0xC0000188"
"27-07-2026 09:34:46","4","Warning","Microsoft-Windows-Kernel-EventTracing","The maximum file size for session ""ReadyBoot"" has been reached. As a result, events might be lost (not logged) to file ""C:\Windows\Prefetch\ReadyBoot\ReadyBoot.etl"". The maximum files size is currently set to 20971520 bytes."
"27-07-2026 09:34:41","2","Error","Microsoft-Windows-Kernel-EventTracing","Session ""SenseEventLog"" failed to start with the following error: 0xC0000035"
"27-07-2026 09:33:53","4","Warning","Microsoft-Windows-Kernel-EventTracing","The maximum file size for session ""PerfDiag Logger"" has been reached. As a result, events might be lost (not logged) to file ""C:\Windows\system32\WDI\LogFiles\ShutdownPerfDiagLogger.etl"". The maximum files size is currently set to 20971520 bytes."
"24-07-2026 09:30:06","1","Warning","Microsoft-Windows-Kernel-EventTracing","The backing-file for the real-time session ""SenseNdrEtw"" has reached its maximum size. As a result, new events will not be logged to this session until space becomes available. This error is often caused by starting a trace session in real-time mode without having any real-time consumers."
"23-07-2026 18:43:20","3","Error","Microsoft-Windows-Kernel-EventTracing","Session ""EventLog-CsGMMuteLogging-Debug"" stopped due to the following error: 0xC0000188"
"23-07-2026 18:43:20","4","Warning","Microsoft-Windows-Kernel-EventTracing","The maximum file size for session ""EventLog-CsGMMuteLogging-Debug"" has been reached. As a result, events might be lost (not logged) to file ""C:\Windows\System32\Winevt\Logs\CsGMMuteLogging0x8800081Debug.evtx"". The maximum files size is currently set to 1048576 bytes."
"23-07-2026 10:04:43","2","Error","Microsoft-Windows-Kernel-EventTracing","Session ""Cloud Files Diagnostic Event Listener"" failed to start with the following error: 0xC0000022"
"21-07-2026 13:09:41","3","Error","Microsoft-Windows-Kernel-EventTracing","Session ""EventLog-Intel-SST-OED-IntcOED_ETW_Telemetry"" stopped due to the following error: 0xC0000188"
"21-07-2026 13:09:41","4","Warning","Microsoft-Windows-Kernel-EventTracing","The maximum file size for session ""EventLog-Intel-SST-OED-IntcOED_ETW_Telemetry"" has been reached. As a result, events might be lost (not logged) to file ""C:\Windows\System32\Winevt\Logs\Intel-SST-OED0x8800081IntcOED_ETW_Telemetry.evtx"". The maximum files size is currently set to 1048576 bytes."
"21-07-2026 08:47:18","2","Error","Microsoft-Windows-Kernel-EventTracing","Session ""Cloud Files Diagnostic Event Listener"" failed to start with the following error: 0xC0000022"
"21-07-2026 08:44:26","3","Error","Microsoft-Windows-Kernel-EventTracing","Session ""ReadyBoot"" stopped due to the following error: 0xC0000188"
"21-07-2026 08:44:26","4","Warning","Microsoft-Windows-Kernel-EventTracing","The maximum file size for session ""ReadyBoot"" has been reached. As a result, events might be lost (not logged) to file ""C:\Windows\Prefetch\ReadyBoot\ReadyBoot.etl"". The maximum files size is currently set to 20971520 bytes."
"21-07-2026 08:44:23","2","Error","Microsoft-Windows-Kernel-EventTracing","Session ""SenseEventLog"" failed to start with the following error: 0xC0000035"
"20-07-2026 14:57:16","2","Error","Microsoft-Windows-Kernel-EventTracing","Session ""Cloud Files Diagnostic Event Listener"" failed to start with the following error: 0xC0000022"
"20-07-2026 10:26:47","1","Warning","Microsoft-Windows-Kernel-EventTracing","The backing-file for the real-time session ""PCA file tracing session"" has reached its maximum size. As a result, new events will not be logged to this session until space becomes available. This error is often caused by starting a trace session in real-time mode without having any real-time consumers."
"15-07-2026 13:13:34","2","Error","Microsoft-Windows-Kernel-EventTracing","Session ""SensorFramework-Live-Etw-92410660-c9bb-97e0-8602-f3e902e2933e"" failed to start with the following error: 0xC0000035"
"15-07-2026 13:13:13","2","Error","Microsoft-Windows-Kernel-EventTracing","Session ""SensorFramework-{92410660-c9bb-97e0-8602-f3e902e2933e}"" failed to start with the following error: 0xC0000035"
"15-07-2026 11:31:03","3","Error","Microsoft-Windows-Kernel-EventTracing","Session ""EventLog-CsGMMuteLogging-Debug"" stopped due to the following error: 0xC0000188"
"15-07-2026 11:31:03","4","Warning","Microsoft-Windows-Kernel-EventTracing","The maximum file size for session ""EventLog-CsGMMuteLogging-Debug"" has been reached. As a result, events might be lost (not logged) to file ""C:\Windows\System32\Winevt\Logs\CsGMMuteLogging0x8800081Debug.evtx"". The maximum files size is currently set to 1048576 bytes."
"13-07-2026 10:26:10","3","Error","Microsoft-Windows-Kernel-EventTracing","Session ""EventLog-Intel-SST-OED-IntcOED_ETW_Telemetry"" stopped due to the following error: 0xC0000188"
"13-07-2026 10:26:10","4","Warning","Microsoft-Windows-Kernel-EventTracing","The maximum file size for session ""EventLog-Intel-SST-OED-IntcOED_ETW_Telemetry"" has been reached. As a result, events might be lost (not logged) to file ""C:\Windows\System32\Winevt\Logs\Intel-SST-OED0x8800081IntcOED_ETW_Telemetry.evtx"". The maximum files size is currently set to 1048576 bytes."
"12-07-2026 18:34:51","2","Error","Microsoft-Windows-Kernel-EventTracing","Session ""Cloud Files Diagnostic Event Listener"" failed to start with the following error: 0xC0000022"
"12-07-2026 18:32:06","3","Error","Microsoft-Windows-Kernel-EventTracing","Session ""ReadyBoot"" stopped due to the following error: 0xC0000188"
"12-07-2026 18:32:06","4","Warning","Microsoft-Windows-Kernel-EventTracing","The maximum file size for session ""ReadyBoot"" has been reached. As a result, events might be lost (not logged) to file ""C:\Windows\Prefetch\ReadyBoot\ReadyBoot.etl"". The maximum files size is currently set to 20971520 bytes."
"12-07-2026 18:32:00","2","Error","Microsoft-Windows-Kernel-EventTracing","Session ""SenseEventLog"" failed to start with the following error: 0xC0000035"
"12-07-2026 18:25:19","1","Warning","Microsoft-Windows-Kernel-EventTracing","The backing-file for the real-time session ""SenseNdrEtw"" has reached its maximum size. As a result, new events will not be logged to this session until space becomes available. This error is often caused by starting a trace session in real-time mode without having any real-time consumers."
"09-07-2026 09:09:38","3","Error","Microsoft-Windows-Kernel-EventTracing","Session ""Microsoft.Windows.Security.Biometrics.Face/Trace"" stopped due to the following error: 0xC0000188"
"09-07-2026 09:09:38","4","Warning","Microsoft-Windows-Kernel-EventTracing","The maximum file size for session ""Microsoft.Windows.Security.Biometrics.Face/Trace"" has been reached. As a result, events might be lost (not logged) to file ""C:\Windows\system32\LogFiles\WMI\FaceTelManually.etl"". The maximum files size is currently set to 5242880 bytes."
"08-07-2026 15:19:27","3","Error","Microsoft-Windows-Kernel-EventTracing","Session ""EventLog-CsGMMuteLogging-Debug"" stopped due to the following error: 0xC0000188"
"08-07-2026 15:19:27","4","Warning","Microsoft-Windows-Kernel-EventTracing","The maximum file size for session ""EventLog-CsGMMuteLogging-Debug"" has been reached. As a result, events might be lost (not logged) to file ""C:\Windows\System32\Winevt\Logs\CsGMMuteLogging0x8800081Debug.evtx"". The maximum files size is currently set to 1048576 bytes."
"08-07-2026 12:23:51","2","Error","Microsoft-Windows-Kernel-EventTracing","Session ""Cloud Files Diagnostic Event Listener"" failed to start with the following error: 0xC0000022"
"07-07-2026 14:17:32","3","Error","Microsoft-Windows-Kernel-EventTracing","Session ""EventLog-Intel-SST-OED-IntcOED_ETW_Telemetry"" stopped due to the following error: 0xC0000188"
"07-07-2026 14:17:32","4","Warning","Microsoft-Windows-Kernel-EventTracing","The maximum file size for session ""EventLog-Intel-SST-OED-IntcOED_ETW_Telemetry"" has been reached. As a result, events might be lost (not logged) to file ""C:\Windows\System32\Winevt\Logs\Intel-SST-OED0x8800081IntcOED_ETW_Telemetry.evtx"". The maximum files size is currently set to 1048576 bytes."
"07-07-2026 09:30:53","2","Error","Microsoft-Windows-Kernel-EventTracing","Session ""Cloud Files Diagnostic Event Listener"" failed to start with the following error: 0xC0000022"
"07-07-2026 09:28:37","3","Error","Microsoft-Windows-Kernel-EventTracing","Session ""ReadyBoot"" stopped due to the following error: 0xC0000188"
"07-07-2026 09:28:37","4","Warning","Microsoft-Windows-Kernel-EventTracing","The maximum file size for session ""ReadyBoot"" has been reached. As a result, events might be lost (not logged) to file ""C:\Windows\Prefetch\ReadyBoot\ReadyBoot.etl"". The maximum files size is currently set to 20971520 bytes."
"07-07-2026 09:28:26","2","Error","Microsoft-Windows-Kernel-EventTracing","Session ""SenseEventLog"" failed to start with the following error: 0xC0000035"
"06-07-2026 14:19:52","3","Error","Microsoft-Windows-Kernel-EventTracing","Session ""EventLog-Intel-SST-OED-IntcOED_ETW_Telemetry"" stopped due to the following error: 0xC0000188"
"06-07-2026 14:19:52","4","Warning","Microsoft-Windows-Kernel-EventTracing","The maximum file size for session ""EventLog-Intel-SST-OED-IntcOED_ETW_Telemetry"" has been reached. As a result, events might be lost (not logged) to file ""C:\Windows\System32\Winevt\Logs\Intel-SST-OED0x8800081IntcOED_ETW_Telemetry.evtx"". The maximum files size is currently set to 1048576 bytes."
"04-07-2026 14:15:35","2","Error","Microsoft-Windows-Kernel-EventTracing","Session ""Cloud Files Diagnostic Event Listener"" failed to start with the following error: 0xC0000022"
"04-07-2026 14:12:51","3","Error","Microsoft-Windows-Kernel-EventTracing","Session ""ReadyBoot"" stopped due to the following error: 0xC0000188"
"04-07-2026 14:12:51","4","Warning","Microsoft-Windows-Kernel-EventTracing","The maximum file size for session ""ReadyBoot"" has been reached. As a result, events might be lost (not logged) to file ""C:\Windows\Prefetch\ReadyBoot\ReadyBoot.etl"". The maximum files size is currently set to 20971520 bytes."
"04-07-2026 14:12:45","2","Error","Microsoft-Windows-Kernel-EventTracing","Session ""SenseEventLog"" failed to start with the following error: 0xC0000035"
"03-07-2026 18:58:29","3","Error","Microsoft-Windows-Kernel-EventTracing","Session ""EventLog-CsGMMuteLogging-Debug"" stopped due to the following error: 0xC0000188"
"03-07-2026 18:58:29","4","Warning","Microsoft-Windows-Kernel-EventTracing","The maximum file size for session ""EventLog-CsGMMuteLogging-Debug"" has been reached. As a result, events might be lost (not logged) to file ""C:\Windows\System32\Winevt\Logs\CsGMMuteLogging0x8800081Debug.evtx"". The maximum files size is currently set to 1048576 bytes."
"03-07-2026 17:13:43","3","Error","Microsoft-Windows-Kernel-EventTracing","Session ""EventLog-Intel-SST-OED-IntcOED_ETW_Telemetry"" stopped due to the following error: 0xC0000188"
"03-07-2026 17:13:43","4","Warning","Microsoft-Windows-Kernel-EventTracing","The maximum file size for session ""EventLog-Intel-SST-OED-IntcOED_ETW_Telemetry"" has been reached. As a result, events might be lost (not logged) to file ""C:\Windows\System32\Winevt\Logs\Intel-SST-OED0x8800081IntcOED_ETW_Telemetry.evtx"". The maximum files size is currently set to 1048576 bytes."
"03-07-2026 11:23:47","2","Error","Microsoft-Windows-Kernel-EventTracing","Session ""Cloud Files Diagnostic Event Listener"" failed to start with the following error: 0xC0000022"
"03-07-2026 11:20:29","3","Error","Microsoft-Windows-Kernel-EventTracing","Session ""ReadyBoot"" stopped due to the following error: 0xC0000188"
"03-07-2026 11:20:29","4","Warning","Microsoft-Windows-Kernel-EventTracing","The maximum file size for session ""ReadyBoot"" has been reached. As a result, events might be lost (not logged) to file ""C:\Windows\Prefetch\ReadyBoot\ReadyBoot.etl"". The maximum files size is currently set to 20971520 bytes."
"03-07-2026 11:20:27","2","Error","Microsoft-Windows-Kernel-EventTracing","Session ""SenseEventLog"" failed to start with the following error: 0xC0000035"
"02-07-2026 17:00:30","3","Error","Microsoft-Windows-Kernel-EventTracing","Session ""EventLog-CsGMMuteLogging-Debug"" stopped due to the following error: 0xC0000188"
"02-07-2026 17:00:30","4","Warning","Microsoft-Windows-Kernel-EventTracing","The maximum file size for session ""EventLog-CsGMMuteLogging-Debug"" has been reached. As a result, events might be lost (not logged) to file ""C:\Windows\System32\Winevt\Logs\CsGMMuteLogging0x8800081Debug.evtx"". The maximum files size is currently set to 1048576 bytes."
"02-07-2026 11:18:03","1","Warning","Microsoft-Windows-Kernel-EventTracing","The backing-file for the real-time session ""PCA file tracing session"" has reached its maximum size. As a result, new events will not be logged to this session until space becomes available. This error is often caused by starting a trace session in real-time mode without having any real-time consumers."
"01-07-2026 14:02:47","2","Error","Microsoft-Windows-Kernel-EventTracing","Session ""Cloud Files Diagnostic Event Listener"" failed to start with the following error: 0xC0000022"
"01-07-2026 13:05:37","3","Error","Microsoft-Windows-Kernel-EventTracing","Session ""EventLog-Intel-SST-OED-IntcOED_ETW_Telemetry"" stopped due to the following error: 0xC0000188"
"01-07-2026 13:05:37","4","Warning","Microsoft-Windows-Kernel-EventTracing","The maximum file size for session ""EventLog-Intel-SST-OED-IntcOED_ETW_Telemetry"" has been reached. As a result, events might be lost (not logged) to file ""C:\Windows\System32\Winevt\Logs\Intel-SST-OED0x8800081IntcOED_ETW_Telemetry.evtx"". The maximum files size is currently set to 1048576 bytes."
"01-07-2026 10:11:50","2","Error","Microsoft-Windows-Kernel-EventTracing","Session ""Cloud Files Diagnostic Event Listener"" failed to start with the following error: 0xC0000022"
"01-07-2026 10:08:32","3","Error","Microsoft-Windows-Kernel-EventTracing","Session ""ReadyBoot"" stopped due to the following error: 0xC0000188"
"01-07-2026 10:08:32","4","Warning","Microsoft-Windows-Kernel-EventTracing","The maximum file size for session ""ReadyBoot"" has been reached. As a result, events might be lost (not logged) to file ""C:\Windows\Prefetch\ReadyBoot\ReadyBoot.etl"". The maximum files size is currently set to 20971520 bytes."
"01-07-2026 10:08:21","2","Error","Microsoft-Windows-Kernel-EventTracing","Session ""SenseEventLog"" failed to start with the following error: 0xC0000035"
"29-06-2026 16:32:15","3","Error","Microsoft-Windows-Kernel-EventTracing","Session ""EventLog-Intel-SST-OED-IntcOED_ETW_Telemetry"" stopped due to the following error: 0xC0000188"
"29-06-2026 16:32:15","4","Warning","Microsoft-Windows-Kernel-EventTracing","The maximum file size for session ""EventLog-Intel-SST-OED-IntcOED_ETW_Telemetry"" has been reached. As a result, events might be lost (not logged) to file ""C:\Windows\System32\Winevt\Logs\Intel-SST-OED0x8800081IntcOED_ETW_Telemetry.evtx"". The maximum files size is currently set to 1048576 bytes."
"29-06-2026 10:25:30","2","Error","Microsoft-Windows-Kernel-EventTracing","Session ""Cloud Files Diagnostic Event Listener"" failed to start with the following error: 0xC0000022"
"29-06-2026 10:24:29","3","Error","Microsoft-Windows-Kernel-EventTracing","Session ""ReadyBoot"" stopped due to the following error: 0xC0000188"
"29-06-2026 10:24:29","4","Warning","Microsoft-Windows-Kernel-EventTracing","The maximum file size for session ""ReadyBoot"" has been reached. As a result, events might be lost (not logged) to file ""C:\Windows\Prefetch\ReadyBoot\ReadyBoot.etl"". The maximum files size is currently set to 20971520 bytes."
"29-06-2026 10:24:23","2","Error","Microsoft-Windows-Kernel-EventTracing","Session ""SenseEventLog"" failed to start with the following error: 0xC0000035"
"29-06-2026 09:04:05","2","Error","Microsoft-Windows-Kernel-EventTracing","Session ""Cloud Files Diagnostic Event Listener"" failed to start with the following error: 0xC0000022"
"29-06-2026 09:03:25","2","Error","Microsoft-Windows-Kernel-EventTracing","Session ""pm2_igs"" failed to start with the following error: 0xC0000035"
"29-06-2026 09:02:37","3","Error","Microsoft-Windows-Kernel-EventTracing","Session ""ReadyBoot"" stopped due to the following error: 0xC0000188"
"29-06-2026 09:02:37","4","Warning","Microsoft-Windows-Kernel-EventTracing","The maximum file size for session ""ReadyBoot"" has been reached. As a result, events might be lost (not logged) to file ""C:\Windows\Prefetch\ReadyBoot\ReadyBoot.etl"". The maximum files size is currently set to 20971520 bytes."
"29-06-2026 09:02:34","2","Error","Microsoft-Windows-Kernel-EventTracing","Session ""SenseEventLog"" failed to start with the following error: 0xC0000035"
"26-06-2026 17:49:33","2","Error","Microsoft-Windows-Kernel-EventTracing","Session ""MEngineTraceReaderSession"" failed to start with the following error: 0xC0000022"
"26-06-2026 17:45:29","2","Error","Microsoft-Windows-Kernel-EventTracing","Session ""MEngineTraceReaderSession"" failed to start with the following error: 0xC0000022"
"25-06-2026 12:16:02","3","Error","Microsoft-Windows-Kernel-EventTracing","Session ""EventLog-Intel-SST-OED-IntcOED_ETW_Telemetry"" stopped due to the following error: 0xC0000188"
"25-06-2026 12:16:02","4","Warning","Microsoft-Windows-Kernel-EventTracing","The maximum file size for session ""EventLog-Intel-SST-OED-IntcOED_ETW_Telemetry"" has been reached. As a result, events might be lost (not logged) to file ""C:\Windows\System32\Winevt\Logs\Intel-SST-OED0x8800081IntcOED_ETW_Telemetry.evtx"". The maximum files size is currently set to 1048576 bytes."
"25-06-2026 09:40:07","2","Error","Microsoft-Windows-Kernel-EventTracing","Session ""Cloud Files Diagnostic Event Listener"" failed to start with the following error: 0xC0000022"
"25-06-2026 09:36:07","3","Error","Microsoft-Windows-Kernel-EventTracing","Session ""ReadyBoot"" stopped due to the following error: 0xC0000188"
"25-06-2026 09:36:07","4","Warning","Microsoft-Windows-Kernel-EventTracing","The maximum file size for session ""ReadyBoot"" has been reached. As a result, events might be lost (not logged) to file ""C:\Windows\Prefetch\ReadyBoot\ReadyBoot.etl"". The maximum files size is currently set to 20971520 bytes."
"25-06-2026 09:36:05","2","Error","Microsoft-Windows-Kernel-EventTracing","Session ""SenseEventLog"" failed to start with the following error: 0xC0000035"
"24-06-2026 12:41:30","2","Error","Microsoft-Windows-Kernel-EventTracing","Session ""Cloud Files Diagnostic Event Listener"" failed to start with the following error: 0xC0000022"
"23-06-2026 09:01:53","3","Error","Microsoft-Windows-Kernel-EventTracing","Session ""PerfDiag Logger"" stopped due to the following error: 0xC0000188"
"23-06-2026 09:01:53","4","Warning","Microsoft-Windows-Kernel-EventTracing","The maximum file size for session ""PerfDiag Logger"" has been reached. As a result, events might be lost (not logged) to file ""C:\Windows\system32\WDI\LogFiles\ShutdownPerfDiagLogger.etl"". The maximum files size is currently set to 20971520 bytes."
"23-06-2026 09:01:25","2","Error","Microsoft-Windows-Kernel-EventTracing","Session ""Cloud Files Diagnostic Event Listener"" failed to start with the following error: 0xC0000022"
"19-06-2026 17:47:56","3","Error","Microsoft-Windows-Kernel-EventTracing","Session ""EventLog-CsGMMuteLogging-Debug"" stopped due to the following error: 0xC0000188"
"19-06-2026 17:47:56","4","Warning","Microsoft-Windows-Kernel-EventTracing","The maximum file size for session ""EventLog-CsGMMuteLogging-Debug"" has been reached. As a result, events might be lost (not logged) to file ""C:\Windows\System32\Winevt\Logs\CsGMMuteLogging0x8800081Debug.evtx"". The maximum files size is currently set to 1048576 bytes."
"19-06-2026 09:01:39","3","Error","Microsoft-Windows-Kernel-EventTracing","Session ""PerfDiag Logger"" stopped due to the following error: 0xC0000188"
"19-06-2026 09:01:39","4","Warning","Microsoft-Windows-Kernel-EventTracing","The maximum file size for session ""PerfDiag Logger"" has been reached. As a result, events might be lost (not logged) to file ""C:\Windows\system32\WDI\LogFiles\ShutdownPerfDiagLogger.etl"". The maximum files size is currently set to 20971520 bytes."
"19-06-2026 09:01:33","2","Error","Microsoft-Windows-Kernel-EventTracing","Session ""Cloud Files Diagnostic Event Listener"" failed to start with the following error: 0xC0000022"
"18-06-2026 13:25:27","3","Error","Microsoft-Windows-Kernel-EventTracing","Session ""EventLog-Intel-SST-OED-IntcOED_ETW_Telemetry"" stopped due to the following error: 0xC0000188"
"18-06-2026 13:25:27","4","Warning","Microsoft-Windows-Kernel-EventTracing","The maximum file size for session ""EventLog-Intel-SST-OED-IntcOED_ETW_Telemetry"" has been reached. As a result, events might be lost (not logged) to file ""C:\Windows\System32\Winevt\Logs\Intel-SST-OED0x8800081IntcOED_ETW_Telemetry.evtx"". The maximum files size is currently set to 1048576 bytes."
"18-06-2026 09:09:09","2","Error","Microsoft-Windows-Kernel-EventTracing","Session ""Cloud Files Diagnostic Event Listener"" failed to start with the following error: 0xC0000022"
"18-06-2026 09:05:42","3","Error","Microsoft-Windows-Kernel-EventTracing","Session ""ReadyBoot"" stopped due to the following error: 0xC0000188"
"18-06-2026 09:05:42","4","Warning","Microsoft-Windows-Kernel-EventTracing","The maximum file size for session ""ReadyBoot"" has been reached. As a result, events might be lost (not logged) to file ""C:\Windows\Prefetch\ReadyBoot\ReadyBoot.etl"". The maximum files size is currently set to 20971520 bytes."
"18-06-2026 09:05:39","2","Error","Microsoft-Windows-Kernel-EventTracing","Session ""SenseEventLog"" failed to start with the following error: 0xC0000035"
"17-06-2026 19:18:32","2","Error","Microsoft-Windows-Kernel-EventTracing","Session ""PerfDiag Logger"" failed to start with the following error: 0xC0000035"
"17-06-2026 19:18:23","3","Error","Microsoft-Windows-Kernel-EventTracing","Session ""ReadyBoot"" stopped due to the following error: 0xC0000188"
"17-06-2026 19:18:23","4","Warning","Microsoft-Windows-Kernel-EventTracing","The maximum file size for session ""ReadyBoot"" has been reached. As a result, events might be lost (not logged) to file ""C:\Windows\Prefetch\ReadyBoot\ReadyBoot.etl"". The maximum files size is currently set to 20971520 bytes."
"17-06-2026 19:18:15","2","Error","Microsoft-Windows-Kernel-EventTracing","Session ""SenseEventLog"" failed to start with the following error: 0xC0000035"
"17-06-2026 19:17:07","2","Error","Microsoft-Windows-Kernel-EventTracing","Session ""PerfDiag Logger"" failed to start with the following error: 0xC0000035"
"17-06-2026 19:16:57","3","Error","Microsoft-Windows-Kernel-EventTracing","Session ""ReadyBoot"" stopped due to the following error: 0xC0000188"
"17-06-2026 19:16:57","4","Warning","Microsoft-Windows-Kernel-EventTracing","The maximum file size for session ""ReadyBoot"" has been reached. As a result, events might be lost (not logged) to file ""C:\Windows\Prefetch\ReadyBoot\ReadyBoot.etl"". The maximum files size is currently set to 20971520 bytes."
"17-06-2026 19:16:48","2","Error","Microsoft-Windows-Kernel-EventTracing","Session ""SenseEventLog"" failed to start with the following error: 0xC0000035"
"17-06-2026 19:15:33","2","Error","Microsoft-Windows-Kernel-EventTracing","Session ""PerfDiag Logger"" failed to start with the following error: 0xC0000035"
"17-06-2026 19:13:52","3","Error","Microsoft-Windows-Kernel-EventTracing","Session ""ReadyBoot"" stopped due to the following error: 0xC0000188"
"17-06-2026 19:13:52","4","Warning","Microsoft-Windows-Kernel-EventTracing","The maximum file size for session ""ReadyBoot"" has been reached. As a result, events might be lost (not logged) to file ""C:\Windows\Prefetch\ReadyBoot\ReadyBoot.etl"". The maximum files size is currently set to 20971520 bytes."
"17-06-2026 19:13:42","2","Error","Microsoft-Windows-Kernel-EventTracing","Session ""SenseEventLog"" failed to start with the following error: 0xC0000035"
"17-06-2026 15:40:39","2","Error","Microsoft-Windows-Kernel-EventTracing","Session ""Cloud Files Diagnostic Event Listener"" failed to start with the following error: 0xC0000022"
"16-06-2026 12:06:55","3","Error","Microsoft-Windows-Kernel-EventTracing","Session ""EventLog-Intel-SST-OED-IntcOED_ETW_Telemetry"" stopped due to the following error: 0xC0000188"
"16-06-2026 12:06:55","4","Warning","Microsoft-Windows-Kernel-EventTracing","The maximum file size for session ""EventLog-Intel-SST-OED-IntcOED_ETW_Telemetry"" has been reached. As a result, events might be lost (not logged) to file ""C:\Windows\System32\Winevt\Logs\Intel-SST-OED0x8800081IntcOED_ETW_Telemetry.evtx"". The maximum files size is currently set to 1048576 bytes."
"16-06-2026 10:00:44","2","Error","Microsoft-Windows-Kernel-EventTracing","Session ""Cloud Files Diagnostic Event Listener"" failed to start with the following error: 0xC0000022"
"16-06-2026 09:59:32","3","Error","Microsoft-Windows-Kernel-EventTracing","Session ""ReadyBoot"" stopped due to the following error: 0xC0000188"
"16-06-2026 09:59:32","4","Warning","Microsoft-Windows-Kernel-EventTracing","The maximum file size for session ""ReadyBoot"" has been reached. As a result, events might be lost (not logged) to file ""C:\Windows\Prefetch\ReadyBoot\ReadyBoot.etl"". The maximum files size is currently set to 20971520 bytes."
"16-06-2026 09:59:25","2","Error","Microsoft-Windows-Kernel-EventTracing","Session ""SenseEventLog"" failed to start with the following error: 0xC0000035"
"16-06-2026 09:05:11","3","Error","Microsoft-Windows-Kernel-EventTracing","Session ""Microsoft.Windows.Security.Biometrics.Face/Trace"" stopped due to the following error: 0xC0000188"
"16-06-2026 09:05:11","4","Warning","Microsoft-Windows-Kernel-EventTracing","The maximum file size for session ""Microsoft.Windows.Security.Biometrics.Face/Trace"" has been reached. As a result, events might be lost (not logged) to file ""C:\Windows\system32\LogFiles\WMI\FaceTelManually.etl"". The maximum files size is currently set to 5242880 bytes."
