"18-08-2026 09:46:30","471","Information","Microsoft-Windows-AppXDeployment-Server","error 0x12C: Deleting file \\?\C:\Program Files\WindowsApps\Deleted\Microsoft.MicrosoftOfficeHub_19.2608.34011.0_x64__8wekyb3d8bbwee1b6bff2-7844-4ece-a5dd-799a5f0a66ff\Microsoft.UI.Xaml\Assets\NoiseAsset_256X256_PNG.png failed."
"18-08-2026 06:22:48","940","Information","Microsoft-Windows-AppXDeployment-Server","Appxsvc lifecycle transition to Running (Checkpoint=3)"
"18-08-2026 06:22:48","939","Information","Microsoft-Windows-AppXDeployment-Server","Appxsvc lifecycle transition to Starting (Checkpoint=2)"
"17-08-2026 20:49:24","942","Information","Microsoft-Windows-AppXDeployment-Server","Appxsvc lifecycle transition to Stopped (Checkpoint=8)"
"17-08-2026 20:49:24","941","Information","Microsoft-Windows-AppXDeployment-Server","Appxsvc lifecycle transition to Stopping (Checkpoint=5)"
"17-08-2026 20:44:24","493","Warning","Microsoft-Windows-AppXDeployment-Server","There were 4 additional files that failed to be deleted under the folder \\?\C:\Program Files\WindowsApps\Deleted."
"17-08-2026 20:44:24","471","Information","Microsoft-Windows-AppXDeployment-Server","error 0x5: Deleting file \\?\C:\Program Files\WindowsApps\Deleted\Microsoft.MicrosoftOfficeHub_19.2608.34011.0_x64__8wekyb3d8bbwee1b6bff2-7844-4ece-a5dd-799a5f0a66ff\resources.pri failed."
"17-08-2026 20:44:24","471","Information","Microsoft-Windows-AppXDeployment-Server","error 0x12C: Deleting file \\?\C:\Program Files\WindowsApps\Deleted\Microsoft.MicrosoftOfficeHub_19.2608.34011.0_x64__8wekyb3d8bbwee1b6bff2-7844-4ece-a5dd-799a5f0a66ff\NoiseAsset_256X256_PNG.png failed."
"17-08-2026 20:44:24","471","Information","Microsoft-Windows-AppXDeployment-Server","error 0x12C: Deleting file \\?\C:\Program Files\WindowsApps\Deleted\Microsoft.MicrosoftOfficeHub_19.2608.34011.0_x64__8wekyb3d8bbwee1b6bff2-7844-4ece-a5dd-799a5f0a66ff\Microsoft.UI.Xaml\Assets\NoiseAsset_256X256_PNG.png failed."
"17-08-2026 20:38:24","940","Information","Microsoft-Windows-AppXDeployment-Server","Appxsvc lifecycle transition to Running (Checkpoint=4)"
"17-08-2026 20:38:24","939","Information","Microsoft-Windows-AppXDeployment-Server","Appxsvc lifecycle transition to Starting (Checkpoint=2)"
"17-08-2026 20:04:39","942","Information","Microsoft-Windows-AppXDeployment-Server","Appxsvc lifecycle transition to Stopped (Checkpoint=8)"
"17-08-2026 20:04:39","941","Information","Microsoft-Windows-AppXDeployment-Server","Appxsvc lifecycle transition to Stopping (Checkpoint=5)"
"17-08-2026 19:59:39","493","Warning","Microsoft-Windows-AppXDeployment-Server","There were 4 additional files that failed to be deleted under the folder \\?\C:\Program Files\WindowsApps\Deleted."
"17-08-2026 19:59:39","471","Information","Microsoft-Windows-AppXDeployment-Server","error 0x5: Deleting file \\?\C:\Program Files\WindowsApps\Deleted\Microsoft.MicrosoftOfficeHub_19.2608.34011.0_x64__8wekyb3d8bbwee1b6bff2-7844-4ece-a5dd-799a5f0a66ff\resources.pri failed."
"17-08-2026 19:59:39","471","Information","Microsoft-Windows-AppXDeployment-Server","error 0x12C: Deleting file \\?\C:\Program Files\WindowsApps\Deleted\Microsoft.MicrosoftOfficeHub_19.2608.34011.0_x64__8wekyb3d8bbwee1b6bff2-7844-4ece-a5dd-799a5f0a66ff\NoiseAsset_256X256_PNG.png failed."
"17-08-2026 19:59:39","471","Information","Microsoft-Windows-AppXDeployment-Server","error 0x12C: Deleting file \\?\C:\Program Files\WindowsApps\Deleted\Microsoft.MicrosoftOfficeHub_19.2608.34011.0_x64__8wekyb3d8bbwee1b6bff2-7844-4ece-a5dd-799a5f0a66ff\Microsoft.UI.Xaml\Assets\NoiseAsset_256X256_PNG.png failed."
"17-08-2026 19:53:39","940","Information","Microsoft-Windows-AppXDeployment-Server","Appxsvc lifecycle transition to Running (Checkpoint=4)"
"17-08-2026 19:53:39","939","Information","Microsoft-Windows-AppXDeployment-Server","Appxsvc lifecycle transition to Starting (Checkpoint=2)"
"17-08-2026 19:52:49","942","Information","Microsoft-Windows-AppXDeployment-Server","Appxsvc lifecycle transition to Stopped (Checkpoint=8)"
"17-08-2026 19:52:49","941","Information","Microsoft-Windows-AppXDeployment-Server","Appxsvc lifecycle transition to Stopping (Checkpoint=5)"
"17-08-2026 19:47:49","493","Warning","Microsoft-Windows-AppXDeployment-Server","There were 4 additional files that failed to be deleted under the folder \\?\C:\Program Files\WindowsApps\Deleted."
"17-08-2026 19:47:49","471","Information","Microsoft-Windows-AppXDeployment-Server","error 0x5: Deleting file \\?\C:\Program Files\WindowsApps\Deleted\Microsoft.MicrosoftOfficeHub_19.2608.34011.0_x64__8wekyb3d8bbwee1b6bff2-7844-4ece-a5dd-799a5f0a66ff\resources.pri failed."
"17-08-2026 19:47:49","471","Information","Microsoft-Windows-AppXDeployment-Server","error 0x12C: Deleting file \\?\C:\Program Files\WindowsApps\Deleted\Microsoft.MicrosoftOfficeHub_19.2608.34011.0_x64__8wekyb3d8bbwee1b6bff2-7844-4ece-a5dd-799a5f0a66ff\NoiseAsset_256X256_PNG.png failed."
"17-08-2026 19:47:49","471","Information","Microsoft-Windows-AppXDeployment-Server","error 0x12C: Deleting file \\?\C:\Program Files\WindowsApps\Deleted\Microsoft.MicrosoftOfficeHub_19.2608.34011.0_x64__8wekyb3d8bbwee1b6bff2-7844-4ece-a5dd-799a5f0a66ff\Microsoft.UI.Xaml\Assets\NoiseAsset_256X256_PNG.png failed."
"17-08-2026 19:41:49","493","Warning","Microsoft-Windows-AppXDeployment-Server","There were 4 additional files that failed to be deleted under the folder \\?\C:\Program Files\WindowsApps\Deleted."
"17-08-2026 19:41:49","471","Information","Microsoft-Windows-AppXDeployment-Server","error 0x5: Deleting file \\?\C:\Program Files\WindowsApps\Deleted\Microsoft.MicrosoftOfficeHub_19.2608.34011.0_x64__8wekyb3d8bbwee1b6bff2-7844-4ece-a5dd-799a5f0a66ff\resources.pri failed."
"17-08-2026 19:41:49","471","Information","Microsoft-Windows-AppXDeployment-Server","error 0x12C: Deleting file \\?\C:\Program Files\WindowsApps\Deleted\Microsoft.MicrosoftOfficeHub_19.2608.34011.0_x64__8wekyb3d8bbwee1b6bff2-7844-4ece-a5dd-799a5f0a66ff\NoiseAsset_256X256_PNG.png failed."
"17-08-2026 19:41:49","471","Information","Microsoft-Windows-AppXDeployment-Server","error 0x12C: Deleting file \\?\C:\Program Files\WindowsApps\Deleted\Microsoft.MicrosoftOfficeHub_19.2608.34011.0_x64__8wekyb3d8bbwee1b6bff2-7844-4ece-a5dd-799a5f0a66ff\Microsoft.UI.Xaml\Assets\NoiseAsset_256X256_PNG.png failed."
"17-08-2026 19:35:49","493","Warning","Microsoft-Windows-AppXDeployment-Server","There were 4 additional files that failed to be deleted under the folder \\?\C:\Program Files\WindowsApps\Deleted."
"17-08-2026 19:35:49","471","Information","Microsoft-Windows-AppXDeployment-Server","error 0x5: Deleting file \\?\C:\Program Files\WindowsApps\Deleted\Microsoft.MicrosoftOfficeHub_19.2608.34011.0_x64__8wekyb3d8bbwee1b6bff2-7844-4ece-a5dd-799a5f0a66ff\resources.pri failed."
"17-08-2026 19:35:49","471","Information","Microsoft-Windows-AppXDeployment-Server","error 0x12C: Deleting file \\?\C:\Program Files\WindowsApps\Deleted\Microsoft.MicrosoftOfficeHub_19.2608.34011.0_x64__8wekyb3d8bbwee1b6bff2-7844-4ece-a5dd-799a5f0a66ff\NoiseAsset_256X256_PNG.png failed."
"17-08-2026 19:35:49","471","Information","Microsoft-Windows-AppXDeployment-Server","error 0x12C: Deleting file \\?\C:\Program Files\WindowsApps\Deleted\Microsoft.MicrosoftOfficeHub_19.2608.34011.0_x64__8wekyb3d8bbwee1b6bff2-7844-4ece-a5dd-799a5f0a66ff\Microsoft.UI.Xaml\Assets\NoiseAsset_256X256_PNG.png failed."
"17-08-2026 19:29:48","493","Warning","Microsoft-Windows-AppXDeployment-Server","There were 4 additional files that failed to be deleted under the folder \\?\C:\Program Files\WindowsApps\Deleted."
"17-08-2026 19:29:48","471","Information","Microsoft-Windows-AppXDeployment-Server","error 0x5: Deleting file \\?\C:\Program Files\WindowsApps\Deleted\Microsoft.MicrosoftOfficeHub_19.2608.34011.0_x64__8wekyb3d8bbwee1b6bff2-7844-4ece-a5dd-799a5f0a66ff\resources.pri failed."
"17-08-2026 19:29:48","471","Information","Microsoft-Windows-AppXDeployment-Server","error 0x12C: Deleting file \\?\C:\Program Files\WindowsApps\Deleted\Microsoft.MicrosoftOfficeHub_19.2608.34011.0_x64__8wekyb3d8bbwee1b6bff2-7844-4ece-a5dd-799a5f0a66ff\NoiseAsset_256X256_PNG.png failed."
"17-08-2026 19:29:48","471","Information","Microsoft-Windows-AppXDeployment-Server","error 0x12C: Deleting file \\?\C:\Program Files\WindowsApps\Deleted\Microsoft.MicrosoftOfficeHub_19.2608.34011.0_x64__8wekyb3d8bbwee1b6bff2-7844-4ece-a5dd-799a5f0a66ff\Microsoft.UI.Xaml\Assets\NoiseAsset_256X256_PNG.png failed."
"17-08-2026 19:23:48","493","Warning","Microsoft-Windows-AppXDeployment-Server","There were 4 additional files that failed to be deleted under the folder \\?\C:\Program Files\WindowsApps\Deleted."
"17-08-2026 19:23:48","471","Information","Microsoft-Windows-AppXDeployment-Server","error 0x5: Deleting file \\?\C:\Program Files\WindowsApps\Deleted\Microsoft.MicrosoftOfficeHub_19.2608.34011.0_x64__8wekyb3d8bbwee1b6bff2-7844-4ece-a5dd-799a5f0a66ff\resources.pri failed."
"17-08-2026 19:23:48","471","Information","Microsoft-Windows-AppXDeployment-Server","error 0x12C: Deleting file \\?\C:\Program Files\WindowsApps\Deleted\Microsoft.MicrosoftOfficeHub_19.2608.34011.0_x64__8wekyb3d8bbwee1b6bff2-7844-4ece-a5dd-799a5f0a66ff\NoiseAsset_256X256_PNG.png failed."
"17-08-2026 19:23:48","471","Information","Microsoft-Windows-AppXDeployment-Server","error 0x12C: Deleting file \\?\C:\Program Files\WindowsApps\Deleted\Microsoft.MicrosoftOfficeHub_19.2608.34011.0_x64__8wekyb3d8bbwee1b6bff2-7844-4ece-a5dd-799a5f0a66ff\Microsoft.UI.Xaml\Assets\NoiseAsset_256X256_PNG.png failed."
"17-08-2026 19:17:48","493","Warning","Microsoft-Windows-AppXDeployment-Server","There were 4 additional files that failed to be deleted under the folder \\?\C:\Program Files\WindowsApps\Deleted."
"17-08-2026 19:17:48","471","Information","Microsoft-Windows-AppXDeployment-Server","error 0x5: Deleting file \\?\C:\Program Files\WindowsApps\Deleted\Microsoft.MicrosoftOfficeHub_19.2608.34011.0_x64__8wekyb3d8bbwee1b6bff2-7844-4ece-a5dd-799a5f0a66ff\resources.pri failed."
"17-08-2026 19:17:48","471","Information","Microsoft-Windows-AppXDeployment-Server","error 0x12C: Deleting file \\?\C:\Program Files\WindowsApps\Deleted\Microsoft.MicrosoftOfficeHub_19.2608.34011.0_x64__8wekyb3d8bbwee1b6bff2-7844-4ece-a5dd-799a5f0a66ff\NoiseAsset_256X256_PNG.png failed."
"17-08-2026 19:17:48","471","Information","Microsoft-Windows-AppXDeployment-Server","error 0x12C: Deleting file \\?\C:\Program Files\WindowsApps\Deleted\Microsoft.MicrosoftOfficeHub_19.2608.34011.0_x64__8wekyb3d8bbwee1b6bff2-7844-4ece-a5dd-799a5f0a66ff\Microsoft.UI.Xaml\Assets\NoiseAsset_256X256_PNG.png failed."
"17-08-2026 19:11:48","940","Information","Microsoft-Windows-AppXDeployment-Server","Appxsvc lifecycle transition to Running (Checkpoint=4)"
"17-08-2026 19:11:48","939","Information","Microsoft-Windows-AppXDeployment-Server","Appxsvc lifecycle transition to Starting (Checkpoint=2)"
"17-08-2026 19:02:42","942","Information","Microsoft-Windows-AppXDeployment-Server","Appxsvc lifecycle transition to Stopped (Checkpoint=8)"
"17-08-2026 19:02:42","941","Information","Microsoft-Windows-AppXDeployment-Server","Appxsvc lifecycle transition to Stopping (Checkpoint=5)"
"17-08-2026 18:57:12","8101","Verbose","Microsoft-Windows-AppXDeployment-Server","Finished validation and setting the Trust Label on package Microsoft.WebpImageExtension_1.2.31.0_x64__8wekyb3d8bbwe with flags 0x103."
"17-08-2026 18:57:12","8106","Verbose","Microsoft-Windows-AppXDeployment-Server","Package Microsoft.WebpImageExtension_1.2.31.0_x64__8wekyb3d8bbwe has Trust Label already. Flags: 0x103"
"17-08-2026 18:57:12","8100","Verbose","Microsoft-Windows-AppXDeployment-Server","Starting validation and setting the Trust Label on package Microsoft.WebpImageExtension_1.2.31.0_x64__8wekyb3d8bbwe with flags 0x103."
"17-08-2026 18:57:12","8101","Verbose","Microsoft-Windows-AppXDeployment-Server","Finished validation and setting the Trust Label on package Microsoft.WebpImageExtension_1.2.31.0_x64__8wekyb3d8bbwe with flags 0x103."
"17-08-2026 18:57:12","8106","Verbose","Microsoft-Windows-AppXDeployment-Server","Package Microsoft.WebpImageExtension_1.2.31.0_x64__8wekyb3d8bbwe has Trust Label already. Flags: 0x103"
"17-08-2026 18:57:12","8100","Verbose","Microsoft-Windows-AppXDeployment-Server","Starting validation and setting the Trust Label on package Microsoft.WebpImageExtension_1.2.31.0_x64__8wekyb3d8bbwe with flags 0x103."
"17-08-2026 18:57:12","8101","Verbose","Microsoft-Windows-AppXDeployment-Server","Finished validation and setting the Trust Label on package Microsoft.WebpImageExtension_1.2.31.0_x64__8wekyb3d8bbwe with flags 0x103."
"17-08-2026 18:57:12","8106","Verbose","Microsoft-Windows-AppXDeployment-Server","Package Microsoft.WebpImageExtension_1.2.31.0_x64__8wekyb3d8bbwe has Trust Label already. Flags: 0x103"
"17-08-2026 18:57:12","8100","Verbose","Microsoft-Windows-AppXDeployment-Server","Starting validation and setting the Trust Label on package Microsoft.WebpImageExtension_1.2.31.0_x64__8wekyb3d8bbwe with flags 0x103."
"17-08-2026 18:57:12","8101","Verbose","Microsoft-Windows-AppXDeployment-Server","Finished validation and setting the Trust Label on package Microsoft.WebpImageExtension_1.2.31.0_x64__8wekyb3d8bbwe with flags 0x103."
"17-08-2026 18:57:12","8106","Verbose","Microsoft-Windows-AppXDeployment-Server","Package Microsoft.WebpImageExtension_1.2.31.0_x64__8wekyb3d8bbwe has Trust Label already. Flags: 0x103"
"17-08-2026 18:57:12","8100","Verbose","Microsoft-Windows-AppXDeployment-Server","Starting validation and setting the Trust Label on package Microsoft.WebpImageExtension_1.2.31.0_x64__8wekyb3d8bbwe with flags 0x103."
"17-08-2026 18:57:12","940","Information","Microsoft-Windows-AppXDeployment-Server","Appxsvc lifecycle transition to Running (Checkpoint=4)"
"17-08-2026 18:57:12","939","Information","Microsoft-Windows-AppXDeployment-Server","Appxsvc lifecycle transition to Starting (Checkpoint=2)"
"17-08-2026 18:49:24","942","Information","Microsoft-Windows-AppXDeployment-Server","Appxsvc lifecycle transition to Stopped (Checkpoint=8)"
"17-08-2026 18:49:24","941","Information","Microsoft-Windows-AppXDeployment-Server","Appxsvc lifecycle transition to Stopping (Checkpoint=5)"
"17-08-2026 18:44:24","493","Warning","Microsoft-Windows-AppXDeployment-Server","There were 4 additional files that failed to be deleted under the folder \\?\C:\Program Files\WindowsApps\Deleted."
"17-08-2026 18:44:24","471","Information","Microsoft-Windows-AppXDeployment-Server","error 0x5: Deleting file \\?\C:\Program Files\WindowsApps\Deleted\Microsoft.MicrosoftOfficeHub_19.2608.34011.0_x64__8wekyb3d8bbwee1b6bff2-7844-4ece-a5dd-799a5f0a66ff\resources.pri failed."
"17-08-2026 18:44:24","471","Information","Microsoft-Windows-AppXDeployment-Server","error 0x12C: Deleting file \\?\C:\Program Files\WindowsApps\Deleted\Microsoft.MicrosoftOfficeHub_19.2608.34011.0_x64__8wekyb3d8bbwee1b6bff2-7844-4ece-a5dd-799a5f0a66ff\NoiseAsset_256X256_PNG.png failed."
"17-08-2026 18:44:24","471","Information","Microsoft-Windows-AppXDeployment-Server","error 0x12C: Deleting file \\?\C:\Program Files\WindowsApps\Deleted\Microsoft.MicrosoftOfficeHub_19.2608.34011.0_x64__8wekyb3d8bbwee1b6bff2-7844-4ece-a5dd-799a5f0a66ff\Microsoft.UI.Xaml\Assets\NoiseAsset_256X256_PNG.png failed."
"17-08-2026 18:38:24","940","Information","Microsoft-Windows-AppXDeployment-Server","Appxsvc lifecycle transition to Running (Checkpoint=4)"
"17-08-2026 18:38:24","939","Information","Microsoft-Windows-AppXDeployment-Server","Appxsvc lifecycle transition to Starting (Checkpoint=2)"
"17-08-2026 17:49:24","942","Information","Microsoft-Windows-AppXDeployment-Server","Appxsvc lifecycle transition to Stopped (Checkpoint=8)"
"17-08-2026 17:49:24","941","Information","Microsoft-Windows-AppXDeployment-Server","Appxsvc lifecycle transition to Stopping (Checkpoint=5)"
"17-08-2026 17:44:24","493","Warning","Microsoft-Windows-AppXDeployment-Server","There were 4 additional files that failed to be deleted under the folder \\?\C:\Program Files\WindowsApps\Deleted."
"17-08-2026 17:44:24","471","Information","Microsoft-Windows-AppXDeployment-Server","error 0x5: Deleting file \\?\C:\Program Files\WindowsApps\Deleted\Microsoft.MicrosoftOfficeHub_19.2608.34011.0_x64__8wekyb3d8bbwee1b6bff2-7844-4ece-a5dd-799a5f0a66ff\resources.pri failed."
"17-08-2026 17:44:24","471","Information","Microsoft-Windows-AppXDeployment-Server","error 0x12C: Deleting file \\?\C:\Program Files\WindowsApps\Deleted\Microsoft.MicrosoftOfficeHub_19.2608.34011.0_x64__8wekyb3d8bbwee1b6bff2-7844-4ece-a5dd-799a5f0a66ff\NoiseAsset_256X256_PNG.png failed."
"17-08-2026 17:44:24","471","Information","Microsoft-Windows-AppXDeployment-Server","error 0x12C: Deleting file \\?\C:\Program Files\WindowsApps\Deleted\Microsoft.MicrosoftOfficeHub_19.2608.34011.0_x64__8wekyb3d8bbwee1b6bff2-7844-4ece-a5dd-799a5f0a66ff\Microsoft.UI.Xaml\Assets\NoiseAsset_256X256_PNG.png failed."
"17-08-2026 17:38:24","940","Information","Microsoft-Windows-AppXDeployment-Server","Appxsvc lifecycle transition to Running (Checkpoint=4)"
"17-08-2026 17:38:24","939","Information","Microsoft-Windows-AppXDeployment-Server","Appxsvc lifecycle transition to Starting (Checkpoint=2)"
"17-08-2026 16:49:24","942","Information","Microsoft-Windows-AppXDeployment-Server","Appxsvc lifecycle transition to Stopped (Checkpoint=8)"
"17-08-2026 16:49:24","941","Information","Microsoft-Windows-AppXDeployment-Server","Appxsvc lifecycle transition to Stopping (Checkpoint=5)"
"17-08-2026 16:44:24","493","Warning","Microsoft-Windows-AppXDeployment-Server","There were 4 additional files that failed to be deleted under the folder \\?\C:\Program Files\WindowsApps\Deleted."
"17-08-2026 16:44:23","471","Information","Microsoft-Windows-AppXDeployment-Server","error 0x5: Deleting file \\?\C:\Program Files\WindowsApps\Deleted\Microsoft.MicrosoftOfficeHub_19.2608.34011.0_x64__8wekyb3d8bbwee1b6bff2-7844-4ece-a5dd-799a5f0a66ff\resources.pri failed."
"17-08-2026 16:44:23","471","Information","Microsoft-Windows-AppXDeployment-Server","error 0x12C: Deleting file \\?\C:\Program Files\WindowsApps\Deleted\Microsoft.MicrosoftOfficeHub_19.2608.34011.0_x64__8wekyb3d8bbwee1b6bff2-7844-4ece-a5dd-799a5f0a66ff\NoiseAsset_256X256_PNG.png failed."
"17-08-2026 16:44:23","471","Information","Microsoft-Windows-AppXDeployment-Server","error 0x12C: Deleting file \\?\C:\Program Files\WindowsApps\Deleted\Microsoft.MicrosoftOfficeHub_19.2608.34011.0_x64__8wekyb3d8bbwee1b6bff2-7844-4ece-a5dd-799a5f0a66ff\Microsoft.UI.Xaml\Assets\NoiseAsset_256X256_PNG.png failed."
"17-08-2026 16:38:23","940","Information","Microsoft-Windows-AppXDeployment-Server","Appxsvc lifecycle transition to Running (Checkpoint=4)"
"17-08-2026 16:38:23","939","Information","Microsoft-Windows-AppXDeployment-Server","Appxsvc lifecycle transition to Starting (Checkpoint=2)"
"17-08-2026 16:37:37","942","Information","Microsoft-Windows-AppXDeployment-Server","Appxsvc lifecycle transition to Stopped (Checkpoint=8)"
"17-08-2026 16:37:37","941","Information","Microsoft-Windows-AppXDeployment-Server","Appxsvc lifecycle transition to Stopping (Checkpoint=5)"
"17-08-2026 16:32:07","940","Information","Microsoft-Windows-AppXDeployment-Server","Appxsvc lifecycle transition to Running (Checkpoint=4)"
"17-08-2026 16:32:07","939","Information","Microsoft-Windows-AppXDeployment-Server","Appxsvc lifecycle transition to Starting (Checkpoint=2)"
"17-08-2026 16:08:42","942","Information","Microsoft-Windows-AppXDeployment-Server","Appxsvc lifecycle transition to Stopped (Checkpoint=8)"
"17-08-2026 16:08:42","941","Information","Microsoft-Windows-AppXDeployment-Server","Appxsvc lifecycle transition to Stopping (Checkpoint=5)"
"17-08-2026 16:03:42","493","Warning","Microsoft-Windows-AppXDeployment-Server","There were 4 additional files that failed to be deleted under the folder \\?\C:\Program Files\WindowsApps\Deleted."
"17-08-2026 16:03:42","471","Information","Microsoft-Windows-AppXDeployment-Server","error 0x5: Deleting file \\?\C:\Program Files\WindowsApps\Deleted\Microsoft.MicrosoftOfficeHub_19.2608.34011.0_x64__8wekyb3d8bbwee1b6bff2-7844-4ece-a5dd-799a5f0a66ff\resources.pri failed."
"17-08-2026 16:03:42","471","Information","Microsoft-Windows-AppXDeployment-Server","error 0x12C: Deleting file \\?\C:\Program Files\WindowsApps\Deleted\Microsoft.MicrosoftOfficeHub_19.2608.34011.0_x64__8wekyb3d8bbwee1b6bff2-7844-4ece-a5dd-799a5f0a66ff\NoiseAsset_256X256_PNG.png failed."
"17-08-2026 16:03:42","471","Information","Microsoft-Windows-AppXDeployment-Server","error 0x12C: Deleting file \\?\C:\Program Files\WindowsApps\Deleted\Microsoft.MicrosoftOfficeHub_19.2608.34011.0_x64__8wekyb3d8bbwee1b6bff2-7844-4ece-a5dd-799a5f0a66ff\Microsoft.UI.Xaml\Assets\NoiseAsset_256X256_PNG.png failed."
"17-08-2026 15:57:42","493","Warning","Microsoft-Windows-AppXDeployment-Server","There were 4 additional files that failed to be deleted under the folder \\?\C:\Program Files\WindowsApps\Deleted."
"17-08-2026 15:57:41","471","Information","Microsoft-Windows-AppXDeployment-Server","error 0x5: Deleting file \\?\C:\Program Files\WindowsApps\Deleted\Microsoft.MicrosoftOfficeHub_19.2608.34011.0_x64__8wekyb3d8bbwee1b6bff2-7844-4ece-a5dd-799a5f0a66ff\resources.pri failed."
"17-08-2026 15:57:41","471","Information","Microsoft-Windows-AppXDeployment-Server","error 0x12C: Deleting file \\?\C:\Program Files\WindowsApps\Deleted\Microsoft.MicrosoftOfficeHub_19.2608.34011.0_x64__8wekyb3d8bbwee1b6bff2-7844-4ece-a5dd-799a5f0a66ff\NoiseAsset_256X256_PNG.png failed."
"17-08-2026 15:57:41","471","Information","Microsoft-Windows-AppXDeployment-Server","error 0x12C: Deleting file \\?\C:\Program Files\WindowsApps\Deleted\Microsoft.MicrosoftOfficeHub_19.2608.34011.0_x64__8wekyb3d8bbwee1b6bff2-7844-4ece-a5dd-799a5f0a66ff\Microsoft.UI.Xaml\Assets\NoiseAsset_256X256_PNG.png failed."
"17-08-2026 15:51:41","940","Information","Microsoft-Windows-AppXDeployment-Server","Appxsvc lifecycle transition to Running (Checkpoint=4)"
"17-08-2026 15:51:41","939","Information","Microsoft-Windows-AppXDeployment-Server","Appxsvc lifecycle transition to Starting (Checkpoint=2)"
"17-08-2026 15:49:24","942","Information","Microsoft-Windows-AppXDeployment-Server","Appxsvc lifecycle transition to Stopped (Checkpoint=8)"
"17-08-2026 15:49:24","941","Information","Microsoft-Windows-AppXDeployment-Server","Appxsvc lifecycle transition to Stopping (Checkpoint=5)"
"17-08-2026 15:44:24","493","Warning","Microsoft-Windows-AppXDeployment-Server","There were 4 additional files that failed to be deleted under the folder \\?\C:\Program Files\WindowsApps\Deleted."
"17-08-2026 15:44:24","471","Information","Microsoft-Windows-AppXDeployment-Server","error 0x5: Deleting file \\?\C:\Program Files\WindowsApps\Deleted\Microsoft.MicrosoftOfficeHub_19.2608.34011.0_x64__8wekyb3d8bbwee1b6bff2-7844-4ece-a5dd-799a5f0a66ff\resources.pri failed."
"17-08-2026 15:44:24","471","Information","Microsoft-Windows-AppXDeployment-Server","error 0x12C: Deleting file \\?\C:\Program Files\WindowsApps\Deleted\Microsoft.MicrosoftOfficeHub_19.2608.34011.0_x64__8wekyb3d8bbwee1b6bff2-7844-4ece-a5dd-799a5f0a66ff\NoiseAsset_256X256_PNG.png failed."
"17-08-2026 15:44:24","471","Information","Microsoft-Windows-AppXDeployment-Server","error 0x12C: Deleting file \\?\C:\Program Files\WindowsApps\Deleted\Microsoft.MicrosoftOfficeHub_19.2608.34011.0_x64__8wekyb3d8bbwee1b6bff2-7844-4ece-a5dd-799a5f0a66ff\Microsoft.UI.Xaml\Assets\NoiseAsset_256X256_PNG.png failed."
"17-08-2026 15:38:24","940","Information","Microsoft-Windows-AppXDeployment-Server","Appxsvc lifecycle transition to Running (Checkpoint=4)"
"17-08-2026 15:38:23","939","Information","Microsoft-Windows-AppXDeployment-Server","Appxsvc lifecycle transition to Starting (Checkpoint=2)"
"17-08-2026 14:55:24","942","Information","Microsoft-Windows-AppXDeployment-Server","Appxsvc lifecycle transition to Stopped (Checkpoint=7)"
"17-08-2026 14:55:24","941","Information","Microsoft-Windows-AppXDeployment-Server","Appxsvc lifecycle transition to Stopping (Checkpoint=4)"
"17-08-2026 14:50:24","493","Warning","Microsoft-Windows-AppXDeployment-Server","There were 4 additional files that failed to be deleted under the folder \\?\C:\Program Files\WindowsApps\Deleted."
"17-08-2026 14:50:24","471","Information","Microsoft-Windows-AppXDeployment-Server","error 0x5: Deleting file \\?\C:\Program Files\WindowsApps\Deleted\Microsoft.MicrosoftOfficeHub_19.2608.34011.0_x64__8wekyb3d8bbwee1b6bff2-7844-4ece-a5dd-799a5f0a66ff\resources.pri failed."
"17-08-2026 14:50:24","471","Information","Microsoft-Windows-AppXDeployment-Server","error 0x12C: Deleting file \\?\C:\Program Files\WindowsApps\Deleted\Microsoft.MicrosoftOfficeHub_19.2608.34011.0_x64__8wekyb3d8bbwee1b6bff2-7844-4ece-a5dd-799a5f0a66ff\NoiseAsset_256X256_PNG.png failed."
"17-08-2026 14:50:24","471","Information","Microsoft-Windows-AppXDeployment-Server","error 0x12C: Deleting file \\?\C:\Program Files\WindowsApps\Deleted\Microsoft.MicrosoftOfficeHub_19.2608.34011.0_x64__8wekyb3d8bbwee1b6bff2-7844-4ece-a5dd-799a5f0a66ff\Microsoft.UI.Xaml\Assets\NoiseAsset_256X256_PNG.png failed."
"17-08-2026 14:44:24","493","Warning","Microsoft-Windows-AppXDeployment-Server","There were 4 additional files that failed to be deleted under the folder \\?\C:\Program Files\WindowsApps\Deleted."
"17-08-2026 14:44:24","471","Information","Microsoft-Windows-AppXDeployment-Server","error 0x5: Deleting file \\?\C:\Program Files\WindowsApps\Deleted\Microsoft.MicrosoftOfficeHub_19.2608.34011.0_x64__8wekyb3d8bbwee1b6bff2-7844-4ece-a5dd-799a5f0a66ff\resources.pri failed."
"17-08-2026 14:44:24","471","Information","Microsoft-Windows-AppXDeployment-Server","error 0x12C: Deleting file \\?\C:\Program Files\WindowsApps\Deleted\Microsoft.MicrosoftOfficeHub_19.2608.34011.0_x64__8wekyb3d8bbwee1b6bff2-7844-4ece-a5dd-799a5f0a66ff\NoiseAsset_256X256_PNG.png failed."
"17-08-2026 14:44:24","471","Information","Microsoft-Windows-AppXDeployment-Server","error 0x12C: Deleting file \\?\C:\Program Files\WindowsApps\Deleted\Microsoft.MicrosoftOfficeHub_19.2608.34011.0_x64__8wekyb3d8bbwee1b6bff2-7844-4ece-a5dd-799a5f0a66ff\Microsoft.UI.Xaml\Assets\NoiseAsset_256X256_PNG.png failed."
"17-08-2026 14:38:23","940","Information","Microsoft-Windows-AppXDeployment-Server","Appxsvc lifecycle transition to Running (Checkpoint=3)"
"17-08-2026 14:38:23","939","Information","Microsoft-Windows-AppXDeployment-Server","Appxsvc lifecycle transition to Starting (Checkpoint=2)"
"17-08-2026 14:20:59","942","Information","Microsoft-Windows-AppXDeployment-Server","Appxsvc lifecycle transition to Stopped (Checkpoint=8)"
"17-08-2026 14:20:59","941","Information","Microsoft-Windows-AppXDeployment-Server","Appxsvc lifecycle transition to Stopping (Checkpoint=5)"
"17-08-2026 14:15:59","493","Warning","Microsoft-Windows-AppXDeployment-Server","There were 4 additional files that failed to be deleted under the folder \\?\C:\Program Files\WindowsApps\Deleted."
"17-08-2026 14:15:59","471","Information","Microsoft-Windows-AppXDeployment-Server","error 0x5: Deleting file \\?\C:\Program Files\WindowsApps\Deleted\Microsoft.MicrosoftOfficeHub_19.2608.34011.0_x64__8wekyb3d8bbwee1b6bff2-7844-4ece-a5dd-799a5f0a66ff\resources.pri failed."
"17-08-2026 14:15:59","471","Information","Microsoft-Windows-AppXDeployment-Server","error 0x12C: Deleting file \\?\C:\Program Files\WindowsApps\Deleted\Microsoft.MicrosoftOfficeHub_19.2608.34011.0_x64__8wekyb3d8bbwee1b6bff2-7844-4ece-a5dd-799a5f0a66ff\NoiseAsset_256X256_PNG.png failed."
"17-08-2026 14:15:59","471","Information","Microsoft-Windows-AppXDeployment-Server","error 0x12C: Deleting file \\?\C:\Program Files\WindowsApps\Deleted\Microsoft.MicrosoftOfficeHub_19.2608.34011.0_x64__8wekyb3d8bbwee1b6bff2-7844-4ece-a5dd-799a5f0a66ff\Microsoft.UI.Xaml\Assets\NoiseAsset_256X256_PNG.png failed."
"17-08-2026 14:09:59","493","Warning","Microsoft-Windows-AppXDeployment-Server","There were 4 additional files that failed to be deleted under the folder \\?\C:\Program Files\WindowsApps\Deleted."
"17-08-2026 14:09:59","471","Information","Microsoft-Windows-AppXDeployment-Server","error 0x5: Deleting file \\?\C:\Program Files\WindowsApps\Deleted\Microsoft.MicrosoftOfficeHub_19.2608.34011.0_x64__8wekyb3d8bbwee1b6bff2-7844-4ece-a5dd-799a5f0a66ff\resources.pri failed."
"17-08-2026 14:09:59","471","Information","Microsoft-Windows-AppXDeployment-Server","error 0x12C: Deleting file \\?\C:\Program Files\WindowsApps\Deleted\Microsoft.MicrosoftOfficeHub_19.2608.34011.0_x64__8wekyb3d8bbwee1b6bff2-7844-4ece-a5dd-799a5f0a66ff\NoiseAsset_256X256_PNG.png failed."
"17-08-2026 14:09:59","471","Information","Microsoft-Windows-AppXDeployment-Server","error 0x12C: Deleting file \\?\C:\Program Files\WindowsApps\Deleted\Microsoft.MicrosoftOfficeHub_19.2608.34011.0_x64__8wekyb3d8bbwee1b6bff2-7844-4ece-a5dd-799a5f0a66ff\Microsoft.UI.Xaml\Assets\NoiseAsset_256X256_PNG.png failed."
"17-08-2026 14:03:59","940","Information","Microsoft-Windows-AppXDeployment-Server","Appxsvc lifecycle transition to Running (Checkpoint=4)"
"17-08-2026 14:03:59","939","Information","Microsoft-Windows-AppXDeployment-Server","Appxsvc lifecycle transition to Starting (Checkpoint=2)"
"17-08-2026 13:49:25","942","Information","Microsoft-Windows-AppXDeployment-Server","Appxsvc lifecycle transition to Stopped (Checkpoint=8)"
"17-08-2026 13:49:25","941","Information","Microsoft-Windows-AppXDeployment-Server","Appxsvc lifecycle transition to Stopping (Checkpoint=5)"
"17-08-2026 13:44:25","493","Warning","Microsoft-Windows-AppXDeployment-Server","There were 4 additional files that failed to be deleted under the folder \\?\C:\Program Files\WindowsApps\Deleted."
"17-08-2026 13:44:25","471","Information","Microsoft-Windows-AppXDeployment-Server","error 0x5: Deleting file \\?\C:\Program Files\WindowsApps\Deleted\Microsoft.MicrosoftOfficeHub_19.2608.34011.0_x64__8wekyb3d8bbwee1b6bff2-7844-4ece-a5dd-799a5f0a66ff\resources.pri failed."
"17-08-2026 13:44:25","471","Information","Microsoft-Windows-AppXDeployment-Server","error 0x12C: Deleting file \\?\C:\Program Files\WindowsApps\Deleted\Microsoft.MicrosoftOfficeHub_19.2608.34011.0_x64__8wekyb3d8bbwee1b6bff2-7844-4ece-a5dd-799a5f0a66ff\NoiseAsset_256X256_PNG.png failed."
"17-08-2026 13:44:25","471","Information","Microsoft-Windows-AppXDeployment-Server","error 0x12C: Deleting file \\?\C:\Program Files\WindowsApps\Deleted\Microsoft.MicrosoftOfficeHub_19.2608.34011.0_x64__8wekyb3d8bbwee1b6bff2-7844-4ece-a5dd-799a5f0a66ff\Microsoft.UI.Xaml\Assets\NoiseAsset_256X256_PNG.png failed."
"17-08-2026 13:38:25","940","Information","Microsoft-Windows-AppXDeployment-Server","Appxsvc lifecycle transition to Running (Checkpoint=4)"
"17-08-2026 13:38:25","939","Information","Microsoft-Windows-AppXDeployment-Server","Appxsvc lifecycle transition to Starting (Checkpoint=2)"
"17-08-2026 13:37:22","942","Information","Microsoft-Windows-AppXDeployment-Server","Appxsvc lifecycle transition to Stopped (Checkpoint=8)"
"17-08-2026 13:37:22","941","Information","Microsoft-Windows-AppXDeployment-Server","Appxsvc lifecycle transition to Stopping (Checkpoint=5)"
"17-08-2026 13:31:57","822","Verbose","Microsoft-Windows-AppXDeployment-Server","Updating registry for package Microsoft.MicrosoftEdge.Stable_151.0.4129.86_neutral__8wekyb3d8bbwe completed with result: 0x0."
"17-08-2026 13:31:57","821","Verbose","Microsoft-Windows-AppXDeployment-Server","During-logon registration of package Microsoft.MicrosoftEdge.Stable_151.0.4129.86_neutral__8wekyb3d8bbwe for user S-1-12-1-2357405129-1281513531-255772574-1816207334 finished with result: 0x0; updating registry..."
"17-08-2026 13:31:57","822","Verbose","Microsoft-Windows-AppXDeployment-Server","Updating registry for package Microsoft.WindowsAppRuntime.2_2.4.0.0_x64__8wekyb3d8bbwe completed with result: 0x0."
"17-08-2026 13:31:57","821","Verbose","Microsoft-Windows-AppXDeployment-Server","During-logon registration of package Microsoft.WindowsAppRuntime.2_2.4.0.0_x64__8wekyb3d8bbwe for user S-1-12-1-2357405129-1281513531-255772574-1816207334 finished with result: 0x0; updating registry..."
"17-08-2026 13:31:57","493","Warning","Microsoft-Windows-AppXDeployment-Server","There were 4 additional files that failed to be deleted under the folder \\?\C:\Program Files\WindowsApps\Deleted."
"17-08-2026 13:31:57","471","Information","Microsoft-Windows-AppXDeployment-Server","error 0x5: Deleting file \\?\C:\Program Files\WindowsApps\Deleted\Microsoft.MicrosoftOfficeHub_19.2608.34011.0_x64__8wekyb3d8bbwee1b6bff2-7844-4ece-a5dd-799a5f0a66ff\resources.pri failed."
"17-08-2026 13:31:57","471","Information","Microsoft-Windows-AppXDeployment-Server","error 0x12C: Deleting file \\?\C:\Program Files\WindowsApps\Deleted\Microsoft.MicrosoftOfficeHub_19.2608.34011.0_x64__8wekyb3d8bbwee1b6bff2-7844-4ece-a5dd-799a5f0a66ff\NoiseAsset_256X256_PNG.png failed."
"17-08-2026 13:31:57","471","Information","Microsoft-Windows-AppXDeployment-Server","error 0x12C: Deleting file \\?\C:\Program Files\WindowsApps\Deleted\Microsoft.MicrosoftOfficeHub_19.2608.34011.0_x64__8wekyb3d8bbwee1b6bff2-7844-4ece-a5dd-799a5f0a66ff\Microsoft.UI.Xaml\Assets\NoiseAsset_256X256_PNG.png failed."
"17-08-2026 13:31:57","613","Information","Microsoft-Windows-AppXDeployment-Server","Performance summary of Deployment Register operation on Package Microsoft.WindowsAppRuntime.2_2.4.0.0_x64__8wekyb3d8bbwe: 
Overall time: 1671 ms (Active time: 1218 ms)
Gap: 15 ms
Enqueue cost: 47 ms
Dequeue delay: 453 ms
Gap: 16 ms
Bundle processing cost: 172 ms
Indexing cost: 15 ms
Resolve dependency cost: 32 ms
Gap: 15 ms
Check approval cost: 0 ms
Evaluation cost: 16 ms
Hardlinking evaluation cost: 0 ms
Stage required cost: 0 ms
Flushing and closing files cost: 0 ms
Gap: 234 ms
Machine register cost: 0 ms
Stage user data cost: 0 ms
Registration cost: 375 ms
Repository commit transaction cost: 110 ms
Gap: 93 ms
Data flush cost: 47 ms
Post DeStage repository commit transaction cost: 0 ms
Remaining cost: 31 ms
"
"17-08-2026 13:31:56","400","Information","Microsoft-Windows-AppXDeployment-Server","Deployment Register operation with target volume C: on Package Microsoft.WindowsAppRuntime.2_2.4.0.0_x64__8wekyb3d8bbwe from:  (AppxManifest.xml)  finished successfully."
"17-08-2026 13:31:56","9660","Warning","Microsoft-Windows-AppXDeployment-Server","error 0xD007007A: Unable to notify BrokerInfrastructure service for package Microsoft.WindowsAppRuntime.2_2.2.0.0_x64__8wekyb3d8bbwe and state change 2."
"17-08-2026 13:31:56","617","Verbose","Microsoft-Windows-AppXDeployment-Server","Successfully updated the status for package Microsoft.WindowsAppRuntime.2_2.4.0.0_x64__8wekyb3d8bbwe and user S-1-12-1-2357405129-1281513531-255772574-1816207334 (Clear=0x300, Set=0x0)."
"17-08-2026 13:31:56","617","Verbose","Microsoft-Windows-AppXDeployment-Server","Successfully updated the status for package Microsoft.WindowsAppRuntime.2_2.4.0.0_x64__8wekyb3d8bbwe and user S-1-12-1-2357405129-1281513531-255772574-1816207334 (Clear=0x10000C00, Set=0x0)."
"17-08-2026 13:31:56","617","Verbose","Microsoft-Windows-AppXDeployment-Server","Successfully updated the status for package Microsoft.WindowsAppRuntime.2_2.4.0.0_x64__8wekyb3d8bbwe and user S-1-12-1-2357405129-1281513531-255772574-1816207334 (Clear=0x20, Set=0x0)."
"17-08-2026 13:31:56","617","Verbose","Microsoft-Windows-AppXDeployment-Server","Successfully updated the status for package MicrosoftWindows.Client.WebExperience_526.21100.40.0_x64__cw5n1h2txyewy and user S-1-12-1-2357405129-1281513531-255772574-1816207334 (Clear=0x20, Set=0x0)."
"17-08-2026 13:31:56","617","Verbose","Microsoft-Windows-AppXDeployment-Server","Successfully updated the status for package Clipchamp.Clipchamp_4.5.10920.0_x64__yxz26nhyzhsrt and user S-1-12-1-2357405129-1281513531-255772574-1816207334 (Clear=0x20, Set=0x0)."
"17-08-2026 13:31:56","617","Verbose","Microsoft-Windows-AppXDeployment-Server","Successfully updated the status for package Microsoft.Paint_11.2605.71.0_x64__8wekyb3d8bbwe and user S-1-12-1-2357405129-1281513531-255772574-1816207334 (Clear=0x20, Set=0x0)."
"17-08-2026 13:31:56","617","Verbose","Microsoft-Windows-AppXDeployment-Server","Successfully updated the status for package Microsoft.Windows.Photos_2026.11060.2004.0_x64__8wekyb3d8bbwe and user S-1-12-1-2357405129-1281513531-255772574-1816207334 (Clear=0x20, Set=0x0)."
"17-08-2026 13:31:56","617","Verbose","Microsoft-Windows-AppXDeployment-Server","Successfully updated the status for package Microsoft.WindowsAppRuntime.2_2.4.0.0_x64__8wekyb3d8bbwe and user S-1-12-1-2357405129-1281513531-255772574-1816207334 (Clear=0x20, Set=0x0)."
"17-08-2026 13:31:56","617","Verbose","Microsoft-Windows-AppXDeployment-Server","Successfully updated the status for package Microsoft.WindowsAppRuntime.2_2.2.0.0_x64__8wekyb3d8bbwe and user S-1-12-1-2357405129-1281513531-255772574-1816207334 (Clear=0x20, Set=0x0)."
"17-08-2026 13:31:56","617","Verbose","Microsoft-Windows-AppXDeployment-Server","Successfully updated the status for package Microsoft.WindowsAppRuntime.2_2.4.0.0_x64__8wekyb3d8bbwe and user S-1-12-1-2357405129-1281513531-255772574-1816207334 (Clear=0x0, Set=0x20)."
"17-08-2026 13:31:56","617","Verbose","Microsoft-Windows-AppXDeployment-Server","Successfully updated the status for package MicrosoftWindows.CrossDevice_1.26062.105.0_x64__cw5n1h2txyewy and user S-1-12-1-2357405129-1281513531-255772574-1816207334 (Clear=0x0, Set=0x400)."
"17-08-2026 13:31:56","617","Verbose","Microsoft-Windows-AppXDeployment-Server","Successfully updated the status for package Microsoft.WindowsNotepad_11.2606.15.0_x64__8wekyb3d8bbwe and user S-1-12-1-2357405129-1281513531-255772574-1816207334 (Clear=0x0, Set=0x400)."
"17-08-2026 13:31:56","658","Warning","Microsoft-Windows-AppXDeployment-Server","Marking package {Microsoft.WindowsAppRuntime.2_2.4.0.0_x64__8wekyb3d8bbwe} for deferred registration because {MicrosoftWindows.CrossDevice_1.26062.105.0_x64__cw5n1h2txyewy} is still running."
"17-08-2026 13:31:56","658","Warning","Microsoft-Windows-AppXDeployment-Server","Marking package {Microsoft.WindowsAppRuntime.2_2.4.0.0_x64__8wekyb3d8bbwe} for deferred registration because {Microsoft.WindowsNotepad_11.2606.15.0_x64__8wekyb3d8bbwe} is still running."
"17-08-2026 13:31:56","9643","Verbose","Microsoft-Windows-AppXDeployment-Server","0x0: TerminateApplications successful."
"17-08-2026 13:31:56","9643","Verbose","Microsoft-Windows-AppXDeployment-Server","0x0: TerminateApplications successful."
"17-08-2026 13:31:56","617","Verbose","Microsoft-Windows-AppXDeployment-Server","Successfully updated the status for package MicrosoftWindows.Client.WebExperience_526.21100.40.0_x64__cw5n1h2txyewy and user S-1-12-1-2357405129-1281513531-255772574-1816207334 (Clear=0x0, Set=0x20)."
"17-08-2026 13:31:56","617","Verbose","Microsoft-Windows-AppXDeployment-Server","Successfully updated the status for package Clipchamp.Clipchamp_4.5.10920.0_x64__yxz26nhyzhsrt and user S-1-12-1-2357405129-1281513531-255772574-1816207334 (Clear=0x0, Set=0x20)."
"17-08-2026 13:31:56","617","Verbose","Microsoft-Windows-AppXDeployment-Server","Successfully updated the status for package Microsoft.Paint_11.2605.71.0_x64__8wekyb3d8bbwe and user S-1-12-1-2357405129-1281513531-255772574-1816207334 (Clear=0x0, Set=0x20)."
"17-08-2026 13:31:56","617","Verbose","Microsoft-Windows-AppXDeployment-Server","Successfully updated the status for package Microsoft.Windows.Photos_2026.11060.2004.0_x64__8wekyb3d8bbwe and user S-1-12-1-2357405129-1281513531-255772574-1816207334 (Clear=0x0, Set=0x20)."
"17-08-2026 13:31:56","617","Verbose","Microsoft-Windows-AppXDeployment-Server","Successfully updated the status for package Microsoft.WindowsAppRuntime.2_2.4.0.0_x64__8wekyb3d8bbwe and user S-1-12-1-2357405129-1281513531-255772574-1816207334 (Clear=0x0, Set=0x20)."
"17-08-2026 13:31:56","617","Verbose","Microsoft-Windows-AppXDeployment-Server","Successfully updated the status for package Microsoft.WindowsAppRuntime.2_2.2.0.0_x64__8wekyb3d8bbwe and user S-1-12-1-2357405129-1281513531-255772574-1816207334 (Clear=0x0, Set=0x20)."
"17-08-2026 13:31:56","638","Information","Microsoft-Windows-AppXDeployment-Server","Packages were not updated because affected apps are still running.  Running apps: {Microsoft.WindowsNotepad_8wekyb3d8bbwe!App MicrosoftWindows.CrossDevice_cw5n1h2txyewy!App}, Directly serviced packages: {NULL}, Indirectly serviced packages: {Microsoft.Windows.Photos_2026.11060.2004.0_x64__8wekyb3d8bbwe Microsoft.Paint_11.2605.71.0_x64__8wekyb3d8bbwe Clipchamp.Clipchamp_4.5.10920.0_x64__yxz26nhyzhsrt MicrosoftWindows.CrossDevice_1.26062.105.0_x64__cw5n1h2txyewy Microsoft.WindowsNotepad_11.2606.15.0_x64__8wekyb3d8bbwe MicrosoftWindows.Client.WebExperience_526.21100.40.0_x64__cw5n1h2txyewy}, Number of previous attempts: 0, Is user session locked: false, Force update deferred by package: false"
"17-08-2026 13:31:56","9643","Verbose","Microsoft-Windows-AppXDeployment-Server","0x0: TerminateApplications successful."
"17-08-2026 13:31:56","9643","Verbose","Microsoft-Windows-AppXDeployment-Server","0x0: TerminateApplications successful."
"17-08-2026 13:31:56","855","Information","Microsoft-Windows-AppXDeployment-Server","Finished resolving action lists. DeploymentRequest action lists: updateList: Microsoft.WindowsAppRuntime.2_2.2.0.0_x64__8wekyb3d8bbwe is updating to Microsoft.WindowsAppRuntime.2_2.4.0.0_x64__8wekyb3d8bbwe."
"17-08-2026 13:31:56","854","Information","Microsoft-Windows-AppXDeployment-Server","Successfully added the following uri(s) to be processed:  C:\Program Files\WindowsApps\Microsoft.WindowsAppRuntime.2_2.4.0.0_x64__8wekyb3d8bbwe\AppxManifest.xml."
"17-08-2026 13:31:55","607","Information","Microsoft-Windows-AppXDeployment-Server","Deployment Register operation on package Microsoft.WindowsAppRuntime.2_2.4.0.0_x64__8wekyb3d8bbwe has been de-queued and is running for user SID S-1-12-1-2357405129-1281513531-255772574-1816207334."
"17-08-2026 13:31:55","626","Verbose","Microsoft-Windows-AppXDeployment-Server","Deployment Register operation on package Microsoft.WindowsAppRuntime.2_2.4.0.0_x64__8wekyb3d8bbwe has been requeued for user SID S-1-12-1-2357405129-1281513531-255772574-1816207334."
"17-08-2026 13:31:55","855","Information","Microsoft-Windows-AppXDeployment-Server","Finished resolving action lists. DeploymentRequest action lists: updateList: Microsoft.WindowsAppRuntime.2_2.2.0.0_x64__8wekyb3d8bbwe is updating to Microsoft.WindowsAppRuntime.2_2.4.0.0_x64__8wekyb3d8bbwe."
"17-08-2026 13:31:55","854","Information","Microsoft-Windows-AppXDeployment-Server","Successfully added the following uri(s) to be processed:  C:\Program Files\WindowsApps\Microsoft.WindowsAppRuntime.2_2.4.0.0_x64__8wekyb3d8bbwe\AppxManifest.xml."
"17-08-2026 13:31:55","607","Information","Microsoft-Windows-AppXDeployment-Server","Deployment Register operation on package Microsoft.WindowsAppRuntime.2_2.4.0.0_x64__8wekyb3d8bbwe has been de-queued and is running for user SID S-1-12-1-2357405129-1281513531-255772574-1816207334."
"17-08-2026 13:31:55","626","Verbose","Microsoft-Windows-AppXDeployment-Server","Deployment Register operation on package Microsoft.WindowsAppRuntime.2_2.4.0.0_x64__8wekyb3d8bbwe has been requeued for user SID S-1-12-1-2357405129-1281513531-255772574-1816207334."
"17-08-2026 13:31:55","855","Information","Microsoft-Windows-AppXDeployment-Server","Finished resolving action lists. DeploymentRequest action lists: updateList: Microsoft.WindowsAppRuntime.2_2.2.0.0_x64__8wekyb3d8bbwe is updating to Microsoft.WindowsAppRuntime.2_2.4.0.0_x64__8wekyb3d8bbwe."
"17-08-2026 13:31:55","854","Information","Microsoft-Windows-AppXDeployment-Server","Successfully added the following uri(s) to be processed:  C:\Program Files\WindowsApps\Microsoft.WindowsAppRuntime.2_2.4.0.0_x64__8wekyb3d8bbwe\AppxManifest.xml."
"17-08-2026 13:31:55","607","Information","Microsoft-Windows-AppXDeployment-Server","Deployment Register operation on package Microsoft.WindowsAppRuntime.2_2.4.0.0_x64__8wekyb3d8bbwe has been de-queued and is running for user SID S-1-12-1-2357405129-1281513531-255772574-1816207334."
"17-08-2026 13:31:55","10002","Verbose","Microsoft-Windows-AppXDeployment-Server","Creating Resiliency File C:\ProgramData\Microsoft\Windows\AppRepository\a096e69e-0f67-4e76-8102-7265ac304f50_S-1-12-1-2357405129-1281513531-255772574-1816207334_6.rslc for Register Operation on Package Microsoft.WindowsAppRuntime.2_2.4.0.0_x64__8wekyb3d8bbwe."
"17-08-2026 13:31:55","603","Information","Microsoft-Windows-AppXDeployment-Server","Started deployment Register operation on a package with main parameter AppxManifest.xml and Options ForceTargetApplicationShutdownOption,SkipReregisterIfPackageStatusOk,LowPriorityRequest and SkipDeploymentOperationRpcCallerIsAdminCheck. See http://go.microsoft.com/fwlink/?LinkId=235160 for help diagnosing app deployment issues."
"17-08-2026 13:31:55","822","Verbose","Microsoft-Windows-AppXDeployment-Server","Updating registry for package MSTeams_26198.304.4946.9672_x64__8wekyb3d8bbwe completed with result: 0x0."
"17-08-2026 13:31:55","821","Verbose","Microsoft-Windows-AppXDeployment-Server","During-logon registration of package MSTeams_26198.304.4946.9672_x64__8wekyb3d8bbwe for user S-1-12-1-2357405129-1281513531-255772574-1816207334 finished with result: 0x80073D02; updating registry..."
"17-08-2026 13:31:55","493","Warning","Microsoft-Windows-AppXDeployment-Server","There were 4 additional files that failed to be deleted under the folder \\?\C:\Program Files\WindowsApps\Deleted."
"17-08-2026 13:31:55","471","Information","Microsoft-Windows-AppXDeployment-Server","error 0x5: Deleting file \\?\C:\Program Files\WindowsApps\Deleted\Microsoft.MicrosoftOfficeHub_19.2608.34011.0_x64__8wekyb3d8bbwee1b6bff2-7844-4ece-a5dd-799a5f0a66ff\resources.pri failed."
"17-08-2026 13:31:55","471","Information","Microsoft-Windows-AppXDeployment-Server","error 0x12C: Deleting file \\?\C:\Program Files\WindowsApps\Deleted\Microsoft.MicrosoftOfficeHub_19.2608.34011.0_x64__8wekyb3d8bbwee1b6bff2-7844-4ece-a5dd-799a5f0a66ff\NoiseAsset_256X256_PNG.png failed."
"17-08-2026 13:31:55","471","Information","Microsoft-Windows-AppXDeployment-Server","error 0x12C: Deleting file \\?\C:\Program Files\WindowsApps\Deleted\Microsoft.MicrosoftOfficeHub_19.2608.34011.0_x64__8wekyb3d8bbwee1b6bff2-7844-4ece-a5dd-799a5f0a66ff\Microsoft.UI.Xaml\Assets\NoiseAsset_256X256_PNG.png failed."
"17-08-2026 13:31:55","613","Information","Microsoft-Windows-AppXDeployment-Server","Performance summary of Deployment Register operation on Package MSTeams_26198.304.4946.9672_x64__8wekyb3d8bbwe: Failed to reach state ResolvedDeferredRegistrations
Overall time: 312 ms (Active time: 312 ms)
Gap: 15 ms
Enqueue cost: 32 ms
Dequeue delay: 0 ms
Bundle processing cost: 0 ms
Indexing cost: 15 ms
Resolve dependency cost: 16 ms
Gap: 16 ms
Check approval cost: 15 ms
Evaluation cost: 0 ms
Hardlinking evaluation cost: 0 ms
Stage required cost: 16 ms
Flushing and closing files cost: 0 ms
Machine register cost: 0 ms
Stage user data cost: 0 ms
Registration cost: 0 ms
Repository commit transaction cost: 0 ms
Data flush cost: 0 ms
Post DeStage repository commit transaction cost: 0 ms
Remaining cost: 187 ms
"
"17-08-2026 13:31:55","404","Error","Microsoft-Windows-AppXDeployment-Server","AppX Deployment operation failed for package MSTeams_26198.304.4946.9672_x64__8wekyb3d8bbwe with error 0x80073D02. The specific error text for this failure is: error 0x80073D02: Unable to install because the following apps need to be closed MSTeams_26183.1903.4892.4448_x64__8wekyb3d8bbwe."
"17-08-2026 13:31:55","401","Error","Microsoft-Windows-AppXDeployment-Server","Deployment Register operation with target volume C: on Package MSTeams_26198.304.4946.9672_x64__8wekyb3d8bbwe from:  (AppxManifest.xml)  failed with error 0x80073D02. See http://go.microsoft.com/fwlink/?LinkId=235160 for help diagnosing app deployment issues."
"17-08-2026 13:31:55","617","Verbose","Microsoft-Windows-AppXDeployment-Server","Successfully updated the status for package MSTeams_26198.304.4946.9672_x64__8wekyb3d8bbwe and user S-1-12-1-2357405129-1281513531-255772574-1816207334 (Clear=0x20, Set=0x0)."
"17-08-2026 13:31:55","605","Information","Microsoft-Windows-AppXDeployment-Server","Error 0x80073D02: Failure in the ResolvedDeferredRegistrations state handler."
"17-08-2026 13:31:55","419","Error","Microsoft-Windows-AppXDeployment-Server","error 0x80073D02: Unable to install because the following apps need to be closed MSTeams_26183.1903.4892.4448_x64__8wekyb3d8bbwe."
"17-08-2026 13:31:55","638","Information","Microsoft-Windows-AppXDeployment-Server","Packages were not updated because affected apps are still running.  Running apps: {MSTeams_8wekyb3d8bbwe!MSTeams}, Directly serviced packages: {MSTeams_26198.304.4946.9672_x64__8wekyb3d8bbwe}, Indirectly serviced packages: {NULL}, Number of previous attempts: 1, Is user session locked: false, Force update deferred by package: false"
"17-08-2026 13:31:55","617","Verbose","Microsoft-Windows-AppXDeployment-Server","Successfully updated the status for package MSTeams_26198.304.4946.9672_x64__8wekyb3d8bbwe and user S-1-12-1-2357405129-1281513531-255772574-1816207334 (Clear=0x0, Set=0x20)."
"17-08-2026 13:31:55","638","Information","Microsoft-Windows-AppXDeployment-Server","Packages were not updated because affected apps are still running.  Running apps: {MSTeams_8wekyb3d8bbwe!MSTeams}, Directly serviced packages: {MSTeams_26183.1903.4892.4448_x64__8wekyb3d8bbwe MSTeams_26198.304.4946.9672_x64__8wekyb3d8bbwe}, Indirectly serviced packages: {NULL}, Number of previous attempts: 1, Is user session locked: false, Force update deferred by package: false"
