"06-08-2026 17:59:33","105","Information","Microsoft-Windows-Diagnosis-DPS","Diagnostic module {45de1ea9-10bc-4f96-9b21-4b6b83dbf476} (%windir%\system32\radardt.dll) started troubleshooting scenario {180b3a99-8c39-4f12-b631-2031998efe45}, instance {899cd6a9-9ba1-4629-b894-8cb006a5215a}, original activity ID {00000000-0000-0000-0000-000000000000}."
"06-08-2026 17:59:33","100","Information","Microsoft-Windows-Diagnosis-DPS","Diagnostic module {45de1ea9-10bc-4f96-9b21-4b6b83dbf476} (%windir%\system32\radardt.dll) detected a problem for scenario {180b3a99-8c39-4f12-b631-2031998efe45}, instance {899cd6a9-9ba1-4629-b894-8cb006a5215a}, original activity ID {00000000-0000-0000-0000-000000000000}."
"06-08-2026 17:54:33","105","Information","Microsoft-Windows-Diagnosis-DPS","Diagnostic module {45de1ea9-10bc-4f96-9b21-4b6b83dbf476} (%windir%\system32\radardt.dll) started troubleshooting scenario {180b3a99-8c39-4f12-b631-2031998efe45}, instance {1728acdb-cfe4-4cad-a10a-636e54a56354}, original activity ID {00000000-0000-0000-0000-000000000000}."
"06-08-2026 17:54:33","100","Information","Microsoft-Windows-Diagnosis-DPS","Diagnostic module {45de1ea9-10bc-4f96-9b21-4b6b83dbf476} (%windir%\system32\radardt.dll) detected a problem for scenario {180b3a99-8c39-4f12-b631-2031998efe45}, instance {1728acdb-cfe4-4cad-a10a-636e54a56354}, original activity ID {00000000-0000-0000-0000-000000000000}."
"06-08-2026 17:49:33","105","Information","Microsoft-Windows-Diagnosis-DPS","Diagnostic module {45de1ea9-10bc-4f96-9b21-4b6b83dbf476} (%windir%\system32\radardt.dll) started troubleshooting scenario {180b3a99-8c39-4f12-b631-2031998efe45}, instance {84bbe76e-ceba-4ece-8c62-d6413a9947dd}, original activity ID {00000000-0000-0000-0000-000000000000}."
"06-08-2026 17:49:33","100","Information","Microsoft-Windows-Diagnosis-DPS","Diagnostic module {45de1ea9-10bc-4f96-9b21-4b6b83dbf476} (%windir%\system32\radardt.dll) detected a problem for scenario {180b3a99-8c39-4f12-b631-2031998efe45}, instance {84bbe76e-ceba-4ece-8c62-d6413a9947dd}, original activity ID {00000000-0000-0000-0000-000000000000}."
"06-08-2026 17:44:33","105","Information","Microsoft-Windows-Diagnosis-DPS","Diagnostic module {45de1ea9-10bc-4f96-9b21-4b6b83dbf476} (%windir%\system32\radardt.dll) started troubleshooting scenario {180b3a99-8c39-4f12-b631-2031998efe45}, instance {121f199f-987b-4d18-a1a6-dfd487e058e7}, original activity ID {00000000-0000-0000-0000-000000000000}."
"06-08-2026 17:44:33","100","Information","Microsoft-Windows-Diagnosis-DPS","Diagnostic module {45de1ea9-10bc-4f96-9b21-4b6b83dbf476} (%windir%\system32\radardt.dll) detected a problem for scenario {180b3a99-8c39-4f12-b631-2031998efe45}, instance {121f199f-987b-4d18-a1a6-dfd487e058e7}, original activity ID {00000000-0000-0000-0000-000000000000}."
"06-08-2026 17:39:33","105","Information","Microsoft-Windows-Diagnosis-DPS","Diagnostic module {45de1ea9-10bc-4f96-9b21-4b6b83dbf476} (%windir%\system32\radardt.dll) started troubleshooting scenario {180b3a99-8c39-4f12-b631-2031998efe45}, instance {8fd14c17-311f-4897-862e-d8d3e5e5ee36}, original activity ID {00000000-0000-0000-0000-000000000000}."
"06-08-2026 17:39:33","100","Information","Microsoft-Windows-Diagnosis-DPS","Diagnostic module {45de1ea9-10bc-4f96-9b21-4b6b83dbf476} (%windir%\system32\radardt.dll) detected a problem for scenario {180b3a99-8c39-4f12-b631-2031998efe45}, instance {8fd14c17-311f-4897-862e-d8d3e5e5ee36}, original activity ID {00000000-0000-0000-0000-000000000000}."
"06-08-2026 17:34:33","105","Information","Microsoft-Windows-Diagnosis-DPS","Diagnostic module {45de1ea9-10bc-4f96-9b21-4b6b83dbf476} (%windir%\system32\radardt.dll) started troubleshooting scenario {180b3a99-8c39-4f12-b631-2031998efe45}, instance {d1c62fba-f0b1-4130-aa84-28e1b77ac13f}, original activity ID {00000000-0000-0000-0000-000000000000}."
"06-08-2026 17:34:33","100","Information","Microsoft-Windows-Diagnosis-DPS","Diagnostic module {45de1ea9-10bc-4f96-9b21-4b6b83dbf476} (%windir%\system32\radardt.dll) detected a problem for scenario {180b3a99-8c39-4f12-b631-2031998efe45}, instance {d1c62fba-f0b1-4130-aa84-28e1b77ac13f}, original activity ID {00000000-0000-0000-0000-000000000000}."
"06-08-2026 17:29:33","105","Information","Microsoft-Windows-Diagnosis-DPS","Diagnostic module {45de1ea9-10bc-4f96-9b21-4b6b83dbf476} (%windir%\system32\radardt.dll) started troubleshooting scenario {180b3a99-8c39-4f12-b631-2031998efe45}, instance {01945fe5-dac3-4e18-8b37-0539d2d2269c}, original activity ID {00000000-0000-0000-0000-000000000000}."
"06-08-2026 17:29:33","100","Information","Microsoft-Windows-Diagnosis-DPS","Diagnostic module {45de1ea9-10bc-4f96-9b21-4b6b83dbf476} (%windir%\system32\radardt.dll) detected a problem for scenario {180b3a99-8c39-4f12-b631-2031998efe45}, instance {01945fe5-dac3-4e18-8b37-0539d2d2269c}, original activity ID {00000000-0000-0000-0000-000000000000}."
"06-08-2026 17:24:33","105","Information","Microsoft-Windows-Diagnosis-DPS","Diagnostic module {45de1ea9-10bc-4f96-9b21-4b6b83dbf476} (%windir%\system32\radardt.dll) started troubleshooting scenario {180b3a99-8c39-4f12-b631-2031998efe45}, instance {ce4775db-4e91-4ebe-8f43-6b97025aea6b}, original activity ID {00000000-0000-0000-0000-000000000000}."
"06-08-2026 17:24:33","100","Information","Microsoft-Windows-Diagnosis-DPS","Diagnostic module {45de1ea9-10bc-4f96-9b21-4b6b83dbf476} (%windir%\system32\radardt.dll) detected a problem for scenario {180b3a99-8c39-4f12-b631-2031998efe45}, instance {ce4775db-4e91-4ebe-8f43-6b97025aea6b}, original activity ID {00000000-0000-0000-0000-000000000000}."
"06-08-2026 17:19:33","105","Information","Microsoft-Windows-Diagnosis-DPS","Diagnostic module {45de1ea9-10bc-4f96-9b21-4b6b83dbf476} (%windir%\system32\radardt.dll) started troubleshooting scenario {180b3a99-8c39-4f12-b631-2031998efe45}, instance {2ea7f785-1cb4-4e3f-bce7-c11f8fab3c0b}, original activity ID {00000000-0000-0000-0000-000000000000}."
"06-08-2026 17:19:33","100","Information","Microsoft-Windows-Diagnosis-DPS","Diagnostic module {45de1ea9-10bc-4f96-9b21-4b6b83dbf476} (%windir%\system32\radardt.dll) detected a problem for scenario {180b3a99-8c39-4f12-b631-2031998efe45}, instance {2ea7f785-1cb4-4e3f-bce7-c11f8fab3c0b}, original activity ID {00000000-0000-0000-0000-000000000000}."
"06-08-2026 17:14:33","105","Information","Microsoft-Windows-Diagnosis-DPS","Diagnostic module {45de1ea9-10bc-4f96-9b21-4b6b83dbf476} (%windir%\system32\radardt.dll) started troubleshooting scenario {180b3a99-8c39-4f12-b631-2031998efe45}, instance {23e1a629-1cf0-4fb7-8aa6-ede5826fe230}, original activity ID {00000000-0000-0000-0000-000000000000}."
"06-08-2026 17:14:33","100","Information","Microsoft-Windows-Diagnosis-DPS","Diagnostic module {45de1ea9-10bc-4f96-9b21-4b6b83dbf476} (%windir%\system32\radardt.dll) detected a problem for scenario {180b3a99-8c39-4f12-b631-2031998efe45}, instance {23e1a629-1cf0-4fb7-8aa6-ede5826fe230}, original activity ID {00000000-0000-0000-0000-000000000000}."
"06-08-2026 17:09:33","105","Information","Microsoft-Windows-Diagnosis-DPS","Diagnostic module {45de1ea9-10bc-4f96-9b21-4b6b83dbf476} (%windir%\system32\radardt.dll) started troubleshooting scenario {180b3a99-8c39-4f12-b631-2031998efe45}, instance {878a815a-347d-4929-a06e-684b49ebcafc}, original activity ID {00000000-0000-0000-0000-000000000000}."
"06-08-2026 17:09:33","100","Information","Microsoft-Windows-Diagnosis-DPS","Diagnostic module {45de1ea9-10bc-4f96-9b21-4b6b83dbf476} (%windir%\system32\radardt.dll) detected a problem for scenario {180b3a99-8c39-4f12-b631-2031998efe45}, instance {878a815a-347d-4929-a06e-684b49ebcafc}, original activity ID {00000000-0000-0000-0000-000000000000}."
"06-08-2026 17:04:33","105","Information","Microsoft-Windows-Diagnosis-DPS","Diagnostic module {45de1ea9-10bc-4f96-9b21-4b6b83dbf476} (%windir%\system32\radardt.dll) started troubleshooting scenario {180b3a99-8c39-4f12-b631-2031998efe45}, instance {8618dd46-2fd5-4bdc-9c23-9b6b98a3148f}, original activity ID {00000000-0000-0000-0000-000000000000}."
"06-08-2026 17:04:33","100","Information","Microsoft-Windows-Diagnosis-DPS","Diagnostic module {45de1ea9-10bc-4f96-9b21-4b6b83dbf476} (%windir%\system32\radardt.dll) detected a problem for scenario {180b3a99-8c39-4f12-b631-2031998efe45}, instance {8618dd46-2fd5-4bdc-9c23-9b6b98a3148f}, original activity ID {00000000-0000-0000-0000-000000000000}."
"06-08-2026 16:59:33","105","Information","Microsoft-Windows-Diagnosis-DPS","Diagnostic module {45de1ea9-10bc-4f96-9b21-4b6b83dbf476} (%windir%\system32\radardt.dll) started troubleshooting scenario {180b3a99-8c39-4f12-b631-2031998efe45}, instance {21d6ad3f-3b90-42a8-9e64-2b399d626587}, original activity ID {00000000-0000-0000-0000-000000000000}."
"06-08-2026 16:59:33","100","Information","Microsoft-Windows-Diagnosis-DPS","Diagnostic module {45de1ea9-10bc-4f96-9b21-4b6b83dbf476} (%windir%\system32\radardt.dll) detected a problem for scenario {180b3a99-8c39-4f12-b631-2031998efe45}, instance {21d6ad3f-3b90-42a8-9e64-2b399d626587}, original activity ID {00000000-0000-0000-0000-000000000000}."
"06-08-2026 16:54:33","105","Information","Microsoft-Windows-Diagnosis-DPS","Diagnostic module {45de1ea9-10bc-4f96-9b21-4b6b83dbf476} (%windir%\system32\radardt.dll) started troubleshooting scenario {180b3a99-8c39-4f12-b631-2031998efe45}, instance {9150f2f8-d213-43d2-b342-0fe0acda8ad5}, original activity ID {00000000-0000-0000-0000-000000000000}."
"06-08-2026 16:54:33","100","Information","Microsoft-Windows-Diagnosis-DPS","Diagnostic module {45de1ea9-10bc-4f96-9b21-4b6b83dbf476} (%windir%\system32\radardt.dll) detected a problem for scenario {180b3a99-8c39-4f12-b631-2031998efe45}, instance {9150f2f8-d213-43d2-b342-0fe0acda8ad5}, original activity ID {00000000-0000-0000-0000-000000000000}."
"06-08-2026 16:49:33","105","Information","Microsoft-Windows-Diagnosis-DPS","Diagnostic module {45de1ea9-10bc-4f96-9b21-4b6b83dbf476} (%windir%\system32\radardt.dll) started troubleshooting scenario {180b3a99-8c39-4f12-b631-2031998efe45}, instance {d65b3d09-00dc-4c10-a245-90e572662778}, original activity ID {00000000-0000-0000-0000-000000000000}."
"06-08-2026 16:49:33","100","Information","Microsoft-Windows-Diagnosis-DPS","Diagnostic module {45de1ea9-10bc-4f96-9b21-4b6b83dbf476} (%windir%\system32\radardt.dll) detected a problem for scenario {180b3a99-8c39-4f12-b631-2031998efe45}, instance {d65b3d09-00dc-4c10-a245-90e572662778}, original activity ID {00000000-0000-0000-0000-000000000000}."
"06-08-2026 16:44:33","105","Information","Microsoft-Windows-Diagnosis-DPS","Diagnostic module {45de1ea9-10bc-4f96-9b21-4b6b83dbf476} (%windir%\system32\radardt.dll) started troubleshooting scenario {180b3a99-8c39-4f12-b631-2031998efe45}, instance {1973d04c-0d33-403e-a6cf-e4f1c9ea0590}, original activity ID {00000000-0000-0000-0000-000000000000}."
"06-08-2026 16:44:33","100","Information","Microsoft-Windows-Diagnosis-DPS","Diagnostic module {45de1ea9-10bc-4f96-9b21-4b6b83dbf476} (%windir%\system32\radardt.dll) detected a problem for scenario {180b3a99-8c39-4f12-b631-2031998efe45}, instance {1973d04c-0d33-403e-a6cf-e4f1c9ea0590}, original activity ID {00000000-0000-0000-0000-000000000000}."
"06-08-2026 16:39:33","105","Information","Microsoft-Windows-Diagnosis-DPS","Diagnostic module {45de1ea9-10bc-4f96-9b21-4b6b83dbf476} (%windir%\system32\radardt.dll) started troubleshooting scenario {180b3a99-8c39-4f12-b631-2031998efe45}, instance {9aeacf91-3d6d-42b4-adb4-2a192b9ba5ea}, original activity ID {00000000-0000-0000-0000-000000000000}."
"06-08-2026 16:39:33","100","Information","Microsoft-Windows-Diagnosis-DPS","Diagnostic module {45de1ea9-10bc-4f96-9b21-4b6b83dbf476} (%windir%\system32\radardt.dll) detected a problem for scenario {180b3a99-8c39-4f12-b631-2031998efe45}, instance {9aeacf91-3d6d-42b4-adb4-2a192b9ba5ea}, original activity ID {00000000-0000-0000-0000-000000000000}."
"06-08-2026 16:34:33","105","Information","Microsoft-Windows-Diagnosis-DPS","Diagnostic module {45de1ea9-10bc-4f96-9b21-4b6b83dbf476} (%windir%\system32\radardt.dll) started troubleshooting scenario {180b3a99-8c39-4f12-b631-2031998efe45}, instance {62eb7359-fd99-4bc2-a466-839bcc8b0930}, original activity ID {00000000-0000-0000-0000-000000000000}."
"06-08-2026 16:34:33","100","Information","Microsoft-Windows-Diagnosis-DPS","Diagnostic module {45de1ea9-10bc-4f96-9b21-4b6b83dbf476} (%windir%\system32\radardt.dll) detected a problem for scenario {180b3a99-8c39-4f12-b631-2031998efe45}, instance {62eb7359-fd99-4bc2-a466-839bcc8b0930}, original activity ID {00000000-0000-0000-0000-000000000000}."
"06-08-2026 16:29:33","105","Information","Microsoft-Windows-Diagnosis-DPS","Diagnostic module {45de1ea9-10bc-4f96-9b21-4b6b83dbf476} (%windir%\system32\radardt.dll) started troubleshooting scenario {180b3a99-8c39-4f12-b631-2031998efe45}, instance {54fc236d-8c85-40c3-a87b-57f4b0d1fbd7}, original activity ID {00000000-0000-0000-0000-000000000000}."
"06-08-2026 16:29:33","100","Information","Microsoft-Windows-Diagnosis-DPS","Diagnostic module {45de1ea9-10bc-4f96-9b21-4b6b83dbf476} (%windir%\system32\radardt.dll) detected a problem for scenario {180b3a99-8c39-4f12-b631-2031998efe45}, instance {54fc236d-8c85-40c3-a87b-57f4b0d1fbd7}, original activity ID {00000000-0000-0000-0000-000000000000}."
"06-08-2026 16:24:33","105","Information","Microsoft-Windows-Diagnosis-DPS","Diagnostic module {45de1ea9-10bc-4f96-9b21-4b6b83dbf476} (%windir%\system32\radardt.dll) started troubleshooting scenario {180b3a99-8c39-4f12-b631-2031998efe45}, instance {7480ea05-659c-4fd7-aaa9-fc4c8d78e922}, original activity ID {00000000-0000-0000-0000-000000000000}."
"06-08-2026 16:24:33","100","Information","Microsoft-Windows-Diagnosis-DPS","Diagnostic module {45de1ea9-10bc-4f96-9b21-4b6b83dbf476} (%windir%\system32\radardt.dll) detected a problem for scenario {180b3a99-8c39-4f12-b631-2031998efe45}, instance {7480ea05-659c-4fd7-aaa9-fc4c8d78e922}, original activity ID {00000000-0000-0000-0000-000000000000}."
"06-08-2026 16:19:33","105","Information","Microsoft-Windows-Diagnosis-DPS","Diagnostic module {45de1ea9-10bc-4f96-9b21-4b6b83dbf476} (%windir%\system32\radardt.dll) started troubleshooting scenario {180b3a99-8c39-4f12-b631-2031998efe45}, instance {d9739d02-39a1-48e0-a4e7-4877ab131f88}, original activity ID {00000000-0000-0000-0000-000000000000}."
"06-08-2026 16:19:33","100","Information","Microsoft-Windows-Diagnosis-DPS","Diagnostic module {45de1ea9-10bc-4f96-9b21-4b6b83dbf476} (%windir%\system32\radardt.dll) detected a problem for scenario {180b3a99-8c39-4f12-b631-2031998efe45}, instance {d9739d02-39a1-48e0-a4e7-4877ab131f88}, original activity ID {00000000-0000-0000-0000-000000000000}."
"06-08-2026 16:14:33","105","Information","Microsoft-Windows-Diagnosis-DPS","Diagnostic module {45de1ea9-10bc-4f96-9b21-4b6b83dbf476} (%windir%\system32\radardt.dll) started troubleshooting scenario {180b3a99-8c39-4f12-b631-2031998efe45}, instance {77d8d274-5f75-4b93-89e3-130a9df9e877}, original activity ID {00000000-0000-0000-0000-000000000000}."
"06-08-2026 16:14:33","100","Information","Microsoft-Windows-Diagnosis-DPS","Diagnostic module {45de1ea9-10bc-4f96-9b21-4b6b83dbf476} (%windir%\system32\radardt.dll) detected a problem for scenario {180b3a99-8c39-4f12-b631-2031998efe45}, instance {77d8d274-5f75-4b93-89e3-130a9df9e877}, original activity ID {00000000-0000-0000-0000-000000000000}."
"06-08-2026 16:09:33","105","Information","Microsoft-Windows-Diagnosis-DPS","Diagnostic module {45de1ea9-10bc-4f96-9b21-4b6b83dbf476} (%windir%\system32\radardt.dll) started troubleshooting scenario {180b3a99-8c39-4f12-b631-2031998efe45}, instance {41ab22d3-8d85-4419-975c-48fe6fc4c1c9}, original activity ID {00000000-0000-0000-0000-000000000000}."
"06-08-2026 16:09:33","100","Information","Microsoft-Windows-Diagnosis-DPS","Diagnostic module {45de1ea9-10bc-4f96-9b21-4b6b83dbf476} (%windir%\system32\radardt.dll) detected a problem for scenario {180b3a99-8c39-4f12-b631-2031998efe45}, instance {41ab22d3-8d85-4419-975c-48fe6fc4c1c9}, original activity ID {00000000-0000-0000-0000-000000000000}."
"06-08-2026 16:04:33","105","Information","Microsoft-Windows-Diagnosis-DPS","Diagnostic module {45de1ea9-10bc-4f96-9b21-4b6b83dbf476} (%windir%\system32\radardt.dll) started troubleshooting scenario {180b3a99-8c39-4f12-b631-2031998efe45}, instance {d494094a-b338-4175-aaa4-9c9a1bffabfb}, original activity ID {00000000-0000-0000-0000-000000000000}."
"06-08-2026 16:04:33","100","Information","Microsoft-Windows-Diagnosis-DPS","Diagnostic module {45de1ea9-10bc-4f96-9b21-4b6b83dbf476} (%windir%\system32\radardt.dll) detected a problem for scenario {180b3a99-8c39-4f12-b631-2031998efe45}, instance {d494094a-b338-4175-aaa4-9c9a1bffabfb}, original activity ID {00000000-0000-0000-0000-000000000000}."
"06-08-2026 15:59:33","105","Information","Microsoft-Windows-Diagnosis-DPS","Diagnostic module {45de1ea9-10bc-4f96-9b21-4b6b83dbf476} (%windir%\system32\radardt.dll) started troubleshooting scenario {180b3a99-8c39-4f12-b631-2031998efe45}, instance {8f535a41-5310-4412-beae-8d4cc211051b}, original activity ID {00000000-0000-0000-0000-000000000000}."
"06-08-2026 15:59:33","100","Information","Microsoft-Windows-Diagnosis-DPS","Diagnostic module {45de1ea9-10bc-4f96-9b21-4b6b83dbf476} (%windir%\system32\radardt.dll) detected a problem for scenario {180b3a99-8c39-4f12-b631-2031998efe45}, instance {8f535a41-5310-4412-beae-8d4cc211051b}, original activity ID {00000000-0000-0000-0000-000000000000}."
"06-08-2026 15:54:33","105","Information","Microsoft-Windows-Diagnosis-DPS","Diagnostic module {45de1ea9-10bc-4f96-9b21-4b6b83dbf476} (%windir%\system32\radardt.dll) started troubleshooting scenario {180b3a99-8c39-4f12-b631-2031998efe45}, instance {090d62d2-d2a5-407a-b22c-b2f85b10e61c}, original activity ID {00000000-0000-0000-0000-000000000000}."
"06-08-2026 15:54:33","100","Information","Microsoft-Windows-Diagnosis-DPS","Diagnostic module {45de1ea9-10bc-4f96-9b21-4b6b83dbf476} (%windir%\system32\radardt.dll) detected a problem for scenario {180b3a99-8c39-4f12-b631-2031998efe45}, instance {090d62d2-d2a5-407a-b22c-b2f85b10e61c}, original activity ID {00000000-0000-0000-0000-000000000000}."
"06-08-2026 15:49:33","105","Information","Microsoft-Windows-Diagnosis-DPS","Diagnostic module {45de1ea9-10bc-4f96-9b21-4b6b83dbf476} (%windir%\system32\radardt.dll) started troubleshooting scenario {180b3a99-8c39-4f12-b631-2031998efe45}, instance {e0fca587-0226-4977-a9a4-853681001152}, original activity ID {00000000-0000-0000-0000-000000000000}."
"06-08-2026 15:49:33","100","Information","Microsoft-Windows-Diagnosis-DPS","Diagnostic module {45de1ea9-10bc-4f96-9b21-4b6b83dbf476} (%windir%\system32\radardt.dll) detected a problem for scenario {180b3a99-8c39-4f12-b631-2031998efe45}, instance {e0fca587-0226-4977-a9a4-853681001152}, original activity ID {00000000-0000-0000-0000-000000000000}."
"06-08-2026 15:44:33","105","Information","Microsoft-Windows-Diagnosis-DPS","Diagnostic module {45de1ea9-10bc-4f96-9b21-4b6b83dbf476} (%windir%\system32\radardt.dll) started troubleshooting scenario {180b3a99-8c39-4f12-b631-2031998efe45}, instance {ae030a79-c54d-4f93-9378-34da41de1fd2}, original activity ID {00000000-0000-0000-0000-000000000000}."
"06-08-2026 15:44:33","100","Information","Microsoft-Windows-Diagnosis-DPS","Diagnostic module {45de1ea9-10bc-4f96-9b21-4b6b83dbf476} (%windir%\system32\radardt.dll) detected a problem for scenario {180b3a99-8c39-4f12-b631-2031998efe45}, instance {ae030a79-c54d-4f93-9378-34da41de1fd2}, original activity ID {00000000-0000-0000-0000-000000000000}."
"06-08-2026 15:39:33","105","Information","Microsoft-Windows-Diagnosis-DPS","Diagnostic module {45de1ea9-10bc-4f96-9b21-4b6b83dbf476} (%windir%\system32\radardt.dll) started troubleshooting scenario {180b3a99-8c39-4f12-b631-2031998efe45}, instance {db15948c-1bcb-4fc2-a9c6-35cfb8f3547a}, original activity ID {00000000-0000-0000-0000-000000000000}."
"06-08-2026 15:39:33","100","Information","Microsoft-Windows-Diagnosis-DPS","Diagnostic module {45de1ea9-10bc-4f96-9b21-4b6b83dbf476} (%windir%\system32\radardt.dll) detected a problem for scenario {180b3a99-8c39-4f12-b631-2031998efe45}, instance {db15948c-1bcb-4fc2-a9c6-35cfb8f3547a}, original activity ID {00000000-0000-0000-0000-000000000000}."
"06-08-2026 15:34:33","105","Information","Microsoft-Windows-Diagnosis-DPS","Diagnostic module {45de1ea9-10bc-4f96-9b21-4b6b83dbf476} (%windir%\system32\radardt.dll) started troubleshooting scenario {180b3a99-8c39-4f12-b631-2031998efe45}, instance {d33a3dde-c1d8-4f1b-9d1a-afa70ed4dd88}, original activity ID {00000000-0000-0000-0000-000000000000}."
"06-08-2026 15:34:33","100","Information","Microsoft-Windows-Diagnosis-DPS","Diagnostic module {45de1ea9-10bc-4f96-9b21-4b6b83dbf476} (%windir%\system32\radardt.dll) detected a problem for scenario {180b3a99-8c39-4f12-b631-2031998efe45}, instance {d33a3dde-c1d8-4f1b-9d1a-afa70ed4dd88}, original activity ID {00000000-0000-0000-0000-000000000000}."
"06-08-2026 15:29:33","105","Information","Microsoft-Windows-Diagnosis-DPS","Diagnostic module {45de1ea9-10bc-4f96-9b21-4b6b83dbf476} (%windir%\system32\radardt.dll) started troubleshooting scenario {180b3a99-8c39-4f12-b631-2031998efe45}, instance {2aac3da4-8ef4-441b-a742-f44bbb410554}, original activity ID {00000000-0000-0000-0000-000000000000}."
"06-08-2026 15:29:33","100","Information","Microsoft-Windows-Diagnosis-DPS","Diagnostic module {45de1ea9-10bc-4f96-9b21-4b6b83dbf476} (%windir%\system32\radardt.dll) detected a problem for scenario {180b3a99-8c39-4f12-b631-2031998efe45}, instance {2aac3da4-8ef4-441b-a742-f44bbb410554}, original activity ID {00000000-0000-0000-0000-000000000000}."
"06-08-2026 15:24:33","105","Information","Microsoft-Windows-Diagnosis-DPS","Diagnostic module {45de1ea9-10bc-4f96-9b21-4b6b83dbf476} (%windir%\system32\radardt.dll) started troubleshooting scenario {180b3a99-8c39-4f12-b631-2031998efe45}, instance {18e11005-8c2f-4425-ae1f-d38770529354}, original activity ID {00000000-0000-0000-0000-000000000000}."
"06-08-2026 15:24:33","100","Information","Microsoft-Windows-Diagnosis-DPS","Diagnostic module {45de1ea9-10bc-4f96-9b21-4b6b83dbf476} (%windir%\system32\radardt.dll) detected a problem for scenario {180b3a99-8c39-4f12-b631-2031998efe45}, instance {18e11005-8c2f-4425-ae1f-d38770529354}, original activity ID {00000000-0000-0000-0000-000000000000}."
"06-08-2026 15:19:33","105","Information","Microsoft-Windows-Diagnosis-DPS","Diagnostic module {45de1ea9-10bc-4f96-9b21-4b6b83dbf476} (%windir%\system32\radardt.dll) started troubleshooting scenario {180b3a99-8c39-4f12-b631-2031998efe45}, instance {f41ef7ca-6caa-469a-997d-987f43925d91}, original activity ID {00000000-0000-0000-0000-000000000000}."
"06-08-2026 15:19:33","100","Information","Microsoft-Windows-Diagnosis-DPS","Diagnostic module {45de1ea9-10bc-4f96-9b21-4b6b83dbf476} (%windir%\system32\radardt.dll) detected a problem for scenario {180b3a99-8c39-4f12-b631-2031998efe45}, instance {f41ef7ca-6caa-469a-997d-987f43925d91}, original activity ID {00000000-0000-0000-0000-000000000000}."
"06-08-2026 15:14:33","105","Information","Microsoft-Windows-Diagnosis-DPS","Diagnostic module {45de1ea9-10bc-4f96-9b21-4b6b83dbf476} (%windir%\system32\radardt.dll) started troubleshooting scenario {180b3a99-8c39-4f12-b631-2031998efe45}, instance {8289a14c-33d4-48df-a5ad-64afb550f345}, original activity ID {00000000-0000-0000-0000-000000000000}."
"06-08-2026 15:14:33","100","Information","Microsoft-Windows-Diagnosis-DPS","Diagnostic module {45de1ea9-10bc-4f96-9b21-4b6b83dbf476} (%windir%\system32\radardt.dll) detected a problem for scenario {180b3a99-8c39-4f12-b631-2031998efe45}, instance {8289a14c-33d4-48df-a5ad-64afb550f345}, original activity ID {00000000-0000-0000-0000-000000000000}."
"06-08-2026 15:09:33","105","Information","Microsoft-Windows-Diagnosis-DPS","Diagnostic module {45de1ea9-10bc-4f96-9b21-4b6b83dbf476} (%windir%\system32\radardt.dll) started troubleshooting scenario {180b3a99-8c39-4f12-b631-2031998efe45}, instance {229249b7-ba44-4661-98d5-2474f92b8307}, original activity ID {00000000-0000-0000-0000-000000000000}."
"06-08-2026 15:09:33","100","Information","Microsoft-Windows-Diagnosis-DPS","Diagnostic module {45de1ea9-10bc-4f96-9b21-4b6b83dbf476} (%windir%\system32\radardt.dll) detected a problem for scenario {180b3a99-8c39-4f12-b631-2031998efe45}, instance {229249b7-ba44-4661-98d5-2474f92b8307}, original activity ID {00000000-0000-0000-0000-000000000000}."
"06-08-2026 15:04:33","105","Information","Microsoft-Windows-Diagnosis-DPS","Diagnostic module {45de1ea9-10bc-4f96-9b21-4b6b83dbf476} (%windir%\system32\radardt.dll) started troubleshooting scenario {180b3a99-8c39-4f12-b631-2031998efe45}, instance {df7d500d-0776-47ae-8cbf-4afc24b11597}, original activity ID {00000000-0000-0000-0000-000000000000}."
"06-08-2026 15:04:33","100","Information","Microsoft-Windows-Diagnosis-DPS","Diagnostic module {45de1ea9-10bc-4f96-9b21-4b6b83dbf476} (%windir%\system32\radardt.dll) detected a problem for scenario {180b3a99-8c39-4f12-b631-2031998efe45}, instance {df7d500d-0776-47ae-8cbf-4afc24b11597}, original activity ID {00000000-0000-0000-0000-000000000000}."
"06-08-2026 14:59:32","105","Information","Microsoft-Windows-Diagnosis-DPS","Diagnostic module {45de1ea9-10bc-4f96-9b21-4b6b83dbf476} (%windir%\system32\radardt.dll) started troubleshooting scenario {180b3a99-8c39-4f12-b631-2031998efe45}, instance {3f7e8ea1-b543-4e96-80e9-dd079327c268}, original activity ID {00000000-0000-0000-0000-000000000000}."
"06-08-2026 14:59:32","100","Information","Microsoft-Windows-Diagnosis-DPS","Diagnostic module {45de1ea9-10bc-4f96-9b21-4b6b83dbf476} (%windir%\system32\radardt.dll) detected a problem for scenario {180b3a99-8c39-4f12-b631-2031998efe45}, instance {3f7e8ea1-b543-4e96-80e9-dd079327c268}, original activity ID {00000000-0000-0000-0000-000000000000}."
"06-08-2026 14:54:32","105","Information","Microsoft-Windows-Diagnosis-DPS","Diagnostic module {45de1ea9-10bc-4f96-9b21-4b6b83dbf476} (%windir%\system32\radardt.dll) started troubleshooting scenario {180b3a99-8c39-4f12-b631-2031998efe45}, instance {36ae02e4-f2b6-4678-8052-1fa8f96b51c3}, original activity ID {00000000-0000-0000-0000-000000000000}."
"06-08-2026 14:54:32","100","Information","Microsoft-Windows-Diagnosis-DPS","Diagnostic module {45de1ea9-10bc-4f96-9b21-4b6b83dbf476} (%windir%\system32\radardt.dll) detected a problem for scenario {180b3a99-8c39-4f12-b631-2031998efe45}, instance {36ae02e4-f2b6-4678-8052-1fa8f96b51c3}, original activity ID {00000000-0000-0000-0000-000000000000}."
"06-08-2026 14:49:32","105","Information","Microsoft-Windows-Diagnosis-DPS","Diagnostic module {45de1ea9-10bc-4f96-9b21-4b6b83dbf476} (%windir%\system32\radardt.dll) started troubleshooting scenario {180b3a99-8c39-4f12-b631-2031998efe45}, instance {299f0ce4-cdbe-442a-b144-54657ed0bca8}, original activity ID {00000000-0000-0000-0000-000000000000}."
"06-08-2026 14:49:32","100","Information","Microsoft-Windows-Diagnosis-DPS","Diagnostic module {45de1ea9-10bc-4f96-9b21-4b6b83dbf476} (%windir%\system32\radardt.dll) detected a problem for scenario {180b3a99-8c39-4f12-b631-2031998efe45}, instance {299f0ce4-cdbe-442a-b144-54657ed0bca8}, original activity ID {00000000-0000-0000-0000-000000000000}."
"06-08-2026 14:44:32","105","Information","Microsoft-Windows-Diagnosis-DPS","Diagnostic module {45de1ea9-10bc-4f96-9b21-4b6b83dbf476} (%windir%\system32\radardt.dll) started troubleshooting scenario {180b3a99-8c39-4f12-b631-2031998efe45}, instance {d352742b-8198-4947-8e32-1241e2faf740}, original activity ID {00000000-0000-0000-0000-000000000000}."
"06-08-2026 14:44:32","100","Information","Microsoft-Windows-Diagnosis-DPS","Diagnostic module {45de1ea9-10bc-4f96-9b21-4b6b83dbf476} (%windir%\system32\radardt.dll) detected a problem for scenario {180b3a99-8c39-4f12-b631-2031998efe45}, instance {d352742b-8198-4947-8e32-1241e2faf740}, original activity ID {00000000-0000-0000-0000-000000000000}."
"06-08-2026 14:39:32","105","Information","Microsoft-Windows-Diagnosis-DPS","Diagnostic module {45de1ea9-10bc-4f96-9b21-4b6b83dbf476} (%windir%\system32\radardt.dll) started troubleshooting scenario {180b3a99-8c39-4f12-b631-2031998efe45}, instance {7e391e7a-1472-4f02-bc25-084425badb46}, original activity ID {00000000-0000-0000-0000-000000000000}."
"06-08-2026 14:39:32","100","Information","Microsoft-Windows-Diagnosis-DPS","Diagnostic module {45de1ea9-10bc-4f96-9b21-4b6b83dbf476} (%windir%\system32\radardt.dll) detected a problem for scenario {180b3a99-8c39-4f12-b631-2031998efe45}, instance {7e391e7a-1472-4f02-bc25-084425badb46}, original activity ID {00000000-0000-0000-0000-000000000000}."
"06-08-2026 14:34:32","105","Information","Microsoft-Windows-Diagnosis-DPS","Diagnostic module {45de1ea9-10bc-4f96-9b21-4b6b83dbf476} (%windir%\system32\radardt.dll) started troubleshooting scenario {180b3a99-8c39-4f12-b631-2031998efe45}, instance {9bf22c60-5868-40a7-9e40-6e8ef161d0c4}, original activity ID {00000000-0000-0000-0000-000000000000}."
"06-08-2026 14:34:32","100","Information","Microsoft-Windows-Diagnosis-DPS","Diagnostic module {45de1ea9-10bc-4f96-9b21-4b6b83dbf476} (%windir%\system32\radardt.dll) detected a problem for scenario {180b3a99-8c39-4f12-b631-2031998efe45}, instance {9bf22c60-5868-40a7-9e40-6e8ef161d0c4}, original activity ID {00000000-0000-0000-0000-000000000000}."
"06-08-2026 14:29:32","105","Information","Microsoft-Windows-Diagnosis-DPS","Diagnostic module {45de1ea9-10bc-4f96-9b21-4b6b83dbf476} (%windir%\system32\radardt.dll) started troubleshooting scenario {180b3a99-8c39-4f12-b631-2031998efe45}, instance {f4c5cde3-fcb5-4ffd-8986-18c252571300}, original activity ID {00000000-0000-0000-0000-000000000000}."
"06-08-2026 14:29:32","100","Information","Microsoft-Windows-Diagnosis-DPS","Diagnostic module {45de1ea9-10bc-4f96-9b21-4b6b83dbf476} (%windir%\system32\radardt.dll) detected a problem for scenario {180b3a99-8c39-4f12-b631-2031998efe45}, instance {f4c5cde3-fcb5-4ffd-8986-18c252571300}, original activity ID {00000000-0000-0000-0000-000000000000}."
"06-08-2026 14:24:32","105","Information","Microsoft-Windows-Diagnosis-DPS","Diagnostic module {45de1ea9-10bc-4f96-9b21-4b6b83dbf476} (%windir%\system32\radardt.dll) started troubleshooting scenario {180b3a99-8c39-4f12-b631-2031998efe45}, instance {7953becf-b0f4-46a4-bbf7-52be86b853ab}, original activity ID {00000000-0000-0000-0000-000000000000}."
"06-08-2026 14:24:32","100","Information","Microsoft-Windows-Diagnosis-DPS","Diagnostic module {45de1ea9-10bc-4f96-9b21-4b6b83dbf476} (%windir%\system32\radardt.dll) detected a problem for scenario {180b3a99-8c39-4f12-b631-2031998efe45}, instance {7953becf-b0f4-46a4-bbf7-52be86b853ab}, original activity ID {00000000-0000-0000-0000-000000000000}."
"06-08-2026 14:19:32","105","Information","Microsoft-Windows-Diagnosis-DPS","Diagnostic module {45de1ea9-10bc-4f96-9b21-4b6b83dbf476} (%windir%\system32\radardt.dll) started troubleshooting scenario {180b3a99-8c39-4f12-b631-2031998efe45}, instance {c7c87850-205d-4ac5-9b4b-77d06c40db6e}, original activity ID {00000000-0000-0000-0000-000000000000}."
"06-08-2026 14:19:32","100","Information","Microsoft-Windows-Diagnosis-DPS","Diagnostic module {45de1ea9-10bc-4f96-9b21-4b6b83dbf476} (%windir%\system32\radardt.dll) detected a problem for scenario {180b3a99-8c39-4f12-b631-2031998efe45}, instance {c7c87850-205d-4ac5-9b4b-77d06c40db6e}, original activity ID {00000000-0000-0000-0000-000000000000}."
"06-08-2026 14:14:32","105","Information","Microsoft-Windows-Diagnosis-DPS","Diagnostic module {45de1ea9-10bc-4f96-9b21-4b6b83dbf476} (%windir%\system32\radardt.dll) started troubleshooting scenario {180b3a99-8c39-4f12-b631-2031998efe45}, instance {d85fd8b7-1522-4a4f-a383-258fa24dd42f}, original activity ID {00000000-0000-0000-0000-000000000000}."
"06-08-2026 14:14:32","100","Information","Microsoft-Windows-Diagnosis-DPS","Diagnostic module {45de1ea9-10bc-4f96-9b21-4b6b83dbf476} (%windir%\system32\radardt.dll) detected a problem for scenario {180b3a99-8c39-4f12-b631-2031998efe45}, instance {d85fd8b7-1522-4a4f-a383-258fa24dd42f}, original activity ID {00000000-0000-0000-0000-000000000000}."
"06-08-2026 14:09:32","105","Information","Microsoft-Windows-Diagnosis-DPS","Diagnostic module {45de1ea9-10bc-4f96-9b21-4b6b83dbf476} (%windir%\system32\radardt.dll) started troubleshooting scenario {180b3a99-8c39-4f12-b631-2031998efe45}, instance {38043949-baee-442b-b03e-4c27a69585d6}, original activity ID {00000000-0000-0000-0000-000000000000}."
"06-08-2026 14:09:32","100","Information","Microsoft-Windows-Diagnosis-DPS","Diagnostic module {45de1ea9-10bc-4f96-9b21-4b6b83dbf476} (%windir%\system32\radardt.dll) detected a problem for scenario {180b3a99-8c39-4f12-b631-2031998efe45}, instance {38043949-baee-442b-b03e-4c27a69585d6}, original activity ID {00000000-0000-0000-0000-000000000000}."
"06-08-2026 14:04:32","105","Information","Microsoft-Windows-Diagnosis-DPS","Diagnostic module {45de1ea9-10bc-4f96-9b21-4b6b83dbf476} (%windir%\system32\radardt.dll) started troubleshooting scenario {180b3a99-8c39-4f12-b631-2031998efe45}, instance {a8aaca28-f29a-4efc-9ef5-c93ba6c33d53}, original activity ID {00000000-0000-0000-0000-000000000000}."
"06-08-2026 14:04:32","100","Information","Microsoft-Windows-Diagnosis-DPS","Diagnostic module {45de1ea9-10bc-4f96-9b21-4b6b83dbf476} (%windir%\system32\radardt.dll) detected a problem for scenario {180b3a99-8c39-4f12-b631-2031998efe45}, instance {a8aaca28-f29a-4efc-9ef5-c93ba6c33d53}, original activity ID {00000000-0000-0000-0000-000000000000}."
"06-08-2026 13:59:32","105","Information","Microsoft-Windows-Diagnosis-DPS","Diagnostic module {45de1ea9-10bc-4f96-9b21-4b6b83dbf476} (%windir%\system32\radardt.dll) started troubleshooting scenario {180b3a99-8c39-4f12-b631-2031998efe45}, instance {815ea59d-af56-4b12-a20d-94451db187e2}, original activity ID {00000000-0000-0000-0000-000000000000}."
"06-08-2026 13:59:32","100","Information","Microsoft-Windows-Diagnosis-DPS","Diagnostic module {45de1ea9-10bc-4f96-9b21-4b6b83dbf476} (%windir%\system32\radardt.dll) detected a problem for scenario {180b3a99-8c39-4f12-b631-2031998efe45}, instance {815ea59d-af56-4b12-a20d-94451db187e2}, original activity ID {00000000-0000-0000-0000-000000000000}."
"06-08-2026 13:54:32","105","Information","Microsoft-Windows-Diagnosis-DPS","Diagnostic module {45de1ea9-10bc-4f96-9b21-4b6b83dbf476} (%windir%\system32\radardt.dll) started troubleshooting scenario {180b3a99-8c39-4f12-b631-2031998efe45}, instance {5a8e1688-eda4-4694-a5fc-3d0032fc4283}, original activity ID {00000000-0000-0000-0000-000000000000}."
"06-08-2026 13:54:32","100","Information","Microsoft-Windows-Diagnosis-DPS","Diagnostic module {45de1ea9-10bc-4f96-9b21-4b6b83dbf476} (%windir%\system32\radardt.dll) detected a problem for scenario {180b3a99-8c39-4f12-b631-2031998efe45}, instance {5a8e1688-eda4-4694-a5fc-3d0032fc4283}, original activity ID {00000000-0000-0000-0000-000000000000}."
"06-08-2026 13:49:32","105","Information","Microsoft-Windows-Diagnosis-DPS","Diagnostic module {45de1ea9-10bc-4f96-9b21-4b6b83dbf476} (%windir%\system32\radardt.dll) started troubleshooting scenario {180b3a99-8c39-4f12-b631-2031998efe45}, instance {844086dc-c6d2-42a2-ba10-6ab1c1035068}, original activity ID {00000000-0000-0000-0000-000000000000}."
"06-08-2026 13:49:32","100","Information","Microsoft-Windows-Diagnosis-DPS","Diagnostic module {45de1ea9-10bc-4f96-9b21-4b6b83dbf476} (%windir%\system32\radardt.dll) detected a problem for scenario {180b3a99-8c39-4f12-b631-2031998efe45}, instance {844086dc-c6d2-42a2-ba10-6ab1c1035068}, original activity ID {00000000-0000-0000-0000-000000000000}."
"06-08-2026 13:44:32","105","Information","Microsoft-Windows-Diagnosis-DPS","Diagnostic module {45de1ea9-10bc-4f96-9b21-4b6b83dbf476} (%windir%\system32\radardt.dll) started troubleshooting scenario {180b3a99-8c39-4f12-b631-2031998efe45}, instance {5457c06e-222d-4ddb-bcbf-3e048f53b853}, original activity ID {00000000-0000-0000-0000-000000000000}."
"06-08-2026 13:44:32","100","Information","Microsoft-Windows-Diagnosis-DPS","Diagnostic module {45de1ea9-10bc-4f96-9b21-4b6b83dbf476} (%windir%\system32\radardt.dll) detected a problem for scenario {180b3a99-8c39-4f12-b631-2031998efe45}, instance {5457c06e-222d-4ddb-bcbf-3e048f53b853}, original activity ID {00000000-0000-0000-0000-000000000000}."
"06-08-2026 13:39:32","105","Information","Microsoft-Windows-Diagnosis-DPS","Diagnostic module {45de1ea9-10bc-4f96-9b21-4b6b83dbf476} (%windir%\system32\radardt.dll) started troubleshooting scenario {180b3a99-8c39-4f12-b631-2031998efe45}, instance {4ed4a58d-7888-47a0-94c4-712c23907bde}, original activity ID {00000000-0000-0000-0000-000000000000}."
"06-08-2026 13:39:32","100","Information","Microsoft-Windows-Diagnosis-DPS","Diagnostic module {45de1ea9-10bc-4f96-9b21-4b6b83dbf476} (%windir%\system32\radardt.dll) detected a problem for scenario {180b3a99-8c39-4f12-b631-2031998efe45}, instance {4ed4a58d-7888-47a0-94c4-712c23907bde}, original activity ID {00000000-0000-0000-0000-000000000000}."
"06-08-2026 13:34:32","105","Information","Microsoft-Windows-Diagnosis-DPS","Diagnostic module {45de1ea9-10bc-4f96-9b21-4b6b83dbf476} (%windir%\system32\radardt.dll) started troubleshooting scenario {180b3a99-8c39-4f12-b631-2031998efe45}, instance {39bce204-79a4-4c20-9b31-7c8006410145}, original activity ID {00000000-0000-0000-0000-000000000000}."
"06-08-2026 13:34:32","100","Information","Microsoft-Windows-Diagnosis-DPS","Diagnostic module {45de1ea9-10bc-4f96-9b21-4b6b83dbf476} (%windir%\system32\radardt.dll) detected a problem for scenario {180b3a99-8c39-4f12-b631-2031998efe45}, instance {39bce204-79a4-4c20-9b31-7c8006410145}, original activity ID {00000000-0000-0000-0000-000000000000}."
"06-08-2026 13:29:32","105","Information","Microsoft-Windows-Diagnosis-DPS","Diagnostic module {45de1ea9-10bc-4f96-9b21-4b6b83dbf476} (%windir%\system32\radardt.dll) started troubleshooting scenario {180b3a99-8c39-4f12-b631-2031998efe45}, instance {cdf8808b-2e9b-4b73-9bde-01110d4a4990}, original activity ID {00000000-0000-0000-0000-000000000000}."
"06-08-2026 13:29:32","100","Information","Microsoft-Windows-Diagnosis-DPS","Diagnostic module {45de1ea9-10bc-4f96-9b21-4b6b83dbf476} (%windir%\system32\radardt.dll) detected a problem for scenario {180b3a99-8c39-4f12-b631-2031998efe45}, instance {cdf8808b-2e9b-4b73-9bde-01110d4a4990}, original activity ID {00000000-0000-0000-0000-000000000000}."
"06-08-2026 13:24:32","105","Information","Microsoft-Windows-Diagnosis-DPS","Diagnostic module {45de1ea9-10bc-4f96-9b21-4b6b83dbf476} (%windir%\system32\radardt.dll) started troubleshooting scenario {180b3a99-8c39-4f12-b631-2031998efe45}, instance {f67c4a30-d81d-44bb-a6e5-b13403a47dfc}, original activity ID {00000000-0000-0000-0000-000000000000}."
"06-08-2026 13:24:32","100","Information","Microsoft-Windows-Diagnosis-DPS","Diagnostic module {45de1ea9-10bc-4f96-9b21-4b6b83dbf476} (%windir%\system32\radardt.dll) detected a problem for scenario {180b3a99-8c39-4f12-b631-2031998efe45}, instance {f67c4a30-d81d-44bb-a6e5-b13403a47dfc}, original activity ID {00000000-0000-0000-0000-000000000000}."
"06-08-2026 13:19:32","105","Information","Microsoft-Windows-Diagnosis-DPS","Diagnostic module {45de1ea9-10bc-4f96-9b21-4b6b83dbf476} (%windir%\system32\radardt.dll) started troubleshooting scenario {180b3a99-8c39-4f12-b631-2031998efe45}, instance {b61f643e-2e2c-4cbe-a569-ab15394427a1}, original activity ID {00000000-0000-0000-0000-000000000000}."
"06-08-2026 13:19:32","100","Information","Microsoft-Windows-Diagnosis-DPS","Diagnostic module {45de1ea9-10bc-4f96-9b21-4b6b83dbf476} (%windir%\system32\radardt.dll) detected a problem for scenario {180b3a99-8c39-4f12-b631-2031998efe45}, instance {b61f643e-2e2c-4cbe-a569-ab15394427a1}, original activity ID {00000000-0000-0000-0000-000000000000}."
"06-08-2026 13:14:32","105","Information","Microsoft-Windows-Diagnosis-DPS","Diagnostic module {45de1ea9-10bc-4f96-9b21-4b6b83dbf476} (%windir%\system32\radardt.dll) started troubleshooting scenario {180b3a99-8c39-4f12-b631-2031998efe45}, instance {f140dc3d-e07a-4168-8b6f-1e8c6a479cd7}, original activity ID {00000000-0000-0000-0000-000000000000}."
"06-08-2026 13:14:32","100","Information","Microsoft-Windows-Diagnosis-DPS","Diagnostic module {45de1ea9-10bc-4f96-9b21-4b6b83dbf476} (%windir%\system32\radardt.dll) detected a problem for scenario {180b3a99-8c39-4f12-b631-2031998efe45}, instance {f140dc3d-e07a-4168-8b6f-1e8c6a479cd7}, original activity ID {00000000-0000-0000-0000-000000000000}."
"06-08-2026 13:09:32","105","Information","Microsoft-Windows-Diagnosis-DPS","Diagnostic module {45de1ea9-10bc-4f96-9b21-4b6b83dbf476} (%windir%\system32\radardt.dll) started troubleshooting scenario {180b3a99-8c39-4f12-b631-2031998efe45}, instance {17fad7a6-3017-48a0-806d-1319bb72f23f}, original activity ID {00000000-0000-0000-0000-000000000000}."
"06-08-2026 13:09:32","100","Information","Microsoft-Windows-Diagnosis-DPS","Diagnostic module {45de1ea9-10bc-4f96-9b21-4b6b83dbf476} (%windir%\system32\radardt.dll) detected a problem for scenario {180b3a99-8c39-4f12-b631-2031998efe45}, instance {17fad7a6-3017-48a0-806d-1319bb72f23f}, original activity ID {00000000-0000-0000-0000-000000000000}."
"06-08-2026 13:04:32","105","Information","Microsoft-Windows-Diagnosis-DPS","Diagnostic module {45de1ea9-10bc-4f96-9b21-4b6b83dbf476} (%windir%\system32\radardt.dll) started troubleshooting scenario {180b3a99-8c39-4f12-b631-2031998efe45}, instance {2418d112-4703-4f10-bf8d-0a8e8264056e}, original activity ID {00000000-0000-0000-0000-000000000000}."
"06-08-2026 13:04:32","100","Information","Microsoft-Windows-Diagnosis-DPS","Diagnostic module {45de1ea9-10bc-4f96-9b21-4b6b83dbf476} (%windir%\system32\radardt.dll) detected a problem for scenario {180b3a99-8c39-4f12-b631-2031998efe45}, instance {2418d112-4703-4f10-bf8d-0a8e8264056e}, original activity ID {00000000-0000-0000-0000-000000000000}."
"06-08-2026 12:59:32","105","Information","Microsoft-Windows-Diagnosis-DPS","Diagnostic module {45de1ea9-10bc-4f96-9b21-4b6b83dbf476} (%windir%\system32\radardt.dll) started troubleshooting scenario {180b3a99-8c39-4f12-b631-2031998efe45}, instance {6da57335-880d-4062-b562-8a3f9a9d9614}, original activity ID {00000000-0000-0000-0000-000000000000}."
"06-08-2026 12:59:32","100","Information","Microsoft-Windows-Diagnosis-DPS","Diagnostic module {45de1ea9-10bc-4f96-9b21-4b6b83dbf476} (%windir%\system32\radardt.dll) detected a problem for scenario {180b3a99-8c39-4f12-b631-2031998efe45}, instance {6da57335-880d-4062-b562-8a3f9a9d9614}, original activity ID {00000000-0000-0000-0000-000000000000}."
"06-08-2026 12:54:32","105","Information","Microsoft-Windows-Diagnosis-DPS","Diagnostic module {45de1ea9-10bc-4f96-9b21-4b6b83dbf476} (%windir%\system32\radardt.dll) started troubleshooting scenario {180b3a99-8c39-4f12-b631-2031998efe45}, instance {64b8f6b8-8bae-4d84-ba8c-8d3da22bf956}, original activity ID {00000000-0000-0000-0000-000000000000}."
"06-08-2026 12:54:32","100","Information","Microsoft-Windows-Diagnosis-DPS","Diagnostic module {45de1ea9-10bc-4f96-9b21-4b6b83dbf476} (%windir%\system32\radardt.dll) detected a problem for scenario {180b3a99-8c39-4f12-b631-2031998efe45}, instance {64b8f6b8-8bae-4d84-ba8c-8d3da22bf956}, original activity ID {00000000-0000-0000-0000-000000000000}."
"06-08-2026 12:49:32","105","Information","Microsoft-Windows-Diagnosis-DPS","Diagnostic module {45de1ea9-10bc-4f96-9b21-4b6b83dbf476} (%windir%\system32\radardt.dll) started troubleshooting scenario {180b3a99-8c39-4f12-b631-2031998efe45}, instance {dd43e8d6-b024-4e82-bbc8-c9713152cee5}, original activity ID {00000000-0000-0000-0000-000000000000}."
"06-08-2026 12:49:32","100","Information","Microsoft-Windows-Diagnosis-DPS","Diagnostic module {45de1ea9-10bc-4f96-9b21-4b6b83dbf476} (%windir%\system32\radardt.dll) detected a problem for scenario {180b3a99-8c39-4f12-b631-2031998efe45}, instance {dd43e8d6-b024-4e82-bbc8-c9713152cee5}, original activity ID {00000000-0000-0000-0000-000000000000}."
"06-08-2026 12:44:32","105","Information","Microsoft-Windows-Diagnosis-DPS","Diagnostic module {45de1ea9-10bc-4f96-9b21-4b6b83dbf476} (%windir%\system32\radardt.dll) started troubleshooting scenario {180b3a99-8c39-4f12-b631-2031998efe45}, instance {32c4e63c-ce38-4b67-8ccd-5464eb4046e9}, original activity ID {00000000-0000-0000-0000-000000000000}."
"06-08-2026 12:44:32","100","Information","Microsoft-Windows-Diagnosis-DPS","Diagnostic module {45de1ea9-10bc-4f96-9b21-4b6b83dbf476} (%windir%\system32\radardt.dll) detected a problem for scenario {180b3a99-8c39-4f12-b631-2031998efe45}, instance {32c4e63c-ce38-4b67-8ccd-5464eb4046e9}, original activity ID {00000000-0000-0000-0000-000000000000}."
"06-08-2026 12:39:32","105","Information","Microsoft-Windows-Diagnosis-DPS","Diagnostic module {45de1ea9-10bc-4f96-9b21-4b6b83dbf476} (%windir%\system32\radardt.dll) started troubleshooting scenario {180b3a99-8c39-4f12-b631-2031998efe45}, instance {0bf9e505-4f6e-4def-9cc6-2e7bb531b14a}, original activity ID {00000000-0000-0000-0000-000000000000}."
"06-08-2026 12:39:32","100","Information","Microsoft-Windows-Diagnosis-DPS","Diagnostic module {45de1ea9-10bc-4f96-9b21-4b6b83dbf476} (%windir%\system32\radardt.dll) detected a problem for scenario {180b3a99-8c39-4f12-b631-2031998efe45}, instance {0bf9e505-4f6e-4def-9cc6-2e7bb531b14a}, original activity ID {00000000-0000-0000-0000-000000000000}."
"06-08-2026 12:34:32","105","Information","Microsoft-Windows-Diagnosis-DPS","Diagnostic module {45de1ea9-10bc-4f96-9b21-4b6b83dbf476} (%windir%\system32\radardt.dll) started troubleshooting scenario {180b3a99-8c39-4f12-b631-2031998efe45}, instance {c0319528-aa5f-418c-b610-da175e8b7599}, original activity ID {00000000-0000-0000-0000-000000000000}."
"06-08-2026 12:34:32","100","Information","Microsoft-Windows-Diagnosis-DPS","Diagnostic module {45de1ea9-10bc-4f96-9b21-4b6b83dbf476} (%windir%\system32\radardt.dll) detected a problem for scenario {180b3a99-8c39-4f12-b631-2031998efe45}, instance {c0319528-aa5f-418c-b610-da175e8b7599}, original activity ID {00000000-0000-0000-0000-000000000000}."
"06-08-2026 12:29:32","105","Information","Microsoft-Windows-Diagnosis-DPS","Diagnostic module {45de1ea9-10bc-4f96-9b21-4b6b83dbf476} (%windir%\system32\radardt.dll) started troubleshooting scenario {180b3a99-8c39-4f12-b631-2031998efe45}, instance {27ac2331-afa3-41f5-9970-e65c4b53456a}, original activity ID {00000000-0000-0000-0000-000000000000}."
"06-08-2026 12:29:32","100","Information","Microsoft-Windows-Diagnosis-DPS","Diagnostic module {45de1ea9-10bc-4f96-9b21-4b6b83dbf476} (%windir%\system32\radardt.dll) detected a problem for scenario {180b3a99-8c39-4f12-b631-2031998efe45}, instance {27ac2331-afa3-41f5-9970-e65c4b53456a}, original activity ID {00000000-0000-0000-0000-000000000000}."
"06-08-2026 12:24:32","105","Information","Microsoft-Windows-Diagnosis-DPS","Diagnostic module {45de1ea9-10bc-4f96-9b21-4b6b83dbf476} (%windir%\system32\radardt.dll) started troubleshooting scenario {180b3a99-8c39-4f12-b631-2031998efe45}, instance {33a4de0b-b428-4087-b8e1-3188e6eac912}, original activity ID {00000000-0000-0000-0000-000000000000}."
"06-08-2026 12:24:32","100","Information","Microsoft-Windows-Diagnosis-DPS","Diagnostic module {45de1ea9-10bc-4f96-9b21-4b6b83dbf476} (%windir%\system32\radardt.dll) detected a problem for scenario {180b3a99-8c39-4f12-b631-2031998efe45}, instance {33a4de0b-b428-4087-b8e1-3188e6eac912}, original activity ID {00000000-0000-0000-0000-000000000000}."
"06-08-2026 12:19:32","105","Information","Microsoft-Windows-Diagnosis-DPS","Diagnostic module {45de1ea9-10bc-4f96-9b21-4b6b83dbf476} (%windir%\system32\radardt.dll) started troubleshooting scenario {180b3a99-8c39-4f12-b631-2031998efe45}, instance {59d8ec59-12cf-4881-a991-cfd71998ec0a}, original activity ID {00000000-0000-0000-0000-000000000000}."
"06-08-2026 12:19:32","100","Information","Microsoft-Windows-Diagnosis-DPS","Diagnostic module {45de1ea9-10bc-4f96-9b21-4b6b83dbf476} (%windir%\system32\radardt.dll) detected a problem for scenario {180b3a99-8c39-4f12-b631-2031998efe45}, instance {59d8ec59-12cf-4881-a991-cfd71998ec0a}, original activity ID {00000000-0000-0000-0000-000000000000}."
"06-08-2026 12:14:32","105","Information","Microsoft-Windows-Diagnosis-DPS","Diagnostic module {45de1ea9-10bc-4f96-9b21-4b6b83dbf476} (%windir%\system32\radardt.dll) started troubleshooting scenario {180b3a99-8c39-4f12-b631-2031998efe45}, instance {2971063e-cc9f-4fe2-a8ec-2bec9b64ffdd}, original activity ID {00000000-0000-0000-0000-000000000000}."
"06-08-2026 12:14:32","100","Information","Microsoft-Windows-Diagnosis-DPS","Diagnostic module {45de1ea9-10bc-4f96-9b21-4b6b83dbf476} (%windir%\system32\radardt.dll) detected a problem for scenario {180b3a99-8c39-4f12-b631-2031998efe45}, instance {2971063e-cc9f-4fe2-a8ec-2bec9b64ffdd}, original activity ID {00000000-0000-0000-0000-000000000000}."
"06-08-2026 12:09:32","105","Information","Microsoft-Windows-Diagnosis-DPS","Diagnostic module {45de1ea9-10bc-4f96-9b21-4b6b83dbf476} (%windir%\system32\radardt.dll) started troubleshooting scenario {180b3a99-8c39-4f12-b631-2031998efe45}, instance {950c65a4-ec58-441c-bef1-238471668312}, original activity ID {00000000-0000-0000-0000-000000000000}."
"06-08-2026 12:09:32","100","Information","Microsoft-Windows-Diagnosis-DPS","Diagnostic module {45de1ea9-10bc-4f96-9b21-4b6b83dbf476} (%windir%\system32\radardt.dll) detected a problem for scenario {180b3a99-8c39-4f12-b631-2031998efe45}, instance {950c65a4-ec58-441c-bef1-238471668312}, original activity ID {00000000-0000-0000-0000-000000000000}."
"06-08-2026 12:04:32","105","Information","Microsoft-Windows-Diagnosis-DPS","Diagnostic module {45de1ea9-10bc-4f96-9b21-4b6b83dbf476} (%windir%\system32\radardt.dll) started troubleshooting scenario {180b3a99-8c39-4f12-b631-2031998efe45}, instance {5e3096d2-8858-40d8-9d9b-74d971f37c7c}, original activity ID {00000000-0000-0000-0000-000000000000}."
