"03-08-2026 10:50:11","1","Information","Microsoft-Windows-SenseIR","Starting action RunPSScriptAction. Action ID: 9e137068-a631-45e6-81aa-4adda242796e"
"03-08-2026 10:50:01","4","Information","Microsoft-Windows-SenseIR","Windows Defender Advanced Threat Protection Incident Response executable started."
"03-08-2026 10:20:08","5","Information","Microsoft-Windows-SenseIR","Windows Defender Advanced Threat Protection Incident Response executable terminated. Exit code: 0x0"
"03-08-2026 09:59:56","3","Information","Microsoft-Windows-SenseIR","Succeeded to run action RunPSScriptAction. Action ID: 3fa4876e-3ae5-4c59-9a4d-08a7400268a5"
"03-08-2026 09:59:07","1","Information","Microsoft-Windows-SenseIR","Starting action RunPSScriptAction. Action ID: 3fa4876e-3ae5-4c59-9a4d-08a7400268a5"
"03-08-2026 09:58:57","4","Information","Microsoft-Windows-SenseIR","Windows Defender Advanced Threat Protection Incident Response executable started."
"03-08-2026 09:48:49","5","Information","Microsoft-Windows-SenseIR","Windows Defender Advanced Threat Protection Incident Response executable terminated. Exit code: 0x0"
"03-08-2026 09:27:52","3","Information","Microsoft-Windows-SenseIR","Succeeded to run action RunPSScriptAction. Action ID: 05f2c576-9ed5-41eb-9b1e-1b653eebfdff"
"03-08-2026 09:27:48","1","Information","Microsoft-Windows-SenseIR","Starting action RunPSScriptAction. Action ID: 05f2c576-9ed5-41eb-9b1e-1b653eebfdff"
"03-08-2026 09:27:38","4","Information","Microsoft-Windows-SenseIR","Windows Defender Advanced Threat Protection Incident Response executable started."
"31-07-2026 18:30:04","3","Information","Microsoft-Windows-SenseIR","Succeeded to run action RunPSScriptAction. Action ID: 53159fd8-6386-48c2-91e8-cf4860599c43"
"31-07-2026 18:29:46","1","Information","Microsoft-Windows-SenseIR","Starting action RunPSScriptAction. Action ID: 53159fd8-6386-48c2-91e8-cf4860599c43"
"31-07-2026 18:11:58","3","Information","Microsoft-Windows-SenseIR","Succeeded to run action RunPSScriptAction. Action ID: aceb19ff-8484-4db4-b8f6-f5a8d03a8c4a"
"31-07-2026 18:11:55","1","Information","Microsoft-Windows-SenseIR","Starting action RunPSScriptAction. Action ID: aceb19ff-8484-4db4-b8f6-f5a8d03a8c4a"
"31-07-2026 18:08:07","3","Information","Microsoft-Windows-SenseIR","Succeeded to run action RunPSScriptAction. Action ID: cb7aec68-dfca-4632-88ad-5b019cb0957d"
"31-07-2026 18:08:05","1","Information","Microsoft-Windows-SenseIR","Starting action RunPSScriptAction. Action ID: cb7aec68-dfca-4632-88ad-5b019cb0957d"
"31-07-2026 18:01:12","3","Information","Microsoft-Windows-SenseIR","Succeeded to run action RunPSScriptAction. Action ID: 100c7519-406d-49cb-b7eb-41ce85513276"
"31-07-2026 18:01:05","1","Information","Microsoft-Windows-SenseIR","Starting action RunPSScriptAction. Action ID: 100c7519-406d-49cb-b7eb-41ce85513276"
"31-07-2026 18:00:54","4","Information","Microsoft-Windows-SenseIR","Windows Defender Advanced Threat Protection Incident Response executable started."
"31-07-2026 16:59:55","5","Information","Microsoft-Windows-SenseIR","Windows Defender Advanced Threat Protection Incident Response executable terminated. Exit code: 0x0"
"31-07-2026 16:38:59","3","Information","Microsoft-Windows-SenseIR","Succeeded to run action RunPSScriptAction. Action ID: 9f2a6e93-4b3c-4a21-9d6a-879ebba4d64d"
"31-07-2026 16:38:54","1","Information","Microsoft-Windows-SenseIR","Starting action RunPSScriptAction. Action ID: 9f2a6e93-4b3c-4a21-9d6a-879ebba4d64d"
"31-07-2026 16:26:04","3","Information","Microsoft-Windows-SenseIR","Succeeded to run action RunPSScriptAction. Action ID: 211ef051-ecf9-4b99-9eed-76e45a831a19"
"31-07-2026 16:25:53","1","Information","Microsoft-Windows-SenseIR","Starting action RunPSScriptAction. Action ID: 211ef051-ecf9-4b99-9eed-76e45a831a19"
"31-07-2026 16:08:40","3","Information","Microsoft-Windows-SenseIR","Succeeded to run action RunPSScriptAction. Action ID: fc19515e-4fbb-46d1-b1f4-a28b394632fe"
"31-07-2026 16:08:33","1","Information","Microsoft-Windows-SenseIR","Starting action RunPSScriptAction. Action ID: fc19515e-4fbb-46d1-b1f4-a28b394632fe"
"31-07-2026 16:00:25","3","Information","Microsoft-Windows-SenseIR","Succeeded to run action RunPSScriptAction. Action ID: 0e3d6d2d-06cc-486d-9465-9ef3bee75444"
"31-07-2026 15:59:42","1","Information","Microsoft-Windows-SenseIR","Starting action RunPSScriptAction. Action ID: 0e3d6d2d-06cc-486d-9465-9ef3bee75444"
"31-07-2026 15:45:59","3","Information","Microsoft-Windows-SenseIR","Succeeded to run action RunPSScriptAction. Action ID: a391f42c-7e1a-4611-8494-1817d2420e09"
"31-07-2026 15:44:01","1","Information","Microsoft-Windows-SenseIR","Starting action RunPSScriptAction. Action ID: a391f42c-7e1a-4611-8494-1817d2420e09"
"31-07-2026 15:30:57","3","Information","Microsoft-Windows-SenseIR","Succeeded to run action RunPSScriptAction. Action ID: 36dc1ba5-2d7a-4cc0-8b07-8b26d1899492"
"31-07-2026 15:30:41","1","Information","Microsoft-Windows-SenseIR","Starting action RunPSScriptAction. Action ID: 36dc1ba5-2d7a-4cc0-8b07-8b26d1899492"
"31-07-2026 15:29:59","3","Information","Microsoft-Windows-SenseIR","Succeeded to run action RunPSScriptAction. Action ID: 3fa4876e-3ae5-4c59-9a4d-08a7400268a5"
"31-07-2026 15:28:41","1","Information","Microsoft-Windows-SenseIR","Starting action RunPSScriptAction. Action ID: 3fa4876e-3ae5-4c59-9a4d-08a7400268a5"
"31-07-2026 15:28:30","4","Information","Microsoft-Windows-SenseIR","Windows Defender Advanced Threat Protection Incident Response executable started."
"31-07-2026 14:21:13","5","Information","Microsoft-Windows-SenseIR","Windows Defender Advanced Threat Protection Incident Response executable terminated. Exit code: 0x0"
"31-07-2026 14:00:27","3","Information","Microsoft-Windows-SenseIR","Succeeded to run action RunPSScriptAction. Action ID: 046a3caf-d9ec-4da6-a32a-fb148992596b"
"31-07-2026 14:00:12","1","Information","Microsoft-Windows-SenseIR","Starting action RunPSScriptAction. Action ID: 046a3caf-d9ec-4da6-a32a-fb148992596b"
"31-07-2026 14:00:01","4","Information","Microsoft-Windows-SenseIR","Windows Defender Advanced Threat Protection Incident Response executable started."
"31-07-2026 13:54:41","5","Information","Microsoft-Windows-SenseIR","Windows Defender Advanced Threat Protection Incident Response executable terminated. Exit code: 0x0"
"31-07-2026 13:34:21","3","Information","Microsoft-Windows-SenseIR","Succeeded to run action RunPSScriptAction. Action ID: 1648ba23-91bf-4822-bd45-661d10a1ea81"
"31-07-2026 13:33:40","1","Information","Microsoft-Windows-SenseIR","Starting action RunPSScriptAction. Action ID: 1648ba23-91bf-4822-bd45-661d10a1ea81"
"31-07-2026 13:23:14","3","Information","Microsoft-Windows-SenseIR","Succeeded to run action RunPSScriptAction. Action ID: 9e137068-a631-45e6-81aa-4adda242796e"
"31-07-2026 13:23:00","1","Information","Microsoft-Windows-SenseIR","Starting action RunPSScriptAction. Action ID: 9e137068-a631-45e6-81aa-4adda242796e"
"31-07-2026 13:22:49","4","Information","Microsoft-Windows-SenseIR","Windows Defender Advanced Threat Protection Incident Response executable started."
"31-07-2026 12:52:40","5","Information","Microsoft-Windows-SenseIR","Windows Defender Advanced Threat Protection Incident Response executable terminated. Exit code: 0x0"
"31-07-2026 12:31:56","3","Information","Microsoft-Windows-SenseIR","Succeeded to run action RunPSScriptAction. Action ID: 8e0b85ee-da90-46d9-b939-75081a1ceb3a"
"31-07-2026 12:31:39","1","Information","Microsoft-Windows-SenseIR","Starting action RunPSScriptAction. Action ID: 8e0b85ee-da90-46d9-b939-75081a1ceb3a"
"31-07-2026 12:13:16","3","Information","Microsoft-Windows-SenseIR","Succeeded to run action RunPSScriptAction. Action ID: 149ae17f-1c51-47e8-90b8-8175a782d62b"
"31-07-2026 12:13:08","1","Information","Microsoft-Windows-SenseIR","Starting action RunPSScriptAction. Action ID: 149ae17f-1c51-47e8-90b8-8175a782d62b"
"31-07-2026 12:03:34","3","Information","Microsoft-Windows-SenseIR","Succeeded to run action RunPSScriptAction. Action ID: efc69106-6fc1-423a-94ef-221e65a28f09"
"31-07-2026 12:03:08","1","Information","Microsoft-Windows-SenseIR","Starting action RunPSScriptAction. Action ID: efc69106-6fc1-423a-94ef-221e65a28f09"
"31-07-2026 11:44:03","3","Information","Microsoft-Windows-SenseIR","Succeeded to run action RunPSScriptAction. Action ID: 9bde6f2a-afcb-4c11-b890-d6a1f78e5c4b"
"31-07-2026 11:43:57","1","Information","Microsoft-Windows-SenseIR","Starting action RunPSScriptAction. Action ID: 9bde6f2a-afcb-4c11-b890-d6a1f78e5c4b"
"31-07-2026 11:43:46","4","Information","Microsoft-Windows-SenseIR","Windows Defender Advanced Threat Protection Incident Response executable started."
"31-07-2026 11:28:03","5","Information","Microsoft-Windows-SenseIR","Windows Defender Advanced Threat Protection Incident Response executable terminated. Exit code: 0x0"
"31-07-2026 11:07:08","3","Information","Microsoft-Windows-SenseIR","Succeeded to run action RunPSScriptAction. Action ID: 93514365-7ff3-4f5e-9dfd-7eb9f6b779a7"
"31-07-2026 11:07:02","1","Information","Microsoft-Windows-SenseIR","Starting action RunPSScriptAction. Action ID: 93514365-7ff3-4f5e-9dfd-7eb9f6b779a7"
"31-07-2026 10:52:00","3","Information","Microsoft-Windows-SenseIR","Succeeded to run action RunPSScriptAction. Action ID: 211ef051-ecf9-4b99-9eed-76e45a831a19"
"31-07-2026 10:51:51","1","Information","Microsoft-Windows-SenseIR","Starting action RunPSScriptAction. Action ID: 211ef051-ecf9-4b99-9eed-76e45a831a19"
"31-07-2026 10:36:54","3","Information","Microsoft-Windows-SenseIR","Succeeded to run action RunPSScriptAction. Action ID: 2d76cc84-8291-481d-845d-62f59f16e445"
"31-07-2026 10:36:40","1","Information","Microsoft-Windows-SenseIR","Starting action RunPSScriptAction. Action ID: 2d76cc84-8291-481d-845d-62f59f16e445"
"31-07-2026 10:22:21","3","Information","Microsoft-Windows-SenseIR","Succeeded to run action RunPSScriptAction. Action ID: 0e371fa0-b3cb-4d76-93ad-467add004280"
"31-07-2026 10:22:10","1","Information","Microsoft-Windows-SenseIR","Starting action RunPSScriptAction. Action ID: 0e371fa0-b3cb-4d76-93ad-467add004280"
"31-07-2026 10:21:59","4","Information","Microsoft-Windows-SenseIR","Windows Defender Advanced Threat Protection Incident Response executable started."
"31-07-2026 10:06:51","5","Information","Microsoft-Windows-SenseIR","Windows Defender Advanced Threat Protection Incident Response executable terminated. Exit code: 0x0"
"31-07-2026 09:45:52","3","Information","Microsoft-Windows-SenseIR","Succeeded to run action RunPSScriptAction. Action ID: 05f2c576-9ed5-41eb-9b1e-1b653eebfdff"
"31-07-2026 09:45:51","1","Information","Microsoft-Windows-SenseIR","Starting action RunPSScriptAction. Action ID: 05f2c576-9ed5-41eb-9b1e-1b653eebfdff"
"31-07-2026 09:45:40","4","Information","Microsoft-Windows-SenseIR","Windows Defender Advanced Threat Protection Incident Response executable started."
"31-07-2026 09:34:35","3","Information","Microsoft-Windows-SenseIR","Succeeded to run action RunPSScriptAction. Action ID: 05f2c576-9ed5-41eb-9b1e-1b653eebfdff"
"31-07-2026 09:34:32","1","Information","Microsoft-Windows-SenseIR","Starting action RunPSScriptAction. Action ID: 05f2c576-9ed5-41eb-9b1e-1b653eebfdff"
"31-07-2026 09:34:22","4","Information","Microsoft-Windows-SenseIR","Windows Defender Advanced Threat Protection Incident Response executable started."
"30-07-2026 19:24:49","5","Information","Microsoft-Windows-SenseIR","Windows Defender Advanced Threat Protection Incident Response executable terminated. Exit code: 0x0"
"30-07-2026 19:03:57","3","Information","Microsoft-Windows-SenseIR","Succeeded to run action RunPSScriptAction. Action ID: 7b2e9c14-3a6d-4e21-9f8c-2d5a1b0e4c77"
"30-07-2026 19:03:48","1","Information","Microsoft-Windows-SenseIR","Starting action RunPSScriptAction. Action ID: 7b2e9c14-3a6d-4e21-9f8c-2d5a1b0e4c77"
"30-07-2026 19:03:38","4","Information","Microsoft-Windows-SenseIR","Windows Defender Advanced Threat Protection Incident Response executable started."
"30-07-2026 17:38:05","5","Information","Microsoft-Windows-SenseIR","Windows Defender Advanced Threat Protection Incident Response executable terminated. Exit code: 0x0"
"30-07-2026 17:17:29","3","Information","Microsoft-Windows-SenseIR","Succeeded to run action RunPSScriptAction. Action ID: 0e3d6d2d-06cc-486d-9465-9ef3bee75444"
"30-07-2026 17:17:04","1","Information","Microsoft-Windows-SenseIR","Starting action RunPSScriptAction. Action ID: 0e3d6d2d-06cc-486d-9465-9ef3bee75444"
"30-07-2026 17:09:30","3","Information","Microsoft-Windows-SenseIR","Succeeded to run action RunPSScriptAction. Action ID: 3fa4876e-3ae5-4c59-9a4d-08a7400268a5"
"30-07-2026 17:09:04","1","Information","Microsoft-Windows-SenseIR","Starting action RunPSScriptAction. Action ID: 3fa4876e-3ae5-4c59-9a4d-08a7400268a5"
"30-07-2026 17:07:49","3","Information","Microsoft-Windows-SenseIR","Succeeded to run action RunPSScriptAction. Action ID: 3fa4876e-3ae5-4c59-9a4d-08a7400268a6"
"30-07-2026 17:07:04","1","Information","Microsoft-Windows-SenseIR","Starting action RunPSScriptAction. Action ID: 3fa4876e-3ae5-4c59-9a4d-08a7400268a6"
"30-07-2026 16:57:47","3","Information","Microsoft-Windows-SenseIR","Succeeded to run action RunPSScriptAction. Action ID: a391f42c-7e1a-4611-8494-1817d2420e09"
"30-07-2026 16:56:13","1","Information","Microsoft-Windows-SenseIR","Starting action RunPSScriptAction. Action ID: a391f42c-7e1a-4611-8494-1817d2420e09"
"30-07-2026 16:56:03","4","Information","Microsoft-Windows-SenseIR","Windows Defender Advanced Threat Protection Incident Response executable started."
"30-07-2026 16:25:07","5","Information","Microsoft-Windows-SenseIR","Windows Defender Advanced Threat Protection Incident Response executable terminated. Exit code: 0x0"
"30-07-2026 16:04:16","3","Information","Microsoft-Windows-SenseIR","Succeeded to run action RunPSScriptAction. Action ID: 046a3caf-d9ec-4da6-a32a-fb148992596b"
"30-07-2026 16:04:06","1","Information","Microsoft-Windows-SenseIR","Starting action RunPSScriptAction. Action ID: 046a3caf-d9ec-4da6-a32a-fb148992596b"
"30-07-2026 16:01:37","3","Information","Microsoft-Windows-SenseIR","Succeeded to run action RunPSScriptAction. Action ID: 211ef051-ecf9-4b99-9eed-76e45a831a19"
"30-07-2026 16:01:26","1","Information","Microsoft-Windows-SenseIR","Starting action RunPSScriptAction. Action ID: 211ef051-ecf9-4b99-9eed-76e45a831a19"
"30-07-2026 16:01:16","4","Information","Microsoft-Windows-SenseIR","Windows Defender Advanced Threat Protection Incident Response executable started."
"30-07-2026 14:06:04","5","Information","Microsoft-Windows-SenseIR","Windows Defender Advanced Threat Protection Incident Response executable terminated. Exit code: 0x0"
"30-07-2026 13:45:05","3","Information","Microsoft-Windows-SenseIR","Succeeded to run action RunPSScriptAction. Action ID: 9bde6f2a-afcb-4c11-b890-d6a1f78e5c4b"
"30-07-2026 13:45:03","1","Information","Microsoft-Windows-SenseIR","Starting action RunPSScriptAction. Action ID: 9bde6f2a-afcb-4c11-b890-d6a1f78e5c4b"
"30-07-2026 13:44:53","4","Information","Microsoft-Windows-SenseIR","Windows Defender Advanced Threat Protection Incident Response executable started."
"30-07-2026 13:40:04","5","Information","Microsoft-Windows-SenseIR","Windows Defender Advanced Threat Protection Incident Response executable terminated. Exit code: 0x0"
"30-07-2026 13:19:14","3","Information","Microsoft-Windows-SenseIR","Succeeded to run action RunPSScriptAction. Action ID: acd1e8f4-3c26-49a7-bec8-9d7a15e1a6d2"
"30-07-2026 13:19:03","1","Information","Microsoft-Windows-SenseIR","Starting action RunPSScriptAction. Action ID: acd1e8f4-3c26-49a7-bec8-9d7a15e1a6d2"
"30-07-2026 13:18:53","4","Information","Microsoft-Windows-SenseIR","Windows Defender Advanced Threat Protection Incident Response executable started."
"30-07-2026 13:14:04","5","Information","Microsoft-Windows-SenseIR","Windows Defender Advanced Threat Protection Incident Response executable terminated. Exit code: 0x0"
"30-07-2026 12:53:23","3","Information","Microsoft-Windows-SenseIR","Succeeded to run action RunPSScriptAction. Action ID: 53159fd8-6386-48c2-91e8-cf4860599c43"
"30-07-2026 12:53:03","1","Information","Microsoft-Windows-SenseIR","Starting action RunPSScriptAction. Action ID: 53159fd8-6386-48c2-91e8-cf4860599c43"
"30-07-2026 12:52:53","4","Information","Microsoft-Windows-SenseIR","Windows Defender Advanced Threat Protection Incident Response executable started."
"30-07-2026 12:22:04","5","Information","Microsoft-Windows-SenseIR","Windows Defender Advanced Threat Protection Incident Response executable terminated. Exit code: 0x0"
"30-07-2026 12:01:15","3","Information","Microsoft-Windows-SenseIR","Succeeded to run action RunPSScriptAction. Action ID: 0e371fa0-b3cb-4d76-93ad-467add004280"
"30-07-2026 12:01:03","1","Information","Microsoft-Windows-SenseIR","Starting action RunPSScriptAction. Action ID: 0e371fa0-b3cb-4d76-93ad-467add004280"
"30-07-2026 12:00:53","4","Information","Microsoft-Windows-SenseIR","Windows Defender Advanced Threat Protection Incident Response executable started."
"30-07-2026 11:56:04","5","Information","Microsoft-Windows-SenseIR","Windows Defender Advanced Threat Protection Incident Response executable terminated. Exit code: 0x0"
"30-07-2026 11:35:17","3","Information","Microsoft-Windows-SenseIR","Succeeded to run action RunPSScriptAction. Action ID: 8e0b85ee-da90-46d9-b939-75081a1ceb3a"
"30-07-2026 11:35:03","1","Information","Microsoft-Windows-SenseIR","Starting action RunPSScriptAction. Action ID: 8e0b85ee-da90-46d9-b939-75081a1ceb3a"
"30-07-2026 11:34:53","4","Information","Microsoft-Windows-SenseIR","Windows Defender Advanced Threat Protection Incident Response executable started."
"30-07-2026 11:30:04","5","Information","Microsoft-Windows-SenseIR","Windows Defender Advanced Threat Protection Incident Response executable terminated. Exit code: 0x0"
"30-07-2026 11:09:06","3","Information","Microsoft-Windows-SenseIR","Succeeded to run action RunPSScriptAction. Action ID: cb7aec68-dfca-4632-88ad-5b019cb0957d"
"30-07-2026 11:09:03","1","Information","Microsoft-Windows-SenseIR","Starting action RunPSScriptAction. Action ID: cb7aec68-dfca-4632-88ad-5b019cb0957d"
"30-07-2026 11:08:53","4","Information","Microsoft-Windows-SenseIR","Windows Defender Advanced Threat Protection Incident Response executable started."
"30-07-2026 10:44:55","5","Information","Microsoft-Windows-SenseIR","Windows Defender Advanced Threat Protection Incident Response executable terminated. Exit code: 0x0"
"30-07-2026 10:23:56","3","Information","Microsoft-Windows-SenseIR","Succeeded to run action RunPSScriptAction. Action ID: 93514365-7ff3-4f5e-9dfd-7eb9f6b779a7"
"30-07-2026 10:23:54","1","Information","Microsoft-Windows-SenseIR","Starting action RunPSScriptAction. Action ID: 93514365-7ff3-4f5e-9dfd-7eb9f6b779a7"
"30-07-2026 10:18:54","3","Information","Microsoft-Windows-SenseIR","Succeeded to run action RunPSScriptAction. Action ID: a391f42c-7e1a-4611-8494-1817d2420e09"
"30-07-2026 10:18:21","3","Information","Microsoft-Windows-SenseIR","Succeeded to run action RunPSScriptAction. Action ID: 36dc1ba5-2d7a-4cc0-8b07-8b26d1899492"
"30-07-2026 10:18:18","3","Information","Microsoft-Windows-SenseIR","Succeeded to run action RunPSScriptAction. Action ID: 3fa4876e-3ae5-4c59-9a4d-08a7400268a6"
"30-07-2026 10:18:18","3","Information","Microsoft-Windows-SenseIR","Succeeded to run action RunPSScriptAction. Action ID: 3fa4876e-3ae5-4c59-9a4d-08a7400268a5"
"30-07-2026 10:18:17","3","Information","Microsoft-Windows-SenseIR","Succeeded to run action RunPSScriptAction. Action ID: 1648ba23-91bf-4822-bd45-661d10a1ea81"
"30-07-2026 10:18:16","3","Information","Microsoft-Windows-SenseIR","Succeeded to run action RunPSScriptAction. Action ID: 9e137068-a631-45e6-81aa-4adda242796e"
"30-07-2026 10:18:12","3","Information","Microsoft-Windows-SenseIR","Succeeded to run action RunPSScriptAction. Action ID: 0e3d6d2d-06cc-486d-9465-9ef3bee75444"
"30-07-2026 10:18:12","3","Information","Microsoft-Windows-SenseIR","Succeeded to run action RunPSScriptAction. Action ID: fc19515e-4fbb-46d1-b1f4-a28b394632fe"
"30-07-2026 10:18:11","3","Information","Microsoft-Windows-SenseIR","Succeeded to run action RunPSScriptAction. Action ID: efc69106-6fc1-423a-94ef-221e65a28f09"
"30-07-2026 10:18:03","1","Information","Microsoft-Windows-SenseIR","Starting action RunPSScriptAction. Action ID: 36dc1ba5-2d7a-4cc0-8b07-8b26d1899492"
"30-07-2026 10:18:03","1","Information","Microsoft-Windows-SenseIR","Starting action RunPSScriptAction. Action ID: fc19515e-4fbb-46d1-b1f4-a28b394632fe"
"30-07-2026 10:18:03","1","Information","Microsoft-Windows-SenseIR","Starting action RunPSScriptAction. Action ID: 9e137068-a631-45e6-81aa-4adda242796e"
"30-07-2026 10:18:01","3","Information","Microsoft-Windows-SenseIR","Succeeded to run action RunPSScriptAction. Action ID: 100c7519-406d-49cb-b7eb-41ce85513276"
"30-07-2026 10:17:58","3","Information","Microsoft-Windows-SenseIR","Succeeded to run action RunPSScriptAction. Action ID: 9f2a6e93-4b3c-4a21-9d6a-879ebba4d64d"
"30-07-2026 10:17:53","1","Information","Microsoft-Windows-SenseIR","Starting action RunPSScriptAction. Action ID: 9f2a6e93-4b3c-4a21-9d6a-879ebba4d64d"
"30-07-2026 10:17:53","1","Information","Microsoft-Windows-SenseIR","Starting action RunPSScriptAction. Action ID: efc69106-6fc1-423a-94ef-221e65a28f09"
"30-07-2026 10:17:53","1","Information","Microsoft-Windows-SenseIR","Starting action RunPSScriptAction. Action ID: 100c7519-406d-49cb-b7eb-41ce85513276"
"30-07-2026 10:17:48","3","Information","Microsoft-Windows-SenseIR","Succeeded to run action RunPSScriptAction. Action ID: 149ae17f-1c51-47e8-90b8-8175a782d62b"
"30-07-2026 10:17:43","1","Information","Microsoft-Windows-SenseIR","Starting action RunPSScriptAction. Action ID: 149ae17f-1c51-47e8-90b8-8175a782d62b"
"30-07-2026 10:17:43","1","Information","Microsoft-Windows-SenseIR","Starting action RunPSScriptAction. Action ID: 0e3d6d2d-06cc-486d-9465-9ef3bee75444"
"30-07-2026 10:17:43","1","Information","Microsoft-Windows-SenseIR","Starting action RunPSScriptAction. Action ID: 3fa4876e-3ae5-4c59-9a4d-08a7400268a5"
"30-07-2026 10:17:39","3","Information","Microsoft-Windows-SenseIR","Succeeded to run action RunPSScriptAction. Action ID: aceb19ff-8484-4db4-b8f6-f5a8d03a8c4a"
"30-07-2026 10:17:33","1","Information","Microsoft-Windows-SenseIR","Starting action RunPSScriptAction. Action ID: aceb19ff-8484-4db4-b8f6-f5a8d03a8c4a"
"30-07-2026 10:17:33","1","Information","Microsoft-Windows-SenseIR","Starting action RunPSScriptAction. Action ID: 3fa4876e-3ae5-4c59-9a4d-08a7400268a6"
"30-07-2026 10:17:33","1","Information","Microsoft-Windows-SenseIR","Starting action RunPSScriptAction. Action ID: a391f42c-7e1a-4611-8494-1817d2420e09"
"30-07-2026 10:17:31","3","Information","Microsoft-Windows-SenseIR","Succeeded to run action RunPSScriptAction. Action ID: 2d76cc84-8291-481d-845d-62f59f16e445"
"30-07-2026 10:17:28","3","Information","Microsoft-Windows-SenseIR","Succeeded to run action RunPSScriptAction. Action ID: cfa5b5b7-e717-474f-ad6a-a99ebd513b5c"
"30-07-2026 10:17:26","3","Information","Microsoft-Windows-SenseIR","Succeeded to run action RunPSScriptAction. Action ID: 05f2c576-9ed5-41eb-9b1e-1b653eebfdff"
"30-07-2026 10:17:24","3","Information","Microsoft-Windows-SenseIR","Succeeded to run action RunPSScriptAction. Action ID: 211ef051-ecf9-4b99-9eed-76e45a831a19"
"30-07-2026 10:17:23","1","Information","Microsoft-Windows-SenseIR","Starting action RunPSScriptAction. Action ID: 2d76cc84-8291-481d-845d-62f59f16e445"
"30-07-2026 10:17:23","1","Information","Microsoft-Windows-SenseIR","Starting action RunPSScriptAction. Action ID: 05f2c576-9ed5-41eb-9b1e-1b653eebfdff"
"30-07-2026 10:17:23","1","Information","Microsoft-Windows-SenseIR","Starting action RunPSScriptAction. Action ID: 1648ba23-91bf-4822-bd45-661d10a1ea81"
"30-07-2026 10:17:22","3","Information","Microsoft-Windows-SenseIR","Succeeded to run action RunPSScriptAction. Action ID: 046a3caf-d9ec-4da6-a32a-fb148992596b"
"30-07-2026 10:17:13","1","Information","Microsoft-Windows-SenseIR","Starting action RunPSScriptAction. Action ID: cfa5b5b7-e717-474f-ad6a-a99ebd513b5c"
"30-07-2026 10:17:13","1","Information","Microsoft-Windows-SenseIR","Starting action RunPSScriptAction. Action ID: 046a3caf-d9ec-4da6-a32a-fb148992596b"
"30-07-2026 10:17:13","1","Information","Microsoft-Windows-SenseIR","Starting action RunPSScriptAction. Action ID: 211ef051-ecf9-4b99-9eed-76e45a831a19"
"30-07-2026 10:17:03","4","Information","Microsoft-Windows-SenseIR","Windows Defender Advanced Threat Protection Incident Response executable started."
"29-07-2026 19:11:01","5","Information","Microsoft-Windows-SenseIR","Windows Defender Advanced Threat Protection Incident Response executable terminated. Exit code: 0x0"
"29-07-2026 18:50:05","3","Information","Microsoft-Windows-SenseIR","Succeeded to run action RunPSScriptAction. Action ID: 7b2e9c14-3a6d-4e21-9f8c-2d5a1b0e4c77"
"29-07-2026 18:50:00","1","Information","Microsoft-Windows-SenseIR","Starting action RunPSScriptAction. Action ID: 7b2e9c14-3a6d-4e21-9f8c-2d5a1b0e4c77"
"29-07-2026 18:49:49","4","Information","Microsoft-Windows-SenseIR","Windows Defender Advanced Threat Protection Incident Response executable started."
"29-07-2026 17:18:54","5","Information","Microsoft-Windows-SenseIR","Windows Defender Advanced Threat Protection Incident Response executable terminated. Exit code: 0x0"
"29-07-2026 16:58:15","3","Information","Microsoft-Windows-SenseIR","Succeeded to run action RunPSScriptAction. Action ID: 0e3d6d2d-06cc-486d-9465-9ef3bee75444"
"29-07-2026 16:57:53","1","Information","Microsoft-Windows-SenseIR","Starting action RunPSScriptAction. Action ID: 0e3d6d2d-06cc-486d-9465-9ef3bee75444"
"29-07-2026 16:50:18","3","Information","Microsoft-Windows-SenseIR","Succeeded to run action RunPSScriptAction. Action ID: 3fa4876e-3ae5-4c59-9a4d-08a7400268a5"
"29-07-2026 16:49:53","1","Information","Microsoft-Windows-SenseIR","Starting action RunPSScriptAction. Action ID: 3fa4876e-3ae5-4c59-9a4d-08a7400268a5"
"29-07-2026 16:48:35","3","Information","Microsoft-Windows-SenseIR","Succeeded to run action RunPSScriptAction. Action ID: 3fa4876e-3ae5-4c59-9a4d-08a7400268a6"
"29-07-2026 16:47:52","1","Information","Microsoft-Windows-SenseIR","Starting action RunPSScriptAction. Action ID: 3fa4876e-3ae5-4c59-9a4d-08a7400268a6"
"29-07-2026 16:38:34","3","Information","Microsoft-Windows-SenseIR","Succeeded to run action RunPSScriptAction. Action ID: a391f42c-7e1a-4611-8494-1817d2420e09"
"29-07-2026 16:37:02","1","Information","Microsoft-Windows-SenseIR","Starting action RunPSScriptAction. Action ID: a391f42c-7e1a-4611-8494-1817d2420e09"
"29-07-2026 16:36:52","4","Information","Microsoft-Windows-SenseIR","Windows Defender Advanced Threat Protection Incident Response executable started."
"29-07-2026 16:05:53","5","Information","Microsoft-Windows-SenseIR","Windows Defender Advanced Threat Protection Incident Response executable terminated. Exit code: 0x0"
"29-07-2026 15:44:58","3","Information","Microsoft-Windows-SenseIR","Succeeded to run action RunPSScriptAction. Action ID: 046a3caf-d9ec-4da6-a32a-fb148992596b"
"29-07-2026 15:44:53","1","Information","Microsoft-Windows-SenseIR","Starting action RunPSScriptAction. Action ID: 046a3caf-d9ec-4da6-a32a-fb148992596b"
"29-07-2026 15:32:11","3","Information","Microsoft-Windows-SenseIR","Succeeded to run action RunPSScriptAction. Action ID: 211ef051-ecf9-4b99-9eed-76e45a831a19"
"29-07-2026 15:32:02","1","Information","Microsoft-Windows-SenseIR","Starting action RunPSScriptAction. Action ID: 211ef051-ecf9-4b99-9eed-76e45a831a19"
"29-07-2026 15:31:52","4","Information","Microsoft-Windows-SenseIR","Windows Defender Advanced Threat Protection Incident Response executable started."
"29-07-2026 11:56:00","5","Information","Microsoft-Windows-SenseIR","Windows Defender Advanced Threat Protection Incident Response executable terminated. Exit code: 0x0"
"29-07-2026 11:35:02","3","Information","Microsoft-Windows-SenseIR","Succeeded to run action RunPSScriptAction. Action ID: 9bde6f2a-afcb-4c11-b890-d6a1f78e5c4b"
"29-07-2026 11:34:59","1","Information","Microsoft-Windows-SenseIR","Starting action RunPSScriptAction. Action ID: 9bde6f2a-afcb-4c11-b890-d6a1f78e5c4b"
"29-07-2026 11:22:09","3","Information","Microsoft-Windows-SenseIR","Succeeded to run action RunPSScriptAction. Action ID: acd1e8f4-3c26-49a7-bec8-9d7a15e1a6d2"
"29-07-2026 11:21:58","1","Information","Microsoft-Windows-SenseIR","Starting action RunPSScriptAction. Action ID: acd1e8f4-3c26-49a7-bec8-9d7a15e1a6d2"
"29-07-2026 11:09:27","3","Information","Microsoft-Windows-SenseIR","Succeeded to run action RunPSScriptAction. Action ID: 53159fd8-6386-48c2-91e8-cf4860599c43"
"29-07-2026 11:09:08","1","Information","Microsoft-Windows-SenseIR","Starting action RunPSScriptAction. Action ID: 53159fd8-6386-48c2-91e8-cf4860599c43"
"29-07-2026 11:08:58","4","Information","Microsoft-Windows-SenseIR","Windows Defender Advanced Threat Protection Incident Response executable started."
"29-07-2026 11:04:05","5","Information","Microsoft-Windows-SenseIR","Windows Defender Advanced Threat Protection Incident Response executable terminated. Exit code: 0x0"
"29-07-2026 10:43:14","3","Information","Microsoft-Windows-SenseIR","Succeeded to run action RunPSScriptAction. Action ID: 0e371fa0-b3cb-4d76-93ad-467add004280"
"29-07-2026 10:43:04","1","Information","Microsoft-Windows-SenseIR","Starting action RunPSScriptAction. Action ID: 0e371fa0-b3cb-4d76-93ad-467add004280"
"29-07-2026 10:30:10","3","Information","Microsoft-Windows-SenseIR","Succeeded to run action RunPSScriptAction. Action ID: 8e0b85ee-da90-46d9-b939-75081a1ceb3a"
"29-07-2026 10:30:04","1","Information","Microsoft-Windows-SenseIR","Starting action RunPSScriptAction. Action ID: 8e0b85ee-da90-46d9-b939-75081a1ceb3a"
"29-07-2026 10:17:06","3","Information","Microsoft-Windows-SenseIR","Succeeded to run action RunPSScriptAction. Action ID: cb7aec68-dfca-4632-88ad-5b019cb0957d"
"29-07-2026 10:17:03","1","Information","Microsoft-Windows-SenseIR","Starting action RunPSScriptAction. Action ID: cb7aec68-dfca-4632-88ad-5b019cb0957d"
"29-07-2026 09:59:56","3","Information","Microsoft-Windows-SenseIR","Succeeded to run action RunPSScriptAction. Action ID: a391f42c-7e1a-4611-8494-1817d2420e09"
"29-07-2026 09:59:12","3","Information","Microsoft-Windows-SenseIR","Succeeded to run action RunPSScriptAction. Action ID: 3fa4876e-3ae5-4c59-9a4d-08a7400268a6"
"29-07-2026 09:59:12","3","Information","Microsoft-Windows-SenseIR","Succeeded to run action RunPSScriptAction. Action ID: 3fa4876e-3ae5-4c59-9a4d-08a7400268a5"
"29-07-2026 09:59:02","3","Information","Microsoft-Windows-SenseIR","Succeeded to run action RunPSScriptAction. Action ID: 0e3d6d2d-06cc-486d-9465-9ef3bee75444"
"29-07-2026 09:58:57","3","Information","Microsoft-Windows-SenseIR","Succeeded to run action RunPSScriptAction. Action ID: 93514365-7ff3-4f5e-9dfd-7eb9f6b779a7"
"29-07-2026 09:58:56","3","Information","Microsoft-Windows-SenseIR","Succeeded to run action RunPSScriptAction. Action ID: 9e137068-a631-45e6-81aa-4adda242796e"
"29-07-2026 09:58:52","1","Information","Microsoft-Windows-SenseIR","Starting action RunPSScriptAction. Action ID: 93514365-7ff3-4f5e-9dfd-7eb9f6b779a7"
"29-07-2026 09:58:51","3","Information","Microsoft-Windows-SenseIR","Succeeded to run action RunPSScriptAction. Action ID: fc19515e-4fbb-46d1-b1f4-a28b394632fe"
"29-07-2026 09:58:50","3","Information","Microsoft-Windows-SenseIR","Succeeded to run action RunPSScriptAction. Action ID: 1648ba23-91bf-4822-bd45-661d10a1ea81"
"29-07-2026 09:58:50","3","Information","Microsoft-Windows-SenseIR","Succeeded to run action RunPSScriptAction. Action ID: 9f2a6e93-4b3c-4a21-9d6a-879ebba4d64d"
"29-07-2026 09:58:48","3","Information","Microsoft-Windows-SenseIR","Succeeded to run action RunPSScriptAction. Action ID: efc69106-6fc1-423a-94ef-221e65a28f09"
"29-07-2026 09:58:42","1","Information","Microsoft-Windows-SenseIR","Starting action RunPSScriptAction. Action ID: fc19515e-4fbb-46d1-b1f4-a28b394632fe"
"29-07-2026 09:58:42","1","Information","Microsoft-Windows-SenseIR","Starting action RunPSScriptAction. Action ID: 9e137068-a631-45e6-81aa-4adda242796e"
"29-07-2026 09:58:42","1","Information","Microsoft-Windows-SenseIR","Starting action RunPSScriptAction. Action ID: 9f2a6e93-4b3c-4a21-9d6a-879ebba4d64d"
"29-07-2026 09:58:32","1","Information","Microsoft-Windows-SenseIR","Starting action RunPSScriptAction. Action ID: efc69106-6fc1-423a-94ef-221e65a28f09"
"29-07-2026 09:58:32","1","Information","Microsoft-Windows-SenseIR","Starting action RunPSScriptAction. Action ID: 0e3d6d2d-06cc-486d-9465-9ef3bee75444"
"29-07-2026 09:58:32","1","Information","Microsoft-Windows-SenseIR","Starting action RunPSScriptAction. Action ID: 3fa4876e-3ae5-4c59-9a4d-08a7400268a5"
"29-07-2026 09:58:27","3","Information","Microsoft-Windows-SenseIR","Succeeded to run action RunPSScriptAction. Action ID: aceb19ff-8484-4db4-b8f6-f5a8d03a8c4a"
"29-07-2026 09:58:22","1","Information","Microsoft-Windows-SenseIR","Starting action RunPSScriptAction. Action ID: 3fa4876e-3ae5-4c59-9a4d-08a7400268a6"
"29-07-2026 09:58:22","1","Information","Microsoft-Windows-SenseIR","Starting action RunPSScriptAction. Action ID: a391f42c-7e1a-4611-8494-1817d2420e09"
"29-07-2026 09:58:22","1","Information","Microsoft-Windows-SenseIR","Starting action RunPSScriptAction. Action ID: aceb19ff-8484-4db4-b8f6-f5a8d03a8c4a"
"29-07-2026 09:58:20","3","Information","Microsoft-Windows-SenseIR","Succeeded to run action RunPSScriptAction. Action ID: 2d76cc84-8291-481d-845d-62f59f16e445"
"29-07-2026 09:58:16","3","Information","Microsoft-Windows-SenseIR","Succeeded to run action RunPSScriptAction. Action ID: cfa5b5b7-e717-474f-ad6a-a99ebd513b5c"
"29-07-2026 09:58:14","3","Information","Microsoft-Windows-SenseIR","Succeeded to run action RunPSScriptAction. Action ID: 05f2c576-9ed5-41eb-9b1e-1b653eebfdff"
"29-07-2026 09:58:12","1","Information","Microsoft-Windows-SenseIR","Starting action RunPSScriptAction. Action ID: 2d76cc84-8291-481d-845d-62f59f16e445"
"29-07-2026 09:58:12","1","Information","Microsoft-Windows-SenseIR","Starting action RunPSScriptAction. Action ID: 05f2c576-9ed5-41eb-9b1e-1b653eebfdff"
"29-07-2026 09:58:12","1","Information","Microsoft-Windows-SenseIR","Starting action RunPSScriptAction. Action ID: 1648ba23-91bf-4822-bd45-661d10a1ea81"
"29-07-2026 09:58:11","3","Information","Microsoft-Windows-SenseIR","Succeeded to run action RunPSScriptAction. Action ID: 211ef051-ecf9-4b99-9eed-76e45a831a19"
"29-07-2026 09:58:10","3","Information","Microsoft-Windows-SenseIR","Succeeded to run action RunPSScriptAction. Action ID: 046a3caf-d9ec-4da6-a32a-fb148992596b"
"29-07-2026 09:58:02","1","Information","Microsoft-Windows-SenseIR","Starting action RunPSScriptAction. Action ID: cfa5b5b7-e717-474f-ad6a-a99ebd513b5c"
"29-07-2026 09:58:02","1","Information","Microsoft-Windows-SenseIR","Starting action RunPSScriptAction. Action ID: 046a3caf-d9ec-4da6-a32a-fb148992596b"
"29-07-2026 09:58:02","1","Information","Microsoft-Windows-SenseIR","Starting action RunPSScriptAction. Action ID: 211ef051-ecf9-4b99-9eed-76e45a831a19"
"29-07-2026 09:57:52","4","Information","Microsoft-Windows-SenseIR","Windows Defender Advanced Threat Protection Incident Response executable started."
"28-07-2026 18:58:10","5","Information","Microsoft-Windows-SenseIR","Windows Defender Advanced Threat Protection Incident Response executable terminated. Exit code: 0x0"
"28-07-2026 18:37:06","3","Information","Microsoft-Windows-SenseIR","Succeeded to run action RunPSScriptAction. Action ID: 7b2e9c14-3a6d-4e21-9f8c-2d5a1b0e4c77"
"28-07-2026 18:37:03","1","Information","Microsoft-Windows-SenseIR","Starting action RunPSScriptAction. Action ID: 7b2e9c14-3a6d-4e21-9f8c-2d5a1b0e4c77"
"28-07-2026 18:36:53","4","Information","Microsoft-Windows-SenseIR","Windows Defender Advanced Threat Protection Incident Response executable started."
"28-07-2026 16:46:03","5","Information","Microsoft-Windows-SenseIR","Windows Defender Advanced Threat Protection Incident Response executable terminated. Exit code: 0x0"
"28-07-2026 16:25:29","3","Information","Microsoft-Windows-SenseIR","Succeeded to run action RunPSScriptAction. Action ID: 0e3d6d2d-06cc-486d-9465-9ef3bee75444"
"28-07-2026 16:25:02","1","Information","Microsoft-Windows-SenseIR","Starting action RunPSScriptAction. Action ID: 0e3d6d2d-06cc-486d-9465-9ef3bee75444"
"28-07-2026 16:17:30","3","Information","Microsoft-Windows-SenseIR","Succeeded to run action RunPSScriptAction. Action ID: 3fa4876e-3ae5-4c59-9a4d-08a7400268a5"
"28-07-2026 16:17:02","1","Information","Microsoft-Windows-SenseIR","Starting action RunPSScriptAction. Action ID: 3fa4876e-3ae5-4c59-9a4d-08a7400268a5"
"28-07-2026 16:15:49","3","Information","Microsoft-Windows-SenseIR","Succeeded to run action RunPSScriptAction. Action ID: 3fa4876e-3ae5-4c59-9a4d-08a7400268a6"
"28-07-2026 16:15:02","1","Information","Microsoft-Windows-SenseIR","Starting action RunPSScriptAction. Action ID: 3fa4876e-3ae5-4c59-9a4d-08a7400268a6"
"28-07-2026 16:05:39","3","Information","Microsoft-Windows-SenseIR","Succeeded to run action RunPSScriptAction. Action ID: a391f42c-7e1a-4611-8494-1817d2420e09"
"28-07-2026 16:04:11","1","Information","Microsoft-Windows-SenseIR","Starting action RunPSScriptAction. Action ID: a391f42c-7e1a-4611-8494-1817d2420e09"
"28-07-2026 16:04:01","4","Information","Microsoft-Windows-SenseIR","Windows Defender Advanced Threat Protection Incident Response executable started."
"28-07-2026 15:33:03","5","Information","Microsoft-Windows-SenseIR","Windows Defender Advanced Threat Protection Incident Response executable terminated. Exit code: 0x0"
"28-07-2026 15:12:13","3","Information","Microsoft-Windows-SenseIR","Succeeded to run action RunPSScriptAction. Action ID: 046a3caf-d9ec-4da6-a32a-fb148992596b"
"28-07-2026 15:12:02","1","Information","Microsoft-Windows-SenseIR","Starting action RunPSScriptAction. Action ID: 046a3caf-d9ec-4da6-a32a-fb148992596b"
"28-07-2026 14:59:20","3","Information","Microsoft-Windows-SenseIR","Succeeded to run action RunPSScriptAction. Action ID: 211ef051-ecf9-4b99-9eed-76e45a831a19"
"28-07-2026 14:59:11","1","Information","Microsoft-Windows-SenseIR","Starting action RunPSScriptAction. Action ID: 211ef051-ecf9-4b99-9eed-76e45a831a19"
"28-07-2026 14:59:01","4","Information","Microsoft-Windows-SenseIR","Windows Defender Advanced Threat Protection Incident Response executable started."
"28-07-2026 09:47:32","5","Information","Microsoft-Windows-SenseIR","Windows Defender Advanced Threat Protection Incident Response executable terminated. Exit code: 0x0"
"28-07-2026 09:27:01","3","Information","Microsoft-Windows-SenseIR","Succeeded to run action RunPSScriptAction. Action ID: a391f42c-7e1a-4611-8494-1817d2420e09"
"28-07-2026 09:26:39","3","Information","Microsoft-Windows-SenseIR","Succeeded to run action RunPSScriptAction. Action ID: 2d76cc84-8291-481d-845d-62f59f16e445"
"28-07-2026 09:26:34","3","Information","Microsoft-Windows-SenseIR","Succeeded to run action RunPSScriptAction. Action ID: 3fa4876e-3ae5-4c59-9a4d-08a7400268a5"
"28-07-2026 09:26:31","1","Information","Microsoft-Windows-SenseIR","Starting action RunPSScriptAction. Action ID: 2d76cc84-8291-481d-845d-62f59f16e445"
"28-07-2026 09:26:30","3","Information","Microsoft-Windows-SenseIR","Succeeded to run action RunPSScriptAction. Action ID: 3fa4876e-3ae5-4c59-9a4d-08a7400268a6"
"28-07-2026 09:26:29","3","Information","Microsoft-Windows-SenseIR","Succeeded to run action RunPSScriptAction. Action ID: 8e0b85ee-da90-46d9-b939-75081a1ceb3a"
"28-07-2026 09:26:24","3","Information","Microsoft-Windows-SenseIR","Succeeded to run action RunPSScriptAction. Action ID: 9bde6f2a-afcb-4c11-b890-d6a1f78e5c4b"
"28-07-2026 09:26:24","3","Information","Microsoft-Windows-SenseIR","Succeeded to run action RunPSScriptAction. Action ID: 05f2c576-9ed5-41eb-9b1e-1b653eebfdff"
"28-07-2026 09:26:21","1","Information","Microsoft-Windows-SenseIR","Starting action RunPSScriptAction. Action ID: 05f2c576-9ed5-41eb-9b1e-1b653eebfdff"
"28-07-2026 09:26:21","1","Information","Microsoft-Windows-SenseIR","Starting action RunPSScriptAction. Action ID: 8e0b85ee-da90-46d9-b939-75081a1ceb3a"
"28-07-2026 09:26:21","1","Information","Microsoft-Windows-SenseIR","Starting action RunPSScriptAction. Action ID: 9bde6f2a-afcb-4c11-b890-d6a1f78e5c4b"
"28-07-2026 09:26:19","3","Information","Microsoft-Windows-SenseIR","Succeeded to run action RunPSScriptAction. Action ID: 1648ba23-91bf-4822-bd45-661d10a1ea81"
"28-07-2026 09:26:18","3","Information","Microsoft-Windows-SenseIR","Succeeded to run action RunPSScriptAction. Action ID: 100c7519-406d-49cb-b7eb-41ce85513276"
"28-07-2026 09:26:14","3","Information","Microsoft-Windows-SenseIR","Succeeded to run action RunPSScriptAction. Action ID: 53159fd8-6386-48c2-91e8-cf4860599c43"
"28-07-2026 09:26:14","3","Information","Microsoft-Windows-SenseIR","Succeeded to run action RunPSScriptAction. Action ID: 9f2a6e93-4b3c-4a21-9d6a-879ebba4d64d"
"28-07-2026 09:26:11","1","Information","Microsoft-Windows-SenseIR","Starting action RunPSScriptAction. Action ID: 100c7519-406d-49cb-b7eb-41ce85513276"
"28-07-2026 09:26:11","1","Information","Microsoft-Windows-SenseIR","Starting action RunPSScriptAction. Action ID: 9f2a6e93-4b3c-4a21-9d6a-879ebba4d64d"
"28-07-2026 09:26:11","1","Information","Microsoft-Windows-SenseIR","Starting action RunPSScriptAction. Action ID: 3fa4876e-3ae5-4c59-9a4d-08a7400268a5"
"28-07-2026 09:26:06","3","Information","Microsoft-Windows-SenseIR","Succeeded to run action RunPSScriptAction. Action ID: aceb19ff-8484-4db4-b8f6-f5a8d03a8c4a"
"28-07-2026 09:26:01","1","Information","Microsoft-Windows-SenseIR","Starting action RunPSScriptAction. Action ID: 53159fd8-6386-48c2-91e8-cf4860599c43"
"28-07-2026 09:26:01","1","Information","Microsoft-Windows-SenseIR","Starting action RunPSScriptAction. Action ID: 3fa4876e-3ae5-4c59-9a4d-08a7400268a6"
"28-07-2026 09:26:01","1","Information","Microsoft-Windows-SenseIR","Starting action RunPSScriptAction. Action ID: aceb19ff-8484-4db4-b8f6-f5a8d03a8c4a"
"28-07-2026 09:25:58","3","Information","Microsoft-Windows-SenseIR","Succeeded to run action RunPSScriptAction. Action ID: 046a3caf-d9ec-4da6-a32a-fb148992596b"
"28-07-2026 09:25:56","3","Information","Microsoft-Windows-SenseIR","Succeeded to run action RunPSScriptAction. Action ID: 211ef051-ecf9-4b99-9eed-76e45a831a19"
"28-07-2026 09:25:54","3","Information","Microsoft-Windows-SenseIR","Succeeded to run action RunPSScriptAction. Action ID: efc69106-6fc1-423a-94ef-221e65a28f09"
"28-07-2026 09:25:54","3","Information","Microsoft-Windows-SenseIR","Succeeded to run action RunPSScriptAction. Action ID: fc19515e-4fbb-46d1-b1f4-a28b394632fe"
"28-07-2026 09:25:53","3","Information","Microsoft-Windows-SenseIR","Succeeded to run action RunPSScriptAction. Action ID: 0e3d6d2d-06cc-486d-9465-9ef3bee75444"
"28-07-2026 09:25:51","1","Information","Microsoft-Windows-SenseIR","Starting action RunPSScriptAction. Action ID: fc19515e-4fbb-46d1-b1f4-a28b394632fe"
"28-07-2026 09:25:51","1","Information","Microsoft-Windows-SenseIR","Starting action RunPSScriptAction. Action ID: 211ef051-ecf9-4b99-9eed-76e45a831a19"
"28-07-2026 09:25:51","1","Information","Microsoft-Windows-SenseIR","Starting action RunPSScriptAction. Action ID: 046a3caf-d9ec-4da6-a32a-fb148992596b"
"28-07-2026 09:25:50","3","Information","Microsoft-Windows-SenseIR","Succeeded to run action RunPSScriptAction. Action ID: 0e371fa0-b3cb-4d76-93ad-467add004280"
"28-07-2026 09:25:44","3","Information","Microsoft-Windows-SenseIR","Succeeded to run action RunPSScriptAction. Action ID: cfa5b5b7-e717-474f-ad6a-a99ebd513b5c"
"28-07-2026 09:25:41","1","Information","Microsoft-Windows-SenseIR","Starting action RunPSScriptAction. Action ID: efc69106-6fc1-423a-94ef-221e65a28f09"
"28-07-2026 09:25:41","1","Information","Microsoft-Windows-SenseIR","Starting action RunPSScriptAction. Action ID: a391f42c-7e1a-4611-8494-1817d2420e09"
"28-07-2026 09:25:41","1","Information","Microsoft-Windows-SenseIR","Starting action RunPSScriptAction. Action ID: 0e371fa0-b3cb-4d76-93ad-467add004280"
"28-07-2026 09:25:39","3","Information","Microsoft-Windows-SenseIR","Succeeded to run action RunPSScriptAction. Action ID: 9e137068-a631-45e6-81aa-4adda242796e"
"28-07-2026 09:25:31","1","Information","Microsoft-Windows-SenseIR","Starting action RunPSScriptAction. Action ID: cfa5b5b7-e717-474f-ad6a-a99ebd513b5c"
"28-07-2026 09:25:31","1","Information","Microsoft-Windows-SenseIR","Starting action RunPSScriptAction. Action ID: 9e137068-a631-45e6-81aa-4adda242796e"
"28-07-2026 09:25:31","1","Information","Microsoft-Windows-SenseIR","Starting action RunPSScriptAction. Action ID: 1648ba23-91bf-4822-bd45-661d10a1ea81"
"28-07-2026 09:25:27","3","Information","Microsoft-Windows-SenseIR","Succeeded to run action RunPSScriptAction. Action ID: acd1e8f4-3c26-49a7-bec8-9d7a15e1a6d2"
"28-07-2026 09:25:25","3","Information","Microsoft-Windows-SenseIR","Succeeded to run action RunPSScriptAction. Action ID: 93514365-7ff3-4f5e-9dfd-7eb9f6b779a7"
"28-07-2026 09:25:25","3","Information","Microsoft-Windows-SenseIR","Succeeded to run action RunPSScriptAction. Action ID: 36dc1ba5-2d7a-4cc0-8b07-8b26d1899492"
"28-07-2026 09:25:24","3","Information","Microsoft-Windows-SenseIR","Succeeded to run action RunPSScriptAction. Action ID: cb7aec68-dfca-4632-88ad-5b019cb0957d"
"28-07-2026 09:25:21","1","Information","Microsoft-Windows-SenseIR","Starting action RunPSScriptAction. Action ID: 93514365-7ff3-4f5e-9dfd-7eb9f6b779a7"
"28-07-2026 09:25:21","1","Information","Microsoft-Windows-SenseIR","Starting action RunPSScriptAction. Action ID: cb7aec68-dfca-4632-88ad-5b019cb0957d"
"28-07-2026 09:25:21","1","Information","Microsoft-Windows-SenseIR","Starting action RunPSScriptAction. Action ID: acd1e8f4-3c26-49a7-bec8-9d7a15e1a6d2"
"28-07-2026 09:25:14","3","Information","Microsoft-Windows-SenseIR","Succeeded to run action RunPSScriptAction. Action ID: 149ae17f-1c51-47e8-90b8-8175a782d62b"
"28-07-2026 09:25:11","1","Information","Microsoft-Windows-SenseIR","Starting action RunPSScriptAction. Action ID: 36dc1ba5-2d7a-4cc0-8b07-8b26d1899492"
"28-07-2026 09:25:11","1","Information","Microsoft-Windows-SenseIR","Starting action RunPSScriptAction. Action ID: 149ae17f-1c51-47e8-90b8-8175a782d62b"
"28-07-2026 09:25:11","1","Information","Microsoft-Windows-SenseIR","Starting action RunPSScriptAction. Action ID: 0e3d6d2d-06cc-486d-9465-9ef3bee75444"
"28-07-2026 09:25:01","4","Information","Microsoft-Windows-SenseIR","Windows Defender Advanced Threat Protection Incident Response executable started."
"27-07-2026 20:08:41","5","Information","Microsoft-Windows-SenseIR","Windows Defender Advanced Threat Protection Incident Response executable terminated. Exit code: 0x0"
"27-07-2026 18:53:04","3","Information","Microsoft-Windows-SenseIR","Succeeded to run action RunPSScriptAction. Action ID: 3fa4876e-3ae5-4c59-9a4d-08a7400268a5"
"27-07-2026 18:52:24","1","Information","Microsoft-Windows-SenseIR","Starting action RunPSScriptAction. Action ID: 3fa4876e-3ae5-4c59-9a4d-08a7400268a5"
"27-07-2026 18:45:19","3","Information","Microsoft-Windows-SenseIR","Succeeded to run action RunPSScriptAction. Action ID: 211ef051-ecf9-4b99-9eed-76e45a831a19"
"27-07-2026 18:45:14","1","Information","Microsoft-Windows-SenseIR","Starting action RunPSScriptAction. Action ID: 211ef051-ecf9-4b99-9eed-76e45a831a19"
"27-07-2026 18:30:51","3","Information","Microsoft-Windows-SenseIR","Succeeded to run action RunPSScriptAction. Action ID: 3fa4876e-3ae5-4c59-9a4d-08a7400268a6"
"27-07-2026 18:29:43","1","Information","Microsoft-Windows-SenseIR","Starting action RunPSScriptAction. Action ID: 3fa4876e-3ae5-4c59-9a4d-08a7400268a6"
"27-07-2026 18:26:35","3","Information","Microsoft-Windows-SenseIR","Succeeded to run action RunPSScriptAction. Action ID: 046a3caf-d9ec-4da6-a32a-fb148992596b"
"27-07-2026 18:26:23","1","Information","Microsoft-Windows-SenseIR","Starting action RunPSScriptAction. Action ID: 046a3caf-d9ec-4da6-a32a-fb148992596b"
"27-07-2026 18:24:11","3","Information","Microsoft-Windows-SenseIR","Succeeded to run action RunPSScriptAction. Action ID: 7b2e9c14-3a6d-4e21-9f8c-2d5a1b0e4c77"
"27-07-2026 18:24:03","1","Information","Microsoft-Windows-SenseIR","Starting action RunPSScriptAction. Action ID: 7b2e9c14-3a6d-4e21-9f8c-2d5a1b0e4c77"
"27-07-2026 18:23:29","3","Information","Microsoft-Windows-SenseIR","Succeeded to run action RunPSScriptAction. Action ID: 2d76cc84-8291-481d-845d-62f59f16e445"
"27-07-2026 18:23:13","1","Information","Microsoft-Windows-SenseIR","Starting action RunPSScriptAction. Action ID: 2d76cc84-8291-481d-845d-62f59f16e445"
"27-07-2026 18:23:02","4","Information","Microsoft-Windows-SenseIR","Windows Defender Advanced Threat Protection Incident Response executable started."
"27-07-2026 17:37:26","5","Information","Microsoft-Windows-SenseIR","Windows Defender Advanced Threat Protection Incident Response executable terminated. Exit code: 0x0"
"27-07-2026 17:16:28","3","Information","Microsoft-Windows-SenseIR","Succeeded to run action RunPSScriptAction. Action ID: 05f2c576-9ed5-41eb-9b1e-1b653eebfdff"
"27-07-2026 17:16:25","1","Information","Microsoft-Windows-SenseIR","Starting action RunPSScriptAction. Action ID: 05f2c576-9ed5-41eb-9b1e-1b653eebfdff"
"27-07-2026 17:16:14","4","Information","Microsoft-Windows-SenseIR","Windows Defender Advanced Threat Protection Incident Response executable started."
"27-07-2026 16:41:23","5","Information","Microsoft-Windows-SenseIR","Windows Defender Advanced Threat Protection Incident Response executable terminated. Exit code: 0x0"
"27-07-2026 16:20:27","3","Information","Microsoft-Windows-SenseIR","Succeeded to run action RunPSScriptAction. Action ID: 9f2a6e93-4b3c-4a21-9d6a-879ebba4d64d"
"27-07-2026 16:20:22","1","Information","Microsoft-Windows-SenseIR","Starting action RunPSScriptAction. Action ID: 9f2a6e93-4b3c-4a21-9d6a-879ebba4d64d"
