"17-08-2026 11:32:14","12","Information","Microsoft-Windows-MF-FrameServer","FrameServer WatchdogTimer Stop Event, TimerScope: FSStream, TimerScopeId: 1313087303008, WatchdogOperation: Start, DurationToCompletionInHns: 93309."
"17-08-2026 11:32:14","11","Information","Microsoft-Windows-MF-FrameServer","FrameServer WatchdogTimer Start Event, TimerScope: FSStream, TimerScopeId: 1313087303008, WatchdogOperation: Start, DurationToTriggerInHns: 200000000, 
SymbolicLink: \\?\USB#VID_0BDA&PID_5599&MI_00#6&236e8108&0&0000#{e5323777-f976-4f5b-9b55-b94699c46e44}\Global."
"17-08-2026 11:32:14","3","Information","Microsoft-Windows-MF-FrameServer","FrameServer FsProxy SetOutputType Stop, hr=0x0."
"17-08-2026 11:32:14","2","Information","Microsoft-Windows-MF-FrameServer","FrameServer FsProxy SetOutputType Start, PinId: 0, MediaType: FrameSize=8246337209400 (1920,1080),MajorType={73646976-0000-0010-8000-00AA00389B71},FrameRate=128849018881 (30,1),PixelAspectRatio=4294967297 (1,1),InterlacedMode=2,Subtype={32595559-0000-0010-8000-00AA00389B71}."
"17-08-2026 11:32:14","7","Information","Microsoft-Windows-MF-FrameServer","FrameServer FsProxy Initialization Stop, SymbolicLink: \\?\usb#vid_0bda&pid_5599&mi_00#6&236e8108&0&0000#{e5323777-f976-4f5b-9b55-b94699c46e44}\global, Devices: 1, Streams: 1, StreamType: MASTER, hr: 0x0."
"17-08-2026 11:32:14","12","Information","Microsoft-Windows-MF-FrameServer","FrameServer WatchdogTimer Stop Event, TimerScope: FSSource, TimerScopeId: 0, WatchdogOperation: Initialize, DurationToCompletionInHns: 3765."
"17-08-2026 11:32:14","11","Information","Microsoft-Windows-MF-FrameServer","FrameServer WatchdogTimer Start Event, TimerScope: FSSource, TimerScopeId: 0, WatchdogOperation: Initialize, DurationToTriggerInHns: 249988798, 
SymbolicLink: \\?\USB#VID_0BDA&PID_5599&MI_00#6&236e8108&0&0000#{e5323777-f976-4f5b-9b55-b94699c46e44}\Global."
"17-08-2026 11:32:14","12","Information","Microsoft-Windows-MF-FrameServer","FrameServer WatchdogTimer Stop Event, TimerScope: FSSource, TimerScopeId: 0, WatchdogOperation: Initialize, DurationToCompletionInHns: 11152."
"17-08-2026 11:32:14","11","Information","Microsoft-Windows-MF-FrameServer","FrameServer WatchdogTimer Start Event, TimerScope: FSSource, TimerScopeId: 0, WatchdogOperation: Initialize, DurationToTriggerInHns: 250000000, 
SymbolicLink: \\?\USB#VID_0BDA&PID_5599&MI_00#6&236e8108&0&0000#{e5323777-f976-4f5b-9b55-b94699c46e44}\Global."
"17-08-2026 11:32:14","6","Information","Microsoft-Windows-MF-FrameServer","FrameServer FsProxy Initialization Start, SymbolicLink: \\?\usb#vid_0bda&pid_5599&mi_00#6&236e8108&0&0000#{e5323777-f976-4f5b-9b55-b94699c46e44}\global, Devices: 1, StreamType: MASTER."
"17-08-2026 11:31:58","12","Information","Microsoft-Windows-MF-FrameServer","FrameServer WatchdogTimer Stop Event, TimerScope: FSSource, TimerScopeId: 0, WatchdogOperation: 4, DurationToCompletionInHns: 2121."
"17-08-2026 11:31:58","11","Information","Microsoft-Windows-MF-FrameServer","FrameServer WatchdogTimer Start Event, TimerScope: FSSource, TimerScopeId: 0, WatchdogOperation: 4, DurationToTriggerInHns: 200000000, 
SymbolicLink: <none>."
"17-08-2026 11:31:58","5","Information","Microsoft-Windows-MF-FrameServer","FrameServer FsProxy D3dManager Stop, hr=0x0."
"17-08-2026 11:31:58","4","Information","Microsoft-Windows-MF-FrameServer","FrameServer FsProxy D3dManager Start, D3dDesc: Intel(R) Graphics, LUID: 0x10DFF, VendorId: 32902, DeviceId: 32065, SubSysId: 216535080."
"17-08-2026 11:31:58","3","Information","Microsoft-Windows-MF-FrameServer","FrameServer FsProxy SetOutputType Stop, hr=0x0."
"17-08-2026 11:31:58","2","Information","Microsoft-Windows-MF-FrameServer","FrameServer FsProxy SetOutputType Start, PinId: 0, MediaType: FrameSize=8246337209400 (1920,1080),MajorType={73646976-0000-0010-8000-00AA00389B71},FrameRate=128849018881 (30,1),PixelAspectRatio=4294967297 (1,1),InterlacedMode=2,Subtype={32595559-0000-0010-8000-00AA00389B71}."
"17-08-2026 11:31:58","5","Information","Microsoft-Windows-MF-FrameServer","FrameServer FsProxy D3dManager Stop, hr=0x0."
"17-08-2026 11:31:58","4","Information","Microsoft-Windows-MF-FrameServer","FrameServer FsProxy D3dManager Start, D3dDesc: Intel(R) Graphics, LUID: 0x10DFF, VendorId: 32902, DeviceId: 32065, SubSysId: 216535080."
"17-08-2026 11:31:58","5","Information","Microsoft-Windows-MF-FrameServer","FrameServer FsProxy D3dManager Stop, hr=0x0."
"17-08-2026 11:31:58","4","Information","Microsoft-Windows-MF-FrameServer","FrameServer FsProxy D3dManager Start, D3dDesc: Intel(R) Graphics, LUID: 0x10DFF, VendorId: 32902, DeviceId: 32065, SubSysId: 216535080."
"17-08-2026 11:31:58","5","Information","Microsoft-Windows-MF-FrameServer","FrameServer FsProxy D3dManager Stop, hr=0x0."
"17-08-2026 11:31:58","4","Information","Microsoft-Windows-MF-FrameServer","FrameServer FsProxy D3dManager Start, D3dDesc: Intel(R) Graphics, LUID: 0x10DFF, VendorId: 32902, DeviceId: 32065, SubSysId: 216535080."
"17-08-2026 11:31:58","3","Information","Microsoft-Windows-MF-FrameServer","FrameServer FsProxy SetOutputType Stop, hr=0x0."
"17-08-2026 11:31:58","2","Information","Microsoft-Windows-MF-FrameServer","FrameServer FsProxy SetOutputType Start, PinId: 0, MediaType: FrameSize=8246337209400 (1920,1080),MajorType={73646976-0000-0010-8000-00AA00389B71},FrameRate=128849018881 (30,1),PixelAspectRatio=4294967297 (1,1),InterlacedMode=2,Subtype={32595559-0000-0010-8000-00AA00389B71}."
"17-08-2026 11:31:58","5","Information","Microsoft-Windows-MF-FrameServer","FrameServer FsProxy D3dManager Stop, hr=0x0."
"17-08-2026 11:31:58","4","Information","Microsoft-Windows-MF-FrameServer","FrameServer FsProxy D3dManager Start, D3dDesc: Intel(R) Graphics, LUID: 0x10DFF, VendorId: 32902, DeviceId: 32065, SubSysId: 216535080."
"17-08-2026 11:31:58","5","Information","Microsoft-Windows-MF-FrameServer","FrameServer FsProxy D3dManager Stop, hr=0x0."
"17-08-2026 11:31:58","4","Information","Microsoft-Windows-MF-FrameServer","FrameServer FsProxy D3dManager Start, D3dDesc: Intel(R) Graphics, LUID: 0x10DFF, VendorId: 32902, DeviceId: 32065, SubSysId: 216535080."
"17-08-2026 11:31:58","7","Information","Microsoft-Windows-MF-FrameServer","FrameServer FsProxy Initialization Stop, SymbolicLink: \\?\usb#vid_0bda&pid_5599&mi_00#6&236e8108&0&0000#{e5323777-f976-4f5b-9b55-b94699c46e44}\global, Devices: 1, Streams: 1, StreamType: MASTER, hr: 0x0."
"17-08-2026 11:31:58","7","Information","Microsoft-Windows-MF-FrameServer","FrameServer FsProxy Initialization Stop, SymbolicLink: \\?\usb#vid_0bda&pid_5599&mi_00#6&236e8108&0&0000#{e5323777-f976-4f5b-9b55-b94699c46e44}\global, Devices: 1, Streams: 1, StreamType: MASTER, hr: 0x0."
"17-08-2026 11:31:58","12","Information","Microsoft-Windows-MF-FrameServer","FrameServer WatchdogTimer Stop Event, TimerScope: FSSource, TimerScopeId: 0, WatchdogOperation: Activate, DurationToCompletionInHns: 42714."
"17-08-2026 11:31:58","11","Information","Microsoft-Windows-MF-FrameServer","FrameServer WatchdogTimer Start Event, TimerScope: FSSource, TimerScopeId: 0, WatchdogOperation: Activate, DurationToTriggerInHns: 200000000, 
SymbolicLink: <none>."
"17-08-2026 11:31:58","12","Information","Microsoft-Windows-MF-FrameServer","FrameServer WatchdogTimer Stop Event, TimerScope: FSSource, TimerScopeId: 0, WatchdogOperation: Initialize, DurationToCompletionInHns: 6444."
"17-08-2026 11:31:58","11","Information","Microsoft-Windows-MF-FrameServer","FrameServer WatchdogTimer Start Event, TimerScope: FSSource, TimerScopeId: 0, WatchdogOperation: Initialize, DurationToTriggerInHns: 249978812, 
SymbolicLink: \\?\USB#VID_0BDA&PID_5599&MI_00#6&236e8108&0&0000#{e5323777-f976-4f5b-9b55-b94699c46e44}\Global."
"17-08-2026 11:31:58","12","Information","Microsoft-Windows-MF-FrameServer","FrameServer WatchdogTimer Stop Event, TimerScope: FSSource, TimerScopeId: 0, WatchdogOperation: Initialize, DurationToCompletionInHns: 21118."
"17-08-2026 11:31:58","11","Information","Microsoft-Windows-MF-FrameServer","FrameServer WatchdogTimer Start Event, TimerScope: FSSource, TimerScopeId: 0, WatchdogOperation: Initialize, DurationToTriggerInHns: 250000000, 
SymbolicLink: \\?\USB#VID_0BDA&PID_5599&MI_00#6&236e8108&0&0000#{e5323777-f976-4f5b-9b55-b94699c46e44}\Global."
"17-08-2026 11:31:58","6","Information","Microsoft-Windows-MF-FrameServer","FrameServer FsProxy Initialization Start, SymbolicLink: \\?\usb#vid_0bda&pid_5599&mi_00#6&236e8108&0&0000#{e5323777-f976-4f5b-9b55-b94699c46e44}\global, Devices: 1, StreamType: MASTER."
"17-08-2026 11:31:58","6","Information","Microsoft-Windows-MF-FrameServer","FrameServer FsProxy Initialization Start, SymbolicLink: \\?\usb#vid_0bda&pid_5599&mi_00#6&236e8108&0&0000#{e5323777-f976-4f5b-9b55-b94699c46e44}\global, Devices: 1, StreamType: MASTER."
"17-08-2026 11:31:58","12","Information","Microsoft-Windows-MF-FrameServer","FrameServer WatchdogTimer Stop Event, TimerScope: FSSource, TimerScopeId: 0, WatchdogOperation: 4, DurationToCompletionInHns: 141131."
"17-08-2026 11:31:58","11","Information","Microsoft-Windows-MF-FrameServer","FrameServer WatchdogTimer Start Event, TimerScope: FSSource, TimerScopeId: 0, WatchdogOperation: 4, DurationToTriggerInHns: 200000000, 
SymbolicLink: <none>."
"17-08-2026 11:31:58","12","Information","Microsoft-Windows-MF-FrameServer","FrameServer WatchdogTimer Stop Event, TimerScope: FSStream, TimerScopeId: 1313087303008, WatchdogOperation: Stop, DurationToCompletionInHns: 2656235."
"17-08-2026 11:31:58","11","Information","Microsoft-Windows-MF-FrameServer","FrameServer WatchdogTimer Start Event, TimerScope: FSStream, TimerScopeId: 1313087303008, WatchdogOperation: Stop, DurationToTriggerInHns: 200000000, 
SymbolicLink: \\?\USB#VID_0BDA&PID_5599&MI_00#6&236e8108&0&0000#{e5323777-f976-4f5b-9b55-b94699c46e44}\Global."
"17-08-2026 11:31:10","5","Information","Microsoft-Windows-MF-FrameServer","FrameServer FsProxy D3dManager Stop, hr=0x0."
"17-08-2026 11:31:10","4","Information","Microsoft-Windows-MF-FrameServer","FrameServer FsProxy D3dManager Start, D3dDesc: Intel(R) Graphics, LUID: 0x10DFF, VendorId: 32902, DeviceId: 32065, SubSysId: 216535080."
"17-08-2026 11:31:10","3","Information","Microsoft-Windows-MF-FrameServer","FrameServer FsProxy SetOutputType Stop, hr=0x0."
"17-08-2026 11:31:10","2","Information","Microsoft-Windows-MF-FrameServer","FrameServer FsProxy SetOutputType Start, PinId: 0, MediaType: FrameSize=5497558139600 (1280,720),MajorType={73646976-0000-0010-8000-00AA00389B71},FrameRate=128849018881 (30,1),PixelAspectRatio=4294967297 (1,1),InterlacedMode=2,Subtype={32595559-0000-0010-8000-00AA00389B71}."
"17-08-2026 11:31:10","5","Information","Microsoft-Windows-MF-FrameServer","FrameServer FsProxy D3dManager Stop, hr=0x0."
"17-08-2026 11:31:10","4","Information","Microsoft-Windows-MF-FrameServer","FrameServer FsProxy D3dManager Start, D3dDesc: Intel(R) Graphics, LUID: 0x10DFF, VendorId: 32902, DeviceId: 32065, SubSysId: 216535080."
"17-08-2026 11:31:10","5","Information","Microsoft-Windows-MF-FrameServer","FrameServer FsProxy D3dManager Stop, hr=0x0."
"17-08-2026 11:31:10","4","Information","Microsoft-Windows-MF-FrameServer","FrameServer FsProxy D3dManager Start, D3dDesc: Intel(R) Graphics, LUID: 0x10DFF, VendorId: 32902, DeviceId: 32065, SubSysId: 216535080."
"17-08-2026 11:31:10","7","Information","Microsoft-Windows-MF-FrameServer","FrameServer FsProxy Initialization Stop, SymbolicLink: \\?\usb#vid_0bda&pid_5599&mi_00#6&236e8108&0&0000#{e5323777-f976-4f5b-9b55-b94699c46e44}\global, Devices: 1, Streams: 1, StreamType: MASTER, hr: 0x0."
"17-08-2026 11:31:10","12","Information","Microsoft-Windows-MF-FrameServer","FrameServer WatchdogTimer Stop Event, TimerScope: FSSource, TimerScopeId: 0, WatchdogOperation: Activate, DurationToCompletionInHns: 59."
"17-08-2026 11:31:10","11","Information","Microsoft-Windows-MF-FrameServer","FrameServer WatchdogTimer Start Event, TimerScope: FSSource, TimerScopeId: 0, WatchdogOperation: Activate, DurationToTriggerInHns: 200000000, 
SymbolicLink: <none>."
"17-08-2026 11:31:10","6","Information","Microsoft-Windows-MF-FrameServer","FrameServer FsProxy Initialization Start, SymbolicLink: \\?\usb#vid_0bda&pid_5599&mi_00#6&236e8108&0&0000#{e5323777-f976-4f5b-9b55-b94699c46e44}\global, Devices: 1, StreamType: MASTER."
"17-08-2026 11:31:10","5","Information","Microsoft-Windows-MF-FrameServer","FrameServer FsProxy D3dManager Stop, hr=0x0."
"17-08-2026 11:31:10","4","Information","Microsoft-Windows-MF-FrameServer","FrameServer FsProxy D3dManager Start, D3dDesc: Intel(R) Graphics, LUID: 0x10DFF, VendorId: 32902, DeviceId: 32065, SubSysId: 216535080."
"17-08-2026 11:31:10","3","Information","Microsoft-Windows-MF-FrameServer","FrameServer FsProxy SetOutputType Stop, hr=0x0."
"17-08-2026 11:31:10","2","Information","Microsoft-Windows-MF-FrameServer","FrameServer FsProxy SetOutputType Start, PinId: 0, MediaType: FrameSize=5497558139600 (1280,720),MajorType={73646976-0000-0010-8000-00AA00389B71},FrameRate=128849018881 (30,1),PixelAspectRatio=4294967297 (1,1),InterlacedMode=2,Subtype={32595559-0000-0010-8000-00AA00389B71}."
"17-08-2026 11:31:10","5","Information","Microsoft-Windows-MF-FrameServer","FrameServer FsProxy D3dManager Stop, hr=0x0."
"17-08-2026 11:31:10","4","Information","Microsoft-Windows-MF-FrameServer","FrameServer FsProxy D3dManager Start, D3dDesc: Intel(R) Graphics, LUID: 0x10DFF, VendorId: 32902, DeviceId: 32065, SubSysId: 216535080."
"17-08-2026 11:31:10","5","Information","Microsoft-Windows-MF-FrameServer","FrameServer FsProxy D3dManager Stop, hr=0x0."
"17-08-2026 11:31:10","4","Information","Microsoft-Windows-MF-FrameServer","FrameServer FsProxy D3dManager Start, D3dDesc: Intel(R) Graphics, LUID: 0x10DFF, VendorId: 32902, DeviceId: 32065, SubSysId: 216535080."
"17-08-2026 11:31:10","7","Information","Microsoft-Windows-MF-FrameServer","FrameServer FsProxy Initialization Stop, SymbolicLink: \\?\usb#vid_0bda&pid_5599&mi_00#6&236e8108&0&0000#{e5323777-f976-4f5b-9b55-b94699c46e44}\global, Devices: 1, Streams: 1, StreamType: MASTER, hr: 0x0."
"17-08-2026 11:31:10","12","Information","Microsoft-Windows-MF-FrameServer","FrameServer WatchdogTimer Stop Event, TimerScope: FSSource, TimerScopeId: 0, WatchdogOperation: Activate, DurationToCompletionInHns: 61."
"17-08-2026 11:31:10","11","Information","Microsoft-Windows-MF-FrameServer","FrameServer WatchdogTimer Start Event, TimerScope: FSSource, TimerScopeId: 0, WatchdogOperation: Activate, DurationToTriggerInHns: 200000000, 
SymbolicLink: <none>."
"17-08-2026 11:31:10","6","Information","Microsoft-Windows-MF-FrameServer","FrameServer FsProxy Initialization Start, SymbolicLink: \\?\usb#vid_0bda&pid_5599&mi_00#6&236e8108&0&0000#{e5323777-f976-4f5b-9b55-b94699c46e44}\global, Devices: 1, StreamType: MASTER."
"17-08-2026 11:31:10","5","Information","Microsoft-Windows-MF-FrameServer","FrameServer FsProxy D3dManager Stop, hr=0x0."
"17-08-2026 11:31:10","4","Information","Microsoft-Windows-MF-FrameServer","FrameServer FsProxy D3dManager Start, D3dDesc: Intel(R) Graphics, LUID: 0x10DFF, VendorId: 32902, DeviceId: 32065, SubSysId: 216535080."
"17-08-2026 11:31:10","3","Information","Microsoft-Windows-MF-FrameServer","FrameServer FsProxy SetOutputType Stop, hr=0x0."
"17-08-2026 11:31:10","2","Information","Microsoft-Windows-MF-FrameServer","FrameServer FsProxy SetOutputType Start, PinId: 0, MediaType: FrameSize=5497558139600 (1280,720),MajorType={73646976-0000-0010-8000-00AA00389B71},FrameRate=128849018881 (30,1),PixelAspectRatio=4294967297 (1,1),InterlacedMode=2,Subtype={32595559-0000-0010-8000-00AA00389B71}."
"17-08-2026 11:31:10","5","Information","Microsoft-Windows-MF-FrameServer","FrameServer FsProxy D3dManager Stop, hr=0x0."
"17-08-2026 11:31:10","4","Information","Microsoft-Windows-MF-FrameServer","FrameServer FsProxy D3dManager Start, D3dDesc: Intel(R) Graphics, LUID: 0x10DFF, VendorId: 32902, DeviceId: 32065, SubSysId: 216535080."
"17-08-2026 11:31:10","5","Information","Microsoft-Windows-MF-FrameServer","FrameServer FsProxy D3dManager Stop, hr=0x0."
"17-08-2026 11:31:10","4","Information","Microsoft-Windows-MF-FrameServer","FrameServer FsProxy D3dManager Start, D3dDesc: Intel(R) Graphics, LUID: 0x10DFF, VendorId: 32902, DeviceId: 32065, SubSysId: 216535080."
"17-08-2026 11:31:10","5","Information","Microsoft-Windows-MF-FrameServer","FrameServer FsProxy D3dManager Stop, hr=0x0."
"17-08-2026 11:31:10","4","Information","Microsoft-Windows-MF-FrameServer","FrameServer FsProxy D3dManager Start, D3dDesc: Intel(R) Graphics, LUID: 0x10DFF, VendorId: 32902, DeviceId: 32065, SubSysId: 216535080."
"17-08-2026 11:31:10","3","Information","Microsoft-Windows-MF-FrameServer","FrameServer FsProxy SetOutputType Stop, hr=0x0."
"17-08-2026 11:31:10","2","Information","Microsoft-Windows-MF-FrameServer","FrameServer FsProxy SetOutputType Start, PinId: 0, MediaType: FrameSize=5497558139600 (1280,720),MajorType={73646976-0000-0010-8000-00AA00389B71},FrameRate=128849018881 (30,1),PixelAspectRatio=4294967297 (1,1),InterlacedMode=2,Subtype={32595559-0000-0010-8000-00AA00389B71}."
"17-08-2026 11:31:10","7","Information","Microsoft-Windows-MF-FrameServer","FrameServer FsProxy Initialization Stop, SymbolicLink: \\?\usb#vid_0bda&pid_5599&mi_00#6&236e8108&0&0000#{e5323777-f976-4f5b-9b55-b94699c46e44}\global, Devices: 1, Streams: 1, StreamType: MASTER, hr: 0x0."
"17-08-2026 11:31:10","5","Information","Microsoft-Windows-MF-FrameServer","FrameServer FsProxy D3dManager Stop, hr=0x0."
"17-08-2026 11:31:10","4","Information","Microsoft-Windows-MF-FrameServer","FrameServer FsProxy D3dManager Start, D3dDesc: Intel(R) Graphics, LUID: 0x10DFF, VendorId: 32902, DeviceId: 32065, SubSysId: 216535080."
"17-08-2026 11:31:10","5","Information","Microsoft-Windows-MF-FrameServer","FrameServer FsProxy D3dManager Stop, hr=0x0."
"17-08-2026 11:31:10","4","Information","Microsoft-Windows-MF-FrameServer","FrameServer FsProxy D3dManager Start, D3dDesc: Intel(R) Graphics, LUID: 0x10DFF, VendorId: 32902, DeviceId: 32065, SubSysId: 216535080."
"17-08-2026 11:31:10","12","Information","Microsoft-Windows-MF-FrameServer","FrameServer WatchdogTimer Stop Event, TimerScope: FSSource, TimerScopeId: 0, WatchdogOperation: Activate, DurationToCompletionInHns: 39."
"17-08-2026 11:31:10","11","Information","Microsoft-Windows-MF-FrameServer","FrameServer WatchdogTimer Start Event, TimerScope: FSSource, TimerScopeId: 0, WatchdogOperation: Activate, DurationToTriggerInHns: 200000000, 
SymbolicLink: <none>."
"17-08-2026 11:31:10","7","Information","Microsoft-Windows-MF-FrameServer","FrameServer FsProxy Initialization Stop, SymbolicLink: \\?\usb#vid_0bda&pid_5599&mi_00#6&236e8108&0&0000#{e5323777-f976-4f5b-9b55-b94699c46e44}\global, Devices: 1, Streams: 1, StreamType: MASTER, hr: 0x0."
"17-08-2026 11:31:10","12","Information","Microsoft-Windows-MF-FrameServer","FrameServer WatchdogTimer Stop Event, TimerScope: FSSource, TimerScopeId: 0, WatchdogOperation: Activate, DurationToCompletionInHns: 53."
"17-08-2026 11:31:10","11","Information","Microsoft-Windows-MF-FrameServer","FrameServer WatchdogTimer Start Event, TimerScope: FSSource, TimerScopeId: 0, WatchdogOperation: Activate, DurationToTriggerInHns: 200000000, 
SymbolicLink: <none>."
"17-08-2026 11:31:10","6","Information","Microsoft-Windows-MF-FrameServer","FrameServer FsProxy Initialization Start, SymbolicLink: \\?\usb#vid_0bda&pid_5599&mi_00#6&236e8108&0&0000#{e5323777-f976-4f5b-9b55-b94699c46e44}\global, Devices: 1, StreamType: MASTER."
"17-08-2026 11:31:10","6","Information","Microsoft-Windows-MF-FrameServer","FrameServer FsProxy Initialization Start, SymbolicLink: \\?\usb#vid_0bda&pid_5599&mi_00#6&236e8108&0&0000#{e5323777-f976-4f5b-9b55-b94699c46e44}\global, Devices: 1, StreamType: MASTER."
"17-08-2026 11:31:10","12","Information","Microsoft-Windows-MF-FrameServer","FrameServer WatchdogTimer Stop Event, TimerScope: FSStream, TimerScopeId: 1313087303008, WatchdogOperation: Start, DurationToCompletionInHns: 54324."
"17-08-2026 11:31:10","11","Information","Microsoft-Windows-MF-FrameServer","FrameServer WatchdogTimer Start Event, TimerScope: FSStream, TimerScopeId: 1313087303008, WatchdogOperation: Start, DurationToTriggerInHns: 200000000, 
SymbolicLink: \\?\USB#VID_0BDA&PID_5599&MI_00#6&236e8108&0&0000#{e5323777-f976-4f5b-9b55-b94699c46e44}\Global."
"17-08-2026 11:31:10","3","Information","Microsoft-Windows-MF-FrameServer","FrameServer FsProxy SetOutputType Stop, hr=0x0."
"17-08-2026 11:31:10","2","Information","Microsoft-Windows-MF-FrameServer","FrameServer FsProxy SetOutputType Start, PinId: 0, MediaType: FrameSize=5497558139600 (1280,720),MajorType={73646976-0000-0010-8000-00AA00389B71},FrameRate=128849018881 (30,1),PixelAspectRatio=4294967297 (1,1),InterlacedMode=2,Subtype={32595559-0000-0010-8000-00AA00389B71}."
"17-08-2026 11:31:10","12","Information","Microsoft-Windows-MF-FrameServer","FrameServer WatchdogTimer Stop Event, TimerScope: FSStream, TimerScopeId: 1313087303008, WatchdogOperation: Stop, DurationToCompletionInHns: 2577805."
"17-08-2026 11:31:10","11","Information","Microsoft-Windows-MF-FrameServer","FrameServer WatchdogTimer Start Event, TimerScope: FSStream, TimerScopeId: 1313087303008, WatchdogOperation: Stop, DurationToTriggerInHns: 200000000, 
SymbolicLink: \\?\USB#VID_0BDA&PID_5599&MI_00#6&236e8108&0&0000#{e5323777-f976-4f5b-9b55-b94699c46e44}\Global."
"17-08-2026 11:31:09","5","Information","Microsoft-Windows-MF-FrameServer","FrameServer FsProxy D3dManager Stop, hr=0x0."
"17-08-2026 11:31:09","4","Information","Microsoft-Windows-MF-FrameServer","FrameServer FsProxy D3dManager Start, D3dDesc: Intel(R) Graphics, LUID: 0x10DFF, VendorId: 32902, DeviceId: 32065, SubSysId: 216535080."
"17-08-2026 11:31:09","3","Information","Microsoft-Windows-MF-FrameServer","FrameServer FsProxy SetOutputType Stop, hr=0x0."
"17-08-2026 11:31:09","2","Information","Microsoft-Windows-MF-FrameServer","FrameServer FsProxy SetOutputType Start, PinId: 0, MediaType: FrameSize=8246337209400 (1920,1080),MajorType={73646976-0000-0010-8000-00AA00389B71},FrameRate=128849018881 (30,1),PixelAspectRatio=4294967297 (1,1),InterlacedMode=2,Subtype={32595559-0000-0010-8000-00AA00389B71}."
"17-08-2026 11:31:09","5","Information","Microsoft-Windows-MF-FrameServer","FrameServer FsProxy D3dManager Stop, hr=0x0."
"17-08-2026 11:31:09","4","Information","Microsoft-Windows-MF-FrameServer","FrameServer FsProxy D3dManager Start, D3dDesc: Intel(R) Graphics, LUID: 0x10DFF, VendorId: 32902, DeviceId: 32065, SubSysId: 216535080."
"17-08-2026 11:31:09","5","Information","Microsoft-Windows-MF-FrameServer","FrameServer FsProxy D3dManager Stop, hr=0x0."
"17-08-2026 11:31:09","4","Information","Microsoft-Windows-MF-FrameServer","FrameServer FsProxy D3dManager Start, D3dDesc: Intel(R) Graphics, LUID: 0x10DFF, VendorId: 32902, DeviceId: 32065, SubSysId: 216535080."
"17-08-2026 11:31:09","5","Information","Microsoft-Windows-MF-FrameServer","FrameServer FsProxy D3dManager Stop, hr=0x0."
"17-08-2026 11:31:09","4","Information","Microsoft-Windows-MF-FrameServer","FrameServer FsProxy D3dManager Start, D3dDesc: Intel(R) Graphics, LUID: 0x10DFF, VendorId: 32902, DeviceId: 32065, SubSysId: 216535080."
"17-08-2026 11:31:09","3","Information","Microsoft-Windows-MF-FrameServer","FrameServer FsProxy SetOutputType Stop, hr=0x0."
"17-08-2026 11:31:09","2","Information","Microsoft-Windows-MF-FrameServer","FrameServer FsProxy SetOutputType Start, PinId: 0, MediaType: FrameSize=8246337209400 (1920,1080),MajorType={73646976-0000-0010-8000-00AA00389B71},FrameRate=128849018881 (30,1),PixelAspectRatio=4294967297 (1,1),InterlacedMode=2,Subtype={32595559-0000-0010-8000-00AA00389B71}."
"17-08-2026 11:31:09","5","Information","Microsoft-Windows-MF-FrameServer","FrameServer FsProxy D3dManager Stop, hr=0x0."
"17-08-2026 11:31:09","4","Information","Microsoft-Windows-MF-FrameServer","FrameServer FsProxy D3dManager Start, D3dDesc: Intel(R) Graphics, LUID: 0x10DFF, VendorId: 32902, DeviceId: 32065, SubSysId: 216535080."
"17-08-2026 11:31:09","7","Information","Microsoft-Windows-MF-FrameServer","FrameServer FsProxy Initialization Stop, SymbolicLink: \\?\usb#vid_0bda&pid_5599&mi_00#6&236e8108&0&0000#{e5323777-f976-4f5b-9b55-b94699c46e44}\global, Devices: 1, Streams: 1, StreamType: MASTER, hr: 0x0."
"17-08-2026 11:31:09","5","Information","Microsoft-Windows-MF-FrameServer","FrameServer FsProxy D3dManager Stop, hr=0x0."
"17-08-2026 11:31:09","4","Information","Microsoft-Windows-MF-FrameServer","FrameServer FsProxy D3dManager Start, D3dDesc: Intel(R) Graphics, LUID: 0x10DFF, VendorId: 32902, DeviceId: 32065, SubSysId: 216535080."
"17-08-2026 11:31:09","12","Information","Microsoft-Windows-MF-FrameServer","FrameServer WatchdogTimer Stop Event, TimerScope: FSSource, TimerScopeId: 0, WatchdogOperation: Activate, DurationToCompletionInHns: 91."
"17-08-2026 11:31:09","11","Information","Microsoft-Windows-MF-FrameServer","FrameServer WatchdogTimer Start Event, TimerScope: FSSource, TimerScopeId: 0, WatchdogOperation: Activate, DurationToTriggerInHns: 200000000, 
SymbolicLink: <none>."
"17-08-2026 11:31:09","7","Information","Microsoft-Windows-MF-FrameServer","FrameServer FsProxy Initialization Stop, SymbolicLink: \\?\usb#vid_0bda&pid_5599&mi_00#6&236e8108&0&0000#{e5323777-f976-4f5b-9b55-b94699c46e44}\global, Devices: 1, Streams: 1, StreamType: MASTER, hr: 0x0."
"17-08-2026 11:31:09","12","Information","Microsoft-Windows-MF-FrameServer","FrameServer WatchdogTimer Stop Event, TimerScope: FSSource, TimerScopeId: 0, WatchdogOperation: Activate, DurationToCompletionInHns: 83."
"17-08-2026 11:31:09","11","Information","Microsoft-Windows-MF-FrameServer","FrameServer WatchdogTimer Start Event, TimerScope: FSSource, TimerScopeId: 0, WatchdogOperation: Activate, DurationToTriggerInHns: 200000000, 
SymbolicLink: <none>."
"17-08-2026 11:31:09","6","Information","Microsoft-Windows-MF-FrameServer","FrameServer FsProxy Initialization Start, SymbolicLink: \\?\usb#vid_0bda&pid_5599&mi_00#6&236e8108&0&0000#{e5323777-f976-4f5b-9b55-b94699c46e44}\global, Devices: 1, StreamType: MASTER."
"17-08-2026 11:31:09","6","Information","Microsoft-Windows-MF-FrameServer","FrameServer FsProxy Initialization Start, SymbolicLink: \\?\usb#vid_0bda&pid_5599&mi_00#6&236e8108&0&0000#{e5323777-f976-4f5b-9b55-b94699c46e44}\global, Devices: 1, StreamType: MASTER."
"17-08-2026 11:31:09","12","Information","Microsoft-Windows-MF-FrameServer","FrameServer WatchdogTimer Stop Event, TimerScope: FSStream, TimerScopeId: 1313087303008, WatchdogOperation: Start, DurationToCompletionInHns: 337699."
"17-08-2026 11:31:09","11","Information","Microsoft-Windows-MF-FrameServer","FrameServer WatchdogTimer Start Event, TimerScope: FSStream, TimerScopeId: 1313087303008, WatchdogOperation: Start, DurationToTriggerInHns: 200000000, 
SymbolicLink: \\?\USB#VID_0BDA&PID_5599&MI_00#6&236e8108&0&0000#{e5323777-f976-4f5b-9b55-b94699c46e44}\Global."
"17-08-2026 11:31:09","3","Information","Microsoft-Windows-MF-FrameServer","FrameServer FsProxy SetOutputType Stop, hr=0x0."
"17-08-2026 11:31:09","2","Information","Microsoft-Windows-MF-FrameServer","FrameServer FsProxy SetOutputType Start, PinId: 0, MediaType: FrameSize=8246337209400 (1920,1080),MajorType={73646976-0000-0010-8000-00AA00389B71},FrameRate=128849018881 (30,1),PixelAspectRatio=4294967297 (1,1),InterlacedMode=2,Subtype={32595559-0000-0010-8000-00AA00389B71}."
"17-08-2026 11:31:09","7","Information","Microsoft-Windows-MF-FrameServer","FrameServer FsProxy Initialization Stop, SymbolicLink: \\?\usb#vid_0bda&pid_5599&mi_00#6&236e8108&0&0000#{e5323777-f976-4f5b-9b55-b94699c46e44}\global, Devices: 1, Streams: 1, StreamType: MASTER, hr: 0x0."
"17-08-2026 11:31:09","12","Information","Microsoft-Windows-MF-FrameServer","FrameServer WatchdogTimer Stop Event, TimerScope: FSSource, TimerScopeId: 0, WatchdogOperation: Initialize, DurationToCompletionInHns: 17315."
"17-08-2026 11:31:09","11","Information","Microsoft-Windows-MF-FrameServer","FrameServer WatchdogTimer Start Event, TimerScope: FSSource, TimerScopeId: 0, WatchdogOperation: Initialize, DurationToTriggerInHns: 249965003, 
SymbolicLink: \\?\USB#VID_0BDA&PID_5599&MI_00#6&236e8108&0&0000#{e5323777-f976-4f5b-9b55-b94699c46e44}\Global."
"17-08-2026 11:31:09","12","Information","Microsoft-Windows-MF-FrameServer","FrameServer WatchdogTimer Stop Event, TimerScope: FSSource, TimerScopeId: 0, WatchdogOperation: Initialize, DurationToCompletionInHns: 34872."
"17-08-2026 11:31:09","11","Information","Microsoft-Windows-MF-FrameServer","FrameServer WatchdogTimer Start Event, TimerScope: FSSource, TimerScopeId: 0, WatchdogOperation: Initialize, DurationToTriggerInHns: 250000000, 
SymbolicLink: \\?\USB#VID_0BDA&PID_5599&MI_00#6&236e8108&0&0000#{e5323777-f976-4f5b-9b55-b94699c46e44}\Global."
"17-08-2026 11:31:09","6","Information","Microsoft-Windows-MF-FrameServer","FrameServer FsProxy Initialization Start, SymbolicLink: \\?\usb#vid_0bda&pid_5599&mi_00#6&236e8108&0&0000#{e5323777-f976-4f5b-9b55-b94699c46e44}\global, Devices: 1, StreamType: MASTER."
"17-08-2026 10:34:41","12","Information","Microsoft-Windows-MF-FrameServer","FrameServer WatchdogTimer Stop Event, TimerScope: FSSource, TimerScopeId: 0, WatchdogOperation: 4, DurationToCompletionInHns: 12651."
"17-08-2026 10:34:41","11","Information","Microsoft-Windows-MF-FrameServer","FrameServer WatchdogTimer Start Event, TimerScope: FSSource, TimerScopeId: 0, WatchdogOperation: 4, DurationToTriggerInHns: 200000000, 
SymbolicLink: <none>."
"17-08-2026 10:34:41","5","Information","Microsoft-Windows-MF-FrameServer","FrameServer FsProxy D3dManager Stop, hr=0x0."
"17-08-2026 10:34:41","4","Information","Microsoft-Windows-MF-FrameServer","FrameServer FsProxy D3dManager Start, D3dDesc: Intel(R) Graphics, LUID: 0x10DFF, VendorId: 32902, DeviceId: 32065, SubSysId: 216535080."
"17-08-2026 10:34:41","3","Information","Microsoft-Windows-MF-FrameServer","FrameServer FsProxy SetOutputType Stop, hr=0x0."
"17-08-2026 10:34:41","2","Information","Microsoft-Windows-MF-FrameServer","FrameServer FsProxy SetOutputType Start, PinId: 0, MediaType: FrameSize=8246337209400 (1920,1080),MajorType={73646976-0000-0010-8000-00AA00389B71},FrameRate=128849018881 (30,1),PixelAspectRatio=4294967297 (1,1),InterlacedMode=2,Subtype={32595559-0000-0010-8000-00AA00389B71}."
"17-08-2026 10:34:41","5","Information","Microsoft-Windows-MF-FrameServer","FrameServer FsProxy D3dManager Stop, hr=0x0."
"17-08-2026 10:34:41","4","Information","Microsoft-Windows-MF-FrameServer","FrameServer FsProxy D3dManager Start, D3dDesc: Intel(R) Graphics, LUID: 0x10DFF, VendorId: 32902, DeviceId: 32065, SubSysId: 216535080."
"17-08-2026 10:34:41","5","Information","Microsoft-Windows-MF-FrameServer","FrameServer FsProxy D3dManager Stop, hr=0x0."
"17-08-2026 10:34:41","4","Information","Microsoft-Windows-MF-FrameServer","FrameServer FsProxy D3dManager Start, D3dDesc: Intel(R) Graphics, LUID: 0x10DFF, VendorId: 32902, DeviceId: 32065, SubSysId: 216535080."
"17-08-2026 10:34:41","7","Information","Microsoft-Windows-MF-FrameServer","FrameServer FsProxy Initialization Stop, SymbolicLink: \\?\usb#vid_0bda&pid_5599&mi_00#6&236e8108&0&0000#{e5323777-f976-4f5b-9b55-b94699c46e44}\global, Devices: 1, Streams: 1, StreamType: MASTER, hr: 0x0."
"17-08-2026 10:34:41","12","Information","Microsoft-Windows-MF-FrameServer","FrameServer WatchdogTimer Stop Event, TimerScope: FSSource, TimerScopeId: 0, WatchdogOperation: Initialize, DurationToCompletionInHns: 26492."
"17-08-2026 10:34:41","11","Information","Microsoft-Windows-MF-FrameServer","FrameServer WatchdogTimer Start Event, TimerScope: FSSource, TimerScopeId: 0, WatchdogOperation: Initialize, DurationToTriggerInHns: 249934364, 
SymbolicLink: \\?\USB#VID_0BDA&PID_5599&MI_00#6&236e8108&0&0000#{e5323777-f976-4f5b-9b55-b94699c46e44}\Global."
"17-08-2026 10:34:41","12","Information","Microsoft-Windows-MF-FrameServer","FrameServer WatchdogTimer Stop Event, TimerScope: FSSource, TimerScopeId: 0, WatchdogOperation: Initialize, DurationToCompletionInHns: 65522."
"17-08-2026 10:34:41","11","Information","Microsoft-Windows-MF-FrameServer","FrameServer WatchdogTimer Start Event, TimerScope: FSSource, TimerScopeId: 0, WatchdogOperation: Initialize, DurationToTriggerInHns: 250000000, 
SymbolicLink: \\?\USB#VID_0BDA&PID_5599&MI_00#6&236e8108&0&0000#{e5323777-f976-4f5b-9b55-b94699c46e44}\Global."
"17-08-2026 10:34:41","6","Information","Microsoft-Windows-MF-FrameServer","FrameServer FsProxy Initialization Start, SymbolicLink: \\?\usb#vid_0bda&pid_5599&mi_00#6&236e8108&0&0000#{e5323777-f976-4f5b-9b55-b94699c46e44}\global, Devices: 1, StreamType: MASTER."
"17-08-2026 09:48:13","12","Information","Microsoft-Windows-MF-FrameServer","FrameServer WatchdogTimer Stop Event, TimerScope: FSSource, TimerScopeId: 0, WatchdogOperation: 4, DurationToCompletionInHns: 5274."
"17-08-2026 09:48:13","11","Information","Microsoft-Windows-MF-FrameServer","FrameServer WatchdogTimer Start Event, TimerScope: FSSource, TimerScopeId: 0, WatchdogOperation: 4, DurationToTriggerInHns: 200000000, 
SymbolicLink: <none>."
"17-08-2026 09:48:13","5","Information","Microsoft-Windows-MF-FrameServer","FrameServer FsProxy D3dManager Stop, hr=0x0."
"17-08-2026 09:48:13","4","Information","Microsoft-Windows-MF-FrameServer","FrameServer FsProxy D3dManager Start, D3dDesc: Intel(R) Graphics, LUID: 0x10DFF, VendorId: 32902, DeviceId: 32065, SubSysId: 216535080."
"17-08-2026 09:48:13","3","Information","Microsoft-Windows-MF-FrameServer","FrameServer FsProxy SetOutputType Stop, hr=0x0."
"17-08-2026 09:48:13","2","Information","Microsoft-Windows-MF-FrameServer","FrameServer FsProxy SetOutputType Start, PinId: 0, MediaType: FrameSize=8246337209400 (1920,1080),MajorType={73646976-0000-0010-8000-00AA00389B71},FrameRate=128849018881 (30,1),PixelAspectRatio=4294967297 (1,1),InterlacedMode=2,Subtype={32595559-0000-0010-8000-00AA00389B71}."
"17-08-2026 09:48:13","7","Information","Microsoft-Windows-MF-FrameServer","FrameServer FsProxy Initialization Stop, SymbolicLink: \\?\usb#vid_0bda&pid_5599&mi_00#6&236e8108&0&0000#{e5323777-f976-4f5b-9b55-b94699c46e44}\global, Devices: 1, Streams: 1, StreamType: MASTER, hr: 0x0."
"17-08-2026 09:48:13","12","Information","Microsoft-Windows-MF-FrameServer","FrameServer WatchdogTimer Stop Event, TimerScope: FSSource, TimerScopeId: 0, WatchdogOperation: Initialize, DurationToCompletionInHns: 20444."
"17-08-2026 09:48:13","11","Information","Microsoft-Windows-MF-FrameServer","FrameServer WatchdogTimer Start Event, TimerScope: FSSource, TimerScopeId: 0, WatchdogOperation: Initialize, DurationToTriggerInHns: 249959349, 
SymbolicLink: \\?\USB#VID_0BDA&PID_5599&MI_00#6&236e8108&0&0000#{e5323777-f976-4f5b-9b55-b94699c46e44}\Global."
"17-08-2026 09:48:13","12","Information","Microsoft-Windows-MF-FrameServer","FrameServer WatchdogTimer Stop Event, TimerScope: FSSource, TimerScopeId: 0, WatchdogOperation: Initialize, DurationToCompletionInHns: 40578."
"17-08-2026 09:48:13","11","Information","Microsoft-Windows-MF-FrameServer","FrameServer WatchdogTimer Start Event, TimerScope: FSSource, TimerScopeId: 0, WatchdogOperation: Initialize, DurationToTriggerInHns: 250000000, 
SymbolicLink: \\?\USB#VID_0BDA&PID_5599&MI_00#6&236e8108&0&0000#{e5323777-f976-4f5b-9b55-b94699c46e44}\Global."
"17-08-2026 09:48:13","6","Information","Microsoft-Windows-MF-FrameServer","FrameServer FsProxy Initialization Start, SymbolicLink: \\?\usb#vid_0bda&pid_5599&mi_00#6&236e8108&0&0000#{e5323777-f976-4f5b-9b55-b94699c46e44}\global, Devices: 1, StreamType: MASTER."
"17-08-2026 09:38:11","12","Information","Microsoft-Windows-MF-FrameServer","FrameServer WatchdogTimer Stop Event, TimerScope: FSSource, TimerScopeId: 0, WatchdogOperation: 4, DurationToCompletionInHns: 8954."
"17-08-2026 09:38:11","11","Information","Microsoft-Windows-MF-FrameServer","FrameServer WatchdogTimer Start Event, TimerScope: FSSource, TimerScopeId: 0, WatchdogOperation: 4, DurationToTriggerInHns: 200000000, 
SymbolicLink: <none>."
"17-08-2026 09:38:11","5","Information","Microsoft-Windows-MF-FrameServer","FrameServer FsProxy D3dManager Stop, hr=0x0."
"17-08-2026 09:38:11","4","Information","Microsoft-Windows-MF-FrameServer","FrameServer FsProxy D3dManager Start, D3dDesc: Intel(R) Graphics, LUID: 0x10DFF, VendorId: 32902, DeviceId: 32065, SubSysId: 216535080."
"17-08-2026 09:38:11","3","Information","Microsoft-Windows-MF-FrameServer","FrameServer FsProxy SetOutputType Stop, hr=0x0."
"17-08-2026 09:38:11","2","Information","Microsoft-Windows-MF-FrameServer","FrameServer FsProxy SetOutputType Start, PinId: 0, MediaType: FrameSize=8246337209400 (1920,1080),MajorType={73646976-0000-0010-8000-00AA00389B71},FrameRate=128849018881 (30,1),PixelAspectRatio=4294967297 (1,1),InterlacedMode=2,Subtype={32595559-0000-0010-8000-00AA00389B71}."
"17-08-2026 09:38:11","7","Information","Microsoft-Windows-MF-FrameServer","FrameServer FsProxy Initialization Stop, SymbolicLink: \\?\usb#vid_0bda&pid_5599&mi_00#6&236e8108&0&0000#{e5323777-f976-4f5b-9b55-b94699c46e44}\global, Devices: 1, Streams: 1, StreamType: MASTER, hr: 0x0."
"17-08-2026 09:38:11","12","Information","Microsoft-Windows-MF-FrameServer","FrameServer WatchdogTimer Stop Event, TimerScope: FSSource, TimerScopeId: 0, WatchdogOperation: Initialize, DurationToCompletionInHns: 17842."
"17-08-2026 09:38:11","11","Information","Microsoft-Windows-MF-FrameServer","FrameServer WatchdogTimer Start Event, TimerScope: FSSource, TimerScopeId: 0, WatchdogOperation: Initialize, DurationToTriggerInHns: 249955724, 
SymbolicLink: \\?\USB#VID_0BDA&PID_5599&MI_00#6&236e8108&0&0000#{e5323777-f976-4f5b-9b55-b94699c46e44}\Global."
"17-08-2026 09:38:11","12","Information","Microsoft-Windows-MF-FrameServer","FrameServer WatchdogTimer Stop Event, TimerScope: FSSource, TimerScopeId: 0, WatchdogOperation: Initialize, DurationToCompletionInHns: 44168."
"17-08-2026 09:38:11","11","Information","Microsoft-Windows-MF-FrameServer","FrameServer WatchdogTimer Start Event, TimerScope: FSSource, TimerScopeId: 0, WatchdogOperation: Initialize, DurationToTriggerInHns: 250000000, 
SymbolicLink: \\?\USB#VID_0BDA&PID_5599&MI_00#6&236e8108&0&0000#{e5323777-f976-4f5b-9b55-b94699c46e44}\Global."
"17-08-2026 09:38:11","6","Information","Microsoft-Windows-MF-FrameServer","FrameServer FsProxy Initialization Start, SymbolicLink: \\?\usb#vid_0bda&pid_5599&mi_00#6&236e8108&0&0000#{e5323777-f976-4f5b-9b55-b94699c46e44}\global, Devices: 1, StreamType: MASTER."
"14-08-2026 18:43:32","12","Information","Microsoft-Windows-MF-FrameServer","FrameServer WatchdogTimer Stop Event, TimerScope: FSSource, TimerScopeId: 0, WatchdogOperation: 4, DurationToCompletionInHns: 2915."
"14-08-2026 18:43:32","11","Information","Microsoft-Windows-MF-FrameServer","FrameServer WatchdogTimer Start Event, TimerScope: FSSource, TimerScopeId: 0, WatchdogOperation: 4, DurationToTriggerInHns: 200000000, 
SymbolicLink: <none>."
"14-08-2026 18:43:32","5","Information","Microsoft-Windows-MF-FrameServer","FrameServer FsProxy D3dManager Stop, hr=0x0."
"14-08-2026 18:43:32","4","Information","Microsoft-Windows-MF-FrameServer","FrameServer FsProxy D3dManager Start, D3dDesc: Intel(R) Graphics, LUID: 0x10DFF, VendorId: 32902, DeviceId: 32065, SubSysId: 216535080."
"14-08-2026 18:43:32","3","Information","Microsoft-Windows-MF-FrameServer","FrameServer FsProxy SetOutputType Stop, hr=0x0."
"14-08-2026 18:43:32","2","Information","Microsoft-Windows-MF-FrameServer","FrameServer FsProxy SetOutputType Start, PinId: 0, MediaType: FrameSize=8246337209400 (1920,1080),MajorType={73646976-0000-0010-8000-00AA00389B71},FrameRate=128849018881 (30,1),PixelAspectRatio=4294967297 (1,1),InterlacedMode=2,Subtype={32595559-0000-0010-8000-00AA00389B71}."
"14-08-2026 18:43:32","5","Information","Microsoft-Windows-MF-FrameServer","FrameServer FsProxy D3dManager Stop, hr=0x0."
"14-08-2026 18:43:32","4","Information","Microsoft-Windows-MF-FrameServer","FrameServer FsProxy D3dManager Start, D3dDesc: Intel(R) Graphics, LUID: 0x10DFF, VendorId: 32902, DeviceId: 32065, SubSysId: 216535080."
"14-08-2026 18:43:32","3","Information","Microsoft-Windows-MF-FrameServer","FrameServer FsProxy SetOutputType Stop, hr=0x0."
"14-08-2026 18:43:32","2","Information","Microsoft-Windows-MF-FrameServer","FrameServer FsProxy SetOutputType Start, PinId: 0, MediaType: FrameSize=8246337209400 (1920,1080),MajorType={73646976-0000-0010-8000-00AA00389B71},FrameRate=128849018881 (30,1),PixelAspectRatio=4294967297 (1,1),InterlacedMode=2,Subtype={32595559-0000-0010-8000-00AA00389B71}."
"14-08-2026 18:43:32","5","Information","Microsoft-Windows-MF-FrameServer","FrameServer FsProxy D3dManager Stop, hr=0x0."
"14-08-2026 18:43:32","4","Information","Microsoft-Windows-MF-FrameServer","FrameServer FsProxy D3dManager Start, D3dDesc: Intel(R) Graphics, LUID: 0x10DFF, VendorId: 32902, DeviceId: 32065, SubSysId: 216535080."
"14-08-2026 18:43:32","5","Information","Microsoft-Windows-MF-FrameServer","FrameServer FsProxy D3dManager Stop, hr=0x0."
"14-08-2026 18:43:32","4","Information","Microsoft-Windows-MF-FrameServer","FrameServer FsProxy D3dManager Start, D3dDesc: Intel(R) Graphics, LUID: 0x10DFF, VendorId: 32902, DeviceId: 32065, SubSysId: 216535080."
"14-08-2026 18:43:32","5","Information","Microsoft-Windows-MF-FrameServer","FrameServer FsProxy D3dManager Stop, hr=0x0."
"14-08-2026 18:43:32","4","Information","Microsoft-Windows-MF-FrameServer","FrameServer FsProxy D3dManager Start, D3dDesc: Intel(R) Graphics, LUID: 0x10DFF, VendorId: 32902, DeviceId: 32065, SubSysId: 216535080."
"14-08-2026 18:43:32","5","Information","Microsoft-Windows-MF-FrameServer","FrameServer FsProxy D3dManager Stop, hr=0x0."
"14-08-2026 18:43:32","4","Information","Microsoft-Windows-MF-FrameServer","FrameServer FsProxy D3dManager Start, D3dDesc: Intel(R) Graphics, LUID: 0x10DFF, VendorId: 32902, DeviceId: 32065, SubSysId: 216535080."
"14-08-2026 18:43:32","7","Information","Microsoft-Windows-MF-FrameServer","FrameServer FsProxy Initialization Stop, SymbolicLink: \\?\usb#vid_0bda&pid_5599&mi_00#6&236e8108&0&0000#{e5323777-f976-4f5b-9b55-b94699c46e44}\global, Devices: 1, Streams: 1, StreamType: MASTER, hr: 0x0."
"14-08-2026 18:43:32","7","Information","Microsoft-Windows-MF-FrameServer","FrameServer FsProxy Initialization Stop, SymbolicLink: \\?\usb#vid_0bda&pid_5599&mi_00#6&236e8108&0&0000#{e5323777-f976-4f5b-9b55-b94699c46e44}\global, Devices: 1, Streams: 1, StreamType: MASTER, hr: 0x0."
"14-08-2026 18:43:32","12","Information","Microsoft-Windows-MF-FrameServer","FrameServer WatchdogTimer Stop Event, TimerScope: FSSource, TimerScopeId: 0, WatchdogOperation: Activate, DurationToCompletionInHns: 60003."
"14-08-2026 18:43:32","11","Information","Microsoft-Windows-MF-FrameServer","FrameServer WatchdogTimer Start Event, TimerScope: FSSource, TimerScopeId: 0, WatchdogOperation: Activate, DurationToTriggerInHns: 200000000, 
SymbolicLink: <none>."
"14-08-2026 18:43:32","12","Information","Microsoft-Windows-MF-FrameServer","FrameServer WatchdogTimer Stop Event, TimerScope: FSSource, TimerScopeId: 0, WatchdogOperation: Initialize, DurationToCompletionInHns: 5964."
"14-08-2026 18:43:32","11","Information","Microsoft-Windows-MF-FrameServer","FrameServer WatchdogTimer Start Event, TimerScope: FSSource, TimerScopeId: 0, WatchdogOperation: Initialize, DurationToTriggerInHns: 249984490, 
SymbolicLink: \\?\USB#VID_0BDA&PID_5599&MI_00#6&236e8108&0&0000#{e5323777-f976-4f5b-9b55-b94699c46e44}\Global."
"14-08-2026 18:43:32","12","Information","Microsoft-Windows-MF-FrameServer","FrameServer WatchdogTimer Stop Event, TimerScope: FSSource, TimerScopeId: 0, WatchdogOperation: Initialize, DurationToCompletionInHns: 15433."
"14-08-2026 18:43:32","11","Information","Microsoft-Windows-MF-FrameServer","FrameServer WatchdogTimer Start Event, TimerScope: FSSource, TimerScopeId: 0, WatchdogOperation: Initialize, DurationToTriggerInHns: 250000000, 
SymbolicLink: \\?\USB#VID_0BDA&PID_5599&MI_00#6&236e8108&0&0000#{e5323777-f976-4f5b-9b55-b94699c46e44}\Global."
"14-08-2026 18:43:32","6","Information","Microsoft-Windows-MF-FrameServer","FrameServer FsProxy Initialization Start, SymbolicLink: \\?\usb#vid_0bda&pid_5599&mi_00#6&236e8108&0&0000#{e5323777-f976-4f5b-9b55-b94699c46e44}\global, Devices: 1, StreamType: MASTER."
"14-08-2026 18:43:32","6","Information","Microsoft-Windows-MF-FrameServer","FrameServer FsProxy Initialization Start, SymbolicLink: \\?\usb#vid_0bda&pid_5599&mi_00#6&236e8108&0&0000#{e5323777-f976-4f5b-9b55-b94699c46e44}\global, Devices: 1, StreamType: MASTER."
"14-08-2026 18:43:32","12","Information","Microsoft-Windows-MF-FrameServer","FrameServer WatchdogTimer Stop Event, TimerScope: FSSource, TimerScopeId: 0, WatchdogOperation: 4, DurationToCompletionInHns: 99223."
"14-08-2026 18:43:32","11","Information","Microsoft-Windows-MF-FrameServer","FrameServer WatchdogTimer Start Event, TimerScope: FSSource, TimerScopeId: 0, WatchdogOperation: 4, DurationToTriggerInHns: 200000000, 
SymbolicLink: <none>."
"14-08-2026 18:43:32","12","Information","Microsoft-Windows-MF-FrameServer","FrameServer WatchdogTimer Stop Event, TimerScope: FSStream, TimerScopeId: 1313087118336, WatchdogOperation: Stop, DurationToCompletionInHns: 2600359."
"14-08-2026 18:43:32","11","Information","Microsoft-Windows-MF-FrameServer","FrameServer WatchdogTimer Start Event, TimerScope: FSStream, TimerScopeId: 1313087118336, WatchdogOperation: Stop, DurationToTriggerInHns: 200000000, 
SymbolicLink: \\?\USB#VID_0BDA&PID_5599&MI_00#6&236e8108&0&0000#{e5323777-f976-4f5b-9b55-b94699c46e44}\Global."
"14-08-2026 18:36:14","5","Information","Microsoft-Windows-MF-FrameServer","FrameServer FsProxy D3dManager Stop, hr=0x0."
"14-08-2026 18:36:14","4","Information","Microsoft-Windows-MF-FrameServer","FrameServer FsProxy D3dManager Start, D3dDesc: Intel(R) Graphics, LUID: 0x10DFF, VendorId: 32902, DeviceId: 32065, SubSysId: 216535080."
"14-08-2026 18:36:14","3","Information","Microsoft-Windows-MF-FrameServer","FrameServer FsProxy SetOutputType Stop, hr=0x0."
"14-08-2026 18:36:14","2","Information","Microsoft-Windows-MF-FrameServer","FrameServer FsProxy SetOutputType Start, PinId: 0, MediaType: FrameSize=8246337209400 (1920,1080),MajorType={73646976-0000-0010-8000-00AA00389B71},FrameRate=128849018881 (30,1),PixelAspectRatio=4294967297 (1,1),InterlacedMode=2,Subtype={32595559-0000-0010-8000-00AA00389B71}."
"14-08-2026 18:36:14","5","Information","Microsoft-Windows-MF-FrameServer","FrameServer FsProxy D3dManager Stop, hr=0x0."
"14-08-2026 18:36:14","4","Information","Microsoft-Windows-MF-FrameServer","FrameServer FsProxy D3dManager Start, D3dDesc: Intel(R) Graphics, LUID: 0x10DFF, VendorId: 32902, DeviceId: 32065, SubSysId: 216535080."
"14-08-2026 18:36:14","5","Information","Microsoft-Windows-MF-FrameServer","FrameServer FsProxy D3dManager Stop, hr=0x0."
"14-08-2026 18:36:14","4","Information","Microsoft-Windows-MF-FrameServer","FrameServer FsProxy D3dManager Start, D3dDesc: Intel(R) Graphics, LUID: 0x10DFF, VendorId: 32902, DeviceId: 32065, SubSysId: 216535080."
"14-08-2026 18:36:14","5","Information","Microsoft-Windows-MF-FrameServer","FrameServer FsProxy D3dManager Stop, hr=0x0."
"14-08-2026 18:36:14","4","Information","Microsoft-Windows-MF-FrameServer","FrameServer FsProxy D3dManager Start, D3dDesc: Intel(R) Graphics, LUID: 0x10DFF, VendorId: 32902, DeviceId: 32065, SubSysId: 216535080."
"14-08-2026 18:36:14","3","Information","Microsoft-Windows-MF-FrameServer","FrameServer FsProxy SetOutputType Stop, hr=0x0."
"14-08-2026 18:36:14","2","Information","Microsoft-Windows-MF-FrameServer","FrameServer FsProxy SetOutputType Start, PinId: 0, MediaType: FrameSize=8246337209400 (1920,1080),MajorType={73646976-0000-0010-8000-00AA00389B71},FrameRate=128849018881 (30,1),PixelAspectRatio=4294967297 (1,1),InterlacedMode=2,Subtype={32595559-0000-0010-8000-00AA00389B71}."
"14-08-2026 18:36:14","5","Information","Microsoft-Windows-MF-FrameServer","FrameServer FsProxy D3dManager Stop, hr=0x0."
"14-08-2026 18:36:14","4","Information","Microsoft-Windows-MF-FrameServer","FrameServer FsProxy D3dManager Start, D3dDesc: Intel(R) Graphics, LUID: 0x10DFF, VendorId: 32902, DeviceId: 32065, SubSysId: 216535080."
"14-08-2026 18:36:14","7","Information","Microsoft-Windows-MF-FrameServer","FrameServer FsProxy Initialization Stop, SymbolicLink: \\?\usb#vid_0bda&pid_5599&mi_00#6&236e8108&0&0000#{e5323777-f976-4f5b-9b55-b94699c46e44}\global, Devices: 1, Streams: 1, StreamType: MASTER, hr: 0x0."
"14-08-2026 18:36:14","5","Information","Microsoft-Windows-MF-FrameServer","FrameServer FsProxy D3dManager Stop, hr=0x0."
"14-08-2026 18:36:14","4","Information","Microsoft-Windows-MF-FrameServer","FrameServer FsProxy D3dManager Start, D3dDesc: Intel(R) Graphics, LUID: 0x10DFF, VendorId: 32902, DeviceId: 32065, SubSysId: 216535080."
"14-08-2026 18:36:14","12","Information","Microsoft-Windows-MF-FrameServer","FrameServer WatchdogTimer Stop Event, TimerScope: FSSource, TimerScopeId: 0, WatchdogOperation: Activate, DurationToCompletionInHns: 52."
"14-08-2026 18:36:14","11","Information","Microsoft-Windows-MF-FrameServer","FrameServer WatchdogTimer Start Event, TimerScope: FSSource, TimerScopeId: 0, WatchdogOperation: Activate, DurationToTriggerInHns: 200000000, 
SymbolicLink: <none>."
"14-08-2026 18:36:14","7","Information","Microsoft-Windows-MF-FrameServer","FrameServer FsProxy Initialization Stop, SymbolicLink: \\?\usb#vid_0bda&pid_5599&mi_00#6&236e8108&0&0000#{e5323777-f976-4f5b-9b55-b94699c46e44}\global, Devices: 1, Streams: 1, StreamType: MASTER, hr: 0x0."
"14-08-2026 18:36:14","12","Information","Microsoft-Windows-MF-FrameServer","FrameServer WatchdogTimer Stop Event, TimerScope: FSSource, TimerScopeId: 0, WatchdogOperation: Activate, DurationToCompletionInHns: 47."
"14-08-2026 18:36:14","11","Information","Microsoft-Windows-MF-FrameServer","FrameServer WatchdogTimer Start Event, TimerScope: FSSource, TimerScopeId: 0, WatchdogOperation: Activate, DurationToTriggerInHns: 200000000, 
SymbolicLink: <none>."
