"18-08-2026 14:13:28","5007","Information","Microsoft-Windows-Windows Defender","Microsoft Defender Antivirus Configuration has changed. If this is an unexpected event you should review the settings as this may be the result of malware.
 	Old value: HKLM\SOFTWARE\Policies\Microsoft\Windows Defender\Policy Manager\SpyNet\SpyNetReporting = 0x1
 	New value: HKLM\SOFTWARE\Microsoft\Windows Defender\SpyNet\SpyNetReporting = 0x2"
"18-08-2026 14:13:07","5007","Information","Microsoft-Windows-Windows Defender","Microsoft Defender Antivirus Configuration has changed. If this is an unexpected event you should review the settings as this may be the result of malware.
 	Old value: Default\ProductAppDataPath = C:\ProgramData\Microsoft\Windows Defender
 	New value: HKLM\SOFTWARE\Microsoft\Windows Defender\ProductAppDataPath = C:\ProgramData\Microsoft\Windows Defender"
"18-08-2026 14:13:07","5007","Information","Microsoft-Windows-Windows Defender","Microsoft Defender Antivirus Configuration has changed. If this is an unexpected event you should review the settings as this may be the result of malware.
 	Old value: HKLM\SOFTWARE\Microsoft\Windows Defender\ServiceStartStates = 0x1
 	New value: Default\ServiceStartStates = 0x0"
"18-08-2026 14:13:07","5007","Information","Microsoft-Windows-Windows Defender","Microsoft Defender Antivirus Configuration has changed. If this is an unexpected event you should review the settings as this may be the result of malware.
 	Old value: HKLM\SOFTWARE\Microsoft\Windows Defender\ServiceStartStates = 0x1
 	New value: Default\ServiceStartStates = 0x0"
"18-08-2026 14:12:20","5007","Information","Microsoft-Windows-Windows Defender","Microsoft Defender Antivirus Configuration has changed. If this is an unexpected event you should review the settings as this may be the result of malware.
 	Old value: HKLM\SOFTWARE\Microsoft\Windows Defender\Diagnostics\InitializingComponentProgress = RefreshFeatureStatus
 	New value: HKLM\SOFTWARE\Microsoft\Windows Defender\Diagnostics\InitializingComponentProgress = ServiceStartedSuccessfully"
"18-08-2026 14:12:18","5007","Information","Microsoft-Windows-Windows Defender","Microsoft Defender Antivirus Configuration has changed. If this is an unexpected event you should review the settings as this may be the result of malware.
 	Old value: HKLM\SOFTWARE\Microsoft\Windows Defender\Diagnostics\InitializingComponentProgress = RefreshFeatureStatus
 	New value: HKLM\SOFTWARE\Microsoft\Windows Defender\Diagnostics\InitializingComponentProgress = ServiceStartedSuccessfully"
"18-08-2026 14:12:17","5007","Information","Microsoft-Windows-Windows Defender","Microsoft Defender Antivirus Configuration has changed. If this is an unexpected event you should review the settings as this may be the result of malware.
 	Old value: HKLM\SOFTWARE\Microsoft\Windows Defender\DLP Configs\Tag\Tag = 0x2
 	New value: HKLM\SOFTWARE\Microsoft\Windows Defender\DLP Configs\Tag\Tag = 0x1"
"18-08-2026 14:12:17","5007","Information","Microsoft-Windows-Windows Defender","Microsoft Defender Antivirus Configuration has changed. If this is an unexpected event you should review the settings as this may be the result of malware.
 	Old value: HKLM\SOFTWARE\Microsoft\Windows Defender\Diagnostics\InitializingComponentProgress = LoadingEngine
 	New value: HKLM\SOFTWARE\Microsoft\Windows Defender\Diagnostics\InitializingComponentProgress = RefreshFeatureStatus"
"18-08-2026 14:12:17","5007","Information","Microsoft-Windows-Windows Defender","Microsoft Defender Antivirus Configuration has changed. If this is an unexpected event you should review the settings as this may be the result of malware.
 	Old value: HKLM\SOFTWARE\Microsoft\Windows Defender\DLP Configs\Tag\Tag = 0x2
 	New value: HKLM\SOFTWARE\Microsoft\Windows Defender\DLP Configs\Tag\Tag = 0x1"
"18-08-2026 14:12:17","5007","Information","Microsoft-Windows-Windows Defender","Microsoft Defender Antivirus Configuration has changed. If this is an unexpected event you should review the settings as this may be the result of malware.
 	Old value: HKLM\SOFTWARE\Microsoft\Windows Defender\Diagnostics\InitializingComponentProgress = LoadingEngine
 	New value: HKLM\SOFTWARE\Microsoft\Windows Defender\Diagnostics\InitializingComponentProgress = RefreshFeatureStatus"
"18-08-2026 14:12:17","5007","Information","Microsoft-Windows-Windows Defender","Microsoft Defender Antivirus Configuration has changed. If this is an unexpected event you should review the settings as this may be the result of malware.
 	Old value: HKLM\SOFTWARE\Microsoft\Windows Defender\CoreService\WdConfigHash = 0xF214B0FD
 	New value: HKLM\SOFTWARE\Microsoft\Windows Defender\CoreService\WdConfigHash = 0xE95AB8D6"
"18-08-2026 14:12:17","5007","Information","Microsoft-Windows-Windows Defender","Microsoft Defender Antivirus Configuration has changed. If this is an unexpected event you should review the settings as this may be the result of malware.
 	Old value: HKLM\SOFTWARE\Microsoft\Windows Defender\CoreService\WdConfigHash = 0xF214B0FD
 	New value: HKLM\SOFTWARE\Microsoft\Windows Defender\CoreService\WdConfigHash = 0xE95AB8D6"
"18-08-2026 14:12:09","5007","Information","Microsoft-Windows-Windows Defender","Microsoft Defender Antivirus Configuration has changed. If this is an unexpected event you should review the settings as this may be the result of malware.
 	Old value: HKLM\SOFTWARE\Microsoft\Windows Defender\Diagnostics\InitializingComponentProgress = InitRtpPlugin
 	New value: HKLM\SOFTWARE\Microsoft\Windows Defender\Diagnostics\InitializingComponentProgress = LoadingEngine"
"18-08-2026 14:12:09","5007","Information","Microsoft-Windows-Windows Defender","Microsoft Defender Antivirus Configuration has changed. If this is an unexpected event you should review the settings as this may be the result of malware.
 	Old value: HKLM\SOFTWARE\Microsoft\Windows Defender\Diagnostics\InitializingComponentProgress = InitRtpPlugin
 	New value: HKLM\SOFTWARE\Microsoft\Windows Defender\Diagnostics\InitializingComponentProgress = LoadingEngine"
"18-08-2026 14:12:06","5007","Information","Microsoft-Windows-Windows Defender","Microsoft Defender Antivirus Configuration has changed. If this is an unexpected event you should review the settings as this may be the result of malware.
 	Old value: HKLM\SOFTWARE\Microsoft\Windows Defender\Diagnostics\InitializingComponentProgress = InitService
 	New value: HKLM\SOFTWARE\Microsoft\Windows Defender\Diagnostics\InitializingComponentProgress = InitRtpPlugin"
"18-08-2026 14:12:06","5007","Information","Microsoft-Windows-Windows Defender","Microsoft Defender Antivirus Configuration has changed. If this is an unexpected event you should review the settings as this may be the result of malware.
 	Old value: HKLM\SOFTWARE\Microsoft\Windows Defender\Diagnostics\InitializingComponentProgress = PostPlatformUpdate
 	New value: HKLM\SOFTWARE\Microsoft\Windows Defender\Diagnostics\InitializingComponentProgress = InitRtpPlugin"
"18-08-2026 14:12:06","5007","Information","Microsoft-Windows-Windows Defender","Microsoft Defender Antivirus Configuration has changed. If this is an unexpected event you should review the settings as this may be the result of malware.
 	Old value: HKLM\SOFTWARE\Microsoft\Windows Defender\ServiceCrashExceptionCode = 0xC0000005
 	New value: Default\ServiceCrashExceptionCode = 0x0"
"18-08-2026 14:12:06","5007","Information","Microsoft-Windows-Windows Defender","Microsoft Defender Antivirus Configuration has changed. If this is an unexpected event you should review the settings as this may be the result of malware.
 	Old value: Default\ServiceStartStates = 0x0
 	New value: HKLM\SOFTWARE\Microsoft\Windows Defender\ServiceStartStates = 0x1"
"18-08-2026 14:12:06","5007","Information","Microsoft-Windows-Windows Defender","Microsoft Defender Antivirus Configuration has changed. If this is an unexpected event you should review the settings as this may be the result of malware.
 	Old value: HKLM\SOFTWARE\Microsoft\Windows Defender\ServiceCrashExceptionOffset = 0x92E48B
 	New value: Default\ServiceCrashExceptionOffset = 0x0"
"18-08-2026 14:12:06","5007","Information","Microsoft-Windows-Windows Defender","Microsoft Defender Antivirus Configuration has changed. If this is an unexpected event you should review the settings as this may be the result of malware.
 	Old value: HKLM\SOFTWARE\Microsoft\Windows Defender\ServiceCrashFaultingModuleName = mpengine.dll
 	New value: N/A\ServiceCrashFaultingModuleName = "
"18-08-2026 14:12:06","5007","Information","Microsoft-Windows-Windows Defender","Microsoft Defender Antivirus Configuration has changed. If this is an unexpected event you should review the settings as this may be the result of malware.
 	Old value: HKLM\SOFTWARE\Microsoft\Windows Defender\ServiceCrashExceptionCode = 0xC0000005
 	New value: Default\ServiceCrashExceptionCode = 0x0"
"18-08-2026 14:12:06","5007","Information","Microsoft-Windows-Windows Defender","Microsoft Defender Antivirus Configuration has changed. If this is an unexpected event you should review the settings as this may be the result of malware.
 	Old value: Default\ServiceStartStates = 0x0
 	New value: HKLM\SOFTWARE\Microsoft\Windows Defender\ServiceStartStates = 0x1"
"18-08-2026 14:12:06","5007","Information","Microsoft-Windows-Windows Defender","Microsoft Defender Antivirus Configuration has changed. If this is an unexpected event you should review the settings as this may be the result of malware.
 	Old value: HKLM\SOFTWARE\Microsoft\Windows Defender\ServiceCrashExceptionOffset = 0x92E48B
 	New value: Default\ServiceCrashExceptionOffset = 0x0"
"18-08-2026 14:12:06","5007","Information","Microsoft-Windows-Windows Defender","Microsoft Defender Antivirus Configuration has changed. If this is an unexpected event you should review the settings as this may be the result of malware.
 	Old value: HKLM\SOFTWARE\Microsoft\Windows Defender\ServiceCrashFaultingModuleName = mpengine.dll
 	New value: N/A\ServiceCrashFaultingModuleName = "
"18-08-2026 14:12:06","5008","Error","Microsoft-Windows-Windows Defender","Microsoft Defender Antivirus engine has been terminated due to an unexpected error.
 	Failure Type: Unexpected Crash
 	Exception code: 0xc0000005
 	Resource: mpengine.dll
 	Engine Code: 9626763"
"18-08-2026 14:11:43","3002","Error","Microsoft-Windows-Windows Defender","Microsoft Defender Antivirus Real-Time Protection feature has encountered an error and failed.
 	Feature: Network Inspection System
 	Error Code: 0x80070006
 	Error description: The handle is invalid. 
 	Reason: The filter driver was unloaded unexpectedly."
"18-08-2026 14:11:43","3002","Error","Microsoft-Windows-Windows Defender","Microsoft Defender Antivirus Real-Time Protection feature has encountered an error and failed.
 	Feature: Behavior Monitoring
 	Error Code: 0x80070006
 	Error description: The handle is invalid. 
 	Reason: The filter driver was unloaded unexpectedly."
"18-08-2026 14:11:43","3002","Error","Microsoft-Windows-Windows Defender","Microsoft Defender Antivirus Real-Time Protection feature has encountered an error and failed.
 	Feature: On Access
 	Error Code: 0x80070006
 	Error description: The handle is invalid. 
 	Reason: The filter driver was unloaded unexpectedly."
"18-08-2026 14:11:38","3002","Error","Microsoft-Windows-Windows Defender","Microsoft Defender Antivirus Real-Time Protection feature has encountered an error and failed.
 	Feature: Network Inspection System
 	Error Code: 0x80070006
 	Error description: The handle is invalid. 
 	Reason: The filter driver was unloaded unexpectedly."
"18-08-2026 14:11:38","3002","Error","Microsoft-Windows-Windows Defender","Microsoft Defender Antivirus Real-Time Protection feature has encountered an error and failed.
 	Feature: Behavior Monitoring
 	Error Code: 0x80070006
 	Error description: The handle is invalid. 
 	Reason: The filter driver was unloaded unexpectedly."
"18-08-2026 14:11:38","3002","Error","Microsoft-Windows-Windows Defender","Microsoft Defender Antivirus Real-Time Protection feature has encountered an error and failed.
 	Feature: On Access
 	Error Code: 0x80070006
 	Error description: The handle is invalid. 
 	Reason: The filter driver was unloaded unexpectedly."
"18-08-2026 14:11:37","5007","Information","Microsoft-Windows-Windows Defender","Microsoft Defender Antivirus Configuration has changed. If this is an unexpected event you should review the settings as this may be the result of malware.
 	Old value: Default\ServiceCrashExceptionCode = 0x0
 	New value: HKLM\SOFTWARE\Microsoft\Windows Defender\ServiceCrashExceptionCode = 0xC0000005"
"18-08-2026 14:11:37","5007","Information","Microsoft-Windows-Windows Defender","Microsoft Defender Antivirus Configuration has changed. If this is an unexpected event you should review the settings as this may be the result of malware.
 	Old value: Default\ServiceCrashExceptionOffset = 0x0
 	New value: HKLM\SOFTWARE\Microsoft\Windows Defender\ServiceCrashExceptionOffset = 0x92E48B"
"18-08-2026 14:11:37","5007","Information","Microsoft-Windows-Windows Defender","Microsoft Defender Antivirus Configuration has changed. If this is an unexpected event you should review the settings as this may be the result of malware.
 	Old value: N/A\ServiceCrashFaultingModuleName = 
 	New value: HKLM\SOFTWARE\Microsoft\Windows Defender\ServiceCrashFaultingModuleName = mpengine.dll"
"18-08-2026 14:11:37","5007","Information","Microsoft-Windows-Windows Defender","Microsoft Defender Antivirus Configuration has changed. If this is an unexpected event you should review the settings as this may be the result of malware.
 	Old value: Default\ServiceCrashExceptionCode = 0x0
 	New value: HKLM\SOFTWARE\Microsoft\Windows Defender\ServiceCrashExceptionCode = 0xC0000005"
"18-08-2026 14:11:37","5007","Information","Microsoft-Windows-Windows Defender","Microsoft Defender Antivirus Configuration has changed. If this is an unexpected event you should review the settings as this may be the result of malware.
 	Old value: Default\ServiceCrashExceptionOffset = 0x0
 	New value: HKLM\SOFTWARE\Microsoft\Windows Defender\ServiceCrashExceptionOffset = 0x92E48B"
"18-08-2026 14:11:37","5007","Information","Microsoft-Windows-Windows Defender","Microsoft Defender Antivirus Configuration has changed. If this is an unexpected event you should review the settings as this may be the result of malware.
 	Old value: N/A\ServiceCrashFaultingModuleName = 
 	New value: HKLM\SOFTWARE\Microsoft\Windows Defender\ServiceCrashFaultingModuleName = mpengine.dll"
"18-08-2026 14:11:36","5008","Error","Microsoft-Windows-Windows Defender","Microsoft Defender Antivirus engine has been terminated due to an unexpected error.
 	Failure Type: Crash
 	Exception code: 0xc0000005
 	Resource: file://C:\Windows\ADFS\Microsoft.IdentityServer.Deployment.Core.dll
 	Engine Code: 16422"
"18-08-2026 14:05:58","5007","Information","Microsoft-Windows-Windows Defender","Microsoft Defender Antivirus Configuration has changed. If this is an unexpected event you should review the settings as this may be the result of malware.
 	Old value: HKLM\SOFTWARE\Microsoft\Windows Defender\UX Configuration\ToastOrSsoTrigger = 0x0
 	New value: HKLM\SOFTWARE\Microsoft\Windows Defender\UX Configuration\ToastOrSsoTrigger = 0x1"
"18-08-2026 14:05:58","5007","Information","Microsoft-Windows-Windows Defender","Microsoft Defender Antivirus Configuration has changed. If this is an unexpected event you should review the settings as this may be the result of malware.
 	Old value: HKLM\SOFTWARE\Microsoft\Windows Defender\UX Configuration\ToastOrSsoTrigger = 0x0
 	New value: HKLM\SOFTWARE\Microsoft\Windows Defender\UX Configuration\ToastOrSsoTrigger = 0x1"
"18-08-2026 14:04:15","5007","Information","Microsoft-Windows-Windows Defender","Microsoft Defender Antivirus Configuration has changed. If this is an unexpected event you should review the settings as this may be the result of malware.
 	Old value: HKLM\SOFTWARE\Microsoft\Windows Defender\DLP Configs\Tag\Tag = 0x1
 	New value: HKLM\SOFTWARE\Microsoft\Windows Defender\DLP Configs\Tag\Tag = 0x2"
"18-08-2026 14:04:15","5007","Information","Microsoft-Windows-Windows Defender","Microsoft Defender Antivirus Configuration has changed. If this is an unexpected event you should review the settings as this may be the result of malware.
 	Old value: HKLM\SOFTWARE\Microsoft\Windows Defender\CoreService\WdConfigHash = 0x3175559
 	New value: HKLM\SOFTWARE\Microsoft\Windows Defender\CoreService\WdConfigHash = 0xE95AB8D6"
"18-08-2026 14:04:15","5007","Information","Microsoft-Windows-Windows Defender","Microsoft Defender Antivirus Configuration has changed. If this is an unexpected event you should review the settings as this may be the result of malware.
 	Old value: HKLM\SOFTWARE\Microsoft\Windows Defender\DLP Configs\Tag\Tag = 0x1
 	New value: HKLM\SOFTWARE\Microsoft\Windows Defender\DLP Configs\Tag\Tag = 0x2"
"18-08-2026 14:04:15","5007","Information","Microsoft-Windows-Windows Defender","Microsoft Defender Antivirus Configuration has changed. If this is an unexpected event you should review the settings as this may be the result of malware.
 	Old value: HKLM\SOFTWARE\Microsoft\Windows Defender\CoreService\WdConfigHash = 0x3175559
 	New value: HKLM\SOFTWARE\Microsoft\Windows Defender\CoreService\WdConfigHash = 0xE95AB8D6"
"18-08-2026 14:04:15","1000","Information","Microsoft-Windows-Windows Defender","Microsoft Defender Antivirus scan has started.
 	Scan ID: {4555882A-BAC7-41ED-A8B8-C7785DA42267}
 	Scan Type: Antimalware
 	Scan Parameters: Quick Scan
 	Scan Resources: 
  	User: NT AUTHORITY\NETWORK SERVICE
 	Scan Trigger: Scheduled daily
 	Scan Only If Idle: Enabled
 	Low CPU Priority for Scans: Disabled
 	Thread Priority: 7"
"18-08-2026 14:04:15","2000","Information","Microsoft-Windows-Windows Defender","Microsoft Defender Antivirus security intelligence version updated.
 	Current security intelligence Version: 1.457.222.0
 	Previous security intelligence Version: 1.457.219.0
 	Security intelligence Type: AntiSpyware
 	Update Type: Delta
 	User: NT AUTHORITY\SYSTEM
 	Current Engine Version: 1.1.26070.7
 	Previous Engine Version: 1.1.26070.7"
"18-08-2026 14:04:15","2000","Information","Microsoft-Windows-Windows Defender","Microsoft Defender Antivirus security intelligence version updated.
 	Current security intelligence Version: 1.457.222.0
 	Previous security intelligence Version: 1.457.219.0
 	Security intelligence Type: AntiVirus
 	Update Type: Delta
 	User: NT AUTHORITY\SYSTEM
 	Current Engine Version: 1.1.26070.7
 	Previous Engine Version: 1.1.26070.7"
"18-08-2026 13:55:48","2010","Information","Microsoft-Windows-Windows Defender","Microsoft Defender Antivirus used cloud protection to get additional security intelligence.
 	Current security intelligence Version: 1.457.219.0
 	Security intelligence Type: 
 	User: \
 	Current Engine Version: 1.1.26070.7
 	Cloud protection intelligence Type: Security intelligence update
 	Persistence Path: C:\ProgramData\Microsoft\Windows Defender\Scans\RtSigs\data\ee66ea58f0a1191239c6208ef8d5e255b3231ab9
 	Cloud protection intelligence Version: 0.0.0.0
 	Cloud protection intelligence Compilation Timestamp: 18-08-2026 08:25:48
 	Persistence Limit Type: Duration
 	Persistence Limit: 432000000"
"18-08-2026 13:55:48","2010","Information","Microsoft-Windows-Windows Defender","Microsoft Defender Antivirus used cloud protection to get additional security intelligence.
 	Current security intelligence Version: 1.457.219.0
 	Security intelligence Type: 
 	User: \
 	Current Engine Version: 1.1.26070.7
 	Cloud protection intelligence Type: Security intelligence update
 	Persistence Path: C:\ProgramData\Microsoft\Windows Defender\Scans\RtSigs\data\4a45572e898ac504eb744e3ba7f34b8a11873d3c
 	Cloud protection intelligence Version: 0.0.0.0
 	Cloud protection intelligence Compilation Timestamp: 18-08-2026 08:25:48
 	Persistence Limit Type: Duration
 	Persistence Limit: 432000000"
"18-08-2026 13:55:48","2010","Information","Microsoft-Windows-Windows Defender","Microsoft Defender Antivirus used cloud protection to get additional security intelligence.
 	Current security intelligence Version: 1.457.219.0
 	Security intelligence Type: 
 	User: \
 	Current Engine Version: 1.1.26070.7
 	Cloud protection intelligence Type: Security intelligence update
 	Persistence Path: C:\ProgramData\Microsoft\Windows Defender\Scans\RtSigs\data\4c04ac1e175348e23782321e837c950e8ba62893
 	Cloud protection intelligence Version: 0.0.0.0
 	Cloud protection intelligence Compilation Timestamp: 18-08-2026 08:25:48
 	Persistence Limit Type: Duration
 	Persistence Limit: 432000000"
"18-08-2026 13:49:56","2010","Information","Microsoft-Windows-Windows Defender","Microsoft Defender Antivirus used cloud protection to get additional security intelligence.
 	Current security intelligence Version: 1.457.219.0
 	Security intelligence Type: 
 	User: \
 	Current Engine Version: 1.1.26070.7
 	Cloud protection intelligence Type: Security intelligence update
 	Persistence Path: C:\ProgramData\Microsoft\Windows Defender\Scans\RtSigs\data\9f27a93f01b94deb9626684ac84e19fb3de19f33
 	Cloud protection intelligence Version: 0.0.0.0
 	Cloud protection intelligence Compilation Timestamp: 18-08-2026 08:19:56
 	Persistence Limit Type: Duration
 	Persistence Limit: 1728000000"
"18-08-2026 13:34:42","1151","Information","Microsoft-Windows-Windows Defender","Endpoint Protection client health report (time in UTC):
 	Platform version: 4.18.26070.9
 	Engine version: 1.1.26070.7
 	Network Realtime Inspection engine version: 1.1.26070.7
 	Antivirus security intelligence version: 1.457.219.0
 	Antispyware security intelligence version: 1.457.219.0
 	Network Realtime Inspection security intelligence version: 1.457.219.0
 	RTP state: Enabled
 	OA state: Enabled
 	IOAV state: Enabled
 	BM state: Enabled
 	Antivirus security intelligence age: 0
 	Antispyware security intelligence age: 0
 	Last quick scan age: 0
 	Last full scan age: 4294967295
 	Antivirus security intelligence creation time: 2026-08-17T21:43:33Z
 	Antispyware security intelligence creation time: 2026-08-17T21:43:33Z
 	Last quick scan start time: 2026-08-17T10:03:07Z
 	Last quick scan end time: 2026-08-17T10:11:48Z
 	Last quick scan source: 2
 	Last full scan start time: 1601-01-01T00:00:00Z
 	Last full scan end time: 1601-01-01T00:00:00Z
 	Last full scan source: 0
 	Product status: 0x00080000
"
"18-08-2026 13:34:42","1150","Information","Microsoft-Windows-Windows Defender","Endpoint Protection client is up and running in a healthy state.
 	Platform version: 4.18.26070.9
 	Engine version: 1.1.26070.7
 	Security intelligence version: 1.457.219.0
"
"18-08-2026 13:25:38","2010","Information","Microsoft-Windows-Windows Defender","Microsoft Defender Antivirus used cloud protection to get additional security intelligence.
 	Current security intelligence Version: 1.457.219.0
 	Security intelligence Type: 
 	User: \
 	Current Engine Version: 1.1.26070.7
 	Cloud protection intelligence Type: Security intelligence update
 	Persistence Path: C:\ProgramData\Microsoft\Windows Defender\Scans\RtSigs\data\69b5007a432107b1a3270d622f99ac281f2e2073
 	Cloud protection intelligence Version: 0.0.0.0
 	Cloud protection intelligence Compilation Timestamp: 18-08-2026 07:55:38
 	Persistence Limit Type: Duration
 	Persistence Limit: 72000000"
"18-08-2026 13:25:38","2010","Information","Microsoft-Windows-Windows Defender","Microsoft Defender Antivirus used cloud protection to get additional security intelligence.
 	Current security intelligence Version: 1.457.219.0
 	Security intelligence Type: 
 	User: \
 	Current Engine Version: 1.1.26070.7
 	Cloud protection intelligence Type: Security intelligence update
 	Persistence Path: C:\ProgramData\Microsoft\Windows Defender\Scans\RtSigs\data\b1e7e0ec49d5dd2ae18246fabf4ea1680c130567
 	Cloud protection intelligence Version: 0.0.0.0
 	Cloud protection intelligence Compilation Timestamp: 18-08-2026 07:55:38
 	Persistence Limit Type: Duration
 	Persistence Limit: 432000000"
"18-08-2026 13:25:38","2010","Information","Microsoft-Windows-Windows Defender","Microsoft Defender Antivirus used cloud protection to get additional security intelligence.
 	Current security intelligence Version: 1.457.219.0
 	Security intelligence Type: 
 	User: \
 	Current Engine Version: 1.1.26070.7
 	Cloud protection intelligence Type: Security intelligence update
 	Persistence Path: C:\ProgramData\Microsoft\Windows Defender\Scans\RtSigs\data\4991eb135e3e631494cb926383e9536b919bf27d
 	Cloud protection intelligence Version: 0.0.0.0
 	Cloud protection intelligence Compilation Timestamp: 18-08-2026 07:55:38
 	Persistence Limit Type: Duration
 	Persistence Limit: 432000000"
"18-08-2026 13:25:38","2010","Information","Microsoft-Windows-Windows Defender","Microsoft Defender Antivirus used cloud protection to get additional security intelligence.
 	Current security intelligence Version: 1.457.219.0
 	Security intelligence Type: 
 	User: \
 	Current Engine Version: 1.1.26070.7
 	Cloud protection intelligence Type: Security intelligence update
 	Persistence Path: C:\ProgramData\Microsoft\Windows Defender\Scans\RtSigs\data\cd22f09d647d56aa66ba7a802162a390d2809f60
 	Cloud protection intelligence Version: 0.0.0.0
 	Cloud protection intelligence Compilation Timestamp: 18-08-2026 07:55:38
 	Persistence Limit Type: Duration
 	Persistence Limit: 432000000"
"18-08-2026 13:12:57","5007","Information","Microsoft-Windows-Windows Defender","Microsoft Defender Antivirus Configuration has changed. If this is an unexpected event you should review the settings as this may be the result of malware.
 	Old value: HKLM\SOFTWARE\Microsoft\Windows Defender\UX Configuration\ToastOrSsoTrigger = 0x1
 	New value: HKLM\SOFTWARE\Microsoft\Windows Defender\UX Configuration\ToastOrSsoTrigger = 0x0"
"18-08-2026 13:12:56","5007","Information","Microsoft-Windows-Windows Defender","Microsoft Defender Antivirus Configuration has changed. If this is an unexpected event you should review the settings as this may be the result of malware.
 	Old value: HKLM\SOFTWARE\Microsoft\Windows Defender\UX Configuration\ToastOrSsoTrigger = 0x1
 	New value: HKLM\SOFTWARE\Microsoft\Windows Defender\UX Configuration\ToastOrSsoTrigger = 0x0"
"18-08-2026 12:49:54","2010","Information","Microsoft-Windows-Windows Defender","Microsoft Defender Antivirus used cloud protection to get additional security intelligence.
 	Current security intelligence Version: 1.457.219.0
 	Security intelligence Type: 
 	User: \
 	Current Engine Version: 1.1.26070.7
 	Cloud protection intelligence Type: Security intelligence update
 	Persistence Path: C:\ProgramData\Microsoft\Windows Defender\Scans\RtSigs\data\38e8114f9624e2c8c703c0a40a3691853cc92f9b
 	Cloud protection intelligence Version: 0.0.0.0
 	Cloud protection intelligence Compilation Timestamp: 18-08-2026 07:19:54
 	Persistence Limit Type: Duration
 	Persistence Limit: 432000000"
"18-08-2026 12:34:49","2010","Information","Microsoft-Windows-Windows Defender","Microsoft Defender Antivirus used cloud protection to get additional security intelligence.
 	Current security intelligence Version: 1.457.219.0
 	Security intelligence Type: 
 	User: \
 	Current Engine Version: 1.1.26070.7
 	Cloud protection intelligence Type: Security intelligence update
 	Persistence Path: C:\ProgramData\Microsoft\Windows Defender\Scans\RtSigs\data\ea3eee83983135ad9603ea7f7f1b7c56b6291aa5
 	Cloud protection intelligence Version: 0.0.0.0
 	Cloud protection intelligence Compilation Timestamp: 18-08-2026 07:04:49
 	Persistence Limit Type: Duration
 	Persistence Limit: 432000000"
"18-08-2026 12:29:08","1151","Information","Microsoft-Windows-Windows Defender","Endpoint Protection client health report (time in UTC):
 	Platform version: 4.18.26070.9
 	Engine version: 1.1.26070.7
 	Network Realtime Inspection engine version: 1.1.26070.7
 	Antivirus security intelligence version: 1.457.219.0
 	Antispyware security intelligence version: 1.457.219.0
 	Network Realtime Inspection security intelligence version: 1.457.219.0
 	RTP state: Enabled
 	OA state: Enabled
 	IOAV state: Enabled
 	BM state: Enabled
 	Antivirus security intelligence age: 0
 	Antispyware security intelligence age: 0
 	Last quick scan age: 0
 	Last full scan age: 4294967295
 	Antivirus security intelligence creation time: 2026-08-17T21:43:33Z
 	Antispyware security intelligence creation time: 2026-08-17T21:43:33Z
 	Last quick scan start time: 2026-08-17T10:03:07Z
 	Last quick scan end time: 2026-08-17T10:11:48Z
 	Last quick scan source: 2
 	Last full scan start time: 1601-01-01T00:00:00Z
 	Last full scan end time: 1601-01-01T00:00:00Z
 	Last full scan source: 0
 	Product status: 0x00080000
"
"18-08-2026 12:29:08","1150","Information","Microsoft-Windows-Windows Defender","Endpoint Protection client is up and running in a healthy state.
 	Platform version: 4.18.26070.9
 	Engine version: 1.1.26070.7
 	Security intelligence version: 1.457.219.0
"
"18-08-2026 12:19:44","2010","Information","Microsoft-Windows-Windows Defender","Microsoft Defender Antivirus used cloud protection to get additional security intelligence.
 	Current security intelligence Version: 1.457.219.0
 	Security intelligence Type: 
 	User: \
 	Current Engine Version: 1.1.26070.7
 	Cloud protection intelligence Type: Security intelligence update
 	Persistence Path: C:\ProgramData\Microsoft\Windows Defender\Scans\RtSigs\data\e0361f82e30bb89aff32896624201ea1d5757b57
 	Cloud protection intelligence Version: 0.0.0.0
 	Cloud protection intelligence Compilation Timestamp: 18-08-2026 06:49:44
 	Persistence Limit Type: Duration
 	Persistence Limit: 432000000"
"18-08-2026 12:19:44","2010","Information","Microsoft-Windows-Windows Defender","Microsoft Defender Antivirus used cloud protection to get additional security intelligence.
 	Current security intelligence Version: 1.457.219.0
 	Security intelligence Type: 
 	User: \
 	Current Engine Version: 1.1.26070.7
 	Cloud protection intelligence Type: Security intelligence update
 	Persistence Path: C:\ProgramData\Microsoft\Windows Defender\Scans\RtSigs\data\30849bd7fdd3f6d7a71ce06cac9b394bdeb8aaaa
 	Cloud protection intelligence Version: 0.0.0.0
 	Cloud protection intelligence Compilation Timestamp: 18-08-2026 06:49:44
 	Persistence Limit Type: Duration
 	Persistence Limit: 432000000"
"18-08-2026 12:19:44","2010","Information","Microsoft-Windows-Windows Defender","Microsoft Defender Antivirus used cloud protection to get additional security intelligence.
 	Current security intelligence Version: 1.457.219.0
 	Security intelligence Type: 
 	User: \
 	Current Engine Version: 1.1.26070.7
 	Cloud protection intelligence Type: Security intelligence update
 	Persistence Path: C:\ProgramData\Microsoft\Windows Defender\Scans\RtSigs\data\3dcd8a1af2c97f1aca8ae5bd7cdab4003e137524
 	Cloud protection intelligence Version: 0.0.0.0
 	Cloud protection intelligence Compilation Timestamp: 18-08-2026 06:49:44
 	Persistence Limit Type: Duration
 	Persistence Limit: 432000000"
"18-08-2026 12:04:39","2010","Information","Microsoft-Windows-Windows Defender","Microsoft Defender Antivirus used cloud protection to get additional security intelligence.
 	Current security intelligence Version: 1.457.219.0
 	Security intelligence Type: 
 	User: \
 	Current Engine Version: 1.1.26070.7
 	Cloud protection intelligence Type: Security intelligence update
 	Persistence Path: C:\ProgramData\Microsoft\Windows Defender\Scans\RtSigs\data\6bd44ecaff4f7cb51fd32a735fc4667156e3b267
 	Cloud protection intelligence Version: 0.0.0.0
 	Cloud protection intelligence Compilation Timestamp: 18-08-2026 06:34:39
 	Persistence Limit Type: Duration
 	Persistence Limit: 72000000"
"18-08-2026 12:04:39","2010","Information","Microsoft-Windows-Windows Defender","Microsoft Defender Antivirus used cloud protection to get additional security intelligence.
 	Current security intelligence Version: 1.457.219.0
 	Security intelligence Type: 
 	User: \
 	Current Engine Version: 1.1.26070.7
 	Cloud protection intelligence Type: Security intelligence update
 	Persistence Path: C:\ProgramData\Microsoft\Windows Defender\Scans\RtSigs\data\1ab6d898a95f74b487c3371137d19a74b7fb7dac
 	Cloud protection intelligence Version: 0.0.0.0
 	Cloud protection intelligence Compilation Timestamp: 18-08-2026 06:34:39
 	Persistence Limit Type: Duration
 	Persistence Limit: 432000000"
"18-08-2026 12:00:35","1134","Information","Microsoft-Windows-Windows Defender","Microsoft Defender Antivirus has audited an operation.
For more information please contact your IT administrator.
	Policy Version: 639225846203138438-a06aacdc6e0fc92115f92e7a6a9b86f1d1c56210
	Policy Rule ID: 6abb5bf8-7ae6-4f97-9c9a-9fcb60c0f230:6b2c3c43-f1fd-4949-97e8-f93e3c3a91e4
	Enforcement Level: Audit
	Audit Reason: 0
	Timestamp: 1601-01-01T00:00:00Z
	Action Type: CopyToClipboard
	Process: msedgewebview2.exe
	Source: \Device\HarddiskVolume3\Users\arjo5004\Downloads\chennai map.pdf
	Target: N/A
	Session ID: 1
	User SID: S-1-12-1-2357405129-1281513531-255772574-1816207334
%Security intelligence Version: 1.457.219.0
	Engine Version: 1.1.26070.7
	Product Version: 4.18.26070.9
"
"18-08-2026 11:34:29","2010","Information","Microsoft-Windows-Windows Defender","Microsoft Defender Antivirus used cloud protection to get additional security intelligence.
 	Current security intelligence Version: 1.457.219.0
 	Security intelligence Type: 
 	User: \
 	Current Engine Version: 1.1.26070.7
 	Cloud protection intelligence Type: Security intelligence update
 	Persistence Path: C:\ProgramData\Microsoft\Windows Defender\Scans\RtSigs\data\2e2926607b095bff2bcd62ee7ac48d38fe6d3a1d
 	Cloud protection intelligence Version: 0.0.0.0
 	Cloud protection intelligence Compilation Timestamp: 18-08-2026 06:04:29
 	Persistence Limit Type: Duration
 	Persistence Limit: 72000000"
"18-08-2026 11:34:29","2010","Information","Microsoft-Windows-Windows Defender","Microsoft Defender Antivirus used cloud protection to get additional security intelligence.
 	Current security intelligence Version: 1.457.219.0
 	Security intelligence Type: 
 	User: \
 	Current Engine Version: 1.1.26070.7
 	Cloud protection intelligence Type: Security intelligence update
 	Persistence Path: C:\ProgramData\Microsoft\Windows Defender\Scans\RtSigs\data\5bdec457fca1e0b37e5f5d936bf7056779cf73bf
 	Cloud protection intelligence Version: 0.0.0.0
 	Cloud protection intelligence Compilation Timestamp: 18-08-2026 06:04:29
 	Persistence Limit Type: Duration
 	Persistence Limit: 432000000"
"18-08-2026 11:32:32","1124","Information","Microsoft-Windows-Windows Defender","C:\Program Files\Seagull\BarTender 11.5\BarTend.exe would have been blocked from modifying %userprofile%\Documents by Controlled Folder Access.
 	Detection time: 2026-08-18T06:02:32.256Z
 	User: NT AUTHORITY\SYSTEM
 	Path: %userprofile%\Documents
 	Process Name: C:\Program Files\Seagull\BarTender 11.5\BarTend.exe
 	Security intelligence Version: 1.457.219.0
 	Engine Version: 1.1.26070.7
 	Product Version: 4.18.26070.9
"
"18-08-2026 11:29:08","1151","Information","Microsoft-Windows-Windows Defender","Endpoint Protection client health report (time in UTC):
 	Platform version: 4.18.26070.9
 	Engine version: 1.1.26070.7
 	Network Realtime Inspection engine version: 1.1.26070.7
 	Antivirus security intelligence version: 1.457.219.0
 	Antispyware security intelligence version: 1.457.219.0
 	Network Realtime Inspection security intelligence version: 1.457.219.0
 	RTP state: Enabled
 	OA state: Enabled
 	IOAV state: Enabled
 	BM state: Enabled
 	Antivirus security intelligence age: 0
 	Antispyware security intelligence age: 0
 	Last quick scan age: 0
 	Last full scan age: 4294967295
 	Antivirus security intelligence creation time: 2026-08-17T21:43:33Z
 	Antispyware security intelligence creation time: 2026-08-17T21:43:33Z
 	Last quick scan start time: 2026-08-17T10:03:07Z
 	Last quick scan end time: 2026-08-17T10:11:48Z
 	Last quick scan source: 2
 	Last full scan start time: 1601-01-01T00:00:00Z
 	Last full scan end time: 1601-01-01T00:00:00Z
 	Last full scan source: 0
 	Product status: 0x00080000
"
"18-08-2026 11:29:08","1150","Information","Microsoft-Windows-Windows Defender","Endpoint Protection client is up and running in a healthy state.
 	Platform version: 4.18.26070.9
 	Engine version: 1.1.26070.7
 	Security intelligence version: 1.457.219.0
"
"18-08-2026 11:04:20","2010","Information","Microsoft-Windows-Windows Defender","Microsoft Defender Antivirus used cloud protection to get additional security intelligence.
 	Current security intelligence Version: 1.457.219.0
 	Security intelligence Type: 
 	User: \
 	Current Engine Version: 1.1.26070.7
 	Cloud protection intelligence Type: Security intelligence update
 	Persistence Path: C:\ProgramData\Microsoft\Windows Defender\Scans\RtSigs\data\7a4255c03864924745116380248c2605955b2b49
 	Cloud protection intelligence Version: 0.0.0.0
 	Cloud protection intelligence Compilation Timestamp: 18-08-2026 05:34:20
 	Persistence Limit Type: Duration
 	Persistence Limit: 432000000"
"18-08-2026 11:02:59","5007","Information","Microsoft-Windows-Windows Defender","Microsoft Defender Antivirus Configuration has changed. If this is an unexpected event you should review the settings as this may be the result of malware.
 	Old value: HKLM\SOFTWARE\Microsoft\Windows Defender\UX Configuration\ToastOrSsoTrigger = 0x0
 	New value: HKLM\SOFTWARE\Microsoft\Windows Defender\UX Configuration\ToastOrSsoTrigger = 0x1"
"18-08-2026 11:02:59","5007","Information","Microsoft-Windows-Windows Defender","Microsoft Defender Antivirus Configuration has changed. If this is an unexpected event you should review the settings as this may be the result of malware.
 	Old value: HKLM\SOFTWARE\Microsoft\Windows Defender\UX Configuration\ToastOrSsoTrigger = 0x0
 	New value: HKLM\SOFTWARE\Microsoft\Windows Defender\UX Configuration\ToastOrSsoTrigger = 0x1"
"18-08-2026 10:50:14","5007","Information","Microsoft-Windows-Windows Defender","Microsoft Defender Antivirus Configuration has changed. If this is an unexpected event you should review the settings as this may be the result of malware.
 	Old value: HKLM\SOFTWARE\Microsoft\Windows Defender\UX Configuration\ToastOrSsoTrigger = 0x1
 	New value: HKLM\SOFTWARE\Microsoft\Windows Defender\UX Configuration\ToastOrSsoTrigger = 0x0"
"18-08-2026 10:50:14","5007","Information","Microsoft-Windows-Windows Defender","Microsoft Defender Antivirus Configuration has changed. If this is an unexpected event you should review the settings as this may be the result of malware.
 	Old value: HKLM\SOFTWARE\Microsoft\Windows Defender\UX Configuration\ToastOrSsoTrigger = 0x1
 	New value: HKLM\SOFTWARE\Microsoft\Windows Defender\UX Configuration\ToastOrSsoTrigger = 0x0"
"18-08-2026 10:49:14","2010","Information","Microsoft-Windows-Windows Defender","Microsoft Defender Antivirus used cloud protection to get additional security intelligence.
 	Current security intelligence Version: 1.457.219.0
 	Security intelligence Type: 
 	User: \
 	Current Engine Version: 1.1.26070.7
 	Cloud protection intelligence Type: Security intelligence update
 	Persistence Path: C:\ProgramData\Microsoft\Windows Defender\Scans\RtSigs\data\e00697b9394a2fe5e46faa097cfbcc30e6a429f2
 	Cloud protection intelligence Version: 0.0.0.0
 	Cloud protection intelligence Compilation Timestamp: 18-08-2026 05:19:14
 	Persistence Limit Type: Duration
 	Persistence Limit: 432000000"
"18-08-2026 10:49:14","2010","Information","Microsoft-Windows-Windows Defender","Microsoft Defender Antivirus used cloud protection to get additional security intelligence.
 	Current security intelligence Version: 1.457.219.0
 	Security intelligence Type: 
 	User: \
 	Current Engine Version: 1.1.26070.7
 	Cloud protection intelligence Type: Security intelligence update
 	Persistence Path: C:\ProgramData\Microsoft\Windows Defender\Scans\RtSigs\data\c83919857431c0771f5ed58a7de4daf388bc9fcd
 	Cloud protection intelligence Version: 0.0.0.0
 	Cloud protection intelligence Compilation Timestamp: 18-08-2026 05:19:14
 	Persistence Limit Type: Duration
 	Persistence Limit: 432000000"
"18-08-2026 10:49:14","2010","Information","Microsoft-Windows-Windows Defender","Microsoft Defender Antivirus used cloud protection to get additional security intelligence.
 	Current security intelligence Version: 1.457.219.0
 	Security intelligence Type: 
 	User: \
 	Current Engine Version: 1.1.26070.7
 	Cloud protection intelligence Type: Security intelligence update
 	Persistence Path: C:\ProgramData\Microsoft\Windows Defender\Scans\RtSigs\data\97980b8c04a17acab3bb5784470da3df764d4adc
 	Cloud protection intelligence Version: 0.0.0.0
 	Cloud protection intelligence Compilation Timestamp: 18-08-2026 05:19:14
 	Persistence Limit Type: Duration
 	Persistence Limit: 432000000"
"18-08-2026 10:42:41","2010","Information","Microsoft-Windows-Windows Defender","Microsoft Defender Antivirus used cloud protection to get additional security intelligence.
 	Current security intelligence Version: 1.457.219.0
 	Security intelligence Type: 
 	User: \
 	Current Engine Version: 1.1.26070.7
 	Cloud protection intelligence Type: Security intelligence update
 	Persistence Path: C:\ProgramData\Microsoft\Windows Defender\Scans\RtSigs\data\ba33cb58999c8fef3a80e60028df434cee0e1aa7
 	Cloud protection intelligence Version: 0.0.0.0
 	Cloud protection intelligence Compilation Timestamp: 18-08-2026 05:12:41
 	Persistence Limit Type: Duration
 	Persistence Limit: 50065408"
"18-08-2026 10:42:01","2010","Information","Microsoft-Windows-Windows Defender","Microsoft Defender Antivirus used cloud protection to get additional security intelligence.
 	Current security intelligence Version: 1.457.219.0
 	Security intelligence Type: 
 	User: \
 	Current Engine Version: 1.1.26070.7
 	Cloud protection intelligence Type: Security intelligence update
 	Persistence Path: C:\ProgramData\Microsoft\Windows Defender\Scans\RtSigs\data\e474ab654548340f92c7ddb2290d5ed0b3d21cd8
 	Cloud protection intelligence Version: 0.0.0.0
 	Cloud protection intelligence Compilation Timestamp: 18-08-2026 05:12:01
 	Persistence Limit Type: Duration
 	Persistence Limit: 50065408"
"18-08-2026 10:40:08","2010","Information","Microsoft-Windows-Windows Defender","Microsoft Defender Antivirus used cloud protection to get additional security intelligence.
 	Current security intelligence Version: 1.457.219.0
 	Security intelligence Type: 
 	User: \
 	Current Engine Version: 1.1.26070.7
 	Cloud protection intelligence Type: Security intelligence update
 	Persistence Path: C:\ProgramData\Microsoft\Windows Defender\Scans\RtSigs\data\5d766b8990cd1f1455cdd600db920769fd6f7dc6
 	Cloud protection intelligence Version: 0.0.0.0
 	Cloud protection intelligence Compilation Timestamp: 18-08-2026 05:10:08
 	Persistence Limit Type: Duration
 	Persistence Limit: 50065408"
"18-08-2026 10:38:51","2010","Information","Microsoft-Windows-Windows Defender","Microsoft Defender Antivirus used cloud protection to get additional security intelligence.
 	Current security intelligence Version: 1.457.219.0
 	Security intelligence Type: 
 	User: \
 	Current Engine Version: 1.1.26070.7
 	Cloud protection intelligence Type: Security intelligence update
 	Persistence Path: C:\ProgramData\Microsoft\Windows Defender\Scans\RtSigs\data\2d3f235e04739b07d8d19b8f468370d1dd465cd2
 	Cloud protection intelligence Version: 0.0.0.0
 	Cloud protection intelligence Compilation Timestamp: 18-08-2026 05:08:49
 	Persistence Limit Type: Duration
 	Persistence Limit: 288000000"
"18-08-2026 10:36:37","5007","Information","Microsoft-Windows-Windows Defender","Microsoft Defender Antivirus Configuration has changed. If this is an unexpected event you should review the settings as this may be the result of malware.
 	Old value: HKLM\SOFTWARE\Microsoft\Windows Defender\UX Configuration\ToastOrSsoTrigger = 0x0
 	New value: HKLM\SOFTWARE\Microsoft\Windows Defender\UX Configuration\ToastOrSsoTrigger = 0x1"
"18-08-2026 10:36:37","5007","Information","Microsoft-Windows-Windows Defender","Microsoft Defender Antivirus Configuration has changed. If this is an unexpected event you should review the settings as this may be the result of malware.
 	Old value: HKLM\SOFTWARE\Microsoft\Windows Defender\UX Configuration\ToastOrSsoTrigger = 0x0
 	New value: HKLM\SOFTWARE\Microsoft\Windows Defender\UX Configuration\ToastOrSsoTrigger = 0x1"
"18-08-2026 10:32:07","1124","Information","Microsoft-Windows-Windows Defender","C:\Program Files\Seagull\BarTender 11.5\BarTend.exe would have been blocked from modifying %userprofile%\Documents by Controlled Folder Access.
 	Detection time: 2026-08-18T05:02:07.174Z
 	User: NT AUTHORITY\SYSTEM
 	Path: %userprofile%\Documents
 	Process Name: C:\Program Files\Seagull\BarTender 11.5\BarTend.exe
 	Security intelligence Version: 1.457.219.0
 	Engine Version: 1.1.26070.7
 	Product Version: 4.18.26070.9
"
"18-08-2026 10:30:21","5007","Information","Microsoft-Windows-Windows Defender","Microsoft Defender Antivirus Configuration has changed. If this is an unexpected event you should review the settings as this may be the result of malware.
 	Old value: HKLM\SOFTWARE\Microsoft\Windows Defender\SpyNet\LastMAPSFailureTimeString = 2026-08-18T05:00:16Z
 	New value: HKLM\SOFTWARE\Microsoft\Windows Defender\SpyNet\LastMAPSFailureTimeString = 2026-08-18T05:00:20Z"
"18-08-2026 10:30:21","5007","Information","Microsoft-Windows-Windows Defender","Microsoft Defender Antivirus Configuration has changed. If this is an unexpected event you should review the settings as this may be the result of malware.
 	Old value: HKLM\SOFTWARE\Microsoft\Windows Defender\SpyNet\LastMAPSFailureTimeString = 2026-08-18T05:00:16Z
 	New value: HKLM\SOFTWARE\Microsoft\Windows Defender\SpyNet\LastMAPSFailureTimeString = 2026-08-18T05:00:20Z"
"18-08-2026 10:30:17","5007","Information","Microsoft-Windows-Windows Defender","Microsoft Defender Antivirus Configuration has changed. If this is an unexpected event you should review the settings as this may be the result of malware.
 	Old value: HKLM\SOFTWARE\Microsoft\Windows Defender\SpyNet\LastMAPSFailureTimeString = 2026-08-18T04:12:33Z
 	New value: HKLM\SOFTWARE\Microsoft\Windows Defender\SpyNet\LastMAPSFailureTimeString = 2026-08-18T05:00:16Z"
"18-08-2026 10:30:17","5007","Information","Microsoft-Windows-Windows Defender","Microsoft Defender Antivirus Configuration has changed. If this is an unexpected event you should review the settings as this may be the result of malware.
 	Old value: HKLM\SOFTWARE\Microsoft\Windows Defender\SpyNet\LastMAPSFailureTimeString = 2026-08-18T04:12:33Z
 	New value: HKLM\SOFTWARE\Microsoft\Windows Defender\SpyNet\LastMAPSFailureTimeString = 2026-08-18T05:00:16Z"
"18-08-2026 10:29:10","5007","Information","Microsoft-Windows-Windows Defender","Microsoft Defender Antivirus Configuration has changed. If this is an unexpected event you should review the settings as this may be the result of malware.
 	Old value: Default\ProductAppDataPath = C:\ProgramData\Microsoft\Windows Defender
 	New value: HKLM\SOFTWARE\Microsoft\Windows Defender\ProductAppDataPath = C:\ProgramData\Microsoft\Windows Defender"
"18-08-2026 10:29:10","5007","Information","Microsoft-Windows-Windows Defender","Microsoft Defender Antivirus Configuration has changed. If this is an unexpected event you should review the settings as this may be the result of malware.
 	Old value: HKLM\SOFTWARE\Microsoft\Windows Defender\ServiceStartStates = 0x1
 	New value: Default\ServiceStartStates = 0x0"
"18-08-2026 10:29:09","5007","Information","Microsoft-Windows-Windows Defender","Microsoft Defender Antivirus Configuration has changed. If this is an unexpected event you should review the settings as this may be the result of malware.
 	Old value: HKLM\SOFTWARE\Microsoft\Windows Defender\ServiceStartStates = 0x1
 	New value: Default\ServiceStartStates = 0x0"
"18-08-2026 10:29:09","5007","Information","Microsoft-Windows-Windows Defender","Microsoft Defender Antivirus Configuration has changed. If this is an unexpected event you should review the settings as this may be the result of malware.
 	Old value: HKLM\SOFTWARE\Policies\Microsoft\Windows Defender\Policy Manager\Threats\ThreatSeverityDefaultAction\1 = 0x2
 	New value: N/A\Threats\ThreatSeverityDefaultAction\1 = "
"18-08-2026 10:29:09","5007","Information","Microsoft-Windows-Windows Defender","Microsoft Defender Antivirus Configuration has changed. If this is an unexpected event you should review the settings as this may be the result of malware.
 	Old value: HKLM\SOFTWARE\Policies\Microsoft\Windows Defender\Policy Manager\Threats\ThreatSeverityDefaultAction\2 = 0x2
 	New value: N/A\Threats\ThreatSeverityDefaultAction\2 = "
"18-08-2026 10:29:09","5007","Information","Microsoft-Windows-Windows Defender","Microsoft Defender Antivirus Configuration has changed. If this is an unexpected event you should review the settings as this may be the result of malware.
 	Old value: HKLM\SOFTWARE\Policies\Microsoft\Windows Defender\Policy Manager\Threats\ThreatSeverityDefaultAction\5 = 0x2
 	New value: N/A\Threats\ThreatSeverityDefaultAction\5 = "
"18-08-2026 10:29:09","5007","Information","Microsoft-Windows-Windows Defender","Microsoft Defender Antivirus Configuration has changed. If this is an unexpected event you should review the settings as this may be the result of malware.
 	Old value: HKLM\SOFTWARE\Policies\Microsoft\Windows Defender\Policy Manager\Threats\ThreatSeverityDefaultAction\4 = 0x2
 	New value: N/A\Threats\ThreatSeverityDefaultAction\4 = "
