"29-06-2026 18:52:36","1010","Information","Microsoft-Windows-Kernel-PnP","Device INTELAUDIO\SGPC_FUNC_01&VEN_8086&DEV_281D&SUBSYS_80860101&REV_1000\5&32640736&1&0201DIF_000B&UIF_0000 has been surprise removed as it is reported as missing on the bus.
Count of devices removed: 3"
"29-06-2026 18:43:50","1010","Information","Microsoft-Windows-Kernel-PnP","Device DISPLAY\DELA1B9\4&20b8d095&0&UID8263 has been surprise removed as it is reported as missing on the bus.
Count of devices removed: 1"
"29-06-2026 18:20:31","1010","Information","Microsoft-Windows-Kernel-PnP","Device INTELAUDIO\SGPC_FUNC_01&VEN_8086&DEV_281D&SUBSYS_80860101&REV_1000\5&32640736&1&0201DIF_000B&UIF_0000 has been surprise removed as it is reported as missing on the bus.
Count of devices removed: 3"
"29-06-2026 17:02:49","1010","Information","Microsoft-Windows-Kernel-PnP","Device DISPLAY\DELA1B9\4&20b8d095&0&UID8263 has been surprise removed as it is reported as missing on the bus.
Count of devices removed: 1"
"29-06-2026 17:02:32","1010","Information","Microsoft-Windows-Kernel-PnP","Device USB\VID_0424&PID_7206\5&266331bc&0&4 has been surprise removed as it is reported as missing on the bus.
Count of devices removed: 3"
"29-06-2026 17:02:29","1010","Information","Microsoft-Windows-Kernel-PnP","Device USB\VID_0424&PID_4206\5&2dc84fba&0&1 has been surprise removed as it is reported as missing on the bus.
Count of devices removed: 7"
"29-06-2026 17:02:27","1010","Information","Microsoft-Windows-Kernel-PnP","Device USB\VID_047F&PID_C058\EBFF498BA439F1488A177C405ACDFDF0 has been surprise removed as it is reported as missing on the bus.
Count of devices removed: 8"
"29-06-2026 17:00:01","1010","Information","Microsoft-Windows-Kernel-PnP","Device INTELAUDIO\SGPC_FUNC_01&VEN_8086&DEV_281D&SUBSYS_80860101&REV_1000\5&32640736&1&0201DIF_000B&UIF_0000 has been surprise removed as it is reported as missing on the bus.
Count of devices removed: 3"
"29-06-2026 16:53:18","1010","Information","Microsoft-Windows-Kernel-PnP","Device DISPLAY\DELA1B9\4&20b8d095&0&UID8263 has been surprise removed as it is reported as missing on the bus.
Count of devices removed: 1"
"29-06-2026 16:40:12","1010","Information","Microsoft-Windows-Kernel-PnP","Device INTELAUDIO\SGPC_FUNC_01&VEN_8086&DEV_281D&SUBSYS_80860101&REV_1000\5&32640736&1&0201DIF_000B&UIF_0000 has been surprise removed as it is reported as missing on the bus.
Count of devices removed: 3"
"29-06-2026 16:39:47","1010","Information","Microsoft-Windows-Kernel-PnP","Device DISPLAY\DELA1B9\4&20b8d095&0&UID8263 has been surprise removed as it is reported as missing on the bus.
Count of devices removed: 1"
"29-06-2026 16:38:55","1010","Information","Microsoft-Windows-Kernel-PnP","Device INTELAUDIO\SGPC_FUNC_01&VEN_8086&DEV_281D&SUBSYS_80860101&REV_1000\5&32640736&1&0201DIF_000B&UIF_0000 has been surprise removed as it is reported as missing on the bus.
Count of devices removed: 3"
"29-06-2026 16:38:01","1010","Information","Microsoft-Windows-Kernel-PnP","Device DISPLAY\DELA1B9\4&20b8d095&0&UID8263 has been surprise removed as it is reported as missing on the bus.
Count of devices removed: 1"
"29-06-2026 16:32:36","1010","Information","Microsoft-Windows-Kernel-PnP","Device INTELAUDIO\SGPC_FUNC_01&VEN_8086&DEV_281D&SUBSYS_80860101&REV_1000\5&32640736&1&0201DIF_000B&UIF_0000 has been surprise removed as it is reported as missing on the bus.
Count of devices removed: 3"
"29-06-2026 16:32:10","1010","Information","Microsoft-Windows-Kernel-PnP","Device DISPLAY\DELA1B9\4&20b8d095&0&UID8263 has been surprise removed as it is reported as missing on the bus.
Count of devices removed: 1"
"29-06-2026 16:31:58","1010","Information","Microsoft-Windows-Kernel-PnP","Device INTELAUDIO\SGPC_FUNC_01&VEN_8086&DEV_281D&SUBSYS_80860101&REV_1000\5&32640736&1&0201DIF_000B&UIF_0000 has been surprise removed as it is reported as missing on the bus.
Count of devices removed: 3"
"29-06-2026 16:26:05","1010","Information","Microsoft-Windows-Kernel-PnP","Device DISPLAY\DELA1B9\4&20b8d095&0&UID8263 has been surprise removed as it is reported as missing on the bus.
Count of devices removed: 1"
"29-06-2026 16:22:28","1010","Information","Microsoft-Windows-Kernel-PnP","Device INTELAUDIO\SGPC_FUNC_01&VEN_8086&DEV_281D&SUBSYS_80860101&REV_1000\5&32640736&1&0201DIF_000B&UIF_0000 has been surprise removed as it is reported as missing on the bus.
Count of devices removed: 3"
"29-06-2026 16:21:58","1010","Information","Microsoft-Windows-Kernel-PnP","Device DISPLAY\DELA1B9\4&20b8d095&0&UID8263 has been surprise removed as it is reported as missing on the bus.
Count of devices removed: 1"
"29-06-2026 16:19:24","1010","Information","Microsoft-Windows-Kernel-PnP","Device INTELAUDIO\SGPC_FUNC_01&VEN_8086&DEV_281D&SUBSYS_80860101&REV_1000\5&32640736&1&0201DIF_000B&UIF_0000 has been surprise removed as it is reported as missing on the bus.
Count of devices removed: 3"
"29-06-2026 15:08:21","1010","Information","Microsoft-Windows-Kernel-PnP","Device DISPLAY\DELA1B9\4&20b8d095&0&UID8263 has been surprise removed as it is reported as missing on the bus.
Count of devices removed: 1"
"29-06-2026 15:07:43","1010","Information","Microsoft-Windows-Kernel-PnP","Device INTELAUDIO\SGPC_FUNC_01&VEN_8086&DEV_281D&SUBSYS_80860101&REV_1000\5&32640736&1&0201DIF_000B&UIF_0000 has been surprise removed as it is reported as missing on the bus.
Count of devices removed: 3"
"29-06-2026 15:07:15","1010","Information","Microsoft-Windows-Kernel-PnP","Device DISPLAY\DELA1B9\4&20b8d095&0&UID8263 has been surprise removed as it is reported as missing on the bus.
Count of devices removed: 1"
"29-06-2026 15:03:53","1010","Information","Microsoft-Windows-Kernel-PnP","Device INTELAUDIO\SGPC_FUNC_01&VEN_8086&DEV_281D&SUBSYS_80860101&REV_1000\5&32640736&1&0201DIF_000B&UIF_0000 has been surprise removed as it is reported as missing on the bus.
Count of devices removed: 3"
"29-06-2026 14:12:25","1010","Information","Microsoft-Windows-Kernel-PnP","Device DISPLAY\DELA1B9\4&20b8d095&0&UID8263 has been surprise removed as it is reported as missing on the bus.
Count of devices removed: 1"
"29-06-2026 14:11:24","1010","Information","Microsoft-Windows-Kernel-PnP","Device INTELAUDIO\SGPC_FUNC_01&VEN_8086&DEV_281D&SUBSYS_80860101&REV_1000\5&32640736&1&0201DIF_000B&UIF_0000 has been surprise removed as it is reported as missing on the bus.
Count of devices removed: 3"
"29-06-2026 14:05:53","1010","Information","Microsoft-Windows-Kernel-PnP","Device DISPLAY\DELA1B9\4&20b8d095&0&UID8263 has been surprise removed as it is reported as missing on the bus.
Count of devices removed: 1"
"29-06-2026 14:04:03","1010","Information","Microsoft-Windows-Kernel-PnP","Device INTELAUDIO\SGPC_FUNC_01&VEN_8086&DEV_281D&SUBSYS_80860101&REV_1000\5&32640736&1&0201DIF_000B&UIF_0000 has been surprise removed as it is reported as missing on the bus.
Count of devices removed: 3"
"29-06-2026 13:57:47","1010","Information","Microsoft-Windows-Kernel-PnP","Device DISPLAY\DELA1B9\4&20b8d095&0&UID8263 has been surprise removed as it is reported as missing on the bus.
Count of devices removed: 1"
"29-06-2026 13:33:05","1010","Information","Microsoft-Windows-Kernel-PnP","Device INTELAUDIO\SGPC_FUNC_01&VEN_8086&DEV_281D&SUBSYS_80860101&REV_1000\5&32640736&1&0201DIF_000B&UIF_0000 has been surprise removed as it is reported as missing on the bus.
Count of devices removed: 3"
"29-06-2026 13:02:02","1010","Information","Microsoft-Windows-Kernel-PnP","Device DISPLAY\DELA1B9\4&20b8d095&0&UID8263 has been surprise removed as it is reported as missing on the bus.
Count of devices removed: 1"
"29-06-2026 13:01:57","1010","Information","Microsoft-Windows-Kernel-PnP","Device INTELAUDIO\SGPC_FUNC_01&VEN_8086&DEV_281D&SUBSYS_80860101&REV_1000\5&32640736&1&0201DIF_000B&UIF_0000 has been surprise removed as it is reported as missing on the bus.
Count of devices removed: 3"
"29-06-2026 11:43:10","1010","Information","Microsoft-Windows-Kernel-PnP","Device DISPLAY\DELA1B9\4&20b8d095&0&UID8263 has been surprise removed as it is reported as missing on the bus.
Count of devices removed: 1"
"29-06-2026 11:28:53","1010","Information","Microsoft-Windows-Kernel-PnP","Device INTELAUDIO\SGPC_FUNC_01&VEN_8086&DEV_281D&SUBSYS_80860101&REV_1000\5&32640736&1&0201DIF_000B&UIF_0000 has been surprise removed as it is reported as missing on the bus.
Count of devices removed: 3"
"29-06-2026 10:28:32","1010","Information","Microsoft-Windows-Kernel-PnP","Device INTELAUDIO\SGPC_FUNC_01&VEN_8086&DEV_281D&SUBSYS_80860101&REV_1000\5&32640736&1&0201DIF_000B&UIF_0000 has been surprise removed as it is reported as missing on the bus.
Count of devices removed: 2"
"29-06-2026 10:28:32","1010","Information","Microsoft-Windows-Kernel-PnP","Device USB\VID_0424&PID_4206\5&2dc84fba&0&1 has been surprise removed as it is reported as missing on the bus.
Count of devices removed: 1"
"29-06-2026 10:28:28","1010","Information","Microsoft-Windows-Kernel-PnP","Device DISPLAY\DELA1B9\4&20b8d095&0&UID8263 has been surprise removed as it is reported as missing on the bus.
Count of devices removed: 1"
"29-06-2026 10:27:24","1010","Information","Microsoft-Windows-Kernel-PnP","Device USB\VID_0424&PID_7206\5&266331bc&0&5 has been surprise removed as it is reported as missing on the bus.
Count of devices removed: 3"
"29-06-2026 10:27:24","1010","Information","Microsoft-Windows-Kernel-PnP","Device DISPLAY\MS_0001\4&20b8d095&0&UID24648 has been surprise removed as it is reported as missing on the bus.
Count of devices removed: 1"
"29-06-2026 10:27:21","1010","Information","Microsoft-Windows-Kernel-PnP","Device USB\VID_0424&PID_4206\5&2dc84fba&0&2 has been surprise removed as it is reported as missing on the bus.
Count of devices removed: 7"
"29-06-2026 10:26:57","1010","Information","Microsoft-Windows-Kernel-PnP","Device USB\VID_0424&PID_7206\5&266331bc&0&5 has been surprise removed as it is reported as missing on the bus.
Count of devices removed: 3"
"29-06-2026 10:26:55","1010","Information","Microsoft-Windows-Kernel-PnP","Device USB\VID_0424&PID_4206\5&2dc84fba&0&2 has been surprise removed as it is reported as missing on the bus.
Count of devices removed: 7"
"29-06-2026 10:26:20","1010","Information","Microsoft-Windows-Kernel-PnP","Device USB\VID_0424&PID_7206\5&266331bc&0&5 has been surprise removed as it is reported as missing on the bus.
Count of devices removed: 3"
"29-06-2026 10:26:17","1010","Information","Microsoft-Windows-Kernel-PnP","Device USB\VID_0424&PID_4206\5&2dc84fba&0&2 has been surprise removed as it is reported as missing on the bus.
Count of devices removed: 7"
"29-06-2026 10:26:01","1010","Information","Microsoft-Windows-Kernel-PnP","Device USB\VID_0424&PID_7206\5&266331bc&0&4 has been surprise removed as it is reported as missing on the bus.
Count of devices removed: 3"
"29-06-2026 10:25:59","1010","Information","Microsoft-Windows-Kernel-PnP","Device USB\VID_0424&PID_4206\5&2dc84fba&0&1 has been surprise removed as it is reported as missing on the bus.
Count of devices removed: 7"
"29-06-2026 10:25:12","1010","Information","Microsoft-Windows-Kernel-PnP","Device USB\VID_0424&PID_7206\5&266331bc&0&4 has been surprise removed as it is reported as missing on the bus.
Count of devices removed: 3"
"29-06-2026 10:25:10","1010","Information","Microsoft-Windows-Kernel-PnP","Device USB\VID_0424&PID_4206\5&2dc84fba&0&1 has been surprise removed as it is reported as missing on the bus.
Count of devices removed: 7"
"29-06-2026 10:24:12","1010","Information","Microsoft-Windows-Kernel-PnP","Device ACPI\DLL0CE8\4&a107c53&0 has been surprise removed as it is reported as missing on the bus.
Count of devices removed: 1"
"29-06-2026 10:24:12","1010","Information","Microsoft-Windows-Kernel-PnP","Device ACPI\PNP0C0C\2&daba3ff&0 has been surprise removed as it is reported as missing on the bus.
Count of devices removed: 1"
"29-06-2026 10:12:34","1010","Information","Microsoft-Windows-Kernel-PnP","Device USB\VID_FFFF&PID_BACE&REV_0002\1 has been surprise removed as it is reported as missing on the bus.
Count of devices removed: 7"
"29-06-2026 10:12:34","1010","Information","Microsoft-Windows-Kernel-PnP","Device SWD\MSDAS\{ce958e9a-424f-4c88-86f4-11314821e75a} has been surprise removed as it is reported as missing on the bus.
Count of devices removed: 1"
"29-06-2026 10:12:34","1010","Information","Microsoft-Windows-Kernel-PnP","Device UMB\UMB\1&841921d&0&TERMINPUT_BUS has been surprise removed as it is reported as missing on the bus.
Count of devices removed: 1"
"29-06-2026 10:12:33","1010","Information","Microsoft-Windows-Kernel-PnP","Device SWD\MSRRAS\{5e259276-bc7e-40e3-b93b-8f89b5f3abc0} has been surprise removed as it is reported as missing on the bus.
Count of devices removed: 8"
"29-06-2026 10:12:33","1010","Information","Microsoft-Windows-Kernel-PnP","Device SWD\MSRRAS\MS_SSTPMINIPORT has been surprise removed as it is reported as missing on the bus.
Count of devices removed: 1"
"29-06-2026 10:07:25","1010","Information","Microsoft-Windows-Kernel-PnP","Device USB\VID_0424&PID_4206\5&2dc84fba&0&1 has been surprise removed as it is reported as missing on the bus.
Count of devices removed: 7"
"29-06-2026 09:47:56","1010","Information","Microsoft-Windows-Kernel-PnP","Device USB\VID_0424&PID_7206\5&266331bc&0&4 has been surprise removed as it is reported as missing on the bus.
Count of devices removed: 3"
"29-06-2026 09:47:53","1010","Information","Microsoft-Windows-Kernel-PnP","Device USB\VID_0424&PID_4206\5&2dc84fba&0&1 has been surprise removed as it is reported as missing on the bus.
Count of devices removed: 7"
"29-06-2026 09:47:33","1010","Information","Microsoft-Windows-Kernel-PnP","Device USB\VID_0424&PID_4206\5&2dc84fba&0&1 has been surprise removed as it is reported as missing on the bus.
Count of devices removed: 6"
"29-06-2026 09:47:29","1010","Information","Microsoft-Windows-Kernel-PnP","Device USB\VID_0424&PID_7206\5&266331bc&0&4 has been surprise removed as it is reported as missing on the bus.
Count of devices removed: 3"
"29-06-2026 09:47:29","1010","Information","Microsoft-Windows-Kernel-PnP","Device USB\VID_0424&PID_7240\7&a758d7d&0&4 has been surprise removed as it is reported as missing on the bus.
Count of devices removed: 1"
"29-06-2026 09:47:02","1010","Information","Microsoft-Windows-Kernel-PnP","Device USB\VID_0424&PID_4206\5&2dc84fba&0&1 has been surprise removed as it is reported as missing on the bus.
Count of devices removed: 1"
"29-06-2026 09:46:59","1010","Information","Microsoft-Windows-Kernel-PnP","Device USB\VID_0424&PID_4216\6&27c8c08e&0&4 has been surprise removed as it is reported as missing on the bus.
Count of devices removed: 2"
"29-06-2026 09:46:59","1010","Information","Microsoft-Windows-Kernel-PnP","Device USB\VID_0424&PID_7260\6&27c8c08e&0&5 has been surprise removed as it is reported as missing on the bus.
Count of devices removed: 4"
"29-06-2026 09:02:23","1010","Information","Microsoft-Windows-Kernel-PnP","Device ACPI\DLL0CE8\4&a107c53&0 has been surprise removed as it is reported as missing on the bus.
Count of devices removed: 1"
"29-06-2026 09:02:22","1010","Information","Microsoft-Windows-Kernel-PnP","Device ACPI\PNP0C0C\2&daba3ff&0 has been surprise removed as it is reported as missing on the bus.
Count of devices removed: 1"
"26-06-2026 18:24:28","1010","Information","Microsoft-Windows-Kernel-PnP","Device USB\VID_413C&PID_2514\5&2dc84fba&0&6 has been surprise removed as it is reported as missing on the bus.
Count of devices removed: 11"
"26-06-2026 17:54:47","1010","Information","Microsoft-Windows-Kernel-PnP","Device INTELAUDIO\SGPC_FUNC_01&VEN_8086&DEV_281D&SUBSYS_80860101&REV_1000\5&32640736&1&0201DIF_000B&UIF_0000 has been surprise removed as it is reported as missing on the bus.
Count of devices removed: 3"
"26-06-2026 17:41:14","1010","Information","Microsoft-Windows-Kernel-PnP","Device DISPLAY\DELA1B9\4&20b8d095&0&UID8263 has been surprise removed as it is reported as missing on the bus.
Count of devices removed: 1"
"26-06-2026 17:40:22","1010","Information","Microsoft-Windows-Kernel-PnP","Device INTELAUDIO\SGPC_FUNC_01&VEN_8086&DEV_281D&SUBSYS_80860101&REV_1000\5&32640736&1&0201DIF_000B&UIF_0000 has been surprise removed as it is reported as missing on the bus.
Count of devices removed: 3"
"26-06-2026 17:20:25","1010","Information","Microsoft-Windows-Kernel-PnP","Device INTELAUDIO\SGPC_FUNC_01&VEN_8086&DEV_281D&SUBSYS_80860101&REV_1000\5&32640736&1&0201DIF_000B&UIF_0000 has been surprise removed as it is reported as missing on the bus.
Count of devices removed: 3"
"26-06-2026 17:10:10","1010","Information","Microsoft-Windows-Kernel-PnP","Device USB\VID_047F&PID_C058\EBFF498BA439F1488A177C405ACDFDF0 has been surprise removed as it is reported as missing on the bus.
Count of devices removed: 8"
"26-06-2026 16:58:48","1010","Information","Microsoft-Windows-Kernel-PnP","Device USB\VID_1203&PID_0272\000001 has been surprise removed as it is reported as missing on the bus.
Count of devices removed: 3"
"26-06-2026 16:46:10","1010","Information","Microsoft-Windows-Kernel-PnP","Device DISPLAY\DELA1B9\4&20b8d095&0&UID8263 has been surprise removed as it is reported as missing on the bus.
Count of devices removed: 1"
"26-06-2026 16:46:01","1010","Information","Microsoft-Windows-Kernel-PnP","Device USB\VID_047F&PID_C058\EBFF498BA439F1488A177C405ACDFDF0 has been surprise removed as it is reported as missing on the bus.
Count of devices removed: 8"
"26-06-2026 16:45:14","1010","Information","Microsoft-Windows-Kernel-PnP","Device INTELAUDIO\SGPC_FUNC_01&VEN_8086&DEV_281D&SUBSYS_80860101&REV_1000\5&32640736&1&0201DIF_000B&UIF_0000 has been surprise removed as it is reported as missing on the bus.
Count of devices removed: 3"
"26-06-2026 15:58:43","1010","Information","Microsoft-Windows-Kernel-PnP","Device DISPLAY\DELA1B9\4&20b8d095&0&UID8263 has been surprise removed as it is reported as missing on the bus.
Count of devices removed: 1"
"26-06-2026 15:27:54","1041","Information","Microsoft-Windows-Kernel-PnP","Device USB\VID_0424&PID_7260\6&27c8c08e&0&5 has completed a platform-level device reset.

Status: 0
Veto type: 0
Vetoed By: "
"26-06-2026 15:27:54","1011","Warning","Microsoft-Windows-Kernel-PnP","Device USB\VID_0424&PID_7260\6&27c8c08e&0&5 has been surprise removed as it was reported to be failing.
Count of devices removed: 4"
"26-06-2026 15:27:54","1041","Information","Microsoft-Windows-Kernel-PnP","Device USB\VID_0424&PID_7240\7&a758d7d&0&4 has completed a platform-level device reset.

Status: 0
Veto type: 0
Vetoed By: "
"26-06-2026 15:27:54","1011","Warning","Microsoft-Windows-Kernel-PnP","Device USB\VID_0424&PID_7240\7&a758d7d&0&4 has been surprise removed as it was reported to be failing.
Count of devices removed: 1"
"26-06-2026 15:27:54","1040","Information","Microsoft-Windows-Kernel-PnP","Device USB\VID_0424&PID_7260\6&27c8c08e&0&5 has requested a platform-level device reset.

Flags: 0"
"26-06-2026 15:27:54","1040","Information","Microsoft-Windows-Kernel-PnP","Device USB\VID_0424&PID_7240\7&a758d7d&0&4 has requested a platform-level device reset.

Flags: 0"
"26-06-2026 14:27:13","1010","Information","Microsoft-Windows-Kernel-PnP","Device INTELAUDIO\SGPC_FUNC_01&VEN_8086&DEV_281D&SUBSYS_80860101&REV_1000\5&32640736&1&0201DIF_000B&UIF_0000 has been surprise removed as it is reported as missing on the bus.
Count of devices removed: 3"
"26-06-2026 13:54:43","1010","Information","Microsoft-Windows-Kernel-PnP","Device DISPLAY\DELA1B9\4&20b8d095&0&UID8263 has been surprise removed as it is reported as missing on the bus.
Count of devices removed: 1"
"26-06-2026 13:18:23","1010","Information","Microsoft-Windows-Kernel-PnP","Device INTELAUDIO\SGPC_FUNC_01&VEN_8086&DEV_281D&SUBSYS_80860101&REV_1000\5&32640736&1&0201DIF_000B&UIF_0000 has been surprise removed as it is reported as missing on the bus.
Count of devices removed: 3"
"26-06-2026 13:14:34","1010","Information","Microsoft-Windows-Kernel-PnP","Device DISPLAY\DELA1B9\4&20b8d095&0&UID8263 has been surprise removed as it is reported as missing on the bus.
Count of devices removed: 1"
"26-06-2026 13:09:43","1010","Information","Microsoft-Windows-Kernel-PnP","Device INTELAUDIO\SGPC_FUNC_01&VEN_8086&DEV_281D&SUBSYS_80860101&REV_1000\5&32640736&1&0201DIF_000B&UIF_0000 has been surprise removed as it is reported as missing on the bus.
Count of devices removed: 3"
"26-06-2026 12:29:16","1010","Information","Microsoft-Windows-Kernel-PnP","Device DISPLAY\DELA1B9\4&20b8d095&0&UID8263 has been surprise removed as it is reported as missing on the bus.
Count of devices removed: 1"
"26-06-2026 12:02:48","1010","Information","Microsoft-Windows-Kernel-PnP","Device INTELAUDIO\SGPC_FUNC_01&VEN_8086&DEV_281D&SUBSYS_80860101&REV_1000\5&32640736&1&0201DIF_000B&UIF_0000 has been surprise removed as it is reported as missing on the bus.
Count of devices removed: 3"
"26-06-2026 11:52:57","1010","Information","Microsoft-Windows-Kernel-PnP","Device DISPLAY\DELA1B9\4&20b8d095&0&UID8263 has been surprise removed as it is reported as missing on the bus.
Count of devices removed: 1"
"26-06-2026 11:49:33","1041","Information","Microsoft-Windows-Kernel-PnP","Device USB\VID_0424&PID_7260\6&27c8c08e&0&5 has completed a platform-level device reset.

Status: 0
Veto type: 0
Vetoed By: "
"26-06-2026 11:49:33","1011","Warning","Microsoft-Windows-Kernel-PnP","Device USB\VID_0424&PID_7260\6&27c8c08e&0&5 has been surprise removed as it was reported to be failing.
Count of devices removed: 4"
"26-06-2026 11:49:33","1041","Information","Microsoft-Windows-Kernel-PnP","Device USB\VID_0424&PID_7240\7&a758d7d&0&4 has completed a platform-level device reset.

Status: 0
Veto type: 0
Vetoed By: "
"26-06-2026 11:49:33","1011","Warning","Microsoft-Windows-Kernel-PnP","Device USB\VID_0424&PID_7240\7&a758d7d&0&4 has been surprise removed as it was reported to be failing.
Count of devices removed: 1"
"26-06-2026 11:49:33","1040","Information","Microsoft-Windows-Kernel-PnP","Device USB\VID_0424&PID_7260\6&27c8c08e&0&5 has requested a platform-level device reset.

Flags: 0"
"26-06-2026 11:49:33","1040","Information","Microsoft-Windows-Kernel-PnP","Device USB\VID_0424&PID_7240\7&a758d7d&0&4 has requested a platform-level device reset.

Flags: 0"
"26-06-2026 10:49:06","1010","Information","Microsoft-Windows-Kernel-PnP","Device INTELAUDIO\SGPC_FUNC_01&VEN_8086&DEV_281D&SUBSYS_80860101&REV_1000\5&32640736&1&0201DIF_000B&UIF_0000 has been surprise removed as it is reported as missing on the bus.
Count of devices removed: 3"
"26-06-2026 10:31:30","1010","Information","Microsoft-Windows-Kernel-PnP","Device DISPLAY\DELA1B9\4&20b8d095&0&UID8263 has been surprise removed as it is reported as missing on the bus.
Count of devices removed: 1"
"26-06-2026 10:30:20","1010","Information","Microsoft-Windows-Kernel-PnP","Device INTELAUDIO\SGPC_FUNC_01&VEN_8086&DEV_281D&SUBSYS_80860101&REV_1000\5&32640736&1&0201DIF_000B&UIF_0000 has been surprise removed as it is reported as missing on the bus.
Count of devices removed: 3"
"26-06-2026 10:00:05","1010","Information","Microsoft-Windows-Kernel-PnP","Device DISPLAY\DELA1B9\4&20b8d095&0&UID8263 has been surprise removed as it is reported as missing on the bus.
Count of devices removed: 1"
"26-06-2026 09:56:18","1010","Information","Microsoft-Windows-Kernel-PnP","Device INTELAUDIO\SGPC_FUNC_01&VEN_8086&DEV_281D&SUBSYS_80860101&REV_1000\5&32640736&1&0201DIF_000B&UIF_0000 has been surprise removed as it is reported as missing on the bus.
Count of devices removed: 3"
"25-06-2026 17:32:24","1010","Information","Microsoft-Windows-Kernel-PnP","Device DISPLAY\HWP3183\4&20b8d095&0&UID24648 has been surprise removed as it is reported as missing on the bus.
Count of devices removed: 1"
"25-06-2026 17:31:57","1010","Information","Microsoft-Windows-Kernel-PnP","Device USB\VID_047F&PID_C058\EBFF498BA439F1488A177C405ACDFDF0 has been surprise removed as it is reported as missing on the bus.
Count of devices removed: 8"
"25-06-2026 17:31:56","1010","Information","Microsoft-Windows-Kernel-PnP","Device USB\VID_1D5C&PID_5500\5&266331bc&0&5 has been surprise removed as it is reported as missing on the bus.
Count of devices removed: 2"
"25-06-2026 17:31:54","1010","Information","Microsoft-Windows-Kernel-PnP","Device USB\VID_1D5C&PID_5510\5&2dc84fba&0&2 has been surprise removed as it is reported as missing on the bus.
Count of devices removed: 13"
"25-06-2026 17:21:56","1010","Information","Microsoft-Windows-Kernel-PnP","Device DISPLAY\HWP3183\4&20b8d095&0&UID24648 has been surprise removed as it is reported as missing on the bus.
Count of devices removed: 1"
"25-06-2026 17:14:23","1010","Information","Microsoft-Windows-Kernel-PnP","Device DISPLAY\HWP3183\4&20b8d095&0&UID24648 has been surprise removed as it is reported as missing on the bus.
Count of devices removed: 1"
"25-06-2026 17:10:41","1010","Information","Microsoft-Windows-Kernel-PnP","Device DISPLAY\HWP3183\4&20b8d095&0&UID24648 has been surprise removed as it is reported as missing on the bus.
Count of devices removed: 1"
"25-06-2026 17:04:33","1010","Information","Microsoft-Windows-Kernel-PnP","Device DISPLAY\HWP3183\4&20b8d095&0&UID24648 has been surprise removed as it is reported as missing on the bus.
Count of devices removed: 1"
"25-06-2026 17:01:25","1010","Information","Microsoft-Windows-Kernel-PnP","Device DISPLAY\HWP3183\4&20b8d095&0&UID24648 has been surprise removed as it is reported as missing on the bus.
Count of devices removed: 1"
"25-06-2026 16:57:29","1010","Information","Microsoft-Windows-Kernel-PnP","Device DISPLAY\HWP3183\4&20b8d095&0&UID24648 has been surprise removed as it is reported as missing on the bus.
Count of devices removed: 1"
"25-06-2026 16:45:36","1010","Information","Microsoft-Windows-Kernel-PnP","Device DISPLAY\HWP3183\4&20b8d095&0&UID24648 has been surprise removed as it is reported as missing on the bus.
Count of devices removed: 1"
"25-06-2026 16:20:54","1010","Information","Microsoft-Windows-Kernel-PnP","Device DISPLAY\HWP3183\4&20b8d095&0&UID24648 has been surprise removed as it is reported as missing on the bus.
Count of devices removed: 1"
"25-06-2026 16:04:56","1010","Information","Microsoft-Windows-Kernel-PnP","Device DISPLAY\HWP3183\4&20b8d095&0&UID24648 has been surprise removed as it is reported as missing on the bus.
Count of devices removed: 1"
"25-06-2026 15:09:16","1010","Information","Microsoft-Windows-Kernel-PnP","Device DISPLAY\HWP3183\4&20b8d095&0&UID24648 has been surprise removed as it is reported as missing on the bus.
Count of devices removed: 1"
"25-06-2026 14:02:36","1010","Information","Microsoft-Windows-Kernel-PnP","Device DISPLAY\HWP3183\4&20b8d095&0&UID24648 has been surprise removed as it is reported as missing on the bus.
Count of devices removed: 1"
"25-06-2026 13:53:59","1010","Information","Microsoft-Windows-Kernel-PnP","Device DISPLAY\HWP3183\4&20b8d095&0&UID24648 has been surprise removed as it is reported as missing on the bus.
Count of devices removed: 1"
"25-06-2026 13:23:09","1010","Information","Microsoft-Windows-Kernel-PnP","Device DISPLAY\HWP3183\4&20b8d095&0&UID24648 has been surprise removed as it is reported as missing on the bus.
Count of devices removed: 1"
"25-06-2026 12:52:43","1010","Information","Microsoft-Windows-Kernel-PnP","Device DISPLAY\HWP3183\4&20b8d095&0&UID24648 has been surprise removed as it is reported as missing on the bus.
Count of devices removed: 1"
"25-06-2026 10:29:17","1010","Information","Microsoft-Windows-Kernel-PnP","Device DISPLAY\HWP3183\4&20b8d095&0&UID24648 has been surprise removed as it is reported as missing on the bus.
Count of devices removed: 1"
"25-06-2026 09:35:56","1010","Information","Microsoft-Windows-Kernel-PnP","Device ACPI\DLL0CE8\4&a107c53&0 has been surprise removed as it is reported as missing on the bus.
Count of devices removed: 1"
"25-06-2026 09:35:55","1010","Information","Microsoft-Windows-Kernel-PnP","Device ACPI\PNP0C0C\2&daba3ff&0 has been surprise removed as it is reported as missing on the bus.
Count of devices removed: 1"
"25-06-2026 09:35:25","1010","Information","Microsoft-Windows-Kernel-PnP","Device USB\VID_FFFF&PID_BACE&REV_0002\1 has been surprise removed as it is reported as missing on the bus.
Count of devices removed: 7"
"25-06-2026 09:35:25","1010","Information","Microsoft-Windows-Kernel-PnP","Device UMB\UMB\1&841921d&0&TERMINPUT_BUS has been surprise removed as it is reported as missing on the bus.
Count of devices removed: 1"
"25-06-2026 09:35:25","1010","Information","Microsoft-Windows-Kernel-PnP","Device SWD\MSDAS\{ce958e9a-424f-4c88-86f4-11314821e75a} has been surprise removed as it is reported as missing on the bus.
Count of devices removed: 1"
"25-06-2026 09:35:24","1010","Information","Microsoft-Windows-Kernel-PnP","Device SWD\MSRRAS\{5e259276-bc7e-40e3-b93b-8f89b5f3abc0} has been surprise removed as it is reported as missing on the bus.
Count of devices removed: 8"
"25-06-2026 09:35:24","1010","Information","Microsoft-Windows-Kernel-PnP","Device SWD\MSRRAS\MS_SSTPMINIPORT has been surprise removed as it is reported as missing on the bus.
Count of devices removed: 1"
"24-06-2026 19:05:00","1010","Information","Microsoft-Windows-Kernel-PnP","Device USB\VID_047F&PID_C058\EBFF498BA439F1488A177C405ACDFDF0 has been surprise removed as it is reported as missing on the bus.
Count of devices removed: 8"
"24-06-2026 19:04:57","1010","Information","Microsoft-Windows-Kernel-PnP","Device USB\VID_1D5C&PID_5500\5&266331bc&0&4 has been surprise removed as it is reported as missing on the bus.
Count of devices removed: 2"
"24-06-2026 19:04:57","1010","Information","Microsoft-Windows-Kernel-PnP","Device DISPLAY\HWP3183\4&20b8d095&0&UID8263 has been surprise removed as it is reported as missing on the bus.
Count of devices removed: 1"
"24-06-2026 19:04:54","1010","Information","Microsoft-Windows-Kernel-PnP","Device USB\VID_1D5C&PID_5510\5&2dc84fba&0&1 has been surprise removed as it is reported as missing on the bus.
Count of devices removed: 4"
"24-06-2026 19:04:52","1010","Information","Microsoft-Windows-Kernel-PnP","Device USB\VID_046D&PID_C534\6&196302d4&0&2 has been surprise removed as it is reported as missing on the bus.
Count of devices removed: 9"
"24-06-2026 19:04:37","1010","Information","Microsoft-Windows-Kernel-PnP","Device DISPLAY\HWP3183\4&20b8d095&0&UID8263 has been surprise removed as it is reported as missing on the bus.
Count of devices removed: 1"
"24-06-2026 17:48:33","1010","Information","Microsoft-Windows-Kernel-PnP","Device DISPLAY\HWP3183\4&20b8d095&0&UID8263 has been surprise removed as it is reported as missing on the bus.
Count of devices removed: 1"
"24-06-2026 17:46:22","1010","Information","Microsoft-Windows-Kernel-PnP","Device DISPLAY\HWP3183\4&20b8d095&0&UID8263 has been surprise removed as it is reported as missing on the bus.
Count of devices removed: 1"
"24-06-2026 17:36:34","1010","Information","Microsoft-Windows-Kernel-PnP","Device DISPLAY\HWP3183\4&20b8d095&0&UID8263 has been surprise removed as it is reported as missing on the bus.
Count of devices removed: 1"
"24-06-2026 17:07:30","1010","Information","Microsoft-Windows-Kernel-PnP","Device DISPLAY\HWP3183\4&20b8d095&0&UID8263 has been surprise removed as it is reported as missing on the bus.
Count of devices removed: 1"
"24-06-2026 15:27:30","1010","Information","Microsoft-Windows-Kernel-PnP","Device USB\VID_046D&PID_C534\6&196302d4&0&3 has been surprise removed as it is reported as missing on the bus.
Count of devices removed: 9"
"24-06-2026 14:19:57","1010","Information","Microsoft-Windows-Kernel-PnP","Device USB\VID_0424&PID_4206\5&2dc84fba&0&1 has been surprise removed as it is reported as missing on the bus.
Count of devices removed: 1"
"24-06-2026 14:19:56","1010","Information","Microsoft-Windows-Kernel-PnP","Device USB\VID_413C&PID_2514\5&2dc84fba&0&6 has been surprise removed as it is reported as missing on the bus.
Count of devices removed: 11"
"24-06-2026 14:19:55","1010","Information","Microsoft-Windows-Kernel-PnP","Device USB\VID_0424&PID_7206\5&266331bc&0&4 has been surprise removed as it is reported as missing on the bus.
Count of devices removed: 3"
"24-06-2026 14:19:55","1010","Information","Microsoft-Windows-Kernel-PnP","Device DISPLAY\DELA1B9\4&20b8d095&0&UID8263 has been surprise removed as it is reported as missing on the bus.
Count of devices removed: 1"
"24-06-2026 14:19:53","1010","Information","Microsoft-Windows-Kernel-PnP","Device USB\VID_0424&PID_7260\6&27c8c08e&0&5 has been surprise removed as it is reported as missing on the bus.
Count of devices removed: 4"
"24-06-2026 14:19:51","1010","Information","Microsoft-Windows-Kernel-PnP","Device USB\VID_0424&PID_4216\6&27c8c08e&0&4 has been surprise removed as it is reported as missing on the bus.
Count of devices removed: 2"
"24-06-2026 13:32:28","1010","Information","Microsoft-Windows-Kernel-PnP","Device INTELAUDIO\SGPC_FUNC_01&VEN_8086&DEV_281D&SUBSYS_80860101&REV_1000\5&32640736&1&0201DIF_000B&UIF_0000 has been surprise removed as it is reported as missing on the bus.
Count of devices removed: 3"
"24-06-2026 13:12:41","1010","Information","Microsoft-Windows-Kernel-PnP","Device USB\VID_1203&PID_0272\000001 has been surprise removed as it is reported as missing on the bus.
Count of devices removed: 3"
"23-06-2026 14:59:36","1010","Information","Microsoft-Windows-Kernel-PnP","Device USB\VID_413C&PID_2514\5&2dc84fba&0&6 has been surprise removed as it is reported as missing on the bus.
Count of devices removed: 11"
"23-06-2026 12:16:09","1010","Information","Microsoft-Windows-Kernel-PnP","Device SWD\RADIO\{556D9BDF-D387-4AB9-BE4C-A7E220FAF218} has been surprise removed as it is reported as missing on the bus.
Count of devices removed: 1"
"23-06-2026 12:07:35","1010","Information","Microsoft-Windows-Kernel-PnP","Device USB\VID_047F&PID_C058\EBFF498BA439F1488A177C405ACDFDF0 has been surprise removed as it is reported as missing on the bus.
Count of devices removed: 8"
"23-06-2026 12:07:34","1010","Information","Microsoft-Windows-Kernel-PnP","Device USB\VID_0424&PID_5806\5&266331bc&0&4 has been surprise removed as it is reported as missing on the bus.
Count of devices removed: 2"
"23-06-2026 12:07:34","1010","Information","Microsoft-Windows-Kernel-PnP","Device DISPLAY\DELA1C6\4&20b8d095&0&UID8263 has been surprise removed as it is reported as missing on the bus.
Count of devices removed: 1"
"23-06-2026 12:07:29","1010","Information","Microsoft-Windows-Kernel-PnP","Device USB\VID_0424&PID_2806\5&2dc84fba&0&1 has been surprise removed as it is reported as missing on the bus.
Count of devices removed: 5"
"23-06-2026 11:51:02","1010","Information","Microsoft-Windows-Kernel-PnP","Device USB\VID_0424&PID_5806\5&266331bc&0&4 has been surprise removed as it is reported as missing on the bus.
Count of devices removed: 2"
"23-06-2026 11:16:40","1010","Information","Microsoft-Windows-Kernel-PnP","Device USB\VID_0424&PID_5806\5&266331bc&0&4 has been surprise removed as it is reported as missing on the bus.
Count of devices removed: 2"
"23-06-2026 11:16:40","1010","Information","Microsoft-Windows-Kernel-PnP","Device DISPLAY\DELA1C6\4&20b8d095&0&UID8263 has been surprise removed as it is reported as missing on the bus.
Count of devices removed: 1"
"23-06-2026 11:16:35","1010","Information","Microsoft-Windows-Kernel-PnP","Device USB\VID_0424&PID_2806\5&2dc84fba&0&1 has been surprise removed as it is reported as missing on the bus.
Count of devices removed: 5"
"23-06-2026 10:02:05","1010","Information","Microsoft-Windows-Kernel-PnP","Device USB\VID_0424&PID_5806\5&266331bc&0&4 has been surprise removed as it is reported as missing on the bus.
Count of devices removed: 2"
"23-06-2026 10:02:05","1010","Information","Microsoft-Windows-Kernel-PnP","Device DISPLAY\DELA1C6\4&20b8d095&0&UID8263 has been surprise removed as it is reported as missing on the bus.
Count of devices removed: 1"
"23-06-2026 10:02:02","1010","Information","Microsoft-Windows-Kernel-PnP","Device USB\VID_0424&PID_2806\5&2dc84fba&0&1 has been surprise removed as it is reported as missing on the bus.
Count of devices removed: 16"
"23-06-2026 09:36:31","1010","Information","Microsoft-Windows-Kernel-PnP","Device DISPLAY\DELA1C6\4&20b8d095&0&UID8263 has been surprise removed as it is reported as missing on the bus.
Count of devices removed: 1"
"23-06-2026 09:31:35","1010","Information","Microsoft-Windows-Kernel-PnP","Device USB\VID_0424&PID_5806\5&266331bc&0&4 has been surprise removed as it is reported as missing on the bus.
Count of devices removed: 2"
"23-06-2026 08:59:42","1010","Information","Microsoft-Windows-Kernel-PnP","Device USB\VID_0424&PID_2806\5&2dc84fba&0&1 has been surprise removed as it is reported as missing on the bus.
Count of devices removed: 16"
"23-06-2026 08:59:40","1010","Information","Microsoft-Windows-Kernel-PnP","Device USB\VID_0424&PID_5806\5&266331bc&0&4 has been surprise removed as it is reported as missing on the bus.
Count of devices removed: 2"
"23-06-2026 08:59:37","1010","Information","Microsoft-Windows-Kernel-PnP","Device DISPLAY\DELA1C6\4&20b8d095&0&UID8263 has been surprise removed as it is reported as missing on the bus.
Count of devices removed: 1"
"22-06-2026 11:11:56","1010","Information","Microsoft-Windows-Kernel-PnP","Device USB\VID_0424&PID_5806\5&266331bc&0&4 has been surprise removed as it is reported as missing on the bus.
Count of devices removed: 2"
"22-06-2026 11:11:56","1010","Information","Microsoft-Windows-Kernel-PnP","Device DISPLAY\DELA1C6\4&20b8d095&0&UID8263 has been surprise removed as it is reported as missing on the bus.
Count of devices removed: 1"
"22-06-2026 11:11:53","1010","Information","Microsoft-Windows-Kernel-PnP","Device USB\VID_0424&PID_2806\5&2dc84fba&0&1 has been surprise removed as it is reported as missing on the bus.
Count of devices removed: 5"
"22-06-2026 11:11:51","1010","Information","Microsoft-Windows-Kernel-PnP","Device USB\VID_047F&PID_C058\EBFF498BA439F1488A177C405ACDFDF0 has been surprise removed as it is reported as missing on the bus.
Count of devices removed: 8"
"22-06-2026 11:11:36","1010","Information","Microsoft-Windows-Kernel-PnP","Device USB\VID_413C&PID_2514\5&2dc84fba&0&6 has been surprise removed as it is reported as missing on the bus.
Count of devices removed: 11"
"22-06-2026 11:11:29","1010","Information","Microsoft-Windows-Kernel-PnP","Device DISPLAY\DELA1C6\4&20b8d095&0&UID8263 has been surprise removed as it is reported as missing on the bus.
Count of devices removed: 1"
"22-06-2026 08:55:40","1010","Information","Microsoft-Windows-Kernel-PnP","Device INTELAUDIO\SGPC_FUNC_01&VEN_8086&DEV_281D&SUBSYS_80860101&REV_1000\5&32640736&1&0201DIF_000B&UIF_0000 has been surprise removed as it is reported as missing on the bus.
Count of devices removed: 3"
"22-06-2026 08:55:39","1010","Information","Microsoft-Windows-Kernel-PnP","Device USB\VID_1D5C&PID_5500\5&266331bc&0&4 has been surprise removed as it is reported as missing on the bus.
Count of devices removed: 2"
"22-06-2026 08:55:39","1010","Information","Microsoft-Windows-Kernel-PnP","Device DISPLAY\TSB2345\4&20b8d095&0&UID8263 has been surprise removed as it is reported as missing on the bus.
Count of devices removed: 1"
"22-06-2026 08:55:36","1010","Information","Microsoft-Windows-Kernel-PnP","Device USB\VID_1D5C&PID_5510\5&2dc84fba&0&1 has been surprise removed as it is reported as missing on the bus.
Count of devices removed: 11"
"22-06-2026 08:55:00","1010","Information","Microsoft-Windows-Kernel-PnP","Device DISPLAY\TSB2345\4&20b8d095&0&UID8263 has been surprise removed as it is reported as missing on the bus.
Count of devices removed: 1"
"22-06-2026 08:54:44","1010","Information","Microsoft-Windows-Kernel-PnP","Device INTELAUDIO\SGPC_FUNC_01&VEN_8086&DEV_281D&SUBSYS_80860101&REV_1000\5&32640736&1&0201DIF_000B&UIF_0000 has been surprise removed as it is reported as missing on the bus.
Count of devices removed: 3"
"22-06-2026 08:45:33","1010","Information","Microsoft-Windows-Kernel-PnP","Device USB\VID_047F&PID_C058\EBFF498BA439F1488A177C405ACDFDF0 has been surprise removed as it is reported as missing on the bus.
Count of devices removed: 8"
"22-06-2026 08:45:30","1010","Information","Microsoft-Windows-Kernel-PnP","Device SWD\MMDEVAPI\{0.0.0.00000000}.{462b4d51-396d-45b0-ae15-5b0bc58f4fb9} has been surprise removed as it is reported as missing on the bus.
Count of devices removed: 1"
"22-06-2026 08:45:30","1010","Information","Microsoft-Windows-Kernel-PnP","Device SWD\MMDEVAPI\{0.0.1.00000000}.{3412e711-8786-449d-9d5b-f1e0ec48fdbd} has been surprise removed as it is reported as missing on the bus.
Count of devices removed: 1"
"19-06-2026 20:16:50","1041","Information","Microsoft-Windows-Kernel-PnP","Device USB\VID_047F&PID_C058\EBFF498BA439F1488A177C405ACDFDF0 has completed a platform-level device reset.

Status: 0
Veto type: 0
Vetoed By: "
"19-06-2026 20:16:47","1011","Warning","Microsoft-Windows-Kernel-PnP","Device USB\VID_047F&PID_C058\EBFF498BA439F1488A177C405ACDFDF0 has been surprise removed as it was reported to be failing.
Count of devices removed: 6"
"19-06-2026 20:16:47","1040","Information","Microsoft-Windows-Kernel-PnP","Device USB\VID_047F&PID_C058\EBFF498BA439F1488A177C405ACDFDF0 has requested a platform-level device reset.

Flags: 0"
"19-06-2026 19:18:19","1010","Information","Microsoft-Windows-Kernel-PnP","Device USB\VID_413C&PID_2514\5&2dc84fba&0&6 has been surprise removed as it is reported as missing on the bus.
Count of devices removed: 11"
"19-06-2026 19:06:45","1010","Information","Microsoft-Windows-Kernel-PnP","Device USB\VID_0424&PID_5806\5&266331bc&0&4 has been surprise removed as it is reported as missing on the bus.
Count of devices removed: 2"
"19-06-2026 19:06:45","1010","Information","Microsoft-Windows-Kernel-PnP","Device DISPLAY\DELA1C6\4&20b8d095&0&UID8263 has been surprise removed as it is reported as missing on the bus.
Count of devices removed: 1"
"19-06-2026 19:06:40","1010","Information","Microsoft-Windows-Kernel-PnP","Device USB\VID_0424&PID_2806\5&2dc84fba&0&1 has been surprise removed as it is reported as missing on the bus.
Count of devices removed: 5"
"19-06-2026 18:52:22","1010","Information","Microsoft-Windows-Kernel-PnP","Device USB\VID_0424&PID_5806\5&266331bc&0&4 has been surprise removed as it is reported as missing on the bus.
Count of devices removed: 2"
"19-06-2026 18:51:57","1010","Information","Microsoft-Windows-Kernel-PnP","Device USB\VID_413C&PID_2514\5&2dc84fba&0&6 has been surprise removed as it is reported as missing on the bus.
Count of devices removed: 11"
"19-06-2026 17:58:26","1010","Information","Microsoft-Windows-Kernel-PnP","Device USB\VID_0424&PID_5806\5&266331bc&0&4 has been surprise removed as it is reported as missing on the bus.
Count of devices removed: 2"
"19-06-2026 17:58:25","1010","Information","Microsoft-Windows-Kernel-PnP","Device DISPLAY\DELA1C6\4&20b8d095&0&UID8263 has been surprise removed as it is reported as missing on the bus.
Count of devices removed: 1"
"19-06-2026 17:58:21","1010","Information","Microsoft-Windows-Kernel-PnP","Device USB\VID_0424&PID_2806\5&2dc84fba&0&1 has been surprise removed as it is reported as missing on the bus.
Count of devices removed: 5"
"19-06-2026 17:11:56","1010","Information","Microsoft-Windows-Kernel-PnP","Device DISPLAY\DELA1C6\4&20b8d095&0&UID8263 has been surprise removed as it is reported as missing on the bus.
Count of devices removed: 1"
"19-06-2026 16:46:03","1010","Information","Microsoft-Windows-Kernel-PnP","Device DISPLAY\DELA1C6\4&20b8d095&0&UID8263 has been surprise removed as it is reported as missing on the bus.
Count of devices removed: 1"
"19-06-2026 16:45:44","1010","Information","Microsoft-Windows-Kernel-PnP","Device USB\VID_0424&PID_2806\5&2dc84fba&0&1 has been surprise removed as it is reported as missing on the bus.
Count of devices removed: 1"
"19-06-2026 16:45:43","1010","Information","Microsoft-Windows-Kernel-PnP","Device USB\VID_0424&PID_5806\5&266331bc&0&4 has been surprise removed as it is reported as missing on the bus.
Count of devices removed: 2"
"19-06-2026 16:45:41","1010","Information","Microsoft-Windows-Kernel-PnP","Device USB\VID_0424&PID_284C\6&8542bea&0&6 has been surprise removed as it is reported as missing on the bus.
Count of devices removed: 4"
"19-06-2026 16:41:07","1010","Information","Microsoft-Windows-Kernel-PnP","Device DISPLAY\DELA1C6\4&20b8d095&0&UID8263 has been surprise removed as it is reported as missing on the bus.
Count of devices removed: 1"
"19-06-2026 15:41:51","1010","Information","Microsoft-Windows-Kernel-PnP","Device USB\VID_047F&PID_C058\EBFF498BA439F1488A177C405ACDFDF0 has been surprise removed as it is reported as missing on the bus.
Count of devices removed: 8"
"19-06-2026 15:41:09","1010","Information","Microsoft-Windows-Kernel-PnP","Device DISPLAY\DELA1C6\4&20b8d095&0&UID8263 has been surprise removed as it is reported as missing on the bus.
Count of devices removed: 1"
"19-06-2026 14:27:44","1010","Information","Microsoft-Windows-Kernel-PnP","Device DISPLAY\DELA1C6\4&20b8d095&0&UID8263 has been surprise removed as it is reported as missing on the bus.
Count of devices removed: 1"
"19-06-2026 13:53:46","1010","Information","Microsoft-Windows-Kernel-PnP","Device DISPLAY\DELA1C6\4&20b8d095&0&UID8263 has been surprise removed as it is reported as missing on the bus.
Count of devices removed: 1"
"19-06-2026 13:02:22","1010","Information","Microsoft-Windows-Kernel-PnP","Device DISPLAY\DELA1C6\4&20b8d095&0&UID8263 has been surprise removed as it is reported as missing on the bus.
Count of devices removed: 1"
"19-06-2026 11:49:13","1010","Information","Microsoft-Windows-Kernel-PnP","Device DISPLAY\DELA1C6\4&20b8d095&0&UID8263 has been surprise removed as it is reported as missing on the bus.
Count of devices removed: 1"
"19-06-2026 11:46:51","1010","Information","Microsoft-Windows-Kernel-PnP","Device DISPLAY\DELA1C6\4&20b8d095&0&UID8263 has been surprise removed as it is reported as missing on the bus.
Count of devices removed: 1"
"19-06-2026 11:27:28","1010","Information","Microsoft-Windows-Kernel-PnP","Device DISPLAY\DELA1C6\4&20b8d095&0&UID8263 has been surprise removed as it is reported as missing on the bus.
Count of devices removed: 1"
"19-06-2026 11:27:27","1010","Information","Microsoft-Windows-Kernel-PnP","Device USB\VID_0424&PID_2806\5&2dc84fba&0&1 has been surprise removed as it is reported as missing on the bus.
Count of devices removed: 5"
"19-06-2026 11:27:23","1010","Information","Microsoft-Windows-Kernel-PnP","Device USB\VID_0424&PID_5806\5&266331bc&0&4 has been surprise removed as it is reported as missing on the bus.
Count of devices removed: 2"
"19-06-2026 10:32:58","1010","Information","Microsoft-Windows-Kernel-PnP","Device USB\VID_0424&PID_5806\5&266331bc&0&4 has been surprise removed as it is reported as missing on the bus.
Count of devices removed: 2"
"19-06-2026 10:32:58","1010","Information","Microsoft-Windows-Kernel-PnP","Device DISPLAY\DELA1C6\4&20b8d095&0&UID8263 has been surprise removed as it is reported as missing on the bus.
Count of devices removed: 1"
"19-06-2026 10:32:54","1010","Information","Microsoft-Windows-Kernel-PnP","Device USB\VID_0424&PID_2806\5&2dc84fba&0&1 has been surprise removed as it is reported as missing on the bus.
Count of devices removed: 5"
"19-06-2026 10:18:14","1010","Information","Microsoft-Windows-Kernel-PnP","Device USB\VID_047F&PID_C058\EBFF498BA439F1488A177C405ACDFDF0 has been surprise removed as it is reported as missing on the bus.
Count of devices removed: 8"
"19-06-2026 09:40:27","1010","Information","Microsoft-Windows-Kernel-PnP","Device USB\VID_0424&PID_2840\6&8542bea&0&6 has been surprise removed as it is reported as missing on the bus.
Count of devices removed: 1"
"19-06-2026 09:40:07","1010","Information","Microsoft-Windows-Kernel-PnP","Device USB\VID_0424&PID_2806\5&2dc84fba&0&1 has been surprise removed as it is reported as missing on the bus.
Count of devices removed: 1"
"19-06-2026 09:40:06","1010","Information","Microsoft-Windows-Kernel-PnP","Device USB\VID_0424&PID_5806\5&266331bc&0&4 has been surprise removed as it is reported as missing on the bus.
Count of devices removed: 2"
"19-06-2026 09:40:06","1010","Information","Microsoft-Windows-Kernel-PnP","Device DISPLAY\DELA1C6\4&20b8d095&0&UID8263 has been surprise removed as it is reported as missing on the bus.
Count of devices removed: 1"
"19-06-2026 09:40:03","1010","Information","Microsoft-Windows-Kernel-PnP","Device USB\VID_0424&PID_284C\6&8542bea&0&6 has been surprise removed as it is reported as missing on the bus.
Count of devices removed: 4"
"19-06-2026 09:40:00","1010","Information","Microsoft-Windows-Kernel-PnP","Device USB\VID_0424&PID_2806\5&2dc84fba&0&1 has been surprise removed as it is reported as missing on the bus.
Count of devices removed: 1"
"19-06-2026 09:39:59","1010","Information","Microsoft-Windows-Kernel-PnP","Device USB\VID_0424&PID_5806\5&266331bc&0&4 has been surprise removed as it is reported as missing on the bus.
Count of devices removed: 2"
"19-06-2026 09:39:59","1010","Information","Microsoft-Windows-Kernel-PnP","Device DISPLAY\DELA1C6\4&20b8d095&0&UID8263 has been surprise removed as it is reported as missing on the bus.
Count of devices removed: 1"
"19-06-2026 09:39:55","1010","Information","Microsoft-Windows-Kernel-PnP","Device USB\VID_0424&PID_284C\6&8542bea&0&6 has been surprise removed as it is reported as missing on the bus.
Count of devices removed: 4"
"19-06-2026 09:39:32","1010","Information","Microsoft-Windows-Kernel-PnP","Device USB\VID_0424&PID_2806\5&2dc84fba&0&1 has been surprise removed as it is reported as missing on the bus.
Count of devices removed: 1"
"19-06-2026 09:39:30","1010","Information","Microsoft-Windows-Kernel-PnP","Device USB\VID_0424&PID_5806\5&266331bc&0&4 has been surprise removed as it is reported as missing on the bus.
Count of devices removed: 2"
