"07-06-2026 04:51:43","800","Information","Microsoft-Windows-TaskScheduler","Maintenance state changed to 3 (Last Run: ‎6/‎7/‎2026 4:51 AM)."
"07-06-2026 04:51:43","800","Information","Microsoft-Windows-TaskScheduler","Maintenance state changed to 1 (Last Run: ‎6/‎7/‎2026 4:51 AM)."
"07-06-2026 04:51:40","800","Information","Microsoft-Windows-TaskScheduler","Maintenance state changed to 3 (Last Run: ‎6/‎7/‎2026 4:51 AM)."
"07-06-2026 04:51:34","800","Information","Microsoft-Windows-TaskScheduler","Maintenance state changed to 1 (Last Run: ‎6/‎7/‎2026 4:51 AM)."
"07-06-2026 04:51:09","800","Information","Microsoft-Windows-TaskScheduler","Maintenance state changed to 3 (Last Run: ‎6/‎7/‎2026 4:51 AM)."
"06-06-2026 04:00:37","800","Information","Microsoft-Windows-TaskScheduler","Maintenance state changed to 1 (Last Run: ‎6/‎6/‎2026 4:00 AM)."
"06-06-2026 03:59:28","800","Information","Microsoft-Windows-TaskScheduler","Maintenance state changed to 3 (Last Run: ‎6/‎6/‎2026 3:59 AM)."
"06-06-2026 03:59:27","800","Information","Microsoft-Windows-TaskScheduler","Maintenance state changed to 1 (Last Run: ‎6/‎6/‎2026 3:59 AM)."
"06-06-2026 03:57:51","800","Information","Microsoft-Windows-TaskScheduler","Maintenance state changed to 3 (Last Run: ‎6/‎6/‎2026 3:57 AM)."
"05-06-2026 13:32:12","800","Information","Microsoft-Windows-TaskScheduler","Maintenance state changed to 1 (Last Run: ‎6/‎5/‎2026 1:32 PM)."
"05-06-2026 13:30:12","800","Information","Microsoft-Windows-TaskScheduler","Maintenance state changed to 3 (Last Run: ‎6/‎5/‎2026 1:30 PM)."
"05-06-2026 11:51:45","800","Information","Microsoft-Windows-TaskScheduler","Maintenance state changed to 1 (Last Run: ‎6/‎5/‎2026 11:51 AM)."
"05-06-2026 11:50:37","800","Information","Microsoft-Windows-TaskScheduler","Maintenance state changed to 3 (Last Run: ‎6/‎5/‎2026 11:50 AM)."
"05-06-2026 11:50:11","800","Information","Microsoft-Windows-TaskScheduler","Maintenance state changed to 1 (Last Run: ‎6/‎5/‎2026 11:50 AM)."
"05-06-2026 11:50:07","800","Information","Microsoft-Windows-TaskScheduler","Maintenance state changed to 3 (Last Run: ‎6/‎5/‎2026 11:50 AM)."
"05-06-2026 11:49:18","800","Information","Microsoft-Windows-TaskScheduler","Maintenance state changed to 1 (Last Run: ‎6/‎5/‎2026 11:49 AM)."
"05-06-2026 11:49:13","800","Information","Microsoft-Windows-TaskScheduler","Maintenance state changed to 3 (Last Run: ‎6/‎5/‎2026 11:49 AM)."
"05-06-2026 11:32:02","800","Information","Microsoft-Windows-TaskScheduler","Maintenance state changed to 1 (Last Run: ‎6/‎5/‎2026 11:32 AM)."
"05-06-2026 11:31:57","800","Information","Microsoft-Windows-TaskScheduler","Maintenance state changed to 3 (Last Run: ‎6/‎5/‎2026 11:31 AM)."
"04-06-2026 13:39:28","800","Information","Microsoft-Windows-TaskScheduler","Maintenance state changed to 1 (Last Run: ‎6/‎4/‎2026 1:39 PM)."
"04-06-2026 13:38:28","800","Information","Microsoft-Windows-TaskScheduler","Maintenance state changed to 3 (Last Run: ‎6/‎4/‎2026 1:38 PM)."
"04-06-2026 11:48:12","800","Information","Microsoft-Windows-TaskScheduler","Maintenance state changed to 1 (Last Run: ‎6/‎4/‎2026 11:48 AM)."
"04-06-2026 11:48:12","800","Information","Microsoft-Windows-TaskScheduler","Maintenance state changed to 3 (Last Run: ‎6/‎4/‎2026 11:48 AM)."
"04-06-2026 11:48:11","800","Information","Microsoft-Windows-TaskScheduler","Maintenance state changed to 1 (Last Run: ‎6/‎4/‎2026 11:48 AM)."
"04-06-2026 11:48:11","800","Information","Microsoft-Windows-TaskScheduler","Maintenance state changed to 3 (Last Run: ‎6/‎4/‎2026 11:48 AM)."
"04-06-2026 11:48:10","800","Information","Microsoft-Windows-TaskScheduler","Maintenance state changed to 1 (Last Run: ‎6/‎4/‎2026 11:48 AM)."
"04-06-2026 11:47:03","800","Information","Microsoft-Windows-TaskScheduler","Maintenance state changed to 3 (Last Run: ‎6/‎4/‎2026 11:47 AM)."
"04-06-2026 11:47:02","800","Information","Microsoft-Windows-TaskScheduler","Maintenance state changed to 1 (Last Run: ‎6/‎4/‎2026 11:47 AM)."
"04-06-2026 11:45:55","800","Information","Microsoft-Windows-TaskScheduler","Maintenance state changed to 3 (Last Run: ‎6/‎4/‎2026 11:45 AM)."
"04-06-2026 09:56:09","800","Information","Microsoft-Windows-TaskScheduler","Maintenance state changed to 1 (Last Run: ‎6/‎4/‎2026 9:56 AM)."
"04-06-2026 09:55:31","800","Information","Microsoft-Windows-TaskScheduler","Maintenance state changed to 3 (Last Run: ‎6/‎4/‎2026 9:55 AM)."
"04-06-2026 09:55:30","800","Information","Microsoft-Windows-TaskScheduler","Maintenance state changed to 1 (Last Run: ‎6/‎4/‎2026 9:55 AM)."
"04-06-2026 09:55:23","800","Information","Microsoft-Windows-TaskScheduler","Maintenance state changed to 3 (Last Run: ‎6/‎4/‎2026 9:55 AM)."
"04-06-2026 09:01:50","800","Information","Microsoft-Windows-TaskScheduler","Maintenance state changed to 1 (Last Run: ‎6/‎4/‎2026 9:01 AM)."
"04-06-2026 09:01:47","800","Information","Microsoft-Windows-TaskScheduler","Maintenance state changed to 3 (Last Run: ‎6/‎4/‎2026 9:01 AM)."
"03-06-2026 14:02:21","800","Information","Microsoft-Windows-TaskScheduler","Maintenance state changed to 1 (Last Run: ‎6/‎3/‎2026 2:02 PM)."
"03-06-2026 14:00:21","800","Information","Microsoft-Windows-TaskScheduler","Maintenance state changed to 3 (Last Run: ‎6/‎3/‎2026 2:00 PM)."
"03-06-2026 12:00:51","800","Information","Microsoft-Windows-TaskScheduler","Maintenance state changed to 1 (Last Run: ‎6/‎3/‎2026 12:00 PM)."
"03-06-2026 12:00:51","800","Information","Microsoft-Windows-TaskScheduler","Maintenance state changed to 3 (Last Run: ‎6/‎3/‎2026 12:00 PM)."
"03-06-2026 11:32:11","800","Information","Microsoft-Windows-TaskScheduler","Maintenance state changed to 1 (Last Run: ‎6/‎3/‎2026 11:32 AM)."
"03-06-2026 11:32:10","800","Information","Microsoft-Windows-TaskScheduler","Maintenance state changed to 3 (Last Run: ‎6/‎3/‎2026 11:32 AM)."
"03-06-2026 11:32:09","800","Information","Microsoft-Windows-TaskScheduler","Maintenance state changed to 1 (Last Run: ‎6/‎3/‎2026 11:32 AM)."
"03-06-2026 11:31:03","800","Information","Microsoft-Windows-TaskScheduler","Maintenance state changed to 3 (Last Run: ‎6/‎3/‎2026 11:31 AM)."
"03-06-2026 11:31:02","800","Information","Microsoft-Windows-TaskScheduler","Maintenance state changed to 1 (Last Run: ‎6/‎3/‎2026 11:31 AM)."
"03-06-2026 11:30:56","800","Information","Microsoft-Windows-TaskScheduler","Maintenance state changed to 3 (Last Run: ‎6/‎3/‎2026 11:30 AM)."
"03-06-2026 11:30:52","800","Information","Microsoft-Windows-TaskScheduler","Maintenance state changed to 1 (Last Run: ‎6/‎3/‎2026 11:30 AM)."
"03-06-2026 11:30:51","800","Information","Microsoft-Windows-TaskScheduler","Maintenance state changed to 3 (Last Run: ‎6/‎3/‎2026 11:30 AM)."
"03-06-2026 10:36:18","800","Information","Microsoft-Windows-TaskScheduler","Maintenance state changed to 1 (Last Run: ‎6/‎3/‎2026 10:36 AM)."
"03-06-2026 10:36:18","800","Information","Microsoft-Windows-TaskScheduler","Maintenance state changed to 3 (Last Run: ‎6/‎3/‎2026 10:36 AM)."
"02-06-2026 14:00:14","800","Information","Microsoft-Windows-TaskScheduler","Maintenance state changed to 1 (Last Run: ‎6/‎2/‎2026 2:00 PM)."
"02-06-2026 13:58:14","800","Information","Microsoft-Windows-TaskScheduler","Maintenance state changed to 3 (Last Run: ‎6/‎2/‎2026 1:58 PM)."
"02-06-2026 12:25:20","800","Information","Microsoft-Windows-TaskScheduler","Maintenance state changed to 1 (Last Run: ‎6/‎2/‎2026 12:25 PM)."
"02-06-2026 12:25:20","800","Information","Microsoft-Windows-TaskScheduler","Maintenance state changed to 3 (Last Run: ‎6/‎2/‎2026 12:25 PM)."
"02-06-2026 11:53:19","800","Information","Microsoft-Windows-TaskScheduler","Maintenance state changed to 1 (Last Run: ‎6/‎2/‎2026 11:53 AM)."
"02-06-2026 11:51:54","800","Information","Microsoft-Windows-TaskScheduler","Maintenance state changed to 3 (Last Run: ‎6/‎2/‎2026 11:51 AM)."
"02-06-2026 11:26:00","800","Information","Microsoft-Windows-TaskScheduler","Maintenance state changed to 1 (Last Run: ‎6/‎2/‎2026 11:26 AM)."
"02-06-2026 11:19:33","800","Information","Microsoft-Windows-TaskScheduler","Maintenance state changed to 3 (Last Run: ‎6/‎2/‎2026 11:19 AM)."
"02-06-2026 11:18:33","800","Information","Microsoft-Windows-TaskScheduler","Maintenance state changed to 1 (Last Run: ‎6/‎2/‎2026 11:18 AM)."
"02-06-2026 11:18:33","800","Information","Microsoft-Windows-TaskScheduler","Maintenance state changed to 3 (Last Run: ‎6/‎2/‎2026 11:18 AM)."
"02-06-2026 11:18:08","800","Information","Microsoft-Windows-TaskScheduler","Maintenance state changed to 1 (Last Run: ‎6/‎2/‎2026 11:18 AM)."
"02-06-2026 11:18:08","800","Information","Microsoft-Windows-TaskScheduler","Maintenance state changed to 3 (Last Run: ‎6/‎2/‎2026 11:18 AM)."
"02-06-2026 10:55:40","800","Information","Microsoft-Windows-TaskScheduler","Maintenance state changed to 1 (Last Run: ‎6/‎2/‎2026 10:55 AM)."
"02-06-2026 10:48:02","800","Information","Microsoft-Windows-TaskScheduler","Maintenance state changed to 3 (Last Run: ‎6/‎2/‎2026 10:48 AM)."
"02-06-2026 10:35:50","800","Information","Microsoft-Windows-TaskScheduler","Maintenance state changed to 1 (Last Run: ‎6/‎2/‎2026 10:35 AM)."
"02-06-2026 10:32:49","800","Information","Microsoft-Windows-TaskScheduler","Maintenance state changed to 3 (Last Run: ‎6/‎2/‎2026 10:32 AM)."
"02-06-2026 10:32:48","800","Information","Microsoft-Windows-TaskScheduler","Maintenance state changed to 1 (Last Run: ‎6/‎2/‎2026 10:32 AM)."
"02-06-2026 10:31:42","800","Information","Microsoft-Windows-TaskScheduler","Maintenance state changed to 3 (Last Run: ‎6/‎2/‎2026 10:31 AM)."
"02-06-2026 10:31:41","800","Information","Microsoft-Windows-TaskScheduler","Maintenance state changed to 1 (Last Run: ‎6/‎2/‎2026 10:31 AM)."
"02-06-2026 10:31:41","800","Information","Microsoft-Windows-TaskScheduler","Maintenance state changed to 3 (Last Run: ‎6/‎2/‎2026 10:31 AM)."
"02-06-2026 10:31:25","800","Information","Microsoft-Windows-TaskScheduler","Maintenance state changed to 1 (Last Run: ‎6/‎2/‎2026 10:31 AM)."
"02-06-2026 10:31:24","800","Information","Microsoft-Windows-TaskScheduler","Maintenance state changed to 3 (Last Run: ‎6/‎2/‎2026 10:31 AM)."
"01-06-2026 15:31:15","800","Information","Microsoft-Windows-TaskScheduler","Maintenance state changed to 1 (Last Run: ‎6/‎1/‎2026 3:31 PM)."
"01-06-2026 15:30:15","800","Information","Microsoft-Windows-TaskScheduler","Maintenance state changed to 3 (Last Run: ‎6/‎1/‎2026 3:30 PM)."
"01-06-2026 10:59:03","800","Information","Microsoft-Windows-TaskScheduler","Maintenance state changed to 1 (Last Run: ‎6/‎1/‎2026 10:59 AM)."
"01-06-2026 10:57:57","800","Information","Microsoft-Windows-TaskScheduler","Maintenance state changed to 3 (Last Run: ‎6/‎1/‎2026 10:57 AM)."
"01-06-2026 10:57:56","800","Information","Microsoft-Windows-TaskScheduler","Maintenance state changed to 1 (Last Run: ‎6/‎1/‎2026 10:57 AM)."
"01-06-2026 10:56:49","800","Information","Microsoft-Windows-TaskScheduler","Maintenance state changed to 3 (Last Run: ‎6/‎1/‎2026 10:56 AM)."
"01-06-2026 10:56:48","800","Information","Microsoft-Windows-TaskScheduler","Maintenance state changed to 1 (Last Run: ‎6/‎1/‎2026 10:56 AM)."
"01-06-2026 10:56:48","800","Information","Microsoft-Windows-TaskScheduler","Maintenance state changed to 3 (Last Run: ‎6/‎1/‎2026 10:56 AM)."
"01-06-2026 10:56:47","800","Information","Microsoft-Windows-TaskScheduler","Maintenance state changed to 1 (Last Run: ‎6/‎1/‎2026 10:56 AM)."
"01-06-2026 10:46:28","800","Information","Microsoft-Windows-TaskScheduler","Maintenance state changed to 3 (Last Run: ‎6/‎1/‎2026 10:46 AM)."
"01-06-2026 10:45:24","800","Information","Microsoft-Windows-TaskScheduler","Maintenance state changed to 1 (Last Run: ‎6/‎1/‎2026 10:45 AM)."
"01-06-2026 10:45:24","800","Information","Microsoft-Windows-TaskScheduler","Maintenance state changed to 3 (Last Run: ‎6/‎1/‎2026 10:45 AM)."
"01-06-2026 09:50:24","800","Information","Microsoft-Windows-TaskScheduler","Maintenance state changed to 1 (Last Run: ‎6/‎1/‎2026 9:50 AM)."
"01-06-2026 09:40:15","800","Information","Microsoft-Windows-TaskScheduler","Maintenance state changed to 3 (Last Run: ‎6/‎1/‎2026 9:40 AM)."
"01-06-2026 09:40:00","800","Information","Microsoft-Windows-TaskScheduler","Maintenance state changed to 1 (Last Run: ‎6/‎1/‎2026 9:40 AM)."
"01-06-2026 09:40:00","800","Information","Microsoft-Windows-TaskScheduler","Maintenance state changed to 3 (Last Run: ‎6/‎1/‎2026 9:40 AM)."
"01-06-2026 09:39:16","800","Information","Microsoft-Windows-TaskScheduler","Maintenance state changed to 1 (Last Run: ‎6/‎1/‎2026 9:39 AM)."
"01-06-2026 09:39:16","800","Information","Microsoft-Windows-TaskScheduler","Maintenance state changed to 3 (Last Run: ‎6/‎1/‎2026 9:39 AM)."
"01-06-2026 09:39:15","800","Information","Microsoft-Windows-TaskScheduler","Maintenance state changed to 1 (Last Run: ‎6/‎1/‎2026 9:39 AM)."
"01-06-2026 09:39:15","800","Information","Microsoft-Windows-TaskScheduler","Maintenance state changed to 3 (Last Run: ‎6/‎1/‎2026 9:39 AM)."
"01-06-2026 09:39:00","800","Information","Microsoft-Windows-TaskScheduler","Maintenance state changed to 1 (Last Run: ‎6/‎1/‎2026 9:39 AM)."
"01-06-2026 09:38:59","800","Information","Microsoft-Windows-TaskScheduler","Maintenance state changed to 3 (Last Run: ‎6/‎1/‎2026 9:38 AM)."
"31-05-2026 18:46:21","800","Information","Microsoft-Windows-TaskScheduler","Maintenance state changed to 1 (Last Run: ‎5/‎31/‎2026 6:46 PM)."
"31-05-2026 18:45:21","800","Information","Microsoft-Windows-TaskScheduler","Maintenance state changed to 3 (Last Run: ‎5/‎31/‎2026 6:45 PM)."
"31-05-2026 12:34:56","800","Information","Microsoft-Windows-TaskScheduler","Maintenance state changed to 1 (Last Run: ‎5/‎31/‎2026 12:34 PM)."
"31-05-2026 12:34:56","800","Information","Microsoft-Windows-TaskScheduler","Maintenance state changed to 3 (Last Run: ‎5/‎31/‎2026 12:34 PM)."
"31-05-2026 12:20:14","800","Information","Microsoft-Windows-TaskScheduler","Maintenance state changed to 1 (Last Run: ‎5/‎31/‎2026 12:20 PM)."
"31-05-2026 12:20:14","800","Information","Microsoft-Windows-TaskScheduler","Maintenance state changed to 3 (Last Run: ‎5/‎31/‎2026 12:20 PM)."
"29-05-2026 13:29:59","800","Information","Microsoft-Windows-TaskScheduler","Maintenance state changed to 1 (Last Run: ‎5/‎29/‎2026 1:29 PM)."
"29-05-2026 13:28:58","800","Information","Microsoft-Windows-TaskScheduler","Maintenance state changed to 3 (Last Run: ‎5/‎29/‎2026 1:28 PM)."
"29-05-2026 11:20:41","800","Information","Microsoft-Windows-TaskScheduler","Maintenance state changed to 1 (Last Run: ‎5/‎29/‎2026 11:20 AM)."
"29-05-2026 11:19:34","800","Information","Microsoft-Windows-TaskScheduler","Maintenance state changed to 3 (Last Run: ‎5/‎29/‎2026 11:19 AM)."
"29-05-2026 11:19:32","800","Information","Microsoft-Windows-TaskScheduler","Maintenance state changed to 1 (Last Run: ‎5/‎29/‎2026 11:19 AM)."
"29-05-2026 11:16:53","800","Information","Microsoft-Windows-TaskScheduler","Maintenance state changed to 3 (Last Run: ‎5/‎29/‎2026 11:16 AM)."
"29-05-2026 11:16:52","800","Information","Microsoft-Windows-TaskScheduler","Maintenance state changed to 1 (Last Run: ‎5/‎29/‎2026 11:16 AM)."
"29-05-2026 11:16:52","800","Information","Microsoft-Windows-TaskScheduler","Maintenance state changed to 3 (Last Run: ‎5/‎29/‎2026 11:16 AM)."
"29-05-2026 11:16:52","800","Information","Microsoft-Windows-TaskScheduler","Maintenance state changed to 1 (Last Run: ‎5/‎29/‎2026 11:16 AM)."
"29-05-2026 11:16:51","800","Information","Microsoft-Windows-TaskScheduler","Maintenance state changed to 3 (Last Run: ‎5/‎29/‎2026 11:16 AM)."
"29-05-2026 10:53:18","800","Information","Microsoft-Windows-TaskScheduler","Maintenance state changed to 1 (Last Run: ‎5/‎29/‎2026 10:53 AM)."
"29-05-2026 10:53:18","800","Information","Microsoft-Windows-TaskScheduler","Maintenance state changed to 3 (Last Run: ‎5/‎29/‎2026 10:53 AM)."
"29-05-2026 10:20:06","800","Information","Microsoft-Windows-TaskScheduler","Maintenance state changed to 1 (Last Run: ‎5/‎29/‎2026 10:20 AM)."
"29-05-2026 10:19:57","800","Information","Microsoft-Windows-TaskScheduler","Maintenance state changed to 3 (Last Run: ‎5/‎29/‎2026 10:19 AM)."
"28-05-2026 14:35:00","800","Information","Microsoft-Windows-TaskScheduler","Maintenance state changed to 1 (Last Run: ‎5/‎28/‎2026 2:35 PM)."
"28-05-2026 14:33:00","800","Information","Microsoft-Windows-TaskScheduler","Maintenance state changed to 3 (Last Run: ‎5/‎28/‎2026 2:33 PM)."
"28-05-2026 11:46:48","800","Information","Microsoft-Windows-TaskScheduler","Maintenance state changed to 1 (Last Run: ‎5/‎28/‎2026 11:46 AM)."
"28-05-2026 11:46:48","800","Information","Microsoft-Windows-TaskScheduler","Maintenance state changed to 3 (Last Run: ‎5/‎28/‎2026 11:46 AM)."
"28-05-2026 11:17:03","800","Information","Microsoft-Windows-TaskScheduler","Maintenance state changed to 1 (Last Run: ‎5/‎28/‎2026 11:17 AM)."
"28-05-2026 11:15:45","800","Information","Microsoft-Windows-TaskScheduler","Maintenance state changed to 3 (Last Run: ‎5/‎28/‎2026 11:15 AM)."
"28-05-2026 10:22:15","800","Information","Microsoft-Windows-TaskScheduler","Maintenance state changed to 1 (Last Run: ‎5/‎28/‎2026 10:22 AM)."
"28-05-2026 10:22:14","808","Warning","Microsoft-Windows-TaskScheduler","Maintenance Task ""NT TASK\Microsoft\Windows\.NET Framework\.NET Framework NGEN v4.0.30319 Critical"" requests computer wakeup during next regular maintenance run."
"28-05-2026 10:20:07","800","Information","Microsoft-Windows-TaskScheduler","Maintenance state changed to 3 (Last Run: ‎5/‎28/‎2026 10:20 AM)."
"28-05-2026 10:19:41","808","Warning","Microsoft-Windows-TaskScheduler","Maintenance Task ""NT TASK\Microsoft\Windows\.NET Framework\.NET Framework NGEN v4.0.30319 64 Critical"" requests computer wakeup during next regular maintenance run."
"28-05-2026 10:19:41","808","Warning","Microsoft-Windows-TaskScheduler","Maintenance Task ""NT TASK\Microsoft\Windows\.NET Framework\.NET Framework NGEN v4.0.30319 64 Critical"" requests computer wakeup during next regular maintenance run."
"28-05-2026 10:08:30","800","Information","Microsoft-Windows-TaskScheduler","Maintenance state changed to 1 (Last Run: ‎5/‎28/‎2026 10:08 AM)."
"28-05-2026 10:07:19","800","Information","Microsoft-Windows-TaskScheduler","Maintenance state changed to 3 (Last Run: ‎5/‎28/‎2026 10:07 AM)."
"28-05-2026 10:07:18","800","Information","Microsoft-Windows-TaskScheduler","Maintenance state changed to 1 (Last Run: ‎5/‎28/‎2026 10:07 AM)."
"28-05-2026 10:06:56","800","Information","Microsoft-Windows-TaskScheduler","Maintenance state changed to 3 (Last Run: ‎5/‎28/‎2026 10:06 AM)."
"28-05-2026 09:48:37","800","Information","Microsoft-Windows-TaskScheduler","Maintenance state changed to 1 (Last Run: ‎5/‎28/‎2026 9:48 AM)."
"28-05-2026 09:48:37","800","Information","Microsoft-Windows-TaskScheduler","Maintenance state changed to 3 (Last Run: ‎5/‎28/‎2026 9:48 AM)."
"27-05-2026 13:28:50","800","Information","Microsoft-Windows-TaskScheduler","Maintenance state changed to 1 (Last Run: ‎5/‎27/‎2026 1:28 PM)."
"27-05-2026 13:26:50","800","Information","Microsoft-Windows-TaskScheduler","Maintenance state changed to 3 (Last Run: ‎5/‎27/‎2026 1:26 PM)."
"27-05-2026 11:14:12","800","Information","Microsoft-Windows-TaskScheduler","Maintenance state changed to 1 (Last Run: ‎5/‎27/‎2026 11:14 AM)."
"27-05-2026 11:13:08","800","Information","Microsoft-Windows-TaskScheduler","Maintenance state changed to 3 (Last Run: ‎5/‎27/‎2026 11:13 AM)."
"27-05-2026 11:13:07","800","Information","Microsoft-Windows-TaskScheduler","Maintenance state changed to 1 (Last Run: ‎5/‎27/‎2026 11:13 AM)."
"27-05-2026 11:12:00","800","Information","Microsoft-Windows-TaskScheduler","Maintenance state changed to 3 (Last Run: ‎5/‎27/‎2026 11:12 AM)."
"27-05-2026 10:37:45","800","Information","Microsoft-Windows-TaskScheduler","Maintenance state changed to 1 (Last Run: ‎5/‎27/‎2026 10:37 AM)."
"27-05-2026 10:37:25","800","Information","Microsoft-Windows-TaskScheduler","Maintenance state changed to 3 (Last Run: ‎5/‎27/‎2026 10:37 AM)."
"27-05-2026 10:37:24","800","Information","Microsoft-Windows-TaskScheduler","Maintenance state changed to 1 (Last Run: ‎5/‎27/‎2026 10:37 AM)."
"27-05-2026 10:37:13","800","Information","Microsoft-Windows-TaskScheduler","Maintenance state changed to 3 (Last Run: ‎5/‎27/‎2026 10:37 AM)."
"26-05-2026 13:29:03","800","Information","Microsoft-Windows-TaskScheduler","Maintenance state changed to 1 (Last Run: ‎5/‎26/‎2026 1:29 PM)."
"26-05-2026 13:28:03","800","Information","Microsoft-Windows-TaskScheduler","Maintenance state changed to 3 (Last Run: ‎5/‎26/‎2026 1:28 PM)."
"26-05-2026 11:12:25","800","Information","Microsoft-Windows-TaskScheduler","Maintenance state changed to 1 (Last Run: ‎5/‎26/‎2026 11:12 AM)."
"26-05-2026 11:12:24","800","Information","Microsoft-Windows-TaskScheduler","Maintenance state changed to 3 (Last Run: ‎5/‎26/‎2026 11:12 AM)."
"26-05-2026 11:12:23","800","Information","Microsoft-Windows-TaskScheduler","Maintenance state changed to 1 (Last Run: ‎5/‎26/‎2026 11:12 AM)."
"26-05-2026 11:12:20","800","Information","Microsoft-Windows-TaskScheduler","Maintenance state changed to 3 (Last Run: ‎5/‎26/‎2026 11:12 AM)."
"26-05-2026 10:16:59","800","Information","Microsoft-Windows-TaskScheduler","Maintenance state changed to 1 (Last Run: ‎5/‎26/‎2026 10:16 AM)."
"26-05-2026 10:15:54","800","Information","Microsoft-Windows-TaskScheduler","Maintenance state changed to 3 (Last Run: ‎5/‎26/‎2026 10:15 AM)."
"26-05-2026 10:15:53","800","Information","Microsoft-Windows-TaskScheduler","Maintenance state changed to 1 (Last Run: ‎5/‎26/‎2026 10:15 AM)."
"26-05-2026 10:15:20","800","Information","Microsoft-Windows-TaskScheduler","Maintenance state changed to 3 (Last Run: ‎5/‎26/‎2026 10:15 AM)."
"25-05-2026 18:31:33","800","Information","Microsoft-Windows-TaskScheduler","Maintenance state changed to 1 (Last Run: ‎5/‎25/‎2026 6:31 PM)."
"25-05-2026 18:31:27","800","Information","Microsoft-Windows-TaskScheduler","Maintenance state changed to 3 (Last Run: ‎5/‎25/‎2026 6:31 PM)."
"25-05-2026 15:01:16","800","Information","Microsoft-Windows-TaskScheduler","Maintenance state changed to 1 (Last Run: ‎5/‎25/‎2026 3:01 PM)."
"25-05-2026 15:00:10","800","Information","Microsoft-Windows-TaskScheduler","Maintenance state changed to 3 (Last Run: ‎5/‎25/‎2026 3:00 PM)."
"25-05-2026 15:00:09","800","Information","Microsoft-Windows-TaskScheduler","Maintenance state changed to 1 (Last Run: ‎5/‎25/‎2026 3:00 PM)."
"25-05-2026 15:00:09","800","Information","Microsoft-Windows-TaskScheduler","Maintenance state changed to 3 (Last Run: ‎5/‎25/‎2026 3:00 PM)."
"25-05-2026 15:00:08","800","Information","Microsoft-Windows-TaskScheduler","Maintenance state changed to 1 (Last Run: ‎5/‎25/‎2026 3:00 PM)."
"25-05-2026 14:47:07","800","Information","Microsoft-Windows-TaskScheduler","Maintenance state changed to 3 (Last Run: ‎5/‎25/‎2026 2:47 PM)."
"25-05-2026 13:39:54","800","Information","Microsoft-Windows-TaskScheduler","Maintenance state changed to 1 (Last Run: ‎5/‎25/‎2026 1:39 PM)."
"25-05-2026 13:30:28","800","Information","Microsoft-Windows-TaskScheduler","Maintenance state changed to 3 (Last Run: ‎5/‎25/‎2026 1:30 PM)."
"25-05-2026 13:27:01","800","Information","Microsoft-Windows-TaskScheduler","Maintenance state changed to 1 (Last Run: ‎5/‎25/‎2026 1:27 PM)."
"25-05-2026 13:22:20","800","Information","Microsoft-Windows-TaskScheduler","Maintenance state changed to 3 (Last Run: ‎5/‎25/‎2026 1:22 PM)."
"25-05-2026 11:56:18","800","Information","Microsoft-Windows-TaskScheduler","Maintenance state changed to 1 (Last Run: ‎5/‎25/‎2026 11:56 AM)."
"25-05-2026 11:51:14","800","Information","Microsoft-Windows-TaskScheduler","Maintenance state changed to 3 (Last Run: ‎5/‎25/‎2026 11:51 AM)."
"25-05-2026 11:31:56","800","Information","Microsoft-Windows-TaskScheduler","Maintenance state changed to 1 (Last Run: ‎5/‎25/‎2026 11:31 AM)."
"25-05-2026 11:28:33","800","Information","Microsoft-Windows-TaskScheduler","Maintenance state changed to 3 (Last Run: ‎5/‎25/‎2026 11:28 AM)."
"25-05-2026 10:55:06","800","Information","Microsoft-Windows-TaskScheduler","Maintenance state changed to 1 (Last Run: ‎5/‎25/‎2026 10:55 AM)."
"25-05-2026 10:53:49","800","Information","Microsoft-Windows-TaskScheduler","Maintenance state changed to 3 (Last Run: ‎5/‎25/‎2026 10:53 AM)."
"25-05-2026 10:29:36","800","Information","Microsoft-Windows-TaskScheduler","Maintenance state changed to 1 (Last Run: ‎5/‎25/‎2026 10:29 AM)."
"25-05-2026 10:24:03","800","Information","Microsoft-Windows-TaskScheduler","Maintenance state changed to 3 (Last Run: ‎5/‎25/‎2026 10:24 AM)."
"25-05-2026 10:06:09","800","Information","Microsoft-Windows-TaskScheduler","Maintenance state changed to 1 (Last Run: ‎5/‎25/‎2026 10:06 AM)."
"25-05-2026 10:06:09","800","Information","Microsoft-Windows-TaskScheduler","Maintenance state changed to 3 (Last Run: ‎5/‎25/‎2026 10:06 AM)."
"25-05-2026 09:48:29","800","Information","Microsoft-Windows-TaskScheduler","Maintenance state changed to 1 (Last Run: ‎5/‎25/‎2026 9:48 AM)."
"25-05-2026 09:30:39","800","Information","Microsoft-Windows-TaskScheduler","Maintenance state changed to 3 (Last Run: ‎5/‎25/‎2026 9:30 AM)."
"25-05-2026 09:30:07","800","Information","Microsoft-Windows-TaskScheduler","Maintenance state changed to 1 (Last Run: ‎5/‎25/‎2026 9:30 AM)."
"25-05-2026 09:30:05","800","Information","Microsoft-Windows-TaskScheduler","Maintenance state changed to 3 (Last Run: ‎5/‎25/‎2026 9:30 AM)."
"25-05-2026 09:29:08","800","Information","Microsoft-Windows-TaskScheduler","Maintenance state changed to 1 (Last Run: ‎5/‎25/‎2026 9:29 AM)."
"25-05-2026 09:29:05","800","Information","Microsoft-Windows-TaskScheduler","Maintenance state changed to 3 (Last Run: ‎5/‎25/‎2026 9:29 AM)."
"25-05-2026 09:01:33","800","Information","Microsoft-Windows-TaskScheduler","Maintenance state changed to 1 (Last Run: ‎5/‎25/‎2026 9:01 AM)."
"25-05-2026 09:00:33","800","Information","Microsoft-Windows-TaskScheduler","Maintenance state changed to 3 (Last Run: ‎5/‎25/‎2026 9:00 AM)."
"23-05-2026 12:18:54","800","Information","Microsoft-Windows-TaskScheduler","Maintenance state changed to 1 (Last Run: ‎5/‎23/‎2026 12:18 PM)."
"23-05-2026 12:18:54","800","Information","Microsoft-Windows-TaskScheduler","Maintenance state changed to 3 (Last Run: ‎5/‎23/‎2026 12:18 PM)."
"23-05-2026 11:48:54","800","Information","Microsoft-Windows-TaskScheduler","Maintenance state changed to 1 (Last Run: ‎5/‎23/‎2026 11:48 AM)."
"23-05-2026 11:48:54","800","Information","Microsoft-Windows-TaskScheduler","Maintenance state changed to 3 (Last Run: ‎5/‎23/‎2026 11:48 AM)."
"23-05-2026 11:21:46","800","Information","Microsoft-Windows-TaskScheduler","Maintenance state changed to 1 (Last Run: ‎5/‎23/‎2026 11:21 AM)."
"23-05-2026 11:21:40","808","Warning","Microsoft-Windows-TaskScheduler","Maintenance Task ""NT TASK\Microsoft\Windows\.NET Framework\.NET Framework NGEN v4.0.30319 64 Critical"" requests computer wakeup during next regular maintenance run."
"23-05-2026 11:18:53","800","Information","Microsoft-Windows-TaskScheduler","Maintenance state changed to 3 (Last Run: ‎5/‎23/‎2026 11:18 AM)."
"23-05-2026 11:01:37","808","Warning","Microsoft-Windows-TaskScheduler","Maintenance Task ""NT TASK\Microsoft\Windows\.NET Framework\.NET Framework NGEN v4.0.30319 64 Critical"" requests computer wakeup during next regular maintenance run."
"23-05-2026 11:01:37","808","Warning","Microsoft-Windows-TaskScheduler","Maintenance Task ""NT TASK\Microsoft\Windows\.NET Framework\.NET Framework NGEN v4.0.30319 64 Critical"" requests computer wakeup during next regular maintenance run."
"23-05-2026 11:01:37","808","Warning","Microsoft-Windows-TaskScheduler","Maintenance Task ""NT TASK\Microsoft\Windows\.NET Framework\.NET Framework NGEN v4.0.30319 64 Critical"" requests computer wakeup during next regular maintenance run."
"23-05-2026 10:58:35","808","Warning","Microsoft-Windows-TaskScheduler","Maintenance Task ""NT TASK\Microsoft\Windows\.NET Framework\.NET Framework NGEN v4.0.30319 64 Critical"" requests computer wakeup during next regular maintenance run."
"23-05-2026 10:58:35","808","Warning","Microsoft-Windows-TaskScheduler","Maintenance Task ""NT TASK\Microsoft\Windows\.NET Framework\.NET Framework NGEN v4.0.30319 64 Critical"" requests computer wakeup during next regular maintenance run."
"23-05-2026 10:58:34","808","Warning","Microsoft-Windows-TaskScheduler","Maintenance Task ""NT TASK\Microsoft\Windows\.NET Framework\.NET Framework NGEN v4.0.30319 64 Critical"" requests computer wakeup during next regular maintenance run."
"23-05-2026 10:58:34","808","Warning","Microsoft-Windows-TaskScheduler","Maintenance Task ""NT TASK\Microsoft\Windows\.NET Framework\.NET Framework NGEN v4.0.30319 64 Critical"" requests computer wakeup during next regular maintenance run."
"23-05-2026 10:58:34","808","Warning","Microsoft-Windows-TaskScheduler","Maintenance Task ""NT TASK\Microsoft\Windows\.NET Framework\.NET Framework NGEN v4.0.30319 64 Critical"" requests computer wakeup during next regular maintenance run."
"23-05-2026 10:57:05","808","Warning","Microsoft-Windows-TaskScheduler","Maintenance Task ""NT TASK\Microsoft\Windows\.NET Framework\.NET Framework NGEN v4.0.30319 64 Critical"" requests computer wakeup during next regular maintenance run."
"23-05-2026 10:57:05","808","Warning","Microsoft-Windows-TaskScheduler","Maintenance Task ""NT TASK\Microsoft\Windows\.NET Framework\.NET Framework NGEN v4.0.30319 64 Critical"" requests computer wakeup during next regular maintenance run."
"23-05-2026 10:57:05","808","Warning","Microsoft-Windows-TaskScheduler","Maintenance Task ""NT TASK\Microsoft\Windows\.NET Framework\.NET Framework NGEN v4.0.30319 64 Critical"" requests computer wakeup during next regular maintenance run."
"23-05-2026 10:57:05","808","Warning","Microsoft-Windows-TaskScheduler","Maintenance Task ""NT TASK\Microsoft\Windows\.NET Framework\.NET Framework NGEN v4.0.30319 64 Critical"" requests computer wakeup during next regular maintenance run."
"23-05-2026 10:57:05","808","Warning","Microsoft-Windows-TaskScheduler","Maintenance Task ""NT TASK\Microsoft\Windows\.NET Framework\.NET Framework NGEN v4.0.30319 64 Critical"" requests computer wakeup during next regular maintenance run."
"23-05-2026 10:57:05","808","Warning","Microsoft-Windows-TaskScheduler","Maintenance Task ""NT TASK\Microsoft\Windows\.NET Framework\.NET Framework NGEN v4.0.30319 64 Critical"" requests computer wakeup during next regular maintenance run."
"23-05-2026 10:57:05","808","Warning","Microsoft-Windows-TaskScheduler","Maintenance Task ""NT TASK\Microsoft\Windows\.NET Framework\.NET Framework NGEN v4.0.30319 64 Critical"" requests computer wakeup during next regular maintenance run."
"23-05-2026 10:57:05","808","Warning","Microsoft-Windows-TaskScheduler","Maintenance Task ""NT TASK\Microsoft\Windows\.NET Framework\.NET Framework NGEN v4.0.30319 64 Critical"" requests computer wakeup during next regular maintenance run."
"23-05-2026 10:57:05","808","Warning","Microsoft-Windows-TaskScheduler","Maintenance Task ""NT TASK\Microsoft\Windows\.NET Framework\.NET Framework NGEN v4.0.30319 64 Critical"" requests computer wakeup during next regular maintenance run."
"23-05-2026 10:57:05","808","Warning","Microsoft-Windows-TaskScheduler","Maintenance Task ""NT TASK\Microsoft\Windows\.NET Framework\.NET Framework NGEN v4.0.30319 64 Critical"" requests computer wakeup during next regular maintenance run."
"23-05-2026 10:57:05","808","Warning","Microsoft-Windows-TaskScheduler","Maintenance Task ""NT TASK\Microsoft\Windows\.NET Framework\.NET Framework NGEN v4.0.30319 64 Critical"" requests computer wakeup during next regular maintenance run."
"23-05-2026 10:57:05","808","Warning","Microsoft-Windows-TaskScheduler","Maintenance Task ""NT TASK\Microsoft\Windows\.NET Framework\.NET Framework NGEN v4.0.30319 64 Critical"" requests computer wakeup during next regular maintenance run."
"23-05-2026 10:57:05","808","Warning","Microsoft-Windows-TaskScheduler","Maintenance Task ""NT TASK\Microsoft\Windows\.NET Framework\.NET Framework NGEN v4.0.30319 64 Critical"" requests computer wakeup during next regular maintenance run."
"23-05-2026 10:57:05","808","Warning","Microsoft-Windows-TaskScheduler","Maintenance Task ""NT TASK\Microsoft\Windows\.NET Framework\.NET Framework NGEN v4.0.30319 64 Critical"" requests computer wakeup during next regular maintenance run."
"23-05-2026 10:57:05","808","Warning","Microsoft-Windows-TaskScheduler","Maintenance Task ""NT TASK\Microsoft\Windows\.NET Framework\.NET Framework NGEN v4.0.30319 64 Critical"" requests computer wakeup during next regular maintenance run."
"23-05-2026 10:57:05","808","Warning","Microsoft-Windows-TaskScheduler","Maintenance Task ""NT TASK\Microsoft\Windows\.NET Framework\.NET Framework NGEN v4.0.30319 64 Critical"" requests computer wakeup during next regular maintenance run."
"23-05-2026 10:57:05","808","Warning","Microsoft-Windows-TaskScheduler","Maintenance Task ""NT TASK\Microsoft\Windows\.NET Framework\.NET Framework NGEN v4.0.30319 64 Critical"" requests computer wakeup during next regular maintenance run."
"23-05-2026 10:57:05","808","Warning","Microsoft-Windows-TaskScheduler","Maintenance Task ""NT TASK\Microsoft\Windows\.NET Framework\.NET Framework NGEN v4.0.30319 64 Critical"" requests computer wakeup during next regular maintenance run."
"23-05-2026 10:57:05","808","Warning","Microsoft-Windows-TaskScheduler","Maintenance Task ""NT TASK\Microsoft\Windows\.NET Framework\.NET Framework NGEN v4.0.30319 64 Critical"" requests computer wakeup during next regular maintenance run."
"23-05-2026 10:57:05","808","Warning","Microsoft-Windows-TaskScheduler","Maintenance Task ""NT TASK\Microsoft\Windows\.NET Framework\.NET Framework NGEN v4.0.30319 64 Critical"" requests computer wakeup during next regular maintenance run."
"23-05-2026 10:57:05","808","Warning","Microsoft-Windows-TaskScheduler","Maintenance Task ""NT TASK\Microsoft\Windows\.NET Framework\.NET Framework NGEN v4.0.30319 64 Critical"" requests computer wakeup during next regular maintenance run."
"23-05-2026 10:57:05","808","Warning","Microsoft-Windows-TaskScheduler","Maintenance Task ""NT TASK\Microsoft\Windows\.NET Framework\.NET Framework NGEN v4.0.30319 64 Critical"" requests computer wakeup during next regular maintenance run."
"23-05-2026 10:57:05","808","Warning","Microsoft-Windows-TaskScheduler","Maintenance Task ""NT TASK\Microsoft\Windows\.NET Framework\.NET Framework NGEN v4.0.30319 64 Critical"" requests computer wakeup during next regular maintenance run."
"23-05-2026 10:57:05","808","Warning","Microsoft-Windows-TaskScheduler","Maintenance Task ""NT TASK\Microsoft\Windows\.NET Framework\.NET Framework NGEN v4.0.30319 64 Critical"" requests computer wakeup during next regular maintenance run."
"23-05-2026 10:57:05","808","Warning","Microsoft-Windows-TaskScheduler","Maintenance Task ""NT TASK\Microsoft\Windows\.NET Framework\.NET Framework NGEN v4.0.30319 64 Critical"" requests computer wakeup during next regular maintenance run."
"23-05-2026 10:57:05","808","Warning","Microsoft-Windows-TaskScheduler","Maintenance Task ""NT TASK\Microsoft\Windows\.NET Framework\.NET Framework NGEN v4.0.30319 64 Critical"" requests computer wakeup during next regular maintenance run."
"23-05-2026 10:57:05","808","Warning","Microsoft-Windows-TaskScheduler","Maintenance Task ""NT TASK\Microsoft\Windows\.NET Framework\.NET Framework NGEN v4.0.30319 64 Critical"" requests computer wakeup during next regular maintenance run."
"23-05-2026 10:57:05","808","Warning","Microsoft-Windows-TaskScheduler","Maintenance Task ""NT TASK\Microsoft\Windows\.NET Framework\.NET Framework NGEN v4.0.30319 64 Critical"" requests computer wakeup during next regular maintenance run."
"23-05-2026 10:57:05","808","Warning","Microsoft-Windows-TaskScheduler","Maintenance Task ""NT TASK\Microsoft\Windows\.NET Framework\.NET Framework NGEN v4.0.30319 64 Critical"" requests computer wakeup during next regular maintenance run."
"23-05-2026 10:57:05","808","Warning","Microsoft-Windows-TaskScheduler","Maintenance Task ""NT TASK\Microsoft\Windows\.NET Framework\.NET Framework NGEN v4.0.30319 64 Critical"" requests computer wakeup during next regular maintenance run."
"23-05-2026 10:57:04","808","Warning","Microsoft-Windows-TaskScheduler","Maintenance Task ""NT TASK\Microsoft\Windows\.NET Framework\.NET Framework NGEN v4.0.30319 64 Critical"" requests computer wakeup during next regular maintenance run."
"23-05-2026 10:57:04","808","Warning","Microsoft-Windows-TaskScheduler","Maintenance Task ""NT TASK\Microsoft\Windows\.NET Framework\.NET Framework NGEN v4.0.30319 64 Critical"" requests computer wakeup during next regular maintenance run."
"23-05-2026 10:57:04","808","Warning","Microsoft-Windows-TaskScheduler","Maintenance Task ""NT TASK\Microsoft\Windows\.NET Framework\.NET Framework NGEN v4.0.30319 64 Critical"" requests computer wakeup during next regular maintenance run."
"23-05-2026 10:57:04","808","Warning","Microsoft-Windows-TaskScheduler","Maintenance Task ""NT TASK\Microsoft\Windows\.NET Framework\.NET Framework NGEN v4.0.30319 64 Critical"" requests computer wakeup during next regular maintenance run."
"23-05-2026 10:57:04","808","Warning","Microsoft-Windows-TaskScheduler","Maintenance Task ""NT TASK\Microsoft\Windows\.NET Framework\.NET Framework NGEN v4.0.30319 64 Critical"" requests computer wakeup during next regular maintenance run."
"23-05-2026 10:57:04","808","Warning","Microsoft-Windows-TaskScheduler","Maintenance Task ""NT TASK\Microsoft\Windows\.NET Framework\.NET Framework NGEN v4.0.30319 64 Critical"" requests computer wakeup during next regular maintenance run."
"23-05-2026 10:57:04","808","Warning","Microsoft-Windows-TaskScheduler","Maintenance Task ""NT TASK\Microsoft\Windows\.NET Framework\.NET Framework NGEN v4.0.30319 64 Critical"" requests computer wakeup during next regular maintenance run."
"23-05-2026 10:57:04","808","Warning","Microsoft-Windows-TaskScheduler","Maintenance Task ""NT TASK\Microsoft\Windows\.NET Framework\.NET Framework NGEN v4.0.30319 64 Critical"" requests computer wakeup during next regular maintenance run."
"23-05-2026 10:57:04","808","Warning","Microsoft-Windows-TaskScheduler","Maintenance Task ""NT TASK\Microsoft\Windows\.NET Framework\.NET Framework NGEN v4.0.30319 64 Critical"" requests computer wakeup during next regular maintenance run."
"23-05-2026 10:57:04","808","Warning","Microsoft-Windows-TaskScheduler","Maintenance Task ""NT TASK\Microsoft\Windows\.NET Framework\.NET Framework NGEN v4.0.30319 64 Critical"" requests computer wakeup during next regular maintenance run."
"23-05-2026 10:57:04","808","Warning","Microsoft-Windows-TaskScheduler","Maintenance Task ""NT TASK\Microsoft\Windows\.NET Framework\.NET Framework NGEN v4.0.30319 64 Critical"" requests computer wakeup during next regular maintenance run."
"23-05-2026 10:57:04","808","Warning","Microsoft-Windows-TaskScheduler","Maintenance Task ""NT TASK\Microsoft\Windows\.NET Framework\.NET Framework NGEN v4.0.30319 64 Critical"" requests computer wakeup during next regular maintenance run."
"23-05-2026 10:57:04","808","Warning","Microsoft-Windows-TaskScheduler","Maintenance Task ""NT TASK\Microsoft\Windows\.NET Framework\.NET Framework NGEN v4.0.30319 64 Critical"" requests computer wakeup during next regular maintenance run."
"23-05-2026 10:57:04","808","Warning","Microsoft-Windows-TaskScheduler","Maintenance Task ""NT TASK\Microsoft\Windows\.NET Framework\.NET Framework NGEN v4.0.30319 64 Critical"" requests computer wakeup during next regular maintenance run."
"23-05-2026 10:57:04","808","Warning","Microsoft-Windows-TaskScheduler","Maintenance Task ""NT TASK\Microsoft\Windows\.NET Framework\.NET Framework NGEN v4.0.30319 64 Critical"" requests computer wakeup during next regular maintenance run."
"23-05-2026 10:57:04","808","Warning","Microsoft-Windows-TaskScheduler","Maintenance Task ""NT TASK\Microsoft\Windows\.NET Framework\.NET Framework NGEN v4.0.30319 64 Critical"" requests computer wakeup during next regular maintenance run."
"23-05-2026 10:57:04","808","Warning","Microsoft-Windows-TaskScheduler","Maintenance Task ""NT TASK\Microsoft\Windows\.NET Framework\.NET Framework NGEN v4.0.30319 64 Critical"" requests computer wakeup during next regular maintenance run."
"23-05-2026 10:57:04","808","Warning","Microsoft-Windows-TaskScheduler","Maintenance Task ""NT TASK\Microsoft\Windows\.NET Framework\.NET Framework NGEN v4.0.30319 64 Critical"" requests computer wakeup during next regular maintenance run."
"23-05-2026 10:57:04","808","Warning","Microsoft-Windows-TaskScheduler","Maintenance Task ""NT TASK\Microsoft\Windows\.NET Framework\.NET Framework NGEN v4.0.30319 64 Critical"" requests computer wakeup during next regular maintenance run."
"23-05-2026 10:57:04","808","Warning","Microsoft-Windows-TaskScheduler","Maintenance Task ""NT TASK\Microsoft\Windows\.NET Framework\.NET Framework NGEN v4.0.30319 64 Critical"" requests computer wakeup during next regular maintenance run."
"23-05-2026 10:57:04","808","Warning","Microsoft-Windows-TaskScheduler","Maintenance Task ""NT TASK\Microsoft\Windows\.NET Framework\.NET Framework NGEN v4.0.30319 64 Critical"" requests computer wakeup during next regular maintenance run."
"23-05-2026 10:57:04","808","Warning","Microsoft-Windows-TaskScheduler","Maintenance Task ""NT TASK\Microsoft\Windows\.NET Framework\.NET Framework NGEN v4.0.30319 64 Critical"" requests computer wakeup during next regular maintenance run."
"23-05-2026 10:57:04","808","Warning","Microsoft-Windows-TaskScheduler","Maintenance Task ""NT TASK\Microsoft\Windows\.NET Framework\.NET Framework NGEN v4.0.30319 64 Critical"" requests computer wakeup during next regular maintenance run."
"23-05-2026 10:57:03","808","Warning","Microsoft-Windows-TaskScheduler","Maintenance Task ""NT TASK\Microsoft\Windows\.NET Framework\.NET Framework NGEN v4.0.30319 64 Critical"" requests computer wakeup during next regular maintenance run."
"23-05-2026 10:57:03","808","Warning","Microsoft-Windows-TaskScheduler","Maintenance Task ""NT TASK\Microsoft\Windows\.NET Framework\.NET Framework NGEN v4.0.30319 64 Critical"" requests computer wakeup during next regular maintenance run."
"23-05-2026 10:57:03","808","Warning","Microsoft-Windows-TaskScheduler","Maintenance Task ""NT TASK\Microsoft\Windows\.NET Framework\.NET Framework NGEN v4.0.30319 64 Critical"" requests computer wakeup during next regular maintenance run."
"23-05-2026 10:57:03","808","Warning","Microsoft-Windows-TaskScheduler","Maintenance Task ""NT TASK\Microsoft\Windows\.NET Framework\.NET Framework NGEN v4.0.30319 64 Critical"" requests computer wakeup during next regular maintenance run."
"23-05-2026 10:57:03","808","Warning","Microsoft-Windows-TaskScheduler","Maintenance Task ""NT TASK\Microsoft\Windows\.NET Framework\.NET Framework NGEN v4.0.30319 64 Critical"" requests computer wakeup during next regular maintenance run."
"23-05-2026 10:57:03","808","Warning","Microsoft-Windows-TaskScheduler","Maintenance Task ""NT TASK\Microsoft\Windows\.NET Framework\.NET Framework NGEN v4.0.30319 64 Critical"" requests computer wakeup during next regular maintenance run."
"23-05-2026 10:57:03","808","Warning","Microsoft-Windows-TaskScheduler","Maintenance Task ""NT TASK\Microsoft\Windows\.NET Framework\.NET Framework NGEN v4.0.30319 64 Critical"" requests computer wakeup during next regular maintenance run."
"23-05-2026 10:57:03","808","Warning","Microsoft-Windows-TaskScheduler","Maintenance Task ""NT TASK\Microsoft\Windows\.NET Framework\.NET Framework NGEN v4.0.30319 64 Critical"" requests computer wakeup during next regular maintenance run."
"23-05-2026 10:57:03","808","Warning","Microsoft-Windows-TaskScheduler","Maintenance Task ""NT TASK\Microsoft\Windows\.NET Framework\.NET Framework NGEN v4.0.30319 64 Critical"" requests computer wakeup during next regular maintenance run."
"23-05-2026 10:57:03","808","Warning","Microsoft-Windows-TaskScheduler","Maintenance Task ""NT TASK\Microsoft\Windows\.NET Framework\.NET Framework NGEN v4.0.30319 64 Critical"" requests computer wakeup during next regular maintenance run."
"23-05-2026 10:57:03","808","Warning","Microsoft-Windows-TaskScheduler","Maintenance Task ""NT TASK\Microsoft\Windows\.NET Framework\.NET Framework NGEN v4.0.30319 64 Critical"" requests computer wakeup during next regular maintenance run."
"23-05-2026 10:57:03","808","Warning","Microsoft-Windows-TaskScheduler","Maintenance Task ""NT TASK\Microsoft\Windows\.NET Framework\.NET Framework NGEN v4.0.30319 64 Critical"" requests computer wakeup during next regular maintenance run."
"23-05-2026 10:57:03","808","Warning","Microsoft-Windows-TaskScheduler","Maintenance Task ""NT TASK\Microsoft\Windows\.NET Framework\.NET Framework NGEN v4.0.30319 64 Critical"" requests computer wakeup during next regular maintenance run."
"23-05-2026 10:57:03","808","Warning","Microsoft-Windows-TaskScheduler","Maintenance Task ""NT TASK\Microsoft\Windows\.NET Framework\.NET Framework NGEN v4.0.30319 64 Critical"" requests computer wakeup during next regular maintenance run."
"23-05-2026 10:57:03","808","Warning","Microsoft-Windows-TaskScheduler","Maintenance Task ""NT TASK\Microsoft\Windows\.NET Framework\.NET Framework NGEN v4.0.30319 64 Critical"" requests computer wakeup during next regular maintenance run."
"23-05-2026 10:57:03","808","Warning","Microsoft-Windows-TaskScheduler","Maintenance Task ""NT TASK\Microsoft\Windows\.NET Framework\.NET Framework NGEN v4.0.30319 64 Critical"" requests computer wakeup during next regular maintenance run."
"23-05-2026 10:57:03","808","Warning","Microsoft-Windows-TaskScheduler","Maintenance Task ""NT TASK\Microsoft\Windows\.NET Framework\.NET Framework NGEN v4.0.30319 64 Critical"" requests computer wakeup during next regular maintenance run."
"23-05-2026 10:57:03","808","Warning","Microsoft-Windows-TaskScheduler","Maintenance Task ""NT TASK\Microsoft\Windows\.NET Framework\.NET Framework NGEN v4.0.30319 64 Critical"" requests computer wakeup during next regular maintenance run."
"23-05-2026 10:57:03","808","Warning","Microsoft-Windows-TaskScheduler","Maintenance Task ""NT TASK\Microsoft\Windows\.NET Framework\.NET Framework NGEN v4.0.30319 64 Critical"" requests computer wakeup during next regular maintenance run."
"23-05-2026 10:57:03","808","Warning","Microsoft-Windows-TaskScheduler","Maintenance Task ""NT TASK\Microsoft\Windows\.NET Framework\.NET Framework NGEN v4.0.30319 64 Critical"" requests computer wakeup during next regular maintenance run."
"23-05-2026 10:57:03","808","Warning","Microsoft-Windows-TaskScheduler","Maintenance Task ""NT TASK\Microsoft\Windows\.NET Framework\.NET Framework NGEN v4.0.30319 64 Critical"" requests computer wakeup during next regular maintenance run."
"23-05-2026 10:57:03","808","Warning","Microsoft-Windows-TaskScheduler","Maintenance Task ""NT TASK\Microsoft\Windows\.NET Framework\.NET Framework NGEN v4.0.30319 64 Critical"" requests computer wakeup during next regular maintenance run."
"23-05-2026 10:57:02","808","Warning","Microsoft-Windows-TaskScheduler","Maintenance Task ""NT TASK\Microsoft\Windows\.NET Framework\.NET Framework NGEN v4.0.30319 64 Critical"" requests computer wakeup during next regular maintenance run."
"23-05-2026 10:57:02","808","Warning","Microsoft-Windows-TaskScheduler","Maintenance Task ""NT TASK\Microsoft\Windows\.NET Framework\.NET Framework NGEN v4.0.30319 64 Critical"" requests computer wakeup during next regular maintenance run."
"23-05-2026 10:57:02","808","Warning","Microsoft-Windows-TaskScheduler","Maintenance Task ""NT TASK\Microsoft\Windows\.NET Framework\.NET Framework NGEN v4.0.30319 64 Critical"" requests computer wakeup during next regular maintenance run."
"23-05-2026 10:57:02","808","Warning","Microsoft-Windows-TaskScheduler","Maintenance Task ""NT TASK\Microsoft\Windows\.NET Framework\.NET Framework NGEN v4.0.30319 64 Critical"" requests computer wakeup during next regular maintenance run."
"23-05-2026 10:57:02","808","Warning","Microsoft-Windows-TaskScheduler","Maintenance Task ""NT TASK\Microsoft\Windows\.NET Framework\.NET Framework NGEN v4.0.30319 64 Critical"" requests computer wakeup during next regular maintenance run."
"23-05-2026 10:57:02","808","Warning","Microsoft-Windows-TaskScheduler","Maintenance Task ""NT TASK\Microsoft\Windows\.NET Framework\.NET Framework NGEN v4.0.30319 64 Critical"" requests computer wakeup during next regular maintenance run."
"23-05-2026 10:57:02","808","Warning","Microsoft-Windows-TaskScheduler","Maintenance Task ""NT TASK\Microsoft\Windows\.NET Framework\.NET Framework NGEN v4.0.30319 64 Critical"" requests computer wakeup during next regular maintenance run."
"23-05-2026 10:57:02","808","Warning","Microsoft-Windows-TaskScheduler","Maintenance Task ""NT TASK\Microsoft\Windows\.NET Framework\.NET Framework NGEN v4.0.30319 64 Critical"" requests computer wakeup during next regular maintenance run."
"23-05-2026 10:57:02","808","Warning","Microsoft-Windows-TaskScheduler","Maintenance Task ""NT TASK\Microsoft\Windows\.NET Framework\.NET Framework NGEN v4.0.30319 64 Critical"" requests computer wakeup during next regular maintenance run."
"23-05-2026 10:57:02","808","Warning","Microsoft-Windows-TaskScheduler","Maintenance Task ""NT TASK\Microsoft\Windows\.NET Framework\.NET Framework NGEN v4.0.30319 64 Critical"" requests computer wakeup during next regular maintenance run."
"23-05-2026 10:57:02","808","Warning","Microsoft-Windows-TaskScheduler","Maintenance Task ""NT TASK\Microsoft\Windows\.NET Framework\.NET Framework NGEN v4.0.30319 64 Critical"" requests computer wakeup during next regular maintenance run."
