"03-08-2026 11:05:20","28018","Information","Microsoft-Windows-Shell-Core","AppResolver Scan Stopped."
"03-08-2026 11:05:20","28017","Information","Microsoft-Windows-Shell-Core","AppResolver Scan Started."
"03-08-2026 09:43:03","28019","Information","Microsoft-Windows-Shell-Core","AppResolver Cache Committed."
"03-08-2026 09:43:03","28018","Information","Microsoft-Windows-Shell-Core","AppResolver Scan Stopped."
"03-08-2026 09:43:03","28117","Information","Microsoft-Windows-Shell-Core","Shortcut for application Microsoft Edge with ID MSEdge and flags 0x19 is updated in app resolver cache."
"03-08-2026 09:43:03","28032","Information","Microsoft-Windows-Shell-Core","AppResolver has parsed the visual elements manifest for a tile."
"03-08-2026 09:43:03","28117","Information","Microsoft-Windows-Shell-Core","Shortcut for application Microsoft Edge with ID MSEdge and flags 0x39 is updated in app resolver cache."
"03-08-2026 09:43:03","28032","Information","Microsoft-Windows-Shell-Core","AppResolver has parsed the visual elements manifest for a tile."
"03-08-2026 09:43:03","28017","Information","Microsoft-Windows-Shell-Core","AppResolver Scan Started."
"03-08-2026 09:34:53","28019","Information","Microsoft-Windows-Shell-Core","AppResolver Cache Committed."
"03-08-2026 09:34:53","28018","Information","Microsoft-Windows-Shell-Core","AppResolver Scan Stopped."
"03-08-2026 09:34:53","28117","Information","Microsoft-Windows-Shell-Core","Shortcut for application 7-Zip Help with ID {6D809377-6AF0-444B-8957-A3773F02200E}\7-Zip\7-zip.chm and flags 0x220 is updated in app resolver cache."
"03-08-2026 09:34:53","28117","Information","Microsoft-Windows-Shell-Core","Shortcut for application 7-Zip File Manager with ID {6D809377-6AF0-444B-8957-A3773F02200E}\7-Zip\7zFM.exe and flags 0x8030 is updated in app resolver cache."
"03-08-2026 09:34:53","28017","Information","Microsoft-Windows-Shell-Core","AppResolver Scan Started."
"03-08-2026 09:31:42","9706","Information","Microsoft-Windows-Shell-Core","Finished enumeration of commands for registry key 'Software\Microsoft\Windows\CurrentVersion\Run'."
"03-08-2026 09:31:42","9708","Information","Microsoft-Windows-Shell-Core","Finished execution of command 'TrGUI.exe""' (PID 22460)."
"03-08-2026 09:31:12","9707","Information","Microsoft-Windows-Shell-Core","Started execution of command 'TrGUI.exe""'."
"03-08-2026 09:31:12","9705","Information","Microsoft-Windows-Shell-Core","Started enumeration of commands for registry key 'Software\Microsoft\Windows\CurrentVersion\Run'."
"03-08-2026 09:31:12","9649","Information","Microsoft-Windows-Shell-Core",
"03-08-2026 09:31:12","9648","Information","Microsoft-Windows-Shell-Core",
"03-08-2026 09:31:12","9649","Information","Microsoft-Windows-Shell-Core",
"03-08-2026 09:31:12","9648","Information","Microsoft-Windows-Shell-Core",
"03-08-2026 09:31:12","9649","Information","Microsoft-Windows-Shell-Core",
"03-08-2026 09:31:12","9706","Information","Microsoft-Windows-Shell-Core","Finished enumeration of commands for registry key 'Software\Microsoft\Windows\CurrentVersion\RunOnce'."
"03-08-2026 09:31:12","9705","Information","Microsoft-Windows-Shell-Core","Started enumeration of commands for registry key 'Software\Microsoft\Windows\CurrentVersion\RunOnce'."
"03-08-2026 09:31:12","62409","Information","Microsoft-Windows-Shell-Core","Finished execution of command 'm365copilot_autostarter.exe' (PID 17164)."
"03-08-2026 09:30:41","62408","Information","Microsoft-Windows-Shell-Core","Started execution of command 'm365copilot_autostarter.exe'."
"03-08-2026 09:30:41","62409","Information","Microsoft-Windows-Shell-Core","Finished execution of command 'msteams_autostarter.exe' (PID 22016)."
"03-08-2026 09:30:11","62408","Information","Microsoft-Windows-Shell-Core","Started execution of command 'msteams_autostarter.exe'."
"03-08-2026 09:30:11","9706","Information","Microsoft-Windows-Shell-Core","Finished enumeration of commands for registry key 'Software\Microsoft\Windows\CurrentVersion\Run'."
"03-08-2026 09:30:11","9708","Information","Microsoft-Windows-Shell-Core","Finished execution of command 'msedge.exe"" --no-startup-window --win-session-start' (PID 21868)."
"03-08-2026 09:29:41","9707","Information","Microsoft-Windows-Shell-Core","Started execution of command 'msedge.exe"" --no-startup-window --win-session-start'."
"03-08-2026 09:29:41","9708","Information","Microsoft-Windows-Shell-Core","Finished execution of command 'OneDrive.Sync.Service.exe' (PID 17640)."
"03-08-2026 09:29:11","9707","Information","Microsoft-Windows-Shell-Core","Started execution of command 'OneDrive.Sync.Service.exe'."
"03-08-2026 09:29:11","9708","Information","Microsoft-Windows-Shell-Core","Finished execution of command 'OneDrive.exe"" /background' (PID 25444)."
"03-08-2026 09:28:54","62144","Information","Microsoft-Windows-Shell-Core","Updating install state of package Microsoft.OneDriveSync_8wekyb3d8bbwe to 'Completed' with HRESULT 0."
"03-08-2026 09:28:54","62144","Information","Microsoft-Windows-Shell-Core","Updating install state of package Microsoft.OneDriveSync_8wekyb3d8bbwe to 'Installing' with HRESULT 0."
"03-08-2026 09:28:41","9707","Information","Microsoft-Windows-Shell-Core","Started execution of command 'OneDrive.exe"" /background'."
"03-08-2026 09:28:41","9705","Information","Microsoft-Windows-Shell-Core","Started enumeration of commands for registry key 'Software\Microsoft\Windows\CurrentVersion\Run'."
"03-08-2026 09:28:41","9706","Information","Microsoft-Windows-Shell-Core","Finished enumeration of commands for registry key 'Software\Microsoft\Windows\CurrentVersion\Run'."
"03-08-2026 09:28:41","9708","Information","Microsoft-Windows-Shell-Core","Finished execution of command 'Seagull_DriverStartup.exe startup' (PID 22432)."
"03-08-2026 09:28:11","9707","Information","Microsoft-Windows-Shell-Core","Started execution of command 'Seagull_DriverStartup.exe startup'."
"03-08-2026 09:28:11","9708","Information","Microsoft-Windows-Shell-Core","Finished execution of command 'CLAudioBackgroundProcess.exe' (PID 2644)."
"03-08-2026 09:27:41","9707","Information","Microsoft-Windows-Shell-Core","Started execution of command 'CLAudioBackgroundProcess.exe'."
"03-08-2026 09:27:41","9708","Information","Microsoft-Windows-Shell-Core","Finished execution of command 'SecurityHealthSystray.exe' (PID 22848)."
"03-08-2026 09:27:30","62144","Information","Microsoft-Windows-Shell-Core","Updating install state of package Microsoft.MicrosoftOfficeHub_8wekyb3d8bbwe to 'Completed' with HRESULT 0."
"03-08-2026 09:27:11","9707","Information","Microsoft-Windows-Shell-Core","Started execution of command 'SecurityHealthSystray.exe'."
"03-08-2026 09:27:11","9705","Information","Microsoft-Windows-Shell-Core","Started enumeration of commands for registry key 'Software\Microsoft\Windows\CurrentVersion\Run'."
"03-08-2026 09:26:52","62144","Information","Microsoft-Windows-Shell-Core","Updating install state of package Microsoft.MicrosoftOfficeHub_8wekyb3d8bbwe to 'Installing' with HRESULT 0."
"03-08-2026 09:26:48","28019","Information","Microsoft-Windows-Shell-Core","AppResolver Cache Committed."
"03-08-2026 09:26:48","28018","Information","Microsoft-Windows-Shell-Core","AppResolver Scan Stopped."
"03-08-2026 09:26:48","28017","Information","Microsoft-Windows-Shell-Core","AppResolver Scan Started."
"03-08-2026 09:26:40","9648","Information","Microsoft-Windows-Shell-Core",
"03-08-2026 09:26:40","9649","Information","Microsoft-Windows-Shell-Core",
"03-08-2026 09:26:40","9653","Information","Microsoft-Windows-Shell-Core",
"03-08-2026 09:26:40","9653","Information","Microsoft-Windows-Shell-Core",
"03-08-2026 09:26:40","9652","Information","Microsoft-Windows-Shell-Core",
"03-08-2026 09:26:40","9652","Information","Microsoft-Windows-Shell-Core",
"03-08-2026 09:26:40","9648","Information","Microsoft-Windows-Shell-Core",
"03-08-2026 09:26:40","9649","Information","Microsoft-Windows-Shell-Core",
"03-08-2026 09:26:40","9648","Information","Microsoft-Windows-Shell-Core",
"03-08-2026 09:26:40","9649","Information","Microsoft-Windows-Shell-Core",
"03-08-2026 09:26:40","9648","Information","Microsoft-Windows-Shell-Core",
"03-08-2026 09:26:40","9649","Information","Microsoft-Windows-Shell-Core",
"03-08-2026 09:26:40","9648","Information","Microsoft-Windows-Shell-Core",
"03-08-2026 09:26:40","9649","Information","Microsoft-Windows-Shell-Core",
"03-08-2026 09:26:40","9648","Information","Microsoft-Windows-Shell-Core",
"03-08-2026 09:26:40","9649","Information","Microsoft-Windows-Shell-Core",
"03-08-2026 09:26:40","9653","Information","Microsoft-Windows-Shell-Core",
"03-08-2026 09:26:40","9653","Information","Microsoft-Windows-Shell-Core",
"03-08-2026 09:26:40","9653","Information","Microsoft-Windows-Shell-Core",
"03-08-2026 09:26:39","62171","Information","Microsoft-Windows-Shell-Core","Logon task 'CloudDataUpdateProfileName' finished with flags 132096."
"03-08-2026 09:26:39","62171","Information","Microsoft-Windows-Shell-Core","Logon task 'InitializeBrowserSsoCookie' finished with flags 132096."
"03-08-2026 09:26:39","62171","Information","Microsoft-Windows-Shell-Core","Logon task 'CloudDataRestore' finished with flags 132096."
"03-08-2026 09:26:39","62171","Information","Microsoft-Windows-Shell-Core","Logon task 'LaunchInputDialListenerPostStart' finished with flags 132096."
"03-08-2026 09:26:39","62171","Information","Microsoft-Windows-Shell-Core","Logon task 'AppReadinessNotifyLogonComplete' finished with flags 132096."
"03-08-2026 09:26:39","9652","Information","Microsoft-Windows-Shell-Core",
"03-08-2026 09:26:39","9652","Information","Microsoft-Windows-Shell-Core",
"03-08-2026 09:26:39","62171","Information","Microsoft-Windows-Shell-Core","Logon task 'CDSDataMigration' finished with flags 132096."
"03-08-2026 09:26:39","9652","Information","Microsoft-Windows-Shell-Core",
"03-08-2026 09:26:39","9653","Information","Microsoft-Windows-Shell-Core",
"03-08-2026 09:26:39","62171","Information","Microsoft-Windows-Shell-Core","Logon task 'AssignedAccessAutoLaunch' finished with flags 132096."
"03-08-2026 09:26:39","62171","Information","Microsoft-Windows-Shell-Core","Logon task 'LaunchCustomShell' finished with flags 132096."
"03-08-2026 09:26:39","62171","Information","Microsoft-Windows-Shell-Core","Logon task 'WSXRegistryInit' finished with flags 132096."
"03-08-2026 09:26:39","62170","Information","Microsoft-Windows-Shell-Core","Logon task 'WSXRegistryInit' started with flags 132096."
"03-08-2026 09:26:39","62171","Information","Microsoft-Windows-Shell-Core","Logon task 'CommercialHomePageSetup' finished with flags 132096."
"03-08-2026 09:26:39","62170","Information","Microsoft-Windows-Shell-Core","Logon task 'CDSDataMigration' started with flags 132096."
"03-08-2026 09:26:39","62170","Information","Microsoft-Windows-Shell-Core","Logon task 'CloudDataRestore' started with flags 132096."
"03-08-2026 09:26:39","62171","Information","Microsoft-Windows-Shell-Core","Logon task 'FamilyMembersNotification' finished with flags 132096."
"03-08-2026 09:26:39","62170","Information","Microsoft-Windows-Shell-Core","Logon task 'FamilyMembersNotification' started with flags 132096."
"03-08-2026 09:26:39","62171","Information","Microsoft-Windows-Shell-Core","Logon task 'FamilySync' finished with flags 132096."
"03-08-2026 09:26:39","62170","Information","Microsoft-Windows-Shell-Core","Logon task 'FamilySync' started with flags 132096."
"03-08-2026 09:26:39","62171","Information","Microsoft-Windows-Shell-Core","Logon task 'StartSkydriveSync' finished with flags 132096."
"03-08-2026 09:26:39","62170","Information","Microsoft-Windows-Shell-Core","Logon task 'LaunchCustomShell' started with flags 132096."
"03-08-2026 09:26:39","62171","Information","Microsoft-Windows-Shell-Core","Logon task 'LaunchExplorerDestListMigrationPostStart' finished with flags 132096."
"03-08-2026 09:26:39","62170","Information","Microsoft-Windows-Shell-Core","Logon task 'LaunchExplorerDestListMigrationPostStart' started with flags 132096."
"03-08-2026 09:26:39","62171","Information","Microsoft-Windows-Shell-Core","Logon task 'LaunchLockScreenCacheImageRestorePostStart' finished with flags 132096."
"03-08-2026 09:26:39","62170","Information","Microsoft-Windows-Shell-Core","Logon task 'LaunchLockScreenCacheImageRestorePostStart' started with flags 132096."
"03-08-2026 09:26:39","62171","Information","Microsoft-Windows-Shell-Core","Logon task 'CreateYourPhoneShortcutsIfNeededPostStart' finished with flags 132096."
"03-08-2026 09:26:39","62170","Information","Microsoft-Windows-Shell-Core","Logon task 'CreateYourPhoneShortcutsIfNeededPostStart' started with flags 132096."
"03-08-2026 09:26:39","62171","Information","Microsoft-Windows-Shell-Core","Logon task 'CreateEdgeIconIfNeededPostStart' finished with flags 132096."
"03-08-2026 09:26:39","62170","Information","Microsoft-Windows-Shell-Core","Logon task 'CreateEdgeIconIfNeededPostStart' started with flags 132096."
"03-08-2026 09:26:39","62170","Information","Microsoft-Windows-Shell-Core","Logon task 'InitializeBrowserSsoCookie' started with flags 132096."
"03-08-2026 09:26:39","62171","Information","Microsoft-Windows-Shell-Core","Logon task 'OEMFirstRunTelemetry' finished with flags 132096."
"03-08-2026 09:26:39","62170","Information","Microsoft-Windows-Shell-Core","Logon task 'OEMFirstRunTelemetry' started with flags 132096."
"03-08-2026 09:26:39","62171","Information","Microsoft-Windows-Shell-Core","Logon task 'RemoveTempOOBEUser' finished with flags 132096."
"03-08-2026 09:26:39","62170","Information","Microsoft-Windows-Shell-Core","Logon task 'StartSkydriveSync' started with flags 132096."
"03-08-2026 09:26:39","62170","Information","Microsoft-Windows-Shell-Core","Logon task 'RemoveTempOOBEUser' started with flags 132096."
"03-08-2026 09:26:39","62171","Information","Microsoft-Windows-Shell-Core","Logon task 'LaunchExplorerNamespaceRestrictionPostStart' finished with flags 132096."
"03-08-2026 09:26:39","62171","Information","Microsoft-Windows-Shell-Core","Logon task 'PostStartTasks' finished with flags 132096."
"03-08-2026 09:26:39","62170","Information","Microsoft-Windows-Shell-Core","Logon task 'CommercialHomePageSetup' started with flags 132096."
"03-08-2026 09:26:39","62171","Information","Microsoft-Windows-Shell-Core","Logon task 'PrepareSettingSearch' finished with flags 132096."
"03-08-2026 09:26:39","62170","Information","Microsoft-Windows-Shell-Core","Logon task 'PrepareSettingSearch' started with flags 132096."
"03-08-2026 09:26:39","9652","Information","Microsoft-Windows-Shell-Core",
"03-08-2026 09:26:39","62171","Information","Microsoft-Windows-Shell-Core","Logon task 'ResumeAppRestore' finished with flags 132096."
"03-08-2026 09:26:39","9648","Information","Microsoft-Windows-Shell-Core",
"03-08-2026 09:26:39","62170","Information","Microsoft-Windows-Shell-Core","Logon task 'ResumeAppRestore' started with flags 132096."
"03-08-2026 09:26:39","62171","Information","Microsoft-Windows-Shell-Core","Logon task 'FixUserTileStoreCorruption' finished with flags 132096."
"03-08-2026 09:26:39","62170","Information","Microsoft-Windows-Shell-Core","Logon task 'CloudDataUpdateProfileName' started with flags 132096."
"03-08-2026 09:26:39","62170","Information","Microsoft-Windows-Shell-Core","Logon task 'LaunchExplorerNamespaceRestrictionPostStart' started with flags 132096."
"03-08-2026 09:26:39","62171","Information","Microsoft-Windows-Shell-Core","Logon task 'NotifyTrayStartIsReady' finished with flags 132096."
"03-08-2026 09:26:39","62171","Information","Microsoft-Windows-Shell-Core","Logon task 'LaunchExperienceHostPostStart' finished with flags 132096."
"03-08-2026 09:26:39","62170","Information","Microsoft-Windows-Shell-Core","Logon task 'LaunchExperienceHostPostStart' started with flags 132096."
"03-08-2026 09:26:39","62170","Information","Microsoft-Windows-Shell-Core","Logon task 'AppReadinessNotifyLogonComplete' started with flags 132096."
"03-08-2026 09:26:39","62170","Information","Microsoft-Windows-Shell-Core","Logon task 'AssignedAccessAutoLaunch' started with flags 132096."
"03-08-2026 09:26:39","62170","Information","Microsoft-Windows-Shell-Core","Logon task 'FixUserTileStoreCorruption' started with flags 132096."
"03-08-2026 09:26:39","62171","Information","Microsoft-Windows-Shell-Core","Logon task 'LaunchPeopleExperiencePostStart' finished with flags 132096."
"03-08-2026 09:26:39","62170","Information","Microsoft-Windows-Shell-Core","Logon task 'NotifyTrayStartIsReady' started with flags 132096."
"03-08-2026 09:26:39","62170","Information","Microsoft-Windows-Shell-Core","Logon task 'LaunchInputDialListenerPostStart' started with flags 132096."
"03-08-2026 09:26:39","62171","Information","Microsoft-Windows-Shell-Core","Logon task 'LaunchLockAppHostPostStart' finished with flags 132096."
"03-08-2026 09:26:39","62170","Information","Microsoft-Windows-Shell-Core","Logon task 'LaunchLockAppHostPostStart' started with flags 132096."
"03-08-2026 09:26:39","62170","Information","Microsoft-Windows-Shell-Core","Logon task 'LaunchPeopleExperiencePostStart' started with flags 132096."
"03-08-2026 09:26:39","62171","Information","Microsoft-Windows-Shell-Core","Logon task 'PerUserSetupPostStart' finished with flags 132096."
"03-08-2026 09:26:39","62170","Information","Microsoft-Windows-Shell-Core","Logon task 'PerUserSetupPostStart' started with flags 132096."
"03-08-2026 09:26:39","62170","Information","Microsoft-Windows-Shell-Core","Logon task 'PostStartTasks' started with flags 132096."
"03-08-2026 09:26:39","62171","Information","Microsoft-Windows-Shell-Core","Logon task 'AllLogonTasks' finished with flags 132096."
"03-08-2026 09:26:39","62171","Information","Microsoft-Windows-Shell-Core","Logon task 'PreStartTasks' finished with flags 132096."
"03-08-2026 09:26:39","62171","Information","Microsoft-Windows-Shell-Core","Logon task 'PerUserSetup' finished with flags 132096."
"03-08-2026 09:26:39","62171","Information","Microsoft-Windows-Shell-Core","Logon task 'PerformSignInSuggestions' finished with flags 132096."
"03-08-2026 09:26:39","62171","Information","Microsoft-Windows-Shell-Core","Logon task 'AssignedAccessLogonTaskAgentPreStart' finished with flags 132096."
"03-08-2026 09:26:39","62171","Information","Microsoft-Windows-Shell-Core","Logon task 'LaunchExperienceHost' finished with flags 132096."
"03-08-2026 09:26:38","62171","Information","Microsoft-Windows-Shell-Core","Logon task 'StartLayoutInit' finished with flags 132096."
"03-08-2026 09:26:38","62171","Information","Microsoft-Windows-Shell-Core","Logon task 'RemoveC2DShortcut' finished with flags 132096."
"03-08-2026 09:26:38","62170","Information","Microsoft-Windows-Shell-Core","Logon task 'RemoveC2DShortcut' started with flags 132096."
"03-08-2026 09:26:38","62170","Information","Microsoft-Windows-Shell-Core","Logon task 'PerUserSetup' started with flags 132096."
"03-08-2026 09:26:38","62171","Information","Microsoft-Windows-Shell-Core","Logon task 'ConfigureA9InstallOptionalComponent' finished with flags 132096."
"03-08-2026 09:26:38","62170","Information","Microsoft-Windows-Shell-Core","Logon task 'ConfigureA9InstallOptionalComponent' started with flags 132096."
"03-08-2026 09:26:38","62171","Information","Microsoft-Windows-Shell-Core","Logon task 'WSXRegistryInitPreStart' finished with flags 132096."
"03-08-2026 09:26:38","62170","Information","Microsoft-Windows-Shell-Core","Logon task 'WSXRegistryInitPreStart' started with flags 132096."
"03-08-2026 09:26:38","62170","Information","Microsoft-Windows-Shell-Core","Logon task 'AssignedAccessLogonTaskAgentPreStart' started with flags 132096."
"03-08-2026 09:26:38","62171","Information","Microsoft-Windows-Shell-Core","Logon task 'EnterpriseProvisioning' finished with flags 132096."
"03-08-2026 09:26:38","62170","Information","Microsoft-Windows-Shell-Core","Logon task 'EnterpriseProvisioning' started with flags 132096."
"03-08-2026 09:26:38","62171","Information","Microsoft-Windows-Shell-Core","Logon task 'UpdatePCSettingsPreStart' finished with flags 132096."
"03-08-2026 09:26:38","62170","Information","Microsoft-Windows-Shell-Core","Logon task 'UpdatePCSettingsPreStart' started with flags 132096."
"03-08-2026 09:26:38","62171","Information","Microsoft-Windows-Shell-Core","Logon task 'PerformSignInSuggestionsStart' finished with flags 132096."
"03-08-2026 09:26:38","62170","Information","Microsoft-Windows-Shell-Core","Logon task 'PerformSignInSuggestionsStart' started with flags 132096."
"03-08-2026 09:26:38","62171","Information","Microsoft-Windows-Shell-Core","Logon task 'LaunchContentDeliveryManagerStart' finished with flags 132096."
"03-08-2026 09:26:38","62170","Information","Microsoft-Windows-Shell-Core","Logon task 'LaunchContentDeliveryManagerStart' started with flags 132096."
"03-08-2026 09:26:38","62170","Information","Microsoft-Windows-Shell-Core","Logon task 'LaunchExperienceHost' started with flags 132096."
"03-08-2026 09:26:38","62170","Information","Microsoft-Windows-Shell-Core","Logon task 'PreStartTasks' started with flags 132096."
"03-08-2026 09:26:38","28125","Information","Microsoft-Windows-Shell-Core","Starting to refresh app resolver cache for scenario 1 with flags 2316."
"03-08-2026 09:26:38","9649","Information","Microsoft-Windows-Shell-Core",
"03-08-2026 09:26:38","62171","Information","Microsoft-Windows-Shell-Core","Logon task 'DefaultAssociations' finished with flags 132096."
"03-08-2026 09:26:38","28019","Information","Microsoft-Windows-Shell-Core","AppResolver Cache Committed."
"03-08-2026 09:26:37","28018","Information","Microsoft-Windows-Shell-Core","AppResolver Scan Stopped."
"03-08-2026 09:26:37","28017","Information","Microsoft-Windows-Shell-Core","AppResolver Scan Started."
"03-08-2026 09:26:37","9648","Information","Microsoft-Windows-Shell-Core",
"03-08-2026 09:26:22","62171","Information","Microsoft-Windows-Shell-Core","Logon task 'ShellInitTasks' finished with flags 132096."
"03-08-2026 09:26:22","62171","Information","Microsoft-Windows-Shell-Core","Logon task 'InstallPWAs' finished with flags 132096."
"03-08-2026 09:26:22","62171","Information","Microsoft-Windows-Shell-Core","Logon task 'AppReadinessLogonGroup' finished with flags 132096."
"03-08-2026 09:26:22","62170","Information","Microsoft-Windows-Shell-Core","Logon task 'InstallPWAs' started with flags 132096."
"03-08-2026 09:26:22","62171","Information","Microsoft-Windows-Shell-Core","Logon task 'UpdatePCSettingsShellInit' finished with flags 132096."
"03-08-2026 09:26:22","62170","Information","Microsoft-Windows-Shell-Core","Logon task 'UpdatePCSettingsShellInit' started with flags 132096."
"03-08-2026 09:26:22","62170","Information","Microsoft-Windows-Shell-Core","Logon task 'AppReadinessLogonGroup' started with flags 132096."
"03-08-2026 09:26:22","62170","Information","Microsoft-Windows-Shell-Core","Logon task 'ShellInitTasks' started with flags 132096."
"03-08-2026 09:26:22","62171","Information","Microsoft-Windows-Shell-Core","Logon task 'PreShellTasks' finished with flags 132096."
"03-08-2026 09:26:22","62171","Information","Microsoft-Windows-Shell-Core","Logon task 'AppResolver' finished with flags 132096."
"03-08-2026 09:26:22","62171","Information","Microsoft-Windows-Shell-Core","Logon task 'AppReadinessPreShellGroup' finished with flags 132096."
"03-08-2026 09:26:21","62171","Information","Microsoft-Windows-Shell-Core","Logon task 'CacheUserEligibility' finished with flags 132096."
"03-08-2026 09:26:21","62171","Information","Microsoft-Windows-Shell-Core","Logon task 'ShellHandwriting' finished with flags 132096."
"03-08-2026 09:26:21","62171","Information","Microsoft-Windows-Shell-Core","Logon task 'LaunchProgrammableTaskbarCloudManager' finished with flags 132096."
"03-08-2026 09:26:21","62170","Information","Microsoft-Windows-Shell-Core","Logon task 'LaunchProgrammableTaskbarCloudManager' started with flags 132096."
"03-08-2026 09:26:21","62171","Information","Microsoft-Windows-Shell-Core","Logon task 'UgradeTaskFlowPolicy' finished with flags 132096."
"03-08-2026 09:26:21","62170","Information","Microsoft-Windows-Shell-Core","Logon task 'UgradeTaskFlowPolicy' started with flags 132096."
"03-08-2026 09:26:21","62170","Information","Microsoft-Windows-Shell-Core","Logon task 'ShellHandwriting' started with flags 132096."
"03-08-2026 09:26:21","62171","Information","Microsoft-Windows-Shell-Core","Logon task 'DownloadEduThemes' finished with flags 132096."
"03-08-2026 09:26:21","62170","Information","Microsoft-Windows-Shell-Core","Logon task 'DownloadEduThemes' started with flags 132096."
"03-08-2026 09:26:21","62170","Information","Microsoft-Windows-Shell-Core","Logon task 'StartLayoutInit' started with flags 132096."
"03-08-2026 09:26:21","62171","Information","Microsoft-Windows-Shell-Core","Logon task 'AppRestore' finished with flags 132096."
"03-08-2026 09:26:21","62170","Information","Microsoft-Windows-Shell-Core","Logon task 'AppRestore' started with flags 132096."
"03-08-2026 09:26:21","62170","Information","Microsoft-Windows-Shell-Core","Logon task 'PreShellTasks' started with flags 132096."
"03-08-2026 09:26:21","62171","Information","Microsoft-Windows-Shell-Core","Logon task 'PreRoamingTasks' finished with flags 132096."
"03-08-2026 09:26:21","62171","Information","Microsoft-Windows-Shell-Core","Logon task 'AppReadinessPreRoamingGroup' finished with flags 132096."
"03-08-2026 09:26:21","62171","Information","Microsoft-Windows-Shell-Core","Logon task 'ClickToDoEligibility' finished with flags 132096."
"03-08-2026 09:26:21","62171","Information","Microsoft-Windows-Shell-Core","Logon task 'RefreshOneSettingsFeatureConfigurations' finished with flags 132096."
"03-08-2026 09:26:21","62170","Information","Microsoft-Windows-Shell-Core","Logon task 'RefreshOneSettingsFeatureConfigurations' started with flags 132096."
"03-08-2026 09:26:21","62170","Information","Microsoft-Windows-Shell-Core","Logon task 'CacheUserEligibility' started with flags 132096."
"03-08-2026 09:26:21","62170","Information","Microsoft-Windows-Shell-Core","Logon task 'ClickToDoEligibility' started with flags 132096."
"03-08-2026 09:26:21","62171","Information","Microsoft-Windows-Shell-Core","Logon task 'WaitForMSAConnected' finished with flags 132096."
"03-08-2026 09:26:21","62170","Information","Microsoft-Windows-Shell-Core","Logon task 'WaitForMSAConnected' started with flags 132096."
"03-08-2026 09:26:21","62171","Information","Microsoft-Windows-Shell-Core","Logon task 'ActiveSetup' finished with flags 132096."
"03-08-2026 09:26:21","28125","Information","Microsoft-Windows-Shell-Core","Starting to refresh app resolver cache for scenario 1 with flags 268."
"03-08-2026 09:26:21","62171","Information","Microsoft-Windows-Shell-Core","Logon task 'GetLanguageOverlayPackage' finished with flags 132096."
"03-08-2026 09:26:21","62170","Information","Microsoft-Windows-Shell-Core","Logon task 'GetLanguageOverlayPackage' started with flags 132096."
"03-08-2026 09:26:21","62170","Information","Microsoft-Windows-Shell-Core","Logon task 'ActiveSetup' started with flags 132096."
"03-08-2026 09:26:21","62171","Information","Microsoft-Windows-Shell-Core","Logon task 'RunOnce' finished with flags 132096."
"03-08-2026 09:26:21","62170","Information","Microsoft-Windows-Shell-Core","Logon task 'RunOnce' started with flags 132096."
"03-08-2026 09:26:21","62171","Information","Microsoft-Windows-Shell-Core","Logon task 'SkydrivePrep' finished with flags 132096."
"03-08-2026 09:26:21","62170","Information","Microsoft-Windows-Shell-Core","Logon task 'SkydrivePrep' started with flags 132096."
"03-08-2026 09:26:21","62170","Information","Microsoft-Windows-Shell-Core","Logon task 'AppResolver' started with flags 132096."
"03-08-2026 09:26:21","62170","Information","Microsoft-Windows-Shell-Core","Logon task 'AppReadinessPreShellGroup' started with flags 132096."
"03-08-2026 09:26:21","62170","Information","Microsoft-Windows-Shell-Core","Logon task 'AppReadinessPreRoamingGroup' started with flags 132096."
"03-08-2026 09:26:21","62170","Information","Microsoft-Windows-Shell-Core","Logon task 'DefaultAssociations' started with flags 132096."
"03-08-2026 09:26:21","62171","Information","Microsoft-Windows-Shell-Core","Logon task 'ShellPrep' finished with flags 132096."
"03-08-2026 09:26:21","62170","Information","Microsoft-Windows-Shell-Core","Logon task 'ShellPrep' started with flags 132096."
"03-08-2026 09:26:21","62171","Information","Microsoft-Windows-Shell-Core","Logon task 'BackupRestoreCoordinator' finished with flags 132096."
"03-08-2026 09:26:21","62170","Information","Microsoft-Windows-Shell-Core","Logon task 'BackupRestoreCoordinator' started with flags 132096."
"03-08-2026 09:26:21","62170","Information","Microsoft-Windows-Shell-Core","Logon task 'PreRoamingTasks' started with flags 132096."
"03-08-2026 09:26:21","62170","Information","Microsoft-Windows-Shell-Core","Logon task 'AllLogonTasks' started with flags 132096."
"31-07-2026 09:48:32","9706","Information","Microsoft-Windows-Shell-Core","Finished enumeration of commands for registry key 'Software\Microsoft\Windows\CurrentVersion\Run'."
"31-07-2026 09:48:32","9708","Information","Microsoft-Windows-Shell-Core","Finished execution of command 'TrGUI.exe""' (PID 18208)."
"31-07-2026 09:48:31","9649","Information","Microsoft-Windows-Shell-Core",
"31-07-2026 09:48:31","9707","Information","Microsoft-Windows-Shell-Core","Started execution of command 'TrGUI.exe""'."
"31-07-2026 09:48:31","9705","Information","Microsoft-Windows-Shell-Core","Started enumeration of commands for registry key 'Software\Microsoft\Windows\CurrentVersion\Run'."
"31-07-2026 09:48:31","9648","Information","Microsoft-Windows-Shell-Core",
"31-07-2026 09:48:31","9649","Information","Microsoft-Windows-Shell-Core",
"31-07-2026 09:48:31","9648","Information","Microsoft-Windows-Shell-Core",
"31-07-2026 09:48:31","9649","Information","Microsoft-Windows-Shell-Core",
"31-07-2026 09:48:31","9706","Information","Microsoft-Windows-Shell-Core","Finished enumeration of commands for registry key 'Software\Microsoft\Windows\CurrentVersion\RunOnce'."
"31-07-2026 09:48:31","9705","Information","Microsoft-Windows-Shell-Core","Started enumeration of commands for registry key 'Software\Microsoft\Windows\CurrentVersion\RunOnce'."
"31-07-2026 09:48:31","62409","Information","Microsoft-Windows-Shell-Core","Finished execution of command 'm365copilot_autostarter.exe' (PID 19056)."
"31-07-2026 09:48:14","62408","Information","Microsoft-Windows-Shell-Core","Started execution of command 'm365copilot_autostarter.exe'."
"31-07-2026 09:48:14","62409","Information","Microsoft-Windows-Shell-Core","Finished execution of command 'msteams_autostarter.exe' (PID 14196)."
"31-07-2026 09:47:49","62408","Information","Microsoft-Windows-Shell-Core","Started execution of command 'msteams_autostarter.exe'."
"31-07-2026 09:47:49","9706","Information","Microsoft-Windows-Shell-Core","Finished enumeration of commands for registry key 'Software\Microsoft\Windows\CurrentVersion\Run'."
"31-07-2026 09:47:49","9708","Information","Microsoft-Windows-Shell-Core","Finished execution of command 'msedge.exe"" --no-startup-window --win-session-start' (PID 23464)."
"31-07-2026 09:47:29","9707","Information","Microsoft-Windows-Shell-Core","Started execution of command 'msedge.exe"" --no-startup-window --win-session-start'."
"31-07-2026 09:47:29","9708","Information","Microsoft-Windows-Shell-Core","Finished execution of command 'OneDrive.Sync.Service.exe' (PID 11584)."
"31-07-2026 09:46:59","9707","Information","Microsoft-Windows-Shell-Core","Started execution of command 'OneDrive.Sync.Service.exe'."
"31-07-2026 09:46:59","9708","Information","Microsoft-Windows-Shell-Core","Finished execution of command 'OneDrive.exe"" /background' (PID 2536)."
"31-07-2026 09:46:41","62144","Information","Microsoft-Windows-Shell-Core","Updating install state of package Microsoft.MicrosoftOfficeHub_8wekyb3d8bbwe to 'Completed' with HRESULT 0."
"31-07-2026 09:46:41","62144","Information","Microsoft-Windows-Shell-Core","Updating install state of package Microsoft.MicrosoftOfficeHub_8wekyb3d8bbwe to 'Installing' with HRESULT 0."
"31-07-2026 09:46:40","62144","Information","Microsoft-Windows-Shell-Core","Updating install state of package Microsoft.OneDriveSync_8wekyb3d8bbwe to 'Completed' with HRESULT 0."
"31-07-2026 09:46:40","62144","Information","Microsoft-Windows-Shell-Core","Updating install state of package Microsoft.OneDriveSync_8wekyb3d8bbwe to 'Installing' with HRESULT 0."
"31-07-2026 09:46:40","62144","Information","Microsoft-Windows-Shell-Core","Updating install state of package MicrosoftWindows.CrossDevice_cw5n1h2txyewy to 'Completed' with HRESULT 0."
"31-07-2026 09:46:39","62144","Information","Microsoft-Windows-Shell-Core","Updating install state of package MicrosoftWindows.CrossDevice_cw5n1h2txyewy to 'Installing' with HRESULT 0."
"31-07-2026 09:46:29","9707","Information","Microsoft-Windows-Shell-Core","Started execution of command 'OneDrive.exe"" /background'."
"31-07-2026 09:46:29","9705","Information","Microsoft-Windows-Shell-Core","Started enumeration of commands for registry key 'Software\Microsoft\Windows\CurrentVersion\Run'."
"31-07-2026 09:46:29","9706","Information","Microsoft-Windows-Shell-Core","Finished enumeration of commands for registry key 'Software\Microsoft\Windows\CurrentVersion\Run'."
"31-07-2026 09:46:29","9708","Information","Microsoft-Windows-Shell-Core","Finished execution of command 'Seagull_DriverStartup.exe startup' (PID 14544)."
"31-07-2026 09:46:22","9707","Information","Microsoft-Windows-Shell-Core","Started execution of command 'Seagull_DriverStartup.exe startup'."
"31-07-2026 09:46:22","9708","Information","Microsoft-Windows-Shell-Core","Finished execution of command 'CLAudioBackgroundProcess.exe' (PID 8456)."
"31-07-2026 09:46:20","9707","Information","Microsoft-Windows-Shell-Core","Started execution of command 'CLAudioBackgroundProcess.exe'."
"31-07-2026 09:46:20","9708","Information","Microsoft-Windows-Shell-Core","Finished execution of command 'SecurityHealthSystray.exe' (PID 2784)."
"31-07-2026 09:45:55","62144","Information","Microsoft-Windows-Shell-Core","Updating install state of package MicrosoftWindows.CrossDevice_cw5n1h2txyewy to 'Completed' with HRESULT 0."
"31-07-2026 09:45:52","62144","Information","Microsoft-Windows-Shell-Core","Updating install state of package MicrosoftWindows.CrossDevice_cw5n1h2txyewy to 'Installing' with HRESULT 0."
"31-07-2026 09:45:52","62144","Information","Microsoft-Windows-Shell-Core","Updating install state of package Microsoft.MicrosoftOfficeHub_8wekyb3d8bbwe to 'Completed' with HRESULT 0."
"31-07-2026 09:45:50","9707","Information","Microsoft-Windows-Shell-Core","Started execution of command 'SecurityHealthSystray.exe'."
"31-07-2026 09:45:50","9705","Information","Microsoft-Windows-Shell-Core","Started enumeration of commands for registry key 'Software\Microsoft\Windows\CurrentVersion\Run'."
"31-07-2026 09:45:46","62144","Information","Microsoft-Windows-Shell-Core","Updating install state of package Microsoft.MicrosoftOfficeHub_8wekyb3d8bbwe to 'Installing' with HRESULT 0."
"31-07-2026 09:45:46","62144","Information","Microsoft-Windows-Shell-Core","Updating install state of package Microsoft.WindowsNotepad_8wekyb3d8bbwe to 'Completed' with HRESULT 0."
"31-07-2026 09:45:25","28019","Information","Microsoft-Windows-Shell-Core","AppResolver Cache Committed."
"31-07-2026 09:45:25","28018","Information","Microsoft-Windows-Shell-Core","AppResolver Scan Stopped."
"31-07-2026 09:45:25","28017","Information","Microsoft-Windows-Shell-Core","AppResolver Scan Started."
"31-07-2026 09:45:20","9648","Information","Microsoft-Windows-Shell-Core",
"31-07-2026 09:45:20","9649","Information","Microsoft-Windows-Shell-Core",
"31-07-2026 09:45:20","9653","Information","Microsoft-Windows-Shell-Core",
"31-07-2026 09:45:20","9653","Information","Microsoft-Windows-Shell-Core",
"31-07-2026 09:45:20","9652","Information","Microsoft-Windows-Shell-Core",
"31-07-2026 09:45:20","9652","Information","Microsoft-Windows-Shell-Core",
"31-07-2026 09:45:20","9648","Information","Microsoft-Windows-Shell-Core",
"31-07-2026 09:45:20","9649","Information","Microsoft-Windows-Shell-Core",
"31-07-2026 09:45:20","9648","Information","Microsoft-Windows-Shell-Core",
"31-07-2026 09:45:20","9649","Information","Microsoft-Windows-Shell-Core",
"31-07-2026 09:45:20","9648","Information","Microsoft-Windows-Shell-Core",
"31-07-2026 09:45:20","9649","Information","Microsoft-Windows-Shell-Core",
"31-07-2026 09:45:20","9648","Information","Microsoft-Windows-Shell-Core",
"31-07-2026 09:45:20","9649","Information","Microsoft-Windows-Shell-Core",
"31-07-2026 09:45:20","9648","Information","Microsoft-Windows-Shell-Core",
"31-07-2026 09:45:20","9649","Information","Microsoft-Windows-Shell-Core",
"31-07-2026 09:45:20","9653","Information","Microsoft-Windows-Shell-Core",
"31-07-2026 09:45:20","9653","Information","Microsoft-Windows-Shell-Core",
"31-07-2026 09:45:20","9653","Information","Microsoft-Windows-Shell-Core",
"31-07-2026 09:45:19","62171","Information","Microsoft-Windows-Shell-Core","Logon task 'DefaultAssociations' finished with flags 132096."
"31-07-2026 09:45:18","62171","Information","Microsoft-Windows-Shell-Core","Logon task 'CloudDataUpdateProfileName' finished with flags 132096."
"31-07-2026 09:45:18","62171","Information","Microsoft-Windows-Shell-Core","Logon task 'CloudDataRestore' finished with flags 132096."
"31-07-2026 09:45:18","62144","Information","Microsoft-Windows-Shell-Core","Updating install state of package Microsoft.WindowsNotepad_8wekyb3d8bbwe to 'Installing' with HRESULT 0."
"31-07-2026 09:45:18","62171","Information","Microsoft-Windows-Shell-Core","Logon task 'InitializeBrowserSsoCookie' finished with flags 132096."
"31-07-2026 09:45:18","62171","Information","Microsoft-Windows-Shell-Core","Logon task 'AppReadinessNotifyLogonComplete' finished with flags 132096."
"31-07-2026 09:45:18","9652","Information","Microsoft-Windows-Shell-Core",
"31-07-2026 09:45:18","9652","Information","Microsoft-Windows-Shell-Core",
"31-07-2026 09:45:18","62171","Information","Microsoft-Windows-Shell-Core","Logon task 'LaunchInputDialListenerPostStart' finished with flags 132096."
"31-07-2026 09:45:18","62171","Information","Microsoft-Windows-Shell-Core","Logon task 'CDSDataMigration' finished with flags 132096."
"31-07-2026 09:45:18","9652","Information","Microsoft-Windows-Shell-Core",
"31-07-2026 09:45:18","9653","Information","Microsoft-Windows-Shell-Core",
"31-07-2026 09:45:18","62171","Information","Microsoft-Windows-Shell-Core","Logon task 'AssignedAccessAutoLaunch' finished with flags 132096."
"31-07-2026 09:45:18","62171","Information","Microsoft-Windows-Shell-Core","Logon task 'LaunchCustomShell' finished with flags 132096."
"31-07-2026 09:45:18","62171","Information","Microsoft-Windows-Shell-Core","Logon task 'LaunchExplorerNamespaceRestrictionPostStart' finished with flags 132096."
"31-07-2026 09:45:18","62171","Information","Microsoft-Windows-Shell-Core","Logon task 'WSXRegistryInit' finished with flags 132096."
"31-07-2026 09:45:18","62170","Information","Microsoft-Windows-Shell-Core","Logon task 'LaunchExplorerNamespaceRestrictionPostStart' started with flags 132096."
"31-07-2026 09:45:18","62170","Information","Microsoft-Windows-Shell-Core","Logon task 'CDSDataMigration' started with flags 132096."
"31-07-2026 09:45:18","62170","Information","Microsoft-Windows-Shell-Core","Logon task 'WSXRegistryInit' started with flags 132096."
"31-07-2026 09:45:18","62170","Information","Microsoft-Windows-Shell-Core","Logon task 'CloudDataUpdateProfileName' started with flags 132096."
"31-07-2026 09:45:18","62170","Information","Microsoft-Windows-Shell-Core","Logon task 'CloudDataRestore' started with flags 132096."
"31-07-2026 09:45:18","62171","Information","Microsoft-Windows-Shell-Core","Logon task 'FamilySync' finished with flags 132096."
"31-07-2026 09:45:18","62170","Information","Microsoft-Windows-Shell-Core","Logon task 'FamilySync' started with flags 132096."
"31-07-2026 09:45:18","62171","Information","Microsoft-Windows-Shell-Core","Logon task 'FamilyMembersNotification' finished with flags 132096."
"31-07-2026 09:45:18","62170","Information","Microsoft-Windows-Shell-Core","Logon task 'FamilyMembersNotification' started with flags 132096."
"31-07-2026 09:45:18","62170","Information","Microsoft-Windows-Shell-Core","Logon task 'LaunchCustomShell' started with flags 132096."
"31-07-2026 09:45:18","62171","Information","Microsoft-Windows-Shell-Core","Logon task 'LaunchExplorerDestListMigrationPostStart' finished with flags 132096."
"31-07-2026 09:45:18","62170","Information","Microsoft-Windows-Shell-Core","Logon task 'LaunchExplorerDestListMigrationPostStart' started with flags 132096."
"31-07-2026 09:45:18","62171","Information","Microsoft-Windows-Shell-Core","Logon task 'CreateEdgeIconIfNeededPostStart' finished with flags 132096."
"31-07-2026 09:45:18","62171","Information","Microsoft-Windows-Shell-Core","Logon task 'LaunchLockScreenCacheImageRestorePostStart' finished with flags 132096."
"31-07-2026 09:45:18","62170","Information","Microsoft-Windows-Shell-Core","Logon task 'LaunchLockScreenCacheImageRestorePostStart' started with flags 132096."
"31-07-2026 09:45:18","62171","Information","Microsoft-Windows-Shell-Core","Logon task 'CreateYourPhoneShortcutsIfNeededPostStart' finished with flags 132096."
"31-07-2026 09:45:18","62170","Information","Microsoft-Windows-Shell-Core","Logon task 'CreateYourPhoneShortcutsIfNeededPostStart' started with flags 132096."
"31-07-2026 09:45:18","62170","Information","Microsoft-Windows-Shell-Core","Logon task 'CreateEdgeIconIfNeededPostStart' started with flags 132096."
"31-07-2026 09:45:18","62171","Information","Microsoft-Windows-Shell-Core","Logon task 'CommercialHomePageSetup' finished with flags 132096."
"31-07-2026 09:45:18","62170","Information","Microsoft-Windows-Shell-Core","Logon task 'InitializeBrowserSsoCookie' started with flags 132096."
"31-07-2026 09:45:18","62171","Information","Microsoft-Windows-Shell-Core","Logon task 'StartSkydriveSync' finished with flags 132096."
"31-07-2026 09:45:18","62170","Information","Microsoft-Windows-Shell-Core","Logon task 'CommercialHomePageSetup' started with flags 132096."
"31-07-2026 09:45:18","62171","Information","Microsoft-Windows-Shell-Core","Logon task 'PostStartTasks' finished with flags 132096."
"31-07-2026 09:45:18","9652","Information","Microsoft-Windows-Shell-Core",
"31-07-2026 09:45:18","9648","Information","Microsoft-Windows-Shell-Core",
"31-07-2026 09:45:18","62171","Information","Microsoft-Windows-Shell-Core","Logon task 'LaunchPeopleExperiencePostStart' finished with flags 132096."
"31-07-2026 09:45:18","62171","Information","Microsoft-Windows-Shell-Core","Logon task 'PrepareSettingSearch' finished with flags 132096."
"31-07-2026 09:45:18","62170","Information","Microsoft-Windows-Shell-Core","Logon task 'PrepareSettingSearch' started with flags 132096."
"31-07-2026 09:45:18","62171","Information","Microsoft-Windows-Shell-Core","Logon task 'ResumeAppRestore' finished with flags 132096."
"31-07-2026 09:45:18","62170","Information","Microsoft-Windows-Shell-Core","Logon task 'ResumeAppRestore' started with flags 132096."
"31-07-2026 09:45:18","62171","Information","Microsoft-Windows-Shell-Core","Logon task 'FixUserTileStoreCorruption' finished with flags 132096."
"31-07-2026 09:45:18","62171","Information","Microsoft-Windows-Shell-Core","Logon task 'LaunchLockAppHostPostStart' finished with flags 132096."
"31-07-2026 09:45:18","62170","Information","Microsoft-Windows-Shell-Core","Logon task 'LaunchLockAppHostPostStart' started with flags 132096."
"31-07-2026 09:45:18","62171","Information","Microsoft-Windows-Shell-Core","Logon task 'RemoveTempOOBEUser' finished with flags 132096."
"31-07-2026 09:45:18","62171","Information","Microsoft-Windows-Shell-Core","Logon task 'OEMFirstRunTelemetry' finished with flags 132096."
"31-07-2026 09:45:18","62170","Information","Microsoft-Windows-Shell-Core","Logon task 'OEMFirstRunTelemetry' started with flags 132096."
"31-07-2026 09:45:18","62170","Information","Microsoft-Windows-Shell-Core","Logon task 'RemoveTempOOBEUser' started with flags 132096."
"31-07-2026 09:45:18","62170","Information","Microsoft-Windows-Shell-Core","Logon task 'LaunchPeopleExperiencePostStart' started with flags 132096."
"31-07-2026 09:45:18","62170","Information","Microsoft-Windows-Shell-Core","Logon task 'StartSkydriveSync' started with flags 132096."
"31-07-2026 09:45:18","62170","Information","Microsoft-Windows-Shell-Core","Logon task 'AppReadinessNotifyLogonComplete' started with flags 132096."
"31-07-2026 09:45:18","62170","Information","Microsoft-Windows-Shell-Core","Logon task 'AssignedAccessAutoLaunch' started with flags 132096."
"31-07-2026 09:45:18","62170","Information","Microsoft-Windows-Shell-Core","Logon task 'FixUserTileStoreCorruption' started with flags 132096."
"31-07-2026 09:45:18","62171","Information","Microsoft-Windows-Shell-Core","Logon task 'NotifyTrayStartIsReady' finished with flags 132096."
"31-07-2026 09:45:18","62170","Information","Microsoft-Windows-Shell-Core","Logon task 'NotifyTrayStartIsReady' started with flags 132096."
"31-07-2026 09:45:18","62170","Information","Microsoft-Windows-Shell-Core","Logon task 'LaunchInputDialListenerPostStart' started with flags 132096."
"31-07-2026 09:45:18","62171","Information","Microsoft-Windows-Shell-Core","Logon task 'LaunchExperienceHostPostStart' finished with flags 132096."
"31-07-2026 09:45:18","62170","Information","Microsoft-Windows-Shell-Core","Logon task 'LaunchExperienceHostPostStart' started with flags 132096."
"31-07-2026 09:45:18","62171","Information","Microsoft-Windows-Shell-Core","Logon task 'PerUserSetupPostStart' finished with flags 132096."
"31-07-2026 09:45:18","62170","Information","Microsoft-Windows-Shell-Core","Logon task 'PerUserSetupPostStart' started with flags 132096."
"31-07-2026 09:45:18","62170","Information","Microsoft-Windows-Shell-Core","Logon task 'PostStartTasks' started with flags 132096."
"31-07-2026 09:45:18","62171","Information","Microsoft-Windows-Shell-Core","Logon task 'AllLogonTasks' finished with flags 132096."
"31-07-2026 09:45:18","62171","Information","Microsoft-Windows-Shell-Core","Logon task 'PreStartTasks' finished with flags 132096."
"31-07-2026 09:45:18","62171","Information","Microsoft-Windows-Shell-Core","Logon task 'PerUserSetup' finished with flags 132096."
"31-07-2026 09:45:18","62171","Information","Microsoft-Windows-Shell-Core","Logon task 'PerformSignInSuggestions' finished with flags 132096."
"31-07-2026 09:45:18","62171","Information","Microsoft-Windows-Shell-Core","Logon task 'AssignedAccessLogonTaskAgentPreStart' finished with flags 132096."
"31-07-2026 09:45:18","62171","Information","Microsoft-Windows-Shell-Core","Logon task 'LaunchExperienceHost' finished with flags 132096."
"31-07-2026 09:45:15","62171","Information","Microsoft-Windows-Shell-Core","Logon task 'StartLayoutInit' finished with flags 132096."
"31-07-2026 09:45:15","62171","Information","Microsoft-Windows-Shell-Core","Logon task 'RemoveC2DShortcut' finished with flags 132096."
"31-07-2026 09:45:15","62170","Information","Microsoft-Windows-Shell-Core","Logon task 'RemoveC2DShortcut' started with flags 132096."
"31-07-2026 09:45:15","62170","Information","Microsoft-Windows-Shell-Core","Logon task 'PerUserSetup' started with flags 132096."
"31-07-2026 09:45:15","62171","Information","Microsoft-Windows-Shell-Core","Logon task 'ConfigureA9InstallOptionalComponent' finished with flags 132096."
"31-07-2026 09:45:15","62170","Information","Microsoft-Windows-Shell-Core","Logon task 'ConfigureA9InstallOptionalComponent' started with flags 132096."
"31-07-2026 09:45:15","62171","Information","Microsoft-Windows-Shell-Core","Logon task 'WSXRegistryInitPreStart' finished with flags 132096."
"31-07-2026 09:45:15","62170","Information","Microsoft-Windows-Shell-Core","Logon task 'WSXRegistryInitPreStart' started with flags 132096."
"31-07-2026 09:45:15","62170","Information","Microsoft-Windows-Shell-Core","Logon task 'AssignedAccessLogonTaskAgentPreStart' started with flags 132096."
"31-07-2026 09:45:15","62171","Information","Microsoft-Windows-Shell-Core","Logon task 'EnterpriseProvisioning' finished with flags 132096."
"31-07-2026 09:45:15","62170","Information","Microsoft-Windows-Shell-Core","Logon task 'EnterpriseProvisioning' started with flags 132096."
"31-07-2026 09:45:15","62171","Information","Microsoft-Windows-Shell-Core","Logon task 'UpdatePCSettingsPreStart' finished with flags 132096."
"31-07-2026 09:45:15","62170","Information","Microsoft-Windows-Shell-Core","Logon task 'UpdatePCSettingsPreStart' started with flags 132096."
"31-07-2026 09:45:15","62171","Information","Microsoft-Windows-Shell-Core","Logon task 'PerformSignInSuggestionsStart' finished with flags 132096."
"31-07-2026 09:45:15","62170","Information","Microsoft-Windows-Shell-Core","Logon task 'PerformSignInSuggestionsStart' started with flags 132096."
"31-07-2026 09:45:15","62171","Information","Microsoft-Windows-Shell-Core","Logon task 'LaunchContentDeliveryManagerStart' finished with flags 132096."
"31-07-2026 09:45:15","62170","Information","Microsoft-Windows-Shell-Core","Logon task 'LaunchContentDeliveryManagerStart' started with flags 132096."
"31-07-2026 09:45:14","28125","Information","Microsoft-Windows-Shell-Core","Starting to refresh app resolver cache for scenario 1 with flags 2316."
"31-07-2026 09:45:14","62170","Information","Microsoft-Windows-Shell-Core","Logon task 'LaunchExperienceHost' started with flags 132096."
"31-07-2026 09:45:14","62170","Information","Microsoft-Windows-Shell-Core","Logon task 'PreStartTasks' started with flags 132096."
"31-07-2026 09:45:14","9649","Information","Microsoft-Windows-Shell-Core",
"31-07-2026 09:45:13","9648","Information","Microsoft-Windows-Shell-Core",
