"19-08-2026 10:12:52","2006","Information","Microsoft-Windows-Install-Agent","[Start] Creating UWA Work FulfillmentData = {""ProductId"":""9NBLGGH4QGHW"",""WuBundleId"":""03c8cb8c-2f0d-4246-902f-e8302cb17d9e"",""WuCategoryId"":""b90f3a9a-c043-41a7-a774-e51f6069283b"",""PackageFamilyName"":""Microsoft.MicrosoftStickyNotes_8wekyb3d8bbwe"",""SkuId"":""0010"",""Content"":null,""PackageFeatures"":null}  
Error: The operation completed successfully.
Function: UWAInstallServiceWorkItem::UWAInstallServiceWorkItem
Source: onecoreuap\enduser\winstore\installservice\libqueue2\uwainstallworkbridge.cpp (494)"
"19-08-2026 10:12:52","2006","Information","Microsoft-Windows-Install-Agent","[Telemetry]: EndScanForUpdates :: _TlgCV_ = C2GP50Qp5keFT0qP.0.0.43  IsOnline = true  IsApplicability = false  IsInteractive = false  ClientAppId = Update;MoUpdateOrchestratorDeviceScan-MoUsoCoreWorker-SearchForAllUpdatesWithUpdateOptionsAsync  NumberOfApplicableUpdates = 5  AutoUpdateWorkScheduledWithUOTime =   PFN = (null)  HResult = 0  
Error: Unknown HResult Error code: 0xefffffff
Function: LogTelemetryEvent
Source: onecoreuap\enduser\winstore\installservice\svc\logging.cpp (10)"
"19-08-2026 10:12:52","2006","Information","Microsoft-Windows-Install-Agent","WU scan found 5 packages
Error: Unknown HResult Error code: 0xefffffff
Function: _PackagesFromSearchResult
Source: onecoreuap\enduser\winstore\installservice\lib\wuhelpers.cpp (157)"
"19-08-2026 10:11:44","2006","Information","Microsoft-Windows-Install-Agent","User wasnt logged in. Scanning as LocalSystem
Error: Unknown HResult Error code: 0xefffffff
Function: ScanForUpdates
Source: onecoreuap\enduser\winstore\installservice\lib\wuhelpers.cpp (1565)"
"19-08-2026 10:11:44","2006","Information","Microsoft-Windows-Install-Agent","[Telemetry]: BeginScanForUpdates :: _TlgCV_ = C2GP50Qp5keFT0qP.0.0.43  IsOnline = true  IsApplicability = false  ClientAppId = Update;MoUpdateOrchestratorDeviceScan-MoUsoCoreWorker-SearchForAllUpdatesWithUpdateOptionsAsync  IsInteractive = false  
Error: Unknown HResult Error code: 0xefffffff
Function: LogTelemetryEvent
Source: onecoreuap\enduser\winstore\installservice\svc\logging.cpp (10)"
"19-08-2026 10:11:44","2006","Information","Microsoft-Windows-Install-Agent","Last scan time calculated, setting online = 1
Error: Unknown HResult Error code: 0xefffffff
Function: GetIsOnlineScanAllowed
Source: onecoreuap\enduser\winstore\installservice\libqueue2\uwainstallworkbridge.cpp (2374)"
"19-08-2026 10:11:44","2006","Information","Microsoft-Windows-Install-Agent","Forced cooldown exemption for AppUp.IntelManagementandSecurityStatus_8j3eq9eme6ctt. Current last scan time cache: 2026-08-19T10:11:44+05:30
Error: Unknown HResult Error code: 0xefffffff
Function: OnlineScanAllowedInInterval
Source: onecoreuap\enduser\winstore\installservice\lib\stringhelpers.cpp (460)"
"19-08-2026 10:11:44","2006","Information","Microsoft-Windows-Install-Agent","Forced cooldown exemption for MicrosoftWindows.CrossDevice_cw5n1h2txyewy. Current last scan time cache: 2026-08-19T10:11:44+05:30
Error: Unknown HResult Error code: 0xefffffff
Function: OnlineScanAllowedInInterval
Source: onecoreuap\enduser\winstore\installservice\lib\stringhelpers.cpp (460)"
"19-08-2026 10:11:44","2006","Information","Microsoft-Windows-Install-Agent","Forced cooldown exemption for AppUp.IntelArcSoftware_8j3eq9eme6ctt. Current last scan time cache: 2026-08-19T10:11:44+05:30
Error: Unknown HResult Error code: 0xefffffff
Function: OnlineScanAllowedInInterval
Source: onecoreuap\enduser\winstore\installservice\lib\stringhelpers.cpp (460)"
"19-08-2026 10:11:44","2006","Information","Microsoft-Windows-Install-Agent","Forced cooldown exemption for Microsoft.WindowsStore_8wekyb3d8bbwe. Current last scan time cache: 2026-08-19T10:11:44+05:30
Error: Unknown HResult Error code: 0xefffffff
Function: OnlineScanAllowedInInterval
Source: onecoreuap\enduser\winstore\installservice\lib\stringhelpers.cpp (460)"
"19-08-2026 10:11:44","2006","Information","Microsoft-Windows-Install-Agent","Forced cooldown exemption for Microsoft.WebpImageExtension_8wekyb3d8bbwe. Current last scan time cache: 2026-08-19T10:11:44+05:30
Error: Unknown HResult Error code: 0xefffffff
Function: OnlineScanAllowedInInterval
Source: onecoreuap\enduser\winstore\installservice\lib\stringhelpers.cpp (460)"
"19-08-2026 10:11:44","2006","Information","Microsoft-Windows-Install-Agent","Forced cooldown exemption for Microsoft.HEIFImageExtension_8wekyb3d8bbwe. Current last scan time cache: 2026-08-19T10:11:44+05:30
Error: Unknown HResult Error code: 0xefffffff
Function: OnlineScanAllowedInInterval
Source: onecoreuap\enduser\winstore\installservice\lib\stringhelpers.cpp (460)"
"19-08-2026 10:11:44","2006","Information","Microsoft-Windows-Install-Agent","Forced cooldown exemption for Microsoft.MicrosoftOfficeHub_8wekyb3d8bbwe. Current last scan time cache: 2026-08-19T10:11:44+05:30
Error: Unknown HResult Error code: 0xefffffff
Function: OnlineScanAllowedInInterval
Source: onecoreuap\enduser\winstore\installservice\lib\stringhelpers.cpp (460)"
"19-08-2026 10:11:44","2006","Information","Microsoft-Windows-Install-Agent","Forced cooldown exemption for MicrosoftWindows.Client.WebExperience_cw5n1h2txyewy. Current last scan time cache: 2026-08-19T10:11:44+05:30
Error: Unknown HResult Error code: 0xefffffff
Function: OnlineScanAllowedInInterval
Source: onecoreuap\enduser\winstore\installservice\lib\stringhelpers.cpp (460)"
"19-08-2026 10:11:44","2006","Information","Microsoft-Windows-Install-Agent","Forced cooldown exemption for MicrosoftCorporationII.QuickAssist_8wekyb3d8bbwe. Current last scan time cache: 2026-08-19T10:11:44+05:30
Error: Unknown HResult Error code: 0xefffffff
Function: OnlineScanAllowedInInterval
Source: onecoreuap\enduser\winstore\installservice\lib\stringhelpers.cpp (460)"
"19-08-2026 10:11:44","2006","Information","Microsoft-Windows-Install-Agent","Forced cooldown exemption for DellInc.DellCommandUpdate_htrsf667h5kn2. Current last scan time cache: 2026-08-19T10:11:44+05:30
Error: Unknown HResult Error code: 0xefffffff
Function: OnlineScanAllowedInInterval
Source: onecoreuap\enduser\winstore\installservice\lib\stringhelpers.cpp (460)"
"19-08-2026 10:11:44","2006","Information","Microsoft-Windows-Install-Agent","Forced cooldown exemption for Microsoft.CompanyPortal_8wekyb3d8bbwe. Current last scan time cache: 2026-08-19T10:11:44+05:30
Error: Unknown HResult Error code: 0xefffffff
Function: OnlineScanAllowedInInterval
Source: onecoreuap\enduser\winstore\installservice\lib\stringhelpers.cpp (460)"
"19-08-2026 10:11:44","2006","Information","Microsoft-Windows-Install-Agent","Forced cooldown exemption for Microsoft.StorePurchaseApp_8wekyb3d8bbwe. Current last scan time cache: 2026-08-19T10:11:44+05:30
Error: Unknown HResult Error code: 0xefffffff
Function: OnlineScanAllowedInInterval
Source: onecoreuap\enduser\winstore\installservice\lib\stringhelpers.cpp (460)"
"19-08-2026 10:11:44","2006","Information","Microsoft-Windows-Install-Agent","Forced cooldown exemption for Microsoft.WindowsAlarms_8wekyb3d8bbwe. Current last scan time cache: 2026-08-19T10:11:44+05:30
Error: Unknown HResult Error code: 0xefffffff
Function: OnlineScanAllowedInInterval
Source: onecoreuap\enduser\winstore\installservice\lib\stringhelpers.cpp (460)"
"19-08-2026 10:11:44","2006","Information","Microsoft-Windows-Install-Agent","Forced cooldown exemption for Microsoft.WindowsSoundRecorder_8wekyb3d8bbwe. Current last scan time cache: 2026-08-19T10:11:44+05:30
Error: Unknown HResult Error code: 0xefffffff
Function: OnlineScanAllowedInInterval
Source: onecoreuap\enduser\winstore\installservice\lib\stringhelpers.cpp (460)"
"19-08-2026 10:11:44","2006","Information","Microsoft-Windows-Install-Agent","Forced cooldown exemption for Microsoft.WindowsCalculator_8wekyb3d8bbwe. Current last scan time cache: 2026-08-19T10:11:44+05:30
Error: Unknown HResult Error code: 0xefffffff
Function: OnlineScanAllowedInInterval
Source: onecoreuap\enduser\winstore\installservice\lib\stringhelpers.cpp (460)"
"19-08-2026 10:11:44","2006","Information","Microsoft-Windows-Install-Agent","Forced cooldown exemption for Microsoft.SecHealthUI_8wekyb3d8bbwe. Current last scan time cache: 2026-08-19T10:11:44+05:30
Error: Unknown HResult Error code: 0xefffffff
Function: OnlineScanAllowedInInterval
Source: onecoreuap\enduser\winstore\installservice\lib\stringhelpers.cpp (460)"
"19-08-2026 10:11:44","2006","Information","Microsoft-Windows-Install-Agent","Forced cooldown exemption for Microsoft.WindowsNotepad_8wekyb3d8bbwe. Current last scan time cache: 2026-08-19T10:11:44+05:30
Error: Unknown HResult Error code: 0xefffffff
Function: OnlineScanAllowedInInterval
Source: onecoreuap\enduser\winstore\installservice\lib\stringhelpers.cpp (460)"
"19-08-2026 10:11:44","2006","Information","Microsoft-Windows-Install-Agent","Forced cooldown exemption for Clipchamp.Clipchamp_yxz26nhyzhsrt. Current last scan time cache: 2026-08-19T10:11:44+05:30
Error: Unknown HResult Error code: 0xefffffff
Function: OnlineScanAllowedInInterval
Source: onecoreuap\enduser\winstore\installservice\lib\stringhelpers.cpp (460)"
"19-08-2026 10:11:44","2006","Information","Microsoft-Windows-Install-Agent","Forced cooldown exemption for Microsoft.RawImageExtension_8wekyb3d8bbwe. Current last scan time cache: 2026-08-19T10:11:44+05:30
Error: Unknown HResult Error code: 0xefffffff
Function: OnlineScanAllowedInInterval
Source: onecoreuap\enduser\winstore\installservice\lib\stringhelpers.cpp (460)"
"19-08-2026 10:11:44","2006","Information","Microsoft-Windows-Install-Agent","Forced cooldown exemption for Microsoft.PowerAutomateDesktop_8wekyb3d8bbwe. Current last scan time cache: 2026-08-19T10:11:44+05:30
Error: Unknown HResult Error code: 0xefffffff
Function: OnlineScanAllowedInInterval
Source: onecoreuap\enduser\winstore\installservice\lib\stringhelpers.cpp (460)"
"19-08-2026 10:11:44","2006","Information","Microsoft-Windows-Install-Agent","Forced cooldown exemption for Microsoft.WindowsTerminal_8wekyb3d8bbwe. Current last scan time cache: 2026-08-19T10:11:44+05:30
Error: Unknown HResult Error code: 0xefffffff
Function: OnlineScanAllowedInInterval
Source: onecoreuap\enduser\winstore\installservice\lib\stringhelpers.cpp (460)"
"19-08-2026 10:11:44","2006","Information","Microsoft-Windows-Install-Agent","Forced cooldown exemption for Microsoft.AV1VideoExtension_8wekyb3d8bbwe. Current last scan time cache: 2026-08-19T10:11:44+05:30
Error: Unknown HResult Error code: 0xefffffff
Function: OnlineScanAllowedInInterval
Source: onecoreuap\enduser\winstore\installservice\lib\stringhelpers.cpp (460)"
"19-08-2026 10:11:44","2006","Information","Microsoft-Windows-Install-Agent","Forced cooldown exemption for MicrosoftCorporationII.WinAppRuntime.Main.1.8_8wekyb3d8bbwe. Current last scan time cache: 2026-08-19T10:11:44+05:30
Error: Unknown HResult Error code: 0xefffffff
Function: OnlineScanAllowedInInterval
Source: onecoreuap\enduser\winstore\installservice\lib\stringhelpers.cpp (460)"
"19-08-2026 10:11:44","2006","Information","Microsoft-Windows-Install-Agent","Forced cooldown exemption for Microsoft.Paint_8wekyb3d8bbwe. Current last scan time cache: 2026-08-19T10:11:44+05:30
Error: Unknown HResult Error code: 0xefffffff
Function: OnlineScanAllowedInInterval
Source: onecoreuap\enduser\winstore\installservice\lib\stringhelpers.cpp (460)"
"19-08-2026 10:11:44","2006","Information","Microsoft-Windows-Install-Agent","Forced cooldown exemption for Microsoft.LanguageExperiencePacken-GB_8wekyb3d8bbwe. Current last scan time cache: 2026-08-19T10:11:44+05:30
Error: Unknown HResult Error code: 0xefffffff
Function: OnlineScanAllowedInInterval
Source: onecoreuap\enduser\winstore\installservice\lib\stringhelpers.cpp (460)"
"19-08-2026 10:11:44","2006","Information","Microsoft-Windows-Install-Agent","Forced cooldown exemption for Microsoft.WebMediaExtensions_8wekyb3d8bbwe. Current last scan time cache: 2026-08-19T10:11:44+05:30
Error: Unknown HResult Error code: 0xefffffff
Function: OnlineScanAllowedInInterval
Source: onecoreuap\enduser\winstore\installservice\lib\stringhelpers.cpp (460)"
"19-08-2026 10:11:44","2006","Information","Microsoft-Windows-Install-Agent","Forced cooldown exemption for Microsoft.Windows.Photos_8wekyb3d8bbwe. Current last scan time cache: 2026-08-19T10:11:44+05:30
Error: Unknown HResult Error code: 0xefffffff
Function: OnlineScanAllowedInInterval
Source: onecoreuap\enduser\winstore\installservice\lib\stringhelpers.cpp (460)"
"19-08-2026 10:11:44","2006","Information","Microsoft-Windows-Install-Agent","Forced cooldown exemption for Microsoft.VP9VideoExtensions_8wekyb3d8bbwe. Current last scan time cache: 2026-08-19T10:11:44+05:30
Error: Unknown HResult Error code: 0xefffffff
Function: OnlineScanAllowedInInterval
Source: onecoreuap\enduser\winstore\installservice\lib\stringhelpers.cpp (460)"
"19-08-2026 10:11:44","2006","Information","Microsoft-Windows-Install-Agent","Forced cooldown exemption for Microsoft.WindowsCamera_8wekyb3d8bbwe. Current last scan time cache: 2026-08-19T10:11:44+05:30
Error: Unknown HResult Error code: 0xefffffff
Function: OnlineScanAllowedInInterval
Source: onecoreuap\enduser\winstore\installservice\lib\stringhelpers.cpp (460)"
"19-08-2026 10:11:44","2006","Information","Microsoft-Windows-Install-Agent","Forced cooldown exemption for Microsoft.DesktopAppInstaller_8wekyb3d8bbwe. Current last scan time cache: 2026-08-19T10:11:44+05:30
Error: Unknown HResult Error code: 0xefffffff
Function: OnlineScanAllowedInInterval
Source: onecoreuap\enduser\winstore\installservice\lib\stringhelpers.cpp (460)"
"19-08-2026 10:11:44","2006","Information","Microsoft-Windows-Install-Agent","Forced cooldown exemption for Microsoft.Todos_8wekyb3d8bbwe. Current last scan time cache: 2026-08-19T10:11:44+05:30
Error: Unknown HResult Error code: 0xefffffff
Function: OnlineScanAllowedInInterval
Source: onecoreuap\enduser\winstore\installservice\lib\stringhelpers.cpp (460)"
"19-08-2026 10:11:44","2006","Information","Microsoft-Windows-Install-Agent","Forced cooldown exemption for Microsoft.ScreenSketch_8wekyb3d8bbwe. Current last scan time cache: 2026-08-19T10:11:44+05:30
Error: Unknown HResult Error code: 0xefffffff
Function: OnlineScanAllowedInInterval
Source: onecoreuap\enduser\winstore\installservice\lib\stringhelpers.cpp (460)"
"19-08-2026 10:11:44","2006","Information","Microsoft-Windows-Install-Agent","Forced cooldown exemption for Microsoft.HEVCVideoExtension_8wekyb3d8bbwe. Current last scan time cache: 2026-08-19T10:11:44+05:30
Error: Unknown HResult Error code: 0xefffffff
Function: OnlineScanAllowedInInterval
Source: onecoreuap\enduser\winstore\installservice\lib\stringhelpers.cpp (460)"
"19-08-2026 10:11:44","2006","Information","Microsoft-Windows-Install-Agent","Forced cooldown exemption for Microsoft.StartExperiencesApp_8wekyb3d8bbwe. Current last scan time cache: 2026-08-19T10:11:44+05:30
Error: Unknown HResult Error code: 0xefffffff
Function: OnlineScanAllowedInInterval
Source: onecoreuap\enduser\winstore\installservice\lib\stringhelpers.cpp (460)"
"19-08-2026 10:11:44","2006","Information","Microsoft-Windows-Install-Agent","Forced cooldown exemption for Microsoft.WidgetsPlatformRuntime_8wekyb3d8bbwe. Current last scan time cache: 2026-08-19T10:11:44+05:30
Error: Unknown HResult Error code: 0xefffffff
Function: OnlineScanAllowedInInterval
Source: onecoreuap\enduser\winstore\installservice\lib\stringhelpers.cpp (460)"
"19-08-2026 10:11:44","2006","Information","Microsoft-Windows-Install-Agent","Forced cooldown exemption for Microsoft.People_8wekyb3d8bbwe. Current last scan time cache: 2026-08-19T10:11:44+05:30
Error: Unknown HResult Error code: 0xefffffff
Function: OnlineScanAllowedInInterval
Source: onecoreuap\enduser\winstore\installservice\lib\stringhelpers.cpp (460)"
"19-08-2026 10:11:44","2006","Information","Microsoft-Windows-Install-Agent","Forced cooldown exemption for Microsoft.MPEG2VideoExtension_8wekyb3d8bbwe. Current last scan time cache: 2026-08-19T10:11:44+05:30
Error: Unknown HResult Error code: 0xefffffff
Function: OnlineScanAllowedInInterval
Source: onecoreuap\enduser\winstore\installservice\lib\stringhelpers.cpp (460)"
"19-08-2026 10:11:44","2006","Information","Microsoft-Windows-Install-Agent","Forced cooldown exemption for Microsoft.MicrosoftStickyNotes_8wekyb3d8bbwe. Current last scan time cache: 2026-08-19T10:11:44+05:30
Error: Unknown HResult Error code: 0xefffffff
Function: OnlineScanAllowedInInterval
Source: onecoreuap\enduser\winstore\installservice\lib\stringhelpers.cpp (460)"
"19-08-2026 10:11:44","2006","Information","Microsoft-Windows-Install-Agent","Forced cooldown exemption for Microsoft.AVCEncoderVideoExtension_8wekyb3d8bbwe. Current last scan time cache: 2026-08-19T10:11:44+05:30
Error: Unknown HResult Error code: 0xefffffff
Function: OnlineScanAllowedInInterval
Source: onecoreuap\enduser\winstore\installservice\lib\stringhelpers.cpp (460)"
"19-08-2026 10:11:44","2006","Information","Microsoft-Windows-Install-Agent","Forced cooldown exemption for Microsoft.ApplicationCompatibilityEnhancements_8wekyb3d8bbwe. Current last scan time cache: 2026-08-19T10:11:44+05:30
Error: Unknown HResult Error code: 0xefffffff
Function: OnlineScanAllowedInInterval
Source: onecoreuap\enduser\winstore\installservice\lib\stringhelpers.cpp (460)"
"19-08-2026 10:11:44","2006","Information","Microsoft-Windows-Install-Agent","Forced cooldown exemption for AppUp.IntelOptaneMemoryandStorageManagement_8j3eq9eme6ctt. Current last scan time cache: 2026-08-19T10:11:44+05:30
Error: Unknown HResult Error code: 0xefffffff
Function: OnlineScanAllowedInInterval
Source: onecoreuap\enduser\winstore\installservice\lib\stringhelpers.cpp (460)"
"19-08-2026 10:11:44","2006","Information","Microsoft-Windows-Install-Agent","Forced cooldown exemption for AppUp.IntelGraphicsExperience_8j3eq9eme6ctt. Current last scan time cache: 2026-08-19T10:11:44+05:30
Error: Unknown HResult Error code: 0xefffffff
Function: OnlineScanAllowedInInterval
Source: onecoreuap\enduser\winstore\installservice\lib\stringhelpers.cpp (460)"
"19-08-2026 10:11:44","2006","Information","Microsoft-Windows-Install-Agent","Caller MoUpdateOrchestratorDeviceScan exempt from offline shedding.
Error: Unknown HResult Error code: 0xefffffff
Function: GetIsOnlineScanAllowed
Source: onecoreuap\enduser\winstore\installservice\libqueue2\uwainstallworkbridge.cpp (2359)"
"19-08-2026 10:11:44","2007","Warning","Microsoft-Windows-Install-Agent","Exception while processing installed pfns:  
Error: Unknown HResult Error code: 0x803fb112
Function: ScanForAllUpdates
Source: onecoreuap\enduser\winstore\installservice\libqueue2\uwainstallworkbridge.cpp (1391)"
"19-08-2026 10:11:44","2006","Information","Microsoft-Windows-Install-Agent","winrt::hresult_error: The text associated with this error code could not be found.
Error: Unknown HResult Error code: 0x803fb112
Function: 
Source: NULL (0)"
"19-08-2026 10:11:44","2006","Information","Microsoft-Windows-Install-Agent","Failure detected
Error: Unknown HResult Error code: 0x803fb112
Function: 
Source: NULL (0)"
"19-08-2026 10:11:44","2006","Information","Microsoft-Windows-Install-Agent","Error for DisplayCatalog call with known missing product PackageFamilyName = Microsoft.SecHealthUI_8wekyb3d8bbwe   
Error: Unknown HResult Error code: 0x803fb112
Function: CatalogDataStore::_LookupForUserWithParent
Source: onecoreuap\enduser\winstore\installservice\libqueue2\catalogdatastore.cpp (88)"
"19-08-2026 10:11:44","2005","Verbose","Microsoft-Windows-Install-Agent","Device Info: DeviceFamily = Windows.Desktop, Version = 2814751477605053, Arch = AMD64 (K8) 
Error: The operation completed successfully.
Function: FindFulfillmentInfo
Source: onecoreuap\enduser\winstore\installservice\libqueue2\productdocument2helper.cpp (380)"
"19-08-2026 10:11:44","2006","Information","Microsoft-Windows-Install-Agent","Http GET response: https://displaycatalog.mp.microsoft.com/v7.0/products/lookup?fieldsTemplate=InstallAgent&market=IN&languages=en-IN,en,neutral&alternateId=PackageFamilyName&value=AppUp.IntelOptaneMemoryandStorageManagement_8j3eq9eme6ctt
Error: The operation completed successfully.
Function: FetchUriResponseWithAuthTicket
Source: onecoreuap\enduser\winstore\installservice\lib\httphelpers.cpp (369)"
"19-08-2026 10:11:44","2006","Information","Microsoft-Windows-Install-Agent","[Telemetry]: DownloadUrl :: __TlgCV__ = C2GP50Qp5keFT0qP.0.0.3.3  PartB_Ms.Qos.OutgoingServiceRequest = 14  operationName = DownloadUrl  targetUri = https://displaycatalog.mp.microsoft.com/v7.0/products/lookup?fieldsTemplate=InstallAgent&market=IN&languages=en-IN,en,neutral&alternateId=PackageFamilyName&value=AppUp.IntelOptaneMemoryandStorageManagement_8j3eq9eme6ctt  latencyMs = 187  serviceErrorCode = 0  succeeded = true  requestMethod = GET  responseContentType = JSON  protocol = HTTP  protocolStatusCode = 200  dependencyOperationName =   dependencyOperationVersion =   dependencyName =   dependencyType =   responseSizeBytes = 38267  HResult = 0  
Error: Unknown HResult Error code: 0xefffffff
Function: LogTelemetryEvent
Source: onecoreuap\enduser\winstore\installservice\svc\logging.cpp (10)"
"19-08-2026 10:11:43","2006","Information","Microsoft-Windows-Install-Agent","Cannot get any user tickets. Using device ticket
Error: The operation completed successfully.
Function: TryGetTickets
Source: onecoreuap\enduser\winstore\installservice\lib\storeappinfo.cpp (1319)"
"19-08-2026 10:11:43","2007","Warning","Microsoft-Windows-Install-Agent","No tickets found for the current user.
Error: A specified logon session does not exist. It may already have been terminated.
Function: TryGetTickets
Source: onecoreuap\enduser\winstore\installservice\lib\storeappinfo.cpp (1294)"
"19-08-2026 10:11:43","2006","Information","Microsoft-Windows-Install-Agent","Failure detected
Error: A specified logon session does not exist. It may already have been terminated.
Function: 
Source: onecoreuap\enduser\winstore\auth\lib\winstoreauthstatics.cpp (134)"
"19-08-2026 10:11:43","2006","Information","Microsoft-Windows-Install-Agent","Failure detected
Error: A specified logon session does not exist. It may already have been terminated.
Function: 
Source: onecoreuap\enduser\winstore\auth\lib\winstoreauth.cpp (477)"
"19-08-2026 10:11:43","2006","Information","Microsoft-Windows-Install-Agent","Failure detected
Error: A specified logon session does not exist. It may already have been terminated.
Function: 
Source: onecoreuap\enduser\winstore\auth\lib\winstoreauth.cpp (751)"
"19-08-2026 10:11:43","2006","Information","Microsoft-Windows-Install-Agent","Failure detected
Error: A specified logon session does not exist. It may already have been terminated.
Function: 
Source: onecoreuap\enduser\winstore\auth\lib\winstoreauth.cpp (564)"
"19-08-2026 10:11:43","2006","Information","Microsoft-Windows-Install-Agent","Failure detected
Error: A specified logon session does not exist. It may already have been terminated.
Function: 
Source: onecoreuap\enduser\winstore\auth\lib\winstoreauth.cpp (1862)"
"19-08-2026 10:11:43","2007","Warning","Microsoft-Windows-Install-Agent","No tickets found for the store primary acount.
Error: A specified logon session does not exist. It may already have been terminated.
Function: TryGetTickets
Source: onecoreuap\enduser\winstore\installservice\lib\storeappinfo.cpp (1223)"
"19-08-2026 10:11:43","2006","Information","Microsoft-Windows-Install-Agent","Failure detected
Error: A specified logon session does not exist. It may already have been terminated.
Function: 
Source: onecoreuap\enduser\winstore\auth\lib\winstoreauth.cpp (334)"
"19-08-2026 10:11:43","2006","Information","Microsoft-Windows-Install-Agent","Failure detected
Error: A specified logon session does not exist. It may already have been terminated.
Function: 
Source: onecoreuap\enduser\winstore\auth\lib\winstoreauth.cpp (2576)"
"19-08-2026 10:11:43","2006","Information","Microsoft-Windows-Install-Agent","Failure detected
Error: A specified logon session does not exist. It may already have been terminated.
Function: 
Source: onecoreuap\enduser\winstore\auth\lib\winstoreauth.cpp (1882)"
"19-08-2026 10:11:43","2006","Information","Microsoft-Windows-Install-Agent","Failure detected
Error: A specified logon session does not exist. It may already have been terminated.
Function: 
Source: onecoreuap\enduser\winstore\auth\lib\winstoreauth.cpp (1792)"
"19-08-2026 10:11:43","2006","Information","Microsoft-Windows-Install-Agent","Failure detected
Error: The system cannot find the file specified.
Function: 
Source: onecoreuap\enduser\winstore\auth\lib\winstoreauth.cpp (2614)"
"19-08-2026 10:11:43","2008","Error","Microsoft-Windows-Install-Agent","Exception while retrieving device uptime  
Error: An attempt was made to reference a token that does not exist.
Function: Windows::Internal::InstallService::Control::IsDeviceUptimeEnoughForStubification
Source: onecoreuap\enduser\winstore\installservice\libqueue2\stubs.cpp (444)"
"19-08-2026 10:11:43","2006","Information","Microsoft-Windows-Install-Agent","Proceed with Stub Check. Duration since last check is long enough.Last success time = 2026-08-18T09:55:58+05:30, Duration required = 1 day(s) 
Error: The operation completed successfully.
Function: Windows::Internal::InstallService::Control::IsTaskPeriodCheckLongEnough
Source: onecoreuap\enduser\winstore\installservice\libqueue2\stubs.cpp (421)"
"19-08-2026 10:11:43","2006","Information","Microsoft-Windows-Install-Agent","OneSetting values: INFREQUENTLYUSEDAPPINDAYS = 90, MINIMUMDEVICEUPTIMEINMINUTES = 360, STUBIFICATIONTASKFREQUENCYINDAYS = 1, ISAPPARCHIVINGENABLED = true 
Error: The operation completed successfully.
Function: Windows::Internal::InstallService::Control::LoadOffloadingOneSettings
Source: onecoreuap\enduser\winstore\installservice\libqueue2\stubs.cpp (180)"
"19-08-2026 10:11:43","2006","Information","Microsoft-Windows-Install-Agent","Added to the installed pfn list: PackageFamilyName = AppUp.IntelManagementandSecurityStatus_8j3eq9eme6ctt  ContentId = FCEBB03C-BA96-8115-6801-F8E2FE053F35  
Error: The operation completed successfully.
Function: GetInstalledPfns
Source: onecoreuap\enduser\winstore\installservice\libqueue2\uwainstallworkbridge.cpp (223)"
"19-08-2026 10:11:43","2006","Information","Microsoft-Windows-Install-Agent","Added to the installed pfn list: PackageFamilyName = MicrosoftWindows.CrossDevice_cw5n1h2txyewy  ContentId = D6EF2D33-90FC-BCAC-D7CD-ABD2A67C444A  
Error: The operation completed successfully.
Function: GetInstalledPfns
Source: onecoreuap\enduser\winstore\installservice\libqueue2\uwainstallworkbridge.cpp (223)"
"19-08-2026 10:11:43","2006","Information","Microsoft-Windows-Install-Agent","Added to the installed pfn list: PackageFamilyName = AppUp.IntelArcSoftware_8j3eq9eme6ctt  ContentId = 48148A5A-7FBB-DFE1-832F-C59E36CEEA62  
Error: The operation completed successfully.
Function: GetInstalledPfns
Source: onecoreuap\enduser\winstore\installservice\libqueue2\uwainstallworkbridge.cpp (223)"
"19-08-2026 10:11:43","2006","Information","Microsoft-Windows-Install-Agent","Added to the installed pfn list: PackageFamilyName = Microsoft.WindowsStore_8wekyb3d8bbwe  ContentId = 9D4DED89-CABC-F4FB-8133-BC5EDB1C7EDA  
Error: The operation completed successfully.
Function: GetInstalledPfns
Source: onecoreuap\enduser\winstore\installservice\libqueue2\uwainstallworkbridge.cpp (223)"
"19-08-2026 10:11:43","2006","Information","Microsoft-Windows-Install-Agent","Added to the installed pfn list: PackageFamilyName = Microsoft.WebpImageExtension_8wekyb3d8bbwe  ContentId = ADA26212-6E65-2F41-08F6-8A8E88987557  
Error: The operation completed successfully.
Function: GetInstalledPfns
Source: onecoreuap\enduser\winstore\installservice\libqueue2\uwainstallworkbridge.cpp (223)"
"19-08-2026 10:11:43","2006","Information","Microsoft-Windows-Install-Agent","Added to the installed pfn list: PackageFamilyName = Microsoft.HEIFImageExtension_8wekyb3d8bbwe  ContentId = 754078EB-3A78-B444-5FC2-70DFE84EC4E5  
Error: The operation completed successfully.
Function: GetInstalledPfns
Source: onecoreuap\enduser\winstore\installservice\libqueue2\uwainstallworkbridge.cpp (223)"
"19-08-2026 10:11:43","2006","Information","Microsoft-Windows-Install-Agent","Added to the installed pfn list: PackageFamilyName = Microsoft.MicrosoftOfficeHub_8wekyb3d8bbwe  ContentId = FACF9DDE-1FF1-B57D-4D1D-CE479FDD42AF  
Error: The operation completed successfully.
Function: GetInstalledPfns
Source: onecoreuap\enduser\winstore\installservice\libqueue2\uwainstallworkbridge.cpp (223)"
"19-08-2026 10:11:43","2006","Information","Microsoft-Windows-Install-Agent","Added to the installed pfn list: PackageFamilyName = MicrosoftWindows.Client.WebExperience_cw5n1h2txyewy  ContentId = 48CABA8A-2E62-2097-DCD8-4255C637B32D  
Error: The operation completed successfully.
Function: GetInstalledPfns
Source: onecoreuap\enduser\winstore\installservice\libqueue2\uwainstallworkbridge.cpp (223)"
"19-08-2026 10:11:43","2006","Information","Microsoft-Windows-Install-Agent","Added to the installed pfn list: PackageFamilyName = MicrosoftCorporationII.QuickAssist_8wekyb3d8bbwe  ContentId = 4BC27046-84C5-8679-DCC7-D44C77A47DD0  
Error: The operation completed successfully.
Function: GetInstalledPfns
Source: onecoreuap\enduser\winstore\installservice\libqueue2\uwainstallworkbridge.cpp (223)"
"19-08-2026 10:11:43","2006","Information","Microsoft-Windows-Install-Agent","Added to the installed pfn list: PackageFamilyName = DellInc.DellCommandUpdate_htrsf667h5kn2  ContentId = 11B6E70D-5A83-D49F-EA77-9244209B7F66  
Error: The operation completed successfully.
Function: GetInstalledPfns
Source: onecoreuap\enduser\winstore\installservice\libqueue2\uwainstallworkbridge.cpp (223)"
"19-08-2026 10:11:43","2006","Information","Microsoft-Windows-Install-Agent","Added to the installed pfn list: PackageFamilyName = Microsoft.CompanyPortal_8wekyb3d8bbwe  ContentId = 58A1808E-9398-4976-1A05-FC884E16F609  
Error: The operation completed successfully.
Function: GetInstalledPfns
Source: onecoreuap\enduser\winstore\installservice\libqueue2\uwainstallworkbridge.cpp (223)"
"19-08-2026 10:11:43","2006","Information","Microsoft-Windows-Install-Agent","Added to the installed pfn list: PackageFamilyName = Microsoft.StorePurchaseApp_8wekyb3d8bbwe  ContentId = 62B49C0A-499E-A02D-EBCB-EB168E148E52  
Error: The operation completed successfully.
Function: GetInstalledPfns
Source: onecoreuap\enduser\winstore\installservice\libqueue2\uwainstallworkbridge.cpp (223)"
"19-08-2026 10:11:43","2006","Information","Microsoft-Windows-Install-Agent","Added to the installed pfn list: PackageFamilyName = Microsoft.WindowsAlarms_8wekyb3d8bbwe  ContentId = 18DDC675-D472-0DB4-9563-7DF7C34F512C  
Error: The operation completed successfully.
Function: GetInstalledPfns
Source: onecoreuap\enduser\winstore\installservice\libqueue2\uwainstallworkbridge.cpp (223)"
"19-08-2026 10:11:43","2006","Information","Microsoft-Windows-Install-Agent","Added to the installed pfn list: PackageFamilyName = Microsoft.WindowsSoundRecorder_8wekyb3d8bbwe  ContentId = 0C8CF327-9D17-CCDE-18AF-DFF4F20070E5  
Error: The operation completed successfully.
Function: GetInstalledPfns
Source: onecoreuap\enduser\winstore\installservice\libqueue2\uwainstallworkbridge.cpp (223)"
"19-08-2026 10:11:43","2006","Information","Microsoft-Windows-Install-Agent","Added to the installed pfn list: PackageFamilyName = Microsoft.WindowsCalculator_8wekyb3d8bbwe  ContentId = 68BC3251-2D8B-A604-92BA-893638CA72EA  
Error: The operation completed successfully.
Function: GetInstalledPfns
Source: onecoreuap\enduser\winstore\installservice\libqueue2\uwainstallworkbridge.cpp (223)"
"19-08-2026 10:11:43","2006","Information","Microsoft-Windows-Install-Agent","Added to the installed pfn list: PackageFamilyName = Microsoft.SecHealthUI_8wekyb3d8bbwe  ContentId = 2F75F580-7570-DD52-134A-D059971C4492  
Error: The operation completed successfully.
Function: GetInstalledPfns
Source: onecoreuap\enduser\winstore\installservice\libqueue2\uwainstallworkbridge.cpp (223)"
"19-08-2026 10:11:43","2006","Information","Microsoft-Windows-Install-Agent","Added to the installed pfn list: PackageFamilyName = Microsoft.WindowsNotepad_8wekyb3d8bbwe  ContentId = 05900109-7BF4-436B-0AC6-B0810B7806E1  
Error: The operation completed successfully.
Function: GetInstalledPfns
Source: onecoreuap\enduser\winstore\installservice\libqueue2\uwainstallworkbridge.cpp (223)"
"19-08-2026 10:11:43","2006","Information","Microsoft-Windows-Install-Agent","Added to the installed pfn list: PackageFamilyName = Clipchamp.Clipchamp_yxz26nhyzhsrt  ContentId = A3CFB819-C96D-B9FF-CBBC-A74F5B378D52  
Error: The operation completed successfully.
Function: GetInstalledPfns
Source: onecoreuap\enduser\winstore\installservice\libqueue2\uwainstallworkbridge.cpp (223)"
"19-08-2026 10:11:43","2006","Information","Microsoft-Windows-Install-Agent","Added to the installed pfn list: PackageFamilyName = Microsoft.RawImageExtension_8wekyb3d8bbwe  ContentId = AA7851FC-0A0C-BFCA-E276-726C2450B744  
Error: The operation completed successfully.
Function: GetInstalledPfns
Source: onecoreuap\enduser\winstore\installservice\libqueue2\uwainstallworkbridge.cpp (223)"
"19-08-2026 10:11:43","2006","Information","Microsoft-Windows-Install-Agent","Added to the installed pfn list: PackageFamilyName = Microsoft.PowerAutomateDesktop_8wekyb3d8bbwe  ContentId = 4EEA8AD1-4483-E2D6-CAFF-91CB047E74C2  
Error: The operation completed successfully.
Function: GetInstalledPfns
Source: onecoreuap\enduser\winstore\installservice\libqueue2\uwainstallworkbridge.cpp (223)"
"19-08-2026 10:11:43","2006","Information","Microsoft-Windows-Install-Agent","Added to the installed pfn list: PackageFamilyName = Microsoft.WindowsTerminal_8wekyb3d8bbwe  ContentId = D06A1B07-DD36-5158-552A-2D1968C87690  
Error: The operation completed successfully.
Function: GetInstalledPfns
Source: onecoreuap\enduser\winstore\installservice\libqueue2\uwainstallworkbridge.cpp (223)"
"19-08-2026 10:11:43","2006","Information","Microsoft-Windows-Install-Agent","Added to the installed pfn list: PackageFamilyName = Microsoft.AV1VideoExtension_8wekyb3d8bbwe  ContentId = FEFBBE2B-D68A-63D8-1D17-046F2C1266A9  
Error: The operation completed successfully.
Function: GetInstalledPfns
Source: onecoreuap\enduser\winstore\installservice\libqueue2\uwainstallworkbridge.cpp (223)"
"19-08-2026 10:11:43","2006","Information","Microsoft-Windows-Install-Agent","Added to the installed pfn list: PackageFamilyName = MicrosoftCorporationII.WinAppRuntime.Main.1.8_8wekyb3d8bbwe  ContentId = 476E4360-1108-BEF4-8B06-87E4B75059BE  
Error: The operation completed successfully.
Function: GetInstalledPfns
Source: onecoreuap\enduser\winstore\installservice\libqueue2\uwainstallworkbridge.cpp (223)"
"19-08-2026 10:11:43","2006","Information","Microsoft-Windows-Install-Agent","Added to the installed pfn list: PackageFamilyName = Microsoft.Paint_8wekyb3d8bbwe  ContentId = D6B9197E-3A6D-9032-DBFD-F40F95B464C1  
Error: The operation completed successfully.
Function: GetInstalledPfns
Source: onecoreuap\enduser\winstore\installservice\libqueue2\uwainstallworkbridge.cpp (223)"
"19-08-2026 10:11:43","2006","Information","Microsoft-Windows-Install-Agent","Added to the installed pfn list: PackageFamilyName = Microsoft.LanguageExperiencePacken-GB_8wekyb3d8bbwe  ContentId = D35834A6-4114-D9F0-8D69-C6AEC8F20768  
Error: The operation completed successfully.
Function: GetInstalledPfns
Source: onecoreuap\enduser\winstore\installservice\libqueue2\uwainstallworkbridge.cpp (223)"
"19-08-2026 10:11:43","2006","Information","Microsoft-Windows-Install-Agent","Added to the installed pfn list: PackageFamilyName = Microsoft.WebMediaExtensions_8wekyb3d8bbwe  ContentId = 7583E141-6210-5A36-BB89-80D0397C4721  
Error: The operation completed successfully.
Function: GetInstalledPfns
Source: onecoreuap\enduser\winstore\installservice\libqueue2\uwainstallworkbridge.cpp (223)"
"19-08-2026 10:11:43","2006","Information","Microsoft-Windows-Install-Agent","Added to the installed pfn list: PackageFamilyName = Microsoft.Windows.Photos_8wekyb3d8bbwe  ContentId = 558F5D32-0827-EB7B-6AD6-D5DB4138B3AA  
Error: The operation completed successfully.
Function: GetInstalledPfns
Source: onecoreuap\enduser\winstore\installservice\libqueue2\uwainstallworkbridge.cpp (223)"
"19-08-2026 10:11:43","2006","Information","Microsoft-Windows-Install-Agent","Added to the installed pfn list: PackageFamilyName = Microsoft.VP9VideoExtensions_8wekyb3d8bbwe  ContentId = 4AF301E9-F5E0-C8BF-6B7C-938BDDDF84D5  
Error: The operation completed successfully.
Function: GetInstalledPfns
Source: onecoreuap\enduser\winstore\installservice\libqueue2\uwainstallworkbridge.cpp (223)"
"19-08-2026 10:11:43","2006","Information","Microsoft-Windows-Install-Agent","Added to the installed pfn list: PackageFamilyName = Microsoft.WindowsCamera_8wekyb3d8bbwe  ContentId = 3BFD26C9-8DA9-B940-F638-55890012AAB4  
Error: The operation completed successfully.
Function: GetInstalledPfns
Source: onecoreuap\enduser\winstore\installservice\libqueue2\uwainstallworkbridge.cpp (223)"
"19-08-2026 10:11:43","2006","Information","Microsoft-Windows-Install-Agent","Added to the installed pfn list: PackageFamilyName = Microsoft.DesktopAppInstaller_8wekyb3d8bbwe  ContentId = 97612282-D1E8-1D6A-9E92-C271E7F177EF  
Error: The operation completed successfully.
Function: GetInstalledPfns
Source: onecoreuap\enduser\winstore\installservice\libqueue2\uwainstallworkbridge.cpp (223)"
"19-08-2026 10:11:43","2006","Information","Microsoft-Windows-Install-Agent","Added to the installed pfn list: PackageFamilyName = Microsoft.Todos_8wekyb3d8bbwe  ContentId = B7ADD246-4CF8-3E59-4D3E-18DA8AE3C88D  
Error: The operation completed successfully.
Function: GetInstalledPfns
Source: onecoreuap\enduser\winstore\installservice\libqueue2\uwainstallworkbridge.cpp (223)"
"19-08-2026 10:11:43","2006","Information","Microsoft-Windows-Install-Agent","Added to the installed pfn list: PackageFamilyName = Microsoft.ScreenSketch_8wekyb3d8bbwe  ContentId = 42493DE9-7734-949C-AD90-1D11F59F45CB  
Error: The operation completed successfully.
Function: GetInstalledPfns
Source: onecoreuap\enduser\winstore\installservice\libqueue2\uwainstallworkbridge.cpp (223)"
"19-08-2026 10:11:43","2006","Information","Microsoft-Windows-Install-Agent","Added to the installed pfn list: PackageFamilyName = Microsoft.HEVCVideoExtension_8wekyb3d8bbwe  ContentId = A0D50492-A769-FCE9-8C5B-6DC60312B8E4  
Error: The operation completed successfully.
Function: GetInstalledPfns
Source: onecoreuap\enduser\winstore\installservice\libqueue2\uwainstallworkbridge.cpp (223)"
"19-08-2026 10:11:43","2006","Information","Microsoft-Windows-Install-Agent","Added to the installed pfn list: PackageFamilyName = Microsoft.StartExperiencesApp_8wekyb3d8bbwe  ContentId = 4D0B8CBA-A07C-E0E7-A168-A4218C3D0E2D  
Error: The operation completed successfully.
Function: GetInstalledPfns
Source: onecoreuap\enduser\winstore\installservice\libqueue2\uwainstallworkbridge.cpp (223)"
"19-08-2026 10:11:43","2006","Information","Microsoft-Windows-Install-Agent","Added to the installed pfn list: PackageFamilyName = Microsoft.WidgetsPlatformRuntime_8wekyb3d8bbwe  ContentId = BDB3F316-C077-15D6-5BC3-BEA51131B48B  
Error: The operation completed successfully.
Function: GetInstalledPfns
Source: onecoreuap\enduser\winstore\installservice\libqueue2\uwainstallworkbridge.cpp (223)"
"19-08-2026 10:11:43","2006","Information","Microsoft-Windows-Install-Agent","Added to the installed pfn list: PackageFamilyName = Microsoft.People_8wekyb3d8bbwe  ContentId = 1FE89C0B-9BED-CC5D-7426-9E4025D6BDD9  
Error: The operation completed successfully.
Function: GetInstalledPfns
Source: onecoreuap\enduser\winstore\installservice\libqueue2\uwainstallworkbridge.cpp (223)"
"19-08-2026 10:11:43","2006","Information","Microsoft-Windows-Install-Agent","Added to the installed pfn list: PackageFamilyName = Microsoft.MPEG2VideoExtension_8wekyb3d8bbwe  ContentId = CB930C5D-A8CA-CB04-8220-6277C7E4F038  
Error: The operation completed successfully.
Function: GetInstalledPfns
Source: onecoreuap\enduser\winstore\installservice\libqueue2\uwainstallworkbridge.cpp (223)"
"19-08-2026 10:11:43","2006","Information","Microsoft-Windows-Install-Agent","Added to the installed pfn list: PackageFamilyName = Microsoft.MicrosoftStickyNotes_8wekyb3d8bbwe  ContentId = 68E019EB-0B92-5E08-5D86-9BFE6DBA8517  
Error: The operation completed successfully.
Function: GetInstalledPfns
Source: onecoreuap\enduser\winstore\installservice\libqueue2\uwainstallworkbridge.cpp (223)"
"19-08-2026 10:11:43","2006","Information","Microsoft-Windows-Install-Agent","Added to the installed pfn list: PackageFamilyName = Microsoft.AVCEncoderVideoExtension_8wekyb3d8bbwe  ContentId = A0E97106-F741-517D-F93D-FD2952E99E10  
Error: The operation completed successfully.
Function: GetInstalledPfns
Source: onecoreuap\enduser\winstore\installservice\libqueue2\uwainstallworkbridge.cpp (223)"
"19-08-2026 10:11:43","2006","Information","Microsoft-Windows-Install-Agent","Added to the installed pfn list: PackageFamilyName = Microsoft.ApplicationCompatibilityEnhancements_8wekyb3d8bbwe  ContentId = CD042EA5-9C77-34C0-2186-CF69DF02EF5A  
Error: The operation completed successfully.
Function: GetInstalledPfns
Source: onecoreuap\enduser\winstore\installservice\libqueue2\uwainstallworkbridge.cpp (223)"
"19-08-2026 10:11:43","2006","Information","Microsoft-Windows-Install-Agent","Added to the installed pfn list: PackageFamilyName = AppUp.IntelOptaneMemoryandStorageManagement_8j3eq9eme6ctt  ContentId = 8026B135-F2DC-C2A9-9FD2-EDA13A57749D  
Error: The operation completed successfully.
Function: GetInstalledPfns
Source: onecoreuap\enduser\winstore\installservice\libqueue2\uwainstallworkbridge.cpp (223)"
"19-08-2026 10:11:43","2006","Information","Microsoft-Windows-Install-Agent","Added to the installed pfn list: PackageFamilyName = AppUp.IntelGraphicsExperience_8j3eq9eme6ctt  ContentId = 7D8BB837-86FA-C111-76A5-0569498ACFC3  
Error: The operation completed successfully.
Function: GetInstalledPfns
Source: onecoreuap\enduser\winstore\installservice\libqueue2\uwainstallworkbridge.cpp (223)"
"19-08-2026 10:11:43","2006","Information","Microsoft-Windows-Install-Agent","Scanning a new plugin
Error: The operation completed successfully.
Function: InstallQueue2::CreateScanForAllUpdatesWork
Source: onecoreuap\enduser\winstore\installservice\libqueue2\installqueue2.cpp (2526)"
"19-08-2026 10:11:43","2006","Information","Microsoft-Windows-Install-Agent","request: interactive = false, CV = C2GP50Qp5keFT0qP.0, clientid = MoUpdateOrchestratorDeviceScan-MoUsoCoreWorker-SearchForAllUpdatesWithUpdateOptionsAsync, allowForcedAppRestart = false, automaticallyDownloadAndInstallUpdateIfFound = false
Error: Unknown HResult Error code: 0xefffffff
Function: Windows::ApplicationModel::Store::Preview::InstallControl::AppInstallManagerImpl::_SearchForAllUpdatesForUserAsync
Source: onecoreuap\enduser\winstore\installservice\lib\appinstallcontrol.cpp (2952)"
"19-08-2026 10:11:43","2006","Information","Microsoft-Windows-Install-Agent","IsBackgroundSearchAllowed result: true
Error: Unknown HResult Error code: 0xefffffff
Function: Windows::ApplicationModel::Store::Preview::InstallControl::AppInstallManagerImpl::get_IsBackgroundSearchAllowed
Source: onecoreuap\enduser\winstore\installservice\lib\appinstallcontrol.cpp (7783)"
"19-08-2026 10:11:43","2006","Information","Microsoft-Windows-Install-Agent","OOBE completion time is : 5/23/2026 5:35:25. 
 Current time is : 8/19/2026 4:41:43
Error: Unknown HResult Error code: 0xefffffff
Function: IsOobeTwoHoursTimeLapsed
Source: onecoreuap\enduser\winstore\installservice\lib\ScanForUpdatesWorker.cpp (400)"
"19-08-2026 10:11:43","2005","Verbose","Microsoft-Windows-Install-Agent","oneSettingsconcurrentDefaultInstalls = 3, oneSettingsconcurrentMinInstalls = 3
Error: Unknown HResult Error code: 0xefffffff
Function: GetConcurrentInstallsFromOneSettings
Source: onecoreuap\enduser\winstore\installservice\lib\settings.cpp (846)"
"19-08-2026 10:11:43","2006","Information","Microsoft-Windows-Install-Agent","Setting MSA Client Id for Token requests: {f0c62012-2cef-4831-b1f7-930682874c86}
Error: Unspecified error
Function: 
Source: onecoreuap\enduser\winstore\auth\lib\winstoreauth.cpp (206)"
"19-08-2026 10:11:43","2000","Information","Microsoft-Windows-Install-Agent","Process Name: C:\Windows\uus\AMD64\MoUsoCoreWorker.exe
Module Name: C:\Windows\System32\InstallService.dll
Build: 26100.1.amd64fre.ge_release.240331-1435, UBR: 8893
"
"19-08-2026 10:07:34","8001","Information","Microsoft-Windows-Store","304 - no changes for killbit
Function: OneStoreApplicationLicenseManager::RefreshBannedLicenses
Source: onecoreuap\enduser\winstore\licensemanager\lib\onestoreapplicensemanager.cpp (898)"
"19-08-2026 10:07:34","8001","Information","Microsoft-Windows-Store","Identity capture succeeded
Function: SingleUserStoredIdentitySnapshot::CaptureIdentity
Source: onecoreuap\enduser\winstore\licensemanager\lib\identity.cpp (441)"
"19-08-2026 10:07:34","8001","Information","Microsoft-Windows-Store","Captured 0 MSA tickets and 1 AAD tickets for S-1-12-1-2357405129-1281513531-255772574-1816207334
Function: SingleUserStoredIdentitySnapshot::CaptureIdentity
Source: onecoreuap\enduser\winstore\licensemanager\lib\identity.cpp (424)"
"19-08-2026 10:07:34","8001","Information","Microsoft-Windows-Store","Failure Message: Account Ticket succesfully extracted. Ticket providerType: AAD web: fdQ459V7DuFE5chksjJy-R1xWD_8v04qeKuetk_Eq90 
Function: 
Source: onecoreuap\enduser\winstore\auth\lib\winstoreauth.cpp (2093)"
"19-08-2026 10:07:34","8001","Information","Microsoft-Windows-Store","Getting user tickets for S-1-12-1-2357405129-1281513531-255772574-1816207334
Function: SingleUserStoredIdentitySnapshot::CaptureIdentity
Source: onecoreuap\enduser\winstore\licensemanager\lib\identity.cpp (351)"
"19-08-2026 10:07:31","8001","Information","Microsoft-Windows-Store","Decoding: {}
Function: DecodeCustomPolicy
Source: onecoreuap\enduser\winstore\licensemanager\lib\clipdocument.cpp (50)"
"19-08-2026 10:07:31","8001","Information","Microsoft-Windows-Store","Installing key document
Function: ClipStorage::StoreKeyDocument
Source: onecoreuap\enduser\winstore\licensemanager\lib\clipstorage.cpp (67)"
"19-08-2026 10:07:31","8001","Information","Microsoft-Windows-Store","Installing lease
Function: ClipStorage::StoreLeaseDocument
Source: onecoreuap\enduser\winstore\licensemanager\lib\clipstorage.cpp (285)"
"19-08-2026 10:07:31","8001","Information","Microsoft-Windows-Store","License Response: 1 leases, 1 keys for contentId 2907B935-0EA5-DCA1-85A7-75597491A18B (Corr: orfVcB7ZCEOg1Jhw.1, Svr: 9)
Function: LogRequestLicenseSuccess
Source: onecoreuap\enduser\winstore\licensemanager\lib\telemetry.cpp (246)"
"19-08-2026 10:07:31","8001","Information","Microsoft-Windows-Store","Requesting license for 2907B935-0EA5-DCA1-85A7-75597491A18B at /v7.0/licenses/content (https://licensing.mp.microsoft.com) (Corr: orfVcB7ZCEOg1Jhw.1)
Function: LicenseProxyService::DoRequestLicense
Source: onecoreuap\enduser\winstore\licensemanager\lib\proxy.cpp (2044)"
"19-08-2026 10:07:31","8001","Information","Microsoft-Windows-Store","Transmitting old key for content ID 2907B935-0EA5-DCA1-85A7-75597491A18B in request for content ID 2907B935-0EA5-DCA1-85A7-75597491A18B with validity 7f000000 (detail 0x00000000)
Function: LicenseProxyService::CreateLicenseRequestBody
Source: onecoreuap\enduser\winstore\licensemanager\lib\proxy.cpp (1918)"
"19-08-2026 10:07:31","8001","Information","Microsoft-Windows-Store","Identity capture succeeded
Function: SingleUserStoredIdentitySnapshot::CaptureIdentity
Source: onecoreuap\enduser\winstore\licensemanager\lib\identity.cpp (441)"
"19-08-2026 10:07:31","8001","Information","Microsoft-Windows-Store","Captured 0 MSA tickets and 1 AAD tickets for S-1-12-1-2357405129-1281513531-255772574-1816207334
Function: SingleUserStoredIdentitySnapshot::CaptureIdentity
Source: onecoreuap\enduser\winstore\licensemanager\lib\identity.cpp (424)"
"19-08-2026 10:07:31","8001","Information","Microsoft-Windows-Store","Failure Message: Account Ticket succesfully extracted. Ticket providerType: AAD web: fdQ459V7DuFE5chksjJy-R1xWD_8v04qeKuetk_Eq90 
Function: 
Source: onecoreuap\enduser\winstore\auth\lib\winstoreauth.cpp (2093)"
"19-08-2026 10:07:30","8001","Information","Microsoft-Windows-Store","Getting user tickets for S-1-12-1-2357405129-1281513531-255772574-1816207334
Function: SingleUserStoredIdentitySnapshot::CaptureIdentity
Source: onecoreuap\enduser\winstore\licensemanager\lib\identity.cpp (351)"
"19-08-2026 10:07:30","2006","Information","Microsoft-Windows-Install-Agent","USO store provider is enabled.
Error: Unknown HResult Error code: 0xefffffff
Function: CanUseUsoStoreProvider
Source: onecoreuap\enduser\winstore\installservice\lib\settings.cpp (4188)"
"19-08-2026 10:07:30","2006","Information","Microsoft-Windows-Install-Agent","[Telemetry]: Stats :: AppControlPreferenceOptions = 99  ShouldHonorAppUpdatePauseFlags = 2  
Error: Unknown HResult Error code: 0xefffffff
Function: LogTelemetryEvent
Source: onecoreuap\enduser\winstore\installservice\tasksdll\logging.cpp (10)"
"19-08-2026 10:07:30","2006","Information","Microsoft-Windows-Install-Agent","Update block list not found or empty in OneSettings
Error: Unknown HResult Error code: 0xefffffff
Function: DoInitializeOneSettingsConfiguration
Source: onecoreuap\enduser\winstore\installservice\lib\settings.cpp (2735)"
"19-08-2026 10:07:30","2006","Information","Microsoft-Windows-Install-Agent","Failure detected
Error: JSON value not found.
Function: 
Source: onecoreuap\enduser\winstore\installservice\lib\settings.cpp (578)"
