"12-08-2026 14:52:48","3","Information","Microsoft-Windows-Bits-Client","The BITS service created a new job.
Transfer job: PreSignInSettingsConfigJSON
Job ID: {7bdc6cbc-b25f-425c-8eba-ca3fbc7ea8a3}
Owner: ENTERPRISE\arjo5004
Process Path: C:\Program Files\Microsoft OneDrive\OneDriveStandaloneUpdater.exe
Process ID: 15004"
"12-08-2026 14:52:43","306","Verbose","Microsoft-Windows-Bits-Client","The BITS service loaded the job list from disk."
"12-08-2026 14:21:34","306","Verbose","Microsoft-Windows-Bits-Client","The BITS service loaded the job list from disk."
"12-08-2026 13:52:54","4","Information","Microsoft-Windows-Bits-Client","The transfer job is complete.
User: ENTERPRISE\arjo5004
Transfer job: NucleusUpdateRingConfigJSON
Job ID: {916f278b-d222-495d-b89b-906459fcc3b0}
Owner: ENTERPRISE\arjo5004
File count: 1"
"12-08-2026 13:52:54","60","Information","Microsoft-Windows-Bits-Client","BITS stopped transferring the NucleusUpdateRingConfigJSON transfer job that is associated with the https://g.live.com/odclientsettings/ProdV2?OneDriveUpdate=1bff092d7e0bb0b7d9ca208bf987 URL. The status code is 0x0."
"12-08-2026 13:52:54","59","Information","Microsoft-Windows-Bits-Client","BITS started the NucleusUpdateRingConfigJSON transfer job that is associated with the https://g.live.com/odclientsettings/ProdV2?OneDriveUpdate=1bff092d7e0bb0b7d9ca208bf987 URL."
"12-08-2026 13:52:54","16403","Information","Microsoft-Windows-Bits-Client",
"12-08-2026 13:52:54","3","Information","Microsoft-Windows-Bits-Client","The BITS service created a new job.
Transfer job: NucleusUpdateRingConfigJSON
Job ID: {916f278b-d222-495d-b89b-906459fcc3b0}
Owner: ENTERPRISE\arjo5004
Process Path: C:\Program Files\Microsoft OneDrive\26.139.0720.0007\OneDrive.Sync.Service.exe
Process ID: 18024"
"12-08-2026 13:52:47","4","Information","Microsoft-Windows-Bits-Client","The transfer job is complete.
User: ENTERPRISE\arjo5004
Transfer job: UpdateXml
Job ID: {26aa341e-f798-4ffd-8be2-bc2c0c9311de}
Owner: ENTERPRISE\arjo5004
File count: 1"
"12-08-2026 13:52:47","60","Information","Microsoft-Windows-Bits-Client","BITS stopped transferring the UpdateXml transfer job that is associated with the https://g.live.com/1rewlive5skydrive/OneDriveProductionV2?OneDriveUpdate=bd296aa7cba39d87be2a191104a URL. The status code is 0x0."
"12-08-2026 13:52:47","59","Information","Microsoft-Windows-Bits-Client","BITS started the UpdateXml transfer job that is associated with the https://g.live.com/1rewlive5skydrive/OneDriveProductionV2?OneDriveUpdate=bd296aa7cba39d87be2a191104a URL."
"12-08-2026 13:52:47","16403","Information","Microsoft-Windows-Bits-Client",
"12-08-2026 13:52:47","3","Information","Microsoft-Windows-Bits-Client","The BITS service created a new job.
Transfer job: UpdateXml
Job ID: {26aa341e-f798-4ffd-8be2-bc2c0c9311de}
Owner: ENTERPRISE\arjo5004
Process Path: C:\Program Files\Microsoft OneDrive\OneDrive.exe
Process ID: 8024"
"12-08-2026 13:52:14","4","Information","Microsoft-Windows-Bits-Client","The transfer job is complete.
User: NT AUTHORITY\SYSTEM
Transfer job: PreSignInSettingsConfigJSON
Job ID: {6d2c9ecd-1e68-417b-bfec-5a96f5d64ad1}
Owner: NT AUTHORITY\SYSTEM
File count: 1"
"12-08-2026 13:52:14","60","Information","Microsoft-Windows-Bits-Client","BITS stopped transferring the PreSignInSettingsConfigJSON transfer job that is associated with the https://g.live.com/odclientsettings/ProdV2 URL. The status code is 0x0."
"12-08-2026 13:52:14","59","Information","Microsoft-Windows-Bits-Client","BITS started the PreSignInSettingsConfigJSON transfer job that is associated with the https://g.live.com/odclientsettings/ProdV2 URL."
"12-08-2026 13:52:14","16403","Information","Microsoft-Windows-Bits-Client",
"12-08-2026 13:52:14","3","Information","Microsoft-Windows-Bits-Client","The BITS service created a new job.
Transfer job: PreSignInSettingsConfigJSON
Job ID: {6d2c9ecd-1e68-417b-bfec-5a96f5d64ad1}
Owner: NT AUTHORITY\SYSTEM
Process Path: C:\Program Files\Microsoft OneDrive\Update\OneDriveSetup.exe
Process ID: 24136"
"12-08-2026 13:52:09","4","Information","Microsoft-Windows-Bits-Client","The transfer job is complete.
User: NT AUTHORITY\SYSTEM
Transfer job: UpdateBinary
Job ID: {01dda2a4-9160-4da2-9a77-17744e6b2026}
Owner: NT AUTHORITY\SYSTEM
File count: 1"
"12-08-2026 13:52:09","60","Information","Microsoft-Windows-Bits-Client","BITS stopped transferring the UpdateBinary transfer job that is associated with the https://oneclient.sfx.ms/Win/Installers/26.139.0720.0007/amd64/OneDriveSetup.exe URL. The status code is 0x0."
"12-08-2026 13:51:51","59","Information","Microsoft-Windows-Bits-Client","BITS started the UpdateBinary transfer job that is associated with the https://oneclient.sfx.ms/Win/Installers/26.139.0720.0007/amd64/OneDriveSetup.exe URL."
"12-08-2026 13:51:51","16403","Information","Microsoft-Windows-Bits-Client",
"12-08-2026 13:51:51","3","Information","Microsoft-Windows-Bits-Client","The BITS service created a new job.
Transfer job: UpdateBinary
Job ID: {01dda2a4-9160-4da2-9a77-17744e6b2026}
Owner: NT AUTHORITY\SYSTEM
Process Path: C:\Program Files\Microsoft OneDrive\26.134.0713.0007\OneDriveUpdaterService.exe
Process ID: 30300"
"12-08-2026 13:51:51","4","Information","Microsoft-Windows-Bits-Client","The transfer job is complete.
User: NT AUTHORITY\SYSTEM
Transfer job: UpdateXml
Job ID: {dbb26a39-f290-4f24-9165-689f5869213a}
Owner: NT AUTHORITY\SYSTEM
File count: 1"
"12-08-2026 13:51:51","60","Information","Microsoft-Windows-Bits-Client","BITS stopped transferring the UpdateXml transfer job that is associated with the https://g.live.com/1rewlive5skydrive/OneDriveProductionV2?OneDriveUpdate=9f93a36cbb698f5da1efcaa6d9b URL. The status code is 0x0."
"12-08-2026 13:51:51","59","Information","Microsoft-Windows-Bits-Client","BITS started the UpdateXml transfer job that is associated with the https://g.live.com/1rewlive5skydrive/OneDriveProductionV2?OneDriveUpdate=9f93a36cbb698f5da1efcaa6d9b URL."
"12-08-2026 13:51:51","16403","Information","Microsoft-Windows-Bits-Client",
"12-08-2026 13:51:51","3","Information","Microsoft-Windows-Bits-Client","The BITS service created a new job.
Transfer job: UpdateXml
Job ID: {dbb26a39-f290-4f24-9165-689f5869213a}
Owner: NT AUTHORITY\SYSTEM
Process Path: C:\Program Files\Microsoft OneDrive\26.134.0713.0007\OneDriveUpdaterService.exe
Process ID: 30300"
"12-08-2026 13:51:50","4","Information","Microsoft-Windows-Bits-Client","The transfer job is complete.
User: NT AUTHORITY\SYSTEM
Transfer job: PreSignInSettingsConfigJSON
Job ID: {d33373a4-7a92-46a7-b348-b74802af1f40}
Owner: NT AUTHORITY\SYSTEM
File count: 1"
"12-08-2026 13:51:50","60","Information","Microsoft-Windows-Bits-Client","BITS stopped transferring the PreSignInSettingsConfigJSON transfer job that is associated with the https://g.live.com/odclientsettings/ProdV2 URL. The status code is 0x0."
"12-08-2026 13:51:50","59","Information","Microsoft-Windows-Bits-Client","BITS started the PreSignInSettingsConfigJSON transfer job that is associated with the https://g.live.com/odclientsettings/ProdV2 URL."
"12-08-2026 13:51:50","310","Warning","Microsoft-Windows-Bits-Client","The initialization of the peer helper modules failed with the following error:  0x80070032."
"12-08-2026 13:51:49","16403","Information","Microsoft-Windows-Bits-Client",
"12-08-2026 13:51:49","3","Information","Microsoft-Windows-Bits-Client","The BITS service created a new job.
Transfer job: PreSignInSettingsConfigJSON
Job ID: {d33373a4-7a92-46a7-b348-b74802af1f40}
Owner: NT AUTHORITY\SYSTEM
Process Path: C:\Program Files\Microsoft OneDrive\26.134.0713.0007\OneDriveUpdaterService.exe
Process ID: 30300"
"12-08-2026 13:51:44","306","Verbose","Microsoft-Windows-Bits-Client","The BITS service loaded the job list from disk."
"12-08-2026 12:09:16","4","Information","Microsoft-Windows-Bits-Client","The transfer job is complete.
User: ENTERPRISE\arjo5004
Transfer job: NucleusUpdateRingConfigJSON
Job ID: {b082970b-5d30-4b76-93f3-33fa632b7483}
Owner: ENTERPRISE\arjo5004
File count: 1"
"12-08-2026 12:09:16","60","Information","Microsoft-Windows-Bits-Client","BITS stopped transferring the NucleusUpdateRingConfigJSON transfer job that is associated with the https://g.live.com/odclientsettings/ProdV2?OneDriveUpdate=6fdb3a1ea7e48931f5e09a89323 URL. The status code is 0x0."
"12-08-2026 12:09:16","59","Information","Microsoft-Windows-Bits-Client","BITS started the NucleusUpdateRingConfigJSON transfer job that is associated with the https://g.live.com/odclientsettings/ProdV2?OneDriveUpdate=6fdb3a1ea7e48931f5e09a89323 URL."
"12-08-2026 12:09:16","16403","Information","Microsoft-Windows-Bits-Client",
"12-08-2026 12:09:16","3","Information","Microsoft-Windows-Bits-Client","The BITS service created a new job.
Transfer job: NucleusUpdateRingConfigJSON
Job ID: {b082970b-5d30-4b76-93f3-33fa632b7483}
Owner: ENTERPRISE\arjo5004
Process Path: C:\Program Files\Microsoft OneDrive\26.134.0713.0007\OneDrive.Sync.Service.exe
Process ID: 22928"
"12-08-2026 12:08:44","4","Information","Microsoft-Windows-Bits-Client","The transfer job is complete.
User: ENTERPRISE\arjo5004
Transfer job: UpdateXml
Job ID: {3034a90d-fafa-4d15-a9c0-fc4448b8ce82}
Owner: ENTERPRISE\arjo5004
File count: 1"
"12-08-2026 12:08:44","60","Information","Microsoft-Windows-Bits-Client","BITS stopped transferring the UpdateXml transfer job that is associated with the https://g.live.com/1rewlive5skydrive/OneDriveProductionV2?OneDriveUpdate=7e4f121def92bd10129a11c2c9c URL. The status code is 0x0."
"12-08-2026 12:08:43","59","Information","Microsoft-Windows-Bits-Client","BITS started the UpdateXml transfer job that is associated with the https://g.live.com/1rewlive5skydrive/OneDriveProductionV2?OneDriveUpdate=7e4f121def92bd10129a11c2c9c URL."
"12-08-2026 12:08:43","310","Warning","Microsoft-Windows-Bits-Client","The initialization of the peer helper modules failed with the following error:  0x80070032."
"12-08-2026 12:08:43","16403","Information","Microsoft-Windows-Bits-Client",
"12-08-2026 12:08:43","3","Information","Microsoft-Windows-Bits-Client","The BITS service created a new job.
Transfer job: UpdateXml
Job ID: {3034a90d-fafa-4d15-a9c0-fc4448b8ce82}
Owner: ENTERPRISE\arjo5004
Process Path: C:\Program Files\Microsoft OneDrive\OneDrive.exe
Process ID: 21152"
"12-08-2026 12:08:39","306","Verbose","Microsoft-Windows-Bits-Client","The BITS service loaded the job list from disk."
"12-08-2026 12:05:39","4","Information","Microsoft-Windows-Bits-Client","The transfer job is complete.
User: ENTERPRISE\arjo5004
Transfer job: PreSignInSettingsConfigJSON
Job ID: {7b4f7397-3dd6-4d4d-9986-8df26660f21c}
Owner: ENTERPRISE\arjo5004
File count: 1"
"12-08-2026 12:05:39","60","Information","Microsoft-Windows-Bits-Client","BITS stopped transferring the PreSignInSettingsConfigJSON transfer job that is associated with the https://g.live.com/odclientsettings/ProdV2 URL. The status code is 0x0."
"12-08-2026 12:05:38","59","Information","Microsoft-Windows-Bits-Client","BITS started the PreSignInSettingsConfigJSON transfer job that is associated with the https://g.live.com/odclientsettings/ProdV2 URL."
"12-08-2026 12:05:38","310","Warning","Microsoft-Windows-Bits-Client","The initialization of the peer helper modules failed with the following error:  0x80070032."
"12-08-2026 12:05:38","16403","Information","Microsoft-Windows-Bits-Client",
"12-08-2026 12:05:38","3","Information","Microsoft-Windows-Bits-Client","The BITS service created a new job.
Transfer job: PreSignInSettingsConfigJSON
Job ID: {7b4f7397-3dd6-4d4d-9986-8df26660f21c}
Owner: ENTERPRISE\arjo5004
Process Path: C:\Program Files\Microsoft OneDrive\OneDriveStandaloneUpdater.exe
Process ID: 9800"
"12-08-2026 12:05:34","306","Verbose","Microsoft-Windows-Bits-Client","The BITS service loaded the job list from disk."
"12-08-2026 11:37:33","4","Information","Microsoft-Windows-Bits-Client","The transfer job is complete.
User: NT AUTHORITY\SYSTEM
Transfer job: UpdateDescriptionXml
Job ID: {25d5f6d6-1cc1-4106-ad92-32319a176131}
Owner: NT AUTHORITY\SYSTEM
File count: 1"
"12-08-2026 11:37:33","60","Information","Microsoft-Windows-Bits-Client","BITS stopped transferring the UpdateDescriptionXml transfer job that is associated with the https://g.live.com/1rewlive5skydrive/ODSUProductionV2 URL. The status code is 0x0."
"12-08-2026 11:37:32","59","Information","Microsoft-Windows-Bits-Client","BITS started the UpdateDescriptionXml transfer job that is associated with the https://g.live.com/1rewlive5skydrive/ODSUProductionV2 URL."
"12-08-2026 11:37:32","16403","Information","Microsoft-Windows-Bits-Client",
"12-08-2026 11:37:32","3","Information","Microsoft-Windows-Bits-Client","The BITS service created a new job.
Transfer job: UpdateDescriptionXml
Job ID: {25d5f6d6-1cc1-4106-ad92-32319a176131}
Owner: NT AUTHORITY\SYSTEM
Process Path: C:\Program Files\Microsoft OneDrive\OneDriveStandaloneUpdater.exe
Process ID: 28456"
"12-08-2026 11:37:32","4","Information","Microsoft-Windows-Bits-Client","The transfer job is complete.
User: NT AUTHORITY\SYSTEM
Transfer job: PreSignInSettingsConfigJSON
Job ID: {804e23dc-adc7-4081-b5a1-01e43820251d}
Owner: NT AUTHORITY\SYSTEM
File count: 1"
"12-08-2026 11:37:32","60","Information","Microsoft-Windows-Bits-Client","BITS stopped transferring the PreSignInSettingsConfigJSON transfer job that is associated with the https://g.live.com/odclientsettings/ProdV2 URL. The status code is 0x0."
"12-08-2026 11:37:32","59","Information","Microsoft-Windows-Bits-Client","BITS started the PreSignInSettingsConfigJSON transfer job that is associated with the https://g.live.com/odclientsettings/ProdV2 URL."
"12-08-2026 11:37:32","310","Warning","Microsoft-Windows-Bits-Client","The initialization of the peer helper modules failed with the following error:  0x80070032."
"12-08-2026 11:37:31","16403","Information","Microsoft-Windows-Bits-Client",
"12-08-2026 11:37:31","3","Information","Microsoft-Windows-Bits-Client","The BITS service created a new job.
Transfer job: PreSignInSettingsConfigJSON
Job ID: {804e23dc-adc7-4081-b5a1-01e43820251d}
Owner: NT AUTHORITY\SYSTEM
Process Path: C:\Program Files\Microsoft OneDrive\OneDriveStandaloneUpdater.exe
Process ID: 28456"
"12-08-2026 11:37:27","306","Verbose","Microsoft-Windows-Bits-Client","The BITS service loaded the job list from disk."
"12-08-2026 10:56:28","4","Information","Microsoft-Windows-Bits-Client","The transfer job is complete.
User: ENTERPRISE\arjo5004
Transfer job: Microsoft Outlook Offline Address Book f6f4885c16aaa24380920210d426fdcc
Job ID: {40ef40fb-3d34-48c6-9659-0b26a500ac66}
Owner: ENTERPRISE\arjo5004
File count: 2"
"12-08-2026 10:56:28","60","Information","Microsoft-Windows-Bits-Client","BITS stopped transferring the Microsoft Outlook Offline Address Book f6f4885c16aaa24380920210d426fdcc transfer job that is associated with the https://outlook.office365.com/OWS/BETA/OAB/a9053b48-6105-4f36-b0f9-85fa6e19d837/ad404fb7-55ce-4457-96ad-a4d6639a1303-binpatch-6812.lzx URL. The status code is 0x0."
"12-08-2026 10:56:28","59","Information","Microsoft-Windows-Bits-Client","BITS started the Microsoft Outlook Offline Address Book f6f4885c16aaa24380920210d426fdcc transfer job that is associated with the https://outlook.office365.com/OWS/BETA/OAB/a9053b48-6105-4f36-b0f9-85fa6e19d837/ad404fb7-55ce-4457-96ad-a4d6639a1303-binpatch-6812.lzx URL."
"12-08-2026 10:56:28","60","Information","Microsoft-Windows-Bits-Client","BITS stopped transferring the Microsoft Outlook Offline Address Book f6f4885c16aaa24380920210d426fdcc transfer job that is associated with the https://outlook.office365.com/OWS/BETA/OAB/a9053b48-6105-4f36-b0f9-85fa6e19d837/ad404fb7-55ce-4457-96ad-a4d6639a1303-binpatch-6811.lzx URL. The status code is 0x0."
"12-08-2026 10:56:27","59","Information","Microsoft-Windows-Bits-Client","BITS started the Microsoft Outlook Offline Address Book f6f4885c16aaa24380920210d426fdcc transfer job that is associated with the https://outlook.office365.com/OWS/BETA/OAB/a9053b48-6105-4f36-b0f9-85fa6e19d837/ad404fb7-55ce-4457-96ad-a4d6639a1303-binpatch-6811.lzx URL."
"12-08-2026 10:56:24","61","Warning","Microsoft-Windows-Bits-Client","BITS stopped transferring the Microsoft Outlook Offline Address Book f6f4885c16aaa24380920210d426fdcc transfer job that is associated with the https://outlook.office365.com/OWS/BETA/OAB/a9053b48-6105-4f36-b0f9-85fa6e19d837/ad404fb7-55ce-4457-96ad-a4d6639a1303-binpatch-6811.lzx URL. The status code is 0x80190191."
"12-08-2026 10:56:24","204","Error","Microsoft-Windows-Bits-Client","The BITS service provided job credentials in response to the UNIDENTIFIED authentication challenge from the outlook.office365.com server for the Microsoft Outlook Offline Address Book f6f4885c16aaa24380920210d426fdcc transfer job that is associated with the following URL: /OWS/BETA/OAB/a9053b48-6105-4f36-b0f9-85fa6e19d837/ad404fb7-55ce-4457-96ad-a4d6639a1303-binpatch-6811.lzx.
 The credentials for the S-1-12-1-2357405129-1281513531-255772574-1816207334 user were rejected."
"12-08-2026 10:56:24","16403","Information","Microsoft-Windows-Bits-Client",
"12-08-2026 10:56:24","16403","Information","Microsoft-Windows-Bits-Client",
"12-08-2026 10:56:24","3","Information","Microsoft-Windows-Bits-Client","The BITS service created a new job.
Transfer job: Microsoft Outlook Offline Address Book f6f4885c16aaa24380920210d426fdcc
Job ID: {40ef40fb-3d34-48c6-9659-0b26a500ac66}
Owner: ENTERPRISE\arjo5004
Process Path: C:\Program Files\Microsoft Office\root\Office16\OUTLOOK.EXE
Process ID: 12576"
"12-08-2026 10:56:24","4","Information","Microsoft-Windows-Bits-Client","The transfer job is complete.
User: ENTERPRISE\arjo5004
Transfer job: Microsoft Outlook Offline Address Book f6f4885c16aaa24380920210d426fdcc
Job ID: {a547cdfc-78a8-4677-b690-b98e816fb145}
Owner: ENTERPRISE\arjo5004
File count: 1"
"12-08-2026 10:56:23","60","Information","Microsoft-Windows-Bits-Client","BITS stopped transferring the Microsoft Outlook Offline Address Book f6f4885c16aaa24380920210d426fdcc transfer job that is associated with the https://outlook.office365.com/OWS/BETA/OAB/a9053b48-6105-4f36-b0f9-85fa6e19d837/Templates/lng0409-1.lzx URL. The status code is 0x0."
"12-08-2026 10:56:22","59","Information","Microsoft-Windows-Bits-Client","BITS started the Microsoft Outlook Offline Address Book f6f4885c16aaa24380920210d426fdcc transfer job that is associated with the https://outlook.office365.com/OWS/BETA/OAB/a9053b48-6105-4f36-b0f9-85fa6e19d837/Templates/lng0409-1.lzx URL."
"12-08-2026 10:56:20","61","Warning","Microsoft-Windows-Bits-Client","BITS stopped transferring the Microsoft Outlook Offline Address Book f6f4885c16aaa24380920210d426fdcc transfer job that is associated with the https://outlook.office365.com/OWS/BETA/OAB/a9053b48-6105-4f36-b0f9-85fa6e19d837/Templates/lng0409-1.lzx URL. The status code is 0x80190191."
"12-08-2026 10:56:20","204","Error","Microsoft-Windows-Bits-Client","The BITS service provided job credentials in response to the UNIDENTIFIED authentication challenge from the outlook.office365.com server for the Microsoft Outlook Offline Address Book f6f4885c16aaa24380920210d426fdcc transfer job that is associated with the following URL: /OWS/BETA/OAB/a9053b48-6105-4f36-b0f9-85fa6e19d837/Templates/lng0409-1.lzx.
 The credentials for the S-1-12-1-2357405129-1281513531-255772574-1816207334 user were rejected."
"12-08-2026 10:56:20","16403","Information","Microsoft-Windows-Bits-Client",
"12-08-2026 10:56:20","3","Information","Microsoft-Windows-Bits-Client","The BITS service created a new job.
Transfer job: Microsoft Outlook Offline Address Book f6f4885c16aaa24380920210d426fdcc
Job ID: {a547cdfc-78a8-4677-b690-b98e816fb145}
Owner: ENTERPRISE\arjo5004
Process Path: C:\Program Files\Microsoft Office\root\Office16\OUTLOOK.EXE
Process ID: 12576"
"12-08-2026 10:56:18","4","Information","Microsoft-Windows-Bits-Client","The transfer job is complete.
User: ENTERPRISE\arjo5004
Transfer job: Microsoft Outlook Offline Address Book f6f4885c16aaa24380920210d426fdcc
Job ID: {0bc60036-9646-4604-b0a5-f3900ea84bf1}
Owner: ENTERPRISE\arjo5004
File count: 1"
"12-08-2026 10:56:16","60","Information","Microsoft-Windows-Bits-Client","BITS stopped transferring the Microsoft Outlook Offline Address Book f6f4885c16aaa24380920210d426fdcc transfer job that is associated with the https://outlook.office365.com/OWS/BETA/OAB/a9053b48-6105-4f36-b0f9-85fa6e19d837/oab.xml URL. The status code is 0x0."
"12-08-2026 10:55:57","59","Information","Microsoft-Windows-Bits-Client","BITS started the Microsoft Outlook Offline Address Book f6f4885c16aaa24380920210d426fdcc transfer job that is associated with the https://outlook.office365.com/OWS/BETA/OAB/a9053b48-6105-4f36-b0f9-85fa6e19d837/oab.xml URL."
"12-08-2026 10:55:57","310","Warning","Microsoft-Windows-Bits-Client","The initialization of the peer helper modules failed with the following error:  0x80070032."
"12-08-2026 10:55:54","61","Warning","Microsoft-Windows-Bits-Client","BITS stopped transferring the Microsoft Outlook Offline Address Book f6f4885c16aaa24380920210d426fdcc transfer job that is associated with the https://outlook.office365.com/OWS/BETA/OAB/a9053b48-6105-4f36-b0f9-85fa6e19d837/oab.xml URL. The status code is 0x80190191."
"12-08-2026 10:55:54","204","Error","Microsoft-Windows-Bits-Client","The BITS service provided job credentials in response to the UNIDENTIFIED authentication challenge from the outlook.office365.com server for the Microsoft Outlook Offline Address Book f6f4885c16aaa24380920210d426fdcc transfer job that is associated with the following URL: /OWS/BETA/OAB/a9053b48-6105-4f36-b0f9-85fa6e19d837/oab.xml.
 The credentials for the S-1-12-1-2357405129-1281513531-255772574-1816207334 user were rejected."
"12-08-2026 10:55:54","16403","Information","Microsoft-Windows-Bits-Client",
"12-08-2026 10:55:54","3","Information","Microsoft-Windows-Bits-Client","The BITS service created a new job.
Transfer job: Microsoft Outlook Offline Address Book f6f4885c16aaa24380920210d426fdcc
Job ID: {0bc60036-9646-4604-b0a5-f3900ea84bf1}
Owner: ENTERPRISE\arjo5004
Process Path: C:\Program Files\Microsoft Office\root\Office16\OUTLOOK.EXE
Process ID: 12576"
"12-08-2026 10:55:50","306","Verbose","Microsoft-Windows-Bits-Client","The BITS service loaded the job list from disk."
"12-08-2026 10:42:46","4","Information","Microsoft-Windows-Bits-Client","The transfer job is complete.
User: NT AUTHORITY\SYSTEM
Transfer job: Microsoft Office Click-to-Run
Job ID: {ef4be8ed-9d42-4731-9abb-9ea9a5900d22}
Owner: NT AUTHORITY\SYSTEM
File count: 1"
"12-08-2026 10:42:46","60","Information","Microsoft-Windows-Bits-Client","BITS stopped transferring the Microsoft Office Click-to-Run transfer job that is associated with the http://f.c2r.ts.cdn.office.net/pr/55336b82-a18d-4dd6-b5f6-9e5095c314a6/Office/Data/v64_16.0.20131.20152.cab URL. The status code is 0x0."
"12-08-2026 10:42:46","59","Information","Microsoft-Windows-Bits-Client","BITS started the Microsoft Office Click-to-Run transfer job that is associated with the http://f.c2r.ts.cdn.office.net/pr/55336b82-a18d-4dd6-b5f6-9e5095c314a6/Office/Data/v64_16.0.20131.20152.cab URL."
"12-08-2026 10:42:46","16403","Information","Microsoft-Windows-Bits-Client",
"12-08-2026 10:42:46","3","Information","Microsoft-Windows-Bits-Client","The BITS service created a new job.
Transfer job: Microsoft Office Click-to-Run
Job ID: {ef4be8ed-9d42-4731-9abb-9ea9a5900d22}
Owner: NT AUTHORITY\SYSTEM
Process Path: C:\Program Files\Common Files\microsoft shared\ClickToRun\OfficeClickToRun.exe
Process ID: 4784"
"12-08-2026 10:42:46","4","Information","Microsoft-Windows-Bits-Client","The transfer job is complete.
User: NT AUTHORITY\SYSTEM
Transfer job: Microsoft Office Click-to-Run
Job ID: {c90eb423-9d4f-48e3-a815-c936e40c0a3b}
Owner: NT AUTHORITY\SYSTEM
File count: 1"
"12-08-2026 10:42:46","60","Information","Microsoft-Windows-Bits-Client","BITS stopped transferring the Microsoft Office Click-to-Run transfer job that is associated with the http://f.c2r.ts.cdn.office.net/pr/55336b82-a18d-4dd6-b5f6-9e5095c314a6/Office/Data/v64_16.0.20131.20152.cab URL. The status code is 0x0."
"12-08-2026 10:42:46","59","Information","Microsoft-Windows-Bits-Client","BITS started the Microsoft Office Click-to-Run transfer job that is associated with the http://f.c2r.ts.cdn.office.net/pr/55336b82-a18d-4dd6-b5f6-9e5095c314a6/Office/Data/v64_16.0.20131.20152.cab URL."
"12-08-2026 10:42:46","310","Warning","Microsoft-Windows-Bits-Client","The initialization of the peer helper modules failed with the following error:  0x80070032."
"12-08-2026 10:42:46","16403","Information","Microsoft-Windows-Bits-Client",
"12-08-2026 10:42:46","3","Information","Microsoft-Windows-Bits-Client","The BITS service created a new job.
Transfer job: Microsoft Office Click-to-Run
Job ID: {c90eb423-9d4f-48e3-a815-c936e40c0a3b}
Owner: NT AUTHORITY\SYSTEM
Process Path: C:\Program Files\Common Files\microsoft shared\ClickToRun\OfficeClickToRun.exe
Process ID: 4784"
"12-08-2026 10:42:42","306","Verbose","Microsoft-Windows-Bits-Client","The BITS service loaded the job list from disk."
"12-08-2026 09:46:43","4","Information","Microsoft-Windows-Bits-Client","The transfer job is complete.
User: ENTERPRISE\arjo5004
Transfer job: PreSignInSettingsConfigJSON
Job ID: {6910fe14-3560-4418-b3f2-1caaf619e53d}
Owner: ENTERPRISE\arjo5004
File count: 1"
"12-08-2026 09:46:43","60","Information","Microsoft-Windows-Bits-Client","BITS stopped transferring the PreSignInSettingsConfigJSON transfer job that is associated with the https://g.live.com/odclientsettings/ProdV2?OneDriveUpdate=ce17d30733afa2b26dfb38c3fdb URL. The status code is 0x0."
"12-08-2026 09:46:43","59","Information","Microsoft-Windows-Bits-Client","BITS started the PreSignInSettingsConfigJSON transfer job that is associated with the https://g.live.com/odclientsettings/ProdV2?OneDriveUpdate=ce17d30733afa2b26dfb38c3fdb URL."
"12-08-2026 09:46:43","310","Warning","Microsoft-Windows-Bits-Client","The initialization of the peer helper modules failed with the following error:  0x80070032."
"12-08-2026 09:46:42","16403","Information","Microsoft-Windows-Bits-Client",
"12-08-2026 09:46:42","3","Information","Microsoft-Windows-Bits-Client","The BITS service created a new job.
Transfer job: PreSignInSettingsConfigJSON
Job ID: {6910fe14-3560-4418-b3f2-1caaf619e53d}
Owner: ENTERPRISE\arjo5004
Process Path: C:\Program Files\Microsoft OneDrive\OneDrive.exe
Process ID: 21152"
"12-08-2026 09:46:38","306","Verbose","Microsoft-Windows-Bits-Client","The BITS service loaded the job list from disk."
"12-08-2026 09:12:43","306","Verbose","Microsoft-Windows-Bits-Client","The BITS service loaded the job list from disk."
"11-08-2026 14:45:53","306","Verbose","Microsoft-Windows-Bits-Client","The BITS service loaded the job list from disk."
"11-08-2026 12:12:24","4","Information","Microsoft-Windows-Bits-Client","The transfer job is complete.
User: NT AUTHORITY\SYSTEM
Transfer job: Dell_Asimov.E422669DD99F344CC9E7665BBC190CECFBB49DE2
Job ID: {73be8cd9-4512-4e3b-b162-1b197ba1a325}
Owner: NT AUTHORITY\SYSTEM
File count: 1"
"11-08-2026 12:12:24","60","Information","Microsoft-Windows-Bits-Client","BITS stopped transferring the Dell_Asimov.E422669DD99F344CC9E7665BBC190CECFBB49DE2 transfer job that is associated with the https://dellupdater.dell.com/non_du/ClientService/Catalog/Platform/PrecedenceCatalog.cab URL. The status code is 0x0."
"11-08-2026 12:12:24","59","Information","Microsoft-Windows-Bits-Client","BITS started the Dell_Asimov.E422669DD99F344CC9E7665BBC190CECFBB49DE2 transfer job that is associated with the https://dellupdater.dell.com/non_du/ClientService/Catalog/Platform/PrecedenceCatalog.cab URL."
"11-08-2026 12:12:24","16403","Information","Microsoft-Windows-Bits-Client",
"11-08-2026 12:12:24","3","Information","Microsoft-Windows-Bits-Client","The BITS service created a new job.
Transfer job: Dell_Asimov.E422669DD99F344CC9E7665BBC190CECFBB49DE2
Job ID: {73be8cd9-4512-4e3b-b162-1b197ba1a325}
Owner: NT AUTHORITY\SYSTEM
Process Path: C:\Program Files (x86)\Dell\UpdateService\ServiceShell.exe
Process ID: 3424"
"11-08-2026 12:11:05","4","Information","Microsoft-Windows-Bits-Client","The transfer job is complete.
User: ENTERPRISE\arjo5004
Transfer job: Microsoft Outlook Offline Address Book f6f4885c16aaa24380920210d426fdcc
Job ID: {491f890b-5d67-4b88-b3e1-12e4e2a498db}
Owner: ENTERPRISE\arjo5004
File count: 1"
"11-08-2026 12:11:03","60","Information","Microsoft-Windows-Bits-Client","BITS stopped transferring the Microsoft Outlook Offline Address Book f6f4885c16aaa24380920210d426fdcc transfer job that is associated with the https://outlook.office365.com/OWS/BETA/OAB/a9053b48-6105-4f36-b0f9-85fa6e19d837/oab.xml URL. The status code is 0x0."
"11-08-2026 12:10:43","59","Information","Microsoft-Windows-Bits-Client","BITS started the Microsoft Outlook Offline Address Book f6f4885c16aaa24380920210d426fdcc transfer job that is associated with the https://outlook.office365.com/OWS/BETA/OAB/a9053b48-6105-4f36-b0f9-85fa6e19d837/oab.xml URL."
"11-08-2026 12:10:39","61","Warning","Microsoft-Windows-Bits-Client","BITS stopped transferring the Microsoft Outlook Offline Address Book f6f4885c16aaa24380920210d426fdcc transfer job that is associated with the https://outlook.office365.com/OWS/BETA/OAB/a9053b48-6105-4f36-b0f9-85fa6e19d837/oab.xml URL. The status code is 0x80190191."
"11-08-2026 12:10:39","204","Error","Microsoft-Windows-Bits-Client","The BITS service provided job credentials in response to the UNIDENTIFIED authentication challenge from the outlook.office365.com server for the Microsoft Outlook Offline Address Book f6f4885c16aaa24380920210d426fdcc transfer job that is associated with the following URL: /OWS/BETA/OAB/a9053b48-6105-4f36-b0f9-85fa6e19d837/oab.xml.
 The credentials for the S-1-12-1-2357405129-1281513531-255772574-1816207334 user were rejected."
"11-08-2026 12:10:35","4","Information","Microsoft-Windows-Bits-Client","The transfer job is complete.
User: ENTERPRISE\arjo5004
Transfer job: Edge Component Updater
Job ID: {3933c1a4-67eb-4357-9382-d05301171f60}
Owner: ENTERPRISE\arjo5004
File count: 1"
"11-08-2026 12:10:35","16403","Information","Microsoft-Windows-Bits-Client",
"11-08-2026 12:10:35","3","Information","Microsoft-Windows-Bits-Client","The BITS service created a new job.
Transfer job: Microsoft Outlook Offline Address Book f6f4885c16aaa24380920210d426fdcc
Job ID: {491f890b-5d67-4b88-b3e1-12e4e2a498db}
Owner: ENTERPRISE\arjo5004
Process Path: C:\Program Files\Microsoft Office\root\Office16\OUTLOOK.EXE
Process ID: 12576"
"11-08-2026 12:10:25","60","Information","Microsoft-Windows-Bits-Client","BITS stopped transferring the Edge Component Updater transfer job that is associated with the http://msedge.b.tlu.dl.delivery.mp.microsoft.com/filestreamingservice/files/c8c6c0b3-dce2-436d-92b3-8126d0944f24?P1=1786998678&P2=404&P3=2&P4=IuQuV0V38Edge Component UpdaterbUIwcRGdAEpuYoxclqEdge Component UpdaterfHzsEdge Component UpdaterfEdge Component UpdaterbBEdge Component UpdaterbKUIbtXiZw4Edge Component UpdaterbKKgE4drkBSaFiKvdwKaHpWQlMd7gEdge Component UpdaterbZ0el27cpJtA{3933c1a4-67eb-4357-9382-d05301171f60}d{3933c1a4-67eb-4357-9382-d05301171f60}d URL. The status code is 0x0."
"11-08-2026 12:10:20","59","Information","Microsoft-Windows-Bits-Client","BITS started the Edge Component Updater transfer job that is associated with the http://msedge.b.tlu.dl.delivery.mp.microsoft.com/filestreamingservice/files/c8c6c0b3-dce2-436d-92b3-8126d0944f24?P1=1786998678&P2=404&P3=2&P4=IuQuV0V38Edge Component UpdaterbUIwcRGdAEpuYoxclqEdge Component UpdaterfHzsEdge Component UpdaterfEdge Component UpdaterbBEdge Component UpdaterbKUIbtXiZw4Edge Component UpdaterbKKgE4drkBSaFiKvdwKaHpWQlMd7gEdge Component UpdaterbZ0el27cpJtA{3933c1a4-67eb-4357-9382-d05301171f60}d{3933c1a4-67eb-4357-9382-d05301171f60}d URL."
"11-08-2026 12:09:33","61","Warning","Microsoft-Windows-Bits-Client","BITS stopped transferring the Edge Component Updater transfer job that is associated with the http://msedge.b.tlu.dl.delivery.mp.microsoft.com/filestreamingservice/files/c8c6c0b3-dce2-436d-92b3-8126d0944f24?P1=1786998678&P2=404&P3=2&P4=IuQuV0V38Edge Component UpdaterbUIwcRGdAEpuYoxclqEdge Component UpdaterfHzsEdge Component UpdaterfEdge Component UpdaterbBEdge Component UpdaterbKUIbtXiZw4Edge Component UpdaterbKKgE4drkBSaFiKvdwKaHpWQlMd7gEdge Component UpdaterbZ0el27cpJtA{3933c1a4-67eb-4357-9382-d05301171f60}d{3933c1a4-67eb-4357-9382-d05301171f60}d URL. The status code is 0x80072EE7."
"11-08-2026 12:09:33","16403","Information","Microsoft-Windows-Bits-Client",
"11-08-2026 12:09:33","3","Information","Microsoft-Windows-Bits-Client","The BITS service created a new job.
Transfer job: Edge Component Updater
Job ID: {3933c1a4-67eb-4357-9382-d05301171f60}
Owner: ENTERPRISE\arjo5004
Process Path: C:\Program Files (x86)\Microsoft\Edge\Application\msedge.exe
Process ID: 23400"
"11-08-2026 12:09:29","4","Information","Microsoft-Windows-Bits-Client","The transfer job is complete.
User: ENTERPRISE\arjo5004
Transfer job: Edge Component Updater
Job ID: {bb1dbf73-79c9-465b-a658-9a8bfb34c110}
Owner: ENTERPRISE\arjo5004
File count: 1"
"11-08-2026 12:09:27","4","Information","Microsoft-Windows-Bits-Client","The transfer job is complete.
User: NT AUTHORITY\SYSTEM
Transfer job: Dell_Asimov.19846203B8B2AF16DC9EBD4F72DB75BC616C184A
Job ID: {8e3414e6-2b8c-4234-afdf-2d01c09effd5}
Owner: NT AUTHORITY\SYSTEM
File count: 1"
"11-08-2026 12:09:27","60","Information","Microsoft-Windows-Bits-Client","BITS stopped transferring the Dell_Asimov.19846203B8B2AF16DC9EBD4F72DB75BC616C184A transfer job that is associated with the https://downloads.dell.com/FOLDER14847317M/2/Dell-Command-Update-Windows-Universal-Application_DWW9J_WIN64_5.7.1_A00.EXE URL. The status code is 0x0."
"11-08-2026 12:09:27","60","Information","Microsoft-Windows-Bits-Client","BITS stopped transferring the Edge Component Updater transfer job that is associated with the http://msedge.b.tlu.dl.delivery.mp.microsoft.com/filestreamingservice/files/1d14cd4a-fd94-491c-928a-96b777165b15?P1=1786999750&P2=404&P3=2&P4=JCKuOVJDDfubOzSfR7ZEUcyc8eC1ShzUGsyAm0zZ94YlpUU1DsvwazLbpEdge Component Updaterb10wE8YD9tGlQipR5ZWh7Hve3lEdge Component UpdaterbdA{bb1dbf73-79c9-465b-a658-9a8bfb34c110}d{bb1dbf73-79c9-465b-a658-9a8bfb34c110}d URL. The status code is 0x0."
"11-08-2026 12:09:25","59","Information","Microsoft-Windows-Bits-Client","BITS started the Edge Component Updater transfer job that is associated with the http://msedge.b.tlu.dl.delivery.mp.microsoft.com/filestreamingservice/files/1d14cd4a-fd94-491c-928a-96b777165b15?P1=1786999750&P2=404&P3=2&P4=JCKuOVJDDfubOzSfR7ZEUcyc8eC1ShzUGsyAm0zZ94YlpUU1DsvwazLbpEdge Component Updaterb10wE8YD9tGlQipR5ZWh7Hve3lEdge Component UpdaterbdA{bb1dbf73-79c9-465b-a658-9a8bfb34c110}d{bb1dbf73-79c9-465b-a658-9a8bfb34c110}d URL."
"11-08-2026 12:09:25","16403","Information","Microsoft-Windows-Bits-Client",
"11-08-2026 12:09:25","3","Information","Microsoft-Windows-Bits-Client","The BITS service created a new job.
Transfer job: Edge Component Updater
Job ID: {bb1dbf73-79c9-465b-a658-9a8bfb34c110}
Owner: ENTERPRISE\arjo5004
Process Path: C:\Program Files (x86)\Microsoft\Edge\Application\msedge.exe
Process ID: 23400"
"11-08-2026 12:09:15","4","Information","Microsoft-Windows-Bits-Client","The transfer job is complete.
User: ENTERPRISE\arjo5004
Transfer job: NucleusUpdateRingConfigJSON
Job ID: {aa84e127-9576-4f76-9c01-bc07460c425a}
Owner: ENTERPRISE\arjo5004
File count: 1"
"11-08-2026 12:09:15","60","Information","Microsoft-Windows-Bits-Client","BITS stopped transferring the NucleusUpdateRingConfigJSON transfer job that is associated with the https://g.live.com/odclientsettings/ProdV2?OneDriveUpdate=b989932f19be696ed040c08536 URL. The status code is 0x0."
"11-08-2026 12:09:15","59","Information","Microsoft-Windows-Bits-Client","BITS started the NucleusUpdateRingConfigJSON transfer job that is associated with the https://g.live.com/odclientsettings/ProdV2?OneDriveUpdate=b989932f19be696ed040c08536 URL."
"11-08-2026 12:09:14","16403","Information","Microsoft-Windows-Bits-Client",
"11-08-2026 12:09:14","3","Information","Microsoft-Windows-Bits-Client","The BITS service created a new job.
Transfer job: NucleusUpdateRingConfigJSON
Job ID: {aa84e127-9576-4f76-9c01-bc07460c425a}
Owner: ENTERPRISE\arjo5004
Process Path: C:\Program Files\Microsoft OneDrive\26.134.0713.0007\OneDrive.Sync.Service.exe
Process ID: 22928"
"11-08-2026 12:09:11","59","Information","Microsoft-Windows-Bits-Client","BITS started the Dell_Asimov.19846203B8B2AF16DC9EBD4F72DB75BC616C184A transfer job that is associated with the https://downloads.dell.com/FOLDER14847317M/2/Dell-Command-Update-Windows-Universal-Application_DWW9J_WIN64_5.7.1_A00.EXE URL."
"11-08-2026 12:09:11","16403","Information","Microsoft-Windows-Bits-Client",
"11-08-2026 12:09:10","3","Information","Microsoft-Windows-Bits-Client","The BITS service created a new job.
Transfer job: Dell_Asimov.19846203B8B2AF16DC9EBD4F72DB75BC616C184A
Job ID: {8e3414e6-2b8c-4234-afdf-2d01c09effd5}
Owner: NT AUTHORITY\SYSTEM
Process Path: C:\Program Files (x86)\Dell\UpdateService\ServiceShell.exe
Process ID: 3424"
"11-08-2026 12:09:07","4","Information","Microsoft-Windows-Bits-Client","The transfer job is complete.
User: NT AUTHORITY\SYSTEM
Transfer job: Dell_Asimov.678641BAF9BD9F548587DC05E2998C79FAE3A353
Job ID: {a579118b-1b46-440c-a520-636d84ac6791}
Owner: NT AUTHORITY\SYSTEM
File count: 1"
"11-08-2026 12:09:07","60","Information","Microsoft-Windows-Bits-Client","BITS stopped transferring the Dell_Asimov.678641BAF9BD9F548587DC05E2998C79FAE3A353 transfer job that is associated with the https://downloads.dell.com/FOLDER14726234M/1/Dell-SupportAssist-OS-Recovery-Plugin-for-Dell-Update_8Y4N9_WIN64_5.5.16.2_A00.EXE URL. The status code is 0x0."
"11-08-2026 12:09:04","59","Information","Microsoft-Windows-Bits-Client","BITS started the Dell_Asimov.678641BAF9BD9F548587DC05E2998C79FAE3A353 transfer job that is associated with the https://downloads.dell.com/FOLDER14726234M/1/Dell-SupportAssist-OS-Recovery-Plugin-for-Dell-Update_8Y4N9_WIN64_5.5.16.2_A00.EXE URL."
"11-08-2026 12:09:04","16403","Information","Microsoft-Windows-Bits-Client",
"11-08-2026 12:09:04","3","Information","Microsoft-Windows-Bits-Client","The BITS service created a new job.
Transfer job: Dell_Asimov.678641BAF9BD9F548587DC05E2998C79FAE3A353
Job ID: {a579118b-1b46-440c-a520-636d84ac6791}
Owner: NT AUTHORITY\SYSTEM
Process Path: C:\Program Files (x86)\Dell\UpdateService\ServiceShell.exe
Process ID: 3424"
"11-08-2026 12:08:39","4","Information","Microsoft-Windows-Bits-Client","The transfer job is complete.
User: ENTERPRISE\arjo5004
Transfer job: UpdateXml
Job ID: {a031fc4e-07f8-4a24-8969-bbac982d5077}
Owner: ENTERPRISE\arjo5004
File count: 1"
"11-08-2026 12:08:39","60","Information","Microsoft-Windows-Bits-Client","BITS stopped transferring the UpdateXml transfer job that is associated with the https://g.live.com/1rewlive5skydrive/OneDriveProductionV2?OneDriveUpdate=b3d238c84b8e9345a2da7560ba30 URL. The status code is 0x0."
"11-08-2026 12:08:38","59","Information","Microsoft-Windows-Bits-Client","BITS started the UpdateXml transfer job that is associated with the https://g.live.com/1rewlive5skydrive/OneDriveProductionV2?OneDriveUpdate=b3d238c84b8e9345a2da7560ba30 URL."
"11-08-2026 12:08:38","16403","Information","Microsoft-Windows-Bits-Client",
"11-08-2026 12:08:38","3","Information","Microsoft-Windows-Bits-Client","The BITS service created a new job.
Transfer job: UpdateXml
Job ID: {a031fc4e-07f8-4a24-8969-bbac982d5077}
Owner: ENTERPRISE\arjo5004
Process Path: C:\Program Files\Microsoft OneDrive\OneDrive.exe
Process ID: 21152"
"11-08-2026 12:08:10","4","Information","Microsoft-Windows-Bits-Client","The transfer job is complete.
User: NT AUTHORITY\SYSTEM
Transfer job: Dell_Asimov.E422669DD99F344CC9E7665BBC190CECFBB49DE2
Job ID: {971eaadf-af92-4a39-8962-d3bf8f59b761}
Owner: NT AUTHORITY\SYSTEM
File count: 1"
"11-08-2026 12:08:10","60","Information","Microsoft-Windows-Bits-Client","BITS stopped transferring the Dell_Asimov.E422669DD99F344CC9E7665BBC190CECFBB49DE2 transfer job that is associated with the https://dellupdater.dell.com/non_du/ClientService/Catalog/Platform/PrecedenceCatalog.cab URL. The status code is 0x0."
"11-08-2026 12:08:09","59","Information","Microsoft-Windows-Bits-Client","BITS started the Dell_Asimov.E422669DD99F344CC9E7665BBC190CECFBB49DE2 transfer job that is associated with the https://dellupdater.dell.com/non_du/ClientService/Catalog/Platform/PrecedenceCatalog.cab URL."
"11-08-2026 12:08:09","16403","Information","Microsoft-Windows-Bits-Client",
"11-08-2026 12:08:09","3","Information","Microsoft-Windows-Bits-Client","The BITS service created a new job.
Transfer job: Dell_Asimov.E422669DD99F344CC9E7665BBC190CECFBB49DE2
Job ID: {971eaadf-af92-4a39-8962-d3bf8f59b761}
Owner: NT AUTHORITY\SYSTEM
Process Path: C:\Program Files (x86)\Dell\UpdateService\ServiceShell.exe
Process ID: 3424"
"11-08-2026 12:08:08","60","Information","Microsoft-Windows-Bits-Client","BITS stopped transferring the Edge Component Updater transfer job that is associated with the http://msedge.b.tlu.dl.delivery.mp.microsoft.com/filestreamingservice/files/1d14cd4a-fd94-491c-928a-96b777165b15?P1=1786999856&P2=404&P3=2&P4=bu2jNNnhL9elvgmCK5CGWEHx5PfZwnEdge Component UpdaterfiONvjMitnZntKVCdwjcgkxsi9qDCUVtxV6CJkka5210Obc5ArOiFzxw{5a2c8bbb-a67a-49a4-8794-2b042c3a171a}d{5a2c8bbb-a67a-49a4-8794-2b042c3a171a}d URL. The status code is 0x0."
"11-08-2026 12:08:07","59","Information","Microsoft-Windows-Bits-Client","BITS started the Edge Component Updater transfer job that is associated with the http://msedge.b.tlu.dl.delivery.mp.microsoft.com/filestreamingservice/files/1d14cd4a-fd94-491c-928a-96b777165b15?P1=1786999856&P2=404&P3=2&P4=bu2jNNnhL9elvgmCK5CGWEHx5PfZwnEdge Component UpdaterfiONvjMitnZntKVCdwjcgkxsi9qDCUVtxV6CJkka5210Obc5ArOiFzxw{5a2c8bbb-a67a-49a4-8794-2b042c3a171a}d{5a2c8bbb-a67a-49a4-8794-2b042c3a171a}d URL."
"11-08-2026 12:08:07","60","Information","Microsoft-Windows-Bits-Client","BITS stopped transferring the Edge Component Updater transfer job that is associated with the http://msedge.b.tlu.dl.delivery.mp.microsoft.com/filestreamingservice/files/1d14cd4a-fd94-491c-928a-96b777165b15?P1=1786999693&P2=404&P3=2&P4=LlhT7vAEdge Component UpdaterbrSYkQESPpEdge Component UpdaterbHEdge Component Updaterb9urkbUT2C1EeEdge Component UpdaterfEdge Component UpdaterfFZ9U1TL1cV44ii6K78GmMEdge Component UpdaterbgacfCnFbhnkTVHYhKJPEdge Component UpdaterfyFjP7VIIuw{a21ef4a1-da98-4c91-bd0e-cddfb7530749}d{a21ef4a1-da98-4c91-bd0e-cddfb7530749}d URL. The status code is 0x0."
"11-08-2026 12:07:54","59","Information","Microsoft-Windows-Bits-Client","BITS started the Edge Component Updater transfer job that is associated with the http://msedge.b.tlu.dl.delivery.mp.microsoft.com/filestreamingservice/files/1d14cd4a-fd94-491c-928a-96b777165b15?P1=1786999693&P2=404&P3=2&P4=LlhT7vAEdge Component UpdaterbrSYkQESPpEdge Component UpdaterbHEdge Component Updaterb9urkbUT2C1EeEdge Component UpdaterfEdge Component UpdaterfFZ9U1TL1cV44ii6K78GmMEdge Component UpdaterbgacfCnFbhnkTVHYhKJPEdge Component UpdaterfyFjP7VIIuw{a21ef4a1-da98-4c91-bd0e-cddfb7530749}d{a21ef4a1-da98-4c91-bd0e-cddfb7530749}d URL."
"11-08-2026 12:07:54","61","Warning","Microsoft-Windows-Bits-Client","BITS stopped transferring the Edge Component Updater transfer job that is associated with the http://msedge.b.tlu.dl.delivery.mp.microsoft.com/filestreamingservice/files/1d14cd4a-fd94-491c-928a-96b777165b15?P1=1786999693&P2=404&P3=2&P4=LlhT7vAEdge Component UpdaterbrSYkQESPpEdge Component UpdaterbHEdge Component Updaterb9urkbUT2C1EeEdge Component UpdaterfEdge Component UpdaterfFZ9U1TL1cV44ii6K78GmMEdge Component UpdaterbgacfCnFbhnkTVHYhKJPEdge Component UpdaterfyFjP7VIIuw{a21ef4a1-da98-4c91-bd0e-cddfb7530749}d{a21ef4a1-da98-4c91-bd0e-cddfb7530749}d URL. The status code is 0x80072EE2."
"11-08-2026 12:07:36","4","Information","Microsoft-Windows-Bits-Client","The transfer job is complete.
User: NT AUTHORITY\SYSTEM
Transfer job: Dell_Asimov.93A0E973920C8E49C27A8FDC8F10A534A5BC78C6
Job ID: {6ec13fdd-8e43-450e-8676-7d6b227d802d}
Owner: NT AUTHORITY\SYSTEM
File count: 1"
"11-08-2026 12:07:36","60","Information","Microsoft-Windows-Bits-Client","BITS stopped transferring the Dell_Asimov.93A0E973920C8E49C27A8FDC8F10A534A5BC78C6 transfer job that is associated with the https://downloads.dell.com/FOLDER14874608M/1/Dell_Pro_Laptops_0CE8.cab URL. The status code is 0x0."
"11-08-2026 12:07:36","59","Information","Microsoft-Windows-Bits-Client","BITS started the Dell_Asimov.93A0E973920C8E49C27A8FDC8F10A534A5BC78C6 transfer job that is associated with the https://downloads.dell.com/FOLDER14874608M/1/Dell_Pro_Laptops_0CE8.cab URL."
"11-08-2026 12:07:36","16403","Information","Microsoft-Windows-Bits-Client",
"11-08-2026 12:07:36","3","Information","Microsoft-Windows-Bits-Client","The BITS service created a new job.
Transfer job: Dell_Asimov.93A0E973920C8E49C27A8FDC8F10A534A5BC78C6
Job ID: {6ec13fdd-8e43-450e-8676-7d6b227d802d}
Owner: NT AUTHORITY\SYSTEM
Process Path: C:\Program Files (x86)\Dell\UpdateService\ServiceShell.exe
Process ID: 3424"
"11-08-2026 12:07:34","4","Information","Microsoft-Windows-Bits-Client","The transfer job is complete.
User: NT AUTHORITY\SYSTEM
Transfer job: Dell_Asimov.61300EBB06DFB7DE924CE829DD1DD2852A14AB06
Job ID: {7e6d96a2-1b3b-4834-b54e-647c02d7b51a}
Owner: NT AUTHORITY\SYSTEM
File count: 1"
"11-08-2026 12:07:34","60","Information","Microsoft-Windows-Bits-Client","BITS stopped transferring the Dell_Asimov.61300EBB06DFB7DE924CE829DD1DD2852A14AB06 transfer job that is associated with the https://downloads.dell.com/catalog/CatalogIndexPC.cab URL. The status code is 0x0."
"11-08-2026 12:07:34","59","Information","Microsoft-Windows-Bits-Client","BITS started the Dell_Asimov.61300EBB06DFB7DE924CE829DD1DD2852A14AB06 transfer job that is associated with the https://downloads.dell.com/catalog/CatalogIndexPC.cab URL."
"11-08-2026 12:07:34","16403","Information","Microsoft-Windows-Bits-Client",
"11-08-2026 12:07:34","3","Information","Microsoft-Windows-Bits-Client","The BITS service created a new job.
Transfer job: Dell_Asimov.61300EBB06DFB7DE924CE829DD1DD2852A14AB06
Job ID: {7e6d96a2-1b3b-4834-b54e-647c02d7b51a}
Owner: NT AUTHORITY\SYSTEM
Process Path: C:\Program Files (x86)\Dell\UpdateService\ServiceShell.exe
Process ID: 3424"
"11-08-2026 12:07:13","59","Information","Microsoft-Windows-Bits-Client","BITS started the Edge Component Updater transfer job that is associated with the http://msedge.b.tlu.dl.delivery.mp.microsoft.com/filestreamingservice/files/1d14cd4a-fd94-491c-928a-96b777165b15?P1=1786999693&P2=404&P3=2&P4=LlhT7vAEdge Component UpdaterbrSYkQESPpEdge Component UpdaterbHEdge Component Updaterb9urkbUT2C1EeEdge Component UpdaterfEdge Component UpdaterfFZ9U1TL1cV44ii6K78GmMEdge Component UpdaterbgacfCnFbhnkTVHYhKJPEdge Component UpdaterfyFjP7VIIuw{a21ef4a1-da98-4c91-bd0e-cddfb7530749}d{a21ef4a1-da98-4c91-bd0e-cddfb7530749}d URL."
"11-08-2026 12:07:13","310","Warning","Microsoft-Windows-Bits-Client","The initialization of the peer helper modules failed with the following error:  0x80070032."
"11-08-2026 12:02:46","306","Verbose","Microsoft-Windows-Bits-Client","The BITS service loaded the job list from disk."
"11-08-2026 12:00:08","5","Information","Microsoft-Windows-Bits-Client","Job cancelled. User: NT AUTHORITY\SYSTEM, job: UpdateDescriptionXml, jobID: {06ad4594-2229-49cc-b1ac-3e0f3888e8a8}, owner: NT AUTHORITY\SYSTEM, filecount: 1"
"11-08-2026 11:57:08","16403","Information","Microsoft-Windows-Bits-Client",
"11-08-2026 11:57:08","3","Information","Microsoft-Windows-Bits-Client","The BITS service created a new job.
Transfer job: UpdateDescriptionXml
Job ID: {06ad4594-2229-49cc-b1ac-3e0f3888e8a8}
Owner: NT AUTHORITY\SYSTEM
Process Path: C:\Program Files\Microsoft OneDrive\OneDriveStandaloneUpdater.exe
Process ID: 31544"
"11-08-2026 11:57:07","5","Information","Microsoft-Windows-Bits-Client","Job cancelled. User: NT AUTHORITY\SYSTEM, job: PreSignInSettingsConfigJSON, jobID: {3c47b53c-e1a7-4f9a-9b78-c80da3a5874c}, owner: NT AUTHORITY\SYSTEM, filecount: 1"
"11-08-2026 11:54:07","16403","Information","Microsoft-Windows-Bits-Client",
"11-08-2026 11:54:07","3","Information","Microsoft-Windows-Bits-Client","The BITS service created a new job.
Transfer job: PreSignInSettingsConfigJSON
Job ID: {3c47b53c-e1a7-4f9a-9b78-c80da3a5874c}
Owner: NT AUTHORITY\SYSTEM
Process Path: C:\Program Files\Microsoft OneDrive\OneDriveStandaloneUpdater.exe
Process ID: 31544"
"11-08-2026 11:08:47","5","Information","Microsoft-Windows-Bits-Client","Job cancelled. User: ENTERPRISE\arjo5004, job: NucleusUpdateRingConfigJSON, jobID: {abf9329c-b9ee-408e-8c82-c7a985b7c04e}, owner: ENTERPRISE\arjo5004, filecount: 1"
"11-08-2026 11:08:41","5","Information","Microsoft-Windows-Bits-Client","Job cancelled. User: ENTERPRISE\arjo5004, job: UpdateXml, jobID: {e82c8bef-fc51-4680-9e8d-323e43a4fc30}, owner: ENTERPRISE\arjo5004, filecount: 1"
"11-08-2026 11:05:47","16403","Information","Microsoft-Windows-Bits-Client",
"11-08-2026 11:05:47","3","Information","Microsoft-Windows-Bits-Client","The BITS service created a new job.
Transfer job: NucleusUpdateRingConfigJSON
Job ID: {abf9329c-b9ee-408e-8c82-c7a985b7c04e}
Owner: ENTERPRISE\arjo5004
Process Path: C:\Program Files\Microsoft OneDrive\26.134.0713.0007\OneDrive.Sync.Service.exe
Process ID: 19108"
"11-08-2026 11:05:41","16403","Information","Microsoft-Windows-Bits-Client",
"11-08-2026 11:05:41","3","Information","Microsoft-Windows-Bits-Client","The BITS service created a new job.
Transfer job: UpdateXml
Job ID: {e82c8bef-fc51-4680-9e8d-323e43a4fc30}
Owner: ENTERPRISE\arjo5004
Process Path: C:\Program Files\Microsoft OneDrive\OneDrive.exe
Process ID: 12528"
