"TimeCreated","Id","LevelDisplayName","ProviderName","Message"
"18-08-2026 14:32:43","42","Information","Microsoft-Windows-Kernel-WHEA","WHEA event log entry"
"18-08-2026 14:30:46","42","Information","Microsoft-Windows-Kernel-WHEA","WHEA event log entry"
"18-08-2026 14:30:46","42","Information","Microsoft-Windows-Kernel-WHEA","WHEA event log entry"
"18-08-2026 14:30:45","42","Information","Microsoft-Windows-Kernel-WHEA","WHEA event log entry"
"18-08-2026 14:30:43","42","Information","Microsoft-Windows-Kernel-WHEA","WHEA event log entry"
"18-08-2026 14:30:43","5","Information","Microsoft-Windows-Kernel-WHEA","WHEA successfully initialized.
   5 error sources are active
   Error record format version is 10."
"18-08-2026 14:30:43","42","Information","Microsoft-Windows-Kernel-WHEA","WHEA event log entry"
"18-08-2026 14:30:43","42","Information","Microsoft-Windows-Kernel-WHEA","WHEA event log entry"
"18-08-2026 14:30:41","42","Information","Microsoft-Windows-Kernel-WHEA","WHEA event log entry"
"18-08-2026 14:30:41","42","Information","Microsoft-Windows-Kernel-WHEA","WHEA event log entry"
"18-08-2026 14:30:41","42","Information","Microsoft-Windows-Kernel-WHEA","WHEA event log entry"
"18-08-2026 10:43:03","42","Information","Microsoft-Windows-Kernel-WHEA","WHEA event log entry"
"18-08-2026 10:30:45","42","Information","Microsoft-Windows-Kernel-WHEA","WHEA event log entry"
"18-08-2026 10:28:48","42","Information","Microsoft-Windows-Kernel-WHEA","WHEA event log entry"
"18-08-2026 10:28:48","42","Information","Microsoft-Windows-Kernel-WHEA","WHEA event log entry"
"18-08-2026 10:28:46","42","Information","Microsoft-Windows-Kernel-WHEA","WHEA event log entry"
"18-08-2026 10:28:45","42","Information","Microsoft-Windows-Kernel-WHEA","WHEA event log entry"
"18-08-2026 10:28:45","5","Information","Microsoft-Windows-Kernel-WHEA","WHEA successfully initialized.
   5 error sources are active
   Error record format version is 10."
"18-08-2026 10:28:45","42","Information","Microsoft-Windows-Kernel-WHEA","WHEA event log entry"
"18-08-2026 10:28:45","42","Information","Microsoft-Windows-Kernel-WHEA","WHEA event log entry"
"18-08-2026 10:28:44","42","Information","Microsoft-Windows-Kernel-WHEA","WHEA event log entry"
"18-08-2026 10:28:44","42","Information","Microsoft-Windows-Kernel-WHEA","WHEA event log entry"
"18-08-2026 10:28:44","42","Information","Microsoft-Windows-Kernel-WHEA","WHEA event log entry"
"11-08-2026 12:04:21","42","Information","Microsoft-Windows-Kernel-WHEA","WHEA event log entry"
"11-08-2026 12:02:26","42","Information","Microsoft-Windows-Kernel-WHEA","WHEA event log entry"
"11-08-2026 12:02:26","42","Information","Microsoft-Windows-Kernel-WHEA","WHEA event log entry"
"11-08-2026 12:02:24","42","Information","Microsoft-Windows-Kernel-WHEA","WHEA event log entry"
"11-08-2026 12:02:21","42","Information","Microsoft-Windows-Kernel-WHEA","WHEA event log entry"
"11-08-2026 12:02:21","5","Information","Microsoft-Windows-Kernel-WHEA","WHEA successfully initialized.
   5 error sources are active
   Error record format version is 10."
"11-08-2026 12:02:21","42","Information","Microsoft-Windows-Kernel-WHEA","WHEA event log entry"
"11-08-2026 12:02:21","42","Information","Microsoft-Windows-Kernel-WHEA","WHEA event log entry"
"11-08-2026 12:02:20","42","Information","Microsoft-Windows-Kernel-WHEA","WHEA event log entry"
"11-08-2026 12:02:20","42","Information","Microsoft-Windows-Kernel-WHEA","WHEA event log entry"
"11-08-2026 12:02:20","42","Information","Microsoft-Windows-Kernel-WHEA","WHEA event log entry"
"10-08-2026 09:37:52","42","Information","Microsoft-Windows-Kernel-WHEA","WHEA event log entry"
"10-08-2026 09:35:56","42","Information","Microsoft-Windows-Kernel-WHEA","WHEA event log entry"
"10-08-2026 09:35:56","42","Information","Microsoft-Windows-Kernel-WHEA","WHEA event log entry"
"10-08-2026 09:35:54","42","Information","Microsoft-Windows-Kernel-WHEA","WHEA event log entry"
"10-08-2026 09:35:52","42","Information","Microsoft-Windows-Kernel-WHEA","WHEA event log entry"
"10-08-2026 09:35:52","5","Information","Microsoft-Windows-Kernel-WHEA","WHEA successfully initialized.
   5 error sources are active
   Error record format version is 10."
"10-08-2026 09:35:52","42","Information","Microsoft-Windows-Kernel-WHEA","WHEA event log entry"
"10-08-2026 09:35:52","42","Information","Microsoft-Windows-Kernel-WHEA","WHEA event log entry"
"10-08-2026 09:35:49","42","Information","Microsoft-Windows-Kernel-WHEA","WHEA event log entry"
"10-08-2026 09:35:49","42","Information","Microsoft-Windows-Kernel-WHEA","WHEA event log entry"
"10-08-2026 09:35:49","42","Information","Microsoft-Windows-Kernel-WHEA","WHEA event log entry"
"03-08-2026 09:44:45","42","Information","Microsoft-Windows-Kernel-WHEA","WHEA event log entry"
"03-08-2026 09:27:54","42","Information","Microsoft-Windows-Kernel-WHEA","WHEA event log entry"
"03-08-2026 09:25:57","42","Information","Microsoft-Windows-Kernel-WHEA","WHEA event log entry"
"03-08-2026 09:25:57","42","Information","Microsoft-Windows-Kernel-WHEA","WHEA event log entry"
"03-08-2026 09:25:55","42","Information","Microsoft-Windows-Kernel-WHEA","WHEA event log entry"
"03-08-2026 09:25:54","42","Information","Microsoft-Windows-Kernel-WHEA","WHEA event log entry"
"03-08-2026 09:25:54","5","Information","Microsoft-Windows-Kernel-WHEA","WHEA successfully initialized.
   5 error sources are active
   Error record format version is 10."
"03-08-2026 09:25:54","42","Information","Microsoft-Windows-Kernel-WHEA","WHEA event log entry"
"03-08-2026 09:25:54","42","Information","Microsoft-Windows-Kernel-WHEA","WHEA event log entry"
"03-08-2026 09:25:53","42","Information","Microsoft-Windows-Kernel-WHEA","WHEA event log entry"
"03-08-2026 09:25:53","42","Information","Microsoft-Windows-Kernel-WHEA","WHEA event log entry"
"03-08-2026 09:25:53","42","Information","Microsoft-Windows-Kernel-WHEA","WHEA event log entry"
"31-07-2026 09:46:10","42","Information","Microsoft-Windows-Kernel-WHEA","WHEA event log entry"
"31-07-2026 09:44:15","42","Information","Microsoft-Windows-Kernel-WHEA","WHEA event log entry"
"31-07-2026 09:44:15","42","Information","Microsoft-Windows-Kernel-WHEA","WHEA event log entry"
"31-07-2026 09:44:12","42","Information","Microsoft-Windows-Kernel-WHEA","WHEA event log entry"
"31-07-2026 09:44:10","42","Information","Microsoft-Windows-Kernel-WHEA","WHEA event log entry"
"31-07-2026 09:44:10","5","Information","Microsoft-Windows-Kernel-WHEA","WHEA successfully initialized.
   5 error sources are active
   Error record format version is 10."
"31-07-2026 09:44:10","42","Information","Microsoft-Windows-Kernel-WHEA","WHEA event log entry"
"31-07-2026 09:44:10","42","Information","Microsoft-Windows-Kernel-WHEA","WHEA event log entry"
"31-07-2026 09:44:09","42","Information","Microsoft-Windows-Kernel-WHEA","WHEA event log entry"
"31-07-2026 09:44:09","42","Information","Microsoft-Windows-Kernel-WHEA","WHEA event log entry"
"31-07-2026 09:44:09","42","Information","Microsoft-Windows-Kernel-WHEA","WHEA event log entry"
"27-07-2026 11:51:08","42","Information","Microsoft-Windows-Kernel-WHEA","WHEA event log entry"
"27-07-2026 11:49:11","42","Information","Microsoft-Windows-Kernel-WHEA","WHEA event log entry"
"27-07-2026 11:49:11","42","Information","Microsoft-Windows-Kernel-WHEA","WHEA event log entry"
"27-07-2026 11:49:10","42","Information","Microsoft-Windows-Kernel-WHEA","WHEA event log entry"
"27-07-2026 11:49:08","42","Information","Microsoft-Windows-Kernel-WHEA","WHEA event log entry"
"27-07-2026 11:49:08","5","Information","Microsoft-Windows-Kernel-WHEA","WHEA successfully initialized.
   5 error sources are active
   Error record format version is 10."
"27-07-2026 11:49:08","42","Information","Microsoft-Windows-Kernel-WHEA","WHEA event log entry"
"27-07-2026 11:49:08","42","Information","Microsoft-Windows-Kernel-WHEA","WHEA event log entry"
"27-07-2026 11:49:06","42","Information","Microsoft-Windows-Kernel-WHEA","WHEA event log entry"
"27-07-2026 11:49:06","42","Information","Microsoft-Windows-Kernel-WHEA","WHEA event log entry"
"27-07-2026 11:49:06","42","Information","Microsoft-Windows-Kernel-WHEA","WHEA event log entry"
"27-07-2026 09:38:58","42","Information","Microsoft-Windows-Kernel-WHEA","WHEA event log entry"
"27-07-2026 09:37:03","42","Information","Microsoft-Windows-Kernel-WHEA","WHEA event log entry"
"27-07-2026 09:37:03","42","Information","Microsoft-Windows-Kernel-WHEA","WHEA event log entry"
"27-07-2026 09:37:01","42","Information","Microsoft-Windows-Kernel-WHEA","WHEA event log entry"
"27-07-2026 09:36:58","42","Information","Microsoft-Windows-Kernel-WHEA","WHEA event log entry"
"27-07-2026 09:36:58","5","Information","Microsoft-Windows-Kernel-WHEA","WHEA successfully initialized.
   5 error sources are active
   Error record format version is 10."
"27-07-2026 09:36:58","42","Information","Microsoft-Windows-Kernel-WHEA","WHEA event log entry"
"27-07-2026 09:36:58","42","Information","Microsoft-Windows-Kernel-WHEA","WHEA event log entry"
"27-07-2026 09:36:57","42","Information","Microsoft-Windows-Kernel-WHEA","WHEA event log entry"
"27-07-2026 09:36:57","42","Information","Microsoft-Windows-Kernel-WHEA","WHEA event log entry"
"27-07-2026 09:36:57","42","Information","Microsoft-Windows-Kernel-WHEA","WHEA event log entry"
"27-07-2026 09:36:10","42","Information","Microsoft-Windows-Kernel-WHEA","WHEA event log entry"
"27-07-2026 09:34:14","42","Information","Microsoft-Windows-Kernel-WHEA","WHEA event log entry"
"27-07-2026 09:34:14","42","Information","Microsoft-Windows-Kernel-WHEA","WHEA event log entry"
"27-07-2026 09:34:12","42","Information","Microsoft-Windows-Kernel-WHEA","WHEA event log entry"
"27-07-2026 09:34:10","42","Information","Microsoft-Windows-Kernel-WHEA","WHEA event log entry"
"27-07-2026 09:34:10","5","Information","Microsoft-Windows-Kernel-WHEA","WHEA successfully initialized.
   5 error sources are active
   Error record format version is 10."
"27-07-2026 09:34:10","42","Information","Microsoft-Windows-Kernel-WHEA","WHEA event log entry"
"27-07-2026 09:34:10","42","Information","Microsoft-Windows-Kernel-WHEA","WHEA event log entry"
"27-07-2026 09:34:09","42","Information","Microsoft-Windows-Kernel-WHEA","WHEA event log entry"
"27-07-2026 09:34:09","42","Information","Microsoft-Windows-Kernel-WHEA","WHEA event log entry"
"27-07-2026 09:34:09","42","Information","Microsoft-Windows-Kernel-WHEA","WHEA event log entry"
"21-07-2026 08:46:07","42","Information","Microsoft-Windows-Kernel-WHEA","WHEA event log entry"
"21-07-2026 08:44:10","42","Information","Microsoft-Windows-Kernel-WHEA","WHEA event log entry"
"21-07-2026 08:44:10","42","Information","Microsoft-Windows-Kernel-WHEA","WHEA event log entry"
"21-07-2026 08:44:08","42","Information","Microsoft-Windows-Kernel-WHEA","WHEA event log entry"
"21-07-2026 08:44:07","42","Information","Microsoft-Windows-Kernel-WHEA","WHEA event log entry"
"21-07-2026 08:44:07","5","Information","Microsoft-Windows-Kernel-WHEA","WHEA successfully initialized.
   5 error sources are active
   Error record format version is 10."
"21-07-2026 08:44:07","42","Information","Microsoft-Windows-Kernel-WHEA","WHEA event log entry"
"21-07-2026 08:44:07","42","Information","Microsoft-Windows-Kernel-WHEA","WHEA event log entry"
"21-07-2026 08:44:06","42","Information","Microsoft-Windows-Kernel-WHEA","WHEA event log entry"
"21-07-2026 08:44:06","42","Information","Microsoft-Windows-Kernel-WHEA","WHEA event log entry"
"21-07-2026 08:44:06","42","Information","Microsoft-Windows-Kernel-WHEA","WHEA event log entry"
"12-07-2026 18:33:47","42","Information","Microsoft-Windows-Kernel-WHEA","WHEA event log entry"
"12-07-2026 18:31:50","42","Information","Microsoft-Windows-Kernel-WHEA","WHEA event log entry"
"12-07-2026 18:31:50","42","Information","Microsoft-Windows-Kernel-WHEA","WHEA event log entry"
"12-07-2026 18:31:48","42","Information","Microsoft-Windows-Kernel-WHEA","WHEA event log entry"
"12-07-2026 18:31:47","42","Information","Microsoft-Windows-Kernel-WHEA","WHEA event log entry"
"12-07-2026 18:31:47","5","Information","Microsoft-Windows-Kernel-WHEA","WHEA successfully initialized.
   5 error sources are active
   Error record format version is 10."
"12-07-2026 18:31:47","42","Information","Microsoft-Windows-Kernel-WHEA","WHEA event log entry"
"12-07-2026 18:31:47","42","Information","Microsoft-Windows-Kernel-WHEA","WHEA event log entry"
"12-07-2026 18:31:46","42","Information","Microsoft-Windows-Kernel-WHEA","WHEA event log entry"
"12-07-2026 18:31:46","42","Information","Microsoft-Windows-Kernel-WHEA","WHEA event log entry"
"12-07-2026 18:31:46","42","Information","Microsoft-Windows-Kernel-WHEA","WHEA event log entry"
"07-07-2026 09:30:10","42","Information","Microsoft-Windows-Kernel-WHEA","WHEA event log entry"
"07-07-2026 09:28:15","42","Information","Microsoft-Windows-Kernel-WHEA","WHEA event log entry"
"07-07-2026 09:28:15","42","Information","Microsoft-Windows-Kernel-WHEA","WHEA event log entry"
"07-07-2026 09:28:13","42","Information","Microsoft-Windows-Kernel-WHEA","WHEA event log entry"
"07-07-2026 09:28:10","42","Information","Microsoft-Windows-Kernel-WHEA","WHEA event log entry"
"07-07-2026 09:28:10","5","Information","Microsoft-Windows-Kernel-WHEA","WHEA successfully initialized.
   5 error sources are active
   Error record format version is 10."
"07-07-2026 09:28:10","42","Information","Microsoft-Windows-Kernel-WHEA","WHEA event log entry"
"07-07-2026 09:28:10","42","Information","Microsoft-Windows-Kernel-WHEA","WHEA event log entry"
"07-07-2026 09:28:09","42","Information","Microsoft-Windows-Kernel-WHEA","WHEA event log entry"
"07-07-2026 09:28:09","42","Information","Microsoft-Windows-Kernel-WHEA","WHEA event log entry"
"07-07-2026 09:28:09","42","Information","Microsoft-Windows-Kernel-WHEA","WHEA event log entry"
"04-07-2026 14:14:31","42","Information","Microsoft-Windows-Kernel-WHEA","WHEA event log entry"
"04-07-2026 14:12:34","42","Information","Microsoft-Windows-Kernel-WHEA","WHEA event log entry"
"04-07-2026 14:12:34","42","Information","Microsoft-Windows-Kernel-WHEA","WHEA event log entry"
"04-07-2026 14:12:33","42","Information","Microsoft-Windows-Kernel-WHEA","WHEA event log entry"
"04-07-2026 14:12:31","42","Information","Microsoft-Windows-Kernel-WHEA","WHEA event log entry"
"04-07-2026 14:12:31","5","Information","Microsoft-Windows-Kernel-WHEA","WHEA successfully initialized.
   5 error sources are active
   Error record format version is 10."
"04-07-2026 14:12:31","42","Information","Microsoft-Windows-Kernel-WHEA","WHEA event log entry"
"04-07-2026 14:12:31","42","Information","Microsoft-Windows-Kernel-WHEA","WHEA event log entry"
"04-07-2026 14:12:30","42","Information","Microsoft-Windows-Kernel-WHEA","WHEA event log entry"
"04-07-2026 14:12:30","42","Information","Microsoft-Windows-Kernel-WHEA","WHEA event log entry"
"04-07-2026 14:12:30","42","Information","Microsoft-Windows-Kernel-WHEA","WHEA event log entry"
"03-07-2026 11:22:11","42","Information","Microsoft-Windows-Kernel-WHEA","WHEA event log entry"
"03-07-2026 11:20:15","42","Information","Microsoft-Windows-Kernel-WHEA","WHEA event log entry"
"03-07-2026 11:20:15","42","Information","Microsoft-Windows-Kernel-WHEA","WHEA event log entry"
"03-07-2026 11:20:13","42","Information","Microsoft-Windows-Kernel-WHEA","WHEA event log entry"
"03-07-2026 11:20:11","42","Information","Microsoft-Windows-Kernel-WHEA","WHEA event log entry"
"03-07-2026 11:20:11","5","Information","Microsoft-Windows-Kernel-WHEA","WHEA successfully initialized.
   5 error sources are active
   Error record format version is 10."
"03-07-2026 11:20:11","42","Information","Microsoft-Windows-Kernel-WHEA","WHEA event log entry"
"03-07-2026 11:20:11","42","Information","Microsoft-Windows-Kernel-WHEA","WHEA event log entry"
"03-07-2026 11:20:10","42","Information","Microsoft-Windows-Kernel-WHEA","WHEA event log entry"
"03-07-2026 11:20:10","42","Information","Microsoft-Windows-Kernel-WHEA","WHEA event log entry"
"03-07-2026 11:20:10","42","Information","Microsoft-Windows-Kernel-WHEA","WHEA event log entry"
"01-07-2026 10:10:07","42","Information","Microsoft-Windows-Kernel-WHEA","WHEA event log entry"
"01-07-2026 10:08:10","42","Information","Microsoft-Windows-Kernel-WHEA","WHEA event log entry"
"01-07-2026 10:08:10","42","Information","Microsoft-Windows-Kernel-WHEA","WHEA event log entry"
"01-07-2026 10:08:09","42","Information","Microsoft-Windows-Kernel-WHEA","WHEA event log entry"
"01-07-2026 10:08:07","42","Information","Microsoft-Windows-Kernel-WHEA","WHEA event log entry"
"01-07-2026 10:08:07","5","Information","Microsoft-Windows-Kernel-WHEA","WHEA successfully initialized.
   5 error sources are active
   Error record format version is 10."
"01-07-2026 10:08:07","42","Information","Microsoft-Windows-Kernel-WHEA","WHEA event log entry"
"01-07-2026 10:08:07","42","Information","Microsoft-Windows-Kernel-WHEA","WHEA event log entry"
"01-07-2026 10:08:06","42","Information","Microsoft-Windows-Kernel-WHEA","WHEA event log entry"
"01-07-2026 10:08:06","42","Information","Microsoft-Windows-Kernel-WHEA","WHEA event log entry"
"01-07-2026 10:08:06","42","Information","Microsoft-Windows-Kernel-WHEA","WHEA event log entry"
"29-06-2026 10:26:07","42","Information","Microsoft-Windows-Kernel-WHEA","WHEA event log entry"
"29-06-2026 10:24:10","42","Information","Microsoft-Windows-Kernel-WHEA","WHEA event log entry"
"29-06-2026 10:24:10","42","Information","Microsoft-Windows-Kernel-WHEA","WHEA event log entry"
"29-06-2026 10:24:09","42","Information","Microsoft-Windows-Kernel-WHEA","WHEA event log entry"
"29-06-2026 10:24:07","42","Information","Microsoft-Windows-Kernel-WHEA","WHEA event log entry"
"29-06-2026 10:24:07","5","Information","Microsoft-Windows-Kernel-WHEA","WHEA successfully initialized.
   5 error sources are active
   Error record format version is 10."
"29-06-2026 10:24:07","42","Information","Microsoft-Windows-Kernel-WHEA","WHEA event log entry"
"29-06-2026 10:24:07","42","Information","Microsoft-Windows-Kernel-WHEA","WHEA event log entry"
"29-06-2026 10:24:06","42","Information","Microsoft-Windows-Kernel-WHEA","WHEA event log entry"
"29-06-2026 10:24:06","42","Information","Microsoft-Windows-Kernel-WHEA","WHEA event log entry"
"29-06-2026 10:24:06","42","Information","Microsoft-Windows-Kernel-WHEA","WHEA event log entry"
"29-06-2026 09:04:18","42","Information","Microsoft-Windows-Kernel-WHEA","WHEA event log entry"
"29-06-2026 09:02:21","42","Information","Microsoft-Windows-Kernel-WHEA","WHEA event log entry"
"29-06-2026 09:02:21","42","Information","Microsoft-Windows-Kernel-WHEA","WHEA event log entry"
"29-06-2026 09:02:19","42","Information","Microsoft-Windows-Kernel-WHEA","WHEA event log entry"
"29-06-2026 09:02:18","42","Information","Microsoft-Windows-Kernel-WHEA","WHEA event log entry"
"29-06-2026 09:02:18","5","Information","Microsoft-Windows-Kernel-WHEA","WHEA successfully initialized.
   5 error sources are active
   Error record format version is 10."
"29-06-2026 09:02:18","42","Information","Microsoft-Windows-Kernel-WHEA","WHEA event log entry"
"29-06-2026 09:02:18","42","Information","Microsoft-Windows-Kernel-WHEA","WHEA event log entry"
"29-06-2026 09:02:17","42","Information","Microsoft-Windows-Kernel-WHEA","WHEA event log entry"
"29-06-2026 09:02:17","42","Information","Microsoft-Windows-Kernel-WHEA","WHEA event log entry"
"29-06-2026 09:02:17","42","Information","Microsoft-Windows-Kernel-WHEA","WHEA event log entry"
"25-06-2026 09:37:50","42","Information","Microsoft-Windows-Kernel-WHEA","WHEA event log entry"
"25-06-2026 09:35:54","42","Information","Microsoft-Windows-Kernel-WHEA","WHEA event log entry"
"25-06-2026 09:35:54","42","Information","Microsoft-Windows-Kernel-WHEA","WHEA event log entry"
"25-06-2026 09:35:52","42","Information","Microsoft-Windows-Kernel-WHEA","WHEA event log entry"
"25-06-2026 09:35:50","42","Information","Microsoft-Windows-Kernel-WHEA","WHEA event log entry"
"25-06-2026 09:35:50","5","Information","Microsoft-Windows-Kernel-WHEA","WHEA successfully initialized.
   5 error sources are active
   Error record format version is 10."
"25-06-2026 09:35:50","42","Information","Microsoft-Windows-Kernel-WHEA","WHEA event log entry"
"25-06-2026 09:35:50","42","Information","Microsoft-Windows-Kernel-WHEA","WHEA event log entry"
"25-06-2026 09:35:49","42","Information","Microsoft-Windows-Kernel-WHEA","WHEA event log entry"
"25-06-2026 09:35:49","42","Information","Microsoft-Windows-Kernel-WHEA","WHEA event log entry"
"25-06-2026 09:35:49","42","Information","Microsoft-Windows-Kernel-WHEA","WHEA event log entry"
"18-06-2026 09:07:25","42","Information","Microsoft-Windows-Kernel-WHEA","WHEA event log entry"
"18-06-2026 09:05:28","42","Information","Microsoft-Windows-Kernel-WHEA","WHEA event log entry"
"18-06-2026 09:05:28","42","Information","Microsoft-Windows-Kernel-WHEA","WHEA event log entry"
"18-06-2026 09:05:26","42","Information","Microsoft-Windows-Kernel-WHEA","WHEA event log entry"
"18-06-2026 09:05:25","42","Information","Microsoft-Windows-Kernel-WHEA","WHEA event log entry"
"18-06-2026 09:05:25","5","Information","Microsoft-Windows-Kernel-WHEA","WHEA successfully initialized.
   5 error sources are active
   Error record format version is 10."
"18-06-2026 09:05:25","42","Information","Microsoft-Windows-Kernel-WHEA","WHEA event log entry"
"18-06-2026 09:05:25","42","Information","Microsoft-Windows-Kernel-WHEA","WHEA event log entry"
"18-06-2026 09:05:24","42","Information","Microsoft-Windows-Kernel-WHEA","WHEA event log entry"
"18-06-2026 09:05:24","42","Information","Microsoft-Windows-Kernel-WHEA","WHEA event log entry"
"18-06-2026 09:05:24","42","Information","Microsoft-Windows-Kernel-WHEA","WHEA event log entry"
"17-06-2026 19:18:04","42","Information","Microsoft-Windows-Kernel-WHEA","WHEA event log entry"
"17-06-2026 19:18:04","42","Information","Microsoft-Windows-Kernel-WHEA","WHEA event log entry"
"17-06-2026 19:18:02","42","Information","Microsoft-Windows-Kernel-WHEA","WHEA event log entry"
"17-06-2026 19:18:00","42","Information","Microsoft-Windows-Kernel-WHEA","WHEA event log entry"
"17-06-2026 19:18:00","5","Information","Microsoft-Windows-Kernel-WHEA","WHEA successfully initialized.
   5 error sources are active
   Error record format version is 10."
"17-06-2026 19:18:00","42","Information","Microsoft-Windows-Kernel-WHEA","WHEA event log entry"
"17-06-2026 19:18:00","42","Information","Microsoft-Windows-Kernel-WHEA","WHEA event log entry"
"17-06-2026 19:17:58","42","Information","Microsoft-Windows-Kernel-WHEA","WHEA event log entry"
"17-06-2026 19:17:58","42","Information","Microsoft-Windows-Kernel-WHEA","WHEA event log entry"
"17-06-2026 19:17:58","42","Information","Microsoft-Windows-Kernel-WHEA","WHEA event log entry"
"17-06-2026 19:16:36","42","Information","Microsoft-Windows-Kernel-WHEA","WHEA event log entry"
"17-06-2026 19:16:36","42","Information","Microsoft-Windows-Kernel-WHEA","WHEA event log entry"
"17-06-2026 19:16:34","42","Information","Microsoft-Windows-Kernel-WHEA","WHEA event log entry"
"17-06-2026 19:16:32","42","Information","Microsoft-Windows-Kernel-WHEA","WHEA event log entry"
"17-06-2026 19:16:32","5","Information","Microsoft-Windows-Kernel-WHEA","WHEA successfully initialized.
   5 error sources are active
   Error record format version is 10."
"17-06-2026 19:16:32","42","Information","Microsoft-Windows-Kernel-WHEA","WHEA event log entry"
"17-06-2026 19:16:32","42","Information","Microsoft-Windows-Kernel-WHEA","WHEA event log entry"
"17-06-2026 19:16:31","42","Information","Microsoft-Windows-Kernel-WHEA","WHEA event log entry"
"17-06-2026 19:16:31","42","Information","Microsoft-Windows-Kernel-WHEA","WHEA event log entry"
"17-06-2026 19:16:31","42","Information","Microsoft-Windows-Kernel-WHEA","WHEA event log entry"
"17-06-2026 19:15:24","42","Information","Microsoft-Windows-Kernel-WHEA","WHEA event log entry"
"17-06-2026 19:13:29","42","Information","Microsoft-Windows-Kernel-WHEA","WHEA event log entry"
"17-06-2026 19:13:29","42","Information","Microsoft-Windows-Kernel-WHEA","WHEA event log entry"
"17-06-2026 19:13:27","42","Information","Microsoft-Windows-Kernel-WHEA","WHEA event log entry"
"17-06-2026 19:13:24","42","Information","Microsoft-Windows-Kernel-WHEA","WHEA event log entry"
"17-06-2026 19:13:24","5","Information","Microsoft-Windows-Kernel-WHEA","WHEA successfully initialized.
   5 error sources are active
   Error record format version is 10."
"17-06-2026 19:13:24","42","Information","Microsoft-Windows-Kernel-WHEA","WHEA event log entry"
"17-06-2026 19:13:24","42","Information","Microsoft-Windows-Kernel-WHEA","WHEA event log entry"
"17-06-2026 19:13:23","42","Information","Microsoft-Windows-Kernel-WHEA","WHEA event log entry"
"17-06-2026 19:13:23","42","Information","Microsoft-Windows-Kernel-WHEA","WHEA event log entry"
"17-06-2026 19:13:23","42","Information","Microsoft-Windows-Kernel-WHEA","WHEA event log entry"
"16-06-2026 10:01:12","42","Information","Microsoft-Windows-Kernel-WHEA","WHEA event log entry"
"16-06-2026 09:59:15","42","Information","Microsoft-Windows-Kernel-WHEA","WHEA event log entry"
"16-06-2026 09:59:15","42","Information","Microsoft-Windows-Kernel-WHEA","WHEA event log entry"
"16-06-2026 09:59:14","42","Information","Microsoft-Windows-Kernel-WHEA","WHEA event log entry"
"16-06-2026 09:59:12","42","Information","Microsoft-Windows-Kernel-WHEA","WHEA event log entry"
"16-06-2026 09:59:12","5","Information","Microsoft-Windows-Kernel-WHEA","WHEA successfully initialized.
   5 error sources are active
   Error record format version is 10."
"16-06-2026 09:59:12","42","Information","Microsoft-Windows-Kernel-WHEA","WHEA event log entry"
"16-06-2026 09:59:12","42","Information","Microsoft-Windows-Kernel-WHEA","WHEA event log entry"
"16-06-2026 09:59:11","42","Information","Microsoft-Windows-Kernel-WHEA","WHEA event log entry"
"16-06-2026 09:59:11","42","Information","Microsoft-Windows-Kernel-WHEA","WHEA event log entry"
"16-06-2026 09:59:11","42","Information","Microsoft-Windows-Kernel-WHEA","WHEA event log entry"
"12-06-2026 09:56:22","42","Information","Microsoft-Windows-Kernel-WHEA","WHEA event log entry"
"12-06-2026 09:54:25","42","Information","Microsoft-Windows-Kernel-WHEA","WHEA event log entry"
"12-06-2026 09:54:25","42","Information","Microsoft-Windows-Kernel-WHEA","WHEA event log entry"
"12-06-2026 09:54:23","42","Information","Microsoft-Windows-Kernel-WHEA","WHEA event log entry"
"12-06-2026 09:54:22","42","Information","Microsoft-Windows-Kernel-WHEA","WHEA event log entry"
"12-06-2026 09:54:22","5","Information","Microsoft-Windows-Kernel-WHEA","WHEA successfully initialized.
   5 error sources are active
   Error record format version is 10."
"12-06-2026 09:54:22","42","Information","Microsoft-Windows-Kernel-WHEA","WHEA event log entry"
"12-06-2026 09:54:22","42","Information","Microsoft-Windows-Kernel-WHEA","WHEA event log entry"
"12-06-2026 09:54:21","42","Information","Microsoft-Windows-Kernel-WHEA","WHEA event log entry"
"12-06-2026 09:54:21","42","Information","Microsoft-Windows-Kernel-WHEA","WHEA event log entry"
"12-06-2026 09:54:21","42","Information","Microsoft-Windows-Kernel-WHEA","WHEA event log entry"
"08-06-2026 19:15:40","42","Information","Microsoft-Windows-Kernel-WHEA","WHEA event log entry"
"08-06-2026 19:13:43","42","Information","Microsoft-Windows-Kernel-WHEA","WHEA event log entry"
"08-06-2026 19:13:43","42","Information","Microsoft-Windows-Kernel-WHEA","WHEA event log entry"
"08-06-2026 19:13:41","42","Information","Microsoft-Windows-Kernel-WHEA","WHEA event log entry"
"08-06-2026 19:13:40","42","Information","Microsoft-Windows-Kernel-WHEA","WHEA event log entry"
"08-06-2026 19:13:40","5","Information","Microsoft-Windows-Kernel-WHEA","WHEA successfully initialized.
   5 error sources are active
   Error record format version is 10."
"08-06-2026 19:13:40","42","Information","Microsoft-Windows-Kernel-WHEA","WHEA event log entry"
"08-06-2026 19:13:40","42","Information","Microsoft-Windows-Kernel-WHEA","WHEA event log entry"
"08-06-2026 19:13:39","42","Information","Microsoft-Windows-Kernel-WHEA","WHEA event log entry"
"08-06-2026 19:13:39","42","Information","Microsoft-Windows-Kernel-WHEA","WHEA event log entry"
"08-06-2026 19:13:39","42","Information","Microsoft-Windows-Kernel-WHEA","WHEA event log entry"
"08-06-2026 09:41:56","42","Information","Microsoft-Windows-Kernel-WHEA","WHEA event log entry"
"08-06-2026 09:39:59","42","Information","Microsoft-Windows-Kernel-WHEA","WHEA event log entry"
"08-06-2026 09:39:59","42","Information","Microsoft-Windows-Kernel-WHEA","WHEA event log entry"
"08-06-2026 09:39:57","42","Information","Microsoft-Windows-Kernel-WHEA","WHEA event log entry"
"08-06-2026 09:39:56","42","Information","Microsoft-Windows-Kernel-WHEA","WHEA event log entry"
"08-06-2026 09:39:56","5","Information","Microsoft-Windows-Kernel-WHEA","WHEA successfully initialized.
   5 error sources are active
   Error record format version is 10."
"08-06-2026 09:39:56","42","Information","Microsoft-Windows-Kernel-WHEA","WHEA event log entry"
"08-06-2026 09:39:56","42","Information","Microsoft-Windows-Kernel-WHEA","WHEA event log entry"
"08-06-2026 09:39:55","42","Information","Microsoft-Windows-Kernel-WHEA","WHEA event log entry"
"08-06-2026 09:39:55","42","Information","Microsoft-Windows-Kernel-WHEA","WHEA event log entry"
"08-06-2026 09:39:55","42","Information","Microsoft-Windows-Kernel-WHEA","WHEA event log entry"
"03-06-2026 10:15:54","42","Information","Microsoft-Windows-Kernel-WHEA","WHEA event log entry"
"03-06-2026 10:13:57","42","Information","Microsoft-Windows-Kernel-WHEA","WHEA event log entry"
"03-06-2026 10:13:57","42","Information","Microsoft-Windows-Kernel-WHEA","WHEA event log entry"
"03-06-2026 10:13:55","42","Information","Microsoft-Windows-Kernel-WHEA","WHEA event log entry"
"03-06-2026 10:13:54","42","Information","Microsoft-Windows-Kernel-WHEA","WHEA event log entry"
"03-06-2026 10:13:54","5","Information","Microsoft-Windows-Kernel-WHEA","WHEA successfully initialized.
   5 error sources are active
   Error record format version is 10."
"03-06-2026 10:13:54","42","Information","Microsoft-Windows-Kernel-WHEA","WHEA event log entry"
"03-06-2026 10:13:54","42","Information","Microsoft-Windows-Kernel-WHEA","WHEA event log entry"
"03-06-2026 10:13:53","42","Information","Microsoft-Windows-Kernel-WHEA","WHEA event log entry"
"03-06-2026 10:13:53","42","Information","Microsoft-Windows-Kernel-WHEA","WHEA event log entry"
"03-06-2026 10:13:53","42","Information","Microsoft-Windows-Kernel-WHEA","WHEA event log entry"
"03-06-2026 00:15:23","42","Information","Microsoft-Windows-Kernel-WHEA","WHEA event log entry"
"03-06-2026 00:13:26","42","Information","Microsoft-Windows-Kernel-WHEA","WHEA event log entry"
"03-06-2026 00:13:26","42","Information","Microsoft-Windows-Kernel-WHEA","WHEA event log entry"
"03-06-2026 00:13:24","42","Information","Microsoft-Windows-Kernel-WHEA","WHEA event log entry"
"03-06-2026 00:13:23","42","Information","Microsoft-Windows-Kernel-WHEA","WHEA event log entry"
"03-06-2026 00:13:23","5","Information","Microsoft-Windows-Kernel-WHEA","WHEA successfully initialized.
   5 error sources are active
   Error record format version is 10."
"03-06-2026 00:13:23","42","Information","Microsoft-Windows-Kernel-WHEA","WHEA event log entry"
"03-06-2026 00:13:23","42","Information","Microsoft-Windows-Kernel-WHEA","WHEA event log entry"
"03-06-2026 00:13:22","42","Information","Microsoft-Windows-Kernel-WHEA","WHEA event log entry"
"03-06-2026 00:13:22","42","Information","Microsoft-Windows-Kernel-WHEA","WHEA event log entry"
"03-06-2026 00:13:22","42","Information","Microsoft-Windows-Kernel-WHEA","WHEA event log entry"
"02-06-2026 10:15:56","42","Information","Microsoft-Windows-Kernel-WHEA","WHEA event log entry"
"02-06-2026 10:14:00","42","Information","Microsoft-Windows-Kernel-WHEA","WHEA event log entry"
"02-06-2026 10:14:00","42","Information","Microsoft-Windows-Kernel-WHEA","WHEA event log entry"
"02-06-2026 10:13:58","42","Information","Microsoft-Windows-Kernel-WHEA","WHEA event log entry"
"02-06-2026 10:13:56","42","Information","Microsoft-Windows-Kernel-WHEA","WHEA event log entry"
"02-06-2026 10:13:56","5","Information","Microsoft-Windows-Kernel-WHEA","WHEA successfully initialized.
   5 error sources are active
   Error record format version is 10."
"02-06-2026 10:13:56","42","Information","Microsoft-Windows-Kernel-WHEA","WHEA event log entry"
"02-06-2026 10:13:56","42","Information","Microsoft-Windows-Kernel-WHEA","WHEA event log entry"
"02-06-2026 10:13:54","42","Information","Microsoft-Windows-Kernel-WHEA","WHEA event log entry"
"02-06-2026 10:13:54","42","Information","Microsoft-Windows-Kernel-WHEA","WHEA event log entry"
"02-06-2026 10:13:54","42","Information","Microsoft-Windows-Kernel-WHEA","WHEA event log entry"
"01-06-2026 09:21:11","42","Information","Microsoft-Windows-Kernel-WHEA","WHEA event log entry"
"01-06-2026 09:19:15","42","Information","Microsoft-Windows-Kernel-WHEA","WHEA event log entry"
"01-06-2026 09:19:15","42","Information","Microsoft-Windows-Kernel-WHEA","WHEA event log entry"
"01-06-2026 09:19:12","42","Information","Microsoft-Windows-Kernel-WHEA","WHEA event log entry"
"01-06-2026 09:19:11","42","Information","Microsoft-Windows-Kernel-WHEA","WHEA event log entry"
"01-06-2026 09:19:11","5","Information","Microsoft-Windows-Kernel-WHEA","WHEA successfully initialized.
   5 error sources are active
   Error record format version is 10."
"01-06-2026 09:19:11","42","Information","Microsoft-Windows-Kernel-WHEA","WHEA event log entry"
"01-06-2026 09:19:11","42","Information","Microsoft-Windows-Kernel-WHEA","WHEA event log entry"
"01-06-2026 09:19:10","42","Information","Microsoft-Windows-Kernel-WHEA","WHEA event log entry"
"01-06-2026 09:19:10","42","Information","Microsoft-Windows-Kernel-WHEA","WHEA event log entry"
"01-06-2026 09:19:10","42","Information","Microsoft-Windows-Kernel-WHEA","WHEA event log entry"
"28-05-2026 10:21:24","42","Information","Microsoft-Windows-Kernel-WHEA","WHEA event log entry"
"28-05-2026 10:19:27","42","Information","Microsoft-Windows-Kernel-WHEA","WHEA event log entry"
"28-05-2026 10:19:27","42","Information","Microsoft-Windows-Kernel-WHEA","WHEA event log entry"
"28-05-2026 10:19:26","42","Information","Microsoft-Windows-Kernel-WHEA","WHEA event log entry"
"28-05-2026 10:19:24","42","Information","Microsoft-Windows-Kernel-WHEA","WHEA event log entry"
"28-05-2026 10:19:24","5","Information","Microsoft-Windows-Kernel-WHEA","WHEA successfully initialized.
   5 error sources are active
   Error record format version is 10."
"28-05-2026 10:19:24","42","Information","Microsoft-Windows-Kernel-WHEA","WHEA event log entry"
"28-05-2026 10:19:24","42","Information","Microsoft-Windows-Kernel-WHEA","WHEA event log entry"
"28-05-2026 10:19:23","42","Information","Microsoft-Windows-Kernel-WHEA","WHEA event log entry"
"28-05-2026 10:19:23","42","Information","Microsoft-Windows-Kernel-WHEA","WHEA event log entry"
"28-05-2026 10:19:23","42","Information","Microsoft-Windows-Kernel-WHEA","WHEA event log entry"
"25-05-2026 09:01:50","42","Information","Microsoft-Windows-Kernel-WHEA","WHEA event log entry"
"25-05-2026 08:59:54","42","Information","Microsoft-Windows-Kernel-WHEA","WHEA event log entry"
"25-05-2026 08:59:54","42","Information","Microsoft-Windows-Kernel-WHEA","WHEA event log entry"
"25-05-2026 08:59:52","42","Information","Microsoft-Windows-Kernel-WHEA","WHEA event log entry"
"25-05-2026 08:59:50","42","Information","Microsoft-Windows-Kernel-WHEA","WHEA event log entry"
"25-05-2026 08:59:50","5","Information","Microsoft-Windows-Kernel-WHEA","WHEA successfully initialized.
   5 error sources are active
   Error record format version is 10."
"25-05-2026 08:59:50","42","Information","Microsoft-Windows-Kernel-WHEA","WHEA event log entry"
"25-05-2026 08:59:50","42","Information","Microsoft-Windows-Kernel-WHEA","WHEA event log entry"
"25-05-2026 08:59:49","42","Information","Microsoft-Windows-Kernel-WHEA","WHEA event log entry"
"25-05-2026 08:59:49","42","Information","Microsoft-Windows-Kernel-WHEA","WHEA event log entry"
"25-05-2026 08:59:49","42","Information","Microsoft-Windows-Kernel-WHEA","WHEA event log entry"
"23-05-2026 21:50:22","42","Information","Microsoft-Windows-Kernel-WHEA","WHEA event log entry"
"23-05-2026 21:48:26","42","Information","Microsoft-Windows-Kernel-WHEA","WHEA event log entry"
"23-05-2026 21:48:26","42","Information","Microsoft-Windows-Kernel-WHEA","WHEA event log entry"
"23-05-2026 21:48:24","42","Information","Microsoft-Windows-Kernel-WHEA","WHEA event log entry"
"23-05-2026 21:48:22","42","Information","Microsoft-Windows-Kernel-WHEA","WHEA event log entry"
"23-05-2026 21:48:22","5","Information","Microsoft-Windows-Kernel-WHEA","WHEA successfully initialized.
   5 error sources are active
   Error record format version is 10."
"23-05-2026 21:48:22","42","Information","Microsoft-Windows-Kernel-WHEA","WHEA event log entry"
"23-05-2026 21:48:22","42","Information","Microsoft-Windows-Kernel-WHEA","WHEA event log entry"
"23-05-2026 21:48:21","42","Information","Microsoft-Windows-Kernel-WHEA","WHEA event log entry"
"23-05-2026 21:48:21","42","Information","Microsoft-Windows-Kernel-WHEA","WHEA event log entry"
"23-05-2026 21:48:21","42","Information","Microsoft-Windows-Kernel-WHEA","WHEA event log entry"
"23-05-2026 11:03:27","42","Information","Microsoft-Windows-Kernel-WHEA","WHEA event log entry"
"23-05-2026 11:01:30","42","Information","Microsoft-Windows-Kernel-WHEA","WHEA event log entry"
"23-05-2026 11:01:30","42","Information","Microsoft-Windows-Kernel-WHEA","WHEA event log entry"
"23-05-2026 11:01:28","42","Information","Microsoft-Windows-Kernel-WHEA","WHEA event log entry"
"23-05-2026 11:01:27","42","Information","Microsoft-Windows-Kernel-WHEA","WHEA event log entry"
"23-05-2026 11:01:27","5","Information","Microsoft-Windows-Kernel-WHEA","WHEA successfully initialized.
   5 error sources are active
   Error record format version is 10."
"23-05-2026 11:01:27","42","Information","Microsoft-Windows-Kernel-WHEA","WHEA event log entry"
"23-05-2026 11:01:27","42","Information","Microsoft-Windows-Kernel-WHEA","WHEA event log entry"
"23-05-2026 11:01:26","42","Information","Microsoft-Windows-Kernel-WHEA","WHEA event log entry"
"23-05-2026 11:01:26","42","Information","Microsoft-Windows-Kernel-WHEA","WHEA event log entry"
"23-05-2026 11:01:26","42","Information","Microsoft-Windows-Kernel-WHEA","WHEA event log entry"
"23-05-2026 10:53:44","42","Information","Microsoft-Windows-Kernel-WHEA","WHEA event log entry"
"23-05-2026 10:51:47","42","Information","Microsoft-Windows-Kernel-WHEA","WHEA event log entry"
"23-05-2026 10:51:47","42","Information","Microsoft-Windows-Kernel-WHEA","WHEA event log entry"
"23-05-2026 10:51:46","42","Information","Microsoft-Windows-Kernel-WHEA","WHEA event log entry"
"23-05-2026 10:51:44","42","Information","Microsoft-Windows-Kernel-WHEA","WHEA event log entry"
"23-05-2026 10:51:44","5","Information","Microsoft-Windows-Kernel-WHEA","WHEA successfully initialized.
   5 error sources are active
   Error record format version is 10."
"23-05-2026 10:51:44","42","Information","Microsoft-Windows-Kernel-WHEA","WHEA event log entry"
"23-05-2026 10:51:44","42","Information","Microsoft-Windows-Kernel-WHEA","WHEA event log entry"
"23-05-2026 10:51:43","42","Information","Microsoft-Windows-Kernel-WHEA","WHEA event log entry"
"23-05-2026 10:51:43","42","Information","Microsoft-Windows-Kernel-WHEA","WHEA event log entry"
"23-05-2026 10:51:43","42","Information","Microsoft-Windows-Kernel-WHEA","WHEA event log entry"
"23-05-2026 23:10:22","42","Information","Microsoft-Windows-Kernel-WHEA","WHEA event log entry"
"23-05-2026 23:08:25","42","Information","Microsoft-Windows-Kernel-WHEA","WHEA event log entry"
"23-05-2026 23:08:25","42","Information","Microsoft-Windows-Kernel-WHEA","WHEA event log entry"
"23-05-2026 23:08:23","42","Information","Microsoft-Windows-Kernel-WHEA","WHEA event log entry"
"23-05-2026 23:08:22","42","Information","Microsoft-Windows-Kernel-WHEA","WHEA event log entry"
"23-05-2026 23:08:22","5","Information","Microsoft-Windows-Kernel-WHEA","WHEA successfully initialized.
   5 error sources are active
   Error record format version is 10."
"23-05-2026 23:08:22","42","Information","Microsoft-Windows-Kernel-WHEA","WHEA event log entry"
"23-05-2026 23:08:22","42","Information","Microsoft-Windows-Kernel-WHEA","WHEA event log entry"
"23-05-2026 23:08:22","42","Information","Microsoft-Windows-Kernel-WHEA","WHEA event log entry"
"23-05-2026 23:08:22","42","Information","Microsoft-Windows-Kernel-WHEA","WHEA event log entry"
"23-05-2026 23:08:22","42","Information","Microsoft-Windows-Kernel-WHEA","WHEA event log entry"
"23-05-2026 23:07:39","42","Information","Microsoft-Windows-Kernel-WHEA","WHEA event log entry"
"23-05-2026 23:06:22","42","Information","Microsoft-Windows-Kernel-WHEA","WHEA event log entry"
"23-05-2026 23:05:41","42","Information","Microsoft-Windows-Kernel-WHEA","WHEA event log entry"
"23-05-2026 23:05:41","42","Information","Microsoft-Windows-Kernel-WHEA","WHEA event log entry"
"23-05-2026 23:05:39","42","Information","Microsoft-Windows-Kernel-WHEA","WHEA event log entry"
"23-05-2026 23:05:39","42","Information","Microsoft-Windows-Kernel-WHEA","WHEA event log entry"
"23-05-2026 23:05:39","5","Information","Microsoft-Windows-Kernel-WHEA","WHEA successfully initialized.
   5 error sources are active
   Error record format version is 10."
"23-05-2026 23:05:39","42","Information","Microsoft-Windows-Kernel-WHEA","WHEA event log entry"
"23-05-2026 23:05:39","42","Information","Microsoft-Windows-Kernel-WHEA","WHEA event log entry"
"23-05-2026 23:05:38","42","Information","Microsoft-Windows-Kernel-WHEA","WHEA event log entry"
"23-05-2026 23:05:37","42","Information","Microsoft-Windows-Kernel-WHEA","WHEA event log entry"
"23-05-2026 23:05:37","42","Information","Microsoft-Windows-Kernel-WHEA","WHEA event log entry"
