"TimeCreated","Id","LevelDisplayName","ProviderName","Message"
"19-08-2026 13:31:49","360","Warning","Microsoft-Windows-User Device Registration","Windows Hello for Business provisioning will not be launched. 
Device is Microsoft Entra joined (or hybrid joined): Yes 
User has logged on with Microsoft Entra credentials: No 
Windows Hello for Business policy is enabled: No 
Windows Hello for Business post-logon provisioning is enabled: Yes 
Local computer meets Windows hello for business hardware requirements: Yes 
User is not connected to the machine via Remote Desktop: Yes 
User certificate for on premise auth policy is enabled: No 
Machine is governed by none policy. 
Cloud trust for on premise auth policy is enabled: No 
User account has Cloud to OnPrem TGT: Not Tested 
See https://go.microsoft.com/fwlink/?linkid=832647 for more details."
"19-08-2026 10:20:32","256","Information","Microsoft-Windows-User Device Registration","The update task for this device was successfully triggered. 
Join type: 1 (DEVICE) 
Tenant ID: "
"18-08-2026 14:31:25","358","Information","Microsoft-Windows-User Device Registration","Windows Hello for Business provisioning will be launched. 
Device is Microsoft Entra joined (or hybrid joined): Yes 
User has logged on with Microsoft Entra credentials: Yes 
Windows Hello for Business policy is enabled: Yes 
Windows Hello for Business post-logon provisioning is enabled: Yes 
Local computer meets Windows hello for business hardware requirements: Yes 
User is not connected to the machine via Remote Desktop: Yes 
User certificate for on premise auth policy is enabled: No 
Machine is governed by none policy. 
Cloud trust for on premise auth policy is enabled: No 
User account has Cloud to OnPrem TGT: Not Tested 
See https://go.microsoft.com/fwlink/?linkid=832647 for more details."
"18-08-2026 14:31:04","256","Information","Microsoft-Windows-User Device Registration","The update task for this device was successfully triggered. 
Join type: 1 (DEVICE) 
Tenant ID: "
"18-08-2026 14:30:54","369","Information","Microsoft-Windows-User Device Registration","The Workstation Service logged a device registration message. 
Message: AutoJoinSvc/WJComputeCloudDomainJoinRecoveryTaskState: AAD CloudAP plugin registry value (""HKEY_LOCAL_MACHINE\Software\Microsoft\IdentityStore\LoadParameters\{B16898C6-A148-4967-9171-64D755DA8520}@RunRecovery""): 0x00000000.
 "
"18-08-2026 14:30:54","369","Information","Microsoft-Windows-User Device Registration","The Workstation Service logged a device registration message. 
Message: AutoJoinSvc/WJSetScheduledTaskState: Running task ""\Microsoft\Windows\Workplace Join\Device-Sync"". "
"18-08-2026 10:41:56","360","Warning","Microsoft-Windows-User Device Registration","Windows Hello for Business provisioning will not be launched. 
Device is Microsoft Entra joined (or hybrid joined): Yes 
User has logged on with Microsoft Entra credentials: No 
Windows Hello for Business policy is enabled: No 
Windows Hello for Business post-logon provisioning is enabled: Yes 
Local computer meets Windows hello for business hardware requirements: Yes 
User is not connected to the machine via Remote Desktop: Yes 
User certificate for on premise auth policy is enabled: No 
Machine is governed by none policy. 
Cloud trust for on premise auth policy is enabled: No 
User account has Cloud to OnPrem TGT: Not Tested 
See https://go.microsoft.com/fwlink/?linkid=832647 for more details."
"18-08-2026 10:29:42","358","Information","Microsoft-Windows-User Device Registration","Windows Hello for Business provisioning will be launched. 
Device is Microsoft Entra joined (or hybrid joined): Yes 
User has logged on with Microsoft Entra credentials: Yes 
Windows Hello for Business policy is enabled: Yes 
Windows Hello for Business post-logon provisioning is enabled: Yes 
Local computer meets Windows hello for business hardware requirements: Yes 
User is not connected to the machine via Remote Desktop: Yes 
User certificate for on premise auth policy is enabled: No 
Machine is governed by none policy. 
Cloud trust for on premise auth policy is enabled: No 
User account has Cloud to OnPrem TGT: Not Tested 
See https://go.microsoft.com/fwlink/?linkid=832647 for more details."
"18-08-2026 10:29:09","256","Information","Microsoft-Windows-User Device Registration","The update task for this device was successfully triggered. 
Join type: 1 (DEVICE) 
Tenant ID: "
"18-08-2026 10:28:57","369","Information","Microsoft-Windows-User Device Registration","The Workstation Service logged a device registration message. 
Message: AutoJoinSvc/WJComputeCloudDomainJoinRecoveryTaskState: AAD CloudAP plugin registry value (""HKEY_LOCAL_MACHINE\Software\Microsoft\IdentityStore\LoadParameters\{B16898C6-A148-4967-9171-64D755DA8520}@RunRecovery""): 0x00000000.
 "
"18-08-2026 10:28:57","369","Information","Microsoft-Windows-User Device Registration","The Workstation Service logged a device registration message. 
Message: AutoJoinSvc/WJSetScheduledTaskState: Running task ""\Microsoft\Windows\Workplace Join\Device-Sync"". "
"17-08-2026 20:38:49","256","Information","Microsoft-Windows-User Device Registration","The update task for this device was successfully triggered. 
Join type: 1 (DEVICE) 
Tenant ID: "
"17-08-2026 15:56:50","360","Warning","Microsoft-Windows-User Device Registration","Windows Hello for Business provisioning will not be launched. 
Device is Microsoft Entra joined (or hybrid joined): Yes 
User has logged on with Microsoft Entra credentials: No 
Windows Hello for Business policy is enabled: No 
Windows Hello for Business post-logon provisioning is enabled: Yes 
Local computer meets Windows hello for business hardware requirements: Yes 
User is not connected to the machine via Remote Desktop: Yes 
User certificate for on premise auth policy is enabled: No 
Machine is governed by none policy. 
Cloud trust for on premise auth policy is enabled: No 
User account has Cloud to OnPrem TGT: Not Tested 
See https://go.microsoft.com/fwlink/?linkid=832647 for more details."
"17-08-2026 15:38:47","256","Information","Microsoft-Windows-User Device Registration","The update task for this device was successfully triggered. 
Join type: 1 (DEVICE) 
Tenant ID: "
"17-08-2026 10:38:46","256","Information","Microsoft-Windows-User Device Registration","The update task for this device was successfully triggered. 
Join type: 1 (DEVICE) 
Tenant ID: "
"14-08-2026 18:03:57","360","Warning","Microsoft-Windows-User Device Registration","Windows Hello for Business provisioning will not be launched. 
Device is Microsoft Entra joined (or hybrid joined): Yes 
User has logged on with Microsoft Entra credentials: No 
Windows Hello for Business policy is enabled: No 
Windows Hello for Business post-logon provisioning is enabled: Yes 
Local computer meets Windows hello for business hardware requirements: Yes 
User is not connected to the machine via Remote Desktop: Yes 
User certificate for on premise auth policy is enabled: No 
Machine is governed by none policy. 
Cloud trust for on premise auth policy is enabled: No 
User account has Cloud to OnPrem TGT: Not Tested 
See https://go.microsoft.com/fwlink/?linkid=832647 for more details."
"14-08-2026 15:46:04","256","Information","Microsoft-Windows-User Device Registration","The update task for this device was successfully triggered. 
Join type: 1 (DEVICE) 
Tenant ID: "
"13-08-2026 16:03:44","256","Information","Microsoft-Windows-User Device Registration","The update task for this device was successfully triggered. 
Join type: 1 (DEVICE) 
Tenant ID: "
"13-08-2026 15:19:24","360","Warning","Microsoft-Windows-User Device Registration","Windows Hello for Business provisioning will not be launched. 
Device is Microsoft Entra joined (or hybrid joined): Yes 
User has logged on with Microsoft Entra credentials: No 
Windows Hello for Business policy is enabled: No 
Windows Hello for Business post-logon provisioning is enabled: Yes 
Local computer meets Windows hello for business hardware requirements: Yes 
User is not connected to the machine via Remote Desktop: Yes 
User certificate for on premise auth policy is enabled: No 
Machine is governed by none policy. 
Cloud trust for on premise auth policy is enabled: No 
User account has Cloud to OnPrem TGT: Not Tested 
See https://go.microsoft.com/fwlink/?linkid=832647 for more details."
"13-08-2026 11:03:43","256","Information","Microsoft-Windows-User Device Registration","The update task for this device was successfully triggered. 
Join type: 1 (DEVICE) 
Tenant ID: "
"12-08-2026 17:15:26","256","Information","Microsoft-Windows-User Device Registration","The update task for this device was successfully triggered. 
Join type: 1 (DEVICE) 
Tenant ID: "
"12-08-2026 12:15:23","256","Information","Microsoft-Windows-User Device Registration","The update task for this device was successfully triggered. 
Join type: 1 (DEVICE) 
Tenant ID: "
"12-08-2026 10:31:00","360","Warning","Microsoft-Windows-User Device Registration","Windows Hello for Business provisioning will not be launched. 
Device is Microsoft Entra joined (or hybrid joined): Yes 
User has logged on with Microsoft Entra credentials: No 
Windows Hello for Business policy is enabled: No 
Windows Hello for Business post-logon provisioning is enabled: Yes 
Local computer meets Windows hello for business hardware requirements: Yes 
User is not connected to the machine via Remote Desktop: Yes 
User certificate for on premise auth policy is enabled: No 
Machine is governed by none policy. 
Cloud trust for on premise auth policy is enabled: No 
User account has Cloud to OnPrem TGT: Not Tested 
See https://go.microsoft.com/fwlink/?linkid=832647 for more details."
"11-08-2026 17:02:48","256","Information","Microsoft-Windows-User Device Registration","The update task for this device was successfully triggered. 
Join type: 1 (DEVICE) 
Tenant ID: "
"11-08-2026 12:14:27","360","Warning","Microsoft-Windows-User Device Registration","Windows Hello for Business provisioning will not be launched. 
Device is Microsoft Entra joined (or hybrid joined): Yes 
User has logged on with Microsoft Entra credentials: No 
Windows Hello for Business policy is enabled: No 
Windows Hello for Business post-logon provisioning is enabled: Yes 
Local computer meets Windows hello for business hardware requirements: Yes 
User is not connected to the machine via Remote Desktop: Yes 
User certificate for on premise auth policy is enabled: No 
Machine is governed by none policy. 
Cloud trust for on premise auth policy is enabled: No 
User account has Cloud to OnPrem TGT: Not Tested 
See https://go.microsoft.com/fwlink/?linkid=832647 for more details."
"11-08-2026 12:07:11","358","Information","Microsoft-Windows-User Device Registration","Windows Hello for Business provisioning will be launched. 
Device is Microsoft Entra joined (or hybrid joined): Yes 
User has logged on with Microsoft Entra credentials: Yes 
Windows Hello for Business policy is enabled: Yes 
Windows Hello for Business post-logon provisioning is enabled: Yes 
Local computer meets Windows hello for business hardware requirements: Yes 
User is not connected to the machine via Remote Desktop: Yes 
User certificate for on premise auth policy is enabled: No 
Machine is governed by none policy. 
Cloud trust for on premise auth policy is enabled: No 
User account has Cloud to OnPrem TGT: Not Tested 
See https://go.microsoft.com/fwlink/?linkid=832647 for more details."
"11-08-2026 12:02:46","256","Information","Microsoft-Windows-User Device Registration","The update task for this device was successfully triggered. 
Join type: 1 (DEVICE) 
Tenant ID: "
"11-08-2026 12:02:32","369","Information","Microsoft-Windows-User Device Registration","The Workstation Service logged a device registration message. 
Message: AutoJoinSvc/WJComputeCloudDomainJoinRecoveryTaskState: AAD CloudAP plugin registry value (""HKEY_LOCAL_MACHINE\Software\Microsoft\IdentityStore\LoadParameters\{B16898C6-A148-4967-9171-64D755DA8520}@RunRecovery""): 0x00000000.
 "
"11-08-2026 12:02:32","369","Information","Microsoft-Windows-User Device Registration","The Workstation Service logged a device registration message. 
Message: AutoJoinSvc/WJSetScheduledTaskState: Running task ""\Microsoft\Windows\Workplace Join\Device-Sync"". "
"11-08-2026 09:40:44","256","Information","Microsoft-Windows-User Device Registration","The update task for this device was successfully triggered. 
Join type: 1 (DEVICE) 
Tenant ID: "
"10-08-2026 14:36:15","256","Information","Microsoft-Windows-User Device Registration","The update task for this device was successfully triggered. 
Join type: 1 (DEVICE) 
Tenant ID: "
"10-08-2026 09:49:03","360","Warning","Microsoft-Windows-User Device Registration","Windows Hello for Business provisioning will not be launched. 
Device is Microsoft Entra joined (or hybrid joined): Yes 
User has logged on with Microsoft Entra credentials: No 
Windows Hello for Business policy is enabled: No 
Windows Hello for Business post-logon provisioning is enabled: Yes 
Local computer meets Windows hello for business hardware requirements: Yes 
User is not connected to the machine via Remote Desktop: Yes 
User certificate for on premise auth policy is enabled: No 
Machine is governed by none policy. 
Cloud trust for on premise auth policy is enabled: No 
User account has Cloud to OnPrem TGT: Not Tested 
See https://go.microsoft.com/fwlink/?linkid=832647 for more details."
"10-08-2026 09:41:36","369","Information","Microsoft-Windows-User Device Registration","The Workstation Service logged a device registration message. 
Message: AutoJoinSvc/WJSetScheduledTaskState: Successfuly disabled task ""\Microsoft\Windows\Workplace Join\Recovery-Check"". "
"10-08-2026 09:41:36","369","Information","Microsoft-Windows-User Device Registration","The Workstation Service logged a device registration message. 
Message: AutoJoinSvc/WJComputeCloudDomainJoinRecoveryTaskState: AAD CloudAP plugin registry value (""HKEY_LOCAL_MACHINE\Software\Microsoft\IdentityStore\LoadParameters\{B16898C6-A148-4967-9171-64D755DA8520}@RunRecovery""): 0x00000000.
 "
"10-08-2026 09:41:32","360","Warning","Microsoft-Windows-User Device Registration","Windows Hello for Business provisioning will not be launched. 
Device is Microsoft Entra joined (or hybrid joined): Yes 
User has logged on with Microsoft Entra credentials: Yes 
Windows Hello for Business policy is enabled: Yes 
Windows Hello for Business post-logon provisioning is enabled: Yes 
Local computer meets Windows hello for business hardware requirements: Yes 
User is not connected to the machine via Remote Desktop: Yes 
User certificate for on premise auth policy is enabled: No 
Machine is governed by none policy. 
Cloud trust for on premise auth policy is enabled: No 
User account has Cloud to OnPrem TGT: Not Tested 
See https://go.microsoft.com/fwlink/?linkid=832647 for more details."
"10-08-2026 09:36:13","256","Information","Microsoft-Windows-User Device Registration","The update task for this device was successfully triggered. 
Join type: 1 (DEVICE) 
Tenant ID: "
"10-08-2026 09:36:03","369","Information","Microsoft-Windows-User Device Registration","The Workstation Service logged a device registration message. 
Message: AutoJoinSvc/WJSetScheduledTaskState: Running task ""\Microsoft\Windows\Workplace Join\Recovery-Check"". "
"10-08-2026 09:36:03","369","Information","Microsoft-Windows-User Device Registration","The Workstation Service logged a device registration message. 
Message: AutoJoinSvc/WJComputeCloudDomainJoinRecoveryTaskState: AAD CloudAP plugin registry value (""HKEY_LOCAL_MACHINE\Software\Microsoft\IdentityStore\LoadParameters\{B16898C6-A148-4967-9171-64D755DA8520}@RunRecovery""): 0x00000001.
 "
"10-08-2026 09:36:03","369","Information","Microsoft-Windows-User Device Registration","The Workstation Service logged a device registration message. 
Message: AutoJoinSvc/WJSetScheduledTaskState: Running task ""\Microsoft\Windows\Workplace Join\Device-Sync"". "
"30-07-2026 10:50:49","256","Information","Microsoft-Windows-User Device Registration","The update task for this device was successfully triggered. 
Join type: 1 (DEVICE) 
Tenant ID: "
"29-07-2026 18:32:45","212","Information","Microsoft-Windows-User Device Registration","Error happened while accessing registry: Access is denied.. Operation: RegOpenKeyExW. Path: HKEY_CURRENT_USER\SOFTWARE\Microsoft\Windows NT\CurrentVersion\WorkplaceJoin\AADNGC."
"29-07-2026 16:39:57","256","Information","Microsoft-Windows-User Device Registration","The update task for this device was successfully triggered. 
Join type: 1 (DEVICE) 
Tenant ID: "
"29-07-2026 15:52:49","360","Warning","Microsoft-Windows-User Device Registration","Windows Hello for Business provisioning will not be launched. 
Device is Microsoft Entra joined (or hybrid joined): Yes 
User has logged on with Microsoft Entra credentials: No 
Windows Hello for Business policy is enabled: No 
Windows Hello for Business post-logon provisioning is enabled: Yes 
Local computer meets Windows hello for business hardware requirements: Yes 
User is not connected to the machine via Remote Desktop: Yes 
User certificate for on premise auth policy is enabled: No 
Machine is governed by none policy. 
Cloud trust for on premise auth policy is enabled: No 
User account has Cloud to OnPrem TGT: Not Tested 
See https://go.microsoft.com/fwlink/?linkid=832647 for more details."
"29-07-2026 11:39:55","256","Information","Microsoft-Windows-User Device Registration","The update task for this device was successfully triggered. 
Join type: 1 (DEVICE) 
Tenant ID: "
"29-07-2026 09:31:36","212","Information","Microsoft-Windows-User Device Registration","Error happened while accessing registry: Access is denied.. Operation: RegOpenKeyExW. Path: HKEY_CURRENT_USER\SOFTWARE\Microsoft\Windows NT\CurrentVersion\WorkplaceJoin\AADNGC."
"29-07-2026 09:30:12","212","Information","Microsoft-Windows-User Device Registration","Error happened while accessing registry: Access is denied.. Operation: RegOpenKeyExW. Path: HKEY_CURRENT_USER\SOFTWARE\Microsoft\Windows NT\CurrentVersion\WorkplaceJoin\AADNGC."
"28-07-2026 17:15:53","256","Information","Microsoft-Windows-User Device Registration","The update task for this device was successfully triggered. 
Join type: 1 (DEVICE) 
Tenant ID: "
"28-07-2026 15:01:19","212","Information","Microsoft-Windows-User Device Registration","Error happened while accessing registry: Access is denied.. Operation: RegOpenKeyExW. Path: HKEY_CURRENT_USER\SOFTWARE\Microsoft\Windows NT\CurrentVersion\WorkplaceJoin\AADNGC."
"28-07-2026 14:54:59","212","Information","Microsoft-Windows-User Device Registration","Error happened while accessing registry: Access is denied.. Operation: RegOpenKeyExW. Path: HKEY_CURRENT_USER\SOFTWARE\Microsoft\Windows NT\CurrentVersion\WorkplaceJoin\AADNGC."
"28-07-2026 12:15:51","256","Information","Microsoft-Windows-User Device Registration","The update task for this device was successfully triggered. 
Join type: 1 (DEVICE) 
Tenant ID: "
"28-07-2026 10:27:30","360","Warning","Microsoft-Windows-User Device Registration","Windows Hello for Business provisioning will not be launched. 
Device is Microsoft Entra joined (or hybrid joined): Yes 
User has logged on with Microsoft Entra credentials: No 
Windows Hello for Business policy is enabled: No 
Windows Hello for Business post-logon provisioning is enabled: Yes 
Local computer meets Windows hello for business hardware requirements: Yes 
User is not connected to the machine via Remote Desktop: Yes 
User certificate for on premise auth policy is enabled: No 
Machine is governed by none policy. 
Cloud trust for on premise auth policy is enabled: No 
User account has Cloud to OnPrem TGT: Not Tested 
See https://go.microsoft.com/fwlink/?linkid=832647 for more details."
"27-07-2026 16:53:29","256","Information","Microsoft-Windows-User Device Registration","The update task for this device was successfully triggered. 
Join type: 1 (DEVICE) 
Tenant ID: "
"27-07-2026 11:49:41","358","Information","Microsoft-Windows-User Device Registration","Windows Hello for Business provisioning will be launched. 
Device is Microsoft Entra joined (or hybrid joined): Yes 
User has logged on with Microsoft Entra credentials: Yes 
Windows Hello for Business policy is enabled: Yes 
Windows Hello for Business post-logon provisioning is enabled: Yes 
Local computer meets Windows hello for business hardware requirements: Yes 
User is not connected to the machine via Remote Desktop: Yes 
User certificate for on premise auth policy is enabled: No 
Machine is governed by none policy. 
Cloud trust for on premise auth policy is enabled: No 
User account has Cloud to OnPrem TGT: Not Tested 
See https://go.microsoft.com/fwlink/?linkid=832647 for more details."
"27-07-2026 11:49:34","256","Information","Microsoft-Windows-User Device Registration","The update task for this device was successfully triggered. 
Join type: 1 (DEVICE) 
Tenant ID: "
"27-07-2026 11:49:18","369","Information","Microsoft-Windows-User Device Registration","The Workstation Service logged a device registration message. 
Message: AutoJoinSvc/WJComputeCloudDomainJoinRecoveryTaskState: AAD CloudAP plugin registry value (""HKEY_LOCAL_MACHINE\Software\Microsoft\IdentityStore\LoadParameters\{B16898C6-A148-4967-9171-64D755DA8520}@RunRecovery""): 0x00000000.
 "
"27-07-2026 11:49:18","369","Information","Microsoft-Windows-User Device Registration","The Workstation Service logged a device registration message. 
Message: AutoJoinSvc/WJSetScheduledTaskState: Running task ""\Microsoft\Windows\Workplace Join\Device-Sync"". "
"27-07-2026 09:47:35","360","Warning","Microsoft-Windows-User Device Registration","Windows Hello for Business provisioning will not be launched. 
Device is Microsoft Entra joined (or hybrid joined): Yes 
User has logged on with Microsoft Entra credentials: No 
Windows Hello for Business policy is enabled: No 
Windows Hello for Business post-logon provisioning is enabled: Yes 
Local computer meets Windows hello for business hardware requirements: Yes 
User is not connected to the machine via Remote Desktop: Yes 
User certificate for on premise auth policy is enabled: No 
Machine is governed by none policy. 
Cloud trust for on premise auth policy is enabled: No 
User account has Cloud to OnPrem TGT: Not Tested 
See https://go.microsoft.com/fwlink/?linkid=832647 for more details."
"27-07-2026 09:44:36","358","Information","Microsoft-Windows-User Device Registration","Windows Hello for Business provisioning will be launched. 
Device is Microsoft Entra joined (or hybrid joined): Yes 
User has logged on with Microsoft Entra credentials: Yes 
Windows Hello for Business policy is enabled: Yes 
Windows Hello for Business post-logon provisioning is enabled: Yes 
Local computer meets Windows hello for business hardware requirements: Yes 
User is not connected to the machine via Remote Desktop: Yes 
User certificate for on premise auth policy is enabled: No 
Machine is governed by none policy. 
Cloud trust for on premise auth policy is enabled: No 
User account has Cloud to OnPrem TGT: Not Tested 
See https://go.microsoft.com/fwlink/?linkid=832647 for more details."
"27-07-2026 09:37:23","256","Information","Microsoft-Windows-User Device Registration","The update task for this device was successfully triggered. 
Join type: 1 (DEVICE) 
Tenant ID: "
"27-07-2026 09:37:10","369","Information","Microsoft-Windows-User Device Registration","The Workstation Service logged a device registration message. 
Message: AutoJoinSvc/WJComputeCloudDomainJoinRecoveryTaskState: AAD CloudAP plugin registry value (""HKEY_LOCAL_MACHINE\Software\Microsoft\IdentityStore\LoadParameters\{B16898C6-A148-4967-9171-64D755DA8520}@RunRecovery""): 0x00000000.
 "
"27-07-2026 09:37:10","369","Information","Microsoft-Windows-User Device Registration","The Workstation Service logged a device registration message. 
Message: AutoJoinSvc/WJSetScheduledTaskState: Running task ""\Microsoft\Windows\Workplace Join\Device-Sync"". "
"27-07-2026 09:34:46","256","Information","Microsoft-Windows-User Device Registration","The update task for this device was successfully triggered. 
Join type: 1 (DEVICE) 
Tenant ID: "
"27-07-2026 09:34:38","369","Information","Microsoft-Windows-User Device Registration","The Workstation Service logged a device registration message. 
Message: AutoJoinSvc/WJSetScheduledTaskState: Running task ""\Microsoft\Windows\Workplace Join\Device-Sync"". "
"27-07-2026 09:34:37","369","Information","Microsoft-Windows-User Device Registration","The Workstation Service logged a device registration message. 
Message: AutoJoinSvc/WJComputeCloudDomainJoinRecoveryTaskState: AAD CloudAP plugin registry value (""HKEY_LOCAL_MACHINE\Software\Microsoft\IdentityStore\LoadParameters\{B16898C6-A148-4967-9171-64D755DA8520}@RunRecovery""): 0x00000000.
 "
"27-07-2026 09:34:37","369","Information","Microsoft-Windows-User Device Registration","The Workstation Service logged a device registration message. 
Message: AutoJoinSvc/WJSetScheduledTaskState: IRegisteredTask_Run(""\Microsoft\Windows\Workplace Join\Device-Sync"") failed with code 0x80070490. "
"27-07-2026 09:34:37","369","Information","Microsoft-Windows-User Device Registration","The Workstation Service logged a device registration message. 
Message: AutoJoinSvc/WJSetScheduledTaskState: Running task ""\Microsoft\Windows\Workplace Join\Device-Sync"". "
"24-07-2026 17:10:23","360","Warning","Microsoft-Windows-User Device Registration","Windows Hello for Business provisioning will not be launched. 
Device is Microsoft Entra joined (or hybrid joined): Yes 
User has logged on with Microsoft Entra credentials: No 
Windows Hello for Business policy is enabled: No 
Windows Hello for Business post-logon provisioning is enabled: Yes 
Local computer meets Windows hello for business hardware requirements: Yes 
User is not connected to the machine via Remote Desktop: Yes 
User certificate for on premise auth policy is enabled: No 
Machine is governed by none policy. 
Cloud trust for on premise auth policy is enabled: No 
User account has Cloud to OnPrem TGT: Not Tested 
See https://go.microsoft.com/fwlink/?linkid=832647 for more details."
"24-07-2026 15:12:12","212","Information","Microsoft-Windows-User Device Registration","Error happened while accessing registry: Access is denied.. Operation: RegOpenKeyExW. Path: HKEY_CURRENT_USER\SOFTWARE\Microsoft\Windows NT\CurrentVersion\WorkplaceJoin\AADNGC."
"24-07-2026 14:58:29","256","Information","Microsoft-Windows-User Device Registration","The update task for this device was successfully triggered. 
Join type: 1 (DEVICE) 
Tenant ID: "
"24-07-2026 14:58:09","212","Information","Microsoft-Windows-User Device Registration","Error happened while accessing registry: Access is denied.. Operation: RegOpenKeyExW. Path: HKEY_CURRENT_USER\SOFTWARE\Microsoft\Windows NT\CurrentVersion\WorkplaceJoin\AADNGC."
"24-07-2026 13:03:03","212","Information","Microsoft-Windows-User Device Registration","Error happened while accessing registry: Access is denied.. Operation: RegOpenKeyExW. Path: HKEY_CURRENT_USER\SOFTWARE\Microsoft\Windows NT\CurrentVersion\WorkplaceJoin\AADNGC."
"24-07-2026 13:02:21","212","Information","Microsoft-Windows-User Device Registration","Error happened while accessing registry: Access is denied.. Operation: RegOpenKeyExW. Path: HKEY_CURRENT_USER\SOFTWARE\Microsoft\Windows NT\CurrentVersion\WorkplaceJoin\AADNGC."
"24-07-2026 09:58:27","256","Information","Microsoft-Windows-User Device Registration","The update task for this device was successfully triggered. 
Join type: 1 (DEVICE) 
Tenant ID: "
"23-07-2026 19:01:17","360","Warning","Microsoft-Windows-User Device Registration","Windows Hello for Business provisioning will not be launched. 
Device is Microsoft Entra joined (or hybrid joined): Yes 
User has logged on with Microsoft Entra credentials: No 
Windows Hello for Business policy is enabled: No 
Windows Hello for Business post-logon provisioning is enabled: Yes 
Local computer meets Windows hello for business hardware requirements: Yes 
User is not connected to the machine via Remote Desktop: Yes 
User certificate for on premise auth policy is enabled: No 
Machine is governed by none policy. 
Cloud trust for on premise auth policy is enabled: No 
User account has Cloud to OnPrem TGT: Not Tested 
See https://go.microsoft.com/fwlink/?linkid=832647 for more details."
"23-07-2026 10:51:05","256","Information","Microsoft-Windows-User Device Registration","The update task for this device was successfully triggered. 
Join type: 1 (DEVICE) 
Tenant ID: "
"22-07-2026 16:16:38","360","Warning","Microsoft-Windows-User Device Registration","Windows Hello for Business provisioning will not be launched. 
Device is Microsoft Entra joined (or hybrid joined): Yes 
User has logged on with Microsoft Entra credentials: No 
Windows Hello for Business policy is enabled: No 
Windows Hello for Business post-logon provisioning is enabled: Yes 
Local computer meets Windows hello for business hardware requirements: Yes 
User is not connected to the machine via Remote Desktop: Yes 
User certificate for on premise auth policy is enabled: No 
Machine is governed by none policy. 
Cloud trust for on premise auth policy is enabled: No 
User account has Cloud to OnPrem TGT: Not Tested 
See https://go.microsoft.com/fwlink/?linkid=832647 for more details."
"22-07-2026 15:05:16","256","Information","Microsoft-Windows-User Device Registration","The update task for this device was successfully triggered. 
Join type: 1 (DEVICE) 
Tenant ID: "
"22-07-2026 10:27:42","212","Information","Microsoft-Windows-User Device Registration","Error happened while accessing registry: Access is denied.. Operation: RegOpenKeyExW. Path: HKEY_CURRENT_USER\SOFTWARE\Microsoft\Windows NT\CurrentVersion\WorkplaceJoin\AADNGC."
"22-07-2026 10:24:43","212","Information","Microsoft-Windows-User Device Registration","Error happened while accessing registry: Access is denied.. Operation: RegOpenKeyExW. Path: HKEY_CURRENT_USER\SOFTWARE\Microsoft\Windows NT\CurrentVersion\WorkplaceJoin\AADNGC."
"22-07-2026 10:05:14","256","Information","Microsoft-Windows-User Device Registration","The update task for this device was successfully triggered. 
Join type: 1 (DEVICE) 
Tenant ID: "
"21-07-2026 13:58:33","256","Information","Microsoft-Windows-User Device Registration","The update task for this device was successfully triggered. 
Join type: 1 (DEVICE) 
Tenant ID: "
"21-07-2026 08:55:08","360","Warning","Microsoft-Windows-User Device Registration","Windows Hello for Business provisioning will not be launched. 
Device is Microsoft Entra joined (or hybrid joined): Yes 
User has logged on with Microsoft Entra credentials: No 
Windows Hello for Business policy is enabled: No 
Windows Hello for Business post-logon provisioning is enabled: Yes 
Local computer meets Windows hello for business hardware requirements: Yes 
User is not connected to the machine via Remote Desktop: Yes 
User certificate for on premise auth policy is enabled: No 
Machine is governed by none policy. 
Cloud trust for on premise auth policy is enabled: No 
User account has Cloud to OnPrem TGT: Not Tested 
See https://go.microsoft.com/fwlink/?linkid=832647 for more details."
"21-07-2026 08:45:00","358","Information","Microsoft-Windows-User Device Registration","Windows Hello for Business provisioning will be launched. 
Device is Microsoft Entra joined (or hybrid joined): Yes 
User has logged on with Microsoft Entra credentials: Yes 
Windows Hello for Business policy is enabled: Yes 
Windows Hello for Business post-logon provisioning is enabled: Yes 
Local computer meets Windows hello for business hardware requirements: Yes 
User is not connected to the machine via Remote Desktop: Yes 
User certificate for on premise auth policy is enabled: No 
Machine is governed by none policy. 
Cloud trust for on premise auth policy is enabled: No 
User account has Cloud to OnPrem TGT: Not Tested 
See https://go.microsoft.com/fwlink/?linkid=832647 for more details."
"21-07-2026 08:44:33","256","Information","Microsoft-Windows-User Device Registration","The update task for this device was successfully triggered. 
Join type: 1 (DEVICE) 
Tenant ID: "
"21-07-2026 08:44:19","369","Information","Microsoft-Windows-User Device Registration","The Workstation Service logged a device registration message. 
Message: AutoJoinSvc/WJComputeCloudDomainJoinRecoveryTaskState: AAD CloudAP plugin registry value (""HKEY_LOCAL_MACHINE\Software\Microsoft\IdentityStore\LoadParameters\{B16898C6-A148-4967-9171-64D755DA8520}@RunRecovery""): 0x00000000.
 "
"21-07-2026 08:44:19","369","Information","Microsoft-Windows-User Device Registration","The Workstation Service logged a device registration message. 
Message: AutoJoinSvc/WJSetScheduledTaskState: Running task ""\Microsoft\Windows\Workplace Join\Device-Sync"". "
"20-07-2026 16:39:22","256","Information","Microsoft-Windows-User Device Registration","The update task for this device was successfully triggered. 
Join type: 1 (DEVICE) 
Tenant ID: "
"20-07-2026 14:48:54","358","Information","Microsoft-Windows-User Device Registration","Windows Hello for Business provisioning will be launched. 
Device is Microsoft Entra joined (or hybrid joined): Yes 
User has logged on with Microsoft Entra credentials: Yes 
Windows Hello for Business policy is enabled: Yes 
Windows Hello for Business post-logon provisioning is enabled: Yes 
Local computer meets Windows hello for business hardware requirements: Yes 
User is not connected to the machine via Remote Desktop: Yes 
User certificate for on premise auth policy is enabled: No 
Machine is governed by none policy. 
Cloud trust for on premise auth policy is enabled: No 
User account has Cloud to OnPrem TGT: Not Tested 
See https://go.microsoft.com/fwlink/?linkid=832647 for more details."
"20-07-2026 13:20:48","360","Warning","Microsoft-Windows-User Device Registration","Windows Hello for Business provisioning will not be launched. 
Device is Microsoft Entra joined (or hybrid joined): Yes 
User has logged on with Microsoft Entra credentials: No 
Windows Hello for Business policy is enabled: No 
Windows Hello for Business post-logon provisioning is enabled: Yes 
Local computer meets Windows hello for business hardware requirements: Yes 
User is not connected to the machine via Remote Desktop: Yes 
User certificate for on premise auth policy is enabled: No 
Machine is governed by none policy. 
Cloud trust for on premise auth policy is enabled: No 
User account has Cloud to OnPrem TGT: Not Tested 
See https://go.microsoft.com/fwlink/?linkid=832647 for more details."
"20-07-2026 11:39:22","256","Information","Microsoft-Windows-User Device Registration","The update task for this device was successfully triggered. 
Join type: 1 (DEVICE) 
Tenant ID: "
"15-07-2026 14:42:32","256","Information","Microsoft-Windows-User Device Registration","The update task for this device was successfully triggered. 
Join type: 1 (DEVICE) 
Tenant ID: "
"15-07-2026 13:23:25","360","Warning","Microsoft-Windows-User Device Registration","Windows Hello for Business provisioning will not be launched. 
Device is Microsoft Entra joined (or hybrid joined): Yes 
User has logged on with Microsoft Entra credentials: No 
Windows Hello for Business policy is enabled: No 
Windows Hello for Business post-logon provisioning is enabled: Yes 
Local computer meets Windows hello for business hardware requirements: Yes 
User is not connected to the machine via Remote Desktop: Yes 
User certificate for on premise auth policy is enabled: No 
Machine is governed by none policy. 
Cloud trust for on premise auth policy is enabled: No 
User account has Cloud to OnPrem TGT: Not Tested 
See https://go.microsoft.com/fwlink/?linkid=832647 for more details."
"15-07-2026 09:42:30","256","Information","Microsoft-Windows-User Device Registration","The update task for this device was successfully triggered. 
Join type: 1 (DEVICE) 
Tenant ID: "
"14-07-2026 15:53:52","256","Information","Microsoft-Windows-User Device Registration","The update task for this device was successfully triggered. 
Join type: 1 (DEVICE) 
Tenant ID: "
"14-07-2026 12:08:04","360","Warning","Microsoft-Windows-User Device Registration","Windows Hello for Business provisioning will not be launched. 
Device is Microsoft Entra joined (or hybrid joined): Yes 
User has logged on with Microsoft Entra credentials: No 
Windows Hello for Business policy is enabled: No 
Windows Hello for Business post-logon provisioning is enabled: Yes 
Local computer meets Windows hello for business hardware requirements: Yes 
User is not connected to the machine via Remote Desktop: Yes 
User certificate for on premise auth policy is enabled: No 
Machine is governed by none policy. 
Cloud trust for on premise auth policy is enabled: No 
User account has Cloud to OnPrem TGT: Not Tested 
See https://go.microsoft.com/fwlink/?linkid=832647 for more details."
"14-07-2026 10:53:50","256","Information","Microsoft-Windows-User Device Registration","The update task for this device was successfully triggered. 
Join type: 1 (DEVICE) 
Tenant ID: "
"13-07-2026 16:47:21","256","Information","Microsoft-Windows-User Device Registration","The update task for this device was successfully triggered. 
Join type: 1 (DEVICE) 
Tenant ID: "
"13-07-2026 14:59:30","360","Warning","Microsoft-Windows-User Device Registration","Windows Hello for Business provisioning will not be launched. 
Device is Microsoft Entra joined (or hybrid joined): Yes 
User has logged on with Microsoft Entra credentials: No 
Windows Hello for Business policy is enabled: No 
Windows Hello for Business post-logon provisioning is enabled: Yes 
Local computer meets Windows hello for business hardware requirements: Yes 
User is not connected to the machine via Remote Desktop: Yes 
User certificate for on premise auth policy is enabled: No 
Machine is governed by none policy. 
Cloud trust for on premise auth policy is enabled: No 
User account has Cloud to OnPrem TGT: Not Tested 
See https://go.microsoft.com/fwlink/?linkid=832647 for more details."
"13-07-2026 11:47:18","256","Information","Microsoft-Windows-User Device Registration","The update task for this device was successfully triggered. 
Join type: 1 (DEVICE) 
Tenant ID: "
"12-07-2026 18:43:16","360","Warning","Microsoft-Windows-User Device Registration","Windows Hello for Business provisioning will not be launched. 
Device is Microsoft Entra joined (or hybrid joined): Yes 
User has logged on with Microsoft Entra credentials: No 
Windows Hello for Business policy is enabled: No 
Windows Hello for Business post-logon provisioning is enabled: Yes 
Local computer meets Windows hello for business hardware requirements: Yes 
User is not connected to the machine via Remote Desktop: Yes 
User certificate for on premise auth policy is enabled: No 
Machine is governed by none policy. 
Cloud trust for on premise auth policy is enabled: No 
User account has Cloud to OnPrem TGT: Not Tested 
See https://go.microsoft.com/fwlink/?linkid=832647 for more details."
"12-07-2026 18:32:35","358","Information","Microsoft-Windows-User Device Registration","Windows Hello for Business provisioning will be launched. 
Device is Microsoft Entra joined (or hybrid joined): Yes 
User has logged on with Microsoft Entra credentials: Yes 
Windows Hello for Business policy is enabled: Yes 
Windows Hello for Business post-logon provisioning is enabled: Yes 
Local computer meets Windows hello for business hardware requirements: Yes 
User is not connected to the machine via Remote Desktop: Yes 
User certificate for on premise auth policy is enabled: No 
Machine is governed by none policy. 
Cloud trust for on premise auth policy is enabled: No 
User account has Cloud to OnPrem TGT: Not Tested 
See https://go.microsoft.com/fwlink/?linkid=832647 for more details."
"12-07-2026 18:32:09","256","Information","Microsoft-Windows-User Device Registration","The update task for this device was successfully triggered. 
Join type: 1 (DEVICE) 
Tenant ID: "
"12-07-2026 18:31:57","369","Information","Microsoft-Windows-User Device Registration","The Workstation Service logged a device registration message. 
Message: AutoJoinSvc/WJComputeCloudDomainJoinRecoveryTaskState: AAD CloudAP plugin registry value (""HKEY_LOCAL_MACHINE\Software\Microsoft\IdentityStore\LoadParameters\{B16898C6-A148-4967-9171-64D755DA8520}@RunRecovery""): 0x00000000.
 "
"12-07-2026 18:31:57","369","Information","Microsoft-Windows-User Device Registration","The Workstation Service logged a device registration message. 
Message: AutoJoinSvc/WJSetScheduledTaskState: Running task ""\Microsoft\Windows\Workplace Join\Device-Sync"". "
"11-07-2026 17:56:42","256","Information","Microsoft-Windows-User Device Registration","The update task for this device was successfully triggered. 
Join type: 1 (DEVICE) 
Tenant ID: "
"11-07-2026 11:32:39","360","Warning","Microsoft-Windows-User Device Registration","Windows Hello for Business provisioning will not be launched. 
Device is Microsoft Entra joined (or hybrid joined): Yes 
User has logged on with Microsoft Entra credentials: No 
Windows Hello for Business policy is enabled: No 
Windows Hello for Business post-logon provisioning is enabled: Yes 
Local computer meets Windows hello for business hardware requirements: Yes 
User is not connected to the machine via Remote Desktop: Yes 
User certificate for on premise auth policy is enabled: No 
Machine is governed by none policy. 
Cloud trust for on premise auth policy is enabled: No 
User account has Cloud to OnPrem TGT: Not Tested 
See https://go.microsoft.com/fwlink/?linkid=832647 for more details."
"11-07-2026 11:16:25","256","Information","Microsoft-Windows-User Device Registration","The update task for this device was successfully triggered. 
Join type: 1 (DEVICE) 
Tenant ID: "
"10-07-2026 14:13:52","256","Information","Microsoft-Windows-User Device Registration","The update task for this device was successfully triggered. 
Join type: 1 (DEVICE) 
Tenant ID: "
"10-07-2026 11:29:42","360","Warning","Microsoft-Windows-User Device Registration","Windows Hello for Business provisioning will not be launched. 
Device is Microsoft Entra joined (or hybrid joined): Yes 
User has logged on with Microsoft Entra credentials: No 
Windows Hello for Business policy is enabled: No 
Windows Hello for Business post-logon provisioning is enabled: Yes 
Local computer meets Windows hello for business hardware requirements: Yes 
User is not connected to the machine via Remote Desktop: Yes 
User certificate for on premise auth policy is enabled: No 
Machine is governed by none policy. 
Cloud trust for on premise auth policy is enabled: No 
User account has Cloud to OnPrem TGT: Not Tested 
See https://go.microsoft.com/fwlink/?linkid=832647 for more details."
"09-07-2026 19:58:38","256","Information","Microsoft-Windows-User Device Registration","The update task for this device was successfully triggered. 
Join type: 1 (DEVICE) 
Tenant ID: "
"09-07-2026 14:58:36","256","Information","Microsoft-Windows-User Device Registration","The update task for this device was successfully triggered. 
Join type: 1 (DEVICE) 
Tenant ID: "
"09-07-2026 14:13:54","360","Warning","Microsoft-Windows-User Device Registration","Windows Hello for Business provisioning will not be launched. 
Device is Microsoft Entra joined (or hybrid joined): Yes 
User has logged on with Microsoft Entra credentials: No 
Windows Hello for Business policy is enabled: No 
Windows Hello for Business post-logon provisioning is enabled: Yes 
Local computer meets Windows hello for business hardware requirements: Yes 
User is not connected to the machine via Remote Desktop: Yes 
User certificate for on premise auth policy is enabled: No 
Machine is governed by none policy. 
Cloud trust for on premise auth policy is enabled: No 
User account has Cloud to OnPrem TGT: Not Tested 
See https://go.microsoft.com/fwlink/?linkid=832647 for more details."
"09-07-2026 09:47:28","256","Information","Microsoft-Windows-User Device Registration","The update task for this device was successfully triggered. 
Join type: 1 (DEVICE) 
Tenant ID: "
"08-07-2026 16:26:01","360","Warning","Microsoft-Windows-User Device Registration","Windows Hello for Business provisioning will not be launched. 
Device is Microsoft Entra joined (or hybrid joined): Yes 
User has logged on with Microsoft Entra credentials: No 
Windows Hello for Business policy is enabled: No 
Windows Hello for Business post-logon provisioning is enabled: Yes 
Local computer meets Windows hello for business hardware requirements: Yes 
User is not connected to the machine via Remote Desktop: Yes 
User certificate for on premise auth policy is enabled: No 
Machine is governed by none policy. 
Cloud trust for on premise auth policy is enabled: No 
User account has Cloud to OnPrem TGT: Not Tested 
See https://go.microsoft.com/fwlink/?linkid=832647 for more details."
"08-07-2026 15:11:32","256","Information","Microsoft-Windows-User Device Registration","The update task for this device was successfully triggered. 
Join type: 1 (DEVICE) 
Tenant ID: "
"08-07-2026 08:29:19","256","Information","Microsoft-Windows-User Device Registration","The update task for this device was successfully triggered. 
Join type: 1 (DEVICE) 
Tenant ID: "
"08-07-2026 08:28:18","256","Information","Microsoft-Windows-User Device Registration","The update task for this device was successfully triggered. 
Join type: 1 (DEVICE) 
Tenant ID: "
"07-07-2026 14:47:09","256","Information","Microsoft-Windows-User Device Registration","The update task for this device was successfully triggered. 
Join type: 1 (DEVICE) 
Tenant ID: "
"07-07-2026 09:38:06","360","Warning","Microsoft-Windows-User Device Registration","Windows Hello for Business provisioning will not be launched. 
Device is Microsoft Entra joined (or hybrid joined): Yes 
User has logged on with Microsoft Entra credentials: No 
Windows Hello for Business policy is enabled: No 
Windows Hello for Business post-logon provisioning is enabled: Yes 
Local computer meets Windows hello for business hardware requirements: Yes 
User is not connected to the machine via Remote Desktop: Yes 
User certificate for on premise auth policy is enabled: No 
Machine is governed by none policy. 
Cloud trust for on premise auth policy is enabled: No 
User account has Cloud to OnPrem TGT: Not Tested 
See https://go.microsoft.com/fwlink/?linkid=832647 for more details."
"07-07-2026 09:28:42","358","Information","Microsoft-Windows-User Device Registration","Windows Hello for Business provisioning will be launched. 
Device is Microsoft Entra joined (or hybrid joined): Yes 
User has logged on with Microsoft Entra credentials: Yes 
Windows Hello for Business policy is enabled: Yes 
Windows Hello for Business post-logon provisioning is enabled: Yes 
Local computer meets Windows hello for business hardware requirements: Yes 
User is not connected to the machine via Remote Desktop: Yes 
User certificate for on premise auth policy is enabled: No 
Machine is governed by none policy. 
Cloud trust for on premise auth policy is enabled: No 
User account has Cloud to OnPrem TGT: Not Tested 
See https://go.microsoft.com/fwlink/?linkid=832647 for more details."
"07-07-2026 09:28:39","256","Information","Microsoft-Windows-User Device Registration","The update task for this device was successfully triggered. 
Join type: 1 (DEVICE) 
Tenant ID: "
"07-07-2026 09:28:21","369","Information","Microsoft-Windows-User Device Registration","The Workstation Service logged a device registration message. 
Message: AutoJoinSvc/WJComputeCloudDomainJoinRecoveryTaskState: AAD CloudAP plugin registry value (""HKEY_LOCAL_MACHINE\Software\Microsoft\IdentityStore\LoadParameters\{B16898C6-A148-4967-9171-64D755DA8520}@RunRecovery""): 0x00000000.
 "
"07-07-2026 09:28:21","369","Information","Microsoft-Windows-User Device Registration","The Workstation Service logged a device registration message. 
Message: AutoJoinSvc/WJSetScheduledTaskState: Running task ""\Microsoft\Windows\Workplace Join\Device-Sync"". "
"07-07-2026 09:11:22","256","Information","Microsoft-Windows-User Device Registration","The update task for this device was successfully triggered. 
Join type: 1 (DEVICE) 
Tenant ID: "
"06-07-2026 17:17:21","360","Warning","Microsoft-Windows-User Device Registration","Windows Hello for Business provisioning will not be launched. 
Device is Microsoft Entra joined (or hybrid joined): Yes 
User has logged on with Microsoft Entra credentials: No 
Windows Hello for Business policy is enabled: No 
Windows Hello for Business post-logon provisioning is enabled: Yes 
Local computer meets Windows hello for business hardware requirements: Yes 
User is not connected to the machine via Remote Desktop: Yes 
User certificate for on premise auth policy is enabled: No 
Machine is governed by none policy. 
Cloud trust for on premise auth policy is enabled: No 
User account has Cloud to OnPrem TGT: Not Tested 
See https://go.microsoft.com/fwlink/?linkid=832647 for more details."
"06-07-2026 14:04:05","256","Information","Microsoft-Windows-User Device Registration","The update task for this device was successfully triggered. 
Join type: 1 (DEVICE) 
Tenant ID: "
