"19-08-2026 13:11:10","119","Information","Microsoft-Windows-DeviceManagement-Pushrouter","MDM PushRouter Service: PushRouter was submitted a message from the same service PushRouter is running in. Message submission succeeded. Sender Address: (NULL), Content Type: (application/vnd.syncml.notification), App Id: (NULL), Result: (The operation completed successfully.)."
"19-08-2026 13:11:10","123","Information","Microsoft-Windows-DeviceManagement-Pushrouter","MDM PushRouter Service: PushRouter was created successfully. Result: (The operation completed successfully.)."
"19-08-2026 13:11:10","134","Information","Microsoft-Windows-DeviceManagement-Pushrouter","MDM PushRouter Service: PushRouter was instantiated."
"19-08-2026 13:11:10","144","Information","Microsoft-Windows-DeviceManagement-Pushrouter","MDM Message Persistence: Successfully processed persisted messages. Result: (The operation completed successfully.)."
"19-08-2026 13:11:10","141","Information","Microsoft-Windows-DeviceManagement-Pushrouter","MDM Message Persistence: No persisted message found.Location: (C:\Windows\system32\config\systemprofile\AppData\Local\PushRouter\1.queue)."
"19-08-2026 13:11:10","135","Information","Microsoft-Windows-DeviceManagement-Pushrouter","MDM Message Persistence: Persisted message found. Location: (C:\Windows\system32\config\systemprofile\AppData\Local\PushRouter\1.queue)."
"19-08-2026 13:11:10","118","Information","Microsoft-Windows-DeviceManagement-Pushrouter","MDM PushRouter Service: PushRouter was submitted a message from the same service PushRouter is running in. Message origin: (0x3)."
"19-08-2026 13:11:10","514","Information","Microsoft-Windows-DeviceManagement-Pushrouter","DmWapPushService: Service status updated. Current state: (0x4), Exit code: (0x0), Wait hint: (0x0)."
"19-08-2026 13:11:10","525","Information","Microsoft-Windows-DeviceManagement-Pushrouter","DmWapPushService: Stop Service handler registered. Status: (0x0), Result: (The operation completed successfully.)."
"19-08-2026 13:11:10","518","Information","Microsoft-Windows-DeviceManagement-Pushrouter","DmWapPushService: Successfully registered service's RPC interface. Result: (The operation completed successfully.)."
"19-08-2026 13:11:10","104","Information","Microsoft-Windows-DeviceManagement-Pushrouter","MDM PushRouter Service: Successfully activated RPC Server Interface group. Result: (The operation completed successfully.)."
"19-08-2026 13:11:10","111","Information","Microsoft-Windows-DeviceManagement-Pushrouter","MDM PushRouter Service: Number of PushRouter clients remaining: (0x1). Operation: (Incremented active client count successfully)."
"19-08-2026 13:11:10","101","Information","Microsoft-Windows-DeviceManagement-Pushrouter","MDM PushRouter Service: Successfully created RPC Server Interface group. Result: (The operation completed successfully.)."
"19-08-2026 13:11:10","516","Information","Microsoft-Windows-DeviceManagement-Pushrouter","DmWapPushService: Successfully initialized service. Result: (The operation completed successfully.)."
"19-08-2026 13:11:10","507","Information","Microsoft-Windows-DeviceManagement-Pushrouter","DmWapPushService: Successfully registered WNF with EventAggregator for WAP messages received by SMS Router. Result: (0x0)."
"19-08-2026 13:11:10","144","Information","Microsoft-Windows-DeviceManagement-Pushrouter","MDM Message Persistence: Successfully processed persisted messages. Result: (The operation completed successfully.)."
"19-08-2026 13:11:10","141","Information","Microsoft-Windows-DeviceManagement-Pushrouter","MDM Message Persistence: No persisted message found.Location: (C:\Windows\system32\config\systemprofile\AppData\Local\PushRouter\1.queue)."
"19-08-2026 13:11:10","135","Information","Microsoft-Windows-DeviceManagement-Pushrouter","MDM Message Persistence: Persisted message found. Location: (C:\Windows\system32\config\systemprofile\AppData\Local\PushRouter\1.queue)."
"19-08-2026 13:11:10","511","Information","Microsoft-Windows-DeviceManagement-Pushrouter","DmWapPushService: Setting the timer to check if all RPC clients are handled to fire after (0x78) seconds."
"19-08-2026 13:11:10","111","Information","Microsoft-Windows-DeviceManagement-Pushrouter","MDM PushRouter Service: Number of PushRouter clients remaining: (0x0). Operation: (Incremented active client count)."
"19-08-2026 13:11:10","512","Information","Microsoft-Windows-DeviceManagement-Pushrouter","DmWapPushService: Idle timeout of DmWapPushService is currently set to (0x78) seconds."
"19-08-2026 13:11:10","514","Information","Microsoft-Windows-DeviceManagement-Pushrouter","DmWapPushService: Service status updated. Current state: (0x2), Exit code: (0x0), Wait hint: (0x64)."
"19-08-2026 13:11:10","524","Information","Microsoft-Windows-DeviceManagement-Pushrouter","DmWapPushService: DmWapPushService is being initialized."
"19-08-2026 13:11:10","800","Information","Microsoft-Windows-DeviceManagement-Enterprise-Diagnostics-Provider","MDM PolicyManager: Dedicated notification (WNF): (0xA3809065, 0x41C64E6D) published for Policy: (Power/Policy/Settings/Processor/SchemePersonality/ded574b5-45a0-4f42-8737-46345c09c238/DefaultPowerSchemeValues/PerfLatencyHint1/DcValue)."
"19-08-2026 13:11:10","800","Information","Microsoft-Windows-DeviceManagement-Enterprise-Diagnostics-Provider","MDM PolicyManager: Dedicated notification (WNF): (0xA3808865, 0x41C64E6D) published for Policy: (Power/Policy/Settings/Processor/SchemePersonality/ded574b5-45a0-4f42-8737-46345c09c238/DefaultPowerSchemeValues/PerfLatencyHint1/AcValue)."
"19-08-2026 13:11:10","800","Information","Microsoft-Windows-DeviceManagement-Enterprise-Diagnostics-Provider","MDM PolicyManager: Dedicated notification (WNF): (0xA3808065, 0x41C64E6D) published for Policy: (Power/Policy/Settings/Processor/SchemePersonality/ded574b5-45a0-4f42-8737-46345c09c238/DefaultPowerSchemeValues/PerfLatencyHint/DcValue)."
"19-08-2026 13:11:10","800","Information","Microsoft-Windows-DeviceManagement-Enterprise-Diagnostics-Provider","MDM PolicyManager: Dedicated notification (WNF): (0xA3807865, 0x41C64E6D) published for Policy: (Power/Policy/Settings/Processor/SchemePersonality/ded574b5-45a0-4f42-8737-46345c09c238/DefaultPowerSchemeValues/PerfLatencyHint/AcValue)."
"19-08-2026 13:11:10","800","Information","Microsoft-Windows-DeviceManagement-Enterprise-Diagnostics-Provider","MDM PolicyManager: Dedicated notification (WNF): (0xA3889865, 0x41C64E6D) published for Policy: (Power/Policy/Settings/Processor/SchemePersonality/ded574b5-45a0-4f42-8737-46345c09c238/DefaultPowerSchemeValues/PerfIncreaseThreshold/DcValue)."
"19-08-2026 13:11:10","800","Information","Microsoft-Windows-DeviceManagement-Enterprise-Diagnostics-Provider","MDM PolicyManager: Dedicated notification (WNF): (0xA388B065, 0x41C64E6D) published for Policy: (Power/Policy/Settings/Processor/SchemePersonality/ded574b5-45a0-4f42-8737-46345c09c238/DefaultPowerSchemeValues/PerfIncreaseThreshold/AcValue)."
"19-08-2026 13:11:10","800","Information","Microsoft-Windows-DeviceManagement-Enterprise-Diagnostics-Provider","MDM PolicyManager: Dedicated notification (WNF): (0xA3807065, 0x41C64E6D) published for Policy: (Power/Policy/Settings/Processor/SchemePersonality/ded574b5-45a0-4f42-8737-46345c09c238/DefaultPowerSchemeValues/PerfEnergyPreference1/DcValue)."
"19-08-2026 13:11:10","800","Information","Microsoft-Windows-DeviceManagement-Enterprise-Diagnostics-Provider","MDM PolicyManager: Dedicated notification (WNF): (0xA3806865, 0x41C64E6D) published for Policy: (Power/Policy/Settings/Processor/SchemePersonality/ded574b5-45a0-4f42-8737-46345c09c238/DefaultPowerSchemeValues/PerfEnergyPreference1/AcValue)."
"19-08-2026 13:11:10","800","Information","Microsoft-Windows-DeviceManagement-Enterprise-Diagnostics-Provider","MDM PolicyManager: Dedicated notification (WNF): (0xA3806065, 0x41C64E6D) published for Policy: (Power/Policy/Settings/Processor/SchemePersonality/ded574b5-45a0-4f42-8737-46345c09c238/DefaultPowerSchemeValues/PerfEnergyPreference/DcValue)."
"19-08-2026 13:11:10","800","Information","Microsoft-Windows-DeviceManagement-Enterprise-Diagnostics-Provider","MDM PolicyManager: Dedicated notification (WNF): (0xA3805865, 0x41C64E6D) published for Policy: (Power/Policy/Settings/Processor/SchemePersonality/ded574b5-45a0-4f42-8737-46345c09c238/DefaultPowerSchemeValues/PerfEnergyPreference/AcValue)."
"19-08-2026 13:11:10","800","Information","Microsoft-Windows-DeviceManagement-Enterprise-Diagnostics-Provider","MDM PolicyManager: Dedicated notification (WNF): (0xA3888865, 0x41C64E6D) published for Policy: (Power/Policy/Settings/Processor/SchemePersonality/ded574b5-45a0-4f42-8737-46345c09c238/DefaultPowerSchemeValues/PerfDecreaseThreshold/DcValue)."
"19-08-2026 13:11:10","800","Information","Microsoft-Windows-DeviceManagement-Enterprise-Diagnostics-Provider","MDM PolicyManager: Dedicated notification (WNF): (0xA388A065, 0x41C64E6D) published for Policy: (Power/Policy/Settings/Processor/SchemePersonality/ded574b5-45a0-4f42-8737-46345c09c238/DefaultPowerSchemeValues/PerfDecreaseThreshold/AcValue)."
"19-08-2026 13:11:10","800","Information","Microsoft-Windows-DeviceManagement-Enterprise-Diagnostics-Provider","MDM PolicyManager: Dedicated notification (WNF): (0xA3805065, 0x41C64E6D) published for Policy: (Power/Policy/Settings/Processor/SchemePersonality/ded574b5-45a0-4f42-8737-46345c09c238/DefaultPowerSchemeValues/HeteroIncreaseThreshold/DcValue)."
"19-08-2026 13:11:10","800","Information","Microsoft-Windows-DeviceManagement-Enterprise-Diagnostics-Provider","MDM PolicyManager: Dedicated notification (WNF): (0xA3804865, 0x41C64E6D) published for Policy: (Power/Policy/Settings/Processor/SchemePersonality/ded574b5-45a0-4f42-8737-46345c09c238/DefaultPowerSchemeValues/HeteroIncreaseThreshold/AcValue)."
"19-08-2026 13:11:10","800","Information","Microsoft-Windows-DeviceManagement-Enterprise-Diagnostics-Provider","MDM PolicyManager: Dedicated notification (WNF): (0xA3804065, 0x41C64E6D) published for Policy: (Power/Policy/Settings/Processor/SchemePersonality/ded574b5-45a0-4f42-8737-46345c09c238/DefaultPowerSchemeValues/HeteroDecreaseThreshold/DcValue)."
"19-08-2026 13:11:10","800","Information","Microsoft-Windows-DeviceManagement-Enterprise-Diagnostics-Provider","MDM PolicyManager: Dedicated notification (WNF): (0xA3803865, 0x41C64E6D) published for Policy: (Power/Policy/Settings/Processor/SchemePersonality/ded574b5-45a0-4f42-8737-46345c09c238/DefaultPowerSchemeValues/HeteroDecreaseThreshold/AcValue)."
"19-08-2026 13:11:10","800","Information","Microsoft-Windows-DeviceManagement-Enterprise-Diagnostics-Provider","MDM PolicyManager: Dedicated notification (WNF): (0xA3803065, 0x41C64E6D) published for Policy: (Power/Policy/Settings/Processor/SchemePersonality/ded574b5-45a0-4f42-8737-46345c09c238/DefaultPowerSchemeValues/HeteroClass1InitialPerf/DcValue)."
"19-08-2026 13:11:10","800","Information","Microsoft-Windows-DeviceManagement-Enterprise-Diagnostics-Provider","MDM PolicyManager: Dedicated notification (WNF): (0xA3802865, 0x41C64E6D) published for Policy: (Power/Policy/Settings/Processor/SchemePersonality/ded574b5-45a0-4f42-8737-46345c09c238/DefaultPowerSchemeValues/HeteroClass1InitialPerf/AcValue)."
"19-08-2026 13:11:10","800","Information","Microsoft-Windows-DeviceManagement-Enterprise-Diagnostics-Provider","MDM PolicyManager: Dedicated notification (WNF): (0xA3802065, 0x41C64E6D) published for Policy: (Power/Policy/Settings/Processor/SchemePersonality/ded574b5-45a0-4f42-8737-46345c09c238/DefaultPowerSchemeValues/CPMinCores/DcValue)."
"19-08-2026 13:11:10","800","Information","Microsoft-Windows-DeviceManagement-Enterprise-Diagnostics-Provider","MDM PolicyManager: Dedicated notification (WNF): (0xA3801865, 0x41C64E6D) published for Policy: (Power/Policy/Settings/Processor/SchemePersonality/ded574b5-45a0-4f42-8737-46345c09c238/DefaultPowerSchemeValues/CPMinCores/AcValue)."
"19-08-2026 13:11:10","800","Information","Microsoft-Windows-DeviceManagement-Enterprise-Diagnostics-Provider","MDM PolicyManager: Dedicated notification (WNF): (0xA3801065, 0x41C64E6D) published for Policy: (Power/Policy/Settings/Processor/SchemePersonality/ded574b5-45a0-4f42-8737-46345c09c238/DefaultPowerSchemeValues/CpLatencyHintUnpark1/DcValue)."
"19-08-2026 13:11:10","800","Information","Microsoft-Windows-DeviceManagement-Enterprise-Diagnostics-Provider","MDM PolicyManager: Dedicated notification (WNF): (0xA3800865, 0x41C64E6D) published for Policy: (Power/Policy/Settings/Processor/SchemePersonality/ded574b5-45a0-4f42-8737-46345c09c238/DefaultPowerSchemeValues/CpLatencyHintUnpark1/AcValue)."
"19-08-2026 13:11:10","800","Information","Microsoft-Windows-DeviceManagement-Enterprise-Diagnostics-Provider","MDM PolicyManager: Dedicated notification (WNF): (0xA3800065, 0x41C64E6D) published for Policy: (Power/Policy/Settings/Processor/SchemePersonality/ded574b5-45a0-4f42-8737-46345c09c238/DefaultPowerSchemeValues/CPIncreaseTime/DcValue)."
"19-08-2026 13:11:10","800","Information","Microsoft-Windows-DeviceManagement-Enterprise-Diagnostics-Provider","MDM PolicyManager: Dedicated notification (WNF): (0xA387F865, 0x41C64E6D) published for Policy: (Power/Policy/Settings/Processor/SchemePersonality/ded574b5-45a0-4f42-8737-46345c09c238/DefaultPowerSchemeValues/CPIncreaseTime/AcValue)."
"19-08-2026 13:11:10","800","Information","Microsoft-Windows-DeviceManagement-Enterprise-Diagnostics-Provider","MDM PolicyManager: Dedicated notification (WNF): (0xA387F065, 0x41C64E6D) published for Policy: (Power/Policy/Settings/Processor/SchemePersonality/ded574b5-45a0-4f42-8737-46345c09c238/DefaultPowerSchemeValues/CPHeadroom/DcValue)."
"19-08-2026 13:11:10","800","Information","Microsoft-Windows-DeviceManagement-Enterprise-Diagnostics-Provider","MDM PolicyManager: Dedicated notification (WNF): (0xA387E865, 0x41C64E6D) published for Policy: (Power/Policy/Settings/Processor/SchemePersonality/ded574b5-45a0-4f42-8737-46345c09c238/DefaultPowerSchemeValues/CPHeadroom/AcValue)."
"19-08-2026 13:11:10","800","Information","Microsoft-Windows-DeviceManagement-Enterprise-Diagnostics-Provider","MDM PolicyManager: Dedicated notification (WNF): (0xA387E065, 0x41C64E6D) published for Policy: (Power/Policy/Settings/Processor/SchemePersonality/ded574b5-45a0-4f42-8737-46345c09c238/DefaultPowerSchemeValues/CPDecreaseTime/DcValue)."
"19-08-2026 13:11:10","800","Information","Microsoft-Windows-DeviceManagement-Enterprise-Diagnostics-Provider","MDM PolicyManager: Dedicated notification (WNF): (0xA387D865, 0x41C64E6D) published for Policy: (Power/Policy/Settings/Processor/SchemePersonality/ded574b5-45a0-4f42-8737-46345c09c238/DefaultPowerSchemeValues/CPDecreaseTime/AcValue)."
"19-08-2026 13:11:10","800","Information","Microsoft-Windows-DeviceManagement-Enterprise-Diagnostics-Provider","MDM PolicyManager: Dedicated notification (WNF): (0xA387D065, 0x41C64E6D) published for Policy: (Power/Policy/Settings/Processor/SchemePersonality/ded574b5-45a0-4f42-8737-46345c09c238/DefaultPowerSchemeValues/CPConcurrency/DcValue)."
"19-08-2026 13:11:10","800","Information","Microsoft-Windows-DeviceManagement-Enterprise-Diagnostics-Provider","MDM PolicyManager: Dedicated notification (WNF): (0xA387C865, 0x41C64E6D) published for Policy: (Power/Policy/Settings/Processor/SchemePersonality/ded574b5-45a0-4f42-8737-46345c09c238/DefaultPowerSchemeValues/CPConcurrency/AcValue)."
"19-08-2026 13:11:10","800","Information","Microsoft-Windows-DeviceManagement-Enterprise-Diagnostics-Provider","MDM PolicyManager: Dedicated notification (WNF): (0xA380B065, 0x41C64E6D) published for Policy: (Power/Policy/Settings/Processor/SchemePersonality/ded574b5-45a0-4f42-8737-46345c09c238/c04a802d-2205-4910-ae98-3b51e3bb72f2/PerfEnergyPreference1/DcValue)."
"19-08-2026 13:11:10","800","Information","Microsoft-Windows-DeviceManagement-Enterprise-Diagnostics-Provider","MDM PolicyManager: Dedicated notification (WNF): (0xA380A865, 0x41C64E6D) published for Policy: (Power/Policy/Settings/Processor/SchemePersonality/ded574b5-45a0-4f42-8737-46345c09c238/c04a802d-2205-4910-ae98-3b51e3bb72f2/PerfEnergyPreference1/AcValue)."
"19-08-2026 13:11:10","800","Information","Microsoft-Windows-DeviceManagement-Enterprise-Diagnostics-Provider","MDM PolicyManager: Dedicated notification (WNF): (0xA380A065, 0x41C64E6D) published for Policy: (Power/Policy/Settings/Processor/SchemePersonality/ded574b5-45a0-4f42-8737-46345c09c238/c04a802d-2205-4910-ae98-3b51e3bb72f2/PerfEnergyPreference/DcValue)."
"19-08-2026 13:11:10","800","Information","Microsoft-Windows-DeviceManagement-Enterprise-Diagnostics-Provider","MDM PolicyManager: Dedicated notification (WNF): (0xA3809865, 0x41C64E6D) published for Policy: (Power/Policy/Settings/Processor/SchemePersonality/ded574b5-45a0-4f42-8737-46345c09c238/c04a802d-2205-4910-ae98-3b51e3bb72f2/PerfEnergyPreference/AcValue)."
"19-08-2026 13:11:10","800","Information","Microsoft-Windows-DeviceManagement-Enterprise-Diagnostics-Provider","MDM PolicyManager: Dedicated notification (WNF): (0xA387C065, 0x41C64E6D) published for Policy: (Power/Policy/Settings/Processor/SchemePersonality/ded574b5-45a0-4f42-8737-46345c09c238/33cc3a0d-45ee-43ca-86c4-695bfc9a313b/PerfEnergyPreference1/DcValue)."
"19-08-2026 13:11:10","800","Information","Microsoft-Windows-DeviceManagement-Enterprise-Diagnostics-Provider","MDM PolicyManager: Dedicated notification (WNF): (0xA387B865, 0x41C64E6D) published for Policy: (Power/Policy/Settings/Processor/SchemePersonality/ded574b5-45a0-4f42-8737-46345c09c238/33cc3a0d-45ee-43ca-86c4-695bfc9a313b/PerfEnergyPreference1/AcValue)."
"19-08-2026 13:11:10","800","Information","Microsoft-Windows-DeviceManagement-Enterprise-Diagnostics-Provider","MDM PolicyManager: Dedicated notification (WNF): (0xA387B065, 0x41C64E6D) published for Policy: (Power/Policy/Settings/Processor/SchemePersonality/ded574b5-45a0-4f42-8737-46345c09c238/33cc3a0d-45ee-43ca-86c4-695bfc9a313b/PerfEnergyPreference/DcValue)."
"19-08-2026 13:11:10","800","Information","Microsoft-Windows-DeviceManagement-Enterprise-Diagnostics-Provider","MDM PolicyManager: Dedicated notification (WNF): (0xA387A865, 0x41C64E6D) published for Policy: (Power/Policy/Settings/Processor/SchemePersonality/ded574b5-45a0-4f42-8737-46345c09c238/33cc3a0d-45ee-43ca-86c4-695bfc9a313b/PerfEnergyPreference/AcValue)."
"19-08-2026 13:11:09","800","Information","Microsoft-Windows-DeviceManagement-Enterprise-Diagnostics-Provider","MDM PolicyManager: Dedicated notification (WNF): (0xA387A065, 0x41C64E6D) published for Policy: (Power/Policy/Settings/Processor/SchemePersonality/ded574b5-45a0-4f42-8737-46345c09c238/336c7511-f109-4172-bb3a-3ea51f815ada/PerfEnergyPreference1/DcValue)."
"19-08-2026 13:11:09","800","Information","Microsoft-Windows-DeviceManagement-Enterprise-Diagnostics-Provider","MDM PolicyManager: Dedicated notification (WNF): (0xA3879865, 0x41C64E6D) published for Policy: (Power/Policy/Settings/Processor/SchemePersonality/ded574b5-45a0-4f42-8737-46345c09c238/336c7511-f109-4172-bb3a-3ea51f815ada/PerfEnergyPreference1/AcValue)."
"19-08-2026 13:11:09","800","Information","Microsoft-Windows-DeviceManagement-Enterprise-Diagnostics-Provider","MDM PolicyManager: Dedicated notification (WNF): (0xA3879065, 0x41C64E6D) published for Policy: (Power/Policy/Settings/Processor/SchemePersonality/ded574b5-45a0-4f42-8737-46345c09c238/336c7511-f109-4172-bb3a-3ea51f815ada/PerfEnergyPreference/DcValue)."
"19-08-2026 13:11:09","800","Information","Microsoft-Windows-DeviceManagement-Enterprise-Diagnostics-Provider","MDM PolicyManager: Dedicated notification (WNF): (0xA3878865, 0x41C64E6D) published for Policy: (Power/Policy/Settings/Processor/SchemePersonality/ded574b5-45a0-4f42-8737-46345c09c238/336c7511-f109-4172-bb3a-3ea51f815ada/PerfEnergyPreference/AcValue)."
"19-08-2026 13:11:09","800","Information","Microsoft-Windows-DeviceManagement-Enterprise-Diagnostics-Provider","MDM PolicyManager: Dedicated notification (WNF): (0xA3878065, 0x41C64E6D) published for Policy: (Power/Policy/Settings/Processor/SchemePersonality/ded574b5-45a0-4f42-8737-46345c09c238/0da965dc-8fcf-4c0b-8efe-8dd5e7bc959a/PerfEnergyPreference1/DcValue)."
"19-08-2026 13:11:09","800","Information","Microsoft-Windows-DeviceManagement-Enterprise-Diagnostics-Provider","MDM PolicyManager: Dedicated notification (WNF): (0xA3877865, 0x41C64E6D) published for Policy: (Power/Policy/Settings/Processor/SchemePersonality/ded574b5-45a0-4f42-8737-46345c09c238/0da965dc-8fcf-4c0b-8efe-8dd5e7bc959a/PerfEnergyPreference1/AcValue)."
"19-08-2026 13:11:09","800","Information","Microsoft-Windows-DeviceManagement-Enterprise-Diagnostics-Provider","MDM PolicyManager: Dedicated notification (WNF): (0xA3877065, 0x41C64E6D) published for Policy: (Power/Policy/Settings/Processor/SchemePersonality/ded574b5-45a0-4f42-8737-46345c09c238/0da965dc-8fcf-4c0b-8efe-8dd5e7bc959a/PerfEnergyPreference/DcValue)."
"19-08-2026 13:11:09","800","Information","Microsoft-Windows-DeviceManagement-Enterprise-Diagnostics-Provider","MDM PolicyManager: Dedicated notification (WNF): (0xA3876865, 0x41C64E6D) published for Policy: (Power/Policy/Settings/Processor/SchemePersonality/ded574b5-45a0-4f42-8737-46345c09c238/0da965dc-8fcf-4c0b-8efe-8dd5e7bc959a/PerfEnergyPreference/AcValue)."
"19-08-2026 13:11:09","800","Information","Microsoft-Windows-DeviceManagement-Enterprise-Diagnostics-Provider","MDM PolicyManager: Dedicated notification (WNF): (0xA3876065, 0x41C64E6D) published for Policy: (Power/Policy/Settings/Processor/SchemePersonality/ded574b5-45a0-4f42-8737-46345c09c238/0da965dc-8fcf-4c0b-8efe-8dd5e7bc959a/CPMinCores/DcValue)."
"19-08-2026 13:11:09","800","Information","Microsoft-Windows-DeviceManagement-Enterprise-Diagnostics-Provider","MDM PolicyManager: Dedicated notification (WNF): (0xA3875865, 0x41C64E6D) published for Policy: (Power/Policy/Settings/Processor/SchemePersonality/ded574b5-45a0-4f42-8737-46345c09c238/0da965dc-8fcf-4c0b-8efe-8dd5e7bc959a/CPMinCores/AcValue)."
"19-08-2026 13:11:09","800","Information","Microsoft-Windows-DeviceManagement-Enterprise-Diagnostics-Provider","MDM PolicyManager: Dedicated notification (WNF): (0xA3873065, 0x41C64E6D) published for Policy: (Power/Policy/Settings/Processor/SchemePersonality/ded574b5-45a0-4f42-8737-46345c09c238/0c3d5326-944b-4aab-8ad8-fe422a0e50e0/PerfEnergyPreference1/DcValue)."
"19-08-2026 13:11:09","800","Information","Microsoft-Windows-DeviceManagement-Enterprise-Diagnostics-Provider","MDM PolicyManager: Dedicated notification (WNF): (0xA3872865, 0x41C64E6D) published for Policy: (Power/Policy/Settings/Processor/SchemePersonality/ded574b5-45a0-4f42-8737-46345c09c238/0c3d5326-944b-4aab-8ad8-fe422a0e50e0/PerfEnergyPreference1/AcValue)."
"19-08-2026 13:11:09","800","Information","Microsoft-Windows-DeviceManagement-Enterprise-Diagnostics-Provider","MDM PolicyManager: Dedicated notification (WNF): (0xA3872065, 0x41C64E6D) published for Policy: (Power/Policy/Settings/Processor/SchemePersonality/ded574b5-45a0-4f42-8737-46345c09c238/0c3d5326-944b-4aab-8ad8-fe422a0e50e0/PerfEnergyPreference/DcValue)."
"19-08-2026 13:11:09","800","Information","Microsoft-Windows-DeviceManagement-Enterprise-Diagnostics-Provider","MDM PolicyManager: Dedicated notification (WNF): (0xA3871865, 0x41C64E6D) published for Policy: (Power/Policy/Settings/Processor/SchemePersonality/ded574b5-45a0-4f42-8737-46345c09c238/0c3d5326-944b-4aab-8ad8-fe422a0e50e0/PerfEnergyPreference/AcValue)."
"19-08-2026 13:11:09","800","Information","Microsoft-Windows-DeviceManagement-Enterprise-Diagnostics-Provider","MDM PolicyManager: Dedicated notification (WNF): (0xA3871065, 0x41C64E6D) published for Policy: (Power/Policy/Settings/Processor/SchemePersonality/ded574b5-45a0-4f42-8737-46345c09c238/0c3d5326-944b-4aab-8ad8-fe422a0e50e0/LatencyHintEpp1/DcValue)."
"19-08-2026 13:11:09","800","Information","Microsoft-Windows-DeviceManagement-Enterprise-Diagnostics-Provider","MDM PolicyManager: Dedicated notification (WNF): (0xA3870865, 0x41C64E6D) published for Policy: (Power/Policy/Settings/Processor/SchemePersonality/ded574b5-45a0-4f42-8737-46345c09c238/0c3d5326-944b-4aab-8ad8-fe422a0e50e0/LatencyHintEpp1/AcValue)."
"19-08-2026 13:11:09","800","Information","Microsoft-Windows-DeviceManagement-Enterprise-Diagnostics-Provider","MDM PolicyManager: Dedicated notification (WNF): (0xA3870065, 0x41C64E6D) published for Policy: (Power/Policy/Settings/Processor/SchemePersonality/ded574b5-45a0-4f42-8737-46345c09c238/0c3d5326-944b-4aab-8ad8-fe422a0e50e0/LatencyHintEpp/DcValue)."
"19-08-2026 13:11:09","800","Information","Microsoft-Windows-DeviceManagement-Enterprise-Diagnostics-Provider","MDM PolicyManager: Dedicated notification (WNF): (0xA386F865, 0x41C64E6D) published for Policy: (Power/Policy/Settings/Processor/SchemePersonality/ded574b5-45a0-4f42-8737-46345c09c238/0c3d5326-944b-4aab-8ad8-fe422a0e50e0/LatencyHintEpp/AcValue)."
"19-08-2026 13:11:09","800","Information","Microsoft-Windows-DeviceManagement-Enterprise-Diagnostics-Provider","MDM PolicyManager: Dedicated notification (WNF): (0xA386F065, 0x41C64E6D) published for Policy: (Power/Policy/Settings/Processor/SchemePersonality/a1841308-3541-4fab-bc81-f71556f20b4a/DefaultPowerSchemeValues/PerfLatencyHint1/DcValue)."
"19-08-2026 13:11:09","800","Information","Microsoft-Windows-DeviceManagement-Enterprise-Diagnostics-Provider","MDM PolicyManager: Dedicated notification (WNF): (0xA386E865, 0x41C64E6D) published for Policy: (Power/Policy/Settings/Processor/SchemePersonality/a1841308-3541-4fab-bc81-f71556f20b4a/DefaultPowerSchemeValues/PerfLatencyHint1/AcValue)."
"19-08-2026 13:11:09","800","Information","Microsoft-Windows-DeviceManagement-Enterprise-Diagnostics-Provider","MDM PolicyManager: Dedicated notification (WNF): (0xA386E065, 0x41C64E6D) published for Policy: (Power/Policy/Settings/Processor/SchemePersonality/a1841308-3541-4fab-bc81-f71556f20b4a/DefaultPowerSchemeValues/PerfLatencyHint/DcValue)."
"19-08-2026 13:11:09","800","Information","Microsoft-Windows-DeviceManagement-Enterprise-Diagnostics-Provider","MDM PolicyManager: Dedicated notification (WNF): (0xA386D865, 0x41C64E6D) published for Policy: (Power/Policy/Settings/Processor/SchemePersonality/a1841308-3541-4fab-bc81-f71556f20b4a/DefaultPowerSchemeValues/PerfLatencyHint/AcValue)."
"19-08-2026 13:11:09","800","Information","Microsoft-Windows-DeviceManagement-Enterprise-Diagnostics-Provider","MDM PolicyManager: Dedicated notification (WNF): (0xA386D065, 0x41C64E6D) published for Policy: (Power/Policy/Settings/Processor/SchemePersonality/a1841308-3541-4fab-bc81-f71556f20b4a/DefaultPowerSchemeValues/PerfEnergyPreference1/DcValue)."
"19-08-2026 13:11:09","800","Information","Microsoft-Windows-DeviceManagement-Enterprise-Diagnostics-Provider","MDM PolicyManager: Dedicated notification (WNF): (0xA386C865, 0x41C64E6D) published for Policy: (Power/Policy/Settings/Processor/SchemePersonality/a1841308-3541-4fab-bc81-f71556f20b4a/DefaultPowerSchemeValues/PerfEnergyPreference1/AcValue)."
"19-08-2026 13:11:09","800","Information","Microsoft-Windows-DeviceManagement-Enterprise-Diagnostics-Provider","MDM PolicyManager: Dedicated notification (WNF): (0xA386C065, 0x41C64E6D) published for Policy: (Power/Policy/Settings/Processor/SchemePersonality/a1841308-3541-4fab-bc81-f71556f20b4a/DefaultPowerSchemeValues/PerfEnergyPreference/DcValue)."
"19-08-2026 13:11:09","800","Information","Microsoft-Windows-DeviceManagement-Enterprise-Diagnostics-Provider","MDM PolicyManager: Dedicated notification (WNF): (0xA386B865, 0x41C64E6D) published for Policy: (Power/Policy/Settings/Processor/SchemePersonality/a1841308-3541-4fab-bc81-f71556f20b4a/DefaultPowerSchemeValues/PerfEnergyPreference/AcValue)."
"19-08-2026 13:11:09","800","Information","Microsoft-Windows-DeviceManagement-Enterprise-Diagnostics-Provider","MDM PolicyManager: Dedicated notification (WNF): (0xA3886065, 0x41C64E6D) published for Policy: (Power/Policy/Settings/Processor/SchemePersonality/a1841308-3541-4fab-bc81-f71556f20b4a/DefaultPowerSchemeValues/PerfAutonomousMode/DcValue)."
"19-08-2026 13:11:09","800","Information","Microsoft-Windows-DeviceManagement-Enterprise-Diagnostics-Provider","MDM PolicyManager: Dedicated notification (WNF): (0xA3885865, 0x41C64E6D) published for Policy: (Power/Policy/Settings/Processor/SchemePersonality/a1841308-3541-4fab-bc81-f71556f20b4a/DefaultPowerSchemeValues/PerfAutonomousMode/AcValue)."
"19-08-2026 13:11:09","800","Information","Microsoft-Windows-DeviceManagement-Enterprise-Diagnostics-Provider","MDM PolicyManager: Dedicated notification (WNF): (0xA386B065, 0x41C64E6D) published for Policy: (Power/Policy/Settings/Processor/SchemePersonality/a1841308-3541-4fab-bc81-f71556f20b4a/DefaultPowerSchemeValues/HeteroIncreaseTime/DcValue)."
"19-08-2026 13:11:09","800","Information","Microsoft-Windows-DeviceManagement-Enterprise-Diagnostics-Provider","MDM PolicyManager: Dedicated notification (WNF): (0xA386A865, 0x41C64E6D) published for Policy: (Power/Policy/Settings/Processor/SchemePersonality/a1841308-3541-4fab-bc81-f71556f20b4a/DefaultPowerSchemeValues/HeteroIncreaseThreshold/DcValue)."
"19-08-2026 13:11:09","800","Information","Microsoft-Windows-DeviceManagement-Enterprise-Diagnostics-Provider","MDM PolicyManager: Dedicated notification (WNF): (0xA386A065, 0x41C64E6D) published for Policy: (Power/Policy/Settings/Processor/SchemePersonality/a1841308-3541-4fab-bc81-f71556f20b4a/DefaultPowerSchemeValues/HeteroIncreaseThreshold/AcValue)."
"19-08-2026 13:11:09","800","Information","Microsoft-Windows-DeviceManagement-Enterprise-Diagnostics-Provider","MDM PolicyManager: Dedicated notification (WNF): (0xA3869865, 0x41C64E6D) published for Policy: (Power/Policy/Settings/Processor/SchemePersonality/a1841308-3541-4fab-bc81-f71556f20b4a/DefaultPowerSchemeValues/HeteroDecreaseTime/DcValue)."
"19-08-2026 13:11:09","800","Information","Microsoft-Windows-DeviceManagement-Enterprise-Diagnostics-Provider","MDM PolicyManager: Dedicated notification (WNF): (0xA3869065, 0x41C64E6D) published for Policy: (Power/Policy/Settings/Processor/SchemePersonality/a1841308-3541-4fab-bc81-f71556f20b4a/DefaultPowerSchemeValues/HeteroDecreaseThreshold/DcValue)."
"19-08-2026 13:11:09","800","Information","Microsoft-Windows-DeviceManagement-Enterprise-Diagnostics-Provider","MDM PolicyManager: Dedicated notification (WNF): (0xA3868865, 0x41C64E6D) published for Policy: (Power/Policy/Settings/Processor/SchemePersonality/a1841308-3541-4fab-bc81-f71556f20b4a/DefaultPowerSchemeValues/HeteroDecreaseThreshold/AcValue)."
"19-08-2026 13:11:09","800","Information","Microsoft-Windows-DeviceManagement-Enterprise-Diagnostics-Provider","MDM PolicyManager: Dedicated notification (WNF): (0xA3868065, 0x41C64E6D) published for Policy: (Power/Policy/Settings/Processor/SchemePersonality/a1841308-3541-4fab-bc81-f71556f20b4a/DefaultPowerSchemeValues/HeteroClass1InitialPerf/DcValue)."
"19-08-2026 13:11:09","800","Information","Microsoft-Windows-DeviceManagement-Enterprise-Diagnostics-Provider","MDM PolicyManager: Dedicated notification (WNF): (0xA3867865, 0x41C64E6D) published for Policy: (Power/Policy/Settings/Processor/SchemePersonality/a1841308-3541-4fab-bc81-f71556f20b4a/DefaultPowerSchemeValues/HeteroClass1InitialPerf/AcValue)."
"19-08-2026 13:11:09","800","Information","Microsoft-Windows-DeviceManagement-Enterprise-Diagnostics-Provider","MDM PolicyManager: Dedicated notification (WNF): (0xA3867065, 0x41C64E6D) published for Policy: (Power/Policy/Settings/Processor/SchemePersonality/a1841308-3541-4fab-bc81-f71556f20b4a/DefaultPowerSchemeValues/CPMinCores/DcValue)."
"19-08-2026 13:11:09","800","Information","Microsoft-Windows-DeviceManagement-Enterprise-Diagnostics-Provider","MDM PolicyManager: Dedicated notification (WNF): (0xA3866865, 0x41C64E6D) published for Policy: (Power/Policy/Settings/Processor/SchemePersonality/a1841308-3541-4fab-bc81-f71556f20b4a/DefaultPowerSchemeValues/CPMinCores/AcValue)."
"19-08-2026 13:11:09","800","Information","Microsoft-Windows-DeviceManagement-Enterprise-Diagnostics-Provider","MDM PolicyManager: Dedicated notification (WNF): (0xA3866065, 0x41C64E6D) published for Policy: (Power/Policy/Settings/Processor/SchemePersonality/a1841308-3541-4fab-bc81-f71556f20b4a/DefaultPowerSchemeValues/CpLatencyHintUnpark1/DcValue)."
"19-08-2026 13:11:09","800","Information","Microsoft-Windows-DeviceManagement-Enterprise-Diagnostics-Provider","MDM PolicyManager: Dedicated notification (WNF): (0xA3865865, 0x41C64E6D) published for Policy: (Power/Policy/Settings/Processor/SchemePersonality/a1841308-3541-4fab-bc81-f71556f20b4a/DefaultPowerSchemeValues/CpLatencyHintUnpark1/AcValue)."
"19-08-2026 13:11:09","800","Information","Microsoft-Windows-DeviceManagement-Enterprise-Diagnostics-Provider","MDM PolicyManager: Dedicated notification (WNF): (0xA3865065, 0x41C64E6D) published for Policy: (Power/Policy/Settings/Processor/SchemePersonality/a1841308-3541-4fab-bc81-f71556f20b4a/DefaultPowerSchemeValues/CPIncreaseTime/DcValue)."
"19-08-2026 13:11:09","800","Information","Microsoft-Windows-DeviceManagement-Enterprise-Diagnostics-Provider","MDM PolicyManager: Dedicated notification (WNF): (0xA3864865, 0x41C64E6D) published for Policy: (Power/Policy/Settings/Processor/SchemePersonality/a1841308-3541-4fab-bc81-f71556f20b4a/DefaultPowerSchemeValues/CPIncreaseTime/AcValue)."
"19-08-2026 13:11:09","800","Information","Microsoft-Windows-DeviceManagement-Enterprise-Diagnostics-Provider","MDM PolicyManager: Dedicated notification (WNF): (0xA3864065, 0x41C64E6D) published for Policy: (Power/Policy/Settings/Processor/SchemePersonality/a1841308-3541-4fab-bc81-f71556f20b4a/DefaultPowerSchemeValues/CPHeadroom/DcValue)."
"19-08-2026 13:11:09","800","Information","Microsoft-Windows-DeviceManagement-Enterprise-Diagnostics-Provider","MDM PolicyManager: Dedicated notification (WNF): (0xA3863865, 0x41C64E6D) published for Policy: (Power/Policy/Settings/Processor/SchemePersonality/a1841308-3541-4fab-bc81-f71556f20b4a/DefaultPowerSchemeValues/CPHeadroom/AcValue)."
"19-08-2026 13:11:09","800","Information","Microsoft-Windows-DeviceManagement-Enterprise-Diagnostics-Provider","MDM PolicyManager: Dedicated notification (WNF): (0xA3863065, 0x41C64E6D) published for Policy: (Power/Policy/Settings/Processor/SchemePersonality/a1841308-3541-4fab-bc81-f71556f20b4a/DefaultPowerSchemeValues/CPDecreaseTime/DcValue)."
"19-08-2026 13:11:09","800","Information","Microsoft-Windows-DeviceManagement-Enterprise-Diagnostics-Provider","MDM PolicyManager: Dedicated notification (WNF): (0xA3862865, 0x41C64E6D) published for Policy: (Power/Policy/Settings/Processor/SchemePersonality/a1841308-3541-4fab-bc81-f71556f20b4a/DefaultPowerSchemeValues/CPDecreaseTime/AcValue)."
"19-08-2026 13:11:09","800","Information","Microsoft-Windows-DeviceManagement-Enterprise-Diagnostics-Provider","MDM PolicyManager: Dedicated notification (WNF): (0xA3862065, 0x41C64E6D) published for Policy: (Power/Policy/Settings/Processor/SchemePersonality/a1841308-3541-4fab-bc81-f71556f20b4a/DefaultPowerSchemeValues/CPConcurrency/DcValue)."
"19-08-2026 13:11:09","800","Information","Microsoft-Windows-DeviceManagement-Enterprise-Diagnostics-Provider","MDM PolicyManager: Dedicated notification (WNF): (0xA3861865, 0x41C64E6D) published for Policy: (Power/Policy/Settings/Processor/SchemePersonality/a1841308-3541-4fab-bc81-f71556f20b4a/DefaultPowerSchemeValues/CPConcurrency/AcValue)."
"19-08-2026 13:11:09","800","Information","Microsoft-Windows-DeviceManagement-Enterprise-Diagnostics-Provider","MDM PolicyManager: Dedicated notification (WNF): (0xA385E065, 0x41C64E6D) published for Policy: (Power/Policy/Settings/Processor/SchemePersonality/961cc777-2547-4f9d-8174-7d86181b8a7a/DefaultPowerSchemeValues/PerfLatencyHint1/DcValue)."
"19-08-2026 13:11:09","800","Information","Microsoft-Windows-DeviceManagement-Enterprise-Diagnostics-Provider","MDM PolicyManager: Dedicated notification (WNF): (0xA385D865, 0x41C64E6D) published for Policy: (Power/Policy/Settings/Processor/SchemePersonality/961cc777-2547-4f9d-8174-7d86181b8a7a/DefaultPowerSchemeValues/PerfLatencyHint1/AcValue)."
"19-08-2026 13:11:09","800","Information","Microsoft-Windows-DeviceManagement-Enterprise-Diagnostics-Provider","MDM PolicyManager: Dedicated notification (WNF): (0xA385D065, 0x41C64E6D) published for Policy: (Power/Policy/Settings/Processor/SchemePersonality/961cc777-2547-4f9d-8174-7d86181b8a7a/DefaultPowerSchemeValues/PerfLatencyHint/DcValue)."
"19-08-2026 13:11:09","800","Information","Microsoft-Windows-DeviceManagement-Enterprise-Diagnostics-Provider","MDM PolicyManager: Dedicated notification (WNF): (0xA385C865, 0x41C64E6D) published for Policy: (Power/Policy/Settings/Processor/SchemePersonality/961cc777-2547-4f9d-8174-7d86181b8a7a/DefaultPowerSchemeValues/PerfLatencyHint/AcValue)."
"19-08-2026 13:11:09","800","Information","Microsoft-Windows-DeviceManagement-Enterprise-Diagnostics-Provider","MDM PolicyManager: Dedicated notification (WNF): (0xA385C065, 0x41C64E6D) published for Policy: (Power/Policy/Settings/Processor/SchemePersonality/961cc777-2547-4f9d-8174-7d86181b8a7a/DefaultPowerSchemeValues/PerfEnergyPreference1/DcValue)."
"19-08-2026 13:11:09","800","Information","Microsoft-Windows-DeviceManagement-Enterprise-Diagnostics-Provider","MDM PolicyManager: Dedicated notification (WNF): (0xA385B865, 0x41C64E6D) published for Policy: (Power/Policy/Settings/Processor/SchemePersonality/961cc777-2547-4f9d-8174-7d86181b8a7a/DefaultPowerSchemeValues/PerfEnergyPreference1/AcValue)."
"19-08-2026 13:11:09","800","Information","Microsoft-Windows-DeviceManagement-Enterprise-Diagnostics-Provider","MDM PolicyManager: Dedicated notification (WNF): (0xA385B065, 0x41C64E6D) published for Policy: (Power/Policy/Settings/Processor/SchemePersonality/961cc777-2547-4f9d-8174-7d86181b8a7a/DefaultPowerSchemeValues/PerfEnergyPreference/DcValue)."
"19-08-2026 13:11:09","800","Information","Microsoft-Windows-DeviceManagement-Enterprise-Diagnostics-Provider","MDM PolicyManager: Dedicated notification (WNF): (0xA385A865, 0x41C64E6D) published for Policy: (Power/Policy/Settings/Processor/SchemePersonality/961cc777-2547-4f9d-8174-7d86181b8a7a/DefaultPowerSchemeValues/PerfEnergyPreference/AcValue)."
"19-08-2026 13:11:09","800","Information","Microsoft-Windows-DeviceManagement-Enterprise-Diagnostics-Provider","MDM PolicyManager: Dedicated notification (WNF): (0xA385A065, 0x41C64E6D) published for Policy: (Power/Policy/Settings/Processor/SchemePersonality/961cc777-2547-4f9d-8174-7d86181b8a7a/DefaultPowerSchemeValues/HeteroIncreaseTime/DcValue)."
"19-08-2026 13:11:09","800","Information","Microsoft-Windows-DeviceManagement-Enterprise-Diagnostics-Provider","MDM PolicyManager: Dedicated notification (WNF): (0xA3859865, 0x41C64E6D) published for Policy: (Power/Policy/Settings/Processor/SchemePersonality/961cc777-2547-4f9d-8174-7d86181b8a7a/DefaultPowerSchemeValues/HeteroIncreaseThreshold/DcValue)."
"19-08-2026 13:11:09","800","Information","Microsoft-Windows-DeviceManagement-Enterprise-Diagnostics-Provider","MDM PolicyManager: Dedicated notification (WNF): (0xA3859065, 0x41C64E6D) published for Policy: (Power/Policy/Settings/Processor/SchemePersonality/961cc777-2547-4f9d-8174-7d86181b8a7a/DefaultPowerSchemeValues/HeteroIncreaseThreshold/AcValue)."
"19-08-2026 13:11:09","800","Information","Microsoft-Windows-DeviceManagement-Enterprise-Diagnostics-Provider","MDM PolicyManager: Dedicated notification (WNF): (0xA3858865, 0x41C64E6D) published for Policy: (Power/Policy/Settings/Processor/SchemePersonality/961cc777-2547-4f9d-8174-7d86181b8a7a/DefaultPowerSchemeValues/HeteroDecreaseTime/DcValue)."
"19-08-2026 13:11:09","800","Information","Microsoft-Windows-DeviceManagement-Enterprise-Diagnostics-Provider","MDM PolicyManager: Dedicated notification (WNF): (0xA3858065, 0x41C64E6D) published for Policy: (Power/Policy/Settings/Processor/SchemePersonality/961cc777-2547-4f9d-8174-7d86181b8a7a/DefaultPowerSchemeValues/HeteroDecreaseThreshold/DcValue)."
"19-08-2026 13:11:09","800","Information","Microsoft-Windows-DeviceManagement-Enterprise-Diagnostics-Provider","MDM PolicyManager: Dedicated notification (WNF): (0xA3857865, 0x41C64E6D) published for Policy: (Power/Policy/Settings/Processor/SchemePersonality/961cc777-2547-4f9d-8174-7d86181b8a7a/DefaultPowerSchemeValues/HeteroDecreaseThreshold/AcValue)."
"19-08-2026 13:11:09","800","Information","Microsoft-Windows-DeviceManagement-Enterprise-Diagnostics-Provider","MDM PolicyManager: Dedicated notification (WNF): (0xA3857065, 0x41C64E6D) published for Policy: (Power/Policy/Settings/Processor/SchemePersonality/961cc777-2547-4f9d-8174-7d86181b8a7a/DefaultPowerSchemeValues/HeteroClass1InitialPerf/DcValue)."
"19-08-2026 13:11:09","800","Information","Microsoft-Windows-DeviceManagement-Enterprise-Diagnostics-Provider","MDM PolicyManager: Dedicated notification (WNF): (0xA3856865, 0x41C64E6D) published for Policy: (Power/Policy/Settings/Processor/SchemePersonality/961cc777-2547-4f9d-8174-7d86181b8a7a/DefaultPowerSchemeValues/HeteroClass1InitialPerf/AcValue)."
"19-08-2026 13:11:09","800","Information","Microsoft-Windows-DeviceManagement-Enterprise-Diagnostics-Provider","MDM PolicyManager: Dedicated notification (WNF): (0xA3856065, 0x41C64E6D) published for Policy: (Power/Policy/Settings/Processor/SchemePersonality/961cc777-2547-4f9d-8174-7d86181b8a7a/DefaultPowerSchemeValues/CPMinCores/DcValue)."
"19-08-2026 13:11:09","800","Information","Microsoft-Windows-DeviceManagement-Enterprise-Diagnostics-Provider","MDM PolicyManager: Dedicated notification (WNF): (0xA3855865, 0x41C64E6D) published for Policy: (Power/Policy/Settings/Processor/SchemePersonality/961cc777-2547-4f9d-8174-7d86181b8a7a/DefaultPowerSchemeValues/CPMinCores/AcValue)."
"19-08-2026 13:11:09","800","Information","Microsoft-Windows-DeviceManagement-Enterprise-Diagnostics-Provider","MDM PolicyManager: Dedicated notification (WNF): (0xA3855065, 0x41C64E6D) published for Policy: (Power/Policy/Settings/Processor/SchemePersonality/961cc777-2547-4f9d-8174-7d86181b8a7a/DefaultPowerSchemeValues/CpLatencyHintUnpark1/DcValue)."
"19-08-2026 13:11:09","800","Information","Microsoft-Windows-DeviceManagement-Enterprise-Diagnostics-Provider","MDM PolicyManager: Dedicated notification (WNF): (0xA3854865, 0x41C64E6D) published for Policy: (Power/Policy/Settings/Processor/SchemePersonality/961cc777-2547-4f9d-8174-7d86181b8a7a/DefaultPowerSchemeValues/CpLatencyHintUnpark1/AcValue)."
"19-08-2026 13:11:09","800","Information","Microsoft-Windows-DeviceManagement-Enterprise-Diagnostics-Provider","MDM PolicyManager: Dedicated notification (WNF): (0xA3854065, 0x41C64E6D) published for Policy: (Power/Policy/Settings/Processor/SchemePersonality/961cc777-2547-4f9d-8174-7d86181b8a7a/DefaultPowerSchemeValues/CPIncreaseTime/DcValue)."
"19-08-2026 13:11:09","800","Information","Microsoft-Windows-DeviceManagement-Enterprise-Diagnostics-Provider","MDM PolicyManager: Dedicated notification (WNF): (0xA3853865, 0x41C64E6D) published for Policy: (Power/Policy/Settings/Processor/SchemePersonality/961cc777-2547-4f9d-8174-7d86181b8a7a/DefaultPowerSchemeValues/CPIncreaseTime/AcValue)."
"19-08-2026 13:11:09","800","Information","Microsoft-Windows-DeviceManagement-Enterprise-Diagnostics-Provider","MDM PolicyManager: Dedicated notification (WNF): (0xA3853065, 0x41C64E6D) published for Policy: (Power/Policy/Settings/Processor/SchemePersonality/961cc777-2547-4f9d-8174-7d86181b8a7a/DefaultPowerSchemeValues/CPHeadroom/DcValue)."
"19-08-2026 13:11:09","800","Information","Microsoft-Windows-DeviceManagement-Enterprise-Diagnostics-Provider","MDM PolicyManager: Dedicated notification (WNF): (0xA3852865, 0x41C64E6D) published for Policy: (Power/Policy/Settings/Processor/SchemePersonality/961cc777-2547-4f9d-8174-7d86181b8a7a/DefaultPowerSchemeValues/CPHeadroom/AcValue)."
"19-08-2026 13:11:09","800","Information","Microsoft-Windows-DeviceManagement-Enterprise-Diagnostics-Provider","MDM PolicyManager: Dedicated notification (WNF): (0xA3852065, 0x41C64E6D) published for Policy: (Power/Policy/Settings/Processor/SchemePersonality/961cc777-2547-4f9d-8174-7d86181b8a7a/DefaultPowerSchemeValues/CPDecreaseTime/DcValue)."
"19-08-2026 13:11:09","800","Information","Microsoft-Windows-DeviceManagement-Enterprise-Diagnostics-Provider","MDM PolicyManager: Dedicated notification (WNF): (0xA3851865, 0x41C64E6D) published for Policy: (Power/Policy/Settings/Processor/SchemePersonality/961cc777-2547-4f9d-8174-7d86181b8a7a/DefaultPowerSchemeValues/CPDecreaseTime/AcValue)."
"19-08-2026 13:11:09","800","Information","Microsoft-Windows-DeviceManagement-Enterprise-Diagnostics-Provider","MDM PolicyManager: Dedicated notification (WNF): (0xA3851065, 0x41C64E6D) published for Policy: (Power/Policy/Settings/Processor/SchemePersonality/961cc777-2547-4f9d-8174-7d86181b8a7a/DefaultPowerSchemeValues/CPConcurrency/DcValue)."
"19-08-2026 13:11:09","800","Information","Microsoft-Windows-DeviceManagement-Enterprise-Diagnostics-Provider","MDM PolicyManager: Dedicated notification (WNF): (0xA3850865, 0x41C64E6D) published for Policy: (Power/Policy/Settings/Processor/SchemePersonality/961cc777-2547-4f9d-8174-7d86181b8a7a/DefaultPowerSchemeValues/CPConcurrency/AcValue)."
"19-08-2026 13:11:09","800","Information","Microsoft-Windows-DeviceManagement-Enterprise-Diagnostics-Provider","MDM PolicyManager: Dedicated notification (WNF): (0xA3861065, 0x41C64E6D) published for Policy: (Power/Policy/Settings/Processor/SchemePersonality/961cc777-2547-4f9d-8174-7d86181b8a7a/c04a802d-2205-4910-ae98-3b51e3bb72f2/PerfEnergyPreference1/DcValue)."
"19-08-2026 13:11:09","800","Information","Microsoft-Windows-DeviceManagement-Enterprise-Diagnostics-Provider","MDM PolicyManager: Dedicated notification (WNF): (0xA3860865, 0x41C64E6D) published for Policy: (Power/Policy/Settings/Processor/SchemePersonality/961cc777-2547-4f9d-8174-7d86181b8a7a/c04a802d-2205-4910-ae98-3b51e3bb72f2/PerfEnergyPreference1/AcValue)."
"19-08-2026 13:11:09","800","Information","Microsoft-Windows-DeviceManagement-Enterprise-Diagnostics-Provider","MDM PolicyManager: Dedicated notification (WNF): (0xA3860065, 0x41C64E6D) published for Policy: (Power/Policy/Settings/Processor/SchemePersonality/961cc777-2547-4f9d-8174-7d86181b8a7a/c04a802d-2205-4910-ae98-3b51e3bb72f2/PerfEnergyPreference/DcValue)."
"19-08-2026 13:11:09","800","Information","Microsoft-Windows-DeviceManagement-Enterprise-Diagnostics-Provider","MDM PolicyManager: Dedicated notification (WNF): (0xA385F865, 0x41C64E6D) published for Policy: (Power/Policy/Settings/Processor/SchemePersonality/961cc777-2547-4f9d-8174-7d86181b8a7a/c04a802d-2205-4910-ae98-3b51e3bb72f2/PerfEnergyPreference/AcValue)."
"19-08-2026 13:11:09","800","Information","Microsoft-Windows-DeviceManagement-Enterprise-Diagnostics-Provider","MDM PolicyManager: Dedicated notification (WNF): (0xA385F065, 0x41C64E6D) published for Policy: (Power/Policy/Settings/Processor/SchemePersonality/961cc777-2547-4f9d-8174-7d86181b8a7a/a4a61b5f-f42c-4d23-b3ab-5c27df9f0f18/PerfEnergyPreference1/DcValue)."
"19-08-2026 13:11:09","800","Information","Microsoft-Windows-DeviceManagement-Enterprise-Diagnostics-Provider","MDM PolicyManager: Dedicated notification (WNF): (0xA385E865, 0x41C64E6D) published for Policy: (Power/Policy/Settings/Processor/SchemePersonality/961cc777-2547-4f9d-8174-7d86181b8a7a/a4a61b5f-f42c-4d23-b3ab-5c27df9f0f18/PerfEnergyPreference/DcValue)."
"19-08-2026 13:11:09","800","Information","Microsoft-Windows-DeviceManagement-Enterprise-Diagnostics-Provider","MDM PolicyManager: Dedicated notification (WNF): (0xA3850065, 0x41C64E6D) published for Policy: (Power/Policy/Settings/Processor/SchemePersonality/961cc777-2547-4f9d-8174-7d86181b8a7a/33cc3a0d-45ee-43ca-86c4-695bfc9a313b/PerfEnergyPreference1/DcValue)."
"19-08-2026 13:11:09","800","Information","Microsoft-Windows-DeviceManagement-Enterprise-Diagnostics-Provider","MDM PolicyManager: Dedicated notification (WNF): (0xA384F865, 0x41C64E6D) published for Policy: (Power/Policy/Settings/Processor/SchemePersonality/961cc777-2547-4f9d-8174-7d86181b8a7a/33cc3a0d-45ee-43ca-86c4-695bfc9a313b/PerfEnergyPreference1/AcValue)."
"19-08-2026 13:11:09","800","Information","Microsoft-Windows-DeviceManagement-Enterprise-Diagnostics-Provider","MDM PolicyManager: Dedicated notification (WNF): (0xA384F065, 0x41C64E6D) published for Policy: (Power/Policy/Settings/Processor/SchemePersonality/961cc777-2547-4f9d-8174-7d86181b8a7a/33cc3a0d-45ee-43ca-86c4-695bfc9a313b/PerfEnergyPreference/DcValue)."
"19-08-2026 13:11:09","800","Information","Microsoft-Windows-DeviceManagement-Enterprise-Diagnostics-Provider","MDM PolicyManager: Dedicated notification (WNF): (0xA384E865, 0x41C64E6D) published for Policy: (Power/Policy/Settings/Processor/SchemePersonality/961cc777-2547-4f9d-8174-7d86181b8a7a/33cc3a0d-45ee-43ca-86c4-695bfc9a313b/PerfEnergyPreference/AcValue)."
"19-08-2026 13:11:09","800","Information","Microsoft-Windows-DeviceManagement-Enterprise-Diagnostics-Provider","MDM PolicyManager: Dedicated notification (WNF): (0xA384E065, 0x41C64E6D) published for Policy: (Power/Policy/Settings/Processor/SchemePersonality/961cc777-2547-4f9d-8174-7d86181b8a7a/336c7511-f109-4172-bb3a-3ea51f815ada/PerfEnergyPreference1/DcValue)."
"19-08-2026 13:11:09","800","Information","Microsoft-Windows-DeviceManagement-Enterprise-Diagnostics-Provider","MDM PolicyManager: Dedicated notification (WNF): (0xA384D865, 0x41C64E6D) published for Policy: (Power/Policy/Settings/Processor/SchemePersonality/961cc777-2547-4f9d-8174-7d86181b8a7a/336c7511-f109-4172-bb3a-3ea51f815ada/PerfEnergyPreference1/AcValue)."
"19-08-2026 13:11:08","800","Information","Microsoft-Windows-DeviceManagement-Enterprise-Diagnostics-Provider","MDM PolicyManager: Dedicated notification (WNF): (0xA384D065, 0x41C64E6D) published for Policy: (Power/Policy/Settings/Processor/SchemePersonality/961cc777-2547-4f9d-8174-7d86181b8a7a/336c7511-f109-4172-bb3a-3ea51f815ada/PerfEnergyPreference/DcValue)."
