"28-07-2026 09:24:09","4006","Information","Microsoft-Windows-AppID","AppID certificate store is verified."
"28-07-2026 09:23:56","4006","Information","Microsoft-Windows-AppID","AppID certificate store is verified."
"28-07-2026 09:23:12","4006","Information","Microsoft-Windows-AppID","AppID certificate store is verified."
"28-07-2026 09:22:56","4006","Information","Microsoft-Windows-AppID","AppID certificate store is verified."
"28-07-2026 09:22:39","4006","Information","Microsoft-Windows-AppID","AppID certificate store is verified."
"27-07-2026 20:08:47","4006","Information","Microsoft-Windows-AppID","AppID certificate store is verified."
"27-07-2026 18:31:29","4006","Information","Microsoft-Windows-AppID","AppID certificate store is verified."
"27-07-2026 18:31:07","4006","Information","Microsoft-Windows-AppID","AppID certificate store is verified."
"27-07-2026 17:30:14","4006","Information","Microsoft-Windows-AppID","AppID certificate store is verified."
"27-07-2026 16:29:08","4006","Information","Microsoft-Windows-AppID","AppID certificate store is verified."
"27-07-2026 15:26:45","4006","Information","Microsoft-Windows-AppID","AppID certificate store is verified."
"27-07-2026 15:26:14","4006","Information","Microsoft-Windows-AppID","AppID certificate store is verified."
"27-07-2026 15:25:46","4006","Information","Microsoft-Windows-AppID","AppID certificate store is verified."
"27-07-2026 14:24:38","4006","Information","Microsoft-Windows-AppID","AppID certificate store is verified."
"27-07-2026 13:23:47","4006","Information","Microsoft-Windows-AppID","AppID certificate store is verified."
"27-07-2026 12:23:07","4006","Information","Microsoft-Windows-AppID","AppID certificate store is verified."
"27-07-2026 12:22:45","4006","Information","Microsoft-Windows-AppID","AppID certificate store is verified."
"27-07-2026 12:22:24","4006","Information","Microsoft-Windows-AppID","AppID certificate store is verified."
"27-07-2026 12:21:43","4006","Information","Microsoft-Windows-AppID","AppID certificate store is verified."
"27-07-2026 11:22:12","4006","Information","Microsoft-Windows-AppID","AppID certificate store is verified."
"27-07-2026 11:21:27","4006","Information","Microsoft-Windows-AppID","AppID certificate store is verified."
"27-07-2026 10:16:54","4006","Information","Microsoft-Windows-AppID","AppID certificate store is verified."
"27-07-2026 09:27:53","4006","Information","Microsoft-Windows-AppID","AppID certificate store is verified."
"27-07-2026 09:16:09","4006","Information","Microsoft-Windows-AppID","AppID certificate store is verified."
"27-07-2026 09:16:08","4005","Error","Microsoft-Windows-AppID","AppID certificate store verification failed. Status Unknown NTSTATUS Error code: 0x5."
"27-07-2026 09:15:48","4006","Information","Microsoft-Windows-AppID","AppID certificate store is verified."
"27-07-2026 09:15:46","4005","Error","Microsoft-Windows-AppID","AppID certificate store verification failed. Status Unknown NTSTATUS Error code: 0x5."
"27-07-2026 09:15:01","4006","Information","Microsoft-Windows-AppID","AppID certificate store is verified."
"24-07-2026 17:40:55","4006","Information","Microsoft-Windows-AppID","AppID certificate store is verified."
"24-07-2026 16:40:47","4006","Information","Microsoft-Windows-AppID","AppID certificate store is verified."
"24-07-2026 16:40:31","4006","Information","Microsoft-Windows-AppID","AppID certificate store is verified."
"24-07-2026 15:39:50","4006","Information","Microsoft-Windows-AppID","AppID certificate store is verified."
"24-07-2026 15:39:30","4006","Information","Microsoft-Windows-AppID","AppID certificate store is verified."
"24-07-2026 14:34:37","4006","Information","Microsoft-Windows-AppID","AppID certificate store is verified."
"24-07-2026 13:34:19","4006","Information","Microsoft-Windows-AppID","AppID certificate store is verified."
"24-07-2026 13:33:53","4006","Information","Microsoft-Windows-AppID","AppID certificate store is verified."
"24-07-2026 12:32:53","4006","Information","Microsoft-Windows-AppID","AppID certificate store is verified."
"24-07-2026 11:32:19","4006","Information","Microsoft-Windows-AppID","AppID certificate store is verified."
"24-07-2026 10:31:58","4006","Information","Microsoft-Windows-AppID","AppID certificate store is verified."
"24-07-2026 10:31:16","4006","Information","Microsoft-Windows-AppID","AppID certificate store is verified."
"24-07-2026 10:17:25","4006","Information","Microsoft-Windows-AppID","AppID certificate store is verified."
"24-07-2026 09:31:12","4006","Information","Microsoft-Windows-AppID","AppID certificate store is verified."
"24-07-2026 09:31:01","4006","Information","Microsoft-Windows-AppID","AppID certificate store is verified."
"24-07-2026 09:30:19","4006","Information","Microsoft-Windows-AppID","AppID certificate store is verified."
"24-07-2026 03:22:26","4006","Information","Microsoft-Windows-AppID","AppID certificate store is verified."
"23-07-2026 18:21:50","4006","Information","Microsoft-Windows-AppID","AppID certificate store is verified."
"23-07-2026 18:21:17","4006","Information","Microsoft-Windows-AppID","AppID certificate store is verified."
"23-07-2026 18:21:07","4006","Information","Microsoft-Windows-AppID","AppID certificate store is verified."
"23-07-2026 18:20:55","4006","Information","Microsoft-Windows-AppID","AppID certificate store is verified."
"23-07-2026 18:19:55","4006","Information","Microsoft-Windows-AppID","AppID certificate store is verified."
"23-07-2026 13:41:04","4006","Information","Microsoft-Windows-AppID","AppID certificate store is verified."
"23-07-2026 12:40:49","4006","Information","Microsoft-Windows-AppID","AppID certificate store is verified."
"23-07-2026 12:39:26","4006","Information","Microsoft-Windows-AppID","AppID certificate store is verified."
"23-07-2026 12:38:42","4006","Information","Microsoft-Windows-AppID","AppID certificate store is verified."
"23-07-2026 12:05:26","4006","Information","Microsoft-Windows-AppID","AppID certificate store is verified."
"23-07-2026 12:05:15","4006","Information","Microsoft-Windows-AppID","AppID certificate store is verified."
"23-07-2026 11:40:39","4006","Information","Microsoft-Windows-AppID","AppID certificate store is verified."
"23-07-2026 11:39:46","4006","Information","Microsoft-Windows-AppID","AppID certificate store is verified."
"23-07-2026 11:38:35","4006","Information","Microsoft-Windows-AppID","AppID certificate store is verified."
"23-07-2026 10:38:48","4006","Information","Microsoft-Windows-AppID","AppID certificate store is verified."
"23-07-2026 10:38:31","4006","Information","Microsoft-Windows-AppID","AppID certificate store is verified."
"23-07-2026 10:37:43","4006","Information","Microsoft-Windows-AppID","AppID certificate store is verified."
"23-07-2026 10:17:29","4006","Information","Microsoft-Windows-AppID","AppID certificate store is verified."
"23-07-2026 09:53:08","4006","Information","Microsoft-Windows-AppID","AppID certificate store is verified."
"23-07-2026 09:37:36","4006","Information","Microsoft-Windows-AppID","AppID certificate store is verified."
"23-07-2026 09:36:51","4006","Information","Microsoft-Windows-AppID","AppID certificate store is verified."
"23-07-2026 09:36:48","4006","Information","Microsoft-Windows-AppID","AppID certificate store is verified."
"22-07-2026 17:52:52","4006","Information","Microsoft-Windows-AppID","AppID certificate store is verified."
"22-07-2026 17:49:16","4006","Information","Microsoft-Windows-AppID","AppID certificate store is verified."
"22-07-2026 16:52:39","4006","Information","Microsoft-Windows-AppID","AppID certificate store is verified."
"22-07-2026 16:50:53","4006","Information","Microsoft-Windows-AppID","AppID certificate store is verified."
"22-07-2026 16:48:55","4006","Information","Microsoft-Windows-AppID","AppID certificate store is verified."
"22-07-2026 15:52:03","4006","Information","Microsoft-Windows-AppID","AppID certificate store is verified."
"22-07-2026 15:51:00","4006","Information","Microsoft-Windows-AppID","AppID certificate store is verified."
"22-07-2026 15:50:40","4006","Information","Microsoft-Windows-AppID","AppID certificate store is verified."
"22-07-2026 15:49:41","4006","Information","Microsoft-Windows-AppID","AppID certificate store is verified."
"22-07-2026 15:48:30","4006","Information","Microsoft-Windows-AppID","AppID certificate store is verified."
"22-07-2026 15:47:47","4006","Information","Microsoft-Windows-AppID","AppID certificate store is verified."
"22-07-2026 14:49:27","4006","Information","Microsoft-Windows-AppID","AppID certificate store is verified."
"22-07-2026 14:47:42","4006","Information","Microsoft-Windows-AppID","AppID certificate store is verified."
"22-07-2026 13:49:06","4006","Information","Microsoft-Windows-AppID","AppID certificate store is verified."
"22-07-2026 13:48:44","4006","Information","Microsoft-Windows-AppID","AppID certificate store is verified."
"22-07-2026 13:47:33","4006","Information","Microsoft-Windows-AppID","AppID certificate store is verified."
"22-07-2026 12:47:42","4006","Information","Microsoft-Windows-AppID","AppID certificate store is verified."
"22-07-2026 12:47:13","4006","Information","Microsoft-Windows-AppID","AppID certificate store is verified."
"22-07-2026 12:47:01","4006","Information","Microsoft-Windows-AppID","AppID certificate store is verified."
"22-07-2026 12:45:49","4006","Information","Microsoft-Windows-AppID","AppID certificate store is verified."
"22-07-2026 11:46:02","4006","Information","Microsoft-Windows-AppID","AppID certificate store is verified."
"22-07-2026 11:45:20","4006","Information","Microsoft-Windows-AppID","AppID certificate store is verified."
"22-07-2026 11:44:09","4006","Information","Microsoft-Windows-AppID","AppID certificate store is verified."
"22-07-2026 10:51:20","4006","Information","Microsoft-Windows-AppID","AppID certificate store is verified."
"22-07-2026 10:45:07","4006","Information","Microsoft-Windows-AppID","AppID certificate store is verified."
"22-07-2026 10:44:08","4006","Information","Microsoft-Windows-AppID","AppID certificate store is verified."
"22-07-2026 10:43:58","4006","Information","Microsoft-Windows-AppID","AppID certificate store is verified."
"22-07-2026 09:44:05","4006","Information","Microsoft-Windows-AppID","AppID certificate store is verified."
"22-07-2026 09:43:09","4006","Information","Microsoft-Windows-AppID","AppID certificate store is verified."
"22-07-2026 04:23:19","4006","Information","Microsoft-Windows-AppID","AppID certificate store is verified."
"21-07-2026 19:24:37","4006","Information","Microsoft-Windows-AppID","AppID certificate store is verified."
"21-07-2026 17:53:20","4006","Information","Microsoft-Windows-AppID","AppID certificate store is verified."
"21-07-2026 17:53:06","4006","Information","Microsoft-Windows-AppID","AppID certificate store is verified."
"21-07-2026 16:49:29","4006","Information","Microsoft-Windows-AppID","AppID certificate store is verified."
"21-07-2026 16:48:34","4006","Information","Microsoft-Windows-AppID","AppID certificate store is verified."
"21-07-2026 16:48:19","4006","Information","Microsoft-Windows-AppID","AppID certificate store is verified."
"21-07-2026 15:49:26","4006","Information","Microsoft-Windows-AppID","AppID certificate store is verified."
"21-07-2026 15:48:30","4006","Information","Microsoft-Windows-AppID","AppID certificate store is verified."
"21-07-2026 15:48:00","4006","Information","Microsoft-Windows-AppID","AppID certificate store is verified."
"21-07-2026 15:46:58","4006","Information","Microsoft-Windows-AppID","AppID certificate store is verified."
"21-07-2026 15:45:47","4006","Information","Microsoft-Windows-AppID","AppID certificate store is verified."
"21-07-2026 14:46:36","4006","Information","Microsoft-Windows-AppID","AppID certificate store is verified."
"21-07-2026 14:45:36","4006","Information","Microsoft-Windows-AppID","AppID certificate store is verified."
"21-07-2026 13:45:09","4006","Information","Microsoft-Windows-AppID","AppID certificate store is verified."
"21-07-2026 13:44:22","4006","Information","Microsoft-Windows-AppID","AppID certificate store is verified."
"21-07-2026 12:42:24","4006","Information","Microsoft-Windows-AppID","AppID certificate store is verified."
"21-07-2026 11:58:08","4006","Information","Microsoft-Windows-AppID","AppID certificate store is verified."
"21-07-2026 11:39:18","4006","Information","Microsoft-Windows-AppID","AppID certificate store is verified."
"21-07-2026 11:38:35","4006","Information","Microsoft-Windows-AppID","AppID certificate store is verified."
"21-07-2026 10:38:39","4006","Information","Microsoft-Windows-AppID","AppID certificate store is verified."
"21-07-2026 10:37:30","4006","Information","Microsoft-Windows-AppID","AppID certificate store is verified."
"21-07-2026 10:37:20","4006","Information","Microsoft-Windows-AppID","AppID certificate store is verified."
"21-07-2026 10:36:19","4006","Information","Microsoft-Windows-AppID","AppID certificate store is verified."
"21-07-2026 09:33:21","4006","Information","Microsoft-Windows-AppID","AppID certificate store is verified."
"21-07-2026 08:33:18","4006","Information","Microsoft-Windows-AppID","AppID certificate store is verified."
"21-07-2026 08:32:26","4006","Information","Microsoft-Windows-AppID","AppID certificate store is verified."
"21-07-2026 07:18:48","4006","Information","Microsoft-Windows-AppID","AppID certificate store is verified."
"21-07-2026 04:15:30","4006","Information","Microsoft-Windows-AppID","AppID certificate store is verified."
"21-07-2026 04:15:00","4006","Information","Microsoft-Windows-AppID","AppID certificate store is verified."
"21-07-2026 04:14:01","4006","Information","Microsoft-Windows-AppID","AppID certificate store is verified."
"20-07-2026 19:23:56","4006","Information","Microsoft-Windows-AppID","AppID certificate store is verified."
"20-07-2026 19:22:40","4006","Information","Microsoft-Windows-AppID","AppID certificate store is verified."
"20-07-2026 18:13:39","4006","Information","Microsoft-Windows-AppID","AppID certificate store is verified."
"20-07-2026 18:11:16","4006","Information","Microsoft-Windows-AppID","AppID certificate store is verified."
"20-07-2026 18:08:49","4006","Information","Microsoft-Windows-AppID","AppID certificate store is verified."
"20-07-2026 18:08:39","4006","Information","Microsoft-Windows-AppID","AppID certificate store is verified."
"20-07-2026 18:07:38","4006","Information","Microsoft-Windows-AppID","AppID certificate store is verified."
"20-07-2026 17:08:19","4006","Information","Microsoft-Windows-AppID","AppID certificate store is verified."
"20-07-2026 17:07:19","4006","Information","Microsoft-Windows-AppID","AppID certificate store is verified."
"20-07-2026 17:06:50","4006","Information","Microsoft-Windows-AppID","AppID certificate store is verified."
"20-07-2026 16:07:47","4006","Information","Microsoft-Windows-AppID","AppID certificate store is verified."
"20-07-2026 16:06:46","4006","Information","Microsoft-Windows-AppID","AppID certificate store is verified."
"20-07-2026 15:06:45","4006","Information","Microsoft-Windows-AppID","AppID certificate store is verified."
"20-07-2026 15:06:33","4006","Information","Microsoft-Windows-AppID","AppID certificate store is verified."
"20-07-2026 14:06:06","4006","Information","Microsoft-Windows-AppID","AppID certificate store is verified."
"20-07-2026 13:05:24","4006","Information","Microsoft-Windows-AppID","AppID certificate store is verified."
"20-07-2026 12:43:34","4006","Information","Microsoft-Windows-AppID","AppID certificate store is verified."
"20-07-2026 12:04:02","4006","Information","Microsoft-Windows-AppID","AppID certificate store is verified."
"20-07-2026 12:03:18","4006","Information","Microsoft-Windows-AppID","AppID certificate store is verified."
"20-07-2026 11:01:52","4006","Information","Microsoft-Windows-AppID","AppID certificate store is verified."
"20-07-2026 11:01:06","4006","Information","Microsoft-Windows-AppID","AppID certificate store is verified."
"20-07-2026 10:30:36","4006","Information","Microsoft-Windows-AppID","AppID certificate store is verified."
"20-07-2026 10:19:40","4006","Information","Microsoft-Windows-AppID","AppID certificate store is verified."
"20-07-2026 10:01:25","4006","Information","Microsoft-Windows-AppID","AppID certificate store is verified."
"20-07-2026 10:01:02","4005","Error","Microsoft-Windows-AppID","AppID certificate store verification failed. Status Unknown NTSTATUS Error code: 0x5."
"20-07-2026 10:01:02","4005","Error","Microsoft-Windows-AppID","AppID certificate store verification failed. Status Unknown NTSTATUS Error code: 0x5."
"20-07-2026 10:01:01","4005","Error","Microsoft-Windows-AppID","AppID certificate store verification failed. Status Unknown NTSTATUS Error code: 0x5."
"15-07-2026 17:25:43","4006","Information","Microsoft-Windows-AppID","AppID certificate store is verified."
"15-07-2026 17:24:42","4006","Information","Microsoft-Windows-AppID","AppID certificate store is verified."
"15-07-2026 17:24:22","4006","Information","Microsoft-Windows-AppID","AppID certificate store is verified."
"15-07-2026 17:23:39","4006","Information","Microsoft-Windows-AppID","AppID certificate store is verified."
"15-07-2026 16:24:06","4006","Information","Microsoft-Windows-AppID","AppID certificate store is verified."
"15-07-2026 16:23:36","4006","Information","Microsoft-Windows-AppID","AppID certificate store is verified."
"15-07-2026 16:23:04","4006","Information","Microsoft-Windows-AppID","AppID certificate store is verified."
"15-07-2026 15:23:33","4006","Information","Microsoft-Windows-AppID","AppID certificate store is verified."
"15-07-2026 15:22:23","4006","Information","Microsoft-Windows-AppID","AppID certificate store is verified."
"15-07-2026 14:23:26","4006","Information","Microsoft-Windows-AppID","AppID certificate store is verified."
"15-07-2026 14:22:17","4006","Information","Microsoft-Windows-AppID","AppID certificate store is verified."
"15-07-2026 13:23:25","4006","Information","Microsoft-Windows-AppID","AppID certificate store is verified."
"15-07-2026 13:23:11","4006","Information","Microsoft-Windows-AppID","AppID certificate store is verified."
"15-07-2026 13:21:53","4006","Information","Microsoft-Windows-AppID","AppID certificate store is verified."
"15-07-2026 13:05:39","4006","Information","Microsoft-Windows-AppID","AppID certificate store is verified."
"15-07-2026 12:21:52","4006","Information","Microsoft-Windows-AppID","AppID certificate store is verified."
"15-07-2026 12:21:35","4006","Information","Microsoft-Windows-AppID","AppID certificate store is verified."
"15-07-2026 11:21:15","4006","Information","Microsoft-Windows-AppID","AppID certificate store is verified."
"15-07-2026 11:20:29","4006","Information","Microsoft-Windows-AppID","AppID certificate store is verified."
"15-07-2026 10:19:07","4006","Information","Microsoft-Windows-AppID","AppID certificate store is verified."
"15-07-2026 10:18:23","4006","Information","Microsoft-Windows-AppID","AppID certificate store is verified."
"15-07-2026 09:17:34","4006","Information","Microsoft-Windows-AppID","AppID certificate store is verified."
"15-07-2026 09:16:02","4006","Information","Microsoft-Windows-AppID","AppID certificate store is verified."
"15-07-2026 06:19:12","4006","Information","Microsoft-Windows-AppID","AppID certificate store is verified."
"14-07-2026 21:26:10","4006","Information","Microsoft-Windows-AppID","AppID certificate store is verified."
"14-07-2026 20:53:03","4006","Information","Microsoft-Windows-AppID","AppID certificate store is verified."
"14-07-2026 20:52:37","4006","Information","Microsoft-Windows-AppID","AppID certificate store is verified."
"14-07-2026 19:49:16","4006","Information","Microsoft-Windows-AppID","AppID certificate store is verified."
"14-07-2026 19:48:47","4006","Information","Microsoft-Windows-AppID","AppID certificate store is verified."
"14-07-2026 19:47:36","4006","Information","Microsoft-Windows-AppID","AppID certificate store is verified."
"14-07-2026 18:48:43","4006","Information","Microsoft-Windows-AppID","AppID certificate store is verified."
"14-07-2026 18:46:59","4006","Information","Microsoft-Windows-AppID","AppID certificate store is verified."
"14-07-2026 18:46:06","4006","Information","Microsoft-Windows-AppID","AppID certificate store is verified."
"14-07-2026 17:47:57","4006","Information","Microsoft-Windows-AppID","AppID certificate store is verified."
"14-07-2026 17:47:47","4006","Information","Microsoft-Windows-AppID","AppID certificate store is verified."
"14-07-2026 17:44:56","4006","Information","Microsoft-Windows-AppID","AppID certificate store is verified."
"14-07-2026 16:46:19","4006","Information","Microsoft-Windows-AppID","AppID certificate store is verified."
"14-07-2026 16:45:22","4006","Information","Microsoft-Windows-AppID","AppID certificate store is verified."
"14-07-2026 16:43:58","4006","Information","Microsoft-Windows-AppID","AppID certificate store is verified."
"14-07-2026 15:45:09","4006","Information","Microsoft-Windows-AppID","AppID certificate store is verified."
"14-07-2026 15:43:58","4006","Information","Microsoft-Windows-AppID","AppID certificate store is verified."
"14-07-2026 14:41:58","4006","Information","Microsoft-Windows-AppID","AppID certificate store is verified."
"14-07-2026 14:41:22","4006","Information","Microsoft-Windows-AppID","AppID certificate store is verified."
"14-07-2026 13:40:18","4006","Information","Microsoft-Windows-AppID","AppID certificate store is verified."
"14-07-2026 12:39:44","4006","Information","Microsoft-Windows-AppID","AppID certificate store is verified."
"14-07-2026 12:39:24","4006","Information","Microsoft-Windows-AppID","AppID certificate store is verified."
"14-07-2026 11:38:31","4006","Information","Microsoft-Windows-AppID","AppID certificate store is verified."
"14-07-2026 11:38:16","4006","Information","Microsoft-Windows-AppID","AppID certificate store is verified."
"14-07-2026 11:38:04","4006","Information","Microsoft-Windows-AppID","AppID certificate store is verified."
"14-07-2026 10:37:59","4006","Information","Microsoft-Windows-AppID","AppID certificate store is verified."
"14-07-2026 10:37:35","4006","Information","Microsoft-Windows-AppID","AppID certificate store is verified."
"14-07-2026 10:37:24","4006","Information","Microsoft-Windows-AppID","AppID certificate store is verified."
"14-07-2026 09:37:08","4006","Information","Microsoft-Windows-AppID","AppID certificate store is verified."
"14-07-2026 05:57:17","4006","Information","Microsoft-Windows-AppID","AppID certificate store is verified."
"13-07-2026 19:52:18","4006","Information","Microsoft-Windows-AppID","AppID certificate store is verified."
"13-07-2026 19:52:01","4006","Information","Microsoft-Windows-AppID","AppID certificate store is verified."
"13-07-2026 18:51:13","4006","Information","Microsoft-Windows-AppID","AppID certificate store is verified."
"13-07-2026 18:50:24","4006","Information","Microsoft-Windows-AppID","AppID certificate store is verified."
"13-07-2026 17:49:46","4006","Information","Microsoft-Windows-AppID","AppID certificate store is verified."
"13-07-2026 16:47:03","4006","Information","Microsoft-Windows-AppID","AppID certificate store is verified."
"13-07-2026 16:46:44","4006","Information","Microsoft-Windows-AppID","AppID certificate store is verified."
"13-07-2026 16:46:11","4006","Information","Microsoft-Windows-AppID","AppID certificate store is verified."
"13-07-2026 16:45:52","4006","Information","Microsoft-Windows-AppID","AppID certificate store is verified."
"13-07-2026 15:45:50","4006","Information","Microsoft-Windows-AppID","AppID certificate store is verified."
"13-07-2026 15:45:11","4006","Information","Microsoft-Windows-AppID","AppID certificate store is verified."
"13-07-2026 14:44:39","4006","Information","Microsoft-Windows-AppID","AppID certificate store is verified."
"13-07-2026 14:44:12","4006","Information","Microsoft-Windows-AppID","AppID certificate store is verified."
"13-07-2026 14:43:52","4006","Information","Microsoft-Windows-AppID","AppID certificate store is verified."
"13-07-2026 14:43:01","4006","Information","Microsoft-Windows-AppID","AppID certificate store is verified."
"13-07-2026 13:44:04","4006","Information","Microsoft-Windows-AppID","AppID certificate store is verified."
"13-07-2026 13:42:54","4006","Information","Microsoft-Windows-AppID","AppID certificate store is verified."
"13-07-2026 13:16:59","4006","Information","Microsoft-Windows-AppID","AppID certificate store is verified."
"13-07-2026 12:43:39","4006","Information","Microsoft-Windows-AppID","AppID certificate store is verified."
"13-07-2026 12:42:14","4006","Information","Microsoft-Windows-AppID","AppID certificate store is verified."
"13-07-2026 12:41:26","4006","Information","Microsoft-Windows-AppID","AppID certificate store is verified."
"13-07-2026 11:43:20","4006","Information","Microsoft-Windows-AppID","AppID certificate store is verified."
"13-07-2026 11:42:57","4006","Information","Microsoft-Windows-AppID","AppID certificate store is verified."
"13-07-2026 11:40:12","4006","Information","Microsoft-Windows-AppID","AppID certificate store is verified."
"13-07-2026 10:42:01","4006","Information","Microsoft-Windows-AppID","AppID certificate store is verified."
"13-07-2026 10:41:14","4006","Information","Microsoft-Windows-AppID","AppID certificate store is verified."
"13-07-2026 10:40:08","4006","Information","Microsoft-Windows-AppID","AppID certificate store is verified."
"13-07-2026 09:40:48","4006","Information","Microsoft-Windows-AppID","AppID certificate store is verified."
"13-07-2026 09:40:10","4006","Information","Microsoft-Windows-AppID","AppID certificate store is verified."
"13-07-2026 09:39:49","4006","Information","Microsoft-Windows-AppID","AppID certificate store is verified."
"13-07-2026 09:39:22","4006","Information","Microsoft-Windows-AppID","AppID certificate store is verified."
"13-07-2026 00:55:07","4006","Information","Microsoft-Windows-AppID","AppID certificate store is verified."
"12-07-2026 22:31:56","4006","Information","Microsoft-Windows-AppID","AppID certificate store is verified."
"12-07-2026 20:25:15","4006","Information","Microsoft-Windows-AppID","AppID certificate store is verified."
"12-07-2026 20:22:22","4006","Information","Microsoft-Windows-AppID","AppID certificate store is verified."
"12-07-2026 19:29:56","4006","Information","Microsoft-Windows-AppID","AppID certificate store is verified."
"12-07-2026 19:25:06","4006","Information","Microsoft-Windows-AppID","AppID certificate store is verified."
"12-07-2026 19:24:55","4006","Information","Microsoft-Windows-AppID","AppID certificate store is verified."
"12-07-2026 19:23:55","4006","Information","Microsoft-Windows-AppID","AppID certificate store is verified."
"12-07-2026 19:22:05","4006","Information","Microsoft-Windows-AppID","AppID certificate store is verified."
"12-07-2026 18:23:41","4006","Information","Microsoft-Windows-AppID","AppID certificate store is verified."
"12-07-2026 18:23:26","4005","Error","Microsoft-Windows-AppID","AppID certificate store verification failed. Status Unknown NTSTATUS Error code: 0x5."
"12-07-2026 18:23:26","4005","Error","Microsoft-Windows-AppID","AppID certificate store verification failed. Status Unknown NTSTATUS Error code: 0x5."
"11-07-2026 18:20:56","4006","Information","Microsoft-Windows-AppID","AppID certificate store is verified."
"11-07-2026 17:20:39","4006","Information","Microsoft-Windows-AppID","AppID certificate store is verified."
"11-07-2026 17:16:55","4006","Information","Microsoft-Windows-AppID","AppID certificate store is verified."
"11-07-2026 15:13:41","4006","Information","Microsoft-Windows-AppID","AppID certificate store is verified."
"11-07-2026 14:13:40","4006","Information","Microsoft-Windows-AppID","AppID certificate store is verified."
"11-07-2026 13:13:10","4006","Information","Microsoft-Windows-AppID","AppID certificate store is verified."
"11-07-2026 13:12:21","4006","Information","Microsoft-Windows-AppID","AppID certificate store is verified."
"11-07-2026 13:11:54","4006","Information","Microsoft-Windows-AppID","AppID certificate store is verified."
"11-07-2026 12:12:05","4006","Information","Microsoft-Windows-AppID","AppID certificate store is verified."
"11-07-2026 12:11:52","4006","Information","Microsoft-Windows-AppID","AppID certificate store is verified."
"11-07-2026 12:11:07","4006","Information","Microsoft-Windows-AppID","AppID certificate store is verified."
"11-07-2026 12:10:54","4006","Information","Microsoft-Windows-AppID","AppID certificate store is verified."
"11-07-2026 11:11:54","4006","Information","Microsoft-Windows-AppID","AppID certificate store is verified."
"11-07-2026 11:11:32","4006","Information","Microsoft-Windows-AppID","AppID certificate store is verified."
"11-07-2026 11:10:52","4006","Information","Microsoft-Windows-AppID","AppID certificate store is verified."
"11-07-2026 11:10:20","4006","Information","Microsoft-Windows-AppID","AppID certificate store is verified."
"11-07-2026 10:10:29","4006","Information","Microsoft-Windows-AppID","AppID certificate store is verified."
"11-07-2026 10:09:34","4006","Information","Microsoft-Windows-AppID","AppID certificate store is verified."
"11-07-2026 10:09:18","4006","Information","Microsoft-Windows-AppID","AppID certificate store is verified."
"11-07-2026 09:10:25","4006","Information","Microsoft-Windows-AppID","AppID certificate store is verified."
"11-07-2026 09:10:08","4005","Error","Microsoft-Windows-AppID","AppID certificate store verification failed. Status Unknown NTSTATUS Error code: 0x5."
"11-07-2026 09:10:08","4005","Error","Microsoft-Windows-AppID","AppID certificate store verification failed. Status Unknown NTSTATUS Error code: 0x5."
"10-07-2026 16:06:25","4006","Information","Microsoft-Windows-AppID","AppID certificate store is verified."
"10-07-2026 16:06:01","4006","Information","Microsoft-Windows-AppID","AppID certificate store is verified."
"10-07-2026 15:05:24","4006","Information","Microsoft-Windows-AppID","AppID certificate store is verified."
"10-07-2026 14:04:42","4006","Information","Microsoft-Windows-AppID","AppID certificate store is verified."
"10-07-2026 13:10:13","4006","Information","Microsoft-Windows-AppID","AppID certificate store is verified."
"10-07-2026 13:04:29","4006","Information","Microsoft-Windows-AppID","AppID certificate store is verified."
"10-07-2026 13:03:53","4006","Information","Microsoft-Windows-AppID","AppID certificate store is verified."
"10-07-2026 12:03:45","4006","Information","Microsoft-Windows-AppID","AppID certificate store is verified."
"10-07-2026 12:02:46","4006","Information","Microsoft-Windows-AppID","AppID certificate store is verified."
"10-07-2026 11:01:23","4006","Information","Microsoft-Windows-AppID","AppID certificate store is verified."
"10-07-2026 11:00:44","4006","Information","Microsoft-Windows-AppID","AppID certificate store is verified."
"10-07-2026 11:00:26","4006","Information","Microsoft-Windows-AppID","AppID certificate store is verified."
"10-07-2026 11:00:12","4006","Information","Microsoft-Windows-AppID","AppID certificate store is verified."
"10-07-2026 10:00:07","4006","Information","Microsoft-Windows-AppID","AppID certificate store is verified."
"09-07-2026 20:19:28","4006","Information","Microsoft-Windows-AppID","AppID certificate store is verified."
"09-07-2026 19:18:58","4006","Information","Microsoft-Windows-AppID","AppID certificate store is verified."
"09-07-2026 19:18:45","4006","Information","Microsoft-Windows-AppID","AppID certificate store is verified."
"09-07-2026 18:17:50","4006","Information","Microsoft-Windows-AppID","AppID certificate store is verified."
"09-07-2026 18:17:02","4006","Information","Microsoft-Windows-AppID","AppID certificate store is verified."
"09-07-2026 17:16:51","4006","Information","Microsoft-Windows-AppID","AppID certificate store is verified."
"09-07-2026 16:16:21","4006","Information","Microsoft-Windows-AppID","AppID certificate store is verified."
"09-07-2026 15:16:10","4006","Information","Microsoft-Windows-AppID","AppID certificate store is verified."
"09-07-2026 15:15:45","4006","Information","Microsoft-Windows-AppID","AppID certificate store is verified."
"09-07-2026 14:14:25","4006","Information","Microsoft-Windows-AppID","AppID certificate store is verified."
"09-07-2026 13:13:52","4006","Information","Microsoft-Windows-AppID","AppID certificate store is verified."
"09-07-2026 13:13:32","4006","Information","Microsoft-Windows-AppID","AppID certificate store is verified."
"09-07-2026 12:29:43","4006","Information","Microsoft-Windows-AppID","AppID certificate store is verified."
"09-07-2026 12:13:18","4006","Information","Microsoft-Windows-AppID","AppID certificate store is verified."
"09-07-2026 12:13:02","4006","Information","Microsoft-Windows-AppID","AppID certificate store is verified."
"09-07-2026 11:11:50","4006","Information","Microsoft-Windows-AppID","AppID certificate store is verified."
"09-07-2026 11:11:09","4006","Information","Microsoft-Windows-AppID","AppID certificate store is verified."
"09-07-2026 11:10:39","4006","Information","Microsoft-Windows-AppID","AppID certificate store is verified."
"09-07-2026 10:11:06","4006","Information","Microsoft-Windows-AppID","AppID certificate store is verified."
"09-07-2026 10:10:32","4006","Information","Microsoft-Windows-AppID","AppID certificate store is verified."
"09-07-2026 10:10:16","4006","Information","Microsoft-Windows-AppID","AppID certificate store is verified."
"09-07-2026 10:09:55","4006","Information","Microsoft-Windows-AppID","AppID certificate store is verified."
"09-07-2026 09:10:21","4006","Information","Microsoft-Windows-AppID","AppID certificate store is verified."
"09-07-2026 09:09:24","4006","Information","Microsoft-Windows-AppID","AppID certificate store is verified."
"08-07-2026 19:26:41","4006","Information","Microsoft-Windows-AppID","AppID certificate store is verified."
"08-07-2026 19:25:45","4006","Information","Microsoft-Windows-AppID","AppID certificate store is verified."
"08-07-2026 18:25:13","4006","Information","Microsoft-Windows-AppID","AppID certificate store is verified."
"08-07-2026 18:25:02","4006","Information","Microsoft-Windows-AppID","AppID certificate store is verified."
"08-07-2026 18:24:30","4006","Information","Microsoft-Windows-AppID","AppID certificate store is verified."
"08-07-2026 17:24:28","4006","Information","Microsoft-Windows-AppID","AppID certificate store is verified."
"08-07-2026 17:24:04","4006","Information","Microsoft-Windows-AppID","AppID certificate store is verified."
"08-07-2026 16:23:59","4006","Information","Microsoft-Windows-AppID","AppID certificate store is verified."
"08-07-2026 15:23:25","4006","Information","Microsoft-Windows-AppID","AppID certificate store is verified."
"08-07-2026 15:23:13","4006","Information","Microsoft-Windows-AppID","AppID certificate store is verified."
"08-07-2026 14:22:46","4006","Information","Microsoft-Windows-AppID","AppID certificate store is verified."
"08-07-2026 13:22:20","4006","Information","Microsoft-Windows-AppID","AppID certificate store is verified."
"08-07-2026 12:36:57","4006","Information","Microsoft-Windows-AppID","AppID certificate store is verified."
"08-07-2026 12:21:54","4006","Information","Microsoft-Windows-AppID","AppID certificate store is verified."
"08-07-2026 12:21:38","4006","Information","Microsoft-Windows-AppID","AppID certificate store is verified."
"08-07-2026 11:21:10","4006","Information","Microsoft-Windows-AppID","AppID certificate store is verified."
"08-07-2026 11:20:42","4006","Information","Microsoft-Windows-AppID","AppID certificate store is verified."
"08-07-2026 11:19:59","4006","Information","Microsoft-Windows-AppID","AppID certificate store is verified."
"08-07-2026 10:20:09","4006","Information","Microsoft-Windows-AppID","AppID certificate store is verified."
"08-07-2026 10:19:52","4006","Information","Microsoft-Windows-AppID","AppID certificate store is verified."
"08-07-2026 10:19:25","4006","Information","Microsoft-Windows-AppID","AppID certificate store is verified."
"08-07-2026 08:29:50","4006","Information","Microsoft-Windows-AppID","AppID certificate store is verified."
"08-07-2026 08:29:27","4006","Information","Microsoft-Windows-AppID","AppID certificate store is verified."
"07-07-2026 19:27:14","4006","Information","Microsoft-Windows-AppID","AppID certificate store is verified."
"07-07-2026 19:26:23","4006","Information","Microsoft-Windows-AppID","AppID certificate store is verified."
"07-07-2026 18:25:22","4006","Information","Microsoft-Windows-AppID","AppID certificate store is verified."
"07-07-2026 17:25:01","4006","Information","Microsoft-Windows-AppID","AppID certificate store is verified."
"07-07-2026 16:22:12","4006","Information","Microsoft-Windows-AppID","AppID certificate store is verified."
"07-07-2026 15:20:48","4006","Information","Microsoft-Windows-AppID","AppID certificate store is verified."
"07-07-2026 15:20:10","4006","Information","Microsoft-Windows-AppID","AppID certificate store is verified."
"07-07-2026 14:19:48","4006","Information","Microsoft-Windows-AppID","AppID certificate store is verified."
"07-07-2026 13:18:11","4006","Information","Microsoft-Windows-AppID","AppID certificate store is verified."
"07-07-2026 13:09:34","4006","Information","Microsoft-Windows-AppID","AppID certificate store is verified."
"07-07-2026 12:13:50","4006","Information","Microsoft-Windows-AppID","AppID certificate store is verified."
"07-07-2026 12:13:24","4006","Information","Microsoft-Windows-AppID","AppID certificate store is verified."
"07-07-2026 12:13:05","4006","Information","Microsoft-Windows-AppID","AppID certificate store is verified."
"07-07-2026 12:12:48","4006","Information","Microsoft-Windows-AppID","AppID certificate store is verified."
"07-07-2026 11:11:05","4006","Information","Microsoft-Windows-AppID","AppID certificate store is verified."
"07-07-2026 10:09:45","4006","Information","Microsoft-Windows-AppID","AppID certificate store is verified."
"07-07-2026 09:08:59","4006","Information","Microsoft-Windows-AppID","AppID certificate store is verified."
"07-07-2026 09:08:00","4006","Information","Microsoft-Windows-AppID","AppID certificate store is verified."
"07-07-2026 04:39:11","4006","Information","Microsoft-Windows-AppID","AppID certificate store is verified."
"06-07-2026 18:38:35","4006","Information","Microsoft-Windows-AppID","AppID certificate store is verified."
"06-07-2026 18:37:59","4006","Information","Microsoft-Windows-AppID","AppID certificate store is verified."
"06-07-2026 18:25:38","4006","Information","Microsoft-Windows-AppID","AppID certificate store is verified."
"06-07-2026 17:36:24","4006","Information","Microsoft-Windows-AppID","AppID certificate store is verified."
"06-07-2026 17:21:31","4006","Information","Microsoft-Windows-AppID","AppID certificate store is verified."
"06-07-2026 16:36:02","4006","Information","Microsoft-Windows-AppID","AppID certificate store is verified."
"06-07-2026 16:20:28","4006","Information","Microsoft-Windows-AppID","AppID certificate store is verified."
"06-07-2026 15:33:05","4006","Information","Microsoft-Windows-AppID","AppID certificate store is verified."
"06-07-2026 15:19:37","4006","Information","Microsoft-Windows-AppID","AppID certificate store is verified."
"06-07-2026 14:32:58","4006","Information","Microsoft-Windows-AppID","AppID certificate store is verified."
"06-07-2026 14:31:58","4006","Information","Microsoft-Windows-AppID","AppID certificate store is verified."
"06-07-2026 14:18:26","4006","Information","Microsoft-Windows-AppID","AppID certificate store is verified."
"06-07-2026 14:18:09","4006","Information","Microsoft-Windows-AppID","AppID certificate store is verified."
"06-07-2026 13:31:13","4006","Information","Microsoft-Windows-AppID","AppID certificate store is verified."
"06-07-2026 13:16:51","4006","Information","Microsoft-Windows-AppID","AppID certificate store is verified."
"06-07-2026 13:03:01","4006","Information","Microsoft-Windows-AppID","AppID certificate store is verified."
"06-07-2026 12:27:15","4006","Information","Microsoft-Windows-AppID","AppID certificate store is verified."
"06-07-2026 12:26:58","4006","Information","Microsoft-Windows-AppID","AppID certificate store is verified."
"06-07-2026 12:26:20","4006","Information","Microsoft-Windows-AppID","AppID certificate store is verified."
"06-07-2026 12:15:38","4006","Information","Microsoft-Windows-AppID","AppID certificate store is verified."
"06-07-2026 11:25:45","4006","Information","Microsoft-Windows-AppID","AppID certificate store is verified."
"06-07-2026 11:24:46","4006","Information","Microsoft-Windows-AppID","AppID certificate store is verified."
"06-07-2026 11:15:21","4006","Information","Microsoft-Windows-AppID","AppID certificate store is verified."
"06-07-2026 11:14:55","4006","Information","Microsoft-Windows-AppID","AppID certificate store is verified."
"06-07-2026 10:23:10","4006","Information","Microsoft-Windows-AppID","AppID certificate store is verified."
"06-07-2026 10:22:14","4006","Information","Microsoft-Windows-AppID","AppID certificate store is verified."
"06-07-2026 10:13:07","4006","Information","Microsoft-Windows-AppID","AppID certificate store is verified."
"06-07-2026 09:20:12","4006","Information","Microsoft-Windows-AppID","AppID certificate store is verified."
"06-07-2026 09:16:15","4006","Information","Microsoft-Windows-AppID","AppID certificate store is verified."
"06-07-2026 09:12:51","4006","Information","Microsoft-Windows-AppID","AppID certificate store is verified."
"06-07-2026 09:12:16","4006","Information","Microsoft-Windows-AppID","AppID certificate store is verified."
"06-07-2026 09:11:50","4006","Information","Microsoft-Windows-AppID","AppID certificate store is verified."
"06-07-2026 09:11:16","4006","Information","Microsoft-Windows-AppID","AppID certificate store is verified."
"04-07-2026 13:55:32","4006","Information","Microsoft-Windows-AppID","AppID certificate store is verified."
"04-07-2026 13:54:43","4006","Information","Microsoft-Windows-AppID","AppID certificate store is verified."
"04-07-2026 13:54:30","4006","Information","Microsoft-Windows-AppID","AppID certificate store is verified."
"03-07-2026 20:03:40","4006","Information","Microsoft-Windows-AppID","AppID certificate store is verified."
"03-07-2026 19:34:57","4006","Information","Microsoft-Windows-AppID","AppID certificate store is verified."
"03-07-2026 19:29:57","4006","Information","Microsoft-Windows-AppID","AppID certificate store is verified."
"03-07-2026 19:28:56","4006","Information","Microsoft-Windows-AppID","AppID certificate store is verified."
"03-07-2026 19:25:17","4006","Information","Microsoft-Windows-AppID","AppID certificate store is verified."
"03-07-2026 18:26:13","4006","Information","Microsoft-Windows-AppID","AppID certificate store is verified."
"03-07-2026 18:25:47","4006","Information","Microsoft-Windows-AppID","AppID certificate store is verified."
"03-07-2026 18:23:24","4006","Information","Microsoft-Windows-AppID","AppID certificate store is verified."
"03-07-2026 17:24:49","4006","Information","Microsoft-Windows-AppID","AppID certificate store is verified."
"03-07-2026 17:22:18","4006","Information","Microsoft-Windows-AppID","AppID certificate store is verified."
"03-07-2026 16:51:40","4006","Information","Microsoft-Windows-AppID","AppID certificate store is verified."
"03-07-2026 16:22:53","4006","Information","Microsoft-Windows-AppID","AppID certificate store is verified."
"03-07-2026 16:22:33","4006","Information","Microsoft-Windows-AppID","AppID certificate store is verified."
"03-07-2026 16:22:02","4006","Information","Microsoft-Windows-AppID","AppID certificate store is verified."
"03-07-2026 14:41:14","4006","Information","Microsoft-Windows-AppID","AppID certificate store is verified."
"03-07-2026 13:42:09","4006","Information","Microsoft-Windows-AppID","AppID certificate store is verified."
"03-07-2026 13:41:07","4006","Information","Microsoft-Windows-AppID","AppID certificate store is verified."
"03-07-2026 12:40:21","4006","Information","Microsoft-Windows-AppID","AppID certificate store is verified."
"03-07-2026 12:40:08","4006","Information","Microsoft-Windows-AppID","AppID certificate store is verified."
"03-07-2026 11:43:29","4006","Information","Microsoft-Windows-AppID","AppID certificate store is verified."
"03-07-2026 11:38:39","4006","Information","Microsoft-Windows-AppID","AppID certificate store is verified."
"03-07-2026 11:38:28","4006","Information","Microsoft-Windows-AppID","AppID certificate store is verified."
"03-07-2026 11:37:28","4006","Information","Microsoft-Windows-AppID","AppID certificate store is verified."
"03-07-2026 10:36:36","4006","Information","Microsoft-Windows-AppID","AppID certificate store is verified."
"03-07-2026 09:36:16","4006","Information","Microsoft-Windows-AppID","AppID certificate store is verified."
"03-07-2026 05:40:08","4006","Information","Microsoft-Windows-AppID","AppID certificate store is verified."
"02-07-2026 19:23:38","4006","Information","Microsoft-Windows-AppID","AppID certificate store is verified."
"02-07-2026 18:22:38","4006","Information","Microsoft-Windows-AppID","AppID certificate store is verified."
"02-07-2026 17:22:32","4006","Information","Microsoft-Windows-AppID","AppID certificate store is verified."
"02-07-2026 16:21:59","4006","Information","Microsoft-Windows-AppID","AppID certificate store is verified."
"02-07-2026 16:20:58","4006","Information","Microsoft-Windows-AppID","AppID certificate store is verified."
"02-07-2026 15:21:27","4006","Information","Microsoft-Windows-AppID","AppID certificate store is verified."
"02-07-2026 15:19:53","4006","Information","Microsoft-Windows-AppID","AppID certificate store is verified."
"02-07-2026 15:19:37","4006","Information","Microsoft-Windows-AppID","AppID certificate store is verified."
"02-07-2026 15:19:27","4006","Information","Microsoft-Windows-AppID","AppID certificate store is verified."
"02-07-2026 15:18:27","4006","Information","Microsoft-Windows-AppID","AppID certificate store is verified."
"02-07-2026 14:19:06","4006","Information","Microsoft-Windows-AppID","AppID certificate store is verified."
"02-07-2026 14:18:10","4006","Information","Microsoft-Windows-AppID","AppID certificate store is verified."
"02-07-2026 14:17:56","4006","Information","Microsoft-Windows-AppID","AppID certificate store is verified."
"02-07-2026 13:18:32","4006","Information","Microsoft-Windows-AppID","AppID certificate store is verified."
"02-07-2026 13:17:36","4006","Information","Microsoft-Windows-AppID","AppID certificate store is verified."
"02-07-2026 13:17:21","4006","Information","Microsoft-Windows-AppID","AppID certificate store is verified."
"02-07-2026 12:17:25","4006","Information","Microsoft-Windows-AppID","AppID certificate store is verified."
"02-07-2026 11:14:49","4006","Information","Microsoft-Windows-AppID","AppID certificate store is verified."
"02-07-2026 10:13:14","4006","Information","Microsoft-Windows-AppID","AppID certificate store is verified."
"02-07-2026 09:13:08","4006","Information","Microsoft-Windows-AppID","AppID certificate store is verified."
"02-07-2026 09:12:11","4006","Information","Microsoft-Windows-AppID","AppID certificate store is verified."
"02-07-2026 02:32:49","4006","Information","Microsoft-Windows-AppID","AppID certificate store is verified."
"01-07-2026 16:44:57","4006","Information","Microsoft-Windows-AppID","AppID certificate store is verified."
"01-07-2026 16:44:19","4006","Information","Microsoft-Windows-AppID","AppID certificate store is verified."
"01-07-2026 15:43:57","4006","Information","Microsoft-Windows-AppID","AppID certificate store is verified."
"01-07-2026 15:43:17","4006","Information","Microsoft-Windows-AppID","AppID certificate store is verified."
"01-07-2026 14:43:11","4006","Information","Microsoft-Windows-AppID","AppID certificate store is verified."
"01-07-2026 13:43:05","4006","Information","Microsoft-Windows-AppID","AppID certificate store is verified."
"01-07-2026 13:42:39","4006","Information","Microsoft-Windows-AppID","AppID certificate store is verified."
"01-07-2026 13:42:24","4006","Information","Microsoft-Windows-AppID","AppID certificate store is verified."
"01-07-2026 13:08:28","4006","Information","Microsoft-Windows-AppID","AppID certificate store is verified."
"01-07-2026 12:42:20","4006","Information","Microsoft-Windows-AppID","AppID certificate store is verified."
"01-07-2026 12:41:36","4006","Information","Microsoft-Windows-AppID","AppID certificate store is verified."
"01-07-2026 11:41:15","4006","Information","Microsoft-Windows-AppID","AppID certificate store is verified."
"01-07-2026 10:41:05","4006","Information","Microsoft-Windows-AppID","AppID certificate store is verified."
"01-07-2026 10:40:06","4006","Information","Microsoft-Windows-AppID","AppID certificate store is verified."
"01-07-2026 09:40:01","4006","Information","Microsoft-Windows-AppID","AppID certificate store is verified."
"01-07-2026 09:36:05","4006","Information","Microsoft-Windows-AppID","AppID certificate store is verified."
"01-07-2026 09:35:39","4006","Information","Microsoft-Windows-AppID","AppID certificate store is verified."
"01-07-2026 09:35:33","4005","Error","Microsoft-Windows-AppID","AppID certificate store verification failed. Status Unknown NTSTATUS Error code: 0x5."
"30-06-2026 18:31:22","4006","Information","Microsoft-Windows-AppID","AppID certificate store is verified."
"30-06-2026 18:30:44","4006","Information","Microsoft-Windows-AppID","AppID certificate store is verified."
"30-06-2026 18:26:14","4006","Information","Microsoft-Windows-AppID","AppID certificate store is verified."
