"11-08-2026 12:07:09","62170","Information","Microsoft-Windows-Shell-Core","Logon task 'ShellPrep' started with flags 132096."
"11-08-2026 12:07:09","62171","Information","Microsoft-Windows-Shell-Core","Logon task 'BackupRestoreCoordinator' finished with flags 132096."
"11-08-2026 12:07:09","62170","Information","Microsoft-Windows-Shell-Core","Logon task 'BackupRestoreCoordinator' started with flags 132096."
"11-08-2026 12:07:09","62170","Information","Microsoft-Windows-Shell-Core","Logon task 'PreRoamingTasks' started with flags 132096."
"11-08-2026 12:07:09","62170","Information","Microsoft-Windows-Shell-Core","Logon task 'AllLogonTasks' started with flags 132096."
"11-08-2026 09:11:32","28019","Information","Microsoft-Windows-Shell-Core","AppResolver Cache Committed."
"11-08-2026 09:11:32","28018","Information","Microsoft-Windows-Shell-Core","AppResolver Scan Stopped."
"11-08-2026 09:11:32","28117","Information","Microsoft-Windows-Shell-Core","Shortcut for application Google Chrome with ID Chrome and flags 0x11 is updated in app resolver cache."
"11-08-2026 09:11:32","28032","Information","Microsoft-Windows-Shell-Core","AppResolver has parsed the visual elements manifest for a tile."
"11-08-2026 09:11:32","28117","Information","Microsoft-Windows-Shell-Core","Shortcut for application Google Chrome with ID Chrome and flags 0x31 is updated in app resolver cache."
"11-08-2026 09:11:32","28032","Information","Microsoft-Windows-Shell-Core","AppResolver has parsed the visual elements manifest for a tile."
"11-08-2026 09:11:32","28017","Information","Microsoft-Windows-Shell-Core","AppResolver Scan Started."
"10-08-2026 11:05:49","62144","Information","Microsoft-Windows-Shell-Core","Updating install state of package Microsoft.OneDriveSync_8wekyb3d8bbwe to 'Completed' with HRESULT 0."
"10-08-2026 11:05:49","62144","Information","Microsoft-Windows-Shell-Core","Updating install state of package Microsoft.OneDriveSync_8wekyb3d8bbwe to 'Installing' with HRESULT 0."
"10-08-2026 11:05:39","62144","Information","Microsoft-Windows-Shell-Core","Updating install state of package Microsoft.OneDriveSync_8wekyb3d8bbwe to 'Completed' with HRESULT 0."
"10-08-2026 11:05:38","62144","Information","Microsoft-Windows-Shell-Core","Updating install state of package Microsoft.OneDriveSync_8wekyb3d8bbwe to 'Installing' with HRESULT 0."
"10-08-2026 11:05:34","28019","Information","Microsoft-Windows-Shell-Core","AppResolver Cache Committed."
"10-08-2026 11:05:34","28018","Information","Microsoft-Windows-Shell-Core","AppResolver Scan Stopped."
"10-08-2026 11:05:34","28117","Information","Microsoft-Windows-Shell-Core","Shortcut for application OneDrive with ID Microsoft.SkyDrive.Desktop and flags 0x31 is updated in app resolver cache."
"10-08-2026 11:05:34","28032","Information","Microsoft-Windows-Shell-Core","AppResolver has parsed the visual elements manifest for a tile."
"10-08-2026 11:05:34","28017","Information","Microsoft-Windows-Shell-Core","AppResolver Scan Started."
"10-08-2026 10:13:06","62144","Information","Microsoft-Windows-Shell-Core","Updating install state of package Microsoft.MicrosoftEdge.Stable_8wekyb3d8bbwe to 'Completed' with HRESULT 0."
"10-08-2026 10:13:06","62144","Information","Microsoft-Windows-Shell-Core","Updating install state of package Microsoft.MicrosoftEdge.Stable_8wekyb3d8bbwe to 'Installing' with HRESULT 0."
"10-08-2026 09:51:14","28018","Information","Microsoft-Windows-Shell-Core","AppResolver Scan Stopped."
"10-08-2026 09:51:14","28017","Information","Microsoft-Windows-Shell-Core","AppResolver Scan Started."
"10-08-2026 09:51:11","28019","Information","Microsoft-Windows-Shell-Core","AppResolver Cache Committed."
"10-08-2026 09:51:11","28018","Information","Microsoft-Windows-Shell-Core","AppResolver Scan Stopped."
"10-08-2026 09:51:11","28117","Information","Microsoft-Windows-Shell-Core","Shortcut for application Dell Display and Peripheral Manager with ID {6D809377-6AF0-444B-8957-A3773F02200E}\Dell\Dell Display and Peripheral Manager\DDPM.exe and flags 0x8030 is updated in app resolver cache."
"10-08-2026 09:51:11","28017","Information","Microsoft-Windows-Shell-Core","AppResolver Scan Started."
"10-08-2026 09:48:12","28018","Information","Microsoft-Windows-Shell-Core","AppResolver Scan Stopped."
"10-08-2026 09:48:12","28017","Information","Microsoft-Windows-Shell-Core","AppResolver Scan Started."
"10-08-2026 09:47:58","28019","Information","Microsoft-Windows-Shell-Core","AppResolver Cache Committed."
"10-08-2026 09:47:57","28018","Information","Microsoft-Windows-Shell-Core","AppResolver Scan Stopped."
"10-08-2026 09:47:57","28117","Information","Microsoft-Windows-Shell-Core","Shortcut for application Microsoft Edge with ID MSEdge and flags 0x19 is updated in app resolver cache."
"10-08-2026 09:47:57","28032","Information","Microsoft-Windows-Shell-Core","AppResolver has parsed the visual elements manifest for a tile."
"10-08-2026 09:47:57","28117","Information","Microsoft-Windows-Shell-Core","Shortcut for application Microsoft Edge with ID MSEdge and flags 0x39 is updated in app resolver cache."
"10-08-2026 09:47:57","28032","Information","Microsoft-Windows-Shell-Core","AppResolver has parsed the visual elements manifest for a tile."
"10-08-2026 09:47:56","28017","Information","Microsoft-Windows-Shell-Core","AppResolver Scan Started."
"10-08-2026 09:45:36","9706","Information","Microsoft-Windows-Shell-Core","Finished enumeration of commands for registry key 'Software\Microsoft\Windows\CurrentVersion\Run'."
"10-08-2026 09:45:36","9708","Information","Microsoft-Windows-Shell-Core","Finished execution of command 'TrGUI.exe""' (PID 18736)."
"10-08-2026 09:45:05","9707","Information","Microsoft-Windows-Shell-Core","Started execution of command 'TrGUI.exe""'."
"10-08-2026 09:45:05","9705","Information","Microsoft-Windows-Shell-Core","Started enumeration of commands for registry key 'Software\Microsoft\Windows\CurrentVersion\Run'."
"10-08-2026 09:45:05","9649","Information","Microsoft-Windows-Shell-Core",
"10-08-2026 09:45:05","9648","Information","Microsoft-Windows-Shell-Core",
"10-08-2026 09:45:05","9649","Information","Microsoft-Windows-Shell-Core",
"10-08-2026 09:45:05","9648","Information","Microsoft-Windows-Shell-Core",
"10-08-2026 09:45:05","9649","Information","Microsoft-Windows-Shell-Core",
"10-08-2026 09:45:05","9706","Information","Microsoft-Windows-Shell-Core","Finished enumeration of commands for registry key 'Software\Microsoft\Windows\CurrentVersion\RunOnce'."
"10-08-2026 09:45:05","9705","Information","Microsoft-Windows-Shell-Core","Started enumeration of commands for registry key 'Software\Microsoft\Windows\CurrentVersion\RunOnce'."
"10-08-2026 09:45:05","62409","Information","Microsoft-Windows-Shell-Core","Finished execution of command 'm365copilot_autostarter.exe' (PID 1760)."
"10-08-2026 09:44:33","62408","Information","Microsoft-Windows-Shell-Core","Started execution of command 'm365copilot_autostarter.exe'."
"10-08-2026 09:44:33","62409","Information","Microsoft-Windows-Shell-Core","Finished execution of command 'msteams_autostarter.exe' (PID 15344)."
"10-08-2026 09:44:03","62408","Information","Microsoft-Windows-Shell-Core","Started execution of command 'msteams_autostarter.exe'."
"10-08-2026 09:44:03","9706","Information","Microsoft-Windows-Shell-Core","Finished enumeration of commands for registry key 'Software\Microsoft\Windows\CurrentVersion\Run'."
"10-08-2026 09:44:03","9708","Information","Microsoft-Windows-Shell-Core","Finished execution of command 'msedge.exe"" --no-startup-window --win-session-start' (PID 19800)."
"10-08-2026 09:44:02","9707","Information","Microsoft-Windows-Shell-Core","Started execution of command 'msedge.exe"" --no-startup-window --win-session-start'."
"10-08-2026 09:44:02","9708","Information","Microsoft-Windows-Shell-Core","Finished execution of command 'OneDrive.Sync.Service.exe' (PID 2196)."
"10-08-2026 09:44:02","9707","Information","Microsoft-Windows-Shell-Core","Started execution of command 'OneDrive.Sync.Service.exe'."
"10-08-2026 09:44:02","9708","Information","Microsoft-Windows-Shell-Core","Finished execution of command 'OneDrive.exe"" /background' (PID 14304)."
"10-08-2026 09:43:45","62144","Information","Microsoft-Windows-Shell-Core","Updating install state of package Microsoft.OneDriveSync_8wekyb3d8bbwe to 'Completed' with HRESULT 0."
"10-08-2026 09:43:45","62144","Information","Microsoft-Windows-Shell-Core","Updating install state of package Microsoft.OneDriveSync_8wekyb3d8bbwe to 'Installing' with HRESULT 0."
"10-08-2026 09:43:35","9707","Information","Microsoft-Windows-Shell-Core","Started execution of command 'OneDrive.exe"" /background'."
"10-08-2026 09:43:35","9705","Information","Microsoft-Windows-Shell-Core","Started enumeration of commands for registry key 'Software\Microsoft\Windows\CurrentVersion\Run'."
"10-08-2026 09:43:35","9706","Information","Microsoft-Windows-Shell-Core","Finished enumeration of commands for registry key 'Software\Microsoft\Windows\CurrentVersion\Run'."
"10-08-2026 09:43:35","9708","Information","Microsoft-Windows-Shell-Core","Finished execution of command 'Seagull_DriverStartup.exe startup' (PID 16972)."
"10-08-2026 09:43:05","9707","Information","Microsoft-Windows-Shell-Core","Started execution of command 'Seagull_DriverStartup.exe startup'."
"10-08-2026 09:43:05","9708","Information","Microsoft-Windows-Shell-Core","Finished execution of command 'CLAudioBackgroundProcess.exe' (PID 16456)."
"10-08-2026 09:42:35","9707","Information","Microsoft-Windows-Shell-Core","Started execution of command 'CLAudioBackgroundProcess.exe'."
"10-08-2026 09:42:35","9708","Information","Microsoft-Windows-Shell-Core","Finished execution of command 'SecurityHealthSystray.exe' (PID 22936)."
"10-08-2026 09:42:10","62144","Information","Microsoft-Windows-Shell-Core","Updating install state of package Microsoft.MicrosoftOfficeHub_8wekyb3d8bbwe to 'Completed' with HRESULT 0."
"10-08-2026 09:42:04","9707","Information","Microsoft-Windows-Shell-Core","Started execution of command 'SecurityHealthSystray.exe'."
"10-08-2026 09:42:04","9705","Information","Microsoft-Windows-Shell-Core","Started enumeration of commands for registry key 'Software\Microsoft\Windows\CurrentVersion\Run'."
"10-08-2026 09:42:01","62144","Information","Microsoft-Windows-Shell-Core","Updating install state of package Microsoft.MicrosoftOfficeHub_8wekyb3d8bbwe to 'Installing' with HRESULT 0."
"10-08-2026 09:41:42","28019","Information","Microsoft-Windows-Shell-Core","AppResolver Cache Committed."
"10-08-2026 09:41:42","28018","Information","Microsoft-Windows-Shell-Core","AppResolver Scan Stopped."
"10-08-2026 09:41:42","28017","Information","Microsoft-Windows-Shell-Core","AppResolver Scan Started."
"10-08-2026 09:41:34","9648","Information","Microsoft-Windows-Shell-Core",
"10-08-2026 09:41:34","9649","Information","Microsoft-Windows-Shell-Core",
"10-08-2026 09:41:34","9653","Information","Microsoft-Windows-Shell-Core",
"10-08-2026 09:41:34","9653","Information","Microsoft-Windows-Shell-Core",
"10-08-2026 09:41:34","9652","Information","Microsoft-Windows-Shell-Core",
"10-08-2026 09:41:34","9652","Information","Microsoft-Windows-Shell-Core",
"10-08-2026 09:41:34","9648","Information","Microsoft-Windows-Shell-Core",
"10-08-2026 09:41:34","9649","Information","Microsoft-Windows-Shell-Core",
"10-08-2026 09:41:34","9648","Information","Microsoft-Windows-Shell-Core",
"10-08-2026 09:41:34","9649","Information","Microsoft-Windows-Shell-Core",
"10-08-2026 09:41:34","9648","Information","Microsoft-Windows-Shell-Core",
"10-08-2026 09:41:34","9649","Information","Microsoft-Windows-Shell-Core",
"10-08-2026 09:41:34","9648","Information","Microsoft-Windows-Shell-Core",
"10-08-2026 09:41:34","9649","Information","Microsoft-Windows-Shell-Core",
"10-08-2026 09:41:34","9648","Information","Microsoft-Windows-Shell-Core",
"10-08-2026 09:41:34","9649","Information","Microsoft-Windows-Shell-Core",
"10-08-2026 09:41:34","9653","Information","Microsoft-Windows-Shell-Core",
"10-08-2026 09:41:34","9653","Information","Microsoft-Windows-Shell-Core",
"10-08-2026 09:41:34","9653","Information","Microsoft-Windows-Shell-Core",
"10-08-2026 09:41:34","62171","Information","Microsoft-Windows-Shell-Core","Logon task 'DefaultAssociations' finished with flags 132096."
"10-08-2026 09:41:33","62171","Information","Microsoft-Windows-Shell-Core","Logon task 'CloudDataUpdateProfileName' finished with flags 132096."
"10-08-2026 09:41:33","62171","Information","Microsoft-Windows-Shell-Core","Logon task 'LaunchInputDialListenerPostStart' finished with flags 132096."
"10-08-2026 09:41:33","62171","Information","Microsoft-Windows-Shell-Core","Logon task 'CloudDataRestore' finished with flags 132096."
"10-08-2026 09:41:33","62171","Information","Microsoft-Windows-Shell-Core","Logon task 'InitializeBrowserSsoCookie' finished with flags 132096."
"10-08-2026 09:41:33","62171","Information","Microsoft-Windows-Shell-Core","Logon task 'AppReadinessNotifyLogonComplete' finished with flags 132096."
"10-08-2026 09:41:33","9652","Information","Microsoft-Windows-Shell-Core",
"10-08-2026 09:41:33","9652","Information","Microsoft-Windows-Shell-Core",
"10-08-2026 09:41:33","62171","Information","Microsoft-Windows-Shell-Core","Logon task 'CDSDataMigration' finished with flags 132096."
"10-08-2026 09:41:33","9652","Information","Microsoft-Windows-Shell-Core",
"10-08-2026 09:41:33","9653","Information","Microsoft-Windows-Shell-Core",
"10-08-2026 09:41:33","62171","Information","Microsoft-Windows-Shell-Core","Logon task 'CommercialHomePageSetup' finished with flags 132096."
"10-08-2026 09:41:33","62171","Information","Microsoft-Windows-Shell-Core","Logon task 'AssignedAccessAutoLaunch' finished with flags 132096."
"10-08-2026 09:41:33","62171","Information","Microsoft-Windows-Shell-Core","Logon task 'LaunchCustomShell' finished with flags 132096."
"10-08-2026 09:41:33","62170","Information","Microsoft-Windows-Shell-Core","Logon task 'CommercialHomePageSetup' started with flags 132096."
"10-08-2026 09:41:33","62171","Information","Microsoft-Windows-Shell-Core","Logon task 'WSXRegistryInit' finished with flags 132096."
"10-08-2026 09:41:33","9652","Information","Microsoft-Windows-Shell-Core",
"10-08-2026 09:41:33","9648","Information","Microsoft-Windows-Shell-Core",
"10-08-2026 09:41:33","62170","Information","Microsoft-Windows-Shell-Core","Logon task 'WSXRegistryInit' started with flags 132096."
"10-08-2026 09:41:33","62171","Information","Microsoft-Windows-Shell-Core","Logon task 'StartSkydriveSync' finished with flags 132096."
"10-08-2026 09:41:33","62170","Information","Microsoft-Windows-Shell-Core","Logon task 'CloudDataUpdateProfileName' started with flags 132096."
"10-08-2026 09:41:33","62171","Information","Microsoft-Windows-Shell-Core","Logon task 'LaunchExplorerNamespaceRestrictionPostStart' finished with flags 132096."
"10-08-2026 09:41:33","62171","Information","Microsoft-Windows-Shell-Core","Logon task 'PostStartTasks' finished with flags 132096."
"10-08-2026 09:41:33","62171","Information","Microsoft-Windows-Shell-Core","Logon task 'PrepareSettingSearch' finished with flags 132096."
"10-08-2026 09:41:33","62170","Information","Microsoft-Windows-Shell-Core","Logon task 'PrepareSettingSearch' started with flags 132096."
"10-08-2026 09:41:33","62171","Information","Microsoft-Windows-Shell-Core","Logon task 'ResumeAppRestore' finished with flags 132096."
"10-08-2026 09:41:33","62170","Information","Microsoft-Windows-Shell-Core","Logon task 'ResumeAppRestore' started with flags 132096."
"10-08-2026 09:41:33","62171","Information","Microsoft-Windows-Shell-Core","Logon task 'FixUserTileStoreCorruption' finished with flags 132096."
"10-08-2026 09:41:33","62170","Information","Microsoft-Windows-Shell-Core","Logon task 'LaunchExplorerNamespaceRestrictionPostStart' started with flags 132096."
"10-08-2026 09:41:33","62171","Information","Microsoft-Windows-Shell-Core","Logon task 'NotifyTrayStartIsReady' finished with flags 132096."
"10-08-2026 09:41:33","62170","Information","Microsoft-Windows-Shell-Core","Logon task 'CDSDataMigration' started with flags 132096."
"10-08-2026 09:41:33","62171","Information","Microsoft-Windows-Shell-Core","Logon task 'CreateEdgeIconIfNeededPostStart' finished with flags 132096."
"10-08-2026 09:41:33","62170","Information","Microsoft-Windows-Shell-Core","Logon task 'CloudDataRestore' started with flags 132096."
"10-08-2026 09:41:33","62171","Information","Microsoft-Windows-Shell-Core","Logon task 'FamilyMembersNotification' finished with flags 132096."
"10-08-2026 09:41:33","62170","Information","Microsoft-Windows-Shell-Core","Logon task 'FamilyMembersNotification' started with flags 132096."
"10-08-2026 09:41:33","62171","Information","Microsoft-Windows-Shell-Core","Logon task 'FamilySync' finished with flags 132096."
"10-08-2026 09:41:33","62170","Information","Microsoft-Windows-Shell-Core","Logon task 'FamilySync' started with flags 132096."
"10-08-2026 09:41:33","62170","Information","Microsoft-Windows-Shell-Core","Logon task 'LaunchCustomShell' started with flags 132096."
"10-08-2026 09:41:33","62171","Information","Microsoft-Windows-Shell-Core","Logon task 'LaunchExplorerDestListMigrationPostStart' finished with flags 132096."
"10-08-2026 09:41:33","62170","Information","Microsoft-Windows-Shell-Core","Logon task 'LaunchExplorerDestListMigrationPostStart' started with flags 132096."
"10-08-2026 09:41:33","62171","Information","Microsoft-Windows-Shell-Core","Logon task 'LaunchLockScreenCacheImageRestorePostStart' finished with flags 132096."
"10-08-2026 09:41:33","62170","Information","Microsoft-Windows-Shell-Core","Logon task 'LaunchLockScreenCacheImageRestorePostStart' started with flags 132096."
"10-08-2026 09:41:33","62171","Information","Microsoft-Windows-Shell-Core","Logon task 'CreateYourPhoneShortcutsIfNeededPostStart' finished with flags 132096."
"10-08-2026 09:41:33","62170","Information","Microsoft-Windows-Shell-Core","Logon task 'CreateYourPhoneShortcutsIfNeededPostStart' started with flags 132096."
"10-08-2026 09:41:33","62171","Information","Microsoft-Windows-Shell-Core","Logon task 'OEMFirstRunTelemetry' finished with flags 132096."
"10-08-2026 09:41:33","62170","Information","Microsoft-Windows-Shell-Core","Logon task 'CreateEdgeIconIfNeededPostStart' started with flags 132096."
"10-08-2026 09:41:33","62170","Information","Microsoft-Windows-Shell-Core","Logon task 'InitializeBrowserSsoCookie' started with flags 132096."
"10-08-2026 09:41:33","62170","Information","Microsoft-Windows-Shell-Core","Logon task 'OEMFirstRunTelemetry' started with flags 132096."
"10-08-2026 09:41:33","62171","Information","Microsoft-Windows-Shell-Core","Logon task 'RemoveTempOOBEUser' finished with flags 132096."
"10-08-2026 09:41:33","62170","Information","Microsoft-Windows-Shell-Core","Logon task 'RemoveTempOOBEUser' started with flags 132096."
"10-08-2026 09:41:33","62170","Information","Microsoft-Windows-Shell-Core","Logon task 'FixUserTileStoreCorruption' started with flags 132096."
"10-08-2026 09:41:33","62170","Information","Microsoft-Windows-Shell-Core","Logon task 'StartSkydriveSync' started with flags 132096."
"10-08-2026 09:41:33","62170","Information","Microsoft-Windows-Shell-Core","Logon task 'AppReadinessNotifyLogonComplete' started with flags 132096."
"10-08-2026 09:41:33","62171","Information","Microsoft-Windows-Shell-Core","Logon task 'LaunchPeopleExperiencePostStart' finished with flags 132096."
"10-08-2026 09:41:33","62170","Information","Microsoft-Windows-Shell-Core","Logon task 'NotifyTrayStartIsReady' started with flags 132096."
"10-08-2026 09:41:33","62171","Information","Microsoft-Windows-Shell-Core","Logon task 'LaunchLockAppHostPostStart' finished with flags 132096."
"10-08-2026 09:41:33","62170","Information","Microsoft-Windows-Shell-Core","Logon task 'LaunchLockAppHostPostStart' started with flags 132096."
"10-08-2026 09:41:33","62170","Information","Microsoft-Windows-Shell-Core","Logon task 'AssignedAccessAutoLaunch' started with flags 132096."
"10-08-2026 09:41:33","62170","Information","Microsoft-Windows-Shell-Core","Logon task 'LaunchPeopleExperiencePostStart' started with flags 132096."
"10-08-2026 09:41:33","62171","Information","Microsoft-Windows-Shell-Core","Logon task 'PerUserSetupPostStart' finished with flags 132096."
"10-08-2026 09:41:33","62170","Information","Microsoft-Windows-Shell-Core","Logon task 'PerUserSetupPostStart' started with flags 132096."
"10-08-2026 09:41:33","62171","Information","Microsoft-Windows-Shell-Core","Logon task 'LaunchExperienceHostPostStart' finished with flags 132096."
"10-08-2026 09:41:33","62170","Information","Microsoft-Windows-Shell-Core","Logon task 'LaunchInputDialListenerPostStart' started with flags 132096."
"10-08-2026 09:41:33","62170","Information","Microsoft-Windows-Shell-Core","Logon task 'LaunchExperienceHostPostStart' started with flags 132096."
"10-08-2026 09:41:33","62170","Information","Microsoft-Windows-Shell-Core","Logon task 'PostStartTasks' started with flags 132096."
"10-08-2026 09:41:33","62171","Information","Microsoft-Windows-Shell-Core","Logon task 'AllLogonTasks' finished with flags 132096."
"10-08-2026 09:41:33","62171","Information","Microsoft-Windows-Shell-Core","Logon task 'PreStartTasks' finished with flags 132096."
"10-08-2026 09:41:33","62171","Information","Microsoft-Windows-Shell-Core","Logon task 'PerUserSetup' finished with flags 132096."
"10-08-2026 09:41:33","62171","Information","Microsoft-Windows-Shell-Core","Logon task 'PerformSignInSuggestions' finished with flags 132096."
"10-08-2026 09:41:33","62171","Information","Microsoft-Windows-Shell-Core","Logon task 'AssignedAccessLogonTaskAgentPreStart' finished with flags 132096."
"10-08-2026 09:41:33","62171","Information","Microsoft-Windows-Shell-Core","Logon task 'LaunchExperienceHost' finished with flags 132096."
"10-08-2026 09:41:32","62171","Information","Microsoft-Windows-Shell-Core","Logon task 'StartLayoutInit' finished with flags 132096."
"10-08-2026 09:41:32","62171","Information","Microsoft-Windows-Shell-Core","Logon task 'RemoveC2DShortcut' finished with flags 132096."
"10-08-2026 09:41:32","62170","Information","Microsoft-Windows-Shell-Core","Logon task 'RemoveC2DShortcut' started with flags 132096."
"10-08-2026 09:41:32","62170","Information","Microsoft-Windows-Shell-Core","Logon task 'PerUserSetup' started with flags 132096."
"10-08-2026 09:41:32","62171","Information","Microsoft-Windows-Shell-Core","Logon task 'ConfigureA9InstallOptionalComponent' finished with flags 132096."
"10-08-2026 09:41:32","62170","Information","Microsoft-Windows-Shell-Core","Logon task 'ConfigureA9InstallOptionalComponent' started with flags 132096."
"10-08-2026 09:41:32","62171","Information","Microsoft-Windows-Shell-Core","Logon task 'WSXRegistryInitPreStart' finished with flags 132096."
"10-08-2026 09:41:32","62170","Information","Microsoft-Windows-Shell-Core","Logon task 'WSXRegistryInitPreStart' started with flags 132096."
"10-08-2026 09:41:32","62170","Information","Microsoft-Windows-Shell-Core","Logon task 'AssignedAccessLogonTaskAgentPreStart' started with flags 132096."
"10-08-2026 09:41:32","62171","Information","Microsoft-Windows-Shell-Core","Logon task 'EnterpriseProvisioning' finished with flags 132096."
"10-08-2026 09:41:32","62170","Information","Microsoft-Windows-Shell-Core","Logon task 'EnterpriseProvisioning' started with flags 132096."
"10-08-2026 09:41:32","62171","Information","Microsoft-Windows-Shell-Core","Logon task 'UpdatePCSettingsPreStart' finished with flags 132096."
"10-08-2026 09:41:32","62170","Information","Microsoft-Windows-Shell-Core","Logon task 'UpdatePCSettingsPreStart' started with flags 132096."
"10-08-2026 09:41:32","62171","Information","Microsoft-Windows-Shell-Core","Logon task 'PerformSignInSuggestionsStart' finished with flags 132096."
"10-08-2026 09:41:32","62170","Information","Microsoft-Windows-Shell-Core","Logon task 'PerformSignInSuggestionsStart' started with flags 132096."
"10-08-2026 09:41:32","62171","Information","Microsoft-Windows-Shell-Core","Logon task 'LaunchContentDeliveryManagerStart' finished with flags 132096."
"10-08-2026 09:41:32","62170","Information","Microsoft-Windows-Shell-Core","Logon task 'LaunchContentDeliveryManagerStart' started with flags 132096."
"10-08-2026 09:41:32","28125","Information","Microsoft-Windows-Shell-Core","Starting to refresh app resolver cache for scenario 1 with flags 2316."
"10-08-2026 09:41:32","62170","Information","Microsoft-Windows-Shell-Core","Logon task 'LaunchExperienceHost' started with flags 132096."
"10-08-2026 09:41:32","62170","Information","Microsoft-Windows-Shell-Core","Logon task 'PreStartTasks' started with flags 132096."
"10-08-2026 09:41:32","9649","Information","Microsoft-Windows-Shell-Core",
"10-08-2026 09:41:32","9648","Information","Microsoft-Windows-Shell-Core",
"10-08-2026 09:41:31","62171","Information","Microsoft-Windows-Shell-Core","Logon task 'ShellInitTasks' finished with flags 132096."
"10-08-2026 09:41:31","62171","Information","Microsoft-Windows-Shell-Core","Logon task 'InstallPWAs' finished with flags 132096."
"10-08-2026 09:41:31","62171","Information","Microsoft-Windows-Shell-Core","Logon task 'AppReadinessLogonGroup' finished with flags 132096."
"10-08-2026 09:41:31","62170","Information","Microsoft-Windows-Shell-Core","Logon task 'InstallPWAs' started with flags 132096."
"10-08-2026 09:41:31","62171","Information","Microsoft-Windows-Shell-Core","Logon task 'UpdatePCSettingsShellInit' finished with flags 132096."
"10-08-2026 09:41:31","62170","Information","Microsoft-Windows-Shell-Core","Logon task 'UpdatePCSettingsShellInit' started with flags 132096."
"10-08-2026 09:41:31","62170","Information","Microsoft-Windows-Shell-Core","Logon task 'AppReadinessLogonGroup' started with flags 132096."
"10-08-2026 09:41:31","62170","Information","Microsoft-Windows-Shell-Core","Logon task 'ShellInitTasks' started with flags 132096."
"10-08-2026 09:41:31","62171","Information","Microsoft-Windows-Shell-Core","Logon task 'PreShellTasks' finished with flags 132096."
"10-08-2026 09:41:31","62171","Information","Microsoft-Windows-Shell-Core","Logon task 'AppResolver' finished with flags 132096."
"10-08-2026 09:41:31","62171","Information","Microsoft-Windows-Shell-Core","Logon task 'AppReadinessPreShellGroup' finished with flags 132096."
"10-08-2026 09:41:31","62171","Information","Microsoft-Windows-Shell-Core","Logon task 'CacheUserEligibility' finished with flags 132096."
"10-08-2026 09:41:31","62171","Information","Microsoft-Windows-Shell-Core","Logon task 'ShellHandwriting' finished with flags 132096."
"10-08-2026 09:41:31","62171","Information","Microsoft-Windows-Shell-Core","Logon task 'LaunchProgrammableTaskbarCloudManager' finished with flags 132096."
"10-08-2026 09:41:31","62170","Information","Microsoft-Windows-Shell-Core","Logon task 'LaunchProgrammableTaskbarCloudManager' started with flags 132096."
"10-08-2026 09:41:31","62170","Information","Microsoft-Windows-Shell-Core","Logon task 'ShellHandwriting' started with flags 132096."
"10-08-2026 09:41:31","62171","Information","Microsoft-Windows-Shell-Core","Logon task 'DownloadEduThemes' finished with flags 132096."
"10-08-2026 09:41:31","62171","Information","Microsoft-Windows-Shell-Core","Logon task 'UgradeTaskFlowPolicy' finished with flags 132096."
"10-08-2026 09:41:31","62170","Information","Microsoft-Windows-Shell-Core","Logon task 'UgradeTaskFlowPolicy' started with flags 132096."
"10-08-2026 09:41:31","62170","Information","Microsoft-Windows-Shell-Core","Logon task 'DownloadEduThemes' started with flags 132096."
"10-08-2026 09:41:31","62170","Information","Microsoft-Windows-Shell-Core","Logon task 'StartLayoutInit' started with flags 132096."
"10-08-2026 09:41:31","62171","Information","Microsoft-Windows-Shell-Core","Logon task 'AppRestore' finished with flags 132096."
"10-08-2026 09:41:31","62170","Information","Microsoft-Windows-Shell-Core","Logon task 'AppRestore' started with flags 132096."
"10-08-2026 09:41:31","62170","Information","Microsoft-Windows-Shell-Core","Logon task 'PreShellTasks' started with flags 132096."
"10-08-2026 09:41:31","62171","Information","Microsoft-Windows-Shell-Core","Logon task 'PreRoamingTasks' finished with flags 132096."
"10-08-2026 09:41:31","62171","Information","Microsoft-Windows-Shell-Core","Logon task 'AppReadinessPreRoamingGroup' finished with flags 132096."
"10-08-2026 09:41:31","62171","Information","Microsoft-Windows-Shell-Core","Logon task 'ClickToDoEligibility' finished with flags 132096."
"10-08-2026 09:41:31","62171","Information","Microsoft-Windows-Shell-Core","Logon task 'RefreshOneSettingsFeatureConfigurations' finished with flags 132096."
"10-08-2026 09:41:31","62170","Information","Microsoft-Windows-Shell-Core","Logon task 'RefreshOneSettingsFeatureConfigurations' started with flags 132096."
"10-08-2026 09:41:31","62170","Information","Microsoft-Windows-Shell-Core","Logon task 'CacheUserEligibility' started with flags 132096."
"10-08-2026 09:41:31","62170","Information","Microsoft-Windows-Shell-Core","Logon task 'ClickToDoEligibility' started with flags 132096."
"10-08-2026 09:41:31","62171","Information","Microsoft-Windows-Shell-Core","Logon task 'WaitForMSAConnected' finished with flags 132096."
"10-08-2026 09:41:31","62170","Information","Microsoft-Windows-Shell-Core","Logon task 'WaitForMSAConnected' started with flags 132096."
"10-08-2026 09:41:31","62171","Information","Microsoft-Windows-Shell-Core","Logon task 'ActiveSetup' finished with flags 132096."
"10-08-2026 09:41:31","28125","Information","Microsoft-Windows-Shell-Core","Starting to refresh app resolver cache for scenario 1 with flags 268."
"10-08-2026 09:41:31","62171","Information","Microsoft-Windows-Shell-Core","Logon task 'GetLanguageOverlayPackage' finished with flags 132096."
"10-08-2026 09:41:31","62170","Information","Microsoft-Windows-Shell-Core","Logon task 'GetLanguageOverlayPackage' started with flags 132096."
"10-08-2026 09:41:31","62170","Information","Microsoft-Windows-Shell-Core","Logon task 'ActiveSetup' started with flags 132096."
"10-08-2026 09:41:31","62171","Information","Microsoft-Windows-Shell-Core","Logon task 'RunOnce' finished with flags 132096."
"10-08-2026 09:41:31","62170","Information","Microsoft-Windows-Shell-Core","Logon task 'RunOnce' started with flags 132096."
"10-08-2026 09:41:31","62171","Information","Microsoft-Windows-Shell-Core","Logon task 'SkydrivePrep' finished with flags 132096."
"10-08-2026 09:41:31","62170","Information","Microsoft-Windows-Shell-Core","Logon task 'SkydrivePrep' started with flags 132096."
"10-08-2026 09:41:31","62170","Information","Microsoft-Windows-Shell-Core","Logon task 'AppResolver' started with flags 132096."
"10-08-2026 09:41:30","62170","Information","Microsoft-Windows-Shell-Core","Logon task 'AppReadinessPreShellGroup' started with flags 132096."
"10-08-2026 09:41:30","62170","Information","Microsoft-Windows-Shell-Core","Logon task 'AppReadinessPreRoamingGroup' started with flags 132096."
"10-08-2026 09:41:30","62170","Information","Microsoft-Windows-Shell-Core","Logon task 'DefaultAssociations' started with flags 132096."
"10-08-2026 09:41:30","62171","Information","Microsoft-Windows-Shell-Core","Logon task 'ShellPrep' finished with flags 132096."
"10-08-2026 09:41:30","62170","Information","Microsoft-Windows-Shell-Core","Logon task 'ShellPrep' started with flags 132096."
"10-08-2026 09:41:30","62171","Information","Microsoft-Windows-Shell-Core","Logon task 'BackupRestoreCoordinator' finished with flags 132096."
"10-08-2026 09:41:30","62170","Information","Microsoft-Windows-Shell-Core","Logon task 'BackupRestoreCoordinator' started with flags 132096."
"10-08-2026 09:41:30","62170","Information","Microsoft-Windows-Shell-Core","Logon task 'PreRoamingTasks' started with flags 132096."
"10-08-2026 09:41:30","62170","Information","Microsoft-Windows-Shell-Core","Logon task 'AllLogonTasks' started with flags 132096."
"07-08-2026 09:22:19","28019","Information","Microsoft-Windows-Shell-Core","AppResolver Cache Committed."
"07-08-2026 09:22:19","28018","Information","Microsoft-Windows-Shell-Core","AppResolver Scan Stopped."
"07-08-2026 09:22:19","28115","Information","Microsoft-Windows-Shell-Core","Shortcut for application Python 3.13 Module Docs (64-bit) with ID Microsoft.AutoGenerated.{09CF01AF-E1B1-1293-0F93-14BE9EEC204D} and flags 0x8030 is added to app resolver cache."
"07-08-2026 09:22:19","28115","Information","Microsoft-Windows-Shell-Core","Shortcut for application IDLE (Python 3.13 64-bit) with ID Microsoft.AutoGenerated.{05FF6476-FBF9-40A2-24D2-168978EF936D} and flags 0x8030 is added to app resolver cache."
"07-08-2026 09:22:19","28017","Information","Microsoft-Windows-Shell-Core","AppResolver Scan Started."
"07-08-2026 09:21:58","28019","Information","Microsoft-Windows-Shell-Core","AppResolver Cache Committed."
"07-08-2026 09:21:58","28018","Information","Microsoft-Windows-Shell-Core","AppResolver Scan Stopped."
"07-08-2026 09:21:58","28017","Information","Microsoft-Windows-Shell-Core","AppResolver Scan Started."
"07-08-2026 09:21:36","28019","Information","Microsoft-Windows-Shell-Core","AppResolver Cache Committed."
"07-08-2026 09:21:36","28018","Information","Microsoft-Windows-Shell-Core","AppResolver Scan Stopped."
"07-08-2026 09:21:35","28115","Information","Microsoft-Windows-Shell-Core","Shortcut for application Python 3.13 Manuals (64-bit) with ID {6D809377-6AF0-444B-8957-A3773F02200E}\Python313\Doc\html\index.html and flags 0x220 is added to app resolver cache."
"07-08-2026 09:21:35","28017","Information","Microsoft-Windows-Shell-Core","AppResolver Scan Started."
"07-08-2026 09:21:26","28019","Information","Microsoft-Windows-Shell-Core","AppResolver Cache Committed."
"07-08-2026 09:21:26","28018","Information","Microsoft-Windows-Shell-Core","AppResolver Scan Stopped."
"07-08-2026 09:21:26","28017","Information","Microsoft-Windows-Shell-Core","AppResolver Scan Started."
"07-08-2026 09:20:17","28019","Information","Microsoft-Windows-Shell-Core","AppResolver Cache Committed."
"07-08-2026 09:20:17","28018","Information","Microsoft-Windows-Shell-Core","AppResolver Scan Stopped."
"07-08-2026 09:20:17","28117","Information","Microsoft-Windows-Shell-Core","Shortcut for application Python 3.13 (64-bit) with ID {6D809377-6AF0-444B-8957-A3773F02200E}\Python313\python.exe and flags 0x8030 is updated in app resolver cache."
"07-08-2026 09:20:17","28017","Information","Microsoft-Windows-Shell-Core","AppResolver Scan Started."
"06-08-2026 15:42:35","62144","Information","Microsoft-Windows-Shell-Core","Updating install state of package Microsoft.OneDriveSync_8wekyb3d8bbwe to 'Completed' with HRESULT 0."
"06-08-2026 15:40:56","62144","Information","Microsoft-Windows-Shell-Core","Updating install state of package Microsoft.OneDriveSync_8wekyb3d8bbwe to 'Installing' with HRESULT 0."
"06-08-2026 15:40:43","28019","Information","Microsoft-Windows-Shell-Core","AppResolver Cache Committed."
"06-08-2026 15:40:43","28018","Information","Microsoft-Windows-Shell-Core","AppResolver Scan Stopped."
"06-08-2026 15:40:43","28017","Information","Microsoft-Windows-Shell-Core","AppResolver Scan Started."
"06-08-2026 15:40:42","62144","Information","Microsoft-Windows-Shell-Core","Updating install state of package Microsoft.OneDriveSync_8wekyb3d8bbwe to 'Completed' with HRESULT 0."
"06-08-2026 15:40:42","62144","Information","Microsoft-Windows-Shell-Core","Updating install state of package Microsoft.OneDriveSync_8wekyb3d8bbwe to 'Installing' with HRESULT 0."
"06-08-2026 15:40:40","28019","Information","Microsoft-Windows-Shell-Core","AppResolver Cache Committed."
"06-08-2026 15:40:40","28018","Information","Microsoft-Windows-Shell-Core","AppResolver Scan Stopped."
"06-08-2026 15:40:40","28117","Information","Microsoft-Windows-Shell-Core","Shortcut for application OneDrive with ID Microsoft.SkyDrive.Desktop and flags 0x31 is updated in app resolver cache."
"06-08-2026 15:40:40","28032","Information","Microsoft-Windows-Shell-Core","AppResolver has parsed the visual elements manifest for a tile."
"06-08-2026 15:40:40","28017","Information","Microsoft-Windows-Shell-Core","AppResolver Scan Started."
"06-08-2026 11:13:06","62144","Information","Microsoft-Windows-Shell-Core","Updating install state of package Microsoft.MicrosoftOfficeHub_8wekyb3d8bbwe to 'Completed' with HRESULT 0."
"06-08-2026 11:13:05","62144","Information","Microsoft-Windows-Shell-Core","Updating install state of package Microsoft.MicrosoftOfficeHub_8wekyb3d8bbwe to 'Installing' with HRESULT 0."
"06-08-2026 10:20:30","62407","Information","Microsoft-Windows-Shell-Core","CloudExperienceHost Web App Event 2. Name: '_showErrorUX', Value: '0x800704ec'."
"06-08-2026 10:20:30","62407","Information","Microsoft-Windows-Shell-Core","CloudExperienceHost Web App Event 2. Name: 'hasInternetAccess_networkCheck', Value: '{""hasProfile"":true,""connectivityLevel"":3}'."
"06-08-2026 10:20:30","62407","Information","Microsoft-Windows-Shell-Core","CloudExperienceHost Web App Event 2. Name: 'hasInternetAccess_override', Value: '{""value"":"""",""empty"":true}'."
"06-08-2026 10:20:30","62403","Information","Microsoft-Windows-Shell-Core","CloudExperienceHost App Event 2. Name: 'Discovery_URL', Value: 'data\prod'."
"06-08-2026 10:20:30","62402","Information","Microsoft-Windows-Shell-Core","CloudExperienceHost App Event 1. Name: 'ClearTemporaryWebDataAsyncSucceeded'."
"06-08-2026 10:20:30","62404","Information","Microsoft-Windows-Shell-Core","CloudExperienceHost Web App Activity started. CXID: 'msa-wam'."
"06-08-2026 10:20:30","62403","Information","Microsoft-Windows-Shell-Core","CloudExperienceHost App Event 2. Name: 'AppActivated', Value: '{""Kind"":1006,""PreviousExecutionState"":1}'."
"06-08-2026 10:20:29","62407","Information","Microsoft-Windows-Shell-Core","CloudExperienceHost Web App Event 2. Name: '_showErrorUX', Value: '0x800704ec'."
"06-08-2026 10:20:29","62407","Information","Microsoft-Windows-Shell-Core","CloudExperienceHost Web App Event 2. Name: 'hasInternetAccess_networkCheck', Value: '{""hasProfile"":true,""connectivityLevel"":3}'."
"06-08-2026 10:20:29","62407","Information","Microsoft-Windows-Shell-Core","CloudExperienceHost Web App Event 2. Name: 'hasInternetAccess_override', Value: '{""value"":"""",""empty"":true}'."
"06-08-2026 10:20:29","62403","Information","Microsoft-Windows-Shell-Core","CloudExperienceHost App Event 2. Name: 'Discovery_URL', Value: 'data\prod'."
"06-08-2026 10:20:28","62402","Information","Microsoft-Windows-Shell-Core","CloudExperienceHost App Event 1. Name: 'ClearTemporaryWebDataAsyncSucceeded'."
"06-08-2026 10:20:28","62404","Information","Microsoft-Windows-Shell-Core","CloudExperienceHost Web App Activity started. CXID: 'msa-wam'."
"06-08-2026 10:20:28","62403","Information","Microsoft-Windows-Shell-Core","CloudExperienceHost App Event 2. Name: 'AppActivated', Value: '{""Kind"":1006,""PreviousExecutionState"":1}'."
"06-08-2026 10:20:27","62407","Information","Microsoft-Windows-Shell-Core","CloudExperienceHost Web App Event 2. Name: 'saveAuthStateAndCompleteStatus', Value: '""fail""'."
"06-08-2026 10:20:27","62407","Information","Microsoft-Windows-Shell-Core","CloudExperienceHost Web App Event 2. Name: 'saveAuthStateAndCompleteWebFlow', Value: '0x80048842'."
"06-08-2026 10:20:23","62407","Information","Microsoft-Windows-Shell-Core","CloudExperienceHost Web App Event 2. Name: '_showErrorUX', Value: '0x800704ec'."
"06-08-2026 10:20:23","62407","Information","Microsoft-Windows-Shell-Core","CloudExperienceHost Web App Event 2. Name: 'hasInternetAccess_networkCheck', Value: '{""hasProfile"":true,""connectivityLevel"":3}'."
"06-08-2026 10:20:23","62407","Information","Microsoft-Windows-Shell-Core","CloudExperienceHost Web App Event 2. Name: 'hasInternetAccess_override', Value: '{""value"":"""",""empty"":true}'."
"06-08-2026 10:20:23","62403","Information","Microsoft-Windows-Shell-Core","CloudExperienceHost App Event 2. Name: 'Discovery_URL', Value: 'data\prod'."
"06-08-2026 10:20:23","62402","Information","Microsoft-Windows-Shell-Core","CloudExperienceHost App Event 1. Name: 'ClearTemporaryWebDataAsyncSucceeded'."
"06-08-2026 10:20:23","62404","Information","Microsoft-Windows-Shell-Core","CloudExperienceHost Web App Activity started. CXID: 'msa-wam'."
"06-08-2026 10:20:23","62403","Information","Microsoft-Windows-Shell-Core","CloudExperienceHost App Event 2. Name: 'AppActivated', Value: '{""Kind"":1006,""PreviousExecutionState"":1}'."
"06-08-2026 10:19:56","62407","Information","Microsoft-Windows-Shell-Core","CloudExperienceHost Web App Event 2. Name: 'saveAuthStateAndCompleteStatus', Value: '""fail""'."
"06-08-2026 10:19:56","62407","Information","Microsoft-Windows-Shell-Core","CloudExperienceHost Web App Event 2. Name: 'saveAuthStateAndCompleteWebFlow', Value: '0x80048842'."
"06-08-2026 10:19:54","62407","Information","Microsoft-Windows-Shell-Core","CloudExperienceHost Web App Event 2. Name: '_showErrorUX', Value: '0x800704ec'."
"06-08-2026 10:19:54","62407","Information","Microsoft-Windows-Shell-Core","CloudExperienceHost Web App Event 2. Name: 'hasInternetAccess_networkCheck', Value: '{""hasProfile"":true,""connectivityLevel"":3}'."
"06-08-2026 10:19:54","62407","Information","Microsoft-Windows-Shell-Core","CloudExperienceHost Web App Event 2. Name: 'hasInternetAccess_override', Value: '{""value"":"""",""empty"":true}'."
"06-08-2026 10:19:54","62403","Information","Microsoft-Windows-Shell-Core","CloudExperienceHost App Event 2. Name: 'Discovery_URL', Value: 'data\prod'."
"06-08-2026 10:19:53","62402","Information","Microsoft-Windows-Shell-Core","CloudExperienceHost App Event 1. Name: 'ClearTemporaryWebDataAsyncSucceeded'."
"06-08-2026 10:19:53","62404","Information","Microsoft-Windows-Shell-Core","CloudExperienceHost Web App Activity started. CXID: 'msa-wam'."
"06-08-2026 10:19:53","62403","Information","Microsoft-Windows-Shell-Core","CloudExperienceHost App Event 2. Name: 'AppActivated', Value: '{""Kind"":1006,""PreviousExecutionState"":1}'."
"06-08-2026 10:19:50","62407","Information","Microsoft-Windows-Shell-Core","CloudExperienceHost Web App Event 2. Name: '_showErrorUX', Value: '0x800704ec'."
"06-08-2026 10:19:50","62407","Information","Microsoft-Windows-Shell-Core","CloudExperienceHost Web App Event 2. Name: 'hasInternetAccess_networkCheck', Value: '{""hasProfile"":true,""connectivityLevel"":3}'."
"06-08-2026 10:19:50","62407","Information","Microsoft-Windows-Shell-Core","CloudExperienceHost Web App Event 2. Name: 'hasInternetAccess_override', Value: '{""value"":"""",""empty"":true}'."
"06-08-2026 10:19:50","62403","Information","Microsoft-Windows-Shell-Core","CloudExperienceHost App Event 2. Name: 'Discovery_URL', Value: 'data\prod'."
"06-08-2026 10:19:50","62402","Information","Microsoft-Windows-Shell-Core","CloudExperienceHost App Event 1. Name: 'ClearTemporaryWebDataAsyncSucceeded'."
"06-08-2026 10:19:50","62404","Information","Microsoft-Windows-Shell-Core","CloudExperienceHost Web App Activity started. CXID: 'msa-wam'."
"06-08-2026 10:19:50","62403","Information","Microsoft-Windows-Shell-Core","CloudExperienceHost App Event 2. Name: 'AppActivated', Value: '{""Kind"":1006,""PreviousExecutionState"":1}'."
"06-08-2026 10:19:48","62407","Information","Microsoft-Windows-Shell-Core","CloudExperienceHost Web App Event 2. Name: '_showErrorUX', Value: '0x800704ec'."
"06-08-2026 10:19:48","62407","Information","Microsoft-Windows-Shell-Core","CloudExperienceHost Web App Event 2. Name: 'hasInternetAccess_networkCheck', Value: '{""hasProfile"":true,""connectivityLevel"":3}'."
"06-08-2026 10:19:48","62407","Information","Microsoft-Windows-Shell-Core","CloudExperienceHost Web App Event 2. Name: 'hasInternetAccess_override', Value: '{""value"":"""",""empty"":true}'."
"06-08-2026 10:19:47","62403","Information","Microsoft-Windows-Shell-Core","CloudExperienceHost App Event 2. Name: 'Discovery_URL', Value: 'data\prod'."
"06-08-2026 10:19:47","62402","Information","Microsoft-Windows-Shell-Core","CloudExperienceHost App Event 1. Name: 'ClearTemporaryWebDataAsyncSucceeded'."
"06-08-2026 10:19:47","62404","Information","Microsoft-Windows-Shell-Core","CloudExperienceHost Web App Activity started. CXID: 'msa-wam'."
"06-08-2026 10:19:47","62403","Information","Microsoft-Windows-Shell-Core","CloudExperienceHost App Event 2. Name: 'AppActivated', Value: '{""Kind"":1006,""PreviousExecutionState"":1}'."
"06-08-2026 10:19:46","62407","Information","Microsoft-Windows-Shell-Core","CloudExperienceHost Web App Event 2. Name: 'saveAuthStateAndCompleteStatus', Value: '""fail""'."
"06-08-2026 10:19:46","62407","Information","Microsoft-Windows-Shell-Core","CloudExperienceHost Web App Event 2. Name: 'saveAuthStateAndCompleteWebFlow', Value: '0x80048842'."
"06-08-2026 10:19:43","62407","Information","Microsoft-Windows-Shell-Core","CloudExperienceHost Web App Event 2. Name: '_showErrorUX', Value: '0x800704ec'."
"06-08-2026 10:19:43","62407","Information","Microsoft-Windows-Shell-Core","CloudExperienceHost Web App Event 2. Name: 'hasInternetAccess_networkCheck', Value: '{""hasProfile"":true,""connectivityLevel"":3}'."
"06-08-2026 10:19:43","62407","Information","Microsoft-Windows-Shell-Core","CloudExperienceHost Web App Event 2. Name: 'hasInternetAccess_override', Value: '{""value"":"""",""empty"":true}'."
"06-08-2026 10:19:43","62403","Information","Microsoft-Windows-Shell-Core","CloudExperienceHost App Event 2. Name: 'Discovery_URL', Value: 'data\prod'."
"06-08-2026 10:19:42","62402","Information","Microsoft-Windows-Shell-Core","CloudExperienceHost App Event 1. Name: 'ClearTemporaryWebDataAsyncSucceeded'."
"06-08-2026 10:19:42","62404","Information","Microsoft-Windows-Shell-Core","CloudExperienceHost Web App Activity started. CXID: 'msa-wam'."
"06-08-2026 10:19:42","62403","Information","Microsoft-Windows-Shell-Core","CloudExperienceHost App Event 2. Name: 'AppActivated', Value: '{""Kind"":1006,""PreviousExecutionState"":0}'."
"06-08-2026 08:57:47","28019","Information","Microsoft-Windows-Shell-Core","AppResolver Cache Committed."
"06-08-2026 08:57:47","28018","Information","Microsoft-Windows-Shell-Core","AppResolver Scan Stopped."
"06-08-2026 08:57:47","28117","Information","Microsoft-Windows-Shell-Core","Shortcut for application Microsoft Intune Management Extension with ID Microsoft.Management.Clients.IntuneManagementExtension and flags 0x31 is updated in app resolver cache."
"06-08-2026 08:57:46","28017","Information","Microsoft-Windows-Shell-Core","AppResolver Scan Started."
"05-08-2026 11:57:37","62144","Information","Microsoft-Windows-Shell-Core","Updating install state of package Microsoft.OneDriveSync_8wekyb3d8bbwe to 'Completed' with HRESULT 0."
"05-08-2026 11:55:59","62144","Information","Microsoft-Windows-Shell-Core","Updating install state of package Microsoft.OneDriveSync_8wekyb3d8bbwe to 'Installing' with HRESULT 0."
"05-08-2026 11:55:48","62144","Information","Microsoft-Windows-Shell-Core","Updating install state of package Microsoft.OneDriveSync_8wekyb3d8bbwe to 'Completed' with HRESULT 0."
"05-08-2026 11:55:48","62144","Information","Microsoft-Windows-Shell-Core","Updating install state of package Microsoft.OneDriveSync_8wekyb3d8bbwe to 'Installing' with HRESULT 0."
"05-08-2026 11:55:47","28019","Information","Microsoft-Windows-Shell-Core","AppResolver Cache Committed."
"05-08-2026 11:55:47","28018","Information","Microsoft-Windows-Shell-Core","AppResolver Scan Stopped."
"05-08-2026 11:55:47","28017","Information","Microsoft-Windows-Shell-Core","AppResolver Scan Started."
"05-08-2026 11:55:45","28019","Information","Microsoft-Windows-Shell-Core","AppResolver Cache Committed."
"05-08-2026 11:55:45","28018","Information","Microsoft-Windows-Shell-Core","AppResolver Scan Stopped."
"05-08-2026 11:55:45","28117","Information","Microsoft-Windows-Shell-Core","Shortcut for application OneDrive with ID Microsoft.SkyDrive.Desktop and flags 0x31 is updated in app resolver cache."
"05-08-2026 11:55:45","28032","Information","Microsoft-Windows-Shell-Core","AppResolver has parsed the visual elements manifest for a tile."
"05-08-2026 11:55:45","28117","Information","Microsoft-Windows-Shell-Core","Shortcut for application OneDrive Photos with ID {6D809377-6AF0-444B-8957-A3773F02200E}\Microsoft OneDrive\OneDrive.App.exe and flags 0x8030 is updated in app resolver cache."
"05-08-2026 11:55:45","28017","Information","Microsoft-Windows-Shell-Core","AppResolver Scan Started."
"05-08-2026 10:41:25","28019","Information","Microsoft-Windows-Shell-Core","AppResolver Cache Committed."
"05-08-2026 10:41:25","28018","Information","Microsoft-Windows-Shell-Core","AppResolver Scan Stopped."
"05-08-2026 10:41:25","28117","Information","Microsoft-Windows-Shell-Core","Shortcut for application Google Chrome with ID Chrome and flags 0x11 is updated in app resolver cache."
"05-08-2026 10:41:25","28032","Information","Microsoft-Windows-Shell-Core","AppResolver has parsed the visual elements manifest for a tile."
"05-08-2026 10:41:24","28117","Information","Microsoft-Windows-Shell-Core","Shortcut for application Google Chrome with ID Chrome and flags 0x31 is updated in app resolver cache."
"05-08-2026 10:41:24","28032","Information","Microsoft-Windows-Shell-Core","AppResolver has parsed the visual elements manifest for a tile."
"05-08-2026 10:41:24","28017","Information","Microsoft-Windows-Shell-Core","AppResolver Scan Started."
"03-08-2026 11:15:35","62144","Information","Microsoft-Windows-Shell-Core","Updating install state of package Microsoft.MicrosoftEdge.Stable_8wekyb3d8bbwe to 'Completed' with HRESULT 0."
"03-08-2026 11:15:35","62144","Information","Microsoft-Windows-Shell-Core","Updating install state of package Microsoft.MicrosoftEdge.Stable_8wekyb3d8bbwe to 'Installing' with HRESULT 0."
"03-08-2026 11:05:20","28019","Information","Microsoft-Windows-Shell-Core","AppResolver Cache Committed."
