"08-06-2026 17:04:09","400","Information","Microsoft-Windows-Kernel-PnP","Device PCI\VEN_8086&DEV_7D0B&SUBSYS_0CE81028&REV_00\3&11583659&0&70 was configured.

Driver Name: oem513.inf
Driver Package ID: iastorhsa_ext.inf_amd64_28ae542658c3637b
Class GUID: {e2f84ce7-8efa-411c-aa69-97454ca4cb57}
Driver Date: 04/02/2026
Driver Version: 20.2.13.1038
Driver Provider: Intel Corporation
Driver Section: RstHsaExtension_install.NTamd64
Driver Rank: 0xFF2001
Matching Device ID: PCI\VEN_8086&DEV_7D0B
Outranked Drivers: 
Device Updated: true
Parent Device: ACPI\PNP0A08\0"
"08-06-2026 17:04:09","400","Information","Microsoft-Windows-Kernel-PnP","Device PCI\VEN_8086&DEV_7D0B&SUBSYS_0CE81028&REV_00\3&11583659&0&70 was configured.

Driver Name: oem512.inf
Driver Package ID: iastorvd.inf_amd64_dca58e6fa5e6b1d9
Class GUID: {4d36e97b-e325-11ce-bfc1-08002be10318}
Driver Date: 04/02/2026
Driver Version: 20.2.13.1038
Driver Provider: Intel Corporation
Driver Section: VMD_inst.NTamd64
Driver Rank: 0x802001
Matching Device ID: PCI\VEN_8086&DEV_7D0B
Outranked Drivers: oem248.inf:PCI\VEN_8086&DEV_7D0B:00802001 oem270.inf:PCI\VEN_8086&DEV_7D0B:00802001 oem478.inf:PCI\VEN_8086&DEV_7D0B:00802001
Device Updated: true
Parent Device: ACPI\PNP0A08\0"
"08-06-2026 17:03:50","400","Information","Microsoft-Windows-Kernel-PnP","Device PCI\VEN_8086&DEV_09AB&SUBSYS_0CE81028&REV_00\3&11583659&0&30 was configured.

Driver Name: oem512.inf
Driver Package ID: iastorvd.inf_amd64_dca58e6fa5e6b1d9
Class GUID: {4d36e97b-e325-11ce-bfc1-08002be10318}
Driver Date: 04/02/2026
Driver Version: 20.2.13.1038
Driver Provider: Intel Corporation
Driver Section: VMD_dummy_function_inst.NTamd64
Driver Rank: 0xFF2001
Matching Device ID: PCI\VEN_8086&DEV_09AB
Outranked Drivers: oem248.inf:PCI\VEN_8086&DEV_09AB:00FF2001 oem270.inf:PCI\VEN_8086&DEV_09AB:00FF2001 oem478.inf:PCI\VEN_8086&DEV_09AB:00FF2001
Device Updated: true
Parent Device: ACPI\PNP0A08\0"
"08-06-2026 17:03:46","400","Information","Microsoft-Windows-Kernel-PnP","Device PCI\VEN_8086&DEV_7D0B&SUBSYS_0CE81028&REV_00\3&11583659&0&70 was configured.

Driver Name: oem431.inf
Driver Package ID: iastorhsa_ext.inf_amd64_ee31d42270f0a9b0
Class GUID: {e2f84ce7-8efa-411c-aa69-97454ca4cb57}
Driver Date: 04/11/2025
Driver Version: 20.2.6.1025
Driver Provider: Intel Corporation
Driver Section: RstHsaExtension_install.NTamd64
Driver Rank: 0xFF2001
Matching Device ID: PCI\VEN_8086&DEV_7D0B
Outranked Drivers: 
Device Updated: true
Parent Device: ACPI\PNP0A08\0"
"08-06-2026 17:03:46","400","Information","Microsoft-Windows-Kernel-PnP","Device PCI\VEN_8086&DEV_7D0B&SUBSYS_0CE81028&REV_00\3&11583659&0&70 was configured.

Driver Name: oem512.inf
Driver Package ID: iastorvd.inf_amd64_dca58e6fa5e6b1d9
Class GUID: {4d36e97b-e325-11ce-bfc1-08002be10318}
Driver Date: 04/02/2026
Driver Version: 20.2.13.1038
Driver Provider: Intel Corporation
Driver Section: VMD_inst.NTamd64
Driver Rank: 0x802001
Matching Device ID: PCI\VEN_8086&DEV_7D0B
Outranked Drivers: oem248.inf:PCI\VEN_8086&DEV_7D0B:00802001 oem270.inf:PCI\VEN_8086&DEV_7D0B:00802001 oem478.inf:PCI\VEN_8086&DEV_7D0B:00802001
Device Updated: true
Parent Device: ACPI\PNP0A08\0"
"08-06-2026 16:59:33","410","Information","Microsoft-Windows-Kernel-PnP","Device SWD\DRIVERENUM\{03849b83-de07-4366-addd-7b5dbb16ecfc}#IpfEfProviderComponent&4&23556e4&0 was started.

Driver Name: oem510.inf
Class GUID: {5c4c3332-344d-483c-8739-259e934c9cc8}
Service: PRI-Driver
Lower Filters: 
Upper Filters: "
"08-06-2026 16:59:33","410","Information","Microsoft-Windows-Kernel-PnP","Device SWD\DRIVERENUM\{f7bc2682-70eb-4557-b9e0-86b069b3709c}#IpfEfProviderComponent&5&2c393730&0 was started.

Driver Name: oem508.inf
Class GUID: {5c4c3332-344d-483c-8739-259e934c9cc8}
Service: PRI-Driver
Lower Filters: 
Upper Filters: "
"08-06-2026 16:59:32","410","Information","Microsoft-Windows-Kernel-PnP","Device SWD\DRIVERENUM\{943855cc-edb2-421e-bf96-9d11d12e7430}#IpfEfPMTProviderComponent&4&22e119fc&0 was started.

Driver Name: oem509.inf
Class GUID: {5c4c3332-344d-483c-8739-259e934c9cc8}
Service: IntelTACD
Lower Filters: 
Upper Filters: "
"08-06-2026 16:59:30","410","Information","Microsoft-Windows-Kernel-PnP","Device SWD\DRIVERENUM\{f2d8c2cd-6407-49ee-8bd1-7213a57b87f6}#IpfEfProviderComponent&5&2c393730&0 was started.

Driver Name: oem511.inf
Class GUID: {5c4c3332-344d-483c-8739-259e934c9cc8}
Service: 
Lower Filters: 
Upper Filters: "
"08-06-2026 16:59:30","400","Information","Microsoft-Windows-Kernel-PnP","Device SWD\DRIVERENUM\{f2d8c2cd-6407-49ee-8bd1-7213a57b87f6}#IpfEfProviderComponent&5&2c393730&0 was configured.

Driver Name: oem511.inf
Driver Package ID: systemconfigprovider_sw.inf_amd64_bdf14616d65c80ae
Class GUID: {5c4c3332-344d-483c-8739-259e934c9cc8}
Driver Date: 01/17/2026
Driver Version: 3.4.1005.0
Driver Provider: Intel
Driver Section: IpfEfProviderInstall.NTamd64
Driver Rank: 0xFF0000
Matching Device ID: SWC\VID8086_IPFEF_SYSCONFIG_PROVIDER_1.0
Outranked Drivers: oem228.inf:SWC\VID8086_IPFEF_SYSCONFIG_PROVIDER_1.0:00FF0000 c_swcomponent.inf:SWC\Generic:00FF3000 c_swdevice.inf:SWD\GenericRaw:00FF3001
Device Updated: true
Parent Device: SWD\DRIVERENUM\IpfEfExtComponent&4&23556e4&0"
"08-06-2026 16:59:28","400","Information","Microsoft-Windows-Kernel-PnP","Device SWD\DRIVERENUM\{03849b83-de07-4366-addd-7b5dbb16ecfc}#IpfEfProviderComponent&4&23556e4&0 was configured.

Driver Name: oem510.inf
Driver Package ID: socthermalprovider_sw.inf_amd64_082d6c58316f87b7
Class GUID: {5c4c3332-344d-483c-8739-259e934c9cc8}
Driver Date: 02/16/2026
Driver Version: 3.4.1006.0
Driver Provider: Intel
Driver Section: IpfEfProviderInstall.NTamd64
Driver Rank: 0xFF0000
Matching Device ID: SWC\VID8086_IPFEF_SOCTHERMAL_PROVIDER_1.0
Outranked Drivers: oem50.inf:SWC\VID8086_IPFEF_SOCTHERMAL_PROVIDER_1.0:00FF0000 c_swcomponent.inf:SWC\Generic:00FF3000 c_swdevice.inf:SWD\GenericRaw:00FF3001
Device Updated: true
Parent Device: PCI\VEN_8086&DEV_7D03&SUBSYS_0CE81028&REV_05\3&11583659&0&20"
"08-06-2026 16:59:25","400","Information","Microsoft-Windows-Kernel-PnP","Device SWD\DRIVERENUM\{943855cc-edb2-421e-bf96-9d11d12e7430}#IpfEfPMTProviderComponent&4&22e119fc&0 was configured.

Driver Name: oem509.inf
Driver Package ID: pmtprovider_sw.inf_amd64_0e480ce4aa7bc932
Class GUID: {5c4c3332-344d-483c-8739-259e934c9cc8}
Driver Date: 02/16/2026
Driver Version: 3.4.1006.0
Driver Provider: Intel
Driver Section: IpfEfProviderInstall.NTamd64
Driver Rank: 0xFF0000
Matching Device ID: SWC\VID8086_IPFEF_PMT_PROVIDER_1.0
Outranked Drivers: oem104.inf:SWC\VID8086_IPFEF_PMT_PROVIDER_1.0:00FF0000 c_swcomponent.inf:SWC\Generic:00FF3000 c_swdevice.inf:SWD\GenericRaw:00FF3001
Device Updated: true
Parent Device: PCI\VEN_8086&DEV_7D0D&SUBSYS_0CE81028&REV_01\3&11583659&0&50"
"08-06-2026 16:59:12","400","Information","Microsoft-Windows-Kernel-PnP","Device SWD\DRIVERENUM\{f7bc2682-70eb-4557-b9e0-86b069b3709c}#IpfEfProviderComponent&5&2c393730&0 was configured.

Driver Name: oem508.inf
Driver Package ID: perfmonprovider_sw.inf_amd64_7a66cdc277dfdd8f
Class GUID: {5c4c3332-344d-483c-8739-259e934c9cc8}
Driver Date: 01/17/2026
Driver Version: 3.4.1005.0
Driver Provider: Intel
Driver Section: IpfEfProviderInstall.NTamd64
Driver Rank: 0xFF0000
Matching Device ID: SWC\VID8086_IPFEF_PERFMON_PROVIDER_1.0
Outranked Drivers: oem440.inf:SWC\VID8086_IPFEF_PERFMON_PROVIDER_1.0:00FF0000 c_swcomponent.inf:SWC\Generic:00FF3000 c_swdevice.inf:SWD\GenericRaw:00FF3001
Device Updated: true
Parent Device: SWD\DRIVERENUM\IpfEfExtComponent&4&23556e4&0"
"08-06-2026 16:59:10","410","Information","Microsoft-Windows-Kernel-PnP","Device SWD\DRIVERENUM\{d10bfa0c-8cb5-4674-8428-3633604b8c33}#IpfEfProviderComponent&5&2c393730&0 was started.

Driver Name: oem507.inf
Class GUID: {5c4c3332-344d-483c-8739-259e934c9cc8}
Service: PRI-Driver
Lower Filters: 
Upper Filters: "
"08-06-2026 16:59:10","400","Information","Microsoft-Windows-Kernel-PnP","Device SWD\DRIVERENUM\{d10bfa0c-8cb5-4674-8428-3633604b8c33}#IpfEfProviderComponent&5&2c393730&0 was configured.

Driver Name: oem507.inf
Driver Package ID: pcdtelemetryprovider_sw.inf_amd64_bc364fd1a1d26ebc
Class GUID: {5c4c3332-344d-483c-8739-259e934c9cc8}
Driver Date: 10/28/2025
Driver Version: 1.2.1001.0
Driver Provider: Intel
Driver Section: IpfEfProviderInstall.NTamd64
Driver Rank: 0xFF0000
Matching Device ID: SWC\VID8086_IPFEF_PCDTELEMETRY_PROVIDER_1.0
Outranked Drivers: c_swcomponent.inf:SWC\Generic:00FF3000 c_swdevice.inf:SWD\GenericRaw:00FF3001
Device Updated: true
Parent Device: SWD\DRIVERENUM\IpfEfExtComponent&4&23556e4&0"
"08-06-2026 16:59:07","410","Information","Microsoft-Windows-Kernel-PnP","Device SWD\DRIVERENUM\{322d459e-4d85-49b2-a700-b7df5808268c}#IpfEfProviderComponent&5&2c393730&0 was started.

Driver Name: oem506.inf
Class GUID: {5c4c3332-344d-483c-8739-259e934c9cc8}
Service: 
Lower Filters: 
Upper Filters: "
"08-06-2026 16:59:07","400","Information","Microsoft-Windows-Kernel-PnP","Device SWD\DRIVERENUM\{322d459e-4d85-49b2-a700-b7df5808268c}#IpfEfProviderComponent&5&2c393730&0 was configured.

Driver Name: oem506.inf
Driver Package ID: modsprovider_sw.inf_amd64_fc7b0b8d524470a8
Class GUID: {5c4c3332-344d-483c-8739-259e934c9cc8}
Driver Date: 01/17/2026
Driver Version: 3.4.1005.0
Driver Provider: Intel
Driver Section: IpfEfProviderInstall.NTamd64
Driver Rank: 0xFF0000
Matching Device ID: SWC\VID8086_IPEF_MODERN_STANDBY_PROVIDER_1.0
Outranked Drivers: oem186.inf:SWC\VID8086_IPEF_MODERN_STANDBY_PROVIDER_1.0:00FF0000 c_swcomponent.inf:SWC\Generic:00FF3000 c_swdevice.inf:SWD\GenericRaw:00FF3001
Device Updated: true
Parent Device: SWD\DRIVERENUM\IpfEfExtComponent&4&23556e4&0"
"08-06-2026 16:59:04","410","Information","Microsoft-Windows-Kernel-PnP","Device SWD\DRIVERENUM\{24016f90-83d3-41b2-a8cf-5acfad05b529}#IpfEfProviderComponent&5&2c393730&0 was started.

Driver Name: oem505.inf
Class GUID: {5c4c3332-344d-483c-8739-259e934c9cc8}
Service: 
Lower Filters: 
Upper Filters: "
"08-06-2026 16:59:04","400","Information","Microsoft-Windows-Kernel-PnP","Device SWD\DRIVERENUM\{24016f90-83d3-41b2-a8cf-5acfad05b529}#IpfEfProviderComponent&5&2c393730&0 was configured.

Driver Name: oem505.inf
Driver Package ID: igcl_ipf_provider_sw.inf_amd64_4a41ffeba2dc67d0
Class GUID: {5c4c3332-344d-483c-8739-259e934c9cc8}
Driver Date: 08/05/2025
Driver Version: 16.1.0.257
Driver Provider: Intel
Driver Section: IpfEfProviderInstall.NTamd64
Driver Rank: 0xFF0000
Matching Device ID: SWC\VID8086_IPFEF_IGCL_PROVIDER_1.0
Outranked Drivers: oem250.inf:SWC\VID8086_IPFEF_IGCL_PROVIDER_1.0:00FF0000 c_swcomponent.inf:SWC\Generic:00FF3000 c_swdevice.inf:SWD\GenericRaw:00FF3001
Device Updated: true
Parent Device: SWD\DRIVERENUM\IpfEfExtComponent&4&23556e4&0"
"08-06-2026 16:58:35","410","Information","Microsoft-Windows-Kernel-PnP","Device SWD\DRIVERENUM\IpfEfExtComponent&4&23556e4&0 was started.

Driver Name: oem503.inf
Class GUID: {4d36e97d-e325-11ce-bfc1-08002be10318}
Service: 
Lower Filters: 
Upper Filters: "
"08-06-2026 16:58:33","410","Information","Microsoft-Windows-Kernel-PnP","Device PCI\VEN_8086&DEV_7D03&SUBSYS_0CE81028&REV_05\3&11583659&0&20 was started.

Driver Name: oem503.inf
Class GUID: {4d36e97d-e325-11ce-bfc1-08002be10318}
Service: ipf_cpu
Lower Filters: 
Upper Filters: WUDFRd"
"08-06-2026 16:58:11","400","Information","Microsoft-Windows-Kernel-PnP","Device SWD\DRIVERENUM\IpfEfExtComponent&4&23556e4&0 was configured.

Driver Name: oem494.inf
Driver Package ID: pcdtelemetryprovider_ext.inf_amd64_0e67c963f1432d75
Class GUID: {e2f84ce7-8efa-411c-aa69-97454ca4cb57}
Driver Date: 10/28/2025
Driver Version: 1.2.1001.0
Driver Provider: Intel
Driver Section: IpfEfProviderInstall.NTamd64
Driver Rank: 0xFF0000
Matching Device ID: SWC\VID8086_IPFEF_1.0
Outranked Drivers: 
Device Updated: true
Parent Device: PCI\VEN_8086&DEV_7D03&SUBSYS_0CE81028&REV_05\3&11583659&0&20"
"08-06-2026 16:58:11","400","Information","Microsoft-Windows-Kernel-PnP","Device SWD\DRIVERENUM\IpfEfExtComponent&4&23556e4&0 was configured.

Driver Name: oem492.inf
Driver Package ID: modsprovider_ext.inf_amd64_b8da4a57908389ff
Class GUID: {e2f84ce7-8efa-411c-aa69-97454ca4cb57}
Driver Date: 01/17/2026
Driver Version: 3.4.1005.0
Driver Provider: Intel
Driver Section: IpfEfProviderInstall.NTamd64
Driver Rank: 0xFF0000
Matching Device ID: SWC\VID8086_IPFEF_1.0
Outranked Drivers: 
Device Updated: true
Parent Device: PCI\VEN_8086&DEV_7D03&SUBSYS_0CE81028&REV_05\3&11583659&0&20"
"08-06-2026 16:58:11","400","Information","Microsoft-Windows-Kernel-PnP","Device SWD\DRIVERENUM\IpfEfExtComponent&4&23556e4&0 was configured.

Driver Name: oem491.inf
Driver Package ID: systemconfigprovider_ext.inf_amd64_860761b962066acf
Class GUID: {e2f84ce7-8efa-411c-aa69-97454ca4cb57}
Driver Date: 01/17/2026
Driver Version: 3.4.1005.0
Driver Provider: Intel
Driver Section: IpfEfProviderInstall.NTamd64
Driver Rank: 0xFF0000
Matching Device ID: SWC\VID8086_IPFEF_1.0
Outranked Drivers: 
Device Updated: true
Parent Device: PCI\VEN_8086&DEV_7D03&SUBSYS_0CE81028&REV_05\3&11583659&0&20"
"08-06-2026 16:58:11","400","Information","Microsoft-Windows-Kernel-PnP","Device SWD\DRIVERENUM\IpfEfExtComponent&4&23556e4&0 was configured.

Driver Name: oem489.inf
Driver Package ID: perfmonprovider_ext.inf_amd64_956a25d81dae6813
Class GUID: {e2f84ce7-8efa-411c-aa69-97454ca4cb57}
Driver Date: 01/17/2026
Driver Version: 3.4.1005.0
Driver Provider: Intel
Driver Section: IpfEfProviderInstall.NTamd64
Driver Rank: 0xFF0000
Matching Device ID: SWC\VID8086_IPFEF_1.0
Outranked Drivers: 
Device Updated: true
Parent Device: PCI\VEN_8086&DEV_7D03&SUBSYS_0CE81028&REV_05\3&11583659&0&20"
"08-06-2026 16:58:11","400","Information","Microsoft-Windows-Kernel-PnP","Device SWD\DRIVERENUM\IpfEfExtComponent&4&23556e4&0 was configured.

Driver Name: oem488.inf
Driver Package ID: igcl_ipf_provider_ext.inf_amd64_3d8f0106e17ff721
Class GUID: {e2f84ce7-8efa-411c-aa69-97454ca4cb57}
Driver Date: 08/05/2025
Driver Version: 16.1.0.257
Driver Provider: Intel
Driver Section: IpfEfProviderInstall.NTamd64
Driver Rank: 0xFF0000
Matching Device ID: SWC\VID8086_IPFEF_1.0
Outranked Drivers: 
Device Updated: true
Parent Device: PCI\VEN_8086&DEV_7D03&SUBSYS_0CE81028&REV_05\3&11583659&0&20"
"08-06-2026 16:58:11","400","Information","Microsoft-Windows-Kernel-PnP","Device SWD\DRIVERENUM\IpfEfExtComponent&4&23556e4&0 was configured.

Driver Name: oem503.inf
Driver Package ID: ipf_cpu.inf_amd64_5fe37e024ff302b0
Class GUID: {4d36e97d-e325-11ce-bfc1-08002be10318}
Driver Date: 01/14/2026
Driver Version: 2.3.20303.5058
Driver Provider: Intel
Driver Section: IpfEfInstall.NTamd64
Driver Rank: 0xFF0000
Matching Device ID: SWC\VID8086_IPFEF_1.0
Outranked Drivers: oem144.inf:SWC\VID8086_IPFEF_1.0:00FF0000 oem451.inf:SWC\VID8086_IPFEF_1.0:00FF0000 c_swcomponent.inf:SWC\Generic:00FF3000 c_swdevice.inf:SWD\GenericRaw:00FF3001
Device Updated: true
Parent Device: PCI\VEN_8086&DEV_7D03&SUBSYS_0CE81028&REV_05\3&11583659&0&20"
"08-06-2026 16:58:05","400","Information","Microsoft-Windows-Kernel-PnP","Device PCI\VEN_8086&DEV_7D03&SUBSYS_0CE81028&REV_05\3&11583659&0&20 was configured.

Driver Name: oem495.inf
Driver Package ID: dtt_ext.inf_amd64_63332b0a44b6cf39
Class GUID: {e2f84ce7-8efa-411c-aa69-97454ca4cb57}
Driver Date: 03/11/2026
Driver Version: 9.1.10009.1745
Driver Provider: Intel
Driver Section: DttExtInstall.NTamd64
Driver Rank: 0xFF2001
Matching Device ID: PCI\VEN_8086&DEV_7D03
Outranked Drivers: 
Device Updated: true
Parent Device: ACPI\PNP0A08\0"
"08-06-2026 16:58:05","400","Information","Microsoft-Windows-Kernel-PnP","Device PCI\VEN_8086&DEV_7D03&SUBSYS_0CE81028&REV_05\3&11583659&0&20 was configured.

Driver Name: oem490.inf
Driver Package ID: socthermalprovider_ext.inf_amd64_5d11dab2092bf2b7
Class GUID: {e2f84ce7-8efa-411c-aa69-97454ca4cb57}
Driver Date: 02/16/2026
Driver Version: 3.4.1006.0
Driver Provider: Intel
Driver Section: IpfEfSOCThermalProviderInstall.NTamd64
Driver Rank: 0xFF2001
Matching Device ID: PCI\VEN_8086&DEV_7D03
Outranked Drivers: 
Device Updated: true
Parent Device: ACPI\PNP0A08\0"
"08-06-2026 16:58:05","400","Information","Microsoft-Windows-Kernel-PnP","Device PCI\VEN_8086&DEV_7D03&SUBSYS_0CE81028&REV_05\3&11583659&0&20 was configured.

Driver Name: oem503.inf
Driver Package ID: ipf_cpu.inf_amd64_5fe37e024ff302b0
Class GUID: {4d36e97d-e325-11ce-bfc1-08002be10318}
Driver Date: 01/14/2026
Driver Version: 2.3.20303.5058
Driver Provider: Intel
Driver Section: IpfInstall_EF.NTamd64
Driver Rank: 0xFF2001
Matching Device ID: PCI\VEN_8086&DEV_7D03
Outranked Drivers: oem144.inf:PCI\VEN_8086&DEV_7D03:00FF2001 oem451.inf:PCI\VEN_8086&DEV_7D03:00FF2001
Device Updated: true
Parent Device: ACPI\PNP0A08\0"
"08-06-2026 16:57:59","410","Information","Microsoft-Windows-Kernel-PnP","Device ACPI\INTC1042\IETM was started.

Driver Name: oem502.inf
Class GUID: {4d36e97d-e325-11ce-bfc1-08002be10318}
Service: ipf_acpi
Lower Filters: 
Upper Filters: "
"08-06-2026 16:57:59","400","Information","Microsoft-Windows-Kernel-PnP","Device ACPI\INTC1042\IETM was configured.

Driver Name: oem502.inf
Driver Package ID: ipf_acpi.inf_amd64_f5073569ebfc3cd9
Class GUID: {4d36e97d-e325-11ce-bfc1-08002be10318}
Driver Date: 01/14/2026
Driver Version: 2.3.20303.5058
Driver Provider: Intel
Driver Section: IpfAcpi.NTamd64
Driver Rank: 0xFF0001
Matching Device ID: ACPI\INTC1042
Outranked Drivers: oem266.inf:ACPI\INTC1042:00FF0001 oem312.inf:ACPI\INTC1042:00FF0001
Device Updated: true
Parent Device: ACPI_HAL\PNP0C08\0"
"08-06-2026 16:57:58","410","Information","Microsoft-Windows-Kernel-PnP","Device ACPI\INTC1064\TPCH was started.

Driver Name: oem502.inf
Class GUID: {4d36e97d-e325-11ce-bfc1-08002be10318}
Service: ipf_acpi
Lower Filters: 
Upper Filters: "
"08-06-2026 16:57:58","400","Information","Microsoft-Windows-Kernel-PnP","Device ACPI\INTC1064\TPCH was configured.

Driver Name: oem502.inf
Driver Package ID: ipf_acpi.inf_amd64_f5073569ebfc3cd9
Class GUID: {4d36e97d-e325-11ce-bfc1-08002be10318}
Driver Date: 01/14/2026
Driver Version: 2.3.20303.5058
Driver Provider: Intel
Driver Section: IpfAcpi.NTamd64
Driver Rank: 0xFF0001
Matching Device ID: ACPI\INTC1064
Outranked Drivers: oem266.inf:ACPI\INTC1064:00FF0001 oem312.inf:ACPI\INTC1064:00FF0001
Device Updated: true
Parent Device: ACPI\INTC1042\IETM"
"08-06-2026 16:57:56","410","Information","Microsoft-Windows-Kernel-PnP","Device ACPI\INTC1062\SEN6 was started.

Driver Name: oem502.inf
Class GUID: {4d36e97d-e325-11ce-bfc1-08002be10318}
Service: ipf_acpi
Lower Filters: 
Upper Filters: "
"08-06-2026 16:57:56","400","Information","Microsoft-Windows-Kernel-PnP","Device ACPI\INTC1062\SEN6 was configured.

Driver Name: oem502.inf
Driver Package ID: ipf_acpi.inf_amd64_f5073569ebfc3cd9
Class GUID: {4d36e97d-e325-11ce-bfc1-08002be10318}
Driver Date: 01/14/2026
Driver Version: 2.3.20303.5058
Driver Provider: Intel
Driver Section: IpfAcpi.NTamd64
Driver Rank: 0xFF0001
Matching Device ID: ACPI\INTC1062
Outranked Drivers: oem266.inf:ACPI\INTC1062:00FF0001 oem312.inf:ACPI\INTC1062:00FF0001
Device Updated: true
Parent Device: ACPI\INTC1042\IETM"
"08-06-2026 16:57:55","410","Information","Microsoft-Windows-Kernel-PnP","Device ACPI\INTC1062\SEN5 was started.

Driver Name: oem502.inf
Class GUID: {4d36e97d-e325-11ce-bfc1-08002be10318}
Service: ipf_acpi
Lower Filters: 
Upper Filters: "
"08-06-2026 16:57:55","400","Information","Microsoft-Windows-Kernel-PnP","Device ACPI\INTC1062\SEN5 was configured.

Driver Name: oem502.inf
Driver Package ID: ipf_acpi.inf_amd64_f5073569ebfc3cd9
Class GUID: {4d36e97d-e325-11ce-bfc1-08002be10318}
Driver Date: 01/14/2026
Driver Version: 2.3.20303.5058
Driver Provider: Intel
Driver Section: IpfAcpi.NTamd64
Driver Rank: 0xFF0001
Matching Device ID: ACPI\INTC1062
Outranked Drivers: oem266.inf:ACPI\INTC1062:00FF0001 oem312.inf:ACPI\INTC1062:00FF0001
Device Updated: true
Parent Device: ACPI\INTC1042\IETM"
"08-06-2026 16:57:54","410","Information","Microsoft-Windows-Kernel-PnP","Device ACPI\INTC1062\SEN4 was started.

Driver Name: oem502.inf
Class GUID: {4d36e97d-e325-11ce-bfc1-08002be10318}
Service: ipf_acpi
Lower Filters: 
Upper Filters: "
"08-06-2026 16:57:54","400","Information","Microsoft-Windows-Kernel-PnP","Device ACPI\INTC1062\SEN4 was configured.

Driver Name: oem502.inf
Driver Package ID: ipf_acpi.inf_amd64_f5073569ebfc3cd9
Class GUID: {4d36e97d-e325-11ce-bfc1-08002be10318}
Driver Date: 01/14/2026
Driver Version: 2.3.20303.5058
Driver Provider: Intel
Driver Section: IpfAcpi.NTamd64
Driver Rank: 0xFF0001
Matching Device ID: ACPI\INTC1062
Outranked Drivers: oem266.inf:ACPI\INTC1062:00FF0001 oem312.inf:ACPI\INTC1062:00FF0001
Device Updated: true
Parent Device: ACPI\INTC1042\IETM"
"08-06-2026 16:57:52","410","Information","Microsoft-Windows-Kernel-PnP","Device ACPI\INTC1062\SEN3 was started.

Driver Name: oem502.inf
Class GUID: {4d36e97d-e325-11ce-bfc1-08002be10318}
Service: ipf_acpi
Lower Filters: 
Upper Filters: "
"08-06-2026 16:57:52","400","Information","Microsoft-Windows-Kernel-PnP","Device ACPI\INTC1062\SEN3 was configured.

Driver Name: oem502.inf
Driver Package ID: ipf_acpi.inf_amd64_f5073569ebfc3cd9
Class GUID: {4d36e97d-e325-11ce-bfc1-08002be10318}
Driver Date: 01/14/2026
Driver Version: 2.3.20303.5058
Driver Provider: Intel
Driver Section: IpfAcpi.NTamd64
Driver Rank: 0xFF0001
Matching Device ID: ACPI\INTC1062
Outranked Drivers: oem266.inf:ACPI\INTC1062:00FF0001 oem312.inf:ACPI\INTC1062:00FF0001
Device Updated: true
Parent Device: ACPI\INTC1042\IETM"
"08-06-2026 16:57:51","410","Information","Microsoft-Windows-Kernel-PnP","Device ACPI\INTC1062\SEN2 was started.

Driver Name: oem502.inf
Class GUID: {4d36e97d-e325-11ce-bfc1-08002be10318}
Service: ipf_acpi
Lower Filters: 
Upper Filters: "
"08-06-2026 16:57:51","400","Information","Microsoft-Windows-Kernel-PnP","Device ACPI\INTC1062\SEN2 was configured.

Driver Name: oem502.inf
Driver Package ID: ipf_acpi.inf_amd64_f5073569ebfc3cd9
Class GUID: {4d36e97d-e325-11ce-bfc1-08002be10318}
Driver Date: 01/14/2026
Driver Version: 2.3.20303.5058
Driver Provider: Intel
Driver Section: IpfAcpi.NTamd64
Driver Rank: 0xFF0001
Matching Device ID: ACPI\INTC1062
Outranked Drivers: oem266.inf:ACPI\INTC1062:00FF0001 oem312.inf:ACPI\INTC1062:00FF0001
Device Updated: true
Parent Device: ACPI\INTC1042\IETM"
"08-06-2026 16:57:49","400","Information","Microsoft-Windows-Kernel-PnP","Device ACPI\INTC1062\SEN1 was configured.

Driver Name: oem502.inf
Driver Package ID: ipf_acpi.inf_amd64_f5073569ebfc3cd9
Class GUID: {4d36e97d-e325-11ce-bfc1-08002be10318}
Driver Date: 01/14/2026
Driver Version: 2.3.20303.5058
Driver Provider: Intel
Driver Section: IpfAcpi.NTamd64
Driver Rank: 0xFF0001
Matching Device ID: ACPI\INTC1062
Outranked Drivers: oem266.inf:ACPI\INTC1062:00FF0001 oem312.inf:ACPI\INTC1062:00FF0001
Device Updated: true
Parent Device: ACPI\INTC1042\IETM"
"08-06-2026 16:56:27","410","Information","Microsoft-Windows-Kernel-PnP","Device SWD\MMDEVAPI\{0.0.0.00000000}.{9a1bf29b-fac1-4738-a148-14e38c14a020} was started.

Driver Name: audioendpoint.inf
Class GUID: {c166523c-fe0c-4a94-a586-f1a80cfbbf3e}
Service: 
Lower Filters: 
Upper Filters: "
"08-06-2026 16:56:27","400","Information","Microsoft-Windows-Kernel-PnP","Device SWD\MMDEVAPI\{0.0.0.00000000}.{9a1bf29b-fac1-4738-a148-14e38c14a020} was configured.

Driver Name: audioendpoint.inf
Driver Package ID: audioendpoint.inf_amd64_271c4d03bad18da8
Class GUID: {c166523c-fe0c-4a94-a586-f1a80cfbbf3e}
Driver Date: 03/31/2024
Driver Version: 10.0.26100.1
Driver Provider: Microsoft
Driver Section: NO_DRV
Driver Rank: 0xFF0000
Matching Device ID: MMDEVAPI\AudioEndpoints
Outranked Drivers: c_swdevice.inf:SWD\GenericRaw:00FF3001
Device Updated: false
Parent Device: HDAUDIO\SUBFUNC_01&VEN_8086&DEV_281D&NID_0001&SUBSYS_00000000&REV_1000\6&2d9a5e4c&0&0002&00000025"
"08-06-2026 16:56:27","420","Information","Microsoft-Windows-Kernel-PnP","Device SWD\MMDEVAPI\{0.0.0.00000000}.{D83774C7-2E18-459E-90FC-F680A8299BE6} was deleted.

Class GUID: {c166523c-fe0c-4a94-a586-f1a80cfbbf3e}"
"08-06-2026 16:56:26","410","Information","Microsoft-Windows-Kernel-PnP","Device HDAUDIO\SUBFUNC_01&VEN_8086&DEV_281D&NID_0001&SUBSYS_00000000&REV_1000\6&2d9a5e4c&0&0002&00000025 was started.

Driver Name: oem346.inf
Class GUID: {4d36e96c-e325-11ce-bfc1-08002be10318}
Service: 
Lower Filters: 
Upper Filters: "
"08-06-2026 16:56:26","400","Information","Microsoft-Windows-Kernel-PnP","Device HDAUDIO\SUBFUNC_01&VEN_8086&DEV_281D&NID_0001&SUBSYS_00000000&REV_1000\6&2d9a5e4c&0&0002&00000025 was configured.

Driver Name: oem346.inf
Driver Package ID: mshdadac.inf_amd64_a75c1fc7e527ee75
Class GUID: {4d36e96c-e325-11ce-bfc1-08002be10318}
Driver Date: 04/16/2026
Driver Version: 32.0.101.8724
Driver Provider: Intel Corporation
Driver Section: Audio_Child_Device_Wrapper.NT
Driver Rank: 0xFF3008
Matching Device ID: HDAUDIO\SUBFUNC_01&VEN_8086&DEV_281D
Outranked Drivers: oem484.inf:HDAUDIO\SUBFUNC_01&VEN_8086&DEV_281D:00FF3008
Device Updated: true
Parent Device: INTELAUDIO\SGPC_FUNC_01&VEN_8086&DEV_281D&SUBSYS_80860101&REV_1000\5&32640736&0&0201DIF_000B&UIF_0000"
"08-06-2026 16:56:26","410","Information","Microsoft-Windows-Kernel-PnP","Device INTELAUDIO\SGPC_FUNC_01&VEN_8086&DEV_281D&SUBSYS_80860101&REV_1000\5&32640736&0&0201DIF_000B&UIF_0000 was started.

Driver Name: oem346.inf
Class GUID: {4d36e96c-e325-11ce-bfc1-08002be10318}
Service: AcxHdAudio
Lower Filters: 
Upper Filters: "
"08-06-2026 16:56:25","400","Information","Microsoft-Windows-Kernel-PnP","Device INTELAUDIO\SGPC_FUNC_01&VEN_8086&DEV_281D&SUBSYS_80860101&REV_1000\5&32640736&0&0201DIF_000B&UIF_0000 was configured.

Driver Name: oem346.inf
Driver Package ID: mshdadac.inf_amd64_a75c1fc7e527ee75
Class GUID: {4d36e96c-e325-11ce-bfc1-08002be10318}
Driver Date: 04/16/2026
Driver Version: 32.0.101.8724
Driver Provider: Intel Corporation
Driver Section: Audio_Device_Wrapper.NT
Driver Rank: 0xF00001
Matching Device ID: INTELAUDIO\SGPC_FUNC_01&VEN_8086&DEV_281D&SUBSYS_80860101
Outranked Drivers: oem484.inf:INTELAUDIO\SGPC_FUNC_01&VEN_8086&DEV_281D&SUBSYS_80860101:00F00001 oem484.inf:INTELAUDIO\SGPC_FUNC_01&VEN_8086&DEV_281D:00F01003 oem346.inf:INTELAUDIO\SGPC_FUNC_01&VEN_8086&DEV_281D:00F01003
Device Updated: true
Parent Device: INTELAUDIO\DSP_CTLR_DEV_7728&VEN_8086&DEV_0222&SUBSYS_0CE81028&REV_0000\4&417d3cc&0&0800DIF_000B&UIF_0000"
"08-06-2026 16:56:21","411","Error","Microsoft-Windows-Kernel-PnP","Device PCI\VEN_8086&DEV_7D41&SUBSYS_0CE81028&REV_00\3&11583659&0&10 had a problem starting.

Driver Name: oem27.inf
Class GUID: {4d36e968-e325-11ce-bfc1-08002be10318}
Service: igfxn
Lower Filters: 
Upper Filters: 
Problem: 0x0
Problem Status: 0xC00000E5"
"08-06-2026 16:56:20","400","Information","Microsoft-Windows-Kernel-PnP","Device PCI\VEN_8086&DEV_7D41&SUBSYS_0CE81028&REV_00\3&11583659&0&10 was configured.

Driver Name: oem496.inf
Driver Package ID: iigd_ext.inf_amd64_9bc87952f8489989
Class GUID: {e2f84ce7-8efa-411c-aa69-97454ca4cb57}
Driver Date: 04/16/2026
Driver Version: 32.0.101.8724
Driver Provider: Intel Corporation
Driver Section: ARLH_IG_wNext_Taroko14 ARL
Driver Rank: 0xFF0001
Matching Device ID: PCI\VEN_8086&DEV_7D41&SUBSYS_0CE81028
Outranked Drivers: 
Device Updated: true
Parent Device: ACPI\PNP0A08\0"
"08-06-2026 16:56:20","400","Information","Microsoft-Windows-Kernel-PnP","Device PCI\VEN_8086&DEV_7D41&SUBSYS_0CE81028&REV_00\3&11583659&0&10 was configured.

Driver Name: oem470.inf
Driver Package ID: iigd_ext.inf_amd64_33dadd3f6fdfacbf
Class GUID: {e2f84ce7-8efa-411c-aa69-97454ca4cb57}
Driver Date: 04/28/2025
Driver Version: 32.0.101.6790
Driver Provider: Intel Corporation
Driver Section: ARLH_IG_wNext_Taroko14 ARL
Driver Rank: 0xFF0001
Matching Device ID: PCI\VEN_8086&DEV_7D41&SUBSYS_0CE81028
Outranked Drivers: 
Device Updated: true
Parent Device: ACPI\PNP0A08\0"
"08-06-2026 16:56:20","400","Information","Microsoft-Windows-Kernel-PnP","Device PCI\VEN_8086&DEV_7D41&SUBSYS_0CE81028&REV_00\3&11583659&0&10 was configured.

Driver Name: oem437.inf
Driver Package ID: iigd_ext.inf_amd64_185caa84bd185eb8
Class GUID: {e2f84ce7-8efa-411c-aa69-97454ca4cb57}
Driver Date: 10/22/2025
Driver Version: 32.0.101.8247
Driver Provider: Intel Corporation
Driver Section: ARLH_IG_wNext_Taroko14 ARL
Driver Rank: 0xFF0001
Matching Device ID: PCI\VEN_8086&DEV_7D41&SUBSYS_0CE81028
Outranked Drivers: 
Device Updated: true
Parent Device: ACPI\PNP0A08\0"
"08-06-2026 16:56:20","400","Information","Microsoft-Windows-Kernel-PnP","Device PCI\VEN_8086&DEV_7D41&SUBSYS_0CE81028&REV_00\3&11583659&0&10 was configured.

Driver Name: oem417.inf
Driver Package ID: iigd_ext.inf_amd64_9dfde9747ed41b37
Class GUID: {e2f84ce7-8efa-411c-aa69-97454ca4cb57}
Driver Date: 01/30/2026
Driver Version: 32.0.101.8508
Driver Provider: Intel Corporation
Driver Section: ARLH_IG_wNext_Taroko14 ARL
Driver Rank: 0xFF0001
Matching Device ID: PCI\VEN_8086&DEV_7D41&SUBSYS_0CE81028
Outranked Drivers: 
Device Updated: true
Parent Device: ACPI\PNP0A08\0"
"08-06-2026 16:56:20","400","Information","Microsoft-Windows-Kernel-PnP","Device PCI\VEN_8086&DEV_7D41&SUBSYS_0CE81028&REV_00\3&11583659&0&10 was configured.

Driver Name: oem364.inf
Driver Package ID: iigd_ext.inf_amd64_cc3fbc28de8c73ea
Class GUID: {e2f84ce7-8efa-411c-aa69-97454ca4cb57}
Driver Date: 06/04/2025
Driver Version: 32.0.101.6881
Driver Provider: Intel Corporation
Driver Section: ARLH_IG_wNext_Taroko14 ARL
Driver Rank: 0xFF0001
Matching Device ID: PCI\VEN_8086&DEV_7D41&SUBSYS_0CE81028
Outranked Drivers: 
Device Updated: true
Parent Device: ACPI\PNP0A08\0"
"08-06-2026 16:56:20","400","Information","Microsoft-Windows-Kernel-PnP","Device PCI\VEN_8086&DEV_7D41&SUBSYS_0CE81028&REV_00\3&11583659&0&10 was configured.

Driver Name: oem355.inf
Driver Package ID: iigd_ext.inf_amd64_93eb2b76c219becf
Class GUID: {e2f84ce7-8efa-411c-aa69-97454ca4cb57}
Driver Date: 07/29/2025
Driver Version: 32.0.101.6987
Driver Provider: Intel Corporation
Driver Section: ARLH_IG_wNext_Taroko14 ARL
Driver Rank: 0xFF0001
Matching Device ID: PCI\VEN_8086&DEV_7D41&SUBSYS_0CE81028
Outranked Drivers: 
Device Updated: true
Parent Device: ACPI\PNP0A08\0"
"08-06-2026 16:56:20","400","Information","Microsoft-Windows-Kernel-PnP","Device PCI\VEN_8086&DEV_7D41&SUBSYS_0CE81028&REV_00\3&11583659&0&10 was configured.

Driver Name: oem338.inf
Driver Package ID: iigd_ext.inf_amd64_dd56c8496788d08d
Class GUID: {e2f84ce7-8efa-411c-aa69-97454ca4cb57}
Driver Date: 03/18/2025
Driver Version: 32.0.101.6651
Driver Provider: Intel Corporation
Driver Section: ARLH_IG_wNext_Taroko14 ARL
Driver Rank: 0xFF0001
Matching Device ID: PCI\VEN_8086&DEV_7D41&SUBSYS_0CE81028
Outranked Drivers: 
Device Updated: true
Parent Device: ACPI\PNP0A08\0"
"08-06-2026 16:56:20","400","Information","Microsoft-Windows-Kernel-PnP","Device PCI\VEN_8086&DEV_7D41&SUBSYS_0CE81028&REV_00\3&11583659&0&10 was configured.

Driver Name: oem216.inf
Driver Package ID: iigd_ext.inf_amd64_dd6d17ba618ad518
Class GUID: {e2f84ce7-8efa-411c-aa69-97454ca4cb57}
Driver Date: 11/26/2024
Driver Version: 32.0.101.6313
Driver Provider: Intel Corporation
Driver Section: ARLH_IG_wNext_Taroko14 ARL
Driver Rank: 0xFF0001
Matching Device ID: PCI\VEN_8086&DEV_7D41&SUBSYS_0CE81028
Outranked Drivers: 
Device Updated: true
Parent Device: ACPI\PNP0A08\0"
"08-06-2026 16:56:20","400","Information","Microsoft-Windows-Kernel-PnP","Device PCI\VEN_8086&DEV_7D41&SUBSYS_0CE81028&REV_00\3&11583659&0&10 was configured.

Driver Name: oem183.inf
Driver Package ID: iigd_ext.inf_amd64_118c128ade056bcf
Class GUID: {e2f84ce7-8efa-411c-aa69-97454ca4cb57}
Driver Date: 09/19/2025
Driver Version: 32.0.101.8132
Driver Provider: Intel Corporation
Driver Section: ARLH_IG_wNext_Taroko14 ARL
Driver Rank: 0xFF0001
Matching Device ID: PCI\VEN_8086&DEV_7D41&SUBSYS_0CE81028
Outranked Drivers: 
Device Updated: true
Parent Device: ACPI\PNP0A08\0"
"08-06-2026 16:56:20","400","Information","Microsoft-Windows-Kernel-PnP","Device PCI\VEN_8086&DEV_7D41&SUBSYS_0CE81028&REV_00\3&11583659&0&10 was configured.

Driver Name: oem27.inf
Driver Package ID: iigd_dch.inf_amd64_890a08c3df64cf6a
Class GUID: {4d36e968-e325-11ce-bfc1-08002be10318}
Driver Date: 04/16/2026
Driver Version: 32.0.101.8724
Driver Provider: Intel Corporation
Driver Section: ARLH_IG_wNext
Driver Rank: 0xCF0001
Matching Device ID: PCI\VEN_8086&DEV_7D41&SUBSYS_0CE81028
Outranked Drivers: oem130.inf:PCI\VEN_8086&DEV_7D41&SUBSYS_0CE81028:00CF0001 oem130.inf:PCI\VEN_8086&DEV_7D41:00CF2001 oem27.inf:PCI\VEN_8086&DEV_7D41:00CF2001 display.inf:PCI\CC_0300:00FB2008
Device Updated: true
Parent Device: ACPI\PNP0A08\0"
"08-06-2026 16:56:10","410","Information","Microsoft-Windows-Kernel-PnP","Device INTELAUDIO\SGPC_FUNC_01&VEN_8086&DEV_281D&SUBSYS_80860101&REV_1000\5&32640736&0&0201DIF_000B&UIF_0000 was started.

Driver Name: oem346.inf
Class GUID: {4d36e96c-e325-11ce-bfc1-08002be10318}
Service: AcxHdAudio
Lower Filters: 
Upper Filters: "
"08-06-2026 16:56:09","400","Information","Microsoft-Windows-Kernel-PnP","Device INTELAUDIO\SGPC_FUNC_01&VEN_8086&DEV_281D&SUBSYS_80860101&REV_1000\5&32640736&0&0201DIF_000B&UIF_0000 was configured.

Driver Name: oem346.inf
Driver Package ID: mshdadac.inf_amd64_a75c1fc7e527ee75
Class GUID: {4d36e96c-e325-11ce-bfc1-08002be10318}
Driver Date: 04/16/2026
Driver Version: 32.0.101.8724
Driver Provider: Intel Corporation
Driver Section: Audio_Device_Wrapper.NT
Driver Rank: 0xF00001
Matching Device ID: INTELAUDIO\SGPC_FUNC_01&VEN_8086&DEV_281D&SUBSYS_80860101
Outranked Drivers: oem484.inf:INTELAUDIO\SGPC_FUNC_01&VEN_8086&DEV_281D&SUBSYS_80860101:00F00001 oem484.inf:INTELAUDIO\SGPC_FUNC_01&VEN_8086&DEV_281D:00F01003 oem346.inf:INTELAUDIO\SGPC_FUNC_01&VEN_8086&DEV_281D:00F01003
Device Updated: true
Parent Device: INTELAUDIO\DSP_CTLR_DEV_7728&VEN_8086&DEV_0222&SUBSYS_0CE81028&REV_0000\4&417d3cc&0&0800DIF_000B&UIF_0000"
"08-06-2026 16:56:06","410","Information","Microsoft-Windows-Kernel-PnP","Device SWD\MMDEVAPI\{0.0.0.00000000}.{d83774c7-2e18-459e-90fc-f680a8299be6} was started.

Driver Name: audioendpoint.inf
Class GUID: {c166523c-fe0c-4a94-a586-f1a80cfbbf3e}
Service: 
Lower Filters: 
Upper Filters: "
"08-06-2026 16:56:06","400","Information","Microsoft-Windows-Kernel-PnP","Device SWD\MMDEVAPI\{0.0.0.00000000}.{d83774c7-2e18-459e-90fc-f680a8299be6} was configured.

Driver Name: audioendpoint.inf
Driver Package ID: audioendpoint.inf_amd64_271c4d03bad18da8
Class GUID: {c166523c-fe0c-4a94-a586-f1a80cfbbf3e}
Driver Date: 03/31/2024
Driver Version: 10.0.26100.1
Driver Provider: Microsoft
Driver Section: NO_DRV
Driver Rank: 0xFF0000
Matching Device ID: MMDEVAPI\AudioEndpoints
Outranked Drivers: c_swdevice.inf:SWD\GenericRaw:00FF3001
Device Updated: false
Parent Device: HDAUDIO\SUBFUNC_01&VEN_8086&DEV_281D&NID_0001&SUBSYS_00000000&REV_1000\6&2d9a5e4c&0&0002&00000025"
"08-06-2026 16:56:06","420","Information","Microsoft-Windows-Kernel-PnP","Device SWD\MMDEVAPI\{0.0.0.00000000}.{D4C0D637-E785-4E7D-8537-761256AE3BE0} was deleted.

Class GUID: {c166523c-fe0c-4a94-a586-f1a80cfbbf3e}"
"08-06-2026 16:56:05","410","Information","Microsoft-Windows-Kernel-PnP","Device HDAUDIO\SUBFUNC_01&VEN_8086&DEV_281D&NID_0001&SUBSYS_00000000&REV_1000\6&2d9a5e4c&0&0002&00000025 was started.

Driver Name: oem346.inf
Class GUID: {4d36e96c-e325-11ce-bfc1-08002be10318}
Service: 
Lower Filters: 
Upper Filters: "
"08-06-2026 16:56:05","400","Information","Microsoft-Windows-Kernel-PnP","Device HDAUDIO\SUBFUNC_01&VEN_8086&DEV_281D&NID_0001&SUBSYS_00000000&REV_1000\6&2d9a5e4c&0&0002&00000025 was configured.

Driver Name: oem346.inf
Driver Package ID: mshdadac.inf_amd64_a75c1fc7e527ee75
Class GUID: {4d36e96c-e325-11ce-bfc1-08002be10318}
Driver Date: 04/16/2026
Driver Version: 32.0.101.8724
Driver Provider: Intel Corporation
Driver Section: Audio_Child_Device_Wrapper.NT
Driver Rank: 0xFF3008
Matching Device ID: HDAUDIO\SUBFUNC_01&VEN_8086&DEV_281D
Outranked Drivers: oem484.inf:HDAUDIO\SUBFUNC_01&VEN_8086&DEV_281D:00FF3008
Device Updated: true
Parent Device: INTELAUDIO\SGPC_FUNC_01&VEN_8086&DEV_281D&SUBSYS_80860101&REV_1000\5&32640736&0&0201DIF_000B&UIF_0000"
"08-06-2026 16:55:49","410","Information","Microsoft-Windows-Kernel-PnP","Device PCI\VEN_8086&DEV_7728&SUBSYS_0CE81028&REV_00\3&11583659&0&FB was started.

Driver Name: oem479.inf
Class GUID: {4d36e97d-e325-11ce-bfc1-08002be10318}
Service: IntcAudioBus
Lower Filters: 
Upper Filters: "
"08-06-2026 16:55:48","400","Information","Microsoft-Windows-Kernel-PnP","Device PCI\VEN_8086&DEV_7728&SUBSYS_0CE81028&REV_00\3&11583659&0&FB was configured.

Driver Name: oem501.inf
Driver Package ID: hdbusext.inf_amd64_fa3aaa1a353259f9
Class GUID: {e2f84ce7-8efa-411c-aa69-97454ca4cb57}
Driver Date: 04/16/2026
Driver Version: 32.0.101.8724
Driver Provider: Intel Corporation
Driver Section: iAUDIO_w10_SGPC_DS
Driver Rank: 0xFF2001
Matching Device ID: PCI\VEN_8086&DEV_7728
Outranked Drivers: 
Device Updated: true
Parent Device: ACPI\PNP0A08\0"
"08-06-2026 16:55:48","400","Information","Microsoft-Windows-Kernel-PnP","Device PCI\VEN_8086&DEV_7728&SUBSYS_0CE81028&REV_00\3&11583659&0&FB was configured.

Driver Name: oem479.inf
Driver Package ID: intcaudiobus.inf_amd64_8e41d747296b4a90
Class GUID: {4d36e97d-e325-11ce-bfc1-08002be10318}
Driver Date: 11/24/2025
Driver Version: 20.40.12446.9
Driver Provider: Intel(R) Corporation
Driver Section: IntcAudioBus.NT
Driver Rank: 0xFF0002
Matching Device ID: PCI\VEN_8086&DEV_7728&CC_040380
Outranked Drivers: oem382.inf:PCI\VEN_8086&DEV_7728&CC_040380:00FF0002 hdaudbus.inf:PCI\CC_0403:00FF2006
Device Updated: true
Parent Device: ACPI\PNP0A08\0"
"08-06-2026 16:55:46","410","Information","Microsoft-Windows-Kernel-PnP","Device SWD\DRIVERENUM\IGS&4&20b8d095&0 was started.

Driver Name: oem500.inf
Class GUID: {5c4c3332-344d-483c-8739-259e934c9cc8}
Service: 
Lower Filters: 
Upper Filters: "
"08-06-2026 16:55:46","400","Information","Microsoft-Windows-Kernel-PnP","Device SWD\DRIVERENUM\IGS&4&20b8d095&0 was configured.

Driver Name: oem500.inf
Driver Package ID: igs.inf_amd64_aafa83a4afc303a6
Class GUID: {5c4c3332-344d-483c-8739-259e934c9cc8}
Driver Date: 04/16/2026
Driver Version: 32.0.101.8724
Driver Provider: Intel Corporation
Driver Section: IGS_Component_Install
Driver Rank: 0xFF0000
Matching Device ID: SWC\32.0.101.8724_VEN8086_IGS
Outranked Drivers: c_swcomponent.inf:SWC\Generic:00FF3000 c_swdevice.inf:SWD\GenericRaw:00FF3001
Device Updated: true
Parent Device: PCI\VEN_8086&DEV_7D41&SUBSYS_0CE81028&REV_00\3&11583659&0&10"
"08-06-2026 16:55:44","410","Information","Microsoft-Windows-Kernel-PnP","Device SWD\MMDEVAPI\{0.0.0.00000000}.{d4c0d637-e785-4e7d-8537-761256ae3be0} was started.

Driver Name: audioendpoint.inf
Class GUID: {c166523c-fe0c-4a94-a586-f1a80cfbbf3e}
Service: 
Lower Filters: 
Upper Filters: "
"08-06-2026 16:55:44","400","Information","Microsoft-Windows-Kernel-PnP","Device SWD\MMDEVAPI\{0.0.0.00000000}.{d4c0d637-e785-4e7d-8537-761256ae3be0} was configured.

Driver Name: audioendpoint.inf
Driver Package ID: audioendpoint.inf_amd64_271c4d03bad18da8
Class GUID: {c166523c-fe0c-4a94-a586-f1a80cfbbf3e}
Driver Date: 03/31/2024
Driver Version: 10.0.26100.1
Driver Provider: Microsoft
Driver Section: NO_DRV
Driver Rank: 0xFF0000
Matching Device ID: MMDEVAPI\AudioEndpoints
Outranked Drivers: c_swdevice.inf:SWD\GenericRaw:00FF3001
Device Updated: false
Parent Device: HDAUDIO\SUBFUNC_01&VEN_8086&DEV_281D&NID_0001&SUBSYS_00000000&REV_1000\6&2d9a5e4c&0&0002&00000025"
"08-06-2026 16:55:43","410","Information","Microsoft-Windows-Kernel-PnP","Device PCI\VEN_8086&DEV_7728&SUBSYS_0CE81028&REV_00\3&11583659&0&FB was started.

Driver Name: oem479.inf
Class GUID: {4d36e97d-e325-11ce-bfc1-08002be10318}
Service: IntcAudioBus
Lower Filters: 
Upper Filters: "
"08-06-2026 16:55:42","420","Information","Microsoft-Windows-Kernel-PnP","Device SWD\MMDEVAPI\{0.0.0.00000000}.{6596372F-3207-4F21-9F3B-03157C68DA27} was deleted.

Class GUID: {c166523c-fe0c-4a94-a586-f1a80cfbbf3e}"
"08-06-2026 16:55:33","400","Information","Microsoft-Windows-Kernel-PnP","Device PCI\VEN_8086&DEV_7728&SUBSYS_0CE81028&REV_00\3&11583659&0&FB was configured.

Driver Name: oem501.inf
Driver Package ID: hdbusext.inf_amd64_fa3aaa1a353259f9
Class GUID: {e2f84ce7-8efa-411c-aa69-97454ca4cb57}
Driver Date: 04/16/2026
Driver Version: 32.0.101.8724
Driver Provider: Intel Corporation
Driver Section: iAUDIO_w10_SGPC_DS
Driver Rank: 0xFF2001
Matching Device ID: PCI\VEN_8086&DEV_7728
Outranked Drivers: 
Device Updated: true
Parent Device: ACPI\PNP0A08\0"
"08-06-2026 16:55:33","400","Information","Microsoft-Windows-Kernel-PnP","Device PCI\VEN_8086&DEV_7728&SUBSYS_0CE81028&REV_00\3&11583659&0&FB was configured.

Driver Name: oem479.inf
Driver Package ID: intcaudiobus.inf_amd64_8e41d747296b4a90
Class GUID: {4d36e97d-e325-11ce-bfc1-08002be10318}
Driver Date: 11/24/2025
Driver Version: 20.40.12446.9
Driver Provider: Intel(R) Corporation
Driver Section: IntcAudioBus.NT
Driver Rank: 0xFF0002
Matching Device ID: PCI\VEN_8086&DEV_7728&CC_040380
Outranked Drivers: oem382.inf:PCI\VEN_8086&DEV_7728&CC_040380:00FF0002 hdaudbus.inf:PCI\CC_0403:00FF2006
Device Updated: true
Parent Device: ACPI\PNP0A08\0"
"08-06-2026 16:55:31","410","Information","Microsoft-Windows-Kernel-PnP","Device SWD\DRIVERENUM\IGS&4&20b8d095&0 was started.

Driver Name: oem500.inf
Class GUID: {5c4c3332-344d-483c-8739-259e934c9cc8}
Service: 
Lower Filters: 
Upper Filters: "
"08-06-2026 16:55:31","400","Information","Microsoft-Windows-Kernel-PnP","Device SWD\DRIVERENUM\IGS&4&20b8d095&0 was configured.

Driver Name: oem500.inf
Driver Package ID: igs.inf_amd64_aafa83a4afc303a6
Class GUID: {5c4c3332-344d-483c-8739-259e934c9cc8}
Driver Date: 04/16/2026
Driver Version: 32.0.101.8724
Driver Provider: Intel Corporation
Driver Section: IGS_Component_Install
Driver Rank: 0xFF0000
Matching Device ID: SWC\32.0.101.8724_VEN8086_IGS
Outranked Drivers: c_swcomponent.inf:SWC\Generic:00FF3000 c_swdevice.inf:SWD\GenericRaw:00FF3001
Device Updated: true
Parent Device: PCI\VEN_8086&DEV_7D41&SUBSYS_0CE81028&REV_00\3&11583659&0&10"
"08-06-2026 16:55:31","410","Information","Microsoft-Windows-Kernel-PnP","Device HDAUDIO\SUBFUNC_01&VEN_8086&DEV_281D&NID_0001&SUBSYS_00000000&REV_1000\6&2d9a5e4c&0&0002&00000025 was started.

Driver Name: oem346.inf
Class GUID: {4d36e96c-e325-11ce-bfc1-08002be10318}
Service: 
Lower Filters: 
Upper Filters: "
"08-06-2026 16:55:31","400","Information","Microsoft-Windows-Kernel-PnP","Device HDAUDIO\SUBFUNC_01&VEN_8086&DEV_281D&NID_0001&SUBSYS_00000000&REV_1000\6&2d9a5e4c&0&0002&00000025 was configured.

Driver Name: oem346.inf
Driver Package ID: mshdadac.inf_amd64_a75c1fc7e527ee75
Class GUID: {4d36e96c-e325-11ce-bfc1-08002be10318}
Driver Date: 04/16/2026
Driver Version: 32.0.101.8724
Driver Provider: Intel Corporation
Driver Section: Audio_Child_Device_Wrapper.NT
Driver Rank: 0xFF3008
Matching Device ID: HDAUDIO\SUBFUNC_01&VEN_8086&DEV_281D
Outranked Drivers: oem484.inf:HDAUDIO\SUBFUNC_01&VEN_8086&DEV_281D:00FF3008
Device Updated: true
Parent Device: INTELAUDIO\SGPC_FUNC_01&VEN_8086&DEV_281D&SUBSYS_80860101&REV_1000\5&32640736&0&0201DIF_000B&UIF_0000"
"08-06-2026 16:55:30","410","Information","Microsoft-Windows-Kernel-PnP","Device INTELAUDIO\SGPC_FUNC_01&VEN_8086&DEV_281D&SUBSYS_80860101&REV_1000\5&32640736&0&0201DIF_000B&UIF_0000 was started.

Driver Name: oem346.inf
Class GUID: {4d36e96c-e325-11ce-bfc1-08002be10318}
Service: AcxHdAudio
Lower Filters: 
Upper Filters: "
"08-06-2026 16:55:30","400","Information","Microsoft-Windows-Kernel-PnP","Device INTELAUDIO\SGPC_FUNC_01&VEN_8086&DEV_281D&SUBSYS_80860101&REV_1000\5&32640736&0&0201DIF_000B&UIF_0000 was configured.

Driver Name: oem346.inf
Driver Package ID: mshdadac.inf_amd64_a75c1fc7e527ee75
Class GUID: {4d36e96c-e325-11ce-bfc1-08002be10318}
Driver Date: 04/16/2026
Driver Version: 32.0.101.8724
Driver Provider: Intel Corporation
Driver Section: Audio_Device_Wrapper.NT
Driver Rank: 0xF00001
Matching Device ID: INTELAUDIO\SGPC_FUNC_01&VEN_8086&DEV_281D&SUBSYS_80860101
Outranked Drivers: oem484.inf:INTELAUDIO\SGPC_FUNC_01&VEN_8086&DEV_281D&SUBSYS_80860101:00F00001 oem484.inf:INTELAUDIO\SGPC_FUNC_01&VEN_8086&DEV_281D:00F01003 oem346.inf:INTELAUDIO\SGPC_FUNC_01&VEN_8086&DEV_281D:00F01003
Device Updated: true
Parent Device: INTELAUDIO\DSP_CTLR_DEV_7728&VEN_8086&DEV_0222&SUBSYS_0CE81028&REV_0000\4&417d3cc&0&0800DIF_000B&UIF_0000"
"08-06-2026 16:55:26","430","Information","Microsoft-Windows-Kernel-PnP","Device SWD\DRIVERENUM\IGS&4&20b8d095&0 requires further installation."
"08-06-2026 16:55:25","411","Error","Microsoft-Windows-Kernel-PnP","Device PCI\VEN_8086&DEV_7D41&SUBSYS_0CE81028&REV_00\3&11583659&0&10 had a problem starting.

Driver Name: oem27.inf
Class GUID: {4d36e968-e325-11ce-bfc1-08002be10318}
Service: igfxn
Lower Filters: 
Upper Filters: 
Problem: 0x0
Problem Status: 0xC00000E5"
"08-06-2026 16:55:22","400","Information","Microsoft-Windows-Kernel-PnP","Device PCI\VEN_8086&DEV_7D41&SUBSYS_0CE81028&REV_00\3&11583659&0&10 was configured.

Driver Name: oem496.inf
Driver Package ID: iigd_ext.inf_amd64_9bc87952f8489989
Class GUID: {e2f84ce7-8efa-411c-aa69-97454ca4cb57}
Driver Date: 04/16/2026
Driver Version: 32.0.101.8724
Driver Provider: Intel Corporation
Driver Section: ARLH_IG_wNext_Taroko14 ARL
Driver Rank: 0xFF0001
Matching Device ID: PCI\VEN_8086&DEV_7D41&SUBSYS_0CE81028
Outranked Drivers: 
Device Updated: true
Parent Device: ACPI\PNP0A08\0"
"08-06-2026 16:55:22","400","Information","Microsoft-Windows-Kernel-PnP","Device PCI\VEN_8086&DEV_7D41&SUBSYS_0CE81028&REV_00\3&11583659&0&10 was configured.

Driver Name: oem470.inf
Driver Package ID: iigd_ext.inf_amd64_33dadd3f6fdfacbf
Class GUID: {e2f84ce7-8efa-411c-aa69-97454ca4cb57}
Driver Date: 04/28/2025
Driver Version: 32.0.101.6790
Driver Provider: Intel Corporation
Driver Section: ARLH_IG_wNext_Taroko14 ARL
Driver Rank: 0xFF0001
Matching Device ID: PCI\VEN_8086&DEV_7D41&SUBSYS_0CE81028
Outranked Drivers: 
Device Updated: true
Parent Device: ACPI\PNP0A08\0"
"08-06-2026 16:55:22","400","Information","Microsoft-Windows-Kernel-PnP","Device PCI\VEN_8086&DEV_7D41&SUBSYS_0CE81028&REV_00\3&11583659&0&10 was configured.

Driver Name: oem437.inf
Driver Package ID: iigd_ext.inf_amd64_185caa84bd185eb8
Class GUID: {e2f84ce7-8efa-411c-aa69-97454ca4cb57}
Driver Date: 10/22/2025
Driver Version: 32.0.101.8247
Driver Provider: Intel Corporation
Driver Section: ARLH_IG_wNext_Taroko14 ARL
Driver Rank: 0xFF0001
Matching Device ID: PCI\VEN_8086&DEV_7D41&SUBSYS_0CE81028
Outranked Drivers: 
Device Updated: true
Parent Device: ACPI\PNP0A08\0"
"08-06-2026 16:55:22","400","Information","Microsoft-Windows-Kernel-PnP","Device PCI\VEN_8086&DEV_7D41&SUBSYS_0CE81028&REV_00\3&11583659&0&10 was configured.

Driver Name: oem417.inf
Driver Package ID: iigd_ext.inf_amd64_9dfde9747ed41b37
Class GUID: {e2f84ce7-8efa-411c-aa69-97454ca4cb57}
Driver Date: 01/30/2026
Driver Version: 32.0.101.8508
Driver Provider: Intel Corporation
Driver Section: ARLH_IG_wNext_Taroko14 ARL
Driver Rank: 0xFF0001
Matching Device ID: PCI\VEN_8086&DEV_7D41&SUBSYS_0CE81028
Outranked Drivers: 
Device Updated: true
Parent Device: ACPI\PNP0A08\0"
"08-06-2026 16:55:22","400","Information","Microsoft-Windows-Kernel-PnP","Device PCI\VEN_8086&DEV_7D41&SUBSYS_0CE81028&REV_00\3&11583659&0&10 was configured.

Driver Name: oem364.inf
Driver Package ID: iigd_ext.inf_amd64_cc3fbc28de8c73ea
Class GUID: {e2f84ce7-8efa-411c-aa69-97454ca4cb57}
Driver Date: 06/04/2025
Driver Version: 32.0.101.6881
Driver Provider: Intel Corporation
Driver Section: ARLH_IG_wNext_Taroko14 ARL
Driver Rank: 0xFF0001
Matching Device ID: PCI\VEN_8086&DEV_7D41&SUBSYS_0CE81028
Outranked Drivers: 
Device Updated: true
Parent Device: ACPI\PNP0A08\0"
"08-06-2026 16:55:22","400","Information","Microsoft-Windows-Kernel-PnP","Device PCI\VEN_8086&DEV_7D41&SUBSYS_0CE81028&REV_00\3&11583659&0&10 was configured.

Driver Name: oem355.inf
Driver Package ID: iigd_ext.inf_amd64_93eb2b76c219becf
Class GUID: {e2f84ce7-8efa-411c-aa69-97454ca4cb57}
Driver Date: 07/29/2025
Driver Version: 32.0.101.6987
Driver Provider: Intel Corporation
Driver Section: ARLH_IG_wNext_Taroko14 ARL
Driver Rank: 0xFF0001
Matching Device ID: PCI\VEN_8086&DEV_7D41&SUBSYS_0CE81028
Outranked Drivers: 
Device Updated: true
Parent Device: ACPI\PNP0A08\0"
"08-06-2026 16:55:22","400","Information","Microsoft-Windows-Kernel-PnP","Device PCI\VEN_8086&DEV_7D41&SUBSYS_0CE81028&REV_00\3&11583659&0&10 was configured.

Driver Name: oem338.inf
Driver Package ID: iigd_ext.inf_amd64_dd56c8496788d08d
Class GUID: {e2f84ce7-8efa-411c-aa69-97454ca4cb57}
Driver Date: 03/18/2025
Driver Version: 32.0.101.6651
Driver Provider: Intel Corporation
Driver Section: ARLH_IG_wNext_Taroko14 ARL
Driver Rank: 0xFF0001
Matching Device ID: PCI\VEN_8086&DEV_7D41&SUBSYS_0CE81028
Outranked Drivers: 
Device Updated: true
Parent Device: ACPI\PNP0A08\0"
"08-06-2026 16:55:22","400","Information","Microsoft-Windows-Kernel-PnP","Device PCI\VEN_8086&DEV_7D41&SUBSYS_0CE81028&REV_00\3&11583659&0&10 was configured.

Driver Name: oem216.inf
Driver Package ID: iigd_ext.inf_amd64_dd6d17ba618ad518
Class GUID: {e2f84ce7-8efa-411c-aa69-97454ca4cb57}
Driver Date: 11/26/2024
Driver Version: 32.0.101.6313
Driver Provider: Intel Corporation
Driver Section: ARLH_IG_wNext_Taroko14 ARL
Driver Rank: 0xFF0001
Matching Device ID: PCI\VEN_8086&DEV_7D41&SUBSYS_0CE81028
Outranked Drivers: 
Device Updated: true
Parent Device: ACPI\PNP0A08\0"
"08-06-2026 16:55:22","400","Information","Microsoft-Windows-Kernel-PnP","Device PCI\VEN_8086&DEV_7D41&SUBSYS_0CE81028&REV_00\3&11583659&0&10 was configured.

Driver Name: oem183.inf
Driver Package ID: iigd_ext.inf_amd64_118c128ade056bcf
Class GUID: {e2f84ce7-8efa-411c-aa69-97454ca4cb57}
Driver Date: 09/19/2025
Driver Version: 32.0.101.8132
Driver Provider: Intel Corporation
Driver Section: ARLH_IG_wNext_Taroko14 ARL
Driver Rank: 0xFF0001
Matching Device ID: PCI\VEN_8086&DEV_7D41&SUBSYS_0CE81028
Outranked Drivers: 
Device Updated: true
Parent Device: ACPI\PNP0A08\0"
