"13-07-2026 12:05:52","1010","Information","Microsoft-Windows-Kernel-PnP","Device USB\VID_0424&PID_7206\5&266331bc&0&4 has been surprise removed as it is reported as missing on the bus.
Count of devices removed: 3"
"13-07-2026 12:05:50","1010","Information","Microsoft-Windows-Kernel-PnP","Device DISPLAY\DELA1B9\4&20b8d095&0&UID8263 has been surprise removed as it is reported as missing on the bus.
Count of devices removed: 1"
"13-07-2026 12:05:46","1010","Information","Microsoft-Windows-Kernel-PnP","Device USB\VID_0424&PID_4206\5&2dc84fba&0&1 has been surprise removed as it is reported as missing on the bus.
Count of devices removed: 7"
"13-07-2026 12:05:45","1010","Information","Microsoft-Windows-Kernel-PnP","Device USB\VID_413C&PID_2514\5&2dc84fba&0&6 has been surprise removed as it is reported as missing on the bus.
Count of devices removed: 11"
"13-07-2026 09:38:43","1010","Information","Microsoft-Windows-Kernel-PnP","Device USB\VID_1D5C&PID_5510\5&2dc84fba&0&2 has been surprise removed as it is reported as missing on the bus.
Count of devices removed: 13"
"13-07-2026 09:38:40","1010","Information","Microsoft-Windows-Kernel-PnP","Device USB\VID_1D5C&PID_5500\5&266331bc&0&5 has been surprise removed as it is reported as missing on the bus.
Count of devices removed: 2"
"13-07-2026 09:38:40","1010","Information","Microsoft-Windows-Kernel-PnP","Device DISPLAY\HWP3183\4&20b8d095&0&UID24648 has been surprise removed as it is reported as missing on the bus.
Count of devices removed: 1"
"12-07-2026 22:52:24","1041","Information","Microsoft-Windows-Kernel-PnP","Device USB\VID_413C&PID_C010\11AD1D0A92AE3E18402F0B00 has completed a platform-level device reset.

Status: 0
Veto type: 0
Vetoed By: "
"12-07-2026 22:52:24","1011","Warning","Microsoft-Windows-Kernel-PnP","Device USB\VID_413C&PID_C010\11AD1D0A92AE3E18402F0B00 has been surprise removed as it was reported to be failing.
Count of devices removed: 3"
"12-07-2026 22:52:24","1040","Information","Microsoft-Windows-Kernel-PnP","Device USB\VID_413C&PID_C010\11AD1D0A92AE3E18402F0B00 has requested a platform-level device reset.

Flags: 0"
"12-07-2026 22:32:45","1041","Information","Microsoft-Windows-Kernel-PnP","Device USB\VID_413C&PID_C010\11AD1D0A92AE3E18402F0B00 has completed a platform-level device reset.

Status: 0
Veto type: 0
Vetoed By: "
"12-07-2026 22:32:45","1011","Warning","Microsoft-Windows-Kernel-PnP","Device USB\VID_413C&PID_C010\11AD1D0A92AE3E18402F0B00 has been surprise removed as it was reported to be failing.
Count of devices removed: 3"
"12-07-2026 22:32:45","1040","Information","Microsoft-Windows-Kernel-PnP","Device USB\VID_413C&PID_C010\11AD1D0A92AE3E18402F0B00 has requested a platform-level device reset.

Flags: 0"
"12-07-2026 22:31:48","1010","Information","Microsoft-Windows-Kernel-PnP","Device DISPLAY\HWP3183\4&20b8d095&0&UID24648 has been surprise removed as it is reported as missing on the bus.
Count of devices removed: 1"
"12-07-2026 21:33:22","1041","Information","Microsoft-Windows-Kernel-PnP","Device USB\VID_413C&PID_C010\11AD1D0A92AE3E18402F0B00 has completed a platform-level device reset.

Status: 0
Veto type: 0
Vetoed By: "
"12-07-2026 21:33:22","1011","Warning","Microsoft-Windows-Kernel-PnP","Device USB\VID_413C&PID_C010\11AD1D0A92AE3E18402F0B00 has been surprise removed as it was reported to be failing.
Count of devices removed: 3"
"12-07-2026 21:33:22","1040","Information","Microsoft-Windows-Kernel-PnP","Device USB\VID_413C&PID_C010\11AD1D0A92AE3E18402F0B00 has requested a platform-level device reset.

Flags: 0"
"12-07-2026 21:21:14","1041","Information","Microsoft-Windows-Kernel-PnP","Device USB\VID_413C&PID_C010\11AD1D0A92AE3E18402F0B00 has completed a platform-level device reset.

Status: 0
Veto type: 0
Vetoed By: "
"12-07-2026 21:21:14","1011","Warning","Microsoft-Windows-Kernel-PnP","Device USB\VID_413C&PID_C010\11AD1D0A92AE3E18402F0B00 has been surprise removed as it was reported to be failing.
Count of devices removed: 3"
"12-07-2026 21:21:14","1040","Information","Microsoft-Windows-Kernel-PnP","Device USB\VID_413C&PID_C010\11AD1D0A92AE3E18402F0B00 has requested a platform-level device reset.

Flags: 0"
"12-07-2026 20:20:17","1010","Information","Microsoft-Windows-Kernel-PnP","Device DISPLAY\HWP3183\4&20b8d095&0&UID24648 has been surprise removed as it is reported as missing on the bus.
Count of devices removed: 1"
"12-07-2026 20:14:45","1010","Information","Microsoft-Windows-Kernel-PnP","Device USB\VID_047F&PID_C058\EBFF498BA439F1488A177C405ACDFDF0 has been surprise removed as it is reported as missing on the bus.
Count of devices removed: 8"
"12-07-2026 20:14:42","1010","Information","Microsoft-Windows-Kernel-PnP","Device DISPLAY\HWP3183\4&20b8d095&0&UID24648 has been surprise removed as it is reported as missing on the bus.
Count of devices removed: 1"
"12-07-2026 19:55:47","1010","Information","Microsoft-Windows-Kernel-PnP","Device DISPLAY\HWP3183\4&20b8d095&0&UID24648 has been surprise removed as it is reported as missing on the bus.
Count of devices removed: 1"
"12-07-2026 19:09:52","1010","Information","Microsoft-Windows-Kernel-PnP","Device USB\VID_047F&PID_C058\EBFF498BA439F1488A177C405ACDFDF0 has been surprise removed as it is reported as missing on the bus.
Count of devices removed: 8"
"12-07-2026 19:09:47","1010","Information","Microsoft-Windows-Kernel-PnP","Device USB\VID_047F&PID_C058\EBFF498BA439F1488A177C405ACDFDF0 has been surprise removed as it is reported as missing on the bus.
Count of devices removed: 8"
"12-07-2026 18:31:52","1010","Information","Microsoft-Windows-Kernel-PnP","Device ACPI\DLL0CE8\4&a107c53&0 has been surprise removed as it is reported as missing on the bus.
Count of devices removed: 1"
"12-07-2026 18:31:51","1010","Information","Microsoft-Windows-Kernel-PnP","Device ACPI\PNP0C0C\2&daba3ff&0 has been surprise removed as it is reported as missing on the bus.
Count of devices removed: 1"
"12-07-2026 18:31:24","1010","Information","Microsoft-Windows-Kernel-PnP","Device USB\VID_FFFF&PID_BACE&REV_0002\1 has been surprise removed as it is reported as missing on the bus.
Count of devices removed: 7"
"12-07-2026 18:31:23","1010","Information","Microsoft-Windows-Kernel-PnP","Device UMB\UMB\1&841921d&0&TERMINPUT_BUS has been surprise removed as it is reported as missing on the bus.
Count of devices removed: 1"
"12-07-2026 18:31:23","1010","Information","Microsoft-Windows-Kernel-PnP","Device SWD\MSRRAS\{5e259276-bc7e-40e3-b93b-8f89b5f3abc0} has been surprise removed as it is reported as missing on the bus.
Count of devices removed: 8"
"12-07-2026 18:31:23","1010","Information","Microsoft-Windows-Kernel-PnP","Device SWD\MSRRAS\MS_SSTPMINIPORT has been surprise removed as it is reported as missing on the bus.
Count of devices removed: 1"
"12-07-2026 18:31:23","1010","Information","Microsoft-Windows-Kernel-PnP","Device SWD\MSDAS\{ce958e9a-424f-4c88-86f4-11314821e75a} has been surprise removed as it is reported as missing on the bus.
Count of devices removed: 1"
"12-07-2026 18:21:10","1010","Information","Microsoft-Windows-Kernel-PnP","Device DISPLAY\HWP3183\4&20b8d095&0&UID8263 has been surprise removed as it is reported as missing on the bus.
Count of devices removed: 1"
"11-07-2026 18:36:30","1010","Information","Microsoft-Windows-Kernel-PnP","Device USB\VID_1D5C&PID_5500\5&266331bc&0&4 has been surprise removed as it is reported as missing on the bus.
Count of devices removed: 2"
"11-07-2026 18:36:28","1010","Information","Microsoft-Windows-Kernel-PnP","Device USB\VID_1D5C&PID_5510\5&2dc84fba&0&1 has been surprise removed as it is reported as missing on the bus.
Count of devices removed: 13"
"11-07-2026 17:25:43","1010","Information","Microsoft-Windows-Kernel-PnP","Device USB\VID_1D5C&PID_5500\5&266331bc&0&4 has been surprise removed as it is reported as missing on the bus.
Count of devices removed: 2"
"11-07-2026 17:25:43","1010","Information","Microsoft-Windows-Kernel-PnP","Device DISPLAY\HWP3183\4&20b8d095&0&UID8263 has been surprise removed as it is reported as missing on the bus.
Count of devices removed: 1"
"11-07-2026 17:25:40","1010","Information","Microsoft-Windows-Kernel-PnP","Device USB\VID_1D5C&PID_5510\5&2dc84fba&0&1 has been surprise removed as it is reported as missing on the bus.
Count of devices removed: 13"
"11-07-2026 17:19:36","1010","Information","Microsoft-Windows-Kernel-PnP","Device SWD\RADIO\{556D9BDF-D387-4AB9-BE4C-A7E220FAF218} has been surprise removed as it is reported as missing on the bus.
Count of devices removed: 1"
"11-07-2026 17:19:29","1010","Information","Microsoft-Windows-Kernel-PnP","Device DISPLAY\HWP3183\4&20b8d095&0&UID8263 has been surprise removed as it is reported as missing on the bus.
Count of devices removed: 1"
"11-07-2026 15:47:40","1041","Information","Microsoft-Windows-Kernel-PnP","Device USB\VID_413C&PID_C010\11AD1D0A92AE3E18402F0B00 has completed a platform-level device reset.

Status: 0
Veto type: 0
Vetoed By: "
"11-07-2026 15:47:40","1011","Warning","Microsoft-Windows-Kernel-PnP","Device USB\VID_413C&PID_C010\11AD1D0A92AE3E18402F0B00 has been surprise removed as it was reported to be failing.
Count of devices removed: 3"
"11-07-2026 15:47:40","1040","Information","Microsoft-Windows-Kernel-PnP","Device USB\VID_413C&PID_C010\11AD1D0A92AE3E18402F0B00 has requested a platform-level device reset.

Flags: 0"
"11-07-2026 15:38:11","1041","Information","Microsoft-Windows-Kernel-PnP","Device USB\VID_413C&PID_C010\11AD1D0A92AE3E18402F0B00 has completed a platform-level device reset.

Status: 0
Veto type: 0
Vetoed By: "
"11-07-2026 15:38:11","1011","Warning","Microsoft-Windows-Kernel-PnP","Device USB\VID_413C&PID_C010\11AD1D0A92AE3E18402F0B00 has been surprise removed as it was reported to be failing.
Count of devices removed: 3"
"11-07-2026 15:38:11","1040","Information","Microsoft-Windows-Kernel-PnP","Device USB\VID_413C&PID_C010\11AD1D0A92AE3E18402F0B00 has requested a platform-level device reset.

Flags: 0"
"11-07-2026 14:37:17","1010","Information","Microsoft-Windows-Kernel-PnP","Device DISPLAY\HWP3183\4&20b8d095&0&UID8263 has been surprise removed as it is reported as missing on the bus.
Count of devices removed: 1"
"11-07-2026 14:31:57","1010","Information","Microsoft-Windows-Kernel-PnP","Device DISPLAY\HWP3183\4&20b8d095&0&UID8263 has been surprise removed as it is reported as missing on the bus.
Count of devices removed: 1"
"11-07-2026 14:04:57","1010","Information","Microsoft-Windows-Kernel-PnP","Device DISPLAY\HWP3183\4&20b8d095&0&UID8263 has been surprise removed as it is reported as missing on the bus.
Count of devices removed: 1"
"11-07-2026 13:55:10","1010","Information","Microsoft-Windows-Kernel-PnP","Device DISPLAY\HWP3183\4&20b8d095&0&UID8263 has been surprise removed as it is reported as missing on the bus.
Count of devices removed: 1"
"11-07-2026 13:45:25","1010","Information","Microsoft-Windows-Kernel-PnP","Device DISPLAY\HWP3183\4&20b8d095&0&UID8263 has been surprise removed as it is reported as missing on the bus.
Count of devices removed: 1"
"11-07-2026 13:28:03","1010","Information","Microsoft-Windows-Kernel-PnP","Device DISPLAY\HWP3183\4&20b8d095&0&UID8263 has been surprise removed as it is reported as missing on the bus.
Count of devices removed: 1"
"11-07-2026 11:55:26","1010","Information","Microsoft-Windows-Kernel-PnP","Device DISPLAY\HWP3183\4&20b8d095&0&UID8263 has been surprise removed as it is reported as missing on the bus.
Count of devices removed: 1"
"11-07-2026 10:00:29","1010","Information","Microsoft-Windows-Kernel-PnP","Device DISPLAY\HWP3183\4&20b8d095&0&UID8263 has been surprise removed as it is reported as missing on the bus.
Count of devices removed: 1"
"10-07-2026 17:03:33","1010","Information","Microsoft-Windows-Kernel-PnP","Device INTELAUDIO\SGPC_FUNC_01&VEN_8086&DEV_281D&SUBSYS_80860101&REV_1000\5&32640736&1&0201DIF_000B&UIF_0000 has been surprise removed as it is reported as missing on the bus.
Count of devices removed: 3"
"10-07-2026 17:03:33","1010","Information","Microsoft-Windows-Kernel-PnP","Device USB\VID_413C&PID_2514\5&2dc84fba&0&7 has been surprise removed as it is reported as missing on the bus.
Count of devices removed: 11"
"10-07-2026 17:03:32","1010","Information","Microsoft-Windows-Kernel-PnP","Device USB\VID_0424&PID_7206\5&266331bc&0&4 has been surprise removed as it is reported as missing on the bus.
Count of devices removed: 3"
"10-07-2026 17:03:32","1010","Information","Microsoft-Windows-Kernel-PnP","Device DISPLAY\DELA1B9\4&20b8d095&0&UID8263 has been surprise removed as it is reported as missing on the bus.
Count of devices removed: 1"
"10-07-2026 17:03:30","1010","Information","Microsoft-Windows-Kernel-PnP","Device USB\VID_0424&PID_4206\5&2dc84fba&0&1 has been surprise removed as it is reported as missing on the bus.
Count of devices removed: 7"
"10-07-2026 17:03:29","1010","Information","Microsoft-Windows-Kernel-PnP","Device USB\VID_047F&PID_C058\EBFF498BA439F1488A177C405ACDFDF0 has been surprise removed as it is reported as missing on the bus.
Count of devices removed: 8"
"10-07-2026 15:21:45","1010","Information","Microsoft-Windows-Kernel-PnP","Device DISPLAY\DELA1B9\4&20b8d095&0&UID8263 has been surprise removed as it is reported as missing on the bus.
Count of devices removed: 1"
"10-07-2026 14:33:18","1010","Information","Microsoft-Windows-Kernel-PnP","Device INTELAUDIO\SGPC_FUNC_01&VEN_8086&DEV_281D&SUBSYS_80860101&REV_1000\5&32640736&1&0201DIF_000B&UIF_0000 has been surprise removed as it is reported as missing on the bus.
Count of devices removed: 3"
"10-07-2026 13:11:17","1010","Information","Microsoft-Windows-Kernel-PnP","Device DISPLAY\DELA1B9\4&20b8d095&0&UID8263 has been surprise removed as it is reported as missing on the bus.
Count of devices removed: 1"
"10-07-2026 13:11:08","1010","Information","Microsoft-Windows-Kernel-PnP","Device INTELAUDIO\SGPC_FUNC_01&VEN_8086&DEV_281D&SUBSYS_80860101&REV_1000\5&32640736&1&0201DIF_000B&UIF_0000 has been surprise removed as it is reported as missing on the bus.
Count of devices removed: 3"
"10-07-2026 13:00:39","1010","Information","Microsoft-Windows-Kernel-PnP","Device INTELAUDIO\SGPC_FUNC_01&VEN_8086&DEV_281D&SUBSYS_80860101&REV_1000\5&32640736&1&0201DIF_000B&UIF_0000 has been surprise removed as it is reported as missing on the bus.
Count of devices removed: 3"
"10-07-2026 13:00:39","1010","Information","Microsoft-Windows-Kernel-PnP","Device DISPLAY\DELA1B9\4&20b8d095&0&UID8263 has been surprise removed as it is reported as missing on the bus.
Count of devices removed: 1"
"10-07-2026 13:00:34","1010","Information","Microsoft-Windows-Kernel-PnP","Device DISPLAY\DELA1B9\4&20b8d095&0&UID8263 has been surprise removed as it is reported as missing on the bus.
Count of devices removed: 1"
"10-07-2026 13:00:05","1010","Information","Microsoft-Windows-Kernel-PnP","Device USB\VID_0424&PID_5806\5&266331bc&0&4 has been surprise removed as it is reported as missing on the bus.
Count of devices removed: 2"
"10-07-2026 13:00:05","1010","Information","Microsoft-Windows-Kernel-PnP","Device DISPLAY\DELA1C6\4&20b8d095&0&UID8263 has been surprise removed as it is reported as missing on the bus.
Count of devices removed: 1"
"10-07-2026 13:00:02","1010","Information","Microsoft-Windows-Kernel-PnP","Device USB\VID_0424&PID_2806\5&2dc84fba&0&1 has been surprise removed as it is reported as missing on the bus.
Count of devices removed: 5"
"10-07-2026 10:42:22","1010","Information","Microsoft-Windows-Kernel-PnP","Device USB\VID_0424&PID_4206\5&2dc84fba&0&1 has been surprise removed as it is reported as missing on the bus.
Count of devices removed: 18"
"10-07-2026 10:42:19","1010","Information","Microsoft-Windows-Kernel-PnP","Device USB\VID_0424&PID_7206\5&266331bc&0&4 has been surprise removed as it is reported as missing on the bus.
Count of devices removed: 3"
"10-07-2026 10:42:17","1010","Information","Microsoft-Windows-Kernel-PnP","Device INTELAUDIO\SGPC_FUNC_01&VEN_8086&DEV_281D&SUBSYS_80860101&REV_1000\5&32640736&1&0201DIF_000B&UIF_0000 has been surprise removed as it is reported as missing on the bus.
Count of devices removed: 3"
"10-07-2026 10:42:17","1010","Information","Microsoft-Windows-Kernel-PnP","Device DISPLAY\DELA1B9\4&20b8d095&0&UID8263 has been surprise removed as it is reported as missing on the bus.
Count of devices removed: 1"
"10-07-2026 10:40:49","1010","Information","Microsoft-Windows-Kernel-PnP","Device USB\VID_413C&PID_2514\7&a758d7d&0&3 has been surprise removed as it is reported as missing on the bus.
Count of devices removed: 11"
"10-07-2026 10:39:58","1010","Information","Microsoft-Windows-Kernel-PnP","Device USB\VID_413C&PID_2514\5&2dc84fba&0&7 has been surprise removed as it is reported as missing on the bus.
Count of devices removed: 11"
"10-07-2026 10:37:30","1010","Information","Microsoft-Windows-Kernel-PnP","Device DISPLAY\DELA1B9\4&20b8d095&0&UID8263 has been surprise removed as it is reported as missing on the bus.
Count of devices removed: 1"
"10-07-2026 10:07:09","1010","Information","Microsoft-Windows-Kernel-PnP","Device INTELAUDIO\SGPC_FUNC_01&VEN_8086&DEV_281D&SUBSYS_80860101&REV_1000\5&32640736&1&0201DIF_000B&UIF_0000 has been surprise removed as it is reported as missing on the bus.
Count of devices removed: 3"
"10-07-2026 09:59:29","1010","Information","Microsoft-Windows-Kernel-PnP","Device SWD\RADIO\{556D9BDF-D387-4AB9-BE4C-A7E220FAF218} has been surprise removed as it is reported as missing on the bus.
Count of devices removed: 1"
"09-07-2026 19:43:14","1010","Information","Microsoft-Windows-Kernel-PnP","Device USB\VID_1203&PID_0272\000001 has been surprise removed as it is reported as missing on the bus.
Count of devices removed: 3"
"09-07-2026 19:43:14","1010","Information","Microsoft-Windows-Kernel-PnP","Device USB\VID_0424&PID_4206\5&2dc84fba&0&1 has been surprise removed as it is reported as missing on the bus.
Count of devices removed: 7"
"09-07-2026 19:43:11","1010","Information","Microsoft-Windows-Kernel-PnP","Device USB\VID_0424&PID_7206\5&266331bc&0&4 has been surprise removed as it is reported as missing on the bus.
Count of devices removed: 3"
"09-07-2026 19:43:11","1010","Information","Microsoft-Windows-Kernel-PnP","Device DISPLAY\DELA1B9\4&20b8d095&0&UID8263 has been surprise removed as it is reported as missing on the bus.
Count of devices removed: 1"
"09-07-2026 19:43:08","1010","Information","Microsoft-Windows-Kernel-PnP","Device INTELAUDIO\SGPC_FUNC_01&VEN_8086&DEV_281D&SUBSYS_80860101&REV_1000\5&32640736&1&0201DIF_000B&UIF_0000 has been surprise removed as it is reported as missing on the bus.
Count of devices removed: 3"
"09-07-2026 19:24:13","1010","Information","Microsoft-Windows-Kernel-PnP","Device USB\VID_047F&PID_C058\EBFF498BA439F1488A177C405ACDFDF0 has been surprise removed as it is reported as missing on the bus.
Count of devices removed: 8"
"09-07-2026 18:31:50","1010","Information","Microsoft-Windows-Kernel-PnP","Device DISPLAY\DELA1B9\4&20b8d095&0&UID8263 has been surprise removed as it is reported as missing on the bus.
Count of devices removed: 1"
"09-07-2026 18:29:39","1010","Information","Microsoft-Windows-Kernel-PnP","Device INTELAUDIO\SGPC_FUNC_01&VEN_8086&DEV_281D&SUBSYS_80860101&REV_1000\5&32640736&1&0201DIF_000B&UIF_0000 has been surprise removed as it is reported as missing on the bus.
Count of devices removed: 3"
"09-07-2026 18:29:12","1010","Information","Microsoft-Windows-Kernel-PnP","Device DISPLAY\DELA1B9\4&20b8d095&0&UID8263 has been surprise removed as it is reported as missing on the bus.
Count of devices removed: 1"
"09-07-2026 18:19:05","1010","Information","Microsoft-Windows-Kernel-PnP","Device INTELAUDIO\SGPC_FUNC_01&VEN_8086&DEV_281D&SUBSYS_80860101&REV_1000\5&32640736&1&0201DIF_000B&UIF_0000 has been surprise removed as it is reported as missing on the bus.
Count of devices removed: 3"
"09-07-2026 17:10:51","1010","Information","Microsoft-Windows-Kernel-PnP","Device INTELAUDIO\SGPC_FUNC_01&VEN_8086&DEV_281D&SUBSYS_80860101&REV_1000\5&32640736&1&0201DIF_000B&UIF_0000 has been surprise removed as it is reported as missing on the bus.
Count of devices removed: 3"
"09-07-2026 17:03:45","1010","Information","Microsoft-Windows-Kernel-PnP","Device USB\VID_1203&PID_0272\000001 has been surprise removed as it is reported as missing on the bus.
Count of devices removed: 3"
"09-07-2026 16:57:12","1010","Information","Microsoft-Windows-Kernel-PnP","Device INTELAUDIO\SGPC_FUNC_01&VEN_8086&DEV_281D&SUBSYS_80860101&REV_1000\5&32640736&1&0201DIF_000B&UIF_0000 has been surprise removed as it is reported as missing on the bus.
Count of devices removed: 3"
"09-07-2026 16:52:22","1010","Information","Microsoft-Windows-Kernel-PnP","Device USB\VID_047F&PID_C058\EBFF498BA439F1488A177C405ACDFDF0 has been surprise removed as it is reported as missing on the bus.
Count of devices removed: 8"
"09-07-2026 16:31:35","1010","Information","Microsoft-Windows-Kernel-PnP","Device USB\VID_1203&PID_0272\000001 has been surprise removed as it is reported as missing on the bus.
Count of devices removed: 3"
"09-07-2026 16:21:28","1010","Information","Microsoft-Windows-Kernel-PnP","Device INTELAUDIO\SGPC_FUNC_01&VEN_8086&DEV_281D&SUBSYS_80860101&REV_1000\5&32640736&1&0201DIF_000B&UIF_0000 has been surprise removed as it is reported as missing on the bus.
Count of devices removed: 3"
"09-07-2026 16:15:28","1010","Information","Microsoft-Windows-Kernel-PnP","Device INTELAUDIO\SGPC_FUNC_01&VEN_8086&DEV_281D&SUBSYS_80860101&REV_1000\5&32640736&1&0201DIF_000B&UIF_0000 has been surprise removed as it is reported as missing on the bus.
Count of devices removed: 3"
"09-07-2026 16:08:27","1010","Information","Microsoft-Windows-Kernel-PnP","Device INTELAUDIO\SGPC_FUNC_01&VEN_8086&DEV_281D&SUBSYS_80860101&REV_1000\5&32640736&1&0201DIF_000B&UIF_0000 has been surprise removed as it is reported as missing on the bus.
Count of devices removed: 3"
"09-07-2026 15:13:31","1010","Information","Microsoft-Windows-Kernel-PnP","Device INTELAUDIO\SGPC_FUNC_01&VEN_8086&DEV_281D&SUBSYS_80860101&REV_1000\5&32640736&1&0201DIF_000B&UIF_0000 has been surprise removed as it is reported as missing on the bus.
Count of devices removed: 3"
"09-07-2026 13:42:47","1010","Information","Microsoft-Windows-Kernel-PnP","Device INTELAUDIO\SGPC_FUNC_01&VEN_8086&DEV_281D&SUBSYS_80860101&REV_1000\5&32640736&1&0201DIF_000B&UIF_0000 has been surprise removed as it is reported as missing on the bus.
Count of devices removed: 3"
"09-07-2026 13:38:27","1010","Information","Microsoft-Windows-Kernel-PnP","Device INTELAUDIO\SGPC_FUNC_01&VEN_8086&DEV_281D&SUBSYS_80860101&REV_1000\5&32640736&1&0201DIF_000B&UIF_0000 has been surprise removed as it is reported as missing on the bus.
Count of devices removed: 3"
"09-07-2026 13:31:52","1010","Information","Microsoft-Windows-Kernel-PnP","Device USB\VID_413C&PID_2514\5&2dc84fba&0&6 has been surprise removed as it is reported as missing on the bus.
Count of devices removed: 11"
"09-07-2026 13:31:48","1010","Information","Microsoft-Windows-Kernel-PnP","Device USB\VID_1203&PID_0272\000001 has been surprise removed as it is reported as missing on the bus.
Count of devices removed: 3"
"09-07-2026 13:30:53","1011","Warning","Microsoft-Windows-Kernel-PnP","Device PCI\VEN_8086&DEV_57A0&SUBSYS_0CE81028&REV_00\3&11583659&0&FE has been surprise removed as it was reported to be failing.
Count of devices removed: 1"
"09-07-2026 13:30:51","1010","Information","Microsoft-Windows-Kernel-PnP","Device PCI\VEN_8086&DEV_57A0&SUBSYS_0CE81028&REV_00\3&11583659&0&FE has been surprise removed as it is reported as missing on the bus.
Count of devices removed: 1"
"09-07-2026 13:30:35","1010","Information","Microsoft-Windows-Kernel-PnP","Device INTELAUDIO\SGPC_FUNC_01&VEN_8086&DEV_281D&SUBSYS_80860101&REV_1000\5&32640736&1&0201DIF_000B&UIF_0000 has been surprise removed as it is reported as missing on the bus.
Count of devices removed: 3"
"09-07-2026 13:30:34","1010","Information","Microsoft-Windows-Kernel-PnP","Device USB\VID_0424&PID_7206\5&266331bc&0&4 has been surprise removed as it is reported as missing on the bus.
Count of devices removed: 3"
"09-07-2026 13:30:34","1010","Information","Microsoft-Windows-Kernel-PnP","Device DISPLAY\DELA1B9\4&20b8d095&0&UID8263 has been surprise removed as it is reported as missing on the bus.
Count of devices removed: 1"
"09-07-2026 13:30:32","1010","Information","Microsoft-Windows-Kernel-PnP","Device USB\VID_0424&PID_4206\5&2dc84fba&0&1 has been surprise removed as it is reported as missing on the bus.
Count of devices removed: 7"
"09-07-2026 12:53:40","1010","Information","Microsoft-Windows-Kernel-PnP","Device DISPLAY\DELA1B9\4&20b8d095&0&UID8263 has been surprise removed as it is reported as missing on the bus.
Count of devices removed: 1"
"09-07-2026 12:42:30","1041","Information","Microsoft-Windows-Kernel-PnP","Device USB\VID_1203&PID_0272\000001 has completed a platform-level device reset.

Status: 0
Veto type: 0
Vetoed By: "
"09-07-2026 12:42:30","1011","Warning","Microsoft-Windows-Kernel-PnP","Device USB\VID_1203&PID_0272\000001 has been surprise removed as it was reported to be failing.
Count of devices removed: 3"
"09-07-2026 12:42:30","1041","Information","Microsoft-Windows-Kernel-PnP","Device USB\VID_0424&PID_7240\7&a758d7d&0&4 has completed a platform-level device reset.

Status: 0
Veto type: 0
Vetoed By: "
"09-07-2026 12:42:30","1011","Warning","Microsoft-Windows-Kernel-PnP","Device USB\VID_0424&PID_7240\7&a758d7d&0&4 has been surprise removed as it was reported to be failing.
Count of devices removed: 1"
"09-07-2026 12:42:30","1041","Information","Microsoft-Windows-Kernel-PnP","Device USB\VID_0424&PID_7260\6&27c8c08e&0&5 has completed a platform-level device reset.

Status: 0
Veto type: 0
Vetoed By: "
"09-07-2026 12:42:30","1011","Warning","Microsoft-Windows-Kernel-PnP","Device USB\VID_0424&PID_7260\6&27c8c08e&0&5 has been surprise removed as it was reported to be failing.
Count of devices removed: 4"
"09-07-2026 12:42:30","1040","Information","Microsoft-Windows-Kernel-PnP","Device USB\VID_1203&PID_0272\000001 has requested a platform-level device reset.

Flags: 0"
"09-07-2026 12:42:30","1040","Information","Microsoft-Windows-Kernel-PnP","Device USB\VID_0424&PID_7240\7&a758d7d&0&4 has requested a platform-level device reset.

Flags: 0"
"09-07-2026 12:42:30","1040","Information","Microsoft-Windows-Kernel-PnP","Device USB\VID_0424&PID_7260\6&27c8c08e&0&5 has requested a platform-level device reset.

Flags: 0"
"09-07-2026 11:41:10","1010","Information","Microsoft-Windows-Kernel-PnP","Device INTELAUDIO\SGPC_FUNC_01&VEN_8086&DEV_281D&SUBSYS_80860101&REV_1000\5&32640736&1&0201DIF_000B&UIF_0000 has been surprise removed as it is reported as missing on the bus.
Count of devices removed: 3"
"09-07-2026 11:21:25","1010","Information","Microsoft-Windows-Kernel-PnP","Device DISPLAY\DELA1B9\4&20b8d095&0&UID8263 has been surprise removed as it is reported as missing on the bus.
Count of devices removed: 1"
"09-07-2026 11:20:43","1010","Information","Microsoft-Windows-Kernel-PnP","Device INTELAUDIO\SGPC_FUNC_01&VEN_8086&DEV_281D&SUBSYS_80860101&REV_1000\5&32640736&1&0201DIF_000B&UIF_0000 has been surprise removed as it is reported as missing on the bus.
Count of devices removed: 3"
"09-07-2026 10:22:35","1010","Information","Microsoft-Windows-Kernel-PnP","Device DISPLAY\DELA1B9\4&20b8d095&0&UID8263 has been surprise removed as it is reported as missing on the bus.
Count of devices removed: 1"
"09-07-2026 10:03:59","1010","Information","Microsoft-Windows-Kernel-PnP","Device INTELAUDIO\SGPC_FUNC_01&VEN_8086&DEV_281D&SUBSYS_80860101&REV_1000\5&32640736&1&0201DIF_000B&UIF_0000 has been surprise removed as it is reported as missing on the bus.
Count of devices removed: 3"
"09-07-2026 09:34:40","1010","Information","Microsoft-Windows-Kernel-PnP","Device DISPLAY\DELA1B9\4&20b8d095&0&UID8263 has been surprise removed as it is reported as missing on the bus.
Count of devices removed: 1"
"09-07-2026 09:09:52","1010","Information","Microsoft-Windows-Kernel-PnP","Device INTELAUDIO\SGPC_FUNC_01&VEN_8086&DEV_281D&SUBSYS_80860101&REV_1000\5&32640736&1&0201DIF_000B&UIF_0000 has been surprise removed as it is reported as missing on the bus.
Count of devices removed: 3"
"08-07-2026 19:32:42","1010","Information","Microsoft-Windows-Kernel-PnP","Device USB\VID_413C&PID_2514\5&2dc84fba&0&6 has been surprise removed as it is reported as missing on the bus.
Count of devices removed: 11"
"08-07-2026 19:32:14","1010","Information","Microsoft-Windows-Kernel-PnP","Device USB\VID_047F&PID_C058\EBFF498BA439F1488A177C405ACDFDF0 has been surprise removed as it is reported as missing on the bus.
Count of devices removed: 8"
"08-07-2026 19:32:13","1010","Information","Microsoft-Windows-Kernel-PnP","Device USB\VID_0424&PID_7206\5&266331bc&0&4 has been surprise removed as it is reported as missing on the bus.
Count of devices removed: 3"
"08-07-2026 19:32:13","1010","Information","Microsoft-Windows-Kernel-PnP","Device DISPLAY\DELA1B9\4&20b8d095&0&UID8263 has been surprise removed as it is reported as missing on the bus.
Count of devices removed: 1"
"08-07-2026 19:32:11","1010","Information","Microsoft-Windows-Kernel-PnP","Device USB\VID_0424&PID_4206\5&2dc84fba&0&1 has been surprise removed as it is reported as missing on the bus.
Count of devices removed: 7"
"08-07-2026 19:32:09","1010","Information","Microsoft-Windows-Kernel-PnP","Device INTELAUDIO\SGPC_FUNC_01&VEN_8086&DEV_281D&SUBSYS_80860101&REV_1000\5&32640736&1&0201DIF_000B&UIF_0000 has been surprise removed as it is reported as missing on the bus.
Count of devices removed: 3"
"08-07-2026 18:13:10","1010","Information","Microsoft-Windows-Kernel-PnP","Device DISPLAY\DELA1B9\4&20b8d095&0&UID8263 has been surprise removed as it is reported as missing on the bus.
Count of devices removed: 1"
"08-07-2026 17:27:58","1010","Information","Microsoft-Windows-Kernel-PnP","Device INTELAUDIO\SGPC_FUNC_01&VEN_8086&DEV_281D&SUBSYS_80860101&REV_1000\5&32640736&1&0201DIF_000B&UIF_0000 has been surprise removed as it is reported as missing on the bus.
Count of devices removed: 3"
"08-07-2026 17:01:54","1010","Information","Microsoft-Windows-Kernel-PnP","Device DISPLAY\DELA1B9\4&20b8d095&0&UID8263 has been surprise removed as it is reported as missing on the bus.
Count of devices removed: 1"
"08-07-2026 16:56:25","1010","Information","Microsoft-Windows-Kernel-PnP","Device INTELAUDIO\SGPC_FUNC_01&VEN_8086&DEV_281D&SUBSYS_80860101&REV_1000\5&32640736&1&0201DIF_000B&UIF_0000 has been surprise removed as it is reported as missing on the bus.
Count of devices removed: 3"
"08-07-2026 15:03:53","1010","Information","Microsoft-Windows-Kernel-PnP","Device DISPLAY\DELA1B9\4&20b8d095&0&UID8263 has been surprise removed as it is reported as missing on the bus.
Count of devices removed: 1"
"08-07-2026 14:38:08","1010","Information","Microsoft-Windows-Kernel-PnP","Device INTELAUDIO\SGPC_FUNC_01&VEN_8086&DEV_281D&SUBSYS_80860101&REV_1000\5&32640736&1&0201DIF_000B&UIF_0000 has been surprise removed as it is reported as missing on the bus.
Count of devices removed: 3"
"08-07-2026 13:29:13","1010","Information","Microsoft-Windows-Kernel-PnP","Device DISPLAY\DELA1B9\4&20b8d095&0&UID8263 has been surprise removed as it is reported as missing on the bus.
Count of devices removed: 1"
"08-07-2026 13:02:49","1010","Information","Microsoft-Windows-Kernel-PnP","Device INTELAUDIO\SGPC_FUNC_01&VEN_8086&DEV_281D&SUBSYS_80860101&REV_1000\5&32640736&1&0201DIF_000B&UIF_0000 has been surprise removed as it is reported as missing on the bus.
Count of devices removed: 3"
"08-07-2026 12:59:10","1010","Information","Microsoft-Windows-Kernel-PnP","Device DISPLAY\DELA1B9\4&20b8d095&0&UID8263 has been surprise removed as it is reported as missing on the bus.
Count of devices removed: 1"
"08-07-2026 12:36:57","1010","Information","Microsoft-Windows-Kernel-PnP","Device INTELAUDIO\SGPC_FUNC_01&VEN_8086&DEV_281D&SUBSYS_80860101&REV_1000\5&32640736&1&0201DIF_000B&UIF_0000 has been surprise removed as it is reported as missing on the bus.
Count of devices removed: 3"
"08-07-2026 12:20:27","1010","Information","Microsoft-Windows-Kernel-PnP","Device DISPLAY\DELA1B9\4&20b8d095&0&UID8263 has been surprise removed as it is reported as missing on the bus.
Count of devices removed: 1"
"08-07-2026 12:17:45","1010","Information","Microsoft-Windows-Kernel-PnP","Device INTELAUDIO\SGPC_FUNC_01&VEN_8086&DEV_281D&SUBSYS_80860101&REV_1000\5&32640736&1&0201DIF_000B&UIF_0000 has been surprise removed as it is reported as missing on the bus.
Count of devices removed: 3"
"08-07-2026 11:07:16","1010","Information","Microsoft-Windows-Kernel-PnP","Device DISPLAY\DELA1B9\4&20b8d095&0&UID8263 has been surprise removed as it is reported as missing on the bus.
Count of devices removed: 1"
"08-07-2026 11:04:06","1010","Information","Microsoft-Windows-Kernel-PnP","Device INTELAUDIO\SGPC_FUNC_01&VEN_8086&DEV_281D&SUBSYS_80860101&REV_1000\5&32640736&1&0201DIF_000B&UIF_0000 has been surprise removed as it is reported as missing on the bus.
Count of devices removed: 3"
"08-07-2026 10:54:30","1010","Information","Microsoft-Windows-Kernel-PnP","Device DISPLAY\DELA1B9\4&20b8d095&0&UID8263 has been surprise removed as it is reported as missing on the bus.
Count of devices removed: 1"
"08-07-2026 10:20:12","1010","Information","Microsoft-Windows-Kernel-PnP","Device INTELAUDIO\SGPC_FUNC_01&VEN_8086&DEV_281D&SUBSYS_80860101&REV_1000\5&32640736&1&0201DIF_000B&UIF_0000 has been surprise removed as it is reported as missing on the bus.
Count of devices removed: 3"
"08-07-2026 10:18:15","1010","Information","Microsoft-Windows-Kernel-PnP","Device DISPLAY\DELA1B9\4&20b8d095&0&UID8263 has been surprise removed as it is reported as missing on the bus.
Count of devices removed: 1"
"08-07-2026 08:35:49","1041","Information","Microsoft-Windows-Kernel-PnP","Device USB\VID_0424&PID_7240\7&a758d7d&0&4 has completed a platform-level device reset.

Status: 0
Veto type: 0
Vetoed By: "
"08-07-2026 08:35:49","1011","Warning","Microsoft-Windows-Kernel-PnP","Device USB\VID_0424&PID_7240\7&a758d7d&0&4 has been surprise removed as it was reported to be failing.
Count of devices removed: 1"
"08-07-2026 08:35:49","1041","Information","Microsoft-Windows-Kernel-PnP","Device USB\VID_0424&PID_7260\6&27c8c08e&0&5 has completed a platform-level device reset.

Status: 0
Veto type: 0
Vetoed By: "
"08-07-2026 08:35:49","1011","Warning","Microsoft-Windows-Kernel-PnP","Device USB\VID_0424&PID_7260\6&27c8c08e&0&5 has been surprise removed as it was reported to be failing.
Count of devices removed: 4"
"08-07-2026 08:35:49","1040","Information","Microsoft-Windows-Kernel-PnP","Device USB\VID_0424&PID_7240\7&a758d7d&0&4 has requested a platform-level device reset.

Flags: 0"
"08-07-2026 08:35:49","1040","Information","Microsoft-Windows-Kernel-PnP","Device USB\VID_0424&PID_7260\6&27c8c08e&0&5 has requested a platform-level device reset.

Flags: 0"
"07-07-2026 19:49:07","1041","Information","Microsoft-Windows-Kernel-PnP","Device USB\VID_0424&PID_7240\7&a758d7d&0&4 has completed a platform-level device reset.

Status: 0
Veto type: 0
Vetoed By: "
"07-07-2026 19:49:07","1011","Warning","Microsoft-Windows-Kernel-PnP","Device USB\VID_0424&PID_7240\7&a758d7d&0&4 has been surprise removed as it was reported to be failing.
Count of devices removed: 1"
"07-07-2026 19:49:07","1041","Information","Microsoft-Windows-Kernel-PnP","Device USB\VID_0424&PID_7260\6&27c8c08e&0&5 has completed a platform-level device reset.

Status: 0
Veto type: 0
Vetoed By: "
"07-07-2026 19:49:07","1011","Warning","Microsoft-Windows-Kernel-PnP","Device USB\VID_0424&PID_7260\6&27c8c08e&0&5 has been surprise removed as it was reported to be failing.
Count of devices removed: 4"
"07-07-2026 19:49:07","1040","Information","Microsoft-Windows-Kernel-PnP","Device USB\VID_0424&PID_7240\7&a758d7d&0&4 has requested a platform-level device reset.

Flags: 0"
"07-07-2026 19:49:07","1040","Information","Microsoft-Windows-Kernel-PnP","Device USB\VID_0424&PID_7260\6&27c8c08e&0&5 has requested a platform-level device reset.

Flags: 0"
"07-07-2026 19:48:14","1010","Information","Microsoft-Windows-Kernel-PnP","Device INTELAUDIO\SGPC_FUNC_01&VEN_8086&DEV_281D&SUBSYS_80860101&REV_1000\5&32640736&1&0201DIF_000B&UIF_0000 has been surprise removed as it is reported as missing on the bus.
Count of devices removed: 3"
"07-07-2026 19:35:25","1010","Information","Microsoft-Windows-Kernel-PnP","Device USB\VID_0424&PID_7206\5&266331bc&0&4 has been surprise removed as it is reported as missing on the bus.
Count of devices removed: 3"
"07-07-2026 19:35:25","1010","Information","Microsoft-Windows-Kernel-PnP","Device DISPLAY\DELA1B9\4&20b8d095&0&UID8263 has been surprise removed as it is reported as missing on the bus.
Count of devices removed: 1"
"07-07-2026 19:35:22","1010","Information","Microsoft-Windows-Kernel-PnP","Device USB\VID_0424&PID_4206\5&2dc84fba&0&1 has been surprise removed as it is reported as missing on the bus.
Count of devices removed: 7"
"07-07-2026 19:35:20","1010","Information","Microsoft-Windows-Kernel-PnP","Device INTELAUDIO\SGPC_FUNC_01&VEN_8086&DEV_281D&SUBSYS_80860101&REV_1000\5&32640736&1&0201DIF_000B&UIF_0000 has been surprise removed as it is reported as missing on the bus.
Count of devices removed: 3"
"07-07-2026 19:20:56","1010","Information","Microsoft-Windows-Kernel-PnP","Device USB\VID_047F&PID_C058\EBFF498BA439F1488A177C405ACDFDF0 has been surprise removed as it is reported as missing on the bus.
Count of devices removed: 8"
"07-07-2026 18:41:13","1010","Information","Microsoft-Windows-Kernel-PnP","Device DISPLAY\DELA1B9\4&20b8d095&0&UID8263 has been surprise removed as it is reported as missing on the bus.
Count of devices removed: 1"
"07-07-2026 18:09:29","1010","Information","Microsoft-Windows-Kernel-PnP","Device INTELAUDIO\SGPC_FUNC_01&VEN_8086&DEV_281D&SUBSYS_80860101&REV_1000\5&32640736&1&0201DIF_000B&UIF_0000 has been surprise removed as it is reported as missing on the bus.
Count of devices removed: 3"
"07-07-2026 18:09:06","1010","Information","Microsoft-Windows-Kernel-PnP","Device DISPLAY\DELA1B9\4&20b8d095&0&UID8263 has been surprise removed as it is reported as missing on the bus.
Count of devices removed: 1"
"07-07-2026 17:58:58","1010","Information","Microsoft-Windows-Kernel-PnP","Device INTELAUDIO\SGPC_FUNC_01&VEN_8086&DEV_281D&SUBSYS_80860101&REV_1000\5&32640736&1&0201DIF_000B&UIF_0000 has been surprise removed as it is reported as missing on the bus.
Count of devices removed: 3"
"07-07-2026 17:53:51","1010","Information","Microsoft-Windows-Kernel-PnP","Device DISPLAY\DELA1B9\4&20b8d095&0&UID8263 has been surprise removed as it is reported as missing on the bus.
Count of devices removed: 1"
"07-07-2026 17:53:34","1010","Information","Microsoft-Windows-Kernel-PnP","Device INTELAUDIO\SGPC_FUNC_01&VEN_8086&DEV_281D&SUBSYS_80860101&REV_1000\5&32640736&1&0201DIF_000B&UIF_0000 has been surprise removed as it is reported as missing on the bus.
Count of devices removed: 3"
"07-07-2026 17:45:46","1010","Information","Microsoft-Windows-Kernel-PnP","Device DISPLAY\DELA1B9\4&20b8d095&0&UID8263 has been surprise removed as it is reported as missing on the bus.
Count of devices removed: 1"
"07-07-2026 17:20:33","1010","Information","Microsoft-Windows-Kernel-PnP","Device INTELAUDIO\SGPC_FUNC_01&VEN_8086&DEV_281D&SUBSYS_80860101&REV_1000\5&32640736&1&0201DIF_000B&UIF_0000 has been surprise removed as it is reported as missing on the bus.
Count of devices removed: 3"
"07-07-2026 17:01:34","1010","Information","Microsoft-Windows-Kernel-PnP","Device DISPLAY\DELA1B9\4&20b8d095&0&UID8263 has been surprise removed as it is reported as missing on the bus.
Count of devices removed: 1"
"07-07-2026 16:54:59","1010","Information","Microsoft-Windows-Kernel-PnP","Device INTELAUDIO\SGPC_FUNC_01&VEN_8086&DEV_281D&SUBSYS_80860101&REV_1000\5&32640736&1&0201DIF_000B&UIF_0000 has been surprise removed as it is reported as missing on the bus.
Count of devices removed: 3"
"07-07-2026 16:49:58","1010","Information","Microsoft-Windows-Kernel-PnP","Device DISPLAY\DELA1B9\4&20b8d095&0&UID8263 has been surprise removed as it is reported as missing on the bus.
Count of devices removed: 1"
"07-07-2026 16:39:41","1010","Information","Microsoft-Windows-Kernel-PnP","Device INTELAUDIO\SGPC_FUNC_01&VEN_8086&DEV_281D&SUBSYS_80860101&REV_1000\5&32640736&1&0201DIF_000B&UIF_0000 has been surprise removed as it is reported as missing on the bus.
Count of devices removed: 3"
"07-07-2026 16:24:44","1010","Information","Microsoft-Windows-Kernel-PnP","Device DISPLAY\DELA1B9\4&20b8d095&0&UID8263 has been surprise removed as it is reported as missing on the bus.
Count of devices removed: 1"
"07-07-2026 16:15:22","1010","Information","Microsoft-Windows-Kernel-PnP","Device INTELAUDIO\SGPC_FUNC_01&VEN_8086&DEV_281D&SUBSYS_80860101&REV_1000\5&32640736&1&0201DIF_000B&UIF_0000 has been surprise removed as it is reported as missing on the bus.
Count of devices removed: 3"
"07-07-2026 15:30:28","1010","Information","Microsoft-Windows-Kernel-PnP","Device INTELAUDIO\SGPC_FUNC_01&VEN_8086&DEV_281D&SUBSYS_80860101&REV_1000\5&32640736&1&0201DIF_000B&UIF_0000 has been surprise removed as it is reported as missing on the bus.
Count of devices removed: 3"
"07-07-2026 15:19:37","1010","Information","Microsoft-Windows-Kernel-PnP","Device DISPLAY\DELA1B9\4&20b8d095&0&UID8263 has been surprise removed as it is reported as missing on the bus.
Count of devices removed: 1"
"07-07-2026 15:18:36","1010","Information","Microsoft-Windows-Kernel-PnP","Device INTELAUDIO\SGPC_FUNC_01&VEN_8086&DEV_281D&SUBSYS_80860101&REV_1000\5&32640736&1&0201DIF_000B&UIF_0000 has been surprise removed as it is reported as missing on the bus.
Count of devices removed: 3"
"07-07-2026 14:49:35","1010","Information","Microsoft-Windows-Kernel-PnP","Device DISPLAY\DELA1B9\4&20b8d095&0&UID8263 has been surprise removed as it is reported as missing on the bus.
Count of devices removed: 1"
"07-07-2026 13:50:38","1010","Information","Microsoft-Windows-Kernel-PnP","Device INTELAUDIO\SGPC_FUNC_01&VEN_8086&DEV_281D&SUBSYS_80860101&REV_1000\5&32640736&1&0201DIF_000B&UIF_0000 has been surprise removed as it is reported as missing on the bus.
Count of devices removed: 3"
"07-07-2026 13:27:26","1010","Information","Microsoft-Windows-Kernel-PnP","Device DISPLAY\DELA1B9\4&20b8d095&0&UID8263 has been surprise removed as it is reported as missing on the bus.
Count of devices removed: 1"
"07-07-2026 13:09:33","1010","Information","Microsoft-Windows-Kernel-PnP","Device INTELAUDIO\SGPC_FUNC_01&VEN_8086&DEV_281D&SUBSYS_80860101&REV_1000\5&32640736&1&0201DIF_000B&UIF_0000 has been surprise removed as it is reported as missing on the bus.
Count of devices removed: 3"
"07-07-2026 12:00:04","1010","Information","Microsoft-Windows-Kernel-PnP","Device DISPLAY\DELA1B9\4&20b8d095&0&UID8263 has been surprise removed as it is reported as missing on the bus.
Count of devices removed: 1"
"07-07-2026 10:54:13","1010","Information","Microsoft-Windows-Kernel-PnP","Device SWD\RADIO\{556D9BDF-D387-4AB9-BE4C-A7E220FAF218} has been surprise removed as it is reported as missing on the bus.
Count of devices removed: 1"
"07-07-2026 09:28:17","1010","Information","Microsoft-Windows-Kernel-PnP","Device ACPI\DLL0CE8\4&a107c53&0 has been surprise removed as it is reported as missing on the bus.
Count of devices removed: 1"
"07-07-2026 09:28:16","1010","Information","Microsoft-Windows-Kernel-PnP","Device ACPI\PNP0C0C\2&daba3ff&0 has been surprise removed as it is reported as missing on the bus.
Count of devices removed: 1"
"07-07-2026 09:27:56","1080","Warning","Microsoft-Windows-Kernel-PnP","The driver  failed to unload.
Driver Version: 0
Status: 0xC0000189"
"07-07-2026 09:27:55","1010","Information","Microsoft-Windows-Kernel-PnP","Device USB\VID_413C&PID_2514\5&2dc84fba&0&6 has been surprise removed as it is reported as missing on the bus.
Count of devices removed: 11"
"07-07-2026 09:27:51","1010","Information","Microsoft-Windows-Kernel-PnP","Device USB\VID_FFFF&PID_BACE&REV_0002\1 has been surprise removed as it is reported as missing on the bus.
Count of devices removed: 7"
"07-07-2026 09:27:51","1010","Information","Microsoft-Windows-Kernel-PnP","Device UMB\UMB\1&841921d&0&TERMINPUT_BUS has been surprise removed as it is reported as missing on the bus.
Count of devices removed: 1"
"07-07-2026 09:27:51","1010","Information","Microsoft-Windows-Kernel-PnP","Device SWD\MSRRAS\{5e259276-bc7e-40e3-b93b-8f89b5f3abc0} has been surprise removed as it is reported as missing on the bus.
Count of devices removed: 1"
"07-07-2026 09:27:51","1010","Information","Microsoft-Windows-Kernel-PnP","Device SWD\MSDAS\{ce958e9a-424f-4c88-86f4-11314821e75a} has been surprise removed as it is reported as missing on the bus.
Count of devices removed: 1"
"07-07-2026 09:27:51","1010","Information","Microsoft-Windows-Kernel-PnP","Device SWD\MSRRAS\MS_NDISWANBH has been surprise removed as it is reported as missing on the bus.
Count of devices removed: 1"
"07-07-2026 09:27:51","1010","Information","Microsoft-Windows-Kernel-PnP","Device SWD\MSRRAS\MS_NDISWANIPV6 has been surprise removed as it is reported as missing on the bus.
Count of devices removed: 1"
"07-07-2026 09:27:51","1010","Information","Microsoft-Windows-Kernel-PnP","Device SWD\MSRRAS\MS_NDISWANIP has been surprise removed as it is reported as missing on the bus.
Count of devices removed: 1"
"07-07-2026 09:27:50","1010","Information","Microsoft-Windows-Kernel-PnP","Device SWD\MSRRAS\MS_PPPOEMINIPORT has been surprise removed as it is reported as missing on the bus.
Count of devices removed: 1"
"07-07-2026 09:27:50","1010","Information","Microsoft-Windows-Kernel-PnP","Device SWD\MSRRAS\MS_PPTPMINIPORT has been surprise removed as it is reported as missing on the bus.
Count of devices removed: 1"
"07-07-2026 09:27:50","1010","Information","Microsoft-Windows-Kernel-PnP","Device SWD\MSRRAS\MS_L2TPMINIPORT has been surprise removed as it is reported as missing on the bus.
Count of devices removed: 1"
"07-07-2026 09:27:50","1010","Information","Microsoft-Windows-Kernel-PnP","Device SWD\MSRRAS\MS_AGILEVPNMINIPORT has been surprise removed as it is reported as missing on the bus.
Count of devices removed: 1"
"07-07-2026 09:27:50","1010","Information","Microsoft-Windows-Kernel-PnP","Device SWD\MSRRAS\MS_SSTPMINIPORT has been surprise removed as it is reported as missing on the bus.
Count of devices removed: 1"
"07-07-2026 09:27:50","1010","Information","Microsoft-Windows-Kernel-PnP","Device INTELAUDIO\SGPC_FUNC_01&VEN_8086&DEV_281D&SUBSYS_80860101&REV_1000\5&32640736&1&0201DIF_000B&UIF_0000 has been surprise removed as it is reported as missing on the bus.
Count of devices removed: 3"
"07-07-2026 09:27:49","1010","Information","Microsoft-Windows-Kernel-PnP","Device USB\VID_0424&PID_7206\5&266331bc&0&4 has been surprise removed as it is reported as missing on the bus.
Count of devices removed: 3"
"07-07-2026 09:27:49","1010","Information","Microsoft-Windows-Kernel-PnP","Device DISPLAY\DELA1B9\4&20b8d095&0&UID8263 has been surprise removed as it is reported as missing on the bus.
Count of devices removed: 1"
"07-07-2026 09:27:46","1010","Information","Microsoft-Windows-Kernel-PnP","Device USB\VID_0424&PID_4206\5&2dc84fba&0&1 has been surprise removed as it is reported as missing on the bus.
Count of devices removed: 7"
"06-07-2026 18:58:08","1010","Information","Microsoft-Windows-Kernel-PnP","Device DISPLAY\DELA1B9\4&20b8d095&0&UID8263 has been surprise removed as it is reported as missing on the bus.
Count of devices removed: 1"
"06-07-2026 18:57:40","1010","Information","Microsoft-Windows-Kernel-PnP","Device USB\VID_0424&PID_7206\5&266331bc&0&4 has been surprise removed as it is reported as missing on the bus.
Count of devices removed: 3"
"06-07-2026 18:57:38","1010","Information","Microsoft-Windows-Kernel-PnP","Device USB\VID_0424&PID_4206\5&2dc84fba&0&1 has been surprise removed as it is reported as missing on the bus.
Count of devices removed: 7"
"06-07-2026 18:57:33","1010","Information","Microsoft-Windows-Kernel-PnP","Device USB\VID_413C&PID_2514\5&2dc84fba&0&6 has been surprise removed as it is reported as missing on the bus.
Count of devices removed: 11"
"06-07-2026 18:57:25","1010","Information","Microsoft-Windows-Kernel-PnP","Device INTELAUDIO\SGPC_FUNC_01&VEN_8086&DEV_281D&SUBSYS_80860101&REV_1000\5&32640736&1&0201DIF_000B&UIF_0000 has been surprise removed as it is reported as missing on the bus.
Count of devices removed: 3"
"06-07-2026 18:52:14","1010","Information","Microsoft-Windows-Kernel-PnP","Device DISPLAY\DELA1C6\4&20b8d095&0&UID8263 has been surprise removed as it is reported as missing on the bus.
Count of devices removed: 1"
"06-07-2026 18:51:28","1010","Information","Microsoft-Windows-Kernel-PnP","Device USB\VID_0424&PID_5806\5&266331bc&0&4 has been surprise removed as it is reported as missing on the bus.
Count of devices removed: 2"
"06-07-2026 18:51:25","1010","Information","Microsoft-Windows-Kernel-PnP","Device USB\VID_0424&PID_2806\5&2dc84fba&0&1 has been surprise removed as it is reported as missing on the bus.
Count of devices removed: 5"
"06-07-2026 18:12:35","1010","Information","Microsoft-Windows-Kernel-PnP","Device USB\VID_0424&PID_5806\5&266331bc&0&4 has been surprise removed as it is reported as missing on the bus.
Count of devices removed: 1"
"06-07-2026 16:58:12","1010","Information","Microsoft-Windows-Kernel-PnP","Device USB\VID_0424&PID_5806\5&266331bc&0&4 has been surprise removed as it is reported as missing on the bus.
Count of devices removed: 2"
"06-07-2026 16:58:12","1010","Information","Microsoft-Windows-Kernel-PnP","Device DISPLAY\DELA1C6\4&20b8d095&0&UID8263 has been surprise removed as it is reported as missing on the bus.
Count of devices removed: 1"
