"18-08-2026 18:48:54","104","Information","Microsoft-Windows-Kernel-Cache","Volume Periodic Cache Read Latency Information:

                       Device GUID: {c5c572ba-c5d0-47f6-864e-13eb05e6d46c}
                       Period Duration (microseconds): 3644144375

                       Latency Bucket Values:  [256us, 1ms, 4ms, 16ms, 64ms, 128ms, 256ms, 2000ms, 6000ms, 10000ms, 20000ms, 20000+ms]

                       Synchronous Read IO Counts: [8293093, 33061, 4804, 452, 81, 4, 1, 1, 0, 0, 0, 0]
                       Synchronous Read IO Total Latencies (us): [30255532, 12474003, 7455588, 3054877, 2304000, 350165, 171806, 485005, 0, 0, 0, 0]
                       Synchronous Read Non-Blocking IO Counts: [49624, 0, 0, 0, 0, 0, 0, 0, 0, 0, 0, 0]
                       Synchronous Read Non-Blocking IO Total Latencies (us): [0, 0, 0, 0, 0, 0, 0, 0, 0, 0, 0, 0]
                       Asynchronous Read IO Counts: [1782, 2083, 344, 79, 7, 3, 0, 0, 0, 0, 0, 0]
                       Asynchronous Read IO Total Latencies (us): [320170, 831062, 687020, 492655, 257255, 205117, 0, 0, 0, 0, 0, 0]"
"18-08-2026 18:48:54","103","Information","Microsoft-Windows-Kernel-Cache","Volume Periodic Cache Information:

                       Device GUID: {c5c572ba-c5d0-47f6-864e-13eb05e6d46c}
                       Period Duration (microseconds): 3644144375
                       Total Dirty Pages: 779212953
                       Maximum Dirty Pages: 8356
                       Total Dirty Page Threshold: 26496793151
                       Top Dirty Page Threshold: 506518
                       Bottom Dirty Page Threshold: 506518
                       Dirty Page Samples: 832089
                       Total Lazy Writer Calls: 39979
                       Total Lazy Writer Latency: 39533549
                       Total Lazy Writer Pages Flushed: 351518
                       Lazy Writer Average Pages Per Second: 2376
                       Total Pages Queued to Disk: 16357078
                       Maximum Pages Queued to Disk: 4352
                       Pages Queued to Disk Samples: 162617
                       Total Metadata Pages Queued to Disk: 8427277
                       Maximum Metadata Pages Queued to Disk: 793
                       Metadata Pages Queued to Disk Samples: 162621
                       Read Total Bytes: 1159454210467
                       Read Paged-In Total Bytes: 30031600397
                       Read-Ahead Total Bytes: 11649024
                       Cache Hit Ratio (%): 97
                       Total Writes: 1233734
                       Total Hard-Throttle Writes: 0
                       Total Soft-Throttle Writes: 0
                       Total Synchronous Read IO Count: 8331583
                       Total Synchronous Non-Blocking Read IO Count: 49624
                       Total Failed Synchronous Non-Blocking Read IO Count: 4303
                       Synchronous Read IO Maximum Latency (us): 485005
                       Synchronous Read IO Non-Blocking Maximum Latency (us): 0
                       Total Synchronous Write IO Count: 1228679
                       Total Synchronous Non-Blocking Write IO Count: 4586
                       Total Failed Synchronous Non-Blocking Write IO Count: 432
                       Synchronous Write IO Maximum Latency (us): 237936
                       Synchronous Write IO Non-Blockinig Maximum Latency (us): 0
                       Total Asynchronous Read IO Count: 4298
                       Asynchronous Read IO Maximum Latency (us): 75180"
"18-08-2026 18:48:54","102","Information","Microsoft-Windows-Kernel-Cache","Global Periodic Cache Information:

                       Period Duration (microseconds): 3644144375
                       Number of NUMA Nodes: 143074
                       Event Samples: 45
                       Total Number of Mapped VACBs: 752235
                       Total Partition Samples: 45
                       Total Volume Samples: 180
                       Total Pages Yet to Write: 27567
                       Total Dirty Pages: 29847
                       Total Available Pages: 13608750
                       Total Physical Pages: 182346660
                       Total Number of Worker Threads: 720
                       Total Number of Active Worker Threads: 0
                       Total Average Available Pages: 131348186
                       Total Average Dirty Pages: 32143
                       CopyRead Calls: 8386490
                       AsyncCopyRead Calls: 4303
                       CopyWriteCalls: 1237186
                       SetValidData Calls: 43536
                       FlushCache Calls: 143074"
"18-08-2026 17:48:10","105","Information","Microsoft-Windows-Kernel-Cache","Volume Periodic Cache Write Latency Information:

                       Device GUID: {00000000-0000-0000-0000-000000000000}
                       Period Duration (microseconds): 3644138245

                       Latency Bucket Values:  [256us, 1ms, 4ms, 16ms, 64ms, 128ms, 256ms, 2000ms, 6000ms, 10000ms, 20000ms, 20000+ms]

                       Synchronous Write IO Counts: [0, 0, 0, 0, 0, 0, 0, 0, 0, 0, 0, 0]
                       Synchronous Write IO Total Latencies (us): [0, 0, 0, 0, 0, 0, 0, 0, 0, 0, 0, 0]
                       Synchronous Write Non-Blocking IO Counts: [0, 0, 0, 0, 0, 0, 0, 0, 0, 0, 0, 0]
                       Synchronous Write Non-Blocking IO Total Latencies (us): [0, 0, 0, 0, 0, 0, 0, 0, 0, 0, 0, 0]"
"18-08-2026 17:48:10","104","Information","Microsoft-Windows-Kernel-Cache","Volume Periodic Cache Read Latency Information:

                       Device GUID: {00000000-0000-0000-0000-000000000000}
                       Period Duration (microseconds): 3644138245

                       Latency Bucket Values:  [256us, 1ms, 4ms, 16ms, 64ms, 128ms, 256ms, 2000ms, 6000ms, 10000ms, 20000ms, 20000+ms]

                       Synchronous Read IO Counts: [4, 0, 0, 0, 0, 0, 0, 0, 0, 0, 0, 0]
                       Synchronous Read IO Total Latencies (us): [152, 0, 0, 0, 0, 0, 0, 0, 0, 0, 0, 0]
                       Synchronous Read Non-Blocking IO Counts: [0, 0, 0, 0, 0, 0, 0, 0, 0, 0, 0, 0]
                       Synchronous Read Non-Blocking IO Total Latencies (us): [0, 0, 0, 0, 0, 0, 0, 0, 0, 0, 0, 0]
                       Asynchronous Read IO Counts: [0, 0, 0, 0, 0, 0, 0, 0, 0, 0, 0, 0]
                       Asynchronous Read IO Total Latencies (us): [0, 0, 0, 0, 0, 0, 0, 0, 0, 0, 0, 0]"
"18-08-2026 17:48:10","103","Information","Microsoft-Windows-Kernel-Cache","Volume Periodic Cache Information:

                       Device GUID: {00000000-0000-0000-0000-000000000000}
                       Period Duration (microseconds): 3644138245
                       Total Dirty Pages: 0
                       Maximum Dirty Pages: 0
                       Total Dirty Page Threshold: 0
                       Top Dirty Page Threshold: 0
                       Bottom Dirty Page Threshold: 0
                       Dirty Page Samples: 0
                       Total Lazy Writer Calls: 0
                       Total Lazy Writer Latency: 0
                       Total Lazy Writer Pages Flushed: 0
                       Lazy Writer Average Pages Per Second: 0
                       Total Pages Queued to Disk: 0
                       Maximum Pages Queued to Disk: 0
                       Pages Queued to Disk Samples: 0
                       Total Metadata Pages Queued to Disk: 0
                       Maximum Metadata Pages Queued to Disk: 0
                       Metadata Pages Queued to Disk Samples: 0
                       Read Total Bytes: 1048576
                       Read Paged-In Total Bytes: 524288
                       Read-Ahead Total Bytes: 0
                       Cache Hit Ratio (%): 50
                       Total Writes: 0
                       Total Hard-Throttle Writes: 0
                       Total Soft-Throttle Writes: 0
                       Total Synchronous Read IO Count: 4
                       Total Synchronous Non-Blocking Read IO Count: 0
                       Total Failed Synchronous Non-Blocking Read IO Count: 0
                       Synchronous Read IO Maximum Latency (us): 102
                       Synchronous Read IO Non-Blocking Maximum Latency (us): 0
                       Total Synchronous Write IO Count: 0
                       Total Synchronous Non-Blocking Write IO Count: 0
                       Total Failed Synchronous Non-Blocking Write IO Count: 0
                       Synchronous Write IO Maximum Latency (us): 0
                       Synchronous Write IO Non-Blockinig Maximum Latency (us): 0
                       Total Asynchronous Read IO Count: 0
                       Asynchronous Read IO Maximum Latency (us): 0"
"18-08-2026 17:48:10","105","Information","Microsoft-Windows-Kernel-Cache","Volume Periodic Cache Write Latency Information:

                       Device GUID: {c5c572ba-c5d0-47f6-864e-13eb05e6d46c}
                       Period Duration (microseconds): 3644138245

                       Latency Bucket Values:  [256us, 1ms, 4ms, 16ms, 64ms, 128ms, 256ms, 2000ms, 6000ms, 10000ms, 20000ms, 20000+ms]

                       Synchronous Write IO Counts: [1130210, 2085, 714, 318, 38, 1, 1, 0, 0, 0, 0, 0]
                       Synchronous Write IO Total Latencies (us): [657888, 1059894, 1447864, 1657180, 949998, 70460, 190981, 0, 0, 0, 0, 0]
                       Synchronous Write Non-Blocking IO Counts: [6708, 0, 0, 0, 0, 0, 0, 0, 0, 0, 0, 0]
                       Synchronous Write Non-Blocking IO Total Latencies (us): [0, 0, 0, 0, 0, 0, 0, 0, 0, 0, 0, 0]"
"18-08-2026 17:48:10","104","Information","Microsoft-Windows-Kernel-Cache","Volume Periodic Cache Read Latency Information:

                       Device GUID: {c5c572ba-c5d0-47f6-864e-13eb05e6d46c}
                       Period Duration (microseconds): 3644138245

                       Latency Bucket Values:  [256us, 1ms, 4ms, 16ms, 64ms, 128ms, 256ms, 2000ms, 6000ms, 10000ms, 20000ms, 20000+ms]

                       Synchronous Read IO Counts: [6998364, 8968, 1133, 282, 23, 6, 2, 0, 0, 0, 0, 0]
                       Synchronous Read IO Total Latencies (us): [8553088, 3230066, 2142255, 1651279, 684850, 494187, 333632, 0, 0, 0, 0, 0]
                       Synchronous Read Non-Blocking IO Counts: [42503, 0, 0, 0, 0, 0, 0, 0, 0, 0, 0, 0]
                       Synchronous Read Non-Blocking IO Total Latencies (us): [0, 0, 0, 0, 0, 0, 0, 0, 0, 0, 0, 0]
                       Asynchronous Read IO Counts: [1805, 1791, 411, 93, 19, 2, 0, 0, 0, 0, 0, 0]
                       Asynchronous Read IO Total Latencies (us): [310612, 768103, 775898, 531030, 535045, 147231, 0, 0, 0, 0, 0, 0]"
"18-08-2026 17:48:10","103","Information","Microsoft-Windows-Kernel-Cache","Volume Periodic Cache Information:

                       Device GUID: {c5c572ba-c5d0-47f6-864e-13eb05e6d46c}
                       Period Duration (microseconds): 3644138245
                       Total Dirty Pages: 1170006743
                       Maximum Dirty Pages: 11580
                       Total Dirty Page Threshold: 26218527005
                       Top Dirty Page Threshold: 506518
                       Bottom Dirty Page Threshold: 506518
                       Dirty Page Samples: 685518
                       Total Lazy Writer Calls: 30133
                       Total Lazy Writer Latency: 43015102
                       Total Lazy Writer Pages Flushed: 295629
                       Lazy Writer Average Pages Per Second: 1679
                       Total Pages Queued to Disk: 10648125
                       Maximum Pages Queued to Disk: 4037
                       Pages Queued to Disk Samples: 122744
                       Total Metadata Pages Queued to Disk: 2879831
                       Maximum Metadata Pages Queued to Disk: 1233
                       Metadata Pages Queued to Disk Samples: 122730
                       Read Total Bytes: 963292217723
                       Read Paged-In Total Bytes: 8636692282
                       Read-Ahead Total Bytes: 1036288
                       Cache Hit Ratio (%): 99
                       Total Writes: 1166888
                       Total Hard-Throttle Writes: 0
                       Total Soft-Throttle Writes: 0
                       Total Synchronous Read IO Count: 7009012
                       Total Synchronous Non-Blocking Read IO Count: 42504
                       Total Failed Synchronous Non-Blocking Read IO Count: 4126
                       Synchronous Read IO Maximum Latency (us): 178226
                       Synchronous Read IO Non-Blocking Maximum Latency (us): 0
                       Total Synchronous Write IO Count: 1133368
                       Total Synchronous Non-Blocking Write IO Count: 6708
                       Total Failed Synchronous Non-Blocking Write IO Count: 122
                       Synchronous Write IO Maximum Latency (us): 190981
                       Synchronous Write IO Non-Blockinig Maximum Latency (us): 0
                       Total Asynchronous Read IO Count: 4118
                       Asynchronous Read IO Maximum Latency (us): 76653"
"18-08-2026 17:48:10","102","Information","Microsoft-Windows-Kernel-Cache","Global Periodic Cache Information:

                       Period Duration (microseconds): 3644138245
                       Number of NUMA Nodes: 110991
                       Event Samples: 47
                       Total Number of Mapped VACBs: 421422
                       Total Partition Samples: 47
                       Total Volume Samples: 188
                       Total Pages Yet to Write: 31946
                       Total Dirty Pages: 42958
                       Total Available Pages: 23593633
                       Total Physical Pages: 190450956
                       Total Number of Worker Threads: 752
                       Total Number of Active Worker Threads: 0
                       Total Average Available Pages: 170690449
                       Total Average Dirty Pages: 50022
                       CopyRead Calls: 7057091
                       AsyncCopyRead Calls: 4126
                       CopyWriteCalls: 1144622
                       SetValidData Calls: 32944
                       FlushCache Calls: 110991"
"18-08-2026 16:47:25","105","Information","Microsoft-Windows-Kernel-Cache","Volume Periodic Cache Write Latency Information:

                       Device GUID: {00000000-0000-0000-0000-000000000000}
                       Period Duration (microseconds): 3644145066

                       Latency Bucket Values:  [256us, 1ms, 4ms, 16ms, 64ms, 128ms, 256ms, 2000ms, 6000ms, 10000ms, 20000ms, 20000+ms]

                       Synchronous Write IO Counts: [0, 0, 0, 0, 0, 0, 0, 0, 0, 0, 0, 0]
                       Synchronous Write IO Total Latencies (us): [0, 0, 0, 0, 0, 0, 0, 0, 0, 0, 0, 0]
                       Synchronous Write Non-Blocking IO Counts: [0, 0, 0, 0, 0, 0, 0, 0, 0, 0, 0, 0]
                       Synchronous Write Non-Blocking IO Total Latencies (us): [0, 0, 0, 0, 0, 0, 0, 0, 0, 0, 0, 0]"
"18-08-2026 16:47:25","104","Information","Microsoft-Windows-Kernel-Cache","Volume Periodic Cache Read Latency Information:

                       Device GUID: {00000000-0000-0000-0000-000000000000}
                       Period Duration (microseconds): 3644145066

                       Latency Bucket Values:  [256us, 1ms, 4ms, 16ms, 64ms, 128ms, 256ms, 2000ms, 6000ms, 10000ms, 20000ms, 20000+ms]

                       Synchronous Read IO Counts: [10, 0, 0, 0, 0, 0, 0, 0, 0, 0, 0, 0]
                       Synchronous Read IO Total Latencies (us): [838, 0, 0, 0, 0, 0, 0, 0, 0, 0, 0, 0]
                       Synchronous Read Non-Blocking IO Counts: [0, 0, 0, 0, 0, 0, 0, 0, 0, 0, 0, 0]
                       Synchronous Read Non-Blocking IO Total Latencies (us): [0, 0, 0, 0, 0, 0, 0, 0, 0, 0, 0, 0]
                       Asynchronous Read IO Counts: [0, 0, 0, 0, 0, 0, 0, 0, 0, 0, 0, 0]
                       Asynchronous Read IO Total Latencies (us): [0, 0, 0, 0, 0, 0, 0, 0, 0, 0, 0, 0]"
"18-08-2026 16:47:25","103","Information","Microsoft-Windows-Kernel-Cache","Volume Periodic Cache Information:

                       Device GUID: {00000000-0000-0000-0000-000000000000}
                       Period Duration (microseconds): 3644145066
                       Total Dirty Pages: 0
                       Maximum Dirty Pages: 0
                       Total Dirty Page Threshold: 0
                       Top Dirty Page Threshold: 0
                       Bottom Dirty Page Threshold: 0
                       Dirty Page Samples: 0
                       Total Lazy Writer Calls: 0
                       Total Lazy Writer Latency: 0
                       Total Lazy Writer Pages Flushed: 0
                       Lazy Writer Average Pages Per Second: 0
                       Total Pages Queued to Disk: 0
                       Maximum Pages Queued to Disk: 0
                       Pages Queued to Disk Samples: 0
                       Total Metadata Pages Queued to Disk: 0
                       Maximum Metadata Pages Queued to Disk: 0
                       Metadata Pages Queued to Disk Samples: 0
                       Read Total Bytes: 2621440
                       Read Paged-In Total Bytes: 1310720
                       Read-Ahead Total Bytes: 0
                       Cache Hit Ratio (%): 50
                       Total Writes: 0
                       Total Hard-Throttle Writes: 0
                       Total Soft-Throttle Writes: 0
                       Total Synchronous Read IO Count: 10
                       Total Synchronous Non-Blocking Read IO Count: 0
                       Total Failed Synchronous Non-Blocking Read IO Count: 0
                       Synchronous Read IO Maximum Latency (us): 194
                       Synchronous Read IO Non-Blocking Maximum Latency (us): 0
                       Total Synchronous Write IO Count: 0
                       Total Synchronous Non-Blocking Write IO Count: 0
                       Total Failed Synchronous Non-Blocking Write IO Count: 0
                       Synchronous Write IO Maximum Latency (us): 0
                       Synchronous Write IO Non-Blockinig Maximum Latency (us): 0
                       Total Asynchronous Read IO Count: 0
                       Asynchronous Read IO Maximum Latency (us): 0"
"18-08-2026 16:47:25","105","Information","Microsoft-Windows-Kernel-Cache","Volume Periodic Cache Write Latency Information:

                       Device GUID: {c5c572ba-c5d0-47f6-864e-13eb05e6d46c}
                       Period Duration (microseconds): 3644145066

                       Latency Bucket Values:  [256us, 1ms, 4ms, 16ms, 64ms, 128ms, 256ms, 2000ms, 6000ms, 10000ms, 20000ms, 20000+ms]

                       Synchronous Write IO Counts: [737775, 1201, 405, 196, 12, 1, 0, 0, 0, 0, 0, 0]
                       Synchronous Write IO Total Latencies (us): [668326, 702229, 826438, 973373, 336387, 64034, 0, 0, 0, 0, 0, 0]
                       Synchronous Write Non-Blocking IO Counts: [4775, 0, 0, 0, 0, 0, 0, 0, 0, 0, 0, 0]
                       Synchronous Write Non-Blocking IO Total Latencies (us): [0, 0, 0, 0, 0, 0, 0, 0, 0, 0, 0, 0]"
"18-08-2026 16:47:25","104","Information","Microsoft-Windows-Kernel-Cache","Volume Periodic Cache Read Latency Information:

                       Device GUID: {c5c572ba-c5d0-47f6-864e-13eb05e6d46c}
                       Period Duration (microseconds): 3644145066

                       Latency Bucket Values:  [256us, 1ms, 4ms, 16ms, 64ms, 128ms, 256ms, 2000ms, 6000ms, 10000ms, 20000ms, 20000+ms]

                       Synchronous Read IO Counts: [5497651, 4199, 1178, 360, 23, 0, 0, 0, 0, 0, 0, 0]
                       Synchronous Read IO Total Latencies (us): [1208673, 1667919, 2344416, 1919655, 598129, 0, 0, 0, 0, 0, 0, 0]
                       Synchronous Read Non-Blocking IO Counts: [15738, 0, 0, 0, 0, 0, 0, 0, 0, 0, 0, 0]
                       Synchronous Read Non-Blocking IO Total Latencies (us): [0, 0, 0, 0, 0, 0, 0, 0, 0, 0, 0, 0]
                       Asynchronous Read IO Counts: [726, 859, 128, 53, 1, 0, 0, 0, 0, 0, 0, 0]
                       Asynchronous Read IO Total Latencies (us): [125078, 349313, 280711, 261130, 16251, 0, 0, 0, 0, 0, 0, 0]"
"18-08-2026 16:47:25","103","Information","Microsoft-Windows-Kernel-Cache","Volume Periodic Cache Information:

                       Device GUID: {c5c572ba-c5d0-47f6-864e-13eb05e6d46c}
                       Period Duration (microseconds): 3644145066
                       Total Dirty Pages: 408992422
                       Maximum Dirty Pages: 3044
                       Total Dirty Page Threshold: 16887326715
                       Top Dirty Page Threshold: 506518
                       Bottom Dirty Page Threshold: 506518
                       Dirty Page Samples: 485721
                       Total Lazy Writer Calls: 20896
                       Total Lazy Writer Latency: 42516141
                       Total Lazy Writer Pages Flushed: 136880
                       Lazy Writer Average Pages Per Second: 1263
                       Total Pages Queued to Disk: 4057674
                       Maximum Pages Queued to Disk: 1661
                       Pages Queued to Disk Samples: 96742
                       Total Metadata Pages Queued to Disk: 1411967
                       Maximum Metadata Pages Queued to Disk: 682
                       Metadata Pages Queued to Disk Samples: 96725
                       Read Total Bytes: 739756989371
                       Read Paged-In Total Bytes: 2009577365
                       Read-Ahead Total Bytes: 0
                       Cache Hit Ratio (%): 99
                       Total Writes: 750225
                       Total Hard-Throttle Writes: 0
                       Total Soft-Throttle Writes: 0
                       Total Synchronous Read IO Count: 5503577
                       Total Synchronous Non-Blocking Read IO Count: 15738
                       Total Failed Synchronous Non-Blocking Read IO Count: 1768
                       Synchronous Read IO Maximum Latency (us): 52023
                       Synchronous Read IO Non-Blocking Maximum Latency (us): 0
                       Total Synchronous Write IO Count: 739590
                       Total Synchronous Non-Blocking Write IO Count: 4775
                       Total Failed Synchronous Non-Blocking Write IO Count: 47
                       Synchronous Write IO Maximum Latency (us): 64034
                       Synchronous Write IO Non-Blockinig Maximum Latency (us): 0
                       Total Asynchronous Read IO Count: 1766
                       Asynchronous Read IO Maximum Latency (us): 16251"
"18-08-2026 16:47:25","102","Information","Microsoft-Windows-Kernel-Cache","Global Periodic Cache Information:

                       Period Duration (microseconds): 3644145066
                       Number of NUMA Nodes: 89613
                       Event Samples: 47
                       Total Number of Mapped VACBs: 419461
                       Total Partition Samples: 47
                       Total Volume Samples: 188
                       Total Pages Yet to Write: 20877
                       Total Dirty Pages: 19434
                       Total Available Pages: 20709398
                       Total Physical Pages: 190450956
                       Total Number of Worker Threads: 752
                       Total Number of Active Worker Threads: 0
                       Total Average Available Pages: 168313285
                       Total Average Dirty Pages: 20024
                       CopyRead Calls: 5522370
                       AsyncCopyRead Calls: 1768
                       CopyWriteCalls: 750381
                       SetValidData Calls: 24716
                       FlushCache Calls: 89613"
"18-08-2026 15:46:41","105","Information","Microsoft-Windows-Kernel-Cache","Volume Periodic Cache Write Latency Information:

                       Device GUID: {f06ef650-de5a-4a43-abb8-73f2ff6a56fd}
                       Period Duration (microseconds): 3644133188

                       Latency Bucket Values:  [256us, 1ms, 4ms, 16ms, 64ms, 128ms, 256ms, 2000ms, 6000ms, 10000ms, 20000ms, 20000+ms]

                       Synchronous Write IO Counts: [9, 1, 0, 0, 0, 0, 0, 0, 0, 0, 0, 0]
                       Synchronous Write IO Total Latencies (us): [1574, 417, 0, 0, 0, 0, 0, 0, 0, 0, 0, 0]
                       Synchronous Write Non-Blocking IO Counts: [2, 0, 0, 0, 0, 0, 0, 0, 0, 0, 0, 0]
                       Synchronous Write Non-Blocking IO Total Latencies (us): [0, 0, 0, 0, 0, 0, 0, 0, 0, 0, 0, 0]"
"18-08-2026 15:46:41","104","Information","Microsoft-Windows-Kernel-Cache","Volume Periodic Cache Read Latency Information:

                       Device GUID: {f06ef650-de5a-4a43-abb8-73f2ff6a56fd}
                       Period Duration (microseconds): 3644133188

                       Latency Bucket Values:  [256us, 1ms, 4ms, 16ms, 64ms, 128ms, 256ms, 2000ms, 6000ms, 10000ms, 20000ms, 20000+ms]

                       Synchronous Read IO Counts: [0, 1, 0, 0, 0, 0, 0, 0, 0, 0, 0, 0]
                       Synchronous Read IO Total Latencies (us): [0, 751, 0, 0, 0, 0, 0, 0, 0, 0, 0, 0]
                       Synchronous Read Non-Blocking IO Counts: [0, 0, 0, 0, 0, 0, 0, 0, 0, 0, 0, 0]
                       Synchronous Read Non-Blocking IO Total Latencies (us): [0, 0, 0, 0, 0, 0, 0, 0, 0, 0, 0, 0]
                       Asynchronous Read IO Counts: [0, 0, 0, 0, 0, 0, 0, 0, 0, 0, 0, 0]
                       Asynchronous Read IO Total Latencies (us): [0, 0, 0, 0, 0, 0, 0, 0, 0, 0, 0, 0]"
"18-08-2026 15:46:41","103","Information","Microsoft-Windows-Kernel-Cache","Volume Periodic Cache Information:

                       Device GUID: {f06ef650-de5a-4a43-abb8-73f2ff6a56fd}
                       Period Duration (microseconds): 3644133188
                       Total Dirty Pages: 84
                       Maximum Dirty Pages: 12
                       Total Dirty Page Threshold: 491520
                       Top Dirty Page Threshold: 506518
                       Bottom Dirty Page Threshold: 506518
                       Dirty Page Samples: 48
                       Total Lazy Writer Calls: 0
                       Total Lazy Writer Latency: 0
                       Total Lazy Writer Pages Flushed: 0
                       Lazy Writer Average Pages Per Second: 0
                       Total Pages Queued to Disk: 1
                       Maximum Pages Queued to Disk: 1
                       Pages Queued to Disk Samples: 4
                       Total Metadata Pages Queued to Disk: 0
                       Maximum Metadata Pages Queued to Disk: 0
                       Metadata Pages Queued to Disk Samples: 4
                       Read Total Bytes: 524288
                       Read Paged-In Total Bytes: 262144
                       Read-Ahead Total Bytes: 0
                       Cache Hit Ratio (%): 50
                       Total Writes: 22
                       Total Hard-Throttle Writes: 0
                       Total Soft-Throttle Writes: 0
                       Total Synchronous Read IO Count: 1
                       Total Synchronous Non-Blocking Read IO Count: 0
                       Total Failed Synchronous Non-Blocking Read IO Count: 0
                       Synchronous Read IO Maximum Latency (us): 751
                       Synchronous Read IO Non-Blocking Maximum Latency (us): 0
                       Total Synchronous Write IO Count: 10
                       Total Synchronous Non-Blocking Write IO Count: 2
                       Total Failed Synchronous Non-Blocking Write IO Count: 0
                       Synchronous Write IO Maximum Latency (us): 417
                       Synchronous Write IO Non-Blockinig Maximum Latency (us): 0
                       Total Asynchronous Read IO Count: 0
                       Asynchronous Read IO Maximum Latency (us): 0"
"18-08-2026 15:46:41","105","Information","Microsoft-Windows-Kernel-Cache","Volume Periodic Cache Write Latency Information:

                       Device GUID: {00000000-0000-0000-0000-000000000000}
                       Period Duration (microseconds): 3644133188

                       Latency Bucket Values:  [256us, 1ms, 4ms, 16ms, 64ms, 128ms, 256ms, 2000ms, 6000ms, 10000ms, 20000ms, 20000+ms]

                       Synchronous Write IO Counts: [0, 0, 0, 0, 0, 0, 0, 0, 0, 0, 0, 0]
                       Synchronous Write IO Total Latencies (us): [0, 0, 0, 0, 0, 0, 0, 0, 0, 0, 0, 0]
                       Synchronous Write Non-Blocking IO Counts: [0, 0, 0, 0, 0, 0, 0, 0, 0, 0, 0, 0]
                       Synchronous Write Non-Blocking IO Total Latencies (us): [0, 0, 0, 0, 0, 0, 0, 0, 0, 0, 0, 0]"
"18-08-2026 15:46:41","104","Information","Microsoft-Windows-Kernel-Cache","Volume Periodic Cache Read Latency Information:

                       Device GUID: {00000000-0000-0000-0000-000000000000}
                       Period Duration (microseconds): 3644133188

                       Latency Bucket Values:  [256us, 1ms, 4ms, 16ms, 64ms, 128ms, 256ms, 2000ms, 6000ms, 10000ms, 20000ms, 20000+ms]

                       Synchronous Read IO Counts: [6, 0, 0, 0, 0, 0, 0, 0, 0, 0, 0, 0]
                       Synchronous Read IO Total Latencies (us): [354, 0, 0, 0, 0, 0, 0, 0, 0, 0, 0, 0]
                       Synchronous Read Non-Blocking IO Counts: [0, 0, 0, 0, 0, 0, 0, 0, 0, 0, 0, 0]
                       Synchronous Read Non-Blocking IO Total Latencies (us): [0, 0, 0, 0, 0, 0, 0, 0, 0, 0, 0, 0]
                       Asynchronous Read IO Counts: [0, 0, 0, 0, 0, 0, 0, 0, 0, 0, 0, 0]
                       Asynchronous Read IO Total Latencies (us): [0, 0, 0, 0, 0, 0, 0, 0, 0, 0, 0, 0]"
"18-08-2026 15:46:41","103","Information","Microsoft-Windows-Kernel-Cache","Volume Periodic Cache Information:

                       Device GUID: {00000000-0000-0000-0000-000000000000}
                       Period Duration (microseconds): 3644133188
                       Total Dirty Pages: 0
                       Maximum Dirty Pages: 0
                       Total Dirty Page Threshold: 0
                       Top Dirty Page Threshold: 0
                       Bottom Dirty Page Threshold: 0
                       Dirty Page Samples: 0
                       Total Lazy Writer Calls: 0
                       Total Lazy Writer Latency: 0
                       Total Lazy Writer Pages Flushed: 0
                       Lazy Writer Average Pages Per Second: 0
                       Total Pages Queued to Disk: 0
                       Maximum Pages Queued to Disk: 0
                       Pages Queued to Disk Samples: 0
                       Total Metadata Pages Queued to Disk: 0
                       Maximum Metadata Pages Queued to Disk: 0
                       Metadata Pages Queued to Disk Samples: 0
                       Read Total Bytes: 1572864
                       Read Paged-In Total Bytes: 786432
                       Read-Ahead Total Bytes: 0
                       Cache Hit Ratio (%): 50
                       Total Writes: 0
                       Total Hard-Throttle Writes: 0
                       Total Soft-Throttle Writes: 0
                       Total Synchronous Read IO Count: 6
                       Total Synchronous Non-Blocking Read IO Count: 0
                       Total Failed Synchronous Non-Blocking Read IO Count: 0
                       Synchronous Read IO Maximum Latency (us): 201
                       Synchronous Read IO Non-Blocking Maximum Latency (us): 0
                       Total Synchronous Write IO Count: 0
                       Total Synchronous Non-Blocking Write IO Count: 0
                       Total Failed Synchronous Non-Blocking Write IO Count: 0
                       Synchronous Write IO Maximum Latency (us): 0
                       Synchronous Write IO Non-Blockinig Maximum Latency (us): 0
                       Total Asynchronous Read IO Count: 0
                       Asynchronous Read IO Maximum Latency (us): 0"
"18-08-2026 15:46:41","105","Information","Microsoft-Windows-Kernel-Cache","Volume Periodic Cache Write Latency Information:

                       Device GUID: {c5c572ba-c5d0-47f6-864e-13eb05e6d46c}
                       Period Duration (microseconds): 3644133188

                       Latency Bucket Values:  [256us, 1ms, 4ms, 16ms, 64ms, 128ms, 256ms, 2000ms, 6000ms, 10000ms, 20000ms, 20000+ms]

                       Synchronous Write IO Counts: [3863053, 2777, 572, 253, 50, 3, 0, 0, 0, 0, 0, 0]
                       Synchronous Write IO Total Latencies (us): [2269011, 1604178, 945199, 1710151, 1324854, 227558, 0, 0, 0, 0, 0, 0]
                       Synchronous Write Non-Blocking IO Counts: [5976, 0, 0, 0, 0, 0, 0, 0, 0, 0, 0, 0]
                       Synchronous Write Non-Blocking IO Total Latencies (us): [0, 0, 0, 0, 0, 0, 0, 0, 0, 0, 0, 0]"
"18-08-2026 15:46:41","104","Information","Microsoft-Windows-Kernel-Cache","Volume Periodic Cache Read Latency Information:

                       Device GUID: {c5c572ba-c5d0-47f6-864e-13eb05e6d46c}
                       Period Duration (microseconds): 3644133188

                       Latency Bucket Values:  [256us, 1ms, 4ms, 16ms, 64ms, 128ms, 256ms, 2000ms, 6000ms, 10000ms, 20000ms, 20000+ms]

                       Synchronous Read IO Counts: [21597378, 46462, 5574, 1739, 73, 32, 0, 0, 0, 0, 0, 0]
                       Synchronous Read IO Total Latencies (us): [14876487, 18870209, 8790015, 8216701, 2389970, 2398556, 0, 0, 0, 0, 0, 0]
                       Synchronous Read Non-Blocking IO Counts: [35372, 0, 0, 0, 0, 0, 0, 0, 0, 0, 0, 0]
                       Synchronous Read Non-Blocking IO Total Latencies (us): [0, 0, 0, 0, 0, 0, 0, 0, 0, 0, 0, 0]
                       Asynchronous Read IO Counts: [4433, 3658, 687, 96, 7, 0, 0, 0, 0, 0, 0, 0]
                       Asynchronous Read IO Total Latencies (us): [696871, 1908510, 1177349, 484834, 198288, 0, 0, 0, 0, 0, 0, 0]"
"18-08-2026 15:46:41","103","Information","Microsoft-Windows-Kernel-Cache","Volume Periodic Cache Information:

                       Device GUID: {c5c572ba-c5d0-47f6-864e-13eb05e6d46c}
                       Period Duration (microseconds): 3644133188
                       Total Dirty Pages: 42214913344
                       Maximum Dirty Pages: 53075
                       Total Dirty Page Threshold: 140702413644
                       Top Dirty Page Threshold: 506518
                       Bottom Dirty Page Threshold: 506518
                       Dirty Page Samples: 2819330
                       Total Lazy Writer Calls: 19874
                       Total Lazy Writer Latency: 45625683
                       Total Lazy Writer Pages Flushed: 1288462
                       Lazy Writer Average Pages Per Second: 15289
                       Total Pages Queued to Disk: 47232063
                       Maximum Pages Queued to Disk: 6780
                       Pages Queued to Disk Samples: 129384
                       Total Metadata Pages Queued to Disk: 6799276
                       Maximum Metadata Pages Queued to Disk: 1333
                       Metadata Pages Queued to Disk Samples: 129380
                       Read Total Bytes: 2928815541106
                       Read Paged-In Total Bytes: 21077365769
                       Read-Ahead Total Bytes: 0
                       Cache Hit Ratio (%): 99
                       Total Writes: 4010296
                       Total Hard-Throttle Writes: 0
                       Total Soft-Throttle Writes: 0
                       Total Synchronous Read IO Count: 21651362
                       Total Synchronous Non-Blocking Read IO Count: 35372
                       Total Failed Synchronous Non-Blocking Read IO Count: 8886
                       Synchronous Read IO Maximum Latency (us): 100814
                       Synchronous Read IO Non-Blocking Maximum Latency (us): 0
                       Total Synchronous Write IO Count: 3866710
                       Total Synchronous Non-Blocking Write IO Count: 5976
                       Total Failed Synchronous Non-Blocking Write IO Count: 417
                       Synchronous Write IO Maximum Latency (us): 90741
                       Synchronous Write IO Non-Blockinig Maximum Latency (us): 0
                       Total Asynchronous Read IO Count: 8881
                       Asynchronous Read IO Maximum Latency (us): 48940"
"18-08-2026 15:46:41","102","Information","Microsoft-Windows-Kernel-Cache","Global Periodic Cache Information:

                       Period Duration (microseconds): 3644133188
                       Number of NUMA Nodes: 131918
                       Event Samples: 45
                       Total Number of Mapped VACBs: 439723
                       Total Partition Samples: 45
                       Total Volume Samples: 180
                       Total Pages Yet to Write: 21555
                       Total Dirty Pages: 20232
                       Total Available Pages: 23423041
                       Total Physical Pages: 182346660
                       Total Number of Worker Threads: 720
                       Total Number of Active Worker Threads: 0
                       Total Average Available Pages: 167753284
                       Total Average Dirty Pages: 36417
                       CopyRead Calls: 21697499
                       AsyncCopyRead Calls: 8886
                       CopyWriteCalls: 3891258
                       SetValidData Calls: 23672
                       FlushCache Calls: 131918"
"18-08-2026 14:45:57","105","Information","Microsoft-Windows-Kernel-Cache","Volume Periodic Cache Write Latency Information:

                       Device GUID: {effcabed-bb48-44d2-a9ca-b0bdf73688b0}
                       Period Duration (microseconds): 917052218

                       Latency Bucket Values:  [256us, 1ms, 4ms, 16ms, 64ms, 128ms, 256ms, 2000ms, 6000ms, 10000ms, 20000ms, 20000+ms]

                       Synchronous Write IO Counts: [0, 0, 0, 0, 0, 0, 0, 0, 0, 0, 0, 0]
                       Synchronous Write IO Total Latencies (us): [0, 0, 0, 0, 0, 0, 0, 0, 0, 0, 0, 0]
                       Synchronous Write Non-Blocking IO Counts: [0, 0, 0, 0, 0, 0, 0, 0, 0, 0, 0, 0]
                       Synchronous Write Non-Blocking IO Total Latencies (us): [0, 0, 0, 0, 0, 0, 0, 0, 0, 0, 0, 0]"
"18-08-2026 14:45:57","104","Information","Microsoft-Windows-Kernel-Cache","Volume Periodic Cache Read Latency Information:

                       Device GUID: {effcabed-bb48-44d2-a9ca-b0bdf73688b0}
                       Period Duration (microseconds): 917052218

                       Latency Bucket Values:  [256us, 1ms, 4ms, 16ms, 64ms, 128ms, 256ms, 2000ms, 6000ms, 10000ms, 20000ms, 20000+ms]

                       Synchronous Read IO Counts: [0, 1, 0, 0, 0, 0, 0, 0, 0, 0, 0, 0]
                       Synchronous Read IO Total Latencies (us): [0, 403, 0, 0, 0, 0, 0, 0, 0, 0, 0, 0]
                       Synchronous Read Non-Blocking IO Counts: [38, 0, 0, 0, 0, 0, 0, 0, 0, 0, 0, 0]
                       Synchronous Read Non-Blocking IO Total Latencies (us): [0, 0, 0, 0, 0, 0, 0, 0, 0, 0, 0, 0]
                       Asynchronous Read IO Counts: [1, 4, 0, 0, 0, 0, 0, 0, 0, 0, 0, 0]
                       Asynchronous Read IO Total Latencies (us): [137, 2546, 0, 0, 0, 0, 0, 0, 0, 0, 0, 0]"
"18-08-2026 14:45:57","103","Information","Microsoft-Windows-Kernel-Cache","Volume Periodic Cache Information:

                       Device GUID: {effcabed-bb48-44d2-a9ca-b0bdf73688b0}
                       Period Duration (microseconds): 917052218
                       Total Dirty Pages: 35
                       Maximum Dirty Pages: 5
                       Total Dirty Page Threshold: 2853748
                       Top Dirty Page Threshold: 506518
                       Bottom Dirty Page Threshold: 506518
                       Dirty Page Samples: 18
                       Total Lazy Writer Calls: 0
                       Total Lazy Writer Latency: 0
                       Total Lazy Writer Pages Flushed: 0
                       Lazy Writer Average Pages Per Second: 0
                       Total Pages Queued to Disk: 9
                       Maximum Pages Queued to Disk: 4
                       Pages Queued to Disk Samples: 10
                       Total Metadata Pages Queued to Disk: 9
                       Maximum Metadata Pages Queued to Disk: 4
                       Metadata Pages Queued to Disk Samples: 10
                       Read Total Bytes: 11113984
                       Read Paged-In Total Bytes: 262144
                       Read-Ahead Total Bytes: 0
                       Cache Hit Ratio (%): 97
                       Total Writes: 0
                       Total Hard-Throttle Writes: 0
                       Total Soft-Throttle Writes: 0
                       Total Synchronous Read IO Count: 1
                       Total Synchronous Non-Blocking Read IO Count: 38
                       Total Failed Synchronous Non-Blocking Read IO Count: 5
                       Synchronous Read IO Maximum Latency (us): 403
                       Synchronous Read IO Non-Blocking Maximum Latency (us): 0
                       Total Synchronous Write IO Count: 0
                       Total Synchronous Non-Blocking Write IO Count: 0
                       Total Failed Synchronous Non-Blocking Write IO Count: 0
                       Synchronous Write IO Maximum Latency (us): 0
                       Synchronous Write IO Non-Blockinig Maximum Latency (us): 0
                       Total Asynchronous Read IO Count: 5
                       Asynchronous Read IO Maximum Latency (us): 875"
"18-08-2026 14:45:57","105","Information","Microsoft-Windows-Kernel-Cache","Volume Periodic Cache Write Latency Information:

                       Device GUID: {f06ef650-de5a-4a43-abb8-73f2ff6a56fd}
                       Period Duration (microseconds): 917052218

                       Latency Bucket Values:  [256us, 1ms, 4ms, 16ms, 64ms, 128ms, 256ms, 2000ms, 6000ms, 10000ms, 20000ms, 20000+ms]

                       Synchronous Write IO Counts: [23, 4, 1, 2, 1, 0, 0, 0, 0, 0, 0, 0]
                       Synchronous Write IO Total Latencies (us): [2140, 1209, 3942, 26665, 22945, 0, 0, 0, 0, 0, 0, 0]
                       Synchronous Write Non-Blocking IO Counts: [7, 0, 0, 0, 0, 0, 0, 0, 0, 0, 0, 0]
                       Synchronous Write Non-Blocking IO Total Latencies (us): [0, 0, 0, 0, 0, 0, 0, 0, 0, 0, 0, 0]"
"18-08-2026 14:45:57","104","Information","Microsoft-Windows-Kernel-Cache","Volume Periodic Cache Read Latency Information:

                       Device GUID: {f06ef650-de5a-4a43-abb8-73f2ff6a56fd}
                       Period Duration (microseconds): 917052218

                       Latency Bucket Values:  [256us, 1ms, 4ms, 16ms, 64ms, 128ms, 256ms, 2000ms, 6000ms, 10000ms, 20000ms, 20000+ms]

                       Synchronous Read IO Counts: [90, 1, 0, 0, 0, 0, 0, 0, 0, 0, 0, 0]
                       Synchronous Read IO Total Latencies (us): [227, 558, 0, 0, 0, 0, 0, 0, 0, 0, 0, 0]
                       Synchronous Read Non-Blocking IO Counts: [0, 0, 0, 0, 0, 0, 0, 0, 0, 0, 0, 0]
                       Synchronous Read Non-Blocking IO Total Latencies (us): [0, 0, 0, 0, 0, 0, 0, 0, 0, 0, 0, 0]
                       Asynchronous Read IO Counts: [0, 0, 0, 0, 0, 0, 0, 0, 0, 0, 0, 0]
                       Asynchronous Read IO Total Latencies (us): [0, 0, 0, 0, 0, 0, 0, 0, 0, 0, 0, 0]"
"18-08-2026 14:45:57","103","Information","Microsoft-Windows-Kernel-Cache","Volume Periodic Cache Information:

                       Device GUID: {f06ef650-de5a-4a43-abb8-73f2ff6a56fd}
                       Period Duration (microseconds): 917052218
                       Total Dirty Pages: 305
                       Maximum Dirty Pages: 13
                       Total Dirty Page Threshold: 18802325
                       Top Dirty Page Threshold: 506518
                       Bottom Dirty Page Threshold: 506518
                       Dirty Page Samples: 178
                       Total Lazy Writer Calls: 0
                       Total Lazy Writer Latency: 0
                       Total Lazy Writer Pages Flushed: 0
                       Lazy Writer Average Pages Per Second: 0
                       Total Pages Queued to Disk: 13
                       Maximum Pages Queued to Disk: 3
                       Pages Queued to Disk Samples: 30
                       Total Metadata Pages Queued to Disk: 0
                       Maximum Metadata Pages Queued to Disk: 0
                       Metadata Pages Queued to Disk Samples: 30
                       Read Total Bytes: 29335552
                       Read Paged-In Total Bytes: 786432
                       Read-Ahead Total Bytes: 0
                       Cache Hit Ratio (%): 97
                       Total Writes: 60
                       Total Hard-Throttle Writes: 0
                       Total Soft-Throttle Writes: 0
                       Total Synchronous Read IO Count: 91
                       Total Synchronous Non-Blocking Read IO Count: 0
                       Total Failed Synchronous Non-Blocking Read IO Count: 0
                       Synchronous Read IO Maximum Latency (us): 558
                       Synchronous Read IO Non-Blocking Maximum Latency (us): 0
                       Total Synchronous Write IO Count: 31
                       Total Synchronous Non-Blocking Write IO Count: 7
                       Total Failed Synchronous Non-Blocking Write IO Count: 0
                       Synchronous Write IO Maximum Latency (us): 22945
                       Synchronous Write IO Non-Blockinig Maximum Latency (us): 0
                       Total Asynchronous Read IO Count: 0
                       Asynchronous Read IO Maximum Latency (us): 0"
"18-08-2026 14:45:57","105","Information","Microsoft-Windows-Kernel-Cache","Volume Periodic Cache Write Latency Information:

                       Device GUID: {00000000-0000-0000-0000-000000000000}
                       Period Duration (microseconds): 917052218

                       Latency Bucket Values:  [256us, 1ms, 4ms, 16ms, 64ms, 128ms, 256ms, 2000ms, 6000ms, 10000ms, 20000ms, 20000+ms]

                       Synchronous Write IO Counts: [0, 0, 0, 0, 0, 0, 0, 0, 0, 0, 0, 0]
                       Synchronous Write IO Total Latencies (us): [0, 0, 0, 0, 0, 0, 0, 0, 0, 0, 0, 0]
                       Synchronous Write Non-Blocking IO Counts: [0, 0, 0, 0, 0, 0, 0, 0, 0, 0, 0, 0]
                       Synchronous Write Non-Blocking IO Total Latencies (us): [0, 0, 0, 0, 0, 0, 0, 0, 0, 0, 0, 0]"
"18-08-2026 14:45:57","104","Information","Microsoft-Windows-Kernel-Cache","Volume Periodic Cache Read Latency Information:

                       Device GUID: {00000000-0000-0000-0000-000000000000}
                       Period Duration (microseconds): 917052218

                       Latency Bucket Values:  [256us, 1ms, 4ms, 16ms, 64ms, 128ms, 256ms, 2000ms, 6000ms, 10000ms, 20000ms, 20000+ms]

                       Synchronous Read IO Counts: [43, 5, 0, 0, 0, 0, 0, 0, 0, 0, 0, 0]
                       Synchronous Read IO Total Latencies (us): [1771, 1740, 0, 0, 0, 0, 0, 0, 0, 0, 0, 0]
                       Synchronous Read Non-Blocking IO Counts: [0, 0, 0, 0, 0, 0, 0, 0, 0, 0, 0, 0]
                       Synchronous Read Non-Blocking IO Total Latencies (us): [0, 0, 0, 0, 0, 0, 0, 0, 0, 0, 0, 0]
                       Asynchronous Read IO Counts: [0, 0, 0, 0, 0, 0, 0, 0, 0, 0, 0, 0]
                       Asynchronous Read IO Total Latencies (us): [0, 0, 0, 0, 0, 0, 0, 0, 0, 0, 0, 0]"
