"17-08-2026 18:11:16","105","Information","Microsoft-Windows-Diagnosis-DPS","Diagnostic module {45de1ea9-10bc-4f96-9b21-4b6b83dbf476} (%windir%\system32\radardt.dll) started troubleshooting scenario {180b3a99-8c39-4f12-b631-2031998efe45}, instance {d2998cfd-2042-4ed4-a3f6-59399c4d63b6}, original activity ID {00000000-0000-0000-0000-000000000000}."
"17-08-2026 18:11:16","100","Information","Microsoft-Windows-Diagnosis-DPS","Diagnostic module {45de1ea9-10bc-4f96-9b21-4b6b83dbf476} (%windir%\system32\radardt.dll) detected a problem for scenario {180b3a99-8c39-4f12-b631-2031998efe45}, instance {d2998cfd-2042-4ed4-a3f6-59399c4d63b6}, original activity ID {00000000-0000-0000-0000-000000000000}."
"17-08-2026 18:06:16","105","Information","Microsoft-Windows-Diagnosis-DPS","Diagnostic module {45de1ea9-10bc-4f96-9b21-4b6b83dbf476} (%windir%\system32\radardt.dll) started troubleshooting scenario {180b3a99-8c39-4f12-b631-2031998efe45}, instance {c988cbcd-7bd7-4153-bf14-303ebf5da46f}, original activity ID {00000000-0000-0000-0000-000000000000}."
"17-08-2026 18:06:16","100","Information","Microsoft-Windows-Diagnosis-DPS","Diagnostic module {45de1ea9-10bc-4f96-9b21-4b6b83dbf476} (%windir%\system32\radardt.dll) detected a problem for scenario {180b3a99-8c39-4f12-b631-2031998efe45}, instance {c988cbcd-7bd7-4153-bf14-303ebf5da46f}, original activity ID {00000000-0000-0000-0000-000000000000}."
"17-08-2026 18:01:16","105","Information","Microsoft-Windows-Diagnosis-DPS","Diagnostic module {45de1ea9-10bc-4f96-9b21-4b6b83dbf476} (%windir%\system32\radardt.dll) started troubleshooting scenario {180b3a99-8c39-4f12-b631-2031998efe45}, instance {84500407-6d24-4c2d-9dc4-89190b1c354f}, original activity ID {00000000-0000-0000-0000-000000000000}."
"17-08-2026 18:01:16","100","Information","Microsoft-Windows-Diagnosis-DPS","Diagnostic module {45de1ea9-10bc-4f96-9b21-4b6b83dbf476} (%windir%\system32\radardt.dll) detected a problem for scenario {180b3a99-8c39-4f12-b631-2031998efe45}, instance {84500407-6d24-4c2d-9dc4-89190b1c354f}, original activity ID {00000000-0000-0000-0000-000000000000}."
"17-08-2026 17:56:16","105","Information","Microsoft-Windows-Diagnosis-DPS","Diagnostic module {45de1ea9-10bc-4f96-9b21-4b6b83dbf476} (%windir%\system32\radardt.dll) started troubleshooting scenario {180b3a99-8c39-4f12-b631-2031998efe45}, instance {5871d6c0-c6d6-4814-9128-f768cf3627ab}, original activity ID {00000000-0000-0000-0000-000000000000}."
"17-08-2026 17:56:16","100","Information","Microsoft-Windows-Diagnosis-DPS","Diagnostic module {45de1ea9-10bc-4f96-9b21-4b6b83dbf476} (%windir%\system32\radardt.dll) detected a problem for scenario {180b3a99-8c39-4f12-b631-2031998efe45}, instance {5871d6c0-c6d6-4814-9128-f768cf3627ab}, original activity ID {00000000-0000-0000-0000-000000000000}."
"17-08-2026 17:51:16","105","Information","Microsoft-Windows-Diagnosis-DPS","Diagnostic module {45de1ea9-10bc-4f96-9b21-4b6b83dbf476} (%windir%\system32\radardt.dll) started troubleshooting scenario {180b3a99-8c39-4f12-b631-2031998efe45}, instance {f7fee187-c3b5-4fbc-a63e-dc11557956d8}, original activity ID {00000000-0000-0000-0000-000000000000}."
"17-08-2026 17:51:16","100","Information","Microsoft-Windows-Diagnosis-DPS","Diagnostic module {45de1ea9-10bc-4f96-9b21-4b6b83dbf476} (%windir%\system32\radardt.dll) detected a problem for scenario {180b3a99-8c39-4f12-b631-2031998efe45}, instance {f7fee187-c3b5-4fbc-a63e-dc11557956d8}, original activity ID {00000000-0000-0000-0000-000000000000}."
"17-08-2026 17:46:16","105","Information","Microsoft-Windows-Diagnosis-DPS","Diagnostic module {45de1ea9-10bc-4f96-9b21-4b6b83dbf476} (%windir%\system32\radardt.dll) started troubleshooting scenario {180b3a99-8c39-4f12-b631-2031998efe45}, instance {35d87fc4-28a1-4754-8ae6-1331c48121f9}, original activity ID {00000000-0000-0000-0000-000000000000}."
"17-08-2026 17:46:16","100","Information","Microsoft-Windows-Diagnosis-DPS","Diagnostic module {45de1ea9-10bc-4f96-9b21-4b6b83dbf476} (%windir%\system32\radardt.dll) detected a problem for scenario {180b3a99-8c39-4f12-b631-2031998efe45}, instance {35d87fc4-28a1-4754-8ae6-1331c48121f9}, original activity ID {00000000-0000-0000-0000-000000000000}."
"17-08-2026 17:41:16","105","Information","Microsoft-Windows-Diagnosis-DPS","Diagnostic module {45de1ea9-10bc-4f96-9b21-4b6b83dbf476} (%windir%\system32\radardt.dll) started troubleshooting scenario {180b3a99-8c39-4f12-b631-2031998efe45}, instance {ef3c4702-a286-4b0a-a3ba-07b8fcb449d4}, original activity ID {00000000-0000-0000-0000-000000000000}."
"17-08-2026 17:41:16","100","Information","Microsoft-Windows-Diagnosis-DPS","Diagnostic module {45de1ea9-10bc-4f96-9b21-4b6b83dbf476} (%windir%\system32\radardt.dll) detected a problem for scenario {180b3a99-8c39-4f12-b631-2031998efe45}, instance {ef3c4702-a286-4b0a-a3ba-07b8fcb449d4}, original activity ID {00000000-0000-0000-0000-000000000000}."
"17-08-2026 17:36:16","105","Information","Microsoft-Windows-Diagnosis-DPS","Diagnostic module {45de1ea9-10bc-4f96-9b21-4b6b83dbf476} (%windir%\system32\radardt.dll) started troubleshooting scenario {180b3a99-8c39-4f12-b631-2031998efe45}, instance {286fc668-b44f-482d-b06e-1871015d6b65}, original activity ID {00000000-0000-0000-0000-000000000000}."
"17-08-2026 17:36:16","100","Information","Microsoft-Windows-Diagnosis-DPS","Diagnostic module {45de1ea9-10bc-4f96-9b21-4b6b83dbf476} (%windir%\system32\radardt.dll) detected a problem for scenario {180b3a99-8c39-4f12-b631-2031998efe45}, instance {286fc668-b44f-482d-b06e-1871015d6b65}, original activity ID {00000000-0000-0000-0000-000000000000}."
"17-08-2026 17:31:16","105","Information","Microsoft-Windows-Diagnosis-DPS","Diagnostic module {45de1ea9-10bc-4f96-9b21-4b6b83dbf476} (%windir%\system32\radardt.dll) started troubleshooting scenario {180b3a99-8c39-4f12-b631-2031998efe45}, instance {b30a4b09-06df-4d78-8065-0a944b5c656a}, original activity ID {00000000-0000-0000-0000-000000000000}."
"17-08-2026 17:31:16","100","Information","Microsoft-Windows-Diagnosis-DPS","Diagnostic module {45de1ea9-10bc-4f96-9b21-4b6b83dbf476} (%windir%\system32\radardt.dll) detected a problem for scenario {180b3a99-8c39-4f12-b631-2031998efe45}, instance {b30a4b09-06df-4d78-8065-0a944b5c656a}, original activity ID {00000000-0000-0000-0000-000000000000}."
"17-08-2026 17:26:16","105","Information","Microsoft-Windows-Diagnosis-DPS","Diagnostic module {45de1ea9-10bc-4f96-9b21-4b6b83dbf476} (%windir%\system32\radardt.dll) started troubleshooting scenario {180b3a99-8c39-4f12-b631-2031998efe45}, instance {f62e0b58-f688-4792-acf3-c8dd676e529b}, original activity ID {00000000-0000-0000-0000-000000000000}."
"17-08-2026 17:26:16","100","Information","Microsoft-Windows-Diagnosis-DPS","Diagnostic module {45de1ea9-10bc-4f96-9b21-4b6b83dbf476} (%windir%\system32\radardt.dll) detected a problem for scenario {180b3a99-8c39-4f12-b631-2031998efe45}, instance {f62e0b58-f688-4792-acf3-c8dd676e529b}, original activity ID {00000000-0000-0000-0000-000000000000}."
"17-08-2026 17:21:16","105","Information","Microsoft-Windows-Diagnosis-DPS","Diagnostic module {45de1ea9-10bc-4f96-9b21-4b6b83dbf476} (%windir%\system32\radardt.dll) started troubleshooting scenario {180b3a99-8c39-4f12-b631-2031998efe45}, instance {5b911f1f-7f5b-4c2c-936f-ee234328da63}, original activity ID {00000000-0000-0000-0000-000000000000}."
"17-08-2026 17:21:16","100","Information","Microsoft-Windows-Diagnosis-DPS","Diagnostic module {45de1ea9-10bc-4f96-9b21-4b6b83dbf476} (%windir%\system32\radardt.dll) detected a problem for scenario {180b3a99-8c39-4f12-b631-2031998efe45}, instance {5b911f1f-7f5b-4c2c-936f-ee234328da63}, original activity ID {00000000-0000-0000-0000-000000000000}."
"17-08-2026 17:16:16","105","Information","Microsoft-Windows-Diagnosis-DPS","Diagnostic module {45de1ea9-10bc-4f96-9b21-4b6b83dbf476} (%windir%\system32\radardt.dll) started troubleshooting scenario {180b3a99-8c39-4f12-b631-2031998efe45}, instance {0ffa6a7a-8af5-4af8-9243-ca4bb1261fc9}, original activity ID {00000000-0000-0000-0000-000000000000}."
"17-08-2026 17:16:16","100","Information","Microsoft-Windows-Diagnosis-DPS","Diagnostic module {45de1ea9-10bc-4f96-9b21-4b6b83dbf476} (%windir%\system32\radardt.dll) detected a problem for scenario {180b3a99-8c39-4f12-b631-2031998efe45}, instance {0ffa6a7a-8af5-4af8-9243-ca4bb1261fc9}, original activity ID {00000000-0000-0000-0000-000000000000}."
"17-08-2026 17:11:15","105","Information","Microsoft-Windows-Diagnosis-DPS","Diagnostic module {45de1ea9-10bc-4f96-9b21-4b6b83dbf476} (%windir%\system32\radardt.dll) started troubleshooting scenario {180b3a99-8c39-4f12-b631-2031998efe45}, instance {8cbd1348-70f0-4631-9e24-02be7c03f3b9}, original activity ID {00000000-0000-0000-0000-000000000000}."
"17-08-2026 17:11:15","100","Information","Microsoft-Windows-Diagnosis-DPS","Diagnostic module {45de1ea9-10bc-4f96-9b21-4b6b83dbf476} (%windir%\system32\radardt.dll) detected a problem for scenario {180b3a99-8c39-4f12-b631-2031998efe45}, instance {8cbd1348-70f0-4631-9e24-02be7c03f3b9}, original activity ID {00000000-0000-0000-0000-000000000000}."
"17-08-2026 17:06:15","105","Information","Microsoft-Windows-Diagnosis-DPS","Diagnostic module {45de1ea9-10bc-4f96-9b21-4b6b83dbf476} (%windir%\system32\radardt.dll) started troubleshooting scenario {180b3a99-8c39-4f12-b631-2031998efe45}, instance {7850a440-6ddf-4ed5-a733-bdba058e5065}, original activity ID {00000000-0000-0000-0000-000000000000}."
"17-08-2026 17:06:15","100","Information","Microsoft-Windows-Diagnosis-DPS","Diagnostic module {45de1ea9-10bc-4f96-9b21-4b6b83dbf476} (%windir%\system32\radardt.dll) detected a problem for scenario {180b3a99-8c39-4f12-b631-2031998efe45}, instance {7850a440-6ddf-4ed5-a733-bdba058e5065}, original activity ID {00000000-0000-0000-0000-000000000000}."
"17-08-2026 17:01:15","105","Information","Microsoft-Windows-Diagnosis-DPS","Diagnostic module {45de1ea9-10bc-4f96-9b21-4b6b83dbf476} (%windir%\system32\radardt.dll) started troubleshooting scenario {180b3a99-8c39-4f12-b631-2031998efe45}, instance {88f9ab63-b3ee-4d78-a1af-9888d2904334}, original activity ID {00000000-0000-0000-0000-000000000000}."
"17-08-2026 17:01:15","100","Information","Microsoft-Windows-Diagnosis-DPS","Diagnostic module {45de1ea9-10bc-4f96-9b21-4b6b83dbf476} (%windir%\system32\radardt.dll) detected a problem for scenario {180b3a99-8c39-4f12-b631-2031998efe45}, instance {88f9ab63-b3ee-4d78-a1af-9888d2904334}, original activity ID {00000000-0000-0000-0000-000000000000}."
"17-08-2026 16:56:15","105","Information","Microsoft-Windows-Diagnosis-DPS","Diagnostic module {45de1ea9-10bc-4f96-9b21-4b6b83dbf476} (%windir%\system32\radardt.dll) started troubleshooting scenario {180b3a99-8c39-4f12-b631-2031998efe45}, instance {72f79558-6643-4acf-8701-aa7b525534ce}, original activity ID {00000000-0000-0000-0000-000000000000}."
"17-08-2026 16:56:15","100","Information","Microsoft-Windows-Diagnosis-DPS","Diagnostic module {45de1ea9-10bc-4f96-9b21-4b6b83dbf476} (%windir%\system32\radardt.dll) detected a problem for scenario {180b3a99-8c39-4f12-b631-2031998efe45}, instance {72f79558-6643-4acf-8701-aa7b525534ce}, original activity ID {00000000-0000-0000-0000-000000000000}."
"17-08-2026 16:51:15","105","Information","Microsoft-Windows-Diagnosis-DPS","Diagnostic module {45de1ea9-10bc-4f96-9b21-4b6b83dbf476} (%windir%\system32\radardt.dll) started troubleshooting scenario {180b3a99-8c39-4f12-b631-2031998efe45}, instance {8ae46463-fdfe-442f-8fe1-fc9238e678d8}, original activity ID {00000000-0000-0000-0000-000000000000}."
"17-08-2026 16:51:15","100","Information","Microsoft-Windows-Diagnosis-DPS","Diagnostic module {45de1ea9-10bc-4f96-9b21-4b6b83dbf476} (%windir%\system32\radardt.dll) detected a problem for scenario {180b3a99-8c39-4f12-b631-2031998efe45}, instance {8ae46463-fdfe-442f-8fe1-fc9238e678d8}, original activity ID {00000000-0000-0000-0000-000000000000}."
"17-08-2026 16:46:15","105","Information","Microsoft-Windows-Diagnosis-DPS","Diagnostic module {45de1ea9-10bc-4f96-9b21-4b6b83dbf476} (%windir%\system32\radardt.dll) started troubleshooting scenario {180b3a99-8c39-4f12-b631-2031998efe45}, instance {fa7d764c-6f81-43d2-af22-c3b62087e78a}, original activity ID {00000000-0000-0000-0000-000000000000}."
"17-08-2026 16:46:15","100","Information","Microsoft-Windows-Diagnosis-DPS","Diagnostic module {45de1ea9-10bc-4f96-9b21-4b6b83dbf476} (%windir%\system32\radardt.dll) detected a problem for scenario {180b3a99-8c39-4f12-b631-2031998efe45}, instance {fa7d764c-6f81-43d2-af22-c3b62087e78a}, original activity ID {00000000-0000-0000-0000-000000000000}."
"17-08-2026 16:41:15","105","Information","Microsoft-Windows-Diagnosis-DPS","Diagnostic module {45de1ea9-10bc-4f96-9b21-4b6b83dbf476} (%windir%\system32\radardt.dll) started troubleshooting scenario {180b3a99-8c39-4f12-b631-2031998efe45}, instance {390a8f00-9410-4459-9cbf-8d95bf394294}, original activity ID {00000000-0000-0000-0000-000000000000}."
"17-08-2026 16:41:15","100","Information","Microsoft-Windows-Diagnosis-DPS","Diagnostic module {45de1ea9-10bc-4f96-9b21-4b6b83dbf476} (%windir%\system32\radardt.dll) detected a problem for scenario {180b3a99-8c39-4f12-b631-2031998efe45}, instance {390a8f00-9410-4459-9cbf-8d95bf394294}, original activity ID {00000000-0000-0000-0000-000000000000}."
"17-08-2026 16:36:15","105","Information","Microsoft-Windows-Diagnosis-DPS","Diagnostic module {45de1ea9-10bc-4f96-9b21-4b6b83dbf476} (%windir%\system32\radardt.dll) started troubleshooting scenario {180b3a99-8c39-4f12-b631-2031998efe45}, instance {9a8c976c-b7ca-40ff-a463-723f85805377}, original activity ID {00000000-0000-0000-0000-000000000000}."
"17-08-2026 16:36:15","100","Information","Microsoft-Windows-Diagnosis-DPS","Diagnostic module {45de1ea9-10bc-4f96-9b21-4b6b83dbf476} (%windir%\system32\radardt.dll) detected a problem for scenario {180b3a99-8c39-4f12-b631-2031998efe45}, instance {9a8c976c-b7ca-40ff-a463-723f85805377}, original activity ID {00000000-0000-0000-0000-000000000000}."
"17-08-2026 16:31:15","105","Information","Microsoft-Windows-Diagnosis-DPS","Diagnostic module {45de1ea9-10bc-4f96-9b21-4b6b83dbf476} (%windir%\system32\radardt.dll) started troubleshooting scenario {180b3a99-8c39-4f12-b631-2031998efe45}, instance {fdb00ef0-ad6a-4a0d-be71-34397e0d4bcb}, original activity ID {00000000-0000-0000-0000-000000000000}."
"17-08-2026 16:31:15","100","Information","Microsoft-Windows-Diagnosis-DPS","Diagnostic module {45de1ea9-10bc-4f96-9b21-4b6b83dbf476} (%windir%\system32\radardt.dll) detected a problem for scenario {180b3a99-8c39-4f12-b631-2031998efe45}, instance {fdb00ef0-ad6a-4a0d-be71-34397e0d4bcb}, original activity ID {00000000-0000-0000-0000-000000000000}."
"17-08-2026 16:26:15","105","Information","Microsoft-Windows-Diagnosis-DPS","Diagnostic module {45de1ea9-10bc-4f96-9b21-4b6b83dbf476} (%windir%\system32\radardt.dll) started troubleshooting scenario {180b3a99-8c39-4f12-b631-2031998efe45}, instance {2e96b9a6-8324-4bbd-b078-b0640c17f0cc}, original activity ID {00000000-0000-0000-0000-000000000000}."
"17-08-2026 16:26:15","100","Information","Microsoft-Windows-Diagnosis-DPS","Diagnostic module {45de1ea9-10bc-4f96-9b21-4b6b83dbf476} (%windir%\system32\radardt.dll) detected a problem for scenario {180b3a99-8c39-4f12-b631-2031998efe45}, instance {2e96b9a6-8324-4bbd-b078-b0640c17f0cc}, original activity ID {00000000-0000-0000-0000-000000000000}."
"17-08-2026 16:21:15","105","Information","Microsoft-Windows-Diagnosis-DPS","Diagnostic module {45de1ea9-10bc-4f96-9b21-4b6b83dbf476} (%windir%\system32\radardt.dll) started troubleshooting scenario {180b3a99-8c39-4f12-b631-2031998efe45}, instance {9041cc82-1ae4-4201-b88f-9871c11d91a3}, original activity ID {00000000-0000-0000-0000-000000000000}."
"17-08-2026 16:21:15","100","Information","Microsoft-Windows-Diagnosis-DPS","Diagnostic module {45de1ea9-10bc-4f96-9b21-4b6b83dbf476} (%windir%\system32\radardt.dll) detected a problem for scenario {180b3a99-8c39-4f12-b631-2031998efe45}, instance {9041cc82-1ae4-4201-b88f-9871c11d91a3}, original activity ID {00000000-0000-0000-0000-000000000000}."
"17-08-2026 16:16:15","105","Information","Microsoft-Windows-Diagnosis-DPS","Diagnostic module {45de1ea9-10bc-4f96-9b21-4b6b83dbf476} (%windir%\system32\radardt.dll) started troubleshooting scenario {180b3a99-8c39-4f12-b631-2031998efe45}, instance {29915944-bf40-41cc-9043-e1c733e99208}, original activity ID {00000000-0000-0000-0000-000000000000}."
"17-08-2026 16:16:15","100","Information","Microsoft-Windows-Diagnosis-DPS","Diagnostic module {45de1ea9-10bc-4f96-9b21-4b6b83dbf476} (%windir%\system32\radardt.dll) detected a problem for scenario {180b3a99-8c39-4f12-b631-2031998efe45}, instance {29915944-bf40-41cc-9043-e1c733e99208}, original activity ID {00000000-0000-0000-0000-000000000000}."
"17-08-2026 16:11:15","105","Information","Microsoft-Windows-Diagnosis-DPS","Diagnostic module {45de1ea9-10bc-4f96-9b21-4b6b83dbf476} (%windir%\system32\radardt.dll) started troubleshooting scenario {180b3a99-8c39-4f12-b631-2031998efe45}, instance {32eb1eaa-6b62-4c41-adea-36ce590a4b10}, original activity ID {00000000-0000-0000-0000-000000000000}."
"17-08-2026 16:11:15","100","Information","Microsoft-Windows-Diagnosis-DPS","Diagnostic module {45de1ea9-10bc-4f96-9b21-4b6b83dbf476} (%windir%\system32\radardt.dll) detected a problem for scenario {180b3a99-8c39-4f12-b631-2031998efe45}, instance {32eb1eaa-6b62-4c41-adea-36ce590a4b10}, original activity ID {00000000-0000-0000-0000-000000000000}."
"17-08-2026 16:06:15","105","Information","Microsoft-Windows-Diagnosis-DPS","Diagnostic module {45de1ea9-10bc-4f96-9b21-4b6b83dbf476} (%windir%\system32\radardt.dll) started troubleshooting scenario {180b3a99-8c39-4f12-b631-2031998efe45}, instance {26fecd3b-553e-4644-8278-54de045682ff}, original activity ID {00000000-0000-0000-0000-000000000000}."
"17-08-2026 16:06:15","100","Information","Microsoft-Windows-Diagnosis-DPS","Diagnostic module {45de1ea9-10bc-4f96-9b21-4b6b83dbf476} (%windir%\system32\radardt.dll) detected a problem for scenario {180b3a99-8c39-4f12-b631-2031998efe45}, instance {26fecd3b-553e-4644-8278-54de045682ff}, original activity ID {00000000-0000-0000-0000-000000000000}."
"17-08-2026 16:01:15","105","Information","Microsoft-Windows-Diagnosis-DPS","Diagnostic module {45de1ea9-10bc-4f96-9b21-4b6b83dbf476} (%windir%\system32\radardt.dll) started troubleshooting scenario {180b3a99-8c39-4f12-b631-2031998efe45}, instance {e8c1327f-a61f-4c66-9465-3f83bd851edb}, original activity ID {00000000-0000-0000-0000-000000000000}."
"17-08-2026 16:01:15","100","Information","Microsoft-Windows-Diagnosis-DPS","Diagnostic module {45de1ea9-10bc-4f96-9b21-4b6b83dbf476} (%windir%\system32\radardt.dll) detected a problem for scenario {180b3a99-8c39-4f12-b631-2031998efe45}, instance {e8c1327f-a61f-4c66-9465-3f83bd851edb}, original activity ID {00000000-0000-0000-0000-000000000000}."
"17-08-2026 15:56:15","105","Information","Microsoft-Windows-Diagnosis-DPS","Diagnostic module {45de1ea9-10bc-4f96-9b21-4b6b83dbf476} (%windir%\system32\radardt.dll) started troubleshooting scenario {180b3a99-8c39-4f12-b631-2031998efe45}, instance {cbca6a60-6533-4b96-ad7b-da1058446dd7}, original activity ID {00000000-0000-0000-0000-000000000000}."
"17-08-2026 15:56:15","100","Information","Microsoft-Windows-Diagnosis-DPS","Diagnostic module {45de1ea9-10bc-4f96-9b21-4b6b83dbf476} (%windir%\system32\radardt.dll) detected a problem for scenario {180b3a99-8c39-4f12-b631-2031998efe45}, instance {cbca6a60-6533-4b96-ad7b-da1058446dd7}, original activity ID {00000000-0000-0000-0000-000000000000}."
"17-08-2026 15:51:15","105","Information","Microsoft-Windows-Diagnosis-DPS","Diagnostic module {45de1ea9-10bc-4f96-9b21-4b6b83dbf476} (%windir%\system32\radardt.dll) started troubleshooting scenario {180b3a99-8c39-4f12-b631-2031998efe45}, instance {101fb766-3be8-4312-9624-ba11ef228825}, original activity ID {00000000-0000-0000-0000-000000000000}."
"17-08-2026 15:51:15","100","Information","Microsoft-Windows-Diagnosis-DPS","Diagnostic module {45de1ea9-10bc-4f96-9b21-4b6b83dbf476} (%windir%\system32\radardt.dll) detected a problem for scenario {180b3a99-8c39-4f12-b631-2031998efe45}, instance {101fb766-3be8-4312-9624-ba11ef228825}, original activity ID {00000000-0000-0000-0000-000000000000}."
"17-08-2026 15:46:15","105","Information","Microsoft-Windows-Diagnosis-DPS","Diagnostic module {45de1ea9-10bc-4f96-9b21-4b6b83dbf476} (%windir%\system32\radardt.dll) started troubleshooting scenario {180b3a99-8c39-4f12-b631-2031998efe45}, instance {e3737be9-6242-4ae6-809e-07911a917afc}, original activity ID {00000000-0000-0000-0000-000000000000}."
"17-08-2026 15:46:15","100","Information","Microsoft-Windows-Diagnosis-DPS","Diagnostic module {45de1ea9-10bc-4f96-9b21-4b6b83dbf476} (%windir%\system32\radardt.dll) detected a problem for scenario {180b3a99-8c39-4f12-b631-2031998efe45}, instance {e3737be9-6242-4ae6-809e-07911a917afc}, original activity ID {00000000-0000-0000-0000-000000000000}."
"17-08-2026 15:41:15","105","Information","Microsoft-Windows-Diagnosis-DPS","Diagnostic module {45de1ea9-10bc-4f96-9b21-4b6b83dbf476} (%windir%\system32\radardt.dll) started troubleshooting scenario {180b3a99-8c39-4f12-b631-2031998efe45}, instance {8ae73376-6be6-4774-9643-ca4b8f0cad1f}, original activity ID {00000000-0000-0000-0000-000000000000}."
"17-08-2026 15:41:15","100","Information","Microsoft-Windows-Diagnosis-DPS","Diagnostic module {45de1ea9-10bc-4f96-9b21-4b6b83dbf476} (%windir%\system32\radardt.dll) detected a problem for scenario {180b3a99-8c39-4f12-b631-2031998efe45}, instance {8ae73376-6be6-4774-9643-ca4b8f0cad1f}, original activity ID {00000000-0000-0000-0000-000000000000}."
"17-08-2026 15:36:15","105","Information","Microsoft-Windows-Diagnosis-DPS","Diagnostic module {45de1ea9-10bc-4f96-9b21-4b6b83dbf476} (%windir%\system32\radardt.dll) started troubleshooting scenario {180b3a99-8c39-4f12-b631-2031998efe45}, instance {b18b5044-fae6-4c02-9163-883cea1426b2}, original activity ID {00000000-0000-0000-0000-000000000000}."
"17-08-2026 15:36:15","100","Information","Microsoft-Windows-Diagnosis-DPS","Diagnostic module {45de1ea9-10bc-4f96-9b21-4b6b83dbf476} (%windir%\system32\radardt.dll) detected a problem for scenario {180b3a99-8c39-4f12-b631-2031998efe45}, instance {b18b5044-fae6-4c02-9163-883cea1426b2}, original activity ID {00000000-0000-0000-0000-000000000000}."
"17-08-2026 15:31:15","105","Information","Microsoft-Windows-Diagnosis-DPS","Diagnostic module {45de1ea9-10bc-4f96-9b21-4b6b83dbf476} (%windir%\system32\radardt.dll) started troubleshooting scenario {180b3a99-8c39-4f12-b631-2031998efe45}, instance {9e5a099f-3262-4dbd-95b2-0108f51281e8}, original activity ID {00000000-0000-0000-0000-000000000000}."
"17-08-2026 15:31:15","100","Information","Microsoft-Windows-Diagnosis-DPS","Diagnostic module {45de1ea9-10bc-4f96-9b21-4b6b83dbf476} (%windir%\system32\radardt.dll) detected a problem for scenario {180b3a99-8c39-4f12-b631-2031998efe45}, instance {9e5a099f-3262-4dbd-95b2-0108f51281e8}, original activity ID {00000000-0000-0000-0000-000000000000}."
"17-08-2026 15:26:15","105","Information","Microsoft-Windows-Diagnosis-DPS","Diagnostic module {45de1ea9-10bc-4f96-9b21-4b6b83dbf476} (%windir%\system32\radardt.dll) started troubleshooting scenario {180b3a99-8c39-4f12-b631-2031998efe45}, instance {77de247f-ba77-407c-9e55-05793b6c5428}, original activity ID {00000000-0000-0000-0000-000000000000}."
"17-08-2026 15:26:15","100","Information","Microsoft-Windows-Diagnosis-DPS","Diagnostic module {45de1ea9-10bc-4f96-9b21-4b6b83dbf476} (%windir%\system32\radardt.dll) detected a problem for scenario {180b3a99-8c39-4f12-b631-2031998efe45}, instance {77de247f-ba77-407c-9e55-05793b6c5428}, original activity ID {00000000-0000-0000-0000-000000000000}."
"17-08-2026 15:21:15","105","Information","Microsoft-Windows-Diagnosis-DPS","Diagnostic module {45de1ea9-10bc-4f96-9b21-4b6b83dbf476} (%windir%\system32\radardt.dll) started troubleshooting scenario {180b3a99-8c39-4f12-b631-2031998efe45}, instance {3c805dba-20d3-458c-9dd7-26ec7ca29fea}, original activity ID {00000000-0000-0000-0000-000000000000}."
"17-08-2026 15:21:15","100","Information","Microsoft-Windows-Diagnosis-DPS","Diagnostic module {45de1ea9-10bc-4f96-9b21-4b6b83dbf476} (%windir%\system32\radardt.dll) detected a problem for scenario {180b3a99-8c39-4f12-b631-2031998efe45}, instance {3c805dba-20d3-458c-9dd7-26ec7ca29fea}, original activity ID {00000000-0000-0000-0000-000000000000}."
"17-08-2026 15:16:15","105","Information","Microsoft-Windows-Diagnosis-DPS","Diagnostic module {45de1ea9-10bc-4f96-9b21-4b6b83dbf476} (%windir%\system32\radardt.dll) started troubleshooting scenario {180b3a99-8c39-4f12-b631-2031998efe45}, instance {15331de3-1347-4c37-a536-126ed75e5fce}, original activity ID {00000000-0000-0000-0000-000000000000}."
"17-08-2026 15:16:15","100","Information","Microsoft-Windows-Diagnosis-DPS","Diagnostic module {45de1ea9-10bc-4f96-9b21-4b6b83dbf476} (%windir%\system32\radardt.dll) detected a problem for scenario {180b3a99-8c39-4f12-b631-2031998efe45}, instance {15331de3-1347-4c37-a536-126ed75e5fce}, original activity ID {00000000-0000-0000-0000-000000000000}."
"17-08-2026 15:11:15","105","Information","Microsoft-Windows-Diagnosis-DPS","Diagnostic module {45de1ea9-10bc-4f96-9b21-4b6b83dbf476} (%windir%\system32\radardt.dll) started troubleshooting scenario {180b3a99-8c39-4f12-b631-2031998efe45}, instance {ad56114f-c6f1-484c-8b6e-a84b818afc15}, original activity ID {00000000-0000-0000-0000-000000000000}."
"17-08-2026 15:11:15","100","Information","Microsoft-Windows-Diagnosis-DPS","Diagnostic module {45de1ea9-10bc-4f96-9b21-4b6b83dbf476} (%windir%\system32\radardt.dll) detected a problem for scenario {180b3a99-8c39-4f12-b631-2031998efe45}, instance {ad56114f-c6f1-484c-8b6e-a84b818afc15}, original activity ID {00000000-0000-0000-0000-000000000000}."
"17-08-2026 15:06:15","105","Information","Microsoft-Windows-Diagnosis-DPS","Diagnostic module {45de1ea9-10bc-4f96-9b21-4b6b83dbf476} (%windir%\system32\radardt.dll) started troubleshooting scenario {180b3a99-8c39-4f12-b631-2031998efe45}, instance {b4cc0209-5754-4b52-999d-10634f87d94d}, original activity ID {00000000-0000-0000-0000-000000000000}."
"17-08-2026 15:06:15","100","Information","Microsoft-Windows-Diagnosis-DPS","Diagnostic module {45de1ea9-10bc-4f96-9b21-4b6b83dbf476} (%windir%\system32\radardt.dll) detected a problem for scenario {180b3a99-8c39-4f12-b631-2031998efe45}, instance {b4cc0209-5754-4b52-999d-10634f87d94d}, original activity ID {00000000-0000-0000-0000-000000000000}."
"17-08-2026 15:01:15","105","Information","Microsoft-Windows-Diagnosis-DPS","Diagnostic module {45de1ea9-10bc-4f96-9b21-4b6b83dbf476} (%windir%\system32\radardt.dll) started troubleshooting scenario {180b3a99-8c39-4f12-b631-2031998efe45}, instance {83b2d727-4c97-41c2-826d-11c8994cd47c}, original activity ID {00000000-0000-0000-0000-000000000000}."
"17-08-2026 15:01:15","100","Information","Microsoft-Windows-Diagnosis-DPS","Diagnostic module {45de1ea9-10bc-4f96-9b21-4b6b83dbf476} (%windir%\system32\radardt.dll) detected a problem for scenario {180b3a99-8c39-4f12-b631-2031998efe45}, instance {83b2d727-4c97-41c2-826d-11c8994cd47c}, original activity ID {00000000-0000-0000-0000-000000000000}."
"17-08-2026 14:56:15","105","Information","Microsoft-Windows-Diagnosis-DPS","Diagnostic module {45de1ea9-10bc-4f96-9b21-4b6b83dbf476} (%windir%\system32\radardt.dll) started troubleshooting scenario {180b3a99-8c39-4f12-b631-2031998efe45}, instance {6f0da9fd-8d6f-4002-864b-5878d0d0d94a}, original activity ID {00000000-0000-0000-0000-000000000000}."
"17-08-2026 14:56:15","100","Information","Microsoft-Windows-Diagnosis-DPS","Diagnostic module {45de1ea9-10bc-4f96-9b21-4b6b83dbf476} (%windir%\system32\radardt.dll) detected a problem for scenario {180b3a99-8c39-4f12-b631-2031998efe45}, instance {6f0da9fd-8d6f-4002-864b-5878d0d0d94a}, original activity ID {00000000-0000-0000-0000-000000000000}."
"17-08-2026 14:51:15","105","Information","Microsoft-Windows-Diagnosis-DPS","Diagnostic module {45de1ea9-10bc-4f96-9b21-4b6b83dbf476} (%windir%\system32\radardt.dll) started troubleshooting scenario {180b3a99-8c39-4f12-b631-2031998efe45}, instance {e6b232dc-1f28-40c3-86c0-958be12e29c3}, original activity ID {00000000-0000-0000-0000-000000000000}."
"17-08-2026 14:51:15","100","Information","Microsoft-Windows-Diagnosis-DPS","Diagnostic module {45de1ea9-10bc-4f96-9b21-4b6b83dbf476} (%windir%\system32\radardt.dll) detected a problem for scenario {180b3a99-8c39-4f12-b631-2031998efe45}, instance {e6b232dc-1f28-40c3-86c0-958be12e29c3}, original activity ID {00000000-0000-0000-0000-000000000000}."
"17-08-2026 14:46:15","105","Information","Microsoft-Windows-Diagnosis-DPS","Diagnostic module {45de1ea9-10bc-4f96-9b21-4b6b83dbf476} (%windir%\system32\radardt.dll) started troubleshooting scenario {180b3a99-8c39-4f12-b631-2031998efe45}, instance {6e1918bc-91a2-40bb-842f-8405f13f3d80}, original activity ID {00000000-0000-0000-0000-000000000000}."
"17-08-2026 14:46:15","100","Information","Microsoft-Windows-Diagnosis-DPS","Diagnostic module {45de1ea9-10bc-4f96-9b21-4b6b83dbf476} (%windir%\system32\radardt.dll) detected a problem for scenario {180b3a99-8c39-4f12-b631-2031998efe45}, instance {6e1918bc-91a2-40bb-842f-8405f13f3d80}, original activity ID {00000000-0000-0000-0000-000000000000}."
"17-08-2026 14:41:15","105","Information","Microsoft-Windows-Diagnosis-DPS","Diagnostic module {45de1ea9-10bc-4f96-9b21-4b6b83dbf476} (%windir%\system32\radardt.dll) started troubleshooting scenario {180b3a99-8c39-4f12-b631-2031998efe45}, instance {7c0c0937-3c8d-4a64-9049-aa6bb4b63052}, original activity ID {00000000-0000-0000-0000-000000000000}."
"17-08-2026 14:41:15","100","Information","Microsoft-Windows-Diagnosis-DPS","Diagnostic module {45de1ea9-10bc-4f96-9b21-4b6b83dbf476} (%windir%\system32\radardt.dll) detected a problem for scenario {180b3a99-8c39-4f12-b631-2031998efe45}, instance {7c0c0937-3c8d-4a64-9049-aa6bb4b63052}, original activity ID {00000000-0000-0000-0000-000000000000}."
"17-08-2026 14:36:16","105","Information","Microsoft-Windows-Diagnosis-DPS","Diagnostic module {45de1ea9-10bc-4f96-9b21-4b6b83dbf476} (%windir%\system32\radardt.dll) started troubleshooting scenario {180b3a99-8c39-4f12-b631-2031998efe45}, instance {c1fa0205-061e-4202-b396-b249fb75606b}, original activity ID {00000000-0000-0000-0000-000000000000}."
"17-08-2026 14:36:16","100","Information","Microsoft-Windows-Diagnosis-DPS","Diagnostic module {45de1ea9-10bc-4f96-9b21-4b6b83dbf476} (%windir%\system32\radardt.dll) detected a problem for scenario {180b3a99-8c39-4f12-b631-2031998efe45}, instance {c1fa0205-061e-4202-b396-b249fb75606b}, original activity ID {00000000-0000-0000-0000-000000000000}."
"17-08-2026 14:31:16","105","Information","Microsoft-Windows-Diagnosis-DPS","Diagnostic module {45de1ea9-10bc-4f96-9b21-4b6b83dbf476} (%windir%\system32\radardt.dll) started troubleshooting scenario {180b3a99-8c39-4f12-b631-2031998efe45}, instance {9c9ec36d-b6e5-4f50-a227-bc100e638acb}, original activity ID {00000000-0000-0000-0000-000000000000}."
"17-08-2026 14:31:16","100","Information","Microsoft-Windows-Diagnosis-DPS","Diagnostic module {45de1ea9-10bc-4f96-9b21-4b6b83dbf476} (%windir%\system32\radardt.dll) detected a problem for scenario {180b3a99-8c39-4f12-b631-2031998efe45}, instance {9c9ec36d-b6e5-4f50-a227-bc100e638acb}, original activity ID {00000000-0000-0000-0000-000000000000}."
"17-08-2026 14:26:16","105","Information","Microsoft-Windows-Diagnosis-DPS","Diagnostic module {45de1ea9-10bc-4f96-9b21-4b6b83dbf476} (%windir%\system32\radardt.dll) started troubleshooting scenario {180b3a99-8c39-4f12-b631-2031998efe45}, instance {68a71e5c-9ad9-42a7-9be8-41af9edfb794}, original activity ID {00000000-0000-0000-0000-000000000000}."
"17-08-2026 14:26:16","100","Information","Microsoft-Windows-Diagnosis-DPS","Diagnostic module {45de1ea9-10bc-4f96-9b21-4b6b83dbf476} (%windir%\system32\radardt.dll) detected a problem for scenario {180b3a99-8c39-4f12-b631-2031998efe45}, instance {68a71e5c-9ad9-42a7-9be8-41af9edfb794}, original activity ID {00000000-0000-0000-0000-000000000000}."
"17-08-2026 14:21:16","105","Information","Microsoft-Windows-Diagnosis-DPS","Diagnostic module {45de1ea9-10bc-4f96-9b21-4b6b83dbf476} (%windir%\system32\radardt.dll) started troubleshooting scenario {180b3a99-8c39-4f12-b631-2031998efe45}, instance {4b0d6bed-866b-4103-aa4e-dda643d97c01}, original activity ID {00000000-0000-0000-0000-000000000000}."
"17-08-2026 14:21:16","100","Information","Microsoft-Windows-Diagnosis-DPS","Diagnostic module {45de1ea9-10bc-4f96-9b21-4b6b83dbf476} (%windir%\system32\radardt.dll) detected a problem for scenario {180b3a99-8c39-4f12-b631-2031998efe45}, instance {4b0d6bed-866b-4103-aa4e-dda643d97c01}, original activity ID {00000000-0000-0000-0000-000000000000}."
"17-08-2026 14:16:16","105","Information","Microsoft-Windows-Diagnosis-DPS","Diagnostic module {45de1ea9-10bc-4f96-9b21-4b6b83dbf476} (%windir%\system32\radardt.dll) started troubleshooting scenario {180b3a99-8c39-4f12-b631-2031998efe45}, instance {9be9eeba-f76b-48d4-9d02-0f2ac2389103}, original activity ID {00000000-0000-0000-0000-000000000000}."
"17-08-2026 14:16:16","100","Information","Microsoft-Windows-Diagnosis-DPS","Diagnostic module {45de1ea9-10bc-4f96-9b21-4b6b83dbf476} (%windir%\system32\radardt.dll) detected a problem for scenario {180b3a99-8c39-4f12-b631-2031998efe45}, instance {9be9eeba-f76b-48d4-9d02-0f2ac2389103}, original activity ID {00000000-0000-0000-0000-000000000000}."
"17-08-2026 14:11:16","105","Information","Microsoft-Windows-Diagnosis-DPS","Diagnostic module {45de1ea9-10bc-4f96-9b21-4b6b83dbf476} (%windir%\system32\radardt.dll) started troubleshooting scenario {180b3a99-8c39-4f12-b631-2031998efe45}, instance {f09f97a5-5866-40ff-8d0f-163ad29cfa67}, original activity ID {00000000-0000-0000-0000-000000000000}."
"17-08-2026 14:11:16","100","Information","Microsoft-Windows-Diagnosis-DPS","Diagnostic module {45de1ea9-10bc-4f96-9b21-4b6b83dbf476} (%windir%\system32\radardt.dll) detected a problem for scenario {180b3a99-8c39-4f12-b631-2031998efe45}, instance {f09f97a5-5866-40ff-8d0f-163ad29cfa67}, original activity ID {00000000-0000-0000-0000-000000000000}."
"17-08-2026 14:06:16","105","Information","Microsoft-Windows-Diagnosis-DPS","Diagnostic module {45de1ea9-10bc-4f96-9b21-4b6b83dbf476} (%windir%\system32\radardt.dll) started troubleshooting scenario {180b3a99-8c39-4f12-b631-2031998efe45}, instance {c8f948e1-847e-4e6b-b461-9dbd5982f8b4}, original activity ID {00000000-0000-0000-0000-000000000000}."
"17-08-2026 14:06:16","100","Information","Microsoft-Windows-Diagnosis-DPS","Diagnostic module {45de1ea9-10bc-4f96-9b21-4b6b83dbf476} (%windir%\system32\radardt.dll) detected a problem for scenario {180b3a99-8c39-4f12-b631-2031998efe45}, instance {c8f948e1-847e-4e6b-b461-9dbd5982f8b4}, original activity ID {00000000-0000-0000-0000-000000000000}."
"17-08-2026 14:01:16","105","Information","Microsoft-Windows-Diagnosis-DPS","Diagnostic module {45de1ea9-10bc-4f96-9b21-4b6b83dbf476} (%windir%\system32\radardt.dll) started troubleshooting scenario {180b3a99-8c39-4f12-b631-2031998efe45}, instance {11488acc-c9b0-4efc-9410-1181e62166c5}, original activity ID {00000000-0000-0000-0000-000000000000}."
"17-08-2026 14:01:16","100","Information","Microsoft-Windows-Diagnosis-DPS","Diagnostic module {45de1ea9-10bc-4f96-9b21-4b6b83dbf476} (%windir%\system32\radardt.dll) detected a problem for scenario {180b3a99-8c39-4f12-b631-2031998efe45}, instance {11488acc-c9b0-4efc-9410-1181e62166c5}, original activity ID {00000000-0000-0000-0000-000000000000}."
"17-08-2026 13:56:16","105","Information","Microsoft-Windows-Diagnosis-DPS","Diagnostic module {45de1ea9-10bc-4f96-9b21-4b6b83dbf476} (%windir%\system32\radardt.dll) started troubleshooting scenario {180b3a99-8c39-4f12-b631-2031998efe45}, instance {75369b8e-4710-4d9a-9854-4da5654be5f8}, original activity ID {00000000-0000-0000-0000-000000000000}."
"17-08-2026 13:56:16","100","Information","Microsoft-Windows-Diagnosis-DPS","Diagnostic module {45de1ea9-10bc-4f96-9b21-4b6b83dbf476} (%windir%\system32\radardt.dll) detected a problem for scenario {180b3a99-8c39-4f12-b631-2031998efe45}, instance {75369b8e-4710-4d9a-9854-4da5654be5f8}, original activity ID {00000000-0000-0000-0000-000000000000}."
"17-08-2026 13:51:16","105","Information","Microsoft-Windows-Diagnosis-DPS","Diagnostic module {45de1ea9-10bc-4f96-9b21-4b6b83dbf476} (%windir%\system32\radardt.dll) started troubleshooting scenario {180b3a99-8c39-4f12-b631-2031998efe45}, instance {f21aad7b-09f6-4eb3-820a-5eda9bdba6c7}, original activity ID {00000000-0000-0000-0000-000000000000}."
"17-08-2026 13:51:16","100","Information","Microsoft-Windows-Diagnosis-DPS","Diagnostic module {45de1ea9-10bc-4f96-9b21-4b6b83dbf476} (%windir%\system32\radardt.dll) detected a problem for scenario {180b3a99-8c39-4f12-b631-2031998efe45}, instance {f21aad7b-09f6-4eb3-820a-5eda9bdba6c7}, original activity ID {00000000-0000-0000-0000-000000000000}."
"17-08-2026 13:46:16","105","Information","Microsoft-Windows-Diagnosis-DPS","Diagnostic module {45de1ea9-10bc-4f96-9b21-4b6b83dbf476} (%windir%\system32\radardt.dll) started troubleshooting scenario {180b3a99-8c39-4f12-b631-2031998efe45}, instance {97f74693-da2c-4349-828f-dcb27b8cd824}, original activity ID {00000000-0000-0000-0000-000000000000}."
"17-08-2026 13:46:16","100","Information","Microsoft-Windows-Diagnosis-DPS","Diagnostic module {45de1ea9-10bc-4f96-9b21-4b6b83dbf476} (%windir%\system32\radardt.dll) detected a problem for scenario {180b3a99-8c39-4f12-b631-2031998efe45}, instance {97f74693-da2c-4349-828f-dcb27b8cd824}, original activity ID {00000000-0000-0000-0000-000000000000}."
"17-08-2026 13:41:16","105","Information","Microsoft-Windows-Diagnosis-DPS","Diagnostic module {45de1ea9-10bc-4f96-9b21-4b6b83dbf476} (%windir%\system32\radardt.dll) started troubleshooting scenario {180b3a99-8c39-4f12-b631-2031998efe45}, instance {e2e2764e-e985-4a7f-bbf9-cc791928872d}, original activity ID {00000000-0000-0000-0000-000000000000}."
"17-08-2026 13:41:16","100","Information","Microsoft-Windows-Diagnosis-DPS","Diagnostic module {45de1ea9-10bc-4f96-9b21-4b6b83dbf476} (%windir%\system32\radardt.dll) detected a problem for scenario {180b3a99-8c39-4f12-b631-2031998efe45}, instance {e2e2764e-e985-4a7f-bbf9-cc791928872d}, original activity ID {00000000-0000-0000-0000-000000000000}."
"17-08-2026 13:36:16","105","Information","Microsoft-Windows-Diagnosis-DPS","Diagnostic module {45de1ea9-10bc-4f96-9b21-4b6b83dbf476} (%windir%\system32\radardt.dll) started troubleshooting scenario {180b3a99-8c39-4f12-b631-2031998efe45}, instance {d168f19c-e502-4edb-9c87-7502eb46e5b0}, original activity ID {00000000-0000-0000-0000-000000000000}."
"17-08-2026 13:36:16","100","Information","Microsoft-Windows-Diagnosis-DPS","Diagnostic module {45de1ea9-10bc-4f96-9b21-4b6b83dbf476} (%windir%\system32\radardt.dll) detected a problem for scenario {180b3a99-8c39-4f12-b631-2031998efe45}, instance {d168f19c-e502-4edb-9c87-7502eb46e5b0}, original activity ID {00000000-0000-0000-0000-000000000000}."
"17-08-2026 13:31:16","105","Information","Microsoft-Windows-Diagnosis-DPS","Diagnostic module {45de1ea9-10bc-4f96-9b21-4b6b83dbf476} (%windir%\system32\radardt.dll) started troubleshooting scenario {180b3a99-8c39-4f12-b631-2031998efe45}, instance {6ebc46af-841f-415f-8f3a-e0fb59139064}, original activity ID {00000000-0000-0000-0000-000000000000}."
"17-08-2026 13:31:16","100","Information","Microsoft-Windows-Diagnosis-DPS","Diagnostic module {45de1ea9-10bc-4f96-9b21-4b6b83dbf476} (%windir%\system32\radardt.dll) detected a problem for scenario {180b3a99-8c39-4f12-b631-2031998efe45}, instance {6ebc46af-841f-415f-8f3a-e0fb59139064}, original activity ID {00000000-0000-0000-0000-000000000000}."
"17-08-2026 13:26:16","105","Information","Microsoft-Windows-Diagnosis-DPS","Diagnostic module {45de1ea9-10bc-4f96-9b21-4b6b83dbf476} (%windir%\system32\radardt.dll) started troubleshooting scenario {180b3a99-8c39-4f12-b631-2031998efe45}, instance {f4235b38-d888-482f-a42c-989bc6413e80}, original activity ID {00000000-0000-0000-0000-000000000000}."
"17-08-2026 13:26:16","100","Information","Microsoft-Windows-Diagnosis-DPS","Diagnostic module {45de1ea9-10bc-4f96-9b21-4b6b83dbf476} (%windir%\system32\radardt.dll) detected a problem for scenario {180b3a99-8c39-4f12-b631-2031998efe45}, instance {f4235b38-d888-482f-a42c-989bc6413e80}, original activity ID {00000000-0000-0000-0000-000000000000}."
"17-08-2026 13:21:16","105","Information","Microsoft-Windows-Diagnosis-DPS","Diagnostic module {45de1ea9-10bc-4f96-9b21-4b6b83dbf476} (%windir%\system32\radardt.dll) started troubleshooting scenario {180b3a99-8c39-4f12-b631-2031998efe45}, instance {ff19e5e4-0c6f-4a8d-9b60-60d12bd79776}, original activity ID {00000000-0000-0000-0000-000000000000}."
"17-08-2026 13:21:16","100","Information","Microsoft-Windows-Diagnosis-DPS","Diagnostic module {45de1ea9-10bc-4f96-9b21-4b6b83dbf476} (%windir%\system32\radardt.dll) detected a problem for scenario {180b3a99-8c39-4f12-b631-2031998efe45}, instance {ff19e5e4-0c6f-4a8d-9b60-60d12bd79776}, original activity ID {00000000-0000-0000-0000-000000000000}."
"17-08-2026 13:16:16","105","Information","Microsoft-Windows-Diagnosis-DPS","Diagnostic module {45de1ea9-10bc-4f96-9b21-4b6b83dbf476} (%windir%\system32\radardt.dll) started troubleshooting scenario {180b3a99-8c39-4f12-b631-2031998efe45}, instance {725d5814-a297-417e-9a37-aa0ef4c1ea55}, original activity ID {00000000-0000-0000-0000-000000000000}."
"17-08-2026 13:16:16","100","Information","Microsoft-Windows-Diagnosis-DPS","Diagnostic module {45de1ea9-10bc-4f96-9b21-4b6b83dbf476} (%windir%\system32\radardt.dll) detected a problem for scenario {180b3a99-8c39-4f12-b631-2031998efe45}, instance {725d5814-a297-417e-9a37-aa0ef4c1ea55}, original activity ID {00000000-0000-0000-0000-000000000000}."
"17-08-2026 13:11:16","105","Information","Microsoft-Windows-Diagnosis-DPS","Diagnostic module {45de1ea9-10bc-4f96-9b21-4b6b83dbf476} (%windir%\system32\radardt.dll) started troubleshooting scenario {180b3a99-8c39-4f12-b631-2031998efe45}, instance {c5cb1f89-b873-460f-8660-6770663880d1}, original activity ID {00000000-0000-0000-0000-000000000000}."
"17-08-2026 13:11:16","100","Information","Microsoft-Windows-Diagnosis-DPS","Diagnostic module {45de1ea9-10bc-4f96-9b21-4b6b83dbf476} (%windir%\system32\radardt.dll) detected a problem for scenario {180b3a99-8c39-4f12-b631-2031998efe45}, instance {c5cb1f89-b873-460f-8660-6770663880d1}, original activity ID {00000000-0000-0000-0000-000000000000}."
"17-08-2026 13:06:16","105","Information","Microsoft-Windows-Diagnosis-DPS","Diagnostic module {45de1ea9-10bc-4f96-9b21-4b6b83dbf476} (%windir%\system32\radardt.dll) started troubleshooting scenario {180b3a99-8c39-4f12-b631-2031998efe45}, instance {af35345a-be18-400a-8b7a-9e925816970d}, original activity ID {00000000-0000-0000-0000-000000000000}."
"17-08-2026 13:06:16","100","Information","Microsoft-Windows-Diagnosis-DPS","Diagnostic module {45de1ea9-10bc-4f96-9b21-4b6b83dbf476} (%windir%\system32\radardt.dll) detected a problem for scenario {180b3a99-8c39-4f12-b631-2031998efe45}, instance {af35345a-be18-400a-8b7a-9e925816970d}, original activity ID {00000000-0000-0000-0000-000000000000}."
"17-08-2026 13:01:16","105","Information","Microsoft-Windows-Diagnosis-DPS","Diagnostic module {45de1ea9-10bc-4f96-9b21-4b6b83dbf476} (%windir%\system32\radardt.dll) started troubleshooting scenario {180b3a99-8c39-4f12-b631-2031998efe45}, instance {698f25d4-e5c5-4467-8e07-5beb1792cc7b}, original activity ID {00000000-0000-0000-0000-000000000000}."
"17-08-2026 13:01:16","100","Information","Microsoft-Windows-Diagnosis-DPS","Diagnostic module {45de1ea9-10bc-4f96-9b21-4b6b83dbf476} (%windir%\system32\radardt.dll) detected a problem for scenario {180b3a99-8c39-4f12-b631-2031998efe45}, instance {698f25d4-e5c5-4467-8e07-5beb1792cc7b}, original activity ID {00000000-0000-0000-0000-000000000000}."
"17-08-2026 12:56:16","105","Information","Microsoft-Windows-Diagnosis-DPS","Diagnostic module {45de1ea9-10bc-4f96-9b21-4b6b83dbf476} (%windir%\system32\radardt.dll) started troubleshooting scenario {180b3a99-8c39-4f12-b631-2031998efe45}, instance {b3728601-9bc8-492f-906e-25fe299c064d}, original activity ID {00000000-0000-0000-0000-000000000000}."
"17-08-2026 12:56:16","100","Information","Microsoft-Windows-Diagnosis-DPS","Diagnostic module {45de1ea9-10bc-4f96-9b21-4b6b83dbf476} (%windir%\system32\radardt.dll) detected a problem for scenario {180b3a99-8c39-4f12-b631-2031998efe45}, instance {b3728601-9bc8-492f-906e-25fe299c064d}, original activity ID {00000000-0000-0000-0000-000000000000}."
"17-08-2026 12:51:16","105","Information","Microsoft-Windows-Diagnosis-DPS","Diagnostic module {45de1ea9-10bc-4f96-9b21-4b6b83dbf476} (%windir%\system32\radardt.dll) started troubleshooting scenario {180b3a99-8c39-4f12-b631-2031998efe45}, instance {b7fd7d79-f161-436a-b270-190709aeb991}, original activity ID {00000000-0000-0000-0000-000000000000}."
"17-08-2026 12:51:16","100","Information","Microsoft-Windows-Diagnosis-DPS","Diagnostic module {45de1ea9-10bc-4f96-9b21-4b6b83dbf476} (%windir%\system32\radardt.dll) detected a problem for scenario {180b3a99-8c39-4f12-b631-2031998efe45}, instance {b7fd7d79-f161-436a-b270-190709aeb991}, original activity ID {00000000-0000-0000-0000-000000000000}."
"17-08-2026 12:46:15","105","Information","Microsoft-Windows-Diagnosis-DPS","Diagnostic module {45de1ea9-10bc-4f96-9b21-4b6b83dbf476} (%windir%\system32\radardt.dll) started troubleshooting scenario {180b3a99-8c39-4f12-b631-2031998efe45}, instance {910835ee-3acc-4dd2-9af1-09b5fbb6c769}, original activity ID {00000000-0000-0000-0000-000000000000}."
"17-08-2026 12:46:15","100","Information","Microsoft-Windows-Diagnosis-DPS","Diagnostic module {45de1ea9-10bc-4f96-9b21-4b6b83dbf476} (%windir%\system32\radardt.dll) detected a problem for scenario {180b3a99-8c39-4f12-b631-2031998efe45}, instance {910835ee-3acc-4dd2-9af1-09b5fbb6c769}, original activity ID {00000000-0000-0000-0000-000000000000}."
"17-08-2026 12:41:15","105","Information","Microsoft-Windows-Diagnosis-DPS","Diagnostic module {45de1ea9-10bc-4f96-9b21-4b6b83dbf476} (%windir%\system32\radardt.dll) started troubleshooting scenario {180b3a99-8c39-4f12-b631-2031998efe45}, instance {12cc3b61-d097-4feb-bebf-540a6a4a42e0}, original activity ID {00000000-0000-0000-0000-000000000000}."
"17-08-2026 12:41:15","100","Information","Microsoft-Windows-Diagnosis-DPS","Diagnostic module {45de1ea9-10bc-4f96-9b21-4b6b83dbf476} (%windir%\system32\radardt.dll) detected a problem for scenario {180b3a99-8c39-4f12-b631-2031998efe45}, instance {12cc3b61-d097-4feb-bebf-540a6a4a42e0}, original activity ID {00000000-0000-0000-0000-000000000000}."
"17-08-2026 12:36:15","105","Information","Microsoft-Windows-Diagnosis-DPS","Diagnostic module {45de1ea9-10bc-4f96-9b21-4b6b83dbf476} (%windir%\system32\radardt.dll) started troubleshooting scenario {180b3a99-8c39-4f12-b631-2031998efe45}, instance {76a42a51-6711-4f81-82a1-4fb8301c9d2e}, original activity ID {00000000-0000-0000-0000-000000000000}."
"17-08-2026 12:36:15","100","Information","Microsoft-Windows-Diagnosis-DPS","Diagnostic module {45de1ea9-10bc-4f96-9b21-4b6b83dbf476} (%windir%\system32\radardt.dll) detected a problem for scenario {180b3a99-8c39-4f12-b631-2031998efe45}, instance {76a42a51-6711-4f81-82a1-4fb8301c9d2e}, original activity ID {00000000-0000-0000-0000-000000000000}."
"17-08-2026 12:31:15","105","Information","Microsoft-Windows-Diagnosis-DPS","Diagnostic module {45de1ea9-10bc-4f96-9b21-4b6b83dbf476} (%windir%\system32\radardt.dll) started troubleshooting scenario {180b3a99-8c39-4f12-b631-2031998efe45}, instance {265cef09-e766-4e0a-9678-17cdc05a0ea5}, original activity ID {00000000-0000-0000-0000-000000000000}."
"17-08-2026 12:31:15","100","Information","Microsoft-Windows-Diagnosis-DPS","Diagnostic module {45de1ea9-10bc-4f96-9b21-4b6b83dbf476} (%windir%\system32\radardt.dll) detected a problem for scenario {180b3a99-8c39-4f12-b631-2031998efe45}, instance {265cef09-e766-4e0a-9678-17cdc05a0ea5}, original activity ID {00000000-0000-0000-0000-000000000000}."
"17-08-2026 12:26:15","105","Information","Microsoft-Windows-Diagnosis-DPS","Diagnostic module {45de1ea9-10bc-4f96-9b21-4b6b83dbf476} (%windir%\system32\radardt.dll) started troubleshooting scenario {180b3a99-8c39-4f12-b631-2031998efe45}, instance {5de74878-e7c3-4ecc-9df8-43096e103d27}, original activity ID {00000000-0000-0000-0000-000000000000}."
"17-08-2026 12:26:15","100","Information","Microsoft-Windows-Diagnosis-DPS","Diagnostic module {45de1ea9-10bc-4f96-9b21-4b6b83dbf476} (%windir%\system32\radardt.dll) detected a problem for scenario {180b3a99-8c39-4f12-b631-2031998efe45}, instance {5de74878-e7c3-4ecc-9df8-43096e103d27}, original activity ID {00000000-0000-0000-0000-000000000000}."
"17-08-2026 12:21:15","105","Information","Microsoft-Windows-Diagnosis-DPS","Diagnostic module {45de1ea9-10bc-4f96-9b21-4b6b83dbf476} (%windir%\system32\radardt.dll) started troubleshooting scenario {180b3a99-8c39-4f12-b631-2031998efe45}, instance {904fa9ec-c162-4134-818d-0bfd717af83b}, original activity ID {00000000-0000-0000-0000-000000000000}."
"17-08-2026 12:21:15","100","Information","Microsoft-Windows-Diagnosis-DPS","Diagnostic module {45de1ea9-10bc-4f96-9b21-4b6b83dbf476} (%windir%\system32\radardt.dll) detected a problem for scenario {180b3a99-8c39-4f12-b631-2031998efe45}, instance {904fa9ec-c162-4134-818d-0bfd717af83b}, original activity ID {00000000-0000-0000-0000-000000000000}."
"17-08-2026 12:16:15","105","Information","Microsoft-Windows-Diagnosis-DPS","Diagnostic module {45de1ea9-10bc-4f96-9b21-4b6b83dbf476} (%windir%\system32\radardt.dll) started troubleshooting scenario {180b3a99-8c39-4f12-b631-2031998efe45}, instance {ea6699ce-5943-404d-888e-2a471a35630f}, original activity ID {00000000-0000-0000-0000-000000000000}."
