"30-06-2026 19:01:31","12290","Information","Microsoft-Windows-Crypto-DPAPI","Credential key does not exist."
"30-06-2026 19:01:29","12289","Information","Microsoft-Windows-Crypto-DPAPI","DPAPI found credential key.

 	Credential Key Identifier:	0xA72919B2574C12D1E74078B64D62E14D0586E3130B54594F7F724BB0CD0F668A
 	User Name:	joe.prakash@nielseniq.com
 	User Sid:	S-1-12-1-2357405129-1281513531-255772574-1816207334
"
"30-06-2026 19:01:23","12289","Information","Microsoft-Windows-Crypto-DPAPI","DPAPI found credential key.

 	Credential Key Identifier:	0xA72919B2574C12D1E74078B64D62E14D0586E3130B54594F7F724BB0CD0F668A
 	User Name:	joe.prakash@nielseniq.com
 	User Sid:	S-1-12-1-2357405129-1281513531-255772574-1816207334
"
"30-06-2026 18:18:33","12290","Information","Microsoft-Windows-Crypto-DPAPI","Credential key does not exist."
"30-06-2026 18:18:32","12290","Information","Microsoft-Windows-Crypto-DPAPI","Credential key does not exist."
"30-06-2026 18:18:30","12289","Information","Microsoft-Windows-Crypto-DPAPI","DPAPI found credential key.

 	Credential Key Identifier:	0xA72919B2574C12D1E74078B64D62E14D0586E3130B54594F7F724BB0CD0F668A
 	User Name:	joe.prakash@nielseniq.com
 	User Sid:	S-1-12-1-2357405129-1281513531-255772574-1816207334
"
"30-06-2026 18:18:24","12289","Information","Microsoft-Windows-Crypto-DPAPI","DPAPI found credential key.

 	Credential Key Identifier:	0xA72919B2574C12D1E74078B64D62E14D0586E3130B54594F7F724BB0CD0F668A
 	User Name:	joe.prakash@nielseniq.com
 	User Sid:	S-1-12-1-2357405129-1281513531-255772574-1816207334
"
"30-06-2026 17:08:25","12290","Information","Microsoft-Windows-Crypto-DPAPI","Credential key does not exist."
"30-06-2026 17:08:24","12290","Information","Microsoft-Windows-Crypto-DPAPI","Credential key does not exist."
"30-06-2026 17:08:23","12289","Information","Microsoft-Windows-Crypto-DPAPI","DPAPI found credential key.

 	Credential Key Identifier:	0xA72919B2574C12D1E74078B64D62E14D0586E3130B54594F7F724BB0CD0F668A
 	User Name:	joe.prakash@nielseniq.com
 	User Sid:	S-1-12-1-2357405129-1281513531-255772574-1816207334
"
"30-06-2026 17:08:16","12289","Information","Microsoft-Windows-Crypto-DPAPI","DPAPI found credential key.

 	Credential Key Identifier:	0xA72919B2574C12D1E74078B64D62E14D0586E3130B54594F7F724BB0CD0F668A
 	User Name:	joe.prakash@nielseniq.com
 	User Sid:	S-1-12-1-2357405129-1281513531-255772574-1816207334
"
"30-06-2026 16:51:58","12290","Information","Microsoft-Windows-Crypto-DPAPI","Credential key does not exist."
"30-06-2026 16:51:57","12290","Information","Microsoft-Windows-Crypto-DPAPI","Credential key does not exist."
"30-06-2026 16:51:55","12289","Information","Microsoft-Windows-Crypto-DPAPI","DPAPI found credential key.

 	Credential Key Identifier:	0xA72919B2574C12D1E74078B64D62E14D0586E3130B54594F7F724BB0CD0F668A
 	User Name:	joe.prakash@nielseniq.com
 	User Sid:	S-1-12-1-2357405129-1281513531-255772574-1816207334
"
"30-06-2026 16:51:50","12289","Information","Microsoft-Windows-Crypto-DPAPI","DPAPI found credential key.

 	Credential Key Identifier:	0xA72919B2574C12D1E74078B64D62E14D0586E3130B54594F7F724BB0CD0F668A
 	User Name:	joe.prakash@nielseniq.com
 	User Sid:	S-1-12-1-2357405129-1281513531-255772574-1816207334
"
"30-06-2026 16:48:45","12290","Information","Microsoft-Windows-Crypto-DPAPI","Credential key does not exist."
"30-06-2026 16:48:44","12290","Information","Microsoft-Windows-Crypto-DPAPI","Credential key does not exist."
"30-06-2026 16:48:42","12289","Information","Microsoft-Windows-Crypto-DPAPI","DPAPI found credential key.

 	Credential Key Identifier:	0xA72919B2574C12D1E74078B64D62E14D0586E3130B54594F7F724BB0CD0F668A
 	User Name:	joe.prakash@nielseniq.com
 	User Sid:	S-1-12-1-2357405129-1281513531-255772574-1816207334
"
"30-06-2026 16:48:37","12289","Information","Microsoft-Windows-Crypto-DPAPI","DPAPI found credential key.

 	Credential Key Identifier:	0xA72919B2574C12D1E74078B64D62E14D0586E3130B54594F7F724BB0CD0F668A
 	User Name:	joe.prakash@nielseniq.com
 	User Sid:	S-1-12-1-2357405129-1281513531-255772574-1816207334
"
"30-06-2026 16:11:07","12290","Information","Microsoft-Windows-Crypto-DPAPI","Credential key does not exist."
"30-06-2026 16:11:06","12290","Information","Microsoft-Windows-Crypto-DPAPI","Credential key does not exist."
"30-06-2026 16:11:04","12289","Information","Microsoft-Windows-Crypto-DPAPI","DPAPI found credential key.

 	Credential Key Identifier:	0xA72919B2574C12D1E74078B64D62E14D0586E3130B54594F7F724BB0CD0F668A
 	User Name:	joe.prakash@nielseniq.com
 	User Sid:	S-1-12-1-2357405129-1281513531-255772574-1816207334
"
"30-06-2026 16:10:59","12289","Information","Microsoft-Windows-Crypto-DPAPI","DPAPI found credential key.

 	Credential Key Identifier:	0xA72919B2574C12D1E74078B64D62E14D0586E3130B54594F7F724BB0CD0F668A
 	User Name:	joe.prakash@nielseniq.com
 	User Sid:	S-1-12-1-2357405129-1281513531-255772574-1816207334
"
"30-06-2026 14:39:21","12290","Information","Microsoft-Windows-Crypto-DPAPI","Credential key does not exist."
"30-06-2026 14:39:20","12290","Information","Microsoft-Windows-Crypto-DPAPI","Credential key does not exist."
"30-06-2026 14:39:18","12289","Information","Microsoft-Windows-Crypto-DPAPI","DPAPI found credential key.

 	Credential Key Identifier:	0xA72919B2574C12D1E74078B64D62E14D0586E3130B54594F7F724BB0CD0F668A
 	User Name:	joe.prakash@nielseniq.com
 	User Sid:	S-1-12-1-2357405129-1281513531-255772574-1816207334
"
"30-06-2026 14:39:13","12289","Information","Microsoft-Windows-Crypto-DPAPI","DPAPI found credential key.

 	Credential Key Identifier:	0xA72919B2574C12D1E74078B64D62E14D0586E3130B54594F7F724BB0CD0F668A
 	User Name:	joe.prakash@nielseniq.com
 	User Sid:	S-1-12-1-2357405129-1281513531-255772574-1816207334
"
"30-06-2026 14:11:20","12290","Information","Microsoft-Windows-Crypto-DPAPI","Credential key does not exist."
"30-06-2026 14:11:18","12290","Information","Microsoft-Windows-Crypto-DPAPI","Credential key does not exist."
"30-06-2026 14:11:17","12289","Information","Microsoft-Windows-Crypto-DPAPI","DPAPI found credential key.

 	Credential Key Identifier:	0xA72919B2574C12D1E74078B64D62E14D0586E3130B54594F7F724BB0CD0F668A
 	User Name:	joe.prakash@nielseniq.com
 	User Sid:	S-1-12-1-2357405129-1281513531-255772574-1816207334
"
"30-06-2026 14:11:11","12289","Information","Microsoft-Windows-Crypto-DPAPI","DPAPI found credential key.

 	Credential Key Identifier:	0xA72919B2574C12D1E74078B64D62E14D0586E3130B54594F7F724BB0CD0F668A
 	User Name:	joe.prakash@nielseniq.com
 	User Sid:	S-1-12-1-2357405129-1281513531-255772574-1816207334
"
"30-06-2026 14:07:40","12290","Information","Microsoft-Windows-Crypto-DPAPI","Credential key does not exist."
"30-06-2026 14:07:39","12290","Information","Microsoft-Windows-Crypto-DPAPI","Credential key does not exist."
"30-06-2026 14:07:37","12289","Information","Microsoft-Windows-Crypto-DPAPI","DPAPI found credential key.

 	Credential Key Identifier:	0xA72919B2574C12D1E74078B64D62E14D0586E3130B54594F7F724BB0CD0F668A
 	User Name:	joe.prakash@nielseniq.com
 	User Sid:	S-1-12-1-2357405129-1281513531-255772574-1816207334
"
"30-06-2026 14:07:29","12289","Information","Microsoft-Windows-Crypto-DPAPI","DPAPI found credential key.

 	Credential Key Identifier:	0xA72919B2574C12D1E74078B64D62E14D0586E3130B54594F7F724BB0CD0F668A
 	User Name:	joe.prakash@nielseniq.com
 	User Sid:	S-1-12-1-2357405129-1281513531-255772574-1816207334
"
"30-06-2026 12:33:21","12290","Information","Microsoft-Windows-Crypto-DPAPI","Credential key does not exist."
"30-06-2026 12:33:20","12290","Information","Microsoft-Windows-Crypto-DPAPI","Credential key does not exist."
"30-06-2026 12:33:18","12289","Information","Microsoft-Windows-Crypto-DPAPI","DPAPI found credential key.

 	Credential Key Identifier:	0xA72919B2574C12D1E74078B64D62E14D0586E3130B54594F7F724BB0CD0F668A
 	User Name:	joe.prakash@nielseniq.com
 	User Sid:	S-1-12-1-2357405129-1281513531-255772574-1816207334
"
"30-06-2026 12:33:13","12289","Information","Microsoft-Windows-Crypto-DPAPI","DPAPI found credential key.

 	Credential Key Identifier:	0xA72919B2574C12D1E74078B64D62E14D0586E3130B54594F7F724BB0CD0F668A
 	User Name:	joe.prakash@nielseniq.com
 	User Sid:	S-1-12-1-2357405129-1281513531-255772574-1816207334
"
"30-06-2026 12:26:47","8198","Error","Microsoft-Windows-Crypto-DPAPI","DPAPI Unprotect failed .

 	Status:	0x8009000B
 	ReasonForFailure:	Could not get the master key
"
"30-06-2026 12:26:47","8203","Information","Microsoft-Windows-Crypto-DPAPI","Master Key decryption failed because no record of this key can be found in the Diagnostic file.

 	GUID:	{ea55ca02-6807-440d-94dc-1e4fb7dd7518}
"
"30-06-2026 12:26:47","3","Information","Microsoft-Windows-Crypto-DPAPI","Master key access failed.

 	GUID:			{ea55ca02-6807-440d-94dc-1e4fb7dd7518}
 	Success:			false
 	Last error:		0x0
 	Master key disposition:	0x0
"
"30-06-2026 12:26:47","8203","Information","Microsoft-Windows-Crypto-DPAPI","Master Key decryption failed because no record of this key can be found in the Diagnostic file.

 	GUID:	{ea55ca02-6807-440d-94dc-1e4fb7dd7518}
"
"30-06-2026 12:26:47","8198","Error","Microsoft-Windows-Crypto-DPAPI","DPAPI Unprotect failed .

 	Status:	0x8009000B
 	ReasonForFailure:	Could not get the master key
"
"30-06-2026 12:26:47","3","Information","Microsoft-Windows-Crypto-DPAPI","Master key access failed.

 	GUID:			{ea55ca02-6807-440d-94dc-1e4fb7dd7518}
 	Success:			false
 	Last error:		0x0
 	Master key disposition:	0x0
"
"30-06-2026 09:48:16","12290","Information","Microsoft-Windows-Crypto-DPAPI","Credential key does not exist."
"30-06-2026 09:48:15","12290","Information","Microsoft-Windows-Crypto-DPAPI","Credential key does not exist."
"30-06-2026 09:48:14","12289","Information","Microsoft-Windows-Crypto-DPAPI","DPAPI found credential key.

 	Credential Key Identifier:	0xA72919B2574C12D1E74078B64D62E14D0586E3130B54594F7F724BB0CD0F668A
 	User Name:	joe.prakash@nielseniq.com
 	User Sid:	S-1-12-1-2357405129-1281513531-255772574-1816207334
"
"30-06-2026 09:48:09","12289","Information","Microsoft-Windows-Crypto-DPAPI","DPAPI found credential key.

 	Credential Key Identifier:	0xA72919B2574C12D1E74078B64D62E14D0586E3130B54594F7F724BB0CD0F668A
 	User Name:	joe.prakash@nielseniq.com
 	User Sid:	S-1-12-1-2357405129-1281513531-255772574-1816207334
"
"30-06-2026 09:31:19","12290","Information","Microsoft-Windows-Crypto-DPAPI","Credential key does not exist."
"30-06-2026 09:31:18","12290","Information","Microsoft-Windows-Crypto-DPAPI","Credential key does not exist."
"30-06-2026 09:31:16","12289","Information","Microsoft-Windows-Crypto-DPAPI","DPAPI found credential key.

 	Credential Key Identifier:	0xA72919B2574C12D1E74078B64D62E14D0586E3130B54594F7F724BB0CD0F668A
 	User Name:	joe.prakash@nielseniq.com
 	User Sid:	S-1-12-1-2357405129-1281513531-255772574-1816207334
"
"30-06-2026 09:31:12","12289","Information","Microsoft-Windows-Crypto-DPAPI","DPAPI found credential key.

 	Credential Key Identifier:	0xA72919B2574C12D1E74078B64D62E14D0586E3130B54594F7F724BB0CD0F668A
 	User Name:	joe.prakash@nielseniq.com
 	User Sid:	S-1-12-1-2357405129-1281513531-255772574-1816207334
"
"30-06-2026 09:22:02","12290","Information","Microsoft-Windows-Crypto-DPAPI","Credential key does not exist."
"30-06-2026 09:22:01","12290","Information","Microsoft-Windows-Crypto-DPAPI","Credential key does not exist."
"30-06-2026 09:21:59","12289","Information","Microsoft-Windows-Crypto-DPAPI","DPAPI found credential key.

 	Credential Key Identifier:	0xA72919B2574C12D1E74078B64D62E14D0586E3130B54594F7F724BB0CD0F668A
 	User Name:	joe.prakash@nielseniq.com
 	User Sid:	S-1-12-1-2357405129-1281513531-255772574-1816207334
"
"30-06-2026 09:21:54","12289","Information","Microsoft-Windows-Crypto-DPAPI","DPAPI found credential key.

 	Credential Key Identifier:	0xA72919B2574C12D1E74078B64D62E14D0586E3130B54594F7F724BB0CD0F668A
 	User Name:	joe.prakash@nielseniq.com
 	User Sid:	S-1-12-1-2357405129-1281513531-255772574-1816207334
"
"29-06-2026 18:44:06","12290","Information","Microsoft-Windows-Crypto-DPAPI","Credential key does not exist."
"29-06-2026 18:44:05","12290","Information","Microsoft-Windows-Crypto-DPAPI","Credential key does not exist."
"29-06-2026 18:44:03","12289","Information","Microsoft-Windows-Crypto-DPAPI","DPAPI found credential key.

 	Credential Key Identifier:	0xA72919B2574C12D1E74078B64D62E14D0586E3130B54594F7F724BB0CD0F668A
 	User Name:	joe.prakash@nielseniq.com
 	User Sid:	S-1-12-1-2357405129-1281513531-255772574-1816207334
"
"29-06-2026 18:43:58","12289","Information","Microsoft-Windows-Crypto-DPAPI","DPAPI found credential key.

 	Credential Key Identifier:	0xA72919B2574C12D1E74078B64D62E14D0586E3130B54594F7F724BB0CD0F668A
 	User Name:	joe.prakash@nielseniq.com
 	User Sid:	S-1-12-1-2357405129-1281513531-255772574-1816207334
"
"29-06-2026 18:00:40","12290","Information","Microsoft-Windows-Crypto-DPAPI","Credential key does not exist."
"29-06-2026 18:00:39","12290","Information","Microsoft-Windows-Crypto-DPAPI","Credential key does not exist."
"29-06-2026 18:00:37","12289","Information","Microsoft-Windows-Crypto-DPAPI","DPAPI found credential key.

 	Credential Key Identifier:	0xA72919B2574C12D1E74078B64D62E14D0586E3130B54594F7F724BB0CD0F668A
 	User Name:	joe.prakash@nielseniq.com
 	User Sid:	S-1-12-1-2357405129-1281513531-255772574-1816207334
"
"29-06-2026 18:00:32","12289","Information","Microsoft-Windows-Crypto-DPAPI","DPAPI found credential key.

 	Credential Key Identifier:	0xA72919B2574C12D1E74078B64D62E14D0586E3130B54594F7F724BB0CD0F668A
 	User Name:	joe.prakash@nielseniq.com
 	User Sid:	S-1-12-1-2357405129-1281513531-255772574-1816207334
"
"29-06-2026 17:19:45","12290","Information","Microsoft-Windows-Crypto-DPAPI","Credential key does not exist."
"29-06-2026 17:19:44","12290","Information","Microsoft-Windows-Crypto-DPAPI","Credential key does not exist."
"29-06-2026 17:19:42","12289","Information","Microsoft-Windows-Crypto-DPAPI","DPAPI found credential key.

 	Credential Key Identifier:	0xA72919B2574C12D1E74078B64D62E14D0586E3130B54594F7F724BB0CD0F668A
 	User Name:	joe.prakash@nielseniq.com
 	User Sid:	S-1-12-1-2357405129-1281513531-255772574-1816207334
"
"29-06-2026 17:19:37","12289","Information","Microsoft-Windows-Crypto-DPAPI","DPAPI found credential key.

 	Credential Key Identifier:	0xA72919B2574C12D1E74078B64D62E14D0586E3130B54594F7F724BB0CD0F668A
 	User Name:	joe.prakash@nielseniq.com
 	User Sid:	S-1-12-1-2357405129-1281513531-255772574-1816207334
"
"29-06-2026 17:04:37","12290","Information","Microsoft-Windows-Crypto-DPAPI","Credential key does not exist."
"29-06-2026 17:04:36","12290","Information","Microsoft-Windows-Crypto-DPAPI","Credential key does not exist."
"29-06-2026 17:04:34","12289","Information","Microsoft-Windows-Crypto-DPAPI","DPAPI found credential key.

 	Credential Key Identifier:	0xA72919B2574C12D1E74078B64D62E14D0586E3130B54594F7F724BB0CD0F668A
 	User Name:	joe.prakash@nielseniq.com
 	User Sid:	S-1-12-1-2357405129-1281513531-255772574-1816207334
"
"29-06-2026 17:04:28","12289","Information","Microsoft-Windows-Crypto-DPAPI","DPAPI found credential key.

 	Credential Key Identifier:	0xA72919B2574C12D1E74078B64D62E14D0586E3130B54594F7F724BB0CD0F668A
 	User Name:	joe.prakash@nielseniq.com
 	User Sid:	S-1-12-1-2357405129-1281513531-255772574-1816207334
"
"29-06-2026 16:53:36","12290","Information","Microsoft-Windows-Crypto-DPAPI","Credential key does not exist."
"29-06-2026 16:53:35","12290","Information","Microsoft-Windows-Crypto-DPAPI","Credential key does not exist."
"29-06-2026 16:53:33","12289","Information","Microsoft-Windows-Crypto-DPAPI","DPAPI found credential key.

 	Credential Key Identifier:	0xA72919B2574C12D1E74078B64D62E14D0586E3130B54594F7F724BB0CD0F668A
 	User Name:	joe.prakash@nielseniq.com
 	User Sid:	S-1-12-1-2357405129-1281513531-255772574-1816207334
"
"29-06-2026 16:53:29","12289","Information","Microsoft-Windows-Crypto-DPAPI","DPAPI found credential key.

 	Credential Key Identifier:	0xA72919B2574C12D1E74078B64D62E14D0586E3130B54594F7F724BB0CD0F668A
 	User Name:	joe.prakash@nielseniq.com
 	User Sid:	S-1-12-1-2357405129-1281513531-255772574-1816207334
"
"29-06-2026 16:26:21","12290","Information","Microsoft-Windows-Crypto-DPAPI","Credential key does not exist."
"29-06-2026 16:26:20","12290","Information","Microsoft-Windows-Crypto-DPAPI","Credential key does not exist."
"29-06-2026 16:26:19","12289","Information","Microsoft-Windows-Crypto-DPAPI","DPAPI found credential key.

 	Credential Key Identifier:	0xA72919B2574C12D1E74078B64D62E14D0586E3130B54594F7F724BB0CD0F668A
 	User Name:	joe.prakash@nielseniq.com
 	User Sid:	S-1-12-1-2357405129-1281513531-255772574-1816207334
"
"29-06-2026 16:26:14","12289","Information","Microsoft-Windows-Crypto-DPAPI","DPAPI found credential key.

 	Credential Key Identifier:	0xA72919B2574C12D1E74078B64D62E14D0586E3130B54594F7F724BB0CD0F668A
 	User Name:	joe.prakash@nielseniq.com
 	User Sid:	S-1-12-1-2357405129-1281513531-255772574-1816207334
"
"29-06-2026 15:25:59","12290","Information","Microsoft-Windows-Crypto-DPAPI","Credential key does not exist."
"29-06-2026 15:25:58","12290","Information","Microsoft-Windows-Crypto-DPAPI","Credential key does not exist."
"29-06-2026 15:25:56","12289","Information","Microsoft-Windows-Crypto-DPAPI","DPAPI found credential key.

 	Credential Key Identifier:	0xA72919B2574C12D1E74078B64D62E14D0586E3130B54594F7F724BB0CD0F668A
 	User Name:	joe.prakash@nielseniq.com
 	User Sid:	S-1-12-1-2357405129-1281513531-255772574-1816207334
"
"29-06-2026 15:25:51","12289","Information","Microsoft-Windows-Crypto-DPAPI","DPAPI found credential key.

 	Credential Key Identifier:	0xA72919B2574C12D1E74078B64D62E14D0586E3130B54594F7F724BB0CD0F668A
 	User Name:	joe.prakash@nielseniq.com
 	User Sid:	S-1-12-1-2357405129-1281513531-255772574-1816207334
"
"29-06-2026 15:24:50","12290","Information","Microsoft-Windows-Crypto-DPAPI","Credential key does not exist."
"29-06-2026 15:24:49","12290","Information","Microsoft-Windows-Crypto-DPAPI","Credential key does not exist."
"29-06-2026 15:24:47","12289","Information","Microsoft-Windows-Crypto-DPAPI","DPAPI found credential key.

 	Credential Key Identifier:	0xA72919B2574C12D1E74078B64D62E14D0586E3130B54594F7F724BB0CD0F668A
 	User Name:	joe.prakash@nielseniq.com
 	User Sid:	S-1-12-1-2357405129-1281513531-255772574-1816207334
"
"29-06-2026 15:24:43","12289","Information","Microsoft-Windows-Crypto-DPAPI","DPAPI found credential key.

 	Credential Key Identifier:	0xA72919B2574C12D1E74078B64D62E14D0586E3130B54594F7F724BB0CD0F668A
 	User Name:	joe.prakash@nielseniq.com
 	User Sid:	S-1-12-1-2357405129-1281513531-255772574-1816207334
"
"29-06-2026 15:08:32","12290","Information","Microsoft-Windows-Crypto-DPAPI","Credential key does not exist."
"29-06-2026 15:08:31","12290","Information","Microsoft-Windows-Crypto-DPAPI","Credential key does not exist."
"29-06-2026 15:08:30","12289","Information","Microsoft-Windows-Crypto-DPAPI","DPAPI found credential key.

 	Credential Key Identifier:	0xA72919B2574C12D1E74078B64D62E14D0586E3130B54594F7F724BB0CD0F668A
 	User Name:	joe.prakash@nielseniq.com
 	User Sid:	S-1-12-1-2357405129-1281513531-255772574-1816207334
"
"29-06-2026 15:08:25","12289","Information","Microsoft-Windows-Crypto-DPAPI","DPAPI found credential key.

 	Credential Key Identifier:	0xA72919B2574C12D1E74078B64D62E14D0586E3130B54594F7F724BB0CD0F668A
 	User Name:	joe.prakash@nielseniq.com
 	User Sid:	S-1-12-1-2357405129-1281513531-255772574-1816207334
"
"29-06-2026 14:12:55","12290","Information","Microsoft-Windows-Crypto-DPAPI","Credential key does not exist."
"29-06-2026 14:12:54","12290","Information","Microsoft-Windows-Crypto-DPAPI","Credential key does not exist."
"29-06-2026 14:12:52","12289","Information","Microsoft-Windows-Crypto-DPAPI","DPAPI found credential key.

 	Credential Key Identifier:	0xA72919B2574C12D1E74078B64D62E14D0586E3130B54594F7F724BB0CD0F668A
 	User Name:	joe.prakash@nielseniq.com
 	User Sid:	S-1-12-1-2357405129-1281513531-255772574-1816207334
"
"29-06-2026 14:12:47","12289","Information","Microsoft-Windows-Crypto-DPAPI","DPAPI found credential key.

 	Credential Key Identifier:	0xA72919B2574C12D1E74078B64D62E14D0586E3130B54594F7F724BB0CD0F668A
 	User Name:	joe.prakash@nielseniq.com
 	User Sid:	S-1-12-1-2357405129-1281513531-255772574-1816207334
"
"29-06-2026 14:06:06","12290","Information","Microsoft-Windows-Crypto-DPAPI","Credential key does not exist."
"29-06-2026 14:06:05","12290","Information","Microsoft-Windows-Crypto-DPAPI","Credential key does not exist."
"29-06-2026 14:06:03","12289","Information","Microsoft-Windows-Crypto-DPAPI","DPAPI found credential key.

 	Credential Key Identifier:	0xA72919B2574C12D1E74078B64D62E14D0586E3130B54594F7F724BB0CD0F668A
 	User Name:	joe.prakash@nielseniq.com
 	User Sid:	S-1-12-1-2357405129-1281513531-255772574-1816207334
"
"29-06-2026 14:05:58","12289","Information","Microsoft-Windows-Crypto-DPAPI","DPAPI found credential key.

 	Credential Key Identifier:	0xA72919B2574C12D1E74078B64D62E14D0586E3130B54594F7F724BB0CD0F668A
 	User Name:	joe.prakash@nielseniq.com
 	User Sid:	S-1-12-1-2357405129-1281513531-255772574-1816207334
"
"29-06-2026 13:58:00","12290","Information","Microsoft-Windows-Crypto-DPAPI","Credential key does not exist."
"29-06-2026 13:57:59","12290","Information","Microsoft-Windows-Crypto-DPAPI","Credential key does not exist."
"29-06-2026 13:57:57","12289","Information","Microsoft-Windows-Crypto-DPAPI","DPAPI found credential key.

 	Credential Key Identifier:	0xA72919B2574C12D1E74078B64D62E14D0586E3130B54594F7F724BB0CD0F668A
 	User Name:	joe.prakash@nielseniq.com
 	User Sid:	S-1-12-1-2357405129-1281513531-255772574-1816207334
"
"29-06-2026 13:57:52","12289","Information","Microsoft-Windows-Crypto-DPAPI","DPAPI found credential key.

 	Credential Key Identifier:	0xA72919B2574C12D1E74078B64D62E14D0586E3130B54594F7F724BB0CD0F668A
 	User Name:	joe.prakash@nielseniq.com
 	User Sid:	S-1-12-1-2357405129-1281513531-255772574-1816207334
"
"29-06-2026 13:03:03","12290","Information","Microsoft-Windows-Crypto-DPAPI","Credential key does not exist."
"29-06-2026 13:03:02","12290","Information","Microsoft-Windows-Crypto-DPAPI","Credential key does not exist."
"29-06-2026 13:03:01","12289","Information","Microsoft-Windows-Crypto-DPAPI","DPAPI found credential key.

 	Credential Key Identifier:	0xA72919B2574C12D1E74078B64D62E14D0586E3130B54594F7F724BB0CD0F668A
 	User Name:	joe.prakash@nielseniq.com
 	User Sid:	S-1-12-1-2357405129-1281513531-255772574-1816207334
"
"29-06-2026 13:02:56","12289","Information","Microsoft-Windows-Crypto-DPAPI","DPAPI found credential key.

 	Credential Key Identifier:	0xA72919B2574C12D1E74078B64D62E14D0586E3130B54594F7F724BB0CD0F668A
 	User Name:	joe.prakash@nielseniq.com
 	User Sid:	S-1-12-1-2357405129-1281513531-255772574-1816207334
"
"29-06-2026 11:43:23","12290","Information","Microsoft-Windows-Crypto-DPAPI","Credential key does not exist."
"29-06-2026 11:43:22","12290","Information","Microsoft-Windows-Crypto-DPAPI","Credential key does not exist."
"29-06-2026 11:43:20","12289","Information","Microsoft-Windows-Crypto-DPAPI","DPAPI found credential key.

 	Credential Key Identifier:	0xA72919B2574C12D1E74078B64D62E14D0586E3130B54594F7F724BB0CD0F668A
 	User Name:	joe.prakash@nielseniq.com
 	User Sid:	S-1-12-1-2357405129-1281513531-255772574-1816207334
"
"29-06-2026 11:43:16","12289","Information","Microsoft-Windows-Crypto-DPAPI","DPAPI found credential key.

 	Credential Key Identifier:	0xA72919B2574C12D1E74078B64D62E14D0586E3130B54594F7F724BB0CD0F668A
 	User Name:	joe.prakash@nielseniq.com
 	User Sid:	S-1-12-1-2357405129-1281513531-255772574-1816207334
"
"29-06-2026 10:24:42","12289","Information","Microsoft-Windows-Crypto-DPAPI","DPAPI found credential key.

 	Credential Key Identifier:	0x910A132A7952F0B5ED9E329D816E47FE93FC14E44588DA2788B024024B492350
 	User Name:	arjo5004
 	User Sid:	S-1-12-1-2357405129-1281513531-255772574-1816207334
"
"29-06-2026 10:24:42","12289","Information","Microsoft-Windows-Crypto-DPAPI","DPAPI found credential key.

 	Credential Key Identifier:	0x19860F02037F4282BB3CA3EF5FCEE803BE758505E67877E4431CA8ADDFFD7AB7
 	User Name:	arjo5004
 	User Sid:	S-1-12-1-2357405129-1281513531-255772574-1816207334
"
"29-06-2026 10:24:42","12289","Information","Microsoft-Windows-Crypto-DPAPI","DPAPI found credential key.

 	Credential Key Identifier:	0xA72919B2574C12D1E74078B64D62E14D0586E3130B54594F7F724BB0CD0F668A
 	User Name:	joe.prakash@nielseniq.com
 	User Sid:	S-1-12-1-2357405129-1281513531-255772574-1816207334
"
"29-06-2026 10:24:37","12289","Information","Microsoft-Windows-Crypto-DPAPI","DPAPI found credential key.

 	Credential Key Identifier:	0x2135CBDA3B40FBEE4B0E34824A76C76C1318651803701390C7A3DE3C527E094B
 	User Name:	arjo5004
 	User Sid:	S-1-12-1-2357405129-1281513531-255772574-1816207334
"
"29-06-2026 10:24:37","12289","Information","Microsoft-Windows-Crypto-DPAPI","DPAPI found credential key.

 	Credential Key Identifier:	0xA72919B2574C12D1E74078B64D62E14D0586E3130B54594F7F724BB0CD0F668A
 	User Name:	joe.prakash@nielseniq.com
 	User Sid:	S-1-12-1-2357405129-1281513531-255772574-1816207334
"
"29-06-2026 09:46:59","12290","Information","Microsoft-Windows-Crypto-DPAPI","Credential key does not exist."
"29-06-2026 09:46:58","12290","Information","Microsoft-Windows-Crypto-DPAPI","Credential key does not exist."
"29-06-2026 09:46:55","12289","Information","Microsoft-Windows-Crypto-DPAPI","DPAPI found credential key.

 	Credential Key Identifier:	0xA72919B2574C12D1E74078B64D62E14D0586E3130B54594F7F724BB0CD0F668A
 	User Name:	joe.prakash@nielseniq.com
 	User Sid:	S-1-12-1-2357405129-1281513531-255772574-1816207334
"
"29-06-2026 09:46:48","12289","Information","Microsoft-Windows-Crypto-DPAPI","DPAPI found credential key.

 	Credential Key Identifier:	0xA72919B2574C12D1E74078B64D62E14D0586E3130B54594F7F724BB0CD0F668A
 	User Name:	joe.prakash@nielseniq.com
 	User Sid:	S-1-12-1-2357405129-1281513531-255772574-1816207334
"
"29-06-2026 09:02:53","12289","Information","Microsoft-Windows-Crypto-DPAPI","DPAPI found credential key.

 	Credential Key Identifier:	0x1615C41DD05FFD0496EE38D25C0851F3D84E722993F6047EB08B8B46F61884EF
 	User Name:	arjo5004
 	User Sid:	S-1-12-1-2357405129-1281513531-255772574-1816207334
"
"29-06-2026 09:02:53","12289","Information","Microsoft-Windows-Crypto-DPAPI","DPAPI found credential key.

 	Credential Key Identifier:	0x815ECCBA261B74127B2416CF333718FEAC8D8EB2A2D6F1474E4D98209C91FF07
 	User Name:	arjo5004
 	User Sid:	S-1-12-1-2357405129-1281513531-255772574-1816207334
"
"29-06-2026 09:02:53","12289","Information","Microsoft-Windows-Crypto-DPAPI","DPAPI found credential key.

 	Credential Key Identifier:	0xA72919B2574C12D1E74078B64D62E14D0586E3130B54594F7F724BB0CD0F668A
 	User Name:	joe.prakash@nielseniq.com
 	User Sid:	S-1-12-1-2357405129-1281513531-255772574-1816207334
"
"29-06-2026 09:02:48","12289","Information","Microsoft-Windows-Crypto-DPAPI","DPAPI found credential key.

 	Credential Key Identifier:	0x30A0D160788B1C5DE1D4882729BA55F5C79F4664727EA57478E9CC9415E099D9
 	User Name:	arjo5004
 	User Sid:	S-1-12-1-2357405129-1281513531-255772574-1816207334
"
"29-06-2026 09:02:48","12289","Information","Microsoft-Windows-Crypto-DPAPI","DPAPI found credential key.

 	Credential Key Identifier:	0xA72919B2574C12D1E74078B64D62E14D0586E3130B54594F7F724BB0CD0F668A
 	User Name:	joe.prakash@nielseniq.com
 	User Sid:	S-1-12-1-2357405129-1281513531-255772574-1816207334
"
"26-06-2026 18:22:31","12290","Information","Microsoft-Windows-Crypto-DPAPI","Credential key does not exist."
"26-06-2026 18:22:12","12290","Information","Microsoft-Windows-Crypto-DPAPI","Credential key does not exist."
"26-06-2026 18:22:10","12289","Information","Microsoft-Windows-Crypto-DPAPI","DPAPI found credential key.

 	Credential Key Identifier:	0xA72919B2574C12D1E74078B64D62E14D0586E3130B54594F7F724BB0CD0F668A
 	User Name:	joe.prakash@nielseniq.com
 	User Sid:	S-1-12-1-2357405129-1281513531-255772574-1816207334
"
"26-06-2026 18:22:05","12289","Information","Microsoft-Windows-Crypto-DPAPI","DPAPI found credential key.

 	Credential Key Identifier:	0xA72919B2574C12D1E74078B64D62E14D0586E3130B54594F7F724BB0CD0F668A
 	User Name:	joe.prakash@nielseniq.com
 	User Sid:	S-1-12-1-2357405129-1281513531-255772574-1816207334
"
"26-06-2026 17:25:43","12290","Information","Microsoft-Windows-Crypto-DPAPI","Credential key does not exist."
"26-06-2026 17:25:41","12290","Information","Microsoft-Windows-Crypto-DPAPI","Credential key does not exist."
"26-06-2026 17:25:39","12289","Information","Microsoft-Windows-Crypto-DPAPI","DPAPI found credential key.

 	Credential Key Identifier:	0xA72919B2574C12D1E74078B64D62E14D0586E3130B54594F7F724BB0CD0F668A
 	User Name:	joe.prakash@nielseniq.com
 	User Sid:	S-1-12-1-2357405129-1281513531-255772574-1816207334
"
"26-06-2026 17:25:34","12289","Information","Microsoft-Windows-Crypto-DPAPI","DPAPI found credential key.

 	Credential Key Identifier:	0xA72919B2574C12D1E74078B64D62E14D0586E3130B54594F7F724BB0CD0F668A
 	User Name:	joe.prakash@nielseniq.com
 	User Sid:	S-1-12-1-2357405129-1281513531-255772574-1816207334
"
"26-06-2026 16:46:25","12290","Information","Microsoft-Windows-Crypto-DPAPI","Credential key does not exist."
"26-06-2026 16:46:20","12290","Information","Microsoft-Windows-Crypto-DPAPI","Credential key does not exist."
"26-06-2026 16:46:18","12289","Information","Microsoft-Windows-Crypto-DPAPI","DPAPI found credential key.

 	Credential Key Identifier:	0xA72919B2574C12D1E74078B64D62E14D0586E3130B54594F7F724BB0CD0F668A
 	User Name:	joe.prakash@nielseniq.com
 	User Sid:	S-1-12-1-2357405129-1281513531-255772574-1816207334
"
"26-06-2026 16:46:14","12289","Information","Microsoft-Windows-Crypto-DPAPI","DPAPI found credential key.

 	Credential Key Identifier:	0xA72919B2574C12D1E74078B64D62E14D0586E3130B54594F7F724BB0CD0F668A
 	User Name:	joe.prakash@nielseniq.com
 	User Sid:	S-1-12-1-2357405129-1281513531-255772574-1816207334
"
"26-06-2026 15:59:13","12290","Information","Microsoft-Windows-Crypto-DPAPI","Credential key does not exist."
"26-06-2026 15:59:12","12290","Information","Microsoft-Windows-Crypto-DPAPI","Credential key does not exist."
"26-06-2026 15:58:59","12289","Information","Microsoft-Windows-Crypto-DPAPI","DPAPI found credential key.

 	Credential Key Identifier:	0xA72919B2574C12D1E74078B64D62E14D0586E3130B54594F7F724BB0CD0F668A
 	User Name:	joe.prakash@nielseniq.com
 	User Sid:	S-1-12-1-2357405129-1281513531-255772574-1816207334
"
"26-06-2026 15:58:49","12289","Information","Microsoft-Windows-Crypto-DPAPI","DPAPI found credential key.

 	Credential Key Identifier:	0xA72919B2574C12D1E74078B64D62E14D0586E3130B54594F7F724BB0CD0F668A
 	User Name:	joe.prakash@nielseniq.com
 	User Sid:	S-1-12-1-2357405129-1281513531-255772574-1816207334
"
"26-06-2026 13:54:54","12290","Information","Microsoft-Windows-Crypto-DPAPI","Credential key does not exist."
"26-06-2026 13:54:53","12290","Information","Microsoft-Windows-Crypto-DPAPI","Credential key does not exist."
"26-06-2026 13:54:50","12289","Information","Microsoft-Windows-Crypto-DPAPI","DPAPI found credential key.

 	Credential Key Identifier:	0xA72919B2574C12D1E74078B64D62E14D0586E3130B54594F7F724BB0CD0F668A
 	User Name:	joe.prakash@nielseniq.com
 	User Sid:	S-1-12-1-2357405129-1281513531-255772574-1816207334
"
"26-06-2026 13:54:45","12289","Information","Microsoft-Windows-Crypto-DPAPI","DPAPI found credential key.

 	Credential Key Identifier:	0xA72919B2574C12D1E74078B64D62E14D0586E3130B54594F7F724BB0CD0F668A
 	User Name:	joe.prakash@nielseniq.com
 	User Sid:	S-1-12-1-2357405129-1281513531-255772574-1816207334
"
"26-06-2026 13:14:46","12290","Information","Microsoft-Windows-Crypto-DPAPI","Credential key does not exist."
"26-06-2026 13:14:45","12290","Information","Microsoft-Windows-Crypto-DPAPI","Credential key does not exist."
"26-06-2026 13:14:43","12289","Information","Microsoft-Windows-Crypto-DPAPI","DPAPI found credential key.

 	Credential Key Identifier:	0xA72919B2574C12D1E74078B64D62E14D0586E3130B54594F7F724BB0CD0F668A
 	User Name:	joe.prakash@nielseniq.com
 	User Sid:	S-1-12-1-2357405129-1281513531-255772574-1816207334
"
"26-06-2026 13:14:38","12289","Information","Microsoft-Windows-Crypto-DPAPI","DPAPI found credential key.

 	Credential Key Identifier:	0xA72919B2574C12D1E74078B64D62E14D0586E3130B54594F7F724BB0CD0F668A
 	User Name:	joe.prakash@nielseniq.com
 	User Sid:	S-1-12-1-2357405129-1281513531-255772574-1816207334
"
"26-06-2026 12:29:36","12290","Information","Microsoft-Windows-Crypto-DPAPI","Credential key does not exist."
"26-06-2026 12:29:29","12290","Information","Microsoft-Windows-Crypto-DPAPI","Credential key does not exist."
"26-06-2026 12:29:24","12289","Information","Microsoft-Windows-Crypto-DPAPI","DPAPI found credential key.

 	Credential Key Identifier:	0xA72919B2574C12D1E74078B64D62E14D0586E3130B54594F7F724BB0CD0F668A
 	User Name:	joe.prakash@nielseniq.com
 	User Sid:	S-1-12-1-2357405129-1281513531-255772574-1816207334
"
"26-06-2026 12:29:19","12289","Information","Microsoft-Windows-Crypto-DPAPI","DPAPI found credential key.

 	Credential Key Identifier:	0xA72919B2574C12D1E74078B64D62E14D0586E3130B54594F7F724BB0CD0F668A
 	User Name:	joe.prakash@nielseniq.com
 	User Sid:	S-1-12-1-2357405129-1281513531-255772574-1816207334
"
"26-06-2026 11:53:12","12290","Information","Microsoft-Windows-Crypto-DPAPI","Credential key does not exist."
"26-06-2026 11:53:10","12290","Information","Microsoft-Windows-Crypto-DPAPI","Credential key does not exist."
"26-06-2026 11:53:07","12289","Information","Microsoft-Windows-Crypto-DPAPI","DPAPI found credential key.

 	Credential Key Identifier:	0xA72919B2574C12D1E74078B64D62E14D0586E3130B54594F7F724BB0CD0F668A
 	User Name:	joe.prakash@nielseniq.com
 	User Sid:	S-1-12-1-2357405129-1281513531-255772574-1816207334
"
"26-06-2026 11:53:02","12289","Information","Microsoft-Windows-Crypto-DPAPI","DPAPI found credential key.

 	Credential Key Identifier:	0xA72919B2574C12D1E74078B64D62E14D0586E3130B54594F7F724BB0CD0F668A
 	User Name:	joe.prakash@nielseniq.com
 	User Sid:	S-1-12-1-2357405129-1281513531-255772574-1816207334
"
"26-06-2026 10:31:42","12290","Information","Microsoft-Windows-Crypto-DPAPI","Credential key does not exist."
"26-06-2026 10:31:41","12290","Information","Microsoft-Windows-Crypto-DPAPI","Credential key does not exist."
"26-06-2026 10:31:39","12289","Information","Microsoft-Windows-Crypto-DPAPI","DPAPI found credential key.

 	Credential Key Identifier:	0xA72919B2574C12D1E74078B64D62E14D0586E3130B54594F7F724BB0CD0F668A
 	User Name:	joe.prakash@nielseniq.com
 	User Sid:	S-1-12-1-2357405129-1281513531-255772574-1816207334
"
"26-06-2026 10:31:34","12289","Information","Microsoft-Windows-Crypto-DPAPI","DPAPI found credential key.

 	Credential Key Identifier:	0xA72919B2574C12D1E74078B64D62E14D0586E3130B54594F7F724BB0CD0F668A
 	User Name:	joe.prakash@nielseniq.com
 	User Sid:	S-1-12-1-2357405129-1281513531-255772574-1816207334
"
"26-06-2026 10:00:18","12290","Information","Microsoft-Windows-Crypto-DPAPI","Credential key does not exist."
"26-06-2026 10:00:16","12290","Information","Microsoft-Windows-Crypto-DPAPI","Credential key does not exist."
"26-06-2026 10:00:14","12289","Information","Microsoft-Windows-Crypto-DPAPI","DPAPI found credential key.

 	Credential Key Identifier:	0xA72919B2574C12D1E74078B64D62E14D0586E3130B54594F7F724BB0CD0F668A
 	User Name:	joe.prakash@nielseniq.com
 	User Sid:	S-1-12-1-2357405129-1281513531-255772574-1816207334
"
"26-06-2026 10:00:09","12289","Information","Microsoft-Windows-Crypto-DPAPI","DPAPI found credential key.

 	Credential Key Identifier:	0xA72919B2574C12D1E74078B64D62E14D0586E3130B54594F7F724BB0CD0F668A
 	User Name:	joe.prakash@nielseniq.com
 	User Sid:	S-1-12-1-2357405129-1281513531-255772574-1816207334
"
"26-06-2026 09:43:52","12290","Information","Microsoft-Windows-Crypto-DPAPI","Credential key does not exist."
"26-06-2026 09:43:51","12290","Information","Microsoft-Windows-Crypto-DPAPI","Credential key does not exist."
"26-06-2026 09:43:48","12289","Information","Microsoft-Windows-Crypto-DPAPI","DPAPI found credential key.

 	Credential Key Identifier:	0xA72919B2574C12D1E74078B64D62E14D0586E3130B54594F7F724BB0CD0F668A
 	User Name:	joe.prakash@nielseniq.com
 	User Sid:	S-1-12-1-2357405129-1281513531-255772574-1816207334
"
"26-06-2026 09:43:10","12289","Information","Microsoft-Windows-Crypto-DPAPI","DPAPI found credential key.

 	Credential Key Identifier:	0xA72919B2574C12D1E74078B64D62E14D0586E3130B54594F7F724BB0CD0F668A
 	User Name:	joe.prakash@nielseniq.com
 	User Sid:	S-1-12-1-2357405129-1281513531-255772574-1816207334
"
"25-06-2026 17:14:37","12290","Information","Microsoft-Windows-Crypto-DPAPI","Credential key does not exist."
"25-06-2026 17:14:36","12290","Information","Microsoft-Windows-Crypto-DPAPI","Credential key does not exist."
"25-06-2026 17:14:35","12289","Information","Microsoft-Windows-Crypto-DPAPI","DPAPI found credential key.

 	Credential Key Identifier:	0xA72919B2574C12D1E74078B64D62E14D0586E3130B54594F7F724BB0CD0F668A
 	User Name:	joe.prakash@nielseniq.com
 	User Sid:	S-1-12-1-2357405129-1281513531-255772574-1816207334
"
"25-06-2026 17:14:30","12289","Information","Microsoft-Windows-Crypto-DPAPI","DPAPI found credential key.

 	Credential Key Identifier:	0xA72919B2574C12D1E74078B64D62E14D0586E3130B54594F7F724BB0CD0F668A
 	User Name:	joe.prakash@nielseniq.com
 	User Sid:	S-1-12-1-2357405129-1281513531-255772574-1816207334
"
"25-06-2026 17:05:07","12290","Information","Microsoft-Windows-Crypto-DPAPI","Credential key does not exist."
"25-06-2026 17:05:06","12290","Information","Microsoft-Windows-Crypto-DPAPI","Credential key does not exist."
"25-06-2026 17:05:04","12289","Information","Microsoft-Windows-Crypto-DPAPI","DPAPI found credential key.

 	Credential Key Identifier:	0xA72919B2574C12D1E74078B64D62E14D0586E3130B54594F7F724BB0CD0F668A
 	User Name:	joe.prakash@nielseniq.com
 	User Sid:	S-1-12-1-2357405129-1281513531-255772574-1816207334
"
"25-06-2026 17:04:59","12289","Information","Microsoft-Windows-Crypto-DPAPI","DPAPI found credential key.

 	Credential Key Identifier:	0xA72919B2574C12D1E74078B64D62E14D0586E3130B54594F7F724BB0CD0F668A
 	User Name:	joe.prakash@nielseniq.com
 	User Sid:	S-1-12-1-2357405129-1281513531-255772574-1816207334
"
"25-06-2026 16:21:07","12290","Information","Microsoft-Windows-Crypto-DPAPI","Credential key does not exist."
"25-06-2026 16:21:06","12290","Information","Microsoft-Windows-Crypto-DPAPI","Credential key does not exist."
"25-06-2026 16:21:05","12289","Information","Microsoft-Windows-Crypto-DPAPI","DPAPI found credential key.

 	Credential Key Identifier:	0xA72919B2574C12D1E74078B64D62E14D0586E3130B54594F7F724BB0CD0F668A
 	User Name:	joe.prakash@nielseniq.com
 	User Sid:	S-1-12-1-2357405129-1281513531-255772574-1816207334
"
"25-06-2026 16:21:00","12289","Information","Microsoft-Windows-Crypto-DPAPI","DPAPI found credential key.

 	Credential Key Identifier:	0xA72919B2574C12D1E74078B64D62E14D0586E3130B54594F7F724BB0CD0F668A
 	User Name:	joe.prakash@nielseniq.com
 	User Sid:	S-1-12-1-2357405129-1281513531-255772574-1816207334
"
"25-06-2026 13:24:20","12290","Information","Microsoft-Windows-Crypto-DPAPI","Credential key does not exist."
"25-06-2026 13:24:19","12290","Information","Microsoft-Windows-Crypto-DPAPI","Credential key does not exist."
"25-06-2026 13:24:18","12289","Information","Microsoft-Windows-Crypto-DPAPI","DPAPI found credential key.

 	Credential Key Identifier:	0xA72919B2574C12D1E74078B64D62E14D0586E3130B54594F7F724BB0CD0F668A
 	User Name:	joe.prakash@nielseniq.com
 	User Sid:	S-1-12-1-2357405129-1281513531-255772574-1816207334
"
"25-06-2026 13:24:12","12289","Information","Microsoft-Windows-Crypto-DPAPI","DPAPI found credential key.

 	Credential Key Identifier:	0xA72919B2574C12D1E74078B64D62E14D0586E3130B54594F7F724BB0CD0F668A
 	User Name:	joe.prakash@nielseniq.com
 	User Sid:	S-1-12-1-2357405129-1281513531-255772574-1816207334
"
"25-06-2026 10:29:30","12290","Information","Microsoft-Windows-Crypto-DPAPI","Credential key does not exist."
"25-06-2026 10:29:29","12290","Information","Microsoft-Windows-Crypto-DPAPI","Credential key does not exist."
"25-06-2026 10:29:27","12289","Information","Microsoft-Windows-Crypto-DPAPI","DPAPI found credential key.

 	Credential Key Identifier:	0xA72919B2574C12D1E74078B64D62E14D0586E3130B54594F7F724BB0CD0F668A
 	User Name:	joe.prakash@nielseniq.com
 	User Sid:	S-1-12-1-2357405129-1281513531-255772574-1816207334
"
"25-06-2026 10:29:22","12289","Information","Microsoft-Windows-Crypto-DPAPI","DPAPI found credential key.

 	Credential Key Identifier:	0xA72919B2574C12D1E74078B64D62E14D0586E3130B54594F7F724BB0CD0F668A
 	User Name:	joe.prakash@nielseniq.com
 	User Sid:	S-1-12-1-2357405129-1281513531-255772574-1816207334
"
"25-06-2026 10:25:04","12290","Information","Microsoft-Windows-Crypto-DPAPI","Credential key does not exist."
"25-06-2026 10:25:03","12290","Information","Microsoft-Windows-Crypto-DPAPI","Credential key does not exist."
"25-06-2026 10:25:01","12289","Information","Microsoft-Windows-Crypto-DPAPI","DPAPI found credential key.

 	Credential Key Identifier:	0xA72919B2574C12D1E74078B64D62E14D0586E3130B54594F7F724BB0CD0F668A
 	User Name:	joe.prakash@nielseniq.com
 	User Sid:	S-1-12-1-2357405129-1281513531-255772574-1816207334
"
"25-06-2026 10:24:56","12289","Information","Microsoft-Windows-Crypto-DPAPI","DPAPI found credential key.

 	Credential Key Identifier:	0xA72919B2574C12D1E74078B64D62E14D0586E3130B54594F7F724BB0CD0F668A
 	User Name:	joe.prakash@nielseniq.com
 	User Sid:	S-1-12-1-2357405129-1281513531-255772574-1816207334
"
"25-06-2026 09:38:28","12289","Information","Microsoft-Windows-Crypto-DPAPI","DPAPI found credential key.

 	Credential Key Identifier:	0xE9C5BFB012A0D644A86B5E7F0B3B7C7110CE99CE31D93C88DB584424F86F1398
 	User Name:	arjo5004
 	User Sid:	S-1-12-1-2357405129-1281513531-255772574-1816207334
"
"25-06-2026 09:38:28","12289","Information","Microsoft-Windows-Crypto-DPAPI","DPAPI found credential key.

 	Credential Key Identifier:	0x9A7AAA89F1F3C0A92111BB51AED878300F7930E053A44767C28CB1B82AD2C29B
 	User Name:	arjo5004
 	User Sid:	S-1-12-1-2357405129-1281513531-255772574-1816207334
"
"25-06-2026 09:38:28","12289","Information","Microsoft-Windows-Crypto-DPAPI","DPAPI found credential key.

 	Credential Key Identifier:	0xA72919B2574C12D1E74078B64D62E14D0586E3130B54594F7F724BB0CD0F668A
 	User Name:	joe.prakash@nielseniq.com
 	User Sid:	S-1-12-1-2357405129-1281513531-255772574-1816207334
"
"25-06-2026 09:38:23","12289","Information","Microsoft-Windows-Crypto-DPAPI","DPAPI found credential key.

 	Credential Key Identifier:	0x536156E9121897059CE0DD285680AD285C87A839FD84B2AE7B072C5153CA9034
 	User Name:	arjo5004
 	User Sid:	S-1-12-1-2357405129-1281513531-255772574-1816207334
"
"25-06-2026 09:38:23","12289","Information","Microsoft-Windows-Crypto-DPAPI","DPAPI found credential key.

 	Credential Key Identifier:	0xA72919B2574C12D1E74078B64D62E14D0586E3130B54594F7F724BB0CD0F668A
 	User Name:	joe.prakash@nielseniq.com
 	User Sid:	S-1-12-1-2357405129-1281513531-255772574-1816207334
"
"25-06-2026 09:32:18","12289","Information","Microsoft-Windows-Crypto-DPAPI","DPAPI found credential key.

 	Credential Key Identifier:	0xA72919B2574C12D1E74078B64D62E14D0586E3130B54594F7F724BB0CD0F668A
 	User Name:	joe.prakash@nielseniq.com
 	User Sid:	S-1-12-1-2357405129-1281513531-255772574-1816207334
"
"25-06-2026 09:32:11","12289","Information","Microsoft-Windows-Crypto-DPAPI","DPAPI found credential key.

 	Credential Key Identifier:	0xA72919B2574C12D1E74078B64D62E14D0586E3130B54594F7F724BB0CD0F668A
 	User Name:	joe.prakash@nielseniq.com
 	User Sid:	S-1-12-1-2357405129-1281513531-255772574-1816207334
"
"24-06-2026 17:48:49","12290","Information","Microsoft-Windows-Crypto-DPAPI","Credential key does not exist."
"24-06-2026 17:48:47","12290","Information","Microsoft-Windows-Crypto-DPAPI","Credential key does not exist."
"24-06-2026 17:48:46","12289","Information","Microsoft-Windows-Crypto-DPAPI","DPAPI found credential key.

 	Credential Key Identifier:	0xA72919B2574C12D1E74078B64D62E14D0586E3130B54594F7F724BB0CD0F668A
 	User Name:	joe.prakash@nielseniq.com
 	User Sid:	S-1-12-1-2357405129-1281513531-255772574-1816207334
"
"24-06-2026 17:48:39","12289","Information","Microsoft-Windows-Crypto-DPAPI","DPAPI found credential key.

 	Credential Key Identifier:	0xA72919B2574C12D1E74078B64D62E14D0586E3130B54594F7F724BB0CD0F668A
 	User Name:	joe.prakash@nielseniq.com
 	User Sid:	S-1-12-1-2357405129-1281513531-255772574-1816207334
"
"24-06-2026 17:07:50","12290","Information","Microsoft-Windows-Crypto-DPAPI","Credential key does not exist."
"24-06-2026 17:07:49","12290","Information","Microsoft-Windows-Crypto-DPAPI","Credential key does not exist."
"24-06-2026 17:07:47","12289","Information","Microsoft-Windows-Crypto-DPAPI","DPAPI found credential key.

 	Credential Key Identifier:	0xA72919B2574C12D1E74078B64D62E14D0586E3130B54594F7F724BB0CD0F668A
 	User Name:	joe.prakash@nielseniq.com
 	User Sid:	S-1-12-1-2357405129-1281513531-255772574-1816207334
"
"24-06-2026 17:07:36","12289","Information","Microsoft-Windows-Crypto-DPAPI","DPAPI found credential key.

 	Credential Key Identifier:	0xA72919B2574C12D1E74078B64D62E14D0586E3130B54594F7F724BB0CD0F668A
 	User Name:	joe.prakash@nielseniq.com
 	User Sid:	S-1-12-1-2357405129-1281513531-255772574-1816207334
"
"24-06-2026 15:18:21","12289","Information","Microsoft-Windows-Crypto-DPAPI","DPAPI found credential key.

 	Credential Key Identifier:	0xA72919B2574C12D1E74078B64D62E14D0586E3130B54594F7F724BB0CD0F668A
 	User Name:	joe.prakash@nielseniq.com
 	User Sid:	S-1-12-1-2357405129-1281513531-255772574-1816207334
"
"24-06-2026 15:18:16","12289","Information","Microsoft-Windows-Crypto-DPAPI","DPAPI found credential key.

 	Credential Key Identifier:	0xA72919B2574C12D1E74078B64D62E14D0586E3130B54594F7F724BB0CD0F668A
 	User Name:	joe.prakash@nielseniq.com
 	User Sid:	S-1-12-1-2357405129-1281513531-255772574-1816207334
"
"24-06-2026 13:02:40","12290","Information","Microsoft-Windows-Crypto-DPAPI","Credential key does not exist."
"24-06-2026 13:02:39","12290","Information","Microsoft-Windows-Crypto-DPAPI","Credential key does not exist."
"24-06-2026 13:02:37","12289","Information","Microsoft-Windows-Crypto-DPAPI","DPAPI found credential key.

 	Credential Key Identifier:	0xA72919B2574C12D1E74078B64D62E14D0586E3130B54594F7F724BB0CD0F668A
 	User Name:	joe.prakash@nielseniq.com
 	User Sid:	S-1-12-1-2357405129-1281513531-255772574-1816207334
"
"24-06-2026 13:02:32","12289","Information","Microsoft-Windows-Crypto-DPAPI","DPAPI found credential key.

 	Credential Key Identifier:	0xA72919B2574C12D1E74078B64D62E14D0586E3130B54594F7F724BB0CD0F668A
 	User Name:	joe.prakash@nielseniq.com
 	User Sid:	S-1-12-1-2357405129-1281513531-255772574-1816207334
"
"24-06-2026 12:11:54","12290","Information","Microsoft-Windows-Crypto-DPAPI","Credential key does not exist."
"24-06-2026 12:11:53","12290","Information","Microsoft-Windows-Crypto-DPAPI","Credential key does not exist."
"24-06-2026 12:11:51","12289","Information","Microsoft-Windows-Crypto-DPAPI","DPAPI found credential key.

 	Credential Key Identifier:	0xA72919B2574C12D1E74078B64D62E14D0586E3130B54594F7F724BB0CD0F668A
 	User Name:	joe.prakash@nielseniq.com
 	User Sid:	S-1-12-1-2357405129-1281513531-255772574-1816207334
"
"24-06-2026 12:11:46","12289","Information","Microsoft-Windows-Crypto-DPAPI","DPAPI found credential key.

 	Credential Key Identifier:	0xA72919B2574C12D1E74078B64D62E14D0586E3130B54594F7F724BB0CD0F668A
 	User Name:	joe.prakash@nielseniq.com
 	User Sid:	S-1-12-1-2357405129-1281513531-255772574-1816207334
"
"24-06-2026 12:07:12","12290","Information","Microsoft-Windows-Crypto-DPAPI","Credential key does not exist."
"24-06-2026 12:07:11","12290","Information","Microsoft-Windows-Crypto-DPAPI","Credential key does not exist."
"24-06-2026 12:07:08","12289","Information","Microsoft-Windows-Crypto-DPAPI","DPAPI found credential key.

 	Credential Key Identifier:	0xA72919B2574C12D1E74078B64D62E14D0586E3130B54594F7F724BB0CD0F668A
 	User Name:	joe.prakash@nielseniq.com
 	User Sid:	S-1-12-1-2357405129-1281513531-255772574-1816207334
"
"24-06-2026 12:07:02","12289","Information","Microsoft-Windows-Crypto-DPAPI","DPAPI found credential key.

 	Credential Key Identifier:	0xA72919B2574C12D1E74078B64D62E14D0586E3130B54594F7F724BB0CD0F668A
 	User Name:	joe.prakash@nielseniq.com
 	User Sid:	S-1-12-1-2357405129-1281513531-255772574-1816207334
"
"24-06-2026 11:43:03","12290","Information","Microsoft-Windows-Crypto-DPAPI","Credential key does not exist."
"24-06-2026 11:43:02","12290","Information","Microsoft-Windows-Crypto-DPAPI","Credential key does not exist."
"24-06-2026 11:43:00","12289","Information","Microsoft-Windows-Crypto-DPAPI","DPAPI found credential key.

 	Credential Key Identifier:	0xA72919B2574C12D1E74078B64D62E14D0586E3130B54594F7F724BB0CD0F668A
 	User Name:	joe.prakash@nielseniq.com
 	User Sid:	S-1-12-1-2357405129-1281513531-255772574-1816207334
"
"24-06-2026 11:42:55","12289","Information","Microsoft-Windows-Crypto-DPAPI","DPAPI found credential key.

 	Credential Key Identifier:	0xA72919B2574C12D1E74078B64D62E14D0586E3130B54594F7F724BB0CD0F668A
 	User Name:	joe.prakash@nielseniq.com
 	User Sid:	S-1-12-1-2357405129-1281513531-255772574-1816207334
"
"24-06-2026 11:27:33","12290","Information","Microsoft-Windows-Crypto-DPAPI","Credential key does not exist."
"24-06-2026 11:27:32","12290","Information","Microsoft-Windows-Crypto-DPAPI","Credential key does not exist."
"24-06-2026 11:27:30","12289","Information","Microsoft-Windows-Crypto-DPAPI","DPAPI found credential key.

 	Credential Key Identifier:	0xA72919B2574C12D1E74078B64D62E14D0586E3130B54594F7F724BB0CD0F668A
 	User Name:	joe.prakash@nielseniq.com
 	User Sid:	S-1-12-1-2357405129-1281513531-255772574-1816207334
"
