"17-08-2026 21:27:56","1097","Warning","Microsoft-Windows-AAD","Error: 0xCAA90056 Renew token by the primary refresh token failed.
Logged at RefreshTokenRequest.cpp, line: 149, method: RefreshTokenRequest::AcquireToken.

Request: authority: https://login.microsoftonline.com/6ac7a1f4-5fb1-4153-bb4f-12d2020a1f7d, client: ab9b8c07-8f02-4f72-87fa-80105867a763, redirect URI: ms-appx-web://Microsoft.AAD.BrokerPlugin/ab9b8c07-8f02-4f72-87fa-80105867a763, resource: , correlation ID (request): a4266185-c7d0-45b6-9194-28eb8dc26f7a"
"17-08-2026 21:27:56","1098","Error","Microsoft-Windows-AAD","Error: 0xCAA70004 The server or proxy was not found.
Code: authentication_failed
Description: The server or proxy was not found.
TokenEndpoint: https://login.microsoftonline.com/6ac7a1f4-5fb1-4153-bb4f-12d2020a1f7d/oauth2/token
Logged at OAuthTokenRequestBase.cpp, line: 323, method: OAuthTokenRequestBase::SendRequest.

Request: authority: https://login.microsoftonline.com/6ac7a1f4-5fb1-4153-bb4f-12d2020a1f7d, client: ecd6b820-32c2-49b6-98a6-444530e5a77a, redirect URI: ms-appx-web://Microsoft.AAD.BrokerPlugin/ecd6b820-32c2-49b6-98a6-444530e5a77a, resource: , correlation ID (request): d15a4694-ef36-46b1-87f9-b3db6fdc7e3f"
"17-08-2026 21:27:56","1098","Error","Microsoft-Windows-AAD","Error: 0xCAA70004 The server or proxy was not found.
Code: authentication_failed
Description: The server or proxy was not found.
TokenEndpoint: https://login.microsoftonline.com/6ac7a1f4-5fb1-4153-bb4f-12d2020a1f7d/oauth2/token
Logged at OAuthTokenRequestBase.cpp, line: 323, method: OAuthTokenRequestBase::SendRequest.

Request: authority: https://login.microsoftonline.com/6ac7a1f4-5fb1-4153-bb4f-12d2020a1f7d, client: ab9b8c07-8f02-4f72-87fa-80105867a763, redirect URI: ms-appx-web://Microsoft.AAD.BrokerPlugin/ab9b8c07-8f02-4f72-87fa-80105867a763, resource: , correlation ID (request): a4266185-c7d0-45b6-9194-28eb8dc26f7a"
"17-08-2026 21:27:56","1098","Error","Microsoft-Windows-AAD","Error: 0xCAA70004 The server or proxy was not found.
Exception of type 'class HttpException' at XMLHTTPWebRequest.cpp, line: 184, method: XMLHTTPWebRequest::ReceiveResponse.

Log: 0xcaa90051 Sending OAuth request failed.
Logged at OAuthTokenRequestBase.cpp, line: 323, method: OAuthTokenRequestBase::SendRequest.

Request: authority: https://login.microsoftonline.com/6ac7a1f4-5fb1-4153-bb4f-12d2020a1f7d, client: ecd6b820-32c2-49b6-98a6-444530e5a77a, redirect URI: ms-appx-web://Microsoft.AAD.BrokerPlugin/ecd6b820-32c2-49b6-98a6-444530e5a77a, resource: , correlation ID (request): d15a4694-ef36-46b1-87f9-b3db6fdc7e3f"
"17-08-2026 21:27:56","1098","Error","Microsoft-Windows-AAD","Error: 0xCAA70004 The server or proxy was not found.
Exception of type 'class HttpException' at XMLHTTPWebRequest.cpp, line: 184, method: XMLHTTPWebRequest::ReceiveResponse.

Log: 0xcaa90051 Sending OAuth request failed.
Logged at OAuthTokenRequestBase.cpp, line: 323, method: OAuthTokenRequestBase::SendRequest.

Request: authority: https://login.microsoftonline.com/6ac7a1f4-5fb1-4153-bb4f-12d2020a1f7d, client: ab9b8c07-8f02-4f72-87fa-80105867a763, redirect URI: ms-appx-web://Microsoft.AAD.BrokerPlugin/ab9b8c07-8f02-4f72-87fa-80105867a763, resource: , correlation ID (request): a4266185-c7d0-45b6-9194-28eb8dc26f7a"
"17-08-2026 21:27:56","1097","Warning","Microsoft-Windows-AAD","Error: 0xCAA90056 Renew token by the primary refresh token failed.
Logged at RefreshTokenRequest.cpp, line: 149, method: RefreshTokenRequest::AcquireToken.

Request: authority: https://login.microsoftonline.com/6ac7a1f4-5fb1-4153-bb4f-12d2020a1f7d, client: d3590ed6-52b3-4102-aeff-aad2292ab01c, redirect URI: ms-appx-web://Microsoft.AAD.BrokerPlugin/d3590ed6-52b3-4102-aeff-aad2292ab01c, resource: , correlation ID (request): 90b434d2-e970-4a6a-8ace-df2692122302"
"17-08-2026 21:27:56","1098","Error","Microsoft-Windows-AAD","Error: 0xCAA70004 The server or proxy was not found.
Code: authentication_failed
Description: The server or proxy was not found.
TokenEndpoint: https://login.microsoftonline.com/6ac7a1f4-5fb1-4153-bb4f-12d2020a1f7d/oauth2/token
Logged at OAuthTokenRequestBase.cpp, line: 323, method: OAuthTokenRequestBase::SendRequest.

Request: authority: https://login.microsoftonline.com/6ac7a1f4-5fb1-4153-bb4f-12d2020a1f7d, client: d3590ed6-52b3-4102-aeff-aad2292ab01c, redirect URI: ms-appx-web://Microsoft.AAD.BrokerPlugin/d3590ed6-52b3-4102-aeff-aad2292ab01c, resource: , correlation ID (request): 90b434d2-e970-4a6a-8ace-df2692122302"
"17-08-2026 21:27:56","1098","Error","Microsoft-Windows-AAD","Error: 0xCAA70004 The server or proxy was not found.
Exception of type 'class HttpException' at XMLHTTPWebRequest.cpp, line: 184, method: XMLHTTPWebRequest::ReceiveResponse.

Log: 0xcaa90051 Sending OAuth request failed.
Logged at OAuthTokenRequestBase.cpp, line: 323, method: OAuthTokenRequestBase::SendRequest.

Request: authority: https://login.microsoftonline.com/6ac7a1f4-5fb1-4153-bb4f-12d2020a1f7d, client: d3590ed6-52b3-4102-aeff-aad2292ab01c, redirect URI: ms-appx-web://Microsoft.AAD.BrokerPlugin/d3590ed6-52b3-4102-aeff-aad2292ab01c, resource: , correlation ID (request): 90b434d2-e970-4a6a-8ace-df2692122302"
"17-08-2026 21:27:56","1097","Warning","Microsoft-Windows-AAD","Error: 0xCAA90056 Renew token by the primary refresh token failed.
Logged at RefreshTokenRequest.cpp, line: 149, method: RefreshTokenRequest::AcquireToken.

Request: authority: https://login.microsoftonline.com/6ac7a1f4-5fb1-4153-bb4f-12d2020a1f7d, client: d3590ed6-52b3-4102-aeff-aad2292ab01c, redirect URI: ms-appx-web://Microsoft.AAD.BrokerPlugin/d3590ed6-52b3-4102-aeff-aad2292ab01c, resource: , correlation ID (request): 670e339d-9fb5-413a-8248-e78b3a225593"
"17-08-2026 21:27:56","1098","Error","Microsoft-Windows-AAD","Error: 0xCAA70004 The server or proxy was not found.
Code: authentication_failed
Description: The server or proxy was not found.
TokenEndpoint: https://login.microsoftonline.com/6ac7a1f4-5fb1-4153-bb4f-12d2020a1f7d/oauth2/token
Logged at OAuthTokenRequestBase.cpp, line: 323, method: OAuthTokenRequestBase::SendRequest.

Request: authority: https://login.microsoftonline.com/6ac7a1f4-5fb1-4153-bb4f-12d2020a1f7d, client: d3590ed6-52b3-4102-aeff-aad2292ab01c, redirect URI: ms-appx-web://Microsoft.AAD.BrokerPlugin/d3590ed6-52b3-4102-aeff-aad2292ab01c, resource: , correlation ID (request): 670e339d-9fb5-413a-8248-e78b3a225593"
"17-08-2026 21:27:56","1098","Error","Microsoft-Windows-AAD","Error: 0xCAA70004 The server or proxy was not found.
Exception of type 'class HttpException' at XMLHTTPWebRequest.cpp, line: 184, method: XMLHTTPWebRequest::ReceiveResponse.

Log: 0xcaa90051 Sending OAuth request failed.
Logged at OAuthTokenRequestBase.cpp, line: 323, method: OAuthTokenRequestBase::SendRequest.

Request: authority: https://login.microsoftonline.com/6ac7a1f4-5fb1-4153-bb4f-12d2020a1f7d, client: d3590ed6-52b3-4102-aeff-aad2292ab01c, redirect URI: ms-appx-web://Microsoft.AAD.BrokerPlugin/d3590ed6-52b3-4102-aeff-aad2292ab01c, resource: , correlation ID (request): 670e339d-9fb5-413a-8248-e78b3a225593"
"17-08-2026 21:27:55","1098","Error","Microsoft-Windows-AAD","Error: 0xCAA5001C Token broker operation failed.
Operation name: GetTokenSilently, Error: -895025148 (0xcaa70004), Description: The server or proxy was not found.
Logged at WebAccountProcessor.cpp, line: 723, method: AAD::Core::WebAccountProcessor::ReportOperationError."
"17-08-2026 21:27:55","1098","Error","Microsoft-Windows-AAD","Error: 0xCAA5001C Token broker operation failed.
Operation name: GetTokenSilently, Error: -895025148 (0xcaa70004), Description: The server or proxy was not found.
Logged at WebAccountProcessor.cpp, line: 723, method: AAD::Core::WebAccountProcessor::ReportOperationError."
"17-08-2026 21:27:55","1098","Error","Microsoft-Windows-AAD","Error: 0xCAA5001C Token broker operation failed.
Operation name: GetTokenSilently, Error: -895025148 (0xcaa70004), Description: The server or proxy was not found.
Logged at WebAccountProcessor.cpp, line: 723, method: AAD::Core::WebAccountProcessor::ReportOperationError."
"17-08-2026 21:27:55","1098","Error","Microsoft-Windows-AAD","Error: 0xCAA5001C Token broker operation failed.
Operation name: GetTokenSilently, Error: -895025148 (0xcaa70004), Description: The server or proxy was not found.
Logged at WebAccountProcessor.cpp, line: 723, method: AAD::Core::WebAccountProcessor::ReportOperationError."
"17-08-2026 21:27:55","1098","Error","Microsoft-Windows-AAD","Error: 0xCAA5001C Token broker operation failed.
Operation name: GetTokenSilently, Error: -895025148 (0xcaa70004), Description: The server or proxy was not found.
Logged at WebAccountProcessor.cpp, line: 723, method: AAD::Core::WebAccountProcessor::ReportOperationError."
"17-08-2026 21:27:55","1098","Error","Microsoft-Windows-AAD","Error: 0xCAA5001C Token broker operation failed.
Operation name: GetTokenSilently, Error: -895025148 (0xcaa70004), Description: The server or proxy was not found.
Logged at WebAccountProcessor.cpp, line: 723, method: AAD::Core::WebAccountProcessor::ReportOperationError."
"17-08-2026 21:27:55","1097","Warning","Microsoft-Windows-AAD","Error: 0xCAA90056 Renew token by the primary refresh token failed.
Logged at RefreshTokenRequest.cpp, line: 149, method: RefreshTokenRequest::AcquireToken.

Request: authority: https://login.microsoftonline.com/6ac7a1f4-5fb1-4153-bb4f-12d2020a1f7d, client: c0ab8ce9-e9a0-42e7-b064-33d422df41f1, redirect URI: ms-appx-web://Microsoft.AAD.BrokerPlugin/c0ab8ce9-e9a0-42e7-b064-33d422df41f1, resource: , correlation ID (request): b6e6eb7c-a3c4-4dcf-9fda-82494f0fdf45"
"17-08-2026 21:27:55","1097","Warning","Microsoft-Windows-AAD","Error: 0xCAA90056 Renew token by the primary refresh token failed.
Logged at RefreshTokenRequest.cpp, line: 149, method: RefreshTokenRequest::AcquireToken.

Request: authority: https://login.microsoftonline.com/6ac7a1f4-5fb1-4153-bb4f-12d2020a1f7d, client: d3590ed6-52b3-4102-aeff-aad2292ab01c, redirect URI: ms-appx-web://Microsoft.AAD.BrokerPlugin/d3590ed6-52b3-4102-aeff-aad2292ab01c, resource: , correlation ID (request): 4d796764-4d14-4e00-843a-20ba666bdde4"
"17-08-2026 21:27:55","1097","Warning","Microsoft-Windows-AAD","Error: 0xCAA90056 Renew token by the primary refresh token failed.
Logged at RefreshTokenRequest.cpp, line: 149, method: RefreshTokenRequest::AcquireToken.

Request: authority: https://login.microsoftonline.com/6ac7a1f4-5fb1-4153-bb4f-12d2020a1f7d, client: 0ec893e0-5785-4de6-99da-4ed124e5296c, redirect URI: ms-appx-web://Microsoft.AAD.BrokerPlugin/0ec893e0-5785-4de6-99da-4ed124e5296c, resource: , correlation ID (request): 01a01071-8a9f-708d-a22f-e5d238a42704"
"17-08-2026 21:27:55","1097","Warning","Microsoft-Windows-AAD","Error: 0xCAA90056 Renew token by the primary refresh token failed.
Logged at RefreshTokenRequest.cpp, line: 149, method: RefreshTokenRequest::AcquireToken.

Request: authority: https://login.microsoftonline.com/6ac7a1f4-5fb1-4153-bb4f-12d2020a1f7d, client: d7b530a4-7680-4c23-a8bf-c52c121d2e87, redirect URI: ms-appx-web://Microsoft.AAD.BrokerPlugin/d7b530a4-7680-4c23-a8bf-c52c121d2e87, resource: , correlation ID (request): b9949cdf-11c6-49d2-80c9-fc57555dcbb6"
"17-08-2026 21:27:55","1097","Warning","Microsoft-Windows-AAD","Error: 0xCAA90056 Renew token by the primary refresh token failed.
Logged at RefreshTokenRequest.cpp, line: 149, method: RefreshTokenRequest::AcquireToken.

Request: authority: https://login.microsoftonline.com/6ac7a1f4-5fb1-4153-bb4f-12d2020a1f7d, client: ab9b8c07-8f02-4f72-87fa-80105867a763, redirect URI: ms-appx-web://Microsoft.AAD.BrokerPlugin/ab9b8c07-8f02-4f72-87fa-80105867a763, resource: , correlation ID (request): 3825b225-4212-4e2e-9a86-47078d119943"
"17-08-2026 21:27:55","1097","Warning","Microsoft-Windows-AAD","Error: 0xCAA90056 Renew token by the primary refresh token failed.
Logged at RefreshTokenRequest.cpp, line: 149, method: RefreshTokenRequest::AcquireToken.

Request: authority: https://login.microsoftonline.com/6ac7a1f4-5fb1-4153-bb4f-12d2020a1f7d, client: 0ec893e0-5785-4de6-99da-4ed124e5296c, redirect URI: ms-appx-web://Microsoft.AAD.BrokerPlugin/0ec893e0-5785-4de6-99da-4ed124e5296c, resource: , correlation ID (request): 2e1d04e4-76d0-4d07-b5d7-2f1a9837ab59"
"17-08-2026 21:27:55","1098","Error","Microsoft-Windows-AAD","Error: 0xCAA70004 The server or proxy was not found.
Code: authentication_failed
Description: The server or proxy was not found.
TokenEndpoint: https://login.microsoftonline.com/6ac7a1f4-5fb1-4153-bb4f-12d2020a1f7d/oauth2/token
Logged at OAuthTokenRequestBase.cpp, line: 323, method: OAuthTokenRequestBase::SendRequest.

Request: authority: https://login.microsoftonline.com/6ac7a1f4-5fb1-4153-bb4f-12d2020a1f7d, client: d3590ed6-52b3-4102-aeff-aad2292ab01c, redirect URI: ms-appx-web://Microsoft.AAD.BrokerPlugin/d3590ed6-52b3-4102-aeff-aad2292ab01c, resource: , correlation ID (request): 4d796764-4d14-4e00-843a-20ba666bdde4"
"17-08-2026 21:27:55","1098","Error","Microsoft-Windows-AAD","Error: 0xCAA70004 The server or proxy was not found.
Code: authentication_failed
Description: The server or proxy was not found.
TokenEndpoint: https://login.microsoftonline.com/6ac7a1f4-5fb1-4153-bb4f-12d2020a1f7d/oauth2/token
Logged at OAuthTokenRequestBase.cpp, line: 323, method: OAuthTokenRequestBase::SendRequest.

Request: authority: https://login.microsoftonline.com/6ac7a1f4-5fb1-4153-bb4f-12d2020a1f7d, client: ab9b8c07-8f02-4f72-87fa-80105867a763, redirect URI: ms-appx-web://Microsoft.AAD.BrokerPlugin/ab9b8c07-8f02-4f72-87fa-80105867a763, resource: , correlation ID (request): 3825b225-4212-4e2e-9a86-47078d119943"
"17-08-2026 21:27:55","1098","Error","Microsoft-Windows-AAD","Error: 0xCAA70004 The server or proxy was not found.
Exception of type 'class HttpException' at XMLHTTPWebRequest.cpp, line: 184, method: XMLHTTPWebRequest::ReceiveResponse.

Log: 0xcaa90051 Sending OAuth request failed.
Logged at OAuthTokenRequestBase.cpp, line: 323, method: OAuthTokenRequestBase::SendRequest.

Request: authority: https://login.microsoftonline.com/6ac7a1f4-5fb1-4153-bb4f-12d2020a1f7d, client: d3590ed6-52b3-4102-aeff-aad2292ab01c, redirect URI: ms-appx-web://Microsoft.AAD.BrokerPlugin/d3590ed6-52b3-4102-aeff-aad2292ab01c, resource: , correlation ID (request): 4d796764-4d14-4e00-843a-20ba666bdde4"
"17-08-2026 21:27:55","1098","Error","Microsoft-Windows-AAD","Error: 0xCAA70004 The server or proxy was not found.
Exception of type 'class HttpException' at XMLHTTPWebRequest.cpp, line: 184, method: XMLHTTPWebRequest::ReceiveResponse.

Log: 0xcaa90051 Sending OAuth request failed.
Logged at OAuthTokenRequestBase.cpp, line: 323, method: OAuthTokenRequestBase::SendRequest.

Request: authority: https://login.microsoftonline.com/6ac7a1f4-5fb1-4153-bb4f-12d2020a1f7d, client: ab9b8c07-8f02-4f72-87fa-80105867a763, redirect URI: ms-appx-web://Microsoft.AAD.BrokerPlugin/ab9b8c07-8f02-4f72-87fa-80105867a763, resource: , correlation ID (request): 3825b225-4212-4e2e-9a86-47078d119943"
"17-08-2026 21:27:55","1098","Error","Microsoft-Windows-AAD","Error: 0xCAA70004 The server or proxy was not found.
Code: authentication_failed
Description: The server or proxy was not found.
TokenEndpoint: https://login.microsoftonline.com/6ac7a1f4-5fb1-4153-bb4f-12d2020a1f7d/oauth2/token
Logged at OAuthTokenRequestBase.cpp, line: 323, method: OAuthTokenRequestBase::SendRequest.

Request: authority: https://login.microsoftonline.com/6ac7a1f4-5fb1-4153-bb4f-12d2020a1f7d, client: 0ec893e0-5785-4de6-99da-4ed124e5296c, redirect URI: ms-appx-web://Microsoft.AAD.BrokerPlugin/0ec893e0-5785-4de6-99da-4ed124e5296c, resource: , correlation ID (request): 2e1d04e4-76d0-4d07-b5d7-2f1a9837ab59"
"17-08-2026 21:27:55","1098","Error","Microsoft-Windows-AAD","Error: 0xCAA70004 The server or proxy was not found.
Code: authentication_failed
Description: The server or proxy was not found.
TokenEndpoint: https://login.microsoftonline.com/6ac7a1f4-5fb1-4153-bb4f-12d2020a1f7d/oauth2/token
Logged at OAuthTokenRequestBase.cpp, line: 323, method: OAuthTokenRequestBase::SendRequest.

Request: authority: https://login.microsoftonline.com/6ac7a1f4-5fb1-4153-bb4f-12d2020a1f7d, client: 0ec893e0-5785-4de6-99da-4ed124e5296c, redirect URI: ms-appx-web://Microsoft.AAD.BrokerPlugin/0ec893e0-5785-4de6-99da-4ed124e5296c, resource: , correlation ID (request): 01a01071-8a9f-708d-a22f-e5d238a42704"
"17-08-2026 21:27:55","1098","Error","Microsoft-Windows-AAD","Error: 0xCAA70004 The server or proxy was not found.
Code: authentication_failed
Description: The server or proxy was not found.
TokenEndpoint: https://login.microsoftonline.com/6ac7a1f4-5fb1-4153-bb4f-12d2020a1f7d/oauth2/token
Logged at OAuthTokenRequestBase.cpp, line: 323, method: OAuthTokenRequestBase::SendRequest.

Request: authority: https://login.microsoftonline.com/6ac7a1f4-5fb1-4153-bb4f-12d2020a1f7d, client: d7b530a4-7680-4c23-a8bf-c52c121d2e87, redirect URI: ms-appx-web://Microsoft.AAD.BrokerPlugin/d7b530a4-7680-4c23-a8bf-c52c121d2e87, resource: , correlation ID (request): b9949cdf-11c6-49d2-80c9-fc57555dcbb6"
"17-08-2026 21:27:55","1098","Error","Microsoft-Windows-AAD","Error: 0xCAA70004 The server or proxy was not found.
Code: authentication_failed
Description: The server or proxy was not found.
TokenEndpoint: https://login.microsoftonline.com/6ac7a1f4-5fb1-4153-bb4f-12d2020a1f7d/oauth2/token
Logged at OAuthTokenRequestBase.cpp, line: 323, method: OAuthTokenRequestBase::SendRequest.

Request: authority: https://login.microsoftonline.com/6ac7a1f4-5fb1-4153-bb4f-12d2020a1f7d, client: c0ab8ce9-e9a0-42e7-b064-33d422df41f1, redirect URI: ms-appx-web://Microsoft.AAD.BrokerPlugin/c0ab8ce9-e9a0-42e7-b064-33d422df41f1, resource: , correlation ID (request): b6e6eb7c-a3c4-4dcf-9fda-82494f0fdf45"
"17-08-2026 21:27:55","1098","Error","Microsoft-Windows-AAD","Error: 0xCAA70004 The server or proxy was not found.
Exception of type 'class HttpException' at XMLHTTPWebRequest.cpp, line: 184, method: XMLHTTPWebRequest::ReceiveResponse.

Log: 0xcaa90051 Sending OAuth request failed.
Logged at OAuthTokenRequestBase.cpp, line: 323, method: OAuthTokenRequestBase::SendRequest.

Request: authority: https://login.microsoftonline.com/6ac7a1f4-5fb1-4153-bb4f-12d2020a1f7d, client: d7b530a4-7680-4c23-a8bf-c52c121d2e87, redirect URI: ms-appx-web://Microsoft.AAD.BrokerPlugin/d7b530a4-7680-4c23-a8bf-c52c121d2e87, resource: , correlation ID (request): b9949cdf-11c6-49d2-80c9-fc57555dcbb6"
"17-08-2026 21:27:55","1098","Error","Microsoft-Windows-AAD","Error: 0xCAA70004 The server or proxy was not found.
Exception of type 'class HttpException' at XMLHTTPWebRequest.cpp, line: 184, method: XMLHTTPWebRequest::ReceiveResponse.

Log: 0xcaa90051 Sending OAuth request failed.
Logged at OAuthTokenRequestBase.cpp, line: 323, method: OAuthTokenRequestBase::SendRequest.

Request: authority: https://login.microsoftonline.com/6ac7a1f4-5fb1-4153-bb4f-12d2020a1f7d, client: 0ec893e0-5785-4de6-99da-4ed124e5296c, redirect URI: ms-appx-web://Microsoft.AAD.BrokerPlugin/0ec893e0-5785-4de6-99da-4ed124e5296c, resource: , correlation ID (request): 01a01071-8a9f-708d-a22f-e5d238a42704"
"17-08-2026 21:27:55","1098","Error","Microsoft-Windows-AAD","Error: 0xCAA70004 The server or proxy was not found.
Exception of type 'class HttpException' at XMLHTTPWebRequest.cpp, line: 184, method: XMLHTTPWebRequest::ReceiveResponse.

Log: 0xcaa90051 Sending OAuth request failed.
Logged at OAuthTokenRequestBase.cpp, line: 323, method: OAuthTokenRequestBase::SendRequest.

Request: authority: https://login.microsoftonline.com/6ac7a1f4-5fb1-4153-bb4f-12d2020a1f7d, client: 0ec893e0-5785-4de6-99da-4ed124e5296c, redirect URI: ms-appx-web://Microsoft.AAD.BrokerPlugin/0ec893e0-5785-4de6-99da-4ed124e5296c, resource: , correlation ID (request): 2e1d04e4-76d0-4d07-b5d7-2f1a9837ab59"
"17-08-2026 21:27:55","1098","Error","Microsoft-Windows-AAD","Error: 0xCAA70004 The server or proxy was not found.
Exception of type 'class HttpException' at XMLHTTPWebRequest.cpp, line: 184, method: XMLHTTPWebRequest::ReceiveResponse.

Log: 0xcaa90051 Sending OAuth request failed.
Logged at OAuthTokenRequestBase.cpp, line: 323, method: OAuthTokenRequestBase::SendRequest.

Request: authority: https://login.microsoftonline.com/6ac7a1f4-5fb1-4153-bb4f-12d2020a1f7d, client: c0ab8ce9-e9a0-42e7-b064-33d422df41f1, redirect URI: ms-appx-web://Microsoft.AAD.BrokerPlugin/c0ab8ce9-e9a0-42e7-b064-33d422df41f1, resource: , correlation ID (request): b6e6eb7c-a3c4-4dcf-9fda-82494f0fdf45"
"17-08-2026 19:41:22","1104","Error","Microsoft-Windows-AAD","AAD Cloud AP plugin call Post logon processing returned error: 0xC000006D"
"17-08-2026 19:41:22","1159","Warning","Microsoft-Windows-AAD","AadCloudAPPlugin S4U logon failed. Status: 0xC000006D"
"17-08-2026 19:41:20","1241","Information","Microsoft-Windows-AAD","On-prem tgt error: On-prem configuration is missing"
"17-08-2026 19:41:18","1251","Information","Microsoft-Windows-AAD","DoGetEnterpriseToken Diagnostic Event:
Result: 0xC0000250
User Identity: joe.prakash@nielseniq.com
Credential Type: 2
Correlation ID: 289a5753-0de7-4046-bb7d-36af4c163565
Endpoint Uri: https://sts.nielseniq.com/adfs/oauth2/token/
HTTP Status: POST
HTTP Method: The operation completed successfully.
ErrorCode: 401
Error Description: interaction_required"
"17-08-2026 19:41:18","1118","Error","Microsoft-Windows-AAD","Enterprise STS Logon failure. Status: 0xC0000250 Correlation ID: 289a5753-0de7-4046-bb7d-36af4c163565"
"17-08-2026 19:41:18","1081","Error","Microsoft-Windows-AAD","OAuth response error: interaction_required
Error description: MSIS9699: GlobalAuthenticationPolicy on the Server doesn't allow this OAuth JWT Bearer request. Please contact the administrator to update the GlobalAuthenticationPolicy.
CorrelationID: "
"17-08-2026 19:41:18","1025","Error","Microsoft-Windows-AAD","Http request status: 401. Method: POST Endpoint Uri: https://sts.nielseniq.com/adfs/oauth2/token/ Correlation ID: 289a5753-0de7-4046-bb7d-36af4c163565"
"17-08-2026 19:41:17","1241","Information","Microsoft-Windows-AAD","On-prem tgt error: On-prem configuration is missing"
"17-08-2026 18:51:00","1241","Information","Microsoft-Windows-AAD","On-prem tgt error: On-prem configuration is missing"
"17-08-2026 18:33:57","1104","Error","Microsoft-Windows-AAD","AAD Cloud AP plugin call Post logon processing returned error: 0xC000006D"
"17-08-2026 18:33:57","1159","Warning","Microsoft-Windows-AAD","AadCloudAPPlugin S4U logon failed. Status: 0xC000006D"
"17-08-2026 18:33:54","1241","Information","Microsoft-Windows-AAD","On-prem tgt error: On-prem configuration is missing"
"17-08-2026 18:33:53","1251","Information","Microsoft-Windows-AAD","DoGetEnterpriseToken Diagnostic Event:
Result: 0xC0000250
User Identity: joe.prakash@nielseniq.com
Credential Type: 2
Correlation ID: 3e088c02-f335-4819-a154-6b891c1de68f
Endpoint Uri: https://sts.nielseniq.com/adfs/oauth2/token/
HTTP Status: POST
HTTP Method: The operation completed successfully.
ErrorCode: 401
Error Description: interaction_required"
"17-08-2026 18:33:53","1118","Error","Microsoft-Windows-AAD","Enterprise STS Logon failure. Status: 0xC0000250 Correlation ID: 3e088c02-f335-4819-a154-6b891c1de68f"
"17-08-2026 18:33:53","1081","Error","Microsoft-Windows-AAD","OAuth response error: interaction_required
Error description: MSIS9699: GlobalAuthenticationPolicy on the Server doesn't allow this OAuth JWT Bearer request. Please contact the administrator to update the GlobalAuthenticationPolicy.
CorrelationID: "
"17-08-2026 18:33:53","1025","Error","Microsoft-Windows-AAD","Http request status: 401. Method: POST Endpoint Uri: https://sts.nielseniq.com/adfs/oauth2/token/ Correlation ID: 3e088c02-f335-4819-a154-6b891c1de68f"
"17-08-2026 18:33:51","1241","Information","Microsoft-Windows-AAD","On-prem tgt error: On-prem configuration is missing"
"17-08-2026 17:39:30","1241","Information","Microsoft-Windows-AAD","On-prem tgt error: On-prem configuration is missing"
"17-08-2026 17:37:14","1241","Information","Microsoft-Windows-AAD","On-prem tgt error: On-prem configuration is missing"
"17-08-2026 17:35:58","1104","Error","Microsoft-Windows-AAD","AAD Cloud AP plugin call Post logon processing returned error: 0xC000006D"
"17-08-2026 17:35:58","1159","Warning","Microsoft-Windows-AAD","AadCloudAPPlugin S4U logon failed. Status: 0xC000006D"
"17-08-2026 17:35:55","1241","Information","Microsoft-Windows-AAD","On-prem tgt error: On-prem configuration is missing"
"17-08-2026 17:35:54","1251","Information","Microsoft-Windows-AAD","DoGetEnterpriseToken Diagnostic Event:
Result: 0xC0000250
User Identity: joe.prakash@nielseniq.com
Credential Type: 2
Correlation ID: a18df44c-d1d2-4bf9-bd0a-aed0ab43eddb
Endpoint Uri: https://sts.nielseniq.com/adfs/oauth2/token/
HTTP Status: POST
HTTP Method: The operation completed successfully.
ErrorCode: 401
Error Description: interaction_required"
"17-08-2026 17:35:54","1118","Error","Microsoft-Windows-AAD","Enterprise STS Logon failure. Status: 0xC0000250 Correlation ID: a18df44c-d1d2-4bf9-bd0a-aed0ab43eddb"
"17-08-2026 17:35:54","1081","Error","Microsoft-Windows-AAD","OAuth response error: interaction_required
Error description: MSIS9699: GlobalAuthenticationPolicy on the Server doesn't allow this OAuth JWT Bearer request. Please contact the administrator to update the GlobalAuthenticationPolicy.
CorrelationID: "
"17-08-2026 17:35:54","1025","Error","Microsoft-Windows-AAD","Http request status: 401. Method: POST Endpoint Uri: https://sts.nielseniq.com/adfs/oauth2/token/ Correlation ID: a18df44c-d1d2-4bf9-bd0a-aed0ab43eddb"
"17-08-2026 17:35:52","1241","Information","Microsoft-Windows-AAD","On-prem tgt error: On-prem configuration is missing"
"17-08-2026 17:05:57","1241","Information","Microsoft-Windows-AAD","On-prem tgt error: On-prem configuration is missing"
"17-08-2026 16:59:13","1104","Error","Microsoft-Windows-AAD","AAD Cloud AP plugin call Post logon processing returned error: 0xC000006D"
"17-08-2026 16:59:13","1159","Warning","Microsoft-Windows-AAD","AadCloudAPPlugin S4U logon failed. Status: 0xC000006D"
"17-08-2026 16:59:10","1241","Information","Microsoft-Windows-AAD","On-prem tgt error: On-prem configuration is missing"
"17-08-2026 16:59:09","1251","Information","Microsoft-Windows-AAD","DoGetEnterpriseToken Diagnostic Event:
Result: 0xC0000250
User Identity: joe.prakash@nielseniq.com
Credential Type: 2
Correlation ID: 1f813328-4915-4a2d-9fc0-53e21c5c10c5
Endpoint Uri: https://sts.nielseniq.com/adfs/oauth2/token/
HTTP Status: POST
HTTP Method: The operation completed successfully.
ErrorCode: 401
Error Description: interaction_required"
"17-08-2026 16:59:09","1118","Error","Microsoft-Windows-AAD","Enterprise STS Logon failure. Status: 0xC0000250 Correlation ID: 1f813328-4915-4a2d-9fc0-53e21c5c10c5"
"17-08-2026 16:59:09","1081","Error","Microsoft-Windows-AAD","OAuth response error: interaction_required
Error description: MSIS9699: GlobalAuthenticationPolicy on the Server doesn't allow this OAuth JWT Bearer request. Please contact the administrator to update the GlobalAuthenticationPolicy.
CorrelationID: "
"17-08-2026 16:59:09","1025","Error","Microsoft-Windows-AAD","Http request status: 401. Method: POST Endpoint Uri: https://sts.nielseniq.com/adfs/oauth2/token/ Correlation ID: 1f813328-4915-4a2d-9fc0-53e21c5c10c5"
"17-08-2026 16:59:07","1241","Information","Microsoft-Windows-AAD","On-prem tgt error: On-prem configuration is missing"
"17-08-2026 16:55:10","1241","Information","Microsoft-Windows-AAD","On-prem tgt error: On-prem configuration is missing"
"17-08-2026 16:55:09","1104","Error","Microsoft-Windows-AAD","AAD Cloud AP plugin call Post logon processing returned error: 0xC000006D"
"17-08-2026 16:55:09","1159","Warning","Microsoft-Windows-AAD","AadCloudAPPlugin S4U logon failed. Status: 0xC000006D"
"17-08-2026 16:55:07","1241","Information","Microsoft-Windows-AAD","On-prem tgt error: On-prem configuration is missing"
"17-08-2026 16:55:05","1251","Information","Microsoft-Windows-AAD","DoGetEnterpriseToken Diagnostic Event:
Result: 0xC0000250
User Identity: joe.prakash@nielseniq.com
Credential Type: 2
Correlation ID: d4acafa5-25d4-47c6-8aee-eed5ea69762a
Endpoint Uri: https://sts.nielseniq.com/adfs/oauth2/token/
HTTP Status: POST
HTTP Method: The operation completed successfully.
ErrorCode: 401
Error Description: interaction_required"
"17-08-2026 16:55:05","1118","Error","Microsoft-Windows-AAD","Enterprise STS Logon failure. Status: 0xC0000250 Correlation ID: d4acafa5-25d4-47c6-8aee-eed5ea69762a"
"17-08-2026 16:55:05","1081","Error","Microsoft-Windows-AAD","OAuth response error: interaction_required
Error description: MSIS9699: GlobalAuthenticationPolicy on the Server doesn't allow this OAuth JWT Bearer request. Please contact the administrator to update the GlobalAuthenticationPolicy.
CorrelationID: "
"17-08-2026 16:55:05","1025","Error","Microsoft-Windows-AAD","Http request status: 401. Method: POST Endpoint Uri: https://sts.nielseniq.com/adfs/oauth2/token/ Correlation ID: d4acafa5-25d4-47c6-8aee-eed5ea69762a"
"17-08-2026 16:55:04","1241","Information","Microsoft-Windows-AAD","On-prem tgt error: On-prem configuration is missing"
"17-08-2026 16:55:03","1241","Information","Microsoft-Windows-AAD","On-prem tgt error: On-prem configuration is missing"
"17-08-2026 16:55:03","1241","Information","Microsoft-Windows-AAD","On-prem tgt error: On-prem configuration is missing"
"17-08-2026 16:55:03","1241","Information","Microsoft-Windows-AAD","On-prem tgt error: On-prem configuration is missing"
"17-08-2026 16:38:36","1104","Error","Microsoft-Windows-AAD","AAD Cloud AP plugin call Post logon processing returned error: 0xC000006D"
"17-08-2026 16:38:36","1159","Warning","Microsoft-Windows-AAD","AadCloudAPPlugin S4U logon failed. Status: 0xC000006D"
"17-08-2026 16:38:34","1241","Information","Microsoft-Windows-AAD","On-prem tgt error: On-prem configuration is missing"
"17-08-2026 16:38:33","1251","Information","Microsoft-Windows-AAD","DoGetEnterpriseToken Diagnostic Event:
Result: 0xC0000250
User Identity: joe.prakash@nielseniq.com
Credential Type: 2
Correlation ID: 8702963f-b231-4e46-963d-b85a93cd83bd
Endpoint Uri: https://sts.nielseniq.com/adfs/oauth2/token/
HTTP Status: POST
HTTP Method: The operation completed successfully.
ErrorCode: 401
Error Description: interaction_required"
"17-08-2026 16:38:33","1118","Error","Microsoft-Windows-AAD","Enterprise STS Logon failure. Status: 0xC0000250 Correlation ID: 8702963f-b231-4e46-963d-b85a93cd83bd"
"17-08-2026 16:38:33","1081","Error","Microsoft-Windows-AAD","OAuth response error: interaction_required
Error description: MSIS9699: GlobalAuthenticationPolicy on the Server doesn't allow this OAuth JWT Bearer request. Please contact the administrator to update the GlobalAuthenticationPolicy.
CorrelationID: "
"17-08-2026 16:38:33","1025","Error","Microsoft-Windows-AAD","Http request status: 401. Method: POST Endpoint Uri: https://sts.nielseniq.com/adfs/oauth2/token/ Correlation ID: 8702963f-b231-4e46-963d-b85a93cd83bd"
"17-08-2026 16:38:31","1241","Information","Microsoft-Windows-AAD","On-prem tgt error: On-prem configuration is missing"
"17-08-2026 16:32:24","1097","Warning","Microsoft-Windows-AAD","Error: 0x4AA50081 An application specific account is loading in cloud joined session.
Logged at ClientCache.cpp, line: 413, method: ClientCache::LoadPrimaryAccount."
"17-08-2026 16:00:15","1104","Error","Microsoft-Windows-AAD","AAD Cloud AP plugin call Lookup name name from SID returned error: 0xC00485D3"
"17-08-2026 16:00:15","1025","Error","Microsoft-Windows-AAD","Http request status: 400. Method: GET Endpoint Uri: https://login.microsoftonline.com/6ac7a1f4-5fb1-4153-bb4f-12d2020a1f7d/sidtoname Correlation ID: 6880bfcb-c365-44e4-9130-3725a36731a6"
"17-08-2026 16:00:14","1104","Error","Microsoft-Windows-AAD","AAD Cloud AP plugin call Lookup name name from SID returned error: 0xC00485D3"
"17-08-2026 16:00:14","1025","Error","Microsoft-Windows-AAD","Http request status: 400. Method: GET Endpoint Uri: https://login.microsoftonline.com/6ac7a1f4-5fb1-4153-bb4f-12d2020a1f7d/sidtoname Correlation ID: 7ce452d4-a2d7-4030-8f5e-29a63816a8a9"
"17-08-2026 16:00:13","1104","Error","Microsoft-Windows-AAD","AAD Cloud AP plugin call Lookup name name from SID returned error: 0xC00485D3"
"17-08-2026 16:00:13","1025","Error","Microsoft-Windows-AAD","Http request status: 400. Method: GET Endpoint Uri: https://login.microsoftonline.com/6ac7a1f4-5fb1-4153-bb4f-12d2020a1f7d/sidtoname Correlation ID: 5174a32d-3880-414c-8ecc-3c90c364d916"
"17-08-2026 16:00:12","1104","Error","Microsoft-Windows-AAD","AAD Cloud AP plugin call Lookup name name from SID returned error: 0xC00485D3"
"17-08-2026 16:00:12","1025","Error","Microsoft-Windows-AAD","Http request status: 400. Method: GET Endpoint Uri: https://login.microsoftonline.com/6ac7a1f4-5fb1-4153-bb4f-12d2020a1f7d/sidtoname Correlation ID: bafe4ab9-03ac-4028-ad17-e11a9918c0c1"
"17-08-2026 16:00:11","1104","Error","Microsoft-Windows-AAD","AAD Cloud AP plugin call Lookup name name from SID returned error: 0xC00485D3"
"17-08-2026 16:00:11","1025","Error","Microsoft-Windows-AAD","Http request status: 400. Method: GET Endpoint Uri: https://login.microsoftonline.com/6ac7a1f4-5fb1-4153-bb4f-12d2020a1f7d/sidtoname Correlation ID: c1d26ed2-5b82-4c82-bee6-f5124b061d06"
"17-08-2026 16:00:10","1104","Error","Microsoft-Windows-AAD","AAD Cloud AP plugin call Lookup name name from SID returned error: 0xC00485D3"
"17-08-2026 16:00:10","1025","Error","Microsoft-Windows-AAD","Http request status: 400. Method: GET Endpoint Uri: https://login.microsoftonline.com/6ac7a1f4-5fb1-4153-bb4f-12d2020a1f7d/sidtoname Correlation ID: 89f6bd7c-d6ba-463a-9fd9-646ff07f5a8a"
"17-08-2026 15:59:59","1104","Error","Microsoft-Windows-AAD","AAD Cloud AP plugin call Lookup name name from SID returned error: 0xC00485D3"
"17-08-2026 15:59:59","1025","Error","Microsoft-Windows-AAD","Http request status: 400. Method: GET Endpoint Uri: https://login.microsoftonline.com/6ac7a1f4-5fb1-4153-bb4f-12d2020a1f7d/sidtoname Correlation ID: 9443d25a-0785-403a-9ddf-7a8d0be394ca"
"17-08-2026 15:59:58","1104","Error","Microsoft-Windows-AAD","AAD Cloud AP plugin call Lookup name name from SID returned error: 0xC00485D3"
"17-08-2026 15:59:58","1025","Error","Microsoft-Windows-AAD","Http request status: 400. Method: GET Endpoint Uri: https://login.microsoftonline.com/6ac7a1f4-5fb1-4153-bb4f-12d2020a1f7d/sidtoname Correlation ID: 3cd3ebf3-c5b5-4191-a18e-0a36f4758707"
"17-08-2026 15:59:57","1104","Error","Microsoft-Windows-AAD","AAD Cloud AP plugin call Lookup name name from SID returned error: 0xC00485D3"
"17-08-2026 15:59:57","1025","Error","Microsoft-Windows-AAD","Http request status: 400. Method: GET Endpoint Uri: https://login.microsoftonline.com/6ac7a1f4-5fb1-4153-bb4f-12d2020a1f7d/sidtoname Correlation ID: 7ecaa7a8-1ce4-4fdd-b6ef-157f6994c5fb"
"17-08-2026 15:59:56","1104","Error","Microsoft-Windows-AAD","AAD Cloud AP plugin call Lookup name name from SID returned error: 0xC00485D3"
"17-08-2026 15:59:56","1025","Error","Microsoft-Windows-AAD","Http request status: 400. Method: GET Endpoint Uri: https://login.microsoftonline.com/6ac7a1f4-5fb1-4153-bb4f-12d2020a1f7d/sidtoname Correlation ID: b241202c-9dd5-45ca-92ab-d4bac47b0069"
"17-08-2026 15:59:55","1104","Error","Microsoft-Windows-AAD","AAD Cloud AP plugin call Lookup name name from SID returned error: 0xC00485D3"
"17-08-2026 15:59:55","1025","Error","Microsoft-Windows-AAD","Http request status: 400. Method: GET Endpoint Uri: https://login.microsoftonline.com/6ac7a1f4-5fb1-4153-bb4f-12d2020a1f7d/sidtoname Correlation ID: a5734939-149f-4934-b919-ad8f3dbdb4b1"
"17-08-2026 15:59:54","1104","Error","Microsoft-Windows-AAD","AAD Cloud AP plugin call Lookup name name from SID returned error: 0xC00485D3"
"17-08-2026 15:59:54","1025","Error","Microsoft-Windows-AAD","Http request status: 400. Method: GET Endpoint Uri: https://login.microsoftonline.com/6ac7a1f4-5fb1-4153-bb4f-12d2020a1f7d/sidtoname Correlation ID: 86c6a548-b252-4d71-bfeb-990315aef340"
"17-08-2026 15:56:57","1104","Error","Microsoft-Windows-AAD","AAD Cloud AP plugin call Lookup name name from SID returned error: 0xC00485D3"
"17-08-2026 15:56:57","1025","Error","Microsoft-Windows-AAD","Http request status: 400. Method: GET Endpoint Uri: https://login.microsoftonline.com/6ac7a1f4-5fb1-4153-bb4f-12d2020a1f7d/sidtoname Correlation ID: ac80d1f3-1b0d-4662-bc49-c6aee8825c48"
"17-08-2026 15:56:56","1104","Error","Microsoft-Windows-AAD","AAD Cloud AP plugin call Lookup name name from SID returned error: 0xC00485D3"
"17-08-2026 15:56:56","1025","Error","Microsoft-Windows-AAD","Http request status: 400. Method: GET Endpoint Uri: https://login.microsoftonline.com/6ac7a1f4-5fb1-4153-bb4f-12d2020a1f7d/sidtoname Correlation ID: 5250b334-7eaf-41ea-af9f-10f662d13b87"
"17-08-2026 15:56:55","1104","Error","Microsoft-Windows-AAD","AAD Cloud AP plugin call Lookup name name from SID returned error: 0xC00485D3"
"17-08-2026 15:56:55","1025","Error","Microsoft-Windows-AAD","Http request status: 400. Method: GET Endpoint Uri: https://login.microsoftonline.com/6ac7a1f4-5fb1-4153-bb4f-12d2020a1f7d/sidtoname Correlation ID: a3279b5c-8e92-4cd0-ae75-88651d224573"
"17-08-2026 15:56:54","1104","Error","Microsoft-Windows-AAD","AAD Cloud AP plugin call Lookup name name from SID returned error: 0xC00485D3"
"17-08-2026 15:56:54","1025","Error","Microsoft-Windows-AAD","Http request status: 400. Method: GET Endpoint Uri: https://login.microsoftonline.com/6ac7a1f4-5fb1-4153-bb4f-12d2020a1f7d/sidtoname Correlation ID: fa805e41-7447-46c8-921a-84c64659af14"
"17-08-2026 15:56:53","1104","Error","Microsoft-Windows-AAD","AAD Cloud AP plugin call Lookup name name from SID returned error: 0xC00485D3"
"17-08-2026 15:56:53","1025","Error","Microsoft-Windows-AAD","Http request status: 400. Method: GET Endpoint Uri: https://login.microsoftonline.com/6ac7a1f4-5fb1-4153-bb4f-12d2020a1f7d/sidtoname Correlation ID: 262609cd-24c6-4bea-b329-c35ead4b5f5c"
"17-08-2026 15:56:52","1104","Error","Microsoft-Windows-AAD","AAD Cloud AP plugin call Lookup name name from SID returned error: 0xC00485D3"
"17-08-2026 15:56:52","1025","Error","Microsoft-Windows-AAD","Http request status: 400. Method: GET Endpoint Uri: https://login.microsoftonline.com/6ac7a1f4-5fb1-4153-bb4f-12d2020a1f7d/sidtoname Correlation ID: ac04bc5d-1772-4cd9-9b96-87ed4dd11827"
"17-08-2026 15:48:31","1251","Information","Microsoft-Windows-AAD","DoGetEnterpriseToken Diagnostic Event:
Result: 0xC0000250
User Identity: arjo5004.t1@nielseniq.com
Credential Type: 1
Correlation ID: 460f8c8b-f656-472c-ab6a-ea7b41a6a68b
Endpoint Uri: https://sts.nielseniq.com/adfs/oauth2/token/
HTTP Status: POST
HTTP Method: The operation completed successfully.
ErrorCode: 401
Error Description: interaction_required"
"17-08-2026 15:48:31","1118","Error","Microsoft-Windows-AAD","Enterprise STS Logon failure. Status: 0xC0000250 Correlation ID: 460f8c8b-f656-472c-ab6a-ea7b41a6a68b"
"17-08-2026 15:48:31","1081","Error","Microsoft-Windows-AAD","OAuth response error: interaction_required
Error description: MSIS9699: GlobalAuthenticationPolicy on the Server doesn't allow this OAuth JWT Bearer request. Please contact the administrator to update the GlobalAuthenticationPolicy.
CorrelationID: "
"17-08-2026 15:48:31","1025","Error","Microsoft-Windows-AAD","Http request status: 401. Method: POST Endpoint Uri: https://sts.nielseniq.com/adfs/oauth2/token/ Correlation ID: 460f8c8b-f656-472c-ab6a-ea7b41a6a68b"
"17-08-2026 15:48:30","1241","Information","Microsoft-Windows-AAD","On-prem tgt error: On-prem configuration is missing"
"17-08-2026 15:09:42","1251","Information","Microsoft-Windows-AAD","DoGetEnterpriseToken Diagnostic Event:
Result: 0xC0000250
User Identity: arjo5004.t1@nielseniq.com
Credential Type: 1
Correlation ID: d717c106-921c-46b0-af2a-0e02aac5302b
Endpoint Uri: https://sts.nielseniq.com/adfs/oauth2/token/
HTTP Status: POST
HTTP Method: The operation completed successfully.
ErrorCode: 401
Error Description: interaction_required"
"17-08-2026 15:09:42","1118","Error","Microsoft-Windows-AAD","Enterprise STS Logon failure. Status: 0xC0000250 Correlation ID: d717c106-921c-46b0-af2a-0e02aac5302b"
"17-08-2026 15:09:42","1081","Error","Microsoft-Windows-AAD","OAuth response error: interaction_required
Error description: MSIS9699: GlobalAuthenticationPolicy on the Server doesn't allow this OAuth JWT Bearer request. Please contact the administrator to update the GlobalAuthenticationPolicy.
CorrelationID: "
"17-08-2026 15:09:42","1025","Error","Microsoft-Windows-AAD","Http request status: 401. Method: POST Endpoint Uri: https://sts.nielseniq.com/adfs/oauth2/token/ Correlation ID: d717c106-921c-46b0-af2a-0e02aac5302b"
"17-08-2026 15:09:41","1241","Information","Microsoft-Windows-AAD","On-prem tgt error: On-prem configuration is missing"
"17-08-2026 15:09:39","1280","Information","Microsoft-Windows-AAD","PRT session key needs to be rolled.
Reason: VSM key rollover"
"17-08-2026 14:28:25","1241","Information","Microsoft-Windows-AAD","On-prem tgt error: On-prem configuration is missing"
"17-08-2026 14:03:58","1104","Error","Microsoft-Windows-AAD","AAD Cloud AP plugin call Post logon processing returned error: 0xC000006D"
"17-08-2026 14:03:58","1159","Warning","Microsoft-Windows-AAD","AadCloudAPPlugin S4U logon failed. Status: 0xC000006D"
"17-08-2026 14:03:56","1241","Information","Microsoft-Windows-AAD","On-prem tgt error: On-prem configuration is missing"
"17-08-2026 14:03:54","1251","Information","Microsoft-Windows-AAD","DoGetEnterpriseToken Diagnostic Event:
Result: 0xC0000250
User Identity: joe.prakash@nielseniq.com
Credential Type: 2
Correlation ID: d5fc3a00-aac8-4da5-bb2c-a65dc153f114
Endpoint Uri: https://sts.nielseniq.com/adfs/oauth2/token/
HTTP Status: POST
HTTP Method: The operation completed successfully.
ErrorCode: 401
Error Description: interaction_required"
"17-08-2026 14:03:54","1118","Error","Microsoft-Windows-AAD","Enterprise STS Logon failure. Status: 0xC0000250 Correlation ID: d5fc3a00-aac8-4da5-bb2c-a65dc153f114"
"17-08-2026 14:03:54","1081","Error","Microsoft-Windows-AAD","OAuth response error: interaction_required
Error description: MSIS9699: GlobalAuthenticationPolicy on the Server doesn't allow this OAuth JWT Bearer request. Please contact the administrator to update the GlobalAuthenticationPolicy.
CorrelationID: "
"17-08-2026 14:03:54","1025","Error","Microsoft-Windows-AAD","Http request status: 401. Method: POST Endpoint Uri: https://sts.nielseniq.com/adfs/oauth2/token/ Correlation ID: d5fc3a00-aac8-4da5-bb2c-a65dc153f114"
"17-08-2026 14:03:52","1241","Information","Microsoft-Windows-AAD","On-prem tgt error: On-prem configuration is missing"
"17-08-2026 13:37:10","1241","Information","Microsoft-Windows-AAD","On-prem tgt error: On-prem configuration is missing"
"17-08-2026 13:35:54","1241","Information","Microsoft-Windows-AAD","On-prem tgt error: On-prem configuration is missing"
"17-08-2026 13:30:59","1104","Error","Microsoft-Windows-AAD","AAD Cloud AP plugin call Post logon processing returned error: 0xC000006D"
"17-08-2026 13:30:59","1159","Warning","Microsoft-Windows-AAD","AadCloudAPPlugin S4U logon failed. Status: 0xC000006D"
"17-08-2026 13:30:56","1241","Information","Microsoft-Windows-AAD","On-prem tgt error: On-prem configuration is missing"
"17-08-2026 13:30:55","1251","Information","Microsoft-Windows-AAD","DoGetEnterpriseToken Diagnostic Event:
Result: 0xC0000250
User Identity: joe.prakash@nielseniq.com
Credential Type: 2
Correlation ID: 0b46f9f3-e45b-4743-9e87-bfdb8aa0d8ef
Endpoint Uri: https://sts.nielseniq.com/adfs/oauth2/token/
HTTP Status: POST
HTTP Method: The operation completed successfully.
ErrorCode: 401
Error Description: interaction_required"
"17-08-2026 13:30:55","1118","Error","Microsoft-Windows-AAD","Enterprise STS Logon failure. Status: 0xC0000250 Correlation ID: 0b46f9f3-e45b-4743-9e87-bfdb8aa0d8ef"
"17-08-2026 13:30:55","1081","Error","Microsoft-Windows-AAD","OAuth response error: interaction_required
Error description: MSIS9699: GlobalAuthenticationPolicy on the Server doesn't allow this OAuth JWT Bearer request. Please contact the administrator to update the GlobalAuthenticationPolicy.
CorrelationID: "
"17-08-2026 13:30:55","1025","Error","Microsoft-Windows-AAD","Http request status: 401. Method: POST Endpoint Uri: https://sts.nielseniq.com/adfs/oauth2/token/ Correlation ID: 0b46f9f3-e45b-4743-9e87-bfdb8aa0d8ef"
"17-08-2026 13:30:53","1241","Information","Microsoft-Windows-AAD","On-prem tgt error: On-prem configuration is missing"
"17-08-2026 11:50:52","1241","Information","Microsoft-Windows-AAD","On-prem tgt error: On-prem configuration is missing"
"17-08-2026 11:28:40","1104","Error","Microsoft-Windows-AAD","AAD Cloud AP plugin call Post logon processing returned error: 0xC000006D"
"17-08-2026 11:28:40","1159","Warning","Microsoft-Windows-AAD","AadCloudAPPlugin S4U logon failed. Status: 0xC000006D"
"17-08-2026 11:28:37","1241","Information","Microsoft-Windows-AAD","On-prem tgt error: On-prem configuration is missing"
"17-08-2026 11:28:36","1251","Information","Microsoft-Windows-AAD","DoGetEnterpriseToken Diagnostic Event:
Result: 0xC0000250
User Identity: joe.prakash@nielseniq.com
Credential Type: 2
Correlation ID: 6991ea7c-18b9-4af2-936b-255b1f1ce1dd
Endpoint Uri: https://sts.nielseniq.com/adfs/oauth2/token/
HTTP Status: POST
HTTP Method: The operation completed successfully.
ErrorCode: 401
Error Description: interaction_required"
"17-08-2026 11:28:36","1118","Error","Microsoft-Windows-AAD","Enterprise STS Logon failure. Status: 0xC0000250 Correlation ID: 6991ea7c-18b9-4af2-936b-255b1f1ce1dd"
"17-08-2026 11:28:36","1081","Error","Microsoft-Windows-AAD","OAuth response error: interaction_required
Error description: MSIS9699: GlobalAuthenticationPolicy on the Server doesn't allow this OAuth JWT Bearer request. Please contact the administrator to update the GlobalAuthenticationPolicy.
CorrelationID: "
"17-08-2026 11:28:36","1025","Error","Microsoft-Windows-AAD","Http request status: 401. Method: POST Endpoint Uri: https://sts.nielseniq.com/adfs/oauth2/token/ Correlation ID: 6991ea7c-18b9-4af2-936b-255b1f1ce1dd"
"17-08-2026 11:28:35","1241","Information","Microsoft-Windows-AAD","On-prem tgt error: On-prem configuration is missing"
"17-08-2026 10:58:21","1241","Information","Microsoft-Windows-AAD","On-prem tgt error: On-prem configuration is missing"
"17-08-2026 10:10:05","1104","Error","Microsoft-Windows-AAD","AAD Cloud AP plugin call Post logon processing returned error: 0xC000006D"
"17-08-2026 10:10:05","1159","Warning","Microsoft-Windows-AAD","AadCloudAPPlugin S4U logon failed. Status: 0xC000006D"
"17-08-2026 10:10:03","1241","Information","Microsoft-Windows-AAD","On-prem tgt error: On-prem configuration is missing"
"17-08-2026 10:10:02","1251","Information","Microsoft-Windows-AAD","DoGetEnterpriseToken Diagnostic Event:
Result: 0xC0000250
User Identity: joe.prakash@nielseniq.com
Credential Type: 2
Correlation ID: b3f780f5-cae0-4692-9505-3a66bdf3a43c
Endpoint Uri: https://sts.nielseniq.com/adfs/oauth2/token/
HTTP Status: POST
HTTP Method: The operation completed successfully.
ErrorCode: 401
Error Description: interaction_required"
"17-08-2026 10:10:02","1118","Error","Microsoft-Windows-AAD","Enterprise STS Logon failure. Status: 0xC0000250 Correlation ID: b3f780f5-cae0-4692-9505-3a66bdf3a43c"
"17-08-2026 10:10:02","1081","Error","Microsoft-Windows-AAD","OAuth response error: interaction_required
Error description: MSIS9699: GlobalAuthenticationPolicy on the Server doesn't allow this OAuth JWT Bearer request. Please contact the administrator to update the GlobalAuthenticationPolicy.
CorrelationID: "
"17-08-2026 10:10:02","1025","Error","Microsoft-Windows-AAD","Http request status: 401. Method: POST Endpoint Uri: https://sts.nielseniq.com/adfs/oauth2/token/ Correlation ID: b3f780f5-cae0-4692-9505-3a66bdf3a43c"
"17-08-2026 10:09:59","1241","Information","Microsoft-Windows-AAD","On-prem tgt error: On-prem configuration is missing"
"17-08-2026 10:09:59","1241","Information","Microsoft-Windows-AAD","On-prem tgt error: On-prem configuration is missing"
"17-08-2026 10:09:59","1241","Information","Microsoft-Windows-AAD","On-prem tgt error: On-prem configuration is missing"
"17-08-2026 10:01:00","1241","Information","Microsoft-Windows-AAD","On-prem tgt error: On-prem configuration is missing"
"17-08-2026 09:37:01","1104","Error","Microsoft-Windows-AAD","AAD Cloud AP plugin call Post logon processing returned error: 0xC000006D"
"17-08-2026 09:37:01","1159","Warning","Microsoft-Windows-AAD","AadCloudAPPlugin S4U logon failed. Status: 0xC000006D"
"17-08-2026 09:36:58","1241","Information","Microsoft-Windows-AAD","On-prem tgt error: On-prem configuration is missing"
"17-08-2026 09:36:56","1251","Information","Microsoft-Windows-AAD","DoGetEnterpriseToken Diagnostic Event:
Result: 0xC0000250
User Identity: joe.prakash@nielseniq.com
Credential Type: 2
Correlation ID: cc9e9142-bf5f-4fd8-a0ab-ef4ce1bef257
Endpoint Uri: https://sts.nielseniq.com/adfs/oauth2/token/
HTTP Status: POST
HTTP Method: The operation completed successfully.
ErrorCode: 401
Error Description: interaction_required"
"17-08-2026 09:36:56","1118","Error","Microsoft-Windows-AAD","Enterprise STS Logon failure. Status: 0xC0000250 Correlation ID: cc9e9142-bf5f-4fd8-a0ab-ef4ce1bef257"
"17-08-2026 09:36:56","1081","Error","Microsoft-Windows-AAD","OAuth response error: interaction_required
Error description: MSIS9699: GlobalAuthenticationPolicy on the Server doesn't allow this OAuth JWT Bearer request. Please contact the administrator to update the GlobalAuthenticationPolicy.
CorrelationID: "
"17-08-2026 09:36:56","1025","Error","Microsoft-Windows-AAD","Http request status: 401. Method: POST Endpoint Uri: https://sts.nielseniq.com/adfs/oauth2/token/ Correlation ID: cc9e9142-bf5f-4fd8-a0ab-ef4ce1bef257"
