"17-06-2026 10:12:03","400","Information","Microsoft-Windows-Kernel-PnP","Device SOUNDWIRE\SDCA_06&MAN_01FA&FUNC_4243&TYPE_06&VER_01&ADR_03&LID_00&UID_00&SUBSYS_0CE81028&DynamicEnumSpeaker0\8&b098aae&0&00001700 was configured.

Driver Name: oem249.inf
Driver Package ID: cl_hp_0ce8.inf_amd64_58ad831ab1f1584e
Class GUID: {e2f84ce7-8efa-411c-aa69-97454ca4cb57}
Driver Date: 02/14/2025
Driver Version: 1.13.6.313
Driver Provider: Cirrus Logic, Inc.
Driver Section: Tuning_Install.UAJ.Win11
Driver Rank: 0xFF0000
Matching Device ID: SOUNDWIRE\SDCA_06&MAN_01FA&FUNC_4243&TYPE_06&VER_01&ADR_03&LID_00&UID_00&SUBSYS_0CE81028&DynamicEnumSpeaker0
Outranked Drivers: 
Device Updated: true
Parent Device: SOUNDWIRE\SDCA_06&MAN_01FA&FUNC_4243&TYPE_06&VER_01&ADR_03&LID_00&UID_00&SUBSYS_0CE81028\7&2796ba65&0&0000000000000003"
"17-06-2026 10:12:03","400","Information","Microsoft-Windows-Kernel-PnP","Device SOUNDWIRE\SDCA_06&MAN_01FA&FUNC_4243&TYPE_06&VER_01&ADR_03&LID_00&UID_00&SUBSYS_0CE81028&DynamicEnumSpeaker0\8&b098aae&0&00001700 was configured.

Driver Name: oem66.inf
Driver Package ID: sdcaclass.inf_amd64_0b2f30007e05e98a
Class GUID: {4d36e96c-e325-11ce-bfc1-08002be10318}
Driver Date: 01/17/2025
Driver Version: 10.0.2410.7
Driver Provider: Microsoft
Driver Section: SoundwireClass_Device_Child.NT
Driver Rank: 0xFF2000
Matching Device ID: SOUNDWIRE\DynamicEnumChild
Outranked Drivers: 
Device Updated: true
Parent Device: SOUNDWIRE\SDCA_06&MAN_01FA&FUNC_4243&TYPE_06&VER_01&ADR_03&LID_00&UID_00&SUBSYS_0CE81028\7&2796ba65&0&0000000000000003"
"17-06-2026 09:34:46","410","Information","Microsoft-Windows-Kernel-PnP","Device SWD\DRIVERENUM\DPMAutoInstallDriver_Device_component&9&15273fe1&0 was started.

Driver Name: oem425.inf
Class GUID: {5c4c3332-344d-483c-8739-259e934c9cc8}
Service: 
Lower Filters: 
Upper Filters: "
"17-06-2026 09:34:46","410","Information","Microsoft-Windows-Kernel-PnP","Device HID\VID_413C&PID_4503&MI_01&Col01\8&29f3806e&0&0000 was started.

Driver Name: msmouse.inf
Class GUID: {4d36e96f-e325-11ce-bfc1-08002be10318}
Service: mouhid
Lower Filters: 
Upper Filters: "
"17-06-2026 09:34:46","410","Information","Microsoft-Windows-Kernel-PnP","Device HID\VID_413C&PID_4503&MI_00\8&61c42ac&0&0000 was started.

Driver Name: keyboard.inf
Class GUID: {4d36e96b-e325-11ce-bfc1-08002be10318}
Service: kbdhid
Lower Filters: 
Upper Filters: "
"17-06-2026 09:34:46","400","Information","Microsoft-Windows-Kernel-PnP","Device SWD\DRIVERENUM\DPMAutoInstallDriver_Device_component&9&15273fe1&0 was configured.

Driver Name: oem425.inf
Driver Package ID: ddpmsoftwareinstall_component.inf_amd64_3d39f607b80ee919
Class GUID: {5c4c3332-344d-483c-8739-259e934c9cc8}
Driver Date: 03/03/2025
Driver Version: 1.0.0.8
Driver Provider: Dell Technologies Inc.
Driver Section: DDPMSoftwareInstall_Device_component.NTamd64
Driver Rank: 0xFF0000
Matching Device ID: SWC\DELL_DDPM0001
Outranked Drivers: c_swcomponent.inf:SWC\Generic:00FF3000 c_swdevice.inf:SWD\GenericRaw:00FF3001
Device Updated: false
Parent Device: HID\VID_413C&PID_4503&MI_02&Col02\8&3affadc2&0&0001"
"17-06-2026 09:34:46","410","Information","Microsoft-Windows-Kernel-PnP","Device HID\VID_413C&PID_4503&MI_02&Col02\8&3affadc2&0&0001 was started.

Driver Name: oem135.inf
Class GUID: {745a17a0-74d3-11d0-b6fe-00a0c90f57da}
Service: 
Lower Filters: 
Upper Filters: "
"17-06-2026 09:34:46","410","Information","Microsoft-Windows-Kernel-PnP","Device HID\VID_413C&PID_4503&MI_02&Col01\8&3affadc2&0&0000 was started.

Driver Name: input.inf
Class GUID: {745a17a0-74d3-11d0-b6fe-00a0c90f57da}
Service: 
Lower Filters: 
Upper Filters: "
"17-06-2026 09:34:46","410","Information","Microsoft-Windows-Kernel-PnP","Device HID\VID_413C&PID_4503&MI_01&Col03\8&29f3806e&0&0002 was started.

Driver Name: input.inf
Class GUID: {745a17a0-74d3-11d0-b6fe-00a0c90f57da}
Service: 
Lower Filters: 
Upper Filters: "
"17-06-2026 09:34:46","410","Information","Microsoft-Windows-Kernel-PnP","Device HID\VID_413C&PID_4503&MI_01&Col02\8&29f3806e&0&0001 was started.

Driver Name: hidserv.inf
Class GUID: {745a17a0-74d3-11d0-b6fe-00a0c90f57da}
Service: 
Lower Filters: 
Upper Filters: "
"17-06-2026 09:34:46","400","Information","Microsoft-Windows-Kernel-PnP","Device HID\VID_413C&PID_4503&MI_02&Col02\8&3affadc2&0&0001 was configured.

Driver Name: oem135.inf
Driver Package ID: dpmautoinstalldriver.inf_amd64_412d7d28a0358c95
Class GUID: {745a17a0-74d3-11d0-b6fe-00a0c90f57da}
Driver Date: 12/03/2025
Driver Version: 2.2.0.0
Driver Provider: Dell Inc.
Driver Section: DPMAutoInstallDriver_Device.NT
Driver Rank: 0xFF0001
Matching Device ID: HID\VID_413C&PID_4503&MI_02&Col02
Outranked Drivers: oem68.inf:HID\VID_413C&PID_4503&MI_02&Col02:00FF0001 input.inf:HID_DEVICE_UPR:FF00-FFFF:00FF1004 input.inf:HID_DEVICE:00FF1005
Device Updated: false
Parent Device: USB\VID_413C&PID_4503&MI_02\7&17dfca00&0&0002"
"17-06-2026 09:34:46","400","Information","Microsoft-Windows-Kernel-PnP","Device HID\VID_413C&PID_4503&MI_02&Col01\8&3affadc2&0&0000 was configured.

Driver Name: input.inf
Driver Package ID: input.inf_amd64_b70b241e639b0256
Class GUID: {745a17a0-74d3-11d0-b6fe-00a0c90f57da}
Driver Date: 06/21/2006
Driver Version: 10.0.26100.8115
Driver Provider: Microsoft
Driver Section: HID_Raw_Inst.NT
Driver Rank: 0xFF1004
Matching Device ID: HID_DEVICE_UPR:FF00-FFFF
Outranked Drivers: input.inf:HID_DEVICE:00FF1005
Device Updated: false
Parent Device: USB\VID_413C&PID_4503&MI_02\7&17dfca00&0&0002"
"17-06-2026 09:34:46","410","Information","Microsoft-Windows-Kernel-PnP","Device USB\VID_413C&PID_4503&MI_02\7&17dfca00&0&0002 was started.

Driver Name: input.inf
Class GUID: {745a17a0-74d3-11d0-b6fe-00a0c90f57da}
Service: HidUsb
Lower Filters: 
Upper Filters: "
"17-06-2026 09:34:46","400","Information","Microsoft-Windows-Kernel-PnP","Device HID\VID_413C&PID_4503&MI_01&Col03\8&29f3806e&0&0002 was configured.

Driver Name: input.inf
Driver Package ID: input.inf_amd64_b70b241e639b0256
Class GUID: {745a17a0-74d3-11d0-b6fe-00a0c90f57da}
Driver Date: 06/21/2006
Driver Version: 10.0.26100.8115
Driver Provider: Microsoft
Driver Section: HID_Raw_Inst.NT
Driver Rank: 0xFF1004
Matching Device ID: HID_DEVICE_UP:0001_U:0080
Outranked Drivers: input.inf:HID_DEVICE:00FF1005
Device Updated: false
Parent Device: USB\VID_413C&PID_4503&MI_01\7&17dfca00&0&0001"
"17-06-2026 09:34:46","400","Information","Microsoft-Windows-Kernel-PnP","Device HID\VID_413C&PID_4503&MI_01&Col02\8&29f3806e&0&0001 was configured.

Driver Name: hidserv.inf
Driver Package ID: hidserv.inf_amd64_3111b4bfb553788d
Class GUID: {745a17a0-74d3-11d0-b6fe-00a0c90f57da}
Driver Date: 06/21/2006
Driver Version: 10.0.26100.1
Driver Provider: Microsoft
Driver Section: HIDSystemConsumerDevice
Driver Rank: 0xFF0004
Matching Device ID: HID_DEVICE_UP:000C_U:0001
Outranked Drivers: input.inf:HID_DEVICE:00FF1005
Device Updated: false
Parent Device: USB\VID_413C&PID_4503&MI_01\7&17dfca00&0&0001"
"17-06-2026 09:34:46","400","Information","Microsoft-Windows-Kernel-PnP","Device HID\VID_413C&PID_4503&MI_01&Col01\8&29f3806e&0&0000 was configured.

Driver Name: msmouse.inf
Driver Package ID: msmouse.inf_amd64_097bbd709f0c4972
Class GUID: {4d36e96f-e325-11ce-bfc1-08002be10318}
Driver Date: 06/21/2006
Driver Version: 10.0.26100.1150
Driver Provider: Microsoft
Driver Section: HID_Mouse_Inst.NT
Driver Rank: 0xFF1003
Matching Device ID: HID_DEVICE_SYSTEM_MOUSE
Outranked Drivers: input.inf:HID_DEVICE:00FF1005
Device Updated: false
Parent Device: USB\VID_413C&PID_4503&MI_01\7&17dfca00&0&0001"
"17-06-2026 09:34:46","410","Information","Microsoft-Windows-Kernel-PnP","Device USB\VID_413C&PID_4503&MI_01\7&17dfca00&0&0001 was started.

Driver Name: input.inf
Class GUID: {745a17a0-74d3-11d0-b6fe-00a0c90f57da}
Service: HidUsb
Lower Filters: 
Upper Filters: "
"17-06-2026 09:34:46","400","Information","Microsoft-Windows-Kernel-PnP","Device HID\VID_413C&PID_4503&MI_00\8&61c42ac&0&0000 was configured.

Driver Name: keyboard.inf
Driver Package ID: keyboard.inf_amd64_c56788078819b951
Class GUID: {4d36e96b-e325-11ce-bfc1-08002be10318}
Driver Date: 06/21/2006
Driver Version: 10.0.26100.1882
Driver Provider: Microsoft
Driver Section: HID_Keyboard_Inst.NT
Driver Rank: 0xFF1003
Matching Device ID: HID_DEVICE_SYSTEM_KEYBOARD
Outranked Drivers: input.inf:HID_DEVICE:00FF1005
Device Updated: false
Parent Device: USB\VID_413C&PID_4503&MI_00\7&17dfca00&0&0000"
"17-06-2026 09:34:46","410","Information","Microsoft-Windows-Kernel-PnP","Device USB\VID_413C&PID_4503&MI_00\7&17dfca00&0&0000 was started.

Driver Name: input.inf
Class GUID: {745a17a0-74d3-11d0-b6fe-00a0c90f57da}
Service: HidUsb
Lower Filters: 
Upper Filters: "
"17-06-2026 09:34:46","400","Information","Microsoft-Windows-Kernel-PnP","Device USB\VID_413C&PID_4503&MI_02\7&17dfca00&0&0002 was configured.

Driver Name: input.inf
Driver Package ID: input.inf_amd64_b70b241e639b0256
Class GUID: {745a17a0-74d3-11d0-b6fe-00a0c90f57da}
Driver Date: 06/21/2006
Driver Version: 10.0.26100.8115
Driver Provider: Microsoft
Driver Section: HID_Inst.NT
Driver Rank: 0xFF3205
Matching Device ID: USB\Class_03
Outranked Drivers: 
Device Updated: false
Parent Device: USB\VID_413C&PID_4503\6&8542bea&0&4"
"17-06-2026 09:34:45","400","Information","Microsoft-Windows-Kernel-PnP","Device USB\VID_413C&PID_4503&MI_01\7&17dfca00&0&0001 was configured.

Driver Name: input.inf
Driver Package ID: input.inf_amd64_b70b241e639b0256
Class GUID: {745a17a0-74d3-11d0-b6fe-00a0c90f57da}
Driver Date: 06/21/2006
Driver Version: 10.0.26100.8115
Driver Provider: Microsoft
Driver Section: HID_Inst.NT
Driver Rank: 0xFF3104
Matching Device ID: USB\Class_03&SubClass_01
Outranked Drivers: input.inf:USB\Class_03:00FF3205
Device Updated: false
Parent Device: USB\VID_413C&PID_4503\6&8542bea&0&4"
"17-06-2026 09:34:45","400","Information","Microsoft-Windows-Kernel-PnP","Device USB\VID_413C&PID_4503&MI_00\7&17dfca00&0&0000 was configured.

Driver Name: input.inf
Driver Package ID: input.inf_amd64_b70b241e639b0256
Class GUID: {745a17a0-74d3-11d0-b6fe-00a0c90f57da}
Driver Date: 06/21/2006
Driver Version: 10.0.26100.8115
Driver Provider: Microsoft
Driver Section: HID_Inst.NT
Driver Rank: 0xFF3104
Matching Device ID: USB\Class_03&SubClass_01
Outranked Drivers: input.inf:USB\Class_03:00FF3205
Device Updated: false
Parent Device: USB\VID_413C&PID_4503\6&8542bea&0&4"
"17-06-2026 09:34:45","410","Information","Microsoft-Windows-Kernel-PnP","Device USB\VID_413C&PID_4503\6&8542bea&0&4 was started.

Driver Name: usb.inf
Class GUID: {36fc9e60-c465-11cf-8056-444553540000}
Service: usbccgp
Lower Filters: 
Upper Filters: "
"17-06-2026 09:34:45","400","Information","Microsoft-Windows-Kernel-PnP","Device USB\VID_413C&PID_4503\6&8542bea&0&4 was configured.

Driver Name: usb.inf
Driver Package ID: usb.inf_amd64_ca05aed6371fe9f7
Class GUID: {36fc9e60-c465-11cf-8056-444553540000}
Driver Date: 06/21/2006
Driver Version: 10.0.26100.8115
Driver Provider: Microsoft
Driver Section: Composite.Dev.NT
Driver Rank: 0xFF2006
Matching Device ID: USB\COMPOSITE
Outranked Drivers: 
Device Updated: false
Parent Device: USB\VID_0424&PID_2806\5&2dc84fba&0&1"
"16-06-2026 16:32:37","410","Information","Microsoft-Windows-Kernel-PnP","Device SWD\MMDEVAPI\{0.0.0.00000000}.{a7e3229c-a2f4-45da-ba8b-eafb9526b00d} was started.

Driver Name: audioendpoint.inf
Class GUID: {c166523c-fe0c-4a94-a586-f1a80cfbbf3e}
Service: 
Lower Filters: 
Upper Filters: "
"16-06-2026 16:32:36","400","Information","Microsoft-Windows-Kernel-PnP","Device SWD\MMDEVAPI\{0.0.0.00000000}.{a7e3229c-a2f4-45da-ba8b-eafb9526b00d} was configured.

Driver Name: audioendpoint.inf
Driver Package ID: audioendpoint.inf_amd64_271c4d03bad18da8
Class GUID: {c166523c-fe0c-4a94-a586-f1a80cfbbf3e}
Driver Date: 03/31/2024
Driver Version: 10.0.26100.1
Driver Provider: Microsoft
Driver Section: NO_DRV
Driver Rank: 0xFF0000
Matching Device ID: MMDEVAPI\AudioEndpoints
Outranked Drivers: c_swdevice.inf:SWD\GenericRaw:00FF3001
Device Updated: false
Parent Device: USB\VID_047F&PID_C058&MI_00\6&ba27757&0&0000"
"16-06-2026 16:32:36","410","Information","Microsoft-Windows-Kernel-PnP","Device SWD\MMDEVAPI\{0.0.1.00000000}.{a0ca9b06-7c8b-4c05-8296-355e5a3c8095} was started.

Driver Name: audioendpoint.inf
Class GUID: {c166523c-fe0c-4a94-a586-f1a80cfbbf3e}
Service: 
Lower Filters: 
Upper Filters: "
"16-06-2026 16:32:36","400","Information","Microsoft-Windows-Kernel-PnP","Device SWD\MMDEVAPI\{0.0.1.00000000}.{a0ca9b06-7c8b-4c05-8296-355e5a3c8095} was configured.

Driver Name: audioendpoint.inf
Driver Package ID: audioendpoint.inf_amd64_271c4d03bad18da8
Class GUID: {c166523c-fe0c-4a94-a586-f1a80cfbbf3e}
Driver Date: 03/31/2024
Driver Version: 10.0.26100.1
Driver Provider: Microsoft
Driver Section: NO_DRV
Driver Rank: 0xFF0000
Matching Device ID: MMDEVAPI\AudioEndpoints
Outranked Drivers: c_swdevice.inf:SWD\GenericRaw:00FF3001
Device Updated: false
Parent Device: USB\VID_047F&PID_C058&MI_00\6&ba27757&0&0000"
"16-06-2026 16:24:21","410","Information","Microsoft-Windows-Kernel-PnP","Device SWD\MMDEVAPI\{0.0.0.00000000}.{bf0f88ac-f38b-44df-b277-c478d4972835} was started.

Driver Name: audioendpoint.inf
Class GUID: {c166523c-fe0c-4a94-a586-f1a80cfbbf3e}
Service: 
Lower Filters: 
Upper Filters: "
"16-06-2026 16:24:21","400","Information","Microsoft-Windows-Kernel-PnP","Device SWD\MMDEVAPI\{0.0.0.00000000}.{bf0f88ac-f38b-44df-b277-c478d4972835} was configured.

Driver Name: audioendpoint.inf
Driver Package ID: audioendpoint.inf_amd64_271c4d03bad18da8
Class GUID: {c166523c-fe0c-4a94-a586-f1a80cfbbf3e}
Driver Date: 03/31/2024
Driver Version: 10.0.26100.1
Driver Provider: Microsoft
Driver Section: NO_DRV
Driver Rank: 0xFF0000
Matching Device ID: MMDEVAPI\AudioEndpoints
Outranked Drivers: c_swdevice.inf:SWD\GenericRaw:00FF3001
Device Updated: false
Parent Device: HDAUDIO\SUBFUNC_01&VEN_8086&DEV_281D&NID_0001&SUBSYS_00000000&REV_1000\6&15d34dff&0&0002&00000025"
"16-06-2026 16:24:20","410","Information","Microsoft-Windows-Kernel-PnP","Device HDAUDIO\SUBFUNC_01&VEN_8086&DEV_281D&NID_0001&SUBSYS_00000000&REV_1000\6&15d34dff&0&0002&00000025 was started.

Driver Name: oem346.inf
Class GUID: {4d36e96c-e325-11ce-bfc1-08002be10318}
Service: 
Lower Filters: 
Upper Filters: "
"16-06-2026 16:24:20","400","Information","Microsoft-Windows-Kernel-PnP","Device HDAUDIO\SUBFUNC_01&VEN_8086&DEV_281D&NID_0001&SUBSYS_00000000&REV_1000\6&15d34dff&0&0002&00000025 was configured.

Driver Name: oem346.inf
Driver Package ID: mshdadac.inf_amd64_a75c1fc7e527ee75
Class GUID: {4d36e96c-e325-11ce-bfc1-08002be10318}
Driver Date: 04/16/2026
Driver Version: 32.0.101.8724
Driver Provider: Intel Corporation
Driver Section: Audio_Child_Device_Wrapper.NT
Driver Rank: 0xFF3008
Matching Device ID: HDAUDIO\SUBFUNC_01&VEN_8086&DEV_281D
Outranked Drivers: oem484.inf:HDAUDIO\SUBFUNC_01&VEN_8086&DEV_281D:00FF3008
Device Updated: false
Parent Device: INTELAUDIO\SGPC_FUNC_01&VEN_8086&DEV_281D&SUBSYS_80860101&REV_1000\5&32640736&1&0201DIF_000B&UIF_0000"
"16-06-2026 16:24:20","410","Information","Microsoft-Windows-Kernel-PnP","Device INTELAUDIO\SGPC_FUNC_01&VEN_8086&DEV_281D&SUBSYS_80860101&REV_1000\5&32640736&1&0201DIF_000B&UIF_0000 was started.

Driver Name: oem346.inf
Class GUID: {4d36e96c-e325-11ce-bfc1-08002be10318}
Service: AcxHdAudio
Lower Filters: 
Upper Filters: "
"16-06-2026 16:24:20","400","Information","Microsoft-Windows-Kernel-PnP","Device INTELAUDIO\SGPC_FUNC_01&VEN_8086&DEV_281D&SUBSYS_80860101&REV_1000\5&32640736&1&0201DIF_000B&UIF_0000 was configured.

Driver Name: oem346.inf
Driver Package ID: mshdadac.inf_amd64_a75c1fc7e527ee75
Class GUID: {4d36e96c-e325-11ce-bfc1-08002be10318}
Driver Date: 04/16/2026
Driver Version: 32.0.101.8724
Driver Provider: Intel Corporation
Driver Section: Audio_Device_Wrapper.NT
Driver Rank: 0xF00001
Matching Device ID: INTELAUDIO\SGPC_FUNC_01&VEN_8086&DEV_281D&SUBSYS_80860101
Outranked Drivers: oem484.inf:INTELAUDIO\SGPC_FUNC_01&VEN_8086&DEV_281D&SUBSYS_80860101:00F00001 oem484.inf:INTELAUDIO\SGPC_FUNC_01&VEN_8086&DEV_281D:00F01003 oem346.inf:INTELAUDIO\SGPC_FUNC_01&VEN_8086&DEV_281D:00F01003
Device Updated: false
Parent Device: INTELAUDIO\DSP_CTLR_DEV_7728&VEN_8086&DEV_0222&SUBSYS_0CE81028&REV_0000\4&417d3cc&0&0800DIF_000B&UIF_0000"
"16-06-2026 10:00:07","410","Information","Microsoft-Windows-Kernel-PnP","Device SWD\DRIVERENUM\{ceddd3b4-1c8d-4834-805d-9dcefa53921f}#intelliGoAPOSvc&9&1ea0a8e3&0 was started.

Driver Name: oem525.inf
Class GUID: {5c4c3332-344d-483c-8739-259e934c9cc8}
Service: 
Lower Filters: 
Upper Filters: "
"16-06-2026 10:00:07","410","Information","Microsoft-Windows-Kernel-PnP","Device SWD\DRIVERENUM\{ceddd3b4-1c8d-4834-805d-9dcefa53921f}#intelliGoAPOBase&9&1ea0a8e3&0 was started.

Driver Name: oem457.inf
Class GUID: {5989fce8-9cd0-467d-8a6a-5419e31529d4}
Service: 
Lower Filters: 
Upper Filters: "
"16-06-2026 10:00:07","410","Information","Microsoft-Windows-Kernel-PnP","Device SWD\DRIVERENUM\{ceddd3b4-1c8d-4834-805d-9dcefa53921f}#intelliGoAPOSvc&9&2d1483df&0 was started.

Driver Name: oem525.inf
Class GUID: {5c4c3332-344d-483c-8739-259e934c9cc8}
Service: 
Lower Filters: 
Upper Filters: "
"16-06-2026 10:00:07","410","Information","Microsoft-Windows-Kernel-PnP","Device SWD\DRIVERENUM\{ceddd3b4-1c8d-4834-805d-9dcefa53921f}#intelliGoAPOBase&9&2d1483df&0 was started.

Driver Name: oem457.inf
Class GUID: {5989fce8-9cd0-467d-8a6a-5419e31529d4}
Service: 
Lower Filters: 
Upper Filters: "
"16-06-2026 09:59:41","410","Information","Microsoft-Windows-Kernel-PnP","Device SWD\MMDEVAPI\{0.0.0.00000000}.{45d28dc2-5526-4063-98de-2b18fc40ed90} was started.

Driver Name: audioendpoint.inf
Class GUID: {c166523c-fe0c-4a94-a586-f1a80cfbbf3e}
Service: 
Lower Filters: 
Upper Filters: "
"16-06-2026 09:59:41","400","Information","Microsoft-Windows-Kernel-PnP","Device SWD\MMDEVAPI\{0.0.0.00000000}.{45d28dc2-5526-4063-98de-2b18fc40ed90} was configured.

Driver Name: audioendpoint.inf
Driver Package ID: audioendpoint.inf_amd64_271c4d03bad18da8
Class GUID: {c166523c-fe0c-4a94-a586-f1a80cfbbf3e}
Driver Date: 03/31/2024
Driver Version: 10.0.26100.1
Driver Provider: Microsoft
Driver Section: NO_DRV
Driver Rank: 0xFF0000
Matching Device ID: MMDEVAPI\AudioEndpoints
Outranked Drivers: c_swdevice.inf:SWD\GenericRaw:00FF3001
Device Updated: false
Parent Device: SOUNDWIRE\SDCA_06&MAN_01FA&FUNC_4243&TYPE_01&VER_01&ADR_01&LID_00&UID_00&SUBSYS_0CE81028&DynamicEnumSpeaker0\8&b83798c&0&00000c00"
"16-06-2026 09:59:41","420","Information","Microsoft-Windows-Kernel-PnP","Device SWD\MMDEVAPI\{0.0.0.00000000}.{613FE215-74EE-47A4-967F-2BB633E6489E} was deleted.

Class GUID: {c166523c-fe0c-4a94-a586-f1a80cfbbf3e}"
"16-06-2026 09:59:41","410","Information","Microsoft-Windows-Kernel-PnP","Device SWD\DRIVERENUM\{dc0701e7-e54b-442a-b70c-ef640f28c5de}#EnhanceAPO&9&1ab69cbc&0 was started.

Driver Name: oem174.inf
Class GUID: {5989fce8-9cd0-467d-8a6a-5419e31529d4}
Service: 
Lower Filters: 
Upper Filters: "
"16-06-2026 09:59:41","400","Information","Microsoft-Windows-Kernel-PnP","Device SWD\DRIVERENUM\{dc0701e7-e54b-442a-b70c-ef640f28c5de}#EnhanceAPO&9&1ab69cbc&0 was configured.

Driver Name: oem174.inf
Driver Package ID: cl01002_apo.inf_amd64_e619acf00d98d76a
Class GUID: {5989fce8-9cd0-467d-8a6a-5419e31529d4}
Driver Date: 12/17/2024
Driver Version: 1.13.6.313
Driver Provider: Cirrus Logic, Inc.
Driver Section: APOComponent_Install
Driver Rank: 0xFF0000
Matching Device ID: SWC\VEN_CRUS&ENH_APO
Outranked Drivers: c_swcomponent.inf:SWC\Generic:00FF3000 c_swdevice.inf:SWD\GenericRaw:00FF3001
Device Updated: false
Parent Device: SOUNDWIRE\SDCA_06&MAN_01FA&FUNC_4243&TYPE_01&VER_01&ADR_01&LID_00&UID_00&SUBSYS_0CE81028&DynamicEnumSpeaker0\8&b83798c&0&00000c00"
"16-06-2026 09:59:40","410","Information","Microsoft-Windows-Kernel-PnP","Device SWD\DRIVERENUM\{b40146ed-d625-48cd-8dcb-36441ab5a116}#clabpsrv&9&1ab69cbc&0 was started.

Driver Name: oem443.inf
Class GUID: {5c4c3332-344d-483c-8739-259e934c9cc8}
Service: 
Lower Filters: 
Upper Filters: "
"16-06-2026 09:59:40","400","Information","Microsoft-Windows-Kernel-PnP","Device SWD\DRIVERENUM\{b40146ed-d625-48cd-8dcb-36441ab5a116}#clabpsrv&9&1ab69cbc&0 was configured.

Driver Name: oem443.inf
Driver Package ID: clabpsvc_x64.inf_amd64_a85e7c8fcd024a39
Class GUID: {5c4c3332-344d-483c-8739-259e934c9cc8}
Driver Date: 02/11/2026
Driver Version: 2026.4.0.0
Driver Provider: Cirrus Logic, Inc.
Driver Section: CLABPInstall_amd64
Driver Rank: 0xFF0000
Matching Device ID: SWC\VEN_CRUS&DEV_CLABP
Outranked Drivers: c_swcomponent.inf:SWC\Generic:00FF3000 c_swdevice.inf:SWD\GenericRaw:00FF3001
Device Updated: false
Parent Device: SOUNDWIRE\SDCA_06&MAN_01FA&FUNC_4243&TYPE_01&VER_01&ADR_01&LID_00&UID_00&SUBSYS_0CE81028&DynamicEnumSpeaker0\8&b83798c&0&00000c00"
"16-06-2026 09:59:40","403","Warning","Microsoft-Windows-Kernel-PnP","Device SWD\DRIVERENUM\{ceddd3b4-1c8d-4834-805d-9dcefa53921f}#intelliGoAPOSvc&9&1ea0a8e3&0 requires a system reboot to complete configuration.

Driver Name: oem525.inf
Driver Package ID: igoaudioservice.inf_amd64_f4165b132d250bca
Class GUID: {5c4c3332-344d-483c-8739-259e934c9cc8}
Driver Date: 04/09/2026
Driver Version: 100.1.4.2740
Driver Provider: intelliGo
Driver Section: ServiceComponent_Install
Driver Rank: 0xFF0000
Matching Device ID: SWC\VEN_IGO&AUDIOSERVICE
Outranked Drivers: c_swcomponent.inf:SWC\Generic:00FF3000 c_swdevice.inf:SWD\GenericRaw:00FF3001
Device Updated: false
Status: 0x0
Parent Device: SOUNDWIRE\SDCA_06&MAN_01FA&FUNC_4243&TYPE_06&VER_01&ADR_03&LID_00&UID_00&SUBSYS_0CE81028&DynamicEnumMicrophone0\8&b098aae&0&00000b00"
"16-06-2026 09:59:40","403","Warning","Microsoft-Windows-Kernel-PnP","Device SWD\DRIVERENUM\{ceddd3b4-1c8d-4834-805d-9dcefa53921f}#intelliGoAPOBase&9&1ea0a8e3&0 requires a system reboot to complete configuration.

Driver Name: oem457.inf
Driver Package ID: igoapo.inf_amd64_af12c595a34cd76c
Class GUID: {5989fce8-9cd0-467d-8a6a-5419e31529d4}
Driver Date: 04/09/2026
Driver Version: 100.1.4.2740
Driver Provider: intelliGo
Driver Section: ApoComponent_Install_11
Driver Rank: 0xFF0000
Matching Device ID: SWC\VEN_IGO&CID_APO
Outranked Drivers: c_swcomponent.inf:SWC\Generic:00FF3000 c_swdevice.inf:SWD\GenericRaw:00FF3001
Device Updated: false
Status: 0x0
Parent Device: SOUNDWIRE\SDCA_06&MAN_01FA&FUNC_4243&TYPE_06&VER_01&ADR_03&LID_00&UID_00&SUBSYS_0CE81028&DynamicEnumMicrophone0\8&b098aae&0&00000b00"
"16-06-2026 09:59:40","410","Information","Microsoft-Windows-Kernel-PnP","Device SWD\DRIVERENUM\{b40146ed-d625-48cd-8dcb-36441ab5a116}#clabpsrv&9&18512c2d&0 was started.

Driver Name: oem443.inf
Class GUID: {5c4c3332-344d-483c-8739-259e934c9cc8}
Service: 
Lower Filters: 
Upper Filters: "
"16-06-2026 09:59:40","400","Information","Microsoft-Windows-Kernel-PnP","Device SWD\DRIVERENUM\{b40146ed-d625-48cd-8dcb-36441ab5a116}#clabpsrv&9&18512c2d&0 was configured.

Driver Name: oem443.inf
Driver Package ID: clabpsvc_x64.inf_amd64_a85e7c8fcd024a39
Class GUID: {5c4c3332-344d-483c-8739-259e934c9cc8}
Driver Date: 02/11/2026
Driver Version: 2026.4.0.0
Driver Provider: Cirrus Logic, Inc.
Driver Section: CLABPInstall_amd64
Driver Rank: 0xFF0000
Matching Device ID: SWC\VEN_CRUS&DEV_CLABP
Outranked Drivers: c_swcomponent.inf:SWC\Generic:00FF3000 c_swdevice.inf:SWD\GenericRaw:00FF3001
Device Updated: false
Parent Device: SOUNDWIRE\SDCA_06&MAN_01FA&FUNC_4243&TYPE_06&VER_01&ADR_03&LID_00&UID_00&SUBSYS_0CE81028&DynamicEnumSpeaker0\8&b098aae&0&00001700"
"16-06-2026 09:59:39","403","Warning","Microsoft-Windows-Kernel-PnP","Device SWD\DRIVERENUM\{ceddd3b4-1c8d-4834-805d-9dcefa53921f}#intelliGoAPOBase&9&2d1483df&0 requires a system reboot to complete configuration.

Driver Name: oem457.inf
Driver Package ID: igoapo.inf_amd64_af12c595a34cd76c
Class GUID: {5989fce8-9cd0-467d-8a6a-5419e31529d4}
Driver Date: 04/09/2026
Driver Version: 100.1.4.2740
Driver Provider: intelliGo
Driver Section: ApoComponent_Install_11
Driver Rank: 0xFF0000
Matching Device ID: SWC\VEN_IGO&CID_APO
Outranked Drivers: c_swcomponent.inf:SWC\Generic:00FF3000 c_swdevice.inf:SWD\GenericRaw:00FF3001
Device Updated: false
Status: 0x0
Parent Device: SOUNDWIRE\SDCA_06&MAN_01FA&FUNC_4243&TYPE_03&VER_01&ADR_02&LID_00&UID_00&SUBSYS_0CE81028&DynamicEnumMicrophone0\8&b76481&0&00000400"
"16-06-2026 09:59:39","403","Warning","Microsoft-Windows-Kernel-PnP","Device SWD\DRIVERENUM\{ceddd3b4-1c8d-4834-805d-9dcefa53921f}#intelliGoAPOSvc&9&2d1483df&0 requires a system reboot to complete configuration.

Driver Name: oem525.inf
Driver Package ID: igoaudioservice.inf_amd64_f4165b132d250bca
Class GUID: {5c4c3332-344d-483c-8739-259e934c9cc8}
Driver Date: 04/09/2026
Driver Version: 100.1.4.2740
Driver Provider: intelliGo
Driver Section: ServiceComponent_Install
Driver Rank: 0xFF0000
Matching Device ID: SWC\VEN_IGO&AUDIOSERVICE
Outranked Drivers: c_swcomponent.inf:SWC\Generic:00FF3000 c_swdevice.inf:SWD\GenericRaw:00FF3001
Device Updated: false
Status: 0x0
Parent Device: SOUNDWIRE\SDCA_06&MAN_01FA&FUNC_4243&TYPE_03&VER_01&ADR_02&LID_00&UID_00&SUBSYS_0CE81028&DynamicEnumMicrophone0\8&b76481&0&00000400"
"16-06-2026 09:59:38","410","Information","Microsoft-Windows-Kernel-PnP","Device SWD\MMDEVAPI\{0.0.0.00000000}.{613fe215-74ee-47a4-967f-2bb633e6489e} was started.

Driver Name: audioendpoint.inf
Class GUID: {c166523c-fe0c-4a94-a586-f1a80cfbbf3e}
Service: 
Lower Filters: 
Upper Filters: "
"16-06-2026 09:59:38","400","Information","Microsoft-Windows-Kernel-PnP","Device SWD\MMDEVAPI\{0.0.0.00000000}.{613fe215-74ee-47a4-967f-2bb633e6489e} was configured.

Driver Name: audioendpoint.inf
Driver Package ID: audioendpoint.inf_amd64_271c4d03bad18da8
Class GUID: {c166523c-fe0c-4a94-a586-f1a80cfbbf3e}
Driver Date: 03/31/2024
Driver Version: 10.0.26100.1
Driver Provider: Microsoft
Driver Section: NO_DRV
Driver Rank: 0xFF0000
Matching Device ID: MMDEVAPI\AudioEndpoints
Outranked Drivers: c_swdevice.inf:SWD\GenericRaw:00FF3001
Device Updated: false
Parent Device: SOUNDWIRE\SDCA_06&MAN_01FA&FUNC_4243&TYPE_01&VER_01&ADR_01&LID_00&UID_00&SUBSYS_0CE81028&DynamicEnumSpeaker0\8&b83798c&0&00000c00"
"16-06-2026 09:59:38","430","Information","Microsoft-Windows-Kernel-PnP","Device SWD\DRIVERENUM\{dc0701e7-e54b-442a-b70c-ef640f28c5de}#EnhanceAPO&9&1ab69cbc&0 requires further installation."
"16-06-2026 09:59:38","430","Information","Microsoft-Windows-Kernel-PnP","Device SWD\DRIVERENUM\{b40146ed-d625-48cd-8dcb-36441ab5a116}#clabpsrv&9&1ab69cbc&0 requires further installation."
"16-06-2026 09:59:38","410","Information","Microsoft-Windows-Kernel-PnP","Device SOUNDWIRE\SDCA_06&MAN_01FA&FUNC_4243&TYPE_01&VER_01&ADR_01&LID_00&UID_00&SUBSYS_0CE81028&DynamicEnumSpeaker0\8&b83798c&0&00000c00 was started.

Driver Name: oem66.inf
Class GUID: {4d36e96c-e325-11ce-bfc1-08002be10318}
Service: 
Lower Filters: 
Upper Filters: "
"16-06-2026 09:59:38","400","Information","Microsoft-Windows-Kernel-PnP","Device SOUNDWIRE\SDCA_06&MAN_01FA&FUNC_4243&TYPE_01&VER_01&ADR_01&LID_00&UID_00&SUBSYS_0CE81028&DynamicEnumSpeaker0\8&b83798c&0&00000c00 was configured.

Driver Name: oem139.inf
Driver Package ID: xucsme.inf_amd64_2fc0303188b44c4c
Class GUID: {e2f84ce7-8efa-411c-aa69-97454ca4cb57}
Driver Date: 04/06/2026
Driver Version: 1.0.709.49429
Driver Provider: Cirrus Logic, Inc.
Driver Section: Endpoint.NT
Driver Rank: 0xFF0002
Matching Device ID: SOUNDWIRE\SDCA_06&MAN_01FA&FUNC_4243&TYPE_01&VER_01&ADR_01&DynamicEnumSpeaker0
Outranked Drivers: 
Device Updated: false
Parent Device: SOUNDWIRE\SDCA_06&MAN_01FA&FUNC_4243&TYPE_01&VER_01&ADR_01&LID_00&UID_00&SUBSYS_0CE81028\7&2796ba65&0&0000000000000001"
"16-06-2026 09:59:38","400","Information","Microsoft-Windows-Kernel-PnP","Device SOUNDWIRE\SDCA_06&MAN_01FA&FUNC_4243&TYPE_01&VER_01&ADR_01&LID_00&UID_00&SUBSYS_0CE81028&DynamicEnumSpeaker0\8&b83798c&0&00000c00 was configured.

Driver Name: oem429.inf
Driver Package ID: clabpsvcext.inf_amd64_15c23e3180aaa3e7
Class GUID: {e2f84ce7-8efa-411c-aa69-97454ca4cb57}
Driver Date: 04/12/2026
Driver Version: 2025.6.0.28
Driver Provider: Cirrus Logic, Inc.
Driver Section: CLABPExt_Install
Driver Rank: 0xFF0000
Matching Device ID: SOUNDWIRE\SDCA_06&MAN_01FA&FUNC_4243&TYPE_01&VER_01&ADR_01&LID_00&UID_00&SUBSYS_0CE81028&DynamicEnumSpeaker0
Outranked Drivers: 
Device Updated: false
Parent Device: SOUNDWIRE\SDCA_06&MAN_01FA&FUNC_4243&TYPE_01&VER_01&ADR_01&LID_00&UID_00&SUBSYS_0CE81028\7&2796ba65&0&0000000000000001"
"16-06-2026 09:59:38","400","Information","Microsoft-Windows-Kernel-PnP","Device SOUNDWIRE\SDCA_06&MAN_01FA&FUNC_4243&TYPE_01&VER_01&ADR_01&LID_00&UID_00&SUBSYS_0CE81028&DynamicEnumSpeaker0\8&b83798c&0&00000c00 was configured.

Driver Name: oem260.inf
Driver Package ID: cl_spk_0ce8.inf_amd64_0cad111e74d14b25
Class GUID: {e2f84ce7-8efa-411c-aa69-97454ca4cb57}
Driver Date: 02/14/2025
Driver Version: 1.13.6.313
Driver Provider: Cirrus Logic, Inc.
Driver Section: Tuning_Install.Speaker.Win11
Driver Rank: 0xFF0000
Matching Device ID: SOUNDWIRE\SDCA_06&MAN_01FA&FUNC_4243&TYPE_01&VER_01&ADR_01&LID_00&UID_00&SUBSYS_0CE81028&DynamicEnumSpeaker0
Outranked Drivers: 
Device Updated: false
Parent Device: SOUNDWIRE\SDCA_06&MAN_01FA&FUNC_4243&TYPE_01&VER_01&ADR_01&LID_00&UID_00&SUBSYS_0CE81028\7&2796ba65&0&0000000000000001"
"16-06-2026 09:59:38","400","Information","Microsoft-Windows-Kernel-PnP","Device SOUNDWIRE\SDCA_06&MAN_01FA&FUNC_4243&TYPE_01&VER_01&ADR_01&LID_00&UID_00&SUBSYS_0CE81028&DynamicEnumSpeaker0\8&b83798c&0&00000c00 was configured.

Driver Name: oem189.inf
Driver Package ID: cl01002_audio_extension.inf_amd64_3f29204c5107e520
Class GUID: {e2f84ce7-8efa-411c-aa69-97454ca4cb57}
Driver Date: 12/09/2025
Driver Version: 1.13.6.1
Driver Provider: Cirrus Logic, Inc.
Driver Section: Speaker_Install
Driver Rank: 0xFF0000
Matching Device ID: SOUNDWIRE\SDCA_06&MAN_01FA&FUNC_4243&TYPE_01&VER_01&ADR_01&LID_00&UID_00&SUBSYS_0CE81028&DynamicEnumSpeaker0
Outranked Drivers: 
Device Updated: false
Parent Device: SOUNDWIRE\SDCA_06&MAN_01FA&FUNC_4243&TYPE_01&VER_01&ADR_01&LID_00&UID_00&SUBSYS_0CE81028\7&2796ba65&0&0000000000000001"
"16-06-2026 09:59:38","400","Information","Microsoft-Windows-Kernel-PnP","Device SOUNDWIRE\SDCA_06&MAN_01FA&FUNC_4243&TYPE_01&VER_01&ADR_01&LID_00&UID_00&SUBSYS_0CE81028&DynamicEnumSpeaker0\8&b83798c&0&00000c00 was configured.

Driver Name: oem66.inf
Driver Package ID: sdcaclass.inf_amd64_0b2f30007e05e98a
Class GUID: {4d36e96c-e325-11ce-bfc1-08002be10318}
Driver Date: 01/17/2025
Driver Version: 10.0.2410.7
Driver Provider: Microsoft
Driver Section: SoundwireClass_Device_Child.NT
Driver Rank: 0xFF2000
Matching Device ID: SOUNDWIRE\DynamicEnumChild
Outranked Drivers: 
Device Updated: false
Parent Device: SOUNDWIRE\SDCA_06&MAN_01FA&FUNC_4243&TYPE_01&VER_01&ADR_01&LID_00&UID_00&SUBSYS_0CE81028\7&2796ba65&0&0000000000000001"
"16-06-2026 09:59:37","410","Information","Microsoft-Windows-Kernel-PnP","Device {F67B0BEA-BDB7-47D3-9131-75877CDE0ED4}\Streaming_Speaker&CP_{ebfc0f98-693b-11f1-a27a-54582d32ed0c}\6&c603bdd&0 was started.

Driver Name: oem43.inf
Class GUID: {4d36e96c-e325-11ce-bfc1-08002be10318}
Service: 
Lower Filters: 
Upper Filters: "
"16-06-2026 09:59:37","400","Information","Microsoft-Windows-Kernel-PnP","Device {F67B0BEA-BDB7-47D3-9131-75877CDE0ED4}\Streaming_Speaker&CP_{ebfc0f98-693b-11f1-a27a-54582d32ed0c}\6&c603bdd&0 was configured.

Driver Name: oem43.inf
Driver Package ID: intcstreaming.inf_amd64_3bbf9e64932d4b89
Class GUID: {4d36e96c-e325-11ce-bfc1-08002be10318}
Driver Date: 03/30/2026
Driver Version: 20.40.12690.2
Driver Provider: Intel(R) Corporation
Driver Section: Audio_Child_Device.NT
Driver Rank: 0xFF0001
Matching Device ID: {F67B0BEA-BDB7-47D3-9131-75877CDE0ED4}\Streaming_Speaker
Outranked Drivers: 
Device Updated: false
Parent Device: INTELAUDIO\DIF_0001&UIF_0001&CTLR_DEV_7728&LINKTYPE_05&DEVTYPE_05&VEN_8086&DEV_AE35&SUBSYS_0CE81028&REV_0001\5&32640736&1&0500DIF_000B&UIF_0001"
"16-06-2026 09:59:37","410","Information","Microsoft-Windows-Kernel-PnP","Device XuCsMe\ExtensionSpeaker\8&b83798c&0&00 was started.

Driver Name: oem147.inf
Class GUID: {4d36e97d-e325-11ce-bfc1-08002be10318}
Service: 
Lower Filters: 
Upper Filters: "
"16-06-2026 09:59:37","400","Information","Microsoft-Windows-Kernel-PnP","Device XuCsMe\ExtensionSpeaker\8&b83798c&0&00 was configured.

Driver Name: oem147.inf
Driver Package ID: xucsmeext_jackretasking_audiomodule.inf_amd64_a15ad5ea2cce4fb8
Class GUID: {4d36e97d-e325-11ce-bfc1-08002be10318}
Driver Date: 04/19/2025
Driver Version: 1.0.435.18044
Driver Provider: Cirrus Logic, Inc.
Driver Section: CirrusJackRetaskingAudioModule.NT
Driver Rank: 0xFF0000
Matching Device ID: XuCsMe\ExtensionSpeaker
Outranked Drivers: 
Device Updated: false
Parent Device: SOUNDWIRE\SDCA_06&MAN_01FA&FUNC_4243&TYPE_01&VER_01&ADR_01&LID_00&UID_00&SUBSYS_0CE81028\7&2796ba65&0&0000000000000001"
"16-06-2026 09:59:37","410","Information","Microsoft-Windows-Kernel-PnP","Device XuCsMe\ExtensionMicrophone\8&b098aae&0&00 was started.

Driver Name: oem147.inf
Class GUID: {4d36e97d-e325-11ce-bfc1-08002be10318}
Service: 
Lower Filters: 
Upper Filters: "
"16-06-2026 09:59:36","400","Information","Microsoft-Windows-Kernel-PnP","Device XuCsMe\ExtensionMicrophone\8&b098aae&0&00 was configured.

Driver Name: oem147.inf
Driver Package ID: xucsmeext_jackretasking_audiomodule.inf_amd64_a15ad5ea2cce4fb8
Class GUID: {4d36e97d-e325-11ce-bfc1-08002be10318}
Driver Date: 04/19/2025
Driver Version: 1.0.435.18044
Driver Provider: Cirrus Logic, Inc.
Driver Section: CirrusJackRetaskingAudioModule.NT
Driver Rank: 0xFF0000
Matching Device ID: XuCsMe\ExtensionMicrophone
Outranked Drivers: 
Device Updated: false
Parent Device: SOUNDWIRE\SDCA_06&MAN_01FA&FUNC_4243&TYPE_06&VER_01&ADR_03&LID_00&UID_00&SUBSYS_0CE81028\7&2796ba65&0&0000000000000003"
"16-06-2026 09:59:36","410","Information","Microsoft-Windows-Kernel-PnP","Device XuCsMe\ExtensionSpeaker\8&b098aae&0&00 was started.

Driver Name: oem147.inf
Class GUID: {4d36e97d-e325-11ce-bfc1-08002be10318}
Service: 
Lower Filters: 
Upper Filters: "
"16-06-2026 09:59:36","400","Information","Microsoft-Windows-Kernel-PnP","Device XuCsMe\ExtensionSpeaker\8&b098aae&0&00 was configured.

Driver Name: oem147.inf
Driver Package ID: xucsmeext_jackretasking_audiomodule.inf_amd64_a15ad5ea2cce4fb8
Class GUID: {4d36e97d-e325-11ce-bfc1-08002be10318}
Driver Date: 04/19/2025
Driver Version: 1.0.435.18044
Driver Provider: Cirrus Logic, Inc.
Driver Section: CirrusJackRetaskingAudioModule.NT
Driver Rank: 0xFF0000
Matching Device ID: XuCsMe\ExtensionSpeaker
Outranked Drivers: 
Device Updated: false
Parent Device: SOUNDWIRE\SDCA_06&MAN_01FA&FUNC_4243&TYPE_06&VER_01&ADR_03&LID_00&UID_00&SUBSYS_0CE81028\7&2796ba65&0&0000000000000003"
"16-06-2026 09:59:36","430","Information","Microsoft-Windows-Kernel-PnP","Device SWD\DRIVERENUM\{ceddd3b4-1c8d-4834-805d-9dcefa53921f}#intelliGoAPOSvc&9&1ea0a8e3&0 requires further installation."
"16-06-2026 09:59:36","430","Information","Microsoft-Windows-Kernel-PnP","Device SWD\DRIVERENUM\{ceddd3b4-1c8d-4834-805d-9dcefa53921f}#intelliGoAPOBase&9&1ea0a8e3&0 requires further installation."
"16-06-2026 09:59:36","410","Information","Microsoft-Windows-Kernel-PnP","Device SOUNDWIRE\SDCA_06&MAN_01FA&FUNC_4243&TYPE_06&VER_01&ADR_03&LID_00&UID_00&SUBSYS_0CE81028&DynamicEnumMicrophone0\8&b098aae&0&00000b00 was started.

Driver Name: oem66.inf
Class GUID: {4d36e96c-e325-11ce-bfc1-08002be10318}
Service: 
Lower Filters: 
Upper Filters: "
"16-06-2026 09:59:36","400","Information","Microsoft-Windows-Kernel-PnP","Device SOUNDWIRE\SDCA_06&MAN_01FA&FUNC_4243&TYPE_06&VER_01&ADR_03&LID_00&UID_00&SUBSYS_0CE81028&DynamicEnumMicrophone0\8&b098aae&0&00000b00 was configured.

Driver Name: oem139.inf
Driver Package ID: xucsme.inf_amd64_2fc0303188b44c4c
Class GUID: {e2f84ce7-8efa-411c-aa69-97454ca4cb57}
Driver Date: 04/06/2026
Driver Version: 1.0.709.49429
Driver Provider: Cirrus Logic, Inc.
Driver Section: Endpoint.NT
Driver Rank: 0xFF0002
Matching Device ID: SOUNDWIRE\SDCA_06&MAN_01FA&FUNC_4243&TYPE_06&VER_01&ADR_03&DynamicEnumMicrophone0
Outranked Drivers: 
Device Updated: false
Parent Device: SOUNDWIRE\SDCA_06&MAN_01FA&FUNC_4243&TYPE_06&VER_01&ADR_03&LID_00&UID_00&SUBSYS_0CE81028\7&2796ba65&0&0000000000000003"
"16-06-2026 09:59:36","400","Information","Microsoft-Windows-Kernel-PnP","Device SOUNDWIRE\SDCA_06&MAN_01FA&FUNC_4243&TYPE_06&VER_01&ADR_03&LID_00&UID_00&SUBSYS_0CE81028&DynamicEnumMicrophone0\8&b098aae&0&00000b00 was configured.

Driver Name: oem479.inf
Driver Package ID: hdx_cirrusext_dell_igo_cust.inf_amd64_0cb905b16f72f814
Class GUID: {e2f84ce7-8efa-411c-aa69-97454ca4cb57}
Driver Date: 04/09/2026
Driver Version: 100.1.4.2740
Driver Provider: intelliGo
Driver Section: HDXAudModel_Cust_11
Driver Rank: 0xFF0000
Matching Device ID: SOUNDWIRE\SDCA_06&MAN_01FA&FUNC_4243&TYPE_06&VER_01&ADR_03&LID_00&UID_00&SUBSYS_0CE81028&DynamicEnumMicrophone0
Outranked Drivers: 
Device Updated: false
Parent Device: SOUNDWIRE\SDCA_06&MAN_01FA&FUNC_4243&TYPE_06&VER_01&ADR_03&LID_00&UID_00&SUBSYS_0CE81028\7&2796ba65&0&0000000000000003"
"16-06-2026 09:59:36","400","Information","Microsoft-Windows-Kernel-PnP","Device SOUNDWIRE\SDCA_06&MAN_01FA&FUNC_4243&TYPE_06&VER_01&ADR_03&LID_00&UID_00&SUBSYS_0CE81028&DynamicEnumMicrophone0\8&b098aae&0&00000b00 was configured.

Driver Name: oem448.inf
Driver Package ID: hdx_cirrusext_dell_igo.inf_amd64_932d7266fce6ce66
Class GUID: {e2f84ce7-8efa-411c-aa69-97454ca4cb57}
Driver Date: 04/09/2026
Driver Version: 100.1.4.2740
Driver Provider: intelliGo
Driver Section: HDXAudModel_11
Driver Rank: 0xFF0000
Matching Device ID: SOUNDWIRE\SDCA_06&MAN_01FA&FUNC_4243&TYPE_06&VER_01&ADR_03&LID_00&UID_00&SUBSYS_0CE81028&DynamicEnumMicrophone0
Outranked Drivers: 
Device Updated: false
Parent Device: SOUNDWIRE\SDCA_06&MAN_01FA&FUNC_4243&TYPE_06&VER_01&ADR_03&LID_00&UID_00&SUBSYS_0CE81028\7&2796ba65&0&0000000000000003"
"16-06-2026 09:59:36","400","Information","Microsoft-Windows-Kernel-PnP","Device SOUNDWIRE\SDCA_06&MAN_01FA&FUNC_4243&TYPE_06&VER_01&ADR_03&LID_00&UID_00&SUBSYS_0CE81028&DynamicEnumMicrophone0\8&b098aae&0&00000b00 was configured.

Driver Name: oem157.inf
Driver Package ID: xucsmeext_intelligo.inf_amd64_91e23bd3e9f84369
Class GUID: {e2f84ce7-8efa-411c-aa69-97454ca4cb57}
Driver Date: 06/29/2025
Driver Version: 1.0.2.0
Driver Provider: Cirrus Logic, Inc.
Driver Section: APO_Capture.NT
Driver Rank: 0xFF0000
Matching Device ID: SOUNDWIRE\SDCA_06&MAN_01FA&FUNC_4243&TYPE_06&VER_01&ADR_03&LID_00&UID_00&SUBSYS_0CE81028&DynamicEnumMicrophone0
Outranked Drivers: 
Device Updated: false
Parent Device: SOUNDWIRE\SDCA_06&MAN_01FA&FUNC_4243&TYPE_06&VER_01&ADR_03&LID_00&UID_00&SUBSYS_0CE81028\7&2796ba65&0&0000000000000003"
"16-06-2026 09:59:36","400","Information","Microsoft-Windows-Kernel-PnP","Device SOUNDWIRE\SDCA_06&MAN_01FA&FUNC_4243&TYPE_06&VER_01&ADR_03&LID_00&UID_00&SUBSYS_0CE81028&DynamicEnumMicrophone0\8&b098aae&0&00000b00 was configured.

Driver Name: oem66.inf
Driver Package ID: sdcaclass.inf_amd64_0b2f30007e05e98a
Class GUID: {4d36e96c-e325-11ce-bfc1-08002be10318}
Driver Date: 01/17/2025
Driver Version: 10.0.2410.7
Driver Provider: Microsoft
Driver Section: SoundwireClass_Device_Child.NT
Driver Rank: 0xFF2000
Matching Device ID: SOUNDWIRE\DynamicEnumChild
Outranked Drivers: 
Device Updated: false
Parent Device: SOUNDWIRE\SDCA_06&MAN_01FA&FUNC_4243&TYPE_06&VER_01&ADR_03&LID_00&UID_00&SUBSYS_0CE81028\7&2796ba65&0&0000000000000003"
"16-06-2026 09:59:35","400","Information","Microsoft-Windows-Kernel-PnP","Device {F67B0BEA-BDB7-47D3-9131-75877CDE0ED4}\Streaming_HeadsetOutput&CP_{ebfc0f91-693b-11f1-a27a-54582d32ed0c}\6&c603bdd&0 was configured.

Driver Name: oem43.inf
Driver Package ID: intcstreaming.inf_amd64_3bbf9e64932d4b89
Class GUID: {4d36e96c-e325-11ce-bfc1-08002be10318}
Driver Date: 03/30/2026
Driver Version: 20.40.12690.2
Driver Provider: Intel(R) Corporation
Driver Section: Audio_Child_Device.NT
Driver Rank: 0xFF0001
Matching Device ID: {F67B0BEA-BDB7-47D3-9131-75877CDE0ED4}\Streaming_HeadsetOutput
Outranked Drivers: 
Device Updated: false
Parent Device: INTELAUDIO\DIF_0001&UIF_0001&CTLR_DEV_7728&LINKTYPE_05&DEVTYPE_05&VEN_8086&DEV_AE35&SUBSYS_0CE81028&REV_0001\5&32640736&1&0500DIF_000B&UIF_0001"
"16-06-2026 09:59:35","430","Information","Microsoft-Windows-Kernel-PnP","Device SWD\DRIVERENUM\{b40146ed-d625-48cd-8dcb-36441ab5a116}#clabpsrv&9&18512c2d&0 requires further installation."
"16-06-2026 09:59:35","410","Information","Microsoft-Windows-Kernel-PnP","Device SOUNDWIRE\SDCA_06&MAN_01FA&FUNC_4243&TYPE_06&VER_01&ADR_03&LID_00&UID_00&SUBSYS_0CE81028&DynamicEnumSpeaker0\8&b098aae&0&00001700 was started.

Driver Name: oem66.inf
Class GUID: {4d36e96c-e325-11ce-bfc1-08002be10318}
Service: 
Lower Filters: 
Upper Filters: "
"16-06-2026 09:59:35","400","Information","Microsoft-Windows-Kernel-PnP","Device SOUNDWIRE\SDCA_06&MAN_01FA&FUNC_4243&TYPE_06&VER_01&ADR_03&LID_00&UID_00&SUBSYS_0CE81028&DynamicEnumSpeaker0\8&b098aae&0&00001700 was configured.

Driver Name: oem139.inf
Driver Package ID: xucsme.inf_amd64_2fc0303188b44c4c
Class GUID: {e2f84ce7-8efa-411c-aa69-97454ca4cb57}
Driver Date: 04/06/2026
Driver Version: 1.0.709.49429
Driver Provider: Cirrus Logic, Inc.
Driver Section: Endpoint.NT
Driver Rank: 0xFF0002
Matching Device ID: SOUNDWIRE\SDCA_06&MAN_01FA&FUNC_4243&TYPE_06&VER_01&ADR_03&DynamicEnumSpeaker0
Outranked Drivers: 
Device Updated: false
Parent Device: SOUNDWIRE\SDCA_06&MAN_01FA&FUNC_4243&TYPE_06&VER_01&ADR_03&LID_00&UID_00&SUBSYS_0CE81028\7&2796ba65&0&0000000000000003"
"16-06-2026 09:59:35","400","Information","Microsoft-Windows-Kernel-PnP","Device SOUNDWIRE\SDCA_06&MAN_01FA&FUNC_4243&TYPE_06&VER_01&ADR_03&LID_00&UID_00&SUBSYS_0CE81028&DynamicEnumSpeaker0\8&b098aae&0&00001700 was configured.

Driver Name: oem429.inf
Driver Package ID: clabpsvcext.inf_amd64_15c23e3180aaa3e7
Class GUID: {e2f84ce7-8efa-411c-aa69-97454ca4cb57}
Driver Date: 04/12/2026
Driver Version: 2025.6.0.28
Driver Provider: Cirrus Logic, Inc.
Driver Section: CLABPExt_Install
Driver Rank: 0xFF0000
Matching Device ID: SOUNDWIRE\SDCA_06&MAN_01FA&FUNC_4243&TYPE_06&VER_01&ADR_03&LID_00&UID_00&SUBSYS_0CE81028&DynamicEnumSpeaker0
Outranked Drivers: 
Device Updated: false
Parent Device: SOUNDWIRE\SDCA_06&MAN_01FA&FUNC_4243&TYPE_06&VER_01&ADR_03&LID_00&UID_00&SUBSYS_0CE81028\7&2796ba65&0&0000000000000003"
"16-06-2026 09:59:35","400","Information","Microsoft-Windows-Kernel-PnP","Device SOUNDWIRE\SDCA_06&MAN_01FA&FUNC_4243&TYPE_06&VER_01&ADR_03&LID_00&UID_00&SUBSYS_0CE81028&DynamicEnumSpeaker0\8&b098aae&0&00001700 was configured.

Driver Name: oem252.inf
Driver Package ID: cl_hs_0ce8.inf_amd64_00489d0666dfdce2
Class GUID: {e2f84ce7-8efa-411c-aa69-97454ca4cb57}
Driver Date: 02/14/2025
Driver Version: 1.13.6.313
Driver Provider: Cirrus Logic, Inc.
Driver Section: Tuning_Install.UAJ.Win11
Driver Rank: 0xFF0000
Matching Device ID: SOUNDWIRE\SDCA_06&MAN_01FA&FUNC_4243&TYPE_06&VER_01&ADR_03&LID_00&UID_00&SUBSYS_0CE81028&DynamicEnumSpeaker0
Outranked Drivers: 
Device Updated: false
Parent Device: SOUNDWIRE\SDCA_06&MAN_01FA&FUNC_4243&TYPE_06&VER_01&ADR_03&LID_00&UID_00&SUBSYS_0CE81028\7&2796ba65&0&0000000000000003"
"16-06-2026 09:59:35","400","Information","Microsoft-Windows-Kernel-PnP","Device SOUNDWIRE\SDCA_06&MAN_01FA&FUNC_4243&TYPE_06&VER_01&ADR_03&LID_00&UID_00&SUBSYS_0CE81028&DynamicEnumSpeaker0\8&b098aae&0&00001700 was configured.

Driver Name: oem249.inf
Driver Package ID: cl_hp_0ce8.inf_amd64_58ad831ab1f1584e
Class GUID: {e2f84ce7-8efa-411c-aa69-97454ca4cb57}
Driver Date: 02/14/2025
Driver Version: 1.13.6.313
Driver Provider: Cirrus Logic, Inc.
Driver Section: Tuning_Install.UAJ.Win11
Driver Rank: 0xFF0000
Matching Device ID: SOUNDWIRE\SDCA_06&MAN_01FA&FUNC_4243&TYPE_06&VER_01&ADR_03&LID_00&UID_00&SUBSYS_0CE81028&DynamicEnumSpeaker0
Outranked Drivers: 
Device Updated: false
Parent Device: SOUNDWIRE\SDCA_06&MAN_01FA&FUNC_4243&TYPE_06&VER_01&ADR_03&LID_00&UID_00&SUBSYS_0CE81028\7&2796ba65&0&0000000000000003"
"16-06-2026 09:59:35","400","Information","Microsoft-Windows-Kernel-PnP","Device SOUNDWIRE\SDCA_06&MAN_01FA&FUNC_4243&TYPE_06&VER_01&ADR_03&LID_00&UID_00&SUBSYS_0CE81028&DynamicEnumSpeaker0\8&b098aae&0&00001700 was configured.

Driver Name: oem66.inf
Driver Package ID: sdcaclass.inf_amd64_0b2f30007e05e98a
Class GUID: {4d36e96c-e325-11ce-bfc1-08002be10318}
Driver Date: 01/17/2025
Driver Version: 10.0.2410.7
Driver Provider: Microsoft
Driver Section: SoundwireClass_Device_Child.NT
Driver Rank: 0xFF2000
Matching Device ID: SOUNDWIRE\DynamicEnumChild
Outranked Drivers: 
Device Updated: false
Parent Device: SOUNDWIRE\SDCA_06&MAN_01FA&FUNC_4243&TYPE_06&VER_01&ADR_03&LID_00&UID_00&SUBSYS_0CE81028\7&2796ba65&0&0000000000000003"
"16-06-2026 09:59:35","400","Information","Microsoft-Windows-Kernel-PnP","Device {F67B0BEA-BDB7-47D3-9131-75877CDE0ED4}\Streaming_HeadsetMic&CP_{ebfc0f92-693b-11f1-a27a-54582d32ed0c}\6&c603bdd&0 was configured.

Driver Name: oem43.inf
Driver Package ID: intcstreaming.inf_amd64_3bbf9e64932d4b89
Class GUID: {4d36e96c-e325-11ce-bfc1-08002be10318}
Driver Date: 03/30/2026
Driver Version: 20.40.12690.2
Driver Provider: Intel(R) Corporation
Driver Section: Audio_Child_Device.NT
Driver Rank: 0xFF0001
Matching Device ID: {F67B0BEA-BDB7-47D3-9131-75877CDE0ED4}\Streaming_HeadsetMic
Outranked Drivers: 
Device Updated: false
Parent Device: INTELAUDIO\DIF_0001&UIF_0001&CTLR_DEV_7728&LINKTYPE_05&DEVTYPE_05&VEN_8086&DEV_AE35&SUBSYS_0CE81028&REV_0001\5&32640736&1&0500DIF_000B&UIF_0001"
"16-06-2026 09:59:35","410","Information","Microsoft-Windows-Kernel-PnP","Device XuCsMe\JackRetaskingAudioModule\8&b098aae&0&00 was started.

Driver Name: oem147.inf
Class GUID: {4d36e97d-e325-11ce-bfc1-08002be10318}
Service: 
Lower Filters: 
Upper Filters: "
"16-06-2026 09:59:35","400","Information","Microsoft-Windows-Kernel-PnP","Device XuCsMe\JackRetaskingAudioModule\8&b098aae&0&00 was configured.

Driver Name: oem147.inf
Driver Package ID: xucsmeext_jackretasking_audiomodule.inf_amd64_a15ad5ea2cce4fb8
Class GUID: {4d36e97d-e325-11ce-bfc1-08002be10318}
Driver Date: 04/19/2025
Driver Version: 1.0.435.18044
Driver Provider: Cirrus Logic, Inc.
Driver Section: CirrusJackRetaskingAudioModule.NT
Driver Rank: 0xFF0000
Matching Device ID: XuCsMe\JackRetaskingAudioModule
Outranked Drivers: 
Device Updated: false
Parent Device: SOUNDWIRE\SDCA_06&MAN_01FA&FUNC_4243&TYPE_06&VER_01&ADR_03&LID_00&UID_00&SUBSYS_0CE81028\7&2796ba65&0&0000000000000003"
"16-06-2026 09:59:35","400","Information","Microsoft-Windows-Kernel-PnP","Device {F67B0BEA-BDB7-47D3-9131-75877CDE0ED4}\Streaming_MicrophoneArray&CP_{ebfc0f79-693b-11f1-a27a-54582d32ed0c}\6&c603bdd&0 was configured.

Driver Name: oem43.inf
Driver Package ID: intcstreaming.inf_amd64_3bbf9e64932d4b89
Class GUID: {4d36e96c-e325-11ce-bfc1-08002be10318}
Driver Date: 03/30/2026
Driver Version: 20.40.12690.2
Driver Provider: Intel(R) Corporation
Driver Section: Audio_Child_Device.NT
Driver Rank: 0xFF0001
Matching Device ID: {F67B0BEA-BDB7-47D3-9131-75877CDE0ED4}\Streaming_MicrophoneArray
Outranked Drivers: 
Device Updated: false
Parent Device: INTELAUDIO\DIF_0001&UIF_0001&CTLR_DEV_7728&LINKTYPE_05&DEVTYPE_05&VEN_8086&DEV_AE35&SUBSYS_0CE81028&REV_0001\5&32640736&1&0500DIF_000B&UIF_0001"
"16-06-2026 09:59:35","410","Information","Microsoft-Windows-Kernel-PnP","Device XuCsMe\ExtensionMicrophone\8&b76481&0&00 was started.

Driver Name: oem147.inf
Class GUID: {4d36e97d-e325-11ce-bfc1-08002be10318}
Service: 
Lower Filters: 
Upper Filters: "
"16-06-2026 09:59:35","410","Information","Microsoft-Windows-Kernel-PnP","Device SWD\MMDEVAPI\{0.0.1.00000000}.{633e2946-df1b-4754-80bf-ddd69f48c096} was started.

Driver Name: audioendpoint.inf
Class GUID: {c166523c-fe0c-4a94-a586-f1a80cfbbf3e}
Service: 
Lower Filters: 
Upper Filters: "
"16-06-2026 09:59:35","400","Information","Microsoft-Windows-Kernel-PnP","Device SWD\MMDEVAPI\{0.0.1.00000000}.{633e2946-df1b-4754-80bf-ddd69f48c096} was configured.

Driver Name: audioendpoint.inf
Driver Package ID: audioendpoint.inf_amd64_271c4d03bad18da8
Class GUID: {c166523c-fe0c-4a94-a586-f1a80cfbbf3e}
Driver Date: 03/31/2024
Driver Version: 10.0.26100.1
Driver Provider: Microsoft
Driver Section: NO_DRV
Driver Rank: 0xFF0000
Matching Device ID: MMDEVAPI\AudioEndpoints
Outranked Drivers: c_swdevice.inf:SWD\GenericRaw:00FF3001
Device Updated: false
Parent Device: SOUNDWIRE\SDCA_06&MAN_01FA&FUNC_4243&TYPE_03&VER_01&ADR_02&LID_00&UID_00&SUBSYS_0CE81028&DynamicEnumMicrophone0\8&b76481&0&00000400"
"16-06-2026 09:59:35","400","Information","Microsoft-Windows-Kernel-PnP","Device XuCsMe\ExtensionMicrophone\8&b76481&0&00 was configured.

Driver Name: oem147.inf
Driver Package ID: xucsmeext_jackretasking_audiomodule.inf_amd64_a15ad5ea2cce4fb8
Class GUID: {4d36e97d-e325-11ce-bfc1-08002be10318}
Driver Date: 04/19/2025
Driver Version: 1.0.435.18044
Driver Provider: Cirrus Logic, Inc.
Driver Section: CirrusJackRetaskingAudioModule.NT
Driver Rank: 0xFF0000
Matching Device ID: XuCsMe\ExtensionMicrophone
Outranked Drivers: 
Device Updated: false
Parent Device: SOUNDWIRE\SDCA_06&MAN_01FA&FUNC_4243&TYPE_03&VER_01&ADR_02&LID_00&UID_00&SUBSYS_0CE81028\7&2796ba65&0&0000000000000002"
"16-06-2026 09:59:34","430","Information","Microsoft-Windows-Kernel-PnP","Device SWD\DRIVERENUM\{ceddd3b4-1c8d-4834-805d-9dcefa53921f}#intelliGoAPOSvc&9&2d1483df&0 requires further installation."
"16-06-2026 09:59:34","430","Information","Microsoft-Windows-Kernel-PnP","Device SWD\DRIVERENUM\{ceddd3b4-1c8d-4834-805d-9dcefa53921f}#intelliGoAPOBase&9&2d1483df&0 requires further installation."
"16-06-2026 09:59:34","410","Information","Microsoft-Windows-Kernel-PnP","Device SOUNDWIRE\SDCA_06&MAN_01FA&FUNC_4243&TYPE_03&VER_01&ADR_02&LID_00&UID_00&SUBSYS_0CE81028&DynamicEnumMicrophone0\8&b76481&0&00000400 was started.

Driver Name: oem66.inf
Class GUID: {4d36e96c-e325-11ce-bfc1-08002be10318}
Service: 
Lower Filters: 
Upper Filters: "
