"05-06-2026 03:37:53","2089","Information","Microsoft-Windows-EapHost","EAP session is completing during the authentication phase."
"05-06-2026 03:37:52","2088","Information","Microsoft-Windows-EapHost","User Uses Saved Credentials."
"04-06-2026 09:01:49","2089","Information","Microsoft-Windows-EapHost","EAP session is completing during the authentication phase."
"04-06-2026 09:01:47","2088","Information","Microsoft-Windows-EapHost","User Uses Saved Credentials."
"04-06-2026 05:41:40","2089","Information","Microsoft-Windows-EapHost","EAP session is completing during the authentication phase."
"04-06-2026 05:41:39","2088","Information","Microsoft-Windows-EapHost","User Uses Saved Credentials."
"03-06-2026 10:14:13","2089","Information","Microsoft-Windows-EapHost","EAP session is completing during the authentication phase."
"03-06-2026 10:14:13","2088","Information","Microsoft-Windows-EapHost","User Uses Saved Credentials."
"02-06-2026 19:52:35","2089","Information","Microsoft-Windows-EapHost","EAP session is completing during the authentication phase."
"02-06-2026 19:52:34","2088","Information","Microsoft-Windows-EapHost","User Uses Saved Credentials."
"02-06-2026 19:47:12","2089","Information","Microsoft-Windows-EapHost","EAP session is completing during the authentication phase."
"02-06-2026 19:47:11","2088","Information","Microsoft-Windows-EapHost","User Uses Saved Credentials."
"02-06-2026 10:14:20","2089","Information","Microsoft-Windows-EapHost","EAP session is completing during the authentication phase."
"02-06-2026 10:14:19","2088","Information","Microsoft-Windows-EapHost","User Uses Saved Credentials."
"02-06-2026 09:49:16","2089","Information","Microsoft-Windows-EapHost","EAP session is completing during the authentication phase."
"02-06-2026 09:49:15","2088","Information","Microsoft-Windows-EapHost","User Uses Saved Credentials."
"02-06-2026 09:48:59","2089","Information","Microsoft-Windows-EapHost","EAP session is completing during the authentication phase."
"02-06-2026 09:48:57","2088","Information","Microsoft-Windows-EapHost","User Uses Saved Credentials."
"01-06-2026 20:00:41","2089","Information","Microsoft-Windows-EapHost","EAP session is completing during the authentication phase."
"01-06-2026 20:00:41","2088","Information","Microsoft-Windows-EapHost","User Uses Saved Credentials."
"01-06-2026 19:41:44","2089","Information","Microsoft-Windows-EapHost","EAP session is completing during the authentication phase."
"01-06-2026 19:41:43","2088","Information","Microsoft-Windows-EapHost","User Uses Saved Credentials."
"01-06-2026 18:43:16","2089","Information","Microsoft-Windows-EapHost","EAP session is completing during the authentication phase."
"01-06-2026 18:43:15","2088","Information","Microsoft-Windows-EapHost","User Uses Saved Credentials."
"01-06-2026 17:02:40","2089","Information","Microsoft-Windows-EapHost","EAP session is completing during the authentication phase."
"01-06-2026 17:02:39","2088","Information","Microsoft-Windows-EapHost","User Uses Saved Credentials."
"01-06-2026 15:29:30","2089","Information","Microsoft-Windows-EapHost","EAP session is completing during the authentication phase."
"01-06-2026 15:29:30","2088","Information","Microsoft-Windows-EapHost","User Uses Saved Credentials."
"01-06-2026 13:24:04","2089","Information","Microsoft-Windows-EapHost","EAP session is completing during the authentication phase."
"01-06-2026 13:24:03","2088","Information","Microsoft-Windows-EapHost","User Uses Saved Credentials."
"01-06-2026 13:23:45","2088","Information","Microsoft-Windows-EapHost","User Uses Saved Credentials."
"01-06-2026 09:19:35","2089","Information","Microsoft-Windows-EapHost","EAP session is completing during the authentication phase."
"01-06-2026 09:19:33","2088","Information","Microsoft-Windows-EapHost","User Uses Saved Credentials."
"01-06-2026 09:16:45","2089","Information","Microsoft-Windows-EapHost","EAP session is completing during the authentication phase."
"01-06-2026 09:16:43","2088","Information","Microsoft-Windows-EapHost","User Uses Saved Credentials."
"29-05-2026 19:16:13","2088","Information","Microsoft-Windows-EapHost","User Uses Saved Credentials."
"29-05-2026 10:03:46","2089","Information","Microsoft-Windows-EapHost","EAP session is completing during the authentication phase."
"29-05-2026 10:03:45","2088","Information","Microsoft-Windows-EapHost","User Uses Saved Credentials."
"28-05-2026 18:57:59","2089","Information","Microsoft-Windows-EapHost","EAP session is completing during the authentication phase."
"28-05-2026 18:57:58","2088","Information","Microsoft-Windows-EapHost","User Uses Saved Credentials."
"28-05-2026 10:19:45","2089","Information","Microsoft-Windows-EapHost","EAP session is completing during the authentication phase."
"28-05-2026 10:19:44","2088","Information","Microsoft-Windows-EapHost","User Uses Saved Credentials."
"28-05-2026 09:48:39","2089","Information","Microsoft-Windows-EapHost","EAP session is completing during the authentication phase."
"28-05-2026 09:48:38","2088","Information","Microsoft-Windows-EapHost","User Uses Saved Credentials."
"27-05-2026 09:27:45","2089","Information","Microsoft-Windows-EapHost","EAP session is completing during the authentication phase."
"27-05-2026 09:27:44","2088","Information","Microsoft-Windows-EapHost","User Uses Saved Credentials."
"27-05-2026 09:27:03","2089","Information","Microsoft-Windows-EapHost","EAP session is completing during the authentication phase."
"27-05-2026 09:27:02","2088","Information","Microsoft-Windows-EapHost","User Uses Saved Credentials."
"26-05-2026 20:11:37","2089","Information","Microsoft-Windows-EapHost","EAP session is completing during the authentication phase."
"26-05-2026 20:11:36","2088","Information","Microsoft-Windows-EapHost","User Uses Saved Credentials."
"26-05-2026 09:39:28","2089","Information","Microsoft-Windows-EapHost","EAP session is completing during the authentication phase."
"26-05-2026 09:39:27","2088","Information","Microsoft-Windows-EapHost","User Uses Saved Credentials."
"25-05-2026 18:30:27","2089","Information","Microsoft-Windows-EapHost","EAP session is completing during the authentication phase."
"25-05-2026 18:30:26","2088","Information","Microsoft-Windows-EapHost","User Uses Saved Credentials."
"25-05-2026 17:00:10","2089","Information","Microsoft-Windows-EapHost","EAP session is completing during the authentication phase."
"25-05-2026 17:00:09","2088","Information","Microsoft-Windows-EapHost","User Uses Saved Credentials."
"25-05-2026 09:00:15","2089","Information","Microsoft-Windows-EapHost","EAP session is completing during the authentication phase."
"25-05-2026 09:00:14","2088","Information","Microsoft-Windows-EapHost","User Uses Saved Credentials."
"25-05-2026 09:00:10","2089","Information","Microsoft-Windows-EapHost","EAP session is completing during the authentication phase."
"25-05-2026 09:00:09","2088","Information","Microsoft-Windows-EapHost","User Uses Saved Credentials."
