"TimeCreated","Id","LevelDisplayName","ProviderName","Message"
"18-08-2026 14:31:47","107","Information","Microsoft-Windows-DeviceSetupManager","DSM service has shut down."
"18-08-2026 14:31:47","101","Information","Microsoft-Windows-DeviceSetupManager","DSM Service is shutting down. Service uptime was 53 seconds, active worktime was 245 ms."
"18-08-2026 14:31:02","203","Information","Microsoft-Windows-DeviceSetupManager","The Network List Manager reports connection to the internet has been established."
"18-08-2026 14:30:54","11","Information","Microsoft-Windows-DeviceSetupManager","DSM service is idle and waiting for stop."
"18-08-2026 14:30:54","112","Information","Microsoft-Windows-DeviceSetupManager","Device container 'LIND55MBVC4' ({00000000-0000-0000-ffff-ffffffffffff}) has been serviced, processed 6 tasks, and wrote 43 properties in 245 ms."
"18-08-2026 14:30:54","190","Information","Microsoft-Windows-DeviceSetupManager","Property heuristics for device container 'LIND55MBVC4' ({00000000-0000-0000-ffff-ffffffffffff}) completed in 193 ms."
"18-08-2026 14:30:53","30","Information","Microsoft-Windows-DeviceSetupManager","Device container {00000000-0000-0000-ffff-ffffffffffff} is queued for setup."
"18-08-2026 14:30:53","100","Information","Microsoft-Windows-DeviceSetupManager","DSM service started, mode is Normal, last session (or boot) was 15 seconds ago."
"18-08-2026 10:46:36","107","Information","Microsoft-Windows-DeviceSetupManager","DSM service has shut down."
"18-08-2026 10:46:36","101","Information","Microsoft-Windows-DeviceSetupManager","DSM Service is shutting down. Service uptime was 45 seconds, active worktime was 273 ms."
"18-08-2026 10:45:51","11","Information","Microsoft-Windows-DeviceSetupManager","DSM service is idle and waiting for stop."
"18-08-2026 10:45:51","112","Information","Microsoft-Windows-DeviceSetupManager","Device container 'LIND55MBVC4' ({00000000-0000-0000-ffff-ffffffffffff}) has been serviced, processed 7 tasks, and wrote 43 properties in 269 ms."
"18-08-2026 10:45:51","190","Information","Microsoft-Windows-DeviceSetupManager","Property heuristics for device container 'LIND55MBVC4' ({00000000-0000-0000-ffff-ffffffffffff}) completed in 171 ms."
"18-08-2026 10:45:51","30","Information","Microsoft-Windows-DeviceSetupManager","Device container {00000000-0000-0000-ffff-ffffffffffff} is queued for setup."
"18-08-2026 10:45:51","100","Information","Microsoft-Windows-DeviceSetupManager","DSM service started, mode is Normal, last session (or boot) was 1028 seconds ago."
"17-08-2026 10:05:35","107","Information","Microsoft-Windows-DeviceSetupManager","DSM service has shut down."
"17-08-2026 10:05:35","101","Information","Microsoft-Windows-DeviceSetupManager","DSM Service is shutting down. Service uptime was 45 seconds, active worktime was 181 ms."
"17-08-2026 10:04:50","11","Information","Microsoft-Windows-DeviceSetupManager","DSM service is idle and waiting for stop."
"17-08-2026 10:04:50","112","Information","Microsoft-Windows-DeviceSetupManager","Device container 'OneNote (Desktop)' ({056018f3-ea11-de01-11c1-516050c076bc}) has been serviced, processed 4 tasks, and wrote 44 properties in 176 ms."
"17-08-2026 10:04:50","190","Information","Microsoft-Windows-DeviceSetupManager","Property heuristics for device container 'OneNote (Desktop)' ({056018f3-ea11-de01-11c1-516050c076bc}) completed in 21 ms."
"17-08-2026 10:04:50","30","Information","Microsoft-Windows-DeviceSetupManager","Device container {056018f3-ea11-de01-11c1-516050c076bc} is queued for setup."
"17-08-2026 10:04:50","100","Information","Microsoft-Windows-DeviceSetupManager","DSM service started, mode is Normal, last session (or boot) was 920 seconds ago."
"17-08-2026 09:49:29","107","Information","Microsoft-Windows-DeviceSetupManager","DSM service has shut down."
"17-08-2026 09:49:29","101","Information","Microsoft-Windows-DeviceSetupManager","DSM Service is shutting down. Service uptime was 45 seconds, active worktime was 842 ms."
"17-08-2026 09:48:44","11","Information","Microsoft-Windows-DeviceSetupManager","DSM service is idle and waiting for stop."
"17-08-2026 09:48:44","112","Information","Microsoft-Windows-DeviceSetupManager","Device container 'LIND55MBVC4' ({00000000-0000-0000-ffff-ffffffffffff}) has been serviced, processed 7 tasks, and wrote 43 properties in 838 ms."
"17-08-2026 09:48:44","190","Information","Microsoft-Windows-DeviceSetupManager","Property heuristics for device container 'LIND55MBVC4' ({00000000-0000-0000-ffff-ffffffffffff}) completed in 370 ms."
"17-08-2026 09:48:43","30","Information","Microsoft-Windows-DeviceSetupManager","Device container {00000000-0000-0000-ffff-ffffffffffff} is queued for setup."
"17-08-2026 09:48:43","100","Information","Microsoft-Windows-DeviceSetupManager","DSM service started, mode is Normal, last session (or boot) was 510383 seconds ago."
"10-08-2026 12:03:24","107","Information","Microsoft-Windows-DeviceSetupManager","DSM service has shut down."
"10-08-2026 12:03:24","101","Information","Microsoft-Windows-DeviceSetupManager","DSM Service is shutting down. Service uptime was 45 seconds, active worktime was 950 ms."
"10-08-2026 12:02:39","11","Information","Microsoft-Windows-DeviceSetupManager","DSM service is idle and waiting for stop."
"10-08-2026 12:02:39","112","Information","Microsoft-Windows-DeviceSetupManager","Device container 'LIND55MBVC4' ({00000000-0000-0000-ffff-ffffffffffff}) has been serviced, processed 7 tasks, and wrote 43 properties in 949 ms."
"10-08-2026 12:02:38","190","Information","Microsoft-Windows-DeviceSetupManager","Property heuristics for device container 'LIND55MBVC4' ({00000000-0000-0000-ffff-ffffffffffff}) completed in 192 ms."
"10-08-2026 12:02:38","30","Information","Microsoft-Windows-DeviceSetupManager","Device container {00000000-0000-0000-ffff-ffffffffffff} is queued for setup."
"10-08-2026 12:02:38","100","Information","Microsoft-Windows-DeviceSetupManager","DSM service started, mode is Normal, last session (or boot) was 7175 seconds ago."
"10-08-2026 10:03:02","107","Information","Microsoft-Windows-DeviceSetupManager","DSM service has shut down."
"10-08-2026 10:03:02","101","Information","Microsoft-Windows-DeviceSetupManager","DSM Service is shutting down. Service uptime was 45 seconds, active worktime was 104 ms."
"10-08-2026 10:02:17","11","Information","Microsoft-Windows-DeviceSetupManager","DSM service is idle and waiting for stop."
"10-08-2026 10:02:17","112","Information","Microsoft-Windows-DeviceSetupManager","Device container 'Dell Universal Receiver' ({2484f79e-73b0-11f1-a281-54582d32ed0c}) has been serviced, processed 6 tasks, and wrote 35 properties in 104 ms."
"10-08-2026 10:02:17","190","Information","Microsoft-Windows-DeviceSetupManager","Property heuristics for device container 'Dell Universal Receiver' ({2484f79e-73b0-11f1-a281-54582d32ed0c}) completed in 12 ms."
"10-08-2026 10:02:17","190","Information","Microsoft-Windows-DeviceSetupManager","Property heuristics for device container 'Dell Universal Receiver' ({2484f79e-73b0-11f1-a281-54582d32ed0c}) completed in 18 ms."
"10-08-2026 10:02:17","30","Information","Microsoft-Windows-DeviceSetupManager","Device container {2484f79e-73b0-11f1-a281-54582d32ed0c} is queued for setup."
"10-08-2026 10:02:17","100","Information","Microsoft-Windows-DeviceSetupManager","DSM service started, mode is Normal, last session (or boot) was 242 seconds ago."
"10-08-2026 09:58:14","107","Information","Microsoft-Windows-DeviceSetupManager","DSM service has shut down."
"10-08-2026 09:58:14","101","Information","Microsoft-Windows-DeviceSetupManager","DSM Service is shutting down. Service uptime was 143 seconds, active worktime was 98198 ms."
"10-08-2026 09:57:29","11","Information","Microsoft-Windows-DeviceSetupManager","DSM service is idle and waiting for stop."
"10-08-2026 09:57:29","112","Information","Microsoft-Windows-DeviceSetupManager","Device container 'nRF24LU1P-F32 BOOT LDR' ({c523bc73-9470-11f1-a28d-54582d32ed0c}) has been serviced, processed 6 tasks, and wrote 44 properties in 98192 ms."
"10-08-2026 09:57:29","190","Information","Microsoft-Windows-DeviceSetupManager","Property heuristics for device container 'nRF24LU1P-F32 BOOT LDR' ({c523bc73-9470-11f1-a28d-54582d32ed0c}) completed in 30 ms."
"10-08-2026 09:57:29","127","Information","Microsoft-Windows-DeviceSetupManager","Device 'USB\VID_1915&PID_0101\5&2dc84fba&0&6' does not match any driver updates that are not optional."
"10-08-2026 09:57:29","41","Information","Microsoft-Windows-DeviceSetupManager","WU search completed."
"10-08-2026 09:56:40","41","Information","Microsoft-Windows-DeviceSetupManager","WU search completed."
"10-08-2026 09:56:16","41","Information","Microsoft-Windows-DeviceSetupManager","WU search completed."
"10-08-2026 09:56:04","112","Information","Microsoft-Windows-DeviceSetupManager","Device container 'Dell Universal Receiver' ({c261ee42-90d8-11f1-a28c-54582d32ed0c}) has been serviced, processed 7 tasks, and wrote 35 properties in 218 ms."
"10-08-2026 09:56:04","190","Information","Microsoft-Windows-DeviceSetupManager","Property heuristics for device container 'Dell Universal Receiver' ({c261ee42-90d8-11f1-a28c-54582d32ed0c}) completed in 46 ms."
"10-08-2026 09:56:04","190","Information","Microsoft-Windows-DeviceSetupManager","Property heuristics for device container 'Dell Universal Receiver' ({c261ee42-90d8-11f1-a28c-54582d32ed0c}) completed in 37 ms."
"10-08-2026 09:56:04","30","Information","Microsoft-Windows-DeviceSetupManager","Device container {c261ee42-90d8-11f1-a28c-54582d32ed0c} is queued for setup."
"10-08-2026 09:55:51","30","Information","Microsoft-Windows-DeviceSetupManager","Device container {c523bc73-9470-11f1-a28d-54582d32ed0c} is queued for setup."
"10-08-2026 09:55:51","100","Information","Microsoft-Windows-DeviceSetupManager","DSM service started, mode is Normal, last session (or boot) was 336 seconds ago."
"10-08-2026 09:50:15","107","Information","Microsoft-Windows-DeviceSetupManager","DSM service has shut down."
"10-08-2026 09:50:15","101","Information","Microsoft-Windows-DeviceSetupManager","DSM Service is shutting down. Service uptime was 85 seconds, active worktime was 1361 ms."
"10-08-2026 09:49:30","11","Information","Microsoft-Windows-DeviceSetupManager","DSM service is idle and waiting for stop."
"10-08-2026 09:49:30","112","Information","Microsoft-Windows-DeviceSetupManager","Device container 'LIND55MBVC4' ({00000000-0000-0000-ffff-ffffffffffff}) has been serviced, processed 8 tasks, and wrote 43 properties in 452 ms."
"10-08-2026 09:49:30","190","Information","Microsoft-Windows-DeviceSetupManager","Property heuristics for device container 'LIND55MBVC4' ({00000000-0000-0000-ffff-ffffffffffff}) completed in 425 ms."
"10-08-2026 09:48:50","11","Information","Microsoft-Windows-DeviceSetupManager","DSM service is idle and waiting for stop."
"10-08-2026 09:48:50","112","Information","Microsoft-Windows-DeviceSetupManager","Device container 'LIND55MBVC4' ({00000000-0000-0000-ffff-ffffffffffff}) has been serviced, processed 7 tasks, and wrote 43 properties in 824 ms."
"10-08-2026 09:48:49","190","Information","Microsoft-Windows-DeviceSetupManager","Property heuristics for device container 'LIND55MBVC4' ({00000000-0000-0000-ffff-ffffffffffff}) completed in 523 ms."
"10-08-2026 09:48:49","30","Information","Microsoft-Windows-DeviceSetupManager","Device container {00000000-0000-0000-ffff-ffffffffffff} is queued for setup."
"10-08-2026 09:48:49","100","Information","Microsoft-Windows-DeviceSetupManager","DSM service started, mode is Normal, last session (or boot) was 644 seconds ago."
"10-08-2026 09:38:05","107","Information","Microsoft-Windows-DeviceSetupManager","DSM service has shut down."
"10-08-2026 09:38:05","101","Information","Microsoft-Windows-DeviceSetupManager","DSM Service is shutting down. Service uptime was 121 seconds, active worktime was 65965 ms."
"10-08-2026 09:37:20","11","Information","Microsoft-Windows-DeviceSetupManager","DSM service is idle and waiting for stop."
"10-08-2026 09:37:20","106","Information","Microsoft-Windows-DeviceSetupManager","DSM Service is leaving the retry state, there have been 2 retry cycles in this session."
"10-08-2026 09:37:20","112","Information","Microsoft-Windows-DeviceSetupManager","Device container 'Dell Universal Receiver' ({c261ee42-90d8-11f1-a28c-54582d32ed0c}) has been serviced, processed 7 tasks, and wrote 0 properties in 65878 ms."
"10-08-2026 09:37:20","127","Information","Microsoft-Windows-DeviceSetupManager","Device 'USB\VID_413C&PID_4503&MI_02\6&386bff60&0&0002' does not match any driver updates that are not optional."
"10-08-2026 09:37:20","127","Information","Microsoft-Windows-DeviceSetupManager","Device 'HID\VID_413C&PID_4503&MI_01&Col03\7&3b0c56d4&0&0002' does not match any driver updates that are not optional."
"10-08-2026 09:37:20","127","Information","Microsoft-Windows-DeviceSetupManager","Device 'HID\VID_413C&PID_4503&MI_02&Col01\7&29e6d75c&0&0000' does not match any driver updates that are not optional."
"10-08-2026 09:37:20","127","Information","Microsoft-Windows-DeviceSetupManager","Device 'HID\VID_413C&PID_4503&MI_01&Col02\7&3b0c56d4&0&0001' does not match any driver updates that are not optional."
"10-08-2026 09:37:20","127","Information","Microsoft-Windows-DeviceSetupManager","Device 'USB\VID_413C&PID_4503&MI_01\6&386bff60&0&0001' does not match any driver updates that are not optional."
"10-08-2026 09:37:20","41","Information","Microsoft-Windows-DeviceSetupManager","WU search completed."
"10-08-2026 09:37:12","41","Information","Microsoft-Windows-DeviceSetupManager","WU search completed."
"10-08-2026 09:36:14","105","Information","Microsoft-Windows-DeviceSetupManager","DSM Service is entering a retry cycle (count: 2) because transient errors were encountered."
"10-08-2026 09:36:11","203","Information","Microsoft-Windows-DeviceSetupManager","The Network List Manager reports connection to the internet has been established."
"10-08-2026 09:36:06","11","Information","Microsoft-Windows-DeviceSetupManager","DSM service is idle and waiting for retry."
"10-08-2026 09:36:06","112","Information","Microsoft-Windows-DeviceSetupManager","Device container 'Dell Universal Receiver' ({c261ee42-90d8-11f1-a28c-54582d32ed0c}) has been serviced, processed 7 tasks, and wrote 0 properties in 5 ms."
"10-08-2026 09:36:06","202","Warning","Microsoft-Windows-DeviceSetupManager","The Network List Manager reports no connectivity to the internet."
"10-08-2026 09:36:06","105","Information","Microsoft-Windows-DeviceSetupManager","DSM Service is entering a retry cycle (count: 1) because transient errors were encountered."
"10-08-2026 09:36:03","11","Information","Microsoft-Windows-DeviceSetupManager","DSM service is idle and waiting for retry."
"10-08-2026 09:36:03","112","Information","Microsoft-Windows-DeviceSetupManager","Device container 'Dell Universal Receiver' ({c261ee42-90d8-11f1-a28c-54582d32ed0c}) has been serviced, processed 12 tasks, and wrote 35 properties in 78 ms."
"10-08-2026 09:36:03","190","Information","Microsoft-Windows-DeviceSetupManager","Property heuristics for device container 'Dell Universal Receiver' ({c261ee42-90d8-11f1-a28c-54582d32ed0c}) completed in 24 ms."
"10-08-2026 09:36:03","202","Warning","Microsoft-Windows-DeviceSetupManager","The Network List Manager reports no connectivity to the internet."
"10-08-2026 09:36:03","30","Information","Microsoft-Windows-DeviceSetupManager","Device container {c261ee42-90d8-11f1-a28c-54582d32ed0c} is queued for setup."
"10-08-2026 09:36:03","100","Information","Microsoft-Windows-DeviceSetupManager","DSM service started, mode is Normal, last session (or boot) was 15 seconds ago."
"06-08-2026 16:30:43","107","Information","Microsoft-Windows-DeviceSetupManager","DSM service has shut down."
"06-08-2026 16:30:43","101","Information","Microsoft-Windows-DeviceSetupManager","DSM Service is shutting down. Service uptime was 46 seconds, active worktime was 439 ms."
"06-08-2026 16:29:57","11","Information","Microsoft-Windows-DeviceSetupManager","DSM service is idle and waiting for stop."
"06-08-2026 16:29:57","112","Information","Microsoft-Windows-DeviceSetupManager","Device container 'Dell Universal Receiver' ({fbe0bb6f-57e9-11f1-a271-54582d32ed0c}) has been serviced, processed 7 tasks, and wrote 35 properties in 51 ms."
"06-08-2026 16:29:57","190","Information","Microsoft-Windows-DeviceSetupManager","Property heuristics for device container 'Dell Universal Receiver' ({fbe0bb6f-57e9-11f1-a271-54582d32ed0c}) completed in 10 ms."
"06-08-2026 16:29:57","190","Information","Microsoft-Windows-DeviceSetupManager","Property heuristics for device container 'Dell Universal Receiver' ({fbe0bb6f-57e9-11f1-a271-54582d32ed0c}) completed in 17 ms."
"06-08-2026 16:29:57","190","Information","Microsoft-Windows-DeviceSetupManager","Property heuristics for device container 'Dell Universal Receiver' ({fbe0bb6f-57e9-11f1-a271-54582d32ed0c}) completed in 16 ms."
"06-08-2026 16:29:57","11","Information","Microsoft-Windows-DeviceSetupManager","DSM service is idle and waiting for stop."
"06-08-2026 16:29:57","112","Information","Microsoft-Windows-DeviceSetupManager","Device container 'Dell Universal Receiver' ({fbe0bb6f-57e9-11f1-a271-54582d32ed0c}) has been serviced, processed 5 tasks, and wrote 35 properties in 34 ms."
"06-08-2026 16:29:57","190","Information","Microsoft-Windows-DeviceSetupManager","Property heuristics for device container 'Dell Universal Receiver' ({fbe0bb6f-57e9-11f1-a271-54582d32ed0c}) completed in 13 ms."
"06-08-2026 16:29:57","190","Information","Microsoft-Windows-DeviceSetupManager","Property heuristics for device container 'Dell Universal Receiver' ({fbe0bb6f-57e9-11f1-a271-54582d32ed0c}) completed in 16 ms."
"06-08-2026 16:29:56","11","Information","Microsoft-Windows-DeviceSetupManager","DSM service is idle and waiting for stop."
"06-08-2026 16:29:56","112","Information","Microsoft-Windows-DeviceSetupManager","Device container 'Dell Universal Receiver' ({fbe0bb6f-57e9-11f1-a271-54582d32ed0c}) has been serviced, processed 3 tasks, and wrote 35 properties in 347 ms."
"06-08-2026 16:29:56","190","Information","Microsoft-Windows-DeviceSetupManager","Property heuristics for device container 'Dell Universal Receiver' ({fbe0bb6f-57e9-11f1-a271-54582d32ed0c}) completed in 19 ms."
"06-08-2026 16:29:56","30","Information","Microsoft-Windows-DeviceSetupManager","Device container {fbe0bb6f-57e9-11f1-a271-54582d32ed0c} is queued for setup."
"06-08-2026 16:29:56","100","Information","Microsoft-Windows-DeviceSetupManager","DSM service started, mode is Normal, last session (or boot) was 7132 seconds ago."
"06-08-2026 14:31:03","107","Information","Microsoft-Windows-DeviceSetupManager","DSM service has shut down."
"06-08-2026 14:31:03","101","Information","Microsoft-Windows-DeviceSetupManager","DSM Service is shutting down. Service uptime was 96 seconds, active worktime was 51424 ms."
"06-08-2026 14:30:18","11","Information","Microsoft-Windows-DeviceSetupManager","DSM service is idle and waiting for stop."
"06-08-2026 14:30:18","112","Information","Microsoft-Windows-DeviceSetupManager","Device container 'Dell Universal Receiver' ({c261ee42-90d8-11f1-a28c-54582d32ed0c}) has been serviced, processed 18 tasks, and wrote 44 properties in 51424 ms."
"06-08-2026 14:30:18","190","Information","Microsoft-Windows-DeviceSetupManager","Property heuristics for device container 'Dell Universal Receiver' ({c261ee42-90d8-11f1-a28c-54582d32ed0c}) completed in 44 ms."
"06-08-2026 14:30:18","160","Information","Microsoft-Windows-DeviceSetupManager","Software DDPMSoftwareInstall_Device_component_software was installed for device 'SWD\DRIVERENUM\DPMAutoInstallDriver_Device_component&8&14a6b64a&0' in 398 ms."
"06-08-2026 14:30:18","165","Information","Microsoft-Windows-DeviceSetupManager","Software DDPMSoftwareInstall_Device_component_software is being launched with command line: '""C:\Windows\System32\DriverStore\FileRepository\ddpmsoftwareinstall_component.inf_amd64_3d39f607b80ee919\DDPMDownloader.exe"" /InstallFromDriver /RecommendedFlow /DeviceInstanceID=SWD\DRIVERENUM\DPMAutoInstallDriver_Device_component&8&14a6b64a&0'."
"06-08-2026 14:30:18","127","Information","Microsoft-Windows-DeviceSetupManager","Device 'USB\VID_413C&PID_4503&MI_00\6&386bff60&0&0000' does not match any driver updates that are not optional."
"06-08-2026 14:30:18","41","Information","Microsoft-Windows-DeviceSetupManager","WU search completed."
"06-08-2026 14:29:58","41","Information","Microsoft-Windows-DeviceSetupManager","WU search completed."
"06-08-2026 14:29:27","30","Information","Microsoft-Windows-DeviceSetupManager","Device container {c261ee42-90d8-11f1-a28c-54582d32ed0c} is queued for setup."
"06-08-2026 14:29:27","100","Information","Microsoft-Windows-DeviceSetupManager","DSM service started, mode is Normal, last session (or boot) was 180 seconds ago."
"06-08-2026 14:26:26","107","Information","Microsoft-Windows-DeviceSetupManager","DSM service has shut down."
"06-08-2026 14:26:26","101","Information","Microsoft-Windows-DeviceSetupManager","DSM Service is shutting down. Service uptime was 45 seconds, active worktime was 145 ms."
"06-08-2026 14:25:41","11","Information","Microsoft-Windows-DeviceSetupManager","DSM service is idle and waiting for stop."
"06-08-2026 14:25:41","112","Information","Microsoft-Windows-DeviceSetupManager","Device container 'Dell Universal Receiver' ({fbe0bb6f-57e9-11f1-a271-54582d32ed0c}) has been serviced, processed 4 tasks, and wrote 35 properties in 145 ms."
"06-08-2026 14:25:41","190","Information","Microsoft-Windows-DeviceSetupManager","Property heuristics for device container 'Dell Universal Receiver' ({fbe0bb6f-57e9-11f1-a271-54582d32ed0c}) completed in 47 ms."
"06-08-2026 14:25:41","30","Information","Microsoft-Windows-DeviceSetupManager","Device container {fbe0bb6f-57e9-11f1-a271-54582d32ed0c} is queued for setup."
"06-08-2026 14:25:41","100","Information","Microsoft-Windows-DeviceSetupManager","DSM service started, mode is Normal, last session (or boot) was 2947 seconds ago."
"06-08-2026 13:36:34","107","Information","Microsoft-Windows-DeviceSetupManager","DSM service has shut down."
"06-08-2026 13:36:34","101","Information","Microsoft-Windows-DeviceSetupManager","DSM Service is shutting down. Service uptime was 45 seconds, active worktime was 123 ms."
"06-08-2026 13:35:49","11","Information","Microsoft-Windows-DeviceSetupManager","DSM service is idle and waiting for stop."
"06-08-2026 13:35:49","112","Information","Microsoft-Windows-DeviceSetupManager","Device container 'Dell Universal Receiver' ({31506464-56d6-11f1-a26a-806e6f6e6963}) has been serviced, processed 3 tasks, and wrote 0 properties in 121 ms."
"06-08-2026 13:35:49","30","Information","Microsoft-Windows-DeviceSetupManager","Device container {31506464-56d6-11f1-a26a-806e6f6e6963} is queued for setup."
"06-08-2026 13:35:49","100","Information","Microsoft-Windows-DeviceSetupManager","DSM service started, mode is Normal, last session (or boot) was 4205 seconds ago."
"06-08-2026 12:25:43","107","Information","Microsoft-Windows-DeviceSetupManager","DSM service has shut down."
"06-08-2026 12:25:43","101","Information","Microsoft-Windows-DeviceSetupManager","DSM Service is shutting down. Service uptime was 45 seconds, active worktime was 372 ms."
"06-08-2026 12:24:58","11","Information","Microsoft-Windows-DeviceSetupManager","DSM service is idle and waiting for stop."
"06-08-2026 12:24:58","112","Information","Microsoft-Windows-DeviceSetupManager","Device container 'Tek Keyboard' ({8e7f0bdb-5917-11f1-a271-54582d32ed0c}) has been serviced, processed 3 tasks, and wrote 0 properties in 372 ms."
"06-08-2026 12:24:58","30","Information","Microsoft-Windows-DeviceSetupManager","Device container {8e7f0bdb-5917-11f1-a271-54582d32ed0c} is queued for setup."
"06-08-2026 12:24:58","100","Information","Microsoft-Windows-DeviceSetupManager","DSM service started, mode is Normal, last session (or boot) was 174623 seconds ago."
"04-08-2026 11:54:34","107","Information","Microsoft-Windows-DeviceSetupManager","DSM service has shut down."
"04-08-2026 11:54:34","101","Information","Microsoft-Windows-DeviceSetupManager","DSM Service is shutting down. Service uptime was 45 seconds, active worktime was 63 ms."
"04-08-2026 11:53:49","11","Information","Microsoft-Windows-DeviceSetupManager","DSM service is idle and waiting for stop."
"04-08-2026 11:53:49","112","Information","Microsoft-Windows-DeviceSetupManager","Device container 'Plantronics Blackwire 3225 Series' ({ccc49380-9067-5383-966e-8334bad8972a}) has been serviced, processed 3 tasks, and wrote 0 properties in 63 ms."
"04-08-2026 11:53:49","30","Information","Microsoft-Windows-DeviceSetupManager","Device container {ccc49380-9067-5383-966e-8334bad8972a} is queued for setup."
"04-08-2026 11:53:49","100","Information","Microsoft-Windows-DeviceSetupManager","DSM service started, mode is Normal, last session (or boot) was 9209 seconds ago."
"04-08-2026 09:20:19","107","Information","Microsoft-Windows-DeviceSetupManager","DSM service has shut down."
"04-08-2026 09:20:19","101","Information","Microsoft-Windows-DeviceSetupManager","DSM Service is shutting down. Service uptime was 45 seconds, active worktime was 727 ms."
"04-08-2026 09:19:34","11","Information","Microsoft-Windows-DeviceSetupManager","DSM service is idle and waiting for stop."
"04-08-2026 09:19:34","112","Information","Microsoft-Windows-DeviceSetupManager","Device container 'LIND55MBVC4' ({00000000-0000-0000-ffff-ffffffffffff}) has been serviced, processed 5 tasks, and wrote 43 properties in 674 ms."
"04-08-2026 09:19:34","112","Information","Microsoft-Windows-DeviceSetupManager","Device container 'Generic Monitor (HP 22cw)' ({1a686207-6fa3-11f1-a27e-54582d32ed0c}) has been serviced, processed 2 tasks, and wrote 35 properties in 667 ms."
"04-08-2026 09:19:34","112","Information","Microsoft-Windows-DeviceSetupManager","Device container 'Generic Monitor' ({f7cf4b6c-3cfb-5309-8995-fb3d888c7e1e}) has been serviced, processed 3 tasks, and wrote 35 properties in 673 ms."
"04-08-2026 09:19:34","112","Information","Microsoft-Windows-DeviceSetupManager","Device container 'Generic Monitor (HP 22cw)' ({a460b0d3-5668-11f1-a26f-c0a8109d15b0}) has been serviced, processed 2 tasks, and wrote 35 properties in 634 ms."
"04-08-2026 09:19:34","112","Information","Microsoft-Windows-DeviceSetupManager","Device container 'Dell Universal Receiver' ({0831f13c-6974-11f1-a27a-54582d32ed0c}) has been serviced, processed 2 tasks, and wrote 35 properties in 633 ms."
"04-08-2026 09:19:34","112","Information","Microsoft-Windows-DeviceSetupManager","Device container 'Dell Universal Receiver' ({e2f71edd-7b72-11f1-a285-54582d32ed0c}) has been serviced, processed 6 tasks, and wrote 35 properties in 641 ms."
"04-08-2026 09:19:34","112","Information","Microsoft-Windows-DeviceSetupManager","Device container 'Dell Universal Receiver' ({c1114523-5b3d-11f1-a272-54582d32ed0c}) has been serviced, processed 2 tasks, and wrote 35 properties in 632 ms."
"04-08-2026 09:19:34","112","Information","Microsoft-Windows-DeviceSetupManager","Device container 'Generic Monitor' ({1074b24d-b986-5a01-b420-b3d39c2f9286}) has been serviced, processed 2 tasks, and wrote 35 properties in 633 ms."
"04-08-2026 09:19:34","112","Information","Microsoft-Windows-DeviceSetupManager","Device container 'USB Serial Device (COM5)' ({d8ab74b4-5d6c-11f1-a273-54582d32ed0c}) has been serviced, processed 2 tasks, and wrote 35 properties in 632 ms."
"04-08-2026 09:19:34","112","Information","Microsoft-Windows-DeviceSetupManager","Device container 'Plantronics Blackwire 3215 Series' ({21c8ff95-2236-5ca3-8613-765d91702934}) has been serviced, processed 2 tasks, and wrote 35 properties in 631 ms."
"04-08-2026 09:19:34","112","Information","Microsoft-Windows-DeviceSetupManager","Device container 'Dell DA310' ({6779fccc-4bd9-5dae-8476-49f9994420b5}) has been serviced, processed 2 tasks, and wrote 35 properties in 631 ms."
"04-08-2026 09:19:34","112","Information","Microsoft-Windows-DeviceSetupManager","Device container 'USB Receiver' ({1a6861dc-6fa3-11f1-a27e-54582d32ed0c}) has been serviced, processed 2 tasks, and wrote 35 properties in 631 ms."
"04-08-2026 09:19:34","112","Information","Microsoft-Windows-DeviceSetupManager","Device container 'USB Receiver' ({65e8f6ba-5e83-11f1-a274-54582d32ed0c}) has been serviced, processed 2 tasks, and wrote 35 properties in 629 ms."
"04-08-2026 09:19:34","112","Information","Microsoft-Windows-DeviceSetupManager","Device container 'Unknown USB Device (Device Descriptor Request Failed)' ({0dec4d9c-6340-11f1-a278-54582d32ed0c}) has been serviced, processed 2 tasks, and wrote 35 properties in 634 ms."
"04-08-2026 09:19:34","112","Information","Microsoft-Windows-DeviceSetupManager","Device container 'OneNote (Desktop)' ({056018f3-ea11-de01-11c1-516050c076bc}) has been serviced, processed 2 tasks, and wrote 35 properties in 629 ms."
"04-08-2026 09:19:34","112","Information","Microsoft-Windows-DeviceSetupManager","Device container 'Realtek USB GbE Family Controller #2' ({11150715-212b-0102-0c00-004e34524b34}) has been serviced, processed 2 tasks, and wrote 35 properties in 635 ms."
"04-08-2026 09:19:34","112","Information","Microsoft-Windows-DeviceSetupManager","Device container 'Dell DA310' ({3bbca2de-ffda-53c6-90f2-f7fdd4f42870}) has been serviced, processed 3 tasks, and wrote 35 properties in 642 ms."
"04-08-2026 09:19:34","112","Information","Microsoft-Windows-DeviceSetupManager","Device container 'Tek Keyboard' ({d8ab7c99-5d6c-11f1-a273-54582d32ed0c}) has been serviced, processed 2 tasks, and wrote 35 properties in 635 ms."
"04-08-2026 09:19:34","112","Information","Microsoft-Windows-DeviceSetupManager","Device container 'Headphone on SoundWire Device (5- Cirrus Logic XU)' ({c50ccab6-be23-566d-b12f-e319603873eb}) has been serviced, processed 2 tasks, and wrote 35 properties in 635 ms."
"04-08-2026 09:19:34","112","Information","Microsoft-Windows-DeviceSetupManager","Device container 'Hub Feature Controller' ({00000000-0000-0000-0000-005c6dd8fa1b}) has been serviced, processed 2 tasks, and wrote 35 properties in 634 ms."
"04-08-2026 09:19:34","190","Information","Microsoft-Windows-DeviceSetupManager","Property heuristics for device container 'Generic Monitor' ({f7cf4b6c-3cfb-5309-8995-fb3d888c7e1e}) completed in 394 ms."
"04-08-2026 09:19:34","190","Information","Microsoft-Windows-DeviceSetupManager","Property heuristics for device container 'Generic Monitor (HP 22cw)' ({1a686207-6fa3-11f1-a27e-54582d32ed0c}) completed in 451 ms."
"04-08-2026 09:19:34","190","Information","Microsoft-Windows-DeviceSetupManager","Property heuristics for device container 'Generic Monitor (HP 22cw)' ({a460b0d3-5668-11f1-a26f-c0a8109d15b0}) completed in 71 ms."
"04-08-2026 09:19:34","112","Information","Microsoft-Windows-DeviceSetupManager","Device container 'USB Receiver' ({65a5b7d5-6ba2-11f1-a27e-54582d32ed0c}) has been serviced, processed 2 tasks, and wrote 35 properties in 636 ms."
"04-08-2026 09:19:34","112","Information","Microsoft-Windows-DeviceSetupManager","Device container 'USB2 Controller Hub' ({00000000-0000-2c00-060a-160107000502}) has been serviced, processed 2 tasks, and wrote 35 properties in 633 ms."
"04-08-2026 09:19:34","112","Information","Microsoft-Windows-DeviceSetupManager","Device container 'OneNote (Desktop) - Protected' ({4fd81dad-e1d5-1608-b7cf-591767d49f90}) has been serviced, processed 2 tasks, and wrote 35 properties in 633 ms."
"04-08-2026 09:19:34","112","Information","Microsoft-Windows-DeviceSetupManager","Device container 'Pandorabox1' ({1c7d1448-feb6-5f83-8d4b-bff03b24c8a6}) has been serviced, processed 2 tasks, and wrote 35 properties in 627 ms."
"04-08-2026 09:19:34","112","Information","Microsoft-Windows-DeviceSetupManager","Device container 'Dell U2422HE(USB Type_C)' ({1a280936-c6ed-5221-9721-f685a263cb13}) has been serviced, processed 2 tasks, and wrote 35 properties in 625 ms."
"04-08-2026 09:19:34","112","Information","Microsoft-Windows-DeviceSetupManager","Device container 'Dell WH3024 Headset' ({e71cf5ff-7cee-527d-9ebc-544d6c2f24f5}) has been serviced, processed 2 tasks, and wrote 35 properties in 622 ms."
"04-08-2026 09:19:34","112","Information","Microsoft-Windows-DeviceSetupManager","Device container 'Generic Monitor' ({8e652481-7376-11f1-a281-54582d32ed0c}) has been serviced, processed 2 tasks, and wrote 35 properties in 622 ms."
"04-08-2026 09:19:34","112","Information","Microsoft-Windows-DeviceSetupManager","Device container 'USB Receiver' ({1a6862bd-6fa3-11f1-a27e-54582d32ed0c}) has been serviced, processed 2 tasks, and wrote 35 properties in 621 ms."
"04-08-2026 09:19:34","112","Information","Microsoft-Windows-DeviceSetupManager","Device container 'Dell Universal Receiver' ({fbe0bb6f-57e9-11f1-a271-54582d32ed0c}) has been serviced, processed 2 tasks, and wrote 35 properties in 622 ms."
"04-08-2026 09:19:34","112","Information","Microsoft-Windows-DeviceSetupManager","Device container 'Plantronics Blackwire 3225 Series' ({80024adb-3047-5d2f-983f-eff9e40c2833}) has been serviced, processed 8 tasks, and wrote 35 properties in 636 ms."
"04-08-2026 09:19:34","112","Information","Microsoft-Windows-DeviceSetupManager","Device container 'Dell DA310' ({e5afc831-8d4b-5898-99c8-bc24c65ded28}) has been serviced, processed 2 tasks, and wrote 35 properties in 619 ms."
"04-08-2026 09:19:34","112","Information","Microsoft-Windows-DeviceSetupManager","Device container 'Dell Universal Receiver' ({31506464-56d6-11f1-a26a-806e6f6e6963}) has been serviced, processed 2 tasks, and wrote 35 properties in 619 ms."
"04-08-2026 09:19:34","112","Information","Microsoft-Windows-DeviceSetupManager","Device container 'USB Receiver' ({1a687113-6fa3-11f1-a27e-54582d32ed0c}) has been serviced, processed 2 tasks, and wrote 35 properties in 621 ms."
"04-08-2026 09:19:34","112","Information","Microsoft-Windows-DeviceSetupManager","Device container 'Dell P2422HE(USB Type_C)' ({9875a84b-5a50-11f1-a272-54582d32ed0c}) has been serviced, processed 2 tasks, and wrote 35 properties in 619 ms."
"04-08-2026 09:19:34","112","Information","Microsoft-Windows-DeviceSetupManager","Device container 'Tek Keyboard' ({8e7f2822-5917-11f1-a271-54582d32ed0c}) has been serviced, processed 2 tasks, and wrote 35 properties in 612 ms."
"04-08-2026 09:19:34","112","Information","Microsoft-Windows-DeviceSetupManager","Device container 'TSC TE244' ({66d57f75-1acf-5fa1-888e-b7e753613c0f}) has been serviced, processed 2 tasks, and wrote 35 properties in 614 ms."
"04-08-2026 09:19:34","112","Information","Microsoft-Windows-DeviceSetupManager","Device container 'Dell P2422HE(USB Type_C)' ({170e2716-68a6-11f1-a279-54582d32ed0c}) has been serviced, processed 2 tasks, and wrote 35 properties in 614 ms."
"04-08-2026 09:19:34","112","Information","Microsoft-Windows-DeviceSetupManager","Device container 'Dell Universal Receiver' ({2484f79e-73b0-11f1-a281-54582d32ed0c}) has been serviced, processed 2 tasks, and wrote 35 properties in 614 ms."
"04-08-2026 09:19:34","112","Information","Microsoft-Windows-DeviceSetupManager","Device container '\\hkgwinprnp001.enterprisenet.org\IN-CHE-5th Floor' ({a19df8ed-7b2b-571f-bffe-548aa27247c4}) has been serviced, processed 2 tasks, and wrote 35 properties in 615 ms."
"04-08-2026 09:19:34","112","Information","Microsoft-Windows-DeviceSetupManager","Device container 'Plantronics Blackwire 3225 Series' ({ccc49380-9067-5383-966e-8334bad8972a}) has been serviced, processed 2 tasks, and wrote 35 properties in 614 ms."
"04-08-2026 09:19:34","112","Information","Microsoft-Windows-DeviceSetupManager","Device container 'TSC TE244 #2' ({2db29114-824e-9ff5-50a6-0054a5c85008}) has been serviced, processed 2 tasks, and wrote 35 properties in 608 ms."
"04-08-2026 09:19:34","112","Information","Microsoft-Windows-DeviceSetupManager","Device container 'USB Serial Device (COM3)' ({98759751-5a50-11f1-a272-54582d32ed0c}) has been serviced, processed 2 tasks, and wrote 35 properties in 611 ms."
"04-08-2026 09:19:34","112","Information","Microsoft-Windows-DeviceSetupManager","Device container 'Generic Monitor (Logi)' ({010efe14-0230-55ea-ad57-3a6de2791598}) has been serviced, processed 2 tasks, and wrote 35 properties in 609 ms."
"04-08-2026 09:19:34","112","Information","Microsoft-Windows-DeviceSetupManager","Device container 'Generic Monitor (HP 22cw)' ({1a687106-6fa3-11f1-a27e-54582d32ed0c}) has been serviced, processed 2 tasks, and wrote 35 properties in 649 ms."
"04-08-2026 09:19:34","112","Information","Microsoft-Windows-DeviceSetupManager","Device container 'USB Receiver' ({31506435-56d6-11f1-a26a-806e6f6e6963}) has been serviced, processed 2 tasks, and wrote 35 properties in 606 ms."
"04-08-2026 09:19:34","112","Information","Microsoft-Windows-DeviceSetupManager","Device container 'USB Serial Device (COM6)' ({a86c545f-5e3d-11f1-a274-54582d32ed0c}) has been serviced, processed 2 tasks, and wrote 35 properties in 609 ms."
"04-08-2026 09:19:34","190","Information","Microsoft-Windows-DeviceSetupManager","Property heuristics for device container 'Dell Universal Receiver' ({e2f71edd-7b72-11f1-a285-54582d32ed0c}) completed in 25 ms."
"04-08-2026 09:19:34","190","Information","Microsoft-Windows-DeviceSetupManager","Property heuristics for device container 'Dell Universal Receiver' ({0831f13c-6974-11f1-a27a-54582d32ed0c}) completed in 21 ms."
"04-08-2026 09:19:34","190","Information","Microsoft-Windows-DeviceSetupManager","Property heuristics for device container 'Dell Universal Receiver' ({c1114523-5b3d-11f1-a272-54582d32ed0c}) completed in 23 ms."
"04-08-2026 09:19:34","190","Information","Microsoft-Windows-DeviceSetupManager","Property heuristics for device container 'USB Serial Device (COM5)' ({d8ab74b4-5d6c-11f1-a273-54582d32ed0c}) completed in 8 ms."
"04-08-2026 09:19:34","190","Information","Microsoft-Windows-DeviceSetupManager","Property heuristics for device container 'Generic Monitor' ({1074b24d-b986-5a01-b420-b3d39c2f9286}) completed in 9 ms."
"04-08-2026 09:19:34","190","Information","Microsoft-Windows-DeviceSetupManager","Property heuristics for device container 'USB Receiver' ({1a6861dc-6fa3-11f1-a27e-54582d32ed0c}) completed in 18 ms."
"04-08-2026 09:19:34","190","Information","Microsoft-Windows-DeviceSetupManager","Property heuristics for device container 'Plantronics Blackwire 3215 Series' ({21c8ff95-2236-5ca3-8613-765d91702934}) completed in 21 ms."
"04-08-2026 09:19:34","190","Information","Microsoft-Windows-DeviceSetupManager","Property heuristics for device container 'Dell DA310' ({6779fccc-4bd9-5dae-8476-49f9994420b5}) completed in 15 ms."
"04-08-2026 09:19:34","190","Information","Microsoft-Windows-DeviceSetupManager","Property heuristics for device container 'LIND55MBVC4' ({00000000-0000-0000-ffff-ffffffffffff}) completed in 301 ms."
"04-08-2026 09:19:34","190","Information","Microsoft-Windows-DeviceSetupManager","Property heuristics for device container 'USB Receiver' ({65e8f6ba-5e83-11f1-a274-54582d32ed0c}) completed in 21 ms."
"04-08-2026 09:19:34","190","Information","Microsoft-Windows-DeviceSetupManager","Property heuristics for device container 'OneNote (Desktop)' ({056018f3-ea11-de01-11c1-516050c076bc}) completed in 14 ms."
"04-08-2026 09:19:34","190","Information","Microsoft-Windows-DeviceSetupManager","Property heuristics for device container 'Dell DA310' ({3bbca2de-ffda-53c6-90f2-f7fdd4f42870}) completed in 14 ms."
"04-08-2026 09:19:34","112","Information","Microsoft-Windows-DeviceSetupManager","Device container 'Logi USB Headset' ({fbe0ca52-57e9-11f1-a271-54582d32ed0c}) has been serviced, processed 2 tasks, and wrote 35 properties in 468 ms."
"04-08-2026 09:19:34","190","Information","Microsoft-Windows-DeviceSetupManager","Property heuristics for device container 'Unknown USB Device (Device Descriptor Request Failed)' ({0dec4d9c-6340-11f1-a278-54582d32ed0c}) completed in 17 ms."
"04-08-2026 09:19:34","190","Information","Microsoft-Windows-DeviceSetupManager","Property heuristics for device container 'Realtek USB GbE Family Controller #2' ({11150715-212b-0102-0c00-004e34524b34}) completed in 16 ms."
"04-08-2026 09:19:34","112","Information","Microsoft-Windows-DeviceSetupManager","Device container 'Tek Keyboard' ({8e7f0bdb-5917-11f1-a271-54582d32ed0c}) has been serviced, processed 2 tasks, and wrote 35 properties in 446 ms."
"04-08-2026 09:19:34","190","Information","Microsoft-Windows-DeviceSetupManager","Property heuristics for device container 'Headphone on SoundWire Device (5- Cirrus Logic XU)' ({c50ccab6-be23-566d-b12f-e319603873eb}) completed in 8 ms."
"04-08-2026 09:19:34","190","Information","Microsoft-Windows-DeviceSetupManager","Property heuristics for device container 'Tek Keyboard' ({d8ab7c99-5d6c-11f1-a273-54582d32ed0c}) completed in 12 ms."
"04-08-2026 09:19:34","190","Information","Microsoft-Windows-DeviceSetupManager","Property heuristics for device container 'Hub Feature Controller' ({00000000-0000-0000-0000-005c6dd8fa1b}) completed in 23 ms."
"04-08-2026 09:19:34","190","Information","Microsoft-Windows-DeviceSetupManager","Property heuristics for device container 'USB Receiver' ({65a5b7d5-6ba2-11f1-a27e-54582d32ed0c}) completed in 13 ms."
"04-08-2026 09:19:34","190","Information","Microsoft-Windows-DeviceSetupManager","Property heuristics for device container 'USB2 Controller Hub' ({00000000-0000-2c00-060a-160107000502}) completed in 27 ms."
"04-08-2026 09:19:34","190","Information","Microsoft-Windows-DeviceSetupManager","Property heuristics for device container 'OneNote (Desktop) - Protected' ({4fd81dad-e1d5-1608-b7cf-591767d49f90}) completed in 13 ms."
"04-08-2026 09:19:34","190","Information","Microsoft-Windows-DeviceSetupManager","Property heuristics for device container 'Pandorabox1' ({1c7d1448-feb6-5f83-8d4b-bff03b24c8a6}) completed in 16 ms."
"04-08-2026 09:19:34","190","Information","Microsoft-Windows-DeviceSetupManager","Property heuristics for device container 'Dell U2422HE(USB Type_C)' ({1a280936-c6ed-5221-9721-f685a263cb13}) completed in 16 ms."
"04-08-2026 09:19:34","190","Information","Microsoft-Windows-DeviceSetupManager","Property heuristics for device container 'Dell WH3024 Headset' ({e71cf5ff-7cee-527d-9ebc-544d6c2f24f5}) completed in 23 ms."
"04-08-2026 09:19:34","190","Information","Microsoft-Windows-DeviceSetupManager","Property heuristics for device container 'Generic Monitor' ({8e652481-7376-11f1-a281-54582d32ed0c}) completed in 14 ms."
"04-08-2026 09:19:34","190","Information","Microsoft-Windows-DeviceSetupManager","Property heuristics for device container 'USB Receiver' ({1a6862bd-6fa3-11f1-a27e-54582d32ed0c}) completed in 19 ms."
"04-08-2026 09:19:34","190","Information","Microsoft-Windows-DeviceSetupManager","Property heuristics for device container 'Dell Universal Receiver' ({fbe0bb6f-57e9-11f1-a271-54582d32ed0c}) completed in 26 ms."
"04-08-2026 09:19:34","190","Information","Microsoft-Windows-DeviceSetupManager","Property heuristics for device container 'Plantronics Blackwire 3225 Series' ({80024adb-3047-5d2f-983f-eff9e40c2833}) completed in 22 ms."
"04-08-2026 09:19:34","190","Information","Microsoft-Windows-DeviceSetupManager","Property heuristics for device container 'Dell DA310' ({e5afc831-8d4b-5898-99c8-bc24c65ded28}) completed in 13 ms."
"04-08-2026 09:19:34","190","Information","Microsoft-Windows-DeviceSetupManager","Property heuristics for device container 'Dell Universal Receiver' ({31506464-56d6-11f1-a26a-806e6f6e6963}) completed in 25 ms."
"04-08-2026 09:19:34","112","Information","Microsoft-Windows-DeviceSetupManager","Device container 'USB Serial Device (COM4)' ({c1114529-5b3d-11f1-a272-54582d32ed0c}) has been serviced, processed 2 tasks, and wrote 35 properties in 261 ms."
"04-08-2026 09:19:34","190","Information","Microsoft-Windows-DeviceSetupManager","Property heuristics for device container 'USB Receiver' ({1a687113-6fa3-11f1-a27e-54582d32ed0c}) completed in 24 ms."
"04-08-2026 09:19:34","112","Information","Microsoft-Windows-DeviceSetupManager","Device container 'Tek Keyboard' ({3eddb734-6333-11f1-a277-54582d32ed0c}) has been serviced, processed 2 tasks, and wrote 35 properties in 244 ms."
"04-08-2026 09:19:34","190","Information","Microsoft-Windows-DeviceSetupManager","Property heuristics for device container 'Dell P2422HE(USB Type_C)' ({9875a84b-5a50-11f1-a272-54582d32ed0c}) completed in 11 ms."
"04-08-2026 09:19:34","190","Information","Microsoft-Windows-DeviceSetupManager","Property heuristics for device container 'Tek Keyboard' ({8e7f2822-5917-11f1-a271-54582d32ed0c}) completed in 11 ms."
"04-08-2026 09:19:34","190","Information","Microsoft-Windows-DeviceSetupManager","Property heuristics for device container 'TSC TE244' ({66d57f75-1acf-5fa1-888e-b7e753613c0f}) completed in 13 ms."
"04-08-2026 09:19:34","112","Information","Microsoft-Windows-DeviceSetupManager","Device container '\\hkgwinprnp001.enterprisenet.org\IN-CHE-6th Floor' ({4183f4c7-3cf5-5f48-82a4-e1c43f3fe45d}) has been serviced, processed 2 tasks, and wrote 35 properties in 223 ms."
"04-08-2026 09:19:34","112","Information","Microsoft-Windows-DeviceSetupManager","Device container 'Beatbox' ({d84161f5-217d-50c7-a076-a3e690e041cb}) has been serviced, processed 2 tasks, and wrote 35 properties in 219 ms."
"04-08-2026 09:19:34","112","Information","Microsoft-Windows-DeviceSetupManager","Device container 'Microsoft Print to PDF' ({d397268a-724c-b4ef-d641-c9234ba2948b}) has been serviced, processed 2 tasks, and wrote 35 properties in 225 ms."
"04-08-2026 09:19:34","190","Information","Microsoft-Windows-DeviceSetupManager","Property heuristics for device container 'Dell P2422HE(USB Type_C)' ({170e2716-68a6-11f1-a279-54582d32ed0c}) completed in 11 ms."
"04-08-2026 09:19:34","190","Information","Microsoft-Windows-DeviceSetupManager","Property heuristics for device container 'Dell Universal Receiver' ({2484f79e-73b0-11f1-a281-54582d32ed0c}) completed in 24 ms."
"04-08-2026 09:19:33","190","Information","Microsoft-Windows-DeviceSetupManager","Property heuristics for device container '\\hkgwinprnp001.enterprisenet.org\IN-CHE-5th Floor' ({a19df8ed-7b2b-571f-bffe-548aa27247c4}) completed in 10 ms."
"04-08-2026 09:19:33","190","Information","Microsoft-Windows-DeviceSetupManager","Property heuristics for device container 'Plantronics Blackwire 3225 Series' ({ccc49380-9067-5383-966e-8334bad8972a}) completed in 20 ms."
"04-08-2026 09:19:33","190","Information","Microsoft-Windows-DeviceSetupManager","Property heuristics for device container 'TSC TE244 #2' ({2db29114-824e-9ff5-50a6-0054a5c85008}) completed in 11 ms."
"04-08-2026 09:19:33","190","Information","Microsoft-Windows-DeviceSetupManager","Property heuristics for device container 'USB Serial Device (COM3)' ({98759751-5a50-11f1-a272-54582d32ed0c}) completed in 13 ms."
"04-08-2026 09:19:33","190","Information","Microsoft-Windows-DeviceSetupManager","Property heuristics for device container 'Generic Monitor (Logi)' ({010efe14-0230-55ea-ad57-3a6de2791598}) completed in 48 ms."
"04-08-2026 09:19:33","190","Information","Microsoft-Windows-DeviceSetupManager","Property heuristics for device container 'Generic Monitor (HP 22cw)' ({1a687106-6fa3-11f1-a27e-54582d32ed0c}) completed in 154 ms."
"04-08-2026 09:19:33","190","Information","Microsoft-Windows-DeviceSetupManager","Property heuristics for device container 'USB Receiver' ({31506435-56d6-11f1-a26a-806e6f6e6963}) completed in 19 ms."
"04-08-2026 09:19:33","190","Information","Microsoft-Windows-DeviceSetupManager","Property heuristics for device container 'USB Serial Device (COM6)' ({a86c545f-5e3d-11f1-a274-54582d32ed0c}) completed in 9 ms."
"04-08-2026 09:19:33","30","Information","Microsoft-Windows-DeviceSetupManager","Device container {a460b0d3-5668-11f1-a26f-c0a8109d15b0} is queued for setup."
"04-08-2026 09:19:33","30","Information","Microsoft-Windows-DeviceSetupManager","Device container {0831f13c-6974-11f1-a27a-54582d32ed0c} is queued for setup."
"04-08-2026 09:19:33","30","Information","Microsoft-Windows-DeviceSetupManager","Device container {d8ab74b4-5d6c-11f1-a273-54582d32ed0c} is queued for setup."
"04-08-2026 09:19:33","30","Information","Microsoft-Windows-DeviceSetupManager","Device container {c1114523-5b3d-11f1-a272-54582d32ed0c} is queued for setup."
"04-08-2026 09:19:33","30","Information","Microsoft-Windows-DeviceSetupManager","Device container {1074b24d-b986-5a01-b420-b3d39c2f9286} is queued for setup."
"04-08-2026 09:19:33","30","Information","Microsoft-Windows-DeviceSetupManager","Device container {21c8ff95-2236-5ca3-8613-765d91702934} is queued for setup."
"04-08-2026 09:19:33","30","Information","Microsoft-Windows-DeviceSetupManager","Device container {65e8f6ba-5e83-11f1-a274-54582d32ed0c} is queued for setup."
"04-08-2026 09:19:33","30","Information","Microsoft-Windows-DeviceSetupManager","Device container {6779fccc-4bd9-5dae-8476-49f9994420b5} is queued for setup."
"04-08-2026 09:19:33","30","Information","Microsoft-Windows-DeviceSetupManager","Device container {056018f3-ea11-de01-11c1-516050c076bc} is queued for setup."
"04-08-2026 09:19:33","190","Information","Microsoft-Windows-DeviceSetupManager","Property heuristics for device container 'Logi USB Headset' ({fbe0ca52-57e9-11f1-a271-54582d32ed0c}) completed in 18 ms."
"04-08-2026 09:19:33","30","Information","Microsoft-Windows-DeviceSetupManager","Device container {1a6861dc-6fa3-11f1-a27e-54582d32ed0c} is queued for setup."
"04-08-2026 09:19:33","30","Information","Microsoft-Windows-DeviceSetupManager","Device container {0dec4d9c-6340-11f1-a278-54582d32ed0c} is queued for setup."
"04-08-2026 09:19:33","30","Information","Microsoft-Windows-DeviceSetupManager","Device container {e2f71edd-7b72-11f1-a285-54582d32ed0c} is queued for setup."
"04-08-2026 09:19:33","30","Information","Microsoft-Windows-DeviceSetupManager","Device container {d8ab7c99-5d6c-11f1-a273-54582d32ed0c} is queued for setup."
