"17-08-2026 09:36:55","1241","Information","Microsoft-Windows-AAD","On-prem tgt error: On-prem configuration is missing"
"17-08-2026 09:36:54","1241","Information","Microsoft-Windows-AAD","On-prem tgt error: On-prem configuration is missing"
"17-08-2026 09:36:53","1241","Information","Microsoft-Windows-AAD","On-prem tgt error: On-prem configuration is missing"
"17-08-2026 09:36:50","1241","Information","Microsoft-Windows-AAD","On-prem tgt error: On-prem configuration is missing"
"17-08-2026 09:36:49","1241","Information","Microsoft-Windows-AAD","On-prem tgt error: On-prem configuration is missing"
"17-08-2026 09:36:46","1241","Information","Microsoft-Windows-AAD","On-prem tgt error: On-prem configuration is missing"
"17-08-2026 09:36:44","1098","Error","Microsoft-Windows-AAD","Error: 0xCAA5001C Token broker operation failed.
Operation name: GetTokenSilently, Error: -895025148 (0xcaa70004), Description: The server or proxy was not found.
Logged at WebAccountProcessor.cpp, line: 723, method: AAD::Core::WebAccountProcessor::ReportOperationError."
"17-08-2026 09:36:44","1098","Error","Microsoft-Windows-AAD","Error: 0xCAA5001C Token broker operation failed.
Operation name: GetTokenSilently, Error: -895025148 (0xcaa70004), Description: The server or proxy was not found.
Logged at WebAccountProcessor.cpp, line: 723, method: AAD::Core::WebAccountProcessor::ReportOperationError."
"17-08-2026 09:36:44","1098","Error","Microsoft-Windows-AAD","Error: 0xCAA5001C Token broker operation failed.
Operation name: GetTokenSilently, Error: -895025148 (0xcaa70004), Description: The server or proxy was not found.
Logged at WebAccountProcessor.cpp, line: 723, method: AAD::Core::WebAccountProcessor::ReportOperationError."
"17-08-2026 09:36:44","1098","Error","Microsoft-Windows-AAD","Error: 0xCAA5001C Token broker operation failed.
Operation name: GetTokenSilently, Error: -895025148 (0xcaa70004), Description: The server or proxy was not found.
Logged at WebAccountProcessor.cpp, line: 723, method: AAD::Core::WebAccountProcessor::ReportOperationError."
"17-08-2026 09:36:44","1098","Error","Microsoft-Windows-AAD","Error: 0xCAA5001C Token broker operation failed.
Operation name: GetTokenSilently, Error: -895025148 (0xcaa70004), Description: The server or proxy was not found.
Logged at WebAccountProcessor.cpp, line: 723, method: AAD::Core::WebAccountProcessor::ReportOperationError."
"17-08-2026 09:36:44","1098","Error","Microsoft-Windows-AAD","Error: 0xCAA5001C Token broker operation failed.
Operation name: GetTokenSilently, Error: -895025148 (0xcaa70004), Description: The server or proxy was not found.
Logged at WebAccountProcessor.cpp, line: 723, method: AAD::Core::WebAccountProcessor::ReportOperationError."
"17-08-2026 09:36:43","1098","Error","Microsoft-Windows-AAD","Error: 0xCAA5001C Token broker operation failed.
Operation name: GetTokenSilently, Error: -895025148 (0xcaa70004), Description: The server or proxy was not found.
Logged at WebAccountProcessor.cpp, line: 723, method: AAD::Core::WebAccountProcessor::ReportOperationError."
"17-08-2026 09:36:43","1098","Error","Microsoft-Windows-AAD","Error: 0xCAA5001C Token broker operation failed.
Operation name: GetTokenSilently, Error: -895025148 (0xcaa70004), Description: The server or proxy was not found.
Logged at WebAccountProcessor.cpp, line: 723, method: AAD::Core::WebAccountProcessor::ReportOperationError."
"17-08-2026 09:36:43","1098","Error","Microsoft-Windows-AAD","Error: 0xCAA5001C Token broker operation failed.
Operation name: GetTokenSilently, Error: -895025148 (0xcaa70004), Description: The server or proxy was not found.
Logged at WebAccountProcessor.cpp, line: 723, method: AAD::Core::WebAccountProcessor::ReportOperationError."
"17-08-2026 09:36:43","1098","Error","Microsoft-Windows-AAD","Error: 0xCAA5001C Token broker operation failed.
Operation name: GetTokenSilently, Error: -895025148 (0xcaa70004), Description: The server or proxy was not found.
Logged at WebAccountProcessor.cpp, line: 723, method: AAD::Core::WebAccountProcessor::ReportOperationError."
"17-08-2026 09:36:43","1098","Error","Microsoft-Windows-AAD","Error: 0xCAA5001C Token broker operation failed.
Operation name: GetTokenSilently, Error: -895025148 (0xcaa70004), Description: The server or proxy was not found.
Logged at WebAccountProcessor.cpp, line: 723, method: AAD::Core::WebAccountProcessor::ReportOperationError."
"17-08-2026 09:36:43","1097","Warning","Microsoft-Windows-AAD","Error: 0xCAA90056 Renew token by the primary refresh token failed.
Logged at RefreshTokenRequest.cpp, line: 149, method: RefreshTokenRequest::AcquireToken.

Request: authority: https://login.microsoftonline.com/6ac7a1f4-5fb1-4153-bb4f-12d2020a1f7d, client: 4765445b-32c6-49b0-83e6-1d93765276ca, redirect URI: ms-appx-web://Microsoft.AAD.BrokerPlugin/4765445b-32c6-49b0-83e6-1d93765276ca, resource: , correlation ID (request): 68b814d3-79c8-4871-80f4-3f316f1004db"
"17-08-2026 09:36:43","1098","Error","Microsoft-Windows-AAD","Error: 0xCAA70004 The server or proxy was not found.
Code: authentication_failed
Description: The server or proxy was not found.
TokenEndpoint: https://login.microsoftonline.com/6ac7a1f4-5fb1-4153-bb4f-12d2020a1f7d/oauth2/token
Logged at OAuthTokenRequestBase.cpp, line: 323, method: OAuthTokenRequestBase::SendRequest.

Request: authority: https://login.microsoftonline.com/6ac7a1f4-5fb1-4153-bb4f-12d2020a1f7d, client: 4765445b-32c6-49b0-83e6-1d93765276ca, redirect URI: ms-appx-web://Microsoft.AAD.BrokerPlugin/4765445b-32c6-49b0-83e6-1d93765276ca, resource: , correlation ID (request): 68b814d3-79c8-4871-80f4-3f316f1004db"
"17-08-2026 09:36:43","1098","Error","Microsoft-Windows-AAD","Error: 0xCAA70004 The server or proxy was not found.
Exception of type 'class HttpException' at XMLHTTPWebRequest.cpp, line: 184, method: XMLHTTPWebRequest::ReceiveResponse.

Log: 0xcaa90051 Sending OAuth request failed.
Logged at OAuthTokenRequestBase.cpp, line: 323, method: OAuthTokenRequestBase::SendRequest.

Request: authority: https://login.microsoftonline.com/6ac7a1f4-5fb1-4153-bb4f-12d2020a1f7d, client: 4765445b-32c6-49b0-83e6-1d93765276ca, redirect URI: ms-appx-web://Microsoft.AAD.BrokerPlugin/4765445b-32c6-49b0-83e6-1d93765276ca, resource: , correlation ID (request): 68b814d3-79c8-4871-80f4-3f316f1004db"
"17-08-2026 09:36:43","1097","Warning","Microsoft-Windows-AAD","Error: 0xCAA90056 Renew token by the primary refresh token failed.
Logged at RefreshTokenRequest.cpp, line: 149, method: RefreshTokenRequest::AcquireToken.

Request: authority: https://login.microsoftonline.com/6ac7a1f4-5fb1-4153-bb4f-12d2020a1f7d, client: d3590ed6-52b3-4102-aeff-aad2292ab01c, redirect URI: ms-appx-web://Microsoft.AAD.BrokerPlugin/d3590ed6-52b3-4102-aeff-aad2292ab01c, resource: , correlation ID (request): ffd5aa01-0598-499e-a2ae-1aa9a1a05ebe"
"17-08-2026 09:36:43","1098","Error","Microsoft-Windows-AAD","Error: 0xCAA70004 The server or proxy was not found.
Code: authentication_failed
Description: The server or proxy was not found.
TokenEndpoint: https://login.microsoftonline.com/6ac7a1f4-5fb1-4153-bb4f-12d2020a1f7d/oauth2/token
Logged at OAuthTokenRequestBase.cpp, line: 323, method: OAuthTokenRequestBase::SendRequest.

Request: authority: https://login.microsoftonline.com/6ac7a1f4-5fb1-4153-bb4f-12d2020a1f7d, client: d3590ed6-52b3-4102-aeff-aad2292ab01c, redirect URI: ms-appx-web://Microsoft.AAD.BrokerPlugin/d3590ed6-52b3-4102-aeff-aad2292ab01c, resource: , correlation ID (request): ffd5aa01-0598-499e-a2ae-1aa9a1a05ebe"
"17-08-2026 09:36:43","1098","Error","Microsoft-Windows-AAD","Error: 0xCAA70004 The server or proxy was not found.
Exception of type 'class HttpException' at XMLHTTPWebRequest.cpp, line: 184, method: XMLHTTPWebRequest::ReceiveResponse.

Log: 0xcaa90051 Sending OAuth request failed.
Logged at OAuthTokenRequestBase.cpp, line: 323, method: OAuthTokenRequestBase::SendRequest.

Request: authority: https://login.microsoftonline.com/6ac7a1f4-5fb1-4153-bb4f-12d2020a1f7d, client: d3590ed6-52b3-4102-aeff-aad2292ab01c, redirect URI: ms-appx-web://Microsoft.AAD.BrokerPlugin/d3590ed6-52b3-4102-aeff-aad2292ab01c, resource: , correlation ID (request): ffd5aa01-0598-499e-a2ae-1aa9a1a05ebe"
"17-08-2026 09:36:43","1097","Warning","Microsoft-Windows-AAD","Error: 0xCAA90056 Renew token by the primary refresh token failed.
Logged at RefreshTokenRequest.cpp, line: 149, method: RefreshTokenRequest::AcquireToken.

Request: authority: https://login.microsoftonline.com/6ac7a1f4-5fb1-4153-bb4f-12d2020a1f7d, client: ab9b8c07-8f02-4f72-87fa-80105867a763, redirect URI: ms-appx-web://Microsoft.AAD.BrokerPlugin/ab9b8c07-8f02-4f72-87fa-80105867a763, resource: , correlation ID (request): c0c2330a-8010-448f-9bea-af89c7b83c5f"
"17-08-2026 09:36:43","1098","Error","Microsoft-Windows-AAD","Error: 0xCAA70004 The server or proxy was not found.
Code: authentication_failed
Description: The server or proxy was not found.
TokenEndpoint: https://login.microsoftonline.com/6ac7a1f4-5fb1-4153-bb4f-12d2020a1f7d/oauth2/token
Logged at OAuthTokenRequestBase.cpp, line: 323, method: OAuthTokenRequestBase::SendRequest.

Request: authority: https://login.microsoftonline.com/6ac7a1f4-5fb1-4153-bb4f-12d2020a1f7d, client: ab9b8c07-8f02-4f72-87fa-80105867a763, redirect URI: ms-appx-web://Microsoft.AAD.BrokerPlugin/ab9b8c07-8f02-4f72-87fa-80105867a763, resource: , correlation ID (request): c0c2330a-8010-448f-9bea-af89c7b83c5f"
"17-08-2026 09:36:43","1098","Error","Microsoft-Windows-AAD","Error: 0xCAA70004 The server or proxy was not found.
Exception of type 'class HttpException' at XMLHTTPWebRequest.cpp, line: 184, method: XMLHTTPWebRequest::ReceiveResponse.

Log: 0xcaa90051 Sending OAuth request failed.
Logged at OAuthTokenRequestBase.cpp, line: 323, method: OAuthTokenRequestBase::SendRequest.

Request: authority: https://login.microsoftonline.com/6ac7a1f4-5fb1-4153-bb4f-12d2020a1f7d, client: ab9b8c07-8f02-4f72-87fa-80105867a763, redirect URI: ms-appx-web://Microsoft.AAD.BrokerPlugin/ab9b8c07-8f02-4f72-87fa-80105867a763, resource: , correlation ID (request): c0c2330a-8010-448f-9bea-af89c7b83c5f"
"17-08-2026 09:36:43","1097","Warning","Microsoft-Windows-AAD","Error: 0xCAA90056 Renew token by the primary refresh token failed.
Logged at RefreshTokenRequest.cpp, line: 149, method: RefreshTokenRequest::AcquireToken.

Request: authority: https://login.microsoftonline.com/6ac7a1f4-5fb1-4153-bb4f-12d2020a1f7d, client: d3590ed6-52b3-4102-aeff-aad2292ab01c, redirect URI: ms-appx-web://Microsoft.AAD.BrokerPlugin/d3590ed6-52b3-4102-aeff-aad2292ab01c, resource: , correlation ID (request): ff87c7ec-c776-45ea-a31b-51c8233d5dff"
"17-08-2026 09:36:43","1098","Error","Microsoft-Windows-AAD","Error: 0xCAA70004 The server or proxy was not found.
Code: authentication_failed
Description: The server or proxy was not found.
TokenEndpoint: https://login.microsoftonline.com/6ac7a1f4-5fb1-4153-bb4f-12d2020a1f7d/oauth2/token
Logged at OAuthTokenRequestBase.cpp, line: 323, method: OAuthTokenRequestBase::SendRequest.

Request: authority: https://login.microsoftonline.com/6ac7a1f4-5fb1-4153-bb4f-12d2020a1f7d, client: d3590ed6-52b3-4102-aeff-aad2292ab01c, redirect URI: ms-appx-web://Microsoft.AAD.BrokerPlugin/d3590ed6-52b3-4102-aeff-aad2292ab01c, resource: , correlation ID (request): ff87c7ec-c776-45ea-a31b-51c8233d5dff"
"17-08-2026 09:36:43","1098","Error","Microsoft-Windows-AAD","Error: 0xCAA70004 The server or proxy was not found.
Exception of type 'class HttpException' at XMLHTTPWebRequest.cpp, line: 184, method: XMLHTTPWebRequest::ReceiveResponse.

Log: 0xcaa90051 Sending OAuth request failed.
Logged at OAuthTokenRequestBase.cpp, line: 323, method: OAuthTokenRequestBase::SendRequest.

Request: authority: https://login.microsoftonline.com/6ac7a1f4-5fb1-4153-bb4f-12d2020a1f7d, client: d3590ed6-52b3-4102-aeff-aad2292ab01c, redirect URI: ms-appx-web://Microsoft.AAD.BrokerPlugin/d3590ed6-52b3-4102-aeff-aad2292ab01c, resource: , correlation ID (request): ff87c7ec-c776-45ea-a31b-51c8233d5dff"
"17-08-2026 09:36:43","1097","Warning","Microsoft-Windows-AAD","Error: 0xCAA90056 Renew token by the primary refresh token failed.
Logged at RefreshTokenRequest.cpp, line: 149, method: RefreshTokenRequest::AcquireToken.

Request: authority: https://login.microsoftonline.com/6ac7a1f4-5fb1-4153-bb4f-12d2020a1f7d, client: 0ec893e0-5785-4de6-99da-4ed124e5296c, redirect URI: ms-appx-web://Microsoft.AAD.BrokerPlugin/0ec893e0-5785-4de6-99da-4ed124e5296c, resource: , correlation ID (request): 01a00de6-5a7b-73e6-9bda-132f1b1f2bd4"
"17-08-2026 09:36:43","1098","Error","Microsoft-Windows-AAD","Error: 0xCAA70004 The server or proxy was not found.
Code: authentication_failed
Description: The server or proxy was not found.
TokenEndpoint: https://login.microsoftonline.com/6ac7a1f4-5fb1-4153-bb4f-12d2020a1f7d/oauth2/token
Logged at OAuthTokenRequestBase.cpp, line: 323, method: OAuthTokenRequestBase::SendRequest.

Request: authority: https://login.microsoftonline.com/6ac7a1f4-5fb1-4153-bb4f-12d2020a1f7d, client: 0ec893e0-5785-4de6-99da-4ed124e5296c, redirect URI: ms-appx-web://Microsoft.AAD.BrokerPlugin/0ec893e0-5785-4de6-99da-4ed124e5296c, resource: , correlation ID (request): 01a00de6-5a7b-73e6-9bda-132f1b1f2bd4"
"17-08-2026 09:36:43","1098","Error","Microsoft-Windows-AAD","Error: 0xCAA70004 The server or proxy was not found.
Exception of type 'class HttpException' at XMLHTTPWebRequest.cpp, line: 184, method: XMLHTTPWebRequest::ReceiveResponse.

Log: 0xcaa90051 Sending OAuth request failed.
Logged at OAuthTokenRequestBase.cpp, line: 323, method: OAuthTokenRequestBase::SendRequest.

Request: authority: https://login.microsoftonline.com/6ac7a1f4-5fb1-4153-bb4f-12d2020a1f7d, client: 0ec893e0-5785-4de6-99da-4ed124e5296c, redirect URI: ms-appx-web://Microsoft.AAD.BrokerPlugin/0ec893e0-5785-4de6-99da-4ed124e5296c, resource: , correlation ID (request): 01a00de6-5a7b-73e6-9bda-132f1b1f2bd4"
"17-08-2026 09:36:43","1097","Warning","Microsoft-Windows-AAD","Error: 0xCAA90056 Renew token by the primary refresh token failed.
Logged at RefreshTokenRequest.cpp, line: 149, method: RefreshTokenRequest::AcquireToken.

Request: authority: https://login.microsoftonline.com/6ac7a1f4-5fb1-4153-bb4f-12d2020a1f7d, client: d3590ed6-52b3-4102-aeff-aad2292ab01c, redirect URI: ms-appx-web://Microsoft.AAD.BrokerPlugin/d3590ed6-52b3-4102-aeff-aad2292ab01c, resource: , correlation ID (request): f8ae212e-c255-453d-ab6d-1acdc7bde389"
"17-08-2026 09:36:43","1098","Error","Microsoft-Windows-AAD","Error: 0xCAA70004 The server or proxy was not found.
Code: authentication_failed
Description: The server or proxy was not found.
TokenEndpoint: https://login.microsoftonline.com/6ac7a1f4-5fb1-4153-bb4f-12d2020a1f7d/oauth2/token
Logged at OAuthTokenRequestBase.cpp, line: 323, method: OAuthTokenRequestBase::SendRequest.

Request: authority: https://login.microsoftonline.com/6ac7a1f4-5fb1-4153-bb4f-12d2020a1f7d, client: d3590ed6-52b3-4102-aeff-aad2292ab01c, redirect URI: ms-appx-web://Microsoft.AAD.BrokerPlugin/d3590ed6-52b3-4102-aeff-aad2292ab01c, resource: , correlation ID (request): f8ae212e-c255-453d-ab6d-1acdc7bde389"
"17-08-2026 09:36:43","1098","Error","Microsoft-Windows-AAD","Error: 0xCAA70004 The server or proxy was not found.
Exception of type 'class HttpException' at XMLHTTPWebRequest.cpp, line: 184, method: XMLHTTPWebRequest::ReceiveResponse.

Log: 0xcaa90051 Sending OAuth request failed.
Logged at OAuthTokenRequestBase.cpp, line: 323, method: OAuthTokenRequestBase::SendRequest.

Request: authority: https://login.microsoftonline.com/6ac7a1f4-5fb1-4153-bb4f-12d2020a1f7d, client: d3590ed6-52b3-4102-aeff-aad2292ab01c, redirect URI: ms-appx-web://Microsoft.AAD.BrokerPlugin/d3590ed6-52b3-4102-aeff-aad2292ab01c, resource: , correlation ID (request): f8ae212e-c255-453d-ab6d-1acdc7bde389"
"17-08-2026 09:36:43","1097","Warning","Microsoft-Windows-AAD","Error: 0xCAA90056 Renew token by the primary refresh token failed.
Logged at RefreshTokenRequest.cpp, line: 149, method: RefreshTokenRequest::AcquireToken.

Request: authority: https://login.microsoftonline.com/6ac7a1f4-5fb1-4153-bb4f-12d2020a1f7d, client: d3590ed6-52b3-4102-aeff-aad2292ab01c, redirect URI: ms-appx-web://Microsoft.AAD.BrokerPlugin/d3590ed6-52b3-4102-aeff-aad2292ab01c, resource: , correlation ID (request): da340141-ebe3-49f7-90f6-5d30c0b1b55f"
"17-08-2026 09:36:43","1098","Error","Microsoft-Windows-AAD","Error: 0xCAA70004 The server or proxy was not found.
Code: authentication_failed
Description: The server or proxy was not found.
TokenEndpoint: https://login.microsoftonline.com/6ac7a1f4-5fb1-4153-bb4f-12d2020a1f7d/oauth2/token
Logged at OAuthTokenRequestBase.cpp, line: 323, method: OAuthTokenRequestBase::SendRequest.

Request: authority: https://login.microsoftonline.com/6ac7a1f4-5fb1-4153-bb4f-12d2020a1f7d, client: d3590ed6-52b3-4102-aeff-aad2292ab01c, redirect URI: ms-appx-web://Microsoft.AAD.BrokerPlugin/d3590ed6-52b3-4102-aeff-aad2292ab01c, resource: , correlation ID (request): da340141-ebe3-49f7-90f6-5d30c0b1b55f"
"17-08-2026 09:36:43","1098","Error","Microsoft-Windows-AAD","Error: 0xCAA70004 The server or proxy was not found.
Exception of type 'class HttpException' at XMLHTTPWebRequest.cpp, line: 184, method: XMLHTTPWebRequest::ReceiveResponse.

Log: 0xcaa90051 Sending OAuth request failed.
Logged at OAuthTokenRequestBase.cpp, line: 323, method: OAuthTokenRequestBase::SendRequest.

Request: authority: https://login.microsoftonline.com/6ac7a1f4-5fb1-4153-bb4f-12d2020a1f7d, client: d3590ed6-52b3-4102-aeff-aad2292ab01c, redirect URI: ms-appx-web://Microsoft.AAD.BrokerPlugin/d3590ed6-52b3-4102-aeff-aad2292ab01c, resource: , correlation ID (request): da340141-ebe3-49f7-90f6-5d30c0b1b55f"
"17-08-2026 09:36:43","1097","Warning","Microsoft-Windows-AAD","Error: 0xCAA90056 Renew token by the primary refresh token failed.
Logged at RefreshTokenRequest.cpp, line: 149, method: RefreshTokenRequest::AcquireToken.

Request: authority: https://login.microsoftonline.com/6ac7a1f4-5fb1-4153-bb4f-12d2020a1f7d, client: 0ec893e0-5785-4de6-99da-4ed124e5296c, redirect URI: ms-appx-web://Microsoft.AAD.BrokerPlugin/0ec893e0-5785-4de6-99da-4ed124e5296c, resource: , correlation ID (request): 01a00de6-5a8d-7073-be92-12c010651c6b"
"17-08-2026 09:36:43","1098","Error","Microsoft-Windows-AAD","Error: 0xCAA70004 The server or proxy was not found.
Code: authentication_failed
Description: The server or proxy was not found.
TokenEndpoint: https://login.microsoftonline.com/6ac7a1f4-5fb1-4153-bb4f-12d2020a1f7d/oauth2/token
Logged at OAuthTokenRequestBase.cpp, line: 323, method: OAuthTokenRequestBase::SendRequest.

Request: authority: https://login.microsoftonline.com/6ac7a1f4-5fb1-4153-bb4f-12d2020a1f7d, client: 0ec893e0-5785-4de6-99da-4ed124e5296c, redirect URI: ms-appx-web://Microsoft.AAD.BrokerPlugin/0ec893e0-5785-4de6-99da-4ed124e5296c, resource: , correlation ID (request): 01a00de6-5a8d-7073-be92-12c010651c6b"
"17-08-2026 09:36:43","1098","Error","Microsoft-Windows-AAD","Error: 0xCAA70004 The server or proxy was not found.
Exception of type 'class HttpException' at XMLHTTPWebRequest.cpp, line: 184, method: XMLHTTPWebRequest::ReceiveResponse.

Log: 0xcaa90051 Sending OAuth request failed.
Logged at OAuthTokenRequestBase.cpp, line: 323, method: OAuthTokenRequestBase::SendRequest.

Request: authority: https://login.microsoftonline.com/6ac7a1f4-5fb1-4153-bb4f-12d2020a1f7d, client: 0ec893e0-5785-4de6-99da-4ed124e5296c, redirect URI: ms-appx-web://Microsoft.AAD.BrokerPlugin/0ec893e0-5785-4de6-99da-4ed124e5296c, resource: , correlation ID (request): 01a00de6-5a8d-7073-be92-12c010651c6b"
"17-08-2026 09:36:43","1097","Warning","Microsoft-Windows-AAD","Error: 0xCAA90056 Renew token by the primary refresh token failed.
Logged at RefreshTokenRequest.cpp, line: 149, method: RefreshTokenRequest::AcquireToken.

Request: authority: https://login.microsoftonline.com/6ac7a1f4-5fb1-4153-bb4f-12d2020a1f7d, client: ab9b8c07-8f02-4f72-87fa-80105867a763, redirect URI: ms-appx-web://Microsoft.AAD.BrokerPlugin/ab9b8c07-8f02-4f72-87fa-80105867a763, resource: , correlation ID (request): 8b9758d3-b356-41b9-953e-83fbb0f00ee1"
"17-08-2026 09:36:43","1098","Error","Microsoft-Windows-AAD","Error: 0xCAA70004 The server or proxy was not found.
Code: authentication_failed
Description: The server or proxy was not found.
TokenEndpoint: https://login.microsoftonline.com/6ac7a1f4-5fb1-4153-bb4f-12d2020a1f7d/oauth2/token
Logged at OAuthTokenRequestBase.cpp, line: 323, method: OAuthTokenRequestBase::SendRequest.

Request: authority: https://login.microsoftonline.com/6ac7a1f4-5fb1-4153-bb4f-12d2020a1f7d, client: ab9b8c07-8f02-4f72-87fa-80105867a763, redirect URI: ms-appx-web://Microsoft.AAD.BrokerPlugin/ab9b8c07-8f02-4f72-87fa-80105867a763, resource: , correlation ID (request): 8b9758d3-b356-41b9-953e-83fbb0f00ee1"
"17-08-2026 09:36:43","1098","Error","Microsoft-Windows-AAD","Error: 0xCAA70004 The server or proxy was not found.
Exception of type 'class HttpException' at XMLHTTPWebRequest.cpp, line: 184, method: XMLHTTPWebRequest::ReceiveResponse.

Log: 0xcaa90051 Sending OAuth request failed.
Logged at OAuthTokenRequestBase.cpp, line: 323, method: OAuthTokenRequestBase::SendRequest.

Request: authority: https://login.microsoftonline.com/6ac7a1f4-5fb1-4153-bb4f-12d2020a1f7d, client: ab9b8c07-8f02-4f72-87fa-80105867a763, redirect URI: ms-appx-web://Microsoft.AAD.BrokerPlugin/ab9b8c07-8f02-4f72-87fa-80105867a763, resource: , correlation ID (request): 8b9758d3-b356-41b9-953e-83fbb0f00ee1"
"17-08-2026 09:36:43","1104","Error","Microsoft-Windows-AAD","AAD Cloud AP plugin call GenericCallPkg returned error: 0xC000023C"
"17-08-2026 09:36:43","1084","Error","Microsoft-Windows-AAD","Http transport error. Status: Unknown HResult Error code: 0x80072efd Correlation ID: {25BC92A7-0285-46B3-92EC-F1CB968C62BF}"
"17-08-2026 09:36:43","1097","Warning","Microsoft-Windows-AAD","Error: 0xCAA90056 Renew token by the primary refresh token failed.
Logged at RefreshTokenRequest.cpp, line: 149, method: RefreshTokenRequest::AcquireToken.

Request: authority: https://login.microsoftonline.com/6ac7a1f4-5fb1-4153-bb4f-12d2020a1f7d, client: d3590ed6-52b3-4102-aeff-aad2292ab01c, redirect URI: ms-appx-web://Microsoft.AAD.BrokerPlugin/d3590ed6-52b3-4102-aeff-aad2292ab01c, resource: , correlation ID (request): 9e063850-d928-4477-826b-1ff15a624ae5"
"17-08-2026 09:36:43","1098","Error","Microsoft-Windows-AAD","Error: 0xCAA70004 The server or proxy was not found.
Code: authentication_failed
Description: The server or proxy was not found.
TokenEndpoint: https://login.microsoftonline.com/6ac7a1f4-5fb1-4153-bb4f-12d2020a1f7d/oauth2/token
Logged at OAuthTokenRequestBase.cpp, line: 323, method: OAuthTokenRequestBase::SendRequest.

Request: authority: https://login.microsoftonline.com/6ac7a1f4-5fb1-4153-bb4f-12d2020a1f7d, client: d3590ed6-52b3-4102-aeff-aad2292ab01c, redirect URI: ms-appx-web://Microsoft.AAD.BrokerPlugin/d3590ed6-52b3-4102-aeff-aad2292ab01c, resource: , correlation ID (request): 9e063850-d928-4477-826b-1ff15a624ae5"
"17-08-2026 09:36:43","1098","Error","Microsoft-Windows-AAD","Error: 0xCAA70004 The server or proxy was not found.
Exception of type 'class HttpException' at XMLHTTPWebRequest.cpp, line: 184, method: XMLHTTPWebRequest::ReceiveResponse.

Log: 0xcaa90051 Sending OAuth request failed.
Logged at OAuthTokenRequestBase.cpp, line: 323, method: OAuthTokenRequestBase::SendRequest.

Request: authority: https://login.microsoftonline.com/6ac7a1f4-5fb1-4153-bb4f-12d2020a1f7d, client: d3590ed6-52b3-4102-aeff-aad2292ab01c, redirect URI: ms-appx-web://Microsoft.AAD.BrokerPlugin/d3590ed6-52b3-4102-aeff-aad2292ab01c, resource: , correlation ID (request): 9e063850-d928-4477-826b-1ff15a624ae5"
"17-08-2026 09:36:43","1097","Warning","Microsoft-Windows-AAD","Error: 0xCAA90056 Renew token by the primary refresh token failed.
Logged at RefreshTokenRequest.cpp, line: 149, method: RefreshTokenRequest::AcquireToken.

Request: authority: https://login.microsoftonline.com/6ac7a1f4-5fb1-4153-bb4f-12d2020a1f7d, client: 0ec893e0-5785-4de6-99da-4ed124e5296c, redirect URI: ms-appx-web://Microsoft.AAD.BrokerPlugin/0ec893e0-5785-4de6-99da-4ed124e5296c, resource: , correlation ID (request): 01a00de6-5a79-7b39-9720-dfcd7c2a4d28"
"17-08-2026 09:36:43","1098","Error","Microsoft-Windows-AAD","Error: 0xCAA70004 The server or proxy was not found.
Code: authentication_failed
Description: The server or proxy was not found.
TokenEndpoint: https://login.microsoftonline.com/6ac7a1f4-5fb1-4153-bb4f-12d2020a1f7d/oauth2/token
Logged at OAuthTokenRequestBase.cpp, line: 323, method: OAuthTokenRequestBase::SendRequest.

Request: authority: https://login.microsoftonline.com/6ac7a1f4-5fb1-4153-bb4f-12d2020a1f7d, client: 0ec893e0-5785-4de6-99da-4ed124e5296c, redirect URI: ms-appx-web://Microsoft.AAD.BrokerPlugin/0ec893e0-5785-4de6-99da-4ed124e5296c, resource: , correlation ID (request): 01a00de6-5a79-7b39-9720-dfcd7c2a4d28"
"17-08-2026 09:36:43","1098","Error","Microsoft-Windows-AAD","Error: 0xCAA70004 The server or proxy was not found.
Exception of type 'class HttpException' at XMLHTTPWebRequest.cpp, line: 184, method: XMLHTTPWebRequest::ReceiveResponse.

Log: 0xcaa90051 Sending OAuth request failed.
Logged at OAuthTokenRequestBase.cpp, line: 323, method: OAuthTokenRequestBase::SendRequest.

Request: authority: https://login.microsoftonline.com/6ac7a1f4-5fb1-4153-bb4f-12d2020a1f7d, client: 0ec893e0-5785-4de6-99da-4ed124e5296c, redirect URI: ms-appx-web://Microsoft.AAD.BrokerPlugin/0ec893e0-5785-4de6-99da-4ed124e5296c, resource: , correlation ID (request): 01a00de6-5a79-7b39-9720-dfcd7c2a4d28"
"17-08-2026 09:36:41","1098","Error","Microsoft-Windows-AAD","Error: 0x80073DBE State Manager failed to delete the container.
Log: 0xcaa50116 Error while accessing throttling data.
Logged at WamPluginThrottler.cpp, line: 290, method: WamPluginThrottler::CleanupThrottlingDataIfNeeded."
"17-08-2026 09:36:41","1098","Error","Microsoft-Windows-AAD","Error: 0x80073DBE State Manager failed to delete the container.
Log: 0xcaa50116 Error while accessing throttling data.
Logged at WamPluginThrottler.cpp, line: 290, method: WamPluginThrottler::CleanupThrottlingDataIfNeeded."
"17-08-2026 09:36:41","1104","Error","Microsoft-Windows-AAD","AAD Cloud AP plugin call GenericCallPkg returned error: 0xC000023C"
"17-08-2026 09:36:41","1084","Error","Microsoft-Windows-AAD","Http transport error. Status: Unknown HResult Error code: 0x80072ee7 Correlation ID: {2F103727-D12A-44E0-A244-D6166E1FE5AF}"
"17-08-2026 09:36:41","1104","Error","Microsoft-Windows-AAD","AAD Cloud AP plugin call GenericCallPkg returned error: 0xC000023C"
"17-08-2026 09:36:41","1084","Error","Microsoft-Windows-AAD","Http transport error. Status: Unknown HResult Error code: 0x80072ee7 Correlation ID: {987BFE7D-464D-4FD7-A1AF-3794958B9784}"
"17-08-2026 09:36:39","1104","Error","Microsoft-Windows-AAD","AAD Cloud AP plugin call GenericCallPkg returned error: 0xC000023C"
"17-08-2026 09:36:39","1084","Error","Microsoft-Windows-AAD","Http transport error. Status: Unknown HResult Error code: 0x80072ee7 Correlation ID: {0533A62A-8F88-4A1E-AE4F-ABB60A93ED59}"
"17-08-2026 09:36:39","1104","Error","Microsoft-Windows-AAD","AAD Cloud AP plugin call GenericCallPkg returned error: 0xC000023C"
"17-08-2026 09:36:39","1084","Error","Microsoft-Windows-AAD","Http transport error. Status: Unknown HResult Error code: 0x80072ee7 Correlation ID: {D86F5D29-E12E-4095-BD59-1AE0F1496B02}"
"17-08-2026 09:36:36","1104","Error","Microsoft-Windows-AAD","AAD Cloud AP plugin call GenericCallPkg returned error: 0xC000023C"
"17-08-2026 09:36:36","1084","Error","Microsoft-Windows-AAD","Http transport error. Status: Unknown HResult Error code: 0x80072ee7 Correlation ID: {7E4C5A17-5800-4195-A2AD-9FA629CC6FBA}"
"15-08-2026 05:11:38","1241","Information","Microsoft-Windows-AAD","On-prem tgt error: On-prem configuration is missing"
"15-08-2026 05:11:37","1241","Information","Microsoft-Windows-AAD","On-prem tgt error: On-prem configuration is missing"
"15-08-2026 05:11:37","1241","Information","Microsoft-Windows-AAD","On-prem tgt error: On-prem configuration is missing"
"15-08-2026 05:11:35","1241","Information","Microsoft-Windows-AAD","On-prem tgt error: On-prem configuration is missing"
"15-08-2026 05:11:32","1098","Error","Microsoft-Windows-AAD","Error: 0xCAA5001C Token broker operation failed.
Operation name: GetTokenSilently, Error: -895025148 (0xcaa70004), Description: The server or proxy was not found.
Logged at WebAccountProcessor.cpp, line: 723, method: AAD::Core::WebAccountProcessor::ReportOperationError."
"15-08-2026 05:11:32","1098","Error","Microsoft-Windows-AAD","Error: 0xCAA5001C Token broker operation failed.
Operation name: GetTokenSilently, Error: -895025148 (0xcaa70004), Description: The server or proxy was not found.
Logged at WebAccountProcessor.cpp, line: 723, method: AAD::Core::WebAccountProcessor::ReportOperationError."
"15-08-2026 05:11:32","1098","Error","Microsoft-Windows-AAD","Error: 0xCAA5001C Token broker operation failed.
Operation name: GetTokenSilently, Error: -895025148 (0xcaa70004), Description: The server or proxy was not found.
Logged at WebAccountProcessor.cpp, line: 723, method: AAD::Core::WebAccountProcessor::ReportOperationError."
"15-08-2026 05:11:32","1098","Error","Microsoft-Windows-AAD","Error: 0xCAA5001C Token broker operation failed.
Operation name: GetTokenSilently, Error: -895025148 (0xcaa70004), Description: The server or proxy was not found.
Logged at WebAccountProcessor.cpp, line: 723, method: AAD::Core::WebAccountProcessor::ReportOperationError."
"15-08-2026 05:11:32","1097","Warning","Microsoft-Windows-AAD","Error: 0xCAA90056 Renew token by the primary refresh token failed.
Logged at RefreshTokenRequest.cpp, line: 149, method: RefreshTokenRequest::AcquireToken.

Request: authority: https://login.microsoftonline.com/6ac7a1f4-5fb1-4153-bb4f-12d2020a1f7d, client: d3590ed6-52b3-4102-aeff-aad2292ab01c, redirect URI: ms-appx-web://Microsoft.AAD.BrokerPlugin/d3590ed6-52b3-4102-aeff-aad2292ab01c, resource: , correlation ID (request): 5a9605b7-08b3-4a27-9c48-5067967d757c"
"15-08-2026 05:11:32","1098","Error","Microsoft-Windows-AAD","Error: 0xCAA70004 The server or proxy was not found.
Code: authentication_failed
Description: The server or proxy was not found.
TokenEndpoint: https://login.microsoftonline.com/6ac7a1f4-5fb1-4153-bb4f-12d2020a1f7d/oauth2/token
Logged at OAuthTokenRequestBase.cpp, line: 323, method: OAuthTokenRequestBase::SendRequest.

Request: authority: https://login.microsoftonline.com/6ac7a1f4-5fb1-4153-bb4f-12d2020a1f7d, client: d3590ed6-52b3-4102-aeff-aad2292ab01c, redirect URI: ms-appx-web://Microsoft.AAD.BrokerPlugin/d3590ed6-52b3-4102-aeff-aad2292ab01c, resource: , correlation ID (request): 5a9605b7-08b3-4a27-9c48-5067967d757c"
"15-08-2026 05:11:32","1098","Error","Microsoft-Windows-AAD","Error: 0xCAA70004 The server or proxy was not found.
Exception of type 'class HttpException' at XMLHTTPWebRequest.cpp, line: 184, method: XMLHTTPWebRequest::ReceiveResponse.

Log: 0xcaa90051 Sending OAuth request failed.
Logged at OAuthTokenRequestBase.cpp, line: 323, method: OAuthTokenRequestBase::SendRequest.

Request: authority: https://login.microsoftonline.com/6ac7a1f4-5fb1-4153-bb4f-12d2020a1f7d, client: d3590ed6-52b3-4102-aeff-aad2292ab01c, redirect URI: ms-appx-web://Microsoft.AAD.BrokerPlugin/d3590ed6-52b3-4102-aeff-aad2292ab01c, resource: , correlation ID (request): 5a9605b7-08b3-4a27-9c48-5067967d757c"
"15-08-2026 05:11:32","1097","Warning","Microsoft-Windows-AAD","Error: 0xCAA90056 Renew token by the primary refresh token failed.
Logged at RefreshTokenRequest.cpp, line: 149, method: RefreshTokenRequest::AcquireToken.

Request: authority: https://login.microsoftonline.com/6ac7a1f4-5fb1-4153-bb4f-12d2020a1f7d, client: d3590ed6-52b3-4102-aeff-aad2292ab01c, redirect URI: ms-appx-web://Microsoft.AAD.BrokerPlugin/d3590ed6-52b3-4102-aeff-aad2292ab01c, resource: , correlation ID (request): 283a08cc-e56c-41ad-9cbf-e84a097a4e0e"
"15-08-2026 05:11:32","1098","Error","Microsoft-Windows-AAD","Error: 0xCAA70004 The server or proxy was not found.
Code: authentication_failed
Description: The server or proxy was not found.
TokenEndpoint: https://login.microsoftonline.com/6ac7a1f4-5fb1-4153-bb4f-12d2020a1f7d/oauth2/token
Logged at OAuthTokenRequestBase.cpp, line: 323, method: OAuthTokenRequestBase::SendRequest.

Request: authority: https://login.microsoftonline.com/6ac7a1f4-5fb1-4153-bb4f-12d2020a1f7d, client: d3590ed6-52b3-4102-aeff-aad2292ab01c, redirect URI: ms-appx-web://Microsoft.AAD.BrokerPlugin/d3590ed6-52b3-4102-aeff-aad2292ab01c, resource: , correlation ID (request): 283a08cc-e56c-41ad-9cbf-e84a097a4e0e"
"15-08-2026 05:11:32","1098","Error","Microsoft-Windows-AAD","Error: 0xCAA70004 The server or proxy was not found.
Exception of type 'class HttpException' at XMLHTTPWebRequest.cpp, line: 184, method: XMLHTTPWebRequest::ReceiveResponse.

Log: 0xcaa90051 Sending OAuth request failed.
Logged at OAuthTokenRequestBase.cpp, line: 323, method: OAuthTokenRequestBase::SendRequest.

Request: authority: https://login.microsoftonline.com/6ac7a1f4-5fb1-4153-bb4f-12d2020a1f7d, client: d3590ed6-52b3-4102-aeff-aad2292ab01c, redirect URI: ms-appx-web://Microsoft.AAD.BrokerPlugin/d3590ed6-52b3-4102-aeff-aad2292ab01c, resource: , correlation ID (request): 283a08cc-e56c-41ad-9cbf-e84a097a4e0e"
"15-08-2026 05:11:32","1097","Warning","Microsoft-Windows-AAD","Error: 0xCAA90056 Renew token by the primary refresh token failed.
Logged at RefreshTokenRequest.cpp, line: 149, method: RefreshTokenRequest::AcquireToken.

Request: authority: https://login.microsoftonline.com/6ac7a1f4-5fb1-4153-bb4f-12d2020a1f7d, client: ab9b8c07-8f02-4f72-87fa-80105867a763, redirect URI: ms-appx-web://Microsoft.AAD.BrokerPlugin/ab9b8c07-8f02-4f72-87fa-80105867a763, resource: , correlation ID (request): 92c7c92f-65b0-4659-bb1c-d3338b162432"
"15-08-2026 05:11:32","1098","Error","Microsoft-Windows-AAD","Error: 0xCAA70004 The server or proxy was not found.
Code: authentication_failed
Description: The server or proxy was not found.
TokenEndpoint: https://login.microsoftonline.com/6ac7a1f4-5fb1-4153-bb4f-12d2020a1f7d/oauth2/token
Logged at OAuthTokenRequestBase.cpp, line: 323, method: OAuthTokenRequestBase::SendRequest.

Request: authority: https://login.microsoftonline.com/6ac7a1f4-5fb1-4153-bb4f-12d2020a1f7d, client: ab9b8c07-8f02-4f72-87fa-80105867a763, redirect URI: ms-appx-web://Microsoft.AAD.BrokerPlugin/ab9b8c07-8f02-4f72-87fa-80105867a763, resource: , correlation ID (request): 92c7c92f-65b0-4659-bb1c-d3338b162432"
"15-08-2026 05:11:32","1098","Error","Microsoft-Windows-AAD","Error: 0xCAA70004 The server or proxy was not found.
Exception of type 'class HttpException' at XMLHTTPWebRequest.cpp, line: 184, method: XMLHTTPWebRequest::ReceiveResponse.

Log: 0xcaa90051 Sending OAuth request failed.
Logged at OAuthTokenRequestBase.cpp, line: 323, method: OAuthTokenRequestBase::SendRequest.

Request: authority: https://login.microsoftonline.com/6ac7a1f4-5fb1-4153-bb4f-12d2020a1f7d, client: ab9b8c07-8f02-4f72-87fa-80105867a763, redirect URI: ms-appx-web://Microsoft.AAD.BrokerPlugin/ab9b8c07-8f02-4f72-87fa-80105867a763, resource: , correlation ID (request): 92c7c92f-65b0-4659-bb1c-d3338b162432"
"15-08-2026 05:11:32","1097","Warning","Microsoft-Windows-AAD","Error: 0xCAA90056 Renew token by the primary refresh token failed.
Logged at RefreshTokenRequest.cpp, line: 149, method: RefreshTokenRequest::AcquireToken.

Request: authority: https://login.microsoftonline.com/6ac7a1f4-5fb1-4153-bb4f-12d2020a1f7d, client: d3590ed6-52b3-4102-aeff-aad2292ab01c, redirect URI: ms-appx-web://Microsoft.AAD.BrokerPlugin/d3590ed6-52b3-4102-aeff-aad2292ab01c, resource: , correlation ID (request): 7aef62fe-9752-417b-ae1d-245b544c3e58"
"15-08-2026 05:11:32","1098","Error","Microsoft-Windows-AAD","Error: 0xCAA70004 The server or proxy was not found.
Code: authentication_failed
Description: The server or proxy was not found.
TokenEndpoint: https://login.microsoftonline.com/6ac7a1f4-5fb1-4153-bb4f-12d2020a1f7d/oauth2/token
Logged at OAuthTokenRequestBase.cpp, line: 323, method: OAuthTokenRequestBase::SendRequest.

Request: authority: https://login.microsoftonline.com/6ac7a1f4-5fb1-4153-bb4f-12d2020a1f7d, client: d3590ed6-52b3-4102-aeff-aad2292ab01c, redirect URI: ms-appx-web://Microsoft.AAD.BrokerPlugin/d3590ed6-52b3-4102-aeff-aad2292ab01c, resource: , correlation ID (request): 7aef62fe-9752-417b-ae1d-245b544c3e58"
"15-08-2026 05:11:32","1098","Error","Microsoft-Windows-AAD","Error: 0xCAA70004 The server or proxy was not found.
Exception of type 'class HttpException' at XMLHTTPWebRequest.cpp, line: 184, method: XMLHTTPWebRequest::ReceiveResponse.

Log: 0xcaa90051 Sending OAuth request failed.
Logged at OAuthTokenRequestBase.cpp, line: 323, method: OAuthTokenRequestBase::SendRequest.

Request: authority: https://login.microsoftonline.com/6ac7a1f4-5fb1-4153-bb4f-12d2020a1f7d, client: d3590ed6-52b3-4102-aeff-aad2292ab01c, redirect URI: ms-appx-web://Microsoft.AAD.BrokerPlugin/d3590ed6-52b3-4102-aeff-aad2292ab01c, resource: , correlation ID (request): 7aef62fe-9752-417b-ae1d-245b544c3e58"
"15-08-2026 05:11:32","1098","Error","Microsoft-Windows-AAD","Error: 0xCAA5001C Token broker operation failed.
Operation name: GetTokenSilently, Error: -895025148 (0xcaa70004), Description: The server or proxy was not found.
Logged at WebAccountProcessor.cpp, line: 723, method: AAD::Core::WebAccountProcessor::ReportOperationError."
"15-08-2026 05:11:32","1097","Warning","Microsoft-Windows-AAD","Error: 0xCAA90056 Renew token by the primary refresh token failed.
Logged at RefreshTokenRequest.cpp, line: 149, method: RefreshTokenRequest::AcquireToken.

Request: authority: https://login.microsoftonline.com/6ac7a1f4-5fb1-4153-bb4f-12d2020a1f7d, client: d3590ed6-52b3-4102-aeff-aad2292ab01c, redirect URI: ms-appx-web://Microsoft.AAD.BrokerPlugin/d3590ed6-52b3-4102-aeff-aad2292ab01c, resource: , correlation ID (request): e3f63699-086c-47ff-bb11-c20f7893e44a"
"15-08-2026 05:11:32","1098","Error","Microsoft-Windows-AAD","Error: 0xCAA70004 The server or proxy was not found.
Code: authentication_failed
Description: The server or proxy was not found.
TokenEndpoint: https://login.microsoftonline.com/6ac7a1f4-5fb1-4153-bb4f-12d2020a1f7d/oauth2/token
Logged at OAuthTokenRequestBase.cpp, line: 323, method: OAuthTokenRequestBase::SendRequest.

Request: authority: https://login.microsoftonline.com/6ac7a1f4-5fb1-4153-bb4f-12d2020a1f7d, client: d3590ed6-52b3-4102-aeff-aad2292ab01c, redirect URI: ms-appx-web://Microsoft.AAD.BrokerPlugin/d3590ed6-52b3-4102-aeff-aad2292ab01c, resource: , correlation ID (request): e3f63699-086c-47ff-bb11-c20f7893e44a"
"15-08-2026 05:11:32","1098","Error","Microsoft-Windows-AAD","Error: 0xCAA70004 The server or proxy was not found.
Exception of type 'class HttpException' at XMLHTTPWebRequest.cpp, line: 184, method: XMLHTTPWebRequest::ReceiveResponse.

Log: 0xcaa90051 Sending OAuth request failed.
Logged at OAuthTokenRequestBase.cpp, line: 323, method: OAuthTokenRequestBase::SendRequest.

Request: authority: https://login.microsoftonline.com/6ac7a1f4-5fb1-4153-bb4f-12d2020a1f7d, client: d3590ed6-52b3-4102-aeff-aad2292ab01c, redirect URI: ms-appx-web://Microsoft.AAD.BrokerPlugin/d3590ed6-52b3-4102-aeff-aad2292ab01c, resource: , correlation ID (request): e3f63699-086c-47ff-bb11-c20f7893e44a"
"15-08-2026 05:11:32","1098","Error","Microsoft-Windows-AAD","Error: 0xCAA5001C Token broker operation failed.
Operation name: GetTokenSilently, Error: -895025148 (0xcaa70004), Description: The server or proxy was not found.
Logged at WebAccountProcessor.cpp, line: 723, method: AAD::Core::WebAccountProcessor::ReportOperationError."
"15-08-2026 05:11:32","1097","Warning","Microsoft-Windows-AAD","Error: 0xCAA90056 Renew token by the primary refresh token failed.
Logged at RefreshTokenRequest.cpp, line: 149, method: RefreshTokenRequest::AcquireToken.

Request: authority: https://login.microsoftonline.com/6ac7a1f4-5fb1-4153-bb4f-12d2020a1f7d, client: ab9b8c07-8f02-4f72-87fa-80105867a763, redirect URI: ms-appx-web://Microsoft.AAD.BrokerPlugin/ab9b8c07-8f02-4f72-87fa-80105867a763, resource: , correlation ID (request): 621e6817-d299-4f83-bad6-030f1a4b66dd"
"15-08-2026 05:11:32","1098","Error","Microsoft-Windows-AAD","Error: 0xCAA70004 The server or proxy was not found.
Code: authentication_failed
Description: The server or proxy was not found.
TokenEndpoint: https://login.microsoftonline.com/6ac7a1f4-5fb1-4153-bb4f-12d2020a1f7d/oauth2/token
Logged at OAuthTokenRequestBase.cpp, line: 323, method: OAuthTokenRequestBase::SendRequest.

Request: authority: https://login.microsoftonline.com/6ac7a1f4-5fb1-4153-bb4f-12d2020a1f7d, client: ab9b8c07-8f02-4f72-87fa-80105867a763, redirect URI: ms-appx-web://Microsoft.AAD.BrokerPlugin/ab9b8c07-8f02-4f72-87fa-80105867a763, resource: , correlation ID (request): 621e6817-d299-4f83-bad6-030f1a4b66dd"
"15-08-2026 05:11:32","1098","Error","Microsoft-Windows-AAD","Error: 0xCAA70004 The server or proxy was not found.
Exception of type 'class HttpException' at XMLHTTPWebRequest.cpp, line: 184, method: XMLHTTPWebRequest::ReceiveResponse.

Log: 0xcaa90051 Sending OAuth request failed.
Logged at OAuthTokenRequestBase.cpp, line: 323, method: OAuthTokenRequestBase::SendRequest.

Request: authority: https://login.microsoftonline.com/6ac7a1f4-5fb1-4153-bb4f-12d2020a1f7d, client: ab9b8c07-8f02-4f72-87fa-80105867a763, redirect URI: ms-appx-web://Microsoft.AAD.BrokerPlugin/ab9b8c07-8f02-4f72-87fa-80105867a763, resource: , correlation ID (request): 621e6817-d299-4f83-bad6-030f1a4b66dd"
"15-08-2026 05:11:32","1098","Error","Microsoft-Windows-AAD","Error: 0xCAA5001C Token broker operation failed.
Operation name: GetTokenSilently, Error: -895025148 (0xcaa70004), Description: The server or proxy was not found.
Logged at WebAccountProcessor.cpp, line: 723, method: AAD::Core::WebAccountProcessor::ReportOperationError."
"15-08-2026 05:11:32","1097","Warning","Microsoft-Windows-AAD","Error: 0xCAA90056 Renew token by the primary refresh token failed.
Logged at RefreshTokenRequest.cpp, line: 149, method: RefreshTokenRequest::AcquireToken.

Request: authority: https://login.microsoftonline.com/6ac7a1f4-5fb1-4153-bb4f-12d2020a1f7d, client: d3590ed6-52b3-4102-aeff-aad2292ab01c, redirect URI: ms-appx-web://Microsoft.AAD.BrokerPlugin/d3590ed6-52b3-4102-aeff-aad2292ab01c, resource: , correlation ID (request): 03765ae2-72f6-4740-8543-4ee3cd243a78"
"15-08-2026 05:11:32","1098","Error","Microsoft-Windows-AAD","Error: 0xCAA70004 The server or proxy was not found.
Code: authentication_failed
Description: The server or proxy was not found.
TokenEndpoint: https://login.microsoftonline.com/6ac7a1f4-5fb1-4153-bb4f-12d2020a1f7d/oauth2/token
Logged at OAuthTokenRequestBase.cpp, line: 323, method: OAuthTokenRequestBase::SendRequest.

Request: authority: https://login.microsoftonline.com/6ac7a1f4-5fb1-4153-bb4f-12d2020a1f7d, client: d3590ed6-52b3-4102-aeff-aad2292ab01c, redirect URI: ms-appx-web://Microsoft.AAD.BrokerPlugin/d3590ed6-52b3-4102-aeff-aad2292ab01c, resource: , correlation ID (request): 03765ae2-72f6-4740-8543-4ee3cd243a78"
"15-08-2026 05:11:32","1098","Error","Microsoft-Windows-AAD","Error: 0xCAA70004 The server or proxy was not found.
Exception of type 'class HttpException' at XMLHTTPWebRequest.cpp, line: 184, method: XMLHTTPWebRequest::ReceiveResponse.

Log: 0xcaa90051 Sending OAuth request failed.
Logged at OAuthTokenRequestBase.cpp, line: 323, method: OAuthTokenRequestBase::SendRequest.

Request: authority: https://login.microsoftonline.com/6ac7a1f4-5fb1-4153-bb4f-12d2020a1f7d, client: d3590ed6-52b3-4102-aeff-aad2292ab01c, redirect URI: ms-appx-web://Microsoft.AAD.BrokerPlugin/d3590ed6-52b3-4102-aeff-aad2292ab01c, resource: , correlation ID (request): 03765ae2-72f6-4740-8543-4ee3cd243a78"
"15-08-2026 05:11:32","1098","Error","Microsoft-Windows-AAD","Error: 0xCAA5001C Token broker operation failed.
Operation name: GetTokenSilently, Error: -895025148 (0xcaa70004), Description: The server or proxy was not found.
Logged at WebAccountProcessor.cpp, line: 723, method: AAD::Core::WebAccountProcessor::ReportOperationError."
"15-08-2026 05:11:32","1097","Warning","Microsoft-Windows-AAD","Error: 0xCAA90056 Renew token by the primary refresh token failed.
Logged at RefreshTokenRequest.cpp, line: 149, method: RefreshTokenRequest::AcquireToken.

Request: authority: https://login.microsoftonline.com/6ac7a1f4-5fb1-4153-bb4f-12d2020a1f7d, client: d3590ed6-52b3-4102-aeff-aad2292ab01c, redirect URI: ms-appx-web://Microsoft.AAD.BrokerPlugin/d3590ed6-52b3-4102-aeff-aad2292ab01c, resource: , correlation ID (request): 2531baab-9943-4670-9dfe-50be9657d3e5"
"15-08-2026 05:11:32","1098","Error","Microsoft-Windows-AAD","Error: 0xCAA70004 The server or proxy was not found.
Code: authentication_failed
Description: The server or proxy was not found.
TokenEndpoint: https://login.microsoftonline.com/6ac7a1f4-5fb1-4153-bb4f-12d2020a1f7d/oauth2/token
Logged at OAuthTokenRequestBase.cpp, line: 323, method: OAuthTokenRequestBase::SendRequest.

Request: authority: https://login.microsoftonline.com/6ac7a1f4-5fb1-4153-bb4f-12d2020a1f7d, client: d3590ed6-52b3-4102-aeff-aad2292ab01c, redirect URI: ms-appx-web://Microsoft.AAD.BrokerPlugin/d3590ed6-52b3-4102-aeff-aad2292ab01c, resource: , correlation ID (request): 2531baab-9943-4670-9dfe-50be9657d3e5"
"15-08-2026 05:11:32","1098","Error","Microsoft-Windows-AAD","Error: 0xCAA70004 The server or proxy was not found.
Exception of type 'class HttpException' at XMLHTTPWebRequest.cpp, line: 184, method: XMLHTTPWebRequest::ReceiveResponse.

Log: 0xcaa90051 Sending OAuth request failed.
Logged at OAuthTokenRequestBase.cpp, line: 323, method: OAuthTokenRequestBase::SendRequest.

Request: authority: https://login.microsoftonline.com/6ac7a1f4-5fb1-4153-bb4f-12d2020a1f7d, client: d3590ed6-52b3-4102-aeff-aad2292ab01c, redirect URI: ms-appx-web://Microsoft.AAD.BrokerPlugin/d3590ed6-52b3-4102-aeff-aad2292ab01c, resource: , correlation ID (request): 2531baab-9943-4670-9dfe-50be9657d3e5"
"15-08-2026 05:11:32","1098","Error","Microsoft-Windows-AAD","Error: 0xCAA5001C Token broker operation failed.
Operation name: GetTokenSilently, Error: -895025148 (0xcaa70004), Description: The server or proxy was not found.
Logged at WebAccountProcessor.cpp, line: 723, method: AAD::Core::WebAccountProcessor::ReportOperationError."
"15-08-2026 05:11:32","1097","Warning","Microsoft-Windows-AAD","Error: 0xCAA90056 Renew token by the primary refresh token failed.
Logged at RefreshTokenRequest.cpp, line: 149, method: RefreshTokenRequest::AcquireToken.

Request: authority: https://login.microsoftonline.com/6ac7a1f4-5fb1-4153-bb4f-12d2020a1f7d, client: d3590ed6-52b3-4102-aeff-aad2292ab01c, redirect URI: ms-appx-web://Microsoft.AAD.BrokerPlugin/d3590ed6-52b3-4102-aeff-aad2292ab01c, resource: , correlation ID (request): 2ae779ad-63ba-4ef6-98b0-61f7f5b67d07"
"15-08-2026 05:11:32","1098","Error","Microsoft-Windows-AAD","Error: 0xCAA70004 The server or proxy was not found.
Code: authentication_failed
Description: The server or proxy was not found.
TokenEndpoint: https://login.microsoftonline.com/6ac7a1f4-5fb1-4153-bb4f-12d2020a1f7d/oauth2/token
Logged at OAuthTokenRequestBase.cpp, line: 323, method: OAuthTokenRequestBase::SendRequest.

Request: authority: https://login.microsoftonline.com/6ac7a1f4-5fb1-4153-bb4f-12d2020a1f7d, client: d3590ed6-52b3-4102-aeff-aad2292ab01c, redirect URI: ms-appx-web://Microsoft.AAD.BrokerPlugin/d3590ed6-52b3-4102-aeff-aad2292ab01c, resource: , correlation ID (request): 2ae779ad-63ba-4ef6-98b0-61f7f5b67d07"
"15-08-2026 05:11:32","1098","Error","Microsoft-Windows-AAD","Error: 0xCAA70004 The server or proxy was not found.
Exception of type 'class HttpException' at XMLHTTPWebRequest.cpp, line: 184, method: XMLHTTPWebRequest::ReceiveResponse.

Log: 0xcaa90051 Sending OAuth request failed.
Logged at OAuthTokenRequestBase.cpp, line: 323, method: OAuthTokenRequestBase::SendRequest.

Request: authority: https://login.microsoftonline.com/6ac7a1f4-5fb1-4153-bb4f-12d2020a1f7d, client: d3590ed6-52b3-4102-aeff-aad2292ab01c, redirect URI: ms-appx-web://Microsoft.AAD.BrokerPlugin/d3590ed6-52b3-4102-aeff-aad2292ab01c, resource: , correlation ID (request): 2ae779ad-63ba-4ef6-98b0-61f7f5b67d07"
"15-08-2026 05:11:32","1098","Error","Microsoft-Windows-AAD","Error: 0xCAA5001C Token broker operation failed.
Operation name: GetTokenSilently, Error: -895025148 (0xcaa70004), Description: The server or proxy was not found.
Logged at WebAccountProcessor.cpp, line: 723, method: AAD::Core::WebAccountProcessor::ReportOperationError."
"15-08-2026 05:11:32","1097","Warning","Microsoft-Windows-AAD","Error: 0xCAA90056 Renew token by the primary refresh token failed.
Logged at RefreshTokenRequest.cpp, line: 149, method: RefreshTokenRequest::AcquireToken.

Request: authority: https://login.microsoftonline.com/6ac7a1f4-5fb1-4153-bb4f-12d2020a1f7d, client: d3590ed6-52b3-4102-aeff-aad2292ab01c, redirect URI: ms-appx-web://Microsoft.AAD.BrokerPlugin/d3590ed6-52b3-4102-aeff-aad2292ab01c, resource: , correlation ID (request): 15fecb5a-39a6-4d51-af54-7a32b16ab71a"
"15-08-2026 05:11:32","1098","Error","Microsoft-Windows-AAD","Error: 0xCAA70004 The server or proxy was not found.
Code: authentication_failed
Description: The server or proxy was not found.
TokenEndpoint: https://login.microsoftonline.com/6ac7a1f4-5fb1-4153-bb4f-12d2020a1f7d/oauth2/token
Logged at OAuthTokenRequestBase.cpp, line: 323, method: OAuthTokenRequestBase::SendRequest.

Request: authority: https://login.microsoftonline.com/6ac7a1f4-5fb1-4153-bb4f-12d2020a1f7d, client: d3590ed6-52b3-4102-aeff-aad2292ab01c, redirect URI: ms-appx-web://Microsoft.AAD.BrokerPlugin/d3590ed6-52b3-4102-aeff-aad2292ab01c, resource: , correlation ID (request): 15fecb5a-39a6-4d51-af54-7a32b16ab71a"
