"18-08-2026 16:36:02","1223","Verbose","Microsoft-Windows-PushNotifications-Platform","WNP Transport Layer sent command: PNG, Trid: 10, Namespace: CON, CV: xwChefcwBESL6GZS.10 containing 29 bytes of payload: 0x436F6E746578743A20383361366339623666626437616339340D0A0D0A. IsLongRunning: Data Connection."
"18-08-2026 16:33:15","3049","Information","Microsoft-Windows-PushNotifications-Platform","Endpoint 0x0 is being cleanedup"
"18-08-2026 16:33:15","3153","Information","Microsoft-Windows-PushNotifications-Platform","Toast with notification tracking id 8126 is delivered to Microsoft.Office.OUTLOOK.EXE.15 on session 1."
"18-08-2026 16:33:15","3052","Information","Microsoft-Windows-PushNotifications-Platform","Toast with notification tracking id 8126 is being delivered to Microsoft.Office.OUTLOOK.EXE.15 on session 1."
"18-08-2026 16:33:15","2418","Information","Microsoft-Windows-PushNotifications-Platform","A local notification was submitted to threadpool: Microsoft.Office.OUTLOOK.EXE.15 [AppUserModelId] toast [NotificationType] 8126 [NotificationTrackingId] Local [NotificationSource]."
"18-08-2026 16:33:15","2416","Information","Microsoft-Windows-PushNotifications-Platform","A local notification was received from Microsoft.Office.OUTLOOK.EXE.15 [AppUserModelId] with a 0 [NotificationId] through an application endpoint."
"18-08-2026 16:31:09","42","Information","Microsoft-Windows-PushNotifications-Platform","Cloud Notifications must be enabled in GP and MDM to receive push notifications. GroupPolicyValue: true, MDMPolicyValue: true."
"18-08-2026 16:31:01","42","Information","Microsoft-Windows-PushNotifications-Platform","Cloud Notifications must be enabled in GP and MDM to receive push notifications. GroupPolicyValue: true, MDMPolicyValue: true."
"18-08-2026 16:30:56","3053","Information","Microsoft-Windows-PushNotifications-Platform","badge with notification tracking id 8125 is being delivered to Microsoft.Todos_8wekyb3d8bbwe!App."
"18-08-2026 16:30:56","2418","Information","Microsoft-Windows-PushNotifications-Platform","A local notification was submitted to threadpool: Microsoft.Todos_8wekyb3d8bbwe!App [AppUserModelId] badge [NotificationType] 8125 [NotificationTrackingId] Local [NotificationSource]."
"18-08-2026 16:30:56","2416","Information","Microsoft-Windows-PushNotifications-Platform","A local notification was received from Microsoft.Todos_8wekyb3d8bbwe!App [AppUserModelId] with a 0 [NotificationId] through an application endpoint."
"18-08-2026 16:30:56","2418","Information","Microsoft-Windows-PushNotifications-Platform","A local notification was submitted to threadpool: Microsoft.Todos_8wekyb3d8bbwe!App [AppUserModelId] tile [NotificationType] 8124 [NotificationTrackingId] Local [NotificationSource]."
"18-08-2026 16:30:56","2416","Information","Microsoft-Windows-PushNotifications-Platform","A local notification was received from Microsoft.Todos_8wekyb3d8bbwe!App [AppUserModelId] with a 0 [NotificationId] through an application endpoint."
"18-08-2026 16:28:14","1025","Information","Microsoft-Windows-PushNotifications-Platform","A Power event was fired: MonitorSettingChange [PowerEventType] true [Enabled]."
"18-08-2026 16:28:14","1025","Information","Microsoft-Windows-PushNotifications-Platform","A Power event was fired: MonitorSettingChange [PowerEventType] true [Enabled]."
"18-08-2026 16:27:15","1025","Information","Microsoft-Windows-PushNotifications-Platform","A Power event was fired: MonitorSettingChange [PowerEventType] false [Enabled]."
"18-08-2026 16:27:15","1025","Information","Microsoft-Windows-PushNotifications-Platform","A Power event was fired: MonitorSettingChange [PowerEventType] false [Enabled]."
"18-08-2026 16:12:48","3053","Information","Microsoft-Windows-PushNotifications-Platform","badge with notification tracking id 8123 is being delivered to Microsoft.Todos_8wekyb3d8bbwe!App."
"18-08-2026 16:12:48","2418","Information","Microsoft-Windows-PushNotifications-Platform","A local notification was submitted to threadpool: Microsoft.Todos_8wekyb3d8bbwe!App [AppUserModelId] badge [NotificationType] 8123 [NotificationTrackingId] Local [NotificationSource]."
"18-08-2026 16:12:48","2416","Information","Microsoft-Windows-PushNotifications-Platform","A local notification was received from Microsoft.Todos_8wekyb3d8bbwe!App [AppUserModelId] with a 0 [NotificationId] through an application endpoint."
"18-08-2026 16:12:48","2418","Information","Microsoft-Windows-PushNotifications-Platform","A local notification was submitted to threadpool: Microsoft.Todos_8wekyb3d8bbwe!App [AppUserModelId] tile [NotificationType] 8122 [NotificationTrackingId] Local [NotificationSource]."
"18-08-2026 16:12:48","2416","Information","Microsoft-Windows-PushNotifications-Platform","A local notification was received from Microsoft.Todos_8wekyb3d8bbwe!App [AppUserModelId] with a 0 [NotificationId] through an application endpoint."
"18-08-2026 16:12:41","1025","Information","Microsoft-Windows-PushNotifications-Platform","A Power event was fired: MonitorSettingChange [PowerEventType] true [Enabled]."
"18-08-2026 16:12:41","1025","Information","Microsoft-Windows-PushNotifications-Platform","A Power event was fired: MonitorSettingChange [PowerEventType] true [Enabled]."
"18-08-2026 16:12:12","1025","Information","Microsoft-Windows-PushNotifications-Platform","A Power event was fired: MonitorSettingChange [PowerEventType] false [Enabled]."
"18-08-2026 16:12:12","1025","Information","Microsoft-Windows-PushNotifications-Platform","A Power event was fired: MonitorSettingChange [PowerEventType] false [Enabled]."
"18-08-2026 16:10:25","1268","Verbose","Microsoft-Windows-PushNotifications-Platform","WNP Transport Layer received command: PNG, Trid: 9, Namespace: CON, CV: xwChefcwBESL6GZS.9.0 containing 125 bytes of payload only. However, full payload including header is: 0x504E47203920434F4E003132350D0A4D532D43563A2078774368656663774245534C36475A532E392E300D0A0D0A3C70696E672D726573706F6E73653E3C776169743E34353C2F776169743E3C636F6E6E656374696F6E2D7374617475733E436F6E6E65637465643C2F636F6E6E656374696F6E2D7374617475733E3C. IsLongRunning: Data Connection."
"18-08-2026 16:10:25","1225","Verbose","Microsoft-Windows-PushNotifications-Platform","WNP Transport Layer received command: PNG, Trid: 9, Namespace: CON, CV: xwChefcwBESL6GZS.9.0 containing 125 bytes of payload: 0x4D532D43563A2078774368656663774245534C36475A532E392E300D0A0D0A3C70696E672D726573706F6E73653E3C776169743E34353C2F776169743E3C636F6E6E656374696F6E2D7374617475733E436F6E6E65637465643C2F636F6E6E656374696F6E2D7374617475733E3C2F70696E672D726573706F6E73653E. IsLongRunning: Data Connection."
"18-08-2026 16:10:25","1267","Verbose","Microsoft-Windows-PushNotifications-Platform","WNP Transport Layer sent command: PNG, Trid: 9, Namespace: CON, CV: xwChefcwBESL6GZS.9 containing 70 bytes of payload only. However, full payload including header is: 0x504E47203920434F4E2035360D0A4D532D43563A2078774368656663774245534C36475A532E390D0A436F6E746578743A20346535343037643732613161653863340D0A0D0A. IsLongRunning: Data Connection."
"18-08-2026 16:10:25","1223","Verbose","Microsoft-Windows-PushNotifications-Platform","WNP Transport Layer sent command: PNG, Trid: 9, Namespace: CON, CV: xwChefcwBESL6GZS.9 containing 29 bytes of payload: 0x436F6E746578743A20346535343037643732613161653863340D0A0D0A. IsLongRunning: Data Connection."
"18-08-2026 16:05:08","42","Information","Microsoft-Windows-PushNotifications-Platform","Cloud Notifications must be enabled in GP and MDM to receive push notifications. GroupPolicyValue: true, MDMPolicyValue: true."
"18-08-2026 16:03:30","42","Information","Microsoft-Windows-PushNotifications-Platform","Cloud Notifications must be enabled in GP and MDM to receive push notifications. GroupPolicyValue: true, MDMPolicyValue: true."
"18-08-2026 16:03:24","3049","Information","Microsoft-Windows-PushNotifications-Platform","Endpoint 0x0 is being cleanedup"
"18-08-2026 16:03:24","3153","Information","Microsoft-Windows-PushNotifications-Platform","Toast with notification tracking id 8121 is delivered to Microsoft.Office.OUTLOOK.EXE.15 on session 1."
"18-08-2026 16:03:24","3052","Information","Microsoft-Windows-PushNotifications-Platform","Toast with notification tracking id 8121 is being delivered to Microsoft.Office.OUTLOOK.EXE.15 on session 1."
"18-08-2026 16:03:24","2418","Information","Microsoft-Windows-PushNotifications-Platform","A local notification was submitted to threadpool: Microsoft.Office.OUTLOOK.EXE.15 [AppUserModelId] toast [NotificationType] 8121 [NotificationTrackingId] Local [NotificationSource]."
"18-08-2026 16:03:24","2416","Information","Microsoft-Windows-PushNotifications-Platform","A local notification was received from Microsoft.Office.OUTLOOK.EXE.15 [AppUserModelId] with a 0 [NotificationId] through an application endpoint."
"18-08-2026 15:58:18","3053","Information","Microsoft-Windows-PushNotifications-Platform","badge with notification tracking id 8120 is being delivered to Microsoft.Todos_8wekyb3d8bbwe!App."
"18-08-2026 15:58:18","2418","Information","Microsoft-Windows-PushNotifications-Platform","A local notification was submitted to threadpool: Microsoft.Todos_8wekyb3d8bbwe!App [AppUserModelId] badge [NotificationType] 8120 [NotificationTrackingId] Local [NotificationSource]."
"18-08-2026 15:58:18","2416","Information","Microsoft-Windows-PushNotifications-Platform","A local notification was received from Microsoft.Todos_8wekyb3d8bbwe!App [AppUserModelId] with a 0 [NotificationId] through an application endpoint."
"18-08-2026 15:58:18","2418","Information","Microsoft-Windows-PushNotifications-Platform","A local notification was submitted to threadpool: Microsoft.Todos_8wekyb3d8bbwe!App [AppUserModelId] tile [NotificationType] 8119 [NotificationTrackingId] Local [NotificationSource]."
"18-08-2026 15:58:18","2416","Information","Microsoft-Windows-PushNotifications-Platform","A local notification was received from Microsoft.Todos_8wekyb3d8bbwe!App [AppUserModelId] with a 0 [NotificationId] through an application endpoint."
"18-08-2026 15:57:47","42","Information","Microsoft-Windows-PushNotifications-Platform","Cloud Notifications must be enabled in GP and MDM to receive push notifications. GroupPolicyValue: true, MDMPolicyValue: true."
"18-08-2026 15:57:45","42","Information","Microsoft-Windows-PushNotifications-Platform","Cloud Notifications must be enabled in GP and MDM to receive push notifications. GroupPolicyValue: true, MDMPolicyValue: true."
"18-08-2026 15:57:41","1025","Information","Microsoft-Windows-PushNotifications-Platform","A Power event was fired: MonitorSettingChange [PowerEventType] true [Enabled]."
"18-08-2026 15:57:41","1025","Information","Microsoft-Windows-PushNotifications-Platform","A Power event was fired: MonitorSettingChange [PowerEventType] true [Enabled]."
"18-08-2026 15:44:25","1268","Verbose","Microsoft-Windows-PushNotifications-Platform","WNP Transport Layer received command: PNG, Trid: 8, Namespace: CON, CV: xwChefcwBESL6GZS.8.0 containing 125 bytes of payload only. However, full payload including header is: 0x504E47203820434F4E003132350D0A4D532D43563A2078774368656663774245534C36475A532E382E300D0A0D0A3C70696E672D726573706F6E73653E3C776169743E34303C2F776169743E3C636F6E6E656374696F6E2D7374617475733E436F6E6E65637465643C2F636F6E6E656374696F6E2D7374617475733E3C. IsLongRunning: Data Connection."
"18-08-2026 15:44:25","1225","Verbose","Microsoft-Windows-PushNotifications-Platform","WNP Transport Layer received command: PNG, Trid: 8, Namespace: CON, CV: xwChefcwBESL6GZS.8.0 containing 125 bytes of payload: 0x4D532D43563A2078774368656663774245534C36475A532E382E300D0A0D0A3C70696E672D726573706F6E73653E3C776169743E34303C2F776169743E3C636F6E6E656374696F6E2D7374617475733E436F6E6E65637465643C2F636F6E6E656374696F6E2D7374617475733E3C2F70696E672D726573706F6E73653E. IsLongRunning: Data Connection."
"18-08-2026 15:44:25","1267","Verbose","Microsoft-Windows-PushNotifications-Platform","WNP Transport Layer sent command: PNG, Trid: 8, Namespace: CON, CV: xwChefcwBESL6GZS.8 containing 70 bytes of payload only. However, full payload including header is: 0x504E47203820434F4E2035360D0A4D532D43563A2078774368656663774245534C36475A532E380D0A436F6E746578743A20616536306234646366366662336261630D0A0D0A. IsLongRunning: Data Connection."
"18-08-2026 15:44:25","1223","Verbose","Microsoft-Windows-PushNotifications-Platform","WNP Transport Layer sent command: PNG, Trid: 8, Namespace: CON, CV: xwChefcwBESL6GZS.8 containing 29 bytes of payload: 0x436F6E746578743A20616536306234646366366662336261630D0A0D0A. IsLongRunning: Data Connection."
"18-08-2026 15:43:11","3053","Information","Microsoft-Windows-PushNotifications-Platform","badge with notification tracking id 8118 is being delivered to Microsoft.Todos_8wekyb3d8bbwe!App."
"18-08-2026 15:43:11","2418","Information","Microsoft-Windows-PushNotifications-Platform","A local notification was submitted to threadpool: Microsoft.Todos_8wekyb3d8bbwe!App [AppUserModelId] badge [NotificationType] 8118 [NotificationTrackingId] Local [NotificationSource]."
"18-08-2026 15:43:11","2416","Information","Microsoft-Windows-PushNotifications-Platform","A local notification was received from Microsoft.Todos_8wekyb3d8bbwe!App [AppUserModelId] with a 0 [NotificationId] through an application endpoint."
"18-08-2026 15:43:11","2418","Information","Microsoft-Windows-PushNotifications-Platform","A local notification was submitted to threadpool: Microsoft.Todos_8wekyb3d8bbwe!App [AppUserModelId] tile [NotificationType] 8117 [NotificationTrackingId] Local [NotificationSource]."
"18-08-2026 15:43:11","2416","Information","Microsoft-Windows-PushNotifications-Platform","A local notification was received from Microsoft.Todos_8wekyb3d8bbwe!App [AppUserModelId] with a 0 [NotificationId] through an application endpoint."
"18-08-2026 15:40:34","42","Information","Microsoft-Windows-PushNotifications-Platform","Cloud Notifications must be enabled in GP and MDM to receive push notifications. GroupPolicyValue: true, MDMPolicyValue: true."
"18-08-2026 15:40:19","42","Information","Microsoft-Windows-PushNotifications-Platform","Cloud Notifications must be enabled in GP and MDM to receive push notifications. GroupPolicyValue: true, MDMPolicyValue: true."
"18-08-2026 15:40:18","42","Information","Microsoft-Windows-PushNotifications-Platform","Cloud Notifications must be enabled in GP and MDM to receive push notifications. GroupPolicyValue: true, MDMPolicyValue: true."
"18-08-2026 15:38:49","42","Information","Microsoft-Windows-PushNotifications-Platform","Cloud Notifications must be enabled in GP and MDM to receive push notifications. GroupPolicyValue: true, MDMPolicyValue: true."
"18-08-2026 15:36:54","1025","Information","Microsoft-Windows-PushNotifications-Platform","A Power event was fired: MonitorSettingChange [PowerEventType] false [Enabled]."
"18-08-2026 15:36:54","1025","Information","Microsoft-Windows-PushNotifications-Platform","A Power event was fired: MonitorSettingChange [PowerEventType] false [Enabled]."
"18-08-2026 15:36:11","1025","Information","Microsoft-Windows-PushNotifications-Platform","A Power event was fired: MonitorSettingChange [PowerEventType] true [Enabled]."
"18-08-2026 15:36:11","1025","Information","Microsoft-Windows-PushNotifications-Platform","A Power event was fired: MonitorSettingChange [PowerEventType] true [Enabled]."
"18-08-2026 15:31:40","1025","Information","Microsoft-Windows-PushNotifications-Platform","A Power event was fired: MonitorSettingChange [PowerEventType] false [Enabled]."
"18-08-2026 15:31:40","1025","Information","Microsoft-Windows-PushNotifications-Platform","A Power event was fired: MonitorSettingChange [PowerEventType] false [Enabled]."
"18-08-2026 15:30:43","3053","Information","Microsoft-Windows-PushNotifications-Platform","badge with notification tracking id 8116 is being delivered to Microsoft.Todos_8wekyb3d8bbwe!App."
"18-08-2026 15:30:43","2418","Information","Microsoft-Windows-PushNotifications-Platform","A local notification was submitted to threadpool: Microsoft.Todos_8wekyb3d8bbwe!App [AppUserModelId] badge [NotificationType] 8116 [NotificationTrackingId] Local [NotificationSource]."
"18-08-2026 15:30:43","2416","Information","Microsoft-Windows-PushNotifications-Platform","A local notification was received from Microsoft.Todos_8wekyb3d8bbwe!App [AppUserModelId] with a 0 [NotificationId] through an application endpoint."
"18-08-2026 15:30:43","2418","Information","Microsoft-Windows-PushNotifications-Platform","A local notification was submitted to threadpool: Microsoft.Todos_8wekyb3d8bbwe!App [AppUserModelId] tile [NotificationType] 8115 [NotificationTrackingId] Local [NotificationSource]."
"18-08-2026 15:30:43","2416","Information","Microsoft-Windows-PushNotifications-Platform","A local notification was received from Microsoft.Todos_8wekyb3d8bbwe!App [AppUserModelId] with a 0 [NotificationId] through an application endpoint."
"18-08-2026 15:29:32","1025","Information","Microsoft-Windows-PushNotifications-Platform","A Power event was fired: MonitorSettingChange [PowerEventType] true [Enabled]."
"18-08-2026 15:29:32","1025","Information","Microsoft-Windows-PushNotifications-Platform","A Power event was fired: MonitorSettingChange [PowerEventType] true [Enabled]."
"18-08-2026 15:23:57","3153","Information","Microsoft-Windows-PushNotifications-Platform","Toast with notification tracking id 8114 is delivered to Microsoft.Office.OUTLOOK.EXE.15 on session 1."
"18-08-2026 15:23:57","3052","Information","Microsoft-Windows-PushNotifications-Platform","Toast with notification tracking id 8114 is being delivered to Microsoft.Office.OUTLOOK.EXE.15 on session 1."
"18-08-2026 15:23:57","2418","Information","Microsoft-Windows-PushNotifications-Platform","A local notification was submitted to threadpool: Microsoft.Office.OUTLOOK.EXE.15 [AppUserModelId] toast [NotificationType] 8114 [NotificationTrackingId] Local [NotificationSource]."
"18-08-2026 15:23:57","2416","Information","Microsoft-Windows-PushNotifications-Platform","A local notification was received from Microsoft.Office.OUTLOOK.EXE.15 [AppUserModelId] with a 0 [NotificationId] through an application endpoint."
"18-08-2026 15:19:33","1025","Information","Microsoft-Windows-PushNotifications-Platform","A Power event was fired: MonitorSettingChange [PowerEventType] false [Enabled]."
"18-08-2026 15:19:33","1025","Information","Microsoft-Windows-PushNotifications-Platform","A Power event was fired: MonitorSettingChange [PowerEventType] false [Enabled]."
"18-08-2026 15:18:25","1268","Verbose","Microsoft-Windows-PushNotifications-Platform","WNP Transport Layer received command: PNG, Trid: 7, Namespace: CON, CV: xwChefcwBESL6GZS.7.0 containing 125 bytes of payload only. However, full payload including header is: 0x504E47203720434F4E003132350D0A4D532D43563A2078774368656663774245534C36475A532E372E300D0A0D0A3C70696E672D726573706F6E73653E3C776169743E35303C2F776169743E3C636F6E6E656374696F6E2D7374617475733E436F6E6E65637465643C2F636F6E6E656374696F6E2D7374617475733E3C. IsLongRunning: Data Connection."
"18-08-2026 15:18:25","1225","Verbose","Microsoft-Windows-PushNotifications-Platform","WNP Transport Layer received command: PNG, Trid: 7, Namespace: CON, CV: xwChefcwBESL6GZS.7.0 containing 125 bytes of payload: 0x4D532D43563A2078774368656663774245534C36475A532E372E300D0A0D0A3C70696E672D726573706F6E73653E3C776169743E35303C2F776169743E3C636F6E6E656374696F6E2D7374617475733E436F6E6E65637465643C2F636F6E6E656374696F6E2D7374617475733E3C2F70696E672D726573706F6E73653E. IsLongRunning: Data Connection."
"18-08-2026 15:18:25","1267","Verbose","Microsoft-Windows-PushNotifications-Platform","WNP Transport Layer sent command: PNG, Trid: 7, Namespace: CON, CV: xwChefcwBESL6GZS.7 containing 70 bytes of payload only. However, full payload including header is: 0x504E47203720434F4E2035360D0A4D532D43563A2078774368656663774245534C36475A532E370D0A436F6E746578743A20383830336331653061626631366366340D0A0D0A. IsLongRunning: Data Connection."
"18-08-2026 15:18:25","1223","Verbose","Microsoft-Windows-PushNotifications-Platform","WNP Transport Layer sent command: PNG, Trid: 7, Namespace: CON, CV: xwChefcwBESL6GZS.7 containing 29 bytes of payload: 0x436F6E746578743A20383830336331653061626631366366340D0A0D0A. IsLongRunning: Data Connection."
"18-08-2026 15:15:57","3053","Information","Microsoft-Windows-PushNotifications-Platform","badge with notification tracking id 8113 is being delivered to Microsoft.Todos_8wekyb3d8bbwe!App."
"18-08-2026 15:15:57","2418","Information","Microsoft-Windows-PushNotifications-Platform","A local notification was submitted to threadpool: Microsoft.Todos_8wekyb3d8bbwe!App [AppUserModelId] badge [NotificationType] 8113 [NotificationTrackingId] Local [NotificationSource]."
"18-08-2026 15:15:57","2416","Information","Microsoft-Windows-PushNotifications-Platform","A local notification was received from Microsoft.Todos_8wekyb3d8bbwe!App [AppUserModelId] with a 0 [NotificationId] through an application endpoint."
"18-08-2026 15:15:57","2418","Information","Microsoft-Windows-PushNotifications-Platform","A local notification was submitted to threadpool: Microsoft.Todos_8wekyb3d8bbwe!App [AppUserModelId] tile [NotificationType] 8112 [NotificationTrackingId] Local [NotificationSource]."
"18-08-2026 15:15:57","2416","Information","Microsoft-Windows-PushNotifications-Platform","A local notification was received from Microsoft.Todos_8wekyb3d8bbwe!App [AppUserModelId] with a 0 [NotificationId] through an application endpoint."
"18-08-2026 15:10:42","42","Information","Microsoft-Windows-PushNotifications-Platform","Cloud Notifications must be enabled in GP and MDM to receive push notifications. GroupPolicyValue: true, MDMPolicyValue: true."
"18-08-2026 15:10:27","1025","Information","Microsoft-Windows-PushNotifications-Platform","A Power event was fired: MonitorSettingChange [PowerEventType] true [Enabled]."
"18-08-2026 15:10:27","1025","Information","Microsoft-Windows-PushNotifications-Platform","A Power event was fired: MonitorSettingChange [PowerEventType] true [Enabled]."
"18-08-2026 15:07:16","1025","Information","Microsoft-Windows-PushNotifications-Platform","A Power event was fired: MonitorSettingChange [PowerEventType] false [Enabled]."
"18-08-2026 15:07:16","1025","Information","Microsoft-Windows-PushNotifications-Platform","A Power event was fired: MonitorSettingChange [PowerEventType] false [Enabled]."
"18-08-2026 15:06:46","1025","Information","Microsoft-Windows-PushNotifications-Platform","A Power event was fired: MonitorSettingChange [PowerEventType] true [Enabled]."
"18-08-2026 15:06:46","1025","Information","Microsoft-Windows-PushNotifications-Platform","A Power event was fired: MonitorSettingChange [PowerEventType] true [Enabled]."
"18-08-2026 15:05:49","2415","Information","Microsoft-Windows-PushNotifications-Platform","An application was unregistered with the following parameters: Windows.Defender.MpUxDlp [AppUserModelId] The operation completed successfully. [ErrorCode]"
"18-08-2026 15:05:49","3056","Information","Microsoft-Windows-PushNotifications-Platform","Badge Notification are being cleared for Windows.Defender.MpUxDlp - informed session 2."
"18-08-2026 15:01:50","1025","Information","Microsoft-Windows-PushNotifications-Platform","A Power event was fired: MonitorSettingChange [PowerEventType] false [Enabled]."
"18-08-2026 15:01:50","1025","Information","Microsoft-Windows-PushNotifications-Platform","A Power event was fired: MonitorSettingChange [PowerEventType] false [Enabled]."
"18-08-2026 15:00:56","42","Information","Microsoft-Windows-PushNotifications-Platform","Cloud Notifications must be enabled in GP and MDM to receive push notifications. GroupPolicyValue: true, MDMPolicyValue: true."
"18-08-2026 14:57:52","3053","Information","Microsoft-Windows-PushNotifications-Platform","badge with notification tracking id 8111 is being delivered to Microsoft.Todos_8wekyb3d8bbwe!App."
"18-08-2026 14:57:52","2418","Information","Microsoft-Windows-PushNotifications-Platform","A local notification was submitted to threadpool: Microsoft.Todos_8wekyb3d8bbwe!App [AppUserModelId] badge [NotificationType] 8111 [NotificationTrackingId] Local [NotificationSource]."
"18-08-2026 14:57:52","2416","Information","Microsoft-Windows-PushNotifications-Platform","A local notification was received from Microsoft.Todos_8wekyb3d8bbwe!App [AppUserModelId] with a 0 [NotificationId] through an application endpoint."
"18-08-2026 14:57:52","2418","Information","Microsoft-Windows-PushNotifications-Platform","A local notification was submitted to threadpool: Microsoft.Todos_8wekyb3d8bbwe!App [AppUserModelId] tile [NotificationType] 8110 [NotificationTrackingId] Local [NotificationSource]."
"18-08-2026 14:57:52","2416","Information","Microsoft-Windows-PushNotifications-Platform","A local notification was received from Microsoft.Todos_8wekyb3d8bbwe!App [AppUserModelId] with a 0 [NotificationId] through an application endpoint."
"18-08-2026 14:56:47","1025","Information","Microsoft-Windows-PushNotifications-Platform","A Power event was fired: MonitorSettingChange [PowerEventType] true [Enabled]."
"18-08-2026 14:56:47","1025","Information","Microsoft-Windows-PushNotifications-Platform","A Power event was fired: MonitorSettingChange [PowerEventType] true [Enabled]."
"18-08-2026 14:56:45","1025","Information","Microsoft-Windows-PushNotifications-Platform","A Power event was fired: MonitorSettingChange [PowerEventType] false [Enabled]."
"18-08-2026 14:56:45","1025","Information","Microsoft-Windows-PushNotifications-Platform","A Power event was fired: MonitorSettingChange [PowerEventType] false [Enabled]."
"18-08-2026 14:52:25","1268","Verbose","Microsoft-Windows-PushNotifications-Platform","WNP Transport Layer received command: PNG, Trid: 6, Namespace: CON, CV: xwChefcwBESL6GZS.6.0 containing 125 bytes of payload only. However, full payload including header is: 0x504E47203620434F4E003132350D0A4D532D43563A2078774368656663774245534C36475A532E362E300D0A0D0A3C70696E672D726573706F6E73653E3C776169743E34313C2F776169743E3C636F6E6E656374696F6E2D7374617475733E436F6E6E65637465643C2F636F6E6E656374696F6E2D7374617475733E3C. IsLongRunning: Data Connection."
"18-08-2026 14:52:25","1225","Verbose","Microsoft-Windows-PushNotifications-Platform","WNP Transport Layer received command: PNG, Trid: 6, Namespace: CON, CV: xwChefcwBESL6GZS.6.0 containing 125 bytes of payload: 0x4D532D43563A2078774368656663774245534C36475A532E362E300D0A0D0A3C70696E672D726573706F6E73653E3C776169743E34313C2F776169743E3C636F6E6E656374696F6E2D7374617475733E436F6E6E65637465643C2F636F6E6E656374696F6E2D7374617475733E3C2F70696E672D726573706F6E73653E. IsLongRunning: Data Connection."
"18-08-2026 14:52:25","1267","Verbose","Microsoft-Windows-PushNotifications-Platform","WNP Transport Layer sent command: PNG, Trid: 6, Namespace: CON, CV: xwChefcwBESL6GZS.6 containing 70 bytes of payload only. However, full payload including header is: 0x504E47203620434F4E2035360D0A4D532D43563A2078774368656663774245534C36475A532E360D0A436F6E746578743A20623533613536303535623730303664390D0A0D0A. IsLongRunning: Data Connection."
"18-08-2026 14:52:25","1223","Verbose","Microsoft-Windows-PushNotifications-Platform","WNP Transport Layer sent command: PNG, Trid: 6, Namespace: CON, CV: xwChefcwBESL6GZS.6 containing 29 bytes of payload: 0x436F6E746578743A20623533613536303535623730303664390D0A0D0A. IsLongRunning: Data Connection."
"18-08-2026 14:51:32","3049","Information","Microsoft-Windows-PushNotifications-Platform","Endpoint 0x0 is being cleanedup"
"18-08-2026 14:51:31","3153","Information","Microsoft-Windows-PushNotifications-Platform","Toast with notification tracking id 8109 is delivered to Microsoft.Office.OUTLOOK.EXE.15 on session 1."
"18-08-2026 14:51:31","3052","Information","Microsoft-Windows-PushNotifications-Platform","Toast with notification tracking id 8109 is being delivered to Microsoft.Office.OUTLOOK.EXE.15 on session 1."
"18-08-2026 14:51:31","2418","Information","Microsoft-Windows-PushNotifications-Platform","A local notification was submitted to threadpool: Microsoft.Office.OUTLOOK.EXE.15 [AppUserModelId] toast [NotificationType] 8109 [NotificationTrackingId] Local [NotificationSource]."
"18-08-2026 14:51:31","2416","Information","Microsoft-Windows-PushNotifications-Platform","A local notification was received from Microsoft.Office.OUTLOOK.EXE.15 [AppUserModelId] with a 0 [NotificationId] through an application endpoint."
"18-08-2026 14:51:20","42","Information","Microsoft-Windows-PushNotifications-Platform","Cloud Notifications must be enabled in GP and MDM to receive push notifications. GroupPolicyValue: true, MDMPolicyValue: true."
"18-08-2026 14:48:55","42","Information","Microsoft-Windows-PushNotifications-Platform","Cloud Notifications must be enabled in GP and MDM to receive push notifications. GroupPolicyValue: true, MDMPolicyValue: true."
"18-08-2026 14:43:11","3053","Information","Microsoft-Windows-PushNotifications-Platform","badge with notification tracking id 8108 is being delivered to Microsoft.Todos_8wekyb3d8bbwe!App."
"18-08-2026 14:43:11","2418","Information","Microsoft-Windows-PushNotifications-Platform","A local notification was submitted to threadpool: Microsoft.Todos_8wekyb3d8bbwe!App [AppUserModelId] badge [NotificationType] 8108 [NotificationTrackingId] Local [NotificationSource]."
"18-08-2026 14:43:11","2416","Information","Microsoft-Windows-PushNotifications-Platform","A local notification was received from Microsoft.Todos_8wekyb3d8bbwe!App [AppUserModelId] with a 0 [NotificationId] through an application endpoint."
"18-08-2026 14:43:11","2418","Information","Microsoft-Windows-PushNotifications-Platform","A local notification was submitted to threadpool: Microsoft.Todos_8wekyb3d8bbwe!App [AppUserModelId] tile [NotificationType] 8107 [NotificationTrackingId] Local [NotificationSource]."
"18-08-2026 14:43:11","2416","Information","Microsoft-Windows-PushNotifications-Platform","A local notification was received from Microsoft.Todos_8wekyb3d8bbwe!App [AppUserModelId] with a 0 [NotificationId] through an application endpoint."
"18-08-2026 14:39:49","42","Information","Microsoft-Windows-PushNotifications-Platform","Cloud Notifications must be enabled in GP and MDM to receive push notifications. GroupPolicyValue: true, MDMPolicyValue: true."
"18-08-2026 14:38:17","42","Information","Microsoft-Windows-PushNotifications-Platform","Cloud Notifications must be enabled in GP and MDM to receive push notifications. GroupPolicyValue: true, MDMPolicyValue: true."
"18-08-2026 14:36:23","42","Information","Microsoft-Windows-PushNotifications-Platform","Cloud Notifications must be enabled in GP and MDM to receive push notifications. GroupPolicyValue: true, MDMPolicyValue: true."
"18-08-2026 14:35:49","3053","Information","Microsoft-Windows-PushNotifications-Platform","badge with notification tracking id 8106 is being delivered to Microsoft.Todos_8wekyb3d8bbwe!App."
"18-08-2026 14:35:49","2418","Information","Microsoft-Windows-PushNotifications-Platform","A local notification was submitted to threadpool: Microsoft.Todos_8wekyb3d8bbwe!App [AppUserModelId] badge [NotificationType] 8106 [NotificationTrackingId] Local [NotificationSource]."
"18-08-2026 14:35:49","2416","Information","Microsoft-Windows-PushNotifications-Platform","A local notification was received from Microsoft.Todos_8wekyb3d8bbwe!App [AppUserModelId] with a 0 [NotificationId] through an application endpoint."
"18-08-2026 14:35:49","2418","Information","Microsoft-Windows-PushNotifications-Platform","A local notification was submitted to threadpool: Microsoft.Todos_8wekyb3d8bbwe!App [AppUserModelId] tile [NotificationType] 8105 [NotificationTrackingId] Local [NotificationSource]."
"18-08-2026 14:35:49","2416","Information","Microsoft-Windows-PushNotifications-Platform","A local notification was received from Microsoft.Todos_8wekyb3d8bbwe!App [AppUserModelId] with a 0 [NotificationId] through an application endpoint."
"18-08-2026 14:34:04","42","Information","Microsoft-Windows-PushNotifications-Platform","Cloud Notifications must be enabled in GP and MDM to receive push notifications. GroupPolicyValue: true, MDMPolicyValue: true."
"18-08-2026 14:33:53","42","Information","Microsoft-Windows-PushNotifications-Platform","Cloud Notifications must be enabled in GP and MDM to receive push notifications. GroupPolicyValue: true, MDMPolicyValue: true."
"18-08-2026 14:33:52","42","Information","Microsoft-Windows-PushNotifications-Platform","Cloud Notifications must be enabled in GP and MDM to receive push notifications. GroupPolicyValue: true, MDMPolicyValue: true."
"18-08-2026 14:33:49","3053","Information","Microsoft-Windows-PushNotifications-Platform","badge with notification tracking id 8104 is being delivered to MSTeams_8wekyb3d8bbwe!MSTeams."
"18-08-2026 14:33:49","2418","Information","Microsoft-Windows-PushNotifications-Platform","A local notification was submitted to threadpool: MSTeams_8wekyb3d8bbwe!MSTeams [AppUserModelId] badge [NotificationType] 8104 [NotificationTrackingId] Local [NotificationSource]."
"18-08-2026 14:33:49","2416","Information","Microsoft-Windows-PushNotifications-Platform","A local notification was received from MSTeams_8wekyb3d8bbwe!MSTeams [AppUserModelId] with a 0 [NotificationId] through an application endpoint."
"18-08-2026 14:33:49","3053","Information","Microsoft-Windows-PushNotifications-Platform","badge with notification tracking id 8103 is being delivered to MSTeams_8wekyb3d8bbwe!MSTeams."
"18-08-2026 14:33:49","2418","Information","Microsoft-Windows-PushNotifications-Platform","A local notification was submitted to threadpool: MSTeams_8wekyb3d8bbwe!MSTeams [AppUserModelId] badge [NotificationType] 8103 [NotificationTrackingId] Local [NotificationSource]."
"18-08-2026 14:33:49","2416","Information","Microsoft-Windows-PushNotifications-Platform","A local notification was received from MSTeams_8wekyb3d8bbwe!MSTeams [AppUserModelId] with a 0 [NotificationId] through an application endpoint."
"18-08-2026 14:33:43","3053","Information","Microsoft-Windows-PushNotifications-Platform","badge with notification tracking id 8102 is being delivered to MSTeams_8wekyb3d8bbwe!MSTeams."
"18-08-2026 14:33:43","2418","Information","Microsoft-Windows-PushNotifications-Platform","A local notification was submitted to threadpool: MSTeams_8wekyb3d8bbwe!MSTeams [AppUserModelId] badge [NotificationType] 8102 [NotificationTrackingId] Local [NotificationSource]."
"18-08-2026 14:33:43","2416","Information","Microsoft-Windows-PushNotifications-Platform","A local notification was received from MSTeams_8wekyb3d8bbwe!MSTeams [AppUserModelId] with a 0 [NotificationId] through an application endpoint."
"18-08-2026 14:33:43","3053","Information","Microsoft-Windows-PushNotifications-Platform","badge with notification tracking id 8101 is being delivered to MSTeams_8wekyb3d8bbwe!MSTeams."
"18-08-2026 14:33:43","2418","Information","Microsoft-Windows-PushNotifications-Platform","A local notification was submitted to threadpool: MSTeams_8wekyb3d8bbwe!MSTeams [AppUserModelId] badge [NotificationType] 8101 [NotificationTrackingId] Local [NotificationSource]."
"18-08-2026 14:33:43","2416","Information","Microsoft-Windows-PushNotifications-Platform","A local notification was received from MSTeams_8wekyb3d8bbwe!MSTeams [AppUserModelId] with a 0 [NotificationId] through an application endpoint."
"18-08-2026 14:32:27","42","Information","Microsoft-Windows-PushNotifications-Platform","Cloud Notifications must be enabled in GP and MDM to receive push notifications. GroupPolicyValue: true, MDMPolicyValue: true."
"18-08-2026 14:32:26","2413","Information","Microsoft-Windows-PushNotifications-Platform","An application was registered with the following parameters: Microsoft.SkyDrive.Desktop [PackageFullName] Microsoft.SkyDrive.Desktop [AppUserModelId] 0xD00 [Settings] 536870912 [AppType] The operation completed successfully. [ErrorCode]."
"18-08-2026 14:32:26","3056","Information","Microsoft-Windows-PushNotifications-Platform","Badge Notification are being cleared for Microsoft.SkyDrive.Desktop - informed session 2."
"18-08-2026 14:32:26","2415","Information","Microsoft-Windows-PushNotifications-Platform","An application was unregistered with the following parameters: Microsoft.SkyDrive.Desktop [AppUserModelId] The operation completed successfully. [ErrorCode]"
"18-08-2026 14:32:26","3055","Information","Microsoft-Windows-PushNotifications-Platform","Some toast notifications have been cleared - informed session 1."
"18-08-2026 14:32:18","1005","Information","Microsoft-Windows-PushNotifications-Platform","The Connection Provider status changed to Connected."
"18-08-2026 14:32:18","1264","Information","Microsoft-Windows-PushNotifications-Platform","Adding new user to the Windows Push Notification Service completed. 001880174DE6F7FE [DeviceId] 17056889 [UserId] 0x0 [ErrorCode]."
"18-08-2026 14:32:18","1268","Verbose","Microsoft-Windows-PushNotifications-Platform","WNP Transport Layer received command: BND, Trid: 5, Namespace: CON, CV: xwChefcwBESL6GZS.5.0 containing 134 bytes of payload only. However, full payload including header is: 0x424E44203520434F4E003133340D0A436F6E746578743A20343134616263646231306332323330640D0A4D532D43563A2078774368656663774245534C36475A532E352E300D0A0D0A3C776E732D726573706F6E73653E3C7665723E313C2F7665723E3C6E6F6E63653E31393537363132353631313139383237363236313C2F6E6F6E63653E. IsLongRunning: Data Connection."
"18-08-2026 14:32:18","1225","Verbose","Microsoft-Windows-PushNotifications-Platform","WNP Transport Layer received command: BND, Trid: 5, Namespace: CON, CV: xwChefcwBESL6GZS.5.0 containing 134 bytes of payload: 0x436F6E746578743A20343134616263646231306332323330640D0A4D532D43563A2078774368656663774245534C36475A532E352E300D0A0D0A3C776E732D726573706F6E73653E3C7665723E313C2F7665723E3C6E6F6E63653E31393537363132353631313139383237363236313C2F6E6F6E63653E3C2F776E732D726573706F6E73653E. IsLongRunning: Data Connection."
"18-08-2026 14:32:18","1268","Verbose","Microsoft-Windows-PushNotifications-Platform","WNP Transport Layer received command: PUT, Trid: 4, Namespace: WNS, CV: xwChefcwBESL6GZS.4.0 containing 58 bytes of payload only. However, full payload including header is: 0x505554203420574E530035380D0A436F6E746578743A20353266333137303264396364386332300D0A4D532D43563A2078774368656663774245. IsLongRunning: Data Connection."
"18-08-2026 14:32:18","1225","Verbose","Microsoft-Windows-PushNotifications-Platform","WNP Transport Layer received command: PUT, Trid: 4, Namespace: WNS, CV: xwChefcwBESL6GZS.4.0 containing 58 bytes of payload: 0x436F6E746578743A20353266333137303264396364386332300D0A4D532D43563A2078774368656663774245534C36475A532E342E300D0A0D0A. IsLongRunning: Data Connection."
"18-08-2026 14:32:18","1267","Verbose","Microsoft-Windows-PushNotifications-Platform","WNP Transport Layer sent command: BND, Trid: 5, Namespace: CON\WNS 1044479, CV: xwChefcwBESL6GZS.5 containing 239 bytes of payload only. However, full payload including header is: 0x424E44203520434F4E5C574E532031303434343739203231320D0A4D532D43563A2078774368656663774245534C36475A532E350D0A436F6E746578743A20343134616263646231306332323330640D0A0D0A3C776E733E3C7665723E313C2F7665723E3C636C69656E743E3C6E616D653E57504E3C2F6E616D653E3C7665723E312E303C2F7665723E3C2F636C69656E743E3C6F7074696F6E733E3C7077726D6F6465206D6F64653D2230223E3C2F7077726D6F64653E3C2F6F7074696F6E733E3C6C6173744D736749643E333734373866363634373365393164373C2F6C6173744D736749643E3C2F776E733E. IsLongRunning: Data Connection."
"18-08-2026 14:32:18","1223","Verbose","Microsoft-Windows-PushNotifications-Platform","WNP Transport Layer sent command: BND, Trid: 5, Namespace: CON\WNS 1044479, CV: xwChefcwBESL6GZS.5 containing 185 bytes of payload: 0x436F6E746578743A20343134616263646231306332323330640D0A0D0A3C776E733E3C7665723E313C2F7665723E3C636C69656E743E3C6E616D653E57504E3C2F6E616D653E3C7665723E312E303C2F7665723E3C2F636C69656E743E3C6F7074696F6E733E3C7077726D6F6465206D6F64653D2230223E3C2F7077726D6F64653E3C2F6F7074696F6E733E3C6C6173744D736749643E333734373866363634373365393164373C2F6C6173744D736749643E3C2F776E733E. IsLongRunning: Data Connection."
"18-08-2026 14:32:18","1267","Verbose","Microsoft-Windows-PushNotifications-Platform","WNP Transport Layer sent command: PUT, Trid: 4, Namespace: WNS\CHALLENGE 0, CV: xwChefcwBESL6GZS.4 containing 190 bytes of payload only. However, full payload including header is: 0x505554203420574E535C4348414C4C454E47452030203136330D0A4D532D43563A2078774368656663774245534C36475A532E340D0A436F6E746578743A20353266333137303264396364386332300D0A0D0A3C6368616C6C656E67653E3C61707049643E50524F443031323050572143435639403C2F61707049643E3C726573706F6E73653E30393165333564363064383465303763313365326135353339643164326530323C2F726573706F6E73653E3C2F6368616C6C656E67653E. IsLongRunning: Data Connection."
"18-08-2026 14:32:18","1223","Verbose","Microsoft-Windows-PushNotifications-Platform","WNP Transport Layer sent command: PUT, Trid: 4, Namespace: WNS\CHALLENGE 0, CV: xwChefcwBESL6GZS.4 containing 136 bytes of payload: 0x436F6E746578743A20353266333137303264396364386332300D0A0D0A3C6368616C6C656E67653E3C61707049643E50524F443031323050572143435639403C2F61707049643E3C726573706F6E73653E30393165333564363064383465303763313365326135353339643164326530323C2F726573706F6E73653E3C2F6368616C6C656E67653E. IsLongRunning: Data Connection."
"18-08-2026 14:32:18","1005","Information","Microsoft-Windows-PushNotifications-Platform","The Connection Provider status changed to Connected."
"18-08-2026 14:32:18","1264","Information","Microsoft-Windows-PushNotifications-Platform","Adding new user to the Windows Push Notification Service completed. 001880174DE6F7FE [DeviceId] 0 [UserId] 0x0 [ErrorCode]."
"18-08-2026 14:32:18","1268","Verbose","Microsoft-Windows-PushNotifications-Platform","WNP Transport Layer received command: BND, Trid: 3, Namespace: CON, CV: xwChefcwBESL6GZS.3.0 containing 134 bytes of payload only. However, full payload including header is: 0x424E44203320434F4E003133340D0A436F6E746578743A20643636386630396333313735383966360D0A4D532D43563A2078774368656663774245534C36475A532E332E300D0A0D0A3C776E732D726573706F6E73653E3C7665723E313C2F7665723E3C6E6F6E63653E31373231353636373132313238383631313237393C2F6E6F6E63653E. IsLongRunning: Data Connection."
"18-08-2026 14:32:18","1225","Verbose","Microsoft-Windows-PushNotifications-Platform","WNP Transport Layer received command: BND, Trid: 3, Namespace: CON, CV: xwChefcwBESL6GZS.3.0 containing 134 bytes of payload: 0x436F6E746578743A20643636386630396333313735383966360D0A4D532D43563A2078774368656663774245534C36475A532E332E300D0A0D0A3C776E732D726573706F6E73653E3C7665723E313C2F7665723E3C6E6F6E63653E31373231353636373132313238383631313237393C2F6E6F6E63653E3C2F776E732D726573706F6E73653E. IsLongRunning: Data Connection."
"18-08-2026 14:32:18","1268","Verbose","Microsoft-Windows-PushNotifications-Platform","WNP Transport Layer received command: ATH, Trid: 2, Namespace: CON, CV: xwChefcwBESL6GZS.2.0 containing 58 bytes of payload only. However, full payload including header is: 0x415448203220434F4E0035380D0A436F6E746578743A20643636386630396333313735383966360D0A4D532D43563A2078774368656663774245. IsLongRunning: Data Connection."
"18-08-2026 14:32:18","1225","Verbose","Microsoft-Windows-PushNotifications-Platform","WNP Transport Layer received command: ATH, Trid: 2, Namespace: CON, CV: xwChefcwBESL6GZS.2.0 containing 58 bytes of payload: 0x436F6E746578743A20643636386630396333313735383966360D0A4D532D43563A2078774368656663774245534C36475A532E322E300D0A0D0A. IsLongRunning: Data Connection."
"18-08-2026 14:32:18","1268","Verbose","Microsoft-Windows-PushNotifications-Platform","WNP Transport Layer received command: CNT, Trid: 1, Namespace: CON, CV: xwChefcwBESL6GZS.1.0 containing 236 bytes of payload only. However, full payload including header is: 0x434E54203120434F4E003233360D0A436F6E746578743A20643636386630396333313735383966360D0A4D532D43563A2078774368656663774245534C36475A532E312E300D0A0D0A3C636F6E6E6563742D726573706F6E73653E3C7665723E313C2F7665723E3C73657373696F6E3E3C69643E4D7470312E3334382F33343337323330302E66343832633937302D313131312D643034382D623961322D6432336132643964376166653C2F69643E3C74696D656F75743E323030303C2F74696D656F75743E3C2F73657373696F6E3E3C716F73746573743E66616C73653C2F716F73746573743E3C2F636F. IsLongRunning: Data Connection."
"18-08-2026 14:32:18","1225","Verbose","Microsoft-Windows-PushNotifications-Platform","WNP Transport Layer received command: CNT, Trid: 1, Namespace: CON, CV: xwChefcwBESL6GZS.1.0 containing 236 bytes of payload: 0x436F6E746578743A20643636386630396333313735383966360D0A4D532D43563A2078774368656663774245534C36475A532E312E300D0A0D0A3C636F6E6E6563742D726573706F6E73653E3C7665723E313C2F7665723E3C73657373696F6E3E3C69643E4D7470312E3334382F33343337323330302E66343832633937302D313131312D643034382D623961322D6432336132643964376166653C2F69643E3C74696D656F75743E323030303C2F74696D656F75743E3C2F73657373696F6E3E3C716F73746573743E66616C73653C2F716F73746573743E3C2F636F6E6E6563742D726573706F6E73653E. IsLongRunning: Data Connection."
"18-08-2026 14:32:18","1267","Verbose","Microsoft-Windows-PushNotifications-Platform","WNP Transport Layer sent command: BND, Trid: 3, Namespace: CON\WNS 0, CV: xwChefcwBESL6GZS.3 containing 233 bytes of payload only. However, full payload including header is: 0x424E44203320434F4E5C574E532030203231320D0A4D532D43563A2078774368656663774245534C36475A532E330D0A436F6E746578743A20643636386630396333313735383966360D0A0D0A3C776E733E3C7665723E313C2F7665723E3C636C69656E743E3C6E616D653E57504E3C2F6E616D653E3C7665723E312E303C2F7665723E3C2F636C69656E743E3C6F7074696F6E733E3C7077726D6F6465206D6F64653D2230223E3C2F7077726D6F64653E3C2F6F7074696F6E733E3C6C6173744D736749643E363434336438383934666563393937333C2F6C6173744D736749643E3C2F776E733E. IsLongRunning: Data Connection."
"18-08-2026 14:32:18","1223","Verbose","Microsoft-Windows-PushNotifications-Platform","WNP Transport Layer sent command: BND, Trid: 3, Namespace: CON\WNS 0, CV: xwChefcwBESL6GZS.3 containing 185 bytes of payload: 0x436F6E746578743A20643636386630396333313735383966360D0A0D0A3C776E733E3C7665723E313C2F7665723E3C636C69656E743E3C6E616D653E57504E3C2F6E616D653E3C7665723E312E303C2F7665723E3C2F636C69656E743E3C6F7074696F6E733E3C7077726D6F6465206D6F64653D2230223E3C2F7077726D6F64653E3C2F6F7074696F6E733E3C6C6173744D736749643E363434336438383934666563393937333C2F6C6173744D736749643E3C2F776E733E. IsLongRunning: Data Connection."
"18-08-2026 14:32:18","1267","Verbose","Microsoft-Windows-PushNotifications-Platform","WNP Transport Layer sent command: ATH, Trid: 2, Namespace: CON\DEVICE, CV: xwChefcwBESL6GZS.2 containing 1384 bytes of payload only. However, full payload including header is: 0x415448203220434F4E5C44455649434520313336310D0A4D532D43563A2078774368656663774245534C36475A532E320D0A436F6E746578743A20643636386630396333313735383966360D0A0D0A3C6465766963653E3C636F6D706163742D7469636B65743E743D45774359412B704942414155316244476664617A69446658706A4E354E36635968543177626D5141415148745A546578654276376D6C717774457A35302B5A324A753849476649695A6171456A4936795257476C544E475930512B32373538426D317A546374744B71653262565954626A436F68484A48634E6976302B4D3739504E35763949384753726D4A626C584D4F4F4E722F6F784C49672F56517575634F72763666786B6F552F67593543654A4A7251615246674949756A3945664E32374E6634457464357932596B7678595A7243787A6B7A424B576950627A4934426B4A453754654D694B3752353835347041666E6B743077365461584761686A30322F334174783163646B794853706664425152694676477A494E744A7767312F765473354F776B344844435574565353647155554C536352627142534144593034324B595076774A684977347054676849704E6538666C496648656F673954756D507A32766F374F6D4734477849674D304E575A73464A4E31425534665A55515A674141454A684D64416A634C31667576583149752F4C3033567467416E63377273477054575175727258336C6B5051323649443654444C4F42524F3068356E5A724171336A62597772306E39504B6937466F2F6E30352F794E4B6E742B365066787537492F4F39516F564B4C472B48366375686D46753134744F454B4B4F796951622B42597957736F634249766E43357962474670454E55497A444B6343596A3278702B70614A31423937305869664848756D636779643768353876515A4836575336787674727955753732707861654176364169786D307A55616571394158733332662F7861704C475948694F36564349464A67566E7A5973676F66704B2F61532F4A43595A523276427461615A7658586163613571576E5A36474F6D4B696452374E634776782B3737694C4F3467666146516C73314C516A684A4F72482F56336B476D49393274666C464748342F4D652F4C5072314E453366766554754C574D6E473733755973516C39515473303178737458434537325234634B433369622B784732494F6F737077703837303075584D6938716E446A42645852564454594C432F4A3655306E4B4F2B71716A734E544C6E4D4A517A3536706E66525A414F4959714C654F39716E77357862386E4D313466667061496A61627277702F4F577A6178794E742B4234417745616C707A4F71655A55537162674C4F69664637786975632B56474D51325833772F6D4646765537553847562F6D65304874623053424E774C71744B632F616A715A63346D73746C745068683279427534317442636E7247334A4A796B5379774E6B527A677A535A6D76536949577573663652376931616837316258544F6133654A516A6863534E69427675666C4E664C3764683938374C716E48303648454177785754477A59597855754F7A7A4333344E52727631326C783754363643345172513547726D7A58526B71454E342B6553343945684C685743767375446B6F6F4B3243334976625355706765435645413567764B4A4532502F435031596455736669374275524C694D794A69616D74376E765A764B593575456543784D75766B45794D30417A30765242316653423635316474485268386D476D6233726A39684B48736338494E7844304445485A50766C697A5A2B624D2B4435726B77493D3C2F636F6D706163742D7469636B65743E3C69643E303031383830313734444536463746453C2F69643E3C2F6465766963653E. IsLongRunning: Data Connection."
