"23-05-2026 11:01:37","327","Verbose","Microsoft-Windows-AppXDeployment","The following packages will be installed: Microsoft.Windows.NarratorQuickStart_10.0.26100.1_neutral_neutral_8wekyb3d8bbwe AdobeAcrobatReaderCoreApp_26.0.0.1_x64__pc75e8sa7ep4e aimgr_0.20.47.0_x64__8wekyb3d8bbwe AppUp.IntelArcSoftware_26.14.2306.0_x64__8j3eq9eme6ctt AppUp.IntelGraphicsExperience_1.100.5688.0_neutral_~_8j3eq9eme6ctt AppUp.IntelManagementandSecurityStatus_2537.8.7.0_neutral_~_8j3eq9eme6ctt AppUp.IntelOptaneMemoryandStorageManagement_20.0.1024.0_neutral_~_8j3eq9eme6ctt Clipchamp.Clipchamp_4.5.10620.0_neutral_~_yxz26nhyzhsrt Microsoft.ApplicationCompatibilityEnhancements_1.2511.9.0_neutral_~_8wekyb3d8bbwe Microsoft.AV1VideoExtension_2.0.7.0_neutral_~_8wekyb3d8bbwe Microsoft.AVCEncoderVideoExtension_1.1.23.0_neutral_~_8wekyb3d8bbwe Microsoft.DesktopAppInstaller_2026.409.2145.0_neutral_~_8wekyb3d8bbwe Microsoft.HEIFImageExtension_1.2.30.0_neutral_~_8wekyb3d8bbwe Microsoft.HEVCVideoExtension_2.4.43.0_neutral_~_8wekyb3d8bbwe Microsoft.M365Companions_2.2511.25000.0_x64__8wekyb3d8bbwe Microsoft.MicrosoftEdge.Stable_148.0.3967.70_neutral__8wekyb3d8bbwe Microsoft.MicrosoftOfficeHub_2026.519.1401.0_neutral_~_8wekyb3d8bbwe Microsoft.MicrosoftStickyNotes_6.1.4.0_neutral_~_8wekyb3d8bbwe Microsoft.MPEG2VideoExtension_1.2.13.0_neutral_~_8wekyb3d8bbwe Microsoft.Office.ActionsServer_16.0.19929.20172_neutral__8wekyb3d8bbwe Microsoft.OfficePushNotificationUtility_16.0.19929.20172_neutral__8wekyb3d8bbwe Microsoft.OneDriveSync_26078.426.2.0_neutral__8wekyb3d8bbwe Microsoft.OutlookForWindows_1.2025.1111.100_x64__8wekyb3d8bbwe Microsoft.Paint_11.2601.441.0_neutral_~_8wekyb3d8bbwe Microsoft.People_2021.2202.100.0_neutral_~_8wekyb3d8bbwe Microsoft.PowerAutomateDesktop_11.2605.237.0_neutral_~_8wekyb3d8bbwe Microsoft.RawImageExtension_2.5.7.0_neutral_~_8wekyb3d8bbwe Microsoft.ScreenSketch_2022.2602.47.0_neutral_~_8wekyb3d8bbwe Microsoft.SecHealthUI_1000.29554.1001.0_x64__8wekyb3d8bbwe Microsoft.StorePurchaseApp_22603.1401.2.0_neutral_~_8wekyb3d8bbwe Microsoft.Todos_2.175.6901.0_neutral_~_8wekyb3d8bbwe Microsoft.VCLibs.140.00_14.0.30704.0_x64__8wekyb3d8bbwe Microsoft.VisualStudioCode_1.0.116.0_neutral__8wekyb3d8bbwe Microsoft.VP9VideoExtensions_1.2.13.0_neutral_~_8wekyb3d8bbwe Microsoft.WebMediaExtensions_2.1.26.0_neutral_~_8wekyb3d8bbwe Microsoft.WebpImageExtension_1.2.14.0_neutral_~_8wekyb3d8bbwe Microsoft.Windows.DevHome_2024.401.618.0_neutral_~_8wekyb3d8bbwe Microsoft.Windows.Photos_2026.11020.20001.0_neutral_~_8wekyb3d8bbwe Microsoft.WindowsAlarms_2021.2512.0.0_neutral_~_8wekyb3d8bbwe Microsoft.WindowsCalculator_2021.2508.4.0_neutral_~_8wekyb3d8bbwe Microsoft.WindowsCamera_2022.2510.2.0_neutral_~_8wekyb3d8bbwe Microsoft.WindowsNotepad_11.2512.29.0_neutral_~_8wekyb3d8bbwe Microsoft.WindowsSoundRecorder_2021.2512.0.0_neutral_~_8wekyb3d8bbwe Microsoft.WindowsStore_22604.1401.6.0_neutral_~_8wekyb3d8bbwe Microsoft.WindowsTerminal_3001.24.11321.0_neutral_~_8wekyb3d8bbwe MicrosoftCorporationII.QuickAssist_2026.219.226.0_neutral_~_8wekyb3d8bbwe MicrosoftCorporationII.WinAppRuntime.Main.1.8_8000.836.2153.0_x64__8wekyb3d8bbwe MicrosoftWindows.Client.WebExperience_526.1202.40.0_neutral_~_cw5n1h2txyewy MicrosoftWindows.CrossDevice_1.26032.83.0_neutral_~_cw5n1h2txyewy MSTeams_26106.1906.4665.7308_x64__8wekyb3d8bbwe . The following packages will be removed: NULL"
"23-05-2026 11:01:37","326","Verbose","Microsoft-Windows-AppXDeployment","Determining packages to be installed during logon for user: S-1-5-21-3608031908-443761264-1593342945-1000."
"23-05-2026 10:54:31","327","Verbose","Microsoft-Windows-AppXDeployment","The following packages will be installed: Microsoft.Windows.NarratorQuickStart_10.0.26100.1_neutral_neutral_8wekyb3d8bbwe AdobeAcrobatReaderCoreApp_26.0.0.1_x64__pc75e8sa7ep4e aimgr_0.20.47.0_x64__8wekyb3d8bbwe AppUp.IntelArcSoftware_26.14.2306.0_x64__8j3eq9eme6ctt AppUp.IntelGraphicsExperience_1.100.5688.0_neutral_~_8j3eq9eme6ctt AppUp.IntelManagementandSecurityStatus_2537.8.7.0_neutral_~_8j3eq9eme6ctt AppUp.IntelOptaneMemoryandStorageManagement_20.0.1024.0_neutral_~_8j3eq9eme6ctt Clipchamp.Clipchamp_4.5.10620.0_neutral_~_yxz26nhyzhsrt Microsoft.ApplicationCompatibilityEnhancements_1.2511.9.0_neutral_~_8wekyb3d8bbwe Microsoft.AV1VideoExtension_2.0.7.0_neutral_~_8wekyb3d8bbwe Microsoft.AVCEncoderVideoExtension_1.1.23.0_neutral_~_8wekyb3d8bbwe Microsoft.DesktopAppInstaller_2026.409.2145.0_neutral_~_8wekyb3d8bbwe Microsoft.HEIFImageExtension_1.2.30.0_neutral_~_8wekyb3d8bbwe Microsoft.HEVCVideoExtension_2.4.43.0_neutral_~_8wekyb3d8bbwe Microsoft.M365Companions_2.2511.25000.0_x64__8wekyb3d8bbwe Microsoft.MicrosoftEdge.Stable_148.0.3967.70_neutral__8wekyb3d8bbwe Microsoft.MicrosoftOfficeHub_2026.519.1401.0_neutral_~_8wekyb3d8bbwe Microsoft.MicrosoftStickyNotes_6.1.4.0_neutral_~_8wekyb3d8bbwe Microsoft.MPEG2VideoExtension_1.2.13.0_neutral_~_8wekyb3d8bbwe Microsoft.Office.ActionsServer_16.0.19929.20172_neutral__8wekyb3d8bbwe Microsoft.OfficePushNotificationUtility_16.0.19929.20172_neutral__8wekyb3d8bbwe Microsoft.OneDriveSync_26078.426.2.0_neutral__8wekyb3d8bbwe Microsoft.OutlookForWindows_1.2025.1111.100_x64__8wekyb3d8bbwe Microsoft.Paint_11.2601.441.0_neutral_~_8wekyb3d8bbwe Microsoft.People_2021.2202.100.0_neutral_~_8wekyb3d8bbwe Microsoft.PowerAutomateDesktop_11.2605.237.0_neutral_~_8wekyb3d8bbwe Microsoft.RawImageExtension_2.5.7.0_neutral_~_8wekyb3d8bbwe Microsoft.ScreenSketch_2022.2602.47.0_neutral_~_8wekyb3d8bbwe Microsoft.SecHealthUI_1000.29554.1001.0_x64__8wekyb3d8bbwe Microsoft.StorePurchaseApp_22603.1401.2.0_neutral_~_8wekyb3d8bbwe Microsoft.Todos_2.175.6901.0_neutral_~_8wekyb3d8bbwe Microsoft.VCLibs.140.00_14.0.30704.0_x64__8wekyb3d8bbwe Microsoft.VisualStudioCode_1.0.116.0_neutral__8wekyb3d8bbwe Microsoft.VP9VideoExtensions_1.2.13.0_neutral_~_8wekyb3d8bbwe Microsoft.WebMediaExtensions_2.1.26.0_neutral_~_8wekyb3d8bbwe Microsoft.WebpImageExtension_1.2.14.0_neutral_~_8wekyb3d8bbwe Microsoft.Windows.DevHome_2024.401.618.0_neutral_~_8wekyb3d8bbwe Microsoft.Windows.Photos_2026.11020.20001.0_neutral_~_8wekyb3d8bbwe Microsoft.WindowsAlarms_2021.2512.0.0_neutral_~_8wekyb3d8bbwe Microsoft.WindowsCalculator_2021.2508.4.0_neutral_~_8wekyb3d8bbwe Microsoft.WindowsCamera_2022.2510.2.0_neutral_~_8wekyb3d8bbwe Microsoft.WindowsNotepad_11.2512.29.0_neutral_~_8wekyb3d8bbwe Microsoft.WindowsSoundRecorder_2021.2512.0.0_neutral_~_8wekyb3d8bbwe Microsoft.WindowsStore_22604.1401.6.0_neutral_~_8wekyb3d8bbwe Microsoft.WindowsTerminal_3001.24.11321.0_neutral_~_8wekyb3d8bbwe MicrosoftCorporationII.QuickAssist_2026.219.226.0_neutral_~_8wekyb3d8bbwe MicrosoftCorporationII.WinAppRuntime.Main.1.8_8000.836.2153.0_x64__8wekyb3d8bbwe MicrosoftWindows.Client.WebExperience_526.1202.40.0_neutral_~_cw5n1h2txyewy MicrosoftWindows.CrossDevice_1.26032.83.0_neutral_~_cw5n1h2txyewy MSTeams_26106.1906.4665.7308_x64__8wekyb3d8bbwe . The following packages will be removed: NULL"
"23-05-2026 10:54:30","326","Verbose","Microsoft-Windows-AppXDeployment","Determining packages to be installed during logon for user: S-1-5-21-3608031908-443761264-1593342945-1000."
"23-05-2026 10:51:55","327","Verbose","Microsoft-Windows-AppXDeployment","The following packages will be installed: Microsoft.Windows.NarratorQuickStart_10.0.26100.1_neutral_neutral_8wekyb3d8bbwe AdobeAcrobatReaderCoreApp_26.0.0.1_x64__pc75e8sa7ep4e aimgr_0.20.47.0_x64__8wekyb3d8bbwe AppUp.IntelGraphicsExperience_1.100.5688.0_neutral_~_8j3eq9eme6ctt AppUp.IntelManagementandSecurityStatus_2537.8.7.0_neutral_~_8j3eq9eme6ctt AppUp.IntelOptaneMemoryandStorageManagement_20.0.1024.0_neutral_~_8j3eq9eme6ctt Clipchamp.Clipchamp_4.5.10620.0_neutral_~_yxz26nhyzhsrt Microsoft.ApplicationCompatibilityEnhancements_1.2511.9.0_neutral_~_8wekyb3d8bbwe Microsoft.AV1VideoExtension_2.0.7.0_neutral_~_8wekyb3d8bbwe Microsoft.AVCEncoderVideoExtension_1.1.23.0_neutral_~_8wekyb3d8bbwe Microsoft.DesktopAppInstaller_2026.409.2145.0_neutral_~_8wekyb3d8bbwe Microsoft.HEIFImageExtension_1.2.30.0_neutral_~_8wekyb3d8bbwe Microsoft.HEVCVideoExtension_2.4.43.0_neutral_~_8wekyb3d8bbwe Microsoft.M365Companions_2.2511.25000.0_x64__8wekyb3d8bbwe Microsoft.MicrosoftEdge.Stable_148.0.3967.70_neutral__8wekyb3d8bbwe Microsoft.MicrosoftOfficeHub_2026.519.1401.0_neutral_~_8wekyb3d8bbwe Microsoft.MicrosoftStickyNotes_6.1.4.0_neutral_~_8wekyb3d8bbwe Microsoft.MPEG2VideoExtension_1.2.13.0_neutral_~_8wekyb3d8bbwe Microsoft.Office.ActionsServer_16.0.19929.20172_neutral__8wekyb3d8bbwe Microsoft.OfficePushNotificationUtility_16.0.19929.20172_neutral__8wekyb3d8bbwe Microsoft.OneDriveSync_26078.426.2.0_neutral__8wekyb3d8bbwe Microsoft.OutlookForWindows_1.2025.1111.100_x64__8wekyb3d8bbwe Microsoft.Paint_11.2601.441.0_neutral_~_8wekyb3d8bbwe Microsoft.People_2021.2202.100.0_neutral_~_8wekyb3d8bbwe Microsoft.PowerAutomateDesktop_11.2605.237.0_neutral_~_8wekyb3d8bbwe Microsoft.RawImageExtension_2.5.7.0_neutral_~_8wekyb3d8bbwe Microsoft.ScreenSketch_2022.2602.47.0_neutral_~_8wekyb3d8bbwe Microsoft.SecHealthUI_1000.29554.1001.0_x64__8wekyb3d8bbwe Microsoft.StorePurchaseApp_22603.1401.2.0_neutral_~_8wekyb3d8bbwe Microsoft.Todos_2.175.6901.0_neutral_~_8wekyb3d8bbwe Microsoft.VCLibs.140.00_14.0.30704.0_x64__8wekyb3d8bbwe Microsoft.VisualStudioCode_1.0.116.0_neutral__8wekyb3d8bbwe Microsoft.VP9VideoExtensions_1.2.13.0_neutral_~_8wekyb3d8bbwe Microsoft.WebMediaExtensions_2.1.26.0_neutral_~_8wekyb3d8bbwe Microsoft.WebpImageExtension_1.2.14.0_neutral_~_8wekyb3d8bbwe Microsoft.Windows.DevHome_2024.401.618.0_neutral_~_8wekyb3d8bbwe Microsoft.Windows.Photos_2026.11020.20001.0_neutral_~_8wekyb3d8bbwe Microsoft.WindowsAlarms_2021.2512.0.0_neutral_~_8wekyb3d8bbwe Microsoft.WindowsCalculator_2021.2508.4.0_neutral_~_8wekyb3d8bbwe Microsoft.WindowsCamera_2022.2510.2.0_neutral_~_8wekyb3d8bbwe Microsoft.WindowsNotepad_11.2512.29.0_neutral_~_8wekyb3d8bbwe Microsoft.WindowsSoundRecorder_2021.2512.0.0_neutral_~_8wekyb3d8bbwe Microsoft.WindowsStore_22604.1401.6.0_neutral_~_8wekyb3d8bbwe Microsoft.WindowsTerminal_3001.24.11321.0_neutral_~_8wekyb3d8bbwe MicrosoftCorporationII.QuickAssist_2026.219.226.0_neutral_~_8wekyb3d8bbwe MicrosoftCorporationII.WinAppRuntime.Main.1.8_8000.836.2153.0_x64__8wekyb3d8bbwe MicrosoftWindows.Client.WebExperience_526.1202.40.0_neutral_~_cw5n1h2txyewy MicrosoftWindows.CrossDevice_1.26032.83.0_neutral_~_cw5n1h2txyewy MSTeams_26106.1906.4665.7308_x64__8wekyb3d8bbwe . The following packages will be removed: NULL"
"23-05-2026 10:51:55","326","Verbose","Microsoft-Windows-AppXDeployment","Determining packages to be installed during logon for user: S-1-5-21-3608031908-443761264-1593342945-1000."
"23-05-2026 23:08:56","327","Verbose","Microsoft-Windows-AppXDeployment","The following packages will be installed: Microsoft.Windows.CloudExperienceHost_10.0.26100.1_neutral_neutral_cw5n1h2txyewy Microsoft.BioEnrollment_10.0.19587.1000_neutral__cw5n1h2txyewy Microsoft.AAD.BrokerPlugin_1000.19580.1000.2_neutral_neutral_cw5n1h2txyewy Microsoft.Windows.OOBENetworkConnectionFlow_10.0.26495.1000_neutral__cw5n1h2txyewy Microsoft.Windows.OOBENetworkCaptivePortal_10.0.26495.1000_neutral__cw5n1h2txyewy MicrosoftWindows.UndockedDevKit_10.0.26100.1_neutral_neutral_cw5n1h2txyewy Microsoft.UI.Xaml.CBS_9.2602.17001.0_x64__8wekyb3d8bbwe MicrosoftWindows.Client.Core_1000.26100.86.0_x64__cw5n1h2txyewy MicrosoftWindows.Client.CBS_1000.26100.297.0_x64__cw5n1h2txyewy Microsoft.Windows.StartMenuExperienceHost_10.0.26100.4768_neutral_neutral_cw5n1h2txyewy Microsoft.Windows.ShellExperienceHost_10.0.26100.8115_neutral_neutral_cw5n1h2txyewy windows.immersivecontrolpanel_10.0.8.1000_neutral_neutral_cw5n1h2txyewy 1527c705-839a-4832-9118-54d4Bd6a0c89_10.0.19640.1000_neutral_neutral_cw5n1h2txyewy c5e2524a-ea46-4f67-841f-6a9465d9d515_10.0.26100.1_neutral_neutral_cw5n1h2txyewy E2A4F912-2574-4A75-9BB0-0D023378592B_10.0.19640.1000_neutral_neutral_cw5n1h2txyewy F46D4000-FD22-4DB4-AC8E-4E1DDDE828FE_10.0.26100.1_neutral_neutral_cw5n1h2txyewy Microsoft.AccountsControl_10.0.26100.1_neutral__cw5n1h2txyewy Microsoft.AsyncTextService_10.0.26100.1_neutral__8wekyb3d8bbwe Microsoft.CredDialogHost_10.0.19595.1001_neutral__cw5n1h2txyewy Microsoft.ECApp_10.0.26100.8246_neutral__8wekyb3d8bbwe Microsoft.LockApp_10.0.26100.8246_neutral__cw5n1h2txyewy Microsoft.MicrosoftEdgeDevToolsClient_1000.25128.1000.0_neutral_neutral_8wekyb3d8bbwe Microsoft.Win32WebViewHost_10.0.26100.1_neutral_neutral_cw5n1h2txyewy Microsoft.Windows.AppRep.ChxApp_1000.25128.1000.0_neutral_neutral_cw5n1h2txyewy Microsoft.Windows.AssignedAccessLockApp_1000.25128.1000.0_neutral_neutral_cw5n1h2txyewy Microsoft.Windows.AugLoop.CBS_1.1126.2131.0_x64__8wekyb3d8bbwe Microsoft.Windows.CapturePicker_10.0.19580.1000_neutral__cw5n1h2txyewy Microsoft.Windows.ContentDeliveryManager_10.0.26100.1_neutral_neutral_cw5n1h2txyewy Microsoft.Windows.NarratorQuickStart_10.0.26100.1_neutral_neutral_8wekyb3d8bbwe Microsoft.Windows.ParentalControls_1000.25128.1000.0_neutral_neutral_cw5n1h2txyewy Microsoft.Windows.PeopleExperienceHost_10.0.26100.1_neutral_neutral_cw5n1h2txyewy Microsoft.Windows.PinningConfirmationDialog_1000.25140.1001.0_neutral__cw5n1h2txyewy Microsoft.Windows.PrintQueueActionCenter_1.0.2.0_neutral_neutral_cw5n1h2txyewy Microsoft.Windows.SecureAssessmentBrowser_10.0.26100.1_neutral_neutral_cw5n1h2txyewy Microsoft.Windows.XGpuEjectDialog_10.0.26100.1_neutral_neutral_cw5n1h2txyewy Microsoft.WindowsAppRuntime.CBS.1.6_6000.708.357.100_x64__8wekyb3d8bbwe Microsoft.WindowsAppRuntime.CBS.1.8_8000.715.1812.100_x64__8wekyb3d8bbwe Microsoft.XboxGameCallableUI_1000.25128.1000.0_neutral_neutral_cw5n1h2txyewy MicrosoftWindows.60719890.Voiess_1000.26100.8115.0_x64__cw5n1h2txyewy MicrosoftWindows.60719895.Livtop_1000.26100.8115.0_x64__cw5n1h2txyewy MicrosoftWindows.60719896.Speion_1000.26100.8115.0_x64__cw5n1h2txyewy MicrosoftWindows.60719898.InpApp_1000.26100.8115.0_x64__cw5n1h2txyewy MicrosoftWindows.Client.CoreAI_1000.26100.8246.0_x64__cw5n1h2txyewy MicrosoftWindows.Client.FileExp_1000.26100.4.0_x64__cw5n1h2txyewy MicrosoftWindows.Client.OOBE_1000.26100.40.0_x64__cw5n1h2txyewy MicrosoftWindows.Client.Photon_1000.26100.10.0_x64__cw5n1h2txyewy Windows.CBSPreview_10.0.19580.1000_neutral_neutral_cw5n1h2txyewy Windows.PrintDialog_6.2.3.0_neutral_neutral_cw5n1h2txyewy AdobeAcrobatReaderCoreApp_26.0.0.1_x64__pc75e8sa7ep4e aimgr_0.20.47.0_x64__8wekyb3d8bbwe AppUp.IntelGraphicsExperience_1.100.5688.0_neutral_~_8j3eq9eme6ctt AppUp.IntelManagementandSecurityStatus_2537.8.7.0_neutral_~_8j3eq9eme6ctt AppUp.IntelOptaneMemoryandStorageManagement_20.0.1024.0_neutral_~_8j3eq9eme6ctt Clipchamp.Clipchamp_4.5.10620.0_neutral_~_yxz26nhyzhsrt Microsoft.ApplicationCompatibilityEnhancements_1.2511.9.0_neutral_~_8wekyb3d8bbwe Microsoft.AV1VideoExtension_2.0.7.0_neutral_~_8wekyb3d8bbwe Microsoft.AVCEncoderVideoExtension_1.1.23.0_neutral_~_8wekyb3d8bbwe Microsoft.DesktopAppInstaller_2026.409.2145.0_neutral_~_8wekyb3d8bbwe Microsoft.HEIFImageExtension_1.2.30.0_neutral_~_8wekyb3d8bbwe Microsoft.HEVCVideoExtension_2.4.43.0_neutral_~_8wekyb3d8bbwe Microsoft.M365Companions_2.2511.25000.0_x64__8wekyb3d8bbwe Microsoft.MicrosoftEdge.Stable_148.0.3967.70_neutral__8wekyb3d8bbwe Microsoft.MicrosoftOfficeHub_2026.519.1401.0_neutral_~_8wekyb3d8bbwe Microsoft.MicrosoftStickyNotes_6.1.4.0_neutral_~_8wekyb3d8bbwe Microsoft.MPEG2VideoExtension_1.2.13.0_neutral_~_8wekyb3d8bbwe Microsoft.Office.ActionsServer_16.0.19929.20172_neutral__8wekyb3d8bbwe Microsoft.OfficePushNotificationUtility_16.0.19929.20172_neutral__8wekyb3d8bbwe Microsoft.OneDriveSync_26078.426.2.0_neutral__8wekyb3d8bbwe Microsoft.OutlookForWindows_1.2025.1111.100_x64__8wekyb3d8bbwe Microsoft.Paint_11.2601.441.0_neutral_~_8wekyb3d8bbwe Microsoft.People_2021.2202.100.0_neutral_~_8wekyb3d8bbwe Microsoft.PowerAutomateDesktop_11.2605.237.0_neutral_~_8wekyb3d8bbwe Microsoft.RawImageExtension_2.5.7.0_neutral_~_8wekyb3d8bbwe Microsoft.ScreenSketch_2022.2602.47.0_neutral_~_8wekyb3d8bbwe Microsoft.SecHealthUI_1000.29554.1001.0_x64__8wekyb3d8bbwe Microsoft.StorePurchaseApp_22603.1401.2.0_neutral_~_8wekyb3d8bbwe Microsoft.Todos_2.175.6901.0_neutral_~_8wekyb3d8bbwe Microsoft.VCLibs.140.00_14.0.30704.0_x64__8wekyb3d8bbwe Microsoft.VisualStudioCode_1.0.116.0_neutral__8wekyb3d8bbwe Microsoft.VP9VideoExtensions_1.2.13.0_neutral_~_8wekyb3d8bbwe Microsoft.WebMediaExtensions_2.1.26.0_neutral_~_8wekyb3d8bbwe Microsoft.WebpImageExtension_1.2.14.0_neutral_~_8wekyb3d8bbwe Microsoft.Windows.DevHome_2024.401.618.0_neutral_~_8wekyb3d8bbwe Microsoft.Windows.Photos_2026.11020.20001.0_neutral_~_8wekyb3d8bbwe Microsoft.WindowsAlarms_2021.2512.0.0_neutral_~_8wekyb3d8bbwe Microsoft.WindowsCalculator_2021.2508.4.0_neutral_~_8wekyb3d8bbwe Microsoft.WindowsCamera_2022.2510.2.0_neutral_~_8wekyb3d8bbwe Microsoft.WindowsNotepad_11.2512.29.0_neutral_~_8wekyb3d8bbwe Microsoft.WindowsSoundRecorder_2021.2512.0.0_neutral_~_8wekyb3d8bbwe Microsoft.WindowsStore_22604.1401.6.0_neutral_~_8wekyb3d8bbwe Microsoft.WindowsTerminal_3001.24.11321.0_neutral_~_8wekyb3d8bbwe MicrosoftCorporationII.QuickAssist_2026.219.226.0_neutral_~_8wekyb3d8bbwe MicrosoftCorporationII.WinAppRuntime.Main.1.8_8000.836.2153.0_x64__8wekyb3d8bbwe MicrosoftWindows.Client.WebExperience_526.1202.40.0_neutral_~_cw5n1h2txyewy MicrosoftWindows.CrossDevice_1.26032.83.0_neutral_~_cw5n1h2txyewy MSTeams_26106.1906.4665.7308_x64__8wekyb3d8bbwe . The following packages will be removed: NULL"
"23-05-2026 23:08:56","331","Information","Microsoft-Windows-AppXDeployment","Outdated packages registered to user S-1-5-21-3608031908-443761264-1593342945-1000: None. Corresponding up-to-date packages: None"
"23-05-2026 23:08:56","326","Verbose","Microsoft-Windows-AppXDeployment","Determining packages to be installed during logon for user: S-1-5-21-3608031908-443761264-1593342945-1000."
"23-05-2026 23:08:53","329","Verbose","Microsoft-Windows-AppXDeployment","User Profile created for S-1-5-21-3608031908-443761264-1593342945-1000 with path C:\Users\defaultuser0 and type 0x0."
"23-05-2026 23:08:52","327","Verbose","Microsoft-Windows-AppXDeployment","The following packages will be installed: Microsoft.Windows.CloudExperienceHost_10.0.26100.1_neutral_neutral_cw5n1h2txyewy Microsoft.BioEnrollment_10.0.19587.1000_neutral__cw5n1h2txyewy Microsoft.AAD.BrokerPlugin_1000.19580.1000.2_neutral_neutral_cw5n1h2txyewy Microsoft.Windows.OOBENetworkConnectionFlow_10.0.26495.1000_neutral__cw5n1h2txyewy Microsoft.Windows.OOBENetworkCaptivePortal_10.0.26495.1000_neutral__cw5n1h2txyewy MicrosoftWindows.UndockedDevKit_10.0.26100.1_neutral_neutral_cw5n1h2txyewy Microsoft.UI.Xaml.CBS_9.2602.17001.0_x64__8wekyb3d8bbwe MicrosoftWindows.Client.Core_1000.26100.86.0_x64__cw5n1h2txyewy MicrosoftWindows.Client.CBS_1000.26100.297.0_x64__cw5n1h2txyewy Microsoft.Windows.StartMenuExperienceHost_10.0.26100.4768_neutral_neutral_cw5n1h2txyewy Microsoft.Windows.ShellExperienceHost_10.0.26100.8115_neutral_neutral_cw5n1h2txyewy windows.immersivecontrolpanel_10.0.8.1000_neutral_neutral_cw5n1h2txyewy adobeacrobatreadercoreapp_26.0.0.1_x64__pc75e8sa7ep4e aimgr_0.20.47.0_x64__8wekyb3d8bbwe appup.intelgraphicsexperience_1.100.5688.0_neutral_~_8j3eq9eme6ctt appup.intelmanagementandsecuritystatus_2537.8.7.0_neutral_~_8j3eq9eme6ctt appup.inteloptanememoryandstoragemanagement_20.0.1024.0_neutral_~_8j3eq9eme6ctt clipchamp.clipchamp_4.5.10620.0_neutral_~_yxz26nhyzhsrt microsoft.applicationcompatibilityenhancements_1.2511.9.0_neutral_~_8wekyb3d8bbwe microsoft.av1videoextension_2.0.7.0_neutral_~_8wekyb3d8bbwe microsoft.avcencodervideoextension_1.1.23.0_neutral_~_8wekyb3d8bbwe microsoft.desktopappinstaller_2026.409.2145.0_neutral_~_8wekyb3d8bbwe microsoft.heifimageextension_1.2.30.0_neutral_~_8wekyb3d8bbwe microsoft.hevcvideoextension_2.4.43.0_neutral_~_8wekyb3d8bbwe microsoft.ink.handwriting.en-us.1.0_0.1121.1848.0_x64__8wekyb3d8bbwe microsoft.ink.handwriting.en-us.1.0_0.1121.1848.0_x86__8wekyb3d8bbwe microsoft.m365companions_2.2511.25000.0_x64__8wekyb3d8bbwe microsoft.microsoftedge.stable_148.0.3967.70_neutral__8wekyb3d8bbwe microsoft.microsoftofficehub_2026.519.1401.0_neutral_~_8wekyb3d8bbwe microsoft.microsoftstickynotes_6.1.4.0_neutral_~_8wekyb3d8bbwe microsoft.mpeg2videoextension_1.2.13.0_neutral_~_8wekyb3d8bbwe microsoft.net.native.framework.2.2_2.2.29512.0_x64__8wekyb3d8bbwe microsoft.net.native.framework.2.2_2.2.29512.0_x86__8wekyb3d8bbwe microsoft.net.native.runtime.2.2_2.2.28604.0_x64__8wekyb3d8bbwe microsoft.net.native.runtime.2.2_2.2.28604.0_x86__8wekyb3d8bbwe microsoft.office.actionsserver_16.0.19929.20172_neutral__8wekyb3d8bbwe microsoft.officepushnotificationutility_16.0.19929.20172_neutral__8wekyb3d8bbwe microsoft.onedrivesync_26078.426.2.0_neutral__8wekyb3d8bbwe microsoft.outlookforwindows_1.2025.1111.100_x64__8wekyb3d8bbwe microsoft.paint_11.2601.441.0_neutral_~_8wekyb3d8bbwe microsoft.people_2021.2202.100.0_neutral_~_8wekyb3d8bbwe microsoft.powerautomatedesktop_11.2605.237.0_neutral_~_8wekyb3d8bbwe microsoft.rawimageextension_2.5.7.0_neutral_~_8wekyb3d8bbwe microsoft.screensketch_2022.2602.47.0_neutral_~_8wekyb3d8bbwe microsoft.sechealthui_1000.29554.1001.0_x64__8wekyb3d8bbwe microsoft.services.store.engagement_10.0.23012.0_x64__8wekyb3d8bbwe microsoft.services.store.engagement_10.0.23012.0_x86__8wekyb3d8bbwe microsoft.storepurchaseapp_22603.1401.2.0_neutral_~_8wekyb3d8bbwe microsoft.todos_2.175.6901.0_neutral_~_8wekyb3d8bbwe microsoft.ui.xaml.2.7_7.2409.9001.0_x64__8wekyb3d8bbwe microsoft.ui.xaml.2.7_7.2409.9001.0_x86__8wekyb3d8bbwe microsoft.ui.xaml.2.8_8.2501.31001.0_x86__8wekyb3d8bbwe microsoft.ui.xaml.2.8_8.2511.26001.0_x64__8wekyb3d8bbwe microsoft.vclibs.140.00.uwpdesktop_14.0.33728.0_x64__8wekyb3d8bbwe microsoft.vclibs.140.00.uwpdesktop_14.0.33728.0_x86__8wekyb3d8bbwe microsoft.vclibs.140.00_14.0.33519.0_x64__8wekyb3d8bbwe microsoft.vclibs.140.00_14.0.33519.0_x86__8wekyb3d8bbwe microsoft.visualstudiocode_1.0.116.0_neutral__8wekyb3d8bbwe microsoft.vp9videoextensions_1.2.13.0_neutral_~_8wekyb3d8bbwe microsoft.webmediaextensions_2.1.26.0_neutral_~_8wekyb3d8bbwe microsoft.webpimageextension_1.2.14.0_neutral_~_8wekyb3d8bbwe microsoft.windows.devhome_2024.401.618.0_neutral_~_8wekyb3d8bbwe microsoft.windows.photos_2026.11020.20001.0_neutral_~_8wekyb3d8bbwe microsoft.windowsalarms_2021.2512.0.0_neutral_~_8wekyb3d8bbwe microsoft.windowsappruntime.1.3_3000.934.1904.0_x64__8wekyb3d8bbwe microsoft.windowsappruntime.1.5_5001.373.1736.0_x64__8wekyb3d8bbwe microsoft.windowsappruntime.1.5_5001.373.1736.0_x86__8wekyb3d8bbwe microsoft.windowsappruntime.1.6_6000.519.329.0_x64__8wekyb3d8bbwe microsoft.windowsappruntime.1.6_6000.519.329.0_x86__8wekyb3d8bbwe microsoft.windowsappruntime.1.7_7000.785.2325.0_x64__8wekyb3d8bbwe microsoft.windowsappruntime.1.7_7000.785.2325.0_x86__8wekyb3d8bbwe microsoft.windowsappruntime.1.8_8000.859.21.0_x64__8wekyb3d8bbwe microsoft.windowsappruntime.1.8_8000.859.21.0_x86__8wekyb3d8bbwe microsoft.windowscalculator_2021.2508.4.0_neutral_~_8wekyb3d8bbwe microsoft.windowscamera_2022.2510.2.0_neutral_~_8wekyb3d8bbwe microsoft.windowsnotepad_11.2512.29.0_neutral_~_8wekyb3d8bbwe microsoft.windowssoundrecorder_2021.2512.0.0_neutral_~_8wekyb3d8bbwe microsoft.windowsstore_22604.1401.6.0_neutral_~_8wekyb3d8bbwe microsoft.windowsterminal_3001.24.11321.0_neutral_~_8wekyb3d8bbwe microsoftcorporationii.quickassist_2026.219.226.0_neutral_~_8wekyb3d8bbwe microsoftcorporationii.winappruntime.main.1.8_8000.836.2153.0_x64__8wekyb3d8bbwe microsoftwindows.client.webexperience_526.1202.40.0_neutral_~_cw5n1h2txyewy microsoftwindows.crossdevice_1.26032.83.0_neutral_~_cw5n1h2txyewy msteams_26106.1906.4665.7308_x64__8wekyb3d8bbwe 1527c705-839a-4832-9118-54d4Bd6a0c89_10.0.19640.1000_neutral_neutral_cw5n1h2txyewy c5e2524a-ea46-4f67-841f-6a9465d9d515_10.0.26100.1_neutral_neutral_cw5n1h2txyewy E2A4F912-2574-4A75-9BB0-0D023378592B_10.0.19640.1000_neutral_neutral_cw5n1h2txyewy F46D4000-FD22-4DB4-AC8E-4E1DDDE828FE_10.0.26100.1_neutral_neutral_cw5n1h2txyewy Microsoft.AccountsControl_10.0.26100.1_neutral__cw5n1h2txyewy Microsoft.AsyncTextService_10.0.26100.1_neutral__8wekyb3d8bbwe Microsoft.CredDialogHost_10.0.19595.1001_neutral__cw5n1h2txyewy Microsoft.ECApp_10.0.26100.8246_neutral__8wekyb3d8bbwe Microsoft.LockApp_10.0.26100.8246_neutral__cw5n1h2txyewy Microsoft.MicrosoftEdgeDevToolsClient_1000.25128.1000.0_neutral_neutral_8wekyb3d8bbwe Microsoft.Win32WebViewHost_10.0.26100.1_neutral_neutral_cw5n1h2txyewy Microsoft.Windows.AppRep.ChxApp_1000.25128.1000.0_neutral_neutral_cw5n1h2txyewy Microsoft.Windows.AssignedAccessLockApp_1000.25128.1000.0_neutral_neutral_cw5n1h2txyewy Microsoft.Windows.AugLoop.CBS_1.1126.2131.0_x64__8wekyb3d8bbwe Microsoft.Windows.CapturePicker_10.0.19580.1000_neutral__cw5n1h2txyewy Microsoft.Windows.ContentDeliveryManager_10.0.26100.1_neutral_neutral_cw5n1h2txyewy Microsoft.Windows.NarratorQuickStart_10.0.26100.1_neutral_neutral_8wekyb3d8bbwe Microsoft.Windows.ParentalControls_1000.25128.1000.0_neutral_neutral_cw5n1h2txyewy Microsoft.Windows.PeopleExperienceHost_10.0.26100.1_neutral_neutral_cw5n1h2txyewy Microsoft.Windows.PinningConfirmationDialog_1000.25140.1001.0_neutral__cw5n1h2txyewy Microsoft.Windows.PrintQueueActionCenter_1.0.2.0_neutral_neutral_cw5n1h2txyewy Microsoft.Windows.SecureAssessmentBrowser_10.0.26100.1_neutral_neutral_cw5n1h2txyewy Microsoft.Windows.XGpuEjectDialog_10.0.26100.1_neutral_neutral_cw5n1h2txyewy Microsoft.WindowsAppRuntime.CBS.1.6_6000.708.357.100_x64__8wekyb3d8bbwe Microsoft.WindowsAppRuntime.CBS.1.8_8000.715.1812.100_x64__8wekyb3d8bbwe Microsoft.XboxGameCallableUI_1000.25128.1000.0_neutral_neutral_cw5n1h2txyewy MicrosoftWindows.60719890.Voiess_1000.26100.8115.0_x64__cw5n1h2txyewy MicrosoftWindows.60719895.Livtop_1000.26100.8115.0_x64__cw5n1h2txyewy MicrosoftWindows.60719896.Speion_1000.26100.8115.0_x64__cw5n1h2txyewy MicrosoftWindows.60719898.InpApp_1000.26100.8115.0_x64__cw5n1h2txyewy MicrosoftWindows.Client.CoreAI_1000.26100.8246.0_x64__cw5n1h2txyewy MicrosoftWindows.Client.FileExp_1000.26100.4.0_x64__cw5n1h2txyewy MicrosoftWindows.Client.OOBE_1000.26100.40.0_x64__cw5n1h2txyewy MicrosoftWindows.Client.Photon_1000.26100.10.0_x64__cw5n1h2txyewy Windows.CBSPreview_10.0.19580.1000_neutral_neutral_cw5n1h2txyewy Windows.PrintDialog_6.2.3.0_neutral_neutral_cw5n1h2txyewy . The following packages will be removed: NULL"
"23-05-2026 23:08:52","326","Verbose","Microsoft-Windows-AppXDeployment","Determining packages to be installed during logon for user: ."
"23-05-2026 23:06:47","332","Information","Microsoft-Windows-AppXDeployment","Deployment operation 10 on Windows.PrintDialog_6.2.3.0_neutral_neutral_cw5n1h2txyewy with options 0x40000 and calling process svchost.exe,AppXSvc with callstack ntdll.dll+161b84 [ver: 10.0.26100.8246]
KERNELBASE.dll+3b1bf [ver: 10.0.26100.8246]
AppXDeploymentClient.dll+c29fa [ver: 10.0.26100.8246]
AppXDeploymentClient.dll+158c3 [ver: 10.0.26100.8246]
AppXDeploymentClient.dll+1441a [ver: 10.0.26100.8246]
AppXDeploymentClient.dll+13ca8 [ver: 10.0.26100.8246]
AppXDeploymentClient.dll+13aa0 [ver: 10.0.26100.8246]
AppXDeploymentClient.dll+26dbb [ver: 10.0.26100.8246]
AppXDeploymentClient.dll+16706 [ver: 10.0.26100.8246]
AppXDeploymentClient.dll+16a01 [ver: 10.0.26100.8246]
AppXDeploymentClient.dll+5b1f8 [ver: 10.0.26100.8246]
appxdeploymentserver.dll+3015a9 [ver: 10.0.26100.8246]
appxdeploymentserver.dll+303ad8 [ver: 10.0.26100.8246]
RPCRT4.dll+d36b3 [ver: 10.0.26100.8246]
RPCRT4.dll+d570e [ver: 10.0.26100.8246]
RPCRT4.dll+8a77c [ver: 10.0.26100.8246]
RPCRT4.dll+88687 [ver: 10.0.26100.8246]
RPCRT4.dll+4da74 [ver: 10.0.26100.8246]
RPCRT4.dll+4ea88 [ver: 10.0.26100.8246]
RPCRT4.dll+3bc14 [ver: 10.0.26100.8246]
RPCRT4.dll+4bfdc [ver: 10.0.26100.8246]
RPCRT4.dll+51fdc [ver: 10.0.26100.8246]
RPCRT4.dll+51163 [ver: 10.0.26100.8246]
RPCRT4.dll+50108 [ver: 10.0.26100.8246]
ntdll.dll+77ebe [ver: 10.0.26100.8246]
ntdll.dll+75fe3 [ver: 10.0.26100.8246]
KERNEL32.DLL+2e8d7 [ver: 10.0.26100.8246]
ntdll.dll+8c3fc [ver: 10.0.26100.8246]
ntdll.dll+8c3fc [ver: 10.0.26100.8246]
"
"23-05-2026 23:06:47","332","Information","Microsoft-Windows-AppXDeployment","Deployment operation 10 on windows.immersivecontrolpanel_10.0.8.1000_neutral_neutral_cw5n1h2txyewy with options 0x40000 and calling process svchost.exe,AppXSvc with callstack ntdll.dll+161b84 [ver: 10.0.26100.8246]
KERNELBASE.dll+3b1bf [ver: 10.0.26100.8246]
AppXDeploymentClient.dll+c29fa [ver: 10.0.26100.8246]
AppXDeploymentClient.dll+158c3 [ver: 10.0.26100.8246]
AppXDeploymentClient.dll+1441a [ver: 10.0.26100.8246]
AppXDeploymentClient.dll+13ca8 [ver: 10.0.26100.8246]
AppXDeploymentClient.dll+13aa0 [ver: 10.0.26100.8246]
AppXDeploymentClient.dll+26dbb [ver: 10.0.26100.8246]
AppXDeploymentClient.dll+16706 [ver: 10.0.26100.8246]
AppXDeploymentClient.dll+16a01 [ver: 10.0.26100.8246]
AppXDeploymentClient.dll+5b1f8 [ver: 10.0.26100.8246]
appxdeploymentserver.dll+3015a9 [ver: 10.0.26100.8246]
appxdeploymentserver.dll+303ad8 [ver: 10.0.26100.8246]
RPCRT4.dll+d36b3 [ver: 10.0.26100.8246]
RPCRT4.dll+d570e [ver: 10.0.26100.8246]
RPCRT4.dll+8a77c [ver: 10.0.26100.8246]
RPCRT4.dll+88687 [ver: 10.0.26100.8246]
RPCRT4.dll+4da74 [ver: 10.0.26100.8246]
RPCRT4.dll+4ea88 [ver: 10.0.26100.8246]
RPCRT4.dll+3bc14 [ver: 10.0.26100.8246]
RPCRT4.dll+4bfdc [ver: 10.0.26100.8246]
RPCRT4.dll+51fdc [ver: 10.0.26100.8246]
RPCRT4.dll+51163 [ver: 10.0.26100.8246]
RPCRT4.dll+50108 [ver: 10.0.26100.8246]
ntdll.dll+77ebe [ver: 10.0.26100.8246]
ntdll.dll+75fe3 [ver: 10.0.26100.8246]
KERNEL32.DLL+2e8d7 [ver: 10.0.26100.8246]
ntdll.dll+8c3fc [ver: 10.0.26100.8246]
ntdll.dll+8c3fc [ver: 10.0.26100.8246]
"
"23-05-2026 23:06:47","332","Information","Microsoft-Windows-AppXDeployment","Deployment operation 10 on Windows.CBSPreview_10.0.19580.1000_neutral_neutral_cw5n1h2txyewy with options 0x40000 and calling process svchost.exe,AppXSvc with callstack ntdll.dll+161b84 [ver: 10.0.26100.8246]
KERNELBASE.dll+3b1bf [ver: 10.0.26100.8246]
AppXDeploymentClient.dll+c29fa [ver: 10.0.26100.8246]
AppXDeploymentClient.dll+158c3 [ver: 10.0.26100.8246]
AppXDeploymentClient.dll+1441a [ver: 10.0.26100.8246]
AppXDeploymentClient.dll+13ca8 [ver: 10.0.26100.8246]
AppXDeploymentClient.dll+13aa0 [ver: 10.0.26100.8246]
AppXDeploymentClient.dll+26dbb [ver: 10.0.26100.8246]
AppXDeploymentClient.dll+16706 [ver: 10.0.26100.8246]
AppXDeploymentClient.dll+16a01 [ver: 10.0.26100.8246]
AppXDeploymentClient.dll+5b1f8 [ver: 10.0.26100.8246]
appxdeploymentserver.dll+3015a9 [ver: 10.0.26100.8246]
appxdeploymentserver.dll+303ad8 [ver: 10.0.26100.8246]
RPCRT4.dll+d36b3 [ver: 10.0.26100.8246]
RPCRT4.dll+d570e [ver: 10.0.26100.8246]
RPCRT4.dll+8a77c [ver: 10.0.26100.8246]
RPCRT4.dll+88687 [ver: 10.0.26100.8246]
RPCRT4.dll+4da74 [ver: 10.0.26100.8246]
RPCRT4.dll+4ea88 [ver: 10.0.26100.8246]
RPCRT4.dll+3bc14 [ver: 10.0.26100.8246]
RPCRT4.dll+4bfdc [ver: 10.0.26100.8246]
RPCRT4.dll+51fdc [ver: 10.0.26100.8246]
RPCRT4.dll+51163 [ver: 10.0.26100.8246]
RPCRT4.dll+50108 [ver: 10.0.26100.8246]
ntdll.dll+77ebe [ver: 10.0.26100.8246]
ntdll.dll+75fe3 [ver: 10.0.26100.8246]
KERNEL32.DLL+2e8d7 [ver: 10.0.26100.8246]
ntdll.dll+8c3fc [ver: 10.0.26100.8246]
ntdll.dll+8c3fc [ver: 10.0.26100.8246]
"
"23-05-2026 23:06:47","332","Information","Microsoft-Windows-AppXDeployment","Deployment operation 10 on MicrosoftWindows.UndockedDevKit_10.0.26100.1_neutral_neutral_cw5n1h2txyewy with options 0x40000 and calling process svchost.exe,AppXSvc with callstack ntdll.dll+161b84 [ver: 10.0.26100.8246]
KERNELBASE.dll+3b1bf [ver: 10.0.26100.8246]
AppXDeploymentClient.dll+c29fa [ver: 10.0.26100.8246]
AppXDeploymentClient.dll+158c3 [ver: 10.0.26100.8246]
AppXDeploymentClient.dll+1441a [ver: 10.0.26100.8246]
AppXDeploymentClient.dll+13ca8 [ver: 10.0.26100.8246]
AppXDeploymentClient.dll+13aa0 [ver: 10.0.26100.8246]
AppXDeploymentClient.dll+26dbb [ver: 10.0.26100.8246]
AppXDeploymentClient.dll+16706 [ver: 10.0.26100.8246]
AppXDeploymentClient.dll+16a01 [ver: 10.0.26100.8246]
AppXDeploymentClient.dll+5b1f8 [ver: 10.0.26100.8246]
appxdeploymentserver.dll+3015a9 [ver: 10.0.26100.8246]
appxdeploymentserver.dll+303ad8 [ver: 10.0.26100.8246]
RPCRT4.dll+d36b3 [ver: 10.0.26100.8246]
RPCRT4.dll+d570e [ver: 10.0.26100.8246]
RPCRT4.dll+8a77c [ver: 10.0.26100.8246]
RPCRT4.dll+88687 [ver: 10.0.26100.8246]
RPCRT4.dll+4da74 [ver: 10.0.26100.8246]
RPCRT4.dll+4ea88 [ver: 10.0.26100.8246]
RPCRT4.dll+3bc14 [ver: 10.0.26100.8246]
RPCRT4.dll+4bfdc [ver: 10.0.26100.8246]
RPCRT4.dll+51fdc [ver: 10.0.26100.8246]
RPCRT4.dll+51163 [ver: 10.0.26100.8246]
RPCRT4.dll+50108 [ver: 10.0.26100.8246]
ntdll.dll+77ebe [ver: 10.0.26100.8246]
ntdll.dll+75fe3 [ver: 10.0.26100.8246]
KERNEL32.DLL+2e8d7 [ver: 10.0.26100.8246]
ntdll.dll+8c3fc [ver: 10.0.26100.8246]
ntdll.dll+8c3fc [ver: 10.0.26100.8246]
"
"23-05-2026 23:06:46","332","Information","Microsoft-Windows-AppXDeployment","Deployment operation 10 on MicrosoftWindows.Client.Photon_1000.26100.10.0_x64__cw5n1h2txyewy with options 0x40000 and calling process svchost.exe,AppXSvc with callstack ntdll.dll+161b84 [ver: 10.0.26100.8246]
KERNELBASE.dll+3b1bf [ver: 10.0.26100.8246]
AppXDeploymentClient.dll+c29fa [ver: 10.0.26100.8246]
AppXDeploymentClient.dll+158c3 [ver: 10.0.26100.8246]
AppXDeploymentClient.dll+1441a [ver: 10.0.26100.8246]
AppXDeploymentClient.dll+13ca8 [ver: 10.0.26100.8246]
AppXDeploymentClient.dll+13aa0 [ver: 10.0.26100.8246]
AppXDeploymentClient.dll+26dbb [ver: 10.0.26100.8246]
AppXDeploymentClient.dll+16706 [ver: 10.0.26100.8246]
AppXDeploymentClient.dll+16a01 [ver: 10.0.26100.8246]
AppXDeploymentClient.dll+5b1f8 [ver: 10.0.26100.8246]
appxdeploymentserver.dll+3015a9 [ver: 10.0.26100.8246]
appxdeploymentserver.dll+303ad8 [ver: 10.0.26100.8246]
RPCRT4.dll+d36b3 [ver: 10.0.26100.8246]
RPCRT4.dll+d570e [ver: 10.0.26100.8246]
RPCRT4.dll+8a77c [ver: 10.0.26100.8246]
RPCRT4.dll+88687 [ver: 10.0.26100.8246]
RPCRT4.dll+4da74 [ver: 10.0.26100.8246]
RPCRT4.dll+4ea88 [ver: 10.0.26100.8246]
RPCRT4.dll+3bc14 [ver: 10.0.26100.8246]
RPCRT4.dll+4bfdc [ver: 10.0.26100.8246]
RPCRT4.dll+51fdc [ver: 10.0.26100.8246]
RPCRT4.dll+51163 [ver: 10.0.26100.8246]
RPCRT4.dll+50108 [ver: 10.0.26100.8246]
ntdll.dll+77ebe [ver: 10.0.26100.8246]
ntdll.dll+75fe3 [ver: 10.0.26100.8246]
KERNEL32.DLL+2e8d7 [ver: 10.0.26100.8246]
ntdll.dll+8c3fc [ver: 10.0.26100.8246]
ntdll.dll+8c3fc [ver: 10.0.26100.8246]
"
"23-05-2026 23:06:46","332","Information","Microsoft-Windows-AppXDeployment","Deployment operation 10 on MicrosoftWindows.Client.OOBE_1000.26100.40.0_x64__cw5n1h2txyewy with options 0x40000 and calling process svchost.exe,AppXSvc with callstack ntdll.dll+161b84 [ver: 10.0.26100.8246]
KERNELBASE.dll+3b1bf [ver: 10.0.26100.8246]
AppXDeploymentClient.dll+c29fa [ver: 10.0.26100.8246]
AppXDeploymentClient.dll+158c3 [ver: 10.0.26100.8246]
AppXDeploymentClient.dll+1441a [ver: 10.0.26100.8246]
AppXDeploymentClient.dll+13ca8 [ver: 10.0.26100.8246]
AppXDeploymentClient.dll+13aa0 [ver: 10.0.26100.8246]
AppXDeploymentClient.dll+26dbb [ver: 10.0.26100.8246]
AppXDeploymentClient.dll+16706 [ver: 10.0.26100.8246]
AppXDeploymentClient.dll+16a01 [ver: 10.0.26100.8246]
AppXDeploymentClient.dll+5b1f8 [ver: 10.0.26100.8246]
appxdeploymentserver.dll+3015a9 [ver: 10.0.26100.8246]
appxdeploymentserver.dll+303ad8 [ver: 10.0.26100.8246]
RPCRT4.dll+d36b3 [ver: 10.0.26100.8246]
RPCRT4.dll+d570e [ver: 10.0.26100.8246]
RPCRT4.dll+8a77c [ver: 10.0.26100.8246]
RPCRT4.dll+88687 [ver: 10.0.26100.8246]
RPCRT4.dll+4da74 [ver: 10.0.26100.8246]
RPCRT4.dll+4ea88 [ver: 10.0.26100.8246]
RPCRT4.dll+3bc14 [ver: 10.0.26100.8246]
RPCRT4.dll+4bfdc [ver: 10.0.26100.8246]
RPCRT4.dll+51fdc [ver: 10.0.26100.8246]
RPCRT4.dll+51163 [ver: 10.0.26100.8246]
RPCRT4.dll+50108 [ver: 10.0.26100.8246]
ntdll.dll+77ebe [ver: 10.0.26100.8246]
ntdll.dll+75fe3 [ver: 10.0.26100.8246]
KERNEL32.DLL+2e8d7 [ver: 10.0.26100.8246]
ntdll.dll+8c3fc [ver: 10.0.26100.8246]
ntdll.dll+8c3fc [ver: 10.0.26100.8246]
"
"23-05-2026 23:06:46","332","Information","Microsoft-Windows-AppXDeployment","Deployment operation 10 on MicrosoftWindows.Client.FileExp_1000.26100.4.0_x64__cw5n1h2txyewy with options 0x40000 and calling process svchost.exe,AppXSvc with callstack ntdll.dll+161b84 [ver: 10.0.26100.8246]
KERNELBASE.dll+3b1bf [ver: 10.0.26100.8246]
AppXDeploymentClient.dll+c29fa [ver: 10.0.26100.8246]
AppXDeploymentClient.dll+158c3 [ver: 10.0.26100.8246]
AppXDeploymentClient.dll+1441a [ver: 10.0.26100.8246]
AppXDeploymentClient.dll+13ca8 [ver: 10.0.26100.8246]
AppXDeploymentClient.dll+13aa0 [ver: 10.0.26100.8246]
AppXDeploymentClient.dll+26dbb [ver: 10.0.26100.8246]
AppXDeploymentClient.dll+16706 [ver: 10.0.26100.8246]
AppXDeploymentClient.dll+16a01 [ver: 10.0.26100.8246]
AppXDeploymentClient.dll+5b1f8 [ver: 10.0.26100.8246]
appxdeploymentserver.dll+3015a9 [ver: 10.0.26100.8246]
appxdeploymentserver.dll+303ad8 [ver: 10.0.26100.8246]
RPCRT4.dll+d36b3 [ver: 10.0.26100.8246]
RPCRT4.dll+d570e [ver: 10.0.26100.8246]
RPCRT4.dll+8a77c [ver: 10.0.26100.8246]
RPCRT4.dll+88687 [ver: 10.0.26100.8246]
RPCRT4.dll+4da74 [ver: 10.0.26100.8246]
RPCRT4.dll+4ea88 [ver: 10.0.26100.8246]
RPCRT4.dll+3bc14 [ver: 10.0.26100.8246]
RPCRT4.dll+4bfdc [ver: 10.0.26100.8246]
RPCRT4.dll+51fdc [ver: 10.0.26100.8246]
RPCRT4.dll+51163 [ver: 10.0.26100.8246]
RPCRT4.dll+50108 [ver: 10.0.26100.8246]
ntdll.dll+77ebe [ver: 10.0.26100.8246]
ntdll.dll+75fe3 [ver: 10.0.26100.8246]
KERNEL32.DLL+2e8d7 [ver: 10.0.26100.8246]
ntdll.dll+8c3fc [ver: 10.0.26100.8246]
ntdll.dll+8c3fc [ver: 10.0.26100.8246]
"
"23-05-2026 23:06:46","332","Information","Microsoft-Windows-AppXDeployment","Deployment operation 10 on MicrosoftWindows.Client.Core_1000.26100.86.0_x64__cw5n1h2txyewy with options 0x40000 and calling process svchost.exe,AppXSvc with callstack ntdll.dll+161b84 [ver: 10.0.26100.8246]
KERNELBASE.dll+3b1bf [ver: 10.0.26100.8246]
AppXDeploymentClient.dll+c29fa [ver: 10.0.26100.8246]
AppXDeploymentClient.dll+158c3 [ver: 10.0.26100.8246]
AppXDeploymentClient.dll+1441a [ver: 10.0.26100.8246]
AppXDeploymentClient.dll+13ca8 [ver: 10.0.26100.8246]
AppXDeploymentClient.dll+13aa0 [ver: 10.0.26100.8246]
AppXDeploymentClient.dll+26dbb [ver: 10.0.26100.8246]
AppXDeploymentClient.dll+16706 [ver: 10.0.26100.8246]
AppXDeploymentClient.dll+16a01 [ver: 10.0.26100.8246]
AppXDeploymentClient.dll+5b1f8 [ver: 10.0.26100.8246]
appxdeploymentserver.dll+3015a9 [ver: 10.0.26100.8246]
appxdeploymentserver.dll+303ad8 [ver: 10.0.26100.8246]
RPCRT4.dll+d36b3 [ver: 10.0.26100.8246]
RPCRT4.dll+d570e [ver: 10.0.26100.8246]
RPCRT4.dll+8a77c [ver: 10.0.26100.8246]
RPCRT4.dll+88687 [ver: 10.0.26100.8246]
RPCRT4.dll+4da74 [ver: 10.0.26100.8246]
RPCRT4.dll+4ea88 [ver: 10.0.26100.8246]
RPCRT4.dll+3bc14 [ver: 10.0.26100.8246]
RPCRT4.dll+4bfdc [ver: 10.0.26100.8246]
RPCRT4.dll+51fdc [ver: 10.0.26100.8246]
RPCRT4.dll+51163 [ver: 10.0.26100.8246]
RPCRT4.dll+50108 [ver: 10.0.26100.8246]
ntdll.dll+77ebe [ver: 10.0.26100.8246]
ntdll.dll+75fe3 [ver: 10.0.26100.8246]
KERNEL32.DLL+2e8d7 [ver: 10.0.26100.8246]
ntdll.dll+8c3fc [ver: 10.0.26100.8246]
ntdll.dll+8c3fc [ver: 10.0.26100.8246]
"
"23-05-2026 23:06:46","332","Information","Microsoft-Windows-AppXDeployment","Deployment operation 10 on MicrosoftWindows.Client.CoreAI_1000.26100.8246.0_x64__cw5n1h2txyewy with options 0x40000 and calling process svchost.exe,AppXSvc with callstack ntdll.dll+161b84 [ver: 10.0.26100.8246]
KERNELBASE.dll+3b1bf [ver: 10.0.26100.8246]
AppXDeploymentClient.dll+c29fa [ver: 10.0.26100.8246]
AppXDeploymentClient.dll+158c3 [ver: 10.0.26100.8246]
AppXDeploymentClient.dll+1441a [ver: 10.0.26100.8246]
AppXDeploymentClient.dll+13ca8 [ver: 10.0.26100.8246]
AppXDeploymentClient.dll+13aa0 [ver: 10.0.26100.8246]
AppXDeploymentClient.dll+26dbb [ver: 10.0.26100.8246]
AppXDeploymentClient.dll+16706 [ver: 10.0.26100.8246]
AppXDeploymentClient.dll+16a01 [ver: 10.0.26100.8246]
AppXDeploymentClient.dll+5b1f8 [ver: 10.0.26100.8246]
appxdeploymentserver.dll+3015a9 [ver: 10.0.26100.8246]
appxdeploymentserver.dll+303ad8 [ver: 10.0.26100.8246]
RPCRT4.dll+d36b3 [ver: 10.0.26100.8246]
RPCRT4.dll+d570e [ver: 10.0.26100.8246]
RPCRT4.dll+8a77c [ver: 10.0.26100.8246]
RPCRT4.dll+88687 [ver: 10.0.26100.8246]
RPCRT4.dll+4da74 [ver: 10.0.26100.8246]
RPCRT4.dll+4ea88 [ver: 10.0.26100.8246]
RPCRT4.dll+3bc14 [ver: 10.0.26100.8246]
RPCRT4.dll+4bfdc [ver: 10.0.26100.8246]
RPCRT4.dll+51fdc [ver: 10.0.26100.8246]
RPCRT4.dll+51163 [ver: 10.0.26100.8246]
RPCRT4.dll+50108 [ver: 10.0.26100.8246]
ntdll.dll+77ebe [ver: 10.0.26100.8246]
ntdll.dll+75fe3 [ver: 10.0.26100.8246]
KERNEL32.DLL+2e8d7 [ver: 10.0.26100.8246]
ntdll.dll+8c3fc [ver: 10.0.26100.8246]
ntdll.dll+8c3fc [ver: 10.0.26100.8246]
"
"23-05-2026 23:06:46","332","Information","Microsoft-Windows-AppXDeployment","Deployment operation 10 on MicrosoftWindows.Client.CBS_1000.26100.297.0_x64__cw5n1h2txyewy with options 0x40000 and calling process svchost.exe,AppXSvc with callstack ntdll.dll+161b84 [ver: 10.0.26100.8246]
KERNELBASE.dll+3b1bf [ver: 10.0.26100.8246]
AppXDeploymentClient.dll+c29fa [ver: 10.0.26100.8246]
AppXDeploymentClient.dll+158c3 [ver: 10.0.26100.8246]
AppXDeploymentClient.dll+1441a [ver: 10.0.26100.8246]
AppXDeploymentClient.dll+13ca8 [ver: 10.0.26100.8246]
AppXDeploymentClient.dll+13aa0 [ver: 10.0.26100.8246]
AppXDeploymentClient.dll+26dbb [ver: 10.0.26100.8246]
AppXDeploymentClient.dll+16706 [ver: 10.0.26100.8246]
AppXDeploymentClient.dll+16a01 [ver: 10.0.26100.8246]
AppXDeploymentClient.dll+5b1f8 [ver: 10.0.26100.8246]
appxdeploymentserver.dll+3015a9 [ver: 10.0.26100.8246]
appxdeploymentserver.dll+303ad8 [ver: 10.0.26100.8246]
RPCRT4.dll+d36b3 [ver: 10.0.26100.8246]
RPCRT4.dll+d570e [ver: 10.0.26100.8246]
RPCRT4.dll+8a77c [ver: 10.0.26100.8246]
RPCRT4.dll+88687 [ver: 10.0.26100.8246]
RPCRT4.dll+4da74 [ver: 10.0.26100.8246]
RPCRT4.dll+4ea88 [ver: 10.0.26100.8246]
RPCRT4.dll+3bc14 [ver: 10.0.26100.8246]
RPCRT4.dll+4bfdc [ver: 10.0.26100.8246]
RPCRT4.dll+51fdc [ver: 10.0.26100.8246]
RPCRT4.dll+51163 [ver: 10.0.26100.8246]
RPCRT4.dll+50108 [ver: 10.0.26100.8246]
ntdll.dll+77ebe [ver: 10.0.26100.8246]
ntdll.dll+75fe3 [ver: 10.0.26100.8246]
KERNEL32.DLL+2e8d7 [ver: 10.0.26100.8246]
ntdll.dll+8c3fc [ver: 10.0.26100.8246]
ntdll.dll+8c3fc [ver: 10.0.26100.8246]
"
"23-05-2026 23:06:46","332","Information","Microsoft-Windows-AppXDeployment","Deployment operation 10 on MicrosoftWindows.60719898.InpApp_1000.26100.8115.0_x64__cw5n1h2txyewy with options 0x40000 and calling process svchost.exe,AppXSvc with callstack ntdll.dll+161b84 [ver: 10.0.26100.8246]
KERNELBASE.dll+3b1bf [ver: 10.0.26100.8246]
AppXDeploymentClient.dll+c29fa [ver: 10.0.26100.8246]
AppXDeploymentClient.dll+158c3 [ver: 10.0.26100.8246]
AppXDeploymentClient.dll+1441a [ver: 10.0.26100.8246]
AppXDeploymentClient.dll+13ca8 [ver: 10.0.26100.8246]
AppXDeploymentClient.dll+13aa0 [ver: 10.0.26100.8246]
AppXDeploymentClient.dll+26dbb [ver: 10.0.26100.8246]
AppXDeploymentClient.dll+16706 [ver: 10.0.26100.8246]
AppXDeploymentClient.dll+16a01 [ver: 10.0.26100.8246]
AppXDeploymentClient.dll+5b1f8 [ver: 10.0.26100.8246]
appxdeploymentserver.dll+3015a9 [ver: 10.0.26100.8246]
appxdeploymentserver.dll+303ad8 [ver: 10.0.26100.8246]
RPCRT4.dll+d36b3 [ver: 10.0.26100.8246]
RPCRT4.dll+d570e [ver: 10.0.26100.8246]
RPCRT4.dll+8a77c [ver: 10.0.26100.8246]
RPCRT4.dll+88687 [ver: 10.0.26100.8246]
RPCRT4.dll+4da74 [ver: 10.0.26100.8246]
RPCRT4.dll+4ea88 [ver: 10.0.26100.8246]
RPCRT4.dll+3bc14 [ver: 10.0.26100.8246]
RPCRT4.dll+4bfdc [ver: 10.0.26100.8246]
RPCRT4.dll+51fdc [ver: 10.0.26100.8246]
RPCRT4.dll+51163 [ver: 10.0.26100.8246]
RPCRT4.dll+50108 [ver: 10.0.26100.8246]
ntdll.dll+77ebe [ver: 10.0.26100.8246]
ntdll.dll+75fe3 [ver: 10.0.26100.8246]
KERNEL32.DLL+2e8d7 [ver: 10.0.26100.8246]
ntdll.dll+8c3fc [ver: 10.0.26100.8246]
ntdll.dll+8c3fc [ver: 10.0.26100.8246]
"
"23-05-2026 23:06:46","332","Information","Microsoft-Windows-AppXDeployment","Deployment operation 10 on MicrosoftWindows.60719896.Speion_1000.26100.8115.0_x64__cw5n1h2txyewy with options 0x40000 and calling process svchost.exe,AppXSvc with callstack ntdll.dll+161b84 [ver: 10.0.26100.8246]
KERNELBASE.dll+3b1bf [ver: 10.0.26100.8246]
AppXDeploymentClient.dll+c29fa [ver: 10.0.26100.8246]
AppXDeploymentClient.dll+158c3 [ver: 10.0.26100.8246]
AppXDeploymentClient.dll+1441a [ver: 10.0.26100.8246]
AppXDeploymentClient.dll+13ca8 [ver: 10.0.26100.8246]
AppXDeploymentClient.dll+13aa0 [ver: 10.0.26100.8246]
AppXDeploymentClient.dll+26dbb [ver: 10.0.26100.8246]
AppXDeploymentClient.dll+16706 [ver: 10.0.26100.8246]
AppXDeploymentClient.dll+16a01 [ver: 10.0.26100.8246]
AppXDeploymentClient.dll+5b1f8 [ver: 10.0.26100.8246]
appxdeploymentserver.dll+3015a9 [ver: 10.0.26100.8246]
appxdeploymentserver.dll+303ad8 [ver: 10.0.26100.8246]
RPCRT4.dll+d36b3 [ver: 10.0.26100.8246]
RPCRT4.dll+d570e [ver: 10.0.26100.8246]
RPCRT4.dll+8a77c [ver: 10.0.26100.8246]
RPCRT4.dll+88687 [ver: 10.0.26100.8246]
RPCRT4.dll+4da74 [ver: 10.0.26100.8246]
RPCRT4.dll+4ea88 [ver: 10.0.26100.8246]
RPCRT4.dll+3bc14 [ver: 10.0.26100.8246]
RPCRT4.dll+4bfdc [ver: 10.0.26100.8246]
RPCRT4.dll+51fdc [ver: 10.0.26100.8246]
RPCRT4.dll+51163 [ver: 10.0.26100.8246]
RPCRT4.dll+50108 [ver: 10.0.26100.8246]
ntdll.dll+77ebe [ver: 10.0.26100.8246]
ntdll.dll+75fe3 [ver: 10.0.26100.8246]
KERNEL32.DLL+2e8d7 [ver: 10.0.26100.8246]
ntdll.dll+8c3fc [ver: 10.0.26100.8246]
ntdll.dll+8c3fc [ver: 10.0.26100.8246]
"
"23-05-2026 23:06:46","332","Information","Microsoft-Windows-AppXDeployment","Deployment operation 10 on MicrosoftWindows.60719895.Livtop_1000.26100.8115.0_x64__cw5n1h2txyewy with options 0x40000 and calling process svchost.exe,AppXSvc with callstack ntdll.dll+161b84 [ver: 10.0.26100.8246]
KERNELBASE.dll+3b1bf [ver: 10.0.26100.8246]
AppXDeploymentClient.dll+c29fa [ver: 10.0.26100.8246]
AppXDeploymentClient.dll+158c3 [ver: 10.0.26100.8246]
AppXDeploymentClient.dll+1441a [ver: 10.0.26100.8246]
AppXDeploymentClient.dll+13ca8 [ver: 10.0.26100.8246]
AppXDeploymentClient.dll+13aa0 [ver: 10.0.26100.8246]
AppXDeploymentClient.dll+26dbb [ver: 10.0.26100.8246]
AppXDeploymentClient.dll+16706 [ver: 10.0.26100.8246]
AppXDeploymentClient.dll+16a01 [ver: 10.0.26100.8246]
AppXDeploymentClient.dll+5b1f8 [ver: 10.0.26100.8246]
appxdeploymentserver.dll+3015a9 [ver: 10.0.26100.8246]
appxdeploymentserver.dll+303ad8 [ver: 10.0.26100.8246]
RPCRT4.dll+d36b3 [ver: 10.0.26100.8246]
RPCRT4.dll+d570e [ver: 10.0.26100.8246]
RPCRT4.dll+8a77c [ver: 10.0.26100.8246]
RPCRT4.dll+88687 [ver: 10.0.26100.8246]
RPCRT4.dll+4da74 [ver: 10.0.26100.8246]
RPCRT4.dll+4ea88 [ver: 10.0.26100.8246]
RPCRT4.dll+3bc14 [ver: 10.0.26100.8246]
RPCRT4.dll+4bfdc [ver: 10.0.26100.8246]
RPCRT4.dll+51fdc [ver: 10.0.26100.8246]
RPCRT4.dll+51163 [ver: 10.0.26100.8246]
RPCRT4.dll+50108 [ver: 10.0.26100.8246]
ntdll.dll+77ebe [ver: 10.0.26100.8246]
ntdll.dll+75fe3 [ver: 10.0.26100.8246]
KERNEL32.DLL+2e8d7 [ver: 10.0.26100.8246]
ntdll.dll+8c3fc [ver: 10.0.26100.8246]
ntdll.dll+8c3fc [ver: 10.0.26100.8246]
"
"23-05-2026 23:06:46","332","Information","Microsoft-Windows-AppXDeployment","Deployment operation 10 on MicrosoftWindows.60719890.Voiess_1000.26100.8115.0_x64__cw5n1h2txyewy with options 0x40000 and calling process svchost.exe,AppXSvc with callstack ntdll.dll+161b84 [ver: 10.0.26100.8246]
KERNELBASE.dll+3b1bf [ver: 10.0.26100.8246]
AppXDeploymentClient.dll+c29fa [ver: 10.0.26100.8246]
AppXDeploymentClient.dll+158c3 [ver: 10.0.26100.8246]
AppXDeploymentClient.dll+1441a [ver: 10.0.26100.8246]
AppXDeploymentClient.dll+13ca8 [ver: 10.0.26100.8246]
AppXDeploymentClient.dll+13aa0 [ver: 10.0.26100.8246]
AppXDeploymentClient.dll+26dbb [ver: 10.0.26100.8246]
AppXDeploymentClient.dll+16706 [ver: 10.0.26100.8246]
AppXDeploymentClient.dll+16a01 [ver: 10.0.26100.8246]
AppXDeploymentClient.dll+5b1f8 [ver: 10.0.26100.8246]
appxdeploymentserver.dll+3015a9 [ver: 10.0.26100.8246]
appxdeploymentserver.dll+303ad8 [ver: 10.0.26100.8246]
RPCRT4.dll+d36b3 [ver: 10.0.26100.8246]
RPCRT4.dll+d570e [ver: 10.0.26100.8246]
RPCRT4.dll+8a77c [ver: 10.0.26100.8246]
RPCRT4.dll+88687 [ver: 10.0.26100.8246]
RPCRT4.dll+4da74 [ver: 10.0.26100.8246]
RPCRT4.dll+4ea88 [ver: 10.0.26100.8246]
RPCRT4.dll+3bc14 [ver: 10.0.26100.8246]
RPCRT4.dll+4bfdc [ver: 10.0.26100.8246]
RPCRT4.dll+51fdc [ver: 10.0.26100.8246]
RPCRT4.dll+51163 [ver: 10.0.26100.8246]
RPCRT4.dll+50108 [ver: 10.0.26100.8246]
ntdll.dll+77ebe [ver: 10.0.26100.8246]
ntdll.dll+75fe3 [ver: 10.0.26100.8246]
KERNEL32.DLL+2e8d7 [ver: 10.0.26100.8246]
ntdll.dll+8c3fc [ver: 10.0.26100.8246]
ntdll.dll+8c3fc [ver: 10.0.26100.8246]
"
"23-05-2026 23:06:46","332","Information","Microsoft-Windows-AppXDeployment","Deployment operation 10 on Microsoft.XboxGameCallableUI_1000.25128.1000.0_neutral_neutral_cw5n1h2txyewy with options 0x40000 and calling process svchost.exe,AppXSvc with callstack ntdll.dll+161b84 [ver: 10.0.26100.8246]
KERNELBASE.dll+3b1bf [ver: 10.0.26100.8246]
AppXDeploymentClient.dll+c29fa [ver: 10.0.26100.8246]
AppXDeploymentClient.dll+158c3 [ver: 10.0.26100.8246]
AppXDeploymentClient.dll+1441a [ver: 10.0.26100.8246]
AppXDeploymentClient.dll+13ca8 [ver: 10.0.26100.8246]
AppXDeploymentClient.dll+13aa0 [ver: 10.0.26100.8246]
AppXDeploymentClient.dll+26dbb [ver: 10.0.26100.8246]
AppXDeploymentClient.dll+16706 [ver: 10.0.26100.8246]
AppXDeploymentClient.dll+16a01 [ver: 10.0.26100.8246]
AppXDeploymentClient.dll+5b1f8 [ver: 10.0.26100.8246]
appxdeploymentserver.dll+3015a9 [ver: 10.0.26100.8246]
appxdeploymentserver.dll+303ad8 [ver: 10.0.26100.8246]
RPCRT4.dll+d36b3 [ver: 10.0.26100.8246]
RPCRT4.dll+d570e [ver: 10.0.26100.8246]
RPCRT4.dll+8a77c [ver: 10.0.26100.8246]
RPCRT4.dll+88687 [ver: 10.0.26100.8246]
RPCRT4.dll+4da74 [ver: 10.0.26100.8246]
RPCRT4.dll+4ea88 [ver: 10.0.26100.8246]
RPCRT4.dll+3bc14 [ver: 10.0.26100.8246]
RPCRT4.dll+4bfdc [ver: 10.0.26100.8246]
RPCRT4.dll+51fdc [ver: 10.0.26100.8246]
RPCRT4.dll+51163 [ver: 10.0.26100.8246]
RPCRT4.dll+50108 [ver: 10.0.26100.8246]
ntdll.dll+77ebe [ver: 10.0.26100.8246]
ntdll.dll+75fe3 [ver: 10.0.26100.8246]
KERNEL32.DLL+2e8d7 [ver: 10.0.26100.8246]
ntdll.dll+8c3fc [ver: 10.0.26100.8246]
ntdll.dll+8c3fc [ver: 10.0.26100.8246]
"
