"17-08-2026 10:01:48","157","Information","Microsoft-Windows-AppxPackagingOM","The app package signature was validated for core content of the app package published by CN=Microsoft Corporation, O=Microsoft Corporation, L=Redmond, S=Washington, C=US. Payload won't be validated until the files are read."
"17-08-2026 10:01:47","391","Information","Microsoft-Windows-AppxPackagingOM","The bundle streaming reader was created successfully for bundle Microsoft.People_2021.2202.100.0_neutral_~_8wekyb3d8bbwe."
"17-08-2026 10:01:47","164","Information","Microsoft-Windows-AppxPackagingOM","The app bundle signature was validated for core content of the app bundle published by CN=Microsoft Corporation, O=Microsoft Corporation, L=Redmond, S=Washington, C=US. App packages won't be validated until they are read."
"17-08-2026 09:54:25","170","Information","Microsoft-Windows-AppxPackagingOM","The streaming reader was created successfully for app package Microsoft.WindowsAppRuntime.1.8_8000.946.1701.0_x64__8wekyb3d8bbwe."
"17-08-2026 09:54:25","157","Information","Microsoft-Windows-AppxPackagingOM","The app package signature was validated for core content of the app package published by CN=Microsoft Corporation, O=Microsoft Corporation, L=Redmond, S=Washington, C=US. Payload won't be validated until the files are read."
"17-08-2026 09:54:20","170","Information","Microsoft-Windows-AppxPackagingOM","The streaming reader was created successfully for app package Microsoft.WindowsAppRuntime.1.8_8000.946.1701.0_x86__8wekyb3d8bbwe."
"17-08-2026 09:54:20","157","Information","Microsoft-Windows-AppxPackagingOM","The app package signature was validated for core content of the app package published by CN=Microsoft Corporation, O=Microsoft Corporation, L=Redmond, S=Washington, C=US. Payload won't be validated until the files are read."
"17-08-2026 09:54:18","170","Information","Microsoft-Windows-AppxPackagingOM","The streaming reader was created successfully for app package Microsoft.WindowsAppRuntime.2_2.4.0.0_x86__8wekyb3d8bbwe."
"17-08-2026 09:54:17","157","Information","Microsoft-Windows-AppxPackagingOM","The app package signature was validated for core content of the app package published by CN=Microsoft Corporation, O=Microsoft Corporation, L=Redmond, S=Washington, C=US. Payload won't be validated until the files are read."
"17-08-2026 09:54:16","170","Information","Microsoft-Windows-AppxPackagingOM","The streaming reader was created successfully for app package Microsoft.WindowsAppRuntime.2_2.4.0.0_x64__8wekyb3d8bbwe."
"17-08-2026 09:54:16","157","Information","Microsoft-Windows-AppxPackagingOM","The app package signature was validated for core content of the app package published by CN=Microsoft Corporation, O=Microsoft Corporation, L=Redmond, S=Washington, C=US. Payload won't be validated until the files are read."
"17-08-2026 09:46:40","171","Information","Microsoft-Windows-AppxPackagingOM","The reader was created successfully for app package Microsoft.SecHealthUI_1000.29628.1000.0_x64__8wekyb3d8bbwe."
"17-08-2026 09:46:23","170","Information","Microsoft-Windows-AppxPackagingOM","The streaming reader was created successfully for app package Microsoft.WindowsAppRuntime.2_2.4.0.0_x86__8wekyb3d8bbwe."
"17-08-2026 09:46:23","157","Information","Microsoft-Windows-AppxPackagingOM","The app package signature was validated for core content of the app package published by CN=Microsoft Corporation, O=Microsoft Corporation, L=Redmond, S=Washington, C=US. Payload won't be validated until the files are read."
"17-08-2026 09:46:23","170","Information","Microsoft-Windows-AppxPackagingOM","The streaming reader was created successfully for app package Microsoft.WindowsAppRuntime.2_2.2.0.0_x86__8wekyb3d8bbwe."
"17-08-2026 09:46:22","170","Information","Microsoft-Windows-AppxPackagingOM","The streaming reader was created successfully for app package Microsoft.WindowsAppRuntime.2_2.4.0.0_x64__8wekyb3d8bbwe."
"17-08-2026 09:46:22","157","Information","Microsoft-Windows-AppxPackagingOM","The app package signature was validated for core content of the app package published by CN=Microsoft Corporation, O=Microsoft Corporation, L=Redmond, S=Washington, C=US. Payload won't be validated until the files are read."
"17-08-2026 09:46:22","157","Information","Microsoft-Windows-AppxPackagingOM","The app package signature was validated for core content of the app package published by CN=Microsoft Corporation, O=Microsoft Corporation, L=Redmond, S=Washington, C=US. Payload won't be validated until the files are read."
"17-08-2026 09:45:54","170","Information","Microsoft-Windows-AppxPackagingOM","The streaming reader was created successfully for app package Microsoft.WindowsAppRuntime.2_2.4.0.0_x86__8wekyb3d8bbwe."
"17-08-2026 09:45:54","157","Information","Microsoft-Windows-AppxPackagingOM","The app package signature was validated for core content of the app package published by CN=Microsoft Corporation, O=Microsoft Corporation, L=Redmond, S=Washington, C=US. Payload won't be validated until the files are read."
"17-08-2026 09:45:53","170","Information","Microsoft-Windows-AppxPackagingOM","The streaming reader was created successfully for app package Microsoft.WindowsAppRuntime.2_2.4.0.0_x64__8wekyb3d8bbwe."
"17-08-2026 09:45:53","170","Information","Microsoft-Windows-AppxPackagingOM","The streaming reader was created successfully for app package Microsoft.WindowsAppRuntime.2_2.2.0.0_x86__8wekyb3d8bbwe."
"17-08-2026 09:45:53","157","Information","Microsoft-Windows-AppxPackagingOM","The app package signature was validated for core content of the app package published by CN=Microsoft Corporation, O=Microsoft Corporation, L=Redmond, S=Washington, C=US. Payload won't be validated until the files are read."
"17-08-2026 09:45:53","157","Information","Microsoft-Windows-AppxPackagingOM","The app package signature was validated for core content of the app package published by CN=Microsoft Corporation, O=Microsoft Corporation, L=Redmond, S=Washington, C=US. Payload won't be validated until the files are read."
"17-08-2026 09:41:29","216","Warning","Microsoft-Windows-AppxPackagingOM","App manifest validation warning: Declared namespace http://schemas.microsoft.com/developer/appx/2015/build is inapplicable, it will be ignored during manifest processing."
"14-08-2026 18:48:49","216","Warning","Microsoft-Windows-AppxPackagingOM","App manifest validation warning: Declared namespace http://schemas.microsoft.com/developer/appx/2015/build is inapplicable, it will be ignored during manifest processing."
"14-08-2026 18:35:39","171","Information","Microsoft-Windows-AppxPackagingOM","The reader was created successfully for app package Microsoft.SecHealthUI_1000.29628.1000.0_x64__8wekyb3d8bbwe."
"14-08-2026 18:07:26","171","Information","Microsoft-Windows-AppxPackagingOM","The reader was created successfully for app package Microsoft.SecHealthUI_1000.29628.1000.0_x64__8wekyb3d8bbwe."
"14-08-2026 17:50:27","171","Information","Microsoft-Windows-AppxPackagingOM","The reader was created successfully for app package Microsoft.SecHealthUI_1000.29628.1000.0_x64__8wekyb3d8bbwe."
"14-08-2026 17:48:48","216","Warning","Microsoft-Windows-AppxPackagingOM","App manifest validation warning: Declared namespace http://schemas.microsoft.com/developer/appx/2015/build is inapplicable, it will be ignored during manifest processing."
"14-08-2026 17:35:25","171","Information","Microsoft-Windows-AppxPackagingOM","The reader was created successfully for app package Microsoft.SecHealthUI_1000.29628.1000.0_x64__8wekyb3d8bbwe."
"14-08-2026 16:48:48","216","Warning","Microsoft-Windows-AppxPackagingOM","App manifest validation warning: Declared namespace http://schemas.microsoft.com/developer/appx/2015/build is inapplicable, it will be ignored during manifest processing."
"14-08-2026 15:48:47","216","Warning","Microsoft-Windows-AppxPackagingOM","App manifest validation warning: Declared namespace http://schemas.microsoft.com/developer/appx/2015/build is inapplicable, it will be ignored during manifest processing."
"14-08-2026 14:48:47","216","Warning","Microsoft-Windows-AppxPackagingOM","App manifest validation warning: Declared namespace http://schemas.microsoft.com/developer/appx/2015/build is inapplicable, it will be ignored during manifest processing."
"14-08-2026 14:18:27","171","Information","Microsoft-Windows-AppxPackagingOM","The reader was created successfully for app package inputsuggestions_8.1002.26138.1_neutral_neutral_8wekyb3d8bbwe."
"14-08-2026 14:09:24","171","Information","Microsoft-Windows-AppxPackagingOM","The reader was created successfully for app package Microsoft.SecHealthUI_1000.29628.1000.0_x64__8wekyb3d8bbwe."
"14-08-2026 13:52:30","170","Information","Microsoft-Windows-AppxPackagingOM","The streaming reader was created successfully for app package Microsoft.WebpImageExtension_1.2.31.0_x64__8wekyb3d8bbwe."
"14-08-2026 13:52:30","216","Warning","Microsoft-Windows-AppxPackagingOM","App manifest validation warning: Declared namespace http://schemas.microsoft.com/developer/appx/2015/build is inapplicable, it will be ignored during manifest processing."
"14-08-2026 13:52:29","157","Information","Microsoft-Windows-AppxPackagingOM","The app package signature was validated for core content of the app package published by CN=Microsoft Corporation, O=Microsoft Corporation, L=Redmond, S=Washington, C=US. Payload won't be validated until the files are read."
"14-08-2026 13:52:29","391","Information","Microsoft-Windows-AppxPackagingOM","The bundle streaming reader was created successfully for bundle Microsoft.WebpImageExtension_1.2.31.0_neutral_~_8wekyb3d8bbwe."
"14-08-2026 13:52:29","170","Information","Microsoft-Windows-AppxPackagingOM","The streaming reader was created successfully for app package Microsoft.HEIFImageExtension_1.2.48.0_x64__8wekyb3d8bbwe."
"14-08-2026 13:52:29","216","Warning","Microsoft-Windows-AppxPackagingOM","App manifest validation warning: Declared namespace http://schemas.microsoft.com/developer/appx/2015/build is inapplicable, it will be ignored during manifest processing."
"14-08-2026 13:52:29","164","Information","Microsoft-Windows-AppxPackagingOM","The app bundle signature was validated for core content of the app bundle published by CN=Microsoft Corporation, O=Microsoft Corporation, L=Redmond, S=Washington, C=US. App packages won't be validated until they are read."
"14-08-2026 13:52:29","157","Information","Microsoft-Windows-AppxPackagingOM","The app package signature was validated for core content of the app package published by CN=Microsoft Corporation, O=Microsoft Corporation, L=Redmond, S=Washington, C=US. Payload won't be validated until the files are read."
"14-08-2026 13:52:26","391","Information","Microsoft-Windows-AppxPackagingOM","The bundle streaming reader was created successfully for bundle Microsoft.HEIFImageExtension_1.2.48.0_neutral_~_8wekyb3d8bbwe."
"14-08-2026 13:52:26","164","Information","Microsoft-Windows-AppxPackagingOM","The app bundle signature was validated for core content of the app bundle published by CN=Microsoft Corporation, O=Microsoft Corporation, L=Redmond, S=Washington, C=US. App packages won't be validated until they are read."
"14-08-2026 13:52:16","170","Information","Microsoft-Windows-AppxPackagingOM","The streaming reader was created successfully for app package AppUp.IntelGraphicsExperience_1.100.5688.0_neutral_split.scale-100_8j3eq9eme6ctt."
"14-08-2026 13:52:16","157","Information","Microsoft-Windows-AppxPackagingOM","The app package signature was validated for core content of the app package published by CN=EB51A5DA-0E72-4863-82E4-EA21C1F8DFE3. Payload won't be validated until the files are read."
"14-08-2026 13:52:15","170","Information","Microsoft-Windows-AppxPackagingOM","The streaming reader was created successfully for app package AppUp.IntelGraphicsExperience_1.100.5688.0_neutral_split.scale-150_8j3eq9eme6ctt."
"14-08-2026 13:52:15","157","Information","Microsoft-Windows-AppxPackagingOM","The app package signature was validated for core content of the app package published by CN=EB51A5DA-0E72-4863-82E4-EA21C1F8DFE3. Payload won't be validated until the files are read."
"14-08-2026 13:52:15","170","Information","Microsoft-Windows-AppxPackagingOM","The streaming reader was created successfully for app package AppUp.IntelGraphicsExperience_1.100.5688.0_x64__8j3eq9eme6ctt."
"14-08-2026 13:52:15","216","Warning","Microsoft-Windows-AppxPackagingOM","App manifest validation warning: Declared namespace http://schemas.microsoft.com/developer/appx/2015/build is inapplicable, it will be ignored during manifest processing."
"14-08-2026 13:52:15","157","Information","Microsoft-Windows-AppxPackagingOM","The app package signature was validated for core content of the app package published by CN=EB51A5DA-0E72-4863-82E4-EA21C1F8DFE3. Payload won't be validated until the files are read."
"14-08-2026 13:52:13","170","Information","Microsoft-Windows-AppxPackagingOM","The streaming reader was created successfully for app package Microsoft.People_10.2202.100.0_neutral_split.scale-100_8wekyb3d8bbwe."
"14-08-2026 13:52:13","391","Information","Microsoft-Windows-AppxPackagingOM","The bundle streaming reader was created successfully for bundle AppUp.IntelGraphicsExperience_1.100.5688.0_neutral_~_8j3eq9eme6ctt."
"14-08-2026 13:52:13","164","Information","Microsoft-Windows-AppxPackagingOM","The app bundle signature was validated for core content of the app bundle published by CN=EB51A5DA-0E72-4863-82E4-EA21C1F8DFE3. App packages won't be validated until they are read."
"14-08-2026 13:52:13","157","Information","Microsoft-Windows-AppxPackagingOM","The app package signature was validated for core content of the app package published by CN=Microsoft Corporation, O=Microsoft Corporation, L=Redmond, S=Washington, C=US. Payload won't be validated until the files are read."
"14-08-2026 13:52:12","170","Information","Microsoft-Windows-AppxPackagingOM","The streaming reader was created successfully for app package Microsoft.People_10.2202.100.0_neutral_split.scale-150_8wekyb3d8bbwe."
"14-08-2026 13:52:12","157","Information","Microsoft-Windows-AppxPackagingOM","The app package signature was validated for core content of the app package published by CN=Microsoft Corporation, O=Microsoft Corporation, L=Redmond, S=Washington, C=US. Payload won't be validated until the files are read."
"14-08-2026 13:52:12","170","Information","Microsoft-Windows-AppxPackagingOM","The streaming reader was created successfully for app package Microsoft.People_10.2202.100.0_x64__8wekyb3d8bbwe."
"14-08-2026 13:52:12","216","Warning","Microsoft-Windows-AppxPackagingOM","App manifest validation warning: Declared namespace http://schemas.microsoft.com/developer/appx/2015/build is inapplicable, it will be ignored during manifest processing."
"14-08-2026 13:52:12","157","Information","Microsoft-Windows-AppxPackagingOM","The app package signature was validated for core content of the app package published by CN=Microsoft Corporation, O=Microsoft Corporation, L=Redmond, S=Washington, C=US. Payload won't be validated until the files are read."
"14-08-2026 13:52:11","391","Information","Microsoft-Windows-AppxPackagingOM","The bundle streaming reader was created successfully for bundle Microsoft.People_2021.2202.100.0_neutral_~_8wekyb3d8bbwe."
"14-08-2026 13:52:11","164","Information","Microsoft-Windows-AppxPackagingOM","The app bundle signature was validated for core content of the app bundle published by CN=Microsoft Corporation, O=Microsoft Corporation, L=Redmond, S=Washington, C=US. App packages won't be validated until they are read."
"14-08-2026 13:52:11","170","Information","Microsoft-Windows-AppxPackagingOM","The streaming reader was created successfully for app package Microsoft.MicrosoftStickyNotes_6.1.4.0_neutral_split.scale-100_8wekyb3d8bbwe."
"14-08-2026 13:52:10","157","Information","Microsoft-Windows-AppxPackagingOM","The app package signature was validated for core content of the app package published by CN=Microsoft Corporation, O=Microsoft Corporation, L=Redmond, S=Washington, C=US. Payload won't be validated until the files are read."
"14-08-2026 13:52:09","170","Information","Microsoft-Windows-AppxPackagingOM","The streaming reader was created successfully for app package Microsoft.MicrosoftStickyNotes_6.1.4.0_neutral_split.scale-150_8wekyb3d8bbwe."
"14-08-2026 13:52:09","157","Information","Microsoft-Windows-AppxPackagingOM","The app package signature was validated for core content of the app package published by CN=Microsoft Corporation, O=Microsoft Corporation, L=Redmond, S=Washington, C=US. Payload won't be validated until the files are read."
"14-08-2026 13:51:59","170","Information","Microsoft-Windows-AppxPackagingOM","The streaming reader was created successfully for app package Microsoft.MicrosoftStickyNotes_6.1.4.0_x64__8wekyb3d8bbwe."
"14-08-2026 13:51:59","216","Warning","Microsoft-Windows-AppxPackagingOM","App manifest validation warning: Declared namespace http://schemas.microsoft.com/developer/appx/2015/build is inapplicable, it will be ignored during manifest processing."
"14-08-2026 13:51:59","157","Information","Microsoft-Windows-AppxPackagingOM","The app package signature was validated for core content of the app package published by CN=Microsoft Corporation, O=Microsoft Corporation, L=Redmond, S=Washington, C=US. Payload won't be validated until the files are read."
"14-08-2026 13:51:58","391","Information","Microsoft-Windows-AppxPackagingOM","The bundle streaming reader was created successfully for bundle Microsoft.MicrosoftStickyNotes_6.1.4.0_neutral_~_8wekyb3d8bbwe."
"14-08-2026 13:51:58","164","Information","Microsoft-Windows-AppxPackagingOM","The app bundle signature was validated for core content of the app bundle published by CN=Microsoft Corporation, O=Microsoft Corporation, L=Redmond, S=Washington, C=US. App packages won't be validated until they are read."
"14-08-2026 13:48:46","216","Warning","Microsoft-Windows-AppxPackagingOM","App manifest validation warning: Declared namespace http://schemas.microsoft.com/developer/appx/2015/build is inapplicable, it will be ignored during manifest processing."
"14-08-2026 13:41:47","170","Information","Microsoft-Windows-AppxPackagingOM","The streaming reader was created successfully for app package Microsoft.WindowsAppRuntime.1.8_8000.946.1701.0_x86__8wekyb3d8bbwe."
"14-08-2026 13:41:46","157","Information","Microsoft-Windows-AppxPackagingOM","The app package signature was validated for core content of the app package published by CN=Microsoft Corporation, O=Microsoft Corporation, L=Redmond, S=Washington, C=US. Payload won't be validated until the files are read."
"14-08-2026 13:41:38","170","Information","Microsoft-Windows-AppxPackagingOM","The streaming reader was created successfully for app package Microsoft.WindowsAppRuntime.1.8_8000.946.1701.0_x64__8wekyb3d8bbwe."
"14-08-2026 13:41:37","157","Information","Microsoft-Windows-AppxPackagingOM","The app package signature was validated for core content of the app package published by CN=Microsoft Corporation, O=Microsoft Corporation, L=Redmond, S=Washington, C=US. Payload won't be validated until the files are read."
"14-08-2026 13:41:36","170","Information","Microsoft-Windows-AppxPackagingOM","The streaming reader was created successfully for app package Microsoft.WindowsAppRuntime.1.8_8000.946.1701.0_x86__8wekyb3d8bbwe."
"14-08-2026 13:41:36","157","Information","Microsoft-Windows-AppxPackagingOM","The app package signature was validated for core content of the app package published by CN=Microsoft Corporation, O=Microsoft Corporation, L=Redmond, S=Washington, C=US. Payload won't be validated until the files are read."
"14-08-2026 13:41:36","170","Information","Microsoft-Windows-AppxPackagingOM","The streaming reader was created successfully for app package Microsoft.WindowsAppRuntime.1.8_8000.946.1701.0_x64__8wekyb3d8bbwe."
"14-08-2026 13:41:36","157","Information","Microsoft-Windows-AppxPackagingOM","The app package signature was validated for core content of the app package published by CN=Microsoft Corporation, O=Microsoft Corporation, L=Redmond, S=Washington, C=US. Payload won't be validated until the files are read."
"14-08-2026 13:41:11","170","Information","Microsoft-Windows-AppxPackagingOM","The streaming reader was created successfully for app package Microsoft.WindowsAppRuntime.2_2.4.0.0_x86__8wekyb3d8bbwe."
"14-08-2026 13:41:11","157","Information","Microsoft-Windows-AppxPackagingOM","The app package signature was validated for core content of the app package published by CN=Microsoft Corporation, O=Microsoft Corporation, L=Redmond, S=Washington, C=US. Payload won't be validated until the files are read."
"14-08-2026 13:40:46","170","Information","Microsoft-Windows-AppxPackagingOM","The streaming reader was created successfully for app package Microsoft.WindowsAppRuntime.2_2.4.0.0_x64__8wekyb3d8bbwe."
"14-08-2026 13:40:46","157","Information","Microsoft-Windows-AppxPackagingOM","The app package signature was validated for core content of the app package published by CN=Microsoft Corporation, O=Microsoft Corporation, L=Redmond, S=Washington, C=US. Payload won't be validated until the files are read."
"14-08-2026 13:40:36","170","Information","Microsoft-Windows-AppxPackagingOM","The streaming reader was created successfully for app package Microsoft.WindowsAppRuntime.2_2.4.0.0_x86__8wekyb3d8bbwe."
"14-08-2026 13:40:36","157","Information","Microsoft-Windows-AppxPackagingOM","The app package signature was validated for core content of the app package published by CN=Microsoft Corporation, O=Microsoft Corporation, L=Redmond, S=Washington, C=US. Payload won't be validated until the files are read."
"14-08-2026 13:40:35","170","Information","Microsoft-Windows-AppxPackagingOM","The streaming reader was created successfully for app package Microsoft.WindowsAppRuntime.2_2.4.0.0_x64__8wekyb3d8bbwe."
"14-08-2026 13:40:35","157","Information","Microsoft-Windows-AppxPackagingOM","The app package signature was validated for core content of the app package published by CN=Microsoft Corporation, O=Microsoft Corporation, L=Redmond, S=Washington, C=US. Payload won't be validated until the files are read."
"14-08-2026 13:32:30","171","Information","Microsoft-Windows-AppxPackagingOM","The reader was created successfully for app package Microsoft.SecHealthUI_1000.29628.1000.0_x64__8wekyb3d8bbwe."
"14-08-2026 13:31:23","170","Information","Microsoft-Windows-AppxPackagingOM","The streaming reader was created successfully for app package Microsoft.MicrosoftOfficeHub_19.2608.39011.0_neutral_split.scale-100_8wekyb3d8bbwe."
"14-08-2026 13:31:23","157","Information","Microsoft-Windows-AppxPackagingOM","The app package signature was validated for core content of the app package published by CN=Microsoft Corporation, O=Microsoft Corporation, L=Redmond, S=Washington, C=US. Payload won't be validated until the files are read."
"14-08-2026 13:31:22","170","Information","Microsoft-Windows-AppxPackagingOM","The streaming reader was created successfully for app package Microsoft.MicrosoftOfficeHub_19.2608.39011.0_neutral_split.scale-150_8wekyb3d8bbwe."
"14-08-2026 13:31:22","157","Information","Microsoft-Windows-AppxPackagingOM","The app package signature was validated for core content of the app package published by CN=Microsoft Corporation, O=Microsoft Corporation, L=Redmond, S=Washington, C=US. Payload won't be validated until the files are read."
"14-08-2026 13:31:22","170","Information","Microsoft-Windows-AppxPackagingOM","The streaming reader was created successfully for app package Microsoft.MicrosoftOfficeHub_19.2608.39011.0_x64__8wekyb3d8bbwe."
"14-08-2026 13:31:22","216","Warning","Microsoft-Windows-AppxPackagingOM","App manifest validation warning: Declared namespace http://schemas.microsoft.com/developer/appx/2015/build is inapplicable, it will be ignored during manifest processing."
"14-08-2026 13:31:22","157","Information","Microsoft-Windows-AppxPackagingOM","The app package signature was validated for core content of the app package published by CN=Microsoft Corporation, O=Microsoft Corporation, L=Redmond, S=Washington, C=US. Payload won't be validated until the files are read."
"14-08-2026 13:31:21","391","Information","Microsoft-Windows-AppxPackagingOM","The bundle streaming reader was created successfully for bundle Microsoft.MicrosoftOfficeHub_2026.809.1501.0_neutral_~_8wekyb3d8bbwe."
"14-08-2026 13:31:21","164","Information","Microsoft-Windows-AppxPackagingOM","The app bundle signature was validated for core content of the app bundle published by CN=Microsoft Corporation, O=Microsoft Corporation, L=Redmond, S=Washington, C=US. App packages won't be validated until they are read."
"14-08-2026 13:31:18","170","Information","Microsoft-Windows-AppxPackagingOM","The streaming reader was created successfully for app package Microsoft.MicrosoftOfficeHub_19.2608.39011.0_neutral_split.scale-100_8wekyb3d8bbwe."
"14-08-2026 13:31:17","157","Information","Microsoft-Windows-AppxPackagingOM","The app package signature was validated for core content of the app package published by CN=Microsoft Corporation, O=Microsoft Corporation, L=Redmond, S=Washington, C=US. Payload won't be validated until the files are read."
"14-08-2026 13:31:17","170","Information","Microsoft-Windows-AppxPackagingOM","The streaming reader was created successfully for app package Microsoft.MicrosoftOfficeHub_19.2608.39011.0_neutral_split.scale-150_8wekyb3d8bbwe."
"14-08-2026 13:31:17","157","Information","Microsoft-Windows-AppxPackagingOM","The app package signature was validated for core content of the app package published by CN=Microsoft Corporation, O=Microsoft Corporation, L=Redmond, S=Washington, C=US. Payload won't be validated until the files are read."
"14-08-2026 13:31:16","170","Information","Microsoft-Windows-AppxPackagingOM","The streaming reader was created successfully for app package Microsoft.MicrosoftOfficeHub_19.2608.39011.0_x64__8wekyb3d8bbwe."
"14-08-2026 13:31:16","216","Warning","Microsoft-Windows-AppxPackagingOM","App manifest validation warning: Declared namespace http://schemas.microsoft.com/developer/appx/2015/build is inapplicable, it will be ignored during manifest processing."
"14-08-2026 13:31:16","157","Information","Microsoft-Windows-AppxPackagingOM","The app package signature was validated for core content of the app package published by CN=Microsoft Corporation, O=Microsoft Corporation, L=Redmond, S=Washington, C=US. Payload won't be validated until the files are read."
"14-08-2026 13:31:15","391","Information","Microsoft-Windows-AppxPackagingOM","The bundle streaming reader was created successfully for bundle Microsoft.MicrosoftOfficeHub_2026.809.1501.0_neutral_~_8wekyb3d8bbwe."
"14-08-2026 13:31:15","164","Information","Microsoft-Windows-AppxPackagingOM","The app bundle signature was validated for core content of the app bundle published by CN=Microsoft Corporation, O=Microsoft Corporation, L=Redmond, S=Washington, C=US. App packages won't be validated until they are read."
"13-08-2026 18:29:21","171","Information","Microsoft-Windows-AppxPackagingOM","The reader was created successfully for app package Microsoft.SecHealthUI_1000.29628.1000.0_x64__8wekyb3d8bbwe."
"13-08-2026 18:06:28","216","Warning","Microsoft-Windows-AppxPackagingOM","App manifest validation warning: Declared namespace http://schemas.microsoft.com/developer/appx/2015/build is inapplicable, it will be ignored during manifest processing."
"13-08-2026 18:00:45","171","Information","Microsoft-Windows-AppxPackagingOM","The reader was created successfully for app package Microsoft.SecHealthUI_1000.29628.1000.0_x64__8wekyb3d8bbwe."
"13-08-2026 17:30:10","171","Information","Microsoft-Windows-AppxPackagingOM","The reader was created successfully for app package Microsoft.SecHealthUI_1000.29628.1000.0_x64__8wekyb3d8bbwe."
"13-08-2026 17:06:28","216","Warning","Microsoft-Windows-AppxPackagingOM","App manifest validation warning: Declared namespace http://schemas.microsoft.com/developer/appx/2015/build is inapplicable, it will be ignored during manifest processing."
"13-08-2026 16:57:41","171","Information","Microsoft-Windows-AppxPackagingOM","The reader was created successfully for app package Microsoft.SecHealthUI_1000.29628.1000.0_x64__8wekyb3d8bbwe."
"13-08-2026 16:06:27","216","Warning","Microsoft-Windows-AppxPackagingOM","App manifest validation warning: Declared namespace http://schemas.microsoft.com/developer/appx/2015/build is inapplicable, it will be ignored during manifest processing."
"13-08-2026 15:06:27","216","Warning","Microsoft-Windows-AppxPackagingOM","App manifest validation warning: Declared namespace http://schemas.microsoft.com/developer/appx/2015/build is inapplicable, it will be ignored during manifest processing."
"13-08-2026 14:11:09","171","Information","Microsoft-Windows-AppxPackagingOM","The reader was created successfully for app package Microsoft.SecHealthUI_1000.29628.1000.0_x64__8wekyb3d8bbwe."
"13-08-2026 14:06:26","216","Warning","Microsoft-Windows-AppxPackagingOM","App manifest validation warning: Declared namespace http://schemas.microsoft.com/developer/appx/2015/build is inapplicable, it will be ignored during manifest processing."
"13-08-2026 13:06:26","216","Warning","Microsoft-Windows-AppxPackagingOM","App manifest validation warning: Declared namespace http://schemas.microsoft.com/developer/appx/2015/build is inapplicable, it will be ignored during manifest processing."
"13-08-2026 12:44:24","171","Information","Microsoft-Windows-AppxPackagingOM","The reader was created successfully for app package Microsoft.SecHealthUI_1000.29628.1000.0_x64__8wekyb3d8bbwe."
"13-08-2026 12:06:25","216","Warning","Microsoft-Windows-AppxPackagingOM","App manifest validation warning: Declared namespace http://schemas.microsoft.com/developer/appx/2015/build is inapplicable, it will be ignored during manifest processing."
"13-08-2026 12:02:54","170","Information","Microsoft-Windows-AppxPackagingOM","The streaming reader was created successfully for app package Microsoft.MicrosoftStickyNotes_6.1.4.0_neutral_split.scale-100_8wekyb3d8bbwe."
"13-08-2026 12:02:54","157","Information","Microsoft-Windows-AppxPackagingOM","The app package signature was validated for core content of the app package published by CN=Microsoft Corporation, O=Microsoft Corporation, L=Redmond, S=Washington, C=US. Payload won't be validated until the files are read."
"13-08-2026 12:02:53","170","Information","Microsoft-Windows-AppxPackagingOM","The streaming reader was created successfully for app package Microsoft.MicrosoftStickyNotes_6.1.4.0_neutral_split.scale-150_8wekyb3d8bbwe."
"13-08-2026 12:02:53","157","Information","Microsoft-Windows-AppxPackagingOM","The app package signature was validated for core content of the app package published by CN=Microsoft Corporation, O=Microsoft Corporation, L=Redmond, S=Washington, C=US. Payload won't be validated until the files are read."
"13-08-2026 12:02:53","170","Information","Microsoft-Windows-AppxPackagingOM","The streaming reader was created successfully for app package AppUp.IntelGraphicsExperience_1.100.5688.0_neutral_split.scale-100_8j3eq9eme6ctt."
"13-08-2026 12:02:53","157","Information","Microsoft-Windows-AppxPackagingOM","The app package signature was validated for core content of the app package published by CN=EB51A5DA-0E72-4863-82E4-EA21C1F8DFE3. Payload won't be validated until the files are read."
"13-08-2026 12:02:52","170","Information","Microsoft-Windows-AppxPackagingOM","The streaming reader was created successfully for app package Microsoft.MicrosoftStickyNotes_6.1.4.0_x64__8wekyb3d8bbwe."
"13-08-2026 12:02:52","216","Warning","Microsoft-Windows-AppxPackagingOM","App manifest validation warning: Declared namespace http://schemas.microsoft.com/developer/appx/2015/build is inapplicable, it will be ignored during manifest processing."
"13-08-2026 12:02:52","157","Information","Microsoft-Windows-AppxPackagingOM","The app package signature was validated for core content of the app package published by CN=Microsoft Corporation, O=Microsoft Corporation, L=Redmond, S=Washington, C=US. Payload won't be validated until the files are read."
"13-08-2026 12:02:52","170","Information","Microsoft-Windows-AppxPackagingOM","The streaming reader was created successfully for app package AppUp.IntelGraphicsExperience_1.100.5688.0_neutral_split.scale-150_8j3eq9eme6ctt."
"13-08-2026 12:02:51","157","Information","Microsoft-Windows-AppxPackagingOM","The app package signature was validated for core content of the app package published by CN=EB51A5DA-0E72-4863-82E4-EA21C1F8DFE3. Payload won't be validated until the files are read."
"13-08-2026 12:02:51","170","Information","Microsoft-Windows-AppxPackagingOM","The streaming reader was created successfully for app package AppUp.IntelGraphicsExperience_1.100.5688.0_x64__8j3eq9eme6ctt."
"13-08-2026 12:02:51","216","Warning","Microsoft-Windows-AppxPackagingOM","App manifest validation warning: Declared namespace http://schemas.microsoft.com/developer/appx/2015/build is inapplicable, it will be ignored during manifest processing."
"13-08-2026 12:02:51","157","Information","Microsoft-Windows-AppxPackagingOM","The app package signature was validated for core content of the app package published by CN=EB51A5DA-0E72-4863-82E4-EA21C1F8DFE3. Payload won't be validated until the files are read."
"13-08-2026 12:02:50","391","Information","Microsoft-Windows-AppxPackagingOM","The bundle streaming reader was created successfully for bundle AppUp.IntelGraphicsExperience_1.100.5688.0_neutral_~_8j3eq9eme6ctt."
"13-08-2026 12:02:50","164","Information","Microsoft-Windows-AppxPackagingOM","The app bundle signature was validated for core content of the app bundle published by CN=EB51A5DA-0E72-4863-82E4-EA21C1F8DFE3. App packages won't be validated until they are read."
"13-08-2026 12:02:49","391","Information","Microsoft-Windows-AppxPackagingOM","The bundle streaming reader was created successfully for bundle Microsoft.MicrosoftStickyNotes_6.1.4.0_neutral_~_8wekyb3d8bbwe."
"13-08-2026 12:02:49","164","Information","Microsoft-Windows-AppxPackagingOM","The app bundle signature was validated for core content of the app bundle published by CN=Microsoft Corporation, O=Microsoft Corporation, L=Redmond, S=Washington, C=US. App packages won't be validated until they are read."
"13-08-2026 12:02:39","170","Information","Microsoft-Windows-AppxPackagingOM","The streaming reader was created successfully for app package Microsoft.People_10.2202.100.0_neutral_split.scale-100_8wekyb3d8bbwe."
"13-08-2026 12:02:39","157","Information","Microsoft-Windows-AppxPackagingOM","The app package signature was validated for core content of the app package published by CN=Microsoft Corporation, O=Microsoft Corporation, L=Redmond, S=Washington, C=US. Payload won't be validated until the files are read."
"13-08-2026 12:02:39","170","Information","Microsoft-Windows-AppxPackagingOM","The streaming reader was created successfully for app package Microsoft.People_10.2202.100.0_neutral_split.scale-150_8wekyb3d8bbwe."
"13-08-2026 12:02:38","157","Information","Microsoft-Windows-AppxPackagingOM","The app package signature was validated for core content of the app package published by CN=Microsoft Corporation, O=Microsoft Corporation, L=Redmond, S=Washington, C=US. Payload won't be validated until the files are read."
"13-08-2026 12:02:38","170","Information","Microsoft-Windows-AppxPackagingOM","The streaming reader was created successfully for app package Microsoft.People_10.2202.100.0_x64__8wekyb3d8bbwe."
"13-08-2026 12:02:38","216","Warning","Microsoft-Windows-AppxPackagingOM","App manifest validation warning: Declared namespace http://schemas.microsoft.com/developer/appx/2015/build is inapplicable, it will be ignored during manifest processing."
"13-08-2026 12:02:38","157","Information","Microsoft-Windows-AppxPackagingOM","The app package signature was validated for core content of the app package published by CN=Microsoft Corporation, O=Microsoft Corporation, L=Redmond, S=Washington, C=US. Payload won't be validated until the files are read."
"13-08-2026 12:02:37","391","Information","Microsoft-Windows-AppxPackagingOM","The bundle streaming reader was created successfully for bundle Microsoft.People_2021.2202.100.0_neutral_~_8wekyb3d8bbwe."
"13-08-2026 12:02:37","164","Information","Microsoft-Windows-AppxPackagingOM","The app bundle signature was validated for core content of the app bundle published by CN=Microsoft Corporation, O=Microsoft Corporation, L=Redmond, S=Washington, C=US. App packages won't be validated until they are read."
"13-08-2026 12:02:36","170","Information","Microsoft-Windows-AppxPackagingOM","The streaming reader was created successfully for app package Microsoft.MicrosoftOfficeHub_19.2608.39011.0_neutral_split.scale-100_8wekyb3d8bbwe."
"13-08-2026 12:02:35","157","Information","Microsoft-Windows-AppxPackagingOM","The app package signature was validated for core content of the app package published by CN=Microsoft Corporation, O=Microsoft Corporation, L=Redmond, S=Washington, C=US. Payload won't be validated until the files are read."
"13-08-2026 12:02:35","170","Information","Microsoft-Windows-AppxPackagingOM","The streaming reader was created successfully for app package Microsoft.MicrosoftOfficeHub_19.2608.39011.0_neutral_split.scale-150_8wekyb3d8bbwe."
"13-08-2026 12:02:35","157","Information","Microsoft-Windows-AppxPackagingOM","The app package signature was validated for core content of the app package published by CN=Microsoft Corporation, O=Microsoft Corporation, L=Redmond, S=Washington, C=US. Payload won't be validated until the files are read."
"13-08-2026 12:02:34","170","Information","Microsoft-Windows-AppxPackagingOM","The streaming reader was created successfully for app package Microsoft.MicrosoftOfficeHub_19.2608.39011.0_x64__8wekyb3d8bbwe."
"13-08-2026 12:02:34","216","Warning","Microsoft-Windows-AppxPackagingOM","App manifest validation warning: Declared namespace http://schemas.microsoft.com/developer/appx/2015/build is inapplicable, it will be ignored during manifest processing."
"13-08-2026 12:02:34","157","Information","Microsoft-Windows-AppxPackagingOM","The app package signature was validated for core content of the app package published by CN=Microsoft Corporation, O=Microsoft Corporation, L=Redmond, S=Washington, C=US. Payload won't be validated until the files are read."
"13-08-2026 12:02:33","391","Information","Microsoft-Windows-AppxPackagingOM","The bundle streaming reader was created successfully for bundle Microsoft.MicrosoftOfficeHub_2026.809.1501.0_neutral_~_8wekyb3d8bbwe."
"13-08-2026 12:02:33","164","Information","Microsoft-Windows-AppxPackagingOM","The app bundle signature was validated for core content of the app bundle published by CN=Microsoft Corporation, O=Microsoft Corporation, L=Redmond, S=Washington, C=US. App packages won't be validated until they are read."
"13-08-2026 11:12:26","171","Information","Microsoft-Windows-AppxPackagingOM","The reader was created successfully for app package Microsoft.SecHealthUI_1000.29628.1000.0_x64__8wekyb3d8bbwe."
"13-08-2026 11:06:24","216","Warning","Microsoft-Windows-AppxPackagingOM","App manifest validation warning: Declared namespace http://schemas.microsoft.com/developer/appx/2015/build is inapplicable, it will be ignored during manifest processing."
"13-08-2026 10:06:24","216","Warning","Microsoft-Windows-AppxPackagingOM","App manifest validation warning: Declared namespace http://schemas.microsoft.com/developer/appx/2015/build is inapplicable, it will be ignored during manifest processing."
"13-08-2026 09:36:47","171","Information","Microsoft-Windows-AppxPackagingOM","The reader was created successfully for app package Microsoft.SecHealthUI_1000.29628.1000.0_x64__8wekyb3d8bbwe."
"13-08-2026 09:23:37","171","Information","Microsoft-Windows-AppxPackagingOM","The reader was created successfully for app package Microsoft.SecHealthUI_1000.29628.1000.0_x64__8wekyb3d8bbwe."
"13-08-2026 09:16:49","170","Information","Microsoft-Windows-AppxPackagingOM","The streaming reader was created successfully for app package Microsoft.WindowsAppRuntime.2_2.2.0.0_x86__8wekyb3d8bbwe."
"13-08-2026 09:16:49","157","Information","Microsoft-Windows-AppxPackagingOM","The app package signature was validated for core content of the app package published by CN=Microsoft Corporation, O=Microsoft Corporation, L=Redmond, S=Washington, C=US. Payload won't be validated until the files are read."
"12-08-2026 20:18:09","216","Warning","Microsoft-Windows-AppxPackagingOM","App manifest validation warning: Declared namespace http://schemas.microsoft.com/developer/appx/2015/build is inapplicable, it will be ignored during manifest processing."
"12-08-2026 19:23:18","171","Information","Microsoft-Windows-AppxPackagingOM","The reader was created successfully for app package Microsoft.SecHealthUI_1000.29628.1000.0_x64__8wekyb3d8bbwe."
"12-08-2026 19:18:08","216","Warning","Microsoft-Windows-AppxPackagingOM","App manifest validation warning: Declared namespace http://schemas.microsoft.com/developer/appx/2015/build is inapplicable, it will be ignored during manifest processing."
"12-08-2026 18:18:07","216","Warning","Microsoft-Windows-AppxPackagingOM","App manifest validation warning: Declared namespace http://schemas.microsoft.com/developer/appx/2015/build is inapplicable, it will be ignored during manifest processing."
"12-08-2026 17:24:18","171","Information","Microsoft-Windows-AppxPackagingOM","The reader was created successfully for app package Microsoft.SecHealthUI_1000.29628.1000.0_x64__8wekyb3d8bbwe."
"12-08-2026 17:18:06","216","Warning","Microsoft-Windows-AppxPackagingOM","App manifest validation warning: Declared namespace http://schemas.microsoft.com/developer/appx/2015/build is inapplicable, it will be ignored during manifest processing."
"12-08-2026 16:18:05","216","Warning","Microsoft-Windows-AppxPackagingOM","App manifest validation warning: Declared namespace http://schemas.microsoft.com/developer/appx/2015/build is inapplicable, it will be ignored during manifest processing."
"12-08-2026 16:03:18","171","Information","Microsoft-Windows-AppxPackagingOM","The reader was created successfully for app package Microsoft.SecHealthUI_1000.29628.1000.0_x64__8wekyb3d8bbwe."
"12-08-2026 15:54:16","171","Information","Microsoft-Windows-AppxPackagingOM","The reader was created successfully for app package Microsoft.SecHealthUI_1000.29628.1000.0_x64__8wekyb3d8bbwe."
"12-08-2026 15:18:04","216","Warning","Microsoft-Windows-AppxPackagingOM","App manifest validation warning: Declared namespace http://schemas.microsoft.com/developer/appx/2015/build is inapplicable, it will be ignored during manifest processing."
"12-08-2026 15:05:48","171","Information","Microsoft-Windows-AppxPackagingOM","The reader was created successfully for app package Microsoft.SecHealthUI_1000.29628.1000.0_x64__8wekyb3d8bbwe."
"12-08-2026 14:27:56","171","Information","Microsoft-Windows-AppxPackagingOM","The reader was created successfully for app package Microsoft.SecHealthUI_1000.29628.1000.0_x64__8wekyb3d8bbwe."
"12-08-2026 14:18:03","216","Warning","Microsoft-Windows-AppxPackagingOM","App manifest validation warning: Declared namespace http://schemas.microsoft.com/developer/appx/2015/build is inapplicable, it will be ignored during manifest processing."
"12-08-2026 13:52:52","170","Information","Microsoft-Windows-AppxPackagingOM","The streaming reader was created successfully for app package Microsoft.OneDriveSync_26139.720.7.0_neutral__8wekyb3d8bbwe."
"12-08-2026 13:52:52","157","Information","Microsoft-Windows-AppxPackagingOM","The app package signature was validated for core content of the app package published by CN=Microsoft Corporation, O=Microsoft Corporation, L=Redmond, S=Washington, C=US. Payload won't be validated until the files are read."
"12-08-2026 13:52:44","170","Information","Microsoft-Windows-AppxPackagingOM","The streaming reader was created successfully for app package Microsoft.OneDriveSync_26139.720.7.0_neutral__8wekyb3d8bbwe."
"12-08-2026 13:52:44","157","Information","Microsoft-Windows-AppxPackagingOM","The app package signature was validated for core content of the app package published by CN=Microsoft Corporation, O=Microsoft Corporation, L=Redmond, S=Washington, C=US. Payload won't be validated until the files are read."
"12-08-2026 13:21:21","171","Information","Microsoft-Windows-AppxPackagingOM","The reader was created successfully for app package Microsoft.SecHealthUI_1000.29628.1000.0_x64__8wekyb3d8bbwe."
"12-08-2026 13:18:02","216","Warning","Microsoft-Windows-AppxPackagingOM","App manifest validation warning: Declared namespace http://schemas.microsoft.com/developer/appx/2015/build is inapplicable, it will be ignored during manifest processing."
"12-08-2026 12:52:23","171","Information","Microsoft-Windows-AppxPackagingOM","The reader was created successfully for app package Microsoft.SecHealthUI_1000.29628.1000.0_x64__8wekyb3d8bbwe."
"12-08-2026 12:18:01","216","Warning","Microsoft-Windows-AppxPackagingOM","App manifest validation warning: Declared namespace http://schemas.microsoft.com/developer/appx/2015/build is inapplicable, it will be ignored during manifest processing."
"12-08-2026 12:16:55","171","Information","Microsoft-Windows-AppxPackagingOM","The reader was created successfully for app package Microsoft.SecHealthUI_1000.29628.1000.0_x64__8wekyb3d8bbwe."
"12-08-2026 11:50:07","171","Information","Microsoft-Windows-AppxPackagingOM","The reader was created successfully for app package Microsoft.SecHealthUI_1000.29628.1000.0_x64__8wekyb3d8bbwe."
"12-08-2026 11:26:36","171","Information","Microsoft-Windows-AppxPackagingOM","The reader was created successfully for app package Microsoft.SecHealthUI_1000.29628.1000.0_x64__8wekyb3d8bbwe."
"12-08-2026 11:25:50","171","Information","Microsoft-Windows-AppxPackagingOM","The reader was created successfully for app package Microsoft.SecHealthUI_1000.29628.1000.0_x64__8wekyb3d8bbwe."
"12-08-2026 11:18:01","216","Warning","Microsoft-Windows-AppxPackagingOM","App manifest validation warning: Declared namespace http://schemas.microsoft.com/developer/appx/2015/build is inapplicable, it will be ignored during manifest processing."
"12-08-2026 10:49:36","170","Information","Microsoft-Windows-AppxPackagingOM","The streaming reader was created successfully for app package MicrosoftWindows.Client.WebExperience_526.21100.40.0_x64__cw5n1h2txyewy."
"12-08-2026 10:49:35","157","Information","Microsoft-Windows-AppxPackagingOM","The app package signature was validated for core content of the app package published by CN=Microsoft Windows, O=Microsoft Corporation, L=Redmond, S=Washington, C=US. Payload won't be validated until the files are read."
"12-08-2026 10:48:54","170","Information","Microsoft-Windows-AppxPackagingOM","The streaming reader was created successfully for app package AppUp.IntelGraphicsExperience_1.100.5688.0_neutral_split.scale-100_8j3eq9eme6ctt."
"12-08-2026 10:48:54","157","Information","Microsoft-Windows-AppxPackagingOM","The app package signature was validated for core content of the app package published by CN=EB51A5DA-0E72-4863-82E4-EA21C1F8DFE3. Payload won't be validated until the files are read."
"12-08-2026 10:48:27","391","Information","Microsoft-Windows-AppxPackagingOM","The bundle streaming reader was created successfully for bundle MicrosoftWindows.Client.WebExperience_526.21100.40.0_neutral_~_cw5n1h2txyewy."
"12-08-2026 10:48:27","164","Information","Microsoft-Windows-AppxPackagingOM","The app bundle signature was validated for core content of the app bundle published by CN=Microsoft Windows, O=Microsoft Corporation, L=Redmond, S=Washington, C=US. App packages won't be validated until they are read."
"12-08-2026 10:48:03","170","Information","Microsoft-Windows-AppxPackagingOM","The streaming reader was created successfully for app package MicrosoftCorporationII.QuickAssist_2.0.57.0_neutral_split.scale-100_8wekyb3d8bbwe."
"12-08-2026 10:48:03","157","Information","Microsoft-Windows-AppxPackagingOM","The app package signature was validated for core content of the app package published by CN=Microsoft Corporation, O=Microsoft Corporation, L=Redmond, S=Washington, C=US. Payload won't be validated until the files are read."
"12-08-2026 10:47:55","170","Information","Microsoft-Windows-AppxPackagingOM","The streaming reader was created successfully for app package MicrosoftCorporationII.QuickAssist_2.0.57.0_neutral_split.scale-150_8wekyb3d8bbwe."
"12-08-2026 10:47:54","157","Information","Microsoft-Windows-AppxPackagingOM","The app package signature was validated for core content of the app package published by CN=Microsoft Corporation, O=Microsoft Corporation, L=Redmond, S=Washington, C=US. Payload won't be validated until the files are read."
"12-08-2026 10:47:49","170","Information","Microsoft-Windows-AppxPackagingOM","The streaming reader was created successfully for app package AppUp.IntelGraphicsExperience_1.100.5688.0_neutral_split.scale-150_8j3eq9eme6ctt."
"12-08-2026 10:47:49","157","Information","Microsoft-Windows-AppxPackagingOM","The app package signature was validated for core content of the app package published by CN=EB51A5DA-0E72-4863-82E4-EA21C1F8DFE3. Payload won't be validated until the files are read."
"12-08-2026 10:47:49","170","Information","Microsoft-Windows-AppxPackagingOM","The streaming reader was created successfully for app package AppUp.IntelGraphicsExperience_1.100.5688.0_x64__8j3eq9eme6ctt."
"12-08-2026 10:47:49","216","Warning","Microsoft-Windows-AppxPackagingOM","App manifest validation warning: Declared namespace http://schemas.microsoft.com/developer/appx/2015/build is inapplicable, it will be ignored during manifest processing."
