"TimeCreated","Id","LevelDisplayName","ProviderName","Message"
"24-07-2026 10:30:46","10","Information","Microsoft-Windows-WindowsSystemAssessmentTool","150"
"24-07-2026 10:30:46","3","Information","Microsoft-Windows-WindowsSystemAssessmentTool","WinSAT Application Stop: 0"
"24-07-2026 10:30:46","10","Information","Microsoft-Windows-WindowsSystemAssessmentTool","140"
"24-07-2026 10:30:46","9","Information","Microsoft-Windows-WindowsSystemAssessmentTool","140:Restore system policies"
"24-07-2026 10:30:46","9","Information","Microsoft-Windows-WindowsSystemAssessmentTool","150:Cleanup and exit"
"24-07-2026 10:30:46","10","Information","Microsoft-Windows-WindowsSystemAssessmentTool","130"
"24-07-2026 10:30:46","9","Information","Microsoft-Windows-WindowsSystemAssessmentTool","130:Process Results"
"24-07-2026 10:30:46","10","Information","Microsoft-Windows-WindowsSystemAssessmentTool","1004"
"24-07-2026 10:30:45","9","Information","Microsoft-Windows-WindowsSystemAssessmentTool","1004:Run Assessment, disk, -wsswap -drive C:"
"24-07-2026 10:30:45","10","Information","Microsoft-Windows-WindowsSystemAssessmentTool","30"
"24-07-2026 10:30:45","10","Information","Microsoft-Windows-WindowsSystemAssessmentTool","40"
"24-07-2026 10:30:45","9","Information","Microsoft-Windows-WindowsSystemAssessmentTool","40:Gather CPU information"
"24-07-2026 10:30:45","9","Information","Microsoft-Windows-WindowsSystemAssessmentTool","30:Gathering Key Info"
"24-07-2026 10:30:45","10","Information","Microsoft-Windows-WindowsSystemAssessmentTool","10"
"24-07-2026 10:30:45","10","Information","Microsoft-Windows-WindowsSystemAssessmentTool","20"
"24-07-2026 10:30:45","9","Information","Microsoft-Windows-WindowsSystemAssessmentTool","20:Modify system policies"
"24-07-2026 10:30:45","2","Information","Microsoft-Windows-WindowsSystemAssessmentTool","WinSAT Application Command Line ""C:\Windows\system32\winsat.exe"" disk -wsswap"
"24-07-2026 10:30:45","9","Information","Microsoft-Windows-WindowsSystemAssessmentTool","10:Application Intializaton"
"24-07-2026 10:30:45","1","Information","Microsoft-Windows-WindowsSystemAssessmentTool","WinSAT Application Start: ‎2026‎-‎07‎-‎24T05:00:45.855463300Z"
"24-07-2026 10:29:34","10","Information","Microsoft-Windows-WindowsSystemAssessmentTool","150"
"24-07-2026 10:29:34","3","Information","Microsoft-Windows-WindowsSystemAssessmentTool","WinSAT Application Stop: 0"
"24-07-2026 10:29:34","10","Information","Microsoft-Windows-WindowsSystemAssessmentTool","140"
"24-07-2026 10:29:34","9","Information","Microsoft-Windows-WindowsSystemAssessmentTool","140:Restore system policies"
"24-07-2026 10:29:34","9","Information","Microsoft-Windows-WindowsSystemAssessmentTool","150:Cleanup and exit"
"24-07-2026 10:29:34","10","Information","Microsoft-Windows-WindowsSystemAssessmentTool","130"
"24-07-2026 10:29:34","9","Information","Microsoft-Windows-WindowsSystemAssessmentTool","130:Process Results"
"24-07-2026 10:29:34","10","Information","Microsoft-Windows-WindowsSystemAssessmentTool","1004"
"24-07-2026 10:29:33","9","Information","Microsoft-Windows-WindowsSystemAssessmentTool","1004:Run Assessment, disk, -wsswap -drive C:"
"24-07-2026 10:29:33","10","Information","Microsoft-Windows-WindowsSystemAssessmentTool","30"
"24-07-2026 10:29:33","10","Information","Microsoft-Windows-WindowsSystemAssessmentTool","40"
"24-07-2026 10:29:33","9","Information","Microsoft-Windows-WindowsSystemAssessmentTool","40:Gather CPU information"
"24-07-2026 10:29:33","9","Information","Microsoft-Windows-WindowsSystemAssessmentTool","30:Gathering Key Info"
"24-07-2026 10:29:33","10","Information","Microsoft-Windows-WindowsSystemAssessmentTool","10"
"24-07-2026 10:29:33","10","Information","Microsoft-Windows-WindowsSystemAssessmentTool","20"
"24-07-2026 10:29:33","9","Information","Microsoft-Windows-WindowsSystemAssessmentTool","20:Modify system policies"
"24-07-2026 10:29:33","2","Information","Microsoft-Windows-WindowsSystemAssessmentTool","WinSAT Application Command Line ""C:\Windows\system32\winsat.exe"" disk -wsswap"
"24-07-2026 10:29:33","9","Information","Microsoft-Windows-WindowsSystemAssessmentTool","10:Application Intializaton"
"24-07-2026 10:29:33","1","Information","Microsoft-Windows-WindowsSystemAssessmentTool","WinSAT Application Start: ‎2026‎-‎07‎-‎24T04:59:33.287804200Z"
"23-06-2026 09:34:48","10","Information","Microsoft-Windows-WindowsSystemAssessmentTool","150"
"23-06-2026 09:34:48","3","Information","Microsoft-Windows-WindowsSystemAssessmentTool","WinSAT Application Stop: 0"
"23-06-2026 09:34:48","10","Information","Microsoft-Windows-WindowsSystemAssessmentTool","140"
"23-06-2026 09:34:48","9","Information","Microsoft-Windows-WindowsSystemAssessmentTool","140:Restore system policies"
"23-06-2026 09:34:48","9","Information","Microsoft-Windows-WindowsSystemAssessmentTool","150:Cleanup and exit"
"23-06-2026 09:34:48","10","Information","Microsoft-Windows-WindowsSystemAssessmentTool","130"
"23-06-2026 09:34:48","9","Information","Microsoft-Windows-WindowsSystemAssessmentTool","130:Process Results"
"23-06-2026 09:34:48","10","Information","Microsoft-Windows-WindowsSystemAssessmentTool","1004"
"23-06-2026 09:34:48","9","Information","Microsoft-Windows-WindowsSystemAssessmentTool","1004:Run Assessment, disk, -wsswap -drive C:"
"23-06-2026 09:34:48","10","Information","Microsoft-Windows-WindowsSystemAssessmentTool","30"
"23-06-2026 09:34:48","10","Information","Microsoft-Windows-WindowsSystemAssessmentTool","40"
"23-06-2026 09:34:48","9","Information","Microsoft-Windows-WindowsSystemAssessmentTool","40:Gather CPU information"
"23-06-2026 09:34:48","9","Information","Microsoft-Windows-WindowsSystemAssessmentTool","30:Gathering Key Info"
"23-06-2026 09:34:48","10","Information","Microsoft-Windows-WindowsSystemAssessmentTool","10"
"23-06-2026 09:34:48","10","Information","Microsoft-Windows-WindowsSystemAssessmentTool","20"
"23-06-2026 09:34:48","9","Information","Microsoft-Windows-WindowsSystemAssessmentTool","20:Modify system policies"
"23-06-2026 09:34:48","2","Information","Microsoft-Windows-WindowsSystemAssessmentTool","WinSAT Application Command Line ""C:\Windows\system32\winsat.exe"" disk -wsswap"
"23-06-2026 09:34:48","9","Information","Microsoft-Windows-WindowsSystemAssessmentTool","10:Application Intializaton"
"23-06-2026 09:34:48","1","Information","Microsoft-Windows-WindowsSystemAssessmentTool","WinSAT Application Start: ‎2026‎-‎06‎-‎23T04:04:48.190130600Z"
"23-06-2026 09:34:46","10","Information","Microsoft-Windows-WindowsSystemAssessmentTool","150"
"23-06-2026 09:34:46","3","Information","Microsoft-Windows-WindowsSystemAssessmentTool","WinSAT Application Stop: 0"
"23-06-2026 09:34:46","10","Information","Microsoft-Windows-WindowsSystemAssessmentTool","140"
"23-06-2026 09:34:46","9","Information","Microsoft-Windows-WindowsSystemAssessmentTool","140:Restore system policies"
"23-06-2026 09:34:46","9","Information","Microsoft-Windows-WindowsSystemAssessmentTool","150:Cleanup and exit"
"23-06-2026 09:34:46","10","Information","Microsoft-Windows-WindowsSystemAssessmentTool","130"
"23-06-2026 09:34:46","9","Information","Microsoft-Windows-WindowsSystemAssessmentTool","130:Process Results"
"23-06-2026 09:34:46","10","Information","Microsoft-Windows-WindowsSystemAssessmentTool","1004"
"23-06-2026 09:34:46","9","Information","Microsoft-Windows-WindowsSystemAssessmentTool","1004:Run Assessment, disk, -wsswap -drive C:"
"23-06-2026 09:34:46","10","Information","Microsoft-Windows-WindowsSystemAssessmentTool","30"
"23-06-2026 09:34:46","10","Information","Microsoft-Windows-WindowsSystemAssessmentTool","40"
"23-06-2026 09:34:46","9","Information","Microsoft-Windows-WindowsSystemAssessmentTool","40:Gather CPU information"
"23-06-2026 09:34:46","9","Information","Microsoft-Windows-WindowsSystemAssessmentTool","30:Gathering Key Info"
"23-06-2026 09:34:46","10","Information","Microsoft-Windows-WindowsSystemAssessmentTool","10"
"23-06-2026 09:34:46","10","Information","Microsoft-Windows-WindowsSystemAssessmentTool","20"
"23-06-2026 09:34:46","9","Information","Microsoft-Windows-WindowsSystemAssessmentTool","20:Modify system policies"
"23-06-2026 09:34:46","2","Information","Microsoft-Windows-WindowsSystemAssessmentTool","WinSAT Application Command Line ""C:\Windows\system32\winsat.exe"" disk -wsswap"
"23-06-2026 09:34:46","9","Information","Microsoft-Windows-WindowsSystemAssessmentTool","10:Application Intializaton"
"23-06-2026 09:34:46","1","Information","Microsoft-Windows-WindowsSystemAssessmentTool","WinSAT Application Start: ‎2026‎-‎06‎-‎23T04:04:46.548339600Z"
"25-05-2026 15:00:09","10","Information","Microsoft-Windows-WindowsSystemAssessmentTool","150"
"25-05-2026 15:00:09","3","Information","Microsoft-Windows-WindowsSystemAssessmentTool","WinSAT Application Stop: 0"
"25-05-2026 15:00:09","10","Information","Microsoft-Windows-WindowsSystemAssessmentTool","140"
"25-05-2026 15:00:09","9","Information","Microsoft-Windows-WindowsSystemAssessmentTool","140:Restore system policies"
"25-05-2026 15:00:09","9","Information","Microsoft-Windows-WindowsSystemAssessmentTool","150:Cleanup and exit"
"25-05-2026 15:00:09","10","Information","Microsoft-Windows-WindowsSystemAssessmentTool","130"
"25-05-2026 15:00:09","9","Information","Microsoft-Windows-WindowsSystemAssessmentTool","130:Process Results"
"25-05-2026 15:00:09","10","Information","Microsoft-Windows-WindowsSystemAssessmentTool","1004"
"25-05-2026 15:00:09","9","Information","Microsoft-Windows-WindowsSystemAssessmentTool","1004:Run Assessment, disk, -wsswap -drive C:"
"25-05-2026 15:00:09","10","Information","Microsoft-Windows-WindowsSystemAssessmentTool","30"
"25-05-2026 15:00:09","10","Information","Microsoft-Windows-WindowsSystemAssessmentTool","40"
"25-05-2026 15:00:09","9","Information","Microsoft-Windows-WindowsSystemAssessmentTool","40:Gather CPU information"
"25-05-2026 15:00:09","9","Information","Microsoft-Windows-WindowsSystemAssessmentTool","30:Gathering Key Info"
"25-05-2026 15:00:09","10","Information","Microsoft-Windows-WindowsSystemAssessmentTool","10"
"25-05-2026 15:00:09","10","Information","Microsoft-Windows-WindowsSystemAssessmentTool","20"
"25-05-2026 15:00:09","9","Information","Microsoft-Windows-WindowsSystemAssessmentTool","20:Modify system policies"
"25-05-2026 15:00:09","2","Information","Microsoft-Windows-WindowsSystemAssessmentTool","WinSAT Application Command Line ""C:\Windows\system32\winsat.exe"" disk -wsswap"
"25-05-2026 15:00:09","9","Information","Microsoft-Windows-WindowsSystemAssessmentTool","10:Application Intializaton"
"25-05-2026 15:00:09","1","Information","Microsoft-Windows-WindowsSystemAssessmentTool","WinSAT Application Start: ‎2026‎-‎05‎-‎25T09:30:09.226912600Z"
