"TimeCreated","Id","LevelDisplayName","ProviderName","Message"
"17-08-2026 10:04:20","10002","Verbose","Microsoft-Windows-AppXDeployment-Server-UndockedDeh","Evaluating request for DEH: DEH 'WindowsAppSdk.UndockedDeh.InstallMyself.InstallMyselfDeh' in Phase 'PerUser'"
"17-08-2026 10:04:20","10007","Verbose","Microsoft-Windows-AppXDeployment-Server-UndockedDeh","Encountered package in DEH package evaluation: Direction 'Outgoing', DEH 'WindowsAppSdk.UndockedDeh.InstallMyself.InstallMyselfDeh', Package 'Microsoft.WindowsAppRuntime.2_2.3.1.0_x86__8wekyb3d8bbwe', PostOsUpgrade 'false', Phase 'PerUser', State '4' (See 'Details' for extended information)"
"17-08-2026 10:04:18","10002","Verbose","Microsoft-Windows-AppXDeployment-Server-UndockedDeh","Evaluating request for DEH: DEH 'WindowsAppSdk.UndockedDeh.InstallMyself.InstallMyselfDeh' in Phase 'PerUser'"
"17-08-2026 10:04:18","10007","Verbose","Microsoft-Windows-AppXDeployment-Server-UndockedDeh","Encountered package in DEH package evaluation: Direction 'Outgoing', DEH 'WindowsAppSdk.UndockedDeh.InstallMyself.InstallMyselfDeh', Package 'Microsoft.WindowsAppRuntime.1.8_8000.921.1539.0_x86__8wekyb3d8bbwe', PostOsUpgrade 'false', Phase 'PerUser', State '4' (See 'Details' for extended information)"
"14-08-2026 13:41:51","10002","Verbose","Microsoft-Windows-AppXDeployment-Server-UndockedDeh","Evaluating request for DEH: DEH 'WindowsAppSdk.UndockedDeh.InstallMyself.InstallMyselfDeh' in Phase 'PerUser'"
"14-08-2026 13:41:51","10007","Verbose","Microsoft-Windows-AppXDeployment-Server-UndockedDeh","Encountered package in DEH package evaluation: Direction 'Incoming', DEH 'WindowsAppSdk.UndockedDeh.InstallMyself.InstallMyselfDeh', Package 'Microsoft.WindowsAppRuntime.1.8_8000.946.1701.0_x86__8wekyb3d8bbwe', PostOsUpgrade 'false', Phase 'PerUser', State '2' (See 'Details' for extended information)"
"14-08-2026 13:41:44","10002","Verbose","Microsoft-Windows-AppXDeployment-Server-UndockedDeh","Evaluating request for DEH: DEH 'WindowsAppSdk.UndockedDeh.InstallMyself.InstallMyselfDeh' in Phase 'PerUser'"
"14-08-2026 13:41:44","10007","Verbose","Microsoft-Windows-AppXDeployment-Server-UndockedDeh","Encountered package in DEH package evaluation: Direction 'Incoming', DEH 'WindowsAppSdk.UndockedDeh.InstallMyself.InstallMyselfDeh', Package 'Microsoft.WindowsAppRuntime.1.8_8000.946.1701.0_x64__8wekyb3d8bbwe', PostOsUpgrade 'false', Phase 'PerUser', State '2' (See 'Details' for extended information)"
"14-08-2026 13:41:25","9002","Information","Microsoft-Windows-AppXDeployment-Server-UndockedDeh","Installed EventLog manifest for package: 'C:\Program Files\WindowsApps\Microsoft.WindowsAppRuntime.2_2.4.0.0_x86__8wekyb3d8bbwe\EventLog-Instrumentation.man' (See 'Details' for extended information)"
"14-08-2026 13:41:24","9001","Information","Microsoft-Windows-AppXDeployment-Server-UndockedDeh","Uninstalling EventLog manifest for package: 'C:\Program Files\WindowsApps\Microsoft.WindowsAppRuntime.2_2.4.0.0_x64__8wekyb3d8bbwe\EventLog-Instrumentation.man' (See 'Details' for extended information)"
"14-08-2026 13:41:24","10002","Verbose","Microsoft-Windows-AppXDeployment-Server-UndockedDeh","Evaluating request for DEH: DEH 'WindowsAppSdk.UndockedDeh.InstallMyself.InstallMyselfDeh' in Phase 'PerUser'"
"14-08-2026 13:41:24","10007","Verbose","Microsoft-Windows-AppXDeployment-Server-UndockedDeh","Encountered package in DEH package evaluation: Direction 'Incoming', DEH 'WindowsAppSdk.UndockedDeh.InstallMyself.InstallMyselfDeh', Package 'Microsoft.WindowsAppRuntime.2_2.4.0.0_x86__8wekyb3d8bbwe', PostOsUpgrade 'false', Phase 'PerUser', State '2' (See 'Details' for extended information)"
"14-08-2026 13:41:06","9002","Information","Microsoft-Windows-AppXDeployment-Server-UndockedDeh","Installed EventLog manifest for package: 'C:\Program Files\WindowsApps\Microsoft.WindowsAppRuntime.2_2.4.0.0_x64__8wekyb3d8bbwe\EventLog-Instrumentation.man' (See 'Details' for extended information)"
"14-08-2026 13:41:06","9001","Information","Microsoft-Windows-AppXDeployment-Server-UndockedDeh","Uninstalling EventLog manifest for package: 'C:\Windows\SystemApps\Microsoft.WindowsAppRuntime.CBS_8wekyb3d8bbwe\EventLog-Instrumentation.man' (See 'Details' for extended information)"
"14-08-2026 13:41:05","10002","Verbose","Microsoft-Windows-AppXDeployment-Server-UndockedDeh","Evaluating request for DEH: DEH 'WindowsAppSdk.UndockedDeh.InstallMyself.InstallMyselfDeh' in Phase 'PerUser'"
"14-08-2026 13:41:05","10007","Verbose","Microsoft-Windows-AppXDeployment-Server-UndockedDeh","Encountered package in DEH package evaluation: Direction 'Incoming', DEH 'WindowsAppSdk.UndockedDeh.InstallMyself.InstallMyselfDeh', Package 'Microsoft.WindowsAppRuntime.2_2.4.0.0_x64__8wekyb3d8bbwe', PostOsUpgrade 'false', Phase 'PerUser', State '2' (See 'Details' for extended information)"
"27-07-2026 09:34:27","10002","Verbose","Microsoft-Windows-AppXDeployment-Server-UndockedDeh","Evaluating request for DEH: DEH 'WindowsAppSdk.UndockedDeh.InstallMyself.InstallMyselfDeh' in Phase 'PerUser'"
"27-07-2026 09:34:27","10007","Verbose","Microsoft-Windows-AppXDeployment-Server-UndockedDeh","Encountered package in DEH package evaluation: Direction 'Incoming', DEH 'WindowsAppSdk.UndockedDeh.InstallMyself.InstallMyselfDeh', Package 'Microsoft.WindowsAppRuntime.CBS.2_2.1.1.100_x64__8wekyb3d8bbwe', PostOsUpgrade 'false', Phase 'PerUser', State '2' (See 'Details' for extended information)"
"27-07-2026 09:34:27","9002","Information","Microsoft-Windows-AppXDeployment-Server-UndockedDeh","Installed EventLog manifest for package: 'C:\Windows\SystemApps\Microsoft.WindowsAppRuntime.CBS_8wekyb3d8bbwe\EventLog-Instrumentation.man' (See 'Details' for extended information)"
"27-07-2026 09:34:26","9000","Information","Microsoft-Windows-AppXDeployment-Server-UndockedDeh","Installing EventLog manifest for package: 'Microsoft.WindowsAppRuntime.CBS.1.6_6000.872.154.100_x64__8wekyb3d8bbwe' (See 'Details' for extended information)"
"27-07-2026 09:34:26","10002","Verbose","Microsoft-Windows-AppXDeployment-Server-UndockedDeh","Evaluating request for DEH: DEH 'WindowsAppSdk.UndockedDeh.InstallMyself.InstallMyselfDeh' in Phase 'PerUser'"
"27-07-2026 09:34:26","10007","Verbose","Microsoft-Windows-AppXDeployment-Server-UndockedDeh","Encountered package in DEH package evaluation: Direction 'Incoming', DEH 'WindowsAppSdk.UndockedDeh.InstallMyself.InstallMyselfDeh', Package 'Microsoft.WindowsAppRuntime.CBS.1.6_6000.872.154.100_x64__8wekyb3d8bbwe', PostOsUpgrade 'false', Phase 'PerUser', State '2' (See 'Details' for extended information)"
"20-07-2026 10:17:39","10002","Verbose","Microsoft-Windows-AppXDeployment-Server-UndockedDeh","Evaluating request for DEH: DEH 'WindowsAppSdk.UndockedDeh.InstallMyself.InstallMyselfDeh' in Phase 'PerUser'"
"20-07-2026 10:17:39","10007","Verbose","Microsoft-Windows-AppXDeployment-Server-UndockedDeh","Encountered package in DEH package evaluation: Direction 'Outgoing', DEH 'WindowsAppSdk.UndockedDeh.InstallMyself.InstallMyselfDeh', Package 'Microsoft.WindowsAppRuntime.2_2.2.0.0_x86__8wekyb3d8bbwe', PostOsUpgrade 'false', Phase 'PerUser', State '4' (See 'Details' for extended information)"
"20-07-2026 10:17:21","10002","Verbose","Microsoft-Windows-AppXDeployment-Server-UndockedDeh","Evaluating request for DEH: DEH 'WindowsAppSdk.UndockedDeh.InstallMyself.InstallMyselfDeh' in Phase 'PerUser'"
"20-07-2026 10:17:21","10007","Verbose","Microsoft-Windows-AppXDeployment-Server-UndockedDeh","Encountered package in DEH package evaluation: Direction 'Outgoing', DEH 'WindowsAppSdk.UndockedDeh.InstallMyself.InstallMyselfDeh', Package 'Microsoft.WindowsAppRuntime.1.8_8000.879.2017.0_x86__8wekyb3d8bbwe', PostOsUpgrade 'false', Phase 'PerUser', State '4' (See 'Details' for extended information)"
"20-07-2026 10:17:19","10002","Verbose","Microsoft-Windows-AppXDeployment-Server-UndockedDeh","Evaluating request for DEH: DEH 'WindowsAppSdk.UndockedDeh.InstallMyself.InstallMyselfDeh' in Phase 'PerUser'"
"20-07-2026 10:17:19","10007","Verbose","Microsoft-Windows-AppXDeployment-Server-UndockedDeh","Encountered package in DEH package evaluation: Direction 'Outgoing', DEH 'WindowsAppSdk.UndockedDeh.InstallMyself.InstallMyselfDeh', Package 'Microsoft.WindowsAppRuntime.1.8_8000.879.2017.0_x64__8wekyb3d8bbwe', PostOsUpgrade 'false', Phase 'PerUser', State '4' (See 'Details' for extended information)"
"20-07-2026 10:08:43","9002","Information","Microsoft-Windows-AppXDeployment-Server-UndockedDeh","Installed EventLog manifest for package: 'C:\Program Files\WindowsApps\Microsoft.WindowsAppRuntime.2_2.3.1.0_x64__8wekyb3d8bbwe\EventLog-Instrumentation.man' (See 'Details' for extended information)"
"20-07-2026 10:08:42","9001","Information","Microsoft-Windows-AppXDeployment-Server-UndockedDeh","Uninstalling EventLog manifest for package: 'C:\Program Files\WindowsApps\Microsoft.WindowsAppRuntime.2_2.3.1.0_x86__8wekyb3d8bbwe\EventLog-Instrumentation.man' (See 'Details' for extended information)"
"20-07-2026 10:08:42","10002","Verbose","Microsoft-Windows-AppXDeployment-Server-UndockedDeh","Evaluating request for DEH: DEH 'WindowsAppSdk.UndockedDeh.InstallMyself.InstallMyselfDeh' in Phase 'PerUser'"
"20-07-2026 10:08:42","10007","Verbose","Microsoft-Windows-AppXDeployment-Server-UndockedDeh","Encountered package in DEH package evaluation: Direction 'Incoming', DEH 'WindowsAppSdk.UndockedDeh.InstallMyself.InstallMyselfDeh', Package 'Microsoft.WindowsAppRuntime.2_2.3.1.0_x64__8wekyb3d8bbwe', PostOsUpgrade 'false', Phase 'PerUser', State '2' (See 'Details' for extended information)"
"20-07-2026 10:08:00","9002","Information","Microsoft-Windows-AppXDeployment-Server-UndockedDeh","Installed EventLog manifest for package: 'C:\Program Files\WindowsApps\Microsoft.WindowsAppRuntime.2_2.3.1.0_x86__8wekyb3d8bbwe\EventLog-Instrumentation.man' (See 'Details' for extended information)"
"20-07-2026 10:07:58","10002","Verbose","Microsoft-Windows-AppXDeployment-Server-UndockedDeh","Evaluating request for DEH: DEH 'WindowsAppSdk.UndockedDeh.InstallMyself.InstallMyselfDeh' in Phase 'PerUser'"
"20-07-2026 10:07:58","10007","Verbose","Microsoft-Windows-AppXDeployment-Server-UndockedDeh","Encountered package in DEH package evaluation: Direction 'Incoming', DEH 'WindowsAppSdk.UndockedDeh.InstallMyself.InstallMyselfDeh', Package 'Microsoft.WindowsAppRuntime.2_2.3.1.0_x86__8wekyb3d8bbwe', PostOsUpgrade 'false', Phase 'PerUser', State '2' (See 'Details' for extended information)"
"20-07-2026 10:07:33","10002","Verbose","Microsoft-Windows-AppXDeployment-Server-UndockedDeh","Evaluating request for DEH: DEH 'WindowsAppSdk.UndockedDeh.InstallMyself.InstallMyselfDeh' in Phase 'PerUser'"
"20-07-2026 10:07:33","10007","Verbose","Microsoft-Windows-AppXDeployment-Server-UndockedDeh","Encountered package in DEH package evaluation: Direction 'Outgoing', DEH 'WindowsAppSdk.UndockedDeh.InstallMyself.InstallMyselfDeh', Package 'Microsoft.WindowsAppRuntime.1.8_8000.859.21.0_x64__8wekyb3d8bbwe', PostOsUpgrade 'false', Phase 'PerUser', State '4' (See 'Details' for extended information)"
"20-07-2026 10:07:31","10002","Verbose","Microsoft-Windows-AppXDeployment-Server-UndockedDeh","Evaluating request for DEH: DEH 'WindowsAppSdk.UndockedDeh.InstallMyself.InstallMyselfDeh' in Phase 'PerUser'"
"20-07-2026 10:07:31","10007","Verbose","Microsoft-Windows-AppXDeployment-Server-UndockedDeh","Encountered package in DEH package evaluation: Direction 'Incoming', DEH 'WindowsAppSdk.UndockedDeh.InstallMyself.InstallMyselfDeh', Package 'Microsoft.WindowsAppRuntime.1.8_8000.921.1539.0_x64__8wekyb3d8bbwe', PostOsUpgrade 'false', Phase 'PerUser', State '2' (See 'Details' for extended information)"
"20-07-2026 10:07:10","10002","Verbose","Microsoft-Windows-AppXDeployment-Server-UndockedDeh","Evaluating request for DEH: DEH 'WindowsAppSdk.UndockedDeh.InstallMyself.InstallMyselfDeh' in Phase 'PerUser'"
"20-07-2026 10:07:10","10007","Verbose","Microsoft-Windows-AppXDeployment-Server-UndockedDeh","Encountered package in DEH package evaluation: Direction 'Outgoing', DEH 'WindowsAppSdk.UndockedDeh.InstallMyself.InstallMyselfDeh', Package 'Microsoft.WindowsAppRuntime.1.8_8000.859.21.0_x86__8wekyb3d8bbwe', PostOsUpgrade 'false', Phase 'PerUser', State '4' (See 'Details' for extended information)"
"20-07-2026 10:07:09","10002","Verbose","Microsoft-Windows-AppXDeployment-Server-UndockedDeh","Evaluating request for DEH: DEH 'WindowsAppSdk.UndockedDeh.InstallMyself.InstallMyselfDeh' in Phase 'PerUser'"
"20-07-2026 10:07:09","10007","Verbose","Microsoft-Windows-AppXDeployment-Server-UndockedDeh","Encountered package in DEH package evaluation: Direction 'Incoming', DEH 'WindowsAppSdk.UndockedDeh.InstallMyself.InstallMyselfDeh', Package 'Microsoft.WindowsAppRuntime.1.8_8000.921.1539.0_x86__8wekyb3d8bbwe', PostOsUpgrade 'false', Phase 'PerUser', State '2' (See 'Details' for extended information)"
"03-07-2026 16:22:18","10002","Verbose","Microsoft-Windows-AppXDeployment-Server-UndockedDeh","Evaluating request for DEH: DEH 'WindowsAppSdk.UndockedDeh.InstallMyself.InstallMyselfDeh' in Phase 'PerUser'"
"03-07-2026 16:22:18","10007","Verbose","Microsoft-Windows-AppXDeployment-Server-UndockedDeh","Encountered package in DEH package evaluation: Direction 'Outgoing', DEH 'WindowsAppSdk.UndockedDeh.InstallMyself.InstallMyselfDeh', Package 'Microsoft.WindowsAppRuntime.1.7_7000.785.2325.0_x86__8wekyb3d8bbwe', PostOsUpgrade 'false', Phase 'PerUser', State '4' (See 'Details' for extended information)"
"03-07-2026 16:22:17","10002","Verbose","Microsoft-Windows-AppXDeployment-Server-UndockedDeh","Evaluating request for DEH: DEH 'WindowsAppSdk.UndockedDeh.InstallMyself.InstallMyselfDeh' in Phase 'PerUser'"
"03-07-2026 16:22:17","10007","Verbose","Microsoft-Windows-AppXDeployment-Server-UndockedDeh","Encountered package in DEH package evaluation: Direction 'Outgoing', DEH 'WindowsAppSdk.UndockedDeh.InstallMyself.InstallMyselfDeh', Package 'Microsoft.WindowsAppRuntime.1.7_7000.785.2325.0_x64__8wekyb3d8bbwe', PostOsUpgrade 'false', Phase 'PerUser', State '4' (See 'Details' for extended information)"
"26-06-2026 13:12:49","9002","Information","Microsoft-Windows-AppXDeployment-Server-UndockedDeh","Installed EventLog manifest for package: 'C:\Program Files\WindowsApps\Microsoft.WindowsAppRuntime.2_2.2.0.0_x86__8wekyb3d8bbwe\EventLog-Instrumentation.man' (See 'Details' for extended information)"
"26-06-2026 13:12:48","9001","Information","Microsoft-Windows-AppXDeployment-Server-UndockedDeh","Uninstalling EventLog manifest for package: 'C:\Program Files\WindowsApps\Microsoft.WindowsAppRuntime.2_2.2.0.0_x64__8wekyb3d8bbwe\EventLog-Instrumentation.man' (See 'Details' for extended information)"
"26-06-2026 13:12:48","10002","Verbose","Microsoft-Windows-AppXDeployment-Server-UndockedDeh","Evaluating request for DEH: DEH 'WindowsAppSdk.UndockedDeh.InstallMyself.InstallMyselfDeh' in Phase 'PerUser'"
"26-06-2026 13:12:48","10007","Verbose","Microsoft-Windows-AppXDeployment-Server-UndockedDeh","Encountered package in DEH package evaluation: Direction 'Incoming', DEH 'WindowsAppSdk.UndockedDeh.InstallMyself.InstallMyselfDeh', Package 'Microsoft.WindowsAppRuntime.2_2.2.0.0_x86__8wekyb3d8bbwe', PostOsUpgrade 'false', Phase 'PerUser', State '2' (See 'Details' for extended information)"
"26-06-2026 13:12:41","9002","Information","Microsoft-Windows-AppXDeployment-Server-UndockedDeh","Installed EventLog manifest for package: 'C:\Program Files\WindowsApps\Microsoft.WindowsAppRuntime.2_2.2.0.0_x64__8wekyb3d8bbwe\EventLog-Instrumentation.man' (See 'Details' for extended information)"
"26-06-2026 13:12:40","9001","Information","Microsoft-Windows-AppXDeployment-Server-UndockedDeh","Uninstalling EventLog manifest for package: 'C:\Windows\SystemApps\Microsoft.WindowsAppRuntime.vNext.CBS_8wekyb3d8bbwe\EventLog-Instrumentation.man' (See 'Details' for extended information)"
"26-06-2026 13:12:40","10002","Verbose","Microsoft-Windows-AppXDeployment-Server-UndockedDeh","Evaluating request for DEH: DEH 'WindowsAppSdk.UndockedDeh.InstallMyself.InstallMyselfDeh' in Phase 'PerUser'"
"26-06-2026 13:12:40","10007","Verbose","Microsoft-Windows-AppXDeployment-Server-UndockedDeh","Encountered package in DEH package evaluation: Direction 'Incoming', DEH 'WindowsAppSdk.UndockedDeh.InstallMyself.InstallMyselfDeh', Package 'Microsoft.WindowsAppRuntime.2_2.2.0.0_x64__8wekyb3d8bbwe', PostOsUpgrade 'false', Phase 'PerUser', State '2' (See 'Details' for extended information)"
"17-06-2026 19:14:20","9002","Information","Microsoft-Windows-AppXDeployment-Server-UndockedDeh","Installed EventLog manifest for package: 'Microsoft.WindowsAppRuntime.CBS.1.8_8000.800.1936.100_x64__8wekyb3d8bbwe' (See 'Details' for extended information)"
"17-06-2026 19:14:19","9005","Information","Microsoft-Windows-AppXDeployment-Server-UndockedDeh","Unsetting active EventLog manifest for package: 'Microsoft.WindowsAppRuntime.CBS.1.6_6000.792.720.100_x64__8wekyb3d8bbwe' (See 'Details' for extended information)"
"17-06-2026 19:14:19","9000","Information","Microsoft-Windows-AppXDeployment-Server-UndockedDeh","Installing EventLog manifest for package: 'Microsoft.WindowsAppRuntime.CBS.1.8_8000.800.1936.100_x64__8wekyb3d8bbwe' (See 'Details' for extended information)"
"17-06-2026 19:14:19","10002","Verbose","Microsoft-Windows-AppXDeployment-Server-UndockedDeh","Evaluating request for DEH: DEH 'WindowsAppSdk.UndockedDeh.InstallMyself.InstallMyselfDeh' in Phase 'PerUser'"
"17-06-2026 19:14:19","10007","Verbose","Microsoft-Windows-AppXDeployment-Server-UndockedDeh","Encountered package in DEH package evaluation: Direction 'Incoming', DEH 'WindowsAppSdk.UndockedDeh.InstallMyself.InstallMyselfDeh', Package 'Microsoft.WindowsAppRuntime.CBS.1.8_8000.800.1936.100_x64__8wekyb3d8bbwe', PostOsUpgrade 'false', Phase 'PerUser', State '2' (See 'Details' for extended information)"
"17-06-2026 19:14:18","9002","Information","Microsoft-Windows-AppXDeployment-Server-UndockedDeh","Installed EventLog manifest for package: 'Microsoft.WindowsAppRuntime.CBS.1.6_6000.792.720.100_x64__8wekyb3d8bbwe' (See 'Details' for extended information)"
"17-06-2026 19:14:17","9005","Information","Microsoft-Windows-AppXDeployment-Server-UndockedDeh","Unsetting active EventLog manifest for package: 'Microsoft.WindowsAppRuntime.1.8_8000.879.2017.0_x86__8wekyb3d8bbwe' (See 'Details' for extended information)"
"17-06-2026 19:14:17","9000","Information","Microsoft-Windows-AppXDeployment-Server-UndockedDeh","Installing EventLog manifest for package: 'Microsoft.WindowsAppRuntime.CBS.1.6_6000.792.720.100_x64__8wekyb3d8bbwe' (See 'Details' for extended information)"
"17-06-2026 19:14:17","10002","Verbose","Microsoft-Windows-AppXDeployment-Server-UndockedDeh","Evaluating request for DEH: DEH 'WindowsAppSdk.UndockedDeh.InstallMyself.InstallMyselfDeh' in Phase 'PerUser'"
"17-06-2026 19:14:17","10007","Verbose","Microsoft-Windows-AppXDeployment-Server-UndockedDeh","Encountered package in DEH package evaluation: Direction 'Incoming', DEH 'WindowsAppSdk.UndockedDeh.InstallMyself.InstallMyselfDeh', Package 'Microsoft.WindowsAppRuntime.CBS.1.6_6000.792.720.100_x64__8wekyb3d8bbwe', PostOsUpgrade 'false', Phase 'PerUser', State '2' (See 'Details' for extended information)"
"10-06-2026 10:55:21","9002","Information","Microsoft-Windows-AppXDeployment-Server-UndockedDeh","Installed EventLog manifest for package: 'Microsoft.WindowsAppRuntime.1.8_8000.879.2017.0_x86__8wekyb3d8bbwe' (See 'Details' for extended information)"
"10-06-2026 10:55:20","9005","Information","Microsoft-Windows-AppXDeployment-Server-UndockedDeh","Unsetting active EventLog manifest for package: 'Microsoft.WindowsAppRuntime.1.8_8000.879.2017.0_x64__8wekyb3d8bbwe' (See 'Details' for extended information)"
"10-06-2026 10:55:20","9000","Information","Microsoft-Windows-AppXDeployment-Server-UndockedDeh","Installing EventLog manifest for package: 'Microsoft.WindowsAppRuntime.1.8_8000.879.2017.0_x86__8wekyb3d8bbwe' (See 'Details' for extended information)"
"10-06-2026 10:55:20","10002","Verbose","Microsoft-Windows-AppXDeployment-Server-UndockedDeh","Evaluating request for DEH: DEH 'WindowsAppSdk.UndockedDeh.InstallMyself.InstallMyselfDeh' in Phase 'PerUser'"
"10-06-2026 10:55:20","10007","Verbose","Microsoft-Windows-AppXDeployment-Server-UndockedDeh","Encountered package in DEH package evaluation: Direction 'Incoming', DEH 'WindowsAppSdk.UndockedDeh.InstallMyself.InstallMyselfDeh', Package 'Microsoft.WindowsAppRuntime.1.8_8000.879.2017.0_x86__8wekyb3d8bbwe', PostOsUpgrade 'false', Phase 'PerUser', State '2' (See 'Details' for extended information)"
"10-06-2026 10:54:40","9002","Information","Microsoft-Windows-AppXDeployment-Server-UndockedDeh","Installed EventLog manifest for package: 'Microsoft.WindowsAppRuntime.1.8_8000.879.2017.0_x64__8wekyb3d8bbwe' (See 'Details' for extended information)"
"10-06-2026 10:54:40","9005","Information","Microsoft-Windows-AppXDeployment-Server-UndockedDeh","Unsetting active EventLog manifest for package: 'Microsoft.WindowsAppRuntime.1.8_8000.859.21.0_x86__8wekyb3d8bbwe' (See 'Details' for extended information)"
"10-06-2026 10:54:40","9000","Information","Microsoft-Windows-AppXDeployment-Server-UndockedDeh","Installing EventLog manifest for package: 'Microsoft.WindowsAppRuntime.1.8_8000.879.2017.0_x64__8wekyb3d8bbwe' (See 'Details' for extended information)"
"10-06-2026 10:54:40","10002","Verbose","Microsoft-Windows-AppXDeployment-Server-UndockedDeh","Evaluating request for DEH: DEH 'WindowsAppSdk.UndockedDeh.InstallMyself.InstallMyselfDeh' in Phase 'PerUser'"
"10-06-2026 10:54:40","10007","Verbose","Microsoft-Windows-AppXDeployment-Server-UndockedDeh","Encountered package in DEH package evaluation: Direction 'Incoming', DEH 'WindowsAppSdk.UndockedDeh.InstallMyself.InstallMyselfDeh', Package 'Microsoft.WindowsAppRuntime.1.8_8000.879.2017.0_x64__8wekyb3d8bbwe', PostOsUpgrade 'false', Phase 'PerUser', State '2' (See 'Details' for extended information)"
"23-05-2026 23:07:18","9002","Information","Microsoft-Windows-AppXDeployment-Server-UndockedDeh","Installed EventLog manifest for package: 'Microsoft.WindowsAppRuntime.1.8_8000.859.21.0_x86__8wekyb3d8bbwe' (See 'Details' for extended information)"
"23-05-2026 23:07:18","9005","Information","Microsoft-Windows-AppXDeployment-Server-UndockedDeh","Unsetting active EventLog manifest for package: 'Microsoft.WindowsAppRuntime.1.8_8000.859.21.0_x64__8wekyb3d8bbwe' (See 'Details' for extended information)"
"23-05-2026 23:07:18","9000","Information","Microsoft-Windows-AppXDeployment-Server-UndockedDeh","Installing EventLog manifest for package: 'Microsoft.WindowsAppRuntime.1.8_8000.859.21.0_x86__8wekyb3d8bbwe' (See 'Details' for extended information)"
"23-05-2026 23:07:18","10002","Verbose","Microsoft-Windows-AppXDeployment-Server-UndockedDeh","Evaluating request for DEH: DEH 'WindowsAppSdk.UndockedDeh.InstallMyself.InstallMyselfDeh' in Phase 'PerUser'"
"23-05-2026 23:07:18","10007","Verbose","Microsoft-Windows-AppXDeployment-Server-UndockedDeh","Encountered package in DEH package evaluation: Direction 'Incoming', DEH 'WindowsAppSdk.UndockedDeh.InstallMyself.InstallMyselfDeh', Package 'Microsoft.WindowsAppRuntime.1.8_8000.859.21.0_x86__8wekyb3d8bbwe', PostOsUpgrade 'false', Phase 'PerUser', State '2' (See 'Details' for extended information)"
"23-05-2026 23:07:17","9002","Information","Microsoft-Windows-AppXDeployment-Server-UndockedDeh","Installed EventLog manifest for package: 'Microsoft.WindowsAppRuntime.1.8_8000.859.21.0_x64__8wekyb3d8bbwe' (See 'Details' for extended information)"
"23-05-2026 23:07:16","9002","Information","Microsoft-Windows-AppXDeployment-Server-UndockedDeh","Installed EventLog manifest for package: 'Microsoft.WindowsAppRuntime.1.7_7000.785.2325.0_x64__8wekyb3d8bbwe' (See 'Details' for extended information)"
"23-05-2026 23:07:16","9005","Information","Microsoft-Windows-AppXDeployment-Server-UndockedDeh","Unsetting active EventLog manifest for package: 'Microsoft.WindowsAppRuntime.1.6_6000.519.329.0_x86__8wekyb3d8bbwe' (See 'Details' for extended information)"
"23-05-2026 23:07:16","9000","Information","Microsoft-Windows-AppXDeployment-Server-UndockedDeh","Installing EventLog manifest for package: 'Microsoft.WindowsAppRuntime.1.7_7000.785.2325.0_x64__8wekyb3d8bbwe' (See 'Details' for extended information)"
"23-05-2026 23:07:15","10002","Verbose","Microsoft-Windows-AppXDeployment-Server-UndockedDeh","Evaluating request for DEH: DEH 'WindowsAppSdk.UndockedDeh.InstallMyself.InstallMyselfDeh' in Phase 'PerUser'"
"23-05-2026 23:07:15","10007","Verbose","Microsoft-Windows-AppXDeployment-Server-UndockedDeh","Encountered package in DEH package evaluation: Direction 'Incoming', DEH 'WindowsAppSdk.UndockedDeh.InstallMyself.InstallMyselfDeh', Package 'Microsoft.WindowsAppRuntime.1.7_7000.785.2325.0_x64__8wekyb3d8bbwe', PostOsUpgrade 'false', Phase 'PerUser', State '2' (See 'Details' for extended information)"
"23-05-2026 23:07:15","9002","Information","Microsoft-Windows-AppXDeployment-Server-UndockedDeh","Installed EventLog manifest for package: 'Microsoft.WindowsAppRuntime.1.6_6000.519.329.0_x86__8wekyb3d8bbwe' (See 'Details' for extended information)"
"23-05-2026 23:07:15","9005","Information","Microsoft-Windows-AppXDeployment-Server-UndockedDeh","Unsetting active EventLog manifest for package: 'Microsoft.WindowsAppRuntime.1.6_6000.519.329.0_x64__8wekyb3d8bbwe' (See 'Details' for extended information)"
"23-05-2026 23:07:15","9000","Information","Microsoft-Windows-AppXDeployment-Server-UndockedDeh","Installing EventLog manifest for package: 'Microsoft.WindowsAppRuntime.1.6_6000.519.329.0_x86__8wekyb3d8bbwe' (See 'Details' for extended information)"
"23-05-2026 23:07:14","10002","Verbose","Microsoft-Windows-AppXDeployment-Server-UndockedDeh","Evaluating request for DEH: DEH 'WindowsAppSdk.UndockedDeh.InstallMyself.InstallMyselfDeh' in Phase 'PerUser'"
"23-05-2026 23:07:14","10007","Verbose","Microsoft-Windows-AppXDeployment-Server-UndockedDeh","Encountered package in DEH package evaluation: Direction 'Incoming', DEH 'WindowsAppSdk.UndockedDeh.InstallMyself.InstallMyselfDeh', Package 'Microsoft.WindowsAppRuntime.1.6_6000.519.329.0_x86__8wekyb3d8bbwe', PostOsUpgrade 'false', Phase 'PerUser', State '2' (See 'Details' for extended information)"
"23-05-2026 23:07:14","9002","Information","Microsoft-Windows-AppXDeployment-Server-UndockedDeh","Installed EventLog manifest for package: 'Microsoft.WindowsAppRuntime.1.6_6000.519.329.0_x64__8wekyb3d8bbwe' (See 'Details' for extended information)"
"23-05-2026 23:07:14","9005","Information","Microsoft-Windows-AppXDeployment-Server-UndockedDeh","Unsetting active EventLog manifest for package: 'Microsoft.WindowsAppRuntime.1.5_5001.373.1736.0_x86__8wekyb3d8bbwe' (See 'Details' for extended information)"
"23-05-2026 23:07:14","9000","Information","Microsoft-Windows-AppXDeployment-Server-UndockedDeh","Installing EventLog manifest for package: 'Microsoft.WindowsAppRuntime.1.6_6000.519.329.0_x64__8wekyb3d8bbwe' (See 'Details' for extended information)"
"23-05-2026 23:07:14","10002","Verbose","Microsoft-Windows-AppXDeployment-Server-UndockedDeh","Evaluating request for DEH: DEH 'WindowsAppSdk.UndockedDeh.InstallMyself.InstallMyselfDeh' in Phase 'PerUser'"
"23-05-2026 23:07:14","10007","Verbose","Microsoft-Windows-AppXDeployment-Server-UndockedDeh","Encountered package in DEH package evaluation: Direction 'Incoming', DEH 'WindowsAppSdk.UndockedDeh.InstallMyself.InstallMyselfDeh', Package 'Microsoft.WindowsAppRuntime.1.6_6000.519.329.0_x64__8wekyb3d8bbwe', PostOsUpgrade 'false', Phase 'PerUser', State '2' (See 'Details' for extended information)"
"23-05-2026 23:07:13","9002","Information","Microsoft-Windows-AppXDeployment-Server-UndockedDeh","Installed EventLog manifest for package: 'Microsoft.WindowsAppRuntime.1.5_5001.373.1736.0_x86__8wekyb3d8bbwe' (See 'Details' for extended information)"
