"06-08-2026 14:29:27","400","Information","Microsoft-Windows-Kernel-PnP","Device USB\VID_413C&PID_4503&MI_02\6&386bff60&0&0002 was configured.

Driver Name: input.inf
Driver Package ID: input.inf_amd64_a22d0c7b993d162a
Class GUID: {745a17a0-74d3-11d0-b6fe-00a0c90f57da}
Driver Date: 06/21/2006
Driver Version: 10.0.26100.8875
Driver Provider: Microsoft
Driver Section: HID_Inst.NT
Driver Rank: 0xFF3205
Matching Device ID: USB\Class_03
Outranked Drivers: 
Device Updated: false
Parent Device: USB\VID_413C&PID_4503\5&2dc84fba&0&6"
"06-08-2026 14:29:27","400","Information","Microsoft-Windows-Kernel-PnP","Device USB\VID_413C&PID_4503&MI_01\6&386bff60&0&0001 was configured.

Driver Name: input.inf
Driver Package ID: input.inf_amd64_a22d0c7b993d162a
Class GUID: {745a17a0-74d3-11d0-b6fe-00a0c90f57da}
Driver Date: 06/21/2006
Driver Version: 10.0.26100.8875
Driver Provider: Microsoft
Driver Section: HID_Inst.NT
Driver Rank: 0xFF3104
Matching Device ID: USB\Class_03&SubClass_01
Outranked Drivers: input.inf:USB\Class_03:00FF3205
Device Updated: false
Parent Device: USB\VID_413C&PID_4503\5&2dc84fba&0&6"
"06-08-2026 14:29:27","400","Information","Microsoft-Windows-Kernel-PnP","Device USB\VID_413C&PID_4503&MI_00\6&386bff60&0&0000 was configured.

Driver Name: input.inf
Driver Package ID: input.inf_amd64_a22d0c7b993d162a
Class GUID: {745a17a0-74d3-11d0-b6fe-00a0c90f57da}
Driver Date: 06/21/2006
Driver Version: 10.0.26100.8875
Driver Provider: Microsoft
Driver Section: HID_Inst.NT
Driver Rank: 0xFF3104
Matching Device ID: USB\Class_03&SubClass_01
Outranked Drivers: input.inf:USB\Class_03:00FF3205
Device Updated: false
Parent Device: USB\VID_413C&PID_4503\5&2dc84fba&0&6"
"06-08-2026 14:29:27","410","Information","Microsoft-Windows-Kernel-PnP","Device USB\VID_413C&PID_4503\5&2dc84fba&0&6 was started.

Driver Name: usb.inf
Class GUID: {36fc9e60-c465-11cf-8056-444553540000}
Service: usbccgp
Lower Filters: 
Upper Filters: "
"06-08-2026 14:29:27","400","Information","Microsoft-Windows-Kernel-PnP","Device USB\VID_413C&PID_4503\5&2dc84fba&0&6 was configured.

Driver Name: usb.inf
Driver Package ID: usb.inf_amd64_7095c3ec54f00c81
Class GUID: {36fc9e60-c465-11cf-8056-444553540000}
Driver Date: 06/21/2006
Driver Version: 10.0.26100.8737
Driver Provider: Microsoft
Driver Section: Composite.Dev.NT
Driver Rank: 0xFF2006
Matching Device ID: USB\COMPOSITE
Outranked Drivers: 
Device Updated: false
Parent Device: USB\ROOT_HUB30\4&2169287b&0&0"
"05-08-2026 11:37:31","410","Information","Microsoft-Windows-Kernel-PnP","Device PCI\VEN_8086&DEV_7D1D&SUBSYS_0CE81028&REV_05\3&11583659&0&58 was started.

Driver Name: oem530.inf
Class GUID: {f01a9d53-3ff6-48d2-9f97-c8a7004be10c}
Service: npu
Lower Filters: 
Upper Filters: "
"05-08-2026 11:37:30","400","Information","Microsoft-Windows-Kernel-PnP","Device PCI\VEN_8086&DEV_7D1D&SUBSYS_0CE81028&REV_05\3&11583659&0&58 was configured.

Driver Name: oem542.inf
Driver Package ID: npu_extension.inf_amd64_b03f832265ebd3fa
Class GUID: {e2f84ce7-8efa-411c-aa69-97454ca4cb57}
Driver Date: 04/28/2026
Driver Version: 32.0.100.4778
Driver Provider: Intel Corporation
Driver Section: NPU_7D1D_w11_Extension_Install
Driver Rank: 0xFF0001
Matching Device ID: PCI\VEN_8086&DEV_7D1D&SUBSYS_0CE81028
Outranked Drivers: 
Device Updated: true
Parent Device: ACPI\PNP0A08\0"
"05-08-2026 11:37:30","400","Information","Microsoft-Windows-Kernel-PnP","Device PCI\VEN_8086&DEV_7D1D&SUBSYS_0CE81028&REV_05\3&11583659&0&58 was configured.

Driver Name: oem439.inf
Driver Package ID: npu_extension.inf_amd64_94e59c10d33bc0d0
Class GUID: {e2f84ce7-8efa-411c-aa69-97454ca4cb57}
Driver Date: 02/06/2025
Driver Version: 32.0.100.3717
Driver Provider: Intel Corporation
Driver Section: NPU_7D1D_w11_Extension_Install
Driver Rank: 0xFF0001
Matching Device ID: PCI\VEN_8086&DEV_7D1D&SUBSYS_0CE81028
Outranked Drivers: 
Device Updated: true
Parent Device: ACPI\PNP0A08\0"
"05-08-2026 11:37:30","400","Information","Microsoft-Windows-Kernel-PnP","Device PCI\VEN_8086&DEV_7D1D&SUBSYS_0CE81028&REV_05\3&11583659&0&58 was configured.

Driver Name: oem530.inf
Driver Package ID: npu.inf_amd64_c174cd41587112dd
Class GUID: {f01a9d53-3ff6-48d2-9f97-c8a7004be10c}
Driver Date: 03/19/2026
Driver Version: 32.0.100.4724
Driver Provider: Intel Corporation
Driver Section: NPU2_7_w11_26100_DS
Driver Rank: 0xFE2001
Matching Device ID: PCI\VEN_8086&DEV_7D1D
Outranked Drivers: oem55.inf:PCI\VEN_8086&DEV_7D1D:00FF2001 oem108.inf:PCI\VEN_8086&DEV_7D1D:00FF2001 oem156.inf:PCI\VEN_8086&DEV_7D1D:00FF2001 oem392.inf:PCI\VEN_8086&DEV_7D1D:00FF2001 oem483.inf:PCI\VEN_8086&DEV_7D1D:00FF2001
Device Updated: true
Parent Device: ACPI\PNP0A08\0"
"03-08-2026 09:45:11","410","Information","Microsoft-Windows-Kernel-PnP","Device SWD\DRIVERENUM\IpfEfExtComponent&4&23556e4&0 was started.

Driver Name: oem503.inf
Class GUID: {4d36e97d-e325-11ce-bfc1-08002be10318}
Service: 
Lower Filters: 
Upper Filters: "
"03-08-2026 09:45:09","410","Information","Microsoft-Windows-Kernel-PnP","Device PCI\VEN_8086&DEV_7D0D&SUBSYS_0CE81028&REV_01\3&11583659&0&50 was started.

Driver Name: oem308.inf
Class GUID: {4d36e97d-e325-11ce-bfc1-08002be10318}
Service: IntcPMT
Lower Filters: 
Upper Filters: "
"03-08-2026 09:45:08","410","Information","Microsoft-Windows-Kernel-PnP","Device PCI\VEN_8086&DEV_7D03&SUBSYS_0CE81028&REV_05\3&11583659&0&20 was started.

Driver Name: oem503.inf
Class GUID: {4d36e97d-e325-11ce-bfc1-08002be10318}
Service: ipf_cpu
Lower Filters: 
Upper Filters: WUDFRd"
"03-08-2026 09:45:08","400","Information","Microsoft-Windows-Kernel-PnP","Device PCI\VEN_8086&DEV_7D03&SUBSYS_0CE81028&REV_05\3&11583659&0&20 was configured.

Driver Name: oem541.inf
Driver Package ID: dtt_ext.inf_amd64_63f21041234bd155
Class GUID: {e2f84ce7-8efa-411c-aa69-97454ca4cb57}
Driver Date: 05/01/2026
Driver Version: 9.1.10010.2297
Driver Provider: Intel
Driver Section: DttExtInstall.NTamd64
Driver Rank: 0xFF2001
Matching Device ID: PCI\VEN_8086&DEV_7D03
Outranked Drivers: 
Device Updated: true
Parent Device: ACPI\PNP0A08\0"
"03-08-2026 09:45:08","400","Information","Microsoft-Windows-Kernel-PnP","Device PCI\VEN_8086&DEV_7D03&SUBSYS_0CE81028&REV_05\3&11583659&0&20 was configured.

Driver Name: oem539.inf
Driver Package ID: socthermalprovider_ext.inf_amd64_132ee8dbe6b96e3c
Class GUID: {e2f84ce7-8efa-411c-aa69-97454ca4cb57}
Driver Date: 03/12/2026
Driver Version: 3.4.1007.0
Driver Provider: Intel
Driver Section: IpfEfSOCThermalProviderInstall.NTamd64
Driver Rank: 0xFF2001
Matching Device ID: PCI\VEN_8086&DEV_7D03
Outranked Drivers: 
Device Updated: true
Parent Device: ACPI\PNP0A08\0"
"03-08-2026 09:45:08","400","Information","Microsoft-Windows-Kernel-PnP","Device PCI\VEN_8086&DEV_7D03&SUBSYS_0CE81028&REV_05\3&11583659&0&20 was configured.

Driver Name: oem503.inf
Driver Package ID: ipf_cpu.inf_amd64_5fe37e024ff302b0
Class GUID: {4d36e97d-e325-11ce-bfc1-08002be10318}
Driver Date: 01/14/2026
Driver Version: 2.3.20303.5058
Driver Provider: Intel
Driver Section: IpfInstall_EF.NTamd64
Driver Rank: 0xFF2001
Matching Device ID: PCI\VEN_8086&DEV_7D03
Outranked Drivers: oem144.inf:PCI\VEN_8086&DEV_7D03:00FF2001 oem451.inf:PCI\VEN_8086&DEV_7D03:00FF2001
Device Updated: true
Parent Device: ACPI\PNP0A08\0"
"03-08-2026 09:45:03","400","Information","Microsoft-Windows-Kernel-PnP","Device SWD\DRIVERENUM\IpfEfExtComponent&4&23556e4&0 was configured.

Driver Name: oem540.inf
Driver Package ID: modsprovider_ext.inf_amd64_93a509c7f48afa89
Class GUID: {e2f84ce7-8efa-411c-aa69-97454ca4cb57}
Driver Date: 03/12/2026
Driver Version: 3.4.1007.0
Driver Provider: Intel
Driver Section: IpfEfProviderInstall.NTamd64
Driver Rank: 0xFF0000
Matching Device ID: SWC\VID8086_IPFEF_1.0
Outranked Drivers: 
Device Updated: true
Parent Device: PCI\VEN_8086&DEV_7D03&SUBSYS_0CE81028&REV_05\3&11583659&0&20"
"03-08-2026 09:45:03","400","Information","Microsoft-Windows-Kernel-PnP","Device SWD\DRIVERENUM\IpfEfExtComponent&4&23556e4&0 was configured.

Driver Name: oem537.inf
Driver Package ID: perfmonprovider_ext.inf_amd64_229f9e750b3d815b
Class GUID: {e2f84ce7-8efa-411c-aa69-97454ca4cb57}
Driver Date: 03/12/2026
Driver Version: 3.4.1007.0
Driver Provider: Intel
Driver Section: IpfEfProviderInstall.NTamd64
Driver Rank: 0xFF0000
Matching Device ID: SWC\VID8086_IPFEF_1.0
Outranked Drivers: 
Device Updated: true
Parent Device: PCI\VEN_8086&DEV_7D03&SUBSYS_0CE81028&REV_05\3&11583659&0&20"
"03-08-2026 09:45:03","400","Information","Microsoft-Windows-Kernel-PnP","Device SWD\DRIVERENUM\IpfEfExtComponent&4&23556e4&0 was configured.

Driver Name: oem536.inf
Driver Package ID: systemconfigprovider_ext.inf_amd64_2370b64c582c057e
Class GUID: {e2f84ce7-8efa-411c-aa69-97454ca4cb57}
Driver Date: 03/12/2026
Driver Version: 3.4.1007.0
Driver Provider: Intel
Driver Section: IpfEfProviderInstall.NTamd64
Driver Rank: 0xFF0000
Matching Device ID: SWC\VID8086_IPFEF_1.0
Outranked Drivers: 
Device Updated: true
Parent Device: PCI\VEN_8086&DEV_7D03&SUBSYS_0CE81028&REV_05\3&11583659&0&20"
"03-08-2026 09:45:03","400","Information","Microsoft-Windows-Kernel-PnP","Device SWD\DRIVERENUM\IpfEfExtComponent&4&23556e4&0 was configured.

Driver Name: oem494.inf
Driver Package ID: pcdtelemetryprovider_ext.inf_amd64_0e67c963f1432d75
Class GUID: {e2f84ce7-8efa-411c-aa69-97454ca4cb57}
Driver Date: 10/28/2025
Driver Version: 1.2.1001.0
Driver Provider: Intel
Driver Section: IpfEfProviderInstall.NTamd64
Driver Rank: 0xFF0000
Matching Device ID: SWC\VID8086_IPFEF_1.0
Outranked Drivers: 
Device Updated: true
Parent Device: PCI\VEN_8086&DEV_7D03&SUBSYS_0CE81028&REV_05\3&11583659&0&20"
"03-08-2026 09:45:03","400","Information","Microsoft-Windows-Kernel-PnP","Device SWD\DRIVERENUM\IpfEfExtComponent&4&23556e4&0 was configured.

Driver Name: oem488.inf
Driver Package ID: igcl_ipf_provider_ext.inf_amd64_3d8f0106e17ff721
Class GUID: {e2f84ce7-8efa-411c-aa69-97454ca4cb57}
Driver Date: 08/05/2025
Driver Version: 16.1.0.257
Driver Provider: Intel
Driver Section: IpfEfProviderInstall.NTamd64
Driver Rank: 0xFF0000
Matching Device ID: SWC\VID8086_IPFEF_1.0
Outranked Drivers: 
Device Updated: true
Parent Device: PCI\VEN_8086&DEV_7D03&SUBSYS_0CE81028&REV_05\3&11583659&0&20"
"03-08-2026 09:45:03","400","Information","Microsoft-Windows-Kernel-PnP","Device SWD\DRIVERENUM\IpfEfExtComponent&4&23556e4&0 was configured.

Driver Name: oem503.inf
Driver Package ID: ipf_cpu.inf_amd64_5fe37e024ff302b0
Class GUID: {4d36e97d-e325-11ce-bfc1-08002be10318}
Driver Date: 01/14/2026
Driver Version: 2.3.20303.5058
Driver Provider: Intel
Driver Section: IpfEfInstall.NTamd64
Driver Rank: 0xFF0000
Matching Device ID: SWC\VID8086_IPFEF_1.0
Outranked Drivers: oem144.inf:SWC\VID8086_IPFEF_1.0:00FF0000 oem451.inf:SWC\VID8086_IPFEF_1.0:00FF0000 c_swcomponent.inf:SWC\Generic:00FF3000 c_swdevice.inf:SWD\GenericRaw:00FF3001
Device Updated: true
Parent Device: PCI\VEN_8086&DEV_7D03&SUBSYS_0CE81028&REV_05\3&11583659&0&20"
"03-08-2026 09:44:59","400","Information","Microsoft-Windows-Kernel-PnP","Device PCI\VEN_8086&DEV_7D03&SUBSYS_0CE81028&REV_05\3&11583659&0&20 was configured.

Driver Name: oem539.inf
Driver Package ID: socthermalprovider_ext.inf_amd64_132ee8dbe6b96e3c
Class GUID: {e2f84ce7-8efa-411c-aa69-97454ca4cb57}
Driver Date: 03/12/2026
Driver Version: 3.4.1007.0
Driver Provider: Intel
Driver Section: IpfEfSOCThermalProviderInstall.NTamd64
Driver Rank: 0xFF2001
Matching Device ID: PCI\VEN_8086&DEV_7D03
Outranked Drivers: 
Device Updated: true
Parent Device: ACPI\PNP0A08\0"
"03-08-2026 09:44:59","400","Information","Microsoft-Windows-Kernel-PnP","Device PCI\VEN_8086&DEV_7D03&SUBSYS_0CE81028&REV_05\3&11583659&0&20 was configured.

Driver Name: oem495.inf
Driver Package ID: dtt_ext.inf_amd64_63332b0a44b6cf39
Class GUID: {e2f84ce7-8efa-411c-aa69-97454ca4cb57}
Driver Date: 03/11/2026
Driver Version: 9.1.10009.1745
Driver Provider: Intel
Driver Section: DttExtInstall.NTamd64
Driver Rank: 0xFF2001
Matching Device ID: PCI\VEN_8086&DEV_7D03
Outranked Drivers: 
Device Updated: true
Parent Device: ACPI\PNP0A08\0"
"03-08-2026 09:44:59","400","Information","Microsoft-Windows-Kernel-PnP","Device PCI\VEN_8086&DEV_7D03&SUBSYS_0CE81028&REV_05\3&11583659&0&20 was configured.

Driver Name: oem503.inf
Driver Package ID: ipf_cpu.inf_amd64_5fe37e024ff302b0
Class GUID: {4d36e97d-e325-11ce-bfc1-08002be10318}
Driver Date: 01/14/2026
Driver Version: 2.3.20303.5058
Driver Provider: Intel
Driver Section: IpfInstall_EF.NTamd64
Driver Rank: 0xFF2001
Matching Device ID: PCI\VEN_8086&DEV_7D03
Outranked Drivers: oem144.inf:PCI\VEN_8086&DEV_7D03:00FF2001 oem451.inf:PCI\VEN_8086&DEV_7D03:00FF2001
Device Updated: true
Parent Device: ACPI\PNP0A08\0"
"03-08-2026 09:44:55","400","Information","Microsoft-Windows-Kernel-PnP","Device PCI\VEN_8086&DEV_7D0D&SUBSYS_0CE81028&REV_01\3&11583659&0&50 was configured.

Driver Name: oem538.inf
Driver Package ID: pmtprovider_ext.inf_amd64_b2d2696e722bfc78
Class GUID: {e2f84ce7-8efa-411c-aa69-97454ca4cb57}
Driver Date: 03/12/2026
Driver Version: 3.4.1007.0
Driver Provider: Intel
Driver Section: IpfEfPmtProviderInstall.NTamd64
Driver Rank: 0xFF2001
Matching Device ID: PCI\VEN_8086&DEV_7D0D
Outranked Drivers: 
Device Updated: true
Parent Device: ACPI\PNP0A08\0"
"03-08-2026 09:44:55","400","Information","Microsoft-Windows-Kernel-PnP","Device PCI\VEN_8086&DEV_7D0D&SUBSYS_0CE81028&REV_01\3&11583659&0&50 was configured.

Driver Name: oem308.inf
Driver Package ID: intcpmt.inf_amd64_7a61591fddff4def
Class GUID: {4d36e97d-e325-11ce-bfc1-08002be10318}
Driver Date: 05/24/2024
Driver Version: 3.1.2.6
Driver Provider: Intel(R) Platform Monitoring Technology (PMT) Device
Driver Section: CPUPMT_Device
Driver Rank: 0xFF2001
Matching Device ID: PCI\VEN_8086&DEV_7D0D
Outranked Drivers: 
Device Updated: true
Parent Device: ACPI\PNP0A08\0"
"03-08-2026 09:44:52","400","Information","Microsoft-Windows-Kernel-PnP","Device SWD\DRIVERENUM\IpfEfExtComponent&4&23556e4&0 was configured.

Driver Name: oem537.inf
Driver Package ID: perfmonprovider_ext.inf_amd64_229f9e750b3d815b
Class GUID: {e2f84ce7-8efa-411c-aa69-97454ca4cb57}
Driver Date: 03/12/2026
Driver Version: 3.4.1007.0
Driver Provider: Intel
Driver Section: IpfEfProviderInstall.NTamd64
Driver Rank: 0xFF0000
Matching Device ID: SWC\VID8086_IPFEF_1.0
Outranked Drivers: 
Device Updated: true
Parent Device: PCI\VEN_8086&DEV_7D03&SUBSYS_0CE81028&REV_05\3&11583659&0&20"
"03-08-2026 09:44:52","400","Information","Microsoft-Windows-Kernel-PnP","Device SWD\DRIVERENUM\IpfEfExtComponent&4&23556e4&0 was configured.

Driver Name: oem536.inf
Driver Package ID: systemconfigprovider_ext.inf_amd64_2370b64c582c057e
Class GUID: {e2f84ce7-8efa-411c-aa69-97454ca4cb57}
Driver Date: 03/12/2026
Driver Version: 3.4.1007.0
Driver Provider: Intel
Driver Section: IpfEfProviderInstall.NTamd64
Driver Rank: 0xFF0000
Matching Device ID: SWC\VID8086_IPFEF_1.0
Outranked Drivers: 
Device Updated: true
Parent Device: PCI\VEN_8086&DEV_7D03&SUBSYS_0CE81028&REV_05\3&11583659&0&20"
"03-08-2026 09:44:52","400","Information","Microsoft-Windows-Kernel-PnP","Device SWD\DRIVERENUM\IpfEfExtComponent&4&23556e4&0 was configured.

Driver Name: oem494.inf
Driver Package ID: pcdtelemetryprovider_ext.inf_amd64_0e67c963f1432d75
Class GUID: {e2f84ce7-8efa-411c-aa69-97454ca4cb57}
Driver Date: 10/28/2025
Driver Version: 1.2.1001.0
Driver Provider: Intel
Driver Section: IpfEfProviderInstall.NTamd64
Driver Rank: 0xFF0000
Matching Device ID: SWC\VID8086_IPFEF_1.0
Outranked Drivers: 
Device Updated: true
Parent Device: PCI\VEN_8086&DEV_7D03&SUBSYS_0CE81028&REV_05\3&11583659&0&20"
"03-08-2026 09:44:52","400","Information","Microsoft-Windows-Kernel-PnP","Device SWD\DRIVERENUM\IpfEfExtComponent&4&23556e4&0 was configured.

Driver Name: oem492.inf
Driver Package ID: modsprovider_ext.inf_amd64_b8da4a57908389ff
Class GUID: {e2f84ce7-8efa-411c-aa69-97454ca4cb57}
Driver Date: 01/17/2026
Driver Version: 3.4.1005.0
Driver Provider: Intel
Driver Section: IpfEfProviderInstall.NTamd64
Driver Rank: 0xFF0000
Matching Device ID: SWC\VID8086_IPFEF_1.0
Outranked Drivers: 
Device Updated: true
Parent Device: PCI\VEN_8086&DEV_7D03&SUBSYS_0CE81028&REV_05\3&11583659&0&20"
"03-08-2026 09:44:52","400","Information","Microsoft-Windows-Kernel-PnP","Device SWD\DRIVERENUM\IpfEfExtComponent&4&23556e4&0 was configured.

Driver Name: oem488.inf
Driver Package ID: igcl_ipf_provider_ext.inf_amd64_3d8f0106e17ff721
Class GUID: {e2f84ce7-8efa-411c-aa69-97454ca4cb57}
Driver Date: 08/05/2025
Driver Version: 16.1.0.257
Driver Provider: Intel
Driver Section: IpfEfProviderInstall.NTamd64
Driver Rank: 0xFF0000
Matching Device ID: SWC\VID8086_IPFEF_1.0
Outranked Drivers: 
Device Updated: true
Parent Device: PCI\VEN_8086&DEV_7D03&SUBSYS_0CE81028&REV_05\3&11583659&0&20"
"03-08-2026 09:44:52","400","Information","Microsoft-Windows-Kernel-PnP","Device SWD\DRIVERENUM\IpfEfExtComponent&4&23556e4&0 was configured.

Driver Name: oem503.inf
Driver Package ID: ipf_cpu.inf_amd64_5fe37e024ff302b0
Class GUID: {4d36e97d-e325-11ce-bfc1-08002be10318}
Driver Date: 01/14/2026
Driver Version: 2.3.20303.5058
Driver Provider: Intel
Driver Section: IpfEfInstall.NTamd64
Driver Rank: 0xFF0000
Matching Device ID: SWC\VID8086_IPFEF_1.0
Outranked Drivers: oem144.inf:SWC\VID8086_IPFEF_1.0:00FF0000 oem451.inf:SWC\VID8086_IPFEF_1.0:00FF0000 c_swcomponent.inf:SWC\Generic:00FF3000 c_swdevice.inf:SWD\GenericRaw:00FF3001
Device Updated: true
Parent Device: PCI\VEN_8086&DEV_7D03&SUBSYS_0CE81028&REV_05\3&11583659&0&20"
"03-08-2026 09:44:49","400","Information","Microsoft-Windows-Kernel-PnP","Device SWD\DRIVERENUM\IpfEfExtComponent&4&23556e4&0 was configured.

Driver Name: oem536.inf
Driver Package ID: systemconfigprovider_ext.inf_amd64_2370b64c582c057e
Class GUID: {e2f84ce7-8efa-411c-aa69-97454ca4cb57}
Driver Date: 03/12/2026
Driver Version: 3.4.1007.0
Driver Provider: Intel
Driver Section: IpfEfProviderInstall.NTamd64
Driver Rank: 0xFF0000
Matching Device ID: SWC\VID8086_IPFEF_1.0
Outranked Drivers: 
Device Updated: true
Parent Device: PCI\VEN_8086&DEV_7D03&SUBSYS_0CE81028&REV_05\3&11583659&0&20"
"03-08-2026 09:44:49","400","Information","Microsoft-Windows-Kernel-PnP","Device SWD\DRIVERENUM\IpfEfExtComponent&4&23556e4&0 was configured.

Driver Name: oem494.inf
Driver Package ID: pcdtelemetryprovider_ext.inf_amd64_0e67c963f1432d75
Class GUID: {e2f84ce7-8efa-411c-aa69-97454ca4cb57}
Driver Date: 10/28/2025
Driver Version: 1.2.1001.0
Driver Provider: Intel
Driver Section: IpfEfProviderInstall.NTamd64
Driver Rank: 0xFF0000
Matching Device ID: SWC\VID8086_IPFEF_1.0
Outranked Drivers: 
Device Updated: true
Parent Device: PCI\VEN_8086&DEV_7D03&SUBSYS_0CE81028&REV_05\3&11583659&0&20"
"03-08-2026 09:44:49","400","Information","Microsoft-Windows-Kernel-PnP","Device SWD\DRIVERENUM\IpfEfExtComponent&4&23556e4&0 was configured.

Driver Name: oem492.inf
Driver Package ID: modsprovider_ext.inf_amd64_b8da4a57908389ff
Class GUID: {e2f84ce7-8efa-411c-aa69-97454ca4cb57}
Driver Date: 01/17/2026
Driver Version: 3.4.1005.0
Driver Provider: Intel
Driver Section: IpfEfProviderInstall.NTamd64
Driver Rank: 0xFF0000
Matching Device ID: SWC\VID8086_IPFEF_1.0
Outranked Drivers: 
Device Updated: true
Parent Device: PCI\VEN_8086&DEV_7D03&SUBSYS_0CE81028&REV_05\3&11583659&0&20"
"03-08-2026 09:44:49","400","Information","Microsoft-Windows-Kernel-PnP","Device SWD\DRIVERENUM\IpfEfExtComponent&4&23556e4&0 was configured.

Driver Name: oem489.inf
Driver Package ID: perfmonprovider_ext.inf_amd64_956a25d81dae6813
Class GUID: {e2f84ce7-8efa-411c-aa69-97454ca4cb57}
Driver Date: 01/17/2026
Driver Version: 3.4.1005.0
Driver Provider: Intel
Driver Section: IpfEfProviderInstall.NTamd64
Driver Rank: 0xFF0000
Matching Device ID: SWC\VID8086_IPFEF_1.0
Outranked Drivers: 
Device Updated: true
Parent Device: PCI\VEN_8086&DEV_7D03&SUBSYS_0CE81028&REV_05\3&11583659&0&20"
"03-08-2026 09:44:49","400","Information","Microsoft-Windows-Kernel-PnP","Device SWD\DRIVERENUM\IpfEfExtComponent&4&23556e4&0 was configured.

Driver Name: oem488.inf
Driver Package ID: igcl_ipf_provider_ext.inf_amd64_3d8f0106e17ff721
Class GUID: {e2f84ce7-8efa-411c-aa69-97454ca4cb57}
Driver Date: 08/05/2025
Driver Version: 16.1.0.257
Driver Provider: Intel
Driver Section: IpfEfProviderInstall.NTamd64
Driver Rank: 0xFF0000
Matching Device ID: SWC\VID8086_IPFEF_1.0
Outranked Drivers: 
Device Updated: true
Parent Device: PCI\VEN_8086&DEV_7D03&SUBSYS_0CE81028&REV_05\3&11583659&0&20"
"03-08-2026 09:44:49","400","Information","Microsoft-Windows-Kernel-PnP","Device SWD\DRIVERENUM\IpfEfExtComponent&4&23556e4&0 was configured.

Driver Name: oem503.inf
Driver Package ID: ipf_cpu.inf_amd64_5fe37e024ff302b0
Class GUID: {4d36e97d-e325-11ce-bfc1-08002be10318}
Driver Date: 01/14/2026
Driver Version: 2.3.20303.5058
Driver Provider: Intel
Driver Section: IpfEfInstall.NTamd64
Driver Rank: 0xFF0000
Matching Device ID: SWC\VID8086_IPFEF_1.0
Outranked Drivers: oem144.inf:SWC\VID8086_IPFEF_1.0:00FF0000 oem451.inf:SWC\VID8086_IPFEF_1.0:00FF0000 c_swcomponent.inf:SWC\Generic:00FF3000 c_swdevice.inf:SWD\GenericRaw:00FF3001
Device Updated: true
Parent Device: PCI\VEN_8086&DEV_7D03&SUBSYS_0CE81028&REV_05\3&11583659&0&20"
"03-08-2026 09:44:45","410","Information","Microsoft-Windows-Kernel-PnP","Device PCI\VEN_8086&DEV_7770&SUBSYS_0CE81028&REV_00\3&11583659&0&B0 was started.

Driver Name: oem162.inf
Class GUID: {4d36e97d-e325-11ce-bfc1-08002be10318}
Service: MEIx64
Lower Filters: 
Upper Filters: "
"03-08-2026 09:44:44","400","Information","Microsoft-Windows-Kernel-PnP","Device PCI\VEN_8086&DEV_7770&SUBSYS_0CE81028&REV_00\3&11583659&0&B0 was configured.

Driver Name: oem535.inf
Driver Package ID: wiman_wlan_extension.inf_amd64_0725f77e4ab8e3be
Class GUID: {e2f84ce7-8efa-411c-aa69-97454ca4cb57}
Driver Date: 02/11/2026
Driver Version: 267.102.85.0
Driver Provider: Intel
Driver Section: WiManWlanExtInstallSection_HECI_IO_MTL_M.NT
Driver Rank: 0xFF2001
Matching Device ID: PCI\VEN_8086&DEV_7770
Outranked Drivers: 
Device Updated: true
Parent Device: ACPI\PNP0A08\0"
"03-08-2026 09:44:44","400","Information","Microsoft-Windows-Kernel-PnP","Device PCI\VEN_8086&DEV_7770&SUBSYS_0CE81028&REV_00\3&11583659&0&B0 was configured.

Driver Name: oem162.inf
Driver Package ID: heci.inf_amd64_8aa2a580e0a96b6f
Class GUID: {4d36e97d-e325-11ce-bfc1-08002be10318}
Driver Date: 11/12/2025
Driver Version: 2546.8.9.0
Driver Provider: Intel
Driver Section: TEE_DDI_x64
Driver Rank: 0xFF2001
Matching Device ID: PCI\VEN_8086&DEV_7770
Outranked Drivers: oem65.inf:PCI\VEN_8086&DEV_7770:00FF2001 oem107.inf:PCI\VEN_8086&DEV_7770:00FF2001 oem227.inf:PCI\VEN_8086&DEV_7770:00FF2001 oem319.inf:PCI\VEN_8086&DEV_7770:00FF2001
Device Updated: true
Parent Device: ACPI\PNP0A08\0"
"27-07-2026 09:34:19","411","Error","Microsoft-Windows-Kernel-PnP","Device HID\Vid_8087&Pid_0AC2\7&1b7be250&0&0000 had a problem starting.

Driver Name: sensorshidclassdriver.inf
Class GUID: {5175d334-c371-4806-b3ba-71fd53c9258d}
Service: WUDFRd
Lower Filters: 
Upper Filters: 
Problem: 0x25
Problem Status: 0xC0000034"
"27-07-2026 09:34:19","400","Information","Microsoft-Windows-Kernel-PnP","Device HID\Vid_8087&Pid_0AC2\7&1b7be250&0&0000 was configured.

Driver Name: sensorshidclassdriver.inf
Driver Package ID: sensorshidclassdriver.inf_amd64_09d21bedd98ca2fc
Class GUID: {5175d334-c371-4806-b3ba-71fd53c9258d}
Driver Date: 04/21/2009
Driver Version: 10.0.26100.8737
Driver Provider: Microsoft
Driver Section: SensorsHIDClassDriver_Install.NT
Driver Rank: 0xFF0002
Matching Device ID: HID_DEVICE_UP:0020_U:0001
Outranked Drivers: input.inf:HID_DEVICE:00FF1003
Device Updated: true
Parent Device: {DEA5AE2A-D1FD-438A-A091-CBD484788436}\Vid_8087&Pid_0AC2\6&1c25c748&0&00"
"27-07-2026 09:34:14","410","Information","Microsoft-Windows-Kernel-PnP","Device USB4\ROOT_DEVICE_ROUTER&VID_8086&PID_7EC3\4&2b9867fe&0&0 was started.

Driver Name: usb4devicerouter.inf
Class GUID: {36fc9e60-c465-11cf-8056-444553540000}
Service: Usb4DeviceRouter
Lower Filters: 
Upper Filters: "
"27-07-2026 09:34:13","400","Information","Microsoft-Windows-Kernel-PnP","Device USB4\ROOT_DEVICE_ROUTER&VID_8086&PID_7EC3\4&2b9867fe&0&0 was configured.

Driver Name: usb4devicerouter.inf
Driver Package ID: usb4devicerouter.inf_amd64_99bd05b346a16620
Class GUID: {36fc9e60-c465-11cf-8056-444553540000}
Driver Date: 06/18/2026
Driver Version: 10.0.26100.8737
Driver Provider: Microsoft
Driver Section: Usb4DeviceRouter_Device.NT
Driver Rank: 0xFF2000
Matching Device ID: USB4\ROOT_DEVICE_ROUTER
Outranked Drivers: usb4devicerouter.inf:USB4\DEVICE_ROUTER:00FF2001
Device Updated: true
Parent Device: PCI\VEN_8086&DEV_7EC3&SUBSYS_0CE81028&REV_10&USB4_MS_CM\3&11583659&0&6B"
"27-07-2026 09:34:13","410","Information","Microsoft-Windows-Kernel-PnP","Device PCI\VEN_8086&DEV_7EC3&SUBSYS_0CE81028&REV_10&USB4_MS_CM\3&11583659&0&6B was started.

Driver Name: usb4hostrouter.inf
Class GUID: {36fc9e60-c465-11cf-8056-444553540000}
Service: Usb4HostRouter
Lower Filters: 
Upper Filters: "
"27-07-2026 09:34:13","410","Information","Microsoft-Windows-Kernel-PnP","Device ACPI_HAL\UEFI\0 was started.

Driver Name: uefi.inf
Class GUID: {4d36e97d-e325-11ce-bfc1-08002be10318}
Service: UEFI
Lower Filters: 
Upper Filters: "
"27-07-2026 09:34:09","400","Information","Microsoft-Windows-Kernel-PnP","Device PCI\VEN_8086&DEV_7EC3&SUBSYS_0CE81028&REV_10&USB4_MS_CM\3&11583659&0&6B was configured.

Driver Name: usb4hostrouter.inf
Driver Package ID: usb4hostrouter.inf_amd64_5d71006f46adfaa1
Class GUID: {36fc9e60-c465-11cf-8056-444553540000}
Driver Date: 06/18/2026
Driver Version: 10.0.26100.8737
Driver Provider: Microsoft
Driver Section: Usb4HostRouter_Device.NT
Driver Rank: 0xFF0000
Matching Device ID: PCI\USB4_MS_CM
Outranked Drivers: 
Device Updated: true
Parent Device: ACPI\PNP0A08\0"
"27-07-2026 09:34:08","400","Information","Microsoft-Windows-Kernel-PnP","Device ACPI_HAL\UEFI\0 was configured.

Driver Name: uefi.inf
Driver Package ID: uefi.inf_amd64_8681c4be783af156
Class GUID: {4d36e97d-e325-11ce-bfc1-08002be10318}
Driver Date: 06/21/2006
Driver Version: 10.0.26100.8737
Driver Provider: Microsoft
Driver Section: UEFI_Inst.NT
Driver Rank: 0xFF0000
Matching Device ID: ACPI_HAL\UEFI
Outranked Drivers: 
Device Updated: true
Parent Device: ROOT\ACPI_HAL\0000"
"23-07-2026 10:17:56","410","Information","Microsoft-Windows-Kernel-PnP","Device SWD\DRIVERENUM\{96bedf2c-18cb-4a15-b821-5e95ed0fea61}#VocaEffectPack&1&2382dedd&0 was started.

Driver Name: oem534.inf
Class GUID: {5989fce8-9cd0-467d-8a6a-5419e31529d4}
Service: 
Lower Filters: 
Upper Filters: "
"23-07-2026 10:17:56","400","Information","Microsoft-Windows-Kernel-PnP","Device SWD\DRIVERENUM\{96bedf2c-18cb-4a15-b821-5e95ed0fea61}#VocaEffectPack&1&2382dedd&0 was configured.

Driver Name: oem534.inf
Driver Package ID: voiceclarityep_audio_component.inf_amd64_d5f0f6f169848993
Class GUID: {5989fce8-9cd0-467d-8a6a-5419e31529d4}
Driver Date: 06/16/2026
Driver Version: 1.0.4.7057
Driver Provider: Microsoft Corporation
Driver Section: MSVoiceClarityComponentAPO_Install.NTamd64
Driver Rank: 0xFF0000
Matching Device ID: SWC\VEN_MSFT&AUDIO_EFFECTPACK_VOICECLARITY
Outranked Drivers: oem212.inf:SWC\VEN_MSFT&AUDIO_EFFECTPACK_VOICECLARITY:00FF0000 oem217.inf:SWC\VEN_MSFT&AUDIO_EFFECTPACK_VOICECLARITY:00FF0000 oem528.inf:SWC\VEN_MSFT&AUDIO_EFFECTPACK_VOICECLARITY:00FF0000 c_swcomponent.inf:SWC\Generic:00FF3000 c_swdevice.inf:SWD\GenericRaw:00FF3001
Device Updated: true
Parent Device: SWD\COMPUTER\MFG_Dell_Inc.&FAM_Dell_Pro_Laptops&PROD_Dell_Pro_14_Plus_PB14250&SKU_0CE8"
"23-07-2026 10:17:53","410","Information","Microsoft-Windows-Kernel-PnP","Device PCI\VEN_8086&DEV_7740&SUBSYS_40E08086&REV_00\3&11583659&0&A3 was started.

Driver Name: oem533.inf
Class GUID: {4d36e972-e325-11ce-bfc1-08002be10318}
Service: Netwaw18
Lower Filters: 
Upper Filters: "
"23-07-2026 10:17:51","400","Information","Microsoft-Windows-Kernel-PnP","Device PCI\VEN_8086&DEV_7740&SUBSYS_40E08086&REV_00\3&11583659&0&A3 was configured.

Driver Name: oem533.inf
Driver Package ID: netwtw6e.inf_amd64_bd0a3abded73be0b
Class GUID: {4d36e972-e325-11ce-bfc1-08002be10318}
Driver Date: 05/20/2026
Driver Version: 24.50.0.4
Driver Provider: Intel
Driver Section: Install_GEN_BLZ_FmP2_201_BE_2x2_WinA
Driver Rank: 0xFF0001
Matching Device ID: PCI\VEN_8086&DEV_7740&SUBSYS_40E08086
Outranked Drivers: oem31.inf:PCI\VEN_8086&DEV_7740&SUBSYS_40E08086:00FF0001 oem61.inf:PCI\VEN_8086&DEV_7740&SUBSYS_40E08086:00FF0001 oem90.inf:PCI\VEN_8086&DEV_7740&SUBSYS_40E08086:00FF0001 oem335.inf:PCI\VEN_8086&DEV_7740&SUBSYS_40E08086:00FF0001 oem336.inf:PCI\VEN_8086&DEV_7740&SUBSYS_40E08086:00FF0001
Device Updated: true
Parent Device: ACPI\PNP0A08\0"
"22-07-2026 13:17:35","410","Information","Microsoft-Windows-Kernel-PnP","Device SWD\MMDEVAPI\{0.0.0.00000000}.{cdcd83a8-0046-4171-8ac8-c367eb72c1e5} was started.

Driver Name: audioendpoint.inf
Class GUID: {c166523c-fe0c-4a94-a586-f1a80cfbbf3e}
Service: 
Lower Filters: 
Upper Filters: "
"22-07-2026 13:17:35","400","Information","Microsoft-Windows-Kernel-PnP","Device SWD\MMDEVAPI\{0.0.0.00000000}.{cdcd83a8-0046-4171-8ac8-c367eb72c1e5} was configured.

Driver Name: audioendpoint.inf
Driver Package ID: audioendpoint.inf_amd64_271c4d03bad18da8
Class GUID: {c166523c-fe0c-4a94-a586-f1a80cfbbf3e}
Driver Date: 03/31/2024
Driver Version: 10.0.26100.1
Driver Provider: Microsoft
Driver Section: NO_DRV
Driver Rank: 0xFF0000
Matching Device ID: MMDEVAPI\AudioEndpoints
Outranked Drivers: c_swdevice.inf:SWD\GenericRaw:00FF3001
Device Updated: false
Parent Device: SWD\AspInfra\Beatbox._display._tcp.local#Miracast"
"22-07-2026 13:17:35","410","Information","Microsoft-Windows-Kernel-PnP","Device DISPLAY\Default_Monitor\3&629b398&0&UID256 was started.

Driver Name: monitor.inf
Class GUID: {4d36e96e-e325-11ce-bfc1-08002be10318}
Service: monitor
Lower Filters: 
Upper Filters: "
"22-07-2026 13:17:35","400","Information","Microsoft-Windows-Kernel-PnP","Device DISPLAY\Default_Monitor\3&629b398&0&UID256 was configured.

Driver Name: monitor.inf
Driver Package ID: monitor.inf_amd64_5ec6500792d2b4b4
Class GUID: {4d36e96e-e325-11ce-bfc1-08002be10318}
Driver Date: 06/21/2006
Driver Version: 10.0.26100.8521
Driver Provider: Microsoft
Driver Section: NonPnPMonitor.Install
Driver Rank: 0xFF0000
Matching Device ID: MONITOR\Default_Monitor
Outranked Drivers: monitor.inf:*PNP09FF:00FF2000
Device Updated: false
Parent Device: SWD\AspInfra\Beatbox._display._tcp.local#Miracast"
"22-07-2026 13:17:27","410","Information","Microsoft-Windows-Kernel-PnP","Device SWD\AspInfra\Beatbox._display._tcp.local#Miracast was started.

Driver Name: miradisp.inf
Class GUID: {d421b08e-6d16-41ca-9c4d-9147e5ac98e0}
Service: WUDFRd
Lower Filters: vhf
Upper Filters: IndirectKmd"
"22-07-2026 13:17:27","400","Information","Microsoft-Windows-Kernel-PnP","Device SWD\AspInfra\Beatbox._display._tcp.local#Miracast was configured.

Driver Name: miradisp.inf
Driver Package ID: miradisp.inf_amd64_bcfb4f80ff09019a
Class GUID: {d421b08e-6d16-41ca-9c4d-9147e5ac98e0}
Driver Date: 06/21/2006
Driver Version: 10.0.26100.8521
Driver Provider: Microsoft
Driver Section: MiraDisp_Inst
Driver Rank: 0xFF2000
Matching Device ID: WFD\MiracastDisplayDevice
Outranked Drivers: 
Device Updated: false
Parent Device: SWD\AspInfra\Beatbox._display._tcp.local"
"22-07-2026 13:17:27","410","Information","Microsoft-Windows-Kernel-PnP","Device SWD\AspInfra\Beatbox._display._tcp.local was started.

Driver Name: c_swdevice.inf
Class GUID: {62f9c741-b25a-46ce-b54c-9bccce08b6f2}
Service: 
Lower Filters: 
Upper Filters: "
"22-07-2026 13:17:27","400","Information","Microsoft-Windows-Kernel-PnP","Device SWD\AspInfra\Beatbox._display._tcp.local was configured.

Driver Name: c_swdevice.inf
Driver Package ID: c_swdevice.inf_amd64_845d51425d14f98b
Class GUID: {62f9c741-b25a-46ce-b54c-9bccce08b6f2}
Driver Date: 06/21/2006
Driver Version: 10.0.26100.1
Driver Provider: Microsoft
Driver Section: SoftwareDevice
Driver Rank: 0xFF3000
Matching Device ID: SWD\GenericRaw
Outranked Drivers: 
Device Updated: false
Parent Device: SWD\MSDAS\{ce958e9a-424f-4c88-86f4-11314821e75a}"
"22-07-2026 13:16:56","410","Information","Microsoft-Windows-Kernel-PnP","Device SWD\AspInfra\pandorabox1._display._tcp.local#Miracast was started.

Driver Name: miradisp.inf
Class GUID: {d421b08e-6d16-41ca-9c4d-9147e5ac98e0}
Service: WUDFRd
Lower Filters: vhf
Upper Filters: IndirectKmd"
"22-07-2026 13:16:56","400","Information","Microsoft-Windows-Kernel-PnP","Device SWD\AspInfra\pandorabox1._display._tcp.local#Miracast was configured.

Driver Name: miradisp.inf
Driver Package ID: miradisp.inf_amd64_bcfb4f80ff09019a
Class GUID: {d421b08e-6d16-41ca-9c4d-9147e5ac98e0}
Driver Date: 06/21/2006
Driver Version: 10.0.26100.8521
Driver Provider: Microsoft
Driver Section: MiraDisp_Inst
Driver Rank: 0xFF2000
Matching Device ID: WFD\MiracastDisplayDevice
Outranked Drivers: 
Device Updated: false
Parent Device: SWD\AspInfra\pandorabox1._display._tcp.local"
"22-07-2026 13:16:55","430","Information","Microsoft-Windows-Kernel-PnP","Device SWD\AspInfra\pandorabox1._display._tcp.local#Miracast requires further installation."
"22-07-2026 13:16:55","410","Information","Microsoft-Windows-Kernel-PnP","Device SWD\AspInfra\pandorabox1._display._tcp.local was started.

Driver Name: c_swdevice.inf
Class GUID: {62f9c741-b25a-46ce-b54c-9bccce08b6f2}
Service: 
Lower Filters: 
Upper Filters: "
"22-07-2026 13:16:55","400","Information","Microsoft-Windows-Kernel-PnP","Device SWD\AspInfra\pandorabox1._display._tcp.local was configured.

Driver Name: c_swdevice.inf
Driver Package ID: c_swdevice.inf_amd64_845d51425d14f98b
Class GUID: {62f9c741-b25a-46ce-b54c-9bccce08b6f2}
Driver Date: 06/21/2006
Driver Version: 10.0.26100.1
Driver Provider: Microsoft
Driver Section: SoftwareDevice
Driver Rank: 0xFF3000
Matching Device ID: SWD\GenericRaw
Outranked Drivers: 
Device Updated: false
Parent Device: SWD\MSDAS\{ce958e9a-424f-4c88-86f4-11314821e75a}"
"21-07-2026 08:45:50","410","Information","Microsoft-Windows-Kernel-PnP","Device SWD\PRINTENUM\{4FEAB96C-5CB8-4997-9C41-B605A445B317} was started.

Driver Name: printqueue.inf
Class GUID: {1ed2bbf9-11f0-4084-b21f-ad83a8e6dcdc}
Service: 
Lower Filters: 
Upper Filters: "
"21-07-2026 08:45:50","400","Information","Microsoft-Windows-Kernel-PnP","Device SWD\PRINTENUM\{4FEAB96C-5CB8-4997-9C41-B605A445B317} was configured.

Driver Name: printqueue.inf
Driver Package ID: printqueue.inf_amd64_044b5f13f940e7c8
Class GUID: {1ed2bbf9-11f0-4084-b21f-ad83a8e6dcdc}
Driver Date: 06/21/2006
Driver Version: 10.0.26100.1
Driver Provider: Microsoft
Driver Section: NO_DRV_LOCAL
Driver Rank: 0x1
Matching Device ID: PRINTENUM\LocalPrintQueue
Outranked Drivers: oem455.inf:{3ee39114-30b4-45a4-a109-19d4a40fcc22}:00FF0002 c_swdevice.inf:SWD\GenericRaw:00FF3001
Device Updated: false
Parent Device: SWD\PRINTENUM\PrintQueues"
"21-07-2026 08:45:50","420","Information","Microsoft-Windows-Kernel-PnP","Device SWD\PRINTENUM\{82F6BACE-4071-4A3C-8BEA-0425E01E8029} was deleted.

Class GUID: {1ed2bbf9-11f0-4084-b21f-ad83a8e6dcdc}"
"20-07-2026 11:28:21","410","Information","Microsoft-Windows-Kernel-PnP","Device USB\VID_8087&PID_0037\5&2dc84fba&0&10 was started.

Driver Name: oem532.inf
Class GUID: {e0cbf06c-cd8b-4647-bb8a-263b43f0f974}
Service: BTHUSB
Lower Filters: ibtusb
Upper Filters: "
"20-07-2026 11:28:17","400","Information","Microsoft-Windows-Kernel-PnP","Device USB\VID_8087&PID_0037\5&2dc84fba&0&10 was configured.

Driver Name: oem532.inf
Driver Package ID: ibtusb.inf_amd64_d3a5815b67aaced8
Class GUID: {e0cbf06c-cd8b-4647-bb8a-263b43f0f974}
Driver Date: 05/08/2026
Driver Version: 24.50.0.4
Driver Provider: Intel Corporation
Driver Section: ibtusb
Driver Rank: 0xFF0000
Matching Device ID: USB\VID_8087&PID_0037&REV_0000
Outranked Drivers: oem129.inf:USB\VID_8087&PID_0037&REV_0000:00FF0000 oem151.inf:USB\VID_8087&PID_0037&REV_0000:00FF0000 oem375.inf:USB\VID_8087&PID_0037&REV_0000:00FF0000 oem430.inf:USB\VID_8087&PID_0037&REV_0000:00FF0000 oem487.inf:USB\VID_8087&PID_0037&REV_0000:00FF0000 bth.inf:USB\Class_E0&SubClass_01&Prot_01:00FF2003
Device Updated: true
Parent Device: USB\ROOT_HUB30\4&2169287b&0&0"
"20-07-2026 10:30:31","420","Information","Microsoft-Windows-Kernel-PnP","Device ROOT\INSECURE_NPCAP\0000 was deleted.

Class GUID: {4d36e974-e325-11ce-bfc1-08002be10318}"
"20-07-2026 10:29:07","420","Information","Microsoft-Windows-Kernel-PnP","Device ROOT\ZS_ZAPPRD\0000 was deleted.

Class GUID: {4d36e974-e325-11ce-bfc1-08002be10318}"
"10-07-2026 10:40:47","410","Information","Microsoft-Windows-Kernel-PnP","Device SWD\DRIVERENUM\DPMAutoInstallDriver_Device_component&a&21b20916&0 was started.

Driver Name: oem425.inf
Class GUID: {5c4c3332-344d-483c-8739-259e934c9cc8}
Service: 
Lower Filters: 
Upper Filters: "
"10-07-2026 10:40:47","410","Information","Microsoft-Windows-Kernel-PnP","Device HID\VID_413C&PID_2514&MI_01&Col01\9&1020add9&0&0000 was started.

Driver Name: msmouse.inf
Class GUID: {4d36e96f-e325-11ce-bfc1-08002be10318}
Service: mouhid
Lower Filters: 
Upper Filters: "
"10-07-2026 10:40:47","410","Information","Microsoft-Windows-Kernel-PnP","Device HID\VID_413C&PID_2514&MI_00\9&33f7eb9b&0&0000 was started.

Driver Name: keyboard.inf
Class GUID: {4d36e96b-e325-11ce-bfc1-08002be10318}
Service: kbdhid
Lower Filters: 
Upper Filters: "
"10-07-2026 10:40:47","400","Information","Microsoft-Windows-Kernel-PnP","Device SWD\DRIVERENUM\DPMAutoInstallDriver_Device_component&a&21b20916&0 was configured.

Driver Name: oem425.inf
Driver Package ID: ddpmsoftwareinstall_component.inf_amd64_3d39f607b80ee919
Class GUID: {5c4c3332-344d-483c-8739-259e934c9cc8}
Driver Date: 03/03/2025
Driver Version: 1.0.0.8
Driver Provider: Dell Technologies Inc.
Driver Section: DDPMSoftwareInstall_Device_component.NTamd64
Driver Rank: 0xFF0000
Matching Device ID: SWC\DELL_DDPM0001
Outranked Drivers: c_swcomponent.inf:SWC\Generic:00FF3000 c_swdevice.inf:SWD\GenericRaw:00FF3001
Device Updated: false
Parent Device: HID\VID_413C&PID_2514&MI_02&Col02\9&27e43a1e&0&0001"
"10-07-2026 10:40:47","410","Information","Microsoft-Windows-Kernel-PnP","Device HID\VID_413C&PID_2514&MI_02&Col02\9&27e43a1e&0&0001 was started.

Driver Name: oem135.inf
Class GUID: {745a17a0-74d3-11d0-b6fe-00a0c90f57da}
Service: 
Lower Filters: 
Upper Filters: "
"10-07-2026 10:40:47","410","Information","Microsoft-Windows-Kernel-PnP","Device HID\VID_413C&PID_2514&MI_02&Col01\9&27e43a1e&0&0000 was started.

Driver Name: input.inf
Class GUID: {745a17a0-74d3-11d0-b6fe-00a0c90f57da}
Service: 
Lower Filters: 
Upper Filters: "
"10-07-2026 10:40:47","410","Information","Microsoft-Windows-Kernel-PnP","Device HID\VID_413C&PID_2514&MI_01&Col03\9&1020add9&0&0002 was started.

Driver Name: input.inf
Class GUID: {745a17a0-74d3-11d0-b6fe-00a0c90f57da}
Service: 
Lower Filters: 
Upper Filters: "
"10-07-2026 10:40:47","410","Information","Microsoft-Windows-Kernel-PnP","Device HID\VID_413C&PID_2514&MI_01&Col02\9&1020add9&0&0001 was started.

Driver Name: hidserv.inf
Class GUID: {745a17a0-74d3-11d0-b6fe-00a0c90f57da}
Service: 
Lower Filters: 
Upper Filters: "
"10-07-2026 10:40:47","400","Information","Microsoft-Windows-Kernel-PnP","Device HID\VID_413C&PID_2514&MI_02&Col02\9&27e43a1e&0&0001 was configured.

Driver Name: oem135.inf
Driver Package ID: dpmautoinstalldriver.inf_amd64_412d7d28a0358c95
Class GUID: {745a17a0-74d3-11d0-b6fe-00a0c90f57da}
Driver Date: 12/03/2025
Driver Version: 2.2.0.0
Driver Provider: Dell Inc.
Driver Section: DPMAutoInstallDriver_Device.NT
Driver Rank: 0xFF0001
Matching Device ID: HID\VID_413C&PID_2514&MI_02&Col02
Outranked Drivers: oem68.inf:HID\VID_413C&PID_2514&MI_02&Col02:00FF0001 input.inf:HID_DEVICE_UPR:FF00-FFFF:00FF1004 input.inf:HID_DEVICE:00FF1005
Device Updated: false
Parent Device: USB\VID_413C&PID_2514&MI_02\8&2985fa89&0&0002"
"10-07-2026 10:40:47","400","Information","Microsoft-Windows-Kernel-PnP","Device HID\VID_413C&PID_2514&MI_02&Col01\9&27e43a1e&0&0000 was configured.

Driver Name: input.inf
Driver Package ID: input.inf_amd64_5ef322c8291a38ce
Class GUID: {745a17a0-74d3-11d0-b6fe-00a0c90f57da}
Driver Date: 06/21/2006
Driver Version: 10.0.26100.8521
Driver Provider: Microsoft
Driver Section: HID_Raw_Inst.NT
Driver Rank: 0xFF1004
Matching Device ID: HID_DEVICE_UPR:FF00-FFFF
Outranked Drivers: input.inf:HID_DEVICE:00FF1005
Device Updated: false
Parent Device: USB\VID_413C&PID_2514&MI_02\8&2985fa89&0&0002"
"10-07-2026 10:40:47","410","Information","Microsoft-Windows-Kernel-PnP","Device USB\VID_413C&PID_2514&MI_02\8&2985fa89&0&0002 was started.

Driver Name: input.inf
Class GUID: {745a17a0-74d3-11d0-b6fe-00a0c90f57da}
Service: HidUsb
Lower Filters: 
Upper Filters: "
"10-07-2026 10:40:47","400","Information","Microsoft-Windows-Kernel-PnP","Device HID\VID_413C&PID_2514&MI_01&Col03\9&1020add9&0&0002 was configured.

Driver Name: input.inf
Driver Package ID: input.inf_amd64_5ef322c8291a38ce
Class GUID: {745a17a0-74d3-11d0-b6fe-00a0c90f57da}
Driver Date: 06/21/2006
Driver Version: 10.0.26100.8521
Driver Provider: Microsoft
Driver Section: HID_Raw_Inst.NT
Driver Rank: 0xFF1004
Matching Device ID: HID_DEVICE_UP:0001_U:0080
Outranked Drivers: input.inf:HID_DEVICE:00FF1005
Device Updated: false
Parent Device: USB\VID_413C&PID_2514&MI_01\8&2985fa89&0&0001"
"10-07-2026 10:40:47","400","Information","Microsoft-Windows-Kernel-PnP","Device HID\VID_413C&PID_2514&MI_01&Col02\9&1020add9&0&0001 was configured.

Driver Name: hidserv.inf
Driver Package ID: hidserv.inf_amd64_3111b4bfb553788d
Class GUID: {745a17a0-74d3-11d0-b6fe-00a0c90f57da}
Driver Date: 06/21/2006
Driver Version: 10.0.26100.1
Driver Provider: Microsoft
Driver Section: HIDSystemConsumerDevice
Driver Rank: 0xFF0004
Matching Device ID: HID_DEVICE_UP:000C_U:0001
Outranked Drivers: input.inf:HID_DEVICE:00FF1005
Device Updated: false
Parent Device: USB\VID_413C&PID_2514&MI_01\8&2985fa89&0&0001"
"10-07-2026 10:40:47","400","Information","Microsoft-Windows-Kernel-PnP","Device HID\VID_413C&PID_2514&MI_01&Col01\9&1020add9&0&0000 was configured.

Driver Name: msmouse.inf
Driver Package ID: msmouse.inf_amd64_097bbd709f0c4972
Class GUID: {4d36e96f-e325-11ce-bfc1-08002be10318}
Driver Date: 06/21/2006
Driver Version: 10.0.26100.1150
Driver Provider: Microsoft
Driver Section: HID_Mouse_Inst.NT
Driver Rank: 0xFF1003
Matching Device ID: HID_DEVICE_SYSTEM_MOUSE
Outranked Drivers: input.inf:HID_DEVICE:00FF1005
Device Updated: false
Parent Device: USB\VID_413C&PID_2514&MI_01\8&2985fa89&0&0001"
"10-07-2026 10:40:47","410","Information","Microsoft-Windows-Kernel-PnP","Device USB\VID_413C&PID_2514&MI_01\8&2985fa89&0&0001 was started.

Driver Name: input.inf
Class GUID: {745a17a0-74d3-11d0-b6fe-00a0c90f57da}
Service: HidUsb
Lower Filters: 
Upper Filters: "
"10-07-2026 10:40:47","400","Information","Microsoft-Windows-Kernel-PnP","Device HID\VID_413C&PID_2514&MI_00\9&33f7eb9b&0&0000 was configured.

Driver Name: keyboard.inf
Driver Package ID: keyboard.inf_amd64_b080cf0dd47fca65
Class GUID: {4d36e96b-e325-11ce-bfc1-08002be10318}
Driver Date: 06/21/2006
Driver Version: 10.0.26100.8521
Driver Provider: Microsoft
Driver Section: HID_Keyboard_Inst.NT
Driver Rank: 0xFF1003
Matching Device ID: HID_DEVICE_SYSTEM_KEYBOARD
Outranked Drivers: input.inf:HID_DEVICE:00FF1005
Device Updated: false
Parent Device: USB\VID_413C&PID_2514&MI_00\8&2985fa89&0&0000"
"10-07-2026 10:40:47","410","Information","Microsoft-Windows-Kernel-PnP","Device USB\VID_413C&PID_2514&MI_00\8&2985fa89&0&0000 was started.

Driver Name: input.inf
Class GUID: {745a17a0-74d3-11d0-b6fe-00a0c90f57da}
Service: HidUsb
Lower Filters: 
Upper Filters: "
"10-07-2026 10:40:47","400","Information","Microsoft-Windows-Kernel-PnP","Device USB\VID_413C&PID_2514&MI_02\8&2985fa89&0&0002 was configured.

Driver Name: input.inf
Driver Package ID: input.inf_amd64_5ef322c8291a38ce
Class GUID: {745a17a0-74d3-11d0-b6fe-00a0c90f57da}
Driver Date: 06/21/2006
Driver Version: 10.0.26100.8521
Driver Provider: Microsoft
Driver Section: HID_Inst.NT
Driver Rank: 0xFF3205
Matching Device ID: USB\Class_03
Outranked Drivers: 
Device Updated: false
Parent Device: USB\VID_413C&PID_2514\7&a758d7d&0&3"
"10-07-2026 10:40:47","400","Information","Microsoft-Windows-Kernel-PnP","Device USB\VID_413C&PID_2514&MI_01\8&2985fa89&0&0001 was configured.

Driver Name: input.inf
Driver Package ID: input.inf_amd64_5ef322c8291a38ce
Class GUID: {745a17a0-74d3-11d0-b6fe-00a0c90f57da}
Driver Date: 06/21/2006
Driver Version: 10.0.26100.8521
Driver Provider: Microsoft
Driver Section: HID_Inst.NT
Driver Rank: 0xFF3104
Matching Device ID: USB\Class_03&SubClass_01
Outranked Drivers: input.inf:USB\Class_03:00FF3205
Device Updated: false
Parent Device: USB\VID_413C&PID_2514\7&a758d7d&0&3"
"10-07-2026 10:40:47","400","Information","Microsoft-Windows-Kernel-PnP","Device USB\VID_413C&PID_2514&MI_00\8&2985fa89&0&0000 was configured.

Driver Name: input.inf
Driver Package ID: input.inf_amd64_5ef322c8291a38ce
Class GUID: {745a17a0-74d3-11d0-b6fe-00a0c90f57da}
Driver Date: 06/21/2006
Driver Version: 10.0.26100.8521
Driver Provider: Microsoft
Driver Section: HID_Inst.NT
Driver Rank: 0xFF3104
Matching Device ID: USB\Class_03&SubClass_01
Outranked Drivers: input.inf:USB\Class_03:00FF3205
Device Updated: false
Parent Device: USB\VID_413C&PID_2514\7&a758d7d&0&3"
"10-07-2026 10:40:47","410","Information","Microsoft-Windows-Kernel-PnP","Device USB\VID_413C&PID_2514\7&a758d7d&0&3 was started.

Driver Name: usb.inf
Class GUID: {36fc9e60-c465-11cf-8056-444553540000}
Service: usbccgp
Lower Filters: 
Upper Filters: "
"10-07-2026 10:40:47","400","Information","Microsoft-Windows-Kernel-PnP","Device USB\VID_413C&PID_2514\7&a758d7d&0&3 was configured.

Driver Name: usb.inf
Driver Package ID: usb.inf_amd64_a10c4ca0f120b7f5
Class GUID: {36fc9e60-c465-11cf-8056-444553540000}
Driver Date: 06/21/2006
Driver Version: 10.0.26100.8521
Driver Provider: Microsoft
Driver Section: Composite.Dev.NT
Driver Rank: 0xFF2006
Matching Device ID: USB\COMPOSITE
Outranked Drivers: 
Device Updated: false
Parent Device: USB\VID_0424&PID_4216\6&27c8c08e&0&4"
"07-07-2026 19:44:28","410","Information","Microsoft-Windows-Kernel-PnP","Device SWD\PRINTENUM\{99ED32DE-2ABD-4F8A-9D72-731C078E6A03} was started.

Driver Name: printqueue.inf
Class GUID: {1ed2bbf9-11f0-4084-b21f-ad83a8e6dcdc}
Service: 
Lower Filters: 
Upper Filters: "
"07-07-2026 19:44:28","400","Information","Microsoft-Windows-Kernel-PnP","Device SWD\PRINTENUM\{99ED32DE-2ABD-4F8A-9D72-731C078E6A03} was configured.

Driver Name: printqueue.inf
Driver Package ID: printqueue.inf_amd64_044b5f13f940e7c8
Class GUID: {1ed2bbf9-11f0-4084-b21f-ad83a8e6dcdc}
Driver Date: 06/21/2006
Driver Version: 10.0.26100.1
Driver Provider: Microsoft
Driver Section: NO_DRV
Driver Rank: 0xFF0000
Matching Device ID: PRINTENUM\PrinterConnection
Outranked Drivers: c_swdevice.inf:SWD\GenericRaw:00FF3001
Device Updated: false
Parent Device: SWD\PRINTENUM\PrintQueues"
"30-06-2026 12:12:15","410","Information","Microsoft-Windows-Kernel-PnP","Device SWD\MMDEVAPI\{0.0.0.00000000}.{12171fdb-faa1-48db-9745-5b9326ca9f76} was started.

Driver Name: audioendpoint.inf
Class GUID: {c166523c-fe0c-4a94-a586-f1a80cfbbf3e}
Service: 
Lower Filters: 
Upper Filters: "
"30-06-2026 12:12:15","400","Information","Microsoft-Windows-Kernel-PnP","Device SWD\MMDEVAPI\{0.0.0.00000000}.{12171fdb-faa1-48db-9745-5b9326ca9f76} was configured.

Driver Name: audioendpoint.inf
Driver Package ID: audioendpoint.inf_amd64_271c4d03bad18da8
Class GUID: {c166523c-fe0c-4a94-a586-f1a80cfbbf3e}
Driver Date: 03/31/2024
Driver Version: 10.0.26100.1
Driver Provider: Microsoft
Driver Section: NO_DRV
Driver Rank: 0xFF0000
Matching Device ID: MMDEVAPI\AudioEndpoints
Outranked Drivers: c_swdevice.inf:SWD\GenericRaw:00FF3001
Device Updated: false
Parent Device: USB\VID_047F&PID_C057&MI_00\6&162f5009&0&0000"
"30-06-2026 12:12:15","410","Information","Microsoft-Windows-Kernel-PnP","Device SWD\MMDEVAPI\{0.0.1.00000000}.{06f99bfb-2b02-424e-8e26-951a6063b2b5} was started.

Driver Name: audioendpoint.inf
Class GUID: {c166523c-fe0c-4a94-a586-f1a80cfbbf3e}
Service: 
Lower Filters: 
Upper Filters: "
"30-06-2026 12:12:15","400","Information","Microsoft-Windows-Kernel-PnP","Device SWD\MMDEVAPI\{0.0.1.00000000}.{06f99bfb-2b02-424e-8e26-951a6063b2b5} was configured.

Driver Name: audioendpoint.inf
Driver Package ID: audioendpoint.inf_amd64_271c4d03bad18da8
Class GUID: {c166523c-fe0c-4a94-a586-f1a80cfbbf3e}
Driver Date: 03/31/2024
Driver Version: 10.0.26100.1
Driver Provider: Microsoft
Driver Section: NO_DRV
Driver Rank: 0xFF0000
Matching Device ID: MMDEVAPI\AudioEndpoints
Outranked Drivers: c_swdevice.inf:SWD\GenericRaw:00FF3001
Device Updated: false
Parent Device: USB\VID_047F&PID_C057&MI_00\6&162f5009&0&0000"
"30-06-2026 12:11:18","410","Information","Microsoft-Windows-Kernel-PnP","Device HID\VID_047F&PID_C057&MI_03&Col02\7&7092578&0&0001 was started.

Driver Name: hidtelephonydriver.inf
Class GUID: {745a17a0-74d3-11d0-b6fe-00a0c90f57da}
Service: WUDFRd
Lower Filters: 
Upper Filters: "
"30-06-2026 12:11:18","410","Information","Microsoft-Windows-Kernel-PnP","Device HID\VID_047F&PID_C057&MI_03&Col03\7&7092578&0&0002 was started.

Driver Name: input.inf
Class GUID: {745a17a0-74d3-11d0-b6fe-00a0c90f57da}
Service: 
Lower Filters: 
Upper Filters: "
"30-06-2026 12:11:18","410","Information","Microsoft-Windows-Kernel-PnP","Device HID\VID_047F&PID_C057&MI_03&Col01\7&7092578&0&0000 was started.

Driver Name: hidserv.inf
Class GUID: {745a17a0-74d3-11d0-b6fe-00a0c90f57da}
Service: 
Lower Filters: 
Upper Filters: "
"30-06-2026 12:11:18","400","Information","Microsoft-Windows-Kernel-PnP","Device HID\VID_047F&PID_C057&MI_03&Col03\7&7092578&0&0002 was configured.

Driver Name: input.inf
Driver Package ID: input.inf_amd64_5ef322c8291a38ce
Class GUID: {745a17a0-74d3-11d0-b6fe-00a0c90f57da}
Driver Date: 06/21/2006
Driver Version: 10.0.26100.8521
Driver Provider: Microsoft
Driver Section: HID_Raw_Inst.NT
Driver Rank: 0xFF1004
Matching Device ID: HID_DEVICE_UPR:FF00-FFFF
Outranked Drivers: input.inf:HID_DEVICE:00FF1005
Device Updated: false
Parent Device: USB\VID_047F&PID_C057&MI_03\6&162f5009&0&0003"
