"02-07-2026 18:29:56","24","Information","Microsoft-Windows-Audio","Stream started.
App Id: Microsoft.Windows.ShellExperienceHost_cw5n1h2txyewy!App
PID: 25272
Audio Stream Category: 5"
"02-07-2026 17:53:37","25","Information","Microsoft-Windows-Audio","Stream stopped.
App Id: Microsoft.Windows.ShellExperienceHost_cw5n1h2txyewy!App
PID: 25272
Audio Stream Category: 5"
"02-07-2026 17:53:35","24","Information","Microsoft-Windows-Audio","Stream started.
App Id: Microsoft.Windows.ShellExperienceHost_cw5n1h2txyewy!App
PID: 25272
Audio Stream Category: 5"
"02-07-2026 17:12:04","25","Information","Microsoft-Windows-Audio","Stream stopped.
App Id: Microsoft.Windows.ShellExperienceHost_cw5n1h2txyewy!App
PID: 25272
Audio Stream Category: 5"
"02-07-2026 17:12:02","24","Information","Microsoft-Windows-Audio","Stream started.
App Id: Microsoft.Windows.ShellExperienceHost_cw5n1h2txyewy!App
PID: 25272
Audio Stream Category: 5"
"02-07-2026 16:48:20","25","Information","Microsoft-Windows-Audio","Stream stopped.
App Id: Microsoft.Windows.ShellExperienceHost_cw5n1h2txyewy!App
PID: 25272
Audio Stream Category: 5"
"02-07-2026 16:48:18","24","Information","Microsoft-Windows-Audio","Stream started.
App Id: Microsoft.Windows.ShellExperienceHost_cw5n1h2txyewy!App
PID: 25272
Audio Stream Category: 5"
"02-07-2026 16:30:42","25","Information","Microsoft-Windows-Audio","Stream stopped.
App Id: Microsoft.Windows.ShellExperienceHost_cw5n1h2txyewy!App
PID: 25272
Audio Stream Category: 5"
"02-07-2026 16:30:40","24","Information","Microsoft-Windows-Audio","Stream started.
App Id: Microsoft.Windows.ShellExperienceHost_cw5n1h2txyewy!App
PID: 25272
Audio Stream Category: 5"
"02-07-2026 13:05:02","25","Information","Microsoft-Windows-Audio","Stream stopped.
App Id: Microsoft.Windows.ShellExperienceHost_cw5n1h2txyewy!App
PID: 25272
Audio Stream Category: 5"
"02-07-2026 13:05:00","24","Information","Microsoft-Windows-Audio","Stream started.
App Id: Microsoft.Windows.ShellExperienceHost_cw5n1h2txyewy!App
PID: 25272
Audio Stream Category: 5"
"02-07-2026 12:06:26","25","Information","Microsoft-Windows-Audio","Stream stopped.
App Id: Microsoft.Windows.ShellExperienceHost_cw5n1h2txyewy!App
PID: 25272
Audio Stream Category: 5"
"02-07-2026 12:06:24","24","Information","Microsoft-Windows-Audio","Stream started.
App Id: Microsoft.Windows.ShellExperienceHost_cw5n1h2txyewy!App
PID: 25272
Audio Stream Category: 5"
"02-07-2026 11:43:59","25","Information","Microsoft-Windows-Audio","Stream stopped.
App Id: Microsoft.Windows.ShellExperienceHost_cw5n1h2txyewy!App
PID: 25272
Audio Stream Category: 5"
"02-07-2026 11:43:57","24","Information","Microsoft-Windows-Audio","Stream started.
App Id: Microsoft.Windows.ShellExperienceHost_cw5n1h2txyewy!App
PID: 25272
Audio Stream Category: 5"
"02-07-2026 11:06:41","25","Information","Microsoft-Windows-Audio","Stream stopped.
App Id: Microsoft.Windows.ShellExperienceHost_cw5n1h2txyewy!App
PID: 25272
Audio Stream Category: 5"
"02-07-2026 11:06:39","24","Information","Microsoft-Windows-Audio","Stream started.
App Id: Microsoft.Windows.ShellExperienceHost_cw5n1h2txyewy!App
PID: 25272
Audio Stream Category: 5"
"02-07-2026 11:02:22","25","Information","Microsoft-Windows-Audio","Stream stopped.
App Id: Microsoft.Windows.ShellExperienceHost_cw5n1h2txyewy!App
PID: 25272
Audio Stream Category: 5"
"02-07-2026 11:02:20","24","Information","Microsoft-Windows-Audio","Stream started.
App Id: Microsoft.Windows.ShellExperienceHost_cw5n1h2txyewy!App
PID: 25272
Audio Stream Category: 5"
"02-07-2026 10:49:04","25","Information","Microsoft-Windows-Audio","Stream stopped.
App Id: Microsoft.Windows.ShellExperienceHost_cw5n1h2txyewy!App
PID: 25272
Audio Stream Category: 5"
"02-07-2026 10:49:02","24","Information","Microsoft-Windows-Audio","Stream started.
App Id: Microsoft.Windows.ShellExperienceHost_cw5n1h2txyewy!App
PID: 25272
Audio Stream Category: 5"
"02-07-2026 10:38:37","25","Information","Microsoft-Windows-Audio","Stream stopped.
App Id: Microsoft.Windows.ShellExperienceHost_cw5n1h2txyewy!App
PID: 25272
Audio Stream Category: 5"
"02-07-2026 10:38:36","24","Information","Microsoft-Windows-Audio","Stream started.
App Id: Microsoft.Windows.ShellExperienceHost_cw5n1h2txyewy!App
PID: 25272
Audio Stream Category: 5"
"02-07-2026 10:33:39","25","Information","Microsoft-Windows-Audio","Stream stopped.
App Id: Microsoft.Windows.ShellExperienceHost_cw5n1h2txyewy!App
PID: 25272
Audio Stream Category: 5"
"02-07-2026 10:33:37","24","Information","Microsoft-Windows-Audio","Stream started.
App Id: Microsoft.Windows.ShellExperienceHost_cw5n1h2txyewy!App
PID: 25272
Audio Stream Category: 5"
"02-07-2026 10:10:42","25","Information","Microsoft-Windows-Audio","Stream stopped.
App Id: Microsoft.Windows.ShellExperienceHost_cw5n1h2txyewy!App
PID: 25272
Audio Stream Category: 5"
"02-07-2026 10:10:40","24","Information","Microsoft-Windows-Audio","Stream started.
App Id: Microsoft.Windows.ShellExperienceHost_cw5n1h2txyewy!App
PID: 25272
Audio Stream Category: 5"
"02-07-2026 09:59:29","25","Information","Microsoft-Windows-Audio","Stream stopped.
App Id: Microsoft.Windows.ShellExperienceHost_cw5n1h2txyewy!App
PID: 25272
Audio Stream Category: 5"
"02-07-2026 09:59:27","24","Information","Microsoft-Windows-Audio","Stream started.
App Id: Microsoft.Windows.ShellExperienceHost_cw5n1h2txyewy!App
PID: 25272
Audio Stream Category: 5"
"02-07-2026 09:43:32","25","Information","Microsoft-Windows-Audio","Stream stopped.
App Id: Microsoft.Windows.ShellExperienceHost_cw5n1h2txyewy!App
PID: 25272
Audio Stream Category: 5"
"02-07-2026 09:43:30","24","Information","Microsoft-Windows-Audio","Stream started.
App Id: Microsoft.Windows.ShellExperienceHost_cw5n1h2txyewy!App
PID: 25272
Audio Stream Category: 5"
"02-07-2026 09:42:51","25","Information","Microsoft-Windows-Audio","Stream stopped.
App Id: Microsoft.Windows.ShellExperienceHost_cw5n1h2txyewy!App
PID: 25272
Audio Stream Category: 5"
"02-07-2026 09:42:49","24","Information","Microsoft-Windows-Audio","Stream started.
App Id: Microsoft.Windows.ShellExperienceHost_cw5n1h2txyewy!App
PID: 25272
Audio Stream Category: 5"
"01-07-2026 17:16:55","25","Information","Microsoft-Windows-Audio","Stream stopped.
App Id: Microsoft.Windows.ShellExperienceHost_cw5n1h2txyewy!App
PID: 25272
Audio Stream Category: 5"
"01-07-2026 17:16:53","24","Information","Microsoft-Windows-Audio","Stream started.
App Id: Microsoft.Windows.ShellExperienceHost_cw5n1h2txyewy!App
PID: 25272
Audio Stream Category: 5"
"01-07-2026 16:57:32","23","Information","Microsoft-Windows-Audio","Released exclusive mode resource false
Released offload mode resource false"
"01-07-2026 16:53:26","25","Information","Microsoft-Windows-Audio","Stream stopped.
App Id: Microsoft.Windows.ShellExperienceHost_cw5n1h2txyewy!App
PID: 25272
Audio Stream Category: 5"
"01-07-2026 16:53:24","24","Information","Microsoft-Windows-Audio","Stream started.
App Id: Microsoft.Windows.ShellExperienceHost_cw5n1h2txyewy!App
PID: 25272
Audio Stream Category: 5"
"01-07-2026 16:44:08","25","Information","Microsoft-Windows-Audio","Stream stopped.
App Id: Microsoft.Windows.ShellExperienceHost_cw5n1h2txyewy!App
PID: 25272
Audio Stream Category: 5"
"01-07-2026 16:44:06","24","Information","Microsoft-Windows-Audio","Stream started.
App Id: Microsoft.Windows.ShellExperienceHost_cw5n1h2txyewy!App
PID: 25272
Audio Stream Category: 5"
"01-07-2026 16:35:55","25","Information","Microsoft-Windows-Audio","Stream stopped.
App Id: Microsoft.Windows.ShellExperienceHost_cw5n1h2txyewy!App
PID: 25272
Audio Stream Category: 5"
"01-07-2026 16:35:53","24","Information","Microsoft-Windows-Audio","Stream started.
App Id: Microsoft.Windows.ShellExperienceHost_cw5n1h2txyewy!App
PID: 25272
Audio Stream Category: 5"
"01-07-2026 16:20:09","25","Information","Microsoft-Windows-Audio","Stream stopped.
App Id: Microsoft.Windows.ShellExperienceHost_cw5n1h2txyewy!App
PID: 25272
Audio Stream Category: 5"
"01-07-2026 16:20:07","24","Information","Microsoft-Windows-Audio","Stream started.
App Id: Microsoft.Windows.ShellExperienceHost_cw5n1h2txyewy!App
PID: 25272
Audio Stream Category: 5"
"01-07-2026 15:24:34","25","Information","Microsoft-Windows-Audio","Stream stopped.
App Id: Microsoft.Windows.ShellExperienceHost_cw5n1h2txyewy!App
PID: 25272
Audio Stream Category: 5"
"01-07-2026 15:24:32","24","Information","Microsoft-Windows-Audio","Stream started.
App Id: Microsoft.Windows.ShellExperienceHost_cw5n1h2txyewy!App
PID: 25272
Audio Stream Category: 5"
"01-07-2026 14:50:30","25","Information","Microsoft-Windows-Audio","Stream stopped.
App Id: Microsoft.Windows.ShellExperienceHost_cw5n1h2txyewy!App
PID: 25272
Audio Stream Category: 5"
"01-07-2026 14:50:28","24","Information","Microsoft-Windows-Audio","Stream started.
App Id: Microsoft.Windows.ShellExperienceHost_cw5n1h2txyewy!App
PID: 25272
Audio Stream Category: 5"
"01-07-2026 14:20:13","25","Information","Microsoft-Windows-Audio","Stream stopped.
App Id: Microsoft.Windows.ShellExperienceHost_cw5n1h2txyewy!App
PID: 25272
Audio Stream Category: 5"
"01-07-2026 14:20:11","24","Information","Microsoft-Windows-Audio","Stream started.
App Id: Microsoft.Windows.ShellExperienceHost_cw5n1h2txyewy!App
PID: 25272
Audio Stream Category: 5"
"01-07-2026 13:25:29","25","Information","Microsoft-Windows-Audio","Stream stopped.
App Id: Microsoft.Windows.ShellExperienceHost_cw5n1h2txyewy!App
PID: 25272
Audio Stream Category: 5"
"01-07-2026 13:25:28","24","Information","Microsoft-Windows-Audio","Stream started.
App Id: Microsoft.Windows.ShellExperienceHost_cw5n1h2txyewy!App
PID: 25272
Audio Stream Category: 5"
"01-07-2026 13:05:22","25","Information","Microsoft-Windows-Audio","Stream stopped.
App Id: Microsoft.Windows.ShellExperienceHost_cw5n1h2txyewy!App
PID: 25272
Audio Stream Category: 5"
"01-07-2026 13:05:20","24","Information","Microsoft-Windows-Audio","Stream started.
App Id: Microsoft.Windows.ShellExperienceHost_cw5n1h2txyewy!App
PID: 25272
Audio Stream Category: 5"
"01-07-2026 12:16:16","25","Information","Microsoft-Windows-Audio","Stream stopped.
App Id: Microsoft.Windows.ShellExperienceHost_cw5n1h2txyewy!App
PID: 25272
Audio Stream Category: 5"
"01-07-2026 12:16:14","24","Information","Microsoft-Windows-Audio","Stream started.
App Id: Microsoft.Windows.ShellExperienceHost_cw5n1h2txyewy!App
PID: 25272
Audio Stream Category: 5"
"01-07-2026 12:15:18","25","Information","Microsoft-Windows-Audio","Stream stopped.
App Id: Microsoft.Windows.ShellExperienceHost_cw5n1h2txyewy!App
PID: 25272
Audio Stream Category: 5"
"01-07-2026 12:15:16","24","Information","Microsoft-Windows-Audio","Stream started.
App Id: Microsoft.Windows.ShellExperienceHost_cw5n1h2txyewy!App
PID: 25272
Audio Stream Category: 5"
"01-07-2026 12:03:57","25","Information","Microsoft-Windows-Audio","Stream stopped.
App Id: Microsoft.Windows.ShellExperienceHost_cw5n1h2txyewy!App
PID: 25272
Audio Stream Category: 5"
"01-07-2026 12:03:56","24","Information","Microsoft-Windows-Audio","Stream started.
App Id: Microsoft.Windows.ShellExperienceHost_cw5n1h2txyewy!App
PID: 25272
Audio Stream Category: 5"
"01-07-2026 12:03:04","25","Information","Microsoft-Windows-Audio","Stream stopped.
App Id: Microsoft.Windows.ShellExperienceHost_cw5n1h2txyewy!App
PID: 25272
Audio Stream Category: 5"
"01-07-2026 12:03:02","24","Information","Microsoft-Windows-Audio","Stream started.
App Id: Microsoft.Windows.ShellExperienceHost_cw5n1h2txyewy!App
PID: 25272
Audio Stream Category: 5"
"01-07-2026 11:20:15","25","Information","Microsoft-Windows-Audio","Stream stopped.
App Id: Microsoft.Windows.ShellExperienceHost_cw5n1h2txyewy!App
PID: 25272
Audio Stream Category: 5"
"01-07-2026 11:20:14","24","Information","Microsoft-Windows-Audio","Stream started.
App Id: Microsoft.Windows.ShellExperienceHost_cw5n1h2txyewy!App
PID: 25272
Audio Stream Category: 5"
"01-07-2026 11:17:57","25","Information","Microsoft-Windows-Audio","Stream stopped.
App Id: Microsoft.Windows.ShellExperienceHost_cw5n1h2txyewy!App
PID: 25272
Audio Stream Category: 5"
"01-07-2026 11:17:56","24","Information","Microsoft-Windows-Audio","Stream started.
App Id: Microsoft.Windows.ShellExperienceHost_cw5n1h2txyewy!App
PID: 25272
Audio Stream Category: 5"
"01-07-2026 11:14:40","25","Information","Microsoft-Windows-Audio","Stream stopped.
App Id: Microsoft.Windows.ShellExperienceHost_cw5n1h2txyewy!App
PID: 25272
Audio Stream Category: 5"
"01-07-2026 11:14:38","24","Information","Microsoft-Windows-Audio","Stream started.
App Id: Microsoft.Windows.ShellExperienceHost_cw5n1h2txyewy!App
PID: 25272
Audio Stream Category: 5"
"01-07-2026 11:01:30","25","Information","Microsoft-Windows-Audio","Stream stopped.
App Id: Microsoft.Windows.ShellExperienceHost_cw5n1h2txyewy!App
PID: 25272
Audio Stream Category: 5"
"01-07-2026 11:01:28","24","Information","Microsoft-Windows-Audio","Stream started.
App Id: Microsoft.Windows.ShellExperienceHost_cw5n1h2txyewy!App
PID: 25272
Audio Stream Category: 5"
"01-07-2026 10:42:28","25","Information","Microsoft-Windows-Audio","Stream stopped.
App Id: Microsoft.Windows.ShellExperienceHost_cw5n1h2txyewy!App
PID: 25272
Audio Stream Category: 5"
"01-07-2026 10:42:26","24","Information","Microsoft-Windows-Audio","Stream started.
App Id: Microsoft.Windows.ShellExperienceHost_cw5n1h2txyewy!App
PID: 25272
Audio Stream Category: 5"
"01-07-2026 10:26:02","25","Information","Microsoft-Windows-Audio","Stream stopped.
App Id: Microsoft.Windows.ShellExperienceHost_cw5n1h2txyewy!App
PID: 25272
Audio Stream Category: 5"
"01-07-2026 10:26:00","24","Information","Microsoft-Windows-Audio","Stream started.
App Id: Microsoft.Windows.ShellExperienceHost_cw5n1h2txyewy!App
PID: 25272
Audio Stream Category: 5"
"01-07-2026 10:20:27","25","Information","Microsoft-Windows-Audio","Stream stopped.
App Id: Microsoft.Windows.ShellExperienceHost_cw5n1h2txyewy!App
PID: 25272
Audio Stream Category: 5"
"01-07-2026 10:20:25","24","Information","Microsoft-Windows-Audio","Stream started.
App Id: Microsoft.Windows.ShellExperienceHost_cw5n1h2txyewy!App
PID: 25272
Audio Stream Category: 5"
"01-07-2026 10:12:48","25","Information","Microsoft-Windows-Audio","Stream stopped.
App Id: Microsoft.Windows.ShellExperienceHost_cw5n1h2txyewy!App
PID: 25272
Audio Stream Category: 5"
"01-07-2026 10:12:47","24","Information","Microsoft-Windows-Audio","Stream started.
App Id: Microsoft.Windows.ShellExperienceHost_cw5n1h2txyewy!App
PID: 25272
Audio Stream Category: 5"
"01-07-2026 10:01:08","25","Information","Microsoft-Windows-Audio","Stream stopped.
App Id: Microsoft.Windows.ShellExperienceHost_cw5n1h2txyewy!App
PID: 26176
Audio Stream Category: 5"
"01-07-2026 10:01:06","24","Information","Microsoft-Windows-Audio","Stream started.
App Id: Microsoft.Windows.ShellExperienceHost_cw5n1h2txyewy!App
PID: 26176
Audio Stream Category: 5"
"01-07-2026 10:01:01","25","Information","Microsoft-Windows-Audio","Stream stopped.
App Id: Microsoft.Windows.ShellExperienceHost_cw5n1h2txyewy!App
PID: 26176
Audio Stream Category: 5"
"01-07-2026 10:00:59","24","Information","Microsoft-Windows-Audio","Stream started.
App Id: Microsoft.Windows.ShellExperienceHost_cw5n1h2txyewy!App
PID: 26176
Audio Stream Category: 5"
"01-07-2026 09:58:47","25","Information","Microsoft-Windows-Audio","Stream stopped.
App Id: Microsoft.Windows.ShellExperienceHost_cw5n1h2txyewy!App
PID: 26176
Audio Stream Category: 5"
"01-07-2026 09:58:45","24","Information","Microsoft-Windows-Audio","Stream started.
App Id: Microsoft.Windows.ShellExperienceHost_cw5n1h2txyewy!App
PID: 26176
Audio Stream Category: 5"
"01-07-2026 09:41:55","25","Information","Microsoft-Windows-Audio","Stream stopped.
App Id: Microsoft.Windows.ShellExperienceHost_cw5n1h2txyewy!App
PID: 26176
Audio Stream Category: 5"
"01-07-2026 09:41:53","24","Information","Microsoft-Windows-Audio","Stream started.
App Id: Microsoft.Windows.ShellExperienceHost_cw5n1h2txyewy!App
PID: 26176
Audio Stream Category: 5"
"30-06-2026 17:31:11","25","Information","Microsoft-Windows-Audio","Stream stopped.
App Id: Microsoft.Windows.ShellExperienceHost_cw5n1h2txyewy!App
PID: 26176
Audio Stream Category: 5"
"30-06-2026 17:31:09","24","Information","Microsoft-Windows-Audio","Stream started.
App Id: Microsoft.Windows.ShellExperienceHost_cw5n1h2txyewy!App
PID: 26176
Audio Stream Category: 5"
"30-06-2026 16:18:39","25","Information","Microsoft-Windows-Audio","Stream stopped.
App Id: Microsoft.Windows.ShellExperienceHost_cw5n1h2txyewy!App
PID: 26176
Audio Stream Category: 5"
"30-06-2026 16:18:37","24","Information","Microsoft-Windows-Audio","Stream started.
App Id: Microsoft.Windows.ShellExperienceHost_cw5n1h2txyewy!App
PID: 26176
Audio Stream Category: 5"
"30-06-2026 15:52:59","25","Information","Microsoft-Windows-Audio","Stream stopped.
App Id: Microsoft.Windows.ShellExperienceHost_cw5n1h2txyewy!App
PID: 26176
Audio Stream Category: 5"
"30-06-2026 15:52:57","24","Information","Microsoft-Windows-Audio","Stream started.
App Id: Microsoft.Windows.ShellExperienceHost_cw5n1h2txyewy!App
PID: 26176
Audio Stream Category: 5"
"30-06-2026 15:50:50","25","Information","Microsoft-Windows-Audio","Stream stopped.
App Id: Microsoft.Windows.ShellExperienceHost_cw5n1h2txyewy!App
PID: 26176
Audio Stream Category: 5"
"30-06-2026 15:50:48","24","Information","Microsoft-Windows-Audio","Stream started.
App Id: Microsoft.Windows.ShellExperienceHost_cw5n1h2txyewy!App
PID: 26176
Audio Stream Category: 5"
"30-06-2026 15:45:16","25","Information","Microsoft-Windows-Audio","Stream stopped.
App Id: Microsoft.Windows.ShellExperienceHost_cw5n1h2txyewy!App
PID: 26176
Audio Stream Category: 5"
"30-06-2026 15:45:14","24","Information","Microsoft-Windows-Audio","Stream started.
App Id: Microsoft.Windows.ShellExperienceHost_cw5n1h2txyewy!App
PID: 26176
Audio Stream Category: 5"
"30-06-2026 15:30:38","25","Information","Microsoft-Windows-Audio","Stream stopped.
App Id: Microsoft.Windows.ShellExperienceHost_cw5n1h2txyewy!App
PID: 26176
Audio Stream Category: 5"
"30-06-2026 15:30:36","24","Information","Microsoft-Windows-Audio","Stream started.
App Id: Microsoft.Windows.ShellExperienceHost_cw5n1h2txyewy!App
PID: 26176
Audio Stream Category: 5"
"30-06-2026 15:26:26","25","Information","Microsoft-Windows-Audio","Stream stopped.
App Id: Microsoft.Windows.ShellExperienceHost_cw5n1h2txyewy!App
PID: 26176
Audio Stream Category: 5"
"30-06-2026 15:26:24","24","Information","Microsoft-Windows-Audio","Stream started.
App Id: Microsoft.Windows.ShellExperienceHost_cw5n1h2txyewy!App
PID: 26176
Audio Stream Category: 5"
"30-06-2026 14:08:31","25","Information","Microsoft-Windows-Audio","Stream stopped.
App Id: Microsoft.Windows.ShellExperienceHost_cw5n1h2txyewy!App
PID: 26176
Audio Stream Category: 5"
"30-06-2026 14:08:29","24","Information","Microsoft-Windows-Audio","Stream started.
App Id: Microsoft.Windows.ShellExperienceHost_cw5n1h2txyewy!App
PID: 26176
Audio Stream Category: 5"
"30-06-2026 13:16:41","25","Information","Microsoft-Windows-Audio","Stream stopped.
App Id: Microsoft.Windows.ShellExperienceHost_cw5n1h2txyewy!App
PID: 26176
Audio Stream Category: 5"
"30-06-2026 13:16:39","24","Information","Microsoft-Windows-Audio","Stream started.
App Id: Microsoft.Windows.ShellExperienceHost_cw5n1h2txyewy!App
PID: 26176
Audio Stream Category: 5"
"30-06-2026 13:12:12","25","Information","Microsoft-Windows-Audio","Stream stopped.
App Id: Microsoft.Windows.ShellExperienceHost_cw5n1h2txyewy!App
PID: 26176
Audio Stream Category: 5"
"30-06-2026 13:12:10","24","Information","Microsoft-Windows-Audio","Stream started.
App Id: Microsoft.Windows.ShellExperienceHost_cw5n1h2txyewy!App
PID: 26176
Audio Stream Category: 5"
"30-06-2026 13:06:26","25","Information","Microsoft-Windows-Audio","Stream stopped.
App Id: Microsoft.Windows.ShellExperienceHost_cw5n1h2txyewy!App
PID: 26176
Audio Stream Category: 5"
"30-06-2026 13:06:24","24","Information","Microsoft-Windows-Audio","Stream started.
App Id: Microsoft.Windows.ShellExperienceHost_cw5n1h2txyewy!App
PID: 26176
Audio Stream Category: 5"
"30-06-2026 12:13:31","23","Information","Microsoft-Windows-Audio","Released exclusive mode resource false
Released offload mode resource false"
"30-06-2026 12:12:52","22","Information","Microsoft-Windows-Audio","Suspended: true"
"30-06-2026 12:12:52","23","Information","Microsoft-Windows-Audio","Released exclusive mode resource false
Released offload mode resource true"
"30-06-2026 12:12:52","22","Information","Microsoft-Windows-Audio","Suspended: true"
"30-06-2026 12:12:48","25","Information","Microsoft-Windows-Audio","Stream stopped.
App Id: Microsoft.WindowsSoundRecorder_8wekyb3d8bbwe!App
PID: 30052
Audio Stream Category: 11"
"30-06-2026 12:12:44","24","Information","Microsoft-Windows-Audio","Stream started.
App Id: Microsoft.WindowsSoundRecorder_8wekyb3d8bbwe!App
PID: 30052
Audio Stream Category: 11"
"30-06-2026 12:12:44","21","Information","Microsoft-Windows-Audio","Sound level for application [Microsoft.WindowsSoundRecorder_8wekyb3d8bbwe!App] changed to [2]"
"30-06-2026 12:12:41","25","Information","Microsoft-Windows-Audio","Stream stopped.
App Id: Microsoft.WindowsSoundRecorder_8wekyb3d8bbwe!App
PID: 30052
Audio Stream Category: 0"
"30-06-2026 12:12:41","25","Information","Microsoft-Windows-Audio","Stream stopped.
App Id: Microsoft.WindowsSoundRecorder_8wekyb3d8bbwe!App
PID: 30052
Audio Stream Category: 11"
"30-06-2026 12:12:37","24","Information","Microsoft-Windows-Audio","Stream started.
App Id: Microsoft.WindowsSoundRecorder_8wekyb3d8bbwe!App
PID: 30052
Audio Stream Category: 11"
"30-06-2026 12:12:37","24","Information","Microsoft-Windows-Audio","Stream started.
App Id: Microsoft.WindowsSoundRecorder_8wekyb3d8bbwe!App
PID: 30052
Audio Stream Category: 0"
"30-06-2026 12:12:33","25","Information","Microsoft-Windows-Audio","Stream stopped.
App Id: Microsoft.WindowsSoundRecorder_8wekyb3d8bbwe!App
PID: 30052
Audio Stream Category: 11"
"30-06-2026 12:12:29","24","Information","Microsoft-Windows-Audio","Stream started.
App Id: Microsoft.WindowsSoundRecorder_8wekyb3d8bbwe!App
PID: 30052
Audio Stream Category: 11"
"30-06-2026 12:12:29","21","Information","Microsoft-Windows-Audio","Sound level for application [Microsoft.WindowsSoundRecorder_8wekyb3d8bbwe!App] changed to [2]"
"30-06-2026 12:12:23","25","Information","Microsoft-Windows-Audio","Stream stopped.
App Id: Microsoft.WindowsSoundRecorder_8wekyb3d8bbwe!App
PID: 30052
Audio Stream Category: 0"
"30-06-2026 12:12:23","25","Information","Microsoft-Windows-Audio","Stream stopped.
App Id: Microsoft.WindowsSoundRecorder_8wekyb3d8bbwe!App
PID: 30052
Audio Stream Category: 11"
"30-06-2026 12:12:19","24","Information","Microsoft-Windows-Audio","Stream started.
App Id: Microsoft.WindowsSoundRecorder_8wekyb3d8bbwe!App
PID: 30052
Audio Stream Category: 11"
"30-06-2026 12:12:19","24","Information","Microsoft-Windows-Audio","Stream started.
App Id: Microsoft.WindowsSoundRecorder_8wekyb3d8bbwe!App
PID: 30052
Audio Stream Category: 0"
"30-06-2026 12:12:19","21","Information","Microsoft-Windows-Audio","Sound level for application [Microsoft.WindowsSoundRecorder_8wekyb3d8bbwe!App] changed to [2]"
"30-06-2026 12:11:51","25","Information","Microsoft-Windows-Audio","Stream stopped.
App Id: Microsoft.WindowsSoundRecorder_8wekyb3d8bbwe!App
PID: 30052
Audio Stream Category: 11"
"30-06-2026 12:11:50","24","Information","Microsoft-Windows-Audio","Stream started.
App Id: Microsoft.WindowsSoundRecorder_8wekyb3d8bbwe!App
PID: 30052
Audio Stream Category: 11"
"30-06-2026 12:11:50","21","Information","Microsoft-Windows-Audio","Sound level for application [Microsoft.WindowsSoundRecorder_8wekyb3d8bbwe!App] changed to [2]"
"30-06-2026 12:11:48","25","Information","Microsoft-Windows-Audio","Stream stopped.
App Id: Microsoft.WindowsSoundRecorder_8wekyb3d8bbwe!App
PID: 30052
Audio Stream Category: 0"
"30-06-2026 12:11:48","25","Information","Microsoft-Windows-Audio","Stream stopped.
App Id: Microsoft.WindowsSoundRecorder_8wekyb3d8bbwe!App
PID: 30052
Audio Stream Category: 11"
"30-06-2026 12:11:41","24","Information","Microsoft-Windows-Audio","Stream started.
App Id: Microsoft.WindowsSoundRecorder_8wekyb3d8bbwe!App
PID: 30052
Audio Stream Category: 11"
"30-06-2026 12:11:41","24","Information","Microsoft-Windows-Audio","Stream started.
App Id: Microsoft.WindowsSoundRecorder_8wekyb3d8bbwe!App
PID: 30052
Audio Stream Category: 0"
"30-06-2026 12:11:41","21","Information","Microsoft-Windows-Audio","Sound level for application [Microsoft.WindowsSoundRecorder_8wekyb3d8bbwe!App] changed to [2]"
"30-06-2026 12:11:25","25","Information","Microsoft-Windows-Audio","Stream stopped.
App Id: Microsoft.Windows.ShellExperienceHost_cw5n1h2txyewy!App
PID: 26176
Audio Stream Category: 5"
"30-06-2026 12:11:23","24","Information","Microsoft-Windows-Audio","Stream started.
App Id: Microsoft.Windows.ShellExperienceHost_cw5n1h2txyewy!App
PID: 26176
Audio Stream Category: 5"
"30-06-2026 12:11:15","23","Information","Microsoft-Windows-Audio","Released exclusive mode resource false
Released offload mode resource false"
"30-06-2026 12:09:36","25","Information","Microsoft-Windows-Audio","Stream stopped.
App Id: Microsoft.Windows.ShellExperienceHost_cw5n1h2txyewy!App
PID: 26176
Audio Stream Category: 5"
"30-06-2026 12:09:34","24","Information","Microsoft-Windows-Audio","Stream started.
App Id: Microsoft.Windows.ShellExperienceHost_cw5n1h2txyewy!App
PID: 26176
Audio Stream Category: 5"
"30-06-2026 12:08:03","25","Information","Microsoft-Windows-Audio","Stream stopped.
App Id: Microsoft.Windows.ShellExperienceHost_cw5n1h2txyewy!App
PID: 26176
Audio Stream Category: 5"
"30-06-2026 12:08:01","24","Information","Microsoft-Windows-Audio","Stream started.
App Id: Microsoft.Windows.ShellExperienceHost_cw5n1h2txyewy!App
PID: 26176
Audio Stream Category: 5"
"30-06-2026 12:02:04","25","Information","Microsoft-Windows-Audio","Stream stopped.
App Id: Microsoft.Windows.ShellExperienceHost_cw5n1h2txyewy!App
PID: 26176
Audio Stream Category: 5"
"30-06-2026 12:02:02","24","Information","Microsoft-Windows-Audio","Stream started.
App Id: Microsoft.Windows.ShellExperienceHost_cw5n1h2txyewy!App
PID: 26176
Audio Stream Category: 5"
"30-06-2026 11:52:49","25","Information","Microsoft-Windows-Audio","Stream stopped.
App Id: Microsoft.Windows.ShellExperienceHost_cw5n1h2txyewy!App
PID: 26176
Audio Stream Category: 5"
"30-06-2026 11:52:48","24","Information","Microsoft-Windows-Audio","Stream started.
App Id: Microsoft.Windows.ShellExperienceHost_cw5n1h2txyewy!App
PID: 26176
Audio Stream Category: 5"
"30-06-2026 11:52:43","25","Information","Microsoft-Windows-Audio","Stream stopped.
App Id: Microsoft.Windows.ShellExperienceHost_cw5n1h2txyewy!App
PID: 26176
Audio Stream Category: 5"
"30-06-2026 11:52:42","24","Information","Microsoft-Windows-Audio","Stream started.
App Id: Microsoft.Windows.ShellExperienceHost_cw5n1h2txyewy!App
PID: 26176
Audio Stream Category: 5"
"30-06-2026 11:52:10","25","Information","Microsoft-Windows-Audio","Stream stopped.
App Id: Microsoft.Windows.ShellExperienceHost_cw5n1h2txyewy!App
PID: 26176
Audio Stream Category: 5"
"30-06-2026 11:52:09","24","Information","Microsoft-Windows-Audio","Stream started.
App Id: Microsoft.Windows.ShellExperienceHost_cw5n1h2txyewy!App
PID: 26176
Audio Stream Category: 5"
"30-06-2026 11:26:51","25","Information","Microsoft-Windows-Audio","Stream stopped.
App Id: Microsoft.Windows.ShellExperienceHost_cw5n1h2txyewy!App
PID: 26176
Audio Stream Category: 5"
"30-06-2026 11:26:49","24","Information","Microsoft-Windows-Audio","Stream started.
App Id: Microsoft.Windows.ShellExperienceHost_cw5n1h2txyewy!App
PID: 26176
Audio Stream Category: 5"
"30-06-2026 11:10:39","25","Information","Microsoft-Windows-Audio","Stream stopped.
App Id: Microsoft.Windows.ShellExperienceHost_cw5n1h2txyewy!App
PID: 26176
Audio Stream Category: 5"
"30-06-2026 11:10:37","24","Information","Microsoft-Windows-Audio","Stream started.
App Id: Microsoft.Windows.ShellExperienceHost_cw5n1h2txyewy!App
PID: 26176
Audio Stream Category: 5"
"30-06-2026 11:03:06","25","Information","Microsoft-Windows-Audio","Stream stopped.
App Id: Microsoft.Windows.ShellExperienceHost_cw5n1h2txyewy!App
PID: 26176
Audio Stream Category: 5"
"30-06-2026 11:03:04","24","Information","Microsoft-Windows-Audio","Stream started.
App Id: Microsoft.Windows.ShellExperienceHost_cw5n1h2txyewy!App
PID: 26176
Audio Stream Category: 5"
"30-06-2026 10:57:58","25","Information","Microsoft-Windows-Audio","Stream stopped.
App Id: Microsoft.Windows.ShellExperienceHost_cw5n1h2txyewy!App
PID: 26176
Audio Stream Category: 5"
"30-06-2026 10:57:57","24","Information","Microsoft-Windows-Audio","Stream started.
App Id: Microsoft.Windows.ShellExperienceHost_cw5n1h2txyewy!App
PID: 26176
Audio Stream Category: 5"
"30-06-2026 10:05:54","25","Information","Microsoft-Windows-Audio","Stream stopped.
App Id: Microsoft.Windows.ShellExperienceHost_cw5n1h2txyewy!App
PID: 26176
Audio Stream Category: 5"
"30-06-2026 10:05:52","24","Information","Microsoft-Windows-Audio","Stream started.
App Id: Microsoft.Windows.ShellExperienceHost_cw5n1h2txyewy!App
PID: 26176
Audio Stream Category: 5"
"30-06-2026 09:59:31","25","Information","Microsoft-Windows-Audio","Stream stopped.
App Id: Microsoft.Windows.ShellExperienceHost_cw5n1h2txyewy!App
PID: 26176
Audio Stream Category: 5"
"30-06-2026 09:59:29","24","Information","Microsoft-Windows-Audio","Stream started.
App Id: Microsoft.Windows.ShellExperienceHost_cw5n1h2txyewy!App
PID: 26176
Audio Stream Category: 5"
"29-06-2026 18:49:10","25","Information","Microsoft-Windows-Audio","Stream stopped.
App Id: Microsoft.Windows.ShellExperienceHost_cw5n1h2txyewy!App
PID: 26176
Audio Stream Category: 5"
"29-06-2026 18:49:08","24","Information","Microsoft-Windows-Audio","Stream started.
App Id: Microsoft.Windows.ShellExperienceHost_cw5n1h2txyewy!App
PID: 26176
Audio Stream Category: 5"
"29-06-2026 17:50:25","22","Information","Microsoft-Windows-Audio","Suspended: true"
"29-06-2026 17:50:15","25","Information","Microsoft-Windows-Audio","Stream stopped.
App Id: Microsoft.Windows.ShellExperienceHost_cw5n1h2txyewy!App
PID: 26176
Audio Stream Category: 5"
"29-06-2026 17:50:13","24","Information","Microsoft-Windows-Audio","Stream started.
App Id: Microsoft.Windows.ShellExperienceHost_cw5n1h2txyewy!App
PID: 26176
Audio Stream Category: 5"
"29-06-2026 17:50:09","25","Information","Microsoft-Windows-Audio","Stream stopped.
App Id: Microsoft.Windows.ShellExperienceHost_cw5n1h2txyewy!App
PID: 26176
Audio Stream Category: 5"
"29-06-2026 17:50:07","24","Information","Microsoft-Windows-Audio","Stream started.
App Id: Microsoft.Windows.ShellExperienceHost_cw5n1h2txyewy!App
PID: 26176
Audio Stream Category: 5"
"29-06-2026 17:21:14","25","Information","Microsoft-Windows-Audio","Stream stopped.
App Id: Microsoft.Windows.ShellExperienceHost_cw5n1h2txyewy!App
PID: 26176
Audio Stream Category: 5"
"29-06-2026 17:21:12","24","Information","Microsoft-Windows-Audio","Stream started.
App Id: Microsoft.Windows.ShellExperienceHost_cw5n1h2txyewy!App
PID: 26176
Audio Stream Category: 5"
"29-06-2026 17:05:23","25","Information","Microsoft-Windows-Audio","Stream stopped.
App Id: Microsoft.Windows.ShellExperienceHost_cw5n1h2txyewy!App
PID: 26176
Audio Stream Category: 5"
"29-06-2026 17:05:21","24","Information","Microsoft-Windows-Audio","Stream started.
App Id: Microsoft.Windows.ShellExperienceHost_cw5n1h2txyewy!App
PID: 26176
Audio Stream Category: 5"
"29-06-2026 16:17:27","25","Information","Microsoft-Windows-Audio","Stream stopped.
App Id: Microsoft.Windows.ShellExperienceHost_cw5n1h2txyewy!App
PID: 26176
Audio Stream Category: 5"
"29-06-2026 16:17:25","24","Information","Microsoft-Windows-Audio","Stream started.
App Id: Microsoft.Windows.ShellExperienceHost_cw5n1h2txyewy!App
PID: 26176
Audio Stream Category: 5"
"29-06-2026 15:17:56","25","Information","Microsoft-Windows-Audio","Stream stopped.
App Id: Microsoft.Windows.ShellExperienceHost_cw5n1h2txyewy!App
PID: 26176
Audio Stream Category: 5"
"29-06-2026 15:17:54","24","Information","Microsoft-Windows-Audio","Stream started.
App Id: Microsoft.Windows.ShellExperienceHost_cw5n1h2txyewy!App
PID: 26176
Audio Stream Category: 5"
"29-06-2026 14:41:54","25","Information","Microsoft-Windows-Audio","Stream stopped.
App Id: Microsoft.Windows.ShellExperienceHost_cw5n1h2txyewy!App
PID: 26176
Audio Stream Category: 5"
"29-06-2026 14:41:52","24","Information","Microsoft-Windows-Audio","Stream started.
App Id: Microsoft.Windows.ShellExperienceHost_cw5n1h2txyewy!App
PID: 26176
Audio Stream Category: 5"
"29-06-2026 14:31:20","25","Information","Microsoft-Windows-Audio","Stream stopped.
App Id: Microsoft.Windows.ShellExperienceHost_cw5n1h2txyewy!App
PID: 26176
Audio Stream Category: 5"
"29-06-2026 14:31:18","24","Information","Microsoft-Windows-Audio","Stream started.
App Id: Microsoft.Windows.ShellExperienceHost_cw5n1h2txyewy!App
PID: 26176
Audio Stream Category: 5"
"29-06-2026 14:20:41","25","Information","Microsoft-Windows-Audio","Stream stopped.
App Id: Microsoft.Windows.ShellExperienceHost_cw5n1h2txyewy!App
PID: 26176
Audio Stream Category: 5"
"29-06-2026 14:20:39","24","Information","Microsoft-Windows-Audio","Stream started.
App Id: Microsoft.Windows.ShellExperienceHost_cw5n1h2txyewy!App
PID: 26176
Audio Stream Category: 5"
"29-06-2026 11:57:09","25","Information","Microsoft-Windows-Audio","Stream stopped.
App Id: Microsoft.Windows.ShellExperienceHost_cw5n1h2txyewy!App
PID: 26176
Audio Stream Category: 5"
"29-06-2026 11:57:07","24","Information","Microsoft-Windows-Audio","Stream started.
App Id: Microsoft.Windows.ShellExperienceHost_cw5n1h2txyewy!App
PID: 26176
Audio Stream Category: 5"
"29-06-2026 11:27:01","25","Information","Microsoft-Windows-Audio","Stream stopped.
App Id: Microsoft.Windows.ShellExperienceHost_cw5n1h2txyewy!App
PID: 26176
Audio Stream Category: 5"
"29-06-2026 11:26:59","24","Information","Microsoft-Windows-Audio","Stream started.
App Id: Microsoft.Windows.ShellExperienceHost_cw5n1h2txyewy!App
PID: 26176
Audio Stream Category: 5"
"29-06-2026 10:47:44","25","Information","Microsoft-Windows-Audio","Stream stopped.
App Id: Microsoft.Windows.ShellExperienceHost_cw5n1h2txyewy!App
PID: 26176
Audio Stream Category: 5"
"29-06-2026 10:47:42","24","Information","Microsoft-Windows-Audio","Stream started.
App Id: Microsoft.Windows.ShellExperienceHost_cw5n1h2txyewy!App
PID: 26176
Audio Stream Category: 5"
"29-06-2026 10:40:11","25","Information","Microsoft-Windows-Audio","Stream stopped.
App Id: Microsoft.Windows.ShellExperienceHost_cw5n1h2txyewy!App
PID: 26176
Audio Stream Category: 5"
"29-06-2026 10:40:09","24","Information","Microsoft-Windows-Audio","Stream started.
App Id: Microsoft.Windows.ShellExperienceHost_cw5n1h2txyewy!App
PID: 26176
Audio Stream Category: 5"
"29-06-2026 10:26:35","22","Information","Microsoft-Windows-Audio","Suspended: false"
"29-06-2026 10:26:35","22","Information","Microsoft-Windows-Audio","Suspended: true"
"29-06-2026 10:26:31","25","Information","Microsoft-Windows-Audio","Stream stopped.
App Id: Microsoft.Windows.ShellExperienceHost_cw5n1h2txyewy!App
PID: 26176
Audio Stream Category: 5"
"29-06-2026 10:26:29","24","Information","Microsoft-Windows-Audio","Stream started.
App Id: Microsoft.Windows.ShellExperienceHost_cw5n1h2txyewy!App
PID: 26176
Audio Stream Category: 5"
"29-06-2026 09:06:57","25","Information","Microsoft-Windows-Audio","Stream stopped.
App Id: Microsoft.Windows.ShellExperienceHost_cw5n1h2txyewy!App
PID: 2032
Audio Stream Category: 5"
"29-06-2026 09:06:56","24","Information","Microsoft-Windows-Audio","Stream started.
App Id: Microsoft.Windows.ShellExperienceHost_cw5n1h2txyewy!App
PID: 2032
Audio Stream Category: 5"
"29-06-2026 09:06:31","25","Information","Microsoft-Windows-Audio","Stream stopped.
App Id: Microsoft.Windows.ShellExperienceHost_cw5n1h2txyewy!App
PID: 2032
Audio Stream Category: 5"
"29-06-2026 09:06:30","24","Information","Microsoft-Windows-Audio","Stream started.
App Id: Microsoft.Windows.ShellExperienceHost_cw5n1h2txyewy!App
PID: 2032
Audio Stream Category: 5"
"29-06-2026 09:03:24","25","Information","Microsoft-Windows-Audio","Stream stopped.
App Id: Microsoft.Windows.ShellExperienceHost_cw5n1h2txyewy!App
PID: 2032
Audio Stream Category: 5"
"29-06-2026 09:03:22","24","Information","Microsoft-Windows-Audio","Stream started.
App Id: Microsoft.Windows.ShellExperienceHost_cw5n1h2txyewy!App
PID: 2032
Audio Stream Category: 5"
"26-06-2026 17:45:10","25","Information","Microsoft-Windows-Audio","Stream stopped.
App Id: Microsoft.Windows.ShellExperienceHost_cw5n1h2txyewy!App
PID: 9192
Audio Stream Category: 5"
"26-06-2026 17:45:09","24","Information","Microsoft-Windows-Audio","Stream started.
App Id: Microsoft.Windows.ShellExperienceHost_cw5n1h2txyewy!App
PID: 9192
Audio Stream Category: 5"
"26-06-2026 17:35:49","25","Information","Microsoft-Windows-Audio","Stream stopped.
App Id: Microsoft.Windows.ShellExperienceHost_cw5n1h2txyewy!App
PID: 9192
Audio Stream Category: 5"
"26-06-2026 17:35:47","24","Information","Microsoft-Windows-Audio","Stream started.
App Id: Microsoft.Windows.ShellExperienceHost_cw5n1h2txyewy!App
PID: 9192
Audio Stream Category: 5"
"26-06-2026 17:09:14","25","Information","Microsoft-Windows-Audio","Stream stopped.
App Id: Microsoft.Windows.ShellExperienceHost_cw5n1h2txyewy!App
PID: 9192
Audio Stream Category: 5"
"26-06-2026 17:09:13","24","Information","Microsoft-Windows-Audio","Stream started.
App Id: Microsoft.Windows.ShellExperienceHost_cw5n1h2txyewy!App
PID: 9192
Audio Stream Category: 5"
"26-06-2026 16:57:49","25","Information","Microsoft-Windows-Audio","Stream stopped.
App Id: Microsoft.Windows.ShellExperienceHost_cw5n1h2txyewy!App
PID: 9192
Audio Stream Category: 5"
"26-06-2026 16:57:47","24","Information","Microsoft-Windows-Audio","Stream started.
App Id: Microsoft.Windows.ShellExperienceHost_cw5n1h2txyewy!App
PID: 9192
Audio Stream Category: 5"
"26-06-2026 16:49:15","25","Information","Microsoft-Windows-Audio","Stream stopped.
App Id: Microsoft.Windows.ShellExperienceHost_cw5n1h2txyewy!App
PID: 9192
Audio Stream Category: 5"
"26-06-2026 16:49:13","24","Information","Microsoft-Windows-Audio","Stream started.
App Id: Microsoft.Windows.ShellExperienceHost_cw5n1h2txyewy!App
PID: 9192
Audio Stream Category: 5"
"26-06-2026 16:15:01","25","Information","Microsoft-Windows-Audio","Stream stopped.
App Id: Microsoft.Windows.ShellExperienceHost_cw5n1h2txyewy!App
PID: 9192
Audio Stream Category: 5"
"26-06-2026 16:14:59","24","Information","Microsoft-Windows-Audio","Stream started.
App Id: Microsoft.Windows.ShellExperienceHost_cw5n1h2txyewy!App
PID: 9192
Audio Stream Category: 5"
"26-06-2026 16:00:45","25","Information","Microsoft-Windows-Audio","Stream stopped.
App Id: Microsoft.Windows.ShellExperienceHost_cw5n1h2txyewy!App
PID: 9192
Audio Stream Category: 5"
"26-06-2026 16:00:44","24","Information","Microsoft-Windows-Audio","Stream started.
App Id: Microsoft.Windows.ShellExperienceHost_cw5n1h2txyewy!App
PID: 9192
Audio Stream Category: 5"
"26-06-2026 12:32:16","25","Information","Microsoft-Windows-Audio","Stream stopped.
App Id: Microsoft.Windows.ShellExperienceHost_cw5n1h2txyewy!App
PID: 9192
Audio Stream Category: 5"
"26-06-2026 12:32:14","24","Information","Microsoft-Windows-Audio","Stream started.
App Id: Microsoft.Windows.ShellExperienceHost_cw5n1h2txyewy!App
PID: 9192
Audio Stream Category: 5"
"26-06-2026 10:37:30","25","Information","Microsoft-Windows-Audio","Stream stopped.
App Id: Microsoft.Windows.ShellExperienceHost_cw5n1h2txyewy!App
PID: 9192
Audio Stream Category: 5"
"26-06-2026 10:37:28","24","Information","Microsoft-Windows-Audio","Stream started.
App Id: Microsoft.Windows.ShellExperienceHost_cw5n1h2txyewy!App
PID: 9192
Audio Stream Category: 5"
"26-06-2026 10:31:38","25","Information","Microsoft-Windows-Audio","Stream stopped.
App Id: Microsoft.Windows.ShellExperienceHost_cw5n1h2txyewy!App
PID: 9192
Audio Stream Category: 5"
"26-06-2026 10:31:36","24","Information","Microsoft-Windows-Audio","Stream started.
App Id: Microsoft.Windows.ShellExperienceHost_cw5n1h2txyewy!App
PID: 9192
Audio Stream Category: 5"
"26-06-2026 10:19:12","25","Information","Microsoft-Windows-Audio","Stream stopped.
App Id: Microsoft.Windows.ShellExperienceHost_cw5n1h2txyewy!App
PID: 9192
Audio Stream Category: 5"
"26-06-2026 10:19:10","24","Information","Microsoft-Windows-Audio","Stream started.
App Id: Microsoft.Windows.ShellExperienceHost_cw5n1h2txyewy!App
PID: 9192
Audio Stream Category: 5"
"26-06-2026 10:12:29","25","Information","Microsoft-Windows-Audio","Stream stopped.
App Id: Microsoft.Windows.ShellExperienceHost_cw5n1h2txyewy!App
PID: 9192
Audio Stream Category: 5"
"26-06-2026 10:12:28","24","Information","Microsoft-Windows-Audio","Stream started.
App Id: Microsoft.Windows.ShellExperienceHost_cw5n1h2txyewy!App
PID: 9192
Audio Stream Category: 5"
"26-06-2026 09:50:24","25","Information","Microsoft-Windows-Audio","Stream stopped.
App Id: Microsoft.Windows.ShellExperienceHost_cw5n1h2txyewy!App
PID: 9192
Audio Stream Category: 5"
"26-06-2026 09:50:22","24","Information","Microsoft-Windows-Audio","Stream started.
App Id: Microsoft.Windows.ShellExperienceHost_cw5n1h2txyewy!App
PID: 9192
Audio Stream Category: 5"
"26-06-2026 09:46:58","25","Information","Microsoft-Windows-Audio","Stream stopped.
App Id: Microsoft.Windows.ShellExperienceHost_cw5n1h2txyewy!App
PID: 9192
Audio Stream Category: 5"
"26-06-2026 09:46:56","24","Information","Microsoft-Windows-Audio","Stream started.
App Id: Microsoft.Windows.ShellExperienceHost_cw5n1h2txyewy!App
PID: 9192
Audio Stream Category: 5"
"26-06-2026 04:04:04","25","Information","Microsoft-Windows-Audio","Stream stopped.
App Id: Microsoft.Windows.ShellExperienceHost_cw5n1h2txyewy!App
PID: 9192
Audio Stream Category: 5"
"26-06-2026 04:04:02","24","Information","Microsoft-Windows-Audio","Stream started.
App Id: Microsoft.Windows.ShellExperienceHost_cw5n1h2txyewy!App
PID: 9192
Audio Stream Category: 5"
"25-06-2026 16:22:07","25","Information","Microsoft-Windows-Audio","Stream stopped.
App Id: Microsoft.Windows.ShellExperienceHost_cw5n1h2txyewy!App
PID: 9192
Audio Stream Category: 5"
"25-06-2026 16:22:05","24","Information","Microsoft-Windows-Audio","Stream started.
App Id: Microsoft.Windows.ShellExperienceHost_cw5n1h2txyewy!App
PID: 9192
Audio Stream Category: 5"
"25-06-2026 16:21:03","25","Information","Microsoft-Windows-Audio","Stream stopped.
App Id: Microsoft.Windows.ShellExperienceHost_cw5n1h2txyewy!App
PID: 9192
Audio Stream Category: 5"
"25-06-2026 16:21:01","24","Information","Microsoft-Windows-Audio","Stream started.
App Id: Microsoft.Windows.ShellExperienceHost_cw5n1h2txyewy!App
PID: 9192
Audio Stream Category: 5"
"25-06-2026 14:28:54","25","Information","Microsoft-Windows-Audio","Stream stopped.
App Id: Microsoft.Windows.ShellExperienceHost_cw5n1h2txyewy!App
PID: 9192
Audio Stream Category: 5"
"25-06-2026 14:28:52","24","Information","Microsoft-Windows-Audio","Stream started.
App Id: Microsoft.Windows.ShellExperienceHost_cw5n1h2txyewy!App
PID: 9192
Audio Stream Category: 5"
"25-06-2026 14:27:21","25","Information","Microsoft-Windows-Audio","Stream stopped.
App Id: Microsoft.Windows.ShellExperienceHost_cw5n1h2txyewy!App
PID: 9192
Audio Stream Category: 5"
"25-06-2026 14:27:20","24","Information","Microsoft-Windows-Audio","Stream started.
App Id: Microsoft.Windows.ShellExperienceHost_cw5n1h2txyewy!App
PID: 9192
Audio Stream Category: 5"
"25-06-2026 14:26:14","25","Information","Microsoft-Windows-Audio","Stream stopped.
App Id: Microsoft.Windows.ShellExperienceHost_cw5n1h2txyewy!App
PID: 9192
Audio Stream Category: 5"
"25-06-2026 14:26:13","24","Information","Microsoft-Windows-Audio","Stream started.
App Id: Microsoft.Windows.ShellExperienceHost_cw5n1h2txyewy!App
PID: 9192
Audio Stream Category: 5"
"25-06-2026 14:14:37","25","Information","Microsoft-Windows-Audio","Stream stopped.
App Id: Microsoft.Windows.ShellExperienceHost_cw5n1h2txyewy!App
PID: 9192
Audio Stream Category: 5"
"25-06-2026 14:14:35","24","Information","Microsoft-Windows-Audio","Stream started.
App Id: Microsoft.Windows.ShellExperienceHost_cw5n1h2txyewy!App
PID: 9192
Audio Stream Category: 5"
"25-06-2026 11:45:49","25","Information","Microsoft-Windows-Audio","Stream stopped.
App Id: Microsoft.Windows.ShellExperienceHost_cw5n1h2txyewy!App
PID: 9192
Audio Stream Category: 5"
"25-06-2026 11:45:47","24","Information","Microsoft-Windows-Audio","Stream started.
App Id: Microsoft.Windows.ShellExperienceHost_cw5n1h2txyewy!App
PID: 9192
Audio Stream Category: 5"
"25-06-2026 11:44:29","25","Information","Microsoft-Windows-Audio","Stream stopped.
App Id: Microsoft.Windows.ShellExperienceHost_cw5n1h2txyewy!App
PID: 9192
Audio Stream Category: 5"
"25-06-2026 11:44:27","24","Information","Microsoft-Windows-Audio","Stream started.
App Id: Microsoft.Windows.ShellExperienceHost_cw5n1h2txyewy!App
PID: 9192
Audio Stream Category: 5"
"25-06-2026 11:35:15","25","Information","Microsoft-Windows-Audio","Stream stopped.
App Id: Microsoft.Windows.ShellExperienceHost_cw5n1h2txyewy!App
PID: 9192
Audio Stream Category: 5"
"25-06-2026 11:35:13","24","Information","Microsoft-Windows-Audio","Stream started.
App Id: Microsoft.Windows.ShellExperienceHost_cw5n1h2txyewy!App
PID: 9192
Audio Stream Category: 5"
"25-06-2026 11:25:15","25","Information","Microsoft-Windows-Audio","Stream stopped.
App Id: Microsoft.Windows.ShellExperienceHost_cw5n1h2txyewy!App
PID: 9192
Audio Stream Category: 5"
"25-06-2026 11:25:14","24","Information","Microsoft-Windows-Audio","Stream started.
App Id: Microsoft.Windows.ShellExperienceHost_cw5n1h2txyewy!App
PID: 9192
Audio Stream Category: 5"
"25-06-2026 11:08:11","25","Information","Microsoft-Windows-Audio","Stream stopped.
App Id: Microsoft.Windows.ShellExperienceHost_cw5n1h2txyewy!App
PID: 9192
Audio Stream Category: 5"
"25-06-2026 11:08:09","24","Information","Microsoft-Windows-Audio","Stream started.
App Id: Microsoft.Windows.ShellExperienceHost_cw5n1h2txyewy!App
PID: 9192
Audio Stream Category: 5"
"25-06-2026 11:02:21","25","Information","Microsoft-Windows-Audio","Stream stopped.
App Id: Microsoft.Windows.ShellExperienceHost_cw5n1h2txyewy!App
PID: 9192
Audio Stream Category: 5"
"25-06-2026 11:02:19","24","Information","Microsoft-Windows-Audio","Stream started.
App Id: Microsoft.Windows.ShellExperienceHost_cw5n1h2txyewy!App
PID: 9192
Audio Stream Category: 5"
"25-06-2026 10:56:16","25","Information","Microsoft-Windows-Audio","Stream stopped.
App Id: Microsoft.Windows.ShellExperienceHost_cw5n1h2txyewy!App
PID: 9192
Audio Stream Category: 5"
"25-06-2026 10:56:14","24","Information","Microsoft-Windows-Audio","Stream started.
App Id: Microsoft.Windows.ShellExperienceHost_cw5n1h2txyewy!App
PID: 9192
Audio Stream Category: 5"
"25-06-2026 10:42:55","25","Information","Microsoft-Windows-Audio","Stream stopped.
App Id: Microsoft.Windows.ShellExperienceHost_cw5n1h2txyewy!App
PID: 9192
Audio Stream Category: 5"
"25-06-2026 10:42:53","24","Information","Microsoft-Windows-Audio","Stream started.
App Id: Microsoft.Windows.ShellExperienceHost_cw5n1h2txyewy!App
PID: 9192
Audio Stream Category: 5"
"25-06-2026 10:38:34","25","Information","Microsoft-Windows-Audio","Stream stopped.
App Id: Microsoft.Windows.ShellExperienceHost_cw5n1h2txyewy!App
PID: 9192
Audio Stream Category: 5"
"25-06-2026 10:38:32","24","Information","Microsoft-Windows-Audio","Stream started.
App Id: Microsoft.Windows.ShellExperienceHost_cw5n1h2txyewy!App
PID: 9192
Audio Stream Category: 5"
"25-06-2026 10:37:34","25","Information","Microsoft-Windows-Audio","Stream stopped.
App Id: Microsoft.Windows.ShellExperienceHost_cw5n1h2txyewy!App
PID: 9192
Audio Stream Category: 5"
"25-06-2026 10:37:32","24","Information","Microsoft-Windows-Audio","Stream started.
App Id: Microsoft.Windows.ShellExperienceHost_cw5n1h2txyewy!App
PID: 9192
Audio Stream Category: 5"
"25-06-2026 10:37:27","25","Information","Microsoft-Windows-Audio","Stream stopped.
App Id: Microsoft.Windows.ShellExperienceHost_cw5n1h2txyewy!App
PID: 9192
Audio Stream Category: 5"
"25-06-2026 10:37:25","24","Information","Microsoft-Windows-Audio","Stream started.
App Id: Microsoft.Windows.ShellExperienceHost_cw5n1h2txyewy!App
PID: 9192
Audio Stream Category: 5"
"25-06-2026 09:49:39","25","Information","Microsoft-Windows-Audio","Stream stopped.
App Id: Microsoft.Windows.ShellExperienceHost_cw5n1h2txyewy!App
PID: 9192
Audio Stream Category: 5"
"25-06-2026 09:49:37","24","Information","Microsoft-Windows-Audio","Stream started.
App Id: Microsoft.Windows.ShellExperienceHost_cw5n1h2txyewy!App
PID: 9192
Audio Stream Category: 5"
"25-06-2026 09:40:59","25","Information","Microsoft-Windows-Audio","Stream stopped.
App Id: Microsoft.Windows.ShellExperienceHost_cw5n1h2txyewy!App
PID: 9192
Audio Stream Category: 5"
"25-06-2026 09:40:57","24","Information","Microsoft-Windows-Audio","Stream started.
App Id: Microsoft.Windows.ShellExperienceHost_cw5n1h2txyewy!App
PID: 9192
Audio Stream Category: 5"
"25-06-2026 09:40:31","25","Information","Microsoft-Windows-Audio","Stream stopped.
App Id: Microsoft.Windows.ShellExperienceHost_cw5n1h2txyewy!App
PID: 9192
Audio Stream Category: 5"
"25-06-2026 09:40:30","24","Information","Microsoft-Windows-Audio","Stream started.
App Id: Microsoft.Windows.ShellExperienceHost_cw5n1h2txyewy!App
PID: 9192
Audio Stream Category: 5"
"25-06-2026 09:39:41","25","Information","Microsoft-Windows-Audio","Stream stopped.
App Id: Microsoft.Windows.ShellExperienceHost_cw5n1h2txyewy!App
PID: 9192
Audio Stream Category: 5"
"25-06-2026 09:39:40","24","Information","Microsoft-Windows-Audio","Stream started.
App Id: Microsoft.Windows.ShellExperienceHost_cw5n1h2txyewy!App
PID: 9192
Audio Stream Category: 5"
"25-06-2026 09:33:05","25","Information","Microsoft-Windows-Audio","Stream stopped.
App Id: Microsoft.Windows.ShellExperienceHost_cw5n1h2txyewy!App
PID: 31892
Audio Stream Category: 5"
"25-06-2026 09:33:04","24","Information","Microsoft-Windows-Audio","Stream started.
App Id: Microsoft.Windows.ShellExperienceHost_cw5n1h2txyewy!App
PID: 31892
Audio Stream Category: 5"
