"08-07-2026 10:52:21","263","Information","Microsoft-Windows-Time-Service","W32time Service configuration parameters have been updated. This may impact the fine-grained time synchronization accuracy.
Updated Configuration:
EventLogFlags: 2 (Local)
AnnounceFlags: 10 (Local)
TimeJumpAuditOffset: 28800 (Local)
MinPollInterval: 10 (Local)
MaxPollInterval: 15 (Local)
MaxNegPhaseCorrection: 54000 (Local)
MaxPosPhaseCorrection: 54000 (Local)
MaxAllowedPhaseOffset: 1 (Local)

FrequencyCorrectRate: 4 (Local)
PollAdjustFactor: 5 (Local)
LargePhaseOffset: 50000000 (Local)
SpikeWatchPeriod: 900 (Local)
LocalClockDispersion: 10 (Local)
HoldPeriod: 5 (Local)
PhaseCorrectRate: 1 (Local)
UpdateInterval: 360000 (Local)

FileLogName:  (Local)
FileLogEntries:  (Local)
FileLogSize: 0 (Local)
FileLogFlags: 0 (Undefined or not used)

UtilizeSslTimeData: 1 (Local)

[Leap Seconds]
Enabled: 1 (Local)
Total Leap Seconds (after June 2018): 0 (Local)
Current UTC offset: 0 (Local)

Updated Time Providers:
NtpClient (Local)
DllName: C:\Windows\system32\w32time.dll (Local)
Enabled: 1 (Local)
InputProvider: 1 (Local)
CrossSiteSyncFlags: 0 (Undefined or not used)
AllowNonstandardModeCombinations: 1 (Local)
ResolvePeerBackoffMinutes: 15 (Local)
ResolvePeerBackoffMaxTimes: 7 (Local)
CompatibilityFlags: 2147483648 (Local)
EventLogFlags: 1 (Local)
LargeSampleSkew: 3 (Local)
SpecialPollInterval: 16384 (Local)
Type: NTP (Local)
NtpServer: time.windows.com,0x9 (Local)

NtpServer (Local)
DllName: C:\Windows\system32\w32time.dll (Local)
Enabled: 0 (Local)
InputProvider: 0 (Local)


System Tick Count: 91453546
For more information, see https://go.microsoft.com/fwlink/?linkid=845961."
"08-07-2026 10:52:21","272","Information","Microsoft-Windows-Time-Service","Leap second configuration:
Enabled: 1 (Local)
Count: 0 (Local)
Current Offset from UTC(Seconds): 0 (Local)
Runtime state consistent with settings: 1
Newest Leap Seconds List (Local):

System Tick Count: 91453546.

For more information, see https://go.microsoft.com/fwlink/?linkid=845961."
"08-07-2026 10:35:17","263","Information","Microsoft-Windows-Time-Service","W32time Service configuration parameters have been updated. This may impact the fine-grained time synchronization accuracy.
Updated Configuration:
EventLogFlags: 2 (Local)
AnnounceFlags: 10 (Local)
TimeJumpAuditOffset: 28800 (Local)
MinPollInterval: 10 (Local)
MaxPollInterval: 15 (Local)
MaxNegPhaseCorrection: 54000 (Local)
MaxPosPhaseCorrection: 54000 (Local)
MaxAllowedPhaseOffset: 1 (Local)

FrequencyCorrectRate: 4 (Local)
PollAdjustFactor: 5 (Local)
LargePhaseOffset: 50000000 (Local)
SpikeWatchPeriod: 900 (Local)
LocalClockDispersion: 10 (Local)
HoldPeriod: 5 (Local)
PhaseCorrectRate: 1 (Local)
UpdateInterval: 360000 (Local)

FileLogName:  (Local)
FileLogEntries:  (Local)
FileLogSize: 0 (Local)
FileLogFlags: 0 (Undefined or not used)

UtilizeSslTimeData: 1 (Local)

[Leap Seconds]
Enabled: 1 (Local)
Total Leap Seconds (after June 2018): 0 (Local)
Current UTC offset: 0 (Local)

Updated Time Providers:
NtpClient (Local)
DllName: C:\Windows\system32\w32time.dll (Local)
Enabled: 1 (Local)
InputProvider: 1 (Local)
CrossSiteSyncFlags: 0 (Undefined or not used)
AllowNonstandardModeCombinations: 1 (Local)
ResolvePeerBackoffMinutes: 15 (Local)
ResolvePeerBackoffMaxTimes: 7 (Local)
CompatibilityFlags: 2147483648 (Local)
EventLogFlags: 1 (Local)
LargeSampleSkew: 3 (Local)
SpecialPollInterval: 16384 (Local)
Type: NTP (Local)
NtpServer: time.windows.com,0x9 (Local)

NtpServer (Local)
DllName: C:\Windows\system32\w32time.dll (Local)
Enabled: 0 (Local)
InputProvider: 0 (Local)


System Tick Count: 90429531
For more information, see https://go.microsoft.com/fwlink/?linkid=845961."
"08-07-2026 10:35:17","272","Information","Microsoft-Windows-Time-Service","Leap second configuration:
Enabled: 1 (Local)
Count: 0 (Local)
Current Offset from UTC(Seconds): 0 (Local)
Runtime state consistent with settings: 1
Newest Leap Seconds List (Local):

System Tick Count: 90429531.

For more information, see https://go.microsoft.com/fwlink/?linkid=845961."
"08-07-2026 10:18:13","263","Information","Microsoft-Windows-Time-Service","W32time Service configuration parameters have been updated. This may impact the fine-grained time synchronization accuracy.
Updated Configuration:
EventLogFlags: 2 (Local)
AnnounceFlags: 10 (Local)
TimeJumpAuditOffset: 28800 (Local)
MinPollInterval: 10 (Local)
MaxPollInterval: 15 (Local)
MaxNegPhaseCorrection: 54000 (Local)
MaxPosPhaseCorrection: 54000 (Local)
MaxAllowedPhaseOffset: 1 (Local)

FrequencyCorrectRate: 4 (Local)
PollAdjustFactor: 5 (Local)
LargePhaseOffset: 50000000 (Local)
SpikeWatchPeriod: 900 (Local)
LocalClockDispersion: 10 (Local)
HoldPeriod: 5 (Local)
PhaseCorrectRate: 1 (Local)
UpdateInterval: 360000 (Local)

FileLogName:  (Local)
FileLogEntries:  (Local)
FileLogSize: 0 (Local)
FileLogFlags: 0 (Undefined or not used)

UtilizeSslTimeData: 1 (Local)

[Leap Seconds]
Enabled: 1 (Local)
Total Leap Seconds (after June 2018): 0 (Local)
Current UTC offset: 0 (Local)

Updated Time Providers:
NtpClient (Local)
DllName: C:\Windows\system32\w32time.dll (Local)
Enabled: 1 (Local)
InputProvider: 1 (Local)
CrossSiteSyncFlags: 0 (Undefined or not used)
AllowNonstandardModeCombinations: 1 (Local)
ResolvePeerBackoffMinutes: 15 (Local)
ResolvePeerBackoffMaxTimes: 7 (Local)
CompatibilityFlags: 2147483648 (Local)
EventLogFlags: 1 (Local)
LargeSampleSkew: 3 (Local)
SpecialPollInterval: 16384 (Local)
Type: NTP (Local)
NtpServer: time.windows.com,0x9 (Local)

NtpServer (Local)
DllName: C:\Windows\system32\w32time.dll (Local)
Enabled: 0 (Local)
InputProvider: 0 (Local)


System Tick Count: 89405515
For more information, see https://go.microsoft.com/fwlink/?linkid=845961."
"08-07-2026 10:18:13","272","Information","Microsoft-Windows-Time-Service","Leap second configuration:
Enabled: 1 (Local)
Count: 0 (Local)
Current Offset from UTC(Seconds): 0 (Local)
Runtime state consistent with settings: 1
Newest Leap Seconds List (Local):

System Tick Count: 89405484.

For more information, see https://go.microsoft.com/fwlink/?linkid=845961."
"08-07-2026 10:18:13","260","Information","Microsoft-Windows-Time-Service","W32time Service periodic configuration and status message
Configuration:
EventLogFlags: 2 (Local)
AnnounceFlags: 10 (Local)
TimeJumpAuditOffset: 28800 (Local)
MinPollInterval: 10 (Local)
MaxPollInterval: 15 (Local)
MaxNegPhaseCorrection: 54000 (Local)
MaxPosPhaseCorrection: 54000 (Local)
MaxAllowedPhaseOffset: 1 (Local)

FrequencyCorrectRate: 4 (Local)
PollAdjustFactor: 5 (Local)
LargePhaseOffset: 50000000 (Local)
SpikeWatchPeriod: 900 (Local)
LocalClockDispersion: 10 (Local)
HoldPeriod: 5 (Local)
PhaseCorrectRate: 1 (Local)
UpdateInterval: 360000 (Local)

FileLogName:  (Local)
FileLogEntries:  (Local)
FileLogSize: 0 (Local)
FileLogFlags: 0 (Undefined or not used)

UtilizeSslTimeData: 1 (Local)

[Leap Seconds]
Enabled: 1 (Local)
Total Leap Seconds (after June 2018): 0 (Local)
Current UTC offset: 0 (Local)

Time Providers:
NtpClient (Local)
DllName: C:\Windows\system32\w32time.dll (Local)
Enabled: 1 (Local)
InputProvider: 1 (Local)
CrossSiteSyncFlags: 0 (Undefined or not used)
AllowNonstandardModeCombinations: 1 (Local)
ResolvePeerBackoffMinutes: 15 (Local)
ResolvePeerBackoffMaxTimes: 7 (Local)
CompatibilityFlags: 2147483648 (Local)
EventLogFlags: 1 (Local)
LargeSampleSkew: 3 (Local)
SpecialPollInterval: 16384 (Local)
Type: NTP (Local)
NtpServer: time.windows.com,0x9 (Local)

NtpServer (Local)
DllName: C:\Windows\system32\w32time.dll (Local)
Enabled: 0 (Local)
InputProvider: 0 (Local)



Current Status:
Leap Indicator: 3
Stratum: 0
Precision: -23
RootDelay: 0.0000000s
RootDispersion: 0.0000000s
ReferenceId: 0x00000000
Last Successful Sync Time: 1601-01-01T00:00:00.0Z (UTC)
Source: Local CMOS Clock
Poll Interval: 10
Phase Offset: 0.0000000s
Clock Rate: 156250
State Machine: 0
Time Source Flags: 0
Server Role: 0
Last Sync Error: 1
Time Since Last Good Sync: 0.0149627s
System Tick Count: 89405484
For more information, see https://go.microsoft.com/fwlink/?linkid=845961."
"08-07-2026 10:18:13","266","Information","Microsoft-Windows-Time-Service","W32time Service received notification to rediscover its time sources and/or resynchronize time. Reason Code:1 System Tick Count: 89405468
Reason code description:
0 : An explicit time resynchronization request from an administrator
1 : Power state changes on this machine
2 : Changes to the network interface or to the network topology
3 : State changes within W32time that require time synchronization
The actions that follow this notifcation may impact fine-grained time synchronization accuracy.For more information, see https://go.microsoft.com/fwlink/?linkid=845961."
"08-07-2026 10:18:13","259","Information","Microsoft-Windows-Time-Service","NTP Client provider periodic status:
Ntp Client is receiving time data from the following NTP Servers: ;  and the chosen reference time server is . System Tick Count 89405468. IFTSTMP:1.
For more information, see https://go.microsoft.com/fwlink/?linkid=845961."
"08-07-2026 08:28:50","266","Information","Microsoft-Windows-Time-Service","W32time Service received notification to rediscover its time sources and/or resynchronize time. Reason Code:1 System Tick Count: 82842093
Reason code description:
0 : An explicit time resynchronization request from an administrator
1 : Power state changes on this machine
2 : Changes to the network interface or to the network topology
3 : State changes within W32time that require time synchronization
The actions that follow this notifcation may impact fine-grained time synchronization accuracy.For more information, see https://go.microsoft.com/fwlink/?linkid=845961."
"08-07-2026 08:28:41","264","Information","Microsoft-Windows-Time-Service","NTP Client observed a change peer reachability. Ntp Client is now receiving time data from the following NTP Servers: time.windows.com,0x9 (ntp.m|0x9|0.0.0.0:123->40.81.94.65:123);. System Tick Count: 82833546.
For more information, see https://go.microsoft.com/fwlink/?linkid=845961."
"08-07-2026 08:28:32","257","Information","Microsoft-Windows-Time-Service","W32time service has started at 2026-07-08T02:58:32.114Z (UTC), System Tick Count 82823890.
Configuration:
EventLogFlags: 2 (Local)
AnnounceFlags: 10 (Local)
TimeJumpAuditOffset: 28800 (Local)
MinPollInterval: 10 (Local)
MaxPollInterval: 15 (Local)
MaxNegPhaseCorrection: 54000 (Local)
MaxPosPhaseCorrection: 54000 (Local)
MaxAllowedPhaseOffset: 1 (Local)

FrequencyCorrectRate: 4 (Local)
PollAdjustFactor: 5 (Local)
LargePhaseOffset: 50000000 (Local)
SpikeWatchPeriod: 900 (Local)
LocalClockDispersion: 10 (Local)
HoldPeriod: 5 (Local)
PhaseCorrectRate: 1 (Local)
UpdateInterval: 360000 (Local)

FileLogName:  (Local)
FileLogEntries:  (Local)
FileLogSize: 0 (Local)
FileLogFlags: 0 (Undefined or not used)

UtilizeSslTimeData: 1 (Local)

[Leap Seconds]
Enabled: 1 (Local)
Total Leap Seconds (after June 2018): 0 (Local)
Current UTC offset: 0 (Local)

Time Providers:
NtpClient (Local)
DllName: C:\Windows\system32\w32time.dll (Local)
Enabled: 1 (Local)
InputProvider: 1 (Local)
CrossSiteSyncFlags: 0 (Undefined or not used)
AllowNonstandardModeCombinations: 1 (Local)
ResolvePeerBackoffMinutes: 15 (Local)
ResolvePeerBackoffMaxTimes: 7 (Local)
CompatibilityFlags: 2147483648 (Local)
EventLogFlags: 1 (Local)
LargeSampleSkew: 3 (Local)
SpecialPollInterval: 16384 (Local)
Type: NTP (Local)
NtpServer: time.windows.com,0x9 (Local)

NtpServer (Local)
DllName: C:\Windows\system32\w32time.dll (Local)
Enabled: 0 (Local)
InputProvider: 0 (Local)


Clock Rate:156250
For more information, see https://go.microsoft.com/fwlink/?linkid=845961."
"08-07-2026 08:28:32","272","Information","Microsoft-Windows-Time-Service","Leap second configuration:
Enabled: 1 (Local)
Count: 0 (Local)
Current Offset from UTC(Seconds): 0 (Local)
Runtime state consistent with settings: 1
Newest Leap Seconds List (Local):

System Tick Count: 82823890.

For more information, see https://go.microsoft.com/fwlink/?linkid=845961."
"07-07-2026 17:44:17","258","Information","Microsoft-Windows-Time-Service","W32time service is stopping at 2026-07-07T12:14:17.656Z (UTC), System Tick Count 29769484 with return code: 0x00000000: Success.
For more information, see https://go.microsoft.com/fwlink/?linkid=845961."
"07-07-2026 17:44:17","261","Information","Microsoft-Windows-Time-Service","W32time service has set the system time to 2026-07-07T12:14:17.647Z(UTC). Previous system time was 2026-07-07T12:14:17.644Z(UTC). System Tick Count: 29769468
For more information, see https://go.microsoft.com/fwlink/?linkid=845961."
"07-07-2026 17:44:17","265","Information","Microsoft-Windows-Time-Service","The time service is now synchronizing the system time with the reference time source time.windows.com,0x9 (ntp.m|0x9|0.0.0.0:123->40.81.94.65:123) with reference id 0x28515E41. Current local stratum number is 5, System Tick Count: 29769468.
For more information, see https://go.microsoft.com/fwlink/?linkid=845961."
"07-07-2026 17:44:17","264","Information","Microsoft-Windows-Time-Service","NTP Client observed a change peer reachability. Ntp Client is now receiving time data from the following NTP Servers: time.windows.com,0x9 (ntp.m|0x9|0.0.0.0:123->40.81.94.65:123);. System Tick Count: 29769453.
For more information, see https://go.microsoft.com/fwlink/?linkid=845961."
"07-07-2026 14:19:45","263","Information","Microsoft-Windows-Time-Service","W32time Service configuration parameters have been updated. This may impact the fine-grained time synchronization accuracy.
Updated Configuration:
EventLogFlags: 2 (Local)
AnnounceFlags: 10 (Local)
TimeJumpAuditOffset: 28800 (Local)
MinPollInterval: 10 (Local)
MaxPollInterval: 15 (Local)
MaxNegPhaseCorrection: 54000 (Local)
MaxPosPhaseCorrection: 54000 (Local)
MaxAllowedPhaseOffset: 1 (Local)

FrequencyCorrectRate: 4 (Local)
PollAdjustFactor: 5 (Local)
LargePhaseOffset: 50000000 (Local)
SpikeWatchPeriod: 900 (Local)
LocalClockDispersion: 10 (Local)
HoldPeriod: 5 (Local)
PhaseCorrectRate: 1 (Local)
UpdateInterval: 360000 (Local)

FileLogName:  (Local)
FileLogEntries:  (Local)
FileLogSize: 0 (Local)
FileLogFlags: 0 (Undefined or not used)

UtilizeSslTimeData: 1 (Local)

[Leap Seconds]
Enabled: 1 (Local)
Total Leap Seconds (after June 2018): 0 (Local)
Current UTC offset: 0 (Local)

Updated Time Providers:
NtpClient (Local)
DllName: C:\Windows\system32\w32time.dll (Local)
Enabled: 1 (Local)
InputProvider: 1 (Local)
CrossSiteSyncFlags: 0 (Undefined or not used)
AllowNonstandardModeCombinations: 1 (Local)
ResolvePeerBackoffMinutes: 15 (Local)
ResolvePeerBackoffMaxTimes: 7 (Local)
CompatibilityFlags: 2147483648 (Local)
EventLogFlags: 1 (Local)
LargeSampleSkew: 3 (Local)
SpecialPollInterval: 16384 (Local)
Type: NTP (Local)
NtpServer: time.windows.com,0x9 (Local)

NtpServer (Local)
DllName: C:\Windows\system32\w32time.dll (Local)
Enabled: 0 (Local)
InputProvider: 0 (Local)


System Tick Count: 17497437
For more information, see https://go.microsoft.com/fwlink/?linkid=845961."
"07-07-2026 14:19:45","272","Information","Microsoft-Windows-Time-Service","Leap second configuration:
Enabled: 1 (Local)
Count: 0 (Local)
Current Offset from UTC(Seconds): 0 (Local)
Runtime state consistent with settings: 1
Newest Leap Seconds List (Local):

System Tick Count: 17497421.

For more information, see https://go.microsoft.com/fwlink/?linkid=845961."
"07-07-2026 14:02:41","263","Information","Microsoft-Windows-Time-Service","W32time Service configuration parameters have been updated. This may impact the fine-grained time synchronization accuracy.
Updated Configuration:
EventLogFlags: 2 (Local)
AnnounceFlags: 10 (Local)
TimeJumpAuditOffset: 28800 (Local)
MinPollInterval: 10 (Local)
MaxPollInterval: 15 (Local)
MaxNegPhaseCorrection: 54000 (Local)
MaxPosPhaseCorrection: 54000 (Local)
MaxAllowedPhaseOffset: 1 (Local)

FrequencyCorrectRate: 4 (Local)
PollAdjustFactor: 5 (Local)
LargePhaseOffset: 50000000 (Local)
SpikeWatchPeriod: 900 (Local)
LocalClockDispersion: 10 (Local)
HoldPeriod: 5 (Local)
PhaseCorrectRate: 1 (Local)
UpdateInterval: 360000 (Local)

FileLogName:  (Local)
FileLogEntries:  (Local)
FileLogSize: 0 (Local)
FileLogFlags: 0 (Undefined or not used)

UtilizeSslTimeData: 1 (Local)

[Leap Seconds]
Enabled: 1 (Local)
Total Leap Seconds (after June 2018): 0 (Local)
Current UTC offset: 0 (Local)

Updated Time Providers:
NtpClient (Local)
DllName: C:\Windows\system32\w32time.dll (Local)
Enabled: 1 (Local)
InputProvider: 1 (Local)
CrossSiteSyncFlags: 0 (Undefined or not used)
AllowNonstandardModeCombinations: 1 (Local)
ResolvePeerBackoffMinutes: 15 (Local)
ResolvePeerBackoffMaxTimes: 7 (Local)
CompatibilityFlags: 2147483648 (Local)
EventLogFlags: 1 (Local)
LargeSampleSkew: 3 (Local)
SpecialPollInterval: 16384 (Local)
Type: NTP (Local)
NtpServer: time.windows.com,0x9 (Local)

NtpServer (Local)
DllName: C:\Windows\system32\w32time.dll (Local)
Enabled: 0 (Local)
InputProvider: 0 (Local)


System Tick Count: 16473406
For more information, see https://go.microsoft.com/fwlink/?linkid=845961."
"07-07-2026 14:02:41","272","Information","Microsoft-Windows-Time-Service","Leap second configuration:
Enabled: 1 (Local)
Count: 0 (Local)
Current Offset from UTC(Seconds): 0 (Local)
Runtime state consistent with settings: 1
Newest Leap Seconds List (Local):

System Tick Count: 16473406.

For more information, see https://go.microsoft.com/fwlink/?linkid=845961."
"07-07-2026 13:45:37","263","Information","Microsoft-Windows-Time-Service","W32time Service configuration parameters have been updated. This may impact the fine-grained time synchronization accuracy.
Updated Configuration:
EventLogFlags: 2 (Local)
AnnounceFlags: 10 (Local)
TimeJumpAuditOffset: 28800 (Local)
MinPollInterval: 10 (Local)
MaxPollInterval: 15 (Local)
MaxNegPhaseCorrection: 54000 (Local)
MaxPosPhaseCorrection: 54000 (Local)
MaxAllowedPhaseOffset: 1 (Local)

FrequencyCorrectRate: 4 (Local)
PollAdjustFactor: 5 (Local)
LargePhaseOffset: 50000000 (Local)
SpikeWatchPeriod: 900 (Local)
LocalClockDispersion: 10 (Local)
HoldPeriod: 5 (Local)
PhaseCorrectRate: 1 (Local)
UpdateInterval: 360000 (Local)

FileLogName:  (Local)
FileLogEntries:  (Local)
FileLogSize: 0 (Local)
FileLogFlags: 0 (Undefined or not used)

UtilizeSslTimeData: 1 (Local)

[Leap Seconds]
Enabled: 1 (Local)
Total Leap Seconds (after June 2018): 0 (Local)
Current UTC offset: 0 (Local)

Updated Time Providers:
NtpClient (Local)
DllName: C:\Windows\system32\w32time.dll (Local)
Enabled: 1 (Local)
InputProvider: 1 (Local)
CrossSiteSyncFlags: 0 (Undefined or not used)
AllowNonstandardModeCombinations: 1 (Local)
ResolvePeerBackoffMinutes: 15 (Local)
ResolvePeerBackoffMaxTimes: 7 (Local)
CompatibilityFlags: 2147483648 (Local)
EventLogFlags: 1 (Local)
LargeSampleSkew: 3 (Local)
SpecialPollInterval: 16384 (Local)
Type: NTP (Local)
NtpServer: time.windows.com,0x9 (Local)

NtpServer (Local)
DllName: C:\Windows\system32\w32time.dll (Local)
Enabled: 0 (Local)
InputProvider: 0 (Local)


System Tick Count: 15449406
For more information, see https://go.microsoft.com/fwlink/?linkid=845961."
"07-07-2026 13:45:37","272","Information","Microsoft-Windows-Time-Service","Leap second configuration:
Enabled: 1 (Local)
Count: 0 (Local)
Current Offset from UTC(Seconds): 0 (Local)
Runtime state consistent with settings: 1
Newest Leap Seconds List (Local):

System Tick Count: 15449406.

For more information, see https://go.microsoft.com/fwlink/?linkid=845961."
"07-07-2026 13:28:33","263","Information","Microsoft-Windows-Time-Service","W32time Service configuration parameters have been updated. This may impact the fine-grained time synchronization accuracy.
Updated Configuration:
EventLogFlags: 2 (Local)
AnnounceFlags: 10 (Local)
TimeJumpAuditOffset: 28800 (Local)
MinPollInterval: 10 (Local)
MaxPollInterval: 15 (Local)
MaxNegPhaseCorrection: 54000 (Local)
MaxPosPhaseCorrection: 54000 (Local)
MaxAllowedPhaseOffset: 1 (Local)

FrequencyCorrectRate: 4 (Local)
PollAdjustFactor: 5 (Local)
LargePhaseOffset: 50000000 (Local)
SpikeWatchPeriod: 900 (Local)
LocalClockDispersion: 10 (Local)
HoldPeriod: 5 (Local)
PhaseCorrectRate: 1 (Local)
UpdateInterval: 360000 (Local)

FileLogName:  (Local)
FileLogEntries:  (Local)
FileLogSize: 0 (Local)
FileLogFlags: 0 (Undefined or not used)

UtilizeSslTimeData: 1 (Local)

[Leap Seconds]
Enabled: 1 (Local)
Total Leap Seconds (after June 2018): 0 (Local)
Current UTC offset: 0 (Local)

Updated Time Providers:
NtpClient (Local)
DllName: C:\Windows\system32\w32time.dll (Local)
Enabled: 1 (Local)
InputProvider: 1 (Local)
CrossSiteSyncFlags: 0 (Undefined or not used)
AllowNonstandardModeCombinations: 1 (Local)
ResolvePeerBackoffMinutes: 15 (Local)
ResolvePeerBackoffMaxTimes: 7 (Local)
CompatibilityFlags: 2147483648 (Local)
EventLogFlags: 1 (Local)
LargeSampleSkew: 3 (Local)
SpecialPollInterval: 16384 (Local)
Type: NTP (Local)
NtpServer: time.windows.com,0x9 (Local)

NtpServer (Local)
DllName: C:\Windows\system32\w32time.dll (Local)
Enabled: 0 (Local)
InputProvider: 0 (Local)


System Tick Count: 14425406
For more information, see https://go.microsoft.com/fwlink/?linkid=845961."
"07-07-2026 13:28:33","272","Information","Microsoft-Windows-Time-Service","Leap second configuration:
Enabled: 1 (Local)
Count: 0 (Local)
Current Offset from UTC(Seconds): 0 (Local)
Runtime state consistent with settings: 1
Newest Leap Seconds List (Local):

System Tick Count: 14425390.

For more information, see https://go.microsoft.com/fwlink/?linkid=845961."
"07-07-2026 13:28:33","260","Information","Microsoft-Windows-Time-Service","W32time Service periodic configuration and status message
Configuration:
EventLogFlags: 2 (Local)
AnnounceFlags: 10 (Local)
TimeJumpAuditOffset: 28800 (Local)
MinPollInterval: 10 (Local)
MaxPollInterval: 15 (Local)
MaxNegPhaseCorrection: 54000 (Local)
MaxPosPhaseCorrection: 54000 (Local)
MaxAllowedPhaseOffset: 1 (Local)

FrequencyCorrectRate: 4 (Local)
PollAdjustFactor: 5 (Local)
LargePhaseOffset: 50000000 (Local)
SpikeWatchPeriod: 900 (Local)
LocalClockDispersion: 10 (Local)
HoldPeriod: 5 (Local)
PhaseCorrectRate: 1 (Local)
UpdateInterval: 360000 (Local)

FileLogName:  (Local)
FileLogEntries:  (Local)
FileLogSize: 0 (Local)
FileLogFlags: 0 (Undefined or not used)

UtilizeSslTimeData: 1 (Local)

[Leap Seconds]
Enabled: 1 (Local)
Total Leap Seconds (after June 2018): 0 (Local)
Current UTC offset: 0 (Local)

Time Providers:
NtpClient (Local)
DllName: C:\Windows\system32\w32time.dll (Local)
Enabled: 1 (Local)
InputProvider: 1 (Local)
CrossSiteSyncFlags: 0 (Undefined or not used)
AllowNonstandardModeCombinations: 1 (Local)
ResolvePeerBackoffMinutes: 15 (Local)
ResolvePeerBackoffMaxTimes: 7 (Local)
CompatibilityFlags: 2147483648 (Local)
EventLogFlags: 1 (Local)
LargeSampleSkew: 3 (Local)
SpecialPollInterval: 16384 (Local)
Type: NTP (Local)
NtpServer: time.windows.com,0x9 (Local)

NtpServer (Local)
DllName: C:\Windows\system32\w32time.dll (Local)
Enabled: 0 (Local)
InputProvider: 0 (Local)



Current Status:
Leap Indicator: 3
Stratum: 0
Precision: -23
RootDelay: 0.0000000s
RootDispersion: 0.0000000s
ReferenceId: 0x00000000
Last Successful Sync Time: 1601-01-01T00:00:00.0Z (UTC)
Source: Local CMOS Clock
Poll Interval: 10
Phase Offset: 0.0000000s
Clock Rate: 156250
State Machine: 0
Time Source Flags: 0
Server Role: 0
Last Sync Error: 1
Time Since Last Good Sync: 1040.0195808s
System Tick Count: 14425390
For more information, see https://go.microsoft.com/fwlink/?linkid=845961."
"07-07-2026 13:28:33","259","Information","Microsoft-Windows-Time-Service","NTP Client provider periodic status:
Ntp Client is receiving time data from the following NTP Servers: ;  and the chosen reference time server is . System Tick Count 14425390. IFTSTMP:1.
For more information, see https://go.microsoft.com/fwlink/?linkid=845961."
"07-07-2026 13:11:13","264","Information","Microsoft-Windows-Time-Service","NTP Client observed a change peer reachability. Ntp Client is now receiving time data from the following NTP Servers: time.windows.com,0x9 (ntp.m|0x9|0.0.0.0:123->40.81.94.65:123);. System Tick Count: 13385421.
For more information, see https://go.microsoft.com/fwlink/?linkid=845961."
"07-07-2026 13:11:13","257","Information","Microsoft-Windows-Time-Service","W32time service has started at 2026-07-07T07:41:13.547Z (UTC), System Tick Count 13385343.
Configuration:
EventLogFlags: 2 (Local)
AnnounceFlags: 10 (Local)
TimeJumpAuditOffset: 28800 (Local)
MinPollInterval: 10 (Local)
MaxPollInterval: 15 (Local)
MaxNegPhaseCorrection: 54000 (Local)
MaxPosPhaseCorrection: 54000 (Local)
MaxAllowedPhaseOffset: 1 (Local)

FrequencyCorrectRate: 4 (Local)
PollAdjustFactor: 5 (Local)
LargePhaseOffset: 50000000 (Local)
SpikeWatchPeriod: 900 (Local)
LocalClockDispersion: 10 (Local)
HoldPeriod: 5 (Local)
PhaseCorrectRate: 1 (Local)
UpdateInterval: 360000 (Local)

FileLogName:  (Local)
FileLogEntries:  (Local)
FileLogSize: 0 (Local)
FileLogFlags: 0 (Undefined or not used)

UtilizeSslTimeData: 1 (Local)

[Leap Seconds]
Enabled: 1 (Local)
Total Leap Seconds (after June 2018): 0 (Local)
Current UTC offset: 0 (Local)

Time Providers:
NtpClient (Local)
DllName: C:\Windows\system32\w32time.dll (Local)
Enabled: 1 (Local)
InputProvider: 1 (Local)
CrossSiteSyncFlags: 0 (Undefined or not used)
AllowNonstandardModeCombinations: 1 (Local)
ResolvePeerBackoffMinutes: 15 (Local)
ResolvePeerBackoffMaxTimes: 7 (Local)
CompatibilityFlags: 2147483648 (Local)
EventLogFlags: 1 (Local)
LargeSampleSkew: 3 (Local)
SpecialPollInterval: 16384 (Local)
Type: NTP (Local)
NtpServer: time.windows.com,0x9 (Local)

NtpServer (Local)
DllName: C:\Windows\system32\w32time.dll (Local)
Enabled: 0 (Local)
InputProvider: 0 (Local)


Clock Rate:156250
For more information, see https://go.microsoft.com/fwlink/?linkid=845961."
"07-07-2026 13:11:13","272","Information","Microsoft-Windows-Time-Service","Leap second configuration:
Enabled: 1 (Local)
Count: 0 (Local)
Current Offset from UTC(Seconds): 0 (Local)
Runtime state consistent with settings: 1
Newest Leap Seconds List (Local):

System Tick Count: 13385343.

For more information, see https://go.microsoft.com/fwlink/?linkid=845961."
"06-07-2026 14:08:31","258","Information","Microsoft-Windows-Time-Service","W32time service is stopping at 2026-07-06T08:38:31.241Z (UTC), System Tick Count 172563468 with return code: 0x00000000: Success.
For more information, see https://go.microsoft.com/fwlink/?linkid=845961."
"06-07-2026 14:08:31","261","Information","Microsoft-Windows-Time-Service","W32time service has set the system time to 2026-07-06T08:38:31.236Z(UTC). Previous system time was 2026-07-06T08:38:31.236Z(UTC). System Tick Count: 172563453
For more information, see https://go.microsoft.com/fwlink/?linkid=845961."
"06-07-2026 14:08:31","261","Information","Microsoft-Windows-Time-Service","W32time service has set the system time to 2026-07-06T08:38:31.235Z(UTC). Previous system time was 2026-07-06T08:38:31.233Z(UTC). System Tick Count: 172563453
For more information, see https://go.microsoft.com/fwlink/?linkid=845961."
"06-07-2026 14:08:31","266","Information","Microsoft-Windows-Time-Service","W32time Service received notification to rediscover its time sources and/or resynchronize time. Reason Code:3 System Tick Count: 172563453
Reason code description:
0 : An explicit time resynchronization request from an administrator
1 : Power state changes on this machine
2 : Changes to the network interface or to the network topology
3 : State changes within W32time that require time synchronization
The actions that follow this notifcation may impact fine-grained time synchronization accuracy.For more information, see https://go.microsoft.com/fwlink/?linkid=845961."
"06-07-2026 14:08:31","265","Information","Microsoft-Windows-Time-Service","The time service is now synchronizing the system time with the reference time source time.windows.com,0x9 (ntp.m|0x9|0.0.0.0:123->40.81.94.65:123) with reference id 0x28515E41. Current local stratum number is 5, System Tick Count: 172563453.
For more information, see https://go.microsoft.com/fwlink/?linkid=845961."
"06-07-2026 14:08:31","261","Information","Microsoft-Windows-Time-Service","W32time service has set the system time to 2026-07-06T08:38:31.233Z(UTC). Previous system time was 2026-07-06T08:38:32.629Z(UTC). System Tick Count: 172563453
For more information, see https://go.microsoft.com/fwlink/?linkid=845961."
"06-07-2026 14:08:32","264","Information","Microsoft-Windows-Time-Service","NTP Client observed a change peer reachability. Ntp Client is now receiving time data from the following NTP Servers: time.windows.com,0x9 (ntp.m|0x9|0.0.0.0:123->40.81.94.65:123);. System Tick Count: 172563437.
For more information, see https://go.microsoft.com/fwlink/?linkid=845961."
"06-07-2026 13:50:30","266","Information","Microsoft-Windows-Time-Service","W32time Service received notification to rediscover its time sources and/or resynchronize time. Reason Code:2 System Tick Count: 171481171
Reason code description:
0 : An explicit time resynchronization request from an administrator
1 : Power state changes on this machine
2 : Changes to the network interface or to the network topology
3 : State changes within W32time that require time synchronization
The actions that follow this notifcation may impact fine-grained time synchronization accuracy.For more information, see https://go.microsoft.com/fwlink/?linkid=845961."
"06-07-2026 10:44:00","263","Information","Microsoft-Windows-Time-Service","W32time Service configuration parameters have been updated. This may impact the fine-grained time synchronization accuracy.
Updated Configuration:
EventLogFlags: 2 (Local)
AnnounceFlags: 10 (Local)
TimeJumpAuditOffset: 28800 (Local)
MinPollInterval: 10 (Local)
MaxPollInterval: 15 (Local)
MaxNegPhaseCorrection: 54000 (Local)
MaxPosPhaseCorrection: 54000 (Local)
MaxAllowedPhaseOffset: 1 (Local)

FrequencyCorrectRate: 4 (Local)
PollAdjustFactor: 5 (Local)
LargePhaseOffset: 50000000 (Local)
SpikeWatchPeriod: 900 (Local)
LocalClockDispersion: 10 (Local)
HoldPeriod: 5 (Local)
PhaseCorrectRate: 1 (Local)
UpdateInterval: 360000 (Local)

FileLogName:  (Local)
FileLogEntries:  (Local)
FileLogSize: 0 (Local)
FileLogFlags: 0 (Undefined or not used)

UtilizeSslTimeData: 1 (Local)

[Leap Seconds]
Enabled: 1 (Local)
Total Leap Seconds (after June 2018): 0 (Local)
Current UTC offset: 0 (Local)

Updated Time Providers:
NtpClient (Local)
DllName: C:\Windows\system32\w32time.dll (Local)
Enabled: 1 (Local)
InputProvider: 1 (Local)
CrossSiteSyncFlags: 0 (Undefined or not used)
AllowNonstandardModeCombinations: 1 (Local)
ResolvePeerBackoffMinutes: 15 (Local)
ResolvePeerBackoffMaxTimes: 7 (Local)
CompatibilityFlags: 2147483648 (Local)
EventLogFlags: 1 (Local)
LargeSampleSkew: 3 (Local)
SpecialPollInterval: 16384 (Local)
Type: NTP (Local)
NtpServer: time.windows.com,0x9 (Local)

NtpServer (Local)
DllName: C:\Windows\system32\w32time.dll (Local)
Enabled: 0 (Local)
InputProvider: 0 (Local)


System Tick Count: 160291359
For more information, see https://go.microsoft.com/fwlink/?linkid=845961."
"06-07-2026 10:44:00","272","Information","Microsoft-Windows-Time-Service","Leap second configuration:
Enabled: 1 (Local)
Count: 0 (Local)
Current Offset from UTC(Seconds): 0 (Local)
Runtime state consistent with settings: 1
Newest Leap Seconds List (Local):

System Tick Count: 160291359.

For more information, see https://go.microsoft.com/fwlink/?linkid=845961."
"06-07-2026 10:26:56","263","Information","Microsoft-Windows-Time-Service","W32time Service configuration parameters have been updated. This may impact the fine-grained time synchronization accuracy.
Updated Configuration:
EventLogFlags: 2 (Local)
AnnounceFlags: 10 (Local)
TimeJumpAuditOffset: 28800 (Local)
MinPollInterval: 10 (Local)
MaxPollInterval: 15 (Local)
MaxNegPhaseCorrection: 54000 (Local)
MaxPosPhaseCorrection: 54000 (Local)
MaxAllowedPhaseOffset: 1 (Local)

FrequencyCorrectRate: 4 (Local)
PollAdjustFactor: 5 (Local)
LargePhaseOffset: 50000000 (Local)
SpikeWatchPeriod: 900 (Local)
LocalClockDispersion: 10 (Local)
HoldPeriod: 5 (Local)
PhaseCorrectRate: 1 (Local)
UpdateInterval: 360000 (Local)

FileLogName:  (Local)
FileLogEntries:  (Local)
FileLogSize: 0 (Local)
FileLogFlags: 0 (Undefined or not used)

UtilizeSslTimeData: 1 (Local)

[Leap Seconds]
Enabled: 1 (Local)
Total Leap Seconds (after June 2018): 0 (Local)
Current UTC offset: 0 (Local)

Updated Time Providers:
NtpClient (Local)
DllName: C:\Windows\system32\w32time.dll (Local)
Enabled: 1 (Local)
InputProvider: 1 (Local)
CrossSiteSyncFlags: 0 (Undefined or not used)
AllowNonstandardModeCombinations: 1 (Local)
ResolvePeerBackoffMinutes: 15 (Local)
ResolvePeerBackoffMaxTimes: 7 (Local)
CompatibilityFlags: 2147483648 (Local)
EventLogFlags: 1 (Local)
LargeSampleSkew: 3 (Local)
SpecialPollInterval: 16384 (Local)
Type: NTP (Local)
NtpServer: time.windows.com,0x9 (Local)

NtpServer (Local)
DllName: C:\Windows\system32\w32time.dll (Local)
Enabled: 0 (Local)
InputProvider: 0 (Local)


System Tick Count: 159267359
For more information, see https://go.microsoft.com/fwlink/?linkid=845961."
"06-07-2026 10:26:56","272","Information","Microsoft-Windows-Time-Service","Leap second configuration:
Enabled: 1 (Local)
Count: 0 (Local)
Current Offset from UTC(Seconds): 0 (Local)
Runtime state consistent with settings: 1
Newest Leap Seconds List (Local):

System Tick Count: 159267359.

For more information, see https://go.microsoft.com/fwlink/?linkid=845961."
"06-07-2026 10:09:52","263","Information","Microsoft-Windows-Time-Service","W32time Service configuration parameters have been updated. This may impact the fine-grained time synchronization accuracy.
Updated Configuration:
EventLogFlags: 2 (Local)
AnnounceFlags: 10 (Local)
TimeJumpAuditOffset: 28800 (Local)
MinPollInterval: 10 (Local)
MaxPollInterval: 15 (Local)
MaxNegPhaseCorrection: 54000 (Local)
MaxPosPhaseCorrection: 54000 (Local)
MaxAllowedPhaseOffset: 1 (Local)

FrequencyCorrectRate: 4 (Local)
PollAdjustFactor: 5 (Local)
LargePhaseOffset: 50000000 (Local)
SpikeWatchPeriod: 900 (Local)
LocalClockDispersion: 10 (Local)
HoldPeriod: 5 (Local)
PhaseCorrectRate: 1 (Local)
UpdateInterval: 360000 (Local)

FileLogName:  (Local)
FileLogEntries:  (Local)
FileLogSize: 0 (Local)
FileLogFlags: 0 (Undefined or not used)

UtilizeSslTimeData: 1 (Local)

[Leap Seconds]
Enabled: 1 (Local)
Total Leap Seconds (after June 2018): 0 (Local)
Current UTC offset: 0 (Local)

Updated Time Providers:
NtpClient (Local)
DllName: C:\Windows\system32\w32time.dll (Local)
Enabled: 1 (Local)
InputProvider: 1 (Local)
CrossSiteSyncFlags: 0 (Undefined or not used)
AllowNonstandardModeCombinations: 1 (Local)
ResolvePeerBackoffMinutes: 15 (Local)
ResolvePeerBackoffMaxTimes: 7 (Local)
CompatibilityFlags: 2147483648 (Local)
EventLogFlags: 1 (Local)
LargeSampleSkew: 3 (Local)
SpecialPollInterval: 16384 (Local)
Type: NTP (Local)
NtpServer: time.windows.com,0x9 (Local)

NtpServer (Local)
DllName: C:\Windows\system32\w32time.dll (Local)
Enabled: 0 (Local)
InputProvider: 0 (Local)


System Tick Count: 158243359
For more information, see https://go.microsoft.com/fwlink/?linkid=845961."
"06-07-2026 10:09:52","272","Information","Microsoft-Windows-Time-Service","Leap second configuration:
Enabled: 1 (Local)
Count: 0 (Local)
Current Offset from UTC(Seconds): 0 (Local)
Runtime state consistent with settings: 1
Newest Leap Seconds List (Local):

System Tick Count: 158243359.

For more information, see https://go.microsoft.com/fwlink/?linkid=845961."
"06-07-2026 09:52:48","263","Information","Microsoft-Windows-Time-Service","W32time Service configuration parameters have been updated. This may impact the fine-grained time synchronization accuracy.
Updated Configuration:
EventLogFlags: 2 (Local)
AnnounceFlags: 10 (Local)
TimeJumpAuditOffset: 28800 (Local)
MinPollInterval: 10 (Local)
MaxPollInterval: 15 (Local)
MaxNegPhaseCorrection: 54000 (Local)
MaxPosPhaseCorrection: 54000 (Local)
MaxAllowedPhaseOffset: 1 (Local)

FrequencyCorrectRate: 4 (Local)
PollAdjustFactor: 5 (Local)
LargePhaseOffset: 50000000 (Local)
SpikeWatchPeriod: 900 (Local)
LocalClockDispersion: 10 (Local)
HoldPeriod: 5 (Local)
PhaseCorrectRate: 1 (Local)
UpdateInterval: 360000 (Local)

FileLogName:  (Local)
FileLogEntries:  (Local)
FileLogSize: 0 (Local)
FileLogFlags: 0 (Undefined or not used)

UtilizeSslTimeData: 1 (Local)

[Leap Seconds]
Enabled: 1 (Local)
Total Leap Seconds (after June 2018): 0 (Local)
Current UTC offset: 0 (Local)

Updated Time Providers:
NtpClient (Local)
DllName: C:\Windows\system32\w32time.dll (Local)
Enabled: 1 (Local)
InputProvider: 1 (Local)
CrossSiteSyncFlags: 0 (Undefined or not used)
AllowNonstandardModeCombinations: 1 (Local)
ResolvePeerBackoffMinutes: 15 (Local)
ResolvePeerBackoffMaxTimes: 7 (Local)
CompatibilityFlags: 2147483648 (Local)
EventLogFlags: 1 (Local)
LargeSampleSkew: 3 (Local)
SpecialPollInterval: 16384 (Local)
Type: NTP (Local)
NtpServer: time.windows.com,0x9 (Local)

NtpServer (Local)
DllName: C:\Windows\system32\w32time.dll (Local)
Enabled: 0 (Local)
InputProvider: 0 (Local)


System Tick Count: 157219343
For more information, see https://go.microsoft.com/fwlink/?linkid=845961."
"06-07-2026 09:52:48","272","Information","Microsoft-Windows-Time-Service","Leap second configuration:
Enabled: 1 (Local)
Count: 0 (Local)
Current Offset from UTC(Seconds): 0 (Local)
Runtime state consistent with settings: 1
Newest Leap Seconds List (Local):

System Tick Count: 157219343.

For more information, see https://go.microsoft.com/fwlink/?linkid=845961."
"06-07-2026 09:52:48","260","Information","Microsoft-Windows-Time-Service","W32time Service periodic configuration and status message
Configuration:
EventLogFlags: 2 (Local)
AnnounceFlags: 10 (Local)
TimeJumpAuditOffset: 28800 (Local)
MinPollInterval: 10 (Local)
MaxPollInterval: 15 (Local)
MaxNegPhaseCorrection: 54000 (Local)
MaxPosPhaseCorrection: 54000 (Local)
MaxAllowedPhaseOffset: 1 (Local)

FrequencyCorrectRate: 4 (Local)
PollAdjustFactor: 5 (Local)
LargePhaseOffset: 50000000 (Local)
SpikeWatchPeriod: 900 (Local)
LocalClockDispersion: 10 (Local)
HoldPeriod: 5 (Local)
PhaseCorrectRate: 1 (Local)
UpdateInterval: 360000 (Local)

FileLogName:  (Local)
FileLogEntries:  (Local)
FileLogSize: 0 (Local)
FileLogFlags: 0 (Undefined or not used)

UtilizeSslTimeData: 1 (Local)

[Leap Seconds]
Enabled: 1 (Local)
Total Leap Seconds (after June 2018): 0 (Local)
Current UTC offset: 0 (Local)

Time Providers:
NtpClient (Local)
DllName: C:\Windows\system32\w32time.dll (Local)
Enabled: 1 (Local)
InputProvider: 1 (Local)
CrossSiteSyncFlags: 0 (Undefined or not used)
AllowNonstandardModeCombinations: 1 (Local)
ResolvePeerBackoffMinutes: 15 (Local)
ResolvePeerBackoffMaxTimes: 7 (Local)
CompatibilityFlags: 2147483648 (Local)
EventLogFlags: 1 (Local)
LargeSampleSkew: 3 (Local)
SpecialPollInterval: 16384 (Local)
Type: NTP (Local)
NtpServer: time.windows.com,0x9 (Local)

NtpServer (Local)
DllName: C:\Windows\system32\w32time.dll (Local)
Enabled: 0 (Local)
InputProvider: 0 (Local)



Current Status:
Leap Indicator: 3
Stratum: 0
Precision: -23
RootDelay: 0.0000000s
RootDispersion: 0.0000000s
ReferenceId: 0x00000000
Last Successful Sync Time: 1601-01-01T00:00:00.0Z (UTC)
Source: Local CMOS Clock
Poll Interval: 10
Phase Offset: 0.0000000s
Clock Rate: 156250
State Machine: 0
Time Source Flags: 0
Server Role: 0
Last Sync Error: 1
Time Since Last Good Sync: 1040.0116609s
System Tick Count: 157219343
For more information, see https://go.microsoft.com/fwlink/?linkid=845961."
"06-07-2026 09:52:48","259","Information","Microsoft-Windows-Time-Service","NTP Client provider periodic status:
Ntp Client is receiving time data from the following NTP Servers: ;  and the chosen reference time server is . System Tick Count 157219343. IFTSTMP:1.
For more information, see https://go.microsoft.com/fwlink/?linkid=845961."
"06-07-2026 09:35:28","264","Information","Microsoft-Windows-Time-Service","NTP Client observed a change peer reachability. Ntp Client is now receiving time data from the following NTP Servers: time.windows.com,0x9 (ntp.m|0x9|0.0.0.0:123->40.81.94.65:123);. System Tick Count: 156179375.
For more information, see https://go.microsoft.com/fwlink/?linkid=845961."
"06-07-2026 09:35:28","257","Information","Microsoft-Windows-Time-Service","W32time service has started at 2026-07-06T04:05:28.511Z (UTC), System Tick Count 156179296.
Configuration:
EventLogFlags: 2 (Local)
AnnounceFlags: 10 (Local)
TimeJumpAuditOffset: 28800 (Local)
MinPollInterval: 10 (Local)
MaxPollInterval: 15 (Local)
MaxNegPhaseCorrection: 54000 (Local)
MaxPosPhaseCorrection: 54000 (Local)
MaxAllowedPhaseOffset: 1 (Local)

FrequencyCorrectRate: 4 (Local)
PollAdjustFactor: 5 (Local)
LargePhaseOffset: 50000000 (Local)
SpikeWatchPeriod: 900 (Local)
LocalClockDispersion: 10 (Local)
HoldPeriod: 5 (Local)
PhaseCorrectRate: 1 (Local)
UpdateInterval: 360000 (Local)

FileLogName:  (Local)
FileLogEntries:  (Local)
FileLogSize: 0 (Local)
FileLogFlags: 0 (Undefined or not used)

UtilizeSslTimeData: 1 (Local)

[Leap Seconds]
Enabled: 1 (Local)
Total Leap Seconds (after June 2018): 0 (Local)
Current UTC offset: 0 (Local)

Time Providers:
NtpClient (Local)
DllName: C:\Windows\system32\w32time.dll (Local)
Enabled: 1 (Local)
InputProvider: 1 (Local)
CrossSiteSyncFlags: 0 (Undefined or not used)
AllowNonstandardModeCombinations: 1 (Local)
ResolvePeerBackoffMinutes: 15 (Local)
ResolvePeerBackoffMaxTimes: 7 (Local)
CompatibilityFlags: 2147483648 (Local)
EventLogFlags: 1 (Local)
LargeSampleSkew: 3 (Local)
SpecialPollInterval: 16384 (Local)
Type: NTP (Local)
NtpServer: time.windows.com,0x9 (Local)

NtpServer (Local)
DllName: C:\Windows\system32\w32time.dll (Local)
Enabled: 0 (Local)
InputProvider: 0 (Local)


Clock Rate:156250
For more information, see https://go.microsoft.com/fwlink/?linkid=845961."
"06-07-2026 09:35:28","272","Information","Microsoft-Windows-Time-Service","Leap second configuration:
Enabled: 1 (Local)
Count: 0 (Local)
Current Offset from UTC(Seconds): 0 (Local)
Runtime state consistent with settings: 1
Newest Leap Seconds List (Local):

System Tick Count: 156179296.

For more information, see https://go.microsoft.com/fwlink/?linkid=845961."
"03-07-2026 11:17:26","266","Information","Microsoft-Windows-Time-Service","W32time Service received notification to rediscover its time sources and/or resynchronize time. Reason Code:1 System Tick Count: 176961078
Reason code description:
0 : An explicit time resynchronization request from an administrator
1 : Power state changes on this machine
2 : Changes to the network interface or to the network topology
3 : State changes within W32time that require time synchronization
The actions that follow this notifcation may impact fine-grained time synchronization accuracy.For more information, see https://go.microsoft.com/fwlink/?linkid=845961."
"03-07-2026 11:08:44","263","Information","Microsoft-Windows-Time-Service","W32time Service configuration parameters have been updated. This may impact the fine-grained time synchronization accuracy.
Updated Configuration:
EventLogFlags: 2 (Local)
AnnounceFlags: 10 (Local)
TimeJumpAuditOffset: 28800 (Local)
MinPollInterval: 10 (Local)
MaxPollInterval: 15 (Local)
MaxNegPhaseCorrection: 54000 (Local)
MaxPosPhaseCorrection: 54000 (Local)
MaxAllowedPhaseOffset: 1 (Local)

FrequencyCorrectRate: 4 (Local)
PollAdjustFactor: 5 (Local)
LargePhaseOffset: 50000000 (Local)
SpikeWatchPeriod: 900 (Local)
LocalClockDispersion: 10 (Local)
HoldPeriod: 5 (Local)
PhaseCorrectRate: 1 (Local)
UpdateInterval: 360000 (Local)

FileLogName:  (Local)
FileLogEntries:  (Local)
FileLogSize: 0 (Local)
FileLogFlags: 0 (Undefined or not used)

UtilizeSslTimeData: 1 (Local)

[Leap Seconds]
Enabled: 1 (Local)
Total Leap Seconds (after June 2018): 0 (Local)
Current UTC offset: 0 (Local)

Updated Time Providers:
NtpClient (Local)
DllName: C:\Windows\system32\w32time.dll (Local)
Enabled: 1 (Local)
InputProvider: 1 (Local)
CrossSiteSyncFlags: 0 (Undefined or not used)
AllowNonstandardModeCombinations: 1 (Local)
ResolvePeerBackoffMinutes: 15 (Local)
ResolvePeerBackoffMaxTimes: 7 (Local)
CompatibilityFlags: 2147483648 (Local)
EventLogFlags: 1 (Local)
LargeSampleSkew: 3 (Local)
SpecialPollInterval: 16384 (Local)
Type: NTP (Local)
NtpServer: time.windows.com,0x9 (Local)

NtpServer (Local)
DllName: C:\Windows\system32\w32time.dll (Local)
Enabled: 0 (Local)
InputProvider: 0 (Local)


System Tick Count: 176439093
For more information, see https://go.microsoft.com/fwlink/?linkid=845961."
"03-07-2026 11:08:44","272","Information","Microsoft-Windows-Time-Service","Leap second configuration:
Enabled: 1 (Local)
Count: 0 (Local)
Current Offset from UTC(Seconds): 0 (Local)
Runtime state consistent with settings: 1
Newest Leap Seconds List (Local):

System Tick Count: 176439093.

For more information, see https://go.microsoft.com/fwlink/?linkid=845961."
"03-07-2026 11:08:28","266","Information","Microsoft-Windows-Time-Service","W32time Service received notification to rediscover its time sources and/or resynchronize time. Reason Code:3 System Tick Count: 176423093
Reason code description:
0 : An explicit time resynchronization request from an administrator
1 : Power state changes on this machine
2 : Changes to the network interface or to the network topology
3 : State changes within W32time that require time synchronization
The actions that follow this notifcation may impact fine-grained time synchronization accuracy.For more information, see https://go.microsoft.com/fwlink/?linkid=845961."
"03-07-2026 10:55:21","263","Information","Microsoft-Windows-Time-Service","W32time Service configuration parameters have been updated. This may impact the fine-grained time synchronization accuracy.
Updated Configuration:
EventLogFlags: 2 (Local)
AnnounceFlags: 10 (Local)
TimeJumpAuditOffset: 28800 (Local)
MinPollInterval: 10 (Local)
MaxPollInterval: 15 (Local)
MaxNegPhaseCorrection: 54000 (Local)
MaxPosPhaseCorrection: 54000 (Local)
MaxAllowedPhaseOffset: 1 (Local)

FrequencyCorrectRate: 4 (Local)
PollAdjustFactor: 5 (Local)
LargePhaseOffset: 50000000 (Local)
SpikeWatchPeriod: 900 (Local)
LocalClockDispersion: 10 (Local)
HoldPeriod: 5 (Local)
PhaseCorrectRate: 1 (Local)
UpdateInterval: 360000 (Local)

FileLogName:  (Local)
FileLogEntries:  (Local)
FileLogSize: 0 (Local)
FileLogFlags: 0 (Undefined or not used)

UtilizeSslTimeData: 1 (Local)

[Leap Seconds]
Enabled: 1 (Local)
Total Leap Seconds (after June 2018): 0 (Local)
Current UTC offset: 0 (Local)

Updated Time Providers:
NtpClient (Local)
DllName: C:\Windows\system32\w32time.dll (Local)
Enabled: 1 (Local)
InputProvider: 1 (Local)
CrossSiteSyncFlags: 0 (Undefined or not used)
AllowNonstandardModeCombinations: 1 (Local)
ResolvePeerBackoffMinutes: 15 (Local)
ResolvePeerBackoffMaxTimes: 7 (Local)
CompatibilityFlags: 2147483648 (Local)
EventLogFlags: 1 (Local)
LargeSampleSkew: 3 (Local)
SpecialPollInterval: 16384 (Local)
Type: NTP (Local)
NtpServer: time.windows.com,0x9 (Local)

NtpServer (Local)
DllName: C:\Windows\system32\w32time.dll (Local)
Enabled: 0 (Local)
InputProvider: 0 (Local)


System Tick Count: 175636203
For more information, see https://go.microsoft.com/fwlink/?linkid=845961."
"03-07-2026 10:55:21","272","Information","Microsoft-Windows-Time-Service","Leap second configuration:
Enabled: 1 (Local)
Count: 0 (Local)
Current Offset from UTC(Seconds): 0 (Local)
Runtime state consistent with settings: 1
Newest Leap Seconds List (Local):

System Tick Count: 175636203.

For more information, see https://go.microsoft.com/fwlink/?linkid=845961."
"03-07-2026 10:38:17","263","Information","Microsoft-Windows-Time-Service","W32time Service configuration parameters have been updated. This may impact the fine-grained time synchronization accuracy.
Updated Configuration:
EventLogFlags: 2 (Local)
AnnounceFlags: 10 (Local)
TimeJumpAuditOffset: 28800 (Local)
MinPollInterval: 10 (Local)
MaxPollInterval: 15 (Local)
MaxNegPhaseCorrection: 54000 (Local)
MaxPosPhaseCorrection: 54000 (Local)
MaxAllowedPhaseOffset: 1 (Local)

FrequencyCorrectRate: 4 (Local)
PollAdjustFactor: 5 (Local)
LargePhaseOffset: 50000000 (Local)
SpikeWatchPeriod: 900 (Local)
LocalClockDispersion: 10 (Local)
HoldPeriod: 5 (Local)
PhaseCorrectRate: 1 (Local)
UpdateInterval: 360000 (Local)

FileLogName:  (Local)
FileLogEntries:  (Local)
FileLogSize: 0 (Local)
FileLogFlags: 0 (Undefined or not used)

UtilizeSslTimeData: 1 (Local)

[Leap Seconds]
Enabled: 1 (Local)
Total Leap Seconds (after June 2018): 0 (Local)
Current UTC offset: 0 (Local)

Updated Time Providers:
NtpClient (Local)
DllName: C:\Windows\system32\w32time.dll (Local)
Enabled: 1 (Local)
InputProvider: 1 (Local)
CrossSiteSyncFlags: 0 (Undefined or not used)
AllowNonstandardModeCombinations: 1 (Local)
ResolvePeerBackoffMinutes: 15 (Local)
ResolvePeerBackoffMaxTimes: 7 (Local)
CompatibilityFlags: 2147483648 (Local)
EventLogFlags: 1 (Local)
LargeSampleSkew: 3 (Local)
SpecialPollInterval: 16384 (Local)
Type: NTP (Local)
NtpServer: time.windows.com,0x9 (Local)

NtpServer (Local)
DllName: C:\Windows\system32\w32time.dll (Local)
Enabled: 0 (Local)
InputProvider: 0 (Local)


System Tick Count: 174612203
For more information, see https://go.microsoft.com/fwlink/?linkid=845961."
"03-07-2026 10:38:17","272","Information","Microsoft-Windows-Time-Service","Leap second configuration:
Enabled: 1 (Local)
Count: 0 (Local)
Current Offset from UTC(Seconds): 0 (Local)
Runtime state consistent with settings: 1
Newest Leap Seconds List (Local):

System Tick Count: 174612187.

For more information, see https://go.microsoft.com/fwlink/?linkid=845961."
