"04-08-2026 13:18:10","30833","Information","Microsoft-Windows-SMBClient","The initial connection to the share was established.

Share name: \gfk-fra2netapp01cifs.gfk.com\IPC$
Server address: 10.2.97.21:445
Session ID: 0xC036000011C02D29
Tree ID: 0x1
Transport type: TCPIP
Signing used: false
Encryption used: false
Compression requested: false
NTLM blocked: false

"
"04-08-2026 13:18:09","30830","Information","Microsoft-Windows-SMBClient","The SMB redirector selected the connection initiated with the following parameters:

Server name: gfk-fra2netapp01cifs.gfk.com
Server socket address: 10.2.97.21:445
Client socket address: 
Connection ID: 
Client certificate thumbprint: 
Transport: TCPIP
Instance Name: \Device\LanmanRedirector
Port Origin: The port was selected from the global registry settings."
"04-08-2026 13:18:09","30833","Information","Microsoft-Windows-SMBClient","The initial connection to the share was established.

Share name: \lhrnetapp05cifs1\IPC$
Server address: 10.90.39.31:445
Session ID: 0x4412000001FFE826
Tree ID: 0x1
Transport type: TCPIP
Signing used: false
Encryption used: false
Compression requested: false
NTLM blocked: false

"
"04-08-2026 13:18:08","30830","Information","Microsoft-Windows-SMBClient","The SMB redirector selected the connection initiated with the following parameters:

Server name: lhrnetapp05cifs1
Server socket address: 10.90.39.31:445
Client socket address: 
Connection ID: 
Client certificate thumbprint: 
Transport: TCPIP
Instance Name: \Device\LanmanRedirector
Port Origin: The port was selected from the global registry settings."
"04-08-2026 13:11:05","30833","Information","Microsoft-Windows-SMBClient","The initial connection to the share was established.

Share name: \gfk-fra2netapp01cifs.gfk.com\IPC$
Server address: 10.2.97.21:445
Session ID: 0xC036000011BFE8E9
Tree ID: 0x1
Transport type: TCPIP
Signing used: false
Encryption used: false
Compression requested: false
NTLM blocked: false

"
"04-08-2026 13:11:04","30830","Information","Microsoft-Windows-SMBClient","The SMB redirector selected the connection initiated with the following parameters:

Server name: gfk-fra2netapp01cifs.gfk.com
Server socket address: 10.2.97.21:445
Client socket address: 
Connection ID: 
Client certificate thumbprint: 
Transport: TCPIP
Instance Name: \Device\LanmanRedirector
Port Origin: The port was selected from the global registry settings."
"04-08-2026 13:11:03","30833","Information","Microsoft-Windows-SMBClient","The initial connection to the share was established.

Share name: \lhrnetapp05cifs1\IPC$
Server address: 10.90.39.31:445
Session ID: 0x4412000001FFE3B9
Tree ID: 0x1
Transport type: TCPIP
Signing used: false
Encryption used: false
Compression requested: false
NTLM blocked: false

"
"04-08-2026 13:11:02","30830","Information","Microsoft-Windows-SMBClient","The SMB redirector selected the connection initiated with the following parameters:

Server name: lhrnetapp05cifs1
Server socket address: 10.90.39.31:445
Client socket address: 
Connection ID: 
Client certificate thumbprint: 
Transport: TCPIP
Instance Name: \Device\LanmanRedirector
Port Origin: The port was selected from the global registry settings."
"04-08-2026 12:19:43","30833","Information","Microsoft-Windows-SMBClient","The initial connection to the share was established.

Share name: \gfk-fra2netapp01cifs.gfk.com\IPC$
Server address: 10.2.97.21:445
Session ID: 0xC036000011BDF79F
Tree ID: 0x1
Transport type: TCPIP
Signing used: false
Encryption used: false
Compression requested: false
NTLM blocked: false

"
"04-08-2026 12:19:42","30830","Information","Microsoft-Windows-SMBClient","The SMB redirector selected the connection initiated with the following parameters:

Server name: gfk-fra2netapp01cifs.gfk.com
Server socket address: 10.2.97.21:445
Client socket address: 
Connection ID: 
Client certificate thumbprint: 
Transport: TCPIP
Instance Name: \Device\LanmanRedirector
Port Origin: The port was selected from the global registry settings."
"04-08-2026 12:19:41","30833","Information","Microsoft-Windows-SMBClient","The initial connection to the share was established.

Share name: \lhrnetapp05cifs1\IPC$
Server address: 10.90.39.29:445
Session ID: 0x3666000001E412F3
Tree ID: 0x1
Transport type: TCPIP
Signing used: false
Encryption used: false
Compression requested: false
NTLM blocked: false

"
"04-08-2026 12:19:40","30830","Information","Microsoft-Windows-SMBClient","The SMB redirector selected the connection initiated with the following parameters:

Server name: lhrnetapp05cifs1
Server socket address: 10.90.39.29:445
Client socket address: 
Connection ID: 
Client certificate thumbprint: 
Transport: TCPIP
Instance Name: \Device\LanmanRedirector
Port Origin: The port was selected from the global registry settings."
"04-08-2026 12:00:21","30833","Information","Microsoft-Windows-SMBClient","The initial connection to the share was established.

Share name: \gfk-fra2netapp01cifs.gfk.com\IPC$
Server address: 10.2.97.21:445
Session ID: 0xC036000011BD497C
Tree ID: 0x1
Transport type: TCPIP
Signing used: false
Encryption used: false
Compression requested: false
NTLM blocked: false

"
"04-08-2026 12:00:21","30830","Information","Microsoft-Windows-SMBClient","The SMB redirector selected the connection initiated with the following parameters:

Server name: gfk-fra2netapp01cifs.gfk.com
Server socket address: 10.2.97.21:445
Client socket address: 
Connection ID: 
Client certificate thumbprint: 
Transport: TCPIP
Instance Name: \Device\LanmanRedirector
Port Origin: The port was selected from the global registry settings."
"04-08-2026 12:00:20","30833","Information","Microsoft-Windows-SMBClient","The initial connection to the share was established.

Share name: \lhrnetapp05cifs1\IPC$
Server address: 10.90.39.29:445
Session ID: 0x3666000001E4045E
Tree ID: 0x1
Transport type: TCPIP
Signing used: false
Encryption used: false
Compression requested: false
NTLM blocked: false

"
"04-08-2026 12:00:19","30830","Information","Microsoft-Windows-SMBClient","The SMB redirector selected the connection initiated with the following parameters:

Server name: lhrnetapp05cifs1
Server socket address: 10.90.39.29:445
Client socket address: 
Connection ID: 
Client certificate thumbprint: 
Transport: TCPIP
Instance Name: \Device\LanmanRedirector
Port Origin: The port was selected from the global registry settings."
"04-08-2026 11:53:37","30810","Information","Microsoft-Windows-SMBClient","Added a TCP/IP transport interface.

Name: Ethernet 3
InterfaceIndex: 0x12

Guidance:
A TCP/IP binding was added to the specified network adapter for the SMB client. The SMB client can now send and receive SMB traffic on this network adapter using TCP/IP. You should expect this event when a computer restarts or when a previously disabled network adaptor is re-enabled. No user action is required."
"04-08-2026 11:53:31","30810","Information","Microsoft-Windows-SMBClient","Added a TCP/IP transport interface.

Name: Ethernet 3
InterfaceIndex: 0x12

Guidance:
A TCP/IP binding was added to the specified network adapter for the SMB client. The SMB client can now send and receive SMB traffic on this network adapter using TCP/IP. You should expect this event when a computer restarts or when a previously disabled network adaptor is re-enabled. No user action is required."
"04-08-2026 11:37:10","30833","Information","Microsoft-Windows-SMBClient","The initial connection to the share was established.

Share name: \gfk-fra2netapp01cifs.gfk.com\IPC$
Server address: 10.2.97.21:445
Session ID: 0xC036000011BCB1A6
Tree ID: 0x1
Transport type: TCPIP
Signing used: false
Encryption used: false
Compression requested: false
NTLM blocked: false

"
"04-08-2026 11:37:09","30830","Information","Microsoft-Windows-SMBClient","The SMB redirector selected the connection initiated with the following parameters:

Server name: gfk-fra2netapp01cifs.gfk.com
Server socket address: 10.2.97.21:445
Client socket address: 
Connection ID: 
Client certificate thumbprint: 
Transport: TCPIP
Instance Name: \Device\LanmanRedirector
Port Origin: The port was selected from the global registry settings."
"04-08-2026 11:37:08","30833","Information","Microsoft-Windows-SMBClient","The initial connection to the share was established.

Share name: \lhrnetapp05cifs1\IPC$
Server address: 10.90.39.20:445
Session ID: 0xC8E7000001ACA393
Tree ID: 0x1
Transport type: TCPIP
Signing used: false
Encryption used: false
Compression requested: false
NTLM blocked: false

"
"04-08-2026 11:37:07","30830","Information","Microsoft-Windows-SMBClient","The SMB redirector selected the connection initiated with the following parameters:

Server name: lhrnetapp05cifs1
Server socket address: 10.90.39.20:445
Client socket address: 
Connection ID: 
Client certificate thumbprint: 
Transport: TCPIP
Instance Name: \Device\LanmanRedirector
Port Origin: The port was selected from the global registry settings."
"04-08-2026 11:26:14","30833","Information","Microsoft-Windows-SMBClient","The initial connection to the share was established.

Share name: \gfk-fra2netapp01cifs.gfk.com\IPC$
Server address: 10.2.97.21:445
Session ID: 0xC036000011BC74D3
Tree ID: 0x1
Transport type: TCPIP
Signing used: false
Encryption used: false
Compression requested: false
NTLM blocked: false

"
"04-08-2026 11:26:13","30830","Information","Microsoft-Windows-SMBClient","The SMB redirector selected the connection initiated with the following parameters:

Server name: gfk-fra2netapp01cifs.gfk.com
Server socket address: 10.2.97.21:445
Client socket address: 
Connection ID: 
Client certificate thumbprint: 
Transport: TCPIP
Instance Name: \Device\LanmanRedirector
Port Origin: The port was selected from the global registry settings."
"04-08-2026 11:26:11","30833","Information","Microsoft-Windows-SMBClient","The initial connection to the share was established.

Share name: \lhrnetapp05cifs1\IPC$
Server address: 10.90.39.29:445
Session ID: 0x3666000001E3EAAE
Tree ID: 0x1
Transport type: TCPIP
Signing used: false
Encryption used: false
Compression requested: false
NTLM blocked: false

"
"04-08-2026 11:26:10","30830","Information","Microsoft-Windows-SMBClient","The SMB redirector selected the connection initiated with the following parameters:

Server name: lhrnetapp05cifs1
Server socket address: 10.90.39.29:445
Client socket address: 
Connection ID: 
Client certificate thumbprint: 
Transport: TCPIP
Instance Name: \Device\LanmanRedirector
Port Origin: The port was selected from the global registry settings."
"04-08-2026 11:12:54","30833","Information","Microsoft-Windows-SMBClient","The initial connection to the share was established.

Share name: \localhost\C$
Server address: [::1]:445
Session ID: 0x800000000001
Tree ID: 0x5
Transport type: TCPIP
Signing used: true
Encryption used: false
Compression requested: false
NTLM blocked: false

"
"04-08-2026 11:12:54","30833","Information","Microsoft-Windows-SMBClient","The initial connection to the share was established.

Share name: \localhost\IPC$
Server address: [::1]:445
Session ID: 0x800000000001
Tree ID: 0x1
Transport type: TCPIP
Signing used: true
Encryption used: false
Compression requested: false
NTLM blocked: false

"
"04-08-2026 11:12:54","30830","Information","Microsoft-Windows-SMBClient","The SMB redirector selected the connection initiated with the following parameters:

Server name: localhost
Server socket address: [::1]:445
Client socket address: 
Connection ID: 
Client certificate thumbprint: 
Transport: TCPIP
Instance Name: \Device\LanmanRedirector
Port Origin: The port was selected from the global registry settings."
"04-08-2026 10:41:13","30833","Information","Microsoft-Windows-SMBClient","The initial connection to the share was established.

Share name: \gfk-fra2netapp01cifs.gfk.com\IPC$
Server address: 10.2.97.21:445
Session ID: 0xC036000011BBB79D
Tree ID: 0x1
Transport type: TCPIP
Signing used: false
Encryption used: false
Compression requested: false
NTLM blocked: false

"
"04-08-2026 10:41:12","30830","Information","Microsoft-Windows-SMBClient","The SMB redirector selected the connection initiated with the following parameters:

Server name: gfk-fra2netapp01cifs.gfk.com
Server socket address: 10.2.97.21:445
Client socket address: 
Connection ID: 
Client certificate thumbprint: 
Transport: TCPIP
Instance Name: \Device\LanmanRedirector
Port Origin: The port was selected from the global registry settings."
"04-08-2026 10:41:11","30833","Information","Microsoft-Windows-SMBClient","The initial connection to the share was established.

Share name: \lhrnetapp05cifs1\IPC$
Server address: 10.90.39.29:445
Session ID: 0x3666000001E3CD97
Tree ID: 0x1
Transport type: TCPIP
Signing used: false
Encryption used: false
Compression requested: false
NTLM blocked: false

"
"04-08-2026 10:41:10","30830","Information","Microsoft-Windows-SMBClient","The SMB redirector selected the connection initiated with the following parameters:

Server name: lhrnetapp05cifs1
Server socket address: 10.90.39.29:445
Client socket address: 
Connection ID: 
Client certificate thumbprint: 
Transport: TCPIP
Instance Name: \Device\LanmanRedirector
Port Origin: The port was selected from the global registry settings."
"04-08-2026 10:26:13","30833","Information","Microsoft-Windows-SMBClient","The initial connection to the share was established.

Share name: \gfk-fra2netapp01cifs.gfk.com\IPC$
Server address: 10.2.97.21:445
Session ID: 0xC036000011BB619B
Tree ID: 0x1
Transport type: TCPIP
Signing used: false
Encryption used: false
Compression requested: false
NTLM blocked: false

"
"04-08-2026 10:26:12","30830","Information","Microsoft-Windows-SMBClient","The SMB redirector selected the connection initiated with the following parameters:

Server name: gfk-fra2netapp01cifs.gfk.com
Server socket address: 10.2.97.21:445
Client socket address: 
Connection ID: 
Client certificate thumbprint: 
Transport: TCPIP
Instance Name: \Device\LanmanRedirector
Port Origin: The port was selected from the global registry settings."
"04-08-2026 10:26:11","30833","Information","Microsoft-Windows-SMBClient","The initial connection to the share was established.

Share name: \lhrnetapp05cifs1\IPC$
Server address: 10.90.39.20:445
Session ID: 0xC8E7000001AC801E
Tree ID: 0x1
Transport type: TCPIP
Signing used: false
Encryption used: false
Compression requested: false
NTLM blocked: false

"
"04-08-2026 10:26:10","30830","Information","Microsoft-Windows-SMBClient","The SMB redirector selected the connection initiated with the following parameters:

Server name: lhrnetapp05cifs1
Server socket address: 10.90.39.20:445
Client socket address: 
Connection ID: 
Client certificate thumbprint: 
Transport: TCPIP
Instance Name: \Device\LanmanRedirector
Port Origin: The port was selected from the global registry settings."
"04-08-2026 10:10:40","30811","Information","Microsoft-Windows-SMBClient","Deleted a TCP/IP transport interface.

Name: Ethernet 3
InterfaceIndex: 0x12

Guidance:
A TCP/IP binding was removed from the specified network adapter for the SMB client. You should expect this event when a computer shuts down or when a previously enabled network adaptor is disabled. No user action is required."
"04-08-2026 10:10:40","30811","Information","Microsoft-Windows-SMBClient","Deleted a TCP/IP transport interface.

Name: Ethernet 3
InterfaceIndex: 0x12

Guidance:
A TCP/IP binding was removed from the specified network adapter for the SMB client. You should expect this event when a computer shuts down or when a previously enabled network adaptor is disabled. No user action is required."
"04-08-2026 09:46:05","30833","Information","Microsoft-Windows-SMBClient","The initial connection to the share was established.

Share name: \gfk-fra2netapp01cifs.gfk.com\IPC$
Server address: 10.2.97.21:445
Session ID: 0xC036000011BB0F07
Tree ID: 0x1
Transport type: TCPIP
Signing used: false
Encryption used: false
Compression requested: false
NTLM blocked: false

"
"04-08-2026 09:46:04","30830","Information","Microsoft-Windows-SMBClient","The SMB redirector selected the connection initiated with the following parameters:

Server name: gfk-fra2netapp01cifs.gfk.com
Server socket address: 10.2.97.21:445
Client socket address: 
Connection ID: 
Client certificate thumbprint: 
Transport: TCPIP
Instance Name: \Device\LanmanRedirector
Port Origin: The port was selected from the global registry settings."
"04-08-2026 09:46:03","30833","Information","Microsoft-Windows-SMBClient","The initial connection to the share was established.

Share name: \lhrnetapp05cifs1\IPC$
Server address: 10.90.39.29:445
Session ID: 0x3666000001E3B339
Tree ID: 0x1
Transport type: TCPIP
Signing used: false
Encryption used: false
Compression requested: false
NTLM blocked: false

"
"04-08-2026 09:46:03","30830","Information","Microsoft-Windows-SMBClient","The SMB redirector selected the connection initiated with the following parameters:

Server name: lhrnetapp05cifs1
Server socket address: 10.90.39.29:445
Client socket address: 
Connection ID: 
Client certificate thumbprint: 
Transport: TCPIP
Instance Name: \Device\LanmanRedirector
Port Origin: The port was selected from the global registry settings."
"04-08-2026 09:41:13","30833","Information","Microsoft-Windows-SMBClient","The initial connection to the share was established.

Share name: \gfk-fra2netapp01cifs.gfk.com\IPC$
Server address: 10.2.97.21:445
Session ID: 0xC036000011BB0714
Tree ID: 0x1
Transport type: TCPIP
Signing used: false
Encryption used: false
Compression requested: false
NTLM blocked: false

"
"04-08-2026 09:41:12","30830","Information","Microsoft-Windows-SMBClient","The SMB redirector selected the connection initiated with the following parameters:

Server name: gfk-fra2netapp01cifs.gfk.com
Server socket address: 10.2.97.21:445
Client socket address: 
Connection ID: 
Client certificate thumbprint: 
Transport: TCPIP
Instance Name: \Device\LanmanRedirector
Port Origin: The port was selected from the global registry settings."
"04-08-2026 09:41:11","30833","Information","Microsoft-Windows-SMBClient","The initial connection to the share was established.

Share name: \lhrnetapp05cifs1\IPC$
Server address: 10.90.39.29:445
Session ID: 0x3666000001E3B14D
Tree ID: 0x1
Transport type: TCPIP
Signing used: false
Encryption used: false
Compression requested: false
NTLM blocked: false

"
"04-08-2026 09:41:10","30830","Information","Microsoft-Windows-SMBClient","The SMB redirector selected the connection initiated with the following parameters:

Server name: lhrnetapp05cifs1
Server socket address: 10.90.39.29:445
Client socket address: 
Connection ID: 
Client certificate thumbprint: 
Transport: TCPIP
Instance Name: \Device\LanmanRedirector
Port Origin: The port was selected from the global registry settings."
"04-08-2026 09:21:39","30833","Information","Microsoft-Windows-SMBClient","The initial connection to the share was established.

Share name: \gfk-fra2netapp01cifs.gfk.com\IPC$
Server address: 10.2.97.21:445
Session ID: 0xC036000011BAE8C9
Tree ID: 0x1
Transport type: TCPIP
Signing used: false
Encryption used: false
Compression requested: false
NTLM blocked: false

"
"04-08-2026 09:21:38","30830","Information","Microsoft-Windows-SMBClient","The SMB redirector selected the connection initiated with the following parameters:

Server name: gfk-fra2netapp01cifs.gfk.com
Server socket address: 10.2.97.21:445
Client socket address: 
Connection ID: 
Client certificate thumbprint: 
Transport: TCPIP
Instance Name: \Device\LanmanRedirector
Port Origin: The port was selected from the global registry settings."
"04-08-2026 09:21:37","30833","Information","Microsoft-Windows-SMBClient","The initial connection to the share was established.

Share name: \lhrnetapp05cifs1\IPC$
Server address: 10.90.39.20:445
Session ID: 0xC8E7000001AC6BEC
Tree ID: 0x1
Transport type: TCPIP
Signing used: false
Encryption used: false
Compression requested: false
NTLM blocked: false

"
"04-08-2026 09:21:36","30830","Information","Microsoft-Windows-SMBClient","The SMB redirector selected the connection initiated with the following parameters:

Server name: lhrnetapp05cifs1
Server socket address: 10.90.39.20:445
Client socket address: 
Connection ID: 
Client certificate thumbprint: 
Transport: TCPIP
Instance Name: \Device\LanmanRedirector
Port Origin: The port was selected from the global registry settings."
"04-08-2026 09:19:42","30833","Information","Microsoft-Windows-SMBClient","The initial connection to the share was established.

Share name: \gfk-fra2netapp01cifs.gfk.com\IPC$
Server address: 10.2.97.21:445
Session ID: 0xC036000011BAE5BF
Tree ID: 0x1
Transport type: TCPIP
Signing used: false
Encryption used: false
Compression requested: false
NTLM blocked: false

"
"04-08-2026 09:19:41","30830","Information","Microsoft-Windows-SMBClient","The SMB redirector selected the connection initiated with the following parameters:

Server name: gfk-fra2netapp01cifs.gfk.com
Server socket address: 10.2.97.21:445
Client socket address: 
Connection ID: 
Client certificate thumbprint: 
Transport: TCPIP
Instance Name: \Device\LanmanRedirector
Port Origin: The port was selected from the global registry settings."
"04-08-2026 09:19:41","30833","Information","Microsoft-Windows-SMBClient","The initial connection to the share was established.

Share name: \lhrnetapp05cifs1\IPC$
Server address: 10.90.39.31:445
Session ID: 0x4412000001FF67B2
Tree ID: 0x1
Transport type: TCPIP
Signing used: false
Encryption used: false
Compression requested: false
NTLM blocked: false

"
"04-08-2026 09:19:40","30830","Information","Microsoft-Windows-SMBClient","The SMB redirector selected the connection initiated with the following parameters:

Server name: lhrnetapp05cifs1
Server socket address: 10.90.39.31:445
Client socket address: 
Connection ID: 
Client certificate thumbprint: 
Transport: TCPIP
Instance Name: \Device\LanmanRedirector
Port Origin: The port was selected from the global registry settings."
"04-08-2026 09:14:54","30833","Information","Microsoft-Windows-SMBClient","The initial connection to the share was established.

Share name: \lhrnetapp05cifs1\IPC$
Server address: 10.90.39.31:445
Session ID: 0x4412000001FF66B6
Tree ID: 0x1
Transport type: TCPIP
Signing used: false
Encryption used: false
Compression requested: false
NTLM blocked: false

"
"04-08-2026 09:14:53","30830","Information","Microsoft-Windows-SMBClient","The SMB redirector selected the connection initiated with the following parameters:

Server name: lhrnetapp05cifs1
Server socket address: 10.90.39.31:445
Client socket address: 
Connection ID: 
Client certificate thumbprint: 
Transport: TCPIP
Instance Name: \Device\LanmanRedirector
Port Origin: The port was selected from the global registry settings."
"04-08-2026 09:14:41","30833","Information","Microsoft-Windows-SMBClient","The initial connection to the share was established.

Share name: \gfk-fra2netapp01cifs.gfk.com\IPC$
Server address: 10.2.97.21:445
Session ID: 0xC036000011BADF36
Tree ID: 0x1
Transport type: TCPIP
Signing used: false
Encryption used: false
Compression requested: false
NTLM blocked: false

"
"04-08-2026 09:14:40","30830","Information","Microsoft-Windows-SMBClient","The SMB redirector selected the connection initiated with the following parameters:

Server name: gfk-fra2netapp01cifs.gfk.com
Server socket address: 10.2.97.21:445
Client socket address: 
Connection ID: 
Client certificate thumbprint: 
Transport: TCPIP
Instance Name: \Device\LanmanRedirector
Port Origin: The port was selected from the global registry settings."
"04-08-2026 09:14:39","30833","Information","Microsoft-Windows-SMBClient","The initial connection to the share was established.

Share name: \lhrnetapp05cifs1\IPC$
Server address: 10.90.39.31:445
Session ID: 0x4412000001FF66A8
Tree ID: 0x1
Transport type: TCPIP
Signing used: false
Encryption used: false
Compression requested: false
NTLM blocked: false

"
"04-08-2026 09:14:38","30830","Information","Microsoft-Windows-SMBClient","The SMB redirector selected the connection initiated with the following parameters:

Server name: lhrnetapp05cifs1
Server socket address: 10.90.39.31:445
Client socket address: 
Connection ID: 
Client certificate thumbprint: 
Transport: TCPIP
Instance Name: \Device\LanmanRedirector
Port Origin: The port was selected from the global registry settings."
"04-08-2026 09:10:46","30810","Information","Microsoft-Windows-SMBClient","Added a TCP/IP transport interface.

Name: Local Area Connection* 5
InterfaceIndex: 0x6

Guidance:
A TCP/IP binding was added to the specified network adapter for the SMB client. The SMB client can now send and receive SMB traffic on this network adapter using TCP/IP. You should expect this event when a computer restarts or when a previously disabled network adaptor is re-enabled. No user action is required."
"04-08-2026 09:10:40","30810","Information","Microsoft-Windows-SMBClient","Added a TCP/IP transport interface.

Name: Local Area Connection* 5
InterfaceIndex: 0x6

Guidance:
A TCP/IP binding was added to the specified network adapter for the SMB client. The SMB client can now send and receive SMB traffic on this network adapter using TCP/IP. You should expect this event when a computer restarts or when a previously disabled network adaptor is re-enabled. No user action is required."
"04-08-2026 09:10:38","30833","Information","Microsoft-Windows-SMBClient","The initial connection to the share was established.

Share name: \gfk-fra2netapp01cifs.gfk.com\IPC$
Server address: 10.2.97.21:445
Session ID: 0xC036000011BAD84F
Tree ID: 0x1
Transport type: TCPIP
Signing used: false
Encryption used: false
Compression requested: false
NTLM blocked: false

"
"04-08-2026 09:10:37","30830","Information","Microsoft-Windows-SMBClient","The SMB redirector selected the connection initiated with the following parameters:

Server name: gfk-fra2netapp01cifs.gfk.com
Server socket address: 10.2.97.21:445
Client socket address: 
Connection ID: 
Client certificate thumbprint: 
Transport: TCPIP
Instance Name: \Device\LanmanRedirector
Port Origin: The port was selected from the global registry settings."
"04-08-2026 09:10:36","30833","Information","Microsoft-Windows-SMBClient","The initial connection to the share was established.

Share name: \lhrnetapp05cifs1\IPC$
Server address: 10.90.39.29:445
Session ID: 0x3666000001E3A6E9
Tree ID: 0x1
Transport type: TCPIP
Signing used: false
Encryption used: false
Compression requested: false
NTLM blocked: false

"
"04-08-2026 09:10:35","30830","Information","Microsoft-Windows-SMBClient","The SMB redirector selected the connection initiated with the following parameters:

Server name: lhrnetapp05cifs1
Server socket address: 10.90.39.29:445
Client socket address: 
Connection ID: 
Client certificate thumbprint: 
Transport: TCPIP
Instance Name: \Device\LanmanRedirector
Port Origin: The port was selected from the global registry settings."
"04-08-2026 09:09:07","30810","Information","Microsoft-Windows-SMBClient","Added a TCP/IP transport interface.

Name: Ethernet 3
InterfaceIndex: 0x12

Guidance:
A TCP/IP binding was added to the specified network adapter for the SMB client. The SMB client can now send and receive SMB traffic on this network adapter using TCP/IP. You should expect this event when a computer restarts or when a previously disabled network adaptor is re-enabled. No user action is required."
"04-08-2026 09:09:01","30810","Information","Microsoft-Windows-SMBClient","Added a TCP/IP transport interface.

Name: Ethernet 3
InterfaceIndex: 0x12

Guidance:
A TCP/IP binding was added to the specified network adapter for the SMB client. The SMB client can now send and receive SMB traffic on this network adapter using TCP/IP. You should expect this event when a computer restarts or when a previously disabled network adaptor is re-enabled. No user action is required."
"04-08-2026 09:09:01","30810","Information","Microsoft-Windows-SMBClient","Added a TCP/IP transport interface.

Name: Ethernet 2
InterfaceIndex: 0x7

Guidance:
A TCP/IP binding was added to the specified network adapter for the SMB client. The SMB client can now send and receive SMB traffic on this network adapter using TCP/IP. You should expect this event when a computer restarts or when a previously disabled network adaptor is re-enabled. No user action is required."
"04-08-2026 09:09:01","30810","Information","Microsoft-Windows-SMBClient","Added a TCP/IP transport interface.

Name: Local Area Connection* 2
InterfaceIndex: 0x2

Guidance:
A TCP/IP binding was added to the specified network adapter for the SMB client. The SMB client can now send and receive SMB traffic on this network adapter using TCP/IP. You should expect this event when a computer restarts or when a previously disabled network adaptor is re-enabled. No user action is required."
"04-08-2026 09:08:54","30810","Information","Microsoft-Windows-SMBClient","Added a TCP/IP transport interface.

Name: Ethernet 2
InterfaceIndex: 0x7

Guidance:
A TCP/IP binding was added to the specified network adapter for the SMB client. The SMB client can now send and receive SMB traffic on this network adapter using TCP/IP. You should expect this event when a computer restarts or when a previously disabled network adaptor is re-enabled. No user action is required."
"04-08-2026 09:08:54","30810","Information","Microsoft-Windows-SMBClient","Added a TCP/IP transport interface.

Name: Local Area Connection* 2
InterfaceIndex: 0x2

Guidance:
A TCP/IP binding was added to the specified network adapter for the SMB client. The SMB client can now send and receive SMB traffic on this network adapter using TCP/IP. You should expect this event when a computer restarts or when a previously disabled network adaptor is re-enabled. No user action is required."
"04-08-2026 03:11:05","30811","Information","Microsoft-Windows-SMBClient","Deleted a TCP/IP transport interface.

Name: Local Area Connection* 2
InterfaceIndex: 0x2

Guidance:
A TCP/IP binding was removed from the specified network adapter for the SMB client. You should expect this event when a computer shuts down or when a previously enabled network adaptor is disabled. No user action is required."
"04-08-2026 03:11:05","30811","Information","Microsoft-Windows-SMBClient","Deleted a TCP/IP transport interface.

Name: Local Area Connection* 2
InterfaceIndex: 0x2

Guidance:
A TCP/IP binding was removed from the specified network adapter for the SMB client. You should expect this event when a computer shuts down or when a previously enabled network adaptor is disabled. No user action is required."
"04-08-2026 03:11:05","30811","Information","Microsoft-Windows-SMBClient","Deleted a TCP/IP transport interface.

Name: Local Area Connection* 5
InterfaceIndex: 0x6

Guidance:
A TCP/IP binding was removed from the specified network adapter for the SMB client. You should expect this event when a computer shuts down or when a previously enabled network adaptor is disabled. No user action is required."
"04-08-2026 03:11:05","30811","Information","Microsoft-Windows-SMBClient","Deleted a TCP/IP transport interface.

Name: Local Area Connection* 5
InterfaceIndex: 0x6

Guidance:
A TCP/IP binding was removed from the specified network adapter for the SMB client. You should expect this event when a computer shuts down or when a previously enabled network adaptor is disabled. No user action is required."
"04-08-2026 03:11:04","30811","Information","Microsoft-Windows-SMBClient","Deleted a TCP/IP transport interface.

Name: Ethernet 2
InterfaceIndex: 0x7

Guidance:
A TCP/IP binding was removed from the specified network adapter for the SMB client. You should expect this event when a computer shuts down or when a previously enabled network adaptor is disabled. No user action is required."
"04-08-2026 03:11:04","30811","Information","Microsoft-Windows-SMBClient","Deleted a TCP/IP transport interface.

Name: Ethernet 2
InterfaceIndex: 0x7

Guidance:
A TCP/IP binding was removed from the specified network adapter for the SMB client. You should expect this event when a computer shuts down or when a previously enabled network adaptor is disabled. No user action is required."
"04-08-2026 03:10:50","30812","Information","Microsoft-Windows-SMBClient","Added a TDI transport interface.

Name: \Device\NetBT_Tcpip_{556D9BDF-D387-4AB9-BE4C-A7E220FAF218}

Guidance:
A TDI (NetBIOS) binding was added to the specified network adapter for the SMB client. The SMB client can now send and receive SMB traffic on this network adapter using TDI. You should expect this event when a computer restarts or when a previously disabled network adaptor is re-enabled. No user action is required."
"03-08-2026 19:03:22","30813","Information","Microsoft-Windows-SMBClient","Deleted a TDI transport interface.

Name: \Device\NetBT_Tcpip_{556D9BDF-D387-4AB9-BE4C-A7E220FAF218}

Guidance:
A TDI (NetBIOS) binding was removed from the specified network adapter for the SMB client. You should expect this event when a computer shuts down or when a previously enabled network adaptor is disabled. No user action is required."
"03-08-2026 19:03:17","30800","Error","Microsoft-Windows-SMBClient","The server name cannot be resolved.

Error: The object was not found.

Server name: gfk-fra2netapp01cifs.gfk.com

Guidance:
The client cannot resolve the server address in DNS or WINS. This issue often manifests immediately after joining a computer to the domain, when the client's DNS registration may not yet have propagated to all DNS servers. You should also expect this event at system startup on a DNS server (such as a domain controller) that points to itself for the primary DNS. You should validate the DNS client settings on this computer using IPCONFIG /ALL and NSLOOKUP."
"03-08-2026 19:03:16","30800","Error","Microsoft-Windows-SMBClient","The server name cannot be resolved.

Error: The object was not found.

Server name: lhrnetapp05cifs1

Guidance:
The client cannot resolve the server address in DNS or WINS. This issue often manifests immediately after joining a computer to the domain, when the client's DNS registration may not yet have propagated to all DNS servers. You should also expect this event at system startup on a DNS server (such as a domain controller) that points to itself for the primary DNS. You should validate the DNS client settings on this computer using IPCONFIG /ALL and NSLOOKUP."
"03-08-2026 18:59:56","30800","Error","Microsoft-Windows-SMBClient","The server name cannot be resolved.

Error: The object was not found.

Server name: gfk-fra2netapp01cifs.gfk.com

Guidance:
The client cannot resolve the server address in DNS or WINS. This issue often manifests immediately after joining a computer to the domain, when the client's DNS registration may not yet have propagated to all DNS servers. You should also expect this event at system startup on a DNS server (such as a domain controller) that points to itself for the primary DNS. You should validate the DNS client settings on this computer using IPCONFIG /ALL and NSLOOKUP."
"03-08-2026 18:48:37","30800","Error","Microsoft-Windows-SMBClient","The server name cannot be resolved.

Error: The object was not found.

Server name: lhrnetapp05cifs1

Guidance:
The client cannot resolve the server address in DNS or WINS. This issue often manifests immediately after joining a computer to the domain, when the client's DNS registration may not yet have propagated to all DNS servers. You should also expect this event at system startup on a DNS server (such as a domain controller) that points to itself for the primary DNS. You should validate the DNS client settings on this computer using IPCONFIG /ALL and NSLOOKUP."
"03-08-2026 18:05:58","30812","Information","Microsoft-Windows-SMBClient","Added a TDI transport interface.

Name: \Device\NetBT_Tcpip_{556D9BDF-D387-4AB9-BE4C-A7E220FAF218}

Guidance:
A TDI (NetBIOS) binding was added to the specified network adapter for the SMB client. The SMB client can now send and receive SMB traffic on this network adapter using TDI. You should expect this event when a computer restarts or when a previously disabled network adaptor is re-enabled. No user action is required."
"03-08-2026 18:05:58","30810","Information","Microsoft-Windows-SMBClient","Added a TCP/IP transport interface.

Name: Wi-Fi
InterfaceIndex: 0xC

Guidance:
A TCP/IP binding was added to the specified network adapter for the SMB client. The SMB client can now send and receive SMB traffic on this network adapter using TCP/IP. You should expect this event when a computer restarts or when a previously disabled network adaptor is re-enabled. No user action is required."
"03-08-2026 18:05:58","30811","Information","Microsoft-Windows-SMBClient","Deleted a TCP/IP transport interface.

Name: Wi-Fi
InterfaceIndex: 0xC

Guidance:
A TCP/IP binding was removed from the specified network adapter for the SMB client. You should expect this event when a computer shuts down or when a previously enabled network adaptor is disabled. No user action is required."
"03-08-2026 18:03:55","30813","Information","Microsoft-Windows-SMBClient","Deleted a TDI transport interface.

Name: \Device\NetBT_Tcpip_{556D9BDF-D387-4AB9-BE4C-A7E220FAF218}

Guidance:
A TDI (NetBIOS) binding was removed from the specified network adapter for the SMB client. You should expect this event when a computer shuts down or when a previously enabled network adaptor is disabled. No user action is required."
"03-08-2026 17:58:30","30833","Information","Microsoft-Windows-SMBClient","The initial connection to the share was established.

Share name: \gfk-fra2netapp01cifs.gfk.com\IPC$
Server address: 10.2.97.21:445
Session ID: 0xC036000011AA5174
Tree ID: 0x1
Transport type: TCPIP
Signing used: false
Encryption used: false
Compression requested: false
NTLM blocked: false

"
"03-08-2026 17:58:29","30830","Information","Microsoft-Windows-SMBClient","The SMB redirector selected the connection initiated with the following parameters:

Server name: gfk-fra2netapp01cifs.gfk.com
Server socket address: 10.2.97.21:445
Client socket address: 
Connection ID: 
Client certificate thumbprint: 
Transport: TCPIP
Instance Name: \Device\LanmanRedirector
Port Origin: The port was selected from the global registry settings."
"03-08-2026 17:58:27","30833","Information","Microsoft-Windows-SMBClient","The initial connection to the share was established.

Share name: \lhrnetapp05cifs1\IPC$
Server address: 10.90.39.22:445
Session ID: 0x28D6000001C2FD83
Tree ID: 0x1
Transport type: TCPIP
Signing used: false
Encryption used: false
Compression requested: false
NTLM blocked: false

"
"03-08-2026 17:58:26","30830","Information","Microsoft-Windows-SMBClient","The SMB redirector selected the connection initiated with the following parameters:

Server name: lhrnetapp05cifs1
Server socket address: 10.90.39.22:445
Client socket address: 
Connection ID: 
Client certificate thumbprint: 
Transport: TCPIP
Instance Name: \Device\LanmanRedirector
Port Origin: The port was selected from the global registry settings."
"03-08-2026 17:43:29","30833","Information","Microsoft-Windows-SMBClient","The initial connection to the share was established.

Share name: \gfk-fra2netapp01cifs.gfk.com\IPC$
Server address: 10.2.97.21:445
Session ID: 0xC036000011A97210
Tree ID: 0x1
Transport type: TCPIP
Signing used: false
Encryption used: false
Compression requested: false
NTLM blocked: false

"
"03-08-2026 17:43:28","30830","Information","Microsoft-Windows-SMBClient","The SMB redirector selected the connection initiated with the following parameters:

Server name: gfk-fra2netapp01cifs.gfk.com
Server socket address: 10.2.97.21:445
Client socket address: 
Connection ID: 
Client certificate thumbprint: 
Transport: TCPIP
Instance Name: \Device\LanmanRedirector
Port Origin: The port was selected from the global registry settings."
"03-08-2026 17:43:27","30833","Information","Microsoft-Windows-SMBClient","The initial connection to the share was established.

Share name: \lhrnetapp05cifs1\IPC$
Server address: 10.90.39.29:445
Session ID: 0x3666000001E23657
Tree ID: 0x1
Transport type: TCPIP
Signing used: false
Encryption used: false
Compression requested: false
NTLM blocked: false

"
"03-08-2026 17:43:26","30830","Information","Microsoft-Windows-SMBClient","The SMB redirector selected the connection initiated with the following parameters:

Server name: lhrnetapp05cifs1
Server socket address: 10.90.39.29:445
Client socket address: 
Connection ID: 
Client certificate thumbprint: 
Transport: TCPIP
Instance Name: \Device\LanmanRedirector
Port Origin: The port was selected from the global registry settings."
"03-08-2026 17:13:29","30833","Information","Microsoft-Windows-SMBClient","The initial connection to the share was established.

Share name: \gfk-fra2netapp01cifs.gfk.com\IPC$
Server address: 10.2.97.21:445
Session ID: 0xC036000011A7EAF2
Tree ID: 0x1
Transport type: TCPIP
Signing used: false
Encryption used: false
Compression requested: false
NTLM blocked: false

"
"03-08-2026 17:13:28","30830","Information","Microsoft-Windows-SMBClient","The SMB redirector selected the connection initiated with the following parameters:

Server name: gfk-fra2netapp01cifs.gfk.com
Server socket address: 10.2.97.21:445
Client socket address: 
Connection ID: 
Client certificate thumbprint: 
Transport: TCPIP
Instance Name: \Device\LanmanRedirector
Port Origin: The port was selected from the global registry settings."
"03-08-2026 17:13:27","30833","Information","Microsoft-Windows-SMBClient","The initial connection to the share was established.

Share name: \lhrnetapp05cifs1\IPC$
Server address: 10.90.39.31:445
Session ID: 0x4412000001FE5B65
Tree ID: 0x1
Transport type: TCPIP
Signing used: false
Encryption used: false
Compression requested: false
NTLM blocked: false

"
"03-08-2026 17:13:26","30830","Information","Microsoft-Windows-SMBClient","The SMB redirector selected the connection initiated with the following parameters:

Server name: lhrnetapp05cifs1
Server socket address: 10.90.39.31:445
Client socket address: 
Connection ID: 
Client certificate thumbprint: 
Transport: TCPIP
Instance Name: \Device\LanmanRedirector
Port Origin: The port was selected from the global registry settings."
"03-08-2026 17:03:07","30812","Information","Microsoft-Windows-SMBClient","Added a TDI transport interface.

Name: \Device\NetBT_Tcpip_{556D9BDF-D387-4AB9-BE4C-A7E220FAF218}

Guidance:
A TDI (NetBIOS) binding was added to the specified network adapter for the SMB client. The SMB client can now send and receive SMB traffic on this network adapter using TDI. You should expect this event when a computer restarts or when a previously disabled network adaptor is re-enabled. No user action is required."
"03-08-2026 17:03:07","30810","Information","Microsoft-Windows-SMBClient","Added a TCP/IP transport interface.

Name: Wi-Fi
InterfaceIndex: 0xC

Guidance:
A TCP/IP binding was added to the specified network adapter for the SMB client. The SMB client can now send and receive SMB traffic on this network adapter using TCP/IP. You should expect this event when a computer restarts or when a previously disabled network adaptor is re-enabled. No user action is required."
"03-08-2026 17:03:04","30811","Information","Microsoft-Windows-SMBClient","Deleted a TCP/IP transport interface.

Name: Wi-Fi
InterfaceIndex: 0xC

Guidance:
A TCP/IP binding was removed from the specified network adapter for the SMB client. You should expect this event when a computer shuts down or when a previously enabled network adaptor is disabled. No user action is required."
"03-08-2026 17:02:30","30813","Information","Microsoft-Windows-SMBClient","Deleted a TDI transport interface.

Name: \Device\NetBT_Tcpip_{556D9BDF-D387-4AB9-BE4C-A7E220FAF218}

Guidance:
A TDI (NetBIOS) binding was removed from the specified network adapter for the SMB client. You should expect this event when a computer shuts down or when a previously enabled network adaptor is disabled. No user action is required."
"03-08-2026 16:41:32","30833","Information","Microsoft-Windows-SMBClient","The initial connection to the share was established.

Share name: \gfk-fra2netapp01cifs.gfk.com\IPC$
Server address: 10.2.97.21:445
Session ID: 0xC036000011A66351
Tree ID: 0x1
Transport type: TCPIP
Signing used: false
Encryption used: false
Compression requested: false
NTLM blocked: false

"
"03-08-2026 16:41:31","30830","Information","Microsoft-Windows-SMBClient","The SMB redirector selected the connection initiated with the following parameters:

Server name: gfk-fra2netapp01cifs.gfk.com
Server socket address: 10.2.97.21:445
Client socket address: 
Connection ID: 
Client certificate thumbprint: 
Transport: TCPIP
Instance Name: \Device\LanmanRedirector
Port Origin: The port was selected from the global registry settings."
"03-08-2026 16:41:30","30833","Information","Microsoft-Windows-SMBClient","The initial connection to the share was established.

Share name: \lhrnetapp05cifs1\IPC$
Server address: 10.90.39.29:445
Session ID: 0x3666000001E205A9
Tree ID: 0x1
Transport type: TCPIP
Signing used: false
Encryption used: false
Compression requested: false
NTLM blocked: false

"
"03-08-2026 16:41:29","30830","Information","Microsoft-Windows-SMBClient","The SMB redirector selected the connection initiated with the following parameters:

Server name: lhrnetapp05cifs1
Server socket address: 10.90.39.29:445
Client socket address: 
Connection ID: 
Client certificate thumbprint: 
Transport: TCPIP
Instance Name: \Device\LanmanRedirector
Port Origin: The port was selected from the global registry settings."
"03-08-2026 15:58:30","30833","Information","Microsoft-Windows-SMBClient","The initial connection to the share was established.

Share name: \gfk-fra2netapp01cifs.gfk.com\IPC$
Server address: 10.2.97.21:445
Session ID: 0xC036000011A470C4
Tree ID: 0x1
Transport type: TCPIP
Signing used: false
Encryption used: false
Compression requested: false
NTLM blocked: false

"
"03-08-2026 15:58:29","30830","Information","Microsoft-Windows-SMBClient","The SMB redirector selected the connection initiated with the following parameters:

Server name: gfk-fra2netapp01cifs.gfk.com
Server socket address: 10.2.97.21:445
Client socket address: 
Connection ID: 
Client certificate thumbprint: 
Transport: TCPIP
Instance Name: \Device\LanmanRedirector
Port Origin: The port was selected from the global registry settings."
"03-08-2026 15:58:28","30833","Information","Microsoft-Windows-SMBClient","The initial connection to the share was established.

Share name: \lhrnetapp05cifs1\IPC$
Server address: 10.90.39.20:445
Session ID: 0xC8E7000001AB39F4
Tree ID: 0x1
Transport type: TCPIP
Signing used: false
Encryption used: false
Compression requested: false
NTLM blocked: false

"
"03-08-2026 15:58:26","30830","Information","Microsoft-Windows-SMBClient","The SMB redirector selected the connection initiated with the following parameters:

Server name: lhrnetapp05cifs1
Server socket address: 10.90.39.20:445
Client socket address: 
Connection ID: 
Client certificate thumbprint: 
Transport: TCPIP
Instance Name: \Device\LanmanRedirector
Port Origin: The port was selected from the global registry settings."
"03-08-2026 15:36:59","30833","Information","Microsoft-Windows-SMBClient","The initial connection to the share was established.

Share name: \gfk-fra2netapp01cifs.gfk.com\IPC$
Server address: 10.2.97.21:445
Session ID: 0xC036000011A361DA
Tree ID: 0x1
Transport type: TCPIP
Signing used: false
Encryption used: false
Compression requested: false
NTLM blocked: false

"
"03-08-2026 15:36:58","30830","Information","Microsoft-Windows-SMBClient","The SMB redirector selected the connection initiated with the following parameters:

Server name: gfk-fra2netapp01cifs.gfk.com
Server socket address: 10.2.97.21:445
Client socket address: 
Connection ID: 
Client certificate thumbprint: 
Transport: TCPIP
Instance Name: \Device\LanmanRedirector
Port Origin: The port was selected from the global registry settings."
"03-08-2026 15:36:57","30833","Information","Microsoft-Windows-SMBClient","The initial connection to the share was established.

Share name: \lhrnetapp05cifs1\IPC$
Server address: 10.90.39.20:445
Session ID: 0xC8E7000001AB2D0C
Tree ID: 0x1
Transport type: TCPIP
Signing used: false
Encryption used: false
Compression requested: false
NTLM blocked: false

"
"03-08-2026 15:36:56","30830","Information","Microsoft-Windows-SMBClient","The SMB redirector selected the connection initiated with the following parameters:

Server name: lhrnetapp05cifs1
Server socket address: 10.90.39.20:445
Client socket address: 
Connection ID: 
Client certificate thumbprint: 
Transport: TCPIP
Instance Name: \Device\LanmanRedirector
Port Origin: The port was selected from the global registry settings."
"03-08-2026 15:06:12","30833","Information","Microsoft-Windows-SMBClient","The initial connection to the share was established.

Share name: \gfk-fra2netapp01cifs.gfk.com\IPC$
Server address: 10.2.97.21:445
Session ID: 0xC036000011A18FE5
Tree ID: 0x1
Transport type: TCPIP
Signing used: false
Encryption used: false
Compression requested: false
NTLM blocked: false

"
"03-08-2026 15:06:11","30830","Information","Microsoft-Windows-SMBClient","The SMB redirector selected the connection initiated with the following parameters:

Server name: gfk-fra2netapp01cifs.gfk.com
Server socket address: 10.2.97.21:445
Client socket address: 
Connection ID: 
Client certificate thumbprint: 
Transport: TCPIP
Instance Name: \Device\LanmanRedirector
Port Origin: The port was selected from the global registry settings."
"03-08-2026 15:06:10","30833","Information","Microsoft-Windows-SMBClient","The initial connection to the share was established.

Share name: \lhrnetapp05cifs1\IPC$
Server address: 10.90.39.31:445
Session ID: 0x4412000001FE0651
Tree ID: 0x1
Transport type: TCPIP
Signing used: false
Encryption used: false
Compression requested: false
NTLM blocked: false

"
