"28-05-2026 10:37:18","400","Information","Microsoft-Windows-Kernel-PnP","Device HID\VID_413C&PID_A524&MI_03&Col01\7&2893bdb8&0&0000 was configured.

Driver Name: oem135.inf
Driver Package ID: dpmautoinstalldriver.inf_amd64_412d7d28a0358c95
Class GUID: {745a17a0-74d3-11d0-b6fe-00a0c90f57da}
Driver Date: 12/03/2025
Driver Version: 2.2.0.0
Driver Provider: Dell Inc.
Driver Section: DPMAutoInstallDriver_Device.NT
Driver Rank: 0xFF0001
Matching Device ID: HID\VID_413C&PID_A524&MI_03&Col01
Outranked Drivers: oem68.inf:HID\VID_413C&PID_A524&MI_03&Col01:00FF0001 input.inf:HID_DEVICE_UPR:FF00-FFFF:00FF1004 input.inf:HID_DEVICE:00FF1005
Device Updated: false
Parent Device: USB\VID_413C&PID_A524&MI_03\6&f3c4e&0&0003"
"28-05-2026 10:37:18","410","Information","Microsoft-Windows-Kernel-PnP","Device USB\VID_413C&PID_A524&MI_03\6&f3c4e&0&0003 was started.

Driver Name: input.inf
Class GUID: {745a17a0-74d3-11d0-b6fe-00a0c90f57da}
Service: HidUsb
Lower Filters: 
Upper Filters: "
"28-05-2026 10:37:18","410","Information","Microsoft-Windows-Kernel-PnP","Device USB\VID_413C&PID_A524&MI_00\6&f3c4e&0&0000 was started.

Driver Name: wdma_usb.inf
Class GUID: {4d36e96c-e325-11ce-bfc1-08002be10318}
Service: usbaudio
Lower Filters: 
Upper Filters: "
"28-05-2026 10:37:18","400","Information","Microsoft-Windows-Kernel-PnP","Device USB\VID_413C&PID_A524&MI_03\6&f3c4e&0&0003 was configured.

Driver Name: input.inf
Driver Package ID: input.inf_amd64_b70b241e639b0256
Class GUID: {745a17a0-74d3-11d0-b6fe-00a0c90f57da}
Driver Date: 06/21/2006
Driver Version: 10.0.26100.8115
Driver Provider: Microsoft
Driver Section: HID_Inst.NT
Driver Rank: 0xFF3205
Matching Device ID: USB\Class_03
Outranked Drivers: 
Device Updated: false
Parent Device: USB\VID_413C&PID_A524\0000000000000000"
"28-05-2026 10:37:18","400","Information","Microsoft-Windows-Kernel-PnP","Device USB\VID_413C&PID_A524&MI_00\6&f3c4e&0&0000 was configured.

Driver Name: wdma_usb.inf
Driver Package ID: wdma_usb.inf_amd64_3bc69731ddebdfcf
Class GUID: {4d36e96c-e325-11ce-bfc1-08002be10318}
Driver Date: 03/21/2026
Driver Version: 10.0.26100.8115
Driver Provider: Microsoft
Driver Section: USBAudio
Driver Rank: 0xFF2005
Matching Device ID: USB\Class_01
Outranked Drivers: usbmidi2.inf:USB\Class_01:00FF3105
Device Updated: false
Parent Device: USB\VID_413C&PID_A524\0000000000000000"
"28-05-2026 10:37:18","410","Information","Microsoft-Windows-Kernel-PnP","Device USB\VID_413C&PID_A524\0000000000000000 was started.

Driver Name: usb.inf
Class GUID: {36fc9e60-c465-11cf-8056-444553540000}
Service: usbccgp
Lower Filters: 
Upper Filters: "
"28-05-2026 10:37:18","400","Information","Microsoft-Windows-Kernel-PnP","Device USB\VID_413C&PID_A524\0000000000000000 was configured.

Driver Name: usb.inf
Driver Package ID: usb.inf_amd64_ca05aed6371fe9f7
Class GUID: {36fc9e60-c465-11cf-8056-444553540000}
Driver Date: 06/21/2006
Driver Version: 10.0.26100.8115
Driver Provider: Microsoft
Driver Section: Composite.Dev.NT
Driver Rank: 0xFF2006
Matching Device ID: USB\COMPOSITE
Outranked Drivers: 
Device Updated: false
Parent Device: USB\ROOT_HUB30\4&2169287b&0&0"
"28-05-2026 10:37:16","430","Information","Microsoft-Windows-Kernel-PnP","Device USB\VID_0E8D&PID_0003\5&2dc84fba&0&2 requires further installation."
"28-05-2026 10:21:42","410","Information","Microsoft-Windows-Kernel-PnP","Device SWD\PRINTENUM\{473AE46A-95E6-44E7-8E88-1BF2FAA0F887} was started.

Driver Name: printqueue.inf
Class GUID: {1ed2bbf9-11f0-4084-b21f-ad83a8e6dcdc}
Service: 
Lower Filters: 
Upper Filters: "
"28-05-2026 10:21:42","400","Information","Microsoft-Windows-Kernel-PnP","Device SWD\PRINTENUM\{473AE46A-95E6-44E7-8E88-1BF2FAA0F887} was configured.

Driver Name: printqueue.inf
Driver Package ID: printqueue.inf_amd64_044b5f13f940e7c8
Class GUID: {1ed2bbf9-11f0-4084-b21f-ad83a8e6dcdc}
Driver Date: 06/21/2006
Driver Version: 10.0.26100.1
Driver Provider: Microsoft
Driver Section: NO_DRV_LOCAL
Driver Rank: 0x1
Matching Device ID: PRINTENUM\LocalPrintQueue
Outranked Drivers: oem455.inf:{3ee39114-30b4-45a4-a109-19d4a40fcc22}:00FF0002 c_swdevice.inf:SWD\GenericRaw:00FF3001
Device Updated: false
Parent Device: SWD\PRINTENUM\PrintQueues"
"28-05-2026 10:21:41","420","Information","Microsoft-Windows-Kernel-PnP","Device SWD\PRINTENUM\{1FB0023F-27E0-429F-AC1E-B5EC397AB610} was deleted.

Class GUID: {1ed2bbf9-11f0-4084-b21f-ad83a8e6dcdc}"
"28-05-2026 10:14:55","410","Information","Microsoft-Windows-Kernel-PnP","Device SWD\PRINTENUM\{310F7647-68D5-4BB0-AB2D-032C02949F19} was started.

Driver Name: printqueue.inf
Class GUID: {1ed2bbf9-11f0-4084-b21f-ad83a8e6dcdc}
Service: 
Lower Filters: 
Upper Filters: "
"28-05-2026 10:14:55","400","Information","Microsoft-Windows-Kernel-PnP","Device SWD\PRINTENUM\{310F7647-68D5-4BB0-AB2D-032C02949F19} was configured.

Driver Name: printqueue.inf
Driver Package ID: printqueue.inf_amd64_044b5f13f940e7c8
Class GUID: {1ed2bbf9-11f0-4084-b21f-ad83a8e6dcdc}
Driver Date: 06/21/2006
Driver Version: 10.0.26100.1
Driver Provider: Microsoft
Driver Section: NO_DRV_LOCAL
Driver Rank: 0x1
Matching Device ID: PRINTENUM\LocalPrintQueue
Outranked Drivers: oem182.inf:usbprint\tscte24421fb:00FF0002 c_swdevice.inf:SWD\GenericRaw:00FF3001
Device Updated: false
Parent Device: SWD\PRINTENUM\PrintQueues"
"28-05-2026 09:51:34","410","Information","Microsoft-Windows-Kernel-PnP","Device SWD\PRINTENUM\{11955308-3725-4E7B-A1B9-A0A560917F55} was started.

Driver Name: printqueue.inf
Class GUID: {1ed2bbf9-11f0-4084-b21f-ad83a8e6dcdc}
Service: 
Lower Filters: 
Upper Filters: "
"28-05-2026 09:51:34","400","Information","Microsoft-Windows-Kernel-PnP","Device SWD\PRINTENUM\{11955308-3725-4E7B-A1B9-A0A560917F55} was configured.

Driver Name: printqueue.inf
Driver Package ID: printqueue.inf_amd64_044b5f13f940e7c8
Class GUID: {1ed2bbf9-11f0-4084-b21f-ad83a8e6dcdc}
Driver Date: 06/21/2006
Driver Version: 10.0.26100.1
Driver Provider: Microsoft
Driver Section: NO_DRV_LOCAL
Driver Rank: 0x0
Matching Device ID: PRINTENUM\LocalPrintQueue
Outranked Drivers: c_swdevice.inf:SWD\GenericRaw:00FF3001
Device Updated: false
Parent Device: USBPRINT\TSCTE244\6&10b3e789&0&USB001"
"28-05-2026 09:51:28","430","Information","Microsoft-Windows-Kernel-PnP","Device USBPRINT\TSCTE244\6&10b3e789&0&USB001 requires further installation."
"28-05-2026 09:51:28","410","Information","Microsoft-Windows-Kernel-PnP","Device USB\VID_1203&PID_0272\000001 was started.

Driver Name: usbprint.inf
Class GUID: {36fc9e60-c465-11cf-8056-444553540000}
Service: usbprint
Lower Filters: 
Upper Filters: "
"28-05-2026 09:51:28","400","Information","Microsoft-Windows-Kernel-PnP","Device USB\VID_1203&PID_0272\000001 was configured.

Driver Name: usbprint.inf
Driver Package ID: usbprint.inf_amd64_a58409d7c5056a1c
Class GUID: {36fc9e60-c465-11cf-8056-444553540000}
Driver Date: 06/21/2006
Driver Version: 10.0.26100.8246
Driver Provider: Microsoft
Driver Section: USBPRINT_Inst.NT
Driver Rank: 0xFF2005
Matching Device ID: USB\Class_07
Outranked Drivers: 
Device Updated: false
Parent Device: USB\ROOT_HUB30\4&2169287b&0&0"
"27-05-2026 19:39:19","410","Information","Microsoft-Windows-Kernel-PnP","Device HID\VID_248D&PID_8003\6&2c6b0633&0&0000 was started.

Driver Name: keyboard.inf
Class GUID: {4d36e96b-e325-11ce-bfc1-08002be10318}
Service: kbdhid
Lower Filters: 
Upper Filters: "
"27-05-2026 19:39:19","400","Information","Microsoft-Windows-Kernel-PnP","Device HID\VID_248D&PID_8003\6&2c6b0633&0&0000 was configured.

Driver Name: keyboard.inf
Driver Package ID: keyboard.inf_amd64_c56788078819b951
Class GUID: {4d36e96b-e325-11ce-bfc1-08002be10318}
Driver Date: 06/21/2006
Driver Version: 10.0.26100.1882
Driver Provider: Microsoft
Driver Section: HID_Keyboard_Inst.NT
Driver Rank: 0xFF1003
Matching Device ID: HID_DEVICE_SYSTEM_KEYBOARD
Outranked Drivers: input.inf:HID_DEVICE:00FF1005
Device Updated: false
Parent Device: USB\VID_248D&PID_8003\5&2dc84fba&0&7"
"27-05-2026 19:39:19","410","Information","Microsoft-Windows-Kernel-PnP","Device USB\VID_248D&PID_8003\5&2dc84fba&0&7 was started.

Driver Name: input.inf
Class GUID: {745a17a0-74d3-11d0-b6fe-00a0c90f57da}
Service: HidUsb
Lower Filters: 
Upper Filters: "
"27-05-2026 19:39:19","400","Information","Microsoft-Windows-Kernel-PnP","Device USB\VID_248D&PID_8003\5&2dc84fba&0&7 was configured.

Driver Name: input.inf
Driver Package ID: input.inf_amd64_b70b241e639b0256
Class GUID: {745a17a0-74d3-11d0-b6fe-00a0c90f57da}
Driver Date: 06/21/2006
Driver Version: 10.0.26100.8115
Driver Provider: Microsoft
Driver Section: HID_Inst.NT
Driver Rank: 0xFF3104
Matching Device ID: USB\Class_03&SubClass_01
Outranked Drivers: input.inf:USB\Class_03:00FF3205
Device Updated: false
Parent Device: USB\ROOT_HUB30\4&2169287b&0&0"
"27-05-2026 11:07:48","410","Information","Microsoft-Windows-Kernel-PnP","Device HID\VID_248D&PID_8003\6&19b1558e&0&0000 was started.

Driver Name: keyboard.inf
Class GUID: {4d36e96b-e325-11ce-bfc1-08002be10318}
Service: kbdhid
Lower Filters: 
Upper Filters: "
"27-05-2026 11:07:48","400","Information","Microsoft-Windows-Kernel-PnP","Device HID\VID_248D&PID_8003\6&19b1558e&0&0000 was configured.

Driver Name: keyboard.inf
Driver Package ID: keyboard.inf_amd64_c56788078819b951
Class GUID: {4d36e96b-e325-11ce-bfc1-08002be10318}
Driver Date: 06/21/2006
Driver Version: 10.0.26100.1882
Driver Provider: Microsoft
Driver Section: HID_Keyboard_Inst.NT
Driver Rank: 0xFF1003
Matching Device ID: HID_DEVICE_SYSTEM_KEYBOARD
Outranked Drivers: input.inf:HID_DEVICE:00FF1005
Device Updated: false
Parent Device: USB\VID_248D&PID_8003\5&2dc84fba&0&6"
"27-05-2026 11:07:48","410","Information","Microsoft-Windows-Kernel-PnP","Device USB\VID_248D&PID_8003\5&2dc84fba&0&6 was started.

Driver Name: input.inf
Class GUID: {745a17a0-74d3-11d0-b6fe-00a0c90f57da}
Service: HidUsb
Lower Filters: 
Upper Filters: "
"27-05-2026 11:07:48","400","Information","Microsoft-Windows-Kernel-PnP","Device USB\VID_248D&PID_8003\5&2dc84fba&0&6 was configured.

Driver Name: input.inf
Driver Package ID: input.inf_amd64_b70b241e639b0256
Class GUID: {745a17a0-74d3-11d0-b6fe-00a0c90f57da}
Driver Date: 06/21/2006
Driver Version: 10.0.26100.8115
Driver Provider: Microsoft
Driver Section: HID_Inst.NT
Driver Rank: 0xFF3104
Matching Device ID: USB\Class_03&SubClass_01
Outranked Drivers: input.inf:USB\Class_03:00FF3205
Device Updated: false
Parent Device: USB\ROOT_HUB30\4&2169287b&0&0"
"25-05-2026 16:39:31","410","Information","Microsoft-Windows-Kernel-PnP","Device SWD\PRINTENUM\{1FB0023F-27E0-429F-AC1E-B5EC397AB610} was started.

Driver Name: printqueue.inf
Class GUID: {1ed2bbf9-11f0-4084-b21f-ad83a8e6dcdc}
Service: 
Lower Filters: 
Upper Filters: "
"25-05-2026 16:39:31","400","Information","Microsoft-Windows-Kernel-PnP","Device SWD\PRINTENUM\{1FB0023F-27E0-429F-AC1E-B5EC397AB610} was configured.

Driver Name: printqueue.inf
Driver Package ID: printqueue.inf_amd64_044b5f13f940e7c8
Class GUID: {1ed2bbf9-11f0-4084-b21f-ad83a8e6dcdc}
Driver Date: 06/21/2006
Driver Version: 10.0.26100.1
Driver Provider: Microsoft
Driver Section: NO_DRV_LOCAL
Driver Rank: 0x1
Matching Device ID: PRINTENUM\LocalPrintQueue
Outranked Drivers: oem455.inf:{3ee39114-30b4-45a4-a109-19d4a40fcc22}:00FF0002 c_swdevice.inf:SWD\GenericRaw:00FF3001
Device Updated: false
Parent Device: SWD\PRINTENUM\PrintQueues"
"25-05-2026 16:37:34","420","Information","Microsoft-Windows-Kernel-PnP","Device SWD\PRINTENUM\{CAF1A924-5A40-43CC-8C06-53585695499F} was deleted.

Class GUID: {1ed2bbf9-11f0-4084-b21f-ad83a8e6dcdc}"
"25-05-2026 11:06:47","410","Information","Microsoft-Windows-Kernel-PnP","Device SWD\MMDEVAPI\{0.0.1.00000000}.{1bb20b89-3e48-47ad-bc40-9c98f8aa4e96} was started.

Driver Name: audioendpoint.inf
Class GUID: {c166523c-fe0c-4a94-a586-f1a80cfbbf3e}
Service: 
Lower Filters: 
Upper Filters: "
"25-05-2026 11:06:46","400","Information","Microsoft-Windows-Kernel-PnP","Device SWD\MMDEVAPI\{0.0.1.00000000}.{1bb20b89-3e48-47ad-bc40-9c98f8aa4e96} was configured.

Driver Name: audioendpoint.inf
Driver Package ID: audioendpoint.inf_amd64_271c4d03bad18da8
Class GUID: {c166523c-fe0c-4a94-a586-f1a80cfbbf3e}
Driver Date: 03/31/2024
Driver Version: 10.0.26100.1
Driver Provider: Microsoft
Driver Section: NO_DRV
Driver Rank: 0xFF0000
Matching Device ID: MMDEVAPI\AudioEndpoints
Outranked Drivers: c_swdevice.inf:SWD\GenericRaw:00FF3001
Device Updated: false
Parent Device: USB\VID_046D&PID_0A8F&MI_00\6&25a8d75b&0&0000"
"25-05-2026 11:06:45","410","Information","Microsoft-Windows-Kernel-PnP","Device SWD\MMDEVAPI\{0.0.0.00000000}.{74d8ceec-4335-409a-b527-f9d6daf13f99} was started.

Driver Name: audioendpoint.inf
Class GUID: {c166523c-fe0c-4a94-a586-f1a80cfbbf3e}
Service: 
Lower Filters: 
Upper Filters: "
"25-05-2026 11:06:45","400","Information","Microsoft-Windows-Kernel-PnP","Device SWD\MMDEVAPI\{0.0.0.00000000}.{74d8ceec-4335-409a-b527-f9d6daf13f99} was configured.

Driver Name: audioendpoint.inf
Driver Package ID: audioendpoint.inf_amd64_271c4d03bad18da8
Class GUID: {c166523c-fe0c-4a94-a586-f1a80cfbbf3e}
Driver Date: 03/31/2024
Driver Version: 10.0.26100.1
Driver Provider: Microsoft
Driver Section: NO_DRV
Driver Rank: 0xFF0000
Matching Device ID: MMDEVAPI\AudioEndpoints
Outranked Drivers: c_swdevice.inf:SWD\GenericRaw:00FF3001
Device Updated: false
Parent Device: USB\VID_046D&PID_0A8F&MI_00\6&25a8d75b&0&0000"
"25-05-2026 11:06:44","410","Information","Microsoft-Windows-Kernel-PnP","Device HID\VID_046D&PID_0A8F&MI_03\7&979cb7e&0&0000 was started.

Driver Name: hidserv.inf
Class GUID: {745a17a0-74d3-11d0-b6fe-00a0c90f57da}
Service: 
Lower Filters: 
Upper Filters: "
"25-05-2026 11:06:44","400","Information","Microsoft-Windows-Kernel-PnP","Device HID\VID_046D&PID_0A8F&MI_03\7&979cb7e&0&0000 was configured.

Driver Name: hidserv.inf
Driver Package ID: hidserv.inf_amd64_3111b4bfb553788d
Class GUID: {745a17a0-74d3-11d0-b6fe-00a0c90f57da}
Driver Date: 06/21/2006
Driver Version: 10.0.26100.1
Driver Provider: Microsoft
Driver Section: HIDSystemConsumerDevice
Driver Rank: 0xFF0004
Matching Device ID: HID_DEVICE_UP:000C_U:0001
Outranked Drivers: input.inf:HID_DEVICE:00FF1005
Device Updated: false
Parent Device: USB\VID_046D&PID_0A8F&MI_03\6&25a8d75b&0&0003"
"25-05-2026 11:06:44","410","Information","Microsoft-Windows-Kernel-PnP","Device USB\VID_046D&PID_0A8F&MI_03\6&25a8d75b&0&0003 was started.

Driver Name: input.inf
Class GUID: {745a17a0-74d3-11d0-b6fe-00a0c90f57da}
Service: HidUsb
Lower Filters: 
Upper Filters: "
"25-05-2026 11:06:44","410","Information","Microsoft-Windows-Kernel-PnP","Device USB\VID_046D&PID_0A8F&MI_00\6&25a8d75b&0&0000 was started.

Driver Name: wdma_usb.inf
Class GUID: {4d36e96c-e325-11ce-bfc1-08002be10318}
Service: usbaudio
Lower Filters: 
Upper Filters: "
"25-05-2026 11:06:44","400","Information","Microsoft-Windows-Kernel-PnP","Device USB\VID_046D&PID_0A8F&MI_03\6&25a8d75b&0&0003 was configured.

Driver Name: input.inf
Driver Package ID: input.inf_amd64_b70b241e639b0256
Class GUID: {745a17a0-74d3-11d0-b6fe-00a0c90f57da}
Driver Date: 06/21/2006
Driver Version: 10.0.26100.8115
Driver Provider: Microsoft
Driver Section: HID_Inst.NT
Driver Rank: 0xFF3205
Matching Device ID: USB\Class_03
Outranked Drivers: 
Device Updated: false
Parent Device: USB\VID_046D&PID_0A8F\5&2dc84fba&0&7"
"25-05-2026 11:06:44","400","Information","Microsoft-Windows-Kernel-PnP","Device USB\VID_046D&PID_0A8F&MI_00\6&25a8d75b&0&0000 was configured.

Driver Name: wdma_usb.inf
Driver Package ID: wdma_usb.inf_amd64_3bc69731ddebdfcf
Class GUID: {4d36e96c-e325-11ce-bfc1-08002be10318}
Driver Date: 03/21/2026
Driver Version: 10.0.26100.8115
Driver Provider: Microsoft
Driver Section: USBAudio
Driver Rank: 0xFF2005
Matching Device ID: USB\Class_01
Outranked Drivers: usbmidi2.inf:USB\Class_01:00FF3105
Device Updated: false
Parent Device: USB\VID_046D&PID_0A8F\5&2dc84fba&0&7"
"25-05-2026 11:06:44","410","Information","Microsoft-Windows-Kernel-PnP","Device USB\VID_046D&PID_0A8F\5&2dc84fba&0&7 was started.

Driver Name: usb.inf
Class GUID: {36fc9e60-c465-11cf-8056-444553540000}
Service: usbccgp
Lower Filters: 
Upper Filters: "
"25-05-2026 11:06:44","400","Information","Microsoft-Windows-Kernel-PnP","Device USB\VID_046D&PID_0A8F\5&2dc84fba&0&7 was configured.

Driver Name: usb.inf
Driver Package ID: usb.inf_amd64_ca05aed6371fe9f7
Class GUID: {36fc9e60-c465-11cf-8056-444553540000}
Driver Date: 06/21/2006
Driver Version: 10.0.26100.8115
Driver Provider: Microsoft
Driver Section: Composite.Dev.NT
Driver Rank: 0xFF2006
Matching Device ID: USB\COMPOSITE
Outranked Drivers: 
Device Updated: false
Parent Device: USB\ROOT_HUB30\4&2169287b&0&0"
"25-05-2026 09:24:43","410","Information","Microsoft-Windows-Kernel-PnP","Device ROOT\DELLINSTRUMENTATION\0000 was started.

Driver Name: oem46.inf
Class GUID: {e1c7dabe-63de-4630-a4de-a4adc0503be3}
Service: DellInstrumentation
Lower Filters: 
Upper Filters: "
"25-05-2026 09:24:43","400","Information","Microsoft-Windows-Kernel-PnP","Device ROOT\DELLINSTRUMENTATION\0000 was configured.

Driver Name: oem46.inf
Driver Package ID: dellinstrumentation.inf_amd64_b559b6b296055b4b
Class GUID: {e1c7dabe-63de-4630-a4de-a4adc0503be3}
Driver Date: 09/05/2025
Driver Version: 2.9.2.0
Driver Provider: Dell Technologies
Driver Section: DellInstrumentation_Device.NT
Driver Rank: 0xFF0000
Matching Device ID: Root\DellInsDrv
Outranked Drivers: oem482.inf:Root\DellInsDrv:00FF0000
Device Updated: true
Parent Device: HTREE\ROOT\0"
"25-05-2026 09:24:40","420","Information","Microsoft-Windows-Kernel-PnP","Device ROOT\DELLINSTRUMENTATION\0000 was deleted.

Class GUID: {e1c7dabe-63de-4630-a4de-a4adc0503be3}"
"25-05-2026 09:24:18","410","Information","Microsoft-Windows-Kernel-PnP","Device ROOT\DELLINSTRUMENTATION\0000 was started.

Driver Name: oem46.inf
Class GUID: {e1c7dabe-63de-4630-a4de-a4adc0503be3}
Service: DellInstrumentation
Lower Filters: 
Upper Filters: "
"25-05-2026 09:24:18","400","Information","Microsoft-Windows-Kernel-PnP","Device ROOT\DELLINSTRUMENTATION\0000 was configured.

Driver Name: oem46.inf
Driver Package ID: dellinstrumentation.inf_amd64_b559b6b296055b4b
Class GUID: {e1c7dabe-63de-4630-a4de-a4adc0503be3}
Driver Date: 09/05/2025
Driver Version: 2.9.2.0
Driver Provider: Dell Technologies
Driver Section: DellInstrumentation_Device.NT
Driver Rank: 0xFF0000
Matching Device ID: Root\DellInsDrv
Outranked Drivers: oem482.inf:Root\DellInsDrv:00FF0000
Device Updated: true
Parent Device: HTREE\ROOT\0"
"25-05-2026 09:24:17","420","Information","Microsoft-Windows-Kernel-PnP","Device ROOT\DELLINSTRUMENTATION\0000 was deleted.

Class GUID: {e1c7dabe-63de-4630-a4de-a4adc0503be3}"
"25-05-2026 09:10:32","410","Information","Microsoft-Windows-Kernel-PnP","Device ROOT\DELLINSTRUMENTATION\0000 was started.

Driver Name: oem46.inf
Class GUID: {e1c7dabe-63de-4630-a4de-a4adc0503be3}
Service: DellInstrumentation
Lower Filters: 
Upper Filters: "
"25-05-2026 09:10:32","400","Information","Microsoft-Windows-Kernel-PnP","Device ROOT\DELLINSTRUMENTATION\0000 was configured.

Driver Name: oem46.inf
Driver Package ID: dellinstrumentation.inf_amd64_b559b6b296055b4b
Class GUID: {e1c7dabe-63de-4630-a4de-a4adc0503be3}
Driver Date: 09/05/2025
Driver Version: 2.9.2.0
Driver Provider: Dell Technologies
Driver Section: DellInstrumentation_Device.NT
Driver Rank: 0xFF0000
Matching Device ID: Root\DellInsDrv
Outranked Drivers: oem482.inf:Root\DellInsDrv:00FF0000
Device Updated: true
Parent Device: HTREE\ROOT\0"
"25-05-2026 09:10:27","420","Information","Microsoft-Windows-Kernel-PnP","Device ROOT\DELLINSTRUMENTATION\0000 was deleted.

Class GUID: {e1c7dabe-63de-4630-a4de-a4adc0503be3}"
"25-05-2026 09:10:05","410","Information","Microsoft-Windows-Kernel-PnP","Device ROOT\DELLINSTRUMENTATION\0000 was started.

Driver Name: oem46.inf
Class GUID: {e1c7dabe-63de-4630-a4de-a4adc0503be3}
Service: DellInstrumentation
Lower Filters: 
Upper Filters: "
"25-05-2026 09:10:05","400","Information","Microsoft-Windows-Kernel-PnP","Device ROOT\DELLINSTRUMENTATION\0000 was configured.

Driver Name: oem46.inf
Driver Package ID: dellinstrumentation.inf_amd64_b559b6b296055b4b
Class GUID: {e1c7dabe-63de-4630-a4de-a4adc0503be3}
Driver Date: 09/05/2025
Driver Version: 2.9.2.0
Driver Provider: Dell Technologies
Driver Section: DellInstrumentation_Device.NT
Driver Rank: 0xFF0000
Matching Device ID: Root\DellInsDrv
Outranked Drivers: oem482.inf:Root\DellInsDrv:00FF0000
Device Updated: true
Parent Device: HTREE\ROOT\0"
"25-05-2026 09:10:04","420","Information","Microsoft-Windows-Kernel-PnP","Device ROOT\DELLINSTRUMENTATION\0000 was deleted.

Class GUID: {e1c7dabe-63de-4630-a4de-a4adc0503be3}"
"25-05-2026 09:03:50","410","Information","Microsoft-Windows-Kernel-PnP","Device SWD\DRIVERENUM\DPMAutoInstallDriver_Device_component&8&894ad83&0 was started.

Driver Name: oem425.inf
Class GUID: {5c4c3332-344d-483c-8739-259e934c9cc8}
Service: 
Lower Filters: 
Upper Filters: "
"25-05-2026 09:03:50","410","Information","Microsoft-Windows-Kernel-PnP","Device HID\VID_413C&PID_2514&MI_01&Col01\7&12c0de21&0&0000 was started.

Driver Name: msmouse.inf
Class GUID: {4d36e96f-e325-11ce-bfc1-08002be10318}
Service: mouhid
Lower Filters: 
Upper Filters: "
"25-05-2026 09:03:50","410","Information","Microsoft-Windows-Kernel-PnP","Device HID\VID_413C&PID_2514&MI_00\7&11165fa1&0&0000 was started.

Driver Name: keyboard.inf
Class GUID: {4d36e96b-e325-11ce-bfc1-08002be10318}
Service: kbdhid
Lower Filters: 
Upper Filters: "
"25-05-2026 09:03:50","400","Information","Microsoft-Windows-Kernel-PnP","Device SWD\DRIVERENUM\DPMAutoInstallDriver_Device_component&8&894ad83&0 was configured.

Driver Name: oem425.inf
Driver Package ID: ddpmsoftwareinstall_component.inf_amd64_3d39f607b80ee919
Class GUID: {5c4c3332-344d-483c-8739-259e934c9cc8}
Driver Date: 03/03/2025
Driver Version: 1.0.0.8
Driver Provider: Dell Technologies Inc.
Driver Section: DDPMSoftwareInstall_Device_component.NTamd64
Driver Rank: 0xFF0000
Matching Device ID: SWC\DELL_DDPM0001
Outranked Drivers: c_swcomponent.inf:SWC\Generic:00FF3000 c_swdevice.inf:SWD\GenericRaw:00FF3001
Device Updated: false
Parent Device: HID\VID_413C&PID_2514&MI_02&Col02\7&36981be3&0&0001"
"25-05-2026 09:03:50","410","Information","Microsoft-Windows-Kernel-PnP","Device HID\VID_413C&PID_2514&MI_02&Col02\7&36981be3&0&0001 was started.

Driver Name: oem135.inf
Class GUID: {745a17a0-74d3-11d0-b6fe-00a0c90f57da}
Service: 
Lower Filters: 
Upper Filters: "
"25-05-2026 09:03:50","410","Information","Microsoft-Windows-Kernel-PnP","Device HID\VID_413C&PID_2514&MI_02&Col01\7&36981be3&0&0000 was started.

Driver Name: input.inf
Class GUID: {745a17a0-74d3-11d0-b6fe-00a0c90f57da}
Service: 
Lower Filters: 
Upper Filters: "
"25-05-2026 09:03:50","410","Information","Microsoft-Windows-Kernel-PnP","Device HID\VID_413C&PID_2514&MI_01&Col03\7&12c0de21&0&0002 was started.

Driver Name: input.inf
Class GUID: {745a17a0-74d3-11d0-b6fe-00a0c90f57da}
Service: 
Lower Filters: 
Upper Filters: "
"25-05-2026 09:03:50","410","Information","Microsoft-Windows-Kernel-PnP","Device HID\VID_413C&PID_2514&MI_01&Col02\7&12c0de21&0&0001 was started.

Driver Name: hidserv.inf
Class GUID: {745a17a0-74d3-11d0-b6fe-00a0c90f57da}
Service: 
Lower Filters: 
Upper Filters: "
"25-05-2026 09:03:50","400","Information","Microsoft-Windows-Kernel-PnP","Device HID\VID_413C&PID_2514&MI_02&Col02\7&36981be3&0&0001 was configured.

Driver Name: oem135.inf
Driver Package ID: dpmautoinstalldriver.inf_amd64_412d7d28a0358c95
Class GUID: {745a17a0-74d3-11d0-b6fe-00a0c90f57da}
Driver Date: 12/03/2025
Driver Version: 2.2.0.0
Driver Provider: Dell Inc.
Driver Section: DPMAutoInstallDriver_Device.NT
Driver Rank: 0xFF0001
Matching Device ID: HID\VID_413C&PID_2514&MI_02&Col02
Outranked Drivers: oem68.inf:HID\VID_413C&PID_2514&MI_02&Col02:00FF0001 input.inf:HID_DEVICE_UPR:FF00-FFFF:00FF1004 input.inf:HID_DEVICE:00FF1005
Device Updated: false
Parent Device: USB\VID_413C&PID_2514&MI_02\6&35358605&0&0002"
"25-05-2026 09:03:50","400","Information","Microsoft-Windows-Kernel-PnP","Device HID\VID_413C&PID_2514&MI_02&Col01\7&36981be3&0&0000 was configured.

Driver Name: input.inf
Driver Package ID: input.inf_amd64_b70b241e639b0256
Class GUID: {745a17a0-74d3-11d0-b6fe-00a0c90f57da}
Driver Date: 06/21/2006
Driver Version: 10.0.26100.8115
Driver Provider: Microsoft
Driver Section: HID_Raw_Inst.NT
Driver Rank: 0xFF1004
Matching Device ID: HID_DEVICE_UPR:FF00-FFFF
Outranked Drivers: input.inf:HID_DEVICE:00FF1005
Device Updated: false
Parent Device: USB\VID_413C&PID_2514&MI_02\6&35358605&0&0002"
"25-05-2026 09:03:50","410","Information","Microsoft-Windows-Kernel-PnP","Device USB\VID_413C&PID_2514&MI_02\6&35358605&0&0002 was started.

Driver Name: input.inf
Class GUID: {745a17a0-74d3-11d0-b6fe-00a0c90f57da}
Service: HidUsb
Lower Filters: 
Upper Filters: "
"25-05-2026 09:03:50","400","Information","Microsoft-Windows-Kernel-PnP","Device HID\VID_413C&PID_2514&MI_01&Col03\7&12c0de21&0&0002 was configured.

Driver Name: input.inf
Driver Package ID: input.inf_amd64_b70b241e639b0256
Class GUID: {745a17a0-74d3-11d0-b6fe-00a0c90f57da}
Driver Date: 06/21/2006
Driver Version: 10.0.26100.8115
Driver Provider: Microsoft
Driver Section: HID_Raw_Inst.NT
Driver Rank: 0xFF1004
Matching Device ID: HID_DEVICE_UP:0001_U:0080
Outranked Drivers: input.inf:HID_DEVICE:00FF1005
Device Updated: false
Parent Device: USB\VID_413C&PID_2514&MI_01\6&35358605&0&0001"
"25-05-2026 09:03:50","400","Information","Microsoft-Windows-Kernel-PnP","Device HID\VID_413C&PID_2514&MI_01&Col02\7&12c0de21&0&0001 was configured.

Driver Name: hidserv.inf
Driver Package ID: hidserv.inf_amd64_3111b4bfb553788d
Class GUID: {745a17a0-74d3-11d0-b6fe-00a0c90f57da}
Driver Date: 06/21/2006
Driver Version: 10.0.26100.1
Driver Provider: Microsoft
Driver Section: HIDSystemConsumerDevice
Driver Rank: 0xFF0004
Matching Device ID: HID_DEVICE_UP:000C_U:0001
Outranked Drivers: input.inf:HID_DEVICE:00FF1005
Device Updated: false
Parent Device: USB\VID_413C&PID_2514&MI_01\6&35358605&0&0001"
"25-05-2026 09:03:50","400","Information","Microsoft-Windows-Kernel-PnP","Device HID\VID_413C&PID_2514&MI_01&Col01\7&12c0de21&0&0000 was configured.

Driver Name: msmouse.inf
Driver Package ID: msmouse.inf_amd64_097bbd709f0c4972
Class GUID: {4d36e96f-e325-11ce-bfc1-08002be10318}
Driver Date: 06/21/2006
Driver Version: 10.0.26100.1150
Driver Provider: Microsoft
Driver Section: HID_Mouse_Inst.NT
Driver Rank: 0xFF1003
Matching Device ID: HID_DEVICE_SYSTEM_MOUSE
Outranked Drivers: input.inf:HID_DEVICE:00FF1005
Device Updated: false
Parent Device: USB\VID_413C&PID_2514&MI_01\6&35358605&0&0001"
"25-05-2026 09:03:50","410","Information","Microsoft-Windows-Kernel-PnP","Device USB\VID_413C&PID_2514&MI_01\6&35358605&0&0001 was started.

Driver Name: input.inf
Class GUID: {745a17a0-74d3-11d0-b6fe-00a0c90f57da}
Service: HidUsb
Lower Filters: 
Upper Filters: "
"25-05-2026 09:03:50","400","Information","Microsoft-Windows-Kernel-PnP","Device HID\VID_413C&PID_2514&MI_00\7&11165fa1&0&0000 was configured.

Driver Name: keyboard.inf
Driver Package ID: keyboard.inf_amd64_c56788078819b951
Class GUID: {4d36e96b-e325-11ce-bfc1-08002be10318}
Driver Date: 06/21/2006
Driver Version: 10.0.26100.1882
Driver Provider: Microsoft
Driver Section: HID_Keyboard_Inst.NT
Driver Rank: 0xFF1003
Matching Device ID: HID_DEVICE_SYSTEM_KEYBOARD
Outranked Drivers: input.inf:HID_DEVICE:00FF1005
Device Updated: false
Parent Device: USB\VID_413C&PID_2514&MI_00\6&35358605&0&0000"
"25-05-2026 09:03:50","410","Information","Microsoft-Windows-Kernel-PnP","Device USB\VID_413C&PID_2514&MI_00\6&35358605&0&0000 was started.

Driver Name: input.inf
Class GUID: {745a17a0-74d3-11d0-b6fe-00a0c90f57da}
Service: HidUsb
Lower Filters: 
Upper Filters: "
"25-05-2026 09:03:50","400","Information","Microsoft-Windows-Kernel-PnP","Device USB\VID_413C&PID_2514&MI_02\6&35358605&0&0002 was configured.

Driver Name: input.inf
Driver Package ID: input.inf_amd64_b70b241e639b0256
Class GUID: {745a17a0-74d3-11d0-b6fe-00a0c90f57da}
Driver Date: 06/21/2006
Driver Version: 10.0.26100.8115
Driver Provider: Microsoft
Driver Section: HID_Inst.NT
Driver Rank: 0xFF3205
Matching Device ID: USB\Class_03
Outranked Drivers: 
Device Updated: false
Parent Device: USB\VID_413C&PID_2514\5&2dc84fba&0&6"
"25-05-2026 09:03:50","400","Information","Microsoft-Windows-Kernel-PnP","Device USB\VID_413C&PID_2514&MI_01\6&35358605&0&0001 was configured.

Driver Name: input.inf
Driver Package ID: input.inf_amd64_b70b241e639b0256
Class GUID: {745a17a0-74d3-11d0-b6fe-00a0c90f57da}
Driver Date: 06/21/2006
Driver Version: 10.0.26100.8115
Driver Provider: Microsoft
Driver Section: HID_Inst.NT
Driver Rank: 0xFF3104
Matching Device ID: USB\Class_03&SubClass_01
Outranked Drivers: input.inf:USB\Class_03:00FF3205
Device Updated: false
Parent Device: USB\VID_413C&PID_2514\5&2dc84fba&0&6"
"25-05-2026 09:03:50","400","Information","Microsoft-Windows-Kernel-PnP","Device USB\VID_413C&PID_2514&MI_00\6&35358605&0&0000 was configured.

Driver Name: input.inf
Driver Package ID: input.inf_amd64_b70b241e639b0256
Class GUID: {745a17a0-74d3-11d0-b6fe-00a0c90f57da}
Driver Date: 06/21/2006
Driver Version: 10.0.26100.8115
Driver Provider: Microsoft
Driver Section: HID_Inst.NT
Driver Rank: 0xFF3104
Matching Device ID: USB\Class_03&SubClass_01
Outranked Drivers: input.inf:USB\Class_03:00FF3205
Device Updated: false
Parent Device: USB\VID_413C&PID_2514\5&2dc84fba&0&6"
"25-05-2026 09:03:50","410","Information","Microsoft-Windows-Kernel-PnP","Device USB\VID_413C&PID_2514\5&2dc84fba&0&6 was started.

Driver Name: usb.inf
Class GUID: {36fc9e60-c465-11cf-8056-444553540000}
Service: usbccgp
Lower Filters: 
Upper Filters: "
"25-05-2026 09:03:50","400","Information","Microsoft-Windows-Kernel-PnP","Device USB\VID_413C&PID_2514\5&2dc84fba&0&6 was configured.

Driver Name: usb.inf
Driver Package ID: usb.inf_amd64_ca05aed6371fe9f7
Class GUID: {36fc9e60-c465-11cf-8056-444553540000}
Driver Date: 06/21/2006
Driver Version: 10.0.26100.8115
Driver Provider: Microsoft
Driver Section: Composite.Dev.NT
Driver Rank: 0xFF2006
Matching Device ID: USB\COMPOSITE
Outranked Drivers: 
Device Updated: false
Parent Device: USB\ROOT_HUB30\4&2169287b&0&0"
"25-05-2026 09:01:27","410","Information","Microsoft-Windows-Kernel-PnP","Device SWD\ScDeviceEnum\1_Windows_Hello_for_Business_1 was started.

Driver Name: c_swdevice.inf
Class GUID: {62f9c741-b25a-46ce-b54c-9bccce08b6f2}
Service: 
Lower Filters: 
Upper Filters: "
"25-05-2026 09:01:27","400","Information","Microsoft-Windows-Kernel-PnP","Device SWD\ScDeviceEnum\1_Windows_Hello_for_Business_1 was configured.

Driver Name: c_swdevice.inf
Driver Package ID: c_swdevice.inf_amd64_845d51425d14f98b
Class GUID: {62f9c741-b25a-46ce-b54c-9bccce08b6f2}
Driver Date: 06/21/2006
Driver Version: 10.0.26100.1
Driver Provider: Microsoft
Driver Section: SoftwareDevice
Driver Rank: 0xFF3000
Matching Device ID: SWD\GenericRaw
Outranked Drivers: 
Device Updated: false
Parent Device: SWD\ScDeviceEnumBus\0"
"25-05-2026 09:01:27","410","Information","Microsoft-Windows-Kernel-PnP","Device SWD\NgcDeviceEnum\{DC3BF01D-2DBB-4626-B5CB-24709C65303F} was started.

Driver Name: c_swdevice.inf
Class GUID: {62f9c741-b25a-46ce-b54c-9bccce08b6f2}
Service: 
Lower Filters: 
Upper Filters: "
"25-05-2026 09:01:27","400","Information","Microsoft-Windows-Kernel-PnP","Device SWD\NgcDeviceEnum\{DC3BF01D-2DBB-4626-B5CB-24709C65303F} was configured.

Driver Name: c_swdevice.inf
Driver Package ID: c_swdevice.inf_amd64_845d51425d14f98b
Class GUID: {62f9c741-b25a-46ce-b54c-9bccce08b6f2}
Driver Date: 06/21/2006
Driver Version: 10.0.26100.1
Driver Provider: Microsoft
Driver Section: SoftwareDevice
Driver Rank: 0xFF3000
Matching Device ID: SWD\GenericRaw
Outranked Drivers: 
Device Updated: false
Parent Device: SWD\ScDeviceEnumBus\1"
"25-05-2026 09:01:27","410","Information","Microsoft-Windows-Kernel-PnP","Device SWD\ScDeviceEnumBus\1 was started.

Driver Name: c_swdevice.inf
Class GUID: {62f9c741-b25a-46ce-b54c-9bccce08b6f2}
Service: 
Lower Filters: 
Upper Filters: "
"25-05-2026 09:01:27","410","Information","Microsoft-Windows-Kernel-PnP","Device SWD\ScDeviceEnumBus\0 was started.

Driver Name: c_swdevice.inf
Class GUID: {62f9c741-b25a-46ce-b54c-9bccce08b6f2}
Service: 
Lower Filters: 
Upper Filters: "
"25-05-2026 09:01:27","400","Information","Microsoft-Windows-Kernel-PnP","Device SWD\ScDeviceEnumBus\1 was configured.

Driver Name: c_swdevice.inf
Driver Package ID: c_swdevice.inf_amd64_845d51425d14f98b
Class GUID: {62f9c741-b25a-46ce-b54c-9bccce08b6f2}
Driver Date: 06/21/2006
Driver Version: 10.0.26100.1
Driver Provider: Microsoft
Driver Section: SoftwareDevice
Driver Rank: 0xFF3000
Matching Device ID: SWD\GenericRaw
Outranked Drivers: 
Device Updated: false
Parent Device: HTREE\ROOT\0"
"25-05-2026 09:01:27","400","Information","Microsoft-Windows-Kernel-PnP","Device SWD\ScDeviceEnumBus\0 was configured.

Driver Name: c_swdevice.inf
Driver Package ID: c_swdevice.inf_amd64_845d51425d14f98b
Class GUID: {62f9c741-b25a-46ce-b54c-9bccce08b6f2}
Driver Date: 06/21/2006
Driver Version: 10.0.26100.1
Driver Provider: Microsoft
Driver Section: SoftwareDevice
Driver Rank: 0xFF3000
Matching Device ID: SWD\GenericRaw
Outranked Drivers: 
Device Updated: false
Parent Device: HTREE\ROOT\0"
"25-05-2026 09:00:06","410","Information","Microsoft-Windows-Kernel-PnP","Device DISPLAY\DELA1B9\4&20b8d095&0&UID8263 was started.

Driver Name: oem462.inf
Class GUID: {4d36e96e-e325-11ce-bfc1-08002be10318}
Service: monitor
Lower Filters: 
Upper Filters: "
"25-05-2026 09:00:06","400","Information","Microsoft-Windows-Kernel-PnP","Device DISPLAY\DELA1B9\4&20b8d095&0&UID8263 was configured.

Driver Name: oem462.inf
Driver Package ID: u2422he.inf_amd64_977e0d0232dac0e1
Class GUID: {4d36e96e-e325-11ce-bfc1-08002be10318}
Driver Date: 10/02/2020
Driver Version: 1.0.0.0
Driver Provider: Dell Inc.
Driver Section: U2422HE_USB_TypeC.Install
Driver Rank: 0xFF0000
Matching Device ID: MONITOR\DELA1B9
Outranked Drivers: monitor.inf:*PNP09FF:00FF2000
Device Updated: false
Parent Device: PCI\VEN_8086&DEV_7D41&SUBSYS_0CE81028&REV_00\3&11583659&0&10"
"25-05-2026 09:00:04","410","Information","Microsoft-Windows-Kernel-PnP","Device SWD\MMDEVAPI\{0.0.0.00000000}.{6444fe29-8655-4aee-a4fe-5cf6b023032f} was started.

Driver Name: audioendpoint.inf
Class GUID: {c166523c-fe0c-4a94-a586-f1a80cfbbf3e}
Service: 
Lower Filters: 
Upper Filters: "
"25-05-2026 09:00:04","400","Information","Microsoft-Windows-Kernel-PnP","Device SWD\MMDEVAPI\{0.0.0.00000000}.{6444fe29-8655-4aee-a4fe-5cf6b023032f} was configured.

Driver Name: audioendpoint.inf
Driver Package ID: audioendpoint.inf_amd64_271c4d03bad18da8
Class GUID: {c166523c-fe0c-4a94-a586-f1a80cfbbf3e}
Driver Date: 03/31/2024
Driver Version: 10.0.26100.1
Driver Provider: Microsoft
Driver Section: NO_DRV
Driver Rank: 0xFF0000
Matching Device ID: MMDEVAPI\AudioEndpoints
Outranked Drivers: c_swdevice.inf:SWD\GenericRaw:00FF3001
Device Updated: false
Parent Device: HDAUDIO\SUBFUNC_01&VEN_8086&DEV_281D&NID_0001&SUBSYS_00000000&REV_1000\6&2d9a5e4c&0&0002&00000025"
"25-05-2026 09:00:03","410","Information","Microsoft-Windows-Kernel-PnP","Device HDAUDIO\SUBFUNC_01&VEN_8086&DEV_281D&NID_0001&SUBSYS_00000000&REV_1000\6&2d9a5e4c&0&0002&00000025 was started.

Driver Name: oem484.inf
Class GUID: {4d36e96c-e325-11ce-bfc1-08002be10318}
Service: 
Lower Filters: 
Upper Filters: "
"25-05-2026 09:00:03","400","Information","Microsoft-Windows-Kernel-PnP","Device HDAUDIO\SUBFUNC_01&VEN_8086&DEV_281D&NID_0001&SUBSYS_00000000&REV_1000\6&2d9a5e4c&0&0002&00000025 was configured.

Driver Name: oem484.inf
Driver Package ID: mshdadac.inf_amd64_f90ac2a0d84df747
Class GUID: {4d36e96c-e325-11ce-bfc1-08002be10318}
Driver Date: 01/30/2026
Driver Version: 32.0.101.8508
Driver Provider: Intel Corporation
Driver Section: Audio_Child_Device_Wrapper.NT
Driver Rank: 0xFF3008
Matching Device ID: HDAUDIO\SUBFUNC_01&VEN_8086&DEV_281D
Outranked Drivers: oem27.inf:HDAUDIO\SUBFUNC_01&VEN_8086&DEV_281D:00FF3008
Device Updated: false
Parent Device: INTELAUDIO\SGPC_FUNC_01&VEN_8086&DEV_281D&SUBSYS_80860101&REV_1000\5&32640736&0&0201DIF_000B&UIF_0000"
"25-05-2026 09:00:03","410","Information","Microsoft-Windows-Kernel-PnP","Device INTELAUDIO\SGPC_FUNC_01&VEN_8086&DEV_281D&SUBSYS_80860101&REV_1000\5&32640736&0&0201DIF_000B&UIF_0000 was started.

Driver Name: oem484.inf
Class GUID: {4d36e96c-e325-11ce-bfc1-08002be10318}
Service: AcxHdAudio
Lower Filters: 
Upper Filters: "
"25-05-2026 09:00:03","400","Information","Microsoft-Windows-Kernel-PnP","Device INTELAUDIO\SGPC_FUNC_01&VEN_8086&DEV_281D&SUBSYS_80860101&REV_1000\5&32640736&0&0201DIF_000B&UIF_0000 was configured.

Driver Name: oem484.inf
Driver Package ID: mshdadac.inf_amd64_f90ac2a0d84df747
Class GUID: {4d36e96c-e325-11ce-bfc1-08002be10318}
Driver Date: 01/30/2026
Driver Version: 32.0.101.8508
Driver Provider: Intel Corporation
Driver Section: Audio_Device_Wrapper.NT
Driver Rank: 0xF00001
Matching Device ID: INTELAUDIO\SGPC_FUNC_01&VEN_8086&DEV_281D&SUBSYS_80860101
Outranked Drivers: oem27.inf:INTELAUDIO\SGPC_FUNC_01&VEN_8086&DEV_281D&SUBSYS_80860101:00F00001 oem27.inf:INTELAUDIO\SGPC_FUNC_01&VEN_8086&DEV_281D:00F01003 oem484.inf:INTELAUDIO\SGPC_FUNC_01&VEN_8086&DEV_281D:00F01003
Device Updated: false
Parent Device: INTELAUDIO\DSP_CTLR_DEV_7728&VEN_8086&DEV_0222&SUBSYS_0CE81028&REV_0000\4&417d3cc&0&0800DIF_000B&UIF_0000"
