"10-08-2026 09:41:32","62443","Information","Microsoft-Windows-Shell-Core","AppDefault Info: SetDefault-Info: Association=.mid, ProgId=WMP11.AssocFile.MIDI, U=S-1-12-1-2357405129-1281513531-255772574-1816207334, T=2026:08:01:10:04:11, H=/sHW1mz05zw="
"10-08-2026 09:41:32","62443","Information","Microsoft-Windows-Shell-Core","AppDefault Info: SetDefault: Association=.mid, ProgId=WMP11.AssocFile.MIDI"
"10-08-2026 09:41:32","62443","Information","Microsoft-Windows-Shell-Core","AppDefault Info: SetDefault-Info: Association=.mhtml, ProgId=MSEdgeHTM, U=S-1-12-1-2357405129-1281513531-255772574-1816207334, T=2026:08:01:10:04:11, H=4pvxyy2eQ4w="
"10-08-2026 09:41:32","62443","Information","Microsoft-Windows-Shell-Core","AppDefault Info: SetDefault: Association=.mhtml, ProgId=MSEdgeHTM"
"10-08-2026 09:41:32","62443","Information","Microsoft-Windows-Shell-Core","AppDefault Info: SetDefault-Info: Association=.mht, ProgId=MSEdgeHTM, U=S-1-12-1-2357405129-1281513531-255772574-1816207334, T=2026:08:01:10:04:11, H=ix6yvklNRUA="
"10-08-2026 09:41:32","62443","Information","Microsoft-Windows-Shell-Core","AppDefault Info: SetDefault: Association=.mht, ProgId=MSEdgeHTM"
"10-08-2026 09:41:32","62443","Information","Microsoft-Windows-Shell-Core","AppDefault Info: SetDefault-Info: Association=.mef, ProgId=AppX9rkaq77s0jzh1tyccadx9ghba15r6t3h, U=S-1-12-1-2357405129-1281513531-255772574-1816207334, T=2026:08:01:10:04:11, H=pD4mRm9zW1k="
"10-08-2026 09:41:32","62443","Information","Microsoft-Windows-Shell-Core","AppDefault Info: SetDefault: Association=.mef, ProgId=AppX9rkaq77s0jzh1tyccadx9ghba15r6t3h"
"10-08-2026 09:41:32","62443","Information","Microsoft-Windows-Shell-Core","AppDefault Info: SetDefault-Info: Association=.m4v, ProgId=WMP11.AssocFile.MP4, U=S-1-12-1-2357405129-1281513531-255772574-1816207334, T=2026:08:01:10:04:11, H=j8Uj230n3aQ="
"10-08-2026 09:41:32","62443","Information","Microsoft-Windows-Shell-Core","AppDefault Info: SetDefault: Association=.m4v, ProgId=WMP11.AssocFile.MP4"
"10-08-2026 09:41:32","62443","Information","Microsoft-Windows-Shell-Core","AppDefault Info: SetDefault-Info: Association=.m4a, ProgId=WMP11.AssocFile.M4A, U=S-1-12-1-2357405129-1281513531-255772574-1816207334, T=2026:08:01:10:04:11, H=ApTRDRYQUU8="
"10-08-2026 09:41:32","62443","Information","Microsoft-Windows-Shell-Core","AppDefault Info: SetDefault: Association=.m4a, ProgId=WMP11.AssocFile.M4A"
"10-08-2026 09:41:32","62443","Information","Microsoft-Windows-Shell-Core","AppDefault Info: SetDefault-Info: Association=.m3u, ProgId=WMP11.AssocFile.m3u, U=S-1-12-1-2357405129-1281513531-255772574-1816207334, T=2026:08:01:10:04:11, H=wxD+RFy4k0s="
"10-08-2026 09:41:32","62443","Information","Microsoft-Windows-Shell-Core","AppDefault Info: SetDefault: Association=.m3u, ProgId=WMP11.AssocFile.m3u"
"10-08-2026 09:41:32","62443","Information","Microsoft-Windows-Shell-Core","AppDefault Info: SetDefault-Info: Association=.m2ts, ProgId=WMP11.AssocFile.M2TS, U=S-1-12-1-2357405129-1281513531-255772574-1816207334, T=2026:08:01:10:04:11, H=+OC4OtUMW/0="
"10-08-2026 09:41:32","62443","Information","Microsoft-Windows-Shell-Core","AppDefault Info: SetDefault: Association=.m2ts, ProgId=WMP11.AssocFile.M2TS"
"10-08-2026 09:41:32","62443","Information","Microsoft-Windows-Shell-Core","AppDefault Info: SetDefault-Info: Association=.m2t, ProgId=WMP11.AssocFile.M2TS, U=S-1-12-1-2357405129-1281513531-255772574-1816207334, T=2026:08:01:10:04:11, H=YKDdzSUg9FE="
"10-08-2026 09:41:32","62443","Information","Microsoft-Windows-Shell-Core","AppDefault Info: SetDefault: Association=.m2t, ProgId=WMP11.AssocFile.M2TS"
"10-08-2026 09:41:32","62443","Information","Microsoft-Windows-Shell-Core","AppDefault Info: SetDefault-Info: Association=.m1v, ProgId=WMP11.AssocFile.MPEG, U=S-1-12-1-2357405129-1281513531-255772574-1816207334, T=2026:08:01:10:04:11, H=yxE3aAaYJZg="
"10-08-2026 09:41:32","62443","Information","Microsoft-Windows-Shell-Core","AppDefault Info: SetDefault: Association=.m1v, ProgId=WMP11.AssocFile.MPEG"
"10-08-2026 09:41:32","62443","Information","Microsoft-Windows-Shell-Core","AppDefault Info: SetDefault-Info: Association=.kdc, ProgId=AppX43hnxtbyyps62jhe9sqpdzxn1790zetc, U=S-1-12-1-2357405129-1281513531-255772574-1816207334, T=2026:08:01:10:04:11, H=j6ErahI9XEA="
"10-08-2026 09:41:32","62443","Information","Microsoft-Windows-Shell-Core","AppDefault Info: SetDefault: Association=.kdc, ProgId=AppX43hnxtbyyps62jhe9sqpdzxn1790zetc"
"10-08-2026 09:41:32","62443","Information","Microsoft-Windows-Shell-Core","AppDefault Info: SetDefault-Info: Association=.k25, ProgId=AppX9rkaq77s0jzh1tyccadx9ghba15r6t3h, U=S-1-12-1-2357405129-1281513531-255772574-1816207334, T=2026:08:01:10:04:11, H=GoJ7N9iVOTM="
"10-08-2026 09:41:32","62443","Information","Microsoft-Windows-Shell-Core","AppDefault Info: SetDefault: Association=.k25, ProgId=AppX9rkaq77s0jzh1tyccadx9ghba15r6t3h"
"10-08-2026 09:41:32","62443","Information","Microsoft-Windows-Shell-Core","AppDefault Info: SetDefault-Info: Association=.jxr, ProgId=AppX43hnxtbyyps62jhe9sqpdzxn1790zetc, U=S-1-12-1-2357405129-1281513531-255772574-1816207334, T=2026:08:01:10:04:11, H=FWESjnTHK/4="
"10-08-2026 09:41:32","62443","Information","Microsoft-Windows-Shell-Core","AppDefault Info: SetDefault: Association=.jxr, ProgId=AppX43hnxtbyyps62jhe9sqpdzxn1790zetc"
"10-08-2026 09:41:32","62443","Information","Microsoft-Windows-Shell-Core","AppDefault Info: SetDefault-Info: Association=.js, ProgId=AppXkv2jqn1pq8ajm0p5dhgqde7aafykkrrn, U=S-1-12-1-2357405129-1281513531-255772574-1816207334, T=2026:08:01:10:04:11, H=dEdztyVjwiU="
"10-08-2026 09:41:32","62443","Information","Microsoft-Windows-Shell-Core","AppDefault Info: SetDefault: Association=.js, ProgId=AppXkv2jqn1pq8ajm0p5dhgqde7aafykkrrn"
"10-08-2026 09:41:32","62443","Information","Microsoft-Windows-Shell-Core","AppDefault Info: SetDefault-Info: Association=.jpg, ProgId=AppX43hnxtbyyps62jhe9sqpdzxn1790zetc, U=S-1-12-1-2357405129-1281513531-255772574-1816207334, T=2026:08:01:10:04:11, H=JJQyqgkg+Bg="
"10-08-2026 09:41:32","62443","Information","Microsoft-Windows-Shell-Core","AppDefault Info: SetDefault: Association=.jpg, ProgId=AppX43hnxtbyyps62jhe9sqpdzxn1790zetc"
"10-08-2026 09:41:32","62443","Information","Microsoft-Windows-Shell-Core","AppDefault Info: SetDefault-Info: Association=.jpeg, ProgId=AppX43hnxtbyyps62jhe9sqpdzxn1790zetc, U=S-1-12-1-2357405129-1281513531-255772574-1816207334, T=2026:08:01:10:04:11, H=m6LP56QK+nA="
"10-08-2026 09:41:32","62443","Information","Microsoft-Windows-Shell-Core","AppDefault Info: SetDefault: Association=.jpeg, ProgId=AppX43hnxtbyyps62jhe9sqpdzxn1790zetc"
"10-08-2026 09:41:32","62443","Information","Microsoft-Windows-Shell-Core","AppDefault Info: SetDefault-Info: Association=.jpe, ProgId=AppX43hnxtbyyps62jhe9sqpdzxn1790zetc, U=S-1-12-1-2357405129-1281513531-255772574-1816207334, T=2026:08:01:10:04:11, H=4AmYeqEuxFE="
"10-08-2026 09:41:32","62443","Information","Microsoft-Windows-Shell-Core","AppDefault Info: SetDefault: Association=.jpe, ProgId=AppX43hnxtbyyps62jhe9sqpdzxn1790zetc"
"10-08-2026 09:41:32","62443","Information","Microsoft-Windows-Shell-Core","AppDefault Info: SetDefault-Info: Association=.jfif, ProgId=AppX43hnxtbyyps62jhe9sqpdzxn1790zetc, U=S-1-12-1-2357405129-1281513531-255772574-1816207334, T=2026:08:01:10:04:11, H=U8OEVIOoKdk="
"10-08-2026 09:41:32","62443","Information","Microsoft-Windows-Shell-Core","AppDefault Info: SetDefault: Association=.jfif, ProgId=AppX43hnxtbyyps62jhe9sqpdzxn1790zetc"
"10-08-2026 09:41:32","62443","Information","Microsoft-Windows-Shell-Core","AppDefault Info: SetDefault-Info: Association=.iiq, ProgId=AppX9rkaq77s0jzh1tyccadx9ghba15r6t3h, U=S-1-12-1-2357405129-1281513531-255772574-1816207334, T=2026:08:01:10:04:11, H=CWF1xexPjR4="
"10-08-2026 09:41:32","62443","Information","Microsoft-Windows-Shell-Core","AppDefault Info: SetDefault: Association=.iiq, ProgId=AppX9rkaq77s0jzh1tyccadx9ghba15r6t3h"
"10-08-2026 09:41:32","62443","Information","Microsoft-Windows-Shell-Core","AppDefault Info: SetDefault-Info: Association=.ics, ProgId=AppX18q1gk8kdws5gt2g5c62cxc6qydq7tsw, U=S-1-12-1-2357405129-1281513531-255772574-1816207334, T=2026:08:01:10:04:11, H=5SHk/jfpaXY="
"10-08-2026 09:41:32","62443","Information","Microsoft-Windows-Shell-Core","AppDefault Info: SetDefault: Association=.ics, ProgId=AppX18q1gk8kdws5gt2g5c62cxc6qydq7tsw"
"10-08-2026 09:41:32","62443","Information","Microsoft-Windows-Shell-Core","AppDefault Info: SetDefault-Info: Association=.ico, ProgId=AppX43hnxtbyyps62jhe9sqpdzxn1790zetc, U=S-1-12-1-2357405129-1281513531-255772574-1816207334, T=2026:08:01:10:04:11, H=ytEB5ln+Iik="
"10-08-2026 09:41:32","62443","Information","Microsoft-Windows-Shell-Core","AppDefault Info: SetDefault: Association=.ico, ProgId=AppX43hnxtbyyps62jhe9sqpdzxn1790zetc"
"10-08-2026 09:41:32","62443","Information","Microsoft-Windows-Shell-Core","AppDefault Info: SetDefault-Info: Association=.html, ProgId=MSEdgeHTM, U=S-1-12-1-2357405129-1281513531-255772574-1816207334, T=2026:08:01:10:04:11, H=4CNrpF8TJXI="
"10-08-2026 09:41:32","62443","Information","Microsoft-Windows-Shell-Core","AppDefault Info: SetDefault: Association=.html, ProgId=MSEdgeHTM"
"10-08-2026 09:41:31","62443","Information","Microsoft-Windows-Shell-Core","AppDefault Info: SetDefault-Info: Association=.htm, ProgId=MSEdgeHTM, U=S-1-12-1-2357405129-1281513531-255772574-1816207334, T=2026:08:01:10:04:11, H=7MKKheWAOXw="
"10-08-2026 09:41:31","62443","Information","Microsoft-Windows-Shell-Core","AppDefault Info: SetDefault: Association=.htm, ProgId=MSEdgeHTM"
"10-08-2026 09:41:31","62443","Information","Microsoft-Windows-Shell-Core","AppDefault Info: SetDefault-Info: Association=.hta, ProgId=AppXkv2jqn1pq8ajm0p5dhgqde7aafykkrrn, U=S-1-12-1-2357405129-1281513531-255772574-1816207334, T=2026:08:01:10:04:11, H=Vqv6HQ1YvSE="
"10-08-2026 09:41:31","62443","Information","Microsoft-Windows-Shell-Core","AppDefault Info: SetDefault: Association=.hta, ProgId=AppXkv2jqn1pq8ajm0p5dhgqde7aafykkrrn"
"10-08-2026 09:41:31","62443","Information","Microsoft-Windows-Shell-Core","AppDefault Info: SetDefault-Info: Association=.hif, ProgId=AppX43hnxtbyyps62jhe9sqpdzxn1790zetc, U=S-1-12-1-2357405129-1281513531-255772574-1816207334, T=2026:08:01:10:04:11, H=uZCW6OrbT1w="
"10-08-2026 09:41:31","62443","Information","Microsoft-Windows-Shell-Core","AppDefault Info: SetDefault: Association=.hif, ProgId=AppX43hnxtbyyps62jhe9sqpdzxn1790zetc"
"10-08-2026 09:41:31","62443","Information","Microsoft-Windows-Shell-Core","AppDefault Info: SetDefault-Info: Association=.heif, ProgId=AppX43hnxtbyyps62jhe9sqpdzxn1790zetc, U=S-1-12-1-2357405129-1281513531-255772574-1816207334, T=2026:08:01:10:04:11, H=NK8k/NaHiUk="
"10-08-2026 09:41:31","62443","Information","Microsoft-Windows-Shell-Core","AppDefault Info: SetDefault: Association=.heif, ProgId=AppX43hnxtbyyps62jhe9sqpdzxn1790zetc"
"10-08-2026 09:41:31","62443","Information","Microsoft-Windows-Shell-Core","AppDefault Info: SetDefault-Info: Association=.heic, ProgId=AppX43hnxtbyyps62jhe9sqpdzxn1790zetc, U=S-1-12-1-2357405129-1281513531-255772574-1816207334, T=2026:08:01:10:04:11, H=NfUlcG3atZw="
"10-08-2026 09:41:31","62443","Information","Microsoft-Windows-Shell-Core","AppDefault Info: SetDefault: Association=.heic, ProgId=AppX43hnxtbyyps62jhe9sqpdzxn1790zetc"
"10-08-2026 09:41:31","62443","Information","Microsoft-Windows-Shell-Core","AppDefault Info: SetDefault-Info: Association=.gif, ProgId=AppX43hnxtbyyps62jhe9sqpdzxn1790zetc, U=S-1-12-1-2357405129-1281513531-255772574-1816207334, T=2026:08:01:10:04:11, H=NgbilQCmZ3Y="
"10-08-2026 09:41:31","62443","Information","Microsoft-Windows-Shell-Core","AppDefault Info: SetDefault: Association=.gif, ProgId=AppX43hnxtbyyps62jhe9sqpdzxn1790zetc"
"10-08-2026 09:41:31","62443","Information","Microsoft-Windows-Shell-Core","AppDefault Info: SetDefault-Info: Association=.flac, ProgId=WMP11.AssocFile.FLAC, U=S-1-12-1-2357405129-1281513531-255772574-1816207334, T=2026:08:01:10:04:11, H=Y6NIZzB30dU="
"10-08-2026 09:41:31","62443","Information","Microsoft-Windows-Shell-Core","AppDefault Info: SetDefault: Association=.flac, ProgId=WMP11.AssocFile.FLAC"
"10-08-2026 09:41:31","62443","Information","Microsoft-Windows-Shell-Core","AppDefault Info: SetDefault-Info: Association=.fff, ProgId=AppX9rkaq77s0jzh1tyccadx9ghba15r6t3h, U=S-1-12-1-2357405129-1281513531-255772574-1816207334, T=2026:08:01:10:04:11, H=XDYPPyH1VTM="
"10-08-2026 09:41:31","62443","Information","Microsoft-Windows-Shell-Core","AppDefault Info: SetDefault: Association=.fff, ProgId=AppX9rkaq77s0jzh1tyccadx9ghba15r6t3h"
"10-08-2026 09:41:31","62443","Information","Microsoft-Windows-Shell-Core","AppDefault Info: SetDefault-Info: Association=.erf, ProgId=AppX43hnxtbyyps62jhe9sqpdzxn1790zetc, U=S-1-12-1-2357405129-1281513531-255772574-1816207334, T=2026:08:01:10:04:11, H=M2lCcy0TYRI="
"10-08-2026 09:41:31","62443","Information","Microsoft-Windows-Shell-Core","AppDefault Info: SetDefault: Association=.erf, ProgId=AppX43hnxtbyyps62jhe9sqpdzxn1790zetc"
"10-08-2026 09:41:31","62443","Information","Microsoft-Windows-Shell-Core","AppDefault Info: SetDefault-Info: Association=.emf, ProgId=AppXcesbfs704v2mjbts9dkr42s9vmrhxbkj, U=S-1-12-1-2357405129-1281513531-255772574-1816207334, T=2026:08:01:10:04:11, H=RwErGRFFtUY="
"10-08-2026 09:41:31","62443","Information","Microsoft-Windows-Shell-Core","AppDefault Info: SetDefault: Association=.emf, ProgId=AppXcesbfs704v2mjbts9dkr42s9vmrhxbkj"
"10-08-2026 09:41:31","62443","Information","Microsoft-Windows-Shell-Core","AppDefault Info: SetDefault-Info: Association=.eip, ProgId=AppX9rkaq77s0jzh1tyccadx9ghba15r6t3h, U=S-1-12-1-2357405129-1281513531-255772574-1816207334, T=2026:08:01:10:04:11, H=OFk4NHoI3nk="
"10-08-2026 09:41:31","62443","Information","Microsoft-Windows-Shell-Core","AppDefault Info: SetDefault: Association=.eip, ProgId=AppX9rkaq77s0jzh1tyccadx9ghba15r6t3h"
"10-08-2026 09:41:31","62443","Information","Microsoft-Windows-Shell-Core","AppDefault Info: SetDefault-Info: Association=.drf, ProgId=AppX9rkaq77s0jzh1tyccadx9ghba15r6t3h, U=S-1-12-1-2357405129-1281513531-255772574-1816207334, T=2026:08:01:10:04:11, H=e99Ms5ueub8="
"10-08-2026 09:41:31","62443","Information","Microsoft-Windows-Shell-Core","AppDefault Info: SetDefault: Association=.drf, ProgId=AppX9rkaq77s0jzh1tyccadx9ghba15r6t3h"
"10-08-2026 09:41:31","62443","Information","Microsoft-Windows-Shell-Core","AppDefault Info: SetDefault-Info: Association=.dng, ProgId=AppXvvwq6wxamf7qhxd0vn6wm1wwehyxrdd6, U=S-1-12-1-2357405129-1281513531-255772574-1816207334, T=2026:08:01:10:04:11, H=7q8BHeGUa9c="
"10-08-2026 09:41:31","62443","Information","Microsoft-Windows-Shell-Core","AppDefault Info: SetDefault: Association=.dng, ProgId=AppXvvwq6wxamf7qhxd0vn6wm1wwehyxrdd6"
"10-08-2026 09:41:31","62443","Information","Microsoft-Windows-Shell-Core","AppDefault Info: SetDefault-Info: Association=.dib, ProgId=AppX43hnxtbyyps62jhe9sqpdzxn1790zetc, U=S-1-12-1-2357405129-1281513531-255772574-1816207334, T=2026:08:01:10:04:11, H=hmAV4u97+cI="
"10-08-2026 09:41:31","62443","Information","Microsoft-Windows-Shell-Core","AppDefault Info: SetDefault: Association=.dib, ProgId=AppX43hnxtbyyps62jhe9sqpdzxn1790zetc"
"10-08-2026 09:41:31","62443","Information","Microsoft-Windows-Shell-Core","AppDefault Info: SetDefault-Info: Association=.dcs, ProgId=AppX9rkaq77s0jzh1tyccadx9ghba15r6t3h, U=S-1-12-1-2357405129-1281513531-255772574-1816207334, T=2026:08:01:10:04:11, H=Eck474Z7A64="
"10-08-2026 09:41:31","62443","Information","Microsoft-Windows-Shell-Core","AppDefault Info: SetDefault: Association=.dcs, ProgId=AppX9rkaq77s0jzh1tyccadx9ghba15r6t3h"
"10-08-2026 09:41:31","62443","Information","Microsoft-Windows-Shell-Core","AppDefault Info: SetDefault-Info: Association=.dcr, ProgId=AppX9rkaq77s0jzh1tyccadx9ghba15r6t3h, U=S-1-12-1-2357405129-1281513531-255772574-1816207334, T=2026:08:01:10:04:11, H=vhWfC1a3jL8="
"10-08-2026 09:41:31","62443","Information","Microsoft-Windows-Shell-Core","AppDefault Info: SetDefault: Association=.dcr, ProgId=AppX9rkaq77s0jzh1tyccadx9ghba15r6t3h"
"10-08-2026 09:41:31","62443","Information","Microsoft-Windows-Shell-Core","AppDefault Info: SetDefault-Info: Association=.crw, ProgId=AppX43hnxtbyyps62jhe9sqpdzxn1790zetc, U=S-1-12-1-2357405129-1281513531-255772574-1816207334, T=2026:08:01:10:04:11, H=4zwyo22BS8o="
"10-08-2026 09:41:31","62443","Information","Microsoft-Windows-Shell-Core","AppDefault Info: SetDefault: Association=.crw, ProgId=AppX43hnxtbyyps62jhe9sqpdzxn1790zetc"
"10-08-2026 09:41:31","62443","Information","Microsoft-Windows-Shell-Core","AppDefault Info: SetDefault-Info: Association=.cr3, ProgId=AppX9rkaq77s0jzh1tyccadx9ghba15r6t3h, U=S-1-12-1-2357405129-1281513531-255772574-1816207334, T=2026:08:01:10:04:11, H=2eY5V99QfR8="
"10-08-2026 09:41:31","62443","Information","Microsoft-Windows-Shell-Core","AppDefault Info: SetDefault: Association=.cr3, ProgId=AppX9rkaq77s0jzh1tyccadx9ghba15r6t3h"
"10-08-2026 09:41:31","62443","Information","Microsoft-Windows-Shell-Core","AppDefault Info: SetDefault-Info: Association=.cr2, ProgId=AppX43hnxtbyyps62jhe9sqpdzxn1790zetc, U=S-1-12-1-2357405129-1281513531-255772574-1816207334, T=2026:08:01:10:04:11, H=jwWADGYr3fQ="
"10-08-2026 09:41:31","62443","Information","Microsoft-Windows-Shell-Core","AppDefault Info: SetDefault: Association=.cr2, ProgId=AppX43hnxtbyyps62jhe9sqpdzxn1790zetc"
"10-08-2026 09:41:31","62443","Information","Microsoft-Windows-Shell-Core","AppDefault Info: SetDefault-Info: Association=.cda, ProgId=WMP11.AssocFile.CDA, U=S-1-12-1-2357405129-1281513531-255772574-1816207334, T=2026:08:01:10:04:11, H=MCjxrlzSEYw="
"10-08-2026 09:41:31","62443","Information","Microsoft-Windows-Shell-Core","AppDefault Info: SetDefault: Association=.cda, ProgId=WMP11.AssocFile.CDA"
"10-08-2026 09:41:31","62443","Information","Microsoft-Windows-Shell-Core","AppDefault Info: SetDefault-Info: Association=.cap, ProgId=AppX9rkaq77s0jzh1tyccadx9ghba15r6t3h, U=S-1-12-1-2357405129-1281513531-255772574-1816207334, T=2026:08:01:10:04:11, H=B40/rmytoqc="
"10-08-2026 09:41:31","62443","Information","Microsoft-Windows-Shell-Core","AppDefault Info: SetDefault: Association=.cap, ProgId=AppX9rkaq77s0jzh1tyccadx9ghba15r6t3h"
"10-08-2026 09:41:31","62443","Information","Microsoft-Windows-Shell-Core","AppDefault Info: SetDefault-Info: Association=.cab, ProgId=CABFolder, U=S-1-12-1-2357405129-1281513531-255772574-1816207334, T=2026:08:01:10:04:11, H=Y4RDGKIoYKk="
"10-08-2026 09:41:31","62443","Information","Microsoft-Windows-Shell-Core","AppDefault Info: SetDefault: Association=.cab, ProgId=CABFolder"
"10-08-2026 09:41:31","62443","Information","Microsoft-Windows-Shell-Core","AppDefault Info: SetDefault-Info: Association=.bmp, ProgId=AppX43hnxtbyyps62jhe9sqpdzxn1790zetc, U=S-1-12-1-2357405129-1281513531-255772574-1816207334, T=2026:08:01:10:04:11, H=7u5E7oOV1Zs="
"10-08-2026 09:41:31","62443","Information","Microsoft-Windows-Shell-Core","AppDefault Info: SetDefault: Association=.bmp, ProgId=AppX43hnxtbyyps62jhe9sqpdzxn1790zetc"
"10-08-2026 09:41:31","62443","Information","Microsoft-Windows-Shell-Core","AppDefault Info: SetDefault-Info: Association=.bay, ProgId=AppX9rkaq77s0jzh1tyccadx9ghba15r6t3h, U=S-1-12-1-2357405129-1281513531-255772574-1816207334, T=2026:08:01:10:04:11, H=0a3tbcVh/nQ="
"10-08-2026 09:41:31","62443","Information","Microsoft-Windows-Shell-Core","AppDefault Info: SetDefault: Association=.bay, ProgId=AppX9rkaq77s0jzh1tyccadx9ghba15r6t3h"
"10-08-2026 09:41:31","62443","Information","Microsoft-Windows-Shell-Core","AppDefault Info: SetDefault-Info: Association=.avif, ProgId=AppX43hnxtbyyps62jhe9sqpdzxn1790zetc, U=S-1-12-1-2357405129-1281513531-255772574-1816207334, T=2026:08:01:10:04:11, H=MlGUhgfuP4w="
"10-08-2026 09:41:31","62443","Information","Microsoft-Windows-Shell-Core","AppDefault Info: SetDefault: Association=.avif, ProgId=AppX43hnxtbyyps62jhe9sqpdzxn1790zetc"
"10-08-2026 09:41:31","62443","Information","Microsoft-Windows-Shell-Core","AppDefault Info: SetDefault-Info: Association=.avi, ProgId=WMP11.AssocFile.AVI, U=S-1-12-1-2357405129-1281513531-255772574-1816207334, T=2026:08:01:10:04:11, H=rfwn4jmggs0="
"10-08-2026 09:41:31","62443","Information","Microsoft-Windows-Shell-Core","AppDefault Info: SetDefault: Association=.avi, ProgId=WMP11.AssocFile.AVI"
"10-08-2026 09:41:31","62443","Information","Microsoft-Windows-Shell-Core","AppDefault Info: SetDefault-Info: Association=.avci, ProgId=AppX9rkaq77s0jzh1tyccadx9ghba15r6t3h, U=S-1-12-1-2357405129-1281513531-255772574-1816207334, T=2026:08:01:10:04:11, H=roZCWtKD9QM="
"10-08-2026 09:41:31","62443","Information","Microsoft-Windows-Shell-Core","AppDefault Info: SetDefault: Association=.avci, ProgId=AppX9rkaq77s0jzh1tyccadx9ghba15r6t3h"
"10-08-2026 09:41:31","62443","Information","Microsoft-Windows-Shell-Core","AppDefault Info: SetDefault-Info: Association=.au, ProgId=WMP11.AssocFile.AU, U=S-1-12-1-2357405129-1281513531-255772574-1816207334, T=2026:08:01:10:04:11, H=Psf4HYLHET4="
"10-08-2026 09:41:31","62443","Information","Microsoft-Windows-Shell-Core","AppDefault Info: SetDefault: Association=.au, ProgId=WMP11.AssocFile.AU"
"10-08-2026 09:41:31","62443","Information","Microsoft-Windows-Shell-Core","AppDefault Info: SetDefault-Info: Association=.asx, ProgId=WMP11.AssocFile.ASX, U=S-1-12-1-2357405129-1281513531-255772574-1816207334, T=2026:08:01:10:04:11, H=pk8LBSU+gHI="
"10-08-2026 09:41:31","62443","Information","Microsoft-Windows-Shell-Core","AppDefault Info: SetDefault: Association=.asx, ProgId=WMP11.AssocFile.ASX"
"10-08-2026 09:41:31","62443","Information","Microsoft-Windows-Shell-Core","AppDefault Info: SetDefault-Info: Association=.asf, ProgId=WMP11.AssocFile.ASF, U=S-1-12-1-2357405129-1281513531-255772574-1816207334, T=2026:08:01:10:04:11, H=h16aKQ3ZTCk="
"10-08-2026 09:41:31","62443","Information","Microsoft-Windows-Shell-Core","AppDefault Info: SetDefault: Association=.asf, ProgId=WMP11.AssocFile.ASF"
"10-08-2026 09:41:31","62443","Information","Microsoft-Windows-Shell-Core","AppDefault Info: SetDefault-Info: Association=.arw, ProgId=AppX43hnxtbyyps62jhe9sqpdzxn1790zetc, U=S-1-12-1-2357405129-1281513531-255772574-1816207334, T=2026:08:01:10:04:11, H=SuZMO5jH2gM="
"10-08-2026 09:41:31","62443","Information","Microsoft-Windows-Shell-Core","AppDefault Info: SetDefault: Association=.arw, ProgId=AppX43hnxtbyyps62jhe9sqpdzxn1790zetc"
"10-08-2026 09:41:31","62443","Information","Microsoft-Windows-Shell-Core","AppDefault Info: SetDefault-Info: Association=.ari, ProgId=AppX9rkaq77s0jzh1tyccadx9ghba15r6t3h, U=S-1-12-1-2357405129-1281513531-255772574-1816207334, T=2026:08:01:10:04:11, H=qKqeXABe7KY="
"10-08-2026 09:41:31","62443","Information","Microsoft-Windows-Shell-Core","AppDefault Info: SetDefault: Association=.ari, ProgId=AppX9rkaq77s0jzh1tyccadx9ghba15r6t3h"
"10-08-2026 09:41:31","62443","Information","Microsoft-Windows-Shell-Core","AppDefault Info: SetDefault-Info: Association=.aiff, ProgId=WMP11.AssocFile.AIFF, U=S-1-12-1-2357405129-1281513531-255772574-1816207334, T=2026:08:01:10:04:11, H=Q0nY0rykgro="
"10-08-2026 09:41:31","62443","Information","Microsoft-Windows-Shell-Core","AppDefault Info: SetDefault: Association=.aiff, ProgId=WMP11.AssocFile.AIFF"
"10-08-2026 09:41:31","62443","Information","Microsoft-Windows-Shell-Core","AppDefault Info: SetDefault-Info: Association=.aifc, ProgId=WMP11.AssocFile.AIFF, U=S-1-12-1-2357405129-1281513531-255772574-1816207334, T=2026:08:01:10:04:11, H=b/z1M/PK2YA="
"10-08-2026 09:41:31","62443","Information","Microsoft-Windows-Shell-Core","AppDefault Info: SetDefault: Association=.aifc, ProgId=WMP11.AssocFile.AIFF"
"10-08-2026 09:41:31","62443","Information","Microsoft-Windows-Shell-Core","AppDefault Info: SetDefault-Info: Association=.aif, ProgId=WMP11.AssocFile.AIFF, U=S-1-12-1-2357405129-1281513531-255772574-1816207334, T=2026:08:01:10:04:11, H=toq5bJgLrJs="
"10-08-2026 09:41:31","62443","Information","Microsoft-Windows-Shell-Core","AppDefault Info: SetDefault: Association=.aif, ProgId=WMP11.AssocFile.AIFF"
"10-08-2026 09:41:31","62443","Information","Microsoft-Windows-Shell-Core","AppDefault Info: SetDefault-Info: Association=.adts, ProgId=WMP11.AssocFile.ADTS, U=S-1-12-1-2357405129-1281513531-255772574-1816207334, T=2026:08:01:10:04:11, H=6ht4UksbFCU="
"10-08-2026 09:41:31","62443","Information","Microsoft-Windows-Shell-Core","AppDefault Info: SetDefault: Association=.adts, ProgId=WMP11.AssocFile.ADTS"
"10-08-2026 09:41:31","62443","Information","Microsoft-Windows-Shell-Core","AppDefault Info: SetDefault-Info: Association=.aac, ProgId=WMP11.AssocFile.ADTS, U=S-1-12-1-2357405129-1281513531-255772574-1816207334, T=2026:08:01:10:04:11, H=ksk/vpo/lbY="
"10-08-2026 09:41:31","62443","Information","Microsoft-Windows-Shell-Core","AppDefault Info: SetDefault: Association=.aac, ProgId=WMP11.AssocFile.ADTS"
"10-08-2026 09:41:31","62443","Information","Microsoft-Windows-Shell-Core","AppDefault Info: SetDefault-Info: Association=.3gpp, ProgId=WMP11.AssocFile.3GP, U=S-1-12-1-2357405129-1281513531-255772574-1816207334, T=2026:08:01:10:04:11, H=OJudI+SebYk="
"10-08-2026 09:41:31","62443","Information","Microsoft-Windows-Shell-Core","AppDefault Info: SetDefault: Association=.3gpp, ProgId=WMP11.AssocFile.3GP"
"10-08-2026 09:41:31","62443","Information","Microsoft-Windows-Shell-Core","AppDefault Info: SetDefault-Info: Association=.3gp2, ProgId=WMP11.AssocFile.3G2, U=S-1-12-1-2357405129-1281513531-255772574-1816207334, T=2026:08:01:10:04:11, H=tS5OcYDFabs="
"10-08-2026 09:41:31","62443","Information","Microsoft-Windows-Shell-Core","AppDefault Info: SetDefault: Association=.3gp2, ProgId=WMP11.AssocFile.3G2"
"10-08-2026 09:41:31","62443","Information","Microsoft-Windows-Shell-Core","AppDefault Info: SetDefault-Info: Association=.3gp, ProgId=WMP11.AssocFile.3GP, U=S-1-12-1-2357405129-1281513531-255772574-1816207334, T=2026:08:01:10:04:11, H=K+DafmwqvjE="
"10-08-2026 09:41:31","62443","Information","Microsoft-Windows-Shell-Core","AppDefault Info: SetDefault: Association=.3gp, ProgId=WMP11.AssocFile.3GP"
"10-08-2026 09:41:31","62443","Information","Microsoft-Windows-Shell-Core","AppDefault Info: SetDefault-Info: Association=.3g2, ProgId=WMP11.AssocFile.3G2, U=S-1-12-1-2357405129-1281513531-255772574-1816207334, T=2026:08:01:10:04:11, H=uGmw3FDII9A="
"10-08-2026 09:41:31","62443","Information","Microsoft-Windows-Shell-Core","AppDefault Info: SetDefault: Association=.3g2, ProgId=WMP11.AssocFile.3G2"
"10-08-2026 09:41:30","62443","Information","Microsoft-Windows-Shell-Core","AppDefault Info: SetDefault-Info: Association=.3fr, ProgId=AppX9rkaq77s0jzh1tyccadx9ghba15r6t3h, U=S-1-12-1-2357405129-1281513531-255772574-1816207334, T=2026:08:01:10:04:11, H=ZMulvKXWvGE="
"10-08-2026 09:41:30","62443","Information","Microsoft-Windows-Shell-Core","AppDefault Info: SetDefault: Association=.3fr, ProgId=AppX9rkaq77s0jzh1tyccadx9ghba15r6t3h"
"10-08-2026 09:41:30","62443","Information","Microsoft-Windows-Shell-Core","AppDefault Info: AppDefaults-Logon-UserProfileLoaded"
"10-08-2026 09:41:30","62443","Information","Microsoft-Windows-Shell-Core","AppDefault Info: File Association hash version is still the same"
"03-08-2026 09:41:20","62443","Information","Microsoft-Windows-Shell-Core","AppDefault Info: Querying default browser info"
"03-08-2026 09:26:38","62443","Information","Microsoft-Windows-Shell-Core","AppDefault Info: SetDefault-Info: Association=read, ProgId=MSEdgeHTM, U=S-1-12-1-2357405129-1281513531-255772574-1816207334, T=2026:05:06:23:05:35, H=/E7tvyIAW3Y="
"03-08-2026 09:26:38","62443","Information","Microsoft-Windows-Shell-Core","AppDefault Info: SetDefault: Association=read, ProgId=MSEdgeHTM"
"03-08-2026 09:26:38","62443","Information","Microsoft-Windows-Shell-Core","AppDefault Info: SetDefault-Info: Association=onenote, ProgId=OneNote.URL.16, U=S-1-12-1-2357405129-1281513531-255772574-1816207334, T=2026:05:06:23:05:35, H=OvOwCi/9gU8="
"03-08-2026 09:26:38","62443","Information","Microsoft-Windows-Shell-Core","AppDefault Info: SetDefault: Association=onenote, ProgId=OneNote.URL.16"
"03-08-2026 09:26:38","62443","Information","Microsoft-Windows-Shell-Core","AppDefault Info: SetDefault-Info: Association=ms-xbl-3d8b930f, ProgId=MSEdgeHTM, U=S-1-12-1-2357405129-1281513531-255772574-1816207334, T=2026:05:06:23:05:35, H=hBzMZybqKJg="
"03-08-2026 09:26:38","62443","Information","Microsoft-Windows-Shell-Core","AppDefault Info: SetDefault: Association=ms-xbl-3d8b930f, ProgId=MSEdgeHTM"
"03-08-2026 09:26:37","62443","Information","Microsoft-Windows-Shell-Core","AppDefault Info: SetDefault-Info: Association=ms-screenclip, ProgId=AppXfeq5vwnakrw6cy02kzhq8ekhhsremh62, U=S-1-12-1-2357405129-1281513531-255772574-1816207334, T=2026:05:06:23:05:35, H=GvkzRuC3cfc="
"03-08-2026 09:26:37","62443","Information","Microsoft-Windows-Shell-Core","AppDefault Info: SetDefault: Association=ms-screenclip, ProgId=AppXfeq5vwnakrw6cy02kzhq8ekhhsremh62"
"03-08-2026 09:26:37","62443","Information","Microsoft-Windows-Shell-Core","AppDefault Info: SetDefault-Info: Association=ms-outlook, ProgId=AppX1scw7cgxcz9hmq03sd8qajzg3s9t7901, U=S-1-12-1-2357405129-1281513531-255772574-1816207334, T=2026:05:06:23:05:35, H=5toUzjAjhgY="
"03-08-2026 09:26:37","62443","Information","Microsoft-Windows-Shell-Core","AppDefault Info: SetDefault: Association=ms-outlook, ProgId=AppX1scw7cgxcz9hmq03sd8qajzg3s9t7901"
"03-08-2026 09:26:37","62443","Information","Microsoft-Windows-Shell-Core","AppDefault Info: SetDefault-Info: Association=microsoft-edge-holographic, ProgId=MSEdgeHTM, U=S-1-12-1-2357405129-1281513531-255772574-1816207334, T=2026:05:06:23:05:35, H=GD7d0P9BheI="
"03-08-2026 09:26:37","62443","Information","Microsoft-Windows-Shell-Core","AppDefault Info: SetDefault: Association=microsoft-edge-holographic, ProgId=MSEdgeHTM"
"03-08-2026 09:26:37","62443","Information","Microsoft-Windows-Shell-Core","AppDefault Info: SetDefault-Info: Association=microsoft-edge, ProgId=MSEdgeHTM, U=S-1-12-1-2357405129-1281513531-255772574-1816207334, T=2026:05:06:23:05:35, H=hyJViDe+P4I="
"03-08-2026 09:26:37","62443","Information","Microsoft-Windows-Shell-Core","AppDefault Info: SetDefault: Association=microsoft-edge, ProgId=MSEdgeHTM"
"03-08-2026 09:26:37","62443","Information","Microsoft-Windows-Shell-Core","AppDefault Info: SetDefault-Info: Association=mailto, ProgId=Outlook.URL.mailto.15, U=S-1-12-1-2357405129-1281513531-255772574-1816207334, T=2026:05:06:23:05:35, H=6qYi6E04sH4="
"03-08-2026 09:26:37","62443","Information","Microsoft-Windows-Shell-Core","AppDefault Info: SetDefault: Association=mailto, ProgId=Outlook.URL.mailto.15"
"03-08-2026 09:26:37","62443","Information","Microsoft-Windows-Shell-Core","AppDefault Info: SetDefault-Info: Association=https, ProgId=MSEdgeHTM, U=S-1-12-1-2357405129-1281513531-255772574-1816207334, T=2026:05:06:23:05:35, H=zW4rcX5PFHA="
"03-08-2026 09:26:37","62443","Information","Microsoft-Windows-Shell-Core","AppDefault Info: SetDefault: Association=https, ProgId=MSEdgeHTM"
"03-08-2026 09:26:37","62443","Information","Microsoft-Windows-Shell-Core","AppDefault Info: SetDefault-Info: Association=http, ProgId=MSEdgeHTM, U=S-1-12-1-2357405129-1281513531-255772574-1816207334, T=2026:05:06:23:05:35, H=5rmqDU+Z9Io="
"03-08-2026 09:26:37","62443","Information","Microsoft-Windows-Shell-Core","AppDefault Info: SetDefault: Association=http, ProgId=MSEdgeHTM"
"03-08-2026 09:26:23","62443","Information","Microsoft-Windows-Shell-Core","AppDefault Info: SetDefault-Info: Association=ftp, ProgId=MSEdgeHTM, U=S-1-12-1-2357405129-1281513531-255772574-1816207334, T=2026:05:06:23:05:35, H=0FMJNG4rgbk="
"03-08-2026 09:26:23","62443","Information","Microsoft-Windows-Shell-Core","AppDefault Info: SetDefault: Association=ftp, ProgId=MSEdgeHTM"
"03-08-2026 09:26:23","62443","Information","Microsoft-Windows-Shell-Core","AppDefault Info: SetDefault-Info: Association=.xml, ProgId=MSEdgeHTM, U=S-1-12-1-2357405129-1281513531-255772574-1816207334, T=2026:08:01:03:03:56, H=OoCKaMuPusg="
"03-08-2026 09:26:23","62443","Information","Microsoft-Windows-Shell-Core","AppDefault Info: SetDefault: Association=.xml, ProgId=MSEdgeHTM"
"03-08-2026 09:26:23","62443","Information","Microsoft-Windows-Shell-Core","AppDefault Info: SetDefault-Info: Association=.xhtml, ProgId=MSEdgeHTM, U=S-1-12-1-2357405129-1281513531-255772574-1816207334, T=2026:08:01:03:03:56, H=IlXRVjPe02g="
"03-08-2026 09:26:23","62443","Information","Microsoft-Windows-Shell-Core","AppDefault Info: SetDefault: Association=.xhtml, ProgId=MSEdgeHTM"
"03-08-2026 09:26:23","62443","Information","Microsoft-Windows-Shell-Core","AppDefault Info: SetDefault-Info: Association=.xht, ProgId=MSEdgeHTM, U=S-1-12-1-2357405129-1281513531-255772574-1816207334, T=2026:08:01:03:03:56, H=Y7YitlwzjUE="
"03-08-2026 09:26:23","62443","Information","Microsoft-Windows-Shell-Core","AppDefault Info: SetDefault: Association=.xht, ProgId=MSEdgeHTM"
"03-08-2026 09:26:23","62443","Information","Microsoft-Windows-Shell-Core","AppDefault Info: SetDefault-Info: Association=.wvx, ProgId=WMP11.AssocFile.WVX, U=S-1-12-1-2357405129-1281513531-255772574-1816207334, T=2026:08:01:03:03:56, H=rR8gNUmTRCs="
"03-08-2026 09:26:23","62443","Information","Microsoft-Windows-Shell-Core","AppDefault Info: SetDefault: Association=.wvx, ProgId=WMP11.AssocFile.WVX"
"03-08-2026 09:26:23","62443","Information","Microsoft-Windows-Shell-Core","AppDefault Info: SetDefault-Info: Association=.WPL, ProgId=WMP11.AssocFile.WPL, U=S-1-12-1-2357405129-1281513531-255772574-1816207334, T=2026:08:01:03:03:56, H=xp7CeAePbko="
"03-08-2026 09:26:23","62443","Information","Microsoft-Windows-Shell-Core","AppDefault Info: SetDefault: Association=.WPL, ProgId=WMP11.AssocFile.WPL"
"03-08-2026 09:26:23","62443","Information","Microsoft-Windows-Shell-Core","AppDefault Info: SetDefault-Info: Association=.wmx, ProgId=WMP11.AssocFile.ASX, U=S-1-12-1-2357405129-1281513531-255772574-1816207334, T=2026:08:01:03:03:56, H=Xx+q5/xkdic="
"03-08-2026 09:26:23","62443","Information","Microsoft-Windows-Shell-Core","AppDefault Info: SetDefault: Association=.wmx, ProgId=WMP11.AssocFile.ASX"
"03-08-2026 09:26:23","62443","Information","Microsoft-Windows-Shell-Core","AppDefault Info: SetDefault-Info: Association=.wmv, ProgId=WMP11.AssocFile.WMV, U=S-1-12-1-2357405129-1281513531-255772574-1816207334, T=2026:08:01:03:03:56, H=xmSfjPoVJvg="
"03-08-2026 09:26:23","62443","Information","Microsoft-Windows-Shell-Core","AppDefault Info: SetDefault: Association=.wmv, ProgId=WMP11.AssocFile.WMV"
"03-08-2026 09:26:23","62443","Information","Microsoft-Windows-Shell-Core","AppDefault Info: SetDefault-Info: Association=.wmf, ProgId=AppXcesbfs704v2mjbts9dkr42s9vmrhxbkj, U=S-1-12-1-2357405129-1281513531-255772574-1816207334, T=2026:08:01:03:03:56, H=Ow8H2AA10jo="
"03-08-2026 09:26:23","62443","Information","Microsoft-Windows-Shell-Core","AppDefault Info: SetDefault: Association=.wmf, ProgId=AppXcesbfs704v2mjbts9dkr42s9vmrhxbkj"
"03-08-2026 09:26:23","62443","Information","Microsoft-Windows-Shell-Core","AppDefault Info: SetDefault-Info: Association=.wma, ProgId=WMP11.AssocFile.WMA, U=S-1-12-1-2357405129-1281513531-255772574-1816207334, T=2026:08:01:03:03:56, H=ucOWxmEhB60="
"03-08-2026 09:26:23","62443","Information","Microsoft-Windows-Shell-Core","AppDefault Info: SetDefault: Association=.wma, ProgId=WMP11.AssocFile.WMA"
"03-08-2026 09:26:23","62443","Information","Microsoft-Windows-Shell-Core","AppDefault Info: SetDefault-Info: Association=.wm, ProgId=WMP11.AssocFile.ASF, U=S-1-12-1-2357405129-1281513531-255772574-1816207334, T=2026:08:01:03:03:56, H=0x4iSN29iXc="
"03-08-2026 09:26:23","62443","Information","Microsoft-Windows-Shell-Core","AppDefault Info: SetDefault: Association=.wm, ProgId=WMP11.AssocFile.ASF"
"03-08-2026 09:26:23","62443","Information","Microsoft-Windows-Shell-Core","AppDefault Info: SetDefault-Info: Association=.webp, ProgId=AppX43hnxtbyyps62jhe9sqpdzxn1790zetc, U=S-1-12-1-2357405129-1281513531-255772574-1816207334, T=2026:08:01:03:03:56, H=xu1B7ChSrVI="
"03-08-2026 09:26:23","62443","Information","Microsoft-Windows-Shell-Core","AppDefault Info: SetDefault: Association=.webp, ProgId=AppX43hnxtbyyps62jhe9sqpdzxn1790zetc"
"03-08-2026 09:26:23","62443","Information","Microsoft-Windows-Shell-Core","AppDefault Info: SetDefault-Info: Association=.wdp, ProgId=AppX43hnxtbyyps62jhe9sqpdzxn1790zetc, U=S-1-12-1-2357405129-1281513531-255772574-1816207334, T=2026:08:01:03:03:56, H=L4Rz1SLoMlQ="
"03-08-2026 09:26:23","62443","Information","Microsoft-Windows-Shell-Core","AppDefault Info: SetDefault: Association=.wdp, ProgId=AppX43hnxtbyyps62jhe9sqpdzxn1790zetc"
"03-08-2026 09:26:23","62443","Information","Microsoft-Windows-Shell-Core","AppDefault Info: SetDefault-Info: Association=.wax, ProgId=WMP11.AssocFile.WAX, U=S-1-12-1-2357405129-1281513531-255772574-1816207334, T=2026:08:01:03:03:56, H=eQfiU+d8pA4="
"03-08-2026 09:26:23","62443","Information","Microsoft-Windows-Shell-Core","AppDefault Info: SetDefault: Association=.wax, ProgId=WMP11.AssocFile.WAX"
"03-08-2026 09:26:23","62443","Information","Microsoft-Windows-Shell-Core","AppDefault Info: SetDefault-Info: Association=.wav, ProgId=WMP11.AssocFile.WAV, U=S-1-12-1-2357405129-1281513531-255772574-1816207334, T=2026:08:01:03:03:56, H=jBsJ0qxDHiA="
"03-08-2026 09:26:23","62443","Information","Microsoft-Windows-Shell-Core","AppDefault Info: SetDefault: Association=.wav, ProgId=WMP11.AssocFile.WAV"
"03-08-2026 09:26:23","62443","Information","Microsoft-Windows-Shell-Core","AppDefault Info: SetDefault-Info: Association=.vcf, ProgId=AppXpb1vntage8kvnwpyg40aqz34j851h4p1, U=S-1-12-1-2357405129-1281513531-255772574-1816207334, T=2026:08:01:03:03:56, H=SrY3PQlnXxQ="
"03-08-2026 09:26:23","62443","Information","Microsoft-Windows-Shell-Core","AppDefault Info: SetDefault: Association=.vcf, ProgId=AppXpb1vntage8kvnwpyg40aqz34j851h4p1"
"03-08-2026 09:26:23","62443","Information","Microsoft-Windows-Shell-Core","AppDefault Info: SetDefault-Info: Association=.url, ProgId=IE.AssocFile.URL, U=S-1-12-1-2357405129-1281513531-255772574-1816207334, T=2026:08:01:03:03:56, H=E5lbtkP+7mU="
"03-08-2026 09:26:23","62443","Information","Microsoft-Windows-Shell-Core","AppDefault Info: SetDefault: Association=.url, ProgId=IE.AssocFile.URL"
"03-08-2026 09:26:23","62443","Information","Microsoft-Windows-Shell-Core","AppDefault Info: SetDefault-Info: Association=.TTS, ProgId=WMP11.AssocFile.TTS, U=S-1-12-1-2357405129-1281513531-255772574-1816207334, T=2026:08:01:03:03:56, H=pGSt6CveRV8="
"03-08-2026 09:26:23","62443","Information","Microsoft-Windows-Shell-Core","AppDefault Info: SetDefault: Association=.TTS, ProgId=WMP11.AssocFile.TTS"
"03-08-2026 09:26:23","62443","Information","Microsoft-Windows-Shell-Core","AppDefault Info: SetDefault-Info: Association=.TS, ProgId=WMP11.AssocFile.TTS, U=S-1-12-1-2357405129-1281513531-255772574-1816207334, T=2026:08:01:03:03:56, H=aQjiW5gjM0s="
"03-08-2026 09:26:23","62443","Information","Microsoft-Windows-Shell-Core","AppDefault Info: SetDefault: Association=.TS, ProgId=WMP11.AssocFile.TTS"
"03-08-2026 09:26:23","62443","Information","Microsoft-Windows-Shell-Core","AppDefault Info: SetDefault-Info: Association=.tiff, ProgId=PhotoViewer.FileAssoc.Tiff, U=S-1-12-1-2357405129-1281513531-255772574-1816207334, T=2026:08:01:03:03:56, H=7NPlxNzK1dQ="
"03-08-2026 09:26:23","62443","Information","Microsoft-Windows-Shell-Core","AppDefault Info: SetDefault: Association=.tiff, ProgId=PhotoViewer.FileAssoc.Tiff"
"03-08-2026 09:26:23","62443","Information","Microsoft-Windows-Shell-Core","AppDefault Info: SetDefault-Info: Association=.tif, ProgId=PhotoViewer.FileAssoc.Tiff, U=S-1-12-1-2357405129-1281513531-255772574-1816207334, T=2026:08:01:03:03:56, H=ChNdAppfkWs="
"03-08-2026 09:26:23","62443","Information","Microsoft-Windows-Shell-Core","AppDefault Info: SetDefault: Association=.tif, ProgId=PhotoViewer.FileAssoc.Tiff"
"03-08-2026 09:26:23","62443","Information","Microsoft-Windows-Shell-Core","AppDefault Info: SetDefault-Info: Association=.thumb, ProgId=AppX43hnxtbyyps62jhe9sqpdzxn1790zetc, U=S-1-12-1-2357405129-1281513531-255772574-1816207334, T=2026:08:01:03:03:56, H=waMuoT2n2oo="
"03-08-2026 09:26:23","62443","Information","Microsoft-Windows-Shell-Core","AppDefault Info: SetDefault: Association=.thumb, ProgId=AppX43hnxtbyyps62jhe9sqpdzxn1790zetc"
"03-08-2026 09:26:23","62443","Information","Microsoft-Windows-Shell-Core","AppDefault Info: SetDefault-Info: Association=.svg, ProgId=MSEdgeHTM, U=S-1-12-1-2357405129-1281513531-255772574-1816207334, T=2026:08:01:03:03:56, H=cZExwowSTcQ="
"03-08-2026 09:26:23","62443","Information","Microsoft-Windows-Shell-Core","AppDefault Info: SetDefault: Association=.svg, ProgId=MSEdgeHTM"
"03-08-2026 09:26:23","62443","Information","Microsoft-Windows-Shell-Core","AppDefault Info: SetDefault-Info: Association=.srw, ProgId=AppX43hnxtbyyps62jhe9sqpdzxn1790zetc, U=S-1-12-1-2357405129-1281513531-255772574-1816207334, T=2026:08:01:03:03:56, H=BnZP+BWl1D0="
"03-08-2026 09:26:23","62443","Information","Microsoft-Windows-Shell-Core","AppDefault Info: SetDefault: Association=.srw, ProgId=AppX43hnxtbyyps62jhe9sqpdzxn1790zetc"
"03-08-2026 09:26:23","62443","Information","Microsoft-Windows-Shell-Core","AppDefault Info: SetDefault-Info: Association=.srf, ProgId=AppX9rkaq77s0jzh1tyccadx9ghba15r6t3h, U=S-1-12-1-2357405129-1281513531-255772574-1816207334, T=2026:08:01:03:03:56, H=/Viikxaqf3I="
"03-08-2026 09:26:23","62443","Information","Microsoft-Windows-Shell-Core","AppDefault Info: SetDefault: Association=.srf, ProgId=AppX9rkaq77s0jzh1tyccadx9ghba15r6t3h"
"03-08-2026 09:26:23","62443","Information","Microsoft-Windows-Shell-Core","AppDefault Info: SetDefault-Info: Association=.sr2, ProgId=AppX43hnxtbyyps62jhe9sqpdzxn1790zetc, U=S-1-12-1-2357405129-1281513531-255772574-1816207334, T=2026:08:01:03:03:56, H=JWhFSF96BsA="
"03-08-2026 09:26:23","62443","Information","Microsoft-Windows-Shell-Core","AppDefault Info: SetDefault: Association=.sr2, ProgId=AppX43hnxtbyyps62jhe9sqpdzxn1790zetc"
"03-08-2026 09:26:23","62443","Information","Microsoft-Windows-Shell-Core","AppDefault Info: SetDefault-Info: Association=.snd, ProgId=WMP11.AssocFile.AU, U=S-1-12-1-2357405129-1281513531-255772574-1816207334, T=2026:08:01:03:03:56, H=om+ljv2h3UE="
"03-08-2026 09:26:23","62443","Information","Microsoft-Windows-Shell-Core","AppDefault Info: SetDefault: Association=.snd, ProgId=WMP11.AssocFile.AU"
"03-08-2026 09:26:23","62443","Information","Microsoft-Windows-Shell-Core","AppDefault Info: SetDefault-Info: Association=.rwl, ProgId=AppX43hnxtbyyps62jhe9sqpdzxn1790zetc, U=S-1-12-1-2357405129-1281513531-255772574-1816207334, T=2026:08:01:03:03:56, H=mxdb8gttXxk="
"03-08-2026 09:26:23","62443","Information","Microsoft-Windows-Shell-Core","AppDefault Info: SetDefault: Association=.rwl, ProgId=AppX43hnxtbyyps62jhe9sqpdzxn1790zetc"
"03-08-2026 09:26:23","62443","Information","Microsoft-Windows-Shell-Core","AppDefault Info: SetDefault-Info: Association=.rw2, ProgId=AppX43hnxtbyyps62jhe9sqpdzxn1790zetc, U=S-1-12-1-2357405129-1281513531-255772574-1816207334, T=2026:08:01:03:03:56, H=eVdvB4ImUNE="
"03-08-2026 09:26:23","62443","Information","Microsoft-Windows-Shell-Core","AppDefault Info: SetDefault: Association=.rw2, ProgId=AppX43hnxtbyyps62jhe9sqpdzxn1790zetc"
"03-08-2026 09:26:23","62443","Information","Microsoft-Windows-Shell-Core","AppDefault Info: SetDefault-Info: Association=.rmi, ProgId=WMP11.AssocFile.MIDI, U=S-1-12-1-2357405129-1281513531-255772574-1816207334, T=2026:08:01:03:03:56, H=f4la38RBvPs="
"03-08-2026 09:26:23","62443","Information","Microsoft-Windows-Shell-Core","AppDefault Info: SetDefault: Association=.rmi, ProgId=WMP11.AssocFile.MIDI"
"03-08-2026 09:26:23","62443","Information","Microsoft-Windows-Shell-Core","AppDefault Info: SetDefault-Info: Association=.rle, ProgId=AppXcesbfs704v2mjbts9dkr42s9vmrhxbkj, U=S-1-12-1-2357405129-1281513531-255772574-1816207334, T=2026:08:01:03:03:56, H=QuURagHb/lU="
"03-08-2026 09:26:23","62443","Information","Microsoft-Windows-Shell-Core","AppDefault Info: SetDefault: Association=.rle, ProgId=AppXcesbfs704v2mjbts9dkr42s9vmrhxbkj"
"03-08-2026 09:26:23","62443","Information","Microsoft-Windows-Shell-Core","AppDefault Info: SetDefault-Info: Association=.raw, ProgId=AppX43hnxtbyyps62jhe9sqpdzxn1790zetc, U=S-1-12-1-2357405129-1281513531-255772574-1816207334, T=2026:08:01:03:03:56, H=XeiPPBndjiE="
"03-08-2026 09:26:23","62443","Information","Microsoft-Windows-Shell-Core","AppDefault Info: SetDefault: Association=.raw, ProgId=AppX43hnxtbyyps62jhe9sqpdzxn1790zetc"
"03-08-2026 09:26:23","62443","Information","Microsoft-Windows-Shell-Core","AppDefault Info: SetDefault-Info: Association=.raf, ProgId=AppX43hnxtbyyps62jhe9sqpdzxn1790zetc, U=S-1-12-1-2357405129-1281513531-255772574-1816207334, T=2026:08:01:03:03:56, H=iLFtU6pjM+8="
"03-08-2026 09:26:23","62443","Information","Microsoft-Windows-Shell-Core","AppDefault Info: SetDefault: Association=.raf, ProgId=AppX43hnxtbyyps62jhe9sqpdzxn1790zetc"
"03-08-2026 09:26:23","62443","Information","Microsoft-Windows-Shell-Core","AppDefault Info: SetDefault-Info: Association=.psm1, ProgId=AppX1b0e9ytcwx0wcmvkdey0h6af04t1ta3z, U=S-1-12-1-2357405129-1281513531-255772574-1816207334, T=2026:08:01:03:03:56, H=4qV4djkkg60="
"03-08-2026 09:26:23","62443","Information","Microsoft-Windows-Shell-Core","AppDefault Info: SetDefault: Association=.psm1, ProgId=AppX1b0e9ytcwx0wcmvkdey0h6af04t1ta3z"
"03-08-2026 09:26:23","62443","Information","Microsoft-Windows-Shell-Core","AppDefault Info: SetDefault-Info: Association=.psd1, ProgId=AppXc9vj55m1n3559gcjff0scsqeket80zp7, U=S-1-12-1-2357405129-1281513531-255772574-1816207334, T=2026:08:01:03:03:56, H=G+htoK8nmXI="
"03-08-2026 09:26:23","62443","Information","Microsoft-Windows-Shell-Core","AppDefault Info: SetDefault: Association=.psd1, ProgId=AppXc9vj55m1n3559gcjff0scsqeket80zp7"
"03-08-2026 09:26:23","62443","Information","Microsoft-Windows-Shell-Core","AppDefault Info: SetDefault-Info: Association=.ps1, ProgId=AppXxf01pj590w7z9mxmyv3nx0a9ewj3e51g, U=S-1-12-1-2357405129-1281513531-255772574-1816207334, T=2026:08:01:03:03:56, H=UpnmrSsKKCY="
"03-08-2026 09:26:23","62443","Information","Microsoft-Windows-Shell-Core","AppDefault Info: SetDefault: Association=.ps1, ProgId=AppXxf01pj590w7z9mxmyv3nx0a9ewj3e51g"
"03-08-2026 09:26:23","62443","Information","Microsoft-Windows-Shell-Core","AppDefault Info: SetDefault-Info: Association=.png, ProgId=AppX43hnxtbyyps62jhe9sqpdzxn1790zetc, U=S-1-12-1-2357405129-1281513531-255772574-1816207334, T=2026:08:01:03:03:56, H=N5bhzOnLImM="
"03-08-2026 09:26:23","62443","Information","Microsoft-Windows-Shell-Core","AppDefault Info: SetDefault: Association=.png, ProgId=AppX43hnxtbyyps62jhe9sqpdzxn1790zetc"
"03-08-2026 09:26:23","62443","Information","Microsoft-Windows-Shell-Core","AppDefault Info: SetDefault-Info: Association=.pef, ProgId=AppX43hnxtbyyps62jhe9sqpdzxn1790zetc, U=S-1-12-1-2357405129-1281513531-255772574-1816207334, T=2026:08:01:03:03:56, H=0ijT6D8S0eo="
"03-08-2026 09:26:23","62443","Information","Microsoft-Windows-Shell-Core","AppDefault Info: SetDefault: Association=.pef, ProgId=AppX43hnxtbyyps62jhe9sqpdzxn1790zetc"
"03-08-2026 09:26:23","62443","Information","Microsoft-Windows-Shell-Core","AppDefault Info: SetDefault-Info: Association=.pdf, ProgId=Acrobat.Document.DC, U=S-1-12-1-2357405129-1281513531-255772574-1816207334, T=2026:08:01:03:03:56, H=1u7KEGuOn0o="
"03-08-2026 09:26:23","62443","Information","Microsoft-Windows-Shell-Core","AppDefault Info: SetDefault: Association=.pdf, ProgId=Acrobat.Document.DC"
"03-08-2026 09:26:23","62443","Information","Microsoft-Windows-Shell-Core","AppDefault Info: SetDefault-Info: Association=.ori, ProgId=AppX9rkaq77s0jzh1tyccadx9ghba15r6t3h, U=S-1-12-1-2357405129-1281513531-255772574-1816207334, T=2026:08:01:03:03:56, H=e/VrwcK9gLE="
"03-08-2026 09:26:23","62443","Information","Microsoft-Windows-Shell-Core","AppDefault Info: SetDefault: Association=.ori, ProgId=AppX9rkaq77s0jzh1tyccadx9ghba15r6t3h"
"03-08-2026 09:26:23","62443","Information","Microsoft-Windows-Shell-Core","AppDefault Info: SetDefault-Info: Association=.orf, ProgId=AppX43hnxtbyyps62jhe9sqpdzxn1790zetc, U=S-1-12-1-2357405129-1281513531-255772574-1816207334, T=2026:08:01:03:03:56, H=L+dIZOAnQo0="
"03-08-2026 09:26:23","62443","Information","Microsoft-Windows-Shell-Core","AppDefault Info: SetDefault: Association=.orf, ProgId=AppX43hnxtbyyps62jhe9sqpdzxn1790zetc"
"03-08-2026 09:26:23","62443","Information","Microsoft-Windows-Shell-Core","AppDefault Info: SetDefault-Info: Association=.nrw, ProgId=AppX43hnxtbyyps62jhe9sqpdzxn1790zetc, U=S-1-12-1-2357405129-1281513531-255772574-1816207334, T=2026:08:01:03:03:56, H=JqhlIcAzbLM="
"03-08-2026 09:26:23","62443","Information","Microsoft-Windows-Shell-Core","AppDefault Info: SetDefault: Association=.nrw, ProgId=AppX43hnxtbyyps62jhe9sqpdzxn1790zetc"
"03-08-2026 09:26:23","62443","Information","Microsoft-Windows-Shell-Core","AppDefault Info: SetDefault-Info: Association=.nef, ProgId=AppX43hnxtbyyps62jhe9sqpdzxn1790zetc, U=S-1-12-1-2357405129-1281513531-255772574-1816207334, T=2026:08:01:03:03:56, H=VLfW3EacpFA="
"03-08-2026 09:26:23","62443","Information","Microsoft-Windows-Shell-Core","AppDefault Info: SetDefault: Association=.nef, ProgId=AppX43hnxtbyyps62jhe9sqpdzxn1790zetc"
"03-08-2026 09:26:23","62443","Information","Microsoft-Windows-Shell-Core","AppDefault Info: SetDefault-Info: Association=.mts, ProgId=WMP11.AssocFile.M2TS, U=S-1-12-1-2357405129-1281513531-255772574-1816207334, T=2026:08:01:03:03:56, H=/0u3WLN75cc="
"03-08-2026 09:26:23","62443","Information","Microsoft-Windows-Shell-Core","AppDefault Info: SetDefault: Association=.mts, ProgId=WMP11.AssocFile.M2TS"
"03-08-2026 09:26:23","62443","Information","Microsoft-Windows-Shell-Core","AppDefault Info: SetDefault-Info: Association=.mrw, ProgId=AppX43hnxtbyyps62jhe9sqpdzxn1790zetc, U=S-1-12-1-2357405129-1281513531-255772574-1816207334, T=2026:08:01:03:03:56, H=actpit4teyw="
