"24-06-2026 11:27:25","12289","Information","Microsoft-Windows-Crypto-DPAPI","DPAPI found credential key.

 	Credential Key Identifier:	0xA72919B2574C12D1E74078B64D62E14D0586E3130B54594F7F724BB0CD0F668A
 	User Name:	joe.prakash@nielseniq.com
 	User Sid:	S-1-12-1-2357405129-1281513531-255772574-1816207334
"
"24-06-2026 10:58:03","12290","Information","Microsoft-Windows-Crypto-DPAPI","Credential key does not exist."
"24-06-2026 10:58:02","12290","Information","Microsoft-Windows-Crypto-DPAPI","Credential key does not exist."
"24-06-2026 10:58:00","12289","Information","Microsoft-Windows-Crypto-DPAPI","DPAPI found credential key.

 	Credential Key Identifier:	0xA72919B2574C12D1E74078B64D62E14D0586E3130B54594F7F724BB0CD0F668A
 	User Name:	joe.prakash@nielseniq.com
 	User Sid:	S-1-12-1-2357405129-1281513531-255772574-1816207334
"
"24-06-2026 10:57:53","12289","Information","Microsoft-Windows-Crypto-DPAPI","DPAPI found credential key.

 	Credential Key Identifier:	0xA72919B2574C12D1E74078B64D62E14D0586E3130B54594F7F724BB0CD0F668A
 	User Name:	joe.prakash@nielseniq.com
 	User Sid:	S-1-12-1-2357405129-1281513531-255772574-1816207334
"
"24-06-2026 10:42:27","12290","Information","Microsoft-Windows-Crypto-DPAPI","Credential key does not exist."
"24-06-2026 10:42:26","12290","Information","Microsoft-Windows-Crypto-DPAPI","Credential key does not exist."
"24-06-2026 10:42:24","12289","Information","Microsoft-Windows-Crypto-DPAPI","DPAPI found credential key.

 	Credential Key Identifier:	0xA72919B2574C12D1E74078B64D62E14D0586E3130B54594F7F724BB0CD0F668A
 	User Name:	joe.prakash@nielseniq.com
 	User Sid:	S-1-12-1-2357405129-1281513531-255772574-1816207334
"
"24-06-2026 10:42:05","12289","Information","Microsoft-Windows-Crypto-DPAPI","DPAPI found credential key.

 	Credential Key Identifier:	0xA72919B2574C12D1E74078B64D62E14D0586E3130B54594F7F724BB0CD0F668A
 	User Name:	joe.prakash@nielseniq.com
 	User Sid:	S-1-12-1-2357405129-1281513531-255772574-1816207334
"
"23-06-2026 15:34:08","12289","Information","Microsoft-Windows-Crypto-DPAPI","DPAPI found credential key.

 	Credential Key Identifier:	0xA72919B2574C12D1E74078B64D62E14D0586E3130B54594F7F724BB0CD0F668A
 	User Name:	joe.prakash@nielseniq.com
 	User Sid:	S-1-12-1-2357405129-1281513531-255772574-1816207334
"
"23-06-2026 15:34:03","12289","Information","Microsoft-Windows-Crypto-DPAPI","DPAPI found credential key.

 	Credential Key Identifier:	0xA72919B2574C12D1E74078B64D62E14D0586E3130B54594F7F724BB0CD0F668A
 	User Name:	joe.prakash@nielseniq.com
 	User Sid:	S-1-12-1-2357405129-1281513531-255772574-1816207334
"
"23-06-2026 14:51:40","12290","Information","Microsoft-Windows-Crypto-DPAPI","Credential key does not exist."
"23-06-2026 14:51:39","12290","Information","Microsoft-Windows-Crypto-DPAPI","Credential key does not exist."
"23-06-2026 14:51:37","12289","Information","Microsoft-Windows-Crypto-DPAPI","DPAPI found credential key.

 	Credential Key Identifier:	0xA72919B2574C12D1E74078B64D62E14D0586E3130B54594F7F724BB0CD0F668A
 	User Name:	joe.prakash@nielseniq.com
 	User Sid:	S-1-12-1-2357405129-1281513531-255772574-1816207334
"
"23-06-2026 14:51:32","12289","Information","Microsoft-Windows-Crypto-DPAPI","DPAPI found credential key.

 	Credential Key Identifier:	0xA72919B2574C12D1E74078B64D62E14D0586E3130B54594F7F724BB0CD0F668A
 	User Name:	joe.prakash@nielseniq.com
 	User Sid:	S-1-12-1-2357405129-1281513531-255772574-1816207334
"
"23-06-2026 14:14:32","12290","Information","Microsoft-Windows-Crypto-DPAPI","Credential key does not exist."
"23-06-2026 14:14:31","12290","Information","Microsoft-Windows-Crypto-DPAPI","Credential key does not exist."
"23-06-2026 14:14:29","12289","Information","Microsoft-Windows-Crypto-DPAPI","DPAPI found credential key.

 	Credential Key Identifier:	0xA72919B2574C12D1E74078B64D62E14D0586E3130B54594F7F724BB0CD0F668A
 	User Name:	joe.prakash@nielseniq.com
 	User Sid:	S-1-12-1-2357405129-1281513531-255772574-1816207334
"
"23-06-2026 14:14:24","12289","Information","Microsoft-Windows-Crypto-DPAPI","DPAPI found credential key.

 	Credential Key Identifier:	0xA72919B2574C12D1E74078B64D62E14D0586E3130B54594F7F724BB0CD0F668A
 	User Name:	joe.prakash@nielseniq.com
 	User Sid:	S-1-12-1-2357405129-1281513531-255772574-1816207334
"
"23-06-2026 13:24:53","12290","Information","Microsoft-Windows-Crypto-DPAPI","Credential key does not exist."
"23-06-2026 13:24:52","12290","Information","Microsoft-Windows-Crypto-DPAPI","Credential key does not exist."
"23-06-2026 13:24:50","12289","Information","Microsoft-Windows-Crypto-DPAPI","DPAPI found credential key.

 	Credential Key Identifier:	0xA72919B2574C12D1E74078B64D62E14D0586E3130B54594F7F724BB0CD0F668A
 	User Name:	joe.prakash@nielseniq.com
 	User Sid:	S-1-12-1-2357405129-1281513531-255772574-1816207334
"
"23-06-2026 13:24:45","12289","Information","Microsoft-Windows-Crypto-DPAPI","DPAPI found credential key.

 	Credential Key Identifier:	0xA72919B2574C12D1E74078B64D62E14D0586E3130B54594F7F724BB0CD0F668A
 	User Name:	joe.prakash@nielseniq.com
 	User Sid:	S-1-12-1-2357405129-1281513531-255772574-1816207334
"
"23-06-2026 13:15:56","12290","Information","Microsoft-Windows-Crypto-DPAPI","Credential key does not exist."
"23-06-2026 13:15:55","12290","Information","Microsoft-Windows-Crypto-DPAPI","Credential key does not exist."
"23-06-2026 13:15:53","12289","Information","Microsoft-Windows-Crypto-DPAPI","DPAPI found credential key.

 	Credential Key Identifier:	0xA72919B2574C12D1E74078B64D62E14D0586E3130B54594F7F724BB0CD0F668A
 	User Name:	joe.prakash@nielseniq.com
 	User Sid:	S-1-12-1-2357405129-1281513531-255772574-1816207334
"
"23-06-2026 13:15:48","12289","Information","Microsoft-Windows-Crypto-DPAPI","DPAPI found credential key.

 	Credential Key Identifier:	0xA72919B2574C12D1E74078B64D62E14D0586E3130B54594F7F724BB0CD0F668A
 	User Name:	joe.prakash@nielseniq.com
 	User Sid:	S-1-12-1-2357405129-1281513531-255772574-1816207334
"
"23-06-2026 12:49:00","12290","Information","Microsoft-Windows-Crypto-DPAPI","Credential key does not exist."
"23-06-2026 12:48:59","12290","Information","Microsoft-Windows-Crypto-DPAPI","Credential key does not exist."
"23-06-2026 12:48:57","12289","Information","Microsoft-Windows-Crypto-DPAPI","DPAPI found credential key.

 	Credential Key Identifier:	0xA72919B2574C12D1E74078B64D62E14D0586E3130B54594F7F724BB0CD0F668A
 	User Name:	joe.prakash@nielseniq.com
 	User Sid:	S-1-12-1-2357405129-1281513531-255772574-1816207334
"
"23-06-2026 12:48:52","12289","Information","Microsoft-Windows-Crypto-DPAPI","DPAPI found credential key.

 	Credential Key Identifier:	0xA72919B2574C12D1E74078B64D62E14D0586E3130B54594F7F724BB0CD0F668A
 	User Name:	joe.prakash@nielseniq.com
 	User Sid:	S-1-12-1-2357405129-1281513531-255772574-1816207334
"
"23-06-2026 12:47:04","12290","Information","Microsoft-Windows-Crypto-DPAPI","Credential key does not exist."
"23-06-2026 12:47:03","12290","Information","Microsoft-Windows-Crypto-DPAPI","Credential key does not exist."
"23-06-2026 12:47:01","12289","Information","Microsoft-Windows-Crypto-DPAPI","DPAPI found credential key.

 	Credential Key Identifier:	0xA72919B2574C12D1E74078B64D62E14D0586E3130B54594F7F724BB0CD0F668A
 	User Name:	joe.prakash@nielseniq.com
 	User Sid:	S-1-12-1-2357405129-1281513531-255772574-1816207334
"
"23-06-2026 12:46:57","12289","Information","Microsoft-Windows-Crypto-DPAPI","DPAPI found credential key.

 	Credential Key Identifier:	0xA72919B2574C12D1E74078B64D62E14D0586E3130B54594F7F724BB0CD0F668A
 	User Name:	joe.prakash@nielseniq.com
 	User Sid:	S-1-12-1-2357405129-1281513531-255772574-1816207334
"
"23-06-2026 12:33:33","12290","Information","Microsoft-Windows-Crypto-DPAPI","Credential key does not exist."
"23-06-2026 12:33:32","12290","Information","Microsoft-Windows-Crypto-DPAPI","Credential key does not exist."
"23-06-2026 12:33:31","12289","Information","Microsoft-Windows-Crypto-DPAPI","DPAPI found credential key.

 	Credential Key Identifier:	0xA72919B2574C12D1E74078B64D62E14D0586E3130B54594F7F724BB0CD0F668A
 	User Name:	joe.prakash@nielseniq.com
 	User Sid:	S-1-12-1-2357405129-1281513531-255772574-1816207334
"
"23-06-2026 12:33:26","12289","Information","Microsoft-Windows-Crypto-DPAPI","DPAPI found credential key.

 	Credential Key Identifier:	0xA72919B2574C12D1E74078B64D62E14D0586E3130B54594F7F724BB0CD0F668A
 	User Name:	joe.prakash@nielseniq.com
 	User Sid:	S-1-12-1-2357405129-1281513531-255772574-1816207334
"
"23-06-2026 12:23:07","12290","Information","Microsoft-Windows-Crypto-DPAPI","Credential key does not exist."
"23-06-2026 12:23:06","12290","Information","Microsoft-Windows-Crypto-DPAPI","Credential key does not exist."
"23-06-2026 12:23:04","12289","Information","Microsoft-Windows-Crypto-DPAPI","DPAPI found credential key.

 	Credential Key Identifier:	0xA72919B2574C12D1E74078B64D62E14D0586E3130B54594F7F724BB0CD0F668A
 	User Name:	joe.prakash@nielseniq.com
 	User Sid:	S-1-12-1-2357405129-1281513531-255772574-1816207334
"
"23-06-2026 12:22:59","12289","Information","Microsoft-Windows-Crypto-DPAPI","DPAPI found credential key.

 	Credential Key Identifier:	0xA72919B2574C12D1E74078B64D62E14D0586E3130B54594F7F724BB0CD0F668A
 	User Name:	joe.prakash@nielseniq.com
 	User Sid:	S-1-12-1-2357405129-1281513531-255772574-1816207334
"
"23-06-2026 11:20:04","12290","Information","Microsoft-Windows-Crypto-DPAPI","Credential key does not exist."
"23-06-2026 11:20:03","12290","Information","Microsoft-Windows-Crypto-DPAPI","Credential key does not exist."
"23-06-2026 11:20:01","12289","Information","Microsoft-Windows-Crypto-DPAPI","DPAPI found credential key.

 	Credential Key Identifier:	0xA72919B2574C12D1E74078B64D62E14D0586E3130B54594F7F724BB0CD0F668A
 	User Name:	joe.prakash@nielseniq.com
 	User Sid:	S-1-12-1-2357405129-1281513531-255772574-1816207334
"
"23-06-2026 11:19:55","12289","Information","Microsoft-Windows-Crypto-DPAPI","DPAPI found credential key.

 	Credential Key Identifier:	0xA72919B2574C12D1E74078B64D62E14D0586E3130B54594F7F724BB0CD0F668A
 	User Name:	joe.prakash@nielseniq.com
 	User Sid:	S-1-12-1-2357405129-1281513531-255772574-1816207334
"
"23-06-2026 10:11:51","12290","Information","Microsoft-Windows-Crypto-DPAPI","Credential key does not exist."
"23-06-2026 10:11:50","12290","Information","Microsoft-Windows-Crypto-DPAPI","Credential key does not exist."
"23-06-2026 10:11:48","12289","Information","Microsoft-Windows-Crypto-DPAPI","DPAPI found credential key.

 	Credential Key Identifier:	0xA72919B2574C12D1E74078B64D62E14D0586E3130B54594F7F724BB0CD0F668A
 	User Name:	joe.prakash@nielseniq.com
 	User Sid:	S-1-12-1-2357405129-1281513531-255772574-1816207334
"
"23-06-2026 10:11:42","12289","Information","Microsoft-Windows-Crypto-DPAPI","DPAPI found credential key.

 	Credential Key Identifier:	0xA72919B2574C12D1E74078B64D62E14D0586E3130B54594F7F724BB0CD0F668A
 	User Name:	joe.prakash@nielseniq.com
 	User Sid:	S-1-12-1-2357405129-1281513531-255772574-1816207334
"
"23-06-2026 09:36:48","12290","Information","Microsoft-Windows-Crypto-DPAPI","Credential key does not exist."
"23-06-2026 09:36:47","12290","Information","Microsoft-Windows-Crypto-DPAPI","Credential key does not exist."
"23-06-2026 09:36:45","12289","Information","Microsoft-Windows-Crypto-DPAPI","DPAPI found credential key.

 	Credential Key Identifier:	0xA72919B2574C12D1E74078B64D62E14D0586E3130B54594F7F724BB0CD0F668A
 	User Name:	joe.prakash@nielseniq.com
 	User Sid:	S-1-12-1-2357405129-1281513531-255772574-1816207334
"
"23-06-2026 09:36:39","12289","Information","Microsoft-Windows-Crypto-DPAPI","DPAPI found credential key.

 	Credential Key Identifier:	0xA72919B2574C12D1E74078B64D62E14D0586E3130B54594F7F724BB0CD0F668A
 	User Name:	joe.prakash@nielseniq.com
 	User Sid:	S-1-12-1-2357405129-1281513531-255772574-1816207334
"
"23-06-2026 09:00:24","12289","Information","Microsoft-Windows-Crypto-DPAPI","DPAPI found credential key.

 	Credential Key Identifier:	0x9899FB4EB3F24AD2A181AC38B980F0E9FB7040C335DBA4C2C1DEFECCAA96F4A2
 	User Name:	arjo5004
 	User Sid:	S-1-12-1-2357405129-1281513531-255772574-1816207334
"
"23-06-2026 09:00:24","12289","Information","Microsoft-Windows-Crypto-DPAPI","DPAPI found credential key.

 	Credential Key Identifier:	0x03762A142963D42C899D19BA619130935B5A15F7F538B2BF449FC35DE9EFE1CD
 	User Name:	arjo5004
 	User Sid:	S-1-12-1-2357405129-1281513531-255772574-1816207334
"
"23-06-2026 09:00:24","12289","Information","Microsoft-Windows-Crypto-DPAPI","DPAPI found credential key.

 	Credential Key Identifier:	0xA72919B2574C12D1E74078B64D62E14D0586E3130B54594F7F724BB0CD0F668A
 	User Name:	joe.prakash@nielseniq.com
 	User Sid:	S-1-12-1-2357405129-1281513531-255772574-1816207334
"
"23-06-2026 08:59:47","12289","Information","Microsoft-Windows-Crypto-DPAPI","DPAPI found credential key.

 	Credential Key Identifier:	0x368357677758BA230C82D6CF32334A07FD4D38C007B43E4E82DF6E86B7D7DE1D
 	User Name:	arjo5004
 	User Sid:	S-1-12-1-2357405129-1281513531-255772574-1816207334
"
"23-06-2026 08:59:47","12289","Information","Microsoft-Windows-Crypto-DPAPI","DPAPI found credential key.

 	Credential Key Identifier:	0xA72919B2574C12D1E74078B64D62E14D0586E3130B54594F7F724BB0CD0F668A
 	User Name:	joe.prakash@nielseniq.com
 	User Sid:	S-1-12-1-2357405129-1281513531-255772574-1816207334
"
"22-06-2026 17:30:41","12290","Information","Microsoft-Windows-Crypto-DPAPI","Credential key does not exist."
"22-06-2026 17:30:40","12290","Information","Microsoft-Windows-Crypto-DPAPI","Credential key does not exist."
"22-06-2026 17:30:38","12289","Information","Microsoft-Windows-Crypto-DPAPI","DPAPI found credential key.

 	Credential Key Identifier:	0xA72919B2574C12D1E74078B64D62E14D0586E3130B54594F7F724BB0CD0F668A
 	User Name:	joe.prakash@nielseniq.com
 	User Sid:	S-1-12-1-2357405129-1281513531-255772574-1816207334
"
"22-06-2026 17:30:33","12289","Information","Microsoft-Windows-Crypto-DPAPI","DPAPI found credential key.

 	Credential Key Identifier:	0xA72919B2574C12D1E74078B64D62E14D0586E3130B54594F7F724BB0CD0F668A
 	User Name:	joe.prakash@nielseniq.com
 	User Sid:	S-1-12-1-2357405129-1281513531-255772574-1816207334
"
"22-06-2026 16:17:39","12290","Information","Microsoft-Windows-Crypto-DPAPI","Credential key does not exist."
"22-06-2026 16:17:38","12290","Information","Microsoft-Windows-Crypto-DPAPI","Credential key does not exist."
"22-06-2026 16:17:36","12289","Information","Microsoft-Windows-Crypto-DPAPI","DPAPI found credential key.

 	Credential Key Identifier:	0xA72919B2574C12D1E74078B64D62E14D0586E3130B54594F7F724BB0CD0F668A
 	User Name:	joe.prakash@nielseniq.com
 	User Sid:	S-1-12-1-2357405129-1281513531-255772574-1816207334
"
"22-06-2026 16:17:30","12289","Information","Microsoft-Windows-Crypto-DPAPI","DPAPI found credential key.

 	Credential Key Identifier:	0xA72919B2574C12D1E74078B64D62E14D0586E3130B54594F7F724BB0CD0F668A
 	User Name:	joe.prakash@nielseniq.com
 	User Sid:	S-1-12-1-2357405129-1281513531-255772574-1816207334
"
"22-06-2026 15:01:29","12290","Information","Microsoft-Windows-Crypto-DPAPI","Credential key does not exist."
"22-06-2026 15:01:28","12290","Information","Microsoft-Windows-Crypto-DPAPI","Credential key does not exist."
"22-06-2026 15:01:26","12289","Information","Microsoft-Windows-Crypto-DPAPI","DPAPI found credential key.

 	Credential Key Identifier:	0xA72919B2574C12D1E74078B64D62E14D0586E3130B54594F7F724BB0CD0F668A
 	User Name:	joe.prakash@nielseniq.com
 	User Sid:	S-1-12-1-2357405129-1281513531-255772574-1816207334
"
"22-06-2026 15:01:20","12289","Information","Microsoft-Windows-Crypto-DPAPI","DPAPI found credential key.

 	Credential Key Identifier:	0xA72919B2574C12D1E74078B64D62E14D0586E3130B54594F7F724BB0CD0F668A
 	User Name:	joe.prakash@nielseniq.com
 	User Sid:	S-1-12-1-2357405129-1281513531-255772574-1816207334
"
"22-06-2026 14:10:11","12289","Information","Microsoft-Windows-Crypto-DPAPI","DPAPI found credential key.

 	Credential Key Identifier:	0xA72919B2574C12D1E74078B64D62E14D0586E3130B54594F7F724BB0CD0F668A
 	User Name:	joe.prakash@nielseniq.com
 	User Sid:	S-1-12-1-2357405129-1281513531-255772574-1816207334
"
"22-06-2026 14:10:06","12289","Information","Microsoft-Windows-Crypto-DPAPI","DPAPI found credential key.

 	Credential Key Identifier:	0xA72919B2574C12D1E74078B64D62E14D0586E3130B54594F7F724BB0CD0F668A
 	User Name:	joe.prakash@nielseniq.com
 	User Sid:	S-1-12-1-2357405129-1281513531-255772574-1816207334
"
"22-06-2026 13:44:01","12289","Information","Microsoft-Windows-Crypto-DPAPI","DPAPI found credential key.

 	Credential Key Identifier:	0xA72919B2574C12D1E74078B64D62E14D0586E3130B54594F7F724BB0CD0F668A
 	User Name:	joe.prakash@nielseniq.com
 	User Sid:	S-1-12-1-2357405129-1281513531-255772574-1816207334
"
"22-06-2026 13:43:55","12289","Information","Microsoft-Windows-Crypto-DPAPI","DPAPI found credential key.

 	Credential Key Identifier:	0xA72919B2574C12D1E74078B64D62E14D0586E3130B54594F7F724BB0CD0F668A
 	User Name:	joe.prakash@nielseniq.com
 	User Sid:	S-1-12-1-2357405129-1281513531-255772574-1816207334
"
"22-06-2026 12:30:59","12289","Information","Microsoft-Windows-Crypto-DPAPI","DPAPI found credential key.

 	Credential Key Identifier:	0xA72919B2574C12D1E74078B64D62E14D0586E3130B54594F7F724BB0CD0F668A
 	User Name:	joe.prakash@nielseniq.com
 	User Sid:	S-1-12-1-2357405129-1281513531-255772574-1816207334
"
"22-06-2026 12:30:53","12289","Information","Microsoft-Windows-Crypto-DPAPI","DPAPI found credential key.

 	Credential Key Identifier:	0xA72919B2574C12D1E74078B64D62E14D0586E3130B54594F7F724BB0CD0F668A
 	User Name:	joe.prakash@nielseniq.com
 	User Sid:	S-1-12-1-2357405129-1281513531-255772574-1816207334
"
"22-06-2026 10:21:45","12290","Information","Microsoft-Windows-Crypto-DPAPI","Credential key does not exist."
"22-06-2026 10:21:44","12290","Information","Microsoft-Windows-Crypto-DPAPI","Credential key does not exist."
"22-06-2026 10:21:43","12289","Information","Microsoft-Windows-Crypto-DPAPI","DPAPI found credential key.

 	Credential Key Identifier:	0xA72919B2574C12D1E74078B64D62E14D0586E3130B54594F7F724BB0CD0F668A
 	User Name:	joe.prakash@nielseniq.com
 	User Sid:	S-1-12-1-2357405129-1281513531-255772574-1816207334
"
"22-06-2026 10:21:37","12289","Information","Microsoft-Windows-Crypto-DPAPI","DPAPI found credential key.

 	Credential Key Identifier:	0xA72919B2574C12D1E74078B64D62E14D0586E3130B54594F7F724BB0CD0F668A
 	User Name:	joe.prakash@nielseniq.com
 	User Sid:	S-1-12-1-2357405129-1281513531-255772574-1816207334
"
"22-06-2026 09:32:19","12290","Information","Microsoft-Windows-Crypto-DPAPI","Credential key does not exist."
"22-06-2026 09:32:18","12290","Information","Microsoft-Windows-Crypto-DPAPI","Credential key does not exist."
"22-06-2026 09:32:16","12289","Information","Microsoft-Windows-Crypto-DPAPI","DPAPI found credential key.

 	Credential Key Identifier:	0xA72919B2574C12D1E74078B64D62E14D0586E3130B54594F7F724BB0CD0F668A
 	User Name:	joe.prakash@nielseniq.com
 	User Sid:	S-1-12-1-2357405129-1281513531-255772574-1816207334
"
"22-06-2026 09:32:10","12289","Information","Microsoft-Windows-Crypto-DPAPI","DPAPI found credential key.

 	Credential Key Identifier:	0xA72919B2574C12D1E74078B64D62E14D0586E3130B54594F7F724BB0CD0F668A
 	User Name:	joe.prakash@nielseniq.com
 	User Sid:	S-1-12-1-2357405129-1281513531-255772574-1816207334
"
"22-06-2026 08:49:14","12290","Information","Microsoft-Windows-Crypto-DPAPI","Credential key does not exist."
"22-06-2026 08:49:13","12290","Information","Microsoft-Windows-Crypto-DPAPI","Credential key does not exist."
"22-06-2026 08:49:11","12289","Information","Microsoft-Windows-Crypto-DPAPI","DPAPI found credential key.

 	Credential Key Identifier:	0xA72919B2574C12D1E74078B64D62E14D0586E3130B54594F7F724BB0CD0F668A
 	User Name:	joe.prakash@nielseniq.com
 	User Sid:	S-1-12-1-2357405129-1281513531-255772574-1816207334
"
"22-06-2026 08:49:03","12289","Information","Microsoft-Windows-Crypto-DPAPI","DPAPI found credential key.

 	Credential Key Identifier:	0xA72919B2574C12D1E74078B64D62E14D0586E3130B54594F7F724BB0CD0F668A
 	User Name:	joe.prakash@nielseniq.com
 	User Sid:	S-1-12-1-2357405129-1281513531-255772574-1816207334
"
"19-06-2026 18:52:35","12290","Information","Microsoft-Windows-Crypto-DPAPI","Credential key does not exist."
"19-06-2026 18:52:34","12290","Information","Microsoft-Windows-Crypto-DPAPI","Credential key does not exist."
"19-06-2026 18:52:32","12289","Information","Microsoft-Windows-Crypto-DPAPI","DPAPI found credential key.

 	Credential Key Identifier:	0xA72919B2574C12D1E74078B64D62E14D0586E3130B54594F7F724BB0CD0F668A
 	User Name:	joe.prakash@nielseniq.com
 	User Sid:	S-1-12-1-2357405129-1281513531-255772574-1816207334
"
"19-06-2026 18:52:26","12289","Information","Microsoft-Windows-Crypto-DPAPI","DPAPI found credential key.

 	Credential Key Identifier:	0xA72919B2574C12D1E74078B64D62E14D0586E3130B54594F7F724BB0CD0F668A
 	User Name:	joe.prakash@nielseniq.com
 	User Sid:	S-1-12-1-2357405129-1281513531-255772574-1816207334
"
"19-06-2026 17:12:19","12290","Information","Microsoft-Windows-Crypto-DPAPI","Credential key does not exist."
"19-06-2026 17:12:18","12290","Information","Microsoft-Windows-Crypto-DPAPI","Credential key does not exist."
"19-06-2026 17:12:16","12289","Information","Microsoft-Windows-Crypto-DPAPI","DPAPI found credential key.

 	Credential Key Identifier:	0xA72919B2574C12D1E74078B64D62E14D0586E3130B54594F7F724BB0CD0F668A
 	User Name:	joe.prakash@nielseniq.com
 	User Sid:	S-1-12-1-2357405129-1281513531-255772574-1816207334
"
"19-06-2026 17:12:11","12289","Information","Microsoft-Windows-Crypto-DPAPI","DPAPI found credential key.

 	Credential Key Identifier:	0xA72919B2574C12D1E74078B64D62E14D0586E3130B54594F7F724BB0CD0F668A
 	User Name:	joe.prakash@nielseniq.com
 	User Sid:	S-1-12-1-2357405129-1281513531-255772574-1816207334
"
"19-06-2026 15:41:19","12290","Information","Microsoft-Windows-Crypto-DPAPI","Credential key does not exist."
"19-06-2026 15:41:18","12290","Information","Microsoft-Windows-Crypto-DPAPI","Credential key does not exist."
"19-06-2026 15:41:17","12289","Information","Microsoft-Windows-Crypto-DPAPI","DPAPI found credential key.

 	Credential Key Identifier:	0xA72919B2574C12D1E74078B64D62E14D0586E3130B54594F7F724BB0CD0F668A
 	User Name:	joe.prakash@nielseniq.com
 	User Sid:	S-1-12-1-2357405129-1281513531-255772574-1816207334
"
"19-06-2026 15:41:12","12289","Information","Microsoft-Windows-Crypto-DPAPI","DPAPI found credential key.

 	Credential Key Identifier:	0xA72919B2574C12D1E74078B64D62E14D0586E3130B54594F7F724BB0CD0F668A
 	User Name:	joe.prakash@nielseniq.com
 	User Sid:	S-1-12-1-2357405129-1281513531-255772574-1816207334
"
"19-06-2026 14:27:53","12290","Information","Microsoft-Windows-Crypto-DPAPI","Credential key does not exist."
"19-06-2026 14:27:52","12290","Information","Microsoft-Windows-Crypto-DPAPI","Credential key does not exist."
"19-06-2026 14:27:51","12289","Information","Microsoft-Windows-Crypto-DPAPI","DPAPI found credential key.

 	Credential Key Identifier:	0xA72919B2574C12D1E74078B64D62E14D0586E3130B54594F7F724BB0CD0F668A
 	User Name:	joe.prakash@nielseniq.com
 	User Sid:	S-1-12-1-2357405129-1281513531-255772574-1816207334
"
"19-06-2026 14:27:46","12289","Information","Microsoft-Windows-Crypto-DPAPI","DPAPI found credential key.

 	Credential Key Identifier:	0xA72919B2574C12D1E74078B64D62E14D0586E3130B54594F7F724BB0CD0F668A
 	User Name:	joe.prakash@nielseniq.com
 	User Sid:	S-1-12-1-2357405129-1281513531-255772574-1816207334
"
"19-06-2026 13:53:56","12290","Information","Microsoft-Windows-Crypto-DPAPI","Credential key does not exist."
"19-06-2026 13:53:55","12290","Information","Microsoft-Windows-Crypto-DPAPI","Credential key does not exist."
"19-06-2026 13:53:53","12289","Information","Microsoft-Windows-Crypto-DPAPI","DPAPI found credential key.

 	Credential Key Identifier:	0xA72919B2574C12D1E74078B64D62E14D0586E3130B54594F7F724BB0CD0F668A
 	User Name:	joe.prakash@nielseniq.com
 	User Sid:	S-1-12-1-2357405129-1281513531-255772574-1816207334
"
"19-06-2026 13:53:49","12289","Information","Microsoft-Windows-Crypto-DPAPI","DPAPI found credential key.

 	Credential Key Identifier:	0xA72919B2574C12D1E74078B64D62E14D0586E3130B54594F7F724BB0CD0F668A
 	User Name:	joe.prakash@nielseniq.com
 	User Sid:	S-1-12-1-2357405129-1281513531-255772574-1816207334
"
"19-06-2026 13:02:37","12290","Information","Microsoft-Windows-Crypto-DPAPI","Credential key does not exist."
"19-06-2026 13:02:36","12290","Information","Microsoft-Windows-Crypto-DPAPI","Credential key does not exist."
"19-06-2026 13:02:34","12289","Information","Microsoft-Windows-Crypto-DPAPI","DPAPI found credential key.

 	Credential Key Identifier:	0xA72919B2574C12D1E74078B64D62E14D0586E3130B54594F7F724BB0CD0F668A
 	User Name:	joe.prakash@nielseniq.com
 	User Sid:	S-1-12-1-2357405129-1281513531-255772574-1816207334
"
"19-06-2026 13:02:29","12289","Information","Microsoft-Windows-Crypto-DPAPI","DPAPI found credential key.

 	Credential Key Identifier:	0xA72919B2574C12D1E74078B64D62E14D0586E3130B54594F7F724BB0CD0F668A
 	User Name:	joe.prakash@nielseniq.com
 	User Sid:	S-1-12-1-2357405129-1281513531-255772574-1816207334
"
"19-06-2026 11:49:22","12290","Information","Microsoft-Windows-Crypto-DPAPI","Credential key does not exist."
"19-06-2026 11:49:21","12290","Information","Microsoft-Windows-Crypto-DPAPI","Credential key does not exist."
"19-06-2026 11:49:20","12289","Information","Microsoft-Windows-Crypto-DPAPI","DPAPI found credential key.

 	Credential Key Identifier:	0xA72919B2574C12D1E74078B64D62E14D0586E3130B54594F7F724BB0CD0F668A
 	User Name:	joe.prakash@nielseniq.com
 	User Sid:	S-1-12-1-2357405129-1281513531-255772574-1816207334
"
"19-06-2026 11:49:15","12289","Information","Microsoft-Windows-Crypto-DPAPI","DPAPI found credential key.

 	Credential Key Identifier:	0xA72919B2574C12D1E74078B64D62E14D0586E3130B54594F7F724BB0CD0F668A
 	User Name:	joe.prakash@nielseniq.com
 	User Sid:	S-1-12-1-2357405129-1281513531-255772574-1816207334
"
"19-06-2026 11:47:02","12290","Information","Microsoft-Windows-Crypto-DPAPI","Credential key does not exist."
"19-06-2026 11:47:02","12290","Information","Microsoft-Windows-Crypto-DPAPI","Credential key does not exist."
"19-06-2026 11:47:00","12289","Information","Microsoft-Windows-Crypto-DPAPI","DPAPI found credential key.

 	Credential Key Identifier:	0xA72919B2574C12D1E74078B64D62E14D0586E3130B54594F7F724BB0CD0F668A
 	User Name:	joe.prakash@nielseniq.com
 	User Sid:	S-1-12-1-2357405129-1281513531-255772574-1816207334
"
"19-06-2026 11:46:55","12289","Information","Microsoft-Windows-Crypto-DPAPI","DPAPI found credential key.

 	Credential Key Identifier:	0xA72919B2574C12D1E74078B64D62E14D0586E3130B54594F7F724BB0CD0F668A
 	User Name:	joe.prakash@nielseniq.com
 	User Sid:	S-1-12-1-2357405129-1281513531-255772574-1816207334
"
"19-06-2026 09:33:15","12290","Information","Microsoft-Windows-Crypto-DPAPI","Credential key does not exist."
"19-06-2026 09:33:14","12290","Information","Microsoft-Windows-Crypto-DPAPI","Credential key does not exist."
"19-06-2026 09:33:12","12289","Information","Microsoft-Windows-Crypto-DPAPI","DPAPI found credential key.

 	Credential Key Identifier:	0xA72919B2574C12D1E74078B64D62E14D0586E3130B54594F7F724BB0CD0F668A
 	User Name:	joe.prakash@nielseniq.com
 	User Sid:	S-1-12-1-2357405129-1281513531-255772574-1816207334
"
"19-06-2026 09:33:07","12289","Information","Microsoft-Windows-Crypto-DPAPI","DPAPI found credential key.

 	Credential Key Identifier:	0xA72919B2574C12D1E74078B64D62E14D0586E3130B54594F7F724BB0CD0F668A
 	User Name:	joe.prakash@nielseniq.com
 	User Sid:	S-1-12-1-2357405129-1281513531-255772574-1816207334
"
"19-06-2026 09:00:36","12289","Information","Microsoft-Windows-Crypto-DPAPI","DPAPI found credential key.

 	Credential Key Identifier:	0x429811D1CE8000DF56BCA1A0FBB978DBBD3831581DF4AA8E32B0D28C903ED3BF
 	User Name:	arjo5004
 	User Sid:	S-1-12-1-2357405129-1281513531-255772574-1816207334
"
"19-06-2026 09:00:36","12289","Information","Microsoft-Windows-Crypto-DPAPI","DPAPI found credential key.

 	Credential Key Identifier:	0x68D59AC0041C0B07D4B7DE84EDC0C770CDD0DE9B1AB7739C914EABDB6AE40226
 	User Name:	arjo5004
 	User Sid:	S-1-12-1-2357405129-1281513531-255772574-1816207334
"
"19-06-2026 09:00:36","12289","Information","Microsoft-Windows-Crypto-DPAPI","DPAPI found credential key.

 	Credential Key Identifier:	0xA72919B2574C12D1E74078B64D62E14D0586E3130B54594F7F724BB0CD0F668A
 	User Name:	joe.prakash@nielseniq.com
 	User Sid:	S-1-12-1-2357405129-1281513531-255772574-1816207334
"
"19-06-2026 09:00:32","12289","Information","Microsoft-Windows-Crypto-DPAPI","DPAPI found credential key.

 	Credential Key Identifier:	0x29727975E83E22024DD4F40F014B0A4CACFFBA4461EED9EE232B911184FFCE8E
 	User Name:	arjo5004
 	User Sid:	S-1-12-1-2357405129-1281513531-255772574-1816207334
"
"19-06-2026 09:00:32","12289","Information","Microsoft-Windows-Crypto-DPAPI","DPAPI found credential key.

 	Credential Key Identifier:	0xA72919B2574C12D1E74078B64D62E14D0586E3130B54594F7F724BB0CD0F668A
 	User Name:	joe.prakash@nielseniq.com
 	User Sid:	S-1-12-1-2357405129-1281513531-255772574-1816207334
"
"18-06-2026 19:04:35","12290","Information","Microsoft-Windows-Crypto-DPAPI","Credential key does not exist."
"18-06-2026 19:04:34","12290","Information","Microsoft-Windows-Crypto-DPAPI","Credential key does not exist."
"18-06-2026 19:04:32","12289","Information","Microsoft-Windows-Crypto-DPAPI","DPAPI found credential key.

 	Credential Key Identifier:	0xA72919B2574C12D1E74078B64D62E14D0586E3130B54594F7F724BB0CD0F668A
 	User Name:	joe.prakash@nielseniq.com
 	User Sid:	S-1-12-1-2357405129-1281513531-255772574-1816207334
"
"18-06-2026 19:04:26","12289","Information","Microsoft-Windows-Crypto-DPAPI","DPAPI found credential key.

 	Credential Key Identifier:	0xA72919B2574C12D1E74078B64D62E14D0586E3130B54594F7F724BB0CD0F668A
 	User Name:	joe.prakash@nielseniq.com
 	User Sid:	S-1-12-1-2357405129-1281513531-255772574-1816207334
"
"18-06-2026 17:58:34","12290","Information","Microsoft-Windows-Crypto-DPAPI","Credential key does not exist."
"18-06-2026 17:58:33","12290","Information","Microsoft-Windows-Crypto-DPAPI","Credential key does not exist."
"18-06-2026 17:58:31","12289","Information","Microsoft-Windows-Crypto-DPAPI","DPAPI found credential key.

 	Credential Key Identifier:	0xA72919B2574C12D1E74078B64D62E14D0586E3130B54594F7F724BB0CD0F668A
 	User Name:	joe.prakash@nielseniq.com
 	User Sid:	S-1-12-1-2357405129-1281513531-255772574-1816207334
"
"18-06-2026 17:58:24","12289","Information","Microsoft-Windows-Crypto-DPAPI","DPAPI found credential key.

 	Credential Key Identifier:	0xA72919B2574C12D1E74078B64D62E14D0586E3130B54594F7F724BB0CD0F668A
 	User Name:	joe.prakash@nielseniq.com
 	User Sid:	S-1-12-1-2357405129-1281513531-255772574-1816207334
"
"18-06-2026 16:46:59","12290","Information","Microsoft-Windows-Crypto-DPAPI","Credential key does not exist."
"18-06-2026 16:46:57","12290","Information","Microsoft-Windows-Crypto-DPAPI","Credential key does not exist."
"18-06-2026 16:46:56","12289","Information","Microsoft-Windows-Crypto-DPAPI","DPAPI found credential key.

 	Credential Key Identifier:	0xA72919B2574C12D1E74078B64D62E14D0586E3130B54594F7F724BB0CD0F668A
 	User Name:	joe.prakash@nielseniq.com
 	User Sid:	S-1-12-1-2357405129-1281513531-255772574-1816207334
"
"18-06-2026 16:46:50","12289","Information","Microsoft-Windows-Crypto-DPAPI","DPAPI found credential key.

 	Credential Key Identifier:	0xA72919B2574C12D1E74078B64D62E14D0586E3130B54594F7F724BB0CD0F668A
 	User Name:	joe.prakash@nielseniq.com
 	User Sid:	S-1-12-1-2357405129-1281513531-255772574-1816207334
"
"18-06-2026 15:27:27","12290","Information","Microsoft-Windows-Crypto-DPAPI","Credential key does not exist."
"18-06-2026 15:27:26","12290","Information","Microsoft-Windows-Crypto-DPAPI","Credential key does not exist."
"18-06-2026 15:27:24","12289","Information","Microsoft-Windows-Crypto-DPAPI","DPAPI found credential key.

 	Credential Key Identifier:	0xA72919B2574C12D1E74078B64D62E14D0586E3130B54594F7F724BB0CD0F668A
 	User Name:	joe.prakash@nielseniq.com
 	User Sid:	S-1-12-1-2357405129-1281513531-255772574-1816207334
"
"18-06-2026 15:27:19","12289","Information","Microsoft-Windows-Crypto-DPAPI","DPAPI found credential key.

 	Credential Key Identifier:	0xA72919B2574C12D1E74078B64D62E14D0586E3130B54594F7F724BB0CD0F668A
 	User Name:	joe.prakash@nielseniq.com
 	User Sid:	S-1-12-1-2357405129-1281513531-255772574-1816207334
"
"18-06-2026 15:06:48","12290","Information","Microsoft-Windows-Crypto-DPAPI","Credential key does not exist."
"18-06-2026 15:06:46","12290","Information","Microsoft-Windows-Crypto-DPAPI","Credential key does not exist."
"18-06-2026 15:06:45","12289","Information","Microsoft-Windows-Crypto-DPAPI","DPAPI found credential key.

 	Credential Key Identifier:	0xA72919B2574C12D1E74078B64D62E14D0586E3130B54594F7F724BB0CD0F668A
 	User Name:	joe.prakash@nielseniq.com
 	User Sid:	S-1-12-1-2357405129-1281513531-255772574-1816207334
"
"18-06-2026 15:06:40","12289","Information","Microsoft-Windows-Crypto-DPAPI","DPAPI found credential key.

 	Credential Key Identifier:	0xA72919B2574C12D1E74078B64D62E14D0586E3130B54594F7F724BB0CD0F668A
 	User Name:	joe.prakash@nielseniq.com
 	User Sid:	S-1-12-1-2357405129-1281513531-255772574-1816207334
"
"18-06-2026 14:19:32","12290","Information","Microsoft-Windows-Crypto-DPAPI","Credential key does not exist."
"18-06-2026 14:19:30","12290","Information","Microsoft-Windows-Crypto-DPAPI","Credential key does not exist."
"18-06-2026 14:19:28","12289","Information","Microsoft-Windows-Crypto-DPAPI","DPAPI found credential key.

 	Credential Key Identifier:	0xA72919B2574C12D1E74078B64D62E14D0586E3130B54594F7F724BB0CD0F668A
 	User Name:	joe.prakash@nielseniq.com
 	User Sid:	S-1-12-1-2357405129-1281513531-255772574-1816207334
"
"18-06-2026 14:19:21","12289","Information","Microsoft-Windows-Crypto-DPAPI","DPAPI found credential key.

 	Credential Key Identifier:	0xA72919B2574C12D1E74078B64D62E14D0586E3130B54594F7F724BB0CD0F668A
 	User Name:	joe.prakash@nielseniq.com
 	User Sid:	S-1-12-1-2357405129-1281513531-255772574-1816207334
"
"18-06-2026 14:03:18","12290","Information","Microsoft-Windows-Crypto-DPAPI","Credential key does not exist."
"18-06-2026 14:03:17","12290","Information","Microsoft-Windows-Crypto-DPAPI","Credential key does not exist."
"18-06-2026 14:03:15","12289","Information","Microsoft-Windows-Crypto-DPAPI","DPAPI found credential key.

 	Credential Key Identifier:	0xA72919B2574C12D1E74078B64D62E14D0586E3130B54594F7F724BB0CD0F668A
 	User Name:	joe.prakash@nielseniq.com
 	User Sid:	S-1-12-1-2357405129-1281513531-255772574-1816207334
"
"18-06-2026 14:03:09","12289","Information","Microsoft-Windows-Crypto-DPAPI","DPAPI found credential key.

 	Credential Key Identifier:	0xA72919B2574C12D1E74078B64D62E14D0586E3130B54594F7F724BB0CD0F668A
 	User Name:	joe.prakash@nielseniq.com
 	User Sid:	S-1-12-1-2357405129-1281513531-255772574-1816207334
"
"18-06-2026 12:51:32","12290","Information","Microsoft-Windows-Crypto-DPAPI","Credential key does not exist."
"18-06-2026 12:51:31","12290","Information","Microsoft-Windows-Crypto-DPAPI","Credential key does not exist."
"18-06-2026 12:51:29","12289","Information","Microsoft-Windows-Crypto-DPAPI","DPAPI found credential key.

 	Credential Key Identifier:	0xA72919B2574C12D1E74078B64D62E14D0586E3130B54594F7F724BB0CD0F668A
 	User Name:	joe.prakash@nielseniq.com
 	User Sid:	S-1-12-1-2357405129-1281513531-255772574-1816207334
"
"18-06-2026 12:51:24","12289","Information","Microsoft-Windows-Crypto-DPAPI","DPAPI found credential key.

 	Credential Key Identifier:	0xA72919B2574C12D1E74078B64D62E14D0586E3130B54594F7F724BB0CD0F668A
 	User Name:	joe.prakash@nielseniq.com
 	User Sid:	S-1-12-1-2357405129-1281513531-255772574-1816207334
"
"18-06-2026 12:28:18","12290","Information","Microsoft-Windows-Crypto-DPAPI","Credential key does not exist."
"18-06-2026 12:28:17","12290","Information","Microsoft-Windows-Crypto-DPAPI","Credential key does not exist."
"18-06-2026 12:28:15","12289","Information","Microsoft-Windows-Crypto-DPAPI","DPAPI found credential key.

 	Credential Key Identifier:	0xA72919B2574C12D1E74078B64D62E14D0586E3130B54594F7F724BB0CD0F668A
 	User Name:	joe.prakash@nielseniq.com
 	User Sid:	S-1-12-1-2357405129-1281513531-255772574-1816207334
"
"18-06-2026 12:28:10","12289","Information","Microsoft-Windows-Crypto-DPAPI","DPAPI found credential key.

 	Credential Key Identifier:	0xA72919B2574C12D1E74078B64D62E14D0586E3130B54594F7F724BB0CD0F668A
 	User Name:	joe.prakash@nielseniq.com
 	User Sid:	S-1-12-1-2357405129-1281513531-255772574-1816207334
"
"18-06-2026 11:35:42","12290","Information","Microsoft-Windows-Crypto-DPAPI","Credential key does not exist."
"18-06-2026 11:35:40","12290","Information","Microsoft-Windows-Crypto-DPAPI","Credential key does not exist."
"18-06-2026 11:35:38","12289","Information","Microsoft-Windows-Crypto-DPAPI","DPAPI found credential key.

 	Credential Key Identifier:	0xA72919B2574C12D1E74078B64D62E14D0586E3130B54594F7F724BB0CD0F668A
 	User Name:	joe.prakash@nielseniq.com
 	User Sid:	S-1-12-1-2357405129-1281513531-255772574-1816207334
"
"18-06-2026 11:35:33","12289","Information","Microsoft-Windows-Crypto-DPAPI","DPAPI found credential key.

 	Credential Key Identifier:	0xA72919B2574C12D1E74078B64D62E14D0586E3130B54594F7F724BB0CD0F668A
 	User Name:	joe.prakash@nielseniq.com
 	User Sid:	S-1-12-1-2357405129-1281513531-255772574-1816207334
"
"18-06-2026 10:57:31","12290","Information","Microsoft-Windows-Crypto-DPAPI","Credential key does not exist."
"18-06-2026 10:57:30","12290","Information","Microsoft-Windows-Crypto-DPAPI","Credential key does not exist."
"18-06-2026 10:57:28","12289","Information","Microsoft-Windows-Crypto-DPAPI","DPAPI found credential key.

 	Credential Key Identifier:	0xA72919B2574C12D1E74078B64D62E14D0586E3130B54594F7F724BB0CD0F668A
 	User Name:	joe.prakash@nielseniq.com
 	User Sid:	S-1-12-1-2357405129-1281513531-255772574-1816207334
"
"18-06-2026 10:57:23","12289","Information","Microsoft-Windows-Crypto-DPAPI","DPAPI found credential key.

 	Credential Key Identifier:	0xA72919B2574C12D1E74078B64D62E14D0586E3130B54594F7F724BB0CD0F668A
 	User Name:	joe.prakash@nielseniq.com
 	User Sid:	S-1-12-1-2357405129-1281513531-255772574-1816207334
"
"18-06-2026 10:06:10","12290","Information","Microsoft-Windows-Crypto-DPAPI","Credential key does not exist."
"18-06-2026 10:06:09","12290","Information","Microsoft-Windows-Crypto-DPAPI","Credential key does not exist."
"18-06-2026 10:06:07","12289","Information","Microsoft-Windows-Crypto-DPAPI","DPAPI found credential key.

 	Credential Key Identifier:	0xA72919B2574C12D1E74078B64D62E14D0586E3130B54594F7F724BB0CD0F668A
 	User Name:	joe.prakash@nielseniq.com
 	User Sid:	S-1-12-1-2357405129-1281513531-255772574-1816207334
"
"18-06-2026 10:06:02","12289","Information","Microsoft-Windows-Crypto-DPAPI","DPAPI found credential key.

 	Credential Key Identifier:	0xA72919B2574C12D1E74078B64D62E14D0586E3130B54594F7F724BB0CD0F668A
 	User Name:	joe.prakash@nielseniq.com
 	User Sid:	S-1-12-1-2357405129-1281513531-255772574-1816207334
"
"18-06-2026 09:28:01","12290","Information","Microsoft-Windows-Crypto-DPAPI","Credential key does not exist."
"18-06-2026 09:28:00","12290","Information","Microsoft-Windows-Crypto-DPAPI","Credential key does not exist."
"18-06-2026 09:27:58","12289","Information","Microsoft-Windows-Crypto-DPAPI","DPAPI found credential key.

 	Credential Key Identifier:	0xA72919B2574C12D1E74078B64D62E14D0586E3130B54594F7F724BB0CD0F668A
 	User Name:	joe.prakash@nielseniq.com
 	User Sid:	S-1-12-1-2357405129-1281513531-255772574-1816207334
"
"18-06-2026 09:27:52","12289","Information","Microsoft-Windows-Crypto-DPAPI","DPAPI found credential key.

 	Credential Key Identifier:	0xA72919B2574C12D1E74078B64D62E14D0586E3130B54594F7F724BB0CD0F668A
 	User Name:	joe.prakash@nielseniq.com
 	User Sid:	S-1-12-1-2357405129-1281513531-255772574-1816207334
"
"18-06-2026 09:07:04","12289","Information","Microsoft-Windows-Crypto-DPAPI","DPAPI found credential key.

 	Credential Key Identifier:	0x163578D1AE4433C6E67BFDEBD1C3A18CDF7C46985E146A97991C70A1FDDE2D4F
 	User Name:	arjo5004
 	User Sid:	S-1-12-1-2357405129-1281513531-255772574-1816207334
"
"18-06-2026 09:07:04","12289","Information","Microsoft-Windows-Crypto-DPAPI","DPAPI found credential key.

 	Credential Key Identifier:	0xBD907D6D4B0310758539774815541760BEE4AD6B825B0A896DA136749126C4F1
 	User Name:	arjo5004
 	User Sid:	S-1-12-1-2357405129-1281513531-255772574-1816207334
"
"18-06-2026 09:07:04","12289","Information","Microsoft-Windows-Crypto-DPAPI","DPAPI found credential key.

 	Credential Key Identifier:	0xA72919B2574C12D1E74078B64D62E14D0586E3130B54594F7F724BB0CD0F668A
 	User Name:	joe.prakash@nielseniq.com
 	User Sid:	S-1-12-1-2357405129-1281513531-255772574-1816207334
"
"18-06-2026 09:07:00","12289","Information","Microsoft-Windows-Crypto-DPAPI","DPAPI found credential key.

 	Credential Key Identifier:	0xFC221CDEAC5B51CFF5D91D49F939B0199C68BC0F30FE5DA9CE4F576EC9CFFF5D
 	User Name:	arjo5004
 	User Sid:	S-1-12-1-2357405129-1281513531-255772574-1816207334
"
"18-06-2026 09:07:00","12289","Information","Microsoft-Windows-Crypto-DPAPI","DPAPI found credential key.

 	Credential Key Identifier:	0xA72919B2574C12D1E74078B64D62E14D0586E3130B54594F7F724BB0CD0F668A
 	User Name:	joe.prakash@nielseniq.com
 	User Sid:	S-1-12-1-2357405129-1281513531-255772574-1816207334
"
"17-06-2026 18:20:59","12290","Information","Microsoft-Windows-Crypto-DPAPI","Credential key does not exist."
"17-06-2026 18:20:58","12290","Information","Microsoft-Windows-Crypto-DPAPI","Credential key does not exist."
"17-06-2026 18:20:48","12289","Information","Microsoft-Windows-Crypto-DPAPI","DPAPI found credential key.

 	Credential Key Identifier:	0xA72919B2574C12D1E74078B64D62E14D0586E3130B54594F7F724BB0CD0F668A
 	User Name:	joe.prakash@nielseniq.com
 	User Sid:	S-1-12-1-2357405129-1281513531-255772574-1816207334
"
"17-06-2026 18:20:40","12289","Information","Microsoft-Windows-Crypto-DPAPI","DPAPI found credential key.

 	Credential Key Identifier:	0xA72919B2574C12D1E74078B64D62E14D0586E3130B54594F7F724BB0CD0F668A
 	User Name:	joe.prakash@nielseniq.com
 	User Sid:	S-1-12-1-2357405129-1281513531-255772574-1816207334
"
"17-06-2026 16:55:01","12290","Information","Microsoft-Windows-Crypto-DPAPI","Credential key does not exist."
"17-06-2026 16:55:00","12290","Information","Microsoft-Windows-Crypto-DPAPI","Credential key does not exist."
"17-06-2026 16:54:58","12289","Information","Microsoft-Windows-Crypto-DPAPI","DPAPI found credential key.

 	Credential Key Identifier:	0xA72919B2574C12D1E74078B64D62E14D0586E3130B54594F7F724BB0CD0F668A
 	User Name:	joe.prakash@nielseniq.com
 	User Sid:	S-1-12-1-2357405129-1281513531-255772574-1816207334
"
"17-06-2026 16:54:53","12289","Information","Microsoft-Windows-Crypto-DPAPI","DPAPI found credential key.

 	Credential Key Identifier:	0xA72919B2574C12D1E74078B64D62E14D0586E3130B54594F7F724BB0CD0F668A
 	User Name:	joe.prakash@nielseniq.com
 	User Sid:	S-1-12-1-2357405129-1281513531-255772574-1816207334
"
"17-06-2026 16:40:41","12290","Information","Microsoft-Windows-Crypto-DPAPI","Credential key does not exist."
"17-06-2026 16:40:40","12290","Information","Microsoft-Windows-Crypto-DPAPI","Credential key does not exist."
"17-06-2026 16:40:38","12289","Information","Microsoft-Windows-Crypto-DPAPI","DPAPI found credential key.

 	Credential Key Identifier:	0xA72919B2574C12D1E74078B64D62E14D0586E3130B54594F7F724BB0CD0F668A
 	User Name:	joe.prakash@nielseniq.com
 	User Sid:	S-1-12-1-2357405129-1281513531-255772574-1816207334
"
"17-06-2026 16:40:33","12289","Information","Microsoft-Windows-Crypto-DPAPI","DPAPI found credential key.

 	Credential Key Identifier:	0xA72919B2574C12D1E74078B64D62E14D0586E3130B54594F7F724BB0CD0F668A
 	User Name:	joe.prakash@nielseniq.com
 	User Sid:	S-1-12-1-2357405129-1281513531-255772574-1816207334
"
"17-06-2026 16:10:27","12290","Information","Microsoft-Windows-Crypto-DPAPI","Credential key does not exist."
"17-06-2026 16:10:26","12290","Information","Microsoft-Windows-Crypto-DPAPI","Credential key does not exist."
"17-06-2026 16:10:25","12289","Information","Microsoft-Windows-Crypto-DPAPI","DPAPI found credential key.

 	Credential Key Identifier:	0xA72919B2574C12D1E74078B64D62E14D0586E3130B54594F7F724BB0CD0F668A
 	User Name:	joe.prakash@nielseniq.com
 	User Sid:	S-1-12-1-2357405129-1281513531-255772574-1816207334
"
"17-06-2026 16:10:20","12289","Information","Microsoft-Windows-Crypto-DPAPI","DPAPI found credential key.

 	Credential Key Identifier:	0xA72919B2574C12D1E74078B64D62E14D0586E3130B54594F7F724BB0CD0F668A
 	User Name:	joe.prakash@nielseniq.com
 	User Sid:	S-1-12-1-2357405129-1281513531-255772574-1816207334
"
"17-06-2026 15:04:16","12290","Information","Microsoft-Windows-Crypto-DPAPI","Credential key does not exist."
"17-06-2026 15:04:15","12290","Information","Microsoft-Windows-Crypto-DPAPI","Credential key does not exist."
"17-06-2026 15:04:03","12289","Information","Microsoft-Windows-Crypto-DPAPI","DPAPI found credential key.

 	Credential Key Identifier:	0xA72919B2574C12D1E74078B64D62E14D0586E3130B54594F7F724BB0CD0F668A
 	User Name:	joe.prakash@nielseniq.com
 	User Sid:	S-1-12-1-2357405129-1281513531-255772574-1816207334
"
"17-06-2026 15:03:54","12289","Information","Microsoft-Windows-Crypto-DPAPI","DPAPI found credential key.

 	Credential Key Identifier:	0xA72919B2574C12D1E74078B64D62E14D0586E3130B54594F7F724BB0CD0F668A
 	User Name:	joe.prakash@nielseniq.com
 	User Sid:	S-1-12-1-2357405129-1281513531-255772574-1816207334
"
"17-06-2026 12:38:21","12289","Information","Microsoft-Windows-Crypto-DPAPI","DPAPI found credential key.

 	Credential Key Identifier:	0xA72919B2574C12D1E74078B64D62E14D0586E3130B54594F7F724BB0CD0F668A
 	User Name:	arjo5004.t1@nielseniq.com
 	User Sid:	S-1-12-1-4220155720-1073834589-1054805678-3526012841
"
"17-06-2026 12:38:21","12289","Information","Microsoft-Windows-Crypto-DPAPI","DPAPI found credential key.

 	Credential Key Identifier:	0xA72919B2574C12D1E74078B64D62E14D0586E3130B54594F7F724BB0CD0F668A
 	User Name:	arjo5004.t1@nielseniq.com
 	User Sid:	S-1-12-1-4220155720-1073834589-1054805678-3526012841
"
"17-06-2026 12:38:21","4","Information","Microsoft-Windows-Crypto-DPAPI","Password Change triggered.

 	Status:	0x0
"
"17-06-2026 12:38:21","8200","Information","Microsoft-Windows-Crypto-DPAPI","Master key's record successfully logged to Diagnostic file.

 	GUID:	{010e937f-7217-4654-bc86-bf08dd49b260}
 	EncryptCredID:	{31df97c6-4a0e-4e74-a3c7-0653edad6104}
 	EncryptCredKey:	0x225D8D7419CEC4B43EC4DAB9E2AE689BBD0ECC35
"
"17-06-2026 12:38:21","12289","Information","Microsoft-Windows-Crypto-DPAPI","DPAPI found credential key.

 	Credential Key Identifier:	0x3D78607A43EAC745CBAC5BE54882239FB79B37D25263F0F439E3A8601B9FD5EE
 	User Name:	arjo5004.T1
 	User Sid:	S-1-12-1-4220155720-1073834589-1054805678-3526012841
"
"17-06-2026 12:38:21","12289","Information","Microsoft-Windows-Crypto-DPAPI","DPAPI found credential key.

 	Credential Key Identifier:	0x071DA5538BDF6E7DA9A2F28BAC11D21EBAAD0CF14794D7C925A80273FFCFA7DD
 	User Name:	arjo5004.T1
 	User Sid:	S-1-12-1-4220155720-1073834589-1054805678-3526012841
"
"17-06-2026 12:38:21","12289","Information","Microsoft-Windows-Crypto-DPAPI","DPAPI found credential key.

 	Credential Key Identifier:	0xA72919B2574C12D1E74078B64D62E14D0586E3130B54594F7F724BB0CD0F668A
 	User Name:	arjo5004.t1@nielseniq.com
 	User Sid:	S-1-12-1-4220155720-1073834589-1054805678-3526012841
"
"17-06-2026 12:13:56","12290","Information","Microsoft-Windows-Crypto-DPAPI","Credential key does not exist."
"17-06-2026 12:13:55","12290","Information","Microsoft-Windows-Crypto-DPAPI","Credential key does not exist."
"17-06-2026 12:13:53","12289","Information","Microsoft-Windows-Crypto-DPAPI","DPAPI found credential key.

 	Credential Key Identifier:	0xA72919B2574C12D1E74078B64D62E14D0586E3130B54594F7F724BB0CD0F668A
 	User Name:	joe.prakash@nielseniq.com
 	User Sid:	S-1-12-1-2357405129-1281513531-255772574-1816207334
"
"17-06-2026 12:13:48","12289","Information","Microsoft-Windows-Crypto-DPAPI","DPAPI found credential key.

 	Credential Key Identifier:	0xA72919B2574C12D1E74078B64D62E14D0586E3130B54594F7F724BB0CD0F668A
 	User Name:	joe.prakash@nielseniq.com
 	User Sid:	S-1-12-1-2357405129-1281513531-255772574-1816207334
"
"17-06-2026 11:48:58","12290","Information","Microsoft-Windows-Crypto-DPAPI","Credential key does not exist."
"17-06-2026 11:48:57","12290","Information","Microsoft-Windows-Crypto-DPAPI","Credential key does not exist."
"17-06-2026 11:48:55","12289","Information","Microsoft-Windows-Crypto-DPAPI","DPAPI found credential key.

 	Credential Key Identifier:	0xA72919B2574C12D1E74078B64D62E14D0586E3130B54594F7F724BB0CD0F668A
 	User Name:	joe.prakash@nielseniq.com
 	User Sid:	S-1-12-1-2357405129-1281513531-255772574-1816207334
"
"17-06-2026 11:48:49","12289","Information","Microsoft-Windows-Crypto-DPAPI","DPAPI found credential key.

 	Credential Key Identifier:	0xA72919B2574C12D1E74078B64D62E14D0586E3130B54594F7F724BB0CD0F668A
 	User Name:	joe.prakash@nielseniq.com
 	User Sid:	S-1-12-1-2357405129-1281513531-255772574-1816207334
"
"17-06-2026 11:19:30","12290","Information","Microsoft-Windows-Crypto-DPAPI","Credential key does not exist."
"17-06-2026 11:19:29","12290","Information","Microsoft-Windows-Crypto-DPAPI","Credential key does not exist."
"17-06-2026 11:19:27","12289","Information","Microsoft-Windows-Crypto-DPAPI","DPAPI found credential key.

 	Credential Key Identifier:	0xA72919B2574C12D1E74078B64D62E14D0586E3130B54594F7F724BB0CD0F668A
 	User Name:	joe.prakash@nielseniq.com
 	User Sid:	S-1-12-1-2357405129-1281513531-255772574-1816207334
"
