"18-08-2026 10:33:44","201","Information","Microsoft-Windows-AppModel-Runtime","Created process 7684 for application DellInc.DellCommandUpdate_htrsf667h5kn2!xC127EC8377A94AB49B6B084C44082B2Fx in package DellInc.DellCommandUpdate_5.7.28.0_x86__htrsf667h5kn2. [LaunchProcess]"
"18-08-2026 10:33:44","211","Information","Microsoft-Windows-AppModel-Runtime","Added process 7684 to Desktop AppX container 7ce0e6fb-9ac1-11f1-a28f-54582d32ed0c for package DellInc.DellCommandUpdate_5.7.28.0_x86__htrsf667h5kn2."
"18-08-2026 10:33:44","210","Information","Microsoft-Windows-AppModel-Runtime","Created Desktop AppX container {7CE0E6FB-9AC1-11F1-A28F-54582D32ED0C} for package DellInc.DellCommandUpdate_5.7.28.0_x86__htrsf667h5kn2."
"18-08-2026 10:33:44","219","Information","Microsoft-Windows-AppModel-Runtime","PSMFlags for Desktop AppX process %1 with applicationID %2 is %3."
"18-08-2026 10:33:44","211","Information","Microsoft-Windows-AppModel-Runtime","Added process 10880 to Desktop AppX container 7ce0e419-9ac1-11f1-a28f-54582d32ed0c for package MicrosoftWindows.Client.CBS_1000.26100.334.0_x64__cw5n1h2txyewy."
"18-08-2026 10:33:24","201","Information","Microsoft-Windows-AppModel-Runtime","Created process 22176 for application MSTeams_8wekyb3d8bbwe!MSTeams.Update in package MSTeams_26198.304.4946.9672_x64__8wekyb3d8bbwe. [LaunchProcess]"
"18-08-2026 10:33:24","211","Information","Microsoft-Windows-AppModel-Runtime","Added process 22176 to Desktop AppX container 7ce0e6b5-9ac1-11f1-a28f-54582d32ed0c for package MSTeams_26198.304.4946.9672_x64__8wekyb3d8bbwe."
"18-08-2026 10:33:23","219","Information","Microsoft-Windows-AppModel-Runtime","PSMFlags for Desktop AppX process %1 with applicationID %2 is %3."
"18-08-2026 10:33:22","201","Information","Microsoft-Windows-AppModel-Runtime","Created process 19948 for application MSTeams_8wekyb3d8bbwe!MSTeams in package MSTeams_26198.304.4946.9672_x64__8wekyb3d8bbwe. [LaunchProcess]"
"18-08-2026 10:33:22","211","Information","Microsoft-Windows-AppModel-Runtime","Added process 19948 to Desktop AppX container 7ce0e6b5-9ac1-11f1-a28f-54582d32ed0c for package MSTeams_26198.304.4946.9672_x64__8wekyb3d8bbwe."
"18-08-2026 10:33:22","219","Information","Microsoft-Windows-AppModel-Runtime","PSMFlags for Desktop AppX process %1 with applicationID %2 is %3."
"18-08-2026 10:33:21","201","Information","Microsoft-Windows-AppModel-Runtime","Created process 14980 for application MSTeams_8wekyb3d8bbwe!MSTeams in package MSTeams_26198.304.4946.9672_x64__8wekyb3d8bbwe. [LaunchProcess]"
"18-08-2026 10:33:21","211","Information","Microsoft-Windows-AppModel-Runtime","Added process 14980 to Desktop AppX container 7ce0e6b5-9ac1-11f1-a28f-54582d32ed0c for package MSTeams_26198.304.4946.9672_x64__8wekyb3d8bbwe."
"18-08-2026 10:33:21","210","Information","Microsoft-Windows-AppModel-Runtime","Created Desktop AppX container {7CE0E6B5-9AC1-11F1-A28F-54582D32ED0C} for package MSTeams_26198.304.4946.9672_x64__8wekyb3d8bbwe."
"18-08-2026 10:33:21","219","Information","Microsoft-Windows-AppModel-Runtime","PSMFlags for Desktop AppX process %1 with applicationID %2 is %3."
"18-08-2026 10:33:04","201","Information","Microsoft-Windows-AppModel-Runtime","Created process 17868 for application Microsoft.MicrosoftOfficeHub_8wekyb3d8bbwe!Microsoft.MicrosoftOfficeHub in package Microsoft.MicrosoftOfficeHub_19.2608.39011.0_x64__8wekyb3d8bbwe. [LaunchProcess]"
"18-08-2026 10:33:04","211","Information","Microsoft-Windows-AppModel-Runtime","Added process 17868 to Desktop AppX container 7ce0e67f-9ac1-11f1-a28f-54582d32ed0c for package Microsoft.MicrosoftOfficeHub_19.2608.39011.0_x64__8wekyb3d8bbwe."
"18-08-2026 10:33:04","219","Information","Microsoft-Windows-AppModel-Runtime","PSMFlags for Desktop AppX process %1 with applicationID %2 is %3."
"18-08-2026 10:33:03","201","Information","Microsoft-Windows-AppModel-Runtime","Created process 24268 for application Microsoft.MicrosoftOfficeHub_8wekyb3d8bbwe!Microsoft.MicrosoftOfficeHub in package Microsoft.MicrosoftOfficeHub_19.2608.39011.0_x64__8wekyb3d8bbwe. [LaunchProcess]"
"18-08-2026 10:33:03","211","Information","Microsoft-Windows-AppModel-Runtime","Added process 24268 to Desktop AppX container 7ce0e67f-9ac1-11f1-a28f-54582d32ed0c for package Microsoft.MicrosoftOfficeHub_19.2608.39011.0_x64__8wekyb3d8bbwe."
"18-08-2026 10:33:03","210","Information","Microsoft-Windows-AppModel-Runtime","Created Desktop AppX container {7CE0E67F-9AC1-11F1-A28F-54582D32ED0C} for package Microsoft.MicrosoftOfficeHub_19.2608.39011.0_x64__8wekyb3d8bbwe."
"18-08-2026 10:33:03","219","Information","Microsoft-Windows-AppModel-Runtime","PSMFlags for Desktop AppX process %1 with applicationID %2 is %3."
"18-08-2026 10:31:39","201","Information","Microsoft-Windows-AppModel-Runtime","Created process 23064 for application Microsoft.MicrosoftEdge.Stable_8wekyb3d8bbwe!App in package Microsoft.MicrosoftEdge.Stable_151.0.4129.86_neutral__8wekyb3d8bbwe. [FinishPackageActivation]"
"18-08-2026 10:31:39","219","Information","Microsoft-Windows-AppModel-Runtime","PSMFlags for Desktop AppX process %1 with applicationID %2 is %3."
"18-08-2026 10:30:25","42","Information","Microsoft-Windows-AppModel-Runtime","Successfully updated AppContainer MicrosoftWindows.CrossDevice_cw5n1h2txyewy."
"18-08-2026 10:30:24","68","Information","Microsoft-Windows-AppModel-Runtime","AppModel Runtime status for package AppUp.IntelArcSoftware_26.18.2353.0_x64__8j3eq9eme6ctt successfully updated to 0x0 (previous status = 0x200000)."
"18-08-2026 10:30:20","211","Information","Microsoft-Windows-AppModel-Runtime","Added process 16780 to Desktop AppX container 7ce0e521-9ac1-11f1-a28f-54582d32ed0c for package AppUp.IntelArcSoftware_26.26.2459.0_x64__8j3eq9eme6ctt."
"18-08-2026 10:30:20","210","Information","Microsoft-Windows-AppModel-Runtime","Created Desktop AppX container {7CE0E521-9AC1-11F1-A28F-54582D32ED0C} for package AppUp.IntelArcSoftware_26.26.2459.0_x64__8j3eq9eme6ctt."
"18-08-2026 10:30:19","68","Information","Microsoft-Windows-AppModel-Runtime","AppModel Runtime status for package AppUp.IntelArcSoftware_26.26.2459.0_x64__8j3eq9eme6ctt successfully updated to 0x0 (previous status = 0x80000)."
"18-08-2026 10:30:19","68","Information","Microsoft-Windows-AppModel-Runtime","AppModel Runtime status for package AppUp.IntelArcSoftware_26.18.2353.0_x64__8j3eq9eme6ctt successfully updated to 0x200000 (previous status = 0x280000)."
"18-08-2026 10:30:18","42","Information","Microsoft-Windows-AppModel-Runtime","Successfully updated AppContainer AppUp.IntelArcSoftware_8j3eq9eme6ctt."
"18-08-2026 10:30:18","217","Information","Microsoft-Windows-AppModel-Runtime","Destroyed Desktop AppX container {7CE0E373-9AC1-11F1-A28F-54582D32ED0C} for package AppUp.IntelArcSoftware_26.18.2353.0_x64__8j3eq9eme6ctt."
"18-08-2026 10:30:18","68","Information","Microsoft-Windows-AppModel-Runtime","AppModel Runtime status for package AppUp.IntelArcSoftware_26.18.2353.0_x64__8j3eq9eme6ctt successfully updated to 0x280000 (previous status = 0x200000)."
"18-08-2026 10:30:15","42","Information","Microsoft-Windows-AppModel-Runtime","Successfully updated AppContainer MSTeams_8wekyb3d8bbwe."
"18-08-2026 10:30:13","42","Information","Microsoft-Windows-AppModel-Runtime","Successfully updated AppContainer Microsoft.ScreenSketch_8wekyb3d8bbwe."
"18-08-2026 10:30:04","42","Information","Microsoft-Windows-AppModel-Runtime","Successfully updated AppContainer Microsoft.WindowsNotepad_8wekyb3d8bbwe."
"18-08-2026 10:29:45","211","Information","Microsoft-Windows-AppModel-Runtime","Added process 17228 to Desktop AppX container 7ce0e419-9ac1-11f1-a28f-54582d32ed0c for package MicrosoftWindows.Client.CBS_1000.26100.334.0_x64__cw5n1h2txyewy."
"18-08-2026 10:29:39","201","Information","Microsoft-Windows-AppModel-Runtime","Created process 14772 for application MicrosoftWindows.Client.CBS_cw5n1h2txyewy!CrossDeviceResumeApp in package MicrosoftWindows.Client.CBS_1000.26100.334.0_x64__cw5n1h2txyewy. [LaunchProcess]"
"18-08-2026 10:29:39","211","Information","Microsoft-Windows-AppModel-Runtime","Added process 14772 to Desktop AppX container 7ce0e419-9ac1-11f1-a28f-54582d32ed0c for package MicrosoftWindows.Client.CBS_1000.26100.334.0_x64__cw5n1h2txyewy."
"18-08-2026 10:29:39","210","Information","Microsoft-Windows-AppModel-Runtime","Created Desktop AppX container {7CE0E419-9AC1-11F1-A28F-54582D32ED0C} for package MicrosoftWindows.Client.CBS_1000.26100.334.0_x64__cw5n1h2txyewy."
"18-08-2026 10:29:38","219","Information","Microsoft-Windows-AppModel-Runtime","PSMFlags for Desktop AppX process %1 with applicationID %2 is %3."
"18-08-2026 10:29:38","201","Information","Microsoft-Windows-AppModel-Runtime","Created process 14352 for application Microsoft.OfficePushNotificationUtility_8wekyb3d8bbwe!OPushUtil in package Microsoft.OfficePushNotificationUtility_16.0.20228.20188_neutral__8wekyb3d8bbwe. [FinishPackageActivation]"
"18-08-2026 10:29:38","219","Information","Microsoft-Windows-AppModel-Runtime","PSMFlags for Desktop AppX process %1 with applicationID %2 is %3."
"18-08-2026 10:29:14","39","Information","Microsoft-Windows-AppModel-Runtime","Successfully created AppContainer LpacSenseNdr."
"18-08-2026 10:29:14","41","Information","Microsoft-Windows-AppModel-Runtime","Successfully deleted AppContainer LpacSenseNdr."
"18-08-2026 10:29:07","39","Information","Microsoft-Windows-AppModel-Runtime","Successfully created AppContainer LpacSenseNdr."
"18-08-2026 10:29:07","41","Information","Microsoft-Windows-AppModel-Runtime","Successfully deleted AppContainer LpacSenseNdr."
"18-08-2026 10:29:07","39","Information","Microsoft-Windows-AppModel-Runtime","Successfully created AppContainer LpacSenseImdsCollector."
"18-08-2026 10:29:07","41","Information","Microsoft-Windows-AppModel-Runtime","Successfully deleted AppContainer LpacSenseImdsCollector."
"18-08-2026 10:29:01","211","Information","Microsoft-Windows-AppModel-Runtime","Added process 8432 to Desktop AppX container 7ce0e373-9ac1-11f1-a28f-54582d32ed0c for package AppUp.IntelArcSoftware_26.18.2353.0_x64__8j3eq9eme6ctt."
"18-08-2026 10:29:01","210","Information","Microsoft-Windows-AppModel-Runtime","Created Desktop AppX container {7CE0E373-9AC1-11F1-A28F-54582D32ED0C} for package AppUp.IntelArcSoftware_26.18.2353.0_x64__8j3eq9eme6ctt."
"18-08-2026 10:28:56","40","Information","Microsoft-Windows-AppModel-Runtime","AppContainer onecore\ds\security\gina\profile\profext\appcontainer.cpp Line:1863 Usermode Font Driver Host microsoft.windows.fontdrvhost was not created because it already exists."
"18-08-2026 10:28:56","40","Information","Microsoft-Windows-AppModel-Runtime","AppContainer onecore\ds\security\gina\profile\profext\appcontainer.cpp Line:1863 Usermode Font Driver Host microsoft.windows.fontdrvhost was not created because it already exists."
"18-08-2026 10:28:21","39","Information","Microsoft-Windows-AppModel-Runtime","Successfully created AppContainer LpacSenseNdr."
"18-08-2026 10:28:21","41","Information","Microsoft-Windows-AppModel-Runtime","Successfully deleted AppContainer LpacSenseNdr."
"18-08-2026 10:28:21","217","Information","Microsoft-Windows-AppModel-Runtime","Destroyed Desktop AppX container {6768476C-954E-11F1-A28E-54582D32ED0C} for package AppUp.IntelArcSoftware_26.18.2353.0_x64__8j3eq9eme6ctt."
"18-08-2026 10:28:02","217","Information","Microsoft-Windows-AppModel-Runtime","Destroyed Desktop AppX container {67684B99-954E-11F1-A28E-54582D32ED0C} for package MSTeams_26183.1903.4892.4448_x64__8wekyb3d8bbwe."
"18-08-2026 10:28:02","217","Information","Microsoft-Windows-AppModel-Runtime","Destroyed Desktop AppX container {98CD61B5-96F6-11F1-A28E-54582D32ED0C} for package Microsoft.MicrosoftOfficeHub_19.2608.39011.0_x64__8wekyb3d8bbwe."
"18-08-2026 10:28:01","217","Information","Microsoft-Windows-AppModel-Runtime","Destroyed Desktop AppX container {6768487A-954E-11F1-A28E-54582D32ED0C} for package MicrosoftWindows.CrossDevice_1.26062.105.0_x64__cw5n1h2txyewy."
"18-08-2026 10:28:01","217","Information","Microsoft-Windows-AppModel-Runtime","Destroyed Desktop AppX container {3C8B016B-9646-11F1-A28E-54582D32ED0C} for package Microsoft.ScreenSketch_11.2602.49.0_x64__8wekyb3d8bbwe."
"18-08-2026 10:28:01","217","Information","Microsoft-Windows-AppModel-Runtime","Destroyed Desktop AppX container {67684866-954E-11F1-A28E-54582D32ED0C} for package MicrosoftWindows.Client.CBS_1000.26100.334.0_x64__cw5n1h2txyewy."
"18-08-2026 10:28:01","217","Information","Microsoft-Windows-AppModel-Runtime","Destroyed Desktop AppX container {98CD4F34-96F6-11F1-A28E-54582D32ED0C} for package Microsoft.WindowsNotepad_11.2606.15.0_x64__8wekyb3d8bbwe."
"18-08-2026 10:28:01","217","Information","Microsoft-Windows-AppModel-Runtime","Destroyed Desktop AppX container {D687383C-97D6-11F1-A28E-54582D32ED0C} for package Microsoft.OneDriveSync_26139.720.7.0_neutral__8wekyb3d8bbwe."
"18-08-2026 10:27:43","201","Information","Microsoft-Windows-AppModel-Runtime","Created process 20444 for application Microsoft.MicrosoftEdge.Stable_8wekyb3d8bbwe!App in package Microsoft.MicrosoftEdge.Stable_151.0.4129.86_neutral__8wekyb3d8bbwe. [FinishPackageActivation]"
"18-08-2026 10:27:43","219","Information","Microsoft-Windows-AppModel-Runtime","PSMFlags for Desktop AppX process %1 with applicationID %2 is %3."
"18-08-2026 10:24:27","211","Information","Microsoft-Windows-AppModel-Runtime","Added process 28088 to Desktop AppX container 67684866-954e-11f1-a28e-54582d32ed0c for package MicrosoftWindows.Client.CBS_1000.26100.334.0_x64__cw5n1h2txyewy."
"18-08-2026 10:24:01","211","Information","Microsoft-Windows-AppModel-Runtime","Added process 40112 to Desktop AppX container 67684866-954e-11f1-a28e-54582d32ed0c for package MicrosoftWindows.Client.CBS_1000.26100.334.0_x64__cw5n1h2txyewy."
"18-08-2026 10:20:27","217","Information","Microsoft-Windows-AppModel-Runtime","Destroyed Desktop AppX container {ED3E38F9-9A23-11F1-A28E-54582D32ED0C} for package Microsoft.Windows.Photos_2026.11060.2004.0_x64__8wekyb3d8bbwe."
"18-08-2026 10:10:26","201","Information","Microsoft-Windows-AppModel-Runtime","Created process 34392 for application Microsoft.Windows.Photos_8wekyb3d8bbwe!App in package Microsoft.Windows.Photos_2026.11060.2004.0_x64__8wekyb3d8bbwe. [LaunchProcess]"
"18-08-2026 10:10:26","211","Information","Microsoft-Windows-AppModel-Runtime","Added process 34392 to Desktop AppX container ed3e38f9-9a23-11f1-a28e-54582d32ed0c for package Microsoft.Windows.Photos_2026.11060.2004.0_x64__8wekyb3d8bbwe."
"18-08-2026 10:10:26","219","Information","Microsoft-Windows-AppModel-Runtime","PSMFlags for Desktop AppX process %1 with applicationID %2 is %3."
"18-08-2026 10:10:26","201","Information","Microsoft-Windows-AppModel-Runtime","Created process 40680 for application Microsoft.Windows.Photos_8wekyb3d8bbwe!App in package Microsoft.Windows.Photos_2026.11060.2004.0_x64__8wekyb3d8bbwe. [LaunchProcess]"
"18-08-2026 10:10:26","211","Information","Microsoft-Windows-AppModel-Runtime","Added process 40680 to Desktop AppX container ed3e38f9-9a23-11f1-a28e-54582d32ed0c for package Microsoft.Windows.Photos_2026.11060.2004.0_x64__8wekyb3d8bbwe."
"18-08-2026 10:10:26","219","Information","Microsoft-Windows-AppModel-Runtime","PSMFlags for Desktop AppX process %1 with applicationID %2 is %3."
"18-08-2026 10:10:08","217","Information","Microsoft-Windows-AppModel-Runtime","Destroyed Desktop AppX container {ED3E38DB-9A23-11F1-A28E-54582D32ED0C} for package Microsoft.DesktopAppInstaller_1.29.280.0_x64__8wekyb3d8bbwe."
"18-08-2026 10:10:07","201","Information","Microsoft-Windows-AppModel-Runtime","Created process 30092 for application Microsoft.Windows.Photos_8wekyb3d8bbwe!App in package Microsoft.Windows.Photos_2026.11060.2004.0_x64__8wekyb3d8bbwe. [LaunchProcess]"
"18-08-2026 10:10:07","211","Information","Microsoft-Windows-AppModel-Runtime","Added process 30092 to Desktop AppX container ed3e38f9-9a23-11f1-a28e-54582d32ed0c for package Microsoft.Windows.Photos_2026.11060.2004.0_x64__8wekyb3d8bbwe."
"18-08-2026 10:10:06","219","Information","Microsoft-Windows-AppModel-Runtime","PSMFlags for Desktop AppX process %1 with applicationID %2 is %3."
"18-08-2026 10:10:05","201","Information","Microsoft-Windows-AppModel-Runtime","Created process 38120 for application Microsoft.Windows.Photos_8wekyb3d8bbwe!App in package Microsoft.Windows.Photos_2026.11060.2004.0_x64__8wekyb3d8bbwe. [LaunchProcess]"
"18-08-2026 10:10:05","211","Information","Microsoft-Windows-AppModel-Runtime","Added process 38120 to Desktop AppX container ed3e38f9-9a23-11f1-a28e-54582d32ed0c for package Microsoft.Windows.Photos_2026.11060.2004.0_x64__8wekyb3d8bbwe."
"18-08-2026 10:10:05","210","Information","Microsoft-Windows-AppModel-Runtime","Created Desktop AppX container {ED3E38F9-9A23-11F1-A28E-54582D32ED0C} for package Microsoft.Windows.Photos_2026.11060.2004.0_x64__8wekyb3d8bbwe."
"18-08-2026 10:10:05","219","Information","Microsoft-Windows-AppModel-Runtime","PSMFlags for Desktop AppX process %1 with applicationID %2 is %3."
"18-08-2026 10:09:06","211","Information","Microsoft-Windows-AppModel-Runtime","Added process 24384 to Desktop AppX container ed3e38db-9a23-11f1-a28e-54582d32ed0c for package Microsoft.DesktopAppInstaller_1.29.280.0_x64__8wekyb3d8bbwe."
"18-08-2026 10:09:06","210","Information","Microsoft-Windows-AppModel-Runtime","Created Desktop AppX container {ED3E38DB-9A23-11F1-A28E-54582D32ED0C} for package Microsoft.DesktopAppInstaller_1.29.280.0_x64__8wekyb3d8bbwe."
"18-08-2026 10:09:01","211","Information","Microsoft-Windows-AppModel-Runtime","Added process 34012 to Desktop AppX container 67684866-954e-11f1-a28e-54582d32ed0c for package MicrosoftWindows.Client.CBS_1000.26100.334.0_x64__cw5n1h2txyewy."
"18-08-2026 09:59:31","68","Information","Microsoft-Windows-AppModel-Runtime","AppModel Runtime status for package AppUp.IntelArcSoftware_26.26.2459.0_x64__8j3eq9eme6ctt successfully updated to 0x80000 (previous status = 0x0)."
"18-08-2026 09:59:11","217","Information","Microsoft-Windows-AppModel-Runtime","Destroyed Desktop AppX container {ED3E384B-9A23-11F1-A28E-54582D32ED0C} for package Microsoft.WindowsStore_22607.1401.3.0_x64__8wekyb3d8bbwe."
"18-08-2026 09:59:10","201","Information","Microsoft-Windows-AppModel-Runtime","Created process 22520 for application Microsoft.WindowsStore_8wekyb3d8bbwe!App in package Microsoft.WindowsStore_22607.1401.3.0_x64__8wekyb3d8bbwe. [LaunchProcess]"
"18-08-2026 09:59:10","211","Information","Microsoft-Windows-AppModel-Runtime","Added process 22520 to Desktop AppX container ed3e384b-9a23-11f1-a28e-54582d32ed0c for package Microsoft.WindowsStore_22607.1401.3.0_x64__8wekyb3d8bbwe."
"18-08-2026 09:59:10","210","Information","Microsoft-Windows-AppModel-Runtime","Created Desktop AppX container {ED3E384B-9A23-11F1-A28E-54582D32ED0C} for package Microsoft.WindowsStore_22607.1401.3.0_x64__8wekyb3d8bbwe."
"18-08-2026 09:59:10","219","Information","Microsoft-Windows-AppModel-Runtime","PSMFlags for Desktop AppX process %1 with applicationID %2 is %3."
"18-08-2026 09:59:06","42","Information","Microsoft-Windows-AppModel-Runtime","Successfully updated AppContainer Microsoft.WindowsStore_8wekyb3d8bbwe."
"18-08-2026 09:54:01","211","Information","Microsoft-Windows-AppModel-Runtime","Added process 33132 to Desktop AppX container 67684866-954e-11f1-a28e-54582d32ed0c for package MicrosoftWindows.Client.CBS_1000.26100.334.0_x64__cw5n1h2txyewy."
"18-08-2026 09:46:47","201","Information","Microsoft-Windows-AppModel-Runtime","Created process 39552 for application Microsoft.Office.ActionsServer_8wekyb3d8bbwe!Microsoft.Office.ActionsServer in package Microsoft.Office.ActionsServer_16.0.20228.20188_neutral__8wekyb3d8bbwe. [FinishPackageActivation]"
"18-08-2026 09:46:47","219","Information","Microsoft-Windows-AppModel-Runtime","PSMFlags for Desktop AppX process %1 with applicationID %2 is %3."
"18-08-2026 09:46:47","211","Information","Microsoft-Windows-AppModel-Runtime","Added process 27428 to Desktop AppX container 67684866-954e-11f1-a28e-54582d32ed0c for package MicrosoftWindows.Client.CBS_1000.26100.334.0_x64__cw5n1h2txyewy."
"18-08-2026 09:41:57","217","Information","Microsoft-Windows-AppModel-Runtime","Destroyed Desktop AppX container {ED3E356C-9A23-11F1-A28E-54582D32ED0C} for package Microsoft.WindowsStore_22606.1401.13.0_x64__8wekyb3d8bbwe."
"18-08-2026 09:40:48","211","Information","Microsoft-Windows-AppModel-Runtime","Added process 33020 to Desktop AppX container ed3e356c-9a23-11f1-a28e-54582d32ed0c for package Microsoft.WindowsStore_22606.1401.13.0_x64__8wekyb3d8bbwe."
"18-08-2026 09:40:48","211","Information","Microsoft-Windows-AppModel-Runtime","Added process 27708 to Desktop AppX container 67684b99-954e-11f1-a28e-54582d32ed0c for package MSTeams_26183.1903.4892.4448_x64__8wekyb3d8bbwe."
"18-08-2026 06:22:58","211","Information","Microsoft-Windows-AppModel-Runtime","Added process 19536 to Desktop AppX container ed3e356c-9a23-11f1-a28e-54582d32ed0c for package Microsoft.WindowsStore_22606.1401.13.0_x64__8wekyb3d8bbwe."
"18-08-2026 06:22:58","210","Information","Microsoft-Windows-AppModel-Runtime","Created Desktop AppX container {ED3E356C-9A23-11F1-A28E-54582D32ED0C} for package Microsoft.WindowsStore_22606.1401.13.0_x64__8wekyb3d8bbwe."
"18-08-2026 06:22:58","211","Information","Microsoft-Windows-AppModel-Runtime","Added process 28468 to Desktop AppX container 67684b99-954e-11f1-a28e-54582d32ed0c for package MSTeams_26183.1903.4892.4448_x64__8wekyb3d8bbwe."
"18-08-2026 06:22:52","39","Information","Microsoft-Windows-AppModel-Runtime","Successfully created AppContainer LpacSenseNdr."
"18-08-2026 06:22:52","41","Information","Microsoft-Windows-AppModel-Runtime","Successfully deleted AppContainer LpacSenseNdr."
"18-08-2026 06:22:49","39","Information","Microsoft-Windows-AppModel-Runtime","Successfully created AppContainer LpacSenseNdr."
"18-08-2026 06:22:49","41","Information","Microsoft-Windows-AppModel-Runtime","Successfully deleted AppContainer LpacSenseNdr."
"18-08-2026 06:22:47","211","Information","Microsoft-Windows-AppModel-Runtime","Added process 30408 to Desktop AppX container 67684866-954e-11f1-a28e-54582d32ed0c for package MicrosoftWindows.Client.CBS_1000.26100.334.0_x64__cw5n1h2txyewy."
"17-08-2026 21:27:52","211","Information","Microsoft-Windows-AppModel-Runtime","Added process 21688 to Desktop AppX container 67684866-954e-11f1-a28e-54582d32ed0c for package MicrosoftWindows.Client.CBS_1000.26100.334.0_x64__cw5n1h2txyewy."
"17-08-2026 21:08:15","39","Information","Microsoft-Windows-AppModel-Runtime","Successfully created AppContainer LpacSenseNdr."
"17-08-2026 21:08:15","41","Information","Microsoft-Windows-AppModel-Runtime","Successfully deleted AppContainer LpacSenseNdr."
"17-08-2026 21:04:28","39","Information","Microsoft-Windows-AppModel-Runtime","Successfully created AppContainer LpacSenseImdsCollector."
"17-08-2026 21:04:28","41","Information","Microsoft-Windows-AppModel-Runtime","Successfully deleted AppContainer LpacSenseImdsCollector."
"17-08-2026 20:54:01","211","Information","Microsoft-Windows-AppModel-Runtime","Added process 3000 to Desktop AppX container 67684866-954e-11f1-a28e-54582d32ed0c for package MicrosoftWindows.Client.CBS_1000.26100.334.0_x64__cw5n1h2txyewy."
"17-08-2026 20:48:46","201","Information","Microsoft-Windows-AppModel-Runtime","Created process 29680 for application Microsoft.OfficePushNotificationUtility_8wekyb3d8bbwe!OPushUtil in package Microsoft.OfficePushNotificationUtility_16.0.20228.20188_neutral__8wekyb3d8bbwe. [FinishPackageActivation]"
"17-08-2026 20:48:46","219","Information","Microsoft-Windows-AppModel-Runtime","PSMFlags for Desktop AppX process %1 with applicationID %2 is %3."
"17-08-2026 20:39:01","211","Information","Microsoft-Windows-AppModel-Runtime","Added process 19112 to Desktop AppX container 67684866-954e-11f1-a28e-54582d32ed0c for package MicrosoftWindows.Client.CBS_1000.26100.334.0_x64__cw5n1h2txyewy."
"17-08-2026 20:36:13","211","Information","Microsoft-Windows-AppModel-Runtime","Added process 11048 to Desktop AppX container 67684b99-954e-11f1-a28e-54582d32ed0c for package MSTeams_26183.1903.4892.4448_x64__8wekyb3d8bbwe."
"17-08-2026 20:24:01","211","Information","Microsoft-Windows-AppModel-Runtime","Added process 34540 to Desktop AppX container 67684866-954e-11f1-a28e-54582d32ed0c for package MicrosoftWindows.Client.CBS_1000.26100.334.0_x64__cw5n1h2txyewy."
"17-08-2026 20:22:14","217","Information","Microsoft-Windows-AppModel-Runtime","Destroyed Desktop AppX container {ED3E32CF-9A23-11F1-A28E-54582D32ED0C} for package Microsoft.WindowsStore_22606.1401.13.0_x64__8wekyb3d8bbwe."
"17-08-2026 20:21:13","211","Information","Microsoft-Windows-AppModel-Runtime","Added process 24164 to Desktop AppX container ed3e32cf-9a23-11f1-a28e-54582d32ed0c for package Microsoft.WindowsStore_22606.1401.13.0_x64__8wekyb3d8bbwe."
"17-08-2026 20:21:13","210","Information","Microsoft-Windows-AppModel-Runtime","Created Desktop AppX container {ED3E32CF-9A23-11F1-A28E-54582D32ED0C} for package Microsoft.WindowsStore_22606.1401.13.0_x64__8wekyb3d8bbwe."
"17-08-2026 20:09:01","211","Information","Microsoft-Windows-AppModel-Runtime","Added process 17284 to Desktop AppX container 67684866-954e-11f1-a28e-54582d32ed0c for package MicrosoftWindows.Client.CBS_1000.26100.334.0_x64__cw5n1h2txyewy."
"17-08-2026 20:08:06","39","Information","Microsoft-Windows-AppModel-Runtime","Successfully created AppContainer LpacSenseNdr."
"17-08-2026 20:08:06","41","Information","Microsoft-Windows-AppModel-Runtime","Successfully deleted AppContainer LpacSenseNdr."
"17-08-2026 20:08:03","39","Information","Microsoft-Windows-AppModel-Runtime","Successfully created AppContainer LpacSenseNdr."
"17-08-2026 20:08:03","41","Information","Microsoft-Windows-AppModel-Runtime","Successfully deleted AppContainer LpacSenseNdr."
"17-08-2026 20:04:02","39","Information","Microsoft-Windows-AppModel-Runtime","Successfully created AppContainer LpacSenseImdsCollector."
"17-08-2026 20:04:02","41","Information","Microsoft-Windows-AppModel-Runtime","Successfully deleted AppContainer LpacSenseImdsCollector."
"17-08-2026 19:54:01","211","Information","Microsoft-Windows-AppModel-Runtime","Added process 35340 to Desktop AppX container 67684866-954e-11f1-a28e-54582d32ed0c for package MicrosoftWindows.Client.CBS_1000.26100.334.0_x64__cw5n1h2txyewy."
"17-08-2026 19:53:54","201","Information","Microsoft-Windows-AppModel-Runtime","Created process 23316 for application Microsoft.WindowsNotepad_8wekyb3d8bbwe!App in package Microsoft.WindowsNotepad_11.2606.15.0_x64__8wekyb3d8bbwe. [LaunchProcess]"
"17-08-2026 19:53:54","211","Information","Microsoft-Windows-AppModel-Runtime","Added process 23316 to Desktop AppX container 98cd4f34-96f6-11f1-a28e-54582d32ed0c for package Microsoft.WindowsNotepad_11.2606.15.0_x64__8wekyb3d8bbwe."
"17-08-2026 19:53:54","219","Information","Microsoft-Windows-AppModel-Runtime","PSMFlags for Desktop AppX process %1 with applicationID %2 is %3."
"17-08-2026 19:39:01","211","Information","Microsoft-Windows-AppModel-Runtime","Added process 41628 to Desktop AppX container 67684866-954e-11f1-a28e-54582d32ed0c for package MicrosoftWindows.Client.CBS_1000.26100.334.0_x64__cw5n1h2txyewy."
"17-08-2026 19:33:37","211","Information","Microsoft-Windows-AppModel-Runtime","Added process 14764 to Desktop AppX container 67684b99-954e-11f1-a28e-54582d32ed0c for package MSTeams_26183.1903.4892.4448_x64__8wekyb3d8bbwe."
"17-08-2026 19:24:01","211","Information","Microsoft-Windows-AppModel-Runtime","Added process 20304 to Desktop AppX container 67684866-954e-11f1-a28e-54582d32ed0c for package MicrosoftWindows.Client.CBS_1000.26100.334.0_x64__cw5n1h2txyewy."
"17-08-2026 19:09:01","211","Information","Microsoft-Windows-AppModel-Runtime","Added process 35852 to Desktop AppX container 67684866-954e-11f1-a28e-54582d32ed0c for package MicrosoftWindows.Client.CBS_1000.26100.334.0_x64__cw5n1h2txyewy."
"17-08-2026 19:03:36","39","Information","Microsoft-Windows-AppModel-Runtime","Successfully created AppContainer LpacSenseImdsCollector."
"17-08-2026 19:03:36","41","Information","Microsoft-Windows-AppModel-Runtime","Successfully deleted AppContainer LpacSenseImdsCollector."
"17-08-2026 18:54:01","211","Information","Microsoft-Windows-AppModel-Runtime","Added process 32660 to Desktop AppX container 67684866-954e-11f1-a28e-54582d32ed0c for package MicrosoftWindows.Client.CBS_1000.26100.334.0_x64__cw5n1h2txyewy."
"17-08-2026 18:49:59","41","Information","Microsoft-Windows-AppModel-Runtime","Successfully deleted AppContainer OICE_16_974FA576_32C1D314_3FF9."
"17-08-2026 18:49:45","39","Information","Microsoft-Windows-AppModel-Runtime","Successfully created AppContainer OICE_16_974FA576_32C1D314_3FF9."
"17-08-2026 18:49:45","41","Information","Microsoft-Windows-AppModel-Runtime","Successfully deleted AppContainer OICE_16_974FA576_32C1D314_3FF9."
"17-08-2026 18:39:01","211","Information","Microsoft-Windows-AppModel-Runtime","Added process 27860 to Desktop AppX container 67684866-954e-11f1-a28e-54582d32ed0c for package MicrosoftWindows.Client.CBS_1000.26100.334.0_x64__cw5n1h2txyewy."
"17-08-2026 18:34:19","211","Information","Microsoft-Windows-AppModel-Runtime","Added process 4352 to Desktop AppX container 67684b99-954e-11f1-a28e-54582d32ed0c for package MSTeams_26183.1903.4892.4448_x64__8wekyb3d8bbwe."
"17-08-2026 18:24:01","211","Information","Microsoft-Windows-AppModel-Runtime","Added process 42316 to Desktop AppX container 67684866-954e-11f1-a28e-54582d32ed0c for package MicrosoftWindows.Client.CBS_1000.26100.334.0_x64__cw5n1h2txyewy."
"17-08-2026 18:17:59","217","Information","Microsoft-Windows-AppModel-Runtime","Destroyed Desktop AppX container {ED3E2957-9A23-11F1-A28E-54582D32ED0C} for package Microsoft.WindowsStore_22606.1401.13.0_x64__8wekyb3d8bbwe."
"17-08-2026 18:16:59","211","Information","Microsoft-Windows-AppModel-Runtime","Added process 18428 to Desktop AppX container ed3e2957-9a23-11f1-a28e-54582d32ed0c for package Microsoft.WindowsStore_22606.1401.13.0_x64__8wekyb3d8bbwe."
"17-08-2026 18:16:59","210","Information","Microsoft-Windows-AppModel-Runtime","Created Desktop AppX container {ED3E2957-9A23-11F1-A28E-54582D32ED0C} for package Microsoft.WindowsStore_22606.1401.13.0_x64__8wekyb3d8bbwe."
"17-08-2026 18:09:01","211","Information","Microsoft-Windows-AppModel-Runtime","Added process 4788 to Desktop AppX container 67684866-954e-11f1-a28e-54582d32ed0c for package MicrosoftWindows.Client.CBS_1000.26100.334.0_x64__cw5n1h2txyewy."
"17-08-2026 18:03:10","39","Information","Microsoft-Windows-AppModel-Runtime","Successfully created AppContainer LpacSenseImdsCollector."
"17-08-2026 18:03:10","41","Information","Microsoft-Windows-AppModel-Runtime","Successfully deleted AppContainer LpacSenseImdsCollector."
"17-08-2026 17:54:01","211","Information","Microsoft-Windows-AppModel-Runtime","Added process 37488 to Desktop AppX container 67684866-954e-11f1-a28e-54582d32ed0c for package MicrosoftWindows.Client.CBS_1000.26100.334.0_x64__cw5n1h2txyewy."
"17-08-2026 17:51:45","39","Information","Microsoft-Windows-AppModel-Runtime","Successfully created AppContainer LpacSenseNdr."
"17-08-2026 17:51:45","41","Information","Microsoft-Windows-AppModel-Runtime","Successfully deleted AppContainer LpacSenseNdr."
"17-08-2026 17:49:45","40","Information","Microsoft-Windows-AppModel-Runtime","AppContainer onecore\ds\security\gina\profile\profext\appcontainer.cpp Line:1863 1_https___agave.myanalytics.cdn.office.net 1_https___agave.myanalytics.cdn.office.net04ACA5EC was not created because it already exists."
"17-08-2026 17:48:12","39","Information","Microsoft-Windows-AppModel-Runtime","Successfully created AppContainer LpacSenseNdr."
"17-08-2026 17:48:12","41","Information","Microsoft-Windows-AppModel-Runtime","Successfully deleted AppContainer LpacSenseNdr."
"17-08-2026 17:48:09","39","Information","Microsoft-Windows-AppModel-Runtime","Successfully created AppContainer LpacSenseNdr."
"17-08-2026 17:48:09","41","Information","Microsoft-Windows-AppModel-Runtime","Successfully deleted AppContainer LpacSenseNdr."
"17-08-2026 17:47:41","39","Information","Microsoft-Windows-AppModel-Runtime","Successfully created AppContainer LpacSenseNdr."
"17-08-2026 17:47:41","41","Information","Microsoft-Windows-AppModel-Runtime","Successfully deleted AppContainer LpacSenseNdr."
"17-08-2026 17:47:36","39","Information","Microsoft-Windows-AppModel-Runtime","Successfully created AppContainer LpacSenseNdr."
"17-08-2026 17:47:36","41","Information","Microsoft-Windows-AppModel-Runtime","Successfully deleted AppContainer LpacSenseNdr."
"17-08-2026 17:39:01","211","Information","Microsoft-Windows-AppModel-Runtime","Added process 6336 to Desktop AppX container 67684866-954e-11f1-a28e-54582d32ed0c for package MicrosoftWindows.Client.CBS_1000.26100.334.0_x64__cw5n1h2txyewy."
"17-08-2026 17:36:13","211","Information","Microsoft-Windows-AppModel-Runtime","Added process 16564 to Desktop AppX container 67684b99-954e-11f1-a28e-54582d32ed0c for package MSTeams_26183.1903.4892.4448_x64__8wekyb3d8bbwe."
"17-08-2026 17:24:01","211","Information","Microsoft-Windows-AppModel-Runtime","Added process 28400 to Desktop AppX container 67684866-954e-11f1-a28e-54582d32ed0c for package MicrosoftWindows.Client.CBS_1000.26100.334.0_x64__cw5n1h2txyewy."
"17-08-2026 17:09:01","211","Information","Microsoft-Windows-AppModel-Runtime","Added process 42860 to Desktop AppX container 67684866-954e-11f1-a28e-54582d32ed0c for package MicrosoftWindows.Client.CBS_1000.26100.334.0_x64__cw5n1h2txyewy."
"17-08-2026 17:02:44","39","Information","Microsoft-Windows-AppModel-Runtime","Successfully created AppContainer LpacSenseImdsCollector."
"17-08-2026 17:02:44","41","Information","Microsoft-Windows-AppModel-Runtime","Successfully deleted AppContainer LpacSenseImdsCollector."
"17-08-2026 16:57:35","39","Information","Microsoft-Windows-AppModel-Runtime","Successfully created AppContainer LpacSenseNdr."
"17-08-2026 16:57:35","41","Information","Microsoft-Windows-AppModel-Runtime","Successfully deleted AppContainer LpacSenseNdr."
"17-08-2026 16:57:28","39","Information","Microsoft-Windows-AppModel-Runtime","Successfully created AppContainer LpacSenseNdr."
"17-08-2026 16:57:28","41","Information","Microsoft-Windows-AppModel-Runtime","Successfully deleted AppContainer LpacSenseNdr."
"17-08-2026 16:57:10","39","Information","Microsoft-Windows-AppModel-Runtime","Successfully created AppContainer LpacSenseNdr."
"17-08-2026 16:57:10","41","Information","Microsoft-Windows-AppModel-Runtime","Successfully deleted AppContainer LpacSenseNdr."
"17-08-2026 16:57:04","39","Information","Microsoft-Windows-AppModel-Runtime","Successfully created AppContainer LpacSenseNdr."
"17-08-2026 16:57:04","41","Information","Microsoft-Windows-AppModel-Runtime","Successfully deleted AppContainer LpacSenseNdr."
"17-08-2026 16:56:32","39","Information","Microsoft-Windows-AppModel-Runtime","Successfully created AppContainer LpacSenseNdr."
"17-08-2026 16:56:32","41","Information","Microsoft-Windows-AppModel-Runtime","Successfully deleted AppContainer LpacSenseNdr."
"17-08-2026 16:54:01","211","Information","Microsoft-Windows-AppModel-Runtime","Added process 37812 to Desktop AppX container 67684866-954e-11f1-a28e-54582d32ed0c for package MicrosoftWindows.Client.CBS_1000.26100.334.0_x64__cw5n1h2txyewy."
"17-08-2026 16:39:01","211","Information","Microsoft-Windows-AppModel-Runtime","Added process 36000 to Desktop AppX container 67684866-954e-11f1-a28e-54582d32ed0c for package MicrosoftWindows.Client.CBS_1000.26100.334.0_x64__cw5n1h2txyewy."
"17-08-2026 16:34:35","211","Information","Microsoft-Windows-AppModel-Runtime","Added process 33804 to Desktop AppX container 67684b99-954e-11f1-a28e-54582d32ed0c for package MSTeams_26183.1903.4892.4448_x64__8wekyb3d8bbwe."
"17-08-2026 16:32:50","201","Information","Microsoft-Windows-AppModel-Runtime","Created process 27100 for application Microsoft.WindowsNotepad_8wekyb3d8bbwe!App in package Microsoft.WindowsNotepad_11.2606.15.0_x64__8wekyb3d8bbwe. [LaunchProcess]"
"17-08-2026 16:32:50","211","Information","Microsoft-Windows-AppModel-Runtime","Added process 27100 to Desktop AppX container 98cd4f34-96f6-11f1-a28e-54582d32ed0c for package Microsoft.WindowsNotepad_11.2606.15.0_x64__8wekyb3d8bbwe."
"17-08-2026 16:32:50","219","Information","Microsoft-Windows-AppModel-Runtime","PSMFlags for Desktop AppX process %1 with applicationID %2 is %3."
"17-08-2026 16:32:22","201","Information","Microsoft-Windows-AppModel-Runtime","Created process 22912 for application Microsoft.WindowsNotepad_8wekyb3d8bbwe!App in package Microsoft.WindowsNotepad_11.2606.15.0_x64__8wekyb3d8bbwe. [LaunchProcess]"
"17-08-2026 16:32:22","211","Information","Microsoft-Windows-AppModel-Runtime","Added process 22912 to Desktop AppX container 98cd4f34-96f6-11f1-a28e-54582d32ed0c for package Microsoft.WindowsNotepad_11.2606.15.0_x64__8wekyb3d8bbwe."
"17-08-2026 16:32:22","219","Information","Microsoft-Windows-AppModel-Runtime","PSMFlags for Desktop AppX process %1 with applicationID %2 is %3."
"17-08-2026 16:31:47","217","Information","Microsoft-Windows-AppModel-Runtime","Destroyed Desktop AppX container {ED3E205C-9A23-11F1-A28E-54582D32ED0C} for package Microsoft.WindowsTerminal_1.24.11911.0_x64__8wekyb3d8bbwe."
"17-08-2026 16:31:40","211","Information","Microsoft-Windows-AppModel-Runtime","Added process 41008 to Desktop AppX container ed3e205c-9a23-11f1-a28e-54582d32ed0c for package Microsoft.WindowsTerminal_1.24.11911.0_x64__8wekyb3d8bbwe."
"17-08-2026 16:31:40","210","Information","Microsoft-Windows-AppModel-Runtime","Created Desktop AppX container {ED3E205C-9A23-11F1-A28E-54582D32ED0C} for package Microsoft.WindowsTerminal_1.24.11911.0_x64__8wekyb3d8bbwe."
"17-08-2026 16:29:49","217","Information","Microsoft-Windows-AppModel-Runtime","Destroyed Desktop AppX container {ED3E203D-9A23-11F1-A28E-54582D32ED0C} for package Microsoft.WindowsTerminal_1.24.11911.0_x64__8wekyb3d8bbwe."
"17-08-2026 16:29:38","211","Information","Microsoft-Windows-AppModel-Runtime","Added process 21724 to Desktop AppX container ed3e203d-9a23-11f1-a28e-54582d32ed0c for package Microsoft.WindowsTerminal_1.24.11911.0_x64__8wekyb3d8bbwe."
"17-08-2026 16:29:38","210","Information","Microsoft-Windows-AppModel-Runtime","Created Desktop AppX container {ED3E203D-9A23-11F1-A28E-54582D32ED0C} for package Microsoft.WindowsTerminal_1.24.11911.0_x64__8wekyb3d8bbwe."
"17-08-2026 16:28:08","201","Information","Microsoft-Windows-AppModel-Runtime","Created process 41004 for application Microsoft.WindowsNotepad_8wekyb3d8bbwe!App in package Microsoft.WindowsNotepad_11.2606.15.0_x64__8wekyb3d8bbwe. [LaunchProcess]"
"17-08-2026 16:28:08","211","Information","Microsoft-Windows-AppModel-Runtime","Added process 41004 to Desktop AppX container 98cd4f34-96f6-11f1-a28e-54582d32ed0c for package Microsoft.WindowsNotepad_11.2606.15.0_x64__8wekyb3d8bbwe."
"17-08-2026 16:28:08","219","Information","Microsoft-Windows-AppModel-Runtime","PSMFlags for Desktop AppX process %1 with applicationID %2 is %3."
"17-08-2026 16:27:20","201","Information","Microsoft-Windows-AppModel-Runtime","Created process 17628 for application Microsoft.WindowsNotepad_8wekyb3d8bbwe!App in package Microsoft.WindowsNotepad_11.2606.15.0_x64__8wekyb3d8bbwe. [LaunchProcess]"
"17-08-2026 16:27:20","211","Information","Microsoft-Windows-AppModel-Runtime","Added process 17628 to Desktop AppX container 98cd4f34-96f6-11f1-a28e-54582d32ed0c for package Microsoft.WindowsNotepad_11.2606.15.0_x64__8wekyb3d8bbwe."
"17-08-2026 16:27:20","219","Information","Microsoft-Windows-AppModel-Runtime","PSMFlags for Desktop AppX process %1 with applicationID %2 is %3."
"17-08-2026 16:27:20","217","Information","Microsoft-Windows-AppModel-Runtime","Destroyed Desktop AppX container {ED3E1FF5-9A23-11F1-A28E-54582D32ED0C} for package Microsoft.WindowsTerminal_1.24.11911.0_x64__8wekyb3d8bbwe."
"17-08-2026 16:27:14","211","Information","Microsoft-Windows-AppModel-Runtime","Added process 32864 to Desktop AppX container ed3e1ff5-9a23-11f1-a28e-54582d32ed0c for package Microsoft.WindowsTerminal_1.24.11911.0_x64__8wekyb3d8bbwe."
"17-08-2026 16:27:14","210","Information","Microsoft-Windows-AppModel-Runtime","Created Desktop AppX container {ED3E1FF5-9A23-11F1-A28E-54582D32ED0C} for package Microsoft.WindowsTerminal_1.24.11911.0_x64__8wekyb3d8bbwe."
"17-08-2026 16:24:01","211","Information","Microsoft-Windows-AppModel-Runtime","Added process 39964 to Desktop AppX container 67684866-954e-11f1-a28e-54582d32ed0c for package MicrosoftWindows.Client.CBS_1000.26100.334.0_x64__cw5n1h2txyewy."
"17-08-2026 16:22:13","217","Information","Microsoft-Windows-AppModel-Runtime","Destroyed Desktop AppX container {ED3E1FA3-9A23-11F1-A28E-54582D32ED0C} for package Microsoft.WindowsStore_22606.1401.13.0_x64__8wekyb3d8bbwe."
"17-08-2026 16:21:13","211","Information","Microsoft-Windows-AppModel-Runtime","Added process 32604 to Desktop AppX container ed3e1fa3-9a23-11f1-a28e-54582d32ed0c for package Microsoft.WindowsStore_22606.1401.13.0_x64__8wekyb3d8bbwe."
"17-08-2026 16:21:13","210","Information","Microsoft-Windows-AppModel-Runtime","Created Desktop AppX container {ED3E1FA3-9A23-11F1-A28E-54582D32ED0C} for package Microsoft.WindowsStore_22606.1401.13.0_x64__8wekyb3d8bbwe."
"17-08-2026 16:09:01","211","Information","Microsoft-Windows-AppModel-Runtime","Added process 42620 to Desktop AppX container 67684866-954e-11f1-a28e-54582d32ed0c for package MicrosoftWindows.Client.CBS_1000.26100.334.0_x64__cw5n1h2txyewy."
"17-08-2026 16:07:53","39","Information","Microsoft-Windows-AppModel-Runtime","Successfully created AppContainer LpacSenseNdr."
"17-08-2026 16:07:53","41","Information","Microsoft-Windows-AppModel-Runtime","Successfully deleted AppContainer LpacSenseNdr."
"17-08-2026 16:07:45","39","Information","Microsoft-Windows-AppModel-Runtime","Successfully created AppContainer LpacSenseNdr."
"17-08-2026 16:07:45","41","Information","Microsoft-Windows-AppModel-Runtime","Successfully deleted AppContainer LpacSenseNdr."
"17-08-2026 16:03:01","217","Information","Microsoft-Windows-AppModel-Runtime","Destroyed Desktop AppX container {ED3E1E75-9A23-11F1-A28E-54582D32ED0C} for package Microsoft.WindowsTerminal_1.24.11911.0_x64__8wekyb3d8bbwe."
"17-08-2026 16:02:54","211","Information","Microsoft-Windows-AppModel-Runtime","Added process 35560 to Desktop AppX container ed3e1e75-9a23-11f1-a28e-54582d32ed0c for package Microsoft.WindowsTerminal_1.24.11911.0_x64__8wekyb3d8bbwe."
"17-08-2026 16:02:54","210","Information","Microsoft-Windows-AppModel-Runtime","Created Desktop AppX container {ED3E1E75-9A23-11F1-A28E-54582D32ED0C} for package Microsoft.WindowsTerminal_1.24.11911.0_x64__8wekyb3d8bbwe."
"17-08-2026 16:02:18","39","Information","Microsoft-Windows-AppModel-Runtime","Successfully created AppContainer LpacSenseImdsCollector."
"17-08-2026 16:02:18","41","Information","Microsoft-Windows-AppModel-Runtime","Successfully deleted AppContainer LpacSenseImdsCollector."
"17-08-2026 16:00:45","217","Information","Microsoft-Windows-AppModel-Runtime","Destroyed Desktop AppX container {ED3E1E0D-9A23-11F1-A28E-54582D32ED0C} for package Microsoft.WindowsTerminal_1.24.11911.0_x64__8wekyb3d8bbwe."
"17-08-2026 16:00:35","211","Information","Microsoft-Windows-AppModel-Runtime","Added process 40592 to Desktop AppX container ed3e1e0d-9a23-11f1-a28e-54582d32ed0c for package Microsoft.WindowsTerminal_1.24.11911.0_x64__8wekyb3d8bbwe."
"17-08-2026 16:00:35","210","Information","Microsoft-Windows-AppModel-Runtime","Created Desktop AppX container {ED3E1E0D-9A23-11F1-A28E-54582D32ED0C} for package Microsoft.WindowsTerminal_1.24.11911.0_x64__8wekyb3d8bbwe."
"17-08-2026 15:59:57","217","Information","Microsoft-Windows-AppModel-Runtime","Destroyed Desktop AppX container {ED3E1DE8-9A23-11F1-A28E-54582D32ED0C} for package Microsoft.WindowsTerminal_1.24.11911.0_x64__8wekyb3d8bbwe."
"17-08-2026 15:59:47","211","Information","Microsoft-Windows-AppModel-Runtime","Added process 39756 to Desktop AppX container ed3e1de8-9a23-11f1-a28e-54582d32ed0c for package Microsoft.WindowsTerminal_1.24.11911.0_x64__8wekyb3d8bbwe."
"17-08-2026 15:59:47","210","Information","Microsoft-Windows-AppModel-Runtime","Created Desktop AppX container {ED3E1DE8-9A23-11F1-A28E-54582D32ED0C} for package Microsoft.WindowsTerminal_1.24.11911.0_x64__8wekyb3d8bbwe."
"17-08-2026 15:58:29","217","Information","Microsoft-Windows-AppModel-Runtime","Destroyed Desktop AppX container {ED3E1DC4-9A23-11F1-A28E-54582D32ED0C} for package Microsoft.WindowsTerminal_1.24.11911.0_x64__8wekyb3d8bbwe."
"17-08-2026 15:58:27","211","Information","Microsoft-Windows-AppModel-Runtime","Added process 18568 to Desktop AppX container ed3e1dc4-9a23-11f1-a28e-54582d32ed0c for package Microsoft.WindowsTerminal_1.24.11911.0_x64__8wekyb3d8bbwe."
"17-08-2026 15:58:27","211","Information","Microsoft-Windows-AppModel-Runtime","Added process 42656 to Desktop AppX container ed3e1dc4-9a23-11f1-a28e-54582d32ed0c for package Microsoft.WindowsTerminal_1.24.11911.0_x64__8wekyb3d8bbwe."
"17-08-2026 15:58:27","210","Information","Microsoft-Windows-AppModel-Runtime","Created Desktop AppX container {ED3E1DC4-9A23-11F1-A28E-54582D32ED0C} for package Microsoft.WindowsTerminal_1.24.11911.0_x64__8wekyb3d8bbwe."
"17-08-2026 15:57:44","217","Information","Microsoft-Windows-AppModel-Runtime","Destroyed Desktop AppX container {ED3E1DA3-9A23-11F1-A28E-54582D32ED0C} for package Microsoft.WindowsTerminal_1.24.11911.0_x64__8wekyb3d8bbwe."
"17-08-2026 15:57:32","211","Information","Microsoft-Windows-AppModel-Runtime","Added process 35668 to Desktop AppX container ed3e1da3-9a23-11f1-a28e-54582d32ed0c for package Microsoft.WindowsTerminal_1.24.11911.0_x64__8wekyb3d8bbwe."
"17-08-2026 15:57:32","210","Information","Microsoft-Windows-AppModel-Runtime","Created Desktop AppX container {ED3E1DA3-9A23-11F1-A28E-54582D32ED0C} for package Microsoft.WindowsTerminal_1.24.11911.0_x64__8wekyb3d8bbwe."
"17-08-2026 15:57:32","217","Information","Microsoft-Windows-AppModel-Runtime","Destroyed Desktop AppX container {ED3E1D99-9A23-11F1-A28E-54582D32ED0C} for package Microsoft.WindowsTerminal_1.24.11911.0_x64__8wekyb3d8bbwe."
"17-08-2026 15:57:25","211","Information","Microsoft-Windows-AppModel-Runtime","Added process 3100 to Desktop AppX container ed3e1d99-9a23-11f1-a28e-54582d32ed0c for package Microsoft.WindowsTerminal_1.24.11911.0_x64__8wekyb3d8bbwe."
"17-08-2026 15:57:25","210","Information","Microsoft-Windows-AppModel-Runtime","Created Desktop AppX container {ED3E1D99-9A23-11F1-A28E-54582D32ED0C} for package Microsoft.WindowsTerminal_1.24.11911.0_x64__8wekyb3d8bbwe."
"17-08-2026 15:54:01","211","Information","Microsoft-Windows-AppModel-Runtime","Added process 36360 to Desktop AppX container 67684866-954e-11f1-a28e-54582d32ed0c for package MicrosoftWindows.Client.CBS_1000.26100.334.0_x64__cw5n1h2txyewy."
"17-08-2026 15:51:32","217","Information","Microsoft-Windows-AppModel-Runtime","Destroyed Desktop AppX container {ED3E1C93-9A23-11F1-A28E-54582D32ED0C} for package Microsoft.WindowsTerminal_1.24.11911.0_x64__8wekyb3d8bbwe."
"17-08-2026 15:51:25","211","Information","Microsoft-Windows-AppModel-Runtime","Added process 28012 to Desktop AppX container ed3e1c93-9a23-11f1-a28e-54582d32ed0c for package Microsoft.WindowsTerminal_1.24.11911.0_x64__8wekyb3d8bbwe."
"17-08-2026 15:51:25","210","Information","Microsoft-Windows-AppModel-Runtime","Created Desktop AppX container {ED3E1C93-9A23-11F1-A28E-54582D32ED0C} for package Microsoft.WindowsTerminal_1.24.11911.0_x64__8wekyb3d8bbwe."
"17-08-2026 15:47:36","217","Information","Microsoft-Windows-AppModel-Runtime","Destroyed Desktop AppX container {D6874D58-97D6-11F1-A28E-54582D32ED0C} for package Microsoft.WindowsTerminal_1.24.11911.0_x64__8wekyb3d8bbwe."
"17-08-2026 15:39:01","211","Information","Microsoft-Windows-AppModel-Runtime","Added process 35568 to Desktop AppX container 67684866-954e-11f1-a28e-54582d32ed0c for package MicrosoftWindows.Client.CBS_1000.26100.334.0_x64__cw5n1h2txyewy."
"17-08-2026 15:38:44","211","Information","Microsoft-Windows-AppModel-Runtime","Added process 27964 to Desktop AppX container d6874d58-97d6-11f1-a28e-54582d32ed0c for package Microsoft.WindowsTerminal_1.24.11911.0_x64__8wekyb3d8bbwe."
"17-08-2026 15:38:44","211","Information","Microsoft-Windows-AppModel-Runtime","Added process 944 to Desktop AppX container d6874d58-97d6-11f1-a28e-54582d32ed0c for package Microsoft.WindowsTerminal_1.24.11911.0_x64__8wekyb3d8bbwe."
"17-08-2026 15:38:44","210","Information","Microsoft-Windows-AppModel-Runtime","Created Desktop AppX container {D6874D58-97D6-11F1-A28E-54582D32ED0C} for package Microsoft.WindowsTerminal_1.24.11911.0_x64__8wekyb3d8bbwe."
"17-08-2026 15:36:13","211","Information","Microsoft-Windows-AppModel-Runtime","Added process 36404 to Desktop AppX container 67684b99-954e-11f1-a28e-54582d32ed0c for package MSTeams_26183.1903.4892.4448_x64__8wekyb3d8bbwe."
"17-08-2026 15:24:01","211","Information","Microsoft-Windows-AppModel-Runtime","Added process 37128 to Desktop AppX container 67684866-954e-11f1-a28e-54582d32ed0c for package MicrosoftWindows.Client.CBS_1000.26100.334.0_x64__cw5n1h2txyewy."
"17-08-2026 15:09:01","211","Information","Microsoft-Windows-AppModel-Runtime","Added process 35292 to Desktop AppX container 67684866-954e-11f1-a28e-54582d32ed0c for package MicrosoftWindows.Client.CBS_1000.26100.334.0_x64__cw5n1h2txyewy."
"17-08-2026 15:01:52","39","Information","Microsoft-Windows-AppModel-Runtime","Successfully created AppContainer LpacSenseImdsCollector."
"17-08-2026 15:01:52","41","Information","Microsoft-Windows-AppModel-Runtime","Successfully deleted AppContainer LpacSenseImdsCollector."
"17-08-2026 15:00:20","41","Information","Microsoft-Windows-AppModel-Runtime","Successfully deleted AppContainer OICE_16_974FA576_32C1D314_2A8E."
"17-08-2026 15:00:05","39","Information","Microsoft-Windows-AppModel-Runtime","Successfully created AppContainer OICE_16_974FA576_32C1D314_2A8E."
