"03-08-2026 09:26:23","62443","Information","Microsoft-Windows-Shell-Core","AppDefault Info: SetDefault: Association=.mrw, ProgId=AppX43hnxtbyyps62jhe9sqpdzxn1790zetc"
"03-08-2026 09:26:23","62443","Information","Microsoft-Windows-Shell-Core","AppDefault Info: SetDefault-Info: Association=.mpv2, ProgId=WMP11.AssocFile.MPEG, U=S-1-12-1-2357405129-1281513531-255772574-1816207334, T=2026:08:01:03:03:56, H=Fa4RmlY7zVw="
"03-08-2026 09:26:23","62443","Information","Microsoft-Windows-Shell-Core","AppDefault Info: SetDefault: Association=.mpv2, ProgId=WMP11.AssocFile.MPEG"
"03-08-2026 09:26:23","62443","Information","Microsoft-Windows-Shell-Core","AppDefault Info: SetDefault-Info: Association=.mpg, ProgId=WMP11.AssocFile.MPEG, U=S-1-12-1-2357405129-1281513531-255772574-1816207334, T=2026:08:01:03:03:56, H=FPfKToUemPM="
"03-08-2026 09:26:23","62443","Information","Microsoft-Windows-Shell-Core","AppDefault Info: SetDefault: Association=.mpg, ProgId=WMP11.AssocFile.MPEG"
"03-08-2026 09:26:23","62443","Information","Microsoft-Windows-Shell-Core","AppDefault Info: SetDefault-Info: Association=.mpeg, ProgId=WMP11.AssocFile.MPEG, U=S-1-12-1-2357405129-1281513531-255772574-1816207334, T=2026:08:01:03:03:56, H=loFuuvQN40Q="
"03-08-2026 09:26:23","62443","Information","Microsoft-Windows-Shell-Core","AppDefault Info: SetDefault: Association=.mpeg, ProgId=WMP11.AssocFile.MPEG"
"03-08-2026 09:26:23","62443","Information","Microsoft-Windows-Shell-Core","AppDefault Info: SetDefault-Info: Association=.MPE, ProgId=WMP11.AssocFile.MPEG, U=S-1-12-1-2357405129-1281513531-255772574-1816207334, T=2026:08:01:03:03:56, H=aABkdPqqFa4="
"03-08-2026 09:26:23","62443","Information","Microsoft-Windows-Shell-Core","AppDefault Info: SetDefault: Association=.MPE, ProgId=WMP11.AssocFile.MPEG"
"03-08-2026 09:26:22","62443","Information","Microsoft-Windows-Shell-Core","AppDefault Info: SetDefault-Info: Association=.mpa, ProgId=WMP11.AssocFile.MPEG, U=S-1-12-1-2357405129-1281513531-255772574-1816207334, T=2026:08:01:03:03:56, H=P5Jhsw3zUrM="
"03-08-2026 09:26:22","62443","Information","Microsoft-Windows-Shell-Core","AppDefault Info: SetDefault: Association=.mpa, ProgId=WMP11.AssocFile.MPEG"
"03-08-2026 09:26:22","62443","Information","Microsoft-Windows-Shell-Core","AppDefault Info: SetDefault-Info: Association=.mp4v, ProgId=WMP11.AssocFile.MP4, U=S-1-12-1-2357405129-1281513531-255772574-1816207334, T=2026:08:01:03:03:56, H=+Bb2OfIVRLk="
"03-08-2026 09:26:22","62443","Information","Microsoft-Windows-Shell-Core","AppDefault Info: SetDefault: Association=.mp4v, ProgId=WMP11.AssocFile.MP4"
"03-08-2026 09:26:22","62443","Information","Microsoft-Windows-Shell-Core","AppDefault Info: SetDefault-Info: Association=.mp4, ProgId=WMP11.AssocFile.MP4, U=S-1-12-1-2357405129-1281513531-255772574-1816207334, T=2026:08:01:03:03:56, H=UWQNdJjOOl0="
"03-08-2026 09:26:22","62443","Information","Microsoft-Windows-Shell-Core","AppDefault Info: SetDefault: Association=.mp4, ProgId=WMP11.AssocFile.MP4"
"03-08-2026 09:26:22","62443","Information","Microsoft-Windows-Shell-Core","AppDefault Info: SetDefault-Info: Association=.mp3, ProgId=WMP11.AssocFile.MP3, U=S-1-12-1-2357405129-1281513531-255772574-1816207334, T=2026:08:01:03:03:56, H=0fcDggyvhdU="
"03-08-2026 09:26:22","62443","Information","Microsoft-Windows-Shell-Core","AppDefault Info: SetDefault: Association=.mp3, ProgId=WMP11.AssocFile.MP3"
"03-08-2026 09:26:22","62443","Information","Microsoft-Windows-Shell-Core","AppDefault Info: SetDefault-Info: Association=.mp2v, ProgId=WMP11.AssocFile.MPEG, U=S-1-12-1-2357405129-1281513531-255772574-1816207334, T=2026:08:01:03:03:56, H=epHvorFOAtc="
"03-08-2026 09:26:22","62443","Information","Microsoft-Windows-Shell-Core","AppDefault Info: SetDefault: Association=.mp2v, ProgId=WMP11.AssocFile.MPEG"
"03-08-2026 09:26:22","62443","Information","Microsoft-Windows-Shell-Core","AppDefault Info: SetDefault-Info: Association=.MP2, ProgId=WMP11.AssocFile.MP3, U=S-1-12-1-2357405129-1281513531-255772574-1816207334, T=2026:08:01:03:03:56, H=tjWgjHCDJTM="
"03-08-2026 09:26:22","62443","Information","Microsoft-Windows-Shell-Core","AppDefault Info: SetDefault: Association=.MP2, ProgId=WMP11.AssocFile.MP3"
"03-08-2026 09:26:22","62443","Information","Microsoft-Windows-Shell-Core","AppDefault Info: SetDefault-Info: Association=.mov, ProgId=WMP11.AssocFile.MOV, U=S-1-12-1-2357405129-1281513531-255772574-1816207334, T=2026:08:01:03:03:56, H=DSZLtU+cL9A="
"03-08-2026 09:26:22","62443","Information","Microsoft-Windows-Shell-Core","AppDefault Info: SetDefault: Association=.mov, ProgId=WMP11.AssocFile.MOV"
"03-08-2026 09:26:22","62443","Information","Microsoft-Windows-Shell-Core","AppDefault Info: SetDefault-Info: Association=.mos, ProgId=AppX9rkaq77s0jzh1tyccadx9ghba15r6t3h, U=S-1-12-1-2357405129-1281513531-255772574-1816207334, T=2026:08:01:03:03:56, H=/Nrh5qi/4iM="
"03-08-2026 09:26:22","62443","Information","Microsoft-Windows-Shell-Core","AppDefault Info: SetDefault: Association=.mos, ProgId=AppX9rkaq77s0jzh1tyccadx9ghba15r6t3h"
"03-08-2026 09:26:22","62443","Information","Microsoft-Windows-Shell-Core","AppDefault Info: SetDefault-Info: Association=.mkv, ProgId=WMP11.AssocFile.MKV, U=S-1-12-1-2357405129-1281513531-255772574-1816207334, T=2026:08:01:03:03:56, H=fOEZTyDQ8E0="
"03-08-2026 09:26:22","62443","Information","Microsoft-Windows-Shell-Core","AppDefault Info: SetDefault: Association=.mkv, ProgId=WMP11.AssocFile.MKV"
"03-08-2026 09:26:22","62443","Information","Microsoft-Windows-Shell-Core","AppDefault Info: SetDefault-Info: Association=.mka, ProgId=WMP11.AssocFile.MKA, U=S-1-12-1-2357405129-1281513531-255772574-1816207334, T=2026:08:01:03:03:56, H=GBT5waS+HK8="
"03-08-2026 09:26:22","62443","Information","Microsoft-Windows-Shell-Core","AppDefault Info: SetDefault: Association=.mka, ProgId=WMP11.AssocFile.MKA"
"03-08-2026 09:26:22","62443","Information","Microsoft-Windows-Shell-Core","AppDefault Info: SetDefault-Info: Association=.mk3d, ProgId=WMP11.AssocFile.MK3D, U=S-1-12-1-2357405129-1281513531-255772574-1816207334, T=2026:08:01:03:03:56, H=pJ3L44RAyM0="
"03-08-2026 09:26:22","62443","Information","Microsoft-Windows-Shell-Core","AppDefault Info: SetDefault: Association=.mk3d, ProgId=WMP11.AssocFile.MK3D"
"03-08-2026 09:26:22","62443","Information","Microsoft-Windows-Shell-Core","AppDefault Info: SetDefault-Info: Association=.midi, ProgId=WMP11.AssocFile.MIDI, U=S-1-12-1-2357405129-1281513531-255772574-1816207334, T=2026:08:01:03:03:56, H=SF2Tk/70mdE="
"03-08-2026 09:26:22","62443","Information","Microsoft-Windows-Shell-Core","AppDefault Info: SetDefault: Association=.midi, ProgId=WMP11.AssocFile.MIDI"
"03-08-2026 09:26:22","62443","Information","Microsoft-Windows-Shell-Core","AppDefault Info: SetDefault-Info: Association=.mid, ProgId=WMP11.AssocFile.MIDI, U=S-1-12-1-2357405129-1281513531-255772574-1816207334, T=2026:08:01:03:03:56, H=gz2UZneLvfs="
"03-08-2026 09:26:22","62443","Information","Microsoft-Windows-Shell-Core","AppDefault Info: SetDefault: Association=.mid, ProgId=WMP11.AssocFile.MIDI"
"03-08-2026 09:26:22","62443","Information","Microsoft-Windows-Shell-Core","AppDefault Info: SetDefault-Info: Association=.mhtml, ProgId=MSEdgeHTM, U=S-1-12-1-2357405129-1281513531-255772574-1816207334, T=2026:08:01:03:03:56, H=EFyQF9nEqgA="
"03-08-2026 09:26:22","62443","Information","Microsoft-Windows-Shell-Core","AppDefault Info: SetDefault: Association=.mhtml, ProgId=MSEdgeHTM"
"03-08-2026 09:26:22","62443","Information","Microsoft-Windows-Shell-Core","AppDefault Info: SetDefault-Info: Association=.mht, ProgId=MSEdgeHTM, U=S-1-12-1-2357405129-1281513531-255772574-1816207334, T=2026:08:01:03:03:56, H=3E5vb/DnSKI="
"03-08-2026 09:26:22","62443","Information","Microsoft-Windows-Shell-Core","AppDefault Info: SetDefault: Association=.mht, ProgId=MSEdgeHTM"
"03-08-2026 09:26:22","62443","Information","Microsoft-Windows-Shell-Core","AppDefault Info: SetDefault-Info: Association=.mef, ProgId=AppX9rkaq77s0jzh1tyccadx9ghba15r6t3h, U=S-1-12-1-2357405129-1281513531-255772574-1816207334, T=2026:08:01:03:03:56, H=eBC+XlX9Q4Q="
"03-08-2026 09:26:22","62443","Information","Microsoft-Windows-Shell-Core","AppDefault Info: SetDefault: Association=.mef, ProgId=AppX9rkaq77s0jzh1tyccadx9ghba15r6t3h"
"03-08-2026 09:26:22","62443","Information","Microsoft-Windows-Shell-Core","AppDefault Info: SetDefault-Info: Association=.m4v, ProgId=WMP11.AssocFile.MP4, U=S-1-12-1-2357405129-1281513531-255772574-1816207334, T=2026:08:01:03:03:56, H=iNVvCXrf8HA="
"03-08-2026 09:26:22","62443","Information","Microsoft-Windows-Shell-Core","AppDefault Info: SetDefault: Association=.m4v, ProgId=WMP11.AssocFile.MP4"
"03-08-2026 09:26:22","62443","Information","Microsoft-Windows-Shell-Core","AppDefault Info: SetDefault-Info: Association=.m4a, ProgId=WMP11.AssocFile.M4A, U=S-1-12-1-2357405129-1281513531-255772574-1816207334, T=2026:08:01:03:03:56, H=XG0RZ2WtOcg="
"03-08-2026 09:26:22","62443","Information","Microsoft-Windows-Shell-Core","AppDefault Info: SetDefault: Association=.m4a, ProgId=WMP11.AssocFile.M4A"
"03-08-2026 09:26:22","62443","Information","Microsoft-Windows-Shell-Core","AppDefault Info: SetDefault-Info: Association=.m3u, ProgId=WMP11.AssocFile.m3u, U=S-1-12-1-2357405129-1281513531-255772574-1816207334, T=2026:08:01:03:03:56, H=ypjidLNBuSQ="
"03-08-2026 09:26:22","62443","Information","Microsoft-Windows-Shell-Core","AppDefault Info: SetDefault: Association=.m3u, ProgId=WMP11.AssocFile.m3u"
"03-08-2026 09:26:22","62443","Information","Microsoft-Windows-Shell-Core","AppDefault Info: SetDefault-Info: Association=.m2ts, ProgId=WMP11.AssocFile.M2TS, U=S-1-12-1-2357405129-1281513531-255772574-1816207334, T=2026:08:01:03:03:56, H=5j5x1pQ3kco="
"03-08-2026 09:26:22","62443","Information","Microsoft-Windows-Shell-Core","AppDefault Info: SetDefault: Association=.m2ts, ProgId=WMP11.AssocFile.M2TS"
"03-08-2026 09:26:22","62443","Information","Microsoft-Windows-Shell-Core","AppDefault Info: SetDefault-Info: Association=.m2t, ProgId=WMP11.AssocFile.M2TS, U=S-1-12-1-2357405129-1281513531-255772574-1816207334, T=2026:08:01:03:03:56, H=0SVqdKuEDTw="
"03-08-2026 09:26:22","62443","Information","Microsoft-Windows-Shell-Core","AppDefault Info: SetDefault: Association=.m2t, ProgId=WMP11.AssocFile.M2TS"
"03-08-2026 09:26:22","62443","Information","Microsoft-Windows-Shell-Core","AppDefault Info: SetDefault-Info: Association=.m1v, ProgId=WMP11.AssocFile.MPEG, U=S-1-12-1-2357405129-1281513531-255772574-1816207334, T=2026:08:01:03:03:56, H=OReVKzTbT20="
"03-08-2026 09:26:22","62443","Information","Microsoft-Windows-Shell-Core","AppDefault Info: SetDefault: Association=.m1v, ProgId=WMP11.AssocFile.MPEG"
"03-08-2026 09:26:22","62443","Information","Microsoft-Windows-Shell-Core","AppDefault Info: SetDefault-Info: Association=.kdc, ProgId=AppX43hnxtbyyps62jhe9sqpdzxn1790zetc, U=S-1-12-1-2357405129-1281513531-255772574-1816207334, T=2026:08:01:03:03:56, H=5i4RHRVVZWg="
"03-08-2026 09:26:22","62443","Information","Microsoft-Windows-Shell-Core","AppDefault Info: SetDefault: Association=.kdc, ProgId=AppX43hnxtbyyps62jhe9sqpdzxn1790zetc"
"03-08-2026 09:26:22","62443","Information","Microsoft-Windows-Shell-Core","AppDefault Info: SetDefault-Info: Association=.k25, ProgId=AppX9rkaq77s0jzh1tyccadx9ghba15r6t3h, U=S-1-12-1-2357405129-1281513531-255772574-1816207334, T=2026:08:01:03:03:56, H=9rT0m6G0268="
"03-08-2026 09:26:22","62443","Information","Microsoft-Windows-Shell-Core","AppDefault Info: SetDefault: Association=.k25, ProgId=AppX9rkaq77s0jzh1tyccadx9ghba15r6t3h"
"03-08-2026 09:26:22","62443","Information","Microsoft-Windows-Shell-Core","AppDefault Info: SetDefault-Info: Association=.jxr, ProgId=AppX43hnxtbyyps62jhe9sqpdzxn1790zetc, U=S-1-12-1-2357405129-1281513531-255772574-1816207334, T=2026:08:01:03:03:56, H=JoMwkESSdy0="
"03-08-2026 09:26:22","62443","Information","Microsoft-Windows-Shell-Core","AppDefault Info: SetDefault: Association=.jxr, ProgId=AppX43hnxtbyyps62jhe9sqpdzxn1790zetc"
"03-08-2026 09:26:22","62443","Information","Microsoft-Windows-Shell-Core","AppDefault Info: SetDefault-Info: Association=.js, ProgId=AppXkv2jqn1pq8ajm0p5dhgqde7aafykkrrn, U=S-1-12-1-2357405129-1281513531-255772574-1816207334, T=2026:08:01:03:03:56, H=S/7xreCBRKU="
"03-08-2026 09:26:22","62443","Information","Microsoft-Windows-Shell-Core","AppDefault Info: SetDefault: Association=.js, ProgId=AppXkv2jqn1pq8ajm0p5dhgqde7aafykkrrn"
"03-08-2026 09:26:22","62443","Information","Microsoft-Windows-Shell-Core","AppDefault Info: SetDefault-Info: Association=.jpg, ProgId=AppX43hnxtbyyps62jhe9sqpdzxn1790zetc, U=S-1-12-1-2357405129-1281513531-255772574-1816207334, T=2026:08:01:03:03:56, H=K4rurXAYBPE="
"03-08-2026 09:26:22","62443","Information","Microsoft-Windows-Shell-Core","AppDefault Info: SetDefault: Association=.jpg, ProgId=AppX43hnxtbyyps62jhe9sqpdzxn1790zetc"
"03-08-2026 09:26:22","62443","Information","Microsoft-Windows-Shell-Core","AppDefault Info: SetDefault-Info: Association=.jpeg, ProgId=AppX43hnxtbyyps62jhe9sqpdzxn1790zetc, U=S-1-12-1-2357405129-1281513531-255772574-1816207334, T=2026:08:01:03:03:56, H=B69IWSI6LZ8="
"03-08-2026 09:26:22","62443","Information","Microsoft-Windows-Shell-Core","AppDefault Info: SetDefault: Association=.jpeg, ProgId=AppX43hnxtbyyps62jhe9sqpdzxn1790zetc"
"03-08-2026 09:26:22","62443","Information","Microsoft-Windows-Shell-Core","AppDefault Info: SetDefault-Info: Association=.jpe, ProgId=AppX43hnxtbyyps62jhe9sqpdzxn1790zetc, U=S-1-12-1-2357405129-1281513531-255772574-1816207334, T=2026:08:01:03:03:56, H=MFzpQbHtFGk="
"03-08-2026 09:26:22","62443","Information","Microsoft-Windows-Shell-Core","AppDefault Info: SetDefault: Association=.jpe, ProgId=AppX43hnxtbyyps62jhe9sqpdzxn1790zetc"
"03-08-2026 09:26:22","62443","Information","Microsoft-Windows-Shell-Core","AppDefault Info: SetDefault-Info: Association=.jfif, ProgId=AppX43hnxtbyyps62jhe9sqpdzxn1790zetc, U=S-1-12-1-2357405129-1281513531-255772574-1816207334, T=2026:08:01:03:03:56, H=tnuzAd3JWqw="
"03-08-2026 09:26:22","62443","Information","Microsoft-Windows-Shell-Core","AppDefault Info: SetDefault: Association=.jfif, ProgId=AppX43hnxtbyyps62jhe9sqpdzxn1790zetc"
"03-08-2026 09:26:22","62443","Information","Microsoft-Windows-Shell-Core","AppDefault Info: SetDefault-Info: Association=.iiq, ProgId=AppX9rkaq77s0jzh1tyccadx9ghba15r6t3h, U=S-1-12-1-2357405129-1281513531-255772574-1816207334, T=2026:08:01:03:03:56, H=u/FC4nheRSg="
"03-08-2026 09:26:22","62443","Information","Microsoft-Windows-Shell-Core","AppDefault Info: SetDefault: Association=.iiq, ProgId=AppX9rkaq77s0jzh1tyccadx9ghba15r6t3h"
"03-08-2026 09:26:22","62443","Information","Microsoft-Windows-Shell-Core","AppDefault Info: SetDefault-Info: Association=.ics, ProgId=AppX18q1gk8kdws5gt2g5c62cxc6qydq7tsw, U=S-1-12-1-2357405129-1281513531-255772574-1816207334, T=2026:08:01:03:03:56, H=YsTBGWBb8q4="
"03-08-2026 09:26:22","62443","Information","Microsoft-Windows-Shell-Core","AppDefault Info: SetDefault: Association=.ics, ProgId=AppX18q1gk8kdws5gt2g5c62cxc6qydq7tsw"
"03-08-2026 09:26:22","62443","Information","Microsoft-Windows-Shell-Core","AppDefault Info: SetDefault-Info: Association=.ico, ProgId=AppX43hnxtbyyps62jhe9sqpdzxn1790zetc, U=S-1-12-1-2357405129-1281513531-255772574-1816207334, T=2026:08:01:03:03:56, H=P6JVkuryKLc="
"03-08-2026 09:26:22","62443","Information","Microsoft-Windows-Shell-Core","AppDefault Info: SetDefault: Association=.ico, ProgId=AppX43hnxtbyyps62jhe9sqpdzxn1790zetc"
"03-08-2026 09:26:22","62443","Information","Microsoft-Windows-Shell-Core","AppDefault Info: SetDefault-Info: Association=.html, ProgId=MSEdgeHTM, U=S-1-12-1-2357405129-1281513531-255772574-1816207334, T=2026:08:01:03:03:56, H=0Pa/E5gkqqc="
"03-08-2026 09:26:22","62443","Information","Microsoft-Windows-Shell-Core","AppDefault Info: SetDefault: Association=.html, ProgId=MSEdgeHTM"
"03-08-2026 09:26:22","62443","Information","Microsoft-Windows-Shell-Core","AppDefault Info: SetDefault-Info: Association=.htm, ProgId=MSEdgeHTM, U=S-1-12-1-2357405129-1281513531-255772574-1816207334, T=2026:08:01:03:03:56, H=ObtOpICDbO4="
"03-08-2026 09:26:22","62443","Information","Microsoft-Windows-Shell-Core","AppDefault Info: SetDefault: Association=.htm, ProgId=MSEdgeHTM"
"03-08-2026 09:26:22","62443","Information","Microsoft-Windows-Shell-Core","AppDefault Info: SetDefault-Info: Association=.hta, ProgId=AppXkv2jqn1pq8ajm0p5dhgqde7aafykkrrn, U=S-1-12-1-2357405129-1281513531-255772574-1816207334, T=2026:08:01:03:03:56, H=1hiELfRsOI0="
"03-08-2026 09:26:22","62443","Information","Microsoft-Windows-Shell-Core","AppDefault Info: SetDefault: Association=.hta, ProgId=AppXkv2jqn1pq8ajm0p5dhgqde7aafykkrrn"
"03-08-2026 09:26:22","62443","Information","Microsoft-Windows-Shell-Core","AppDefault Info: SetDefault-Info: Association=.hif, ProgId=AppX43hnxtbyyps62jhe9sqpdzxn1790zetc, U=S-1-12-1-2357405129-1281513531-255772574-1816207334, T=2026:08:01:03:03:56, H=u9YQfOfT6zA="
"03-08-2026 09:26:22","62443","Information","Microsoft-Windows-Shell-Core","AppDefault Info: SetDefault: Association=.hif, ProgId=AppX43hnxtbyyps62jhe9sqpdzxn1790zetc"
"03-08-2026 09:26:22","62443","Information","Microsoft-Windows-Shell-Core","AppDefault Info: SetDefault-Info: Association=.heif, ProgId=AppX43hnxtbyyps62jhe9sqpdzxn1790zetc, U=S-1-12-1-2357405129-1281513531-255772574-1816207334, T=2026:08:01:03:03:56, H=pI/YXksF1K8="
"03-08-2026 09:26:22","62443","Information","Microsoft-Windows-Shell-Core","AppDefault Info: SetDefault: Association=.heif, ProgId=AppX43hnxtbyyps62jhe9sqpdzxn1790zetc"
"03-08-2026 09:26:22","62443","Information","Microsoft-Windows-Shell-Core","AppDefault Info: SetDefault-Info: Association=.heic, ProgId=AppX43hnxtbyyps62jhe9sqpdzxn1790zetc, U=S-1-12-1-2357405129-1281513531-255772574-1816207334, T=2026:08:01:03:03:56, H=4ZAPc4mgitk="
"03-08-2026 09:26:22","62443","Information","Microsoft-Windows-Shell-Core","AppDefault Info: SetDefault: Association=.heic, ProgId=AppX43hnxtbyyps62jhe9sqpdzxn1790zetc"
"03-08-2026 09:26:22","62443","Information","Microsoft-Windows-Shell-Core","AppDefault Info: SetDefault-Info: Association=.gif, ProgId=AppX43hnxtbyyps62jhe9sqpdzxn1790zetc, U=S-1-12-1-2357405129-1281513531-255772574-1816207334, T=2026:08:01:03:03:56, H=FN+oN7vpnpI="
"03-08-2026 09:26:22","62443","Information","Microsoft-Windows-Shell-Core","AppDefault Info: SetDefault: Association=.gif, ProgId=AppX43hnxtbyyps62jhe9sqpdzxn1790zetc"
"03-08-2026 09:26:22","62443","Information","Microsoft-Windows-Shell-Core","AppDefault Info: SetDefault-Info: Association=.flac, ProgId=WMP11.AssocFile.FLAC, U=S-1-12-1-2357405129-1281513531-255772574-1816207334, T=2026:08:01:03:03:56, H=fizhm28MpsA="
"03-08-2026 09:26:22","62443","Information","Microsoft-Windows-Shell-Core","AppDefault Info: SetDefault: Association=.flac, ProgId=WMP11.AssocFile.FLAC"
"03-08-2026 09:26:22","62443","Information","Microsoft-Windows-Shell-Core","AppDefault Info: SetDefault-Info: Association=.fff, ProgId=AppX9rkaq77s0jzh1tyccadx9ghba15r6t3h, U=S-1-12-1-2357405129-1281513531-255772574-1816207334, T=2026:08:01:03:03:56, H=U/lethWx9Ak="
"03-08-2026 09:26:22","62443","Information","Microsoft-Windows-Shell-Core","AppDefault Info: SetDefault: Association=.fff, ProgId=AppX9rkaq77s0jzh1tyccadx9ghba15r6t3h"
"03-08-2026 09:26:22","62443","Information","Microsoft-Windows-Shell-Core","AppDefault Info: SetDefault-Info: Association=.erf, ProgId=AppX43hnxtbyyps62jhe9sqpdzxn1790zetc, U=S-1-12-1-2357405129-1281513531-255772574-1816207334, T=2026:08:01:03:03:56, H=ZkdLY9j7Fbw="
"03-08-2026 09:26:22","62443","Information","Microsoft-Windows-Shell-Core","AppDefault Info: SetDefault: Association=.erf, ProgId=AppX43hnxtbyyps62jhe9sqpdzxn1790zetc"
"03-08-2026 09:26:21","62443","Information","Microsoft-Windows-Shell-Core","AppDefault Info: SetDefault-Info: Association=.emf, ProgId=AppXcesbfs704v2mjbts9dkr42s9vmrhxbkj, U=S-1-12-1-2357405129-1281513531-255772574-1816207334, T=2026:08:01:03:03:56, H=n1rvSF/DukU="
"03-08-2026 09:26:21","62443","Information","Microsoft-Windows-Shell-Core","AppDefault Info: SetDefault: Association=.emf, ProgId=AppXcesbfs704v2mjbts9dkr42s9vmrhxbkj"
"03-08-2026 09:26:21","62443","Information","Microsoft-Windows-Shell-Core","AppDefault Info: SetDefault-Info: Association=.eip, ProgId=AppX9rkaq77s0jzh1tyccadx9ghba15r6t3h, U=S-1-12-1-2357405129-1281513531-255772574-1816207334, T=2026:08:01:03:03:56, H=6pw1zum5WAc="
"03-08-2026 09:26:21","62443","Information","Microsoft-Windows-Shell-Core","AppDefault Info: SetDefault: Association=.eip, ProgId=AppX9rkaq77s0jzh1tyccadx9ghba15r6t3h"
"03-08-2026 09:26:21","62443","Information","Microsoft-Windows-Shell-Core","AppDefault Info: SetDefault-Info: Association=.drf, ProgId=AppX9rkaq77s0jzh1tyccadx9ghba15r6t3h, U=S-1-12-1-2357405129-1281513531-255772574-1816207334, T=2026:08:01:03:03:56, H=PqaEJw0WMKU="
"03-08-2026 09:26:21","62443","Information","Microsoft-Windows-Shell-Core","AppDefault Info: SetDefault: Association=.drf, ProgId=AppX9rkaq77s0jzh1tyccadx9ghba15r6t3h"
"03-08-2026 09:26:21","62443","Information","Microsoft-Windows-Shell-Core","AppDefault Info: SetDefault-Info: Association=.dng, ProgId=AppXvvwq6wxamf7qhxd0vn6wm1wwehyxrdd6, U=S-1-12-1-2357405129-1281513531-255772574-1816207334, T=2026:08:01:03:03:56, H=5j5IsY6agSI="
"03-08-2026 09:26:21","62443","Information","Microsoft-Windows-Shell-Core","AppDefault Info: SetDefault: Association=.dng, ProgId=AppXvvwq6wxamf7qhxd0vn6wm1wwehyxrdd6"
"03-08-2026 09:26:21","62443","Information","Microsoft-Windows-Shell-Core","AppDefault Info: SetDefault-Info: Association=.dib, ProgId=AppX43hnxtbyyps62jhe9sqpdzxn1790zetc, U=S-1-12-1-2357405129-1281513531-255772574-1816207334, T=2026:08:01:03:03:56, H=4z14YWx+VeI="
"03-08-2026 09:26:21","62443","Information","Microsoft-Windows-Shell-Core","AppDefault Info: SetDefault: Association=.dib, ProgId=AppX43hnxtbyyps62jhe9sqpdzxn1790zetc"
"03-08-2026 09:26:21","62443","Information","Microsoft-Windows-Shell-Core","AppDefault Info: SetDefault-Info: Association=.dcs, ProgId=AppX9rkaq77s0jzh1tyccadx9ghba15r6t3h, U=S-1-12-1-2357405129-1281513531-255772574-1816207334, T=2026:08:01:03:03:56, H=h/qOPtGX5Z4="
"03-08-2026 09:26:21","62443","Information","Microsoft-Windows-Shell-Core","AppDefault Info: SetDefault: Association=.dcs, ProgId=AppX9rkaq77s0jzh1tyccadx9ghba15r6t3h"
"03-08-2026 09:26:21","62443","Information","Microsoft-Windows-Shell-Core","AppDefault Info: SetDefault-Info: Association=.dcr, ProgId=AppX9rkaq77s0jzh1tyccadx9ghba15r6t3h, U=S-1-12-1-2357405129-1281513531-255772574-1816207334, T=2026:08:01:03:03:56, H=N6+U2Umkr44="
"03-08-2026 09:26:21","62443","Information","Microsoft-Windows-Shell-Core","AppDefault Info: SetDefault: Association=.dcr, ProgId=AppX9rkaq77s0jzh1tyccadx9ghba15r6t3h"
"03-08-2026 09:26:21","62443","Information","Microsoft-Windows-Shell-Core","AppDefault Info: SetDefault-Info: Association=.crw, ProgId=AppX43hnxtbyyps62jhe9sqpdzxn1790zetc, U=S-1-12-1-2357405129-1281513531-255772574-1816207334, T=2026:08:01:03:03:56, H=iO5XoXgHh1U="
"03-08-2026 09:26:21","62443","Information","Microsoft-Windows-Shell-Core","AppDefault Info: SetDefault: Association=.crw, ProgId=AppX43hnxtbyyps62jhe9sqpdzxn1790zetc"
"03-08-2026 09:26:21","62443","Information","Microsoft-Windows-Shell-Core","AppDefault Info: SetDefault-Info: Association=.cr3, ProgId=AppX9rkaq77s0jzh1tyccadx9ghba15r6t3h, U=S-1-12-1-2357405129-1281513531-255772574-1816207334, T=2026:08:01:03:03:56, H=8KIwlvNMSFM="
"03-08-2026 09:26:21","62443","Information","Microsoft-Windows-Shell-Core","AppDefault Info: SetDefault: Association=.cr3, ProgId=AppX9rkaq77s0jzh1tyccadx9ghba15r6t3h"
"03-08-2026 09:26:21","62443","Information","Microsoft-Windows-Shell-Core","AppDefault Info: SetDefault-Info: Association=.cr2, ProgId=AppX43hnxtbyyps62jhe9sqpdzxn1790zetc, U=S-1-12-1-2357405129-1281513531-255772574-1816207334, T=2026:08:01:03:03:56, H=uEW9IGawaxI="
"03-08-2026 09:26:21","62443","Information","Microsoft-Windows-Shell-Core","AppDefault Info: SetDefault: Association=.cr2, ProgId=AppX43hnxtbyyps62jhe9sqpdzxn1790zetc"
"03-08-2026 09:26:21","62443","Information","Microsoft-Windows-Shell-Core","AppDefault Info: SetDefault-Info: Association=.cda, ProgId=WMP11.AssocFile.CDA, U=S-1-12-1-2357405129-1281513531-255772574-1816207334, T=2026:08:01:03:03:56, H=WLthINE7ePo="
"03-08-2026 09:26:21","62443","Information","Microsoft-Windows-Shell-Core","AppDefault Info: SetDefault: Association=.cda, ProgId=WMP11.AssocFile.CDA"
"03-08-2026 09:26:21","62443","Information","Microsoft-Windows-Shell-Core","AppDefault Info: SetDefault-Info: Association=.cap, ProgId=AppX9rkaq77s0jzh1tyccadx9ghba15r6t3h, U=S-1-12-1-2357405129-1281513531-255772574-1816207334, T=2026:08:01:03:03:56, H=3dWkrHuHuu0="
"03-08-2026 09:26:21","62443","Information","Microsoft-Windows-Shell-Core","AppDefault Info: SetDefault: Association=.cap, ProgId=AppX9rkaq77s0jzh1tyccadx9ghba15r6t3h"
"03-08-2026 09:26:21","62443","Information","Microsoft-Windows-Shell-Core","AppDefault Info: SetDefault-Info: Association=.cab, ProgId=CABFolder, U=S-1-12-1-2357405129-1281513531-255772574-1816207334, T=2026:08:01:03:03:56, H=gCD7a5WTZxw="
"03-08-2026 09:26:21","62443","Information","Microsoft-Windows-Shell-Core","AppDefault Info: SetDefault: Association=.cab, ProgId=CABFolder"
"03-08-2026 09:26:21","62443","Information","Microsoft-Windows-Shell-Core","AppDefault Info: SetDefault-Info: Association=.bmp, ProgId=AppX43hnxtbyyps62jhe9sqpdzxn1790zetc, U=S-1-12-1-2357405129-1281513531-255772574-1816207334, T=2026:08:01:03:03:56, H=cfL26mdpiHo="
"03-08-2026 09:26:21","62443","Information","Microsoft-Windows-Shell-Core","AppDefault Info: SetDefault: Association=.bmp, ProgId=AppX43hnxtbyyps62jhe9sqpdzxn1790zetc"
"03-08-2026 09:26:21","62443","Information","Microsoft-Windows-Shell-Core","AppDefault Info: SetDefault-Info: Association=.bay, ProgId=AppX9rkaq77s0jzh1tyccadx9ghba15r6t3h, U=S-1-12-1-2357405129-1281513531-255772574-1816207334, T=2026:08:01:03:03:56, H=Yo44O9zDDEM="
"03-08-2026 09:26:21","62443","Information","Microsoft-Windows-Shell-Core","AppDefault Info: SetDefault: Association=.bay, ProgId=AppX9rkaq77s0jzh1tyccadx9ghba15r6t3h"
"03-08-2026 09:26:21","62443","Information","Microsoft-Windows-Shell-Core","AppDefault Info: SetDefault-Info: Association=.avif, ProgId=AppX43hnxtbyyps62jhe9sqpdzxn1790zetc, U=S-1-12-1-2357405129-1281513531-255772574-1816207334, T=2026:08:01:03:03:56, H=+l+ddsE+EX4="
"03-08-2026 09:26:21","62443","Information","Microsoft-Windows-Shell-Core","AppDefault Info: SetDefault: Association=.avif, ProgId=AppX43hnxtbyyps62jhe9sqpdzxn1790zetc"
"03-08-2026 09:26:21","62443","Information","Microsoft-Windows-Shell-Core","AppDefault Info: SetDefault-Info: Association=.avi, ProgId=WMP11.AssocFile.AVI, U=S-1-12-1-2357405129-1281513531-255772574-1816207334, T=2026:08:01:03:03:56, H=OZaF1KGr+lo="
"03-08-2026 09:26:21","62443","Information","Microsoft-Windows-Shell-Core","AppDefault Info: SetDefault: Association=.avi, ProgId=WMP11.AssocFile.AVI"
"03-08-2026 09:26:21","62443","Information","Microsoft-Windows-Shell-Core","AppDefault Info: SetDefault-Info: Association=.avci, ProgId=AppX9rkaq77s0jzh1tyccadx9ghba15r6t3h, U=S-1-12-1-2357405129-1281513531-255772574-1816207334, T=2026:08:01:03:03:56, H=R9YoJ74vrhA="
"03-08-2026 09:26:21","62443","Information","Microsoft-Windows-Shell-Core","AppDefault Info: SetDefault: Association=.avci, ProgId=AppX9rkaq77s0jzh1tyccadx9ghba15r6t3h"
"03-08-2026 09:26:21","62443","Information","Microsoft-Windows-Shell-Core","AppDefault Info: SetDefault-Info: Association=.au, ProgId=WMP11.AssocFile.AU, U=S-1-12-1-2357405129-1281513531-255772574-1816207334, T=2026:08:01:03:03:56, H=gu7eepVWsHc="
"03-08-2026 09:26:21","62443","Information","Microsoft-Windows-Shell-Core","AppDefault Info: SetDefault: Association=.au, ProgId=WMP11.AssocFile.AU"
"03-08-2026 09:26:21","62443","Information","Microsoft-Windows-Shell-Core","AppDefault Info: SetDefault-Info: Association=.asx, ProgId=WMP11.AssocFile.ASX, U=S-1-12-1-2357405129-1281513531-255772574-1816207334, T=2026:08:01:03:03:56, H=Iy5GBKQSMbo="
"03-08-2026 09:26:21","62443","Information","Microsoft-Windows-Shell-Core","AppDefault Info: SetDefault: Association=.asx, ProgId=WMP11.AssocFile.ASX"
"03-08-2026 09:26:21","62443","Information","Microsoft-Windows-Shell-Core","AppDefault Info: SetDefault-Info: Association=.asf, ProgId=WMP11.AssocFile.ASF, U=S-1-12-1-2357405129-1281513531-255772574-1816207334, T=2026:08:01:03:03:56, H=LCRgaD1LhSc="
"03-08-2026 09:26:21","62443","Information","Microsoft-Windows-Shell-Core","AppDefault Info: SetDefault: Association=.asf, ProgId=WMP11.AssocFile.ASF"
"03-08-2026 09:26:21","62443","Information","Microsoft-Windows-Shell-Core","AppDefault Info: SetDefault-Info: Association=.arw, ProgId=AppX43hnxtbyyps62jhe9sqpdzxn1790zetc, U=S-1-12-1-2357405129-1281513531-255772574-1816207334, T=2026:08:01:03:03:56, H=6LA/j+npvxg="
"03-08-2026 09:26:21","62443","Information","Microsoft-Windows-Shell-Core","AppDefault Info: SetDefault: Association=.arw, ProgId=AppX43hnxtbyyps62jhe9sqpdzxn1790zetc"
"03-08-2026 09:26:21","62443","Information","Microsoft-Windows-Shell-Core","AppDefault Info: SetDefault-Info: Association=.ari, ProgId=AppX9rkaq77s0jzh1tyccadx9ghba15r6t3h, U=S-1-12-1-2357405129-1281513531-255772574-1816207334, T=2026:08:01:03:03:56, H=mdvdEvtDOf0="
"03-08-2026 09:26:21","62443","Information","Microsoft-Windows-Shell-Core","AppDefault Info: SetDefault: Association=.ari, ProgId=AppX9rkaq77s0jzh1tyccadx9ghba15r6t3h"
"03-08-2026 09:26:21","62443","Information","Microsoft-Windows-Shell-Core","AppDefault Info: SetDefault-Info: Association=.aiff, ProgId=WMP11.AssocFile.AIFF, U=S-1-12-1-2357405129-1281513531-255772574-1816207334, T=2026:08:01:03:03:56, H=AClm2f8eOOI="
"03-08-2026 09:26:21","62443","Information","Microsoft-Windows-Shell-Core","AppDefault Info: SetDefault: Association=.aiff, ProgId=WMP11.AssocFile.AIFF"
"03-08-2026 09:26:21","62443","Information","Microsoft-Windows-Shell-Core","AppDefault Info: SetDefault-Info: Association=.aifc, ProgId=WMP11.AssocFile.AIFF, U=S-1-12-1-2357405129-1281513531-255772574-1816207334, T=2026:08:01:03:03:56, H=AhDoRJVFyIM="
"03-08-2026 09:26:21","62443","Information","Microsoft-Windows-Shell-Core","AppDefault Info: SetDefault: Association=.aifc, ProgId=WMP11.AssocFile.AIFF"
"03-08-2026 09:26:21","62443","Information","Microsoft-Windows-Shell-Core","AppDefault Info: SetDefault-Info: Association=.aif, ProgId=WMP11.AssocFile.AIFF, U=S-1-12-1-2357405129-1281513531-255772574-1816207334, T=2026:08:01:03:03:56, H=NJIepTvU0TU="
"03-08-2026 09:26:21","62443","Information","Microsoft-Windows-Shell-Core","AppDefault Info: SetDefault: Association=.aif, ProgId=WMP11.AssocFile.AIFF"
"03-08-2026 09:26:21","62443","Information","Microsoft-Windows-Shell-Core","AppDefault Info: SetDefault-Info: Association=.adts, ProgId=WMP11.AssocFile.ADTS, U=S-1-12-1-2357405129-1281513531-255772574-1816207334, T=2026:08:01:03:03:56, H=NCwpSP29kNk="
"03-08-2026 09:26:21","62443","Information","Microsoft-Windows-Shell-Core","AppDefault Info: SetDefault: Association=.adts, ProgId=WMP11.AssocFile.ADTS"
"03-08-2026 09:26:21","62443","Information","Microsoft-Windows-Shell-Core","AppDefault Info: SetDefault-Info: Association=.aac, ProgId=WMP11.AssocFile.ADTS, U=S-1-12-1-2357405129-1281513531-255772574-1816207334, T=2026:08:01:03:03:56, H=Jp1/FP7Z+DA="
"03-08-2026 09:26:21","62443","Information","Microsoft-Windows-Shell-Core","AppDefault Info: SetDefault: Association=.aac, ProgId=WMP11.AssocFile.ADTS"
"03-08-2026 09:26:21","62443","Information","Microsoft-Windows-Shell-Core","AppDefault Info: SetDefault-Info: Association=.3gpp, ProgId=WMP11.AssocFile.3GP, U=S-1-12-1-2357405129-1281513531-255772574-1816207334, T=2026:08:01:03:03:56, H=91zGFHugh5o="
"03-08-2026 09:26:21","62443","Information","Microsoft-Windows-Shell-Core","AppDefault Info: SetDefault: Association=.3gpp, ProgId=WMP11.AssocFile.3GP"
"03-08-2026 09:26:21","62443","Information","Microsoft-Windows-Shell-Core","AppDefault Info: SetDefault-Info: Association=.3gp2, ProgId=WMP11.AssocFile.3G2, U=S-1-12-1-2357405129-1281513531-255772574-1816207334, T=2026:08:01:03:03:56, H=XyMiv/lnNtw="
"03-08-2026 09:26:21","62443","Information","Microsoft-Windows-Shell-Core","AppDefault Info: SetDefault: Association=.3gp2, ProgId=WMP11.AssocFile.3G2"
"03-08-2026 09:26:21","62443","Information","Microsoft-Windows-Shell-Core","AppDefault Info: SetDefault-Info: Association=.3gp, ProgId=WMP11.AssocFile.3GP, U=S-1-12-1-2357405129-1281513531-255772574-1816207334, T=2026:08:01:03:03:56, H=Hm8L2lgAfgE="
"03-08-2026 09:26:21","62443","Information","Microsoft-Windows-Shell-Core","AppDefault Info: SetDefault: Association=.3gp, ProgId=WMP11.AssocFile.3GP"
"03-08-2026 09:26:21","62443","Information","Microsoft-Windows-Shell-Core","AppDefault Info: SetDefault-Info: Association=.3g2, ProgId=WMP11.AssocFile.3G2, U=S-1-12-1-2357405129-1281513531-255772574-1816207334, T=2026:08:01:03:03:56, H=ZPiO6E7JMRQ="
"03-08-2026 09:26:21","62443","Information","Microsoft-Windows-Shell-Core","AppDefault Info: SetDefault: Association=.3g2, ProgId=WMP11.AssocFile.3G2"
"03-08-2026 09:26:21","62443","Information","Microsoft-Windows-Shell-Core","AppDefault Info: SetDefault-Info: Association=.3fr, ProgId=AppX9rkaq77s0jzh1tyccadx9ghba15r6t3h, U=S-1-12-1-2357405129-1281513531-255772574-1816207334, T=2026:08:01:03:03:56, H=ae4HGWwIFxY="
"03-08-2026 09:26:21","62443","Information","Microsoft-Windows-Shell-Core","AppDefault Info: SetDefault: Association=.3fr, ProgId=AppX9rkaq77s0jzh1tyccadx9ghba15r6t3h"
"03-08-2026 09:26:21","62443","Information","Microsoft-Windows-Shell-Core","AppDefault Info: AppDefaults-Logon-UserProfileLoaded"
"03-08-2026 09:26:21","62443","Information","Microsoft-Windows-Shell-Core","AppDefault Info: File Association hash version is still the same"
"31-07-2026 10:00:10","62443","Information","Microsoft-Windows-Shell-Core","AppDefault Info: Querying default browser info"
"31-07-2026 09:45:19","62443","Information","Microsoft-Windows-Shell-Core","AppDefault Info: SetDefault-Info: Association=read, ProgId=MSEdgeHTM, U=S-1-12-1-2357405129-1281513531-255772574-1816207334, T=2026:05:06:23:05:35, H=/E7tvyIAW3Y="
"31-07-2026 09:45:19","62443","Information","Microsoft-Windows-Shell-Core","AppDefault Info: SetDefault: Association=read, ProgId=MSEdgeHTM"
"31-07-2026 09:45:19","62443","Information","Microsoft-Windows-Shell-Core","AppDefault Info: SetDefault-Info: Association=onenote, ProgId=OneNote.URL.16, U=S-1-12-1-2357405129-1281513531-255772574-1816207334, T=2026:05:06:23:05:35, H=OvOwCi/9gU8="
"31-07-2026 09:45:19","62443","Information","Microsoft-Windows-Shell-Core","AppDefault Info: SetDefault: Association=onenote, ProgId=OneNote.URL.16"
"31-07-2026 09:45:19","62443","Information","Microsoft-Windows-Shell-Core","AppDefault Info: SetDefault-Info: Association=ms-xbl-3d8b930f, ProgId=MSEdgeHTM, U=S-1-12-1-2357405129-1281513531-255772574-1816207334, T=2026:05:06:23:05:35, H=hBzMZybqKJg="
"31-07-2026 09:45:19","62443","Information","Microsoft-Windows-Shell-Core","AppDefault Info: SetDefault: Association=ms-xbl-3d8b930f, ProgId=MSEdgeHTM"
"31-07-2026 09:45:19","62443","Information","Microsoft-Windows-Shell-Core","AppDefault Info: SetDefault-Info: Association=ms-screenclip, ProgId=AppXfeq5vwnakrw6cy02kzhq8ekhhsremh62, U=S-1-12-1-2357405129-1281513531-255772574-1816207334, T=2026:05:06:23:05:35, H=GvkzRuC3cfc="
"31-07-2026 09:45:19","62443","Information","Microsoft-Windows-Shell-Core","AppDefault Info: SetDefault: Association=ms-screenclip, ProgId=AppXfeq5vwnakrw6cy02kzhq8ekhhsremh62"
"31-07-2026 09:45:19","62443","Information","Microsoft-Windows-Shell-Core","AppDefault Info: SetDefault-Info: Association=ms-outlook, ProgId=AppX1scw7cgxcz9hmq03sd8qajzg3s9t7901, U=S-1-12-1-2357405129-1281513531-255772574-1816207334, T=2026:05:06:23:05:35, H=5toUzjAjhgY="
"31-07-2026 09:45:19","62443","Information","Microsoft-Windows-Shell-Core","AppDefault Info: SetDefault: Association=ms-outlook, ProgId=AppX1scw7cgxcz9hmq03sd8qajzg3s9t7901"
"31-07-2026 09:45:19","62443","Information","Microsoft-Windows-Shell-Core","AppDefault Info: SetDefault-Info: Association=microsoft-edge-holographic, ProgId=MSEdgeHTM, U=S-1-12-1-2357405129-1281513531-255772574-1816207334, T=2026:05:06:23:05:35, H=GD7d0P9BheI="
"31-07-2026 09:45:19","62443","Information","Microsoft-Windows-Shell-Core","AppDefault Info: SetDefault: Association=microsoft-edge-holographic, ProgId=MSEdgeHTM"
"31-07-2026 09:45:18","62443","Information","Microsoft-Windows-Shell-Core","AppDefault Info: SetDefault-Info: Association=microsoft-edge, ProgId=MSEdgeHTM, U=S-1-12-1-2357405129-1281513531-255772574-1816207334, T=2026:05:06:23:05:35, H=hyJViDe+P4I="
"31-07-2026 09:45:18","62443","Information","Microsoft-Windows-Shell-Core","AppDefault Info: SetDefault: Association=microsoft-edge, ProgId=MSEdgeHTM"
"31-07-2026 09:45:18","62443","Information","Microsoft-Windows-Shell-Core","AppDefault Info: SetDefault-Info: Association=mailto, ProgId=Outlook.URL.mailto.15, U=S-1-12-1-2357405129-1281513531-255772574-1816207334, T=2026:05:06:23:05:35, H=6qYi6E04sH4="
"31-07-2026 09:45:18","62443","Information","Microsoft-Windows-Shell-Core","AppDefault Info: SetDefault: Association=mailto, ProgId=Outlook.URL.mailto.15"
"31-07-2026 09:45:18","62443","Information","Microsoft-Windows-Shell-Core","AppDefault Info: SetDefault-Info: Association=https, ProgId=MSEdgeHTM, U=S-1-12-1-2357405129-1281513531-255772574-1816207334, T=2026:05:06:23:05:35, H=zW4rcX5PFHA="
"31-07-2026 09:45:18","62443","Information","Microsoft-Windows-Shell-Core","AppDefault Info: SetDefault: Association=https, ProgId=MSEdgeHTM"
"31-07-2026 09:45:18","62443","Information","Microsoft-Windows-Shell-Core","AppDefault Info: SetDefault-Info: Association=http, ProgId=MSEdgeHTM, U=S-1-12-1-2357405129-1281513531-255772574-1816207334, T=2026:05:06:23:05:35, H=5rmqDU+Z9Io="
"31-07-2026 09:45:18","62443","Information","Microsoft-Windows-Shell-Core","AppDefault Info: SetDefault: Association=http, ProgId=MSEdgeHTM"
"31-07-2026 09:45:18","62443","Information","Microsoft-Windows-Shell-Core","AppDefault Info: SetDefault-Info: Association=ftp, ProgId=MSEdgeHTM, U=S-1-12-1-2357405129-1281513531-255772574-1816207334, T=2026:05:06:23:05:35, H=0FMJNG4rgbk="
"31-07-2026 09:45:18","62443","Information","Microsoft-Windows-Shell-Core","AppDefault Info: SetDefault: Association=ftp, ProgId=MSEdgeHTM"
"31-07-2026 09:45:18","62443","Information","Microsoft-Windows-Shell-Core","AppDefault Info: SetDefault-Info: Association=.xml, ProgId=MSEdgeHTM, U=S-1-12-1-2357405129-1281513531-255772574-1816207334, T=2026:07:05:31:04:15, H=jhH91qpQcb8="
"31-07-2026 09:45:18","62443","Information","Microsoft-Windows-Shell-Core","AppDefault Info: SetDefault: Association=.xml, ProgId=MSEdgeHTM"
"31-07-2026 09:45:18","62443","Information","Microsoft-Windows-Shell-Core","AppDefault Info: SetDefault-Info: Association=.xhtml, ProgId=MSEdgeHTM, U=S-1-12-1-2357405129-1281513531-255772574-1816207334, T=2026:07:05:31:04:15, H=sT9EKpHSb14="
"31-07-2026 09:45:18","62443","Information","Microsoft-Windows-Shell-Core","AppDefault Info: SetDefault: Association=.xhtml, ProgId=MSEdgeHTM"
"31-07-2026 09:45:18","62443","Information","Microsoft-Windows-Shell-Core","AppDefault Info: SetDefault-Info: Association=.xht, ProgId=MSEdgeHTM, U=S-1-12-1-2357405129-1281513531-255772574-1816207334, T=2026:07:05:31:04:15, H=Q+3fVv1pWPA="
"31-07-2026 09:45:18","62443","Information","Microsoft-Windows-Shell-Core","AppDefault Info: SetDefault: Association=.xht, ProgId=MSEdgeHTM"
"31-07-2026 09:45:18","62443","Information","Microsoft-Windows-Shell-Core","AppDefault Info: SetDefault-Info: Association=.wvx, ProgId=WMP11.AssocFile.WVX, U=S-1-12-1-2357405129-1281513531-255772574-1816207334, T=2026:07:05:31:04:15, H=5tQW7fU/Yjg="
"31-07-2026 09:45:18","62443","Information","Microsoft-Windows-Shell-Core","AppDefault Info: SetDefault: Association=.wvx, ProgId=WMP11.AssocFile.WVX"
"31-07-2026 09:45:18","62443","Information","Microsoft-Windows-Shell-Core","AppDefault Info: SetDefault-Info: Association=.WPL, ProgId=WMP11.AssocFile.WPL, U=S-1-12-1-2357405129-1281513531-255772574-1816207334, T=2026:07:05:31:04:15, H=NR+At+W8eVc="
"31-07-2026 09:45:18","62443","Information","Microsoft-Windows-Shell-Core","AppDefault Info: SetDefault: Association=.WPL, ProgId=WMP11.AssocFile.WPL"
"31-07-2026 09:45:18","62443","Information","Microsoft-Windows-Shell-Core","AppDefault Info: SetDefault-Info: Association=.wmx, ProgId=WMP11.AssocFile.ASX, U=S-1-12-1-2357405129-1281513531-255772574-1816207334, T=2026:07:05:31:04:15, H=1wKIc0H3nbk="
"31-07-2026 09:45:18","62443","Information","Microsoft-Windows-Shell-Core","AppDefault Info: SetDefault: Association=.wmx, ProgId=WMP11.AssocFile.ASX"
"31-07-2026 09:45:18","62443","Information","Microsoft-Windows-Shell-Core","AppDefault Info: SetDefault-Info: Association=.wmv, ProgId=WMP11.AssocFile.WMV, U=S-1-12-1-2357405129-1281513531-255772574-1816207334, T=2026:07:05:31:04:15, H=m9Rc/AOAh5s="
"31-07-2026 09:45:18","62443","Information","Microsoft-Windows-Shell-Core","AppDefault Info: SetDefault: Association=.wmv, ProgId=WMP11.AssocFile.WMV"
"31-07-2026 09:45:18","62443","Information","Microsoft-Windows-Shell-Core","AppDefault Info: SetDefault-Info: Association=.wmf, ProgId=AppXcesbfs704v2mjbts9dkr42s9vmrhxbkj, U=S-1-12-1-2357405129-1281513531-255772574-1816207334, T=2026:07:05:31:04:15, H=oM98/gVpVp0="
"31-07-2026 09:45:18","62443","Information","Microsoft-Windows-Shell-Core","AppDefault Info: SetDefault: Association=.wmf, ProgId=AppXcesbfs704v2mjbts9dkr42s9vmrhxbkj"
"31-07-2026 09:45:18","62443","Information","Microsoft-Windows-Shell-Core","AppDefault Info: SetDefault-Info: Association=.wma, ProgId=WMP11.AssocFile.WMA, U=S-1-12-1-2357405129-1281513531-255772574-1816207334, T=2026:07:05:31:04:15, H=3icIOgaGx9U="
"31-07-2026 09:45:18","62443","Information","Microsoft-Windows-Shell-Core","AppDefault Info: SetDefault: Association=.wma, ProgId=WMP11.AssocFile.WMA"
"31-07-2026 09:45:18","62443","Information","Microsoft-Windows-Shell-Core","AppDefault Info: SetDefault-Info: Association=.wm, ProgId=WMP11.AssocFile.ASF, U=S-1-12-1-2357405129-1281513531-255772574-1816207334, T=2026:07:05:31:04:15, H=qotc6sxvOmY="
"31-07-2026 09:45:18","62443","Information","Microsoft-Windows-Shell-Core","AppDefault Info: SetDefault: Association=.wm, ProgId=WMP11.AssocFile.ASF"
"31-07-2026 09:45:18","62443","Information","Microsoft-Windows-Shell-Core","AppDefault Info: SetDefault-Info: Association=.webp, ProgId=AppX43hnxtbyyps62jhe9sqpdzxn1790zetc, U=S-1-12-1-2357405129-1281513531-255772574-1816207334, T=2026:07:05:31:04:15, H=D6oteth6cy0="
"31-07-2026 09:45:18","62443","Information","Microsoft-Windows-Shell-Core","AppDefault Info: SetDefault: Association=.webp, ProgId=AppX43hnxtbyyps62jhe9sqpdzxn1790zetc"
"31-07-2026 09:45:18","62443","Information","Microsoft-Windows-Shell-Core","AppDefault Info: SetDefault-Info: Association=.wdp, ProgId=AppX43hnxtbyyps62jhe9sqpdzxn1790zetc, U=S-1-12-1-2357405129-1281513531-255772574-1816207334, T=2026:07:05:31:04:15, H=IA+RLewmIDo="
"31-07-2026 09:45:18","62443","Information","Microsoft-Windows-Shell-Core","AppDefault Info: SetDefault: Association=.wdp, ProgId=AppX43hnxtbyyps62jhe9sqpdzxn1790zetc"
"31-07-2026 09:45:18","62443","Information","Microsoft-Windows-Shell-Core","AppDefault Info: SetDefault-Info: Association=.wax, ProgId=WMP11.AssocFile.WAX, U=S-1-12-1-2357405129-1281513531-255772574-1816207334, T=2026:07:05:31:04:15, H=se65XbKSzvs="
"31-07-2026 09:45:18","62443","Information","Microsoft-Windows-Shell-Core","AppDefault Info: SetDefault: Association=.wax, ProgId=WMP11.AssocFile.WAX"
"31-07-2026 09:45:17","62443","Information","Microsoft-Windows-Shell-Core","AppDefault Info: SetDefault-Info: Association=.wav, ProgId=WMP11.AssocFile.WAV, U=S-1-12-1-2357405129-1281513531-255772574-1816207334, T=2026:07:05:31:04:15, H=RgxlpapJg28="
"31-07-2026 09:45:17","62443","Information","Microsoft-Windows-Shell-Core","AppDefault Info: SetDefault: Association=.wav, ProgId=WMP11.AssocFile.WAV"
"31-07-2026 09:45:17","62443","Information","Microsoft-Windows-Shell-Core","AppDefault Info: SetDefault-Info: Association=.vcf, ProgId=AppXpb1vntage8kvnwpyg40aqz34j851h4p1, U=S-1-12-1-2357405129-1281513531-255772574-1816207334, T=2026:07:05:31:04:15, H=IZhRo+hVpgA="
"31-07-2026 09:45:17","62443","Information","Microsoft-Windows-Shell-Core","AppDefault Info: SetDefault: Association=.vcf, ProgId=AppXpb1vntage8kvnwpyg40aqz34j851h4p1"
"31-07-2026 09:45:17","62443","Information","Microsoft-Windows-Shell-Core","AppDefault Info: SetDefault-Info: Association=.url, ProgId=IE.AssocFile.URL, U=S-1-12-1-2357405129-1281513531-255772574-1816207334, T=2026:07:05:31:04:15, H=DilRC3FfBbg="
"31-07-2026 09:45:17","62443","Information","Microsoft-Windows-Shell-Core","AppDefault Info: SetDefault: Association=.url, ProgId=IE.AssocFile.URL"
"31-07-2026 09:45:17","62443","Information","Microsoft-Windows-Shell-Core","AppDefault Info: SetDefault-Info: Association=.TTS, ProgId=WMP11.AssocFile.TTS, U=S-1-12-1-2357405129-1281513531-255772574-1816207334, T=2026:07:05:31:04:15, H=pq9HadiX1z0="
"31-07-2026 09:45:17","62443","Information","Microsoft-Windows-Shell-Core","AppDefault Info: SetDefault: Association=.TTS, ProgId=WMP11.AssocFile.TTS"
"31-07-2026 09:45:17","62443","Information","Microsoft-Windows-Shell-Core","AppDefault Info: SetDefault-Info: Association=.TS, ProgId=WMP11.AssocFile.TTS, U=S-1-12-1-2357405129-1281513531-255772574-1816207334, T=2026:07:05:31:04:15, H=jft9YpUYkMg="
"31-07-2026 09:45:17","62443","Information","Microsoft-Windows-Shell-Core","AppDefault Info: SetDefault: Association=.TS, ProgId=WMP11.AssocFile.TTS"
"31-07-2026 09:45:17","62443","Information","Microsoft-Windows-Shell-Core","AppDefault Info: SetDefault-Info: Association=.tiff, ProgId=PhotoViewer.FileAssoc.Tiff, U=S-1-12-1-2357405129-1281513531-255772574-1816207334, T=2026:07:05:31:04:15, H=wlXDguFTW40="
"31-07-2026 09:45:17","62443","Information","Microsoft-Windows-Shell-Core","AppDefault Info: SetDefault: Association=.tiff, ProgId=PhotoViewer.FileAssoc.Tiff"
"31-07-2026 09:45:17","62443","Information","Microsoft-Windows-Shell-Core","AppDefault Info: SetDefault-Info: Association=.tif, ProgId=PhotoViewer.FileAssoc.Tiff, U=S-1-12-1-2357405129-1281513531-255772574-1816207334, T=2026:07:05:31:04:15, H=httX+noJZio="
"31-07-2026 09:45:17","62443","Information","Microsoft-Windows-Shell-Core","AppDefault Info: SetDefault: Association=.tif, ProgId=PhotoViewer.FileAssoc.Tiff"
"31-07-2026 09:45:17","62443","Information","Microsoft-Windows-Shell-Core","AppDefault Info: SetDefault-Info: Association=.thumb, ProgId=AppX43hnxtbyyps62jhe9sqpdzxn1790zetc, U=S-1-12-1-2357405129-1281513531-255772574-1816207334, T=2026:07:05:31:04:15, H=CgGSKEziY3Q="
"31-07-2026 09:45:17","62443","Information","Microsoft-Windows-Shell-Core","AppDefault Info: SetDefault: Association=.thumb, ProgId=AppX43hnxtbyyps62jhe9sqpdzxn1790zetc"
"31-07-2026 09:45:17","62443","Information","Microsoft-Windows-Shell-Core","AppDefault Info: SetDefault-Info: Association=.svg, ProgId=MSEdgeHTM, U=S-1-12-1-2357405129-1281513531-255772574-1816207334, T=2026:07:05:31:04:15, H=fNi2x/iVEsQ="
"31-07-2026 09:45:17","62443","Information","Microsoft-Windows-Shell-Core","AppDefault Info: SetDefault: Association=.svg, ProgId=MSEdgeHTM"
"31-07-2026 09:45:17","62443","Information","Microsoft-Windows-Shell-Core","AppDefault Info: SetDefault-Info: Association=.srw, ProgId=AppX43hnxtbyyps62jhe9sqpdzxn1790zetc, U=S-1-12-1-2357405129-1281513531-255772574-1816207334, T=2026:07:05:31:04:15, H=IWYsMQ9V5vk="
"31-07-2026 09:45:17","62443","Information","Microsoft-Windows-Shell-Core","AppDefault Info: SetDefault: Association=.srw, ProgId=AppX43hnxtbyyps62jhe9sqpdzxn1790zetc"
"31-07-2026 09:45:17","62443","Information","Microsoft-Windows-Shell-Core","AppDefault Info: SetDefault-Info: Association=.srf, ProgId=AppX9rkaq77s0jzh1tyccadx9ghba15r6t3h, U=S-1-12-1-2357405129-1281513531-255772574-1816207334, T=2026:07:05:31:04:15, H=/1JhW0Lo6RI="
"31-07-2026 09:45:17","62443","Information","Microsoft-Windows-Shell-Core","AppDefault Info: SetDefault: Association=.srf, ProgId=AppX9rkaq77s0jzh1tyccadx9ghba15r6t3h"
"31-07-2026 09:45:17","62443","Information","Microsoft-Windows-Shell-Core","AppDefault Info: SetDefault-Info: Association=.sr2, ProgId=AppX43hnxtbyyps62jhe9sqpdzxn1790zetc, U=S-1-12-1-2357405129-1281513531-255772574-1816207334, T=2026:07:05:31:04:15, H=/K9U3G6dI5w="
"31-07-2026 09:45:17","62443","Information","Microsoft-Windows-Shell-Core","AppDefault Info: SetDefault: Association=.sr2, ProgId=AppX43hnxtbyyps62jhe9sqpdzxn1790zetc"
"31-07-2026 09:45:17","62443","Information","Microsoft-Windows-Shell-Core","AppDefault Info: SetDefault-Info: Association=.snd, ProgId=WMP11.AssocFile.AU, U=S-1-12-1-2357405129-1281513531-255772574-1816207334, T=2026:07:05:31:04:15, H=0lKULsfISmk="
"31-07-2026 09:45:17","62443","Information","Microsoft-Windows-Shell-Core","AppDefault Info: SetDefault: Association=.snd, ProgId=WMP11.AssocFile.AU"
"31-07-2026 09:45:17","62443","Information","Microsoft-Windows-Shell-Core","AppDefault Info: SetDefault-Info: Association=.rwl, ProgId=AppX43hnxtbyyps62jhe9sqpdzxn1790zetc, U=S-1-12-1-2357405129-1281513531-255772574-1816207334, T=2026:07:05:31:04:15, H=qRt7UdclPkg="
"31-07-2026 09:45:17","62443","Information","Microsoft-Windows-Shell-Core","AppDefault Info: SetDefault: Association=.rwl, ProgId=AppX43hnxtbyyps62jhe9sqpdzxn1790zetc"
"31-07-2026 09:45:17","62443","Information","Microsoft-Windows-Shell-Core","AppDefault Info: SetDefault-Info: Association=.rw2, ProgId=AppX43hnxtbyyps62jhe9sqpdzxn1790zetc, U=S-1-12-1-2357405129-1281513531-255772574-1816207334, T=2026:07:05:31:04:15, H=q7CTD/Ws1Xs="
"31-07-2026 09:45:17","62443","Information","Microsoft-Windows-Shell-Core","AppDefault Info: SetDefault: Association=.rw2, ProgId=AppX43hnxtbyyps62jhe9sqpdzxn1790zetc"
