"14-08-2026 13:22:28","211","Information","Microsoft-Windows-AppModel-Runtime","Added process 37696 to Desktop AppX container 67684b99-954e-11f1-a28e-54582d32ed0c for package MSTeams_26183.1903.4892.4448_x64__8wekyb3d8bbwe."
"14-08-2026 13:22:28","211","Information","Microsoft-Windows-AppModel-Runtime","Added process 37688 to Desktop AppX container 67684b99-954e-11f1-a28e-54582d32ed0c for package MSTeams_26183.1903.4892.4448_x64__8wekyb3d8bbwe."
"14-08-2026 04:14:36","211","Information","Microsoft-Windows-AppModel-Runtime","Added process 34872 to Desktop AppX container 98cd5e6a-96f6-11f1-a28e-54582d32ed0c for package Microsoft.WindowsStore_22606.1401.13.0_x64__8wekyb3d8bbwe."
"14-08-2026 04:14:36","210","Information","Microsoft-Windows-AppModel-Runtime","Created Desktop AppX container {98CD5E6A-96F6-11F1-A28E-54582D32ED0C} for package Microsoft.WindowsStore_22606.1401.13.0_x64__8wekyb3d8bbwe."
"14-08-2026 04:14:36","211","Information","Microsoft-Windows-AppModel-Runtime","Added process 15856 to Desktop AppX container 67684b99-954e-11f1-a28e-54582d32ed0c for package MSTeams_26183.1903.4892.4448_x64__8wekyb3d8bbwe."
"14-08-2026 04:14:36","211","Information","Microsoft-Windows-AppModel-Runtime","Added process 20056 to Desktop AppX container 67684b99-954e-11f1-a28e-54582d32ed0c for package MSTeams_26183.1903.4892.4448_x64__8wekyb3d8bbwe."
"14-08-2026 04:14:22","39","Information","Microsoft-Windows-AppModel-Runtime","Successfully created AppContainer LpacSenseNdr."
"14-08-2026 04:14:22","41","Information","Microsoft-Windows-AppModel-Runtime","Successfully deleted AppContainer LpacSenseNdr."
"14-08-2026 04:14:20","39","Information","Microsoft-Windows-AppModel-Runtime","Successfully created AppContainer LpacSenseNdr."
"14-08-2026 04:14:20","41","Information","Microsoft-Windows-AppModel-Runtime","Successfully deleted AppContainer LpacSenseNdr."
"14-08-2026 04:14:18","211","Information","Microsoft-Windows-AppModel-Runtime","Added process 36264 to Desktop AppX container 67684866-954e-11f1-a28e-54582d32ed0c for package MicrosoftWindows.Client.CBS_1000.26100.334.0_x64__cw5n1h2txyewy."
"13-08-2026 19:10:00","39","Information","Microsoft-Windows-AppModel-Runtime","Successfully created AppContainer LpacSenseNdr."
"13-08-2026 19:10:00","41","Information","Microsoft-Windows-AppModel-Runtime","Successfully deleted AppContainer LpacSenseNdr."
"13-08-2026 19:09:53","211","Information","Microsoft-Windows-AppModel-Runtime","Added process 22824 to Desktop AppX container 67684866-954e-11f1-a28e-54582d32ed0c for package MicrosoftWindows.Client.CBS_1000.26100.334.0_x64__cw5n1h2txyewy."
"13-08-2026 18:37:05","39","Information","Microsoft-Windows-AppModel-Runtime","Successfully created AppContainer LpacSenseNdr."
"13-08-2026 18:37:05","41","Information","Microsoft-Windows-AppModel-Runtime","Successfully deleted AppContainer LpacSenseNdr."
"13-08-2026 18:33:58","40","Information","Microsoft-Windows-AppModel-Runtime","AppContainer onecore\ds\security\gina\profile\profext\appcontainer.cpp Line:1863 1_https___agave.myanalytics.cdn.office.net 1_https___agave.myanalytics.cdn.office.net04ACA5EC was not created because it already exists."
"13-08-2026 18:24:01","211","Information","Microsoft-Windows-AppModel-Runtime","Added process 35648 to Desktop AppX container 67684866-954e-11f1-a28e-54582d32ed0c for package MicrosoftWindows.Client.CBS_1000.26100.334.0_x64__cw5n1h2txyewy."
"13-08-2026 18:19:40","39","Information","Microsoft-Windows-AppModel-Runtime","Successfully created AppContainer LpacSenseImdsCollector."
"13-08-2026 18:19:40","41","Information","Microsoft-Windows-AppModel-Runtime","Successfully deleted AppContainer LpacSenseImdsCollector."
"13-08-2026 18:16:36","217","Information","Microsoft-Windows-AppModel-Runtime","Destroyed Desktop AppX container {98CD5C81-96F6-11F1-A28E-54582D32ED0C} for package Microsoft.WindowsStore_22606.1401.13.0_x64__8wekyb3d8bbwe."
"13-08-2026 18:15:35","211","Information","Microsoft-Windows-AppModel-Runtime","Added process 34888 to Desktop AppX container 98cd5c81-96f6-11f1-a28e-54582d32ed0c for package Microsoft.WindowsStore_22606.1401.13.0_x64__8wekyb3d8bbwe."
"13-08-2026 18:15:35","210","Information","Microsoft-Windows-AppModel-Runtime","Created Desktop AppX container {98CD5C81-96F6-11F1-A28E-54582D32ED0C} for package Microsoft.WindowsStore_22606.1401.13.0_x64__8wekyb3d8bbwe."
"13-08-2026 18:13:09","217","Information","Microsoft-Windows-AppModel-Runtime","Destroyed Desktop AppX container {98CD537F-96F6-11F1-A28E-54582D32ED0C} for package Microsoft.Windows.Photos_2026.11060.2004.0_x64__8wekyb3d8bbwe."
"13-08-2026 18:13:09","217","Information","Microsoft-Windows-AppModel-Runtime","Destroyed Desktop AppX container {98CD5C1C-96F6-11F1-A28E-54582D32ED0C} for package Microsoft.Paint_11.2605.71.0_x64__8wekyb3d8bbwe."
"13-08-2026 18:13:09","217","Information","Microsoft-Windows-AppModel-Runtime","Destroyed Desktop AppX container {98CD5C17-96F6-11F1-A28E-54582D32ED0C} for package Clipchamp.Clipchamp_4.5.10920.0_x64__yxz26nhyzhsrt."
"13-08-2026 18:13:09","217","Information","Microsoft-Windows-AppModel-Runtime","Destroyed Desktop AppX container {98CD5C20-96F6-11F1-A28E-54582D32ED0C} for package Microsoft.OneDriveSync_26139.720.7.0_neutral__8wekyb3d8bbwe."
"13-08-2026 18:13:03","211","Information","Microsoft-Windows-AppModel-Runtime","Added process 7316 to Desktop AppX container 98cd537f-96f6-11f1-a28e-54582d32ed0c for package Microsoft.Windows.Photos_2026.11060.2004.0_x64__8wekyb3d8bbwe."
"13-08-2026 18:13:03","211","Information","Microsoft-Windows-AppModel-Runtime","Added process 28888 to Desktop AppX container 98cd5c20-96f6-11f1-a28e-54582d32ed0c for package Microsoft.OneDriveSync_26139.720.7.0_neutral__8wekyb3d8bbwe."
"13-08-2026 18:13:03","210","Information","Microsoft-Windows-AppModel-Runtime","Created Desktop AppX container {98CD5C20-96F6-11F1-A28E-54582D32ED0C} for package Microsoft.OneDriveSync_26139.720.7.0_neutral__8wekyb3d8bbwe."
"13-08-2026 18:13:03","211","Information","Microsoft-Windows-AppModel-Runtime","Added process 24476 to Desktop AppX container 98cd5c1c-96f6-11f1-a28e-54582d32ed0c for package Microsoft.Paint_11.2605.71.0_x64__8wekyb3d8bbwe."
"13-08-2026 18:13:03","210","Information","Microsoft-Windows-AppModel-Runtime","Created Desktop AppX container {98CD5C1C-96F6-11F1-A28E-54582D32ED0C} for package Microsoft.Paint_11.2605.71.0_x64__8wekyb3d8bbwe."
"13-08-2026 18:13:03","211","Information","Microsoft-Windows-AppModel-Runtime","Added process 22652 to Desktop AppX container 98cd4f34-96f6-11f1-a28e-54582d32ed0c for package Microsoft.WindowsNotepad_11.2606.15.0_x64__8wekyb3d8bbwe."
"13-08-2026 18:13:03","211","Information","Microsoft-Windows-AppModel-Runtime","Added process 22684 to Desktop AppX container 98cd5c17-96f6-11f1-a28e-54582d32ed0c for package Clipchamp.Clipchamp_4.5.10920.0_x64__yxz26nhyzhsrt."
"13-08-2026 18:13:03","210","Information","Microsoft-Windows-AppModel-Runtime","Created Desktop AppX container {98CD5C17-96F6-11F1-A28E-54582D32ED0C} for package Clipchamp.Clipchamp_4.5.10920.0_x64__yxz26nhyzhsrt."
"13-08-2026 18:13:02","211","Information","Microsoft-Windows-AppModel-Runtime","Added process 6428 to Desktop AppX container 67684c0a-954e-11f1-a28e-54582d32ed0c for package Microsoft.MicrosoftOfficeHub_19.2608.34011.0_x64__8wekyb3d8bbwe."
"13-08-2026 18:13:00","217","Information","Microsoft-Windows-AppModel-Runtime","Destroyed Desktop AppX container {98CD5C0C-96F6-11F1-A28E-54582D32ED0C} for package Microsoft.Paint_11.2605.71.0_x64__8wekyb3d8bbwe."
"13-08-2026 18:13:00","217","Information","Microsoft-Windows-AppModel-Runtime","Destroyed Desktop AppX container {98CD5C05-96F6-11F1-A28E-54582D32ED0C} for package Clipchamp.Clipchamp_4.5.10920.0_x64__yxz26nhyzhsrt."
"13-08-2026 18:13:00","217","Information","Microsoft-Windows-AppModel-Runtime","Destroyed Desktop AppX container {98CD5C10-96F6-11F1-A28E-54582D32ED0C} for package Microsoft.OneDriveSync_26139.720.7.0_neutral__8wekyb3d8bbwe."
"13-08-2026 18:12:55","211","Information","Microsoft-Windows-AppModel-Runtime","Added process 16072 to Desktop AppX container 98cd537f-96f6-11f1-a28e-54582d32ed0c for package Microsoft.Windows.Photos_2026.11060.2004.0_x64__8wekyb3d8bbwe."
"13-08-2026 18:12:55","211","Information","Microsoft-Windows-AppModel-Runtime","Added process 19044 to Desktop AppX container 98cd5c10-96f6-11f1-a28e-54582d32ed0c for package Microsoft.OneDriveSync_26139.720.7.0_neutral__8wekyb3d8bbwe."
"13-08-2026 18:12:55","210","Information","Microsoft-Windows-AppModel-Runtime","Created Desktop AppX container {98CD5C10-96F6-11F1-A28E-54582D32ED0C} for package Microsoft.OneDriveSync_26139.720.7.0_neutral__8wekyb3d8bbwe."
"13-08-2026 18:12:54","211","Information","Microsoft-Windows-AppModel-Runtime","Added process 8656 to Desktop AppX container 98cd5c0c-96f6-11f1-a28e-54582d32ed0c for package Microsoft.Paint_11.2605.71.0_x64__8wekyb3d8bbwe."
"13-08-2026 18:12:54","210","Information","Microsoft-Windows-AppModel-Runtime","Created Desktop AppX container {98CD5C0C-96F6-11F1-A28E-54582D32ED0C} for package Microsoft.Paint_11.2605.71.0_x64__8wekyb3d8bbwe."
"13-08-2026 18:12:54","211","Information","Microsoft-Windows-AppModel-Runtime","Added process 12796 to Desktop AppX container 98cd4f34-96f6-11f1-a28e-54582d32ed0c for package Microsoft.WindowsNotepad_11.2606.15.0_x64__8wekyb3d8bbwe."
"13-08-2026 18:12:54","211","Information","Microsoft-Windows-AppModel-Runtime","Added process 15936 to Desktop AppX container 98cd5c05-96f6-11f1-a28e-54582d32ed0c for package Clipchamp.Clipchamp_4.5.10920.0_x64__yxz26nhyzhsrt."
"13-08-2026 18:12:54","210","Information","Microsoft-Windows-AppModel-Runtime","Created Desktop AppX container {98CD5C05-96F6-11F1-A28E-54582D32ED0C} for package Clipchamp.Clipchamp_4.5.10920.0_x64__yxz26nhyzhsrt."
"13-08-2026 18:12:54","211","Information","Microsoft-Windows-AppModel-Runtime","Added process 3064 to Desktop AppX container 67684c0a-954e-11f1-a28e-54582d32ed0c for package Microsoft.MicrosoftOfficeHub_19.2608.34011.0_x64__8wekyb3d8bbwe."
"13-08-2026 18:09:01","211","Information","Microsoft-Windows-AppModel-Runtime","Added process 28028 to Desktop AppX container 67684866-954e-11f1-a28e-54582d32ed0c for package MicrosoftWindows.Client.CBS_1000.26100.334.0_x64__cw5n1h2txyewy."
"13-08-2026 18:03:03","201","Information","Microsoft-Windows-AppModel-Runtime","Created process 15588 for application Microsoft.Windows.Photos_8wekyb3d8bbwe!App in package Microsoft.Windows.Photos_2026.11060.2004.0_x64__8wekyb3d8bbwe. [LaunchProcess]"
"13-08-2026 18:03:03","211","Information","Microsoft-Windows-AppModel-Runtime","Added process 15588 to Desktop AppX container 98cd537f-96f6-11f1-a28e-54582d32ed0c for package Microsoft.Windows.Photos_2026.11060.2004.0_x64__8wekyb3d8bbwe."
"13-08-2026 18:03:02","219","Information","Microsoft-Windows-AppModel-Runtime","PSMFlags for Desktop AppX process %1 with applicationID %2 is %3."
"13-08-2026 18:03:02","201","Information","Microsoft-Windows-AppModel-Runtime","Created process 1840 for application Microsoft.Windows.Photos_8wekyb3d8bbwe!App in package Microsoft.Windows.Photos_2026.11060.2004.0_x64__8wekyb3d8bbwe. [LaunchProcess]"
"13-08-2026 18:03:02","211","Information","Microsoft-Windows-AppModel-Runtime","Added process 1840 to Desktop AppX container 98cd537f-96f6-11f1-a28e-54582d32ed0c for package Microsoft.Windows.Photos_2026.11060.2004.0_x64__8wekyb3d8bbwe."
"13-08-2026 18:03:02","219","Information","Microsoft-Windows-AppModel-Runtime","PSMFlags for Desktop AppX process %1 with applicationID %2 is %3."
"13-08-2026 18:02:58","201","Information","Microsoft-Windows-AppModel-Runtime","Created process 1696 for application Microsoft.Windows.Photos_8wekyb3d8bbwe!App in package Microsoft.Windows.Photos_2026.11060.2004.0_x64__8wekyb3d8bbwe. [LaunchProcess]"
"13-08-2026 18:02:58","211","Information","Microsoft-Windows-AppModel-Runtime","Added process 1696 to Desktop AppX container 98cd537f-96f6-11f1-a28e-54582d32ed0c for package Microsoft.Windows.Photos_2026.11060.2004.0_x64__8wekyb3d8bbwe."
"13-08-2026 18:02:58","219","Information","Microsoft-Windows-AppModel-Runtime","PSMFlags for Desktop AppX process %1 with applicationID %2 is %3."
"13-08-2026 18:02:58","201","Information","Microsoft-Windows-AppModel-Runtime","Created process 23528 for application Microsoft.Windows.Photos_8wekyb3d8bbwe!App in package Microsoft.Windows.Photos_2026.11060.2004.0_x64__8wekyb3d8bbwe. [LaunchProcess]"
"13-08-2026 18:02:58","211","Information","Microsoft-Windows-AppModel-Runtime","Added process 23528 to Desktop AppX container 98cd537f-96f6-11f1-a28e-54582d32ed0c for package Microsoft.Windows.Photos_2026.11060.2004.0_x64__8wekyb3d8bbwe."
"13-08-2026 18:02:58","219","Information","Microsoft-Windows-AppModel-Runtime","PSMFlags for Desktop AppX process %1 with applicationID %2 is %3."
"13-08-2026 17:54:01","211","Information","Microsoft-Windows-AppModel-Runtime","Added process 18184 to Desktop AppX container 67684866-954e-11f1-a28e-54582d32ed0c for package MicrosoftWindows.Client.CBS_1000.26100.334.0_x64__cw5n1h2txyewy."
"13-08-2026 17:39:01","211","Information","Microsoft-Windows-AppModel-Runtime","Added process 34140 to Desktop AppX container 67684866-954e-11f1-a28e-54582d32ed0c for package MicrosoftWindows.Client.CBS_1000.26100.334.0_x64__cw5n1h2txyewy."
"13-08-2026 17:36:39","201","Information","Microsoft-Windows-AppModel-Runtime","Created process 18536 for application Microsoft.MicrosoftEdge.Stable_8wekyb3d8bbwe!App in package Microsoft.MicrosoftEdge.Stable_151.0.4129.78_neutral__8wekyb3d8bbwe. [FinishPackageActivation]"
"13-08-2026 17:36:39","219","Information","Microsoft-Windows-AppModel-Runtime","PSMFlags for Desktop AppX process %1 with applicationID %2 is %3."
"13-08-2026 17:32:23","211","Information","Microsoft-Windows-AppModel-Runtime","Added process 18820 to Desktop AppX container 67684b99-954e-11f1-a28e-54582d32ed0c for package MSTeams_26183.1903.4892.4448_x64__8wekyb3d8bbwe."
"13-08-2026 17:32:00","201","Information","Microsoft-Windows-AppModel-Runtime","Created process 33984 for application Microsoft.MicrosoftEdge.Stable_8wekyb3d8bbwe!App in package Microsoft.MicrosoftEdge.Stable_151.0.4129.78_neutral__8wekyb3d8bbwe. [FinishPackageActivation]"
"13-08-2026 17:32:00","219","Information","Microsoft-Windows-AppModel-Runtime","PSMFlags for Desktop AppX process %1 with applicationID %2 is %3."
"13-08-2026 17:30:06","201","Information","Microsoft-Windows-AppModel-Runtime","Created process 17580 for application MSTeams_8wekyb3d8bbwe!MSTeams in package MSTeams_26183.1903.4892.4448_x64__8wekyb3d8bbwe. [LaunchProcess]"
"13-08-2026 17:30:06","211","Information","Microsoft-Windows-AppModel-Runtime","Added process 17580 to Desktop AppX container 67684b99-954e-11f1-a28e-54582d32ed0c for package MSTeams_26183.1903.4892.4448_x64__8wekyb3d8bbwe."
"13-08-2026 17:30:06","219","Information","Microsoft-Windows-AppModel-Runtime","PSMFlags for Desktop AppX process %1 with applicationID %2 is %3."
"13-08-2026 17:24:01","211","Information","Microsoft-Windows-AppModel-Runtime","Added process 2128 to Desktop AppX container 67684866-954e-11f1-a28e-54582d32ed0c for package MicrosoftWindows.Client.CBS_1000.26100.334.0_x64__cw5n1h2txyewy."
"13-08-2026 17:19:14","39","Information","Microsoft-Windows-AppModel-Runtime","Successfully created AppContainer LpacSenseImdsCollector."
"13-08-2026 17:19:14","41","Information","Microsoft-Windows-AppModel-Runtime","Successfully deleted AppContainer LpacSenseImdsCollector."
"13-08-2026 17:09:01","211","Information","Microsoft-Windows-AppModel-Runtime","Added process 36436 to Desktop AppX container 67684866-954e-11f1-a28e-54582d32ed0c for package MicrosoftWindows.Client.CBS_1000.26100.334.0_x64__cw5n1h2txyewy."
"13-08-2026 16:54:01","211","Information","Microsoft-Windows-AppModel-Runtime","Added process 29928 to Desktop AppX container 67684866-954e-11f1-a28e-54582d32ed0c for package MicrosoftWindows.Client.CBS_1000.26100.334.0_x64__cw5n1h2txyewy."
"13-08-2026 16:49:15","40","Information","Microsoft-Windows-AppModel-Runtime","AppContainer onecore\ds\security\gina\profile\profext\appcontainer.cpp Line:1863 1_https___agave.myanalytics.cdn.office.net 1_https___agave.myanalytics.cdn.office.net04ACA5EC was not created because it already exists."
"13-08-2026 16:40:10","201","Information","Microsoft-Windows-AppModel-Runtime","Created process 30752 for application Microsoft.Windows.Photos_8wekyb3d8bbwe!App in package Microsoft.Windows.Photos_2026.11060.2004.0_x64__8wekyb3d8bbwe. [LaunchProcess]"
"13-08-2026 16:40:10","211","Information","Microsoft-Windows-AppModel-Runtime","Added process 30752 to Desktop AppX container 98cd537f-96f6-11f1-a28e-54582d32ed0c for package Microsoft.Windows.Photos_2026.11060.2004.0_x64__8wekyb3d8bbwe."
"13-08-2026 16:40:10","219","Information","Microsoft-Windows-AppModel-Runtime","PSMFlags for Desktop AppX process %1 with applicationID %2 is %3."
"13-08-2026 16:40:09","201","Information","Microsoft-Windows-AppModel-Runtime","Created process 2380 for application Microsoft.Windows.Photos_8wekyb3d8bbwe!App in package Microsoft.Windows.Photos_2026.11060.2004.0_x64__8wekyb3d8bbwe. [LaunchProcess]"
"13-08-2026 16:40:09","211","Information","Microsoft-Windows-AppModel-Runtime","Added process 2380 to Desktop AppX container 98cd537f-96f6-11f1-a28e-54582d32ed0c for package Microsoft.Windows.Photos_2026.11060.2004.0_x64__8wekyb3d8bbwe."
"13-08-2026 16:40:09","219","Information","Microsoft-Windows-AppModel-Runtime","PSMFlags for Desktop AppX process %1 with applicationID %2 is %3."
"13-08-2026 16:39:56","201","Information","Microsoft-Windows-AppModel-Runtime","Created process 16656 for application Microsoft.Windows.Photos_8wekyb3d8bbwe!App in package Microsoft.Windows.Photos_2026.11060.2004.0_x64__8wekyb3d8bbwe. [LaunchProcess]"
"13-08-2026 16:39:56","211","Information","Microsoft-Windows-AppModel-Runtime","Added process 16656 to Desktop AppX container 98cd537f-96f6-11f1-a28e-54582d32ed0c for package Microsoft.Windows.Photos_2026.11060.2004.0_x64__8wekyb3d8bbwe."
"13-08-2026 16:39:56","219","Information","Microsoft-Windows-AppModel-Runtime","PSMFlags for Desktop AppX process %1 with applicationID %2 is %3."
"13-08-2026 16:39:56","201","Information","Microsoft-Windows-AppModel-Runtime","Created process 36312 for application Microsoft.Windows.Photos_8wekyb3d8bbwe!App in package Microsoft.Windows.Photos_2026.11060.2004.0_x64__8wekyb3d8bbwe. [LaunchProcess]"
"13-08-2026 16:39:56","211","Information","Microsoft-Windows-AppModel-Runtime","Added process 36312 to Desktop AppX container 98cd537f-96f6-11f1-a28e-54582d32ed0c for package Microsoft.Windows.Photos_2026.11060.2004.0_x64__8wekyb3d8bbwe."
"13-08-2026 16:39:56","219","Information","Microsoft-Windows-AppModel-Runtime","PSMFlags for Desktop AppX process %1 with applicationID %2 is %3."
"13-08-2026 16:39:40","217","Information","Microsoft-Windows-AppModel-Runtime","Destroyed Desktop AppX container {98CD5420-96F6-11F1-A28E-54582D32ED0C} for package Microsoft.OneDriveSync_26139.720.7.0_neutral__8wekyb3d8bbwe."
"13-08-2026 16:39:40","217","Information","Microsoft-Windows-AppModel-Runtime","Destroyed Desktop AppX container {98CD541C-96F6-11F1-A28E-54582D32ED0C} for package Microsoft.WindowsTerminal_1.24.11911.0_x64__8wekyb3d8bbwe."
"13-08-2026 16:39:33","211","Information","Microsoft-Windows-AppModel-Runtime","Added process 32008 to Desktop AppX container 98cd5420-96f6-11f1-a28e-54582d32ed0c for package Microsoft.OneDriveSync_26139.720.7.0_neutral__8wekyb3d8bbwe."
"13-08-2026 16:39:33","210","Information","Microsoft-Windows-AppModel-Runtime","Created Desktop AppX container {98CD5420-96F6-11F1-A28E-54582D32ED0C} for package Microsoft.OneDriveSync_26139.720.7.0_neutral__8wekyb3d8bbwe."
"13-08-2026 16:39:32","211","Information","Microsoft-Windows-AppModel-Runtime","Added process 11912 to Desktop AppX container 98cd541c-96f6-11f1-a28e-54582d32ed0c for package Microsoft.WindowsTerminal_1.24.11911.0_x64__8wekyb3d8bbwe."
"13-08-2026 16:39:32","210","Information","Microsoft-Windows-AppModel-Runtime","Created Desktop AppX container {98CD541C-96F6-11F1-A28E-54582D32ED0C} for package Microsoft.WindowsTerminal_1.24.11911.0_x64__8wekyb3d8bbwe."
"13-08-2026 16:39:32","211","Information","Microsoft-Windows-AppModel-Runtime","Added process 20464 to Desktop AppX container 98cd4f34-96f6-11f1-a28e-54582d32ed0c for package Microsoft.WindowsNotepad_11.2606.15.0_x64__8wekyb3d8bbwe."
"13-08-2026 16:39:16","217","Information","Microsoft-Windows-AppModel-Runtime","Destroyed Desktop AppX container {98CD5404-96F6-11F1-A28E-54582D32ED0C} for package Microsoft.WindowsTerminal_1.24.11911.0_x64__8wekyb3d8bbwe."
"13-08-2026 16:39:13","217","Information","Microsoft-Windows-AppModel-Runtime","Destroyed Desktop AppX container {98CD5408-96F6-11F1-A28E-54582D32ED0C} for package Microsoft.OneDriveSync_26139.720.7.0_neutral__8wekyb3d8bbwe."
"13-08-2026 16:39:08","211","Information","Microsoft-Windows-AppModel-Runtime","Added process 30116 to Desktop AppX container 98cd5408-96f6-11f1-a28e-54582d32ed0c for package Microsoft.OneDriveSync_26139.720.7.0_neutral__8wekyb3d8bbwe."
"13-08-2026 16:39:08","210","Information","Microsoft-Windows-AppModel-Runtime","Created Desktop AppX container {98CD5408-96F6-11F1-A28E-54582D32ED0C} for package Microsoft.OneDriveSync_26139.720.7.0_neutral__8wekyb3d8bbwe."
"13-08-2026 16:39:08","211","Information","Microsoft-Windows-AppModel-Runtime","Added process 17648 to Desktop AppX container 98cd5404-96f6-11f1-a28e-54582d32ed0c for package Microsoft.WindowsTerminal_1.24.11911.0_x64__8wekyb3d8bbwe."
"13-08-2026 16:39:08","210","Information","Microsoft-Windows-AppModel-Runtime","Created Desktop AppX container {98CD5404-96F6-11F1-A28E-54582D32ED0C} for package Microsoft.WindowsTerminal_1.24.11911.0_x64__8wekyb3d8bbwe."
"13-08-2026 16:39:01","211","Information","Microsoft-Windows-AppModel-Runtime","Added process 33868 to Desktop AppX container 67684866-954e-11f1-a28e-54582d32ed0c for package MicrosoftWindows.Client.CBS_1000.26100.334.0_x64__cw5n1h2txyewy."
"13-08-2026 16:35:59","211","Information","Microsoft-Windows-AppModel-Runtime","Added process 28580 to Desktop AppX container 67684b99-954e-11f1-a28e-54582d32ed0c for package MSTeams_26183.1903.4892.4448_x64__8wekyb3d8bbwe."
"13-08-2026 16:34:37","201","Information","Microsoft-Windows-AppModel-Runtime","Created process 28616 for application Microsoft.Windows.Photos_8wekyb3d8bbwe!App in package Microsoft.Windows.Photos_2026.11060.2004.0_x64__8wekyb3d8bbwe. [LaunchProcess]"
"13-08-2026 16:34:37","211","Information","Microsoft-Windows-AppModel-Runtime","Added process 28616 to Desktop AppX container 98cd537f-96f6-11f1-a28e-54582d32ed0c for package Microsoft.Windows.Photos_2026.11060.2004.0_x64__8wekyb3d8bbwe."
"13-08-2026 16:34:37","219","Information","Microsoft-Windows-AppModel-Runtime","PSMFlags for Desktop AppX process %1 with applicationID %2 is %3."
"13-08-2026 16:34:36","201","Information","Microsoft-Windows-AppModel-Runtime","Created process 17264 for application Microsoft.Windows.Photos_8wekyb3d8bbwe!App in package Microsoft.Windows.Photos_2026.11060.2004.0_x64__8wekyb3d8bbwe. [LaunchProcess]"
"13-08-2026 16:34:36","211","Information","Microsoft-Windows-AppModel-Runtime","Added process 17264 to Desktop AppX container 98cd537f-96f6-11f1-a28e-54582d32ed0c for package Microsoft.Windows.Photos_2026.11060.2004.0_x64__8wekyb3d8bbwe."
"13-08-2026 16:34:36","219","Information","Microsoft-Windows-AppModel-Runtime","PSMFlags for Desktop AppX process %1 with applicationID %2 is %3."
"13-08-2026 16:34:22","201","Information","Microsoft-Windows-AppModel-Runtime","Created process 35076 for application Microsoft.Windows.Photos_8wekyb3d8bbwe!App in package Microsoft.Windows.Photos_2026.11060.2004.0_x64__8wekyb3d8bbwe. [LaunchProcess]"
"13-08-2026 16:34:22","211","Information","Microsoft-Windows-AppModel-Runtime","Added process 35076 to Desktop AppX container 98cd537f-96f6-11f1-a28e-54582d32ed0c for package Microsoft.Windows.Photos_2026.11060.2004.0_x64__8wekyb3d8bbwe."
"13-08-2026 16:34:22","219","Information","Microsoft-Windows-AppModel-Runtime","PSMFlags for Desktop AppX process %1 with applicationID %2 is %3."
"13-08-2026 16:34:21","201","Information","Microsoft-Windows-AppModel-Runtime","Created process 12300 for application Microsoft.Windows.Photos_8wekyb3d8bbwe!App in package Microsoft.Windows.Photos_2026.11060.2004.0_x64__8wekyb3d8bbwe. [LaunchProcess]"
"13-08-2026 16:34:21","211","Information","Microsoft-Windows-AppModel-Runtime","Added process 12300 to Desktop AppX container 98cd537f-96f6-11f1-a28e-54582d32ed0c for package Microsoft.Windows.Photos_2026.11060.2004.0_x64__8wekyb3d8bbwe."
"13-08-2026 16:34:21","219","Information","Microsoft-Windows-AppModel-Runtime","PSMFlags for Desktop AppX process %1 with applicationID %2 is %3."
"13-08-2026 16:34:16","201","Information","Microsoft-Windows-AppModel-Runtime","Created process 2892 for application Microsoft.Windows.Photos_8wekyb3d8bbwe!App in package Microsoft.Windows.Photos_2026.11060.2004.0_x64__8wekyb3d8bbwe. [LaunchProcess]"
"13-08-2026 16:34:16","211","Information","Microsoft-Windows-AppModel-Runtime","Added process 2892 to Desktop AppX container 98cd537f-96f6-11f1-a28e-54582d32ed0c for package Microsoft.Windows.Photos_2026.11060.2004.0_x64__8wekyb3d8bbwe."
"13-08-2026 16:34:16","219","Information","Microsoft-Windows-AppModel-Runtime","PSMFlags for Desktop AppX process %1 with applicationID %2 is %3."
"13-08-2026 16:34:16","201","Information","Microsoft-Windows-AppModel-Runtime","Created process 15936 for application Microsoft.Windows.Photos_8wekyb3d8bbwe!App in package Microsoft.Windows.Photos_2026.11060.2004.0_x64__8wekyb3d8bbwe. [LaunchProcess]"
"13-08-2026 16:34:16","211","Information","Microsoft-Windows-AppModel-Runtime","Added process 15936 to Desktop AppX container 98cd537f-96f6-11f1-a28e-54582d32ed0c for package Microsoft.Windows.Photos_2026.11060.2004.0_x64__8wekyb3d8bbwe."
"13-08-2026 16:34:15","219","Information","Microsoft-Windows-AppModel-Runtime","PSMFlags for Desktop AppX process %1 with applicationID %2 is %3."
"13-08-2026 16:33:59","201","Information","Microsoft-Windows-AppModel-Runtime","Created process 14424 for application Microsoft.Windows.Photos_8wekyb3d8bbwe!App in package Microsoft.Windows.Photos_2026.11060.2004.0_x64__8wekyb3d8bbwe. [LaunchProcess]"
"13-08-2026 16:33:59","211","Information","Microsoft-Windows-AppModel-Runtime","Added process 14424 to Desktop AppX container 98cd537f-96f6-11f1-a28e-54582d32ed0c for package Microsoft.Windows.Photos_2026.11060.2004.0_x64__8wekyb3d8bbwe."
"13-08-2026 16:33:59","219","Information","Microsoft-Windows-AppModel-Runtime","PSMFlags for Desktop AppX process %1 with applicationID %2 is %3."
"13-08-2026 16:33:58","201","Information","Microsoft-Windows-AppModel-Runtime","Created process 28132 for application Microsoft.Windows.Photos_8wekyb3d8bbwe!App in package Microsoft.Windows.Photos_2026.11060.2004.0_x64__8wekyb3d8bbwe. [LaunchProcess]"
"13-08-2026 16:33:58","211","Information","Microsoft-Windows-AppModel-Runtime","Added process 28132 to Desktop AppX container 98cd537f-96f6-11f1-a28e-54582d32ed0c for package Microsoft.Windows.Photos_2026.11060.2004.0_x64__8wekyb3d8bbwe."
"13-08-2026 16:33:58","219","Information","Microsoft-Windows-AppModel-Runtime","PSMFlags for Desktop AppX process %1 with applicationID %2 is %3."
"13-08-2026 16:33:06","201","Information","Microsoft-Windows-AppModel-Runtime","Created process 35048 for application Microsoft.Windows.Photos_8wekyb3d8bbwe!App in package Microsoft.Windows.Photos_2026.11060.2004.0_x64__8wekyb3d8bbwe. [LaunchProcess]"
"13-08-2026 16:33:06","211","Information","Microsoft-Windows-AppModel-Runtime","Added process 35048 to Desktop AppX container 98cd537f-96f6-11f1-a28e-54582d32ed0c for package Microsoft.Windows.Photos_2026.11060.2004.0_x64__8wekyb3d8bbwe."
"13-08-2026 16:33:06","219","Information","Microsoft-Windows-AppModel-Runtime","PSMFlags for Desktop AppX process %1 with applicationID %2 is %3."
"13-08-2026 16:33:05","201","Information","Microsoft-Windows-AppModel-Runtime","Created process 17432 for application Microsoft.Windows.Photos_8wekyb3d8bbwe!App in package Microsoft.Windows.Photos_2026.11060.2004.0_x64__8wekyb3d8bbwe. [LaunchProcess]"
"13-08-2026 16:33:05","211","Information","Microsoft-Windows-AppModel-Runtime","Added process 17432 to Desktop AppX container 98cd537f-96f6-11f1-a28e-54582d32ed0c for package Microsoft.Windows.Photos_2026.11060.2004.0_x64__8wekyb3d8bbwe."
"13-08-2026 16:33:05","219","Information","Microsoft-Windows-AppModel-Runtime","PSMFlags for Desktop AppX process %1 with applicationID %2 is %3."
"13-08-2026 16:32:53","201","Information","Microsoft-Windows-AppModel-Runtime","Created process 32084 for application Microsoft.Windows.Photos_8wekyb3d8bbwe!App in package Microsoft.Windows.Photos_2026.11060.2004.0_x64__8wekyb3d8bbwe. [LaunchProcess]"
"13-08-2026 16:32:53","211","Information","Microsoft-Windows-AppModel-Runtime","Added process 32084 to Desktop AppX container 98cd537f-96f6-11f1-a28e-54582d32ed0c for package Microsoft.Windows.Photos_2026.11060.2004.0_x64__8wekyb3d8bbwe."
"13-08-2026 16:32:53","219","Information","Microsoft-Windows-AppModel-Runtime","PSMFlags for Desktop AppX process %1 with applicationID %2 is %3."
"13-08-2026 16:32:52","201","Information","Microsoft-Windows-AppModel-Runtime","Created process 27580 for application Microsoft.Windows.Photos_8wekyb3d8bbwe!App in package Microsoft.Windows.Photos_2026.11060.2004.0_x64__8wekyb3d8bbwe. [LaunchProcess]"
"13-08-2026 16:32:52","211","Information","Microsoft-Windows-AppModel-Runtime","Added process 27580 to Desktop AppX container 98cd537f-96f6-11f1-a28e-54582d32ed0c for package Microsoft.Windows.Photos_2026.11060.2004.0_x64__8wekyb3d8bbwe."
"13-08-2026 16:32:52","210","Information","Microsoft-Windows-AppModel-Runtime","Created Desktop AppX container {98CD537F-96F6-11F1-A28E-54582D32ED0C} for package Microsoft.Windows.Photos_2026.11060.2004.0_x64__8wekyb3d8bbwe."
"13-08-2026 16:32:52","219","Information","Microsoft-Windows-AppModel-Runtime","PSMFlags for Desktop AppX process %1 with applicationID %2 is %3."
"13-08-2026 16:24:01","211","Information","Microsoft-Windows-AppModel-Runtime","Added process 14196 to Desktop AppX container 67684866-954e-11f1-a28e-54582d32ed0c for package MicrosoftWindows.Client.CBS_1000.26100.334.0_x64__cw5n1h2txyewy."
"13-08-2026 16:18:48","39","Information","Microsoft-Windows-AppModel-Runtime","Successfully created AppContainer LpacSenseImdsCollector."
"13-08-2026 16:18:48","41","Information","Microsoft-Windows-AppModel-Runtime","Successfully deleted AppContainer LpacSenseImdsCollector."
"13-08-2026 16:17:59","217","Information","Microsoft-Windows-AppModel-Runtime","Destroyed Desktop AppX container {98CD527F-96F6-11F1-A28E-54582D32ED0C} for package Microsoft.WindowsStore_22606.1401.13.0_x64__8wekyb3d8bbwe."
"13-08-2026 16:16:59","211","Information","Microsoft-Windows-AppModel-Runtime","Added process 33576 to Desktop AppX container 98cd527f-96f6-11f1-a28e-54582d32ed0c for package Microsoft.WindowsStore_22606.1401.13.0_x64__8wekyb3d8bbwe."
"13-08-2026 16:16:59","210","Information","Microsoft-Windows-AppModel-Runtime","Created Desktop AppX container {98CD527F-96F6-11F1-A28E-54582D32ED0C} for package Microsoft.WindowsStore_22606.1401.13.0_x64__8wekyb3d8bbwe."
"13-08-2026 16:09:01","211","Information","Microsoft-Windows-AppModel-Runtime","Added process 8396 to Desktop AppX container 67684866-954e-11f1-a28e-54582d32ed0c for package MicrosoftWindows.Client.CBS_1000.26100.334.0_x64__cw5n1h2txyewy."
"13-08-2026 15:54:01","211","Information","Microsoft-Windows-AppModel-Runtime","Added process 33896 to Desktop AppX container 67684866-954e-11f1-a28e-54582d32ed0c for package MicrosoftWindows.Client.CBS_1000.26100.334.0_x64__cw5n1h2txyewy."
"13-08-2026 15:39:01","211","Information","Microsoft-Windows-AppModel-Runtime","Added process 19364 to Desktop AppX container 67684866-954e-11f1-a28e-54582d32ed0c for package MicrosoftWindows.Client.CBS_1000.26100.334.0_x64__cw5n1h2txyewy."
"13-08-2026 15:38:59","211","Information","Microsoft-Windows-AppModel-Runtime","Added process 34256 to Desktop AppX container 67684b99-954e-11f1-a28e-54582d32ed0c for package MSTeams_26183.1903.4892.4448_x64__8wekyb3d8bbwe."
"13-08-2026 15:31:33","217","Information","Microsoft-Windows-AppModel-Runtime","Destroyed Desktop AppX container {98CD4F24-96F6-11F1-A28E-54582D32ED0C} for package Microsoft.WindowsTerminal_1.24.11911.0_x64__8wekyb3d8bbwe."
"13-08-2026 15:31:33","201","Information","Microsoft-Windows-AppModel-Runtime","Created process 28556 for application Microsoft.WindowsNotepad_8wekyb3d8bbwe!App in package Microsoft.WindowsNotepad_11.2606.15.0_x64__8wekyb3d8bbwe. [LaunchProcess]"
"13-08-2026 15:31:33","211","Information","Microsoft-Windows-AppModel-Runtime","Added process 28556 to Desktop AppX container 98cd4f34-96f6-11f1-a28e-54582d32ed0c for package Microsoft.WindowsNotepad_11.2606.15.0_x64__8wekyb3d8bbwe."
"13-08-2026 15:31:33","210","Information","Microsoft-Windows-AppModel-Runtime","Created Desktop AppX container {98CD4F34-96F6-11F1-A28E-54582D32ED0C} for package Microsoft.WindowsNotepad_11.2606.15.0_x64__8wekyb3d8bbwe."
"13-08-2026 15:31:33","219","Information","Microsoft-Windows-AppModel-Runtime","PSMFlags for Desktop AppX process %1 with applicationID %2 is %3."
"13-08-2026 15:31:31","217","Information","Microsoft-Windows-AppModel-Runtime","Destroyed Desktop AppX container {98CD4F28-96F6-11F1-A28E-54582D32ED0C} for package Microsoft.OneDriveSync_26139.720.7.0_neutral__8wekyb3d8bbwe."
"13-08-2026 15:31:26","211","Information","Microsoft-Windows-AppModel-Runtime","Added process 27580 to Desktop AppX container 98cd4f28-96f6-11f1-a28e-54582d32ed0c for package Microsoft.OneDriveSync_26139.720.7.0_neutral__8wekyb3d8bbwe."
"13-08-2026 15:31:26","210","Information","Microsoft-Windows-AppModel-Runtime","Created Desktop AppX container {98CD4F28-96F6-11F1-A28E-54582D32ED0C} for package Microsoft.OneDriveSync_26139.720.7.0_neutral__8wekyb3d8bbwe."
"13-08-2026 15:31:26","211","Information","Microsoft-Windows-AppModel-Runtime","Added process 7992 to Desktop AppX container 98cd4f24-96f6-11f1-a28e-54582d32ed0c for package Microsoft.WindowsTerminal_1.24.11911.0_x64__8wekyb3d8bbwe."
"13-08-2026 15:31:26","210","Information","Microsoft-Windows-AppModel-Runtime","Created Desktop AppX container {98CD4F24-96F6-11F1-A28E-54582D32ED0C} for package Microsoft.WindowsTerminal_1.24.11911.0_x64__8wekyb3d8bbwe."
"13-08-2026 15:24:01","211","Information","Microsoft-Windows-AppModel-Runtime","Added process 32252 to Desktop AppX container 67684866-954e-11f1-a28e-54582d32ed0c for package MicrosoftWindows.Client.CBS_1000.26100.334.0_x64__cw5n1h2txyewy."
"13-08-2026 15:18:22","39","Information","Microsoft-Windows-AppModel-Runtime","Successfully created AppContainer LpacSenseImdsCollector."
"13-08-2026 15:18:22","41","Information","Microsoft-Windows-AppModel-Runtime","Successfully deleted AppContainer LpacSenseImdsCollector."
"13-08-2026 15:09:01","211","Information","Microsoft-Windows-AppModel-Runtime","Added process 11176 to Desktop AppX container 67684866-954e-11f1-a28e-54582d32ed0c for package MicrosoftWindows.Client.CBS_1000.26100.334.0_x64__cw5n1h2txyewy."
"13-08-2026 14:54:01","211","Information","Microsoft-Windows-AppModel-Runtime","Added process 22660 to Desktop AppX container 67684866-954e-11f1-a28e-54582d32ed0c for package MicrosoftWindows.Client.CBS_1000.26100.334.0_x64__cw5n1h2txyewy."
"13-08-2026 14:41:59","211","Information","Microsoft-Windows-AppModel-Runtime","Added process 31564 to Desktop AppX container 67684b99-954e-11f1-a28e-54582d32ed0c for package MSTeams_26183.1903.4892.4448_x64__8wekyb3d8bbwe."
"13-08-2026 14:39:01","211","Information","Microsoft-Windows-AppModel-Runtime","Added process 28456 to Desktop AppX container 67684866-954e-11f1-a28e-54582d32ed0c for package MicrosoftWindows.Client.CBS_1000.26100.334.0_x64__cw5n1h2txyewy."
"13-08-2026 14:28:27","217","Information","Microsoft-Windows-AppModel-Runtime","Destroyed Desktop AppX container {3C8B01FA-9646-11F1-A28E-54582D32ED0C} for package Microsoft.CompanyPortal_11.2.1952.0_x64__8wekyb3d8bbwe."
"13-08-2026 14:28:22","201","Information","Microsoft-Windows-AppModel-Runtime","Created process 14684 for application Microsoft.CompanyPortal_8wekyb3d8bbwe!App in package Microsoft.CompanyPortal_11.2.1952.0_x64__8wekyb3d8bbwe. [LaunchProcess]"
"13-08-2026 14:28:22","211","Information","Microsoft-Windows-AppModel-Runtime","Added process 14684 to Desktop AppX container 3c8b01fa-9646-11f1-a28e-54582d32ed0c for package Microsoft.CompanyPortal_11.2.1952.0_x64__8wekyb3d8bbwe."
"13-08-2026 14:28:22","210","Information","Microsoft-Windows-AppModel-Runtime","Created Desktop AppX container {3C8B01FA-9646-11F1-A28E-54582D32ED0C} for package Microsoft.CompanyPortal_11.2.1952.0_x64__8wekyb3d8bbwe."
"13-08-2026 14:28:22","219","Information","Microsoft-Windows-AppModel-Runtime","PSMFlags for Desktop AppX process %1 with applicationID %2 is %3."
"13-08-2026 14:27:08","217","Information","Microsoft-Windows-AppModel-Runtime","Destroyed Desktop AppX container {3C8B001B-9646-11F1-A28E-54582D32ED0C} for package Microsoft.CompanyPortal_11.2.1952.0_x64__8wekyb3d8bbwe."
"13-08-2026 14:24:02","211","Information","Microsoft-Windows-AppModel-Runtime","Added process 32564 to Desktop AppX container 67684866-954e-11f1-a28e-54582d32ed0c for package MicrosoftWindows.Client.CBS_1000.26100.334.0_x64__cw5n1h2txyewy."
"13-08-2026 14:23:59","217","Information","Microsoft-Windows-AppModel-Runtime","Destroyed Desktop AppX container {3C8B0166-9646-11F1-A28E-54582D32ED0C} for package Microsoft.WindowsStore_22606.1401.13.0_x64__8wekyb3d8bbwe."
"13-08-2026 14:23:04","201","Information","Microsoft-Windows-AppModel-Runtime","Created process 26588 for application Microsoft.ScreenSketch_8wekyb3d8bbwe!App in package Microsoft.ScreenSketch_11.2602.49.0_x64__8wekyb3d8bbwe. [LaunchProcess]"
"13-08-2026 14:23:04","211","Information","Microsoft-Windows-AppModel-Runtime","Added process 26588 to Desktop AppX container 3c8b016b-9646-11f1-a28e-54582d32ed0c for package Microsoft.ScreenSketch_11.2602.49.0_x64__8wekyb3d8bbwe."
"13-08-2026 14:23:04","219","Information","Microsoft-Windows-AppModel-Runtime","PSMFlags for Desktop AppX process %1 with applicationID %2 is %3."
"13-08-2026 14:23:00","201","Information","Microsoft-Windows-AppModel-Runtime","Created process 23340 for application Microsoft.ScreenSketch_8wekyb3d8bbwe!App in package Microsoft.ScreenSketch_11.2602.49.0_x64__8wekyb3d8bbwe. [LaunchProcess]"
"13-08-2026 14:23:00","211","Information","Microsoft-Windows-AppModel-Runtime","Added process 23340 to Desktop AppX container 3c8b016b-9646-11f1-a28e-54582d32ed0c for package Microsoft.ScreenSketch_11.2602.49.0_x64__8wekyb3d8bbwe."
"13-08-2026 14:23:00","210","Information","Microsoft-Windows-AppModel-Runtime","Created Desktop AppX container {3C8B016B-9646-11F1-A28E-54582D32ED0C} for package Microsoft.ScreenSketch_11.2602.49.0_x64__8wekyb3d8bbwe."
"13-08-2026 14:23:00","219","Information","Microsoft-Windows-AppModel-Runtime","PSMFlags for Desktop AppX process %1 with applicationID %2 is %3."
"13-08-2026 14:22:59","211","Information","Microsoft-Windows-AppModel-Runtime","Added process 9880 to Desktop AppX container 3c8b0166-9646-11f1-a28e-54582d32ed0c for package Microsoft.WindowsStore_22606.1401.13.0_x64__8wekyb3d8bbwe."
"13-08-2026 14:22:59","210","Information","Microsoft-Windows-AppModel-Runtime","Created Desktop AppX container {3C8B0166-9646-11F1-A28E-54582D32ED0C} for package Microsoft.WindowsStore_22606.1401.13.0_x64__8wekyb3d8bbwe."
"13-08-2026 14:17:56","39","Information","Microsoft-Windows-AppModel-Runtime","Successfully created AppContainer LpacSenseImdsCollector."
"13-08-2026 14:17:56","41","Information","Microsoft-Windows-AppModel-Runtime","Successfully deleted AppContainer LpacSenseImdsCollector."
"13-08-2026 14:13:34","201","Information","Microsoft-Windows-AppModel-Runtime","Created process 6104 for application Microsoft.CompanyPortal_8wekyb3d8bbwe!App in package Microsoft.CompanyPortal_11.2.1952.0_x64__8wekyb3d8bbwe. [LaunchProcess]"
"13-08-2026 14:13:34","211","Information","Microsoft-Windows-AppModel-Runtime","Added process 6104 to Desktop AppX container 3c8b001b-9646-11f1-a28e-54582d32ed0c for package Microsoft.CompanyPortal_11.2.1952.0_x64__8wekyb3d8bbwe."
"13-08-2026 14:13:34","210","Information","Microsoft-Windows-AppModel-Runtime","Created Desktop AppX container {3C8B001B-9646-11F1-A28E-54582D32ED0C} for package Microsoft.CompanyPortal_11.2.1952.0_x64__8wekyb3d8bbwe."
"13-08-2026 14:13:34","219","Information","Microsoft-Windows-AppModel-Runtime","PSMFlags for Desktop AppX process %1 with applicationID %2 is %3."
"13-08-2026 14:09:02","211","Information","Microsoft-Windows-AppModel-Runtime","Added process 12500 to Desktop AppX container 67684866-954e-11f1-a28e-54582d32ed0c for package MicrosoftWindows.Client.CBS_1000.26100.334.0_x64__cw5n1h2txyewy."
"13-08-2026 13:57:59","217","Information","Microsoft-Windows-AppModel-Runtime","Destroyed Desktop AppX container {3C8AFEDA-9646-11F1-A28E-54582D32ED0C} for package Microsoft.OneDriveSync_26139.720.7.0_neutral__8wekyb3d8bbwe."
"13-08-2026 13:57:53","211","Information","Microsoft-Windows-AppModel-Runtime","Added process 36008 to Desktop AppX container 3c8afeda-9646-11f1-a28e-54582d32ed0c for package Microsoft.OneDriveSync_26139.720.7.0_neutral__8wekyb3d8bbwe."
"13-08-2026 13:57:53","210","Information","Microsoft-Windows-AppModel-Runtime","Created Desktop AppX container {3C8AFEDA-9646-11F1-A28E-54582D32ED0C} for package Microsoft.OneDriveSync_26139.720.7.0_neutral__8wekyb3d8bbwe."
"13-08-2026 13:54:25","211","Information","Microsoft-Windows-AppModel-Runtime","Added process 34432 to Desktop AppX container 67684866-954e-11f1-a28e-54582d32ed0c for package MicrosoftWindows.Client.CBS_1000.26100.334.0_x64__cw5n1h2txyewy."
"13-08-2026 13:54:01","211","Information","Microsoft-Windows-AppModel-Runtime","Added process 34992 to Desktop AppX container 67684866-954e-11f1-a28e-54582d32ed0c for package MicrosoftWindows.Client.CBS_1000.26100.334.0_x64__cw5n1h2txyewy."
"13-08-2026 13:43:23","211","Information","Microsoft-Windows-AppModel-Runtime","Added process 17524 to Desktop AppX container 67684b99-954e-11f1-a28e-54582d32ed0c for package MSTeams_26183.1903.4892.4448_x64__8wekyb3d8bbwe."
"13-08-2026 13:39:01","211","Information","Microsoft-Windows-AppModel-Runtime","Added process 23236 to Desktop AppX container 67684866-954e-11f1-a28e-54582d32ed0c for package MicrosoftWindows.Client.CBS_1000.26100.334.0_x64__cw5n1h2txyewy."
"13-08-2026 13:24:01","211","Information","Microsoft-Windows-AppModel-Runtime","Added process 6972 to Desktop AppX container 67684866-954e-11f1-a28e-54582d32ed0c for package MicrosoftWindows.Client.CBS_1000.26100.334.0_x64__cw5n1h2txyewy."
"13-08-2026 13:18:45","217","Information","Microsoft-Windows-AppModel-Runtime","Destroyed Desktop AppX container {3C8AFB83-9646-11F1-A28E-54582D32ED0C} for package Microsoft.CompanyPortal_11.2.1952.0_x64__8wekyb3d8bbwe."
"13-08-2026 13:17:31","39","Information","Microsoft-Windows-AppModel-Runtime","Successfully created AppContainer LpacSenseImdsCollector."
"13-08-2026 13:17:31","41","Information","Microsoft-Windows-AppModel-Runtime","Successfully deleted AppContainer LpacSenseImdsCollector."
"13-08-2026 13:09:01","211","Information","Microsoft-Windows-AppModel-Runtime","Added process 29552 to Desktop AppX container 67684866-954e-11f1-a28e-54582d32ed0c for package MicrosoftWindows.Client.CBS_1000.26100.334.0_x64__cw5n1h2txyewy."
"13-08-2026 13:08:39","201","Information","Microsoft-Windows-AppModel-Runtime","Created process 18752 for application Microsoft.CompanyPortal_8wekyb3d8bbwe!App in package Microsoft.CompanyPortal_11.2.1952.0_x64__8wekyb3d8bbwe. [LaunchProcess]"
"13-08-2026 13:08:39","211","Information","Microsoft-Windows-AppModel-Runtime","Added process 18752 to Desktop AppX container 3c8afb83-9646-11f1-a28e-54582d32ed0c for package Microsoft.CompanyPortal_11.2.1952.0_x64__8wekyb3d8bbwe."
"13-08-2026 13:08:39","210","Information","Microsoft-Windows-AppModel-Runtime","Created Desktop AppX container {3C8AFB83-9646-11F1-A28E-54582D32ED0C} for package Microsoft.CompanyPortal_11.2.1952.0_x64__8wekyb3d8bbwe."
"13-08-2026 13:08:39","219","Information","Microsoft-Windows-AppModel-Runtime","PSMFlags for Desktop AppX process %1 with applicationID %2 is %3."
"13-08-2026 13:02:28","217","Information","Microsoft-Windows-AppModel-Runtime","Destroyed Desktop AppX container {3C8AFAF4-9646-11F1-A28E-54582D32ED0C} for package Microsoft.WindowsNotepad_11.2606.15.0_x64__8wekyb3d8bbwe."
"13-08-2026 13:02:28","217","Information","Microsoft-Windows-AppModel-Runtime","Destroyed Desktop AppX container {3C8AFAF8-9646-11F1-A28E-54582D32ED0C} for package Microsoft.OneDriveSync_26139.720.7.0_neutral__8wekyb3d8bbwe."
"13-08-2026 13:02:23","211","Information","Microsoft-Windows-AppModel-Runtime","Added process 22212 to Desktop AppX container 3c8afaf8-9646-11f1-a28e-54582d32ed0c for package Microsoft.OneDriveSync_26139.720.7.0_neutral__8wekyb3d8bbwe."
"13-08-2026 13:02:23","210","Information","Microsoft-Windows-AppModel-Runtime","Created Desktop AppX container {3C8AFAF8-9646-11F1-A28E-54582D32ED0C} for package Microsoft.OneDriveSync_26139.720.7.0_neutral__8wekyb3d8bbwe."
"13-08-2026 13:02:22","211","Information","Microsoft-Windows-AppModel-Runtime","Added process 31576 to Desktop AppX container 3c8afaf4-9646-11f1-a28e-54582d32ed0c for package Microsoft.WindowsNotepad_11.2606.15.0_x64__8wekyb3d8bbwe."
"13-08-2026 13:02:22","210","Information","Microsoft-Windows-AppModel-Runtime","Created Desktop AppX container {3C8AFAF4-9646-11F1-A28E-54582D32ED0C} for package Microsoft.WindowsNotepad_11.2606.15.0_x64__8wekyb3d8bbwe."
"13-08-2026 13:02:22","211","Information","Microsoft-Windows-AppModel-Runtime","Added process 14872 to Desktop AppX container 67684c0a-954e-11f1-a28e-54582d32ed0c for package Microsoft.MicrosoftOfficeHub_19.2608.34011.0_x64__8wekyb3d8bbwe."
"13-08-2026 12:54:01","211","Information","Microsoft-Windows-AppModel-Runtime","Added process 10752 to Desktop AppX container 67684866-954e-11f1-a28e-54582d32ed0c for package MicrosoftWindows.Client.CBS_1000.26100.334.0_x64__cw5n1h2txyewy."
"13-08-2026 12:39:01","211","Information","Microsoft-Windows-AppModel-Runtime","Added process 13868 to Desktop AppX container 67684866-954e-11f1-a28e-54582d32ed0c for package MicrosoftWindows.Client.CBS_1000.26100.334.0_x64__cw5n1h2txyewy."
"13-08-2026 12:32:23","211","Information","Microsoft-Windows-AppModel-Runtime","Added process 20876 to Desktop AppX container 67684b99-954e-11f1-a28e-54582d32ed0c for package MSTeams_26183.1903.4892.4448_x64__8wekyb3d8bbwe."
"13-08-2026 12:29:02","39","Information","Microsoft-Windows-AppModel-Runtime","Successfully created AppContainer LpacSenseNdr."
"13-08-2026 12:29:01","41","Information","Microsoft-Windows-AppModel-Runtime","Successfully deleted AppContainer LpacSenseNdr."
"13-08-2026 12:28:58","39","Information","Microsoft-Windows-AppModel-Runtime","Successfully created AppContainer LpacSenseNdr."
"13-08-2026 12:28:58","41","Information","Microsoft-Windows-AppModel-Runtime","Successfully deleted AppContainer LpacSenseNdr."
"13-08-2026 12:28:41","39","Information","Microsoft-Windows-AppModel-Runtime","Successfully created AppContainer LpacSenseNdr."
"13-08-2026 12:28:41","41","Information","Microsoft-Windows-AppModel-Runtime","Successfully deleted AppContainer LpacSenseNdr."
"13-08-2026 12:24:01","211","Information","Microsoft-Windows-AppModel-Runtime","Added process 30644 to Desktop AppX container 67684866-954e-11f1-a28e-54582d32ed0c for package MicrosoftWindows.Client.CBS_1000.26100.334.0_x64__cw5n1h2txyewy."
"13-08-2026 12:18:15","217","Information","Microsoft-Windows-AppModel-Runtime","Destroyed Desktop AppX container {3C8AF781-9646-11F1-A28E-54582D32ED0C} for package Microsoft.WindowsStore_22606.1401.13.0_x64__8wekyb3d8bbwe."
"13-08-2026 12:17:14","211","Information","Microsoft-Windows-AppModel-Runtime","Added process 13540 to Desktop AppX container 3c8af781-9646-11f1-a28e-54582d32ed0c for package Microsoft.WindowsStore_22606.1401.13.0_x64__8wekyb3d8bbwe."
"13-08-2026 12:17:14","210","Information","Microsoft-Windows-AppModel-Runtime","Created Desktop AppX container {3C8AF781-9646-11F1-A28E-54582D32ED0C} for package Microsoft.WindowsStore_22606.1401.13.0_x64__8wekyb3d8bbwe."
"13-08-2026 12:17:05","39","Information","Microsoft-Windows-AppModel-Runtime","Successfully created AppContainer LpacSenseImdsCollector."
"13-08-2026 12:17:05","41","Information","Microsoft-Windows-AppModel-Runtime","Successfully deleted AppContainer LpacSenseImdsCollector."
"13-08-2026 12:13:28","201","Information","Microsoft-Windows-AppModel-Runtime","Created process 35896 for application Microsoft.MicrosoftEdge.Stable_8wekyb3d8bbwe!App in package Microsoft.MicrosoftEdge.Stable_151.0.4129.78_neutral__8wekyb3d8bbwe. [FinishPackageActivation]"
"13-08-2026 12:13:28","219","Information","Microsoft-Windows-AppModel-Runtime","PSMFlags for Desktop AppX process %1 with applicationID %2 is %3."
"13-08-2026 12:09:01","211","Information","Microsoft-Windows-AppModel-Runtime","Added process 27512 to Desktop AppX container 67684866-954e-11f1-a28e-54582d32ed0c for package MicrosoftWindows.Client.CBS_1000.26100.334.0_x64__cw5n1h2txyewy."
"13-08-2026 11:58:13","39","Information","Microsoft-Windows-AppModel-Runtime","Successfully created AppContainer LpacSenseNdr."
"13-08-2026 11:58:13","41","Information","Microsoft-Windows-AppModel-Runtime","Successfully deleted AppContainer LpacSenseNdr."
"13-08-2026 11:58:10","39","Information","Microsoft-Windows-AppModel-Runtime","Successfully created AppContainer LpacSenseNdr."
"13-08-2026 11:58:10","41","Information","Microsoft-Windows-AppModel-Runtime","Successfully deleted AppContainer LpacSenseNdr."
"13-08-2026 11:57:52","39","Information","Microsoft-Windows-AppModel-Runtime","Successfully created AppContainer LpacSenseNdr."
