"10-08-2026 12:02:39","303","Information","Microsoft-Windows-Ntfs","The NTFS volume has successfully dismounted.

           Volume correlation Id: {00000000-0000-0000-0000-000000000000}
           Volume name: OS
           Volume label: OS

           Device name: \Device\HarddiskVolumeShadowCopy1
           Device GUID: {00000000-0000-0000-0000-000000000000}
           Device manufacturer: 
           Device model: 
           Device revision: 
           Device serial number: 
           Bus type: <unknown>
           Native NVMe: false

           Adapter serial number: 
           
           Process Id: 10836
           Process name: svchost.exe
           
           Reason: User request
"
"10-08-2026 12:02:39","300","Information","Microsoft-Windows-Ntfs","NTFS volume dismount has started.

           Volume correlation Id: {00000000-0000-0000-0000-000000000000}
           Volume name: 
           Volume label: OS

           Device name: \Device\HarddiskVolumeShadowCopy1
           Device GUID: {00000000-0000-0000-0000-000000000000}
           Device manufacturer: 
           Device model: 
           Device revision: 
           Device serial number: 
           Bus type: <unknown>
           Native NVMe: false
           
           Adapter serial number: 
           
           Process Id: 10836
           Process name: svchost.exe
           
           Reason: User request
"
"10-08-2026 12:02:39","10","Information","Microsoft-Windows-Ntfs","NTFS cached runs statistics.

           Volume correlation Id: {c5c572ba-c5d0-47f6-864e-13eb05e6d46c}
           Volume name: C:
           Volume label: OS

           Device name: \Device\HarddiskVolume3
           Device GUID: {0d0616a1-3adc-3de7-d9a2-784fe4e2d52a}
           Device manufacturer: NVMe
           Device model: PM9C1b Samsung 256GB
           Device revision: 58330109
           Device serial number: 0025_38F6_5106_1623.
           Bus type: NVMe
           Native NVMe: false

           Adapter serial number: 

           Media type: Hard disk
           Runs cached: 25365
           Longest run cached: 21.67 GB
           Most populated bin Count: 3411
           Most populated bin's minimum length: 16 KB
           Most populated bin's maximum length: 16 KB
"
"10-08-2026 12:02:39","9","Information","Microsoft-Windows-Ntfs","NTFS scanned entire volume bitmap.

           Volume correlation Id: {c5c572ba-c5d0-47f6-864e-13eb05e6d46c}
           Volume name: C:
           Volume label: OS

           Device name: \Device\HarddiskVolume3
           Device GUID: {0d0616a1-3adc-3de7-d9a2-784fe4e2d52a}
           Device manufacturer: NVMe
           Device model: PM9C1b Samsung 256GB
           Device revision: 58330109
           Device serial number: 0025_38F6_5106_1623.
           Bus type: NVMe
           Native NVMe: false

           Adapter serial number: 

           Duration (micro seconds): 168102
           InputFlags: 0xA
           Reason: Reload requested because of an exception or configuration change
           Flags: 0x10
"
"10-08-2026 12:02:39","4","Information","Microsoft-Windows-Ntfs","The NTFS volume has been successfully mounted.

           Volume correlation Id: {00000000-0000-0000-0000-000000000000}
           Volume name: OS
           Volume label: OS

           Device name: \Device\HarddiskVolumeShadowCopy1
           Device GUID: {00000000-0000-0000-0000-000000000000}
           Device manufacturer: 
           Device model: 
           Device revision: 
           Device serial number: 
           Bus type: <unknown>
           Device number: 4294967295
           Boot partition: false

           Native NVMe: false

           Adapter serial number: 
           
           Total mount duration: 37 ms
           Longest stage: 7. Duration 31 ms (83% of the total)
           Second longest stage: 8. Duration 3 ms (8% of the total)
           Volume restart applied: false
"
"10-08-2026 12:02:39","10","Information","Microsoft-Windows-Ntfs","NTFS cached runs statistics.

           Volume correlation Id: {00000000-0000-0000-0000-000000000000}
           Volume name: 
           Volume label: OS

           Device name: \Device\HarddiskVolumeShadowCopy1
           Device GUID: {00000000-0000-0000-0000-000000000000}
           Device manufacturer: 
           Device model: 
           Device revision: 
           Device serial number: 
           Bus type: <unknown>
           Native NVMe: false

           Adapter serial number: 

           Media type: Hard disk
           Runs cached: 6548
           Longest run cached: 21.67 GB
           Most populated bin Count: 84
           Most populated bin's minimum length: 7.51 MB
           Most populated bin's maximum length: 7.75 MB
"
"10-08-2026 12:02:39","9","Information","Microsoft-Windows-Ntfs","NTFS scanned entire volume bitmap.

           Volume correlation Id: {00000000-0000-0000-0000-000000000000}
           Volume name: 
           Volume label: OS

           Device name: \Device\HarddiskVolumeShadowCopy1
           Device GUID: {00000000-0000-0000-0000-000000000000}
           Device manufacturer: 
           Device model: 
           Device revision: 
           Device serial number: 
           Bus type: <unknown>
           Native NVMe: false

           Adapter serial number: 

           Duration (micro seconds): 30233
           InputFlags: 0xE
           Reason: Mount
           Flags: 0x10
"
"10-08-2026 12:02:39","303","Information","Microsoft-Windows-Ntfs","The NTFS volume has successfully dismounted.

           Volume correlation Id: {00000000-0000-0000-0000-000000000000}
           Volume name: OS
           Volume label: OS

           Device name: \Device\HarddiskVolumeShadowCopy1
           Device GUID: {00000000-0000-0000-0000-000000000000}
           Device manufacturer: 
           Device model: 
           Device revision: 
           Device serial number: 
           Bus type: <unknown>
           Native NVMe: false

           Adapter serial number: 
           
           Process Id: 10836
           Process name: svchost.exe
           
           Reason: User request
"
"10-08-2026 12:02:39","300","Information","Microsoft-Windows-Ntfs","NTFS volume dismount has started.

           Volume correlation Id: {00000000-0000-0000-0000-000000000000}
           Volume name: 
           Volume label: OS

           Device name: \Device\HarddiskVolumeShadowCopy1
           Device GUID: {00000000-0000-0000-0000-000000000000}
           Device manufacturer: 
           Device model: 
           Device revision: 
           Device serial number: 
           Bus type: <unknown>
           Native NVMe: false
           
           Adapter serial number: 
           
           Process Id: 10836
           Process name: svchost.exe
           
           Reason: User request
"
"10-08-2026 12:02:39","4","Information","Microsoft-Windows-Ntfs","The NTFS volume has been successfully mounted.

           Volume correlation Id: {00000000-0000-0000-0000-000000000000}
           Volume name: OS
           Volume label: OS

           Device name: \Device\HarddiskVolumeShadowCopy1
           Device GUID: {00000000-0000-0000-0000-000000000000}
           Device manufacturer: 
           Device model: 
           Device revision: 
           Device serial number: 
           Bus type: <unknown>
           Device number: 4294967295
           Boot partition: false

           Native NVMe: false

           Adapter serial number: 
           
           Total mount duration: 40 ms
           Longest stage: 7. Duration 34 ms (85% of the total)
           Second longest stage: 8. Duration 2 ms (7% of the total)
           Volume restart applied: false
"
"10-08-2026 12:02:39","10","Information","Microsoft-Windows-Ntfs","NTFS cached runs statistics.

           Volume correlation Id: {00000000-0000-0000-0000-000000000000}
           Volume name: 
           Volume label: OS

           Device name: \Device\HarddiskVolumeShadowCopy1
           Device GUID: {00000000-0000-0000-0000-000000000000}
           Device manufacturer: 
           Device model: 
           Device revision: 
           Device serial number: 
           Bus type: <unknown>
           Native NVMe: false

           Adapter serial number: 

           Media type: Hard disk
           Runs cached: 6548
           Longest run cached: 21.67 GB
           Most populated bin Count: 84
           Most populated bin's minimum length: 7.51 MB
           Most populated bin's maximum length: 7.75 MB
"
"10-08-2026 12:02:39","9","Information","Microsoft-Windows-Ntfs","NTFS scanned entire volume bitmap.

           Volume correlation Id: {00000000-0000-0000-0000-000000000000}
           Volume name: 
           Volume label: OS

           Device name: \Device\HarddiskVolumeShadowCopy1
           Device GUID: {00000000-0000-0000-0000-000000000000}
           Device manufacturer: 
           Device model: 
           Device revision: 
           Device serial number: 
           Bus type: <unknown>
           Native NVMe: false

           Adapter serial number: 

           Duration (micro seconds): 32624
           InputFlags: 0xE
           Reason: Mount
           Flags: 0x10
"
"10-08-2026 11:36:04","142","Information","Microsoft-Windows-Ntfs","Summary of disk space usage, since last event:

           Available space was between 87.44 GB and 88.97 GB
           Change in available space: 1.54 GB
           
           Available clusters were between: 22919818 and 23321833
           Reserved clusters were between: 1317051 and 1326155
           Txf abort reserved clusters were between: 1024 and 1024
           
           Elapsed seconds: 3604
           
           Pagefile size: 23.02 GB
           Volume size: 235.88 GB
           Bytes per cluster: 4096
           
           Volume guid: {c5c572ba-c5d0-47f6-864e-13eb05e6d46c}
           Volume name: C:
           Is boot volume: true
           
           Cached runs miss counts:
               For MFT: 0
               For MFT zone: 0
               Everything else: 0
"
"10-08-2026 10:35:59","142","Information","Microsoft-Windows-Ntfs","Summary of disk space usage, since last event:

           Available space was between 80.43 GB and 88.98 GB
           Change in available space: 8.55 GB
           
           Available clusters were between: 21084000 and 23323793
           Reserved clusters were between: 1314907 and 1325035
           Txf abort reserved clusters were between: 1024 and 1024
           
           Elapsed seconds: 3602
           
           Pagefile size: 23.02 GB
           Volume size: 235.88 GB
           Bytes per cluster: 4096
           
           Volume guid: {c5c572ba-c5d0-47f6-864e-13eb05e6d46c}
           Volume name: C:
           Is boot volume: true
           
           Cached runs miss counts:
               For MFT: 0
               For MFT zone: 0
               Everything else: 0
"
"10-08-2026 09:36:21","501","Information","Microsoft-Windows-Ntfs","A process has deleted a USN journal on a volume.

           Process: SearchIndexer.
           Volume Id: {c5c572ba-c5d0-47f6-864e-13eb05e6d46c}
           Volume Name: C:
           Journal Id: 0x1DC11A038CEB841
           Current USN: 0x0
"
"10-08-2026 09:35:57","10","Information","Microsoft-Windows-Ntfs","NTFS cached runs statistics.

           Volume correlation Id: {effcabed-bb48-44d2-a9ca-b0bdf73688b0}
           Volume name: \\?\Volume{effcabed-bb48-44d2-a9ca-b0bdf73688b0}
           Volume label: WINRETOOLS

           Device name: \Device\HarddiskVolume4
           Device GUID: {0d0616a1-3adc-3de7-d9a2-784fe4e2d52a}
           Device manufacturer: NVMe
           Device model: PM9C1b Samsung 256GB
           Device revision: 58330109
           Device serial number: 0025_38F6_5106_1623.
           Bus type: NVMe
           Native NVMe: false

           Adapter serial number: 

           Media type: Hard disk
           Runs cached: 4
           Longest run cached: 128.55 MB
           Most populated bin Count: 1
           Most populated bin's minimum length: 0 Bytes
           Most populated bin's maximum length: 4 KB
"
"10-08-2026 09:35:57","9","Information","Microsoft-Windows-Ntfs","NTFS scanned entire volume bitmap.

           Volume correlation Id: {effcabed-bb48-44d2-a9ca-b0bdf73688b0}
           Volume name: \\?\Volume{effcabed-bb48-44d2-a9ca-b0bdf73688b0}
           Volume label: WINRETOOLS

           Device name: \Device\HarddiskVolume4
           Device GUID: {0d0616a1-3adc-3de7-d9a2-784fe4e2d52a}
           Device manufacturer: NVMe
           Device model: PM9C1b Samsung 256GB
           Device revision: 58330109
           Device serial number: 0025_38F6_5106_1623.
           Bus type: NVMe
           Native NVMe: false

           Adapter serial number: 

           Duration (micro seconds): 43
           InputFlags: 0x10
           Reason: Proactive background scan to repopulate cached runs
           Flags: 0x10
"
"10-08-2026 09:35:57","10","Information","Microsoft-Windows-Ntfs","NTFS cached runs statistics.

           Volume correlation Id: {c5c572ba-c5d0-47f6-864e-13eb05e6d46c}
           Volume name: C:
           Volume label: OS

           Device name: \Device\HarddiskVolume3
           Device GUID: {0d0616a1-3adc-3de7-d9a2-784fe4e2d52a}
           Device manufacturer: NVMe
           Device model: PM9C1b Samsung 256GB
           Device revision: 58330109
           Device serial number: 0025_38F6_5106_1623.
           Bus type: NVMe
           Native NVMe: false

           Adapter serial number: 

           Media type: Hard disk
           Runs cached: 21693
           Longest run cached: 15.19 GB
           Most populated bin Count: 2986
           Most populated bin's minimum length: 8 KB
           Most populated bin's maximum length: 8 KB
"
"10-08-2026 09:35:57","9","Information","Microsoft-Windows-Ntfs","NTFS scanned entire volume bitmap.

           Volume correlation Id: {c5c572ba-c5d0-47f6-864e-13eb05e6d46c}
           Volume name: C:
           Volume label: OS

           Device name: \Device\HarddiskVolume3
           Device GUID: {0d0616a1-3adc-3de7-d9a2-784fe4e2d52a}
           Device manufacturer: NVMe
           Device model: PM9C1b Samsung 256GB
           Device revision: 58330109
           Device serial number: 0025_38F6_5106_1623.
           Bus type: NVMe
           Native NVMe: false

           Adapter serial number: 

           Duration (micro seconds): 65655
           InputFlags: 0x10
           Reason: Proactive background scan to repopulate cached runs
           Flags: 0x10
"
"10-08-2026 09:35:57","142","Information","Microsoft-Windows-Ntfs","Summary of disk space usage, since last event:

           Available space was between 195.28 MB and 199.28 MB
           Change in available space: 4 MB
           
           Available clusters were between: 49991 and 51015
           Reserved clusters were between: 0 and 0
           Txf abort reserved clusters were between: 1024 and 1024
           
           Elapsed seconds: 0
           
           Pagefile size: 0 Bytes
           Volume size: 1.01 GB
           Bytes per cluster: 4096
           
           Volume guid: {effcabed-bb48-44d2-a9ca-b0bdf73688b0}
           Volume name: \\?\Volume{effcabed-bb48-44d2-a9ca-b0bdf73688b0}
           Is boot volume: false
           
           Cached runs miss counts:
               For MFT: 0
               For MFT zone: 0
               Everything else: 0
"
"10-08-2026 09:35:57","142","Information","Microsoft-Windows-Ntfs","Summary of disk space usage, since last event:

           Available space was between 80.06 GB and 85.10 GB
           Change in available space: 5.04 GB
           
           Available clusters were between: 20986614 and 22307681
           Reserved clusters were between: 1314907 and 1314907
           Txf abort reserved clusters were between: 1024 and 1024
           
           Elapsed seconds: 0
           
           Pagefile size: 0 Bytes
           Volume size: 235.88 GB
           Bytes per cluster: 4096
           
           Volume guid: {c5c572ba-c5d0-47f6-864e-13eb05e6d46c}
           Volume name: C:
           Is boot volume: true
           
           Cached runs miss counts:
               For MFT: 0
               For MFT zone: 0
               Everything else: 0
"
"10-08-2026 09:35:54","4","Information","Microsoft-Windows-Ntfs","The NTFS volume has been successfully mounted.

           Volume correlation Id: {effcabed-bb48-44d2-a9ca-b0bdf73688b0}
           Volume name: \\?\Volume{effcabed-bb48-44d2-a9ca-b0bdf73688b0}
           Volume label: WINRETOOLS

           Device name: \Device\HarddiskVolume4
           Device GUID: {0d0616a1-3adc-3de7-d9a2-784fe4e2d52a}
           Device manufacturer: NVMe
           Device model: PM9C1b Samsung 256GB
           Device revision: 58330109
           Device serial number: 0025_38F6_5106_1623.
           Bus type: NVMe
           Device number: 0
           Boot partition: false

           Native NVMe: false

           Adapter serial number: 
           
           Total mount duration: 17 ms
           Longest stage: 5. Duration 15 ms (89% of the total)
           Second longest stage: 7. Duration 1 ms (11% of the total)
           Volume restart applied: true
"
"10-08-2026 09:35:54","10","Information","Microsoft-Windows-Ntfs","NTFS cached runs statistics.

           Volume correlation Id: {effcabed-bb48-44d2-a9ca-b0bdf73688b0}
           Volume name: \\?\Volume{effcabed-bb48-44d2-a9ca-b0bdf73688b0}
           Volume label: WINRETOOLS

           Device name: \Device\HarddiskVolume4
           Device GUID: {0d0616a1-3adc-3de7-d9a2-784fe4e2d52a}
           Device manufacturer: NVMe
           Device model: PM9C1b Samsung 256GB
           Device revision: 58330109
           Device serial number: 0025_38F6_5106_1623.
           Bus type: NVMe
           Native NVMe: false

           Adapter serial number: 

           Media type: Hard disk
           Runs cached: 3
           Longest run cached: 70.54 MB
           Most populated bin Count: 1
           Most populated bin's minimum length: 0 Bytes
           Most populated bin's maximum length: 4 KB
"
"10-08-2026 09:35:54","9","Information","Microsoft-Windows-Ntfs","NTFS scanned entire volume bitmap.

           Volume correlation Id: {effcabed-bb48-44d2-a9ca-b0bdf73688b0}
           Volume name: \\?\Volume{effcabed-bb48-44d2-a9ca-b0bdf73688b0}
           Volume label: WINRETOOLS

           Device name: \Device\HarddiskVolume4
           Device GUID: {0d0616a1-3adc-3de7-d9a2-784fe4e2d52a}
           Device manufacturer: NVMe
           Device model: PM9C1b Samsung 256GB
           Device revision: 58330109
           Device serial number: 0025_38F6_5106_1623.
           Bus type: NVMe
           Native NVMe: false

           Adapter serial number: 

           Duration (micro seconds): 392
           InputFlags: 0xE
           Reason: Mount
           Flags: 0x10
"
"10-08-2026 09:35:51","10","Information","Microsoft-Windows-Ntfs","NTFS cached runs statistics.

           Volume correlation Id: {c5c572ba-c5d0-47f6-864e-13eb05e6d46c}
           Volume name: C:
           Volume label: OS

           Device name: \Device\HarddiskVolume3
           Device GUID: {0d0616a1-3adc-3de7-d9a2-784fe4e2d52a}
           Device manufacturer: NVMe
           Device model: PM9C1b Samsung 256GB
           Device revision: 58330109
           Device serial number: 0025_38F6_5106_1623.
           Bus type: NVMe
           Native NVMe: false

           Adapter serial number: 

           Media type: Hard disk
           Runs cached: 4950
           Longest run cached: 15.19 GB
           Most populated bin Count: 88
           Most populated bin's minimum length: 7.51 MB
           Most populated bin's maximum length: 7.75 MB
"
"10-08-2026 09:35:51","4","Information","Microsoft-Windows-Ntfs","The NTFS volume has been successfully mounted.

           Volume correlation Id: {c5c572ba-c5d0-47f6-864e-13eb05e6d46c}
           Volume name: C:
           Volume label: OS

           Device name: \Device\HarddiskVolume3
           Device GUID: {0d0616a1-3adc-3de7-d9a2-784fe4e2d52a}
           Device manufacturer: NVMe
           Device model: PM9C1b Samsung 256GB
           Device revision: 58330109
           Device serial number: 0025_38F6_5106_1623.
           Bus type: NVMe
           Device number: 0
           Boot partition: true

           Native NVMe: false

           Adapter serial number: 
           
           Total mount duration: 1 s
           Longest stage: 4. Duration 1 s (87% of the total)
           Second longest stage: 8. Duration 183 ms (10% of the total)
           Volume restart applied: true
"
"10-08-2026 09:35:51","9","Information","Microsoft-Windows-Ntfs","NTFS scanned entire volume bitmap.

           Volume correlation Id: {c5c572ba-c5d0-47f6-864e-13eb05e6d46c}
           Volume name: C:
           Volume label: OS

           Device name: \Device\HarddiskVolume3
           Device GUID: {0d0616a1-3adc-3de7-d9a2-784fe4e2d52a}
           Device manufacturer: NVMe
           Device model: PM9C1b Samsung 256GB
           Device revision: 58330109
           Device serial number: 0025_38F6_5106_1623.
           Bus type: NVMe
           Native NVMe: false

           Adapter serial number: 

           Duration (micro seconds): 32105
           InputFlags: 0xE
           Reason: Mount
           Flags: 0x10
"
"07-08-2026 18:16:47","142","Information","Microsoft-Windows-Ntfs","Summary of disk space usage, since last event:

           Available space was between 86.22 GB and 87.17 GB
           Change in available space: 967.49 MB
           
           Available clusters were between: 22601447 and 22849122
           Reserved clusters were between: 1316747 and 1325355
           Txf abort reserved clusters were between: 1024 and 1024
           
           Elapsed seconds: 3600
           
           Pagefile size: 23.15 GB
           Volume size: 235.88 GB
           Bytes per cluster: 4096
           
           Volume guid: {c5c572ba-c5d0-47f6-864e-13eb05e6d46c}
           Volume name: C:
           Is boot volume: true
           
           Cached runs miss counts:
               For MFT: 0
               For MFT zone: 0
               Everything else: 8
"
"07-08-2026 17:16:46","142","Information","Microsoft-Windows-Ntfs","Summary of disk space usage, since last event:

           Available space was between 85.94 GB and 87.09 GB
           Change in available space: 1.15 GB
           
           Available clusters were between: 22526152 and 22827500
           Reserved clusters were between: 1316715 and 1325259
           Txf abort reserved clusters were between: 1024 and 1024
           
           Elapsed seconds: 3600
           
           Pagefile size: 23.65 GB
           Volume size: 235.88 GB
           Bytes per cluster: 4096
           
           Volume guid: {c5c572ba-c5d0-47f6-864e-13eb05e6d46c}
           Volume name: C:
           Is boot volume: true
           
           Cached runs miss counts:
               For MFT: 0
               For MFT zone: 0
               Everything else: 10
"
"07-08-2026 16:16:46","142","Information","Microsoft-Windows-Ntfs","Summary of disk space usage, since last event:

           Available space was between 85.95 GB and 86.51 GB
           Change in available space: 567.22 MB
           
           Available clusters were between: 22530928 and 22676136
           Reserved clusters were between: 1316811 and 1325163
           Txf abort reserved clusters were between: 1024 and 1024
           
           Elapsed seconds: 3602
           
           Pagefile size: 23.65 GB
           Volume size: 235.88 GB
           Bytes per cluster: 4096
           
           Volume guid: {c5c572ba-c5d0-47f6-864e-13eb05e6d46c}
           Volume name: C:
           Is boot volume: true
           
           Cached runs miss counts:
               For MFT: 0
               For MFT zone: 0
               Everything else: 4
"
"07-08-2026 15:16:43","142","Information","Microsoft-Windows-Ntfs","Summary of disk space usage, since last event:

           Available space was between 85.97 GB and 86.53 GB
           Change in available space: 574.40 MB
           
           Available clusters were between: 22535316 and 22682362
           Reserved clusters were between: 1316747 and 1316907
           Txf abort reserved clusters were between: 1024 and 1024
           
           Elapsed seconds: 3600
           
           Pagefile size: 23.15 GB
           Volume size: 235.88 GB
           Bytes per cluster: 4096
           
           Volume guid: {c5c572ba-c5d0-47f6-864e-13eb05e6d46c}
           Volume name: C:
           Is boot volume: true
           
           Cached runs miss counts:
               For MFT: 0
               For MFT zone: 0
               Everything else: 3
"
"07-08-2026 14:16:43","142","Information","Microsoft-Windows-Ntfs","Summary of disk space usage, since last event:

           Available space was between 86.01 GB and 86.53 GB
           Change in available space: 531.88 MB
           
           Available clusters were between: 22546087 and 22682248
           Reserved clusters were between: 1316667 and 1325003
           Txf abort reserved clusters were between: 1024 and 1024
           
           Elapsed seconds: 3602
           
           Pagefile size: 23.15 GB
           Volume size: 235.88 GB
           Bytes per cluster: 4096
           
           Volume guid: {c5c572ba-c5d0-47f6-864e-13eb05e6d46c}
           Volume name: C:
           Is boot volume: true
           
           Cached runs miss counts:
               For MFT: 0
               For MFT zone: 0
               Everything else: 2
"
"07-08-2026 13:16:41","142","Information","Microsoft-Windows-Ntfs","Summary of disk space usage, since last event:

           Available space was between 86.37 GB and 86.44 GB
           Change in available space: 72.70 MB
           
           Available clusters were between: 22639354 and 22657965
           Reserved clusters were between: 1316763 and 1325307
           Txf abort reserved clusters were between: 1024 and 1024
           
           Elapsed seconds: 3601
           
           Pagefile size: 23.27 GB
           Volume size: 235.88 GB
           Bytes per cluster: 4096
           
           Volume guid: {c5c572ba-c5d0-47f6-864e-13eb05e6d46c}
           Volume name: C:
           Is boot volume: true
           
           Cached runs miss counts:
               For MFT: 0
               For MFT zone: 0
               Everything else: 0
"
"07-08-2026 12:16:39","142","Information","Microsoft-Windows-Ntfs","Summary of disk space usage, since last event:

           Available space was between 86.38 GB and 86.44 GB
           Change in available space: 65.49 MB
           
           Available clusters were between: 22642120 and 22658885
           Reserved clusters were between: 1316715 and 1325099
           Txf abort reserved clusters were between: 1024 and 1024
           
           Elapsed seconds: 3604
           
           Pagefile size: 23.27 GB
           Volume size: 235.88 GB
           Bytes per cluster: 4096
           
           Volume guid: {c5c572ba-c5d0-47f6-864e-13eb05e6d46c}
           Volume name: C:
           Is boot volume: true
           
           Cached runs miss counts:
               For MFT: 0
               For MFT zone: 0
               Everything else: 0
"
"07-08-2026 11:16:34","142","Information","Microsoft-Windows-Ntfs","Summary of disk space usage, since last event:

           Available space was between 86.37 GB and 87.02 GB
           Change in available space: 665.52 MB
           
           Available clusters were between: 22641292 and 22811663
           Reserved clusters were between: 1316683 and 1325115
           Txf abort reserved clusters were between: 1024 and 1024
           
           Elapsed seconds: 3600
           
           Pagefile size: 23.27 GB
           Volume size: 235.88 GB
           Bytes per cluster: 4096
           
           Volume guid: {c5c572ba-c5d0-47f6-864e-13eb05e6d46c}
           Volume name: C:
           Is boot volume: true
           
           Cached runs miss counts:
               For MFT: 0
               For MFT zone: 0
               Everything else: 0
"
"07-08-2026 10:16:34","142","Information","Microsoft-Windows-Ntfs","Summary of disk space usage, since last event:

           Available space was between 77.84 GB and 87.18 GB
           Change in available space: 9.34 GB
           
           Available clusters were between: 20404710 and 22851857
           Reserved clusters were between: 1316475 and 1325115
           Txf abort reserved clusters were between: 1024 and 1024
           
           Elapsed seconds: 3602
           
           Pagefile size: 23.27 GB
           Volume size: 235.88 GB
           Bytes per cluster: 4096
           
           Volume guid: {c5c572ba-c5d0-47f6-864e-13eb05e6d46c}
           Volume name: C:
           Is boot volume: true
           
           Cached runs miss counts:
               For MFT: 0
               For MFT zone: 0
               Everything else: 1
"
"07-08-2026 09:16:32","142","Information","Microsoft-Windows-Ntfs","Summary of disk space usage, since last event:

           Available space was between 77.84 GB and 87.13 GB
           Change in available space: 9.29 GB
           
           Available clusters were between: 20404601 and 22838654
           Reserved clusters were between: 1316699 and 1317035
           Txf abort reserved clusters were between: 1024 and 1024
           
           Elapsed seconds: 18866
           
           Pagefile size: 23.02 GB
           Volume size: 235.88 GB
           Bytes per cluster: 4096
           
           Volume guid: {c5c572ba-c5d0-47f6-864e-13eb05e6d46c}
           Volume name: C:
           Is boot volume: true
           
           Cached runs miss counts:
               For MFT: 0
               For MFT zone: 0
               Everything else: 0
"
"07-08-2026 04:02:05","142","Information","Microsoft-Windows-Ntfs","Summary of disk space usage, since last event:

           Available space was between 87.01 GB and 87.01 GB
           Change in available space: 3.95 MB
           
           Available clusters were between: 22807455 and 22808464
           Reserved clusters were between: 1317019 and 1317387
           Txf abort reserved clusters were between: 1024 and 1024
           
           Elapsed seconds: 3766
           
           Pagefile size: 23.02 GB
           Volume size: 235.88 GB
           Bytes per cluster: 4096
           
           Volume guid: {c5c572ba-c5d0-47f6-864e-13eb05e6d46c}
           Volume name: C:
           Is boot volume: true
           
           Cached runs miss counts:
               For MFT: 0
               For MFT zone: 0
               Everything else: 0
"
"07-08-2026 01:41:33","142","Information","Microsoft-Windows-Ntfs","Summary of disk space usage, since last event:

           Available space was between 87.01 GB and 87.01 GB
           Change in available space: 576 KB
           
           Available clusters were between: 22807555 and 22807699
           Reserved clusters were between: 1317339 and 1317339
           Txf abort reserved clusters were between: 1024 and 1024
           
           Elapsed seconds: 4876
           
           Pagefile size: 23.02 GB
           Volume size: 235.88 GB
           Bytes per cluster: 4096
           
           Volume guid: {c5c572ba-c5d0-47f6-864e-13eb05e6d46c}
           Volume name: C:
           Is boot volume: true
           
           Cached runs miss counts:
               For MFT: 0
               For MFT zone: 0
               Everything else: 0
"
"06-08-2026 20:21:44","142","Information","Microsoft-Windows-Ntfs","Summary of disk space usage, since last event:

           Available space was between 87.01 GB and 87.18 GB
           Change in available space: 179.59 MB
           
           Available clusters were between: 22807531 and 22853504
           Reserved clusters were between: 1317339 and 1317419
           Txf abort reserved clusters were between: 1024 and 1024
           
           Elapsed seconds: 5191
           
           Pagefile size: 23.02 GB
           Volume size: 235.88 GB
           Bytes per cluster: 4096
           
           Volume guid: {c5c572ba-c5d0-47f6-864e-13eb05e6d46c}
           Volume name: C:
           Is boot volume: true
           
           Cached runs miss counts:
               For MFT: 0
               For MFT zone: 0
               Everything else: 0
"
"06-08-2026 18:55:12","142","Information","Microsoft-Windows-Ntfs","Summary of disk space usage, since last event:

           Available space was between 87.09 GB and 87.76 GB
           Change in available space: 687.27 MB
           
           Available clusters were between: 22829099 and 23005040
           Reserved clusters were between: 1317115 and 1325515
           Txf abort reserved clusters were between: 1024 and 1024
           
           Elapsed seconds: 3601
           
           Pagefile size: 23.02 GB
           Volume size: 235.88 GB
           Bytes per cluster: 4096
           
           Volume guid: {c5c572ba-c5d0-47f6-864e-13eb05e6d46c}
           Volume name: C:
           Is boot volume: true
           
           Cached runs miss counts:
               For MFT: 0
               For MFT zone: 0
               Everything else: 0
"
"06-08-2026 17:55:11","142","Information","Microsoft-Windows-Ntfs","Summary of disk space usage, since last event:

           Available space was between 87.64 GB and 87.80 GB
           Change in available space: 162.69 MB
           
           Available clusters were between: 22973258 and 23014905
           Reserved clusters were between: 1316715 and 1325003
           Txf abort reserved clusters were between: 1024 and 1024
           
           Elapsed seconds: 3601
           
           Pagefile size: 23.02 GB
           Volume size: 235.88 GB
           Bytes per cluster: 4096
           
           Volume guid: {c5c572ba-c5d0-47f6-864e-13eb05e6d46c}
           Volume name: C:
           Is boot volume: true
           
           Cached runs miss counts:
               For MFT: 0
               For MFT zone: 0
               Everything else: 0
"
"06-08-2026 16:55:10","142","Information","Microsoft-Windows-Ntfs","Summary of disk space usage, since last event:

           Available space was between 87.51 GB and 88.52 GB
           Change in available space: 1.01 GB
           
           Available clusters were between: 22939951 and 23202899
           Reserved clusters were between: 1316891 and 1325851
           Txf abort reserved clusters were between: 1024 and 1024
           
           Elapsed seconds: 3600
           
           Pagefile size: 23.02 GB
           Volume size: 235.88 GB
           Bytes per cluster: 4096
           
           Volume guid: {c5c572ba-c5d0-47f6-864e-13eb05e6d46c}
           Volume name: C:
           Is boot volume: true
           
           Cached runs miss counts:
               For MFT: 0
               For MFT zone: 0
               Everything else: 0
"
"06-08-2026 15:55:09","142","Information","Microsoft-Windows-Ntfs","Summary of disk space usage, since last event:

           Available space was between 87.81 GB and 88.70 GB
           Change in available space: 911.81 MB
           
           Available clusters were between: 23017401 and 23250823
           Reserved clusters were between: 1316603 and 1325403
           Txf abort reserved clusters were between: 1024 and 1024
           
           Elapsed seconds: 3600
           
           Pagefile size: 23.02 GB
           Volume size: 235.88 GB
           Bytes per cluster: 4096
           
           Volume guid: {c5c572ba-c5d0-47f6-864e-13eb05e6d46c}
           Volume name: C:
           Is boot volume: true
           
           Cached runs miss counts:
               For MFT: 0
               For MFT zone: 0
               Everything else: 0
"
"06-08-2026 14:55:08","142","Information","Microsoft-Windows-Ntfs","Summary of disk space usage, since last event:

           Available space was between 88.06 GB and 88.40 GB
           Change in available space: 347.28 MB
           
           Available clusters were between: 23083647 and 23172549
           Reserved clusters were between: 1316555 and 1325227
           Txf abort reserved clusters were between: 1024 and 1024
           
           Elapsed seconds: 3601
           
           Pagefile size: 23.02 GB
           Volume size: 235.88 GB
           Bytes per cluster: 4096
           
           Volume guid: {c5c572ba-c5d0-47f6-864e-13eb05e6d46c}
           Volume name: C:
           Is boot volume: true
           
           Cached runs miss counts:
               For MFT: 0
               For MFT zone: 0
               Everything else: 0
"
"06-08-2026 13:55:06","142","Information","Microsoft-Windows-Ntfs","Summary of disk space usage, since last event:

           Available space was between 83.18 GB and 88.41 GB
           Change in available space: 5.24 GB
           
           Available clusters were between: 21802677 and 23175279
           Reserved clusters were between: 1316699 and 1325163
           Txf abort reserved clusters were between: 1024 and 1024
           
           Elapsed seconds: 3602
           
           Pagefile size: 23.02 GB
           Volume size: 235.88 GB
           Bytes per cluster: 4096
           
           Volume guid: {c5c572ba-c5d0-47f6-864e-13eb05e6d46c}
           Volume name: C:
           Is boot volume: true
           
           Cached runs miss counts:
               For MFT: 0
               For MFT zone: 0
               Everything else: 0
"
"06-08-2026 12:55:04","142","Information","Microsoft-Windows-Ntfs","Summary of disk space usage, since last event:

           Available space was between 86.97 GB and 87.30 GB
           Change in available space: 333.40 MB
           
           Available clusters were between: 22798384 and 22883733
           Reserved clusters were between: 1316699 and 1325307
           Txf abort reserved clusters were between: 1024 and 1024
           
           Elapsed seconds: 3604
           
           Pagefile size: 23.02 GB
           Volume size: 235.88 GB
           Bytes per cluster: 4096
           
           Volume guid: {c5c572ba-c5d0-47f6-864e-13eb05e6d46c}
           Volume name: C:
           Is boot volume: true
           
           Cached runs miss counts:
               For MFT: 0
               For MFT zone: 0
               Everything else: 0
"
"06-08-2026 11:55:00","142","Information","Microsoft-Windows-Ntfs","Summary of disk space usage, since last event:

           Available space was between 87.23 GB and 87.29 GB
           Change in available space: 55.79 MB
           
           Available clusters were between: 22865993 and 22880273
           Reserved clusters were between: 1317003 and 1317195
           Txf abort reserved clusters were between: 1024 and 1024
           
           Elapsed seconds: 3602
           
           Pagefile size: 23.02 GB
           Volume size: 235.88 GB
           Bytes per cluster: 4096
           
           Volume guid: {c5c572ba-c5d0-47f6-864e-13eb05e6d46c}
           Volume name: C:
           Is boot volume: true
           
           Cached runs miss counts:
               For MFT: 0
               For MFT zone: 0
               Everything else: 0
"
"06-08-2026 10:54:57","142","Information","Microsoft-Windows-Ntfs","Summary of disk space usage, since last event:

           Available space was between 87.24 GB and 87.95 GB
           Change in available space: 720.48 MB
           
           Available clusters were between: 22869186 and 23053628
           Reserved clusters were between: 1317147 and 1325915
           Txf abort reserved clusters were between: 1024 and 1024
           
           Elapsed seconds: 3604
           
           Pagefile size: 23.02 GB
           Volume size: 235.88 GB
           Bytes per cluster: 4096
           
           Volume guid: {c5c572ba-c5d0-47f6-864e-13eb05e6d46c}
           Volume name: C:
           Is boot volume: true
           
           Cached runs miss counts:
               For MFT: 0
               For MFT zone: 0
               Everything else: 0
"
"06-08-2026 09:54:53","142","Information","Microsoft-Windows-Ntfs","Summary of disk space usage, since last event:

           Available space was between 87.14 GB and 88.13 GB
           Change in available space: 1008.95 MB
           
           Available clusters were between: 22842663 and 23100954
           Reserved clusters were between: 1316667 and 1325435
           Txf abort reserved clusters were between: 1024 and 1024
           
           Elapsed seconds: 3601
           
           Pagefile size: 23.02 GB
           Volume size: 235.88 GB
           Bytes per cluster: 4096
           
           Volume guid: {c5c572ba-c5d0-47f6-864e-13eb05e6d46c}
           Volume name: C:
           Is boot volume: true
           
           Cached runs miss counts:
               For MFT: 0
               For MFT zone: 0
               Everything else: 0
"
"06-08-2026 08:54:51","142","Information","Microsoft-Windows-Ntfs","Summary of disk space usage, since last event:

           Available space was between 78.59 GB and 87.87 GB
           Change in available space: 9.28 GB
           
           Available clusters were between: 20601701 and 23033199
           Reserved clusters were between: 1317003 and 1317179
           Txf abort reserved clusters were between: 1024 and 1024
           
           Elapsed seconds: 13289
           
           Pagefile size: 23.02 GB
           Volume size: 235.88 GB
           Bytes per cluster: 4096
           
           Volume guid: {c5c572ba-c5d0-47f6-864e-13eb05e6d46c}
           Volume name: C:
           Is boot volume: true
           
           Cached runs miss counts:
               For MFT: 0
               For MFT zone: 0
               Everything else: 0
"
"06-08-2026 05:13:21","142","Information","Microsoft-Windows-Ntfs","Summary of disk space usage, since last event:

           Available space was between 78.60 GB and 87.87 GB
           Change in available space: 9.28 GB
           
           Available clusters were between: 20602033 and 23033965
           Reserved clusters were between: 1316971 and 1317051
           Txf abort reserved clusters were between: 1024 and 1024
           
           Elapsed seconds: 4812
           
           Pagefile size: 23.02 GB
           Volume size: 235.88 GB
           Bytes per cluster: 4096
           
           Volume guid: {c5c572ba-c5d0-47f6-864e-13eb05e6d46c}
           Volume name: C:
           Is boot volume: true
           
           Cached runs miss counts:
               For MFT: 0
               For MFT zone: 0
               Everything else: 0
"
"05-08-2026 22:15:11","142","Information","Microsoft-Windows-Ntfs","Summary of disk space usage, since last event:

           Available space was between 87.86 GB and 87.88 GB
           Change in available space: 24.99 MB
           
           Available clusters were between: 23029436 and 23035833
           Reserved clusters were between: 1316923 and 1316971
           Txf abort reserved clusters were between: 1024 and 1024
           
           Elapsed seconds: 5770
           
           Pagefile size: 23.02 GB
           Volume size: 235.88 GB
           Bytes per cluster: 4096
           
           Volume guid: {c5c572ba-c5d0-47f6-864e-13eb05e6d46c}
           Volume name: C:
           Is boot volume: true
           
           Cached runs miss counts:
               For MFT: 0
               For MFT zone: 0
               Everything else: 0
"
"05-08-2026 20:39:01","142","Information","Microsoft-Windows-Ntfs","Summary of disk space usage, since last event:

           Available space was between 87.56 GB and 87.89 GB
           Change in available space: 334.57 MB
           
           Available clusters were between: 22951930 and 23037578
           Reserved clusters were between: 1316907 and 1325211
           Txf abort reserved clusters were between: 1024 and 1024
           
           Elapsed seconds: 3604
           
           Pagefile size: 23.02 GB
           Volume size: 235.88 GB
           Bytes per cluster: 4096
           
           Volume guid: {c5c572ba-c5d0-47f6-864e-13eb05e6d46c}
           Volume name: C:
           Is boot volume: true
           
           Cached runs miss counts:
               For MFT: 0
               For MFT zone: 0
               Everything else: 0
"
"05-08-2026 19:38:56","142","Information","Microsoft-Windows-Ntfs","Summary of disk space usage, since last event:

           Available space was between 87.66 GB and 87.91 GB
           Change in available space: 252.02 MB
           
           Available clusters were between: 22978080 and 23042595
           Reserved clusters were between: 1316875 and 1325339
           Txf abort reserved clusters were between: 1024 and 1024
           
           Elapsed seconds: 3603
           
           Pagefile size: 23.02 GB
           Volume size: 235.88 GB
           Bytes per cluster: 4096
           
           Volume guid: {c5c572ba-c5d0-47f6-864e-13eb05e6d46c}
           Volume name: C:
           Is boot volume: true
           
           Cached runs miss counts:
               For MFT: 0
               For MFT zone: 0
               Everything else: 0
"
"05-08-2026 18:38:53","142","Information","Microsoft-Windows-Ntfs","Summary of disk space usage, since last event:

           Available space was between 87.47 GB and 87.81 GB
           Change in available space: 343.57 MB
           
           Available clusters were between: 22928671 and 23016623
           Reserved clusters were between: 1316859 and 1317019
           Txf abort reserved clusters were between: 1024 and 1024
           
           Elapsed seconds: 3601
           
           Pagefile size: 23.02 GB
           Volume size: 235.88 GB
           Bytes per cluster: 4096
           
           Volume guid: {c5c572ba-c5d0-47f6-864e-13eb05e6d46c}
           Volume name: C:
           Is boot volume: true
           
           Cached runs miss counts:
               For MFT: 0
               For MFT zone: 0
               Everything else: 0
"
"05-08-2026 17:38:51","142","Information","Microsoft-Windows-Ntfs","Summary of disk space usage, since last event:

           Available space was between 87.74 GB and 87.81 GB
           Change in available space: 71.23 MB
           
           Available clusters were between: 22998016 and 23016250
           Reserved clusters were between: 1316795 and 1325147
           Txf abort reserved clusters were between: 1024 and 1024
           
           Elapsed seconds: 3603
           
           Pagefile size: 23.02 GB
           Volume size: 235.88 GB
           Bytes per cluster: 4096
           
           Volume guid: {c5c572ba-c5d0-47f6-864e-13eb05e6d46c}
           Volume name: C:
           Is boot volume: true
           
           Cached runs miss counts:
               For MFT: 0
               For MFT zone: 0
               Everything else: 0
"
"05-08-2026 16:38:48","142","Information","Microsoft-Windows-Ntfs","Summary of disk space usage, since last event:

           Available space was between 87.77 GB and 87.84 GB
           Change in available space: 66.61 MB
           
           Available clusters were between: 23007616 and 23024667
           Reserved clusters were between: 1316827 and 1316955
           Txf abort reserved clusters were between: 1024 and 1024
           
           Elapsed seconds: 3604
           
           Pagefile size: 23.02 GB
           Volume size: 235.88 GB
           Bytes per cluster: 4096
           
           Volume guid: {c5c572ba-c5d0-47f6-864e-13eb05e6d46c}
           Volume name: C:
           Is boot volume: true
           
           Cached runs miss counts:
               For MFT: 0
               For MFT zone: 0
               Everything else: 0
"
"05-08-2026 15:38:43","142","Information","Microsoft-Windows-Ntfs","Summary of disk space usage, since last event:

           Available space was between 87.41 GB and 88.13 GB
           Change in available space: 733.53 MB
           
           Available clusters were between: 22913795 and 23101578
           Reserved clusters were between: 1316715 and 1325147
           Txf abort reserved clusters were between: 1024 and 1024
           
           Elapsed seconds: 3602
           
           Pagefile size: 23.02 GB
           Volume size: 235.88 GB
           Bytes per cluster: 4096
           
           Volume guid: {c5c572ba-c5d0-47f6-864e-13eb05e6d46c}
           Volume name: C:
           Is boot volume: true
           
           Cached runs miss counts:
               For MFT: 0
               For MFT zone: 0
               Everything else: 0
"
