"18-08-2026 12:29:06","2006","Information","Microsoft-Windows-Install-Agent","DirectDownloadEnablementSettings Source field missing. Defaulting to Default.
Error: Unknown HResult Error code: 0xefffffff
Function: _ParseDirectDownloadSourceFromJson
Source: onecoreuap\enduser\winstore\installservice\lib\settings.cpp (4428)"
"18-08-2026 12:29:06","2006","Information","Microsoft-Windows-Install-Agent","DirectDownloadEnablementSettings Source field missing. Defaulting to Default.
Error: Unknown HResult Error code: 0xefffffff
Function: _ParseDirectDownloadSourceFromJson
Source: onecoreuap\enduser\winstore\installservice\lib\settings.cpp (4428)"
"18-08-2026 12:29:06","2006","Information","Microsoft-Windows-Install-Agent","DirectDownloadEnablementSettings Source field missing. Defaulting to Default.
Error: Unknown HResult Error code: 0xefffffff
Function: _ParseDirectDownloadSourceFromJson
Source: onecoreuap\enduser\winstore\installservice\lib\settings.cpp (4428)"
"18-08-2026 12:29:06","2006","Information","Microsoft-Windows-Install-Agent","DirectDownloadEnablementSettings Source field missing. Defaulting to Default.
Error: Unknown HResult Error code: 0xefffffff
Function: _ParseDirectDownloadSourceFromJson
Source: onecoreuap\enduser\winstore\installservice\lib\settings.cpp (4428)"
"18-08-2026 12:29:06","2006","Information","Microsoft-Windows-Install-Agent","DirectDownloadEnablementSettings Source field missing. Defaulting to Default.
Error: Unknown HResult Error code: 0xefffffff
Function: _ParseDirectDownloadSourceFromJson
Source: onecoreuap\enduser\winstore\installservice\lib\settings.cpp (4428)"
"18-08-2026 12:29:06","2005","Verbose","Microsoft-Windows-Install-Agent","DirectDownloadEnablementSettings fetched from OneSettings payload: [{""clientIds"":[],""hresults"":[],""regions"":[],""products"":[],""arches"":[],""installTypes"":[],""errorStages"":[""Install""],""listType"":""Disallowed""},{""clientIds"":[""Microsoft.WindowsStore_8wekyb3d8bbwe""],""hresults"":[],""regions"":[],""products"":[""9NKSQGP7F2NH"",""9NRX63209R7B"",""9NTXR16HNW1T"",""9PLM9XGG6VKS""],""arches"":[],""installTypes"":[],""errorStages"":[],""listType"":""Disallowed""},{""clientIds"":[],""hresults"":[""0x00000000"",""0x80004004"",""0x80070032"",""0x8007029C"",""0x8007045B"",""0x80070520"",""0x80073CFB"",""0x80073CFF"",""0x80073D0A"",""0x80073D13"",""0x80073D19"",""0x80073D22"",""0x80240008"",""0x8024001E"",""0x80240066"",""0x803FB003"",""0x803FB015"",""0xC8000710"",""0x80073CF4"",""0x80073D01"",""0x80070070"",""0x80073D21"",""0x80246017"",""0x80073CFE""],""regions"":[],""products"":[],""arches"":[],""installTypes"":[],""errorStages"":[],""listType"":""Disallowed""},{""clientIds"":[],""hresults"":[],""regions"":[],""products"":[""9PLRGHGXR4FM""],""arches"":[],""installTypes"":[""Install""],""errorStages"":[],""listType"":""Allowed""},{""clientIds"":[],""hresults"":[],""regions"":[""CN""],""products"":[],""arches"":[],""installTypes"":[],""errorStages"":[],""listType"":""Disallowed""},{""clientIds"":[],""hresults"":[],""regions"":[],""products"":[""9N3RK8ZV2ZR8"",""9NRZT3Q9R3DL"",""9P2B8MCSVPLN"",""9NPV76S164X5"",""9NBLGGH4RV3P"",""9NBLGGH4SVJT"",""9PHBC65ZG12V"",""9NKSQGP7F2NH"",""9NKRJ3SJ9SDG""],""arches"":[],""installTypes"":[],""errorStages"":[],""listType"":""Disallowed""},{""clientIds"":[""DellInc.AlienwareCommandCenter_htrsf667h5kn2"",""DSIC"",""explorer"",""AICompanion"",""HP.Omen.OmenCommandCenter"",""setup"",""Language Overlay Service"",""TabTip"",""LiveCaptions"",""Undetermined"",""GamingService""],""hresults"":[],""regions"":[],""products"":[],""arches"":[],""installTypes"":[],""errorStages"":[],""listType"":""Disallowed""},{""clientIds"":[],""hresults"":[],""regions"":[],""products"":[],""arches"":[],""installTypes"":[""Install""],""errorStages"":[],""listType"":""Allowed""}]
Error: Unknown HResult Error code: 0xefffffff
Function: _ReadDirectDownloadEnablementSettings
Source: onecoreuap\enduser\winstore\installservice\lib\settings.cpp (4503)"
"18-08-2026 12:29:06","2005","Verbose","Microsoft-Windows-Install-Agent","DirectDownloadEnablementState fetched from cache: 2
Error: Unknown HResult Error code: 0xefffffff
Function: _ReadDirectDownloadEnablementState
Source: onecoreuap\enduser\winstore\installservice\lib\settings.cpp (4479)"
"18-08-2026 12:29:06","2006","Information","Microsoft-Windows-Install-Agent","Failure detected
Error: JSON value not found.
Function: 
Source: onecoreuap\enduser\winstore\installservice\lib\settings.cpp (538)"
"18-08-2026 12:29:06","2006","Information","Microsoft-Windows-Install-Agent","Failure detected
Error: JSON value not found.
Function: 
Source: onecoreuap\enduser\winstore\installservice\lib\settings.cpp (558)"
"18-08-2026 12:29:06","2006","Information","Microsoft-Windows-Install-Agent","Failure detected
Error: JSON value not found.
Function: 
Source: onecoreuap\enduser\winstore\installservice\lib\settings.cpp (558)"
"18-08-2026 12:29:06","2006","Information","Microsoft-Windows-Install-Agent","Failure detected
Error: JSON value not found.
Function: 
Source: onecoreuap\enduser\winstore\installservice\lib\settings.cpp (538)"
"18-08-2026 12:29:06","2006","Information","Microsoft-Windows-Install-Agent","Failure detected
Error: JSON value not found.
Function: 
Source: onecoreuap\enduser\winstore\installservice\lib\settings.cpp (538)"
"18-08-2026 12:29:06","2005","Verbose","Microsoft-Windows-Install-Agent","OneSettingsOnlineScanCooldown (in seconds) = 30
Error: Unknown HResult Error code: 0xefffffff
Function: DoInitializeOneSettingsConfiguration
Source: onecoreuap\enduser\winstore\installservice\lib\settings.cpp (2521)"
"18-08-2026 12:29:06","2005","Verbose","Microsoft-Windows-Install-Agent","OneSettingsOnlineScansAllowedInInterval = 10
Error: Unknown HResult Error code: 0xefffffff
Function: DoInitializeOneSettingsConfiguration
Source: onecoreuap\enduser\winstore\installservice\lib\settings.cpp (2514)"
"18-08-2026 12:29:06","2005","Verbose","Microsoft-Windows-Install-Agent","OneSettingsOnlineScanInterval (in seconds) = 86400
Error: Unknown HResult Error code: 0xefffffff
Function: DoInitializeOneSettingsConfiguration
Source: onecoreuap\enduser\winstore\installservice\lib\settings.cpp (2512)"
"18-08-2026 12:29:06","2005","Verbose","Microsoft-Windows-Install-Agent","oneSettingsconcurrentDefaultInstalls = 3, oneSettingsconcurrentMinInstalls = 3
Error: Unknown HResult Error code: 0xefffffff
Function: GetConcurrentInstallsFromOneSettings
Source: onecoreuap\enduser\winstore\installservice\lib\settings.cpp (846)"
"18-08-2026 12:29:06","2006","Information","Microsoft-Windows-Install-Agent","Setting MSA Client Id for Token requests: {f0c62012-2cef-4831-b1f7-930682874c86}
Error: Unspecified error
Function: 
Source: onecoreuap\enduser\winstore\auth\lib\winstoreauth.cpp (206)"
"18-08-2026 12:29:06","2000","Information","Microsoft-Windows-Install-Agent","Process Name: C:\Windows\system32\taskhostw.exe
Module Name: C:\Windows\System32\InstallServiceTasks.dll
Build: 26100.1.amd64fre.ge_release.240331-1435, UBR: 8893
"
"18-08-2026 12:28:56","8001","Information","Microsoft-Windows-Store","Skipping license manager: PFN Microsoft.Todos_2.176.7601.0_x64__8wekyb3d8bbwe
Function: InvokeLicenseManagerRequired
Source: onecoreuap\enduser\winstore\licensemanager\apisethost\activationapis.cpp (373)"
"18-08-2026 12:28:56","8001","Information","Microsoft-Windows-Store","Skipping license manager: PFN Microsoft.Todos_2.176.7601.0_x64__8wekyb3d8bbwe
Function: InvokeLicenseManagerRequired
Source: onecoreuap\enduser\winstore\licensemanager\apisethost\activationapis.cpp (373)"
"18-08-2026 12:15:02","8001","Information","Microsoft-Windows-Store","Skipping license manager: PFN Microsoft.Todos_2.176.7601.0_x64__8wekyb3d8bbwe
Function: InvokeLicenseManagerRequired
Source: onecoreuap\enduser\winstore\licensemanager\apisethost\activationapis.cpp (373)"
"18-08-2026 12:13:56","8001","Information","Microsoft-Windows-Store","Skipping license manager: PFN Microsoft.Todos_2.176.7601.0_x64__8wekyb3d8bbwe
Function: InvokeLicenseManagerRequired
Source: onecoreuap\enduser\winstore\licensemanager\apisethost\activationapis.cpp (373)"
"18-08-2026 12:13:56","8001","Information","Microsoft-Windows-Store","Skipping license manager: PFN Microsoft.Todos_2.176.7601.0_x64__8wekyb3d8bbwe
Function: InvokeLicenseManagerRequired
Source: onecoreuap\enduser\winstore\licensemanager\apisethost\activationapis.cpp (373)"
"18-08-2026 12:04:39","8001","Information","Microsoft-Windows-Store","Skipping license manager: PFN Microsoft.MicrosoftOfficeHub_19.2608.39011.0_x64__8wekyb3d8bbwe
Function: InvokeLicenseManagerRequired
Source: onecoreuap\enduser\winstore\licensemanager\apisethost\activationapis.cpp (373)"
"18-08-2026 12:04:39","8001","Information","Microsoft-Windows-Store","Skipping license manager: PFN Microsoft.MicrosoftOfficeHub_19.2608.39011.0_x64__8wekyb3d8bbwe
Function: InvokeLicenseManagerRequired
Source: onecoreuap\enduser\winstore\licensemanager\apisethost\activationapis.cpp (373)"
"18-08-2026 12:01:13","8001","Information","Microsoft-Windows-Store","Removed timer for {9F9E6616-7956-022A-E9A7-86D240A5A818}
Function: MemoryTimerService::CleanupTimer
Source: onecoreuap\enduser\winstore\licensemanager\lib\memorytimer.cpp (19)"
"18-08-2026 12:01:13","8002","Warning","Microsoft-Windows-Store","Trying to remove timer {9F9E6616-7956-022A-E9A7-86D240A5A818} not in table
Function: MemoryTimerService::CancelTimerWithId
Source: onecoreuap\enduser\winstore\licensemanager\lib\memorytimer.cpp (80)"
"18-08-2026 12:01:13","8001","Information","Microsoft-Windows-Store","Ignoring lease removal with reason 0x00000000 because this is an offline lease

Function: ClipStorage::RemoveLeaseDocumentWithIdAndReason
Source: onecoreuap\enduser\winstore\licensemanager\lib\clipstorage.cpp (501)"
"18-08-2026 12:01:13","8001","Information","Microsoft-Windows-Store","Decoding: {""entitlementId"":""3e02f730-6c37-0771-2032-e36c77c20d1e"",""entitlementSatisfaction"":""Device"",""isOffline"":true,""leaseEnforcement"":""None"",""leaseUri"":""https://licensing.md.mp.microsoft.com/v7.0/licenses/?beneficiaryId=msahwonecoreuap\enduser\winstore\licensemanager\lib\clipdocument.cppa6755426027759980&contentId=42493de9-7734-949c-ad90-1d11f59f45cb&entitlementId=3e02f730-6c37-0771-2032-e36c77c20d1e&market=IN&policyType=Device"",""keyIds"":[""f1d940d0-b5b2-0083-8403-807a8db430d5""],""kind"":""Content"",""packages"":[{""packageIdentifier"":""42493de9-7734-949c-ad90-1d11f59f45cb"",""packageType"":""msix"",""productAddOns"":[],""productId"":""9MZ95KL8MR0L"",""skuId"":""0010""}],""pollAt"":""2026-08-13T17:23:16.9826078+00:00"",""refreshOnStartup"":false,""version"":7}
Function: DecodeCustomPolicy
Source: onecoreuap\enduser\winstore\licensemanager\lib\clipdocument.cpp (50)"
"18-08-2026 12:01:13","8001","Information","Microsoft-Windows-Store","Requesting lease document removal for reason 0x00000000, {9F9E6616-7956-022A-E9A7-86D240A5A818}
Function: LicenseManagerCore::DoRemoveLeaseDocumentWithId
Source: onecoreuap\enduser\winstore\licensemanager\lib\managercore.cpp (1460)"
"18-08-2026 12:01:13","8012","Verbose","Microsoft-Windows-Store","0x21b4f12a020: 15496: Lease:Valid Change: Lease:Invalid => {9F9E6616-7956-022A-E9A7-86D240A5A818}"
"18-08-2026 12:01:13","8011","Verbose","Microsoft-Windows-Store","0x21b4f12a020: 15496: {9F9E6616-7956-022A-E9A7-86D240A5A818}: Dispatch: Lease:Unregistered => Lease:Valid"
"18-08-2026 12:01:13","8001","Information","Microsoft-Windows-Store","Set results for lease = 0x0, policy = 0, operation = 0, Leasebehavior = 0
Function: KeyMachine::DoSetResult
Source: onecoreuap\enduser\winstore\licensemanager\lib\keymachine.cpp (1520)"
"18-08-2026 12:01:13","8011","Verbose","Microsoft-Windows-Store","0x21b4f12a020: 15496: {9F9E6616-7956-022A-E9A7-86D240A5A818}: Dispatch: Lease:RemoveKey => Lease:Valid"
"18-08-2026 12:01:13","8012","Verbose","Microsoft-Windows-Store","0x21b4f166470: 26608: Key:Valid Change: Key:Invalid => 42493DE9-7734-949C-AD90-1D11F59F45CB"
"18-08-2026 12:01:13","8001","Information","Microsoft-Windows-Store","Lease dropped
Function: KeyMachine::DoDropLease
Source: onecoreuap\enduser\winstore\licensemanager\lib\keymachine.cpp (279)"
"18-08-2026 12:01:13","8011","Verbose","Microsoft-Windows-Store","0x21b4f166470: 26608: 42493DE9-7734-949C-AD90-1D11F59F45CB: Dispatch: Key:Unregistered => Key:Valid"
"18-08-2026 12:01:13","8001","Information","Microsoft-Windows-Store","ServicePackageRundownNotificationImpl PsmKey:Microsoft.ScreenSketch_11.2602.49.0_x64__8wekyb3d8bbwe+App, sid:S-1-12-1-2357405129-1281513531-255772574-1816207334
Function: ServicePackageRundownNotificationImpl
Source: onecoreuap\enduser\winstore\licensemanager\lib\service.cpp (2587)"
"18-08-2026 12:01:13","8001","Information","Microsoft-Windows-Store","Invoking license manager because license/lease polling time up: PFN Microsoft.ScreenSketch_11.2602.49.0_x64__8wekyb3d8bbwe
Function: InvokeLicenseManagerRequired
Source: onecoreuap\enduser\winstore\licensemanager\apisethost\activationapis.cpp (361)"
"18-08-2026 12:01:06","8011","Verbose","Microsoft-Windows-Store","0x21b4f12a020: 26608: {9F9E6616-7956-022A-E9A7-86D240A5A818}: Dispatch: Lease:AddKey => Lease:Valid"
"18-08-2026 12:01:06","8001","Information","Microsoft-Windows-Store","Added timer for {9F9E6616-7956-022A-E9A7-86D240A5A818}
Function: MemoryTimerService::CreateTimerWithId
Source: onecoreuap\enduser\winstore\licensemanager\lib\memorytimer.cpp (57)"
"18-08-2026 12:01:06","8001","Information","Microsoft-Windows-Store","Updating lease timer for {9F9E6616-7956-022A-E9A7-86D240A5A818} to expire @ 2026-08-18T07:15:45Z (jitter was 44.656368 minutes)
Function: LeaseMachine::DoUpdateLeaseTimer
Source: onecoreuap\enduser\winstore\licensemanager\lib\leasemachine.cpp (276)"
"18-08-2026 12:01:06","8001","Information","Microsoft-Windows-Store","ReactiveLicensingResult: 0x00000000 for Microsoft.ScreenSketch_11.2602.49.0_x64__8wekyb3d8bbwe, 16ms
Function: LogReactiveLicensingResult
Source: onecoreuap\enduser\winstore\licensemanager\lib\telemetry.cpp (512)"
"18-08-2026 12:01:06","8001","Information","Microsoft-Windows-Store","Decoding: {""entitlementId"":""3e02f730-6c37-0771-2032-e36c77c20d1e"",""entitlementSatisfaction"":""Device"",""isOffline"":true,""leaseEnforcement"":""None"",""leaseUri"":""https://licensing.md.mp.microsoft.com/v7.0/licenses/?beneficiaryId=msahwonecoreuap\enduser\winstore\licensemanager\lib\clipdocument.cppa6755426027759980&contentId=42493de9-7734-949c-ad90-1d11f59f45cb&entitlementId=3e02f730-6c37-0771-2032-e36c77c20d1e&market=IN&policyType=Device"",""keyIds"":[""f1d940d0-b5b2-0083-8403-807a8db430d5""],""kind"":""Content"",""packages"":[{""packageIdentifier"":""42493de9-7734-949c-ad90-1d11f59f45cb"",""packageType"":""msix"",""productAddOns"":[],""productId"":""9MZ95KL8MR0L"",""skuId"":""0010""}],""pollAt"":""2026-08-13T17:23:16.9826078+00:00"",""refreshOnStartup"":false,""version"":7}
Function: DecodeCustomPolicy
Source: onecoreuap\enduser\winstore\licensemanager\lib\clipdocument.cpp (50)"
"18-08-2026 12:01:06","8001","Information","Microsoft-Windows-Store","Decoding: {""entitlementId"":""3e02f730-6c37-0771-2032-e36c77c20d1e"",""entitlementSatisfaction"":""Device"",""isOffline"":true,""leaseEnforcement"":""None"",""leaseUri"":""https://licensing.md.mp.microsoft.com/v7.0/licenses/?beneficiaryId=msahwonecoreuap\enduser\winstore\licensemanager\lib\clipdocument.cppa6755426027759980&contentId=42493de9-7734-949c-ad90-1d11f59f45cb&entitlementId=3e02f730-6c37-0771-2032-e36c77c20d1e&market=IN&policyType=Device"",""keyIds"":[""f1d940d0-b5b2-0083-8403-807a8db430d5""],""kind"":""Content"",""packages"":[{""packageIdentifier"":""42493de9-7734-949c-ad90-1d11f59f45cb"",""packageType"":""msix"",""productAddOns"":[],""productId"":""9MZ95KL8MR0L"",""skuId"":""0010""}],""pollAt"":""2026-08-13T17:23:16.9826078+00:00"",""refreshOnStartup"":false,""version"":7}
Function: DecodeCustomPolicy
Source: onecoreuap\enduser\winstore\licensemanager\lib\clipdocument.cpp (50)"
"18-08-2026 12:01:06","8001","Information","Microsoft-Windows-Store","Decoding: {""legacyProductId"":""74a4d5f7-a2f1-401f-9768-d26e2dfe0273""}
Function: DecodeCustomPolicy
Source: onecoreuap\enduser\winstore\licensemanager\lib\clipdocument.cpp (50)"
"18-08-2026 12:01:06","8011","Verbose","Microsoft-Windows-Store","0x21b4f166470: 2144: 42493DE9-7734-949C-AD90-1D11F59F45CB: Dispatch: Key:RegisterCallback => Key:Valid"
"18-08-2026 12:01:06","8012","Verbose","Microsoft-Windows-Store","0x21b4f166470: 2144: Key:NegotiatingUnleased Change: Key:Valid => 42493DE9-7734-949C-AD90-1D11F59F45CB"
"18-08-2026 12:01:06","8001","Information","Microsoft-Windows-Store","No cached lease or key found, not renewing with service and treating this as a valid license with lease = 0x4f133f28
Function: KeyMachine::NegotiatingUnleased::LicenseDone
Source: onecoreuap\enduser\winstore\licensemanager\lib\keymachine.cpp (2032)"
"18-08-2026 12:01:06","8012","Verbose","Microsoft-Windows-Store","0x21b4f12a020: 26608: Lease:Initial Change: Lease:Valid => {9F9E6616-7956-022A-E9A7-86D240A5A818}"
"18-08-2026 12:01:06","8011","Verbose","Microsoft-Windows-Store","0x21b4f12a020: 26608: {9F9E6616-7956-022A-E9A7-86D240A5A818}: Dispatch: Lease:UpdateLeaseDocument => Lease:Initial"
"18-08-2026 12:01:06","8001","Information","Microsoft-Windows-Store","Set results for lease = 0x4f133f28, policy = 2147483647, operation = 3, Leasebehavior = 0
Function: KeyMachine::DoSetResult
Source: onecoreuap\enduser\winstore\licensemanager\lib\keymachine.cpp (1520)"
"18-08-2026 12:01:06","8001","Information","Microsoft-Windows-Store","Lease Machine: 0000021B4F12A000: {9F9E6616-7956-022A-E9A7-86D240A5A818}
Function: LeaseMachine::LeaseMachine
Source: onecoreuap\enduser\winstore\licensemanager\lib\leasemachine.cpp (40)"
"18-08-2026 12:01:06","8001","Information","Microsoft-Windows-Store","lease = 0x4f133f28, leaseActive = 1, leaseBehavior = 0
Function: KeyMachine::NegotiatingUnleased::LicenseDone
Source: onecoreuap\enduser\winstore\licensemanager\lib\keymachine.cpp (1986)"
"18-08-2026 12:01:06","8011","Verbose","Microsoft-Windows-Store","0x21b4f166470: 2144: 42493DE9-7734-949C-AD90-1D11F59F45CB: Dispatch: Key:@LicenseDone => Key:NegotiatingUnleased"
"18-08-2026 12:01:06","8001","Information","Microsoft-Windows-Store","content is alreadyLicensed, lease is cached
Function: KeyMachine::DoLicenseThreadProc
Source: onecoreuap\enduser\winstore\licensemanager\lib\keymachine.cpp (942)"
"18-08-2026 12:01:06","8001","Information","Microsoft-Windows-Store","lease = 0x4f133f28, quality = 1073741824
Function: KeyMachine::DoLicenseThreadProc
Source: onecoreuap\enduser\winstore\licensemanager\lib\keymachine.cpp (935)"
"18-08-2026 12:01:06","8001","Information","Microsoft-Windows-Store","lease = 0x4f133f28, usage = 536870912, policy = 2147483647, operation = 3, leaseBehavior = 0, shouldContentBeDeactivated = 0
Function: KeyMachine::DoLicenseThreadProc
Source: onecoreuap\enduser\winstore\licensemanager\lib\keymachine.cpp (905)"
"18-08-2026 12:01:06","8001","Information","Microsoft-Windows-Store","Returning 1 lease documents for contentid 42493DE9-7734-949C-AD90-1D11F59F45CB
Function: ClipStorage::GetLeaseDocumentsForKeyDocument
Source: onecoreuap\enduser\winstore\licensemanager\lib\clipstorage.cpp (460)"
"18-08-2026 12:01:06","8001","Information","Microsoft-Windows-Store","Adding lease {306E67C8-9A1D-38DE-8654-054BD8A6E6D6} to results
Function: ClipStorage::GetLeaseDocumentsForKeyDocument
Source: onecoreuap\enduser\winstore\licensemanager\lib\clipstorage.cpp (387)"
"18-08-2026 12:01:06","8001","Information","Microsoft-Windows-Store","Decoding: {""entitlementId"":""3e02f730-6c37-0771-2032-e36c77c20d1e"",""entitlementSatisfaction"":""Device"",""isOffline"":true,""leaseEnforcement"":""None"",""leaseUri"":""https://licensing.md.mp.microsoft.com/v7.0/licenses/?beneficiaryId=msahwonecoreuap\enduser\winstore\licensemanager\lib\clipdocument.cppa6755426027759980&contentId=42493de9-7734-949c-ad90-1d11f59f45cb&entitlementId=3e02f730-6c37-0771-2032-e36c77c20d1e&market=IN&policyType=Device"",""keyIds"":[""f1d940d0-b5b2-0083-8403-807a8db430d5""],""kind"":""Content"",""packages"":[{""packageIdentifier"":""42493de9-7734-949c-ad90-1d11f59f45cb"",""packageType"":""msix"",""productAddOns"":[],""productId"":""9MZ95KL8MR0L"",""skuId"":""0010""}],""pollAt"":""2026-08-13T17:23:16.9826078+00:00"",""refreshOnStartup"":false,""version"":7}
Function: DecodeCustomPolicy
Source: onecoreuap\enduser\winstore\licensemanager\lib\clipdocument.cpp (50)"
"18-08-2026 12:01:06","8001","Information","Microsoft-Windows-Store","Skipping license manager: PFN Microsoft.ScreenSketch_11.2602.49.0_x64__8wekyb3d8bbwe
Function: InvokeLicenseManagerRequired
Source: onecoreuap\enduser\winstore\licensemanager\apisethost\activationapis.cpp (373)"
"18-08-2026 12:01:06","8001","Information","Microsoft-Windows-Store","Getting lease for 42493DE9-7734-949C-AD90-1D11F59F45CB
Function: LicenseManagerCore::GetExistingLeaseAndLicense
Source: onecoreuap\enduser\winstore\licensemanager\lib\managercore.cpp (415)"
"18-08-2026 12:01:06","8001","Information","Microsoft-Windows-Store","Returning key document for contentid 42493DE9-7734-949C-AD90-1D11F59F45CB
Function: ClipStorage::GetKeyDocumentForContentWithIdAndMinQuality
Source: onecoreuap\enduser\winstore\licensemanager\lib\clipstorage.cpp (262)"
"18-08-2026 12:01:06","8001","Information","Microsoft-Windows-Store","Accepting key with License ID {F1D940D0-B5B2-0083-8403-807A8DB430D5} for Content ID 42493DE9-7734-949C-AD90-1D11F59F45CB (first match)
Function: ClipStorage::GetKeyDocumentForContentWithIdAndMinQuality
Source: onecoreuap\enduser\winstore\licensemanager\lib\clipstorage.cpp (223)"
"18-08-2026 12:01:06","8001","Information","Microsoft-Windows-Store","Decoding: {""legacyProductId"":""74a4d5f7-a2f1-401f-9768-d26e2dfe0273""}
Function: DecodeCustomPolicy
Source: onecoreuap\enduser\winstore\licensemanager\lib\clipdocument.cpp (50)"
"18-08-2026 12:01:06","8001","Information","Microsoft-Windows-Store","Considering License ID {F1D940D0-B5B2-0083-8403-807A8DB430D5} for content ID 42493DE9-7734-949C-AD90-1D11F59F45CB...
Function: ClipStorage::GetKeyDocumentForContentWithIdAndMinQuality
Source: onecoreuap\enduser\winstore\licensemanager\lib\clipstorage.cpp (192)"
"18-08-2026 12:01:06","8012","Verbose","Microsoft-Windows-Store","0x21b4f166470: 2144: Key:Initial Change: Key:NegotiatingUnleased => 42493DE9-7734-949C-AD90-1D11F59F45CB"
"18-08-2026 12:01:06","8001","Information","Microsoft-Windows-Store","0000021B4F166450: BeginLicense: Operation 3, CachedLeaseOK true, RequireServiceValidation false
Function: KeyMachine::DoBeginLicense
Source: onecoreuap\enduser\winstore\licensemanager\lib\keymachine.cpp (819)"
"18-08-2026 12:01:06","8011","Verbose","Microsoft-Windows-Store","0x21b4f166470: 2144: 42493DE9-7734-949C-AD90-1D11F59F45CB: Dispatch: Key:Activate => Key:Initial"
"18-08-2026 12:01:06","8011","Verbose","Microsoft-Windows-Store","0x21b4f134528: 23288: RootMachine: Dispatch: Root:Connect => Root:Valid"
"18-08-2026 12:01:06","8001","Information","Microsoft-Windows-Store","0000021B4F166450: Key Machine for content: 42493DE9-7734-949C-AD90-1D11F59F45CB
Function: KeyMachine::KeyMachine
Source: onecoreuap\enduser\winstore\licensemanager\lib\keymachine.cpp (95)"
"18-08-2026 12:01:06","8001","Information","Microsoft-Windows-Store","Licensing 42493DE9-7734-949C-AD90-1D11F59F45CB (Active)
Function: LicenseManager::LicenseContentWithId
Source: onecoreuap\enduser\winstore\licensemanager\lib\manager.cpp (88)"
"18-08-2026 12:01:06","8001","Information","Microsoft-Windows-Store","Licensing package Microsoft.ScreenSketch_11.2602.49.0_x64__8wekyb3d8bbwe (3)
Function: OneStoreApplicationLicenseManager::GetLicenseForInstalledPackage
Source: onecoreuap\enduser\winstore\licensemanager\lib\onestoreapplicensemanager.cpp (120)"
"18-08-2026 12:01:06","8001","Information","Microsoft-Windows-Store","ServiceBeginAcquireLicenseImpl PsmKey:Microsoft.ScreenSketch_11.2602.49.0_x64__8wekyb3d8bbwe+LMV1xF00Dx7238, IsSystemUsage:0
Function: ServiceBeginAcquireLicenseImpl
Source: onecoreuap\enduser\winstore\licensemanager\lib\service.cpp (2304)"
"18-08-2026 12:01:06","8001","Information","Microsoft-Windows-Store","Invoking license manager because license/lease polling time up: PFN Microsoft.ScreenSketch_11.2602.49.0_x64__8wekyb3d8bbwe
Function: InvokeLicenseManagerRequired
Source: onecoreuap\enduser\winstore\licensemanager\apisethost\activationapis.cpp (361)"
"18-08-2026 12:00:41","8001","Information","Microsoft-Windows-Store","Skipping license manager: PFN Microsoft.MicrosoftOfficeHub_19.2608.39011.0_x64__8wekyb3d8bbwe
Function: InvokeLicenseManagerRequired
Source: onecoreuap\enduser\winstore\licensemanager\apisethost\activationapis.cpp (373)"
"18-08-2026 12:00:41","8001","Information","Microsoft-Windows-Store","Skipping license manager: PFN Microsoft.MicrosoftOfficeHub_19.2608.39011.0_x64__8wekyb3d8bbwe
Function: InvokeLicenseManagerRequired
Source: onecoreuap\enduser\winstore\licensemanager\apisethost\activationapis.cpp (373)"
"18-08-2026 12:00:01","8001","Information","Microsoft-Windows-Store","Skipping license manager: PFN Microsoft.Todos_2.176.7601.0_x64__8wekyb3d8bbwe
Function: InvokeLicenseManagerRequired
Source: onecoreuap\enduser\winstore\licensemanager\apisethost\activationapis.cpp (373)"
"18-08-2026 11:58:56","8001","Information","Microsoft-Windows-Store","Skipping license manager: PFN Microsoft.Todos_2.176.7601.0_x64__8wekyb3d8bbwe
Function: InvokeLicenseManagerRequired
Source: onecoreuap\enduser\winstore\licensemanager\apisethost\activationapis.cpp (373)"
"18-08-2026 11:58:56","8001","Information","Microsoft-Windows-Store","Skipping license manager: PFN Microsoft.Todos_2.176.7601.0_x64__8wekyb3d8bbwe
Function: InvokeLicenseManagerRequired
Source: onecoreuap\enduser\winstore\licensemanager\apisethost\activationapis.cpp (373)"
"18-08-2026 11:58:56","8001","Information","Microsoft-Windows-Store","Skipping license manager: PFN Microsoft.StorePurchaseApp_22606.1401.3.0_x64__8wekyb3d8bbwe
Function: InvokeLicenseManagerRequired
Source: onecoreuap\enduser\winstore\licensemanager\apisethost\activationapis.cpp (373)"
"18-08-2026 11:51:23","8001","Information","Microsoft-Windows-Store","Removed timer for {9F9E6616-7956-022A-E9A7-86D240A5A818}
Function: MemoryTimerService::CleanupTimer
Source: onecoreuap\enduser\winstore\licensemanager\lib\memorytimer.cpp (19)"
"18-08-2026 11:51:23","8002","Warning","Microsoft-Windows-Store","Trying to remove timer {9F9E6616-7956-022A-E9A7-86D240A5A818} not in table
Function: MemoryTimerService::CancelTimerWithId
Source: onecoreuap\enduser\winstore\licensemanager\lib\memorytimer.cpp (80)"
"18-08-2026 11:51:23","8001","Information","Microsoft-Windows-Store","Ignoring lease removal with reason 0x00000000 because this is an offline lease

Function: ClipStorage::RemoveLeaseDocumentWithIdAndReason
Source: onecoreuap\enduser\winstore\licensemanager\lib\clipstorage.cpp (501)"
"18-08-2026 11:51:23","8001","Information","Microsoft-Windows-Store","Decoding: {""entitlementId"":""3e02f730-6c37-0771-2032-e36c77c20d1e"",""entitlementSatisfaction"":""Device"",""isOffline"":true,""leaseEnforcement"":""None"",""leaseUri"":""https://licensing.md.mp.microsoft.com/v7.0/licenses/?beneficiaryId=msahwonecoreuap\enduser\winstore\licensemanager\lib\clipdocument.cppa6755426027759980&contentId=42493de9-7734-949c-ad90-1d11f59f45cb&entitlementId=3e02f730-6c37-0771-2032-e36c77c20d1e&market=IN&policyType=Device"",""keyIds"":[""f1d940d0-b5b2-0083-8403-807a8db430d5""],""kind"":""Content"",""packages"":[{""packageIdentifier"":""42493de9-7734-949c-ad90-1d11f59f45cb"",""packageType"":""msix"",""productAddOns"":[],""productId"":""9MZ95KL8MR0L"",""skuId"":""0010""}],""pollAt"":""2026-08-13T17:23:16.9826078+00:00"",""refreshOnStartup"":false,""version"":7}
Function: DecodeCustomPolicy
Source: onecoreuap\enduser\winstore\licensemanager\lib\clipdocument.cpp (50)"
"18-08-2026 11:51:23","8001","Information","Microsoft-Windows-Store","Requesting lease document removal for reason 0x00000000, {9F9E6616-7956-022A-E9A7-86D240A5A818}
Function: LicenseManagerCore::DoRemoveLeaseDocumentWithId
Source: onecoreuap\enduser\winstore\licensemanager\lib\managercore.cpp (1460)"
"18-08-2026 11:51:23","8012","Verbose","Microsoft-Windows-Store","0x21b4f129720: 11308: Lease:Valid Change: Lease:Invalid => {9F9E6616-7956-022A-E9A7-86D240A5A818}"
"18-08-2026 11:51:23","8011","Verbose","Microsoft-Windows-Store","0x21b4f129720: 11308: {9F9E6616-7956-022A-E9A7-86D240A5A818}: Dispatch: Lease:Unregistered => Lease:Valid"
"18-08-2026 11:51:23","8011","Verbose","Microsoft-Windows-Store","0x21b4f129720: 11308: {9F9E6616-7956-022A-E9A7-86D240A5A818}: Dispatch: Lease:RemoveKey => Lease:Valid"
"18-08-2026 11:51:23","8001","Information","Microsoft-Windows-Store","Set results for lease = 0x0, policy = 0, operation = 0, Leasebehavior = 0
Function: KeyMachine::DoSetResult
Source: onecoreuap\enduser\winstore\licensemanager\lib\keymachine.cpp (1520)"
"18-08-2026 11:51:23","8012","Verbose","Microsoft-Windows-Store","0x21b4f16d1e0: 15128: Key:Valid Change: Key:Invalid => 42493DE9-7734-949C-AD90-1D11F59F45CB"
"18-08-2026 11:51:23","8001","Information","Microsoft-Windows-Store","Lease dropped
Function: KeyMachine::DoDropLease
Source: onecoreuap\enduser\winstore\licensemanager\lib\keymachine.cpp (279)"
"18-08-2026 11:51:23","8011","Verbose","Microsoft-Windows-Store","0x21b4f16d1e0: 15128: 42493DE9-7734-949C-AD90-1D11F59F45CB: Dispatch: Key:Unregistered => Key:Valid"
"18-08-2026 11:51:23","8001","Information","Microsoft-Windows-Store","ServicePackageRundownNotificationImpl PsmKey:Microsoft.ScreenSketch_11.2602.49.0_x64__8wekyb3d8bbwe+App, sid:S-1-12-1-2357405129-1281513531-255772574-1816207334
Function: ServicePackageRundownNotificationImpl
Source: onecoreuap\enduser\winstore\licensemanager\lib\service.cpp (2587)"
"18-08-2026 11:51:23","8001","Information","Microsoft-Windows-Store","Invoking license manager because license/lease polling time up: PFN Microsoft.ScreenSketch_11.2602.49.0_x64__8wekyb3d8bbwe
Function: InvokeLicenseManagerRequired
Source: onecoreuap\enduser\winstore\licensemanager\apisethost\activationapis.cpp (361)"
"18-08-2026 11:51:18","8011","Verbose","Microsoft-Windows-Store","0x21b4f129720: 15128: {9F9E6616-7956-022A-E9A7-86D240A5A818}: Dispatch: Lease:AddKey => Lease:Valid"
"18-08-2026 11:51:18","8001","Information","Microsoft-Windows-Store","Added timer for {9F9E6616-7956-022A-E9A7-86D240A5A818}
Function: MemoryTimerService::CreateTimerWithId
Source: onecoreuap\enduser\winstore\licensemanager\lib\memorytimer.cpp (57)"
"18-08-2026 11:51:18","8001","Information","Microsoft-Windows-Store","Updating lease timer for {9F9E6616-7956-022A-E9A7-86D240A5A818} to expire @ 2026-08-18T06:53:23Z (jitter was 32.081959 minutes)
Function: LeaseMachine::DoUpdateLeaseTimer
Source: onecoreuap\enduser\winstore\licensemanager\lib\leasemachine.cpp (276)"
"18-08-2026 11:51:18","8001","Information","Microsoft-Windows-Store","ReactiveLicensingResult: 0x00000000 for Microsoft.ScreenSketch_11.2602.49.0_x64__8wekyb3d8bbwe, 110ms
Function: LogReactiveLicensingResult
Source: onecoreuap\enduser\winstore\licensemanager\lib\telemetry.cpp (512)"
"18-08-2026 11:51:18","8001","Information","Microsoft-Windows-Store","Decoding: {""entitlementId"":""3e02f730-6c37-0771-2032-e36c77c20d1e"",""entitlementSatisfaction"":""Device"",""isOffline"":true,""leaseEnforcement"":""None"",""leaseUri"":""https://licensing.md.mp.microsoft.com/v7.0/licenses/?beneficiaryId=msahwonecoreuap\enduser\winstore\licensemanager\lib\clipdocument.cppa6755426027759980&contentId=42493de9-7734-949c-ad90-1d11f59f45cb&entitlementId=3e02f730-6c37-0771-2032-e36c77c20d1e&market=IN&policyType=Device"",""keyIds"":[""f1d940d0-b5b2-0083-8403-807a8db430d5""],""kind"":""Content"",""packages"":[{""packageIdentifier"":""42493de9-7734-949c-ad90-1d11f59f45cb"",""packageType"":""msix"",""productAddOns"":[],""productId"":""9MZ95KL8MR0L"",""skuId"":""0010""}],""pollAt"":""2026-08-13T17:23:16.9826078+00:00"",""refreshOnStartup"":false,""version"":7}
Function: DecodeCustomPolicy
Source: onecoreuap\enduser\winstore\licensemanager\lib\clipdocument.cpp (50)"
"18-08-2026 11:51:18","8001","Information","Microsoft-Windows-Store","Decoding: {""entitlementId"":""3e02f730-6c37-0771-2032-e36c77c20d1e"",""entitlementSatisfaction"":""Device"",""isOffline"":true,""leaseEnforcement"":""None"",""leaseUri"":""https://licensing.md.mp.microsoft.com/v7.0/licenses/?beneficiaryId=msahwonecoreuap\enduser\winstore\licensemanager\lib\clipdocument.cppa6755426027759980&contentId=42493de9-7734-949c-ad90-1d11f59f45cb&entitlementId=3e02f730-6c37-0771-2032-e36c77c20d1e&market=IN&policyType=Device"",""keyIds"":[""f1d940d0-b5b2-0083-8403-807a8db430d5""],""kind"":""Content"",""packages"":[{""packageIdentifier"":""42493de9-7734-949c-ad90-1d11f59f45cb"",""packageType"":""msix"",""productAddOns"":[],""productId"":""9MZ95KL8MR0L"",""skuId"":""0010""}],""pollAt"":""2026-08-13T17:23:16.9826078+00:00"",""refreshOnStartup"":false,""version"":7}
Function: DecodeCustomPolicy
Source: onecoreuap\enduser\winstore\licensemanager\lib\clipdocument.cpp (50)"
"18-08-2026 11:51:18","8001","Information","Microsoft-Windows-Store","Decoding: {""legacyProductId"":""74a4d5f7-a2f1-401f-9768-d26e2dfe0273""}
Function: DecodeCustomPolicy
Source: onecoreuap\enduser\winstore\licensemanager\lib\clipdocument.cpp (50)"
"18-08-2026 11:51:18","8011","Verbose","Microsoft-Windows-Store","0x21b4f16d1e0: 24388: 42493DE9-7734-949C-AD90-1D11F59F45CB: Dispatch: Key:RegisterCallback => Key:Valid"
"18-08-2026 11:51:18","8012","Verbose","Microsoft-Windows-Store","0x21b4f16d1e0: 24388: Key:NegotiatingUnleased Change: Key:Valid => 42493DE9-7734-949C-AD90-1D11F59F45CB"
"18-08-2026 11:51:18","8001","Information","Microsoft-Windows-Store","No cached lease or key found, not renewing with service and treating this as a valid license with lease = 0x4f172918
Function: KeyMachine::NegotiatingUnleased::LicenseDone
Source: onecoreuap\enduser\winstore\licensemanager\lib\keymachine.cpp (2032)"
"18-08-2026 11:51:18","8012","Verbose","Microsoft-Windows-Store","0x21b4f129720: 15128: Lease:Initial Change: Lease:Valid => {9F9E6616-7956-022A-E9A7-86D240A5A818}"
"18-08-2026 11:51:18","8011","Verbose","Microsoft-Windows-Store","0x21b4f129720: 15128: {9F9E6616-7956-022A-E9A7-86D240A5A818}: Dispatch: Lease:UpdateLeaseDocument => Lease:Initial"
"18-08-2026 11:51:18","8001","Information","Microsoft-Windows-Store","Set results for lease = 0x4f172918, policy = 2147483647, operation = 3, Leasebehavior = 0
Function: KeyMachine::DoSetResult
Source: onecoreuap\enduser\winstore\licensemanager\lib\keymachine.cpp (1520)"
"18-08-2026 11:51:18","8001","Information","Microsoft-Windows-Store","Lease Machine: 0000021B4F129700: {9F9E6616-7956-022A-E9A7-86D240A5A818}
Function: LeaseMachine::LeaseMachine
Source: onecoreuap\enduser\winstore\licensemanager\lib\leasemachine.cpp (40)"
"18-08-2026 11:51:18","8001","Information","Microsoft-Windows-Store","lease = 0x4f172918, leaseActive = 1, leaseBehavior = 0
Function: KeyMachine::NegotiatingUnleased::LicenseDone
Source: onecoreuap\enduser\winstore\licensemanager\lib\keymachine.cpp (1986)"
"18-08-2026 11:51:18","8011","Verbose","Microsoft-Windows-Store","0x21b4f16d1e0: 24388: 42493DE9-7734-949C-AD90-1D11F59F45CB: Dispatch: Key:@LicenseDone => Key:NegotiatingUnleased"
"18-08-2026 11:51:18","8001","Information","Microsoft-Windows-Store","content is alreadyLicensed, lease is cached
Function: KeyMachine::DoLicenseThreadProc
Source: onecoreuap\enduser\winstore\licensemanager\lib\keymachine.cpp (942)"
"18-08-2026 11:51:18","8001","Information","Microsoft-Windows-Store","lease = 0x4f172918, quality = 1073741824
Function: KeyMachine::DoLicenseThreadProc
Source: onecoreuap\enduser\winstore\licensemanager\lib\keymachine.cpp (935)"
"18-08-2026 11:51:18","8001","Information","Microsoft-Windows-Store","lease = 0x4f172918, usage = 536870912, policy = 2147483647, operation = 3, leaseBehavior = 0, shouldContentBeDeactivated = 0
Function: KeyMachine::DoLicenseThreadProc
Source: onecoreuap\enduser\winstore\licensemanager\lib\keymachine.cpp (905)"
"18-08-2026 11:51:18","8001","Information","Microsoft-Windows-Store","Returning 1 lease documents for contentid 42493DE9-7734-949C-AD90-1D11F59F45CB
Function: ClipStorage::GetLeaseDocumentsForKeyDocument
Source: onecoreuap\enduser\winstore\licensemanager\lib\clipstorage.cpp (460)"
"18-08-2026 11:51:18","8001","Information","Microsoft-Windows-Store","Adding lease {306E67C8-9A1D-38DE-8654-054BD8A6E6D6} to results
Function: ClipStorage::GetLeaseDocumentsForKeyDocument
Source: onecoreuap\enduser\winstore\licensemanager\lib\clipstorage.cpp (387)"
"18-08-2026 11:51:18","8001","Information","Microsoft-Windows-Store","Decoding: {""entitlementId"":""3e02f730-6c37-0771-2032-e36c77c20d1e"",""entitlementSatisfaction"":""Device"",""isOffline"":true,""leaseEnforcement"":""None"",""leaseUri"":""https://licensing.md.mp.microsoft.com/v7.0/licenses/?beneficiaryId=msahwonecoreuap\enduser\winstore\licensemanager\lib\clipdocument.cppa6755426027759980&contentId=42493de9-7734-949c-ad90-1d11f59f45cb&entitlementId=3e02f730-6c37-0771-2032-e36c77c20d1e&market=IN&policyType=Device"",""keyIds"":[""f1d940d0-b5b2-0083-8403-807a8db430d5""],""kind"":""Content"",""packages"":[{""packageIdentifier"":""42493de9-7734-949c-ad90-1d11f59f45cb"",""packageType"":""msix"",""productAddOns"":[],""productId"":""9MZ95KL8MR0L"",""skuId"":""0010""}],""pollAt"":""2026-08-13T17:23:16.9826078+00:00"",""refreshOnStartup"":false,""version"":7}
Function: DecodeCustomPolicy
Source: onecoreuap\enduser\winstore\licensemanager\lib\clipdocument.cpp (50)"
"18-08-2026 11:51:18","8001","Information","Microsoft-Windows-Store","Getting lease for 42493DE9-7734-949C-AD90-1D11F59F45CB
Function: LicenseManagerCore::GetExistingLeaseAndLicense
Source: onecoreuap\enduser\winstore\licensemanager\lib\managercore.cpp (415)"
"18-08-2026 11:51:18","8001","Information","Microsoft-Windows-Store","Returning key document for contentid 42493DE9-7734-949C-AD90-1D11F59F45CB
Function: ClipStorage::GetKeyDocumentForContentWithIdAndMinQuality
Source: onecoreuap\enduser\winstore\licensemanager\lib\clipstorage.cpp (262)"
"18-08-2026 11:51:18","8001","Information","Microsoft-Windows-Store","Accepting key with License ID {F1D940D0-B5B2-0083-8403-807A8DB430D5} for Content ID 42493DE9-7734-949C-AD90-1D11F59F45CB (first match)
Function: ClipStorage::GetKeyDocumentForContentWithIdAndMinQuality
Source: onecoreuap\enduser\winstore\licensemanager\lib\clipstorage.cpp (223)"
"18-08-2026 11:51:18","8001","Information","Microsoft-Windows-Store","Decoding: {""legacyProductId"":""74a4d5f7-a2f1-401f-9768-d26e2dfe0273""}
Function: DecodeCustomPolicy
Source: onecoreuap\enduser\winstore\licensemanager\lib\clipdocument.cpp (50)"
"18-08-2026 11:51:18","8001","Information","Microsoft-Windows-Store","Considering License ID {F1D940D0-B5B2-0083-8403-807A8DB430D5} for content ID 42493DE9-7734-949C-AD90-1D11F59F45CB...
Function: ClipStorage::GetKeyDocumentForContentWithIdAndMinQuality
Source: onecoreuap\enduser\winstore\licensemanager\lib\clipstorage.cpp (192)"
"18-08-2026 11:51:18","8012","Verbose","Microsoft-Windows-Store","0x21b4f16d1e0: 24388: Key:Initial Change: Key:NegotiatingUnleased => 42493DE9-7734-949C-AD90-1D11F59F45CB"
"18-08-2026 11:51:18","8001","Information","Microsoft-Windows-Store","0000021B4F16D1C0: BeginLicense: Operation 3, CachedLeaseOK true, RequireServiceValidation false
Function: KeyMachine::DoBeginLicense
Source: onecoreuap\enduser\winstore\licensemanager\lib\keymachine.cpp (819)"
"18-08-2026 11:51:18","8011","Verbose","Microsoft-Windows-Store","0x21b4f16d1e0: 24388: 42493DE9-7734-949C-AD90-1D11F59F45CB: Dispatch: Key:Activate => Key:Initial"
"18-08-2026 11:51:18","8012","Verbose","Microsoft-Windows-Store","0x21b4f134528: 27220: Root:Negotiating Change: Root:Valid => RootMachine"
"18-08-2026 11:51:18","8011","Verbose","Microsoft-Windows-Store","0x21b4f134528: 27220: RootMachine: Dispatch: Root:@LicenseDone => Root:Negotiating"
"18-08-2026 11:51:18","8012","Verbose","Microsoft-Windows-Store","0x21b4f134528: 27220: Root:Initial Change: Root:Negotiating => RootMachine"
"18-08-2026 11:51:18","8001","Information","Microsoft-Windows-Store","0000021B4F134510: BeginRootLicense
Function: RootMachine::DoBeginRootLicense
Source: onecoreuap\enduser\winstore\licensemanager\lib\rootmachine.cpp (201)"
"18-08-2026 11:51:18","8001","Information","Microsoft-Windows-Store","0000021B4F16D1C0: Key Machine for content: 42493DE9-7734-949C-AD90-1D11F59F45CB
Function: KeyMachine::KeyMachine
Source: onecoreuap\enduser\winstore\licensemanager\lib\keymachine.cpp (95)"
"18-08-2026 11:51:18","8011","Verbose","Microsoft-Windows-Store","0x21b4f134528: 27220: RootMachine: Dispatch: Root:Connect => Root:Initial"
"18-08-2026 11:51:18","8001","Information","Microsoft-Windows-Store","Network connectivity level initialized to 0x3
Function: NetworkStatusMonitor::Initialize
Source: onecoreuap\enduser\winstore\licensemanager\lib\networkstatusmonitor.cpp (57)"
"18-08-2026 11:51:18","8001","Information","Microsoft-Windows-Store","Licensing 42493DE9-7734-949C-AD90-1D11F59F45CB (Active)
Function: LicenseManager::LicenseContentWithId
Source: onecoreuap\enduser\winstore\licensemanager\lib\manager.cpp (88)"
"18-08-2026 11:51:18","8001","Information","Microsoft-Windows-Store","Skipping license manager: PFN Microsoft.ScreenSketch_11.2602.49.0_x64__8wekyb3d8bbwe
Function: InvokeLicenseManagerRequired
Source: onecoreuap\enduser\winstore\licensemanager\apisethost\activationapis.cpp (373)"
"18-08-2026 11:51:18","8001","Information","Microsoft-Windows-Store","Licensing package Microsoft.ScreenSketch_11.2602.49.0_x64__8wekyb3d8bbwe (3)
Function: OneStoreApplicationLicenseManager::GetLicenseForInstalledPackage
Source: onecoreuap\enduser\winstore\licensemanager\lib\onestoreapplicensemanager.cpp (120)"
"18-08-2026 11:51:18","8001","Information","Microsoft-Windows-Store","ServiceBeginAcquireLicenseImpl PsmKey:Microsoft.ScreenSketch_11.2602.49.0_x64__8wekyb3d8bbwe+LMV1xF00Dx7238, IsSystemUsage:0
Function: ServiceBeginAcquireLicenseImpl
Source: onecoreuap\enduser\winstore\licensemanager\lib\service.cpp (2304)"
"18-08-2026 11:51:18","8001","Information","Microsoft-Windows-Store","Invoking license manager because license/lease polling time up: PFN Microsoft.ScreenSketch_11.2602.49.0_x64__8wekyb3d8bbwe
Function: InvokeLicenseManagerRequired
Source: onecoreuap\enduser\winstore\licensemanager\apisethost\activationapis.cpp (361)"
"18-08-2026 11:46:31","8001","Information","Microsoft-Windows-Store","Skipping license manager: PFN Microsoft.WindowsStore_22607.1401.3.0_x64__8wekyb3d8bbwe
Function: InvokeLicenseManagerRequired
Source: onecoreuap\enduser\winstore\licensemanager\apisethost\activationapis.cpp (373)"
"18-08-2026 11:45:31","4","Information","Windows-ApplicationModel-Store-SDK","Setting up ServiceProvider
Function: TryManageArgumentsAsync
Source: .\src\Shell\WinStore.DesktopExtension\Program.cs (118)"
"18-08-2026 11:45:31","8001","Information","Microsoft-Windows-Store","Skipping license manager: PFN Microsoft.WindowsStore_22607.1401.3.0_x64__8wekyb3d8bbwe
Function: InvokeLicenseManagerRequired
Source: onecoreuap\enduser\winstore\licensemanager\apisethost\activationapis.cpp (373)"
"18-08-2026 11:44:12","8001","Information","Microsoft-Windows-Store","Skipping license manager: PFN Microsoft.Todos_2.176.7601.0_x64__8wekyb3d8bbwe
Function: InvokeLicenseManagerRequired
Source: onecoreuap\enduser\winstore\licensemanager\apisethost\activationapis.cpp (373)"
"18-08-2026 11:43:07","8001","Information","Microsoft-Windows-Store","Skipping license manager: PFN Microsoft.Todos_2.176.7601.0_x64__8wekyb3d8bbwe
Function: InvokeLicenseManagerRequired
Source: onecoreuap\enduser\winstore\licensemanager\apisethost\activationapis.cpp (373)"
"18-08-2026 11:43:07","8001","Information","Microsoft-Windows-Store","Skipping license manager: PFN Microsoft.Todos_2.176.7601.0_x64__8wekyb3d8bbwe
Function: InvokeLicenseManagerRequired
Source: onecoreuap\enduser\winstore\licensemanager\apisethost\activationapis.cpp (373)"
"18-08-2026 11:31:41","8000","Information","Microsoft-Windows-Store","Process Name: C:\Program Files (x86)\Microsoft\Edge\Application\msedge.exe
Module Name: C:\Windows\SYSTEM32\licensemanagerapi.dll
Build: 26100.1.amd64fre.ge_release.240331-1435
"
"18-08-2026 11:30:00","8001","Information","Microsoft-Windows-Store","Skipping license manager: PFN Microsoft.Todos_2.176.7601.0_x64__8wekyb3d8bbwe
Function: InvokeLicenseManagerRequired
Source: onecoreuap\enduser\winstore\licensemanager\apisethost\activationapis.cpp (373)"
"18-08-2026 11:28:56","8001","Information","Microsoft-Windows-Store","Skipping license manager: PFN Microsoft.Todos_2.176.7601.0_x64__8wekyb3d8bbwe
Function: InvokeLicenseManagerRequired
Source: onecoreuap\enduser\winstore\licensemanager\apisethost\activationapis.cpp (373)"
"18-08-2026 11:28:56","8001","Information","Microsoft-Windows-Store","Skipping license manager: PFN Microsoft.Todos_2.176.7601.0_x64__8wekyb3d8bbwe
Function: InvokeLicenseManagerRequired
Source: onecoreuap\enduser\winstore\licensemanager\apisethost\activationapis.cpp (373)"
"18-08-2026 11:23:53","8001","Information","Microsoft-Windows-Store","Skipping license manager: PFN Microsoft.MicrosoftOfficeHub_19.2608.39011.0_x64__8wekyb3d8bbwe
Function: InvokeLicenseManagerRequired
Source: onecoreuap\enduser\winstore\licensemanager\apisethost\activationapis.cpp (373)"
"18-08-2026 11:23:53","8001","Information","Microsoft-Windows-Store","Skipping license manager: PFN Microsoft.MicrosoftOfficeHub_19.2608.39011.0_x64__8wekyb3d8bbwe
Function: InvokeLicenseManagerRequired
Source: onecoreuap\enduser\winstore\licensemanager\apisethost\activationapis.cpp (373)"
"18-08-2026 11:23:53","8001","Information","Microsoft-Windows-Store","canDisableApps value is 1
Function: InitStoreAppsAreDisabled
Source: onecoreuap\enduser\winstore\licensemanager\apisethost\activationapis.cpp (195)"
"18-08-2026 11:23:53","8000","Information","Microsoft-Windows-Store","Process Name: C:\Windows\Explorer.EXE
Module Name: C:\Windows\SYSTEM32\licensemanagerapi.dll
Build: 26100.1.amd64fre.ge_release.240331-1435
"
"18-08-2026 11:23:44","8001","Information","Microsoft-Windows-Store","Skipping license manager: PFN Microsoft.WindowsNotepad_11.2606.15.0_x64__8wekyb3d8bbwe
Function: InvokeLicenseManagerRequired
Source: onecoreuap\enduser\winstore\licensemanager\apisethost\activationapis.cpp (373)"
"18-08-2026 11:23:43","8001","Information","Microsoft-Windows-Store","Skipping license manager: PFN Microsoft.MicrosoftOfficeHub_19.2608.39011.0_x64__8wekyb3d8bbwe
Function: InvokeLicenseManagerRequired
Source: onecoreuap\enduser\winstore\licensemanager\apisethost\activationapis.cpp (373)"
"18-08-2026 11:15:01","8001","Information","Microsoft-Windows-Store","Skipping license manager: PFN Microsoft.Todos_2.176.7601.0_x64__8wekyb3d8bbwe
Function: InvokeLicenseManagerRequired
Source: onecoreuap\enduser\winstore\licensemanager\apisethost\activationapis.cpp (373)"
"18-08-2026 11:13:56","8001","Information","Microsoft-Windows-Store","Skipping license manager: PFN Microsoft.Todos_2.176.7601.0_x64__8wekyb3d8bbwe
Function: InvokeLicenseManagerRequired
Source: onecoreuap\enduser\winstore\licensemanager\apisethost\activationapis.cpp (373)"
"18-08-2026 11:13:56","8001","Information","Microsoft-Windows-Store","Skipping license manager: PFN Microsoft.Todos_2.176.7601.0_x64__8wekyb3d8bbwe
Function: InvokeLicenseManagerRequired
Source: onecoreuap\enduser\winstore\licensemanager\apisethost\activationapis.cpp (373)"
"18-08-2026 10:58:56","8001","Information","Microsoft-Windows-Store","Skipping license manager: PFN Microsoft.Todos_2.176.7601.0_x64__8wekyb3d8bbwe
Function: InvokeLicenseManagerRequired
Source: onecoreuap\enduser\winstore\licensemanager\apisethost\activationapis.cpp (373)"
"18-08-2026 10:58:56","8001","Information","Microsoft-Windows-Store","Skipping license manager: PFN Microsoft.Todos_2.176.7601.0_x64__8wekyb3d8bbwe
Function: InvokeLicenseManagerRequired
Source: onecoreuap\enduser\winstore\licensemanager\apisethost\activationapis.cpp (373)"
"18-08-2026 10:50:15","8001","Information","Microsoft-Windows-Store","Skipping license manager: PFN Microsoft.WindowsStore_22607.1401.3.0_x64__8wekyb3d8bbwe
Function: InvokeLicenseManagerRequired
Source: onecoreuap\enduser\winstore\licensemanager\apisethost\activationapis.cpp (373)"
"18-08-2026 10:50:15","8001","Information","Microsoft-Windows-Store","Skipping license manager: PFN Microsoft.WindowsStore_22607.1401.3.0_x64__8wekyb3d8bbwe
Function: InvokeLicenseManagerRequired
Source: onecoreuap\enduser\winstore\licensemanager\apisethost\activationapis.cpp (373)"
"18-08-2026 10:50:14","8001","Information","Microsoft-Windows-Store","Skipping license manager: PFN MicrosoftWindows.CrossDevice_1.26071.84.0_x64__cw5n1h2txyewy
Function: InvokeLicenseManagerRequired
Source: onecoreuap\enduser\winstore\licensemanager\apisethost\activationapis.cpp (373)"
"18-08-2026 10:49:31","2006","Information","Microsoft-Windows-Install-Agent","Succesfully called IInstallControl::SmartRetryAsync
Error: Unknown HResult Error code: 0xefffffff
Function: CSmartRetryTaskHandler::Worker
Source: onecoreuap\enduser\winstore\installservice\tasksdll\installservicetasks.cpp (326)"
"18-08-2026 10:49:31","2006","Information","Microsoft-Windows-Install-Agent","Queue Composition - InUse/Restart/UserCreds/Network/NonSpecific - Pending/Active/Other: 0/0/0/0/0 - 0/0/0
Error: Unknown HResult Error code: 0xefffffff
Function: CreateTasksAndSetTriggersForSmartRetry
Source: onecoreuap\enduser\winstore\installservice\lib\taskhelpers.cpp (392)"
