"19-08-2026 13:56:03","847","Information","Microsoft-Windows-DeviceManagement-Enterprise-Diagnostics-Provider","MDM PolicyManager: Machine Broadcast of WM_SETTINGCHANGES to user sessions."
"19-08-2026 13:56:03","847","Information","Microsoft-Windows-DeviceManagement-Enterprise-Diagnostics-Provider","MDM PolicyManager: Machine Broadcast of WM_SETTINGCHANGES to user sessions."
"19-08-2026 13:56:03","847","Information","Microsoft-Windows-DeviceManagement-Enterprise-Diagnostics-Provider","MDM PolicyManager: Machine Broadcast of WM_SETTINGCHANGES to user sessions."
"19-08-2026 13:56:03","847","Information","Microsoft-Windows-DeviceManagement-Enterprise-Diagnostics-Provider","MDM PolicyManager: Machine Broadcast of WM_SETTINGCHANGES to user sessions."
"19-08-2026 13:56:03","847","Information","Microsoft-Windows-DeviceManagement-Enterprise-Diagnostics-Provider","MDM PolicyManager: Machine Broadcast of WM_SETTINGCHANGES to user sessions."
"19-08-2026 13:56:03","847","Information","Microsoft-Windows-DeviceManagement-Enterprise-Diagnostics-Provider","MDM PolicyManager: Machine Broadcast of WM_SETTINGCHANGES to user sessions."
"19-08-2026 13:56:03","847","Information","Microsoft-Windows-DeviceManagement-Enterprise-Diagnostics-Provider","MDM PolicyManager: Machine Broadcast of WM_SETTINGCHANGES to user sessions."
"19-08-2026 13:56:03","847","Information","Microsoft-Windows-DeviceManagement-Enterprise-Diagnostics-Provider","MDM PolicyManager: Machine Broadcast of WM_SETTINGCHANGES to user sessions."
"19-08-2026 13:56:03","847","Information","Microsoft-Windows-DeviceManagement-Enterprise-Diagnostics-Provider","MDM PolicyManager: Machine Broadcast of WM_SETTINGCHANGES to user sessions."
"19-08-2026 13:56:03","847","Information","Microsoft-Windows-DeviceManagement-Enterprise-Diagnostics-Provider","MDM PolicyManager: Machine Broadcast of WM_SETTINGCHANGES to user sessions."
"19-08-2026 13:56:03","847","Information","Microsoft-Windows-DeviceManagement-Enterprise-Diagnostics-Provider","MDM PolicyManager: Machine Broadcast of WM_SETTINGCHANGES to user sessions."
"19-08-2026 13:56:03","847","Information","Microsoft-Windows-DeviceManagement-Enterprise-Diagnostics-Provider","MDM PolicyManager: Machine Broadcast of WM_SETTINGCHANGES to user sessions."
"19-08-2026 13:56:03","847","Information","Microsoft-Windows-DeviceManagement-Enterprise-Diagnostics-Provider","MDM PolicyManager: Machine Broadcast of WM_SETTINGCHANGES to user sessions."
"19-08-2026 13:56:03","847","Information","Microsoft-Windows-DeviceManagement-Enterprise-Diagnostics-Provider","MDM PolicyManager: Machine Broadcast of WM_SETTINGCHANGES to user sessions."
"19-08-2026 13:56:03","847","Information","Microsoft-Windows-DeviceManagement-Enterprise-Diagnostics-Provider","MDM PolicyManager: Machine Broadcast of WM_SETTINGCHANGES to user sessions."
"19-08-2026 13:56:03","847","Information","Microsoft-Windows-DeviceManagement-Enterprise-Diagnostics-Provider","MDM PolicyManager: Machine Broadcast of WM_SETTINGCHANGES to user sessions."
"19-08-2026 13:56:03","847","Information","Microsoft-Windows-DeviceManagement-Enterprise-Diagnostics-Provider","MDM PolicyManager: Machine Broadcast of WM_SETTINGCHANGES to user sessions."
"19-08-2026 13:56:03","847","Information","Microsoft-Windows-DeviceManagement-Enterprise-Diagnostics-Provider","MDM PolicyManager: Machine Broadcast of WM_SETTINGCHANGES to user sessions."
"19-08-2026 13:56:03","847","Information","Microsoft-Windows-DeviceManagement-Enterprise-Diagnostics-Provider","MDM PolicyManager: Machine Broadcast of WM_SETTINGCHANGES to user sessions."
"19-08-2026 13:56:03","847","Information","Microsoft-Windows-DeviceManagement-Enterprise-Diagnostics-Provider","MDM PolicyManager: Machine Broadcast of WM_SETTINGCHANGES to user sessions."
"19-08-2026 13:56:03","847","Information","Microsoft-Windows-DeviceManagement-Enterprise-Diagnostics-Provider","MDM PolicyManager: Machine Broadcast of WM_SETTINGCHANGES to user sessions."
"19-08-2026 13:56:03","847","Information","Microsoft-Windows-DeviceManagement-Enterprise-Diagnostics-Provider","MDM PolicyManager: Machine Broadcast of WM_SETTINGCHANGES to user sessions."
"19-08-2026 13:56:03","847","Information","Microsoft-Windows-DeviceManagement-Enterprise-Diagnostics-Provider","MDM PolicyManager: Machine Broadcast of WM_SETTINGCHANGES to user sessions."
"19-08-2026 13:56:03","847","Information","Microsoft-Windows-DeviceManagement-Enterprise-Diagnostics-Provider","MDM PolicyManager: Machine Broadcast of WM_SETTINGCHANGES to user sessions."
"19-08-2026 13:56:03","847","Information","Microsoft-Windows-DeviceManagement-Enterprise-Diagnostics-Provider","MDM PolicyManager: Machine Broadcast of WM_SETTINGCHANGES to user sessions."
"19-08-2026 13:56:03","847","Information","Microsoft-Windows-DeviceManagement-Enterprise-Diagnostics-Provider","MDM PolicyManager: Machine Broadcast of WM_SETTINGCHANGES to user sessions."
"19-08-2026 13:56:03","847","Information","Microsoft-Windows-DeviceManagement-Enterprise-Diagnostics-Provider","MDM PolicyManager: Machine Broadcast of WM_SETTINGCHANGES to user sessions."
"19-08-2026 13:56:03","847","Information","Microsoft-Windows-DeviceManagement-Enterprise-Diagnostics-Provider","MDM PolicyManager: Machine Broadcast of WM_SETTINGCHANGES to user sessions."
"19-08-2026 13:56:03","847","Information","Microsoft-Windows-DeviceManagement-Enterprise-Diagnostics-Provider","MDM PolicyManager: Machine Broadcast of WM_SETTINGCHANGES to user sessions."
"19-08-2026 13:56:03","847","Information","Microsoft-Windows-DeviceManagement-Enterprise-Diagnostics-Provider","MDM PolicyManager: Machine Broadcast of WM_SETTINGCHANGES to user sessions."
"19-08-2026 13:56:03","847","Information","Microsoft-Windows-DeviceManagement-Enterprise-Diagnostics-Provider","MDM PolicyManager: Machine Broadcast of WM_SETTINGCHANGES to user sessions."
"19-08-2026 13:56:03","847","Information","Microsoft-Windows-DeviceManagement-Enterprise-Diagnostics-Provider","MDM PolicyManager: Machine Broadcast of WM_SETTINGCHANGES to user sessions."
"19-08-2026 13:56:03","847","Information","Microsoft-Windows-DeviceManagement-Enterprise-Diagnostics-Provider","MDM PolicyManager: Machine Broadcast of WM_SETTINGCHANGES to user sessions."
"19-08-2026 13:56:03","847","Information","Microsoft-Windows-DeviceManagement-Enterprise-Diagnostics-Provider","MDM PolicyManager: Machine Broadcast of WM_SETTINGCHANGES to user sessions."
"19-08-2026 13:56:03","847","Information","Microsoft-Windows-DeviceManagement-Enterprise-Diagnostics-Provider","MDM PolicyManager: Machine Broadcast of WM_SETTINGCHANGES to user sessions."
"19-08-2026 13:56:03","847","Information","Microsoft-Windows-DeviceManagement-Enterprise-Diagnostics-Provider","MDM PolicyManager: Machine Broadcast of WM_SETTINGCHANGES to user sessions."
"19-08-2026 13:56:03","847","Information","Microsoft-Windows-DeviceManagement-Enterprise-Diagnostics-Provider","MDM PolicyManager: Machine Broadcast of WM_SETTINGCHANGES to user sessions."
"19-08-2026 13:56:03","847","Information","Microsoft-Windows-DeviceManagement-Enterprise-Diagnostics-Provider","MDM PolicyManager: Machine Broadcast of WM_SETTINGCHANGES to user sessions."
"19-08-2026 13:56:03","847","Information","Microsoft-Windows-DeviceManagement-Enterprise-Diagnostics-Provider","MDM PolicyManager: Machine Broadcast of WM_SETTINGCHANGES to user sessions."
"19-08-2026 13:56:03","847","Information","Microsoft-Windows-DeviceManagement-Enterprise-Diagnostics-Provider","MDM PolicyManager: Machine Broadcast of WM_SETTINGCHANGES to user sessions."
"19-08-2026 13:56:03","847","Information","Microsoft-Windows-DeviceManagement-Enterprise-Diagnostics-Provider","MDM PolicyManager: Machine Broadcast of WM_SETTINGCHANGES to user sessions."
"19-08-2026 13:56:03","847","Information","Microsoft-Windows-DeviceManagement-Enterprise-Diagnostics-Provider","MDM PolicyManager: Machine Broadcast of WM_SETTINGCHANGES to user sessions."
"19-08-2026 13:56:03","847","Information","Microsoft-Windows-DeviceManagement-Enterprise-Diagnostics-Provider","MDM PolicyManager: Machine Broadcast of WM_SETTINGCHANGES to user sessions."
"19-08-2026 13:56:03","847","Information","Microsoft-Windows-DeviceManagement-Enterprise-Diagnostics-Provider","MDM PolicyManager: Machine Broadcast of WM_SETTINGCHANGES to user sessions."
"19-08-2026 13:56:03","847","Information","Microsoft-Windows-DeviceManagement-Enterprise-Diagnostics-Provider","MDM PolicyManager: Machine Broadcast of WM_SETTINGCHANGES to user sessions."
"19-08-2026 13:56:03","847","Information","Microsoft-Windows-DeviceManagement-Enterprise-Diagnostics-Provider","MDM PolicyManager: Machine Broadcast of WM_SETTINGCHANGES to user sessions."
"19-08-2026 13:56:03","847","Information","Microsoft-Windows-DeviceManagement-Enterprise-Diagnostics-Provider","MDM PolicyManager: Machine Broadcast of WM_SETTINGCHANGES to user sessions."
"19-08-2026 13:56:03","847","Information","Microsoft-Windows-DeviceManagement-Enterprise-Diagnostics-Provider","MDM PolicyManager: Machine Broadcast of WM_SETTINGCHANGES to user sessions."
"19-08-2026 13:56:03","847","Information","Microsoft-Windows-DeviceManagement-Enterprise-Diagnostics-Provider","MDM PolicyManager: Machine Broadcast of WM_SETTINGCHANGES to user sessions."
"19-08-2026 13:56:03","847","Information","Microsoft-Windows-DeviceManagement-Enterprise-Diagnostics-Provider","MDM PolicyManager: Machine Broadcast of WM_SETTINGCHANGES to user sessions."
"19-08-2026 13:56:03","847","Information","Microsoft-Windows-DeviceManagement-Enterprise-Diagnostics-Provider","MDM PolicyManager: Machine Broadcast of WM_SETTINGCHANGES to user sessions."
"19-08-2026 13:56:03","847","Information","Microsoft-Windows-DeviceManagement-Enterprise-Diagnostics-Provider","MDM PolicyManager: Machine Broadcast of WM_SETTINGCHANGES to user sessions."
"19-08-2026 13:56:03","847","Information","Microsoft-Windows-DeviceManagement-Enterprise-Diagnostics-Provider","MDM PolicyManager: Machine Broadcast of WM_SETTINGCHANGES to user sessions."
"19-08-2026 13:56:03","847","Information","Microsoft-Windows-DeviceManagement-Enterprise-Diagnostics-Provider","MDM PolicyManager: Machine Broadcast of WM_SETTINGCHANGES to user sessions."
"19-08-2026 13:56:03","847","Information","Microsoft-Windows-DeviceManagement-Enterprise-Diagnostics-Provider","MDM PolicyManager: Machine Broadcast of WM_SETTINGCHANGES to user sessions."
"19-08-2026 13:56:03","847","Information","Microsoft-Windows-DeviceManagement-Enterprise-Diagnostics-Provider","MDM PolicyManager: Machine Broadcast of WM_SETTINGCHANGES to user sessions."
"19-08-2026 13:56:03","847","Information","Microsoft-Windows-DeviceManagement-Enterprise-Diagnostics-Provider","MDM PolicyManager: Machine Broadcast of WM_SETTINGCHANGES to user sessions."
"19-08-2026 13:56:03","847","Information","Microsoft-Windows-DeviceManagement-Enterprise-Diagnostics-Provider","MDM PolicyManager: Machine Broadcast of WM_SETTINGCHANGES to user sessions."
"19-08-2026 13:56:03","847","Information","Microsoft-Windows-DeviceManagement-Enterprise-Diagnostics-Provider","MDM PolicyManager: Machine Broadcast of WM_SETTINGCHANGES to user sessions."
"19-08-2026 13:56:03","847","Information","Microsoft-Windows-DeviceManagement-Enterprise-Diagnostics-Provider","MDM PolicyManager: Machine Broadcast of WM_SETTINGCHANGES to user sessions."
"19-08-2026 13:56:03","847","Information","Microsoft-Windows-DeviceManagement-Enterprise-Diagnostics-Provider","MDM PolicyManager: Machine Broadcast of WM_SETTINGCHANGES to user sessions."
"19-08-2026 13:56:03","847","Information","Microsoft-Windows-DeviceManagement-Enterprise-Diagnostics-Provider","MDM PolicyManager: Machine Broadcast of WM_SETTINGCHANGES to user sessions."
"19-08-2026 13:56:03","847","Information","Microsoft-Windows-DeviceManagement-Enterprise-Diagnostics-Provider","MDM PolicyManager: Machine Broadcast of WM_SETTINGCHANGES to user sessions."
"19-08-2026 13:56:03","847","Information","Microsoft-Windows-DeviceManagement-Enterprise-Diagnostics-Provider","MDM PolicyManager: Machine Broadcast of WM_SETTINGCHANGES to user sessions."
"19-08-2026 13:56:03","847","Information","Microsoft-Windows-DeviceManagement-Enterprise-Diagnostics-Provider","MDM PolicyManager: Machine Broadcast of WM_SETTINGCHANGES to user sessions."
"19-08-2026 13:56:03","847","Information","Microsoft-Windows-DeviceManagement-Enterprise-Diagnostics-Provider","MDM PolicyManager: Machine Broadcast of WM_SETTINGCHANGES to user sessions."
"19-08-2026 13:56:03","847","Information","Microsoft-Windows-DeviceManagement-Enterprise-Diagnostics-Provider","MDM PolicyManager: Machine Broadcast of WM_SETTINGCHANGES to user sessions."
"19-08-2026 13:56:03","847","Information","Microsoft-Windows-DeviceManagement-Enterprise-Diagnostics-Provider","MDM PolicyManager: Machine Broadcast of WM_SETTINGCHANGES to user sessions."
"19-08-2026 13:56:03","847","Information","Microsoft-Windows-DeviceManagement-Enterprise-Diagnostics-Provider","MDM PolicyManager: Machine Broadcast of WM_SETTINGCHANGES to user sessions."
"19-08-2026 13:56:03","847","Information","Microsoft-Windows-DeviceManagement-Enterprise-Diagnostics-Provider","MDM PolicyManager: Machine Broadcast of WM_SETTINGCHANGES to user sessions."
"19-08-2026 13:56:03","847","Information","Microsoft-Windows-DeviceManagement-Enterprise-Diagnostics-Provider","MDM PolicyManager: Machine Broadcast of WM_SETTINGCHANGES to user sessions."
"19-08-2026 13:56:03","847","Information","Microsoft-Windows-DeviceManagement-Enterprise-Diagnostics-Provider","MDM PolicyManager: Machine Broadcast of WM_SETTINGCHANGES to user sessions."
"19-08-2026 13:56:03","847","Information","Microsoft-Windows-DeviceManagement-Enterprise-Diagnostics-Provider","MDM PolicyManager: Machine Broadcast of WM_SETTINGCHANGES to user sessions."
"19-08-2026 13:56:03","847","Information","Microsoft-Windows-DeviceManagement-Enterprise-Diagnostics-Provider","MDM PolicyManager: Machine Broadcast of WM_SETTINGCHANGES to user sessions."
"19-08-2026 13:56:03","847","Information","Microsoft-Windows-DeviceManagement-Enterprise-Diagnostics-Provider","MDM PolicyManager: Machine Broadcast of WM_SETTINGCHANGES to user sessions."
"19-08-2026 13:56:03","847","Information","Microsoft-Windows-DeviceManagement-Enterprise-Diagnostics-Provider","MDM PolicyManager: Machine Broadcast of WM_SETTINGCHANGES to user sessions."
"19-08-2026 13:56:03","847","Information","Microsoft-Windows-DeviceManagement-Enterprise-Diagnostics-Provider","MDM PolicyManager: Machine Broadcast of WM_SETTINGCHANGES to user sessions."
"19-08-2026 13:56:03","847","Information","Microsoft-Windows-DeviceManagement-Enterprise-Diagnostics-Provider","MDM PolicyManager: Machine Broadcast of WM_SETTINGCHANGES to user sessions."
"19-08-2026 13:56:03","847","Information","Microsoft-Windows-DeviceManagement-Enterprise-Diagnostics-Provider","MDM PolicyManager: Machine Broadcast of WM_SETTINGCHANGES to user sessions."
"19-08-2026 13:56:03","847","Information","Microsoft-Windows-DeviceManagement-Enterprise-Diagnostics-Provider","MDM PolicyManager: Machine Broadcast of WM_SETTINGCHANGES to user sessions."
"19-08-2026 13:56:03","847","Information","Microsoft-Windows-DeviceManagement-Enterprise-Diagnostics-Provider","MDM PolicyManager: Machine Broadcast of WM_SETTINGCHANGES to user sessions."
"19-08-2026 13:56:03","847","Information","Microsoft-Windows-DeviceManagement-Enterprise-Diagnostics-Provider","MDM PolicyManager: Machine Broadcast of WM_SETTINGCHANGES to user sessions."
"19-08-2026 13:56:03","847","Information","Microsoft-Windows-DeviceManagement-Enterprise-Diagnostics-Provider","MDM PolicyManager: Machine Broadcast of WM_SETTINGCHANGES to user sessions."
"19-08-2026 13:56:03","847","Information","Microsoft-Windows-DeviceManagement-Enterprise-Diagnostics-Provider","MDM PolicyManager: Machine Broadcast of WM_SETTINGCHANGES to user sessions."
"19-08-2026 13:56:03","847","Information","Microsoft-Windows-DeviceManagement-Enterprise-Diagnostics-Provider","MDM PolicyManager: Machine Broadcast of WM_SETTINGCHANGES to user sessions."
"19-08-2026 13:56:03","847","Information","Microsoft-Windows-DeviceManagement-Enterprise-Diagnostics-Provider","MDM PolicyManager: Machine Broadcast of WM_SETTINGCHANGES to user sessions."
"19-08-2026 13:56:03","847","Information","Microsoft-Windows-DeviceManagement-Enterprise-Diagnostics-Provider","MDM PolicyManager: Machine Broadcast of WM_SETTINGCHANGES to user sessions."
"19-08-2026 13:56:03","847","Information","Microsoft-Windows-DeviceManagement-Enterprise-Diagnostics-Provider","MDM PolicyManager: Machine Broadcast of WM_SETTINGCHANGES to user sessions."
"19-08-2026 13:56:03","847","Information","Microsoft-Windows-DeviceManagement-Enterprise-Diagnostics-Provider","MDM PolicyManager: Machine Broadcast of WM_SETTINGCHANGES to user sessions."
"19-08-2026 13:56:03","847","Information","Microsoft-Windows-DeviceManagement-Enterprise-Diagnostics-Provider","MDM PolicyManager: Machine Broadcast of WM_SETTINGCHANGES to user sessions."
"19-08-2026 13:56:03","847","Information","Microsoft-Windows-DeviceManagement-Enterprise-Diagnostics-Provider","MDM PolicyManager: Machine Broadcast of WM_SETTINGCHANGES to user sessions."
"19-08-2026 13:56:03","847","Information","Microsoft-Windows-DeviceManagement-Enterprise-Diagnostics-Provider","MDM PolicyManager: Machine Broadcast of WM_SETTINGCHANGES to user sessions."
"19-08-2026 13:56:03","847","Information","Microsoft-Windows-DeviceManagement-Enterprise-Diagnostics-Provider","MDM PolicyManager: Machine Broadcast of WM_SETTINGCHANGES to user sessions."
"19-08-2026 13:56:03","847","Information","Microsoft-Windows-DeviceManagement-Enterprise-Diagnostics-Provider","MDM PolicyManager: Machine Broadcast of WM_SETTINGCHANGES to user sessions."
"19-08-2026 13:56:03","847","Information","Microsoft-Windows-DeviceManagement-Enterprise-Diagnostics-Provider","MDM PolicyManager: Machine Broadcast of WM_SETTINGCHANGES to user sessions."
"19-08-2026 13:56:03","847","Information","Microsoft-Windows-DeviceManagement-Enterprise-Diagnostics-Provider","MDM PolicyManager: Machine Broadcast of WM_SETTINGCHANGES to user sessions."
"19-08-2026 13:56:03","847","Information","Microsoft-Windows-DeviceManagement-Enterprise-Diagnostics-Provider","MDM PolicyManager: Machine Broadcast of WM_SETTINGCHANGES to user sessions."
"19-08-2026 13:56:03","847","Information","Microsoft-Windows-DeviceManagement-Enterprise-Diagnostics-Provider","MDM PolicyManager: Machine Broadcast of WM_SETTINGCHANGES to user sessions."
"19-08-2026 13:56:03","847","Information","Microsoft-Windows-DeviceManagement-Enterprise-Diagnostics-Provider","MDM PolicyManager: Machine Broadcast of WM_SETTINGCHANGES to user sessions."
"19-08-2026 13:56:03","847","Information","Microsoft-Windows-DeviceManagement-Enterprise-Diagnostics-Provider","MDM PolicyManager: Machine Broadcast of WM_SETTINGCHANGES to user sessions."
"19-08-2026 13:56:03","847","Information","Microsoft-Windows-DeviceManagement-Enterprise-Diagnostics-Provider","MDM PolicyManager: Machine Broadcast of WM_SETTINGCHANGES to user sessions."
"19-08-2026 13:56:03","847","Information","Microsoft-Windows-DeviceManagement-Enterprise-Diagnostics-Provider","MDM PolicyManager: Machine Broadcast of WM_SETTINGCHANGES to user sessions."
"19-08-2026 13:56:03","847","Information","Microsoft-Windows-DeviceManagement-Enterprise-Diagnostics-Provider","MDM PolicyManager: Machine Broadcast of WM_SETTINGCHANGES to user sessions."
"19-08-2026 13:56:03","847","Information","Microsoft-Windows-DeviceManagement-Enterprise-Diagnostics-Provider","MDM PolicyManager: Machine Broadcast of WM_SETTINGCHANGES to user sessions."
"19-08-2026 13:56:03","847","Information","Microsoft-Windows-DeviceManagement-Enterprise-Diagnostics-Provider","MDM PolicyManager: Machine Broadcast of WM_SETTINGCHANGES to user sessions."
"19-08-2026 13:56:03","847","Information","Microsoft-Windows-DeviceManagement-Enterprise-Diagnostics-Provider","MDM PolicyManager: Machine Broadcast of WM_SETTINGCHANGES to user sessions."
"19-08-2026 13:56:03","847","Information","Microsoft-Windows-DeviceManagement-Enterprise-Diagnostics-Provider","MDM PolicyManager: Machine Broadcast of WM_SETTINGCHANGES to user sessions."
"19-08-2026 13:56:03","847","Information","Microsoft-Windows-DeviceManagement-Enterprise-Diagnostics-Provider","MDM PolicyManager: Machine Broadcast of WM_SETTINGCHANGES to user sessions."
"19-08-2026 13:56:03","847","Information","Microsoft-Windows-DeviceManagement-Enterprise-Diagnostics-Provider","MDM PolicyManager: Machine Broadcast of WM_SETTINGCHANGES to user sessions."
"19-08-2026 13:56:03","847","Information","Microsoft-Windows-DeviceManagement-Enterprise-Diagnostics-Provider","MDM PolicyManager: Machine Broadcast of WM_SETTINGCHANGES to user sessions."
"19-08-2026 13:56:03","847","Information","Microsoft-Windows-DeviceManagement-Enterprise-Diagnostics-Provider","MDM PolicyManager: Machine Broadcast of WM_SETTINGCHANGES to user sessions."
"19-08-2026 13:56:03","847","Information","Microsoft-Windows-DeviceManagement-Enterprise-Diagnostics-Provider","MDM PolicyManager: Machine Broadcast of WM_SETTINGCHANGES to user sessions."
"19-08-2026 13:56:03","847","Information","Microsoft-Windows-DeviceManagement-Enterprise-Diagnostics-Provider","MDM PolicyManager: Machine Broadcast of WM_SETTINGCHANGES to user sessions."
"19-08-2026 13:56:03","847","Information","Microsoft-Windows-DeviceManagement-Enterprise-Diagnostics-Provider","MDM PolicyManager: Machine Broadcast of WM_SETTINGCHANGES to user sessions."
"19-08-2026 13:56:03","847","Information","Microsoft-Windows-DeviceManagement-Enterprise-Diagnostics-Provider","MDM PolicyManager: Machine Broadcast of WM_SETTINGCHANGES to user sessions."
"19-08-2026 13:56:03","847","Information","Microsoft-Windows-DeviceManagement-Enterprise-Diagnostics-Provider","MDM PolicyManager: Machine Broadcast of WM_SETTINGCHANGES to user sessions."
"19-08-2026 13:56:03","847","Information","Microsoft-Windows-DeviceManagement-Enterprise-Diagnostics-Provider","MDM PolicyManager: Machine Broadcast of WM_SETTINGCHANGES to user sessions."
"19-08-2026 13:56:03","847","Information","Microsoft-Windows-DeviceManagement-Enterprise-Diagnostics-Provider","MDM PolicyManager: Machine Broadcast of WM_SETTINGCHANGES to user sessions."
"19-08-2026 13:56:03","847","Information","Microsoft-Windows-DeviceManagement-Enterprise-Diagnostics-Provider","MDM PolicyManager: Machine Broadcast of WM_SETTINGCHANGES to user sessions."
"19-08-2026 13:56:03","847","Information","Microsoft-Windows-DeviceManagement-Enterprise-Diagnostics-Provider","MDM PolicyManager: Machine Broadcast of WM_SETTINGCHANGES to user sessions."
"19-08-2026 13:56:03","847","Information","Microsoft-Windows-DeviceManagement-Enterprise-Diagnostics-Provider","MDM PolicyManager: Machine Broadcast of WM_SETTINGCHANGES to user sessions."
"19-08-2026 13:56:03","847","Information","Microsoft-Windows-DeviceManagement-Enterprise-Diagnostics-Provider","MDM PolicyManager: Machine Broadcast of WM_SETTINGCHANGES to user sessions."
"19-08-2026 13:56:03","847","Information","Microsoft-Windows-DeviceManagement-Enterprise-Diagnostics-Provider","MDM PolicyManager: Machine Broadcast of WM_SETTINGCHANGES to user sessions."
"19-08-2026 13:56:03","847","Information","Microsoft-Windows-DeviceManagement-Enterprise-Diagnostics-Provider","MDM PolicyManager: Machine Broadcast of WM_SETTINGCHANGES to user sessions."
"19-08-2026 13:56:03","847","Information","Microsoft-Windows-DeviceManagement-Enterprise-Diagnostics-Provider","MDM PolicyManager: Machine Broadcast of WM_SETTINGCHANGES to user sessions."
"19-08-2026 13:56:03","847","Information","Microsoft-Windows-DeviceManagement-Enterprise-Diagnostics-Provider","MDM PolicyManager: Machine Broadcast of WM_SETTINGCHANGES to user sessions."
"19-08-2026 13:56:03","847","Information","Microsoft-Windows-DeviceManagement-Enterprise-Diagnostics-Provider","MDM PolicyManager: Machine Broadcast of WM_SETTINGCHANGES to user sessions."
"19-08-2026 13:56:03","847","Information","Microsoft-Windows-DeviceManagement-Enterprise-Diagnostics-Provider","MDM PolicyManager: Machine Broadcast of WM_SETTINGCHANGES to user sessions."
"19-08-2026 13:56:03","847","Information","Microsoft-Windows-DeviceManagement-Enterprise-Diagnostics-Provider","MDM PolicyManager: Machine Broadcast of WM_SETTINGCHANGES to user sessions."
"19-08-2026 13:56:03","847","Information","Microsoft-Windows-DeviceManagement-Enterprise-Diagnostics-Provider","MDM PolicyManager: Machine Broadcast of WM_SETTINGCHANGES to user sessions."
"19-08-2026 13:56:03","847","Information","Microsoft-Windows-DeviceManagement-Enterprise-Diagnostics-Provider","MDM PolicyManager: Machine Broadcast of WM_SETTINGCHANGES to user sessions."
"19-08-2026 13:56:03","847","Information","Microsoft-Windows-DeviceManagement-Enterprise-Diagnostics-Provider","MDM PolicyManager: Machine Broadcast of WM_SETTINGCHANGES to user sessions."
"19-08-2026 13:56:03","847","Information","Microsoft-Windows-DeviceManagement-Enterprise-Diagnostics-Provider","MDM PolicyManager: Machine Broadcast of WM_SETTINGCHANGES to user sessions."
"19-08-2026 13:56:03","847","Information","Microsoft-Windows-DeviceManagement-Enterprise-Diagnostics-Provider","MDM PolicyManager: Machine Broadcast of WM_SETTINGCHANGES to user sessions."
"19-08-2026 13:56:03","847","Information","Microsoft-Windows-DeviceManagement-Enterprise-Diagnostics-Provider","MDM PolicyManager: Machine Broadcast of WM_SETTINGCHANGES to user sessions."
"19-08-2026 13:56:03","847","Information","Microsoft-Windows-DeviceManagement-Enterprise-Diagnostics-Provider","MDM PolicyManager: Machine Broadcast of WM_SETTINGCHANGES to user sessions."
"19-08-2026 13:56:03","847","Information","Microsoft-Windows-DeviceManagement-Enterprise-Diagnostics-Provider","MDM PolicyManager: Machine Broadcast of WM_SETTINGCHANGES to user sessions."
"19-08-2026 13:56:03","847","Information","Microsoft-Windows-DeviceManagement-Enterprise-Diagnostics-Provider","MDM PolicyManager: Machine Broadcast of WM_SETTINGCHANGES to user sessions."
"19-08-2026 13:56:03","847","Information","Microsoft-Windows-DeviceManagement-Enterprise-Diagnostics-Provider","MDM PolicyManager: Machine Broadcast of WM_SETTINGCHANGES to user sessions."
"19-08-2026 13:56:03","847","Information","Microsoft-Windows-DeviceManagement-Enterprise-Diagnostics-Provider","MDM PolicyManager: Machine Broadcast of WM_SETTINGCHANGES to user sessions."
"19-08-2026 13:56:03","847","Information","Microsoft-Windows-DeviceManagement-Enterprise-Diagnostics-Provider","MDM PolicyManager: Machine Broadcast of WM_SETTINGCHANGES to user sessions."
"19-08-2026 13:56:03","847","Information","Microsoft-Windows-DeviceManagement-Enterprise-Diagnostics-Provider","MDM PolicyManager: Machine Broadcast of WM_SETTINGCHANGES to user sessions."
"19-08-2026 13:56:03","847","Information","Microsoft-Windows-DeviceManagement-Enterprise-Diagnostics-Provider","MDM PolicyManager: Machine Broadcast of WM_SETTINGCHANGES to user sessions."
"19-08-2026 13:56:03","847","Information","Microsoft-Windows-DeviceManagement-Enterprise-Diagnostics-Provider","MDM PolicyManager: Machine Broadcast of WM_SETTINGCHANGES to user sessions."
"19-08-2026 13:56:03","847","Information","Microsoft-Windows-DeviceManagement-Enterprise-Diagnostics-Provider","MDM PolicyManager: Machine Broadcast of WM_SETTINGCHANGES to user sessions."
"19-08-2026 13:56:03","847","Information","Microsoft-Windows-DeviceManagement-Enterprise-Diagnostics-Provider","MDM PolicyManager: Machine Broadcast of WM_SETTINGCHANGES to user sessions."
"19-08-2026 13:56:03","847","Information","Microsoft-Windows-DeviceManagement-Enterprise-Diagnostics-Provider","MDM PolicyManager: Machine Broadcast of WM_SETTINGCHANGES to user sessions."
"19-08-2026 13:56:03","847","Information","Microsoft-Windows-DeviceManagement-Enterprise-Diagnostics-Provider","MDM PolicyManager: Machine Broadcast of WM_SETTINGCHANGES to user sessions."
"19-08-2026 13:56:03","847","Information","Microsoft-Windows-DeviceManagement-Enterprise-Diagnostics-Provider","MDM PolicyManager: Machine Broadcast of WM_SETTINGCHANGES to user sessions."
"19-08-2026 13:56:03","847","Information","Microsoft-Windows-DeviceManagement-Enterprise-Diagnostics-Provider","MDM PolicyManager: Machine Broadcast of WM_SETTINGCHANGES to user sessions."
"19-08-2026 13:56:03","847","Information","Microsoft-Windows-DeviceManagement-Enterprise-Diagnostics-Provider","MDM PolicyManager: Machine Broadcast of WM_SETTINGCHANGES to user sessions."
"19-08-2026 13:56:03","847","Information","Microsoft-Windows-DeviceManagement-Enterprise-Diagnostics-Provider","MDM PolicyManager: Machine Broadcast of WM_SETTINGCHANGES to user sessions."
"19-08-2026 13:56:03","847","Information","Microsoft-Windows-DeviceManagement-Enterprise-Diagnostics-Provider","MDM PolicyManager: Machine Broadcast of WM_SETTINGCHANGES to user sessions."
"19-08-2026 13:56:03","847","Information","Microsoft-Windows-DeviceManagement-Enterprise-Diagnostics-Provider","MDM PolicyManager: Machine Broadcast of WM_SETTINGCHANGES to user sessions."
"19-08-2026 13:56:03","847","Information","Microsoft-Windows-DeviceManagement-Enterprise-Diagnostics-Provider","MDM PolicyManager: Machine Broadcast of WM_SETTINGCHANGES to user sessions."
"19-08-2026 13:56:03","847","Information","Microsoft-Windows-DeviceManagement-Enterprise-Diagnostics-Provider","MDM PolicyManager: Machine Broadcast of WM_SETTINGCHANGES to user sessions."
"19-08-2026 13:56:03","847","Information","Microsoft-Windows-DeviceManagement-Enterprise-Diagnostics-Provider","MDM PolicyManager: Machine Broadcast of WM_SETTINGCHANGES to user sessions."
"19-08-2026 13:56:03","847","Information","Microsoft-Windows-DeviceManagement-Enterprise-Diagnostics-Provider","MDM PolicyManager: Machine Broadcast of WM_SETTINGCHANGES to user sessions."
"19-08-2026 13:56:03","847","Information","Microsoft-Windows-DeviceManagement-Enterprise-Diagnostics-Provider","MDM PolicyManager: Machine Broadcast of WM_SETTINGCHANGES to user sessions."
"19-08-2026 13:56:03","847","Information","Microsoft-Windows-DeviceManagement-Enterprise-Diagnostics-Provider","MDM PolicyManager: Machine Broadcast of WM_SETTINGCHANGES to user sessions."
"19-08-2026 13:56:03","847","Information","Microsoft-Windows-DeviceManagement-Enterprise-Diagnostics-Provider","MDM PolicyManager: Machine Broadcast of WM_SETTINGCHANGES to user sessions."
"19-08-2026 13:56:03","847","Information","Microsoft-Windows-DeviceManagement-Enterprise-Diagnostics-Provider","MDM PolicyManager: Machine Broadcast of WM_SETTINGCHANGES to user sessions."
"19-08-2026 13:56:03","847","Information","Microsoft-Windows-DeviceManagement-Enterprise-Diagnostics-Provider","MDM PolicyManager: Machine Broadcast of WM_SETTINGCHANGES to user sessions."
"19-08-2026 13:56:03","847","Information","Microsoft-Windows-DeviceManagement-Enterprise-Diagnostics-Provider","MDM PolicyManager: Machine Broadcast of WM_SETTINGCHANGES to user sessions."
"19-08-2026 13:56:03","847","Information","Microsoft-Windows-DeviceManagement-Enterprise-Diagnostics-Provider","MDM PolicyManager: Machine Broadcast of WM_SETTINGCHANGES to user sessions."
"19-08-2026 13:56:03","847","Information","Microsoft-Windows-DeviceManagement-Enterprise-Diagnostics-Provider","MDM PolicyManager: Machine Broadcast of WM_SETTINGCHANGES to user sessions."
"19-08-2026 13:56:03","847","Information","Microsoft-Windows-DeviceManagement-Enterprise-Diagnostics-Provider","MDM PolicyManager: Machine Broadcast of WM_SETTINGCHANGES to user sessions."
"19-08-2026 13:56:03","847","Information","Microsoft-Windows-DeviceManagement-Enterprise-Diagnostics-Provider","MDM PolicyManager: Machine Broadcast of WM_SETTINGCHANGES to user sessions."
"19-08-2026 13:56:03","847","Information","Microsoft-Windows-DeviceManagement-Enterprise-Diagnostics-Provider","MDM PolicyManager: Machine Broadcast of WM_SETTINGCHANGES to user sessions."
"19-08-2026 13:56:03","847","Information","Microsoft-Windows-DeviceManagement-Enterprise-Diagnostics-Provider","MDM PolicyManager: Machine Broadcast of WM_SETTINGCHANGES to user sessions."
"19-08-2026 13:56:03","847","Information","Microsoft-Windows-DeviceManagement-Enterprise-Diagnostics-Provider","MDM PolicyManager: Machine Broadcast of WM_SETTINGCHANGES to user sessions."
"19-08-2026 13:56:03","847","Information","Microsoft-Windows-DeviceManagement-Enterprise-Diagnostics-Provider","MDM PolicyManager: Machine Broadcast of WM_SETTINGCHANGES to user sessions."
"19-08-2026 13:56:03","847","Information","Microsoft-Windows-DeviceManagement-Enterprise-Diagnostics-Provider","MDM PolicyManager: Machine Broadcast of WM_SETTINGCHANGES to user sessions."
"19-08-2026 13:56:03","847","Information","Microsoft-Windows-DeviceManagement-Enterprise-Diagnostics-Provider","MDM PolicyManager: Machine Broadcast of WM_SETTINGCHANGES to user sessions."
"19-08-2026 13:56:03","847","Information","Microsoft-Windows-DeviceManagement-Enterprise-Diagnostics-Provider","MDM PolicyManager: Machine Broadcast of WM_SETTINGCHANGES to user sessions."
"19-08-2026 13:56:03","847","Information","Microsoft-Windows-DeviceManagement-Enterprise-Diagnostics-Provider","MDM PolicyManager: Machine Broadcast of WM_SETTINGCHANGES to user sessions."
"19-08-2026 13:56:03","847","Information","Microsoft-Windows-DeviceManagement-Enterprise-Diagnostics-Provider","MDM PolicyManager: Machine Broadcast of WM_SETTINGCHANGES to user sessions."
"19-08-2026 13:56:03","847","Information","Microsoft-Windows-DeviceManagement-Enterprise-Diagnostics-Provider","MDM PolicyManager: Machine Broadcast of WM_SETTINGCHANGES to user sessions."
"19-08-2026 13:56:03","847","Information","Microsoft-Windows-DeviceManagement-Enterprise-Diagnostics-Provider","MDM PolicyManager: Machine Broadcast of WM_SETTINGCHANGES to user sessions."
"19-08-2026 13:56:03","847","Information","Microsoft-Windows-DeviceManagement-Enterprise-Diagnostics-Provider","MDM PolicyManager: Machine Broadcast of WM_SETTINGCHANGES to user sessions."
"19-08-2026 13:56:03","847","Information","Microsoft-Windows-DeviceManagement-Enterprise-Diagnostics-Provider","MDM PolicyManager: Machine Broadcast of WM_SETTINGCHANGES to user sessions."
"19-08-2026 13:56:03","847","Information","Microsoft-Windows-DeviceManagement-Enterprise-Diagnostics-Provider","MDM PolicyManager: Machine Broadcast of WM_SETTINGCHANGES to user sessions."
"19-08-2026 13:56:03","847","Information","Microsoft-Windows-DeviceManagement-Enterprise-Diagnostics-Provider","MDM PolicyManager: Machine Broadcast of WM_SETTINGCHANGES to user sessions."
"19-08-2026 13:56:03","847","Information","Microsoft-Windows-DeviceManagement-Enterprise-Diagnostics-Provider","MDM PolicyManager: Machine Broadcast of WM_SETTINGCHANGES to user sessions."
"19-08-2026 13:56:03","847","Information","Microsoft-Windows-DeviceManagement-Enterprise-Diagnostics-Provider","MDM PolicyManager: Machine Broadcast of WM_SETTINGCHANGES to user sessions."
"19-08-2026 13:56:03","847","Information","Microsoft-Windows-DeviceManagement-Enterprise-Diagnostics-Provider","MDM PolicyManager: Machine Broadcast of WM_SETTINGCHANGES to user sessions."
"19-08-2026 13:56:03","847","Information","Microsoft-Windows-DeviceManagement-Enterprise-Diagnostics-Provider","MDM PolicyManager: Machine Broadcast of WM_SETTINGCHANGES to user sessions."
"19-08-2026 13:56:03","847","Information","Microsoft-Windows-DeviceManagement-Enterprise-Diagnostics-Provider","MDM PolicyManager: Machine Broadcast of WM_SETTINGCHANGES to user sessions."
"19-08-2026 13:56:03","847","Information","Microsoft-Windows-DeviceManagement-Enterprise-Diagnostics-Provider","MDM PolicyManager: Machine Broadcast of WM_SETTINGCHANGES to user sessions."
"19-08-2026 13:56:02","800","Information","Microsoft-Windows-DeviceManagement-Enterprise-Diagnostics-Provider","MDM PolicyManager: Dedicated notification (WNF): (0xA3BCF075, 0x13920028) published for Policy: (ThreatSeverityDefaultAction)."
"19-08-2026 13:56:02","800","Information","Microsoft-Windows-DeviceManagement-Enterprise-Diagnostics-Provider","MDM PolicyManager: Dedicated notification (WNF): (0xA3BCF075, 0x13920028) published for Policy: (ExcludedProcesses)."
"19-08-2026 13:56:02","800","Information","Microsoft-Windows-DeviceManagement-Enterprise-Diagnostics-Provider","MDM PolicyManager: Dedicated notification (WNF): (0xA3BCF075, 0x13920028) published for Policy: (ExcludedPaths)."
"19-08-2026 13:56:02","800","Information","Microsoft-Windows-DeviceManagement-Enterprise-Diagnostics-Provider","MDM PolicyManager: Dedicated notification (WNF): (0xA3BCF075, 0x13920028) published for Policy: (ExcludedExtensions)."
"19-08-2026 13:56:02","800","Information","Microsoft-Windows-DeviceManagement-Enterprise-Diagnostics-Provider","MDM PolicyManager: Dedicated notification (WNF): (0xA3BCF075, 0x13920028) published for Policy: (ControlledFolderAccessProtectedFolders)."
"19-08-2026 13:56:02","800","Information","Microsoft-Windows-DeviceManagement-Enterprise-Diagnostics-Provider","MDM PolicyManager: Dedicated notification (WNF): (0xA3BCF075, 0x13920028) published for Policy: (ControlledFolderAccessAllowedApplications)."
"19-08-2026 13:56:02","800","Information","Microsoft-Windows-DeviceManagement-Enterprise-Diagnostics-Provider","MDM PolicyManager: Dedicated notification (WNF): (0xA3BCF075, 0x13920028) published for Policy: (AttackSurfaceReductionRules)."
"19-08-2026 13:56:02","800","Information","Microsoft-Windows-DeviceManagement-Enterprise-Diagnostics-Provider","MDM PolicyManager: Dedicated notification (WNF): (0xA3BCF075, 0x13920028) published for Policy: (AttackSurfaceReductionOnlyExclusions)."
"19-08-2026 13:56:02","804","Information","Microsoft-Windows-DeviceManagement-Enterprise-Diagnostics-Provider","MDM PolicyManager: Dedicated notification (WNF) WNF_ENTR_REQUIRE_DEVICE_ENCRYPTION_POLICY_VALUE_CHANGED published."
"19-08-2026 13:56:02","800","Information","Microsoft-Windows-DeviceManagement-Enterprise-Diagnostics-Provider","MDM PolicyManager: Dedicated notification (WNF): (0xA3BC4075, 0x4183182B) published for Policy: (RequireDeviceEncryption)."
"19-08-2026 13:56:01","800","Information","Microsoft-Windows-DeviceManagement-Enterprise-Diagnostics-Provider","MDM PolicyManager: Dedicated notification (WNF): (0xA3BCF065, 0x41C64E6D) published for Policy: (Power/Policy/Settings/PCIExpress/SchemePersonality/381b4222-f694-41f0-9685-ff5bb260df2e/Setting/ASPM/DcValue)."
"19-08-2026 13:56:01","800","Information","Microsoft-Windows-DeviceManagement-Enterprise-Diagnostics-Provider","MDM PolicyManager: Dedicated notification (WNF): (0xA3BCE865, 0x41C64E6D) published for Policy: (Power/Policy/Settings/PCIExpress/SchemePersonality/381b4222-f694-41f0-9685-ff5bb260df2e/Setting/ASPM/AcValue)."
"19-08-2026 13:56:01","800","Information","Microsoft-Windows-DeviceManagement-Enterprise-Diagnostics-Provider","MDM PolicyManager: Dedicated notification (WNF): (0xA3BCA065, 0x41C64E6D) published for Policy: (Power/Policy/Settings/Display/SchemePersonality/8c5e7fda-e8bf-4a96-9a85-a6e23a8c635c/Setting/IdleTimeout/DcValue)."
"19-08-2026 13:56:01","800","Information","Microsoft-Windows-DeviceManagement-Enterprise-Diagnostics-Provider","MDM PolicyManager: Dedicated notification (WNF): (0xA3BC9865, 0x41C64E6D) published for Policy: (Power/Policy/Settings/Display/SchemePersonality/8c5e7fda-e8bf-4a96-9a85-a6e23a8c635c/Setting/IdleTimeout/AcValue)."
"19-08-2026 13:28:16","4009","Information","Microsoft-Windows-DeviceManagement-Enterprise-Diagnostics-Provider","DcSvc: Service status updated. Current state: (0x1), Exit code: (0x0), Wait hint: (0x0)."
"19-08-2026 13:28:16","4009","Information","Microsoft-Windows-DeviceManagement-Enterprise-Diagnostics-Provider","DcSvc: Service status updated. Current state: (0x3), Exit code: (0x0), Wait hint: (0x0)."
"19-08-2026 13:26:16","4009","Information","Microsoft-Windows-DeviceManagement-Enterprise-Diagnostics-Provider","DcSvc: Service status updated. Current state: (0x4), Exit code: (0x0), Wait hint: (0x0)."
"19-08-2026 13:26:16","4000","Information","Microsoft-Windows-DeviceManagement-Enterprise-Diagnostics-Provider","DcSvc: Successfully initialized service. Result: (The operation completed successfully.)."
"19-08-2026 13:26:16","4009","Information","Microsoft-Windows-DeviceManagement-Enterprise-Diagnostics-Provider","DcSvc: Service status updated. Current state: (0x2), Exit code: (0x0), Wait hint: (0x64)."
"19-08-2026 13:26:16","4019","Information","Microsoft-Windows-DeviceManagement-Enterprise-Diagnostics-Provider","DcSvc: Service is being initialized."
"19-08-2026 13:15:10","514","Information","Microsoft-Windows-DeviceManagement-Pushrouter","DmWapPushService: Service status updated. Current state: (0x1), Exit code: (0x0), Wait hint: (0x0)."
"19-08-2026 13:15:10","520","Information","Microsoft-Windows-DeviceManagement-Pushrouter","DmWapPushService: Successfully uninitialized service. Result: (The operation completed successfully.)."
"19-08-2026 13:15:10","513","Information","Microsoft-Windows-DeviceManagement-Pushrouter","DmWapPushService: Initialized idle stop-start for DmWapPushService."
"19-08-2026 13:15:10","522","Information","Microsoft-Windows-DeviceManagement-Pushrouter","DmWapPushService: Successfully unregistered service's RPC interface. Result: (The operation completed successfully.)."
"19-08-2026 13:15:10","108","Information","Microsoft-Windows-DeviceManagement-Pushrouter","MDM PushRouter Service: Successfully closed RPC Server Interface group. Result: (The operation completed successfully.)."
"19-08-2026 13:15:10","106","Information","Microsoft-Windows-DeviceManagement-Pushrouter","MDM PushRouter Service: Successfully deactivated RPC Server Interface group. Result: (The operation completed successfully.)."
"19-08-2026 13:15:10","514","Information","Microsoft-Windows-DeviceManagement-Pushrouter","DmWapPushService: Service status updated. Current state: (0x3), Exit code: (0x0), Wait hint: (0x0)."
"19-08-2026 13:15:10","510","Information","Microsoft-Windows-DeviceManagement-Pushrouter","DmWapPushService: No pending RPC clients remain."
"19-08-2026 13:15:10","111","Information","Microsoft-Windows-DeviceManagement-Pushrouter","MDM PushRouter Service: Number of PushRouter clients remaining: (0x0). Operation: (Checking if all clients are handled)."
"19-08-2026 13:13:25","112","Information","Microsoft-Windows-DeviceManagement-Pushrouter","MDM PushRouter Service: All clients handled. Number of PushRouter clients remaining: (0x0)."
"19-08-2026 13:13:25","110","Information","Microsoft-Windows-DeviceManagement-Pushrouter","MDM PushRouter Service: PushRouter RPC interface Idle status changed. Is group idle: (0x1)."
"19-08-2026 13:13:15","4009","Information","Microsoft-Windows-DeviceManagement-Enterprise-Diagnostics-Provider","DcSvc: Service status updated. Current state: (0x1), Exit code: (0x0), Wait hint: (0x0)."
"19-08-2026 13:13:15","4009","Information","Microsoft-Windows-DeviceManagement-Enterprise-Diagnostics-Provider","DcSvc: Service status updated. Current state: (0x3), Exit code: (0x0), Wait hint: (0x0)."
"19-08-2026 13:13:10","511","Information","Microsoft-Windows-DeviceManagement-Pushrouter","DmWapPushService: Setting the timer to check if all RPC clients are handled to fire after (0x78) seconds."
"19-08-2026 13:13:10","509","Information","Microsoft-Windows-DeviceManagement-Pushrouter","DmWapPushService: There are pending RPC clients currently."
"19-08-2026 13:13:10","111","Information","Microsoft-Windows-DeviceManagement-Pushrouter","MDM PushRouter Service: Number of PushRouter clients remaining: (0x1). Operation: (Checking if all clients are handled)."
"19-08-2026 13:11:25","129","Information","Microsoft-Windows-DeviceManagement-Pushrouter","MDM PushRouter Service: PushRouter close called by a client interacting with it succeeded. Client id: (PC5), Result: (The operation completed successfully.)."
"19-08-2026 13:11:15","131","Information","Microsoft-Windows-DeviceManagement-Pushrouter","MDM PushRouter Service: A client initiated a get message operation from PushRouter."
"19-08-2026 13:11:15","265","Information","Microsoft-Windows-DeviceManagement-Enterprise-Diagnostics-Provider","MDM Session: OMA-DM sessions triggered: User SID (NULL), Account ID(386F60E8-6817-4304-B348-3E8545F3B70A), Initiation ID(Software\Microsoft\Provisioning\OMADM\Sessions\386F60E8-6817-4304-B348-3E8545F3B70A\{FA938DDB-1494-4976-8C3B-5F819AAF64E8}), Parent Initiation ID(NULL), Origin(3), Session ID(0), Sessions Queued (0), Session Result (The operation completed successfully.), Result(The operation completed successfully.)."
"19-08-2026 13:11:15","4009","Information","Microsoft-Windows-DeviceManagement-Enterprise-Diagnostics-Provider","DcSvc: Service status updated. Current state: (0x4), Exit code: (0x0), Wait hint: (0x0)."
"19-08-2026 13:11:15","4000","Information","Microsoft-Windows-DeviceManagement-Enterprise-Diagnostics-Provider","DcSvc: Successfully initialized service. Result: (The operation completed successfully.)."
"19-08-2026 13:11:15","4009","Information","Microsoft-Windows-DeviceManagement-Enterprise-Diagnostics-Provider","DcSvc: Service status updated. Current state: (0x2), Exit code: (0x0), Wait hint: (0x64)."
"19-08-2026 13:11:15","4019","Information","Microsoft-Windows-DeviceManagement-Enterprise-Diagnostics-Provider","DcSvc: Service is being initialized."
"19-08-2026 13:11:13","300","Information","Microsoft-Windows-DeviceManagement-Pushrouter","MDM Common Utility for Policies: Policy query. Policy ID: (0x1022), Policy Value: (0x0), Result: (The operation completed successfully.)."
"19-08-2026 13:11:10","132","Information","Microsoft-Windows-DeviceManagement-Pushrouter","MDM PushRouter Service: A client was able to successfully get a message from PushRouter. Content Type: (application/vnd.syncml.notification), App Id: (NULL), Source Address: (), Client ID: (PC5), Security Account: (OmaDmClient_Enterprise), Message origin: (0x3), Result: (The operation completed successfully.)."
"19-08-2026 13:11:10","131","Information","Microsoft-Windows-DeviceManagement-Pushrouter","MDM PushRouter Service: A client initiated a get message operation from PushRouter."
"19-08-2026 13:11:10","116","Information","Microsoft-Windows-DeviceManagement-Pushrouter","MDM PushRouter Service: PushRouter::Open called by a client needing to interact with PushRouter succeeded. Client id: (PC5), Content Type: (application/vnd.syncml.notification):, App Id: (x-wap-application:syncml.dm), Result: (The operation completed successfully.)."
"19-08-2026 13:11:10","123","Information","Microsoft-Windows-DeviceManagement-Pushrouter","MDM PushRouter Service: PushRouter was created successfully. Result: (The operation completed successfully.)."
"19-08-2026 13:11:10","115","Information","Microsoft-Windows-DeviceManagement-Pushrouter","MDM PushRouter Service: PushRouter::Open called by a client needing a handle to PushRouter."
"19-08-2026 13:11:10","150","Information","Microsoft-Windows-DeviceManagement-Pushrouter","MDM PushRouter Service: Successfully routed a new message. Result: (The operation completed successfully.)."
"19-08-2026 13:11:10","147","Information","Microsoft-Windows-DeviceManagement-Pushrouter","MDM PushRouter Service: Message routed successfully. Content: (application/vnd.syncml.notification), Application: (NULL), Sender: (NULL), Client: (PC5), Queue Id: (1), Result: (The operation completed successfully.)."
"19-08-2026 13:11:10","145","Information","Microsoft-Windows-DeviceManagement-Pushrouter","MDM PushRouter Service: PushRouter started routing a message."
"19-08-2026 13:11:10","155","Information","Microsoft-Windows-DeviceManagement-Pushrouter","MDM PushRouter Authentication: Message authenticated successfully. Name: (SecProviders.SyncMLSecProvider), Security account name: (OmaDmClient_Enterprise), Message headers: (Content-Type: application/vnd.syncml.notification
X-Wap-Application-Id: x-wap-application:syncml.dm), Sender address: (NULL), Role: (0x20), Result: (The operation completed successfully.)."
"19-08-2026 13:11:10","167","Information","Microsoft-Windows-DeviceManagement-Pushrouter","MDM PushRouter Authentication: SyncMl Authentication succeeded. Headers: (Content-Type: application/vnd.syncml.notification
X-Wap-Application-Id: x-wap-application:syncml.dm), Message Body size: (0x3C), Result: (The operation completed successfully.)."
"19-08-2026 13:11:10","169","Information","Microsoft-Windows-DeviceManagement-Pushrouter","MDM PushRouter Authentication: Getting ServerID from the trigger succeeded. Result: (The operation completed successfully.)."
"19-08-2026 13:11:10","171","Information","Microsoft-Windows-DeviceManagement-Pushrouter","MDM PushRouter Authentication: Validating trigger succeeded. Result: (The operation completed successfully.)."
"19-08-2026 13:11:10","173","Information","Microsoft-Windows-DeviceManagement-Pushrouter","MDM PushRouter Authentication: Validating nonce succeeded. Type of nonce: (Regular), Result: (The operation completed successfully.)."
"19-08-2026 13:11:10","169","Information","Microsoft-Windows-DeviceManagement-Pushrouter","MDM PushRouter Authentication: Getting ServerID from the trigger succeeded. Result: (The operation completed successfully.)."
"19-08-2026 13:11:10","152","Information","Microsoft-Windows-DeviceManagement-Pushrouter","MDM PushRouter Authentication: Loaded an authentication provider. Name: (SecProviders.SyncMLSecProvider)."
"19-08-2026 13:11:10","148","Information","Microsoft-Windows-DeviceManagement-Pushrouter","MDM PushRouter Service: PushRouter started routing a new message."
"19-08-2026 13:11:10","121","Information","Microsoft-Windows-DeviceManagement-Pushrouter","MDM PushRouter Service: PushRouter was submitted a message by a RPC client. Message submission succeeded. Message origin: (0x3), Result: (The operation completed successfully.)."
