"03-08-2026 14:20:38","177","Information","Microsoft-Windows-Audio","Received console locked notification"
"03-08-2026 14:20:34","179","Information","Microsoft-Windows-Audio","Received session display notification"
"03-08-2026 14:20:33","180","Information","Microsoft-Windows-Audio","Received Po AudioStandby request"
"03-08-2026 14:19:47","180","Information","Microsoft-Windows-Audio","Received Po AudioStandby request"
"03-08-2026 13:20:02","179","Information","Microsoft-Windows-Audio","Received session display notification"
"03-08-2026 13:19:31","177","Information","Microsoft-Windows-Audio","Received console locked notification"
"03-08-2026 13:19:03","177","Information","Microsoft-Windows-Audio","Received console locked notification"
"03-08-2026 13:18:55","177","Information","Microsoft-Windows-Audio","Received console locked notification"
"03-08-2026 13:18:24","179","Information","Microsoft-Windows-Audio","Received session display notification"
"03-08-2026 13:07:25","179","Information","Microsoft-Windows-Audio","Received session display notification"
"03-08-2026 13:07:09","179","Information","Microsoft-Windows-Audio","Received session display notification"
"03-08-2026 13:04:18","179","Information","Microsoft-Windows-Audio","Received session display notification"
"03-08-2026 13:04:04","179","Information","Microsoft-Windows-Audio","Received session display notification"
"03-08-2026 13:03:49","179","Information","Microsoft-Windows-Audio","Received session display notification"
"03-08-2026 12:54:46","179","Information","Microsoft-Windows-Audio","Received session display notification"
"03-08-2026 12:54:34","179","Information","Microsoft-Windows-Audio","Received session display notification"
"03-08-2026 12:51:47","179","Information","Microsoft-Windows-Audio","Received session display notification"
"03-08-2026 12:51:35","179","Information","Microsoft-Windows-Audio","Received session display notification"
"03-08-2026 12:48:14","179","Information","Microsoft-Windows-Audio","Received session display notification"
"03-08-2026 12:40:10","179","Information","Microsoft-Windows-Audio","Received session display notification"
"03-08-2026 12:39:54","179","Information","Microsoft-Windows-Audio","Received session display notification"
"03-08-2026 12:33:46","177","Information","Microsoft-Windows-Audio","Received console locked notification"
"03-08-2026 12:33:43","179","Information","Microsoft-Windows-Audio","Received session display notification"
"03-08-2026 11:54:00","179","Information","Microsoft-Windows-Audio","Received session display notification"
"03-08-2026 11:53:29","177","Information","Microsoft-Windows-Audio","Received console locked notification"
"03-08-2026 11:53:29","179","Information","Microsoft-Windows-Audio","Received session display notification"
"03-08-2026 11:41:30","179","Information","Microsoft-Windows-Audio","Received session display notification"
"03-08-2026 11:41:14","179","Information","Microsoft-Windows-Audio","Received session display notification"
"03-08-2026 11:38:29","65","Information","Microsoft-Windows-Audio","MMDevAPI: Audio device state changed"
"03-08-2026 11:04:30","65","Information","Microsoft-Windows-Audio","MMDevAPI: Audio device state changed"
"03-08-2026 11:04:30","177","Information","Microsoft-Windows-Audio","Received console locked notification"
"03-08-2026 11:04:27","179","Information","Microsoft-Windows-Audio","Received session display notification"
"03-08-2026 10:32:03","179","Information","Microsoft-Windows-Audio","Received session display notification"
"03-08-2026 10:31:58","65","Information","Microsoft-Windows-Audio","MMDevAPI: Audio device state changed"
"03-08-2026 10:31:32","177","Information","Microsoft-Windows-Audio","Received console locked notification"
"03-08-2026 10:17:07","177","Information","Microsoft-Windows-Audio","Received console locked notification"
"03-08-2026 10:17:05","65","Information","Microsoft-Windows-Audio","MMDevAPI: Audio device state changed"
"03-08-2026 10:17:03","179","Information","Microsoft-Windows-Audio","Received session display notification"
"03-08-2026 10:16:37","179","Information","Microsoft-Windows-Audio","Received session display notification"
"03-08-2026 10:16:32","65","Information","Microsoft-Windows-Audio","MMDevAPI: Audio device state changed"
"03-08-2026 10:16:08","65","Information","Microsoft-Windows-Audio","MMDevAPI: Audio device state changed"
"03-08-2026 10:16:06","179","Information","Microsoft-Windows-Audio","Received session display notification"
"03-08-2026 10:16:05","177","Information","Microsoft-Windows-Audio","Received console locked notification"
"03-08-2026 10:06:05","179","Information","Microsoft-Windows-Audio","Received session display notification"
"03-08-2026 10:06:00","65","Information","Microsoft-Windows-Audio","MMDevAPI: Audio device state changed"
"03-08-2026 10:05:50","179","Information","Microsoft-Windows-Audio","Received session display notification"
"03-08-2026 09:52:22","177","Information","Microsoft-Windows-Audio","Received console locked notification"
"03-08-2026 09:52:20","65","Information","Microsoft-Windows-Audio","MMDevAPI: Audio device state changed"
"03-08-2026 09:52:17","179","Information","Microsoft-Windows-Audio","Received session display notification"
"03-08-2026 09:46:34","179","Information","Microsoft-Windows-Audio","Received session display notification"
"03-08-2026 09:46:33","65","Information","Microsoft-Windows-Audio","MMDevAPI: Audio device state changed"
"03-08-2026 09:46:10","65","Information","Microsoft-Windows-Audio","MMDevAPI: Audio device state changed"
"03-08-2026 09:46:08","179","Information","Microsoft-Windows-Audio","Received session display notification"
"03-08-2026 09:46:07","179","Information","Microsoft-Windows-Audio","Received session display notification"
"03-08-2026 09:46:06","65","Information","Microsoft-Windows-Audio","MMDevAPI: Audio device state changed"
"03-08-2026 09:45:44","65","Information","Microsoft-Windows-Audio","MMDevAPI: Audio device state changed"
"03-08-2026 09:45:41","179","Information","Microsoft-Windows-Audio","Received session display notification"
"03-08-2026 09:33:44","179","Information","Microsoft-Windows-Audio","Received session display notification"
"03-08-2026 09:33:40","65","Information","Microsoft-Windows-Audio","MMDevAPI: Audio device state changed"
"03-08-2026 09:33:12","177","Information","Microsoft-Windows-Audio","Received console locked notification"
"03-08-2026 09:26:19","179","Information","Microsoft-Windows-Audio","Received session display notification"
"03-08-2026 09:26:19","178","Information","Microsoft-Windows-Audio","Global user presence detected"
"03-08-2026 09:26:05","65","Information","Microsoft-Windows-Audio","MMDevAPI: Audio device state changed"
"03-08-2026 09:26:04","65","Information","Microsoft-Windows-Audio","MMDevAPI: Audio device state changed"
"03-08-2026 09:26:04","65","Information","Microsoft-Windows-Audio","MMDevAPI: Audio device state changed"
"03-08-2026 09:26:04","180","Information","Microsoft-Windows-Audio","Received Po AudioStandby request"
"03-08-2026 09:26:04","65","Information","Microsoft-Windows-Audio","MMDevAPI: Audio device state changed"
"03-08-2026 09:26:04","65","Information","Microsoft-Windows-Audio","MMDevAPI: Audio device state changed"
"03-08-2026 09:26:04","65","Information","Microsoft-Windows-Audio","MMDevAPI: Audio device state changed"
"03-08-2026 09:26:04","65","Information","Microsoft-Windows-Audio","MMDevAPI: Audio device state changed"
"03-08-2026 09:26:04","65","Information","Microsoft-Windows-Audio","MMDevAPI: Audio device state changed"
"03-08-2026 09:26:04","65","Information","Microsoft-Windows-Audio","MMDevAPI: Audio device state changed"
"31-07-2026 18:35:50","65","Information","Microsoft-Windows-Audio","MMDevAPI: Audio device state changed"
"31-07-2026 18:35:50","65","Information","Microsoft-Windows-Audio","MMDevAPI: Audio device state changed"
"31-07-2026 18:35:43","179","Information","Microsoft-Windows-Audio","Received session display notification"
"31-07-2026 18:35:42","65","Information","Microsoft-Windows-Audio","MMDevAPI: Audio device state changed"
"31-07-2026 18:27:25","177","Information","Microsoft-Windows-Audio","Received console locked notification"
"31-07-2026 18:27:24","65","Information","Microsoft-Windows-Audio","MMDevAPI: Audio device state changed"
"31-07-2026 18:27:21","179","Information","Microsoft-Windows-Audio","Received session display notification"
"31-07-2026 18:01:17","179","Information","Microsoft-Windows-Audio","Received session display notification"
"31-07-2026 18:01:12","65","Information","Microsoft-Windows-Audio","MMDevAPI: Audio device state changed"
"31-07-2026 18:00:46","177","Information","Microsoft-Windows-Audio","Received console locked notification"
"31-07-2026 16:07:09","65","Information","Microsoft-Windows-Audio","MMDevAPI: Audio device state changed"
"31-07-2026 16:06:36","65","Information","Microsoft-Windows-Audio","MMDevAPI: Audio device state changed"
"31-07-2026 16:06:36","65","Information","Microsoft-Windows-Audio","MMDevAPI: Audio device state changed"
"31-07-2026 16:06:09","179","Information","Microsoft-Windows-Audio","Received session display notification"
"31-07-2026 15:59:34","179","Information","Microsoft-Windows-Audio","Received session display notification"
"31-07-2026 15:59:19","179","Information","Microsoft-Windows-Audio","Received session display notification"
"31-07-2026 15:56:25","177","Information","Microsoft-Windows-Audio","Received console locked notification"
"31-07-2026 15:56:21","179","Information","Microsoft-Windows-Audio","Received session display notification"
"31-07-2026 15:28:45","179","Information","Microsoft-Windows-Audio","Received session display notification"
"31-07-2026 15:28:15","177","Information","Microsoft-Windows-Audio","Received console locked notification"
"31-07-2026 15:28:14","179","Information","Microsoft-Windows-Audio","Received session display notification"
"31-07-2026 15:16:14","179","Information","Microsoft-Windows-Audio","Received session display notification"
"31-07-2026 15:15:59","179","Information","Microsoft-Windows-Audio","Received session display notification"
"31-07-2026 15:13:14","177","Information","Microsoft-Windows-Audio","Received console locked notification"
"31-07-2026 15:12:43","177","Information","Microsoft-Windows-Audio","Received console locked notification"
"31-07-2026 15:12:43","179","Information","Microsoft-Windows-Audio","Received session display notification"
"31-07-2026 15:10:04","179","Information","Microsoft-Windows-Audio","Received session display notification"
"31-07-2026 15:09:49","179","Information","Microsoft-Windows-Audio","Received session display notification"
"31-07-2026 15:07:04","179","Information","Microsoft-Windows-Audio","Received session display notification"
"31-07-2026 15:00:42","179","Information","Microsoft-Windows-Audio","Received session display notification"
"31-07-2026 15:00:27","179","Information","Microsoft-Windows-Audio","Received session display notification"
"31-07-2026 14:56:19","177","Information","Microsoft-Windows-Audio","Received console locked notification"
"31-07-2026 14:56:17","179","Information","Microsoft-Windows-Audio","Received session display notification"
"31-07-2026 13:56:47","179","Information","Microsoft-Windows-Audio","Received session display notification"
"31-07-2026 13:56:16","177","Information","Microsoft-Windows-Audio","Received console locked notification"
"31-07-2026 13:30:02","177","Information","Microsoft-Windows-Audio","Received console locked notification"
"31-07-2026 13:29:59","179","Information","Microsoft-Windows-Audio","Received session display notification"
"31-07-2026 12:36:37","179","Information","Microsoft-Windows-Audio","Received session display notification"
"31-07-2026 12:36:06","179","Information","Microsoft-Windows-Audio","Received session display notification"
"31-07-2026 12:36:06","177","Information","Microsoft-Windows-Audio","Received console locked notification"
"31-07-2026 12:24:05","179","Information","Microsoft-Windows-Audio","Received session display notification"
"31-07-2026 12:23:50","179","Information","Microsoft-Windows-Audio","Received session display notification"
"31-07-2026 12:18:17","179","Information","Microsoft-Windows-Audio","Received session display notification"
"31-07-2026 12:16:42","179","Information","Microsoft-Windows-Audio","Received session display notification"
"31-07-2026 12:16:27","179","Information","Microsoft-Windows-Audio","Received session display notification"
"31-07-2026 12:07:12","177","Information","Microsoft-Windows-Audio","Received console locked notification"
"31-07-2026 12:07:08","179","Information","Microsoft-Windows-Audio","Received session display notification"
"31-07-2026 11:17:38","179","Information","Microsoft-Windows-Audio","Received session display notification"
"31-07-2026 11:17:08","177","Information","Microsoft-Windows-Audio","Received console locked notification"
"31-07-2026 11:17:06","177","Information","Microsoft-Windows-Audio","Received console locked notification"
"31-07-2026 11:17:01","177","Information","Microsoft-Windows-Audio","Received console locked notification"
"31-07-2026 11:09:01","179","Information","Microsoft-Windows-Audio","Received session display notification"
"31-07-2026 11:05:04","179","Information","Microsoft-Windows-Audio","Received session display notification"
"31-07-2026 11:04:49","179","Information","Microsoft-Windows-Audio","Received session display notification"
"31-07-2026 10:43:03","177","Information","Microsoft-Windows-Audio","Received console locked notification"
"31-07-2026 10:42:36","179","Information","Microsoft-Windows-Audio","Received session display notification"
"31-07-2026 10:42:36","177","Information","Microsoft-Windows-Audio","Received console locked notification"
"31-07-2026 10:30:35","179","Information","Microsoft-Windows-Audio","Received session display notification"
"31-07-2026 10:30:20","179","Information","Microsoft-Windows-Audio","Received session display notification"
"31-07-2026 10:26:00","177","Information","Microsoft-Windows-Audio","Received console locked notification"
"31-07-2026 10:25:38","179","Information","Microsoft-Windows-Audio","Received session display notification"
"31-07-2026 10:22:40","179","Information","Microsoft-Windows-Audio","Received session display notification"
"31-07-2026 10:22:35","65","Information","Microsoft-Windows-Audio","MMDevAPI: Audio device state changed"
"31-07-2026 10:21:59","177","Information","Microsoft-Windows-Audio","Received console locked notification"
"31-07-2026 10:03:12","65","Information","Microsoft-Windows-Audio","MMDevAPI: Audio device state changed"
"31-07-2026 10:03:08","179","Information","Microsoft-Windows-Audio","Received session display notification"
"31-07-2026 10:03:07","179","Information","Microsoft-Windows-Audio","Received session display notification"
"31-07-2026 10:03:02","65","Information","Microsoft-Windows-Audio","MMDevAPI: Audio device state changed"
"31-07-2026 10:02:52","179","Information","Microsoft-Windows-Audio","Received session display notification"
"31-07-2026 09:45:09","179","Information","Microsoft-Windows-Audio","Received session display notification"
"31-07-2026 09:45:09","178","Information","Microsoft-Windows-Audio","Global user presence detected"
"31-07-2026 09:44:24","65","Information","Microsoft-Windows-Audio","MMDevAPI: Audio device state changed"
"31-07-2026 09:44:24","65","Information","Microsoft-Windows-Audio","MMDevAPI: Audio device state changed"
"31-07-2026 09:44:24","65","Information","Microsoft-Windows-Audio","MMDevAPI: Audio device state changed"
"31-07-2026 09:44:24","180","Information","Microsoft-Windows-Audio","Received Po AudioStandby request"
"31-07-2026 09:44:24","65","Information","Microsoft-Windows-Audio","MMDevAPI: Audio device state changed"
"31-07-2026 09:44:24","65","Information","Microsoft-Windows-Audio","MMDevAPI: Audio device state changed"
"31-07-2026 09:44:23","65","Information","Microsoft-Windows-Audio","MMDevAPI: Audio device state changed"
"31-07-2026 09:44:23","65","Information","Microsoft-Windows-Audio","MMDevAPI: Audio device state changed"
"31-07-2026 09:44:23","65","Information","Microsoft-Windows-Audio","MMDevAPI: Audio device state changed"
"31-07-2026 09:44:23","65","Information","Microsoft-Windows-Audio","MMDevAPI: Audio device state changed"
"31-07-2026 09:44:23","65","Information","Microsoft-Windows-Audio","MMDevAPI: Audio device state changed"
"31-07-2026 09:32:03","65","Information","Microsoft-Windows-Audio","MMDevAPI: Audio device state changed"
"31-07-2026 09:32:01","177","Information","Microsoft-Windows-Audio","Received console locked notification"
"31-07-2026 09:31:55","179","Information","Microsoft-Windows-Audio","Received session display notification"
"31-07-2026 09:30:13","65","Information","Microsoft-Windows-Audio","MMDevAPI: Audio device state changed"
"31-07-2026 09:30:07","179","Information","Microsoft-Windows-Audio","Received session display notification"
"31-07-2026 09:29:24","65","Information","Microsoft-Windows-Audio","MMDevAPI: Audio device state changed"
"31-07-2026 09:29:19","179","Information","Microsoft-Windows-Audio","Received session display notification"
"31-07-2026 04:44:24","180","Information","Microsoft-Windows-Audio","Received Po AudioStandby request"
"30-07-2026 19:57:58","180","Information","Microsoft-Windows-Audio","Received Po AudioStandby request"
"30-07-2026 19:57:53","180","Information","Microsoft-Windows-Audio","Received Po AudioStandby request"
"30-07-2026 19:46:56","180","Information","Microsoft-Windows-Audio","Received Po AudioStandby request"
"30-07-2026 18:47:18","179","Information","Microsoft-Windows-Audio","Received session display notification"
"30-07-2026 18:46:45","177","Information","Microsoft-Windows-Audio","Received console locked notification"
"30-07-2026 18:46:41","179","Information","Microsoft-Windows-Audio","Received session display notification"
"30-07-2026 18:46:41","180","Information","Microsoft-Windows-Audio","Received Po AudioStandby request"
"30-07-2026 18:46:38","180","Information","Microsoft-Windows-Audio","Received Po AudioStandby request"
"30-07-2026 18:46:38","179","Information","Microsoft-Windows-Audio","Received session display notification"
"30-07-2026 18:40:27","65","Information","Microsoft-Windows-Audio","MMDevAPI: Audio device state changed"
"30-07-2026 18:37:14","65","Information","Microsoft-Windows-Audio","MMDevAPI: Audio device state changed"
"30-07-2026 18:35:06","179","Information","Microsoft-Windows-Audio","Received session display notification"
"30-07-2026 18:24:47","179","Information","Microsoft-Windows-Audio","Received session display notification"
"30-07-2026 18:24:32","179","Information","Microsoft-Windows-Audio","Received session display notification"
"30-07-2026 18:17:26","177","Information","Microsoft-Windows-Audio","Received console locked notification"
"30-07-2026 18:17:19","179","Information","Microsoft-Windows-Audio","Received session display notification"
"30-07-2026 18:17:19","180","Information","Microsoft-Windows-Audio","Received Po AudioStandby request"
"30-07-2026 18:16:18","180","Information","Microsoft-Windows-Audio","Received Po AudioStandby request"
"30-07-2026 17:33:40","65","Information","Microsoft-Windows-Audio","MMDevAPI: Audio device state changed"
"30-07-2026 17:33:40","65","Information","Microsoft-Windows-Audio","MMDevAPI: Audio device state changed"
"30-07-2026 17:16:21","179","Information","Microsoft-Windows-Audio","Received session display notification"
"30-07-2026 17:16:17","65","Information","Microsoft-Windows-Audio","MMDevAPI: Audio device state changed"
"30-07-2026 17:15:48","177","Information","Microsoft-Windows-Audio","Received console locked notification"
"30-07-2026 16:27:45","65","Information","Microsoft-Windows-Audio","MMDevAPI: Audio device state changed"
"30-07-2026 16:27:42","179","Information","Microsoft-Windows-Audio","Received session display notification"
"30-07-2026 16:26:56","179","Information","Microsoft-Windows-Audio","Received session display notification"
"30-07-2026 16:26:51","65","Information","Microsoft-Windows-Audio","MMDevAPI: Audio device state changed"
"30-07-2026 16:26:45","65","Information","Microsoft-Windows-Audio","MMDevAPI: Audio device state changed"
"30-07-2026 16:26:45","65","Information","Microsoft-Windows-Audio","MMDevAPI: Audio device state changed"
"30-07-2026 16:26:41","179","Information","Microsoft-Windows-Audio","Received session display notification"
"30-07-2026 16:21:45","65","Information","Microsoft-Windows-Audio","MMDevAPI: Audio device state changed"
"30-07-2026 16:21:38","179","Information","Microsoft-Windows-Audio","Received session display notification"
"30-07-2026 16:19:10","179","Information","Microsoft-Windows-Audio","Received session display notification"
"30-07-2026 16:18:55","179","Information","Microsoft-Windows-Audio","Received session display notification"
"30-07-2026 16:08:55","179","Information","Microsoft-Windows-Audio","Received session display notification"
"30-07-2026 16:07:05","179","Information","Microsoft-Windows-Audio","Received session display notification"
"30-07-2026 16:06:50","179","Information","Microsoft-Windows-Audio","Received session display notification"
"30-07-2026 16:04:03","179","Information","Microsoft-Windows-Audio","Received session display notification"
"30-07-2026 16:04:00","179","Information","Microsoft-Windows-Audio","Received session display notification"
"30-07-2026 15:59:26","179","Information","Microsoft-Windows-Audio","Received session display notification"
"30-07-2026 15:57:39","179","Information","Microsoft-Windows-Audio","Received session display notification"
"30-07-2026 15:57:24","179","Information","Microsoft-Windows-Audio","Received session display notification"
"30-07-2026 15:45:15","177","Information","Microsoft-Windows-Audio","Received console locked notification"
"30-07-2026 15:45:11","179","Information","Microsoft-Windows-Audio","Received session display notification"
"30-07-2026 15:20:11","179","Information","Microsoft-Windows-Audio","Received session display notification"
"30-07-2026 15:19:40","179","Information","Microsoft-Windows-Audio","Received session display notification"
"30-07-2026 15:19:40","177","Information","Microsoft-Windows-Audio","Received console locked notification"
"30-07-2026 15:07:39","179","Information","Microsoft-Windows-Audio","Received session display notification"
"30-07-2026 15:07:24","179","Information","Microsoft-Windows-Audio","Received session display notification"
"30-07-2026 15:04:22","179","Information","Microsoft-Windows-Audio","Received session display notification"
"30-07-2026 14:55:41","179","Information","Microsoft-Windows-Audio","Received session display notification"
"30-07-2026 14:55:26","179","Information","Microsoft-Windows-Audio","Received session display notification"
"30-07-2026 14:52:10","65","Information","Microsoft-Windows-Audio","MMDevAPI: Audio device state changed"
"30-07-2026 14:52:10","65","Information","Microsoft-Windows-Audio","MMDevAPI: Audio device state changed"
"30-07-2026 14:52:10","65","Information","Microsoft-Windows-Audio","MMDevAPI: Audio device state changed"
"30-07-2026 14:46:58","177","Information","Microsoft-Windows-Audio","Received console locked notification"
"30-07-2026 14:46:56","65","Information","Microsoft-Windows-Audio","MMDevAPI: Audio device state changed"
"30-07-2026 14:46:53","179","Information","Microsoft-Windows-Audio","Received session display notification"
"30-07-2026 14:29:33","179","Information","Microsoft-Windows-Audio","Received session display notification"
"30-07-2026 14:29:28","65","Information","Microsoft-Windows-Audio","MMDevAPI: Audio device state changed"
"30-07-2026 14:29:01","177","Information","Microsoft-Windows-Audio","Received console locked notification"
"30-07-2026 14:17:30","177","Information","Microsoft-Windows-Audio","Received console locked notification"
"30-07-2026 14:17:28","65","Information","Microsoft-Windows-Audio","MMDevAPI: Audio device state changed"
"30-07-2026 14:17:24","179","Information","Microsoft-Windows-Audio","Received session display notification"
"30-07-2026 14:17:23","180","Information","Microsoft-Windows-Audio","Received Po AudioStandby request"
"30-07-2026 14:06:50","180","Information","Microsoft-Windows-Audio","Received Po AudioStandby request"
"30-07-2026 13:07:11","179","Information","Microsoft-Windows-Audio","Received session display notification"
"30-07-2026 13:07:06","65","Information","Microsoft-Windows-Audio","MMDevAPI: Audio device state changed"
"30-07-2026 13:06:38","177","Information","Microsoft-Windows-Audio","Received console locked notification"
"30-07-2026 13:02:21","65","Information","Microsoft-Windows-Audio","MMDevAPI: Audio device state changed"
"30-07-2026 13:02:11","65","Information","Microsoft-Windows-Audio","MMDevAPI: Audio device state changed"
"30-07-2026 13:02:10","65","Information","Microsoft-Windows-Audio","MMDevAPI: Audio device state changed"
"30-07-2026 13:00:07","65","Information","Microsoft-Windows-Audio","MMDevAPI: Audio device state changed"
"30-07-2026 13:00:01","65","Information","Microsoft-Windows-Audio","MMDevAPI: Audio device state changed"
"30-07-2026 13:00:01","65","Information","Microsoft-Windows-Audio","MMDevAPI: Audio device state changed"
"30-07-2026 12:47:11","65","Information","Microsoft-Windows-Audio","MMDevAPI: Audio device state changed"
"30-07-2026 12:38:20","65","Information","Microsoft-Windows-Audio","MMDevAPI: Audio device state changed"
"30-07-2026 12:38:19","65","Information","Microsoft-Windows-Audio","MMDevAPI: Audio device state changed"
"30-07-2026 12:20:39","177","Information","Microsoft-Windows-Audio","Received console locked notification"
"30-07-2026 12:20:34","179","Information","Microsoft-Windows-Audio","Received session display notification"
"30-07-2026 11:44:48","179","Information","Microsoft-Windows-Audio","Received session display notification"
"30-07-2026 11:44:17","177","Information","Microsoft-Windows-Audio","Received console locked notification"
"30-07-2026 11:44:17","179","Information","Microsoft-Windows-Audio","Received session display notification"
"30-07-2026 11:32:29","179","Information","Microsoft-Windows-Audio","Received session display notification"
"30-07-2026 11:32:14","179","Information","Microsoft-Windows-Audio","Received session display notification"
"30-07-2026 11:29:25","65","Information","Microsoft-Windows-Audio","MMDevAPI: Audio device state changed"
"30-07-2026 11:29:20","65","Information","Microsoft-Windows-Audio","MMDevAPI: Audio device state changed"
"30-07-2026 11:29:20","65","Information","Microsoft-Windows-Audio","MMDevAPI: Audio device state changed"
"30-07-2026 11:25:30","177","Information","Microsoft-Windows-Audio","Received console locked notification"
"30-07-2026 11:25:26","65","Information","Microsoft-Windows-Audio","MMDevAPI: Audio device state changed"
"30-07-2026 11:25:23","179","Information","Microsoft-Windows-Audio","Received session display notification"
"30-07-2026 11:05:24","179","Information","Microsoft-Windows-Audio","Received session display notification"
"30-07-2026 11:05:19","65","Information","Microsoft-Windows-Audio","MMDevAPI: Audio device state changed"
"30-07-2026 11:04:52","177","Information","Microsoft-Windows-Audio","Received console locked notification"
"30-07-2026 09:46:57","177","Information","Microsoft-Windows-Audio","Received console locked notification"
"30-07-2026 09:46:53","65","Information","Microsoft-Windows-Audio","MMDevAPI: Audio device state changed"
"30-07-2026 09:46:51","179","Information","Microsoft-Windows-Audio","Received session display notification"
"30-07-2026 09:42:23","179","Information","Microsoft-Windows-Audio","Received session display notification"
"30-07-2026 09:42:18","65","Information","Microsoft-Windows-Audio","MMDevAPI: Audio device state changed"
"30-07-2026 09:41:51","177","Information","Microsoft-Windows-Audio","Received console locked notification"
"30-07-2026 09:34:45","177","Information","Microsoft-Windows-Audio","Received console locked notification"
"30-07-2026 09:34:18","65","Information","Microsoft-Windows-Audio","MMDevAPI: Audio device state changed"
"30-07-2026 09:34:18","65","Information","Microsoft-Windows-Audio","MMDevAPI: Audio device state changed"
"30-07-2026 09:34:17","65","Information","Microsoft-Windows-Audio","MMDevAPI: Audio device state changed"
"30-07-2026 09:34:00","179","Information","Microsoft-Windows-Audio","Received session display notification"
"30-07-2026 06:32:06","180","Information","Microsoft-Windows-Audio","Received Po AudioStandby request"
"29-07-2026 21:39:54","180","Information","Microsoft-Windows-Audio","Received Po AudioStandby request"
"29-07-2026 21:39:46","180","Information","Microsoft-Windows-Audio","Received Po AudioStandby request"
"29-07-2026 20:21:57","180","Information","Microsoft-Windows-Audio","Received Po AudioStandby request"
"29-07-2026 19:22:02","179","Information","Microsoft-Windows-Audio","Received session display notification"
"29-07-2026 19:21:24","177","Information","Microsoft-Windows-Audio","Received console locked notification"
"29-07-2026 19:21:19","179","Information","Microsoft-Windows-Audio","Received session display notification"
"29-07-2026 19:21:17","180","Information","Microsoft-Windows-Audio","Received Po AudioStandby request"
"29-07-2026 19:21:13","65","Information","Microsoft-Windows-Audio","MMDevAPI: Audio device state changed"
"29-07-2026 19:21:13","65","Information","Microsoft-Windows-Audio","MMDevAPI: Audio device state changed"
"29-07-2026 19:21:13","180","Information","Microsoft-Windows-Audio","Received Po AudioStandby request"
"29-07-2026 19:21:11","179","Information","Microsoft-Windows-Audio","Received session display notification"
"29-07-2026 19:21:10","65","Information","Microsoft-Windows-Audio","MMDevAPI: Audio device state changed"
"29-07-2026 18:00:01","65","Information","Microsoft-Windows-Audio","MMDevAPI: Audio device state changed"
"29-07-2026 18:00:01","177","Information","Microsoft-Windows-Audio","Received console locked notification"
"29-07-2026 17:59:57","179","Information","Microsoft-Windows-Audio","Received session display notification"
"29-07-2026 17:12:19","179","Information","Microsoft-Windows-Audio","Received session display notification"
"29-07-2026 17:12:13","65","Information","Microsoft-Windows-Audio","MMDevAPI: Audio device state changed"
"29-07-2026 17:11:43","65","Information","Microsoft-Windows-Audio","MMDevAPI: Audio device state changed"
"29-07-2026 17:11:40","177","Information","Microsoft-Windows-Audio","Received console locked notification"
"29-07-2026 17:11:40","179","Information","Microsoft-Windows-Audio","Received session display notification"
"29-07-2026 17:01:39","179","Information","Microsoft-Windows-Audio","Received session display notification"
"29-07-2026 17:01:34","65","Information","Microsoft-Windows-Audio","MMDevAPI: Audio device state changed"
"29-07-2026 17:01:24","179","Information","Microsoft-Windows-Audio","Received session display notification"
"29-07-2026 16:46:46","177","Information","Microsoft-Windows-Audio","Received console locked notification"
"29-07-2026 16:46:45","65","Information","Microsoft-Windows-Audio","MMDevAPI: Audio device state changed"
"29-07-2026 16:46:39","65","Information","Microsoft-Windows-Audio","MMDevAPI: Audio device state changed"
"29-07-2026 16:45:30","177","Information","Microsoft-Windows-Audio","Received console locked notification"
"29-07-2026 16:00:47","177","Information","Microsoft-Windows-Audio","Received console locked notification"
"29-07-2026 16:00:46","65","Information","Microsoft-Windows-Audio","MMDevAPI: Audio device state changed"
"29-07-2026 16:00:43","179","Information","Microsoft-Windows-Audio","Received session display notification"
"29-07-2026 15:45:58","179","Information","Microsoft-Windows-Audio","Received session display notification"
"29-07-2026 15:45:54","65","Information","Microsoft-Windows-Audio","MMDevAPI: Audio device state changed"
"29-07-2026 15:45:26","177","Information","Microsoft-Windows-Audio","Received console locked notification"
"29-07-2026 15:39:14","65","Information","Microsoft-Windows-Audio","MMDevAPI: Audio device state changed"
"29-07-2026 15:39:14","65","Information","Microsoft-Windows-Audio","MMDevAPI: Audio device state changed"
"29-07-2026 15:21:06","177","Information","Microsoft-Windows-Audio","Received console locked notification"
"29-07-2026 15:21:02","65","Information","Microsoft-Windows-Audio","MMDevAPI: Audio device state changed"
"29-07-2026 15:20:51","179","Information","Microsoft-Windows-Audio","Received session display notification"
"29-07-2026 15:19:19","179","Information","Microsoft-Windows-Audio","Received session display notification"
"29-07-2026 15:18:49","177","Information","Microsoft-Windows-Audio","Received console locked notification"
"29-07-2026 15:18:49","179","Information","Microsoft-Windows-Audio","Received session display notification"
"29-07-2026 15:11:34","179","Information","Microsoft-Windows-Audio","Received session display notification"
"29-07-2026 15:11:19","179","Information","Microsoft-Windows-Audio","Received session display notification"
"29-07-2026 15:08:34","179","Information","Microsoft-Windows-Audio","Received session display notification"
"29-07-2026 15:06:47","179","Information","Microsoft-Windows-Audio","Received session display notification"
"29-07-2026 15:06:32","179","Information","Microsoft-Windows-Audio","Received session display notification"
"29-07-2026 15:01:43","65","Information","Microsoft-Windows-Audio","MMDevAPI: Audio device state changed"
"29-07-2026 14:21:43","65","Information","Microsoft-Windows-Audio","MMDevAPI: Audio device state changed"
"29-07-2026 14:21:43","65","Information","Microsoft-Windows-Audio","MMDevAPI: Audio device state changed"
"29-07-2026 14:03:54","177","Information","Microsoft-Windows-Audio","Received console locked notification"
"29-07-2026 14:03:52","65","Information","Microsoft-Windows-Audio","MMDevAPI: Audio device state changed"
"29-07-2026 14:03:49","179","Information","Microsoft-Windows-Audio","Received session display notification"
"29-07-2026 13:15:52","179","Information","Microsoft-Windows-Audio","Received session display notification"
"29-07-2026 13:15:47","65","Information","Microsoft-Windows-Audio","MMDevAPI: Audio device state changed"
"29-07-2026 13:15:24","65","Information","Microsoft-Windows-Audio","MMDevAPI: Audio device state changed"
"29-07-2026 13:15:21","179","Information","Microsoft-Windows-Audio","Received session display notification"
"29-07-2026 13:07:40","179","Information","Microsoft-Windows-Audio","Received session display notification"
"29-07-2026 13:07:35","65","Information","Microsoft-Windows-Audio","MMDevAPI: Audio device state changed"
"29-07-2026 13:07:07","177","Information","Microsoft-Windows-Audio","Received console locked notification"
"29-07-2026 12:00:40","65","Information","Microsoft-Windows-Audio","MMDevAPI: Audio device state changed"
"29-07-2026 12:00:40","65","Information","Microsoft-Windows-Audio","MMDevAPI: Audio device state changed"
"29-07-2026 11:40:54","177","Information","Microsoft-Windows-Audio","Received console locked notification"
"29-07-2026 11:40:50","65","Information","Microsoft-Windows-Audio","MMDevAPI: Audio device state changed"
"29-07-2026 11:40:47","179","Information","Microsoft-Windows-Audio","Received session display notification"
"29-07-2026 11:21:45","179","Information","Microsoft-Windows-Audio","Received session display notification"
"29-07-2026 11:21:40","65","Information","Microsoft-Windows-Audio","MMDevAPI: Audio device state changed"
"29-07-2026 11:21:14","177","Information","Microsoft-Windows-Audio","Received console locked notification"
"29-07-2026 09:25:06","65","Information","Microsoft-Windows-Audio","MMDevAPI: Audio device state changed"
"29-07-2026 09:24:56","177","Information","Microsoft-Windows-Audio","Received console locked notification"
"29-07-2026 09:24:47","179","Information","Microsoft-Windows-Audio","Received session display notification"
"29-07-2026 06:01:15","180","Information","Microsoft-Windows-Audio","Received Po AudioStandby request"
"28-07-2026 20:56:26","180","Information","Microsoft-Windows-Audio","Received Po AudioStandby request"
"28-07-2026 20:56:21","180","Information","Microsoft-Windows-Audio","Received Po AudioStandby request"
"28-07-2026 20:09:27","180","Information","Microsoft-Windows-Audio","Received Po AudioStandby request"
"28-07-2026 19:09:52","179","Information","Microsoft-Windows-Audio","Received session display notification"
"28-07-2026 19:09:17","179","Information","Microsoft-Windows-Audio","Received session display notification"
"28-07-2026 19:09:17","180","Information","Microsoft-Windows-Audio","Received Po AudioStandby request"
"28-07-2026 19:09:17","65","Information","Microsoft-Windows-Audio","MMDevAPI: Audio device state changed"
"28-07-2026 19:09:17","65","Information","Microsoft-Windows-Audio","MMDevAPI: Audio device state changed"
"28-07-2026 19:09:15","180","Information","Microsoft-Windows-Audio","Received Po AudioStandby request"
"28-07-2026 19:09:15","179","Information","Microsoft-Windows-Audio","Received session display notification"
"28-07-2026 19:09:14","65","Information","Microsoft-Windows-Audio","MMDevAPI: Audio device state changed"
"28-07-2026 19:09:08","177","Information","Microsoft-Windows-Audio","Received console locked notification"
"28-07-2026 18:53:14","177","Information","Microsoft-Windows-Audio","Received console locked notification"
"28-07-2026 18:53:11","65","Information","Microsoft-Windows-Audio","MMDevAPI: Audio device state changed"
"28-07-2026 18:53:09","179","Information","Microsoft-Windows-Audio","Received session display notification"
"28-07-2026 18:53:08","180","Information","Microsoft-Windows-Audio","Received Po AudioStandby request"
"28-07-2026 18:42:43","180","Information","Microsoft-Windows-Audio","Received Po AudioStandby request"
"28-07-2026 17:42:57","179","Information","Microsoft-Windows-Audio","Received session display notification"
"28-07-2026 17:42:52","65","Information","Microsoft-Windows-Audio","MMDevAPI: Audio device state changed"
"28-07-2026 17:42:25","177","Information","Microsoft-Windows-Audio","Received console locked notification"
"28-07-2026 17:02:12","65","Information","Microsoft-Windows-Audio","MMDevAPI: Audio device state changed"
"28-07-2026 17:02:09","179","Information","Microsoft-Windows-Audio","Received session display notification"
"28-07-2026 16:58:52","179","Information","Microsoft-Windows-Audio","Received session display notification"
"28-07-2026 16:58:47","65","Information","Microsoft-Windows-Audio","MMDevAPI: Audio device state changed"
"28-07-2026 16:53:49","179","Information","Microsoft-Windows-Audio","Received session display notification"
"28-07-2026 16:22:23","177","Information","Microsoft-Windows-Audio","Received console locked notification"
"28-07-2026 16:22:19","65","Information","Microsoft-Windows-Audio","MMDevAPI: Audio device state changed"
"28-07-2026 16:22:17","179","Information","Microsoft-Windows-Audio","Received session display notification"
"28-07-2026 15:57:31","179","Information","Microsoft-Windows-Audio","Received session display notification"
"28-07-2026 15:57:27","65","Information","Microsoft-Windows-Audio","MMDevAPI: Audio device state changed"
"28-07-2026 15:56:57","177","Information","Microsoft-Windows-Audio","Received console locked notification"
"28-07-2026 14:53:29","177","Information","Microsoft-Windows-Audio","Received console locked notification"
"28-07-2026 14:53:26","65","Information","Microsoft-Windows-Audio","MMDevAPI: Audio device state changed"
"28-07-2026 14:53:23","179","Information","Microsoft-Windows-Audio","Received session display notification"
"28-07-2026 13:57:04","179","Information","Microsoft-Windows-Audio","Received session display notification"
"28-07-2026 13:56:59","65","Information","Microsoft-Windows-Audio","MMDevAPI: Audio device state changed"
"28-07-2026 13:56:33","177","Information","Microsoft-Windows-Audio","Received console locked notification"
"28-07-2026 13:01:24","65","Information","Microsoft-Windows-Audio","MMDevAPI: Audio device state changed"
"28-07-2026 13:01:23","179","Information","Microsoft-Windows-Audio","Received session display notification"
"28-07-2026 12:57:36","179","Information","Microsoft-Windows-Audio","Received session display notification"
"28-07-2026 12:57:31","65","Information","Microsoft-Windows-Audio","MMDevAPI: Audio device state changed"
"28-07-2026 12:57:20","179","Information","Microsoft-Windows-Audio","Received session display notification"
"28-07-2026 11:46:05","65","Information","Microsoft-Windows-Audio","MMDevAPI: Audio device state changed"
"28-07-2026 11:46:02","179","Information","Microsoft-Windows-Audio","Received session display notification"
"28-07-2026 11:41:38","179","Information","Microsoft-Windows-Audio","Received session display notification"
"28-07-2026 11:41:33","65","Information","Microsoft-Windows-Audio","MMDevAPI: Audio device state changed"
"28-07-2026 11:41:23","179","Information","Microsoft-Windows-Audio","Received session display notification"
"28-07-2026 11:36:37","65","Information","Microsoft-Windows-Audio","MMDevAPI: Audio device state changed"
"28-07-2026 11:36:36","179","Information","Microsoft-Windows-Audio","Received session display notification"
"28-07-2026 11:36:34","65","Information","Microsoft-Windows-Audio","MMDevAPI: Audio device state changed"
"28-07-2026 11:36:24","179","Information","Microsoft-Windows-Audio","Received session display notification"
"28-07-2026 11:31:04","177","Information","Microsoft-Windows-Audio","Received console locked notification"
"28-07-2026 11:31:03","65","Information","Microsoft-Windows-Audio","MMDevAPI: Audio device state changed"
"28-07-2026 11:31:00","179","Information","Microsoft-Windows-Audio","Received session display notification"
"28-07-2026 11:06:25","179","Information","Microsoft-Windows-Audio","Received session display notification"
"28-07-2026 11:06:20","65","Information","Microsoft-Windows-Audio","MMDevAPI: Audio device state changed"
"28-07-2026 11:05:54","177","Information","Microsoft-Windows-Audio","Received console locked notification"
"28-07-2026 11:03:54","65","Information","Microsoft-Windows-Audio","MMDevAPI: Audio device state changed"
"28-07-2026 11:03:54","65","Information","Microsoft-Windows-Audio","MMDevAPI: Audio device state changed"
"28-07-2026 10:40:24","177","Information","Microsoft-Windows-Audio","Received console locked notification"
"28-07-2026 10:40:21","65","Information","Microsoft-Windows-Audio","MMDevAPI: Audio device state changed"
"28-07-2026 10:40:18","179","Information","Microsoft-Windows-Audio","Received session display notification"
"28-07-2026 10:36:08","179","Information","Microsoft-Windows-Audio","Received session display notification"
"28-07-2026 10:36:03","65","Information","Microsoft-Windows-Audio","MMDevAPI: Audio device state changed"
"28-07-2026 10:35:36","177","Information","Microsoft-Windows-Audio","Received console locked notification"
"28-07-2026 09:23:08","177","Information","Microsoft-Windows-Audio","Received console locked notification"
"28-07-2026 09:22:45","65","Information","Microsoft-Windows-Audio","MMDevAPI: Audio device state changed"
"28-07-2026 09:22:34","179","Information","Microsoft-Windows-Audio","Received session display notification"
"28-07-2026 04:09:48","180","Information","Microsoft-Windows-Audio","Received Po AudioStandby request"
"27-07-2026 20:08:46","180","Information","Microsoft-Windows-Audio","Received Po AudioStandby request"
"27-07-2026 20:08:37","180","Information","Microsoft-Windows-Audio","Received Po AudioStandby request"
"27-07-2026 18:59:15","180","Information","Microsoft-Windows-Audio","Received Po AudioStandby request"
"27-07-2026 18:59:13","179","Information","Microsoft-Windows-Audio","Received session display notification"
"27-07-2026 18:58:54","179","Information","Microsoft-Windows-Audio","Received session display notification"
"27-07-2026 18:58:53","180","Information","Microsoft-Windows-Audio","Received Po AudioStandby request"
"27-07-2026 18:58:43","180","Information","Microsoft-Windows-Audio","Received Po AudioStandby request"
"27-07-2026 18:58:42","179","Information","Microsoft-Windows-Audio","Received session display notification"
"27-07-2026 18:58:37","177","Information","Microsoft-Windows-Audio","Received console locked notification"
"27-07-2026 18:56:28","179","Information","Microsoft-Windows-Audio","Received session display notification"
"27-07-2026 18:47:36","179","Information","Microsoft-Windows-Audio","Received session display notification"
"27-07-2026 18:47:22","179","Information","Microsoft-Windows-Audio","Received session display notification"
"27-07-2026 18:39:28","179","Information","Microsoft-Windows-Audio","Received session display notification"
"27-07-2026 18:38:47","179","Information","Microsoft-Windows-Audio","Received session display notification"
"27-07-2026 18:38:32","179","Information","Microsoft-Windows-Audio","Received session display notification"
"27-07-2026 18:33:52","177","Information","Microsoft-Windows-Audio","Received console locked notification"
"27-07-2026 18:33:47","179","Information","Microsoft-Windows-Audio","Received session display notification"
"27-07-2026 17:51:41","179","Information","Microsoft-Windows-Audio","Received session display notification"
"27-07-2026 17:51:10","177","Information","Microsoft-Windows-Audio","Received console locked notification"
"27-07-2026 17:47:17","177","Information","Microsoft-Windows-Audio","Received console locked notification"
"27-07-2026 17:47:10","179","Information","Microsoft-Windows-Audio","Received session display notification"
"27-07-2026 17:37:26","179","Information","Microsoft-Windows-Audio","Received session display notification"
"27-07-2026 17:36:56","177","Information","Microsoft-Windows-Audio","Received console locked notification"
"27-07-2026 17:35:17","179","Information","Microsoft-Windows-Audio","Received session display notification"
"27-07-2026 17:24:55","179","Information","Microsoft-Windows-Audio","Received session display notification"
"27-07-2026 17:24:39","179","Information","Microsoft-Windows-Audio","Received session display notification"
"27-07-2026 17:20:36","179","Information","Microsoft-Windows-Audio","Received session display notification"
"27-07-2026 17:20:21","179","Information","Microsoft-Windows-Audio","Received session display notification"
"27-07-2026 17:20:06","179","Information","Microsoft-Windows-Audio","Received session display notification"
"27-07-2026 17:16:01","179","Information","Microsoft-Windows-Audio","Received session display notification"
"27-07-2026 17:07:07","179","Information","Microsoft-Windows-Audio","Received session display notification"
"27-07-2026 17:06:52","179","Information","Microsoft-Windows-Audio","Received session display notification"
"27-07-2026 17:03:43","179","Information","Microsoft-Windows-Audio","Received session display notification"
"27-07-2026 17:02:36","179","Information","Microsoft-Windows-Audio","Received session display notification"
"27-07-2026 17:02:21","179","Information","Microsoft-Windows-Audio","Received session display notification"
"27-07-2026 16:59:35","179","Information","Microsoft-Windows-Audio","Received session display notification"
"27-07-2026 16:58:29","179","Information","Microsoft-Windows-Audio","Received session display notification"
"27-07-2026 16:58:14","179","Information","Microsoft-Windows-Audio","Received session display notification"
"27-07-2026 16:55:26","179","Information","Microsoft-Windows-Audio","Received session display notification"
"27-07-2026 16:48:21","179","Information","Microsoft-Windows-Audio","Received session display notification"
"27-07-2026 16:48:06","179","Information","Microsoft-Windows-Audio","Received session display notification"
"27-07-2026 16:45:15","179","Information","Microsoft-Windows-Audio","Received session display notification"
"27-07-2026 16:35:31","179","Information","Microsoft-Windows-Audio","Received session display notification"
"27-07-2026 16:35:16","179","Information","Microsoft-Windows-Audio","Received session display notification"
"27-07-2026 16:30:41","179","Information","Microsoft-Windows-Audio","Received session display notification"
"27-07-2026 16:25:07","179","Information","Microsoft-Windows-Audio","Received session display notification"
"27-07-2026 16:24:51","179","Information","Microsoft-Windows-Audio","Received session display notification"
"27-07-2026 16:17:44","179","Information","Microsoft-Windows-Audio","Received session display notification"
"27-07-2026 16:13:13","179","Information","Microsoft-Windows-Audio","Received session display notification"
"27-07-2026 16:12:58","179","Information","Microsoft-Windows-Audio","Received session display notification"
"27-07-2026 16:07:08","177","Information","Microsoft-Windows-Audio","Received console locked notification"
"27-07-2026 16:07:05","179","Information","Microsoft-Windows-Audio","Received session display notification"
"27-07-2026 15:39:35","179","Information","Microsoft-Windows-Audio","Received session display notification"
"27-07-2026 15:39:04","177","Information","Microsoft-Windows-Audio","Received console locked notification"
"27-07-2026 15:38:13","179","Information","Microsoft-Windows-Audio","Received session display notification"
"27-07-2026 15:31:25","179","Information","Microsoft-Windows-Audio","Received session display notification"
"27-07-2026 15:31:10","179","Information","Microsoft-Windows-Audio","Received session display notification"
"27-07-2026 15:27:43","179","Information","Microsoft-Windows-Audio","Received session display notification"
"27-07-2026 15:27:39","179","Information","Microsoft-Windows-Audio","Received session display notification"
