"19-08-2026 10:14:36","2006","Information","Microsoft-Windows-Install-Agent","[Telemetry]: BeginInstall :: _TlgCV_ = C2GP50Qp5keFT0qP.1.10  ProductId = 9PLFNLNT3G5G  PFN = AppUp.IntelGraphicsExperience_8j3eq9eme6ctt  CategoryId = e16735c5-32a5-4fc3-a094-7c4c073b30b8  BundleId =   IsUpdate = true  IsRemediation = false  IsInteractive = false  IsMandatory = false  IsRestore = false  AttemptNumber = 2  SystemAttemptNumber = 2  UserAttemptNumber = 0  ClientAppId = Update;MoUpdateOrchestratorDeviceScan-MoUsoCoreWorker-SearchForAllUpdatesWithUpdateOptionsAsync  ParentBundleId =   IsBundle = false  WUContentId = 7d8bb837-86fa-c111-76a5-0569498acfc3  AggregatedPackageFullNames = AppUp.IntelGraphicsExperience_1.100.5688.0_neutral_~_8j3eq9eme6ctt  
Error: Unknown HResult Error code: 0xefffffff
Function: LogTelemetryEvent
Source: onecoreuap\enduser\winstore\installservice\svc\logging.cpp (10)"
"19-08-2026 10:14:36","2006","Information","Microsoft-Windows-Install-Agent","Update requested from LocalSystem context. Attempting to register for all logged-on users who have it
Error: Unknown HResult Error code: 0xefffffff
Function: UWAInstallWork::_DoNormalInstall
Source: onecoreuap\enduser\winstore\installservice\lib\uwainstallwork.cpp (3289)"
"19-08-2026 10:14:36","2006","Information","Microsoft-Windows-Install-Agent","Stage User Data for Remediation or Restore scenario
Error: Unknown HResult Error code: 0xefffffff
Function: UWAInstallWork::_DoNormalInstall
Source: onecoreuap\enduser\winstore\installservice\lib\uwainstallwork.cpp (3227)"
"19-08-2026 10:14:36","2006","Information","Microsoft-Windows-Install-Agent","[Telemetry]: EndDownload :: _TlgCV_ = C2GP50Qp5keFT0qP.1.2  ProductId = 9PLFNLNT3G5G  PFN = AppUp.IntelGraphicsExperience_8j3eq9eme6ctt  CategoryId = e16735c5-32a5-4fc3-a094-7c4c073b30b8  UpdateId = 9ce319af-a29d-48bf-ba79-74987715aca1  BundleId =   IsUpdate = true  IsRemediation = false  IsInteractive = false  IsMandatory = false  IsRestore = false  AttemptNumber = 2  SystemAttemptNumber = 2  UserAttemptNumber = 0  ClientAppId = Update;MoUpdateOrchestratorDeviceScan-MoUsoCoreWorker-SearchForAllUpdatesWithUpdateOptionsAsync;;AllContent  DownloadSize = 133120  ParentBundleId =   IsBundle = false  WUContentId = 7d8bb837-86fa-c111-76a5-0569498acfc3  AggregatedPackageFullNames = AppUp.IntelGraphicsExperience_1.100.5688.0_neutral_~_8j3eq9eme6ctt  StageDurationInMilliseconds = 8949  HResult = 0  ExtendedHResult = 0  
Error: Unknown HResult Error code: 0xefffffff
Function: LogTelemetryEvent
Source: onecoreuap\enduser\winstore\installservice\svc\logging.cpp (10)"
"19-08-2026 10:14:36","2006","Information","Microsoft-Windows-Install-Agent","Queue State: Working = 1, Pending = 0, Idle = 2  
Error: The operation completed successfully.
Function: InstallQueue2::_FindNextPendingItem
Source: onecoreuap\enduser\winstore\installservice\libqueue2\installqueue2.cpp (4735)"
"19-08-2026 10:14:36","2006","Information","Microsoft-Windows-Install-Agent","[Telemetry]: InstallQueueHeartbeat :: ProductId = 9PLFNLNT3G5G  PFN = AppUp.IntelGraphicsExperience_8j3eq9eme6ctt  DownloadSize = 465920  IsInteractive = 0  PreviousPercentDownloaded = 95  CurrentPercentDownloaded = 95  BytesDownloadedSinceLastProgress = 18446744073709218816  TimeSinceLastProgressReported = 218  ConcurrentWorkingItems = 1  __TlgCV__ = Xem5Ppz73UK1XOmr.5  
Error: Unknown HResult Error code: 0xefffffff
Function: LogTelemetryEvent
Source: onecoreuap\enduser\winstore\installservice\svc\logging.cpp (10)"
"19-08-2026 10:14:36","2005","Verbose","Microsoft-Windows-Install-Agent","UWAInstallWork::OnProgress Updating InstallAgentPdcActivation
Error: Unknown HResult Error code: 0xefffffff
Function: UWAInstallWork::OnProgress
Source: onecoreuap\enduser\winstore\installservice\lib\uwainstallwork.cpp (1285)"
"19-08-2026 10:14:36","2006","Information","Microsoft-Windows-Install-Agent","Queue State: Working = 1, Pending = 0, Idle = 2  
Error: The operation completed successfully.
Function: InstallQueue2::_FindNextPendingItem
Source: onecoreuap\enduser\winstore\installservice\libqueue2\installqueue2.cpp (4735)"
"19-08-2026 10:14:36","2006","Information","Microsoft-Windows-Install-Agent","Progress Update: Item = 9PLFNLNT3G5G  Progress Stage = DownloadingProduct, Completed = 465920, Total = 465920, Total = 95   
Error: The operation completed successfully.
Function: InstallQueue2::NotifyWorkProgress
Source: onecoreuap\enduser\winstore\installservice\libqueue2\installqueue2.cpp (4055)"
"19-08-2026 10:14:36","2006","Information","Microsoft-Windows-Install-Agent","[Telemetry]: InstallQueueHeartbeat :: ProductId = 9PLFNLNT3G5G  PFN = AppUp.IntelGraphicsExperience_8j3eq9eme6ctt  DownloadSize = 465920  IsInteractive = 0  PreviousPercentDownloaded = 48  CurrentPercentDownloaded = 95  BytesDownloadedSinceLastProgress = 0  TimeSinceLastProgressReported = 207  ConcurrentWorkingItems = 1  __TlgCV__ = Xem5Ppz73UK1XOmr.5  
Error: Unknown HResult Error code: 0xefffffff
Function: LogTelemetryEvent
Source: onecoreuap\enduser\winstore\installservice\svc\logging.cpp (10)"
"19-08-2026 10:14:36","2005","Verbose","Microsoft-Windows-Install-Agent","UWAInstallWork::OnProgress Updating InstallAgentPdcActivation
Error: Unknown HResult Error code: 0xefffffff
Function: UWAInstallWork::OnProgress
Source: onecoreuap\enduser\winstore\installservice\lib\uwainstallwork.cpp (1285)"
"19-08-2026 10:14:36","2006","Information","Microsoft-Windows-Install-Agent","Queue State: Working = 1, Pending = 0, Idle = 2  
Error: The operation completed successfully.
Function: InstallQueue2::_FindNextPendingItem
Source: onecoreuap\enduser\winstore\installservice\libqueue2\installqueue2.cpp (4735)"
"19-08-2026 10:14:36","2006","Information","Microsoft-Windows-Install-Agent","[Telemetry]: InstallQueueHeartbeat :: ProductId = 9PLFNLNT3G5G  PFN = AppUp.IntelGraphicsExperience_8j3eq9eme6ctt  DownloadSize = 0  IsInteractive = 0  PreviousPercentDownloaded = 0  CurrentPercentDownloaded = 48  BytesDownloadedSinceLastProgress = 66560  TimeSinceLastProgressReported = 763  ConcurrentWorkingItems = 1  __TlgCV__ = Xem5Ppz73UK1XOmr.5  
Error: Unknown HResult Error code: 0xefffffff
Function: LogTelemetryEvent
Source: onecoreuap\enduser\winstore\installservice\svc\logging.cpp (10)"
"19-08-2026 10:14:36","2005","Verbose","Microsoft-Windows-Install-Agent","UWAInstallWork::OnProgress Updating InstallAgentPdcActivation
Error: Unknown HResult Error code: 0xefffffff
Function: UWAInstallWork::OnProgress
Source: onecoreuap\enduser\winstore\installservice\lib\uwainstallwork.cpp (1285)"
"19-08-2026 10:14:36","2006","Information","Microsoft-Windows-Install-Agent","[Telemetry]: DownloadProgressHeartbeat :: _TlgCV_ = C2GP50Qp5keFT0qP.1.7  ClientAppId = Update;MoUpdateOrchestratorDeviceScan-MoUsoCoreWorker-SearchForAllUpdatesWithUpdateOptionsAsync  ProductId = 9PLFNLNT3G5G  PFN = AppUp.IntelGraphicsExperience_8j3eq9eme6ctt  DownloadSize = 465920  IsInteractive = false  IsInstall = false  PreviousPercentDownloaded = 0  CurrentPercentDownloaded = 48  PreviousTotalBytesDownloaded = 465920  CurrentTotalBytesDownloaded = 465920  timeSinceLastProgressReported = 763  
Error: Unknown HResult Error code: 0xefffffff
Function: LogTelemetryEvent
Source: onecoreuap\enduser\winstore\installservice\svc\logging.cpp (10)"
"19-08-2026 10:14:36","2006","Information","Microsoft-Windows-Install-Agent","[Telemetry]: DownloadProgressHeartbeat :: _TlgCV_ = C2GP50Qp5keFT0qP.1.7  ClientAppId = Update;MoUpdateOrchestratorDeviceScan-MoUsoCoreWorker-SearchForAllUpdatesWithUpdateOptionsAsync  ProductId = 9PLFNLNT3G5G  PFN = AppUp.IntelGraphicsExperience_8j3eq9eme6ctt  DownloadSize = 465920  IsInteractive = false  IsInstall = false  PreviousPercentDownloaded = 0  CurrentPercentDownloaded = 48  PreviousTotalBytesDownloaded = 465920  CurrentTotalBytesDownloaded = 465920  timeSinceLastProgressReported = 18446744073709551614  
Error: Unknown HResult Error code: 0xefffffff
Function: LogTelemetryEvent
Source: onecoreuap\enduser\winstore\installservice\svc\logging.cpp (10)"
"19-08-2026 10:14:35","2006","Information","Microsoft-Windows-Install-Agent","Queue State: Working = 1, Pending = 0, Idle = 2  
Error: The operation completed successfully.
Function: InstallQueue2::_FindNextPendingItem
Source: onecoreuap\enduser\winstore\installservice\libqueue2\installqueue2.cpp (4735)"
"19-08-2026 10:14:35","2006","Information","Microsoft-Windows-Install-Agent","[Telemetry]: InstallQueueHeartbeat :: ProductId = 9PLFNLNT3G5G  PFN = AppUp.IntelGraphicsExperience_8j3eq9eme6ctt  DownloadSize = 0  IsInteractive = 0  PreviousPercentDownloaded = 0  CurrentPercentDownloaded = 0  BytesDownloadedSinceLastProgress = 66560  TimeSinceLastProgressReported = 1801  ConcurrentWorkingItems = 1  __TlgCV__ = Xem5Ppz73UK1XOmr.5  
Error: Unknown HResult Error code: 0xefffffff
Function: LogTelemetryEvent
Source: onecoreuap\enduser\winstore\installservice\svc\logging.cpp (10)"
"19-08-2026 10:14:35","2005","Verbose","Microsoft-Windows-Install-Agent","UWAInstallWork::OnProgress Updating InstallAgentPdcActivation
Error: Unknown HResult Error code: 0xefffffff
Function: UWAInstallWork::OnProgress
Source: onecoreuap\enduser\winstore\installservice\lib\uwainstallwork.cpp (1285)"
"19-08-2026 10:14:34","2006","Information","Microsoft-Windows-Install-Agent","Queue State: Working = 1, Pending = 0, Idle = 2  
Error: The operation completed successfully.
Function: InstallQueue2::_FindNextPendingItem
Source: onecoreuap\enduser\winstore\installservice\libqueue2\installqueue2.cpp (4735)"
"19-08-2026 10:14:34","2006","Information","Microsoft-Windows-Install-Agent","Item execution complete Item = 9NBLGGH4QGHW   
Error: The operation completed successfully.
Function: InstallQueue2::NotifyCompleted
Source: onecoreuap\enduser\winstore\installservice\libqueue2\installqueue2.cpp (3713)"
"19-08-2026 10:14:34","2006","Information","Microsoft-Windows-Install-Agent","[Telemetry]: FulfillmentComplete :: ProductId = 9NBLGGH4QGHW  PFN = Microsoft.MicrosoftStickyNotes_8wekyb3d8bbwe  CatalogId =   FailedRetry = 0  DownloadSize = 133120  IsInteractive = 0  ClientAppId = Update;MoUpdateOrchestratorDeviceScan-MoUsoCoreWorker-SearchForAllUpdatesWithUpdateOptionsAsync  HResult = 0  __TlgCV__ = C2GP50Qp5keFT0qP.0.0  
Error: Unknown HResult Error code: 0xefffffff
Function: LogTelemetryEvent
Source: onecoreuap\enduser\winstore\installservice\svc\logging.cpp (10)"
"19-08-2026 10:14:34","2006","Information","Microsoft-Windows-Install-Agent","[Telemetry]: StateTransition :: ProductId = 9NBLGGH4QGHW  PFN = Microsoft.MicrosoftStickyNotes_8wekyb3d8bbwe  CatalogId =   FulfillmentPluginId = WU  PluginTelemetryData = {""OperationType"":""Update"",""ClientAppId"":""Update;MoUpdateOrchestratorDeviceScan-MoUsoCoreWorker-SearchForAllUpdatesWithUpdateOptionsAsync"",""ContentId"":""Microsoft.MicrosoftStickyNotes_6.1.4.0_neutral_~_8wekyb3d8bbwe"",""WUContentId"":""68e019eb-0b92-5e08-5d86-9bfe6dba8517"",""IsRemediation"":0,""CategoryId"":""b90f3a9a-c043-41a7-a774-e51f6069283b"",""ParentBundleId"":"""",""DownloadSize"":133120,""SystemAttemptNumber"":2,""UserAttemptNumber"":0,""AttemptNumber"":2,""WorkProperties"":{""IsInteractive"":0,""CallerApplicationId"":""MoUpdateOrchestratorDeviceScan-MoUsoCoreWorker-SearchForAllUpdatesWithUpdateOptionsAsync"",""InstallForAllUsers"":0,""AllowDownloadOnAnyNetwork"":0,""ForceUseOfNonRemovableStorage"":0,""AllowForcedAppRestart"":0,""IsDiscInstall"":0,""IsRestore"":0,""Repair"":0,""StageButDoNotInstall"":0,""RequiresElevation"":0,""AutomaticallyDownloadAndInstallUpdateIfFound"":0,""AllowCachedResult"":0,""UserIdentityInfo"":"""",""VolumePath"":""""},""extendedErrorCode"":0}  PrevState = Working  NewState = Completed  PluginLastStage = 5  HResult = 0  __TlgCV__ = C2GP50Qp5keFT0qP.0.0  
Error: Unknown HResult Error code: 0xefffffff
Function: LogTelemetryEvent
Source: onecoreuap\enduser\winstore\installservice\svc\logging.cpp (10)"
"19-08-2026 10:14:34","2006","Information","Microsoft-Windows-Install-Agent","[Telemetry]: EndInstall :: _TlgCV_ = C2GP50Qp5keFT0qP.1.9  ProductId = 9NBLGGH4QGHW  PFN = Microsoft.MicrosoftStickyNotes_8wekyb3d8bbwe  CategoryId = b90f3a9a-c043-41a7-a774-e51f6069283b  UpdateId = 03c8cb8c-2f0d-4246-902f-e8302cb17d9e  BundleId =   IsUpdate = true  IsRemediation = false  IsInteractive = false  IsMandatory = false  IsRestore = false  AttemptNumber = 2  SystemAttemptNumber = 2  UserAttemptNumber = 0  ClientAppId = Update;MoUpdateOrchestratorDeviceScan-MoUsoCoreWorker-SearchForAllUpdatesWithUpdateOptionsAsync  ParentBundleId =   IsBundle = false  WUContentId = 68e019eb-0b92-5e08-5d86-9bfe6dba8517  AggregatedPackageFullNames = Microsoft.MicrosoftStickyNotes_6.1.4.0_neutral_~_8wekyb3d8bbwe  StageDurationInMilliseconds = 3506  HResult = 0  ExtendedHResult = -2147023728  
Error: Unknown HResult Error code: 0xefffffff
Function: LogTelemetryEvent
Source: onecoreuap\enduser\winstore\installservice\svc\logging.cpp (10)"
"19-08-2026 10:14:34","2005","Verbose","Microsoft-Windows-Install-Agent","Releasing InstallAgentPdcActivation
Error: Unknown HResult Error code: 0xefffffff
Function: UWAInstallWork::_InstallCompleted
Source: onecoreuap\enduser\winstore\installservice\lib\uwainstallwork.cpp (7753)"
"19-08-2026 10:14:34","2006","Information","Microsoft-Windows-Install-Agent","Completed Register operation for 1 users
Error: Unknown HResult Error code: 0xefffffff
Function: UWAInstallWork::_DoInstallWorkForAllLoggedOnUsers
Source: onecoreuap\enduser\winstore\installservice\lib\uwainstallwork.cpp (7499)"
"19-08-2026 10:14:34","2006","Information","Microsoft-Windows-Install-Agent","Nothing to register for User: S-1-12-1-2357405129-1281513531-255772574-1816207334. Skipping Install
Error: Unknown HResult Error code: 0xefffffff
Function: UWAInstallWork::_DoInstallWorkForAllLoggedOnUsers
Source: onecoreuap\enduser\winstore\installservice\lib\uwainstallwork.cpp (7424)"
"19-08-2026 10:14:34","2006","Information","Microsoft-Windows-Install-Agent","WU scan found 0 packages
Error: Unknown HResult Error code: 0xefffffff
Function: _PackagesFromSearchResult
Source: onecoreuap\enduser\winstore\installservice\lib\wuhelpers.cpp (157)"
"19-08-2026 10:14:33","2006","Information","Microsoft-Windows-Install-Agent","Queue State: Working = 2, Pending = 0, Idle = 2  
Error: The operation completed successfully.
Function: InstallQueue2::_FindNextPendingItem
Source: onecoreuap\enduser\winstore\installservice\libqueue2\installqueue2.cpp (4735)"
"19-08-2026 10:14:33","2006","Information","Microsoft-Windows-Install-Agent","[Telemetry]: InstallQueueHeartbeat :: ProductId = 9PLFNLNT3G5G  PFN = AppUp.IntelGraphicsExperience_8j3eq9eme6ctt  DownloadSize = 0  IsInteractive = 0  PreviousPercentDownloaded = 0  CurrentPercentDownloaded = 0  BytesDownloadedSinceLastProgress = 66560  TimeSinceLastProgressReported = 514  ConcurrentWorkingItems = 2  __TlgCV__ = Xem5Ppz73UK1XOmr.5  
Error: Unknown HResult Error code: 0xefffffff
Function: LogTelemetryEvent
Source: onecoreuap\enduser\winstore\installservice\svc\logging.cpp (10)"
"19-08-2026 10:14:33","2005","Verbose","Microsoft-Windows-Install-Agent","UWAInstallWork::OnProgress Updating InstallAgentPdcActivation
Error: Unknown HResult Error code: 0xefffffff
Function: UWAInstallWork::OnProgress
Source: onecoreuap\enduser\winstore\installservice\lib\uwainstallwork.cpp (1285)"
"19-08-2026 10:14:33","2006","Information","Microsoft-Windows-Install-Agent","Queue State: Working = 2, Pending = 0, Idle = 2  
Error: The operation completed successfully.
Function: InstallQueue2::_FindNextPendingItem
Source: onecoreuap\enduser\winstore\installservice\libqueue2\installqueue2.cpp (4735)"
"19-08-2026 10:14:33","2006","Information","Microsoft-Windows-Install-Agent","[Telemetry]: InstallQueueHeartbeat :: ProductId = 9PLFNLNT3G5G  PFN = AppUp.IntelGraphicsExperience_8j3eq9eme6ctt  DownloadSize = 0  IsInteractive = 0  PreviousPercentDownloaded = 0  CurrentPercentDownloaded = 0  BytesDownloadedSinceLastProgress = 133120  TimeSinceLastProgressReported = 1883  ConcurrentWorkingItems = 2  __TlgCV__ = Xem5Ppz73UK1XOmr.5  
Error: Unknown HResult Error code: 0xefffffff
Function: LogTelemetryEvent
Source: onecoreuap\enduser\winstore\installservice\svc\logging.cpp (10)"
"19-08-2026 10:14:33","2005","Verbose","Microsoft-Windows-Install-Agent","UWAInstallWork::OnProgress Updating InstallAgentPdcActivation
Error: Unknown HResult Error code: 0xefffffff
Function: UWAInstallWork::OnProgress
Source: onecoreuap\enduser\winstore\installservice\lib\uwainstallwork.cpp (1285)"
"19-08-2026 10:14:31","2006","Information","Microsoft-Windows-Install-Agent","Queue State: Working = 2, Pending = 0, Idle = 2  
Error: The operation completed successfully.
Function: InstallQueue2::_FindNextPendingItem
Source: onecoreuap\enduser\winstore\installservice\libqueue2\installqueue2.cpp (4735)"
"19-08-2026 10:14:31","2006","Information","Microsoft-Windows-Install-Agent","[Telemetry]: InstallQueueHeartbeat :: ProductId = 9PLFNLNT3G5G  PFN = AppUp.IntelGraphicsExperience_8j3eq9eme6ctt  DownloadSize = 0  IsInteractive = 0  PreviousPercentDownloaded = 0  CurrentPercentDownloaded = 0  BytesDownloadedSinceLastProgress = 133120  TimeSinceLastProgressReported = 3513  ConcurrentWorkingItems = 2  __TlgCV__ = Xem5Ppz73UK1XOmr.5  
Error: Unknown HResult Error code: 0xefffffff
Function: LogTelemetryEvent
Source: onecoreuap\enduser\winstore\installservice\svc\logging.cpp (10)"
"19-08-2026 10:14:31","2005","Verbose","Microsoft-Windows-Install-Agent","UWAInstallWork::OnProgress Updating InstallAgentPdcActivation
Error: Unknown HResult Error code: 0xefffffff
Function: UWAInstallWork::OnProgress
Source: onecoreuap\enduser\winstore\installservice\lib\uwainstallwork.cpp (1285)"
"19-08-2026 10:14:31","2006","Information","Microsoft-Windows-Install-Agent","[Telemetry]: DownloadProgressHeartbeat :: _TlgCV_ = C2GP50Qp5keFT0qP.1.3  ClientAppId = Update;MoUpdateOrchestratorDeviceScan-MoUsoCoreWorker-SearchForAllUpdatesWithUpdateOptionsAsync  ProductId = 9PLFNLNT3G5G  PFN = AppUp.IntelGraphicsExperience_8j3eq9eme6ctt  DownloadSize = 0  IsInteractive = false  IsInstall = false  PreviousPercentDownloaded = 0  CurrentPercentDownloaded = 0  PreviousTotalBytesDownloaded = 133120  CurrentTotalBytesDownloaded = 133120  timeSinceLastProgressReported = 71034406  
Error: Unknown HResult Error code: 0xefffffff
Function: LogTelemetryEvent
Source: onecoreuap\enduser\winstore\installservice\svc\logging.cpp (10)"
"19-08-2026 10:14:31","2006","Information","Microsoft-Windows-Install-Agent","WU query: ""IsInstalled=0 AND AppCategoryIDs contains 'b90f3a9a-c043-41a7-a774-e51f6069283b'""
Error: Unknown HResult Error code: 0xefffffff
Function: SearchUpdatePackages
Source: onecoreuap\enduser\winstore\installservice\lib\wuhelpers.cpp (359)"
"19-08-2026 10:14:31","2006","Information","Microsoft-Windows-Install-Agent","UUS Version = 1508.2606.17012.0
Error: Unknown HResult Error code: 0xefffffff
Function: SearchUpdatePackages
Source: onecoreuap\enduser\winstore\installservice\lib\wuhelpers.cpp (286)"
"19-08-2026 10:14:31","2006","Information","Microsoft-Windows-Install-Agent","Queue State: Working = 2, Pending = 0, Idle = 2  
Error: The operation completed successfully.
Function: InstallQueue2::_FindNextPendingItem
Source: onecoreuap\enduser\winstore\installservice\libqueue2\installqueue2.cpp (4735)"
"19-08-2026 10:14:31","2006","Information","Microsoft-Windows-Install-Agent","AppId = b90f3a9a-c043-41a7-a774-e51f6069283b, WU Installed Flag = 0, OnlineSearch = 0, Interactive = 0, Scope = 2, Client ID = Update;MoUpdateOrchestratorDeviceScan-MoUsoCoreWorker-SearchForAllUpdatesWithUpdateOptionsAsync
Error: Unknown HResult Error code: 0xefffffff
Function: SearchUpdatePackages
Source: onecoreuap\enduser\winstore\installservice\lib\wuhelpers.cpp (280)"
"19-08-2026 10:14:31","2006","Information","Microsoft-Windows-Install-Agent","Progress Update: Item = 9NBLGGH4QGHW  Progress Stage = Installing, Completed = 133120, Total = 133120, Total = 95   
Error: The operation completed successfully.
Function: InstallQueue2::NotifyWorkProgress
Source: onecoreuap\enduser\winstore\installservice\libqueue2\installqueue2.cpp (4055)"
"19-08-2026 10:14:31","2006","Information","Microsoft-Windows-Install-Agent","Attempting to register update for User:S-1-12-1-2357405129-1281513531-255772574-1816207334
Error: Unknown HResult Error code: 0xefffffff
Function: UWAInstallWork::_DoInstallWorkForAllLoggedOnUsers
Source: onecoreuap\enduser\winstore\installservice\lib\uwainstallwork.cpp (7392)"
"19-08-2026 10:14:31","2006","Information","Microsoft-Windows-Install-Agent","[Telemetry]: BeginInstall :: _TlgCV_ = C2GP50Qp5keFT0qP.1.9  ProductId = 9NBLGGH4QGHW  PFN = Microsoft.MicrosoftStickyNotes_8wekyb3d8bbwe  CategoryId = b90f3a9a-c043-41a7-a774-e51f6069283b  BundleId =   IsUpdate = true  IsRemediation = false  IsInteractive = false  IsMandatory = false  IsRestore = false  AttemptNumber = 2  SystemAttemptNumber = 2  UserAttemptNumber = 0  ClientAppId = Update;MoUpdateOrchestratorDeviceScan-MoUsoCoreWorker-SearchForAllUpdatesWithUpdateOptionsAsync  ParentBundleId =   IsBundle = false  WUContentId = 68e019eb-0b92-5e08-5d86-9bfe6dba8517  AggregatedPackageFullNames = Microsoft.MicrosoftStickyNotes_6.1.4.0_neutral_~_8wekyb3d8bbwe  
Error: Unknown HResult Error code: 0xefffffff
Function: LogTelemetryEvent
Source: onecoreuap\enduser\winstore\installservice\svc\logging.cpp (10)"
"19-08-2026 10:14:31","2006","Information","Microsoft-Windows-Install-Agent","Update requested from LocalSystem context. Attempting to register for all logged-on users who have it
Error: Unknown HResult Error code: 0xefffffff
Function: UWAInstallWork::_DoNormalInstall
Source: onecoreuap\enduser\winstore\installservice\lib\uwainstallwork.cpp (3289)"
"19-08-2026 10:14:31","2006","Information","Microsoft-Windows-Install-Agent","Stage User Data for Remediation or Restore scenario
Error: Unknown HResult Error code: 0xefffffff
Function: UWAInstallWork::_DoNormalInstall
Source: onecoreuap\enduser\winstore\installservice\lib\uwainstallwork.cpp (3227)"
"19-08-2026 10:14:31","2006","Information","Microsoft-Windows-Install-Agent","[Telemetry]: EndDownload :: _TlgCV_ = C2GP50Qp5keFT0qP.1.2  ProductId = 9NBLGGH4QGHW  PFN = Microsoft.MicrosoftStickyNotes_8wekyb3d8bbwe  CategoryId = b90f3a9a-c043-41a7-a774-e51f6069283b  UpdateId = 03c8cb8c-2f0d-4246-902f-e8302cb17d9e  BundleId =   IsUpdate = true  IsRemediation = false  IsInteractive = false  IsMandatory = false  IsRestore = false  AttemptNumber = 2  SystemAttemptNumber = 2  UserAttemptNumber = 0  ClientAppId = Update;MoUpdateOrchestratorDeviceScan-MoUsoCoreWorker-SearchForAllUpdatesWithUpdateOptionsAsync;;AllContent  DownloadSize = 133120  ParentBundleId =   IsBundle = false  WUContentId = 68e019eb-0b92-5e08-5d86-9bfe6dba8517  AggregatedPackageFullNames = Microsoft.MicrosoftStickyNotes_6.1.4.0_neutral_~_8wekyb3d8bbwe  StageDurationInMilliseconds = 9969  HResult = 0  ExtendedHResult = 0  
Error: Unknown HResult Error code: 0xefffffff
Function: LogTelemetryEvent
Source: onecoreuap\enduser\winstore\installservice\svc\logging.cpp (10)"
"19-08-2026 10:14:31","2006","Information","Microsoft-Windows-Install-Agent","Queue State: Working = 2, Pending = 0, Idle = 2  
Error: The operation completed successfully.
Function: InstallQueue2::_FindNextPendingItem
Source: onecoreuap\enduser\winstore\installservice\libqueue2\installqueue2.cpp (4735)"
"19-08-2026 10:14:31","2006","Information","Microsoft-Windows-Install-Agent","[Telemetry]: InstallQueueHeartbeat :: ProductId = 9NBLGGH4QGHW  PFN = Microsoft.MicrosoftStickyNotes_8wekyb3d8bbwe  DownloadSize = 325665  IsInteractive = 0  PreviousPercentDownloaded = 95  CurrentPercentDownloaded = 95  BytesDownloadedSinceLastProgress = 18446744073709359071  TimeSinceLastProgressReported = 2139  ConcurrentWorkingItems = 2  __TlgCV__ = Xem5Ppz73UK1XOmr.5  
Error: Unknown HResult Error code: 0xefffffff
Function: LogTelemetryEvent
Source: onecoreuap\enduser\winstore\installservice\svc\logging.cpp (10)"
"19-08-2026 10:14:31","2005","Verbose","Microsoft-Windows-Install-Agent","UWAInstallWork::OnProgress Updating InstallAgentPdcActivation
Error: Unknown HResult Error code: 0xefffffff
Function: UWAInstallWork::OnProgress
Source: onecoreuap\enduser\winstore\installservice\lib\uwainstallwork.cpp (1285)"
"19-08-2026 10:14:28","2006","Information","Microsoft-Windows-Install-Agent","Queue State: Working = 2, Pending = 0, Idle = 2  
Error: The operation completed successfully.
Function: InstallQueue2::_FindNextPendingItem
Source: onecoreuap\enduser\winstore\installservice\libqueue2\installqueue2.cpp (4735)"
"19-08-2026 10:14:28","2006","Information","Microsoft-Windows-Install-Agent","Progress Update: Item = 9NBLGGH4QGHW  Progress Stage = DownloadingProduct, Completed = 325665, Total = 325665, Total = 95   
Error: The operation completed successfully.
Function: InstallQueue2::NotifyWorkProgress
Source: onecoreuap\enduser\winstore\installservice\libqueue2\installqueue2.cpp (4055)"
"19-08-2026 10:14:28","2006","Information","Microsoft-Windows-Install-Agent","[Telemetry]: InstallQueueHeartbeat :: ProductId = 9NBLGGH4QGHW  PFN = Microsoft.MicrosoftStickyNotes_8wekyb3d8bbwe  DownloadSize = 325665  IsInteractive = 0  PreviousPercentDownloaded = 48  CurrentPercentDownloaded = 95  BytesDownloadedSinceLastProgress = 0  TimeSinceLastProgressReported = 192  ConcurrentWorkingItems = 2  __TlgCV__ = Xem5Ppz73UK1XOmr.5  
Error: Unknown HResult Error code: 0xefffffff
Function: LogTelemetryEvent
Source: onecoreuap\enduser\winstore\installservice\svc\logging.cpp (10)"
"19-08-2026 10:14:28","2005","Verbose","Microsoft-Windows-Install-Agent","UWAInstallWork::OnProgress Updating InstallAgentPdcActivation
Error: Unknown HResult Error code: 0xefffffff
Function: UWAInstallWork::OnProgress
Source: onecoreuap\enduser\winstore\installservice\lib\uwainstallwork.cpp (1285)"
"19-08-2026 10:14:28","2006","Information","Microsoft-Windows-Install-Agent","Queue State: Working = 2, Pending = 0, Idle = 2  
Error: The operation completed successfully.
Function: InstallQueue2::_FindNextPendingItem
Source: onecoreuap\enduser\winstore\installservice\libqueue2\installqueue2.cpp (4735)"
"19-08-2026 10:14:28","2006","Information","Microsoft-Windows-Install-Agent","[Telemetry]: InstallQueueHeartbeat :: ProductId = 9NBLGGH4QGHW  PFN = Microsoft.MicrosoftStickyNotes_8wekyb3d8bbwe  DownloadSize = 0  IsInteractive = 0  PreviousPercentDownloaded = 0  CurrentPercentDownloaded = 48  BytesDownloadedSinceLastProgress = 60421  TimeSinceLastProgressReported = 699  ConcurrentWorkingItems = 2  __TlgCV__ = Xem5Ppz73UK1XOmr.5  
Error: Unknown HResult Error code: 0xefffffff
Function: LogTelemetryEvent
Source: onecoreuap\enduser\winstore\installservice\svc\logging.cpp (10)"
"19-08-2026 10:14:28","2005","Verbose","Microsoft-Windows-Install-Agent","UWAInstallWork::OnProgress Updating InstallAgentPdcActivation
Error: Unknown HResult Error code: 0xefffffff
Function: UWAInstallWork::OnProgress
Source: onecoreuap\enduser\winstore\installservice\lib\uwainstallwork.cpp (1285)"
"19-08-2026 10:14:28","2006","Information","Microsoft-Windows-Install-Agent","[Telemetry]: DownloadProgressHeartbeat :: _TlgCV_ = C2GP50Qp5keFT0qP.1.6  ClientAppId = Update;MoUpdateOrchestratorDeviceScan-MoUsoCoreWorker-SearchForAllUpdatesWithUpdateOptionsAsync  ProductId = 9NBLGGH4QGHW  PFN = Microsoft.MicrosoftStickyNotes_8wekyb3d8bbwe  DownloadSize = 325665  IsInteractive = false  IsInstall = false  PreviousPercentDownloaded = 0  CurrentPercentDownloaded = 48  PreviousTotalBytesDownloaded = 325665  CurrentTotalBytesDownloaded = 325665  timeSinceLastProgressReported = 698  
Error: Unknown HResult Error code: 0xefffffff
Function: LogTelemetryEvent
Source: onecoreuap\enduser\winstore\installservice\svc\logging.cpp (10)"
"19-08-2026 10:14:28","2006","Information","Microsoft-Windows-Install-Agent","[Telemetry]: DownloadProgressHeartbeat :: _TlgCV_ = C2GP50Qp5keFT0qP.1.6  ClientAppId = Update;MoUpdateOrchestratorDeviceScan-MoUsoCoreWorker-SearchForAllUpdatesWithUpdateOptionsAsync  ProductId = 9NBLGGH4QGHW  PFN = Microsoft.MicrosoftStickyNotes_8wekyb3d8bbwe  DownloadSize = 325665  IsInteractive = false  IsInstall = false  PreviousPercentDownloaded = 0  CurrentPercentDownloaded = 48  PreviousTotalBytesDownloaded = 325665  CurrentTotalBytesDownloaded = 325665  timeSinceLastProgressReported = 18446744073709551614  
Error: Unknown HResult Error code: 0xefffffff
Function: LogTelemetryEvent
Source: onecoreuap\enduser\winstore\installservice\svc\logging.cpp (10)"
"19-08-2026 10:14:28","2006","Information","Microsoft-Windows-Install-Agent","Queue State: Working = 2, Pending = 0, Idle = 2  
Error: The operation completed successfully.
Function: InstallQueue2::_FindNextPendingItem
Source: onecoreuap\enduser\winstore\installservice\libqueue2\installqueue2.cpp (4735)"
"19-08-2026 10:14:28","2006","Information","Microsoft-Windows-Install-Agent","[Telemetry]: InstallQueueHeartbeat :: ProductId = 9NBLGGH4QGHW  PFN = Microsoft.MicrosoftStickyNotes_8wekyb3d8bbwe  DownloadSize = 0  IsInteractive = 0  PreviousPercentDownloaded = 0  CurrentPercentDownloaded = 0  BytesDownloadedSinceLastProgress = 65564  TimeSinceLastProgressReported = 2188  ConcurrentWorkingItems = 2  __TlgCV__ = Xem5Ppz73UK1XOmr.5  
Error: Unknown HResult Error code: 0xefffffff
Function: LogTelemetryEvent
Source: onecoreuap\enduser\winstore\installservice\svc\logging.cpp (10)"
"19-08-2026 10:14:28","2005","Verbose","Microsoft-Windows-Install-Agent","UWAInstallWork::OnProgress Updating InstallAgentPdcActivation
Error: Unknown HResult Error code: 0xefffffff
Function: UWAInstallWork::OnProgress
Source: onecoreuap\enduser\winstore\installservice\lib\uwainstallwork.cpp (1285)"
"19-08-2026 10:14:27","2006","Information","Microsoft-Windows-Install-Agent","Queue State: Working = 2, Pending = 0, Idle = 2  
Error: The operation completed successfully.
Function: InstallQueue2::_FindNextPendingItem
Source: onecoreuap\enduser\winstore\installservice\libqueue2\installqueue2.cpp (4735)"
"19-08-2026 10:14:27","2005","Verbose","Microsoft-Windows-Install-Agent","Created task progress for AppUp.IntelGraphicsExperience_8j3eq9eme6ctt with parentbundleId 
Error: Unknown HResult Error code: 0xefffffff
Function: UWAInstallWork::_DoDownload
Source: onecoreuap\enduser\winstore\installservice\lib\uwainstallwork.cpp (5487)"
"19-08-2026 10:14:27","2006","Information","Microsoft-Windows-Install-Agent","[Telemetry]: BeginDownload :: _TlgCV_ = C2GP50Qp5keFT0qP.1.2  ProductId = 9PLFNLNT3G5G  PFN = AppUp.IntelGraphicsExperience_8j3eq9eme6ctt  CategoryId = e16735c5-32a5-4fc3-a094-7c4c073b30b8  BundleId =   IsUpdate = true  IsRemediation = false  IsInteractive = false  IsMandatory = false  IsRestore = false  AttemptNumber = 2  SystemAttemptNumber = 2  UserAttemptNumber = 0  ClientAppId = Update;MoUpdateOrchestratorDeviceScan-MoUsoCoreWorker-SearchForAllUpdatesWithUpdateOptionsAsync  ParentBundleId =   IsBundle = false  WUContentId = 7d8bb837-86fa-c111-76a5-0569498acfc3  AggregatedPackageFullNames = AppUp.IntelGraphicsExperience_1.100.5688.0_neutral_~_8j3eq9eme6ctt  
Error: Unknown HResult Error code: 0xefffffff
Function: LogTelemetryEvent
Source: onecoreuap\enduser\winstore\installservice\svc\logging.cpp (10)"
"19-08-2026 10:14:27","2006","Information","Microsoft-Windows-Install-Agent","Progress Update: Item = 9PLFNLNT3G5G  Progress Stage = DownloadingProduct, Completed = 0, Total = 0, Total = 0   
Error: The operation completed successfully.
Function: InstallQueue2::NotifyWorkProgress
Source: onecoreuap\enduser\winstore\installservice\libqueue2\installqueue2.cpp (4055)"
"19-08-2026 10:14:27","2006","Information","Microsoft-Windows-Install-Agent","[Telemetry]: InstallQueueHeartbeat :: ProductId = 9PLFNLNT3G5G  PFN = AppUp.IntelGraphicsExperience_8j3eq9eme6ctt  DownloadSize = 0  IsInteractive = 0  PreviousPercentDownloaded = 0  CurrentPercentDownloaded = 0  BytesDownloadedSinceLastProgress = 0  TimeSinceLastProgressReported = 62673  ConcurrentWorkingItems = 2  __TlgCV__ = Xem5Ppz73UK1XOmr.5  
Error: Unknown HResult Error code: 0xefffffff
Function: LogTelemetryEvent
Source: onecoreuap\enduser\winstore\installservice\svc\logging.cpp (10)"
"19-08-2026 10:14:27","2006","Information","Microsoft-Windows-Install-Agent","[Telemetry]: EndAcquireLicense :: _TlgCV_ = C2GP50Qp5keFT0qP.1.1  ProductId = 9PLFNLNT3G5G  PFN = AppUp.IntelGraphicsExperience_8j3eq9eme6ctt  CategoryId = e16735c5-32a5-4fc3-a094-7c4c073b30b8  BundleId =   IsUpdate = true  IsRemediation = false  IsInteractive = false  IsMandatory = false  IsRestore = false  AttemptNumber = 2  SystemAttemptNumber = 2  UserAttemptNumber = 0  ClientAppId = Update;MoUpdateOrchestratorDeviceScan-MoUsoCoreWorker-SearchForAllUpdatesWithUpdateOptionsAsync  ParentBundleId =   IsBundle = false  WUContentId = 7d8bb837-86fa-c111-76a5-0569498acfc3  AggregatedPackageFullNames = AppUp.IntelGraphicsExperience_1.100.5688.0_neutral_~_8j3eq9eme6ctt  StageDurationInMilliseconds = 22  HResult = 0  
Error: Unknown HResult Error code: 0xefffffff
Function: LogTelemetryEvent
Source: onecoreuap\enduser\winstore\installservice\svc\logging.cpp (10)"
"19-08-2026 10:14:27","8001","Information","Microsoft-Windows-Store","Set results for lease = 0x0, policy = 0, operation = 0, Leasebehavior = 0
Function: KeyMachine::DoSetResult
Source: onecoreuap\enduser\winstore\licensemanager\lib\keymachine.cpp (1520)"
"19-08-2026 10:14:27","8012","Verbose","Microsoft-Windows-Store","0x134d2857c90: 19900: Key:Initial Change: Key:Invalid => 7d8bb837-86fa-c111-76a5-0569498acfc3"
"19-08-2026 10:14:27","8011","Verbose","Microsoft-Windows-Store","0x134d2857c90: 19900: 7d8bb837-86fa-c111-76a5-0569498acfc3: Dispatch: Key:Unregistered => Key:Initial"
"19-08-2026 10:14:27","8001","Information","Microsoft-Windows-Store","Decoding: {""entitlementId"":""5da71b9b-6fd5-198f-2f4b-2112fde05dc9"",""entitlementSatisfaction"":""Device"",""isOffline"":true,""leaseEnforcement"":""None"",""leaseUri"":""https://licensing.md.mp.microsoft.com/v7.0/licenses/?beneficiaryId=msahwonecoreuap\enduser\winstore\licensemanager\lib\clipdocument.cppa6966531213213045&contentId=7d8bb837-86fa-c111-76a5-0569498acfc3&entitlementId=5da71b9b-6fd5-198f-2f4b-2112fde05dc9&market=IN&policyType=Device"",""keyIds"":[""eb60a032-7da2-4ec7-6057-ab765e4f2fb3""],""kind"":""Content"",""packages"":[{""packageIdentifier"":""7d8bb837-86fa-c111-76a5-0569498acfc3"",""packageType"":""msix"",""productAddOns"":[],""productId"":""9PLFNLNT3G5G"",""skuId"":""0010""}],""pollAt"":""2026-06-05T14:04:01.7992089+00:00"",""refreshOnStartup"":false,""version"":7}
Function: DecodeCustomPolicy
Source: onecoreuap\enduser\winstore\licensemanager\lib\clipdocument.cpp (50)"
"19-08-2026 10:14:27","8001","Information","Microsoft-Windows-Store","Decoding: {""entitlementId"":""5da71b9b-6fd5-198f-2f4b-2112fde05dc9"",""entitlementSatisfaction"":""Device"",""isOffline"":true,""leaseEnforcement"":""None"",""leaseUri"":""https://licensing.md.mp.microsoft.com/v7.0/licenses/?beneficiaryId=msahwonecoreuap\enduser\winstore\licensemanager\lib\clipdocument.cppa6966531213213045&contentId=7d8bb837-86fa-c111-76a5-0569498acfc3&entitlementId=5da71b9b-6fd5-198f-2f4b-2112fde05dc9&market=IN&policyType=Device"",""keyIds"":[""eb60a032-7da2-4ec7-6057-ab765e4f2fb3""],""kind"":""Content"",""packages"":[{""packageIdentifier"":""7d8bb837-86fa-c111-76a5-0569498acfc3"",""packageType"":""msix"",""productAddOns"":[],""productId"":""9PLFNLNT3G5G"",""skuId"":""0010""}],""pollAt"":""2026-06-05T14:04:01.7992089+00:00"",""refreshOnStartup"":false,""version"":7}
Function: DecodeCustomPolicy
Source: onecoreuap\enduser\winstore\licensemanager\lib\clipdocument.cpp (50)"
"19-08-2026 10:14:27","8001","Information","Microsoft-Windows-Store","Decoding: {""legacyProductId"":""80894bca-bc60-4314-a8c2-9dc74e04e928""}
Function: DecodeCustomPolicy
Source: onecoreuap\enduser\winstore\licensemanager\lib\clipdocument.cpp (50)"
"19-08-2026 10:14:27","8012","Verbose","Microsoft-Windows-Store","0x134d2857c90: 19900: Key:NegotiatingInactive Change: Key:Initial => 7d8bb837-86fa-c111-76a5-0569498acfc3"
"19-08-2026 10:14:27","8001","Information","Microsoft-Windows-Store","Set results for lease = 0xd2164118, policy = 1, operation = 2, Leasebehavior = 0
Function: KeyMachine::DoSetResult
Source: onecoreuap\enduser\winstore\licensemanager\lib\keymachine.cpp (1520)"
"19-08-2026 10:14:27","8011","Verbose","Microsoft-Windows-Store","0x134d2857c90: 19900: 7d8bb837-86fa-c111-76a5-0569498acfc3: Dispatch: Key:@LicenseDone => Key:NegotiatingInactive"
"19-08-2026 10:14:27","8001","Information","Microsoft-Windows-Store","lease = 0xd2164118, usage = 0, policy = 1, operation = 2, leaseBehavior = 0, shouldContentBeDeactivated = 0
Function: KeyMachine::DoLicenseThreadProc
Source: onecoreuap\enduser\winstore\licensemanager\lib\keymachine.cpp (905)"
"19-08-2026 10:14:27","8001","Information","Microsoft-Windows-Store","Returning 1 lease documents for contentid 7D8BB837-86FA-C111-76A5-0569498ACFC3
Function: ClipStorage::GetLeaseDocumentsForKeyDocument
Source: onecoreuap\enduser\winstore\licensemanager\lib\clipstorage.cpp (460)"
"19-08-2026 10:14:27","8001","Information","Microsoft-Windows-Store","Adding lease {9F72C66B-53CD-3ECB-6776-DE766F806434} to results
Function: ClipStorage::GetLeaseDocumentsForKeyDocument
Source: onecoreuap\enduser\winstore\licensemanager\lib\clipstorage.cpp (387)"
"19-08-2026 10:14:27","8001","Information","Microsoft-Windows-Store","Decoding: {""entitlementId"":""5da71b9b-6fd5-198f-2f4b-2112fde05dc9"",""entitlementSatisfaction"":""Device"",""isOffline"":true,""leaseEnforcement"":""None"",""leaseUri"":""https://licensing.md.mp.microsoft.com/v7.0/licenses/?beneficiaryId=msahwonecoreuap\enduser\winstore\licensemanager\lib\clipdocument.cppa6966531213213045&contentId=7d8bb837-86fa-c111-76a5-0569498acfc3&entitlementId=5da71b9b-6fd5-198f-2f4b-2112fde05dc9&market=IN&policyType=Device"",""keyIds"":[""eb60a032-7da2-4ec7-6057-ab765e4f2fb3""],""kind"":""Content"",""packages"":[{""packageIdentifier"":""7d8bb837-86fa-c111-76a5-0569498acfc3"",""packageType"":""msix"",""productAddOns"":[],""productId"":""9PLFNLNT3G5G"",""skuId"":""0010""}],""pollAt"":""2026-06-05T14:04:01.7992089+00:00"",""refreshOnStartup"":false,""version"":7}
Function: DecodeCustomPolicy
Source: onecoreuap\enduser\winstore\licensemanager\lib\clipdocument.cpp (50)"
"19-08-2026 10:14:27","8001","Information","Microsoft-Windows-Store","Getting lease for 7d8bb837-86fa-c111-76a5-0569498acfc3
Function: LicenseManagerCore::GetExistingLeaseAndLicense
Source: onecoreuap\enduser\winstore\licensemanager\lib\managercore.cpp (415)"
"19-08-2026 10:14:27","8001","Information","Microsoft-Windows-Store","Returning key document for contentid 7d8bb837-86fa-c111-76a5-0569498acfc3
Function: ClipStorage::GetKeyDocumentForContentWithIdAndMinQuality
Source: onecoreuap\enduser\winstore\licensemanager\lib\clipstorage.cpp (262)"
"19-08-2026 10:14:27","8001","Information","Microsoft-Windows-Store","Accepting key with License ID {EB60A032-7DA2-4EC7-6057-AB765E4F2FB3} for Content ID 7d8bb837-86fa-c111-76a5-0569498acfc3 (first match)
Function: ClipStorage::GetKeyDocumentForContentWithIdAndMinQuality
Source: onecoreuap\enduser\winstore\licensemanager\lib\clipstorage.cpp (223)"
"19-08-2026 10:14:27","8001","Information","Microsoft-Windows-Store","Decoding: {""legacyProductId"":""80894bca-bc60-4314-a8c2-9dc74e04e928""}
Function: DecodeCustomPolicy
Source: onecoreuap\enduser\winstore\licensemanager\lib\clipdocument.cpp (50)"
"19-08-2026 10:14:27","8001","Information","Microsoft-Windows-Store","Considering License ID {EB60A032-7DA2-4EC7-6057-AB765E4F2FB3} for content ID 7d8bb837-86fa-c111-76a5-0569498acfc3...
Function: ClipStorage::GetKeyDocumentForContentWithIdAndMinQuality
Source: onecoreuap\enduser\winstore\licensemanager\lib\clipstorage.cpp (192)"
"19-08-2026 10:14:27","8012","Verbose","Microsoft-Windows-Store","0x134d2857c90: 19900: Key:Initial Change: Key:NegotiatingInactive => 7d8bb837-86fa-c111-76a5-0569498acfc3"
"19-08-2026 10:14:27","8001","Information","Microsoft-Windows-Store","00000134D2857C70: BeginLicense: Operation 2, CachedLeaseOK true, RequireServiceValidation true
Function: KeyMachine::DoBeginLicense
Source: onecoreuap\enduser\winstore\licensemanager\lib\keymachine.cpp (819)"
"19-08-2026 10:14:27","8011","Verbose","Microsoft-Windows-Store","0x134d2857c90: 19900: 7d8bb837-86fa-c111-76a5-0569498acfc3: Dispatch: Key:Connect => Key:Initial"
"19-08-2026 10:14:27","8011","Verbose","Microsoft-Windows-Store","0x134d21364a8: 19900: RootMachine: Dispatch: Root:Connect => Root:Valid"
"19-08-2026 10:14:27","8001","Information","Microsoft-Windows-Store","00000134D2857C70: Key Machine for content: 7d8bb837-86fa-c111-76a5-0569498acfc3
Function: KeyMachine::KeyMachine
Source: onecoreuap\enduser\winstore\licensemanager\lib\keymachine.cpp (95)"
"19-08-2026 10:14:27","8002","Warning","Microsoft-Windows-Store","Capturing identity for LocalSystem, this probably isn't intended
Function: StoredIdentity::StoredIdentity
Source: onecoreuap\enduser\winstore\licensemanager\lib\identity.cpp (536)"
"19-08-2026 10:14:27","8001","Information","Microsoft-Windows-Store","Licensing 7d8bb837-86fa-c111-76a5-0569498acfc3 (Inactive)
Function: LicenseManager::GetInactiveLicenseForContentWithId
Source: onecoreuap\enduser\winstore\licensemanager\lib\manager.cpp (140)"
"19-08-2026 10:14:27","8002","Warning","Microsoft-Windows-Store","ContentId: 7d8bb837-86fa-c111-76a5-0569498acfc3, Salt: none, Payload: none
Function: ApplicationLicenseManager::EnsureLicenseForApplicationDeployment
Source: onecoreuap\enduser\winstore\licensemanager\lib\applicensemanager.cpp (212)"
"19-08-2026 10:14:27","2006","Information","Microsoft-Windows-Install-Agent","[Telemetry]: BeginAcquireLicense :: _TlgCV_ = C2GP50Qp5keFT0qP.1.1  ProductId = 9PLFNLNT3G5G  PFN = AppUp.IntelGraphicsExperience_8j3eq9eme6ctt  CategoryId = e16735c5-32a5-4fc3-a094-7c4c073b30b8  BundleId =   IsUpdate = true  IsRemediation = false  IsInteractive = false  IsMandatory = false  IsRestore = false  AttemptNumber = 2  SystemAttemptNumber = 2  UserAttemptNumber = 0  ClientAppId = Update;MoUpdateOrchestratorDeviceScan-MoUsoCoreWorker-SearchForAllUpdatesWithUpdateOptionsAsync  ParentBundleId =   IsBundle = false  WUContentId = 7d8bb837-86fa-c111-76a5-0569498acfc3  AggregatedPackageFullNames = AppUp.IntelGraphicsExperience_1.100.5688.0_neutral_~_8j3eq9eme6ctt  
Error: Unknown HResult Error code: 0xefffffff
Function: LogTelemetryEvent
Source: onecoreuap\enduser\winstore\installservice\svc\logging.cpp (10)"
"19-08-2026 10:14:27","2006","Information","Microsoft-Windows-Install-Agent","Queue State: Working = 2, Pending = 0, Idle = 2  
Error: The operation completed successfully.
Function: InstallQueue2::_FindNextPendingItem
Source: onecoreuap\enduser\winstore\installservice\libqueue2\installqueue2.cpp (4735)"
"19-08-2026 10:14:27","2006","Information","Microsoft-Windows-Install-Agent","Queue State: Working = 2, Pending = 0, Idle = 2  
Error: The operation completed successfully.
Function: InstallQueue2::_FindNextPendingItem
Source: onecoreuap\enduser\winstore\installservice\libqueue2\installqueue2.cpp (4735)"
"19-08-2026 10:14:27","2006","Information","Microsoft-Windows-Install-Agent","Progress Update: Item = 9PLFNLNT3G5G  Progress Stage = AcquiringLicense, Completed = 0, Total = 0, Total = -1   
Error: The operation completed successfully.
Function: InstallQueue2::NotifyWorkProgress
Source: onecoreuap\enduser\winstore\installservice\libqueue2\installqueue2.cpp (4055)"
"19-08-2026 10:14:27","2006","Information","Microsoft-Windows-Install-Agent","Progress Update: Item = 9PLFNLNT3G5G  Progress Stage = Scanning, Completed = 0, Total = 0, Total = -1   
Error: The operation completed successfully.
Function: InstallQueue2::NotifyWorkProgress
Source: onecoreuap\enduser\winstore\installservice\libqueue2\installqueue2.cpp (4055)"
"19-08-2026 10:14:27","2006","Information","Microsoft-Windows-Install-Agent","Install Starting. Client Sid: S-1-5-18, User Sid: S-1-5-18
Error: Unknown HResult Error code: 0xefffffff
Function: UWAInstallWork::_DoNormalInstall
Source: onecoreuap\enduser\winstore\installservice\lib\uwainstallwork.cpp (3141)"
"19-08-2026 10:14:27","2006","Information","Microsoft-Windows-Install-Agent","DirectDownloadState determined: Disabled (matched disallow targeting)
Error: Unknown HResult Error code: 0xefffffff
Function: UWAInstallWork::_GetDirectDownloadState
Source: onecoreuap\enduser\winstore\installservice\lib\uwainstallwork.cpp (8305)"
"19-08-2026 10:14:27","2005","Verbose","Microsoft-Windows-Install-Agent","DirectDownloadState check parameters: clientId=MoUpdateOrchestratorDeviceScan, hresult=0x00000000, product=9PLFNLNT3G5G, region=IN, arch=amd64, installType=Update, errorStage=None
Error: Unknown HResult Error code: 0xefffffff
Function: UWAInstallWork::_GetDirectDownloadState
Source: onecoreuap\enduser\winstore\installservice\lib\uwainstallwork.cpp (8255)"
"19-08-2026 10:14:27","2006","Information","Microsoft-Windows-Install-Agent","Starting UWA Install Work
Error: Unknown HResult Error code: 0xefffffff
Function: UWAInstallWork::DoWork
Source: onecoreuap\enduser\winstore\installservice\lib\uwainstallwork.cpp (2013)"
"19-08-2026 10:14:27","2006","Information","Microsoft-Windows-Install-Agent","Raising State Change for Item = , InstallState = 7  
Error: The operation completed successfully.
Function: InstallQueue2::FlushEventQueue
Source: onecoreuap\enduser\winstore\installservice\libqueue2\installqueue2.cpp (3512)"
"19-08-2026 10:14:27","2006","Information","Microsoft-Windows-Install-Agent","Queue State: Working = 2, Pending = 0, Idle = 2  
Error: The operation completed successfully.
Function: InstallQueue2::_FindNextPendingItem
Source: onecoreuap\enduser\winstore\installservice\libqueue2\installqueue2.cpp (4735)"
"19-08-2026 10:14:27","2006","Information","Microsoft-Windows-Install-Agent","[End] SwitchState  Item = 9PLFNLNT3G5G  StateTransition = Pending -> Working  
Error: The operation completed successfully.
Function: InstallQueue2::_SwitchState
Source: onecoreuap\enduser\winstore\installservice\libqueue2\installqueue2.cpp (4886)"
"19-08-2026 10:14:27","2006","Information","Microsoft-Windows-Install-Agent","[Telemetry]: StateTransition :: ProductId = 9PLFNLNT3G5G  PFN = AppUp.IntelGraphicsExperience_8j3eq9eme6ctt  CatalogId =   FulfillmentPluginId = WU  PluginTelemetryData = {""WorkProperties"":{""IsInteractive"":0,""CallerApplicationId"":""MoUpdateOrchestratorDeviceScan-MoUsoCoreWorker-SearchForAllUpdatesWithUpdateOptionsAsync"",""InstallForAllUsers"":0,""AllowDownloadOnAnyNetwork"":0,""ForceUseOfNonRemovableStorage"":0,""AllowForcedAppRestart"":0,""IsDiscInstall"":0,""IsRestore"":0,""Repair"":0,""StageButDoNotInstall"":0,""RequiresElevation"":0,""AutomaticallyDownloadAndInstallUpdateIfFound"":0,""AllowCachedResult"":0,""UserIdentityInfo"":"""",""VolumePath"":""""},""extendedErrorCode"":0}  PrevState = Pending  NewState = Working  PluginLastStage = 0  HResult = 0  __TlgCV__ = C2GP50Qp5keFT0qP.0.0  
Error: Unknown HResult Error code: 0xefffffff
Function: LogTelemetryEvent
Source: onecoreuap\enduser\winstore\installservice\svc\logging.cpp (10)"
"19-08-2026 10:14:27","2006","Information","Microsoft-Windows-Install-Agent","[Start] SwitchState  Item = 9PLFNLNT3G5G  StateTransition = Pending -> Working  
Error: The operation completed successfully.
Function: InstallQueue2::_SwitchState
Source: onecoreuap\enduser\winstore\installservice\libqueue2\installqueue2.cpp (4886)"
"19-08-2026 10:14:27","2006","Information","Microsoft-Windows-Install-Agent","Queue State: Working = 1, Pending = 1, Idle = 2  
Error: The operation completed successfully.
Function: InstallQueue2::_FindNextPendingItem
Source: onecoreuap\enduser\winstore\installservice\libqueue2\installqueue2.cpp (4735)"
"19-08-2026 10:14:27","2006","Information","Microsoft-Windows-Install-Agent","[End] ResumeWithFlags2 QueueItemId = {FCA5D78B-5197-453F-95F9-023E8703620C}  
Error: The operation completed successfully.
Function: InstallQueue2::ResumeWithFlags2
Source: onecoreuap\enduser\winstore\installservice\libqueue2\installqueue2.cpp (965)"
"19-08-2026 10:14:27","2006","Information","Microsoft-Windows-Install-Agent","[End] Resume QueueItemId = {FCA5D78B-5197-453F-95F9-023E8703620C}  
Error: The operation completed successfully.
Function: InstallQueue2::Resume
Source: onecoreuap\enduser\winstore\installservice\libqueue2\installqueue2.cpp (735)"
"19-08-2026 10:14:27","2006","Information","Microsoft-Windows-Install-Agent","No other elements of similar priority found. Inserting default priority item either at the back of the list or before the first low priority itemItem = 9PLFNLNT3G5G  
Error: The operation completed successfully.
Function: InstallQueue2::NotifyPriorityChanged
Source: onecoreuap\enduser\winstore\installservice\libqueue2\installqueue2.cpp (3787)"
"19-08-2026 10:14:27","2006","Information","Microsoft-Windows-Install-Agent","Updating priority of qItemItem = 9PLFNLNT3G5G  Priority = 0  
Error: The operation completed successfully.
Function: InstallQueue2::NotifyPriorityChanged
Source: onecoreuap\enduser\winstore\installservice\libqueue2\installqueue2.cpp (3741)"
"19-08-2026 10:14:27","2006","Information","Microsoft-Windows-Install-Agent","Setting qitem priority to Default
Error: Unknown HResult Error code: 0xefffffff
Function: UWAInstallServiceWorkItem::UserOverrideRequestedForBlockedState
Source: onecoreuap\enduser\winstore\installservice\libqueue2\uwainstallworkbridge.cpp (982)"
