"06-08-2026 12:04:32","100","Information","Microsoft-Windows-Diagnosis-DPS","Diagnostic module {45de1ea9-10bc-4f96-9b21-4b6b83dbf476} (%windir%\system32\radardt.dll) detected a problem for scenario {180b3a99-8c39-4f12-b631-2031998efe45}, instance {5e3096d2-8858-40d8-9d9b-74d971f37c7c}, original activity ID {00000000-0000-0000-0000-000000000000}."
"06-08-2026 11:59:32","105","Information","Microsoft-Windows-Diagnosis-DPS","Diagnostic module {45de1ea9-10bc-4f96-9b21-4b6b83dbf476} (%windir%\system32\radardt.dll) started troubleshooting scenario {180b3a99-8c39-4f12-b631-2031998efe45}, instance {415788d0-c464-48e4-b872-c89b63637331}, original activity ID {00000000-0000-0000-0000-000000000000}."
"06-08-2026 11:59:32","100","Information","Microsoft-Windows-Diagnosis-DPS","Diagnostic module {45de1ea9-10bc-4f96-9b21-4b6b83dbf476} (%windir%\system32\radardt.dll) detected a problem for scenario {180b3a99-8c39-4f12-b631-2031998efe45}, instance {415788d0-c464-48e4-b872-c89b63637331}, original activity ID {00000000-0000-0000-0000-000000000000}."
"06-08-2026 11:54:31","105","Information","Microsoft-Windows-Diagnosis-DPS","Diagnostic module {45de1ea9-10bc-4f96-9b21-4b6b83dbf476} (%windir%\system32\radardt.dll) started troubleshooting scenario {180b3a99-8c39-4f12-b631-2031998efe45}, instance {a1d5b3cd-ab8d-4974-9358-9df3792c04b7}, original activity ID {00000000-0000-0000-0000-000000000000}."
"06-08-2026 11:54:31","100","Information","Microsoft-Windows-Diagnosis-DPS","Diagnostic module {45de1ea9-10bc-4f96-9b21-4b6b83dbf476} (%windir%\system32\radardt.dll) detected a problem for scenario {180b3a99-8c39-4f12-b631-2031998efe45}, instance {a1d5b3cd-ab8d-4974-9358-9df3792c04b7}, original activity ID {00000000-0000-0000-0000-000000000000}."
"06-08-2026 11:49:31","105","Information","Microsoft-Windows-Diagnosis-DPS","Diagnostic module {45de1ea9-10bc-4f96-9b21-4b6b83dbf476} (%windir%\system32\radardt.dll) started troubleshooting scenario {180b3a99-8c39-4f12-b631-2031998efe45}, instance {778016f0-5094-49c7-83de-e3041d97b0b4}, original activity ID {00000000-0000-0000-0000-000000000000}."
"06-08-2026 11:49:31","100","Information","Microsoft-Windows-Diagnosis-DPS","Diagnostic module {45de1ea9-10bc-4f96-9b21-4b6b83dbf476} (%windir%\system32\radardt.dll) detected a problem for scenario {180b3a99-8c39-4f12-b631-2031998efe45}, instance {778016f0-5094-49c7-83de-e3041d97b0b4}, original activity ID {00000000-0000-0000-0000-000000000000}."
"06-08-2026 11:44:31","105","Information","Microsoft-Windows-Diagnosis-DPS","Diagnostic module {45de1ea9-10bc-4f96-9b21-4b6b83dbf476} (%windir%\system32\radardt.dll) started troubleshooting scenario {180b3a99-8c39-4f12-b631-2031998efe45}, instance {0c7238c2-18da-4535-a4b3-0fd11e225fd5}, original activity ID {00000000-0000-0000-0000-000000000000}."
"06-08-2026 11:44:31","100","Information","Microsoft-Windows-Diagnosis-DPS","Diagnostic module {45de1ea9-10bc-4f96-9b21-4b6b83dbf476} (%windir%\system32\radardt.dll) detected a problem for scenario {180b3a99-8c39-4f12-b631-2031998efe45}, instance {0c7238c2-18da-4535-a4b3-0fd11e225fd5}, original activity ID {00000000-0000-0000-0000-000000000000}."
"06-08-2026 11:39:31","105","Information","Microsoft-Windows-Diagnosis-DPS","Diagnostic module {45de1ea9-10bc-4f96-9b21-4b6b83dbf476} (%windir%\system32\radardt.dll) started troubleshooting scenario {180b3a99-8c39-4f12-b631-2031998efe45}, instance {2724311d-7fd2-437d-820c-f880fad1b5ab}, original activity ID {00000000-0000-0000-0000-000000000000}."
"06-08-2026 11:39:31","100","Information","Microsoft-Windows-Diagnosis-DPS","Diagnostic module {45de1ea9-10bc-4f96-9b21-4b6b83dbf476} (%windir%\system32\radardt.dll) detected a problem for scenario {180b3a99-8c39-4f12-b631-2031998efe45}, instance {2724311d-7fd2-437d-820c-f880fad1b5ab}, original activity ID {00000000-0000-0000-0000-000000000000}."
"06-08-2026 11:34:31","105","Information","Microsoft-Windows-Diagnosis-DPS","Diagnostic module {45de1ea9-10bc-4f96-9b21-4b6b83dbf476} (%windir%\system32\radardt.dll) started troubleshooting scenario {180b3a99-8c39-4f12-b631-2031998efe45}, instance {72d59ee1-eaa1-41f5-963b-118b9141fb18}, original activity ID {00000000-0000-0000-0000-000000000000}."
"06-08-2026 11:34:31","100","Information","Microsoft-Windows-Diagnosis-DPS","Diagnostic module {45de1ea9-10bc-4f96-9b21-4b6b83dbf476} (%windir%\system32\radardt.dll) detected a problem for scenario {180b3a99-8c39-4f12-b631-2031998efe45}, instance {72d59ee1-eaa1-41f5-963b-118b9141fb18}, original activity ID {00000000-0000-0000-0000-000000000000}."
"06-08-2026 11:29:31","105","Information","Microsoft-Windows-Diagnosis-DPS","Diagnostic module {45de1ea9-10bc-4f96-9b21-4b6b83dbf476} (%windir%\system32\radardt.dll) started troubleshooting scenario {180b3a99-8c39-4f12-b631-2031998efe45}, instance {7ab10d4c-3990-410b-9607-e1087fd8ba5e}, original activity ID {00000000-0000-0000-0000-000000000000}."
"06-08-2026 11:29:31","100","Information","Microsoft-Windows-Diagnosis-DPS","Diagnostic module {45de1ea9-10bc-4f96-9b21-4b6b83dbf476} (%windir%\system32\radardt.dll) detected a problem for scenario {180b3a99-8c39-4f12-b631-2031998efe45}, instance {7ab10d4c-3990-410b-9607-e1087fd8ba5e}, original activity ID {00000000-0000-0000-0000-000000000000}."
"06-08-2026 11:24:31","105","Information","Microsoft-Windows-Diagnosis-DPS","Diagnostic module {45de1ea9-10bc-4f96-9b21-4b6b83dbf476} (%windir%\system32\radardt.dll) started troubleshooting scenario {180b3a99-8c39-4f12-b631-2031998efe45}, instance {990eefd4-cbda-4436-8761-38830c42dabc}, original activity ID {00000000-0000-0000-0000-000000000000}."
"06-08-2026 11:24:31","100","Information","Microsoft-Windows-Diagnosis-DPS","Diagnostic module {45de1ea9-10bc-4f96-9b21-4b6b83dbf476} (%windir%\system32\radardt.dll) detected a problem for scenario {180b3a99-8c39-4f12-b631-2031998efe45}, instance {990eefd4-cbda-4436-8761-38830c42dabc}, original activity ID {00000000-0000-0000-0000-000000000000}."
"06-08-2026 11:19:31","105","Information","Microsoft-Windows-Diagnosis-DPS","Diagnostic module {45de1ea9-10bc-4f96-9b21-4b6b83dbf476} (%windir%\system32\radardt.dll) started troubleshooting scenario {180b3a99-8c39-4f12-b631-2031998efe45}, instance {78be0f10-d6d6-4ab8-a749-f67b23f825a7}, original activity ID {00000000-0000-0000-0000-000000000000}."
"06-08-2026 11:19:31","100","Information","Microsoft-Windows-Diagnosis-DPS","Diagnostic module {45de1ea9-10bc-4f96-9b21-4b6b83dbf476} (%windir%\system32\radardt.dll) detected a problem for scenario {180b3a99-8c39-4f12-b631-2031998efe45}, instance {78be0f10-d6d6-4ab8-a749-f67b23f825a7}, original activity ID {00000000-0000-0000-0000-000000000000}."
"06-08-2026 11:14:31","105","Information","Microsoft-Windows-Diagnosis-DPS","Diagnostic module {45de1ea9-10bc-4f96-9b21-4b6b83dbf476} (%windir%\system32\radardt.dll) started troubleshooting scenario {180b3a99-8c39-4f12-b631-2031998efe45}, instance {d756bf18-eb95-4945-937b-4e5a9ba3a375}, original activity ID {00000000-0000-0000-0000-000000000000}."
"06-08-2026 11:14:31","100","Information","Microsoft-Windows-Diagnosis-DPS","Diagnostic module {45de1ea9-10bc-4f96-9b21-4b6b83dbf476} (%windir%\system32\radardt.dll) detected a problem for scenario {180b3a99-8c39-4f12-b631-2031998efe45}, instance {d756bf18-eb95-4945-937b-4e5a9ba3a375}, original activity ID {00000000-0000-0000-0000-000000000000}."
"06-08-2026 11:09:31","105","Information","Microsoft-Windows-Diagnosis-DPS","Diagnostic module {45de1ea9-10bc-4f96-9b21-4b6b83dbf476} (%windir%\system32\radardt.dll) started troubleshooting scenario {180b3a99-8c39-4f12-b631-2031998efe45}, instance {f5e36f3e-cfbd-4da3-8868-b226d69d3611}, original activity ID {00000000-0000-0000-0000-000000000000}."
"06-08-2026 11:09:31","100","Information","Microsoft-Windows-Diagnosis-DPS","Diagnostic module {45de1ea9-10bc-4f96-9b21-4b6b83dbf476} (%windir%\system32\radardt.dll) detected a problem for scenario {180b3a99-8c39-4f12-b631-2031998efe45}, instance {f5e36f3e-cfbd-4da3-8868-b226d69d3611}, original activity ID {00000000-0000-0000-0000-000000000000}."
"06-08-2026 11:04:31","105","Information","Microsoft-Windows-Diagnosis-DPS","Diagnostic module {45de1ea9-10bc-4f96-9b21-4b6b83dbf476} (%windir%\system32\radardt.dll) started troubleshooting scenario {180b3a99-8c39-4f12-b631-2031998efe45}, instance {9b4c388a-5def-49a0-9052-05442c92b3fc}, original activity ID {00000000-0000-0000-0000-000000000000}."
"06-08-2026 11:04:31","100","Information","Microsoft-Windows-Diagnosis-DPS","Diagnostic module {45de1ea9-10bc-4f96-9b21-4b6b83dbf476} (%windir%\system32\radardt.dll) detected a problem for scenario {180b3a99-8c39-4f12-b631-2031998efe45}, instance {9b4c388a-5def-49a0-9052-05442c92b3fc}, original activity ID {00000000-0000-0000-0000-000000000000}."
"06-08-2026 10:59:31","105","Information","Microsoft-Windows-Diagnosis-DPS","Diagnostic module {45de1ea9-10bc-4f96-9b21-4b6b83dbf476} (%windir%\system32\radardt.dll) started troubleshooting scenario {180b3a99-8c39-4f12-b631-2031998efe45}, instance {f2231734-a29c-4cea-9f75-7335791c864b}, original activity ID {00000000-0000-0000-0000-000000000000}."
"06-08-2026 10:59:31","100","Information","Microsoft-Windows-Diagnosis-DPS","Diagnostic module {45de1ea9-10bc-4f96-9b21-4b6b83dbf476} (%windir%\system32\radardt.dll) detected a problem for scenario {180b3a99-8c39-4f12-b631-2031998efe45}, instance {f2231734-a29c-4cea-9f75-7335791c864b}, original activity ID {00000000-0000-0000-0000-000000000000}."
"06-08-2026 10:54:31","105","Information","Microsoft-Windows-Diagnosis-DPS","Diagnostic module {45de1ea9-10bc-4f96-9b21-4b6b83dbf476} (%windir%\system32\radardt.dll) started troubleshooting scenario {180b3a99-8c39-4f12-b631-2031998efe45}, instance {bb7a9d6f-3dac-4f49-aa37-7b364c28c495}, original activity ID {00000000-0000-0000-0000-000000000000}."
"06-08-2026 10:54:31","100","Information","Microsoft-Windows-Diagnosis-DPS","Diagnostic module {45de1ea9-10bc-4f96-9b21-4b6b83dbf476} (%windir%\system32\radardt.dll) detected a problem for scenario {180b3a99-8c39-4f12-b631-2031998efe45}, instance {bb7a9d6f-3dac-4f49-aa37-7b364c28c495}, original activity ID {00000000-0000-0000-0000-000000000000}."
"06-08-2026 10:49:31","105","Information","Microsoft-Windows-Diagnosis-DPS","Diagnostic module {45de1ea9-10bc-4f96-9b21-4b6b83dbf476} (%windir%\system32\radardt.dll) started troubleshooting scenario {180b3a99-8c39-4f12-b631-2031998efe45}, instance {442b8ca3-9d08-4cbb-9045-3ac1a4d65422}, original activity ID {00000000-0000-0000-0000-000000000000}."
"06-08-2026 10:49:31","100","Information","Microsoft-Windows-Diagnosis-DPS","Diagnostic module {45de1ea9-10bc-4f96-9b21-4b6b83dbf476} (%windir%\system32\radardt.dll) detected a problem for scenario {180b3a99-8c39-4f12-b631-2031998efe45}, instance {442b8ca3-9d08-4cbb-9045-3ac1a4d65422}, original activity ID {00000000-0000-0000-0000-000000000000}."
"06-08-2026 10:44:31","105","Information","Microsoft-Windows-Diagnosis-DPS","Diagnostic module {45de1ea9-10bc-4f96-9b21-4b6b83dbf476} (%windir%\system32\radardt.dll) started troubleshooting scenario {180b3a99-8c39-4f12-b631-2031998efe45}, instance {aeef0868-c498-4ba7-80b4-ec289903db0d}, original activity ID {00000000-0000-0000-0000-000000000000}."
"06-08-2026 10:44:31","100","Information","Microsoft-Windows-Diagnosis-DPS","Diagnostic module {45de1ea9-10bc-4f96-9b21-4b6b83dbf476} (%windir%\system32\radardt.dll) detected a problem for scenario {180b3a99-8c39-4f12-b631-2031998efe45}, instance {aeef0868-c498-4ba7-80b4-ec289903db0d}, original activity ID {00000000-0000-0000-0000-000000000000}."
"06-08-2026 10:39:31","105","Information","Microsoft-Windows-Diagnosis-DPS","Diagnostic module {45de1ea9-10bc-4f96-9b21-4b6b83dbf476} (%windir%\system32\radardt.dll) started troubleshooting scenario {180b3a99-8c39-4f12-b631-2031998efe45}, instance {90726b36-8542-4050-af81-aff3e6d141df}, original activity ID {00000000-0000-0000-0000-000000000000}."
"06-08-2026 10:39:31","100","Information","Microsoft-Windows-Diagnosis-DPS","Diagnostic module {45de1ea9-10bc-4f96-9b21-4b6b83dbf476} (%windir%\system32\radardt.dll) detected a problem for scenario {180b3a99-8c39-4f12-b631-2031998efe45}, instance {90726b36-8542-4050-af81-aff3e6d141df}, original activity ID {00000000-0000-0000-0000-000000000000}."
"06-08-2026 10:34:31","105","Information","Microsoft-Windows-Diagnosis-DPS","Diagnostic module {45de1ea9-10bc-4f96-9b21-4b6b83dbf476} (%windir%\system32\radardt.dll) started troubleshooting scenario {180b3a99-8c39-4f12-b631-2031998efe45}, instance {b6f8ae95-1961-4d12-9b57-c87c13bd850e}, original activity ID {00000000-0000-0000-0000-000000000000}."
"06-08-2026 10:34:31","100","Information","Microsoft-Windows-Diagnosis-DPS","Diagnostic module {45de1ea9-10bc-4f96-9b21-4b6b83dbf476} (%windir%\system32\radardt.dll) detected a problem for scenario {180b3a99-8c39-4f12-b631-2031998efe45}, instance {b6f8ae95-1961-4d12-9b57-c87c13bd850e}, original activity ID {00000000-0000-0000-0000-000000000000}."
"06-08-2026 10:29:31","105","Information","Microsoft-Windows-Diagnosis-DPS","Diagnostic module {45de1ea9-10bc-4f96-9b21-4b6b83dbf476} (%windir%\system32\radardt.dll) started troubleshooting scenario {180b3a99-8c39-4f12-b631-2031998efe45}, instance {b4719212-2bf5-4eb0-ab0b-6634c51003ec}, original activity ID {00000000-0000-0000-0000-000000000000}."
"06-08-2026 10:29:31","100","Information","Microsoft-Windows-Diagnosis-DPS","Diagnostic module {45de1ea9-10bc-4f96-9b21-4b6b83dbf476} (%windir%\system32\radardt.dll) detected a problem for scenario {180b3a99-8c39-4f12-b631-2031998efe45}, instance {b4719212-2bf5-4eb0-ab0b-6634c51003ec}, original activity ID {00000000-0000-0000-0000-000000000000}."
"06-08-2026 10:24:30","105","Information","Microsoft-Windows-Diagnosis-DPS","Diagnostic module {45de1ea9-10bc-4f96-9b21-4b6b83dbf476} (%windir%\system32\radardt.dll) started troubleshooting scenario {180b3a99-8c39-4f12-b631-2031998efe45}, instance {8876b2b6-0614-4475-800e-05b495d3a089}, original activity ID {00000000-0000-0000-0000-000000000000}."
"06-08-2026 10:24:30","100","Information","Microsoft-Windows-Diagnosis-DPS","Diagnostic module {45de1ea9-10bc-4f96-9b21-4b6b83dbf476} (%windir%\system32\radardt.dll) detected a problem for scenario {180b3a99-8c39-4f12-b631-2031998efe45}, instance {8876b2b6-0614-4475-800e-05b495d3a089}, original activity ID {00000000-0000-0000-0000-000000000000}."
"06-08-2026 10:19:31","105","Information","Microsoft-Windows-Diagnosis-DPS","Diagnostic module {45de1ea9-10bc-4f96-9b21-4b6b83dbf476} (%windir%\system32\radardt.dll) started troubleshooting scenario {180b3a99-8c39-4f12-b631-2031998efe45}, instance {135fd97d-3968-4fa1-b146-76117b789e90}, original activity ID {00000000-0000-0000-0000-000000000000}."
"06-08-2026 10:19:31","100","Information","Microsoft-Windows-Diagnosis-DPS","Diagnostic module {45de1ea9-10bc-4f96-9b21-4b6b83dbf476} (%windir%\system32\radardt.dll) detected a problem for scenario {180b3a99-8c39-4f12-b631-2031998efe45}, instance {135fd97d-3968-4fa1-b146-76117b789e90}, original activity ID {00000000-0000-0000-0000-000000000000}."
"06-08-2026 10:14:31","105","Information","Microsoft-Windows-Diagnosis-DPS","Diagnostic module {45de1ea9-10bc-4f96-9b21-4b6b83dbf476} (%windir%\system32\radardt.dll) started troubleshooting scenario {180b3a99-8c39-4f12-b631-2031998efe45}, instance {f20d3ff1-7cc9-4254-adc9-0f15d74764c1}, original activity ID {00000000-0000-0000-0000-000000000000}."
"06-08-2026 10:14:31","100","Information","Microsoft-Windows-Diagnosis-DPS","Diagnostic module {45de1ea9-10bc-4f96-9b21-4b6b83dbf476} (%windir%\system32\radardt.dll) detected a problem for scenario {180b3a99-8c39-4f12-b631-2031998efe45}, instance {f20d3ff1-7cc9-4254-adc9-0f15d74764c1}, original activity ID {00000000-0000-0000-0000-000000000000}."
"06-08-2026 10:04:31","105","Information","Microsoft-Windows-Diagnosis-DPS","Diagnostic module {45de1ea9-10bc-4f96-9b21-4b6b83dbf476} (%windir%\system32\radardt.dll) started troubleshooting scenario {180b3a99-8c39-4f12-b631-2031998efe45}, instance {209cb062-8292-487a-ab3b-9e90b940471a}, original activity ID {00000000-0000-0000-0000-000000000000}."
"06-08-2026 10:04:31","100","Information","Microsoft-Windows-Diagnosis-DPS","Diagnostic module {45de1ea9-10bc-4f96-9b21-4b6b83dbf476} (%windir%\system32\radardt.dll) detected a problem for scenario {180b3a99-8c39-4f12-b631-2031998efe45}, instance {209cb062-8292-487a-ab3b-9e90b940471a}, original activity ID {00000000-0000-0000-0000-000000000000}."
"06-08-2026 09:59:30","105","Information","Microsoft-Windows-Diagnosis-DPS","Diagnostic module {45de1ea9-10bc-4f96-9b21-4b6b83dbf476} (%windir%\system32\radardt.dll) started troubleshooting scenario {180b3a99-8c39-4f12-b631-2031998efe45}, instance {b8b5cc18-9dc2-431a-a285-d57be06d71f4}, original activity ID {00000000-0000-0000-0000-000000000000}."
"06-08-2026 09:59:30","100","Information","Microsoft-Windows-Diagnosis-DPS","Diagnostic module {45de1ea9-10bc-4f96-9b21-4b6b83dbf476} (%windir%\system32\radardt.dll) detected a problem for scenario {180b3a99-8c39-4f12-b631-2031998efe45}, instance {b8b5cc18-9dc2-431a-a285-d57be06d71f4}, original activity ID {00000000-0000-0000-0000-000000000000}."
"06-08-2026 09:39:32","130","Information","Microsoft-Windows-Diagnosis-DPS","Diagnostic module {5ee64afb-398d-4edb-af71-3b830219abf7} (%windir%\system32\radarrs.dll) finished resolving scenario {180b3a99-8c39-4f12-b631-2031998efe45}, instance {4c60ead4-6479-4016-b993-a8b4e0a72f2c}, original activity ID {00000000-0000-0000-0000-000000000000}."
"06-08-2026 09:39:29","125","Information","Microsoft-Windows-Diagnosis-DPS","Diagnostic module {5ee64afb-398d-4edb-af71-3b830219abf7} (%windir%\system32\radarrs.dll) started resolving scenario {180b3a99-8c39-4f12-b631-2031998efe45}, instance {4c60ead4-6479-4016-b993-a8b4e0a72f2c}, original activity ID {00000000-0000-0000-0000-000000000000}."
"06-08-2026 09:39:29","115","Information","Microsoft-Windows-Diagnosis-DPS","Diagnostic module {45de1ea9-10bc-4f96-9b21-4b6b83dbf476} (%windir%\system32\radardt.dll) finished troubleshooting scenario {180b3a99-8c39-4f12-b631-2031998efe45}, instance {4c60ead4-6479-4016-b993-a8b4e0a72f2c}, original activity ID {00000000-0000-0000-0000-000000000000}.  It set resolution {5ee64afb-398d-4edb-af71-3b830219abf7} for user S-1-12-1-2357405129-1281513531-255772574-1816207334 in session 1 with expiration date ‎1601‎-‎01‎-‎01T00:00:00.000000000Z.  The resolution will be started immediately."
"06-08-2026 09:39:29","105","Information","Microsoft-Windows-Diagnosis-DPS","Diagnostic module {45de1ea9-10bc-4f96-9b21-4b6b83dbf476} (%windir%\system32\radardt.dll) started troubleshooting scenario {180b3a99-8c39-4f12-b631-2031998efe45}, instance {4c60ead4-6479-4016-b993-a8b4e0a72f2c}, original activity ID {00000000-0000-0000-0000-000000000000}."
"06-08-2026 09:39:29","100","Information","Microsoft-Windows-Diagnosis-DPS","Diagnostic module {45de1ea9-10bc-4f96-9b21-4b6b83dbf476} (%windir%\system32\radardt.dll) detected a problem for scenario {180b3a99-8c39-4f12-b631-2031998efe45}, instance {4c60ead4-6479-4016-b993-a8b4e0a72f2c}, original activity ID {00000000-0000-0000-0000-000000000000}."
"06-08-2026 09:34:30","105","Information","Microsoft-Windows-Diagnosis-DPS","Diagnostic module {45de1ea9-10bc-4f96-9b21-4b6b83dbf476} (%windir%\system32\radardt.dll) started troubleshooting scenario {180b3a99-8c39-4f12-b631-2031998efe45}, instance {2bbcba8a-fc80-4188-bca4-1331b22a0908}, original activity ID {00000000-0000-0000-0000-000000000000}."
"06-08-2026 09:34:30","100","Information","Microsoft-Windows-Diagnosis-DPS","Diagnostic module {45de1ea9-10bc-4f96-9b21-4b6b83dbf476} (%windir%\system32\radardt.dll) detected a problem for scenario {180b3a99-8c39-4f12-b631-2031998efe45}, instance {2bbcba8a-fc80-4188-bca4-1331b22a0908}, original activity ID {00000000-0000-0000-0000-000000000000}."
"06-08-2026 09:29:30","105","Information","Microsoft-Windows-Diagnosis-DPS","Diagnostic module {45de1ea9-10bc-4f96-9b21-4b6b83dbf476} (%windir%\system32\radardt.dll) started troubleshooting scenario {180b3a99-8c39-4f12-b631-2031998efe45}, instance {8b140a66-e3c9-4baa-b1ab-eb268df56b94}, original activity ID {00000000-0000-0000-0000-000000000000}."
"06-08-2026 09:29:30","100","Information","Microsoft-Windows-Diagnosis-DPS","Diagnostic module {45de1ea9-10bc-4f96-9b21-4b6b83dbf476} (%windir%\system32\radardt.dll) detected a problem for scenario {180b3a99-8c39-4f12-b631-2031998efe45}, instance {8b140a66-e3c9-4baa-b1ab-eb268df56b94}, original activity ID {00000000-0000-0000-0000-000000000000}."
"06-08-2026 09:24:30","105","Information","Microsoft-Windows-Diagnosis-DPS","Diagnostic module {45de1ea9-10bc-4f96-9b21-4b6b83dbf476} (%windir%\system32\radardt.dll) started troubleshooting scenario {180b3a99-8c39-4f12-b631-2031998efe45}, instance {459e5dfe-cfde-4a20-8d43-ed1cfc32d199}, original activity ID {00000000-0000-0000-0000-000000000000}."
"06-08-2026 09:24:30","100","Information","Microsoft-Windows-Diagnosis-DPS","Diagnostic module {45de1ea9-10bc-4f96-9b21-4b6b83dbf476} (%windir%\system32\radardt.dll) detected a problem for scenario {180b3a99-8c39-4f12-b631-2031998efe45}, instance {459e5dfe-cfde-4a20-8d43-ed1cfc32d199}, original activity ID {00000000-0000-0000-0000-000000000000}."
"06-08-2026 09:19:30","105","Information","Microsoft-Windows-Diagnosis-DPS","Diagnostic module {45de1ea9-10bc-4f96-9b21-4b6b83dbf476} (%windir%\system32\radardt.dll) started troubleshooting scenario {180b3a99-8c39-4f12-b631-2031998efe45}, instance {b7540347-2dda-43dd-baec-eb025651a3f8}, original activity ID {00000000-0000-0000-0000-000000000000}."
"06-08-2026 09:19:30","100","Information","Microsoft-Windows-Diagnosis-DPS","Diagnostic module {45de1ea9-10bc-4f96-9b21-4b6b83dbf476} (%windir%\system32\radardt.dll) detected a problem for scenario {180b3a99-8c39-4f12-b631-2031998efe45}, instance {b7540347-2dda-43dd-baec-eb025651a3f8}, original activity ID {00000000-0000-0000-0000-000000000000}."
"06-08-2026 09:14:30","105","Information","Microsoft-Windows-Diagnosis-DPS","Diagnostic module {45de1ea9-10bc-4f96-9b21-4b6b83dbf476} (%windir%\system32\radardt.dll) started troubleshooting scenario {180b3a99-8c39-4f12-b631-2031998efe45}, instance {6a256287-4e57-421b-87a7-99c771b54dda}, original activity ID {00000000-0000-0000-0000-000000000000}."
"06-08-2026 09:14:30","100","Information","Microsoft-Windows-Diagnosis-DPS","Diagnostic module {45de1ea9-10bc-4f96-9b21-4b6b83dbf476} (%windir%\system32\radardt.dll) detected a problem for scenario {180b3a99-8c39-4f12-b631-2031998efe45}, instance {6a256287-4e57-421b-87a7-99c771b54dda}, original activity ID {00000000-0000-0000-0000-000000000000}."
"06-08-2026 09:09:30","105","Information","Microsoft-Windows-Diagnosis-DPS","Diagnostic module {45de1ea9-10bc-4f96-9b21-4b6b83dbf476} (%windir%\system32\radardt.dll) started troubleshooting scenario {180b3a99-8c39-4f12-b631-2031998efe45}, instance {cf231e31-2cf7-48ab-b38a-21b97a2d36d0}, original activity ID {00000000-0000-0000-0000-000000000000}."
"06-08-2026 09:09:30","100","Information","Microsoft-Windows-Diagnosis-DPS","Diagnostic module {45de1ea9-10bc-4f96-9b21-4b6b83dbf476} (%windir%\system32\radardt.dll) detected a problem for scenario {180b3a99-8c39-4f12-b631-2031998efe45}, instance {cf231e31-2cf7-48ab-b38a-21b97a2d36d0}, original activity ID {00000000-0000-0000-0000-000000000000}."
"06-08-2026 09:04:30","105","Information","Microsoft-Windows-Diagnosis-DPS","Diagnostic module {45de1ea9-10bc-4f96-9b21-4b6b83dbf476} (%windir%\system32\radardt.dll) started troubleshooting scenario {180b3a99-8c39-4f12-b631-2031998efe45}, instance {e11c9813-2d3b-4c4e-8e36-a047acb96970}, original activity ID {00000000-0000-0000-0000-000000000000}."
"06-08-2026 09:04:30","100","Information","Microsoft-Windows-Diagnosis-DPS","Diagnostic module {45de1ea9-10bc-4f96-9b21-4b6b83dbf476} (%windir%\system32\radardt.dll) detected a problem for scenario {180b3a99-8c39-4f12-b631-2031998efe45}, instance {e11c9813-2d3b-4c4e-8e36-a047acb96970}, original activity ID {00000000-0000-0000-0000-000000000000}."
"06-08-2026 08:59:30","105","Information","Microsoft-Windows-Diagnosis-DPS","Diagnostic module {45de1ea9-10bc-4f96-9b21-4b6b83dbf476} (%windir%\system32\radardt.dll) started troubleshooting scenario {180b3a99-8c39-4f12-b631-2031998efe45}, instance {5166d24b-45d6-498d-9c73-9b0c99f2e255}, original activity ID {00000000-0000-0000-0000-000000000000}."
"06-08-2026 08:59:30","100","Information","Microsoft-Windows-Diagnosis-DPS","Diagnostic module {45de1ea9-10bc-4f96-9b21-4b6b83dbf476} (%windir%\system32\radardt.dll) detected a problem for scenario {180b3a99-8c39-4f12-b631-2031998efe45}, instance {5166d24b-45d6-498d-9c73-9b0c99f2e255}, original activity ID {00000000-0000-0000-0000-000000000000}."
"05-08-2026 20:48:14","105","Information","Microsoft-Windows-Diagnosis-DPS","Diagnostic module {45de1ea9-10bc-4f96-9b21-4b6b83dbf476} (%windir%\system32\radardt.dll) started troubleshooting scenario {180b3a99-8c39-4f12-b631-2031998efe45}, instance {e1cc51aa-c3ac-49d2-8eed-cd9b11acf0b1}, original activity ID {00000000-0000-0000-0000-000000000000}."
"05-08-2026 20:48:14","100","Information","Microsoft-Windows-Diagnosis-DPS","Diagnostic module {45de1ea9-10bc-4f96-9b21-4b6b83dbf476} (%windir%\system32\radardt.dll) detected a problem for scenario {180b3a99-8c39-4f12-b631-2031998efe45}, instance {e1cc51aa-c3ac-49d2-8eed-cd9b11acf0b1}, original activity ID {00000000-0000-0000-0000-000000000000}."
"05-08-2026 20:43:14","105","Information","Microsoft-Windows-Diagnosis-DPS","Diagnostic module {45de1ea9-10bc-4f96-9b21-4b6b83dbf476} (%windir%\system32\radardt.dll) started troubleshooting scenario {180b3a99-8c39-4f12-b631-2031998efe45}, instance {099a3f61-efab-4f73-98de-f1e4588197c3}, original activity ID {00000000-0000-0000-0000-000000000000}."
"05-08-2026 20:43:14","100","Information","Microsoft-Windows-Diagnosis-DPS","Diagnostic module {45de1ea9-10bc-4f96-9b21-4b6b83dbf476} (%windir%\system32\radardt.dll) detected a problem for scenario {180b3a99-8c39-4f12-b631-2031998efe45}, instance {099a3f61-efab-4f73-98de-f1e4588197c3}, original activity ID {00000000-0000-0000-0000-000000000000}."
"05-08-2026 20:38:14","105","Information","Microsoft-Windows-Diagnosis-DPS","Diagnostic module {45de1ea9-10bc-4f96-9b21-4b6b83dbf476} (%windir%\system32\radardt.dll) started troubleshooting scenario {180b3a99-8c39-4f12-b631-2031998efe45}, instance {50832e51-cb0b-4ce1-abb2-70f84f128bed}, original activity ID {00000000-0000-0000-0000-000000000000}."
"05-08-2026 20:38:14","100","Information","Microsoft-Windows-Diagnosis-DPS","Diagnostic module {45de1ea9-10bc-4f96-9b21-4b6b83dbf476} (%windir%\system32\radardt.dll) detected a problem for scenario {180b3a99-8c39-4f12-b631-2031998efe45}, instance {50832e51-cb0b-4ce1-abb2-70f84f128bed}, original activity ID {00000000-0000-0000-0000-000000000000}."
"05-08-2026 20:33:14","105","Information","Microsoft-Windows-Diagnosis-DPS","Diagnostic module {45de1ea9-10bc-4f96-9b21-4b6b83dbf476} (%windir%\system32\radardt.dll) started troubleshooting scenario {180b3a99-8c39-4f12-b631-2031998efe45}, instance {cc5a5e02-5cff-4465-975f-043afde2af51}, original activity ID {00000000-0000-0000-0000-000000000000}."
"05-08-2026 20:33:14","100","Information","Microsoft-Windows-Diagnosis-DPS","Diagnostic module {45de1ea9-10bc-4f96-9b21-4b6b83dbf476} (%windir%\system32\radardt.dll) detected a problem for scenario {180b3a99-8c39-4f12-b631-2031998efe45}, instance {cc5a5e02-5cff-4465-975f-043afde2af51}, original activity ID {00000000-0000-0000-0000-000000000000}."
"05-08-2026 20:28:14","105","Information","Microsoft-Windows-Diagnosis-DPS","Diagnostic module {45de1ea9-10bc-4f96-9b21-4b6b83dbf476} (%windir%\system32\radardt.dll) started troubleshooting scenario {180b3a99-8c39-4f12-b631-2031998efe45}, instance {c08b5bc5-9f38-4118-8e7e-5e2ec43f2d33}, original activity ID {00000000-0000-0000-0000-000000000000}."
"05-08-2026 20:28:14","100","Information","Microsoft-Windows-Diagnosis-DPS","Diagnostic module {45de1ea9-10bc-4f96-9b21-4b6b83dbf476} (%windir%\system32\radardt.dll) detected a problem for scenario {180b3a99-8c39-4f12-b631-2031998efe45}, instance {c08b5bc5-9f38-4118-8e7e-5e2ec43f2d33}, original activity ID {00000000-0000-0000-0000-000000000000}."
"05-08-2026 20:23:14","105","Information","Microsoft-Windows-Diagnosis-DPS","Diagnostic module {45de1ea9-10bc-4f96-9b21-4b6b83dbf476} (%windir%\system32\radardt.dll) started troubleshooting scenario {180b3a99-8c39-4f12-b631-2031998efe45}, instance {c0d91f87-e961-456a-bc2b-7372caac91c3}, original activity ID {00000000-0000-0000-0000-000000000000}."
"05-08-2026 20:23:14","100","Information","Microsoft-Windows-Diagnosis-DPS","Diagnostic module {45de1ea9-10bc-4f96-9b21-4b6b83dbf476} (%windir%\system32\radardt.dll) detected a problem for scenario {180b3a99-8c39-4f12-b631-2031998efe45}, instance {c0d91f87-e961-456a-bc2b-7372caac91c3}, original activity ID {00000000-0000-0000-0000-000000000000}."
"05-08-2026 20:18:14","105","Information","Microsoft-Windows-Diagnosis-DPS","Diagnostic module {45de1ea9-10bc-4f96-9b21-4b6b83dbf476} (%windir%\system32\radardt.dll) started troubleshooting scenario {180b3a99-8c39-4f12-b631-2031998efe45}, instance {d12bc419-a862-4729-854e-25c0f42dbbd9}, original activity ID {00000000-0000-0000-0000-000000000000}."
"05-08-2026 20:18:14","100","Information","Microsoft-Windows-Diagnosis-DPS","Diagnostic module {45de1ea9-10bc-4f96-9b21-4b6b83dbf476} (%windir%\system32\radardt.dll) detected a problem for scenario {180b3a99-8c39-4f12-b631-2031998efe45}, instance {d12bc419-a862-4729-854e-25c0f42dbbd9}, original activity ID {00000000-0000-0000-0000-000000000000}."
"05-08-2026 20:13:14","105","Information","Microsoft-Windows-Diagnosis-DPS","Diagnostic module {45de1ea9-10bc-4f96-9b21-4b6b83dbf476} (%windir%\system32\radardt.dll) started troubleshooting scenario {180b3a99-8c39-4f12-b631-2031998efe45}, instance {e2a08633-34c0-4b09-a4ed-e942aa3e617c}, original activity ID {00000000-0000-0000-0000-000000000000}."
"05-08-2026 20:13:14","100","Information","Microsoft-Windows-Diagnosis-DPS","Diagnostic module {45de1ea9-10bc-4f96-9b21-4b6b83dbf476} (%windir%\system32\radardt.dll) detected a problem for scenario {180b3a99-8c39-4f12-b631-2031998efe45}, instance {e2a08633-34c0-4b09-a4ed-e942aa3e617c}, original activity ID {00000000-0000-0000-0000-000000000000}."
"05-08-2026 20:08:14","105","Information","Microsoft-Windows-Diagnosis-DPS","Diagnostic module {45de1ea9-10bc-4f96-9b21-4b6b83dbf476} (%windir%\system32\radardt.dll) started troubleshooting scenario {180b3a99-8c39-4f12-b631-2031998efe45}, instance {4f5a68d4-1c36-4faf-9cf4-da390844fbe5}, original activity ID {00000000-0000-0000-0000-000000000000}."
"05-08-2026 20:08:14","100","Information","Microsoft-Windows-Diagnosis-DPS","Diagnostic module {45de1ea9-10bc-4f96-9b21-4b6b83dbf476} (%windir%\system32\radardt.dll) detected a problem for scenario {180b3a99-8c39-4f12-b631-2031998efe45}, instance {4f5a68d4-1c36-4faf-9cf4-da390844fbe5}, original activity ID {00000000-0000-0000-0000-000000000000}."
"05-08-2026 20:03:14","105","Information","Microsoft-Windows-Diagnosis-DPS","Diagnostic module {45de1ea9-10bc-4f96-9b21-4b6b83dbf476} (%windir%\system32\radardt.dll) started troubleshooting scenario {180b3a99-8c39-4f12-b631-2031998efe45}, instance {cf956c84-a65f-444d-a5d4-34ca49dcd7d4}, original activity ID {00000000-0000-0000-0000-000000000000}."
"05-08-2026 20:03:14","100","Information","Microsoft-Windows-Diagnosis-DPS","Diagnostic module {45de1ea9-10bc-4f96-9b21-4b6b83dbf476} (%windir%\system32\radardt.dll) detected a problem for scenario {180b3a99-8c39-4f12-b631-2031998efe45}, instance {cf956c84-a65f-444d-a5d4-34ca49dcd7d4}, original activity ID {00000000-0000-0000-0000-000000000000}."
"05-08-2026 19:58:14","105","Information","Microsoft-Windows-Diagnosis-DPS","Diagnostic module {45de1ea9-10bc-4f96-9b21-4b6b83dbf476} (%windir%\system32\radardt.dll) started troubleshooting scenario {180b3a99-8c39-4f12-b631-2031998efe45}, instance {fae0213c-7106-49ee-a792-38f174bb4f7b}, original activity ID {00000000-0000-0000-0000-000000000000}."
"05-08-2026 19:58:14","100","Information","Microsoft-Windows-Diagnosis-DPS","Diagnostic module {45de1ea9-10bc-4f96-9b21-4b6b83dbf476} (%windir%\system32\radardt.dll) detected a problem for scenario {180b3a99-8c39-4f12-b631-2031998efe45}, instance {fae0213c-7106-49ee-a792-38f174bb4f7b}, original activity ID {00000000-0000-0000-0000-000000000000}."
"05-08-2026 19:53:13","105","Information","Microsoft-Windows-Diagnosis-DPS","Diagnostic module {45de1ea9-10bc-4f96-9b21-4b6b83dbf476} (%windir%\system32\radardt.dll) started troubleshooting scenario {180b3a99-8c39-4f12-b631-2031998efe45}, instance {f144826f-3955-47a5-8a44-542cdb160c5f}, original activity ID {00000000-0000-0000-0000-000000000000}."
"05-08-2026 19:53:13","100","Information","Microsoft-Windows-Diagnosis-DPS","Diagnostic module {45de1ea9-10bc-4f96-9b21-4b6b83dbf476} (%windir%\system32\radardt.dll) detected a problem for scenario {180b3a99-8c39-4f12-b631-2031998efe45}, instance {f144826f-3955-47a5-8a44-542cdb160c5f}, original activity ID {00000000-0000-0000-0000-000000000000}."
"05-08-2026 19:48:13","105","Information","Microsoft-Windows-Diagnosis-DPS","Diagnostic module {45de1ea9-10bc-4f96-9b21-4b6b83dbf476} (%windir%\system32\radardt.dll) started troubleshooting scenario {180b3a99-8c39-4f12-b631-2031998efe45}, instance {6073b5a7-fea2-48fb-ba92-62cb70705779}, original activity ID {00000000-0000-0000-0000-000000000000}."
"05-08-2026 19:48:13","100","Information","Microsoft-Windows-Diagnosis-DPS","Diagnostic module {45de1ea9-10bc-4f96-9b21-4b6b83dbf476} (%windir%\system32\radardt.dll) detected a problem for scenario {180b3a99-8c39-4f12-b631-2031998efe45}, instance {6073b5a7-fea2-48fb-ba92-62cb70705779}, original activity ID {00000000-0000-0000-0000-000000000000}."
"05-08-2026 19:43:13","105","Information","Microsoft-Windows-Diagnosis-DPS","Diagnostic module {45de1ea9-10bc-4f96-9b21-4b6b83dbf476} (%windir%\system32\radardt.dll) started troubleshooting scenario {180b3a99-8c39-4f12-b631-2031998efe45}, instance {f1ecbda2-afb2-4749-9935-36745a65608a}, original activity ID {00000000-0000-0000-0000-000000000000}."
"05-08-2026 19:43:13","100","Information","Microsoft-Windows-Diagnosis-DPS","Diagnostic module {45de1ea9-10bc-4f96-9b21-4b6b83dbf476} (%windir%\system32\radardt.dll) detected a problem for scenario {180b3a99-8c39-4f12-b631-2031998efe45}, instance {f1ecbda2-afb2-4749-9935-36745a65608a}, original activity ID {00000000-0000-0000-0000-000000000000}."
"05-08-2026 19:38:13","105","Information","Microsoft-Windows-Diagnosis-DPS","Diagnostic module {45de1ea9-10bc-4f96-9b21-4b6b83dbf476} (%windir%\system32\radardt.dll) started troubleshooting scenario {180b3a99-8c39-4f12-b631-2031998efe45}, instance {32005019-270f-401b-8305-be909bcefe17}, original activity ID {00000000-0000-0000-0000-000000000000}."
"05-08-2026 19:38:13","100","Information","Microsoft-Windows-Diagnosis-DPS","Diagnostic module {45de1ea9-10bc-4f96-9b21-4b6b83dbf476} (%windir%\system32\radardt.dll) detected a problem for scenario {180b3a99-8c39-4f12-b631-2031998efe45}, instance {32005019-270f-401b-8305-be909bcefe17}, original activity ID {00000000-0000-0000-0000-000000000000}."
"05-08-2026 19:33:13","105","Information","Microsoft-Windows-Diagnosis-DPS","Diagnostic module {45de1ea9-10bc-4f96-9b21-4b6b83dbf476} (%windir%\system32\radardt.dll) started troubleshooting scenario {180b3a99-8c39-4f12-b631-2031998efe45}, instance {90533b3f-fa26-4df8-9109-08a2fb689aa8}, original activity ID {00000000-0000-0000-0000-000000000000}."
"05-08-2026 19:33:13","100","Information","Microsoft-Windows-Diagnosis-DPS","Diagnostic module {45de1ea9-10bc-4f96-9b21-4b6b83dbf476} (%windir%\system32\radardt.dll) detected a problem for scenario {180b3a99-8c39-4f12-b631-2031998efe45}, instance {90533b3f-fa26-4df8-9109-08a2fb689aa8}, original activity ID {00000000-0000-0000-0000-000000000000}."
"05-08-2026 19:28:13","105","Information","Microsoft-Windows-Diagnosis-DPS","Diagnostic module {45de1ea9-10bc-4f96-9b21-4b6b83dbf476} (%windir%\system32\radardt.dll) started troubleshooting scenario {180b3a99-8c39-4f12-b631-2031998efe45}, instance {4c3dc1cc-3e8b-4be4-9625-65c3eabd5e26}, original activity ID {00000000-0000-0000-0000-000000000000}."
"05-08-2026 19:28:13","100","Information","Microsoft-Windows-Diagnosis-DPS","Diagnostic module {45de1ea9-10bc-4f96-9b21-4b6b83dbf476} (%windir%\system32\radardt.dll) detected a problem for scenario {180b3a99-8c39-4f12-b631-2031998efe45}, instance {4c3dc1cc-3e8b-4be4-9625-65c3eabd5e26}, original activity ID {00000000-0000-0000-0000-000000000000}."
"05-08-2026 19:23:13","105","Information","Microsoft-Windows-Diagnosis-DPS","Diagnostic module {45de1ea9-10bc-4f96-9b21-4b6b83dbf476} (%windir%\system32\radardt.dll) started troubleshooting scenario {180b3a99-8c39-4f12-b631-2031998efe45}, instance {3b2868f3-5c0c-4ffb-9091-0933a084510c}, original activity ID {00000000-0000-0000-0000-000000000000}."
"05-08-2026 19:23:13","100","Information","Microsoft-Windows-Diagnosis-DPS","Diagnostic module {45de1ea9-10bc-4f96-9b21-4b6b83dbf476} (%windir%\system32\radardt.dll) detected a problem for scenario {180b3a99-8c39-4f12-b631-2031998efe45}, instance {3b2868f3-5c0c-4ffb-9091-0933a084510c}, original activity ID {00000000-0000-0000-0000-000000000000}."
"05-08-2026 19:18:13","105","Information","Microsoft-Windows-Diagnosis-DPS","Diagnostic module {45de1ea9-10bc-4f96-9b21-4b6b83dbf476} (%windir%\system32\radardt.dll) started troubleshooting scenario {180b3a99-8c39-4f12-b631-2031998efe45}, instance {d386f5f8-8f35-4712-ae2a-df4cb749f4d1}, original activity ID {00000000-0000-0000-0000-000000000000}."
"05-08-2026 19:18:13","100","Information","Microsoft-Windows-Diagnosis-DPS","Diagnostic module {45de1ea9-10bc-4f96-9b21-4b6b83dbf476} (%windir%\system32\radardt.dll) detected a problem for scenario {180b3a99-8c39-4f12-b631-2031998efe45}, instance {d386f5f8-8f35-4712-ae2a-df4cb749f4d1}, original activity ID {00000000-0000-0000-0000-000000000000}."
"05-08-2026 19:13:13","105","Information","Microsoft-Windows-Diagnosis-DPS","Diagnostic module {45de1ea9-10bc-4f96-9b21-4b6b83dbf476} (%windir%\system32\radardt.dll) started troubleshooting scenario {180b3a99-8c39-4f12-b631-2031998efe45}, instance {314d079a-0670-46d6-a865-c6eec0964853}, original activity ID {00000000-0000-0000-0000-000000000000}."
"05-08-2026 19:13:13","100","Information","Microsoft-Windows-Diagnosis-DPS","Diagnostic module {45de1ea9-10bc-4f96-9b21-4b6b83dbf476} (%windir%\system32\radardt.dll) detected a problem for scenario {180b3a99-8c39-4f12-b631-2031998efe45}, instance {314d079a-0670-46d6-a865-c6eec0964853}, original activity ID {00000000-0000-0000-0000-000000000000}."
"05-08-2026 19:08:13","105","Information","Microsoft-Windows-Diagnosis-DPS","Diagnostic module {45de1ea9-10bc-4f96-9b21-4b6b83dbf476} (%windir%\system32\radardt.dll) started troubleshooting scenario {180b3a99-8c39-4f12-b631-2031998efe45}, instance {b813f6f2-8928-4fed-98a6-d29d7f711b6e}, original activity ID {00000000-0000-0000-0000-000000000000}."
"05-08-2026 19:08:13","100","Information","Microsoft-Windows-Diagnosis-DPS","Diagnostic module {45de1ea9-10bc-4f96-9b21-4b6b83dbf476} (%windir%\system32\radardt.dll) detected a problem for scenario {180b3a99-8c39-4f12-b631-2031998efe45}, instance {b813f6f2-8928-4fed-98a6-d29d7f711b6e}, original activity ID {00000000-0000-0000-0000-000000000000}."
"05-08-2026 19:03:13","105","Information","Microsoft-Windows-Diagnosis-DPS","Diagnostic module {45de1ea9-10bc-4f96-9b21-4b6b83dbf476} (%windir%\system32\radardt.dll) started troubleshooting scenario {180b3a99-8c39-4f12-b631-2031998efe45}, instance {ae3f46f8-0376-4603-8b53-bcbcb87be655}, original activity ID {00000000-0000-0000-0000-000000000000}."
"05-08-2026 19:03:13","100","Information","Microsoft-Windows-Diagnosis-DPS","Diagnostic module {45de1ea9-10bc-4f96-9b21-4b6b83dbf476} (%windir%\system32\radardt.dll) detected a problem for scenario {180b3a99-8c39-4f12-b631-2031998efe45}, instance {ae3f46f8-0376-4603-8b53-bcbcb87be655}, original activity ID {00000000-0000-0000-0000-000000000000}."
"05-08-2026 18:58:13","105","Information","Microsoft-Windows-Diagnosis-DPS","Diagnostic module {45de1ea9-10bc-4f96-9b21-4b6b83dbf476} (%windir%\system32\radardt.dll) started troubleshooting scenario {180b3a99-8c39-4f12-b631-2031998efe45}, instance {9a65ebe4-2b45-4959-9ed1-15e8b957dcba}, original activity ID {00000000-0000-0000-0000-000000000000}."
"05-08-2026 18:58:13","100","Information","Microsoft-Windows-Diagnosis-DPS","Diagnostic module {45de1ea9-10bc-4f96-9b21-4b6b83dbf476} (%windir%\system32\radardt.dll) detected a problem for scenario {180b3a99-8c39-4f12-b631-2031998efe45}, instance {9a65ebe4-2b45-4959-9ed1-15e8b957dcba}, original activity ID {00000000-0000-0000-0000-000000000000}."
"05-08-2026 18:53:13","105","Information","Microsoft-Windows-Diagnosis-DPS","Diagnostic module {45de1ea9-10bc-4f96-9b21-4b6b83dbf476} (%windir%\system32\radardt.dll) started troubleshooting scenario {180b3a99-8c39-4f12-b631-2031998efe45}, instance {b21ae3e7-02c5-4247-b1b9-7db8a2f7c76c}, original activity ID {00000000-0000-0000-0000-000000000000}."
"05-08-2026 18:53:13","100","Information","Microsoft-Windows-Diagnosis-DPS","Diagnostic module {45de1ea9-10bc-4f96-9b21-4b6b83dbf476} (%windir%\system32\radardt.dll) detected a problem for scenario {180b3a99-8c39-4f12-b631-2031998efe45}, instance {b21ae3e7-02c5-4247-b1b9-7db8a2f7c76c}, original activity ID {00000000-0000-0000-0000-000000000000}."
"05-08-2026 18:48:13","105","Information","Microsoft-Windows-Diagnosis-DPS","Diagnostic module {45de1ea9-10bc-4f96-9b21-4b6b83dbf476} (%windir%\system32\radardt.dll) started troubleshooting scenario {180b3a99-8c39-4f12-b631-2031998efe45}, instance {5052720c-e17f-4b9b-8122-4d2076010d1d}, original activity ID {00000000-0000-0000-0000-000000000000}."
"05-08-2026 18:48:13","100","Information","Microsoft-Windows-Diagnosis-DPS","Diagnostic module {45de1ea9-10bc-4f96-9b21-4b6b83dbf476} (%windir%\system32\radardt.dll) detected a problem for scenario {180b3a99-8c39-4f12-b631-2031998efe45}, instance {5052720c-e17f-4b9b-8122-4d2076010d1d}, original activity ID {00000000-0000-0000-0000-000000000000}."
"05-08-2026 18:43:13","105","Information","Microsoft-Windows-Diagnosis-DPS","Diagnostic module {45de1ea9-10bc-4f96-9b21-4b6b83dbf476} (%windir%\system32\radardt.dll) started troubleshooting scenario {180b3a99-8c39-4f12-b631-2031998efe45}, instance {052accf9-fd82-4c48-a694-b34e0f126d6c}, original activity ID {00000000-0000-0000-0000-000000000000}."
"05-08-2026 18:43:13","100","Information","Microsoft-Windows-Diagnosis-DPS","Diagnostic module {45de1ea9-10bc-4f96-9b21-4b6b83dbf476} (%windir%\system32\radardt.dll) detected a problem for scenario {180b3a99-8c39-4f12-b631-2031998efe45}, instance {052accf9-fd82-4c48-a694-b34e0f126d6c}, original activity ID {00000000-0000-0000-0000-000000000000}."
"05-08-2026 18:38:13","105","Information","Microsoft-Windows-Diagnosis-DPS","Diagnostic module {45de1ea9-10bc-4f96-9b21-4b6b83dbf476} (%windir%\system32\radardt.dll) started troubleshooting scenario {180b3a99-8c39-4f12-b631-2031998efe45}, instance {11d35c27-ea43-4be2-a498-fd31e45b58f6}, original activity ID {00000000-0000-0000-0000-000000000000}."
"05-08-2026 18:38:13","100","Information","Microsoft-Windows-Diagnosis-DPS","Diagnostic module {45de1ea9-10bc-4f96-9b21-4b6b83dbf476} (%windir%\system32\radardt.dll) detected a problem for scenario {180b3a99-8c39-4f12-b631-2031998efe45}, instance {11d35c27-ea43-4be2-a498-fd31e45b58f6}, original activity ID {00000000-0000-0000-0000-000000000000}."
"05-08-2026 18:33:13","105","Information","Microsoft-Windows-Diagnosis-DPS","Diagnostic module {45de1ea9-10bc-4f96-9b21-4b6b83dbf476} (%windir%\system32\radardt.dll) started troubleshooting scenario {180b3a99-8c39-4f12-b631-2031998efe45}, instance {f4717981-4cc9-4a57-92a6-bc91c5a5d04c}, original activity ID {00000000-0000-0000-0000-000000000000}."
"05-08-2026 18:33:13","100","Information","Microsoft-Windows-Diagnosis-DPS","Diagnostic module {45de1ea9-10bc-4f96-9b21-4b6b83dbf476} (%windir%\system32\radardt.dll) detected a problem for scenario {180b3a99-8c39-4f12-b631-2031998efe45}, instance {f4717981-4cc9-4a57-92a6-bc91c5a5d04c}, original activity ID {00000000-0000-0000-0000-000000000000}."
"05-08-2026 18:28:13","105","Information","Microsoft-Windows-Diagnosis-DPS","Diagnostic module {45de1ea9-10bc-4f96-9b21-4b6b83dbf476} (%windir%\system32\radardt.dll) started troubleshooting scenario {180b3a99-8c39-4f12-b631-2031998efe45}, instance {2c9b870f-61b8-4f22-9d7b-38cb09cc9d5c}, original activity ID {00000000-0000-0000-0000-000000000000}."
"05-08-2026 18:28:13","100","Information","Microsoft-Windows-Diagnosis-DPS","Diagnostic module {45de1ea9-10bc-4f96-9b21-4b6b83dbf476} (%windir%\system32\radardt.dll) detected a problem for scenario {180b3a99-8c39-4f12-b631-2031998efe45}, instance {2c9b870f-61b8-4f22-9d7b-38cb09cc9d5c}, original activity ID {00000000-0000-0000-0000-000000000000}."
"05-08-2026 18:23:13","105","Information","Microsoft-Windows-Diagnosis-DPS","Diagnostic module {45de1ea9-10bc-4f96-9b21-4b6b83dbf476} (%windir%\system32\radardt.dll) started troubleshooting scenario {180b3a99-8c39-4f12-b631-2031998efe45}, instance {c1723584-e0ac-4fb4-a17d-2b0578d9fea1}, original activity ID {00000000-0000-0000-0000-000000000000}."
"05-08-2026 18:23:13","100","Information","Microsoft-Windows-Diagnosis-DPS","Diagnostic module {45de1ea9-10bc-4f96-9b21-4b6b83dbf476} (%windir%\system32\radardt.dll) detected a problem for scenario {180b3a99-8c39-4f12-b631-2031998efe45}, instance {c1723584-e0ac-4fb4-a17d-2b0578d9fea1}, original activity ID {00000000-0000-0000-0000-000000000000}."
"05-08-2026 18:18:13","105","Information","Microsoft-Windows-Diagnosis-DPS","Diagnostic module {45de1ea9-10bc-4f96-9b21-4b6b83dbf476} (%windir%\system32\radardt.dll) started troubleshooting scenario {180b3a99-8c39-4f12-b631-2031998efe45}, instance {bbed0637-57c0-4812-a1cd-f1064d892e32}, original activity ID {00000000-0000-0000-0000-000000000000}."
"05-08-2026 18:18:13","100","Information","Microsoft-Windows-Diagnosis-DPS","Diagnostic module {45de1ea9-10bc-4f96-9b21-4b6b83dbf476} (%windir%\system32\radardt.dll) detected a problem for scenario {180b3a99-8c39-4f12-b631-2031998efe45}, instance {bbed0637-57c0-4812-a1cd-f1064d892e32}, original activity ID {00000000-0000-0000-0000-000000000000}."
"05-08-2026 18:13:13","105","Information","Microsoft-Windows-Diagnosis-DPS","Diagnostic module {45de1ea9-10bc-4f96-9b21-4b6b83dbf476} (%windir%\system32\radardt.dll) started troubleshooting scenario {180b3a99-8c39-4f12-b631-2031998efe45}, instance {d51cee6f-abfe-4d2e-98bf-373b468f3d72}, original activity ID {00000000-0000-0000-0000-000000000000}."
"05-08-2026 18:13:13","100","Information","Microsoft-Windows-Diagnosis-DPS","Diagnostic module {45de1ea9-10bc-4f96-9b21-4b6b83dbf476} (%windir%\system32\radardt.dll) detected a problem for scenario {180b3a99-8c39-4f12-b631-2031998efe45}, instance {d51cee6f-abfe-4d2e-98bf-373b468f3d72}, original activity ID {00000000-0000-0000-0000-000000000000}."
"05-08-2026 18:08:13","105","Information","Microsoft-Windows-Diagnosis-DPS","Diagnostic module {45de1ea9-10bc-4f96-9b21-4b6b83dbf476} (%windir%\system32\radardt.dll) started troubleshooting scenario {180b3a99-8c39-4f12-b631-2031998efe45}, instance {a990e101-c84d-4a7b-b329-a60a4e8e6f7a}, original activity ID {00000000-0000-0000-0000-000000000000}."
"05-08-2026 18:08:13","100","Information","Microsoft-Windows-Diagnosis-DPS","Diagnostic module {45de1ea9-10bc-4f96-9b21-4b6b83dbf476} (%windir%\system32\radardt.dll) detected a problem for scenario {180b3a99-8c39-4f12-b631-2031998efe45}, instance {a990e101-c84d-4a7b-b329-a60a4e8e6f7a}, original activity ID {00000000-0000-0000-0000-000000000000}."
"05-08-2026 18:03:13","105","Information","Microsoft-Windows-Diagnosis-DPS","Diagnostic module {45de1ea9-10bc-4f96-9b21-4b6b83dbf476} (%windir%\system32\radardt.dll) started troubleshooting scenario {180b3a99-8c39-4f12-b631-2031998efe45}, instance {ccb2d806-b2b2-43af-94b7-98c4b28969ae}, original activity ID {00000000-0000-0000-0000-000000000000}."
"05-08-2026 18:03:13","100","Information","Microsoft-Windows-Diagnosis-DPS","Diagnostic module {45de1ea9-10bc-4f96-9b21-4b6b83dbf476} (%windir%\system32\radardt.dll) detected a problem for scenario {180b3a99-8c39-4f12-b631-2031998efe45}, instance {ccb2d806-b2b2-43af-94b7-98c4b28969ae}, original activity ID {00000000-0000-0000-0000-000000000000}."
"05-08-2026 17:58:13","105","Information","Microsoft-Windows-Diagnosis-DPS","Diagnostic module {45de1ea9-10bc-4f96-9b21-4b6b83dbf476} (%windir%\system32\radardt.dll) started troubleshooting scenario {180b3a99-8c39-4f12-b631-2031998efe45}, instance {faec8fe8-4a74-4c97-b9c1-6ae556bee6b5}, original activity ID {00000000-0000-0000-0000-000000000000}."
"05-08-2026 17:58:13","100","Information","Microsoft-Windows-Diagnosis-DPS","Diagnostic module {45de1ea9-10bc-4f96-9b21-4b6b83dbf476} (%windir%\system32\radardt.dll) detected a problem for scenario {180b3a99-8c39-4f12-b631-2031998efe45}, instance {faec8fe8-4a74-4c97-b9c1-6ae556bee6b5}, original activity ID {00000000-0000-0000-0000-000000000000}."
"05-08-2026 17:53:13","105","Information","Microsoft-Windows-Diagnosis-DPS","Diagnostic module {45de1ea9-10bc-4f96-9b21-4b6b83dbf476} (%windir%\system32\radardt.dll) started troubleshooting scenario {180b3a99-8c39-4f12-b631-2031998efe45}, instance {e333d6dd-015d-4bd7-a311-0242dcac45db}, original activity ID {00000000-0000-0000-0000-000000000000}."
"05-08-2026 17:53:13","100","Information","Microsoft-Windows-Diagnosis-DPS","Diagnostic module {45de1ea9-10bc-4f96-9b21-4b6b83dbf476} (%windir%\system32\radardt.dll) detected a problem for scenario {180b3a99-8c39-4f12-b631-2031998efe45}, instance {e333d6dd-015d-4bd7-a311-0242dcac45db}, original activity ID {00000000-0000-0000-0000-000000000000}."
