"19-08-2026 09:58:05","2006","Information","Microsoft-Windows-Install-Agent","[Start] Plugin available, Creating Work for Catalog Item UserSID = S-1-5-18  CatalogId = StoreId:9NRZT3Q9R3DL  properties = {""UserIdentityInfo"":"""",""VolumePath"":"""",""CallerApplicationId"":""setup-StartProductInstallWithOptionsAsync"",""IsInteractive"":false,""AllowDownloadOnAnyNetwork"":false,""Repair"":false,""AllowForcedAppRestart"":false,""ForceUseOfNonRemovableStorage"":false,""InstallForAllUsers"":true,""StageButDoNotInstall"":false,""CatalogId"":"""",""RequiresElevation"":false,""LaunchAfterInstall"":false,""ParentBundleId"":""""}  
Error: The operation completed successfully.
Function: InstallQueue2::CreateWorkForCatalogItem
Source: onecoreuap\enduser\winstore\installservice\libqueue2\installqueue2.cpp (1696)"
"19-08-2026 09:58:05","2006","Information","Microsoft-Windows-Install-Agent","Catalog Cache items read from disk into memory. Loaded item count:  = 43  Deleted item count:  = 0  
Error: The operation completed successfully.
Function: CatalogDataStore::_ReadCacheFromDisk
Source: onecoreuap\enduser\winstore\installservice\libqueue2\catalogdatastore.cpp (503)"
"19-08-2026 09:58:05","2006","Information","Microsoft-Windows-Install-Agent","Queueing Work for Catalog Item
Error: The operation completed successfully.
Function: InstallQueue2::CreateWork
Source: onecoreuap\enduser\winstore\installservice\libqueue2\installqueue2.cpp (1514)"
"19-08-2026 09:58:05","2006","Information","Microsoft-Windows-Install-Agent","Creating work for InstallQueue2 CatalogId = StoreId:9NRZT3Q9R3DL   
Error: The operation completed successfully.
Function: InstallQueue2::CreateWork
Source: onecoreuap\enduser\winstore\installservice\libqueue2\installqueue2.cpp (1489)"
"19-08-2026 09:58:05","2006","Information","Microsoft-Windows-Install-Agent","Creating InstallServiceWork StoreId = 9NRZT3Q9R3DL   
Error: The operation completed successfully.
Function: winrt::Windows::Internal::InstallService::Control::implementation::InstallServiceControl::CreateInstallServiceWork
Source: onecoreuap\enduser\winstore\installservice\libqueue2\windows.internal.installservice.control.installservicecontrol.cpp (57)"
"19-08-2026 09:58:05","2006","Information","Microsoft-Windows-Install-Agent","[Telemetry]: InstallOperationRequest :: __TlgCV__ = z38pu4kKnkOFYjMM.0  ProductId = 9NRZT3Q9R3DL  SkuId =   CatalogId =   BundleId =   VolumePath =   
Error: Unknown HResult Error code: 0xefffffff
Function: LogTelemetryEvent
Source: onecoreuap\enduser\winstore\installservice\svc\logging.cpp (10)"
"19-08-2026 09:58:05","2006","Information","Microsoft-Windows-Install-Agent","request: productId = 9NRZT3Q9R3DL, skuId = , catalogId = , flightId = , volumePath = , CV = z38pu4kKnkOFYjMM.0, repair = false, userInteractive = false, allowDownloadOnAnyNetwork = false, forceUseOfNonRemovableStorage = false, allowForcedAppRestart = false, launchAfterInstall = false
Error: Unknown HResult Error code: 0xefffffff
Function: Windows::ApplicationModel::Store::Preview::InstallControl::AppInstallManagerImpl::_StartBundleProductInstallAsync
Source: onecoreuap\enduser\winstore\installservice\lib\appinstallcontrol.cpp (5357)"
"19-08-2026 09:58:05","2006","Information","Microsoft-Windows-Install-Agent","setup-StartProductInstallWithOptionsAsync is in the disallow list, setting userInteractive = false
Error: Unknown HResult Error code: 0xefffffff
Function: Utils::IsCallerInteractive
Source: onecoreuap\enduser\winstore\installservice\lib\utils.cpp (374)"
"19-08-2026 09:58:05","2006","Information","Microsoft-Windows-Install-Agent","Update block list not found or empty in OneSettings
Error: Unknown HResult Error code: 0xefffffff
Function: DoInitializeOneSettingsConfiguration
Source: onecoreuap\enduser\winstore\installservice\lib\settings.cpp (2735)"
"19-08-2026 09:58:05","2006","Information","Microsoft-Windows-Install-Agent","Failure detected
Error: JSON value not found.
Function: 
Source: onecoreuap\enduser\winstore\installservice\lib\settings.cpp (578)"
"19-08-2026 09:58:05","2006","Information","Microsoft-Windows-Install-Agent","Failure detected
Error: JSON value not found.
Function: 
Source: onecoreuap\enduser\winstore\installservice\lib\settings.cpp (558)"
"19-08-2026 09:58:05","2005","Verbose","Microsoft-Windows-Install-Agent","CheckpointAbandonmentRules fetched from OneSettings payload: [{""callerApplicationIdKeyword"":""WindowsStore"",""systemAttemptCountThreshold"":5,""creationTimestampThresholdInDays"":2},{""callerApplicationIdKeyword"":""MoUsoCoreWorker"",""systemAttemptCountThreshold"":2,""creationTimestampThresholdInDays"":2}]
Error: Unknown HResult Error code: 0xefffffff
Function: _ReadCheckpointAbandonmentRules
Source: onecoreuap\enduser\winstore\installservice\lib\settings.cpp (4907)"
"19-08-2026 09:58:05","2005","Verbose","Microsoft-Windows-Install-Agent","SfEdgeFallbackEndpointUrl fetched from cache: https://sfdataservice.microsoft.com/package-retrieval
Error: Unknown HResult Error code: 0xefffffff
Function: _ReadSfEdgeFallbackEndpointUrl
Source: onecoreuap\enduser\winstore\installservice\lib\settings.cpp (4660)"
"19-08-2026 09:58:05","2005","Verbose","Microsoft-Windows-Install-Agent","ProductCatalogUrl fetched from cache: https://fe3cr.delivery.mp.microsoft.com/ClientWebService/client.asmx/secured
Error: Unknown HResult Error code: 0xefffffff
Function: _ReadProductCatalogUrl
Source: onecoreuap\enduser\winstore\installservice\lib\settings.cpp (4639)"
"19-08-2026 09:58:05","2005","Verbose","Microsoft-Windows-Install-Agent","DirectDownloadEnablementLiveCheckThreshold in milliseconds fetched from cache: 600000
Error: Unknown HResult Error code: 0xefffffff
Function: _ReadDirectDownloadEnablementLiveCheckThreshold
Source: onecoreuap\enduser\winstore\installservice\lib\settings.cpp (4617)"
"19-08-2026 09:58:05","2007","Warning","Microsoft-Windows-Install-Agent","Error while reading DirectDownloadReplacementSettings from OneSettings cache, value will remain empty
Error: Unknown HResult Error code: 0xefffffff
Function: DoInitializeOneSettingsConfiguration
Source: onecoreuap\enduser\winstore\installservice\lib\settings.cpp (2638)"
"19-08-2026 09:58:05","2006","Information","Microsoft-Windows-Install-Agent","Failure detected
Error: JSON value not found.
Function: 
Source: onecoreuap\enduser\winstore\installservice\lib\settings.cpp (4556)"
"19-08-2026 09:58:05","2006","Information","Microsoft-Windows-Install-Agent","DirectDownloadEnablementSettings Source field missing. Defaulting to Default.
Error: Unknown HResult Error code: 0xefffffff
Function: _ParseDirectDownloadSourceFromJson
Source: onecoreuap\enduser\winstore\installservice\lib\settings.cpp (4428)"
"19-08-2026 09:58:05","2006","Information","Microsoft-Windows-Install-Agent","DirectDownloadEnablementSettings Source field missing. Defaulting to Default.
Error: Unknown HResult Error code: 0xefffffff
Function: _ParseDirectDownloadSourceFromJson
Source: onecoreuap\enduser\winstore\installservice\lib\settings.cpp (4428)"
"19-08-2026 09:58:05","2006","Information","Microsoft-Windows-Install-Agent","DirectDownloadEnablementSettings Source field missing. Defaulting to Default.
Error: Unknown HResult Error code: 0xefffffff
Function: _ParseDirectDownloadSourceFromJson
Source: onecoreuap\enduser\winstore\installservice\lib\settings.cpp (4428)"
"19-08-2026 09:58:05","2006","Information","Microsoft-Windows-Install-Agent","DirectDownloadEnablementSettings Source field missing. Defaulting to Default.
Error: Unknown HResult Error code: 0xefffffff
Function: _ParseDirectDownloadSourceFromJson
Source: onecoreuap\enduser\winstore\installservice\lib\settings.cpp (4428)"
"19-08-2026 09:58:05","2006","Information","Microsoft-Windows-Install-Agent","DirectDownloadEnablementSettings Source field missing. Defaulting to Default.
Error: Unknown HResult Error code: 0xefffffff
Function: _ParseDirectDownloadSourceFromJson
Source: onecoreuap\enduser\winstore\installservice\lib\settings.cpp (4428)"
"19-08-2026 09:58:05","2006","Information","Microsoft-Windows-Install-Agent","DirectDownloadEnablementSettings Source field missing. Defaulting to Default.
Error: Unknown HResult Error code: 0xefffffff
Function: _ParseDirectDownloadSourceFromJson
Source: onecoreuap\enduser\winstore\installservice\lib\settings.cpp (4428)"
"19-08-2026 09:58:05","2006","Information","Microsoft-Windows-Install-Agent","DirectDownloadEnablementSettings Source field missing. Defaulting to Default.
Error: Unknown HResult Error code: 0xefffffff
Function: _ParseDirectDownloadSourceFromJson
Source: onecoreuap\enduser\winstore\installservice\lib\settings.cpp (4428)"
"19-08-2026 09:58:05","2006","Information","Microsoft-Windows-Install-Agent","DirectDownloadEnablementSettings Source field missing. Defaulting to Default.
Error: Unknown HResult Error code: 0xefffffff
Function: _ParseDirectDownloadSourceFromJson
Source: onecoreuap\enduser\winstore\installservice\lib\settings.cpp (4428)"
"19-08-2026 09:58:05","2005","Verbose","Microsoft-Windows-Install-Agent","DirectDownloadEnablementSettings fetched from OneSettings payload: [{""clientIds"":[],""hresults"":[],""regions"":[],""products"":[],""arches"":[],""installTypes"":[],""errorStages"":[""Install""],""listType"":""Disallowed""},{""clientIds"":[""Microsoft.WindowsStore_8wekyb3d8bbwe""],""hresults"":[],""regions"":[],""products"":[""9NKSQGP7F2NH"",""9NRX63209R7B"",""9NTXR16HNW1T"",""9PLM9XGG6VKS""],""arches"":[],""installTypes"":[],""errorStages"":[],""listType"":""Disallowed""},{""clientIds"":[],""hresults"":[""0x00000000"",""0x80004004"",""0x80070032"",""0x8007029C"",""0x8007045B"",""0x80070520"",""0x80073CFB"",""0x80073CFF"",""0x80073D0A"",""0x80073D13"",""0x80073D19"",""0x80073D22"",""0x80240008"",""0x8024001E"",""0x80240066"",""0x803FB003"",""0x803FB015"",""0xC8000710"",""0x80073CF4"",""0x80073D01"",""0x80070070"",""0x80073D21"",""0x80246017"",""0x80073CFE""],""regions"":[],""products"":[],""arches"":[],""installTypes"":[],""errorStages"":[],""listType"":""Disallowed""},{""clientIds"":[],""hresults"":[],""regions"":[],""products"":[""9PLRGHGXR4FM""],""arches"":[],""installTypes"":[""Install""],""errorStages"":[],""listType"":""Allowed""},{""clientIds"":[],""hresults"":[],""regions"":[""CN""],""products"":[],""arches"":[],""installTypes"":[],""errorStages"":[],""listType"":""Disallowed""},{""clientIds"":[],""hresults"":[],""regions"":[],""products"":[""9N3RK8ZV2ZR8"",""9NRZT3Q9R3DL"",""9P2B8MCSVPLN"",""9NPV76S164X5"",""9NBLGGH4RV3P"",""9NBLGGH4SVJT"",""9PHBC65ZG12V"",""9NKSQGP7F2NH"",""9NKRJ3SJ9SDG""],""arches"":[],""installTypes"":[],""errorStages"":[],""listType"":""Disallowed""},{""clientIds"":[""DellInc.AlienwareCommandCenter_htrsf667h5kn2"",""DSIC"",""explorer"",""AICompanion"",""HP.Omen.OmenCommandCenter"",""setup"",""Language Overlay Service"",""TabTip"",""LiveCaptions"",""Undetermined"",""GamingService""],""hresults"":[],""regions"":[],""products"":[],""arches"":[],""installTypes"":[],""errorStages"":[],""listType"":""Disallowed""},{""clientIds"":[],""hresults"":[],""regions"":[],""products"":[],""arches"":[],""installTypes"":[""Install""],""errorStages"":[],""listType"":""Allowed""}]
Error: Unknown HResult Error code: 0xefffffff
Function: _ReadDirectDownloadEnablementSettings
Source: onecoreuap\enduser\winstore\installservice\lib\settings.cpp (4503)"
"19-08-2026 09:58:05","2005","Verbose","Microsoft-Windows-Install-Agent","DirectDownloadEnablementState fetched from cache: 2
Error: Unknown HResult Error code: 0xefffffff
Function: _ReadDirectDownloadEnablementState
Source: onecoreuap\enduser\winstore\installservice\lib\settings.cpp (4479)"
"19-08-2026 09:58:05","2006","Information","Microsoft-Windows-Install-Agent","Failure detected
Error: JSON value not found.
Function: 
Source: onecoreuap\enduser\winstore\installservice\lib\settings.cpp (538)"
"19-08-2026 09:58:05","2006","Information","Microsoft-Windows-Install-Agent","Failure detected
Error: JSON value not found.
Function: 
Source: onecoreuap\enduser\winstore\installservice\lib\settings.cpp (558)"
"19-08-2026 09:58:05","2006","Information","Microsoft-Windows-Install-Agent","Failure detected
Error: JSON value not found.
Function: 
Source: onecoreuap\enduser\winstore\installservice\lib\settings.cpp (558)"
"19-08-2026 09:58:05","2006","Information","Microsoft-Windows-Install-Agent","Failure detected
Error: JSON value not found.
Function: 
Source: onecoreuap\enduser\winstore\installservice\lib\settings.cpp (538)"
"19-08-2026 09:58:05","2006","Information","Microsoft-Windows-Install-Agent","Failure detected
Error: JSON value not found.
Function: 
Source: onecoreuap\enduser\winstore\installservice\lib\settings.cpp (538)"
"19-08-2026 09:58:05","2005","Verbose","Microsoft-Windows-Install-Agent","OneSettingsOnlineScanCooldown (in seconds) = 30
Error: Unknown HResult Error code: 0xefffffff
Function: DoInitializeOneSettingsConfiguration
Source: onecoreuap\enduser\winstore\installservice\lib\settings.cpp (2521)"
"19-08-2026 09:58:05","2005","Verbose","Microsoft-Windows-Install-Agent","OneSettingsOnlineScansAllowedInInterval = 10
Error: Unknown HResult Error code: 0xefffffff
Function: DoInitializeOneSettingsConfiguration
Source: onecoreuap\enduser\winstore\installservice\lib\settings.cpp (2514)"
"19-08-2026 09:58:05","2005","Verbose","Microsoft-Windows-Install-Agent","OneSettingsOnlineScanInterval (in seconds) = 86400
Error: Unknown HResult Error code: 0xefffffff
Function: DoInitializeOneSettingsConfiguration
Source: onecoreuap\enduser\winstore\installservice\lib\settings.cpp (2512)"
"19-08-2026 09:58:04","2006","Information","Microsoft-Windows-Install-Agent","Checking interactive for install caller: setup-StartProductInstallWithOptionsAsync
Error: Unknown HResult Error code: 0xefffffff
Function: Utils::IsCallerInteractive
Source: onecoreuap\enduser\winstore\installservice\lib\utils.cpp (371)"
"19-08-2026 09:58:04","2005","Verbose","Microsoft-Windows-Install-Agent","oneSettingsconcurrentDefaultInstalls = 3, oneSettingsconcurrentMinInstalls = 3
Error: Unknown HResult Error code: 0xefffffff
Function: GetConcurrentInstallsFromOneSettings
Source: onecoreuap\enduser\winstore\installservice\lib\settings.cpp (846)"
"19-08-2026 09:58:04","2006","Information","Microsoft-Windows-Install-Agent","Setting MSA Client Id for Token requests: {f0c62012-2cef-4831-b1f7-930682874c86}
Error: Unspecified error
Function: 
Source: onecoreuap\enduser\winstore\auth\lib\winstoreauth.cpp (206)"
"19-08-2026 09:58:04","2000","Information","Microsoft-Windows-Install-Agent","Process Name: C:\Program Files (x86)\Microsoft\EdgeUpdate\Install\{8589D71D-DDA5-4D61-A81F-A799776561C7}\EDGEMITMP_1D2D0.tmp\setup.exe
Module Name: C:\Windows\System32\InstallService.dll
Build: 26100.1.amd64fre.ge_release.240331-1435, UBR: 8893
"
"19-08-2026 09:57:46","8001","Information","Microsoft-Windows-Store","Skipping license manager: PFN Microsoft.ScreenSketch_11.2602.49.0_x64__8wekyb3d8bbwe
Function: InvokeLicenseManagerRequired
Source: onecoreuap\enduser\winstore\licensemanager\apisethost\activationapis.cpp (373)"
"19-08-2026 09:57:39","8001","Information","Microsoft-Windows-Store","Skipping license manager: PFN Microsoft.ScreenSketch_11.2602.49.0_x64__8wekyb3d8bbwe
Function: InvokeLicenseManagerRequired
Source: onecoreuap\enduser\winstore\licensemanager\apisethost\activationapis.cpp (373)"
"19-08-2026 09:57:39","8001","Information","Microsoft-Windows-Store","Skipping license manager: PFN Microsoft.ScreenSketch_11.2602.49.0_x64__8wekyb3d8bbwe
Function: InvokeLicenseManagerRequired
Source: onecoreuap\enduser\winstore\licensemanager\apisethost\activationapis.cpp (373)"
"19-08-2026 09:56:33","2006","Information","Microsoft-Windows-Install-Agent","[Telemetry]: StateTransition :: ProductId = (null)  PFN = (null)  CatalogId = (null)  FulfillmentPluginId = (null)  PluginTelemetryData = (null)  PrevState = ServiceStateChange  NewState = ServiceStateChange  PluginLastStage = 6  HResult = 0  __TlgCV__ = (null)  
Error: Unknown HResult Error code: 0xefffffff
Function: LogTelemetryEvent
Source: onecoreuap\enduser\winstore\installservice\svc\logging.cpp (10)"
"19-08-2026 09:56:33","2006","Information","Microsoft-Windows-Install-Agent","[Telemetry]: StateTransition :: ProductId = (null)  PFN = (null)  CatalogId = (null)  FulfillmentPluginId = (null)  PluginTelemetryData = (null)  PrevState = ServiceStateChange  NewState = ServiceStateChange  PluginLastStage = 6  HResult = 0  __TlgCV__ = (null)  
Error: Unknown HResult Error code: 0xefffffff
Function: LogTelemetryEvent
Source: onecoreuap\enduser\winstore\installservice\svc\logging.cpp (10)"
"19-08-2026 00:26:02","2006","Information","Microsoft-Windows-Install-Agent","[Telemetry]: StateTransition :: ProductId = (null)  PFN = (null)  CatalogId = (null)  FulfillmentPluginId = (null)  PluginTelemetryData = (null)  PrevState = ServiceStateChange  NewState = ServiceStateChange  PluginLastStage = 5  HResult = 0  __TlgCV__ = (null)  
Error: Unknown HResult Error code: 0xefffffff
Function: LogTelemetryEvent
Source: onecoreuap\enduser\winstore\installservice\svc\logging.cpp (10)"
"19-08-2026 00:26:02","2006","Information","Microsoft-Windows-Install-Agent","[Telemetry]: StateTransition :: ProductId = (null)  PFN = (null)  CatalogId = (null)  FulfillmentPluginId = (null)  PluginTelemetryData = (null)  PrevState = ServiceStateChange  NewState = ServiceStateChange  PluginLastStage = 4  HResult = 0  __TlgCV__ = (null)  
Error: Unknown HResult Error code: 0xefffffff
Function: LogTelemetryEvent
Source: onecoreuap\enduser\winstore\installservice\svc\logging.cpp (10)"
"18-08-2026 19:08:38","8001","Information","Microsoft-Windows-Store","Skipping license manager: PFN Microsoft.WindowsStore_22607.1401.3.0_x64__8wekyb3d8bbwe
Function: InvokeLicenseManagerRequired
Source: onecoreuap\enduser\winstore\licensemanager\apisethost\activationapis.cpp (373)"
"18-08-2026 19:08:19","2006","Information","Microsoft-Windows-Install-Agent","[Telemetry]: StateTransition :: ProductId = (null)  PFN = (null)  CatalogId = (null)  FulfillmentPluginId = (null)  PluginTelemetryData = (null)  PrevState = ServiceStateChange  NewState = ServiceStateChange  PluginLastStage = 3  HResult = 0  __TlgCV__ = (null)  
Error: Unknown HResult Error code: 0xefffffff
Function: LogTelemetryEvent
Source: onecoreuap\enduser\winstore\installservice\svc\logging.cpp (10)"
"18-08-2026 19:08:14","2006","Information","Microsoft-Windows-Install-Agent","[Telemetry]: StateTransition :: ProductId = (null)  PFN = (null)  CatalogId = (null)  FulfillmentPluginId = (null)  PluginTelemetryData = (null)  PrevState = ServiceStateChange  NewState = ServiceStateChange  PluginLastStage = 4  HResult = 0  __TlgCV__ = (null)  
Error: Unknown HResult Error code: 0xefffffff
Function: LogTelemetryEvent
Source: onecoreuap\enduser\winstore\installservice\svc\logging.cpp (10)"
"18-08-2026 19:06:16","2006","Information","Microsoft-Windows-Install-Agent","[Telemetry]: StateTransition :: ProductId = (null)  PFN = (null)  CatalogId = (null)  FulfillmentPluginId = (null)  PluginTelemetryData = (null)  PrevState = ServiceStateChange  NewState = ServiceStateChange  PluginLastStage = 3  HResult = 0  __TlgCV__ = (null)  
Error: Unknown HResult Error code: 0xefffffff
Function: LogTelemetryEvent
Source: onecoreuap\enduser\winstore\installservice\svc\logging.cpp (10)"
"18-08-2026 19:06:10","2006","Information","Microsoft-Windows-Install-Agent","[Telemetry]: StateTransition :: ProductId = (null)  PFN = (null)  CatalogId = (null)  FulfillmentPluginId = (null)  PluginTelemetryData = (null)  PrevState = ServiceStateChange  NewState = ServiceStateChange  PluginLastStage = 4  HResult = 0  __TlgCV__ = (null)  
Error: Unknown HResult Error code: 0xefffffff
Function: LogTelemetryEvent
Source: onecoreuap\enduser\winstore\installservice\svc\logging.cpp (10)"
"18-08-2026 19:06:03","2006","Information","Microsoft-Windows-Install-Agent","[Telemetry]: StateTransition :: ProductId = (null)  PFN = (null)  CatalogId = (null)  FulfillmentPluginId = (null)  PluginTelemetryData = (null)  PrevState = ServiceStateChange  NewState = ServiceStateChange  PluginLastStage = 3  HResult = 0  __TlgCV__ = (null)  
Error: Unknown HResult Error code: 0xefffffff
Function: LogTelemetryEvent
Source: onecoreuap\enduser\winstore\installservice\svc\logging.cpp (10)"
"18-08-2026 19:06:03","3","Warning","Windows-ApplicationModel-Store-SDK","Task 'WinStore.Tasks.WindowsSearchTask+Runner' was canceled, reason: 'ResourceRevocation'.
Function: Run
Source: .\src\Core\WinStore.Tasks\Helpers\BackgroundTaskRunner.cs (99)"
"18-08-2026 19:04:15","8001","Information","Microsoft-Windows-Store","Skipping license manager: PFN Microsoft.Todos_2.176.7601.0_x64__8wekyb3d8bbwe
Function: InvokeLicenseManagerRequired
Source: onecoreuap\enduser\winstore\licensemanager\apisethost\activationapis.cpp (373)"
"18-08-2026 19:00:54","8001","Information","Microsoft-Windows-Store","Skipping license manager: PFN Microsoft.Todos_2.176.7601.0_x64__8wekyb3d8bbwe
Function: InvokeLicenseManagerRequired
Source: onecoreuap\enduser\winstore\licensemanager\apisethost\activationapis.cpp (373)"
"18-08-2026 19:00:53","8001","Information","Microsoft-Windows-Store","Skipping license manager: PFN Microsoft.Todos_2.176.7601.0_x64__8wekyb3d8bbwe
Function: InvokeLicenseManagerRequired
Source: onecoreuap\enduser\winstore\licensemanager\apisethost\activationapis.cpp (373)"
"18-08-2026 18:44:21","8001","Information","Microsoft-Windows-Store","Skipping license manager: PFN Microsoft.Todos_2.176.7601.0_x64__8wekyb3d8bbwe
Function: InvokeLicenseManagerRequired
Source: onecoreuap\enduser\winstore\licensemanager\apisethost\activationapis.cpp (373)"
"18-08-2026 18:43:07","8001","Information","Microsoft-Windows-Store","Skipping license manager: PFN Microsoft.Todos_2.176.7601.0_x64__8wekyb3d8bbwe
Function: InvokeLicenseManagerRequired
Source: onecoreuap\enduser\winstore\licensemanager\apisethost\activationapis.cpp (373)"
"18-08-2026 18:43:07","8001","Information","Microsoft-Windows-Store","Skipping license manager: PFN Microsoft.Todos_2.176.7601.0_x64__8wekyb3d8bbwe
Function: InvokeLicenseManagerRequired
Source: onecoreuap\enduser\winstore\licensemanager\apisethost\activationapis.cpp (373)"
"18-08-2026 18:32:09","8001","Information","Microsoft-Windows-Store","Skipping license manager: PFN Microsoft.Todos_2.176.7601.0_x64__8wekyb3d8bbwe
Function: InvokeLicenseManagerRequired
Source: onecoreuap\enduser\winstore\licensemanager\apisethost\activationapis.cpp (373)"
"18-08-2026 18:30:53","8001","Information","Microsoft-Windows-Store","Skipping license manager: PFN Microsoft.Todos_2.176.7601.0_x64__8wekyb3d8bbwe
Function: InvokeLicenseManagerRequired
Source: onecoreuap\enduser\winstore\licensemanager\apisethost\activationapis.cpp (373)"
"18-08-2026 18:30:53","8001","Information","Microsoft-Windows-Store","Skipping license manager: PFN Microsoft.Todos_2.176.7601.0_x64__8wekyb3d8bbwe
Function: InvokeLicenseManagerRequired
Source: onecoreuap\enduser\winstore\licensemanager\apisethost\activationapis.cpp (373)"
"18-08-2026 18:19:01","8001","Information","Microsoft-Windows-Store","Skipping license manager: PFN Microsoft.ScreenSketch_11.2602.49.0_x64__8wekyb3d8bbwe
Function: InvokeLicenseManagerRequired
Source: onecoreuap\enduser\winstore\licensemanager\apisethost\activationapis.cpp (373)"
"18-08-2026 18:18:57","8001","Information","Microsoft-Windows-Store","Skipping license manager: PFN Microsoft.ScreenSketch_11.2602.49.0_x64__8wekyb3d8bbwe
Function: InvokeLicenseManagerRequired
Source: onecoreuap\enduser\winstore\licensemanager\apisethost\activationapis.cpp (373)"
"18-08-2026 18:18:57","8001","Information","Microsoft-Windows-Store","Skipping license manager: PFN Microsoft.ScreenSketch_11.2602.49.0_x64__8wekyb3d8bbwe
Function: InvokeLicenseManagerRequired
Source: onecoreuap\enduser\winstore\licensemanager\apisethost\activationapis.cpp (373)"
"18-08-2026 18:17:00","8001","Information","Microsoft-Windows-Store","Skipping license manager: PFN Microsoft.Todos_2.176.7601.0_x64__8wekyb3d8bbwe
Function: InvokeLicenseManagerRequired
Source: onecoreuap\enduser\winstore\licensemanager\apisethost\activationapis.cpp (373)"
"18-08-2026 18:15:53","8001","Information","Microsoft-Windows-Store","Skipping license manager: PFN Microsoft.Todos_2.176.7601.0_x64__8wekyb3d8bbwe
Function: InvokeLicenseManagerRequired
Source: onecoreuap\enduser\winstore\licensemanager\apisethost\activationapis.cpp (373)"
"18-08-2026 18:15:53","8001","Information","Microsoft-Windows-Store","Skipping license manager: PFN Microsoft.Todos_2.176.7601.0_x64__8wekyb3d8bbwe
Function: InvokeLicenseManagerRequired
Source: onecoreuap\enduser\winstore\licensemanager\apisethost\activationapis.cpp (373)"
"18-08-2026 18:04:39","8001","Information","Microsoft-Windows-Store","Skipping license manager: PFN Microsoft.ScreenSketch_11.2602.49.0_x64__8wekyb3d8bbwe
Function: InvokeLicenseManagerRequired
Source: onecoreuap\enduser\winstore\licensemanager\apisethost\activationapis.cpp (373)"
"18-08-2026 18:04:36","8001","Information","Microsoft-Windows-Store","Skipping license manager: PFN Microsoft.ScreenSketch_11.2602.49.0_x64__8wekyb3d8bbwe
Function: InvokeLicenseManagerRequired
Source: onecoreuap\enduser\winstore\licensemanager\apisethost\activationapis.cpp (373)"
"18-08-2026 18:04:36","8001","Information","Microsoft-Windows-Store","Skipping license manager: PFN Microsoft.ScreenSketch_11.2602.49.0_x64__8wekyb3d8bbwe
Function: InvokeLicenseManagerRequired
Source: onecoreuap\enduser\winstore\licensemanager\apisethost\activationapis.cpp (373)"
"18-08-2026 18:01:07","8001","Information","Microsoft-Windows-Store","Skipping license manager: PFN Microsoft.Todos_2.176.7601.0_x64__8wekyb3d8bbwe
Function: InvokeLicenseManagerRequired
Source: onecoreuap\enduser\winstore\licensemanager\apisethost\activationapis.cpp (373)"
"18-08-2026 18:00:01","8001","Information","Microsoft-Windows-Store","Skipping license manager: PFN Microsoft.Todos_2.176.7601.0_x64__8wekyb3d8bbwe
Function: InvokeLicenseManagerRequired
Source: onecoreuap\enduser\winstore\licensemanager\apisethost\activationapis.cpp (373)"
"18-08-2026 18:00:01","8001","Information","Microsoft-Windows-Store","Skipping license manager: PFN Microsoft.Todos_2.176.7601.0_x64__8wekyb3d8bbwe
Function: InvokeLicenseManagerRequired
Source: onecoreuap\enduser\winstore\licensemanager\apisethost\activationapis.cpp (373)"
"18-08-2026 17:59:50","8000","Information","Microsoft-Windows-Store","Process Name: C:\Program Files\Microsoft Office\root\Office16\OUTLOOK.EXE
Module Name: C:\Windows\SYSTEM32\licensemanagerapi.dll
Build: 26100.1.amd64fre.ge_release.240331-1435
"
"18-08-2026 17:57:34","8001","Information","Microsoft-Windows-Store","Skipping license manager: PFN Microsoft.WindowsNotepad_11.2606.15.0_x64__8wekyb3d8bbwe
Function: InvokeLicenseManagerRequired
Source: onecoreuap\enduser\winstore\licensemanager\apisethost\activationapis.cpp (373)"
"18-08-2026 17:54:02","8001","Information","Microsoft-Windows-Store","Skipping license manager: PFN Microsoft.StorePurchaseApp_22606.1401.3.0_x64__8wekyb3d8bbwe
Function: InvokeLicenseManagerRequired
Source: onecoreuap\enduser\winstore\licensemanager\apisethost\activationapis.cpp (373)"
"18-08-2026 17:46:54","8001","Information","Microsoft-Windows-Store","Skipping license manager: PFN Microsoft.WindowsStore_22607.1401.3.0_x64__8wekyb3d8bbwe
Function: InvokeLicenseManagerRequired
Source: onecoreuap\enduser\winstore\licensemanager\apisethost\activationapis.cpp (373)"
"18-08-2026 17:45:53","4","Information","Windows-ApplicationModel-Store-SDK","Setting up ServiceProvider
Function: TryManageArgumentsAsync
Source: .\src\Shell\WinStore.DesktopExtension\Program.cs (118)"
"18-08-2026 17:45:53","8001","Information","Microsoft-Windows-Store","Skipping license manager: PFN Microsoft.WindowsStore_22607.1401.3.0_x64__8wekyb3d8bbwe
Function: InvokeLicenseManagerRequired
Source: onecoreuap\enduser\winstore\licensemanager\apisethost\activationapis.cpp (373)"
"18-08-2026 17:44:11","8001","Information","Microsoft-Windows-Store","Skipping license manager: PFN Microsoft.Todos_2.176.7601.0_x64__8wekyb3d8bbwe
Function: InvokeLicenseManagerRequired
Source: onecoreuap\enduser\winstore\licensemanager\apisethost\activationapis.cpp (373)"
"18-08-2026 17:43:07","8001","Information","Microsoft-Windows-Store","Skipping license manager: PFN Microsoft.Todos_2.176.7601.0_x64__8wekyb3d8bbwe
Function: InvokeLicenseManagerRequired
Source: onecoreuap\enduser\winstore\licensemanager\apisethost\activationapis.cpp (373)"
"18-08-2026 17:43:07","8001","Information","Microsoft-Windows-Store","Skipping license manager: PFN Microsoft.Todos_2.176.7601.0_x64__8wekyb3d8bbwe
Function: InvokeLicenseManagerRequired
Source: onecoreuap\enduser\winstore\licensemanager\apisethost\activationapis.cpp (373)"
"18-08-2026 17:29:06","8001","Information","Microsoft-Windows-Store","Skipping license manager: PFN Microsoft.Todos_2.176.7601.0_x64__8wekyb3d8bbwe
Function: InvokeLicenseManagerRequired
Source: onecoreuap\enduser\winstore\licensemanager\apisethost\activationapis.cpp (373)"
"18-08-2026 17:28:02","8001","Information","Microsoft-Windows-Store","Skipping license manager: PFN Microsoft.Todos_2.176.7601.0_x64__8wekyb3d8bbwe
Function: InvokeLicenseManagerRequired
Source: onecoreuap\enduser\winstore\licensemanager\apisethost\activationapis.cpp (373)"
"18-08-2026 17:28:02","8001","Information","Microsoft-Windows-Store","Skipping license manager: PFN Microsoft.Todos_2.176.7601.0_x64__8wekyb3d8bbwe
Function: InvokeLicenseManagerRequired
Source: onecoreuap\enduser\winstore\licensemanager\apisethost\activationapis.cpp (373)"
"18-08-2026 17:16:58","8001","Information","Microsoft-Windows-Store","Skipping license manager: PFN Microsoft.Todos_2.176.7601.0_x64__8wekyb3d8bbwe
Function: InvokeLicenseManagerRequired
Source: onecoreuap\enduser\winstore\licensemanager\apisethost\activationapis.cpp (373)"
"18-08-2026 17:15:53","8001","Information","Microsoft-Windows-Store","Skipping license manager: PFN Microsoft.Todos_2.176.7601.0_x64__8wekyb3d8bbwe
Function: InvokeLicenseManagerRequired
Source: onecoreuap\enduser\winstore\licensemanager\apisethost\activationapis.cpp (373)"
"18-08-2026 17:15:53","8001","Information","Microsoft-Windows-Store","Skipping license manager: PFN Microsoft.Todos_2.176.7601.0_x64__8wekyb3d8bbwe
Function: InvokeLicenseManagerRequired
Source: onecoreuap\enduser\winstore\licensemanager\apisethost\activationapis.cpp (373)"
"18-08-2026 17:01:58","8001","Information","Microsoft-Windows-Store","Skipping license manager: PFN Microsoft.Todos_2.176.7601.0_x64__8wekyb3d8bbwe
Function: InvokeLicenseManagerRequired
Source: onecoreuap\enduser\winstore\licensemanager\apisethost\activationapis.cpp (373)"
"18-08-2026 17:00:53","8001","Information","Microsoft-Windows-Store","Skipping license manager: PFN Microsoft.Todos_2.176.7601.0_x64__8wekyb3d8bbwe
Function: InvokeLicenseManagerRequired
Source: onecoreuap\enduser\winstore\licensemanager\apisethost\activationapis.cpp (373)"
"18-08-2026 17:00:53","8001","Information","Microsoft-Windows-Store","Skipping license manager: PFN Microsoft.Todos_2.176.7601.0_x64__8wekyb3d8bbwe
Function: InvokeLicenseManagerRequired
Source: onecoreuap\enduser\winstore\licensemanager\apisethost\activationapis.cpp (373)"
"18-08-2026 16:53:27","8001","Information","Microsoft-Windows-Store","Skipping license manager: PFN Microsoft.ScreenSketch_11.2602.49.0_x64__8wekyb3d8bbwe
Function: InvokeLicenseManagerRequired
Source: onecoreuap\enduser\winstore\licensemanager\apisethost\activationapis.cpp (373)"
"18-08-2026 16:53:23","8001","Information","Microsoft-Windows-Store","Skipping license manager: PFN Microsoft.ScreenSketch_11.2602.49.0_x64__8wekyb3d8bbwe
Function: InvokeLicenseManagerRequired
Source: onecoreuap\enduser\winstore\licensemanager\apisethost\activationapis.cpp (373)"
"18-08-2026 16:53:23","8001","Information","Microsoft-Windows-Store","Skipping license manager: PFN Microsoft.ScreenSketch_11.2602.49.0_x64__8wekyb3d8bbwe
Function: InvokeLicenseManagerRequired
Source: onecoreuap\enduser\winstore\licensemanager\apisethost\activationapis.cpp (373)"
"18-08-2026 16:52:25","8001","Information","Microsoft-Windows-Store","Skipping license manager: PFN Microsoft.ScreenSketch_11.2602.49.0_x64__8wekyb3d8bbwe
Function: InvokeLicenseManagerRequired
Source: onecoreuap\enduser\winstore\licensemanager\apisethost\activationapis.cpp (373)"
"18-08-2026 16:52:18","8001","Information","Microsoft-Windows-Store","Skipping license manager: PFN Microsoft.ScreenSketch_11.2602.49.0_x64__8wekyb3d8bbwe
Function: InvokeLicenseManagerRequired
Source: onecoreuap\enduser\winstore\licensemanager\apisethost\activationapis.cpp (373)"
"18-08-2026 16:52:18","8001","Information","Microsoft-Windows-Store","Skipping license manager: PFN Microsoft.ScreenSketch_11.2602.49.0_x64__8wekyb3d8bbwe
Function: InvokeLicenseManagerRequired
Source: onecoreuap\enduser\winstore\licensemanager\apisethost\activationapis.cpp (373)"
"18-08-2026 16:44:13","8001","Information","Microsoft-Windows-Store","Skipping license manager: PFN Microsoft.Todos_2.176.7601.0_x64__8wekyb3d8bbwe
Function: InvokeLicenseManagerRequired
Source: onecoreuap\enduser\winstore\licensemanager\apisethost\activationapis.cpp (373)"
"18-08-2026 16:43:07","8001","Information","Microsoft-Windows-Store","Skipping license manager: PFN Microsoft.Todos_2.176.7601.0_x64__8wekyb3d8bbwe
Function: InvokeLicenseManagerRequired
Source: onecoreuap\enduser\winstore\licensemanager\apisethost\activationapis.cpp (373)"
"18-08-2026 16:43:07","8001","Information","Microsoft-Windows-Store","Skipping license manager: PFN Microsoft.Todos_2.176.7601.0_x64__8wekyb3d8bbwe
Function: InvokeLicenseManagerRequired
Source: onecoreuap\enduser\winstore\licensemanager\apisethost\activationapis.cpp (373)"
"18-08-2026 16:31:57","8001","Information","Microsoft-Windows-Store","Skipping license manager: PFN Microsoft.Todos_2.176.7601.0_x64__8wekyb3d8bbwe
Function: InvokeLicenseManagerRequired
Source: onecoreuap\enduser\winstore\licensemanager\apisethost\activationapis.cpp (373)"
"18-08-2026 16:31:28","2006","Information","Microsoft-Windows-Install-Agent","result: Microsoft.WindowsStore, CN=Microsoft Corporation, O=Microsoft Corporation, L=Redmond, S=Washington, C=US, blocked = false
Error: The operation completed successfully.
Function: Windows::ApplicationModel::Store::Preview::InstallControl::AppInstallManagerImpl::IsStoreBlockedByPolicyAsync::<lambda_35f23dcfc9a41a7838ece0b329dc2eaf>::operator ()
Source: onecoreuap\enduser\winstore\installservice\lib\appinstallcontrol.cpp (2026)"
"18-08-2026 16:31:28","2006","Information","Microsoft-Windows-Install-Agent","request: Microsoft.WindowsStore CN=Microsoft Corporation, O=Microsoft Corporation, L=Redmond, S=Washington, C=US
Error: Unknown HResult Error code: 0xefffffff
Function: Windows::ApplicationModel::Store::Preview::InstallControl::AppInstallManagerImpl::IsStoreBlockedByPolicyAsync
Source: onecoreuap\enduser\winstore\installservice\lib\appinstallcontrol.cpp (1995)"
"18-08-2026 16:31:28","2006","Information","Microsoft-Windows-Install-Agent","result: Microsoft.WindowsStore, CN=Microsoft Corporation, O=Microsoft Corporation, L=Redmond, S=Washington, C=US, blocked = false
Error: The operation completed successfully.
Function: Windows::ApplicationModel::Store::Preview::InstallControl::AppInstallManagerImpl::IsStoreBlockedByPolicyAsync::<lambda_35f23dcfc9a41a7838ece0b329dc2eaf>::operator ()
Source: onecoreuap\enduser\winstore\installservice\lib\appinstallcontrol.cpp (2026)"
"18-08-2026 16:31:28","2006","Information","Microsoft-Windows-Install-Agent","request: Microsoft.WindowsStore CN=Microsoft Corporation, O=Microsoft Corporation, L=Redmond, S=Washington, C=US
Error: Unknown HResult Error code: 0xefffffff
Function: Windows::ApplicationModel::Store::Preview::InstallControl::AppInstallManagerImpl::IsStoreBlockedByPolicyAsync
Source: onecoreuap\enduser\winstore\installservice\lib\appinstallcontrol.cpp (1995)"
"18-08-2026 16:31:28","2005","Verbose","Microsoft-Windows-Install-Agent","oneSettingsconcurrentDefaultInstalls = 3, oneSettingsconcurrentMinInstalls = 3
Error: Unknown HResult Error code: 0xefffffff
Function: GetConcurrentInstallsFromOneSettings
Source: onecoreuap\enduser\winstore\installservice\lib\settings.cpp (846)"
"18-08-2026 16:31:28","2006","Information","Microsoft-Windows-Install-Agent","Setting MSA Client Id for Token requests: {f0c62012-2cef-4831-b1f7-930682874c86}
Error: Unspecified error
Function: 
Source: onecoreuap\enduser\winstore\auth\lib\winstoreauth.cpp (206)"
"18-08-2026 16:31:28","2000","Information","Microsoft-Windows-Install-Agent","Process Name: C:\Windows\system32\svchost.exe
Module Name: C:\Windows\System32\InstallService.dll
Build: 26100.1.amd64fre.ge_release.240331-1435, UBR: 8893
"
"18-08-2026 16:31:22","2006","Information","Microsoft-Windows-Install-Agent","[Telemetry]: StateTransition :: ProductId = (null)  PFN = (null)  CatalogId = (null)  FulfillmentPluginId = (null)  PluginTelemetryData = (null)  PrevState = ServiceStateChange  NewState = ServiceStateChange  PluginLastStage = 4  HResult = 0  __TlgCV__ = (null)  
Error: Unknown HResult Error code: 0xefffffff
Function: LogTelemetryEvent
Source: onecoreuap\enduser\winstore\installservice\svc\logging.cpp (10)"
"18-08-2026 16:31:22","2006","Information","Microsoft-Windows-Install-Agent","[Telemetry]: Stats :: AppControlPreferenceOptions = 99  ShouldHonorAppUpdatePauseFlags = 2  
Error: Unknown HResult Error code: 0xefffffff
Function: LogTelemetryEvent
Source: onecoreuap\enduser\winstore\installservice\svc\logging.cpp (10)"
"18-08-2026 16:31:22","2006","Information","Microsoft-Windows-Install-Agent","Update block list not found or empty in OneSettings
Error: Unknown HResult Error code: 0xefffffff
Function: DoInitializeOneSettingsConfiguration
Source: onecoreuap\enduser\winstore\installservice\lib\settings.cpp (2735)"
"18-08-2026 16:31:22","2006","Information","Microsoft-Windows-Install-Agent","Failure detected
Error: JSON value not found.
Function: 
Source: onecoreuap\enduser\winstore\installservice\lib\settings.cpp (578)"
"18-08-2026 16:31:22","2006","Information","Microsoft-Windows-Install-Agent","Failure detected
Error: JSON value not found.
Function: 
Source: onecoreuap\enduser\winstore\installservice\lib\settings.cpp (558)"
"18-08-2026 16:31:22","2005","Verbose","Microsoft-Windows-Install-Agent","CheckpointAbandonmentRules fetched from OneSettings payload: [{""callerApplicationIdKeyword"":""WindowsStore"",""systemAttemptCountThreshold"":5,""creationTimestampThresholdInDays"":2},{""callerApplicationIdKeyword"":""MoUsoCoreWorker"",""systemAttemptCountThreshold"":2,""creationTimestampThresholdInDays"":2}]
Error: Unknown HResult Error code: 0xefffffff
Function: _ReadCheckpointAbandonmentRules
Source: onecoreuap\enduser\winstore\installservice\lib\settings.cpp (4907)"
"18-08-2026 16:31:22","2005","Verbose","Microsoft-Windows-Install-Agent","SfEdgeFallbackEndpointUrl fetched from cache: https://sfdataservice.microsoft.com/package-retrieval
Error: Unknown HResult Error code: 0xefffffff
Function: _ReadSfEdgeFallbackEndpointUrl
Source: onecoreuap\enduser\winstore\installservice\lib\settings.cpp (4660)"
"18-08-2026 16:31:22","2005","Verbose","Microsoft-Windows-Install-Agent","ProductCatalogUrl fetched from cache: https://fe3cr.delivery.mp.microsoft.com/ClientWebService/client.asmx/secured
Error: Unknown HResult Error code: 0xefffffff
Function: _ReadProductCatalogUrl
Source: onecoreuap\enduser\winstore\installservice\lib\settings.cpp (4639)"
"18-08-2026 16:31:22","2005","Verbose","Microsoft-Windows-Install-Agent","DirectDownloadEnablementLiveCheckThreshold in milliseconds fetched from cache: 600000
Error: Unknown HResult Error code: 0xefffffff
Function: _ReadDirectDownloadEnablementLiveCheckThreshold
Source: onecoreuap\enduser\winstore\installservice\lib\settings.cpp (4617)"
"18-08-2026 16:31:22","2007","Warning","Microsoft-Windows-Install-Agent","Error while reading DirectDownloadReplacementSettings from OneSettings cache, value will remain empty
Error: Unknown HResult Error code: 0xefffffff
Function: DoInitializeOneSettingsConfiguration
Source: onecoreuap\enduser\winstore\installservice\lib\settings.cpp (2638)"
"18-08-2026 16:31:22","2006","Information","Microsoft-Windows-Install-Agent","Failure detected
Error: JSON value not found.
Function: 
Source: onecoreuap\enduser\winstore\installservice\lib\settings.cpp (4556)"
"18-08-2026 16:31:22","2006","Information","Microsoft-Windows-Install-Agent","DirectDownloadEnablementSettings Source field missing. Defaulting to Default.
Error: Unknown HResult Error code: 0xefffffff
Function: _ParseDirectDownloadSourceFromJson
Source: onecoreuap\enduser\winstore\installservice\lib\settings.cpp (4428)"
"18-08-2026 16:31:22","2006","Information","Microsoft-Windows-Install-Agent","DirectDownloadEnablementSettings Source field missing. Defaulting to Default.
Error: Unknown HResult Error code: 0xefffffff
Function: _ParseDirectDownloadSourceFromJson
Source: onecoreuap\enduser\winstore\installservice\lib\settings.cpp (4428)"
"18-08-2026 16:31:22","2006","Information","Microsoft-Windows-Install-Agent","DirectDownloadEnablementSettings Source field missing. Defaulting to Default.
Error: Unknown HResult Error code: 0xefffffff
Function: _ParseDirectDownloadSourceFromJson
Source: onecoreuap\enduser\winstore\installservice\lib\settings.cpp (4428)"
"18-08-2026 16:31:22","2006","Information","Microsoft-Windows-Install-Agent","DirectDownloadEnablementSettings Source field missing. Defaulting to Default.
Error: Unknown HResult Error code: 0xefffffff
Function: _ParseDirectDownloadSourceFromJson
Source: onecoreuap\enduser\winstore\installservice\lib\settings.cpp (4428)"
"18-08-2026 16:31:22","2006","Information","Microsoft-Windows-Install-Agent","DirectDownloadEnablementSettings Source field missing. Defaulting to Default.
Error: Unknown HResult Error code: 0xefffffff
Function: _ParseDirectDownloadSourceFromJson
Source: onecoreuap\enduser\winstore\installservice\lib\settings.cpp (4428)"
"18-08-2026 16:31:22","2006","Information","Microsoft-Windows-Install-Agent","DirectDownloadEnablementSettings Source field missing. Defaulting to Default.
Error: Unknown HResult Error code: 0xefffffff
Function: _ParseDirectDownloadSourceFromJson
Source: onecoreuap\enduser\winstore\installservice\lib\settings.cpp (4428)"
"18-08-2026 16:31:22","2006","Information","Microsoft-Windows-Install-Agent","DirectDownloadEnablementSettings Source field missing. Defaulting to Default.
Error: Unknown HResult Error code: 0xefffffff
Function: _ParseDirectDownloadSourceFromJson
Source: onecoreuap\enduser\winstore\installservice\lib\settings.cpp (4428)"
"18-08-2026 16:31:22","2006","Information","Microsoft-Windows-Install-Agent","DirectDownloadEnablementSettings Source field missing. Defaulting to Default.
Error: Unknown HResult Error code: 0xefffffff
Function: _ParseDirectDownloadSourceFromJson
Source: onecoreuap\enduser\winstore\installservice\lib\settings.cpp (4428)"
"18-08-2026 16:31:22","2005","Verbose","Microsoft-Windows-Install-Agent","DirectDownloadEnablementSettings fetched from OneSettings payload: [{""clientIds"":[],""hresults"":[],""regions"":[],""products"":[],""arches"":[],""installTypes"":[],""errorStages"":[""Install""],""listType"":""Disallowed""},{""clientIds"":[""Microsoft.WindowsStore_8wekyb3d8bbwe""],""hresults"":[],""regions"":[],""products"":[""9NKSQGP7F2NH"",""9NRX63209R7B"",""9NTXR16HNW1T"",""9PLM9XGG6VKS""],""arches"":[],""installTypes"":[],""errorStages"":[],""listType"":""Disallowed""},{""clientIds"":[],""hresults"":[""0x00000000"",""0x80004004"",""0x80070032"",""0x8007029C"",""0x8007045B"",""0x80070520"",""0x80073CFB"",""0x80073CFF"",""0x80073D0A"",""0x80073D13"",""0x80073D19"",""0x80073D22"",""0x80240008"",""0x8024001E"",""0x80240066"",""0x803FB003"",""0x803FB015"",""0xC8000710"",""0x80073CF4"",""0x80073D01"",""0x80070070"",""0x80073D21"",""0x80246017"",""0x80073CFE""],""regions"":[],""products"":[],""arches"":[],""installTypes"":[],""errorStages"":[],""listType"":""Disallowed""},{""clientIds"":[],""hresults"":[],""regions"":[],""products"":[""9PLRGHGXR4FM""],""arches"":[],""installTypes"":[""Install""],""errorStages"":[],""listType"":""Allowed""},{""clientIds"":[],""hresults"":[],""regions"":[""CN""],""products"":[],""arches"":[],""installTypes"":[],""errorStages"":[],""listType"":""Disallowed""},{""clientIds"":[],""hresults"":[],""regions"":[],""products"":[""9N3RK8ZV2ZR8"",""9NRZT3Q9R3DL"",""9P2B8MCSVPLN"",""9NPV76S164X5"",""9NBLGGH4RV3P"",""9NBLGGH4SVJT"",""9PHBC65ZG12V"",""9NKSQGP7F2NH"",""9NKRJ3SJ9SDG""],""arches"":[],""installTypes"":[],""errorStages"":[],""listType"":""Disallowed""},{""clientIds"":[""DellInc.AlienwareCommandCenter_htrsf667h5kn2"",""DSIC"",""explorer"",""AICompanion"",""HP.Omen.OmenCommandCenter"",""setup"",""Language Overlay Service"",""TabTip"",""LiveCaptions"",""Undetermined"",""GamingService""],""hresults"":[],""regions"":[],""products"":[],""arches"":[],""installTypes"":[],""errorStages"":[],""listType"":""Disallowed""},{""clientIds"":[],""hresults"":[],""regions"":[],""products"":[],""arches"":[],""installTypes"":[""Install""],""errorStages"":[],""listType"":""Allowed""}]
Error: Unknown HResult Error code: 0xefffffff
Function: _ReadDirectDownloadEnablementSettings
Source: onecoreuap\enduser\winstore\installservice\lib\settings.cpp (4503)"
"18-08-2026 16:31:22","2005","Verbose","Microsoft-Windows-Install-Agent","DirectDownloadEnablementState fetched from cache: 2
Error: Unknown HResult Error code: 0xefffffff
Function: _ReadDirectDownloadEnablementState
Source: onecoreuap\enduser\winstore\installservice\lib\settings.cpp (4479)"
"18-08-2026 16:31:22","2006","Information","Microsoft-Windows-Install-Agent","Failure detected
Error: JSON value not found.
Function: 
Source: onecoreuap\enduser\winstore\installservice\lib\settings.cpp (538)"
"18-08-2026 16:31:22","2006","Information","Microsoft-Windows-Install-Agent","Failure detected
Error: JSON value not found.
Function: 
Source: onecoreuap\enduser\winstore\installservice\lib\settings.cpp (558)"
"18-08-2026 16:31:22","2006","Information","Microsoft-Windows-Install-Agent","Failure detected
Error: JSON value not found.
Function: 
Source: onecoreuap\enduser\winstore\installservice\lib\settings.cpp (558)"
"18-08-2026 16:31:22","2006","Information","Microsoft-Windows-Install-Agent","Failure detected
Error: JSON value not found.
Function: 
Source: onecoreuap\enduser\winstore\installservice\lib\settings.cpp (538)"
"18-08-2026 16:31:22","2006","Information","Microsoft-Windows-Install-Agent","Failure detected
Error: JSON value not found.
Function: 
Source: onecoreuap\enduser\winstore\installservice\lib\settings.cpp (538)"
"18-08-2026 16:31:22","2005","Verbose","Microsoft-Windows-Install-Agent","OneSettingsOnlineScanCooldown (in seconds) = 30
Error: Unknown HResult Error code: 0xefffffff
Function: DoInitializeOneSettingsConfiguration
Source: onecoreuap\enduser\winstore\installservice\lib\settings.cpp (2521)"
"18-08-2026 16:31:22","2005","Verbose","Microsoft-Windows-Install-Agent","OneSettingsOnlineScansAllowedInInterval = 10
Error: Unknown HResult Error code: 0xefffffff
Function: DoInitializeOneSettingsConfiguration
Source: onecoreuap\enduser\winstore\installservice\lib\settings.cpp (2514)"
"18-08-2026 16:31:22","2005","Verbose","Microsoft-Windows-Install-Agent","OneSettingsOnlineScanInterval (in seconds) = 86400
Error: Unknown HResult Error code: 0xefffffff
Function: DoInitializeOneSettingsConfiguration
Source: onecoreuap\enduser\winstore\installservice\lib\settings.cpp (2512)"
"18-08-2026 16:31:22","2006","Information","Microsoft-Windows-Install-Agent","Unable to delete StorePreSearchTimes registry key
Error: The system cannot find the file specified.
Function: 
Source: onecoreuap\enduser\winstore\installservice\libqueue2\installqueue2.cpp (5520)"
"18-08-2026 16:31:22","2005","Verbose","Microsoft-Windows-Install-Agent","oneSettingsconcurrentDefaultInstalls = 3, oneSettingsconcurrentMinInstalls = 3
Error: Unknown HResult Error code: 0xefffffff
Function: GetConcurrentInstallsFromOneSettings
Source: onecoreuap\enduser\winstore\installservice\lib\settings.cpp (846)"
"18-08-2026 16:31:22","2006","Information","Microsoft-Windows-Install-Agent","Loaded listener for progress events. Listener = EnterpriseModernAppManagement.EAMProgressHandler  
Error: The operation completed successfully.
Function: InstallQueue2::_LoadRegistryHandlers
Source: onecoreuap\enduser\winstore\installservice\libqueue2\installqueue2.cpp (5483)"
"18-08-2026 16:31:22","2006","Information","Microsoft-Windows-Install-Agent","Loaded listener for progress events. Listener = CuratedTileCollections.StoreEventListener  
Error: The operation completed successfully.
Function: InstallQueue2::_LoadRegistryHandlers
Source: onecoreuap\enduser\winstore\installservice\libqueue2\installqueue2.cpp (5483)"
"18-08-2026 16:31:22","2006","Information","Microsoft-Windows-Install-Agent","Checking if User sessions are ready
Error: The operation completed successfully.
Function: InstallQueue2::_WaitForUserSessions
Source: onecoreuap\enduser\winstore\installservice\libqueue2\installqueue2.cpp (5367)"
"18-08-2026 16:31:22","2006","Information","Microsoft-Windows-Install-Agent","[Telemetry]: StateTransition :: ProductId = (null)  PFN = (null)  CatalogId = (null)  FulfillmentPluginId = (null)  PluginTelemetryData = (null)  PrevState = ServiceStateChange  NewState = ServiceStateChange  PluginLastStage = 1  HResult = 0  __TlgCV__ = (null)  
Error: Unknown HResult Error code: 0xefffffff
Function: LogTelemetryEvent
Source: onecoreuap\enduser\winstore\installservice\svc\logging.cpp (10)"
"18-08-2026 16:31:22","2005","Verbose","Microsoft-Windows-Install-Agent","Initializing InstallService
Error: Unknown HResult Error code: 0xefffffff
Function: InstallService::ServiceStarted
Source: onecoreuap\enduser\winstore\installservice\svc\svcmain.cpp (52)"
