"19-08-2026 00:26:08","1218","Information","Microsoft-Windows-PushNotifications-Platform","WNP Transport Layer TLS negotiation completed for the Data Connection with code The operation completed successfully.."
"19-08-2026 00:26:08","1257","Information","Microsoft-Windows-PushNotifications-Platform","WNP Transport Layer for Data Connection called InitializeSecurityContext and got return code 0x0."
"19-08-2026 00:26:08","1257","Information","Microsoft-Windows-PushNotifications-Platform","WNP Transport Layer for Data Connection called InitializeSecurityContext and got return code 0x90312."
"19-08-2026 00:26:08","1257","Information","Microsoft-Windows-PushNotifications-Platform","WNP Transport Layer for Data Connection called InitializeSecurityContext and got return code 0x80090318."
"19-08-2026 00:26:08","1257","Information","Microsoft-Windows-PushNotifications-Platform","WNP Transport Layer for Data Connection called InitializeSecurityContext and got return code 0x80090318."
"19-08-2026 00:26:08","1257","Information","Microsoft-Windows-PushNotifications-Platform","WNP Transport Layer for Data Connection called InitializeSecurityContext and got return code 0x90312."
"19-08-2026 00:26:08","1217","Information","Microsoft-Windows-PushNotifications-Platform","WNP Transport Layer TLS negotiation initiated for the Data Connection."
"19-08-2026 00:26:08","1212","Information","Microsoft-Windows-PushNotifications-Platform","WNP Transport Layer initial server connection completed to server client.wns.windows.com on port 443 for the Data Connection."
"19-08-2026 00:26:08","1211","Information","Microsoft-Windows-PushNotifications-Platform","WNP Transport Layer initial server connection initiated to server client.wns.windows.com on port 443 for the Data Connection."
"19-08-2026 00:26:08","1208","Information","Microsoft-Windows-PushNotifications-Platform","WNP Transport Layer resolving DNS completed for the Data Connection with code The operation completed successfully.."
"19-08-2026 00:26:08","1207","Information","Microsoft-Windows-PushNotifications-Platform","WNP Transport Layer resolving DNS initiated for host client.wns.windows.com for the Data Connection."
"19-08-2026 00:26:08","1113","Information","Microsoft-Windows-PushNotifications-Platform","Device Compact Ticket request completed with Device Id 001880174DE6F7FE for the Data Connection."
"19-08-2026 00:26:08","1022","Information","Microsoft-Windows-PushNotifications-Platform","ConnectWork is requesting ConnectionManager to connect."
"19-08-2026 00:26:08","1022","Information","Microsoft-Windows-PushNotifications-Platform","ConnectWork is requesting ConnectionManager to connect."
"19-08-2026 00:26:08","37","Information","Microsoft-Windows-PushNotifications-Platform","The Windows Push Notification Platform is required to connect on startup, ValidChannelsExist : true."
"19-08-2026 00:26:08","37","Information","Microsoft-Windows-PushNotifications-Platform","The Windows Push Notification Platform is required to connect on startup, ValidChannelsExist : true."
"19-08-2026 00:26:08","42","Information","Microsoft-Windows-PushNotifications-Platform","Cloud Notifications must be enabled in GP and MDM to receive push notifications. GroupPolicyValue: true, MDMPolicyValue: true."
"19-08-2026 00:26:08","42","Information","Microsoft-Windows-PushNotifications-Platform","Cloud Notifications must be enabled in GP and MDM to receive push notifications. GroupPolicyValue: true, MDMPolicyValue: true."
"19-08-2026 00:26:08","1005","Information","Microsoft-Windows-PushNotifications-Platform","The Connection Provider status changed to Disconnected."
"19-08-2026 00:26:08","1005","Information","Microsoft-Windows-PushNotifications-Platform","The Connection Provider status changed to Disconnected."
"19-08-2026 00:26:07","42","Information","Microsoft-Windows-PushNotifications-Platform","Cloud Notifications must be enabled in GP and MDM to receive push notifications. GroupPolicyValue: true, MDMPolicyValue: true."
"19-08-2026 00:26:06","1254","Information","Microsoft-Windows-PushNotifications-Platform","WNP Transport Layer for Data Connection detected preferred interface change. Old index 0, old address family 0. New index 12, new address family 2, NDIS_PHYSICAL_MEDIUM 9."
"19-08-2026 00:26:06","1113","Information","Microsoft-Windows-PushNotifications-Platform","Device Compact Ticket request completed with Device Id 001880174DE6F7FE for the Data Connection."
"19-08-2026 00:26:06","1022","Information","Microsoft-Windows-PushNotifications-Platform","ConnectWork is requesting ConnectionManager to connect."
"19-08-2026 00:26:06","42","Information","Microsoft-Windows-PushNotifications-Platform","Cloud Notifications must be enabled in GP and MDM to receive push notifications. GroupPolicyValue: true, MDMPolicyValue: true."
"19-08-2026 00:26:06","1022","Information","Microsoft-Windows-PushNotifications-Platform","ConnectWork is requesting ConnectionManager to connect."
"19-08-2026 00:26:06","1024","Information","Microsoft-Windows-PushNotifications-Platform","Internet connection status changed to true, submitting pending workitems: count = 1."
"19-08-2026 00:26:06","1024","Information","Microsoft-Windows-PushNotifications-Platform","Internet connection status changed to true, submitting pending workitems: count = 1."
"19-08-2026 00:26:04","1239","Information","Microsoft-Windows-PushNotifications-Platform","WNP Keep Alive Detector starting KA measurement with value: 1560 seconds; type: Converged; Min Limit: 60 seconds"
"19-08-2026 00:26:04","1024","Information","Microsoft-Windows-PushNotifications-Platform","Internet connection status changed to false, submitting pending workitems: count = 1."
"19-08-2026 00:26:04","1024","Information","Microsoft-Windows-PushNotifications-Platform","Internet connection status changed to false, submitting pending workitems: count = 1."
"19-08-2026 00:26:02","42","Information","Microsoft-Windows-PushNotifications-Platform","Cloud Notifications must be enabled in GP and MDM to receive push notifications. GroupPolicyValue: true, MDMPolicyValue: true."
"18-08-2026 19:08:26","1024","Information","Microsoft-Windows-PushNotifications-Platform","Internet connection status changed to false, submitting pending workitems: count = 1."
"18-08-2026 19:08:26","1024","Information","Microsoft-Windows-PushNotifications-Platform","Internet connection status changed to false, submitting pending workitems: count = 1."
"18-08-2026 19:08:14","42","Information","Microsoft-Windows-PushNotifications-Platform","Cloud Notifications must be enabled in GP and MDM to receive push notifications. GroupPolicyValue: true, MDMPolicyValue: true."
"18-08-2026 19:08:14","1025","Information","Microsoft-Windows-PushNotifications-Platform","A Power event was fired: BatterySaverStateChange [PowerEventType] false [Enabled]."
"18-08-2026 19:08:14","1025","Information","Microsoft-Windows-PushNotifications-Platform","A Power event was fired: BatterySaverStateChange [PowerEventType] false [Enabled]."
"18-08-2026 19:06:22","1024","Information","Microsoft-Windows-PushNotifications-Platform","Internet connection status changed to false, submitting pending workitems: count = 1."
"18-08-2026 19:06:22","1024","Information","Microsoft-Windows-PushNotifications-Platform","Internet connection status changed to false, submitting pending workitems: count = 1."
"18-08-2026 19:06:17","1025","Information","Microsoft-Windows-PushNotifications-Platform","A Power event was fired: BatterySaverStateChange [PowerEventType] true [Enabled]."
"18-08-2026 19:06:16","1025","Information","Microsoft-Windows-PushNotifications-Platform","A Power event was fired: BatterySaverStateChange [PowerEventType] true [Enabled]."
"18-08-2026 19:06:12","1025","Information","Microsoft-Windows-PushNotifications-Platform","A Power event was fired: ACPowerChange [PowerEventType] false [Enabled]."
"18-08-2026 19:06:12","1025","Information","Microsoft-Windows-PushNotifications-Platform","A Power event was fired: ACPowerChange [PowerEventType] false [Enabled]."
"18-08-2026 19:06:12","1024","Information","Microsoft-Windows-PushNotifications-Platform","Internet connection status changed to false, submitting pending workitems: count = 1."
"18-08-2026 19:06:12","1024","Information","Microsoft-Windows-PushNotifications-Platform","Internet connection status changed to false, submitting pending workitems: count = 1."
"18-08-2026 19:06:11","42","Information","Microsoft-Windows-PushNotifications-Platform","Cloud Notifications must be enabled in GP and MDM to receive push notifications. GroupPolicyValue: true, MDMPolicyValue: true."
"18-08-2026 19:06:10","1240","Information","Microsoft-Windows-PushNotifications-Platform","WNP Keep Alive Detector stopping KA measurement"
"18-08-2026 19:06:10","1024","Information","Microsoft-Windows-PushNotifications-Platform","Internet connection status changed to false, submitting pending workitems: count = 1."
"18-08-2026 19:06:10","1024","Information","Microsoft-Windows-PushNotifications-Platform","Internet connection status changed to false, submitting pending workitems: count = 1."
"18-08-2026 19:06:10","1254","Information","Microsoft-Windows-PushNotifications-Platform","WNP Transport Layer for Data Connection detected preferred interface change. Old index 12, old address family 2. New index 0, new address family 0, NDIS_PHYSICAL_MEDIUM 0."
"18-08-2026 19:06:10","1023","Information","Microsoft-Windows-PushNotifications-Platform","No internet connection available, ConnectWork is queued for next network status change."
"18-08-2026 19:06:10","37","Information","Microsoft-Windows-PushNotifications-Platform","The Windows Push Notification Platform is required to connect on startup, ValidChannelsExist : true."
"18-08-2026 19:06:10","42","Information","Microsoft-Windows-PushNotifications-Platform","Cloud Notifications must be enabled in GP and MDM to receive push notifications. GroupPolicyValue: true, MDMPolicyValue: true."
"18-08-2026 19:06:10","1005","Information","Microsoft-Windows-PushNotifications-Platform","The Connection Provider status changed to Disconnected."
"18-08-2026 19:06:10","1023","Information","Microsoft-Windows-PushNotifications-Platform","No internet connection available, ConnectWork is queued for next network status change."
"18-08-2026 19:06:10","37","Information","Microsoft-Windows-PushNotifications-Platform","The Windows Push Notification Platform is required to connect on startup, ValidChannelsExist : true."
"18-08-2026 19:06:10","1005","Information","Microsoft-Windows-PushNotifications-Platform","The Connection Provider status changed to Disconnected."
"18-08-2026 19:06:10","42","Information","Microsoft-Windows-PushNotifications-Platform","Cloud Notifications must be enabled in GP and MDM to receive push notifications. GroupPolicyValue: true, MDMPolicyValue: true."
"18-08-2026 19:06:09","1258","Information","Microsoft-Windows-PushNotifications-Platform","WNP Transport Layer for Data Connection received asynchronous connection error 10053."
"18-08-2026 19:06:03","1025","Information","Microsoft-Windows-PushNotifications-Platform","A Power event was fired: MonitorSettingChange [PowerEventType] false [Enabled]."
"18-08-2026 19:06:03","1025","Information","Microsoft-Windows-PushNotifications-Platform","A Power event was fired: MonitorSettingChange [PowerEventType] false [Enabled]."
"18-08-2026 19:05:55","42","Information","Microsoft-Windows-PushNotifications-Platform","Cloud Notifications must be enabled in GP and MDM to receive push notifications. GroupPolicyValue: true, MDMPolicyValue: true."
"18-08-2026 19:03:14","3053","Information","Microsoft-Windows-PushNotifications-Platform","badge with notification tracking id 8153 is being delivered to Microsoft.Todos_8wekyb3d8bbwe!App."
"18-08-2026 19:03:14","2418","Information","Microsoft-Windows-PushNotifications-Platform","A local notification was submitted to threadpool: Microsoft.Todos_8wekyb3d8bbwe!App [AppUserModelId] badge [NotificationType] 8153 [NotificationTrackingId] Local [NotificationSource]."
"18-08-2026 19:03:14","2416","Information","Microsoft-Windows-PushNotifications-Platform","A local notification was received from Microsoft.Todos_8wekyb3d8bbwe!App [AppUserModelId] with a 0 [NotificationId] through an application endpoint."
"18-08-2026 19:03:14","2418","Information","Microsoft-Windows-PushNotifications-Platform","A local notification was submitted to threadpool: Microsoft.Todos_8wekyb3d8bbwe!App [AppUserModelId] tile [NotificationType] 8152 [NotificationTrackingId] Local [NotificationSource]."
"18-08-2026 19:03:14","2416","Information","Microsoft-Windows-PushNotifications-Platform","A local notification was received from Microsoft.Todos_8wekyb3d8bbwe!App [AppUserModelId] with a 0 [NotificationId] through an application endpoint."
"18-08-2026 19:01:27","42","Information","Microsoft-Windows-PushNotifications-Platform","Cloud Notifications must be enabled in GP and MDM to receive push notifications. GroupPolicyValue: true, MDMPolicyValue: true."
"18-08-2026 19:01:24","42","Information","Microsoft-Windows-PushNotifications-Platform","Cloud Notifications must be enabled in GP and MDM to receive push notifications. GroupPolicyValue: true, MDMPolicyValue: true."
"18-08-2026 19:01:24","42","Information","Microsoft-Windows-PushNotifications-Platform","Cloud Notifications must be enabled in GP and MDM to receive push notifications. GroupPolicyValue: true, MDMPolicyValue: true."
"18-08-2026 19:01:06","1025","Information","Microsoft-Windows-PushNotifications-Platform","A Power event was fired: MonitorSettingChange [PowerEventType] true [Enabled]."
"18-08-2026 19:01:06","1025","Information","Microsoft-Windows-PushNotifications-Platform","A Power event was fired: MonitorSettingChange [PowerEventType] true [Enabled]."
"18-08-2026 19:00:08","42","Information","Microsoft-Windows-PushNotifications-Platform","Cloud Notifications must be enabled in GP and MDM to receive push notifications. GroupPolicyValue: true, MDMPolicyValue: true."
"18-08-2026 18:48:38","42","Information","Microsoft-Windows-PushNotifications-Platform","Cloud Notifications must be enabled in GP and MDM to receive push notifications. GroupPolicyValue: true, MDMPolicyValue: true."
"18-08-2026 18:45:54","1268","Verbose","Microsoft-Windows-PushNotifications-Platform","WNP Transport Layer received command: PNG, Trid: 16, Namespace: CON, CV: xwChefcwBESL6GZS.15.0 containing 126 bytes of payload only. However, full payload including header is: 0x504E4720313620434F4E003132360D0A4D532D43563A2078774368656663774245534C36475A532E31352E300D0A0D0A3C70696E672D726573706F6E73653E3C776169743E34313C2F776169743E3C636F6E6E656374696F6E2D7374617475733E436F6E6E65637465643C2F636F6E6E656374696F6E2D7374617475733E. IsLongRunning: Data Connection."
"18-08-2026 18:45:54","1225","Verbose","Microsoft-Windows-PushNotifications-Platform","WNP Transport Layer received command: PNG, Trid: 16, Namespace: CON, CV: xwChefcwBESL6GZS.15.0 containing 126 bytes of payload: 0x4D532D43563A2078774368656663774245534C36475A532E31352E300D0A0D0A3C70696E672D726573706F6E73653E3C776169743E34313C2F776169743E3C636F6E6E656374696F6E2D7374617475733E436F6E6E65637465643C2F636F6E6E656374696F6E2D7374617475733E3C2F70696E672D726573706F6E73653E. IsLongRunning: Data Connection."
"18-08-2026 18:45:54","1267","Verbose","Microsoft-Windows-PushNotifications-Platform","WNP Transport Layer sent command: PNG, Trid: 16, Namespace: CON, CV: xwChefcwBESL6GZS.15 containing 72 bytes of payload only. However, full payload including header is: 0x504E4720313620434F4E2035370D0A4D532D43563A2078774368656663774245534C36475A532E31350D0A436F6E746578743A20643738376234383835653832363765380D0A0D0A. IsLongRunning: Data Connection."
"18-08-2026 18:45:54","1223","Verbose","Microsoft-Windows-PushNotifications-Platform","WNP Transport Layer sent command: PNG, Trid: 16, Namespace: CON, CV: xwChefcwBESL6GZS.15 containing 29 bytes of payload: 0x436F6E746578743A20643738376234383835653832363765380D0A0D0A. IsLongRunning: Data Connection."
"18-08-2026 18:43:20","3053","Information","Microsoft-Windows-PushNotifications-Platform","badge with notification tracking id 8151 is being delivered to Microsoft.Todos_8wekyb3d8bbwe!App."
"18-08-2026 18:43:20","2418","Information","Microsoft-Windows-PushNotifications-Platform","A local notification was submitted to threadpool: Microsoft.Todos_8wekyb3d8bbwe!App [AppUserModelId] badge [NotificationType] 8151 [NotificationTrackingId] Local [NotificationSource]."
"18-08-2026 18:43:20","2416","Information","Microsoft-Windows-PushNotifications-Platform","A local notification was received from Microsoft.Todos_8wekyb3d8bbwe!App [AppUserModelId] with a 0 [NotificationId] through an application endpoint."
"18-08-2026 18:43:20","2418","Information","Microsoft-Windows-PushNotifications-Platform","A local notification was submitted to threadpool: Microsoft.Todos_8wekyb3d8bbwe!App [AppUserModelId] tile [NotificationType] 8150 [NotificationTrackingId] Local [NotificationSource]."
"18-08-2026 18:43:20","2416","Information","Microsoft-Windows-PushNotifications-Platform","A local notification was received from Microsoft.Todos_8wekyb3d8bbwe!App [AppUserModelId] with a 0 [NotificationId] through an application endpoint."
"18-08-2026 18:36:57","1025","Information","Microsoft-Windows-PushNotifications-Platform","A Power event was fired: MonitorSettingChange [PowerEventType] false [Enabled]."
"18-08-2026 18:36:57","1025","Information","Microsoft-Windows-PushNotifications-Platform","A Power event was fired: MonitorSettingChange [PowerEventType] false [Enabled]."
"18-08-2026 18:31:08","3053","Information","Microsoft-Windows-PushNotifications-Platform","badge with notification tracking id 8149 is being delivered to Microsoft.Todos_8wekyb3d8bbwe!App."
"18-08-2026 18:31:08","2418","Information","Microsoft-Windows-PushNotifications-Platform","A local notification was submitted to threadpool: Microsoft.Todos_8wekyb3d8bbwe!App [AppUserModelId] badge [NotificationType] 8149 [NotificationTrackingId] Local [NotificationSource]."
"18-08-2026 18:31:08","2416","Information","Microsoft-Windows-PushNotifications-Platform","A local notification was received from Microsoft.Todos_8wekyb3d8bbwe!App [AppUserModelId] with a 0 [NotificationId] through an application endpoint."
"18-08-2026 18:31:08","2418","Information","Microsoft-Windows-PushNotifications-Platform","A local notification was submitted to threadpool: Microsoft.Todos_8wekyb3d8bbwe!App [AppUserModelId] tile [NotificationType] 8148 [NotificationTrackingId] Local [NotificationSource]."
"18-08-2026 18:31:08","2416","Information","Microsoft-Windows-PushNotifications-Platform","A local notification was received from Microsoft.Todos_8wekyb3d8bbwe!App [AppUserModelId] with a 0 [NotificationId] through an application endpoint."
"18-08-2026 18:23:14","3049","Information","Microsoft-Windows-PushNotifications-Platform","Endpoint 0x0 is being cleanedup"
"18-08-2026 18:23:14","3153","Information","Microsoft-Windows-PushNotifications-Platform","Toast with notification tracking id 8147 is delivered to Microsoft.Office.OUTLOOK.EXE.15 on session 1."
"18-08-2026 18:23:14","3052","Information","Microsoft-Windows-PushNotifications-Platform","Toast with notification tracking id 8147 is being delivered to Microsoft.Office.OUTLOOK.EXE.15 on session 1."
"18-08-2026 18:23:14","2418","Information","Microsoft-Windows-PushNotifications-Platform","A local notification was submitted to threadpool: Microsoft.Office.OUTLOOK.EXE.15 [AppUserModelId] toast [NotificationType] 8147 [NotificationTrackingId] Local [NotificationSource]."
"18-08-2026 18:23:14","2416","Information","Microsoft-Windows-PushNotifications-Platform","A local notification was received from Microsoft.Office.OUTLOOK.EXE.15 [AppUserModelId] with a 0 [NotificationId] through an application endpoint."
"18-08-2026 18:20:02","1268","Verbose","Microsoft-Windows-PushNotifications-Platform","WNP Transport Layer received command: PNG, Trid: 15, Namespace: CON, CV: xwChefcwBESL6GZS.14.0 containing 126 bytes of payload only. However, full payload including header is: 0x504E4720313520434F4E003132360D0A4D532D43563A2078774368656663774245534C36475A532E31342E300D0A0D0A3C70696E672D726573706F6E73653E3C776169743E35303C2F776169743E3C636F6E6E656374696F6E2D7374617475733E436F6E6E65637465643C2F636F6E6E656374696F6E2D7374617475733E. IsLongRunning: Data Connection."
"18-08-2026 18:20:02","1225","Verbose","Microsoft-Windows-PushNotifications-Platform","WNP Transport Layer received command: PNG, Trid: 15, Namespace: CON, CV: xwChefcwBESL6GZS.14.0 containing 126 bytes of payload: 0x4D532D43563A2078774368656663774245534C36475A532E31342E300D0A0D0A3C70696E672D726573706F6E73653E3C776169743E35303C2F776169743E3C636F6E6E656374696F6E2D7374617475733E436F6E6E65637465643C2F636F6E6E656374696F6E2D7374617475733E3C2F70696E672D726573706F6E73653E. IsLongRunning: Data Connection."
"18-08-2026 18:20:02","1267","Verbose","Microsoft-Windows-PushNotifications-Platform","WNP Transport Layer sent command: PNG, Trid: 15, Namespace: CON, CV: xwChefcwBESL6GZS.14 containing 72 bytes of payload only. However, full payload including header is: 0x504E4720313520434F4E2035370D0A4D532D43563A2078774368656663774245534C36475A532E31340D0A436F6E746578743A20663933313566386232393535613436640D0A0D0A. IsLongRunning: Data Connection."
"18-08-2026 18:20:02","1223","Verbose","Microsoft-Windows-PushNotifications-Platform","WNP Transport Layer sent command: PNG, Trid: 15, Namespace: CON, CV: xwChefcwBESL6GZS.14 containing 29 bytes of payload: 0x436F6E746578743A20663933313566386232393535613436640D0A0D0A. IsLongRunning: Data Connection."
"18-08-2026 18:19:58","3049","Information","Microsoft-Windows-PushNotifications-Platform","Endpoint 0x0 is being cleanedup"
"18-08-2026 18:19:58","3153","Information","Microsoft-Windows-PushNotifications-Platform","Toast with notification tracking id 8146 is delivered to Microsoft.Office.OUTLOOK.EXE.15 on session 1."
"18-08-2026 18:19:58","3052","Information","Microsoft-Windows-PushNotifications-Platform","Toast with notification tracking id 8146 is being delivered to Microsoft.Office.OUTLOOK.EXE.15 on session 1."
"18-08-2026 18:19:58","2418","Information","Microsoft-Windows-PushNotifications-Platform","A local notification was submitted to threadpool: Microsoft.Office.OUTLOOK.EXE.15 [AppUserModelId] toast [NotificationType] 8146 [NotificationTrackingId] Local [NotificationSource]."
"18-08-2026 18:19:58","2416","Information","Microsoft-Windows-PushNotifications-Platform","A local notification was received from Microsoft.Office.OUTLOOK.EXE.15 [AppUserModelId] with a 0 [NotificationId] through an application endpoint."
"18-08-2026 18:19:01","3049","Information","Microsoft-Windows-PushNotifications-Platform","Endpoint 0x0 is being cleanedup"
"18-08-2026 18:19:01","3153","Information","Microsoft-Windows-PushNotifications-Platform","Toast with notification tracking id 8145 is delivered to Microsoft.ScreenSketch_8wekyb3d8bbwe!App on session 1."
"18-08-2026 18:19:01","3052","Information","Microsoft-Windows-PushNotifications-Platform","Toast with notification tracking id 8145 is being delivered to Microsoft.ScreenSketch_8wekyb3d8bbwe!App on session 1."
"18-08-2026 18:19:01","2418","Information","Microsoft-Windows-PushNotifications-Platform","A local notification was submitted to threadpool: Microsoft.ScreenSketch_8wekyb3d8bbwe!App [AppUserModelId] toast [NotificationType] 8145 [NotificationTrackingId] Local [NotificationSource]."
"18-08-2026 18:19:01","2416","Information","Microsoft-Windows-PushNotifications-Platform","A local notification was received from Microsoft.ScreenSketch_8wekyb3d8bbwe!App [AppUserModelId] with a 0 [NotificationId] through an application endpoint."
"18-08-2026 18:19:01","3055","Information","Microsoft-Windows-PushNotifications-Platform","Some toast notifications have been cleared - informed session 1."
"18-08-2026 18:15:59","3053","Information","Microsoft-Windows-PushNotifications-Platform","badge with notification tracking id 8144 is being delivered to Microsoft.Todos_8wekyb3d8bbwe!App."
"18-08-2026 18:15:59","2418","Information","Microsoft-Windows-PushNotifications-Platform","A local notification was submitted to threadpool: Microsoft.Todos_8wekyb3d8bbwe!App [AppUserModelId] badge [NotificationType] 8144 [NotificationTrackingId] Local [NotificationSource]."
"18-08-2026 18:15:59","2416","Information","Microsoft-Windows-PushNotifications-Platform","A local notification was received from Microsoft.Todos_8wekyb3d8bbwe!App [AppUserModelId] with a 0 [NotificationId] through an application endpoint."
"18-08-2026 18:15:59","2418","Information","Microsoft-Windows-PushNotifications-Platform","A local notification was submitted to threadpool: Microsoft.Todos_8wekyb3d8bbwe!App [AppUserModelId] tile [NotificationType] 8143 [NotificationTrackingId] Local [NotificationSource]."
"18-08-2026 18:15:59","2416","Information","Microsoft-Windows-PushNotifications-Platform","A local notification was received from Microsoft.Todos_8wekyb3d8bbwe!App [AppUserModelId] with a 0 [NotificationId] through an application endpoint."
"18-08-2026 18:04:39","3049","Information","Microsoft-Windows-PushNotifications-Platform","Endpoint 0x0 is being cleanedup"
"18-08-2026 18:04:39","3153","Information","Microsoft-Windows-PushNotifications-Platform","Toast with notification tracking id 8142 is delivered to Microsoft.ScreenSketch_8wekyb3d8bbwe!App on session 1."
"18-08-2026 18:04:39","3052","Information","Microsoft-Windows-PushNotifications-Platform","Toast with notification tracking id 8142 is being delivered to Microsoft.ScreenSketch_8wekyb3d8bbwe!App on session 1."
"18-08-2026 18:04:39","2418","Information","Microsoft-Windows-PushNotifications-Platform","A local notification was submitted to threadpool: Microsoft.ScreenSketch_8wekyb3d8bbwe!App [AppUserModelId] toast [NotificationType] 8142 [NotificationTrackingId] Local [NotificationSource]."
"18-08-2026 18:04:39","2416","Information","Microsoft-Windows-PushNotifications-Platform","A local notification was received from Microsoft.ScreenSketch_8wekyb3d8bbwe!App [AppUserModelId] with a 0 [NotificationId] through an application endpoint."
"18-08-2026 18:04:39","3055","Information","Microsoft-Windows-PushNotifications-Platform","Some toast notifications have been cleared - informed session 1."
"18-08-2026 18:00:07","3053","Information","Microsoft-Windows-PushNotifications-Platform","badge with notification tracking id 8141 is being delivered to Microsoft.Todos_8wekyb3d8bbwe!App."
"18-08-2026 18:00:07","2418","Information","Microsoft-Windows-PushNotifications-Platform","A local notification was submitted to threadpool: Microsoft.Todos_8wekyb3d8bbwe!App [AppUserModelId] badge [NotificationType] 8141 [NotificationTrackingId] Local [NotificationSource]."
"18-08-2026 18:00:07","2416","Information","Microsoft-Windows-PushNotifications-Platform","A local notification was received from Microsoft.Todos_8wekyb3d8bbwe!App [AppUserModelId] with a 0 [NotificationId] through an application endpoint."
"18-08-2026 18:00:07","2418","Information","Microsoft-Windows-PushNotifications-Platform","A local notification was submitted to threadpool: Microsoft.Todos_8wekyb3d8bbwe!App [AppUserModelId] tile [NotificationType] 8140 [NotificationTrackingId] Local [NotificationSource]."
"18-08-2026 18:00:07","2416","Information","Microsoft-Windows-PushNotifications-Platform","A local notification was received from Microsoft.Todos_8wekyb3d8bbwe!App [AppUserModelId] with a 0 [NotificationId] through an application endpoint."
"18-08-2026 17:59:55","42","Information","Microsoft-Windows-PushNotifications-Platform","Cloud Notifications must be enabled in GP and MDM to receive push notifications. GroupPolicyValue: true, MDMPolicyValue: true."
"18-08-2026 17:59:21","42","Information","Microsoft-Windows-PushNotifications-Platform","Cloud Notifications must be enabled in GP and MDM to receive push notifications. GroupPolicyValue: true, MDMPolicyValue: true."
"18-08-2026 17:54:52","42","Information","Microsoft-Windows-PushNotifications-Platform","Cloud Notifications must be enabled in GP and MDM to receive push notifications. GroupPolicyValue: true, MDMPolicyValue: true."
"18-08-2026 17:54:02","1268","Verbose","Microsoft-Windows-PushNotifications-Platform","WNP Transport Layer received command: PNG, Trid: 14, Namespace: CON, CV: xwChefcwBESL6GZS.13.0 containing 126 bytes of payload only. However, full payload including header is: 0x504E4720313420434F4E003132360D0A4D532D43563A2078774368656663774245534C36475A532E31332E300D0A0D0A3C70696E672D726573706F6E73653E3C776169743E34333C2F776169743E3C636F6E6E656374696F6E2D7374617475733E436F6E6E65637465643C2F636F6E6E656374696F6E2D7374617475733E. IsLongRunning: Data Connection."
"18-08-2026 17:54:02","1225","Verbose","Microsoft-Windows-PushNotifications-Platform","WNP Transport Layer received command: PNG, Trid: 14, Namespace: CON, CV: xwChefcwBESL6GZS.13.0 containing 126 bytes of payload: 0x4D532D43563A2078774368656663774245534C36475A532E31332E300D0A0D0A3C70696E672D726573706F6E73653E3C776169743E34333C2F776169743E3C636F6E6E656374696F6E2D7374617475733E436F6E6E65637465643C2F636F6E6E656374696F6E2D7374617475733E3C2F70696E672D726573706F6E73653E. IsLongRunning: Data Connection."
"18-08-2026 17:54:02","1267","Verbose","Microsoft-Windows-PushNotifications-Platform","WNP Transport Layer sent command: PNG, Trid: 14, Namespace: CON, CV: xwChefcwBESL6GZS.13 containing 72 bytes of payload only. However, full payload including header is: 0x504E4720313420434F4E2035370D0A4D532D43563A2078774368656663774245534C36475A532E31330D0A436F6E746578743A20376161616361336166333230626564620D0A0D0A. IsLongRunning: Data Connection."
"18-08-2026 17:54:02","1223","Verbose","Microsoft-Windows-PushNotifications-Platform","WNP Transport Layer sent command: PNG, Trid: 14, Namespace: CON, CV: xwChefcwBESL6GZS.13 containing 29 bytes of payload: 0x436F6E746578743A20376161616361336166333230626564620D0A0D0A. IsLongRunning: Data Connection."
"18-08-2026 17:46:28","42","Information","Microsoft-Windows-PushNotifications-Platform","Cloud Notifications must be enabled in GP and MDM to receive push notifications. GroupPolicyValue: true, MDMPolicyValue: true."
"18-08-2026 17:46:26","2419","Information","Microsoft-Windows-PushNotifications-Platform","A raw notification has activated a system task: WindowsMMPCPush [AppUserModelID]."
"18-08-2026 17:46:26","1267","Verbose","Microsoft-Windows-PushNotifications-Platform","WNP Transport Layer sent command: ACK, Trid: 13, Namespace: WNS\NOTIF 0, CV: A8hUgkFfnkW9ovMJJ/iWNg.1.1.1 containing 99 bytes of payload only. However, full payload including header is: 0x41434B20313320574E535C4E4F54494620302037360D0A4D532D43563A2041386855676B46666E6B57396F764D4A4A2F69574E672E312E312E310D0A4D73672D49643A20373233313265336632643439356336630D0A5374617475733A20300D0A0D0A. IsLongRunning: Data Connection."
"18-08-2026 17:46:26","1223","Verbose","Microsoft-Windows-PushNotifications-Platform","WNP Transport Layer sent command: ACK, Trid: 13, Namespace: WNS\NOTIF 0, CV: A8hUgkFfnkW9ovMJJ/iWNg.1.1.1 containing 39 bytes of payload: 0x4D73672D49643A20373233313265336632643439356336630D0A5374617475733A20300D0A0D0A. IsLongRunning: Data Connection."
"18-08-2026 17:46:26","1010","Information","Microsoft-Windows-PushNotifications-Platform","Raw Notification received for ChannelId 1;3938099163375696725 and AppUserModelId WindowsMMPCPush with TrackingId 91, X-WNS-MSG-ID 0x72312E3F2D495C6C, timestamp 46252.511412037 and expiration 46259.511412037 tag: NULL, group: NULL, action: Deliver Action, bundle: count=0;missed=false;Id=NULL."
"18-08-2026 17:46:26","1318","Information","Microsoft-Windows-PushNotifications-Platform","WNP Protocol delivered notification: WNS\NOTIF [Namespace] 0 [UserId] 415 [PayloadSize] 0x72312E3F2D495C6C [MsgId] true [Ack] A8hUgkFfnkW9ovMJJ/iWNg.1.1.1 [CorrelationVector]."
"18-08-2026 17:46:26","1268","Verbose","Microsoft-Windows-PushNotifications-Platform","WNP Transport Layer received command: NFY, Trid: 0, Namespace: WNS\NOTIF, CV: A8hUgkFfnkW9ovMJJ/iWNg.1.1.1 containing 415 bytes of payload only. However, full payload including header is: 0x4E4659203020574E535C4E4F5449460030003431350D0A54696D653A20323032362D30382D31385431323A31363A32365A0D0A4368616E6E656C3A20313B333933383039393136333337353639363732350D0A547970653A20776E732F7261770D0A4D73672D49643A20373233313245334632443439354336430D0A4D6972726F72696E673A20416C6C6F7765640D0A54544C3A203630343830300D0A5072696F726974793A20310D0A4361636865643A2046616C73650D0A41636B3A20747275650D0A4D532D43563A2041386855676B46666E6B57396F764D4A4A2F69574E672E312E312E310D0A0D0A7B226E6F74696669636174696F6E4964223A2264366135633736662D633138652D343563392D613965362D666636376364663838353538222C2276657273696F6E223A22312E30222C227365727665725061796C6F6164223A225B7B5C226E6F74696669636174696F6E49645C223A5C2264366135633736662D633138652D343563392D613965362D6666363763646638383535385C222C5C2276657273696F6E5C223A312C5C227061796C6F61645C223A5C22. IsLongRunning: Data Connection."
"18-08-2026 17:46:26","1225","Verbose","Microsoft-Windows-PushNotifications-Platform","WNP Transport Layer received command: NFY, Trid: 0, Namespace: WNS\NOTIF, CV: A8hUgkFfnkW9ovMJJ/iWNg.1.1.1 containing 415 bytes of payload: 0x54696D653A20323032362D30382D31385431323A31363A32365A0D0A4368616E6E656C3A20313B333933383039393136333337353639363732350D0A547970653A20776E732F7261770D0A4D73672D49643A20373233313245334632443439354336430D0A4D6972726F72696E673A20416C6C6F7765640D0A54544C3A203630343830300D0A5072696F726974793A20310D0A4361636865643A2046616C73650D0A41636B3A20747275650D0A4D532D43563A2041386855676B46666E6B57396F764D4A4A2F69574E672E312E312E310D0A0D0A7B226E6F74696669636174696F6E4964223A2264366135633736662D633138652D343563392D613965362D666636376364663838353538222C2276657273696F6E223A22312E30222C227365727665725061796C6F6164223A225B7B5C226E6F74696669636174696F6E49645C223A5C2264366135633736662D633138652D343563392D613965362D6666363763646638383535385C222C5C2276657273696F6E5C223A312C5C227061796C6F61645C223A5C225C222C5C22617267756D656E74735C223A7B7D7D5D227D. IsLongRunning: Data Connection."
"18-08-2026 17:43:11","3053","Information","Microsoft-Windows-PushNotifications-Platform","badge with notification tracking id 8139 is being delivered to Microsoft.Todos_8wekyb3d8bbwe!App."
"18-08-2026 17:43:11","2418","Information","Microsoft-Windows-PushNotifications-Platform","A local notification was submitted to threadpool: Microsoft.Todos_8wekyb3d8bbwe!App [AppUserModelId] badge [NotificationType] 8139 [NotificationTrackingId] Local [NotificationSource]."
"18-08-2026 17:43:11","2416","Information","Microsoft-Windows-PushNotifications-Platform","A local notification was received from Microsoft.Todos_8wekyb3d8bbwe!App [AppUserModelId] with a 0 [NotificationId] through an application endpoint."
"18-08-2026 17:43:11","2418","Information","Microsoft-Windows-PushNotifications-Platform","A local notification was submitted to threadpool: Microsoft.Todos_8wekyb3d8bbwe!App [AppUserModelId] tile [NotificationType] 8138 [NotificationTrackingId] Local [NotificationSource]."
"18-08-2026 17:43:11","2416","Information","Microsoft-Windows-PushNotifications-Platform","A local notification was received from Microsoft.Todos_8wekyb3d8bbwe!App [AppUserModelId] with a 0 [NotificationId] through an application endpoint."
"18-08-2026 17:33:38","42","Information","Microsoft-Windows-PushNotifications-Platform","Cloud Notifications must be enabled in GP and MDM to receive push notifications. GroupPolicyValue: true, MDMPolicyValue: true."
"18-08-2026 17:33:34","42","Information","Microsoft-Windows-PushNotifications-Platform","Cloud Notifications must be enabled in GP and MDM to receive push notifications. GroupPolicyValue: true, MDMPolicyValue: true."
"18-08-2026 17:30:14","42","Information","Microsoft-Windows-PushNotifications-Platform","Cloud Notifications must be enabled in GP and MDM to receive push notifications. GroupPolicyValue: true, MDMPolicyValue: true."
"18-08-2026 17:28:06","3053","Information","Microsoft-Windows-PushNotifications-Platform","badge with notification tracking id 8137 is being delivered to Microsoft.Todos_8wekyb3d8bbwe!App."
"18-08-2026 17:28:06","2418","Information","Microsoft-Windows-PushNotifications-Platform","A local notification was submitted to threadpool: Microsoft.Todos_8wekyb3d8bbwe!App [AppUserModelId] badge [NotificationType] 8137 [NotificationTrackingId] Local [NotificationSource]."
"18-08-2026 17:28:06","2416","Information","Microsoft-Windows-PushNotifications-Platform","A local notification was received from Microsoft.Todos_8wekyb3d8bbwe!App [AppUserModelId] with a 0 [NotificationId] through an application endpoint."
"18-08-2026 17:28:06","2418","Information","Microsoft-Windows-PushNotifications-Platform","A local notification was submitted to threadpool: Microsoft.Todos_8wekyb3d8bbwe!App [AppUserModelId] tile [NotificationType] 8136 [NotificationTrackingId] Local [NotificationSource]."
"18-08-2026 17:28:06","2416","Information","Microsoft-Windows-PushNotifications-Platform","A local notification was received from Microsoft.Todos_8wekyb3d8bbwe!App [AppUserModelId] with a 0 [NotificationId] through an application endpoint."
"18-08-2026 17:28:02","1268","Verbose","Microsoft-Windows-PushNotifications-Platform","WNP Transport Layer received command: PNG, Trid: 12, Namespace: CON, CV: xwChefcwBESL6GZS.12.0 containing 126 bytes of payload only. However, full payload including header is: 0x504E4720313220434F4E003132360D0A4D532D43563A2078774368656663774245534C36475A532E31322E300D0A0D0A3C70696E672D726573706F6E73653E3C776169743E33393C2F776169743E3C636F6E6E656374696F6E2D7374617475733E436F6E6E65637465643C2F636F6E6E656374696F6E2D7374617475733E. IsLongRunning: Data Connection."
"18-08-2026 17:28:02","1225","Verbose","Microsoft-Windows-PushNotifications-Platform","WNP Transport Layer received command: PNG, Trid: 12, Namespace: CON, CV: xwChefcwBESL6GZS.12.0 containing 126 bytes of payload: 0x4D532D43563A2078774368656663774245534C36475A532E31322E300D0A0D0A3C70696E672D726573706F6E73653E3C776169743E33393C2F776169743E3C636F6E6E656374696F6E2D7374617475733E436F6E6E65637465643C2F636F6E6E656374696F6E2D7374617475733E3C2F70696E672D726573706F6E73653E. IsLongRunning: Data Connection."
"18-08-2026 17:28:02","1267","Verbose","Microsoft-Windows-PushNotifications-Platform","WNP Transport Layer sent command: PNG, Trid: 12, Namespace: CON, CV: xwChefcwBESL6GZS.12 containing 72 bytes of payload only. However, full payload including header is: 0x504E4720313220434F4E2035370D0A4D532D43563A2078774368656663774245534C36475A532E31320D0A436F6E746578743A20336661316435636165313336313331630D0A0D0A. IsLongRunning: Data Connection."
"18-08-2026 17:28:02","1223","Verbose","Microsoft-Windows-PushNotifications-Platform","WNP Transport Layer sent command: PNG, Trid: 12, Namespace: CON, CV: xwChefcwBESL6GZS.12 containing 29 bytes of payload: 0x436F6E746578743A20336661316435636165313336313331630D0A0D0A. IsLongRunning: Data Connection."
"18-08-2026 17:19:00","42","Information","Microsoft-Windows-PushNotifications-Platform","Cloud Notifications must be enabled in GP and MDM to receive push notifications. GroupPolicyValue: true, MDMPolicyValue: true."
"18-08-2026 17:15:57","3053","Information","Microsoft-Windows-PushNotifications-Platform","badge with notification tracking id 8135 is being delivered to Microsoft.Todos_8wekyb3d8bbwe!App."
"18-08-2026 17:15:57","2418","Information","Microsoft-Windows-PushNotifications-Platform","A local notification was submitted to threadpool: Microsoft.Todos_8wekyb3d8bbwe!App [AppUserModelId] badge [NotificationType] 8135 [NotificationTrackingId] Local [NotificationSource]."
"18-08-2026 17:15:57","2416","Information","Microsoft-Windows-PushNotifications-Platform","A local notification was received from Microsoft.Todos_8wekyb3d8bbwe!App [AppUserModelId] with a 0 [NotificationId] through an application endpoint."
"18-08-2026 17:15:57","2418","Information","Microsoft-Windows-PushNotifications-Platform","A local notification was submitted to threadpool: Microsoft.Todos_8wekyb3d8bbwe!App [AppUserModelId] tile [NotificationType] 8134 [NotificationTrackingId] Local [NotificationSource]."
"18-08-2026 17:15:57","2416","Information","Microsoft-Windows-PushNotifications-Platform","A local notification was received from Microsoft.Todos_8wekyb3d8bbwe!App [AppUserModelId] with a 0 [NotificationId] through an application endpoint."
"18-08-2026 17:02:02","1268","Verbose","Microsoft-Windows-PushNotifications-Platform","WNP Transport Layer received command: PNG, Trid: 11, Namespace: CON, CV: xwChefcwBESL6GZS.11.0 containing 126 bytes of payload only. However, full payload including header is: 0x504E4720313120434F4E003132360D0A4D532D43563A2078774368656663774245534C36475A532E31312E300D0A0D0A3C70696E672D726573706F6E73653E3C776169743E34393C2F776169743E3C636F6E6E656374696F6E2D7374617475733E436F6E6E65637465643C2F636F6E6E656374696F6E2D7374617475733E. IsLongRunning: Data Connection."
"18-08-2026 17:02:02","1225","Verbose","Microsoft-Windows-PushNotifications-Platform","WNP Transport Layer received command: PNG, Trid: 11, Namespace: CON, CV: xwChefcwBESL6GZS.11.0 containing 126 bytes of payload: 0x4D532D43563A2078774368656663774245534C36475A532E31312E300D0A0D0A3C70696E672D726573706F6E73653E3C776169743E34393C2F776169743E3C636F6E6E656374696F6E2D7374617475733E436F6E6E65637465643C2F636F6E6E656374696F6E2D7374617475733E3C2F70696E672D726573706F6E73653E. IsLongRunning: Data Connection."
"18-08-2026 17:02:02","1267","Verbose","Microsoft-Windows-PushNotifications-Platform","WNP Transport Layer sent command: PNG, Trid: 11, Namespace: CON, CV: xwChefcwBESL6GZS.11 containing 72 bytes of payload only. However, full payload including header is: 0x504E4720313120434F4E2035370D0A4D532D43563A2078774368656663774245534C36475A532E31310D0A436F6E746578743A20663863353134303236373266363534620D0A0D0A. IsLongRunning: Data Connection."
"18-08-2026 17:02:02","1223","Verbose","Microsoft-Windows-PushNotifications-Platform","WNP Transport Layer sent command: PNG, Trid: 11, Namespace: CON, CV: xwChefcwBESL6GZS.11 containing 29 bytes of payload: 0x436F6E746578743A20663863353134303236373266363534620D0A0D0A. IsLongRunning: Data Connection."
"18-08-2026 17:00:58","3053","Information","Microsoft-Windows-PushNotifications-Platform","badge with notification tracking id 8133 is being delivered to Microsoft.Todos_8wekyb3d8bbwe!App."
"18-08-2026 17:00:58","2418","Information","Microsoft-Windows-PushNotifications-Platform","A local notification was submitted to threadpool: Microsoft.Todos_8wekyb3d8bbwe!App [AppUserModelId] badge [NotificationType] 8133 [NotificationTrackingId] Local [NotificationSource]."
"18-08-2026 17:00:58","2416","Information","Microsoft-Windows-PushNotifications-Platform","A local notification was received from Microsoft.Todos_8wekyb3d8bbwe!App [AppUserModelId] with a 0 [NotificationId] through an application endpoint."
"18-08-2026 17:00:58","2418","Information","Microsoft-Windows-PushNotifications-Platform","A local notification was submitted to threadpool: Microsoft.Todos_8wekyb3d8bbwe!App [AppUserModelId] tile [NotificationType] 8132 [NotificationTrackingId] Local [NotificationSource]."
"18-08-2026 17:00:58","2416","Information","Microsoft-Windows-PushNotifications-Platform","A local notification was received from Microsoft.Todos_8wekyb3d8bbwe!App [AppUserModelId] with a 0 [NotificationId] through an application endpoint."
"18-08-2026 16:54:03","3049","Information","Microsoft-Windows-PushNotifications-Platform","Endpoint 0x0 is being cleanedup"
"18-08-2026 16:54:03","3153","Information","Microsoft-Windows-PushNotifications-Platform","Toast with notification tracking id 8131 is delivered to Microsoft.Office.OUTLOOK.EXE.15 on session 1."
"18-08-2026 16:54:03","3052","Information","Microsoft-Windows-PushNotifications-Platform","Toast with notification tracking id 8131 is being delivered to Microsoft.Office.OUTLOOK.EXE.15 on session 1."
"18-08-2026 16:54:03","2418","Information","Microsoft-Windows-PushNotifications-Platform","A local notification was submitted to threadpool: Microsoft.Office.OUTLOOK.EXE.15 [AppUserModelId] toast [NotificationType] 8131 [NotificationTrackingId] Local [NotificationSource]."
"18-08-2026 16:54:03","2416","Information","Microsoft-Windows-PushNotifications-Platform","A local notification was received from Microsoft.Office.OUTLOOK.EXE.15 [AppUserModelId] with a 0 [NotificationId] through an application endpoint."
"18-08-2026 16:53:27","3049","Information","Microsoft-Windows-PushNotifications-Platform","Endpoint 0x0 is being cleanedup"
"18-08-2026 16:53:27","3153","Information","Microsoft-Windows-PushNotifications-Platform","Toast with notification tracking id 8130 is delivered to Microsoft.ScreenSketch_8wekyb3d8bbwe!App on session 1."
"18-08-2026 16:53:27","3052","Information","Microsoft-Windows-PushNotifications-Platform","Toast with notification tracking id 8130 is being delivered to Microsoft.ScreenSketch_8wekyb3d8bbwe!App on session 1."
"18-08-2026 16:53:27","2418","Information","Microsoft-Windows-PushNotifications-Platform","A local notification was submitted to threadpool: Microsoft.ScreenSketch_8wekyb3d8bbwe!App [AppUserModelId] toast [NotificationType] 8130 [NotificationTrackingId] Local [NotificationSource]."
"18-08-2026 16:53:27","2416","Information","Microsoft-Windows-PushNotifications-Platform","A local notification was received from Microsoft.ScreenSketch_8wekyb3d8bbwe!App [AppUserModelId] with a 0 [NotificationId] through an application endpoint."
"18-08-2026 16:53:27","3055","Information","Microsoft-Windows-PushNotifications-Platform","Some toast notifications have been cleared - informed session 1."
"18-08-2026 16:52:25","3049","Information","Microsoft-Windows-PushNotifications-Platform","Endpoint 0x0 is being cleanedup"
"18-08-2026 16:52:25","3153","Information","Microsoft-Windows-PushNotifications-Platform","Toast with notification tracking id 8129 is delivered to Microsoft.ScreenSketch_8wekyb3d8bbwe!App on session 1."
"18-08-2026 16:52:25","3052","Information","Microsoft-Windows-PushNotifications-Platform","Toast with notification tracking id 8129 is being delivered to Microsoft.ScreenSketch_8wekyb3d8bbwe!App on session 1."
"18-08-2026 16:52:25","2418","Information","Microsoft-Windows-PushNotifications-Platform","A local notification was submitted to threadpool: Microsoft.ScreenSketch_8wekyb3d8bbwe!App [AppUserModelId] toast [NotificationType] 8129 [NotificationTrackingId] Local [NotificationSource]."
"18-08-2026 16:52:24","2416","Information","Microsoft-Windows-PushNotifications-Platform","A local notification was received from Microsoft.ScreenSketch_8wekyb3d8bbwe!App [AppUserModelId] with a 0 [NotificationId] through an application endpoint."
"18-08-2026 16:50:30","42","Information","Microsoft-Windows-PushNotifications-Platform","Cloud Notifications must be enabled in GP and MDM to receive push notifications. GroupPolicyValue: true, MDMPolicyValue: true."
"18-08-2026 16:43:12","3053","Information","Microsoft-Windows-PushNotifications-Platform","badge with notification tracking id 8128 is being delivered to Microsoft.Todos_8wekyb3d8bbwe!App."
"18-08-2026 16:43:12","2418","Information","Microsoft-Windows-PushNotifications-Platform","A local notification was submitted to threadpool: Microsoft.Todos_8wekyb3d8bbwe!App [AppUserModelId] badge [NotificationType] 8128 [NotificationTrackingId] Local [NotificationSource]."
"18-08-2026 16:43:12","2416","Information","Microsoft-Windows-PushNotifications-Platform","A local notification was received from Microsoft.Todos_8wekyb3d8bbwe!App [AppUserModelId] with a 0 [NotificationId] through an application endpoint."
"18-08-2026 16:43:12","2418","Information","Microsoft-Windows-PushNotifications-Platform","A local notification was submitted to threadpool: Microsoft.Todos_8wekyb3d8bbwe!App [AppUserModelId] tile [NotificationType] 8127 [NotificationTrackingId] Local [NotificationSource]."
"18-08-2026 16:43:12","2416","Information","Microsoft-Windows-PushNotifications-Platform","A local notification was received from Microsoft.Todos_8wekyb3d8bbwe!App [AppUserModelId] with a 0 [NotificationId] through an application endpoint."
"18-08-2026 16:42:53","42","Information","Microsoft-Windows-PushNotifications-Platform","Cloud Notifications must be enabled in GP and MDM to receive push notifications. GroupPolicyValue: true, MDMPolicyValue: true."
"18-08-2026 16:36:02","1268","Verbose","Microsoft-Windows-PushNotifications-Platform","WNP Transport Layer received command: PNG, Trid: 10, Namespace: CON, CV: xwChefcwBESL6GZS.10.0 containing 126 bytes of payload only. However, full payload including header is: 0x504E4720313020434F4E003132360D0A4D532D43563A2078774368656663774245534C36475A532E31302E300D0A0D0A3C70696E672D726573706F6E73653E3C776169743E34383C2F776169743E3C636F6E6E656374696F6E2D7374617475733E436F6E6E65637465643C2F636F6E6E656374696F6E2D7374617475733E. IsLongRunning: Data Connection."
"18-08-2026 16:36:02","1225","Verbose","Microsoft-Windows-PushNotifications-Platform","WNP Transport Layer received command: PNG, Trid: 10, Namespace: CON, CV: xwChefcwBESL6GZS.10.0 containing 126 bytes of payload: 0x4D532D43563A2078774368656663774245534C36475A532E31302E300D0A0D0A3C70696E672D726573706F6E73653E3C776169743E34383C2F776169743E3C636F6E6E656374696F6E2D7374617475733E436F6E6E65637465643C2F636F6E6E656374696F6E2D7374617475733E3C2F70696E672D726573706F6E73653E. IsLongRunning: Data Connection."
"18-08-2026 16:36:02","1267","Verbose","Microsoft-Windows-PushNotifications-Platform","WNP Transport Layer sent command: PNG, Trid: 10, Namespace: CON, CV: xwChefcwBESL6GZS.10 containing 72 bytes of payload only. However, full payload including header is: 0x504E4720313020434F4E2035370D0A4D532D43563A2078774368656663774245534C36475A532E31300D0A436F6E746578743A20383361366339623666626437616339340D0A0D0A. IsLongRunning: Data Connection."
