"24-06-2026 15:17:04","400","Information","Microsoft-Windows-Kernel-PnP","Device USB\VID_046D&PID_C534&MI_01\7&b9331ce&0&0001 was configured.

Driver Name: input.inf
Driver Package ID: input.inf_amd64_5ef322c8291a38ce
Class GUID: {745a17a0-74d3-11d0-b6fe-00a0c90f57da}
Driver Date: 06/21/2006
Driver Version: 10.0.26100.8521
Driver Provider: Microsoft
Driver Section: HID_Inst.NT
Driver Rank: 0xFF3104
Matching Device ID: USB\Class_03&SubClass_01
Outranked Drivers: input.inf:USB\Class_03:00FF3205
Device Updated: false
Parent Device: USB\VID_046D&PID_C534\6&196302d4&0&3"
"24-06-2026 15:17:04","400","Information","Microsoft-Windows-Kernel-PnP","Device USB\VID_046D&PID_C534&MI_00\7&b9331ce&0&0000 was configured.

Driver Name: input.inf
Driver Package ID: input.inf_amd64_5ef322c8291a38ce
Class GUID: {745a17a0-74d3-11d0-b6fe-00a0c90f57da}
Driver Date: 06/21/2006
Driver Version: 10.0.26100.8521
Driver Provider: Microsoft
Driver Section: HID_Inst.NT
Driver Rank: 0xFF3104
Matching Device ID: USB\Class_03&SubClass_01
Outranked Drivers: input.inf:USB\Class_03:00FF3205
Device Updated: false
Parent Device: USB\VID_046D&PID_C534\6&196302d4&0&3"
"24-06-2026 15:17:04","410","Information","Microsoft-Windows-Kernel-PnP","Device USB\VID_046D&PID_C534\6&196302d4&0&3 was started.

Driver Name: usb.inf
Class GUID: {36fc9e60-c465-11cf-8056-444553540000}
Service: usbccgp
Lower Filters: 
Upper Filters: "
"24-06-2026 15:17:04","400","Information","Microsoft-Windows-Kernel-PnP","Device USB\VID_046D&PID_C534\6&196302d4&0&3 was configured.

Driver Name: usb.inf
Driver Package ID: usb.inf_amd64_a10c4ca0f120b7f5
Class GUID: {36fc9e60-c465-11cf-8056-444553540000}
Driver Date: 06/21/2006
Driver Version: 10.0.26100.8521
Driver Provider: Microsoft
Driver Section: Composite.Dev.NT
Driver Rank: 0xFF2006
Matching Device ID: USB\COMPOSITE
Outranked Drivers: 
Device Updated: false
Parent Device: USB\VID_1D5C&PID_5510\5&2dc84fba&0&1"
"24-06-2026 15:17:03","410","Information","Microsoft-Windows-Kernel-PnP","Device USB\VID_413C&PID_C010&MI_01\7&219a59ca&0&0001 was started.

Driver Name: winusb.inf
Class GUID: {88bae032-5a81-49f0-bc3d-a4ff138216d6}
Service: WINUSB
Lower Filters: 
Upper Filters: "
"24-06-2026 15:17:03","410","Information","Microsoft-Windows-Kernel-PnP","Device USB\VID_413C&PID_C010&MI_00\7&219a59ca&0&0000 was started.

Driver Name: winusb.inf
Class GUID: {88bae032-5a81-49f0-bc3d-a4ff138216d6}
Service: WINUSB
Lower Filters: 
Upper Filters: "
"24-06-2026 15:17:03","400","Information","Microsoft-Windows-Kernel-PnP","Device USB\VID_413C&PID_C010&MI_01\7&219a59ca&0&0001 was configured.

Driver Name: winusb.inf
Driver Package ID: winusb.inf_amd64_e3d2ed0c43a36b9a
Class GUID: {88bae032-5a81-49f0-bc3d-a4ff138216d6}
Driver Date: 06/21/2006
Driver Version: 10.0.26100.1150
Driver Provider: Microsoft
Driver Section: WINUSB.NT
Driver Rank: 0xFF2000
Matching Device ID: USB\MS_COMP_WINUSB
Outranked Drivers: 
Device Updated: false
Parent Device: USB\VID_413C&PID_C010\11AD1D0A92AE3E18402F0B00"
"24-06-2026 15:17:03","400","Information","Microsoft-Windows-Kernel-PnP","Device USB\VID_413C&PID_C010&MI_00\7&219a59ca&0&0000 was configured.

Driver Name: winusb.inf
Driver Package ID: winusb.inf_amd64_e3d2ed0c43a36b9a
Class GUID: {88bae032-5a81-49f0-bc3d-a4ff138216d6}
Driver Date: 06/21/2006
Driver Version: 10.0.26100.1150
Driver Provider: Microsoft
Driver Section: BILLBOARD.NT
Driver Rank: 0xFF2003
Matching Device ID: USB\Class_11&SubClass_00&Prot_00
Outranked Drivers: 
Device Updated: false
Parent Device: USB\VID_413C&PID_C010\11AD1D0A92AE3E18402F0B00"
"24-06-2026 15:17:03","410","Information","Microsoft-Windows-Kernel-PnP","Device USB\VID_413C&PID_C010\11AD1D0A92AE3E18402F0B00 was started.

Driver Name: usb.inf
Class GUID: {36fc9e60-c465-11cf-8056-444553540000}
Service: usbccgp
Lower Filters: 
Upper Filters: "
"24-06-2026 15:17:03","400","Information","Microsoft-Windows-Kernel-PnP","Device USB\VID_413C&PID_C010\11AD1D0A92AE3E18402F0B00 was configured.

Driver Name: usb.inf
Driver Package ID: usb.inf_amd64_a10c4ca0f120b7f5
Class GUID: {36fc9e60-c465-11cf-8056-444553540000}
Driver Date: 06/21/2006
Driver Version: 10.0.26100.8521
Driver Provider: Microsoft
Driver Section: Composite.Dev.NT
Driver Rank: 0xFF2006
Matching Device ID: USB\COMPOSITE
Outranked Drivers: 
Device Updated: false
Parent Device: USB\VID_1D5C&PID_5510\5&2dc84fba&0&1"
"24-06-2026 13:32:55","410","Information","Microsoft-Windows-Kernel-PnP","Device PCI\VEN_8086&DEV_7D1D&SUBSYS_0CE81028&REV_05\3&11583659&0&58 was started.

Driver Name: oem483.inf
Class GUID: {f01a9d53-3ff6-48d2-9f97-c8a7004be10c}
Service: npu
Lower Filters: 
Upper Filters: "
"24-06-2026 13:32:54","400","Information","Microsoft-Windows-Kernel-PnP","Device PCI\VEN_8086&DEV_7D1D&SUBSYS_0CE81028&REV_05\3&11583659&0&58 was configured.

Driver Name: oem529.inf
Driver Package ID: npu_extension.inf_amd64_4231a860fc138d5e
Class GUID: {e2f84ce7-8efa-411c-aa69-97454ca4cb57}
Driver Date: 03/19/2026
Driver Version: 32.0.100.4724
Driver Provider: Intel Corporation
Driver Section: NPU_7D1D_w11_Extension_Install
Driver Rank: 0xFF0001
Matching Device ID: PCI\VEN_8086&DEV_7D1D&SUBSYS_0CE81028
Outranked Drivers: 
Device Updated: true
Parent Device: ACPI\PNP0A08\0"
"24-06-2026 13:32:54","400","Information","Microsoft-Windows-Kernel-PnP","Device PCI\VEN_8086&DEV_7D1D&SUBSYS_0CE81028&REV_05\3&11583659&0&58 was configured.

Driver Name: oem439.inf
Driver Package ID: npu_extension.inf_amd64_94e59c10d33bc0d0
Class GUID: {e2f84ce7-8efa-411c-aa69-97454ca4cb57}
Driver Date: 02/06/2025
Driver Version: 32.0.100.3717
Driver Provider: Intel Corporation
Driver Section: NPU_7D1D_w11_Extension_Install
Driver Rank: 0xFF0001
Matching Device ID: PCI\VEN_8086&DEV_7D1D&SUBSYS_0CE81028
Outranked Drivers: 
Device Updated: true
Parent Device: ACPI\PNP0A08\0"
"24-06-2026 13:32:54","400","Information","Microsoft-Windows-Kernel-PnP","Device PCI\VEN_8086&DEV_7D1D&SUBSYS_0CE81028&REV_05\3&11583659&0&58 was configured.

Driver Name: oem483.inf
Driver Package ID: npu.inf_amd64_08aa998631b6cdd8
Class GUID: {f01a9d53-3ff6-48d2-9f97-c8a7004be10c}
Driver Date: 12/09/2025
Driver Version: 32.0.100.4512
Driver Provider: Intel Corporation
Driver Section: NPU2_7_w11_26100_DS
Driver Rank: 0xFF2001
Matching Device ID: PCI\VEN_8086&DEV_7D1D
Outranked Drivers: oem55.inf:PCI\VEN_8086&DEV_7D1D:00FF2001 oem108.inf:PCI\VEN_8086&DEV_7D1D:00FF2001 oem156.inf:PCI\VEN_8086&DEV_7D1D:00FF2001 oem392.inf:PCI\VEN_8086&DEV_7D1D:00FF2001
Device Updated: true
Parent Device: ACPI\PNP0A08\0"
"23-06-2026 08:59:52","410","Information","Microsoft-Windows-Kernel-PnP","Device SWD\ScDeviceEnum\4_Windows_Hello_for_Business_1 was started.

Driver Name: c_swdevice.inf
Class GUID: {62f9c741-b25a-46ce-b54c-9bccce08b6f2}
Service: 
Lower Filters: 
Upper Filters: "
"23-06-2026 08:59:52","400","Information","Microsoft-Windows-Kernel-PnP","Device SWD\ScDeviceEnum\4_Windows_Hello_for_Business_1 was configured.

Driver Name: c_swdevice.inf
Driver Package ID: c_swdevice.inf_amd64_845d51425d14f98b
Class GUID: {62f9c741-b25a-46ce-b54c-9bccce08b6f2}
Driver Date: 06/21/2006
Driver Version: 10.0.26100.1
Driver Provider: Microsoft
Driver Section: SoftwareDevice
Driver Rank: 0xFF3000
Matching Device ID: SWD\GenericRaw
Outranked Drivers: 
Device Updated: false
Parent Device: SWD\ScDeviceEnumBus\0"
"22-06-2026 08:51:40","410","Information","Microsoft-Windows-Kernel-PnP","Device SWD\MMDEVAPI\{0.0.0.00000000}.{0b8bdbe8-bfbb-41b3-b959-eb697b0ea1de} was started.

Driver Name: audioendpoint.inf
Class GUID: {c166523c-fe0c-4a94-a586-f1a80cfbbf3e}
Service: 
Lower Filters: 
Upper Filters: "
"22-06-2026 08:51:40","400","Information","Microsoft-Windows-Kernel-PnP","Device SWD\MMDEVAPI\{0.0.0.00000000}.{0b8bdbe8-bfbb-41b3-b959-eb697b0ea1de} was configured.

Driver Name: audioendpoint.inf
Driver Package ID: audioendpoint.inf_amd64_271c4d03bad18da8
Class GUID: {c166523c-fe0c-4a94-a586-f1a80cfbbf3e}
Driver Date: 03/31/2024
Driver Version: 10.0.26100.1
Driver Provider: Microsoft
Driver Section: NO_DRV
Driver Rank: 0xFF0000
Matching Device ID: MMDEVAPI\AudioEndpoints
Outranked Drivers: c_swdevice.inf:SWD\GenericRaw:00FF3001
Device Updated: false
Parent Device: HDAUDIO\SUBFUNC_01&VEN_8086&DEV_281D&NID_0001&SUBSYS_00000000&REV_1000\6&15d34dff&0&0002&00000025"
"22-06-2026 08:51:39","410","Information","Microsoft-Windows-Kernel-PnP","Device HID\VID_046D&PID_C538&MI_00\8&2cbebca7&0&0000 was started.

Driver Name: keyboard.inf
Class GUID: {4d36e96b-e325-11ce-bfc1-08002be10318}
Service: kbdhid
Lower Filters: 
Upper Filters: "
"22-06-2026 08:51:39","410","Information","Microsoft-Windows-Kernel-PnP","Device HID\VID_046D&PID_C538&MI_01&Col03\8&198ea069&0&0002 was started.

Driver Name: input.inf
Class GUID: {745a17a0-74d3-11d0-b6fe-00a0c90f57da}
Service: 
Lower Filters: 
Upper Filters: "
"22-06-2026 08:51:39","410","Information","Microsoft-Windows-Kernel-PnP","Device HID\VID_046D&PID_C538&MI_01&Col02\8&198ea069&0&0001 was started.

Driver Name: input.inf
Class GUID: {745a17a0-74d3-11d0-b6fe-00a0c90f57da}
Service: 
Lower Filters: 
Upper Filters: "
"22-06-2026 08:51:39","410","Information","Microsoft-Windows-Kernel-PnP","Device HID\VID_046D&PID_C538&MI_01&Col01\8&198ea069&0&0000 was started.

Driver Name: input.inf
Class GUID: {745a17a0-74d3-11d0-b6fe-00a0c90f57da}
Service: 
Lower Filters: 
Upper Filters: "
"22-06-2026 08:51:39","400","Information","Microsoft-Windows-Kernel-PnP","Device HID\VID_046D&PID_C538&MI_01&Col03\8&198ea069&0&0002 was configured.

Driver Name: input.inf
Driver Package ID: input.inf_amd64_5ef322c8291a38ce
Class GUID: {745a17a0-74d3-11d0-b6fe-00a0c90f57da}
Driver Date: 06/21/2006
Driver Version: 10.0.26100.8521
Driver Provider: Microsoft
Driver Section: HID_Raw_Inst.NT
Driver Rank: 0xFF1004
Matching Device ID: HID_DEVICE_UPR:FF00-FFFF
Outranked Drivers: input.inf:HID_DEVICE:00FF1005
Device Updated: false
Parent Device: USB\VID_046D&PID_C538&MI_01\7&be57b28&0&0001"
"22-06-2026 08:51:39","400","Information","Microsoft-Windows-Kernel-PnP","Device HID\VID_046D&PID_C538&MI_01&Col02\8&198ea069&0&0001 was configured.

Driver Name: input.inf
Driver Package ID: input.inf_amd64_5ef322c8291a38ce
Class GUID: {745a17a0-74d3-11d0-b6fe-00a0c90f57da}
Driver Date: 06/21/2006
Driver Version: 10.0.26100.8521
Driver Provider: Microsoft
Driver Section: HID_Raw_Inst.NT
Driver Rank: 0xFF1004
Matching Device ID: HID_DEVICE_UPR:FF00-FFFF
Outranked Drivers: input.inf:HID_DEVICE:00FF1005
Device Updated: false
Parent Device: USB\VID_046D&PID_C538&MI_01\7&be57b28&0&0001"
"22-06-2026 08:51:39","400","Information","Microsoft-Windows-Kernel-PnP","Device HID\VID_046D&PID_C538&MI_01&Col01\8&198ea069&0&0000 was configured.

Driver Name: input.inf
Driver Package ID: input.inf_amd64_5ef322c8291a38ce
Class GUID: {745a17a0-74d3-11d0-b6fe-00a0c90f57da}
Driver Date: 06/21/2006
Driver Version: 10.0.26100.8521
Driver Provider: Microsoft
Driver Section: HID_Raw_Inst.NT
Driver Rank: 0xFF1004
Matching Device ID: HID_DEVICE_UPR:FF00-FFFF
Outranked Drivers: input.inf:HID_DEVICE:00FF1005
Device Updated: false
Parent Device: USB\VID_046D&PID_C538&MI_01\7&be57b28&0&0001"
"22-06-2026 08:51:39","410","Information","Microsoft-Windows-Kernel-PnP","Device USB\VID_046D&PID_C538&MI_01\7&be57b28&0&0001 was started.

Driver Name: input.inf
Class GUID: {745a17a0-74d3-11d0-b6fe-00a0c90f57da}
Service: HidUsb
Lower Filters: 
Upper Filters: "
"22-06-2026 08:51:39","400","Information","Microsoft-Windows-Kernel-PnP","Device HID\VID_046D&PID_C538&MI_00\8&2cbebca7&0&0000 was configured.

Driver Name: keyboard.inf
Driver Package ID: keyboard.inf_amd64_b080cf0dd47fca65
Class GUID: {4d36e96b-e325-11ce-bfc1-08002be10318}
Driver Date: 06/21/2006
Driver Version: 10.0.26100.8521
Driver Provider: Microsoft
Driver Section: HID_Keyboard_Inst.NT
Driver Rank: 0xFF1003
Matching Device ID: HID_DEVICE_SYSTEM_KEYBOARD
Outranked Drivers: input.inf:HID_DEVICE:00FF1005
Device Updated: false
Parent Device: USB\VID_046D&PID_C538&MI_00\7&be57b28&0&0000"
"22-06-2026 08:51:39","410","Information","Microsoft-Windows-Kernel-PnP","Device USB\VID_046D&PID_C538&MI_00\7&be57b28&0&0000 was started.

Driver Name: input.inf
Class GUID: {745a17a0-74d3-11d0-b6fe-00a0c90f57da}
Service: HidUsb
Lower Filters: 
Upper Filters: "
"22-06-2026 08:51:39","400","Information","Microsoft-Windows-Kernel-PnP","Device USB\VID_046D&PID_C538&MI_01\7&be57b28&0&0001 was configured.

Driver Name: input.inf
Driver Package ID: input.inf_amd64_5ef322c8291a38ce
Class GUID: {745a17a0-74d3-11d0-b6fe-00a0c90f57da}
Driver Date: 06/21/2006
Driver Version: 10.0.26100.8521
Driver Provider: Microsoft
Driver Section: HID_Inst.NT
Driver Rank: 0xFF3205
Matching Device ID: USB\Class_03
Outranked Drivers: 
Device Updated: false
Parent Device: USB\VID_046D&PID_C538\6&196302d4&0&3"
"22-06-2026 08:51:39","400","Information","Microsoft-Windows-Kernel-PnP","Device USB\VID_046D&PID_C538&MI_00\7&be57b28&0&0000 was configured.

Driver Name: input.inf
Driver Package ID: input.inf_amd64_5ef322c8291a38ce
Class GUID: {745a17a0-74d3-11d0-b6fe-00a0c90f57da}
Driver Date: 06/21/2006
Driver Version: 10.0.26100.8521
Driver Provider: Microsoft
Driver Section: HID_Inst.NT
Driver Rank: 0xFF3205
Matching Device ID: USB\Class_03
Outranked Drivers: 
Device Updated: false
Parent Device: USB\VID_046D&PID_C538\6&196302d4&0&3"
"22-06-2026 08:51:39","410","Information","Microsoft-Windows-Kernel-PnP","Device USB\VID_046D&PID_C538\6&196302d4&0&3 was started.

Driver Name: usb.inf
Class GUID: {36fc9e60-c465-11cf-8056-444553540000}
Service: usbccgp
Lower Filters: 
Upper Filters: "
"22-06-2026 08:51:39","400","Information","Microsoft-Windows-Kernel-PnP","Device USB\VID_046D&PID_C538\6&196302d4&0&3 was configured.

Driver Name: usb.inf
Driver Package ID: usb.inf_amd64_a10c4ca0f120b7f5
Class GUID: {36fc9e60-c465-11cf-8056-444553540000}
Driver Date: 06/21/2006
Driver Version: 10.0.26100.8521
Driver Provider: Microsoft
Driver Section: Composite.Dev.NT
Driver Rank: 0xFF2006
Matching Device ID: USB\COMPOSITE
Outranked Drivers: 
Device Updated: false
Parent Device: USB\VID_1D5C&PID_5510\5&2dc84fba&0&1"
"22-06-2026 08:51:38","410","Information","Microsoft-Windows-Kernel-PnP","Device USB\VID_413C&PID_C010&MI_01\7&3b213aae&0&0001 was started.

Driver Name: winusb.inf
Class GUID: {88bae032-5a81-49f0-bc3d-a4ff138216d6}
Service: WINUSB
Lower Filters: 
Upper Filters: "
"22-06-2026 08:51:38","410","Information","Microsoft-Windows-Kernel-PnP","Device USB\VID_413C&PID_C010&MI_00\7&3b213aae&0&0000 was started.

Driver Name: winusb.inf
Class GUID: {88bae032-5a81-49f0-bc3d-a4ff138216d6}
Service: WINUSB
Lower Filters: 
Upper Filters: "
"22-06-2026 08:51:38","400","Information","Microsoft-Windows-Kernel-PnP","Device USB\VID_413C&PID_C010&MI_01\7&3b213aae&0&0001 was configured.

Driver Name: winusb.inf
Driver Package ID: winusb.inf_amd64_e3d2ed0c43a36b9a
Class GUID: {88bae032-5a81-49f0-bc3d-a4ff138216d6}
Driver Date: 06/21/2006
Driver Version: 10.0.26100.1150
Driver Provider: Microsoft
Driver Section: WINUSB.NT
Driver Rank: 0xFF2000
Matching Device ID: USB\MS_COMP_WINUSB
Outranked Drivers: 
Device Updated: false
Parent Device: USB\VID_413C&PID_C010\11AD1D0A92AE3E01290A0B00"
"22-06-2026 08:51:38","400","Information","Microsoft-Windows-Kernel-PnP","Device USB\VID_413C&PID_C010&MI_00\7&3b213aae&0&0000 was configured.

Driver Name: winusb.inf
Driver Package ID: winusb.inf_amd64_e3d2ed0c43a36b9a
Class GUID: {88bae032-5a81-49f0-bc3d-a4ff138216d6}
Driver Date: 06/21/2006
Driver Version: 10.0.26100.1150
Driver Provider: Microsoft
Driver Section: BILLBOARD.NT
Driver Rank: 0xFF2003
Matching Device ID: USB\Class_11&SubClass_00&Prot_00
Outranked Drivers: 
Device Updated: false
Parent Device: USB\VID_413C&PID_C010\11AD1D0A92AE3E01290A0B00"
"22-06-2026 08:51:38","410","Information","Microsoft-Windows-Kernel-PnP","Device USB\VID_413C&PID_C010\11AD1D0A92AE3E01290A0B00 was started.

Driver Name: usb.inf
Class GUID: {36fc9e60-c465-11cf-8056-444553540000}
Service: usbccgp
Lower Filters: 
Upper Filters: "
"22-06-2026 08:51:38","400","Information","Microsoft-Windows-Kernel-PnP","Device USB\VID_413C&PID_C010\11AD1D0A92AE3E01290A0B00 was configured.

Driver Name: usb.inf
Driver Package ID: usb.inf_amd64_a10c4ca0f120b7f5
Class GUID: {36fc9e60-c465-11cf-8056-444553540000}
Driver Date: 06/21/2006
Driver Version: 10.0.26100.8521
Driver Provider: Microsoft
Driver Section: Composite.Dev.NT
Driver Rank: 0xFF2006
Matching Device ID: USB\COMPOSITE
Outranked Drivers: 
Device Updated: false
Parent Device: USB\VID_1D5C&PID_5510\5&2dc84fba&0&1"
"22-06-2026 08:51:38","410","Information","Microsoft-Windows-Kernel-PnP","Device DISPLAY\TSB2345\4&20b8d095&0&UID8263 was started.

Driver Name: monitor.inf
Class GUID: {4d36e96e-e325-11ce-bfc1-08002be10318}
Service: monitor
Lower Filters: 
Upper Filters: "
"22-06-2026 08:51:37","400","Information","Microsoft-Windows-Kernel-PnP","Device DISPLAY\TSB2345\4&20b8d095&0&UID8263 was configured.

Driver Name: monitor.inf
Driver Package ID: monitor.inf_amd64_5ec6500792d2b4b4
Class GUID: {4d36e96e-e325-11ce-bfc1-08002be10318}
Driver Date: 06/21/2006
Driver Version: 10.0.26100.8521
Driver Provider: Microsoft
Driver Section: PnPMonitor.Install
Driver Rank: 0xFF2000
Matching Device ID: *PNP09FF
Outranked Drivers: 
Device Updated: false
Parent Device: PCI\VEN_8086&DEV_7D41&SUBSYS_0CE81028&REV_00\3&11583659&0&10"
"22-06-2026 08:45:30","410","Information","Microsoft-Windows-Kernel-PnP","Device SWD\MMDEVAPI\{0.0.1.00000000}.{a876e368-4cfb-440b-a9b1-ce5addb4ccb4} was started.

Driver Name: audioendpoint.inf
Class GUID: {c166523c-fe0c-4a94-a586-f1a80cfbbf3e}
Service: 
Lower Filters: 
Upper Filters: "
"22-06-2026 08:45:30","410","Information","Microsoft-Windows-Kernel-PnP","Device SWD\MMDEVAPI\{0.0.0.00000000}.{3ca696a4-bc21-463a-8694-b304e86c6ed3} was started.

Driver Name: audioendpoint.inf
Class GUID: {c166523c-fe0c-4a94-a586-f1a80cfbbf3e}
Service: 
Lower Filters: 
Upper Filters: "
"22-06-2026 08:45:30","400","Information","Microsoft-Windows-Kernel-PnP","Device SWD\MMDEVAPI\{0.0.1.00000000}.{a876e368-4cfb-440b-a9b1-ce5addb4ccb4} was configured.

Driver Name: audioendpoint.inf
Driver Package ID: audioendpoint.inf_amd64_271c4d03bad18da8
Class GUID: {c166523c-fe0c-4a94-a586-f1a80cfbbf3e}
Driver Date: 03/31/2024
Driver Version: 10.0.26100.1
Driver Provider: Microsoft
Driver Section: NO_DRV
Driver Rank: 0xFF0000
Matching Device ID: MMDEVAPI\AudioEndpoints
Outranked Drivers: c_swdevice.inf:SWD\GenericRaw:00FF3001
Device Updated: false
Parent Device: USB\VID_047F&PID_C058&MI_00\6&ba27757&0&0000"
"22-06-2026 08:45:30","400","Information","Microsoft-Windows-Kernel-PnP","Device SWD\MMDEVAPI\{0.0.0.00000000}.{3ca696a4-bc21-463a-8694-b304e86c6ed3} was configured.

Driver Name: audioendpoint.inf
Driver Package ID: audioendpoint.inf_amd64_271c4d03bad18da8
Class GUID: {c166523c-fe0c-4a94-a586-f1a80cfbbf3e}
Driver Date: 03/31/2024
Driver Version: 10.0.26100.1
Driver Provider: Microsoft
Driver Section: NO_DRV
Driver Rank: 0xFF0000
Matching Device ID: MMDEVAPI\AudioEndpoints
Outranked Drivers: c_swdevice.inf:SWD\GenericRaw:00FF3001
Device Updated: false
Parent Device: USB\VID_047F&PID_C058&MI_00\6&ba27757&0&0000"
"20-06-2026 05:22:59","410","Information","Microsoft-Windows-Kernel-PnP","Device SWD\MMDEVAPI\{0.0.0.00000000}.{462b4d51-396d-45b0-ae15-5b0bc58f4fb9} was started.

Driver Name: audioendpoint.inf
Class GUID: {c166523c-fe0c-4a94-a586-f1a80cfbbf3e}
Service: 
Lower Filters: 
Upper Filters: "
"20-06-2026 05:22:59","400","Information","Microsoft-Windows-Kernel-PnP","Device SWD\MMDEVAPI\{0.0.0.00000000}.{462b4d51-396d-45b0-ae15-5b0bc58f4fb9} was configured.

Driver Name: audioendpoint.inf
Driver Package ID: audioendpoint.inf_amd64_271c4d03bad18da8
Class GUID: {c166523c-fe0c-4a94-a586-f1a80cfbbf3e}
Driver Date: 03/31/2024
Driver Version: 10.0.26100.1
Driver Provider: Microsoft
Driver Section: NO_DRV
Driver Rank: 0xFF0000
Matching Device ID: MMDEVAPI\AudioEndpoints
Outranked Drivers: c_swdevice.inf:SWD\GenericRaw:00FF3001
Device Updated: false
Parent Device: USB\VID_047F&PID_C058&MI_00\6&ba27757&0&0000"
"20-06-2026 05:22:59","420","Information","Microsoft-Windows-Kernel-PnP","Device SWD\MMDEVAPI\{0.0.0.00000000}.{A7E3229C-A2F4-45DA-BA8B-EAFB9526B00D} was deleted.

Class GUID: {c166523c-fe0c-4a94-a586-f1a80cfbbf3e}"
"20-06-2026 05:22:59","410","Information","Microsoft-Windows-Kernel-PnP","Device SWD\MMDEVAPI\{0.0.1.00000000}.{3412e711-8786-449d-9d5b-f1e0ec48fdbd} was started.

Driver Name: audioendpoint.inf
Class GUID: {c166523c-fe0c-4a94-a586-f1a80cfbbf3e}
Service: 
Lower Filters: 
Upper Filters: "
"20-06-2026 05:22:59","400","Information","Microsoft-Windows-Kernel-PnP","Device SWD\MMDEVAPI\{0.0.1.00000000}.{3412e711-8786-449d-9d5b-f1e0ec48fdbd} was configured.

Driver Name: audioendpoint.inf
Driver Package ID: audioendpoint.inf_amd64_271c4d03bad18da8
Class GUID: {c166523c-fe0c-4a94-a586-f1a80cfbbf3e}
Driver Date: 03/31/2024
Driver Version: 10.0.26100.1
Driver Provider: Microsoft
Driver Section: NO_DRV
Driver Rank: 0xFF0000
Matching Device ID: MMDEVAPI\AudioEndpoints
Outranked Drivers: c_swdevice.inf:SWD\GenericRaw:00FF3001
Device Updated: false
Parent Device: USB\VID_047F&PID_C058&MI_00\6&ba27757&0&0000"
"20-06-2026 05:22:59","420","Information","Microsoft-Windows-Kernel-PnP","Device SWD\MMDEVAPI\{0.0.1.00000000}.{A0CA9B06-7C8B-4C05-8296-355E5A3C8095} was deleted.

Class GUID: {c166523c-fe0c-4a94-a586-f1a80cfbbf3e}"
"19-06-2026 09:40:07","410","Information","Microsoft-Windows-Kernel-PnP","Device USB\VID_0424&PID_2840\6&8542bea&0&6 was started.

Driver Name: winusb.inf
Class GUID: {88bae032-5a81-49f0-bc3d-a4ff138216d6}
Service: WINUSB
Lower Filters: 
Upper Filters: "
"19-06-2026 09:40:07","400","Information","Microsoft-Windows-Kernel-PnP","Device USB\VID_0424&PID_2840\6&8542bea&0&6 was configured.

Driver Name: winusb.inf
Driver Package ID: winusb.inf_amd64_e3d2ed0c43a36b9a
Class GUID: {88bae032-5a81-49f0-bc3d-a4ff138216d6}
Driver Date: 06/21/2006
Driver Version: 10.0.26100.1150
Driver Provider: Microsoft
Driver Section: BILLBOARD.NT
Driver Rank: 0xFF2000
Matching Device ID: USB\Class_11&SubClass_00&Prot_00
Outranked Drivers: 
Device Updated: false
Parent Device: USB\VID_0424&PID_2806\5&2dc84fba&0&1"
"19-06-2026 09:00:32","410","Information","Microsoft-Windows-Kernel-PnP","Device SWD\ScDeviceEnum\3_Windows_Hello_for_Business_1 was started.

Driver Name: c_swdevice.inf
Class GUID: {62f9c741-b25a-46ce-b54c-9bccce08b6f2}
Service: 
Lower Filters: 
Upper Filters: "
"19-06-2026 09:00:32","400","Information","Microsoft-Windows-Kernel-PnP","Device SWD\ScDeviceEnum\3_Windows_Hello_for_Business_1 was configured.

Driver Name: c_swdevice.inf
Driver Package ID: c_swdevice.inf_amd64_845d51425d14f98b
Class GUID: {62f9c741-b25a-46ce-b54c-9bccce08b6f2}
Driver Date: 06/21/2006
Driver Version: 10.0.26100.1
Driver Provider: Microsoft
Driver Section: SoftwareDevice
Driver Rank: 0xFF3000
Matching Device ID: SWD\GenericRaw
Outranked Drivers: 
Device Updated: false
Parent Device: SWD\ScDeviceEnumBus\0"
"18-06-2026 09:22:46","410","Information","Microsoft-Windows-Kernel-PnP","Device SWD\DRIVERENUM\{96bedf2c-18cb-4a15-b821-5e95ed0fea61}#VocaEffectPack&1&2382dedd&0 was started.

Driver Name: oem528.inf
Class GUID: {5989fce8-9cd0-467d-8a6a-5419e31529d4}
Service: 
Lower Filters: 
Upper Filters: "
"18-06-2026 09:22:46","400","Information","Microsoft-Windows-Kernel-PnP","Device SWD\DRIVERENUM\{96bedf2c-18cb-4a15-b821-5e95ed0fea61}#VocaEffectPack&1&2382dedd&0 was configured.

Driver Name: oem528.inf
Driver Package ID: voiceclarityep_audio_component.inf_amd64_5a6ea83e80379bce
Class GUID: {5989fce8-9cd0-467d-8a6a-5419e31529d4}
Driver Date: 05/04/2026
Driver Version: 1.0.3.56670
Driver Provider: Microsoft Corporation
Driver Section: MSVoiceClarityComponentAPO_Install.NTamd64
Driver Rank: 0xFF0000
Matching Device ID: SWC\VEN_MSFT&AUDIO_EFFECTPACK_VOICECLARITY
Outranked Drivers: oem212.inf:SWC\VEN_MSFT&AUDIO_EFFECTPACK_VOICECLARITY:00FF0000 oem217.inf:SWC\VEN_MSFT&AUDIO_EFFECTPACK_VOICECLARITY:00FF0000 c_swcomponent.inf:SWC\Generic:00FF3000 c_swdevice.inf:SWD\GenericRaw:00FF3001
Device Updated: true
Parent Device: SWD\COMPUTER\MFG_Dell_Inc.&FAM_Dell_Pro_Laptops&PROD_Dell_Pro_14_Plus_PB14250&SKU_0CE8"
"17-06-2026 19:13:36","410","Information","Microsoft-Windows-Kernel-PnP","Device SWD\MMDEVAPI\{0.0.1.00000000}.{09dfa0d1-cc45-493b-929e-f589428755cb} was started.

Driver Name: audioendpoint.inf
Class GUID: {c166523c-fe0c-4a94-a586-f1a80cfbbf3e}
Service: 
Lower Filters: 
Upper Filters: "
"17-06-2026 19:13:36","400","Information","Microsoft-Windows-Kernel-PnP","Device SWD\MMDEVAPI\{0.0.1.00000000}.{09dfa0d1-cc45-493b-929e-f589428755cb} was configured.

Driver Name: audioendpoint.inf
Driver Package ID: audioendpoint.inf_amd64_271c4d03bad18da8
Class GUID: {c166523c-fe0c-4a94-a586-f1a80cfbbf3e}
Driver Date: 03/31/2024
Driver Version: 10.0.26100.1
Driver Provider: Microsoft
Driver Section: NO_DRV
Driver Rank: 0xFF0000
Matching Device ID: MMDEVAPI\AudioEndpoints
Outranked Drivers: c_swdevice.inf:SWD\GenericRaw:00FF3001
Device Updated: false
Parent Device: SOUNDWIRE\SDCA_06&MAN_01FA&FUNC_4243&TYPE_03&VER_01&ADR_02&LID_00&UID_00&SUBSYS_0CE81028&DynamicEnumMicrophone0\8&b76481&0&00000400"
"17-06-2026 19:13:36","420","Information","Microsoft-Windows-Kernel-PnP","Device SWD\MMDEVAPI\{0.0.1.00000000}.{633E2946-DF1B-4754-80BF-DDD69F48C096} was deleted.

Class GUID: {c166523c-fe0c-4a94-a586-f1a80cfbbf3e}"
"17-06-2026 19:13:35","410","Information","Microsoft-Windows-Kernel-PnP","Device ROOT\KDNIC\0000 was started.

Driver Name: kdnic.inf
Class GUID: {4d36e972-e325-11ce-bfc1-08002be10318}
Service: kdnic
Lower Filters: 
Upper Filters: "
"17-06-2026 19:13:33","411","Error","Microsoft-Windows-Kernel-PnP","Device HID\Vid_8087&Pid_0AC2\7&1b7be250&0&0000 had a problem starting.

Driver Name: sensorshidclassdriver.inf
Class GUID: {5175d334-c371-4806-b3ba-71fd53c9258d}
Service: WUDFRd
Lower Filters: 
Upper Filters: 
Problem: 0x25
Problem Status: 0xC0000034"
"17-06-2026 19:13:33","400","Information","Microsoft-Windows-Kernel-PnP","Device HID\Vid_8087&Pid_0AC2\7&1b7be250&0&0000 was configured.

Driver Name: sensorshidclassdriver.inf
Driver Package ID: sensorshidclassdriver.inf_amd64_5add00e9b9a2146b
Class GUID: {5175d334-c371-4806-b3ba-71fd53c9258d}
Driver Date: 04/21/2009
Driver Version: 10.0.26100.8521
Driver Provider: Microsoft
Driver Section: SensorsHIDClassDriver_Install.NT
Driver Rank: 0xFF0002
Matching Device ID: HID_DEVICE_UP:0020_U:0001
Outranked Drivers: input.inf:HID_DEVICE:00FF1003
Device Updated: true
Parent Device: {DEA5AE2A-D1FD-438A-A091-CBD484788436}\Vid_8087&Pid_0AC2\6&1c25c748&0&00"
"17-06-2026 19:13:32","400","Information","Microsoft-Windows-Kernel-PnP","Device ROOT\KDNIC\0000 was configured.

Driver Name: kdnic.inf
Driver Package ID: kdnic.inf_amd64_48e1ded899766877
Class GUID: {4d36e972-e325-11ce-bfc1-08002be10318}
Driver Date: 06/21/2006
Driver Version: 10.0.26100.8521
Driver Provider: Microsoft
Driver Section: KdNic.ndi
Driver Rank: 0xFF0000
Matching Device ID: root\kdnic
Outranked Drivers: 
Device Updated: true
Parent Device: HTREE\ROOT\0"
"17-06-2026 19:13:29","410","Information","Microsoft-Windows-Kernel-PnP","Device USB4\ROOT_DEVICE_ROUTER&VID_8086&PID_7EC3\4&2b9867fe&0&0 was started.

Driver Name: usb4devicerouter.inf
Class GUID: {36fc9e60-c465-11cf-8056-444553540000}
Service: Usb4DeviceRouter
Lower Filters: 
Upper Filters: "
"17-06-2026 19:13:28","400","Information","Microsoft-Windows-Kernel-PnP","Device USB4\ROOT_DEVICE_ROUTER&VID_8086&PID_7EC3\4&2b9867fe&0&0 was configured.

Driver Name: usb4devicerouter.inf
Driver Package ID: usb4devicerouter.inf_amd64_15dff54fb90cc475
Class GUID: {36fc9e60-c465-11cf-8056-444553540000}
Driver Date: 05/16/2026
Driver Version: 10.0.26100.8521
Driver Provider: Microsoft
Driver Section: Usb4DeviceRouter_Device.NT
Driver Rank: 0xFF2000
Matching Device ID: USB4\ROOT_DEVICE_ROUTER
Outranked Drivers: usb4devicerouter.inf:USB4\DEVICE_ROUTER:00FF2001
Device Updated: true
Parent Device: PCI\VEN_8086&DEV_7EC3&SUBSYS_0CE81028&REV_10&USB4_MS_CM\3&11583659&0&6B"
"17-06-2026 19:13:28","410","Information","Microsoft-Windows-Kernel-PnP","Device PCI\VEN_8086&DEV_7EC3&SUBSYS_0CE81028&REV_10&USB4_MS_CM\3&11583659&0&6B was started.

Driver Name: usb4hostrouter.inf
Class GUID: {36fc9e60-c465-11cf-8056-444553540000}
Service: Usb4HostRouter
Lower Filters: 
Upper Filters: "
"17-06-2026 19:13:28","410","Information","Microsoft-Windows-Kernel-PnP","Device ROOT\BasicRender\0000 was started.

Driver Name: basicrender.inf
Class GUID: {4d36e97d-e325-11ce-bfc1-08002be10318}
Service: BasicRender
Lower Filters: 
Upper Filters: "
"17-06-2026 19:13:28","410","Information","Microsoft-Windows-Kernel-PnP","Device ACPI_HAL\UEFI\0 was started.

Driver Name: uefi.inf
Class GUID: {4d36e97d-e325-11ce-bfc1-08002be10318}
Service: UEFI
Lower Filters: 
Upper Filters: "
"17-06-2026 19:13:28","410","Information","Microsoft-Windows-Kernel-PnP","Device ROOT\BasicDisplay\0000 was started.

Driver Name: basicdisplay.inf
Class GUID: {4d36e97d-e325-11ce-bfc1-08002be10318}
Service: BasicDisplay
Lower Filters: 
Upper Filters: "
"17-06-2026 19:13:23","400","Information","Microsoft-Windows-Kernel-PnP","Device PCI\VEN_8086&DEV_7EC3&SUBSYS_0CE81028&REV_10&USB4_MS_CM\3&11583659&0&6B was configured.

Driver Name: usb4hostrouter.inf
Driver Package ID: usb4hostrouter.inf_amd64_594d55940f637a67
Class GUID: {36fc9e60-c465-11cf-8056-444553540000}
Driver Date: 05/16/2026
Driver Version: 10.0.26100.8521
Driver Provider: Microsoft
Driver Section: Usb4HostRouter_Device.NT
Driver Rank: 0xFF0000
Matching Device ID: PCI\USB4_MS_CM
Outranked Drivers: 
Device Updated: true
Parent Device: ACPI\PNP0A08\0"
"17-06-2026 19:13:22","410","Information","Microsoft-Windows-Kernel-PnP","Device SWD\COMPUTER\MFG_Dell_Inc.&FAM_Dell_Pro_Laptops&PROD_Dell_Pro_14_Plus_PB14250&SKU_0CE8 was started.

Driver Name: compdev.inf
Class GUID: {4d36e966-e325-11ce-bfc1-08002be10318}
Service: 
Lower Filters: 
Upper Filters: "
"17-06-2026 19:13:22","400","Information","Microsoft-Windows-Kernel-PnP","Device SWD\COMPUTER\MFG_Dell_Inc.&FAM_Dell_Pro_Laptops&PROD_Dell_Pro_14_Plus_PB14250&SKU_0CE8 was configured.

Driver Name: VocaEffectPack-Extension.inf
Driver Package ID: vocaeffectpack-extension.inf_amd64_f5c05f211f36176c
Class GUID: {e2f84ce7-8efa-411c-aa69-97454ca4cb57}
Driver Date: 06/21/2006
Driver Version: 10.0.26100.8524
Driver Provider: Microsoft
Driver Section: VocaExtension_Install
Driver Rank: 0xFF2000
Matching Device ID: COMPUTER\Generic
Outranked Drivers: 
Device Updated: true
Parent Device: HTREE\ROOT\0"
"17-06-2026 19:13:22","400","Information","Microsoft-Windows-Kernel-PnP","Device SWD\COMPUTER\MFG_Dell_Inc.&FAM_Dell_Pro_Laptops&PROD_Dell_Pro_14_Plus_PB14250&SKU_0CE8 was configured.

Driver Name: compdev.inf
Driver Package ID: compdev.inf_amd64_bea70980d0aa2315
Class GUID: {4d36e966-e325-11ce-bfc1-08002be10318}
Driver Date: 06/21/2006
Driver Version: 10.0.26100.1
Driver Provider: Microsoft
Driver Section: CompDev_Install
Driver Rank: 0x2000
Matching Device ID: COMPUTER\Generic
Outranked Drivers: 
Device Updated: true
Parent Device: HTREE\ROOT\0"
"17-06-2026 19:13:22","400","Information","Microsoft-Windows-Kernel-PnP","Device ACPI_HAL\UEFI\0 was configured.

Driver Name: uefi.inf
Driver Package ID: uefi.inf_amd64_778c5456cc4d14ac
Class GUID: {4d36e97d-e325-11ce-bfc1-08002be10318}
Driver Date: 06/21/2006
Driver Version: 10.0.26100.8521
Driver Provider: Microsoft
Driver Section: UEFI_Inst.NT
Driver Rank: 0xFF0000
Matching Device ID: ACPI_HAL\UEFI
Outranked Drivers: 
Device Updated: true
Parent Device: ROOT\ACPI_HAL\0000"
"17-06-2026 18:20:40","410","Information","Microsoft-Windows-Kernel-PnP","Device SWD\MMDEVAPI\{0.0.0.00000000}.{c78b6291-923b-4734-b0e3-cb3790d7950e} was started.

Driver Name: audioendpoint.inf
Class GUID: {c166523c-fe0c-4a94-a586-f1a80cfbbf3e}
Service: 
Lower Filters: 
Upper Filters: "
"17-06-2026 18:20:40","400","Information","Microsoft-Windows-Kernel-PnP","Device SWD\MMDEVAPI\{0.0.0.00000000}.{c78b6291-923b-4734-b0e3-cb3790d7950e} was configured.

Driver Name: audioendpoint.inf
Driver Package ID: audioendpoint.inf_amd64_271c4d03bad18da8
Class GUID: {c166523c-fe0c-4a94-a586-f1a80cfbbf3e}
Driver Date: 03/31/2024
Driver Version: 10.0.26100.1
Driver Provider: Microsoft
Driver Section: NO_DRV
Driver Rank: 0xFF0000
Matching Device ID: MMDEVAPI\AudioEndpoints
Outranked Drivers: c_swdevice.inf:SWD\GenericRaw:00FF3001
Device Updated: false
Parent Device: HDAUDIO\SUBFUNC_01&VEN_8086&DEV_281D&NID_0001&SUBSYS_00000000&REV_1000\6&15d34dff&0&0002&00000029"
"17-06-2026 18:20:40","410","Information","Microsoft-Windows-Kernel-PnP","Device HDAUDIO\SUBFUNC_01&VEN_8086&DEV_281D&NID_0001&SUBSYS_00000000&REV_1000\6&15d34dff&0&0002&00000029 was started.

Driver Name: oem346.inf
Class GUID: {4d36e96c-e325-11ce-bfc1-08002be10318}
Service: 
Lower Filters: 
Upper Filters: "
"17-06-2026 18:20:40","400","Information","Microsoft-Windows-Kernel-PnP","Device HDAUDIO\SUBFUNC_01&VEN_8086&DEV_281D&NID_0001&SUBSYS_00000000&REV_1000\6&15d34dff&0&0002&00000029 was configured.

Driver Name: oem346.inf
Driver Package ID: mshdadac.inf_amd64_a75c1fc7e527ee75
Class GUID: {4d36e96c-e325-11ce-bfc1-08002be10318}
Driver Date: 04/16/2026
Driver Version: 32.0.101.8724
Driver Provider: Intel Corporation
Driver Section: Audio_Child_Device_Wrapper.NT
Driver Rank: 0xFF3008
Matching Device ID: HDAUDIO\SUBFUNC_01&VEN_8086&DEV_281D
Outranked Drivers: oem484.inf:HDAUDIO\SUBFUNC_01&VEN_8086&DEV_281D:00FF3008
Device Updated: false
Parent Device: INTELAUDIO\SGPC_FUNC_01&VEN_8086&DEV_281D&SUBSYS_80860101&REV_1000\5&32640736&1&0201DIF_000B&UIF_0000"
"17-06-2026 16:44:45","410","Information","Microsoft-Windows-Kernel-PnP","Device SWD\MMDEVAPI\{0.0.0.00000000}.{987c4194-3282-4af6-8fd6-883392922465} was started.

Driver Name: audioendpoint.inf
Class GUID: {c166523c-fe0c-4a94-a586-f1a80cfbbf3e}
Service: 
Lower Filters: 
Upper Filters: "
"17-06-2026 16:44:44","400","Information","Microsoft-Windows-Kernel-PnP","Device SWD\MMDEVAPI\{0.0.0.00000000}.{987c4194-3282-4af6-8fd6-883392922465} was configured.

Driver Name: audioendpoint.inf
Driver Package ID: audioendpoint.inf_amd64_271c4d03bad18da8
Class GUID: {c166523c-fe0c-4a94-a586-f1a80cfbbf3e}
Driver Date: 03/31/2024
Driver Version: 10.0.26100.1
Driver Provider: Microsoft
Driver Section: NO_DRV
Driver Rank: 0xFF0000
Matching Device ID: MMDEVAPI\AudioEndpoints
Outranked Drivers: c_swdevice.inf:SWD\GenericRaw:00FF3001
Device Updated: false
Parent Device: SOUNDWIRE\SDCA_06&MAN_01FA&FUNC_4243&TYPE_06&VER_01&ADR_03&LID_00&UID_00&SUBSYS_0CE81028&DynamicEnumSpeaker0\8&b098aae&0&00001300"
"17-06-2026 16:44:42","410","Information","Microsoft-Windows-Kernel-PnP","Device {F67B0BEA-BDB7-47D3-9131-75877CDE0ED4}\Streaming_Headphones&CP_{a91aefc4-6a26-11f1-a27a-54582d32ed0c}\6&c603bdd&0 was started.

Driver Name: oem43.inf
Class GUID: {4d36e96c-e325-11ce-bfc1-08002be10318}
Service: 
Lower Filters: 
Upper Filters: "
"17-06-2026 16:44:42","400","Information","Microsoft-Windows-Kernel-PnP","Device {F67B0BEA-BDB7-47D3-9131-75877CDE0ED4}\Streaming_Headphones&CP_{a91aefc4-6a26-11f1-a27a-54582d32ed0c}\6&c603bdd&0 was configured.

Driver Name: oem43.inf
Driver Package ID: intcstreaming.inf_amd64_3bbf9e64932d4b89
Class GUID: {4d36e96c-e325-11ce-bfc1-08002be10318}
Driver Date: 03/30/2026
Driver Version: 20.40.12690.2
Driver Provider: Intel(R) Corporation
Driver Section: Audio_Child_Device.NT
Driver Rank: 0xFF0001
Matching Device ID: {F67B0BEA-BDB7-47D3-9131-75877CDE0ED4}\Streaming_Headphones
Outranked Drivers: 
Device Updated: false
Parent Device: INTELAUDIO\DIF_0001&UIF_0001&CTLR_DEV_7728&LINKTYPE_05&DEVTYPE_05&VEN_8086&DEV_AE35&SUBSYS_0CE81028&REV_0001\5&32640736&1&0500DIF_000B&UIF_0001"
"17-06-2026 16:44:42","430","Information","Microsoft-Windows-Kernel-PnP","Device {F67B0BEA-BDB7-47D3-9131-75877CDE0ED4}\Streaming_Headphones&CP_{a91aefc4-6a26-11f1-a27a-54582d32ed0c}\6&c603bdd&0 requires further installation."
"17-06-2026 16:44:42","410","Information","Microsoft-Windows-Kernel-PnP","Device SWD\DRIVERENUM\{dc0701e7-e54b-442a-b70c-ef640f28c5de}#EnhanceAPO&9&200d8058&0 was started.

Driver Name: oem174.inf
Class GUID: {5989fce8-9cd0-467d-8a6a-5419e31529d4}
Service: 
Lower Filters: 
Upper Filters: "
"17-06-2026 16:44:42","410","Information","Microsoft-Windows-Kernel-PnP","Device SWD\DRIVERENUM\{b40146ed-d625-48cd-8dcb-36441ab5a116}#clabpsrv&9&200d8058&0 was started.

Driver Name: oem443.inf
Class GUID: {5c4c3332-344d-483c-8739-259e934c9cc8}
Service: 
Lower Filters: 
Upper Filters: "
"17-06-2026 16:44:42","400","Information","Microsoft-Windows-Kernel-PnP","Device SWD\DRIVERENUM\{dc0701e7-e54b-442a-b70c-ef640f28c5de}#EnhanceAPO&9&200d8058&0 was configured.

Driver Name: oem174.inf
Driver Package ID: cl01002_apo.inf_amd64_e619acf00d98d76a
Class GUID: {5989fce8-9cd0-467d-8a6a-5419e31529d4}
Driver Date: 12/17/2024
Driver Version: 1.13.6.313
Driver Provider: Cirrus Logic, Inc.
Driver Section: APOComponent_Install
Driver Rank: 0xFF0000
Matching Device ID: SWC\VEN_CRUS&ENH_APO
Outranked Drivers: c_swcomponent.inf:SWC\Generic:00FF3000 c_swdevice.inf:SWD\GenericRaw:00FF3001
Device Updated: false
Parent Device: SOUNDWIRE\SDCA_06&MAN_01FA&FUNC_4243&TYPE_06&VER_01&ADR_03&LID_00&UID_00&SUBSYS_0CE81028&DynamicEnumSpeaker0\8&b098aae&0&00001300"
"17-06-2026 16:44:42","400","Information","Microsoft-Windows-Kernel-PnP","Device SWD\DRIVERENUM\{b40146ed-d625-48cd-8dcb-36441ab5a116}#clabpsrv&9&200d8058&0 was configured.

Driver Name: oem443.inf
Driver Package ID: clabpsvc_x64.inf_amd64_a85e7c8fcd024a39
Class GUID: {5c4c3332-344d-483c-8739-259e934c9cc8}
Driver Date: 02/11/2026
Driver Version: 2026.4.0.0
Driver Provider: Cirrus Logic, Inc.
Driver Section: CLABPInstall_amd64
Driver Rank: 0xFF0000
Matching Device ID: SWC\VEN_CRUS&DEV_CLABP
Outranked Drivers: c_swcomponent.inf:SWC\Generic:00FF3000 c_swdevice.inf:SWD\GenericRaw:00FF3001
Device Updated: false
Parent Device: SOUNDWIRE\SDCA_06&MAN_01FA&FUNC_4243&TYPE_06&VER_01&ADR_03&LID_00&UID_00&SUBSYS_0CE81028&DynamicEnumSpeaker0\8&b098aae&0&00001300"
"17-06-2026 16:44:42","410","Information","Microsoft-Windows-Kernel-PnP","Device SOUNDWIRE\SDCA_06&MAN_01FA&FUNC_4243&TYPE_06&VER_01&ADR_03&LID_00&UID_00&SUBSYS_0CE81028&DynamicEnumSpeaker0\8&b098aae&0&00001300 was started.

Driver Name: oem66.inf
Class GUID: {4d36e96c-e325-11ce-bfc1-08002be10318}
Service: 
Lower Filters: 
Upper Filters: "
"17-06-2026 16:44:42","400","Information","Microsoft-Windows-Kernel-PnP","Device SOUNDWIRE\SDCA_06&MAN_01FA&FUNC_4243&TYPE_06&VER_01&ADR_03&LID_00&UID_00&SUBSYS_0CE81028&DynamicEnumSpeaker0\8&b098aae&0&00001300 was configured.

Driver Name: oem139.inf
Driver Package ID: xucsme.inf_amd64_2fc0303188b44c4c
Class GUID: {e2f84ce7-8efa-411c-aa69-97454ca4cb57}
Driver Date: 04/06/2026
Driver Version: 1.0.709.49429
Driver Provider: Cirrus Logic, Inc.
Driver Section: Endpoint.NT
Driver Rank: 0xFF0002
Matching Device ID: SOUNDWIRE\SDCA_06&MAN_01FA&FUNC_4243&TYPE_06&VER_01&ADR_03&DynamicEnumSpeaker0
Outranked Drivers: 
Device Updated: false
Parent Device: SOUNDWIRE\SDCA_06&MAN_01FA&FUNC_4243&TYPE_06&VER_01&ADR_03&LID_00&UID_00&SUBSYS_0CE81028\7&2796ba65&0&0000000000000003"
"17-06-2026 16:44:42","400","Information","Microsoft-Windows-Kernel-PnP","Device SOUNDWIRE\SDCA_06&MAN_01FA&FUNC_4243&TYPE_06&VER_01&ADR_03&LID_00&UID_00&SUBSYS_0CE81028&DynamicEnumSpeaker0\8&b098aae&0&00001300 was configured.

Driver Name: oem124.inf
Driver Package ID: cl01002_audio_extension.inf_amd64_d8538d29951b9428
Class GUID: {e2f84ce7-8efa-411c-aa69-97454ca4cb57}
Driver Date: 12/17/2024
Driver Version: 1.13.6.313
Driver Provider: Cirrus Logic, Inc.
Driver Section: Speaker_Install
Driver Rank: 0xFF0000
Matching Device ID: SOUNDWIRE\SDCA_06&MAN_01FA&FUNC_4243&TYPE_06&VER_01&ADR_03&LID_00&UID_00&SUBSYS_0CE81028&DynamicEnumSpeaker0
Outranked Drivers: 
Device Updated: false
Parent Device: SOUNDWIRE\SDCA_06&MAN_01FA&FUNC_4243&TYPE_06&VER_01&ADR_03&LID_00&UID_00&SUBSYS_0CE81028\7&2796ba65&0&0000000000000003"
"17-06-2026 16:44:42","400","Information","Microsoft-Windows-Kernel-PnP","Device SOUNDWIRE\SDCA_06&MAN_01FA&FUNC_4243&TYPE_06&VER_01&ADR_03&LID_00&UID_00&SUBSYS_0CE81028&DynamicEnumSpeaker0\8&b098aae&0&00001300 was configured.

Driver Name: oem429.inf
Driver Package ID: clabpsvcext.inf_amd64_15c23e3180aaa3e7
Class GUID: {e2f84ce7-8efa-411c-aa69-97454ca4cb57}
Driver Date: 04/12/2026
Driver Version: 2025.6.0.28
Driver Provider: Cirrus Logic, Inc.
Driver Section: CLABPExt_Install
Driver Rank: 0xFF0000
Matching Device ID: SOUNDWIRE\SDCA_06&MAN_01FA&FUNC_4243&TYPE_06&VER_01&ADR_03&LID_00&UID_00&SUBSYS_0CE81028&DynamicEnumSpeaker0
Outranked Drivers: 
Device Updated: false
Parent Device: SOUNDWIRE\SDCA_06&MAN_01FA&FUNC_4243&TYPE_06&VER_01&ADR_03&LID_00&UID_00&SUBSYS_0CE81028\7&2796ba65&0&0000000000000003"
"17-06-2026 16:44:42","400","Information","Microsoft-Windows-Kernel-PnP","Device SOUNDWIRE\SDCA_06&MAN_01FA&FUNC_4243&TYPE_06&VER_01&ADR_03&LID_00&UID_00&SUBSYS_0CE81028&DynamicEnumSpeaker0\8&b098aae&0&00001300 was configured.

Driver Name: oem252.inf
Driver Package ID: cl_hs_0ce8.inf_amd64_00489d0666dfdce2
Class GUID: {e2f84ce7-8efa-411c-aa69-97454ca4cb57}
Driver Date: 02/14/2025
Driver Version: 1.13.6.313
Driver Provider: Cirrus Logic, Inc.
Driver Section: Tuning_Install.UAJ.Win11
Driver Rank: 0xFF0000
Matching Device ID: SOUNDWIRE\SDCA_06&MAN_01FA&FUNC_4243&TYPE_06&VER_01&ADR_03&LID_00&UID_00&SUBSYS_0CE81028&DynamicEnumSpeaker0
Outranked Drivers: 
Device Updated: false
Parent Device: SOUNDWIRE\SDCA_06&MAN_01FA&FUNC_4243&TYPE_06&VER_01&ADR_03&LID_00&UID_00&SUBSYS_0CE81028\7&2796ba65&0&0000000000000003"
"17-06-2026 16:44:42","400","Information","Microsoft-Windows-Kernel-PnP","Device SOUNDWIRE\SDCA_06&MAN_01FA&FUNC_4243&TYPE_06&VER_01&ADR_03&LID_00&UID_00&SUBSYS_0CE81028&DynamicEnumSpeaker0\8&b098aae&0&00001300 was configured.

Driver Name: oem249.inf
Driver Package ID: cl_hp_0ce8.inf_amd64_58ad831ab1f1584e
Class GUID: {e2f84ce7-8efa-411c-aa69-97454ca4cb57}
Driver Date: 02/14/2025
Driver Version: 1.13.6.313
Driver Provider: Cirrus Logic, Inc.
Driver Section: Tuning_Install.UAJ.Win11
Driver Rank: 0xFF0000
Matching Device ID: SOUNDWIRE\SDCA_06&MAN_01FA&FUNC_4243&TYPE_06&VER_01&ADR_03&LID_00&UID_00&SUBSYS_0CE81028&DynamicEnumSpeaker0
Outranked Drivers: 
Device Updated: false
Parent Device: SOUNDWIRE\SDCA_06&MAN_01FA&FUNC_4243&TYPE_06&VER_01&ADR_03&LID_00&UID_00&SUBSYS_0CE81028\7&2796ba65&0&0000000000000003"
"17-06-2026 16:44:42","400","Information","Microsoft-Windows-Kernel-PnP","Device SOUNDWIRE\SDCA_06&MAN_01FA&FUNC_4243&TYPE_06&VER_01&ADR_03&LID_00&UID_00&SUBSYS_0CE81028&DynamicEnumSpeaker0\8&b098aae&0&00001300 was configured.

Driver Name: oem66.inf
Driver Package ID: sdcaclass.inf_amd64_0b2f30007e05e98a
Class GUID: {4d36e96c-e325-11ce-bfc1-08002be10318}
Driver Date: 01/17/2025
Driver Version: 10.0.2410.7
Driver Provider: Microsoft
Driver Section: SoundwireClass_Device_Child.NT
Driver Rank: 0xFF2000
Matching Device ID: SOUNDWIRE\DynamicEnumChild
Outranked Drivers: 
Device Updated: false
Parent Device: SOUNDWIRE\SDCA_06&MAN_01FA&FUNC_4243&TYPE_06&VER_01&ADR_03&LID_00&UID_00&SUBSYS_0CE81028\7&2796ba65&0&0000000000000003"
"17-06-2026 15:04:29","410","Information","Microsoft-Windows-Kernel-PnP","Device SWD\MMDEVAPI\{0.0.0.00000000}.{6522b6a3-dc84-46cf-b6e4-015096066078} was started.

Driver Name: audioendpoint.inf
Class GUID: {c166523c-fe0c-4a94-a586-f1a80cfbbf3e}
Service: 
Lower Filters: 
Upper Filters: "
"17-06-2026 15:04:29","400","Information","Microsoft-Windows-Kernel-PnP","Device SWD\MMDEVAPI\{0.0.0.00000000}.{6522b6a3-dc84-46cf-b6e4-015096066078} was configured.

Driver Name: audioendpoint.inf
Driver Package ID: audioendpoint.inf_amd64_271c4d03bad18da8
Class GUID: {c166523c-fe0c-4a94-a586-f1a80cfbbf3e}
Driver Date: 03/31/2024
Driver Version: 10.0.26100.1
Driver Provider: Microsoft
Driver Section: NO_DRV
Driver Rank: 0xFF0000
Matching Device ID: MMDEVAPI\AudioEndpoints
Outranked Drivers: c_swdevice.inf:SWD\GenericRaw:00FF3001
Device Updated: false
Parent Device: HDAUDIO\SUBFUNC_01&VEN_8086&DEV_281D&NID_0001&SUBSYS_00000000&REV_1000\6&15d34dff&0&0002&00000015"
"17-06-2026 15:04:25","410","Information","Microsoft-Windows-Kernel-PnP","Device HDAUDIO\SUBFUNC_01&VEN_8086&DEV_281D&NID_0001&SUBSYS_00000000&REV_1000\6&15d34dff&0&0002&00000015 was started.

Driver Name: oem346.inf
Class GUID: {4d36e96c-e325-11ce-bfc1-08002be10318}
Service: 
Lower Filters: 
Upper Filters: "
"17-06-2026 15:04:24","400","Information","Microsoft-Windows-Kernel-PnP","Device HDAUDIO\SUBFUNC_01&VEN_8086&DEV_281D&NID_0001&SUBSYS_00000000&REV_1000\6&15d34dff&0&0002&00000015 was configured.

Driver Name: oem346.inf
Driver Package ID: mshdadac.inf_amd64_a75c1fc7e527ee75
Class GUID: {4d36e96c-e325-11ce-bfc1-08002be10318}
Driver Date: 04/16/2026
Driver Version: 32.0.101.8724
Driver Provider: Intel Corporation
Driver Section: Audio_Child_Device_Wrapper.NT
Driver Rank: 0xFF3008
Matching Device ID: HDAUDIO\SUBFUNC_01&VEN_8086&DEV_281D
Outranked Drivers: oem484.inf:HDAUDIO\SUBFUNC_01&VEN_8086&DEV_281D:00FF3008
Device Updated: false
Parent Device: INTELAUDIO\SGPC_FUNC_01&VEN_8086&DEV_281D&SUBSYS_80860101&REV_1000\5&32640736&1&0201DIF_000B&UIF_0000"
"17-06-2026 10:12:03","410","Information","Microsoft-Windows-Kernel-PnP","Device SWD\DRIVERENUM\{dc0701e7-e54b-442a-b70c-ef640f28c5de}#EnhanceAPO&9&18512c2d&0 was started.

Driver Name: oem174.inf
Class GUID: {5989fce8-9cd0-467d-8a6a-5419e31529d4}
Service: 
Lower Filters: 
Upper Filters: "
"17-06-2026 10:12:03","400","Information","Microsoft-Windows-Kernel-PnP","Device SWD\DRIVERENUM\{dc0701e7-e54b-442a-b70c-ef640f28c5de}#EnhanceAPO&9&18512c2d&0 was configured.

Driver Name: oem174.inf
Driver Package ID: cl01002_apo.inf_amd64_e619acf00d98d76a
Class GUID: {5989fce8-9cd0-467d-8a6a-5419e31529d4}
Driver Date: 12/17/2024
Driver Version: 1.13.6.313
Driver Provider: Cirrus Logic, Inc.
Driver Section: APOComponent_Install
Driver Rank: 0xFF0000
Matching Device ID: SWC\VEN_CRUS&ENH_APO
Outranked Drivers: c_swcomponent.inf:SWC\Generic:00FF3000 c_swdevice.inf:SWD\GenericRaw:00FF3001
Device Updated: false
Parent Device: SOUNDWIRE\SDCA_06&MAN_01FA&FUNC_4243&TYPE_06&VER_01&ADR_03&LID_00&UID_00&SUBSYS_0CE81028&DynamicEnumSpeaker0\8&b098aae&0&00001700"
"17-06-2026 10:12:03","410","Information","Microsoft-Windows-Kernel-PnP","Device SOUNDWIRE\SDCA_06&MAN_01FA&FUNC_4243&TYPE_06&VER_01&ADR_03&LID_00&UID_00&SUBSYS_0CE81028&DynamicEnumSpeaker0\8&b098aae&0&00001700 was started.

Driver Name: oem66.inf
Class GUID: {4d36e96c-e325-11ce-bfc1-08002be10318}
Service: 
Lower Filters: 
Upper Filters: "
"17-06-2026 10:12:03","400","Information","Microsoft-Windows-Kernel-PnP","Device SOUNDWIRE\SDCA_06&MAN_01FA&FUNC_4243&TYPE_06&VER_01&ADR_03&LID_00&UID_00&SUBSYS_0CE81028&DynamicEnumSpeaker0\8&b098aae&0&00001700 was configured.

Driver Name: oem139.inf
Driver Package ID: xucsme.inf_amd64_2fc0303188b44c4c
Class GUID: {e2f84ce7-8efa-411c-aa69-97454ca4cb57}
Driver Date: 04/06/2026
Driver Version: 1.0.709.49429
Driver Provider: Cirrus Logic, Inc.
Driver Section: Endpoint.NT
Driver Rank: 0xFF0002
Matching Device ID: SOUNDWIRE\SDCA_06&MAN_01FA&FUNC_4243&TYPE_06&VER_01&ADR_03&DynamicEnumSpeaker0
Outranked Drivers: 
Device Updated: true
Parent Device: SOUNDWIRE\SDCA_06&MAN_01FA&FUNC_4243&TYPE_06&VER_01&ADR_03&LID_00&UID_00&SUBSYS_0CE81028\7&2796ba65&0&0000000000000003"
"17-06-2026 10:12:03","400","Information","Microsoft-Windows-Kernel-PnP","Device SOUNDWIRE\SDCA_06&MAN_01FA&FUNC_4243&TYPE_06&VER_01&ADR_03&LID_00&UID_00&SUBSYS_0CE81028&DynamicEnumSpeaker0\8&b098aae&0&00001700 was configured.

Driver Name: oem124.inf
Driver Package ID: cl01002_audio_extension.inf_amd64_d8538d29951b9428
Class GUID: {e2f84ce7-8efa-411c-aa69-97454ca4cb57}
Driver Date: 12/17/2024
Driver Version: 1.13.6.313
Driver Provider: Cirrus Logic, Inc.
Driver Section: Speaker_Install
Driver Rank: 0xFF0000
Matching Device ID: SOUNDWIRE\SDCA_06&MAN_01FA&FUNC_4243&TYPE_06&VER_01&ADR_03&LID_00&UID_00&SUBSYS_0CE81028&DynamicEnumSpeaker0
Outranked Drivers: 
Device Updated: true
Parent Device: SOUNDWIRE\SDCA_06&MAN_01FA&FUNC_4243&TYPE_06&VER_01&ADR_03&LID_00&UID_00&SUBSYS_0CE81028\7&2796ba65&0&0000000000000003"
"17-06-2026 10:12:03","400","Information","Microsoft-Windows-Kernel-PnP","Device SOUNDWIRE\SDCA_06&MAN_01FA&FUNC_4243&TYPE_06&VER_01&ADR_03&LID_00&UID_00&SUBSYS_0CE81028&DynamicEnumSpeaker0\8&b098aae&0&00001700 was configured.

Driver Name: oem429.inf
Driver Package ID: clabpsvcext.inf_amd64_15c23e3180aaa3e7
Class GUID: {e2f84ce7-8efa-411c-aa69-97454ca4cb57}
Driver Date: 04/12/2026
Driver Version: 2025.6.0.28
Driver Provider: Cirrus Logic, Inc.
Driver Section: CLABPExt_Install
Driver Rank: 0xFF0000
Matching Device ID: SOUNDWIRE\SDCA_06&MAN_01FA&FUNC_4243&TYPE_06&VER_01&ADR_03&LID_00&UID_00&SUBSYS_0CE81028&DynamicEnumSpeaker0
Outranked Drivers: 
Device Updated: true
Parent Device: SOUNDWIRE\SDCA_06&MAN_01FA&FUNC_4243&TYPE_06&VER_01&ADR_03&LID_00&UID_00&SUBSYS_0CE81028\7&2796ba65&0&0000000000000003"
"17-06-2026 10:12:03","400","Information","Microsoft-Windows-Kernel-PnP","Device SOUNDWIRE\SDCA_06&MAN_01FA&FUNC_4243&TYPE_06&VER_01&ADR_03&LID_00&UID_00&SUBSYS_0CE81028&DynamicEnumSpeaker0\8&b098aae&0&00001700 was configured.

Driver Name: oem252.inf
Driver Package ID: cl_hs_0ce8.inf_amd64_00489d0666dfdce2
Class GUID: {e2f84ce7-8efa-411c-aa69-97454ca4cb57}
Driver Date: 02/14/2025
Driver Version: 1.13.6.313
Driver Provider: Cirrus Logic, Inc.
Driver Section: Tuning_Install.UAJ.Win11
Driver Rank: 0xFF0000
Matching Device ID: SOUNDWIRE\SDCA_06&MAN_01FA&FUNC_4243&TYPE_06&VER_01&ADR_03&LID_00&UID_00&SUBSYS_0CE81028&DynamicEnumSpeaker0
Outranked Drivers: 
Device Updated: true
Parent Device: SOUNDWIRE\SDCA_06&MAN_01FA&FUNC_4243&TYPE_06&VER_01&ADR_03&LID_00&UID_00&SUBSYS_0CE81028\7&2796ba65&0&0000000000000003"
