"TimeCreated","Id","LevelDisplayName","ProviderName","Message"
"19-08-2026 14:44:13","8001","Information","Microsoft-Windows-Store","Skipping license manager: PFN Microsoft.Todos_2.176.7601.0_x64__8wekyb3d8bbwe
Function: InvokeLicenseManagerRequired
Source: onecoreuap\enduser\winstore\licensemanager\apisethost\activationapis.cpp (373)"
"19-08-2026 14:43:07","8001","Information","Microsoft-Windows-Store","Skipping license manager: PFN Microsoft.Todos_2.176.7601.0_x64__8wekyb3d8bbwe
Function: InvokeLicenseManagerRequired
Source: onecoreuap\enduser\winstore\licensemanager\apisethost\activationapis.cpp (373)"
"19-08-2026 14:43:07","8001","Information","Microsoft-Windows-Store","Skipping license manager: PFN Microsoft.Todos_2.176.7601.0_x64__8wekyb3d8bbwe
Function: InvokeLicenseManagerRequired
Source: onecoreuap\enduser\winstore\licensemanager\apisethost\activationapis.cpp (373)"
"19-08-2026 14:39:52","6004","Information","Microsoft-Windows-Push-To-Install-Service","onecoreuap\enduser\winstore\servicescommon\lib\httpforservices.cpp(783)\pushtoinstall.dll!00007FFA2566C88C: (caller: 00007FFA2566CDA0) Exception(1) tid(6254) 80072EE7 
Error Code: Unknown HResult Error code: 0x80072ee7
Function: 
Source: onecoreuap\enduser\winstore\pushtoinstall\lib\service.cpp (293)"
"19-08-2026 14:39:52","6004","Information","Microsoft-Windows-Push-To-Install-Service","Failed to connect to /v1/client/registerdevice
Error Code: Unknown HResult Error code: 0x80072ee7
Function: 
Source: onecoreuap\enduser\winstore\servicescommon\lib\httpforservices.cpp (200)"
"19-08-2026 14:39:52","6003","Warning","Microsoft-Windows-Push-To-Install-Service","
Error Code: Unknown HResult Error code: 0x80072ee7
Function: 
Source: onecoreuap\enduser\winstore\servicescommon\lib\httpforservices.cpp (783)"
"19-08-2026 14:39:51","6004","Information","Microsoft-Windows-Push-To-Install-Service","Registration successful. Returning the retrieved URI.
Error Code: Unknown HResult Error code: 0xefffffff
Function: RegisterForWns
Source: onecoreuap\enduser\winstore\pushtoinstall\lib\wnschannel.cpp (68)"
"19-08-2026 14:39:51","6004","Information","Microsoft-Windows-Push-To-Install-Service","Attempting to register with the notification service.
Error Code: Unknown HResult Error code: 0xefffffff
Function: RegisterForWns
Source: onecoreuap\enduser\winstore\pushtoinstall\lib\wnschannel.cpp (21)"
"19-08-2026 14:39:51","6004","Information","Microsoft-Windows-Push-To-Install-Service","PTI started with registration
Error Code: Unknown HResult Error code: 0xefffffff
Function: ServiceInitialize
Source: onecoreuap\enduser\winstore\pushtoinstall\lib\service.cpp (338)"
"19-08-2026 14:39:51","6004","Information","Microsoft-Windows-Push-To-Install-Service","canDisableApps value is 1
Error Code: Unknown HResult Error code: 0xefffffff
Function: InitStoreAppsAreDisabled
Source: onecoreuap\enduser\winstore\pushtoinstall\svc\svcmain.cpp (58)"
"19-08-2026 14:39:51","6006","Information","Microsoft-Windows-Push-To-Install-Service","Process Name: C:\Windows\System32\svchost.exe
Module Name: c:\windows\system32\pushtoinstall.dll
Build: 26100.1.amd64fre.ge_release.240331-1435
"
"19-08-2026 14:32:49","8001","Information","Microsoft-Windows-Store","Skipping license manager: PFN Microsoft.Todos_2.176.7601.0_x64__8wekyb3d8bbwe
Function: InvokeLicenseManagerRequired
Source: onecoreuap\enduser\winstore\licensemanager\apisethost\activationapis.cpp (373)"
"19-08-2026 14:31:12","8001","Information","Microsoft-Windows-Store","Skipping license manager: PFN Microsoft.Todos_2.176.7601.0_x64__8wekyb3d8bbwe
Function: InvokeLicenseManagerRequired
Source: onecoreuap\enduser\winstore\licensemanager\apisethost\activationapis.cpp (373)"
"19-08-2026 14:31:12","8001","Information","Microsoft-Windows-Store","Skipping license manager: PFN Microsoft.Todos_2.176.7601.0_x64__8wekyb3d8bbwe
Function: InvokeLicenseManagerRequired
Source: onecoreuap\enduser\winstore\licensemanager\apisethost\activationapis.cpp (373)"
"19-08-2026 14:28:13","8001","Information","Microsoft-Windows-Store","Skipping license manager: PFN Microsoft.WindowsTerminal_1.24.11911.0_x64__8wekyb3d8bbwe
Function: InvokeLicenseManagerRequired
Source: onecoreuap\enduser\winstore\licensemanager\apisethost\activationapis.cpp (373)"
"19-08-2026 14:28:13","8001","Information","Microsoft-Windows-Store","Skipping license manager: PFN Microsoft.WindowsNotepad_11.2606.15.0_x64__8wekyb3d8bbwe
Function: InvokeLicenseManagerRequired
Source: onecoreuap\enduser\winstore\licensemanager\apisethost\activationapis.cpp (373)"
"19-08-2026 14:25:13","8001","Information","Microsoft-Windows-Store","Skipping license manager: PFN Microsoft.Todos_2.176.7601.0_x64__8wekyb3d8bbwe
Function: InvokeLicenseManagerRequired
Source: onecoreuap\enduser\winstore\licensemanager\apisethost\activationapis.cpp (373)"
"19-08-2026 14:25:02","8001","Information","Microsoft-Windows-Store","Skipping license manager: PFN Microsoft.WindowsNotepad_11.2606.15.0_x64__8wekyb3d8bbwe
Function: InvokeLicenseManagerRequired
Source: onecoreuap\enduser\winstore\licensemanager\apisethost\activationapis.cpp (373)"
"19-08-2026 14:24:33","8001","Information","Microsoft-Windows-Store","Skipping license manager: PFN Microsoft.WindowsNotepad_11.2606.15.0_x64__8wekyb3d8bbwe
Function: InvokeLicenseManagerRequired
Source: onecoreuap\enduser\winstore\licensemanager\apisethost\activationapis.cpp (373)"
"19-08-2026 14:24:24","8001","Information","Microsoft-Windows-Store","Skipping license manager: PFN Microsoft.WindowsNotepad_11.2606.15.0_x64__8wekyb3d8bbwe
Function: InvokeLicenseManagerRequired
Source: onecoreuap\enduser\winstore\licensemanager\apisethost\activationapis.cpp (373)"
"19-08-2026 14:24:08","8001","Information","Microsoft-Windows-Store","Skipping license manager: PFN Microsoft.WindowsNotepad_11.2606.15.0_x64__8wekyb3d8bbwe
Function: InvokeLicenseManagerRequired
Source: onecoreuap\enduser\winstore\licensemanager\apisethost\activationapis.cpp (373)"
"19-08-2026 14:24:08","8001","Information","Microsoft-Windows-Store","Skipping license manager: PFN Microsoft.Todos_2.176.7601.0_x64__8wekyb3d8bbwe
Function: InvokeLicenseManagerRequired
Source: onecoreuap\enduser\winstore\licensemanager\apisethost\activationapis.cpp (373)"
"19-08-2026 14:24:08","8001","Information","Microsoft-Windows-Store","Skipping license manager: PFN Microsoft.Todos_2.176.7601.0_x64__8wekyb3d8bbwe
Function: InvokeLicenseManagerRequired
Source: onecoreuap\enduser\winstore\licensemanager\apisethost\activationapis.cpp (373)"
"19-08-2026 14:22:27","8001","Information","Microsoft-Windows-Store","Skipping license manager: PFN Microsoft.WindowsNotepad_11.2606.15.0_x64__8wekyb3d8bbwe
Function: InvokeLicenseManagerRequired
Source: onecoreuap\enduser\winstore\licensemanager\apisethost\activationapis.cpp (373)"
"19-08-2026 14:21:00","8001","Information","Microsoft-Windows-Store","Skipping license manager: PFN Microsoft.WindowsNotepad_11.2606.15.0_x64__8wekyb3d8bbwe
Function: InvokeLicenseManagerRequired
Source: onecoreuap\enduser\winstore\licensemanager\apisethost\activationapis.cpp (373)"
"19-08-2026 14:09:05","8001","Information","Microsoft-Windows-Store","Skipping license manager: PFN Microsoft.StorePurchaseApp_22606.1401.3.0_x64__8wekyb3d8bbwe
Function: InvokeLicenseManagerRequired
Source: onecoreuap\enduser\winstore\licensemanager\apisethost\activationapis.cpp (373)"
"19-08-2026 14:02:32","8001","Information","Microsoft-Windows-Store","Skipping license manager: PFN Microsoft.Todos_2.176.7601.0_x64__8wekyb3d8bbwe
Function: InvokeLicenseManagerRequired
Source: onecoreuap\enduser\winstore\licensemanager\apisethost\activationapis.cpp (373)"
"19-08-2026 14:02:32","8001","Information","Microsoft-Windows-Store","Skipping license manager: PFN Microsoft.Todos_2.176.7601.0_x64__8wekyb3d8bbwe
Function: InvokeLicenseManagerRequired
Source: onecoreuap\enduser\winstore\licensemanager\apisethost\activationapis.cpp (373)"
"19-08-2026 13:45:18","8001","Information","Microsoft-Windows-Store","Skipping license manager: PFN Microsoft.WindowsStore_22607.1401.3.0_x64__8wekyb3d8bbwe
Function: InvokeLicenseManagerRequired
Source: onecoreuap\enduser\winstore\licensemanager\apisethost\activationapis.cpp (373)"
"19-08-2026 13:44:18","4","Information","Windows-ApplicationModel-Store-SDK","Setting up ServiceProvider
Function: TryManageArgumentsAsync
Source: .\src\Shell\WinStore.DesktopExtension\Program.cs (118)"
"19-08-2026 13:44:18","8001","Information","Microsoft-Windows-Store","Skipping license manager: PFN Microsoft.WindowsStore_22607.1401.3.0_x64__8wekyb3d8bbwe
Function: InvokeLicenseManagerRequired
Source: onecoreuap\enduser\winstore\licensemanager\apisethost\activationapis.cpp (373)"
"19-08-2026 13:44:12","8001","Information","Microsoft-Windows-Store","Skipping license manager: PFN Microsoft.Todos_2.176.7601.0_x64__8wekyb3d8bbwe
Function: InvokeLicenseManagerRequired
Source: onecoreuap\enduser\winstore\licensemanager\apisethost\activationapis.cpp (373)"
"19-08-2026 13:43:07","8001","Information","Microsoft-Windows-Store","Skipping license manager: PFN Microsoft.Todos_2.176.7601.0_x64__8wekyb3d8bbwe
Function: InvokeLicenseManagerRequired
Source: onecoreuap\enduser\winstore\licensemanager\apisethost\activationapis.cpp (373)"
"19-08-2026 13:43:07","8001","Information","Microsoft-Windows-Store","Skipping license manager: PFN Microsoft.Todos_2.176.7601.0_x64__8wekyb3d8bbwe
Function: InvokeLicenseManagerRequired
Source: onecoreuap\enduser\winstore\licensemanager\apisethost\activationapis.cpp (373)"
"19-08-2026 13:41:18","8001","Information","Microsoft-Windows-Store","Skipping license manager: PFN Microsoft.Todos_2.176.7601.0_x64__8wekyb3d8bbwe
Function: InvokeLicenseManagerRequired
Source: onecoreuap\enduser\winstore\licensemanager\apisethost\activationapis.cpp (373)"
"19-08-2026 13:41:18","8001","Information","Microsoft-Windows-Store","Skipping license manager: PFN Microsoft.Todos_2.176.7601.0_x64__8wekyb3d8bbwe
Function: InvokeLicenseManagerRequired
Source: onecoreuap\enduser\winstore\licensemanager\apisethost\activationapis.cpp (373)"
"19-08-2026 13:26:41","8001","Information","Microsoft-Windows-Store","Skipping license manager: PFN Microsoft.WindowsNotepad_11.2606.15.0_x64__8wekyb3d8bbwe
Function: InvokeLicenseManagerRequired
Source: onecoreuap\enduser\winstore\licensemanager\apisethost\activationapis.cpp (373)"
"19-08-2026 13:24:43","8001","Information","Microsoft-Windows-Store","Skipping license manager: PFN Microsoft.WindowsNotepad_11.2606.15.0_x64__8wekyb3d8bbwe
Function: InvokeLicenseManagerRequired
Source: onecoreuap\enduser\winstore\licensemanager\apisethost\activationapis.cpp (373)"
"19-08-2026 13:24:15","8001","Information","Microsoft-Windows-Store","Skipping license manager: PFN Microsoft.WindowsNotepad_11.2606.15.0_x64__8wekyb3d8bbwe
Function: InvokeLicenseManagerRequired
Source: onecoreuap\enduser\winstore\licensemanager\apisethost\activationapis.cpp (373)"
"19-08-2026 13:23:54","8001","Information","Microsoft-Windows-Store","Skipping license manager: PFN Microsoft.WindowsNotepad_11.2606.15.0_x64__8wekyb3d8bbwe
Function: InvokeLicenseManagerRequired
Source: onecoreuap\enduser\winstore\licensemanager\apisethost\activationapis.cpp (373)"
"19-08-2026 13:23:22","8001","Information","Microsoft-Windows-Store","Skipping license manager: PFN Microsoft.WindowsNotepad_11.2606.15.0_x64__8wekyb3d8bbwe
Function: InvokeLicenseManagerRequired
Source: onecoreuap\enduser\winstore\licensemanager\apisethost\activationapis.cpp (373)"
"19-08-2026 13:22:58","8001","Information","Microsoft-Windows-Store","Skipping license manager: PFN Microsoft.WindowsNotepad_11.2606.15.0_x64__8wekyb3d8bbwe
Function: InvokeLicenseManagerRequired
Source: onecoreuap\enduser\winstore\licensemanager\apisethost\activationapis.cpp (373)"
"19-08-2026 13:22:39","8001","Information","Microsoft-Windows-Store","Skipping license manager: PFN Microsoft.WindowsNotepad_11.2606.15.0_x64__8wekyb3d8bbwe
Function: InvokeLicenseManagerRequired
Source: onecoreuap\enduser\winstore\licensemanager\apisethost\activationapis.cpp (373)"
"19-08-2026 13:22:17","8001","Information","Microsoft-Windows-Store","Skipping license manager: PFN Microsoft.WindowsNotepad_11.2606.15.0_x64__8wekyb3d8bbwe
Function: InvokeLicenseManagerRequired
Source: onecoreuap\enduser\winstore\licensemanager\apisethost\activationapis.cpp (373)"
"19-08-2026 13:21:57","8001","Information","Microsoft-Windows-Store","Skipping license manager: PFN Microsoft.WindowsNotepad_11.2606.15.0_x64__8wekyb3d8bbwe
Function: InvokeLicenseManagerRequired
Source: onecoreuap\enduser\winstore\licensemanager\apisethost\activationapis.cpp (373)"
"19-08-2026 13:21:32","8001","Information","Microsoft-Windows-Store","Skipping license manager: PFN Microsoft.WindowsNotepad_11.2606.15.0_x64__8wekyb3d8bbwe
Function: InvokeLicenseManagerRequired
Source: onecoreuap\enduser\winstore\licensemanager\apisethost\activationapis.cpp (373)"
"19-08-2026 13:21:22","8001","Information","Microsoft-Windows-Store","Skipping license manager: PFN Microsoft.WindowsNotepad_11.2606.15.0_x64__8wekyb3d8bbwe
Function: InvokeLicenseManagerRequired
Source: onecoreuap\enduser\winstore\licensemanager\apisethost\activationapis.cpp (373)"
"19-08-2026 13:20:57","8001","Information","Microsoft-Windows-Store","Skipping license manager: PFN Microsoft.WindowsNotepad_11.2606.15.0_x64__8wekyb3d8bbwe
Function: InvokeLicenseManagerRequired
Source: onecoreuap\enduser\winstore\licensemanager\apisethost\activationapis.cpp (373)"
"19-08-2026 13:20:36","8001","Information","Microsoft-Windows-Store","Skipping license manager: PFN Microsoft.WindowsNotepad_11.2606.15.0_x64__8wekyb3d8bbwe
Function: InvokeLicenseManagerRequired
Source: onecoreuap\enduser\winstore\licensemanager\apisethost\activationapis.cpp (373)"
"19-08-2026 13:20:12","8001","Information","Microsoft-Windows-Store","Skipping license manager: PFN Microsoft.WindowsNotepad_11.2606.15.0_x64__8wekyb3d8bbwe
Function: InvokeLicenseManagerRequired
Source: onecoreuap\enduser\winstore\licensemanager\apisethost\activationapis.cpp (373)"
"19-08-2026 13:19:48","8001","Information","Microsoft-Windows-Store","Skipping license manager: PFN Microsoft.WindowsNotepad_11.2606.15.0_x64__8wekyb3d8bbwe
Function: InvokeLicenseManagerRequired
Source: onecoreuap\enduser\winstore\licensemanager\apisethost\activationapis.cpp (373)"
"19-08-2026 13:19:38","8001","Information","Microsoft-Windows-Store","Skipping license manager: PFN Microsoft.WindowsNotepad_11.2606.15.0_x64__8wekyb3d8bbwe
Function: InvokeLicenseManagerRequired
Source: onecoreuap\enduser\winstore\licensemanager\apisethost\activationapis.cpp (373)"
"19-08-2026 13:19:20","8001","Information","Microsoft-Windows-Store","Skipping license manager: PFN Microsoft.WindowsNotepad_11.2606.15.0_x64__8wekyb3d8bbwe
Function: InvokeLicenseManagerRequired
Source: onecoreuap\enduser\winstore\licensemanager\apisethost\activationapis.cpp (373)"
"19-08-2026 13:18:18","8001","Information","Microsoft-Windows-Store","Skipping license manager: PFN Microsoft.Todos_2.176.7601.0_x64__8wekyb3d8bbwe
Function: InvokeLicenseManagerRequired
Source: onecoreuap\enduser\winstore\licensemanager\apisethost\activationapis.cpp (373)"
"19-08-2026 13:18:18","8001","Information","Microsoft-Windows-Store","Skipping license manager: PFN Microsoft.Todos_2.176.7601.0_x64__8wekyb3d8bbwe
Function: InvokeLicenseManagerRequired
Source: onecoreuap\enduser\winstore\licensemanager\apisethost\activationapis.cpp (373)"
"19-08-2026 13:11:54","8001","Information","Microsoft-Windows-Store","Skipping license manager: PFN Microsoft.WindowsNotepad_11.2606.15.0_x64__8wekyb3d8bbwe
Function: InvokeLicenseManagerRequired
Source: onecoreuap\enduser\winstore\licensemanager\apisethost\activationapis.cpp (373)"
"19-08-2026 13:09:30","8001","Information","Microsoft-Windows-Store","Skipping license manager: PFN Microsoft.WindowsNotepad_11.2606.15.0_x64__8wekyb3d8bbwe
Function: InvokeLicenseManagerRequired
Source: onecoreuap\enduser\winstore\licensemanager\apisethost\activationapis.cpp (373)"
"19-08-2026 13:08:31","8001","Information","Microsoft-Windows-Store","Skipping license manager: PFN Microsoft.WindowsNotepad_11.2606.15.0_x64__8wekyb3d8bbwe
Function: InvokeLicenseManagerRequired
Source: onecoreuap\enduser\winstore\licensemanager\apisethost\activationapis.cpp (373)"
"19-08-2026 13:06:31","8001","Information","Microsoft-Windows-Store","Skipping license manager: PFN Microsoft.WindowsNotepad_11.2606.15.0_x64__8wekyb3d8bbwe
Function: InvokeLicenseManagerRequired
Source: onecoreuap\enduser\winstore\licensemanager\apisethost\activationapis.cpp (373)"
"19-08-2026 13:06:18","8001","Information","Microsoft-Windows-Store","Skipping license manager: PFN Microsoft.WindowsNotepad_11.2606.15.0_x64__8wekyb3d8bbwe
Function: InvokeLicenseManagerRequired
Source: onecoreuap\enduser\winstore\licensemanager\apisethost\activationapis.cpp (373)"
"19-08-2026 13:03:40","8001","Information","Microsoft-Windows-Store","Skipping license manager: PFN Microsoft.Todos_2.176.7601.0_x64__8wekyb3d8bbwe
Function: InvokeLicenseManagerRequired
Source: onecoreuap\enduser\winstore\licensemanager\apisethost\activationapis.cpp (373)"
"19-08-2026 13:02:32","8001","Information","Microsoft-Windows-Store","Skipping license manager: PFN Microsoft.Todos_2.176.7601.0_x64__8wekyb3d8bbwe
Function: InvokeLicenseManagerRequired
Source: onecoreuap\enduser\winstore\licensemanager\apisethost\activationapis.cpp (373)"
"19-08-2026 13:02:32","8001","Information","Microsoft-Windows-Store","Skipping license manager: PFN Microsoft.Todos_2.176.7601.0_x64__8wekyb3d8bbwe
Function: InvokeLicenseManagerRequired
Source: onecoreuap\enduser\winstore\licensemanager\apisethost\activationapis.cpp (373)"
"19-08-2026 12:43:07","8001","Information","Microsoft-Windows-Store","Skipping license manager: PFN Microsoft.Todos_2.176.7601.0_x64__8wekyb3d8bbwe
Function: InvokeLicenseManagerRequired
Source: onecoreuap\enduser\winstore\licensemanager\apisethost\activationapis.cpp (373)"
"19-08-2026 12:43:07","8001","Information","Microsoft-Windows-Store","Skipping license manager: PFN Microsoft.Todos_2.176.7601.0_x64__8wekyb3d8bbwe
Function: InvokeLicenseManagerRequired
Source: onecoreuap\enduser\winstore\licensemanager\apisethost\activationapis.cpp (373)"
"19-08-2026 12:34:35","8001","Information","Microsoft-Windows-Store","Skipping license manager: PFN Microsoft.Todos_2.176.7601.0_x64__8wekyb3d8bbwe
Function: InvokeLicenseManagerRequired
Source: onecoreuap\enduser\winstore\licensemanager\apisethost\activationapis.cpp (373)"
"19-08-2026 12:33:30","8001","Information","Microsoft-Windows-Store","Skipping license manager: PFN Microsoft.Todos_2.176.7601.0_x64__8wekyb3d8bbwe
Function: InvokeLicenseManagerRequired
Source: onecoreuap\enduser\winstore\licensemanager\apisethost\activationapis.cpp (373)"
"19-08-2026 12:33:30","8001","Information","Microsoft-Windows-Store","Skipping license manager: PFN Microsoft.Todos_2.176.7601.0_x64__8wekyb3d8bbwe
Function: InvokeLicenseManagerRequired
Source: onecoreuap\enduser\winstore\licensemanager\apisethost\activationapis.cpp (373)"
"19-08-2026 12:24:42","8001","Information","Microsoft-Windows-Store","Skipping license manager: PFN Microsoft.ScreenSketch_11.2602.49.0_x64__8wekyb3d8bbwe
Function: InvokeLicenseManagerRequired
Source: onecoreuap\enduser\winstore\licensemanager\apisethost\activationapis.cpp (373)"
"19-08-2026 12:24:42","8001","Information","Microsoft-Windows-Store","Skipping license manager: PFN Microsoft.ScreenSketch_11.2602.49.0_x64__8wekyb3d8bbwe
Function: InvokeLicenseManagerRequired
Source: onecoreuap\enduser\winstore\licensemanager\apisethost\activationapis.cpp (373)"
"19-08-2026 12:24:38","8001","Information","Microsoft-Windows-Store","Skipping license manager: PFN Microsoft.ScreenSketch_11.2602.49.0_x64__8wekyb3d8bbwe
Function: InvokeLicenseManagerRequired
Source: onecoreuap\enduser\winstore\licensemanager\apisethost\activationapis.cpp (373)"
"19-08-2026 12:24:38","8001","Information","Microsoft-Windows-Store","Skipping license manager: PFN Microsoft.ScreenSketch_11.2602.49.0_x64__8wekyb3d8bbwe
Function: InvokeLicenseManagerRequired
Source: onecoreuap\enduser\winstore\licensemanager\apisethost\activationapis.cpp (373)"
"19-08-2026 12:20:07","8001","Information","Microsoft-Windows-Store","Skipping license manager: PFN Microsoft.Todos_2.176.7601.0_x64__8wekyb3d8bbwe
Function: InvokeLicenseManagerRequired
Source: onecoreuap\enduser\winstore\licensemanager\apisethost\activationapis.cpp (373)"
"19-08-2026 12:19:00","8001","Information","Microsoft-Windows-Store","Skipping license manager: PFN Microsoft.Todos_2.176.7601.0_x64__8wekyb3d8bbwe
Function: InvokeLicenseManagerRequired
Source: onecoreuap\enduser\winstore\licensemanager\apisethost\activationapis.cpp (373)"
"19-08-2026 12:19:00","8001","Information","Microsoft-Windows-Store","Skipping license manager: PFN Microsoft.Todos_2.176.7601.0_x64__8wekyb3d8bbwe
Function: InvokeLicenseManagerRequired
Source: onecoreuap\enduser\winstore\licensemanager\apisethost\activationapis.cpp (373)"
"19-08-2026 12:01:50","8001","Information","Microsoft-Windows-Store","Skipping license manager: PFN Microsoft.Todos_2.176.7601.0_x64__8wekyb3d8bbwe
Function: InvokeLicenseManagerRequired
Source: onecoreuap\enduser\winstore\licensemanager\apisethost\activationapis.cpp (373)"
"19-08-2026 12:00:46","8001","Information","Microsoft-Windows-Store","Skipping license manager: PFN Microsoft.Todos_2.176.7601.0_x64__8wekyb3d8bbwe
Function: InvokeLicenseManagerRequired
Source: onecoreuap\enduser\winstore\licensemanager\apisethost\activationapis.cpp (373)"
"19-08-2026 12:00:46","8001","Information","Microsoft-Windows-Store","Skipping license manager: PFN Microsoft.Todos_2.176.7601.0_x64__8wekyb3d8bbwe
Function: InvokeLicenseManagerRequired
Source: onecoreuap\enduser\winstore\licensemanager\apisethost\activationapis.cpp (373)"
"19-08-2026 11:56:18","8001","Information","Microsoft-Windows-Store","Skipping license manager: PFN Microsoft.StorePurchaseApp_22606.1401.3.0_x64__8wekyb3d8bbwe
Function: InvokeLicenseManagerRequired
Source: onecoreuap\enduser\winstore\licensemanager\apisethost\activationapis.cpp (373)"
"19-08-2026 11:51:57","8001","Information","Microsoft-Windows-Store","Skipping license manager: PFN Microsoft.WindowsStore_22607.1401.3.0_x64__8wekyb3d8bbwe
Function: InvokeLicenseManagerRequired
Source: onecoreuap\enduser\winstore\licensemanager\apisethost\activationapis.cpp (373)"
"19-08-2026 11:50:57","4","Information","Windows-ApplicationModel-Store-SDK","Setting up ServiceProvider
Function: TryManageArgumentsAsync
Source: .\src\Shell\WinStore.DesktopExtension\Program.cs (118)"
"19-08-2026 11:50:57","8001","Information","Microsoft-Windows-Store","Skipping license manager: PFN Microsoft.WindowsStore_22607.1401.3.0_x64__8wekyb3d8bbwe
Function: InvokeLicenseManagerRequired
Source: onecoreuap\enduser\winstore\licensemanager\apisethost\activationapis.cpp (373)"
"19-08-2026 11:44:11","8001","Information","Microsoft-Windows-Store","Skipping license manager: PFN Microsoft.Todos_2.176.7601.0_x64__8wekyb3d8bbwe
Function: InvokeLicenseManagerRequired
Source: onecoreuap\enduser\winstore\licensemanager\apisethost\activationapis.cpp (373)"
"19-08-2026 11:43:07","8001","Information","Microsoft-Windows-Store","Skipping license manager: PFN Microsoft.Todos_2.176.7601.0_x64__8wekyb3d8bbwe
Function: InvokeLicenseManagerRequired
Source: onecoreuap\enduser\winstore\licensemanager\apisethost\activationapis.cpp (373)"
"19-08-2026 11:43:07","8001","Information","Microsoft-Windows-Store","Skipping license manager: PFN Microsoft.Todos_2.176.7601.0_x64__8wekyb3d8bbwe
Function: InvokeLicenseManagerRequired
Source: onecoreuap\enduser\winstore\licensemanager\apisethost\activationapis.cpp (373)"
"19-08-2026 11:35:53","8001","Information","Microsoft-Windows-Store","Skipping license manager: PFN Microsoft.Todos_2.176.7601.0_x64__8wekyb3d8bbwe
Function: InvokeLicenseManagerRequired
Source: onecoreuap\enduser\winstore\licensemanager\apisethost\activationapis.cpp (373)"
"19-08-2026 11:34:54","8001","Information","Microsoft-Windows-Store","Skipping license manager: PFN Microsoft.WindowsStore_22607.1401.3.0_x64__8wekyb3d8bbwe
Function: InvokeLicenseManagerRequired
Source: onecoreuap\enduser\winstore\licensemanager\apisethost\activationapis.cpp (373)"
"19-08-2026 11:34:54","8001","Information","Microsoft-Windows-Store","Skipping license manager: PFN Microsoft.WindowsStore_22607.1401.3.0_x64__8wekyb3d8bbwe
Function: InvokeLicenseManagerRequired
Source: onecoreuap\enduser\winstore\licensemanager\apisethost\activationapis.cpp (373)"
"19-08-2026 11:34:54","3","Warning","Windows-ApplicationModel-Store-SDK","Task 'WinStore.Tasks.WindowsSearchTask+Runner' was canceled, reason: 'SystemPolicy'.
Function: Run
Source: .\src\Core\WinStore.Tasks\Helpers\BackgroundTaskRunner.cs (99)"
"19-08-2026 11:34:54","3","Warning","Windows-ApplicationModel-Store-SDK","Task 'WinStore.Tasks.WindowsSearchTask+Runner' was canceled, reason: 'SystemPolicy'.
Function: Run
Source: .\src\Core\WinStore.Tasks\Helpers\BackgroundTaskRunner.cs (99)"
"19-08-2026 11:34:53","8001","Information","Microsoft-Windows-Store","Skipping license manager: PFN Microsoft.WindowsStore_22607.1401.3.0_x64__8wekyb3d8bbwe
Function: InvokeLicenseManagerRequired
Source: onecoreuap\enduser\winstore\licensemanager\apisethost\activationapis.cpp (373)"
"19-08-2026 11:34:53","8001","Information","Microsoft-Windows-Store","Skipping license manager: PFN Microsoft.WindowsStore_22607.1401.3.0_x64__8wekyb3d8bbwe
Function: InvokeLicenseManagerRequired
Source: onecoreuap\enduser\winstore\licensemanager\apisethost\activationapis.cpp (373)"
"19-08-2026 11:34:46","8001","Information","Microsoft-Windows-Store","Skipping license manager: PFN Microsoft.Todos_2.176.7601.0_x64__8wekyb3d8bbwe
Function: InvokeLicenseManagerRequired
Source: onecoreuap\enduser\winstore\licensemanager\apisethost\activationapis.cpp (373)"
"19-08-2026 11:34:46","8001","Information","Microsoft-Windows-Store","Skipping license manager: PFN Microsoft.Todos_2.176.7601.0_x64__8wekyb3d8bbwe
Function: InvokeLicenseManagerRequired
Source: onecoreuap\enduser\winstore\licensemanager\apisethost\activationapis.cpp (373)"
"19-08-2026 11:27:25","8001","Information","Microsoft-Windows-Store","Skipping license manager: PFN Microsoft.Todos_2.176.7601.0_x64__8wekyb3d8bbwe
Function: InvokeLicenseManagerRequired
Source: onecoreuap\enduser\winstore\licensemanager\apisethost\activationapis.cpp (373)"
"19-08-2026 11:26:18","8001","Information","Microsoft-Windows-Store","Skipping license manager: PFN Microsoft.Todos_2.176.7601.0_x64__8wekyb3d8bbwe
Function: InvokeLicenseManagerRequired
Source: onecoreuap\enduser\winstore\licensemanager\apisethost\activationapis.cpp (373)"
"19-08-2026 11:26:18","8001","Information","Microsoft-Windows-Store","Skipping license manager: PFN Microsoft.Todos_2.176.7601.0_x64__8wekyb3d8bbwe
Function: InvokeLicenseManagerRequired
Source: onecoreuap\enduser\winstore\licensemanager\apisethost\activationapis.cpp (373)"
"19-08-2026 11:20:48","2006","Information","Microsoft-Windows-Install-Agent","Update block list not found or empty in OneSettings
Error: Unknown HResult Error code: 0xefffffff
Function: DoInitializeOneSettingsConfiguration
Source: onecoreuap\enduser\winstore\installservice\lib\settings.cpp (2735)"
"19-08-2026 11:20:48","2006","Information","Microsoft-Windows-Install-Agent","Failure detected
Error: JSON value not found.
Function: 
Source: onecoreuap\enduser\winstore\installservice\lib\settings.cpp (578)"
"19-08-2026 11:20:48","2006","Information","Microsoft-Windows-Install-Agent","Failure detected
Error: JSON value not found.
Function: 
Source: onecoreuap\enduser\winstore\installservice\lib\settings.cpp (558)"
"19-08-2026 11:20:48","2005","Verbose","Microsoft-Windows-Install-Agent","CheckpointAbandonmentRules fetched from OneSettings payload: [{""callerApplicationIdKeyword"":""WindowsStore"",""systemAttemptCountThreshold"":5,""creationTimestampThresholdInDays"":2},{""callerApplicationIdKeyword"":""MoUsoCoreWorker"",""systemAttemptCountThreshold"":2,""creationTimestampThresholdInDays"":2}]
Error: Unknown HResult Error code: 0xefffffff
Function: _ReadCheckpointAbandonmentRules
Source: onecoreuap\enduser\winstore\installservice\lib\settings.cpp (4907)"
"19-08-2026 11:20:48","2005","Verbose","Microsoft-Windows-Install-Agent","SfEdgeFallbackEndpointUrl fetched from cache: https://sfdataservice.microsoft.com/package-retrieval
Error: Unknown HResult Error code: 0xefffffff
Function: _ReadSfEdgeFallbackEndpointUrl
Source: onecoreuap\enduser\winstore\installservice\lib\settings.cpp (4660)"
"19-08-2026 11:20:48","2005","Verbose","Microsoft-Windows-Install-Agent","ProductCatalogUrl fetched from cache: https://fe3cr.delivery.mp.microsoft.com/ClientWebService/client.asmx/secured
Error: Unknown HResult Error code: 0xefffffff
Function: _ReadProductCatalogUrl
Source: onecoreuap\enduser\winstore\installservice\lib\settings.cpp (4639)"
"19-08-2026 11:20:48","2005","Verbose","Microsoft-Windows-Install-Agent","DirectDownloadEnablementLiveCheckThreshold in milliseconds fetched from cache: 600000
Error: Unknown HResult Error code: 0xefffffff
Function: _ReadDirectDownloadEnablementLiveCheckThreshold
Source: onecoreuap\enduser\winstore\installservice\lib\settings.cpp (4617)"
"19-08-2026 11:20:48","2007","Warning","Microsoft-Windows-Install-Agent","Error while reading DirectDownloadReplacementSettings from OneSettings cache, value will remain empty
Error: Unknown HResult Error code: 0xefffffff
Function: DoInitializeOneSettingsConfiguration
Source: onecoreuap\enduser\winstore\installservice\lib\settings.cpp (2638)"
"19-08-2026 11:20:48","2006","Information","Microsoft-Windows-Install-Agent","Failure detected
Error: JSON value not found.
Function: 
Source: onecoreuap\enduser\winstore\installservice\lib\settings.cpp (4556)"
"19-08-2026 11:20:48","2006","Information","Microsoft-Windows-Install-Agent","DirectDownloadEnablementSettings Source field missing. Defaulting to Default.
Error: Unknown HResult Error code: 0xefffffff
Function: _ParseDirectDownloadSourceFromJson
Source: onecoreuap\enduser\winstore\installservice\lib\settings.cpp (4428)"
"19-08-2026 11:20:48","2006","Information","Microsoft-Windows-Install-Agent","DirectDownloadEnablementSettings Source field missing. Defaulting to Default.
Error: Unknown HResult Error code: 0xefffffff
Function: _ParseDirectDownloadSourceFromJson
Source: onecoreuap\enduser\winstore\installservice\lib\settings.cpp (4428)"
"19-08-2026 11:20:48","2006","Information","Microsoft-Windows-Install-Agent","DirectDownloadEnablementSettings Source field missing. Defaulting to Default.
Error: Unknown HResult Error code: 0xefffffff
Function: _ParseDirectDownloadSourceFromJson
Source: onecoreuap\enduser\winstore\installservice\lib\settings.cpp (4428)"
"19-08-2026 11:20:48","2006","Information","Microsoft-Windows-Install-Agent","DirectDownloadEnablementSettings Source field missing. Defaulting to Default.
Error: Unknown HResult Error code: 0xefffffff
Function: _ParseDirectDownloadSourceFromJson
Source: onecoreuap\enduser\winstore\installservice\lib\settings.cpp (4428)"
"19-08-2026 11:20:48","2006","Information","Microsoft-Windows-Install-Agent","DirectDownloadEnablementSettings Source field missing. Defaulting to Default.
Error: Unknown HResult Error code: 0xefffffff
Function: _ParseDirectDownloadSourceFromJson
Source: onecoreuap\enduser\winstore\installservice\lib\settings.cpp (4428)"
"19-08-2026 11:20:48","2006","Information","Microsoft-Windows-Install-Agent","DirectDownloadEnablementSettings Source field missing. Defaulting to Default.
Error: Unknown HResult Error code: 0xefffffff
Function: _ParseDirectDownloadSourceFromJson
Source: onecoreuap\enduser\winstore\installservice\lib\settings.cpp (4428)"
"19-08-2026 11:20:48","2006","Information","Microsoft-Windows-Install-Agent","DirectDownloadEnablementSettings Source field missing. Defaulting to Default.
Error: Unknown HResult Error code: 0xefffffff
Function: _ParseDirectDownloadSourceFromJson
Source: onecoreuap\enduser\winstore\installservice\lib\settings.cpp (4428)"
"19-08-2026 11:20:48","2006","Information","Microsoft-Windows-Install-Agent","DirectDownloadEnablementSettings Source field missing. Defaulting to Default.
Error: Unknown HResult Error code: 0xefffffff
Function: _ParseDirectDownloadSourceFromJson
Source: onecoreuap\enduser\winstore\installservice\lib\settings.cpp (4428)"
"19-08-2026 11:20:48","2005","Verbose","Microsoft-Windows-Install-Agent","DirectDownloadEnablementSettings fetched from OneSettings payload: [{""clientIds"":[],""hresults"":[],""regions"":[],""products"":[],""arches"":[],""installTypes"":[],""errorStages"":[""Install""],""listType"":""Disallowed""},{""clientIds"":[""Microsoft.WindowsStore_8wekyb3d8bbwe""],""hresults"":[],""regions"":[],""products"":[""9NKSQGP7F2NH"",""9NRX63209R7B"",""9NTXR16HNW1T"",""9PLM9XGG6VKS""],""arches"":[],""installTypes"":[],""errorStages"":[],""listType"":""Disallowed""},{""clientIds"":[],""hresults"":[""0x00000000"",""0x80004004"",""0x80070032"",""0x8007029C"",""0x8007045B"",""0x80070520"",""0x80073CFB"",""0x80073CFF"",""0x80073D0A"",""0x80073D13"",""0x80073D19"",""0x80073D22"",""0x80240008"",""0x8024001E"",""0x80240066"",""0x803FB003"",""0x803FB015"",""0xC8000710"",""0x80073CF4"",""0x80073D01"",""0x80070070"",""0x80073D21"",""0x80246017"",""0x80073CFE""],""regions"":[],""products"":[],""arches"":[],""installTypes"":[],""errorStages"":[],""listType"":""Disallowed""},{""clientIds"":[],""hresults"":[],""regions"":[],""products"":[""9PLRGHGXR4FM""],""arches"":[],""installTypes"":[""Install""],""errorStages"":[],""listType"":""Allowed""},{""clientIds"":[],""hresults"":[],""regions"":[""CN""],""products"":[],""arches"":[],""installTypes"":[],""errorStages"":[],""listType"":""Disallowed""},{""clientIds"":[],""hresults"":[],""regions"":[],""products"":[""9N3RK8ZV2ZR8"",""9NRZT3Q9R3DL"",""9P2B8MCSVPLN"",""9NPV76S164X5"",""9NBLGGH4RV3P"",""9NBLGGH4SVJT"",""9PHBC65ZG12V"",""9NKSQGP7F2NH"",""9NKRJ3SJ9SDG""],""arches"":[],""installTypes"":[],""errorStages"":[],""listType"":""Disallowed""},{""clientIds"":[""DellInc.AlienwareCommandCenter_htrsf667h5kn2"",""DSIC"",""explorer"",""AICompanion"",""HP.Omen.OmenCommandCenter"",""setup"",""Language Overlay Service"",""TabTip"",""LiveCaptions"",""Undetermined"",""GamingService""],""hresults"":[],""regions"":[],""products"":[],""arches"":[],""installTypes"":[],""errorStages"":[],""listType"":""Disallowed""},{""clientIds"":[],""hresults"":[],""regions"":[],""products"":[],""arches"":[],""installTypes"":[""Install""],""errorStages"":[],""listType"":""Allowed""}]
Error: Unknown HResult Error code: 0xefffffff
Function: _ReadDirectDownloadEnablementSettings
Source: onecoreuap\enduser\winstore\installservice\lib\settings.cpp (4503)"
"19-08-2026 11:20:48","2005","Verbose","Microsoft-Windows-Install-Agent","DirectDownloadEnablementState fetched from cache: 2
Error: Unknown HResult Error code: 0xefffffff
Function: _ReadDirectDownloadEnablementState
Source: onecoreuap\enduser\winstore\installservice\lib\settings.cpp (4479)"
"19-08-2026 11:20:48","2006","Information","Microsoft-Windows-Install-Agent","Failure detected
Error: JSON value not found.
Function: 
Source: onecoreuap\enduser\winstore\installservice\lib\settings.cpp (538)"
"19-08-2026 11:20:48","2006","Information","Microsoft-Windows-Install-Agent","Failure detected
Error: JSON value not found.
Function: 
Source: onecoreuap\enduser\winstore\installservice\lib\settings.cpp (558)"
"19-08-2026 11:20:48","2006","Information","Microsoft-Windows-Install-Agent","Failure detected
Error: JSON value not found.
Function: 
Source: onecoreuap\enduser\winstore\installservice\lib\settings.cpp (558)"
"19-08-2026 11:20:48","2006","Information","Microsoft-Windows-Install-Agent","Failure detected
Error: JSON value not found.
Function: 
Source: onecoreuap\enduser\winstore\installservice\lib\settings.cpp (538)"
"19-08-2026 11:20:48","2006","Information","Microsoft-Windows-Install-Agent","Failure detected
Error: JSON value not found.
Function: 
Source: onecoreuap\enduser\winstore\installservice\lib\settings.cpp (538)"
"19-08-2026 11:20:48","2005","Verbose","Microsoft-Windows-Install-Agent","OneSettingsOnlineScanCooldown (in seconds) = 30
Error: Unknown HResult Error code: 0xefffffff
Function: DoInitializeOneSettingsConfiguration
Source: onecoreuap\enduser\winstore\installservice\lib\settings.cpp (2521)"
"19-08-2026 11:20:48","2005","Verbose","Microsoft-Windows-Install-Agent","OneSettingsOnlineScansAllowedInInterval = 10
Error: Unknown HResult Error code: 0xefffffff
Function: DoInitializeOneSettingsConfiguration
Source: onecoreuap\enduser\winstore\installservice\lib\settings.cpp (2514)"
"19-08-2026 11:20:48","2005","Verbose","Microsoft-Windows-Install-Agent","OneSettingsOnlineScanInterval (in seconds) = 86400
Error: Unknown HResult Error code: 0xefffffff
Function: DoInitializeOneSettingsConfiguration
Source: onecoreuap\enduser\winstore\installservice\lib\settings.cpp (2512)"
"19-08-2026 11:20:48","2005","Verbose","Microsoft-Windows-Install-Agent","oneSettingsconcurrentDefaultInstalls = 3, oneSettingsconcurrentMinInstalls = 3
Error: Unknown HResult Error code: 0xefffffff
Function: GetConcurrentInstallsFromOneSettings
Source: onecoreuap\enduser\winstore\installservice\lib\settings.cpp (846)"
"19-08-2026 11:20:48","2006","Information","Microsoft-Windows-Install-Agent","Timer routine for refreshing OneSettings values during runtime called.
Error: The operation completed successfully.
Function: InstallQueue2::_OneSettingsTimerRoutine
Source: onecoreuap\enduser\winstore\installservice\libqueue2\installqueue2.cpp (396)"
"19-08-2026 11:03:38","8001","Information","Microsoft-Windows-Store","Skipping license manager: PFN Microsoft.Todos_2.176.7601.0_x64__8wekyb3d8bbwe
Function: InvokeLicenseManagerRequired
Source: onecoreuap\enduser\winstore\licensemanager\apisethost\activationapis.cpp (373)"
"19-08-2026 11:02:32","8001","Information","Microsoft-Windows-Store","Skipping license manager: PFN Microsoft.Todos_2.176.7601.0_x64__8wekyb3d8bbwe
Function: InvokeLicenseManagerRequired
Source: onecoreuap\enduser\winstore\licensemanager\apisethost\activationapis.cpp (373)"
"19-08-2026 11:02:32","8001","Information","Microsoft-Windows-Store","Skipping license manager: PFN Microsoft.Todos_2.176.7601.0_x64__8wekyb3d8bbwe
Function: InvokeLicenseManagerRequired
Source: onecoreuap\enduser\winstore\licensemanager\apisethost\activationapis.cpp (373)"
"19-08-2026 10:51:58","8001","Information","Microsoft-Windows-Store","Skipping license manager: PFN Microsoft.WindowsStore_22607.1401.3.0_x64__8wekyb3d8bbwe
Function: InvokeLicenseManagerRequired
Source: onecoreuap\enduser\winstore\licensemanager\apisethost\activationapis.cpp (373)"
"19-08-2026 10:50:57","8001","Information","Microsoft-Windows-Store","Skipping license manager: PFN Microsoft.WindowsStore_22607.1401.3.0_x64__8wekyb3d8bbwe
Function: InvokeLicenseManagerRequired
Source: onecoreuap\enduser\winstore\licensemanager\apisethost\activationapis.cpp (373)"
"19-08-2026 10:50:57","8001","Information","Microsoft-Windows-Store","Skipping license manager: PFN Microsoft.WindowsStore_22607.1401.3.0_x64__8wekyb3d8bbwe
Function: InvokeLicenseManagerRequired
Source: onecoreuap\enduser\winstore\licensemanager\apisethost\activationapis.cpp (373)"
"19-08-2026 10:47:18","8001","Information","Microsoft-Windows-Store","Skipping license manager: PFN Microsoft.WindowsNotepad_11.2606.15.0_x64__8wekyb3d8bbwe
Function: InvokeLicenseManagerRequired
Source: onecoreuap\enduser\winstore\licensemanager\apisethost\activationapis.cpp (373)"
"19-08-2026 10:46:25","8001","Information","Microsoft-Windows-Store","Skipping license manager: PFN Microsoft.WindowsTerminal_1.24.11911.0_x64__8wekyb3d8bbwe
Function: InvokeLicenseManagerRequired
Source: onecoreuap\enduser\winstore\licensemanager\apisethost\activationapis.cpp (373)"
"19-08-2026 10:43:51","8001","Information","Microsoft-Windows-Store","Skipping license manager: PFN Microsoft.Todos_2.176.7601.0_x64__8wekyb3d8bbwe
Function: InvokeLicenseManagerRequired
Source: onecoreuap\enduser\winstore\licensemanager\apisethost\activationapis.cpp (373)"
"19-08-2026 10:42:46","8001","Information","Microsoft-Windows-Store","Skipping license manager: PFN Microsoft.Todos_2.176.7601.0_x64__8wekyb3d8bbwe
Function: InvokeLicenseManagerRequired
Source: onecoreuap\enduser\winstore\licensemanager\apisethost\activationapis.cpp (373)"
"19-08-2026 10:42:46","8001","Information","Microsoft-Windows-Store","Skipping license manager: PFN Microsoft.Todos_2.176.7601.0_x64__8wekyb3d8bbwe
Function: InvokeLicenseManagerRequired
Source: onecoreuap\enduser\winstore\licensemanager\apisethost\activationapis.cpp (373)"
"19-08-2026 10:39:24","8001","Information","Microsoft-Windows-Store","Skipping license manager: PFN Microsoft.Todos_2.176.7601.0_x64__8wekyb3d8bbwe
Function: InvokeLicenseManagerRequired
Source: onecoreuap\enduser\winstore\licensemanager\apisethost\activationapis.cpp (373)"
"19-08-2026 10:38:19","8001","Information","Microsoft-Windows-Store","Skipping license manager: PFN Microsoft.Todos_2.176.7601.0_x64__8wekyb3d8bbwe
Function: InvokeLicenseManagerRequired
Source: onecoreuap\enduser\winstore\licensemanager\apisethost\activationapis.cpp (373)"
"19-08-2026 10:38:19","8001","Information","Microsoft-Windows-Store","Skipping license manager: PFN Microsoft.Todos_2.176.7601.0_x64__8wekyb3d8bbwe
Function: InvokeLicenseManagerRequired
Source: onecoreuap\enduser\winstore\licensemanager\apisethost\activationapis.cpp (373)"
"19-08-2026 10:17:51","8001","Information","Microsoft-Windows-Store","Skipping license manager: PFN Microsoft.Todos_2.176.7601.0_x64__8wekyb3d8bbwe
Function: InvokeLicenseManagerRequired
Source: onecoreuap\enduser\winstore\licensemanager\apisethost\activationapis.cpp (373)"
"19-08-2026 10:16:46","8001","Information","Microsoft-Windows-Store","Skipping license manager: PFN Microsoft.Todos_2.176.7601.0_x64__8wekyb3d8bbwe
Function: InvokeLicenseManagerRequired
Source: onecoreuap\enduser\winstore\licensemanager\apisethost\activationapis.cpp (373)"
"19-08-2026 10:16:46","8001","Information","Microsoft-Windows-Store","Skipping license manager: PFN Microsoft.Todos_2.176.7601.0_x64__8wekyb3d8bbwe
Function: InvokeLicenseManagerRequired
Source: onecoreuap\enduser\winstore\licensemanager\apisethost\activationapis.cpp (373)"
"19-08-2026 10:14:37","2006","Information","Microsoft-Windows-Install-Agent","Queue State: Working = 0, Pending = 0, Idle = 2  
Error: The operation completed successfully.
Function: InstallQueue2::_FindNextPendingItem
Source: onecoreuap\enduser\winstore\installservice\libqueue2\installqueue2.cpp (4735)"
"19-08-2026 10:14:37","2006","Information","Microsoft-Windows-Install-Agent","Item execution complete Item = 9PLFNLNT3G5G   
Error: The operation completed successfully.
Function: InstallQueue2::NotifyCompleted
Source: onecoreuap\enduser\winstore\installservice\libqueue2\installqueue2.cpp (3713)"
"19-08-2026 10:14:37","2006","Information","Microsoft-Windows-Install-Agent","[Telemetry]: FulfillmentComplete :: ProductId = 9PLFNLNT3G5G  PFN = AppUp.IntelGraphicsExperience_8j3eq9eme6ctt  CatalogId =   FailedRetry = 0  DownloadSize = 133120  IsInteractive = 0  ClientAppId = Update;MoUpdateOrchestratorDeviceScan-MoUsoCoreWorker-SearchForAllUpdatesWithUpdateOptionsAsync  HResult = 0  __TlgCV__ = C2GP50Qp5keFT0qP.0.0  
Error: Unknown HResult Error code: 0xefffffff
Function: LogTelemetryEvent
Source: onecoreuap\enduser\winstore\installservice\svc\logging.cpp (10)"
"19-08-2026 10:14:37","2006","Information","Microsoft-Windows-Install-Agent","[Telemetry]: StateTransition :: ProductId = 9PLFNLNT3G5G  PFN = AppUp.IntelGraphicsExperience_8j3eq9eme6ctt  CatalogId =   FulfillmentPluginId = WU  PluginTelemetryData = {""OperationType"":""Update"",""ClientAppId"":""Update;MoUpdateOrchestratorDeviceScan-MoUsoCoreWorker-SearchForAllUpdatesWithUpdateOptionsAsync"",""ContentId"":""AppUp.IntelGraphicsExperience_1.100.5688.0_neutral_~_8j3eq9eme6ctt"",""WUContentId"":""7d8bb837-86fa-c111-76a5-0569498acfc3"",""IsRemediation"":0,""CategoryId"":""e16735c5-32a5-4fc3-a094-7c4c073b30b8"",""ParentBundleId"":"""",""DownloadSize"":133120,""SystemAttemptNumber"":2,""UserAttemptNumber"":0,""AttemptNumber"":2,""WorkProperties"":{""IsInteractive"":0,""CallerApplicationId"":""MoUpdateOrchestratorDeviceScan-MoUsoCoreWorker-SearchForAllUpdatesWithUpdateOptionsAsync"",""InstallForAllUsers"":0,""AllowDownloadOnAnyNetwork"":0,""ForceUseOfNonRemovableStorage"":0,""AllowForcedAppRestart"":0,""IsDiscInstall"":0,""IsRestore"":0,""Repair"":0,""StageButDoNotInstall"":0,""RequiresElevation"":0,""AutomaticallyDownloadAndInstallUpdateIfFound"":0,""AllowCachedResult"":0,""UserIdentityInfo"":"""",""VolumePath"":""""},""extendedErrorCode"":0}  PrevState = Working  NewState = Completed  PluginLastStage = 5  HResult = 0  __TlgCV__ = C2GP50Qp5keFT0qP.0.0  
Error: Unknown HResult Error code: 0xefffffff
Function: LogTelemetryEvent
Source: onecoreuap\enduser\winstore\installservice\svc\logging.cpp (10)"
"19-08-2026 10:14:37","2006","Information","Microsoft-Windows-Install-Agent","[Telemetry]: EndInstall :: _TlgCV_ = C2GP50Qp5keFT0qP.1.10  ProductId = 9PLFNLNT3G5G  PFN = AppUp.IntelGraphicsExperience_8j3eq9eme6ctt  CategoryId = e16735c5-32a5-4fc3-a094-7c4c073b30b8  UpdateId = 9ce319af-a29d-48bf-ba79-74987715aca1  BundleId =   IsUpdate = true  IsRemediation = false  IsInteractive = false  IsMandatory = false  IsRestore = false  AttemptNumber = 2  SystemAttemptNumber = 2  UserAttemptNumber = 0  ClientAppId = Update;MoUpdateOrchestratorDeviceScan-MoUsoCoreWorker-SearchForAllUpdatesWithUpdateOptionsAsync  ParentBundleId =   IsBundle = false  WUContentId = 7d8bb837-86fa-c111-76a5-0569498acfc3  AggregatedPackageFullNames = AppUp.IntelGraphicsExperience_1.100.5688.0_neutral_~_8j3eq9eme6ctt  StageDurationInMilliseconds = 941  HResult = 0  ExtendedHResult = -2147023728  
Error: Unknown HResult Error code: 0xefffffff
Function: LogTelemetryEvent
Source: onecoreuap\enduser\winstore\installservice\svc\logging.cpp (10)"
"19-08-2026 10:14:37","2005","Verbose","Microsoft-Windows-Install-Agent","Releasing InstallAgentPdcActivation
Error: Unknown HResult Error code: 0xefffffff
Function: UWAInstallWork::_InstallCompleted
Source: onecoreuap\enduser\winstore\installservice\lib\uwainstallwork.cpp (7753)"
"19-08-2026 10:14:37","2006","Information","Microsoft-Windows-Install-Agent","Completed Register operation for 1 users
Error: Unknown HResult Error code: 0xefffffff
Function: UWAInstallWork::_DoInstallWorkForAllLoggedOnUsers
Source: onecoreuap\enduser\winstore\installservice\lib\uwainstallwork.cpp (7499)"
"19-08-2026 10:14:37","2006","Information","Microsoft-Windows-Install-Agent","Nothing to register for User: S-1-12-1-2357405129-1281513531-255772574-1816207334. Skipping Install
Error: Unknown HResult Error code: 0xefffffff
Function: UWAInstallWork::_DoInstallWorkForAllLoggedOnUsers
Source: onecoreuap\enduser\winstore\installservice\lib\uwainstallwork.cpp (7424)"
"19-08-2026 10:14:37","2006","Information","Microsoft-Windows-Install-Agent","WU scan found 0 packages
Error: Unknown HResult Error code: 0xefffffff
Function: _PackagesFromSearchResult
Source: onecoreuap\enduser\winstore\installservice\lib\wuhelpers.cpp (157)"
"19-08-2026 10:14:36","2006","Information","Microsoft-Windows-Install-Agent","WU query: ""IsInstalled=0 AND AppCategoryIDs contains 'e16735c5-32a5-4fc3-a094-7c4c073b30b8'""
Error: Unknown HResult Error code: 0xefffffff
Function: SearchUpdatePackages
Source: onecoreuap\enduser\winstore\installservice\lib\wuhelpers.cpp (359)"
"19-08-2026 10:14:36","2006","Information","Microsoft-Windows-Install-Agent","UUS Version = 1508.2606.17012.0
Error: Unknown HResult Error code: 0xefffffff
Function: SearchUpdatePackages
Source: onecoreuap\enduser\winstore\installservice\lib\wuhelpers.cpp (286)"
"19-08-2026 10:14:36","2006","Information","Microsoft-Windows-Install-Agent","Queue State: Working = 1, Pending = 0, Idle = 2  
Error: The operation completed successfully.
Function: InstallQueue2::_FindNextPendingItem
Source: onecoreuap\enduser\winstore\installservice\libqueue2\installqueue2.cpp (4735)"
"19-08-2026 10:14:36","2006","Information","Microsoft-Windows-Install-Agent","AppId = e16735c5-32a5-4fc3-a094-7c4c073b30b8, WU Installed Flag = 0, OnlineSearch = 0, Interactive = 0, Scope = 2, Client ID = Update;MoUpdateOrchestratorDeviceScan-MoUsoCoreWorker-SearchForAllUpdatesWithUpdateOptionsAsync
Error: Unknown HResult Error code: 0xefffffff
Function: SearchUpdatePackages
Source: onecoreuap\enduser\winstore\installservice\lib\wuhelpers.cpp (280)"
"19-08-2026 10:14:36","2006","Information","Microsoft-Windows-Install-Agent","Progress Update: Item = 9PLFNLNT3G5G  Progress Stage = Installing, Completed = 133120, Total = 133120, Total = 95   
Error: The operation completed successfully.
Function: InstallQueue2::NotifyWorkProgress
Source: onecoreuap\enduser\winstore\installservice\libqueue2\installqueue2.cpp (4055)"
"19-08-2026 10:14:36","2006","Information","Microsoft-Windows-Install-Agent","Attempting to register update for User:S-1-12-1-2357405129-1281513531-255772574-1816207334
Error: Unknown HResult Error code: 0xefffffff
Function: UWAInstallWork::_DoInstallWorkForAllLoggedOnUsers
Source: onecoreuap\enduser\winstore\installservice\lib\uwainstallwork.cpp (7392)"
