"28-05-2026 10:20:46","214","Error","Microsoft-Windows-AppReadiness","'AdobeAcrobatReaderCoreApp_pc75e8sa7ep4e' install failed for S-1-12-1-2357405129-1281513531-255772574-1816207334. Error: 'Install failed. Please contact your software vendor.' (0.3570643 seconds)"
"28-05-2026 10:20:46","241","Information","Microsoft-Windows-AppReadiness","Task 'install::AdobeAcrobatReaderCoreApp_pc75e8sa7ep4e' is removed for S-1-12-1-2357405129-1281513531-255772574-1816207334, tasks: 1"
"28-05-2026 10:20:46","218","Information","Microsoft-Windows-AppReadiness","'AdobeAcrobatReaderCoreApp_pc75e8sa7ep4e' install failed for S-1-12-1-2357405129-1281513531-255772574-1816207334 and will be attempted after ‎2026‎-‎05‎-‎28T04:55:46.814512400Z."
"28-05-2026 10:20:46","10","Error","Microsoft-Windows-AppReadiness","The Appx operation 'RegisterPackageAsync' on 'AdobeAcrobatReaderCoreApp_26.0.0.1_x64__pc75e8sa7ep4e' failed for user 'S-1-12-1-2357405129-1281513531-255772574-1816207334' - Windows cannot install package AdobeAcrobatReaderCoreApp_26.0.0.1_x64__pc75e8sa7ep4e because it must be installed with an external location.. (Error: Install failed. Please contact your software vendor.)"
"28-05-2026 10:20:46","214","Error","Microsoft-Windows-AppReadiness","'Microsoft.VisualStudioCode_8wekyb3d8bbwe' install failed for S-1-12-1-2357405129-1281513531-255772574-1816207334. Error: 'Install failed. Please contact your software vendor.' (0.4072153 seconds)"
"28-05-2026 10:20:46","241","Information","Microsoft-Windows-AppReadiness","Task 'install::Microsoft.VisualStudioCode_8wekyb3d8bbwe' is removed for S-1-12-1-2357405129-1281513531-255772574-1816207334, tasks: 2"
"28-05-2026 10:20:46","218","Information","Microsoft-Windows-AppReadiness","'Microsoft.VisualStudioCode_8wekyb3d8bbwe' install failed for S-1-12-1-2357405129-1281513531-255772574-1816207334 and will be attempted after ‎2026‎-‎05‎-‎28T04:55:46.439495200Z."
"28-05-2026 10:20:46","10","Error","Microsoft-Windows-AppReadiness","The Appx operation 'RegisterPackageAsync' on 'Microsoft.VisualStudioCode_1.0.116.0_neutral__8wekyb3d8bbwe' failed for user 'S-1-12-1-2357405129-1281513531-255772574-1816207334' - Windows cannot install package Microsoft.VisualStudioCode_1.0.116.0_neutral__8wekyb3d8bbwe because it must be installed with an external location.. (Error: Install failed. Please contact your software vendor.)"
"28-05-2026 10:20:21","234","Information","Microsoft-Windows-AppReadiness","FWClosePolicyStore returns 0x0."
"28-05-2026 10:20:21","209","Information","Microsoft-Windows-AppReadiness","For 'S-1-12-1-2357405129-1281513531-255772574-1816207334' has changed mode from 'FirstLogon' to 'AfterLogon'"
"28-05-2026 10:20:21","209","Information","Microsoft-Windows-AppReadiness","For 'S-1-12-1-2357405129-1281513531-255772574-1816207334' has changed mode from 'BeforeLogon' to 'FirstLogon'"
"28-05-2026 10:20:21","240","Information","Microsoft-Windows-AppReadiness","Task 'ART:OemFirstRun' is added for S-1-12-1-2357405129-1281513531-255772574-1816207334, tasks: 3"
"28-05-2026 10:20:16","220","Information","Microsoft-Windows-AppReadiness","'ART:UserLogon' succeeded for S-1-12-1-2357405129-1281513531-255772574-1816207334. (0.004041 seconds)"
"28-05-2026 10:20:16","241","Information","Microsoft-Windows-AppReadiness","Task 'ART:UserLogon' is removed for S-1-12-1-2357405129-1281513531-255772574-1816207334, tasks: 2"
"28-05-2026 10:20:16","216","Information","Microsoft-Windows-AppReadiness","Activity for 'S-1-12-1-2357405129-1281513531-255772574-1816207334' has been suspended and will resume at ‎2026‎-‎05‎-‎28T10:20:46.020000000Z."
"28-05-2026 10:20:16","240","Information","Microsoft-Windows-AppReadiness","Task 'ART:UserLogon' is added for S-1-12-1-2357405129-1281513531-255772574-1816207334, tasks: 3"
"28-05-2026 10:20:16","240","Information","Microsoft-Windows-AppReadiness","Task 'install::Microsoft.VisualStudioCode_8wekyb3d8bbwe' is added for S-1-12-1-2357405129-1281513531-255772574-1816207334, tasks: 2"
"28-05-2026 10:20:16","240","Information","Microsoft-Windows-AppReadiness","Task 'install::AdobeAcrobatReaderCoreApp_pc75e8sa7ep4e' is added for S-1-12-1-2357405129-1281513531-255772574-1816207334, tasks: 1"
"28-05-2026 10:20:15","238","Information","Microsoft-Windows-AppReadiness","OnDemandRegisterWaitForCompletion returns 0x0."
"28-05-2026 10:20:15","236","Information","Microsoft-Windows-AppReadiness","OnDemandRegisterAsync returns 0x0."
"28-05-2026 10:20:13","232","Information","Microsoft-Windows-AppReadiness","FWOpenPolicyStore returns 0x0."
"28-05-2026 10:20:13","231","Information","Microsoft-Windows-AppReadiness","FWOpenPolicyStore starts."
"28-05-2026 10:20:13","209","Information","Microsoft-Windows-AppReadiness","For 'S-1-12-1-2357405129-1281513531-255772574-1816207334' has changed mode from 'AfterLogon' to 'BeforeLogon'"
"28-05-2026 10:20:13","100","Information","Microsoft-Windows-AppReadiness","App Readiness service has started."
"26-05-2026 09:48:51","101","Information","Microsoft-Windows-AppReadiness","App Readiness service has stopped."
"26-05-2026 09:48:51","209","Information","Microsoft-Windows-AppReadiness","For 'S-1-5-18' has changed mode from 'AfterLogon' to 'LoggingOff'"
"26-05-2026 09:48:51","209","Information","Microsoft-Windows-AppReadiness","For 'S-1-12-1-2357405129-1281513531-255772574-1816207334' has changed mode from 'AfterLogon' to 'LoggingOff'"
"26-05-2026 09:48:08","213","Information","Microsoft-Windows-AppReadiness","'Microsoft.OneDriveSync_8wekyb3d8bbwe' install succeeded for S-1-12-1-2357405129-1281513531-255772574-1816207334. (97.0759712 seconds)"
"26-05-2026 09:48:08","241","Information","Microsoft-Windows-AppReadiness","Task 'install::Microsoft.OneDriveSync_8wekyb3d8bbwe' is removed for S-1-12-1-2357405129-1281513531-255772574-1816207334, tasks: 0"
"26-05-2026 09:46:31","240","Information","Microsoft-Windows-AppReadiness","Task 'install::Microsoft.OneDriveSync_8wekyb3d8bbwe' is added for S-1-12-1-2357405129-1281513531-255772574-1816207334, tasks: 1"
"26-05-2026 09:46:31","238","Information","Microsoft-Windows-AppReadiness","OnDemandRegisterWaitForCompletion returns 0x0."
"26-05-2026 09:46:30","236","Information","Microsoft-Windows-AppReadiness","OnDemandRegisterAsync returns 0x0."
"26-05-2026 09:46:27","211","Information","Microsoft-Windows-AppReadiness","App Readiness service has completed tasks for S-1-5-18."
"26-05-2026 09:46:27","220","Information","Microsoft-Windows-AppReadiness","'packageChanges-2' succeeded for S-1-5-18. (0.0020107 seconds)"
"26-05-2026 09:46:27","241","Information","Microsoft-Windows-AppReadiness","Task 'packageChanges-2' is removed for S-1-5-18, tasks: 0"
"26-05-2026 09:46:27","109","Information","Microsoft-Windows-AppReadiness","App Readiness service has been notified of new apps. (Source: DISM, Error: The operation completed successfully.)"
"26-05-2026 09:46:27","240","Information","Microsoft-Windows-AppReadiness","Task 'packageChanges-2' is added for S-1-5-18, tasks: 1"
"26-05-2026 09:46:22","211","Information","Microsoft-Windows-AppReadiness","App Readiness service has completed tasks for S-1-12-1-2357405129-1281513531-255772574-1816207334."
"26-05-2026 09:46:22","214","Error","Microsoft-Windows-AppReadiness","'AdobeAcrobatReaderCoreApp_pc75e8sa7ep4e' install failed for S-1-12-1-2357405129-1281513531-255772574-1816207334. Error: 'Install failed. Please contact your software vendor.' (0.1212661 seconds)"
"26-05-2026 09:46:22","241","Information","Microsoft-Windows-AppReadiness","Task 'install::AdobeAcrobatReaderCoreApp_pc75e8sa7ep4e' is removed for S-1-12-1-2357405129-1281513531-255772574-1816207334, tasks: 0"
"26-05-2026 09:46:22","218","Information","Microsoft-Windows-AppReadiness","'AdobeAcrobatReaderCoreApp_pc75e8sa7ep4e' install failed for S-1-12-1-2357405129-1281513531-255772574-1816207334 and will be attempted after ‎2026‎-‎05‎-‎26T04:21:22.297666100Z."
"26-05-2026 09:46:22","10","Error","Microsoft-Windows-AppReadiness","The Appx operation 'RegisterPackageAsync' on 'AdobeAcrobatReaderCoreApp_26.0.0.1_x64__pc75e8sa7ep4e' failed for user 'S-1-12-1-2357405129-1281513531-255772574-1816207334' - Windows cannot install package AdobeAcrobatReaderCoreApp_26.0.0.1_x64__pc75e8sa7ep4e because it must be installed with an external location.. (Error: Install failed. Please contact your software vendor.)"
"26-05-2026 09:46:22","213","Information","Microsoft-Windows-AppReadiness","'Microsoft.OneDriveSync_8wekyb3d8bbwe' install succeeded for S-1-12-1-2357405129-1281513531-255772574-1816207334. (0.0100329 seconds)"
"26-05-2026 09:46:22","241","Information","Microsoft-Windows-AppReadiness","Task 'install::Microsoft.OneDriveSync_8wekyb3d8bbwe' is removed for S-1-12-1-2357405129-1281513531-255772574-1816207334, tasks: 1"
"26-05-2026 09:46:22","214","Error","Microsoft-Windows-AppReadiness","'Microsoft.VisualStudioCode_8wekyb3d8bbwe' install failed for S-1-12-1-2357405129-1281513531-255772574-1816207334. Error: 'Install failed. Please contact your software vendor.' (0.1440199 seconds)"
"26-05-2026 09:46:22","241","Information","Microsoft-Windows-AppReadiness","Task 'install::Microsoft.VisualStudioCode_8wekyb3d8bbwe' is removed for S-1-12-1-2357405129-1281513531-255772574-1816207334, tasks: 2"
"26-05-2026 09:46:22","218","Information","Microsoft-Windows-AppReadiness","'Microsoft.VisualStudioCode_8wekyb3d8bbwe' install failed for S-1-12-1-2357405129-1281513531-255772574-1816207334 and will be attempted after ‎2026‎-‎05‎-‎26T04:21:22.156852300Z."
"26-05-2026 09:46:22","10","Error","Microsoft-Windows-AppReadiness","The Appx operation 'RegisterPackageAsync' on 'Microsoft.VisualStudioCode_1.0.116.0_neutral__8wekyb3d8bbwe' failed for user 'S-1-12-1-2357405129-1281513531-255772574-1816207334' - Windows cannot install package Microsoft.VisualStudioCode_1.0.116.0_neutral__8wekyb3d8bbwe because it must be installed with an external location.. (Error: Install failed. Please contact your software vendor.)"
"26-05-2026 09:46:21","240","Information","Microsoft-Windows-AppReadiness","Task 'install::Microsoft.VisualStudioCode_8wekyb3d8bbwe' is added for S-1-12-1-2357405129-1281513531-255772574-1816207334, tasks: 3"
"26-05-2026 09:46:21","240","Information","Microsoft-Windows-AppReadiness","Task 'install::Microsoft.OneDriveSync_8wekyb3d8bbwe' is added for S-1-12-1-2357405129-1281513531-255772574-1816207334, tasks: 2"
"26-05-2026 09:46:21","240","Information","Microsoft-Windows-AppReadiness","Task 'install::AdobeAcrobatReaderCoreApp_pc75e8sa7ep4e' is added for S-1-12-1-2357405129-1281513531-255772574-1816207334, tasks: 1"
"26-05-2026 09:46:21","238","Information","Microsoft-Windows-AppReadiness","OnDemandRegisterWaitForCompletion returns 0x0."
"26-05-2026 09:46:21","236","Information","Microsoft-Windows-AppReadiness","OnDemandRegisterAsync returns 0x0."
"26-05-2026 09:46:21","211","Information","Microsoft-Windows-AppReadiness","App Readiness service has completed tasks for S-1-5-18."
"26-05-2026 09:46:21","220","Information","Microsoft-Windows-AppReadiness","'packageChanges-1' succeeded for S-1-5-18. (0.0060381 seconds)"
"26-05-2026 09:46:21","241","Information","Microsoft-Windows-AppReadiness","Task 'packageChanges-1' is removed for S-1-5-18, tasks: 0"
"26-05-2026 09:46:21","109","Information","Microsoft-Windows-AppReadiness","App Readiness service has been notified of new apps. (Source: DISM, Error: The operation completed successfully.)"
"26-05-2026 09:46:21","240","Information","Microsoft-Windows-AppReadiness","Task 'packageChanges-1' is added for S-1-5-18, tasks: 1"
"26-05-2026 09:46:21","100","Information","Microsoft-Windows-AppReadiness","App Readiness service has started."
"25-05-2026 09:08:43","101","Information","Microsoft-Windows-AppReadiness","App Readiness service has stopped."
"25-05-2026 09:08:43","209","Information","Microsoft-Windows-AppReadiness","For 'S-1-5-18' has changed mode from 'AfterLogon' to 'LoggingOff'"
"25-05-2026 09:08:43","209","Information","Microsoft-Windows-AppReadiness","For 'S-1-12-1-2357405129-1281513531-255772574-1816207334' has changed mode from 'AfterLogon' to 'LoggingOff'"
"25-05-2026 09:06:16","211","Information","Microsoft-Windows-AppReadiness","App Readiness service has completed tasks for S-1-12-1-2357405129-1281513531-255772574-1816207334."
"25-05-2026 09:06:16","214","Error","Microsoft-Windows-AppReadiness","'AdobeAcrobatReaderCoreApp_pc75e8sa7ep4e' install failed for S-1-12-1-2357405129-1281513531-255772574-1816207334. Error: 'Install failed. Please contact your software vendor.' (0.5154947 seconds)"
"25-05-2026 09:06:16","241","Information","Microsoft-Windows-AppReadiness","Task 'install::AdobeAcrobatReaderCoreApp_pc75e8sa7ep4e' is removed for S-1-12-1-2357405129-1281513531-255772574-1816207334, tasks: 0"
"25-05-2026 09:06:16","218","Information","Microsoft-Windows-AppReadiness","'AdobeAcrobatReaderCoreApp_pc75e8sa7ep4e' install failed for S-1-12-1-2357405129-1281513531-255772574-1816207334 and will be attempted after ‎2026‎-‎05‎-‎25T03:41:16.374289400Z."
"25-05-2026 09:06:16","10","Error","Microsoft-Windows-AppReadiness","The Appx operation 'RegisterPackageAsync' on 'AdobeAcrobatReaderCoreApp_26.0.0.1_x64__pc75e8sa7ep4e' failed for user 'S-1-12-1-2357405129-1281513531-255772574-1816207334' - Windows cannot install package AdobeAcrobatReaderCoreApp_26.0.0.1_x64__pc75e8sa7ep4e because it must be installed with an external location.. (Error: Install failed. Please contact your software vendor.)"
"25-05-2026 09:06:15","213","Information","Microsoft-Windows-AppReadiness","'Microsoft.OneDriveSync_8wekyb3d8bbwe' install succeeded for S-1-12-1-2357405129-1281513531-255772574-1816207334. (1.2704894 seconds)"
"25-05-2026 09:06:15","241","Information","Microsoft-Windows-AppReadiness","Task 'install::Microsoft.OneDriveSync_8wekyb3d8bbwe' is removed for S-1-12-1-2357405129-1281513531-255772574-1816207334, tasks: 1"
"25-05-2026 09:06:14","214","Error","Microsoft-Windows-AppReadiness","'Microsoft.VisualStudioCode_8wekyb3d8bbwe' install failed for S-1-12-1-2357405129-1281513531-255772574-1816207334. Error: 'Install failed. Please contact your software vendor.' (0.3279657 seconds)"
"25-05-2026 09:06:14","241","Information","Microsoft-Windows-AppReadiness","Task 'install::Microsoft.VisualStudioCode_8wekyb3d8bbwe' is removed for S-1-12-1-2357405129-1281513531-255772574-1816207334, tasks: 2"
"25-05-2026 09:06:14","218","Information","Microsoft-Windows-AppReadiness","'Microsoft.VisualStudioCode_8wekyb3d8bbwe' install failed for S-1-12-1-2357405129-1281513531-255772574-1816207334 and will be attempted after ‎2026‎-‎05‎-‎25T03:41:14.559871900Z."
"25-05-2026 09:06:14","10","Error","Microsoft-Windows-AppReadiness","The Appx operation 'RegisterPackageAsync' on 'Microsoft.VisualStudioCode_1.0.116.0_neutral__8wekyb3d8bbwe' failed for user 'S-1-12-1-2357405129-1281513531-255772574-1816207334' - Windows cannot install package Microsoft.VisualStudioCode_1.0.116.0_neutral__8wekyb3d8bbwe because it must be installed with an external location.. (Error: Install failed. Please contact your software vendor.)"
"25-05-2026 09:06:14","240","Information","Microsoft-Windows-AppReadiness","Task 'install::Microsoft.VisualStudioCode_8wekyb3d8bbwe' is added for S-1-12-1-2357405129-1281513531-255772574-1816207334, tasks: 3"
"25-05-2026 09:06:14","240","Information","Microsoft-Windows-AppReadiness","Task 'install::Microsoft.OneDriveSync_8wekyb3d8bbwe' is added for S-1-12-1-2357405129-1281513531-255772574-1816207334, tasks: 2"
"25-05-2026 09:06:14","240","Information","Microsoft-Windows-AppReadiness","Task 'install::AdobeAcrobatReaderCoreApp_pc75e8sa7ep4e' is added for S-1-12-1-2357405129-1281513531-255772574-1816207334, tasks: 1"
"25-05-2026 09:06:14","238","Information","Microsoft-Windows-AppReadiness","OnDemandRegisterWaitForCompletion returns 0x0."
"25-05-2026 09:06:14","236","Information","Microsoft-Windows-AppReadiness","OnDemandRegisterAsync returns 0x0."
"25-05-2026 09:06:13","211","Information","Microsoft-Windows-AppReadiness","App Readiness service has completed tasks for S-1-5-18."
"25-05-2026 09:06:13","220","Information","Microsoft-Windows-AppReadiness","'packageChanges-1' succeeded for S-1-5-18. (0.0156838 seconds)"
"25-05-2026 09:06:13","241","Information","Microsoft-Windows-AppReadiness","Task 'packageChanges-1' is removed for S-1-5-18, tasks: 0"
"25-05-2026 09:06:13","109","Information","Microsoft-Windows-AppReadiness","App Readiness service has been notified of new apps. (Source: DISM, Error: The operation completed successfully.)"
"25-05-2026 09:06:13","240","Information","Microsoft-Windows-AppReadiness","Task 'packageChanges-1' is added for S-1-5-18, tasks: 1"
"25-05-2026 09:06:13","100","Information","Microsoft-Windows-AppReadiness","App Readiness service has started."
"25-05-2026 09:05:46","101","Information","Microsoft-Windows-AppReadiness","App Readiness service has stopped."
"25-05-2026 09:05:46","209","Information","Microsoft-Windows-AppReadiness","For 'S-1-5-18' has changed mode from 'AfterLogon' to 'LoggingOff'"
"25-05-2026 09:05:46","209","Information","Microsoft-Windows-AppReadiness","For 'S-1-12-1-2357405129-1281513531-255772574-1816207334' has changed mode from 'AfterLogon' to 'LoggingOff'"
"25-05-2026 09:03:17","211","Information","Microsoft-Windows-AppReadiness","App Readiness service has completed tasks for S-1-12-1-2357405129-1281513531-255772574-1816207334."
"25-05-2026 09:03:17","214","Error","Microsoft-Windows-AppReadiness","'AdobeAcrobatReaderCoreApp_pc75e8sa7ep4e' install failed for S-1-12-1-2357405129-1281513531-255772574-1816207334. Error: 'Install failed. Please contact your software vendor.' (0.1832622 seconds)"
"25-05-2026 09:03:17","241","Information","Microsoft-Windows-AppReadiness","Task 'install::AdobeAcrobatReaderCoreApp_pc75e8sa7ep4e' is removed for S-1-12-1-2357405129-1281513531-255772574-1816207334, tasks: 0"
"25-05-2026 09:03:17","218","Information","Microsoft-Windows-AppReadiness","'AdobeAcrobatReaderCoreApp_pc75e8sa7ep4e' install failed for S-1-12-1-2357405129-1281513531-255772574-1816207334 and will be attempted after ‎2026‎-‎05‎-‎25T03:38:17.190090700Z."
"25-05-2026 09:03:17","10","Error","Microsoft-Windows-AppReadiness","The Appx operation 'RegisterPackageAsync' on 'AdobeAcrobatReaderCoreApp_26.0.0.1_x64__pc75e8sa7ep4e' failed for user 'S-1-12-1-2357405129-1281513531-255772574-1816207334' - Windows cannot install package AdobeAcrobatReaderCoreApp_26.0.0.1_x64__pc75e8sa7ep4e because it must be installed with an external location.. (Error: Install failed. Please contact your software vendor.)"
"25-05-2026 09:03:17","213","Information","Microsoft-Windows-AppReadiness","'Microsoft.OneDriveSync_8wekyb3d8bbwe' install succeeded for S-1-12-1-2357405129-1281513531-255772574-1816207334. (0.0098025 seconds)"
"25-05-2026 09:03:17","241","Information","Microsoft-Windows-AppReadiness","Task 'install::Microsoft.OneDriveSync_8wekyb3d8bbwe' is removed for S-1-12-1-2357405129-1281513531-255772574-1816207334, tasks: 1"
"25-05-2026 09:03:16","214","Error","Microsoft-Windows-AppReadiness","'Microsoft.VisualStudioCode_8wekyb3d8bbwe' install failed for S-1-12-1-2357405129-1281513531-255772574-1816207334. Error: 'Install failed. Please contact your software vendor.' (0.1780464 seconds)"
"25-05-2026 09:03:16","241","Information","Microsoft-Windows-AppReadiness","Task 'install::Microsoft.VisualStudioCode_8wekyb3d8bbwe' is removed for S-1-12-1-2357405129-1281513531-255772574-1816207334, tasks: 2"
"25-05-2026 09:03:16","218","Information","Microsoft-Windows-AppReadiness","'Microsoft.VisualStudioCode_8wekyb3d8bbwe' install failed for S-1-12-1-2357405129-1281513531-255772574-1816207334 and will be attempted after ‎2026‎-‎05‎-‎25T03:38:16.974905900Z."
"25-05-2026 09:03:16","10","Error","Microsoft-Windows-AppReadiness","The Appx operation 'RegisterPackageAsync' on 'Microsoft.VisualStudioCode_1.0.116.0_neutral__8wekyb3d8bbwe' failed for user 'S-1-12-1-2357405129-1281513531-255772574-1816207334' - Windows cannot install package Microsoft.VisualStudioCode_1.0.116.0_neutral__8wekyb3d8bbwe because it must be installed with an external location.. (Error: Install failed. Please contact your software vendor.)"
"25-05-2026 09:03:16","211","Information","Microsoft-Windows-AppReadiness","App Readiness service has completed tasks for S-1-5-18."
"25-05-2026 09:03:16","220","Information","Microsoft-Windows-AppReadiness","'packageChanges-1' succeeded for S-1-5-18. (0.0169416 seconds)"
"25-05-2026 09:03:16","241","Information","Microsoft-Windows-AppReadiness","Task 'packageChanges-1' is removed for S-1-5-18, tasks: 0"
"25-05-2026 09:03:16","240","Information","Microsoft-Windows-AppReadiness","Task 'install::Microsoft.VisualStudioCode_8wekyb3d8bbwe' is added for S-1-12-1-2357405129-1281513531-255772574-1816207334, tasks: 3"
"25-05-2026 09:03:16","240","Information","Microsoft-Windows-AppReadiness","Task 'install::Microsoft.OneDriveSync_8wekyb3d8bbwe' is added for S-1-12-1-2357405129-1281513531-255772574-1816207334, tasks: 2"
"25-05-2026 09:03:16","240","Information","Microsoft-Windows-AppReadiness","Task 'install::AdobeAcrobatReaderCoreApp_pc75e8sa7ep4e' is added for S-1-12-1-2357405129-1281513531-255772574-1816207334, tasks: 1"
"25-05-2026 09:03:16","238","Information","Microsoft-Windows-AppReadiness","OnDemandRegisterWaitForCompletion returns 0x0."
"25-05-2026 09:03:16","236","Information","Microsoft-Windows-AppReadiness","OnDemandRegisterAsync returns 0x0."
"25-05-2026 09:03:16","109","Information","Microsoft-Windows-AppReadiness","App Readiness service has been notified of new apps. (Source: DISM, Error: The operation completed successfully.)"
"25-05-2026 09:03:16","240","Information","Microsoft-Windows-AppReadiness","Task 'packageChanges-1' is added for S-1-5-18, tasks: 1"
"25-05-2026 09:03:16","100","Information","Microsoft-Windows-AppReadiness","App Readiness service has started."
"25-05-2026 09:03:01","101","Information","Microsoft-Windows-AppReadiness","App Readiness service has stopped."
"25-05-2026 09:03:01","209","Information","Microsoft-Windows-AppReadiness","For 'S-1-5-18' has changed mode from 'AfterLogon' to 'LoggingOff'"
"25-05-2026 09:03:01","209","Information","Microsoft-Windows-AppReadiness","For 'S-1-12-1-2357405129-1281513531-255772574-1816207334' has changed mode from 'AfterLogon' to 'LoggingOff'"
"25-05-2026 09:01:33","220","Information","Microsoft-Windows-AppReadiness","'ART:OemFirstRun' succeeded for S-1-12-1-2357405129-1281513531-255772574-1816207334. (0.0010329 seconds)"
"25-05-2026 09:01:33","241","Information","Microsoft-Windows-AppReadiness","Task 'ART:OemFirstRun' is removed for S-1-12-1-2357405129-1281513531-255772574-1816207334, tasks: 0"
"25-05-2026 09:01:33","211","Information","Microsoft-Windows-AppReadiness","App Readiness service has completed tasks for S-1-12-1-2357405129-1281513531-255772574-1816207334."
"25-05-2026 09:01:33","214","Error","Microsoft-Windows-AppReadiness","'AdobeAcrobatReaderCoreApp_pc75e8sa7ep4e' install failed for S-1-12-1-2357405129-1281513531-255772574-1816207334. Error: 'Install failed. Please contact your software vendor.' (0.2428614 seconds)"
"25-05-2026 09:01:33","241","Information","Microsoft-Windows-AppReadiness","Task 'install::AdobeAcrobatReaderCoreApp_pc75e8sa7ep4e' is removed for S-1-12-1-2357405129-1281513531-255772574-1816207334, tasks: 1"
"25-05-2026 09:01:33","218","Information","Microsoft-Windows-AppReadiness","'AdobeAcrobatReaderCoreApp_pc75e8sa7ep4e' install failed for S-1-12-1-2357405129-1281513531-255772574-1816207334 and will be attempted after ‎2026‎-‎05‎-‎25T03:36:33.223819500Z."
"25-05-2026 09:01:33","10","Error","Microsoft-Windows-AppReadiness","The Appx operation 'RegisterPackageAsync' on 'AdobeAcrobatReaderCoreApp_26.0.0.1_x64__pc75e8sa7ep4e' failed for user 'S-1-12-1-2357405129-1281513531-255772574-1816207334' - Windows cannot install package AdobeAcrobatReaderCoreApp_26.0.0.1_x64__pc75e8sa7ep4e because it must be installed with an external location.. (Error: Install failed. Please contact your software vendor.)"
"25-05-2026 09:01:32","214","Error","Microsoft-Windows-AppReadiness","'Microsoft.VisualStudioCode_8wekyb3d8bbwe' install failed for S-1-12-1-2357405129-1281513531-255772574-1816207334. Error: 'Install failed. Please contact your software vendor.' (0.3087701 seconds)"
"25-05-2026 09:01:32","241","Information","Microsoft-Windows-AppReadiness","Task 'install::Microsoft.VisualStudioCode_8wekyb3d8bbwe' is removed for S-1-12-1-2357405129-1281513531-255772574-1816207334, tasks: 2"
"25-05-2026 09:01:32","218","Information","Microsoft-Windows-AppReadiness","'Microsoft.VisualStudioCode_8wekyb3d8bbwe' install failed for S-1-12-1-2357405129-1281513531-255772574-1816207334 and will be attempted after ‎2026‎-‎05‎-‎25T03:36:32.961594700Z."
"25-05-2026 09:01:32","10","Error","Microsoft-Windows-AppReadiness","The Appx operation 'RegisterPackageAsync' on 'Microsoft.VisualStudioCode_1.0.116.0_neutral__8wekyb3d8bbwe' failed for user 'S-1-12-1-2357405129-1281513531-255772574-1816207334' - Windows cannot install package Microsoft.VisualStudioCode_1.0.116.0_neutral__8wekyb3d8bbwe because it must be installed with an external location.. (Error: Install failed. Please contact your software vendor.)"
"25-05-2026 09:01:32","234","Information","Microsoft-Windows-AppReadiness","FWClosePolicyStore returns 0x0."
"25-05-2026 09:01:32","209","Information","Microsoft-Windows-AppReadiness","For 'S-1-12-1-2357405129-1281513531-255772574-1816207334' has changed mode from 'FirstLogon' to 'AfterLogon'"
"25-05-2026 09:01:32","209","Information","Microsoft-Windows-AppReadiness","For 'S-1-12-1-2357405129-1281513531-255772574-1816207334' has changed mode from 'BeforeLogon' to 'FirstLogon'"
"25-05-2026 09:01:32","240","Information","Microsoft-Windows-AppReadiness","Task 'ART:OemFirstRun' is added for S-1-12-1-2357405129-1281513531-255772574-1816207334, tasks: 3"
"25-05-2026 09:00:32","220","Information","Microsoft-Windows-AppReadiness","'ART:UserLogon' succeeded for S-1-12-1-2357405129-1281513531-255772574-1816207334. (0.0040163 seconds)"
"25-05-2026 09:00:32","241","Information","Microsoft-Windows-AppReadiness","Task 'ART:UserLogon' is removed for S-1-12-1-2357405129-1281513531-255772574-1816207334, tasks: 2"
"25-05-2026 09:00:32","216","Information","Microsoft-Windows-AppReadiness","Activity for 'S-1-12-1-2357405129-1281513531-255772574-1816207334' has been suspended and will resume at ‎2026‎-‎05‎-‎25T09:01:02.562000000Z."
"25-05-2026 09:00:32","240","Information","Microsoft-Windows-AppReadiness","Task 'ART:UserLogon' is added for S-1-12-1-2357405129-1281513531-255772574-1816207334, tasks: 3"
"25-05-2026 09:00:32","240","Information","Microsoft-Windows-AppReadiness","Task 'install::Microsoft.VisualStudioCode_8wekyb3d8bbwe' is added for S-1-12-1-2357405129-1281513531-255772574-1816207334, tasks: 2"
"25-05-2026 09:00:32","240","Information","Microsoft-Windows-AppReadiness","Task 'install::AdobeAcrobatReaderCoreApp_pc75e8sa7ep4e' is added for S-1-12-1-2357405129-1281513531-255772574-1816207334, tasks: 1"
"25-05-2026 09:00:32","238","Information","Microsoft-Windows-AppReadiness","OnDemandRegisterWaitForCompletion returns 0x0."
"25-05-2026 09:00:32","236","Information","Microsoft-Windows-AppReadiness","OnDemandRegisterAsync returns 0x0."
"25-05-2026 09:00:31","232","Information","Microsoft-Windows-AppReadiness","FWOpenPolicyStore returns 0x0."
"25-05-2026 09:00:31","231","Information","Microsoft-Windows-AppReadiness","FWOpenPolicyStore starts."
"25-05-2026 09:00:31","209","Information","Microsoft-Windows-AppReadiness","For 'S-1-12-1-2357405129-1281513531-255772574-1816207334' has changed mode from 'AfterLogon' to 'BeforeLogon'"
"25-05-2026 09:00:31","100","Information","Microsoft-Windows-AppReadiness","App Readiness service has started."
"23-05-2026 21:52:13","101","Information","Microsoft-Windows-AppReadiness","App Readiness service has stopped."
"23-05-2026 21:52:13","209","Information","Microsoft-Windows-AppReadiness","For 'S-1-5-18' has changed mode from 'AfterLogon' to 'LoggingOff'"
"23-05-2026 21:52:13","209","Information","Microsoft-Windows-AppReadiness","For 'S-1-12-1-2357405129-1281513531-255772574-1816207334' has changed mode from 'AfterLogon' to 'LoggingOff'"
"23-05-2026 21:51:08","213","Information","Microsoft-Windows-AppReadiness","'Microsoft.MicrosoftOfficeHub_8wekyb3d8bbwe' install succeeded for S-1-12-1-2357405129-1281513531-255772574-1816207334. (0.1311275 seconds)"
"23-05-2026 21:51:08","241","Information","Microsoft-Windows-AppReadiness","Task 'install::Microsoft.MicrosoftOfficeHub_8wekyb3d8bbwe' is removed for S-1-12-1-2357405129-1281513531-255772574-1816207334, tasks: 0"
"23-05-2026 21:51:08","213","Information","Microsoft-Windows-AppReadiness","'Microsoft.OneDriveSync_8wekyb3d8bbwe' install succeeded for S-1-12-1-2357405129-1281513531-255772574-1816207334. (0.0201536 seconds)"
"23-05-2026 21:51:08","241","Information","Microsoft-Windows-AppReadiness","Task 'install::Microsoft.OneDriveSync_8wekyb3d8bbwe' is removed for S-1-12-1-2357405129-1281513531-255772574-1816207334, tasks: 1"
"23-05-2026 21:51:08","211","Information","Microsoft-Windows-AppReadiness","App Readiness service has completed tasks for S-1-5-18."
"23-05-2026 21:51:08","220","Information","Microsoft-Windows-AppReadiness","'packageChanges-1' succeeded for S-1-5-18. (0.0024965 seconds)"
"23-05-2026 21:51:08","241","Information","Microsoft-Windows-AppReadiness","Task 'packageChanges-1' is removed for S-1-5-18, tasks: 0"
"23-05-2026 21:51:08","240","Information","Microsoft-Windows-AppReadiness","Task 'install::Microsoft.OneDriveSync_8wekyb3d8bbwe' is added for S-1-12-1-2357405129-1281513531-255772574-1816207334, tasks: 2"
"23-05-2026 21:51:08","240","Information","Microsoft-Windows-AppReadiness","Task 'install::Microsoft.MicrosoftOfficeHub_8wekyb3d8bbwe' is added for S-1-12-1-2357405129-1281513531-255772574-1816207334, tasks: 1"
"23-05-2026 21:51:08","238","Information","Microsoft-Windows-AppReadiness","OnDemandRegisterWaitForCompletion returns 0x0."
"23-05-2026 21:51:08","236","Information","Microsoft-Windows-AppReadiness","OnDemandRegisterAsync returns 0x0."
"23-05-2026 21:51:07","109","Information","Microsoft-Windows-AppReadiness","App Readiness service has been notified of new apps. (Source: DISM, Error: The operation completed successfully.)"
"23-05-2026 21:51:06","240","Information","Microsoft-Windows-AppReadiness","Task 'packageChanges-1' is added for S-1-5-18, tasks: 1"
"23-05-2026 21:50:18","220","Information","Microsoft-Windows-AppReadiness","'ART:OemFirstRun' succeeded for S-1-12-1-2357405129-1281513531-255772574-1816207334. (0.0030577 seconds)"
"23-05-2026 21:50:18","241","Information","Microsoft-Windows-AppReadiness","Task 'ART:OemFirstRun' is removed for S-1-12-1-2357405129-1281513531-255772574-1816207334, tasks: 0"
"23-05-2026 21:50:18","211","Information","Microsoft-Windows-AppReadiness","App Readiness service has completed tasks for S-1-12-1-2357405129-1281513531-255772574-1816207334."
"23-05-2026 21:50:18","214","Error","Microsoft-Windows-AppReadiness","'AdobeAcrobatReaderCoreApp_pc75e8sa7ep4e' install failed for S-1-12-1-2357405129-1281513531-255772574-1816207334. Error: 'Install failed. Please contact your software vendor.' (0.5338372 seconds)"
"23-05-2026 21:50:18","241","Information","Microsoft-Windows-AppReadiness","Task 'install::AdobeAcrobatReaderCoreApp_pc75e8sa7ep4e' is removed for S-1-12-1-2357405129-1281513531-255772574-1816207334, tasks: 1"
"23-05-2026 21:50:18","218","Information","Microsoft-Windows-AppReadiness","'AdobeAcrobatReaderCoreApp_pc75e8sa7ep4e' install failed for S-1-12-1-2357405129-1281513531-255772574-1816207334 and will be attempted after ‎2026‎-‎05‎-‎23T16:25:18.390873800Z."
"23-05-2026 21:50:18","10","Error","Microsoft-Windows-AppReadiness","The Appx operation 'RegisterPackageAsync' on 'AdobeAcrobatReaderCoreApp_26.0.0.1_x64__pc75e8sa7ep4e' failed for user 'S-1-12-1-2357405129-1281513531-255772574-1816207334' - Windows cannot install package AdobeAcrobatReaderCoreApp_26.0.0.1_x64__pc75e8sa7ep4e because it must be installed with an external location.. (Error: Install failed. Please contact your software vendor.)"
"23-05-2026 21:50:17","214","Error","Microsoft-Windows-AppReadiness","'Microsoft.VisualStudioCode_8wekyb3d8bbwe' install failed for S-1-12-1-2357405129-1281513531-255772574-1816207334. Error: 'Install failed. Please contact your software vendor.' (0.3596798 seconds)"
"23-05-2026 21:50:17","241","Information","Microsoft-Windows-AppReadiness","Task 'install::Microsoft.VisualStudioCode_8wekyb3d8bbwe' is removed for S-1-12-1-2357405129-1281513531-255772574-1816207334, tasks: 2"
"23-05-2026 21:50:17","218","Information","Microsoft-Windows-AppReadiness","'Microsoft.VisualStudioCode_8wekyb3d8bbwe' install failed for S-1-12-1-2357405129-1281513531-255772574-1816207334 and will be attempted after ‎2026‎-‎05‎-‎23T16:25:17.847474100Z."
"23-05-2026 21:50:17","10","Error","Microsoft-Windows-AppReadiness","The Appx operation 'RegisterPackageAsync' on 'Microsoft.VisualStudioCode_1.0.116.0_neutral__8wekyb3d8bbwe' failed for user 'S-1-12-1-2357405129-1281513531-255772574-1816207334' - Windows cannot install package Microsoft.VisualStudioCode_1.0.116.0_neutral__8wekyb3d8bbwe because it must be installed with an external location.. (Error: Install failed. Please contact your software vendor.)"
"23-05-2026 21:50:17","213","Information","Microsoft-Windows-AppReadiness","'MicrosoftWindows.CrossDevice_cw5n1h2txyewy' install succeeded for S-1-12-1-2357405129-1281513531-255772574-1816207334. (0.2119084 seconds)"
"23-05-2026 21:50:17","241","Information","Microsoft-Windows-AppReadiness","Task 'install::MicrosoftWindows.CrossDevice_cw5n1h2txyewy' is removed for S-1-12-1-2357405129-1281513531-255772574-1816207334, tasks: 3"
"23-05-2026 21:50:17","213","Information","Microsoft-Windows-AppReadiness","'Microsoft.MicrosoftStickyNotes_8wekyb3d8bbwe' install succeeded for S-1-12-1-2357405129-1281513531-255772574-1816207334. (0.2019827 seconds)"
"23-05-2026 21:50:17","241","Information","Microsoft-Windows-AppReadiness","Task 'install::Microsoft.MicrosoftStickyNotes_8wekyb3d8bbwe' is removed for S-1-12-1-2357405129-1281513531-255772574-1816207334, tasks: 4"
"23-05-2026 21:50:17","213","Information","Microsoft-Windows-AppReadiness","'Microsoft.MicrosoftOfficeHub_8wekyb3d8bbwe' install succeeded for S-1-12-1-2357405129-1281513531-255772574-1816207334. (2.1703861 seconds)"
"23-05-2026 21:50:17","241","Information","Microsoft-Windows-AppReadiness","Task 'install::Microsoft.MicrosoftOfficeHub_8wekyb3d8bbwe' is removed for S-1-12-1-2357405129-1281513531-255772574-1816207334, tasks: 5"
"23-05-2026 21:50:13","213","Information","Microsoft-Windows-AppReadiness","'Microsoft.WindowsNotepad_8wekyb3d8bbwe' install succeeded for S-1-12-1-2357405129-1281513531-255772574-1816207334. (2.1991214 seconds)"
"23-05-2026 21:50:13","241","Information","Microsoft-Windows-AppReadiness","Task 'install::Microsoft.WindowsNotepad_8wekyb3d8bbwe' is removed for S-1-12-1-2357405129-1281513531-255772574-1816207334, tasks: 6"
"23-05-2026 21:50:11","234","Information","Microsoft-Windows-AppReadiness","FWClosePolicyStore returns 0x0."
"23-05-2026 21:50:11","209","Information","Microsoft-Windows-AppReadiness","For 'S-1-12-1-2357405129-1281513531-255772574-1816207334' has changed mode from 'FirstLogon' to 'AfterLogon'"
"23-05-2026 21:50:11","209","Information","Microsoft-Windows-AppReadiness","For 'S-1-12-1-2357405129-1281513531-255772574-1816207334' has changed mode from 'BeforeLogon' to 'FirstLogon'"
"23-05-2026 21:50:11","240","Information","Microsoft-Windows-AppReadiness","Task 'ART:OemFirstRun' is added for S-1-12-1-2357405129-1281513531-255772574-1816207334, tasks: 7"
"23-05-2026 21:49:44","220","Information","Microsoft-Windows-AppReadiness","'ART:UserLogon' succeeded for S-1-12-1-2357405129-1281513531-255772574-1816207334. (0.0090599 seconds)"
"23-05-2026 21:49:44","241","Information","Microsoft-Windows-AppReadiness","Task 'ART:UserLogon' is removed for S-1-12-1-2357405129-1281513531-255772574-1816207334, tasks: 6"
"23-05-2026 21:49:44","216","Information","Microsoft-Windows-AppReadiness","Activity for 'S-1-12-1-2357405129-1281513531-255772574-1816207334' has been suspended and will resume at ‎2026‎-‎05‎-‎23T21:50:14.871000000Z."
"23-05-2026 21:49:44","240","Information","Microsoft-Windows-AppReadiness","Task 'ART:UserLogon' is added for S-1-12-1-2357405129-1281513531-255772574-1816207334, tasks: 7"
"23-05-2026 21:49:44","210","Information","Microsoft-Windows-AppReadiness","App Readiness service has found new tasks for S-1-12-1-2357405129-1281513531-255772574-1816207334."
"23-05-2026 21:49:44","240","Information","Microsoft-Windows-AppReadiness","Task 'install::Microsoft.MicrosoftOfficeHub_8wekyb3d8bbwe' is added for S-1-12-1-2357405129-1281513531-255772574-1816207334, tasks: 6"
"23-05-2026 21:49:44","240","Information","Microsoft-Windows-AppReadiness","Task 'install::Microsoft.MicrosoftStickyNotes_8wekyb3d8bbwe' is added for S-1-12-1-2357405129-1281513531-255772574-1816207334, tasks: 5"
"23-05-2026 21:49:44","240","Information","Microsoft-Windows-AppReadiness","Task 'install::MicrosoftWindows.CrossDevice_cw5n1h2txyewy' is added for S-1-12-1-2357405129-1281513531-255772574-1816207334, tasks: 4"
"23-05-2026 21:49:44","240","Information","Microsoft-Windows-AppReadiness","Task 'install::Microsoft.WindowsNotepad_8wekyb3d8bbwe' is added for S-1-12-1-2357405129-1281513531-255772574-1816207334, tasks: 3"
"23-05-2026 21:49:44","240","Information","Microsoft-Windows-AppReadiness","Task 'install::Microsoft.VisualStudioCode_8wekyb3d8bbwe' is added for S-1-12-1-2357405129-1281513531-255772574-1816207334, tasks: 2"
"23-05-2026 21:49:44","240","Information","Microsoft-Windows-AppReadiness","Task 'install::AdobeAcrobatReaderCoreApp_pc75e8sa7ep4e' is added for S-1-12-1-2357405129-1281513531-255772574-1816207334, tasks: 1"
"23-05-2026 21:49:44","238","Information","Microsoft-Windows-AppReadiness","OnDemandRegisterWaitForCompletion returns 0x0."
"23-05-2026 21:49:44","236","Information","Microsoft-Windows-AppReadiness","OnDemandRegisterAsync returns 0x0."
"23-05-2026 21:49:43","232","Information","Microsoft-Windows-AppReadiness","FWOpenPolicyStore returns 0x0."
"23-05-2026 21:49:43","231","Information","Microsoft-Windows-AppReadiness","FWOpenPolicyStore starts."
"23-05-2026 21:49:43","209","Information","Microsoft-Windows-AppReadiness","For 'S-1-12-1-2357405129-1281513531-255772574-1816207334' has changed mode from 'AfterLogon' to 'BeforeLogon'"
"23-05-2026 21:49:43","100","Information","Microsoft-Windows-AppReadiness","App Readiness service has started."
"23-05-2026 13:43:08","101","Information","Microsoft-Windows-AppReadiness","App Readiness service has stopped."
"23-05-2026 13:43:08","209","Information","Microsoft-Windows-AppReadiness","For 'S-1-5-18' has changed mode from 'AfterLogon' to 'LoggingOff'"
"23-05-2026 13:43:08","209","Information","Microsoft-Windows-AppReadiness","For 'S-1-12-1-2357405129-1281513531-255772574-1816207334' has changed mode from 'AfterLogon' to 'LoggingOff'"
"23-05-2026 13:40:40","211","Information","Microsoft-Windows-AppReadiness","App Readiness service has completed tasks for S-1-12-1-2357405129-1281513531-255772574-1816207334."
"23-05-2026 13:40:40","214","Error","Microsoft-Windows-AppReadiness","'AdobeAcrobatReaderCoreApp_pc75e8sa7ep4e' install failed for S-1-12-1-2357405129-1281513531-255772574-1816207334. Error: 'Install failed. Please contact your software vendor.' (0.2512859 seconds)"
"23-05-2026 13:40:40","241","Information","Microsoft-Windows-AppReadiness","Task 'install::AdobeAcrobatReaderCoreApp_pc75e8sa7ep4e' is removed for S-1-12-1-2357405129-1281513531-255772574-1816207334, tasks: 0"
"23-05-2026 13:40:40","218","Information","Microsoft-Windows-AppReadiness","'AdobeAcrobatReaderCoreApp_pc75e8sa7ep4e' install failed for S-1-12-1-2357405129-1281513531-255772574-1816207334 and will be attempted after ‎2026‎-‎05‎-‎23T08:15:40.182235500Z."
"23-05-2026 13:40:40","10","Error","Microsoft-Windows-AppReadiness","The Appx operation 'RegisterPackageAsync' on 'AdobeAcrobatReaderCoreApp_26.0.0.1_x64__pc75e8sa7ep4e' failed for user 'S-1-12-1-2357405129-1281513531-255772574-1816207334' - Windows cannot install package AdobeAcrobatReaderCoreApp_26.0.0.1_x64__pc75e8sa7ep4e because it must be installed with an external location.. (Error: Install failed. Please contact your software vendor.)"
"23-05-2026 13:40:39","213","Information","Microsoft-Windows-AppReadiness","'Microsoft.OneDriveSync_8wekyb3d8bbwe' install succeeded for S-1-12-1-2357405129-1281513531-255772574-1816207334. (0.0234558 seconds)"
"23-05-2026 13:40:39","241","Information","Microsoft-Windows-AppReadiness","Task 'install::Microsoft.OneDriveSync_8wekyb3d8bbwe' is removed for S-1-12-1-2357405129-1281513531-255772574-1816207334, tasks: 1"
"23-05-2026 13:40:39","214","Error","Microsoft-Windows-AppReadiness","'Microsoft.VisualStudioCode_8wekyb3d8bbwe' install failed for S-1-12-1-2357405129-1281513531-255772574-1816207334. Error: 'Install failed. Please contact your software vendor.' (0.2678056 seconds)"
"23-05-2026 13:40:39","241","Information","Microsoft-Windows-AppReadiness","Task 'install::Microsoft.VisualStudioCode_8wekyb3d8bbwe' is removed for S-1-12-1-2357405129-1281513531-255772574-1816207334, tasks: 2"
"23-05-2026 13:40:39","218","Information","Microsoft-Windows-AppReadiness","'Microsoft.VisualStudioCode_8wekyb3d8bbwe' install failed for S-1-12-1-2357405129-1281513531-255772574-1816207334 and will be attempted after ‎2026‎-‎05‎-‎23T08:15:39.897053900Z."
"23-05-2026 13:40:39","10","Error","Microsoft-Windows-AppReadiness","The Appx operation 'RegisterPackageAsync' on 'Microsoft.VisualStudioCode_1.0.116.0_neutral__8wekyb3d8bbwe' failed for user 'S-1-12-1-2357405129-1281513531-255772574-1816207334' - Windows cannot install package Microsoft.VisualStudioCode_1.0.116.0_neutral__8wekyb3d8bbwe because it must be installed with an external location.. (Error: Install failed. Please contact your software vendor.)"
"23-05-2026 13:40:39","214","Error","Microsoft-Windows-AppReadiness","'Microsoft.MicrosoftOfficeHub_8wekyb3d8bbwe' install failed for S-1-12-1-2357405129-1281513531-255772574-1816207334. Error: 'The package could not be installed because resources it modifies are currently in use.' (0.4194986 seconds)"
"23-05-2026 13:40:39","241","Information","Microsoft-Windows-AppReadiness","Task 'install::Microsoft.MicrosoftOfficeHub_8wekyb3d8bbwe' is removed for S-1-12-1-2357405129-1281513531-255772574-1816207334, tasks: 3"
"23-05-2026 13:40:39","218","Information","Microsoft-Windows-AppReadiness","'Microsoft.MicrosoftOfficeHub_8wekyb3d8bbwe' install failed for S-1-12-1-2357405129-1281513531-255772574-1816207334 and will be attempted after ‎2026‎-‎05‎-‎23T08:15:39.617581800Z."
"23-05-2026 13:40:39","10","Error","Microsoft-Windows-AppReadiness","The Appx operation 'RegisterPackageAsync' on 'Microsoft.MicrosoftOfficeHub_2026.519.2237.0_neutral_~_8wekyb3d8bbwe' failed for user 'S-1-12-1-2357405129-1281513531-255772574-1816207334' - error 0x80073D02: Unable to install because the following apps need to be closed Microsoft.MicrosoftOfficeHub_19.2605.49051.0_x64__8wekyb3d8bbwe.. (Error: The package could not be installed because resources it modifies are currently in use.)"
"23-05-2026 13:40:39","211","Information","Microsoft-Windows-AppReadiness","App Readiness service has completed tasks for S-1-5-18."
"23-05-2026 13:40:39","220","Information","Microsoft-Windows-AppReadiness","'packageChanges-1' succeeded for S-1-5-18. (0.017457 seconds)"
"23-05-2026 13:40:39","241","Information","Microsoft-Windows-AppReadiness","Task 'packageChanges-1' is removed for S-1-5-18, tasks: 0"
"23-05-2026 13:40:39","240","Information","Microsoft-Windows-AppReadiness","Task 'install::Microsoft.MicrosoftOfficeHub_8wekyb3d8bbwe' is added for S-1-12-1-2357405129-1281513531-255772574-1816207334, tasks: 4"
"23-05-2026 13:40:39","240","Information","Microsoft-Windows-AppReadiness","Task 'install::Microsoft.VisualStudioCode_8wekyb3d8bbwe' is added for S-1-12-1-2357405129-1281513531-255772574-1816207334, tasks: 3"
"23-05-2026 13:40:39","240","Information","Microsoft-Windows-AppReadiness","Task 'install::Microsoft.OneDriveSync_8wekyb3d8bbwe' is added for S-1-12-1-2357405129-1281513531-255772574-1816207334, tasks: 2"
"23-05-2026 13:40:39","240","Information","Microsoft-Windows-AppReadiness","Task 'install::AdobeAcrobatReaderCoreApp_pc75e8sa7ep4e' is added for S-1-12-1-2357405129-1281513531-255772574-1816207334, tasks: 1"
"23-05-2026 13:40:39","238","Information","Microsoft-Windows-AppReadiness","OnDemandRegisterWaitForCompletion returns 0x0."
"23-05-2026 13:40:38","236","Information","Microsoft-Windows-AppReadiness","OnDemandRegisterAsync returns 0x0."
"23-05-2026 13:40:38","109","Information","Microsoft-Windows-AppReadiness","App Readiness service has been notified of new apps. (Source: DISM, Error: The operation completed successfully.)"
"23-05-2026 13:40:38","240","Information","Microsoft-Windows-AppReadiness","Task 'packageChanges-1' is added for S-1-5-18, tasks: 1"
"23-05-2026 13:40:38","100","Information","Microsoft-Windows-AppReadiness","App Readiness service has started."
"23-05-2026 11:22:54","101","Information","Microsoft-Windows-AppReadiness","App Readiness service has stopped."
"23-05-2026 11:22:54","209","Information","Microsoft-Windows-AppReadiness","For 'S-1-5-18' has changed mode from 'AfterLogon' to 'LoggingOff'"
"23-05-2026 11:22:54","209","Information","Microsoft-Windows-AppReadiness","For 'S-1-12-1-2357405129-1281513531-255772574-1816207334' has changed mode from 'AfterLogon' to 'LoggingOff'"
"23-05-2026 11:22:39","211","Information","Microsoft-Windows-AppReadiness","App Readiness service has completed tasks for S-1-12-1-2357405129-1281513531-255772574-1816207334."
"23-05-2026 11:22:39","220","Information","Microsoft-Windows-AppReadiness","'ART:OemFirstRun' succeeded for S-1-12-1-2357405129-1281513531-255772574-1816207334. (0 seconds)"
"23-05-2026 11:22:39","241","Information","Microsoft-Windows-AppReadiness","Task 'ART:OemFirstRun' is removed for S-1-12-1-2357405129-1281513531-255772574-1816207334, tasks: 0"
"23-05-2026 11:22:39","210","Information","Microsoft-Windows-AppReadiness","App Readiness service has found new tasks for S-1-12-1-2357405129-1281513531-255772574-1816207334."
"23-05-2026 11:22:39","211","Information","Microsoft-Windows-AppReadiness","App Readiness service has completed tasks for S-1-12-1-2357405129-1281513531-255772574-1816207334."
