"14-07-2026 20:21:22","11010","Information","Microsoft-Windows-WLAN-AutoConfig","Wireless security started.

Network Adapter: Intel(R) Wi-Fi 7 BE201 320MHz
Interface GUID: {556d9bdf-d387-4ab9-be4c-a7e220faf218}
Local MAC Address: C0:A8:10:9D:15:AC
Network SSID: NIQ
BSS Type: Infrastructure
Authentication: WPA2-Enterprise
Encryption: AES-GCMP-128
FIPS Mode: Disabled
802.1x Enabled: Yes
"
"14-07-2026 20:21:21","11004","Information","Microsoft-Windows-WLAN-AutoConfig","Wireless security stopped.

Network Adapter: Intel(R) Wi-Fi 7 BE201 320MHz
Interface GUID: {556d9bdf-d387-4ab9-be4c-a7e220faf218}
Local MAC Address: C0:A8:10:9D:15:AC
Network SSID: NIQ
BSS Type: Infrastructure
Security Hint: The operation was successful.
"
"14-07-2026 20:16:29","11005","Information","Microsoft-Windows-WLAN-AutoConfig","Wireless security succeeded.

Network Adapter: Intel(R) Wi-Fi 7 BE201 320MHz
Interface GUID: {556d9bdf-d387-4ab9-be4c-a7e220faf218}
Local MAC Address: C0:A8:10:9D:15:AC
Network SSID: NIQ
BSS Type: Infrastructure
"
"14-07-2026 20:16:29","11010","Information","Microsoft-Windows-WLAN-AutoConfig","Wireless security started.

Network Adapter: Intel(R) Wi-Fi 7 BE201 320MHz
Interface GUID: {556d9bdf-d387-4ab9-be4c-a7e220faf218}
Local MAC Address: C0:A8:10:9D:15:AC
Network SSID: NIQ
BSS Type: Infrastructure
Authentication: WPA2-Enterprise
Encryption: AES-GCMP-128
FIPS Mode: Disabled
802.1x Enabled: Yes
"
"14-07-2026 20:16:28","11004","Information","Microsoft-Windows-WLAN-AutoConfig","Wireless security stopped.

Network Adapter: Intel(R) Wi-Fi 7 BE201 320MHz
Interface GUID: {556d9bdf-d387-4ab9-be4c-a7e220faf218}
Local MAC Address: C0:A8:10:9D:15:AC
Network SSID: NIQ
BSS Type: Infrastructure
Security Hint: The operation was successful.
"
"14-07-2026 20:16:16","11005","Information","Microsoft-Windows-WLAN-AutoConfig","Wireless security succeeded.

Network Adapter: Intel(R) Wi-Fi 7 BE201 320MHz
Interface GUID: {556d9bdf-d387-4ab9-be4c-a7e220faf218}
Local MAC Address: C0:A8:10:9D:15:AC
Network SSID: NIQ
BSS Type: Infrastructure
"
"14-07-2026 20:16:16","11010","Information","Microsoft-Windows-WLAN-AutoConfig","Wireless security started.

Network Adapter: Intel(R) Wi-Fi 7 BE201 320MHz
Interface GUID: {556d9bdf-d387-4ab9-be4c-a7e220faf218}
Local MAC Address: C0:A8:10:9D:15:AC
Network SSID: NIQ
BSS Type: Infrastructure
Authentication: WPA2-Enterprise
Encryption: AES-GCMP-128
FIPS Mode: Disabled
802.1x Enabled: Yes
"
"14-07-2026 20:16:15","11004","Information","Microsoft-Windows-WLAN-AutoConfig","Wireless security stopped.

Network Adapter: Intel(R) Wi-Fi 7 BE201 320MHz
Interface GUID: {556d9bdf-d387-4ab9-be4c-a7e220faf218}
Local MAC Address: C0:A8:10:9D:15:AC
Network SSID: NIQ
BSS Type: Infrastructure
Security Hint: The operation was successful.
"
"14-07-2026 20:08:37","11005","Information","Microsoft-Windows-WLAN-AutoConfig","Wireless security succeeded.

Network Adapter: Intel(R) Wi-Fi 7 BE201 320MHz
Interface GUID: {556d9bdf-d387-4ab9-be4c-a7e220faf218}
Local MAC Address: C0:A8:10:9D:15:AC
Network SSID: NIQ
BSS Type: Infrastructure
"
"14-07-2026 20:08:37","11010","Information","Microsoft-Windows-WLAN-AutoConfig","Wireless security started.

Network Adapter: Intel(R) Wi-Fi 7 BE201 320MHz
Interface GUID: {556d9bdf-d387-4ab9-be4c-a7e220faf218}
Local MAC Address: C0:A8:10:9D:15:AC
Network SSID: NIQ
BSS Type: Infrastructure
Authentication: WPA2-Enterprise
Encryption: AES-GCMP-128
FIPS Mode: Disabled
802.1x Enabled: Yes
"
"14-07-2026 20:08:36","11004","Information","Microsoft-Windows-WLAN-AutoConfig","Wireless security stopped.

Network Adapter: Intel(R) Wi-Fi 7 BE201 320MHz
Interface GUID: {556d9bdf-d387-4ab9-be4c-a7e220faf218}
Local MAC Address: C0:A8:10:9D:15:AC
Network SSID: NIQ
BSS Type: Infrastructure
Security Hint: The operation was successful.
"
"14-07-2026 19:48:05","11005","Information","Microsoft-Windows-WLAN-AutoConfig","Wireless security succeeded.

Network Adapter: Intel(R) Wi-Fi 7 BE201 320MHz
Interface GUID: {556d9bdf-d387-4ab9-be4c-a7e220faf218}
Local MAC Address: C0:A8:10:9D:15:AC
Network SSID: NIQ
BSS Type: Infrastructure
"
"14-07-2026 19:48:05","11010","Information","Microsoft-Windows-WLAN-AutoConfig","Wireless security started.

Network Adapter: Intel(R) Wi-Fi 7 BE201 320MHz
Interface GUID: {556d9bdf-d387-4ab9-be4c-a7e220faf218}
Local MAC Address: C0:A8:10:9D:15:AC
Network SSID: NIQ
BSS Type: Infrastructure
Authentication: WPA2-Enterprise
Encryption: AES-GCMP-128
FIPS Mode: Disabled
802.1x Enabled: Yes
"
"14-07-2026 19:48:05","11004","Information","Microsoft-Windows-WLAN-AutoConfig","Wireless security stopped.

Network Adapter: Intel(R) Wi-Fi 7 BE201 320MHz
Interface GUID: {556d9bdf-d387-4ab9-be4c-a7e220faf218}
Local MAC Address: C0:A8:10:9D:15:AC
Network SSID: NIQ
BSS Type: Infrastructure
Security Hint: The operation was successful.
"
