"10-08-2026 10:22:42","1001","Information","Microsoft-Windows-StorageManagement-WSP-Host","A Windows Storage Provider was loaded successfully.             
Provider: MISpace             
Provider DLL: mispace.dll"
"10-08-2026 10:22:42","2010","Information","Microsoft-Windows-StorageManagement-WSP-Spaces","The Windows Storage Spaces and Disk provider was loaded.             
Load time (milliseconds): 15             
Miresult: 0"
"10-08-2026 10:22:42","2023","Information","Microsoft-Windows-StorageManagement-WSP-Spaces","Successfully initialized the Storage Management Provider.             
Function: CSpProvider::Initialize             
Duration (milliseconds): 12"
"10-08-2026 10:22:42","2027","Information","Microsoft-Windows-StorageManagement-WSP-Spaces","Successfully initialized Extended Storage Spaces API.             
Function: SuInitializeEx             
Duration (milliseconds): 1"
"10-08-2026 10:22:42","1003","Information","Microsoft-Windows-StorageManagement-WSP-Host","Shutdown for the Windows Storage Provider host service has been completed."
"10-08-2026 10:22:42","2025","Information","Microsoft-Windows-StorageManagement-WSP-Spaces","Successfully cleaned up the Storage Management Provider.             
Function: CSpProvider::Cleanup             
Duration (milliseconds): 4"
"10-08-2026 10:22:42","2029","Information","Microsoft-Windows-StorageManagement-WSP-Spaces","Successfully cleaned up Extended Storage Spaces API.             
Function: SuCleanupEx             
Duration (milliseconds): 0"
"10-08-2026 10:22:42","8","Information","Microsoft-Windows-StorageManagement","The Windows Storage Management WMI Provider was loaded.                    
Load time (milliseconds): 0"
"10-08-2026 10:22:42","1002","Information","Microsoft-Windows-StorageManagement-WSP-Host","Shutdown has been initiated for the Windows Storage Provider host service."
"10-08-2026 10:07:42","9","Information","Microsoft-Windows-StorageManagement","A Windows Storage Management WMI enumeration operation was performed.                   
Class: MSFT_PhysicalDisk                   
ResultCount: 1                   
Operation time (milliseconds): 78"
"10-08-2026 10:07:42","8","Information","Microsoft-Windows-StorageManagement","The Windows Storage Management WMI Provider was loaded.                    
Load time (milliseconds): 0"
