"06-08-2026 18:57:48","1000","Warning","Microsoft-Windows-KnownFolders","Error 0x80070005 occurred while creating known folder {3eb685db-65f9-4cf6-a03a-e3ef65729f3d} with path 'C:\Windows\system32\config\systemprofile\AppData\Roaming'."
"06-08-2026 18:37:37","1002","Warning","Microsoft-Windows-KnownFolders","Error 0x80070005 occurred while verifying known folder {62ab5d82-fdc1-4dc3-a9dd-070d1d495d97} with path 'C:\ProgramData'."
"06-08-2026 18:27:37","1002","Warning","Microsoft-Windows-KnownFolders","Error 0x80070005 occurred while verifying known folder {62ab5d82-fdc1-4dc3-a9dd-070d1d495d97} with path 'C:\ProgramData'."
"06-08-2026 17:26:20","1002","Warning","Microsoft-Windows-KnownFolders","Error 0x80070005 occurred while verifying known folder {62ab5d82-fdc1-4dc3-a9dd-070d1d495d97} with path 'C:\ProgramData'."
"06-08-2026 16:57:48","1000","Warning","Microsoft-Windows-KnownFolders","Error 0x80070005 occurred while creating known folder {3eb685db-65f9-4cf6-a03a-e3ef65729f3d} with path 'C:\Windows\system32\config\systemprofile\AppData\Roaming'."
"06-08-2026 16:56:24","1002","Warning","Microsoft-Windows-KnownFolders","Error 0x80070002 occurred while verifying known folder {18989b1d-99b5-455b-841c-ab7c74e4ddfc} with path 'C:\Windows\system32\config\systemprofile\Videos'."
"06-08-2026 16:32:54","1002","Warning","Microsoft-Windows-KnownFolders","Error 0x80070005 occurred while verifying known folder {62ab5d82-fdc1-4dc3-a9dd-070d1d495d97} with path 'C:\ProgramData'."
"06-08-2026 16:27:37","1002","Warning","Microsoft-Windows-KnownFolders","Error 0x80070005 occurred while verifying known folder {62ab5d82-fdc1-4dc3-a9dd-070d1d495d97} with path 'C:\ProgramData'."
"06-08-2026 15:54:20","1002","Warning","Microsoft-Windows-KnownFolders","Error 0x80070002 occurred while verifying known folder {18989b1d-99b5-455b-841c-ab7c74e4ddfc} with path 'C:\Windows\system32\config\systemprofile\Videos'."
"06-08-2026 15:53:32","1002","Warning","Microsoft-Windows-KnownFolders","Error 0x80070002 occurred while verifying known folder {18989b1d-99b5-455b-841c-ab7c74e4ddfc} with path 'C:\Windows\system32\config\systemprofile\Videos'."
"06-08-2026 15:46:21","1002","Warning","Microsoft-Windows-KnownFolders","Error 0x80070002 occurred while verifying known folder {18989b1d-99b5-455b-841c-ab7c74e4ddfc} with path 'C:\Windows\system32\config\systemprofile\Videos'."
"06-08-2026 15:27:37","1002","Warning","Microsoft-Windows-KnownFolders","Error 0x80070005 occurred while verifying known folder {62ab5d82-fdc1-4dc3-a9dd-070d1d495d97} with path 'C:\ProgramData'."
"06-08-2026 14:57:48","1000","Warning","Microsoft-Windows-KnownFolders","Error 0x80070005 occurred while creating known folder {3eb685db-65f9-4cf6-a03a-e3ef65729f3d} with path 'C:\Windows\system32\config\systemprofile\AppData\Roaming'."
"06-08-2026 14:53:37","1002","Warning","Microsoft-Windows-KnownFolders","Error 0x80070002 occurred while verifying known folder {18989b1d-99b5-455b-841c-ab7c74e4ddfc} with path 'C:\Windows\system32\config\systemprofile\Videos'."
"06-08-2026 14:30:06","1002","Warning","Microsoft-Windows-KnownFolders","Error 0x80070005 occurred while verifying known folder {62ab5d82-fdc1-4dc3-a9dd-070d1d495d97} with path 'C:\ProgramData'."
"06-08-2026 14:30:06","1002","Warning","Microsoft-Windows-KnownFolders","Error 0x80070002 occurred while verifying known folder {18989b1d-99b5-455b-841c-ab7c74e4ddfc} with path 'C:\Windows\system32\config\systemprofile\Videos'."
"06-08-2026 14:28:40","1002","Warning","Microsoft-Windows-KnownFolders","Error 0x80070002 occurred while verifying known folder {18989b1d-99b5-455b-841c-ab7c74e4ddfc} with path 'C:\Windows\system32\config\systemprofile\Videos'."
"06-08-2026 14:25:44","1002","Warning","Microsoft-Windows-KnownFolders","Error 0x80070005 occurred while verifying known folder {62ab5d82-fdc1-4dc3-a9dd-070d1d495d97} with path 'C:\ProgramData'."
"06-08-2026 14:06:25","1002","Warning","Microsoft-Windows-KnownFolders","Error 0x80070002 occurred while verifying known folder {18989b1d-99b5-455b-841c-ab7c74e4ddfc} with path 'C:\Windows\system32\config\systemprofile\Videos'."
"06-08-2026 13:27:37","1002","Warning","Microsoft-Windows-KnownFolders","Error 0x80070005 occurred while verifying known folder {62ab5d82-fdc1-4dc3-a9dd-070d1d495d97} with path 'C:\ProgramData'."
"06-08-2026 12:57:48","1000","Warning","Microsoft-Windows-KnownFolders","Error 0x80070005 occurred while creating known folder {3eb685db-65f9-4cf6-a03a-e3ef65729f3d} with path 'C:\Windows\system32\config\systemprofile\AppData\Roaming'."
"06-08-2026 12:56:46","1002","Warning","Microsoft-Windows-KnownFolders","Error 0x80070002 occurred while verifying known folder {18989b1d-99b5-455b-841c-ab7c74e4ddfc} with path 'C:\Windows\system32\config\systemprofile\Videos'."
"06-08-2026 12:41:08","1002","Warning","Microsoft-Windows-KnownFolders","Error 0x80070005 occurred while verifying known folder {62ab5d82-fdc1-4dc3-a9dd-070d1d495d97} with path 'C:\ProgramData'."
"06-08-2026 12:25:23","1002","Warning","Microsoft-Windows-KnownFolders","Error 0x80070005 occurred while verifying known folder {62ab5d82-fdc1-4dc3-a9dd-070d1d495d97} with path 'C:\ProgramData'."
"06-08-2026 11:34:58","1002","Warning","Microsoft-Windows-KnownFolders","Error 0x80070002 occurred while verifying known folder {18989b1d-99b5-455b-841c-ab7c74e4ddfc} with path 'C:\Windows\system32\config\systemprofile\Videos'."
"06-08-2026 11:26:21","1002","Warning","Microsoft-Windows-KnownFolders","Error 0x80070005 occurred while verifying known folder {62ab5d82-fdc1-4dc3-a9dd-070d1d495d97} with path 'C:\ProgramData'."
"06-08-2026 10:57:48","1000","Warning","Microsoft-Windows-KnownFolders","Error 0x80070005 occurred while creating known folder {3eb685db-65f9-4cf6-a03a-e3ef65729f3d} with path 'C:\Windows\system32\config\systemprofile\AppData\Roaming'."
"06-08-2026 10:42:27","1002","Warning","Microsoft-Windows-KnownFolders","Error 0x80070002 occurred while verifying known folder {18989b1d-99b5-455b-841c-ab7c74e4ddfc} with path 'C:\Windows\system32\config\systemprofile\Videos'."
"06-08-2026 10:38:00","1002","Warning","Microsoft-Windows-KnownFolders","Error 0x80070005 occurred while verifying known folder {62ab5d82-fdc1-4dc3-a9dd-070d1d495d97} with path 'C:\ProgramData'."
"06-08-2026 10:33:42","1000","Warning","Microsoft-Windows-KnownFolders","Error 0x80070005 occurred while creating known folder {3eb685db-65f9-4cf6-a03a-e3ef65729f3d} with path 'C:\Windows\system32\config\systemprofile\AppData\Roaming'."
"06-08-2026 10:33:42","1000","Warning","Microsoft-Windows-KnownFolders","Error 0x80070005 occurred while creating known folder {5e6c858f-0e22-4760-9afe-ea3317b67173} with path 'C:\Windows\system32\config\systemprofile'."
"06-08-2026 10:33:42","1000","Warning","Microsoft-Windows-KnownFolders","Error 0x80070005 occurred while creating known folder {3eb685db-65f9-4cf6-a03a-e3ef65729f3d} with path 'C:\Windows\system32\config\systemprofile\AppData\Roaming'."
"06-08-2026 10:33:42","1000","Warning","Microsoft-Windows-KnownFolders","Error 0x80070005 occurred while creating known folder {5e6c858f-0e22-4760-9afe-ea3317b67173} with path 'C:\Windows\system32\config\systemprofile'."
"06-08-2026 10:25:17","1002","Warning","Microsoft-Windows-KnownFolders","Error 0x80070005 occurred while verifying known folder {62ab5d82-fdc1-4dc3-a9dd-070d1d495d97} with path 'C:\ProgramData'."
"06-08-2026 10:24:46","1002","Warning","Microsoft-Windows-KnownFolders","Error 0x80070002 occurred while verifying known folder {33e28130-4e1e-4676-835a-98395c3bc3bb} with path 'C:\Windows\system32\config\systemprofile\Pictures'."
