"27-07-2026 15:11:27","179","Information","Microsoft-Windows-Audio","Received session display notification"
"27-07-2026 15:03:23","179","Information","Microsoft-Windows-Audio","Received session display notification"
"27-07-2026 15:03:08","179","Information","Microsoft-Windows-Audio","Received session display notification"
"27-07-2026 15:00:21","179","Information","Microsoft-Windows-Audio","Received session display notification"
"27-07-2026 14:49:50","179","Information","Microsoft-Windows-Audio","Received session display notification"
"27-07-2026 14:49:35","179","Information","Microsoft-Windows-Audio","Received session display notification"
"27-07-2026 14:24:50","177","Information","Microsoft-Windows-Audio","Received console locked notification"
"27-07-2026 14:24:47","179","Information","Microsoft-Windows-Audio","Received session display notification"
"27-07-2026 14:18:49","177","Information","Microsoft-Windows-Audio","Received console locked notification"
"27-07-2026 14:06:49","179","Information","Microsoft-Windows-Audio","Received session display notification"
"27-07-2026 14:06:34","179","Information","Microsoft-Windows-Audio","Received session display notification"
"27-07-2026 14:02:33","177","Information","Microsoft-Windows-Audio","Received console locked notification"
"27-07-2026 14:02:29","179","Information","Microsoft-Windows-Audio","Received session display notification"
"27-07-2026 14:02:28","180","Information","Microsoft-Windows-Audio","Received Po AudioStandby request"
"27-07-2026 13:58:19","180","Information","Microsoft-Windows-Audio","Received Po AudioStandby request"
"27-07-2026 13:13:04","177","Information","Microsoft-Windows-Audio","Received console locked notification"
"27-07-2026 13:01:05","179","Information","Microsoft-Windows-Audio","Received session display notification"
"27-07-2026 13:00:50","179","Information","Microsoft-Windows-Audio","Received session display notification"
"27-07-2026 12:57:59","179","Information","Microsoft-Windows-Audio","Received session display notification"
"27-07-2026 12:55:43","179","Information","Microsoft-Windows-Audio","Received session display notification"
"27-07-2026 12:55:28","179","Information","Microsoft-Windows-Audio","Received session display notification"
"27-07-2026 12:50:00","177","Information","Microsoft-Windows-Audio","Received console locked notification"
"27-07-2026 12:49:56","179","Information","Microsoft-Windows-Audio","Received session display notification"
"27-07-2026 12:38:28","177","Information","Microsoft-Windows-Audio","Received console locked notification"
"27-07-2026 12:26:28","179","Information","Microsoft-Windows-Audio","Received session display notification"
"27-07-2026 12:26:13","179","Information","Microsoft-Windows-Audio","Received session display notification"
"27-07-2026 12:21:31","179","Information","Microsoft-Windows-Audio","Received session display notification"
"27-07-2026 12:12:34","179","Information","Microsoft-Windows-Audio","Received session display notification"
"27-07-2026 12:12:19","179","Information","Microsoft-Windows-Audio","Received session display notification"
"27-07-2026 12:09:16","177","Information","Microsoft-Windows-Audio","Received console locked notification"
"27-07-2026 12:09:13","179","Information","Microsoft-Windows-Audio","Received session display notification"
"27-07-2026 12:04:36","177","Information","Microsoft-Windows-Audio","Received console locked notification"
"27-07-2026 11:54:39","179","Information","Microsoft-Windows-Audio","Received session display notification"
"27-07-2026 11:54:24","179","Information","Microsoft-Windows-Audio","Received session display notification"
"27-07-2026 11:49:35","179","Information","Microsoft-Windows-Audio","Received session display notification"
"27-07-2026 11:49:35","178","Information","Microsoft-Windows-Audio","Global user presence detected"
"27-07-2026 11:49:17","180","Information","Microsoft-Windows-Audio","Received Po AudioStandby request"
"27-07-2026 11:49:17","65","Information","Microsoft-Windows-Audio","MMDevAPI: Audio device state changed"
"27-07-2026 11:49:17","65","Information","Microsoft-Windows-Audio","MMDevAPI: Audio device state changed"
"27-07-2026 11:49:17","65","Information","Microsoft-Windows-Audio","MMDevAPI: Audio device state changed"
"27-07-2026 11:49:17","65","Information","Microsoft-Windows-Audio","MMDevAPI: Audio device state changed"
"27-07-2026 11:49:17","65","Information","Microsoft-Windows-Audio","MMDevAPI: Audio device state changed"
"27-07-2026 11:49:17","65","Information","Microsoft-Windows-Audio","MMDevAPI: Audio device state changed"
"27-07-2026 11:49:17","65","Information","Microsoft-Windows-Audio","MMDevAPI: Audio device state changed"
"27-07-2026 11:49:17","65","Information","Microsoft-Windows-Audio","MMDevAPI: Audio device state changed"
"27-07-2026 11:45:12","179","Information","Microsoft-Windows-Audio","Received session display notification"
"27-07-2026 11:35:25","179","Information","Microsoft-Windows-Audio","Received session display notification"
"27-07-2026 11:35:09","179","Information","Microsoft-Windows-Audio","Received session display notification"
"27-07-2026 11:29:03","177","Information","Microsoft-Windows-Audio","Received console locked notification"
"27-07-2026 11:29:00","179","Information","Microsoft-Windows-Audio","Received session display notification"
"27-07-2026 11:24:10","179","Information","Microsoft-Windows-Audio","Received session display notification"
"27-07-2026 11:23:40","177","Information","Microsoft-Windows-Audio","Received console locked notification"
"27-07-2026 11:23:40","179","Information","Microsoft-Windows-Audio","Received session display notification"
"27-07-2026 11:12:43","179","Information","Microsoft-Windows-Audio","Received session display notification"
"27-07-2026 11:12:29","179","Information","Microsoft-Windows-Audio","Received session display notification"
"27-07-2026 11:08:36","177","Information","Microsoft-Windows-Audio","Received console locked notification"
"27-07-2026 11:08:19","177","Information","Microsoft-Windows-Audio","Received console locked notification"
"27-07-2026 11:02:48","179","Information","Microsoft-Windows-Audio","Received session display notification"
"27-07-2026 10:57:50","179","Information","Microsoft-Windows-Audio","Received session display notification"
"27-07-2026 10:57:34","179","Information","Microsoft-Windows-Audio","Received session display notification"
"27-07-2026 10:48:35","179","Information","Microsoft-Windows-Audio","Received session display notification"
"27-07-2026 10:46:16","179","Information","Microsoft-Windows-Audio","Received session display notification"
"27-07-2026 10:46:02","179","Information","Microsoft-Windows-Audio","Received session display notification"
"27-07-2026 10:42:32","65","Information","Microsoft-Windows-Audio","MMDevAPI: Audio device state changed"
"27-07-2026 10:33:36","177","Information","Microsoft-Windows-Audio","Received console locked notification"
"27-07-2026 10:33:35","65","Information","Microsoft-Windows-Audio","MMDevAPI: Audio device state changed"
"27-07-2026 10:33:32","179","Information","Microsoft-Windows-Audio","Received session display notification"
"27-07-2026 10:02:49","179","Information","Microsoft-Windows-Audio","Received session display notification"
"27-07-2026 10:02:44","65","Information","Microsoft-Windows-Audio","MMDevAPI: Audio device state changed"
"27-07-2026 10:02:17","177","Information","Microsoft-Windows-Audio","Received console locked notification"
"27-07-2026 09:44:18","179","Information","Microsoft-Windows-Audio","Received session display notification"
"27-07-2026 09:44:18","178","Information","Microsoft-Windows-Audio","Global user presence detected"
"27-07-2026 09:44:09","65","Information","Microsoft-Windows-Audio","MMDevAPI: Audio device state changed"
"27-07-2026 09:42:07","65","Information","Microsoft-Windows-Audio","MMDevAPI: Audio device state changed"
"27-07-2026 09:37:11","65","Information","Microsoft-Windows-Audio","MMDevAPI: Audio device state changed"
"27-07-2026 09:37:10","65","Information","Microsoft-Windows-Audio","MMDevAPI: Audio device state changed"
"27-07-2026 09:37:10","180","Information","Microsoft-Windows-Audio","Received Po AudioStandby request"
"27-07-2026 09:37:10","65","Information","Microsoft-Windows-Audio","MMDevAPI: Audio device state changed"
"27-07-2026 09:37:10","65","Information","Microsoft-Windows-Audio","MMDevAPI: Audio device state changed"
"27-07-2026 09:37:10","65","Information","Microsoft-Windows-Audio","MMDevAPI: Audio device state changed"
"27-07-2026 09:37:10","65","Information","Microsoft-Windows-Audio","MMDevAPI: Audio device state changed"
"27-07-2026 09:37:10","65","Information","Microsoft-Windows-Audio","MMDevAPI: Audio device state changed"
"27-07-2026 09:37:10","65","Information","Microsoft-Windows-Audio","MMDevAPI: Audio device state changed"
"27-07-2026 09:37:10","65","Information","Microsoft-Windows-Audio","MMDevAPI: Audio device state changed"
"27-07-2026 09:34:37","65","Information","Microsoft-Windows-Audio","MMDevAPI: Audio device state changed"
"27-07-2026 09:34:37","65","Information","Microsoft-Windows-Audio","MMDevAPI: Audio device state changed"
"27-07-2026 09:34:37","180","Information","Microsoft-Windows-Audio","Received Po AudioStandby request"
"27-07-2026 09:34:37","65","Information","Microsoft-Windows-Audio","MMDevAPI: Audio device state changed"
"27-07-2026 09:34:37","65","Information","Microsoft-Windows-Audio","MMDevAPI: Audio device state changed"
"27-07-2026 09:34:37","65","Information","Microsoft-Windows-Audio","MMDevAPI: Audio device state changed"
"27-07-2026 09:34:37","65","Information","Microsoft-Windows-Audio","MMDevAPI: Audio device state changed"
"27-07-2026 09:34:37","65","Information","Microsoft-Windows-Audio","MMDevAPI: Audio device state changed"
"27-07-2026 09:34:37","65","Information","Microsoft-Windows-Audio","MMDevAPI: Audio device state changed"
"27-07-2026 09:30:35","65","Information","Microsoft-Windows-Audio","MMDevAPI: Audio device state changed"
"27-07-2026 09:30:10","65","Information","Microsoft-Windows-Audio","MMDevAPI: Audio device state changed"
"27-07-2026 09:16:13","179","Information","Microsoft-Windows-Audio","Received session display notification"
"27-07-2026 09:16:09","65","Information","Microsoft-Windows-Audio","MMDevAPI: Audio device state changed"
"27-07-2026 09:15:13","177","Information","Microsoft-Windows-Audio","Received console locked notification"
"27-07-2026 09:14:44","177","Information","Microsoft-Windows-Audio","Received console locked notification"
"27-07-2026 09:14:36","65","Information","Microsoft-Windows-Audio","MMDevAPI: Audio device state changed"
"27-07-2026 09:14:33","179","Information","Microsoft-Windows-Audio","Received session display notification"
"24-07-2026 23:55:46","180","Information","Microsoft-Windows-Audio","Received Po AudioStandby request"
"24-07-2026 18:47:55","180","Information","Microsoft-Windows-Audio","Received Po AudioStandby request"
"24-07-2026 18:47:46","180","Information","Microsoft-Windows-Audio","Received Po AudioStandby request"
"24-07-2026 18:30:31","180","Information","Microsoft-Windows-Audio","Received Po AudioStandby request"
"24-07-2026 18:30:23","180","Information","Microsoft-Windows-Audio","Received Po AudioStandby request"
"24-07-2026 18:30:18","65","Information","Microsoft-Windows-Audio","MMDevAPI: Audio device state changed"
"24-07-2026 18:30:18","65","Information","Microsoft-Windows-Audio","MMDevAPI: Audio device state changed"
"24-07-2026 18:30:16","180","Information","Microsoft-Windows-Audio","Received Po AudioStandby request"
"24-07-2026 18:30:15","179","Information","Microsoft-Windows-Audio","Received session display notification"
"24-07-2026 18:30:15","65","Information","Microsoft-Windows-Audio","MMDevAPI: Audio device state changed"
"24-07-2026 18:30:10","177","Information","Microsoft-Windows-Audio","Received console locked notification"
"24-07-2026 17:31:47","65","Information","Microsoft-Windows-Audio","MMDevAPI: Audio device state changed"
"24-07-2026 17:31:47","65","Information","Microsoft-Windows-Audio","MMDevAPI: Audio device state changed"
"24-07-2026 17:26:28","65","Information","Microsoft-Windows-Audio","MMDevAPI: Audio device state changed"
"24-07-2026 17:26:25","179","Information","Microsoft-Windows-Audio","Received session display notification"
"24-07-2026 17:24:19","179","Information","Microsoft-Windows-Audio","Received session display notification"
"24-07-2026 17:24:14","65","Information","Microsoft-Windows-Audio","MMDevAPI: Audio device state changed"
"24-07-2026 17:24:04","179","Information","Microsoft-Windows-Audio","Received session display notification"
"24-07-2026 17:12:18","65","Information","Microsoft-Windows-Audio","MMDevAPI: Audio device state changed"
"24-07-2026 17:12:17","65","Information","Microsoft-Windows-Audio","MMDevAPI: Audio device state changed"
"24-07-2026 17:07:10","177","Information","Microsoft-Windows-Audio","Received console locked notification"
"24-07-2026 17:07:09","65","Information","Microsoft-Windows-Audio","MMDevAPI: Audio device state changed"
"24-07-2026 17:07:06","179","Information","Microsoft-Windows-Audio","Received session display notification"
"24-07-2026 16:55:19","179","Information","Microsoft-Windows-Audio","Received session display notification"
"24-07-2026 16:55:14","65","Information","Microsoft-Windows-Audio","MMDevAPI: Audio device state changed"
"24-07-2026 16:54:48","177","Information","Microsoft-Windows-Audio","Received console locked notification"
"24-07-2026 16:07:20","177","Information","Microsoft-Windows-Audio","Received console locked notification"
"24-07-2026 16:07:18","65","Information","Microsoft-Windows-Audio","MMDevAPI: Audio device state changed"
"24-07-2026 16:07:16","179","Information","Microsoft-Windows-Audio","Received session display notification"
"24-07-2026 16:03:16","179","Information","Microsoft-Windows-Audio","Received session display notification"
"24-07-2026 16:03:11","65","Information","Microsoft-Windows-Audio","MMDevAPI: Audio device state changed"
"24-07-2026 16:02:44","177","Information","Microsoft-Windows-Audio","Received console locked notification"
