"13-08-2026 12:28:58","39","Information","Microsoft-Windows-SENSE","Network connection is identified as normal. Windows Defender Advanced Threat Protection will contact the server every 300 seconds. Metered connection: false, internet available: true, free network available: true, proxy is defined by GP: false."
"13-08-2026 12:28:57","38","Information","Microsoft-Windows-SENSE","Network connection is identified as low. Windows Defender Advanced Threat Protection will contact the server every 300 seconds. Metered connection: false, internet available: false, free network available: false, proxy is defined by GP: false."
"13-08-2026 12:28:41","101","Error","Microsoft-Windows-SENSE","Windows Defender Advanced Threat Protection Network Detection and Response executable failed to start. Failure code: 0x80004002"
"13-08-2026 12:28:40","103","Information","Microsoft-Windows-SENSE","Windows Defender Advanced Threat Protection Network Detection and Response executable has ended"
"13-08-2026 12:28:40","38","Information","Microsoft-Windows-SENSE","Network connection is identified as low. Windows Defender Advanced Threat Protection will contact the server every 300 seconds. Metered connection: false, internet available: false, free network available: false, proxy is defined by GP: false."
"13-08-2026 12:13:57","419","Information","Microsoft-Windows-SENSE","Windows Defender Advanced Threat Protection service authentication request signing completed successfully."
"13-08-2026 11:58:15","102","Information","Microsoft-Windows-SENSE","Windows Defender Advanced Threat Protection Network Detection and Response executable has started"
"13-08-2026 11:58:13","39","Information","Microsoft-Windows-SENSE","Network connection is identified as normal. Windows Defender Advanced Threat Protection will contact the server every 300 seconds. Metered connection: false, internet available: true, free network available: true, proxy is defined by GP: false."
"13-08-2026 11:58:13","103","Information","Microsoft-Windows-SENSE","Windows Defender Advanced Threat Protection Network Detection and Response executable has ended"
"13-08-2026 11:58:12","102","Information","Microsoft-Windows-SENSE","Windows Defender Advanced Threat Protection Network Detection and Response executable has started"
"13-08-2026 11:58:10","38","Information","Microsoft-Windows-SENSE","Network connection is identified as low. Windows Defender Advanced Threat Protection will contact the server every 300 seconds. Metered connection: false, internet available: false, free network available: false, proxy is defined by GP: false."
"13-08-2026 11:57:52","101","Error","Microsoft-Windows-SENSE","Windows Defender Advanced Threat Protection Network Detection and Response executable failed to start. Failure code: 0x80004002"
"13-08-2026 11:57:52","103","Information","Microsoft-Windows-SENSE","Windows Defender Advanced Threat Protection Network Detection and Response executable has ended"
"13-08-2026 11:57:51","38","Information","Microsoft-Windows-SENSE","Network connection is identified as low. Windows Defender Advanced Threat Protection will contact the server every 300 seconds. Metered connection: false, internet available: false, free network available: false, proxy is defined by GP: false."
"13-08-2026 11:56:18","102","Information","Microsoft-Windows-SENSE","Windows Defender Advanced Threat Protection Network Detection and Response executable has started"
"13-08-2026 11:56:16","103","Information","Microsoft-Windows-SENSE","Windows Defender Advanced Threat Protection Network Detection and Response executable has ended"
"13-08-2026 11:56:06","41","Information","Microsoft-Windows-SENSE","Battery state is identified as normal. Windows Defender Advanced Threat Protection will contact the server every 300 seconds. AC state: false, battery saver mode : false, battery low state: false, battery critical state: false"
"13-08-2026 11:43:57","419","Information","Microsoft-Windows-SENSE","Windows Defender Advanced Threat Protection service authentication request signing completed successfully."
"13-08-2026 11:13:57","419","Information","Microsoft-Windows-SENSE","Windows Defender Advanced Threat Protection service authentication request signing completed successfully."
"13-08-2026 11:07:23","4","Information","Microsoft-Windows-SENSE","Contacted server 45 times, all succeeded, URI: https://winatp-gw-weu.microsoft.com/."
"13-08-2026 10:43:57","419","Information","Microsoft-Windows-SENSE","Windows Defender Advanced Threat Protection service authentication request signing completed successfully."
"13-08-2026 10:13:57","419","Information","Microsoft-Windows-SENSE","Windows Defender Advanced Threat Protection service authentication request signing completed successfully."
"13-08-2026 09:43:57","419","Information","Microsoft-Windows-SENSE","Windows Defender Advanced Threat Protection service authentication request signing completed successfully."
"13-08-2026 09:14:14","412","Information","Microsoft-Windows-SENSE","Cyber telemetry upload been resumed for Windows Defender Advanced Threat Protection service due to newly refreshed token."
"13-08-2026 09:14:14","419","Information","Microsoft-Windows-SENSE","Windows Defender Advanced Threat Protection service authentication request signing completed successfully."
"13-08-2026 09:14:13","419","Information","Microsoft-Windows-SENSE","Windows Defender Advanced Threat Protection service authentication request signing completed successfully."
"13-08-2026 09:14:10","419","Information","Microsoft-Windows-SENSE","Windows Defender Advanced Threat Protection service authentication request signing completed successfully."
"13-08-2026 09:13:58","102","Information","Microsoft-Windows-SENSE","Windows Defender Advanced Threat Protection Network Detection and Response executable has started"
"13-08-2026 09:13:57","38","Information","Microsoft-Windows-SENSE","Network connection is identified as low. Windows Defender Advanced Threat Protection will contact the server every 300 seconds. Metered connection: false, internet available: false, free network available: false, proxy is defined by GP: false."
"13-08-2026 09:13:56","38","Information","Microsoft-Windows-SENSE","Network connection is identified as low. Windows Defender Advanced Threat Protection will contact the server every 300 seconds. Metered connection: false, internet available: false, free network available: false, proxy is defined by GP: false."
"13-08-2026 09:13:50","101","Error","Microsoft-Windows-SENSE","Windows Defender Advanced Threat Protection Network Detection and Response executable failed to start. Failure code: 0x80004002"
"13-08-2026 09:13:50","103","Information","Microsoft-Windows-SENSE","Windows Defender Advanced Threat Protection Network Detection and Response executable has ended"
"13-08-2026 09:13:50","38","Information","Microsoft-Windows-SENSE","Network connection is identified as low. Windows Defender Advanced Threat Protection will contact the server every 300 seconds. Metered connection: false, internet available: false, free network available: false, proxy is defined by GP: false."
"13-08-2026 09:13:41","102","Information","Microsoft-Windows-SENSE","Windows Defender Advanced Threat Protection Network Detection and Response executable has started"
"13-08-2026 09:13:39","38","Information","Microsoft-Windows-SENSE","Network connection is identified as low. Windows Defender Advanced Threat Protection will contact the server every 300 seconds. Metered connection: false, internet available: false, free network available: false, proxy is defined by GP: false."
"13-08-2026 09:13:38","103","Information","Microsoft-Windows-SENSE","Windows Defender Advanced Threat Protection Network Detection and Response executable has ended"
"13-08-2026 09:13:35","41","Information","Microsoft-Windows-SENSE","Battery state is identified as normal. Windows Defender Advanced Threat Protection will contact the server every 300 seconds. AC state: true, battery saver mode : false, battery low state: false, battery critical state: false"
"13-08-2026 05:30:23","102","Information","Microsoft-Windows-SENSE","Windows Defender Advanced Threat Protection Network Detection and Response executable has started"
"13-08-2026 05:30:19","38","Information","Microsoft-Windows-SENSE","Network connection is identified as low. Windows Defender Advanced Threat Protection will contact the server every 300 seconds. Metered connection: false, internet available: false, free network available: false, proxy is defined by GP: false."
"13-08-2026 05:30:17","41","Information","Microsoft-Windows-SENSE","Battery state is identified as normal. Windows Defender Advanced Threat Protection will contact the server every 300 seconds. AC state: false, battery saver mode : false, battery low state: false, battery critical state: false"
"12-08-2026 21:16:11","41","Information","Microsoft-Windows-SENSE","Battery state is identified as normal. Windows Defender Advanced Threat Protection will contact the server every 300 seconds. AC state: false, battery saver mode : false, battery low state: false, battery critical state: false"
"12-08-2026 21:16:07","405","Error","Microsoft-Windows-SENSE","Failed to communicate with authentication service. ValidateToken request failed, hresult: 0x8000FFFF,  HTTP error code: 12007 ."
"12-08-2026 21:16:06","419","Information","Microsoft-Windows-SENSE","Windows Defender Advanced Threat Protection service authentication request signing completed successfully."
"12-08-2026 21:16:06","41","Information","Microsoft-Windows-SENSE","Battery state is identified as normal. Windows Defender Advanced Threat Protection will contact the server every 300 seconds. AC state: false, battery saver mode : false, battery low state: false, battery critical state: false"
"12-08-2026 21:16:06","41","Information","Microsoft-Windows-SENSE","Battery state is identified as normal. Windows Defender Advanced Threat Protection will contact the server every 300 seconds. AC state: false, battery saver mode : false, battery low state: false, battery critical state: false"
"12-08-2026 20:24:47","101","Error","Microsoft-Windows-SENSE","Windows Defender Advanced Threat Protection Network Detection and Response executable failed to start. Failure code: 0x80004002"
"12-08-2026 20:24:47","103","Information","Microsoft-Windows-SENSE","Windows Defender Advanced Threat Protection Network Detection and Response executable has ended"
"12-08-2026 20:24:47","38","Information","Microsoft-Windows-SENSE","Network connection is identified as low. Windows Defender Advanced Threat Protection will contact the server every 900 seconds. Metered connection: false, internet available: false, free network available: false, proxy is defined by GP: false."
"12-08-2026 20:24:40","40","Information","Microsoft-Windows-SENSE","Battery state is identified as low. Windows Defender Advanced Threat Protection will contact the server every 900 seconds. AC state: false, battery saver mode : true, battery low state: false, battery critical state: false"
"12-08-2026 20:24:40","411","Information","Microsoft-Windows-SENSE","Cyber telemetry upload has been suspended for Windows Defender Advanced Threat Protection service due to invalid/expired token."
"12-08-2026 20:24:40","41","Information","Microsoft-Windows-SENSE","Battery state is identified as normal. Windows Defender Advanced Threat Protection will contact the server every 300 seconds. AC state: false, battery saver mode : false, battery low state: false, battery critical state: false"
"12-08-2026 20:11:24","102","Information","Microsoft-Windows-SENSE","Windows Defender Advanced Threat Protection Network Detection and Response executable has started"
"12-08-2026 20:11:23","103","Information","Microsoft-Windows-SENSE","Windows Defender Advanced Threat Protection Network Detection and Response executable has ended"
"12-08-2026 20:11:22","50","Information","Microsoft-Windows-SENSE","New cloud configuration applied successfully. Version: 10.8839.main.2026.08.08.03.gr-294ce694bfddf21bc70e73479655fe97178f1942."
"12-08-2026 20:11:20","13","Information","Microsoft-Windows-SENSE","Windows Defender Advanced Threat Protection machine ID calculated: 300fd49468ec170f54de72f8340bccbe7270611d"
"12-08-2026 19:55:23","419","Information","Microsoft-Windows-SENSE","Windows Defender Advanced Threat Protection service authentication request signing completed successfully."
"12-08-2026 19:25:23","419","Information","Microsoft-Windows-SENSE","Windows Defender Advanced Threat Protection service authentication request signing completed successfully."
"12-08-2026 18:56:00","41","Information","Microsoft-Windows-SENSE","Battery state is identified as normal. Windows Defender Advanced Threat Protection will contact the server every 300 seconds. AC state: false, battery saver mode : false, battery low state: false, battery critical state: false"
"12-08-2026 18:55:23","419","Information","Microsoft-Windows-SENSE","Windows Defender Advanced Threat Protection service authentication request signing completed successfully."
"12-08-2026 18:40:14","41","Information","Microsoft-Windows-SENSE","Battery state is identified as normal. Windows Defender Advanced Threat Protection will contact the server every 300 seconds. AC state: true, battery saver mode : false, battery low state: false, battery critical state: false"
"12-08-2026 18:38:38","41","Information","Microsoft-Windows-SENSE","Battery state is identified as normal. Windows Defender Advanced Threat Protection will contact the server every 300 seconds. AC state: false, battery saver mode : false, battery low state: false, battery critical state: false"
"12-08-2026 18:35:10","41","Information","Microsoft-Windows-SENSE","Battery state is identified as normal. Windows Defender Advanced Threat Protection will contact the server every 300 seconds. AC state: true, battery saver mode : false, battery low state: false, battery critical state: false"
"12-08-2026 18:25:23","419","Information","Microsoft-Windows-SENSE","Windows Defender Advanced Threat Protection service authentication request signing completed successfully."
"12-08-2026 18:19:01","4","Information","Microsoft-Windows-SENSE","Contacted server 48 times, all succeeded, URI: https://winatp-gw-weu.microsoft.com/."
"12-08-2026 17:55:23","419","Information","Microsoft-Windows-SENSE","Windows Defender Advanced Threat Protection service authentication request signing completed successfully."
"12-08-2026 17:25:23","419","Information","Microsoft-Windows-SENSE","Windows Defender Advanced Threat Protection service authentication request signing completed successfully."
"12-08-2026 16:55:23","419","Information","Microsoft-Windows-SENSE","Windows Defender Advanced Threat Protection service authentication request signing completed successfully."
"12-08-2026 16:25:23","419","Information","Microsoft-Windows-SENSE","Windows Defender Advanced Threat Protection service authentication request signing completed successfully."
"12-08-2026 15:55:23","419","Information","Microsoft-Windows-SENSE","Windows Defender Advanced Threat Protection service authentication request signing completed successfully."
"12-08-2026 15:25:23","419","Information","Microsoft-Windows-SENSE","Windows Defender Advanced Threat Protection service authentication request signing completed successfully."
"12-08-2026 14:55:22","419","Information","Microsoft-Windows-SENSE","Windows Defender Advanced Threat Protection service authentication request signing completed successfully."
"12-08-2026 14:25:22","419","Information","Microsoft-Windows-SENSE","Windows Defender Advanced Threat Protection service authentication request signing completed successfully."
"12-08-2026 14:19:00","4","Information","Microsoft-Windows-SENSE","Contacted server 49 times, all succeeded, URI: https://winatp-gw-weu.microsoft.com/."
"12-08-2026 13:55:22","419","Information","Microsoft-Windows-SENSE","Windows Defender Advanced Threat Protection service authentication request signing completed successfully."
"12-08-2026 13:33:24","102","Information","Microsoft-Windows-SENSE","Windows Defender Advanced Threat Protection Network Detection and Response executable has started"
"12-08-2026 13:33:22","103","Information","Microsoft-Windows-SENSE","Windows Defender Advanced Threat Protection Network Detection and Response executable has ended"
"12-08-2026 13:25:22","419","Information","Microsoft-Windows-SENSE","Windows Defender Advanced Threat Protection service authentication request signing completed successfully."
"12-08-2026 12:55:22","419","Information","Microsoft-Windows-SENSE","Windows Defender Advanced Threat Protection service authentication request signing completed successfully."
"12-08-2026 12:52:35","41","Information","Microsoft-Windows-SENSE","Battery state is identified as normal. Windows Defender Advanced Threat Protection will contact the server every 300 seconds. AC state: false, battery saver mode : false, battery low state: false, battery critical state: false"
"12-08-2026 12:25:22","419","Information","Microsoft-Windows-SENSE","Windows Defender Advanced Threat Protection service authentication request signing completed successfully."
"12-08-2026 12:10:06","102","Information","Microsoft-Windows-SENSE","Windows Defender Advanced Threat Protection Network Detection and Response executable has started"
"12-08-2026 12:10:04","103","Information","Microsoft-Windows-SENSE","Windows Defender Advanced Threat Protection Network Detection and Response executable has ended"
"12-08-2026 11:55:22","419","Information","Microsoft-Windows-SENSE","Windows Defender Advanced Threat Protection service authentication request signing completed successfully."
"12-08-2026 11:25:22","419","Information","Microsoft-Windows-SENSE","Windows Defender Advanced Threat Protection service authentication request signing completed successfully."
"12-08-2026 10:55:22","419","Information","Microsoft-Windows-SENSE","Windows Defender Advanced Threat Protection service authentication request signing completed successfully."
"12-08-2026 10:25:22","419","Information","Microsoft-Windows-SENSE","Windows Defender Advanced Threat Protection service authentication request signing completed successfully."
"12-08-2026 10:24:36","41","Information","Microsoft-Windows-SENSE","Battery state is identified as normal. Windows Defender Advanced Threat Protection will contact the server every 300 seconds. AC state: true, battery saver mode : false, battery low state: false, battery critical state: false"
"12-08-2026 10:19:00","4","Information","Microsoft-Windows-SENSE","Contacted server 45 times, all succeeded, URI: https://winatp-gw-weu.microsoft.com/."
"12-08-2026 09:55:22","419","Information","Microsoft-Windows-SENSE","Windows Defender Advanced Threat Protection service authentication request signing completed successfully."
"12-08-2026 09:25:22","419","Information","Microsoft-Windows-SENSE","Windows Defender Advanced Threat Protection service authentication request signing completed successfully."
"12-08-2026 09:22:41","41","Information","Microsoft-Windows-SENSE","Battery state is identified as normal. Windows Defender Advanced Threat Protection will contact the server every 300 seconds. AC state: false, battery saver mode : false, battery low state: false, battery critical state: false"
"12-08-2026 08:56:44","1841","Verbose","Microsoft-Windows-SENSE","CSP: Get AadDeviceId complete. Value: (b0a5bc0f-7566-4771-a98b-e1b6a6bd0645), IsDefault: (false)."
"12-08-2026 08:56:44","1806","Verbose","Microsoft-Windows-SENSE","CSP: Get Onboarding State value complete. Result: (1), IsDefault: (false)."
"12-08-2026 08:56:44","1805","Verbose","Microsoft-Windows-SENSE","CSP: Get Sense Is Running value complete. Result: (0x1)."
"12-08-2026 08:56:44","1809","Verbose","Microsoft-Windows-SENSE","CSP: Get Sample Sharing value complete. Result: (1), IsDefault: (true)."
"12-08-2026 08:56:44","1807","Verbose","Microsoft-Windows-SENSE","CSP: Get Onboarding value complete. Onboarding Blob Hash: (0x9DF75D74030C7DBF), IsDefault: (false), Onboarding State: (0x1), Onboarding State IsDefault: (false)"
"12-08-2026 08:56:44","1832","Verbose","Microsoft-Windows-SENSE","CSP: Get Device Tagging Group complete. Value: (Workstations), IsDefault: (false)."
"12-08-2026 08:56:36","1841","Verbose","Microsoft-Windows-SENSE","CSP: Get AadDeviceId complete. Value: (b0a5bc0f-7566-4771-a98b-e1b6a6bd0645), IsDefault: (false)."
"12-08-2026 08:56:36","1806","Verbose","Microsoft-Windows-SENSE","CSP: Get Onboarding State value complete. Result: (1), IsDefault: (false)."
"12-08-2026 08:56:36","1805","Verbose","Microsoft-Windows-SENSE","CSP: Get Sense Is Running value complete. Result: (0x1)."
"12-08-2026 08:56:34","1809","Verbose","Microsoft-Windows-SENSE","CSP: Get Sample Sharing value complete. Result: (1), IsDefault: (true)."
"12-08-2026 08:56:34","1807","Verbose","Microsoft-Windows-SENSE","CSP: Get Onboarding value complete. Onboarding Blob Hash: (0x9DF75D74030C7DBF), IsDefault: (false), Onboarding State: (0x1), Onboarding State IsDefault: (false)"
"12-08-2026 08:56:33","1832","Verbose","Microsoft-Windows-SENSE","CSP: Get Device Tagging Group complete. Value: (Workstations), IsDefault: (false)."
"12-08-2026 08:56:25","412","Information","Microsoft-Windows-SENSE","Cyber telemetry upload been resumed for Windows Defender Advanced Threat Protection service due to newly refreshed token."
"12-08-2026 08:56:25","419","Information","Microsoft-Windows-SENSE","Windows Defender Advanced Threat Protection service authentication request signing completed successfully."
"12-08-2026 08:56:24","419","Information","Microsoft-Windows-SENSE","Windows Defender Advanced Threat Protection service authentication request signing completed successfully."
"12-08-2026 08:56:05","1841","Verbose","Microsoft-Windows-SENSE","CSP: Get AadDeviceId complete. Value: (b0a5bc0f-7566-4771-a98b-e1b6a6bd0645), IsDefault: (false)."
"12-08-2026 08:56:05","1806","Verbose","Microsoft-Windows-SENSE","CSP: Get Onboarding State value complete. Result: (1), IsDefault: (false)."
"12-08-2026 08:56:05","1805","Verbose","Microsoft-Windows-SENSE","CSP: Get Sense Is Running value complete. Result: (0x1)."
"12-08-2026 08:56:05","1809","Verbose","Microsoft-Windows-SENSE","CSP: Get Sample Sharing value complete. Result: (1), IsDefault: (true)."
"12-08-2026 08:56:05","1807","Verbose","Microsoft-Windows-SENSE","CSP: Get Onboarding value complete. Onboarding Blob Hash: (0x9DF75D74030C7DBF), IsDefault: (false), Onboarding State: (0x1), Onboarding State IsDefault: (false)"
"12-08-2026 08:56:04","1832","Verbose","Microsoft-Windows-SENSE","CSP: Get Device Tagging Group complete. Value: (Workstations), IsDefault: (false)."
"12-08-2026 08:55:51","1841","Verbose","Microsoft-Windows-SENSE","CSP: Get AadDeviceId complete. Value: (b0a5bc0f-7566-4771-a98b-e1b6a6bd0645), IsDefault: (false)."
"12-08-2026 08:55:51","1806","Verbose","Microsoft-Windows-SENSE","CSP: Get Onboarding State value complete. Result: (1), IsDefault: (false)."
"12-08-2026 08:55:51","1805","Verbose","Microsoft-Windows-SENSE","CSP: Get Sense Is Running value complete. Result: (0x1)."
"12-08-2026 08:55:47","1809","Verbose","Microsoft-Windows-SENSE","CSP: Get Sample Sharing value complete. Result: (1), IsDefault: (true)."
"12-08-2026 08:55:47","1807","Verbose","Microsoft-Windows-SENSE","CSP: Get Onboarding value complete. Onboarding Blob Hash: (0x9DF75D74030C7DBF), IsDefault: (false), Onboarding State: (0x1), Onboarding State IsDefault: (false)"
"12-08-2026 08:55:45","1832","Verbose","Microsoft-Windows-SENSE","CSP: Get Device Tagging Group complete. Value: (Workstations), IsDefault: (false)."
"12-08-2026 08:55:24","411","Information","Microsoft-Windows-SENSE","Cyber telemetry upload has been suspended for Windows Defender Advanced Threat Protection service due to invalid/expired token."
"12-08-2026 08:55:24","405","Error","Microsoft-Windows-SENSE","Failed to communicate with authentication service. GetToken request failed, hresult: 0x8000FFFF,  HTTP error code: 0 ."
"12-08-2026 08:55:23","102","Information","Microsoft-Windows-SENSE","Windows Defender Advanced Threat Protection Network Detection and Response executable has started"
"12-08-2026 08:55:22","419","Information","Microsoft-Windows-SENSE","Windows Defender Advanced Threat Protection service authentication request signing completed successfully."
"12-08-2026 08:55:22","419","Information","Microsoft-Windows-SENSE","Windows Defender Advanced Threat Protection service authentication request signing completed successfully."
"12-08-2026 08:55:22","412","Information","Microsoft-Windows-SENSE","Cyber telemetry upload been resumed for Windows Defender Advanced Threat Protection service due to newly refreshed token."
"12-08-2026 08:55:20","39","Information","Microsoft-Windows-SENSE","Network connection is identified as normal. Windows Defender Advanced Threat Protection will contact the server every 300 seconds. Metered connection: false, internet available: true, free network available: true, proxy is defined by GP: false."
"12-08-2026 08:55:19","411","Information","Microsoft-Windows-SENSE","Cyber telemetry upload has been suspended for Windows Defender Advanced Threat Protection service due to invalid/expired token."
"12-08-2026 08:55:19","41","Information","Microsoft-Windows-SENSE","Battery state is identified as normal. Windows Defender Advanced Threat Protection will contact the server every 300 seconds. AC state: true, battery saver mode : false, battery low state: false, battery critical state: false"
"12-08-2026 08:55:19","419","Information","Microsoft-Windows-SENSE","Windows Defender Advanced Threat Protection service authentication request signing completed successfully."
"12-08-2026 03:29:20","101","Error","Microsoft-Windows-SENSE","Windows Defender Advanced Threat Protection Network Detection and Response executable failed to start. Failure code: 0x80004002"
"12-08-2026 03:29:20","103","Information","Microsoft-Windows-SENSE","Windows Defender Advanced Threat Protection Network Detection and Response executable has ended"
"12-08-2026 03:29:20","38","Information","Microsoft-Windows-SENSE","Network connection is identified as low. Windows Defender Advanced Threat Protection will contact the server every 300 seconds. Metered connection: false, internet available: false, free network available: false, proxy is defined by GP: false."
"12-08-2026 03:28:32","1841","Verbose","Microsoft-Windows-SENSE","CSP: Get AadDeviceId complete. Value: (b0a5bc0f-7566-4771-a98b-e1b6a6bd0645), IsDefault: (false)."
"12-08-2026 03:28:32","1806","Verbose","Microsoft-Windows-SENSE","CSP: Get Onboarding State value complete. Result: (1), IsDefault: (false)."
"12-08-2026 03:28:32","1805","Verbose","Microsoft-Windows-SENSE","CSP: Get Sense Is Running value complete. Result: (0x1)."
"12-08-2026 03:28:32","1809","Verbose","Microsoft-Windows-SENSE","CSP: Get Sample Sharing value complete. Result: (1), IsDefault: (true)."
"12-08-2026 03:28:32","1807","Verbose","Microsoft-Windows-SENSE","CSP: Get Onboarding value complete. Onboarding Blob Hash: (0x9DF75D74030C7DBF), IsDefault: (false), Onboarding State: (0x1), Onboarding State IsDefault: (false)"
"12-08-2026 03:28:32","1832","Verbose","Microsoft-Windows-SENSE","CSP: Get Device Tagging Group complete. Value: (Workstations), IsDefault: (false)."
"12-08-2026 03:28:22","1841","Verbose","Microsoft-Windows-SENSE","CSP: Get AadDeviceId complete. Value: (b0a5bc0f-7566-4771-a98b-e1b6a6bd0645), IsDefault: (false)."
"12-08-2026 03:28:21","1806","Verbose","Microsoft-Windows-SENSE","CSP: Get Onboarding State value complete. Result: (1), IsDefault: (false)."
"12-08-2026 03:28:21","1805","Verbose","Microsoft-Windows-SENSE","CSP: Get Sense Is Running value complete. Result: (0x1)."
"12-08-2026 03:28:19","1809","Verbose","Microsoft-Windows-SENSE","CSP: Get Sample Sharing value complete. Result: (1), IsDefault: (true)."
"12-08-2026 03:28:19","1807","Verbose","Microsoft-Windows-SENSE","CSP: Get Onboarding value complete. Onboarding Blob Hash: (0x9DF75D74030C7DBF), IsDefault: (false), Onboarding State: (0x1), Onboarding State IsDefault: (false)"
"12-08-2026 03:28:18","1832","Verbose","Microsoft-Windows-SENSE","CSP: Get Device Tagging Group complete. Value: (Workstations), IsDefault: (false)."
"12-08-2026 03:28:18","412","Information","Microsoft-Windows-SENSE","Cyber telemetry upload been resumed for Windows Defender Advanced Threat Protection service due to newly refreshed token."
"12-08-2026 03:28:17","419","Information","Microsoft-Windows-SENSE","Windows Defender Advanced Threat Protection service authentication request signing completed successfully."
"12-08-2026 03:27:55","1841","Verbose","Microsoft-Windows-SENSE","CSP: Get AadDeviceId complete. Value: (b0a5bc0f-7566-4771-a98b-e1b6a6bd0645), IsDefault: (false)."
"12-08-2026 03:27:55","1806","Verbose","Microsoft-Windows-SENSE","CSP: Get Onboarding State value complete. Result: (1), IsDefault: (false)."
"12-08-2026 03:27:55","1805","Verbose","Microsoft-Windows-SENSE","CSP: Get Sense Is Running value complete. Result: (0x1)."
"12-08-2026 03:27:55","1809","Verbose","Microsoft-Windows-SENSE","CSP: Get Sample Sharing value complete. Result: (1), IsDefault: (true)."
"12-08-2026 03:27:55","1807","Verbose","Microsoft-Windows-SENSE","CSP: Get Onboarding value complete. Onboarding Blob Hash: (0x9DF75D74030C7DBF), IsDefault: (false), Onboarding State: (0x1), Onboarding State IsDefault: (false)"
"12-08-2026 03:27:55","1832","Verbose","Microsoft-Windows-SENSE","CSP: Get Device Tagging Group complete. Value: (Workstations), IsDefault: (false)."
"12-08-2026 03:27:40","1841","Verbose","Microsoft-Windows-SENSE","CSP: Get AadDeviceId complete. Value: (b0a5bc0f-7566-4771-a98b-e1b6a6bd0645), IsDefault: (false)."
"12-08-2026 03:27:40","1806","Verbose","Microsoft-Windows-SENSE","CSP: Get Onboarding State value complete. Result: (1), IsDefault: (false)."
"12-08-2026 03:27:40","1805","Verbose","Microsoft-Windows-SENSE","CSP: Get Sense Is Running value complete. Result: (0x1)."
"12-08-2026 03:27:38","41","Information","Microsoft-Windows-SENSE","Battery state is identified as normal. Windows Defender Advanced Threat Protection will contact the server every 300 seconds. AC state: true, battery saver mode : false, battery low state: false, battery critical state: false"
"12-08-2026 03:27:37","1809","Verbose","Microsoft-Windows-SENSE","CSP: Get Sample Sharing value complete. Result: (1), IsDefault: (true)."
"12-08-2026 03:27:37","1807","Verbose","Microsoft-Windows-SENSE","CSP: Get Onboarding value complete. Onboarding Blob Hash: (0x9DF75D74030C7DBF), IsDefault: (false), Onboarding State: (0x1), Onboarding State IsDefault: (false)"
"12-08-2026 03:27:36","1832","Verbose","Microsoft-Windows-SENSE","CSP: Get Device Tagging Group complete. Value: (Workstations), IsDefault: (false)."
"12-08-2026 03:27:27","102","Information","Microsoft-Windows-SENSE","Windows Defender Advanced Threat Protection Network Detection and Response executable has started"
"12-08-2026 03:27:25","103","Information","Microsoft-Windows-SENSE","Windows Defender Advanced Threat Protection Network Detection and Response executable has ended"
"12-08-2026 03:27:20","102","Information","Microsoft-Windows-SENSE","Windows Defender Advanced Threat Protection Network Detection and Response executable has started"
"12-08-2026 03:27:18","39","Information","Microsoft-Windows-SENSE","Network connection is identified as normal. Windows Defender Advanced Threat Protection will contact the server every 300 seconds. Metered connection: false, internet available: true, free network available: true, proxy is defined by GP: false."
"12-08-2026 03:27:17","405","Error","Microsoft-Windows-SENSE","Failed to communicate with authentication service. ValidateToken request failed, hresult: 0x8000FFFF,  HTTP error code: 12007 ."
"12-08-2026 03:27:17","41","Information","Microsoft-Windows-SENSE","Battery state is identified as normal. Windows Defender Advanced Threat Protection will contact the server every 300 seconds. AC state: true, battery saver mode : false, battery low state: false, battery critical state: false"
"12-08-2026 03:27:17","419","Information","Microsoft-Windows-SENSE","Windows Defender Advanced Threat Protection service authentication request signing completed successfully."
"11-08-2026 19:04:34","101","Error","Microsoft-Windows-SENSE","Windows Defender Advanced Threat Protection Network Detection and Response executable failed to start. Failure code: 0x80004002"
"11-08-2026 19:04:34","103","Information","Microsoft-Windows-SENSE","Windows Defender Advanced Threat Protection Network Detection and Response executable has ended"
"11-08-2026 19:04:33","38","Information","Microsoft-Windows-SENSE","Network connection is identified as low. Windows Defender Advanced Threat Protection will contact the server every 300 seconds. Metered connection: false, internet available: false, free network available: false, proxy is defined by GP: false."
"11-08-2026 19:04:27","411","Information","Microsoft-Windows-SENSE","Cyber telemetry upload has been suspended for Windows Defender Advanced Threat Protection service due to invalid/expired token."
"11-08-2026 19:04:27","41","Information","Microsoft-Windows-SENSE","Battery state is identified as normal. Windows Defender Advanced Threat Protection will contact the server every 300 seconds. AC state: true, battery saver mode : false, battery low state: false, battery critical state: false"
"11-08-2026 19:03:14","412","Information","Microsoft-Windows-SENSE","Cyber telemetry upload been resumed for Windows Defender Advanced Threat Protection service due to newly refreshed token."
"11-08-2026 19:03:13","419","Information","Microsoft-Windows-SENSE","Windows Defender Advanced Threat Protection service authentication request signing completed successfully."
"11-08-2026 19:02:15","102","Information","Microsoft-Windows-SENSE","Windows Defender Advanced Threat Protection Network Detection and Response executable has started"
"11-08-2026 19:02:13","405","Error","Microsoft-Windows-SENSE","Failed to communicate with authentication service. ValidateToken request failed, hresult: 0x8000FFFF,  HTTP error code: 12007 ."
"11-08-2026 19:02:12","39","Information","Microsoft-Windows-SENSE","Network connection is identified as normal. Windows Defender Advanced Threat Protection will contact the server every 300 seconds. Metered connection: false, internet available: true, free network available: true, proxy is defined by GP: false."
"11-08-2026 19:02:12","419","Information","Microsoft-Windows-SENSE","Windows Defender Advanced Threat Protection service authentication request signing completed successfully."
"11-08-2026 19:02:12","41","Information","Microsoft-Windows-SENSE","Battery state is identified as normal. Windows Defender Advanced Threat Protection will contact the server every 300 seconds. AC state: true, battery saver mode : false, battery low state: false, battery critical state: false"
"11-08-2026 18:34:31","101","Error","Microsoft-Windows-SENSE","Windows Defender Advanced Threat Protection Network Detection and Response executable failed to start. Failure code: 0x80004002"
"11-08-2026 18:34:31","103","Information","Microsoft-Windows-SENSE","Windows Defender Advanced Threat Protection Network Detection and Response executable has ended"
"11-08-2026 18:34:31","38","Information","Microsoft-Windows-SENSE","Network connection is identified as low. Windows Defender Advanced Threat Protection will contact the server every 300 seconds. Metered connection: false, internet available: false, free network available: false, proxy is defined by GP: false."
"11-08-2026 18:34:24","411","Information","Microsoft-Windows-SENSE","Cyber telemetry upload has been suspended for Windows Defender Advanced Threat Protection service due to invalid/expired token."
"11-08-2026 18:34:24","41","Information","Microsoft-Windows-SENSE","Battery state is identified as normal. Windows Defender Advanced Threat Protection will contact the server every 300 seconds. AC state: true, battery saver mode : false, battery low state: false, battery critical state: false"
"11-08-2026 18:32:37","419","Information","Microsoft-Windows-SENSE","Windows Defender Advanced Threat Protection service authentication request signing completed successfully."
"11-08-2026 18:32:37","419","Information","Microsoft-Windows-SENSE","Windows Defender Advanced Threat Protection service authentication request signing completed successfully."
"11-08-2026 18:32:37","419","Information","Microsoft-Windows-SENSE","Windows Defender Advanced Threat Protection service authentication request signing completed successfully."
"11-08-2026 18:02:37","419","Information","Microsoft-Windows-SENSE","Windows Defender Advanced Threat Protection service authentication request signing completed successfully."
"11-08-2026 17:34:17","41","Information","Microsoft-Windows-SENSE","Battery state is identified as normal. Windows Defender Advanced Threat Protection will contact the server every 300 seconds. AC state: true, battery saver mode : false, battery low state: false, battery critical state: false"
"11-08-2026 17:34:05","41","Information","Microsoft-Windows-SENSE","Battery state is identified as normal. Windows Defender Advanced Threat Protection will contact the server every 300 seconds. AC state: false, battery saver mode : false, battery low state: false, battery critical state: false"
"11-08-2026 17:32:37","419","Information","Microsoft-Windows-SENSE","Windows Defender Advanced Threat Protection service authentication request signing completed successfully."
"11-08-2026 17:02:37","419","Information","Microsoft-Windows-SENSE","Windows Defender Advanced Threat Protection service authentication request signing completed successfully."
"11-08-2026 16:57:18","41","Information","Microsoft-Windows-SENSE","Battery state is identified as normal. Windows Defender Advanced Threat Protection will contact the server every 300 seconds. AC state: true, battery saver mode : false, battery low state: false, battery critical state: false"
"11-08-2026 16:32:37","419","Information","Microsoft-Windows-SENSE","Windows Defender Advanced Threat Protection service authentication request signing completed successfully."
"11-08-2026 16:02:42","4","Information","Microsoft-Windows-SENSE","Contacted server 49 times, all succeeded, URI: https://winatp-gw-weu.microsoft.com/."
"11-08-2026 16:02:37","419","Information","Microsoft-Windows-SENSE","Windows Defender Advanced Threat Protection service authentication request signing completed successfully."
"11-08-2026 15:32:37","419","Information","Microsoft-Windows-SENSE","Windows Defender Advanced Threat Protection service authentication request signing completed successfully."
"11-08-2026 15:27:36","102","Information","Microsoft-Windows-SENSE","Windows Defender Advanced Threat Protection Network Detection and Response executable has started"
"11-08-2026 15:27:35","103","Information","Microsoft-Windows-SENSE","Windows Defender Advanced Threat Protection Network Detection and Response executable has ended"
"11-08-2026 15:02:37","419","Information","Microsoft-Windows-SENSE","Windows Defender Advanced Threat Protection service authentication request signing completed successfully."
"11-08-2026 14:32:37","419","Information","Microsoft-Windows-SENSE","Windows Defender Advanced Threat Protection service authentication request signing completed successfully."
"11-08-2026 14:02:37","419","Information","Microsoft-Windows-SENSE","Windows Defender Advanced Threat Protection service authentication request signing completed successfully."
"11-08-2026 13:32:37","419","Information","Microsoft-Windows-SENSE","Windows Defender Advanced Threat Protection service authentication request signing completed successfully."
"11-08-2026 13:12:25","1841","Verbose","Microsoft-Windows-SENSE","CSP: Get AadDeviceId complete. Value: (b0a5bc0f-7566-4771-a98b-e1b6a6bd0645), IsDefault: (false)."
"11-08-2026 13:12:25","1806","Verbose","Microsoft-Windows-SENSE","CSP: Get Onboarding State value complete. Result: (1), IsDefault: (false)."
"11-08-2026 13:12:24","1805","Verbose","Microsoft-Windows-SENSE","CSP: Get Sense Is Running value complete. Result: (0x1)."
"11-08-2026 13:12:24","1809","Verbose","Microsoft-Windows-SENSE","CSP: Get Sample Sharing value complete. Result: (1), IsDefault: (true)."
"11-08-2026 13:12:24","1807","Verbose","Microsoft-Windows-SENSE","CSP: Get Onboarding value complete. Onboarding Blob Hash: (0x9DF75D74030C7DBF), IsDefault: (false), Onboarding State: (0x1), Onboarding State IsDefault: (false)"
"11-08-2026 13:12:24","1832","Verbose","Microsoft-Windows-SENSE","CSP: Get Device Tagging Group complete. Value: (Workstations), IsDefault: (false)."
"11-08-2026 13:12:12","1841","Verbose","Microsoft-Windows-SENSE","CSP: Get AadDeviceId complete. Value: (b0a5bc0f-7566-4771-a98b-e1b6a6bd0645), IsDefault: (false)."
"11-08-2026 13:12:12","1806","Verbose","Microsoft-Windows-SENSE","CSP: Get Onboarding State value complete. Result: (1), IsDefault: (false)."
"11-08-2026 13:12:12","1805","Verbose","Microsoft-Windows-SENSE","CSP: Get Sense Is Running value complete. Result: (0x1)."
"11-08-2026 13:12:09","1809","Verbose","Microsoft-Windows-SENSE","CSP: Get Sample Sharing value complete. Result: (1), IsDefault: (true)."
"11-08-2026 13:12:09","1807","Verbose","Microsoft-Windows-SENSE","CSP: Get Onboarding value complete. Onboarding Blob Hash: (0x9DF75D74030C7DBF), IsDefault: (false), Onboarding State: (0x1), Onboarding State IsDefault: (false)"
"11-08-2026 13:12:08","1832","Verbose","Microsoft-Windows-SENSE","CSP: Get Device Tagging Group complete. Value: (Workstations), IsDefault: (false)."
"11-08-2026 13:11:41","1841","Verbose","Microsoft-Windows-SENSE","CSP: Get AadDeviceId complete. Value: (b0a5bc0f-7566-4771-a98b-e1b6a6bd0645), IsDefault: (false)."
"11-08-2026 13:11:41","1806","Verbose","Microsoft-Windows-SENSE","CSP: Get Onboarding State value complete. Result: (1), IsDefault: (false)."
"11-08-2026 13:11:41","1805","Verbose","Microsoft-Windows-SENSE","CSP: Get Sense Is Running value complete. Result: (0x1)."
"11-08-2026 13:11:41","1809","Verbose","Microsoft-Windows-SENSE","CSP: Get Sample Sharing value complete. Result: (1), IsDefault: (true)."
"11-08-2026 13:11:41","1807","Verbose","Microsoft-Windows-SENSE","CSP: Get Onboarding value complete. Onboarding Blob Hash: (0x9DF75D74030C7DBF), IsDefault: (false), Onboarding State: (0x1), Onboarding State IsDefault: (false)"
"11-08-2026 13:11:41","1832","Verbose","Microsoft-Windows-SENSE","CSP: Get Device Tagging Group complete. Value: (Workstations), IsDefault: (false)."
"11-08-2026 13:11:25","1841","Verbose","Microsoft-Windows-SENSE","CSP: Get AadDeviceId complete. Value: (b0a5bc0f-7566-4771-a98b-e1b6a6bd0645), IsDefault: (false)."
"11-08-2026 13:11:25","1806","Verbose","Microsoft-Windows-SENSE","CSP: Get Onboarding State value complete. Result: (1), IsDefault: (false)."
"11-08-2026 13:11:25","1805","Verbose","Microsoft-Windows-SENSE","CSP: Get Sense Is Running value complete. Result: (0x1)."
"11-08-2026 13:11:22","1809","Verbose","Microsoft-Windows-SENSE","CSP: Get Sample Sharing value complete. Result: (1), IsDefault: (true)."
"11-08-2026 13:11:22","1807","Verbose","Microsoft-Windows-SENSE","CSP: Get Onboarding value complete. Onboarding Blob Hash: (0x9DF75D74030C7DBF), IsDefault: (false), Onboarding State: (0x1), Onboarding State IsDefault: (false)"
"11-08-2026 13:11:20","1832","Verbose","Microsoft-Windows-SENSE","CSP: Get Device Tagging Group complete. Value: (Workstations), IsDefault: (false)."
"11-08-2026 13:02:37","419","Information","Microsoft-Windows-SENSE","Windows Defender Advanced Threat Protection service authentication request signing completed successfully."
"11-08-2026 12:32:37","419","Information","Microsoft-Windows-SENSE","Windows Defender Advanced Threat Protection service authentication request signing completed successfully."
"11-08-2026 12:18:49","102","Information","Microsoft-Windows-SENSE","Windows Defender Advanced Threat Protection Network Detection and Response executable has started"
"11-08-2026 12:18:47","103","Information","Microsoft-Windows-SENSE","Windows Defender Advanced Threat Protection Network Detection and Response executable has ended"
"11-08-2026 12:10:07","102","Information","Microsoft-Windows-SENSE","Windows Defender Advanced Threat Protection Network Detection and Response executable has started"
"11-08-2026 12:10:05","39","Information","Microsoft-Windows-SENSE","Network connection is identified as normal. Windows Defender Advanced Threat Protection will contact the server every 300 seconds. Metered connection: false, internet available: true, free network available: true, proxy is defined by GP: false."
"11-08-2026 12:10:03","38","Information","Microsoft-Windows-SENSE","Network connection is identified as low. Windows Defender Advanced Threat Protection will contact the server every 300 seconds. Metered connection: false, internet available: false, free network available: false, proxy is defined by GP: false."
"11-08-2026 12:09:36","1841","Verbose","Microsoft-Windows-SENSE","CSP: Get AadDeviceId complete. Value: (b0a5bc0f-7566-4771-a98b-e1b6a6bd0645), IsDefault: (false)."
"11-08-2026 12:09:36","1806","Verbose","Microsoft-Windows-SENSE","CSP: Get Onboarding State value complete. Result: (1), IsDefault: (false)."
"11-08-2026 12:09:36","1805","Verbose","Microsoft-Windows-SENSE","CSP: Get Sense Is Running value complete. Result: (0x1)."
"11-08-2026 12:09:36","1809","Verbose","Microsoft-Windows-SENSE","CSP: Get Sample Sharing value complete. Result: (1), IsDefault: (true)."
"11-08-2026 12:09:36","1807","Verbose","Microsoft-Windows-SENSE","CSP: Get Onboarding value complete. Onboarding Blob Hash: (0x9DF75D74030C7DBF), IsDefault: (false), Onboarding State: (0x1), Onboarding State IsDefault: (false)"
"11-08-2026 12:09:36","1832","Verbose","Microsoft-Windows-SENSE","CSP: Get Device Tagging Group complete. Value: (Workstations), IsDefault: (false)."
"11-08-2026 12:09:28","101","Error","Microsoft-Windows-SENSE","Windows Defender Advanced Threat Protection Network Detection and Response executable failed to start. Failure code: 0x80004002"
"11-08-2026 12:09:28","103","Information","Microsoft-Windows-SENSE","Windows Defender Advanced Threat Protection Network Detection and Response executable has ended"
"11-08-2026 12:09:27","38","Information","Microsoft-Windows-SENSE","Network connection is identified as low. Windows Defender Advanced Threat Protection will contact the server every 300 seconds. Metered connection: false, internet available: false, free network available: false, proxy is defined by GP: false."
"11-08-2026 12:09:20","1841","Verbose","Microsoft-Windows-SENSE","CSP: Get AadDeviceId complete. Value: (b0a5bc0f-7566-4771-a98b-e1b6a6bd0645), IsDefault: (false)."
"11-08-2026 12:09:20","1806","Verbose","Microsoft-Windows-SENSE","CSP: Get Onboarding State value complete. Result: (1), IsDefault: (false)."
"11-08-2026 12:09:20","1805","Verbose","Microsoft-Windows-SENSE","CSP: Get Sense Is Running value complete. Result: (0x1)."
"11-08-2026 12:09:15","1809","Verbose","Microsoft-Windows-SENSE","CSP: Get Sample Sharing value complete. Result: (1), IsDefault: (true)."
"11-08-2026 12:09:15","1807","Verbose","Microsoft-Windows-SENSE","CSP: Get Onboarding value complete. Onboarding Blob Hash: (0x9DF75D74030C7DBF), IsDefault: (false), Onboarding State: (0x1), Onboarding State IsDefault: (false)"
"11-08-2026 12:09:13","1832","Verbose","Microsoft-Windows-SENSE","CSP: Get Device Tagging Group complete. Value: (Workstations), IsDefault: (false)."
"11-08-2026 12:08:19","1841","Verbose","Microsoft-Windows-SENSE","CSP: Get AadDeviceId complete. Value: (b0a5bc0f-7566-4771-a98b-e1b6a6bd0645), IsDefault: (false)."
"11-08-2026 12:08:19","1806","Verbose","Microsoft-Windows-SENSE","CSP: Get Onboarding State value complete. Result: (1), IsDefault: (false)."
"11-08-2026 12:08:19","1805","Verbose","Microsoft-Windows-SENSE","CSP: Get Sense Is Running value complete. Result: (0x1)."
"11-08-2026 12:08:19","1809","Verbose","Microsoft-Windows-SENSE","CSP: Get Sample Sharing value complete. Result: (1), IsDefault: (true)."
"11-08-2026 12:08:19","1807","Verbose","Microsoft-Windows-SENSE","CSP: Get Onboarding value complete. Onboarding Blob Hash: (0x9DF75D74030C7DBF), IsDefault: (false), Onboarding State: (0x1), Onboarding State IsDefault: (false)"
"11-08-2026 12:08:19","1832","Verbose","Microsoft-Windows-SENSE","CSP: Get Device Tagging Group complete. Value: (Workstations), IsDefault: (false)."
"11-08-2026 12:08:07","1841","Verbose","Microsoft-Windows-SENSE","CSP: Get AadDeviceId complete. Value: (b0a5bc0f-7566-4771-a98b-e1b6a6bd0645), IsDefault: (false)."
"11-08-2026 12:08:07","1806","Verbose","Microsoft-Windows-SENSE","CSP: Get Onboarding State value complete. Result: (1), IsDefault: (false)."
"11-08-2026 12:08:07","1805","Verbose","Microsoft-Windows-SENSE","CSP: Get Sense Is Running value complete. Result: (0x1)."
"11-08-2026 12:08:05","1809","Verbose","Microsoft-Windows-SENSE","CSP: Get Sample Sharing value complete. Result: (1), IsDefault: (true)."
"11-08-2026 12:08:05","1807","Verbose","Microsoft-Windows-SENSE","CSP: Get Onboarding value complete. Onboarding Blob Hash: (0x9DF75D74030C7DBF), IsDefault: (false), Onboarding State: (0x1), Onboarding State IsDefault: (false)"
"11-08-2026 12:08:04","1832","Verbose","Microsoft-Windows-SENSE","CSP: Get Device Tagging Group complete. Value: (Workstations), IsDefault: (false)."
"11-08-2026 12:06:49","102","Information","Microsoft-Windows-SENSE","Windows Defender Advanced Threat Protection Network Detection and Response executable has started"
"11-08-2026 12:06:47","103","Information","Microsoft-Windows-SENSE","Windows Defender Advanced Threat Protection Network Detection and Response executable has ended"
