"17-08-2026 14:28:28","5321","Information","Microsoft-Windows-GroupPolicy","A previous instance of the Group Policy Client Service was detected. Parameter: 223ee5e0-3ad0-4f9b-b3aa-a5566cc4ba1b"
"17-08-2026 14:28:28","5117","Information","Microsoft-Windows-GroupPolicy","Group policy session completed successfully."
"17-08-2026 14:28:28","5320","Information","Microsoft-Windows-GroupPolicy","Initializing service instance state to detect previous instances of the service."
"17-08-2026 14:28:28","5320","Information","Microsoft-Windows-GroupPolicy","Initializing and reading current service configuration for the Group Policy Client service."
"17-08-2026 14:28:28","5320","Information","Microsoft-Windows-GroupPolicy","The Group Policy Client service is currently configured as a standalone service."
"17-08-2026 14:28:28","5116","Information","Microsoft-Windows-GroupPolicy","Successfully completed the Group Policy Service initialization phase."
"17-08-2026 14:28:28","4117","Information","Microsoft-Windows-GroupPolicy","Group Policy Session started."
"17-08-2026 14:28:28","5351","Information","Microsoft-Windows-GroupPolicy","Group policy session returned to winlogon."
"17-08-2026 14:28:28","4117","Information","Microsoft-Windows-GroupPolicy","Group Policy Session started."
"17-08-2026 14:28:28","5351","Information","Microsoft-Windows-GroupPolicy","Group policy session returned to winlogon."
"17-08-2026 14:28:28","5324","Information","Microsoft-Windows-GroupPolicy","Group Policy received the notification CreateSession from Winlogon for session 0."
"17-08-2026 14:28:28","4115","Information","Microsoft-Windows-GroupPolicy","Group Policy Service started."
"17-08-2026 14:28:28","4116","Information","Microsoft-Windows-GroupPolicy","Started the Group Policy service initialization phase."
"17-08-2026 14:16:57","5117","Information","Microsoft-Windows-GroupPolicy","Group policy session completed successfully."
"17-08-2026 14:16:57","5321","Information","Microsoft-Windows-GroupPolicy","A previous instance of the Group Policy Client Service was detected. Parameter: 18709534-52e9-4bdb-9fd8-4316fe68ae1f"
"17-08-2026 14:16:57","5320","Information","Microsoft-Windows-GroupPolicy","Initializing service instance state to detect previous instances of the service."
"17-08-2026 14:16:57","5320","Information","Microsoft-Windows-GroupPolicy","Initializing and reading current service configuration for the Group Policy Client service."
"17-08-2026 14:16:57","5320","Information","Microsoft-Windows-GroupPolicy","The Group Policy Client service is currently configured as a standalone service."
"17-08-2026 14:16:57","5117","Information","Microsoft-Windows-GroupPolicy","Group policy session completed successfully."
"17-08-2026 14:16:57","5116","Information","Microsoft-Windows-GroupPolicy","Successfully completed the Group Policy Service initialization phase."
"17-08-2026 14:16:57","4117","Information","Microsoft-Windows-GroupPolicy","Group Policy Session started."
"17-08-2026 14:16:57","5351","Information","Microsoft-Windows-GroupPolicy","Group policy session returned to winlogon."
"17-08-2026 14:16:57","4117","Information","Microsoft-Windows-GroupPolicy","Group Policy Session started."
"17-08-2026 14:16:57","5351","Information","Microsoft-Windows-GroupPolicy","Group policy session returned to winlogon."
"17-08-2026 14:16:57","5324","Information","Microsoft-Windows-GroupPolicy","Group Policy received the notification CreateSession from Winlogon for session 0."
"17-08-2026 14:16:57","4115","Information","Microsoft-Windows-GroupPolicy","Group Policy Service started."
"17-08-2026 14:16:57","4116","Information","Microsoft-Windows-GroupPolicy","Started the Group Policy service initialization phase."
"17-08-2026 13:42:36","5117","Information","Microsoft-Windows-GroupPolicy","Group policy session completed successfully."
"17-08-2026 13:42:36","5321","Information","Microsoft-Windows-GroupPolicy","A previous instance of the Group Policy Client Service was detected. Parameter: 4717aa30-dafe-4a66-9b6e-cd69a5a337a9"
"17-08-2026 13:42:36","5320","Information","Microsoft-Windows-GroupPolicy","Initializing service instance state to detect previous instances of the service."
"17-08-2026 13:42:36","5320","Information","Microsoft-Windows-GroupPolicy","Initializing and reading current service configuration for the Group Policy Client service."
"17-08-2026 13:42:36","5320","Information","Microsoft-Windows-GroupPolicy","The Group Policy Client service is currently configured as a standalone service."
"17-08-2026 13:42:36","5117","Information","Microsoft-Windows-GroupPolicy","Group policy session completed successfully."
"17-08-2026 13:42:36","5116","Information","Microsoft-Windows-GroupPolicy","Successfully completed the Group Policy Service initialization phase."
"17-08-2026 13:42:36","4117","Information","Microsoft-Windows-GroupPolicy","Group Policy Session started."
"17-08-2026 13:42:36","5351","Information","Microsoft-Windows-GroupPolicy","Group policy session returned to winlogon."
"17-08-2026 13:42:36","4117","Information","Microsoft-Windows-GroupPolicy","Group Policy Session started."
"17-08-2026 13:42:36","5351","Information","Microsoft-Windows-GroupPolicy","Group policy session returned to winlogon."
"17-08-2026 13:42:36","5324","Information","Microsoft-Windows-GroupPolicy","Group Policy received the notification CreateSession from Winlogon for session 0."
"17-08-2026 13:42:36","4115","Information","Microsoft-Windows-GroupPolicy","Group Policy Service started."
"17-08-2026 13:42:35","4116","Information","Microsoft-Windows-GroupPolicy","Started the Group Policy service initialization phase."
"17-08-2026 13:31:54","5117","Information","Microsoft-Windows-GroupPolicy","Group policy session completed successfully."
"17-08-2026 13:31:54","5321","Information","Microsoft-Windows-GroupPolicy","A previous instance of the Group Policy Client Service was detected. Parameter: 37f9bc30-dd44-4a29-befc-0a215c52d6cd"
"17-08-2026 13:31:54","5320","Information","Microsoft-Windows-GroupPolicy","Initializing service instance state to detect previous instances of the service."
"17-08-2026 13:31:54","5320","Information","Microsoft-Windows-GroupPolicy","Initializing and reading current service configuration for the Group Policy Client service."
"17-08-2026 13:31:54","5320","Information","Microsoft-Windows-GroupPolicy","The Group Policy Client service is currently configured as a standalone service."
"17-08-2026 13:31:54","5117","Information","Microsoft-Windows-GroupPolicy","Group policy session completed successfully."
"17-08-2026 13:31:54","5116","Information","Microsoft-Windows-GroupPolicy","Successfully completed the Group Policy Service initialization phase."
"17-08-2026 13:31:54","4117","Information","Microsoft-Windows-GroupPolicy","Group Policy Session started."
"17-08-2026 13:31:54","5351","Information","Microsoft-Windows-GroupPolicy","Group policy session returned to winlogon."
"17-08-2026 13:31:54","4117","Information","Microsoft-Windows-GroupPolicy","Group Policy Session started."
"17-08-2026 13:31:54","5351","Information","Microsoft-Windows-GroupPolicy","Group policy session returned to winlogon."
"17-08-2026 13:31:54","5324","Information","Microsoft-Windows-GroupPolicy","Group Policy received the notification CreateSession from Winlogon for session 0."
"17-08-2026 13:31:54","4115","Information","Microsoft-Windows-GroupPolicy","Group Policy Service started."
"17-08-2026 13:31:54","4116","Information","Microsoft-Windows-GroupPolicy","Started the Group Policy service initialization phase."
"17-08-2026 13:21:39","5117","Information","Microsoft-Windows-GroupPolicy","Group policy session completed successfully."
"17-08-2026 13:21:39","5321","Information","Microsoft-Windows-GroupPolicy","A previous instance of the Group Policy Client Service was detected. Parameter: 298737bc-1a37-4e1f-9032-c883de0c409c"
"17-08-2026 13:21:39","5117","Information","Microsoft-Windows-GroupPolicy","Group policy session completed successfully."
"17-08-2026 13:21:39","5320","Information","Microsoft-Windows-GroupPolicy","Initializing service instance state to detect previous instances of the service."
"17-08-2026 13:21:39","5320","Information","Microsoft-Windows-GroupPolicy","Initializing and reading current service configuration for the Group Policy Client service."
"17-08-2026 13:21:39","5320","Information","Microsoft-Windows-GroupPolicy","The Group Policy Client service is currently configured as a standalone service."
"17-08-2026 13:21:39","5116","Information","Microsoft-Windows-GroupPolicy","Successfully completed the Group Policy Service initialization phase."
"17-08-2026 13:21:39","4117","Information","Microsoft-Windows-GroupPolicy","Group Policy Session started."
"17-08-2026 13:21:39","5351","Information","Microsoft-Windows-GroupPolicy","Group policy session returned to winlogon."
"17-08-2026 13:21:39","4117","Information","Microsoft-Windows-GroupPolicy","Group Policy Session started."
"17-08-2026 13:21:39","5351","Information","Microsoft-Windows-GroupPolicy","Group policy session returned to winlogon."
"17-08-2026 13:21:39","5324","Information","Microsoft-Windows-GroupPolicy","Group Policy received the notification CreateSession from Winlogon for session 0."
"17-08-2026 13:21:39","4115","Information","Microsoft-Windows-GroupPolicy","Group Policy Service started."
"17-08-2026 13:21:39","4116","Information","Microsoft-Windows-GroupPolicy","Started the Group Policy service initialization phase."
"17-08-2026 13:01:02","5117","Information","Microsoft-Windows-GroupPolicy","Group policy session completed successfully."
"17-08-2026 13:01:02","5321","Information","Microsoft-Windows-GroupPolicy","A previous instance of the Group Policy Client Service was detected. Parameter: 4814e277-bc8b-489d-9883-14535070b697"
"17-08-2026 13:01:02","5320","Information","Microsoft-Windows-GroupPolicy","Initializing service instance state to detect previous instances of the service."
"17-08-2026 13:01:02","5320","Information","Microsoft-Windows-GroupPolicy","Initializing and reading current service configuration for the Group Policy Client service."
"17-08-2026 13:01:02","5320","Information","Microsoft-Windows-GroupPolicy","The Group Policy Client service is currently configured as a standalone service."
"17-08-2026 13:01:02","5117","Information","Microsoft-Windows-GroupPolicy","Group policy session completed successfully."
"17-08-2026 13:01:02","5116","Information","Microsoft-Windows-GroupPolicy","Successfully completed the Group Policy Service initialization phase."
"17-08-2026 13:01:02","4117","Information","Microsoft-Windows-GroupPolicy","Group Policy Session started."
"17-08-2026 13:01:02","5351","Information","Microsoft-Windows-GroupPolicy","Group policy session returned to winlogon."
"17-08-2026 13:01:02","4117","Information","Microsoft-Windows-GroupPolicy","Group Policy Session started."
"17-08-2026 13:01:02","5351","Information","Microsoft-Windows-GroupPolicy","Group policy session returned to winlogon."
"17-08-2026 13:01:02","5324","Information","Microsoft-Windows-GroupPolicy","Group Policy received the notification CreateSession from Winlogon for session 0."
"17-08-2026 13:01:02","4115","Information","Microsoft-Windows-GroupPolicy","Group Policy Service started."
"17-08-2026 13:01:02","4116","Information","Microsoft-Windows-GroupPolicy","Started the Group Policy service initialization phase."
"17-08-2026 12:50:59","5117","Information","Microsoft-Windows-GroupPolicy","Group policy session completed successfully."
"17-08-2026 12:50:59","5321","Information","Microsoft-Windows-GroupPolicy","A previous instance of the Group Policy Client Service was detected. Parameter: 10510c1c-43ba-4882-bd80-a634e3f9e337"
"17-08-2026 12:50:59","5320","Information","Microsoft-Windows-GroupPolicy","Initializing service instance state to detect previous instances of the service."
"17-08-2026 12:50:59","5320","Information","Microsoft-Windows-GroupPolicy","Initializing and reading current service configuration for the Group Policy Client service."
"17-08-2026 12:50:59","5320","Information","Microsoft-Windows-GroupPolicy","The Group Policy Client service is currently configured as a standalone service."
"17-08-2026 12:50:59","5117","Information","Microsoft-Windows-GroupPolicy","Group policy session completed successfully."
"17-08-2026 12:50:59","5116","Information","Microsoft-Windows-GroupPolicy","Successfully completed the Group Policy Service initialization phase."
"17-08-2026 12:50:59","4117","Information","Microsoft-Windows-GroupPolicy","Group Policy Session started."
"17-08-2026 12:50:59","5351","Information","Microsoft-Windows-GroupPolicy","Group policy session returned to winlogon."
"17-08-2026 12:50:59","4117","Information","Microsoft-Windows-GroupPolicy","Group Policy Session started."
"17-08-2026 12:50:59","5351","Information","Microsoft-Windows-GroupPolicy","Group policy session returned to winlogon."
"17-08-2026 12:50:59","5324","Information","Microsoft-Windows-GroupPolicy","Group Policy received the notification CreateSession from Winlogon for session 0."
"17-08-2026 12:50:59","4115","Information","Microsoft-Windows-GroupPolicy","Group Policy Service started."
"17-08-2026 12:50:59","4116","Information","Microsoft-Windows-GroupPolicy","Started the Group Policy service initialization phase."
"17-08-2026 12:36:39","5117","Information","Microsoft-Windows-GroupPolicy","Group policy session completed successfully."
"17-08-2026 12:36:39","5321","Information","Microsoft-Windows-GroupPolicy","A previous instance of the Group Policy Client Service was detected. Parameter: 9df7deec-c96e-4c02-8621-303b58d727e9"
"17-08-2026 12:36:39","5320","Information","Microsoft-Windows-GroupPolicy","Initializing service instance state to detect previous instances of the service."
"17-08-2026 12:36:39","5117","Information","Microsoft-Windows-GroupPolicy","Group policy session completed successfully."
"17-08-2026 12:36:39","5320","Information","Microsoft-Windows-GroupPolicy","Initializing and reading current service configuration for the Group Policy Client service."
"17-08-2026 12:36:39","5320","Information","Microsoft-Windows-GroupPolicy","The Group Policy Client service is currently configured as a standalone service."
"17-08-2026 12:36:39","5116","Information","Microsoft-Windows-GroupPolicy","Successfully completed the Group Policy Service initialization phase."
"17-08-2026 12:36:39","4117","Information","Microsoft-Windows-GroupPolicy","Group Policy Session started."
"17-08-2026 12:36:39","5351","Information","Microsoft-Windows-GroupPolicy","Group policy session returned to winlogon."
"17-08-2026 12:36:39","4117","Information","Microsoft-Windows-GroupPolicy","Group Policy Session started."
"17-08-2026 12:36:39","5351","Information","Microsoft-Windows-GroupPolicy","Group policy session returned to winlogon."
"17-08-2026 12:36:39","5324","Information","Microsoft-Windows-GroupPolicy","Group Policy received the notification CreateSession from Winlogon for session 0."
"17-08-2026 12:36:39","4115","Information","Microsoft-Windows-GroupPolicy","Group Policy Service started."
"17-08-2026 12:36:39","4116","Information","Microsoft-Windows-GroupPolicy","Started the Group Policy service initialization phase."
"17-08-2026 12:21:39","5117","Information","Microsoft-Windows-GroupPolicy","Group policy session completed successfully."
"17-08-2026 12:21:39","5321","Information","Microsoft-Windows-GroupPolicy","A previous instance of the Group Policy Client Service was detected. Parameter: cb2f847d-32c2-400b-a158-d8772f433970"
"17-08-2026 12:21:39","5320","Information","Microsoft-Windows-GroupPolicy","Initializing service instance state to detect previous instances of the service."
"17-08-2026 12:21:39","5320","Information","Microsoft-Windows-GroupPolicy","Initializing and reading current service configuration for the Group Policy Client service."
"17-08-2026 12:21:39","5320","Information","Microsoft-Windows-GroupPolicy","The Group Policy Client service is currently configured as a standalone service."
"17-08-2026 12:21:39","5117","Information","Microsoft-Windows-GroupPolicy","Group policy session completed successfully."
"17-08-2026 12:21:39","5116","Information","Microsoft-Windows-GroupPolicy","Successfully completed the Group Policy Service initialization phase."
"17-08-2026 12:21:39","4117","Information","Microsoft-Windows-GroupPolicy","Group Policy Session started."
"17-08-2026 12:21:39","5351","Information","Microsoft-Windows-GroupPolicy","Group policy session returned to winlogon."
"17-08-2026 12:21:39","4117","Information","Microsoft-Windows-GroupPolicy","Group Policy Session started."
"17-08-2026 12:21:39","5351","Information","Microsoft-Windows-GroupPolicy","Group policy session returned to winlogon."
"17-08-2026 12:21:39","5324","Information","Microsoft-Windows-GroupPolicy","Group Policy received the notification CreateSession from Winlogon for session 0."
"17-08-2026 12:21:39","4115","Information","Microsoft-Windows-GroupPolicy","Group Policy Service started."
"17-08-2026 12:21:39","4116","Information","Microsoft-Windows-GroupPolicy","Started the Group Policy service initialization phase."
"17-08-2026 11:51:00","5117","Information","Microsoft-Windows-GroupPolicy","Group policy session completed successfully."
"17-08-2026 11:51:00","5321","Information","Microsoft-Windows-GroupPolicy","A previous instance of the Group Policy Client Service was detected. Parameter: c917147d-c054-4b02-b9da-caf0b926896d"
"17-08-2026 11:51:00","5320","Information","Microsoft-Windows-GroupPolicy","Initializing service instance state to detect previous instances of the service."
"17-08-2026 11:51:00","5320","Information","Microsoft-Windows-GroupPolicy","Initializing and reading current service configuration for the Group Policy Client service."
"17-08-2026 11:51:00","5320","Information","Microsoft-Windows-GroupPolicy","The Group Policy Client service is currently configured as a standalone service."
"17-08-2026 11:51:00","5117","Information","Microsoft-Windows-GroupPolicy","Group policy session completed successfully."
"17-08-2026 11:51:00","5116","Information","Microsoft-Windows-GroupPolicy","Successfully completed the Group Policy Service initialization phase."
"17-08-2026 11:51:00","4117","Information","Microsoft-Windows-GroupPolicy","Group Policy Session started."
"17-08-2026 11:51:00","5351","Information","Microsoft-Windows-GroupPolicy","Group policy session returned to winlogon."
"17-08-2026 11:51:00","4117","Information","Microsoft-Windows-GroupPolicy","Group Policy Session started."
"17-08-2026 11:51:00","5351","Information","Microsoft-Windows-GroupPolicy","Group policy session returned to winlogon."
"17-08-2026 11:51:00","5324","Information","Microsoft-Windows-GroupPolicy","Group Policy received the notification CreateSession from Winlogon for session 0."
"17-08-2026 11:51:00","4115","Information","Microsoft-Windows-GroupPolicy","Group Policy Service started."
"17-08-2026 11:51:00","4116","Information","Microsoft-Windows-GroupPolicy","Started the Group Policy service initialization phase."
"17-08-2026 11:36:39","5117","Information","Microsoft-Windows-GroupPolicy","Group policy session completed successfully."
"17-08-2026 11:36:39","5321","Information","Microsoft-Windows-GroupPolicy","A previous instance of the Group Policy Client Service was detected. Parameter: 1f006a31-e5f8-4090-826f-683feba9357d"
"17-08-2026 11:36:39","5320","Information","Microsoft-Windows-GroupPolicy","Initializing service instance state to detect previous instances of the service."
"17-08-2026 11:36:39","5320","Information","Microsoft-Windows-GroupPolicy","Initializing and reading current service configuration for the Group Policy Client service."
"17-08-2026 11:36:39","5117","Information","Microsoft-Windows-GroupPolicy","Group policy session completed successfully."
"17-08-2026 11:36:39","5320","Information","Microsoft-Windows-GroupPolicy","The Group Policy Client service is currently configured as a standalone service."
"17-08-2026 11:36:39","5116","Information","Microsoft-Windows-GroupPolicy","Successfully completed the Group Policy Service initialization phase."
"17-08-2026 11:36:39","4117","Information","Microsoft-Windows-GroupPolicy","Group Policy Session started."
"17-08-2026 11:36:39","5351","Information","Microsoft-Windows-GroupPolicy","Group policy session returned to winlogon."
"17-08-2026 11:36:39","4117","Information","Microsoft-Windows-GroupPolicy","Group Policy Session started."
"17-08-2026 11:36:39","5351","Information","Microsoft-Windows-GroupPolicy","Group policy session returned to winlogon."
"17-08-2026 11:36:39","5324","Information","Microsoft-Windows-GroupPolicy","Group Policy received the notification CreateSession from Winlogon for session 0."
"17-08-2026 11:36:39","4115","Information","Microsoft-Windows-GroupPolicy","Group Policy Service started."
"17-08-2026 11:36:39","4116","Information","Microsoft-Windows-GroupPolicy","Started the Group Policy service initialization phase."
"17-08-2026 11:21:39","5117","Information","Microsoft-Windows-GroupPolicy","Group policy session completed successfully."
"17-08-2026 11:21:39","5321","Information","Microsoft-Windows-GroupPolicy","A previous instance of the Group Policy Client Service was detected. Parameter: 62c4e910-8c23-4de7-a234-c9e49c3b2449"
"17-08-2026 11:21:39","5320","Information","Microsoft-Windows-GroupPolicy","Initializing service instance state to detect previous instances of the service."
"17-08-2026 11:21:39","5320","Information","Microsoft-Windows-GroupPolicy","Initializing and reading current service configuration for the Group Policy Client service."
"17-08-2026 11:21:39","5320","Information","Microsoft-Windows-GroupPolicy","The Group Policy Client service is currently configured as a standalone service."
"17-08-2026 11:21:39","5117","Information","Microsoft-Windows-GroupPolicy","Group policy session completed successfully."
"17-08-2026 11:21:39","5116","Information","Microsoft-Windows-GroupPolicy","Successfully completed the Group Policy Service initialization phase."
"17-08-2026 11:21:39","4117","Information","Microsoft-Windows-GroupPolicy","Group Policy Session started."
"17-08-2026 11:21:39","5351","Information","Microsoft-Windows-GroupPolicy","Group policy session returned to winlogon."
"17-08-2026 11:21:39","4117","Information","Microsoft-Windows-GroupPolicy","Group Policy Session started."
"17-08-2026 11:21:39","5351","Information","Microsoft-Windows-GroupPolicy","Group policy session returned to winlogon."
"17-08-2026 11:21:39","5324","Information","Microsoft-Windows-GroupPolicy","Group Policy received the notification CreateSession from Winlogon for session 0."
"17-08-2026 11:21:39","4115","Information","Microsoft-Windows-GroupPolicy","Group Policy Service started."
"17-08-2026 11:21:39","4116","Information","Microsoft-Windows-GroupPolicy","Started the Group Policy service initialization phase."
"17-08-2026 11:06:39","5117","Information","Microsoft-Windows-GroupPolicy","Group policy session completed successfully."
"17-08-2026 11:06:39","5321","Information","Microsoft-Windows-GroupPolicy","A previous instance of the Group Policy Client Service was detected. Parameter: 6c2041af-bbc4-4cfa-8fbc-994c2c432563"
"17-08-2026 11:06:39","5320","Information","Microsoft-Windows-GroupPolicy","Initializing service instance state to detect previous instances of the service."
"17-08-2026 11:06:39","5320","Information","Microsoft-Windows-GroupPolicy","Initializing and reading current service configuration for the Group Policy Client service."
"17-08-2026 11:06:39","5320","Information","Microsoft-Windows-GroupPolicy","The Group Policy Client service is currently configured as a standalone service."
"17-08-2026 11:06:39","5117","Information","Microsoft-Windows-GroupPolicy","Group policy session completed successfully."
"17-08-2026 11:06:39","5116","Information","Microsoft-Windows-GroupPolicy","Successfully completed the Group Policy Service initialization phase."
"17-08-2026 11:06:39","4117","Information","Microsoft-Windows-GroupPolicy","Group Policy Session started."
"17-08-2026 11:06:39","5351","Information","Microsoft-Windows-GroupPolicy","Group policy session returned to winlogon."
"17-08-2026 11:06:39","4117","Information","Microsoft-Windows-GroupPolicy","Group Policy Session started."
"17-08-2026 11:06:39","5351","Information","Microsoft-Windows-GroupPolicy","Group policy session returned to winlogon."
"17-08-2026 11:06:39","5324","Information","Microsoft-Windows-GroupPolicy","Group Policy received the notification CreateSession from Winlogon for session 0."
"17-08-2026 11:06:39","4115","Information","Microsoft-Windows-GroupPolicy","Group Policy Service started."
"17-08-2026 11:06:39","4116","Information","Microsoft-Windows-GroupPolicy","Started the Group Policy service initialization phase."
"17-08-2026 10:42:36","5117","Information","Microsoft-Windows-GroupPolicy","Group policy session completed successfully."
"17-08-2026 10:42:36","5321","Information","Microsoft-Windows-GroupPolicy","A previous instance of the Group Policy Client Service was detected. Parameter: 55a4f22e-6812-4e08-9c68-29aab586cd61"
"17-08-2026 10:42:36","5117","Information","Microsoft-Windows-GroupPolicy","Group policy session completed successfully."
"17-08-2026 10:42:36","5320","Information","Microsoft-Windows-GroupPolicy","Initializing service instance state to detect previous instances of the service."
"17-08-2026 10:42:36","5320","Information","Microsoft-Windows-GroupPolicy","Initializing and reading current service configuration for the Group Policy Client service."
"17-08-2026 10:42:36","5320","Information","Microsoft-Windows-GroupPolicy","The Group Policy Client service is currently configured as a standalone service."
"17-08-2026 10:42:36","5116","Information","Microsoft-Windows-GroupPolicy","Successfully completed the Group Policy Service initialization phase."
"17-08-2026 10:42:36","4117","Information","Microsoft-Windows-GroupPolicy","Group Policy Session started."
"17-08-2026 10:42:36","5351","Information","Microsoft-Windows-GroupPolicy","Group policy session returned to winlogon."
"17-08-2026 10:42:36","4117","Information","Microsoft-Windows-GroupPolicy","Group Policy Session started."
"17-08-2026 10:42:36","5351","Information","Microsoft-Windows-GroupPolicy","Group policy session returned to winlogon."
"17-08-2026 10:42:36","5324","Information","Microsoft-Windows-GroupPolicy","Group Policy received the notification CreateSession from Winlogon for session 0."
"17-08-2026 10:42:36","4115","Information","Microsoft-Windows-GroupPolicy","Group Policy Service started."
"17-08-2026 10:42:36","4116","Information","Microsoft-Windows-GroupPolicy","Started the Group Policy service initialization phase."
"17-08-2026 10:28:28","5117","Information","Microsoft-Windows-GroupPolicy","Group policy session completed successfully."
"17-08-2026 10:28:28","5321","Information","Microsoft-Windows-GroupPolicy","A previous instance of the Group Policy Client Service was detected. Parameter: 96d12e0d-bf1b-44b0-8d74-604147101dc1"
"17-08-2026 10:28:28","5117","Information","Microsoft-Windows-GroupPolicy","Group policy session completed successfully."
"17-08-2026 10:28:28","5320","Information","Microsoft-Windows-GroupPolicy","Initializing service instance state to detect previous instances of the service."
"17-08-2026 10:28:28","5320","Information","Microsoft-Windows-GroupPolicy","Initializing and reading current service configuration for the Group Policy Client service."
"17-08-2026 10:28:28","5320","Information","Microsoft-Windows-GroupPolicy","The Group Policy Client service is currently configured as a standalone service."
"17-08-2026 10:28:28","5116","Information","Microsoft-Windows-GroupPolicy","Successfully completed the Group Policy Service initialization phase."
"17-08-2026 10:28:28","4117","Information","Microsoft-Windows-GroupPolicy","Group Policy Session started."
"17-08-2026 10:28:28","5351","Information","Microsoft-Windows-GroupPolicy","Group policy session returned to winlogon."
"17-08-2026 10:28:28","4117","Information","Microsoft-Windows-GroupPolicy","Group Policy Session started."
"17-08-2026 10:28:28","5351","Information","Microsoft-Windows-GroupPolicy","Group policy session returned to winlogon."
"17-08-2026 10:28:28","5324","Information","Microsoft-Windows-GroupPolicy","Group Policy received the notification CreateSession from Winlogon for session 0."
"17-08-2026 10:28:28","4115","Information","Microsoft-Windows-GroupPolicy","Group Policy Service started."
"17-08-2026 10:28:28","4116","Information","Microsoft-Windows-GroupPolicy","Started the Group Policy service initialization phase."
"17-08-2026 10:17:09","5117","Information","Microsoft-Windows-GroupPolicy","Group policy session completed successfully."
"17-08-2026 10:17:09","5321","Information","Microsoft-Windows-GroupPolicy","A previous instance of the Group Policy Client Service was detected. Parameter: f89cd6c8-a04f-4f2c-b8b6-04a7507b58ae"
"17-08-2026 10:17:09","5320","Information","Microsoft-Windows-GroupPolicy","Initializing service instance state to detect previous instances of the service."
"17-08-2026 10:17:09","5320","Information","Microsoft-Windows-GroupPolicy","Initializing and reading current service configuration for the Group Policy Client service."
"17-08-2026 10:17:09","5320","Information","Microsoft-Windows-GroupPolicy","The Group Policy Client service is currently configured as a standalone service."
"17-08-2026 10:17:09","5117","Information","Microsoft-Windows-GroupPolicy","Group policy session completed successfully."
"17-08-2026 10:17:09","5116","Information","Microsoft-Windows-GroupPolicy","Successfully completed the Group Policy Service initialization phase."
"17-08-2026 10:17:09","4117","Information","Microsoft-Windows-GroupPolicy","Group Policy Session started."
"17-08-2026 10:17:09","5351","Information","Microsoft-Windows-GroupPolicy","Group policy session returned to winlogon."
"17-08-2026 10:17:09","4117","Information","Microsoft-Windows-GroupPolicy","Group Policy Session started."
"17-08-2026 10:17:09","5351","Information","Microsoft-Windows-GroupPolicy","Group policy session returned to winlogon."
"17-08-2026 10:17:09","5324","Information","Microsoft-Windows-GroupPolicy","Group Policy received the notification CreateSession from Winlogon for session 0."
"17-08-2026 10:17:09","4115","Information","Microsoft-Windows-GroupPolicy","Group Policy Service started."
"17-08-2026 10:17:09","4116","Information","Microsoft-Windows-GroupPolicy","Started the Group Policy service initialization phase."
"14-08-2026 19:28:27","5117","Information","Microsoft-Windows-GroupPolicy","Group policy session completed successfully."
"14-08-2026 19:28:27","5321","Information","Microsoft-Windows-GroupPolicy","A previous instance of the Group Policy Client Service was detected. Parameter: 8c98308b-6918-4362-b576-26d971fdd68f"
"14-08-2026 19:28:27","5320","Information","Microsoft-Windows-GroupPolicy","Initializing service instance state to detect previous instances of the service."
"14-08-2026 19:28:27","5320","Information","Microsoft-Windows-GroupPolicy","Initializing and reading current service configuration for the Group Policy Client service."
"14-08-2026 19:28:27","5320","Information","Microsoft-Windows-GroupPolicy","The Group Policy Client service is currently configured as a standalone service."
"14-08-2026 19:28:27","5117","Information","Microsoft-Windows-GroupPolicy","Group policy session completed successfully."
"14-08-2026 19:28:27","5116","Information","Microsoft-Windows-GroupPolicy","Successfully completed the Group Policy Service initialization phase."
"14-08-2026 19:28:27","4117","Information","Microsoft-Windows-GroupPolicy","Group Policy Session started."
"14-08-2026 19:28:27","5351","Information","Microsoft-Windows-GroupPolicy","Group policy session returned to winlogon."
"14-08-2026 19:28:27","4117","Information","Microsoft-Windows-GroupPolicy","Group Policy Session started."
"14-08-2026 19:28:27","5351","Information","Microsoft-Windows-GroupPolicy","Group policy session returned to winlogon."
"14-08-2026 19:28:27","5324","Information","Microsoft-Windows-GroupPolicy","Group Policy received the notification CreateSession from Winlogon for session 0."
"14-08-2026 19:28:27","4115","Information","Microsoft-Windows-GroupPolicy","Group Policy Service started."
"14-08-2026 19:28:27","4116","Information","Microsoft-Windows-GroupPolicy","Started the Group Policy service initialization phase."
"14-08-2026 19:06:32","5117","Information","Microsoft-Windows-GroupPolicy","Group policy session completed successfully."
"14-08-2026 19:06:32","5321","Information","Microsoft-Windows-GroupPolicy","A previous instance of the Group Policy Client Service was detected. Parameter: 5e05516b-fbe7-440a-87f1-75e0c39e6cc6"
"14-08-2026 19:06:32","5320","Information","Microsoft-Windows-GroupPolicy","Initializing service instance state to detect previous instances of the service."
"14-08-2026 19:06:32","5320","Information","Microsoft-Windows-GroupPolicy","Initializing and reading current service configuration for the Group Policy Client service."
"14-08-2026 19:06:32","5320","Information","Microsoft-Windows-GroupPolicy","The Group Policy Client service is currently configured as a standalone service."
"14-08-2026 19:06:32","5117","Information","Microsoft-Windows-GroupPolicy","Group policy session completed successfully."
"14-08-2026 19:06:32","5116","Information","Microsoft-Windows-GroupPolicy","Successfully completed the Group Policy Service initialization phase."
"14-08-2026 19:06:32","4117","Information","Microsoft-Windows-GroupPolicy","Group Policy Session started."
"14-08-2026 19:06:32","5351","Information","Microsoft-Windows-GroupPolicy","Group policy session returned to winlogon."
"14-08-2026 19:06:32","4117","Information","Microsoft-Windows-GroupPolicy","Group Policy Session started."
"14-08-2026 19:06:32","5351","Information","Microsoft-Windows-GroupPolicy","Group policy session returned to winlogon."
"14-08-2026 19:06:32","5324","Information","Microsoft-Windows-GroupPolicy","Group Policy received the notification CreateSession from Winlogon for session 0."
"14-08-2026 19:06:32","4115","Information","Microsoft-Windows-GroupPolicy","Group Policy Service started."
"14-08-2026 19:06:32","4116","Information","Microsoft-Windows-GroupPolicy","Started the Group Policy service initialization phase."
"14-08-2026 18:46:32","5117","Information","Microsoft-Windows-GroupPolicy","Group policy session completed successfully."
"14-08-2026 18:46:32","5321","Information","Microsoft-Windows-GroupPolicy","A previous instance of the Group Policy Client Service was detected. Parameter: 4f877444-9f77-4c7c-a3f7-27444e98f625"
"14-08-2026 18:46:32","5117","Information","Microsoft-Windows-GroupPolicy","Group policy session completed successfully."
"14-08-2026 18:46:32","5320","Information","Microsoft-Windows-GroupPolicy","Initializing service instance state to detect previous instances of the service."
"14-08-2026 18:46:32","5320","Information","Microsoft-Windows-GroupPolicy","Initializing and reading current service configuration for the Group Policy Client service."
"14-08-2026 18:46:32","5320","Information","Microsoft-Windows-GroupPolicy","The Group Policy Client service is currently configured as a standalone service."
"14-08-2026 18:46:32","5116","Information","Microsoft-Windows-GroupPolicy","Successfully completed the Group Policy Service initialization phase."
"14-08-2026 18:46:32","4117","Information","Microsoft-Windows-GroupPolicy","Group Policy Session started."
"14-08-2026 18:46:32","5351","Information","Microsoft-Windows-GroupPolicy","Group policy session returned to winlogon."
"14-08-2026 18:46:32","4117","Information","Microsoft-Windows-GroupPolicy","Group Policy Session started."
"14-08-2026 18:46:32","5351","Information","Microsoft-Windows-GroupPolicy","Group policy session returned to winlogon."
"14-08-2026 18:46:32","5324","Information","Microsoft-Windows-GroupPolicy","Group Policy received the notification CreateSession from Winlogon for session 0."
"14-08-2026 18:46:32","4115","Information","Microsoft-Windows-GroupPolicy","Group Policy Service started."
"14-08-2026 18:46:32","4116","Information","Microsoft-Windows-GroupPolicy","Started the Group Policy service initialization phase."
"14-08-2026 18:16:31","5117","Information","Microsoft-Windows-GroupPolicy","Group policy session completed successfully."
"14-08-2026 18:16:31","5321","Information","Microsoft-Windows-GroupPolicy","A previous instance of the Group Policy Client Service was detected. Parameter: 006b6d4b-9c83-4d8e-87e1-5a6070de134e"
"14-08-2026 18:16:31","5320","Information","Microsoft-Windows-GroupPolicy","Initializing service instance state to detect previous instances of the service."
"14-08-2026 18:16:31","5320","Information","Microsoft-Windows-GroupPolicy","Initializing and reading current service configuration for the Group Policy Client service."
"14-08-2026 18:16:31","5320","Information","Microsoft-Windows-GroupPolicy","The Group Policy Client service is currently configured as a standalone service."
"14-08-2026 18:16:31","5117","Information","Microsoft-Windows-GroupPolicy","Group policy session completed successfully."
"14-08-2026 18:16:31","5116","Information","Microsoft-Windows-GroupPolicy","Successfully completed the Group Policy Service initialization phase."
"14-08-2026 18:16:31","4117","Information","Microsoft-Windows-GroupPolicy","Group Policy Session started."
"14-08-2026 18:16:31","5351","Information","Microsoft-Windows-GroupPolicy","Group policy session returned to winlogon."
"14-08-2026 18:16:31","4117","Information","Microsoft-Windows-GroupPolicy","Group Policy Session started."
"14-08-2026 18:16:31","5351","Information","Microsoft-Windows-GroupPolicy","Group policy session returned to winlogon."
"14-08-2026 18:16:31","5324","Information","Microsoft-Windows-GroupPolicy","Group Policy received the notification CreateSession from Winlogon for session 0."
"14-08-2026 18:16:31","4115","Information","Microsoft-Windows-GroupPolicy","Group Policy Service started."
"14-08-2026 18:16:31","4116","Information","Microsoft-Windows-GroupPolicy","Started the Group Policy service initialization phase."
"14-08-2026 17:58:48","5117","Information","Microsoft-Windows-GroupPolicy","Group policy session completed successfully."
"14-08-2026 17:58:48","5321","Information","Microsoft-Windows-GroupPolicy","A previous instance of the Group Policy Client Service was detected. Parameter: 02371c73-fa8e-48aa-9a88-9b0088825c14"
"14-08-2026 17:58:48","5320","Information","Microsoft-Windows-GroupPolicy","Initializing service instance state to detect previous instances of the service."
"14-08-2026 17:58:48","5320","Information","Microsoft-Windows-GroupPolicy","Initializing and reading current service configuration for the Group Policy Client service."
"14-08-2026 17:58:48","5320","Information","Microsoft-Windows-GroupPolicy","The Group Policy Client service is currently configured as a standalone service."
"14-08-2026 17:58:48","5117","Information","Microsoft-Windows-GroupPolicy","Group policy session completed successfully."
"14-08-2026 17:58:48","5116","Information","Microsoft-Windows-GroupPolicy","Successfully completed the Group Policy Service initialization phase."
"14-08-2026 17:58:48","4117","Information","Microsoft-Windows-GroupPolicy","Group Policy Session started."
"14-08-2026 17:58:48","5351","Information","Microsoft-Windows-GroupPolicy","Group policy session returned to winlogon."
"14-08-2026 17:58:48","4117","Information","Microsoft-Windows-GroupPolicy","Group Policy Session started."
"14-08-2026 17:58:48","5351","Information","Microsoft-Windows-GroupPolicy","Group policy session returned to winlogon."
"14-08-2026 17:58:48","5324","Information","Microsoft-Windows-GroupPolicy","Group Policy received the notification CreateSession from Winlogon for session 0."
"14-08-2026 17:58:48","4115","Information","Microsoft-Windows-GroupPolicy","Group Policy Service started."
"14-08-2026 17:58:48","4116","Information","Microsoft-Windows-GroupPolicy","Started the Group Policy service initialization phase."
"14-08-2026 17:48:46","5117","Information","Microsoft-Windows-GroupPolicy","Group policy session completed successfully."
"14-08-2026 17:48:46","5321","Information","Microsoft-Windows-GroupPolicy","A previous instance of the Group Policy Client Service was detected. Parameter: c3331fb2-2ca4-4bf4-9827-7d6e89a88889"
"14-08-2026 17:48:46","5320","Information","Microsoft-Windows-GroupPolicy","Initializing service instance state to detect previous instances of the service."
"14-08-2026 17:48:46","5320","Information","Microsoft-Windows-GroupPolicy","Initializing and reading current service configuration for the Group Policy Client service."
"14-08-2026 17:48:46","5320","Information","Microsoft-Windows-GroupPolicy","The Group Policy Client service is currently configured as a standalone service."
"14-08-2026 17:48:46","5117","Information","Microsoft-Windows-GroupPolicy","Group policy session completed successfully."
"14-08-2026 17:48:46","5116","Information","Microsoft-Windows-GroupPolicy","Successfully completed the Group Policy Service initialization phase."
"14-08-2026 17:48:46","4117","Information","Microsoft-Windows-GroupPolicy","Group Policy Session started."
"14-08-2026 17:48:46","5351","Information","Microsoft-Windows-GroupPolicy","Group policy session returned to winlogon."
"14-08-2026 17:48:46","4117","Information","Microsoft-Windows-GroupPolicy","Group Policy Session started."
"14-08-2026 17:48:46","5351","Information","Microsoft-Windows-GroupPolicy","Group policy session returned to winlogon."
"14-08-2026 17:48:46","5324","Information","Microsoft-Windows-GroupPolicy","Group Policy received the notification CreateSession from Winlogon for session 0."
"14-08-2026 17:48:46","4115","Information","Microsoft-Windows-GroupPolicy","Group Policy Service started."
"14-08-2026 17:48:46","4116","Information","Microsoft-Windows-GroupPolicy","Started the Group Policy service initialization phase."
"14-08-2026 17:28:27","5117","Information","Microsoft-Windows-GroupPolicy","Group policy session completed successfully."
"14-08-2026 17:28:27","5321","Information","Microsoft-Windows-GroupPolicy","A previous instance of the Group Policy Client Service was detected. Parameter: 7352ca1b-6f98-4115-8f55-3929b7372746"
"14-08-2026 17:28:27","5117","Information","Microsoft-Windows-GroupPolicy","Group policy session completed successfully."
"14-08-2026 17:28:27","5320","Information","Microsoft-Windows-GroupPolicy","Initializing service instance state to detect previous instances of the service."
"14-08-2026 17:28:27","5320","Information","Microsoft-Windows-GroupPolicy","Initializing and reading current service configuration for the Group Policy Client service."
"14-08-2026 17:28:27","5320","Information","Microsoft-Windows-GroupPolicy","The Group Policy Client service is currently configured as a standalone service."
"14-08-2026 17:28:27","5116","Information","Microsoft-Windows-GroupPolicy","Successfully completed the Group Policy Service initialization phase."
"14-08-2026 17:28:27","4117","Information","Microsoft-Windows-GroupPolicy","Group Policy Session started."
"14-08-2026 17:28:27","5351","Information","Microsoft-Windows-GroupPolicy","Group policy session returned to winlogon."
"14-08-2026 17:28:27","4117","Information","Microsoft-Windows-GroupPolicy","Group Policy Session started."
"14-08-2026 17:28:27","5351","Information","Microsoft-Windows-GroupPolicy","Group policy session returned to winlogon."
"14-08-2026 17:28:27","5324","Information","Microsoft-Windows-GroupPolicy","Group Policy received the notification CreateSession from Winlogon for session 0."
"14-08-2026 17:28:27","4115","Information","Microsoft-Windows-GroupPolicy","Group Policy Service started."
"14-08-2026 17:28:27","4116","Information","Microsoft-Windows-GroupPolicy","Started the Group Policy service initialization phase."
"14-08-2026 17:16:31","5117","Information","Microsoft-Windows-GroupPolicy","Group policy session completed successfully."
"14-08-2026 17:16:31","5321","Information","Microsoft-Windows-GroupPolicy","A previous instance of the Group Policy Client Service was detected. Parameter: 4a0b94a0-c02b-4704-beeb-6f118c1304dd"
"14-08-2026 17:16:31","5117","Information","Microsoft-Windows-GroupPolicy","Group policy session completed successfully."
"14-08-2026 17:16:31","5320","Information","Microsoft-Windows-GroupPolicy","Initializing service instance state to detect previous instances of the service."
"14-08-2026 17:16:31","5320","Information","Microsoft-Windows-GroupPolicy","Initializing and reading current service configuration for the Group Policy Client service."
"14-08-2026 17:16:31","5320","Information","Microsoft-Windows-GroupPolicy","The Group Policy Client service is currently configured as a standalone service."
"14-08-2026 17:16:31","5116","Information","Microsoft-Windows-GroupPolicy","Successfully completed the Group Policy Service initialization phase."
"14-08-2026 17:16:31","4117","Information","Microsoft-Windows-GroupPolicy","Group Policy Session started."
"14-08-2026 17:16:31","5351","Information","Microsoft-Windows-GroupPolicy","Group policy session returned to winlogon."
"14-08-2026 17:16:31","4117","Information","Microsoft-Windows-GroupPolicy","Group Policy Session started."
"14-08-2026 17:16:31","5351","Information","Microsoft-Windows-GroupPolicy","Group policy session returned to winlogon."
"14-08-2026 17:16:31","5324","Information","Microsoft-Windows-GroupPolicy","Group Policy received the notification CreateSession from Winlogon for session 0."
"14-08-2026 17:16:31","4115","Information","Microsoft-Windows-GroupPolicy","Group Policy Service started."
"14-08-2026 17:16:31","4116","Information","Microsoft-Windows-GroupPolicy","Started the Group Policy service initialization phase."
"14-08-2026 17:01:31","5117","Information","Microsoft-Windows-GroupPolicy","Group policy session completed successfully."
"14-08-2026 17:01:31","5321","Information","Microsoft-Windows-GroupPolicy","A previous instance of the Group Policy Client Service was detected. Parameter: 01868da8-25ec-4c21-9dc3-9319287e796e"
"14-08-2026 17:01:31","5320","Information","Microsoft-Windows-GroupPolicy","Initializing service instance state to detect previous instances of the service."
"14-08-2026 17:01:31","5320","Information","Microsoft-Windows-GroupPolicy","Initializing and reading current service configuration for the Group Policy Client service."
"14-08-2026 17:01:31","5320","Information","Microsoft-Windows-GroupPolicy","The Group Policy Client service is currently configured as a standalone service."
"14-08-2026 17:01:31","5117","Information","Microsoft-Windows-GroupPolicy","Group policy session completed successfully."
"14-08-2026 17:01:31","5116","Information","Microsoft-Windows-GroupPolicy","Successfully completed the Group Policy Service initialization phase."
"14-08-2026 17:01:31","4117","Information","Microsoft-Windows-GroupPolicy","Group Policy Session started."
"14-08-2026 17:01:31","5351","Information","Microsoft-Windows-GroupPolicy","Group policy session returned to winlogon."
"14-08-2026 17:01:31","4117","Information","Microsoft-Windows-GroupPolicy","Group Policy Session started."
"14-08-2026 17:01:31","5351","Information","Microsoft-Windows-GroupPolicy","Group policy session returned to winlogon."
"14-08-2026 17:01:31","5324","Information","Microsoft-Windows-GroupPolicy","Group Policy received the notification CreateSession from Winlogon for session 0."
"14-08-2026 17:01:31","4115","Information","Microsoft-Windows-GroupPolicy","Group Policy Service started."
"14-08-2026 17:01:31","4116","Information","Microsoft-Windows-GroupPolicy","Started the Group Policy service initialization phase."
"14-08-2026 16:48:46","5117","Information","Microsoft-Windows-GroupPolicy","Group policy session completed successfully."
"14-08-2026 16:48:46","5321","Information","Microsoft-Windows-GroupPolicy","A previous instance of the Group Policy Client Service was detected. Parameter: 77e8c024-0e43-4b22-864a-169b922ddac8"
"14-08-2026 16:48:46","5320","Information","Microsoft-Windows-GroupPolicy","Initializing service instance state to detect previous instances of the service."
"14-08-2026 16:48:46","5320","Information","Microsoft-Windows-GroupPolicy","Initializing and reading current service configuration for the Group Policy Client service."
"14-08-2026 16:48:46","5117","Information","Microsoft-Windows-GroupPolicy","Group policy session completed successfully."
"14-08-2026 16:48:46","5320","Information","Microsoft-Windows-GroupPolicy","The Group Policy Client service is currently configured as a standalone service."
"14-08-2026 16:48:46","5116","Information","Microsoft-Windows-GroupPolicy","Successfully completed the Group Policy Service initialization phase."
"14-08-2026 16:48:46","4117","Information","Microsoft-Windows-GroupPolicy","Group Policy Session started."
"14-08-2026 16:48:46","5351","Information","Microsoft-Windows-GroupPolicy","Group policy session returned to winlogon."
"14-08-2026 16:48:46","4117","Information","Microsoft-Windows-GroupPolicy","Group Policy Session started."
"14-08-2026 16:48:46","5351","Information","Microsoft-Windows-GroupPolicy","Group policy session returned to winlogon."
"14-08-2026 16:48:46","5324","Information","Microsoft-Windows-GroupPolicy","Group Policy received the notification CreateSession from Winlogon for session 0."
"14-08-2026 16:48:46","4115","Information","Microsoft-Windows-GroupPolicy","Group Policy Service started."
"14-08-2026 16:48:46","4116","Information","Microsoft-Windows-GroupPolicy","Started the Group Policy service initialization phase."
"14-08-2026 16:28:29","5117","Information","Microsoft-Windows-GroupPolicy","Group policy session completed successfully."
