"19-08-2026 13:11:05","800","Information","Microsoft-Windows-DeviceManagement-Enterprise-Diagnostics-Provider","MDM PolicyManager: Dedicated notification (WNF): (0xA3BC7865, 0x41C64E6D) published for Policy: (Power/Policy/Settings/Disk/SchemePersonality/8c5e7fda-e8bf-4a96-9a85-a6e23a8c635c/Setting/IdleTimeout/AcValue)."
"19-08-2026 13:11:05","800","Information","Microsoft-Windows-DeviceManagement-Enterprise-Diagnostics-Provider","MDM PolicyManager: Dedicated notification (WNF): (0xA3BC7065, 0x41C64E6D) published for Policy: (Power/Policy/Settings/Disk/SchemePersonality/381b4222-f694-41f0-9685-ff5bb260df2e/Setting/IdleTimeout/DcValue)."
"19-08-2026 13:11:05","800","Information","Microsoft-Windows-DeviceManagement-Enterprise-Diagnostics-Provider","MDM PolicyManager: Dedicated notification (WNF): (0xA3BC6865, 0x41C64E6D) published for Policy: (Power/Policy/Settings/Disk/SchemePersonality/381b4222-f694-41f0-9685-ff5bb260df2e/Setting/IdleTimeout/AcValue)."
"19-08-2026 13:11:04","800","Information","Microsoft-Windows-DeviceManagement-Enterprise-Diagnostics-Provider","MDM PolicyManager: Dedicated notification (WNF): (0xA3BC6065, 0x41C64E6D) published for Policy: (Power/Policy/Settings/Battery/SchemePersonality/a1841308-3541-4fab-bc81-f71556f20b4a/Setting/LowBatteryLevel/DcValue)."
"19-08-2026 13:11:04","800","Information","Microsoft-Windows-DeviceManagement-Enterprise-Diagnostics-Provider","MDM PolicyManager: Dedicated notification (WNF): (0xA3BC5865, 0x41C64E6D) published for Policy: (Power/Policy/Settings/Battery/SchemePersonality/a1841308-3541-4fab-bc81-f71556f20b4a/Setting/LowBatteryLevel/AcValue)."
"19-08-2026 13:11:04","800","Information","Microsoft-Windows-DeviceManagement-Enterprise-Diagnostics-Provider","MDM PolicyManager: Dedicated notification (WNF): (0xA3BC5065, 0x41C64E6D) published for Policy: (Power/Policy/Settings/Battery/SchemePersonality/a1841308-3541-4fab-bc81-f71556f20b4a/Setting/CriticalBatteryLevel/DcValue)."
"19-08-2026 13:11:04","800","Information","Microsoft-Windows-DeviceManagement-Enterprise-Diagnostics-Provider","MDM PolicyManager: Dedicated notification (WNF): (0xA3BC4865, 0x41C64E6D) published for Policy: (Power/Policy/Settings/Battery/SchemePersonality/a1841308-3541-4fab-bc81-f71556f20b4a/Setting/CriticalBatteryLevel/AcValue)."
"19-08-2026 13:11:04","800","Information","Microsoft-Windows-DeviceManagement-Enterprise-Diagnostics-Provider","MDM PolicyManager: Dedicated notification (WNF): (0xA3BC4065, 0x41C64E6D) published for Policy: (Power/Policy/Settings/Battery/SchemePersonality/8c5e7fda-e8bf-4a96-9a85-a6e23a8c635c/Setting/LowBatteryLevel/DcValue)."
"19-08-2026 13:11:04","800","Information","Microsoft-Windows-DeviceManagement-Enterprise-Diagnostics-Provider","MDM PolicyManager: Dedicated notification (WNF): (0xA3BC3865, 0x41C64E6D) published for Policy: (Power/Policy/Settings/Battery/SchemePersonality/8c5e7fda-e8bf-4a96-9a85-a6e23a8c635c/Setting/LowBatteryLevel/AcValue)."
"19-08-2026 13:11:04","800","Information","Microsoft-Windows-DeviceManagement-Enterprise-Diagnostics-Provider","MDM PolicyManager: Dedicated notification (WNF): (0xA3BC3065, 0x41C64E6D) published for Policy: (Power/Policy/Settings/Battery/SchemePersonality/8c5e7fda-e8bf-4a96-9a85-a6e23a8c635c/Setting/CriticalBatteryLevel/DcValue)."
"19-08-2026 13:11:04","800","Information","Microsoft-Windows-DeviceManagement-Enterprise-Diagnostics-Provider","MDM PolicyManager: Dedicated notification (WNF): (0xA3BC2865, 0x41C64E6D) published for Policy: (Power/Policy/Settings/Battery/SchemePersonality/8c5e7fda-e8bf-4a96-9a85-a6e23a8c635c/Setting/CriticalBatteryLevel/AcValue)."
"19-08-2026 13:11:04","800","Information","Microsoft-Windows-DeviceManagement-Enterprise-Diagnostics-Provider","MDM PolicyManager: Dedicated notification (WNF): (0xA3BC2065, 0x41C64E6D) published for Policy: (Power/Policy/Settings/Battery/SchemePersonality/381b4222-f694-41f0-9685-ff5bb260df2e/Setting/LowBatteryLevel/DcValue)."
"19-08-2026 13:11:04","800","Information","Microsoft-Windows-DeviceManagement-Enterprise-Diagnostics-Provider","MDM PolicyManager: Dedicated notification (WNF): (0xA3BC1865, 0x41C64E6D) published for Policy: (Power/Policy/Settings/Battery/SchemePersonality/381b4222-f694-41f0-9685-ff5bb260df2e/Setting/LowBatteryLevel/AcValue)."
"19-08-2026 13:11:04","800","Information","Microsoft-Windows-DeviceManagement-Enterprise-Diagnostics-Provider","MDM PolicyManager: Dedicated notification (WNF): (0xA3BC1065, 0x41C64E6D) published for Policy: (Power/Policy/Settings/Battery/SchemePersonality/381b4222-f694-41f0-9685-ff5bb260df2e/Setting/CriticalBatteryLevel/DcValue)."
"19-08-2026 13:11:04","800","Information","Microsoft-Windows-DeviceManagement-Enterprise-Diagnostics-Provider","MDM PolicyManager: Dedicated notification (WNF): (0xA3BC0865, 0x41C64E6D) published for Policy: (Power/Policy/Settings/Battery/SchemePersonality/381b4222-f694-41f0-9685-ff5bb260df2e/Setting/CriticalBatteryLevel/AcValue)."
"19-08-2026 13:11:04","800","Information","Microsoft-Windows-DeviceManagement-Enterprise-Diagnostics-Provider","MDM PolicyManager: Dedicated notification (WNF): (0xA3809065, 0x41C64E6D) published for Policy: (Power/Policy/Settings/Processor/SchemePersonality/ded574b5-45a0-4f42-8737-46345c09c238/DefaultPowerSchemeValues/PerfLatencyHint1/DcValue)."
"19-08-2026 13:11:04","800","Information","Microsoft-Windows-DeviceManagement-Enterprise-Diagnostics-Provider","MDM PolicyManager: Dedicated notification (WNF): (0xA3808865, 0x41C64E6D) published for Policy: (Power/Policy/Settings/Processor/SchemePersonality/ded574b5-45a0-4f42-8737-46345c09c238/DefaultPowerSchemeValues/PerfLatencyHint1/AcValue)."
"19-08-2026 13:11:04","800","Information","Microsoft-Windows-DeviceManagement-Enterprise-Diagnostics-Provider","MDM PolicyManager: Dedicated notification (WNF): (0xA3808065, 0x41C64E6D) published for Policy: (Power/Policy/Settings/Processor/SchemePersonality/ded574b5-45a0-4f42-8737-46345c09c238/DefaultPowerSchemeValues/PerfLatencyHint/DcValue)."
"19-08-2026 13:11:04","800","Information","Microsoft-Windows-DeviceManagement-Enterprise-Diagnostics-Provider","MDM PolicyManager: Dedicated notification (WNF): (0xA3807865, 0x41C64E6D) published for Policy: (Power/Policy/Settings/Processor/SchemePersonality/ded574b5-45a0-4f42-8737-46345c09c238/DefaultPowerSchemeValues/PerfLatencyHint/AcValue)."
"19-08-2026 13:11:04","800","Information","Microsoft-Windows-DeviceManagement-Enterprise-Diagnostics-Provider","MDM PolicyManager: Dedicated notification (WNF): (0xA3889865, 0x41C64E6D) published for Policy: (Power/Policy/Settings/Processor/SchemePersonality/ded574b5-45a0-4f42-8737-46345c09c238/DefaultPowerSchemeValues/PerfIncreaseThreshold/DcValue)."
"19-08-2026 13:11:04","800","Information","Microsoft-Windows-DeviceManagement-Enterprise-Diagnostics-Provider","MDM PolicyManager: Dedicated notification (WNF): (0xA388B065, 0x41C64E6D) published for Policy: (Power/Policy/Settings/Processor/SchemePersonality/ded574b5-45a0-4f42-8737-46345c09c238/DefaultPowerSchemeValues/PerfIncreaseThreshold/AcValue)."
"19-08-2026 13:11:04","800","Information","Microsoft-Windows-DeviceManagement-Enterprise-Diagnostics-Provider","MDM PolicyManager: Dedicated notification (WNF): (0xA3807065, 0x41C64E6D) published for Policy: (Power/Policy/Settings/Processor/SchemePersonality/ded574b5-45a0-4f42-8737-46345c09c238/DefaultPowerSchemeValues/PerfEnergyPreference1/DcValue)."
