"08-06-2026 09:39:34","1010","Information","Microsoft-Windows-Kernel-PnP","Device SWD\MSDAS\{ce958e9a-424f-4c88-86f4-11314821e75a} has been surprise removed as it is reported as missing on the bus.
Count of devices removed: 1"
"08-06-2026 09:39:34","1010","Information","Microsoft-Windows-Kernel-PnP","Device SWD\MSRRAS\MS_NDISWANBH has been surprise removed as it is reported as missing on the bus.
Count of devices removed: 1"
"08-06-2026 09:39:34","1010","Information","Microsoft-Windows-Kernel-PnP","Device SWD\MSRRAS\MS_NDISWANIPV6 has been surprise removed as it is reported as missing on the bus.
Count of devices removed: 1"
"08-06-2026 09:39:34","1010","Information","Microsoft-Windows-Kernel-PnP","Device SWD\MSRRAS\MS_NDISWANIP has been surprise removed as it is reported as missing on the bus.
Count of devices removed: 1"
"08-06-2026 09:39:34","1010","Information","Microsoft-Windows-Kernel-PnP","Device SWD\MSRRAS\MS_PPPOEMINIPORT has been surprise removed as it is reported as missing on the bus.
Count of devices removed: 1"
"08-06-2026 09:39:34","1010","Information","Microsoft-Windows-Kernel-PnP","Device SWD\MSRRAS\MS_PPTPMINIPORT has been surprise removed as it is reported as missing on the bus.
Count of devices removed: 1"
"08-06-2026 09:39:34","1010","Information","Microsoft-Windows-Kernel-PnP","Device SWD\MSRRAS\MS_L2TPMINIPORT has been surprise removed as it is reported as missing on the bus.
Count of devices removed: 1"
"08-06-2026 09:39:34","1010","Information","Microsoft-Windows-Kernel-PnP","Device SWD\MSRRAS\MS_AGILEVPNMINIPORT has been surprise removed as it is reported as missing on the bus.
Count of devices removed: 1"
"08-06-2026 09:39:34","1010","Information","Microsoft-Windows-Kernel-PnP","Device SWD\MSRRAS\MS_SSTPMINIPORT has been surprise removed as it is reported as missing on the bus.
Count of devices removed: 1"
"08-06-2026 09:39:33","1010","Information","Microsoft-Windows-Kernel-PnP","Device USB\VID_FFFF&PID_BACE&REV_0002\1 has been surprise removed as it is reported as missing on the bus.
Count of devices removed: 7"
"08-06-2026 09:35:10","1010","Information","Microsoft-Windows-Kernel-PnP","Device INTELAUDIO\SGPC_FUNC_01&VEN_8086&DEV_281D&SUBSYS_80860101&REV_1000\5&32640736&0&0201DIF_000B&UIF_0000 has been surprise removed as it is reported as missing on the bus.
Count of devices removed: 3"
"08-06-2026 09:34:30","1010","Information","Microsoft-Windows-Kernel-PnP","Device DISPLAY\DELA1B9\4&20b8d095&0&UID8263 has been surprise removed as it is reported as missing on the bus.
Count of devices removed: 1"
"08-06-2026 04:50:42","1041","Information","Microsoft-Windows-Kernel-PnP","Device USB\VID_0424&PID_7260\6&27c8c08e&0&5 has completed a platform-level device reset.

Status: 0
Veto type: 0
Vetoed By: "
"08-06-2026 04:50:42","1011","Warning","Microsoft-Windows-Kernel-PnP","Device USB\VID_0424&PID_7260\6&27c8c08e&0&5 has been surprise removed as it was reported to be failing.
Count of devices removed: 4"
"08-06-2026 04:50:42","1041","Information","Microsoft-Windows-Kernel-PnP","Device USB\VID_0424&PID_7240\7&a758d7d&0&4 has completed a platform-level device reset.

Status: 0
Veto type: 0
Vetoed By: "
"08-06-2026 04:50:42","1011","Warning","Microsoft-Windows-Kernel-PnP","Device USB\VID_0424&PID_7240\7&a758d7d&0&4 has been surprise removed as it was reported to be failing.
Count of devices removed: 1"
"08-06-2026 04:50:42","1040","Information","Microsoft-Windows-Kernel-PnP","Device USB\VID_0424&PID_7260\6&27c8c08e&0&5 has requested a platform-level device reset.

Flags: 0"
"08-06-2026 04:50:42","1040","Information","Microsoft-Windows-Kernel-PnP","Device USB\VID_0424&PID_7240\7&a758d7d&0&4 has requested a platform-level device reset.

Flags: 0"
"08-06-2026 04:47:31","1010","Information","Microsoft-Windows-Kernel-PnP","Device INTELAUDIO\SGPC_FUNC_01&VEN_8086&DEV_281D&SUBSYS_80860101&REV_1000\5&32640736&0&0201DIF_000B&UIF_0000 has been surprise removed as it is reported as missing on the bus.
Count of devices removed: 3"
"07-06-2026 04:55:46","1041","Information","Microsoft-Windows-Kernel-PnP","Device USB\VID_0424&PID_7240\7&a758d7d&0&4 has completed a platform-level device reset.

Status: 0
Veto type: 0
Vetoed By: "
"07-06-2026 04:55:46","1011","Warning","Microsoft-Windows-Kernel-PnP","Device USB\VID_0424&PID_7240\7&a758d7d&0&4 has been surprise removed as it was reported to be failing.
Count of devices removed: 1"
"07-06-2026 04:55:46","1041","Information","Microsoft-Windows-Kernel-PnP","Device USB\VID_0424&PID_7260\6&27c8c08e&0&5 has completed a platform-level device reset.

Status: 0
Veto type: 0
Vetoed By: "
"07-06-2026 04:55:46","1011","Warning","Microsoft-Windows-Kernel-PnP","Device USB\VID_0424&PID_7260\6&27c8c08e&0&5 has been surprise removed as it was reported to be failing.
Count of devices removed: 4"
"07-06-2026 04:55:46","1040","Information","Microsoft-Windows-Kernel-PnP","Device USB\VID_0424&PID_7240\7&a758d7d&0&4 has requested a platform-level device reset.

Flags: 0"
"07-06-2026 04:55:46","1040","Information","Microsoft-Windows-Kernel-PnP","Device USB\VID_0424&PID_7260\6&27c8c08e&0&5 has requested a platform-level device reset.

Flags: 0"
"07-06-2026 04:51:38","1010","Information","Microsoft-Windows-Kernel-PnP","Device INTELAUDIO\SGPC_FUNC_01&VEN_8086&DEV_281D&SUBSYS_80860101&REV_1000\5&32640736&0&0201DIF_000B&UIF_0000 has been surprise removed as it is reported as missing on the bus.
Count of devices removed: 3"
"07-06-2026 04:51:13","1010","Information","Microsoft-Windows-Kernel-PnP","Device DISPLAY\DELA1B9\4&20b8d095&0&UID8263 has been surprise removed as it is reported as missing on the bus.
Count of devices removed: 1"
"06-06-2026 04:01:20","1041","Information","Microsoft-Windows-Kernel-PnP","Device USB\VID_0424&PID_7260\6&27c8c08e&0&5 has completed a platform-level device reset.

Status: 0
Veto type: 0
Vetoed By: "
"06-06-2026 04:01:20","1011","Warning","Microsoft-Windows-Kernel-PnP","Device USB\VID_0424&PID_7260\6&27c8c08e&0&5 has been surprise removed as it was reported to be failing.
Count of devices removed: 4"
"06-06-2026 04:01:20","1041","Information","Microsoft-Windows-Kernel-PnP","Device USB\VID_0424&PID_7240\7&a758d7d&0&4 has completed a platform-level device reset.

Status: 0
Veto type: 0
Vetoed By: "
"06-06-2026 04:01:20","1011","Warning","Microsoft-Windows-Kernel-PnP","Device USB\VID_0424&PID_7240\7&a758d7d&0&4 has been surprise removed as it was reported to be failing.
Count of devices removed: 1"
"06-06-2026 04:01:20","1040","Information","Microsoft-Windows-Kernel-PnP","Device USB\VID_0424&PID_7260\6&27c8c08e&0&5 has requested a platform-level device reset.

Flags: 0"
"06-06-2026 04:01:20","1040","Information","Microsoft-Windows-Kernel-PnP","Device USB\VID_0424&PID_7240\7&a758d7d&0&4 has requested a platform-level device reset.

Flags: 0"
"05-06-2026 20:45:35","1041","Information","Microsoft-Windows-Kernel-PnP","Device USB\VID_0424&PID_7260\6&27c8c08e&0&5 has completed a platform-level device reset.

Status: 0
Veto type: 0
Vetoed By: "
"05-06-2026 20:45:35","1011","Warning","Microsoft-Windows-Kernel-PnP","Device USB\VID_0424&PID_7260\6&27c8c08e&0&5 has been surprise removed as it was reported to be failing.
Count of devices removed: 4"
"05-06-2026 20:45:35","1041","Information","Microsoft-Windows-Kernel-PnP","Device USB\VID_0424&PID_7240\7&a758d7d&0&4 has completed a platform-level device reset.

Status: 0
Veto type: 0
Vetoed By: "
"05-06-2026 20:45:35","1011","Warning","Microsoft-Windows-Kernel-PnP","Device USB\VID_0424&PID_7240\7&a758d7d&0&4 has been surprise removed as it was reported to be failing.
Count of devices removed: 1"
"05-06-2026 20:45:35","1040","Information","Microsoft-Windows-Kernel-PnP","Device USB\VID_0424&PID_7260\6&27c8c08e&0&5 has requested a platform-level device reset.

Flags: 0"
"05-06-2026 20:45:35","1040","Information","Microsoft-Windows-Kernel-PnP","Device USB\VID_0424&PID_7240\7&a758d7d&0&4 has requested a platform-level device reset.

Flags: 0"
"05-06-2026 19:44:51","1010","Information","Microsoft-Windows-Kernel-PnP","Device INTELAUDIO\SGPC_FUNC_01&VEN_8086&DEV_281D&SUBSYS_80860101&REV_1000\5&32640736&0&0201DIF_000B&UIF_0000 has been surprise removed as it is reported as missing on the bus.
Count of devices removed: 3"
"05-06-2026 19:34:21","1010","Information","Microsoft-Windows-Kernel-PnP","Device INTELAUDIO\SGPC_FUNC_01&VEN_8086&DEV_281D&SUBSYS_80860101&REV_1000\5&32640736&0&0201DIF_000B&UIF_0000 has been surprise removed as it is reported as missing on the bus.
Count of devices removed: 3"
"05-06-2026 19:29:31","1010","Information","Microsoft-Windows-Kernel-PnP","Device USB\VID_0424&PID_7206\5&266331bc&0&4 has been surprise removed as it is reported as missing on the bus.
Count of devices removed: 3"
"05-06-2026 19:29:30","1010","Information","Microsoft-Windows-Kernel-PnP","Device DISPLAY\DELA1B9\4&20b8d095&0&UID8263 has been surprise removed as it is reported as missing on the bus.
Count of devices removed: 1"
"05-06-2026 19:29:25","1010","Information","Microsoft-Windows-Kernel-PnP","Device USB\VID_0424&PID_4206\5&2dc84fba&0&1 has been surprise removed as it is reported as missing on the bus.
Count of devices removed: 7"
"05-06-2026 19:29:24","1010","Information","Microsoft-Windows-Kernel-PnP","Device INTELAUDIO\SGPC_FUNC_01&VEN_8086&DEV_281D&SUBSYS_80860101&REV_1000\5&32640736&0&0201DIF_000B&UIF_0000 has been surprise removed as it is reported as missing on the bus.
Count of devices removed: 3"
"05-06-2026 19:28:32","1010","Information","Microsoft-Windows-Kernel-PnP","Device USB\VID_047F&PID_C058\EBFF498BA439F1488A177C405ACDFDF0 has been surprise removed as it is reported as missing on the bus.
Count of devices removed: 8"
"05-06-2026 19:28:25","1010","Information","Microsoft-Windows-Kernel-PnP","Device INTELAUDIO\SGPC_FUNC_01&VEN_8086&DEV_281D&SUBSYS_80860101&REV_1000\5&32640736&0&0201DIF_000B&UIF_0000 has been surprise removed as it is reported as missing on the bus.
Count of devices removed: 3"
"05-06-2026 19:11:48","1010","Information","Microsoft-Windows-Kernel-PnP","Device USB\VID_047F&PID_C058\EBFF498BA439F1488A177C405ACDFDF0 has been surprise removed as it is reported as missing on the bus.
Count of devices removed: 8"
"05-06-2026 19:06:40","1010","Information","Microsoft-Windows-Kernel-PnP","Device INTELAUDIO\SGPC_FUNC_01&VEN_8086&DEV_281D&SUBSYS_80860101&REV_1000\5&32640736&0&0201DIF_000B&UIF_0000 has been surprise removed as it is reported as missing on the bus.
Count of devices removed: 3"
"05-06-2026 18:30:21","1010","Information","Microsoft-Windows-Kernel-PnP","Device INTELAUDIO\SGPC_FUNC_01&VEN_8086&DEV_281D&SUBSYS_80860101&REV_1000\5&32640736&0&0201DIF_000B&UIF_0000 has been surprise removed as it is reported as missing on the bus.
Count of devices removed: 3"
"05-06-2026 18:30:20","1010","Information","Microsoft-Windows-Kernel-PnP","Device USB\VID_0424&PID_7206\5&266331bc&0&4 has been surprise removed as it is reported as missing on the bus.
Count of devices removed: 3"
"05-06-2026 18:30:20","1010","Information","Microsoft-Windows-Kernel-PnP","Device DISPLAY\DELA1B9\4&20b8d095&0&UID8263 has been surprise removed as it is reported as missing on the bus.
Count of devices removed: 1"
"05-06-2026 18:30:17","1010","Information","Microsoft-Windows-Kernel-PnP","Device USB\VID_0424&PID_4206\5&2dc84fba&0&1 has been surprise removed as it is reported as missing on the bus.
Count of devices removed: 7"
"05-06-2026 18:01:12","1010","Information","Microsoft-Windows-Kernel-PnP","Device USB\VID_047F&PID_C058\EBFF498BA439F1488A177C405ACDFDF0 has been surprise removed as it is reported as missing on the bus.
Count of devices removed: 8"
"05-06-2026 17:07:04","1010","Information","Microsoft-Windows-Kernel-PnP","Device INTELAUDIO\SGPC_FUNC_01&VEN_8086&DEV_281D&SUBSYS_80860101&REV_1000\5&32640736&0&0201DIF_000B&UIF_0000 has been surprise removed as it is reported as missing on the bus.
Count of devices removed: 3"
"05-06-2026 16:20:10","1010","Information","Microsoft-Windows-Kernel-PnP","Device INTELAUDIO\SGPC_FUNC_01&VEN_8086&DEV_281D&SUBSYS_80860101&REV_1000\5&32640736&0&0201DIF_000B&UIF_0000 has been surprise removed as it is reported as missing on the bus.
Count of devices removed: 3"
"05-06-2026 15:38:11","1010","Information","Microsoft-Windows-Kernel-PnP","Device INTELAUDIO\SGPC_FUNC_01&VEN_8086&DEV_281D&SUBSYS_80860101&REV_1000\5&32640736&0&0201DIF_000B&UIF_0000 has been surprise removed as it is reported as missing on the bus.
Count of devices removed: 3"
"05-06-2026 15:38:11","1010","Information","Microsoft-Windows-Kernel-PnP","Device USB\VID_1D5C&PID_5510\5&2dc84fba&0&2 has been surprise removed as it is reported as missing on the bus.
Count of devices removed: 1"
"05-06-2026 15:38:11","1010","Information","Microsoft-Windows-Kernel-PnP","Device USB\VID_047F&PID_C058\EBFF498BA439F1488A177C405ACDFDF0 has been surprise removed as it is reported as missing on the bus.
Count of devices removed: 8"
"05-06-2026 15:38:10","1010","Information","Microsoft-Windows-Kernel-PnP","Device USB\VID_1D5C&PID_5500\5&266331bc&0&5 has been surprise removed as it is reported as missing on the bus.
Count of devices removed: 2"
"05-06-2026 15:38:09","1010","Information","Microsoft-Windows-Kernel-PnP","Device USB\VID_0424&PID_7206\5&266331bc&0&4 has been surprise removed as it is reported as missing on the bus.
Count of devices removed: 3"
"05-06-2026 15:38:09","1010","Information","Microsoft-Windows-Kernel-PnP","Device DISPLAY\DELA1B9\4&20b8d095&0&UID8263 has been surprise removed as it is reported as missing on the bus.
Count of devices removed: 1"
"05-06-2026 15:38:08","1010","Information","Microsoft-Windows-Kernel-PnP","Device USB\VID_1203&PID_0272\000001 has been surprise removed as it is reported as missing on the bus.
Count of devices removed: 3"
"05-06-2026 15:38:08","1010","Information","Microsoft-Windows-Kernel-PnP","Device USB\VID_413C&PID_C010\11AD1D0A92AE3E070A1F0B00 has been surprise removed as it is reported as missing on the bus.
Count of devices removed: 3"
"05-06-2026 15:38:05","1010","Information","Microsoft-Windows-Kernel-PnP","Device USB\VID_0424&PID_4206\5&2dc84fba&0&1 has been surprise removed as it is reported as missing on the bus.
Count of devices removed: 7"
"05-06-2026 14:55:05","1010","Information","Microsoft-Windows-Kernel-PnP","Device INTELAUDIO\SGPC_FUNC_01&VEN_8086&DEV_281D&SUBSYS_80860101&REV_1000\5&32640736&0&0201DIF_000B&UIF_0000 has been surprise removed as it is reported as missing on the bus.
Count of devices removed: 3"
"05-06-2026 14:11:10","1010","Information","Microsoft-Windows-Kernel-PnP","Device INTELAUDIO\SGPC_FUNC_01&VEN_8086&DEV_281D&SUBSYS_80860101&REV_1000\5&32640736&0&0201DIF_000B&UIF_0000 has been surprise removed as it is reported as missing on the bus.
Count of devices removed: 3"
"05-06-2026 14:01:46","1010","Information","Microsoft-Windows-Kernel-PnP","Device INTELAUDIO\SGPC_FUNC_01&VEN_8086&DEV_281D&SUBSYS_80860101&REV_1000\5&32640736&0&0201DIF_000B&UIF_0000 has been surprise removed as it is reported as missing on the bus.
Count of devices removed: 3"
"05-06-2026 13:47:28","1010","Information","Microsoft-Windows-Kernel-PnP","Device INTELAUDIO\SGPC_FUNC_01&VEN_8086&DEV_281D&SUBSYS_80860101&REV_1000\5&32640736&0&0201DIF_000B&UIF_0000 has been surprise removed as it is reported as missing on the bus.
Count of devices removed: 3"
"05-06-2026 13:29:47","1010","Information","Microsoft-Windows-Kernel-PnP","Device INTELAUDIO\SGPC_FUNC_01&VEN_8086&DEV_281D&SUBSYS_80860101&REV_1000\5&32640736&0&0201DIF_000B&UIF_0000 has been surprise removed as it is reported as missing on the bus.
Count of devices removed: 3"
"05-06-2026 13:19:15","1010","Information","Microsoft-Windows-Kernel-PnP","Device INTELAUDIO\SGPC_FUNC_01&VEN_8086&DEV_281D&SUBSYS_80860101&REV_1000\5&32640736&0&0201DIF_000B&UIF_0000 has been surprise removed as it is reported as missing on the bus.
Count of devices removed: 3"
"05-06-2026 12:46:52","1010","Information","Microsoft-Windows-Kernel-PnP","Device INTELAUDIO\SGPC_FUNC_01&VEN_8086&DEV_281D&SUBSYS_80860101&REV_1000\5&32640736&0&0201DIF_000B&UIF_0000 has been surprise removed as it is reported as missing on the bus.
Count of devices removed: 3"
