"23-05-2026 11:01:46","265","Information","Microsoft-Windows-PCRPF","1 predictions were fetched for transforms '' and PCRs 7,11. USN: 0, Matching PCRs: 0,1,2,3,4,5,6,7,8,9,10,11."
"23-05-2026 11:01:46","265","Information","Microsoft-Windows-PCRPF","1 predictions were fetched for transforms '' and PCRs 7,11. USN: 0, Matching PCRs: 0,1,2,3,4,5,6,7,8,9,10,11."
"23-05-2026 11:01:46","265","Information","Microsoft-Windows-PCRPF","1 predictions were fetched for transforms '' and PCRs 7,11. USN: 0, Matching PCRs: 0,1,2,3,4,5,6,7,8,9,10,11."
"23-05-2026 11:01:45","265","Information","Microsoft-Windows-PCRPF","1 predictions were fetched for transforms '' and PCRs 7,11. USN: 0, Matching PCRs: 0,1,2,3,4,5,6,7,8,9,10,11."
"23-05-2026 11:01:36","265","Information","Microsoft-Windows-PCRPF","1 predictions were fetched for transforms '' and PCRs 7,11. USN: 0, Matching PCRs: 0,1,2,3,4,5,6,7,8,9,10,11."
"23-05-2026 11:01:36","265","Information","Microsoft-Windows-PCRPF","1 predictions were fetched for transforms '' and PCRs 7,11. USN: 0, Matching PCRs: 0,1,2,3,4,5,6,7,8,9,10,11."
"23-05-2026 11:01:36","265","Information","Microsoft-Windows-PCRPF","1 predictions were fetched for transforms '' and PCRs 7,11. USN: 0, Matching PCRs: 0,1,2,3,4,5,6,7,8,9,10,11."
"23-05-2026 10:52:05","265","Information","Microsoft-Windows-PCRPF","1 predictions were fetched for transforms '' and PCRs 7,11. USN: 0, Matching PCRs: 0,1,2,3,4,5,6,7,8,9,10,11."
"23-05-2026 10:51:54","265","Information","Microsoft-Windows-PCRPF","1 predictions were fetched for transforms '' and PCRs 7,11. USN: 0, Matching PCRs: 0,1,2,3,4,5,6,7,8,9,10,11."
"23-05-2026 10:51:54","265","Information","Microsoft-Windows-PCRPF","1 predictions were fetched for transforms '' and PCRs 7,11. USN: 0, Matching PCRs: 0,1,2,3,4,5,6,7,8,9,10,11."
"23-05-2026 10:51:54","265","Information","Microsoft-Windows-PCRPF","1 predictions were fetched for transforms '' and PCRs 7,11. USN: 0, Matching PCRs: 0,1,2,3,4,5,6,7,8,9,10,11."
"23-05-2026 23:08:55","265","Information","Microsoft-Windows-PCRPF","1 predictions were fetched for transforms '' and PCRs 7,11. USN: 0, Matching PCRs: 0,1,2,3,4,5,6,7,8,9,10,11."
"23-05-2026 23:08:53","265","Information","Microsoft-Windows-PCRPF","1 predictions were fetched for transforms '' and PCRs 7,11. USN: 0, Matching PCRs: 0,1,2,3,4,5,6,7,8,9,10,11."
"23-05-2026 23:08:36","265","Information","Microsoft-Windows-PCRPF","1 predictions were fetched for transforms '' and PCRs 7,11. USN: 0, Matching PCRs: 0,1,2,3,4,5,6,7,8,9,10,11."
"23-05-2026 23:08:36","265","Information","Microsoft-Windows-PCRPF","1 predictions were fetched for transforms '' and PCRs 7,11. USN: 0, Matching PCRs: 0,1,2,3,4,5,6,7,8,9,10,11."
"23-05-2026 23:08:35","265","Information","Microsoft-Windows-PCRPF","1 predictions were fetched for transforms '' and PCRs 7,11. USN: 0, Matching PCRs: 0,1,2,3,4,5,6,7,8,9,10,11."
"23-05-2026 23:06:36","265","Information","Microsoft-Windows-PCRPF","1 predictions were fetched for transforms '' and PCRs 7,11. USN: 0, Matching PCRs: 0,1,2,3,4,5,6,7,8,9,10,11."
"23-05-2026 23:05:49","265","Information","Microsoft-Windows-PCRPF","1 predictions were fetched for transforms '' and PCRs 7,11. USN: 0, Matching PCRs: 0,1,2,3,4,5,6,7,8,9,10,11."
"23-05-2026 23:05:49","265","Information","Microsoft-Windows-PCRPF","1 predictions were fetched for transforms '' and PCRs 7,11. USN: 0, Matching PCRs: 0,1,2,3,4,5,6,7,8,9,10,11."
"23-05-2026 23:05:49","265","Information","Microsoft-Windows-PCRPF","1 predictions were fetched for transforms '' and PCRs 7,11. USN: 0, Matching PCRs: 0,1,2,3,4,5,6,7,8,9,10,11."
