"07-08-2026 14:06:07","100","Information","Microsoft-Windows-Diagnosis-DPS","Diagnostic module {45de1ea9-10bc-4f96-9b21-4b6b83dbf476} (%windir%\system32\radardt.dll) detected a problem for scenario {180b3a99-8c39-4f12-b631-2031998efe45}, instance {64c21d22-a032-46db-aa45-205f3d5047fe}, original activity ID {00000000-0000-0000-0000-000000000000}."
"07-08-2026 14:01:07","105","Information","Microsoft-Windows-Diagnosis-DPS","Diagnostic module {45de1ea9-10bc-4f96-9b21-4b6b83dbf476} (%windir%\system32\radardt.dll) started troubleshooting scenario {180b3a99-8c39-4f12-b631-2031998efe45}, instance {a092b4b3-87e0-4e48-a3fc-9ec7459ed62b}, original activity ID {00000000-0000-0000-0000-000000000000}."
"07-08-2026 14:01:07","100","Information","Microsoft-Windows-Diagnosis-DPS","Diagnostic module {45de1ea9-10bc-4f96-9b21-4b6b83dbf476} (%windir%\system32\radardt.dll) detected a problem for scenario {180b3a99-8c39-4f12-b631-2031998efe45}, instance {a092b4b3-87e0-4e48-a3fc-9ec7459ed62b}, original activity ID {00000000-0000-0000-0000-000000000000}."
"07-08-2026 13:56:07","105","Information","Microsoft-Windows-Diagnosis-DPS","Diagnostic module {45de1ea9-10bc-4f96-9b21-4b6b83dbf476} (%windir%\system32\radardt.dll) started troubleshooting scenario {180b3a99-8c39-4f12-b631-2031998efe45}, instance {3f25aea4-8aa8-4675-b630-64c7271ba7cd}, original activity ID {00000000-0000-0000-0000-000000000000}."
"07-08-2026 13:56:07","100","Information","Microsoft-Windows-Diagnosis-DPS","Diagnostic module {45de1ea9-10bc-4f96-9b21-4b6b83dbf476} (%windir%\system32\radardt.dll) detected a problem for scenario {180b3a99-8c39-4f12-b631-2031998efe45}, instance {3f25aea4-8aa8-4675-b630-64c7271ba7cd}, original activity ID {00000000-0000-0000-0000-000000000000}."
"07-08-2026 13:51:07","105","Information","Microsoft-Windows-Diagnosis-DPS","Diagnostic module {45de1ea9-10bc-4f96-9b21-4b6b83dbf476} (%windir%\system32\radardt.dll) started troubleshooting scenario {180b3a99-8c39-4f12-b631-2031998efe45}, instance {81b6f643-c471-4e2a-8489-5ca92d4e68b6}, original activity ID {00000000-0000-0000-0000-000000000000}."
"07-08-2026 13:51:07","100","Information","Microsoft-Windows-Diagnosis-DPS","Diagnostic module {45de1ea9-10bc-4f96-9b21-4b6b83dbf476} (%windir%\system32\radardt.dll) detected a problem for scenario {180b3a99-8c39-4f12-b631-2031998efe45}, instance {81b6f643-c471-4e2a-8489-5ca92d4e68b6}, original activity ID {00000000-0000-0000-0000-000000000000}."
"07-08-2026 13:46:07","105","Information","Microsoft-Windows-Diagnosis-DPS","Diagnostic module {45de1ea9-10bc-4f96-9b21-4b6b83dbf476} (%windir%\system32\radardt.dll) started troubleshooting scenario {180b3a99-8c39-4f12-b631-2031998efe45}, instance {a68bb4bf-8b7d-4bf9-84a6-da8ec37519aa}, original activity ID {00000000-0000-0000-0000-000000000000}."
"07-08-2026 13:46:07","100","Information","Microsoft-Windows-Diagnosis-DPS","Diagnostic module {45de1ea9-10bc-4f96-9b21-4b6b83dbf476} (%windir%\system32\radardt.dll) detected a problem for scenario {180b3a99-8c39-4f12-b631-2031998efe45}, instance {a68bb4bf-8b7d-4bf9-84a6-da8ec37519aa}, original activity ID {00000000-0000-0000-0000-000000000000}."
"07-08-2026 13:41:07","105","Information","Microsoft-Windows-Diagnosis-DPS","Diagnostic module {45de1ea9-10bc-4f96-9b21-4b6b83dbf476} (%windir%\system32\radardt.dll) started troubleshooting scenario {180b3a99-8c39-4f12-b631-2031998efe45}, instance {9342ff25-e65d-419f-8afa-8dee4d870f75}, original activity ID {00000000-0000-0000-0000-000000000000}."
"07-08-2026 13:41:07","100","Information","Microsoft-Windows-Diagnosis-DPS","Diagnostic module {45de1ea9-10bc-4f96-9b21-4b6b83dbf476} (%windir%\system32\radardt.dll) detected a problem for scenario {180b3a99-8c39-4f12-b631-2031998efe45}, instance {9342ff25-e65d-419f-8afa-8dee4d870f75}, original activity ID {00000000-0000-0000-0000-000000000000}."
"07-08-2026 13:36:07","105","Information","Microsoft-Windows-Diagnosis-DPS","Diagnostic module {45de1ea9-10bc-4f96-9b21-4b6b83dbf476} (%windir%\system32\radardt.dll) started troubleshooting scenario {180b3a99-8c39-4f12-b631-2031998efe45}, instance {0194b469-d8f1-4cbe-8fe3-1b640b38c948}, original activity ID {00000000-0000-0000-0000-000000000000}."
"07-08-2026 13:36:07","100","Information","Microsoft-Windows-Diagnosis-DPS","Diagnostic module {45de1ea9-10bc-4f96-9b21-4b6b83dbf476} (%windir%\system32\radardt.dll) detected a problem for scenario {180b3a99-8c39-4f12-b631-2031998efe45}, instance {0194b469-d8f1-4cbe-8fe3-1b640b38c948}, original activity ID {00000000-0000-0000-0000-000000000000}."
"07-08-2026 13:31:07","105","Information","Microsoft-Windows-Diagnosis-DPS","Diagnostic module {45de1ea9-10bc-4f96-9b21-4b6b83dbf476} (%windir%\system32\radardt.dll) started troubleshooting scenario {180b3a99-8c39-4f12-b631-2031998efe45}, instance {1adcbad3-aa83-4c1c-b6cc-f4607ca3187b}, original activity ID {00000000-0000-0000-0000-000000000000}."
"07-08-2026 13:31:07","100","Information","Microsoft-Windows-Diagnosis-DPS","Diagnostic module {45de1ea9-10bc-4f96-9b21-4b6b83dbf476} (%windir%\system32\radardt.dll) detected a problem for scenario {180b3a99-8c39-4f12-b631-2031998efe45}, instance {1adcbad3-aa83-4c1c-b6cc-f4607ca3187b}, original activity ID {00000000-0000-0000-0000-000000000000}."
"07-08-2026 13:26:07","105","Information","Microsoft-Windows-Diagnosis-DPS","Diagnostic module {45de1ea9-10bc-4f96-9b21-4b6b83dbf476} (%windir%\system32\radardt.dll) started troubleshooting scenario {180b3a99-8c39-4f12-b631-2031998efe45}, instance {9db2956f-d6ff-430d-b83a-da212c946295}, original activity ID {00000000-0000-0000-0000-000000000000}."
"07-08-2026 13:26:07","100","Information","Microsoft-Windows-Diagnosis-DPS","Diagnostic module {45de1ea9-10bc-4f96-9b21-4b6b83dbf476} (%windir%\system32\radardt.dll) detected a problem for scenario {180b3a99-8c39-4f12-b631-2031998efe45}, instance {9db2956f-d6ff-430d-b83a-da212c946295}, original activity ID {00000000-0000-0000-0000-000000000000}."
"07-08-2026 13:21:07","105","Information","Microsoft-Windows-Diagnosis-DPS","Diagnostic module {45de1ea9-10bc-4f96-9b21-4b6b83dbf476} (%windir%\system32\radardt.dll) started troubleshooting scenario {180b3a99-8c39-4f12-b631-2031998efe45}, instance {6b6a488d-335d-4fb5-813b-cca1ce5a9fb8}, original activity ID {00000000-0000-0000-0000-000000000000}."
"07-08-2026 13:21:07","100","Information","Microsoft-Windows-Diagnosis-DPS","Diagnostic module {45de1ea9-10bc-4f96-9b21-4b6b83dbf476} (%windir%\system32\radardt.dll) detected a problem for scenario {180b3a99-8c39-4f12-b631-2031998efe45}, instance {6b6a488d-335d-4fb5-813b-cca1ce5a9fb8}, original activity ID {00000000-0000-0000-0000-000000000000}."
"07-08-2026 13:16:07","105","Information","Microsoft-Windows-Diagnosis-DPS","Diagnostic module {45de1ea9-10bc-4f96-9b21-4b6b83dbf476} (%windir%\system32\radardt.dll) started troubleshooting scenario {180b3a99-8c39-4f12-b631-2031998efe45}, instance {87e49792-c224-4597-a0f8-88324111e57a}, original activity ID {00000000-0000-0000-0000-000000000000}."
"07-08-2026 13:16:07","100","Information","Microsoft-Windows-Diagnosis-DPS","Diagnostic module {45de1ea9-10bc-4f96-9b21-4b6b83dbf476} (%windir%\system32\radardt.dll) detected a problem for scenario {180b3a99-8c39-4f12-b631-2031998efe45}, instance {87e49792-c224-4597-a0f8-88324111e57a}, original activity ID {00000000-0000-0000-0000-000000000000}."
"07-08-2026 13:11:07","105","Information","Microsoft-Windows-Diagnosis-DPS","Diagnostic module {45de1ea9-10bc-4f96-9b21-4b6b83dbf476} (%windir%\system32\radardt.dll) started troubleshooting scenario {180b3a99-8c39-4f12-b631-2031998efe45}, instance {606a8ae8-ad3d-416a-b2c1-78a3b442701d}, original activity ID {00000000-0000-0000-0000-000000000000}."
"07-08-2026 13:11:07","100","Information","Microsoft-Windows-Diagnosis-DPS","Diagnostic module {45de1ea9-10bc-4f96-9b21-4b6b83dbf476} (%windir%\system32\radardt.dll) detected a problem for scenario {180b3a99-8c39-4f12-b631-2031998efe45}, instance {606a8ae8-ad3d-416a-b2c1-78a3b442701d}, original activity ID {00000000-0000-0000-0000-000000000000}."
"07-08-2026 13:06:07","105","Information","Microsoft-Windows-Diagnosis-DPS","Diagnostic module {45de1ea9-10bc-4f96-9b21-4b6b83dbf476} (%windir%\system32\radardt.dll) started troubleshooting scenario {180b3a99-8c39-4f12-b631-2031998efe45}, instance {cc6fd507-660e-4c11-8ee2-70ff13d693b7}, original activity ID {00000000-0000-0000-0000-000000000000}."
"07-08-2026 13:06:07","100","Information","Microsoft-Windows-Diagnosis-DPS","Diagnostic module {45de1ea9-10bc-4f96-9b21-4b6b83dbf476} (%windir%\system32\radardt.dll) detected a problem for scenario {180b3a99-8c39-4f12-b631-2031998efe45}, instance {cc6fd507-660e-4c11-8ee2-70ff13d693b7}, original activity ID {00000000-0000-0000-0000-000000000000}."
"07-08-2026 13:01:07","105","Information","Microsoft-Windows-Diagnosis-DPS","Diagnostic module {45de1ea9-10bc-4f96-9b21-4b6b83dbf476} (%windir%\system32\radardt.dll) started troubleshooting scenario {180b3a99-8c39-4f12-b631-2031998efe45}, instance {6cc278c5-3785-41ee-bfcf-f47750adc2fc}, original activity ID {00000000-0000-0000-0000-000000000000}."
"07-08-2026 13:01:07","100","Information","Microsoft-Windows-Diagnosis-DPS","Diagnostic module {45de1ea9-10bc-4f96-9b21-4b6b83dbf476} (%windir%\system32\radardt.dll) detected a problem for scenario {180b3a99-8c39-4f12-b631-2031998efe45}, instance {6cc278c5-3785-41ee-bfcf-f47750adc2fc}, original activity ID {00000000-0000-0000-0000-000000000000}."
"07-08-2026 12:56:07","105","Information","Microsoft-Windows-Diagnosis-DPS","Diagnostic module {45de1ea9-10bc-4f96-9b21-4b6b83dbf476} (%windir%\system32\radardt.dll) started troubleshooting scenario {180b3a99-8c39-4f12-b631-2031998efe45}, instance {312ed894-2244-4394-af25-8bb9fee8df1d}, original activity ID {00000000-0000-0000-0000-000000000000}."
"07-08-2026 12:56:07","100","Information","Microsoft-Windows-Diagnosis-DPS","Diagnostic module {45de1ea9-10bc-4f96-9b21-4b6b83dbf476} (%windir%\system32\radardt.dll) detected a problem for scenario {180b3a99-8c39-4f12-b631-2031998efe45}, instance {312ed894-2244-4394-af25-8bb9fee8df1d}, original activity ID {00000000-0000-0000-0000-000000000000}."
"07-08-2026 12:51:07","105","Information","Microsoft-Windows-Diagnosis-DPS","Diagnostic module {45de1ea9-10bc-4f96-9b21-4b6b83dbf476} (%windir%\system32\radardt.dll) started troubleshooting scenario {180b3a99-8c39-4f12-b631-2031998efe45}, instance {3d1b549d-c13e-4a60-aeeb-df0da825e0df}, original activity ID {00000000-0000-0000-0000-000000000000}."
"07-08-2026 12:51:07","100","Information","Microsoft-Windows-Diagnosis-DPS","Diagnostic module {45de1ea9-10bc-4f96-9b21-4b6b83dbf476} (%windir%\system32\radardt.dll) detected a problem for scenario {180b3a99-8c39-4f12-b631-2031998efe45}, instance {3d1b549d-c13e-4a60-aeeb-df0da825e0df}, original activity ID {00000000-0000-0000-0000-000000000000}."
"07-08-2026 12:46:07","105","Information","Microsoft-Windows-Diagnosis-DPS","Diagnostic module {45de1ea9-10bc-4f96-9b21-4b6b83dbf476} (%windir%\system32\radardt.dll) started troubleshooting scenario {180b3a99-8c39-4f12-b631-2031998efe45}, instance {e140a6cd-13fa-406e-94c5-01ec52c8796b}, original activity ID {00000000-0000-0000-0000-000000000000}."
"07-08-2026 12:46:07","100","Information","Microsoft-Windows-Diagnosis-DPS","Diagnostic module {45de1ea9-10bc-4f96-9b21-4b6b83dbf476} (%windir%\system32\radardt.dll) detected a problem for scenario {180b3a99-8c39-4f12-b631-2031998efe45}, instance {e140a6cd-13fa-406e-94c5-01ec52c8796b}, original activity ID {00000000-0000-0000-0000-000000000000}."
"07-08-2026 12:41:07","105","Information","Microsoft-Windows-Diagnosis-DPS","Diagnostic module {45de1ea9-10bc-4f96-9b21-4b6b83dbf476} (%windir%\system32\radardt.dll) started troubleshooting scenario {180b3a99-8c39-4f12-b631-2031998efe45}, instance {f5c29842-e270-49dc-b4e0-3bfd575f2a03}, original activity ID {00000000-0000-0000-0000-000000000000}."
"07-08-2026 12:41:07","100","Information","Microsoft-Windows-Diagnosis-DPS","Diagnostic module {45de1ea9-10bc-4f96-9b21-4b6b83dbf476} (%windir%\system32\radardt.dll) detected a problem for scenario {180b3a99-8c39-4f12-b631-2031998efe45}, instance {f5c29842-e270-49dc-b4e0-3bfd575f2a03}, original activity ID {00000000-0000-0000-0000-000000000000}."
"07-08-2026 12:36:07","105","Information","Microsoft-Windows-Diagnosis-DPS","Diagnostic module {45de1ea9-10bc-4f96-9b21-4b6b83dbf476} (%windir%\system32\radardt.dll) started troubleshooting scenario {180b3a99-8c39-4f12-b631-2031998efe45}, instance {b7cac1bb-3392-4fc8-bb35-6b4b278af3cc}, original activity ID {00000000-0000-0000-0000-000000000000}."
"07-08-2026 12:36:07","100","Information","Microsoft-Windows-Diagnosis-DPS","Diagnostic module {45de1ea9-10bc-4f96-9b21-4b6b83dbf476} (%windir%\system32\radardt.dll) detected a problem for scenario {180b3a99-8c39-4f12-b631-2031998efe45}, instance {b7cac1bb-3392-4fc8-bb35-6b4b278af3cc}, original activity ID {00000000-0000-0000-0000-000000000000}."
"07-08-2026 12:31:07","105","Information","Microsoft-Windows-Diagnosis-DPS","Diagnostic module {45de1ea9-10bc-4f96-9b21-4b6b83dbf476} (%windir%\system32\radardt.dll) started troubleshooting scenario {180b3a99-8c39-4f12-b631-2031998efe45}, instance {e3ad44f1-1968-46e5-a0b8-ece8b81b4ec3}, original activity ID {00000000-0000-0000-0000-000000000000}."
"07-08-2026 12:31:07","100","Information","Microsoft-Windows-Diagnosis-DPS","Diagnostic module {45de1ea9-10bc-4f96-9b21-4b6b83dbf476} (%windir%\system32\radardt.dll) detected a problem for scenario {180b3a99-8c39-4f12-b631-2031998efe45}, instance {e3ad44f1-1968-46e5-a0b8-ece8b81b4ec3}, original activity ID {00000000-0000-0000-0000-000000000000}."
"07-08-2026 12:26:07","105","Information","Microsoft-Windows-Diagnosis-DPS","Diagnostic module {45de1ea9-10bc-4f96-9b21-4b6b83dbf476} (%windir%\system32\radardt.dll) started troubleshooting scenario {180b3a99-8c39-4f12-b631-2031998efe45}, instance {9c68b71a-7902-4790-b825-7e32f6a37a11}, original activity ID {00000000-0000-0000-0000-000000000000}."
"07-08-2026 12:26:07","100","Information","Microsoft-Windows-Diagnosis-DPS","Diagnostic module {45de1ea9-10bc-4f96-9b21-4b6b83dbf476} (%windir%\system32\radardt.dll) detected a problem for scenario {180b3a99-8c39-4f12-b631-2031998efe45}, instance {9c68b71a-7902-4790-b825-7e32f6a37a11}, original activity ID {00000000-0000-0000-0000-000000000000}."
"07-08-2026 12:21:07","105","Information","Microsoft-Windows-Diagnosis-DPS","Diagnostic module {45de1ea9-10bc-4f96-9b21-4b6b83dbf476} (%windir%\system32\radardt.dll) started troubleshooting scenario {180b3a99-8c39-4f12-b631-2031998efe45}, instance {d9865ce4-15b0-4b68-9cf5-b639312880c9}, original activity ID {00000000-0000-0000-0000-000000000000}."
"07-08-2026 12:21:07","100","Information","Microsoft-Windows-Diagnosis-DPS","Diagnostic module {45de1ea9-10bc-4f96-9b21-4b6b83dbf476} (%windir%\system32\radardt.dll) detected a problem for scenario {180b3a99-8c39-4f12-b631-2031998efe45}, instance {d9865ce4-15b0-4b68-9cf5-b639312880c9}, original activity ID {00000000-0000-0000-0000-000000000000}."
"07-08-2026 12:16:07","105","Information","Microsoft-Windows-Diagnosis-DPS","Diagnostic module {45de1ea9-10bc-4f96-9b21-4b6b83dbf476} (%windir%\system32\radardt.dll) started troubleshooting scenario {180b3a99-8c39-4f12-b631-2031998efe45}, instance {de71aaf5-e1be-4a34-a841-83a9456125ea}, original activity ID {00000000-0000-0000-0000-000000000000}."
"07-08-2026 12:16:07","100","Information","Microsoft-Windows-Diagnosis-DPS","Diagnostic module {45de1ea9-10bc-4f96-9b21-4b6b83dbf476} (%windir%\system32\radardt.dll) detected a problem for scenario {180b3a99-8c39-4f12-b631-2031998efe45}, instance {de71aaf5-e1be-4a34-a841-83a9456125ea}, original activity ID {00000000-0000-0000-0000-000000000000}."
"07-08-2026 12:11:07","105","Information","Microsoft-Windows-Diagnosis-DPS","Diagnostic module {45de1ea9-10bc-4f96-9b21-4b6b83dbf476} (%windir%\system32\radardt.dll) started troubleshooting scenario {180b3a99-8c39-4f12-b631-2031998efe45}, instance {f037e239-8da2-46c5-92bf-731a389489b2}, original activity ID {00000000-0000-0000-0000-000000000000}."
"07-08-2026 12:11:07","100","Information","Microsoft-Windows-Diagnosis-DPS","Diagnostic module {45de1ea9-10bc-4f96-9b21-4b6b83dbf476} (%windir%\system32\radardt.dll) detected a problem for scenario {180b3a99-8c39-4f12-b631-2031998efe45}, instance {f037e239-8da2-46c5-92bf-731a389489b2}, original activity ID {00000000-0000-0000-0000-000000000000}."
"07-08-2026 12:06:07","105","Information","Microsoft-Windows-Diagnosis-DPS","Diagnostic module {45de1ea9-10bc-4f96-9b21-4b6b83dbf476} (%windir%\system32\radardt.dll) started troubleshooting scenario {180b3a99-8c39-4f12-b631-2031998efe45}, instance {0656db12-0769-41e0-a439-b6907996f312}, original activity ID {00000000-0000-0000-0000-000000000000}."
"07-08-2026 12:06:07","100","Information","Microsoft-Windows-Diagnosis-DPS","Diagnostic module {45de1ea9-10bc-4f96-9b21-4b6b83dbf476} (%windir%\system32\radardt.dll) detected a problem for scenario {180b3a99-8c39-4f12-b631-2031998efe45}, instance {0656db12-0769-41e0-a439-b6907996f312}, original activity ID {00000000-0000-0000-0000-000000000000}."
"07-08-2026 12:01:07","105","Information","Microsoft-Windows-Diagnosis-DPS","Diagnostic module {45de1ea9-10bc-4f96-9b21-4b6b83dbf476} (%windir%\system32\radardt.dll) started troubleshooting scenario {180b3a99-8c39-4f12-b631-2031998efe45}, instance {5cd2fd4e-dfe5-4d98-ab2a-d8826e26aa88}, original activity ID {00000000-0000-0000-0000-000000000000}."
"07-08-2026 12:01:07","100","Information","Microsoft-Windows-Diagnosis-DPS","Diagnostic module {45de1ea9-10bc-4f96-9b21-4b6b83dbf476} (%windir%\system32\radardt.dll) detected a problem for scenario {180b3a99-8c39-4f12-b631-2031998efe45}, instance {5cd2fd4e-dfe5-4d98-ab2a-d8826e26aa88}, original activity ID {00000000-0000-0000-0000-000000000000}."
"07-08-2026 11:56:07","105","Information","Microsoft-Windows-Diagnosis-DPS","Diagnostic module {45de1ea9-10bc-4f96-9b21-4b6b83dbf476} (%windir%\system32\radardt.dll) started troubleshooting scenario {180b3a99-8c39-4f12-b631-2031998efe45}, instance {43442809-af7a-425f-81fd-a76b41c0ca31}, original activity ID {00000000-0000-0000-0000-000000000000}."
"07-08-2026 11:56:07","100","Information","Microsoft-Windows-Diagnosis-DPS","Diagnostic module {45de1ea9-10bc-4f96-9b21-4b6b83dbf476} (%windir%\system32\radardt.dll) detected a problem for scenario {180b3a99-8c39-4f12-b631-2031998efe45}, instance {43442809-af7a-425f-81fd-a76b41c0ca31}, original activity ID {00000000-0000-0000-0000-000000000000}."
"07-08-2026 11:51:06","105","Information","Microsoft-Windows-Diagnosis-DPS","Diagnostic module {45de1ea9-10bc-4f96-9b21-4b6b83dbf476} (%windir%\system32\radardt.dll) started troubleshooting scenario {180b3a99-8c39-4f12-b631-2031998efe45}, instance {46cb1bd6-8184-4401-9324-bc5747a48df3}, original activity ID {00000000-0000-0000-0000-000000000000}."
"07-08-2026 11:51:06","100","Information","Microsoft-Windows-Diagnosis-DPS","Diagnostic module {45de1ea9-10bc-4f96-9b21-4b6b83dbf476} (%windir%\system32\radardt.dll) detected a problem for scenario {180b3a99-8c39-4f12-b631-2031998efe45}, instance {46cb1bd6-8184-4401-9324-bc5747a48df3}, original activity ID {00000000-0000-0000-0000-000000000000}."
"07-08-2026 11:46:06","105","Information","Microsoft-Windows-Diagnosis-DPS","Diagnostic module {45de1ea9-10bc-4f96-9b21-4b6b83dbf476} (%windir%\system32\radardt.dll) started troubleshooting scenario {180b3a99-8c39-4f12-b631-2031998efe45}, instance {6b4f76d3-9337-45d2-8a73-062074712f85}, original activity ID {00000000-0000-0000-0000-000000000000}."
"07-08-2026 11:46:06","100","Information","Microsoft-Windows-Diagnosis-DPS","Diagnostic module {45de1ea9-10bc-4f96-9b21-4b6b83dbf476} (%windir%\system32\radardt.dll) detected a problem for scenario {180b3a99-8c39-4f12-b631-2031998efe45}, instance {6b4f76d3-9337-45d2-8a73-062074712f85}, original activity ID {00000000-0000-0000-0000-000000000000}."
"07-08-2026 11:41:06","105","Information","Microsoft-Windows-Diagnosis-DPS","Diagnostic module {45de1ea9-10bc-4f96-9b21-4b6b83dbf476} (%windir%\system32\radardt.dll) started troubleshooting scenario {180b3a99-8c39-4f12-b631-2031998efe45}, instance {ffad9c64-5b63-4ea4-a808-5eb754ba7604}, original activity ID {00000000-0000-0000-0000-000000000000}."
"07-08-2026 11:41:06","100","Information","Microsoft-Windows-Diagnosis-DPS","Diagnostic module {45de1ea9-10bc-4f96-9b21-4b6b83dbf476} (%windir%\system32\radardt.dll) detected a problem for scenario {180b3a99-8c39-4f12-b631-2031998efe45}, instance {ffad9c64-5b63-4ea4-a808-5eb754ba7604}, original activity ID {00000000-0000-0000-0000-000000000000}."
"07-08-2026 11:36:06","105","Information","Microsoft-Windows-Diagnosis-DPS","Diagnostic module {45de1ea9-10bc-4f96-9b21-4b6b83dbf476} (%windir%\system32\radardt.dll) started troubleshooting scenario {180b3a99-8c39-4f12-b631-2031998efe45}, instance {2790092f-745c-48ab-b632-0b70bfb9daf9}, original activity ID {00000000-0000-0000-0000-000000000000}."
"07-08-2026 11:36:06","100","Information","Microsoft-Windows-Diagnosis-DPS","Diagnostic module {45de1ea9-10bc-4f96-9b21-4b6b83dbf476} (%windir%\system32\radardt.dll) detected a problem for scenario {180b3a99-8c39-4f12-b631-2031998efe45}, instance {2790092f-745c-48ab-b632-0b70bfb9daf9}, original activity ID {00000000-0000-0000-0000-000000000000}."
"07-08-2026 11:31:06","105","Information","Microsoft-Windows-Diagnosis-DPS","Diagnostic module {45de1ea9-10bc-4f96-9b21-4b6b83dbf476} (%windir%\system32\radardt.dll) started troubleshooting scenario {180b3a99-8c39-4f12-b631-2031998efe45}, instance {c5825031-6070-4e86-af10-0d3b3ba4713c}, original activity ID {00000000-0000-0000-0000-000000000000}."
"07-08-2026 11:31:06","100","Information","Microsoft-Windows-Diagnosis-DPS","Diagnostic module {45de1ea9-10bc-4f96-9b21-4b6b83dbf476} (%windir%\system32\radardt.dll) detected a problem for scenario {180b3a99-8c39-4f12-b631-2031998efe45}, instance {c5825031-6070-4e86-af10-0d3b3ba4713c}, original activity ID {00000000-0000-0000-0000-000000000000}."
"07-08-2026 11:26:06","105","Information","Microsoft-Windows-Diagnosis-DPS","Diagnostic module {45de1ea9-10bc-4f96-9b21-4b6b83dbf476} (%windir%\system32\radardt.dll) started troubleshooting scenario {180b3a99-8c39-4f12-b631-2031998efe45}, instance {33bcbcbf-3fb2-4bbd-a60a-faa86c59e0e8}, original activity ID {00000000-0000-0000-0000-000000000000}."
"07-08-2026 11:26:06","100","Information","Microsoft-Windows-Diagnosis-DPS","Diagnostic module {45de1ea9-10bc-4f96-9b21-4b6b83dbf476} (%windir%\system32\radardt.dll) detected a problem for scenario {180b3a99-8c39-4f12-b631-2031998efe45}, instance {33bcbcbf-3fb2-4bbd-a60a-faa86c59e0e8}, original activity ID {00000000-0000-0000-0000-000000000000}."
"07-08-2026 11:21:06","105","Information","Microsoft-Windows-Diagnosis-DPS","Diagnostic module {45de1ea9-10bc-4f96-9b21-4b6b83dbf476} (%windir%\system32\radardt.dll) started troubleshooting scenario {180b3a99-8c39-4f12-b631-2031998efe45}, instance {05ebab83-10a3-477d-8e77-dbea16bde395}, original activity ID {00000000-0000-0000-0000-000000000000}."
"07-08-2026 11:21:06","100","Information","Microsoft-Windows-Diagnosis-DPS","Diagnostic module {45de1ea9-10bc-4f96-9b21-4b6b83dbf476} (%windir%\system32\radardt.dll) detected a problem for scenario {180b3a99-8c39-4f12-b631-2031998efe45}, instance {05ebab83-10a3-477d-8e77-dbea16bde395}, original activity ID {00000000-0000-0000-0000-000000000000}."
"07-08-2026 11:16:06","105","Information","Microsoft-Windows-Diagnosis-DPS","Diagnostic module {45de1ea9-10bc-4f96-9b21-4b6b83dbf476} (%windir%\system32\radardt.dll) started troubleshooting scenario {180b3a99-8c39-4f12-b631-2031998efe45}, instance {d4a6d54d-0fec-48e5-a440-93d66e37e4ab}, original activity ID {00000000-0000-0000-0000-000000000000}."
"07-08-2026 11:16:06","100","Information","Microsoft-Windows-Diagnosis-DPS","Diagnostic module {45de1ea9-10bc-4f96-9b21-4b6b83dbf476} (%windir%\system32\radardt.dll) detected a problem for scenario {180b3a99-8c39-4f12-b631-2031998efe45}, instance {d4a6d54d-0fec-48e5-a440-93d66e37e4ab}, original activity ID {00000000-0000-0000-0000-000000000000}."
"07-08-2026 11:11:06","105","Information","Microsoft-Windows-Diagnosis-DPS","Diagnostic module {45de1ea9-10bc-4f96-9b21-4b6b83dbf476} (%windir%\system32\radardt.dll) started troubleshooting scenario {180b3a99-8c39-4f12-b631-2031998efe45}, instance {eb84fc9f-63a0-455c-810e-1a53727f13d4}, original activity ID {00000000-0000-0000-0000-000000000000}."
"07-08-2026 11:11:06","100","Information","Microsoft-Windows-Diagnosis-DPS","Diagnostic module {45de1ea9-10bc-4f96-9b21-4b6b83dbf476} (%windir%\system32\radardt.dll) detected a problem for scenario {180b3a99-8c39-4f12-b631-2031998efe45}, instance {eb84fc9f-63a0-455c-810e-1a53727f13d4}, original activity ID {00000000-0000-0000-0000-000000000000}."
"07-08-2026 11:06:06","105","Information","Microsoft-Windows-Diagnosis-DPS","Diagnostic module {45de1ea9-10bc-4f96-9b21-4b6b83dbf476} (%windir%\system32\radardt.dll) started troubleshooting scenario {180b3a99-8c39-4f12-b631-2031998efe45}, instance {66b088a1-8db7-44ef-996b-ef927b7c80a7}, original activity ID {00000000-0000-0000-0000-000000000000}."
"07-08-2026 11:06:06","100","Information","Microsoft-Windows-Diagnosis-DPS","Diagnostic module {45de1ea9-10bc-4f96-9b21-4b6b83dbf476} (%windir%\system32\radardt.dll) detected a problem for scenario {180b3a99-8c39-4f12-b631-2031998efe45}, instance {66b088a1-8db7-44ef-996b-ef927b7c80a7}, original activity ID {00000000-0000-0000-0000-000000000000}."
"07-08-2026 11:01:06","105","Information","Microsoft-Windows-Diagnosis-DPS","Diagnostic module {45de1ea9-10bc-4f96-9b21-4b6b83dbf476} (%windir%\system32\radardt.dll) started troubleshooting scenario {180b3a99-8c39-4f12-b631-2031998efe45}, instance {36024fe4-123f-4e45-a56b-3565195b2142}, original activity ID {00000000-0000-0000-0000-000000000000}."
"07-08-2026 11:01:06","100","Information","Microsoft-Windows-Diagnosis-DPS","Diagnostic module {45de1ea9-10bc-4f96-9b21-4b6b83dbf476} (%windir%\system32\radardt.dll) detected a problem for scenario {180b3a99-8c39-4f12-b631-2031998efe45}, instance {36024fe4-123f-4e45-a56b-3565195b2142}, original activity ID {00000000-0000-0000-0000-000000000000}."
"07-08-2026 10:56:06","105","Information","Microsoft-Windows-Diagnosis-DPS","Diagnostic module {45de1ea9-10bc-4f96-9b21-4b6b83dbf476} (%windir%\system32\radardt.dll) started troubleshooting scenario {180b3a99-8c39-4f12-b631-2031998efe45}, instance {ec03ea2c-5d3e-4dd8-99f0-2d1bce2c3696}, original activity ID {00000000-0000-0000-0000-000000000000}."
"07-08-2026 10:56:06","100","Information","Microsoft-Windows-Diagnosis-DPS","Diagnostic module {45de1ea9-10bc-4f96-9b21-4b6b83dbf476} (%windir%\system32\radardt.dll) detected a problem for scenario {180b3a99-8c39-4f12-b631-2031998efe45}, instance {ec03ea2c-5d3e-4dd8-99f0-2d1bce2c3696}, original activity ID {00000000-0000-0000-0000-000000000000}."
"07-08-2026 10:51:06","105","Information","Microsoft-Windows-Diagnosis-DPS","Diagnostic module {45de1ea9-10bc-4f96-9b21-4b6b83dbf476} (%windir%\system32\radardt.dll) started troubleshooting scenario {180b3a99-8c39-4f12-b631-2031998efe45}, instance {78747235-036b-4224-8177-4e7cccd34822}, original activity ID {00000000-0000-0000-0000-000000000000}."
"07-08-2026 10:51:06","100","Information","Microsoft-Windows-Diagnosis-DPS","Diagnostic module {45de1ea9-10bc-4f96-9b21-4b6b83dbf476} (%windir%\system32\radardt.dll) detected a problem for scenario {180b3a99-8c39-4f12-b631-2031998efe45}, instance {78747235-036b-4224-8177-4e7cccd34822}, original activity ID {00000000-0000-0000-0000-000000000000}."
"07-08-2026 10:46:06","105","Information","Microsoft-Windows-Diagnosis-DPS","Diagnostic module {45de1ea9-10bc-4f96-9b21-4b6b83dbf476} (%windir%\system32\radardt.dll) started troubleshooting scenario {180b3a99-8c39-4f12-b631-2031998efe45}, instance {e1fbb0c4-2390-473e-b2eb-f91fff6624b7}, original activity ID {00000000-0000-0000-0000-000000000000}."
"07-08-2026 10:46:06","100","Information","Microsoft-Windows-Diagnosis-DPS","Diagnostic module {45de1ea9-10bc-4f96-9b21-4b6b83dbf476} (%windir%\system32\radardt.dll) detected a problem for scenario {180b3a99-8c39-4f12-b631-2031998efe45}, instance {e1fbb0c4-2390-473e-b2eb-f91fff6624b7}, original activity ID {00000000-0000-0000-0000-000000000000}."
"07-08-2026 10:41:06","105","Information","Microsoft-Windows-Diagnosis-DPS","Diagnostic module {45de1ea9-10bc-4f96-9b21-4b6b83dbf476} (%windir%\system32\radardt.dll) started troubleshooting scenario {180b3a99-8c39-4f12-b631-2031998efe45}, instance {973a337c-ff72-44db-b384-241b56a3dca6}, original activity ID {00000000-0000-0000-0000-000000000000}."
"07-08-2026 10:41:06","100","Information","Microsoft-Windows-Diagnosis-DPS","Diagnostic module {45de1ea9-10bc-4f96-9b21-4b6b83dbf476} (%windir%\system32\radardt.dll) detected a problem for scenario {180b3a99-8c39-4f12-b631-2031998efe45}, instance {973a337c-ff72-44db-b384-241b56a3dca6}, original activity ID {00000000-0000-0000-0000-000000000000}."
"07-08-2026 10:36:06","105","Information","Microsoft-Windows-Diagnosis-DPS","Diagnostic module {45de1ea9-10bc-4f96-9b21-4b6b83dbf476} (%windir%\system32\radardt.dll) started troubleshooting scenario {180b3a99-8c39-4f12-b631-2031998efe45}, instance {5a8d8c41-499f-490d-bd14-b45df7dae32b}, original activity ID {00000000-0000-0000-0000-000000000000}."
"07-08-2026 10:36:06","100","Information","Microsoft-Windows-Diagnosis-DPS","Diagnostic module {45de1ea9-10bc-4f96-9b21-4b6b83dbf476} (%windir%\system32\radardt.dll) detected a problem for scenario {180b3a99-8c39-4f12-b631-2031998efe45}, instance {5a8d8c41-499f-490d-bd14-b45df7dae32b}, original activity ID {00000000-0000-0000-0000-000000000000}."
"07-08-2026 10:31:06","105","Information","Microsoft-Windows-Diagnosis-DPS","Diagnostic module {45de1ea9-10bc-4f96-9b21-4b6b83dbf476} (%windir%\system32\radardt.dll) started troubleshooting scenario {180b3a99-8c39-4f12-b631-2031998efe45}, instance {81fb0064-151a-4394-bcc3-2f2b088f0f12}, original activity ID {00000000-0000-0000-0000-000000000000}."
"07-08-2026 10:31:06","100","Information","Microsoft-Windows-Diagnosis-DPS","Diagnostic module {45de1ea9-10bc-4f96-9b21-4b6b83dbf476} (%windir%\system32\radardt.dll) detected a problem for scenario {180b3a99-8c39-4f12-b631-2031998efe45}, instance {81fb0064-151a-4394-bcc3-2f2b088f0f12}, original activity ID {00000000-0000-0000-0000-000000000000}."
"07-08-2026 10:26:09","130","Information","Microsoft-Windows-Diagnosis-DPS","Diagnostic module {5ee64afb-398d-4edb-af71-3b830219abf7} (%windir%\system32\radarrs.dll) finished resolving scenario {180b3a99-8c39-4f12-b631-2031998efe45}, instance {ef90398e-e28f-4a09-aaec-9b11b887cd29}, original activity ID {00000000-0000-0000-0000-000000000000}."
"07-08-2026 10:26:05","125","Information","Microsoft-Windows-Diagnosis-DPS","Diagnostic module {5ee64afb-398d-4edb-af71-3b830219abf7} (%windir%\system32\radarrs.dll) started resolving scenario {180b3a99-8c39-4f12-b631-2031998efe45}, instance {ef90398e-e28f-4a09-aaec-9b11b887cd29}, original activity ID {00000000-0000-0000-0000-000000000000}."
"07-08-2026 10:26:05","115","Information","Microsoft-Windows-Diagnosis-DPS","Diagnostic module {45de1ea9-10bc-4f96-9b21-4b6b83dbf476} (%windir%\system32\radardt.dll) finished troubleshooting scenario {180b3a99-8c39-4f12-b631-2031998efe45}, instance {ef90398e-e28f-4a09-aaec-9b11b887cd29}, original activity ID {00000000-0000-0000-0000-000000000000}.  It set resolution {5ee64afb-398d-4edb-af71-3b830219abf7} for user S-1-12-1-2357405129-1281513531-255772574-1816207334 in session 1 with expiration date ‎1601‎-‎01‎-‎01T00:00:00.000000000Z.  The resolution will be started immediately."
"07-08-2026 10:26:05","105","Information","Microsoft-Windows-Diagnosis-DPS","Diagnostic module {45de1ea9-10bc-4f96-9b21-4b6b83dbf476} (%windir%\system32\radardt.dll) started troubleshooting scenario {180b3a99-8c39-4f12-b631-2031998efe45}, instance {ef90398e-e28f-4a09-aaec-9b11b887cd29}, original activity ID {00000000-0000-0000-0000-000000000000}."
"07-08-2026 10:26:05","100","Information","Microsoft-Windows-Diagnosis-DPS","Diagnostic module {45de1ea9-10bc-4f96-9b21-4b6b83dbf476} (%windir%\system32\radardt.dll) detected a problem for scenario {180b3a99-8c39-4f12-b631-2031998efe45}, instance {ef90398e-e28f-4a09-aaec-9b11b887cd29}, original activity ID {00000000-0000-0000-0000-000000000000}."
"07-08-2026 10:21:06","105","Information","Microsoft-Windows-Diagnosis-DPS","Diagnostic module {45de1ea9-10bc-4f96-9b21-4b6b83dbf476} (%windir%\system32\radardt.dll) started troubleshooting scenario {180b3a99-8c39-4f12-b631-2031998efe45}, instance {5d5dea5e-dee5-4ca9-a5c6-fdec31e44413}, original activity ID {00000000-0000-0000-0000-000000000000}."
"07-08-2026 10:21:06","100","Information","Microsoft-Windows-Diagnosis-DPS","Diagnostic module {45de1ea9-10bc-4f96-9b21-4b6b83dbf476} (%windir%\system32\radardt.dll) detected a problem for scenario {180b3a99-8c39-4f12-b631-2031998efe45}, instance {5d5dea5e-dee5-4ca9-a5c6-fdec31e44413}, original activity ID {00000000-0000-0000-0000-000000000000}."
"07-08-2026 10:16:06","105","Information","Microsoft-Windows-Diagnosis-DPS","Diagnostic module {45de1ea9-10bc-4f96-9b21-4b6b83dbf476} (%windir%\system32\radardt.dll) started troubleshooting scenario {180b3a99-8c39-4f12-b631-2031998efe45}, instance {b98aecee-0880-4471-a81e-ed2ae6526f66}, original activity ID {00000000-0000-0000-0000-000000000000}."
"07-08-2026 10:16:06","100","Information","Microsoft-Windows-Diagnosis-DPS","Diagnostic module {45de1ea9-10bc-4f96-9b21-4b6b83dbf476} (%windir%\system32\radardt.dll) detected a problem for scenario {180b3a99-8c39-4f12-b631-2031998efe45}, instance {b98aecee-0880-4471-a81e-ed2ae6526f66}, original activity ID {00000000-0000-0000-0000-000000000000}."
"07-08-2026 10:11:06","105","Information","Microsoft-Windows-Diagnosis-DPS","Diagnostic module {45de1ea9-10bc-4f96-9b21-4b6b83dbf476} (%windir%\system32\radardt.dll) started troubleshooting scenario {180b3a99-8c39-4f12-b631-2031998efe45}, instance {4e5d9a6f-551e-4b96-a97a-05bfac021e55}, original activity ID {00000000-0000-0000-0000-000000000000}."
"07-08-2026 10:11:06","100","Information","Microsoft-Windows-Diagnosis-DPS","Diagnostic module {45de1ea9-10bc-4f96-9b21-4b6b83dbf476} (%windir%\system32\radardt.dll) detected a problem for scenario {180b3a99-8c39-4f12-b631-2031998efe45}, instance {4e5d9a6f-551e-4b96-a97a-05bfac021e55}, original activity ID {00000000-0000-0000-0000-000000000000}."
"07-08-2026 10:06:06","105","Information","Microsoft-Windows-Diagnosis-DPS","Diagnostic module {45de1ea9-10bc-4f96-9b21-4b6b83dbf476} (%windir%\system32\radardt.dll) started troubleshooting scenario {180b3a99-8c39-4f12-b631-2031998efe45}, instance {af1d0ec6-b6fc-4dd0-93b6-b6e28eb7c6a3}, original activity ID {00000000-0000-0000-0000-000000000000}."
"07-08-2026 10:06:06","100","Information","Microsoft-Windows-Diagnosis-DPS","Diagnostic module {45de1ea9-10bc-4f96-9b21-4b6b83dbf476} (%windir%\system32\radardt.dll) detected a problem for scenario {180b3a99-8c39-4f12-b631-2031998efe45}, instance {af1d0ec6-b6fc-4dd0-93b6-b6e28eb7c6a3}, original activity ID {00000000-0000-0000-0000-000000000000}."
"07-08-2026 10:01:06","105","Information","Microsoft-Windows-Diagnosis-DPS","Diagnostic module {45de1ea9-10bc-4f96-9b21-4b6b83dbf476} (%windir%\system32\radardt.dll) started troubleshooting scenario {180b3a99-8c39-4f12-b631-2031998efe45}, instance {045442b2-b30b-44ef-b0fe-285099a93af1}, original activity ID {00000000-0000-0000-0000-000000000000}."
"07-08-2026 10:01:06","100","Information","Microsoft-Windows-Diagnosis-DPS","Diagnostic module {45de1ea9-10bc-4f96-9b21-4b6b83dbf476} (%windir%\system32\radardt.dll) detected a problem for scenario {180b3a99-8c39-4f12-b631-2031998efe45}, instance {045442b2-b30b-44ef-b0fe-285099a93af1}, original activity ID {00000000-0000-0000-0000-000000000000}."
"07-08-2026 09:56:06","105","Information","Microsoft-Windows-Diagnosis-DPS","Diagnostic module {45de1ea9-10bc-4f96-9b21-4b6b83dbf476} (%windir%\system32\radardt.dll) started troubleshooting scenario {180b3a99-8c39-4f12-b631-2031998efe45}, instance {9d21c36e-15ac-479a-97bc-daba76e68d8a}, original activity ID {00000000-0000-0000-0000-000000000000}."
"07-08-2026 09:56:06","100","Information","Microsoft-Windows-Diagnosis-DPS","Diagnostic module {45de1ea9-10bc-4f96-9b21-4b6b83dbf476} (%windir%\system32\radardt.dll) detected a problem for scenario {180b3a99-8c39-4f12-b631-2031998efe45}, instance {9d21c36e-15ac-479a-97bc-daba76e68d8a}, original activity ID {00000000-0000-0000-0000-000000000000}."
"07-08-2026 09:51:06","105","Information","Microsoft-Windows-Diagnosis-DPS","Diagnostic module {45de1ea9-10bc-4f96-9b21-4b6b83dbf476} (%windir%\system32\radardt.dll) started troubleshooting scenario {180b3a99-8c39-4f12-b631-2031998efe45}, instance {0b42f168-7603-4186-ae94-1663fcf3dc3f}, original activity ID {00000000-0000-0000-0000-000000000000}."
"07-08-2026 09:51:06","100","Information","Microsoft-Windows-Diagnosis-DPS","Diagnostic module {45de1ea9-10bc-4f96-9b21-4b6b83dbf476} (%windir%\system32\radardt.dll) detected a problem for scenario {180b3a99-8c39-4f12-b631-2031998efe45}, instance {0b42f168-7603-4186-ae94-1663fcf3dc3f}, original activity ID {00000000-0000-0000-0000-000000000000}."
"07-08-2026 09:46:06","105","Information","Microsoft-Windows-Diagnosis-DPS","Diagnostic module {45de1ea9-10bc-4f96-9b21-4b6b83dbf476} (%windir%\system32\radardt.dll) started troubleshooting scenario {180b3a99-8c39-4f12-b631-2031998efe45}, instance {a0f2f1a5-12e4-4b3a-92bb-84adc18af452}, original activity ID {00000000-0000-0000-0000-000000000000}."
"07-08-2026 09:46:06","100","Information","Microsoft-Windows-Diagnosis-DPS","Diagnostic module {45de1ea9-10bc-4f96-9b21-4b6b83dbf476} (%windir%\system32\radardt.dll) detected a problem for scenario {180b3a99-8c39-4f12-b631-2031998efe45}, instance {a0f2f1a5-12e4-4b3a-92bb-84adc18af452}, original activity ID {00000000-0000-0000-0000-000000000000}."
"07-08-2026 09:41:06","105","Information","Microsoft-Windows-Diagnosis-DPS","Diagnostic module {45de1ea9-10bc-4f96-9b21-4b6b83dbf476} (%windir%\system32\radardt.dll) started troubleshooting scenario {180b3a99-8c39-4f12-b631-2031998efe45}, instance {61dc2fbd-efb2-40a7-9f8a-ffd43904f246}, original activity ID {00000000-0000-0000-0000-000000000000}."
"07-08-2026 09:41:06","100","Information","Microsoft-Windows-Diagnosis-DPS","Diagnostic module {45de1ea9-10bc-4f96-9b21-4b6b83dbf476} (%windir%\system32\radardt.dll) detected a problem for scenario {180b3a99-8c39-4f12-b631-2031998efe45}, instance {61dc2fbd-efb2-40a7-9f8a-ffd43904f246}, original activity ID {00000000-0000-0000-0000-000000000000}."
"07-08-2026 09:36:05","105","Information","Microsoft-Windows-Diagnosis-DPS","Diagnostic module {45de1ea9-10bc-4f96-9b21-4b6b83dbf476} (%windir%\system32\radardt.dll) started troubleshooting scenario {180b3a99-8c39-4f12-b631-2031998efe45}, instance {73f407ae-d898-4f09-8894-6c0bf1f63834}, original activity ID {00000000-0000-0000-0000-000000000000}."
"07-08-2026 09:36:05","100","Information","Microsoft-Windows-Diagnosis-DPS","Diagnostic module {45de1ea9-10bc-4f96-9b21-4b6b83dbf476} (%windir%\system32\radardt.dll) detected a problem for scenario {180b3a99-8c39-4f12-b631-2031998efe45}, instance {73f407ae-d898-4f09-8894-6c0bf1f63834}, original activity ID {00000000-0000-0000-0000-000000000000}."
"07-08-2026 09:31:06","105","Information","Microsoft-Windows-Diagnosis-DPS","Diagnostic module {45de1ea9-10bc-4f96-9b21-4b6b83dbf476} (%windir%\system32\radardt.dll) started troubleshooting scenario {180b3a99-8c39-4f12-b631-2031998efe45}, instance {1f44ef4f-1d43-4de1-8e35-2eefab7fa005}, original activity ID {00000000-0000-0000-0000-000000000000}."
"07-08-2026 09:31:06","100","Information","Microsoft-Windows-Diagnosis-DPS","Diagnostic module {45de1ea9-10bc-4f96-9b21-4b6b83dbf476} (%windir%\system32\radardt.dll) detected a problem for scenario {180b3a99-8c39-4f12-b631-2031998efe45}, instance {1f44ef4f-1d43-4de1-8e35-2eefab7fa005}, original activity ID {00000000-0000-0000-0000-000000000000}."
"07-08-2026 09:26:06","105","Information","Microsoft-Windows-Diagnosis-DPS","Diagnostic module {45de1ea9-10bc-4f96-9b21-4b6b83dbf476} (%windir%\system32\radardt.dll) started troubleshooting scenario {180b3a99-8c39-4f12-b631-2031998efe45}, instance {ca9f5c20-cd2f-40fe-a0e2-6440a06bab1a}, original activity ID {00000000-0000-0000-0000-000000000000}."
"07-08-2026 09:26:06","100","Information","Microsoft-Windows-Diagnosis-DPS","Diagnostic module {45de1ea9-10bc-4f96-9b21-4b6b83dbf476} (%windir%\system32\radardt.dll) detected a problem for scenario {180b3a99-8c39-4f12-b631-2031998efe45}, instance {ca9f5c20-cd2f-40fe-a0e2-6440a06bab1a}, original activity ID {00000000-0000-0000-0000-000000000000}."
"07-08-2026 09:21:06","105","Information","Microsoft-Windows-Diagnosis-DPS","Diagnostic module {45de1ea9-10bc-4f96-9b21-4b6b83dbf476} (%windir%\system32\radardt.dll) started troubleshooting scenario {180b3a99-8c39-4f12-b631-2031998efe45}, instance {01237157-869a-4886-865f-7ee64de7b2e8}, original activity ID {00000000-0000-0000-0000-000000000000}."
"07-08-2026 09:21:06","100","Information","Microsoft-Windows-Diagnosis-DPS","Diagnostic module {45de1ea9-10bc-4f96-9b21-4b6b83dbf476} (%windir%\system32\radardt.dll) detected a problem for scenario {180b3a99-8c39-4f12-b631-2031998efe45}, instance {01237157-869a-4886-865f-7ee64de7b2e8}, original activity ID {00000000-0000-0000-0000-000000000000}."
"06-08-2026 18:59:34","105","Information","Microsoft-Windows-Diagnosis-DPS","Diagnostic module {45de1ea9-10bc-4f96-9b21-4b6b83dbf476} (%windir%\system32\radardt.dll) started troubleshooting scenario {180b3a99-8c39-4f12-b631-2031998efe45}, instance {0e39df9d-0106-43cd-94bd-f05b80873f8a}, original activity ID {00000000-0000-0000-0000-000000000000}."
"06-08-2026 18:59:34","100","Information","Microsoft-Windows-Diagnosis-DPS","Diagnostic module {45de1ea9-10bc-4f96-9b21-4b6b83dbf476} (%windir%\system32\radardt.dll) detected a problem for scenario {180b3a99-8c39-4f12-b631-2031998efe45}, instance {0e39df9d-0106-43cd-94bd-f05b80873f8a}, original activity ID {00000000-0000-0000-0000-000000000000}."
"06-08-2026 18:54:34","105","Information","Microsoft-Windows-Diagnosis-DPS","Diagnostic module {45de1ea9-10bc-4f96-9b21-4b6b83dbf476} (%windir%\system32\radardt.dll) started troubleshooting scenario {180b3a99-8c39-4f12-b631-2031998efe45}, instance {1c162c5a-de7b-423d-9a80-52ae430a0c6b}, original activity ID {00000000-0000-0000-0000-000000000000}."
"06-08-2026 18:54:34","100","Information","Microsoft-Windows-Diagnosis-DPS","Diagnostic module {45de1ea9-10bc-4f96-9b21-4b6b83dbf476} (%windir%\system32\radardt.dll) detected a problem for scenario {180b3a99-8c39-4f12-b631-2031998efe45}, instance {1c162c5a-de7b-423d-9a80-52ae430a0c6b}, original activity ID {00000000-0000-0000-0000-000000000000}."
"06-08-2026 18:49:34","105","Information","Microsoft-Windows-Diagnosis-DPS","Diagnostic module {45de1ea9-10bc-4f96-9b21-4b6b83dbf476} (%windir%\system32\radardt.dll) started troubleshooting scenario {180b3a99-8c39-4f12-b631-2031998efe45}, instance {96489341-9d02-4c83-a846-30da0f1256e7}, original activity ID {00000000-0000-0000-0000-000000000000}."
"06-08-2026 18:49:34","100","Information","Microsoft-Windows-Diagnosis-DPS","Diagnostic module {45de1ea9-10bc-4f96-9b21-4b6b83dbf476} (%windir%\system32\radardt.dll) detected a problem for scenario {180b3a99-8c39-4f12-b631-2031998efe45}, instance {96489341-9d02-4c83-a846-30da0f1256e7}, original activity ID {00000000-0000-0000-0000-000000000000}."
"06-08-2026 18:44:34","105","Information","Microsoft-Windows-Diagnosis-DPS","Diagnostic module {45de1ea9-10bc-4f96-9b21-4b6b83dbf476} (%windir%\system32\radardt.dll) started troubleshooting scenario {180b3a99-8c39-4f12-b631-2031998efe45}, instance {cfb741f2-e3cd-4d65-a8ce-14f596f0feb4}, original activity ID {00000000-0000-0000-0000-000000000000}."
"06-08-2026 18:44:34","100","Information","Microsoft-Windows-Diagnosis-DPS","Diagnostic module {45de1ea9-10bc-4f96-9b21-4b6b83dbf476} (%windir%\system32\radardt.dll) detected a problem for scenario {180b3a99-8c39-4f12-b631-2031998efe45}, instance {cfb741f2-e3cd-4d65-a8ce-14f596f0feb4}, original activity ID {00000000-0000-0000-0000-000000000000}."
"06-08-2026 18:39:34","105","Information","Microsoft-Windows-Diagnosis-DPS","Diagnostic module {45de1ea9-10bc-4f96-9b21-4b6b83dbf476} (%windir%\system32\radardt.dll) started troubleshooting scenario {180b3a99-8c39-4f12-b631-2031998efe45}, instance {4a81321f-8e60-448b-9601-4d794612eb19}, original activity ID {00000000-0000-0000-0000-000000000000}."
"06-08-2026 18:39:34","100","Information","Microsoft-Windows-Diagnosis-DPS","Diagnostic module {45de1ea9-10bc-4f96-9b21-4b6b83dbf476} (%windir%\system32\radardt.dll) detected a problem for scenario {180b3a99-8c39-4f12-b631-2031998efe45}, instance {4a81321f-8e60-448b-9601-4d794612eb19}, original activity ID {00000000-0000-0000-0000-000000000000}."
"06-08-2026 18:34:34","105","Information","Microsoft-Windows-Diagnosis-DPS","Diagnostic module {45de1ea9-10bc-4f96-9b21-4b6b83dbf476} (%windir%\system32\radardt.dll) started troubleshooting scenario {180b3a99-8c39-4f12-b631-2031998efe45}, instance {6a73c82b-1acd-4a78-9836-2109cefa61c3}, original activity ID {00000000-0000-0000-0000-000000000000}."
"06-08-2026 18:34:34","100","Information","Microsoft-Windows-Diagnosis-DPS","Diagnostic module {45de1ea9-10bc-4f96-9b21-4b6b83dbf476} (%windir%\system32\radardt.dll) detected a problem for scenario {180b3a99-8c39-4f12-b631-2031998efe45}, instance {6a73c82b-1acd-4a78-9836-2109cefa61c3}, original activity ID {00000000-0000-0000-0000-000000000000}."
"06-08-2026 18:29:34","105","Information","Microsoft-Windows-Diagnosis-DPS","Diagnostic module {45de1ea9-10bc-4f96-9b21-4b6b83dbf476} (%windir%\system32\radardt.dll) started troubleshooting scenario {180b3a99-8c39-4f12-b631-2031998efe45}, instance {7dccf163-94a4-44b5-b2ee-7a9f4dbbf979}, original activity ID {00000000-0000-0000-0000-000000000000}."
"06-08-2026 18:29:34","100","Information","Microsoft-Windows-Diagnosis-DPS","Diagnostic module {45de1ea9-10bc-4f96-9b21-4b6b83dbf476} (%windir%\system32\radardt.dll) detected a problem for scenario {180b3a99-8c39-4f12-b631-2031998efe45}, instance {7dccf163-94a4-44b5-b2ee-7a9f4dbbf979}, original activity ID {00000000-0000-0000-0000-000000000000}."
"06-08-2026 18:24:33","105","Information","Microsoft-Windows-Diagnosis-DPS","Diagnostic module {45de1ea9-10bc-4f96-9b21-4b6b83dbf476} (%windir%\system32\radardt.dll) started troubleshooting scenario {180b3a99-8c39-4f12-b631-2031998efe45}, instance {37e47f34-b3e2-490a-a0fb-c9dfe8a0b524}, original activity ID {00000000-0000-0000-0000-000000000000}."
"06-08-2026 18:24:33","100","Information","Microsoft-Windows-Diagnosis-DPS","Diagnostic module {45de1ea9-10bc-4f96-9b21-4b6b83dbf476} (%windir%\system32\radardt.dll) detected a problem for scenario {180b3a99-8c39-4f12-b631-2031998efe45}, instance {37e47f34-b3e2-490a-a0fb-c9dfe8a0b524}, original activity ID {00000000-0000-0000-0000-000000000000}."
"06-08-2026 18:19:33","105","Information","Microsoft-Windows-Diagnosis-DPS","Diagnostic module {45de1ea9-10bc-4f96-9b21-4b6b83dbf476} (%windir%\system32\radardt.dll) started troubleshooting scenario {180b3a99-8c39-4f12-b631-2031998efe45}, instance {919a584c-26ca-48f8-85bc-486fefa5bdad}, original activity ID {00000000-0000-0000-0000-000000000000}."
"06-08-2026 18:19:33","100","Information","Microsoft-Windows-Diagnosis-DPS","Diagnostic module {45de1ea9-10bc-4f96-9b21-4b6b83dbf476} (%windir%\system32\radardt.dll) detected a problem for scenario {180b3a99-8c39-4f12-b631-2031998efe45}, instance {919a584c-26ca-48f8-85bc-486fefa5bdad}, original activity ID {00000000-0000-0000-0000-000000000000}."
"06-08-2026 18:14:33","105","Information","Microsoft-Windows-Diagnosis-DPS","Diagnostic module {45de1ea9-10bc-4f96-9b21-4b6b83dbf476} (%windir%\system32\radardt.dll) started troubleshooting scenario {180b3a99-8c39-4f12-b631-2031998efe45}, instance {7e4b7ad1-dc46-4a24-b899-662c655e14c9}, original activity ID {00000000-0000-0000-0000-000000000000}."
"06-08-2026 18:14:33","100","Information","Microsoft-Windows-Diagnosis-DPS","Diagnostic module {45de1ea9-10bc-4f96-9b21-4b6b83dbf476} (%windir%\system32\radardt.dll) detected a problem for scenario {180b3a99-8c39-4f12-b631-2031998efe45}, instance {7e4b7ad1-dc46-4a24-b899-662c655e14c9}, original activity ID {00000000-0000-0000-0000-000000000000}."
"06-08-2026 18:09:33","105","Information","Microsoft-Windows-Diagnosis-DPS","Diagnostic module {45de1ea9-10bc-4f96-9b21-4b6b83dbf476} (%windir%\system32\radardt.dll) started troubleshooting scenario {180b3a99-8c39-4f12-b631-2031998efe45}, instance {bcda608b-7892-468f-8a29-a18dbce03525}, original activity ID {00000000-0000-0000-0000-000000000000}."
"06-08-2026 18:09:33","100","Information","Microsoft-Windows-Diagnosis-DPS","Diagnostic module {45de1ea9-10bc-4f96-9b21-4b6b83dbf476} (%windir%\system32\radardt.dll) detected a problem for scenario {180b3a99-8c39-4f12-b631-2031998efe45}, instance {bcda608b-7892-468f-8a29-a18dbce03525}, original activity ID {00000000-0000-0000-0000-000000000000}."
"06-08-2026 18:04:33","105","Information","Microsoft-Windows-Diagnosis-DPS","Diagnostic module {45de1ea9-10bc-4f96-9b21-4b6b83dbf476} (%windir%\system32\radardt.dll) started troubleshooting scenario {180b3a99-8c39-4f12-b631-2031998efe45}, instance {4b220b69-3b4b-45b0-8110-35e4585baf29}, original activity ID {00000000-0000-0000-0000-000000000000}."
"06-08-2026 18:04:33","100","Information","Microsoft-Windows-Diagnosis-DPS","Diagnostic module {45de1ea9-10bc-4f96-9b21-4b6b83dbf476} (%windir%\system32\radardt.dll) detected a problem for scenario {180b3a99-8c39-4f12-b631-2031998efe45}, instance {4b220b69-3b4b-45b0-8110-35e4585baf29}, original activity ID {00000000-0000-0000-0000-000000000000}."
