"11-08-2026 10:41:22","5","Information","Microsoft-Windows-Bits-Client","Job cancelled. User: NT AUTHORITY\SYSTEM, job: Microsoft Office Click-to-Run, jobID: {51457319-cae2-4a01-998d-04713502c38e}, owner: NT AUTHORITY\SYSTEM, filecount: 1"
"11-08-2026 10:40:52","16403","Information","Microsoft-Windows-Bits-Client",
"11-08-2026 10:40:52","3","Information","Microsoft-Windows-Bits-Client","The BITS service created a new job.
Transfer job: Microsoft Office Click-to-Run
Job ID: {51457319-cae2-4a01-998d-04713502c38e}
Owner: NT AUTHORITY\SYSTEM
Process Path: C:\Program Files\Common Files\microsoft shared\ClickToRun\OfficeClickToRun.exe
Process ID: 4800"
"11-08-2026 10:26:14","16403","Information","Microsoft-Windows-Bits-Client",
"11-08-2026 10:26:14","3","Information","Microsoft-Windows-Bits-Client","The BITS service created a new job.
Transfer job: Edge Component Updater
Job ID: {5a2c8bbb-a67a-49a4-8794-2b042c3a171a}
Owner: ENTERPRISE\arjo5004
Process Path: C:\Program Files (x86)\Microsoft\Edge\Application\msedge.exe
Process ID: 31816"
"11-08-2026 09:59:04","16403","Information","Microsoft-Windows-Bits-Client",
"11-08-2026 09:59:04","3","Information","Microsoft-Windows-Bits-Client","The BITS service created a new job.
Transfer job: Edge Component Updater
Job ID: {a21ef4a1-da98-4c91-bd0e-cddfb7530749}
Owner: ENTERPRISE\arjo5004
Process Path: C:\Program Files (x86)\Microsoft\Edge\Application\msedge.exe
Process ID: 32052"
"11-08-2026 09:46:37","5","Information","Microsoft-Windows-Bits-Client","Job cancelled. User: ENTERPRISE\arjo5004, job: PreSignInSettingsConfigJSON, jobID: {30b2493b-848b-4d39-95ff-d843e8a8e3dc}, owner: ENTERPRISE\arjo5004, filecount: 1"
"11-08-2026 09:43:37","16403","Information","Microsoft-Windows-Bits-Client",
"11-08-2026 09:43:37","3","Information","Microsoft-Windows-Bits-Client","The BITS service created a new job.
Transfer job: PreSignInSettingsConfigJSON
Job ID: {30b2493b-848b-4d39-95ff-d843e8a8e3dc}
Owner: ENTERPRISE\arjo5004
Process Path: C:\Program Files\Microsoft OneDrive\OneDrive.exe
Process ID: 12528"
"11-08-2026 09:13:44","5","Information","Microsoft-Windows-Bits-Client","Job cancelled. User: NT AUTHORITY\SYSTEM, job: Dell_Asimov.E422669DD99F344CC9E7665BBC190CECFBB49DE2, jobID: {a8726538-bae7-4c42-8ea7-6393005aa08e}, owner: NT AUTHORITY\SYSTEM, filecount: 1"
"11-08-2026 09:13:14","16403","Information","Microsoft-Windows-Bits-Client",
"11-08-2026 09:13:14","3","Information","Microsoft-Windows-Bits-Client","The BITS service created a new job.
Transfer job: Dell_Asimov.E422669DD99F344CC9E7665BBC190CECFBB49DE2
Job ID: {a8726538-bae7-4c42-8ea7-6393005aa08e}
Owner: NT AUTHORITY\SYSTEM
Process Path: C:\Program Files (x86)\Dell\UpdateService\ServiceShell.exe
Process ID: 26356"
"11-08-2026 09:12:41","5","Information","Microsoft-Windows-Bits-Client","Job cancelled. User: NT AUTHORITY\SYSTEM, job: Dell_Asimov.93A0E973920C8E49C27A8FDC8F10A534A5BC78C6, jobID: {ce299590-d0ce-4e2b-97d1-07890a2d3b75}, owner: NT AUTHORITY\SYSTEM, filecount: 1"
"11-08-2026 09:12:11","16403","Information","Microsoft-Windows-Bits-Client",
"11-08-2026 09:12:11","3","Information","Microsoft-Windows-Bits-Client","The BITS service created a new job.
Transfer job: Dell_Asimov.93A0E973920C8E49C27A8FDC8F10A534A5BC78C6
Job ID: {ce299590-d0ce-4e2b-97d1-07890a2d3b75}
Owner: NT AUTHORITY\SYSTEM
Process Path: C:\Program Files (x86)\Dell\UpdateService\ServiceShell.exe
Process ID: 26356"
"11-08-2026 09:12:09","5","Information","Microsoft-Windows-Bits-Client","Job cancelled. User: NT AUTHORITY\SYSTEM, job: Dell_Asimov.61300EBB06DFB7DE924CE829DD1DD2852A14AB06, jobID: {72b71c93-18e2-449d-a9fa-638ddc9d6924}, owner: NT AUTHORITY\SYSTEM, filecount: 1"
"11-08-2026 09:11:39","16403","Information","Microsoft-Windows-Bits-Client",
"11-08-2026 09:11:39","3","Information","Microsoft-Windows-Bits-Client","The BITS service created a new job.
Transfer job: Dell_Asimov.61300EBB06DFB7DE924CE829DD1DD2852A14AB06
Job ID: {72b71c93-18e2-449d-a9fa-638ddc9d6924}
Owner: NT AUTHORITY\SYSTEM
Process Path: C:\Program Files (x86)\Dell\UpdateService\ServiceShell.exe
Process ID: 26356"
"11-08-2026 06:06:14","4","Information","Microsoft-Windows-Bits-Client","The transfer job is complete.
User: NT AUTHORITY\SYSTEM
Transfer job: Dell_Asimov.E422669DD99F344CC9E7665BBC190CECFBB49DE2
Job ID: {05f4e214-950e-4ae4-81b7-cdab78d8bdc3}
Owner: NT AUTHORITY\SYSTEM
File count: 1"
"11-08-2026 06:06:14","60","Information","Microsoft-Windows-Bits-Client","BITS stopped transferring the Dell_Asimov.E422669DD99F344CC9E7665BBC190CECFBB49DE2 transfer job that is associated with the https://dellupdater.dell.com/non_du/ClientService/Catalog/Platform/PrecedenceCatalog.cab URL. The status code is 0x0."
"11-08-2026 06:06:13","59","Information","Microsoft-Windows-Bits-Client","BITS started the Dell_Asimov.E422669DD99F344CC9E7665BBC190CECFBB49DE2 transfer job that is associated with the https://dellupdater.dell.com/non_du/ClientService/Catalog/Platform/PrecedenceCatalog.cab URL."
"11-08-2026 06:06:13","16403","Information","Microsoft-Windows-Bits-Client",
"11-08-2026 06:06:13","3","Information","Microsoft-Windows-Bits-Client","The BITS service created a new job.
Transfer job: Dell_Asimov.E422669DD99F344CC9E7665BBC190CECFBB49DE2
Job ID: {05f4e214-950e-4ae4-81b7-cdab78d8bdc3}
Owner: NT AUTHORITY\SYSTEM
Process Path: C:\Program Files (x86)\Dell\UpdateService\ServiceShell.exe
Process ID: 26356"
"11-08-2026 06:05:28","4","Information","Microsoft-Windows-Bits-Client","The transfer job is complete.
User: NT AUTHORITY\SYSTEM
Transfer job: Dell_Asimov.93A0E973920C8E49C27A8FDC8F10A534A5BC78C6
Job ID: {11ef7863-c2b4-4ec6-b8c1-eaf8e67218aa}
Owner: NT AUTHORITY\SYSTEM
File count: 1"
"11-08-2026 06:05:28","60","Information","Microsoft-Windows-Bits-Client","BITS stopped transferring the Dell_Asimov.93A0E973920C8E49C27A8FDC8F10A534A5BC78C6 transfer job that is associated with the https://downloads.dell.com/FOLDER14874608M/1/Dell_Pro_Laptops_0CE8.cab URL. The status code is 0x0."
"11-08-2026 06:05:28","59","Information","Microsoft-Windows-Bits-Client","BITS started the Dell_Asimov.93A0E973920C8E49C27A8FDC8F10A534A5BC78C6 transfer job that is associated with the https://downloads.dell.com/FOLDER14874608M/1/Dell_Pro_Laptops_0CE8.cab URL."
"11-08-2026 06:05:28","16403","Information","Microsoft-Windows-Bits-Client",
"11-08-2026 06:05:28","3","Information","Microsoft-Windows-Bits-Client","The BITS service created a new job.
Transfer job: Dell_Asimov.93A0E973920C8E49C27A8FDC8F10A534A5BC78C6
Job ID: {11ef7863-c2b4-4ec6-b8c1-eaf8e67218aa}
Owner: NT AUTHORITY\SYSTEM
Process Path: C:\Program Files (x86)\Dell\UpdateService\ServiceShell.exe
Process ID: 26356"
"11-08-2026 06:05:26","4","Information","Microsoft-Windows-Bits-Client","The transfer job is complete.
User: NT AUTHORITY\SYSTEM
Transfer job: Dell_Asimov.61300EBB06DFB7DE924CE829DD1DD2852A14AB06
Job ID: {7e82fc91-ebeb-442b-a3ca-dd0008d1349c}
Owner: NT AUTHORITY\SYSTEM
File count: 1"
"11-08-2026 06:05:26","60","Information","Microsoft-Windows-Bits-Client","BITS stopped transferring the Dell_Asimov.61300EBB06DFB7DE924CE829DD1DD2852A14AB06 transfer job that is associated with the https://downloads.dell.com/catalog/CatalogIndexPC.cab URL. The status code is 0x0."
"11-08-2026 06:05:26","59","Information","Microsoft-Windows-Bits-Client","BITS started the Dell_Asimov.61300EBB06DFB7DE924CE829DD1DD2852A14AB06 transfer job that is associated with the https://downloads.dell.com/catalog/CatalogIndexPC.cab URL."
"11-08-2026 06:05:25","16403","Information","Microsoft-Windows-Bits-Client",
"11-08-2026 06:05:25","3","Information","Microsoft-Windows-Bits-Client","The BITS service created a new job.
Transfer job: Dell_Asimov.61300EBB06DFB7DE924CE829DD1DD2852A14AB06
Job ID: {7e82fc91-ebeb-442b-a3ca-dd0008d1349c}
Owner: NT AUTHORITY\SYSTEM
Process Path: C:\Program Files (x86)\Dell\UpdateService\ServiceShell.exe
Process ID: 26356"
"10-08-2026 16:56:04","4","Information","Microsoft-Windows-Bits-Client","The transfer job is complete.
User: NT AUTHORITY\SYSTEM
Transfer job: Dell_Asimov.E422669DD99F344CC9E7665BBC190CECFBB49DE2
Job ID: {d6d265c7-8d83-4a07-9352-1b5a67e84082}
Owner: NT AUTHORITY\SYSTEM
File count: 1"
"10-08-2026 16:56:04","60","Information","Microsoft-Windows-Bits-Client","BITS stopped transferring the Dell_Asimov.E422669DD99F344CC9E7665BBC190CECFBB49DE2 transfer job that is associated with the https://dellupdater.dell.com/non_du/ClientService/Catalog/Platform/PrecedenceCatalog.cab URL. The status code is 0x0."
"10-08-2026 16:56:03","59","Information","Microsoft-Windows-Bits-Client","BITS started the Dell_Asimov.E422669DD99F344CC9E7665BBC190CECFBB49DE2 transfer job that is associated with the https://dellupdater.dell.com/non_du/ClientService/Catalog/Platform/PrecedenceCatalog.cab URL."
"10-08-2026 16:56:03","16403","Information","Microsoft-Windows-Bits-Client",
"10-08-2026 16:56:03","3","Information","Microsoft-Windows-Bits-Client","The BITS service created a new job.
Transfer job: Dell_Asimov.E422669DD99F344CC9E7665BBC190CECFBB49DE2
Job ID: {d6d265c7-8d83-4a07-9352-1b5a67e84082}
Owner: NT AUTHORITY\SYSTEM
Process Path: C:\Program Files (x86)\Dell\UpdateService\ServiceShell.exe
Process ID: 26356"
"10-08-2026 16:55:26","4","Information","Microsoft-Windows-Bits-Client","The transfer job is complete.
User: NT AUTHORITY\SYSTEM
Transfer job: Dell_Asimov.93A0E973920C8E49C27A8FDC8F10A534A5BC78C6
Job ID: {38bbc578-cc8e-4aba-a46f-5e7791919f74}
Owner: NT AUTHORITY\SYSTEM
File count: 1"
"10-08-2026 16:55:26","60","Information","Microsoft-Windows-Bits-Client","BITS stopped transferring the Dell_Asimov.93A0E973920C8E49C27A8FDC8F10A534A5BC78C6 transfer job that is associated with the https://downloads.dell.com/FOLDER14874608M/1/Dell_Pro_Laptops_0CE8.cab URL. The status code is 0x0."
"10-08-2026 16:55:26","59","Information","Microsoft-Windows-Bits-Client","BITS started the Dell_Asimov.93A0E973920C8E49C27A8FDC8F10A534A5BC78C6 transfer job that is associated with the https://downloads.dell.com/FOLDER14874608M/1/Dell_Pro_Laptops_0CE8.cab URL."
"10-08-2026 16:55:26","16403","Information","Microsoft-Windows-Bits-Client",
"10-08-2026 16:55:26","3","Information","Microsoft-Windows-Bits-Client","The BITS service created a new job.
Transfer job: Dell_Asimov.93A0E973920C8E49C27A8FDC8F10A534A5BC78C6
Job ID: {38bbc578-cc8e-4aba-a46f-5e7791919f74}
Owner: NT AUTHORITY\SYSTEM
Process Path: C:\Program Files (x86)\Dell\UpdateService\ServiceShell.exe
Process ID: 26356"
"10-08-2026 16:55:24","4","Information","Microsoft-Windows-Bits-Client","The transfer job is complete.
User: NT AUTHORITY\SYSTEM
Transfer job: Dell_Asimov.61300EBB06DFB7DE924CE829DD1DD2852A14AB06
Job ID: {c3a594bd-0d8d-4740-9a66-8b177f2f9219}
Owner: NT AUTHORITY\SYSTEM
File count: 1"
"10-08-2026 16:55:24","60","Information","Microsoft-Windows-Bits-Client","BITS stopped transferring the Dell_Asimov.61300EBB06DFB7DE924CE829DD1DD2852A14AB06 transfer job that is associated with the https://downloads.dell.com/catalog/CatalogIndexPC.cab URL. The status code is 0x0."
"10-08-2026 16:55:24","59","Information","Microsoft-Windows-Bits-Client","BITS started the Dell_Asimov.61300EBB06DFB7DE924CE829DD1DD2852A14AB06 transfer job that is associated with the https://downloads.dell.com/catalog/CatalogIndexPC.cab URL."
"10-08-2026 16:55:23","16403","Information","Microsoft-Windows-Bits-Client",
"10-08-2026 16:55:23","3","Information","Microsoft-Windows-Bits-Client","The BITS service created a new job.
Transfer job: Dell_Asimov.61300EBB06DFB7DE924CE829DD1DD2852A14AB06
Job ID: {c3a594bd-0d8d-4740-9a66-8b177f2f9219}
Owner: NT AUTHORITY\SYSTEM
Process Path: C:\Program Files (x86)\Dell\UpdateService\ServiceShell.exe
Process ID: 26356"
"10-08-2026 15:53:43","4","Information","Microsoft-Windows-Bits-Client","The transfer job is complete.
User: NT AUTHORITY\SYSTEM
Transfer job: Dell_Asimov.E422669DD99F344CC9E7665BBC190CECFBB49DE2
Job ID: {3b649d2f-12ad-44a6-9fa5-a420d969ac36}
Owner: NT AUTHORITY\SYSTEM
File count: 1"
"10-08-2026 15:53:43","60","Information","Microsoft-Windows-Bits-Client","BITS stopped transferring the Dell_Asimov.E422669DD99F344CC9E7665BBC190CECFBB49DE2 transfer job that is associated with the https://dellupdater.dell.com/non_du/ClientService/Catalog/Platform/PrecedenceCatalog.cab URL. The status code is 0x0."
"10-08-2026 15:53:43","59","Information","Microsoft-Windows-Bits-Client","BITS started the Dell_Asimov.E422669DD99F344CC9E7665BBC190CECFBB49DE2 transfer job that is associated with the https://dellupdater.dell.com/non_du/ClientService/Catalog/Platform/PrecedenceCatalog.cab URL."
"10-08-2026 15:53:42","16403","Information","Microsoft-Windows-Bits-Client",
"10-08-2026 15:53:42","3","Information","Microsoft-Windows-Bits-Client","The BITS service created a new job.
Transfer job: Dell_Asimov.E422669DD99F344CC9E7665BBC190CECFBB49DE2
Job ID: {3b649d2f-12ad-44a6-9fa5-a420d969ac36}
Owner: NT AUTHORITY\SYSTEM
Process Path: C:\Program Files (x86)\Dell\UpdateService\ServiceShell.exe
Process ID: 26356"
"10-08-2026 15:53:06","4","Information","Microsoft-Windows-Bits-Client","The transfer job is complete.
User: NT AUTHORITY\SYSTEM
Transfer job: Dell_Asimov.93A0E973920C8E49C27A8FDC8F10A534A5BC78C6
Job ID: {6a3531cd-414f-4151-937b-9c89ebd68b8c}
Owner: NT AUTHORITY\SYSTEM
File count: 1"
"10-08-2026 15:53:06","60","Information","Microsoft-Windows-Bits-Client","BITS stopped transferring the Dell_Asimov.93A0E973920C8E49C27A8FDC8F10A534A5BC78C6 transfer job that is associated with the https://downloads.dell.com/FOLDER14874608M/1/Dell_Pro_Laptops_0CE8.cab URL. The status code is 0x0."
"10-08-2026 15:53:06","59","Information","Microsoft-Windows-Bits-Client","BITS started the Dell_Asimov.93A0E973920C8E49C27A8FDC8F10A534A5BC78C6 transfer job that is associated with the https://downloads.dell.com/FOLDER14874608M/1/Dell_Pro_Laptops_0CE8.cab URL."
"10-08-2026 15:53:05","16403","Information","Microsoft-Windows-Bits-Client",
"10-08-2026 15:53:05","3","Information","Microsoft-Windows-Bits-Client","The BITS service created a new job.
Transfer job: Dell_Asimov.93A0E973920C8E49C27A8FDC8F10A534A5BC78C6
Job ID: {6a3531cd-414f-4151-937b-9c89ebd68b8c}
Owner: NT AUTHORITY\SYSTEM
Process Path: C:\Program Files (x86)\Dell\UpdateService\ServiceShell.exe
Process ID: 26356"
"10-08-2026 15:53:03","4","Information","Microsoft-Windows-Bits-Client","The transfer job is complete.
User: NT AUTHORITY\SYSTEM
Transfer job: Dell_Asimov.61300EBB06DFB7DE924CE829DD1DD2852A14AB06
Job ID: {c7d9ab6d-c729-4aad-883d-d4c57b0edea3}
Owner: NT AUTHORITY\SYSTEM
File count: 1"
"10-08-2026 15:53:03","60","Information","Microsoft-Windows-Bits-Client","BITS stopped transferring the Dell_Asimov.61300EBB06DFB7DE924CE829DD1DD2852A14AB06 transfer job that is associated with the https://downloads.dell.com/catalog/CatalogIndexPC.cab URL. The status code is 0x0."
"10-08-2026 15:53:03","59","Information","Microsoft-Windows-Bits-Client","BITS started the Dell_Asimov.61300EBB06DFB7DE924CE829DD1DD2852A14AB06 transfer job that is associated with the https://downloads.dell.com/catalog/CatalogIndexPC.cab URL."
"10-08-2026 15:53:03","310","Warning","Microsoft-Windows-Bits-Client","The initialization of the peer helper modules failed with the following error:  0x80070032."
"10-08-2026 15:53:03","16403","Information","Microsoft-Windows-Bits-Client",
"10-08-2026 15:53:03","3","Information","Microsoft-Windows-Bits-Client","The BITS service created a new job.
Transfer job: Dell_Asimov.61300EBB06DFB7DE924CE829DD1DD2852A14AB06
Job ID: {c7d9ab6d-c729-4aad-883d-d4c57b0edea3}
Owner: NT AUTHORITY\SYSTEM
Process Path: C:\Program Files (x86)\Dell\UpdateService\ServiceShell.exe
Process ID: 26356"
"10-08-2026 15:52:58","306","Verbose","Microsoft-Windows-Bits-Client","The BITS service loaded the job list from disk."
"10-08-2026 14:03:12","306","Verbose","Microsoft-Windows-Bits-Client","The BITS service loaded the job list from disk."
"10-08-2026 12:05:39","4","Information","Microsoft-Windows-Bits-Client","The transfer job is complete.
User: ENTERPRISE\arjo5004
Transfer job: PreSignInSettingsConfigJSON
Job ID: {7f82320a-f5f1-4015-8e61-55a48a4fe3f6}
Owner: ENTERPRISE\arjo5004
File count: 1"
"10-08-2026 12:05:39","60","Information","Microsoft-Windows-Bits-Client","BITS stopped transferring the PreSignInSettingsConfigJSON transfer job that is associated with the https://g.live.com/odclientsettings/ProdV2 URL. The status code is 0x0."
"10-08-2026 12:05:39","59","Information","Microsoft-Windows-Bits-Client","BITS started the PreSignInSettingsConfigJSON transfer job that is associated with the https://g.live.com/odclientsettings/ProdV2 URL."
"10-08-2026 12:05:39","310","Warning","Microsoft-Windows-Bits-Client","The initialization of the peer helper modules failed with the following error:  0x80070032."
"10-08-2026 12:05:38","16403","Information","Microsoft-Windows-Bits-Client",
"10-08-2026 12:05:38","3","Information","Microsoft-Windows-Bits-Client","The BITS service created a new job.
Transfer job: PreSignInSettingsConfigJSON
Job ID: {7f82320a-f5f1-4015-8e61-55a48a4fe3f6}
Owner: ENTERPRISE\arjo5004
Process Path: C:\Program Files\Microsoft OneDrive\OneDriveStandaloneUpdater.exe
Process ID: 13216"
"10-08-2026 12:05:34","306","Verbose","Microsoft-Windows-Bits-Client","The BITS service loaded the job list from disk."
"10-08-2026 11:05:47","4","Information","Microsoft-Windows-Bits-Client","The transfer job is complete.
User: ENTERPRISE\arjo5004
Transfer job: NucleusUpdateRingConfigJSON
Job ID: {be0f9cf2-7834-4087-9506-dc8a4e51b95f}
Owner: ENTERPRISE\arjo5004
File count: 1"
"10-08-2026 11:05:47","60","Information","Microsoft-Windows-Bits-Client","BITS stopped transferring the NucleusUpdateRingConfigJSON transfer job that is associated with the https://g.live.com/odclientsettings/ProdV2?OneDriveUpdate=5b64a0cd769b81ab594aa86f8df0 URL. The status code is 0x0."
"10-08-2026 11:05:46","59","Information","Microsoft-Windows-Bits-Client","BITS started the NucleusUpdateRingConfigJSON transfer job that is associated with the https://g.live.com/odclientsettings/ProdV2?OneDriveUpdate=5b64a0cd769b81ab594aa86f8df0 URL."
"10-08-2026 11:05:45","16403","Information","Microsoft-Windows-Bits-Client",
"10-08-2026 11:05:45","3","Information","Microsoft-Windows-Bits-Client","The BITS service created a new job.
Transfer job: NucleusUpdateRingConfigJSON
Job ID: {be0f9cf2-7834-4087-9506-dc8a4e51b95f}
Owner: ENTERPRISE\arjo5004
Process Path: C:\Program Files\Microsoft OneDrive\26.134.0713.0007\OneDrive.Sync.Service.exe
Process ID: 19108"
"10-08-2026 11:05:41","4","Information","Microsoft-Windows-Bits-Client","The transfer job is complete.
User: ENTERPRISE\arjo5004
Transfer job: UpdateXml
Job ID: {903a8660-f857-404a-8bd4-54efc5b750e8}
Owner: ENTERPRISE\arjo5004
File count: 1"
"10-08-2026 11:05:41","60","Information","Microsoft-Windows-Bits-Client","BITS stopped transferring the UpdateXml transfer job that is associated with the https://g.live.com/1rewlive5skydrive/OneDriveProductionV2?OneDriveUpdate=85f7ea43913693e86583db3f585a URL. The status code is 0x0."
"10-08-2026 11:05:40","59","Information","Microsoft-Windows-Bits-Client","BITS started the UpdateXml transfer job that is associated with the https://g.live.com/1rewlive5skydrive/OneDriveProductionV2?OneDriveUpdate=85f7ea43913693e86583db3f585a URL."
"10-08-2026 11:05:38","16403","Information","Microsoft-Windows-Bits-Client",
"10-08-2026 11:05:38","3","Information","Microsoft-Windows-Bits-Client","The BITS service created a new job.
Transfer job: UpdateXml
Job ID: {903a8660-f857-404a-8bd4-54efc5b750e8}
Owner: ENTERPRISE\arjo5004
Process Path: C:\Program Files\Microsoft OneDrive\OneDrive.exe
Process ID: 12528"
"10-08-2026 11:05:07","4","Information","Microsoft-Windows-Bits-Client","The transfer job is complete.
User: NT AUTHORITY\SYSTEM
Transfer job: PreSignInSettingsConfigJSON
Job ID: {a6977dc0-cd69-4b97-92d5-4e6589cbf649}
Owner: NT AUTHORITY\SYSTEM
File count: 1"
"10-08-2026 11:05:07","60","Information","Microsoft-Windows-Bits-Client","BITS stopped transferring the PreSignInSettingsConfigJSON transfer job that is associated with the https://g.live.com/odclientsettings/ProdV2 URL. The status code is 0x0."
"10-08-2026 11:05:07","59","Information","Microsoft-Windows-Bits-Client","BITS started the PreSignInSettingsConfigJSON transfer job that is associated with the https://g.live.com/odclientsettings/ProdV2 URL."
"10-08-2026 11:05:06","16403","Information","Microsoft-Windows-Bits-Client",
"10-08-2026 11:05:06","3","Information","Microsoft-Windows-Bits-Client","The BITS service created a new job.
Transfer job: PreSignInSettingsConfigJSON
Job ID: {a6977dc0-cd69-4b97-92d5-4e6589cbf649}
Owner: NT AUTHORITY\SYSTEM
Process Path: C:\Program Files\Microsoft OneDrive\Update\OneDriveSetup.exe
Process ID: 14020"
"10-08-2026 11:05:01","4","Information","Microsoft-Windows-Bits-Client","The transfer job is complete.
User: NT AUTHORITY\SYSTEM
Transfer job: UpdateBinary
Job ID: {89cde346-66d0-403e-a901-b1a42ccb1aa0}
Owner: NT AUTHORITY\SYSTEM
File count: 1"
"10-08-2026 11:05:01","60","Information","Microsoft-Windows-Bits-Client","BITS stopped transferring the UpdateBinary transfer job that is associated with the https://oneclient.sfx.ms/Win/Installers/26.134.0713.0007/amd64/OneDriveSetup.exe URL. The status code is 0x0."
"10-08-2026 11:04:44","59","Information","Microsoft-Windows-Bits-Client","BITS started the UpdateBinary transfer job that is associated with the https://oneclient.sfx.ms/Win/Installers/26.134.0713.0007/amd64/OneDriveSetup.exe URL."
"10-08-2026 11:04:44","16403","Information","Microsoft-Windows-Bits-Client",
"10-08-2026 11:04:43","3","Information","Microsoft-Windows-Bits-Client","The BITS service created a new job.
Transfer job: UpdateBinary
Job ID: {89cde346-66d0-403e-a901-b1a42ccb1aa0}
Owner: NT AUTHORITY\SYSTEM
Process Path: C:\Program Files\Microsoft OneDrive\26.134.0713.0004\OneDriveUpdaterService.exe
Process ID: 21872"
"10-08-2026 11:04:43","4","Information","Microsoft-Windows-Bits-Client","The transfer job is complete.
User: NT AUTHORITY\SYSTEM
Transfer job: UpdateXml
Job ID: {1b23cb5e-9bbf-42b5-b008-fd01ebe33cdc}
Owner: NT AUTHORITY\SYSTEM
File count: 1"
"10-08-2026 11:04:43","60","Information","Microsoft-Windows-Bits-Client","BITS stopped transferring the UpdateXml transfer job that is associated with the https://g.live.com/1rewlive5skydrive/OneDriveProductionV2?OneDriveUpdate=ef666e797631b2d164a55eaea33 URL. The status code is 0x0."
"10-08-2026 11:04:43","59","Information","Microsoft-Windows-Bits-Client","BITS started the UpdateXml transfer job that is associated with the https://g.live.com/1rewlive5skydrive/OneDriveProductionV2?OneDriveUpdate=ef666e797631b2d164a55eaea33 URL."
"10-08-2026 11:04:43","16403","Information","Microsoft-Windows-Bits-Client",
"10-08-2026 11:04:43","3","Information","Microsoft-Windows-Bits-Client","The BITS service created a new job.
Transfer job: UpdateXml
Job ID: {1b23cb5e-9bbf-42b5-b008-fd01ebe33cdc}
Owner: NT AUTHORITY\SYSTEM
Process Path: C:\Program Files\Microsoft OneDrive\26.134.0713.0004\OneDriveUpdaterService.exe
Process ID: 21872"
"10-08-2026 11:04:42","4","Information","Microsoft-Windows-Bits-Client","The transfer job is complete.
User: NT AUTHORITY\SYSTEM
Transfer job: PreSignInSettingsConfigJSON
Job ID: {a235825e-8532-404d-b26c-c8d448ad0387}
Owner: NT AUTHORITY\SYSTEM
File count: 1"
"10-08-2026 11:04:42","60","Information","Microsoft-Windows-Bits-Client","BITS stopped transferring the PreSignInSettingsConfigJSON transfer job that is associated with the https://g.live.com/odclientsettings/ProdV2 URL. The status code is 0x0."
"10-08-2026 11:04:42","59","Information","Microsoft-Windows-Bits-Client","BITS started the PreSignInSettingsConfigJSON transfer job that is associated with the https://g.live.com/odclientsettings/ProdV2 URL."
"10-08-2026 11:04:42","310","Warning","Microsoft-Windows-Bits-Client","The initialization of the peer helper modules failed with the following error:  0x80070032."
"10-08-2026 11:04:42","16403","Information","Microsoft-Windows-Bits-Client",
"10-08-2026 11:04:42","3","Information","Microsoft-Windows-Bits-Client","The BITS service created a new job.
Transfer job: PreSignInSettingsConfigJSON
Job ID: {a235825e-8532-404d-b26c-c8d448ad0387}
Owner: NT AUTHORITY\SYSTEM
Process Path: C:\Program Files\Microsoft OneDrive\26.134.0713.0004\OneDriveUpdaterService.exe
Process ID: 21872"
"10-08-2026 11:04:37","306","Verbose","Microsoft-Windows-Bits-Client","The BITS service loaded the job list from disk."
"10-08-2026 10:58:18","306","Verbose","Microsoft-Windows-Bits-Client","The BITS service loaded the job list from disk."
"10-08-2026 09:59:18","4","Information","Microsoft-Windows-Bits-Client","The transfer job is complete.
User: NT AUTHORITY\LOCAL SERVICE
Transfer job: Font Download
Job ID: {777bc4fe-9fba-4c9e-8642-84c134052cc7}
Owner: NT AUTHORITY\LOCAL SERVICE
File count: 1"
"10-08-2026 09:59:18","60","Information","Microsoft-Windows-Bits-Client","BITS stopped transferring the Font Download transfer job that is associated with the https://fs.microsoft.com/fs/windows/config.json URL. The status code is 0x0."
"10-08-2026 09:59:18","59","Information","Microsoft-Windows-Bits-Client","BITS started the Font Download transfer job that is associated with the https://fs.microsoft.com/fs/windows/config.json URL."
"10-08-2026 09:59:18","310","Warning","Microsoft-Windows-Bits-Client","The initialization of the peer helper modules failed with the following error:  0x80070032."
"10-08-2026 09:59:18","16403","Information","Microsoft-Windows-Bits-Client",
"10-08-2026 09:59:18","209","Information","Microsoft-Windows-Bits-Client","High performance property for BITS job ""Font Download"" with ID ""{777bc4fe-9fba-4c9e-8642-84c134052cc7}"" Enabled."
"10-08-2026 09:59:18","3","Information","Microsoft-Windows-Bits-Client","The BITS service created a new job.
Transfer job: Font Download
Job ID: {777bc4fe-9fba-4c9e-8642-84c134052cc7}
Owner: NT AUTHORITY\LOCAL SERVICE
Process Path: C:\Windows\System32\svchost.exe
Process ID: 3980"
"10-08-2026 09:59:14","306","Verbose","Microsoft-Windows-Bits-Client","The BITS service loaded the job list from disk."
"10-08-2026 09:50:50","4","Information","Microsoft-Windows-Bits-Client","The transfer job is complete.
User: ENTERPRISE\arjo5004
Transfer job: Microsoft Outlook Offline Address Book f6f4885c16aaa24380920210d426fdcc
Job ID: {a7a7b059-3080-435a-86fa-2e1fe4216f82}
Owner: ENTERPRISE\arjo5004
File count: 5"
"10-08-2026 09:50:50","60","Information","Microsoft-Windows-Bits-Client","BITS stopped transferring the Microsoft Outlook Offline Address Book f6f4885c16aaa24380920210d426fdcc transfer job that is associated with the https://outlook.office365.com/OWS/BETA/OAB/a9053b48-6105-4f36-b0f9-85fa6e19d837/ad404fb7-55ce-4457-96ad-a4d6639a1303-binpatch-6810.lzx URL. The status code is 0x0."
"10-08-2026 09:50:49","59","Information","Microsoft-Windows-Bits-Client","BITS started the Microsoft Outlook Offline Address Book f6f4885c16aaa24380920210d426fdcc transfer job that is associated with the https://outlook.office365.com/OWS/BETA/OAB/a9053b48-6105-4f36-b0f9-85fa6e19d837/ad404fb7-55ce-4457-96ad-a4d6639a1303-binpatch-6810.lzx URL."
"10-08-2026 09:50:49","60","Information","Microsoft-Windows-Bits-Client","BITS stopped transferring the Microsoft Outlook Offline Address Book f6f4885c16aaa24380920210d426fdcc transfer job that is associated with the https://outlook.office365.com/OWS/BETA/OAB/a9053b48-6105-4f36-b0f9-85fa6e19d837/ad404fb7-55ce-4457-96ad-a4d6639a1303-binpatch-6809.lzx URL. The status code is 0x0."
"10-08-2026 09:50:49","59","Information","Microsoft-Windows-Bits-Client","BITS started the Microsoft Outlook Offline Address Book f6f4885c16aaa24380920210d426fdcc transfer job that is associated with the https://outlook.office365.com/OWS/BETA/OAB/a9053b48-6105-4f36-b0f9-85fa6e19d837/ad404fb7-55ce-4457-96ad-a4d6639a1303-binpatch-6809.lzx URL."
"10-08-2026 09:50:49","60","Information","Microsoft-Windows-Bits-Client","BITS stopped transferring the Microsoft Outlook Offline Address Book f6f4885c16aaa24380920210d426fdcc transfer job that is associated with the https://outlook.office365.com/OWS/BETA/OAB/a9053b48-6105-4f36-b0f9-85fa6e19d837/ad404fb7-55ce-4457-96ad-a4d6639a1303-binpatch-6808.lzx URL. The status code is 0x0."
"10-08-2026 09:50:48","59","Information","Microsoft-Windows-Bits-Client","BITS started the Microsoft Outlook Offline Address Book f6f4885c16aaa24380920210d426fdcc transfer job that is associated with the https://outlook.office365.com/OWS/BETA/OAB/a9053b48-6105-4f36-b0f9-85fa6e19d837/ad404fb7-55ce-4457-96ad-a4d6639a1303-binpatch-6808.lzx URL."
"10-08-2026 09:50:48","60","Information","Microsoft-Windows-Bits-Client","BITS stopped transferring the Microsoft Outlook Offline Address Book f6f4885c16aaa24380920210d426fdcc transfer job that is associated with the https://outlook.office365.com/OWS/BETA/OAB/a9053b48-6105-4f36-b0f9-85fa6e19d837/ad404fb7-55ce-4457-96ad-a4d6639a1303-binpatch-6807.lzx URL. The status code is 0x0."
"10-08-2026 09:50:48","59","Information","Microsoft-Windows-Bits-Client","BITS started the Microsoft Outlook Offline Address Book f6f4885c16aaa24380920210d426fdcc transfer job that is associated with the https://outlook.office365.com/OWS/BETA/OAB/a9053b48-6105-4f36-b0f9-85fa6e19d837/ad404fb7-55ce-4457-96ad-a4d6639a1303-binpatch-6807.lzx URL."
"10-08-2026 09:50:48","60","Information","Microsoft-Windows-Bits-Client","BITS stopped transferring the Microsoft Outlook Offline Address Book f6f4885c16aaa24380920210d426fdcc transfer job that is associated with the https://outlook.office365.com/OWS/BETA/OAB/a9053b48-6105-4f36-b0f9-85fa6e19d837/ad404fb7-55ce-4457-96ad-a4d6639a1303-binpatch-6806.lzx URL. The status code is 0x0."
"10-08-2026 09:50:47","59","Information","Microsoft-Windows-Bits-Client","BITS started the Microsoft Outlook Offline Address Book f6f4885c16aaa24380920210d426fdcc transfer job that is associated with the https://outlook.office365.com/OWS/BETA/OAB/a9053b48-6105-4f36-b0f9-85fa6e19d837/ad404fb7-55ce-4457-96ad-a4d6639a1303-binpatch-6806.lzx URL."
"10-08-2026 09:50:44","61","Warning","Microsoft-Windows-Bits-Client","BITS stopped transferring the Microsoft Outlook Offline Address Book f6f4885c16aaa24380920210d426fdcc transfer job that is associated with the https://outlook.office365.com/OWS/BETA/OAB/a9053b48-6105-4f36-b0f9-85fa6e19d837/ad404fb7-55ce-4457-96ad-a4d6639a1303-binpatch-6806.lzx URL. The status code is 0x80190191."
"10-08-2026 09:50:44","204","Error","Microsoft-Windows-Bits-Client","The BITS service provided job credentials in response to the UNIDENTIFIED authentication challenge from the outlook.office365.com server for the Microsoft Outlook Offline Address Book f6f4885c16aaa24380920210d426fdcc transfer job that is associated with the following URL: /OWS/BETA/OAB/a9053b48-6105-4f36-b0f9-85fa6e19d837/ad404fb7-55ce-4457-96ad-a4d6639a1303-binpatch-6806.lzx.
 The credentials for the S-1-12-1-2357405129-1281513531-255772574-1816207334 user were rejected."
"10-08-2026 09:50:44","16403","Information","Microsoft-Windows-Bits-Client",
"10-08-2026 09:50:44","16403","Information","Microsoft-Windows-Bits-Client",
"10-08-2026 09:50:44","16403","Information","Microsoft-Windows-Bits-Client",
"10-08-2026 09:50:44","16403","Information","Microsoft-Windows-Bits-Client",
"10-08-2026 09:50:44","16403","Information","Microsoft-Windows-Bits-Client",
"10-08-2026 09:50:44","3","Information","Microsoft-Windows-Bits-Client","The BITS service created a new job.
Transfer job: Microsoft Outlook Offline Address Book f6f4885c16aaa24380920210d426fdcc
Job ID: {a7a7b059-3080-435a-86fa-2e1fe4216f82}
Owner: ENTERPRISE\arjo5004
Process Path: C:\Program Files\Microsoft Office\root\Office16\OUTLOOK.EXE
Process ID: 17004"
"10-08-2026 09:50:40","4","Information","Microsoft-Windows-Bits-Client","The transfer job is complete.
User: ENTERPRISE\arjo5004
Transfer job: Microsoft Outlook Offline Address Book f6f4885c16aaa24380920210d426fdcc
Job ID: {73f11ded-51b4-4e78-a62f-ee0e677ca203}
Owner: ENTERPRISE\arjo5004
File count: 1"
"10-08-2026 09:50:38","60","Information","Microsoft-Windows-Bits-Client","BITS stopped transferring the Microsoft Outlook Offline Address Book f6f4885c16aaa24380920210d426fdcc transfer job that is associated with the https://outlook.office365.com/OWS/BETA/OAB/a9053b48-6105-4f36-b0f9-85fa6e19d837/Templates/lng0409-1.lzx URL. The status code is 0x0."
"10-08-2026 09:50:38","59","Information","Microsoft-Windows-Bits-Client","BITS started the Microsoft Outlook Offline Address Book f6f4885c16aaa24380920210d426fdcc transfer job that is associated with the https://outlook.office365.com/OWS/BETA/OAB/a9053b48-6105-4f36-b0f9-85fa6e19d837/Templates/lng0409-1.lzx URL."
"10-08-2026 09:50:36","61","Warning","Microsoft-Windows-Bits-Client","BITS stopped transferring the Microsoft Outlook Offline Address Book f6f4885c16aaa24380920210d426fdcc transfer job that is associated with the https://outlook.office365.com/OWS/BETA/OAB/a9053b48-6105-4f36-b0f9-85fa6e19d837/Templates/lng0409-1.lzx URL. The status code is 0x80190191."
"10-08-2026 09:50:36","204","Error","Microsoft-Windows-Bits-Client","The BITS service provided job credentials in response to the UNIDENTIFIED authentication challenge from the outlook.office365.com server for the Microsoft Outlook Offline Address Book f6f4885c16aaa24380920210d426fdcc transfer job that is associated with the following URL: /OWS/BETA/OAB/a9053b48-6105-4f36-b0f9-85fa6e19d837/Templates/lng0409-1.lzx.
 The credentials for the S-1-12-1-2357405129-1281513531-255772574-1816207334 user were rejected."
"10-08-2026 09:50:36","16403","Information","Microsoft-Windows-Bits-Client",
"10-08-2026 09:50:36","3","Information","Microsoft-Windows-Bits-Client","The BITS service created a new job.
Transfer job: Microsoft Outlook Offline Address Book f6f4885c16aaa24380920210d426fdcc
Job ID: {73f11ded-51b4-4e78-a62f-ee0e677ca203}
Owner: ENTERPRISE\arjo5004
Process Path: C:\Program Files\Microsoft Office\root\Office16\OUTLOOK.EXE
Process ID: 17004"
"10-08-2026 09:50:34","4","Information","Microsoft-Windows-Bits-Client","The transfer job is complete.
User: ENTERPRISE\arjo5004
Transfer job: Microsoft Outlook Offline Address Book f6f4885c16aaa24380920210d426fdcc
Job ID: {a45d22d7-d81d-4ad0-a3a6-537513d30b9b}
Owner: ENTERPRISE\arjo5004
File count: 1"
"10-08-2026 09:50:34","60","Information","Microsoft-Windows-Bits-Client","BITS stopped transferring the Microsoft Outlook Offline Address Book f6f4885c16aaa24380920210d426fdcc transfer job that is associated with the https://outlook.office365.com/OWS/BETA/OAB/a9053b48-6105-4f36-b0f9-85fa6e19d837/oab.xml URL. The status code is 0x0."
"10-08-2026 09:50:33","59","Information","Microsoft-Windows-Bits-Client","BITS started the Microsoft Outlook Offline Address Book f6f4885c16aaa24380920210d426fdcc transfer job that is associated with the https://outlook.office365.com/OWS/BETA/OAB/a9053b48-6105-4f36-b0f9-85fa6e19d837/oab.xml URL."
"10-08-2026 09:50:30","61","Warning","Microsoft-Windows-Bits-Client","BITS stopped transferring the Microsoft Outlook Offline Address Book f6f4885c16aaa24380920210d426fdcc transfer job that is associated with the https://outlook.office365.com/OWS/BETA/OAB/a9053b48-6105-4f36-b0f9-85fa6e19d837/oab.xml URL. The status code is 0x80190191."
"10-08-2026 09:50:30","204","Error","Microsoft-Windows-Bits-Client","The BITS service provided job credentials in response to the UNIDENTIFIED authentication challenge from the outlook.office365.com server for the Microsoft Outlook Offline Address Book f6f4885c16aaa24380920210d426fdcc transfer job that is associated with the following URL: /OWS/BETA/OAB/a9053b48-6105-4f36-b0f9-85fa6e19d837/oab.xml.
 The credentials for the S-1-12-1-2357405129-1281513531-255772574-1816207334 user were rejected."
"10-08-2026 09:50:30","16403","Information","Microsoft-Windows-Bits-Client",
"10-08-2026 09:50:30","3","Information","Microsoft-Windows-Bits-Client","The BITS service created a new job.
Transfer job: Microsoft Outlook Offline Address Book f6f4885c16aaa24380920210d426fdcc
Job ID: {a45d22d7-d81d-4ad0-a3a6-537513d30b9b}
Owner: ENTERPRISE\arjo5004
Process Path: C:\Program Files\Microsoft Office\root\Office16\OUTLOOK.EXE
Process ID: 17004"
"10-08-2026 09:49:33","4","Information","Microsoft-Windows-Bits-Client","The transfer job is complete.
User: ENTERPRISE\arjo5004
Transfer job: Microsoft Outlook Offline Address Book f6f4885c16aaa24380920210d426fdcc
Job ID: {9194ea2e-1c29-4295-8514-8efe073adfb5}
Owner: ENTERPRISE\arjo5004
File count: 1"
"10-08-2026 09:49:32","60","Information","Microsoft-Windows-Bits-Client","BITS stopped transferring the Microsoft Outlook Offline Address Book f6f4885c16aaa24380920210d426fdcc transfer job that is associated with the https://outlook.office365.com/OWS/BETA/OAB/a9053b48-6105-4f36-b0f9-85fa6e19d837/oab.xml URL. The status code is 0x0."
"10-08-2026 09:48:55","59","Information","Microsoft-Windows-Bits-Client","BITS started the Microsoft Outlook Offline Address Book f6f4885c16aaa24380920210d426fdcc transfer job that is associated with the https://outlook.office365.com/OWS/BETA/OAB/a9053b48-6105-4f36-b0f9-85fa6e19d837/oab.xml URL."
"10-08-2026 09:48:55","310","Warning","Microsoft-Windows-Bits-Client","The initialization of the peer helper modules failed with the following error:  0x80070032."
"10-08-2026 09:48:51","61","Warning","Microsoft-Windows-Bits-Client","BITS stopped transferring the Microsoft Outlook Offline Address Book f6f4885c16aaa24380920210d426fdcc transfer job that is associated with the https://outlook.office365.com/OWS/BETA/OAB/a9053b48-6105-4f36-b0f9-85fa6e19d837/oab.xml URL. The status code is 0x80190191."
"10-08-2026 09:48:51","204","Error","Microsoft-Windows-Bits-Client","The BITS service provided job credentials in response to the UNIDENTIFIED authentication challenge from the outlook.office365.com server for the Microsoft Outlook Offline Address Book f6f4885c16aaa24380920210d426fdcc transfer job that is associated with the following URL: /OWS/BETA/OAB/a9053b48-6105-4f36-b0f9-85fa6e19d837/oab.xml.
 The credentials for the S-1-12-1-2357405129-1281513531-255772574-1816207334 user were rejected."
"10-08-2026 09:48:50","16403","Information","Microsoft-Windows-Bits-Client",
"10-08-2026 09:48:50","3","Information","Microsoft-Windows-Bits-Client","The BITS service created a new job.
Transfer job: Microsoft Outlook Offline Address Book f6f4885c16aaa24380920210d426fdcc
Job ID: {9194ea2e-1c29-4295-8514-8efe073adfb5}
Owner: ENTERPRISE\arjo5004
Process Path: C:\Program Files\Microsoft Office\root\Office16\OUTLOOK.EXE
Process ID: 17004"
"10-08-2026 09:48:46","306","Verbose","Microsoft-Windows-Bits-Client","The BITS service loaded the job list from disk."
"10-08-2026 09:44:08","4","Information","Microsoft-Windows-Bits-Client","The transfer job is complete.
User: ENTERPRISE\arjo5004
Transfer job: NucleusUpdateRingConfigJSON
Job ID: {c0b78ae4-4ce5-49d4-ba1d-316406064fba}
Owner: ENTERPRISE\arjo5004
File count: 1"
"10-08-2026 09:44:08","60","Information","Microsoft-Windows-Bits-Client","BITS stopped transferring the NucleusUpdateRingConfigJSON transfer job that is associated with the https://g.live.com/odclientsettings/ProdV2?OneDriveUpdate=9933eef8b23f93a8c9e1ebb8f386 URL. The status code is 0x0."
"10-08-2026 09:44:08","59","Information","Microsoft-Windows-Bits-Client","BITS started the NucleusUpdateRingConfigJSON transfer job that is associated with the https://g.live.com/odclientsettings/ProdV2?OneDriveUpdate=9933eef8b23f93a8c9e1ebb8f386 URL."
"10-08-2026 09:44:08","16403","Information","Microsoft-Windows-Bits-Client",
"10-08-2026 09:44:08","3","Information","Microsoft-Windows-Bits-Client","The BITS service created a new job.
Transfer job: NucleusUpdateRingConfigJSON
Job ID: {c0b78ae4-4ce5-49d4-ba1d-316406064fba}
Owner: ENTERPRISE\arjo5004
Process Path: C:\Program Files\Microsoft OneDrive\26.134.0713.0004\OneDrive.Sync.Service.exe
Process ID: 2196"
"10-08-2026 09:43:54","4","Information","Microsoft-Windows-Bits-Client","The transfer job is complete.
User: ENTERPRISE\arjo5004
Transfer job: Edge Component Updater
Job ID: {d1d7129d-2ec7-4b6f-a860-ceef8ad8e805}
Owner: ENTERPRISE\arjo5004
File count: 1"
"10-08-2026 09:43:53","60","Information","Microsoft-Windows-Bits-Client","BITS stopped transferring the Edge Component Updater transfer job that is associated with the http://msedge.b.tlu.dl.delivery.mp.microsoft.com/filestreamingservice/files/b6f277cd-f3b5-4b8b-bfd1-deb9fe523cb8?P1=1786726545&P2=404&P3=2&P4=ks7GNVS1LBP0d6uxOYyW0FXQwzpDN1Xnh6lzCh3CJqWumxA9TwYWEdge Component UpdaterfeEdge Component UpdaterbVMUd4pflNuLPM88fYnCI0u56dUBEAXg{d1d7129d-2ec7-4b6f-a860-ceef8ad8e805}d{d1d7129d-2ec7-4b6f-a860-ceef8ad8e805}d URL. The status code is 0x0."
"10-08-2026 09:43:37","4","Information","Microsoft-Windows-Bits-Client","The transfer job is complete.
User: ENTERPRISE\arjo5004
Transfer job: PreSignInSettingsConfigJSON
Job ID: {59b5cbdf-52ca-4367-91e4-36a2797895e4}
Owner: ENTERPRISE\arjo5004
File count: 1"
"10-08-2026 09:43:37","60","Information","Microsoft-Windows-Bits-Client","BITS stopped transferring the PreSignInSettingsConfigJSON transfer job that is associated with the https://g.live.com/odclientsettings/ProdV2?OneDriveUpdate=fcac55af6687928a198fba1082fc URL. The status code is 0x0."
"10-08-2026 09:43:37","59","Information","Microsoft-Windows-Bits-Client","BITS started the PreSignInSettingsConfigJSON transfer job that is associated with the https://g.live.com/odclientsettings/ProdV2?OneDriveUpdate=fcac55af6687928a198fba1082fc URL."
"10-08-2026 09:43:37","4","Information","Microsoft-Windows-Bits-Client","The transfer job is complete.
User: ENTERPRISE\arjo5004
Transfer job: UpdateXml
Job ID: {28226209-6bfd-4082-af07-2b3718811446}
Owner: ENTERPRISE\arjo5004
File count: 1"
"10-08-2026 09:43:37","60","Information","Microsoft-Windows-Bits-Client","BITS stopped transferring the UpdateXml transfer job that is associated with the https://g.live.com/1rewlive5skydrive/OneDriveProductionV2?OneDriveUpdate=6a11877a18febb3e2ef7f6aff571 URL. The status code is 0x0."
"10-08-2026 09:43:37","16403","Information","Microsoft-Windows-Bits-Client",
"10-08-2026 09:43:37","3","Information","Microsoft-Windows-Bits-Client","The BITS service created a new job.
Transfer job: PreSignInSettingsConfigJSON
Job ID: {59b5cbdf-52ca-4367-91e4-36a2797895e4}
Owner: ENTERPRISE\arjo5004
Process Path: C:\Program Files\Microsoft OneDrive\OneDrive.exe
Process ID: 14304"
"10-08-2026 09:43:37","59","Information","Microsoft-Windows-Bits-Client","BITS started the UpdateXml transfer job that is associated with the https://g.live.com/1rewlive5skydrive/OneDriveProductionV2?OneDriveUpdate=6a11877a18febb3e2ef7f6aff571 URL."
"10-08-2026 09:43:37","16403","Information","Microsoft-Windows-Bits-Client",
"10-08-2026 09:43:37","3","Information","Microsoft-Windows-Bits-Client","The BITS service created a new job.
Transfer job: UpdateXml
Job ID: {28226209-6bfd-4082-af07-2b3718811446}
Owner: ENTERPRISE\arjo5004
Process Path: C:\Program Files\Microsoft OneDrive\OneDrive.exe
Process ID: 14304"
"10-08-2026 09:43:30","59","Information","Microsoft-Windows-Bits-Client","BITS started the Edge Component Updater transfer job that is associated with the http://msedge.b.tlu.dl.delivery.mp.microsoft.com/filestreamingservice/files/b6f277cd-f3b5-4b8b-bfd1-deb9fe523cb8?P1=1786726545&P2=404&P3=2&P4=ks7GNVS1LBP0d6uxOYyW0FXQwzpDN1Xnh6lzCh3CJqWumxA9TwYWEdge Component UpdaterfeEdge Component UpdaterbVMUd4pflNuLPM88fYnCI0u56dUBEAXg{d1d7129d-2ec7-4b6f-a860-ceef8ad8e805}d{d1d7129d-2ec7-4b6f-a860-ceef8ad8e805}d URL."
"10-08-2026 09:43:30","16403","Information","Microsoft-Windows-Bits-Client",
"10-08-2026 09:43:30","3","Information","Microsoft-Windows-Bits-Client","The BITS service created a new job.
Transfer job: Edge Component Updater
Job ID: {d1d7129d-2ec7-4b6f-a860-ceef8ad8e805}
Owner: ENTERPRISE\arjo5004
Process Path: C:\Program Files (x86)\Microsoft\Edge\Application\msedge.exe
Process ID: 23456"
"10-08-2026 09:41:22","4","Information","Microsoft-Windows-Bits-Client","The transfer job is complete.
User: NT AUTHORITY\SYSTEM
Transfer job: Microsoft Office Click-to-Run
Job ID: {37e7c28b-5c0f-4a45-ab6d-db38e62b8fdd}
Owner: NT AUTHORITY\SYSTEM
File count: 1"
"10-08-2026 09:41:22","60","Information","Microsoft-Windows-Bits-Client","BITS stopped transferring the Microsoft Office Click-to-Run transfer job that is associated with the http://f.c2r.ts.cdn.office.net/pr/55336b82-a18d-4dd6-b5f6-9e5095c314a6/Office/Data/v64_16.0.20131.20152.cab URL. The status code is 0x0."
"10-08-2026 09:41:22","59","Information","Microsoft-Windows-Bits-Client","BITS started the Microsoft Office Click-to-Run transfer job that is associated with the http://f.c2r.ts.cdn.office.net/pr/55336b82-a18d-4dd6-b5f6-9e5095c314a6/Office/Data/v64_16.0.20131.20152.cab URL."
"10-08-2026 09:41:21","16403","Information","Microsoft-Windows-Bits-Client",
"10-08-2026 09:41:21","3","Information","Microsoft-Windows-Bits-Client","The BITS service created a new job.
Transfer job: Microsoft Office Click-to-Run
Job ID: {37e7c28b-5c0f-4a45-ab6d-db38e62b8fdd}
Owner: NT AUTHORITY\SYSTEM
Process Path: C:\Program Files\Common Files\microsoft shared\ClickToRun\OfficeClickToRun.exe
Process ID: 4800"
"10-08-2026 09:41:21","4","Information","Microsoft-Windows-Bits-Client","The transfer job is complete.
User: NT AUTHORITY\SYSTEM
Transfer job: Microsoft Office Click-to-Run
Job ID: {529311bd-0422-4367-b42f-d2c2f8890a48}
Owner: NT AUTHORITY\SYSTEM
File count: 1"
"10-08-2026 09:41:21","60","Information","Microsoft-Windows-Bits-Client","BITS stopped transferring the Microsoft Office Click-to-Run transfer job that is associated with the http://f.c2r.ts.cdn.office.net/pr/55336b82-a18d-4dd6-b5f6-9e5095c314a6/Office/Data/v64_16.0.20131.20152.cab URL. The status code is 0x0."
"10-08-2026 09:41:21","4","Information","Microsoft-Windows-Bits-Client","The transfer job is complete.
User: NT AUTHORITY\SYSTEM
Transfer job: UpdateDescriptionXml
Job ID: {bd4494df-c5b4-45c2-a65a-60c5c1b8280d}
Owner: NT AUTHORITY\SYSTEM
File count: 1"
"10-08-2026 09:41:21","60","Information","Microsoft-Windows-Bits-Client","BITS stopped transferring the UpdateDescriptionXml transfer job that is associated with the https://g.live.com/1rewlive5skydrive/ODSUProductionV2 URL. The status code is 0x0."
"10-08-2026 09:41:21","59","Information","Microsoft-Windows-Bits-Client","BITS started the Microsoft Office Click-to-Run transfer job that is associated with the http://f.c2r.ts.cdn.office.net/pr/55336b82-a18d-4dd6-b5f6-9e5095c314a6/Office/Data/v64_16.0.20131.20152.cab URL."
"10-08-2026 09:41:21","16403","Information","Microsoft-Windows-Bits-Client",
"10-08-2026 09:41:21","3","Information","Microsoft-Windows-Bits-Client","The BITS service created a new job.
Transfer job: Microsoft Office Click-to-Run
Job ID: {529311bd-0422-4367-b42f-d2c2f8890a48}
Owner: NT AUTHORITY\SYSTEM
Process Path: C:\Program Files\Common Files\microsoft shared\ClickToRun\OfficeClickToRun.exe
Process ID: 4800"
"10-08-2026 09:41:20","59","Information","Microsoft-Windows-Bits-Client","BITS started the UpdateDescriptionXml transfer job that is associated with the https://g.live.com/1rewlive5skydrive/ODSUProductionV2 URL."
"10-08-2026 09:41:20","16403","Information","Microsoft-Windows-Bits-Client",
"10-08-2026 09:41:20","3","Information","Microsoft-Windows-Bits-Client","The BITS service created a new job.
Transfer job: UpdateDescriptionXml
Job ID: {bd4494df-c5b4-45c2-a65a-60c5c1b8280d}
Owner: NT AUTHORITY\SYSTEM
Process Path: C:\Program Files\Microsoft OneDrive\OneDriveStandaloneUpdater.exe
Process ID: 16012"
"10-08-2026 09:41:19","4","Information","Microsoft-Windows-Bits-Client","The transfer job is complete.
User: NT AUTHORITY\SYSTEM
Transfer job: PreSignInSettingsConfigJSON
Job ID: {ee2d29ae-a89c-4998-80a5-ae15c8a3fc8f}
Owner: NT AUTHORITY\SYSTEM
File count: 1"
"10-08-2026 09:41:19","60","Information","Microsoft-Windows-Bits-Client","BITS stopped transferring the PreSignInSettingsConfigJSON transfer job that is associated with the https://g.live.com/odclientsettings/ProdV2 URL. The status code is 0x0."
"10-08-2026 09:41:18","59","Information","Microsoft-Windows-Bits-Client","BITS started the PreSignInSettingsConfigJSON transfer job that is associated with the https://g.live.com/odclientsettings/ProdV2 URL."
"10-08-2026 09:41:17","16403","Information","Microsoft-Windows-Bits-Client",
"10-08-2026 09:41:17","3","Information","Microsoft-Windows-Bits-Client","The BITS service created a new job.
Transfer job: PreSignInSettingsConfigJSON
Job ID: {ee2d29ae-a89c-4998-80a5-ae15c8a3fc8f}
Owner: NT AUTHORITY\SYSTEM
Process Path: C:\Program Files\Microsoft OneDrive\OneDriveStandaloneUpdater.exe
Process ID: 16012"
"10-08-2026 09:39:23","4","Information","Microsoft-Windows-Bits-Client","The transfer job is complete.
User: NT AUTHORITY\SYSTEM
Transfer job: Dell_Asimov.E422669DD99F344CC9E7665BBC190CECFBB49DE2
Job ID: {081f2274-aa91-478f-a583-220b7f6ebf89}
Owner: NT AUTHORITY\SYSTEM
File count: 1"
"10-08-2026 09:39:23","60","Information","Microsoft-Windows-Bits-Client","BITS stopped transferring the Dell_Asimov.E422669DD99F344CC9E7665BBC190CECFBB49DE2 transfer job that is associated with the https://dellupdater.dell.com/non_du/ClientService/Catalog/Platform/PrecedenceCatalog.cab URL. The status code is 0x0."
"10-08-2026 09:39:23","59","Information","Microsoft-Windows-Bits-Client","BITS started the Dell_Asimov.E422669DD99F344CC9E7665BBC190CECFBB49DE2 transfer job that is associated with the https://dellupdater.dell.com/non_du/ClientService/Catalog/Platform/PrecedenceCatalog.cab URL."
"10-08-2026 09:39:22","16403","Information","Microsoft-Windows-Bits-Client",
