"18-08-2026 15:00:35","549","Error","Microsoft-Windows-StorPort","This is the first instance of the error seen during this time period                     
on Storport Device (Port = 0, Path = 0, Target = 0, Lun = 0) whose Corresponding Class Disk Device Guid is {00000000-0000-0000-0000-000000000000}:                     
The request opcode was 0xA0 and completed with SrbStatus 0x7 and ScsiStatus 0x0.                     
The sense code was (0x0,0x0,0x0).                     
The io latency was 0 ms."
"18-08-2026 14:59:37","549","Error","Microsoft-Windows-StorPort","This is the first instance of the error seen during this time period                     
on Storport Device (Port = 0, Path = 0, Target = 0, Lun = 0) whose Corresponding Class Disk Device Guid is {00000000-0000-0000-0000-000000000000}:                     
The request opcode was 0xA0 and completed with SrbStatus 0x7 and ScsiStatus 0x0.                     
The sense code was (0x0,0x0,0x0).                     
The io latency was 0 ms."
"18-08-2026 14:58:40","549","Error","Microsoft-Windows-StorPort","This is the first instance of the error seen during this time period                     
on Storport Device (Port = 0, Path = 0, Target = 0, Lun = 0) whose Corresponding Class Disk Device Guid is {00000000-0000-0000-0000-000000000000}:                     
The request opcode was 0xA0 and completed with SrbStatus 0x7 and ScsiStatus 0x0.                     
The sense code was (0x0,0x0,0x0).                     
The io latency was 0 ms."
"18-08-2026 14:57:42","549","Error","Microsoft-Windows-StorPort","This is the first instance of the error seen during this time period                     
on Storport Device (Port = 0, Path = 0, Target = 0, Lun = 0) whose Corresponding Class Disk Device Guid is {00000000-0000-0000-0000-000000000000}:                     
The request opcode was 0xA0 and completed with SrbStatus 0x7 and ScsiStatus 0x0.                     
The sense code was (0x0,0x0,0x0).                     
The io latency was 0 ms."
"18-08-2026 14:56:44","549","Error","Microsoft-Windows-StorPort","This is the first instance of the error seen during this time period                     
on Storport Device (Port = 0, Path = 0, Target = 0, Lun = 0) whose Corresponding Class Disk Device Guid is {00000000-0000-0000-0000-000000000000}:                     
The request opcode was 0xA0 and completed with SrbStatus 0x7 and ScsiStatus 0x0.                     
The sense code was (0x0,0x0,0x0).                     
The io latency was 0 ms."
"18-08-2026 14:55:46","549","Error","Microsoft-Windows-StorPort","This is the first instance of the error seen during this time period                     
on Storport Device (Port = 0, Path = 0, Target = 0, Lun = 0) whose Corresponding Class Disk Device Guid is {00000000-0000-0000-0000-000000000000}:                     
The request opcode was 0xA0 and completed with SrbStatus 0x7 and ScsiStatus 0x0.                     
The sense code was (0x0,0x0,0x0).                     
The io latency was 0 ms."
"18-08-2026 14:54:48","549","Error","Microsoft-Windows-StorPort","This is the first instance of the error seen during this time period                     
on Storport Device (Port = 0, Path = 0, Target = 0, Lun = 0) whose Corresponding Class Disk Device Guid is {00000000-0000-0000-0000-000000000000}:                     
The request opcode was 0xA0 and completed with SrbStatus 0x7 and ScsiStatus 0x0.                     
The sense code was (0x0,0x0,0x0).                     
The io latency was 0 ms."
"18-08-2026 14:53:51","549","Error","Microsoft-Windows-StorPort","This is the first instance of the error seen during this time period                     
on Storport Device (Port = 0, Path = 0, Target = 0, Lun = 0) whose Corresponding Class Disk Device Guid is {00000000-0000-0000-0000-000000000000}:                     
The request opcode was 0xA0 and completed with SrbStatus 0x7 and ScsiStatus 0x0.                     
The sense code was (0x0,0x0,0x0).                     
The io latency was 0 ms."
"18-08-2026 14:52:53","549","Error","Microsoft-Windows-StorPort","This is the first instance of the error seen during this time period                     
on Storport Device (Port = 0, Path = 0, Target = 0, Lun = 0) whose Corresponding Class Disk Device Guid is {00000000-0000-0000-0000-000000000000}:                     
The request opcode was 0xA0 and completed with SrbStatus 0x7 and ScsiStatus 0x0.                     
The sense code was (0x0,0x0,0x0).                     
The io latency was 0 ms."
"18-08-2026 14:51:55","549","Error","Microsoft-Windows-StorPort","This is the first instance of the error seen during this time period                     
on Storport Device (Port = 0, Path = 0, Target = 0, Lun = 0) whose Corresponding Class Disk Device Guid is {00000000-0000-0000-0000-000000000000}:                     
The request opcode was 0xA0 and completed with SrbStatus 0x7 and ScsiStatus 0x0.                     
The sense code was (0x0,0x0,0x0).                     
The io latency was 0 ms."
"18-08-2026 14:50:57","549","Error","Microsoft-Windows-StorPort","This is the first instance of the error seen during this time period                     
on Storport Device (Port = 0, Path = 0, Target = 0, Lun = 0) whose Corresponding Class Disk Device Guid is {00000000-0000-0000-0000-000000000000}:                     
The request opcode was 0xA0 and completed with SrbStatus 0x7 and ScsiStatus 0x0.                     
The sense code was (0x0,0x0,0x0).                     
The io latency was 0 ms."
"18-08-2026 14:50:00","549","Error","Microsoft-Windows-StorPort","This is the first instance of the error seen during this time period                     
on Storport Device (Port = 0, Path = 0, Target = 0, Lun = 0) whose Corresponding Class Disk Device Guid is {00000000-0000-0000-0000-000000000000}:                     
The request opcode was 0xA0 and completed with SrbStatus 0x7 and ScsiStatus 0x0.                     
The sense code was (0x0,0x0,0x0).                     
The io latency was 0 ms."
"18-08-2026 14:49:06","549","Error","Microsoft-Windows-StorPort","This is the first instance of the error seen during this time period                     
on Storport Device (Port = 0, Path = 2, Target = 0, Lun = 0) whose Corresponding Class Disk Device Guid is {0d0616a1-3adc-3de7-d9a2-784fe4e2d52a}:                     
The request opcode was 0x85 and completed with SrbStatus 0x6 and ScsiStatus 0x2.                     
The sense code was (0x5,0x20,0x0).                     
The io latency was 1 ms."
"18-08-2026 14:49:02","549","Error","Microsoft-Windows-StorPort","This is the first instance of the error seen during this time period                     
on Storport Device (Port = 0, Path = 0, Target = 0, Lun = 0) whose Corresponding Class Disk Device Guid is {00000000-0000-0000-0000-000000000000}:                     
The request opcode was 0xA0 and completed with SrbStatus 0x7 and ScsiStatus 0x0.                     
The sense code was (0x0,0x0,0x0).                     
The io latency was 0 ms."
"18-08-2026 14:48:04","549","Error","Microsoft-Windows-StorPort","This is the first instance of the error seen during this time period                     
on Storport Device (Port = 0, Path = 0, Target = 0, Lun = 0) whose Corresponding Class Disk Device Guid is {00000000-0000-0000-0000-000000000000}:                     
The request opcode was 0xA0 and completed with SrbStatus 0x7 and ScsiStatus 0x0.                     
The sense code was (0x0,0x0,0x0).                     
The io latency was 0 ms."
"18-08-2026 14:47:07","549","Error","Microsoft-Windows-StorPort","This is the first instance of the error seen during this time period                     
on Storport Device (Port = 0, Path = 0, Target = 0, Lun = 0) whose Corresponding Class Disk Device Guid is {00000000-0000-0000-0000-000000000000}:                     
The request opcode was 0xA0 and completed with SrbStatus 0x7 and ScsiStatus 0x0.                     
The sense code was (0x0,0x0,0x0).                     
The io latency was 0 ms."
"18-08-2026 14:46:09","549","Error","Microsoft-Windows-StorPort","This is the first instance of the error seen during this time period                     
on Storport Device (Port = 0, Path = 0, Target = 0, Lun = 0) whose Corresponding Class Disk Device Guid is {00000000-0000-0000-0000-000000000000}:                     
The request opcode was 0xA0 and completed with SrbStatus 0x7 and ScsiStatus 0x0.                     
The sense code was (0x0,0x0,0x0).                     
The io latency was 0 ms."
"18-08-2026 14:45:11","549","Error","Microsoft-Windows-StorPort","This is the first instance of the error seen during this time period                     
on Storport Device (Port = 0, Path = 0, Target = 0, Lun = 0) whose Corresponding Class Disk Device Guid is {00000000-0000-0000-0000-000000000000}:                     
The request opcode was 0xA0 and completed with SrbStatus 0x7 and ScsiStatus 0x0.                     
The sense code was (0x0,0x0,0x0).                     
The io latency was 0 ms."
"18-08-2026 14:44:13","549","Error","Microsoft-Windows-StorPort","This is the first instance of the error seen during this time period                     
on Storport Device (Port = 0, Path = 0, Target = 0, Lun = 0) whose Corresponding Class Disk Device Guid is {00000000-0000-0000-0000-000000000000}:                     
The request opcode was 0xA0 and completed with SrbStatus 0x7 and ScsiStatus 0x0.                     
The sense code was (0x0,0x0,0x0).                     
The io latency was 0 ms."
"18-08-2026 14:43:16","549","Error","Microsoft-Windows-StorPort","This is the first instance of the error seen during this time period                     
on Storport Device (Port = 0, Path = 0, Target = 0, Lun = 0) whose Corresponding Class Disk Device Guid is {00000000-0000-0000-0000-000000000000}:                     
The request opcode was 0xA0 and completed with SrbStatus 0x7 and ScsiStatus 0x0.                     
The sense code was (0x0,0x0,0x0).                     
The io latency was 0 ms."
"18-08-2026 14:42:18","549","Error","Microsoft-Windows-StorPort","This is the first instance of the error seen during this time period                     
on Storport Device (Port = 0, Path = 0, Target = 0, Lun = 0) whose Corresponding Class Disk Device Guid is {00000000-0000-0000-0000-000000000000}:                     
The request opcode was 0xA0 and completed with SrbStatus 0x7 and ScsiStatus 0x0.                     
The sense code was (0x0,0x0,0x0).                     
The io latency was 0 ms."
"18-08-2026 14:41:41","504","Information","Microsoft-Windows-StorPort","Error summary for Storport Device (Port = 0, Path = 2, Target = 0, Lun = 0) whose Corresponding Class Disk Device Guid is {0d0616a1-3adc-3de7-d9a2-784fe4e2d52a}:                     
There were 28 total errors seen and 0 timeouts.                     
The last error seen had opcode 0x85 and completed with SrbStatus 0x6 and ScsiStatus 0x2.                     
The sense code was (0x5,0x20,0x0).                     
The latency was 1 ms."
"18-08-2026 14:41:41","505","Information","Microsoft-Windows-StorPort","Performance summary for Storport Device (Port = 0, Path = 2, Target = 0, Lun = 0) whose Corresponding Class Disk Device Guid is {0d0616a1-3adc-3de7-d9a2-784fe4e2d52a}:                 
Total IO:771372                 
For latency buckets of 128us, 256us, 512us, 1ms, 4ms, 16ms, 64ms, 128ms, 256ms, 512ms, 1000ms, 2000ms, 10000ms, 10000+ms,                 
The IO success counts are 546839, 154059, 28301, 15605, 19186, 3944, 1940, 1396, 95, 0, 3, 4, 0, 0.                 
The IO failed counts are 0, 0, 0, 0, 0, 0, 0, 0, 0, 0, 0, 0, 0, 0.                 
The IO total latency (in 100ns) are 387444786, 264828519, 96100560, 118251642, 370576531, 320918682, 719375875, 1204648812, 145627171, 0, 27352684, 40043857, 0, 0.                 
Total Bytes Read:17930271232                 
Total Bytes Written:7791700992"
"18-08-2026 14:41:20","549","Error","Microsoft-Windows-StorPort","This is the first instance of the error seen during this time period                     
on Storport Device (Port = 0, Path = 0, Target = 0, Lun = 0) whose Corresponding Class Disk Device Guid is {00000000-0000-0000-0000-000000000000}:                     
The request opcode was 0xA0 and completed with SrbStatus 0x7 and ScsiStatus 0x0.                     
The sense code was (0x0,0x0,0x0).                     
The io latency was 0 ms."
"18-08-2026 14:40:23","549","Error","Microsoft-Windows-StorPort","This is the first instance of the error seen during this time period                     
on Storport Device (Port = 0, Path = 0, Target = 0, Lun = 0) whose Corresponding Class Disk Device Guid is {00000000-0000-0000-0000-000000000000}:                     
The request opcode was 0xA0 and completed with SrbStatus 0x7 and ScsiStatus 0x0.                     
The sense code was (0x0,0x0,0x0).                     
The io latency was 0 ms."
"18-08-2026 14:39:25","549","Error","Microsoft-Windows-StorPort","This is the first instance of the error seen during this time period                     
on Storport Device (Port = 0, Path = 0, Target = 0, Lun = 0) whose Corresponding Class Disk Device Guid is {00000000-0000-0000-0000-000000000000}:                     
The request opcode was 0xA0 and completed with SrbStatus 0x7 and ScsiStatus 0x0.                     
The sense code was (0x0,0x0,0x0).                     
The io latency was 0 ms."
"18-08-2026 14:38:27","549","Error","Microsoft-Windows-StorPort","This is the first instance of the error seen during this time period                     
on Storport Device (Port = 0, Path = 0, Target = 0, Lun = 0) whose Corresponding Class Disk Device Guid is {00000000-0000-0000-0000-000000000000}:                     
The request opcode was 0xA0 and completed with SrbStatus 0x7 and ScsiStatus 0x0.                     
The sense code was (0x0,0x0,0x0).                     
The io latency was 0 ms."
"18-08-2026 14:37:30","549","Error","Microsoft-Windows-StorPort","This is the first instance of the error seen during this time period                     
on Storport Device (Port = 0, Path = 0, Target = 0, Lun = 0) whose Corresponding Class Disk Device Guid is {00000000-0000-0000-0000-000000000000}:                     
The request opcode was 0xA0 and completed with SrbStatus 0x7 and ScsiStatus 0x0.                     
The sense code was (0x0,0x0,0x0).                     
The io latency was 0 ms."
"18-08-2026 14:36:32","549","Error","Microsoft-Windows-StorPort","This is the first instance of the error seen during this time period                     
on Storport Device (Port = 0, Path = 0, Target = 0, Lun = 0) whose Corresponding Class Disk Device Guid is {00000000-0000-0000-0000-000000000000}:                     
The request opcode was 0xA0 and completed with SrbStatus 0x7 and ScsiStatus 0x0.                     
The sense code was (0x0,0x0,0x0).                     
The io latency was 0 ms."
"18-08-2026 14:35:34","549","Error","Microsoft-Windows-StorPort","This is the first instance of the error seen during this time period                     
on Storport Device (Port = 0, Path = 0, Target = 0, Lun = 0) whose Corresponding Class Disk Device Guid is {00000000-0000-0000-0000-000000000000}:                     
The request opcode was 0xA0 and completed with SrbStatus 0x7 and ScsiStatus 0x0.                     
The sense code was (0x0,0x0,0x0).                     
The io latency was 0 ms."
"18-08-2026 14:34:40","549","Error","Microsoft-Windows-StorPort","This is the first instance of the error seen during this time period                     
on Storport Device (Port = 0, Path = 0, Target = 0, Lun = 0) whose Corresponding Class Disk Device Guid is {00000000-0000-0000-0000-000000000000}:                     
The request opcode was 0xA0 and completed with SrbStatus 0x7 and ScsiStatus 0x0.                     
The sense code was (0x0,0x0,0x0).                     
The io latency was 0 ms."
"18-08-2026 14:34:06","549","Error","Microsoft-Windows-StorPort","This is the first instance of the error seen during this time period                     
on Storport Device (Port = 0, Path = 2, Target = 0, Lun = 0) whose Corresponding Class Disk Device Guid is {0d0616a1-3adc-3de7-d9a2-784fe4e2d52a}:                     
The request opcode was 0x85 and completed with SrbStatus 0x6 and ScsiStatus 0x2.                     
The sense code was (0x5,0x20,0x0).                     
The io latency was 1 ms."
"18-08-2026 14:33:38","549","Error","Microsoft-Windows-StorPort","This is the first instance of the error seen during this time period                     
on Storport Device (Port = 0, Path = 0, Target = 0, Lun = 0) whose Corresponding Class Disk Device Guid is {00000000-0000-0000-0000-000000000000}:                     
The request opcode was 0xA0 and completed with SrbStatus 0x7 and ScsiStatus 0x0.                     
The sense code was (0x0,0x0,0x0).                     
The io latency was 0 ms."
"18-08-2026 14:32:38","549","Error","Microsoft-Windows-StorPort","This is the first instance of the error seen during this time period                     
on Storport Device (Port = 0, Path = 0, Target = 0, Lun = 0) whose Corresponding Class Disk Device Guid is {00000000-0000-0000-0000-000000000000}:                     
The request opcode was 0xA0 and completed with SrbStatus 0x7 and ScsiStatus 0x0.                     
The sense code was (0x0,0x0,0x0).                     
The io latency was 0 ms."
"18-08-2026 14:31:41","549","Error","Microsoft-Windows-StorPort","This is the first instance of the error seen during this time period                     
on Storport Device (Port = 0, Path = 0, Target = 0, Lun = 0) whose Corresponding Class Disk Device Guid is {00000000-0000-0000-0000-000000000000}:                     
The request opcode was 0xA0 and completed with SrbStatus 0x7 and ScsiStatus 0x0.                     
The sense code was (0x0,0x0,0x0).                     
The io latency was 0 ms."
"18-08-2026 14:30:42","549","Error","Microsoft-Windows-StorPort","This is the first instance of the error seen during this time period                     
on Storport Device (Port = 0, Path = 0, Target = 0, Lun = 0) whose Corresponding Class Disk Device Guid is {00000000-0000-0000-0000-000000000000}:                     
The request opcode was 0xA0 and completed with SrbStatus 0x7 and ScsiStatus 0x0.                     
The sense code was (0x0,0x0,0x0).                     
The io latency was 0 ms."
"18-08-2026 14:30:42","553","Information","Microsoft-Windows-StorPort","Storport Device {31506413-56d6-11f1-a26a-806e6f6e6963} (Port = 0) was rescanned and changes were detected."
"18-08-2026 14:30:42","552","Information","Microsoft-Windows-StorPort","Storport Device (Port = 0, Path = 2, Target = 0, Lun = 0) has arrived."
"18-08-2026 14:30:42","549","Error","Microsoft-Windows-StorPort","This is the first instance of the error seen during this time period                     
on Storport Device (Port = 0, Path = 2, Target = 1, Lun = 0) whose Corresponding Class Disk Device Guid is {00000000-0000-0000-0000-000000000000}:                     
The request opcode was 0xA0 and completed with SrbStatus 0x7 and ScsiStatus 0x0.                     
The sense code was (0x0,0x0,0x0).                     
The io latency was 0 ms."
"18-08-2026 14:30:42","549","Error","Microsoft-Windows-StorPort","This is the first instance of the error seen during this time period                     
on Storport Device (Port = 0, Path = 0, Target = 0, Lun = 0) whose Corresponding Class Disk Device Guid is {00000000-0000-0000-0000-000000000000}:                     
The request opcode was 0xA0 and completed with SrbStatus 0x7 and ScsiStatus 0x0.                     
The sense code was (0x0,0x0,0x0).                     
The io latency was 0 ms."
"18-08-2026 14:30:41","549","Error","Microsoft-Windows-StorPort","This is the first instance of the error seen during this time period                     
on Storport Device (Port = 0, Path = 0, Target = 0, Lun = 0) whose Corresponding Class Disk Device Guid is {00000000-0000-0000-0000-000000000000}:                     
The request opcode was 0xA0 and completed with SrbStatus 0x5 and ScsiStatus 0x0.                     
The sense code was (0x0,0x0,0x0).                     
The io latency was 0 ms."
"18-08-2026 14:30:41","576","Information","Microsoft-Windows-StorPort","Storport storage D3 setting.                    
Adapter Guid: {31506413-56d6-11f1-a26a-806e6f6e6963}                    
Adapter port number: 4294967295                    
Adapter hardware id: PCI\VEN_8086&DEV_7D0B&SUBSYS_0CE81028&REV_00                    
Miniport driver name: iaStorVD                    
Adapter interface type: 5                    
Flags: 4535619747872                    
Storage D3 allowed: false                    
ACPI DSD property: 1                    
D3 registry key state: 4294967295                    
Storage D3 enable: true                    
DirectFx enable: true"
"18-08-2026 14:19:37","549","Error","Microsoft-Windows-StorPort","This is the first instance of the error seen during this time period                     
on Storport Device (Port = 0, Path = 0, Target = 0, Lun = 0) whose Corresponding Class Disk Device Guid is {00000000-0000-0000-0000-000000000000}:                     
The request opcode was 0xA0 and completed with SrbStatus 0x7 and ScsiStatus 0x0.                     
The sense code was (0x0,0x0,0x0).                     
The io latency was 0 ms."
"18-08-2026 14:18:39","549","Error","Microsoft-Windows-StorPort","This is the first instance of the error seen during this time period                     
on Storport Device (Port = 0, Path = 0, Target = 0, Lun = 0) whose Corresponding Class Disk Device Guid is {00000000-0000-0000-0000-000000000000}:                     
The request opcode was 0xA0 and completed with SrbStatus 0x7 and ScsiStatus 0x0.                     
The sense code was (0x0,0x0,0x0).                     
The io latency was 0 ms."
"18-08-2026 14:17:41","549","Error","Microsoft-Windows-StorPort","This is the first instance of the error seen during this time period                     
on Storport Device (Port = 0, Path = 0, Target = 0, Lun = 0) whose Corresponding Class Disk Device Guid is {00000000-0000-0000-0000-000000000000}:                     
The request opcode was 0xA0 and completed with SrbStatus 0x7 and ScsiStatus 0x0.                     
The sense code was (0x0,0x0,0x0).                     
The io latency was 0 ms."
"18-08-2026 14:16:44","549","Error","Microsoft-Windows-StorPort","This is the first instance of the error seen during this time period                     
on Storport Device (Port = 0, Path = 0, Target = 0, Lun = 0) whose Corresponding Class Disk Device Guid is {00000000-0000-0000-0000-000000000000}:                     
The request opcode was 0xA0 and completed with SrbStatus 0x7 and ScsiStatus 0x0.                     
The sense code was (0x0,0x0,0x0).                     
The io latency was 0 ms."
"18-08-2026 14:15:46","549","Error","Microsoft-Windows-StorPort","This is the first instance of the error seen during this time period                     
on Storport Device (Port = 0, Path = 0, Target = 0, Lun = 0) whose Corresponding Class Disk Device Guid is {00000000-0000-0000-0000-000000000000}:                     
The request opcode was 0xA0 and completed with SrbStatus 0x7 and ScsiStatus 0x0.                     
The sense code was (0x0,0x0,0x0).                     
The io latency was 0 ms."
"18-08-2026 14:14:48","549","Error","Microsoft-Windows-StorPort","This is the first instance of the error seen during this time period                     
on Storport Device (Port = 0, Path = 0, Target = 0, Lun = 0) whose Corresponding Class Disk Device Guid is {00000000-0000-0000-0000-000000000000}:                     
The request opcode was 0xA0 and completed with SrbStatus 0x7 and ScsiStatus 0x0.                     
The sense code was (0x0,0x0,0x0).                     
The io latency was 0 ms."
"18-08-2026 14:13:50","549","Error","Microsoft-Windows-StorPort","This is the first instance of the error seen during this time period                     
on Storport Device (Port = 0, Path = 0, Target = 0, Lun = 0) whose Corresponding Class Disk Device Guid is {00000000-0000-0000-0000-000000000000}:                     
The request opcode was 0xA0 and completed with SrbStatus 0x7 and ScsiStatus 0x0.                     
The sense code was (0x0,0x0,0x0).                     
The io latency was 0 ms."
"18-08-2026 14:12:53","549","Error","Microsoft-Windows-StorPort","This is the first instance of the error seen during this time period                     
on Storport Device (Port = 0, Path = 0, Target = 0, Lun = 0) whose Corresponding Class Disk Device Guid is {00000000-0000-0000-0000-000000000000}:                     
The request opcode was 0xA0 and completed with SrbStatus 0x7 and ScsiStatus 0x0.                     
The sense code was (0x0,0x0,0x0).                     
The io latency was 0 ms."
"18-08-2026 14:11:55","549","Error","Microsoft-Windows-StorPort","This is the first instance of the error seen during this time period                     
on Storport Device (Port = 0, Path = 0, Target = 0, Lun = 0) whose Corresponding Class Disk Device Guid is {00000000-0000-0000-0000-000000000000}:                     
The request opcode was 0xA0 and completed with SrbStatus 0x7 and ScsiStatus 0x0.                     
The sense code was (0x0,0x0,0x0).                     
The io latency was 0 ms."
"18-08-2026 14:10:57","549","Error","Microsoft-Windows-StorPort","This is the first instance of the error seen during this time period                     
on Storport Device (Port = 0, Path = 0, Target = 0, Lun = 0) whose Corresponding Class Disk Device Guid is {00000000-0000-0000-0000-000000000000}:                     
The request opcode was 0xA0 and completed with SrbStatus 0x7 and ScsiStatus 0x0.                     
The sense code was (0x0,0x0,0x0).                     
The io latency was 0 ms."
"18-08-2026 14:09:59","549","Error","Microsoft-Windows-StorPort","This is the first instance of the error seen during this time period                     
on Storport Device (Port = 0, Path = 0, Target = 0, Lun = 0) whose Corresponding Class Disk Device Guid is {00000000-0000-0000-0000-000000000000}:                     
The request opcode was 0xA0 and completed with SrbStatus 0x7 and ScsiStatus 0x0.                     
The sense code was (0x0,0x0,0x0).                     
The io latency was 0 ms."
"18-08-2026 14:09:04","549","Error","Microsoft-Windows-StorPort","This is the first instance of the error seen during this time period                     
on Storport Device (Port = 0, Path = 0, Target = 0, Lun = 0) whose Corresponding Class Disk Device Guid is {00000000-0000-0000-0000-000000000000}:                     
The request opcode was 0xA0 and completed with SrbStatus 0x7 and ScsiStatus 0x0.                     
The sense code was (0x0,0x0,0x0).                     
The io latency was 0 ms."
"18-08-2026 14:08:04","549","Error","Microsoft-Windows-StorPort","This is the first instance of the error seen during this time period                     
on Storport Device (Port = 0, Path = 0, Target = 0, Lun = 0) whose Corresponding Class Disk Device Guid is {00000000-0000-0000-0000-000000000000}:                     
The request opcode was 0xA0 and completed with SrbStatus 0x7 and ScsiStatus 0x0.                     
The sense code was (0x0,0x0,0x0).                     
The io latency was 0 ms."
"18-08-2026 14:07:48","549","Error","Microsoft-Windows-StorPort","This is the first instance of the error seen during this time period                     
on Storport Device (Port = 0, Path = 2, Target = 0, Lun = 0) whose Corresponding Class Disk Device Guid is {0d0616a1-3adc-3de7-d9a2-784fe4e2d52a}:                     
The request opcode was 0x85 and completed with SrbStatus 0x6 and ScsiStatus 0x2.                     
The sense code was (0x5,0x20,0x0).                     
The io latency was 1 ms."
"18-08-2026 14:07:06","549","Error","Microsoft-Windows-StorPort","This is the first instance of the error seen during this time period                     
on Storport Device (Port = 0, Path = 0, Target = 0, Lun = 0) whose Corresponding Class Disk Device Guid is {00000000-0000-0000-0000-000000000000}:                     
The request opcode was 0xA0 and completed with SrbStatus 0x7 and ScsiStatus 0x0.                     
The sense code was (0x0,0x0,0x0).                     
The io latency was 0 ms."
"18-08-2026 14:05:51","549","Error","Microsoft-Windows-StorPort","This is the first instance of the error seen during this time period                     
on Storport Device (Port = 0, Path = 0, Target = 0, Lun = 0) whose Corresponding Class Disk Device Guid is {00000000-0000-0000-0000-000000000000}:                     
The request opcode was 0xA0 and completed with SrbStatus 0x7 and ScsiStatus 0x0.                     
The sense code was (0x0,0x0,0x0).                     
The io latency was 0 ms."
"18-08-2026 14:05:11","549","Error","Microsoft-Windows-StorPort","This is the first instance of the error seen during this time period                     
on Storport Device (Port = 0, Path = 0, Target = 0, Lun = 0) whose Corresponding Class Disk Device Guid is {00000000-0000-0000-0000-000000000000}:                     
The request opcode was 0xA0 and completed with SrbStatus 0x7 and ScsiStatus 0x0.                     
The sense code was (0x0,0x0,0x0).                     
The io latency was 0 ms."
"18-08-2026 14:04:13","549","Error","Microsoft-Windows-StorPort","This is the first instance of the error seen during this time period                     
on Storport Device (Port = 0, Path = 0, Target = 0, Lun = 0) whose Corresponding Class Disk Device Guid is {00000000-0000-0000-0000-000000000000}:                     
The request opcode was 0xA0 and completed with SrbStatus 0x7 and ScsiStatus 0x0.                     
The sense code was (0x0,0x0,0x0).                     
The io latency was 0 ms."
"18-08-2026 14:03:15","549","Error","Microsoft-Windows-StorPort","This is the first instance of the error seen during this time period                     
on Storport Device (Port = 0, Path = 0, Target = 0, Lun = 0) whose Corresponding Class Disk Device Guid is {00000000-0000-0000-0000-000000000000}:                     
The request opcode was 0xA0 and completed with SrbStatus 0x7 and ScsiStatus 0x0.                     
The sense code was (0x0,0x0,0x0).                     
The io latency was 0 ms."
"18-08-2026 14:02:18","549","Error","Microsoft-Windows-StorPort","This is the first instance of the error seen during this time period                     
on Storport Device (Port = 0, Path = 0, Target = 0, Lun = 0) whose Corresponding Class Disk Device Guid is {00000000-0000-0000-0000-000000000000}:                     
The request opcode was 0xA0 and completed with SrbStatus 0x7 and ScsiStatus 0x0.                     
The sense code was (0x0,0x0,0x0).                     
The io latency was 0 ms."
"18-08-2026 14:01:20","549","Error","Microsoft-Windows-StorPort","This is the first instance of the error seen during this time period                     
on Storport Device (Port = 0, Path = 0, Target = 0, Lun = 0) whose Corresponding Class Disk Device Guid is {00000000-0000-0000-0000-000000000000}:                     
The request opcode was 0xA0 and completed with SrbStatus 0x7 and ScsiStatus 0x0.                     
The sense code was (0x0,0x0,0x0).                     
The io latency was 0 ms."
"18-08-2026 14:00:22","549","Error","Microsoft-Windows-StorPort","This is the first instance of the error seen during this time period                     
on Storport Device (Port = 0, Path = 0, Target = 0, Lun = 0) whose Corresponding Class Disk Device Guid is {00000000-0000-0000-0000-000000000000}:                     
The request opcode was 0xA0 and completed with SrbStatus 0x7 and ScsiStatus 0x0.                     
The sense code was (0x0,0x0,0x0).                     
The io latency was 0 ms."
"18-08-2026 13:59:24","549","Error","Microsoft-Windows-StorPort","This is the first instance of the error seen during this time period                     
on Storport Device (Port = 0, Path = 0, Target = 0, Lun = 0) whose Corresponding Class Disk Device Guid is {00000000-0000-0000-0000-000000000000}:                     
The request opcode was 0xA0 and completed with SrbStatus 0x7 and ScsiStatus 0x0.                     
The sense code was (0x0,0x0,0x0).                     
The io latency was 0 ms."
"18-08-2026 13:59:06","504","Information","Microsoft-Windows-StorPort","Error summary for Storport Device (Port = 0, Path = 2, Target = 0, Lun = 0) whose Corresponding Class Disk Device Guid is {0d0616a1-3adc-3de7-d9a2-784fe4e2d52a}:                     
There were 12 total errors seen and 0 timeouts.                     
The last error seen had opcode 0x85 and completed with SrbStatus 0x6 and ScsiStatus 0x2.                     
The sense code was (0x5,0x20,0x0).                     
The latency was 1 ms."
"18-08-2026 13:59:06","505","Information","Microsoft-Windows-StorPort","Performance summary for Storport Device (Port = 0, Path = 2, Target = 0, Lun = 0) whose Corresponding Class Disk Device Guid is {0d0616a1-3adc-3de7-d9a2-784fe4e2d52a}:                 
Total IO:445204                 
For latency buckets of 128us, 256us, 512us, 1ms, 4ms, 16ms, 64ms, 128ms, 256ms, 512ms, 1000ms, 2000ms, 10000ms, 10000+ms,                 
The IO success counts are 293857, 102285, 11138, 17347, 18568, 1845, 107, 57, 0, 0, 0, 0, 0, 0.                 
The IO failed counts are 0, 0, 0, 0, 0, 0, 0, 0, 0, 0, 0, 0, 0, 0.                 
The IO total latency (in 100ns) are 169430040, 185420061, 37772226, 134714492, 527422904, 103390612, 31696517, 39716102, 0, 0, 0, 0, 0, 0.                 
Total Bytes Read:3522443264                 
Total Bytes Written:2745895424"
"18-08-2026 13:58:26","549","Error","Microsoft-Windows-StorPort","This is the first instance of the error seen during this time period                     
on Storport Device (Port = 0, Path = 0, Target = 0, Lun = 0) whose Corresponding Class Disk Device Guid is {00000000-0000-0000-0000-000000000000}:                     
The request opcode was 0xA0 and completed with SrbStatus 0x7 and ScsiStatus 0x0.                     
The sense code was (0x0,0x0,0x0).                     
The io latency was 0 ms."
"18-08-2026 13:57:29","549","Error","Microsoft-Windows-StorPort","This is the first instance of the error seen during this time period                     
on Storport Device (Port = 0, Path = 0, Target = 0, Lun = 0) whose Corresponding Class Disk Device Guid is {00000000-0000-0000-0000-000000000000}:                     
The request opcode was 0xA0 and completed with SrbStatus 0x7 and ScsiStatus 0x0.                     
The sense code was (0x0,0x0,0x0).                     
The io latency was 0 ms."
"18-08-2026 13:56:31","549","Error","Microsoft-Windows-StorPort","This is the first instance of the error seen during this time period                     
on Storport Device (Port = 0, Path = 0, Target = 0, Lun = 0) whose Corresponding Class Disk Device Guid is {00000000-0000-0000-0000-000000000000}:                     
The request opcode was 0xA0 and completed with SrbStatus 0x7 and ScsiStatus 0x0.                     
The sense code was (0x0,0x0,0x0).                     
The io latency was 0 ms."
"18-08-2026 13:55:33","549","Error","Microsoft-Windows-StorPort","This is the first instance of the error seen during this time period                     
on Storport Device (Port = 0, Path = 0, Target = 0, Lun = 0) whose Corresponding Class Disk Device Guid is {00000000-0000-0000-0000-000000000000}:                     
The request opcode was 0xA0 and completed with SrbStatus 0x7 and ScsiStatus 0x0.                     
The sense code was (0x0,0x0,0x0).                     
The io latency was 0 ms."
"18-08-2026 13:54:35","549","Error","Microsoft-Windows-StorPort","This is the first instance of the error seen during this time period                     
on Storport Device (Port = 0, Path = 0, Target = 0, Lun = 0) whose Corresponding Class Disk Device Guid is {00000000-0000-0000-0000-000000000000}:                     
The request opcode was 0xA0 and completed with SrbStatus 0x7 and ScsiStatus 0x0.                     
The sense code was (0x0,0x0,0x0).                     
The io latency was 0 ms."
"18-08-2026 13:53:37","549","Error","Microsoft-Windows-StorPort","This is the first instance of the error seen during this time period                     
on Storport Device (Port = 0, Path = 0, Target = 0, Lun = 0) whose Corresponding Class Disk Device Guid is {00000000-0000-0000-0000-000000000000}:                     
The request opcode was 0xA0 and completed with SrbStatus 0x7 and ScsiStatus 0x0.                     
The sense code was (0x0,0x0,0x0).                     
The io latency was 0 ms."
"18-08-2026 13:52:40","549","Error","Microsoft-Windows-StorPort","This is the first instance of the error seen during this time period                     
on Storport Device (Port = 0, Path = 0, Target = 0, Lun = 0) whose Corresponding Class Disk Device Guid is {00000000-0000-0000-0000-000000000000}:                     
The request opcode was 0xA0 and completed with SrbStatus 0x7 and ScsiStatus 0x0.                     
The sense code was (0x0,0x0,0x0).                     
The io latency was 0 ms."
"18-08-2026 13:51:42","549","Error","Microsoft-Windows-StorPort","This is the first instance of the error seen during this time period                     
on Storport Device (Port = 0, Path = 0, Target = 0, Lun = 0) whose Corresponding Class Disk Device Guid is {00000000-0000-0000-0000-000000000000}:                     
The request opcode was 0xA0 and completed with SrbStatus 0x7 and ScsiStatus 0x0.                     
The sense code was (0x0,0x0,0x0).                     
The io latency was 0 ms."
"18-08-2026 13:50:44","549","Error","Microsoft-Windows-StorPort","This is the first instance of the error seen during this time period                     
on Storport Device (Port = 0, Path = 0, Target = 0, Lun = 0) whose Corresponding Class Disk Device Guid is {00000000-0000-0000-0000-000000000000}:                     
The request opcode was 0xA0 and completed with SrbStatus 0x7 and ScsiStatus 0x0.                     
The sense code was (0x0,0x0,0x0).                     
The io latency was 0 ms."
"18-08-2026 13:49:46","549","Error","Microsoft-Windows-StorPort","This is the first instance of the error seen during this time period                     
on Storport Device (Port = 0, Path = 0, Target = 0, Lun = 0) whose Corresponding Class Disk Device Guid is {00000000-0000-0000-0000-000000000000}:                     
The request opcode was 0xA0 and completed with SrbStatus 0x7 and ScsiStatus 0x0.                     
The sense code was (0x0,0x0,0x0).                     
The io latency was 0 ms."
"18-08-2026 13:48:49","549","Error","Microsoft-Windows-StorPort","This is the first instance of the error seen during this time period                     
on Storport Device (Port = 0, Path = 0, Target = 0, Lun = 0) whose Corresponding Class Disk Device Guid is {00000000-0000-0000-0000-000000000000}:                     
The request opcode was 0xA0 and completed with SrbStatus 0x7 and ScsiStatus 0x0.                     
The sense code was (0x0,0x0,0x0).                     
The io latency was 0 ms."
"18-08-2026 13:47:51","549","Error","Microsoft-Windows-StorPort","This is the first instance of the error seen during this time period                     
on Storport Device (Port = 0, Path = 0, Target = 0, Lun = 0) whose Corresponding Class Disk Device Guid is {00000000-0000-0000-0000-000000000000}:                     
The request opcode was 0xA0 and completed with SrbStatus 0x7 and ScsiStatus 0x0.                     
The sense code was (0x0,0x0,0x0).                     
The io latency was 0 ms."
"18-08-2026 13:46:53","549","Error","Microsoft-Windows-StorPort","This is the first instance of the error seen during this time period                     
on Storport Device (Port = 0, Path = 0, Target = 0, Lun = 0) whose Corresponding Class Disk Device Guid is {00000000-0000-0000-0000-000000000000}:                     
The request opcode was 0xA0 and completed with SrbStatus 0x7 and ScsiStatus 0x0.                     
The sense code was (0x0,0x0,0x0).                     
The io latency was 0 ms."
"18-08-2026 13:45:56","549","Error","Microsoft-Windows-StorPort","This is the first instance of the error seen during this time period                     
on Storport Device (Port = 0, Path = 0, Target = 0, Lun = 0) whose Corresponding Class Disk Device Guid is {00000000-0000-0000-0000-000000000000}:                     
The request opcode was 0xA0 and completed with SrbStatus 0x7 and ScsiStatus 0x0.                     
The sense code was (0x0,0x0,0x0).                     
The io latency was 0 ms."
"18-08-2026 13:44:58","549","Error","Microsoft-Windows-StorPort","This is the first instance of the error seen during this time period                     
on Storport Device (Port = 0, Path = 0, Target = 0, Lun = 0) whose Corresponding Class Disk Device Guid is {00000000-0000-0000-0000-000000000000}:                     
The request opcode was 0xA0 and completed with SrbStatus 0x7 and ScsiStatus 0x0.                     
The sense code was (0x0,0x0,0x0).                     
The io latency was 0 ms."
"18-08-2026 13:44:00","549","Error","Microsoft-Windows-StorPort","This is the first instance of the error seen during this time period                     
on Storport Device (Port = 0, Path = 0, Target = 0, Lun = 0) whose Corresponding Class Disk Device Guid is {00000000-0000-0000-0000-000000000000}:                     
The request opcode was 0xA0 and completed with SrbStatus 0x7 and ScsiStatus 0x0.                     
The sense code was (0x0,0x0,0x0).                     
The io latency was 0 ms."
"18-08-2026 13:43:02","549","Error","Microsoft-Windows-StorPort","This is the first instance of the error seen during this time period                     
on Storport Device (Port = 0, Path = 0, Target = 0, Lun = 0) whose Corresponding Class Disk Device Guid is {00000000-0000-0000-0000-000000000000}:                     
The request opcode was 0xA0 and completed with SrbStatus 0x7 and ScsiStatus 0x0.                     
The sense code was (0x0,0x0,0x0).                     
The io latency was 0 ms."
"18-08-2026 13:42:05","549","Error","Microsoft-Windows-StorPort","This is the first instance of the error seen during this time period                     
on Storport Device (Port = 0, Path = 0, Target = 0, Lun = 0) whose Corresponding Class Disk Device Guid is {00000000-0000-0000-0000-000000000000}:                     
The request opcode was 0xA0 and completed with SrbStatus 0x7 and ScsiStatus 0x0.                     
The sense code was (0x0,0x0,0x0).                     
The io latency was 0 ms."
"18-08-2026 13:41:07","549","Error","Microsoft-Windows-StorPort","This is the first instance of the error seen during this time period                     
on Storport Device (Port = 0, Path = 0, Target = 0, Lun = 0) whose Corresponding Class Disk Device Guid is {00000000-0000-0000-0000-000000000000}:                     
The request opcode was 0xA0 and completed with SrbStatus 0x7 and ScsiStatus 0x0.                     
The sense code was (0x0,0x0,0x0).                     
The io latency was 0 ms."
"18-08-2026 13:40:09","549","Error","Microsoft-Windows-StorPort","This is the first instance of the error seen during this time period                     
on Storport Device (Port = 0, Path = 0, Target = 0, Lun = 0) whose Corresponding Class Disk Device Guid is {00000000-0000-0000-0000-000000000000}:                     
The request opcode was 0xA0 and completed with SrbStatus 0x7 and ScsiStatus 0x0.                     
The sense code was (0x0,0x0,0x0).                     
The io latency was 0 ms."
"18-08-2026 13:39:11","549","Error","Microsoft-Windows-StorPort","This is the first instance of the error seen during this time period                     
on Storport Device (Port = 0, Path = 0, Target = 0, Lun = 0) whose Corresponding Class Disk Device Guid is {00000000-0000-0000-0000-000000000000}:                     
The request opcode was 0xA0 and completed with SrbStatus 0x7 and ScsiStatus 0x0.                     
The sense code was (0x0,0x0,0x0).                     
The io latency was 0 ms."
"18-08-2026 13:38:14","549","Error","Microsoft-Windows-StorPort","This is the first instance of the error seen during this time period                     
on Storport Device (Port = 0, Path = 0, Target = 0, Lun = 0) whose Corresponding Class Disk Device Guid is {00000000-0000-0000-0000-000000000000}:                     
The request opcode was 0xA0 and completed with SrbStatus 0x7 and ScsiStatus 0x0.                     
The sense code was (0x0,0x0,0x0).                     
The io latency was 0 ms."
"18-08-2026 13:37:16","549","Error","Microsoft-Windows-StorPort","This is the first instance of the error seen during this time period                     
on Storport Device (Port = 0, Path = 0, Target = 0, Lun = 0) whose Corresponding Class Disk Device Guid is {00000000-0000-0000-0000-000000000000}:                     
The request opcode was 0xA0 and completed with SrbStatus 0x7 and ScsiStatus 0x0.                     
The sense code was (0x0,0x0,0x0).                     
The io latency was 0 ms."
"18-08-2026 13:36:18","549","Error","Microsoft-Windows-StorPort","This is the first instance of the error seen during this time period                     
on Storport Device (Port = 0, Path = 0, Target = 0, Lun = 0) whose Corresponding Class Disk Device Guid is {00000000-0000-0000-0000-000000000000}:                     
The request opcode was 0xA0 and completed with SrbStatus 0x7 and ScsiStatus 0x0.                     
The sense code was (0x0,0x0,0x0).                     
The io latency was 0 ms."
"18-08-2026 13:35:20","549","Error","Microsoft-Windows-StorPort","This is the first instance of the error seen during this time period                     
on Storport Device (Port = 0, Path = 0, Target = 0, Lun = 0) whose Corresponding Class Disk Device Guid is {00000000-0000-0000-0000-000000000000}:                     
The request opcode was 0xA0 and completed with SrbStatus 0x7 and ScsiStatus 0x0.                     
The sense code was (0x0,0x0,0x0).                     
The io latency was 0 ms."
"18-08-2026 13:34:22","549","Error","Microsoft-Windows-StorPort","This is the first instance of the error seen during this time period                     
on Storport Device (Port = 0, Path = 0, Target = 0, Lun = 0) whose Corresponding Class Disk Device Guid is {00000000-0000-0000-0000-000000000000}:                     
The request opcode was 0xA0 and completed with SrbStatus 0x7 and ScsiStatus 0x0.                     
The sense code was (0x0,0x0,0x0).                     
The io latency was 0 ms."
"18-08-2026 13:33:25","549","Error","Microsoft-Windows-StorPort","This is the first instance of the error seen during this time period                     
on Storport Device (Port = 0, Path = 0, Target = 0, Lun = 0) whose Corresponding Class Disk Device Guid is {00000000-0000-0000-0000-000000000000}:                     
The request opcode was 0xA0 and completed with SrbStatus 0x7 and ScsiStatus 0x0.                     
The sense code was (0x0,0x0,0x0).                     
The io latency was 0 ms."
"18-08-2026 13:32:27","549","Error","Microsoft-Windows-StorPort","This is the first instance of the error seen during this time period                     
on Storport Device (Port = 0, Path = 0, Target = 0, Lun = 0) whose Corresponding Class Disk Device Guid is {00000000-0000-0000-0000-000000000000}:                     
The request opcode was 0xA0 and completed with SrbStatus 0x7 and ScsiStatus 0x0.                     
The sense code was (0x0,0x0,0x0).                     
The io latency was 0 ms."
"18-08-2026 13:31:29","549","Error","Microsoft-Windows-StorPort","This is the first instance of the error seen during this time period                     
on Storport Device (Port = 0, Path = 0, Target = 0, Lun = 0) whose Corresponding Class Disk Device Guid is {00000000-0000-0000-0000-000000000000}:                     
The request opcode was 0xA0 and completed with SrbStatus 0x7 and ScsiStatus 0x0.                     
The sense code was (0x0,0x0,0x0).                     
The io latency was 0 ms."
"18-08-2026 13:30:31","549","Error","Microsoft-Windows-StorPort","This is the first instance of the error seen during this time period                     
on Storport Device (Port = 0, Path = 0, Target = 0, Lun = 0) whose Corresponding Class Disk Device Guid is {00000000-0000-0000-0000-000000000000}:                     
The request opcode was 0xA0 and completed with SrbStatus 0x7 and ScsiStatus 0x0.                     
The sense code was (0x0,0x0,0x0).                     
The io latency was 0 ms."
"18-08-2026 13:29:34","549","Error","Microsoft-Windows-StorPort","This is the first instance of the error seen during this time period                     
on Storport Device (Port = 0, Path = 0, Target = 0, Lun = 0) whose Corresponding Class Disk Device Guid is {00000000-0000-0000-0000-000000000000}:                     
The request opcode was 0xA0 and completed with SrbStatus 0x7 and ScsiStatus 0x0.                     
The sense code was (0x0,0x0,0x0).                     
The io latency was 0 ms."
