"15-08-2026 05:11:32","1098","Error","Microsoft-Windows-AAD","Error: 0xCAA70004 The server or proxy was not found.
Exception of type 'class HttpException' at XMLHTTPWebRequest.cpp, line: 184, method: XMLHTTPWebRequest::ReceiveResponse.

Log: 0xcaa90051 Sending OAuth request failed.
Logged at OAuthTokenRequestBase.cpp, line: 323, method: OAuthTokenRequestBase::SendRequest.

Request: authority: https://login.microsoftonline.com/6ac7a1f4-5fb1-4153-bb4f-12d2020a1f7d, client: d3590ed6-52b3-4102-aeff-aad2292ab01c, redirect URI: ms-appx-web://Microsoft.AAD.BrokerPlugin/d3590ed6-52b3-4102-aeff-aad2292ab01c, resource: , correlation ID (request): 15fecb5a-39a6-4d51-af54-7a32b16ab71a"
"15-08-2026 05:11:31","1098","Error","Microsoft-Windows-AAD","Error: 0xCAA5001C Token broker operation failed.
Operation name: GetTokenSilently, Error: -895025148 (0xcaa70004), Description: The server or proxy was not found.
Logged at WebAccountProcessor.cpp, line: 723, method: AAD::Core::WebAccountProcessor::ReportOperationError."
"15-08-2026 05:11:31","1097","Warning","Microsoft-Windows-AAD","Error: 0xCAA90056 Renew token by the primary refresh token failed.
Logged at RefreshTokenRequest.cpp, line: 149, method: RefreshTokenRequest::AcquireToken.

Request: authority: https://login.microsoftonline.com/6ac7a1f4-5fb1-4153-bb4f-12d2020a1f7d, client: ab9b8c07-8f02-4f72-87fa-80105867a763, redirect URI: ms-appx-web://Microsoft.AAD.BrokerPlugin/ab9b8c07-8f02-4f72-87fa-80105867a763, resource: , correlation ID (request): fadb90ba-7f59-4b70-b758-ee21cfddcfef"
"15-08-2026 05:11:31","1098","Error","Microsoft-Windows-AAD","Error: 0xCAA70004 The server or proxy was not found.
Code: authentication_failed
Description: The server or proxy was not found.
TokenEndpoint: https://login.microsoftonline.com/6ac7a1f4-5fb1-4153-bb4f-12d2020a1f7d/oauth2/token
Logged at OAuthTokenRequestBase.cpp, line: 323, method: OAuthTokenRequestBase::SendRequest.

Request: authority: https://login.microsoftonline.com/6ac7a1f4-5fb1-4153-bb4f-12d2020a1f7d, client: ab9b8c07-8f02-4f72-87fa-80105867a763, redirect URI: ms-appx-web://Microsoft.AAD.BrokerPlugin/ab9b8c07-8f02-4f72-87fa-80105867a763, resource: , correlation ID (request): fadb90ba-7f59-4b70-b758-ee21cfddcfef"
"15-08-2026 05:11:31","1098","Error","Microsoft-Windows-AAD","Error: 0xCAA70004 The server or proxy was not found.
Exception of type 'class HttpException' at XMLHTTPWebRequest.cpp, line: 184, method: XMLHTTPWebRequest::ReceiveResponse.

Log: 0xcaa90051 Sending OAuth request failed.
Logged at OAuthTokenRequestBase.cpp, line: 323, method: OAuthTokenRequestBase::SendRequest.

Request: authority: https://login.microsoftonline.com/6ac7a1f4-5fb1-4153-bb4f-12d2020a1f7d, client: ab9b8c07-8f02-4f72-87fa-80105867a763, redirect URI: ms-appx-web://Microsoft.AAD.BrokerPlugin/ab9b8c07-8f02-4f72-87fa-80105867a763, resource: , correlation ID (request): fadb90ba-7f59-4b70-b758-ee21cfddcfef"
"15-08-2026 05:11:31","1098","Error","Microsoft-Windows-AAD","Error: 0xCAA5001C Token broker operation failed.
Operation name: GetTokenSilently, Error: -895025148 (0xcaa70004), Description: The server or proxy was not found.
Logged at WebAccountProcessor.cpp, line: 723, method: AAD::Core::WebAccountProcessor::ReportOperationError."
"15-08-2026 05:11:31","1097","Warning","Microsoft-Windows-AAD","Error: 0xCAA90056 Renew token by the primary refresh token failed.
Logged at RefreshTokenRequest.cpp, line: 149, method: RefreshTokenRequest::AcquireToken.

Request: authority: https://login.microsoftonline.com/6ac7a1f4-5fb1-4153-bb4f-12d2020a1f7d, client: d3590ed6-52b3-4102-aeff-aad2292ab01c, redirect URI: ms-appx-web://Microsoft.AAD.BrokerPlugin/d3590ed6-52b3-4102-aeff-aad2292ab01c, resource: , correlation ID (request): 19fd18db-1a98-4eb7-9bea-553df44e2f9d"
"15-08-2026 05:11:31","1098","Error","Microsoft-Windows-AAD","Error: 0xCAA70004 The server or proxy was not found.
Code: authentication_failed
Description: The server or proxy was not found.
TokenEndpoint: https://login.microsoftonline.com/6ac7a1f4-5fb1-4153-bb4f-12d2020a1f7d/oauth2/token
Logged at OAuthTokenRequestBase.cpp, line: 323, method: OAuthTokenRequestBase::SendRequest.

Request: authority: https://login.microsoftonline.com/6ac7a1f4-5fb1-4153-bb4f-12d2020a1f7d, client: d3590ed6-52b3-4102-aeff-aad2292ab01c, redirect URI: ms-appx-web://Microsoft.AAD.BrokerPlugin/d3590ed6-52b3-4102-aeff-aad2292ab01c, resource: , correlation ID (request): 19fd18db-1a98-4eb7-9bea-553df44e2f9d"
"15-08-2026 05:11:31","1098","Error","Microsoft-Windows-AAD","Error: 0xCAA70004 The server or proxy was not found.
Exception of type 'class HttpException' at XMLHTTPWebRequest.cpp, line: 184, method: XMLHTTPWebRequest::ReceiveResponse.

Log: 0xcaa90051 Sending OAuth request failed.
Logged at OAuthTokenRequestBase.cpp, line: 323, method: OAuthTokenRequestBase::SendRequest.

Request: authority: https://login.microsoftonline.com/6ac7a1f4-5fb1-4153-bb4f-12d2020a1f7d, client: d3590ed6-52b3-4102-aeff-aad2292ab01c, redirect URI: ms-appx-web://Microsoft.AAD.BrokerPlugin/d3590ed6-52b3-4102-aeff-aad2292ab01c, resource: , correlation ID (request): 19fd18db-1a98-4eb7-9bea-553df44e2f9d"
"15-08-2026 05:11:31","1098","Error","Microsoft-Windows-AAD","Error: 0xCAA5001C Token broker operation failed.
Operation name: GetTokenSilently, Error: -895025148 (0xcaa70004), Description: The server or proxy was not found.
Logged at WebAccountProcessor.cpp, line: 723, method: AAD::Core::WebAccountProcessor::ReportOperationError."
"15-08-2026 05:11:31","1097","Warning","Microsoft-Windows-AAD","Error: 0xCAA90056 Renew token by the primary refresh token failed.
Logged at RefreshTokenRequest.cpp, line: 149, method: RefreshTokenRequest::AcquireToken.

Request: authority: https://login.microsoftonline.com/6ac7a1f4-5fb1-4153-bb4f-12d2020a1f7d, client: d3590ed6-52b3-4102-aeff-aad2292ab01c, redirect URI: ms-appx-web://Microsoft.AAD.BrokerPlugin/d3590ed6-52b3-4102-aeff-aad2292ab01c, resource: , correlation ID (request): c0f9798d-5c3d-4c62-a822-653775610414"
"15-08-2026 05:11:31","1098","Error","Microsoft-Windows-AAD","Error: 0xCAA70004 The server or proxy was not found.
Code: authentication_failed
Description: The server or proxy was not found.
TokenEndpoint: https://login.microsoftonline.com/6ac7a1f4-5fb1-4153-bb4f-12d2020a1f7d/oauth2/token
Logged at OAuthTokenRequestBase.cpp, line: 323, method: OAuthTokenRequestBase::SendRequest.

Request: authority: https://login.microsoftonline.com/6ac7a1f4-5fb1-4153-bb4f-12d2020a1f7d, client: d3590ed6-52b3-4102-aeff-aad2292ab01c, redirect URI: ms-appx-web://Microsoft.AAD.BrokerPlugin/d3590ed6-52b3-4102-aeff-aad2292ab01c, resource: , correlation ID (request): c0f9798d-5c3d-4c62-a822-653775610414"
"15-08-2026 05:11:31","1098","Error","Microsoft-Windows-AAD","Error: 0xCAA70004 The server or proxy was not found.
Exception of type 'class HttpException' at XMLHTTPWebRequest.cpp, line: 184, method: XMLHTTPWebRequest::ReceiveResponse.

Log: 0xcaa90051 Sending OAuth request failed.
Logged at OAuthTokenRequestBase.cpp, line: 323, method: OAuthTokenRequestBase::SendRequest.

Request: authority: https://login.microsoftonline.com/6ac7a1f4-5fb1-4153-bb4f-12d2020a1f7d, client: d3590ed6-52b3-4102-aeff-aad2292ab01c, redirect URI: ms-appx-web://Microsoft.AAD.BrokerPlugin/d3590ed6-52b3-4102-aeff-aad2292ab01c, resource: , correlation ID (request): c0f9798d-5c3d-4c62-a822-653775610414"
"15-08-2026 05:11:31","1098","Error","Microsoft-Windows-AAD","Error: 0xCAA5001C Token broker operation failed.
Operation name: GetTokenSilently, Error: -895025148 (0xcaa70004), Description: The server or proxy was not found.
Logged at WebAccountProcessor.cpp, line: 723, method: AAD::Core::WebAccountProcessor::ReportOperationError."
"15-08-2026 05:11:31","1097","Warning","Microsoft-Windows-AAD","Error: 0xCAA90056 Renew token by the primary refresh token failed.
Logged at RefreshTokenRequest.cpp, line: 149, method: RefreshTokenRequest::AcquireToken.

Request: authority: https://login.microsoftonline.com/6ac7a1f4-5fb1-4153-bb4f-12d2020a1f7d, client: d3590ed6-52b3-4102-aeff-aad2292ab01c, redirect URI: ms-appx-web://Microsoft.AAD.BrokerPlugin/d3590ed6-52b3-4102-aeff-aad2292ab01c, resource: , correlation ID (request): 39519918-7b13-45cc-8cfc-32806c1a025f"
"15-08-2026 05:11:31","1098","Error","Microsoft-Windows-AAD","Error: 0xCAA70004 The server or proxy was not found.
Code: authentication_failed
Description: The server or proxy was not found.
TokenEndpoint: https://login.microsoftonline.com/6ac7a1f4-5fb1-4153-bb4f-12d2020a1f7d/oauth2/token
Logged at OAuthTokenRequestBase.cpp, line: 323, method: OAuthTokenRequestBase::SendRequest.

Request: authority: https://login.microsoftonline.com/6ac7a1f4-5fb1-4153-bb4f-12d2020a1f7d, client: d3590ed6-52b3-4102-aeff-aad2292ab01c, redirect URI: ms-appx-web://Microsoft.AAD.BrokerPlugin/d3590ed6-52b3-4102-aeff-aad2292ab01c, resource: , correlation ID (request): 39519918-7b13-45cc-8cfc-32806c1a025f"
"15-08-2026 05:11:31","1098","Error","Microsoft-Windows-AAD","Error: 0xCAA70004 The server or proxy was not found.
Exception of type 'class HttpException' at XMLHTTPWebRequest.cpp, line: 184, method: XMLHTTPWebRequest::ReceiveResponse.

Log: 0xcaa90051 Sending OAuth request failed.
Logged at OAuthTokenRequestBase.cpp, line: 323, method: OAuthTokenRequestBase::SendRequest.

Request: authority: https://login.microsoftonline.com/6ac7a1f4-5fb1-4153-bb4f-12d2020a1f7d, client: d3590ed6-52b3-4102-aeff-aad2292ab01c, redirect URI: ms-appx-web://Microsoft.AAD.BrokerPlugin/d3590ed6-52b3-4102-aeff-aad2292ab01c, resource: , correlation ID (request): 39519918-7b13-45cc-8cfc-32806c1a025f"
"15-08-2026 05:11:31","1098","Error","Microsoft-Windows-AAD","Error: 0xCAA5001C Token broker operation failed.
Operation name: GetTokenSilently, Error: -895025148 (0xcaa70004), Description: The server or proxy was not found.
Logged at WebAccountProcessor.cpp, line: 723, method: AAD::Core::WebAccountProcessor::ReportOperationError."
"15-08-2026 05:11:31","1097","Warning","Microsoft-Windows-AAD","Error: 0xCAA90056 Renew token by the primary refresh token failed.
Logged at RefreshTokenRequest.cpp, line: 149, method: RefreshTokenRequest::AcquireToken.

Request: authority: https://login.microsoftonline.com/6ac7a1f4-5fb1-4153-bb4f-12d2020a1f7d, client: ab9b8c07-8f02-4f72-87fa-80105867a763, redirect URI: ms-appx-web://Microsoft.AAD.BrokerPlugin/ab9b8c07-8f02-4f72-87fa-80105867a763, resource: , correlation ID (request): b47782ed-c64b-4789-87e5-6e24925e504c"
"15-08-2026 05:11:31","1098","Error","Microsoft-Windows-AAD","Error: 0xCAA70004 The server or proxy was not found.
Code: authentication_failed
Description: The server or proxy was not found.
TokenEndpoint: https://login.microsoftonline.com/6ac7a1f4-5fb1-4153-bb4f-12d2020a1f7d/oauth2/token
Logged at OAuthTokenRequestBase.cpp, line: 323, method: OAuthTokenRequestBase::SendRequest.

Request: authority: https://login.microsoftonline.com/6ac7a1f4-5fb1-4153-bb4f-12d2020a1f7d, client: ab9b8c07-8f02-4f72-87fa-80105867a763, redirect URI: ms-appx-web://Microsoft.AAD.BrokerPlugin/ab9b8c07-8f02-4f72-87fa-80105867a763, resource: , correlation ID (request): b47782ed-c64b-4789-87e5-6e24925e504c"
"15-08-2026 05:11:31","1098","Error","Microsoft-Windows-AAD","Error: 0xCAA70004 The server or proxy was not found.
Exception of type 'class HttpException' at XMLHTTPWebRequest.cpp, line: 184, method: XMLHTTPWebRequest::ReceiveResponse.

Log: 0xcaa90051 Sending OAuth request failed.
Logged at OAuthTokenRequestBase.cpp, line: 323, method: OAuthTokenRequestBase::SendRequest.

Request: authority: https://login.microsoftonline.com/6ac7a1f4-5fb1-4153-bb4f-12d2020a1f7d, client: ab9b8c07-8f02-4f72-87fa-80105867a763, redirect URI: ms-appx-web://Microsoft.AAD.BrokerPlugin/ab9b8c07-8f02-4f72-87fa-80105867a763, resource: , correlation ID (request): b47782ed-c64b-4789-87e5-6e24925e504c"
"15-08-2026 05:11:31","1098","Error","Microsoft-Windows-AAD","Error: 0xCAA5001C Token broker operation failed.
Operation name: GetTokenSilently, Error: -895025148 (0xcaa70004), Description: The server or proxy was not found.
Logged at WebAccountProcessor.cpp, line: 723, method: AAD::Core::WebAccountProcessor::ReportOperationError."
"15-08-2026 05:11:31","1097","Warning","Microsoft-Windows-AAD","Error: 0xCAA90056 Renew token by the primary refresh token failed.
Logged at RefreshTokenRequest.cpp, line: 149, method: RefreshTokenRequest::AcquireToken.

Request: authority: https://login.microsoftonline.com/6ac7a1f4-5fb1-4153-bb4f-12d2020a1f7d, client: d3590ed6-52b3-4102-aeff-aad2292ab01c, redirect URI: ms-appx-web://Microsoft.AAD.BrokerPlugin/d3590ed6-52b3-4102-aeff-aad2292ab01c, resource: , correlation ID (request): 15fecb5a-39a6-4d51-af54-7a32b16ab71a"
"15-08-2026 05:11:31","1098","Error","Microsoft-Windows-AAD","Error: 0xCAA70004 The server or proxy was not found.
Code: authentication_failed
Description: The server or proxy was not found.
TokenEndpoint: https://login.microsoftonline.com/6ac7a1f4-5fb1-4153-bb4f-12d2020a1f7d/oauth2/token
Logged at OAuthTokenRequestBase.cpp, line: 323, method: OAuthTokenRequestBase::SendRequest.

Request: authority: https://login.microsoftonline.com/6ac7a1f4-5fb1-4153-bb4f-12d2020a1f7d, client: d3590ed6-52b3-4102-aeff-aad2292ab01c, redirect URI: ms-appx-web://Microsoft.AAD.BrokerPlugin/d3590ed6-52b3-4102-aeff-aad2292ab01c, resource: , correlation ID (request): 15fecb5a-39a6-4d51-af54-7a32b16ab71a"
"15-08-2026 05:11:31","1098","Error","Microsoft-Windows-AAD","Error: 0xCAA70004 The server or proxy was not found.
Exception of type 'class HttpException' at XMLHTTPWebRequest.cpp, line: 184, method: XMLHTTPWebRequest::ReceiveResponse.

Log: 0xcaa90051 Sending OAuth request failed.
Logged at OAuthTokenRequestBase.cpp, line: 323, method: OAuthTokenRequestBase::SendRequest.

Request: authority: https://login.microsoftonline.com/6ac7a1f4-5fb1-4153-bb4f-12d2020a1f7d, client: d3590ed6-52b3-4102-aeff-aad2292ab01c, redirect URI: ms-appx-web://Microsoft.AAD.BrokerPlugin/d3590ed6-52b3-4102-aeff-aad2292ab01c, resource: , correlation ID (request): 15fecb5a-39a6-4d51-af54-7a32b16ab71a"
"15-08-2026 05:11:31","1098","Error","Microsoft-Windows-AAD","Error: 0xCAA5001C Token broker operation failed.
Operation name: GetTokenSilently, Error: -895025148 (0xcaa70004), Description: The server or proxy was not found.
Logged at WebAccountProcessor.cpp, line: 723, method: AAD::Core::WebAccountProcessor::ReportOperationError."
"15-08-2026 05:11:31","1097","Warning","Microsoft-Windows-AAD","Error: 0xCAA90056 Renew token by the primary refresh token failed.
Logged at RefreshTokenRequest.cpp, line: 149, method: RefreshTokenRequest::AcquireToken.

Request: authority: https://login.microsoftonline.com/6ac7a1f4-5fb1-4153-bb4f-12d2020a1f7d, client: d3590ed6-52b3-4102-aeff-aad2292ab01c, redirect URI: ms-appx-web://Microsoft.AAD.BrokerPlugin/d3590ed6-52b3-4102-aeff-aad2292ab01c, resource: , correlation ID (request): 588f4e60-d31c-40fc-ac01-e9e5f09b3b9b"
"15-08-2026 05:11:31","1098","Error","Microsoft-Windows-AAD","Error: 0xCAA70004 The server or proxy was not found.
Code: authentication_failed
Description: The server or proxy was not found.
TokenEndpoint: https://login.microsoftonline.com/6ac7a1f4-5fb1-4153-bb4f-12d2020a1f7d/oauth2/token
Logged at OAuthTokenRequestBase.cpp, line: 323, method: OAuthTokenRequestBase::SendRequest.

Request: authority: https://login.microsoftonline.com/6ac7a1f4-5fb1-4153-bb4f-12d2020a1f7d, client: d3590ed6-52b3-4102-aeff-aad2292ab01c, redirect URI: ms-appx-web://Microsoft.AAD.BrokerPlugin/d3590ed6-52b3-4102-aeff-aad2292ab01c, resource: , correlation ID (request): 588f4e60-d31c-40fc-ac01-e9e5f09b3b9b"
"15-08-2026 05:11:31","1098","Error","Microsoft-Windows-AAD","Error: 0xCAA70004 The server or proxy was not found.
Exception of type 'class HttpException' at XMLHTTPWebRequest.cpp, line: 184, method: XMLHTTPWebRequest::ReceiveResponse.

Log: 0xcaa90051 Sending OAuth request failed.
Logged at OAuthTokenRequestBase.cpp, line: 323, method: OAuthTokenRequestBase::SendRequest.

Request: authority: https://login.microsoftonline.com/6ac7a1f4-5fb1-4153-bb4f-12d2020a1f7d, client: d3590ed6-52b3-4102-aeff-aad2292ab01c, redirect URI: ms-appx-web://Microsoft.AAD.BrokerPlugin/d3590ed6-52b3-4102-aeff-aad2292ab01c, resource: , correlation ID (request): 588f4e60-d31c-40fc-ac01-e9e5f09b3b9b"
"15-08-2026 05:11:31","1098","Error","Microsoft-Windows-AAD","Error: 0xCAA5001C Token broker operation failed.
Operation name: GetTokenSilently, Error: -895025148 (0xcaa70004), Description: The server or proxy was not found.
Logged at WebAccountProcessor.cpp, line: 723, method: AAD::Core::WebAccountProcessor::ReportOperationError."
"15-08-2026 05:11:31","1097","Warning","Microsoft-Windows-AAD","Error: 0xCAA90056 Renew token by the primary refresh token failed.
Logged at RefreshTokenRequest.cpp, line: 149, method: RefreshTokenRequest::AcquireToken.

Request: authority: https://login.microsoftonline.com/6ac7a1f4-5fb1-4153-bb4f-12d2020a1f7d, client: d3590ed6-52b3-4102-aeff-aad2292ab01c, redirect URI: ms-appx-web://Microsoft.AAD.BrokerPlugin/d3590ed6-52b3-4102-aeff-aad2292ab01c, resource: , correlation ID (request): ff87c7ec-b2bb-4745-9671-ed536aa431bb"
"15-08-2026 05:11:31","1098","Error","Microsoft-Windows-AAD","Error: 0xCAA70004 The server or proxy was not found.
Code: authentication_failed
Description: The server or proxy was not found.
TokenEndpoint: https://login.microsoftonline.com/6ac7a1f4-5fb1-4153-bb4f-12d2020a1f7d/oauth2/token
Logged at OAuthTokenRequestBase.cpp, line: 323, method: OAuthTokenRequestBase::SendRequest.

Request: authority: https://login.microsoftonline.com/6ac7a1f4-5fb1-4153-bb4f-12d2020a1f7d, client: d3590ed6-52b3-4102-aeff-aad2292ab01c, redirect URI: ms-appx-web://Microsoft.AAD.BrokerPlugin/d3590ed6-52b3-4102-aeff-aad2292ab01c, resource: , correlation ID (request): ff87c7ec-b2bb-4745-9671-ed536aa431bb"
"15-08-2026 05:11:31","1098","Error","Microsoft-Windows-AAD","Error: 0xCAA70004 The server or proxy was not found.
Exception of type 'class HttpException' at XMLHTTPWebRequest.cpp, line: 184, method: XMLHTTPWebRequest::ReceiveResponse.

Log: 0xcaa90051 Sending OAuth request failed.
Logged at OAuthTokenRequestBase.cpp, line: 323, method: OAuthTokenRequestBase::SendRequest.

Request: authority: https://login.microsoftonline.com/6ac7a1f4-5fb1-4153-bb4f-12d2020a1f7d, client: d3590ed6-52b3-4102-aeff-aad2292ab01c, redirect URI: ms-appx-web://Microsoft.AAD.BrokerPlugin/d3590ed6-52b3-4102-aeff-aad2292ab01c, resource: , correlation ID (request): ff87c7ec-b2bb-4745-9671-ed536aa431bb"
"15-08-2026 05:11:31","1098","Error","Microsoft-Windows-AAD","Error: 0xCAA5001C Token broker operation failed.
Operation name: GetTokenSilently, Error: -895025148 (0xcaa70004), Description: The server or proxy was not found.
Logged at WebAccountProcessor.cpp, line: 723, method: AAD::Core::WebAccountProcessor::ReportOperationError."
"15-08-2026 05:11:31","1097","Warning","Microsoft-Windows-AAD","Error: 0xCAA90056 Renew token by the primary refresh token failed.
Logged at RefreshTokenRequest.cpp, line: 149, method: RefreshTokenRequest::AcquireToken.

Request: authority: https://login.microsoftonline.com/6ac7a1f4-5fb1-4153-bb4f-12d2020a1f7d, client: ab9b8c07-8f02-4f72-87fa-80105867a763, redirect URI: ms-appx-web://Microsoft.AAD.BrokerPlugin/ab9b8c07-8f02-4f72-87fa-80105867a763, resource: , correlation ID (request): 265fdec4-6f52-4789-91b5-bd3bedaabadc"
"15-08-2026 05:11:31","1098","Error","Microsoft-Windows-AAD","Error: 0xCAA70004 The server or proxy was not found.
Code: authentication_failed
Description: The server or proxy was not found.
TokenEndpoint: https://login.microsoftonline.com/6ac7a1f4-5fb1-4153-bb4f-12d2020a1f7d/oauth2/token
Logged at OAuthTokenRequestBase.cpp, line: 323, method: OAuthTokenRequestBase::SendRequest.

Request: authority: https://login.microsoftonline.com/6ac7a1f4-5fb1-4153-bb4f-12d2020a1f7d, client: ab9b8c07-8f02-4f72-87fa-80105867a763, redirect URI: ms-appx-web://Microsoft.AAD.BrokerPlugin/ab9b8c07-8f02-4f72-87fa-80105867a763, resource: , correlation ID (request): 265fdec4-6f52-4789-91b5-bd3bedaabadc"
"15-08-2026 05:11:31","1098","Error","Microsoft-Windows-AAD","Error: 0xCAA70004 The server or proxy was not found.
Exception of type 'class HttpException' at XMLHTTPWebRequest.cpp, line: 184, method: XMLHTTPWebRequest::ReceiveResponse.

Log: 0xcaa90051 Sending OAuth request failed.
Logged at OAuthTokenRequestBase.cpp, line: 323, method: OAuthTokenRequestBase::SendRequest.

Request: authority: https://login.microsoftonline.com/6ac7a1f4-5fb1-4153-bb4f-12d2020a1f7d, client: ab9b8c07-8f02-4f72-87fa-80105867a763, redirect URI: ms-appx-web://Microsoft.AAD.BrokerPlugin/ab9b8c07-8f02-4f72-87fa-80105867a763, resource: , correlation ID (request): 265fdec4-6f52-4789-91b5-bd3bedaabadc"
"15-08-2026 05:11:31","1098","Error","Microsoft-Windows-AAD","Error: 0xCAA5001C Token broker operation failed.
Operation name: GetTokenSilently, Error: -895025148 (0xcaa70004), Description: The server or proxy was not found.
Logged at WebAccountProcessor.cpp, line: 723, method: AAD::Core::WebAccountProcessor::ReportOperationError."
"15-08-2026 05:11:31","1097","Warning","Microsoft-Windows-AAD","Error: 0xCAA90056 Renew token by the primary refresh token failed.
Logged at RefreshTokenRequest.cpp, line: 149, method: RefreshTokenRequest::AcquireToken.

Request: authority: https://login.microsoftonline.com/6ac7a1f4-5fb1-4153-bb4f-12d2020a1f7d, client: d3590ed6-52b3-4102-aeff-aad2292ab01c, redirect URI: ms-appx-web://Microsoft.AAD.BrokerPlugin/d3590ed6-52b3-4102-aeff-aad2292ab01c, resource: , correlation ID (request): 6fb51588-8b40-4778-b49b-dd5f93444ae2"
"15-08-2026 05:11:31","1098","Error","Microsoft-Windows-AAD","Error: 0xCAA70004 The server or proxy was not found.
Code: authentication_failed
Description: The server or proxy was not found.
TokenEndpoint: https://login.microsoftonline.com/6ac7a1f4-5fb1-4153-bb4f-12d2020a1f7d/oauth2/token
Logged at OAuthTokenRequestBase.cpp, line: 323, method: OAuthTokenRequestBase::SendRequest.

Request: authority: https://login.microsoftonline.com/6ac7a1f4-5fb1-4153-bb4f-12d2020a1f7d, client: d3590ed6-52b3-4102-aeff-aad2292ab01c, redirect URI: ms-appx-web://Microsoft.AAD.BrokerPlugin/d3590ed6-52b3-4102-aeff-aad2292ab01c, resource: , correlation ID (request): 6fb51588-8b40-4778-b49b-dd5f93444ae2"
"15-08-2026 05:11:31","1098","Error","Microsoft-Windows-AAD","Error: 0xCAA70004 The server or proxy was not found.
Exception of type 'class HttpException' at XMLHTTPWebRequest.cpp, line: 184, method: XMLHTTPWebRequest::ReceiveResponse.

Log: 0xcaa90051 Sending OAuth request failed.
Logged at OAuthTokenRequestBase.cpp, line: 323, method: OAuthTokenRequestBase::SendRequest.

Request: authority: https://login.microsoftonline.com/6ac7a1f4-5fb1-4153-bb4f-12d2020a1f7d, client: d3590ed6-52b3-4102-aeff-aad2292ab01c, redirect URI: ms-appx-web://Microsoft.AAD.BrokerPlugin/d3590ed6-52b3-4102-aeff-aad2292ab01c, resource: , correlation ID (request): 6fb51588-8b40-4778-b49b-dd5f93444ae2"
"15-08-2026 05:11:31","1098","Error","Microsoft-Windows-AAD","Error: 0xCAA5001C Token broker operation failed.
Operation name: GetTokenSilently, Error: -895025148 (0xcaa70004), Description: The server or proxy was not found.
Logged at WebAccountProcessor.cpp, line: 723, method: AAD::Core::WebAccountProcessor::ReportOperationError."
"15-08-2026 05:11:31","1097","Warning","Microsoft-Windows-AAD","Error: 0xCAA90056 Renew token by the primary refresh token failed.
Logged at RefreshTokenRequest.cpp, line: 149, method: RefreshTokenRequest::AcquireToken.

Request: authority: https://login.microsoftonline.com/6ac7a1f4-5fb1-4153-bb4f-12d2020a1f7d, client: 0ec893e0-5785-4de6-99da-4ed124e5296c, redirect URI: ms-appx-web://Microsoft.AAD.BrokerPlugin/0ec893e0-5785-4de6-99da-4ed124e5296c, resource: , correlation ID (request): 01a002a6-edef-7bc6-96e0-4e940968c727"
"15-08-2026 05:11:31","1098","Error","Microsoft-Windows-AAD","Error: 0xCAA70004 The server or proxy was not found.
Code: authentication_failed
Description: The server or proxy was not found.
TokenEndpoint: https://login.microsoftonline.com/6ac7a1f4-5fb1-4153-bb4f-12d2020a1f7d/oauth2/token
Logged at OAuthTokenRequestBase.cpp, line: 323, method: OAuthTokenRequestBase::SendRequest.

Request: authority: https://login.microsoftonline.com/6ac7a1f4-5fb1-4153-bb4f-12d2020a1f7d, client: 0ec893e0-5785-4de6-99da-4ed124e5296c, redirect URI: ms-appx-web://Microsoft.AAD.BrokerPlugin/0ec893e0-5785-4de6-99da-4ed124e5296c, resource: , correlation ID (request): 01a002a6-edef-7bc6-96e0-4e940968c727"
"15-08-2026 05:11:31","1098","Error","Microsoft-Windows-AAD","Error: 0xCAA70004 The server or proxy was not found.
Exception of type 'class HttpException' at XMLHTTPWebRequest.cpp, line: 184, method: XMLHTTPWebRequest::ReceiveResponse.

Log: 0xcaa90051 Sending OAuth request failed.
Logged at OAuthTokenRequestBase.cpp, line: 323, method: OAuthTokenRequestBase::SendRequest.

Request: authority: https://login.microsoftonline.com/6ac7a1f4-5fb1-4153-bb4f-12d2020a1f7d, client: 0ec893e0-5785-4de6-99da-4ed124e5296c, redirect URI: ms-appx-web://Microsoft.AAD.BrokerPlugin/0ec893e0-5785-4de6-99da-4ed124e5296c, resource: , correlation ID (request): 01a002a6-edef-7bc6-96e0-4e940968c727"
"15-08-2026 05:11:31","1098","Error","Microsoft-Windows-AAD","Error: 0xCAA5001C Token broker operation failed.
Operation name: GetTokenSilently, Error: -895025148 (0xcaa70004), Description: The server or proxy was not found.
Logged at WebAccountProcessor.cpp, line: 723, method: AAD::Core::WebAccountProcessor::ReportOperationError."
"15-08-2026 05:11:31","1097","Warning","Microsoft-Windows-AAD","Error: 0xCAA90056 Renew token by the primary refresh token failed.
Logged at RefreshTokenRequest.cpp, line: 149, method: RefreshTokenRequest::AcquireToken.

Request: authority: https://login.microsoftonline.com/6ac7a1f4-5fb1-4153-bb4f-12d2020a1f7d, client: 0ec893e0-5785-4de6-99da-4ed124e5296c, redirect URI: ms-appx-web://Microsoft.AAD.BrokerPlugin/0ec893e0-5785-4de6-99da-4ed124e5296c, resource: , correlation ID (request): 01a002a6-edac-7483-85e1-3df2f143d4a7"
"15-08-2026 05:11:31","1098","Error","Microsoft-Windows-AAD","Error: 0xCAA70004 The server or proxy was not found.
Code: authentication_failed
Description: The server or proxy was not found.
TokenEndpoint: https://login.microsoftonline.com/6ac7a1f4-5fb1-4153-bb4f-12d2020a1f7d/oauth2/token
Logged at OAuthTokenRequestBase.cpp, line: 323, method: OAuthTokenRequestBase::SendRequest.

Request: authority: https://login.microsoftonline.com/6ac7a1f4-5fb1-4153-bb4f-12d2020a1f7d, client: 0ec893e0-5785-4de6-99da-4ed124e5296c, redirect URI: ms-appx-web://Microsoft.AAD.BrokerPlugin/0ec893e0-5785-4de6-99da-4ed124e5296c, resource: , correlation ID (request): 01a002a6-edac-7483-85e1-3df2f143d4a7"
"15-08-2026 05:11:31","1098","Error","Microsoft-Windows-AAD","Error: 0xCAA70004 The server or proxy was not found.
Exception of type 'class HttpException' at XMLHTTPWebRequest.cpp, line: 184, method: XMLHTTPWebRequest::ReceiveResponse.

Log: 0xcaa90051 Sending OAuth request failed.
Logged at OAuthTokenRequestBase.cpp, line: 323, method: OAuthTokenRequestBase::SendRequest.

Request: authority: https://login.microsoftonline.com/6ac7a1f4-5fb1-4153-bb4f-12d2020a1f7d, client: 0ec893e0-5785-4de6-99da-4ed124e5296c, redirect URI: ms-appx-web://Microsoft.AAD.BrokerPlugin/0ec893e0-5785-4de6-99da-4ed124e5296c, resource: , correlation ID (request): 01a002a6-edac-7483-85e1-3df2f143d4a7"
"15-08-2026 05:11:31","1098","Error","Microsoft-Windows-AAD","Error: 0xCAA5001C Token broker operation failed.
Operation name: GetTokenSilently, Error: -895025148 (0xcaa70004), Description: The server or proxy was not found.
Logged at WebAccountProcessor.cpp, line: 723, method: AAD::Core::WebAccountProcessor::ReportOperationError."
"15-08-2026 05:11:31","1097","Warning","Microsoft-Windows-AAD","Error: 0xCAA90056 Renew token by the primary refresh token failed.
Logged at RefreshTokenRequest.cpp, line: 149, method: RefreshTokenRequest::AcquireToken.

Request: authority: https://login.microsoftonline.com/6ac7a1f4-5fb1-4153-bb4f-12d2020a1f7d, client: c0ab8ce9-e9a0-42e7-b064-33d422df41f1, redirect URI: ms-appx-web://Microsoft.AAD.BrokerPlugin/c0ab8ce9-e9a0-42e7-b064-33d422df41f1, resource: , correlation ID (request): 4b1683f0-10d3-41b6-bb31-106d1d8c00f0"
"15-08-2026 05:11:31","1098","Error","Microsoft-Windows-AAD","Error: 0xCAA70004 The server or proxy was not found.
Code: authentication_failed
Description: The server or proxy was not found.
TokenEndpoint: https://login.microsoftonline.com/6ac7a1f4-5fb1-4153-bb4f-12d2020a1f7d/oauth2/token
Logged at OAuthTokenRequestBase.cpp, line: 323, method: OAuthTokenRequestBase::SendRequest.

Request: authority: https://login.microsoftonline.com/6ac7a1f4-5fb1-4153-bb4f-12d2020a1f7d, client: c0ab8ce9-e9a0-42e7-b064-33d422df41f1, redirect URI: ms-appx-web://Microsoft.AAD.BrokerPlugin/c0ab8ce9-e9a0-42e7-b064-33d422df41f1, resource: , correlation ID (request): 4b1683f0-10d3-41b6-bb31-106d1d8c00f0"
"15-08-2026 05:11:31","1098","Error","Microsoft-Windows-AAD","Error: 0xCAA70004 The server or proxy was not found.
Exception of type 'class HttpException' at XMLHTTPWebRequest.cpp, line: 184, method: XMLHTTPWebRequest::ReceiveResponse.

Log: 0xcaa90051 Sending OAuth request failed.
Logged at OAuthTokenRequestBase.cpp, line: 323, method: OAuthTokenRequestBase::SendRequest.

Request: authority: https://login.microsoftonline.com/6ac7a1f4-5fb1-4153-bb4f-12d2020a1f7d, client: c0ab8ce9-e9a0-42e7-b064-33d422df41f1, redirect URI: ms-appx-web://Microsoft.AAD.BrokerPlugin/c0ab8ce9-e9a0-42e7-b064-33d422df41f1, resource: , correlation ID (request): 4b1683f0-10d3-41b6-bb31-106d1d8c00f0"
"15-08-2026 05:11:31","1098","Error","Microsoft-Windows-AAD","Error: 0xCAA5001C Token broker operation failed.
Operation name: GetTokenSilently, Error: -895025148 (0xcaa70004), Description: The server or proxy was not found.
Logged at WebAccountProcessor.cpp, line: 723, method: AAD::Core::WebAccountProcessor::ReportOperationError."
"15-08-2026 05:11:31","1097","Warning","Microsoft-Windows-AAD","Error: 0xCAA90056 Renew token by the primary refresh token failed.
Logged at RefreshTokenRequest.cpp, line: 149, method: RefreshTokenRequest::AcquireToken.

Request: authority: https://login.microsoftonline.com/6ac7a1f4-5fb1-4153-bb4f-12d2020a1f7d, client: d7b530a4-7680-4c23-a8bf-c52c121d2e87, redirect URI: ms-appx-web://Microsoft.AAD.BrokerPlugin/d7b530a4-7680-4c23-a8bf-c52c121d2e87, resource: , correlation ID (request): 56326f06-a568-4775-a49d-4db7fb61fcc3"
"15-08-2026 05:11:31","1098","Error","Microsoft-Windows-AAD","Error: 0xCAA70004 The server or proxy was not found.
Code: authentication_failed
Description: The server or proxy was not found.
TokenEndpoint: https://login.microsoftonline.com/6ac7a1f4-5fb1-4153-bb4f-12d2020a1f7d/oauth2/token
Logged at OAuthTokenRequestBase.cpp, line: 323, method: OAuthTokenRequestBase::SendRequest.

Request: authority: https://login.microsoftonline.com/6ac7a1f4-5fb1-4153-bb4f-12d2020a1f7d, client: d7b530a4-7680-4c23-a8bf-c52c121d2e87, redirect URI: ms-appx-web://Microsoft.AAD.BrokerPlugin/d7b530a4-7680-4c23-a8bf-c52c121d2e87, resource: , correlation ID (request): 56326f06-a568-4775-a49d-4db7fb61fcc3"
"15-08-2026 05:11:31","1098","Error","Microsoft-Windows-AAD","Error: 0xCAA70004 The server or proxy was not found.
Exception of type 'class HttpException' at XMLHTTPWebRequest.cpp, line: 184, method: XMLHTTPWebRequest::ReceiveResponse.

Log: 0xcaa90051 Sending OAuth request failed.
Logged at OAuthTokenRequestBase.cpp, line: 323, method: OAuthTokenRequestBase::SendRequest.

Request: authority: https://login.microsoftonline.com/6ac7a1f4-5fb1-4153-bb4f-12d2020a1f7d, client: d7b530a4-7680-4c23-a8bf-c52c121d2e87, redirect URI: ms-appx-web://Microsoft.AAD.BrokerPlugin/d7b530a4-7680-4c23-a8bf-c52c121d2e87, resource: , correlation ID (request): 56326f06-a568-4775-a49d-4db7fb61fcc3"
"15-08-2026 05:11:31","1098","Error","Microsoft-Windows-AAD","Error: 0xCAA5001C Token broker operation failed.
Operation name: GetTokenSilently, Error: -895025148 (0xcaa70004), Description: The server or proxy was not found.
Logged at WebAccountProcessor.cpp, line: 723, method: AAD::Core::WebAccountProcessor::ReportOperationError."
"15-08-2026 05:11:31","1097","Warning","Microsoft-Windows-AAD","Error: 0xCAA90056 Renew token by the primary refresh token failed.
Logged at RefreshTokenRequest.cpp, line: 149, method: RefreshTokenRequest::AcquireToken.

Request: authority: https://login.microsoftonline.com/6ac7a1f4-5fb1-4153-bb4f-12d2020a1f7d, client: c0ab8ce9-e9a0-42e7-b064-33d422df41f1, redirect URI: ms-appx-web://Microsoft.AAD.BrokerPlugin/c0ab8ce9-e9a0-42e7-b064-33d422df41f1, resource: , correlation ID (request): 20bf248e-cfc8-439c-a24f-b79424528444"
"15-08-2026 05:11:31","1098","Error","Microsoft-Windows-AAD","Error: 0xCAA70004 The server or proxy was not found.
Code: authentication_failed
Description: The server or proxy was not found.
TokenEndpoint: https://login.microsoftonline.com/6ac7a1f4-5fb1-4153-bb4f-12d2020a1f7d/oauth2/token
Logged at OAuthTokenRequestBase.cpp, line: 323, method: OAuthTokenRequestBase::SendRequest.

Request: authority: https://login.microsoftonline.com/6ac7a1f4-5fb1-4153-bb4f-12d2020a1f7d, client: c0ab8ce9-e9a0-42e7-b064-33d422df41f1, redirect URI: ms-appx-web://Microsoft.AAD.BrokerPlugin/c0ab8ce9-e9a0-42e7-b064-33d422df41f1, resource: , correlation ID (request): 20bf248e-cfc8-439c-a24f-b79424528444"
"15-08-2026 05:11:31","1098","Error","Microsoft-Windows-AAD","Error: 0xCAA70004 The server or proxy was not found.
Exception of type 'class HttpException' at XMLHTTPWebRequest.cpp, line: 184, method: XMLHTTPWebRequest::ReceiveResponse.

Log: 0xcaa90051 Sending OAuth request failed.
Logged at OAuthTokenRequestBase.cpp, line: 323, method: OAuthTokenRequestBase::SendRequest.

Request: authority: https://login.microsoftonline.com/6ac7a1f4-5fb1-4153-bb4f-12d2020a1f7d, client: c0ab8ce9-e9a0-42e7-b064-33d422df41f1, redirect URI: ms-appx-web://Microsoft.AAD.BrokerPlugin/c0ab8ce9-e9a0-42e7-b064-33d422df41f1, resource: , correlation ID (request): 20bf248e-cfc8-439c-a24f-b79424528444"
"15-08-2026 05:11:31","1098","Error","Microsoft-Windows-AAD","Error: 0xCAA5001C Token broker operation failed.
Operation name: GetTokenSilently, Error: -895025148 (0xcaa70004), Description: The server or proxy was not found.
Logged at WebAccountProcessor.cpp, line: 723, method: AAD::Core::WebAccountProcessor::ReportOperationError."
"15-08-2026 05:11:31","1097","Warning","Microsoft-Windows-AAD","Error: 0xCAA90056 Renew token by the primary refresh token failed.
Logged at RefreshTokenRequest.cpp, line: 149, method: RefreshTokenRequest::AcquireToken.

Request: authority: https://login.microsoftonline.com/6ac7a1f4-5fb1-4153-bb4f-12d2020a1f7d, client: ab9b8c07-8f02-4f72-87fa-80105867a763, redirect URI: ms-appx-web://Microsoft.AAD.BrokerPlugin/ab9b8c07-8f02-4f72-87fa-80105867a763, resource: , correlation ID (request): db84096f-a66e-49d4-ad27-7c48493f2281"
"15-08-2026 05:11:31","1098","Error","Microsoft-Windows-AAD","Error: 0xCAA70004 The server or proxy was not found.
Code: authentication_failed
Description: The server or proxy was not found.
TokenEndpoint: https://login.microsoftonline.com/6ac7a1f4-5fb1-4153-bb4f-12d2020a1f7d/oauth2/token
Logged at OAuthTokenRequestBase.cpp, line: 323, method: OAuthTokenRequestBase::SendRequest.

Request: authority: https://login.microsoftonline.com/6ac7a1f4-5fb1-4153-bb4f-12d2020a1f7d, client: ab9b8c07-8f02-4f72-87fa-80105867a763, redirect URI: ms-appx-web://Microsoft.AAD.BrokerPlugin/ab9b8c07-8f02-4f72-87fa-80105867a763, resource: , correlation ID (request): db84096f-a66e-49d4-ad27-7c48493f2281"
"15-08-2026 05:11:31","1098","Error","Microsoft-Windows-AAD","Error: 0xCAA70004 The server or proxy was not found.
Exception of type 'class HttpException' at XMLHTTPWebRequest.cpp, line: 184, method: XMLHTTPWebRequest::ReceiveResponse.

Log: 0xcaa90051 Sending OAuth request failed.
Logged at OAuthTokenRequestBase.cpp, line: 323, method: OAuthTokenRequestBase::SendRequest.

Request: authority: https://login.microsoftonline.com/6ac7a1f4-5fb1-4153-bb4f-12d2020a1f7d, client: ab9b8c07-8f02-4f72-87fa-80105867a763, redirect URI: ms-appx-web://Microsoft.AAD.BrokerPlugin/ab9b8c07-8f02-4f72-87fa-80105867a763, resource: , correlation ID (request): db84096f-a66e-49d4-ad27-7c48493f2281"
"15-08-2026 05:11:31","1098","Error","Microsoft-Windows-AAD","Error: 0xCAA5001C Token broker operation failed.
Operation name: GetTokenSilently, Error: -895025148 (0xcaa70004), Description: The server or proxy was not found.
Logged at WebAccountProcessor.cpp, line: 723, method: AAD::Core::WebAccountProcessor::ReportOperationError."
"15-08-2026 05:11:31","1098","Error","Microsoft-Windows-AAD","Error: 0xCAA5001C Token broker operation failed.
Operation name: GetTokenSilently, Error: -895025148 (0xcaa70004), Description: The server or proxy was not found.
Logged at WebAccountProcessor.cpp, line: 723, method: AAD::Core::WebAccountProcessor::ReportOperationError."
"15-08-2026 05:11:31","1098","Error","Microsoft-Windows-AAD","Error: 0xCAA5001C Token broker operation failed.
Operation name: GetTokenSilently, Error: -895025148 (0xcaa70004), Description: The server or proxy was not found.
Logged at WebAccountProcessor.cpp, line: 723, method: AAD::Core::WebAccountProcessor::ReportOperationError."
"15-08-2026 05:11:31","1097","Warning","Microsoft-Windows-AAD","Error: 0xCAA90056 Renew token by the primary refresh token failed.
Logged at RefreshTokenRequest.cpp, line: 149, method: RefreshTokenRequest::AcquireToken.

Request: authority: https://login.microsoftonline.com/6ac7a1f4-5fb1-4153-bb4f-12d2020a1f7d, client: ecd6b820-32c2-49b6-98a6-444530e5a77a, redirect URI: ms-appx-web://Microsoft.AAD.BrokerPlugin/ecd6b820-32c2-49b6-98a6-444530e5a77a, resource: , correlation ID (request): 1ad55e3a-892b-4d18-acc2-d068afc7fea8"
"15-08-2026 05:11:31","1098","Error","Microsoft-Windows-AAD","Error: 0xCAA70004 The server or proxy was not found.
Code: authentication_failed
Description: The server or proxy was not found.
TokenEndpoint: https://login.microsoftonline.com/6ac7a1f4-5fb1-4153-bb4f-12d2020a1f7d/oauth2/token
Logged at OAuthTokenRequestBase.cpp, line: 323, method: OAuthTokenRequestBase::SendRequest.

Request: authority: https://login.microsoftonline.com/6ac7a1f4-5fb1-4153-bb4f-12d2020a1f7d, client: ecd6b820-32c2-49b6-98a6-444530e5a77a, redirect URI: ms-appx-web://Microsoft.AAD.BrokerPlugin/ecd6b820-32c2-49b6-98a6-444530e5a77a, resource: , correlation ID (request): 1ad55e3a-892b-4d18-acc2-d068afc7fea8"
"15-08-2026 05:11:31","1098","Error","Microsoft-Windows-AAD","Error: 0xCAA70004 The server or proxy was not found.
Exception of type 'class HttpException' at XMLHTTPWebRequest.cpp, line: 184, method: XMLHTTPWebRequest::ReceiveResponse.

Log: 0xcaa90051 Sending OAuth request failed.
Logged at OAuthTokenRequestBase.cpp, line: 323, method: OAuthTokenRequestBase::SendRequest.

Request: authority: https://login.microsoftonline.com/6ac7a1f4-5fb1-4153-bb4f-12d2020a1f7d, client: ecd6b820-32c2-49b6-98a6-444530e5a77a, redirect URI: ms-appx-web://Microsoft.AAD.BrokerPlugin/ecd6b820-32c2-49b6-98a6-444530e5a77a, resource: , correlation ID (request): 1ad55e3a-892b-4d18-acc2-d068afc7fea8"
"15-08-2026 05:11:31","1097","Warning","Microsoft-Windows-AAD","Error: 0xCAA90056 Renew token by the primary refresh token failed.
Logged at RefreshTokenRequest.cpp, line: 149, method: RefreshTokenRequest::AcquireToken.

Request: authority: https://login.microsoftonline.com/6ac7a1f4-5fb1-4153-bb4f-12d2020a1f7d, client: 4765445b-32c6-49b0-83e6-1d93765276ca, redirect URI: ms-appx-web://Microsoft.AAD.BrokerPlugin/4765445b-32c6-49b0-83e6-1d93765276ca, resource: , correlation ID (request): e21b7ed7-71c0-4ff5-b560-8d19823a4d92"
"15-08-2026 05:11:31","1098","Error","Microsoft-Windows-AAD","Error: 0xCAA70004 The server or proxy was not found.
Code: authentication_failed
Description: The server or proxy was not found.
TokenEndpoint: https://login.microsoftonline.com/6ac7a1f4-5fb1-4153-bb4f-12d2020a1f7d/oauth2/token
Logged at OAuthTokenRequestBase.cpp, line: 323, method: OAuthTokenRequestBase::SendRequest.

Request: authority: https://login.microsoftonline.com/6ac7a1f4-5fb1-4153-bb4f-12d2020a1f7d, client: 4765445b-32c6-49b0-83e6-1d93765276ca, redirect URI: ms-appx-web://Microsoft.AAD.BrokerPlugin/4765445b-32c6-49b0-83e6-1d93765276ca, resource: , correlation ID (request): e21b7ed7-71c0-4ff5-b560-8d19823a4d92"
"15-08-2026 05:11:31","1098","Error","Microsoft-Windows-AAD","Error: 0xCAA70004 The server or proxy was not found.
Exception of type 'class HttpException' at XMLHTTPWebRequest.cpp, line: 184, method: XMLHTTPWebRequest::ReceiveResponse.

Log: 0xcaa90051 Sending OAuth request failed.
Logged at OAuthTokenRequestBase.cpp, line: 323, method: OAuthTokenRequestBase::SendRequest.

Request: authority: https://login.microsoftonline.com/6ac7a1f4-5fb1-4153-bb4f-12d2020a1f7d, client: 4765445b-32c6-49b0-83e6-1d93765276ca, redirect URI: ms-appx-web://Microsoft.AAD.BrokerPlugin/4765445b-32c6-49b0-83e6-1d93765276ca, resource: , correlation ID (request): e21b7ed7-71c0-4ff5-b560-8d19823a4d92"
"15-08-2026 05:11:31","1098","Error","Microsoft-Windows-AAD","Error: 0xCAA5001C Token broker operation failed.
Operation name: GetTokenSilently, Error: -895025148 (0xcaa70004), Description: The server or proxy was not found.
Logged at WebAccountProcessor.cpp, line: 723, method: AAD::Core::WebAccountProcessor::ReportOperationError."
"15-08-2026 05:11:31","1098","Error","Microsoft-Windows-AAD","Error: 0xCAA5001C Token broker operation failed.
Operation name: GetTokenSilently, Error: -895025148 (0xcaa70004), Description: The server or proxy was not found.
Logged at WebAccountProcessor.cpp, line: 723, method: AAD::Core::WebAccountProcessor::ReportOperationError."
"15-08-2026 05:11:31","1098","Error","Microsoft-Windows-AAD","Error: 0xCAA5001C Token broker operation failed.
Operation name: GetTokenSilently, Error: -895025148 (0xcaa70004), Description: The server or proxy was not found.
Logged at WebAccountProcessor.cpp, line: 723, method: AAD::Core::WebAccountProcessor::ReportOperationError."
"15-08-2026 05:11:31","1098","Error","Microsoft-Windows-AAD","Error: 0xCAA5001C Token broker operation failed.
Operation name: GetTokenSilently, Error: -895025148 (0xcaa70004), Description: The server or proxy was not found.
Logged at WebAccountProcessor.cpp, line: 723, method: AAD::Core::WebAccountProcessor::ReportOperationError."
"15-08-2026 05:11:31","1098","Error","Microsoft-Windows-AAD","Error: 0xCAA5001C Token broker operation failed.
Operation name: GetTokenSilently, Error: -895025148 (0xcaa70004), Description: The server or proxy was not found.
Logged at WebAccountProcessor.cpp, line: 723, method: AAD::Core::WebAccountProcessor::ReportOperationError."
"15-08-2026 05:11:31","1098","Error","Microsoft-Windows-AAD","Error: 0xCAA5001C Token broker operation failed.
Operation name: GetTokenSilently, Error: -895025148 (0xcaa70004), Description: The server or proxy was not found.
Logged at WebAccountProcessor.cpp, line: 723, method: AAD::Core::WebAccountProcessor::ReportOperationError."
"15-08-2026 05:11:31","1097","Warning","Microsoft-Windows-AAD","Error: 0xCAA90056 Renew token by the primary refresh token failed.
Logged at RefreshTokenRequest.cpp, line: 149, method: RefreshTokenRequest::AcquireToken.

Request: authority: https://login.microsoftonline.com/6ac7a1f4-5fb1-4153-bb4f-12d2020a1f7d, client: d3590ed6-52b3-4102-aeff-aad2292ab01c, redirect URI: ms-appx-web://Microsoft.AAD.BrokerPlugin/d3590ed6-52b3-4102-aeff-aad2292ab01c, resource: , correlation ID (request): 0c168625-2ebd-4cc3-886d-fa9d14836ceb"
"15-08-2026 05:11:31","1097","Warning","Microsoft-Windows-AAD","Error: 0xCAA90056 Renew token by the primary refresh token failed.
Logged at RefreshTokenRequest.cpp, line: 149, method: RefreshTokenRequest::AcquireToken.

Request: authority: https://login.microsoftonline.com/6ac7a1f4-5fb1-4153-bb4f-12d2020a1f7d, client: 0ec893e0-5785-4de6-99da-4ed124e5296c, redirect URI: ms-appx-web://Microsoft.AAD.BrokerPlugin/0ec893e0-5785-4de6-99da-4ed124e5296c, resource: , correlation ID (request): 3bb06c0f-1500-46e1-8246-79f47d96d674"
"15-08-2026 05:11:31","1098","Error","Microsoft-Windows-AAD","Error: 0xCAA70004 The server or proxy was not found.
Code: authentication_failed
Description: The server or proxy was not found.
TokenEndpoint: https://login.microsoftonline.com/6ac7a1f4-5fb1-4153-bb4f-12d2020a1f7d/oauth2/token
Logged at OAuthTokenRequestBase.cpp, line: 323, method: OAuthTokenRequestBase::SendRequest.

Request: authority: https://login.microsoftonline.com/6ac7a1f4-5fb1-4153-bb4f-12d2020a1f7d, client: d3590ed6-52b3-4102-aeff-aad2292ab01c, redirect URI: ms-appx-web://Microsoft.AAD.BrokerPlugin/d3590ed6-52b3-4102-aeff-aad2292ab01c, resource: , correlation ID (request): 0c168625-2ebd-4cc3-886d-fa9d14836ceb"
"15-08-2026 05:11:31","1098","Error","Microsoft-Windows-AAD","Error: 0xCAA70004 The server or proxy was not found.
Code: authentication_failed
Description: The server or proxy was not found.
TokenEndpoint: https://login.microsoftonline.com/6ac7a1f4-5fb1-4153-bb4f-12d2020a1f7d/oauth2/token
Logged at OAuthTokenRequestBase.cpp, line: 323, method: OAuthTokenRequestBase::SendRequest.

Request: authority: https://login.microsoftonline.com/6ac7a1f4-5fb1-4153-bb4f-12d2020a1f7d, client: 0ec893e0-5785-4de6-99da-4ed124e5296c, redirect URI: ms-appx-web://Microsoft.AAD.BrokerPlugin/0ec893e0-5785-4de6-99da-4ed124e5296c, resource: , correlation ID (request): 3bb06c0f-1500-46e1-8246-79f47d96d674"
"15-08-2026 05:11:31","1098","Error","Microsoft-Windows-AAD","Error: 0xCAA70004 The server or proxy was not found.
Exception of type 'class HttpException' at XMLHTTPWebRequest.cpp, line: 184, method: XMLHTTPWebRequest::ReceiveResponse.

Log: 0xcaa90051 Sending OAuth request failed.
Logged at OAuthTokenRequestBase.cpp, line: 323, method: OAuthTokenRequestBase::SendRequest.

Request: authority: https://login.microsoftonline.com/6ac7a1f4-5fb1-4153-bb4f-12d2020a1f7d, client: d3590ed6-52b3-4102-aeff-aad2292ab01c, redirect URI: ms-appx-web://Microsoft.AAD.BrokerPlugin/d3590ed6-52b3-4102-aeff-aad2292ab01c, resource: , correlation ID (request): 0c168625-2ebd-4cc3-886d-fa9d14836ceb"
"15-08-2026 05:11:31","1098","Error","Microsoft-Windows-AAD","Error: 0xCAA70004 The server or proxy was not found.
Exception of type 'class HttpException' at XMLHTTPWebRequest.cpp, line: 184, method: XMLHTTPWebRequest::ReceiveResponse.

Log: 0xcaa90051 Sending OAuth request failed.
Logged at OAuthTokenRequestBase.cpp, line: 323, method: OAuthTokenRequestBase::SendRequest.

Request: authority: https://login.microsoftonline.com/6ac7a1f4-5fb1-4153-bb4f-12d2020a1f7d, client: 0ec893e0-5785-4de6-99da-4ed124e5296c, redirect URI: ms-appx-web://Microsoft.AAD.BrokerPlugin/0ec893e0-5785-4de6-99da-4ed124e5296c, resource: , correlation ID (request): 3bb06c0f-1500-46e1-8246-79f47d96d674"
"15-08-2026 05:11:31","1097","Warning","Microsoft-Windows-AAD","Error: 0xCAA90056 Renew token by the primary refresh token failed.
Logged at RefreshTokenRequest.cpp, line: 149, method: RefreshTokenRequest::AcquireToken.

Request: authority: https://login.microsoftonline.com/6ac7a1f4-5fb1-4153-bb4f-12d2020a1f7d, client: ecd6b820-32c2-49b6-98a6-444530e5a77a, redirect URI: ms-appx-web://Microsoft.AAD.BrokerPlugin/ecd6b820-32c2-49b6-98a6-444530e5a77a, resource: , correlation ID (request): c4a7b1fe-bcb8-4ebd-ac04-6d740ad74831"
"15-08-2026 05:11:31","1098","Error","Microsoft-Windows-AAD","Error: 0xCAA70004 The server or proxy was not found.
Code: authentication_failed
Description: The server or proxy was not found.
TokenEndpoint: https://login.microsoftonline.com/6ac7a1f4-5fb1-4153-bb4f-12d2020a1f7d/oauth2/token
Logged at OAuthTokenRequestBase.cpp, line: 323, method: OAuthTokenRequestBase::SendRequest.

Request: authority: https://login.microsoftonline.com/6ac7a1f4-5fb1-4153-bb4f-12d2020a1f7d, client: ecd6b820-32c2-49b6-98a6-444530e5a77a, redirect URI: ms-appx-web://Microsoft.AAD.BrokerPlugin/ecd6b820-32c2-49b6-98a6-444530e5a77a, resource: , correlation ID (request): c4a7b1fe-bcb8-4ebd-ac04-6d740ad74831"
"15-08-2026 05:11:31","1098","Error","Microsoft-Windows-AAD","Error: 0xCAA70004 The server or proxy was not found.
Exception of type 'class HttpException' at XMLHTTPWebRequest.cpp, line: 184, method: XMLHTTPWebRequest::ReceiveResponse.

Log: 0xcaa90051 Sending OAuth request failed.
Logged at OAuthTokenRequestBase.cpp, line: 323, method: OAuthTokenRequestBase::SendRequest.

Request: authority: https://login.microsoftonline.com/6ac7a1f4-5fb1-4153-bb4f-12d2020a1f7d, client: ecd6b820-32c2-49b6-98a6-444530e5a77a, redirect URI: ms-appx-web://Microsoft.AAD.BrokerPlugin/ecd6b820-32c2-49b6-98a6-444530e5a77a, resource: , correlation ID (request): c4a7b1fe-bcb8-4ebd-ac04-6d740ad74831"
