"TimeCreated","Id","LevelDisplayName","ProviderName","Message"
"19-08-2026 14:09:51","65","Information","Microsoft-Windows-Audio","MMDevAPI: Audio device state changed"
"19-08-2026 14:09:51","65","Information","Microsoft-Windows-Audio","MMDevAPI: Audio device state changed"
"19-08-2026 14:09:08","177","Information","Microsoft-Windows-Audio","Received console locked notification"
"19-08-2026 14:09:06","65","Information","Microsoft-Windows-Audio","MMDevAPI: Audio device state changed"
"19-08-2026 14:09:05","179","Information","Microsoft-Windows-Audio","Received session display notification"
"19-08-2026 13:29:13","179","Information","Microsoft-Windows-Audio","Received session display notification"
"19-08-2026 13:29:08","65","Information","Microsoft-Windows-Audio","MMDevAPI: Audio device state changed"
"19-08-2026 13:28:42","177","Information","Microsoft-Windows-Audio","Received console locked notification"
"19-08-2026 12:18:30","177","Information","Microsoft-Windows-Audio","Received console locked notification"
"19-08-2026 12:18:29","65","Information","Microsoft-Windows-Audio","MMDevAPI: Audio device state changed"
"19-08-2026 12:18:27","179","Information","Microsoft-Windows-Audio","Received session display notification"
"19-08-2026 11:59:19","179","Information","Microsoft-Windows-Audio","Received session display notification"
"19-08-2026 11:59:14","65","Information","Microsoft-Windows-Audio","MMDevAPI: Audio device state changed"
"19-08-2026 11:58:48","177","Information","Microsoft-Windows-Audio","Received console locked notification"
"19-08-2026 11:37:41","65","Information","Microsoft-Windows-Audio","MMDevAPI: Audio device state changed"
"19-08-2026 11:33:35","179","Information","Microsoft-Windows-Audio","Received session display notification"
"19-08-2026 11:22:21","179","Information","Microsoft-Windows-Audio","Received session display notification"
"19-08-2026 11:22:06","179","Information","Microsoft-Windows-Audio","Received session display notification"
"19-08-2026 11:11:38","179","Information","Microsoft-Windows-Audio","Received session display notification"
"19-08-2026 11:10:19","179","Information","Microsoft-Windows-Audio","Received session display notification"
"19-08-2026 11:10:04","179","Information","Microsoft-Windows-Audio","Received session display notification"
"19-08-2026 11:07:21","65","Information","Microsoft-Windows-Audio","MMDevAPI: Audio device state changed"
"19-08-2026 11:07:07","179","Information","Microsoft-Windows-Audio","Received session display notification"
"19-08-2026 11:07:03","179","Information","Microsoft-Windows-Audio","Received session display notification"
"19-08-2026 11:02:09","65","Information","Microsoft-Windows-Audio","MMDevAPI: Audio device state changed"
"19-08-2026 11:02:08","179","Information","Microsoft-Windows-Audio","Received session display notification"
"19-08-2026 11:02:06","65","Information","Microsoft-Windows-Audio","MMDevAPI: Audio device state changed"
"19-08-2026 11:01:55","179","Information","Microsoft-Windows-Audio","Received session display notification"
"19-08-2026 10:57:02","179","Information","Microsoft-Windows-Audio","Received session display notification"
"19-08-2026 10:56:59","179","Information","Microsoft-Windows-Audio","Received session display notification"
"19-08-2026 10:30:46","65","Information","Microsoft-Windows-Audio","MMDevAPI: Audio device state changed"
"19-08-2026 10:30:46","179","Information","Microsoft-Windows-Audio","Received session display notification"
"19-08-2026 10:30:44","65","Information","Microsoft-Windows-Audio","MMDevAPI: Audio device state changed"
"19-08-2026 10:30:34","179","Information","Microsoft-Windows-Audio","Received session display notification"
"19-08-2026 10:23:19","177","Information","Microsoft-Windows-Audio","Received console locked notification"
"19-08-2026 10:23:18","65","Information","Microsoft-Windows-Audio","MMDevAPI: Audio device state changed"
"19-08-2026 10:23:16","179","Information","Microsoft-Windows-Audio","Received session display notification"
"19-08-2026 10:19:11","179","Information","Microsoft-Windows-Audio","Received session display notification"
"19-08-2026 10:19:06","65","Information","Microsoft-Windows-Audio","MMDevAPI: Audio device state changed"
"19-08-2026 10:18:41","65","Information","Microsoft-Windows-Audio","MMDevAPI: Audio device state changed"
"19-08-2026 10:18:40","179","Information","Microsoft-Windows-Audio","Received session display notification"
"19-08-2026 10:02:19","179","Information","Microsoft-Windows-Audio","Received session display notification"
"19-08-2026 10:02:14","65","Information","Microsoft-Windows-Audio","MMDevAPI: Audio device state changed"
"19-08-2026 10:01:49","177","Information","Microsoft-Windows-Audio","Received console locked notification"
"19-08-2026 09:56:43","177","Information","Microsoft-Windows-Audio","Received console locked notification"
"19-08-2026 09:56:39","65","Information","Microsoft-Windows-Audio","MMDevAPI: Audio device state changed"
"19-08-2026 09:56:35","179","Information","Microsoft-Windows-Audio","Received session display notification"
"19-08-2026 00:26:02","180","Information","Microsoft-Windows-Audio","Received Po AudioStandby request"
"18-08-2026 19:08:19","180","Information","Microsoft-Windows-Audio","Received Po AudioStandby request"
"18-08-2026 19:08:14","180","Information","Microsoft-Windows-Audio","Received Po AudioStandby request"
"18-08-2026 19:06:16","180","Information","Microsoft-Windows-Audio","Received Po AudioStandby request"
"18-08-2026 19:06:10","180","Information","Microsoft-Windows-Audio","Received Po AudioStandby request"
"18-08-2026 19:06:04","65","Information","Microsoft-Windows-Audio","MMDevAPI: Audio device state changed"
"18-08-2026 19:06:04","65","Information","Microsoft-Windows-Audio","MMDevAPI: Audio device state changed"
"18-08-2026 19:06:03","180","Information","Microsoft-Windows-Audio","Received Po AudioStandby request"
"18-08-2026 19:06:03","179","Information","Microsoft-Windows-Audio","Received session display notification"
"18-08-2026 19:06:02","65","Information","Microsoft-Windows-Audio","MMDevAPI: Audio device state changed"
"18-08-2026 19:05:58","177","Information","Microsoft-Windows-Audio","Received console locked notification"
"18-08-2026 19:01:18","177","Information","Microsoft-Windows-Audio","Received console locked notification"
"18-08-2026 19:01:11","65","Information","Microsoft-Windows-Audio","MMDevAPI: Audio device state changed"
"18-08-2026 19:01:06","179","Information","Microsoft-Windows-Audio","Received session display notification"
"18-08-2026 18:36:57","179","Information","Microsoft-Windows-Audio","Received session display notification"
"18-08-2026 18:36:52","65","Information","Microsoft-Windows-Audio","MMDevAPI: Audio device state changed"
"18-08-2026 18:36:24","177","Information","Microsoft-Windows-Audio","Received console locked notification"
"18-08-2026 18:34:24","177","Information","Microsoft-Windows-Audio","Received console locked notification"
"18-08-2026 18:34:16","177","Information","Microsoft-Windows-Audio","Received console locked notification"
"18-08-2026 16:36:45","65","Information","Microsoft-Windows-Audio","MMDevAPI: Audio device state changed"
"18-08-2026 16:36:45","65","Information","Microsoft-Windows-Audio","MMDevAPI: Audio device state changed"
"18-08-2026 16:34:31","65","Information","Microsoft-Windows-Audio","MMDevAPI: Audio device state changed"
"18-08-2026 16:34:31","65","Information","Microsoft-Windows-Audio","MMDevAPI: Audio device state changed"
"18-08-2026 16:28:36","65","Information","Microsoft-Windows-Audio","MMDevAPI: Audio device state changed"
"18-08-2026 16:28:36","65","Information","Microsoft-Windows-Audio","MMDevAPI: Audio device state changed"
"18-08-2026 16:28:16","65","Information","Microsoft-Windows-Audio","MMDevAPI: Audio device state changed"
"18-08-2026 16:28:14","179","Information","Microsoft-Windows-Audio","Received session display notification"
"18-08-2026 16:27:15","179","Information","Microsoft-Windows-Audio","Received session display notification"
"18-08-2026 16:27:10","65","Information","Microsoft-Windows-Audio","MMDevAPI: Audio device state changed"
"18-08-2026 16:27:00","179","Information","Microsoft-Windows-Audio","Received session display notification"
"18-08-2026 16:12:44","65","Information","Microsoft-Windows-Audio","MMDevAPI: Audio device state changed"
"18-08-2026 16:12:41","179","Information","Microsoft-Windows-Audio","Received session display notification"
"18-08-2026 16:12:12","179","Information","Microsoft-Windows-Audio","Received session display notification"
"18-08-2026 16:12:07","65","Information","Microsoft-Windows-Audio","MMDevAPI: Audio device state changed"
"18-08-2026 16:11:57","179","Information","Microsoft-Windows-Audio","Received session display notification"
"18-08-2026 16:03:35","65","Information","Microsoft-Windows-Audio","MMDevAPI: Audio device state changed"
"18-08-2026 16:03:35","179","Information","Microsoft-Windows-Audio","Received session display notification"
"18-08-2026 16:03:33","65","Information","Microsoft-Windows-Audio","MMDevAPI: Audio device state changed"
"18-08-2026 16:03:22","179","Information","Microsoft-Windows-Audio","Received session display notification"
"18-08-2026 15:57:44","177","Information","Microsoft-Windows-Audio","Received console locked notification"
"18-08-2026 15:57:44","65","Information","Microsoft-Windows-Audio","MMDevAPI: Audio device state changed"
"18-08-2026 15:57:41","179","Information","Microsoft-Windows-Audio","Received session display notification"
"18-08-2026 15:36:54","179","Information","Microsoft-Windows-Audio","Received session display notification"
"18-08-2026 15:36:49","65","Information","Microsoft-Windows-Audio","MMDevAPI: Audio device state changed"
"18-08-2026 15:36:23","177","Information","Microsoft-Windows-Audio","Received console locked notification"
"18-08-2026 15:36:14","177","Information","Microsoft-Windows-Audio","Received console locked notification"
"18-08-2026 15:36:13","65","Information","Microsoft-Windows-Audio","MMDevAPI: Audio device state changed"
"18-08-2026 15:36:11","179","Information","Microsoft-Windows-Audio","Received session display notification"
"18-08-2026 15:31:40","179","Information","Microsoft-Windows-Audio","Received session display notification"
"18-08-2026 15:31:34","65","Information","Microsoft-Windows-Audio","MMDevAPI: Audio device state changed"
"18-08-2026 15:31:08","177","Information","Microsoft-Windows-Audio","Received console locked notification"
"18-08-2026 15:30:08","177","Information","Microsoft-Windows-Audio","Received console locked notification"
"18-08-2026 15:30:05","65","Information","Microsoft-Windows-Audio","MMDevAPI: Audio device state changed"
"18-08-2026 15:29:58","65","Information","Microsoft-Windows-Audio","MMDevAPI: Audio device state changed"
"18-08-2026 15:29:34","65","Information","Microsoft-Windows-Audio","MMDevAPI: Audio device state changed"
"18-08-2026 15:29:32","177","Information","Microsoft-Windows-Audio","Received console locked notification"
"18-08-2026 15:29:32","179","Information","Microsoft-Windows-Audio","Received session display notification"
"18-08-2026 15:19:33","179","Information","Microsoft-Windows-Audio","Received session display notification"
"18-08-2026 15:19:28","65","Information","Microsoft-Windows-Audio","MMDevAPI: Audio device state changed"
"18-08-2026 15:19:17","179","Information","Microsoft-Windows-Audio","Received session display notification"
"18-08-2026 15:10:31","177","Information","Microsoft-Windows-Audio","Received console locked notification"
"18-08-2026 15:10:30","65","Information","Microsoft-Windows-Audio","MMDevAPI: Audio device state changed"
"18-08-2026 15:10:27","179","Information","Microsoft-Windows-Audio","Received session display notification"
"18-08-2026 15:07:16","179","Information","Microsoft-Windows-Audio","Received session display notification"
"18-08-2026 15:07:11","65","Information","Microsoft-Windows-Audio","MMDevAPI: Audio device state changed"
"18-08-2026 15:06:48","65","Information","Microsoft-Windows-Audio","MMDevAPI: Audio device state changed"
"18-08-2026 15:06:46","177","Information","Microsoft-Windows-Audio","Received console locked notification"
"18-08-2026 15:06:46","179","Information","Microsoft-Windows-Audio","Received session display notification"
"18-08-2026 15:01:50","179","Information","Microsoft-Windows-Audio","Received session display notification"
"18-08-2026 15:01:45","65","Information","Microsoft-Windows-Audio","MMDevAPI: Audio device state changed"
"18-08-2026 15:01:35","179","Information","Microsoft-Windows-Audio","Received session display notification"
"18-08-2026 14:56:50","65","Information","Microsoft-Windows-Audio","MMDevAPI: Audio device state changed"
"18-08-2026 14:56:47","179","Information","Microsoft-Windows-Audio","Received session display notification"
"18-08-2026 14:56:45","179","Information","Microsoft-Windows-Audio","Received session display notification"
"18-08-2026 14:56:40","65","Information","Microsoft-Windows-Audio","MMDevAPI: Audio device state changed"
"18-08-2026 14:56:31","179","Information","Microsoft-Windows-Audio","Received session display notification"
"18-08-2026 14:31:20","179","Information","Microsoft-Windows-Audio","Received session display notification"
"18-08-2026 14:31:20","178","Information","Microsoft-Windows-Audio","Global user presence detected"
"18-08-2026 14:30:56","65","Information","Microsoft-Windows-Audio","MMDevAPI: Audio device state changed"
"18-08-2026 14:30:54","65","Information","Microsoft-Windows-Audio","MMDevAPI: Audio device state changed"
"18-08-2026 14:30:54","65","Information","Microsoft-Windows-Audio","MMDevAPI: Audio device state changed"
"18-08-2026 14:30:54","180","Information","Microsoft-Windows-Audio","Received Po AudioStandby request"
"18-08-2026 14:30:54","65","Information","Microsoft-Windows-Audio","MMDevAPI: Audio device state changed"
"18-08-2026 14:30:54","65","Information","Microsoft-Windows-Audio","MMDevAPI: Audio device state changed"
"18-08-2026 14:30:54","65","Information","Microsoft-Windows-Audio","MMDevAPI: Audio device state changed"
"18-08-2026 14:30:54","65","Information","Microsoft-Windows-Audio","MMDevAPI: Audio device state changed"
"18-08-2026 14:30:54","65","Information","Microsoft-Windows-Audio","MMDevAPI: Audio device state changed"
"18-08-2026 14:30:54","65","Information","Microsoft-Windows-Audio","MMDevAPI: Audio device state changed"
"18-08-2026 14:30:54","65","Information","Microsoft-Windows-Audio","MMDevAPI: Audio device state changed"
"18-08-2026 14:30:54","65","Information","Microsoft-Windows-Audio","MMDevAPI: Audio device state changed"
"18-08-2026 14:30:54","65","Information","Microsoft-Windows-Audio","MMDevAPI: Audio device state changed"
"18-08-2026 14:05:58","177","Information","Microsoft-Windows-Audio","Received console locked notification"
"18-08-2026 14:05:52","65","Information","Microsoft-Windows-Audio","MMDevAPI: Audio device state changed"
"18-08-2026 14:05:50","179","Information","Microsoft-Windows-Audio","Received session display notification"
"18-08-2026 13:18:46","179","Information","Microsoft-Windows-Audio","Received session display notification"
"18-08-2026 13:18:41","65","Information","Microsoft-Windows-Audio","MMDevAPI: Audio device state changed"
"18-08-2026 13:18:12","177","Information","Microsoft-Windows-Audio","Received console locked notification"
"18-08-2026 13:12:57","177","Information","Microsoft-Windows-Audio","Received console locked notification"
"18-08-2026 13:12:55","65","Information","Microsoft-Windows-Audio","MMDevAPI: Audio device state changed"
"18-08-2026 13:12:52","179","Information","Microsoft-Windows-Audio","Received session display notification"
"18-08-2026 13:12:51","180","Information","Microsoft-Windows-Audio","Received Po AudioStandby request"
"18-08-2026 13:06:58","180","Information","Microsoft-Windows-Audio","Received Po AudioStandby request"
"18-08-2026 12:07:13","179","Information","Microsoft-Windows-Audio","Received session display notification"
"18-08-2026 12:07:08","65","Information","Microsoft-Windows-Audio","MMDevAPI: Audio device state changed"
"18-08-2026 12:06:42","177","Information","Microsoft-Windows-Audio","Received console locked notification"
"18-08-2026 11:03:00","177","Information","Microsoft-Windows-Audio","Received console locked notification"
"18-08-2026 11:02:59","65","Information","Microsoft-Windows-Audio","MMDevAPI: Audio device state changed"
"18-08-2026 11:02:56","179","Information","Microsoft-Windows-Audio","Received session display notification"
"18-08-2026 10:59:42","179","Information","Microsoft-Windows-Audio","Received session display notification"
"18-08-2026 10:59:37","65","Information","Microsoft-Windows-Audio","MMDevAPI: Audio device state changed"
"18-08-2026 10:59:10","177","Information","Microsoft-Windows-Audio","Received console locked notification"
"18-08-2026 10:58:50","65","Information","Microsoft-Windows-Audio","MMDevAPI: Audio device state changed"
"18-08-2026 10:58:50","179","Information","Microsoft-Windows-Audio","Received session display notification"
"18-08-2026 10:55:32","179","Information","Microsoft-Windows-Audio","Received session display notification"
"18-08-2026 10:55:28","65","Information","Microsoft-Windows-Audio","MMDevAPI: Audio device state changed"
"18-08-2026 10:55:17","179","Information","Microsoft-Windows-Audio","Received session display notification"
"18-08-2026 10:50:14","177","Information","Microsoft-Windows-Audio","Received console locked notification"
"18-08-2026 10:50:09","65","Information","Microsoft-Windows-Audio","MMDevAPI: Audio device state changed"
"18-08-2026 10:50:07","179","Information","Microsoft-Windows-Audio","Received session display notification"
"18-08-2026 10:50:03","179","Information","Microsoft-Windows-Audio","Received session display notification"
"18-08-2026 10:49:58","65","Information","Microsoft-Windows-Audio","MMDevAPI: Audio device state changed"
"18-08-2026 10:49:33","65","Information","Microsoft-Windows-Audio","MMDevAPI: Audio device state changed"
"18-08-2026 10:49:30","65","Information","Microsoft-Windows-Audio","MMDevAPI: Audio device state changed"
"18-08-2026 10:49:04","177","Information","Microsoft-Windows-Audio","Received console locked notification"
"18-08-2026 10:47:48","65","Information","Microsoft-Windows-Audio","MMDevAPI: Audio device state changed"
"18-08-2026 10:47:47","65","Information","Microsoft-Windows-Audio","MMDevAPI: Audio device state changed"
"18-08-2026 10:29:37","179","Information","Microsoft-Windows-Audio","Received session display notification"
"18-08-2026 10:29:37","178","Information","Microsoft-Windows-Audio","Global user presence detected"
"18-08-2026 10:28:57","65","Information","Microsoft-Windows-Audio","MMDevAPI: Audio device state changed"
"18-08-2026 10:28:57","65","Information","Microsoft-Windows-Audio","MMDevAPI: Audio device state changed"
"18-08-2026 10:28:57","65","Information","Microsoft-Windows-Audio","MMDevAPI: Audio device state changed"
"18-08-2026 10:28:57","180","Information","Microsoft-Windows-Audio","Received Po AudioStandby request"
"18-08-2026 10:28:57","65","Information","Microsoft-Windows-Audio","MMDevAPI: Audio device state changed"
"18-08-2026 10:28:57","65","Information","Microsoft-Windows-Audio","MMDevAPI: Audio device state changed"
"18-08-2026 10:28:57","65","Information","Microsoft-Windows-Audio","MMDevAPI: Audio device state changed"
"18-08-2026 10:28:57","65","Information","Microsoft-Windows-Audio","MMDevAPI: Audio device state changed"
"18-08-2026 10:28:57","65","Information","Microsoft-Windows-Audio","MMDevAPI: Audio device state changed"
"18-08-2026 10:28:57","65","Information","Microsoft-Windows-Audio","MMDevAPI: Audio device state changed"
"18-08-2026 10:28:57","65","Information","Microsoft-Windows-Audio","MMDevAPI: Audio device state changed"
"18-08-2026 10:09:10","177","Information","Microsoft-Windows-Audio","Received console locked notification"
"18-08-2026 10:09:07","65","Information","Microsoft-Windows-Audio","MMDevAPI: Audio device state changed"
"18-08-2026 10:09:05","179","Information","Microsoft-Windows-Audio","Received session display notification"
"18-08-2026 09:43:42","179","Information","Microsoft-Windows-Audio","Received session display notification"
"18-08-2026 09:43:37","65","Information","Microsoft-Windows-Audio","MMDevAPI: Audio device state changed"
"18-08-2026 09:43:06","177","Information","Microsoft-Windows-Audio","Received console locked notification"
"18-08-2026 09:41:03","65","Information","Microsoft-Windows-Audio","MMDevAPI: Audio device state changed"
"18-08-2026 09:40:58","177","Information","Microsoft-Windows-Audio","Received console locked notification"
"18-08-2026 09:40:49","179","Information","Microsoft-Windows-Audio","Received session display notification"
"18-08-2026 06:22:45","180","Information","Microsoft-Windows-Audio","Received Po AudioStandby request"
"17-08-2026 21:27:56","180","Information","Microsoft-Windows-Audio","Received Po AudioStandby request"
"17-08-2026 21:27:51","180","Information","Microsoft-Windows-Audio","Received Po AudioStandby request"
"17-08-2026 21:08:08","180","Information","Microsoft-Windows-Audio","Received Po AudioStandby request"
"17-08-2026 20:08:26","179","Information","Microsoft-Windows-Audio","Received session display notification"
"17-08-2026 20:07:55","65","Information","Microsoft-Windows-Audio","MMDevAPI: Audio device state changed"
"17-08-2026 20:07:48","177","Information","Microsoft-Windows-Audio","Received console locked notification"
"17-08-2026 19:59:56","65","Information","Microsoft-Windows-Audio","MMDevAPI: Audio device state changed"
"17-08-2026 19:59:56","65","Information","Microsoft-Windows-Audio","MMDevAPI: Audio device state changed"
"17-08-2026 19:53:42","65","Information","Microsoft-Windows-Audio","MMDevAPI: Audio device state changed"
"17-08-2026 19:53:39","179","Information","Microsoft-Windows-Audio","Received session display notification"
"17-08-2026 19:50:55","179","Information","Microsoft-Windows-Audio","Received session display notification"
"17-08-2026 19:50:50","65","Information","Microsoft-Windows-Audio","MMDevAPI: Audio device state changed"
"17-08-2026 19:50:40","179","Information","Microsoft-Windows-Audio","Received session display notification"
"17-08-2026 19:41:15","177","Information","Microsoft-Windows-Audio","Received console locked notification"
"17-08-2026 19:41:10","177","Information","Microsoft-Windows-Audio","Received console locked notification"
"17-08-2026 19:11:16","65","Information","Microsoft-Windows-Audio","MMDevAPI: Audio device state changed"
"17-08-2026 19:11:13","65","Information","Microsoft-Windows-Audio","MMDevAPI: Audio device state changed"
"17-08-2026 19:11:13","65","Information","Microsoft-Windows-Audio","MMDevAPI: Audio device state changed"
"17-08-2026 19:07:07","179","Information","Microsoft-Windows-Audio","Received session display notification"
"17-08-2026 19:06:54","179","Information","Microsoft-Windows-Audio","Received session display notification"
"17-08-2026 18:33:49","177","Information","Microsoft-Windows-Audio","Received console locked notification"
"17-08-2026 18:33:38","179","Information","Microsoft-Windows-Audio","Received session display notification"
"17-08-2026 17:51:52","179","Information","Microsoft-Windows-Audio","Received session display notification"
"17-08-2026 17:51:20","177","Information","Microsoft-Windows-Audio","Received console locked notification"
"17-08-2026 17:44:52","179","Information","Microsoft-Windows-Audio","Received session display notification"
"17-08-2026 17:44:45","179","Information","Microsoft-Windows-Audio","Received session display notification"
"17-08-2026 17:44:30","179","Information","Microsoft-Windows-Audio","Received session display notification"
"17-08-2026 17:40:59","179","Information","Microsoft-Windows-Audio","Received session display notification"
"17-08-2026 17:39:28","179","Information","Microsoft-Windows-Audio","Received session display notification"
"17-08-2026 17:39:13","179","Information","Microsoft-Windows-Audio","Received session display notification"
"17-08-2026 17:35:49","177","Information","Microsoft-Windows-Audio","Received console locked notification"
"17-08-2026 17:35:44","179","Information","Microsoft-Windows-Audio","Received session display notification"
"17-08-2026 17:35:44","179","Information","Microsoft-Windows-Audio","Received session display notification"
"17-08-2026 17:35:12","179","Information","Microsoft-Windows-Audio","Received session display notification"
"17-08-2026 17:32:26","179","Information","Microsoft-Windows-Audio","Received session display notification"
"17-08-2026 17:31:55","179","Information","Microsoft-Windows-Audio","Received session display notification"
"17-08-2026 17:31:54","177","Information","Microsoft-Windows-Audio","Received console locked notification"
"17-08-2026 17:19:53","179","Information","Microsoft-Windows-Audio","Received session display notification"
"17-08-2026 17:19:38","179","Information","Microsoft-Windows-Audio","Received session display notification"
"17-08-2026 17:14:22","179","Information","Microsoft-Windows-Audio","Received session display notification"
"17-08-2026 17:10:57","179","Information","Microsoft-Windows-Audio","Received session display notification"
"17-08-2026 17:10:41","179","Information","Microsoft-Windows-Audio","Received session display notification"
"17-08-2026 16:59:05","177","Information","Microsoft-Windows-Audio","Received console locked notification"
"17-08-2026 16:58:49","179","Information","Microsoft-Windows-Audio","Received session display notification"
"17-08-2026 16:56:47","179","Information","Microsoft-Windows-Audio","Received session display notification"
"17-08-2026 16:56:18","65","Information","Microsoft-Windows-Audio","MMDevAPI: Audio device state changed"
"17-08-2026 16:56:15","177","Information","Microsoft-Windows-Audio","Received console locked notification"
"17-08-2026 16:56:13","65","Information","Microsoft-Windows-Audio","MMDevAPI: Audio device state changed"
"17-08-2026 16:56:13","65","Information","Microsoft-Windows-Audio","MMDevAPI: Audio device state changed"
"17-08-2026 16:55:01","177","Information","Microsoft-Windows-Audio","Received console locked notification"
"17-08-2026 16:55:00","65","Information","Microsoft-Windows-Audio","MMDevAPI: Audio device state changed"
"17-08-2026 16:54:57","179","Information","Microsoft-Windows-Audio","Received session display notification"
"17-08-2026 16:39:21","179","Information","Microsoft-Windows-Audio","Received session display notification"
"17-08-2026 16:39:15","65","Information","Microsoft-Windows-Audio","MMDevAPI: Audio device state changed"
"17-08-2026 16:38:49","177","Information","Microsoft-Windows-Audio","Received console locked notification"
"17-08-2026 16:38:29","177","Information","Microsoft-Windows-Audio","Received console locked notification"
"17-08-2026 16:38:13","177","Information","Microsoft-Windows-Audio","Received console locked notification"
"17-08-2026 14:57:28","65","Information","Microsoft-Windows-Audio","MMDevAPI: Audio device state changed"
"17-08-2026 14:57:25","179","Information","Microsoft-Windows-Audio","Received session display notification"
"17-08-2026 14:53:12","179","Information","Microsoft-Windows-Audio","Received session display notification"
"17-08-2026 14:53:07","65","Information","Microsoft-Windows-Audio","MMDevAPI: Audio device state changed"
"17-08-2026 14:52:57","179","Information","Microsoft-Windows-Audio","Received session display notification"
"17-08-2026 14:03:51","177","Information","Microsoft-Windows-Audio","Received console locked notification"
"17-08-2026 14:03:50","65","Information","Microsoft-Windows-Audio","MMDevAPI: Audio device state changed"
"17-08-2026 14:03:47","179","Information","Microsoft-Windows-Audio","Received session display notification"
"17-08-2026 13:39:34","179","Information","Microsoft-Windows-Audio","Received session display notification"
"17-08-2026 13:39:29","65","Information","Microsoft-Windows-Audio","MMDevAPI: Audio device state changed"
"17-08-2026 13:39:02","177","Information","Microsoft-Windows-Audio","Received console locked notification"
"17-08-2026 13:30:51","177","Information","Microsoft-Windows-Audio","Received console locked notification"
"17-08-2026 13:30:42","65","Information","Microsoft-Windows-Audio","MMDevAPI: Audio device state changed"
"17-08-2026 13:30:39","179","Information","Microsoft-Windows-Audio","Received session display notification"
"17-08-2026 12:48:18","179","Information","Microsoft-Windows-Audio","Received session display notification"
"17-08-2026 12:48:13","65","Information","Microsoft-Windows-Audio","MMDevAPI: Audio device state changed"
"17-08-2026 12:47:46","177","Information","Microsoft-Windows-Audio","Received console locked notification"
"17-08-2026 11:29:06","65","Information","Microsoft-Windows-Audio","MMDevAPI: Audio device state changed"
"17-08-2026 11:29:06","65","Information","Microsoft-Windows-Audio","MMDevAPI: Audio device state changed"
"17-08-2026 11:28:33","177","Information","Microsoft-Windows-Audio","Received console locked notification"
"17-08-2026 11:28:32","65","Information","Microsoft-Windows-Audio","MMDevAPI: Audio device state changed"
"17-08-2026 11:28:29","179","Information","Microsoft-Windows-Audio","Received session display notification"
"17-08-2026 11:05:55","179","Information","Microsoft-Windows-Audio","Received session display notification"
"17-08-2026 11:05:50","65","Information","Microsoft-Windows-Audio","MMDevAPI: Audio device state changed"
"17-08-2026 11:05:23","177","Information","Microsoft-Windows-Audio","Received console locked notification"
"17-08-2026 10:09:58","177","Information","Microsoft-Windows-Audio","Received console locked notification"
"17-08-2026 10:09:56","65","Information","Microsoft-Windows-Audio","MMDevAPI: Audio device state changed"
"17-08-2026 10:09:53","179","Information","Microsoft-Windows-Audio","Received session display notification"
"17-08-2026 10:01:30","179","Information","Microsoft-Windows-Audio","Received session display notification"
"17-08-2026 10:01:25","65","Information","Microsoft-Windows-Audio","MMDevAPI: Audio device state changed"
"17-08-2026 10:00:58","177","Information","Microsoft-Windows-Audio","Received console locked notification"
"17-08-2026 09:36:53","177","Information","Microsoft-Windows-Audio","Received console locked notification"
"17-08-2026 09:36:40","65","Information","Microsoft-Windows-Audio","MMDevAPI: Audio device state changed"
"17-08-2026 09:36:35","179","Information","Microsoft-Windows-Audio","Received session display notification"
"15-08-2026 05:11:29","180","Information","Microsoft-Windows-Audio","Received Po AudioStandby request"
"14-08-2026 20:08:39","180","Information","Microsoft-Windows-Audio","Received Po AudioStandby request"
"14-08-2026 20:08:33","180","Information","Microsoft-Windows-Audio","Received Po AudioStandby request"
"14-08-2026 19:42:57","180","Information","Microsoft-Windows-Audio","Received Po AudioStandby request"
"14-08-2026 19:42:53","65","Information","Microsoft-Windows-Audio","MMDevAPI: Audio device state changed"
"14-08-2026 19:42:52","65","Information","Microsoft-Windows-Audio","MMDevAPI: Audio device state changed"
"14-08-2026 19:42:52","180","Information","Microsoft-Windows-Audio","Received Po AudioStandby request"
"14-08-2026 19:42:47","180","Information","Microsoft-Windows-Audio","Received Po AudioStandby request"
"14-08-2026 19:42:44","179","Information","Microsoft-Windows-Audio","Received session display notification"
"14-08-2026 19:42:43","65","Information","Microsoft-Windows-Audio","MMDevAPI: Audio device state changed"
"14-08-2026 19:42:39","177","Information","Microsoft-Windows-Audio","Received console locked notification"
"14-08-2026 18:52:38","65","Information","Microsoft-Windows-Audio","MMDevAPI: Audio device state changed"
"14-08-2026 18:52:35","179","Information","Microsoft-Windows-Audio","Received session display notification"
"14-08-2026 18:51:08","179","Information","Microsoft-Windows-Audio","Received session display notification"
"14-08-2026 18:51:03","65","Information","Microsoft-Windows-Audio","MMDevAPI: Audio device state changed"
"14-08-2026 18:50:53","179","Information","Microsoft-Windows-Audio","Received session display notification"
"14-08-2026 18:35:30","177","Information","Microsoft-Windows-Audio","Received console locked notification"
"14-08-2026 18:35:29","65","Information","Microsoft-Windows-Audio","MMDevAPI: Audio device state changed"
"14-08-2026 18:35:26","179","Information","Microsoft-Windows-Audio","Received session display notification"
"14-08-2026 18:08:52","179","Information","Microsoft-Windows-Audio","Received session display notification"
"14-08-2026 18:08:47","65","Information","Microsoft-Windows-Audio","MMDevAPI: Audio device state changed"
"14-08-2026 18:08:21","177","Information","Microsoft-Windows-Audio","Received console locked notification"
"14-08-2026 18:07:17","177","Information","Microsoft-Windows-Audio","Received console locked notification"
"14-08-2026 18:07:13","65","Information","Microsoft-Windows-Audio","MMDevAPI: Audio device state changed"
"14-08-2026 18:07:10","179","Information","Microsoft-Windows-Audio","Received session display notification"
"14-08-2026 18:04:35","179","Information","Microsoft-Windows-Audio","Received session display notification"
"14-08-2026 18:04:30","65","Information","Microsoft-Windows-Audio","MMDevAPI: Audio device state changed"
"14-08-2026 18:04:04","177","Information","Microsoft-Windows-Audio","Received console locked notification"
"14-08-2026 17:56:50","65","Information","Microsoft-Windows-Audio","MMDevAPI: Audio device state changed"
"14-08-2026 17:56:48","179","Information","Microsoft-Windows-Audio","Received session display notification"
"14-08-2026 17:55:42","179","Information","Microsoft-Windows-Audio","Received session display notification"
"14-08-2026 17:55:37","65","Information","Microsoft-Windows-Audio","MMDevAPI: Audio device state changed"
"14-08-2026 17:55:27","179","Information","Microsoft-Windows-Audio","Received session display notification"
"14-08-2026 17:50:17","177","Information","Microsoft-Windows-Audio","Received console locked notification"
"14-08-2026 17:50:14","65","Information","Microsoft-Windows-Audio","MMDevAPI: Audio device state changed"
"14-08-2026 17:50:11","65","Information","Microsoft-Windows-Audio","MMDevAPI: Audio device state changed"
"14-08-2026 17:49:45","177","Information","Microsoft-Windows-Audio","Received console locked notification"
"14-08-2026 17:35:16","177","Information","Microsoft-Windows-Audio","Received console locked notification"
"14-08-2026 17:35:14","65","Information","Microsoft-Windows-Audio","MMDevAPI: Audio device state changed"
"14-08-2026 17:35:11","179","Information","Microsoft-Windows-Audio","Received session display notification"
"14-08-2026 17:16:38","179","Information","Microsoft-Windows-Audio","Received session display notification"
"14-08-2026 17:16:33","65","Information","Microsoft-Windows-Audio","MMDevAPI: Audio device state changed"
"14-08-2026 17:16:06","177","Information","Microsoft-Windows-Audio","Received console locked notification"
"14-08-2026 14:09:15","177","Information","Microsoft-Windows-Audio","Received console locked notification"
"14-08-2026 14:09:11","65","Information","Microsoft-Windows-Audio","MMDevAPI: Audio device state changed"
"14-08-2026 14:09:09","179","Information","Microsoft-Windows-Audio","Received session display notification"
"14-08-2026 13:51:47","179","Information","Microsoft-Windows-Audio","Received session display notification"
"14-08-2026 13:51:43","65","Information","Microsoft-Windows-Audio","MMDevAPI: Audio device state changed"
"14-08-2026 13:51:16","177","Information","Microsoft-Windows-Audio","Received console locked notification"
"14-08-2026 13:23:07","177","Information","Microsoft-Windows-Audio","Received console locked notification"
"14-08-2026 13:22:36","65","Information","Microsoft-Windows-Audio","MMDevAPI: Audio device state changed"
"14-08-2026 13:22:35","65","Information","Microsoft-Windows-Audio","MMDevAPI: Audio device state changed"
"14-08-2026 13:22:35","65","Information","Microsoft-Windows-Audio","MMDevAPI: Audio device state changed"
"14-08-2026 13:22:27","179","Information","Microsoft-Windows-Audio","Received session display notification"
"14-08-2026 04:14:16","180","Information","Microsoft-Windows-Audio","Received Po AudioStandby request"
"13-08-2026 19:09:56","180","Information","Microsoft-Windows-Audio","Received Po AudioStandby request"
"13-08-2026 19:09:52","177","Information","Microsoft-Windows-Audio","Received console locked notification"
"13-08-2026 19:09:51","180","Information","Microsoft-Windows-Audio","Received Po AudioStandby request"
"13-08-2026 18:37:10","180","Information","Microsoft-Windows-Audio","Received Po AudioStandby request"
"13-08-2026 18:37:05","180","Information","Microsoft-Windows-Audio","Received Po AudioStandby request"
"13-08-2026 18:36:58","180","Information","Microsoft-Windows-Audio","Received Po AudioStandby request"
"13-08-2026 18:36:56","65","Information","Microsoft-Windows-Audio","MMDevAPI: Audio device state changed"
"13-08-2026 18:36:56","65","Information","Microsoft-Windows-Audio","MMDevAPI: Audio device state changed"
"13-08-2026 18:36:53","180","Information","Microsoft-Windows-Audio","Received Po AudioStandby request"
"13-08-2026 18:36:48","180","Information","Microsoft-Windows-Audio","Received Po AudioStandby request"
"13-08-2026 18:36:47","179","Information","Microsoft-Windows-Audio","Received session display notification"
"13-08-2026 18:36:47","65","Information","Microsoft-Windows-Audio","MMDevAPI: Audio device state changed"
"13-08-2026 18:29:12","177","Information","Microsoft-Windows-Audio","Received console locked notification"
"13-08-2026 18:29:10","65","Information","Microsoft-Windows-Audio","MMDevAPI: Audio device state changed"
"13-08-2026 18:29:07","179","Information","Microsoft-Windows-Audio","Received session display notification"
"13-08-2026 18:14:15","179","Information","Microsoft-Windows-Audio","Received session display notification"
"13-08-2026 18:14:10","65","Information","Microsoft-Windows-Audio","MMDevAPI: Audio device state changed"
"13-08-2026 18:13:44","177","Information","Microsoft-Windows-Audio","Received console locked notification"
"13-08-2026 18:10:43","179","Information","Microsoft-Windows-Audio","Received session display notification"
"13-08-2026 18:10:37","179","Information","Microsoft-Windows-Audio","Received session display notification"
"13-08-2026 18:00:35","177","Information","Microsoft-Windows-Audio","Received console locked notification"
"13-08-2026 18:00:32","65","Information","Microsoft-Windows-Audio","MMDevAPI: Audio device state changed"
"13-08-2026 18:00:32","179","Information","Microsoft-Windows-Audio","Received session display notification"
"13-08-2026 17:56:29","179","Information","Microsoft-Windows-Audio","Received session display notification"
"13-08-2026 17:56:24","65","Information","Microsoft-Windows-Audio","MMDevAPI: Audio device state changed"
"13-08-2026 17:55:58","177","Information","Microsoft-Windows-Audio","Received console locked notification"
"13-08-2026 17:30:01","177","Information","Microsoft-Windows-Audio","Received console locked notification"
"13-08-2026 17:29:57","65","Information","Microsoft-Windows-Audio","MMDevAPI: Audio device state changed"
"13-08-2026 17:29:56","179","Information","Microsoft-Windows-Audio","Received session display notification"
"13-08-2026 17:18:19","179","Information","Microsoft-Windows-Audio","Received session display notification"
"13-08-2026 17:18:14","65","Information","Microsoft-Windows-Audio","MMDevAPI: Audio device state changed"
"13-08-2026 17:17:48","177","Information","Microsoft-Windows-Audio","Received console locked notification"
"13-08-2026 17:16:48","65","Information","Microsoft-Windows-Audio","MMDevAPI: Audio device state changed"
"13-08-2026 17:16:47","179","Information","Microsoft-Windows-Audio","Received session display notification"
"13-08-2026 17:15:53","179","Information","Microsoft-Windows-Audio","Received session display notification"
"13-08-2026 17:15:48","65","Information","Microsoft-Windows-Audio","MMDevAPI: Audio device state changed"
"13-08-2026 17:15:38","179","Information","Microsoft-Windows-Audio","Received session display notification"
"13-08-2026 17:07:29","65","Information","Microsoft-Windows-Audio","MMDevAPI: Audio device state changed"
"13-08-2026 17:07:29","179","Information","Microsoft-Windows-Audio","Received session display notification"
"13-08-2026 17:07:15","179","Information","Microsoft-Windows-Audio","Received session display notification"
"13-08-2026 17:07:10","65","Information","Microsoft-Windows-Audio","MMDevAPI: Audio device state changed"
"13-08-2026 17:07:00","179","Information","Microsoft-Windows-Audio","Received session display notification"
"13-08-2026 16:58:52","65","Information","Microsoft-Windows-Audio","MMDevAPI: Audio device state changed"
"13-08-2026 16:58:52","65","Information","Microsoft-Windows-Audio","MMDevAPI: Audio device state changed"
"13-08-2026 16:57:31","177","Information","Microsoft-Windows-Audio","Received console locked notification"
"13-08-2026 16:57:29","65","Information","Microsoft-Windows-Audio","MMDevAPI: Audio device state changed"
"13-08-2026 16:57:26","179","Information","Microsoft-Windows-Audio","Received session display notification"
"13-08-2026 16:51:02","179","Information","Microsoft-Windows-Audio","Received session display notification"
"13-08-2026 16:50:57","65","Information","Microsoft-Windows-Audio","MMDevAPI: Audio device state changed"
"13-08-2026 16:50:30","177","Information","Microsoft-Windows-Audio","Received console locked notification"
"13-08-2026 16:30:52","65","Information","Microsoft-Windows-Audio","MMDevAPI: Audio device state changed"
"13-08-2026 16:30:49","179","Information","Microsoft-Windows-Audio","Received session display notification"
"13-08-2026 16:26:04","179","Information","Microsoft-Windows-Audio","Received session display notification"
"13-08-2026 16:25:59","65","Information","Microsoft-Windows-Audio","MMDevAPI: Audio device state changed"
"13-08-2026 16:25:49","179","Information","Microsoft-Windows-Audio","Received session display notification"
"13-08-2026 16:18:02","65","Information","Microsoft-Windows-Audio","MMDevAPI: Audio device state changed"
"13-08-2026 16:18:01","179","Information","Microsoft-Windows-Audio","Received session display notification"
"13-08-2026 16:15:17","179","Information","Microsoft-Windows-Audio","Received session display notification"
"13-08-2026 16:15:12","65","Information","Microsoft-Windows-Audio","MMDevAPI: Audio device state changed"
"13-08-2026 16:15:02","179","Information","Microsoft-Windows-Audio","Received session display notification"
"13-08-2026 16:05:32","65","Information","Microsoft-Windows-Audio","MMDevAPI: Audio device state changed"
"13-08-2026 16:05:31","179","Information","Microsoft-Windows-Audio","Received session display notification"
"13-08-2026 16:05:08","179","Information","Microsoft-Windows-Audio","Received session display notification"
"13-08-2026 16:05:03","65","Information","Microsoft-Windows-Audio","MMDevAPI: Audio device state changed"
"13-08-2026 16:04:53","179","Information","Microsoft-Windows-Audio","Received session display notification"
"13-08-2026 15:58:30","65","Information","Microsoft-Windows-Audio","MMDevAPI: Audio device state changed"
"13-08-2026 15:58:29","179","Information","Microsoft-Windows-Audio","Received session display notification"
"13-08-2026 15:56:02","179","Information","Microsoft-Windows-Audio","Received session display notification"
"13-08-2026 15:55:58","65","Information","Microsoft-Windows-Audio","MMDevAPI: Audio device state changed"
"13-08-2026 15:55:47","179","Information","Microsoft-Windows-Audio","Received session display notification"
"13-08-2026 15:51:00","65","Information","Microsoft-Windows-Audio","MMDevAPI: Audio device state changed"
"13-08-2026 15:50:59","179","Information","Microsoft-Windows-Audio","Received session display notification"
"13-08-2026 15:50:55","65","Information","Microsoft-Windows-Audio","MMDevAPI: Audio device state changed"
"13-08-2026 15:50:45","179","Information","Microsoft-Windows-Audio","Received session display notification"
"13-08-2026 15:44:21","65","Information","Microsoft-Windows-Audio","MMDevAPI: Audio device state changed"
"13-08-2026 15:44:20","179","Information","Microsoft-Windows-Audio","Received session display notification"
"13-08-2026 15:44:18","65","Information","Microsoft-Windows-Audio","MMDevAPI: Audio device state changed"
"13-08-2026 15:44:08","179","Information","Microsoft-Windows-Audio","Received session display notification"
"13-08-2026 14:10:59","177","Information","Microsoft-Windows-Audio","Received console locked notification"
"13-08-2026 14:10:55","65","Information","Microsoft-Windows-Audio","MMDevAPI: Audio device state changed"
"13-08-2026 14:10:53","179","Information","Microsoft-Windows-Audio","Received session display notification"
"13-08-2026 13:11:37","179","Information","Microsoft-Windows-Audio","Received session display notification"
"13-08-2026 13:11:31","65","Information","Microsoft-Windows-Audio","MMDevAPI: Audio device state changed"
"13-08-2026 13:11:05","177","Information","Microsoft-Windows-Audio","Received console locked notification"
"13-08-2026 12:44:15","177","Information","Microsoft-Windows-Audio","Received console locked notification"
"13-08-2026 12:44:11","65","Information","Microsoft-Windows-Audio","MMDevAPI: Audio device state changed"
"13-08-2026 12:44:08","179","Information","Microsoft-Windows-Audio","Received session display notification"
"13-08-2026 12:22:14","179","Information","Microsoft-Windows-Audio","Received session display notification"
"13-08-2026 12:21:43","177","Information","Microsoft-Windows-Audio","Received console locked notification"
"13-08-2026 12:12:15","179","Information","Microsoft-Windows-Audio","Received session display notification"
"13-08-2026 12:02:23","179","Information","Microsoft-Windows-Audio","Received session display notification"
"13-08-2026 12:02:08","179","Information","Microsoft-Windows-Audio","Received session display notification"
"13-08-2026 11:56:10","65","Information","Microsoft-Windows-Audio","MMDevAPI: Audio device state changed"
"13-08-2026 11:12:17","177","Information","Microsoft-Windows-Audio","Received console locked notification"
"13-08-2026 11:12:15","65","Information","Microsoft-Windows-Audio","MMDevAPI: Audio device state changed"
"13-08-2026 11:12:12","179","Information","Microsoft-Windows-Audio","Received session display notification"
"13-08-2026 10:46:34","179","Information","Microsoft-Windows-Audio","Received session display notification"
"13-08-2026 10:46:29","65","Information","Microsoft-Windows-Audio","MMDevAPI: Audio device state changed"
"13-08-2026 10:46:03","177","Information","Microsoft-Windows-Audio","Received console locked notification"
"13-08-2026 10:30:47","65","Information","Microsoft-Windows-Audio","MMDevAPI: Audio device state changed"
"13-08-2026 10:30:44","179","Information","Microsoft-Windows-Audio","Received session display notification"
"13-08-2026 10:30:33","179","Information","Microsoft-Windows-Audio","Received session display notification"
"13-08-2026 10:30:28","65","Information","Microsoft-Windows-Audio","MMDevAPI: Audio device state changed"
"13-08-2026 10:30:17","179","Information","Microsoft-Windows-Audio","Received session display notification"
"13-08-2026 09:36:37","177","Information","Microsoft-Windows-Audio","Received console locked notification"
"13-08-2026 09:36:36","65","Information","Microsoft-Windows-Audio","MMDevAPI: Audio device state changed"
"13-08-2026 09:36:34","179","Information","Microsoft-Windows-Audio","Received session display notification"
"13-08-2026 09:14:57","179","Information","Microsoft-Windows-Audio","Received session display notification"
"13-08-2026 09:14:52","65","Information","Microsoft-Windows-Audio","MMDevAPI: Audio device state changed"
"13-08-2026 09:14:26","177","Information","Microsoft-Windows-Audio","Received console locked notification"
"13-08-2026 09:13:52","177","Information","Microsoft-Windows-Audio","Received console locked notification"
"13-08-2026 09:13:51","65","Information","Microsoft-Windows-Audio","MMDevAPI: Audio device state changed"
"13-08-2026 09:13:33","179","Information","Microsoft-Windows-Audio","Received session display notification"
"13-08-2026 05:30:17","180","Information","Microsoft-Windows-Audio","Received Po AudioStandby request"
"12-08-2026 21:16:11","180","Information","Microsoft-Windows-Audio","Received Po AudioStandby request"
"12-08-2026 21:16:06","180","Information","Microsoft-Windows-Audio","Received Po AudioStandby request"
"12-08-2026 20:24:40","180","Information","Microsoft-Windows-Audio","Received Po AudioStandby request"
"12-08-2026 19:24:42","179","Information","Microsoft-Windows-Audio","Received session display notification"
"12-08-2026 19:24:11","177","Information","Microsoft-Windows-Audio","Received console locked notification"
"12-08-2026 19:23:08","177","Information","Microsoft-Windows-Audio","Received console locked notification"
"12-08-2026 19:23:03","179","Information","Microsoft-Windows-Audio","Received session display notification"
"12-08-2026 18:57:09","179","Information","Microsoft-Windows-Audio","Received session display notification"
"12-08-2026 18:56:38","177","Information","Microsoft-Windows-Audio","Received console locked notification"
"12-08-2026 18:56:05","65","Information","Microsoft-Windows-Audio","MMDevAPI: Audio device state changed"
"12-08-2026 18:56:05","65","Information","Microsoft-Windows-Audio","MMDevAPI: Audio device state changed"
"12-08-2026 18:56:05","65","Information","Microsoft-Windows-Audio","MMDevAPI: Audio device state changed"
