"08-07-2026 11:07:21","5702","Information","Microsoft-Windows-HelloForBusiness","Windows Hello wrote following protector properties to disk: HResult = 0x0, PIN protector = true, Bio protector = false, Secure Bio Protector = false, Recovery protector = true, Preboot protector = false"
"08-07-2026 11:07:21","5002","Information","Microsoft-Windows-HelloForBusiness","A user is signing into the device with the following gesture information:

Type: Invalid
Subtype: No Bio"
"08-07-2026 10:54:34","5702","Information","Microsoft-Windows-HelloForBusiness","Windows Hello wrote following protector properties to disk: HResult = 0x0, PIN protector = true, Bio protector = false, Secure Bio Protector = false, Recovery protector = true, Preboot protector = false"
"08-07-2026 10:54:34","8060","Success","Microsoft-Windows-HelloForBusiness","Windows Hello successfully created a PIN recovery key for user S-1-12-1-2357405129-1281513531-255772574-1816207334.
Processing time: 3 seconds"
"08-07-2026 10:54:30","5001","Information","Microsoft-Windows-HelloForBusiness","A user signed into the device with the following information:

Username: SYSTEM
User SID: S-1-5-18
Credential Type: Software Key
Deployment Type: Key Trust"
"08-07-2026 10:54:30","5702","Information","Microsoft-Windows-HelloForBusiness","Windows Hello wrote following protector properties to disk: HResult = 0x0, PIN protector = true, Bio protector = false, Secure Bio Protector = false, Recovery protector = true, Preboot protector = false"
"08-07-2026 10:54:30","5702","Information","Microsoft-Windows-HelloForBusiness","Windows Hello wrote following protector properties to disk: HResult = 0x0, PIN protector = true, Bio protector = false, Secure Bio Protector = false, Recovery protector = false, Preboot protector = false"
"08-07-2026 10:54:30","5002","Information","Microsoft-Windows-HelloForBusiness","A user is signing into the device with the following gesture information:

Type: Invalid
Subtype: No Bio"
"08-07-2026 10:18:42","5702","Information","Microsoft-Windows-HelloForBusiness","Windows Hello wrote following protector properties to disk: HResult = 0x0, PIN protector = true, Bio protector = false, Secure Bio Protector = false, Recovery protector = false, Preboot protector = false"
"08-07-2026 10:18:41","7060","Error","Microsoft-Windows-HelloForBusiness","Windows Hello failed to create a PIN recovery key for user S-1-12-1-2357405129-1281513531-255772574-1816207334.
Error: Unknown error 0x80072EE7 (0x80072EE7)
Correlation vector: hKGjbRita0Wt1tLyEbG8AA.0
Processing time: 11 seconds."
"08-07-2026 10:18:30","5702","Information","Microsoft-Windows-HelloForBusiness","Windows Hello wrote following protector properties to disk: HResult = 0x0, PIN protector = true, Bio protector = false, Secure Bio Protector = false, Recovery protector = true, Preboot protector = false"
"08-07-2026 10:18:30","5702","Information","Microsoft-Windows-HelloForBusiness","Windows Hello wrote following protector properties to disk: HResult = 0x0, PIN protector = true, Bio protector = false, Secure Bio Protector = false, Recovery protector = false, Preboot protector = false"
"08-07-2026 10:18:19","5001","Information","Microsoft-Windows-HelloForBusiness","A user signed into the device with the following information:

Username: SYSTEM
User SID: S-1-5-18
Credential Type: Software Key
Deployment Type: Key Trust"
"08-07-2026 10:18:19","5702","Information","Microsoft-Windows-HelloForBusiness","Windows Hello wrote following protector properties to disk: HResult = 0x0, PIN protector = true, Bio protector = false, Secure Bio Protector = false, Recovery protector = true, Preboot protector = false"
"08-07-2026 10:18:19","5002","Information","Microsoft-Windows-HelloForBusiness","A user is signing into the device with the following gesture information:

Type: Invalid
Subtype: No Bio"
"07-07-2026 19:40:36","5001","Information","Microsoft-Windows-HelloForBusiness","A user signed into the device with the following information:

Username: SYSTEM
User SID: S-1-5-18
Credential Type: Software Key
Deployment Type: Key Trust"
"07-07-2026 19:40:36","5702","Information","Microsoft-Windows-HelloForBusiness","Windows Hello wrote following protector properties to disk: HResult = 0x0, PIN protector = true, Bio protector = false, Secure Bio Protector = false, Recovery protector = true, Preboot protector = false"
"07-07-2026 19:40:36","5002","Information","Microsoft-Windows-HelloForBusiness","A user is signing into the device with the following gesture information:

Type: Invalid
Subtype: No Bio"
"07-07-2026 18:41:14","5001","Information","Microsoft-Windows-HelloForBusiness","A user signed into the device with the following information:

Username: SYSTEM
User SID: S-1-5-18
Credential Type: Software Key
Deployment Type: Key Trust"
"07-07-2026 18:41:14","5702","Information","Microsoft-Windows-HelloForBusiness","Windows Hello wrote following protector properties to disk: HResult = 0x0, PIN protector = true, Bio protector = false, Secure Bio Protector = false, Recovery protector = true, Preboot protector = false"
"07-07-2026 18:41:13","5002","Information","Microsoft-Windows-HelloForBusiness","A user is signing into the device with the following gesture information:

Type: Invalid
Subtype: No Bio"
"07-07-2026 17:45:46","5001","Information","Microsoft-Windows-HelloForBusiness","A user signed into the device with the following information:

Username: SYSTEM
User SID: S-1-5-18
Credential Type: Software Key
Deployment Type: Key Trust"
"07-07-2026 17:45:46","5702","Information","Microsoft-Windows-HelloForBusiness","Windows Hello wrote following protector properties to disk: HResult = 0x0, PIN protector = true, Bio protector = false, Secure Bio Protector = false, Recovery protector = true, Preboot protector = false"
"07-07-2026 17:45:46","5002","Information","Microsoft-Windows-HelloForBusiness","A user is signing into the device with the following gesture information:

Type: Invalid
Subtype: No Bio"
"07-07-2026 16:49:58","5001","Information","Microsoft-Windows-HelloForBusiness","A user signed into the device with the following information:

Username: SYSTEM
User SID: S-1-5-18
Credential Type: Software Key
Deployment Type: Key Trust"
"07-07-2026 16:49:58","5702","Information","Microsoft-Windows-HelloForBusiness","Windows Hello wrote following protector properties to disk: HResult = 0x0, PIN protector = true, Bio protector = false, Secure Bio Protector = false, Recovery protector = true, Preboot protector = false"
"07-07-2026 16:49:58","5002","Information","Microsoft-Windows-HelloForBusiness","A user is signing into the device with the following gesture information:

Type: Invalid
Subtype: No Bio"
"07-07-2026 16:39:06","5001","Information","Microsoft-Windows-HelloForBusiness","A user signed into the device with the following information:

Username: SYSTEM
User SID: S-1-5-18
Credential Type: Software Key
Deployment Type: Key Trust"
"07-07-2026 16:39:06","5702","Information","Microsoft-Windows-HelloForBusiness","Windows Hello wrote following protector properties to disk: HResult = 0x0, PIN protector = true, Bio protector = false, Secure Bio Protector = false, Recovery protector = true, Preboot protector = false"
"07-07-2026 16:39:06","5002","Information","Microsoft-Windows-HelloForBusiness","A user is signing into the device with the following gesture information:

Type: Invalid
Subtype: No Bio"
"07-07-2026 16:24:45","5001","Information","Microsoft-Windows-HelloForBusiness","A user signed into the device with the following information:

Username: SYSTEM
User SID: S-1-5-18
Credential Type: Software Key
Deployment Type: Key Trust"
"07-07-2026 16:24:45","5702","Information","Microsoft-Windows-HelloForBusiness","Windows Hello wrote following protector properties to disk: HResult = 0x0, PIN protector = true, Bio protector = false, Secure Bio Protector = false, Recovery protector = true, Preboot protector = false"
"07-07-2026 16:24:45","5002","Information","Microsoft-Windows-HelloForBusiness","A user is signing into the device with the following gesture information:

Type: Invalid
Subtype: No Bio"
"07-07-2026 14:49:34","5001","Information","Microsoft-Windows-HelloForBusiness","A user signed into the device with the following information:

Username: SYSTEM
User SID: S-1-5-18
Credential Type: Software Key
Deployment Type: Key Trust"
"07-07-2026 14:49:34","5702","Information","Microsoft-Windows-HelloForBusiness","Windows Hello wrote following protector properties to disk: HResult = 0x0, PIN protector = true, Bio protector = false, Secure Bio Protector = false, Recovery protector = true, Preboot protector = false"
"07-07-2026 14:49:34","5002","Information","Microsoft-Windows-HelloForBusiness","A user is signing into the device with the following gesture information:

Type: Invalid
Subtype: No Bio"
"07-07-2026 13:27:29","5001","Information","Microsoft-Windows-HelloForBusiness","A user signed into the device with the following information:

Username: SYSTEM
User SID: S-1-5-18
Credential Type: Software Key
Deployment Type: Key Trust"
"07-07-2026 13:27:29","5702","Information","Microsoft-Windows-HelloForBusiness","Windows Hello wrote following protector properties to disk: HResult = 0x0, PIN protector = true, Bio protector = false, Secure Bio Protector = false, Recovery protector = true, Preboot protector = false"
"07-07-2026 13:27:29","5002","Information","Microsoft-Windows-HelloForBusiness","A user is signing into the device with the following gesture information:

Type: Invalid
Subtype: No Bio"
"07-07-2026 13:08:51","5001","Information","Microsoft-Windows-HelloForBusiness","A user signed into the device with the following information:

Username: SYSTEM
User SID: S-1-5-18
Credential Type: Software Key
Deployment Type: Key Trust"
"07-07-2026 13:08:51","5702","Information","Microsoft-Windows-HelloForBusiness","Windows Hello wrote following protector properties to disk: HResult = 0x0, PIN protector = true, Bio protector = false, Secure Bio Protector = false, Recovery protector = true, Preboot protector = false"
"07-07-2026 13:08:51","5002","Information","Microsoft-Windows-HelloForBusiness","A user is signing into the device with the following gesture information:

Type: Invalid
Subtype: No Bio"
"07-07-2026 12:00:05","5001","Information","Microsoft-Windows-HelloForBusiness","A user signed into the device with the following information:

Username: SYSTEM
User SID: S-1-5-18
Credential Type: Software Key
Deployment Type: Key Trust"
"07-07-2026 12:00:05","5702","Information","Microsoft-Windows-HelloForBusiness","Windows Hello wrote following protector properties to disk: HResult = 0x0, PIN protector = true, Bio protector = false, Secure Bio Protector = false, Recovery protector = true, Preboot protector = false"
"07-07-2026 12:00:04","5002","Information","Microsoft-Windows-HelloForBusiness","A user is signing into the device with the following gesture information:

Type: Invalid
Subtype: No Bio"
"07-07-2026 11:33:20","5001","Information","Microsoft-Windows-HelloForBusiness","A user signed into the device with the following information:

Username: SYSTEM
User SID: S-1-5-18
Credential Type: Software Key
Deployment Type: Key Trust"
"07-07-2026 11:33:20","5702","Information","Microsoft-Windows-HelloForBusiness","Windows Hello wrote following protector properties to disk: HResult = 0x0, PIN protector = true, Bio protector = false, Secure Bio Protector = false, Recovery protector = true, Preboot protector = false"
"07-07-2026 11:33:20","5002","Information","Microsoft-Windows-HelloForBusiness","A user is signing into the device with the following gesture information:

Type: Invalid
Subtype: No Bio"
"07-07-2026 10:53:42","5001","Information","Microsoft-Windows-HelloForBusiness","A user signed into the device with the following information:

Username: SYSTEM
User SID: S-1-5-18
Credential Type: Software Key
Deployment Type: Key Trust"
"07-07-2026 10:53:42","5702","Information","Microsoft-Windows-HelloForBusiness","Windows Hello wrote following protector properties to disk: HResult = 0x0, PIN protector = true, Bio protector = false, Secure Bio Protector = false, Recovery protector = true, Preboot protector = false"
"07-07-2026 10:53:42","5002","Information","Microsoft-Windows-HelloForBusiness","A user is signing into the device with the following gesture information:

Type: Invalid
Subtype: No Bio"
"07-07-2026 09:38:06","5205","Information","Microsoft-Windows-HelloForBusiness","Windows Hello for Business On-Premise authentication configurations: 

Certificate Enrollment Method: None
Certificate Required for On-Premise Auth: false
Use Cloud Trust for On-Premise Auth: false
Account has Cloud TGT: false"
"07-07-2026 09:37:15","5000","Information","Microsoft-Windows-HelloForBusiness","TPM Manufacturer: ST Microelectronics
Version: 2.0
Firmware Version: 1.769.0.0
Is Ready: true"
"07-07-2026 09:37:15","8025","Success","Microsoft-Windows-HelloForBusiness","The Microsoft Passport service started successfully."
"07-07-2026 09:28:42","5205","Information","Microsoft-Windows-HelloForBusiness","Windows Hello for Business On-Premise authentication configurations: 

Certificate Enrollment Method: None
Certificate Required for On-Premise Auth: false
Use Cloud Trust for On-Premise Auth: false
Account has Cloud TGT: false"
"07-07-2026 09:28:24","8025","Success","Microsoft-Windows-HelloForBusiness","The Microsoft Passport Container service started successfully."
"07-07-2026 09:28:23","8002","Success","Microsoft-Windows-HelloForBusiness","Successfully loaded an existing hardware Windows Hello container.

ID: {dc3bf01d-2dbb-4626-b5cb-24709c65303f}
Version: 2
Has Cached Logon Key: true
State: Okay"
"07-07-2026 09:28:23","5701","Information","Microsoft-Windows-HelloForBusiness","Windows Hello read following protector properties from disk: HResult = 0x0, PIN protector = true, Bio protector = false, Secure Bio Protector = false, Recovery protector = true, Preboot protector = false"
"07-07-2026 09:28:22","5000","Information","Microsoft-Windows-HelloForBusiness","TPM Manufacturer: ST Microelectronics
Version: 2.0
Firmware Version: 1.769.0.0
Is Ready: true"
"07-07-2026 09:28:22","8025","Success","Microsoft-Windows-HelloForBusiness","The Microsoft Passport service started successfully."
"07-07-2026 09:07:40","5001","Information","Microsoft-Windows-HelloForBusiness","A user signed into the device with the following information:

Username: SYSTEM
User SID: S-1-5-18
Credential Type: Software Key
Deployment Type: Key Trust"
"07-07-2026 09:07:40","5702","Information","Microsoft-Windows-HelloForBusiness","Windows Hello wrote following protector properties to disk: HResult = 0x0, PIN protector = true, Bio protector = false, Secure Bio Protector = false, Recovery protector = true, Preboot protector = false"
"07-07-2026 09:07:40","5002","Information","Microsoft-Windows-HelloForBusiness","A user is signing into the device with the following gesture information:

Type: Invalid
Subtype: No Bio"
"06-07-2026 18:53:16","5001","Information","Microsoft-Windows-HelloForBusiness","A user signed into the device with the following information:

Username: SYSTEM
User SID: S-1-5-18
Credential Type: Software Key
Deployment Type: Key Trust"
"06-07-2026 18:53:16","5702","Information","Microsoft-Windows-HelloForBusiness","Windows Hello wrote following protector properties to disk: HResult = 0x0, PIN protector = true, Bio protector = false, Secure Bio Protector = false, Recovery protector = true, Preboot protector = false"
"06-07-2026 18:53:16","5002","Information","Microsoft-Windows-HelloForBusiness","A user is signing into the device with the following gesture information:

Type: Invalid
Subtype: No Bio"
"06-07-2026 17:17:21","5205","Information","Microsoft-Windows-HelloForBusiness","Windows Hello for Business On-Premise authentication configurations: 

Certificate Enrollment Method: None
Certificate Required for On-Premise Auth: false
Use Cloud Trust for On-Premise Auth: false
Account has Cloud TGT: false"
"06-07-2026 17:00:26","5001","Information","Microsoft-Windows-HelloForBusiness","A user signed into the device with the following information:

Username: SYSTEM
User SID: S-1-5-18
Credential Type: Software Key
Deployment Type: Key Trust"
"06-07-2026 17:00:25","5702","Information","Microsoft-Windows-HelloForBusiness","Windows Hello wrote following protector properties to disk: HResult = 0x0, PIN protector = true, Bio protector = false, Secure Bio Protector = false, Recovery protector = true, Preboot protector = false"
"06-07-2026 17:00:25","5002","Information","Microsoft-Windows-HelloForBusiness","A user is signing into the device with the following gesture information:

Type: Invalid
Subtype: No Bio"
"06-07-2026 15:31:57","5001","Information","Microsoft-Windows-HelloForBusiness","A user signed into the device with the following information:

Username: SYSTEM
User SID: S-1-5-18
Credential Type: Software Key
Deployment Type: Key Trust"
"06-07-2026 15:31:57","5702","Information","Microsoft-Windows-HelloForBusiness","Windows Hello wrote following protector properties to disk: HResult = 0x0, PIN protector = true, Bio protector = false, Secure Bio Protector = false, Recovery protector = true, Preboot protector = false"
"06-07-2026 15:31:57","5002","Information","Microsoft-Windows-HelloForBusiness","A user is signing into the device with the following gesture information:

Type: Invalid
Subtype: No Bio"
"06-07-2026 13:47:51","5001","Information","Microsoft-Windows-HelloForBusiness","A user signed into the device with the following information:

Username: SYSTEM
User SID: S-1-5-18
Credential Type: Software Key
Deployment Type: Key Trust"
"06-07-2026 13:47:51","5702","Information","Microsoft-Windows-HelloForBusiness","Windows Hello wrote following protector properties to disk: HResult = 0x0, PIN protector = true, Bio protector = false, Secure Bio Protector = false, Recovery protector = true, Preboot protector = false"
"06-07-2026 13:47:51","5002","Information","Microsoft-Windows-HelloForBusiness","A user is signing into the device with the following gesture information:

Type: Invalid
Subtype: No Bio"
"06-07-2026 13:36:16","5001","Information","Microsoft-Windows-HelloForBusiness","A user signed into the device with the following information:

Username: SYSTEM
User SID: S-1-5-18
Credential Type: Software Key
Deployment Type: Key Trust"
"06-07-2026 13:36:16","5702","Information","Microsoft-Windows-HelloForBusiness","Windows Hello wrote following protector properties to disk: HResult = 0x0, PIN protector = true, Bio protector = false, Secure Bio Protector = false, Recovery protector = true, Preboot protector = false"
"06-07-2026 13:36:16","5002","Information","Microsoft-Windows-HelloForBusiness","A user is signing into the device with the following gesture information:

Type: Invalid
Subtype: No Bio"
"06-07-2026 13:03:49","5001","Information","Microsoft-Windows-HelloForBusiness","A user signed into the device with the following information:

Username: SYSTEM
User SID: S-1-5-18
Credential Type: Software Key
Deployment Type: Key Trust"
"06-07-2026 13:03:49","5702","Information","Microsoft-Windows-HelloForBusiness","Windows Hello wrote following protector properties to disk: HResult = 0x0, PIN protector = true, Bio protector = false, Secure Bio Protector = false, Recovery protector = true, Preboot protector = false"
"06-07-2026 13:03:49","5002","Information","Microsoft-Windows-HelloForBusiness","A user is signing into the device with the following gesture information:

Type: Invalid
Subtype: No Bio"
"06-07-2026 09:36:28","5702","Information","Microsoft-Windows-HelloForBusiness","Windows Hello wrote following protector properties to disk: HResult = 0x0, PIN protector = true, Bio protector = false, Secure Bio Protector = false, Recovery protector = true, Preboot protector = false"
"06-07-2026 09:36:28","8060","Success","Microsoft-Windows-HelloForBusiness","Windows Hello successfully created a PIN recovery key for user S-1-12-1-2357405129-1281513531-255772574-1816207334.
Processing time: 0 seconds"
"06-07-2026 09:36:27","5001","Information","Microsoft-Windows-HelloForBusiness","A user signed into the device with the following information:

Username: SYSTEM
User SID: S-1-5-18
Credential Type: Software Key
Deployment Type: Key Trust"
"06-07-2026 09:36:27","5702","Information","Microsoft-Windows-HelloForBusiness","Windows Hello wrote following protector properties to disk: HResult = 0x0, PIN protector = true, Bio protector = false, Secure Bio Protector = false, Recovery protector = true, Preboot protector = false"
"06-07-2026 09:36:27","5702","Information","Microsoft-Windows-HelloForBusiness","Windows Hello wrote following protector properties to disk: HResult = 0x0, PIN protector = true, Bio protector = false, Secure Bio Protector = false, Recovery protector = false, Preboot protector = false"
"06-07-2026 09:36:27","5002","Information","Microsoft-Windows-HelloForBusiness","A user is signing into the device with the following gesture information:

Type: Invalid
Subtype: No Bio"
"06-07-2026 09:11:36","5001","Information","Microsoft-Windows-HelloForBusiness","A user signed into the device with the following information:

Username: SYSTEM
User SID: S-1-5-18
Credential Type: Software Key
Deployment Type: Key Trust"
"06-07-2026 09:11:36","5702","Information","Microsoft-Windows-HelloForBusiness","Windows Hello wrote following protector properties to disk: HResult = 0x0, PIN protector = true, Bio protector = false, Secure Bio Protector = false, Recovery protector = false, Preboot protector = false"
"06-07-2026 09:11:36","7060","Error","Microsoft-Windows-HelloForBusiness","Windows Hello failed to create a PIN recovery key for user S-1-12-1-2357405129-1281513531-255772574-1816207334.
Error: Unknown error 0x80072EE7 (0x80072EE7)
Correlation vector: sDw+vq13+kKlG5MBVX8rEw.0
Processing time: 0 seconds."
"06-07-2026 09:11:36","5702","Information","Microsoft-Windows-HelloForBusiness","Windows Hello wrote following protector properties to disk: HResult = 0x0, PIN protector = true, Bio protector = false, Secure Bio Protector = false, Recovery protector = true, Preboot protector = false"
"06-07-2026 09:11:36","5702","Information","Microsoft-Windows-HelloForBusiness","Windows Hello wrote following protector properties to disk: HResult = 0x0, PIN protector = true, Bio protector = false, Secure Bio Protector = false, Recovery protector = false, Preboot protector = false"
"06-07-2026 09:11:36","5702","Information","Microsoft-Windows-HelloForBusiness","Windows Hello wrote following protector properties to disk: HResult = 0x0, PIN protector = true, Bio protector = false, Secure Bio Protector = false, Recovery protector = true, Preboot protector = false"
"06-07-2026 09:11:36","5002","Information","Microsoft-Windows-HelloForBusiness","A user is signing into the device with the following gesture information:

Type: Invalid
Subtype: No Bio"
"04-07-2026 14:19:05","5000","Information","Microsoft-Windows-HelloForBusiness","TPM Manufacturer: ST Microelectronics
Version: 2.0
Firmware Version: 1.769.0.0
Is Ready: true"
"04-07-2026 14:19:05","8025","Success","Microsoft-Windows-HelloForBusiness","The Microsoft Passport service started successfully."
"04-07-2026 14:13:21","5205","Information","Microsoft-Windows-HelloForBusiness","Windows Hello for Business On-Premise authentication configurations: 

Certificate Enrollment Method: None
Certificate Required for On-Premise Auth: false
Use Cloud Trust for On-Premise Auth: false
Account has Cloud TGT: false"
"04-07-2026 14:12:43","8025","Success","Microsoft-Windows-HelloForBusiness","The Microsoft Passport Container service started successfully."
"04-07-2026 14:12:42","8002","Success","Microsoft-Windows-HelloForBusiness","Successfully loaded an existing hardware Windows Hello container.

ID: {dc3bf01d-2dbb-4626-b5cb-24709c65303f}
Version: 2
Has Cached Logon Key: true
State: Okay"
"04-07-2026 14:12:42","5701","Information","Microsoft-Windows-HelloForBusiness","Windows Hello read following protector properties from disk: HResult = 0x0, PIN protector = true, Bio protector = false, Secure Bio Protector = false, Recovery protector = true, Preboot protector = false"
"04-07-2026 14:12:41","5000","Information","Microsoft-Windows-HelloForBusiness","TPM Manufacturer: ST Microelectronics
Version: 2.0
Firmware Version: 1.769.0.0
Is Ready: true"
"04-07-2026 14:12:41","8025","Success","Microsoft-Windows-HelloForBusiness","The Microsoft Passport service started successfully."
"04-07-2026 14:03:48","5205","Information","Microsoft-Windows-HelloForBusiness","Windows Hello for Business On-Premise authentication configurations: 

Certificate Enrollment Method: None
Certificate Required for On-Premise Auth: false
Use Cloud Trust for On-Premise Auth: false
Account has Cloud TGT: false"
"04-07-2026 13:55:19","5001","Information","Microsoft-Windows-HelloForBusiness","A user signed into the device with the following information:

Username: SYSTEM
User SID: S-1-5-18
Credential Type: Software Key
Deployment Type: Key Trust"
"04-07-2026 13:55:19","5702","Information","Microsoft-Windows-HelloForBusiness","Windows Hello wrote following protector properties to disk: HResult = 0x0, PIN protector = true, Bio protector = false, Secure Bio Protector = false, Recovery protector = true, Preboot protector = false"
"04-07-2026 13:55:18","5002","Information","Microsoft-Windows-HelloForBusiness","A user is signing into the device with the following gesture information:

Type: Invalid
Subtype: No Bio"
"03-07-2026 18:14:31","5001","Information","Microsoft-Windows-HelloForBusiness","A user signed into the device with the following information:

Username: SYSTEM
User SID: S-1-5-18
Credential Type: Software Key
Deployment Type: Key Trust"
"03-07-2026 18:14:31","5702","Information","Microsoft-Windows-HelloForBusiness","Windows Hello wrote following protector properties to disk: HResult = 0x0, PIN protector = true, Bio protector = false, Secure Bio Protector = false, Recovery protector = true, Preboot protector = false"
"03-07-2026 18:14:31","5002","Information","Microsoft-Windows-HelloForBusiness","A user is signing into the device with the following gesture information:

Type: Invalid
Subtype: No Bio"
"03-07-2026 17:32:31","5001","Information","Microsoft-Windows-HelloForBusiness","A user signed into the device with the following information:

Username: SYSTEM
User SID: S-1-5-18
Credential Type: Software Key
Deployment Type: Key Trust"
"03-07-2026 17:32:31","5702","Information","Microsoft-Windows-HelloForBusiness","Windows Hello wrote following protector properties to disk: HResult = 0x0, PIN protector = true, Bio protector = false, Secure Bio Protector = false, Recovery protector = true, Preboot protector = false"
"03-07-2026 17:32:31","5002","Information","Microsoft-Windows-HelloForBusiness","A user is signing into the device with the following gesture information:

Type: Invalid
Subtype: No Bio"
"03-07-2026 17:01:24","5001","Information","Microsoft-Windows-HelloForBusiness","A user signed into the device with the following information:

Username: SYSTEM
User SID: S-1-5-18
Credential Type: Software Key
Deployment Type: Key Trust"
"03-07-2026 17:01:24","5702","Information","Microsoft-Windows-HelloForBusiness","Windows Hello wrote following protector properties to disk: HResult = 0x0, PIN protector = true, Bio protector = false, Secure Bio Protector = false, Recovery protector = true, Preboot protector = false"
"03-07-2026 17:01:24","5002","Information","Microsoft-Windows-HelloForBusiness","A user is signing into the device with the following gesture information:

Type: Invalid
Subtype: No Bio"
"03-07-2026 16:21:42","5001","Information","Microsoft-Windows-HelloForBusiness","A user signed into the device with the following information:

Username: SYSTEM
User SID: S-1-5-18
Credential Type: Software Key
Deployment Type: Key Trust"
"03-07-2026 16:21:42","5702","Information","Microsoft-Windows-HelloForBusiness","Windows Hello wrote following protector properties to disk: HResult = 0x0, PIN protector = true, Bio protector = false, Secure Bio Protector = false, Recovery protector = true, Preboot protector = false"
"03-07-2026 16:21:41","5002","Information","Microsoft-Windows-HelloForBusiness","A user is signing into the device with the following gesture information:

Type: Invalid
Subtype: No Bio"
"03-07-2026 13:43:10","5000","Information","Microsoft-Windows-HelloForBusiness","TPM Manufacturer: ST Microelectronics
Version: 2.0
Firmware Version: 1.769.0.0
Is Ready: true"
"03-07-2026 13:43:10","8025","Success","Microsoft-Windows-HelloForBusiness","The Microsoft Passport service started successfully."
"03-07-2026 12:28:43","5000","Information","Microsoft-Windows-HelloForBusiness","TPM Manufacturer: ST Microelectronics
Version: 2.0
Firmware Version: 1.769.0.0
Is Ready: true"
"03-07-2026 12:28:43","8025","Success","Microsoft-Windows-HelloForBusiness","The Microsoft Passport service started successfully."
"03-07-2026 12:06:41","5000","Information","Microsoft-Windows-HelloForBusiness","TPM Manufacturer: ST Microelectronics
Version: 2.0
Firmware Version: 1.769.0.0
Is Ready: true"
"03-07-2026 12:06:41","8025","Success","Microsoft-Windows-HelloForBusiness","The Microsoft Passport service started successfully."
"03-07-2026 12:03:58","5000","Information","Microsoft-Windows-HelloForBusiness","TPM Manufacturer: ST Microelectronics
Version: 2.0
Firmware Version: 1.769.0.0
Is Ready: true"
"03-07-2026 12:03:58","8025","Success","Microsoft-Windows-HelloForBusiness","The Microsoft Passport service started successfully."
"03-07-2026 11:57:43","5000","Information","Microsoft-Windows-HelloForBusiness","TPM Manufacturer: ST Microelectronics
Version: 2.0
Firmware Version: 1.769.0.0
Is Ready: true"
"03-07-2026 11:57:43","8025","Success","Microsoft-Windows-HelloForBusiness","The Microsoft Passport service started successfully."
"03-07-2026 11:33:08","5000","Information","Microsoft-Windows-HelloForBusiness","TPM Manufacturer: ST Microelectronics
Version: 2.0
Firmware Version: 1.769.0.0
Is Ready: true"
"03-07-2026 11:33:08","8025","Success","Microsoft-Windows-HelloForBusiness","The Microsoft Passport service started successfully."
"03-07-2026 11:31:46","5205","Information","Microsoft-Windows-HelloForBusiness","Windows Hello for Business On-Premise authentication configurations: 

Certificate Enrollment Method: None
Certificate Required for On-Premise Auth: false
Use Cloud Trust for On-Premise Auth: false
Account has Cloud TGT: false"
"03-07-2026 11:22:31","5205","Information","Microsoft-Windows-HelloForBusiness","Windows Hello for Business On-Premise authentication configurations: 

Certificate Enrollment Method: None
Certificate Required for On-Premise Auth: false
Use Cloud Trust for On-Premise Auth: false
Account has Cloud TGT: false"
"03-07-2026 11:20:26","8025","Success","Microsoft-Windows-HelloForBusiness","The Microsoft Passport Container service started successfully."
"03-07-2026 11:20:25","8002","Success","Microsoft-Windows-HelloForBusiness","Successfully loaded an existing hardware Windows Hello container.

ID: {dc3bf01d-2dbb-4626-b5cb-24709c65303f}
Version: 2
Has Cached Logon Key: true
State: Okay"
"03-07-2026 11:20:24","5701","Information","Microsoft-Windows-HelloForBusiness","Windows Hello read following protector properties from disk: HResult = 0x0, PIN protector = true, Bio protector = false, Secure Bio Protector = false, Recovery protector = true, Preboot protector = false"
"03-07-2026 11:20:24","5000","Information","Microsoft-Windows-HelloForBusiness","TPM Manufacturer: ST Microelectronics
Version: 2.0
Firmware Version: 1.769.0.0
Is Ready: true"
"03-07-2026 11:20:24","8025","Success","Microsoft-Windows-HelloForBusiness","The Microsoft Passport service started successfully."
"03-07-2026 11:03:03","5001","Information","Microsoft-Windows-HelloForBusiness","A user signed into the device with the following information:

Username: SYSTEM
User SID: S-1-5-18
Credential Type: Software Key
Deployment Type: Key Trust"
"03-07-2026 11:03:03","5702","Information","Microsoft-Windows-HelloForBusiness","Windows Hello wrote following protector properties to disk: HResult = 0x0, PIN protector = true, Bio protector = false, Secure Bio Protector = false, Recovery protector = true, Preboot protector = false"
"03-07-2026 11:03:02","5002","Information","Microsoft-Windows-HelloForBusiness","A user is signing into the device with the following gesture information:

Type: Invalid
Subtype: No Bio"
"03-07-2026 09:35:58","5001","Information","Microsoft-Windows-HelloForBusiness","A user signed into the device with the following information:

Username: SYSTEM
User SID: S-1-5-18
Credential Type: Software Key
Deployment Type: Key Trust"
"03-07-2026 09:35:56","5702","Information","Microsoft-Windows-HelloForBusiness","Windows Hello wrote following protector properties to disk: HResult = 0x0, PIN protector = true, Bio protector = false, Secure Bio Protector = false, Recovery protector = true, Preboot protector = false"
"03-07-2026 09:35:56","5002","Information","Microsoft-Windows-HelloForBusiness","A user is signing into the device with the following gesture information:

Type: Invalid
Subtype: No Bio"
"02-07-2026 19:08:35","5001","Information","Microsoft-Windows-HelloForBusiness","A user signed into the device with the following information:

Username: SYSTEM
User SID: S-1-5-18
Credential Type: Software Key
Deployment Type: Key Trust"
"02-07-2026 19:08:35","5702","Information","Microsoft-Windows-HelloForBusiness","Windows Hello wrote following protector properties to disk: HResult = 0x0, PIN protector = true, Bio protector = false, Secure Bio Protector = false, Recovery protector = true, Preboot protector = false"
"02-07-2026 19:08:35","5002","Information","Microsoft-Windows-HelloForBusiness","A user is signing into the device with the following gesture information:

Type: Invalid
Subtype: No Bio"
"02-07-2026 17:51:02","5702","Information","Microsoft-Windows-HelloForBusiness","Windows Hello wrote following protector properties to disk: HResult = 0x0, PIN protector = true, Bio protector = false, Secure Bio Protector = false, Recovery protector = true, Preboot protector = false"
"02-07-2026 17:51:02","8060","Success","Microsoft-Windows-HelloForBusiness","Windows Hello successfully created a PIN recovery key for user S-1-12-1-2357405129-1281513531-255772574-1816207334.
Processing time: 0 seconds"
"02-07-2026 17:51:01","5001","Information","Microsoft-Windows-HelloForBusiness","A user signed into the device with the following information:

Username: SYSTEM
User SID: S-1-5-18
Credential Type: Software Key
Deployment Type: Key Trust"
"02-07-2026 17:51:01","5702","Information","Microsoft-Windows-HelloForBusiness","Windows Hello wrote following protector properties to disk: HResult = 0x0, PIN protector = true, Bio protector = false, Secure Bio Protector = false, Recovery protector = true, Preboot protector = false"
"02-07-2026 17:51:01","5702","Information","Microsoft-Windows-HelloForBusiness","Windows Hello wrote following protector properties to disk: HResult = 0x0, PIN protector = true, Bio protector = false, Secure Bio Protector = false, Recovery protector = false, Preboot protector = false"
"02-07-2026 17:51:01","5002","Information","Microsoft-Windows-HelloForBusiness","A user is signing into the device with the following gesture information:

Type: Invalid
Subtype: No Bio"
"02-07-2026 16:11:54","5001","Information","Microsoft-Windows-HelloForBusiness","A user signed into the device with the following information:

Username: SYSTEM
User SID: S-1-5-18
Credential Type: Software Key
Deployment Type: Key Trust"
"02-07-2026 16:11:54","5702","Information","Microsoft-Windows-HelloForBusiness","Windows Hello wrote following protector properties to disk: HResult = 0x0, PIN protector = true, Bio protector = false, Secure Bio Protector = false, Recovery protector = false, Preboot protector = false"
"02-07-2026 16:11:54","7060","Error","Microsoft-Windows-HelloForBusiness","Windows Hello failed to create a PIN recovery key for user S-1-12-1-2357405129-1281513531-255772574-1816207334.
Error: Unknown error 0x80072EE7 (0x80072EE7)
Correlation vector: 3zJ54pfWb0KO08a7rvGvCA.0
Processing time: 0 seconds."
"02-07-2026 16:11:54","5702","Information","Microsoft-Windows-HelloForBusiness","Windows Hello wrote following protector properties to disk: HResult = 0x0, PIN protector = true, Bio protector = false, Secure Bio Protector = false, Recovery protector = true, Preboot protector = false"
"02-07-2026 16:11:53","5702","Information","Microsoft-Windows-HelloForBusiness","Windows Hello wrote following protector properties to disk: HResult = 0x0, PIN protector = true, Bio protector = false, Secure Bio Protector = false, Recovery protector = false, Preboot protector = false"
"02-07-2026 16:11:53","5702","Information","Microsoft-Windows-HelloForBusiness","Windows Hello wrote following protector properties to disk: HResult = 0x0, PIN protector = true, Bio protector = false, Secure Bio Protector = false, Recovery protector = true, Preboot protector = false"
"02-07-2026 16:11:53","5002","Information","Microsoft-Windows-HelloForBusiness","A user is signing into the device with the following gesture information:

Type: Invalid
Subtype: No Bio"
"02-07-2026 14:41:10","5001","Information","Microsoft-Windows-HelloForBusiness","A user signed into the device with the following information:

Username: SYSTEM
User SID: S-1-5-18
Credential Type: Software Key
Deployment Type: Key Trust"
"02-07-2026 14:41:10","5702","Information","Microsoft-Windows-HelloForBusiness","Windows Hello wrote following protector properties to disk: HResult = 0x0, PIN protector = true, Bio protector = false, Secure Bio Protector = false, Recovery protector = true, Preboot protector = false"
"02-07-2026 14:41:10","5002","Information","Microsoft-Windows-HelloForBusiness","A user is signing into the device with the following gesture information:

Type: Invalid
Subtype: No Bio"
"02-07-2026 14:05:15","5001","Information","Microsoft-Windows-HelloForBusiness","A user signed into the device with the following information:

Username: SYSTEM
User SID: S-1-5-18
Credential Type: Software Key
Deployment Type: Key Trust"
"02-07-2026 14:05:15","5702","Information","Microsoft-Windows-HelloForBusiness","Windows Hello wrote following protector properties to disk: HResult = 0x0, PIN protector = true, Bio protector = false, Secure Bio Protector = false, Recovery protector = true, Preboot protector = false"
"02-07-2026 14:05:15","5002","Information","Microsoft-Windows-HelloForBusiness","A user is signing into the device with the following gesture information:

Type: Invalid
Subtype: No Bio"
"02-07-2026 11:38:54","5001","Information","Microsoft-Windows-HelloForBusiness","A user signed into the device with the following information:

Username: SYSTEM
User SID: S-1-5-18
Credential Type: Software Key
Deployment Type: Key Trust"
"02-07-2026 11:38:54","5702","Information","Microsoft-Windows-HelloForBusiness","Windows Hello wrote following protector properties to disk: HResult = 0x0, PIN protector = true, Bio protector = false, Secure Bio Protector = false, Recovery protector = true, Preboot protector = false"
"02-07-2026 11:38:54","5002","Information","Microsoft-Windows-HelloForBusiness","A user is signing into the device with the following gesture information:

Type: Invalid
Subtype: No Bio"
"02-07-2026 11:23:17","5001","Information","Microsoft-Windows-HelloForBusiness","A user signed into the device with the following information:

Username: SYSTEM
User SID: S-1-5-18
Credential Type: Software Key
Deployment Type: Key Trust"
"02-07-2026 11:23:17","5702","Information","Microsoft-Windows-HelloForBusiness","Windows Hello wrote following protector properties to disk: HResult = 0x0, PIN protector = true, Bio protector = false, Secure Bio Protector = false, Recovery protector = true, Preboot protector = false"
"02-07-2026 11:23:17","5002","Information","Microsoft-Windows-HelloForBusiness","A user is signing into the device with the following gesture information:

Type: Invalid
Subtype: No Bio"
"02-07-2026 10:14:50","5205","Information","Microsoft-Windows-HelloForBusiness","Windows Hello for Business On-Premise authentication configurations: 

Certificate Enrollment Method: None
Certificate Required for On-Premise Auth: false
Use Cloud Trust for On-Premise Auth: false
Account has Cloud TGT: false"
"02-07-2026 09:28:42","5001","Information","Microsoft-Windows-HelloForBusiness","A user signed into the device with the following information:

Username: SYSTEM
User SID: S-1-5-18
Credential Type: Software Key
Deployment Type: Key Trust"
"02-07-2026 09:28:42","5702","Information","Microsoft-Windows-HelloForBusiness","Windows Hello wrote following protector properties to disk: HResult = 0x0, PIN protector = true, Bio protector = false, Secure Bio Protector = false, Recovery protector = true, Preboot protector = false"
"02-07-2026 09:28:42","5002","Information","Microsoft-Windows-HelloForBusiness","A user is signing into the device with the following gesture information:

Type: Invalid
Subtype: No Bio"
"01-07-2026 17:15:48","5001","Information","Microsoft-Windows-HelloForBusiness","A user signed into the device with the following information:

Username: SYSTEM
User SID: S-1-5-18
Credential Type: Software Key
Deployment Type: Key Trust"
"01-07-2026 17:15:48","5702","Information","Microsoft-Windows-HelloForBusiness","Windows Hello wrote following protector properties to disk: HResult = 0x0, PIN protector = true, Bio protector = false, Secure Bio Protector = false, Recovery protector = true, Preboot protector = false"
"01-07-2026 17:15:48","5002","Information","Microsoft-Windows-HelloForBusiness","A user is signing into the device with the following gesture information:

Type: Invalid
Subtype: No Bio"
"01-07-2026 16:01:49","5001","Information","Microsoft-Windows-HelloForBusiness","A user signed into the device with the following information:

Username: SYSTEM
User SID: S-1-5-18
Credential Type: Software Key
Deployment Type: Key Trust"
"01-07-2026 16:01:49","5702","Information","Microsoft-Windows-HelloForBusiness","Windows Hello wrote following protector properties to disk: HResult = 0x0, PIN protector = true, Bio protector = false, Secure Bio Protector = false, Recovery protector = true, Preboot protector = false"
"01-07-2026 16:01:49","5002","Information","Microsoft-Windows-HelloForBusiness","A user is signing into the device with the following gesture information:

Type: Invalid
Subtype: No Bio"
"01-07-2026 15:29:26","5001","Information","Microsoft-Windows-HelloForBusiness","A user signed into the device with the following information:

Username: SYSTEM
User SID: S-1-5-18
Credential Type: Software Key
Deployment Type: Key Trust"
"01-07-2026 15:29:26","5702","Information","Microsoft-Windows-HelloForBusiness","Windows Hello wrote following protector properties to disk: HResult = 0x0, PIN protector = true, Bio protector = false, Secure Bio Protector = false, Recovery protector = true, Preboot protector = false"
"01-07-2026 15:29:26","5002","Information","Microsoft-Windows-HelloForBusiness","A user is signing into the device with the following gesture information:

Type: Invalid
Subtype: No Bio"
"01-07-2026 14:12:24","5001","Information","Microsoft-Windows-HelloForBusiness","A user signed into the device with the following information:

Username: SYSTEM
User SID: S-1-5-18
Credential Type: Software Key
Deployment Type: Key Trust"
"01-07-2026 14:12:24","5702","Information","Microsoft-Windows-HelloForBusiness","Windows Hello wrote following protector properties to disk: HResult = 0x0, PIN protector = true, Bio protector = false, Secure Bio Protector = false, Recovery protector = true, Preboot protector = false"
"01-07-2026 14:12:24","5002","Information","Microsoft-Windows-HelloForBusiness","A user is signing into the device with the following gesture information:

Type: Invalid
Subtype: No Bio"
"01-07-2026 13:26:11","5001","Information","Microsoft-Windows-HelloForBusiness","A user signed into the device with the following information:

Username: SYSTEM
User SID: S-1-5-18
Credential Type: Software Key
Deployment Type: Key Trust"
"01-07-2026 13:26:11","5702","Information","Microsoft-Windows-HelloForBusiness","Windows Hello wrote following protector properties to disk: HResult = 0x0, PIN protector = true, Bio protector = false, Secure Bio Protector = false, Recovery protector = true, Preboot protector = false"
"01-07-2026 13:26:11","5002","Information","Microsoft-Windows-HelloForBusiness","A user is signing into the device with the following gesture information:

Type: Invalid
Subtype: No Bio"
"01-07-2026 11:58:06","5001","Information","Microsoft-Windows-HelloForBusiness","A user signed into the device with the following information:

Username: SYSTEM
User SID: S-1-5-18
Credential Type: Software Key
Deployment Type: Key Trust"
"01-07-2026 11:58:05","5702","Information","Microsoft-Windows-HelloForBusiness","Windows Hello wrote following protector properties to disk: HResult = 0x0, PIN protector = true, Bio protector = false, Secure Bio Protector = false, Recovery protector = true, Preboot protector = false"
"01-07-2026 11:58:05","5002","Information","Microsoft-Windows-HelloForBusiness","A user is signing into the device with the following gesture information:

Type: Invalid
Subtype: No Bio"
"01-07-2026 10:53:23","5001","Information","Microsoft-Windows-HelloForBusiness","A user signed into the device with the following information:

Username: SYSTEM
User SID: S-1-5-18
Credential Type: Software Key
Deployment Type: Key Trust"
"01-07-2026 10:53:23","5702","Information","Microsoft-Windows-HelloForBusiness","Windows Hello wrote following protector properties to disk: HResult = 0x0, PIN protector = true, Bio protector = false, Secure Bio Protector = false, Recovery protector = true, Preboot protector = false"
"01-07-2026 10:53:23","5002","Information","Microsoft-Windows-HelloForBusiness","A user is signing into the device with the following gesture information:

Type: Invalid
Subtype: No Bio"
"01-07-2026 10:51:40","5000","Information","Microsoft-Windows-HelloForBusiness","TPM Manufacturer: ST Microelectronics
Version: 2.0
Firmware Version: 1.769.0.0
Is Ready: true"
"01-07-2026 10:51:40","8025","Success","Microsoft-Windows-HelloForBusiness","The Microsoft Passport service started successfully."
"01-07-2026 10:36:55","5000","Information","Microsoft-Windows-HelloForBusiness","TPM Manufacturer: ST Microelectronics
Version: 2.0
Firmware Version: 1.769.0.0
Is Ready: true"
"01-07-2026 10:36:55","8025","Success","Microsoft-Windows-HelloForBusiness","The Microsoft Passport service started successfully."
"01-07-2026 10:31:31","5000","Information","Microsoft-Windows-HelloForBusiness","TPM Manufacturer: ST Microelectronics
Version: 2.0
Firmware Version: 1.769.0.0
Is Ready: true"
"01-07-2026 10:31:30","8025","Success","Microsoft-Windows-HelloForBusiness","The Microsoft Passport service started successfully."
"01-07-2026 10:21:37","5205","Information","Microsoft-Windows-HelloForBusiness","Windows Hello for Business On-Premise authentication configurations: 

Certificate Enrollment Method: None
Certificate Required for On-Premise Auth: false
Use Cloud Trust for On-Premise Auth: false
Account has Cloud TGT: false"
"01-07-2026 10:10:28","5205","Information","Microsoft-Windows-HelloForBusiness","Windows Hello for Business On-Premise authentication configurations: 

Certificate Enrollment Method: None
Certificate Required for On-Premise Auth: false
Use Cloud Trust for On-Premise Auth: false
Account has Cloud TGT: false"
"01-07-2026 10:08:19","8025","Success","Microsoft-Windows-HelloForBusiness","The Microsoft Passport Container service started successfully."
"01-07-2026 10:08:18","8002","Success","Microsoft-Windows-HelloForBusiness","Successfully loaded an existing hardware Windows Hello container.

ID: {dc3bf01d-2dbb-4626-b5cb-24709c65303f}
Version: 2
Has Cached Logon Key: true
State: Okay"
"01-07-2026 10:08:18","5701","Information","Microsoft-Windows-HelloForBusiness","Windows Hello read following protector properties from disk: HResult = 0x0, PIN protector = true, Bio protector = false, Secure Bio Protector = false, Recovery protector = true, Preboot protector = false"
"01-07-2026 10:08:17","5000","Information","Microsoft-Windows-HelloForBusiness","TPM Manufacturer: ST Microelectronics
Version: 2.0
Firmware Version: 1.769.0.0
Is Ready: true"
"01-07-2026 10:08:17","8025","Success","Microsoft-Windows-HelloForBusiness","The Microsoft Passport service started successfully."
"01-07-2026 09:41:37","5001","Information","Microsoft-Windows-HelloForBusiness","A user signed into the device with the following information:

Username: SYSTEM
User SID: S-1-5-18
Credential Type: Software Key
Deployment Type: Key Trust"
"01-07-2026 09:41:37","5702","Information","Microsoft-Windows-HelloForBusiness","Windows Hello wrote following protector properties to disk: HResult = 0x0, PIN protector = true, Bio protector = false, Secure Bio Protector = false, Recovery protector = true, Preboot protector = false"
"01-07-2026 09:41:36","5002","Information","Microsoft-Windows-HelloForBusiness","A user is signing into the device with the following gesture information:

Type: Invalid
Subtype: No Bio"
"01-07-2026 09:37:32","5001","Information","Microsoft-Windows-HelloForBusiness","A user signed into the device with the following information:

Username: SYSTEM
User SID: S-1-5-18
Credential Type: Software Key
Deployment Type: Key Trust"
"01-07-2026 09:37:32","5702","Information","Microsoft-Windows-HelloForBusiness","Windows Hello wrote following protector properties to disk: HResult = 0x0, PIN protector = true, Bio protector = false, Secure Bio Protector = false, Recovery protector = true, Preboot protector = false"
