"07-08-2026 13:24:33","1","Information","Microsoft-Windows-SenseIR","Starting action RunPSScriptAction. Action ID: 93514365-7ff3-4f5e-9dfd-7eb9f6b779a7"
"07-08-2026 13:24:22","4","Information","Microsoft-Windows-SenseIR","Windows Defender Advanced Threat Protection Incident Response executable started."
"07-08-2026 11:20:07","5","Information","Microsoft-Windows-SenseIR","Windows Defender Advanced Threat Protection Incident Response executable terminated. Exit code: 0x0"
"07-08-2026 10:59:16","3","Information","Microsoft-Windows-SenseIR","Succeeded to run action RunPSScriptAction. Action ID: 9e137068-a631-45e6-81aa-4adda242796e"
"07-08-2026 10:59:06","1","Information","Microsoft-Windows-SenseIR","Starting action RunPSScriptAction. Action ID: 9e137068-a631-45e6-81aa-4adda242796e"
"07-08-2026 10:57:22","3","Information","Microsoft-Windows-SenseIR","Succeeded to run action RunPSScriptAction. Action ID: 9f2a6e93-4b3c-4a21-9d6a-879ebba4d64d"
"07-08-2026 10:57:16","1","Information","Microsoft-Windows-SenseIR","Starting action RunPSScriptAction. Action ID: 9f2a6e93-4b3c-4a21-9d6a-879ebba4d64d"
"07-08-2026 10:57:05","4","Information","Microsoft-Windows-SenseIR","Windows Defender Advanced Threat Protection Incident Response executable started."
"07-08-2026 10:27:06","5","Information","Microsoft-Windows-SenseIR","Windows Defender Advanced Threat Protection Incident Response executable terminated. Exit code: 0x0"
"07-08-2026 10:07:21","3","Information","Microsoft-Windows-SenseIR","Succeeded to run action RunPSScriptAction. Action ID: a391f42c-7e1a-4611-8494-1817d2420e09"
"07-08-2026 10:06:44","3","Information","Microsoft-Windows-SenseIR","Succeeded to run action RunPSScriptAction. Action ID: 3fa4876e-3ae5-4c59-9a4d-08a7400268a5"
"07-08-2026 10:06:31","3","Information","Microsoft-Windows-SenseIR","Succeeded to run action RunPSScriptAction. Action ID: 0e3d6d2d-06cc-486d-9465-9ef3bee75444"
"07-08-2026 10:06:28","3","Information","Microsoft-Windows-SenseIR","Succeeded to run action RunPSScriptAction. Action ID: 1648ba23-91bf-4822-bd45-661d10a1ea81"
"07-08-2026 10:06:06","1","Information","Microsoft-Windows-SenseIR","Starting action RunPSScriptAction. Action ID: 0e3d6d2d-06cc-486d-9465-9ef3bee75444"
"07-08-2026 10:05:58","3","Information","Microsoft-Windows-SenseIR","Succeeded to run action RunPSScriptAction. Action ID: aceb19ff-8484-4db4-b8f6-f5a8d03a8c4a"
"07-08-2026 10:05:56","1","Information","Microsoft-Windows-SenseIR","Starting action RunPSScriptAction. Action ID: 3fa4876e-3ae5-4c59-9a4d-08a7400268a5"
"07-08-2026 10:05:56","1","Information","Microsoft-Windows-SenseIR","Starting action RunPSScriptAction. Action ID: a391f42c-7e1a-4611-8494-1817d2420e09"
"07-08-2026 10:05:56","1","Information","Microsoft-Windows-SenseIR","Starting action RunPSScriptAction. Action ID: aceb19ff-8484-4db4-b8f6-f5a8d03a8c4a"
"07-08-2026 10:05:53","3","Information","Microsoft-Windows-SenseIR","Succeeded to run action RunPSScriptAction. Action ID: 2d76cc84-8291-481d-845d-62f59f16e445"
"07-08-2026 10:05:47","3","Information","Microsoft-Windows-SenseIR","Succeeded to run action RunPSScriptAction. Action ID: 05f2c576-9ed5-41eb-9b1e-1b653eebfdff"
"07-08-2026 10:05:47","3","Information","Microsoft-Windows-SenseIR","Succeeded to run action RunPSScriptAction. Action ID: cfa5b5b7-e717-474f-ad6a-a99ebd513b5c"
"07-08-2026 10:05:46","1","Information","Microsoft-Windows-SenseIR","Starting action RunPSScriptAction. Action ID: 2d76cc84-8291-481d-845d-62f59f16e445"
"07-08-2026 10:05:46","1","Information","Microsoft-Windows-SenseIR","Starting action RunPSScriptAction. Action ID: 05f2c576-9ed5-41eb-9b1e-1b653eebfdff"
"07-08-2026 10:05:46","1","Information","Microsoft-Windows-SenseIR","Starting action RunPSScriptAction. Action ID: 1648ba23-91bf-4822-bd45-661d10a1ea81"
"07-08-2026 10:05:42","3","Information","Microsoft-Windows-SenseIR","Succeeded to run action RunPSScriptAction. Action ID: acd1e8f4-3c26-49a7-bec8-9d7a15e1a6d2"
"07-08-2026 10:05:42","3","Information","Microsoft-Windows-SenseIR","Succeeded to run action RunPSScriptAction. Action ID: 53159fd8-6386-48c2-91e8-cf4860599c43"
"07-08-2026 10:05:41","3","Information","Microsoft-Windows-SenseIR","Succeeded to run action RunPSScriptAction. Action ID: 046a3caf-d9ec-4da6-a32a-fb148992596b"
"07-08-2026 10:05:36","1","Information","Microsoft-Windows-SenseIR","Starting action RunPSScriptAction. Action ID: cfa5b5b7-e717-474f-ad6a-a99ebd513b5c"
"07-08-2026 10:05:36","1","Information","Microsoft-Windows-SenseIR","Starting action RunPSScriptAction. Action ID: acd1e8f4-3c26-49a7-bec8-9d7a15e1a6d2"
"07-08-2026 10:05:36","1","Information","Microsoft-Windows-SenseIR","Starting action RunPSScriptAction. Action ID: 046a3caf-d9ec-4da6-a32a-fb148992596b"
"07-08-2026 10:05:34","3","Information","Microsoft-Windows-SenseIR","Succeeded to run action RunPSScriptAction. Action ID: 0e371fa0-b3cb-4d76-93ad-467add004280"
"07-08-2026 10:05:33","3","Information","Microsoft-Windows-SenseIR","Succeeded to run action RunPSScriptAction. Action ID: 211ef051-ecf9-4b99-9eed-76e45a831a19"
"07-08-2026 10:05:26","1","Information","Microsoft-Windows-SenseIR","Starting action RunPSScriptAction. Action ID: 211ef051-ecf9-4b99-9eed-76e45a831a19"
"07-08-2026 10:05:26","1","Information","Microsoft-Windows-SenseIR","Starting action RunPSScriptAction. Action ID: 53159fd8-6386-48c2-91e8-cf4860599c43"
"07-08-2026 10:05:26","1","Information","Microsoft-Windows-SenseIR","Starting action RunPSScriptAction. Action ID: 0e371fa0-b3cb-4d76-93ad-467add004280"
"07-08-2026 10:05:15","4","Information","Microsoft-Windows-SenseIR","Windows Defender Advanced Threat Protection Incident Response executable started."
"06-08-2026 17:34:01","5","Information","Microsoft-Windows-SenseIR","Windows Defender Advanced Threat Protection Incident Response executable terminated. Exit code: 0x0"
"06-08-2026 17:13:10","3","Information","Microsoft-Windows-SenseIR","Succeeded to run action RunPSScriptAction. Action ID: 8e0b85ee-da90-46d9-b939-75081a1ceb3a"
"06-08-2026 17:13:00","1","Information","Microsoft-Windows-SenseIR","Starting action RunPSScriptAction. Action ID: 8e0b85ee-da90-46d9-b939-75081a1ceb3a"
"06-08-2026 17:10:44","3","Information","Microsoft-Windows-SenseIR","Succeeded to run action RunPSScriptAction. Action ID: 9bde6f2a-afcb-4c11-b890-d6a1f78e5c4b"
"06-08-2026 17:10:40","1","Information","Microsoft-Windows-SenseIR","Starting action RunPSScriptAction. Action ID: 9bde6f2a-afcb-4c11-b890-d6a1f78e5c4b"
"06-08-2026 17:10:29","4","Information","Microsoft-Windows-SenseIR","Windows Defender Advanced Threat Protection Incident Response executable started."
"06-08-2026 17:06:59","5","Information","Microsoft-Windows-SenseIR","Windows Defender Advanced Threat Protection Incident Response executable terminated. Exit code: 0x0"
"06-08-2026 16:46:16","3","Information","Microsoft-Windows-SenseIR","Succeeded to run action RunPSScriptAction. Action ID: efc69106-6fc1-423a-94ef-221e65a28f09"
"06-08-2026 16:45:58","1","Information","Microsoft-Windows-SenseIR","Starting action RunPSScriptAction. Action ID: efc69106-6fc1-423a-94ef-221e65a28f09"
"06-08-2026 16:43:58","3","Information","Microsoft-Windows-SenseIR","Succeeded to run action RunPSScriptAction. Action ID: 0e3d6d2d-06cc-486d-9465-9ef3bee75444"
"06-08-2026 16:43:28","1","Information","Microsoft-Windows-SenseIR","Starting action RunPSScriptAction. Action ID: 0e3d6d2d-06cc-486d-9465-9ef3bee75444"
"06-08-2026 16:36:31","3","Information","Microsoft-Windows-SenseIR","Succeeded to run action RunPSScriptAction. Action ID: 3fa4876e-3ae5-4c59-9a4d-08a7400268a5"
"06-08-2026 16:35:28","1","Information","Microsoft-Windows-SenseIR","Starting action RunPSScriptAction. Action ID: 3fa4876e-3ae5-4c59-9a4d-08a7400268a5"
"06-08-2026 16:24:30","3","Information","Microsoft-Windows-SenseIR","Succeeded to run action RunPSScriptAction. Action ID: cb7aec68-dfca-4632-88ad-5b019cb0957d"
"06-08-2026 16:24:27","1","Information","Microsoft-Windows-SenseIR","Starting action RunPSScriptAction. Action ID: cb7aec68-dfca-4632-88ad-5b019cb0957d"
"06-08-2026 16:24:04","3","Information","Microsoft-Windows-SenseIR","Succeeded to run action RunPSScriptAction. Action ID: a391f42c-7e1a-4611-8494-1817d2420e09"
"06-08-2026 16:22:27","1","Information","Microsoft-Windows-SenseIR","Starting action RunPSScriptAction. Action ID: a391f42c-7e1a-4611-8494-1817d2420e09"
"06-08-2026 16:09:24","3","Information","Microsoft-Windows-SenseIR","Succeeded to run action RunPSScriptAction. Action ID: 149ae17f-1c51-47e8-90b8-8175a782d62b"
"06-08-2026 16:09:16","1","Information","Microsoft-Windows-SenseIR","Starting action RunPSScriptAction. Action ID: 149ae17f-1c51-47e8-90b8-8175a782d62b"
"06-08-2026 16:09:06","4","Information","Microsoft-Windows-SenseIR","Windows Defender Advanced Threat Protection Incident Response executable started."
"06-08-2026 15:51:24","5","Information","Microsoft-Windows-SenseIR","Windows Defender Advanced Threat Protection Incident Response executable terminated. Exit code: 0x0"
"06-08-2026 15:30:33","3","Information","Microsoft-Windows-SenseIR","Succeeded to run action RunPSScriptAction. Action ID: 046a3caf-d9ec-4da6-a32a-fb148992596b"
"06-08-2026 15:30:23","1","Information","Microsoft-Windows-SenseIR","Starting action RunPSScriptAction. Action ID: 046a3caf-d9ec-4da6-a32a-fb148992596b"
"06-08-2026 15:17:45","3","Information","Microsoft-Windows-SenseIR","Succeeded to run action RunPSScriptAction. Action ID: 211ef051-ecf9-4b99-9eed-76e45a831a19"
"06-08-2026 15:17:32","1","Information","Microsoft-Windows-SenseIR","Starting action RunPSScriptAction. Action ID: 211ef051-ecf9-4b99-9eed-76e45a831a19"
"06-08-2026 15:17:22","4","Information","Microsoft-Windows-SenseIR","Windows Defender Advanced Threat Protection Incident Response executable started."
"06-08-2026 14:12:12","5","Information","Microsoft-Windows-SenseIR","Windows Defender Advanced Threat Protection Incident Response executable terminated. Exit code: 0x0"
"06-08-2026 13:51:19","3","Information","Microsoft-Windows-SenseIR","Succeeded to run action RunPSScriptAction. Action ID: fc19515e-4fbb-46d1-b1f4-a28b394632fe"
"06-08-2026 13:51:11","1","Information","Microsoft-Windows-SenseIR","Starting action RunPSScriptAction. Action ID: fc19515e-4fbb-46d1-b1f4-a28b394632fe"
"06-08-2026 13:51:01","4","Information","Microsoft-Windows-SenseIR","Windows Defender Advanced Threat Protection Incident Response executable started."
"06-08-2026 13:19:36","5","Information","Microsoft-Windows-SenseIR","Windows Defender Advanced Threat Protection Incident Response executable terminated. Exit code: 0x0"
"06-08-2026 12:58:41","3","Information","Microsoft-Windows-SenseIR","Succeeded to run action RunPSScriptAction. Action ID: 93514365-7ff3-4f5e-9dfd-7eb9f6b779a7"
"06-08-2026 12:58:35","1","Information","Microsoft-Windows-SenseIR","Starting action RunPSScriptAction. Action ID: 93514365-7ff3-4f5e-9dfd-7eb9f6b779a7"
"06-08-2026 12:58:25","4","Information","Microsoft-Windows-SenseIR","Windows Defender Advanced Threat Protection Incident Response executable started."
"06-08-2026 11:18:15","5","Information","Microsoft-Windows-SenseIR","Windows Defender Advanced Threat Protection Incident Response executable terminated. Exit code: 0x0"
"06-08-2026 10:57:16","3","Information","Microsoft-Windows-SenseIR","Succeeded to run action RunPSScriptAction. Action ID: 9f2a6e93-4b3c-4a21-9d6a-879ebba4d64d"
"06-08-2026 10:57:14","1","Information","Microsoft-Windows-SenseIR","Starting action RunPSScriptAction. Action ID: 9f2a6e93-4b3c-4a21-9d6a-879ebba4d64d"
"06-08-2026 10:46:13","3","Information","Microsoft-Windows-SenseIR","Succeeded to run action RunPSScriptAction. Action ID: 9e137068-a631-45e6-81aa-4adda242796e"
"06-08-2026 10:46:04","1","Information","Microsoft-Windows-SenseIR","Starting action RunPSScriptAction. Action ID: 9e137068-a631-45e6-81aa-4adda242796e"
"06-08-2026 10:41:57","3","Information","Microsoft-Windows-SenseIR","Succeeded to run action RunPSScriptAction. Action ID: 36dc1ba5-2d7a-4cc0-8b07-8b26d1899492"
"06-08-2026 10:41:43","1","Information","Microsoft-Windows-SenseIR","Starting action RunPSScriptAction. Action ID: 36dc1ba5-2d7a-4cc0-8b07-8b26d1899492"
"06-08-2026 10:41:33","4","Information","Microsoft-Windows-SenseIR","Windows Defender Advanced Threat Protection Incident Response executable started."
"06-08-2026 10:05:03","5","Information","Microsoft-Windows-SenseIR","Windows Defender Advanced Threat Protection Incident Response executable terminated. Exit code: 0x0"
"06-08-2026 09:45:41","3","Information","Microsoft-Windows-SenseIR","Succeeded to run action RunPSScriptAction. Action ID: a391f42c-7e1a-4611-8494-1817d2420e09"
"06-08-2026 09:44:56","3","Information","Microsoft-Windows-SenseIR","Succeeded to run action RunPSScriptAction. Action ID: 3fa4876e-3ae5-4c59-9a4d-08a7400268a5"
"06-08-2026 09:44:49","3","Information","Microsoft-Windows-SenseIR","Succeeded to run action RunPSScriptAction. Action ID: 1648ba23-91bf-4822-bd45-661d10a1ea81"
"06-08-2026 09:44:32","3","Information","Microsoft-Windows-SenseIR","Succeeded to run action RunPSScriptAction. Action ID: 0e3d6d2d-06cc-486d-9465-9ef3bee75444"
"06-08-2026 09:44:10","3","Information","Microsoft-Windows-SenseIR","Succeeded to run action RunPSScriptAction. Action ID: 100c7519-406d-49cb-b7eb-41ce85513276"
"06-08-2026 09:44:02","1","Information","Microsoft-Windows-SenseIR","Starting action RunPSScriptAction. Action ID: 100c7519-406d-49cb-b7eb-41ce85513276"
"06-08-2026 09:44:02","1","Information","Microsoft-Windows-SenseIR","Starting action RunPSScriptAction. Action ID: 0e3d6d2d-06cc-486d-9465-9ef3bee75444"
"06-08-2026 09:44:01","3","Information","Microsoft-Windows-SenseIR","Succeeded to run action RunPSScriptAction. Action ID: aceb19ff-8484-4db4-b8f6-f5a8d03a8c4a"
"06-08-2026 09:43:53","3","Information","Microsoft-Windows-SenseIR","Succeeded to run action RunPSScriptAction. Action ID: 2d76cc84-8291-481d-845d-62f59f16e445"
"06-08-2026 09:43:52","1","Information","Microsoft-Windows-SenseIR","Starting action RunPSScriptAction. Action ID: 3fa4876e-3ae5-4c59-9a4d-08a7400268a5"
"06-08-2026 09:43:52","1","Information","Microsoft-Windows-SenseIR","Starting action RunPSScriptAction. Action ID: a391f42c-7e1a-4611-8494-1817d2420e09"
"06-08-2026 09:43:52","1","Information","Microsoft-Windows-SenseIR","Starting action RunPSScriptAction. Action ID: aceb19ff-8484-4db4-b8f6-f5a8d03a8c4a"
"06-08-2026 09:43:50","3","Information","Microsoft-Windows-SenseIR","Succeeded to run action RunPSScriptAction. Action ID: cfa5b5b7-e717-474f-ad6a-a99ebd513b5c"
"06-08-2026 09:43:45","3","Information","Microsoft-Windows-SenseIR","Succeeded to run action RunPSScriptAction. Action ID: 05f2c576-9ed5-41eb-9b1e-1b653eebfdff"
"06-08-2026 09:43:43","3","Information","Microsoft-Windows-SenseIR","Succeeded to run action RunPSScriptAction. Action ID: 046a3caf-d9ec-4da6-a32a-fb148992596b"
"06-08-2026 09:43:43","3","Information","Microsoft-Windows-SenseIR","Succeeded to run action RunPSScriptAction. Action ID: 211ef051-ecf9-4b99-9eed-76e45a831a19"
"06-08-2026 09:43:42","1","Information","Microsoft-Windows-SenseIR","Starting action RunPSScriptAction. Action ID: 2d76cc84-8291-481d-845d-62f59f16e445"
"06-08-2026 09:43:42","1","Information","Microsoft-Windows-SenseIR","Starting action RunPSScriptAction. Action ID: 05f2c576-9ed5-41eb-9b1e-1b653eebfdff"
"06-08-2026 09:43:42","1","Information","Microsoft-Windows-SenseIR","Starting action RunPSScriptAction. Action ID: 1648ba23-91bf-4822-bd45-661d10a1ea81"
"06-08-2026 09:43:32","1","Information","Microsoft-Windows-SenseIR","Starting action RunPSScriptAction. Action ID: cfa5b5b7-e717-474f-ad6a-a99ebd513b5c"
"06-08-2026 09:43:32","1","Information","Microsoft-Windows-SenseIR","Starting action RunPSScriptAction. Action ID: 046a3caf-d9ec-4da6-a32a-fb148992596b"
"06-08-2026 09:43:32","1","Information","Microsoft-Windows-SenseIR","Starting action RunPSScriptAction. Action ID: 211ef051-ecf9-4b99-9eed-76e45a831a19"
"06-08-2026 09:43:22","4","Information","Microsoft-Windows-SenseIR","Windows Defender Advanced Threat Protection Incident Response executable started."
"05-08-2026 19:44:57","5","Information","Microsoft-Windows-SenseIR","Windows Defender Advanced Threat Protection Incident Response executable terminated. Exit code: 0x0"
"05-08-2026 19:24:14","3","Information","Microsoft-Windows-SenseIR","Succeeded to run action RunPSScriptAction. Action ID: acd1e8f4-3c26-49a7-bec8-9d7a15e1a6d2"
"05-08-2026 19:23:56","1","Information","Microsoft-Windows-SenseIR","Starting action RunPSScriptAction. Action ID: acd1e8f4-3c26-49a7-bec8-9d7a15e1a6d2"
"05-08-2026 19:23:46","4","Information","Microsoft-Windows-SenseIR","Windows Defender Advanced Threat Protection Incident Response executable started."
"05-08-2026 18:55:39","5","Information","Microsoft-Windows-SenseIR","Windows Defender Advanced Threat Protection Incident Response executable terminated. Exit code: 0x0"
"05-08-2026 18:34:53","3","Information","Microsoft-Windows-SenseIR","Succeeded to run action RunPSScriptAction. Action ID: 0e371fa0-b3cb-4d76-93ad-467add004280"
"05-08-2026 18:34:38","1","Information","Microsoft-Windows-SenseIR","Starting action RunPSScriptAction. Action ID: 0e371fa0-b3cb-4d76-93ad-467add004280"
"05-08-2026 18:22:23","3","Information","Microsoft-Windows-SenseIR","Succeeded to run action RunPSScriptAction. Action ID: 53159fd8-6386-48c2-91e8-cf4860599c43"
"05-08-2026 18:21:57","1","Information","Microsoft-Windows-SenseIR","Starting action RunPSScriptAction. Action ID: 53159fd8-6386-48c2-91e8-cf4860599c43"
"05-08-2026 18:21:47","4","Information","Microsoft-Windows-SenseIR","Windows Defender Advanced Threat Protection Incident Response executable started."
"05-08-2026 17:54:12","5","Information","Microsoft-Windows-SenseIR","Windows Defender Advanced Threat Protection Incident Response executable terminated. Exit code: 0x0"
"05-08-2026 17:33:41","3","Information","Microsoft-Windows-SenseIR","Succeeded to run action RunPSScriptAction. Action ID: 0e3d6d2d-06cc-486d-9465-9ef3bee75444"
"05-08-2026 17:33:11","1","Information","Microsoft-Windows-SenseIR","Starting action RunPSScriptAction. Action ID: 0e3d6d2d-06cc-486d-9465-9ef3bee75444"
"05-08-2026 17:26:33","3","Information","Microsoft-Windows-SenseIR","Succeeded to run action RunPSScriptAction. Action ID: 3fa4876e-3ae5-4c59-9a4d-08a7400268a5"
"05-08-2026 17:25:10","1","Information","Microsoft-Windows-SenseIR","Starting action RunPSScriptAction. Action ID: 3fa4876e-3ae5-4c59-9a4d-08a7400268a5"
"05-08-2026 17:13:56","3","Information","Microsoft-Windows-SenseIR","Succeeded to run action RunPSScriptAction. Action ID: a391f42c-7e1a-4611-8494-1817d2420e09"
"05-08-2026 17:12:10","1","Information","Microsoft-Windows-SenseIR","Starting action RunPSScriptAction. Action ID: a391f42c-7e1a-4611-8494-1817d2420e09"
"05-08-2026 16:59:33","3","Information","Microsoft-Windows-SenseIR","Succeeded to run action RunPSScriptAction. Action ID: efc69106-6fc1-423a-94ef-221e65a28f09"
"05-08-2026 16:59:09","1","Information","Microsoft-Windows-SenseIR","Starting action RunPSScriptAction. Action ID: efc69106-6fc1-423a-94ef-221e65a28f09"
"05-08-2026 16:58:59","4","Information","Microsoft-Windows-SenseIR","Windows Defender Advanced Threat Protection Incident Response executable started."
"05-08-2026 16:41:06","5","Information","Microsoft-Windows-SenseIR","Windows Defender Advanced Threat Protection Incident Response executable terminated. Exit code: 0x0"
"05-08-2026 16:20:21","3","Information","Microsoft-Windows-SenseIR","Succeeded to run action RunPSScriptAction. Action ID: 046a3caf-d9ec-4da6-a32a-fb148992596b"
"05-08-2026 16:20:05","1","Information","Microsoft-Windows-SenseIR","Starting action RunPSScriptAction. Action ID: 046a3caf-d9ec-4da6-a32a-fb148992596b"
"05-08-2026 16:08:22","3","Information","Microsoft-Windows-SenseIR","Succeeded to run action RunPSScriptAction. Action ID: 8e0b85ee-da90-46d9-b939-75081a1ceb3a"
"05-08-2026 16:08:06","1","Information","Microsoft-Windows-SenseIR","Starting action RunPSScriptAction. Action ID: 8e0b85ee-da90-46d9-b939-75081a1ceb3a"
"05-08-2026 16:07:30","3","Information","Microsoft-Windows-SenseIR","Succeeded to run action RunPSScriptAction. Action ID: 211ef051-ecf9-4b99-9eed-76e45a831a19"
"05-08-2026 16:07:16","1","Information","Microsoft-Windows-SenseIR","Starting action RunPSScriptAction. Action ID: 211ef051-ecf9-4b99-9eed-76e45a831a19"
"05-08-2026 16:07:06","4","Information","Microsoft-Windows-SenseIR","Windows Defender Advanced Threat Protection Incident Response executable started."
"05-08-2026 15:53:36","5","Information","Microsoft-Windows-SenseIR","Windows Defender Advanced Threat Protection Incident Response executable terminated. Exit code: 0x0"
"05-08-2026 15:32:39","3","Information","Microsoft-Windows-SenseIR","Succeeded to run action RunPSScriptAction. Action ID: cb7aec68-dfca-4632-88ad-5b019cb0957d"
"05-08-2026 15:32:34","1","Information","Microsoft-Windows-SenseIR","Starting action RunPSScriptAction. Action ID: cb7aec68-dfca-4632-88ad-5b019cb0957d"
"05-08-2026 15:32:24","4","Information","Microsoft-Windows-SenseIR","Windows Defender Advanced Threat Protection Incident Response executable started."
"05-08-2026 15:21:45","5","Information","Microsoft-Windows-SenseIR","Windows Defender Advanced Threat Protection Incident Response executable terminated. Exit code: 0x0"
"05-08-2026 15:00:51","3","Information","Microsoft-Windows-SenseIR","Succeeded to run action RunPSScriptAction. Action ID: 9bde6f2a-afcb-4c11-b890-d6a1f78e5c4b"
"05-08-2026 15:00:44","1","Information","Microsoft-Windows-SenseIR","Starting action RunPSScriptAction. Action ID: 9bde6f2a-afcb-4c11-b890-d6a1f78e5c4b"
"05-08-2026 15:00:33","4","Information","Microsoft-Windows-SenseIR","Windows Defender Advanced Threat Protection Incident Response executable started."
"05-08-2026 13:59:16","5","Information","Microsoft-Windows-SenseIR","Windows Defender Advanced Threat Protection Incident Response executable terminated. Exit code: 0x0"
"05-08-2026 13:38:21","3","Information","Microsoft-Windows-SenseIR","Succeeded to run action RunPSScriptAction. Action ID: fc19515e-4fbb-46d1-b1f4-a28b394632fe"
"05-08-2026 13:38:15","1","Information","Microsoft-Windows-SenseIR","Starting action RunPSScriptAction. Action ID: fc19515e-4fbb-46d1-b1f4-a28b394632fe"
"05-08-2026 13:38:05","4","Information","Microsoft-Windows-SenseIR","Windows Defender Advanced Threat Protection Incident Response executable started."
"05-08-2026 12:53:41","5","Information","Microsoft-Windows-SenseIR","Windows Defender Advanced Threat Protection Incident Response executable terminated. Exit code: 0x0"
"05-08-2026 12:32:43","3","Information","Microsoft-Windows-SenseIR","Succeeded to run action RunPSScriptAction. Action ID: 93514365-7ff3-4f5e-9dfd-7eb9f6b779a7"
"05-08-2026 12:32:39","1","Information","Microsoft-Windows-SenseIR","Starting action RunPSScriptAction. Action ID: 93514365-7ff3-4f5e-9dfd-7eb9f6b779a7"
"05-08-2026 12:32:29","4","Information","Microsoft-Windows-SenseIR","Windows Defender Advanced Threat Protection Incident Response executable started."
"05-08-2026 11:18:23","5","Information","Microsoft-Windows-SenseIR","Windows Defender Advanced Threat Protection Incident Response executable terminated. Exit code: 0x0"
"05-08-2026 10:57:31","3","Information","Microsoft-Windows-SenseIR","Succeeded to run action RunPSScriptAction. Action ID: 9f2a6e93-4b3c-4a21-9d6a-879ebba4d64d"
"05-08-2026 10:57:22","1","Information","Microsoft-Windows-SenseIR","Starting action RunPSScriptAction. Action ID: 9f2a6e93-4b3c-4a21-9d6a-879ebba4d64d"
"05-08-2026 10:57:12","4","Information","Microsoft-Windows-SenseIR","Windows Defender Advanced Threat Protection Incident Response executable started."
"05-08-2026 10:54:47","5","Information","Microsoft-Windows-SenseIR","Windows Defender Advanced Threat Protection Incident Response executable terminated. Exit code: 0x0"
"05-08-2026 10:34:50","3","Information","Microsoft-Windows-SenseIR","Succeeded to run action RunPSScriptAction. Action ID: a391f42c-7e1a-4611-8494-1817d2420e09"
"05-08-2026 10:34:30","3","Information","Microsoft-Windows-SenseIR","Succeeded to run action RunPSScriptAction. Action ID: 3fa4876e-3ae5-4c59-9a4d-08a7400268a5"
"05-08-2026 10:34:20","3","Information","Microsoft-Windows-SenseIR","Succeeded to run action RunPSScriptAction. Action ID: 1648ba23-91bf-4822-bd45-661d10a1ea81"
"05-08-2026 10:34:01","3","Information","Microsoft-Windows-SenseIR","Succeeded to run action RunPSScriptAction. Action ID: 0e3d6d2d-06cc-486d-9465-9ef3bee75444"
"05-08-2026 10:33:56","3","Information","Microsoft-Windows-SenseIR","Succeeded to run action RunPSScriptAction. Action ID: 9e137068-a631-45e6-81aa-4adda242796e"
"05-08-2026 10:33:46","1","Information","Microsoft-Windows-SenseIR","Starting action RunPSScriptAction. Action ID: 9e137068-a631-45e6-81aa-4adda242796e"
"05-08-2026 10:33:46","1","Information","Microsoft-Windows-SenseIR","Starting action RunPSScriptAction. Action ID: 1648ba23-91bf-4822-bd45-661d10a1ea81"
"05-08-2026 10:33:43","3","Information","Microsoft-Windows-SenseIR","Succeeded to run action RunPSScriptAction. Action ID: aceb19ff-8484-4db4-b8f6-f5a8d03a8c4a"
"05-08-2026 10:33:36","1","Information","Microsoft-Windows-SenseIR","Starting action RunPSScriptAction. Action ID: 0e3d6d2d-06cc-486d-9465-9ef3bee75444"
"05-08-2026 10:33:36","1","Information","Microsoft-Windows-SenseIR","Starting action RunPSScriptAction. Action ID: aceb19ff-8484-4db4-b8f6-f5a8d03a8c4a"
"05-08-2026 10:33:36","1","Information","Microsoft-Windows-SenseIR","Starting action RunPSScriptAction. Action ID: 3fa4876e-3ae5-4c59-9a4d-08a7400268a5"
"05-08-2026 10:33:36","3","Information","Microsoft-Windows-SenseIR","Succeeded to run action RunPSScriptAction. Action ID: 2d76cc84-8291-481d-845d-62f59f16e445"
"05-08-2026 10:33:34","3","Information","Microsoft-Windows-SenseIR","Succeeded to run action RunPSScriptAction. Action ID: 211ef051-ecf9-4b99-9eed-76e45a831a19"
"05-08-2026 10:33:30","3","Information","Microsoft-Windows-SenseIR","Succeeded to run action RunPSScriptAction. Action ID: cfa5b5b7-e717-474f-ad6a-a99ebd513b5c"
"05-08-2026 10:33:26","1","Information","Microsoft-Windows-SenseIR","Starting action RunPSScriptAction. Action ID: a391f42c-7e1a-4611-8494-1817d2420e09"
"05-08-2026 10:33:26","1","Information","Microsoft-Windows-SenseIR","Starting action RunPSScriptAction. Action ID: 211ef051-ecf9-4b99-9eed-76e45a831a19"
"05-08-2026 10:33:26","1","Information","Microsoft-Windows-SenseIR","Starting action RunPSScriptAction. Action ID: 2d76cc84-8291-481d-845d-62f59f16e445"
"05-08-2026 10:33:25","3","Information","Microsoft-Windows-SenseIR","Succeeded to run action RunPSScriptAction. Action ID: 046a3caf-d9ec-4da6-a32a-fb148992596b"
"05-08-2026 10:33:19","3","Information","Microsoft-Windows-SenseIR","Succeeded to run action RunPSScriptAction. Action ID: 05f2c576-9ed5-41eb-9b1e-1b653eebfdff"
"05-08-2026 10:33:16","1","Information","Microsoft-Windows-SenseIR","Starting action RunPSScriptAction. Action ID: 05f2c576-9ed5-41eb-9b1e-1b653eebfdff"
"05-08-2026 10:33:16","1","Information","Microsoft-Windows-SenseIR","Starting action RunPSScriptAction. Action ID: cfa5b5b7-e717-474f-ad6a-a99ebd513b5c"
"05-08-2026 10:33:16","1","Information","Microsoft-Windows-SenseIR","Starting action RunPSScriptAction. Action ID: 046a3caf-d9ec-4da6-a32a-fb148992596b"
"05-08-2026 10:33:06","4","Information","Microsoft-Windows-SenseIR","Windows Defender Advanced Threat Protection Incident Response executable started."
"04-08-2026 19:34:04","5","Information","Microsoft-Windows-SenseIR","Windows Defender Advanced Threat Protection Incident Response executable terminated. Exit code: 0x0"
"04-08-2026 19:13:45","3","Information","Microsoft-Windows-SenseIR","Succeeded to run action RunPSScriptAction. Action ID: 0e3d6d2d-06cc-486d-9465-9ef3bee75444"
"04-08-2026 19:13:03","1","Information","Microsoft-Windows-SenseIR","Starting action RunPSScriptAction. Action ID: 0e3d6d2d-06cc-486d-9465-9ef3bee75444"
"04-08-2026 19:12:53","4","Information","Microsoft-Windows-SenseIR","Windows Defender Advanced Threat Protection Incident Response executable started."
"04-08-2026 17:47:59","5","Information","Microsoft-Windows-SenseIR","Windows Defender Advanced Threat Protection Incident Response executable terminated. Exit code: 0x0"
"04-08-2026 17:27:04","3","Information","Microsoft-Windows-SenseIR","Succeeded to run action RunPSScriptAction. Action ID: acd1e8f4-3c26-49a7-bec8-9d7a15e1a6d2"
"04-08-2026 17:26:58","1","Information","Microsoft-Windows-SenseIR","Starting action RunPSScriptAction. Action ID: acd1e8f4-3c26-49a7-bec8-9d7a15e1a6d2"
"04-08-2026 17:19:56","3","Information","Microsoft-Windows-SenseIR","Succeeded to run action RunPSScriptAction. Action ID: 3fa4876e-3ae5-4c59-9a4d-08a7400268a5"
"04-08-2026 17:19:08","1","Information","Microsoft-Windows-SenseIR","Starting action RunPSScriptAction. Action ID: 3fa4876e-3ae5-4c59-9a4d-08a7400268a5"
"04-08-2026 17:16:59","3","Information","Microsoft-Windows-SenseIR","Succeeded to run action RunPSScriptAction. Action ID: 0e371fa0-b3cb-4d76-93ad-467add004280"
"04-08-2026 17:16:48","1","Information","Microsoft-Windows-SenseIR","Starting action RunPSScriptAction. Action ID: 0e371fa0-b3cb-4d76-93ad-467add004280"
"04-08-2026 17:12:35","3","Information","Microsoft-Windows-SenseIR","Succeeded to run action RunPSScriptAction. Action ID: 211ef051-ecf9-4b99-9eed-76e45a831a19"
"04-08-2026 17:12:28","1","Information","Microsoft-Windows-SenseIR","Starting action RunPSScriptAction. Action ID: 211ef051-ecf9-4b99-9eed-76e45a831a19"
"04-08-2026 17:12:23","3","Information","Microsoft-Windows-SenseIR","Succeeded to run action RunPSScriptAction. Action ID: efc69106-6fc1-423a-94ef-221e65a28f09"
"04-08-2026 17:12:08","1","Information","Microsoft-Windows-SenseIR","Starting action RunPSScriptAction. Action ID: efc69106-6fc1-423a-94ef-221e65a28f09"
"04-08-2026 17:10:34","3","Information","Microsoft-Windows-SenseIR","Succeeded to run action RunPSScriptAction. Action ID: a391f42c-7e1a-4611-8494-1817d2420e09"
"04-08-2026 17:09:07","1","Information","Microsoft-Windows-SenseIR","Starting action RunPSScriptAction. Action ID: a391f42c-7e1a-4611-8494-1817d2420e09"
"04-08-2026 17:01:30","3","Information","Microsoft-Windows-SenseIR","Succeeded to run action RunPSScriptAction. Action ID: 149ae17f-1c51-47e8-90b8-8175a782d62b"
"04-08-2026 17:01:27","1","Information","Microsoft-Windows-SenseIR","Starting action RunPSScriptAction. Action ID: 149ae17f-1c51-47e8-90b8-8175a782d62b"
"04-08-2026 17:01:17","4","Information","Microsoft-Windows-SenseIR","Windows Defender Advanced Threat Protection Incident Response executable started."
"04-08-2026 16:59:06","5","Information","Microsoft-Windows-SenseIR","Windows Defender Advanced Threat Protection Incident Response executable terminated. Exit code: 0x0"
"04-08-2026 16:38:25","3","Information","Microsoft-Windows-SenseIR","Succeeded to run action RunPSScriptAction. Action ID: 53159fd8-6386-48c2-91e8-cf4860599c43"
"04-08-2026 16:38:05","1","Information","Microsoft-Windows-SenseIR","Starting action RunPSScriptAction. Action ID: 53159fd8-6386-48c2-91e8-cf4860599c43"
"04-08-2026 16:22:13","3","Information","Microsoft-Windows-SenseIR","Succeeded to run action RunPSScriptAction. Action ID: 1648ba23-91bf-4822-bd45-661d10a1ea81"
"04-08-2026 16:21:44","1","Information","Microsoft-Windows-SenseIR","Starting action RunPSScriptAction. Action ID: 1648ba23-91bf-4822-bd45-661d10a1ea81"
"04-08-2026 16:21:34","4","Information","Microsoft-Windows-SenseIR","Windows Defender Advanced Threat Protection Incident Response executable started."
"04-08-2026 15:24:13","5","Information","Microsoft-Windows-SenseIR","Windows Defender Advanced Threat Protection Incident Response executable terminated. Exit code: 0x0"
"04-08-2026 15:03:20","3","Information","Microsoft-Windows-SenseIR","Succeeded to run action RunPSScriptAction. Action ID: 8e0b85ee-da90-46d9-b939-75081a1ceb3a"
"04-08-2026 15:03:12","1","Information","Microsoft-Windows-SenseIR","Starting action RunPSScriptAction. Action ID: 8e0b85ee-da90-46d9-b939-75081a1ceb3a"
"04-08-2026 14:45:28","3","Information","Microsoft-Windows-SenseIR","Succeeded to run action RunPSScriptAction. Action ID: 046a3caf-d9ec-4da6-a32a-fb148992596b"
"04-08-2026 14:45:21","1","Information","Microsoft-Windows-SenseIR","Starting action RunPSScriptAction. Action ID: 046a3caf-d9ec-4da6-a32a-fb148992596b"
"04-08-2026 14:40:45","3","Information","Microsoft-Windows-SenseIR","Succeeded to run action RunPSScriptAction. Action ID: cb7aec68-dfca-4632-88ad-5b019cb0957d"
"04-08-2026 14:40:41","1","Information","Microsoft-Windows-SenseIR","Starting action RunPSScriptAction. Action ID: cb7aec68-dfca-4632-88ad-5b019cb0957d"
"04-08-2026 14:40:31","4","Information","Microsoft-Windows-SenseIR","Windows Defender Advanced Threat Protection Incident Response executable started."
"04-08-2026 13:46:23","5","Information","Microsoft-Windows-SenseIR","Windows Defender Advanced Threat Protection Incident Response executable terminated. Exit code: 0x0"
"04-08-2026 13:25:26","3","Information","Microsoft-Windows-SenseIR","Succeeded to run action RunPSScriptAction. Action ID: fc19515e-4fbb-46d1-b1f4-a28b394632fe"
"04-08-2026 13:25:22","1","Information","Microsoft-Windows-SenseIR","Starting action RunPSScriptAction. Action ID: fc19515e-4fbb-46d1-b1f4-a28b394632fe"
"04-08-2026 13:25:12","4","Information","Microsoft-Windows-SenseIR","Windows Defender Advanced Threat Protection Incident Response executable started."
"04-08-2026 13:11:44","5","Information","Microsoft-Windows-SenseIR","Windows Defender Advanced Threat Protection Incident Response executable terminated. Exit code: 0x0"
"04-08-2026 12:50:47","3","Information","Microsoft-Windows-SenseIR","Succeeded to run action RunPSScriptAction. Action ID: 9bde6f2a-afcb-4c11-b890-d6a1f78e5c4b"
"04-08-2026 12:50:43","1","Information","Microsoft-Windows-SenseIR","Starting action RunPSScriptAction. Action ID: 9bde6f2a-afcb-4c11-b890-d6a1f78e5c4b"
"04-08-2026 12:48:12","3","Information","Microsoft-Windows-SenseIR","Succeeded to run action RunPSScriptAction. Action ID: aceb19ff-8484-4db4-b8f6-f5a8d03a8c4a"
"04-08-2026 12:48:03","1","Information","Microsoft-Windows-SenseIR","Starting action RunPSScriptAction. Action ID: aceb19ff-8484-4db4-b8f6-f5a8d03a8c4a"
"04-08-2026 12:47:53","4","Information","Microsoft-Windows-SenseIR","Windows Defender Advanced Threat Protection Incident Response executable started."
"04-08-2026 12:33:57","5","Information","Microsoft-Windows-SenseIR","Windows Defender Advanced Threat Protection Incident Response executable terminated. Exit code: 0x0"
"04-08-2026 12:13:44","3","Information","Microsoft-Windows-SenseIR","Succeeded to run action RunPSScriptAction. Action ID: 0e3d6d2d-06cc-486d-9465-9ef3bee75444"
"04-08-2026 12:12:56","1","Information","Microsoft-Windows-SenseIR","Starting action RunPSScriptAction. Action ID: 0e3d6d2d-06cc-486d-9465-9ef3bee75444"
"04-08-2026 12:06:51","3","Information","Microsoft-Windows-SenseIR","Succeeded to run action RunPSScriptAction. Action ID: 93514365-7ff3-4f5e-9dfd-7eb9f6b779a7"
"04-08-2026 12:06:46","1","Information","Microsoft-Windows-SenseIR","Starting action RunPSScriptAction. Action ID: 93514365-7ff3-4f5e-9dfd-7eb9f6b779a7"
"04-08-2026 12:06:36","4","Information","Microsoft-Windows-SenseIR","Windows Defender Advanced Threat Protection Incident Response executable started."
"04-08-2026 11:59:29","5","Information","Microsoft-Windows-SenseIR","Windows Defender Advanced Threat Protection Incident Response executable terminated. Exit code: 0x0"
"04-08-2026 11:38:40","3","Information","Microsoft-Windows-SenseIR","Succeeded to run action RunPSScriptAction. Action ID: 211ef051-ecf9-4b99-9eed-76e45a831a19"
"04-08-2026 11:38:28","1","Information","Microsoft-Windows-SenseIR","Starting action RunPSScriptAction. Action ID: 211ef051-ecf9-4b99-9eed-76e45a831a19"
"04-08-2026 11:38:18","4","Information","Microsoft-Windows-SenseIR","Windows Defender Advanced Threat Protection Incident Response executable started."
"04-08-2026 11:18:30","5","Information","Microsoft-Windows-SenseIR","Windows Defender Advanced Threat Protection Incident Response executable terminated. Exit code: 0x0"
"04-08-2026 10:57:33","3","Information","Microsoft-Windows-SenseIR","Succeeded to run action RunPSScriptAction. Action ID: 9f2a6e93-4b3c-4a21-9d6a-879ebba4d64d"
"04-08-2026 10:57:29","1","Information","Microsoft-Windows-SenseIR","Starting action RunPSScriptAction. Action ID: 9f2a6e93-4b3c-4a21-9d6a-879ebba4d64d"
"04-08-2026 10:57:19","4","Information","Microsoft-Windows-SenseIR","Windows Defender Advanced Threat Protection Incident Response executable started."
"04-08-2026 10:51:15","5","Information","Microsoft-Windows-SenseIR","Windows Defender Advanced Threat Protection Incident Response executable terminated. Exit code: 0x0"
"04-08-2026 10:31:49","3","Information","Microsoft-Windows-SenseIR","Succeeded to run action RunPSScriptAction. Action ID: a391f42c-7e1a-4611-8494-1817d2420e09"
"04-08-2026 10:30:14","1","Information","Microsoft-Windows-SenseIR","Starting action RunPSScriptAction. Action ID: a391f42c-7e1a-4611-8494-1817d2420e09"
"04-08-2026 10:28:16","3","Information","Microsoft-Windows-SenseIR","Succeeded to run action RunPSScriptAction. Action ID: 3fa4876e-3ae5-4c59-9a4d-08a7400268a5"
"04-08-2026 10:27:14","1","Information","Microsoft-Windows-SenseIR","Starting action RunPSScriptAction. Action ID: 3fa4876e-3ae5-4c59-9a4d-08a7400268a5"
"04-08-2026 10:27:04","4","Information","Microsoft-Windows-SenseIR","Windows Defender Advanced Threat Protection Incident Response executable started."
"04-08-2026 10:17:59","5","Information","Microsoft-Windows-SenseIR","Windows Defender Advanced Threat Protection Incident Response executable terminated. Exit code: 0x0"
"04-08-2026 09:57:07","3","Information","Microsoft-Windows-SenseIR","Succeeded to run action RunPSScriptAction. Action ID: 9e137068-a631-45e6-81aa-4adda242796e"
"04-08-2026 09:56:58","1","Information","Microsoft-Windows-SenseIR","Starting action RunPSScriptAction. Action ID: 9e137068-a631-45e6-81aa-4adda242796e"
"04-08-2026 09:50:01","3","Information","Microsoft-Windows-SenseIR","Succeeded to run action RunPSScriptAction. Action ID: 36dc1ba5-2d7a-4cc0-8b07-8b26d1899492"
"04-08-2026 09:49:47","1","Information","Microsoft-Windows-SenseIR","Starting action RunPSScriptAction. Action ID: 36dc1ba5-2d7a-4cc0-8b07-8b26d1899492"
"04-08-2026 09:29:05","3","Information","Microsoft-Windows-SenseIR","Succeeded to run action RunPSScriptAction. Action ID: 2d76cc84-8291-481d-845d-62f59f16e445"
"04-08-2026 09:28:56","1","Information","Microsoft-Windows-SenseIR","Starting action RunPSScriptAction. Action ID: 2d76cc84-8291-481d-845d-62f59f16e445"
"04-08-2026 09:20:23","3","Information","Microsoft-Windows-SenseIR","Succeeded to run action RunPSScriptAction. Action ID: 100c7519-406d-49cb-b7eb-41ce85513276"
"04-08-2026 09:20:16","1","Information","Microsoft-Windows-SenseIR","Starting action RunPSScriptAction. Action ID: 100c7519-406d-49cb-b7eb-41ce85513276"
"04-08-2026 09:18:47","3","Information","Microsoft-Windows-SenseIR","Succeeded to run action RunPSScriptAction. Action ID: cfa5b5b7-e717-474f-ad6a-a99ebd513b5c"
"04-08-2026 09:18:36","1","Information","Microsoft-Windows-SenseIR","Starting action RunPSScriptAction. Action ID: cfa5b5b7-e717-474f-ad6a-a99ebd513b5c"
"04-08-2026 09:14:18","3","Information","Microsoft-Windows-SenseIR","Succeeded to run action RunPSScriptAction. Action ID: 05f2c576-9ed5-41eb-9b1e-1b653eebfdff"
"04-08-2026 09:14:16","1","Information","Microsoft-Windows-SenseIR","Starting action RunPSScriptAction. Action ID: 05f2c576-9ed5-41eb-9b1e-1b653eebfdff"
"04-08-2026 09:14:05","4","Information","Microsoft-Windows-SenseIR","Windows Defender Advanced Threat Protection Incident Response executable started."
"03-08-2026 19:03:12","5","Information","Microsoft-Windows-SenseIR","Windows Defender Advanced Threat Protection Incident Response executable terminated. Exit code: 0x0"
"03-08-2026 18:23:57","3","Information","Microsoft-Windows-SenseIR","Succeeded to run action RunPSScriptAction. Action ID: 9bde6f2a-afcb-4c11-b890-d6a1f78e5c4b"
"03-08-2026 18:23:51","1","Information","Microsoft-Windows-SenseIR","Starting action RunPSScriptAction. Action ID: 9bde6f2a-afcb-4c11-b890-d6a1f78e5c4b"
"03-08-2026 18:17:51","3","Information","Microsoft-Windows-SenseIR","Succeeded to run action RunPSScriptAction. Action ID: 100c7519-406d-49cb-b7eb-41ce85513276"
"03-08-2026 18:17:41","1","Information","Microsoft-Windows-SenseIR","Starting action RunPSScriptAction. Action ID: 100c7519-406d-49cb-b7eb-41ce85513276"
"03-08-2026 18:17:31","4","Information","Microsoft-Windows-SenseIR","Windows Defender Advanced Threat Protection Incident Response executable started."
"03-08-2026 17:54:01","5","Information","Microsoft-Windows-SenseIR","Windows Defender Advanced Threat Protection Incident Response executable terminated. Exit code: 0x0"
"03-08-2026 17:33:04","3","Information","Microsoft-Windows-SenseIR","Succeeded to run action RunPSScriptAction. Action ID: 93514365-7ff3-4f5e-9dfd-7eb9f6b779a7"
"03-08-2026 17:33:00","1","Information","Microsoft-Windows-SenseIR","Starting action RunPSScriptAction. Action ID: 93514365-7ff3-4f5e-9dfd-7eb9f6b779a7"
"03-08-2026 17:14:29","3","Information","Microsoft-Windows-SenseIR","Succeeded to run action RunPSScriptAction. Action ID: aceb19ff-8484-4db4-b8f6-f5a8d03a8c4a"
"03-08-2026 17:14:19","1","Information","Microsoft-Windows-SenseIR","Starting action RunPSScriptAction. Action ID: aceb19ff-8484-4db4-b8f6-f5a8d03a8c4a"
"03-08-2026 17:14:09","4","Information","Microsoft-Windows-SenseIR","Windows Defender Advanced Threat Protection Incident Response executable started."
"03-08-2026 17:11:57","5","Information","Microsoft-Windows-SenseIR","Windows Defender Advanced Threat Protection Incident Response executable terminated. Exit code: 0x0"
"03-08-2026 16:52:05","3","Information","Microsoft-Windows-SenseIR","Succeeded to run action RunPSScriptAction. Action ID: 3fa4876e-3ae5-4c59-9a4d-08a7400268a5"
"03-08-2026 16:50:56","1","Information","Microsoft-Windows-SenseIR","Starting action RunPSScriptAction. Action ID: 3fa4876e-3ae5-4c59-9a4d-08a7400268a5"
"03-08-2026 16:50:31","3","Information","Microsoft-Windows-SenseIR","Succeeded to run action RunPSScriptAction. Action ID: 211ef051-ecf9-4b99-9eed-76e45a831a19"
"03-08-2026 16:50:26","1","Information","Microsoft-Windows-SenseIR","Starting action RunPSScriptAction. Action ID: 211ef051-ecf9-4b99-9eed-76e45a831a19"
"03-08-2026 16:50:22","3","Information","Microsoft-Windows-SenseIR","Succeeded to run action RunPSScriptAction. Action ID: 36dc1ba5-2d7a-4cc0-8b07-8b26d1899492"
"03-08-2026 16:50:06","1","Information","Microsoft-Windows-SenseIR","Starting action RunPSScriptAction. Action ID: 36dc1ba5-2d7a-4cc0-8b07-8b26d1899492"
"03-08-2026 16:42:34","3","Information","Microsoft-Windows-SenseIR","Succeeded to run action RunPSScriptAction. Action ID: 1648ba23-91bf-4822-bd45-661d10a1ea81"
"03-08-2026 16:41:30","3","Information","Microsoft-Windows-SenseIR","Succeeded to run action RunPSScriptAction. Action ID: 53159fd8-6386-48c2-91e8-cf4860599c43"
"03-08-2026 16:41:26","1","Information","Microsoft-Windows-SenseIR","Starting action RunPSScriptAction. Action ID: 1648ba23-91bf-4822-bd45-661d10a1ea81"
"03-08-2026 16:41:05","1","Information","Microsoft-Windows-SenseIR","Starting action RunPSScriptAction. Action ID: 53159fd8-6386-48c2-91e8-cf4860599c43"
"03-08-2026 16:27:49","3","Information","Microsoft-Windows-SenseIR","Succeeded to run action RunPSScriptAction. Action ID: efc69106-6fc1-423a-94ef-221e65a28f09"
"03-08-2026 16:27:25","1","Information","Microsoft-Windows-SenseIR","Starting action RunPSScriptAction. Action ID: efc69106-6fc1-423a-94ef-221e65a28f09"
"03-08-2026 16:27:15","4","Information","Microsoft-Windows-SenseIR","Windows Defender Advanced Threat Protection Incident Response executable started."
"03-08-2026 15:31:15","5","Information","Microsoft-Windows-SenseIR","Windows Defender Advanced Threat Protection Incident Response executable terminated. Exit code: 0x0"
"03-08-2026 15:10:20","3","Information","Microsoft-Windows-SenseIR","Succeeded to run action RunPSScriptAction. Action ID: 9f2a6e93-4b3c-4a21-9d6a-879ebba4d64d"
"03-08-2026 15:10:14","1","Information","Microsoft-Windows-SenseIR","Starting action RunPSScriptAction. Action ID: 9f2a6e93-4b3c-4a21-9d6a-879ebba4d64d"
"03-08-2026 15:10:04","4","Information","Microsoft-Windows-SenseIR","Windows Defender Advanced Threat Protection Incident Response executable started."
"03-08-2026 14:49:00","5","Information","Microsoft-Windows-SenseIR","Windows Defender Advanced Threat Protection Incident Response executable terminated. Exit code: 0x0"
"03-08-2026 14:28:05","3","Information","Microsoft-Windows-SenseIR","Succeeded to run action RunPSScriptAction. Action ID: cb7aec68-dfca-4632-88ad-5b019cb0957d"
"03-08-2026 14:27:59","1","Information","Microsoft-Windows-SenseIR","Starting action RunPSScriptAction. Action ID: cb7aec68-dfca-4632-88ad-5b019cb0957d"
"03-08-2026 14:14:13","3","Information","Microsoft-Windows-SenseIR","Succeeded to run action RunPSScriptAction. Action ID: 8e0b85ee-da90-46d9-b939-75081a1ceb3a"
"03-08-2026 14:14:00","1","Information","Microsoft-Windows-SenseIR","Starting action RunPSScriptAction. Action ID: 8e0b85ee-da90-46d9-b939-75081a1ceb3a"
"03-08-2026 14:13:50","4","Information","Microsoft-Windows-SenseIR","Windows Defender Advanced Threat Protection Incident Response executable started."
"03-08-2026 14:06:59","5","Information","Microsoft-Windows-SenseIR","Windows Defender Advanced Threat Protection Incident Response executable terminated. Exit code: 0x0"
"03-08-2026 13:46:14","3","Information","Microsoft-Windows-SenseIR","Succeeded to run action RunPSScriptAction. Action ID: cfa5b5b7-e717-474f-ad6a-a99ebd513b5c"
"03-08-2026 13:45:58","1","Information","Microsoft-Windows-SenseIR","Starting action RunPSScriptAction. Action ID: cfa5b5b7-e717-474f-ad6a-a99ebd513b5c"
"03-08-2026 13:45:41","3","Information","Microsoft-Windows-SenseIR","Succeeded to run action RunPSScriptAction. Action ID: a391f42c-7e1a-4611-8494-1817d2420e09"
"03-08-2026 13:44:08","1","Information","Microsoft-Windows-SenseIR","Starting action RunPSScriptAction. Action ID: a391f42c-7e1a-4611-8494-1817d2420e09"
"03-08-2026 13:41:10","3","Information","Microsoft-Windows-SenseIR","Succeeded to run action RunPSScriptAction. Action ID: 046a3caf-d9ec-4da6-a32a-fb148992596b"
"03-08-2026 13:40:57","1","Information","Microsoft-Windows-SenseIR","Starting action RunPSScriptAction. Action ID: 046a3caf-d9ec-4da6-a32a-fb148992596b"
"03-08-2026 13:30:26","3","Information","Microsoft-Windows-SenseIR","Succeeded to run action RunPSScriptAction. Action ID: 149ae17f-1c51-47e8-90b8-8175a782d62b"
"03-08-2026 13:30:17","1","Information","Microsoft-Windows-SenseIR","Starting action RunPSScriptAction. Action ID: 149ae17f-1c51-47e8-90b8-8175a782d62b"
"03-08-2026 13:30:07","4","Information","Microsoft-Windows-SenseIR","Windows Defender Advanced Threat Protection Incident Response executable started."
"03-08-2026 13:21:07","5","Information","Microsoft-Windows-SenseIR","Windows Defender Advanced Threat Protection Incident Response executable terminated. Exit code: 0x0"
"03-08-2026 13:00:13","3","Information","Microsoft-Windows-SenseIR","Succeeded to run action RunPSScriptAction. Action ID: fc19515e-4fbb-46d1-b1f4-a28b394632fe"
"03-08-2026 13:00:06","1","Information","Microsoft-Windows-SenseIR","Starting action RunPSScriptAction. Action ID: fc19515e-4fbb-46d1-b1f4-a28b394632fe"
"03-08-2026 12:59:56","4","Information","Microsoft-Windows-SenseIR","Windows Defender Advanced Threat Protection Incident Response executable started."
"03-08-2026 12:37:01","5","Information","Microsoft-Windows-SenseIR","Windows Defender Advanced Threat Protection Incident Response executable terminated. Exit code: 0x0"
"03-08-2026 12:16:34","3","Information","Microsoft-Windows-SenseIR","Succeeded to run action RunPSScriptAction. Action ID: 0e3d6d2d-06cc-486d-9465-9ef3bee75444"
"03-08-2026 12:16:00","1","Information","Microsoft-Windows-SenseIR","Starting action RunPSScriptAction. Action ID: 0e3d6d2d-06cc-486d-9465-9ef3bee75444"
"03-08-2026 12:15:50","4","Information","Microsoft-Windows-SenseIR","Windows Defender Advanced Threat Protection Incident Response executable started."
"03-08-2026 12:00:32","5","Information","Microsoft-Windows-SenseIR","Windows Defender Advanced Threat Protection Incident Response executable terminated. Exit code: 0x0"
"03-08-2026 11:39:42","3","Information","Microsoft-Windows-SenseIR","Succeeded to run action RunPSScriptAction. Action ID: acd1e8f4-3c26-49a7-bec8-9d7a15e1a6d2"
"03-08-2026 11:39:31","1","Information","Microsoft-Windows-SenseIR","Starting action RunPSScriptAction. Action ID: acd1e8f4-3c26-49a7-bec8-9d7a15e1a6d2"
"03-08-2026 11:39:21","4","Information","Microsoft-Windows-SenseIR","Windows Defender Advanced Threat Protection Incident Response executable started."
"03-08-2026 11:37:35","5","Information","Microsoft-Windows-SenseIR","Windows Defender Advanced Threat Protection Incident Response executable terminated. Exit code: 0x0"
"03-08-2026 11:16:39","3","Information","Microsoft-Windows-SenseIR","Succeeded to run action RunPSScriptAction. Action ID: 211ef051-ecf9-4b99-9eed-76e45a831a19"
"03-08-2026 11:16:34","1","Information","Microsoft-Windows-SenseIR","Starting action RunPSScriptAction. Action ID: 211ef051-ecf9-4b99-9eed-76e45a831a19"
"03-08-2026 11:16:24","4","Information","Microsoft-Windows-SenseIR","Windows Defender Advanced Threat Protection Incident Response executable started."
"03-08-2026 11:11:12","5","Information","Microsoft-Windows-SenseIR","Windows Defender Advanced Threat Protection Incident Response executable terminated. Exit code: 0x0"
"03-08-2026 10:50:21","3","Information","Microsoft-Windows-SenseIR","Succeeded to run action RunPSScriptAction. Action ID: 9e137068-a631-45e6-81aa-4adda242796e"
