"20-07-2026 13:20:48","5205","Information","Microsoft-Windows-HelloForBusiness","Windows Hello for Business On-Premise authentication configurations: 

Certificate Enrollment Method: None
Certificate Required for On-Premise Auth: false
Use Cloud Trust for On-Premise Auth: false
Account has Cloud TGT: false"
"20-07-2026 13:14:00","5001","Information","Microsoft-Windows-HelloForBusiness","A user signed into the device with the following information:

Username: SYSTEM
User SID: S-1-5-18
Credential Type: Software Key
Deployment Type: Key Trust"
"20-07-2026 13:14:00","5702","Information","Microsoft-Windows-HelloForBusiness","Windows Hello wrote following protector properties to disk: HResult = 0x0, PIN protector = true, Bio protector = false, Secure Bio Protector = false, Recovery protector = true, Preboot protector = false"
"20-07-2026 13:13:59","5002","Information","Microsoft-Windows-HelloForBusiness","A user is signing into the device with the following gesture information:

Type: Invalid
Subtype: No Bio"
"20-07-2026 11:57:27","5001","Information","Microsoft-Windows-HelloForBusiness","A user signed into the device with the following information:

Username: SYSTEM
User SID: S-1-5-18
Credential Type: Software Key
Deployment Type: Key Trust"
"20-07-2026 11:57:27","5702","Information","Microsoft-Windows-HelloForBusiness","Windows Hello wrote following protector properties to disk: HResult = 0x0, PIN protector = true, Bio protector = false, Secure Bio Protector = false, Recovery protector = true, Preboot protector = false"
"20-07-2026 11:57:27","5002","Information","Microsoft-Windows-HelloForBusiness","A user is signing into the device with the following gesture information:

Type: Invalid
Subtype: No Bio"
"20-07-2026 10:20:17","5001","Information","Microsoft-Windows-HelloForBusiness","A user signed into the device with the following information:

Username: SYSTEM
User SID: S-1-5-18
Credential Type: Software Key
Deployment Type: Key Trust"
"20-07-2026 10:20:16","5702","Information","Microsoft-Windows-HelloForBusiness","Windows Hello wrote following protector properties to disk: HResult = 0x0, PIN protector = true, Bio protector = false, Secure Bio Protector = false, Recovery protector = true, Preboot protector = false"
"20-07-2026 10:20:16","5002","Information","Microsoft-Windows-HelloForBusiness","A user is signing into the device with the following gesture information:

Type: Invalid
Subtype: No Bio"
"20-07-2026 09:59:32","5001","Information","Microsoft-Windows-HelloForBusiness","A user signed into the device with the following information:

Username: SYSTEM
User SID: S-1-5-18
Credential Type: Software Key
Deployment Type: Key Trust"
"20-07-2026 09:59:03","5702","Information","Microsoft-Windows-HelloForBusiness","Windows Hello wrote following protector properties to disk: HResult = 0x0, PIN protector = true, Bio protector = false, Secure Bio Protector = false, Recovery protector = true, Preboot protector = false"
"20-07-2026 09:59:03","5002","Information","Microsoft-Windows-HelloForBusiness","A user is signing into the device with the following gesture information:

Type: Invalid
Subtype: No Bio"
"15-07-2026 17:41:25","5001","Information","Microsoft-Windows-HelloForBusiness","A user signed into the device with the following information:

Username: SYSTEM
User SID: S-1-5-18
Credential Type: Software Key
Deployment Type: Key Trust"
"15-07-2026 17:41:25","5702","Information","Microsoft-Windows-HelloForBusiness","Windows Hello wrote following protector properties to disk: HResult = 0x0, PIN protector = true, Bio protector = false, Secure Bio Protector = false, Recovery protector = true, Preboot protector = false"
"15-07-2026 17:41:25","5002","Information","Microsoft-Windows-HelloForBusiness","A user is signing into the device with the following gesture information:

Type: Invalid
Subtype: No Bio"
"15-07-2026 17:00:18","5001","Information","Microsoft-Windows-HelloForBusiness","A user signed into the device with the following information:

Username: SYSTEM
User SID: S-1-5-18
Credential Type: Software Key
Deployment Type: Key Trust"
"15-07-2026 17:00:18","5702","Information","Microsoft-Windows-HelloForBusiness","Windows Hello wrote following protector properties to disk: HResult = 0x0, PIN protector = true, Bio protector = false, Secure Bio Protector = false, Recovery protector = true, Preboot protector = false"
"15-07-2026 17:00:18","5002","Information","Microsoft-Windows-HelloForBusiness","A user is signing into the device with the following gesture information:

Type: Invalid
Subtype: No Bio"
"15-07-2026 14:08:34","5001","Information","Microsoft-Windows-HelloForBusiness","A user signed into the device with the following information:

Username: SYSTEM
User SID: S-1-5-18
Credential Type: Software Key
Deployment Type: Key Trust"
"15-07-2026 14:08:34","5702","Information","Microsoft-Windows-HelloForBusiness","Windows Hello wrote following protector properties to disk: HResult = 0x0, PIN protector = true, Bio protector = false, Secure Bio Protector = false, Recovery protector = true, Preboot protector = false"
"15-07-2026 14:08:33","5002","Information","Microsoft-Windows-HelloForBusiness","A user is signing into the device with the following gesture information:

Type: Invalid
Subtype: No Bio"
"15-07-2026 13:23:25","5205","Information","Microsoft-Windows-HelloForBusiness","Windows Hello for Business On-Premise authentication configurations: 

Certificate Enrollment Method: None
Certificate Required for On-Premise Auth: false
Use Cloud Trust for On-Premise Auth: false
Account has Cloud TGT: false"
"15-07-2026 13:17:23","5001","Information","Microsoft-Windows-HelloForBusiness","A user signed into the device with the following information:

Username: SYSTEM
User SID: S-1-5-18
Credential Type: Software Key
Deployment Type: Key Trust"
"15-07-2026 13:17:22","5702","Information","Microsoft-Windows-HelloForBusiness","Windows Hello wrote following protector properties to disk: HResult = 0x0, PIN protector = true, Bio protector = false, Secure Bio Protector = false, Recovery protector = true, Preboot protector = false"
"15-07-2026 13:17:22","5002","Information","Microsoft-Windows-HelloForBusiness","A user is signing into the device with the following gesture information:

Type: Invalid
Subtype: No Bio"
"15-07-2026 12:11:34","5001","Information","Microsoft-Windows-HelloForBusiness","A user signed into the device with the following information:

Username: SYSTEM
User SID: S-1-5-18
Credential Type: Software Key
Deployment Type: Key Trust"
"15-07-2026 12:11:34","5702","Information","Microsoft-Windows-HelloForBusiness","Windows Hello wrote following protector properties to disk: HResult = 0x0, PIN protector = true, Bio protector = false, Secure Bio Protector = false, Recovery protector = true, Preboot protector = false"
"15-07-2026 12:11:34","5002","Information","Microsoft-Windows-HelloForBusiness","A user is signing into the device with the following gesture information:

Type: Invalid
Subtype: No Bio"
"15-07-2026 10:32:42","5001","Information","Microsoft-Windows-HelloForBusiness","A user signed into the device with the following information:

Username: SYSTEM
User SID: S-1-5-18
Credential Type: Software Key
Deployment Type: Key Trust"
"15-07-2026 10:32:42","5702","Information","Microsoft-Windows-HelloForBusiness","Windows Hello wrote following protector properties to disk: HResult = 0x0, PIN protector = true, Bio protector = false, Secure Bio Protector = false, Recovery protector = true, Preboot protector = false"
"15-07-2026 10:32:42","5002","Information","Microsoft-Windows-HelloForBusiness","A user is signing into the device with the following gesture information:

Type: Invalid
Subtype: No Bio"
"15-07-2026 09:35:37","5001","Information","Microsoft-Windows-HelloForBusiness","A user signed into the device with the following information:

Username: SYSTEM
User SID: S-1-5-18
Credential Type: Software Key
Deployment Type: Key Trust"
"15-07-2026 09:35:36","5702","Information","Microsoft-Windows-HelloForBusiness","Windows Hello wrote following protector properties to disk: HResult = 0x0, PIN protector = true, Bio protector = false, Secure Bio Protector = false, Recovery protector = true, Preboot protector = false"
"15-07-2026 09:35:36","5002","Information","Microsoft-Windows-HelloForBusiness","A user is signing into the device with the following gesture information:

Type: Invalid
Subtype: No Bio"
"14-07-2026 18:25:26","5001","Information","Microsoft-Windows-HelloForBusiness","A user signed into the device with the following information:

Username: SYSTEM
User SID: S-1-5-18
Credential Type: Software Key
Deployment Type: Key Trust"
"14-07-2026 18:25:26","5702","Information","Microsoft-Windows-HelloForBusiness","Windows Hello wrote following protector properties to disk: HResult = 0x0, PIN protector = true, Bio protector = false, Secure Bio Protector = false, Recovery protector = true, Preboot protector = false"
"14-07-2026 18:25:26","5002","Information","Microsoft-Windows-HelloForBusiness","A user is signing into the device with the following gesture information:

Type: Invalid
Subtype: No Bio"
"14-07-2026 17:38:08","5001","Information","Microsoft-Windows-HelloForBusiness","A user signed into the device with the following information:

Username: SYSTEM
User SID: S-1-5-18
Credential Type: Software Key
Deployment Type: Key Trust"
"14-07-2026 17:38:08","5702","Information","Microsoft-Windows-HelloForBusiness","Windows Hello wrote following protector properties to disk: HResult = 0x0, PIN protector = true, Bio protector = false, Secure Bio Protector = false, Recovery protector = true, Preboot protector = false"
"14-07-2026 17:38:08","5002","Information","Microsoft-Windows-HelloForBusiness","A user is signing into the device with the following gesture information:

Type: Invalid
Subtype: No Bio"
"14-07-2026 17:25:56","5001","Information","Microsoft-Windows-HelloForBusiness","A user signed into the device with the following information:

Username: SYSTEM
User SID: S-1-5-18
Credential Type: Software Key
Deployment Type: Key Trust"
"14-07-2026 17:25:56","5702","Information","Microsoft-Windows-HelloForBusiness","Windows Hello wrote following protector properties to disk: HResult = 0x0, PIN protector = true, Bio protector = false, Secure Bio Protector = false, Recovery protector = true, Preboot protector = false"
"14-07-2026 17:25:56","5002","Information","Microsoft-Windows-HelloForBusiness","A user is signing into the device with the following gesture information:

Type: Invalid
Subtype: No Bio"
"14-07-2026 16:25:43","5001","Information","Microsoft-Windows-HelloForBusiness","A user signed into the device with the following information:

Username: SYSTEM
User SID: S-1-5-18
Credential Type: Software Key
Deployment Type: Key Trust"
"14-07-2026 16:25:43","5702","Information","Microsoft-Windows-HelloForBusiness","Windows Hello wrote following protector properties to disk: HResult = 0x0, PIN protector = true, Bio protector = false, Secure Bio Protector = false, Recovery protector = true, Preboot protector = false"
"14-07-2026 16:25:43","5002","Information","Microsoft-Windows-HelloForBusiness","A user is signing into the device with the following gesture information:

Type: Invalid
Subtype: No Bio"
"14-07-2026 14:24:12","5001","Information","Microsoft-Windows-HelloForBusiness","A user signed into the device with the following information:

Username: SYSTEM
User SID: S-1-5-18
Credential Type: Software Key
Deployment Type: Key Trust"
"14-07-2026 14:24:12","5702","Information","Microsoft-Windows-HelloForBusiness","Windows Hello wrote following protector properties to disk: HResult = 0x0, PIN protector = true, Bio protector = false, Secure Bio Protector = false, Recovery protector = true, Preboot protector = false"
"14-07-2026 14:24:12","5002","Information","Microsoft-Windows-HelloForBusiness","A user is signing into the device with the following gesture information:

Type: Invalid
Subtype: No Bio"
"14-07-2026 13:18:20","5001","Information","Microsoft-Windows-HelloForBusiness","A user signed into the device with the following information:

Username: SYSTEM
User SID: S-1-5-18
Credential Type: Software Key
Deployment Type: Key Trust"
"14-07-2026 13:18:20","5702","Information","Microsoft-Windows-HelloForBusiness","Windows Hello wrote following protector properties to disk: HResult = 0x0, PIN protector = true, Bio protector = false, Secure Bio Protector = false, Recovery protector = true, Preboot protector = false"
"14-07-2026 13:18:20","5002","Information","Microsoft-Windows-HelloForBusiness","A user is signing into the device with the following gesture information:

Type: Invalid
Subtype: No Bio"
"14-07-2026 12:47:23","5702","Information","Microsoft-Windows-HelloForBusiness","Windows Hello wrote following protector properties to disk: HResult = 0x0, PIN protector = true, Bio protector = false, Secure Bio Protector = false, Recovery protector = true, Preboot protector = false"
"14-07-2026 12:47:23","8060","Success","Microsoft-Windows-HelloForBusiness","Windows Hello successfully created a PIN recovery key for user S-1-12-1-2357405129-1281513531-255772574-1816207334.
Processing time: 0 seconds"
"14-07-2026 12:47:23","5001","Information","Microsoft-Windows-HelloForBusiness","A user signed into the device with the following information:

Username: SYSTEM
User SID: S-1-5-18
Credential Type: Software Key
Deployment Type: Key Trust"
"14-07-2026 12:47:23","5702","Information","Microsoft-Windows-HelloForBusiness","Windows Hello wrote following protector properties to disk: HResult = 0x0, PIN protector = true, Bio protector = false, Secure Bio Protector = false, Recovery protector = true, Preboot protector = false"
"14-07-2026 12:47:23","5702","Information","Microsoft-Windows-HelloForBusiness","Windows Hello wrote following protector properties to disk: HResult = 0x0, PIN protector = true, Bio protector = false, Secure Bio Protector = false, Recovery protector = false, Preboot protector = false"
"14-07-2026 12:47:23","5002","Information","Microsoft-Windows-HelloForBusiness","A user is signing into the device with the following gesture information:

Type: Invalid
Subtype: No Bio"
"14-07-2026 12:19:50","5001","Information","Microsoft-Windows-HelloForBusiness","A user signed into the device with the following information:

Username: SYSTEM
User SID: S-1-5-18
Credential Type: Software Key
Deployment Type: Key Trust"
"14-07-2026 12:19:50","5702","Information","Microsoft-Windows-HelloForBusiness","Windows Hello wrote following protector properties to disk: HResult = 0x0, PIN protector = true, Bio protector = false, Secure Bio Protector = false, Recovery protector = false, Preboot protector = false"
"14-07-2026 12:19:50","7060","Error","Microsoft-Windows-HelloForBusiness","Windows Hello failed to create a PIN recovery key for user S-1-12-1-2357405129-1281513531-255772574-1816207334.
Error: Unknown error 0x80072EE7 (0x80072EE7)
Correlation vector: DV6NKumPkUm8WhUmXvDWmQ.0
Processing time: 0 seconds."
"14-07-2026 12:19:50","5702","Information","Microsoft-Windows-HelloForBusiness","Windows Hello wrote following protector properties to disk: HResult = 0x0, PIN protector = true, Bio protector = false, Secure Bio Protector = false, Recovery protector = true, Preboot protector = false"
"14-07-2026 12:19:50","5702","Information","Microsoft-Windows-HelloForBusiness","Windows Hello wrote following protector properties to disk: HResult = 0x0, PIN protector = true, Bio protector = false, Secure Bio Protector = false, Recovery protector = false, Preboot protector = false"
"14-07-2026 12:19:50","5702","Information","Microsoft-Windows-HelloForBusiness","Windows Hello wrote following protector properties to disk: HResult = 0x0, PIN protector = true, Bio protector = false, Secure Bio Protector = false, Recovery protector = true, Preboot protector = false"
"14-07-2026 12:19:50","5002","Information","Microsoft-Windows-HelloForBusiness","A user is signing into the device with the following gesture information:

Type: Invalid
Subtype: No Bio"
"14-07-2026 12:08:04","5205","Information","Microsoft-Windows-HelloForBusiness","Windows Hello for Business On-Premise authentication configurations: 

Certificate Enrollment Method: None
Certificate Required for On-Premise Auth: false
Use Cloud Trust for On-Premise Auth: false
Account has Cloud TGT: false"
"14-07-2026 12:01:42","5001","Information","Microsoft-Windows-HelloForBusiness","A user signed into the device with the following information:

Username: SYSTEM
User SID: S-1-5-18
Credential Type: Software Key
Deployment Type: Key Trust"
"14-07-2026 12:01:42","5702","Information","Microsoft-Windows-HelloForBusiness","Windows Hello wrote following protector properties to disk: HResult = 0x0, PIN protector = true, Bio protector = false, Secure Bio Protector = false, Recovery protector = true, Preboot protector = false"
"14-07-2026 12:01:42","5002","Information","Microsoft-Windows-HelloForBusiness","A user is signing into the device with the following gesture information:

Type: Invalid
Subtype: No Bio"
"14-07-2026 11:45:09","5001","Information","Microsoft-Windows-HelloForBusiness","A user signed into the device with the following information:

Username: SYSTEM
User SID: S-1-5-18
Credential Type: Software Key
Deployment Type: Key Trust"
"14-07-2026 11:45:09","5702","Information","Microsoft-Windows-HelloForBusiness","Windows Hello wrote following protector properties to disk: HResult = 0x0, PIN protector = true, Bio protector = false, Secure Bio Protector = false, Recovery protector = true, Preboot protector = false"
"14-07-2026 11:45:09","5002","Information","Microsoft-Windows-HelloForBusiness","A user is signing into the device with the following gesture information:

Type: Invalid
Subtype: No Bio"
"14-07-2026 11:22:18","5001","Information","Microsoft-Windows-HelloForBusiness","A user signed into the device with the following information:

Username: SYSTEM
User SID: S-1-5-18
Credential Type: Software Key
Deployment Type: Key Trust"
"14-07-2026 11:22:18","5702","Information","Microsoft-Windows-HelloForBusiness","Windows Hello wrote following protector properties to disk: HResult = 0x0, PIN protector = true, Bio protector = false, Secure Bio Protector = false, Recovery protector = true, Preboot protector = false"
"14-07-2026 11:22:18","5002","Information","Microsoft-Windows-HelloForBusiness","A user is signing into the device with the following gesture information:

Type: Invalid
Subtype: No Bio"
"14-07-2026 09:54:15","5001","Information","Microsoft-Windows-HelloForBusiness","A user signed into the device with the following information:

Username: SYSTEM
User SID: S-1-5-18
Credential Type: Software Key
Deployment Type: Key Trust"
"14-07-2026 09:54:15","5702","Information","Microsoft-Windows-HelloForBusiness","Windows Hello wrote following protector properties to disk: HResult = 0x0, PIN protector = true, Bio protector = false, Secure Bio Protector = false, Recovery protector = true, Preboot protector = false"
"14-07-2026 09:54:15","5002","Information","Microsoft-Windows-HelloForBusiness","A user is signing into the device with the following gesture information:

Type: Invalid
Subtype: No Bio"
"14-07-2026 09:37:03","5001","Information","Microsoft-Windows-HelloForBusiness","A user signed into the device with the following information:

Username: SYSTEM
User SID: S-1-5-18
Credential Type: Software Key
Deployment Type: Key Trust"
"14-07-2026 09:37:03","5702","Information","Microsoft-Windows-HelloForBusiness","Windows Hello wrote following protector properties to disk: HResult = 0x0, PIN protector = true, Bio protector = false, Secure Bio Protector = false, Recovery protector = true, Preboot protector = false"
"14-07-2026 09:37:03","5002","Information","Microsoft-Windows-HelloForBusiness","A user is signing into the device with the following gesture information:

Type: Invalid
Subtype: No Bio"
"13-07-2026 19:16:40","5001","Information","Microsoft-Windows-HelloForBusiness","A user signed into the device with the following information:

Username: SYSTEM
User SID: S-1-5-18
Credential Type: Software Key
Deployment Type: Key Trust"
"13-07-2026 19:16:40","5702","Information","Microsoft-Windows-HelloForBusiness","Windows Hello wrote following protector properties to disk: HResult = 0x0, PIN protector = true, Bio protector = false, Secure Bio Protector = false, Recovery protector = true, Preboot protector = false"
"13-07-2026 19:16:40","5002","Information","Microsoft-Windows-HelloForBusiness","A user is signing into the device with the following gesture information:

Type: Invalid
Subtype: No Bio"
"13-07-2026 17:59:41","5001","Information","Microsoft-Windows-HelloForBusiness","A user signed into the device with the following information:

Username: SYSTEM
User SID: S-1-5-18
Credential Type: Software Key
Deployment Type: Key Trust"
"13-07-2026 17:59:41","5702","Information","Microsoft-Windows-HelloForBusiness","Windows Hello wrote following protector properties to disk: HResult = 0x0, PIN protector = true, Bio protector = false, Secure Bio Protector = false, Recovery protector = true, Preboot protector = false"
"13-07-2026 17:59:40","5002","Information","Microsoft-Windows-HelloForBusiness","A user is signing into the device with the following gesture information:

Type: Invalid
Subtype: No Bio"
"13-07-2026 15:29:50","5001","Information","Microsoft-Windows-HelloForBusiness","A user signed into the device with the following information:

Username: SYSTEM
User SID: S-1-5-18
Credential Type: Software Key
Deployment Type: Key Trust"
"13-07-2026 15:29:50","5702","Information","Microsoft-Windows-HelloForBusiness","Windows Hello wrote following protector properties to disk: HResult = 0x0, PIN protector = true, Bio protector = false, Secure Bio Protector = false, Recovery protector = true, Preboot protector = false"
"13-07-2026 15:29:50","5002","Information","Microsoft-Windows-HelloForBusiness","A user is signing into the device with the following gesture information:

Type: Invalid
Subtype: No Bio"
"13-07-2026 14:59:30","5205","Information","Microsoft-Windows-HelloForBusiness","Windows Hello for Business On-Premise authentication configurations: 

Certificate Enrollment Method: None
Certificate Required for On-Premise Auth: false
Use Cloud Trust for On-Premise Auth: false
Account has Cloud TGT: false"
"13-07-2026 13:58:48","5001","Information","Microsoft-Windows-HelloForBusiness","A user signed into the device with the following information:

Username: SYSTEM
User SID: S-1-5-18
Credential Type: Software Key
Deployment Type: Key Trust"
"13-07-2026 13:58:48","5702","Information","Microsoft-Windows-HelloForBusiness","Windows Hello wrote following protector properties to disk: HResult = 0x0, PIN protector = true, Bio protector = false, Secure Bio Protector = false, Recovery protector = true, Preboot protector = false"
"13-07-2026 13:58:48","5002","Information","Microsoft-Windows-HelloForBusiness","A user is signing into the device with the following gesture information:

Type: Invalid
Subtype: No Bio"
"13-07-2026 12:28:47","5001","Information","Microsoft-Windows-HelloForBusiness","A user signed into the device with the following information:

Username: SYSTEM
User SID: S-1-5-18
Credential Type: Software Key
Deployment Type: Key Trust"
"13-07-2026 12:28:47","5702","Information","Microsoft-Windows-HelloForBusiness","Windows Hello wrote following protector properties to disk: HResult = 0x0, PIN protector = true, Bio protector = false, Secure Bio Protector = false, Recovery protector = true, Preboot protector = false"
"13-07-2026 12:28:47","5002","Information","Microsoft-Windows-HelloForBusiness","A user is signing into the device with the following gesture information:

Type: Invalid
Subtype: No Bio"
"13-07-2026 09:55:42","5001","Information","Microsoft-Windows-HelloForBusiness","A user signed into the device with the following information:

Username: SYSTEM
User SID: S-1-5-18
Credential Type: Software Key
Deployment Type: Key Trust"
"13-07-2026 09:55:42","5702","Information","Microsoft-Windows-HelloForBusiness","Windows Hello wrote following protector properties to disk: HResult = 0x0, PIN protector = true, Bio protector = false, Secure Bio Protector = false, Recovery protector = true, Preboot protector = false"
"13-07-2026 09:55:42","5002","Information","Microsoft-Windows-HelloForBusiness","A user is signing into the device with the following gesture information:

Type: Invalid
Subtype: No Bio"
"13-07-2026 09:38:48","5001","Information","Microsoft-Windows-HelloForBusiness","A user signed into the device with the following information:

Username: SYSTEM
User SID: S-1-5-18
Credential Type: Software Key
Deployment Type: Key Trust"
"13-07-2026 09:38:48","5702","Information","Microsoft-Windows-HelloForBusiness","Windows Hello wrote following protector properties to disk: HResult = 0x0, PIN protector = true, Bio protector = false, Secure Bio Protector = false, Recovery protector = true, Preboot protector = false"
"13-07-2026 09:38:47","5002","Information","Microsoft-Windows-HelloForBusiness","A user is signing into the device with the following gesture information:

Type: Invalid
Subtype: No Bio"
"12-07-2026 19:52:25","5000","Information","Microsoft-Windows-HelloForBusiness","TPM Manufacturer: ST Microelectronics
Version: 2.0
Firmware Version: 1.769.0.0
Is Ready: true"
"12-07-2026 19:52:25","8025","Success","Microsoft-Windows-HelloForBusiness","The Microsoft Passport service started successfully."
"12-07-2026 19:49:37","5000","Information","Microsoft-Windows-HelloForBusiness","TPM Manufacturer: ST Microelectronics
Version: 2.0
Firmware Version: 1.769.0.0
Is Ready: true"
"12-07-2026 19:49:37","8025","Success","Microsoft-Windows-HelloForBusiness","The Microsoft Passport service started successfully."
"12-07-2026 18:59:47","5000","Information","Microsoft-Windows-HelloForBusiness","TPM Manufacturer: ST Microelectronics
Version: 2.0
Firmware Version: 1.769.0.0
Is Ready: true"
"12-07-2026 18:59:47","8025","Success","Microsoft-Windows-HelloForBusiness","The Microsoft Passport service started successfully."
"12-07-2026 18:43:16","5205","Information","Microsoft-Windows-HelloForBusiness","Windows Hello for Business On-Premise authentication configurations: 

Certificate Enrollment Method: None
Certificate Required for On-Premise Auth: false
Use Cloud Trust for On-Premise Auth: false
Account has Cloud TGT: false"
"12-07-2026 18:43:12","5000","Information","Microsoft-Windows-HelloForBusiness","TPM Manufacturer: ST Microelectronics
Version: 2.0
Firmware Version: 1.769.0.0
Is Ready: true"
"12-07-2026 18:43:11","8025","Success","Microsoft-Windows-HelloForBusiness","The Microsoft Passport service started successfully."
"12-07-2026 18:36:14","5000","Information","Microsoft-Windows-HelloForBusiness","TPM Manufacturer: ST Microelectronics
Version: 2.0
Firmware Version: 1.769.0.0
Is Ready: true"
"12-07-2026 18:36:14","8025","Success","Microsoft-Windows-HelloForBusiness","The Microsoft Passport service started successfully."
"12-07-2026 18:32:35","5205","Information","Microsoft-Windows-HelloForBusiness","Windows Hello for Business On-Premise authentication configurations: 

Certificate Enrollment Method: None
Certificate Required for On-Premise Auth: false
Use Cloud Trust for On-Premise Auth: false
Account has Cloud TGT: false"
"12-07-2026 18:31:59","8025","Success","Microsoft-Windows-HelloForBusiness","The Microsoft Passport Container service started successfully."
"12-07-2026 18:31:58","8002","Success","Microsoft-Windows-HelloForBusiness","Successfully loaded an existing hardware Windows Hello container.

ID: {dc3bf01d-2dbb-4626-b5cb-24709c65303f}
Version: 2
Has Cached Logon Key: true
State: Okay"
"12-07-2026 18:31:57","5701","Information","Microsoft-Windows-HelloForBusiness","Windows Hello read following protector properties from disk: HResult = 0x0, PIN protector = true, Bio protector = false, Secure Bio Protector = false, Recovery protector = true, Preboot protector = false"
"12-07-2026 18:31:57","5000","Information","Microsoft-Windows-HelloForBusiness","TPM Manufacturer: ST Microelectronics
Version: 2.0
Firmware Version: 1.769.0.0
Is Ready: true"
"12-07-2026 18:31:57","8025","Success","Microsoft-Windows-HelloForBusiness","The Microsoft Passport service started successfully."
"12-07-2026 18:21:21","5001","Information","Microsoft-Windows-HelloForBusiness","A user signed into the device with the following information:

Username: SYSTEM
User SID: S-1-5-18
Credential Type: Software Key
Deployment Type: Key Trust"
"12-07-2026 18:21:21","5702","Information","Microsoft-Windows-HelloForBusiness","Windows Hello wrote following protector properties to disk: HResult = 0x0, PIN protector = true, Bio protector = false, Secure Bio Protector = false, Recovery protector = true, Preboot protector = false"
"12-07-2026 18:21:20","5002","Information","Microsoft-Windows-HelloForBusiness","A user is signing into the device with the following gesture information:

Type: Invalid
Subtype: No Bio"
"11-07-2026 18:01:36","5702","Information","Microsoft-Windows-HelloForBusiness","Windows Hello wrote following protector properties to disk: HResult = 0x0, PIN protector = true, Bio protector = false, Secure Bio Protector = false, Recovery protector = true, Preboot protector = false"
"11-07-2026 18:01:36","8060","Success","Microsoft-Windows-HelloForBusiness","Windows Hello successfully created a PIN recovery key for user S-1-12-1-2357405129-1281513531-255772574-1816207334.
Processing time: 0 seconds"
"11-07-2026 18:01:35","5001","Information","Microsoft-Windows-HelloForBusiness","A user signed into the device with the following information:

Username: SYSTEM
User SID: S-1-5-18
Credential Type: Software Key
Deployment Type: Key Trust"
"11-07-2026 18:01:35","5702","Information","Microsoft-Windows-HelloForBusiness","Windows Hello wrote following protector properties to disk: HResult = 0x0, PIN protector = true, Bio protector = false, Secure Bio Protector = false, Recovery protector = true, Preboot protector = false"
"11-07-2026 18:01:35","5702","Information","Microsoft-Windows-HelloForBusiness","Windows Hello wrote following protector properties to disk: HResult = 0x0, PIN protector = true, Bio protector = false, Secure Bio Protector = false, Recovery protector = false, Preboot protector = false"
"11-07-2026 18:01:35","5002","Information","Microsoft-Windows-HelloForBusiness","A user is signing into the device with the following gesture information:

Type: Invalid
Subtype: No Bio"
"11-07-2026 17:19:40","5702","Information","Microsoft-Windows-HelloForBusiness","Windows Hello wrote following protector properties to disk: HResult = 0x0, PIN protector = true, Bio protector = false, Secure Bio Protector = false, Recovery protector = false, Preboot protector = false"
"11-07-2026 17:19:40","7060","Error","Microsoft-Windows-HelloForBusiness","Windows Hello failed to create a PIN recovery key for user S-1-12-1-2357405129-1281513531-255772574-1816207334.
Error: Unknown error 0x80072EE7 (0x80072EE7)
Correlation vector: w7ej+NndDE2X6aUZkTd3Wg.0
Processing time: 0 seconds."
"11-07-2026 17:19:40","5001","Information","Microsoft-Windows-HelloForBusiness","A user signed into the device with the following information:

Username: SYSTEM
User SID: S-1-5-18
Credential Type: Software Key
Deployment Type: Key Trust"
"11-07-2026 17:19:40","5702","Information","Microsoft-Windows-HelloForBusiness","Windows Hello wrote following protector properties to disk: HResult = 0x0, PIN protector = true, Bio protector = false, Secure Bio Protector = false, Recovery protector = true, Preboot protector = false"
"11-07-2026 17:19:40","5702","Information","Microsoft-Windows-HelloForBusiness","Windows Hello wrote following protector properties to disk: HResult = 0x0, PIN protector = true, Bio protector = false, Secure Bio Protector = false, Recovery protector = false, Preboot protector = false"
"11-07-2026 17:19:40","5702","Information","Microsoft-Windows-HelloForBusiness","Windows Hello wrote following protector properties to disk: HResult = 0x0, PIN protector = true, Bio protector = false, Secure Bio Protector = false, Recovery protector = true, Preboot protector = false"
"11-07-2026 17:19:39","5002","Information","Microsoft-Windows-HelloForBusiness","A user is signing into the device with the following gesture information:

Type: Invalid
Subtype: No Bio"
"11-07-2026 13:45:33","5001","Information","Microsoft-Windows-HelloForBusiness","A user signed into the device with the following information:

Username: SYSTEM
User SID: S-1-5-18
Credential Type: Software Key
Deployment Type: Key Trust"
"11-07-2026 13:45:33","5702","Information","Microsoft-Windows-HelloForBusiness","Windows Hello wrote following protector properties to disk: HResult = 0x0, PIN protector = true, Bio protector = false, Secure Bio Protector = false, Recovery protector = true, Preboot protector = false"
"11-07-2026 13:45:32","5002","Information","Microsoft-Windows-HelloForBusiness","A user is signing into the device with the following gesture information:

Type: Invalid
Subtype: No Bio"
"11-07-2026 11:32:39","5205","Information","Microsoft-Windows-HelloForBusiness","Windows Hello for Business On-Premise authentication configurations: 

Certificate Enrollment Method: None
Certificate Required for On-Premise Auth: false
Use Cloud Trust for On-Premise Auth: false
Account has Cloud TGT: false"
"11-07-2026 09:08:41","5001","Information","Microsoft-Windows-HelloForBusiness","A user signed into the device with the following information:

Username: SYSTEM
User SID: S-1-5-18
Credential Type: Software Key
Deployment Type: Key Trust"
"11-07-2026 09:08:41","5702","Information","Microsoft-Windows-HelloForBusiness","Windows Hello wrote following protector properties to disk: HResult = 0x0, PIN protector = true, Bio protector = false, Secure Bio Protector = false, Recovery protector = true, Preboot protector = false"
"11-07-2026 09:08:41","5002","Information","Microsoft-Windows-HelloForBusiness","A user is signing into the device with the following gesture information:

Type: Invalid
Subtype: No Bio"
"10-07-2026 15:21:46","5001","Information","Microsoft-Windows-HelloForBusiness","A user signed into the device with the following information:

Username: SYSTEM
User SID: S-1-5-18
Credential Type: Software Key
Deployment Type: Key Trust"
"10-07-2026 15:21:46","5702","Information","Microsoft-Windows-HelloForBusiness","Windows Hello wrote following protector properties to disk: HResult = 0x0, PIN protector = true, Bio protector = false, Secure Bio Protector = false, Recovery protector = true, Preboot protector = false"
"10-07-2026 15:21:46","5002","Information","Microsoft-Windows-HelloForBusiness","A user is signing into the device with the following gesture information:

Type: Invalid
Subtype: No Bio"
"10-07-2026 11:40:00","5001","Information","Microsoft-Windows-HelloForBusiness","A user signed into the device with the following information:

Username: SYSTEM
User SID: S-1-5-18
Credential Type: Software Key
Deployment Type: Key Trust"
"10-07-2026 11:40:00","5702","Information","Microsoft-Windows-HelloForBusiness","Windows Hello wrote following protector properties to disk: HResult = 0x0, PIN protector = true, Bio protector = false, Secure Bio Protector = false, Recovery protector = true, Preboot protector = false"
"10-07-2026 11:40:00","5002","Information","Microsoft-Windows-HelloForBusiness","A user is signing into the device with the following gesture information:

Type: Invalid
Subtype: No Bio"
"10-07-2026 11:29:42","5205","Information","Microsoft-Windows-HelloForBusiness","Windows Hello for Business On-Premise authentication configurations: 

Certificate Enrollment Method: None
Certificate Required for On-Premise Auth: false
Use Cloud Trust for On-Premise Auth: false
Account has Cloud TGT: false"
"10-07-2026 11:04:14","5001","Information","Microsoft-Windows-HelloForBusiness","A user signed into the device with the following information:

Username: SYSTEM
User SID: S-1-5-18
Credential Type: Software Key
Deployment Type: Key Trust"
"10-07-2026 11:04:13","5702","Information","Microsoft-Windows-HelloForBusiness","Windows Hello wrote following protector properties to disk: HResult = 0x0, PIN protector = true, Bio protector = false, Secure Bio Protector = false, Recovery protector = true, Preboot protector = false"
"10-07-2026 11:04:13","5002","Information","Microsoft-Windows-HelloForBusiness","A user is signing into the device with the following gesture information:

Type: Invalid
Subtype: No Bio"
"10-07-2026 10:37:32","5001","Information","Microsoft-Windows-HelloForBusiness","A user signed into the device with the following information:

Username: SYSTEM
User SID: S-1-5-18
Credential Type: Software Key
Deployment Type: Key Trust"
"10-07-2026 10:37:32","5702","Information","Microsoft-Windows-HelloForBusiness","Windows Hello wrote following protector properties to disk: HResult = 0x0, PIN protector = true, Bio protector = false, Secure Bio Protector = false, Recovery protector = true, Preboot protector = false"
"10-07-2026 10:37:32","5002","Information","Microsoft-Windows-HelloForBusiness","A user is signing into the device with the following gesture information:

Type: Invalid
Subtype: No Bio"
"10-07-2026 09:59:54","5001","Information","Microsoft-Windows-HelloForBusiness","A user signed into the device with the following information:

Username: SYSTEM
User SID: S-1-5-18
Credential Type: Software Key
Deployment Type: Key Trust"
"10-07-2026 09:59:54","5702","Information","Microsoft-Windows-HelloForBusiness","Windows Hello wrote following protector properties to disk: HResult = 0x0, PIN protector = true, Bio protector = false, Secure Bio Protector = false, Recovery protector = true, Preboot protector = false"
"10-07-2026 09:59:53","5002","Information","Microsoft-Windows-HelloForBusiness","A user is signing into the device with the following gesture information:

Type: Invalid
Subtype: No Bio"
"09-07-2026 18:31:51","5001","Information","Microsoft-Windows-HelloForBusiness","A user signed into the device with the following information:

Username: SYSTEM
User SID: S-1-5-18
Credential Type: Software Key
Deployment Type: Key Trust"
"09-07-2026 18:31:51","5702","Information","Microsoft-Windows-HelloForBusiness","Windows Hello wrote following protector properties to disk: HResult = 0x0, PIN protector = true, Bio protector = false, Secure Bio Protector = false, Recovery protector = true, Preboot protector = false"
"09-07-2026 18:31:51","5002","Information","Microsoft-Windows-HelloForBusiness","A user is signing into the device with the following gesture information:

Type: Invalid
Subtype: No Bio"
"09-07-2026 17:39:15","5001","Information","Microsoft-Windows-HelloForBusiness","A user signed into the device with the following information:

Username: SYSTEM
User SID: S-1-5-18
Credential Type: Software Key
Deployment Type: Key Trust"
"09-07-2026 17:39:15","5702","Information","Microsoft-Windows-HelloForBusiness","Windows Hello wrote following protector properties to disk: HResult = 0x0, PIN protector = true, Bio protector = false, Secure Bio Protector = false, Recovery protector = true, Preboot protector = false"
"09-07-2026 17:39:15","5002","Information","Microsoft-Windows-HelloForBusiness","A user is signing into the device with the following gesture information:

Type: Invalid
Subtype: No Bio"
"09-07-2026 17:03:54","5001","Information","Microsoft-Windows-HelloForBusiness","A user signed into the device with the following information:

Username: SYSTEM
User SID: S-1-5-18
Credential Type: Software Key
Deployment Type: Key Trust"
"09-07-2026 17:03:54","5702","Information","Microsoft-Windows-HelloForBusiness","Windows Hello wrote following protector properties to disk: HResult = 0x0, PIN protector = true, Bio protector = false, Secure Bio Protector = false, Recovery protector = true, Preboot protector = false"
"09-07-2026 17:03:54","5002","Information","Microsoft-Windows-HelloForBusiness","A user is signing into the device with the following gesture information:

Type: Invalid
Subtype: No Bio"
"09-07-2026 15:45:12","5001","Information","Microsoft-Windows-HelloForBusiness","A user signed into the device with the following information:

Username: SYSTEM
User SID: S-1-5-18
Credential Type: Software Key
Deployment Type: Key Trust"
"09-07-2026 15:45:12","5702","Information","Microsoft-Windows-HelloForBusiness","Windows Hello wrote following protector properties to disk: HResult = 0x0, PIN protector = true, Bio protector = false, Secure Bio Protector = false, Recovery protector = true, Preboot protector = false"
"09-07-2026 15:45:12","5002","Information","Microsoft-Windows-HelloForBusiness","A user is signing into the device with the following gesture information:

Type: Invalid
Subtype: No Bio"
"09-07-2026 14:37:56","5001","Information","Microsoft-Windows-HelloForBusiness","A user signed into the device with the following information:

Username: SYSTEM
User SID: S-1-5-18
Credential Type: Software Key
Deployment Type: Key Trust"
"09-07-2026 14:37:55","5702","Information","Microsoft-Windows-HelloForBusiness","Windows Hello wrote following protector properties to disk: HResult = 0x0, PIN protector = true, Bio protector = false, Secure Bio Protector = false, Recovery protector = true, Preboot protector = false"
"09-07-2026 14:37:55","5002","Information","Microsoft-Windows-HelloForBusiness","A user is signing into the device with the following gesture information:

Type: Invalid
Subtype: No Bio"
"09-07-2026 14:13:54","5205","Information","Microsoft-Windows-HelloForBusiness","Windows Hello for Business On-Premise authentication configurations: 

Certificate Enrollment Method: None
Certificate Required for On-Premise Auth: false
Use Cloud Trust for On-Premise Auth: false
Account has Cloud TGT: false"
"09-07-2026 12:53:44","5001","Information","Microsoft-Windows-HelloForBusiness","A user signed into the device with the following information:

Username: SYSTEM
User SID: S-1-5-18
Credential Type: Software Key
Deployment Type: Key Trust"
"09-07-2026 12:53:44","5702","Information","Microsoft-Windows-HelloForBusiness","Windows Hello wrote following protector properties to disk: HResult = 0x0, PIN protector = true, Bio protector = false, Secure Bio Protector = false, Recovery protector = true, Preboot protector = false"
"09-07-2026 12:53:43","5002","Information","Microsoft-Windows-HelloForBusiness","A user is signing into the device with the following gesture information:

Type: Invalid
Subtype: No Bio"
"09-07-2026 10:22:36","5001","Information","Microsoft-Windows-HelloForBusiness","A user signed into the device with the following information:

Username: SYSTEM
User SID: S-1-5-18
Credential Type: Software Key
Deployment Type: Key Trust"
"09-07-2026 10:22:36","5702","Information","Microsoft-Windows-HelloForBusiness","Windows Hello wrote following protector properties to disk: HResult = 0x0, PIN protector = true, Bio protector = false, Secure Bio Protector = false, Recovery protector = true, Preboot protector = false"
"09-07-2026 10:22:35","5002","Information","Microsoft-Windows-HelloForBusiness","A user is signing into the device with the following gesture information:

Type: Invalid
Subtype: No Bio"
"09-07-2026 09:57:36","5001","Information","Microsoft-Windows-HelloForBusiness","A user signed into the device with the following information:

Username: SYSTEM
User SID: S-1-5-18
Credential Type: Software Key
Deployment Type: Key Trust"
"09-07-2026 09:57:36","5702","Information","Microsoft-Windows-HelloForBusiness","Windows Hello wrote following protector properties to disk: HResult = 0x0, PIN protector = true, Bio protector = false, Secure Bio Protector = false, Recovery protector = true, Preboot protector = false"
"09-07-2026 09:57:35","5002","Information","Microsoft-Windows-HelloForBusiness","A user is signing into the device with the following gesture information:

Type: Invalid
Subtype: No Bio"
"09-07-2026 09:34:42","5001","Information","Microsoft-Windows-HelloForBusiness","A user signed into the device with the following information:

Username: SYSTEM
User SID: S-1-5-18
Credential Type: Software Key
Deployment Type: Key Trust"
"09-07-2026 09:34:42","5702","Information","Microsoft-Windows-HelloForBusiness","Windows Hello wrote following protector properties to disk: HResult = 0x0, PIN protector = true, Bio protector = false, Secure Bio Protector = false, Recovery protector = true, Preboot protector = false"
"09-07-2026 09:34:41","5002","Information","Microsoft-Windows-HelloForBusiness","A user is signing into the device with the following gesture information:

Type: Invalid
Subtype: No Bio"
"08-07-2026 18:13:12","5001","Information","Microsoft-Windows-HelloForBusiness","A user signed into the device with the following information:

Username: SYSTEM
User SID: S-1-5-18
Credential Type: Software Key
Deployment Type: Key Trust"
"08-07-2026 18:13:12","5702","Information","Microsoft-Windows-HelloForBusiness","Windows Hello wrote following protector properties to disk: HResult = 0x0, PIN protector = true, Bio protector = false, Secure Bio Protector = false, Recovery protector = true, Preboot protector = false"
"08-07-2026 18:13:12","5002","Information","Microsoft-Windows-HelloForBusiness","A user is signing into the device with the following gesture information:

Type: Invalid
Subtype: No Bio"
"08-07-2026 17:21:30","5702","Information","Microsoft-Windows-HelloForBusiness","Windows Hello wrote following protector properties to disk: HResult = 0x0, PIN protector = true, Bio protector = false, Secure Bio Protector = false, Recovery protector = true, Preboot protector = false"
"08-07-2026 17:21:30","5002","Information","Microsoft-Windows-HelloForBusiness","A user is signing into the device with the following gesture information:

Type: Invalid
Subtype: No Bio"
"08-07-2026 17:21:24","5702","Information","Microsoft-Windows-HelloForBusiness","Windows Hello wrote following protector properties to disk: HResult = 0x0, PIN protector = true, Bio protector = false, Secure Bio Protector = false, Recovery protector = true, Preboot protector = false"
"08-07-2026 17:21:24","5002","Information","Microsoft-Windows-HelloForBusiness","A user is signing into the device with the following gesture information:

Type: Invalid
Subtype: No Bio"
"08-07-2026 17:01:56","5001","Information","Microsoft-Windows-HelloForBusiness","A user signed into the device with the following information:

Username: SYSTEM
User SID: S-1-5-18
Credential Type: Software Key
Deployment Type: Key Trust"
"08-07-2026 17:01:56","5702","Information","Microsoft-Windows-HelloForBusiness","Windows Hello wrote following protector properties to disk: HResult = 0x0, PIN protector = true, Bio protector = false, Secure Bio Protector = false, Recovery protector = true, Preboot protector = false"
"08-07-2026 17:01:56","5002","Information","Microsoft-Windows-HelloForBusiness","A user is signing into the device with the following gesture information:

Type: Invalid
Subtype: No Bio"
"08-07-2026 16:26:01","5205","Information","Microsoft-Windows-HelloForBusiness","Windows Hello for Business On-Premise authentication configurations: 

Certificate Enrollment Method: None
Certificate Required for On-Premise Auth: false
Use Cloud Trust for On-Premise Auth: false
Account has Cloud TGT: false"
"08-07-2026 15:03:52","5001","Information","Microsoft-Windows-HelloForBusiness","A user signed into the device with the following information:

Username: SYSTEM
User SID: S-1-5-18
Credential Type: Software Key
Deployment Type: Key Trust"
"08-07-2026 15:03:52","5702","Information","Microsoft-Windows-HelloForBusiness","Windows Hello wrote following protector properties to disk: HResult = 0x0, PIN protector = true, Bio protector = false, Secure Bio Protector = false, Recovery protector = true, Preboot protector = false"
"08-07-2026 15:03:52","5002","Information","Microsoft-Windows-HelloForBusiness","A user is signing into the device with the following gesture information:

Type: Invalid
Subtype: No Bio"
"08-07-2026 13:29:17","5001","Information","Microsoft-Windows-HelloForBusiness","A user signed into the device with the following information:

Username: SYSTEM
User SID: S-1-5-18
Credential Type: Software Key
Deployment Type: Key Trust"
"08-07-2026 13:29:17","5702","Information","Microsoft-Windows-HelloForBusiness","Windows Hello wrote following protector properties to disk: HResult = 0x0, PIN protector = true, Bio protector = false, Secure Bio Protector = false, Recovery protector = true, Preboot protector = false"
"08-07-2026 13:29:17","5002","Information","Microsoft-Windows-HelloForBusiness","A user is signing into the device with the following gesture information:

Type: Invalid
Subtype: No Bio"
"08-07-2026 12:59:13","5001","Information","Microsoft-Windows-HelloForBusiness","A user signed into the device with the following information:

Username: SYSTEM
User SID: S-1-5-18
Credential Type: Software Key
Deployment Type: Key Trust"
"08-07-2026 12:59:13","5702","Information","Microsoft-Windows-HelloForBusiness","Windows Hello wrote following protector properties to disk: HResult = 0x0, PIN protector = true, Bio protector = false, Secure Bio Protector = false, Recovery protector = true, Preboot protector = false"
"08-07-2026 12:59:13","5002","Information","Microsoft-Windows-HelloForBusiness","A user is signing into the device with the following gesture information:

Type: Invalid
Subtype: No Bio"
"08-07-2026 11:07:21","5001","Information","Microsoft-Windows-HelloForBusiness","A user signed into the device with the following information:

Username: SYSTEM
User SID: S-1-5-18
Credential Type: Software Key
Deployment Type: Key Trust"
