"TimeCreated","Id","LevelDisplayName","ProviderName","Message"
"19-08-2026 14:39:10","5857","Information","Microsoft-Windows-WMI-Activity","Provider_PlatformBios provider started with result code 0x0. HostProcess = wmiprvse.exe; ProcessID = 27768; ProviderPath = %systemroot%\system32\wbem\wmiprov.dll"
"19-08-2026 14:39:09","5857","Information","Microsoft-Windows-WMI-Activity","Win32_EncryptableVolumeProvider provider started with result code 0x0. HostProcess = wmiprvse.exe; ProcessID = 7000; ProviderPath = C:\Windows\System32\wbem\Win32_EncryptableVolume.dll"
"19-08-2026 14:38:38","5857","Information","Microsoft-Windows-WMI-Activity","MSVDS__PROVIDER provider started with result code 0x0. HostProcess = wmiprvse.exe; ProcessID = 7000; ProviderPath = %systemroot%\system32\wbem\vdswmi.dll"
"19-08-2026 14:38:37","5857","Information","Microsoft-Windows-WMI-Activity","StorageWMI provider started with result code 0x0. HostProcess = wmiprvse.exe; ProcessID = 7000; ProviderPath = %SystemRoot%\System32\storagewmi.dll"
"19-08-2026 14:38:09","5857","Information","Microsoft-Windows-WMI-Activity","Win32_EncryptableVolumeProvider provider started with result code 0x0. HostProcess = wmiprvse.exe; ProcessID = 7000; ProviderPath = C:\Windows\System32\wbem\Win32_EncryptableVolume.dll"
"19-08-2026 14:37:09","5857","Information","Microsoft-Windows-WMI-Activity","Win32_EncryptableVolumeProvider provider started with result code 0x0. HostProcess = wmiprvse.exe; ProcessID = 7000; ProviderPath = C:\Windows\System32\wbem\Win32_EncryptableVolume.dll"
"19-08-2026 14:36:21","5857","Information","Microsoft-Windows-WMI-Activity","MSIProv provider started with result code 0x0. HostProcess = wmiprvse.exe; ProcessID = 6824; ProviderPath = %systemroot%\system32\wbem\msiprov.dll"
"19-08-2026 14:36:16","5857","Information","Microsoft-Windows-WMI-Activity","WMIPingProvider provider started with result code 0x0. HostProcess = wmiprvse.exe; ProcessID = 7000; ProviderPath = %systemroot%\system32\wbem\WMIPICMP.dll"
"19-08-2026 14:35:45","5857","Information","Microsoft-Windows-WMI-Activity","dnsclientcim provider started with result code 0x0. HostProcess = wmiprvse.exe; ProcessID = 14244; ProviderPath = %SYSTEMROOT%\System32\wbem\dnsclientcim.dll"
"19-08-2026 14:35:44","5857","Information","Microsoft-Windows-WMI-Activity","NlmCim provider started with result code 0x0. HostProcess = wmiprvse.exe; ProcessID = 7000; ProviderPath = %SystemRoot%\System32\wbem\nlmcim.dll"
"19-08-2026 14:35:44","5857","Information","Microsoft-Windows-WMI-Activity","nettcpip provider started with result code 0x0. HostProcess = wmiprvse.exe; ProcessID = 7000; ProviderPath = %systemroot%\system32\wbem\NetTCPIP.dll"
"19-08-2026 14:35:43","5857","Information","Microsoft-Windows-WMI-Activity","NetAdapterCim provider started with result code 0x0. HostProcess = wmiprvse.exe; ProcessID = 4760; ProviderPath = %systemroot%\system32\wbem\NetAdapterCim.dll"
"19-08-2026 14:35:40","5857","Information","Microsoft-Windows-WMI-Activity","ScheduledTaskProv provider started with result code 0x0. HostProcess = wmiprvse.exe; ProcessID = 7000; ProviderPath = %SYSTEMROOT%\System32\wbem\schedprov.dll"
"19-08-2026 14:35:11","5857","Information","Microsoft-Windows-WMI-Activity","ReliabilityMetricsProvider provider started with result code 0x0. HostProcess = wmiprvse.exe; ProcessID = 28124; ProviderPath = C:\Windows\System32\wbem\RacWmiProv.dll"
"19-08-2026 14:35:11","5858","Error","Microsoft-Windows-WMI-Activity","Id = {0BA21474-2EF0-0009-FDC8-C30BF02EDD01}; ClientMachine = LIND55MBVC4; User = ENTERPRISE\arjo5004.T1; ClientProcessId = 28452; Component = Unknown; Operation = Start IWbemServices::CreateInstanceEnum - root\wmi : MSAcpi_ThermalZoneTemperature; ResultCode = 0x8004100C; PossibleCause = Unknown"
"19-08-2026 14:35:11","5857","Information","Microsoft-Windows-WMI-Activity","WMIProv provider started with result code 0x0. HostProcess = wmiprvse.exe; ProcessID = 6824; ProviderPath = %systemroot%\system32\wbem\wmiprov.dll"
"19-08-2026 14:35:05","5857","Information","Microsoft-Windows-WMI-Activity","StorageWMI provider started with result code 0x0. HostProcess = wmiprvse.exe; ProcessID = 7000; ProviderPath = %SystemRoot%\System32\storagewmi.dll"
"19-08-2026 14:35:02","5857","Information","Microsoft-Windows-WMI-Activity","NetAdapterCim provider started with result code 0x0. HostProcess = wmiprvse.exe; ProcessID = 4760; ProviderPath = %systemroot%\system32\wbem\NetAdapterCim.dll"
"19-08-2026 14:34:41","5858","Error","Microsoft-Windows-WMI-Activity","Id = {24046016-E3E1-4167-8DA0-90033307F7FC}; ClientMachine = LIND55MBVC4; User = NT AUTHORITY\SYSTEM; ClientProcessId = 16324; Component = Unknown; Operation = Start IWbemServices::ExecQuery - root\CIMV2\security\microsofttpm : SELECT ManufacturerVersionFull20 FROM win32_tpm; ResultCode = 0x80041032; PossibleCause = Unknown"
"19-08-2026 14:34:41","5858","Error","Microsoft-Windows-WMI-Activity","Id = {25A53475-B588-4036-B7D6-653D4CE64663}; ClientMachine = LIND55MBVC4; User = NT AUTHORITY\SYSTEM; ClientProcessId = 16324; Component = Unknown; Operation = Start IWbemServices::ExecQuery - root\CIMV2\security\microsofttpm : SELECT ManufacturerIdTxt FROM win32_tpm; ResultCode = 0x80041032; PossibleCause = Unknown"
"19-08-2026 14:34:41","5857","Information","Microsoft-Windows-WMI-Activity","Win32_TpmProvider provider started with result code 0x0. HostProcess = wmiprvse.exe; ProcessID = 7000; ProviderPath = C:\Windows\System32\wbem\Win32_TPM.dll"
"19-08-2026 14:34:23","5857","Information","Microsoft-Windows-WMI-Activity","SppProvider provider started with result code 0x0. HostProcess = wmiprvse.exe; ProcessID = 7000; ProviderPath = %SystemRoot%\System32\sppwmi.dll"
"19-08-2026 14:34:20","5857","Information","Microsoft-Windows-WMI-Activity","Win32_WIN32_TERMINALSERVICE_Prov provider started with result code 0x0. HostProcess = wmiprvse.exe; ProcessID = 7000; ProviderPath = %SystemRoot%\system32\tscfgwmi.dll"
"19-08-2026 14:34:16","5857","Information","Microsoft-Windows-WMI-Activity","CIMWin32a provider started with result code 0x0. HostProcess = wmiprvse.exe; ProcessID = 7000; ProviderPath = %systemroot%\system32\wbem\wmipcima.dll"
"19-08-2026 14:34:15","5858","Error","Microsoft-Windows-WMI-Activity","Id = {B747413E-D0A4-4961-8A22-8554DFCC3DBE}; ClientMachine = LIND55MBVC4; User = ENTERPRISE\arjo5004.T1; ClientProcessId = 28124; Component = Unknown; Operation = Start IWbemServices::CreateInstanceEnum - root\cimv2 : Win32_ComputerSystem; ResultCode = 0x80041032; PossibleCause = Unknown"
"19-08-2026 14:34:15","5858","Error","Microsoft-Windows-WMI-Activity","Id = {9241D77B-7F35-4664-BF27-0D88D95AC646}; ClientMachine = LIND55MBVC4; User = ENTERPRISE\arjo5004.T1; ClientProcessId = 28124; Component = Unknown; Operation = Start IWbemServices::CreateInstanceEnum - root\Microsoft\Windows\DeviceGuard : Win32_DeviceGuard; ResultCode = 0x80041032; PossibleCause = Unknown"
"19-08-2026 14:34:15","5857","Information","Microsoft-Windows-WMI-Activity","Win32_DeviceGuard provider started with result code 0x0. HostProcess = wmiprvse.exe; ProcessID = 7000; ProviderPath = %SystemRoot%\System32\Win32_DeviceGuard.dll"
"19-08-2026 14:34:13","5857","Information","Microsoft-Windows-WMI-Activity","MS_NT_EVENTLOG_PROVIDER provider started with result code 0x0. HostProcess = wmiprvse.exe; ProcessID = 7000; ProviderPath = %systemroot%\system32\wbem\ntevt.dll"
"19-08-2026 14:34:13","5857","Information","Microsoft-Windows-WMI-Activity","RegProv provider started with result code 0x0. HostProcess = wmiprvse.exe; ProcessID = 4760; ProviderPath = %systemroot%\system32\wbem\stdprov.dll"
"19-08-2026 14:34:13","5858","Error","Microsoft-Windows-WMI-Activity","Id = {B747413E-D0A4-4961-8A22-8554DFCC3DBE}; ClientMachine = LIND55MBVC4; User = ENTERPRISE\arjo5004.T1; ClientProcessId = 28124; Component = Unknown; Operation = Start IWbemServices::CreateInstanceEnum - root\cimv2 : Win32_TimeZone; ResultCode = 0x80041032; PossibleCause = Unknown"
"19-08-2026 14:34:13","5858","Error","Microsoft-Windows-WMI-Activity","Id = {B747413E-D0A4-4961-8A22-8554DFCC3DBE}; ClientMachine = LIND55MBVC4; User = ENTERPRISE\arjo5004.T1; ClientProcessId = 28124; Component = Unknown; Operation = Start IWbemServices::CreateInstanceEnum - root\cimv2 : Win32_Keyboard; ResultCode = 0x80041032; PossibleCause = Unknown"
"19-08-2026 14:34:13","5858","Error","Microsoft-Windows-WMI-Activity","Id = {B747413E-D0A4-4961-8A22-8554DFCC3DBE}; ClientMachine = LIND55MBVC4; User = ENTERPRISE\arjo5004.T1; ClientProcessId = 28124; Component = Unknown; Operation = Start IWbemServices::CreateInstanceEnum - root\cimv2 : Win32_BIOS; ResultCode = 0x80041032; PossibleCause = Unknown"
"19-08-2026 14:34:12","5858","Error","Microsoft-Windows-WMI-Activity","Id = {B747413E-D0A4-4961-8A22-8554DFCC3DBE}; ClientMachine = LIND55MBVC4; User = ENTERPRISE\arjo5004.T1; ClientProcessId = 28124; Component = Unknown; Operation = Start IWbemServices::CreateInstanceEnum - root\cimv2 : Win32_ComputerSystem; ResultCode = 0x80041032; PossibleCause = Unknown"
"19-08-2026 14:34:12","5858","Error","Microsoft-Windows-WMI-Activity","Id = {B747413E-D0A4-4961-8A22-8554DFCC3DBE}; ClientMachine = LIND55MBVC4; User = ENTERPRISE\arjo5004.T1; ClientProcessId = 28124; Component = Unknown; Operation = Start IWbemServices::CreateInstanceEnum - root\cimv2 : Win32_OperatingSystem; ResultCode = 0x80041032; PossibleCause = Unknown"
"19-08-2026 14:34:09","5857","Information","Microsoft-Windows-WMI-Activity","Win32_EncryptableVolumeProvider provider started with result code 0x0. HostProcess = wmiprvse.exe; ProcessID = 7000; ProviderPath = C:\Windows\System32\wbem\Win32_EncryptableVolume.dll"
"19-08-2026 14:33:56","5857","Information","Microsoft-Windows-WMI-Activity","MSIProv provider started with result code 0x0. HostProcess = wmiprvse.exe; ProcessID = 6824; ProviderPath = %systemroot%\system32\wbem\msiprov.dll"
"19-08-2026 14:33:46","5857","Information","Microsoft-Windows-WMI-Activity","WhqlProvider provider started with result code 0x0. HostProcess = wmiprvse.exe; ProcessID = 7000; ProviderPath = %systemroot%\system32\signdrv.dll"
"19-08-2026 14:32:09","5857","Information","Microsoft-Windows-WMI-Activity","Win32_EncryptableVolumeProvider provider started with result code 0x0. HostProcess = wmiprvse.exe; ProcessID = 7000; ProviderPath = C:\Windows\System32\wbem\Win32_EncryptableVolume.dll"
"19-08-2026 14:31:12","5858","Error","Microsoft-Windows-WMI-Activity","Id = {193F3F9D-00B2-44F7-B165-EBD094BF61E3}; ClientMachine = LIND55MBVC4; User = NT AUTHORITY\SYSTEM; ClientProcessId = 30480; Component = Unknown; Operation = Start IWbemServices::ExecQuery - root\CIMV2\security\microsofttpm : SELECT ManufacturerIdTxt FROM win32_tpm; ResultCode = 0x80041032; PossibleCause = Unknown"
"19-08-2026 14:31:12","5858","Error","Microsoft-Windows-WMI-Activity","Id = {76A63BF6-9A35-4159-A2D2-46164DE075B1}; ClientMachine = LIND55MBVC4; User = NT AUTHORITY\SYSTEM; ClientProcessId = 30480; Component = Unknown; Operation = Start IWbemServices::ExecQuery - root\CIMV2\security\microsofttpm : SELECT ManufacturerVersionFull20 FROM win32_tpm; ResultCode = 0x80041032; PossibleCause = Unknown"
"19-08-2026 14:31:12","5857","Information","Microsoft-Windows-WMI-Activity","Win32_TpmProvider provider started with result code 0x0. HostProcess = wmiprvse.exe; ProcessID = 7000; ProviderPath = C:\Windows\System32\wbem\Win32_TPM.dll"
"19-08-2026 14:31:09","5857","Information","Microsoft-Windows-WMI-Activity","Win32_EncryptableVolumeProvider provider started with result code 0x0. HostProcess = wmiprvse.exe; ProcessID = 7000; ProviderPath = C:\Windows\System32\wbem\Win32_EncryptableVolume.dll"
"19-08-2026 14:30:09","5857","Information","Microsoft-Windows-WMI-Activity","Win32_EncryptableVolumeProvider provider started with result code 0x0. HostProcess = wmiprvse.exe; ProcessID = 7000; ProviderPath = C:\Windows\System32\wbem\Win32_EncryptableVolume.dll"
"19-08-2026 14:30:02","5857","Information","Microsoft-Windows-WMI-Activity","NetAdapterCim provider started with result code 0x0. HostProcess = wmiprvse.exe; ProcessID = 29780; ProviderPath = %systemroot%\system32\wbem\NetAdapterCim.dll"
"19-08-2026 14:29:50","5858","Error","Microsoft-Windows-WMI-Activity","Id = {2568CA8D-9A35-49F0-869D-4B728D709575}; ClientMachine = LIND55MBVC4; User = NT AUTHORITY\SYSTEM; ClientProcessId = 3760; Component = Unknown; Operation = Start IWbemServices::ExecQuery - ROOT\CIMV2 : SELECT * FROM Win32_PnPEntity Where deviceid Like '%PCI\\VEN_8086&DEV_7d1d&SUBSYS_0ce81028%&Rev%'; ResultCode = 0x80041032; PossibleCause = Throttling Idle Tasks, refer to CIMOM regkey: ArbTaskMaxIdle"
"19-08-2026 14:29:50","5858","Error","Microsoft-Windows-WMI-Activity","Id = {D9FE759D-7FBA-4BD2-A94F-F0430CB0D984}; ClientMachine = LIND55MBVC4; User = NT AUTHORITY\SYSTEM; ClientProcessId = 3760; Component = Unknown; Operation = Start IWbemServices::ExecQuery - ROOT\CIMV2 : SELECT * FROM Win32_PnPEntity Where deviceid Like '%PCI\\VEN_8086&DEV_7d1d&SUBSYS_0ce81028%&Rev%'; ResultCode = 0x80041032; PossibleCause = Throttling Idle Tasks, refer to CIMOM regkey: ArbTaskMaxIdle"
"19-08-2026 14:29:50","5858","Error","Microsoft-Windows-WMI-Activity","Id = {BCF8E751-6374-4167-85AD-B2FEBE95689F}; ClientMachine = LIND55MBVC4; User = NT AUTHORITY\SYSTEM; ClientProcessId = 3760; Component = Unknown; Operation = Start IWbemServices::ExecQuery - ROOT\CIMV2 : SELECT * FROM Win32_PnPEntity Where deviceid Like '%PCI\\VEN_8086&DEV_7d1d&SUBSYS_0ce81028%&Rev%'; ResultCode = 0x80041032; PossibleCause = Throttling Idle Tasks, refer to CIMOM regkey: ArbTaskMaxIdle"
"19-08-2026 14:29:50","5858","Error","Microsoft-Windows-WMI-Activity","Id = {656E5FDA-2F2A-4B72-9C17-B126333EB167}; ClientMachine = LIND55MBVC4; User = NT AUTHORITY\SYSTEM; ClientProcessId = 3760; Component = Unknown; Operation = Start IWbemServices::ExecQuery - ROOT\CIMV2 : SELECT * FROM Win32_PnPEntity Where deviceid Like '%PCI\\VEN_8086&DEV_7d1d&SUBSYS_0ce81028%&Rev%'; ResultCode = 0x80041032; PossibleCause = Throttling Idle Tasks, refer to CIMOM regkey: ArbTaskMaxIdle"
"19-08-2026 14:29:30","5858","Error","Microsoft-Windows-WMI-Activity","Id = {2ECEA118-53AC-4F1C-9A87-084D1D606F99}; ClientMachine = LIND55MBVC4; User = NT AUTHORITY\SYSTEM; ClientProcessId = 3760; Component = Unknown; Operation = Start IWbemServices::ExecQuery - ROOT\CIMV2 : SELECT * FROM Win32_PnPEntity Where deviceid Like '%PCI\\VEN_8086&DEV_7d1d&SUBSYS_0ce81028%&Rev%'; ResultCode = 0x80041032; PossibleCause = Throttling Idle Tasks, refer to CIMOM regkey: ArbTaskMaxIdle"
"19-08-2026 14:29:08","5857","Information","Microsoft-Windows-WMI-Activity","Win32_EncryptableVolumeProvider provider started with result code 0x0. HostProcess = wmiprvse.exe; ProcessID = 7000; ProviderPath = C:\Windows\System32\wbem\Win32_EncryptableVolume.dll"
"19-08-2026 14:27:08","5857","Information","Microsoft-Windows-WMI-Activity","Win32_EncryptableVolumeProvider provider started with result code 0x0. HostProcess = wmiprvse.exe; ProcessID = 7000; ProviderPath = C:\Windows\System32\wbem\Win32_EncryptableVolume.dll"
"19-08-2026 14:26:25","5857","Information","Microsoft-Windows-WMI-Activity","StorageWMI provider started with result code 0x0. HostProcess = wmiprvse.exe; ProcessID = 7000; ProviderPath = %SystemRoot%\System32\storagewmi.dll"
"19-08-2026 14:26:24","5858","Error","Microsoft-Windows-WMI-Activity","Id = {702603CF-C07E-4B93-A4EB-3490027E49FC}; ClientMachine = LIND55MBVC4; User = ENTERPRISE\arjo5004; ClientProcessId = 30576; Component = Unknown; Operation = Start IWbemServices::ExecQuery - ROOT\CIMV2 : SELECT * FROM Win32_Processor; ResultCode = 0x80041032; PossibleCause = Unknown"
"19-08-2026 14:26:23","5858","Error","Microsoft-Windows-WMI-Activity","Id = {702603CF-C07E-4B93-A4EB-3490027E49FC}; ClientMachine = LIND55MBVC4; User = ENTERPRISE\arjo5004; ClientProcessId = 30576; Component = Unknown; Operation = Start IWbemServices::ExecQuery - ROOT\CIMV2 : ASSOCIATORS OF {Win32_DiskPartition.DeviceID='Disk #0, Partition #1'} WHERE ResultClass=Win32_DiskDrive; ResultCode = 0x80041032; PossibleCause = Unknown"
"19-08-2026 14:26:23","5858","Error","Microsoft-Windows-WMI-Activity","Id = {702603CF-C07E-4B93-A4EB-3490027E49FC}; ClientMachine = LIND55MBVC4; User = ENTERPRISE\arjo5004; ClientProcessId = 30576; Component = Unknown; Operation = Start IWbemServices::ExecQuery - ROOT\CIMV2 : SELECT * FROM Win32_DiskPartition WHERE DeviceID='Disk #0, Partition #1'; ResultCode = 0x80041032; PossibleCause = Unknown"
"19-08-2026 14:26:23","5858","Error","Microsoft-Windows-WMI-Activity","Id = {702603CF-C07E-4B93-A4EB-3490027E49FC}; ClientMachine = LIND55MBVC4; User = ENTERPRISE\arjo5004; ClientProcessId = 30576; Component = Unknown; Operation = Start IWbemServices::ExecQuery - ROOT\CIMV2 : ASSOCIATORS OF {Win32_LogicalDisk.DeviceID='C:'} WHERE ResultClass=Win32_DiskPartition; ResultCode = 0x80041032; PossibleCause = Unknown"
"19-08-2026 14:26:23","5858","Error","Microsoft-Windows-WMI-Activity","Id = {702603CF-C07E-4B93-A4EB-3490027E49FC}; ClientMachine = LIND55MBVC4; User = ENTERPRISE\arjo5004; ClientProcessId = 30576; Component = Unknown; Operation = Start IWbemServices::ExecQuery - ROOT\CIMV2 : ASSOCIATORS OF {Win32_LogicalDisk.DeviceID='C:'} WHERE ResultClass=Win32_DiskPartition; ResultCode = 0x80041032; PossibleCause = Unknown"
"19-08-2026 14:26:22","5858","Error","Microsoft-Windows-WMI-Activity","Id = {702603CF-C07E-4B93-A4EB-3490027E49FC}; ClientMachine = LIND55MBVC4; User = ENTERPRISE\arjo5004; ClientProcessId = 30576; Component = Unknown; Operation = Start IWbemServices::ExecQuery - ROOT\CIMV2 : SELECT * FROM Win32_LogicalDisk WHERE DeviceID='C:'; ResultCode = 0x80041032; PossibleCause = Unknown"
"19-08-2026 14:25:41","5857","Information","Microsoft-Windows-WMI-Activity","Provider_DiagnosticsServices provider started with result code 0x0. HostProcess = wmiprvse.exe; ProcessID = 2884; ProviderPath = %systemroot%\system32\wbem\wmiprov.dll"
"19-08-2026 14:25:39","5858","Error","Microsoft-Windows-WMI-Activity","Id = {E7D88A3D-11FE-41FA-A35C-253D348D2070}; ClientMachine = LIND55MBVC4; User = NT AUTHORITY\SYSTEM; ClientProcessId = 3760; Component = Unknown; Operation = Start IWbemServices::ExecQuery - ROOT\CIMV2 : SELECT * FROM Win32_SystemDriver WHERE Name = 'BTHUSB'; ResultCode = 0x80041032; PossibleCause = Unknown"
"19-08-2026 14:25:27","5858","Error","Microsoft-Windows-WMI-Activity","Id = {E206CCCC-537B-4C82-B77B-BEA1554907D4}; ClientMachine = LIND55MBVC4; User = ENTERPRISE\arjo5004; ClientProcessId = 30576; Component = Unknown; Operation = Start IWbemServices::ExecQuery - ROOT\CIMV2 : SELECT * FROM Win32_PhysicalMemory WHERE Tag='Physical Memory 0'; ResultCode = 0x80041032; PossibleCause = Unknown"
"19-08-2026 14:25:27","5858","Error","Microsoft-Windows-WMI-Activity","Id = {E206CCCC-537B-4C82-B77B-BEA1554907D4}; ClientMachine = LIND55MBVC4; User = ENTERPRISE\arjo5004; ClientProcessId = 30576; Component = Unknown; Operation = Start IWbemServices::ExecQuery - ROOT\CIMV2 : SELECT * FROM Win32_DiskDrive WHERE DeviceID LIKE '%PHYSICALDRIVE0%'; ResultCode = 0x80041032; PossibleCause = Unknown"
"19-08-2026 14:25:27","5858","Error","Microsoft-Windows-WMI-Activity","Id = {E206CCCC-537B-4C82-B77B-BEA1554907D4}; ClientMachine = LIND55MBVC4; User = ENTERPRISE\arjo5004; ClientProcessId = 30576; Component = Unknown; Operation = Start IWbemServices::ExecQuery - ROOT\CIMV2 : SELECT * FROM Win32_ComputerSystemProduct; ResultCode = 0x80041032; PossibleCause = Unknown"
"19-08-2026 14:25:26","5858","Error","Microsoft-Windows-WMI-Activity","Id = {4D759CCA-319C-427E-9A68-0922B1F5C3B0}; ClientMachine = LIND55MBVC4; User = ENTERPRISE\arjo5004; ClientProcessId = 27484; Component = Unknown; Operation = Start IWbemServices::ExecQuery - ROOT\CIMV2 : SELECT * FROM Win32_PhysicalMemory WHERE Tag='Physical Memory 0'; ResultCode = 0x80041032; PossibleCause = Unknown"
"19-08-2026 14:25:26","5858","Error","Microsoft-Windows-WMI-Activity","Id = {4D759CCA-319C-427E-9A68-0922B1F5C3B0}; ClientMachine = LIND55MBVC4; User = ENTERPRISE\arjo5004; ClientProcessId = 27484; Component = Unknown; Operation = Start IWbemServices::ExecQuery - ROOT\CIMV2 : SELECT * FROM Win32_DiskDrive WHERE DeviceID LIKE '%PHYSICALDRIVE0%'; ResultCode = 0x80041032; PossibleCause = Unknown"
"19-08-2026 14:25:26","5858","Error","Microsoft-Windows-WMI-Activity","Id = {4D759CCA-319C-427E-9A68-0922B1F5C3B0}; ClientMachine = LIND55MBVC4; User = ENTERPRISE\arjo5004; ClientProcessId = 27484; Component = Unknown; Operation = Start IWbemServices::ExecQuery - ROOT\CIMV2 : SELECT * FROM Win32_ComputerSystemProduct; ResultCode = 0x80041032; PossibleCause = Unknown"
"19-08-2026 14:25:08","5857","Information","Microsoft-Windows-WMI-Activity","Win32_EncryptableVolumeProvider provider started with result code 0x0. HostProcess = wmiprvse.exe; ProcessID = 7000; ProviderPath = C:\Windows\System32\wbem\Win32_EncryptableVolume.dll"
"19-08-2026 14:25:02","5857","Information","Microsoft-Windows-WMI-Activity","NetAdapterCim provider started with result code 0x0. HostProcess = wmiprvse.exe; ProcessID = 5192; ProviderPath = %systemroot%\system32\wbem\NetAdapterCim.dll"
"19-08-2026 14:24:10","5857","Information","Microsoft-Windows-WMI-Activity","Provider_PlatformBios provider started with result code 0x0. HostProcess = wmiprvse.exe; ProcessID = 2884; ProviderPath = %systemroot%\system32\wbem\wmiprov.dll"
"19-08-2026 14:24:08","5857","Information","Microsoft-Windows-WMI-Activity","Win32_EncryptableVolumeProvider provider started with result code 0x0. HostProcess = wmiprvse.exe; ProcessID = 7000; ProviderPath = C:\Windows\System32\wbem\Win32_EncryptableVolume.dll"
"19-08-2026 14:23:37","5857","Information","Microsoft-Windows-WMI-Activity","MSVDS__PROVIDER provider started with result code 0x0. HostProcess = wmiprvse.exe; ProcessID = 7000; ProviderPath = %systemroot%\system32\wbem\vdswmi.dll"
"19-08-2026 14:23:37","5858","Error","Microsoft-Windows-WMI-Activity","Id = {B393C022-59DC-4E9A-A3F5-E797E0BADE2E}; ClientMachine = LIND55MBVC4; User = NT AUTHORITY\SYSTEM; ClientProcessId = 7000; Component = Unknown; Operation = Start IWbemServices::CreateInstanceEnum - root\Microsoft\Windows\Storage\Providers_v2 : MSFT_PhysicalDisk; ResultCode = 0x80041033; PossibleCause = Unknown"
"19-08-2026 14:23:37","5857","Information","Microsoft-Windows-WMI-Activity","StorageWMI provider started with result code 0x0. HostProcess = wmiprvse.exe; ProcessID = 7000; ProviderPath = %SystemRoot%\System32\storagewmi.dll"
"19-08-2026 14:23:37","5857","Information","Microsoft-Windows-WMI-Activity","WMIProv provider started with result code 0x0. HostProcess = wmiprvse.exe; ProcessID = 6824; ProviderPath = %systemroot%\system32\wbem\wmiprov.dll"
"19-08-2026 14:23:08","5857","Information","Microsoft-Windows-WMI-Activity","Win32_EncryptableVolumeProvider provider started with result code 0x0. HostProcess = wmiprvse.exe; ProcessID = 7000; ProviderPath = C:\Windows\System32\wbem\Win32_EncryptableVolume.dll"
"19-08-2026 14:22:08","5857","Information","Microsoft-Windows-WMI-Activity","Win32_EncryptableVolumeProvider provider started with result code 0x0. HostProcess = wmiprvse.exe; ProcessID = 7000; ProviderPath = C:\Windows\System32\wbem\Win32_EncryptableVolume.dll"
"19-08-2026 14:21:08","5857","Information","Microsoft-Windows-WMI-Activity","Win32_EncryptableVolumeProvider provider started with result code 0x0. HostProcess = wmiprvse.exe; ProcessID = 7000; ProviderPath = C:\Windows\System32\wbem\Win32_EncryptableVolume.dll"
"19-08-2026 14:20:02","5857","Information","Microsoft-Windows-WMI-Activity","NetAdapterCim provider started with result code 0x0. HostProcess = wmiprvse.exe; ProcessID = 27452; ProviderPath = %systemroot%\system32\wbem\NetAdapterCim.dll"
"19-08-2026 14:19:08","5857","Information","Microsoft-Windows-WMI-Activity","Win32_EncryptableVolumeProvider provider started with result code 0x0. HostProcess = wmiprvse.exe; ProcessID = 7000; ProviderPath = C:\Windows\System32\wbem\Win32_EncryptableVolume.dll"
"19-08-2026 14:17:08","5857","Information","Microsoft-Windows-WMI-Activity","Win32_EncryptableVolumeProvider provider started with result code 0x0. HostProcess = wmiprvse.exe; ProcessID = 7000; ProviderPath = C:\Windows\System32\wbem\Win32_EncryptableVolume.dll"
"19-08-2026 14:16:08","5857","Information","Microsoft-Windows-WMI-Activity","Win32_EncryptableVolumeProvider provider started with result code 0x0. HostProcess = wmiprvse.exe; ProcessID = 7000; ProviderPath = C:\Windows\System32\wbem\Win32_EncryptableVolume.dll"
"19-08-2026 14:15:02","5857","Information","Microsoft-Windows-WMI-Activity","NetAdapterCim provider started with result code 0x0. HostProcess = wmiprvse.exe; ProcessID = 30944; ProviderPath = %systemroot%\system32\wbem\NetAdapterCim.dll"
"19-08-2026 14:14:29","5858","Error","Microsoft-Windows-WMI-Activity","Id = {AFB37804-6167-4978-A62E-6843EC7892C9}; ClientMachine = LIND55MBVC4; User = NT AUTHORITY\SYSTEM; ClientProcessId = 3760; Component = Unknown; Operation = Start IWbemServices::ExecQuery - ROOT\CIMV2 : SELECT * FROM Win32_PnPEntity Where deviceid Like '%PCI\\VEN_8086&DEV_7d1d&SUBSYS_0ce81028%&Rev%'; ResultCode = 0x80041032; PossibleCause = Throttling Idle Tasks, refer to CIMOM regkey: ArbTaskMaxIdle"
"19-08-2026 14:14:29","5858","Error","Microsoft-Windows-WMI-Activity","Id = {4C558789-B14A-4371-81E5-A0B10AFDA293}; ClientMachine = LIND55MBVC4; User = NT AUTHORITY\SYSTEM; ClientProcessId = 3760; Component = Unknown; Operation = Start IWbemServices::ExecQuery - ROOT\CIMV2 : SELECT * FROM Win32_PnPEntity Where deviceid Like '%PCI\\VEN_8086&DEV_7d1d&SUBSYS_0ce81028%&Rev%'; ResultCode = 0x80041032; PossibleCause = Throttling Idle Tasks, refer to CIMOM regkey: ArbTaskMaxIdle"
"19-08-2026 14:14:29","5858","Error","Microsoft-Windows-WMI-Activity","Id = {996498F7-6E27-4B5E-89B9-AB4CEDCFF13A}; ClientMachine = LIND55MBVC4; User = NT AUTHORITY\SYSTEM; ClientProcessId = 3760; Component = Unknown; Operation = Start IWbemServices::ExecQuery - ROOT\CIMV2 : SELECT * FROM Win32_PnPEntity Where deviceid Like '%PCI\\VEN_8086&DEV_7d1d&SUBSYS_0ce81028%&Rev%'; ResultCode = 0x80041032; PossibleCause = Throttling Idle Tasks, refer to CIMOM regkey: ArbTaskMaxIdle"
"19-08-2026 14:14:29","5858","Error","Microsoft-Windows-WMI-Activity","Id = {6ECF06A2-B2BE-4D31-A168-6990DFB5CE75}; ClientMachine = LIND55MBVC4; User = NT AUTHORITY\SYSTEM; ClientProcessId = 3760; Component = Unknown; Operation = Start IWbemServices::ExecQuery - ROOT\CIMV2 : SELECT * FROM Win32_PnPEntity Where deviceid Like '%PCI\\VEN_8086&DEV_7d1d&SUBSYS_0ce81028%&Rev%'; ResultCode = 0x80041032; PossibleCause = Throttling Idle Tasks, refer to CIMOM regkey: ArbTaskMaxIdle"
"19-08-2026 14:14:29","5858","Error","Microsoft-Windows-WMI-Activity","Id = {0266E329-55D0-4D2F-8A05-F071CE6C6975}; ClientMachine = LIND55MBVC4; User = NT AUTHORITY\SYSTEM; ClientProcessId = 3760; Component = Unknown; Operation = Start IWbemServices::ExecQuery - ROOT\CIMV2 : SELECT * FROM Win32_PnPEntity Where deviceid Like '%PCI\\VEN_8086&DEV_7d1d&SUBSYS_0ce81028%&Rev%'; ResultCode = 0x80041032; PossibleCause = Throttling Idle Tasks, refer to CIMOM regkey: ArbTaskMaxIdle"
"19-08-2026 14:14:08","5857","Information","Microsoft-Windows-WMI-Activity","Win32_EncryptableVolumeProvider provider started with result code 0x0. HostProcess = wmiprvse.exe; ProcessID = 7000; ProviderPath = C:\Windows\System32\wbem\Win32_EncryptableVolume.dll"
"19-08-2026 14:13:08","5857","Information","Microsoft-Windows-WMI-Activity","Win32_EncryptableVolumeProvider provider started with result code 0x0. HostProcess = wmiprvse.exe; ProcessID = 7000; ProviderPath = C:\Windows\System32\wbem\Win32_EncryptableVolume.dll"
"19-08-2026 14:11:08","5857","Information","Microsoft-Windows-WMI-Activity","Win32_EncryptableVolumeProvider provider started with result code 0x0. HostProcess = wmiprvse.exe; ProcessID = 7000; ProviderPath = C:\Windows\System32\wbem\Win32_EncryptableVolume.dll"
"19-08-2026 14:10:37","5857","Information","Microsoft-Windows-WMI-Activity","Provider_DiagnosticsServices provider started with result code 0x0. HostProcess = wmiprvse.exe; ProcessID = 5100; ProviderPath = %systemroot%\system32\wbem\wmiprov.dll"
"19-08-2026 14:10:26","5858","Error","Microsoft-Windows-WMI-Activity","Id = {F3D3026A-CCD5-429B-9EED-F1ABDCF0E74D}; ClientMachine = LIND55MBVC4; User = NT AUTHORITY\SYSTEM; ClientProcessId = 1588; Component = Unknown; Operation = Start IWbemServices::ExecQuery - ROOT\CIMV2 : SELECT * FROM Win32_DiskDrive WHERE DeviceID LIKE '%PHYSICALDRIVE0%'; ResultCode = 0x80041032; PossibleCause = Unknown"
"19-08-2026 14:10:26","5858","Error","Microsoft-Windows-WMI-Activity","Id = {F3D3026A-CCD5-429B-9EED-F1ABDCF0E74D}; ClientMachine = LIND55MBVC4; User = NT AUTHORITY\SYSTEM; ClientProcessId = 1588; Component = Unknown; Operation = Start IWbemServices::ExecQuery - ROOT\CIMV2 : SELECT * FROM Win32_ComputerSystemProduct; ResultCode = 0x80041032; PossibleCause = Unknown"
"19-08-2026 14:10:22","5858","Error","Microsoft-Windows-WMI-Activity","Id = {C51F191C-887E-4FD2-A0A0-0DC5E4548671}; ClientMachine = LIND55MBVC4; User = NT AUTHORITY\SYSTEM; ClientProcessId = 1588; Component = Unknown; Operation = Start IWbemServices::ExecQuery - ROOT\CIMV2 : SELECT * FROM Win32_PhysicalMemory WHERE Tag='Physical Memory 0'; ResultCode = 0x80041032; PossibleCause = Unknown"
"19-08-2026 14:10:22","5858","Error","Microsoft-Windows-WMI-Activity","Id = {C51F191C-887E-4FD2-A0A0-0DC5E4548671}; ClientMachine = LIND55MBVC4; User = NT AUTHORITY\SYSTEM; ClientProcessId = 1588; Component = Unknown; Operation = Start IWbemServices::ExecQuery - ROOT\CIMV2 : SELECT * FROM Win32_DiskDrive WHERE DeviceID LIKE '%PHYSICALDRIVE0%'; ResultCode = 0x80041032; PossibleCause = Unknown"
"19-08-2026 14:10:22","5858","Error","Microsoft-Windows-WMI-Activity","Id = {C51F191C-887E-4FD2-A0A0-0DC5E4548671}; ClientMachine = LIND55MBVC4; User = NT AUTHORITY\SYSTEM; ClientProcessId = 1588; Component = Unknown; Operation = Start IWbemServices::ExecQuery - ROOT\CIMV2 : SELECT * FROM Win32_ComputerSystemProduct; ResultCode = 0x80041032; PossibleCause = Unknown"
"19-08-2026 14:10:19","5858","Error","Microsoft-Windows-WMI-Activity","Id = {92FA27E8-78C1-43A9-89C2-F28EBA27F72B}; ClientMachine = LIND55MBVC4; User = ENTERPRISE\arjo5004; ClientProcessId = 29748; Component = Unknown; Operation = Start IWbemServices::ExecQuery - ROOT\CIMV2 : SELECT * FROM Win32_PhysicalMemory WHERE Tag='Physical Memory 0'; ResultCode = 0x80041032; PossibleCause = Unknown"
"19-08-2026 14:10:19","5858","Error","Microsoft-Windows-WMI-Activity","Id = {92FA27E8-78C1-43A9-89C2-F28EBA27F72B}; ClientMachine = LIND55MBVC4; User = ENTERPRISE\arjo5004; ClientProcessId = 29748; Component = Unknown; Operation = Start IWbemServices::ExecQuery - ROOT\CIMV2 : SELECT * FROM Win32_DiskDrive WHERE DeviceID LIKE '%PHYSICALDRIVE0%'; ResultCode = 0x80041032; PossibleCause = Unknown"
"19-08-2026 14:10:19","5858","Error","Microsoft-Windows-WMI-Activity","Id = {92FA27E8-78C1-43A9-89C2-F28EBA27F72B}; ClientMachine = LIND55MBVC4; User = ENTERPRISE\arjo5004; ClientProcessId = 29748; Component = Unknown; Operation = Start IWbemServices::ExecQuery - ROOT\CIMV2 : SELECT * FROM Win32_ComputerSystemProduct; ResultCode = 0x80041032; PossibleCause = Unknown"
"19-08-2026 14:10:07","5857","Information","Microsoft-Windows-WMI-Activity","Win32_EncryptableVolumeProvider provider started with result code 0x0. HostProcess = wmiprvse.exe; ProcessID = 7000; ProviderPath = C:\Windows\System32\wbem\Win32_EncryptableVolume.dll"
"19-08-2026 14:10:02","5857","Information","Microsoft-Windows-WMI-Activity","NetAdapterCim provider started with result code 0x0. HostProcess = wmiprvse.exe; ProcessID = 30644; ProviderPath = %systemroot%\system32\wbem\NetAdapterCim.dll"
"19-08-2026 14:09:51","5860","Information","Microsoft-Windows-WMI-Activity","Namespace = root\cimv2; NotificationQuery = SELECT * FROM RegistryValueChangeEvent WHERE Hive = 'HKEY_LOCAL_MACHINE' AND KeyPath = 'SOFTWARE\\Cirrus Logic\\Tunings\\Headset' AND ValueName='CLABP_BLOCKED'; UserName = ENTERPRISE\arjo5004; ClientProcessID = 8692, ClientMachine = LIND55MBVC4; PossibleCause = Temporary"
"19-08-2026 14:09:51","5860","Information","Microsoft-Windows-WMI-Activity","Namespace = root\cimv2; NotificationQuery = SELECT * FROM RegistryValueChangeEvent WHERE Hive = 'HKEY_LOCAL_MACHINE' AND KeyPath = 'SOFTWARE\\Cirrus Logic\\Tunings\\Headset' AND ValueName='CLABP_BLOCKED'; UserName = ENTERPRISE\arjo5004; ClientProcessID = 8692, ClientMachine = LIND55MBVC4; PossibleCause = Temporary"
"19-08-2026 14:09:09","5857","Information","Microsoft-Windows-WMI-Activity","Provider_PlatformBios provider started with result code 0x0. HostProcess = wmiprvse.exe; ProcessID = 5100; ProviderPath = %systemroot%\system32\wbem\wmiprov.dll"
"19-08-2026 14:09:07","5857","Information","Microsoft-Windows-WMI-Activity","WMIProv provider started with result code 0x0. HostProcess = wmiprvse.exe; ProcessID = 6824; ProviderPath = %systemroot%\system32\wbem\wmiprov.dll"
"19-08-2026 14:09:07","5860","Information","Microsoft-Windows-WMI-Activity","Namespace = root\cimv2; NotificationQuery = select * from RegistryValueChangeEvent where Hive='HKEY_USERS' AND KeyPath='S-1-12-1-2357405129-1281513531-255772574-1816207334\\Software\\Microsoft\\Windows\\CurrentVersion\\Internet Settings' AND ValueName='ProxyEnable'; UserName = ENTERPRISE\arjo5004; ClientProcessID = 17568, ClientMachine = LIND55MBVC4; PossibleCause = Temporary"
"19-08-2026 14:09:07","5860","Information","Microsoft-Windows-WMI-Activity","Namespace = root\cimv2; NotificationQuery = select * from RegistryValueChangeEvent where Hive='HKEY_USERS' AND KeyPath='S-1-12-1-2357405129-1281513531-255772574-1816207334\\Software\\Microsoft\\Windows\\CurrentVersion\\Internet Settings' AND ValueName='ProxyServer'; UserName = ENTERPRISE\arjo5004; ClientProcessID = 17568, ClientMachine = LIND55MBVC4; PossibleCause = Temporary"
"19-08-2026 14:09:07","5858","Error","Microsoft-Windows-WMI-Activity","Id = {2B93D335-2230-42AA-9C98-571083BE71CE}; ClientMachine = LIND55MBVC4; User = ENTERPRISE\arjo5004; ClientProcessId = 17568; Component = Unknown; Operation = Start IWbemServices::ExecNotificationQuery - root\cimv2 : select * from RegistryValueChangeEvent where Hive='HKEY_USERS' AND KeyPath='S-1-12-1-2357405129-1281513531-255772574-1816207334\\Software\\Microsoft\\Windows\\CurrentVersion\\Internet Settings' AND ValueName='ProxyEnable'; ResultCode = 0x80041032; PossibleCause = Unknown"
"19-08-2026 14:09:07","5858","Error","Microsoft-Windows-WMI-Activity","Id = {E2695C28-5921-490F-9BB2-0244EF49A5C5}; ClientMachine = LIND55MBVC4; User = ENTERPRISE\arjo5004; ClientProcessId = 17568; Component = Unknown; Operation = Start IWbemServices::ExecNotificationQuery - root\cimv2 : select * from RegistryValueChangeEvent where Hive='HKEY_USERS' AND KeyPath='S-1-12-1-2357405129-1281513531-255772574-1816207334\\Software\\Microsoft\\Windows\\CurrentVersion\\Internet Settings' AND ValueName='ProxyServer'; ResultCode = 0x80041032; PossibleCause = Unknown"
"19-08-2026 14:09:07","5857","Information","Microsoft-Windows-WMI-Activity","VpnClientPSProvider provider started with result code 0x0. HostProcess = wmiprvse.exe; ProcessID = 7000; ProviderPath = %SYSTEMROOT%\System32\wbem\vpnclientpsprovider.dll"
"19-08-2026 14:09:06","5860","Information","Microsoft-Windows-WMI-Activity","Namespace = root\cimv2; NotificationQuery = SELECT * FROM RegistryValueChangeEvent WHERE Hive = 'HKEY_LOCAL_MACHINE' AND KeyPath = 'SOFTWARE\\Cirrus Logic\\Tunings\\DigitalAudioDisplayDevice' AND ValueName='CLABP_BLOCKED'; UserName = ENTERPRISE\arjo5004; ClientProcessID = 8692, ClientMachine = LIND55MBVC4; PossibleCause = Temporary"
"19-08-2026 14:08:37","5857","Information","Microsoft-Windows-WMI-Activity","MSVDS__PROVIDER provider started with result code 0x0. HostProcess = wmiprvse.exe; ProcessID = 7000; ProviderPath = %systemroot%\system32\wbem\vdswmi.dll"
"19-08-2026 14:08:37","5857","Information","Microsoft-Windows-WMI-Activity","StorageWMI provider started with result code 0x0. HostProcess = wmiprvse.exe; ProcessID = 7000; ProviderPath = %SystemRoot%\System32\storagewmi.dll"
"19-08-2026 14:07:44","5857","Information","Microsoft-Windows-WMI-Activity","Win32_EncryptableVolumeProvider provider started with result code 0x0. HostProcess = wmiprvse.exe; ProcessID = 7000; ProviderPath = C:\Windows\System32\wbem\Win32_EncryptableVolume.dll"
"19-08-2026 14:07:40","5858","Error","Microsoft-Windows-WMI-Activity","Id = {52F08055-DDF8-434B-A75B-5E2BAE3C632B}; ClientMachine = LIND55MBVC4; User = NT AUTHORITY\NETWORK SERVICE; ClientProcessId = 9276; Component = Unknown; Operation = Start IWbemServices::ExecQuery - ROOT\StandardCimv2 : SELECT * FROM MSFT_NetAdapterStatisticsSettingData WHERE Name = 'Wi-Fi'; ResultCode = 0x80041032; PossibleCause = Unknown"
"19-08-2026 14:07:38","5858","Error","Microsoft-Windows-WMI-Activity","Id = {646C78F8-CAFC-4EA8-8FA9-2CFAC1165946}; ClientMachine = LIND55MBVC4; User = NT AUTHORITY\NETWORK SERVICE; ClientProcessId = 9276; Component = Unknown; Operation = Start IWbemServices::ExecQuery - ROOT\StandardCimv2 : SELECT * FROM MSFT_NetAdapterStatisticsSettingData WHERE Name = 'Wi-Fi'; ResultCode = 0x80041032; PossibleCause = Unknown"
"19-08-2026 14:07:36","5858","Error","Microsoft-Windows-WMI-Activity","Id = {76F6039E-4FEF-453D-9308-62E642AC109F}; ClientMachine = LIND55MBVC4; User = NT AUTHORITY\NETWORK SERVICE; ClientProcessId = 9276; Component = Unknown; Operation = Start IWbemServices::ExecQuery - ROOT\StandardCimv2 : SELECT * FROM MSFT_NetAdapterStatisticsSettingData WHERE Name = 'Wi-Fi'; ResultCode = 0x80041032; PossibleCause = Unknown"
"19-08-2026 14:07:34","5858","Error","Microsoft-Windows-WMI-Activity","Id = {5A459B29-DE33-459D-B902-6D4FEEEDB044}; ClientMachine = LIND55MBVC4; User = NT AUTHORITY\NETWORK SERVICE; ClientProcessId = 9276; Component = Unknown; Operation = Start IWbemServices::ExecQuery - ROOT\StandardCimv2 : SELECT * FROM MSFT_NetAdapterStatisticsSettingData WHERE Name = 'Wi-Fi'; ResultCode = 0x80041032; PossibleCause = Unknown"
"19-08-2026 14:07:32","5858","Error","Microsoft-Windows-WMI-Activity","Id = {2461B0C2-7815-408E-A36D-56699768F199}; ClientMachine = LIND55MBVC4; User = NT AUTHORITY\NETWORK SERVICE; ClientProcessId = 9276; Component = Unknown; Operation = Start IWbemServices::ExecQuery - ROOT\StandardCimv2 : SELECT * FROM MSFT_NetAdapterStatisticsSettingData WHERE Name = 'Wi-Fi'; ResultCode = 0x80041032; PossibleCause = Unknown"
"19-08-2026 14:07:30","5858","Error","Microsoft-Windows-WMI-Activity","Id = {56D37C46-D8A2-40ED-9490-AFCEB94DE317}; ClientMachine = LIND55MBVC4; User = NT AUTHORITY\NETWORK SERVICE; ClientProcessId = 9276; Component = Unknown; Operation = Start IWbemServices::ExecQuery - ROOT\StandardCimv2 : SELECT * FROM MSFT_NetAdapterStatisticsSettingData WHERE Name = 'Wi-Fi'; ResultCode = 0x80041032; PossibleCause = Unknown"
"19-08-2026 14:07:27","5858","Error","Microsoft-Windows-WMI-Activity","Id = {DA97BBF4-98CF-45DD-B24B-357BEA215B49}; ClientMachine = LIND55MBVC4; User = NT AUTHORITY\NETWORK SERVICE; ClientProcessId = 9276; Component = Unknown; Operation = Start IWbemServices::ExecQuery - ROOT\StandardCimv2 : SELECT * FROM MSFT_NetAdapterStatisticsSettingData WHERE Name = 'Wi-Fi'; ResultCode = 0x80041032; PossibleCause = Unknown"
"19-08-2026 14:07:25","5858","Error","Microsoft-Windows-WMI-Activity","Id = {D8374034-8989-4AE6-9E78-A3AC9AAC2E72}; ClientMachine = LIND55MBVC4; User = NT AUTHORITY\NETWORK SERVICE; ClientProcessId = 9276; Component = Unknown; Operation = Start IWbemServices::ExecQuery - ROOT\StandardCimv2 : SELECT * FROM MSFT_NetAdapterStatisticsSettingData WHERE Name = 'Wi-Fi'; ResultCode = 0x80041032; PossibleCause = Unknown"
"19-08-2026 14:07:23","5858","Error","Microsoft-Windows-WMI-Activity","Id = {8FA3F0A3-2E69-4630-8177-6A093851D8D9}; ClientMachine = LIND55MBVC4; User = NT AUTHORITY\NETWORK SERVICE; ClientProcessId = 9276; Component = Unknown; Operation = Start IWbemServices::ExecQuery - ROOT\StandardCimv2 : SELECT * FROM MSFT_NetAdapterStatisticsSettingData WHERE Name = 'Wi-Fi'; ResultCode = 0x80041032; PossibleCause = Unknown"
"19-08-2026 14:07:21","5858","Error","Microsoft-Windows-WMI-Activity","Id = {C6EE82F5-F5BB-4BA2-9BD0-882E0302FCA6}; ClientMachine = LIND55MBVC4; User = NT AUTHORITY\NETWORK SERVICE; ClientProcessId = 9276; Component = Unknown; Operation = Start IWbemServices::ExecQuery - ROOT\StandardCimv2 : SELECT * FROM MSFT_NetAdapterStatisticsSettingData WHERE Name = 'Wi-Fi'; ResultCode = 0x80041032; PossibleCause = Unknown"
"19-08-2026 14:07:19","5858","Error","Microsoft-Windows-WMI-Activity","Id = {8732B58E-5B09-4EEE-BD53-43F24A9E7FB8}; ClientMachine = LIND55MBVC4; User = NT AUTHORITY\NETWORK SERVICE; ClientProcessId = 9276; Component = Unknown; Operation = Start IWbemServices::ExecQuery - ROOT\StandardCimv2 : SELECT * FROM MSFT_NetAdapterStatisticsSettingData WHERE Name = 'Wi-Fi'; ResultCode = 0x80041032; PossibleCause = Unknown"
"19-08-2026 14:07:17","5858","Error","Microsoft-Windows-WMI-Activity","Id = {FF89786B-C7E9-482F-8F91-4139E5B671B4}; ClientMachine = LIND55MBVC4; User = NT AUTHORITY\NETWORK SERVICE; ClientProcessId = 9276; Component = Unknown; Operation = Start IWbemServices::ExecQuery - ROOT\StandardCimv2 : SELECT * FROM MSFT_NetAdapterStatisticsSettingData WHERE Name = 'Wi-Fi'; ResultCode = 0x80041032; PossibleCause = Unknown"
"19-08-2026 14:07:15","5858","Error","Microsoft-Windows-WMI-Activity","Id = {3DA63178-1D79-4517-9339-9AA1B10B731E}; ClientMachine = LIND55MBVC4; User = NT AUTHORITY\NETWORK SERVICE; ClientProcessId = 9276; Component = Unknown; Operation = Start IWbemServices::ExecQuery - ROOT\StandardCimv2 : SELECT * FROM MSFT_NetAdapterStatisticsSettingData WHERE Name = 'Wi-Fi'; ResultCode = 0x80041032; PossibleCause = Unknown"
"19-08-2026 14:07:13","5858","Error","Microsoft-Windows-WMI-Activity","Id = {A4E47212-B440-4B9B-8674-E948F7B217F8}; ClientMachine = LIND55MBVC4; User = NT AUTHORITY\NETWORK SERVICE; ClientProcessId = 9276; Component = Unknown; Operation = Start IWbemServices::ExecQuery - ROOT\StandardCimv2 : SELECT * FROM MSFT_NetAdapterStatisticsSettingData WHERE Name = 'Wi-Fi'; ResultCode = 0x80041032; PossibleCause = Unknown"
"19-08-2026 14:07:11","5858","Error","Microsoft-Windows-WMI-Activity","Id = {0932F7B9-AC2A-4D50-B3E5-7955956166AF}; ClientMachine = LIND55MBVC4; User = NT AUTHORITY\NETWORK SERVICE; ClientProcessId = 9276; Component = Unknown; Operation = Start IWbemServices::ExecQuery - ROOT\StandardCimv2 : SELECT * FROM MSFT_NetAdapterStatisticsSettingData WHERE Name = 'Wi-Fi'; ResultCode = 0x80041032; PossibleCause = Unknown"
"19-08-2026 14:07:08","5858","Error","Microsoft-Windows-WMI-Activity","Id = {4C0A5AC5-8471-4ABA-B415-2B16AB6D4007}; ClientMachine = LIND55MBVC4; User = NT AUTHORITY\NETWORK SERVICE; ClientProcessId = 9276; Component = Unknown; Operation = Start IWbemServices::ExecQuery - ROOT\StandardCimv2 : SELECT * FROM MSFT_NetAdapterStatisticsSettingData WHERE Name = 'Wi-Fi'; ResultCode = 0x80041032; PossibleCause = Unknown"
"19-08-2026 14:07:06","5858","Error","Microsoft-Windows-WMI-Activity","Id = {DABA85A2-E5B0-45B4-9D4A-D88226E4103C}; ClientMachine = LIND55MBVC4; User = NT AUTHORITY\NETWORK SERVICE; ClientProcessId = 9276; Component = Unknown; Operation = Start IWbemServices::ExecQuery - ROOT\StandardCimv2 : SELECT * FROM MSFT_NetAdapterStatisticsSettingData WHERE Name = 'Wi-Fi'; ResultCode = 0x80041032; PossibleCause = Unknown"
"19-08-2026 14:07:04","5858","Error","Microsoft-Windows-WMI-Activity","Id = {689D1B68-E74A-4E67-9BF7-193FAA013293}; ClientMachine = LIND55MBVC4; User = NT AUTHORITY\NETWORK SERVICE; ClientProcessId = 9276; Component = Unknown; Operation = Start IWbemServices::ExecQuery - ROOT\StandardCimv2 : SELECT * FROM MSFT_NetAdapterStatisticsSettingData WHERE Name = 'Wi-Fi'; ResultCode = 0x80041032; PossibleCause = Unknown"
"19-08-2026 14:07:02","5858","Error","Microsoft-Windows-WMI-Activity","Id = {F6326AC9-98E0-4BE5-9FFC-86EF7187127B}; ClientMachine = LIND55MBVC4; User = NT AUTHORITY\NETWORK SERVICE; ClientProcessId = 9276; Component = Unknown; Operation = Start IWbemServices::ExecQuery - ROOT\StandardCimv2 : SELECT * FROM MSFT_NetAdapterStatisticsSettingData WHERE Name = 'Wi-Fi'; ResultCode = 0x80041032; PossibleCause = Unknown"
"19-08-2026 14:07:00","5858","Error","Microsoft-Windows-WMI-Activity","Id = {C378D6EA-3BC2-4564-898D-15B8F0AD08B3}; ClientMachine = LIND55MBVC4; User = NT AUTHORITY\NETWORK SERVICE; ClientProcessId = 9276; Component = Unknown; Operation = Start IWbemServices::ExecQuery - ROOT\StandardCimv2 : SELECT * FROM MSFT_NetAdapterStatisticsSettingData WHERE Name = 'Wi-Fi'; ResultCode = 0x80041032; PossibleCause = Unknown"
"19-08-2026 14:06:58","5858","Error","Microsoft-Windows-WMI-Activity","Id = {F2EFBDC2-AB14-4E78-A635-7D21FDEC9D98}; ClientMachine = LIND55MBVC4; User = NT AUTHORITY\NETWORK SERVICE; ClientProcessId = 9276; Component = Unknown; Operation = Start IWbemServices::ExecQuery - ROOT\StandardCimv2 : SELECT * FROM MSFT_NetAdapterStatisticsSettingData WHERE Name = 'Wi-Fi'; ResultCode = 0x80041032; PossibleCause = Unknown"
"19-08-2026 14:06:56","5858","Error","Microsoft-Windows-WMI-Activity","Id = {CC63CF62-CD9E-49F8-86A3-1FE390186085}; ClientMachine = LIND55MBVC4; User = NT AUTHORITY\NETWORK SERVICE; ClientProcessId = 9276; Component = Unknown; Operation = Start IWbemServices::ExecQuery - ROOT\StandardCimv2 : SELECT * FROM MSFT_NetAdapterStatisticsSettingData WHERE Name = 'Wi-Fi'; ResultCode = 0x80041032; PossibleCause = Unknown"
"19-08-2026 14:06:54","5858","Error","Microsoft-Windows-WMI-Activity","Id = {F57E7B25-147F-4720-8346-E09E6F9BC629}; ClientMachine = LIND55MBVC4; User = NT AUTHORITY\NETWORK SERVICE; ClientProcessId = 9276; Component = Unknown; Operation = Start IWbemServices::ExecQuery - ROOT\StandardCimv2 : SELECT * FROM MSFT_NetAdapterStatisticsSettingData WHERE Name = 'Wi-Fi'; ResultCode = 0x80041032; PossibleCause = Unknown"
"19-08-2026 14:06:52","5858","Error","Microsoft-Windows-WMI-Activity","Id = {010DF3CF-760A-4FBD-AB4A-70268D657508}; ClientMachine = LIND55MBVC4; User = NT AUTHORITY\NETWORK SERVICE; ClientProcessId = 9276; Component = Unknown; Operation = Start IWbemServices::ExecQuery - ROOT\StandardCimv2 : SELECT * FROM MSFT_NetAdapterStatisticsSettingData WHERE Name = 'Wi-Fi'; ResultCode = 0x80041032; PossibleCause = Unknown"
"19-08-2026 14:06:50","5858","Error","Microsoft-Windows-WMI-Activity","Id = {DC54C2D1-18A5-4E1F-80A5-3016C38372A3}; ClientMachine = LIND55MBVC4; User = NT AUTHORITY\NETWORK SERVICE; ClientProcessId = 9276; Component = Unknown; Operation = Start IWbemServices::ExecQuery - ROOT\StandardCimv2 : SELECT * FROM MSFT_NetAdapterStatisticsSettingData WHERE Name = 'Wi-Fi'; ResultCode = 0x80041032; PossibleCause = Unknown"
"19-08-2026 14:06:47","5858","Error","Microsoft-Windows-WMI-Activity","Id = {87BA3DD0-4BCA-4890-A77A-A3D23EE23914}; ClientMachine = LIND55MBVC4; User = NT AUTHORITY\NETWORK SERVICE; ClientProcessId = 9276; Component = Unknown; Operation = Start IWbemServices::ExecQuery - ROOT\StandardCimv2 : SELECT * FROM MSFT_NetAdapterStatisticsSettingData WHERE Name = 'Wi-Fi'; ResultCode = 0x80041032; PossibleCause = Unknown"
"19-08-2026 14:06:45","5858","Error","Microsoft-Windows-WMI-Activity","Id = {CF18B4CF-C8EC-4587-AABF-229310EC219B}; ClientMachine = LIND55MBVC4; User = NT AUTHORITY\NETWORK SERVICE; ClientProcessId = 9276; Component = Unknown; Operation = Start IWbemServices::ExecQuery - ROOT\StandardCimv2 : SELECT * FROM MSFT_NetAdapterStatisticsSettingData WHERE Name = 'Wi-Fi'; ResultCode = 0x80041032; PossibleCause = Unknown"
"19-08-2026 14:06:43","5858","Error","Microsoft-Windows-WMI-Activity","Id = {D0059FE6-465B-4B99-83D9-D56067B0E64E}; ClientMachine = LIND55MBVC4; User = NT AUTHORITY\NETWORK SERVICE; ClientProcessId = 9276; Component = Unknown; Operation = Start IWbemServices::ExecQuery - ROOT\StandardCimv2 : SELECT * FROM MSFT_NetAdapterStatisticsSettingData WHERE Name = 'Wi-Fi'; ResultCode = 0x80041032; PossibleCause = Unknown"
"19-08-2026 14:06:41","5858","Error","Microsoft-Windows-WMI-Activity","Id = {6C2BAB2B-98A0-48F6-8387-8B41F77C7A4A}; ClientMachine = LIND55MBVC4; User = NT AUTHORITY\NETWORK SERVICE; ClientProcessId = 9276; Component = Unknown; Operation = Start IWbemServices::ExecQuery - ROOT\StandardCimv2 : SELECT * FROM MSFT_NetAdapterStatisticsSettingData WHERE Name = 'Wi-Fi'; ResultCode = 0x80041032; PossibleCause = Unknown"
"19-08-2026 14:06:39","5858","Error","Microsoft-Windows-WMI-Activity","Id = {E19D9751-FBC7-411D-919C-2809C1745963}; ClientMachine = LIND55MBVC4; User = NT AUTHORITY\NETWORK SERVICE; ClientProcessId = 9276; Component = Unknown; Operation = Start IWbemServices::ExecQuery - ROOT\StandardCimv2 : SELECT * FROM MSFT_NetAdapterStatisticsSettingData WHERE Name = 'Wi-Fi'; ResultCode = 0x80041032; PossibleCause = Unknown"
"19-08-2026 14:06:37","5858","Error","Microsoft-Windows-WMI-Activity","Id = {33B4F912-8140-45CE-9F15-7D28F734D216}; ClientMachine = LIND55MBVC4; User = NT AUTHORITY\NETWORK SERVICE; ClientProcessId = 9276; Component = Unknown; Operation = Start IWbemServices::ExecQuery - ROOT\StandardCimv2 : SELECT * FROM MSFT_NetAdapterStatisticsSettingData WHERE Name = 'Wi-Fi'; ResultCode = 0x80041032; PossibleCause = Unknown"
"19-08-2026 14:06:35","5858","Error","Microsoft-Windows-WMI-Activity","Id = {3A266305-318C-4F0A-BE75-3D1D4DFEA1D5}; ClientMachine = LIND55MBVC4; User = NT AUTHORITY\NETWORK SERVICE; ClientProcessId = 9276; Component = Unknown; Operation = Start IWbemServices::ExecQuery - ROOT\StandardCimv2 : SELECT * FROM MSFT_NetAdapterStatisticsSettingData WHERE Name = 'Wi-Fi'; ResultCode = 0x80041032; PossibleCause = Unknown"
