"18-06-2026 09:19:12","10","Information","Microsoft-Windows-Provisioning-Diagnostics-Provider","Configuring ProvXML with category 'PowerSettings'.

ProvXML data:
MCSF/Power/Policy/Settings/Processor/SchemePersonality/381b4222-f694-41f0-9685-ff5bb260df2e/0aabb002-a307-447e-9b81-1d819df6c6d0/PerfDecreaseThreshold/AcValueMCSF/Power/Policy/Settings/Processor/SchemePersonality/381b4222-f694-41f0-9685-ff5bb260df2e/0aabb002-a307-447e-9b81-1d819df6c6d0/PerfDecreaseThreshold/DcValueMCSF/Power/Policy/Settings/Processor/SchemePersonality/381b4222-f694-41f0-9685-ff5bb260df2e/0aabb002-a307-447e-9b81-1d819df6c6d0/PerfEnergyPreference/AcValueMCSF/Power/Policy/Settings/Processor/SchemePersonality/381b4222-f694-41f0-9685-ff5bb260df2e/0aabb002-a307-447e-9b81-1d819df6c6d0/PerfEnergyPreference/DcValueMCSF/Power/Policy/Settings/Processor/SchemePersonality/381b4222-f694-41f0-9685-ff5bb260df2e/0aabb002-a307-447e-9b81-1d819df6c6d0/PerfIncreasePolicy/AcValueMCSF/Power/Policy/Settings/Processor/SchemePersonality/381b4222-f694-41f0-9685-ff5bb260df2e/0aabb002-a307-447e-9b81-1d819df6c6d0/PerfIncreasePolicy/DcValueMCSF/Power/Policy/Settings/Processor/SchemePersonality/381b4222-f694-41f0-9685-ff5bb260df2e/0aabb002-a307-447e-9b81-1d819df6c6d0/PerfIncreaseThreshold/AcValueMCSF/Power/Policy/Settings/Processor/SchemePersonality/381b4222-f694-41f0-9685-ff5bb260df2e/0aabb002-a307-447e-9b81-1d819df6c6d0/PerfIncreaseThreshold/DcValue"
"18-06-2026 09:19:11","11","Information","Microsoft-Windows-Provisioning-Diagnostics-Provider","ProvXML category 'PowerSettings' completed successfully. Provisioning succeeded"
"18-06-2026 09:18:01","11","Information","Microsoft-Windows-Provisioning-Diagnostics-Provider","ProvXML category 'PowerSettings' completed successfully. Provisioning succeeded"
"18-06-2026 09:17:59","10","Information","Microsoft-Windows-Provisioning-Diagnostics-Provider","Configuring ProvXML with category 'PowerSettings'.

ProvXML data:
MCSF/Power/Policy/Settings/Processor/SchemePersonality/ded574b5-45a0-4f42-8737-46345c09c238/DefaultPowerSchemeValues/PerfDecreaseThreshold/AcValueMCSF/Power/Policy/Settings/Processor/SchemePersonality/ded574b5-45a0-4f42-8737-46345c09c238/DefaultPowerSchemeValues/PerfEnergyPreference/AcValueMCSF/Power/Policy/Settings/Processor/SchemePersonality/ded574b5-45a0-4f42-8737-46345c09c238/DefaultPowerSchemeValues/PerfIncreasePolicy/AcValueMCSF/Power/Policy/Settings/Processor/SchemePersonality/ded574b5-45a0-4f42-8737-46345c09c238/DefaultPowerSchemeValues/PerfIncreaseThreshold/AcValue"
"18-06-2026 09:17:59","11","Information","Microsoft-Windows-Provisioning-Diagnostics-Provider","ProvXML category 'PowerSettings' completed successfully. Provisioning succeeded"
"18-06-2026 09:17:57","10","Information","Microsoft-Windows-Provisioning-Diagnostics-Provider","Configuring ProvXML with category 'PowerSettings'.

ProvXML data:
MCSF/Power/Policy/Settings/Processor/SchemePersonality/381b4222-f694-41f0-9685-ff5bb260df2e/8bc6262c-c026-411d-ae3b-7e2f70811a13/PerfBoostMode/AcValueMCSF/Power/Policy/Settings/Processor/SchemePersonality/381b4222-f694-41f0-9685-ff5bb260df2e/8bc6262c-c026-411d-ae3b-7e2f70811a13/PerfBoostMode/DcValueMCSF/Power/Policy/Settings/Processor/SchemePersonality/381b4222-f694-41f0-9685-ff5bb260df2e/8bc6262c-c026-411d-ae3b-7e2f70811a13/PerfEnergyPreference/AcValueMCSF/Power/Policy/Settings/Processor/SchemePersonality/381b4222-f694-41f0-9685-ff5bb260df2e/8bc6262c-c026-411d-ae3b-7e2f70811a13/PerfEnergyPreference/DcValueMCSF/Power/Policy/Settings/Processor/SchemePersonality/381b4222-f694-41f0-9685-ff5bb260df2e/ee1e4f72-e368-46b1-b3c6-5048b11c2dbd/PerfEnergyPreference/DcValueMCSF/Power/Policy/Settings/Processor/SchemePersonality/961cc777-2547-4f9d-8174-7d86181b8a7a/DefaultPowerSchemeValues/PerfEnergyPreference/DcValueMCSF/Power/Policy/Settings/Processor/SchemePersonality/ded574b5-45a0-4f42-8737-46345c09c238/DefaultPowerSchemeValues/PerfDecreaseThreshold/DcValueMCSF/Power/Policy/Settings/Processor/SchemePersonality/ded574b5-45a0-4f42-8737-46345c09c238/DefaultPowerSchemeValues/PerfEnergyPreference/DcValueMCSF/Power/Policy/Settings/Processor/SchemePersonality/ded574b5-45a0-4f42-8737-46345c09c238/DefaultPowerSchemeValues/PerfIncreasePolicy/DcValueMCSF/Power/Policy/Settings/Processor/SchemePersonality/ded574b5-45a0-4f42-8737-46345c09c238/DefaultPowerSchemeValues/PerfIncreaseThreshold/DcValue"
"18-06-2026 09:17:57","11","Information","Microsoft-Windows-Provisioning-Diagnostics-Provider","ProvXML category 'PowerSettings' completed successfully. Provisioning succeeded"
"18-06-2026 09:17:55","10","Information","Microsoft-Windows-Provisioning-Diagnostics-Provider","Configuring ProvXML with category 'PowerSettings'.

ProvXML data:
MCSF/Power/Policy/Settings/Processor/SchemePersonality/381b4222-f694-41f0-9685-ff5bb260df2e/DefaultPowerSchemeValues/CPMinCores/AcValueMCSF/Power/Policy/Settings/Processor/SchemePersonality/381b4222-f694-41f0-9685-ff5bb260df2e/DefaultPowerSchemeValues/CPMinCores/DcValueMCSF/Power/Policy/Settings/Processor/SchemePersonality/381b4222-f694-41f0-9685-ff5bb260df2e/DefaultPowerSchemeValues/ModuleUnparkPolicy/AcValueMCSF/Power/Policy/Settings/Processor/SchemePersonality/381b4222-f694-41f0-9685-ff5bb260df2e/DefaultPowerSchemeValues/ModuleUnparkPolicy/DcValueMCSF/Power/Policy/Settings/Processor/SchemePersonality/381b4222-f694-41f0-9685-ff5bb260df2e/DefaultPowerSchemeValues/PerfAutonomousMode/AcValueMCSF/Power/Policy/Settings/Processor/SchemePersonality/381b4222-f694-41f0-9685-ff5bb260df2e/DefaultPowerSchemeValues/PerfAutonomousMode/DcValueMCSF/Power/Policy/Settings/Processor/SchemePersonality/8c5e7fda-e8bf-4a96-9a85-a6e23a8c635c/DefaultPowerSchemeValues/ModuleUnparkPolicy/AcValueMCSF/Power/Policy/Settings/Processor/SchemePersonality/8c5e7fda-e8bf-4a96-9a85-a6e23a8c635c/DefaultPowerSchemeValues/ModuleUnparkPolicy/DcValueMCSF/Power/Policy/Settings/Processor/SchemePersonality/8c5e7fda-e8bf-4a96-9a85-a6e23a8c635c/DefaultPowerSchemeValues/PerfAutonomousMode/AcValueMCSF/Power/Policy/Settings/Processor/SchemePersonality/8c5e7fda-e8bf-4a96-9a85-a6e23a8c635c/DefaultPowerSchemeValues/PerfAutonomousMode/DcValueMCSF/Power/Policy/Settings/Processor/SchemePersonality/a1841308-3541-4fab-bc81-f71556f20b4a/DefaultPowerSchemeValues/CPMinCores/AcValueMCSF/Power/Policy/Settings/Processor/SchemePersonality/a1841308-3541-4fab-bc81-f71556f20b4a/DefaultPowerSchemeValues/CPMinCores/DcValueMCSF/Power/Policy/Settings/Processor/SchemePersonality/a1841308-3541-4fab-bc81-f71556f20b4a/DefaultPowerSchemeValues/ModuleUnparkPolicy/AcValueMCSF/Power/Policy/Settings/Processor/SchemePersonality/a1841308-3541-4fab-bc81-f71556f20b4a/DefaultPowerSchemeValues/ModuleUnparkPolicy/DcValueMCSF/Power/Policy/Settings/Processor/SchemePersonality/a1841308-3541-4fab-bc81-f71556f20b4a/DefaultPowerSchemeValues/PerfAutonomousMode/AcValueMCSF/Power/Policy/Settings/Processor/SchemePersonality/a1841308-3541-4fab-bc81-f71556f20b4a/DefaultPowerSchemeValues/PerfAutonomousMode/DcValue"
"18-06-2026 09:17:55","91","Information","Microsoft-Windows-Provisioning-Diagnostics-Provider","RegisterForCspAlerts succeeded. EnrollmentId = {fc01e91f-914c-45af-9d7c-0b2e5fbedf64}."
"18-06-2026 09:17:55","20","Information","Microsoft-Windows-Provisioning-Diagnostics-Provider","Applying package 'Microsoft.Windows.Cosa.Desktop.Client.ppkg' ID: {c8a326e4-f518-4f14-b543-97a57e1a975e}."
"18-06-2026 09:17:55","20","Information","Microsoft-Windows-Provisioning-Diagnostics-Provider","Applying package 'SecureStart.Settings.ppkg' ID: {eb7d7f2f-3b77-4b87-b301-fd0d336f709a}."
"18-06-2026 09:17:55","20","Information","Microsoft-Windows-Provisioning-Diagnostics-Provider","Applying package 'PPM-Win11-24H2-ARL.Corp-v2025.0702122400.0b23d2b.ppkg' ID: {6298f460-b760-45e0-944d-069a6f1385f8}."
"18-06-2026 09:17:55","20","Information","Microsoft-Windows-Provisioning-Diagnostics-Provider","Applying package 'Power.Settings.Sleep.ppkg' ID: {3742e5e8-6d9d-473b-99a6-8ecc0f43548a}."
"18-06-2026 09:17:55","20","Information","Microsoft-Windows-Provisioning-Diagnostics-Provider","Applying package 'Power.Settings.Processor.ppkg' ID: {fc01e91f-914c-45af-9d7c-0b2e5fbedf62}."
"18-06-2026 09:17:55","20","Information","Microsoft-Windows-Provisioning-Diagnostics-Provider","Applying package 'Power.Settings.Processor.Intel.ppkg' ID: {fc01e91f-914c-45af-9d7c-0b2e5fbedf64}."
"18-06-2026 09:17:54","20","Information","Microsoft-Windows-Provisioning-Diagnostics-Provider","Applying package 'Power.Settings.Processor.Amd.ppkg' ID: {fc01e91f-914c-45af-9d7c-0b2e5fbedf63}."
"18-06-2026 09:17:54","20","Information","Microsoft-Windows-Provisioning-Diagnostics-Provider","Applying package 'Power.Settings.PCIExpress.ppkg' ID: {268c43e1-aa2b-4036-86ef-8cda98a0c2fe}."
"18-06-2026 09:17:54","20","Information","Microsoft-Windows-Provisioning-Diagnostics-Provider","Applying package 'Power.Settings.IdleResiliency.ppkg' ID: {f11899f2-71ec-4621-9997-e17ae2f6eb26}."
"18-06-2026 09:17:54","20","Information","Microsoft-Windows-Provisioning-Diagnostics-Provider","Applying package 'Power.Settings.Graphics.ppkg' ID: {bf56ce5a-946b-45b5-858a-1794eb0125e2}."
"18-06-2026 09:17:54","20","Information","Microsoft-Windows-Provisioning-Diagnostics-Provider","Applying package 'Power.Settings.Display.ppkg' ID: {23cb517f-5073-4e96-a202-7fe6122a2271}."
"18-06-2026 09:17:54","20","Information","Microsoft-Windows-Provisioning-Diagnostics-Provider","Applying package 'Power.Settings.Disk.ppkg' ID: {9df6a4ed-fc16-48bf-8b24-6e2ad2bfcfea}."
"18-06-2026 09:17:54","20","Information","Microsoft-Windows-Provisioning-Diagnostics-Provider","Applying package 'Power.Settings.Control.ppkg' ID: {5f568920-10ad-4dc0-a97e-b78a3255c351}."
"18-06-2026 09:17:54","20","Information","Microsoft-Windows-Provisioning-Diagnostics-Provider","Applying package 'Power.Settings.Button.ppkg' ID: {18dcffd4-37d6-4bc6-87e0-4266fdbb8e49}."
"18-06-2026 09:17:54","20","Information","Microsoft-Windows-Provisioning-Diagnostics-Provider","Applying package 'Power.Settings.Battery.ppkg' ID: {7a30a9be-737f-47a1-a541-6e7b0761ed19}."
"18-06-2026 09:17:54","20","Information","Microsoft-Windows-Provisioning-Diagnostics-Provider","Applying package 'Power.EnergyEstimationEngine.Wifi.ppkg' ID: {b0b9123d-7d7f-4c6b-9973-ceced46f2a09}."
"18-06-2026 09:17:54","20","Information","Microsoft-Windows-Provisioning-Diagnostics-Provider","Applying package 'Power.EnergyEstimationEngine.Telemetry.ppkg' ID: {8fb7d64e-70fc-4f9d-89ee-d486817534df}."
"18-06-2026 09:17:54","20","Information","Microsoft-Windows-Provisioning-Diagnostics-Provider","Applying package 'Power.EnergyEstimationEngine.Storage.ppkg' ID: {9aec5bda-1e87-46b3-bb96-1a01c606555e}."
"18-06-2026 09:17:54","20","Information","Microsoft-Windows-Provisioning-Diagnostics-Provider","Applying package 'Power.EnergyEstimationEngine.StandbyActivation.ppkg' ID: {8d196d7f-3eef-48ad-8bea-be749f12d3ad}."
"18-06-2026 09:17:54","20","Information","Microsoft-Windows-Provisioning-Diagnostics-Provider","Applying package 'Power.EnergyEstimationEngine.MBB.ppkg' ID: {99b095d8-5959-4820-bea7-7448c8427b4e}."
"18-06-2026 09:17:54","20","Information","Microsoft-Windows-Provisioning-Diagnostics-Provider","Applying package 'Power.EnergyEstimationEngine.Display.ppkg' ID: {ee4aac98-c174-4941-82b1-d121e493e4fb}."
"18-06-2026 09:17:54","20","Information","Microsoft-Windows-Provisioning-Diagnostics-Provider","Applying package 'Power.EnergyEstimationEngine.CPU.ppkg' ID: {c5dc3753-b6c8-4057-b396-bf13d769311c}."
"18-06-2026 09:17:54","20","Information","Microsoft-Windows-Provisioning-Diagnostics-Provider","Applying package 'Power.EnergyEstimationEngine.Control.ppkg' ID: {1e05dd5d-a022-46c5-963c-b20de341170f}."
"18-06-2026 09:17:54","20","Information","Microsoft-Windows-Provisioning-Diagnostics-Provider","Applying package 'Dell.Power.Performance.Intel.ppkg' ID: {14a95970-b75d-4fec-9d4c-309d1052444e}."
"18-06-2026 09:17:53","90","Information","Microsoft-Windows-Provisioning-Diagnostics-Provider","Settings detail.
source = LogonIdleTask.
packageIdToDelete = <Not Present>.
packagePathsToAdd = <Not Present>."
"16-06-2026 11:16:08","20","Information","Microsoft-Windows-Provisioning-Diagnostics-Provider","Applying package 'Microsoft.Windows.Cosa.Desktop.Client.ppkg' ID: {c8a326e4-f518-4f14-b543-97a57e1a975e}."
"16-06-2026 11:16:08","20","Information","Microsoft-Windows-Provisioning-Diagnostics-Provider","Applying package 'SecureStart.Settings.ppkg' ID: {eb7d7f2f-3b77-4b87-b301-fd0d336f709a}."
"16-06-2026 11:16:08","20","Information","Microsoft-Windows-Provisioning-Diagnostics-Provider","Applying package 'PPM-Win11-24H2-ARL.Corp-v2025.0702122400.0b23d2b.ppkg' ID: {6298f460-b760-45e0-944d-069a6f1385f8}."
"16-06-2026 11:16:08","20","Information","Microsoft-Windows-Provisioning-Diagnostics-Provider","Applying package 'Power.Settings.Sleep.ppkg' ID: {3742e5e8-6d9d-473b-99a6-8ecc0f43548a}."
"16-06-2026 11:16:08","20","Information","Microsoft-Windows-Provisioning-Diagnostics-Provider","Applying package 'Power.Settings.Processor.ppkg' ID: {fc01e91f-914c-45af-9d7c-0b2e5fbedf62}."
"16-06-2026 11:16:08","20","Information","Microsoft-Windows-Provisioning-Diagnostics-Provider","Applying package 'Power.Settings.Processor.Intel.ppkg' ID: {fc01e91f-914c-45af-9d7c-0b2e5fbedf64}."
"16-06-2026 11:16:08","20","Information","Microsoft-Windows-Provisioning-Diagnostics-Provider","Applying package 'Power.Settings.Processor.Amd.ppkg' ID: {fc01e91f-914c-45af-9d7c-0b2e5fbedf63}."
"16-06-2026 11:16:08","20","Information","Microsoft-Windows-Provisioning-Diagnostics-Provider","Applying package 'Power.Settings.PCIExpress.ppkg' ID: {268c43e1-aa2b-4036-86ef-8cda98a0c2fe}."
"16-06-2026 11:16:08","20","Information","Microsoft-Windows-Provisioning-Diagnostics-Provider","Applying package 'Power.Settings.IdleResiliency.ppkg' ID: {f11899f2-71ec-4621-9997-e17ae2f6eb26}."
"16-06-2026 11:16:08","20","Information","Microsoft-Windows-Provisioning-Diagnostics-Provider","Applying package 'Power.Settings.Graphics.ppkg' ID: {bf56ce5a-946b-45b5-858a-1794eb0125e2}."
"16-06-2026 11:16:08","20","Information","Microsoft-Windows-Provisioning-Diagnostics-Provider","Applying package 'Power.Settings.Display.ppkg' ID: {23cb517f-5073-4e96-a202-7fe6122a2271}."
"16-06-2026 11:16:08","20","Information","Microsoft-Windows-Provisioning-Diagnostics-Provider","Applying package 'Power.Settings.Disk.ppkg' ID: {9df6a4ed-fc16-48bf-8b24-6e2ad2bfcfea}."
"16-06-2026 11:16:08","20","Information","Microsoft-Windows-Provisioning-Diagnostics-Provider","Applying package 'Power.Settings.Control.ppkg' ID: {5f568920-10ad-4dc0-a97e-b78a3255c351}."
"16-06-2026 11:16:08","20","Information","Microsoft-Windows-Provisioning-Diagnostics-Provider","Applying package 'Power.Settings.Button.ppkg' ID: {18dcffd4-37d6-4bc6-87e0-4266fdbb8e49}."
"16-06-2026 11:16:08","20","Information","Microsoft-Windows-Provisioning-Diagnostics-Provider","Applying package 'Power.Settings.Battery.ppkg' ID: {7a30a9be-737f-47a1-a541-6e7b0761ed19}."
"16-06-2026 11:16:08","20","Information","Microsoft-Windows-Provisioning-Diagnostics-Provider","Applying package 'Power.EnergyEstimationEngine.Wifi.ppkg' ID: {b0b9123d-7d7f-4c6b-9973-ceced46f2a09}."
"16-06-2026 11:16:08","20","Information","Microsoft-Windows-Provisioning-Diagnostics-Provider","Applying package 'Power.EnergyEstimationEngine.Telemetry.ppkg' ID: {8fb7d64e-70fc-4f9d-89ee-d486817534df}."
"16-06-2026 11:16:08","20","Information","Microsoft-Windows-Provisioning-Diagnostics-Provider","Applying package 'Power.EnergyEstimationEngine.Storage.ppkg' ID: {9aec5bda-1e87-46b3-bb96-1a01c606555e}."
"16-06-2026 11:16:08","20","Information","Microsoft-Windows-Provisioning-Diagnostics-Provider","Applying package 'Power.EnergyEstimationEngine.StandbyActivation.ppkg' ID: {8d196d7f-3eef-48ad-8bea-be749f12d3ad}."
"16-06-2026 11:16:08","20","Information","Microsoft-Windows-Provisioning-Diagnostics-Provider","Applying package 'Power.EnergyEstimationEngine.MBB.ppkg' ID: {99b095d8-5959-4820-bea7-7448c8427b4e}."
"16-06-2026 11:16:08","20","Information","Microsoft-Windows-Provisioning-Diagnostics-Provider","Applying package 'Power.EnergyEstimationEngine.Display.ppkg' ID: {ee4aac98-c174-4941-82b1-d121e493e4fb}."
"16-06-2026 11:16:08","20","Information","Microsoft-Windows-Provisioning-Diagnostics-Provider","Applying package 'Power.EnergyEstimationEngine.CPU.ppkg' ID: {c5dc3753-b6c8-4057-b396-bf13d769311c}."
"16-06-2026 11:16:08","20","Information","Microsoft-Windows-Provisioning-Diagnostics-Provider","Applying package 'Power.EnergyEstimationEngine.Control.ppkg' ID: {1e05dd5d-a022-46c5-963c-b20de341170f}."
"16-06-2026 11:16:08","20","Information","Microsoft-Windows-Provisioning-Diagnostics-Provider","Applying package 'Dell.Power.Performance.Intel.ppkg' ID: {14a95970-b75d-4fec-9d4c-309d1052444e}."
"16-06-2026 11:16:06","90","Information","Microsoft-Windows-Provisioning-Diagnostics-Provider","Settings detail.
source = LogonIdleTask.
packageIdToDelete = <Not Present>.
packagePathsToAdd = <Not Present>."
"12-06-2026 10:54:17","90","Information","Microsoft-Windows-Provisioning-Diagnostics-Provider","Settings detail.
source = LogonIdleTask.
packageIdToDelete = <Not Present>.
packagePathsToAdd = <Not Present>."
"08-06-2026 20:47:39","20","Information","Microsoft-Windows-Provisioning-Diagnostics-Provider","Applying package 'Microsoft.Windows.Cosa.Desktop.Client.ppkg' ID: {c8a326e4-f518-4f14-b543-97a57e1a975e}."
"08-06-2026 20:47:39","20","Information","Microsoft-Windows-Provisioning-Diagnostics-Provider","Applying package 'SecureStart.Settings.ppkg' ID: {eb7d7f2f-3b77-4b87-b301-fd0d336f709a}."
"08-06-2026 20:47:39","20","Information","Microsoft-Windows-Provisioning-Diagnostics-Provider","Applying package 'PPM-Win11-24H2-ARL.Corp-v2025.0702122400.0b23d2b.ppkg' ID: {6298f460-b760-45e0-944d-069a6f1385f8}."
"08-06-2026 20:47:39","20","Information","Microsoft-Windows-Provisioning-Diagnostics-Provider","Applying package 'Power.Settings.Sleep.ppkg' ID: {3742e5e8-6d9d-473b-99a6-8ecc0f43548a}."
"08-06-2026 20:47:39","20","Information","Microsoft-Windows-Provisioning-Diagnostics-Provider","Applying package 'Power.Settings.Processor.ppkg' ID: {fc01e91f-914c-45af-9d7c-0b2e5fbedf62}."
"08-06-2026 20:47:39","20","Information","Microsoft-Windows-Provisioning-Diagnostics-Provider","Applying package 'Power.Settings.Processor.Intel.ppkg' ID: {fc01e91f-914c-45af-9d7c-0b2e5fbedf64}."
"08-06-2026 20:47:39","20","Information","Microsoft-Windows-Provisioning-Diagnostics-Provider","Applying package 'Power.Settings.Processor.Amd.ppkg' ID: {fc01e91f-914c-45af-9d7c-0b2e5fbedf63}."
"08-06-2026 20:47:39","20","Information","Microsoft-Windows-Provisioning-Diagnostics-Provider","Applying package 'Power.Settings.PCIExpress.ppkg' ID: {268c43e1-aa2b-4036-86ef-8cda98a0c2fe}."
"08-06-2026 20:47:39","20","Information","Microsoft-Windows-Provisioning-Diagnostics-Provider","Applying package 'Power.Settings.IdleResiliency.ppkg' ID: {f11899f2-71ec-4621-9997-e17ae2f6eb26}."
"08-06-2026 20:47:39","20","Information","Microsoft-Windows-Provisioning-Diagnostics-Provider","Applying package 'Power.Settings.Graphics.ppkg' ID: {bf56ce5a-946b-45b5-858a-1794eb0125e2}."
"08-06-2026 20:47:39","20","Information","Microsoft-Windows-Provisioning-Diagnostics-Provider","Applying package 'Power.Settings.Display.ppkg' ID: {23cb517f-5073-4e96-a202-7fe6122a2271}."
"08-06-2026 20:47:39","20","Information","Microsoft-Windows-Provisioning-Diagnostics-Provider","Applying package 'Power.Settings.Disk.ppkg' ID: {9df6a4ed-fc16-48bf-8b24-6e2ad2bfcfea}."
"08-06-2026 20:47:39","20","Information","Microsoft-Windows-Provisioning-Diagnostics-Provider","Applying package 'Power.Settings.Control.ppkg' ID: {5f568920-10ad-4dc0-a97e-b78a3255c351}."
"08-06-2026 20:47:39","20","Information","Microsoft-Windows-Provisioning-Diagnostics-Provider","Applying package 'Power.Settings.Button.ppkg' ID: {18dcffd4-37d6-4bc6-87e0-4266fdbb8e49}."
"08-06-2026 20:47:39","20","Information","Microsoft-Windows-Provisioning-Diagnostics-Provider","Applying package 'Power.Settings.Battery.ppkg' ID: {7a30a9be-737f-47a1-a541-6e7b0761ed19}."
"08-06-2026 20:47:39","20","Information","Microsoft-Windows-Provisioning-Diagnostics-Provider","Applying package 'Power.EnergyEstimationEngine.Wifi.ppkg' ID: {b0b9123d-7d7f-4c6b-9973-ceced46f2a09}."
"08-06-2026 20:47:39","20","Information","Microsoft-Windows-Provisioning-Diagnostics-Provider","Applying package 'Power.EnergyEstimationEngine.Telemetry.ppkg' ID: {8fb7d64e-70fc-4f9d-89ee-d486817534df}."
"08-06-2026 20:47:39","20","Information","Microsoft-Windows-Provisioning-Diagnostics-Provider","Applying package 'Power.EnergyEstimationEngine.Storage.ppkg' ID: {9aec5bda-1e87-46b3-bb96-1a01c606555e}."
"08-06-2026 20:47:39","20","Information","Microsoft-Windows-Provisioning-Diagnostics-Provider","Applying package 'Power.EnergyEstimationEngine.StandbyActivation.ppkg' ID: {8d196d7f-3eef-48ad-8bea-be749f12d3ad}."
"08-06-2026 20:47:39","20","Information","Microsoft-Windows-Provisioning-Diagnostics-Provider","Applying package 'Power.EnergyEstimationEngine.MBB.ppkg' ID: {99b095d8-5959-4820-bea7-7448c8427b4e}."
"08-06-2026 20:47:39","20","Information","Microsoft-Windows-Provisioning-Diagnostics-Provider","Applying package 'Power.EnergyEstimationEngine.Display.ppkg' ID: {ee4aac98-c174-4941-82b1-d121e493e4fb}."
"08-06-2026 20:47:39","20","Information","Microsoft-Windows-Provisioning-Diagnostics-Provider","Applying package 'Power.EnergyEstimationEngine.CPU.ppkg' ID: {c5dc3753-b6c8-4057-b396-bf13d769311c}."
"08-06-2026 20:47:39","20","Information","Microsoft-Windows-Provisioning-Diagnostics-Provider","Applying package 'Power.EnergyEstimationEngine.Control.ppkg' ID: {1e05dd5d-a022-46c5-963c-b20de341170f}."
"08-06-2026 20:47:39","20","Information","Microsoft-Windows-Provisioning-Diagnostics-Provider","Applying package 'Dell.Power.Performance.Intel.ppkg' ID: {14a95970-b75d-4fec-9d4c-309d1052444e}."
"08-06-2026 20:47:37","90","Information","Microsoft-Windows-Provisioning-Diagnostics-Provider","Settings detail.
source = LogonIdleTask.
packageIdToDelete = <Not Present>.
packagePathsToAdd = <Not Present>."
"08-06-2026 16:49:26","11","Information","Microsoft-Windows-Provisioning-Diagnostics-Provider","ProvXML category 'PowerSettings' completed successfully. Provisioning succeeded"
"08-06-2026 16:49:25","10","Information","Microsoft-Windows-Provisioning-Diagnostics-Provider","Configuring ProvXML with category 'PowerSettings'.

ProvXML data:
MCSF/Power/Policy/Settings/Processor/SchemePersonality/381b4222-f694-41f0-9685-ff5bb260df2e/336c7511-f109-4172-bb3a-3ea51f815ada/SchedulingPolicy/AcValueMCSF/Power/Policy/Settings/Processor/SchemePersonality/381b4222-f694-41f0-9685-ff5bb260df2e/336c7511-f109-4172-bb3a-3ea51f815ada/SchedulingPolicy/DcValueMCSF/Power/Policy/Settings/Processor/SchemePersonality/381b4222-f694-41f0-9685-ff5bb260df2e/336c7511-f109-4172-bb3a-3ea51f815ada/ShortSchedulingPolicy/AcValueMCSF/Power/Policy/Settings/Processor/SchemePersonality/381b4222-f694-41f0-9685-ff5bb260df2e/336c7511-f109-4172-bb3a-3ea51f815ada/ShortSchedulingPolicy/DcValueMCSF/Power/Policy/Settings/Processor/SchemePersonality/381b4222-f694-41f0-9685-ff5bb260df2e/33cc3a0d-45ee-43ca-86c4-695bfc9a313b/SchedulingPolicy/AcValueMCSF/Power/Policy/Settings/Processor/SchemePersonality/381b4222-f694-41f0-9685-ff5bb260df2e/33cc3a0d-45ee-43ca-86c4-695bfc9a313b/SchedulingPolicy/DcValueMCSF/Power/Policy/Settings/Processor/SchemePersonality/381b4222-f694-41f0-9685-ff5bb260df2e/33cc3a0d-45ee-43ca-86c4-695bfc9a313b/ShortSchedulingPolicy/AcValueMCSF/Power/Policy/Settings/Processor/SchemePersonality/381b4222-f694-41f0-9685-ff5bb260df2e/33cc3a0d-45ee-43ca-86c4-695bfc9a313b/ShortSchedulingPolicy/DcValue"
"08-06-2026 16:49:25","91","Information","Microsoft-Windows-Provisioning-Diagnostics-Provider","RegisterForCspAlerts succeeded. EnrollmentId = {14a95970-b75d-4fec-9d4c-309d1052444e}."
"08-06-2026 16:49:25","20","Information","Microsoft-Windows-Provisioning-Diagnostics-Provider","Applying package 'Dell.Power.Performance.Intel.ppkg' ID: {14a95970-b75d-4fec-9d4c-309d1052444e}."
"08-06-2026 16:49:25","90","Information","Microsoft-Windows-Provisioning-Diagnostics-Provider","Settings detail.
source = <Not Present>.
packageIdToDelete = <Not Present>.
packagePathsToAdd = <Not Present>."
"08-06-2026 16:49:24","20","Information","Microsoft-Windows-Provisioning-Diagnostics-Provider","Applying package 'Microsoft.Windows.Cosa.Desktop.Client.ppkg' ID: {c8a326e4-f518-4f14-b543-97a57e1a975e}."
"08-06-2026 16:49:24","20","Information","Microsoft-Windows-Provisioning-Diagnostics-Provider","Applying package 'SecureStart.Settings.ppkg' ID: {eb7d7f2f-3b77-4b87-b301-fd0d336f709a}."
"08-06-2026 16:49:24","20","Information","Microsoft-Windows-Provisioning-Diagnostics-Provider","Applying package 'PPM-Win11-24H2-ARL.Corp-v2025.0702122400.0b23d2b.ppkg' ID: {6298f460-b760-45e0-944d-069a6f1385f8}."
"08-06-2026 16:49:24","20","Information","Microsoft-Windows-Provisioning-Diagnostics-Provider","Applying package 'Power.Settings.Sleep.ppkg' ID: {3742e5e8-6d9d-473b-99a6-8ecc0f43548a}."
"08-06-2026 16:49:24","20","Information","Microsoft-Windows-Provisioning-Diagnostics-Provider","Applying package 'Power.Settings.Processor.ppkg' ID: {fc01e91f-914c-45af-9d7c-0b2e5fbedf62}."
"08-06-2026 16:49:24","20","Information","Microsoft-Windows-Provisioning-Diagnostics-Provider","Applying package 'Power.Settings.Processor.Intel.ppkg' ID: {fc01e91f-914c-45af-9d7c-0b2e5fbedf64}."
"08-06-2026 16:49:24","20","Information","Microsoft-Windows-Provisioning-Diagnostics-Provider","Applying package 'Power.Settings.Processor.Amd.ppkg' ID: {fc01e91f-914c-45af-9d7c-0b2e5fbedf63}."
"08-06-2026 16:49:24","20","Information","Microsoft-Windows-Provisioning-Diagnostics-Provider","Applying package 'Power.Settings.PCIExpress.ppkg' ID: {268c43e1-aa2b-4036-86ef-8cda98a0c2fe}."
"08-06-2026 16:49:24","20","Information","Microsoft-Windows-Provisioning-Diagnostics-Provider","Applying package 'Power.Settings.IdleResiliency.ppkg' ID: {f11899f2-71ec-4621-9997-e17ae2f6eb26}."
"08-06-2026 16:49:24","20","Information","Microsoft-Windows-Provisioning-Diagnostics-Provider","Applying package 'Power.Settings.Graphics.ppkg' ID: {bf56ce5a-946b-45b5-858a-1794eb0125e2}."
"08-06-2026 16:49:24","20","Information","Microsoft-Windows-Provisioning-Diagnostics-Provider","Applying package 'Power.Settings.Display.ppkg' ID: {23cb517f-5073-4e96-a202-7fe6122a2271}."
"08-06-2026 16:49:24","20","Information","Microsoft-Windows-Provisioning-Diagnostics-Provider","Applying package 'Power.Settings.Disk.ppkg' ID: {9df6a4ed-fc16-48bf-8b24-6e2ad2bfcfea}."
"08-06-2026 16:49:24","20","Information","Microsoft-Windows-Provisioning-Diagnostics-Provider","Applying package 'Power.Settings.Control.ppkg' ID: {5f568920-10ad-4dc0-a97e-b78a3255c351}."
"08-06-2026 16:49:24","20","Information","Microsoft-Windows-Provisioning-Diagnostics-Provider","Applying package 'Power.Settings.Button.ppkg' ID: {18dcffd4-37d6-4bc6-87e0-4266fdbb8e49}."
"08-06-2026 16:49:24","20","Information","Microsoft-Windows-Provisioning-Diagnostics-Provider","Applying package 'Power.Settings.Battery.ppkg' ID: {7a30a9be-737f-47a1-a541-6e7b0761ed19}."
"08-06-2026 16:49:24","20","Information","Microsoft-Windows-Provisioning-Diagnostics-Provider","Applying package 'Power.EnergyEstimationEngine.Wifi.ppkg' ID: {b0b9123d-7d7f-4c6b-9973-ceced46f2a09}."
"08-06-2026 16:49:24","20","Information","Microsoft-Windows-Provisioning-Diagnostics-Provider","Applying package 'Power.EnergyEstimationEngine.Telemetry.ppkg' ID: {8fb7d64e-70fc-4f9d-89ee-d486817534df}."
"08-06-2026 16:49:24","20","Information","Microsoft-Windows-Provisioning-Diagnostics-Provider","Applying package 'Power.EnergyEstimationEngine.Storage.ppkg' ID: {9aec5bda-1e87-46b3-bb96-1a01c606555e}."
"08-06-2026 16:49:24","20","Information","Microsoft-Windows-Provisioning-Diagnostics-Provider","Applying package 'Power.EnergyEstimationEngine.StandbyActivation.ppkg' ID: {8d196d7f-3eef-48ad-8bea-be749f12d3ad}."
"08-06-2026 16:49:24","20","Information","Microsoft-Windows-Provisioning-Diagnostics-Provider","Applying package 'Power.EnergyEstimationEngine.MBB.ppkg' ID: {99b095d8-5959-4820-bea7-7448c8427b4e}."
"08-06-2026 16:49:24","20","Information","Microsoft-Windows-Provisioning-Diagnostics-Provider","Applying package 'Power.EnergyEstimationEngine.Display.ppkg' ID: {ee4aac98-c174-4941-82b1-d121e493e4fb}."
"08-06-2026 16:49:24","20","Information","Microsoft-Windows-Provisioning-Diagnostics-Provider","Applying package 'Power.EnergyEstimationEngine.CPU.ppkg' ID: {c5dc3753-b6c8-4057-b396-bf13d769311c}."
"08-06-2026 16:49:24","20","Information","Microsoft-Windows-Provisioning-Diagnostics-Provider","Applying package 'Power.EnergyEstimationEngine.Control.ppkg' ID: {1e05dd5d-a022-46c5-963c-b20de341170f}."
"08-06-2026 16:49:24","90","Information","Microsoft-Windows-Provisioning-Diagnostics-Provider","Settings detail.
source = ContinueSessionTask.
packageIdToDelete = <Not Present>.
packagePathsToAdd = <Not Present>."
"08-06-2026 16:49:17","90","Information","Microsoft-Windows-Provisioning-Diagnostics-Provider","Settings detail.
source = PSCmdlet.
packageIdToDelete = {4b809b12-e4e1-4c9f-bde4-69dbeef0c820}.
packagePathsToAdd = <Not Present>."
"08-06-2026 09:59:15","20","Information","Microsoft-Windows-Provisioning-Diagnostics-Provider","Applying package 'Microsoft.Windows.Cosa.Desktop.Client.ppkg' ID: {c8a326e4-f518-4f14-b543-97a57e1a975e}."
"08-06-2026 09:59:15","20","Information","Microsoft-Windows-Provisioning-Diagnostics-Provider","Applying package 'SecureStart.Settings.ppkg' ID: {eb7d7f2f-3b77-4b87-b301-fd0d336f709a}."
"08-06-2026 09:59:15","20","Information","Microsoft-Windows-Provisioning-Diagnostics-Provider","Applying package 'PPM-Win11-24H2-ARL.Corp-v2025.0702122400.0b23d2b.ppkg' ID: {6298f460-b760-45e0-944d-069a6f1385f8}."
"08-06-2026 09:59:15","20","Information","Microsoft-Windows-Provisioning-Diagnostics-Provider","Applying package 'Power.Settings.Sleep.ppkg' ID: {3742e5e8-6d9d-473b-99a6-8ecc0f43548a}."
"08-06-2026 09:59:15","20","Information","Microsoft-Windows-Provisioning-Diagnostics-Provider","Applying package 'Power.Settings.Processor.ppkg' ID: {fc01e91f-914c-45af-9d7c-0b2e5fbedf62}."
"08-06-2026 09:59:15","20","Information","Microsoft-Windows-Provisioning-Diagnostics-Provider","Applying package 'Power.Settings.Processor.Intel.ppkg' ID: {fc01e91f-914c-45af-9d7c-0b2e5fbedf64}."
"08-06-2026 09:59:15","20","Information","Microsoft-Windows-Provisioning-Diagnostics-Provider","Applying package 'Power.Settings.Processor.Amd.ppkg' ID: {fc01e91f-914c-45af-9d7c-0b2e5fbedf63}."
"08-06-2026 09:59:15","20","Information","Microsoft-Windows-Provisioning-Diagnostics-Provider","Applying package 'Power.Settings.PCIExpress.ppkg' ID: {268c43e1-aa2b-4036-86ef-8cda98a0c2fe}."
"08-06-2026 09:59:15","20","Information","Microsoft-Windows-Provisioning-Diagnostics-Provider","Applying package 'Power.Settings.IdleResiliency.ppkg' ID: {f11899f2-71ec-4621-9997-e17ae2f6eb26}."
"08-06-2026 09:59:15","20","Information","Microsoft-Windows-Provisioning-Diagnostics-Provider","Applying package 'Power.Settings.Graphics.ppkg' ID: {bf56ce5a-946b-45b5-858a-1794eb0125e2}."
"08-06-2026 09:59:15","20","Information","Microsoft-Windows-Provisioning-Diagnostics-Provider","Applying package 'Power.Settings.Display.ppkg' ID: {23cb517f-5073-4e96-a202-7fe6122a2271}."
"08-06-2026 09:59:15","20","Information","Microsoft-Windows-Provisioning-Diagnostics-Provider","Applying package 'Power.Settings.Disk.ppkg' ID: {9df6a4ed-fc16-48bf-8b24-6e2ad2bfcfea}."
"08-06-2026 09:59:15","20","Information","Microsoft-Windows-Provisioning-Diagnostics-Provider","Applying package 'Power.Settings.Control.ppkg' ID: {5f568920-10ad-4dc0-a97e-b78a3255c351}."
"08-06-2026 09:59:15","20","Information","Microsoft-Windows-Provisioning-Diagnostics-Provider","Applying package 'Power.Settings.Button.ppkg' ID: {18dcffd4-37d6-4bc6-87e0-4266fdbb8e49}."
"08-06-2026 09:59:15","20","Information","Microsoft-Windows-Provisioning-Diagnostics-Provider","Applying package 'Power.Settings.Battery.ppkg' ID: {7a30a9be-737f-47a1-a541-6e7b0761ed19}."
"08-06-2026 09:59:15","20","Information","Microsoft-Windows-Provisioning-Diagnostics-Provider","Applying package 'Power.EnergyEstimationEngine.Wifi.ppkg' ID: {b0b9123d-7d7f-4c6b-9973-ceced46f2a09}."
"08-06-2026 09:59:15","20","Information","Microsoft-Windows-Provisioning-Diagnostics-Provider","Applying package 'Power.EnergyEstimationEngine.Telemetry.ppkg' ID: {8fb7d64e-70fc-4f9d-89ee-d486817534df}."
"08-06-2026 09:59:15","20","Information","Microsoft-Windows-Provisioning-Diagnostics-Provider","Applying package 'Power.EnergyEstimationEngine.Storage.ppkg' ID: {9aec5bda-1e87-46b3-bb96-1a01c606555e}."
"08-06-2026 09:59:15","20","Information","Microsoft-Windows-Provisioning-Diagnostics-Provider","Applying package 'Power.EnergyEstimationEngine.StandbyActivation.ppkg' ID: {8d196d7f-3eef-48ad-8bea-be749f12d3ad}."
"08-06-2026 09:59:15","20","Information","Microsoft-Windows-Provisioning-Diagnostics-Provider","Applying package 'Power.EnergyEstimationEngine.MBB.ppkg' ID: {99b095d8-5959-4820-bea7-7448c8427b4e}."
"08-06-2026 09:59:15","20","Information","Microsoft-Windows-Provisioning-Diagnostics-Provider","Applying package 'Power.EnergyEstimationEngine.Display.ppkg' ID: {ee4aac98-c174-4941-82b1-d121e493e4fb}."
"08-06-2026 09:59:15","20","Information","Microsoft-Windows-Provisioning-Diagnostics-Provider","Applying package 'Power.EnergyEstimationEngine.CPU.ppkg' ID: {c5dc3753-b6c8-4057-b396-bf13d769311c}."
"08-06-2026 09:59:15","20","Information","Microsoft-Windows-Provisioning-Diagnostics-Provider","Applying package 'Power.EnergyEstimationEngine.Control.ppkg' ID: {1e05dd5d-a022-46c5-963c-b20de341170f}."
"08-06-2026 09:59:13","90","Information","Microsoft-Windows-Provisioning-Diagnostics-Provider","Settings detail.
source = LogonIdleTask.
packageIdToDelete = <Not Present>.
packagePathsToAdd = <Not Present>."
"03-06-2026 11:30:53","20","Information","Microsoft-Windows-Provisioning-Diagnostics-Provider","Applying package 'Microsoft.Windows.Cosa.Desktop.Client.ppkg' ID: {c8a326e4-f518-4f14-b543-97a57e1a975e}."
"03-06-2026 11:30:53","20","Information","Microsoft-Windows-Provisioning-Diagnostics-Provider","Applying package 'SecureStart.Settings.ppkg' ID: {eb7d7f2f-3b77-4b87-b301-fd0d336f709a}."
"03-06-2026 11:30:53","20","Information","Microsoft-Windows-Provisioning-Diagnostics-Provider","Applying package 'PPM-Win11-24H2-ARL.Corp-v2025.0702122400.0b23d2b.ppkg' ID: {6298f460-b760-45e0-944d-069a6f1385f8}."
"03-06-2026 11:30:53","20","Information","Microsoft-Windows-Provisioning-Diagnostics-Provider","Applying package 'Power.Settings.Sleep.ppkg' ID: {3742e5e8-6d9d-473b-99a6-8ecc0f43548a}."
"03-06-2026 11:30:53","20","Information","Microsoft-Windows-Provisioning-Diagnostics-Provider","Applying package 'Power.Settings.Processor.ppkg' ID: {fc01e91f-914c-45af-9d7c-0b2e5fbedf62}."
"03-06-2026 11:30:53","20","Information","Microsoft-Windows-Provisioning-Diagnostics-Provider","Applying package 'Power.Settings.Processor.Intel.ppkg' ID: {fc01e91f-914c-45af-9d7c-0b2e5fbedf64}."
"03-06-2026 11:30:53","20","Information","Microsoft-Windows-Provisioning-Diagnostics-Provider","Applying package 'Power.Settings.Processor.Amd.ppkg' ID: {fc01e91f-914c-45af-9d7c-0b2e5fbedf63}."
"03-06-2026 11:30:53","20","Information","Microsoft-Windows-Provisioning-Diagnostics-Provider","Applying package 'Power.Settings.PCIExpress.ppkg' ID: {268c43e1-aa2b-4036-86ef-8cda98a0c2fe}."
"03-06-2026 11:30:53","20","Information","Microsoft-Windows-Provisioning-Diagnostics-Provider","Applying package 'Power.Settings.IdleResiliency.ppkg' ID: {f11899f2-71ec-4621-9997-e17ae2f6eb26}."
"03-06-2026 11:30:53","20","Information","Microsoft-Windows-Provisioning-Diagnostics-Provider","Applying package 'Power.Settings.Graphics.ppkg' ID: {bf56ce5a-946b-45b5-858a-1794eb0125e2}."
"03-06-2026 11:30:53","20","Information","Microsoft-Windows-Provisioning-Diagnostics-Provider","Applying package 'Power.Settings.Display.ppkg' ID: {23cb517f-5073-4e96-a202-7fe6122a2271}."
"03-06-2026 11:30:53","20","Information","Microsoft-Windows-Provisioning-Diagnostics-Provider","Applying package 'Power.Settings.Disk.ppkg' ID: {9df6a4ed-fc16-48bf-8b24-6e2ad2bfcfea}."
"03-06-2026 11:30:53","20","Information","Microsoft-Windows-Provisioning-Diagnostics-Provider","Applying package 'Power.Settings.Control.ppkg' ID: {5f568920-10ad-4dc0-a97e-b78a3255c351}."
"03-06-2026 11:30:53","20","Information","Microsoft-Windows-Provisioning-Diagnostics-Provider","Applying package 'Power.Settings.Button.ppkg' ID: {18dcffd4-37d6-4bc6-87e0-4266fdbb8e49}."
"03-06-2026 11:30:53","20","Information","Microsoft-Windows-Provisioning-Diagnostics-Provider","Applying package 'Power.Settings.Battery.ppkg' ID: {7a30a9be-737f-47a1-a541-6e7b0761ed19}."
"03-06-2026 11:30:53","20","Information","Microsoft-Windows-Provisioning-Diagnostics-Provider","Applying package 'Power.EnergyEstimationEngine.Wifi.ppkg' ID: {b0b9123d-7d7f-4c6b-9973-ceced46f2a09}."
"03-06-2026 11:30:53","20","Information","Microsoft-Windows-Provisioning-Diagnostics-Provider","Applying package 'Power.EnergyEstimationEngine.Telemetry.ppkg' ID: {8fb7d64e-70fc-4f9d-89ee-d486817534df}."
"03-06-2026 11:30:53","20","Information","Microsoft-Windows-Provisioning-Diagnostics-Provider","Applying package 'Power.EnergyEstimationEngine.Storage.ppkg' ID: {9aec5bda-1e87-46b3-bb96-1a01c606555e}."
"03-06-2026 11:30:53","20","Information","Microsoft-Windows-Provisioning-Diagnostics-Provider","Applying package 'Power.EnergyEstimationEngine.StandbyActivation.ppkg' ID: {8d196d7f-3eef-48ad-8bea-be749f12d3ad}."
"03-06-2026 11:30:53","20","Information","Microsoft-Windows-Provisioning-Diagnostics-Provider","Applying package 'Power.EnergyEstimationEngine.MBB.ppkg' ID: {99b095d8-5959-4820-bea7-7448c8427b4e}."
"03-06-2026 11:30:53","20","Information","Microsoft-Windows-Provisioning-Diagnostics-Provider","Applying package 'Power.EnergyEstimationEngine.Display.ppkg' ID: {ee4aac98-c174-4941-82b1-d121e493e4fb}."
"03-06-2026 11:30:53","20","Information","Microsoft-Windows-Provisioning-Diagnostics-Provider","Applying package 'Power.EnergyEstimationEngine.CPU.ppkg' ID: {c5dc3753-b6c8-4057-b396-bf13d769311c}."
"03-06-2026 11:30:53","20","Information","Microsoft-Windows-Provisioning-Diagnostics-Provider","Applying package 'Power.EnergyEstimationEngine.Control.ppkg' ID: {1e05dd5d-a022-46c5-963c-b20de341170f}."
"03-06-2026 11:30:51","90","Information","Microsoft-Windows-Provisioning-Diagnostics-Provider","Settings detail.
source = LogonIdleTask.
packageIdToDelete = <Not Present>.
packagePathsToAdd = <Not Present>."
"03-06-2026 00:26:42","20","Information","Microsoft-Windows-Provisioning-Diagnostics-Provider","Applying package 'Microsoft.Windows.Cosa.Desktop.Client.ppkg' ID: {c8a326e4-f518-4f14-b543-97a57e1a975e}."
"03-06-2026 00:26:42","20","Information","Microsoft-Windows-Provisioning-Diagnostics-Provider","Applying package 'SecureStart.Settings.ppkg' ID: {eb7d7f2f-3b77-4b87-b301-fd0d336f709a}."
"03-06-2026 00:26:42","20","Information","Microsoft-Windows-Provisioning-Diagnostics-Provider","Applying package 'PPM-Win11-24H2-ARL.Corp-v2025.0702122400.0b23d2b.ppkg' ID: {6298f460-b760-45e0-944d-069a6f1385f8}."
"03-06-2026 00:26:42","20","Information","Microsoft-Windows-Provisioning-Diagnostics-Provider","Applying package 'Power.Settings.Sleep.ppkg' ID: {3742e5e8-6d9d-473b-99a6-8ecc0f43548a}."
"03-06-2026 00:26:42","20","Information","Microsoft-Windows-Provisioning-Diagnostics-Provider","Applying package 'Power.Settings.Processor.ppkg' ID: {fc01e91f-914c-45af-9d7c-0b2e5fbedf62}."
"03-06-2026 00:26:42","20","Information","Microsoft-Windows-Provisioning-Diagnostics-Provider","Applying package 'Power.Settings.Processor.Intel.ppkg' ID: {fc01e91f-914c-45af-9d7c-0b2e5fbedf64}."
"03-06-2026 00:26:42","20","Information","Microsoft-Windows-Provisioning-Diagnostics-Provider","Applying package 'Power.Settings.Processor.Amd.ppkg' ID: {fc01e91f-914c-45af-9d7c-0b2e5fbedf63}."
"03-06-2026 00:26:42","20","Information","Microsoft-Windows-Provisioning-Diagnostics-Provider","Applying package 'Power.Settings.PCIExpress.ppkg' ID: {268c43e1-aa2b-4036-86ef-8cda98a0c2fe}."
"03-06-2026 00:26:42","20","Information","Microsoft-Windows-Provisioning-Diagnostics-Provider","Applying package 'Power.Settings.IdleResiliency.ppkg' ID: {f11899f2-71ec-4621-9997-e17ae2f6eb26}."
"03-06-2026 00:26:42","20","Information","Microsoft-Windows-Provisioning-Diagnostics-Provider","Applying package 'Power.Settings.Graphics.ppkg' ID: {bf56ce5a-946b-45b5-858a-1794eb0125e2}."
"03-06-2026 00:26:42","20","Information","Microsoft-Windows-Provisioning-Diagnostics-Provider","Applying package 'Power.Settings.Display.ppkg' ID: {23cb517f-5073-4e96-a202-7fe6122a2271}."
"03-06-2026 00:26:42","20","Information","Microsoft-Windows-Provisioning-Diagnostics-Provider","Applying package 'Power.Settings.Disk.ppkg' ID: {9df6a4ed-fc16-48bf-8b24-6e2ad2bfcfea}."
"03-06-2026 00:26:42","20","Information","Microsoft-Windows-Provisioning-Diagnostics-Provider","Applying package 'Power.Settings.Control.ppkg' ID: {5f568920-10ad-4dc0-a97e-b78a3255c351}."
"03-06-2026 00:26:42","20","Information","Microsoft-Windows-Provisioning-Diagnostics-Provider","Applying package 'Power.Settings.Button.ppkg' ID: {18dcffd4-37d6-4bc6-87e0-4266fdbb8e49}."
"03-06-2026 00:26:42","20","Information","Microsoft-Windows-Provisioning-Diagnostics-Provider","Applying package 'Power.Settings.Battery.ppkg' ID: {7a30a9be-737f-47a1-a541-6e7b0761ed19}."
"03-06-2026 00:26:42","20","Information","Microsoft-Windows-Provisioning-Diagnostics-Provider","Applying package 'Power.EnergyEstimationEngine.Wifi.ppkg' ID: {b0b9123d-7d7f-4c6b-9973-ceced46f2a09}."
"03-06-2026 00:26:42","20","Information","Microsoft-Windows-Provisioning-Diagnostics-Provider","Applying package 'Power.EnergyEstimationEngine.Telemetry.ppkg' ID: {8fb7d64e-70fc-4f9d-89ee-d486817534df}."
"03-06-2026 00:26:42","20","Information","Microsoft-Windows-Provisioning-Diagnostics-Provider","Applying package 'Power.EnergyEstimationEngine.Storage.ppkg' ID: {9aec5bda-1e87-46b3-bb96-1a01c606555e}."
"03-06-2026 00:26:42","20","Information","Microsoft-Windows-Provisioning-Diagnostics-Provider","Applying package 'Power.EnergyEstimationEngine.StandbyActivation.ppkg' ID: {8d196d7f-3eef-48ad-8bea-be749f12d3ad}."
"03-06-2026 00:26:42","20","Information","Microsoft-Windows-Provisioning-Diagnostics-Provider","Applying package 'Power.EnergyEstimationEngine.MBB.ppkg' ID: {99b095d8-5959-4820-bea7-7448c8427b4e}."
"03-06-2026 00:26:42","20","Information","Microsoft-Windows-Provisioning-Diagnostics-Provider","Applying package 'Power.EnergyEstimationEngine.Display.ppkg' ID: {ee4aac98-c174-4941-82b1-d121e493e4fb}."
"03-06-2026 00:26:42","20","Information","Microsoft-Windows-Provisioning-Diagnostics-Provider","Applying package 'Power.EnergyEstimationEngine.CPU.ppkg' ID: {c5dc3753-b6c8-4057-b396-bf13d769311c}."
"03-06-2026 00:26:42","20","Information","Microsoft-Windows-Provisioning-Diagnostics-Provider","Applying package 'Power.EnergyEstimationEngine.Control.ppkg' ID: {1e05dd5d-a022-46c5-963c-b20de341170f}."
"03-06-2026 00:26:41","90","Information","Microsoft-Windows-Provisioning-Diagnostics-Provider","Settings detail.
source = LogonIdleTask.
packageIdToDelete = <Not Present>.
packagePathsToAdd = <Not Present>."
"02-06-2026 10:31:26","20","Information","Microsoft-Windows-Provisioning-Diagnostics-Provider","Applying package 'Microsoft.Windows.Cosa.Desktop.Client.ppkg' ID: {c8a326e4-f518-4f14-b543-97a57e1a975e}."
"02-06-2026 10:31:26","20","Information","Microsoft-Windows-Provisioning-Diagnostics-Provider","Applying package 'SecureStart.Settings.ppkg' ID: {eb7d7f2f-3b77-4b87-b301-fd0d336f709a}."
"02-06-2026 10:31:26","20","Information","Microsoft-Windows-Provisioning-Diagnostics-Provider","Applying package 'PPM-Win11-24H2-ARL.Corp-v2025.0702122400.0b23d2b.ppkg' ID: {6298f460-b760-45e0-944d-069a6f1385f8}."
"02-06-2026 10:31:26","20","Information","Microsoft-Windows-Provisioning-Diagnostics-Provider","Applying package 'Power.Settings.Sleep.ppkg' ID: {3742e5e8-6d9d-473b-99a6-8ecc0f43548a}."
"02-06-2026 10:31:26","20","Information","Microsoft-Windows-Provisioning-Diagnostics-Provider","Applying package 'Power.Settings.Processor.ppkg' ID: {fc01e91f-914c-45af-9d7c-0b2e5fbedf62}."
"02-06-2026 10:31:26","20","Information","Microsoft-Windows-Provisioning-Diagnostics-Provider","Applying package 'Power.Settings.Processor.Intel.ppkg' ID: {fc01e91f-914c-45af-9d7c-0b2e5fbedf64}."
"02-06-2026 10:31:26","20","Information","Microsoft-Windows-Provisioning-Diagnostics-Provider","Applying package 'Power.Settings.Processor.Amd.ppkg' ID: {fc01e91f-914c-45af-9d7c-0b2e5fbedf63}."
"02-06-2026 10:31:26","20","Information","Microsoft-Windows-Provisioning-Diagnostics-Provider","Applying package 'Power.Settings.PCIExpress.ppkg' ID: {268c43e1-aa2b-4036-86ef-8cda98a0c2fe}."
"02-06-2026 10:31:26","20","Information","Microsoft-Windows-Provisioning-Diagnostics-Provider","Applying package 'Power.Settings.IdleResiliency.ppkg' ID: {f11899f2-71ec-4621-9997-e17ae2f6eb26}."
"02-06-2026 10:31:26","20","Information","Microsoft-Windows-Provisioning-Diagnostics-Provider","Applying package 'Power.Settings.Graphics.ppkg' ID: {bf56ce5a-946b-45b5-858a-1794eb0125e2}."
"02-06-2026 10:31:26","20","Information","Microsoft-Windows-Provisioning-Diagnostics-Provider","Applying package 'Power.Settings.Display.ppkg' ID: {23cb517f-5073-4e96-a202-7fe6122a2271}."
"02-06-2026 10:31:26","20","Information","Microsoft-Windows-Provisioning-Diagnostics-Provider","Applying package 'Power.Settings.Disk.ppkg' ID: {9df6a4ed-fc16-48bf-8b24-6e2ad2bfcfea}."
"02-06-2026 10:31:26","20","Information","Microsoft-Windows-Provisioning-Diagnostics-Provider","Applying package 'Power.Settings.Control.ppkg' ID: {5f568920-10ad-4dc0-a97e-b78a3255c351}."
"02-06-2026 10:31:26","20","Information","Microsoft-Windows-Provisioning-Diagnostics-Provider","Applying package 'Power.Settings.Button.ppkg' ID: {18dcffd4-37d6-4bc6-87e0-4266fdbb8e49}."
"02-06-2026 10:31:26","20","Information","Microsoft-Windows-Provisioning-Diagnostics-Provider","Applying package 'Power.Settings.Battery.ppkg' ID: {7a30a9be-737f-47a1-a541-6e7b0761ed19}."
"02-06-2026 10:31:26","20","Information","Microsoft-Windows-Provisioning-Diagnostics-Provider","Applying package 'Power.EnergyEstimationEngine.Wifi.ppkg' ID: {b0b9123d-7d7f-4c6b-9973-ceced46f2a09}."
"02-06-2026 10:31:26","20","Information","Microsoft-Windows-Provisioning-Diagnostics-Provider","Applying package 'Power.EnergyEstimationEngine.Telemetry.ppkg' ID: {8fb7d64e-70fc-4f9d-89ee-d486817534df}."
"02-06-2026 10:31:26","20","Information","Microsoft-Windows-Provisioning-Diagnostics-Provider","Applying package 'Power.EnergyEstimationEngine.Storage.ppkg' ID: {9aec5bda-1e87-46b3-bb96-1a01c606555e}."
"02-06-2026 10:31:26","20","Information","Microsoft-Windows-Provisioning-Diagnostics-Provider","Applying package 'Power.EnergyEstimationEngine.StandbyActivation.ppkg' ID: {8d196d7f-3eef-48ad-8bea-be749f12d3ad}."
"02-06-2026 10:31:26","20","Information","Microsoft-Windows-Provisioning-Diagnostics-Provider","Applying package 'Power.EnergyEstimationEngine.MBB.ppkg' ID: {99b095d8-5959-4820-bea7-7448c8427b4e}."
"02-06-2026 10:31:26","20","Information","Microsoft-Windows-Provisioning-Diagnostics-Provider","Applying package 'Power.EnergyEstimationEngine.Display.ppkg' ID: {ee4aac98-c174-4941-82b1-d121e493e4fb}."
"02-06-2026 10:31:26","20","Information","Microsoft-Windows-Provisioning-Diagnostics-Provider","Applying package 'Power.EnergyEstimationEngine.CPU.ppkg' ID: {c5dc3753-b6c8-4057-b396-bf13d769311c}."
"02-06-2026 10:31:26","20","Information","Microsoft-Windows-Provisioning-Diagnostics-Provider","Applying package 'Power.EnergyEstimationEngine.Control.ppkg' ID: {1e05dd5d-a022-46c5-963c-b20de341170f}."
"02-06-2026 10:31:24","90","Information","Microsoft-Windows-Provisioning-Diagnostics-Provider","Settings detail.
source = LogonIdleTask.
packageIdToDelete = <Not Present>.
packagePathsToAdd = <Not Present>."
"01-06-2026 09:39:01","20","Information","Microsoft-Windows-Provisioning-Diagnostics-Provider","Applying package 'Microsoft.Windows.Cosa.Desktop.Client.ppkg' ID: {c8a326e4-f518-4f14-b543-97a57e1a975e}."
"01-06-2026 09:39:01","20","Information","Microsoft-Windows-Provisioning-Diagnostics-Provider","Applying package 'SecureStart.Settings.ppkg' ID: {eb7d7f2f-3b77-4b87-b301-fd0d336f709a}."
"01-06-2026 09:39:01","20","Information","Microsoft-Windows-Provisioning-Diagnostics-Provider","Applying package 'PPM-Win11-24H2-ARL.Corp-v2025.0702122400.0b23d2b.ppkg' ID: {6298f460-b760-45e0-944d-069a6f1385f8}."
"01-06-2026 09:39:01","20","Information","Microsoft-Windows-Provisioning-Diagnostics-Provider","Applying package 'Power.Settings.Sleep.ppkg' ID: {3742e5e8-6d9d-473b-99a6-8ecc0f43548a}."
"01-06-2026 09:39:01","20","Information","Microsoft-Windows-Provisioning-Diagnostics-Provider","Applying package 'Power.Settings.Processor.ppkg' ID: {fc01e91f-914c-45af-9d7c-0b2e5fbedf62}."
"01-06-2026 09:39:01","20","Information","Microsoft-Windows-Provisioning-Diagnostics-Provider","Applying package 'Power.Settings.Processor.Intel.ppkg' ID: {fc01e91f-914c-45af-9d7c-0b2e5fbedf64}."
"01-06-2026 09:39:01","20","Information","Microsoft-Windows-Provisioning-Diagnostics-Provider","Applying package 'Power.Settings.Processor.Amd.ppkg' ID: {fc01e91f-914c-45af-9d7c-0b2e5fbedf63}."
"01-06-2026 09:39:01","20","Information","Microsoft-Windows-Provisioning-Diagnostics-Provider","Applying package 'Power.Settings.PCIExpress.ppkg' ID: {268c43e1-aa2b-4036-86ef-8cda98a0c2fe}."
