"21-07-2026 08:55:32","12289","Information","Microsoft-Windows-Crypto-DPAPI","DPAPI found credential key.

 	Credential Key Identifier:	0xA72919B2574C12D1E74078B64D62E14D0586E3130B54594F7F724BB0CD0F668A
 	User Name:	joe.prakash@nielseniq.com
 	User Sid:	S-1-12-1-2357405129-1281513531-255772574-1816207334
"
"21-07-2026 08:44:59","12289","Information","Microsoft-Windows-Crypto-DPAPI","DPAPI found credential key.

 	Credential Key Identifier:	0xA4A37EEB0B1376A1FC2EB7D6BA70916C804418F6B8F8DCD02D4DB6FA6E386DA6
 	User Name:	arjo5004
 	User Sid:	S-1-12-1-2357405129-1281513531-255772574-1816207334
"
"21-07-2026 08:44:59","12289","Information","Microsoft-Windows-Crypto-DPAPI","DPAPI found credential key.

 	Credential Key Identifier:	0x6E156D862489359A0F6DB9FA5F6B3CE4C2A1CC751470A29914E40519381886E5
 	User Name:	arjo5004
 	User Sid:	S-1-12-1-2357405129-1281513531-255772574-1816207334
"
"21-07-2026 08:44:59","12289","Information","Microsoft-Windows-Crypto-DPAPI","DPAPI found credential key.

 	Credential Key Identifier:	0xA72919B2574C12D1E74078B64D62E14D0586E3130B54594F7F724BB0CD0F668A
 	User Name:	joe.prakash@nielseniq.com
 	User Sid:	S-1-12-1-2357405129-1281513531-255772574-1816207334
"
"21-07-2026 08:44:54","12289","Information","Microsoft-Windows-Crypto-DPAPI","DPAPI found credential key.

 	Credential Key Identifier:	0xC57C2C92ECB730AEBF9F31E8B0123FB4F53D2F179E83DD49860F8BE6183C0FD4
 	User Name:	arjo5004
 	User Sid:	S-1-12-1-2357405129-1281513531-255772574-1816207334
"
"21-07-2026 08:44:54","12289","Information","Microsoft-Windows-Crypto-DPAPI","DPAPI found credential key.

 	Credential Key Identifier:	0xA72919B2574C12D1E74078B64D62E14D0586E3130B54594F7F724BB0CD0F668A
 	User Name:	joe.prakash@nielseniq.com
 	User Sid:	S-1-12-1-2357405129-1281513531-255772574-1816207334
"
"21-07-2026 08:32:24","12290","Information","Microsoft-Windows-Crypto-DPAPI","Credential key does not exist."
"21-07-2026 08:32:23","12290","Information","Microsoft-Windows-Crypto-DPAPI","Credential key does not exist."
"21-07-2026 08:32:21","12289","Information","Microsoft-Windows-Crypto-DPAPI","DPAPI found credential key.

 	Credential Key Identifier:	0xA72919B2574C12D1E74078B64D62E14D0586E3130B54594F7F724BB0CD0F668A
 	User Name:	joe.prakash@nielseniq.com
 	User Sid:	S-1-12-1-2357405129-1281513531-255772574-1816207334
"
"21-07-2026 08:32:16","12289","Information","Microsoft-Windows-Crypto-DPAPI","DPAPI found credential key.

 	Credential Key Identifier:	0xA72919B2574C12D1E74078B64D62E14D0586E3130B54594F7F724BB0CD0F668A
 	User Name:	joe.prakash@nielseniq.com
 	User Sid:	S-1-12-1-2357405129-1281513531-255772574-1816207334
"
"20-07-2026 16:44:11","12290","Information","Microsoft-Windows-Crypto-DPAPI","Credential key does not exist."
"20-07-2026 16:44:10","12290","Information","Microsoft-Windows-Crypto-DPAPI","Credential key does not exist."
"20-07-2026 16:44:09","12289","Information","Microsoft-Windows-Crypto-DPAPI","DPAPI found credential key.

 	Credential Key Identifier:	0xA72919B2574C12D1E74078B64D62E14D0586E3130B54594F7F724BB0CD0F668A
 	User Name:	joe.prakash@nielseniq.com
 	User Sid:	S-1-12-1-2357405129-1281513531-255772574-1816207334
"
"20-07-2026 16:44:02","12289","Information","Microsoft-Windows-Crypto-DPAPI","DPAPI found credential key.

 	Credential Key Identifier:	0xA72919B2574C12D1E74078B64D62E14D0586E3130B54594F7F724BB0CD0F668A
 	User Name:	joe.prakash@nielseniq.com
 	User Sid:	S-1-12-1-2357405129-1281513531-255772574-1816207334
"
"20-07-2026 15:45:12","12290","Information","Microsoft-Windows-Crypto-DPAPI","Credential key does not exist."
"20-07-2026 15:45:11","12290","Information","Microsoft-Windows-Crypto-DPAPI","Credential key does not exist."
"20-07-2026 15:45:09","12289","Information","Microsoft-Windows-Crypto-DPAPI","DPAPI found credential key.

 	Credential Key Identifier:	0xA72919B2574C12D1E74078B64D62E14D0586E3130B54594F7F724BB0CD0F668A
 	User Name:	joe.prakash@nielseniq.com
 	User Sid:	S-1-12-1-2357405129-1281513531-255772574-1816207334
"
"20-07-2026 15:45:04","12289","Information","Microsoft-Windows-Crypto-DPAPI","DPAPI found credential key.

 	Credential Key Identifier:	0xA72919B2574C12D1E74078B64D62E14D0586E3130B54594F7F724BB0CD0F668A
 	User Name:	joe.prakash@nielseniq.com
 	User Sid:	S-1-12-1-2357405129-1281513531-255772574-1816207334
"
"20-07-2026 14:44:25","12290","Information","Microsoft-Windows-Crypto-DPAPI","Credential key does not exist."
"20-07-2026 14:44:24","12290","Information","Microsoft-Windows-Crypto-DPAPI","Credential key does not exist."
"20-07-2026 14:44:22","12289","Information","Microsoft-Windows-Crypto-DPAPI","DPAPI found credential key.

 	Credential Key Identifier:	0xA72919B2574C12D1E74078B64D62E14D0586E3130B54594F7F724BB0CD0F668A
 	User Name:	joe.prakash@nielseniq.com
 	User Sid:	S-1-12-1-2357405129-1281513531-255772574-1816207334
"
"20-07-2026 14:44:17","12289","Information","Microsoft-Windows-Crypto-DPAPI","DPAPI found credential key.

 	Credential Key Identifier:	0xA72919B2574C12D1E74078B64D62E14D0586E3130B54594F7F724BB0CD0F668A
 	User Name:	joe.prakash@nielseniq.com
 	User Sid:	S-1-12-1-2357405129-1281513531-255772574-1816207334
"
"20-07-2026 13:14:08","12290","Information","Microsoft-Windows-Crypto-DPAPI","Credential key does not exist."
"20-07-2026 13:14:07","12290","Information","Microsoft-Windows-Crypto-DPAPI","Credential key does not exist."
"20-07-2026 13:14:05","12289","Information","Microsoft-Windows-Crypto-DPAPI","DPAPI found credential key.

 	Credential Key Identifier:	0xA72919B2574C12D1E74078B64D62E14D0586E3130B54594F7F724BB0CD0F668A
 	User Name:	joe.prakash@nielseniq.com
 	User Sid:	S-1-12-1-2357405129-1281513531-255772574-1816207334
"
"20-07-2026 13:14:00","12289","Information","Microsoft-Windows-Crypto-DPAPI","DPAPI found credential key.

 	Credential Key Identifier:	0xA72919B2574C12D1E74078B64D62E14D0586E3130B54594F7F724BB0CD0F668A
 	User Name:	joe.prakash@nielseniq.com
 	User Sid:	S-1-12-1-2357405129-1281513531-255772574-1816207334
"
"20-07-2026 11:57:35","12290","Information","Microsoft-Windows-Crypto-DPAPI","Credential key does not exist."
"20-07-2026 11:57:34","12290","Information","Microsoft-Windows-Crypto-DPAPI","Credential key does not exist."
"20-07-2026 11:57:33","12289","Information","Microsoft-Windows-Crypto-DPAPI","DPAPI found credential key.

 	Credential Key Identifier:	0xA72919B2574C12D1E74078B64D62E14D0586E3130B54594F7F724BB0CD0F668A
 	User Name:	joe.prakash@nielseniq.com
 	User Sid:	S-1-12-1-2357405129-1281513531-255772574-1816207334
"
"20-07-2026 11:57:27","12289","Information","Microsoft-Windows-Crypto-DPAPI","DPAPI found credential key.

 	Credential Key Identifier:	0xA72919B2574C12D1E74078B64D62E14D0586E3130B54594F7F724BB0CD0F668A
 	User Name:	joe.prakash@nielseniq.com
 	User Sid:	S-1-12-1-2357405129-1281513531-255772574-1816207334
"
"20-07-2026 10:20:26","12290","Information","Microsoft-Windows-Crypto-DPAPI","Credential key does not exist."
"20-07-2026 10:20:25","12290","Information","Microsoft-Windows-Crypto-DPAPI","Credential key does not exist."
"20-07-2026 10:20:22","12289","Information","Microsoft-Windows-Crypto-DPAPI","DPAPI found credential key.

 	Credential Key Identifier:	0xA72919B2574C12D1E74078B64D62E14D0586E3130B54594F7F724BB0CD0F668A
 	User Name:	joe.prakash@nielseniq.com
 	User Sid:	S-1-12-1-2357405129-1281513531-255772574-1816207334
"
"20-07-2026 10:20:16","12289","Information","Microsoft-Windows-Crypto-DPAPI","DPAPI found credential key.

 	Credential Key Identifier:	0xA72919B2574C12D1E74078B64D62E14D0586E3130B54594F7F724BB0CD0F668A
 	User Name:	joe.prakash@nielseniq.com
 	User Sid:	S-1-12-1-2357405129-1281513531-255772574-1816207334
"
"20-07-2026 09:59:48","12290","Information","Microsoft-Windows-Crypto-DPAPI","Credential key does not exist."
"20-07-2026 09:59:47","12290","Information","Microsoft-Windows-Crypto-DPAPI","Credential key does not exist."
"20-07-2026 09:59:38","12289","Information","Microsoft-Windows-Crypto-DPAPI","DPAPI found credential key.

 	Credential Key Identifier:	0xA72919B2574C12D1E74078B64D62E14D0586E3130B54594F7F724BB0CD0F668A
 	User Name:	joe.prakash@nielseniq.com
 	User Sid:	S-1-12-1-2357405129-1281513531-255772574-1816207334
"
"20-07-2026 09:59:03","12289","Information","Microsoft-Windows-Crypto-DPAPI","DPAPI found credential key.

 	Credential Key Identifier:	0xA72919B2574C12D1E74078B64D62E14D0586E3130B54594F7F724BB0CD0F668A
 	User Name:	joe.prakash@nielseniq.com
 	User Sid:	S-1-12-1-2357405129-1281513531-255772574-1816207334
"
"15-07-2026 17:41:35","12290","Information","Microsoft-Windows-Crypto-DPAPI","Credential key does not exist."
"15-07-2026 17:41:34","12290","Information","Microsoft-Windows-Crypto-DPAPI","Credential key does not exist."
"15-07-2026 17:41:33","12289","Information","Microsoft-Windows-Crypto-DPAPI","DPAPI found credential key.

 	Credential Key Identifier:	0xA72919B2574C12D1E74078B64D62E14D0586E3130B54594F7F724BB0CD0F668A
 	User Name:	joe.prakash@nielseniq.com
 	User Sid:	S-1-12-1-2357405129-1281513531-255772574-1816207334
"
"15-07-2026 17:41:25","12289","Information","Microsoft-Windows-Crypto-DPAPI","DPAPI found credential key.

 	Credential Key Identifier:	0xA72919B2574C12D1E74078B64D62E14D0586E3130B54594F7F724BB0CD0F668A
 	User Name:	joe.prakash@nielseniq.com
 	User Sid:	S-1-12-1-2357405129-1281513531-255772574-1816207334
"
"15-07-2026 17:00:26","12290","Information","Microsoft-Windows-Crypto-DPAPI","Credential key does not exist."
"15-07-2026 17:00:25","12290","Information","Microsoft-Windows-Crypto-DPAPI","Credential key does not exist."
"15-07-2026 17:00:23","12289","Information","Microsoft-Windows-Crypto-DPAPI","DPAPI found credential key.

 	Credential Key Identifier:	0xA72919B2574C12D1E74078B64D62E14D0586E3130B54594F7F724BB0CD0F668A
 	User Name:	joe.prakash@nielseniq.com
 	User Sid:	S-1-12-1-2357405129-1281513531-255772574-1816207334
"
"15-07-2026 17:00:18","12289","Information","Microsoft-Windows-Crypto-DPAPI","DPAPI found credential key.

 	Credential Key Identifier:	0xA72919B2574C12D1E74078B64D62E14D0586E3130B54594F7F724BB0CD0F668A
 	User Name:	joe.prakash@nielseniq.com
 	User Sid:	S-1-12-1-2357405129-1281513531-255772574-1816207334
"
"15-07-2026 14:08:42","12290","Information","Microsoft-Windows-Crypto-DPAPI","Credential key does not exist."
"15-07-2026 14:08:41","12290","Information","Microsoft-Windows-Crypto-DPAPI","Credential key does not exist."
"15-07-2026 14:08:40","12289","Information","Microsoft-Windows-Crypto-DPAPI","DPAPI found credential key.

 	Credential Key Identifier:	0xA72919B2574C12D1E74078B64D62E14D0586E3130B54594F7F724BB0CD0F668A
 	User Name:	joe.prakash@nielseniq.com
 	User Sid:	S-1-12-1-2357405129-1281513531-255772574-1816207334
"
"15-07-2026 14:08:34","12289","Information","Microsoft-Windows-Crypto-DPAPI","DPAPI found credential key.

 	Credential Key Identifier:	0xA72919B2574C12D1E74078B64D62E14D0586E3130B54594F7F724BB0CD0F668A
 	User Name:	joe.prakash@nielseniq.com
 	User Sid:	S-1-12-1-2357405129-1281513531-255772574-1816207334
"
"15-07-2026 13:17:31","12290","Information","Microsoft-Windows-Crypto-DPAPI","Credential key does not exist."
"15-07-2026 13:17:30","12290","Information","Microsoft-Windows-Crypto-DPAPI","Credential key does not exist."
"15-07-2026 13:17:29","12289","Information","Microsoft-Windows-Crypto-DPAPI","DPAPI found credential key.

 	Credential Key Identifier:	0xA72919B2574C12D1E74078B64D62E14D0586E3130B54594F7F724BB0CD0F668A
 	User Name:	joe.prakash@nielseniq.com
 	User Sid:	S-1-12-1-2357405129-1281513531-255772574-1816207334
"
"15-07-2026 13:17:23","12289","Information","Microsoft-Windows-Crypto-DPAPI","DPAPI found credential key.

 	Credential Key Identifier:	0xA72919B2574C12D1E74078B64D62E14D0586E3130B54594F7F724BB0CD0F668A
 	User Name:	joe.prakash@nielseniq.com
 	User Sid:	S-1-12-1-2357405129-1281513531-255772574-1816207334
"
"15-07-2026 12:41:46","12289","Information","Microsoft-Windows-Crypto-DPAPI","DPAPI found credential key.

 	Credential Key Identifier:	0x5D710E1824C2021F4AC997E96697CCF690BB55580D9543E69D0DF81C48FEF915
 	User Name:	arjo5004.T1
 	User Sid:	S-1-12-1-4220155720-1073834589-1054805678-3526012841
"
"15-07-2026 12:41:46","12289","Information","Microsoft-Windows-Crypto-DPAPI","DPAPI found credential key.

 	Credential Key Identifier:	0x52ECECB2C43E63EDC8C885E9D09FF8240B6E5527E8E8DD88EAE36450054035D7
 	User Name:	arjo5004.T1
 	User Sid:	S-1-12-1-4220155720-1073834589-1054805678-3526012841
"
"15-07-2026 12:41:46","12289","Information","Microsoft-Windows-Crypto-DPAPI","DPAPI found credential key.

 	Credential Key Identifier:	0xA72919B2574C12D1E74078B64D62E14D0586E3130B54594F7F724BB0CD0F668A
 	User Name:	arjo5004.t1@nielseniq.com
 	User Sid:	S-1-12-1-4220155720-1073834589-1054805678-3526012841
"
"15-07-2026 12:26:57","12289","Information","Microsoft-Windows-Crypto-DPAPI","DPAPI found credential key.

 	Credential Key Identifier:	0xA72919B2574C12D1E74078B64D62E14D0586E3130B54594F7F724BB0CD0F668A
 	User Name:	arjo5004.t1@nielseniq.com
 	User Sid:	S-1-12-1-4220155720-1073834589-1054805678-3526012841
"
"15-07-2026 12:26:57","12289","Information","Microsoft-Windows-Crypto-DPAPI","DPAPI found credential key.

 	Credential Key Identifier:	0xA72919B2574C12D1E74078B64D62E14D0586E3130B54594F7F724BB0CD0F668A
 	User Name:	arjo5004.t1@nielseniq.com
 	User Sid:	S-1-12-1-4220155720-1073834589-1054805678-3526012841
"
"15-07-2026 12:26:57","4","Information","Microsoft-Windows-Crypto-DPAPI","Password Change triggered.

 	Status:	0x0
"
"15-07-2026 12:26:57","8200","Information","Microsoft-Windows-Crypto-DPAPI","Master key's record successfully logged to Diagnostic file.

 	GUID:	{010e937f-7217-4654-bc86-bf08dd49b260}
 	EncryptCredID:	{bef151d6-f0a8-43ae-8874-438ff0886d4b}
 	EncryptCredKey:	0x2749192C720A80FFC4E7874FB7A98FF0D234C52D
"
"15-07-2026 12:26:57","12289","Information","Microsoft-Windows-Crypto-DPAPI","DPAPI found credential key.

 	Credential Key Identifier:	0xE9E906312D019E02B092374ABD1E5BC0F759E2AF7A554861002039436CCDDA9A
 	User Name:	arjo5004.T1
 	User Sid:	S-1-12-1-4220155720-1073834589-1054805678-3526012841
"
"15-07-2026 12:26:57","12289","Information","Microsoft-Windows-Crypto-DPAPI","DPAPI found credential key.

 	Credential Key Identifier:	0x80966E51C91D44525417A48F1F7AE4D8D209681E3C63D84F8EE6D35AFA12278C
 	User Name:	arjo5004.T1
 	User Sid:	S-1-12-1-4220155720-1073834589-1054805678-3526012841
"
"15-07-2026 12:26:57","12289","Information","Microsoft-Windows-Crypto-DPAPI","DPAPI found credential key.

 	Credential Key Identifier:	0xA72919B2574C12D1E74078B64D62E14D0586E3130B54594F7F724BB0CD0F668A
 	User Name:	arjo5004.t1@nielseniq.com
 	User Sid:	S-1-12-1-4220155720-1073834589-1054805678-3526012841
"
"15-07-2026 12:11:41","12290","Information","Microsoft-Windows-Crypto-DPAPI","Credential key does not exist."
"15-07-2026 12:11:40","12290","Information","Microsoft-Windows-Crypto-DPAPI","Credential key does not exist."
"15-07-2026 12:11:39","12289","Information","Microsoft-Windows-Crypto-DPAPI","DPAPI found credential key.

 	Credential Key Identifier:	0xA72919B2574C12D1E74078B64D62E14D0586E3130B54594F7F724BB0CD0F668A
 	User Name:	joe.prakash@nielseniq.com
 	User Sid:	S-1-12-1-2357405129-1281513531-255772574-1816207334
"
"15-07-2026 12:11:34","12289","Information","Microsoft-Windows-Crypto-DPAPI","DPAPI found credential key.

 	Credential Key Identifier:	0xA72919B2574C12D1E74078B64D62E14D0586E3130B54594F7F724BB0CD0F668A
 	User Name:	joe.prakash@nielseniq.com
 	User Sid:	S-1-12-1-2357405129-1281513531-255772574-1816207334
"
"15-07-2026 10:32:52","12290","Information","Microsoft-Windows-Crypto-DPAPI","Credential key does not exist."
"15-07-2026 10:32:51","12290","Information","Microsoft-Windows-Crypto-DPAPI","Credential key does not exist."
"15-07-2026 10:32:49","12289","Information","Microsoft-Windows-Crypto-DPAPI","DPAPI found credential key.

 	Credential Key Identifier:	0xA72919B2574C12D1E74078B64D62E14D0586E3130B54594F7F724BB0CD0F668A
 	User Name:	joe.prakash@nielseniq.com
 	User Sid:	S-1-12-1-2357405129-1281513531-255772574-1816207334
"
"15-07-2026 10:32:42","12289","Information","Microsoft-Windows-Crypto-DPAPI","DPAPI found credential key.

 	Credential Key Identifier:	0xA72919B2574C12D1E74078B64D62E14D0586E3130B54594F7F724BB0CD0F668A
 	User Name:	joe.prakash@nielseniq.com
 	User Sid:	S-1-12-1-2357405129-1281513531-255772574-1816207334
"
"15-07-2026 09:35:47","12290","Information","Microsoft-Windows-Crypto-DPAPI","Credential key does not exist."
"15-07-2026 09:35:46","12290","Information","Microsoft-Windows-Crypto-DPAPI","Credential key does not exist."
"15-07-2026 09:35:42","12289","Information","Microsoft-Windows-Crypto-DPAPI","DPAPI found credential key.

 	Credential Key Identifier:	0xA72919B2574C12D1E74078B64D62E14D0586E3130B54594F7F724BB0CD0F668A
 	User Name:	joe.prakash@nielseniq.com
 	User Sid:	S-1-12-1-2357405129-1281513531-255772574-1816207334
"
"15-07-2026 09:35:37","12289","Information","Microsoft-Windows-Crypto-DPAPI","DPAPI found credential key.

 	Credential Key Identifier:	0xA72919B2574C12D1E74078B64D62E14D0586E3130B54594F7F724BB0CD0F668A
 	User Name:	joe.prakash@nielseniq.com
 	User Sid:	S-1-12-1-2357405129-1281513531-255772574-1816207334
"
"14-07-2026 18:25:35","12290","Information","Microsoft-Windows-Crypto-DPAPI","Credential key does not exist."
"14-07-2026 18:25:34","12290","Information","Microsoft-Windows-Crypto-DPAPI","Credential key does not exist."
"14-07-2026 18:25:32","12289","Information","Microsoft-Windows-Crypto-DPAPI","DPAPI found credential key.

 	Credential Key Identifier:	0xA72919B2574C12D1E74078B64D62E14D0586E3130B54594F7F724BB0CD0F668A
 	User Name:	joe.prakash@nielseniq.com
 	User Sid:	S-1-12-1-2357405129-1281513531-255772574-1816207334
"
"14-07-2026 18:25:26","12289","Information","Microsoft-Windows-Crypto-DPAPI","DPAPI found credential key.

 	Credential Key Identifier:	0xA72919B2574C12D1E74078B64D62E14D0586E3130B54594F7F724BB0CD0F668A
 	User Name:	joe.prakash@nielseniq.com
 	User Sid:	S-1-12-1-2357405129-1281513531-255772574-1816207334
"
"14-07-2026 17:38:16","12290","Information","Microsoft-Windows-Crypto-DPAPI","Credential key does not exist."
"14-07-2026 17:38:15","12290","Information","Microsoft-Windows-Crypto-DPAPI","Credential key does not exist."
"14-07-2026 17:38:13","12289","Information","Microsoft-Windows-Crypto-DPAPI","DPAPI found credential key.

 	Credential Key Identifier:	0xA72919B2574C12D1E74078B64D62E14D0586E3130B54594F7F724BB0CD0F668A
 	User Name:	joe.prakash@nielseniq.com
 	User Sid:	S-1-12-1-2357405129-1281513531-255772574-1816207334
"
"14-07-2026 17:38:08","12289","Information","Microsoft-Windows-Crypto-DPAPI","DPAPI found credential key.

 	Credential Key Identifier:	0xA72919B2574C12D1E74078B64D62E14D0586E3130B54594F7F724BB0CD0F668A
 	User Name:	joe.prakash@nielseniq.com
 	User Sid:	S-1-12-1-2357405129-1281513531-255772574-1816207334
"
"14-07-2026 17:26:04","12290","Information","Microsoft-Windows-Crypto-DPAPI","Credential key does not exist."
"14-07-2026 17:26:03","12290","Information","Microsoft-Windows-Crypto-DPAPI","Credential key does not exist."
"14-07-2026 17:26:01","12289","Information","Microsoft-Windows-Crypto-DPAPI","DPAPI found credential key.

 	Credential Key Identifier:	0xA72919B2574C12D1E74078B64D62E14D0586E3130B54594F7F724BB0CD0F668A
 	User Name:	joe.prakash@nielseniq.com
 	User Sid:	S-1-12-1-2357405129-1281513531-255772574-1816207334
"
"14-07-2026 17:25:56","12289","Information","Microsoft-Windows-Crypto-DPAPI","DPAPI found credential key.

 	Credential Key Identifier:	0xA72919B2574C12D1E74078B64D62E14D0586E3130B54594F7F724BB0CD0F668A
 	User Name:	joe.prakash@nielseniq.com
 	User Sid:	S-1-12-1-2357405129-1281513531-255772574-1816207334
"
"14-07-2026 16:25:51","12290","Information","Microsoft-Windows-Crypto-DPAPI","Credential key does not exist."
"14-07-2026 16:25:49","12290","Information","Microsoft-Windows-Crypto-DPAPI","Credential key does not exist."
"14-07-2026 16:25:48","12289","Information","Microsoft-Windows-Crypto-DPAPI","DPAPI found credential key.

 	Credential Key Identifier:	0xA72919B2574C12D1E74078B64D62E14D0586E3130B54594F7F724BB0CD0F668A
 	User Name:	joe.prakash@nielseniq.com
 	User Sid:	S-1-12-1-2357405129-1281513531-255772574-1816207334
"
"14-07-2026 16:25:43","12289","Information","Microsoft-Windows-Crypto-DPAPI","DPAPI found credential key.

 	Credential Key Identifier:	0xA72919B2574C12D1E74078B64D62E14D0586E3130B54594F7F724BB0CD0F668A
 	User Name:	joe.prakash@nielseniq.com
 	User Sid:	S-1-12-1-2357405129-1281513531-255772574-1816207334
"
"14-07-2026 14:24:21","12290","Information","Microsoft-Windows-Crypto-DPAPI","Credential key does not exist."
"14-07-2026 14:24:20","12290","Information","Microsoft-Windows-Crypto-DPAPI","Credential key does not exist."
"14-07-2026 14:24:18","12289","Information","Microsoft-Windows-Crypto-DPAPI","DPAPI found credential key.

 	Credential Key Identifier:	0xA72919B2574C12D1E74078B64D62E14D0586E3130B54594F7F724BB0CD0F668A
 	User Name:	joe.prakash@nielseniq.com
 	User Sid:	S-1-12-1-2357405129-1281513531-255772574-1816207334
"
"14-07-2026 14:24:12","12289","Information","Microsoft-Windows-Crypto-DPAPI","DPAPI found credential key.

 	Credential Key Identifier:	0xA72919B2574C12D1E74078B64D62E14D0586E3130B54594F7F724BB0CD0F668A
 	User Name:	joe.prakash@nielseniq.com
 	User Sid:	S-1-12-1-2357405129-1281513531-255772574-1816207334
"
"14-07-2026 13:18:28","12290","Information","Microsoft-Windows-Crypto-DPAPI","Credential key does not exist."
"14-07-2026 13:18:27","12290","Information","Microsoft-Windows-Crypto-DPAPI","Credential key does not exist."
"14-07-2026 13:18:26","12289","Information","Microsoft-Windows-Crypto-DPAPI","DPAPI found credential key.

 	Credential Key Identifier:	0xA72919B2574C12D1E74078B64D62E14D0586E3130B54594F7F724BB0CD0F668A
 	User Name:	joe.prakash@nielseniq.com
 	User Sid:	S-1-12-1-2357405129-1281513531-255772574-1816207334
"
"14-07-2026 13:18:20","12289","Information","Microsoft-Windows-Crypto-DPAPI","DPAPI found credential key.

 	Credential Key Identifier:	0xA72919B2574C12D1E74078B64D62E14D0586E3130B54594F7F724BB0CD0F668A
 	User Name:	joe.prakash@nielseniq.com
 	User Sid:	S-1-12-1-2357405129-1281513531-255772574-1816207334
"
"14-07-2026 12:47:32","12290","Information","Microsoft-Windows-Crypto-DPAPI","Credential key does not exist."
"14-07-2026 12:47:31","12290","Information","Microsoft-Windows-Crypto-DPAPI","Credential key does not exist."
"14-07-2026 12:47:29","12289","Information","Microsoft-Windows-Crypto-DPAPI","DPAPI found credential key.

 	Credential Key Identifier:	0xA72919B2574C12D1E74078B64D62E14D0586E3130B54594F7F724BB0CD0F668A
 	User Name:	joe.prakash@nielseniq.com
 	User Sid:	S-1-12-1-2357405129-1281513531-255772574-1816207334
"
"14-07-2026 12:47:23","12289","Information","Microsoft-Windows-Crypto-DPAPI","DPAPI found credential key.

 	Credential Key Identifier:	0xA72919B2574C12D1E74078B64D62E14D0586E3130B54594F7F724BB0CD0F668A
 	User Name:	joe.prakash@nielseniq.com
 	User Sid:	S-1-12-1-2357405129-1281513531-255772574-1816207334
"
"14-07-2026 12:19:50","12289","Information","Microsoft-Windows-Crypto-DPAPI","DPAPI found credential key.

 	Credential Key Identifier:	0xA72919B2574C12D1E74078B64D62E14D0586E3130B54594F7F724BB0CD0F668A
 	User Name:	joe.prakash@nielseniq.com
 	User Sid:	S-1-12-1-2357405129-1281513531-255772574-1816207334
"
"14-07-2026 12:19:50","12289","Information","Microsoft-Windows-Crypto-DPAPI","DPAPI found credential key.

 	Credential Key Identifier:	0xA72919B2574C12D1E74078B64D62E14D0586E3130B54594F7F724BB0CD0F668A
 	User Name:	joe.prakash@nielseniq.com
 	User Sid:	S-1-12-1-2357405129-1281513531-255772574-1816207334
"
"14-07-2026 12:01:50","12290","Information","Microsoft-Windows-Crypto-DPAPI","Credential key does not exist."
"14-07-2026 12:01:49","12290","Information","Microsoft-Windows-Crypto-DPAPI","Credential key does not exist."
"14-07-2026 12:01:47","12289","Information","Microsoft-Windows-Crypto-DPAPI","DPAPI found credential key.

 	Credential Key Identifier:	0xA72919B2574C12D1E74078B64D62E14D0586E3130B54594F7F724BB0CD0F668A
 	User Name:	joe.prakash@nielseniq.com
 	User Sid:	S-1-12-1-2357405129-1281513531-255772574-1816207334
"
"14-07-2026 12:01:42","12289","Information","Microsoft-Windows-Crypto-DPAPI","DPAPI found credential key.

 	Credential Key Identifier:	0xA72919B2574C12D1E74078B64D62E14D0586E3130B54594F7F724BB0CD0F668A
 	User Name:	joe.prakash@nielseniq.com
 	User Sid:	S-1-12-1-2357405129-1281513531-255772574-1816207334
"
"14-07-2026 11:45:17","12290","Information","Microsoft-Windows-Crypto-DPAPI","Credential key does not exist."
"14-07-2026 11:45:16","12290","Information","Microsoft-Windows-Crypto-DPAPI","Credential key does not exist."
"14-07-2026 11:45:14","12289","Information","Microsoft-Windows-Crypto-DPAPI","DPAPI found credential key.

 	Credential Key Identifier:	0xA72919B2574C12D1E74078B64D62E14D0586E3130B54594F7F724BB0CD0F668A
 	User Name:	joe.prakash@nielseniq.com
 	User Sid:	S-1-12-1-2357405129-1281513531-255772574-1816207334
"
"14-07-2026 11:45:09","12289","Information","Microsoft-Windows-Crypto-DPAPI","DPAPI found credential key.

 	Credential Key Identifier:	0xA72919B2574C12D1E74078B64D62E14D0586E3130B54594F7F724BB0CD0F668A
 	User Name:	joe.prakash@nielseniq.com
 	User Sid:	S-1-12-1-2357405129-1281513531-255772574-1816207334
"
"14-07-2026 11:22:25","12290","Information","Microsoft-Windows-Crypto-DPAPI","Credential key does not exist."
"14-07-2026 11:22:24","12290","Information","Microsoft-Windows-Crypto-DPAPI","Credential key does not exist."
"14-07-2026 11:22:23","12289","Information","Microsoft-Windows-Crypto-DPAPI","DPAPI found credential key.

 	Credential Key Identifier:	0xA72919B2574C12D1E74078B64D62E14D0586E3130B54594F7F724BB0CD0F668A
 	User Name:	joe.prakash@nielseniq.com
 	User Sid:	S-1-12-1-2357405129-1281513531-255772574-1816207334
"
"14-07-2026 11:22:18","12289","Information","Microsoft-Windows-Crypto-DPAPI","DPAPI found credential key.

 	Credential Key Identifier:	0xA72919B2574C12D1E74078B64D62E14D0586E3130B54594F7F724BB0CD0F668A
 	User Name:	joe.prakash@nielseniq.com
 	User Sid:	S-1-12-1-2357405129-1281513531-255772574-1816207334
"
"14-07-2026 09:54:22","12290","Information","Microsoft-Windows-Crypto-DPAPI","Credential key does not exist."
"14-07-2026 09:54:21","12290","Information","Microsoft-Windows-Crypto-DPAPI","Credential key does not exist."
"14-07-2026 09:54:20","12289","Information","Microsoft-Windows-Crypto-DPAPI","DPAPI found credential key.

 	Credential Key Identifier:	0xA72919B2574C12D1E74078B64D62E14D0586E3130B54594F7F724BB0CD0F668A
 	User Name:	joe.prakash@nielseniq.com
 	User Sid:	S-1-12-1-2357405129-1281513531-255772574-1816207334
"
"14-07-2026 09:54:15","12289","Information","Microsoft-Windows-Crypto-DPAPI","DPAPI found credential key.

 	Credential Key Identifier:	0xA72919B2574C12D1E74078B64D62E14D0586E3130B54594F7F724BB0CD0F668A
 	User Name:	joe.prakash@nielseniq.com
 	User Sid:	S-1-12-1-2357405129-1281513531-255772574-1816207334
"
"14-07-2026 09:37:13","12290","Information","Microsoft-Windows-Crypto-DPAPI","Credential key does not exist."
"14-07-2026 09:37:12","12290","Information","Microsoft-Windows-Crypto-DPAPI","Credential key does not exist."
"14-07-2026 09:37:10","12289","Information","Microsoft-Windows-Crypto-DPAPI","DPAPI found credential key.

 	Credential Key Identifier:	0xA72919B2574C12D1E74078B64D62E14D0586E3130B54594F7F724BB0CD0F668A
 	User Name:	joe.prakash@nielseniq.com
 	User Sid:	S-1-12-1-2357405129-1281513531-255772574-1816207334
"
"14-07-2026 09:37:03","12289","Information","Microsoft-Windows-Crypto-DPAPI","DPAPI found credential key.

 	Credential Key Identifier:	0xA72919B2574C12D1E74078B64D62E14D0586E3130B54594F7F724BB0CD0F668A
 	User Name:	joe.prakash@nielseniq.com
 	User Sid:	S-1-12-1-2357405129-1281513531-255772574-1816207334
"
"13-07-2026 19:16:48","12290","Information","Microsoft-Windows-Crypto-DPAPI","Credential key does not exist."
"13-07-2026 19:16:47","12290","Information","Microsoft-Windows-Crypto-DPAPI","Credential key does not exist."
"13-07-2026 19:16:45","12289","Information","Microsoft-Windows-Crypto-DPAPI","DPAPI found credential key.

 	Credential Key Identifier:	0xA72919B2574C12D1E74078B64D62E14D0586E3130B54594F7F724BB0CD0F668A
 	User Name:	joe.prakash@nielseniq.com
 	User Sid:	S-1-12-1-2357405129-1281513531-255772574-1816207334
"
"13-07-2026 19:16:40","12289","Information","Microsoft-Windows-Crypto-DPAPI","DPAPI found credential key.

 	Credential Key Identifier:	0xA72919B2574C12D1E74078B64D62E14D0586E3130B54594F7F724BB0CD0F668A
 	User Name:	joe.prakash@nielseniq.com
 	User Sid:	S-1-12-1-2357405129-1281513531-255772574-1816207334
"
"13-07-2026 17:59:49","12290","Information","Microsoft-Windows-Crypto-DPAPI","Credential key does not exist."
"13-07-2026 17:59:48","12290","Information","Microsoft-Windows-Crypto-DPAPI","Credential key does not exist."
"13-07-2026 17:59:46","12289","Information","Microsoft-Windows-Crypto-DPAPI","DPAPI found credential key.

 	Credential Key Identifier:	0xA72919B2574C12D1E74078B64D62E14D0586E3130B54594F7F724BB0CD0F668A
 	User Name:	joe.prakash@nielseniq.com
 	User Sid:	S-1-12-1-2357405129-1281513531-255772574-1816207334
"
"13-07-2026 17:59:41","12289","Information","Microsoft-Windows-Crypto-DPAPI","DPAPI found credential key.

 	Credential Key Identifier:	0xA72919B2574C12D1E74078B64D62E14D0586E3130B54594F7F724BB0CD0F668A
 	User Name:	joe.prakash@nielseniq.com
 	User Sid:	S-1-12-1-2357405129-1281513531-255772574-1816207334
"
"13-07-2026 15:30:01","12290","Information","Microsoft-Windows-Crypto-DPAPI","Credential key does not exist."
"13-07-2026 15:30:00","12290","Information","Microsoft-Windows-Crypto-DPAPI","Credential key does not exist."
"13-07-2026 15:29:56","12289","Information","Microsoft-Windows-Crypto-DPAPI","DPAPI found credential key.

 	Credential Key Identifier:	0xA72919B2574C12D1E74078B64D62E14D0586E3130B54594F7F724BB0CD0F668A
 	User Name:	joe.prakash@nielseniq.com
 	User Sid:	S-1-12-1-2357405129-1281513531-255772574-1816207334
"
"13-07-2026 15:29:50","12289","Information","Microsoft-Windows-Crypto-DPAPI","DPAPI found credential key.

 	Credential Key Identifier:	0xA72919B2574C12D1E74078B64D62E14D0586E3130B54594F7F724BB0CD0F668A
 	User Name:	joe.prakash@nielseniq.com
 	User Sid:	S-1-12-1-2357405129-1281513531-255772574-1816207334
"
"13-07-2026 13:58:57","12290","Information","Microsoft-Windows-Crypto-DPAPI","Credential key does not exist."
"13-07-2026 13:58:56","12290","Information","Microsoft-Windows-Crypto-DPAPI","Credential key does not exist."
"13-07-2026 13:58:53","12289","Information","Microsoft-Windows-Crypto-DPAPI","DPAPI found credential key.

 	Credential Key Identifier:	0xA72919B2574C12D1E74078B64D62E14D0586E3130B54594F7F724BB0CD0F668A
 	User Name:	joe.prakash@nielseniq.com
 	User Sid:	S-1-12-1-2357405129-1281513531-255772574-1816207334
"
"13-07-2026 13:58:48","12289","Information","Microsoft-Windows-Crypto-DPAPI","DPAPI found credential key.

 	Credential Key Identifier:	0xA72919B2574C12D1E74078B64D62E14D0586E3130B54594F7F724BB0CD0F668A
 	User Name:	joe.prakash@nielseniq.com
 	User Sid:	S-1-12-1-2357405129-1281513531-255772574-1816207334
"
"13-07-2026 12:28:55","12290","Information","Microsoft-Windows-Crypto-DPAPI","Credential key does not exist."
"13-07-2026 12:28:54","12290","Information","Microsoft-Windows-Crypto-DPAPI","Credential key does not exist."
"13-07-2026 12:28:52","12289","Information","Microsoft-Windows-Crypto-DPAPI","DPAPI found credential key.

 	Credential Key Identifier:	0xA72919B2574C12D1E74078B64D62E14D0586E3130B54594F7F724BB0CD0F668A
 	User Name:	joe.prakash@nielseniq.com
 	User Sid:	S-1-12-1-2357405129-1281513531-255772574-1816207334
"
"13-07-2026 12:28:47","12289","Information","Microsoft-Windows-Crypto-DPAPI","DPAPI found credential key.

 	Credential Key Identifier:	0xA72919B2574C12D1E74078B64D62E14D0586E3130B54594F7F724BB0CD0F668A
 	User Name:	joe.prakash@nielseniq.com
 	User Sid:	S-1-12-1-2357405129-1281513531-255772574-1816207334
"
"13-07-2026 09:55:51","12290","Information","Microsoft-Windows-Crypto-DPAPI","Credential key does not exist."
"13-07-2026 09:55:50","12290","Information","Microsoft-Windows-Crypto-DPAPI","Credential key does not exist."
"13-07-2026 09:55:48","12289","Information","Microsoft-Windows-Crypto-DPAPI","DPAPI found credential key.

 	Credential Key Identifier:	0xA72919B2574C12D1E74078B64D62E14D0586E3130B54594F7F724BB0CD0F668A
 	User Name:	joe.prakash@nielseniq.com
 	User Sid:	S-1-12-1-2357405129-1281513531-255772574-1816207334
"
"13-07-2026 09:55:42","12289","Information","Microsoft-Windows-Crypto-DPAPI","DPAPI found credential key.

 	Credential Key Identifier:	0xA72919B2574C12D1E74078B64D62E14D0586E3130B54594F7F724BB0CD0F668A
 	User Name:	joe.prakash@nielseniq.com
 	User Sid:	S-1-12-1-2357405129-1281513531-255772574-1816207334
"
"13-07-2026 09:39:01","12290","Information","Microsoft-Windows-Crypto-DPAPI","Credential key does not exist."
"13-07-2026 09:38:58","12290","Information","Microsoft-Windows-Crypto-DPAPI","Credential key does not exist."
"13-07-2026 09:38:55","12289","Information","Microsoft-Windows-Crypto-DPAPI","DPAPI found credential key.

 	Credential Key Identifier:	0xA72919B2574C12D1E74078B64D62E14D0586E3130B54594F7F724BB0CD0F668A
 	User Name:	joe.prakash@nielseniq.com
 	User Sid:	S-1-12-1-2357405129-1281513531-255772574-1816207334
"
"13-07-2026 09:38:48","12289","Information","Microsoft-Windows-Crypto-DPAPI","DPAPI found credential key.

 	Credential Key Identifier:	0xA72919B2574C12D1E74078B64D62E14D0586E3130B54594F7F724BB0CD0F668A
 	User Name:	joe.prakash@nielseniq.com
 	User Sid:	S-1-12-1-2357405129-1281513531-255772574-1816207334
"
"12-07-2026 18:32:34","12289","Information","Microsoft-Windows-Crypto-DPAPI","DPAPI found credential key.

 	Credential Key Identifier:	0x7389A3ADF39DB9C52CDF3E89EEA18B87E9134793268F0C8E0C96530D086AE049
 	User Name:	arjo5004
 	User Sid:	S-1-12-1-2357405129-1281513531-255772574-1816207334
"
"12-07-2026 18:32:34","12289","Information","Microsoft-Windows-Crypto-DPAPI","DPAPI found credential key.

 	Credential Key Identifier:	0x8621E0FC5E980CF765D30661DDFDDBC9A3A33E4AB05CC8391F6DC93620F9AE7C
 	User Name:	arjo5004
 	User Sid:	S-1-12-1-2357405129-1281513531-255772574-1816207334
"
"12-07-2026 18:32:33","12289","Information","Microsoft-Windows-Crypto-DPAPI","DPAPI found credential key.

 	Credential Key Identifier:	0xA72919B2574C12D1E74078B64D62E14D0586E3130B54594F7F724BB0CD0F668A
 	User Name:	joe.prakash@nielseniq.com
 	User Sid:	S-1-12-1-2357405129-1281513531-255772574-1816207334
"
"12-07-2026 18:32:29","12289","Information","Microsoft-Windows-Crypto-DPAPI","DPAPI found credential key.

 	Credential Key Identifier:	0xECBBAE2791686E196E88681BE2BC584A75412541A7D907715E289E302C2796AB
 	User Name:	arjo5004
 	User Sid:	S-1-12-1-2357405129-1281513531-255772574-1816207334
"
"12-07-2026 18:32:29","12289","Information","Microsoft-Windows-Crypto-DPAPI","DPAPI found credential key.

 	Credential Key Identifier:	0xA72919B2574C12D1E74078B64D62E14D0586E3130B54594F7F724BB0CD0F668A
 	User Name:	joe.prakash@nielseniq.com
 	User Sid:	S-1-12-1-2357405129-1281513531-255772574-1816207334
"
"12-07-2026 18:21:27","12289","Information","Microsoft-Windows-Crypto-DPAPI","DPAPI found credential key.

 	Credential Key Identifier:	0xA72919B2574C12D1E74078B64D62E14D0586E3130B54594F7F724BB0CD0F668A
 	User Name:	joe.prakash@nielseniq.com
 	User Sid:	S-1-12-1-2357405129-1281513531-255772574-1816207334
"
"12-07-2026 18:21:21","12289","Information","Microsoft-Windows-Crypto-DPAPI","DPAPI found credential key.

 	Credential Key Identifier:	0xA72919B2574C12D1E74078B64D62E14D0586E3130B54594F7F724BB0CD0F668A
 	User Name:	joe.prakash@nielseniq.com
 	User Sid:	S-1-12-1-2357405129-1281513531-255772574-1816207334
"
"11-07-2026 18:01:41","12289","Information","Microsoft-Windows-Crypto-DPAPI","DPAPI found credential key.

 	Credential Key Identifier:	0xA72919B2574C12D1E74078B64D62E14D0586E3130B54594F7F724BB0CD0F668A
 	User Name:	joe.prakash@nielseniq.com
 	User Sid:	S-1-12-1-2357405129-1281513531-255772574-1816207334
"
"11-07-2026 18:01:35","12289","Information","Microsoft-Windows-Crypto-DPAPI","DPAPI found credential key.

 	Credential Key Identifier:	0xA72919B2574C12D1E74078B64D62E14D0586E3130B54594F7F724BB0CD0F668A
 	User Name:	joe.prakash@nielseniq.com
 	User Sid:	S-1-12-1-2357405129-1281513531-255772574-1816207334
"
"11-07-2026 17:19:40","12289","Information","Microsoft-Windows-Crypto-DPAPI","DPAPI found credential key.

 	Credential Key Identifier:	0xA72919B2574C12D1E74078B64D62E14D0586E3130B54594F7F724BB0CD0F668A
 	User Name:	joe.prakash@nielseniq.com
 	User Sid:	S-1-12-1-2357405129-1281513531-255772574-1816207334
"
"11-07-2026 17:19:40","12289","Information","Microsoft-Windows-Crypto-DPAPI","DPAPI found credential key.

 	Credential Key Identifier:	0xA72919B2574C12D1E74078B64D62E14D0586E3130B54594F7F724BB0CD0F668A
 	User Name:	joe.prakash@nielseniq.com
 	User Sid:	S-1-12-1-2357405129-1281513531-255772574-1816207334
"
"11-07-2026 13:45:39","12289","Information","Microsoft-Windows-Crypto-DPAPI","DPAPI found credential key.

 	Credential Key Identifier:	0xA72919B2574C12D1E74078B64D62E14D0586E3130B54594F7F724BB0CD0F668A
 	User Name:	joe.prakash@nielseniq.com
 	User Sid:	S-1-12-1-2357405129-1281513531-255772574-1816207334
"
"11-07-2026 13:45:33","12289","Information","Microsoft-Windows-Crypto-DPAPI","DPAPI found credential key.

 	Credential Key Identifier:	0xA72919B2574C12D1E74078B64D62E14D0586E3130B54594F7F724BB0CD0F668A
 	User Name:	joe.prakash@nielseniq.com
 	User Sid:	S-1-12-1-2357405129-1281513531-255772574-1816207334
"
"11-07-2026 09:09:00","12289","Information","Microsoft-Windows-Crypto-DPAPI","DPAPI found credential key.

 	Credential Key Identifier:	0xA72919B2574C12D1E74078B64D62E14D0586E3130B54594F7F724BB0CD0F668A
 	User Name:	joe.prakash@nielseniq.com
 	User Sid:	S-1-12-1-2357405129-1281513531-255772574-1816207334
"
"11-07-2026 09:08:41","12289","Information","Microsoft-Windows-Crypto-DPAPI","DPAPI found credential key.

 	Credential Key Identifier:	0xA72919B2574C12D1E74078B64D62E14D0586E3130B54594F7F724BB0CD0F668A
 	User Name:	joe.prakash@nielseniq.com
 	User Sid:	S-1-12-1-2357405129-1281513531-255772574-1816207334
"
"10-07-2026 15:21:55","12290","Information","Microsoft-Windows-Crypto-DPAPI","Credential key does not exist."
"10-07-2026 15:21:54","12290","Information","Microsoft-Windows-Crypto-DPAPI","Credential key does not exist."
"10-07-2026 15:21:52","12289","Information","Microsoft-Windows-Crypto-DPAPI","DPAPI found credential key.

 	Credential Key Identifier:	0xA72919B2574C12D1E74078B64D62E14D0586E3130B54594F7F724BB0CD0F668A
 	User Name:	joe.prakash@nielseniq.com
 	User Sid:	S-1-12-1-2357405129-1281513531-255772574-1816207334
"
"10-07-2026 15:21:46","12289","Information","Microsoft-Windows-Crypto-DPAPI","DPAPI found credential key.

 	Credential Key Identifier:	0xA72919B2574C12D1E74078B64D62E14D0586E3130B54594F7F724BB0CD0F668A
 	User Name:	joe.prakash@nielseniq.com
 	User Sid:	S-1-12-1-2357405129-1281513531-255772574-1816207334
"
"10-07-2026 11:40:08","12290","Information","Microsoft-Windows-Crypto-DPAPI","Credential key does not exist."
"10-07-2026 11:40:07","12290","Information","Microsoft-Windows-Crypto-DPAPI","Credential key does not exist."
"10-07-2026 11:40:06","12289","Information","Microsoft-Windows-Crypto-DPAPI","DPAPI found credential key.

 	Credential Key Identifier:	0xA72919B2574C12D1E74078B64D62E14D0586E3130B54594F7F724BB0CD0F668A
 	User Name:	joe.prakash@nielseniq.com
 	User Sid:	S-1-12-1-2357405129-1281513531-255772574-1816207334
"
"10-07-2026 11:40:00","12289","Information","Microsoft-Windows-Crypto-DPAPI","DPAPI found credential key.

 	Credential Key Identifier:	0xA72919B2574C12D1E74078B64D62E14D0586E3130B54594F7F724BB0CD0F668A
 	User Name:	joe.prakash@nielseniq.com
 	User Sid:	S-1-12-1-2357405129-1281513531-255772574-1816207334
"
"10-07-2026 11:04:22","12290","Information","Microsoft-Windows-Crypto-DPAPI","Credential key does not exist."
"10-07-2026 11:04:21","12290","Information","Microsoft-Windows-Crypto-DPAPI","Credential key does not exist."
"10-07-2026 11:04:19","12289","Information","Microsoft-Windows-Crypto-DPAPI","DPAPI found credential key.

 	Credential Key Identifier:	0xA72919B2574C12D1E74078B64D62E14D0586E3130B54594F7F724BB0CD0F668A
 	User Name:	joe.prakash@nielseniq.com
 	User Sid:	S-1-12-1-2357405129-1281513531-255772574-1816207334
"
"10-07-2026 11:04:14","12289","Information","Microsoft-Windows-Crypto-DPAPI","DPAPI found credential key.

 	Credential Key Identifier:	0xA72919B2574C12D1E74078B64D62E14D0586E3130B54594F7F724BB0CD0F668A
 	User Name:	joe.prakash@nielseniq.com
 	User Sid:	S-1-12-1-2357405129-1281513531-255772574-1816207334
"
"10-07-2026 10:37:42","12290","Information","Microsoft-Windows-Crypto-DPAPI","Credential key does not exist."
"10-07-2026 10:37:41","12290","Information","Microsoft-Windows-Crypto-DPAPI","Credential key does not exist."
"10-07-2026 10:37:37","12289","Information","Microsoft-Windows-Crypto-DPAPI","DPAPI found credential key.

 	Credential Key Identifier:	0xA72919B2574C12D1E74078B64D62E14D0586E3130B54594F7F724BB0CD0F668A
 	User Name:	joe.prakash@nielseniq.com
 	User Sid:	S-1-12-1-2357405129-1281513531-255772574-1816207334
"
"10-07-2026 10:37:32","12289","Information","Microsoft-Windows-Crypto-DPAPI","DPAPI found credential key.

 	Credential Key Identifier:	0xA72919B2574C12D1E74078B64D62E14D0586E3130B54594F7F724BB0CD0F668A
 	User Name:	joe.prakash@nielseniq.com
 	User Sid:	S-1-12-1-2357405129-1281513531-255772574-1816207334
"
"10-07-2026 10:00:03","12290","Information","Microsoft-Windows-Crypto-DPAPI","Credential key does not exist."
"10-07-2026 10:00:02","12290","Information","Microsoft-Windows-Crypto-DPAPI","Credential key does not exist."
"10-07-2026 10:00:00","12289","Information","Microsoft-Windows-Crypto-DPAPI","DPAPI found credential key.

 	Credential Key Identifier:	0xA72919B2574C12D1E74078B64D62E14D0586E3130B54594F7F724BB0CD0F668A
 	User Name:	joe.prakash@nielseniq.com
 	User Sid:	S-1-12-1-2357405129-1281513531-255772574-1816207334
"
"10-07-2026 09:59:54","12289","Information","Microsoft-Windows-Crypto-DPAPI","DPAPI found credential key.

 	Credential Key Identifier:	0xA72919B2574C12D1E74078B64D62E14D0586E3130B54594F7F724BB0CD0F668A
 	User Name:	joe.prakash@nielseniq.com
 	User Sid:	S-1-12-1-2357405129-1281513531-255772574-1816207334
"
"09-07-2026 18:32:00","12290","Information","Microsoft-Windows-Crypto-DPAPI","Credential key does not exist."
"09-07-2026 18:31:59","12290","Information","Microsoft-Windows-Crypto-DPAPI","Credential key does not exist."
"09-07-2026 18:31:57","12289","Information","Microsoft-Windows-Crypto-DPAPI","DPAPI found credential key.

 	Credential Key Identifier:	0xA72919B2574C12D1E74078B64D62E14D0586E3130B54594F7F724BB0CD0F668A
 	User Name:	joe.prakash@nielseniq.com
 	User Sid:	S-1-12-1-2357405129-1281513531-255772574-1816207334
"
"09-07-2026 18:31:51","12289","Information","Microsoft-Windows-Crypto-DPAPI","DPAPI found credential key.

 	Credential Key Identifier:	0xA72919B2574C12D1E74078B64D62E14D0586E3130B54594F7F724BB0CD0F668A
 	User Name:	joe.prakash@nielseniq.com
 	User Sid:	S-1-12-1-2357405129-1281513531-255772574-1816207334
"
"09-07-2026 17:39:24","12290","Information","Microsoft-Windows-Crypto-DPAPI","Credential key does not exist."
"09-07-2026 17:39:23","12290","Information","Microsoft-Windows-Crypto-DPAPI","Credential key does not exist."
"09-07-2026 17:39:20","12289","Information","Microsoft-Windows-Crypto-DPAPI","DPAPI found credential key.

 	Credential Key Identifier:	0xA72919B2574C12D1E74078B64D62E14D0586E3130B54594F7F724BB0CD0F668A
 	User Name:	joe.prakash@nielseniq.com
 	User Sid:	S-1-12-1-2357405129-1281513531-255772574-1816207334
"
"09-07-2026 17:39:15","12289","Information","Microsoft-Windows-Crypto-DPAPI","DPAPI found credential key.

 	Credential Key Identifier:	0xA72919B2574C12D1E74078B64D62E14D0586E3130B54594F7F724BB0CD0F668A
 	User Name:	joe.prakash@nielseniq.com
 	User Sid:	S-1-12-1-2357405129-1281513531-255772574-1816207334
"
"09-07-2026 17:04:01","12290","Information","Microsoft-Windows-Crypto-DPAPI","Credential key does not exist."
"09-07-2026 17:04:00","12290","Information","Microsoft-Windows-Crypto-DPAPI","Credential key does not exist."
"09-07-2026 17:03:58","12289","Information","Microsoft-Windows-Crypto-DPAPI","DPAPI found credential key.

 	Credential Key Identifier:	0xA72919B2574C12D1E74078B64D62E14D0586E3130B54594F7F724BB0CD0F668A
 	User Name:	joe.prakash@nielseniq.com
 	User Sid:	S-1-12-1-2357405129-1281513531-255772574-1816207334
"
"09-07-2026 17:03:54","12289","Information","Microsoft-Windows-Crypto-DPAPI","DPAPI found credential key.

 	Credential Key Identifier:	0xA72919B2574C12D1E74078B64D62E14D0586E3130B54594F7F724BB0CD0F668A
 	User Name:	joe.prakash@nielseniq.com
 	User Sid:	S-1-12-1-2357405129-1281513531-255772574-1816207334
"
"09-07-2026 15:45:23","12290","Information","Microsoft-Windows-Crypto-DPAPI","Credential key does not exist."
"09-07-2026 15:45:22","12290","Information","Microsoft-Windows-Crypto-DPAPI","Credential key does not exist."
"09-07-2026 15:45:19","12289","Information","Microsoft-Windows-Crypto-DPAPI","DPAPI found credential key.

 	Credential Key Identifier:	0xA72919B2574C12D1E74078B64D62E14D0586E3130B54594F7F724BB0CD0F668A
 	User Name:	joe.prakash@nielseniq.com
 	User Sid:	S-1-12-1-2357405129-1281513531-255772574-1816207334
"
"09-07-2026 15:45:12","12289","Information","Microsoft-Windows-Crypto-DPAPI","DPAPI found credential key.

 	Credential Key Identifier:	0xA72919B2574C12D1E74078B64D62E14D0586E3130B54594F7F724BB0CD0F668A
 	User Name:	joe.prakash@nielseniq.com
 	User Sid:	S-1-12-1-2357405129-1281513531-255772574-1816207334
"
"09-07-2026 14:38:05","12290","Information","Microsoft-Windows-Crypto-DPAPI","Credential key does not exist."
"09-07-2026 14:38:04","12290","Information","Microsoft-Windows-Crypto-DPAPI","Credential key does not exist."
"09-07-2026 14:38:01","12289","Information","Microsoft-Windows-Crypto-DPAPI","DPAPI found credential key.

 	Credential Key Identifier:	0xA72919B2574C12D1E74078B64D62E14D0586E3130B54594F7F724BB0CD0F668A
 	User Name:	joe.prakash@nielseniq.com
 	User Sid:	S-1-12-1-2357405129-1281513531-255772574-1816207334
"
"09-07-2026 14:37:56","12289","Information","Microsoft-Windows-Crypto-DPAPI","DPAPI found credential key.

 	Credential Key Identifier:	0xA72919B2574C12D1E74078B64D62E14D0586E3130B54594F7F724BB0CD0F668A
 	User Name:	joe.prakash@nielseniq.com
 	User Sid:	S-1-12-1-2357405129-1281513531-255772574-1816207334
"
"09-07-2026 12:54:06","12290","Information","Microsoft-Windows-Crypto-DPAPI","Credential key does not exist."
"09-07-2026 12:54:05","12290","Information","Microsoft-Windows-Crypto-DPAPI","Credential key does not exist."
"09-07-2026 12:53:53","12289","Information","Microsoft-Windows-Crypto-DPAPI","DPAPI found credential key.

 	Credential Key Identifier:	0xA72919B2574C12D1E74078B64D62E14D0586E3130B54594F7F724BB0CD0F668A
 	User Name:	joe.prakash@nielseniq.com
 	User Sid:	S-1-12-1-2357405129-1281513531-255772574-1816207334
"
"09-07-2026 12:53:44","12289","Information","Microsoft-Windows-Crypto-DPAPI","DPAPI found credential key.

 	Credential Key Identifier:	0xA72919B2574C12D1E74078B64D62E14D0586E3130B54594F7F724BB0CD0F668A
 	User Name:	joe.prakash@nielseniq.com
 	User Sid:	S-1-12-1-2357405129-1281513531-255772574-1816207334
"
"09-07-2026 10:22:44","12290","Information","Microsoft-Windows-Crypto-DPAPI","Credential key does not exist."
"09-07-2026 10:22:43","12290","Information","Microsoft-Windows-Crypto-DPAPI","Credential key does not exist."
"09-07-2026 10:22:41","12289","Information","Microsoft-Windows-Crypto-DPAPI","DPAPI found credential key.

 	Credential Key Identifier:	0xA72919B2574C12D1E74078B64D62E14D0586E3130B54594F7F724BB0CD0F668A
 	User Name:	joe.prakash@nielseniq.com
 	User Sid:	S-1-12-1-2357405129-1281513531-255772574-1816207334
"
"09-07-2026 10:22:36","12289","Information","Microsoft-Windows-Crypto-DPAPI","DPAPI found credential key.

 	Credential Key Identifier:	0xA72919B2574C12D1E74078B64D62E14D0586E3130B54594F7F724BB0CD0F668A
 	User Name:	joe.prakash@nielseniq.com
 	User Sid:	S-1-12-1-2357405129-1281513531-255772574-1816207334
"
"09-07-2026 09:57:43","12290","Information","Microsoft-Windows-Crypto-DPAPI","Credential key does not exist."
"09-07-2026 09:57:42","12290","Information","Microsoft-Windows-Crypto-DPAPI","Credential key does not exist."
"09-07-2026 09:57:40","12289","Information","Microsoft-Windows-Crypto-DPAPI","DPAPI found credential key.

 	Credential Key Identifier:	0xA72919B2574C12D1E74078B64D62E14D0586E3130B54594F7F724BB0CD0F668A
 	User Name:	joe.prakash@nielseniq.com
 	User Sid:	S-1-12-1-2357405129-1281513531-255772574-1816207334
"
"09-07-2026 09:57:36","12289","Information","Microsoft-Windows-Crypto-DPAPI","DPAPI found credential key.

 	Credential Key Identifier:	0xA72919B2574C12D1E74078B64D62E14D0586E3130B54594F7F724BB0CD0F668A
 	User Name:	joe.prakash@nielseniq.com
 	User Sid:	S-1-12-1-2357405129-1281513531-255772574-1816207334
"
"09-07-2026 09:34:51","12290","Information","Microsoft-Windows-Crypto-DPAPI","Credential key does not exist."
"09-07-2026 09:34:50","12290","Information","Microsoft-Windows-Crypto-DPAPI","Credential key does not exist."
"09-07-2026 09:34:47","12289","Information","Microsoft-Windows-Crypto-DPAPI","DPAPI found credential key.

 	Credential Key Identifier:	0xA72919B2574C12D1E74078B64D62E14D0586E3130B54594F7F724BB0CD0F668A
 	User Name:	joe.prakash@nielseniq.com
 	User Sid:	S-1-12-1-2357405129-1281513531-255772574-1816207334
"
"09-07-2026 09:34:42","12289","Information","Microsoft-Windows-Crypto-DPAPI","DPAPI found credential key.

 	Credential Key Identifier:	0xA72919B2574C12D1E74078B64D62E14D0586E3130B54594F7F724BB0CD0F668A
 	User Name:	joe.prakash@nielseniq.com
 	User Sid:	S-1-12-1-2357405129-1281513531-255772574-1816207334
"
