"11-08-2026 09:14:09","10","Information","Microsoft-Windows-StorageManagement","A Windows Storage Management WMI get instance operation was performed.                   
Class: WSP_Partition                   
Operation time (milliseconds): 31"
"11-08-2026 09:14:09","10","Information","Microsoft-Windows-StorageManagement","A Windows Storage Management WMI get instance operation was performed.                   
Class: WSP_Partition                   
Operation time (milliseconds): 16"
"11-08-2026 09:14:09","9","Information","Microsoft-Windows-StorageManagement","A Windows Storage Management WMI enumeration operation was performed.                   
Class: MSFT_PartitionToVolume                   
ResultCount: 3                   
Operation time (milliseconds): 62"
"11-08-2026 09:14:08","9","Information","Microsoft-Windows-StorageManagement","A Windows Storage Management WMI enumeration operation was performed.                   
Class: MSFT_Partition                   
ResultCount: 4                   
Operation time (milliseconds): 31"
"11-08-2026 09:14:08","10","Information","Microsoft-Windows-StorageManagement","A Windows Storage Management WMI get instance operation was performed.                   
Class: WSP_Partition                   
Operation time (milliseconds): 15"
"11-08-2026 09:14:08","10","Information","Microsoft-Windows-StorageManagement","A Windows Storage Management WMI get instance operation was performed.                   
Class: WSP_Partition                   
Operation time (milliseconds): 31"
"11-08-2026 09:14:08","10","Information","Microsoft-Windows-StorageManagement","A Windows Storage Management WMI get instance operation was performed.                   
Class: WSP_Partition                   
Operation time (milliseconds): 31"
"11-08-2026 09:14:08","9","Information","Microsoft-Windows-StorageManagement","A Windows Storage Management WMI enumeration operation was performed.                   
Class: MSFT_PartitionToVolume                   
ResultCount: 3                   
Operation time (milliseconds): 125"
"11-08-2026 09:14:08","8","Information","Microsoft-Windows-StorageManagement","The Windows Storage Management WMI Provider was loaded.                    
Load time (milliseconds): 0"
"11-08-2026 09:11:08","9","Information","Microsoft-Windows-StorageManagement","A Windows Storage Management WMI enumeration operation was performed.                   
Class: MSFT_Partition                   
ResultCount: 4                   
Operation time (milliseconds): 109"
"11-08-2026 09:10:54","9","Information","Microsoft-Windows-StorageManagement","A Windows Storage Management WMI enumeration operation was performed.                   
Class: MSFT_Partition                   
ResultCount: 4                   
Operation time (milliseconds): 125"
"11-08-2026 09:10:52","9","Information","Microsoft-Windows-StorageManagement","A Windows Storage Management WMI enumeration operation was performed.                   
Class: MSFT_Partition                   
ResultCount: 4                   
Operation time (milliseconds): 219"
"11-08-2026 09:10:52","8","Information","Microsoft-Windows-StorageManagement","The Windows Storage Management WMI Provider was loaded.                    
Load time (milliseconds): 0"
"11-08-2026 06:06:43","10","Information","Microsoft-Windows-StorageManagement","A Windows Storage Management WMI get instance operation was performed.                   
Class: WSP_Volume                   
Operation time (milliseconds): 109"
"11-08-2026 06:06:43","10","Information","Microsoft-Windows-StorageManagement","A Windows Storage Management WMI get instance operation was performed.                   
Class: WSP_Partition                   
Operation time (milliseconds): 31"
"11-08-2026 06:06:43","10","Information","Microsoft-Windows-StorageManagement","A Windows Storage Management WMI get instance operation was performed.                   
Class: WSP_Partition                   
Operation time (milliseconds): 16"
"11-08-2026 06:06:43","10","Information","Microsoft-Windows-StorageManagement","A Windows Storage Management WMI get instance operation was performed.                   
Class: WSP_Partition                   
Operation time (milliseconds): 16"
"11-08-2026 06:06:43","9","Information","Microsoft-Windows-StorageManagement","A Windows Storage Management WMI enumeration operation was performed.                   
Class: MSFT_PartitionToVolume                   
ResultCount: 3                   
Operation time (milliseconds): 62"
"11-08-2026 06:06:43","9","Information","Microsoft-Windows-StorageManagement","A Windows Storage Management WMI enumeration operation was performed.                   
Class: MSFT_Partition                   
ResultCount: 4                   
Operation time (milliseconds): 31"
"11-08-2026 06:06:42","10","Information","Microsoft-Windows-StorageManagement","A Windows Storage Management WMI get instance operation was performed.                   
Class: WSP_Partition                   
Operation time (milliseconds): 31"
"11-08-2026 06:06:42","10","Information","Microsoft-Windows-StorageManagement","A Windows Storage Management WMI get instance operation was performed.                   
Class: WSP_Partition                   
Operation time (milliseconds): 31"
"11-08-2026 06:06:42","10","Information","Microsoft-Windows-StorageManagement","A Windows Storage Management WMI get instance operation was performed.                   
Class: WSP_Partition                   
Operation time (milliseconds): 31"
"11-08-2026 06:06:42","9","Information","Microsoft-Windows-StorageManagement","A Windows Storage Management WMI enumeration operation was performed.                   
Class: MSFT_PartitionToVolume                   
ResultCount: 3                   
Operation time (milliseconds): 157"
"11-08-2026 06:06:42","8","Information","Microsoft-Windows-StorageManagement","The Windows Storage Management WMI Provider was loaded.                    
Load time (milliseconds): 0"
"11-08-2026 06:04:35","9","Information","Microsoft-Windows-StorageManagement","A Windows Storage Management WMI enumeration operation was performed.                   
Class: MSFT_Partition                   
ResultCount: 4                   
Operation time (milliseconds): 78"
"11-08-2026 06:04:35","8","Information","Microsoft-Windows-StorageManagement","The Windows Storage Management WMI Provider was loaded.                    
Load time (milliseconds): 0"
"10-08-2026 18:56:12","9","Information","Microsoft-Windows-StorageManagement","A Windows Storage Management WMI enumeration operation was performed.                   
Class: MSFT_Partition                   
ResultCount: 4                   
Operation time (milliseconds): 47"
"10-08-2026 18:56:11","9","Information","Microsoft-Windows-StorageManagement","A Windows Storage Management WMI enumeration operation was performed.                   
Class: MSFT_Partition                   
ResultCount: 4                   
Operation time (milliseconds): 78"
"10-08-2026 18:56:10","8","Information","Microsoft-Windows-StorageManagement","The Windows Storage Management WMI Provider was loaded.                    
Load time (milliseconds): 0"
"10-08-2026 18:52:40","9","Information","Microsoft-Windows-StorageManagement","A Windows Storage Management WMI enumeration operation was performed.                   
Class: MSFT_PhysicalDisk                   
ResultCount: 1                   
Operation time (milliseconds): 47"
"10-08-2026 18:52:40","8","Information","Microsoft-Windows-StorageManagement","The Windows Storage Management WMI Provider was loaded.                    
Load time (milliseconds): 0"
"10-08-2026 18:50:59","9","Information","Microsoft-Windows-StorageManagement","A Windows Storage Management WMI enumeration operation was performed.                   
Class: MSFT_Partition                   
ResultCount: 4                   
Operation time (milliseconds): 109"
"10-08-2026 18:50:59","8","Information","Microsoft-Windows-StorageManagement","The Windows Storage Management WMI Provider was loaded.                    
Load time (milliseconds): 0"
"10-08-2026 18:37:41","9","Information","Microsoft-Windows-StorageManagement","A Windows Storage Management WMI enumeration operation was performed.                   
Class: MSFT_PhysicalDisk                   
ResultCount: 1                   
Operation time (milliseconds): 78"
"10-08-2026 18:37:41","7","Information","Microsoft-Windows-StorageManagement","The Windows Storage Provider host service was started successfully.                    
Start time (milliseconds): 313"
"10-08-2026 18:37:41","1001","Information","Microsoft-Windows-StorageManagement-WSP-Host","A Windows Storage Provider was loaded successfully.             
Provider: wsp_health             
Provider DLL: wsp_health.dll"
"10-08-2026 18:37:41","1001","Information","Microsoft-Windows-StorageManagement-WSP-Host","A Windows Storage Provider was loaded successfully.             
Provider: wsp_sr             
Provider DLL: wsp_sr.dll"
"10-08-2026 18:37:41","1001","Information","Microsoft-Windows-StorageManagement-WSP-Host","A Windows Storage Provider was loaded successfully.             
Provider: wsp_fs             
Provider DLL: wsp_fs.dll"
"10-08-2026 18:37:41","1001","Information","Microsoft-Windows-StorageManagement-WSP-Host","A Windows Storage Provider was loaded successfully.             
Provider: MISpace             
Provider DLL: mispace.dll"
"10-08-2026 18:37:41","2010","Information","Microsoft-Windows-StorageManagement-WSP-Spaces","The Windows Storage Spaces and Disk provider was loaded.             
Load time (milliseconds): 16             
Miresult: 0"
"10-08-2026 18:37:41","2023","Information","Microsoft-Windows-StorageManagement-WSP-Spaces","Successfully initialized the Storage Management Provider.             
Function: CSpProvider::Initialize             
Duration (milliseconds): 17"
"10-08-2026 18:37:41","2027","Information","Microsoft-Windows-StorageManagement-WSP-Spaces","Successfully initialized Extended Storage Spaces API.             
Function: SuInitializeEx             
Duration (milliseconds): 1"
"10-08-2026 18:37:40","1003","Information","Microsoft-Windows-StorageManagement-WSP-Host","Shutdown for the Windows Storage Provider host service has been completed."
"10-08-2026 18:37:40","2025","Information","Microsoft-Windows-StorageManagement-WSP-Spaces","Successfully cleaned up the Storage Management Provider.             
Function: CSpProvider::Cleanup             
Duration (milliseconds): 1"
"10-08-2026 18:37:40","2029","Information","Microsoft-Windows-StorageManagement-WSP-Spaces","Successfully cleaned up Extended Storage Spaces API.             
Function: SuCleanupEx             
Duration (milliseconds): 0"
"10-08-2026 18:37:40","8","Information","Microsoft-Windows-StorageManagement","The Windows Storage Management WMI Provider was loaded.                    
Load time (milliseconds): 0"
"10-08-2026 18:37:40","1002","Information","Microsoft-Windows-StorageManagement-WSP-Host","Shutdown has been initiated for the Windows Storage Provider host service."
"10-08-2026 18:22:40","9","Information","Microsoft-Windows-StorageManagement","A Windows Storage Management WMI enumeration operation was performed.                   
Class: MSFT_PhysicalDisk                   
ResultCount: 1                   
Operation time (milliseconds): 62"
"10-08-2026 18:22:40","8","Information","Microsoft-Windows-StorageManagement","The Windows Storage Management WMI Provider was loaded.                    
Load time (milliseconds): 0"
"10-08-2026 18:07:41","9","Information","Microsoft-Windows-StorageManagement","A Windows Storage Management WMI enumeration operation was performed.                   
Class: MSFT_PhysicalDisk                   
ResultCount: 1                   
Operation time (milliseconds): 78"
"10-08-2026 18:07:41","7","Information","Microsoft-Windows-StorageManagement","The Windows Storage Provider host service was started successfully.                    
Start time (milliseconds): 266"
"10-08-2026 18:07:41","1001","Information","Microsoft-Windows-StorageManagement-WSP-Host","A Windows Storage Provider was loaded successfully.             
Provider: wsp_health             
Provider DLL: wsp_health.dll"
"10-08-2026 18:07:41","1001","Information","Microsoft-Windows-StorageManagement-WSP-Host","A Windows Storage Provider was loaded successfully.             
Provider: wsp_sr             
Provider DLL: wsp_sr.dll"
"10-08-2026 18:07:41","1001","Information","Microsoft-Windows-StorageManagement-WSP-Host","A Windows Storage Provider was loaded successfully.             
Provider: wsp_fs             
Provider DLL: wsp_fs.dll"
"10-08-2026 18:07:41","1001","Information","Microsoft-Windows-StorageManagement-WSP-Host","A Windows Storage Provider was loaded successfully.             
Provider: MISpace             
Provider DLL: mispace.dll"
"10-08-2026 18:07:41","2010","Information","Microsoft-Windows-StorageManagement-WSP-Spaces","The Windows Storage Spaces and Disk provider was loaded.             
Load time (milliseconds): 16             
Miresult: 0"
"10-08-2026 18:07:41","2023","Information","Microsoft-Windows-StorageManagement-WSP-Spaces","Successfully initialized the Storage Management Provider.             
Function: CSpProvider::Initialize             
Duration (milliseconds): 16"
"10-08-2026 18:07:41","2027","Information","Microsoft-Windows-StorageManagement-WSP-Spaces","Successfully initialized Extended Storage Spaces API.             
Function: SuInitializeEx             
Duration (milliseconds): 0"
"10-08-2026 18:07:40","8","Information","Microsoft-Windows-StorageManagement","The Windows Storage Management WMI Provider was loaded.                    
Load time (milliseconds): 0"
"10-08-2026 17:52:40","1003","Information","Microsoft-Windows-StorageManagement-WSP-Host","Shutdown for the Windows Storage Provider host service has been completed."
"10-08-2026 17:52:40","2025","Information","Microsoft-Windows-StorageManagement-WSP-Spaces","Successfully cleaned up the Storage Management Provider.             
Function: CSpProvider::Cleanup             
Duration (milliseconds): 1"
"10-08-2026 17:52:40","2029","Information","Microsoft-Windows-StorageManagement-WSP-Spaces","Successfully cleaned up Extended Storage Spaces API.             
Function: SuCleanupEx             
Duration (milliseconds): 0"
"10-08-2026 17:52:40","9","Information","Microsoft-Windows-StorageManagement","A Windows Storage Management WMI enumeration operation was performed.                   
Class: MSFT_PhysicalDisk                   
ResultCount: 0                   
Operation time (milliseconds): 63"
"10-08-2026 17:52:40","2007","Error","Microsoft-Windows-StorageManagement-WSP-Spaces","An error occurred during object enumeration.             
Class: SPACES_PhysicalDisk             
Error Code: 28"
"10-08-2026 17:52:40","1002","Information","Microsoft-Windows-StorageManagement-WSP-Host","Shutdown has been initiated for the Windows Storage Provider host service."
"10-08-2026 17:52:40","8","Information","Microsoft-Windows-StorageManagement","The Windows Storage Management WMI Provider was loaded.                    
Load time (milliseconds): 0"
"10-08-2026 17:37:42","9","Information","Microsoft-Windows-StorageManagement","A Windows Storage Management WMI enumeration operation was performed.                   
Class: MSFT_PhysicalDisk                   
ResultCount: 1                   
Operation time (milliseconds): 94"
"10-08-2026 17:37:42","8","Information","Microsoft-Windows-StorageManagement","The Windows Storage Management WMI Provider was loaded.                    
Load time (milliseconds): 0"
"10-08-2026 17:22:42","9","Information","Microsoft-Windows-StorageManagement","A Windows Storage Management WMI enumeration operation was performed.                   
Class: MSFT_PhysicalDisk                   
ResultCount: 1                   
Operation time (milliseconds): 78"
"10-08-2026 17:22:42","8","Information","Microsoft-Windows-StorageManagement","The Windows Storage Management WMI Provider was loaded.                    
Load time (milliseconds): 0"
"10-08-2026 17:07:42","9","Information","Microsoft-Windows-StorageManagement","A Windows Storage Management WMI enumeration operation was performed.                   
Class: MSFT_PhysicalDisk                   
ResultCount: 1                   
Operation time (milliseconds): 78"
"10-08-2026 17:07:42","8","Information","Microsoft-Windows-StorageManagement","The Windows Storage Management WMI Provider was loaded.                    
Load time (milliseconds): 0"
"10-08-2026 16:56:31","10","Information","Microsoft-Windows-StorageManagement","A Windows Storage Management WMI get instance operation was performed.                   
Class: WSP_Volume                   
Operation time (milliseconds): 15"
"10-08-2026 16:56:31","10","Information","Microsoft-Windows-StorageManagement","A Windows Storage Management WMI get instance operation was performed.                   
Class: WSP_Partition                   
Operation time (milliseconds): 16"
"10-08-2026 16:56:31","10","Information","Microsoft-Windows-StorageManagement","A Windows Storage Management WMI get instance operation was performed.                   
Class: WSP_Partition                   
Operation time (milliseconds): 16"
"10-08-2026 16:56:31","10","Information","Microsoft-Windows-StorageManagement","A Windows Storage Management WMI get instance operation was performed.                   
Class: WSP_Partition                   
Operation time (milliseconds): 15"
"10-08-2026 16:56:31","9","Information","Microsoft-Windows-StorageManagement","A Windows Storage Management WMI enumeration operation was performed.                   
Class: MSFT_PartitionToVolume                   
ResultCount: 3                   
Operation time (milliseconds): 32"
"10-08-2026 16:56:31","9","Information","Microsoft-Windows-StorageManagement","A Windows Storage Management WMI enumeration operation was performed.                   
Class: MSFT_Partition                   
ResultCount: 4                   
Operation time (milliseconds): 15"
"10-08-2026 16:56:31","10","Information","Microsoft-Windows-StorageManagement","A Windows Storage Management WMI get instance operation was performed.                   
Class: WSP_Partition                   
Operation time (milliseconds): 31"
"10-08-2026 16:56:31","10","Information","Microsoft-Windows-StorageManagement","A Windows Storage Management WMI get instance operation was performed.                   
Class: WSP_Partition                   
Operation time (milliseconds): 31"
"10-08-2026 16:56:31","10","Information","Microsoft-Windows-StorageManagement","A Windows Storage Management WMI get instance operation was performed.                   
Class: WSP_Partition                   
Operation time (milliseconds): 16"
"10-08-2026 16:56:30","9","Information","Microsoft-Windows-StorageManagement","A Windows Storage Management WMI enumeration operation was performed.                   
Class: MSFT_PartitionToVolume                   
ResultCount: 3                   
Operation time (milliseconds): 109"
"10-08-2026 16:56:30","8","Information","Microsoft-Windows-StorageManagement","The Windows Storage Management WMI Provider was loaded.                    
Load time (milliseconds): 0"
"10-08-2026 16:52:42","9","Information","Microsoft-Windows-StorageManagement","A Windows Storage Management WMI enumeration operation was performed.                   
Class: MSFT_PhysicalDisk                   
ResultCount: 1                   
Operation time (milliseconds): 62"
"10-08-2026 16:52:42","8","Information","Microsoft-Windows-StorageManagement","The Windows Storage Management WMI Provider was loaded.                    
Load time (milliseconds): 0"
"10-08-2026 16:37:42","9","Information","Microsoft-Windows-StorageManagement","A Windows Storage Management WMI enumeration operation was performed.                   
Class: MSFT_PhysicalDisk                   
ResultCount: 1                   
Operation time (milliseconds): 78"
"10-08-2026 16:37:42","7","Information","Microsoft-Windows-StorageManagement","The Windows Storage Provider host service was started successfully.                    
Start time (milliseconds): 281"
"10-08-2026 16:37:42","1001","Information","Microsoft-Windows-StorageManagement-WSP-Host","A Windows Storage Provider was loaded successfully.             
Provider: wsp_health             
Provider DLL: wsp_health.dll"
"10-08-2026 16:37:42","1001","Information","Microsoft-Windows-StorageManagement-WSP-Host","A Windows Storage Provider was loaded successfully.             
Provider: wsp_sr             
Provider DLL: wsp_sr.dll"
"10-08-2026 16:37:42","1001","Information","Microsoft-Windows-StorageManagement-WSP-Host","A Windows Storage Provider was loaded successfully.             
Provider: wsp_fs             
Provider DLL: wsp_fs.dll"
"10-08-2026 16:37:42","1001","Information","Microsoft-Windows-StorageManagement-WSP-Host","A Windows Storage Provider was loaded successfully.             
Provider: MISpace             
Provider DLL: mispace.dll"
"10-08-2026 16:37:42","2010","Information","Microsoft-Windows-StorageManagement-WSP-Spaces","The Windows Storage Spaces and Disk provider was loaded.             
Load time (milliseconds): 16             
Miresult: 0"
"10-08-2026 16:37:42","2023","Information","Microsoft-Windows-StorageManagement-WSP-Spaces","Successfully initialized the Storage Management Provider.             
Function: CSpProvider::Initialize             
Duration (milliseconds): 15"
"10-08-2026 16:37:42","2027","Information","Microsoft-Windows-StorageManagement-WSP-Spaces","Successfully initialized Extended Storage Spaces API.             
Function: SuInitializeEx             
Duration (milliseconds): 1"
"10-08-2026 16:37:42","8","Information","Microsoft-Windows-StorageManagement","The Windows Storage Management WMI Provider was loaded.                    
Load time (milliseconds): 0"
"10-08-2026 16:22:42","1003","Information","Microsoft-Windows-StorageManagement-WSP-Host","Shutdown for the Windows Storage Provider host service has been completed."
"10-08-2026 16:22:42","2025","Information","Microsoft-Windows-StorageManagement-WSP-Spaces","Successfully cleaned up the Storage Management Provider.             
Function: CSpProvider::Cleanup             
Duration (milliseconds): 3"
"10-08-2026 16:22:42","2029","Information","Microsoft-Windows-StorageManagement-WSP-Spaces","Successfully cleaned up Extended Storage Spaces API.             
Function: SuCleanupEx             
Duration (milliseconds): 0"
"10-08-2026 16:22:42","9","Information","Microsoft-Windows-StorageManagement","A Windows Storage Management WMI enumeration operation was performed.                   
Class: MSFT_PhysicalDisk                   
ResultCount: 0                   
Operation time (milliseconds): 63"
"10-08-2026 16:22:42","2007","Error","Microsoft-Windows-StorageManagement-WSP-Spaces","An error occurred during object enumeration.             
Class: SPACES_PhysicalDisk             
Error Code: 28"
"10-08-2026 16:22:42","1002","Information","Microsoft-Windows-StorageManagement-WSP-Host","Shutdown has been initiated for the Windows Storage Provider host service."
"10-08-2026 16:22:42","8","Information","Microsoft-Windows-StorageManagement","The Windows Storage Management WMI Provider was loaded.                    
Load time (milliseconds): 0"
"10-08-2026 16:07:42","9","Information","Microsoft-Windows-StorageManagement","A Windows Storage Management WMI enumeration operation was performed.                   
Class: MSFT_PhysicalDisk                   
ResultCount: 1                   
Operation time (milliseconds): 62"
"10-08-2026 16:07:42","8","Information","Microsoft-Windows-StorageManagement","The Windows Storage Management WMI Provider was loaded.                    
Load time (milliseconds): 0"
"10-08-2026 15:54:10","10","Information","Microsoft-Windows-StorageManagement","A Windows Storage Management WMI get instance operation was performed.                   
Class: WSP_Volume                   
Operation time (milliseconds): 47"
"10-08-2026 15:54:10","10","Information","Microsoft-Windows-StorageManagement","A Windows Storage Management WMI get instance operation was performed.                   
Class: WSP_Partition                   
Operation time (milliseconds): 32"
"10-08-2026 15:54:10","10","Information","Microsoft-Windows-StorageManagement","A Windows Storage Management WMI get instance operation was performed.                   
Class: WSP_Partition                   
Operation time (milliseconds): 47"
"10-08-2026 15:54:10","10","Information","Microsoft-Windows-StorageManagement","A Windows Storage Management WMI get instance operation was performed.                   
Class: WSP_Partition                   
Operation time (milliseconds): 15"
"10-08-2026 15:54:10","9","Information","Microsoft-Windows-StorageManagement","A Windows Storage Management WMI enumeration operation was performed.                   
Class: MSFT_PartitionToVolume                   
ResultCount: 3                   
Operation time (milliseconds): 62"
"10-08-2026 15:54:10","9","Information","Microsoft-Windows-StorageManagement","A Windows Storage Management WMI enumeration operation was performed.                   
Class: MSFT_Partition                   
ResultCount: 4                   
Operation time (milliseconds): 47"
"10-08-2026 15:54:10","10","Information","Microsoft-Windows-StorageManagement","A Windows Storage Management WMI get instance operation was performed.                   
Class: WSP_Partition                   
Operation time (milliseconds): 16"
"10-08-2026 15:54:10","10","Information","Microsoft-Windows-StorageManagement","A Windows Storage Management WMI get instance operation was performed.                   
Class: WSP_Partition                   
Operation time (milliseconds): 32"
"10-08-2026 15:54:10","10","Information","Microsoft-Windows-StorageManagement","A Windows Storage Management WMI get instance operation was performed.                   
Class: WSP_Partition                   
Operation time (milliseconds): 16"
"10-08-2026 15:54:10","9","Information","Microsoft-Windows-StorageManagement","A Windows Storage Management WMI enumeration operation was performed.                   
Class: MSFT_PartitionToVolume                   
ResultCount: 3                   
Operation time (milliseconds): 110"
"10-08-2026 15:52:42","9","Information","Microsoft-Windows-StorageManagement","A Windows Storage Management WMI enumeration operation was performed.                   
Class: MSFT_PhysicalDisk                   
ResultCount: 1                   
Operation time (milliseconds): 78"
"10-08-2026 15:52:42","8","Information","Microsoft-Windows-StorageManagement","The Windows Storage Management WMI Provider was loaded.                    
Load time (milliseconds): 0"
"10-08-2026 15:37:42","9","Information","Microsoft-Windows-StorageManagement","A Windows Storage Management WMI enumeration operation was performed.                   
Class: MSFT_PhysicalDisk                   
ResultCount: 1                   
Operation time (milliseconds): 94"
"10-08-2026 15:37:42","8","Information","Microsoft-Windows-StorageManagement","The Windows Storage Management WMI Provider was loaded.                    
Load time (milliseconds): 0"
"10-08-2026 15:22:42","9","Information","Microsoft-Windows-StorageManagement","A Windows Storage Management WMI enumeration operation was performed.                   
Class: MSFT_PhysicalDisk                   
ResultCount: 1                   
Operation time (milliseconds): 62"
"10-08-2026 15:22:42","8","Information","Microsoft-Windows-StorageManagement","The Windows Storage Management WMI Provider was loaded.                    
Load time (milliseconds): 0"
"10-08-2026 15:07:42","9","Information","Microsoft-Windows-StorageManagement","A Windows Storage Management WMI enumeration operation was performed.                   
Class: MSFT_PhysicalDisk                   
ResultCount: 1                   
Operation time (milliseconds): 62"
"10-08-2026 15:07:42","8","Information","Microsoft-Windows-StorageManagement","The Windows Storage Management WMI Provider was loaded.                    
Load time (milliseconds): 0"
"10-08-2026 14:52:42","9","Information","Microsoft-Windows-StorageManagement","A Windows Storage Management WMI enumeration operation was performed.                   
Class: MSFT_PhysicalDisk                   
ResultCount: 1                   
Operation time (milliseconds): 78"
"10-08-2026 14:52:42","8","Information","Microsoft-Windows-StorageManagement","The Windows Storage Management WMI Provider was loaded.                    
Load time (milliseconds): 0"
"10-08-2026 14:37:42","9","Information","Microsoft-Windows-StorageManagement","A Windows Storage Management WMI enumeration operation was performed.                   
Class: MSFT_PhysicalDisk                   
ResultCount: 1                   
Operation time (milliseconds): 78"
"10-08-2026 14:37:42","8","Information","Microsoft-Windows-StorageManagement","The Windows Storage Management WMI Provider was loaded.                    
Load time (milliseconds): 0"
"10-08-2026 14:22:42","9","Information","Microsoft-Windows-StorageManagement","A Windows Storage Management WMI enumeration operation was performed.                   
Class: MSFT_PhysicalDisk                   
ResultCount: 1                   
Operation time (milliseconds): 78"
"10-08-2026 14:22:42","7","Information","Microsoft-Windows-StorageManagement","The Windows Storage Provider host service was started successfully.                    
Start time (milliseconds): 297"
"10-08-2026 14:22:42","1001","Information","Microsoft-Windows-StorageManagement-WSP-Host","A Windows Storage Provider was loaded successfully.             
Provider: wsp_health             
Provider DLL: wsp_health.dll"
"10-08-2026 14:22:42","1001","Information","Microsoft-Windows-StorageManagement-WSP-Host","A Windows Storage Provider was loaded successfully.             
Provider: wsp_sr             
Provider DLL: wsp_sr.dll"
"10-08-2026 14:22:42","1001","Information","Microsoft-Windows-StorageManagement-WSP-Host","A Windows Storage Provider was loaded successfully.             
Provider: wsp_fs             
Provider DLL: wsp_fs.dll"
"10-08-2026 14:22:42","1001","Information","Microsoft-Windows-StorageManagement-WSP-Host","A Windows Storage Provider was loaded successfully.             
Provider: MISpace             
Provider DLL: mispace.dll"
"10-08-2026 14:22:42","2010","Information","Microsoft-Windows-StorageManagement-WSP-Spaces","The Windows Storage Spaces and Disk provider was loaded.             
Load time (milliseconds): 0             
Miresult: 0"
"10-08-2026 14:22:42","2023","Information","Microsoft-Windows-StorageManagement-WSP-Spaces","Successfully initialized the Storage Management Provider.             
Function: CSpProvider::Initialize             
Duration (milliseconds): 13"
"10-08-2026 14:22:42","2027","Information","Microsoft-Windows-StorageManagement-WSP-Spaces","Successfully initialized Extended Storage Spaces API.             
Function: SuInitializeEx             
Duration (milliseconds): 1"
"10-08-2026 14:22:42","8","Information","Microsoft-Windows-StorageManagement","The Windows Storage Management WMI Provider was loaded.                    
Load time (milliseconds): 0"
"10-08-2026 14:07:42","1003","Information","Microsoft-Windows-StorageManagement-WSP-Host","Shutdown for the Windows Storage Provider host service has been completed."
"10-08-2026 14:07:42","2025","Information","Microsoft-Windows-StorageManagement-WSP-Spaces","Successfully cleaned up the Storage Management Provider.             
Function: CSpProvider::Cleanup             
Duration (milliseconds): 1"
"10-08-2026 14:07:42","2029","Information","Microsoft-Windows-StorageManagement-WSP-Spaces","Successfully cleaned up Extended Storage Spaces API.             
Function: SuCleanupEx             
Duration (milliseconds): 0"
"10-08-2026 14:07:42","9","Information","Microsoft-Windows-StorageManagement","A Windows Storage Management WMI enumeration operation was performed.                   
Class: MSFT_PhysicalDisk                   
ResultCount: 0                   
Operation time (milliseconds): 47"
"10-08-2026 14:07:42","2007","Error","Microsoft-Windows-StorageManagement-WSP-Spaces","An error occurred during object enumeration.             
Class: SPACES_PhysicalDisk             
Error Code: 28"
"10-08-2026 14:07:42","1002","Information","Microsoft-Windows-StorageManagement-WSP-Host","Shutdown has been initiated for the Windows Storage Provider host service."
"10-08-2026 14:07:42","8","Information","Microsoft-Windows-StorageManagement","The Windows Storage Management WMI Provider was loaded.                    
Load time (milliseconds): 0"
"10-08-2026 13:52:42","9","Information","Microsoft-Windows-StorageManagement","A Windows Storage Management WMI enumeration operation was performed.                   
Class: MSFT_PhysicalDisk                   
ResultCount: 1                   
Operation time (milliseconds): 78"
"10-08-2026 13:52:42","8","Information","Microsoft-Windows-StorageManagement","The Windows Storage Management WMI Provider was loaded.                    
Load time (milliseconds): 0"
"10-08-2026 13:37:42","9","Information","Microsoft-Windows-StorageManagement","A Windows Storage Management WMI enumeration operation was performed.                   
Class: MSFT_PhysicalDisk                   
ResultCount: 1                   
Operation time (milliseconds): 78"
"10-08-2026 13:37:42","7","Information","Microsoft-Windows-StorageManagement","The Windows Storage Provider host service was started successfully.                    
Start time (milliseconds): 313"
"10-08-2026 13:37:42","1001","Information","Microsoft-Windows-StorageManagement-WSP-Host","A Windows Storage Provider was loaded successfully.             
Provider: wsp_health             
Provider DLL: wsp_health.dll"
"10-08-2026 13:37:42","1001","Information","Microsoft-Windows-StorageManagement-WSP-Host","A Windows Storage Provider was loaded successfully.             
Provider: wsp_sr             
Provider DLL: wsp_sr.dll"
"10-08-2026 13:37:42","1001","Information","Microsoft-Windows-StorageManagement-WSP-Host","A Windows Storage Provider was loaded successfully.             
Provider: wsp_fs             
Provider DLL: wsp_fs.dll"
"10-08-2026 13:37:42","1001","Information","Microsoft-Windows-StorageManagement-WSP-Host","A Windows Storage Provider was loaded successfully.             
Provider: MISpace             
Provider DLL: mispace.dll"
"10-08-2026 13:37:42","2010","Information","Microsoft-Windows-StorageManagement-WSP-Spaces","The Windows Storage Spaces and Disk provider was loaded.             
Load time (milliseconds): 16             
Miresult: 0"
"10-08-2026 13:37:42","2023","Information","Microsoft-Windows-StorageManagement-WSP-Spaces","Successfully initialized the Storage Management Provider.             
Function: CSpProvider::Initialize             
Duration (milliseconds): 19"
"10-08-2026 13:37:42","2027","Information","Microsoft-Windows-StorageManagement-WSP-Spaces","Successfully initialized Extended Storage Spaces API.             
Function: SuInitializeEx             
Duration (milliseconds): 1"
"10-08-2026 13:37:42","8","Information","Microsoft-Windows-StorageManagement","The Windows Storage Management WMI Provider was loaded.                    
Load time (milliseconds): 0"
"10-08-2026 13:22:42","1003","Information","Microsoft-Windows-StorageManagement-WSP-Host","Shutdown for the Windows Storage Provider host service has been completed."
"10-08-2026 13:22:42","2025","Information","Microsoft-Windows-StorageManagement-WSP-Spaces","Successfully cleaned up the Storage Management Provider.             
Function: CSpProvider::Cleanup             
Duration (milliseconds): 3"
"10-08-2026 13:22:42","2029","Information","Microsoft-Windows-StorageManagement-WSP-Spaces","Successfully cleaned up Extended Storage Spaces API.             
Function: SuCleanupEx             
Duration (milliseconds): 0"
"10-08-2026 13:22:42","9","Information","Microsoft-Windows-StorageManagement","A Windows Storage Management WMI enumeration operation was performed.                   
Class: MSFT_PhysicalDisk                   
ResultCount: 0                   
Operation time (milliseconds): 47"
"10-08-2026 13:22:42","2007","Error","Microsoft-Windows-StorageManagement-WSP-Spaces","An error occurred during object enumeration.             
Class: SPACES_PhysicalDisk             
Error Code: 28"
"10-08-2026 13:22:42","1002","Information","Microsoft-Windows-StorageManagement-WSP-Host","Shutdown has been initiated for the Windows Storage Provider host service."
"10-08-2026 13:22:42","8","Information","Microsoft-Windows-StorageManagement","The Windows Storage Management WMI Provider was loaded.                    
Load time (milliseconds): 0"
"10-08-2026 13:07:42","9","Information","Microsoft-Windows-StorageManagement","A Windows Storage Management WMI enumeration operation was performed.                   
Class: MSFT_PhysicalDisk                   
ResultCount: 1                   
Operation time (milliseconds): 62"
"10-08-2026 13:07:42","8","Information","Microsoft-Windows-StorageManagement","The Windows Storage Management WMI Provider was loaded.                    
Load time (milliseconds): 0"
"10-08-2026 13:01:57","9","Information","Microsoft-Windows-StorageManagement","A Windows Storage Management WMI enumeration operation was performed.                   
Class: MSFT_PhysicalDisk                   
ResultCount: 1                   
Operation time (milliseconds): 63"
"10-08-2026 13:01:57","8","Information","Microsoft-Windows-StorageManagement","The Windows Storage Management WMI Provider was loaded.                    
Load time (milliseconds): 0"
"10-08-2026 12:52:42","9","Information","Microsoft-Windows-StorageManagement","A Windows Storage Management WMI enumeration operation was performed.                   
Class: MSFT_PhysicalDisk                   
ResultCount: 1                   
Operation time (milliseconds): 63"
"10-08-2026 12:52:42","8","Information","Microsoft-Windows-StorageManagement","The Windows Storage Management WMI Provider was loaded.                    
Load time (milliseconds): 0"
"10-08-2026 12:37:42","9","Information","Microsoft-Windows-StorageManagement","A Windows Storage Management WMI enumeration operation was performed.                   
Class: MSFT_PhysicalDisk                   
ResultCount: 1                   
Operation time (milliseconds): 63"
"10-08-2026 12:37:42","8","Information","Microsoft-Windows-StorageManagement","The Windows Storage Management WMI Provider was loaded.                    
Load time (milliseconds): 0"
"10-08-2026 12:22:42","9","Information","Microsoft-Windows-StorageManagement","A Windows Storage Management WMI enumeration operation was performed.                   
Class: MSFT_PhysicalDisk                   
ResultCount: 1                   
Operation time (milliseconds): 63"
"10-08-2026 12:22:42","8","Information","Microsoft-Windows-StorageManagement","The Windows Storage Management WMI Provider was loaded.                    
Load time (milliseconds): 0"
"10-08-2026 12:07:42","9","Information","Microsoft-Windows-StorageManagement","A Windows Storage Management WMI enumeration operation was performed.                   
Class: MSFT_PhysicalDisk                   
ResultCount: 1                   
Operation time (milliseconds): 78"
"10-08-2026 12:07:42","8","Information","Microsoft-Windows-StorageManagement","The Windows Storage Management WMI Provider was loaded.                    
Load time (milliseconds): 0"
"10-08-2026 12:02:33","9","Information","Microsoft-Windows-StorageManagement","A Windows Storage Management WMI enumeration operation was performed.                   
Class: MSFT_PhysicalDisk                   
ResultCount: 1                   
Operation time (milliseconds): 63"
"10-08-2026 12:02:33","8","Information","Microsoft-Windows-StorageManagement","The Windows Storage Management WMI Provider was loaded.                    
Load time (milliseconds): 0"
"10-08-2026 11:52:42","9","Information","Microsoft-Windows-StorageManagement","A Windows Storage Management WMI enumeration operation was performed.                   
Class: MSFT_PhysicalDisk                   
ResultCount: 1                   
Operation time (milliseconds): 94"
"10-08-2026 11:52:42","7","Information","Microsoft-Windows-StorageManagement","The Windows Storage Provider host service was started successfully.                    
Start time (milliseconds): 343"
"10-08-2026 11:52:42","1001","Information","Microsoft-Windows-StorageManagement-WSP-Host","A Windows Storage Provider was loaded successfully.             
Provider: wsp_health             
Provider DLL: wsp_health.dll"
"10-08-2026 11:52:42","1001","Information","Microsoft-Windows-StorageManagement-WSP-Host","A Windows Storage Provider was loaded successfully.             
Provider: wsp_sr             
Provider DLL: wsp_sr.dll"
"10-08-2026 11:52:42","1001","Information","Microsoft-Windows-StorageManagement-WSP-Host","A Windows Storage Provider was loaded successfully.             
Provider: wsp_fs             
Provider DLL: wsp_fs.dll"
"10-08-2026 11:52:42","1001","Information","Microsoft-Windows-StorageManagement-WSP-Host","A Windows Storage Provider was loaded successfully.             
Provider: MISpace             
Provider DLL: mispace.dll"
"10-08-2026 11:52:42","2010","Information","Microsoft-Windows-StorageManagement-WSP-Spaces","The Windows Storage Spaces and Disk provider was loaded.             
Load time (milliseconds): 32             
Miresult: 0"
"10-08-2026 11:52:42","2023","Information","Microsoft-Windows-StorageManagement-WSP-Spaces","Successfully initialized the Storage Management Provider.             
Function: CSpProvider::Initialize             
Duration (milliseconds): 14"
"10-08-2026 11:52:42","2027","Information","Microsoft-Windows-StorageManagement-WSP-Spaces","Successfully initialized Extended Storage Spaces API.             
Function: SuInitializeEx             
Duration (milliseconds): 0"
"10-08-2026 11:52:42","8","Information","Microsoft-Windows-StorageManagement","The Windows Storage Management WMI Provider was loaded.                    
Load time (milliseconds): 0"
"10-08-2026 11:37:42","1003","Information","Microsoft-Windows-StorageManagement-WSP-Host","Shutdown for the Windows Storage Provider host service has been completed."
"10-08-2026 11:37:42","2025","Information","Microsoft-Windows-StorageManagement-WSP-Spaces","Successfully cleaned up the Storage Management Provider.             
Function: CSpProvider::Cleanup             
Duration (milliseconds): 1"
"10-08-2026 11:37:42","2029","Information","Microsoft-Windows-StorageManagement-WSP-Spaces","Successfully cleaned up Extended Storage Spaces API.             
Function: SuCleanupEx             
Duration (milliseconds): 0"
"10-08-2026 11:37:42","9","Information","Microsoft-Windows-StorageManagement","A Windows Storage Management WMI enumeration operation was performed.                   
Class: MSFT_PhysicalDisk                   
ResultCount: 0                   
Operation time (milliseconds): 63"
"10-08-2026 11:37:42","2007","Error","Microsoft-Windows-StorageManagement-WSP-Spaces","An error occurred during object enumeration.             
Class: SPACES_PhysicalDisk             
Error Code: 28"
"10-08-2026 11:37:42","1002","Information","Microsoft-Windows-StorageManagement-WSP-Host","Shutdown has been initiated for the Windows Storage Provider host service."
"10-08-2026 11:37:42","8","Information","Microsoft-Windows-StorageManagement","The Windows Storage Management WMI Provider was loaded.                    
Load time (milliseconds): 0"
"10-08-2026 11:22:42","9","Information","Microsoft-Windows-StorageManagement","A Windows Storage Management WMI enumeration operation was performed.                   
Class: MSFT_PhysicalDisk                   
ResultCount: 1                   
Operation time (milliseconds): 78"
"10-08-2026 11:22:42","8","Information","Microsoft-Windows-StorageManagement","The Windows Storage Management WMI Provider was loaded.                    
Load time (milliseconds): 0"
"10-08-2026 11:07:42","9","Information","Microsoft-Windows-StorageManagement","A Windows Storage Management WMI enumeration operation was performed.                   
Class: MSFT_PhysicalDisk                   
ResultCount: 1                   
Operation time (milliseconds): 63"
"10-08-2026 11:07:42","7","Information","Microsoft-Windows-StorageManagement","The Windows Storage Provider host service was started successfully.                    
Start time (milliseconds): 187"
"10-08-2026 11:07:42","1001","Information","Microsoft-Windows-StorageManagement-WSP-Host","A Windows Storage Provider was loaded successfully.             
Provider: wsp_health             
Provider DLL: wsp_health.dll"
"10-08-2026 11:07:42","1001","Information","Microsoft-Windows-StorageManagement-WSP-Host","A Windows Storage Provider was loaded successfully.             
Provider: wsp_sr             
Provider DLL: wsp_sr.dll"
"10-08-2026 11:07:42","1001","Information","Microsoft-Windows-StorageManagement-WSP-Host","A Windows Storage Provider was loaded successfully.             
Provider: wsp_fs             
Provider DLL: wsp_fs.dll"
"10-08-2026 11:07:42","1001","Information","Microsoft-Windows-StorageManagement-WSP-Host","A Windows Storage Provider was loaded successfully.             
Provider: MISpace             
Provider DLL: mispace.dll"
"10-08-2026 11:07:42","2010","Information","Microsoft-Windows-StorageManagement-WSP-Spaces","The Windows Storage Spaces and Disk provider was loaded.             
Load time (milliseconds): 0             
Miresult: 0"
"10-08-2026 11:07:42","2023","Information","Microsoft-Windows-StorageManagement-WSP-Spaces","Successfully initialized the Storage Management Provider.             
Function: CSpProvider::Initialize             
Duration (milliseconds): 7"
"10-08-2026 11:07:42","2027","Information","Microsoft-Windows-StorageManagement-WSP-Spaces","Successfully initialized Extended Storage Spaces API.             
Function: SuInitializeEx             
Duration (milliseconds): 0"
"10-08-2026 11:07:42","8","Information","Microsoft-Windows-StorageManagement","The Windows Storage Management WMI Provider was loaded.                    
Load time (milliseconds): 0"
"10-08-2026 10:52:42","1003","Information","Microsoft-Windows-StorageManagement-WSP-Host","Shutdown for the Windows Storage Provider host service has been completed."
"10-08-2026 10:52:42","2025","Information","Microsoft-Windows-StorageManagement-WSP-Spaces","Successfully cleaned up the Storage Management Provider.             
Function: CSpProvider::Cleanup             
Duration (milliseconds): 1"
"10-08-2026 10:52:42","2029","Information","Microsoft-Windows-StorageManagement-WSP-Spaces","Successfully cleaned up Extended Storage Spaces API.             
Function: SuCleanupEx             
Duration (milliseconds): 0"
"10-08-2026 10:52:42","9","Information","Microsoft-Windows-StorageManagement","A Windows Storage Management WMI enumeration operation was performed.                   
Class: MSFT_PhysicalDisk                   
ResultCount: 0                   
Operation time (milliseconds): 62"
"10-08-2026 10:52:42","2007","Error","Microsoft-Windows-StorageManagement-WSP-Spaces","An error occurred during object enumeration.             
Class: SPACES_PhysicalDisk             
Error Code: 28"
"10-08-2026 10:52:42","1002","Information","Microsoft-Windows-StorageManagement-WSP-Host","Shutdown has been initiated for the Windows Storage Provider host service."
"10-08-2026 10:52:42","8","Information","Microsoft-Windows-StorageManagement","The Windows Storage Management WMI Provider was loaded.                    
Load time (milliseconds): 0"
"10-08-2026 10:37:42","9","Information","Microsoft-Windows-StorageManagement","A Windows Storage Management WMI enumeration operation was performed.                   
Class: MSFT_PhysicalDisk                   
ResultCount: 1                   
Operation time (milliseconds): 78"
"10-08-2026 10:37:42","8","Information","Microsoft-Windows-StorageManagement","The Windows Storage Management WMI Provider was loaded.                    
Load time (milliseconds): 0"
"10-08-2026 10:22:42","9","Information","Microsoft-Windows-StorageManagement","A Windows Storage Management WMI enumeration operation was performed.                   
Class: MSFT_PhysicalDisk                   
ResultCount: 1                   
Operation time (milliseconds): 78"
"10-08-2026 10:22:42","7","Information","Microsoft-Windows-StorageManagement","The Windows Storage Provider host service was started successfully.                    
Start time (milliseconds): 344"
"10-08-2026 10:22:42","1001","Information","Microsoft-Windows-StorageManagement-WSP-Host","A Windows Storage Provider was loaded successfully.             
Provider: wsp_health             
Provider DLL: wsp_health.dll"
"10-08-2026 10:22:42","1001","Information","Microsoft-Windows-StorageManagement-WSP-Host","A Windows Storage Provider was loaded successfully.             
Provider: wsp_sr             
Provider DLL: wsp_sr.dll"
"10-08-2026 10:22:42","1001","Information","Microsoft-Windows-StorageManagement-WSP-Host","A Windows Storage Provider was loaded successfully.             
Provider: wsp_fs             
Provider DLL: wsp_fs.dll"
