"17-06-2026 19:16:44","1021","Information","Microsoft-Windows-SMBServer","LmCompatibilityLevel value is different from the default.

Configured LM Compatibility Level: 5
Default LM Compatibility Level: 3

Guidance:

LAN Manager (LM) authentication is the protocol used to authenticate Windows clients for network operations. This includes joining a domain, accessing network resources, and authenticating users or computers. This determines which challenge/response authentication protocol is negotiated between the client and the server computers. Specifically, the LM authentication level determines which authentication protocols the client will try to negotiate or the server will accept. The value set for LmCompatibilityLevel determines which challenge/response authentication protocol is used for network logons. This value affects the level of authentication protocol that clients use, the level of session security negotiated, and the level of authentication accepted by servers.

Value (Setting) - Description

0 (Send LM & NTLM responses) - Clients use LM and NTLM authentication and never use NTLMv2 session security. Domain controllers accept LM, NTLM, and NTLMv2 authentication.

1 (Send LM & NTLM - use NTLMv2 session security if negotiated) - Clients use LM and NTLM authentication, and use NTLMv2 session security if the server supports it. Domain controllers accept LM, NTLM, and NTLMv2 authentication.

2 (Send NTLM response only) - Clients use NTLM authentication only and use NTLMv2 session security if the server supports it. Domain controllers accept LM, NTLM, and NTLMv2 authentication.

3 (Send NTLM v2 response only) - Clients use NTLMv2 authentication only and use NTLMv2 session security if the server supports it. Domain controllers accept LM, NTLM, and NTLMv2 authentication.

4 (Send NTLMv2 response only/refuse LM) - Clients use NTLMv2 authentication only and use NTLMv2 session security if the server supports it. Domain controllers refuse LM and accept only NTLM and NTLMv2 authentication.

5 (Send NTLM v2 response only/refuse LM & NTLM) - Clients use NTLMv2 authentication only and use NTLMv2 session security if the server supports it. Domain controllers refuse LM and NTLM and accept only NTLMv2 authentication.

Incompatibly configured  LmCompatibility levels between a client and server (such as 0 on a client and 5 on a server) prevent access to the server. Non-Microsoft clients and servers also provide these configuration settings."
"17-06-2026 19:13:37","1021","Information","Microsoft-Windows-SMBServer","LmCompatibilityLevel value is different from the default.

Configured LM Compatibility Level: 5
Default LM Compatibility Level: 3

Guidance:

LAN Manager (LM) authentication is the protocol used to authenticate Windows clients for network operations. This includes joining a domain, accessing network resources, and authenticating users or computers. This determines which challenge/response authentication protocol is negotiated between the client and the server computers. Specifically, the LM authentication level determines which authentication protocols the client will try to negotiate or the server will accept. The value set for LmCompatibilityLevel determines which challenge/response authentication protocol is used for network logons. This value affects the level of authentication protocol that clients use, the level of session security negotiated, and the level of authentication accepted by servers.

Value (Setting) - Description

0 (Send LM & NTLM responses) - Clients use LM and NTLM authentication and never use NTLMv2 session security. Domain controllers accept LM, NTLM, and NTLMv2 authentication.

1 (Send LM & NTLM - use NTLMv2 session security if negotiated) - Clients use LM and NTLM authentication, and use NTLMv2 session security if the server supports it. Domain controllers accept LM, NTLM, and NTLMv2 authentication.

2 (Send NTLM response only) - Clients use NTLM authentication only and use NTLMv2 session security if the server supports it. Domain controllers accept LM, NTLM, and NTLMv2 authentication.

3 (Send NTLM v2 response only) - Clients use NTLMv2 authentication only and use NTLMv2 session security if the server supports it. Domain controllers accept LM, NTLM, and NTLMv2 authentication.

4 (Send NTLMv2 response only/refuse LM) - Clients use NTLMv2 authentication only and use NTLMv2 session security if the server supports it. Domain controllers refuse LM and accept only NTLM and NTLMv2 authentication.

5 (Send NTLM v2 response only/refuse LM & NTLM) - Clients use NTLMv2 authentication only and use NTLMv2 session security if the server supports it. Domain controllers refuse LM and NTLM and accept only NTLMv2 authentication.

Incompatibly configured  LmCompatibility levels between a client and server (such as 0 on a client and 5 on a server) prevent access to the server. Non-Microsoft clients and servers also provide these configuration settings."
"16-06-2026 09:59:22","1021","Information","Microsoft-Windows-SMBServer","LmCompatibilityLevel value is different from the default.

Configured LM Compatibility Level: 5
Default LM Compatibility Level: 3

Guidance:

LAN Manager (LM) authentication is the protocol used to authenticate Windows clients for network operations. This includes joining a domain, accessing network resources, and authenticating users or computers. This determines which challenge/response authentication protocol is negotiated between the client and the server computers. Specifically, the LM authentication level determines which authentication protocols the client will try to negotiate or the server will accept. The value set for LmCompatibilityLevel determines which challenge/response authentication protocol is used for network logons. This value affects the level of authentication protocol that clients use, the level of session security negotiated, and the level of authentication accepted by servers.

Value (Setting) - Description

0 (Send LM & NTLM responses) - Clients use LM and NTLM authentication and never use NTLMv2 session security. Domain controllers accept LM, NTLM, and NTLMv2 authentication.

1 (Send LM & NTLM - use NTLMv2 session security if negotiated) - Clients use LM and NTLM authentication, and use NTLMv2 session security if the server supports it. Domain controllers accept LM, NTLM, and NTLMv2 authentication.

2 (Send NTLM response only) - Clients use NTLM authentication only and use NTLMv2 session security if the server supports it. Domain controllers accept LM, NTLM, and NTLMv2 authentication.

3 (Send NTLM v2 response only) - Clients use NTLMv2 authentication only and use NTLMv2 session security if the server supports it. Domain controllers accept LM, NTLM, and NTLMv2 authentication.

4 (Send NTLMv2 response only/refuse LM) - Clients use NTLMv2 authentication only and use NTLMv2 session security if the server supports it. Domain controllers refuse LM and accept only NTLM and NTLMv2 authentication.

5 (Send NTLM v2 response only/refuse LM & NTLM) - Clients use NTLMv2 authentication only and use NTLMv2 session security if the server supports it. Domain controllers refuse LM and NTLM and accept only NTLMv2 authentication.

Incompatibly configured  LmCompatibility levels between a client and server (such as 0 on a client and 5 on a server) prevent access to the server. Non-Microsoft clients and servers also provide these configuration settings."
"15-06-2026 09:34:32","551","Error","Microsoft-Windows-SMBServer","SMB Session Authentication Failure

Client Name: \\10.250.27.12
Client Address: 10.250.27.12:55777
User Name: 
Session ID: 0x340000000015
Status: The attempted logon is invalid. This is either due to a bad username or authentication information. (0xC000006D)
SPN: session setup failed before the SPN could be queried
SPN Validation Policy: SPN optional / validate full

Guidance:

You should expect this error when attempting to connect to shares using incorrect credentials.

This error does not always indicate a problem with authorization, but mainly authentication. It is more common with non-Windows clients.

This error can occur when using incorrect usernames and passwords with NTLM, mismatched LmCompatibility settings between client and server, an incorrect service principal name, duplicate Kerberos service principal names, incorrect Kerberos ticket-granting service tickets, or Guest accounts without Guest access enabled"
"12-06-2026 09:54:35","1021","Information","Microsoft-Windows-SMBServer","LmCompatibilityLevel value is different from the default.

Configured LM Compatibility Level: 5
Default LM Compatibility Level: 3

Guidance:

LAN Manager (LM) authentication is the protocol used to authenticate Windows clients for network operations. This includes joining a domain, accessing network resources, and authenticating users or computers. This determines which challenge/response authentication protocol is negotiated between the client and the server computers. Specifically, the LM authentication level determines which authentication protocols the client will try to negotiate or the server will accept. The value set for LmCompatibilityLevel determines which challenge/response authentication protocol is used for network logons. This value affects the level of authentication protocol that clients use, the level of session security negotiated, and the level of authentication accepted by servers.

Value (Setting) - Description

0 (Send LM & NTLM responses) - Clients use LM and NTLM authentication and never use NTLMv2 session security. Domain controllers accept LM, NTLM, and NTLMv2 authentication.

1 (Send LM & NTLM - use NTLMv2 session security if negotiated) - Clients use LM and NTLM authentication, and use NTLMv2 session security if the server supports it. Domain controllers accept LM, NTLM, and NTLMv2 authentication.

2 (Send NTLM response only) - Clients use NTLM authentication only and use NTLMv2 session security if the server supports it. Domain controllers accept LM, NTLM, and NTLMv2 authentication.

3 (Send NTLM v2 response only) - Clients use NTLMv2 authentication only and use NTLMv2 session security if the server supports it. Domain controllers accept LM, NTLM, and NTLMv2 authentication.

4 (Send NTLMv2 response only/refuse LM) - Clients use NTLMv2 authentication only and use NTLMv2 session security if the server supports it. Domain controllers refuse LM and accept only NTLM and NTLMv2 authentication.

5 (Send NTLM v2 response only/refuse LM & NTLM) - Clients use NTLMv2 authentication only and use NTLMv2 session security if the server supports it. Domain controllers refuse LM and NTLM and accept only NTLMv2 authentication.

Incompatibly configured  LmCompatibility levels between a client and server (such as 0 on a client and 5 on a server) prevent access to the server. Non-Microsoft clients and servers also provide these configuration settings."
"09-06-2026 11:46:48","551","Error","Microsoft-Windows-SMBServer","SMB Session Authentication Failure

Client Name: \\10.250.27.11
Client Address: 10.250.27.11:57736
User Name: 
Session ID: 0x300000000001
Status: The attempted logon is invalid. This is either due to a bad username or authentication information. (0xC000006D)
SPN: session setup failed before the SPN could be queried
SPN Validation Policy: SPN optional / validate full

Guidance:

You should expect this error when attempting to connect to shares using incorrect credentials.

This error does not always indicate a problem with authorization, but mainly authentication. It is more common with non-Windows clients.

This error can occur when using incorrect usernames and passwords with NTLM, mismatched LmCompatibility settings between client and server, an incorrect service principal name, duplicate Kerberos service principal names, incorrect Kerberos ticket-granting service tickets, or Guest accounts without Guest access enabled"
"08-06-2026 19:13:53","1021","Information","Microsoft-Windows-SMBServer","LmCompatibilityLevel value is different from the default.

Configured LM Compatibility Level: 5
Default LM Compatibility Level: 3

Guidance:

LAN Manager (LM) authentication is the protocol used to authenticate Windows clients for network operations. This includes joining a domain, accessing network resources, and authenticating users or computers. This determines which challenge/response authentication protocol is negotiated between the client and the server computers. Specifically, the LM authentication level determines which authentication protocols the client will try to negotiate or the server will accept. The value set for LmCompatibilityLevel determines which challenge/response authentication protocol is used for network logons. This value affects the level of authentication protocol that clients use, the level of session security negotiated, and the level of authentication accepted by servers.

Value (Setting) - Description

0 (Send LM & NTLM responses) - Clients use LM and NTLM authentication and never use NTLMv2 session security. Domain controllers accept LM, NTLM, and NTLMv2 authentication.

1 (Send LM & NTLM - use NTLMv2 session security if negotiated) - Clients use LM and NTLM authentication, and use NTLMv2 session security if the server supports it. Domain controllers accept LM, NTLM, and NTLMv2 authentication.

2 (Send NTLM response only) - Clients use NTLM authentication only and use NTLMv2 session security if the server supports it. Domain controllers accept LM, NTLM, and NTLMv2 authentication.

3 (Send NTLM v2 response only) - Clients use NTLMv2 authentication only and use NTLMv2 session security if the server supports it. Domain controllers accept LM, NTLM, and NTLMv2 authentication.

4 (Send NTLMv2 response only/refuse LM) - Clients use NTLMv2 authentication only and use NTLMv2 session security if the server supports it. Domain controllers refuse LM and accept only NTLM and NTLMv2 authentication.

5 (Send NTLM v2 response only/refuse LM & NTLM) - Clients use NTLMv2 authentication only and use NTLMv2 session security if the server supports it. Domain controllers refuse LM and NTLM and accept only NTLMv2 authentication.

Incompatibly configured  LmCompatibility levels between a client and server (such as 0 on a client and 5 on a server) prevent access to the server. Non-Microsoft clients and servers also provide these configuration settings."
"08-06-2026 09:40:08","1021","Information","Microsoft-Windows-SMBServer","LmCompatibilityLevel value is different from the default.

Configured LM Compatibility Level: 5
Default LM Compatibility Level: 3

Guidance:

LAN Manager (LM) authentication is the protocol used to authenticate Windows clients for network operations. This includes joining a domain, accessing network resources, and authenticating users or computers. This determines which challenge/response authentication protocol is negotiated between the client and the server computers. Specifically, the LM authentication level determines which authentication protocols the client will try to negotiate or the server will accept. The value set for LmCompatibilityLevel determines which challenge/response authentication protocol is used for network logons. This value affects the level of authentication protocol that clients use, the level of session security negotiated, and the level of authentication accepted by servers.

Value (Setting) - Description

0 (Send LM & NTLM responses) - Clients use LM and NTLM authentication and never use NTLMv2 session security. Domain controllers accept LM, NTLM, and NTLMv2 authentication.

1 (Send LM & NTLM - use NTLMv2 session security if negotiated) - Clients use LM and NTLM authentication, and use NTLMv2 session security if the server supports it. Domain controllers accept LM, NTLM, and NTLMv2 authentication.

2 (Send NTLM response only) - Clients use NTLM authentication only and use NTLMv2 session security if the server supports it. Domain controllers accept LM, NTLM, and NTLMv2 authentication.

3 (Send NTLM v2 response only) - Clients use NTLMv2 authentication only and use NTLMv2 session security if the server supports it. Domain controllers accept LM, NTLM, and NTLMv2 authentication.

4 (Send NTLMv2 response only/refuse LM) - Clients use NTLMv2 authentication only and use NTLMv2 session security if the server supports it. Domain controllers refuse LM and accept only NTLM and NTLMv2 authentication.

5 (Send NTLM v2 response only/refuse LM & NTLM) - Clients use NTLMv2 authentication only and use NTLMv2 session security if the server supports it. Domain controllers refuse LM and NTLM and accept only NTLMv2 authentication.

Incompatibly configured  LmCompatibility levels between a client and server (such as 0 on a client and 5 on a server) prevent access to the server. Non-Microsoft clients and servers also provide these configuration settings."
"03-06-2026 10:14:05","1021","Information","Microsoft-Windows-SMBServer","LmCompatibilityLevel value is different from the default.

Configured LM Compatibility Level: 5
Default LM Compatibility Level: 3

Guidance:

LAN Manager (LM) authentication is the protocol used to authenticate Windows clients for network operations. This includes joining a domain, accessing network resources, and authenticating users or computers. This determines which challenge/response authentication protocol is negotiated between the client and the server computers. Specifically, the LM authentication level determines which authentication protocols the client will try to negotiate or the server will accept. The value set for LmCompatibilityLevel determines which challenge/response authentication protocol is used for network logons. This value affects the level of authentication protocol that clients use, the level of session security negotiated, and the level of authentication accepted by servers.

Value (Setting) - Description

0 (Send LM & NTLM responses) - Clients use LM and NTLM authentication and never use NTLMv2 session security. Domain controllers accept LM, NTLM, and NTLMv2 authentication.

1 (Send LM & NTLM - use NTLMv2 session security if negotiated) - Clients use LM and NTLM authentication, and use NTLMv2 session security if the server supports it. Domain controllers accept LM, NTLM, and NTLMv2 authentication.

2 (Send NTLM response only) - Clients use NTLM authentication only and use NTLMv2 session security if the server supports it. Domain controllers accept LM, NTLM, and NTLMv2 authentication.

3 (Send NTLM v2 response only) - Clients use NTLMv2 authentication only and use NTLMv2 session security if the server supports it. Domain controllers accept LM, NTLM, and NTLMv2 authentication.

4 (Send NTLMv2 response only/refuse LM) - Clients use NTLMv2 authentication only and use NTLMv2 session security if the server supports it. Domain controllers refuse LM and accept only NTLM and NTLMv2 authentication.

5 (Send NTLM v2 response only/refuse LM & NTLM) - Clients use NTLMv2 authentication only and use NTLMv2 session security if the server supports it. Domain controllers refuse LM and NTLM and accept only NTLMv2 authentication.

Incompatibly configured  LmCompatibility levels between a client and server (such as 0 on a client and 5 on a server) prevent access to the server. Non-Microsoft clients and servers also provide these configuration settings."
"03-06-2026 00:13:33","1021","Information","Microsoft-Windows-SMBServer","LmCompatibilityLevel value is different from the default.

Configured LM Compatibility Level: 5
Default LM Compatibility Level: 3

Guidance:

LAN Manager (LM) authentication is the protocol used to authenticate Windows clients for network operations. This includes joining a domain, accessing network resources, and authenticating users or computers. This determines which challenge/response authentication protocol is negotiated between the client and the server computers. Specifically, the LM authentication level determines which authentication protocols the client will try to negotiate or the server will accept. The value set for LmCompatibilityLevel determines which challenge/response authentication protocol is used for network logons. This value affects the level of authentication protocol that clients use, the level of session security negotiated, and the level of authentication accepted by servers.

Value (Setting) - Description

0 (Send LM & NTLM responses) - Clients use LM and NTLM authentication and never use NTLMv2 session security. Domain controllers accept LM, NTLM, and NTLMv2 authentication.

1 (Send LM & NTLM - use NTLMv2 session security if negotiated) - Clients use LM and NTLM authentication, and use NTLMv2 session security if the server supports it. Domain controllers accept LM, NTLM, and NTLMv2 authentication.

2 (Send NTLM response only) - Clients use NTLM authentication only and use NTLMv2 session security if the server supports it. Domain controllers accept LM, NTLM, and NTLMv2 authentication.

3 (Send NTLM v2 response only) - Clients use NTLMv2 authentication only and use NTLMv2 session security if the server supports it. Domain controllers accept LM, NTLM, and NTLMv2 authentication.

4 (Send NTLMv2 response only/refuse LM) - Clients use NTLMv2 authentication only and use NTLMv2 session security if the server supports it. Domain controllers refuse LM and accept only NTLM and NTLMv2 authentication.

5 (Send NTLM v2 response only/refuse LM & NTLM) - Clients use NTLMv2 authentication only and use NTLMv2 session security if the server supports it. Domain controllers refuse LM and NTLM and accept only NTLMv2 authentication.

Incompatibly configured  LmCompatibility levels between a client and server (such as 0 on a client and 5 on a server) prevent access to the server. Non-Microsoft clients and servers also provide these configuration settings."
"02-06-2026 10:14:11","1021","Information","Microsoft-Windows-SMBServer","LmCompatibilityLevel value is different from the default.

Configured LM Compatibility Level: 5
Default LM Compatibility Level: 3

Guidance:

LAN Manager (LM) authentication is the protocol used to authenticate Windows clients for network operations. This includes joining a domain, accessing network resources, and authenticating users or computers. This determines which challenge/response authentication protocol is negotiated between the client and the server computers. Specifically, the LM authentication level determines which authentication protocols the client will try to negotiate or the server will accept. The value set for LmCompatibilityLevel determines which challenge/response authentication protocol is used for network logons. This value affects the level of authentication protocol that clients use, the level of session security negotiated, and the level of authentication accepted by servers.

Value (Setting) - Description

0 (Send LM & NTLM responses) - Clients use LM and NTLM authentication and never use NTLMv2 session security. Domain controllers accept LM, NTLM, and NTLMv2 authentication.

1 (Send LM & NTLM - use NTLMv2 session security if negotiated) - Clients use LM and NTLM authentication, and use NTLMv2 session security if the server supports it. Domain controllers accept LM, NTLM, and NTLMv2 authentication.

2 (Send NTLM response only) - Clients use NTLM authentication only and use NTLMv2 session security if the server supports it. Domain controllers accept LM, NTLM, and NTLMv2 authentication.

3 (Send NTLM v2 response only) - Clients use NTLMv2 authentication only and use NTLMv2 session security if the server supports it. Domain controllers accept LM, NTLM, and NTLMv2 authentication.

4 (Send NTLMv2 response only/refuse LM) - Clients use NTLMv2 authentication only and use NTLMv2 session security if the server supports it. Domain controllers refuse LM and accept only NTLM and NTLMv2 authentication.

5 (Send NTLM v2 response only/refuse LM & NTLM) - Clients use NTLMv2 authentication only and use NTLMv2 session security if the server supports it. Domain controllers refuse LM and NTLM and accept only NTLMv2 authentication.

Incompatibly configured  LmCompatibility levels between a client and server (such as 0 on a client and 5 on a server) prevent access to the server. Non-Microsoft clients and servers also provide these configuration settings."
"01-06-2026 09:19:25","1021","Information","Microsoft-Windows-SMBServer","LmCompatibilityLevel value is different from the default.

Configured LM Compatibility Level: 5
Default LM Compatibility Level: 3

Guidance:

LAN Manager (LM) authentication is the protocol used to authenticate Windows clients for network operations. This includes joining a domain, accessing network resources, and authenticating users or computers. This determines which challenge/response authentication protocol is negotiated between the client and the server computers. Specifically, the LM authentication level determines which authentication protocols the client will try to negotiate or the server will accept. The value set for LmCompatibilityLevel determines which challenge/response authentication protocol is used for network logons. This value affects the level of authentication protocol that clients use, the level of session security negotiated, and the level of authentication accepted by servers.

Value (Setting) - Description

0 (Send LM & NTLM responses) - Clients use LM and NTLM authentication and never use NTLMv2 session security. Domain controllers accept LM, NTLM, and NTLMv2 authentication.

1 (Send LM & NTLM - use NTLMv2 session security if negotiated) - Clients use LM and NTLM authentication, and use NTLMv2 session security if the server supports it. Domain controllers accept LM, NTLM, and NTLMv2 authentication.

2 (Send NTLM response only) - Clients use NTLM authentication only and use NTLMv2 session security if the server supports it. Domain controllers accept LM, NTLM, and NTLMv2 authentication.

3 (Send NTLM v2 response only) - Clients use NTLMv2 authentication only and use NTLMv2 session security if the server supports it. Domain controllers accept LM, NTLM, and NTLMv2 authentication.

4 (Send NTLMv2 response only/refuse LM) - Clients use NTLMv2 authentication only and use NTLMv2 session security if the server supports it. Domain controllers refuse LM and accept only NTLM and NTLMv2 authentication.

5 (Send NTLM v2 response only/refuse LM & NTLM) - Clients use NTLMv2 authentication only and use NTLMv2 session security if the server supports it. Domain controllers refuse LM and NTLM and accept only NTLMv2 authentication.

Incompatibly configured  LmCompatibility levels between a client and server (such as 0 on a client and 5 on a server) prevent access to the server. Non-Microsoft clients and servers also provide these configuration settings."
"28-05-2026 10:19:37","1021","Information","Microsoft-Windows-SMBServer","LmCompatibilityLevel value is different from the default.

Configured LM Compatibility Level: 5
Default LM Compatibility Level: 3

Guidance:

LAN Manager (LM) authentication is the protocol used to authenticate Windows clients for network operations. This includes joining a domain, accessing network resources, and authenticating users or computers. This determines which challenge/response authentication protocol is negotiated between the client and the server computers. Specifically, the LM authentication level determines which authentication protocols the client will try to negotiate or the server will accept. The value set for LmCompatibilityLevel determines which challenge/response authentication protocol is used for network logons. This value affects the level of authentication protocol that clients use, the level of session security negotiated, and the level of authentication accepted by servers.

Value (Setting) - Description

0 (Send LM & NTLM responses) - Clients use LM and NTLM authentication and never use NTLMv2 session security. Domain controllers accept LM, NTLM, and NTLMv2 authentication.

1 (Send LM & NTLM - use NTLMv2 session security if negotiated) - Clients use LM and NTLM authentication, and use NTLMv2 session security if the server supports it. Domain controllers accept LM, NTLM, and NTLMv2 authentication.

2 (Send NTLM response only) - Clients use NTLM authentication only and use NTLMv2 session security if the server supports it. Domain controllers accept LM, NTLM, and NTLMv2 authentication.

3 (Send NTLM v2 response only) - Clients use NTLMv2 authentication only and use NTLMv2 session security if the server supports it. Domain controllers accept LM, NTLM, and NTLMv2 authentication.

4 (Send NTLMv2 response only/refuse LM) - Clients use NTLMv2 authentication only and use NTLMv2 session security if the server supports it. Domain controllers refuse LM and accept only NTLM and NTLMv2 authentication.

5 (Send NTLM v2 response only/refuse LM & NTLM) - Clients use NTLMv2 authentication only and use NTLMv2 session security if the server supports it. Domain controllers refuse LM and NTLM and accept only NTLMv2 authentication.

Incompatibly configured  LmCompatibility levels between a client and server (such as 0 on a client and 5 on a server) prevent access to the server. Non-Microsoft clients and servers also provide these configuration settings."
"25-05-2026 09:00:02","1021","Information","Microsoft-Windows-SMBServer","LmCompatibilityLevel value is different from the default.

Configured LM Compatibility Level: 5
Default LM Compatibility Level: 3

Guidance:

LAN Manager (LM) authentication is the protocol used to authenticate Windows clients for network operations. This includes joining a domain, accessing network resources, and authenticating users or computers. This determines which challenge/response authentication protocol is negotiated between the client and the server computers. Specifically, the LM authentication level determines which authentication protocols the client will try to negotiate or the server will accept. The value set for LmCompatibilityLevel determines which challenge/response authentication protocol is used for network logons. This value affects the level of authentication protocol that clients use, the level of session security negotiated, and the level of authentication accepted by servers.

Value (Setting) - Description

0 (Send LM & NTLM responses) - Clients use LM and NTLM authentication and never use NTLMv2 session security. Domain controllers accept LM, NTLM, and NTLMv2 authentication.

1 (Send LM & NTLM - use NTLMv2 session security if negotiated) - Clients use LM and NTLM authentication, and use NTLMv2 session security if the server supports it. Domain controllers accept LM, NTLM, and NTLMv2 authentication.

2 (Send NTLM response only) - Clients use NTLM authentication only and use NTLMv2 session security if the server supports it. Domain controllers accept LM, NTLM, and NTLMv2 authentication.

3 (Send NTLM v2 response only) - Clients use NTLMv2 authentication only and use NTLMv2 session security if the server supports it. Domain controllers accept LM, NTLM, and NTLMv2 authentication.

4 (Send NTLMv2 response only/refuse LM) - Clients use NTLMv2 authentication only and use NTLMv2 session security if the server supports it. Domain controllers refuse LM and accept only NTLM and NTLMv2 authentication.

5 (Send NTLM v2 response only/refuse LM & NTLM) - Clients use NTLMv2 authentication only and use NTLMv2 session security if the server supports it. Domain controllers refuse LM and NTLM and accept only NTLMv2 authentication.

Incompatibly configured  LmCompatibility levels between a client and server (such as 0 on a client and 5 on a server) prevent access to the server. Non-Microsoft clients and servers also provide these configuration settings."
"23-05-2026 21:48:33","1021","Information","Microsoft-Windows-SMBServer","LmCompatibilityLevel value is different from the default.

Configured LM Compatibility Level: 5
Default LM Compatibility Level: 3

Guidance:

LAN Manager (LM) authentication is the protocol used to authenticate Windows clients for network operations. This includes joining a domain, accessing network resources, and authenticating users or computers. This determines which challenge/response authentication protocol is negotiated between the client and the server computers. Specifically, the LM authentication level determines which authentication protocols the client will try to negotiate or the server will accept. The value set for LmCompatibilityLevel determines which challenge/response authentication protocol is used for network logons. This value affects the level of authentication protocol that clients use, the level of session security negotiated, and the level of authentication accepted by servers.

Value (Setting) - Description

0 (Send LM & NTLM responses) - Clients use LM and NTLM authentication and never use NTLMv2 session security. Domain controllers accept LM, NTLM, and NTLMv2 authentication.

1 (Send LM & NTLM - use NTLMv2 session security if negotiated) - Clients use LM and NTLM authentication, and use NTLMv2 session security if the server supports it. Domain controllers accept LM, NTLM, and NTLMv2 authentication.

2 (Send NTLM response only) - Clients use NTLM authentication only and use NTLMv2 session security if the server supports it. Domain controllers accept LM, NTLM, and NTLMv2 authentication.

3 (Send NTLM v2 response only) - Clients use NTLMv2 authentication only and use NTLMv2 session security if the server supports it. Domain controllers accept LM, NTLM, and NTLMv2 authentication.

4 (Send NTLMv2 response only/refuse LM) - Clients use NTLMv2 authentication only and use NTLMv2 session security if the server supports it. Domain controllers refuse LM and accept only NTLM and NTLMv2 authentication.

5 (Send NTLM v2 response only/refuse LM & NTLM) - Clients use NTLMv2 authentication only and use NTLMv2 session security if the server supports it. Domain controllers refuse LM and NTLM and accept only NTLMv2 authentication.

Incompatibly configured  LmCompatibility levels between a client and server (such as 0 on a client and 5 on a server) prevent access to the server. Non-Microsoft clients and servers also provide these configuration settings."
"23-05-2026 11:01:36","1021","Information","Microsoft-Windows-SMBServer","LmCompatibilityLevel value is different from the default.

Configured LM Compatibility Level: 5
Default LM Compatibility Level: 3

Guidance:

LAN Manager (LM) authentication is the protocol used to authenticate Windows clients for network operations. This includes joining a domain, accessing network resources, and authenticating users or computers. This determines which challenge/response authentication protocol is negotiated between the client and the server computers. Specifically, the LM authentication level determines which authentication protocols the client will try to negotiate or the server will accept. The value set for LmCompatibilityLevel determines which challenge/response authentication protocol is used for network logons. This value affects the level of authentication protocol that clients use, the level of session security negotiated, and the level of authentication accepted by servers.

Value (Setting) - Description

0 (Send LM & NTLM responses) - Clients use LM and NTLM authentication and never use NTLMv2 session security. Domain controllers accept LM, NTLM, and NTLMv2 authentication.

1 (Send LM & NTLM - use NTLMv2 session security if negotiated) - Clients use LM and NTLM authentication, and use NTLMv2 session security if the server supports it. Domain controllers accept LM, NTLM, and NTLMv2 authentication.

2 (Send NTLM response only) - Clients use NTLM authentication only and use NTLMv2 session security if the server supports it. Domain controllers accept LM, NTLM, and NTLMv2 authentication.

3 (Send NTLM v2 response only) - Clients use NTLMv2 authentication only and use NTLMv2 session security if the server supports it. Domain controllers accept LM, NTLM, and NTLMv2 authentication.

4 (Send NTLMv2 response only/refuse LM) - Clients use NTLMv2 authentication only and use NTLMv2 session security if the server supports it. Domain controllers refuse LM and accept only NTLM and NTLMv2 authentication.

5 (Send NTLM v2 response only/refuse LM & NTLM) - Clients use NTLMv2 authentication only and use NTLMv2 session security if the server supports it. Domain controllers refuse LM and NTLM and accept only NTLMv2 authentication.

Incompatibly configured  LmCompatibility levels between a client and server (such as 0 on a client and 5 on a server) prevent access to the server. Non-Microsoft clients and servers also provide these configuration settings."
