"TimeCreated","Id","LevelDisplayName","ProviderName","Message"
"19-08-2026 13:30:00","1010","Information","Microsoft-Windows-Privacy-Auditing","User S-1-12-1-4220155720-1073834589-1054805678-3526012841 setting for allow app NonPackaged access to location default successfully created as Allow."
"18-08-2026 14:31:28","1025","Information","Microsoft-Windows-Privacy-Auditing","Consent for Package NonPackaged and User S-1-12-1-2357405129-1281513531-255772574-1816207334 has been deemed invalid for capability phoneCall. Removing consent. Justification: Capability does not support Full Trust consent"
"18-08-2026 10:29:45","1025","Information","Microsoft-Windows-Privacy-Auditing","Consent for Package NonPackaged and User S-1-12-1-2357405129-1281513531-255772574-1816207334 has been deemed invalid for capability phoneCall. Removing consent. Justification: Capability does not support Full Trust consent"
"11-08-2026 12:07:12","1025","Information","Microsoft-Windows-Privacy-Auditing","Consent for Package NonPackaged and User S-1-12-1-2357405129-1281513531-255772574-1816207334 has been deemed invalid for capability phoneCall. Removing consent. Justification: Capability does not support Full Trust consent"
"10-08-2026 09:41:34","1025","Information","Microsoft-Windows-Privacy-Auditing","Consent for Package NonPackaged and User S-1-12-1-2357405129-1281513531-255772574-1816207334 has been deemed invalid for capability phoneCall. Removing consent. Justification: Capability does not support Full Trust consent"
"06-08-2026 15:40:58","1024","Information","Microsoft-Windows-Privacy-Auditing","Package Microsoft.OneDriveSync_8wekyb3d8bbwe for user S-1-12-1-2357405129-1281513531-255772574-1816207334 successfully deprovisioned"
"05-08-2026 11:56:01","1024","Information","Microsoft-Windows-Privacy-Auditing","Package Microsoft.OneDriveSync_8wekyb3d8bbwe for user S-1-12-1-2357405129-1281513531-255772574-1816207334 successfully deprovisioned"
"03-08-2026 09:26:40","1025","Information","Microsoft-Windows-Privacy-Auditing","Consent for Package NonPackaged and User S-1-12-1-2357405129-1281513531-255772574-1816207334 has been deemed invalid for capability phoneCall. Removing consent. Justification: Capability does not support Full Trust consent"
"31-07-2026 10:48:34","1025","Information","Microsoft-Windows-Privacy-Auditing","Consent for Package Microsoft.OutlookForWindows_8wekyb3d8bbwe and User S-1-12-1-2357405129-1281513531-255772574-1816207334 has been deemed invalid for capability userAccountInformation. Removing consent. Justification: Capability does not support Full Trust consent"
"31-07-2026 09:45:19","1025","Information","Microsoft-Windows-Privacy-Auditing","Consent for Package NonPackaged and User S-1-12-1-2357405129-1281513531-255772574-1816207334 has been deemed invalid for capability phoneCall. Removing consent. Justification: Capability does not support Full Trust consent"
"29-07-2026 15:43:34","1024","Information","Microsoft-Windows-Privacy-Auditing","Package Microsoft.OneDriveSync_8wekyb3d8bbwe for user S-1-12-1-2357405129-1281513531-255772574-1816207334 successfully deprovisioned"
"28-07-2026 17:30:19","1025","Information","Microsoft-Windows-Privacy-Auditing","Consent for Package Microsoft.OutlookForWindows_8wekyb3d8bbwe and User S-1-12-1-2357405129-1281513531-255772574-1816207334 has been deemed invalid for capability userAccountInformation. Removing consent. Justification: Capability does not support Full Trust consent"
"27-07-2026 11:49:45","1025","Information","Microsoft-Windows-Privacy-Auditing","Consent for Package NonPackaged and User S-1-12-1-2357405129-1281513531-255772574-1816207334 has been deemed invalid for capability phoneCall. Removing consent. Justification: Capability does not support Full Trust consent"
"27-07-2026 09:50:59","1010","Information","Microsoft-Windows-Privacy-Auditing","User S-1-12-1-2357405129-1281513531-255772574-1816207334 setting for allow app NonPackaged access to graphicsCaptureWithoutBorder default successfully created as Allow."
"27-07-2026 09:44:40","1025","Information","Microsoft-Windows-Privacy-Auditing","Consent for Package NonPackaged and User S-1-12-1-2357405129-1281513531-255772574-1816207334 has been deemed invalid for capability phoneCall. Removing consent. Justification: Capability does not support Full Trust consent"
"27-07-2026 09:44:34","1024","Information","Microsoft-Windows-Privacy-Auditing","Package Microsoft.WindowsAppRuntime.CBS.1.8_8wekyb3d8bbwe for user S-1-12-1-2357405129-1281513531-255772574-1816207334 successfully deprovisioned"
"21-07-2026 08:45:04","1025","Information","Microsoft-Windows-Privacy-Auditing","Consent for Package NonPackaged and User S-1-12-1-2357405129-1281513531-255772574-1816207334 has been deemed invalid for capability phoneCall. Removing consent. Justification: Capability does not support Full Trust consent"
"20-07-2026 14:48:56","1025","Information","Microsoft-Windows-Privacy-Auditing","Consent for Package NonPackaged and User S-1-12-1-2357405129-1281513531-255772574-1816207334 has been deemed invalid for capability phoneCall. Removing consent. Justification: Capability does not support Full Trust consent"
"15-07-2026 11:23:33","1025","Information","Microsoft-Windows-Privacy-Auditing","Consent for Package Microsoft.OutlookForWindows_8wekyb3d8bbwe and User S-1-12-1-2357405129-1281513531-255772574-1816207334 has been deemed invalid for capability userAccountInformation. Removing consent. Justification: Capability does not support Full Trust consent"
"14-07-2026 19:33:18","1024","Information","Microsoft-Windows-Privacy-Auditing","Package Microsoft.WindowsAppRuntime.1.6_8wekyb3d8bbwe for user S-1-12-1-2357405129-1281513531-255772574-1816207334 successfully deprovisioned"
"14-07-2026 19:33:18","1024","Information","Microsoft-Windows-Privacy-Auditing","Package Microsoft.WindowsAppRuntime.1.6_8wekyb3d8bbwe for user S-1-12-1-2357405129-1281513531-255772574-1816207334 successfully deprovisioned"
"12-07-2026 18:33:06","1025","Information","Microsoft-Windows-Privacy-Auditing","Consent for Package Microsoft.OutlookForWindows_8wekyb3d8bbwe and User S-1-12-1-2357405129-1281513531-255772574-1816207334 has been deemed invalid for capability userAccountInformation. Removing consent. Justification: Capability does not support Full Trust consent"
"12-07-2026 18:32:39","1025","Information","Microsoft-Windows-Privacy-Auditing","Consent for Package NonPackaged and User S-1-12-1-2357405129-1281513531-255772574-1816207334 has been deemed invalid for capability phoneCall. Removing consent. Justification: Capability does not support Full Trust consent"
"07-07-2026 09:28:46","1025","Information","Microsoft-Windows-Privacy-Auditing","Consent for Package NonPackaged and User S-1-12-1-2357405129-1281513531-255772574-1816207334 has been deemed invalid for capability phoneCall. Removing consent. Justification: Capability does not support Full Trust consent"
"04-07-2026 14:13:27","1025","Information","Microsoft-Windows-Privacy-Auditing","Consent for Package NonPackaged and User S-1-12-1-2357405129-1281513531-255772574-1816207334 has been deemed invalid for capability phoneCall. Removing consent. Justification: Capability does not support Full Trust consent"
"03-07-2026 16:22:18","1024","Information","Microsoft-Windows-Privacy-Auditing","Package Microsoft.WindowsAppRuntime.1.7_8wekyb3d8bbwe for user S-1-12-1-2357405129-1281513531-255772574-1816207334 successfully deprovisioned"
"03-07-2026 16:22:17","1024","Information","Microsoft-Windows-Privacy-Auditing","Package Microsoft.WindowsAppRuntime.1.7_8wekyb3d8bbwe for user S-1-12-1-2357405129-1281513531-255772574-1816207334 successfully deprovisioned"
"03-07-2026 11:57:43","1008","Information","Microsoft-Windows-Privacy-Auditing","Allow apps to access your passkeysEnumeration setting default for user S-1-12-1-2357405129-1281513531-255772574-1816207334 successfully created as Allow."
"03-07-2026 11:22:35","1025","Information","Microsoft-Windows-Privacy-Auditing","Consent for Package NonPackaged and User S-1-12-1-2357405129-1281513531-255772574-1816207334 has been deemed invalid for capability phoneCall. Removing consent. Justification: Capability does not support Full Trust consent"
"02-07-2026 19:24:13","1025","Information","Microsoft-Windows-Privacy-Auditing","Consent for Package Microsoft.OutlookForWindows_8wekyb3d8bbwe and User S-1-12-1-2357405129-1281513531-255772574-1816207334 has been deemed invalid for capability userAccountInformation. Removing consent. Justification: Capability does not support Full Trust consent"
"02-07-2026 16:52:23","1010","Information","Microsoft-Windows-Privacy-Auditing","User S-1-12-1-2357405129-1281513531-255772574-1816207334 setting for allow app Microsoft.Windows.Photos_8wekyb3d8bbwe access to location default successfully created as Prompt."
"02-07-2026 10:10:45","1025","Information","Microsoft-Windows-Privacy-Auditing","Consent for Package Microsoft.OutlookForWindows_8wekyb3d8bbwe and User S-1-12-1-2357405129-1281513531-255772574-1816207334 has been deemed invalid for capability userAccountInformation. Removing consent. Justification: Capability does not support Full Trust consent"
"01-07-2026 10:10:30","1025","Information","Microsoft-Windows-Privacy-Auditing","Consent for Package NonPackaged and User S-1-12-1-2357405129-1281513531-255772574-1816207334 has been deemed invalid for capability phoneCall. Removing consent. Justification: Capability does not support Full Trust consent"
"30-06-2026 19:06:20","1010","Information","Microsoft-Windows-Privacy-Auditing","User S-1-12-1-2357405129-1281513531-255772574-1816207334 setting for allow app MicrosoftCorporationII.QuickAssist_8wekyb3d8bbwe access to location default successfully created as Prompt."
"30-06-2026 12:11:40","1014","Information","Microsoft-Windows-Privacy-Auditing","User S-1-12-1-2357405129-1281513531-255772574-1816207334 answered prompt successfully for capability microphone and app Microsoft.WindowsSoundRecorder_8wekyb3d8bbwe. Response was Allow."
"30-06-2026 12:11:40","1004","Information","Microsoft-Windows-Privacy-Auditing","User S-1-12-1-2357405129-1281513531-255772574-1816207334 setting for allow app Microsoft.WindowsSoundRecorder_8wekyb3d8bbwe access to microphone successfully changed from Prompt to Allow by svchost.exe."
"29-06-2026 10:24:45","1025","Information","Microsoft-Windows-Privacy-Auditing","Consent for Package NonPackaged and User S-1-12-1-2357405129-1281513531-255772574-1816207334 has been deemed invalid for capability phoneCall. Removing consent. Justification: Capability does not support Full Trust consent"
"29-06-2026 09:02:54","1025","Information","Microsoft-Windows-Privacy-Auditing","Consent for Package NonPackaged and User S-1-12-1-2357405129-1281513531-255772574-1816207334 has been deemed invalid for capability phoneCall. Removing consent. Justification: Capability does not support Full Trust consent"
"25-06-2026 11:45:37","1025","Information","Microsoft-Windows-Privacy-Auditing","Consent for Package Microsoft.OutlookForWindows_8wekyb3d8bbwe and User S-1-12-1-2357405129-1281513531-255772574-1816207334 has been deemed invalid for capability userAccountInformation. Removing consent. Justification: Capability does not support Full Trust consent"
"25-06-2026 11:08:12","1025","Information","Microsoft-Windows-Privacy-Auditing","Consent for Package Microsoft.OutlookForWindows_8wekyb3d8bbwe and User S-1-12-1-2357405129-1281513531-255772574-1816207334 has been deemed invalid for capability userAccountInformation. Removing consent. Justification: Capability does not support Full Trust consent"
"25-06-2026 10:42:44","1025","Information","Microsoft-Windows-Privacy-Auditing","Consent for Package Microsoft.OutlookForWindows_8wekyb3d8bbwe and User S-1-12-1-2357405129-1281513531-255772574-1816207334 has been deemed invalid for capability userAccountInformation. Removing consent. Justification: Capability does not support Full Trust consent"
"25-06-2026 09:38:33","1025","Information","Microsoft-Windows-Privacy-Auditing","Consent for Package NonPackaged and User S-1-12-1-2357405129-1281513531-255772574-1816207334 has been deemed invalid for capability phoneCall. Removing consent. Justification: Capability does not support Full Trust consent"
"23-06-2026 12:53:38","1025","Information","Microsoft-Windows-Privacy-Auditing","Consent for Package Microsoft.OutlookForWindows_8wekyb3d8bbwe and User S-1-12-1-2357405129-1281513531-255772574-1816207334 has been deemed invalid for capability userAccountInformation. Removing consent. Justification: Capability does not support Full Trust consent"
"23-06-2026 10:41:55","1025","Information","Microsoft-Windows-Privacy-Auditing","Consent for Package Microsoft.OutlookForWindows_8wekyb3d8bbwe and User S-1-12-1-2357405129-1281513531-255772574-1816207334 has been deemed invalid for capability userAccountInformation. Removing consent. Justification: Capability does not support Full Trust consent"
"23-06-2026 09:00:00","1025","Information","Microsoft-Windows-Privacy-Auditing","Consent for Package NonPackaged and User S-1-12-1-2357405129-1281513531-255772574-1816207334 has been deemed invalid for capability phoneCall. Removing consent. Justification: Capability does not support Full Trust consent"
"19-06-2026 11:27:12","1025","Information","Microsoft-Windows-Privacy-Auditing","Consent for Package Microsoft.OutlookForWindows_8wekyb3d8bbwe and User S-1-12-1-2357405129-1281513531-255772574-1816207334 has been deemed invalid for capability userAccountInformation. Removing consent. Justification: Capability does not support Full Trust consent"
"19-06-2026 09:36:10","1008","Information","Microsoft-Windows-Privacy-Auditing","Allow apps to access your passkeys setting default for user S-1-12-1-2357405129-1281513531-255772574-1816207334 successfully created as Allow."
"19-06-2026 09:36:10","1006","Information","Microsoft-Windows-Privacy-Auditing","Allow access to passkeys on this device default setting successfully created as Allow."
"19-06-2026 09:00:42","1025","Information","Microsoft-Windows-Privacy-Auditing","Consent for Package NonPackaged and User S-1-12-1-2357405129-1281513531-255772574-1816207334 has been deemed invalid for capability phoneCall. Removing consent. Justification: Capability does not support Full Trust consent"
"18-06-2026 10:52:07","1025","Information","Microsoft-Windows-Privacy-Auditing","Consent for Package Microsoft.OutlookForWindows_8wekyb3d8bbwe and User S-1-12-1-2357405129-1281513531-255772574-1816207334 has been deemed invalid for capability userAccountInformation. Removing consent. Justification: Capability does not support Full Trust consent"
"18-06-2026 09:07:14","1025","Information","Microsoft-Windows-Privacy-Auditing","Consent for Package NonPackaged and User S-1-12-1-2357405129-1281513531-255772574-1816207334 has been deemed invalid for capability phoneCall. Removing consent. Justification: Capability does not support Full Trust consent"
"18-06-2026 09:07:10","1024","Information","Microsoft-Windows-Privacy-Auditing","Package MicrosoftWindows.60719898.InpApp_cw5n1h2txyewy for user S-1-12-1-2357405129-1281513531-255772574-1816207334 successfully deprovisioned"
"18-06-2026 09:07:09","1024","Information","Microsoft-Windows-Privacy-Auditing","Package MicrosoftWindows.60719896.Speion_cw5n1h2txyewy for user S-1-12-1-2357405129-1281513531-255772574-1816207334 successfully deprovisioned"
"18-06-2026 09:07:09","1024","Information","Microsoft-Windows-Privacy-Auditing","Package MicrosoftWindows.60719890.Voiess_cw5n1h2txyewy for user S-1-12-1-2357405129-1281513531-255772574-1816207334 successfully deprovisioned"
"18-06-2026 09:07:09","1024","Information","Microsoft-Windows-Privacy-Auditing","Package MicrosoftWindows.60719895.Livtop_cw5n1h2txyewy for user S-1-12-1-2357405129-1281513531-255772574-1816207334 successfully deprovisioned"
"16-06-2026 17:16:55","1025","Information","Microsoft-Windows-Privacy-Auditing","Consent for Package Microsoft.OutlookForWindows_8wekyb3d8bbwe and User S-1-12-1-2357405129-1281513531-255772574-1816207334 has been deemed invalid for capability userAccountInformation. Removing consent. Justification: Capability does not support Full Trust consent"
"16-06-2026 13:24:39","1025","Information","Microsoft-Windows-Privacy-Auditing","Consent for Package Microsoft.OutlookForWindows_8wekyb3d8bbwe and User S-1-12-1-2357405129-1281513531-255772574-1816207334 has been deemed invalid for capability userAccountInformation. Removing consent. Justification: Capability does not support Full Trust consent"
"16-06-2026 09:59:55","1025","Information","Microsoft-Windows-Privacy-Auditing","Consent for Package NonPackaged and User S-1-12-1-2357405129-1281513531-255772574-1816207334 has been deemed invalid for capability phoneCall. Removing consent. Justification: Capability does not support Full Trust consent"
"15-06-2026 11:29:34","1024","Information","Microsoft-Windows-Privacy-Auditing","Package aimgr_8wekyb3d8bbwe for user S-1-12-1-2357405129-1281513531-255772574-1816207334 successfully deprovisioned"
"12-06-2026 09:55:09","1025","Information","Microsoft-Windows-Privacy-Auditing","Consent for Package NonPackaged and User S-1-12-1-2357405129-1281513531-255772574-1816207334 has been deemed invalid for capability phoneCall. Removing consent. Justification: Capability does not support Full Trust consent"
"11-06-2026 15:53:52","1025","Information","Microsoft-Windows-Privacy-Auditing","Consent for Package Microsoft.OutlookForWindows_8wekyb3d8bbwe and User S-1-12-1-2357405129-1281513531-255772574-1816207334 has been deemed invalid for capability userAccountInformation. Removing consent. Justification: Capability does not support Full Trust consent"
"11-06-2026 13:29:25","1025","Information","Microsoft-Windows-Privacy-Auditing","Consent for Package Microsoft.OutlookForWindows_8wekyb3d8bbwe and User S-1-12-1-2357405129-1281513531-255772574-1816207334 has been deemed invalid for capability userAccountInformation. Removing consent. Justification: Capability does not support Full Trust consent"
"11-06-2026 12:47:16","1025","Information","Microsoft-Windows-Privacy-Auditing","Consent for Package Microsoft.OutlookForWindows_8wekyb3d8bbwe and User S-1-12-1-2357405129-1281513531-255772574-1816207334 has been deemed invalid for capability userAccountInformation. Removing consent. Justification: Capability does not support Full Trust consent"
"11-06-2026 11:07:01","1024","Information","Microsoft-Windows-Privacy-Auditing","Package Microsoft.WindowsAppRuntime.1.8_8wekyb3d8bbwe for user S-1-12-1-2357405129-1281513531-255772574-1816207334 successfully deprovisioned"
"11-06-2026 11:07:01","1024","Information","Microsoft-Windows-Privacy-Auditing","Package Microsoft.WindowsAppRuntime.1.8_8wekyb3d8bbwe for user S-1-12-1-2357405129-1281513531-255772574-1816207334 successfully deprovisioned"
"08-06-2026 19:14:21","1025","Information","Microsoft-Windows-Privacy-Auditing","Consent for Package NonPackaged and User S-1-12-1-2357405129-1281513531-255772574-1816207334 has been deemed invalid for capability phoneCall. Removing consent. Justification: Capability does not support Full Trust consent"
"08-06-2026 09:40:40","1025","Information","Microsoft-Windows-Privacy-Auditing","Consent for Package NonPackaged and User S-1-12-1-2357405129-1281513531-255772574-1816207334 has been deemed invalid for capability phoneCall. Removing consent. Justification: Capability does not support Full Trust consent"
"03-06-2026 10:21:12","1025","Information","Microsoft-Windows-Privacy-Auditing","Consent for Package NonPackaged and User S-1-12-1-2357405129-1281513531-255772574-1816207334 has been deemed invalid for capability phoneCall. Removing consent. Justification: Capability does not support Full Trust consent"
"03-06-2026 00:14:09","1025","Information","Microsoft-Windows-Privacy-Auditing","Consent for Package NonPackaged and User S-1-12-1-2357405129-1281513531-255772574-1816207334 has been deemed invalid for capability phoneCall. Removing consent. Justification: Capability does not support Full Trust consent"
"02-06-2026 12:24:52","713","Information","Microsoft-Windows-AppModel-Exec","Background Access State For Package Modified CallerUserSid = S-1-12-1-2357405129-1281513531-255772574-1816207334 CallerProcessName = RuntimeBroker.exe CallerPackageFamilyName = Microsoft.StorePurchaseApp_8wekyb3d8bbwe              OldConsentValue = 128 NewConsentValue = 8 IsSetByHigherAuthority = false EffectiveConsentValue = 136 TargetUserSid = S-1-12-1-2357405129-1281513531-255772574-1816207334              TargetPackageFamilyName = Microsoft.StorePurchaseApp_8wekyb3d8bbwe HRESULT = 0x0"
"02-06-2026 10:14:40","1025","Information","Microsoft-Windows-Privacy-Auditing","Consent for Package NonPackaged and User S-1-12-1-2357405129-1281513531-255772574-1816207334 has been deemed invalid for capability phoneCall. Removing consent. Justification: Capability does not support Full Trust consent"
"01-06-2026 16:00:52","1025","Information","Microsoft-Windows-Privacy-Auditing","Consent for Package Microsoft.OutlookForWindows_8wekyb3d8bbwe and User S-1-12-1-2357405129-1281513531-255772574-1816207334 has been deemed invalid for capability userAccountInformation. Removing consent. Justification: Capability does not support Full Trust consent"
"01-06-2026 15:54:15","1025","Information","Microsoft-Windows-Privacy-Auditing","Consent for Package Microsoft.OutlookForWindows_8wekyb3d8bbwe and User S-1-12-1-2357405129-1281513531-255772574-1816207334 has been deemed invalid for capability userAccountInformation. Removing consent. Justification: Capability does not support Full Trust consent"
"01-06-2026 15:54:12","1025","Information","Microsoft-Windows-Privacy-Auditing","Consent for Package Microsoft.OutlookForWindows_8wekyb3d8bbwe and User S-1-12-1-2357405129-1281513531-255772574-1816207334 has been deemed invalid for capability userAccountInformation. Removing consent. Justification: Capability does not support Full Trust consent"
"01-06-2026 14:51:16","1025","Information","Microsoft-Windows-Privacy-Auditing","Consent for Package Microsoft.OutlookForWindows_8wekyb3d8bbwe and User S-1-12-1-2357405129-1281513531-255772574-1816207334 has been deemed invalid for capability userAccountInformation. Removing consent. Justification: Capability does not support Full Trust consent"
"01-06-2026 12:10:45","1010","Information","Microsoft-Windows-Privacy-Auditing","User S-1-12-1-2357405129-1281513531-255772574-1816207334 setting for allow app Microsoft.OutlookForWindows_8wekyb3d8bbwe access to location default successfully created as Prompt."
"01-06-2026 10:53:53","1025","Information","Microsoft-Windows-Privacy-Auditing","Consent for Package Microsoft.OutlookForWindows_8wekyb3d8bbwe and User S-1-12-1-2357405129-1281513531-255772574-1816207334 has been deemed invalid for capability userAccountInformation. Removing consent. Justification: Capability does not support Full Trust consent"
"01-06-2026 09:37:48","1025","Information","Microsoft-Windows-Privacy-Auditing","Consent for Package Microsoft.OutlookForWindows_8wekyb3d8bbwe and User S-1-12-1-2357405129-1281513531-255772574-1816207334 has been deemed invalid for capability userAccountInformation. Removing consent. Justification: Capability does not support Full Trust consent"
"01-06-2026 09:37:48","1025","Information","Microsoft-Windows-Privacy-Auditing","Consent for Package Microsoft.OutlookForWindows_8wekyb3d8bbwe and User S-1-12-1-2357405129-1281513531-255772574-1816207334 has been deemed invalid for capability userAccountInformation. Removing consent. Justification: Capability does not support Full Trust consent"
"01-06-2026 09:36:52","713","Information","Microsoft-Windows-AppModel-Exec","Background Access State For Package Modified CallerUserSid = S-1-12-1-2357405129-1281513531-255772574-1816207334 CallerProcessName = olk.exe CallerPackageFamilyName = Microsoft.OutlookForWindows_8wekyb3d8bbwe              OldConsentValue = BACKGROUND_ACCESS_USER_STATE_ALLOWED NewConsentValue = 8 IsSetByHigherAuthority = false EffectiveConsentValue = 8 TargetUserSid = S-1-12-1-2357405129-1281513531-255772574-1816207334              TargetPackageFamilyName = Microsoft.OutlookForWindows_8wekyb3d8bbwe HRESULT = 0x0"
"01-06-2026 09:36:28","1025","Information","Microsoft-Windows-Privacy-Auditing","Consent for Package Microsoft.OutlookForWindows_8wekyb3d8bbwe and User S-1-12-1-2357405129-1281513531-255772574-1816207334 has been deemed invalid for capability userAccountInformation. Removing consent. Justification: Capability does not support Full Trust consent"
"01-06-2026 09:36:12","1025","Information","Microsoft-Windows-Privacy-Auditing","Consent for Package Microsoft.OutlookForWindows_8wekyb3d8bbwe and User S-1-12-1-2357405129-1281513531-255772574-1816207334 has been deemed invalid for capability userAccountInformation. Removing consent. Justification: Capability does not support Full Trust consent"
"01-06-2026 09:27:37","1025","Information","Microsoft-Windows-Privacy-Auditing","Consent for Package NonPackaged and User S-1-12-1-2357405129-1281513531-255772574-1816207334 has been deemed invalid for capability phoneCall. Removing consent. Justification: Capability does not support Full Trust consent"
"01-06-2026 09:27:34","1025","Information","Microsoft-Windows-Privacy-Auditing","Consent for Package NonPackaged and User S-1-12-1-2357405129-1281513531-255772574-1816207334 has been deemed invalid for capability userAccountInformation. Removing consent. Justification: Capability does not support Full Trust consent"
"31-05-2026 11:21:56","1008","Information","Microsoft-Windows-Privacy-Auditing","Allow apps to access your passkeysEnumeration setting default for user S-1-12-1-2357405129-1281513531-255772574-1816207334 successfully created as Allow."
"28-05-2026 10:26:52","713","Information","Microsoft-Windows-AppModel-Exec","Background Access State For Package Modified CallerUserSid = S-1-12-1-2357405129-1281513531-255772574-1816207334 CallerProcessName = RuntimeBroker.exe CallerPackageFamilyName = Microsoft.Todos_8wekyb3d8bbwe              OldConsentValue = 128 NewConsentValue = 8 IsSetByHigherAuthority = false EffectiveConsentValue = 136 TargetUserSid = S-1-12-1-2357405129-1281513531-255772574-1816207334              TargetPackageFamilyName = Microsoft.Todos_8wekyb3d8bbwe HRESULT = 0x0"
"28-05-2026 10:20:22","1025","Information","Microsoft-Windows-Privacy-Auditing","Consent for Package NonPackaged and User S-1-12-1-2357405129-1281513531-255772574-1816207334 has been deemed invalid for capability phoneCall. Removing consent. Justification: Capability does not support Full Trust consent"
"26-05-2026 12:20:35","1008","Information","Microsoft-Windows-Privacy-Auditing","Allow apps to access your graphicsCaptureWithoutBorder setting default for user S-1-12-1-2357405129-1281513531-255772574-1816207334 successfully created as Allow."
"26-05-2026 12:20:35","1006","Information","Microsoft-Windows-Privacy-Auditing","Allow access to graphicsCaptureWithoutBorder on this device default setting successfully created as Allow."
"26-05-2026 12:20:35","1010","Information","Microsoft-Windows-Privacy-Auditing","User S-1-12-1-2357405129-1281513531-255772574-1816207334 setting for allow app Microsoft.ScreenSketch_8wekyb3d8bbwe access to graphicsCaptureWithoutBorder default successfully created as Allow."
"26-05-2026 09:46:32","1024","Information","Microsoft-Windows-Privacy-Auditing","Package Microsoft.OneDriveSync_8wekyb3d8bbwe for user S-1-12-1-2357405129-1281513531-255772574-1816207334 successfully deprovisioned"
"25-05-2026 14:04:56","1010","Information","Microsoft-Windows-Privacy-Auditing","User S-1-12-1-2357405129-1281513531-255772574-1816207334 setting for allow app NonPackaged access to webcam default successfully created as Allow."
"25-05-2026 11:07:04","1014","Information","Microsoft-Windows-Privacy-Auditing","User S-1-12-1-2357405129-1281513531-255772574-1816207334 answered prompt successfully for capability microphone and app MSTeams_8wekyb3d8bbwe. Response was Allow."
"25-05-2026 11:07:04","1004","Information","Microsoft-Windows-Privacy-Auditing","User S-1-12-1-2357405129-1281513531-255772574-1816207334 setting for allow app MSTeams_8wekyb3d8bbwe access to microphone successfully changed from Prompt to Allow by svchost.exe."
"25-05-2026 10:46:52","1010","Information","Microsoft-Windows-Privacy-Auditing","User S-1-12-1-2357405129-1281513531-255772574-1816207334 setting for allow app Microsoft.MicrosoftOfficeHub_8wekyb3d8bbwe access to location default successfully created as Prompt."
"25-05-2026 09:01:32","1025","Information","Microsoft-Windows-Privacy-Auditing","Consent for Package NonPackaged and User S-1-12-1-2357405129-1281513531-255772574-1816207334 has been deemed invalid for capability phoneCall. Removing consent. Justification: Capability does not support Full Trust consent"
"23-05-2026 21:50:11","1025","Information","Microsoft-Windows-Privacy-Auditing","Consent for Package NonPackaged and User S-1-12-1-2357405129-1281513531-255772574-1816207334 has been deemed invalid for capability phoneCall. Removing consent. Justification: Capability does not support Full Trust consent"
"23-05-2026 13:22:54","1008","Information","Microsoft-Windows-Privacy-Auditing","Allow apps to access your passkeysEnumeration setting default for user S-1-12-1-2357405129-1281513531-255772574-1816207334 successfully created as Allow."
"23-05-2026 13:22:54","1006","Information","Microsoft-Windows-Privacy-Auditing","Allow access to passkeysEnumeration on this device default setting successfully created as Allow."
"23-05-2026 13:22:25","1025","Information","Microsoft-Windows-Privacy-Auditing","Consent for Package NonPackaged and User S-1-12-1-2357405129-1281513531-255772574-1816207334 has been deemed invalid for capability userAccountInformation. Removing consent. Justification: Capability does not support Full Trust consent"
"23-05-2026 13:22:25","1025","Information","Microsoft-Windows-Privacy-Auditing","Consent for Package NonPackaged and User S-1-12-1-2357405129-1281513531-255772574-1816207334 has been deemed invalid for capability userAccountInformation. Removing consent. Justification: Capability does not support Full Trust consent"
"23-05-2026 13:22:24","1025","Information","Microsoft-Windows-Privacy-Auditing","Consent for Package NonPackaged and User S-1-12-1-2357405129-1281513531-255772574-1816207334 has been deemed invalid for capability userAccountInformation. Removing consent. Justification: Capability does not support Full Trust consent"
"23-05-2026 13:13:13","1009","Error","Microsoft-Windows-Privacy-Auditing","Allow apps to access your activity setting default for user S-1-5-21-3608031908-443761264-1593342945-1000 failed creation."
"23-05-2026 12:54:16","1014","Information","Microsoft-Windows-Privacy-Auditing","User S-1-12-1-2357405129-1281513531-255772574-1816207334 answered prompt successfully for capability webcam and app MSTeams_8wekyb3d8bbwe. Response was Allow."
"23-05-2026 12:54:16","1004","Information","Microsoft-Windows-Privacy-Auditing","User S-1-12-1-2357405129-1281513531-255772574-1816207334 setting for allow app MSTeams_8wekyb3d8bbwe access to webcam successfully changed from Prompt to Allow by svchost.exe."
"23-05-2026 11:22:20","1012","Information","Microsoft-Windows-Privacy-Auditing","During app Microsoft.MicrosoftOfficeHub_8wekyb3d8bbwe installation setting microphone default set for user S-1-12-1-2357405129-1281513531-255772574-1816207334 as Prompt."
"23-05-2026 11:22:06","1012","Information","Microsoft-Windows-Privacy-Auditing","During app Microsoft.Windows.Photos_8wekyb3d8bbwe installation setting systemAIModels default set for user S-1-12-1-2357405129-1281513531-255772574-1816207334 as Allow."
"23-05-2026 11:22:03","1012","Information","Microsoft-Windows-Privacy-Auditing","During app Microsoft.WindowsCamera_8wekyb3d8bbwe installation setting location default set for user S-1-12-1-2357405129-1281513531-255772574-1816207334 as Prompt."
"23-05-2026 11:22:03","1012","Information","Microsoft-Windows-Privacy-Auditing","During app Microsoft.WindowsCamera_8wekyb3d8bbwe installation setting webcam default set for user S-1-12-1-2357405129-1281513531-255772574-1816207334 as Prompt."
"23-05-2026 11:22:03","1012","Information","Microsoft-Windows-Privacy-Auditing","During app Microsoft.WindowsCamera_8wekyb3d8bbwe installation setting microphone default set for user S-1-12-1-2357405129-1281513531-255772574-1816207334 as Prompt."
"23-05-2026 11:22:03","1012","Information","Microsoft-Windows-Privacy-Auditing","During app Microsoft.WindowsCamera_8wekyb3d8bbwe installation setting picturesLibrary default set for user S-1-12-1-2357405129-1281513531-255772574-1816207334 as Allow."
"23-05-2026 11:22:03","1012","Information","Microsoft-Windows-Privacy-Auditing","During app Microsoft.WindowsCamera_8wekyb3d8bbwe installation setting videosLibrary default set for user S-1-12-1-2357405129-1281513531-255772574-1816207334 as Allow."
"23-05-2026 11:22:01","1012","Information","Microsoft-Windows-Privacy-Auditing","During app Microsoft.WindowsSoundRecorder_8wekyb3d8bbwe installation setting microphone default set for user S-1-12-1-2357405129-1281513531-255772574-1816207334 as Prompt."
"23-05-2026 11:22:01","1012","Information","Microsoft-Windows-Privacy-Auditing","During app Microsoft.WindowsSoundRecorder_8wekyb3d8bbwe installation setting documentsLibrary default set for user S-1-12-1-2357405129-1281513531-255772574-1816207334 as Allow."
"23-05-2026 11:21:49","1012","Information","Microsoft-Windows-Privacy-Auditing","During app MSTeams_8wekyb3d8bbwe installation setting webcam default set for user S-1-12-1-2357405129-1281513531-255772574-1816207334 as Prompt."
"23-05-2026 11:21:49","1012","Information","Microsoft-Windows-Privacy-Auditing","During app MSTeams_8wekyb3d8bbwe installation setting microphone default set for user S-1-12-1-2357405129-1281513531-255772574-1816207334 as Prompt."
"23-05-2026 11:21:49","1012","Information","Microsoft-Windows-Privacy-Auditing","During app MSTeams_8wekyb3d8bbwe installation setting location default set for user S-1-12-1-2357405129-1281513531-255772574-1816207334 as Prompt."
"23-05-2026 11:21:49","1012","Information","Microsoft-Windows-Privacy-Auditing","During app MSTeams_8wekyb3d8bbwe installation setting graphicsCaptureWithoutBorder default set for user S-1-12-1-2357405129-1281513531-255772574-1816207334 as Allow."
"23-05-2026 11:21:49","1012","Information","Microsoft-Windows-Privacy-Auditing","During app MSTeams_8wekyb3d8bbwe installation setting graphicsCaptureProgrammatic default set for user S-1-12-1-2357405129-1281513531-255772574-1816207334 as Prompt."
"23-05-2026 11:21:40","1012","Information","Microsoft-Windows-Privacy-Auditing","During app Microsoft.OutlookForWindows_8wekyb3d8bbwe installation setting systemAIModels default set for user S-1-12-1-2357405129-1281513531-255772574-1816207334 as Allow."
"23-05-2026 11:21:39","1012","Information","Microsoft-Windows-Privacy-Auditing","During app Microsoft.People_8wekyb3d8bbwe installation setting phoneCall default set for user S-1-12-1-2357405129-1281513531-255772574-1816207334 as Prompt."
"23-05-2026 11:21:39","1012","Information","Microsoft-Windows-Privacy-Auditing","During app Microsoft.People_8wekyb3d8bbwe installation setting email default set for user S-1-12-1-2357405129-1281513531-255772574-1816207334 as Prompt."
"23-05-2026 11:21:39","1012","Information","Microsoft-Windows-Privacy-Auditing","During app Microsoft.People_8wekyb3d8bbwe installation setting chat default set for user S-1-12-1-2357405129-1281513531-255772574-1816207334 as Prompt."
"23-05-2026 11:21:39","1012","Information","Microsoft-Windows-Privacy-Auditing","During app Microsoft.People_8wekyb3d8bbwe installation setting phoneCallHistory default set for user S-1-12-1-2357405129-1281513531-255772574-1816207334 as Prompt."
"23-05-2026 11:21:39","1012","Information","Microsoft-Windows-Privacy-Auditing","During app Microsoft.People_8wekyb3d8bbwe installation setting contacts default set for user S-1-12-1-2357405129-1281513531-255772574-1816207334 as Prompt."
"23-05-2026 11:21:38","1012","Information","Microsoft-Windows-Privacy-Auditing","During app Microsoft.People_8wekyb3d8bbwe installation setting appointments default set for user S-1-12-1-2357405129-1281513531-255772574-1816207334 as Prompt."
"23-05-2026 11:20:55","1008","Information","Microsoft-Windows-Privacy-Auditing","Allow apps to access your wiFiDirect setting default for user S-1-12-1-2357405129-1281513531-255772574-1816207334 successfully created as Allow."
"23-05-2026 11:20:55","1008","Information","Microsoft-Windows-Privacy-Auditing","Allow apps to access your wifiData setting default for user S-1-12-1-2357405129-1281513531-255772574-1816207334 successfully created as Allow."
"23-05-2026 11:20:55","1008","Information","Microsoft-Windows-Privacy-Auditing","Allow apps to access your webcam setting default for user S-1-12-1-2357405129-1281513531-255772574-1816207334 successfully created as Allow."
"23-05-2026 11:20:55","1008","Information","Microsoft-Windows-Privacy-Auditing","Allow apps to access your videosLibrary setting default for user S-1-12-1-2357405129-1281513531-255772574-1816207334 successfully created as Allow."
"23-05-2026 11:20:55","1008","Information","Microsoft-Windows-Privacy-Auditing","Allow apps to access your userNotificationListener setting default for user S-1-12-1-2357405129-1281513531-255772574-1816207334 successfully created as Allow."
"23-05-2026 11:20:55","1008","Information","Microsoft-Windows-Privacy-Auditing","Allow apps to access your userDataTasks setting default for user S-1-12-1-2357405129-1281513531-255772574-1816207334 successfully created as Allow."
"23-05-2026 11:20:55","1008","Information","Microsoft-Windows-Privacy-Auditing","Allow apps to access your usb setting default for user S-1-12-1-2357405129-1281513531-255772574-1816207334 successfully created as Allow."
"23-05-2026 11:20:55","1008","Information","Microsoft-Windows-Privacy-Auditing","Allow apps to access your serialCommunication setting default for user S-1-12-1-2357405129-1281513531-255772574-1816207334 successfully created as Allow."
"23-05-2026 11:20:54","1008","Information","Microsoft-Windows-Privacy-Auditing","Allow apps to access your sensors.custom setting default for user S-1-12-1-2357405129-1281513531-255772574-1816207334 successfully created as Allow."
"23-05-2026 11:20:54","1008","Information","Microsoft-Windows-Privacy-Auditing","Allow apps to access your radios setting default for user S-1-12-1-2357405129-1281513531-255772574-1816207334 successfully created as Allow."
"23-05-2026 11:20:54","1008","Information","Microsoft-Windows-Privacy-Auditing","Allow apps to access your picturesLibrary setting default for user S-1-12-1-2357405129-1281513531-255772574-1816207334 successfully created as Allow."
"23-05-2026 11:20:54","1008","Information","Microsoft-Windows-Privacy-Auditing","Allow apps to access your phoneCallHistory setting default for user S-1-12-1-2357405129-1281513531-255772574-1816207334 successfully created as Allow."
"23-05-2026 11:20:54","1008","Information","Microsoft-Windows-Privacy-Auditing","Allow apps to access your humanInterfaceDevice setting default for user S-1-12-1-2357405129-1281513531-255772574-1816207334 successfully created as Allow."
"23-05-2026 11:20:54","1008","Information","Microsoft-Windows-Privacy-Auditing","Allow apps to access your gazeInput setting default for user S-1-12-1-2357405129-1281513531-255772574-1816207334 successfully created as Allow."
"23-05-2026 11:20:54","1008","Information","Microsoft-Windows-Privacy-Auditing","Allow apps to access your email setting default for user S-1-12-1-2357405129-1281513531-255772574-1816207334 successfully created as Allow."
"23-05-2026 11:20:54","1008","Information","Microsoft-Windows-Privacy-Auditing","Allow apps to access your documentsLibrary setting default for user S-1-12-1-2357405129-1281513531-255772574-1816207334 successfully created as Allow."
"23-05-2026 11:20:54","1008","Information","Microsoft-Windows-Privacy-Auditing","Allow apps to access your contacts setting default for user S-1-12-1-2357405129-1281513531-255772574-1816207334 successfully created as Allow."
"23-05-2026 11:20:54","1008","Information","Microsoft-Windows-Privacy-Auditing","Allow apps to access your chat setting default for user S-1-12-1-2357405129-1281513531-255772574-1816207334 successfully created as Allow."
"23-05-2026 11:20:54","1008","Information","Microsoft-Windows-Privacy-Auditing","Allow apps to access your cellularData setting default for user S-1-12-1-2357405129-1281513531-255772574-1816207334 successfully created as Allow."
"23-05-2026 11:20:54","1008","Information","Microsoft-Windows-Privacy-Auditing","Allow apps to access your broadFileSystemAccess setting default for user S-1-12-1-2357405129-1281513531-255772574-1816207334 successfully created as Allow."
"23-05-2026 11:20:54","1008","Information","Microsoft-Windows-Privacy-Auditing","Allow apps to access your bluetoothSync setting default for user S-1-12-1-2357405129-1281513531-255772574-1816207334 successfully created as Allow."
"23-05-2026 11:20:54","1008","Information","Microsoft-Windows-Privacy-Auditing","Allow apps to access your bluetooth setting default for user S-1-12-1-2357405129-1281513531-255772574-1816207334 successfully created as Allow."
"23-05-2026 11:20:54","1008","Information","Microsoft-Windows-Privacy-Auditing","Allow apps to access your appointments setting default for user S-1-12-1-2357405129-1281513531-255772574-1816207334 successfully created as Allow."
"23-05-2026 11:20:54","1008","Information","Microsoft-Windows-Privacy-Auditing","Allow apps to access your appDiagnostics setting default for user S-1-12-1-2357405129-1281513531-255772574-1816207334 successfully created as Allow."
"23-05-2026 11:20:54","1008","Information","Microsoft-Windows-Privacy-Auditing","Allow apps to access your activity setting default for user S-1-12-1-2357405129-1281513531-255772574-1816207334 successfully created as Allow."
"23-05-2026 11:06:53","1012","Information","Microsoft-Windows-Privacy-Auditing","During app Microsoft.ScreenSketch_8wekyb3d8bbwe installation setting systemAIModels default set for user S-1-12-1-2357405129-1281513531-255772574-1816207334 as Allow."
"23-05-2026 11:06:53","1012","Information","Microsoft-Windows-Privacy-Auditing","During app Microsoft.ScreenSketch_8wekyb3d8bbwe installation setting microphone default set for user S-1-12-1-2357405129-1281513531-255772574-1816207334 as Prompt."
"23-05-2026 11:06:52","713","Information","Microsoft-Windows-AppModel-Exec","Background Access State For Package Modified CallerUserSid = S-1-12-1-2357405129-1281513531-255772574-1816207334 CallerProcessName = RuntimeBroker.exe CallerPackageFamilyName = Microsoft.WindowsStore_8wekyb3d8bbwe              OldConsentValue = 128 NewConsentValue = 8 IsSetByHigherAuthority = false EffectiveConsentValue = 136 TargetUserSid = S-1-12-1-2357405129-1281513531-255772574-1816207334              TargetPackageFamilyName = Microsoft.WindowsStore_8wekyb3d8bbwe HRESULT = 0x0"
"23-05-2026 11:06:49","1012","Information","Microsoft-Windows-Privacy-Auditing","During app Microsoft.WindowsNotepad_8wekyb3d8bbwe installation setting systemAIModels default set for user S-1-12-1-2357405129-1281513531-255772574-1816207334 as Allow."
"23-05-2026 11:06:41","1008","Information","Microsoft-Windows-Privacy-Auditing","Allow apps to access your phoneCall setting default for user S-1-12-1-2357405129-1281513531-255772574-1816207334 successfully created as Allow."
"23-05-2026 11:06:41","1025","Information","Microsoft-Windows-Privacy-Auditing","Consent for Package NonPackaged and User S-1-12-1-2357405129-1281513531-255772574-1816207334 has been deemed invalid for capability phoneCall. Removing consent. Justification: Capability does not support Full Trust consent"
"23-05-2026 11:05:40","713","Information","Microsoft-Windows-AppModel-Exec","Background Access State For Package Modified CallerUserSid = S-1-12-1-2357405129-1281513531-255772574-1816207334 CallerProcessName = identity_helper.exe CallerPackageFamilyName = Microsoft.MicrosoftEdge.Stable_8wekyb3d8bbwe              OldConsentValue = BACKGROUND_ACCESS_USER_STATE_ALLOWED NewConsentValue = 8 IsSetByHigherAuthority = false EffectiveConsentValue = 8 TargetUserSid = S-1-12-1-2357405129-1281513531-255772574-1816207334              TargetPackageFamilyName = Microsoft.MicrosoftEdge.Stable_8wekyb3d8bbwe HRESULT = 0x0"
"23-05-2026 11:05:28","1008","Information","Microsoft-Windows-Privacy-Auditing","Allow apps to access your microphone setting default for user S-1-12-1-2357405129-1281513531-255772574-1816207334 successfully created as Allow."
"23-05-2026 11:05:28","1010","Information","Microsoft-Windows-Privacy-Auditing","User S-1-12-1-2357405129-1281513531-255772574-1816207334 setting for allow app NonPackaged access to microphone default successfully created as Allow."
"23-05-2026 11:05:25","1008","Information","Microsoft-Windows-Privacy-Auditing","Allow apps to access your userAccountInformation setting default for user S-1-12-1-2357405129-1281513531-255772574-1816207334 successfully created as Allow."
"23-05-2026 11:05:25","1025","Information","Microsoft-Windows-Privacy-Auditing","Consent for Package NonPackaged and User S-1-12-1-2357405129-1281513531-255772574-1816207334 has been deemed invalid for capability userAccountInformation. Removing consent. Justification: Capability does not support Full Trust consent"
"23-05-2026 11:05:24","1010","Information","Microsoft-Windows-Privacy-Auditing","User S-1-12-1-2357405129-1281513531-255772574-1816207334 setting for allow app NonPackaged access to location default successfully created as Allow."
"23-05-2026 11:05:24","1002","Information","Microsoft-Windows-Privacy-Auditing-CPSS","The User Setting {(Area) (SubArea) (ID)} for user S-1-12-1-2357405129-1281513531-255772574-1816207334 owned by TailoredExperiencesWithDiagnosticDataEnabled was changed from NULL to 2 by svchost.exe. Justification: Projection overrode CPSS value."
"23-05-2026 11:02:09","1010","Information","Microsoft-Windows-Privacy-Auditing","User S-1-5-18 setting for allow app NonPackaged access to location default successfully created as Allow."
"23-05-2026 10:53:12","1012","Information","Microsoft-Windows-Privacy-Auditing","During app Microsoft.StartExperiencesApp_8wekyb3d8bbwe installation setting location default set for user S-1-5-21-3608031908-443761264-1593342945-1000 as Prompt."
"23-05-2026 10:53:11","713","Information","Microsoft-Windows-AppModel-Exec","Background Access State For Package Modified CallerUserSid = S-1-5-21-3608031908-443761264-1593342945-1000 CallerProcessName = Widgets.exe CallerPackageFamilyName = MicrosoftWindows.Client.WebExperience_cw5n1h2txyewy              OldConsentValue = BACKGROUND_ACCESS_USER_STATE_ALLOWED NewConsentValue = 8 IsSetByHigherAuthority = false EffectiveConsentValue = 8 TargetUserSid = S-1-5-21-3608031908-443761264-1593342945-1000              TargetPackageFamilyName = MicrosoftWindows.Client.WebExperience_cw5n1h2txyewy HRESULT = 0x0"
"23-05-2026 23:18:58","1008","Information","Microsoft-Windows-Privacy-Auditing","Allow apps to access your userAccountInformation setting default for user S-1-5-21-3608031908-443761264-1593342945-1000 successfully created as Allow."
"23-05-2026 23:18:54","1010","Information","Microsoft-Windows-Privacy-Auditing","User S-1-5-21-3608031908-443761264-1593342945-1000 setting for allow app NonPackaged access to location default successfully created as Allow."
"23-05-2026 23:08:58","1006","Information","Microsoft-Windows-Privacy-Auditing","Allow access to wiFiDirect on this device default setting successfully created as Allow."
"23-05-2026 23:08:58","1006","Information","Microsoft-Windows-Privacy-Auditing","Allow access to wifiData on this device default setting successfully created as Allow."
"23-05-2026 23:08:58","1006","Information","Microsoft-Windows-Privacy-Auditing","Allow access to webcam on this device default setting successfully created as Allow."
"23-05-2026 23:08:58","1006","Information","Microsoft-Windows-Privacy-Auditing","Allow access to videosLibrary on this device default setting successfully created as Allow."
"23-05-2026 23:08:58","1006","Information","Microsoft-Windows-Privacy-Auditing","Allow access to userNotificationListener on this device default setting successfully created as Allow."
"23-05-2026 23:08:58","1006","Information","Microsoft-Windows-Privacy-Auditing","Allow access to userDataTasks on this device default setting successfully created as Allow."
"23-05-2026 23:08:58","1006","Information","Microsoft-Windows-Privacy-Auditing","Allow access to userAccountInformation on this device default setting successfully created as Allow."
"23-05-2026 23:08:58","1006","Information","Microsoft-Windows-Privacy-Auditing","Allow access to usb on this device default setting successfully created as Allow."
"23-05-2026 23:08:58","1006","Information","Microsoft-Windows-Privacy-Auditing","Allow access to serialCommunication on this device default setting successfully created as Allow."
"23-05-2026 23:08:58","1006","Information","Microsoft-Windows-Privacy-Auditing","Allow access to sensors.custom on this device default setting successfully created as Allow."
"23-05-2026 23:08:58","1006","Information","Microsoft-Windows-Privacy-Auditing","Allow access to radios on this device default setting successfully created as Allow."
"23-05-2026 23:08:58","1006","Information","Microsoft-Windows-Privacy-Auditing","Allow access to picturesLibrary on this device default setting successfully created as Allow."
"23-05-2026 23:08:58","1006","Information","Microsoft-Windows-Privacy-Auditing","Allow access to phoneCallHistory on this device default setting successfully created as Allow."
