"15-06-2026 11:30:00","190","Information","Microsoft-Windows-DeviceSetupManager","Property heuristics for device container 'OneNote (Desktop)' ({056018f3-ea11-de01-11c1-516050c076bc}) completed in 15 ms."
"15-06-2026 11:30:00","30","Information","Microsoft-Windows-DeviceSetupManager","Device container {056018f3-ea11-de01-11c1-516050c076bc} is queued for setup."
"15-06-2026 11:30:00","100","Information","Microsoft-Windows-DeviceSetupManager","DSM service started, mode is Normal, last session (or boot) was 2026 seconds ago."
"15-06-2026 10:56:14","107","Information","Microsoft-Windows-DeviceSetupManager","DSM service has shut down."
"15-06-2026 10:56:14","101","Information","Microsoft-Windows-DeviceSetupManager","DSM Service is shutting down. Service uptime was 45 seconds, active worktime was 330 ms."
"15-06-2026 10:55:28","11","Information","Microsoft-Windows-DeviceSetupManager","DSM service is idle and waiting for stop."
"15-06-2026 10:55:28","112","Information","Microsoft-Windows-DeviceSetupManager","Device container 'LIND55MBVC4' ({00000000-0000-0000-ffff-ffffffffffff}) has been serviced, processed 5 tasks, and wrote 43 properties in 291 ms."
"15-06-2026 10:55:28","190","Information","Microsoft-Windows-DeviceSetupManager","Property heuristics for device container 'LIND55MBVC4' ({00000000-0000-0000-ffff-ffffffffffff}) completed in 225 ms."
"15-06-2026 10:55:28","112","Information","Microsoft-Windows-DeviceSetupManager","Device container 'USB Receiver' ({65e8f6ba-5e83-11f1-a274-54582d32ed0c}) has been serviced, processed 2 tasks, and wrote 35 properties in 251 ms."
"15-06-2026 10:55:28","112","Information","Microsoft-Windows-DeviceSetupManager","Device container 'Dell Universal Receiver' ({c1114523-5b3d-11f1-a272-54582d32ed0c}) has been serviced, processed 2 tasks, and wrote 35 properties in 254 ms."
"15-06-2026 10:55:28","112","Information","Microsoft-Windows-DeviceSetupManager","Device container 'Generic Monitor (HP 22cw)' ({a460b0d3-5668-11f1-a26f-c0a8109d15b0}) has been serviced, processed 2 tasks, and wrote 35 properties in 254 ms."
"15-06-2026 10:55:28","112","Information","Microsoft-Windows-DeviceSetupManager","Device container 'Tek Keyboard' ({8e7f2822-5917-11f1-a271-54582d32ed0c}) has been serviced, processed 2 tasks, and wrote 35 properties in 260 ms."
"15-06-2026 10:55:28","112","Information","Microsoft-Windows-DeviceSetupManager","Device container 'OneNote (Desktop)' ({056018f3-ea11-de01-11c1-516050c076bc}) has been serviced, processed 2 tasks, and wrote 35 properties in 254 ms."
"15-06-2026 10:55:28","112","Information","Microsoft-Windows-DeviceSetupManager","Device container 'USB Serial Device (COM5)' ({d8ab74b4-5d6c-11f1-a273-54582d32ed0c}) has been serviced, processed 2 tasks, and wrote 35 properties in 253 ms."
"15-06-2026 10:55:28","112","Information","Microsoft-Windows-DeviceSetupManager","Device container 'Generic Monitor' ({1074b24d-b986-5a01-b420-b3d39c2f9286}) has been serviced, processed 2 tasks, and wrote 35 properties in 252 ms."
"15-06-2026 10:55:28","112","Information","Microsoft-Windows-DeviceSetupManager","Device container 'Hub Feature Controller' ({00000000-0000-0000-0000-008b6dd8f265}) has been serviced, processed 2 tasks, and wrote 35 properties in 259 ms."
"15-06-2026 10:55:28","112","Information","Microsoft-Windows-DeviceSetupManager","Device container 'Dell WH3024 Headset' ({e71cf5ff-7cee-527d-9ebc-544d6c2f24f5}) has been serviced, processed 2 tasks, and wrote 35 properties in 257 ms."
"15-06-2026 10:55:28","112","Information","Microsoft-Windows-DeviceSetupManager","Device container 'OneNote (Desktop) - Protected' ({4fd81dad-e1d5-1608-b7cf-591767d49f90}) has been serviced, processed 2 tasks, and wrote 35 properties in 256 ms."
"15-06-2026 10:55:28","112","Information","Microsoft-Windows-DeviceSetupManager","Device container 'TSC TE244' ({66d57f75-1acf-5fa1-888e-b7e753613c0f}) has been serviced, processed 2 tasks, and wrote 35 properties in 255 ms."
"15-06-2026 10:55:28","112","Information","Microsoft-Windows-DeviceSetupManager","Device container '\\hkgwinprnp001.enterprisenet.org\IN-CHE-5th Floor' ({a19df8ed-7b2b-571f-bffe-548aa27247c4}) has been serviced, processed 2 tasks, and wrote 35 properties in 255 ms."
"15-06-2026 10:55:28","112","Information","Microsoft-Windows-DeviceSetupManager","Device container 'USB2 Controller Hub' ({00000000-0000-2c00-060a-160107000502}) has been serviced, processed 2 tasks, and wrote 35 properties in 253 ms."
"15-06-2026 10:55:28","112","Information","Microsoft-Windows-DeviceSetupManager","Device container 'Dell Universal Receiver' ({fbe0bb6f-57e9-11f1-a271-54582d32ed0c}) has been serviced, processed 2 tasks, and wrote 35 properties in 253 ms."
"15-06-2026 10:55:28","112","Information","Microsoft-Windows-DeviceSetupManager","Device container 'Unknown USB Device (Device Descriptor Request Failed)' ({0dec4d9c-6340-11f1-a278-54582d32ed0c}) has been serviced, processed 2 tasks, and wrote 35 properties in 251 ms."
"15-06-2026 10:55:28","112","Information","Microsoft-Windows-DeviceSetupManager","Device container 'Dell Universal Receiver' ({31506464-56d6-11f1-a26a-806e6f6e6963}) has been serviced, processed 2 tasks, and wrote 35 properties in 251 ms."
"15-06-2026 10:55:28","112","Information","Microsoft-Windows-DeviceSetupManager","Device container 'USB5806 Smart Hub' ({00000000-0000-0000-0000-006c7259556b}) has been serviced, processed 2 tasks, and wrote 35 properties in 249 ms."
"15-06-2026 10:55:28","112","Information","Microsoft-Windows-DeviceSetupManager","Device container 'Dell P2422HE(USB Type_C)' ({9875a84b-5a50-11f1-a272-54582d32ed0c}) has been serviced, processed 2 tasks, and wrote 35 properties in 248 ms."
"15-06-2026 10:55:28","112","Information","Microsoft-Windows-DeviceSetupManager","Device container 'Tek Keyboard' ({d8ab7c99-5d6c-11f1-a273-54582d32ed0c}) has been serviced, processed 2 tasks, and wrote 35 properties in 249 ms."
"15-06-2026 10:55:28","112","Information","Microsoft-Windows-DeviceSetupManager","Device container 'Dell U2422HE(USB Type_C)' ({1a280936-c6ed-5221-9721-f685a263cb13}) has been serviced, processed 2 tasks, and wrote 35 properties in 245 ms."
"15-06-2026 10:55:28","112","Information","Microsoft-Windows-DeviceSetupManager","Device container 'Generic Monitor (Logi)' ({010efe14-0230-55ea-ad57-3a6de2791598}) has been serviced, processed 2 tasks, and wrote 35 properties in 266 ms."
"15-06-2026 10:55:28","112","Information","Microsoft-Windows-DeviceSetupManager","Device container 'Generic Monitor' ({f7cf4b6c-3cfb-5309-8995-fb3d888c7e1e}) has been serviced, processed 3 tasks, and wrote 35 properties in 267 ms."
"15-06-2026 10:55:28","112","Information","Microsoft-Windows-DeviceSetupManager","Device container 'TSC TE244 #2' ({2db29114-824e-9ff5-50a6-0054a5c85008}) has been serviced, processed 2 tasks, and wrote 35 properties in 262 ms."
"15-06-2026 10:55:28","112","Information","Microsoft-Windows-DeviceSetupManager","Device container 'Plantronics Blackwire 3225 Series' ({ccc49380-9067-5383-966e-8334bad8972a}) has been serviced, processed 2 tasks, and wrote 35 properties in 262 ms."
"15-06-2026 10:55:28","112","Information","Microsoft-Windows-DeviceSetupManager","Device container 'Realtek USB GbE Family Controller #2' ({12140715-210c-0102-0c00-004e34524b34}) has been serviced, processed 2 tasks, and wrote 35 properties in 262 ms."
"15-06-2026 10:55:28","112","Information","Microsoft-Windows-DeviceSetupManager","Device container 'USB Serial Device (COM3)' ({98759751-5a50-11f1-a272-54582d32ed0c}) has been serviced, processed 2 tasks, and wrote 35 properties in 264 ms."
"15-06-2026 10:55:28","190","Information","Microsoft-Windows-DeviceSetupManager","Property heuristics for device container 'Generic Monitor (HP 22cw)' ({a460b0d3-5668-11f1-a26f-c0a8109d15b0}) completed in 27 ms."
"15-06-2026 10:55:28","112","Information","Microsoft-Windows-DeviceSetupManager","Device container 'USB Receiver' ({31506435-56d6-11f1-a26a-806e6f6e6963}) has been serviced, processed 2 tasks, and wrote 35 properties in 266 ms."
"15-06-2026 10:55:28","112","Information","Microsoft-Windows-DeviceSetupManager","Device container 'Logi USB Headset' ({fbe0ca52-57e9-11f1-a271-54582d32ed0c}) has been serviced, processed 2 tasks, and wrote 35 properties in 263 ms."
"15-06-2026 10:55:28","190","Information","Microsoft-Windows-DeviceSetupManager","Property heuristics for device container 'USB Receiver' ({65e8f6ba-5e83-11f1-a274-54582d32ed0c}) completed in 15 ms."
"15-06-2026 10:55:28","112","Information","Microsoft-Windows-DeviceSetupManager","Device container 'Dell DA310' ({e5afc831-8d4b-5898-99c8-bc24c65ded28}) has been serviced, processed 2 tasks, and wrote 35 properties in 267 ms."
"15-06-2026 10:55:28","112","Information","Microsoft-Windows-DeviceSetupManager","Device container 'USB Serial Device (COM6)' ({a86c545f-5e3d-11f1-a274-54582d32ed0c}) has been serviced, processed 2 tasks, and wrote 35 properties in 263 ms."
"15-06-2026 10:55:28","190","Information","Microsoft-Windows-DeviceSetupManager","Property heuristics for device container 'Dell Universal Receiver' ({c1114523-5b3d-11f1-a272-54582d32ed0c}) completed in 22 ms."
"15-06-2026 10:55:28","190","Information","Microsoft-Windows-DeviceSetupManager","Property heuristics for device container 'USB Serial Device (COM5)' ({d8ab74b4-5d6c-11f1-a273-54582d32ed0c}) completed in 10 ms."
"15-06-2026 10:55:28","190","Information","Microsoft-Windows-DeviceSetupManager","Property heuristics for device container 'OneNote (Desktop)' ({056018f3-ea11-de01-11c1-516050c076bc}) completed in 16 ms."
"15-06-2026 10:55:28","190","Information","Microsoft-Windows-DeviceSetupManager","Property heuristics for device container 'Tek Keyboard' ({8e7f2822-5917-11f1-a271-54582d32ed0c}) completed in 13 ms."
"15-06-2026 10:55:28","190","Information","Microsoft-Windows-DeviceSetupManager","Property heuristics for device container 'Generic Monitor' ({1074b24d-b986-5a01-b420-b3d39c2f9286}) completed in 12 ms."
"15-06-2026 10:55:28","190","Information","Microsoft-Windows-DeviceSetupManager","Property heuristics for device container 'Dell WH3024 Headset' ({e71cf5ff-7cee-527d-9ebc-544d6c2f24f5}) completed in 21 ms."
"15-06-2026 10:55:28","190","Information","Microsoft-Windows-DeviceSetupManager","Property heuristics for device container 'Hub Feature Controller' ({00000000-0000-0000-0000-008b6dd8f265}) completed in 12 ms."
"15-06-2026 10:55:28","190","Information","Microsoft-Windows-DeviceSetupManager","Property heuristics for device container 'TSC TE244' ({66d57f75-1acf-5fa1-888e-b7e753613c0f}) completed in 15 ms."
"15-06-2026 10:55:28","112","Information","Microsoft-Windows-DeviceSetupManager","Device container 'Microsoft Print to PDF' ({d397268a-724c-b4ef-d641-c9234ba2948b}) has been serviced, processed 2 tasks, and wrote 35 properties in 225 ms."
"15-06-2026 10:55:28","190","Information","Microsoft-Windows-DeviceSetupManager","Property heuristics for device container 'OneNote (Desktop) - Protected' ({4fd81dad-e1d5-1608-b7cf-591767d49f90}) completed in 11 ms."
"15-06-2026 10:55:28","190","Information","Microsoft-Windows-DeviceSetupManager","Property heuristics for device container '\\hkgwinprnp001.enterprisenet.org\IN-CHE-5th Floor' ({a19df8ed-7b2b-571f-bffe-548aa27247c4}) completed in 13 ms."
"15-06-2026 10:55:28","190","Information","Microsoft-Windows-DeviceSetupManager","Property heuristics for device container 'USB2 Controller Hub' ({00000000-0000-2c00-060a-160107000502}) completed in 20 ms."
"15-06-2026 10:55:28","190","Information","Microsoft-Windows-DeviceSetupManager","Property heuristics for device container 'Dell Universal Receiver' ({fbe0bb6f-57e9-11f1-a271-54582d32ed0c}) completed in 20 ms."
"15-06-2026 10:55:28","190","Information","Microsoft-Windows-DeviceSetupManager","Property heuristics for device container 'Unknown USB Device (Device Descriptor Request Failed)' ({0dec4d9c-6340-11f1-a278-54582d32ed0c}) completed in 9 ms."
"15-06-2026 10:55:28","190","Information","Microsoft-Windows-DeviceSetupManager","Property heuristics for device container 'Dell Universal Receiver' ({31506464-56d6-11f1-a26a-806e6f6e6963}) completed in 32 ms."
"15-06-2026 10:55:28","190","Information","Microsoft-Windows-DeviceSetupManager","Property heuristics for device container 'USB5806 Smart Hub' ({00000000-0000-0000-0000-006c7259556b}) completed in 11 ms."
"15-06-2026 10:55:28","190","Information","Microsoft-Windows-DeviceSetupManager","Property heuristics for device container 'Dell P2422HE(USB Type_C)' ({9875a84b-5a50-11f1-a272-54582d32ed0c}) completed in 12 ms."
"15-06-2026 10:55:28","190","Information","Microsoft-Windows-DeviceSetupManager","Property heuristics for device container 'Tek Keyboard' ({d8ab7c99-5d6c-11f1-a273-54582d32ed0c}) completed in 11 ms."
"15-06-2026 10:55:28","190","Information","Microsoft-Windows-DeviceSetupManager","Property heuristics for device container 'Generic Monitor (Logi)' ({010efe14-0230-55ea-ad57-3a6de2791598}) completed in 94 ms."
"15-06-2026 10:55:28","190","Information","Microsoft-Windows-DeviceSetupManager","Property heuristics for device container 'Generic Monitor' ({f7cf4b6c-3cfb-5309-8995-fb3d888c7e1e}) completed in 52 ms."
"15-06-2026 10:55:28","190","Information","Microsoft-Windows-DeviceSetupManager","Property heuristics for device container 'Dell U2422HE(USB Type_C)' ({1a280936-c6ed-5221-9721-f685a263cb13}) completed in 13 ms."
"15-06-2026 10:55:28","112","Information","Microsoft-Windows-DeviceSetupManager","Device container 'Tek Keyboard' ({8e7f0bdb-5917-11f1-a271-54582d32ed0c}) has been serviced, processed 2 tasks, and wrote 35 properties in 71 ms."
"15-06-2026 10:55:28","112","Information","Microsoft-Windows-DeviceSetupManager","Device container 'USB Serial Device (COM4)' ({c1114529-5b3d-11f1-a272-54582d32ed0c}) has been serviced, processed 2 tasks, and wrote 35 properties in 53 ms."
"15-06-2026 10:55:28","190","Information","Microsoft-Windows-DeviceSetupManager","Property heuristics for device container 'Plantronics Blackwire 3225 Series' ({ccc49380-9067-5383-966e-8334bad8972a}) completed in 19 ms."
"15-06-2026 10:55:28","190","Information","Microsoft-Windows-DeviceSetupManager","Property heuristics for device container 'Realtek USB GbE Family Controller #2' ({12140715-210c-0102-0c00-004e34524b34}) completed in 15 ms."
"15-06-2026 10:55:28","112","Information","Microsoft-Windows-DeviceSetupManager","Device container 'Tek Keyboard' ({3eddb734-6333-11f1-a277-54582d32ed0c}) has been serviced, processed 2 tasks, and wrote 35 properties in 83 ms."
"15-06-2026 10:55:28","190","Information","Microsoft-Windows-DeviceSetupManager","Property heuristics for device container 'TSC TE244 #2' ({2db29114-824e-9ff5-50a6-0054a5c85008}) completed in 11 ms."
"15-06-2026 10:55:28","190","Information","Microsoft-Windows-DeviceSetupManager","Property heuristics for device container 'USB Serial Device (COM3)' ({98759751-5a50-11f1-a272-54582d32ed0c}) completed in 10 ms."
"15-06-2026 10:55:28","190","Information","Microsoft-Windows-DeviceSetupManager","Property heuristics for device container 'USB Receiver' ({31506435-56d6-11f1-a26a-806e6f6e6963}) completed in 22 ms."
"15-06-2026 10:55:28","190","Information","Microsoft-Windows-DeviceSetupManager","Property heuristics for device container 'Logi USB Headset' ({fbe0ca52-57e9-11f1-a271-54582d32ed0c}) completed in 18 ms."
"15-06-2026 10:55:28","190","Information","Microsoft-Windows-DeviceSetupManager","Property heuristics for device container 'Dell DA310' ({e5afc831-8d4b-5898-99c8-bc24c65ded28}) completed in 16 ms."
"15-06-2026 10:55:28","190","Information","Microsoft-Windows-DeviceSetupManager","Property heuristics for device container 'USB Serial Device (COM6)' ({a86c545f-5e3d-11f1-a274-54582d32ed0c}) completed in 12 ms."
"15-06-2026 10:55:28","30","Information","Microsoft-Windows-DeviceSetupManager","Device container {a460b0d3-5668-11f1-a26f-c0a8109d15b0} is queued for setup."
"15-06-2026 10:55:28","30","Information","Microsoft-Windows-DeviceSetupManager","Device container {d8ab74b4-5d6c-11f1-a273-54582d32ed0c} is queued for setup."
"15-06-2026 10:55:28","30","Information","Microsoft-Windows-DeviceSetupManager","Device container {c1114523-5b3d-11f1-a272-54582d32ed0c} is queued for setup."
"15-06-2026 10:55:28","30","Information","Microsoft-Windows-DeviceSetupManager","Device container {1074b24d-b986-5a01-b420-b3d39c2f9286} is queued for setup."
"15-06-2026 10:55:28","30","Information","Microsoft-Windows-DeviceSetupManager","Device container {65e8f6ba-5e83-11f1-a274-54582d32ed0c} is queued for setup."
"15-06-2026 10:55:28","30","Information","Microsoft-Windows-DeviceSetupManager","Device container {056018f3-ea11-de01-11c1-516050c076bc} is queued for setup."
"15-06-2026 10:55:28","30","Information","Microsoft-Windows-DeviceSetupManager","Device container {0dec4d9c-6340-11f1-a278-54582d32ed0c} is queued for setup."
"15-06-2026 10:55:28","30","Information","Microsoft-Windows-DeviceSetupManager","Device container {d8ab7c99-5d6c-11f1-a273-54582d32ed0c} is queued for setup."
"15-06-2026 10:55:28","30","Information","Microsoft-Windows-DeviceSetupManager","Device container {00000000-0000-2c00-060a-160107000502} is queued for setup."
"15-06-2026 10:55:28","30","Information","Microsoft-Windows-DeviceSetupManager","Device container {1a280936-c6ed-5221-9721-f685a263cb13} is queued for setup."
"15-06-2026 10:55:28","30","Information","Microsoft-Windows-DeviceSetupManager","Device container {e71cf5ff-7cee-527d-9ebc-544d6c2f24f5} is queued for setup."
"15-06-2026 10:55:28","30","Information","Microsoft-Windows-DeviceSetupManager","Device container {00000000-0000-0000-0000-008b6dd8f265} is queued for setup."
"15-06-2026 10:55:28","30","Information","Microsoft-Windows-DeviceSetupManager","Device container {fbe0bb6f-57e9-11f1-a271-54582d32ed0c} is queued for setup."
"15-06-2026 10:55:28","30","Information","Microsoft-Windows-DeviceSetupManager","Device container {4fd81dad-e1d5-1608-b7cf-591767d49f90} is queued for setup."
"15-06-2026 10:55:28","30","Information","Microsoft-Windows-DeviceSetupManager","Device container {8e7f2822-5917-11f1-a271-54582d32ed0c} is queued for setup."
"15-06-2026 10:55:28","30","Information","Microsoft-Windows-DeviceSetupManager","Device container {31506464-56d6-11f1-a26a-806e6f6e6963} is queued for setup."
"15-06-2026 10:55:28","30","Information","Microsoft-Windows-DeviceSetupManager","Device container {9875a84b-5a50-11f1-a272-54582d32ed0c} is queued for setup."
"15-06-2026 10:55:28","190","Information","Microsoft-Windows-DeviceSetupManager","Property heuristics for device container 'USB Serial Device (COM4)' ({c1114529-5b3d-11f1-a272-54582d32ed0c}) completed in 15 ms."
"15-06-2026 10:55:28","30","Information","Microsoft-Windows-DeviceSetupManager","Device container {00000000-0000-0000-0000-006c7259556b} is queued for setup."
"15-06-2026 10:55:28","30","Information","Microsoft-Windows-DeviceSetupManager","Device container {66d57f75-1acf-5fa1-888e-b7e753613c0f} is queued for setup."
"15-06-2026 10:55:28","30","Information","Microsoft-Windows-DeviceSetupManager","Device container {a19df8ed-7b2b-571f-bffe-548aa27247c4} is queued for setup."
"15-06-2026 10:55:28","190","Information","Microsoft-Windows-DeviceSetupManager","Property heuristics for device container 'Tek Keyboard' ({3eddb734-6333-11f1-a277-54582d32ed0c}) completed in 33 ms."
"15-06-2026 10:55:28","30","Information","Microsoft-Windows-DeviceSetupManager","Device container {2db29114-824e-9ff5-50a6-0054a5c85008} is queued for setup."
"15-06-2026 10:55:28","190","Information","Microsoft-Windows-DeviceSetupManager","Property heuristics for device container 'Microsoft Print to PDF' ({d397268a-724c-b4ef-d641-c9234ba2948b}) completed in 33 ms."
"15-06-2026 10:55:28","190","Information","Microsoft-Windows-DeviceSetupManager","Property heuristics for device container 'Tek Keyboard' ({8e7f0bdb-5917-11f1-a271-54582d32ed0c}) completed in 24 ms."
"15-06-2026 10:55:28","30","Information","Microsoft-Windows-DeviceSetupManager","Device container {ccc49380-9067-5383-966e-8334bad8972a} is queued for setup."
"15-06-2026 10:55:28","30","Information","Microsoft-Windows-DeviceSetupManager","Device container {12140715-210c-0102-0c00-004e34524b34} is queued for setup."
"15-06-2026 10:55:28","30","Information","Microsoft-Windows-DeviceSetupManager","Device container {010efe14-0230-55ea-ad57-3a6de2791598} is queued for setup."
"15-06-2026 10:55:28","30","Information","Microsoft-Windows-DeviceSetupManager","Device container {98759751-5a50-11f1-a272-54582d32ed0c} is queued for setup."
"15-06-2026 10:55:28","30","Information","Microsoft-Windows-DeviceSetupManager","Device container {31506435-56d6-11f1-a26a-806e6f6e6963} is queued for setup."
"15-06-2026 10:55:28","30","Information","Microsoft-Windows-DeviceSetupManager","Device container {fbe0ca52-57e9-11f1-a271-54582d32ed0c} is queued for setup."
"15-06-2026 10:55:28","30","Information","Microsoft-Windows-DeviceSetupManager","Device container {a86c545f-5e3d-11f1-a274-54582d32ed0c} is queued for setup."
"15-06-2026 10:55:28","30","Information","Microsoft-Windows-DeviceSetupManager","Device container {f7cf4b6c-3cfb-5309-8995-fb3d888c7e1e} is queued for setup."
"15-06-2026 10:55:28","30","Information","Microsoft-Windows-DeviceSetupManager","Device container {e5afc831-8d4b-5898-99c8-bc24c65ded28} is queued for setup."
"15-06-2026 10:55:28","30","Information","Microsoft-Windows-DeviceSetupManager","Device container {00000000-0000-0000-ffff-ffffffffffff} is queued for setup."
"15-06-2026 10:55:28","30","Information","Microsoft-Windows-DeviceSetupManager","Device container {c1114529-5b3d-11f1-a272-54582d32ed0c} is queued for setup."
"15-06-2026 10:55:28","30","Information","Microsoft-Windows-DeviceSetupManager","Device container {8e7f0bdb-5917-11f1-a271-54582d32ed0c} is queued for setup."
"15-06-2026 10:55:28","30","Information","Microsoft-Windows-DeviceSetupManager","Device container {3eddb734-6333-11f1-a277-54582d32ed0c} is queued for setup."
"15-06-2026 10:55:28","30","Information","Microsoft-Windows-DeviceSetupManager","Device container {d397268a-724c-b4ef-d641-c9234ba2948b} is queued for setup."
"15-06-2026 10:55:28","100","Information","Microsoft-Windows-DeviceSetupManager","DSM service started, mode is Normal, last session (or boot) was 238 seconds ago."
"15-06-2026 10:51:30","107","Information","Microsoft-Windows-DeviceSetupManager","DSM service has shut down."
"15-06-2026 10:51:30","101","Information","Microsoft-Windows-DeviceSetupManager","DSM Service is shutting down. Service uptime was 47 seconds, active worktime was 2515 ms."
"15-06-2026 10:50:45","11","Information","Microsoft-Windows-DeviceSetupManager","DSM service is idle and waiting for stop."
"15-06-2026 10:50:45","112","Information","Microsoft-Windows-DeviceSetupManager","Device container 'Hub Feature Controller' ({00000000-0000-0000-0000-008b6dd8f265}) has been serviced, processed 6 tasks, and wrote 35 properties in 2388 ms."
"15-06-2026 10:50:45","190","Information","Microsoft-Windows-DeviceSetupManager","Property heuristics for device container 'Hub Feature Controller' ({00000000-0000-0000-0000-008b6dd8f265}) completed in 14 ms."
"15-06-2026 10:50:43","112","Information","Microsoft-Windows-DeviceSetupManager","Device container 'Dell P2422HE(USB Type_C)' ({9875a84b-5a50-11f1-a272-54582d32ed0c}) has been serviced, processed 3 tasks, and wrote 0 properties in 2 ms."
"15-06-2026 10:50:43","30","Information","Microsoft-Windows-DeviceSetupManager","Device container {9875a84b-5a50-11f1-a272-54582d32ed0c} is queued for setup."
"15-06-2026 10:50:42","11","Information","Microsoft-Windows-DeviceSetupManager","DSM service is idle and waiting for stop."
"15-06-2026 10:50:42","112","Information","Microsoft-Windows-DeviceSetupManager","Device container 'USB2806 Smart Hub' ({00000000-0000-0000-0000-008b6dd8f265}) has been serviced, processed 3 tasks, and wrote 44 properties in 126 ms."
"15-06-2026 10:50:42","190","Information","Microsoft-Windows-DeviceSetupManager","Property heuristics for device container 'USB2806 Smart Hub' ({00000000-0000-0000-0000-008b6dd8f265}) completed in 10 ms."
"15-06-2026 10:50:42","30","Information","Microsoft-Windows-DeviceSetupManager","Device container {00000000-0000-0000-0000-008b6dd8f265} is queued for setup."
"15-06-2026 10:50:42","100","Information","Microsoft-Windows-DeviceSetupManager","DSM service started, mode is Normal, last session (or boot) was 2327 seconds ago."
"15-06-2026 10:11:54","107","Information","Microsoft-Windows-DeviceSetupManager","DSM service has shut down."
"15-06-2026 10:11:54","101","Information","Microsoft-Windows-DeviceSetupManager","DSM Service is shutting down. Service uptime was 45 seconds, active worktime was 115 ms."
"15-06-2026 10:11:09","11","Information","Microsoft-Windows-DeviceSetupManager","DSM service is idle and waiting for stop."
"15-06-2026 10:11:09","112","Information","Microsoft-Windows-DeviceSetupManager","Device container 'Generic Monitor (Logi)' ({010efe14-0230-55ea-ad57-3a6de2791598}) has been serviced, processed 3 tasks, and wrote 0 properties in 115 ms."
"15-06-2026 10:11:09","30","Information","Microsoft-Windows-DeviceSetupManager","Device container {010efe14-0230-55ea-ad57-3a6de2791598} is queued for setup."
"15-06-2026 10:11:09","100","Information","Microsoft-Windows-DeviceSetupManager","DSM service started, mode is Normal, last session (or boot) was 2689 seconds ago."
"15-06-2026 09:26:19","107","Information","Microsoft-Windows-DeviceSetupManager","DSM service has shut down."
"15-06-2026 09:26:19","101","Information","Microsoft-Windows-DeviceSetupManager","DSM Service is shutting down. Service uptime was 45 seconds, active worktime was 92 ms."
"15-06-2026 09:25:34","11","Information","Microsoft-Windows-DeviceSetupManager","DSM service is idle and waiting for stop."
"15-06-2026 09:25:34","112","Information","Microsoft-Windows-DeviceSetupManager","Device container 'Tek Keyboard' ({8e7f2822-5917-11f1-a271-54582d32ed0c}) has been serviced, processed 3 tasks, and wrote 0 properties in 92 ms."
"15-06-2026 09:25:34","30","Information","Microsoft-Windows-DeviceSetupManager","Device container {8e7f2822-5917-11f1-a271-54582d32ed0c} is queued for setup."
"15-06-2026 09:25:34","100","Information","Microsoft-Windows-DeviceSetupManager","DSM service started, mode is Normal, last session (or boot) was 900 seconds ago."
"15-06-2026 09:10:33","107","Information","Microsoft-Windows-DeviceSetupManager","DSM service has shut down."
"15-06-2026 09:10:33","101","Information","Microsoft-Windows-DeviceSetupManager","DSM Service is shutting down. Service uptime was 124 seconds, active worktime was 79805 ms."
"15-06-2026 09:09:48","11","Information","Microsoft-Windows-DeviceSetupManager","DSM service is idle and waiting for stop."
"15-06-2026 09:09:48","112","Information","Microsoft-Windows-DeviceSetupManager","Device container 'LIND55MBVC4' ({00000000-0000-0000-ffff-ffffffffffff}) has been serviced, processed 7 tasks, and wrote 43 properties in 79801 ms."
"15-06-2026 09:09:48","190","Information","Microsoft-Windows-DeviceSetupManager","Property heuristics for device container 'LIND55MBVC4' ({00000000-0000-0000-ffff-ffffffffffff}) completed in 401 ms."
"15-06-2026 09:09:48","127","Information","Microsoft-Windows-DeviceSetupManager","Device 'HDAUDIO\SGPC_FUNC_01&VEN_8086&DEV_281D&SUBSYS_80860101&REV_1000\4&417d3cc&0&0201DIF_000B&UIF_0000' does not match any driver updates that are not optional."
"15-06-2026 09:09:48","41","Information","Microsoft-Windows-DeviceSetupManager","WU search completed."
"15-06-2026 09:09:30","41","Information","Microsoft-Windows-DeviceSetupManager","WU search completed."
"15-06-2026 09:08:29","30","Information","Microsoft-Windows-DeviceSetupManager","Device container {00000000-0000-0000-ffff-ffffffffffff} is queued for setup."
"15-06-2026 09:08:29","100","Information","Microsoft-Windows-DeviceSetupManager","DSM service started, mode is Normal, last session (or boot) was 251475 seconds ago."
"12-06-2026 11:17:13","107","Information","Microsoft-Windows-DeviceSetupManager","DSM service has shut down."
"12-06-2026 11:17:13","101","Information","Microsoft-Windows-DeviceSetupManager","DSM Service is shutting down. Service uptime was 45 seconds, active worktime was 63 ms."
"12-06-2026 11:16:28","11","Information","Microsoft-Windows-DeviceSetupManager","DSM service is idle and waiting for stop."
"12-06-2026 11:16:28","112","Information","Microsoft-Windows-DeviceSetupManager","Device container 'TSC TE244' ({66d57f75-1acf-5fa1-888e-b7e753613c0f}) has been serviced, processed 3 tasks, and wrote 0 properties in 63 ms."
"12-06-2026 11:16:28","30","Information","Microsoft-Windows-DeviceSetupManager","Device container {66d57f75-1acf-5fa1-888e-b7e753613c0f} is queued for setup."
"12-06-2026 11:16:28","100","Information","Microsoft-Windows-DeviceSetupManager","DSM service started, mode is Normal, last session (or boot) was 4927 seconds ago."
"09-06-2026 15:00:55","107","Information","Microsoft-Windows-DeviceSetupManager","DSM service has shut down."
"09-06-2026 15:00:55","101","Information","Microsoft-Windows-DeviceSetupManager","DSM Service is shutting down. Service uptime was 45 seconds, active worktime was 123 ms."
"09-06-2026 15:00:10","11","Information","Microsoft-Windows-DeviceSetupManager","DSM service is idle and waiting for stop."
"09-06-2026 15:00:10","112","Information","Microsoft-Windows-DeviceSetupManager","Device container 'Unknown USB Device (Device Descriptor Request Failed)' ({0dec4d9c-6340-11f1-a278-54582d32ed0c}) has been serviced, processed 4 tasks, and wrote 44 properties in 122 ms."
"09-06-2026 15:00:09","190","Information","Microsoft-Windows-DeviceSetupManager","Property heuristics for device container 'Unknown USB Device (Device Descriptor Request Failed)' ({0dec4d9c-6340-11f1-a278-54582d32ed0c}) completed in 14 ms."
"09-06-2026 15:00:09","30","Information","Microsoft-Windows-DeviceSetupManager","Device container {0dec4d9c-6340-11f1-a278-54582d32ed0c} is queued for setup."
"09-06-2026 15:00:09","100","Information","Microsoft-Windows-DeviceSetupManager","DSM service started, mode is Normal, last session (or boot) was 1891 seconds ago."
"09-06-2026 14:28:38","107","Information","Microsoft-Windows-DeviceSetupManager","DSM service has shut down."
"09-06-2026 14:28:38","101","Information","Microsoft-Windows-DeviceSetupManager","DSM Service is shutting down. Service uptime was 45 seconds, active worktime was 258 ms."
"09-06-2026 14:27:53","11","Information","Microsoft-Windows-DeviceSetupManager","DSM service is idle and waiting for stop."
"09-06-2026 14:27:53","112","Information","Microsoft-Windows-DeviceSetupManager","Device container 'LIND55MBVC4' ({00000000-0000-0000-ffff-ffffffffffff}) has been serviced, processed 5 tasks, and wrote 43 properties in 226 ms."
"09-06-2026 14:27:53","112","Information","Microsoft-Windows-DeviceSetupManager","Device container 'USB2 Controller Hub' ({00000000-0000-2c00-060a-160107000502}) has been serviced, processed 2 tasks, and wrote 35 properties in 181 ms."
"09-06-2026 14:27:53","112","Information","Microsoft-Windows-DeviceSetupManager","Device container 'Generic Monitor (HP 22cw)' ({a460b0d3-5668-11f1-a26f-c0a8109d15b0}) has been serviced, processed 2 tasks, and wrote 35 properties in 177 ms."
"09-06-2026 14:27:53","112","Information","Microsoft-Windows-DeviceSetupManager","Device container 'Dell Universal Receiver' ({c1114523-5b3d-11f1-a272-54582d32ed0c}) has been serviced, processed 2 tasks, and wrote 35 properties in 179 ms."
"09-06-2026 14:27:53","112","Information","Microsoft-Windows-DeviceSetupManager","Device container 'USB Serial Device (COM5)' ({d8ab74b4-5d6c-11f1-a273-54582d32ed0c}) has been serviced, processed 2 tasks, and wrote 35 properties in 177 ms."
"09-06-2026 14:27:53","112","Information","Microsoft-Windows-DeviceSetupManager","Device container 'Dell Universal Receiver' ({31506464-56d6-11f1-a26a-806e6f6e6963}) has been serviced, processed 2 tasks, and wrote 35 properties in 183 ms."
"09-06-2026 14:27:53","112","Information","Microsoft-Windows-DeviceSetupManager","Device container 'Tek Keyboard' ({8e7f2822-5917-11f1-a271-54582d32ed0c}) has been serviced, processed 2 tasks, and wrote 35 properties in 181 ms."
"09-06-2026 14:27:53","112","Information","Microsoft-Windows-DeviceSetupManager","Device container 'Generic Monitor' ({1074b24d-b986-5a01-b420-b3d39c2f9286}) has been serviced, processed 2 tasks, and wrote 35 properties in 181 ms."
"09-06-2026 14:27:53","112","Information","Microsoft-Windows-DeviceSetupManager","Device container 'Dell WH3024 Headset' ({e71cf5ff-7cee-527d-9ebc-544d6c2f24f5}) has been serviced, processed 2 tasks, and wrote 35 properties in 181 ms."
"09-06-2026 14:27:53","112","Information","Microsoft-Windows-DeviceSetupManager","Device container 'Dell Universal Receiver' ({fbe0bb6f-57e9-11f1-a271-54582d32ed0c}) has been serviced, processed 2 tasks, and wrote 35 properties in 181 ms."
"09-06-2026 14:27:53","112","Information","Microsoft-Windows-DeviceSetupManager","Device container 'OneNote (Desktop)' ({056018f3-ea11-de01-11c1-516050c076bc}) has been serviced, processed 2 tasks, and wrote 35 properties in 181 ms."
"09-06-2026 14:27:53","112","Information","Microsoft-Windows-DeviceSetupManager","Device container 'Hub Feature Controller' ({00000000-0000-0000-0000-006c7259556b}) has been serviced, processed 2 tasks, and wrote 35 properties in 179 ms."
"09-06-2026 14:27:53","112","Information","Microsoft-Windows-DeviceSetupManager","Device container 'Tek Keyboard' ({d8ab7c99-5d6c-11f1-a273-54582d32ed0c}) has been serviced, processed 2 tasks, and wrote 35 properties in 179 ms."
"09-06-2026 14:27:53","112","Information","Microsoft-Windows-DeviceSetupManager","Device container 'Dell U2422HE(USB Type_C)' ({1a280936-c6ed-5221-9721-f685a263cb13}) has been serviced, processed 2 tasks, and wrote 35 properties in 182 ms."
"09-06-2026 14:27:53","190","Information","Microsoft-Windows-DeviceSetupManager","Property heuristics for device container 'LIND55MBVC4' ({00000000-0000-0000-ffff-ffffffffffff}) completed in 217 ms."
"09-06-2026 14:27:53","112","Information","Microsoft-Windows-DeviceSetupManager","Device container 'USB Receiver' ({65e8f6ba-5e83-11f1-a274-54582d32ed0c}) has been serviced, processed 2 tasks, and wrote 35 properties in 173 ms."
"09-06-2026 14:27:53","112","Information","Microsoft-Windows-DeviceSetupManager","Device container 'Generic Monitor' ({f7cf4b6c-3cfb-5309-8995-fb3d888c7e1e}) has been serviced, processed 3 tasks, and wrote 35 properties in 197 ms."
"09-06-2026 14:27:53","112","Information","Microsoft-Windows-DeviceSetupManager","Device container 'OneNote (Desktop) - Protected' ({4fd81dad-e1d5-1608-b7cf-591767d49f90}) has been serviced, processed 2 tasks, and wrote 35 properties in 188 ms."
"09-06-2026 14:27:53","112","Information","Microsoft-Windows-DeviceSetupManager","Device container '\\hkgwinprnp001.enterprisenet.org\IN-CHE-5th Floor' ({a19df8ed-7b2b-571f-bffe-548aa27247c4}) has been serviced, processed 2 tasks, and wrote 35 properties in 188 ms."
"09-06-2026 14:27:53","112","Information","Microsoft-Windows-DeviceSetupManager","Device container 'TSC TE244' ({66d57f75-1acf-5fa1-888e-b7e753613c0f}) has been serviced, processed 2 tasks, and wrote 35 properties in 186 ms."
"09-06-2026 14:27:53","112","Information","Microsoft-Windows-DeviceSetupManager","Device container 'TSC TE244 #2' ({2db29114-824e-9ff5-50a6-0054a5c85008}) has been serviced, processed 2 tasks, and wrote 35 properties in 188 ms."
"09-06-2026 14:27:53","112","Information","Microsoft-Windows-DeviceSetupManager","Device container 'Generic Monitor (Logi)' ({010efe14-0230-55ea-ad57-3a6de2791598}) has been serviced, processed 2 tasks, and wrote 35 properties in 207 ms."
"09-06-2026 14:27:53","190","Information","Microsoft-Windows-DeviceSetupManager","Property heuristics for device container 'Generic Monitor (HP 22cw)' ({a460b0d3-5668-11f1-a26f-c0a8109d15b0}) completed in 19 ms."
"09-06-2026 14:27:53","112","Information","Microsoft-Windows-DeviceSetupManager","Device container 'USB Serial Device (COM4)' ({c1114529-5b3d-11f1-a272-54582d32ed0c}) has been serviced, processed 2 tasks, and wrote 35 properties in 193 ms."
"09-06-2026 14:27:53","112","Information","Microsoft-Windows-DeviceSetupManager","Device container 'Dell P2422HE(USB Type_C)' ({9875a84b-5a50-11f1-a272-54582d32ed0c}) has been serviced, processed 2 tasks, and wrote 35 properties in 187 ms."
"09-06-2026 14:27:53","112","Information","Microsoft-Windows-DeviceSetupManager","Device container 'USB Receiver' ({31506435-56d6-11f1-a26a-806e6f6e6963}) has been serviced, processed 2 tasks, and wrote 35 properties in 191 ms."
"09-06-2026 14:27:53","112","Information","Microsoft-Windows-DeviceSetupManager","Device container 'Dell DA310' ({e5afc831-8d4b-5898-99c8-bc24c65ded28}) has been serviced, processed 2 tasks, and wrote 35 properties in 191 ms."
"09-06-2026 14:27:53","112","Information","Microsoft-Windows-DeviceSetupManager","Device container 'Plantronics Blackwire 3225 Series' ({ccc49380-9067-5383-966e-8334bad8972a}) has been serviced, processed 2 tasks, and wrote 35 properties in 189 ms."
"09-06-2026 14:27:53","112","Information","Microsoft-Windows-DeviceSetupManager","Device container 'USB Serial Device (COM3)' ({98759751-5a50-11f1-a272-54582d32ed0c}) has been serviced, processed 2 tasks, and wrote 35 properties in 188 ms."
"09-06-2026 14:27:53","112","Information","Microsoft-Windows-DeviceSetupManager","Device container 'USB Serial Device (COM6)' ({a86c545f-5e3d-11f1-a274-54582d32ed0c}) has been serviced, processed 2 tasks, and wrote 35 properties in 186 ms."
"09-06-2026 14:27:53","190","Information","Microsoft-Windows-DeviceSetupManager","Property heuristics for device container 'USB Serial Device (COM5)' ({d8ab74b4-5d6c-11f1-a273-54582d32ed0c}) completed in 8 ms."
"09-06-2026 14:27:53","112","Information","Microsoft-Windows-DeviceSetupManager","Device container 'Realtek USB GbE Family Controller #2' ({12140715-210c-0102-0c00-004e34524b34}) has been serviced, processed 2 tasks, and wrote 35 properties in 191 ms."
"09-06-2026 14:27:53","190","Information","Microsoft-Windows-DeviceSetupManager","Property heuristics for device container 'Dell Universal Receiver' ({c1114523-5b3d-11f1-a272-54582d32ed0c}) completed in 14 ms."
"09-06-2026 14:27:53","190","Information","Microsoft-Windows-DeviceSetupManager","Property heuristics for device container 'USB2 Controller Hub' ({00000000-0000-2c00-060a-160107000502}) completed in 15 ms."
"09-06-2026 14:27:53","190","Information","Microsoft-Windows-DeviceSetupManager","Property heuristics for device container 'Tek Keyboard' ({8e7f2822-5917-11f1-a271-54582d32ed0c}) completed in 15 ms."
"09-06-2026 14:27:53","190","Information","Microsoft-Windows-DeviceSetupManager","Property heuristics for device container 'Dell WH3024 Headset' ({e71cf5ff-7cee-527d-9ebc-544d6c2f24f5}) completed in 18 ms."
"09-06-2026 14:27:53","190","Information","Microsoft-Windows-DeviceSetupManager","Property heuristics for device container 'Dell Universal Receiver' ({31506464-56d6-11f1-a26a-806e6f6e6963}) completed in 13 ms."
"09-06-2026 14:27:53","190","Information","Microsoft-Windows-DeviceSetupManager","Property heuristics for device container 'Generic Monitor' ({1074b24d-b986-5a01-b420-b3d39c2f9286}) completed in 11 ms."
"09-06-2026 14:27:53","190","Information","Microsoft-Windows-DeviceSetupManager","Property heuristics for device container 'Dell Universal Receiver' ({fbe0bb6f-57e9-11f1-a271-54582d32ed0c}) completed in 18 ms."
"09-06-2026 14:27:53","190","Information","Microsoft-Windows-DeviceSetupManager","Property heuristics for device container 'Hub Feature Controller' ({00000000-0000-0000-0000-006c7259556b}) completed in 14 ms."
"09-06-2026 14:27:53","190","Information","Microsoft-Windows-DeviceSetupManager","Property heuristics for device container 'OneNote (Desktop)' ({056018f3-ea11-de01-11c1-516050c076bc}) completed in 12 ms."
"09-06-2026 14:27:53","190","Information","Microsoft-Windows-DeviceSetupManager","Property heuristics for device container 'Tek Keyboard' ({d8ab7c99-5d6c-11f1-a273-54582d32ed0c}) completed in 11 ms."
"09-06-2026 14:27:53","190","Information","Microsoft-Windows-DeviceSetupManager","Property heuristics for device container 'Generic Monitor' ({f7cf4b6c-3cfb-5309-8995-fb3d888c7e1e}) completed in 20 ms."
"09-06-2026 14:27:53","190","Information","Microsoft-Windows-DeviceSetupManager","Property heuristics for device container 'USB Receiver' ({65e8f6ba-5e83-11f1-a274-54582d32ed0c}) completed in 15 ms."
"09-06-2026 14:27:53","190","Information","Microsoft-Windows-DeviceSetupManager","Property heuristics for device container 'Dell U2422HE(USB Type_C)' ({1a280936-c6ed-5221-9721-f685a263cb13}) completed in 9 ms."
"09-06-2026 14:27:53","190","Information","Microsoft-Windows-DeviceSetupManager","Property heuristics for device container 'OneNote (Desktop) - Protected' ({4fd81dad-e1d5-1608-b7cf-591767d49f90}) completed in 10 ms."
"09-06-2026 14:27:53","112","Information","Microsoft-Windows-DeviceSetupManager","Device container 'Logi USB Headset' ({fbe0ca52-57e9-11f1-a271-54582d32ed0c}) has been serviced, processed 2 tasks, and wrote 35 properties in 115 ms."
"09-06-2026 14:27:53","190","Information","Microsoft-Windows-DeviceSetupManager","Property heuristics for device container 'TSC TE244' ({66d57f75-1acf-5fa1-888e-b7e753613c0f}) completed in 14 ms."
"09-06-2026 14:27:53","190","Information","Microsoft-Windows-DeviceSetupManager","Property heuristics for device container '\\hkgwinprnp001.enterprisenet.org\IN-CHE-5th Floor' ({a19df8ed-7b2b-571f-bffe-548aa27247c4}) completed in 14 ms."
"09-06-2026 14:27:53","190","Information","Microsoft-Windows-DeviceSetupManager","Property heuristics for device container 'TSC TE244 #2' ({2db29114-824e-9ff5-50a6-0054a5c85008}) completed in 11 ms."
"09-06-2026 14:27:53","190","Information","Microsoft-Windows-DeviceSetupManager","Property heuristics for device container 'Generic Monitor (Logi)' ({010efe14-0230-55ea-ad57-3a6de2791598}) completed in 103 ms."
"09-06-2026 14:27:53","190","Information","Microsoft-Windows-DeviceSetupManager","Property heuristics for device container 'Dell P2422HE(USB Type_C)' ({9875a84b-5a50-11f1-a272-54582d32ed0c}) completed in 7 ms."
"09-06-2026 14:27:53","190","Information","Microsoft-Windows-DeviceSetupManager","Property heuristics for device container 'USB Serial Device (COM4)' ({c1114529-5b3d-11f1-a272-54582d32ed0c}) completed in 7 ms."
"09-06-2026 14:27:52","190","Information","Microsoft-Windows-DeviceSetupManager","Property heuristics for device container 'USB Receiver' ({31506435-56d6-11f1-a26a-806e6f6e6963}) completed in 14 ms."
"09-06-2026 14:27:52","112","Information","Microsoft-Windows-DeviceSetupManager","Device container 'Microsoft Print to PDF' ({d397268a-724c-b4ef-d641-c9234ba2948b}) has been serviced, processed 2 tasks, and wrote 35 properties in 127 ms."
"09-06-2026 14:27:52","190","Information","Microsoft-Windows-DeviceSetupManager","Property heuristics for device container 'Dell DA310' ({e5afc831-8d4b-5898-99c8-bc24c65ded28}) completed in 14 ms."
"09-06-2026 14:27:52","190","Information","Microsoft-Windows-DeviceSetupManager","Property heuristics for device container 'Plantronics Blackwire 3225 Series' ({ccc49380-9067-5383-966e-8334bad8972a}) completed in 12 ms."
"09-06-2026 14:27:52","190","Information","Microsoft-Windows-DeviceSetupManager","Property heuristics for device container 'USB Serial Device (COM3)' ({98759751-5a50-11f1-a272-54582d32ed0c}) completed in 6 ms."
"09-06-2026 14:27:52","190","Information","Microsoft-Windows-DeviceSetupManager","Property heuristics for device container 'USB Serial Device (COM6)' ({a86c545f-5e3d-11f1-a274-54582d32ed0c}) completed in 7 ms."
"09-06-2026 14:27:52","190","Information","Microsoft-Windows-DeviceSetupManager","Property heuristics for device container 'Realtek USB GbE Family Controller #2' ({12140715-210c-0102-0c00-004e34524b34}) completed in 12 ms."
"09-06-2026 14:27:52","30","Information","Microsoft-Windows-DeviceSetupManager","Device container {a460b0d3-5668-11f1-a26f-c0a8109d15b0} is queued for setup."
"09-06-2026 14:27:52","30","Information","Microsoft-Windows-DeviceSetupManager","Device container {d8ab74b4-5d6c-11f1-a273-54582d32ed0c} is queued for setup."
"09-06-2026 14:27:52","30","Information","Microsoft-Windows-DeviceSetupManager","Device container {c1114523-5b3d-11f1-a272-54582d32ed0c} is queued for setup."
"09-06-2026 14:27:52","30","Information","Microsoft-Windows-DeviceSetupManager","Device container {1074b24d-b986-5a01-b420-b3d39c2f9286} is queued for setup."
"09-06-2026 14:27:52","30","Information","Microsoft-Windows-DeviceSetupManager","Device container {65e8f6ba-5e83-11f1-a274-54582d32ed0c} is queued for setup."
"09-06-2026 14:27:52","30","Information","Microsoft-Windows-DeviceSetupManager","Device container {056018f3-ea11-de01-11c1-516050c076bc} is queued for setup."
"09-06-2026 14:27:52","30","Information","Microsoft-Windows-DeviceSetupManager","Device container {d8ab7c99-5d6c-11f1-a273-54582d32ed0c} is queued for setup."
"09-06-2026 14:27:52","30","Information","Microsoft-Windows-DeviceSetupManager","Device container {00000000-0000-2c00-060a-160107000502} is queued for setup."
"09-06-2026 14:27:52","30","Information","Microsoft-Windows-DeviceSetupManager","Device container {1a280936-c6ed-5221-9721-f685a263cb13} is queued for setup."
"09-06-2026 14:27:52","30","Information","Microsoft-Windows-DeviceSetupManager","Device container {e71cf5ff-7cee-527d-9ebc-544d6c2f24f5} is queued for setup."
"09-06-2026 14:27:52","30","Information","Microsoft-Windows-DeviceSetupManager","Device container {fbe0bb6f-57e9-11f1-a271-54582d32ed0c} is queued for setup."
"09-06-2026 14:27:52","190","Information","Microsoft-Windows-DeviceSetupManager","Property heuristics for device container 'Logi USB Headset' ({fbe0ca52-57e9-11f1-a271-54582d32ed0c}) completed in 18 ms."
"09-06-2026 14:27:52","30","Information","Microsoft-Windows-DeviceSetupManager","Device container {4fd81dad-e1d5-1608-b7cf-591767d49f90} is queued for setup."
"09-06-2026 14:27:52","30","Information","Microsoft-Windows-DeviceSetupManager","Device container {8e7f2822-5917-11f1-a271-54582d32ed0c} is queued for setup."
"09-06-2026 14:27:52","30","Information","Microsoft-Windows-DeviceSetupManager","Device container {31506464-56d6-11f1-a26a-806e6f6e6963} is queued for setup."
"09-06-2026 14:27:52","30","Information","Microsoft-Windows-DeviceSetupManager","Device container {9875a84b-5a50-11f1-a272-54582d32ed0c} is queued for setup."
"09-06-2026 14:27:52","30","Information","Microsoft-Windows-DeviceSetupManager","Device container {00000000-0000-0000-0000-006c7259556b} is queued for setup."
"09-06-2026 14:27:52","30","Information","Microsoft-Windows-DeviceSetupManager","Device container {66d57f75-1acf-5fa1-888e-b7e753613c0f} is queued for setup."
"09-06-2026 14:27:52","30","Information","Microsoft-Windows-DeviceSetupManager","Device container {a19df8ed-7b2b-571f-bffe-548aa27247c4} is queued for setup."
"09-06-2026 14:27:52","30","Information","Microsoft-Windows-DeviceSetupManager","Device container {2db29114-824e-9ff5-50a6-0054a5c85008} is queued for setup."
"09-06-2026 14:27:52","30","Information","Microsoft-Windows-DeviceSetupManager","Device container {ccc49380-9067-5383-966e-8334bad8972a} is queued for setup."
"09-06-2026 14:27:52","30","Information","Microsoft-Windows-DeviceSetupManager","Device container {12140715-210c-0102-0c00-004e34524b34} is queued for setup."
"09-06-2026 14:27:52","30","Information","Microsoft-Windows-DeviceSetupManager","Device container {010efe14-0230-55ea-ad57-3a6de2791598} is queued for setup."
"09-06-2026 14:27:52","30","Information","Microsoft-Windows-DeviceSetupManager","Device container {98759751-5a50-11f1-a272-54582d32ed0c} is queued for setup."
"09-06-2026 14:27:52","30","Information","Microsoft-Windows-DeviceSetupManager","Device container {31506435-56d6-11f1-a26a-806e6f6e6963} is queued for setup."
"09-06-2026 14:27:52","112","Information","Microsoft-Windows-DeviceSetupManager","Device container 'Tek Keyboard' ({8e7f0bdb-5917-11f1-a271-54582d32ed0c}) has been serviced, processed 2 tasks, and wrote 35 properties in 17 ms."
"09-06-2026 14:27:52","30","Information","Microsoft-Windows-DeviceSetupManager","Device container {fbe0ca52-57e9-11f1-a271-54582d32ed0c} is queued for setup."
"09-06-2026 14:27:52","112","Information","Microsoft-Windows-DeviceSetupManager","Device container 'Tek Keyboard' ({3eddb734-6333-11f1-a277-54582d32ed0c}) has been serviced, processed 2 tasks, and wrote 35 properties in 23 ms."
"09-06-2026 14:27:52","30","Information","Microsoft-Windows-DeviceSetupManager","Device container {a86c545f-5e3d-11f1-a274-54582d32ed0c} is queued for setup."
"09-06-2026 14:27:52","30","Information","Microsoft-Windows-DeviceSetupManager","Device container {f7cf4b6c-3cfb-5309-8995-fb3d888c7e1e} is queued for setup."
"09-06-2026 14:27:52","30","Information","Microsoft-Windows-DeviceSetupManager","Device container {e5afc831-8d4b-5898-99c8-bc24c65ded28} is queued for setup."
"09-06-2026 14:27:52","190","Information","Microsoft-Windows-DeviceSetupManager","Property heuristics for device container 'Microsoft Print to PDF' ({d397268a-724c-b4ef-d641-c9234ba2948b}) completed in 18 ms."
"09-06-2026 14:27:52","190","Information","Microsoft-Windows-DeviceSetupManager","Property heuristics for device container 'Tek Keyboard' ({8e7f0bdb-5917-11f1-a271-54582d32ed0c}) completed in 13 ms."
"09-06-2026 14:27:52","190","Information","Microsoft-Windows-DeviceSetupManager","Property heuristics for device container 'Tek Keyboard' ({3eddb734-6333-11f1-a277-54582d32ed0c}) completed in 16 ms."
"09-06-2026 14:27:52","30","Information","Microsoft-Windows-DeviceSetupManager","Device container {00000000-0000-0000-ffff-ffffffffffff} is queued for setup."
