"20-07-2026 10:40:33","11010","Information","Microsoft-Windows-WLAN-AutoConfig","Wireless security started.

Network Adapter: Intel(R) Wi-Fi 7 BE201 320MHz
Interface GUID: {556d9bdf-d387-4ab9-be4c-a7e220faf218}
Local MAC Address: C0:A8:10:9D:15:AC
Network SSID: NIQ
BSS Type: Infrastructure
Authentication: WPA2-Enterprise
Encryption: AES-GCMP-128
FIPS Mode: Disabled
802.1x Enabled: Yes
"
"20-07-2026 10:40:33","11004","Information","Microsoft-Windows-WLAN-AutoConfig","Wireless security stopped.

Network Adapter: Intel(R) Wi-Fi 7 BE201 320MHz
Interface GUID: {556d9bdf-d387-4ab9-be4c-a7e220faf218}
Local MAC Address: C0:A8:10:9D:15:AC
Network SSID: NIQ
BSS Type: Infrastructure
Security Hint: The operation was successful.
"
"20-07-2026 10:38:52","11005","Information","Microsoft-Windows-WLAN-AutoConfig","Wireless security succeeded.

Network Adapter: Intel(R) Wi-Fi 7 BE201 320MHz
Interface GUID: {556d9bdf-d387-4ab9-be4c-a7e220faf218}
Local MAC Address: C0:A8:10:9D:15:AC
Network SSID: NIQ
BSS Type: Infrastructure
"
"20-07-2026 10:38:51","11010","Information","Microsoft-Windows-WLAN-AutoConfig","Wireless security started.

Network Adapter: Intel(R) Wi-Fi 7 BE201 320MHz
Interface GUID: {556d9bdf-d387-4ab9-be4c-a7e220faf218}
Local MAC Address: C0:A8:10:9D:15:AC
Network SSID: NIQ
BSS Type: Infrastructure
Authentication: WPA2-Enterprise
Encryption: AES-GCMP-128
FIPS Mode: Disabled
802.1x Enabled: Yes
"
"20-07-2026 10:38:51","11004","Information","Microsoft-Windows-WLAN-AutoConfig","Wireless security stopped.

Network Adapter: Intel(R) Wi-Fi 7 BE201 320MHz
Interface GUID: {556d9bdf-d387-4ab9-be4c-a7e220faf218}
Local MAC Address: C0:A8:10:9D:15:AC
Network SSID: NIQ
BSS Type: Infrastructure
Security Hint: The operation was successful.
"
"20-07-2026 10:33:05","11005","Information","Microsoft-Windows-WLAN-AutoConfig","Wireless security succeeded.

Network Adapter: Intel(R) Wi-Fi 7 BE201 320MHz
Interface GUID: {556d9bdf-d387-4ab9-be4c-a7e220faf218}
Local MAC Address: C0:A8:10:9D:15:AC
Network SSID: NIQ
BSS Type: Infrastructure
"
"20-07-2026 10:33:05","11010","Information","Microsoft-Windows-WLAN-AutoConfig","Wireless security started.

Network Adapter: Intel(R) Wi-Fi 7 BE201 320MHz
Interface GUID: {556d9bdf-d387-4ab9-be4c-a7e220faf218}
Local MAC Address: C0:A8:10:9D:15:AC
Network SSID: NIQ
BSS Type: Infrastructure
Authentication: WPA2-Enterprise
Encryption: AES-GCMP-128
FIPS Mode: Disabled
802.1x Enabled: Yes
"
"20-07-2026 10:33:05","11004","Information","Microsoft-Windows-WLAN-AutoConfig","Wireless security stopped.

Network Adapter: Intel(R) Wi-Fi 7 BE201 320MHz
Interface GUID: {556d9bdf-d387-4ab9-be4c-a7e220faf218}
Local MAC Address: C0:A8:10:9D:15:AC
Network SSID: NIQ
BSS Type: Infrastructure
Security Hint: The operation was successful.
"
"20-07-2026 10:23:49","11005","Information","Microsoft-Windows-WLAN-AutoConfig","Wireless security succeeded.

Network Adapter: Intel(R) Wi-Fi 7 BE201 320MHz
Interface GUID: {556d9bdf-d387-4ab9-be4c-a7e220faf218}
Local MAC Address: C0:A8:10:9D:15:AC
Network SSID: NIQ
BSS Type: Infrastructure
"
"20-07-2026 10:23:49","11010","Information","Microsoft-Windows-WLAN-AutoConfig","Wireless security started.

Network Adapter: Intel(R) Wi-Fi 7 BE201 320MHz
Interface GUID: {556d9bdf-d387-4ab9-be4c-a7e220faf218}
Local MAC Address: C0:A8:10:9D:15:AC
Network SSID: NIQ
BSS Type: Infrastructure
Authentication: WPA2-Enterprise
Encryption: AES-GCMP-128
FIPS Mode: Disabled
802.1x Enabled: Yes
"
"20-07-2026 10:23:49","11004","Information","Microsoft-Windows-WLAN-AutoConfig","Wireless security stopped.

Network Adapter: Intel(R) Wi-Fi 7 BE201 320MHz
Interface GUID: {556d9bdf-d387-4ab9-be4c-a7e220faf218}
Local MAC Address: C0:A8:10:9D:15:AC
Network SSID: NIQ
BSS Type: Infrastructure
Security Hint: The operation was successful.
"
"20-07-2026 10:20:34","11005","Information","Microsoft-Windows-WLAN-AutoConfig","Wireless security succeeded.

Network Adapter: Intel(R) Wi-Fi 7 BE201 320MHz
Interface GUID: {556d9bdf-d387-4ab9-be4c-a7e220faf218}
Local MAC Address: C0:A8:10:9D:15:AC
Network SSID: NIQ
BSS Type: Infrastructure
"
"20-07-2026 10:20:34","11010","Information","Microsoft-Windows-WLAN-AutoConfig","Wireless security started.

Network Adapter: Intel(R) Wi-Fi 7 BE201 320MHz
Interface GUID: {556d9bdf-d387-4ab9-be4c-a7e220faf218}
Local MAC Address: C0:A8:10:9D:15:AC
Network SSID: NIQ
BSS Type: Infrastructure
Authentication: WPA2-Enterprise
Encryption: AES-GCMP-128
FIPS Mode: Disabled
802.1x Enabled: Yes
"
"20-07-2026 10:20:34","11004","Information","Microsoft-Windows-WLAN-AutoConfig","Wireless security stopped.

Network Adapter: Intel(R) Wi-Fi 7 BE201 320MHz
Interface GUID: {556d9bdf-d387-4ab9-be4c-a7e220faf218}
Local MAC Address: C0:A8:10:9D:15:AC
Network SSID: NIQ
BSS Type: Infrastructure
Security Hint: The operation was successful.
"
"20-07-2026 10:19:28","11005","Information","Microsoft-Windows-WLAN-AutoConfig","Wireless security succeeded.

Network Adapter: Intel(R) Wi-Fi 7 BE201 320MHz
Interface GUID: {556d9bdf-d387-4ab9-be4c-a7e220faf218}
Local MAC Address: C0:A8:10:9D:15:AC
Network SSID: NIQ
BSS Type: Infrastructure
"
"20-07-2026 10:19:28","11010","Information","Microsoft-Windows-WLAN-AutoConfig","Wireless security started.

Network Adapter: Intel(R) Wi-Fi 7 BE201 320MHz
Interface GUID: {556d9bdf-d387-4ab9-be4c-a7e220faf218}
Local MAC Address: C0:A8:10:9D:15:AC
Network SSID: NIQ
BSS Type: Infrastructure
Authentication: WPA2-Enterprise
Encryption: AES-GCMP-128
FIPS Mode: Disabled
802.1x Enabled: Yes
"
"20-07-2026 10:19:28","11004","Information","Microsoft-Windows-WLAN-AutoConfig","Wireless security stopped.

Network Adapter: Intel(R) Wi-Fi 7 BE201 320MHz
Interface GUID: {556d9bdf-d387-4ab9-be4c-a7e220faf218}
Local MAC Address: C0:A8:10:9D:15:AC
Network SSID: NIQ
BSS Type: Infrastructure
Security Hint: The operation was successful.
"
"20-07-2026 10:03:30","11005","Information","Microsoft-Windows-WLAN-AutoConfig","Wireless security succeeded.

Network Adapter: Intel(R) Wi-Fi 7 BE201 320MHz
Interface GUID: {556d9bdf-d387-4ab9-be4c-a7e220faf218}
Local MAC Address: C0:A8:10:9D:15:AC
Network SSID: NIQ
BSS Type: Infrastructure
"
"20-07-2026 10:03:30","11010","Information","Microsoft-Windows-WLAN-AutoConfig","Wireless security started.

Network Adapter: Intel(R) Wi-Fi 7 BE201 320MHz
Interface GUID: {556d9bdf-d387-4ab9-be4c-a7e220faf218}
Local MAC Address: C0:A8:10:9D:15:AC
Network SSID: NIQ
BSS Type: Infrastructure
Authentication: WPA2-Enterprise
Encryption: AES-GCMP-128
FIPS Mode: Disabled
802.1x Enabled: Yes
"
"20-07-2026 10:03:29","11004","Information","Microsoft-Windows-WLAN-AutoConfig","Wireless security stopped.

Network Adapter: Intel(R) Wi-Fi 7 BE201 320MHz
Interface GUID: {556d9bdf-d387-4ab9-be4c-a7e220faf218}
Local MAC Address: C0:A8:10:9D:15:AC
Network SSID: NIQ
BSS Type: Infrastructure
Security Hint: The operation was successful.
"
"20-07-2026 09:59:00","8001","Information","Microsoft-Windows-WLAN-AutoConfig","WLAN AutoConfig service has successfully connected to a wireless network.

Network Adapter: Intel(R) Wi-Fi 7 BE201 320MHz
Interface GUID: {556d9bdf-d387-4ab9-be4c-a7e220faf218}
Connection Mode: Automatic connection with a profile
Profile Name: NIQ
SSID: NIQ
BSS Type: Infrastructure
PHY Type: 802.11ax
Authentication: WPA2-Enterprise
Encryption: AES-CCMP
802.1x Enabled: Yes
Hidden: true
"
"20-07-2026 09:59:00","11005","Information","Microsoft-Windows-WLAN-AutoConfig","Wireless security succeeded.

Network Adapter: Intel(R) Wi-Fi 7 BE201 320MHz
Interface GUID: {556d9bdf-d387-4ab9-be4c-a7e220faf218}
Local MAC Address: C0:A8:10:9D:15:AC
Network SSID: NIQ
BSS Type: Infrastructure
"
"20-07-2026 09:59:00","12012","Information","Microsoft-Windows-WLAN-AutoConfig","Wireless 802.1x authentication succeeded.

Network Adapter: Intel(R) Wi-Fi 7 BE201 320MHz
Interface GUID: {556d9bdf-d387-4ab9-be4c-a7e220faf218}
Local MAC Address: C0:A8:10:9D:15:AC
Network SSID: NIQ
BSS Type: Infrastructure
Identity: host/LIND55MBVC4.enterprisenet.org
User: 
Domain: 
"
"20-07-2026 09:58:57","12011","Information","Microsoft-Windows-WLAN-AutoConfig","Wireless 802.1x authentication started.

Network Adapter: Intel(R) Wi-Fi 7 BE201 320MHz
Interface GUID: {556d9bdf-d387-4ab9-be4c-a7e220faf218}
Local MAC Address: C0:A8:10:9D:15:AC
Network SSID: NIQ
BSS Type: Infrastructure
Eap Information: Type 13, Vendor ID 0, Vendor Type 0, Author ID 0
"
"20-07-2026 09:58:53","11010","Information","Microsoft-Windows-WLAN-AutoConfig","Wireless security started.

Network Adapter: Intel(R) Wi-Fi 7 BE201 320MHz
Interface GUID: {556d9bdf-d387-4ab9-be4c-a7e220faf218}
Local MAC Address: C0:A8:10:9D:15:AC
Network SSID: NIQ
BSS Type: Infrastructure
Authentication: WPA2-Enterprise
Encryption: AES-GCMP-128
FIPS Mode: Disabled
802.1x Enabled: Yes
"
"20-07-2026 09:58:53","11001","Information","Microsoft-Windows-WLAN-AutoConfig","Wireless network association succeeded.

Network Adapter: Intel(R) Wi-Fi 7 BE201 320MHz
Interface GUID: {556d9bdf-d387-4ab9-be4c-a7e220faf218}
Local MAC Address: C0:A8:10:9D:15:AC
Network SSID: NIQ
BSS Type: Infrastructure
Management Frame Protection Enabled: 0x400000000
"
"20-07-2026 09:58:53","11000","Information","Microsoft-Windows-WLAN-AutoConfig","Wireless network association started.

Network Adapter: Intel(R) Wi-Fi 7 BE201 320MHz
Interface GUID: {556d9bdf-d387-4ab9-be4c-a7e220faf218}
Local MAC Address: C0:A8:10:9D:15:AC
Network SSID: NIQ
BSS Type: Infrastructure
Authentication: WPA2-Enterprise
Encryption: AES-GCMP-128
802.1X Enabled: Yes
"
"20-07-2026 09:58:53","8000","Information","Microsoft-Windows-WLAN-AutoConfig","WLAN AutoConfig service started a connection to a wireless network.

Network Adapter: Intel(R) Wi-Fi 7 BE201 320MHz
Interface GUID: {556d9bdf-d387-4ab9-be4c-a7e220faf218}
Connection Mode: Automatic connection with a profile
Profile Name: NIQ
SSID: NIQ
BSS Type: Infrastructure
"
"20-07-2026 09:58:50","8003","Information","Microsoft-Windows-WLAN-AutoConfig","WLAN AutoConfig service has successfully disconnected from a wireless network.

Network Adapter: Intel(R) Wi-Fi 7 BE201 320MHz
Interface GUID: {556d9bdf-d387-4ab9-be4c-a7e220faf218}
Connection Mode: Automatic connection with a profile
Profile Name: Cressida_5G
SSID: Cressida_5G
BSS Type: Infrastructure
Reason: The network is disconnected by the driver.
"
"16-07-2026 03:02:59","11004","Information","Microsoft-Windows-WLAN-AutoConfig","Wireless security stopped.

Network Adapter: Intel(R) Wi-Fi 7 BE201 320MHz
Interface GUID: {556d9bdf-d387-4ab9-be4c-a7e220faf218}
Local MAC Address: C0:A8:10:9D:15:AC
Network SSID: Cressida_5G
BSS Type: Infrastructure
Security Hint: The operation was successful.
"
"16-07-2026 03:02:50","8001","Information","Microsoft-Windows-WLAN-AutoConfig","WLAN AutoConfig service has successfully connected to a wireless network.

Network Adapter: Intel(R) Wi-Fi 7 BE201 320MHz
Interface GUID: {556d9bdf-d387-4ab9-be4c-a7e220faf218}
Connection Mode: Automatic connection with a profile
Profile Name: Cressida_5G
SSID: Cressida_5G
BSS Type: Infrastructure
PHY Type: 802.11ac
Authentication: WPA2-Personal
Encryption: AES-CCMP
802.1x Enabled: No
Hidden: false
"
"16-07-2026 03:02:49","11005","Information","Microsoft-Windows-WLAN-AutoConfig","Wireless security succeeded.

Network Adapter: Intel(R) Wi-Fi 7 BE201 320MHz
Interface GUID: {556d9bdf-d387-4ab9-be4c-a7e220faf218}
Local MAC Address: C0:A8:10:9D:15:AC
Network SSID: Cressida_5G
BSS Type: Infrastructure
"
"16-07-2026 03:02:49","11010","Information","Microsoft-Windows-WLAN-AutoConfig","Wireless security started.

Network Adapter: Intel(R) Wi-Fi 7 BE201 320MHz
Interface GUID: {556d9bdf-d387-4ab9-be4c-a7e220faf218}
Local MAC Address: C0:A8:10:9D:15:AC
Network SSID: Cressida_5G
BSS Type: Infrastructure
Authentication: WPA3-Personal
Encryption: AES-GCMP-256
FIPS Mode: Disabled
802.1x Enabled: No
"
"16-07-2026 03:02:49","11001","Information","Microsoft-Windows-WLAN-AutoConfig","Wireless network association succeeded.

Network Adapter: Intel(R) Wi-Fi 7 BE201 320MHz
Interface GUID: {556d9bdf-d387-4ab9-be4c-a7e220faf218}
Local MAC Address: C0:A8:10:9D:15:AC
Network SSID: Cressida_5G
BSS Type: Infrastructure
Management Frame Protection Enabled: 0x300000000
"
"16-07-2026 03:02:49","11000","Information","Microsoft-Windows-WLAN-AutoConfig","Wireless network association started.

Network Adapter: Intel(R) Wi-Fi 7 BE201 320MHz
Interface GUID: {556d9bdf-d387-4ab9-be4c-a7e220faf218}
Local MAC Address: C0:A8:10:9D:15:AC
Network SSID: Cressida_5G
BSS Type: Infrastructure
Authentication: WPA3-Personal
Encryption: AES-GCMP-256
802.1X Enabled: No
"
"16-07-2026 03:02:49","8000","Information","Microsoft-Windows-WLAN-AutoConfig","WLAN AutoConfig service started a connection to a wireless network.

Network Adapter: Intel(R) Wi-Fi 7 BE201 320MHz
Interface GUID: {556d9bdf-d387-4ab9-be4c-a7e220faf218}
Connection Mode: Automatic connection with a profile
Profile Name: Cressida_5G
SSID: Cressida_5G
BSS Type: Infrastructure
"
"16-07-2026 03:02:46","8002","Error","Microsoft-Windows-WLAN-AutoConfig","WLAN AutoConfig service failed to connect to a wireless network.

Network Adapter: Intel(R) Wi-Fi 7 BE201 320MHz
Interface GUID: {556d9bdf-d387-4ab9-be4c-a7e220faf218}
Connection Mode: Automatic connection with a profile
Profile Name: NIQ
SSID: NIQ
BSS Type: Infrastructure
Failure Reason:Failed to connect because no connectable Access Point was visible
RSSI: 255
"
"16-07-2026 03:02:44","11000","Information","Microsoft-Windows-WLAN-AutoConfig","Wireless network association started.

Network Adapter: Intel(R) Wi-Fi 7 BE201 320MHz
Interface GUID: {556d9bdf-d387-4ab9-be4c-a7e220faf218}
Local MAC Address: C0:A8:10:9D:15:AC
Network SSID: NIQ
BSS Type: Infrastructure
Authentication: WPA2-Enterprise
Encryption: AES-GCMP-128
802.1X Enabled: Yes
"
"16-07-2026 03:02:44","8000","Information","Microsoft-Windows-WLAN-AutoConfig","WLAN AutoConfig service started a connection to a wireless network.

Network Adapter: Intel(R) Wi-Fi 7 BE201 320MHz
Interface GUID: {556d9bdf-d387-4ab9-be4c-a7e220faf218}
Connection Mode: Automatic connection with a profile
Profile Name: NIQ
SSID: NIQ
BSS Type: Infrastructure
"
"16-07-2026 03:02:44","8011","Information","Microsoft-Windows-WLAN-AutoConfig","Connect to last good network 

Network Adapter: Intel(R) Wi-Fi 7 BE201 320MHz
Interface GUID: {556d9bdf-d387-4ab9-be4c-a7e220faf218}
 Profile Name: NIQ
SSID: NIQ
BSS type: infrastructure
"
"15-07-2026 18:02:34","8003","Information","Microsoft-Windows-WLAN-AutoConfig","WLAN AutoConfig service has successfully disconnected from a wireless network.

Network Adapter: Intel(R) Wi-Fi 7 BE201 320MHz
Interface GUID: {556d9bdf-d387-4ab9-be4c-a7e220faf218}
Connection Mode: Automatic connection with a profile
Profile Name: NIQ
SSID: NIQ
BSS Type: Infrastructure
Reason: The network is disconnected by the driver.
"
"15-07-2026 18:02:30","11004","Information","Microsoft-Windows-WLAN-AutoConfig","Wireless security stopped.

Network Adapter: Intel(R) Wi-Fi 7 BE201 320MHz
Interface GUID: {556d9bdf-d387-4ab9-be4c-a7e220faf218}
Local MAC Address: C0:A8:10:9D:15:AC
Network SSID: NIQ
BSS Type: Infrastructure
Security Hint: The operation was successful.
"
"15-07-2026 18:02:28","11010","Information","Microsoft-Windows-WLAN-AutoConfig","Wireless security started.

Network Adapter: Intel(R) Wi-Fi 7 BE201 320MHz
Interface GUID: {556d9bdf-d387-4ab9-be4c-a7e220faf218}
Local MAC Address: C0:A8:10:9D:15:AC
Network SSID: NIQ
BSS Type: Infrastructure
Authentication: WPA2-Enterprise
Encryption: AES-GCMP-128
FIPS Mode: Disabled
802.1x Enabled: Yes
"
"15-07-2026 18:02:23","11004","Information","Microsoft-Windows-WLAN-AutoConfig","Wireless security stopped.

Network Adapter: Intel(R) Wi-Fi 7 BE201 320MHz
Interface GUID: {556d9bdf-d387-4ab9-be4c-a7e220faf218}
Local MAC Address: C0:A8:10:9D:15:AC
Network SSID: NIQ
BSS Type: Infrastructure
Security Hint: The operation was successful.
"
"15-07-2026 18:00:11","11005","Information","Microsoft-Windows-WLAN-AutoConfig","Wireless security succeeded.

Network Adapter: Intel(R) Wi-Fi 7 BE201 320MHz
Interface GUID: {556d9bdf-d387-4ab9-be4c-a7e220faf218}
Local MAC Address: C0:A8:10:9D:15:AC
Network SSID: NIQ
BSS Type: Infrastructure
"
"15-07-2026 18:00:11","11010","Information","Microsoft-Windows-WLAN-AutoConfig","Wireless security started.

Network Adapter: Intel(R) Wi-Fi 7 BE201 320MHz
Interface GUID: {556d9bdf-d387-4ab9-be4c-a7e220faf218}
Local MAC Address: C0:A8:10:9D:15:AC
Network SSID: NIQ
BSS Type: Infrastructure
Authentication: WPA2-Enterprise
Encryption: AES-GCMP-128
FIPS Mode: Disabled
802.1x Enabled: Yes
"
"15-07-2026 18:00:11","11004","Information","Microsoft-Windows-WLAN-AutoConfig","Wireless security stopped.

Network Adapter: Intel(R) Wi-Fi 7 BE201 320MHz
Interface GUID: {556d9bdf-d387-4ab9-be4c-a7e220faf218}
Local MAC Address: C0:A8:10:9D:15:AC
Network SSID: NIQ
BSS Type: Infrastructure
Security Hint: The operation was successful.
"
"15-07-2026 14:36:54","11005","Information","Microsoft-Windows-WLAN-AutoConfig","Wireless security succeeded.

Network Adapter: Intel(R) Wi-Fi 7 BE201 320MHz
Interface GUID: {556d9bdf-d387-4ab9-be4c-a7e220faf218}
Local MAC Address: C0:A8:10:9D:15:AC
Network SSID: NIQ
BSS Type: Infrastructure
"
"15-07-2026 14:36:54","11010","Information","Microsoft-Windows-WLAN-AutoConfig","Wireless security started.

Network Adapter: Intel(R) Wi-Fi 7 BE201 320MHz
Interface GUID: {556d9bdf-d387-4ab9-be4c-a7e220faf218}
Local MAC Address: C0:A8:10:9D:15:AC
Network SSID: NIQ
BSS Type: Infrastructure
Authentication: WPA2-Enterprise
Encryption: AES-GCMP-128
FIPS Mode: Disabled
802.1x Enabled: Yes
"
"15-07-2026 14:36:54","11004","Information","Microsoft-Windows-WLAN-AutoConfig","Wireless security stopped.

Network Adapter: Intel(R) Wi-Fi 7 BE201 320MHz
Interface GUID: {556d9bdf-d387-4ab9-be4c-a7e220faf218}
Local MAC Address: C0:A8:10:9D:15:AC
Network SSID: NIQ
BSS Type: Infrastructure
Security Hint: The operation was successful.
"
"15-07-2026 14:22:33","11005","Information","Microsoft-Windows-WLAN-AutoConfig","Wireless security succeeded.

Network Adapter: Intel(R) Wi-Fi 7 BE201 320MHz
Interface GUID: {556d9bdf-d387-4ab9-be4c-a7e220faf218}
Local MAC Address: C0:A8:10:9D:15:AC
Network SSID: NIQ
BSS Type: Infrastructure
"
"15-07-2026 14:22:33","11010","Information","Microsoft-Windows-WLAN-AutoConfig","Wireless security started.

Network Adapter: Intel(R) Wi-Fi 7 BE201 320MHz
Interface GUID: {556d9bdf-d387-4ab9-be4c-a7e220faf218}
Local MAC Address: C0:A8:10:9D:15:AC
Network SSID: NIQ
BSS Type: Infrastructure
Authentication: WPA2-Enterprise
Encryption: AES-GCMP-128
FIPS Mode: Disabled
802.1x Enabled: Yes
"
"15-07-2026 14:22:33","11004","Information","Microsoft-Windows-WLAN-AutoConfig","Wireless security stopped.

Network Adapter: Intel(R) Wi-Fi 7 BE201 320MHz
Interface GUID: {556d9bdf-d387-4ab9-be4c-a7e220faf218}
Local MAC Address: C0:A8:10:9D:15:AC
Network SSID: NIQ
BSS Type: Infrastructure
Security Hint: The operation was successful.
"
"15-07-2026 14:20:23","11005","Information","Microsoft-Windows-WLAN-AutoConfig","Wireless security succeeded.

Network Adapter: Intel(R) Wi-Fi 7 BE201 320MHz
Interface GUID: {556d9bdf-d387-4ab9-be4c-a7e220faf218}
Local MAC Address: C0:A8:10:9D:15:AC
Network SSID: NIQ
BSS Type: Infrastructure
"
"15-07-2026 14:20:23","11010","Information","Microsoft-Windows-WLAN-AutoConfig","Wireless security started.

Network Adapter: Intel(R) Wi-Fi 7 BE201 320MHz
Interface GUID: {556d9bdf-d387-4ab9-be4c-a7e220faf218}
Local MAC Address: C0:A8:10:9D:15:AC
Network SSID: NIQ
BSS Type: Infrastructure
Authentication: WPA2-Enterprise
Encryption: AES-GCMP-128
FIPS Mode: Disabled
802.1x Enabled: Yes
"
"15-07-2026 14:20:23","11004","Information","Microsoft-Windows-WLAN-AutoConfig","Wireless security stopped.

Network Adapter: Intel(R) Wi-Fi 7 BE201 320MHz
Interface GUID: {556d9bdf-d387-4ab9-be4c-a7e220faf218}
Local MAC Address: C0:A8:10:9D:15:AC
Network SSID: NIQ
BSS Type: Infrastructure
Security Hint: The operation was successful.
"
"15-07-2026 13:49:57","11005","Information","Microsoft-Windows-WLAN-AutoConfig","Wireless security succeeded.

Network Adapter: Intel(R) Wi-Fi 7 BE201 320MHz
Interface GUID: {556d9bdf-d387-4ab9-be4c-a7e220faf218}
Local MAC Address: C0:A8:10:9D:15:AC
Network SSID: NIQ
BSS Type: Infrastructure
"
"15-07-2026 13:49:57","11010","Information","Microsoft-Windows-WLAN-AutoConfig","Wireless security started.

Network Adapter: Intel(R) Wi-Fi 7 BE201 320MHz
Interface GUID: {556d9bdf-d387-4ab9-be4c-a7e220faf218}
Local MAC Address: C0:A8:10:9D:15:AC
Network SSID: NIQ
BSS Type: Infrastructure
Authentication: WPA2-Enterprise
Encryption: AES-GCMP-128
FIPS Mode: Disabled
802.1x Enabled: Yes
"
"15-07-2026 13:49:57","11004","Information","Microsoft-Windows-WLAN-AutoConfig","Wireless security stopped.

Network Adapter: Intel(R) Wi-Fi 7 BE201 320MHz
Interface GUID: {556d9bdf-d387-4ab9-be4c-a7e220faf218}
Local MAC Address: C0:A8:10:9D:15:AC
Network SSID: NIQ
BSS Type: Infrastructure
Security Hint: The operation was successful.
"
"15-07-2026 13:48:51","11005","Information","Microsoft-Windows-WLAN-AutoConfig","Wireless security succeeded.

Network Adapter: Intel(R) Wi-Fi 7 BE201 320MHz
Interface GUID: {556d9bdf-d387-4ab9-be4c-a7e220faf218}
Local MAC Address: C0:A8:10:9D:15:AC
Network SSID: NIQ
BSS Type: Infrastructure
"
"15-07-2026 13:48:51","11010","Information","Microsoft-Windows-WLAN-AutoConfig","Wireless security started.

Network Adapter: Intel(R) Wi-Fi 7 BE201 320MHz
Interface GUID: {556d9bdf-d387-4ab9-be4c-a7e220faf218}
Local MAC Address: C0:A8:10:9D:15:AC
Network SSID: NIQ
BSS Type: Infrastructure
Authentication: WPA2-Enterprise
Encryption: AES-GCMP-128
FIPS Mode: Disabled
802.1x Enabled: Yes
"
"15-07-2026 13:48:51","11004","Information","Microsoft-Windows-WLAN-AutoConfig","Wireless security stopped.

Network Adapter: Intel(R) Wi-Fi 7 BE201 320MHz
Interface GUID: {556d9bdf-d387-4ab9-be4c-a7e220faf218}
Local MAC Address: C0:A8:10:9D:15:AC
Network SSID: NIQ
BSS Type: Infrastructure
Security Hint: The operation was successful.
"
"15-07-2026 13:47:59","11005","Information","Microsoft-Windows-WLAN-AutoConfig","Wireless security succeeded.

Network Adapter: Intel(R) Wi-Fi 7 BE201 320MHz
Interface GUID: {556d9bdf-d387-4ab9-be4c-a7e220faf218}
Local MAC Address: C0:A8:10:9D:15:AC
Network SSID: NIQ
BSS Type: Infrastructure
"
"15-07-2026 13:47:59","11010","Information","Microsoft-Windows-WLAN-AutoConfig","Wireless security started.

Network Adapter: Intel(R) Wi-Fi 7 BE201 320MHz
Interface GUID: {556d9bdf-d387-4ab9-be4c-a7e220faf218}
Local MAC Address: C0:A8:10:9D:15:AC
Network SSID: NIQ
BSS Type: Infrastructure
Authentication: WPA2-Enterprise
Encryption: AES-GCMP-128
FIPS Mode: Disabled
802.1x Enabled: Yes
"
"15-07-2026 13:47:59","11004","Information","Microsoft-Windows-WLAN-AutoConfig","Wireless security stopped.

Network Adapter: Intel(R) Wi-Fi 7 BE201 320MHz
Interface GUID: {556d9bdf-d387-4ab9-be4c-a7e220faf218}
Local MAC Address: C0:A8:10:9D:15:AC
Network SSID: NIQ
BSS Type: Infrastructure
Security Hint: The operation was successful.
"
"15-07-2026 13:47:21","11005","Information","Microsoft-Windows-WLAN-AutoConfig","Wireless security succeeded.

Network Adapter: Intel(R) Wi-Fi 7 BE201 320MHz
Interface GUID: {556d9bdf-d387-4ab9-be4c-a7e220faf218}
Local MAC Address: C0:A8:10:9D:15:AC
Network SSID: NIQ
BSS Type: Infrastructure
"
"15-07-2026 13:47:20","11010","Information","Microsoft-Windows-WLAN-AutoConfig","Wireless security started.

Network Adapter: Intel(R) Wi-Fi 7 BE201 320MHz
Interface GUID: {556d9bdf-d387-4ab9-be4c-a7e220faf218}
Local MAC Address: C0:A8:10:9D:15:AC
Network SSID: NIQ
BSS Type: Infrastructure
Authentication: WPA2-Enterprise
Encryption: AES-GCMP-128
FIPS Mode: Disabled
802.1x Enabled: Yes
"
"15-07-2026 13:47:20","11004","Information","Microsoft-Windows-WLAN-AutoConfig","Wireless security stopped.

Network Adapter: Intel(R) Wi-Fi 7 BE201 320MHz
Interface GUID: {556d9bdf-d387-4ab9-be4c-a7e220faf218}
Local MAC Address: C0:A8:10:9D:15:AC
Network SSID: NIQ
BSS Type: Infrastructure
Security Hint: The operation was successful.
"
"15-07-2026 13:43:56","11005","Information","Microsoft-Windows-WLAN-AutoConfig","Wireless security succeeded.

Network Adapter: Intel(R) Wi-Fi 7 BE201 320MHz
Interface GUID: {556d9bdf-d387-4ab9-be4c-a7e220faf218}
Local MAC Address: C0:A8:10:9D:15:AC
Network SSID: NIQ
BSS Type: Infrastructure
"
"15-07-2026 13:43:56","11010","Information","Microsoft-Windows-WLAN-AutoConfig","Wireless security started.

Network Adapter: Intel(R) Wi-Fi 7 BE201 320MHz
Interface GUID: {556d9bdf-d387-4ab9-be4c-a7e220faf218}
Local MAC Address: C0:A8:10:9D:15:AC
Network SSID: NIQ
BSS Type: Infrastructure
Authentication: WPA2-Enterprise
Encryption: AES-GCMP-128
FIPS Mode: Disabled
802.1x Enabled: Yes
"
"15-07-2026 13:43:56","11004","Information","Microsoft-Windows-WLAN-AutoConfig","Wireless security stopped.

Network Adapter: Intel(R) Wi-Fi 7 BE201 320MHz
Interface GUID: {556d9bdf-d387-4ab9-be4c-a7e220faf218}
Local MAC Address: C0:A8:10:9D:15:AC
Network SSID: NIQ
BSS Type: Infrastructure
Security Hint: The operation was successful.
"
"15-07-2026 13:42:50","11005","Information","Microsoft-Windows-WLAN-AutoConfig","Wireless security succeeded.

Network Adapter: Intel(R) Wi-Fi 7 BE201 320MHz
Interface GUID: {556d9bdf-d387-4ab9-be4c-a7e220faf218}
Local MAC Address: C0:A8:10:9D:15:AC
Network SSID: NIQ
BSS Type: Infrastructure
"
"15-07-2026 13:42:50","11010","Information","Microsoft-Windows-WLAN-AutoConfig","Wireless security started.

Network Adapter: Intel(R) Wi-Fi 7 BE201 320MHz
Interface GUID: {556d9bdf-d387-4ab9-be4c-a7e220faf218}
Local MAC Address: C0:A8:10:9D:15:AC
Network SSID: NIQ
BSS Type: Infrastructure
Authentication: WPA2-Enterprise
Encryption: AES-GCMP-128
FIPS Mode: Disabled
802.1x Enabled: Yes
"
"15-07-2026 13:42:50","11004","Information","Microsoft-Windows-WLAN-AutoConfig","Wireless security stopped.

Network Adapter: Intel(R) Wi-Fi 7 BE201 320MHz
Interface GUID: {556d9bdf-d387-4ab9-be4c-a7e220faf218}
Local MAC Address: C0:A8:10:9D:15:AC
Network SSID: NIQ
BSS Type: Infrastructure
Security Hint: The operation was successful.
"
"15-07-2026 12:50:54","11005","Information","Microsoft-Windows-WLAN-AutoConfig","Wireless security succeeded.

Network Adapter: Intel(R) Wi-Fi 7 BE201 320MHz
Interface GUID: {556d9bdf-d387-4ab9-be4c-a7e220faf218}
Local MAC Address: C0:A8:10:9D:15:AC
Network SSID: NIQ
BSS Type: Infrastructure
"
"15-07-2026 12:50:54","11010","Information","Microsoft-Windows-WLAN-AutoConfig","Wireless security started.

Network Adapter: Intel(R) Wi-Fi 7 BE201 320MHz
Interface GUID: {556d9bdf-d387-4ab9-be4c-a7e220faf218}
Local MAC Address: C0:A8:10:9D:15:AC
Network SSID: NIQ
BSS Type: Infrastructure
Authentication: WPA2-Enterprise
Encryption: AES-GCMP-128
FIPS Mode: Disabled
802.1x Enabled: Yes
"
"15-07-2026 12:50:54","11004","Information","Microsoft-Windows-WLAN-AutoConfig","Wireless security stopped.

Network Adapter: Intel(R) Wi-Fi 7 BE201 320MHz
Interface GUID: {556d9bdf-d387-4ab9-be4c-a7e220faf218}
Local MAC Address: C0:A8:10:9D:15:AC
Network SSID: NIQ
BSS Type: Infrastructure
Security Hint: The operation was successful.
"
"15-07-2026 12:45:20","11005","Information","Microsoft-Windows-WLAN-AutoConfig","Wireless security succeeded.

Network Adapter: Intel(R) Wi-Fi 7 BE201 320MHz
Interface GUID: {556d9bdf-d387-4ab9-be4c-a7e220faf218}
Local MAC Address: C0:A8:10:9D:15:AC
Network SSID: NIQ
BSS Type: Infrastructure
"
"15-07-2026 12:45:20","11010","Information","Microsoft-Windows-WLAN-AutoConfig","Wireless security started.

Network Adapter: Intel(R) Wi-Fi 7 BE201 320MHz
Interface GUID: {556d9bdf-d387-4ab9-be4c-a7e220faf218}
Local MAC Address: C0:A8:10:9D:15:AC
Network SSID: NIQ
BSS Type: Infrastructure
Authentication: WPA2-Enterprise
Encryption: AES-GCMP-128
FIPS Mode: Disabled
802.1x Enabled: Yes
"
"15-07-2026 12:45:20","11004","Information","Microsoft-Windows-WLAN-AutoConfig","Wireless security stopped.

Network Adapter: Intel(R) Wi-Fi 7 BE201 320MHz
Interface GUID: {556d9bdf-d387-4ab9-be4c-a7e220faf218}
Local MAC Address: C0:A8:10:9D:15:AC
Network SSID: NIQ
BSS Type: Infrastructure
Security Hint: The operation was successful.
"
"15-07-2026 12:43:00","11005","Information","Microsoft-Windows-WLAN-AutoConfig","Wireless security succeeded.

Network Adapter: Intel(R) Wi-Fi 7 BE201 320MHz
Interface GUID: {556d9bdf-d387-4ab9-be4c-a7e220faf218}
Local MAC Address: C0:A8:10:9D:15:AC
Network SSID: NIQ
BSS Type: Infrastructure
"
"15-07-2026 12:43:00","11010","Information","Microsoft-Windows-WLAN-AutoConfig","Wireless security started.

Network Adapter: Intel(R) Wi-Fi 7 BE201 320MHz
Interface GUID: {556d9bdf-d387-4ab9-be4c-a7e220faf218}
Local MAC Address: C0:A8:10:9D:15:AC
Network SSID: NIQ
BSS Type: Infrastructure
Authentication: WPA2-Enterprise
Encryption: AES-GCMP-128
FIPS Mode: Disabled
802.1x Enabled: Yes
"
"15-07-2026 12:43:00","11004","Information","Microsoft-Windows-WLAN-AutoConfig","Wireless security stopped.

Network Adapter: Intel(R) Wi-Fi 7 BE201 320MHz
Interface GUID: {556d9bdf-d387-4ab9-be4c-a7e220faf218}
Local MAC Address: C0:A8:10:9D:15:AC
Network SSID: NIQ
BSS Type: Infrastructure
Security Hint: The operation was successful.
"
"15-07-2026 11:12:34","11005","Information","Microsoft-Windows-WLAN-AutoConfig","Wireless security succeeded.

Network Adapter: Intel(R) Wi-Fi 7 BE201 320MHz
Interface GUID: {556d9bdf-d387-4ab9-be4c-a7e220faf218}
Local MAC Address: C0:A8:10:9D:15:AC
Network SSID: NIQ
BSS Type: Infrastructure
"
"15-07-2026 11:12:34","11010","Information","Microsoft-Windows-WLAN-AutoConfig","Wireless security started.

Network Adapter: Intel(R) Wi-Fi 7 BE201 320MHz
Interface GUID: {556d9bdf-d387-4ab9-be4c-a7e220faf218}
Local MAC Address: C0:A8:10:9D:15:AC
Network SSID: NIQ
BSS Type: Infrastructure
Authentication: WPA2-Enterprise
Encryption: AES-GCMP-128
FIPS Mode: Disabled
802.1x Enabled: Yes
"
"15-07-2026 11:12:34","11004","Information","Microsoft-Windows-WLAN-AutoConfig","Wireless security stopped.

Network Adapter: Intel(R) Wi-Fi 7 BE201 320MHz
Interface GUID: {556d9bdf-d387-4ab9-be4c-a7e220faf218}
Local MAC Address: C0:A8:10:9D:15:AC
Network SSID: NIQ
BSS Type: Infrastructure
Security Hint: The operation was successful.
"
"15-07-2026 10:39:04","11005","Information","Microsoft-Windows-WLAN-AutoConfig","Wireless security succeeded.

Network Adapter: Intel(R) Wi-Fi 7 BE201 320MHz
Interface GUID: {556d9bdf-d387-4ab9-be4c-a7e220faf218}
Local MAC Address: C0:A8:10:9D:15:AC
Network SSID: NIQ
BSS Type: Infrastructure
"
"15-07-2026 10:39:04","11010","Information","Microsoft-Windows-WLAN-AutoConfig","Wireless security started.

Network Adapter: Intel(R) Wi-Fi 7 BE201 320MHz
Interface GUID: {556d9bdf-d387-4ab9-be4c-a7e220faf218}
Local MAC Address: C0:A8:10:9D:15:AC
Network SSID: NIQ
BSS Type: Infrastructure
Authentication: WPA2-Enterprise
Encryption: AES-GCMP-128
FIPS Mode: Disabled
802.1x Enabled: Yes
"
"15-07-2026 10:39:04","11004","Information","Microsoft-Windows-WLAN-AutoConfig","Wireless security stopped.

Network Adapter: Intel(R) Wi-Fi 7 BE201 320MHz
Interface GUID: {556d9bdf-d387-4ab9-be4c-a7e220faf218}
Local MAC Address: C0:A8:10:9D:15:AC
Network SSID: NIQ
BSS Type: Infrastructure
Security Hint: The operation was successful.
"
"15-07-2026 10:13:57","11005","Information","Microsoft-Windows-WLAN-AutoConfig","Wireless security succeeded.

Network Adapter: Intel(R) Wi-Fi 7 BE201 320MHz
Interface GUID: {556d9bdf-d387-4ab9-be4c-a7e220faf218}
Local MAC Address: C0:A8:10:9D:15:AC
Network SSID: NIQ
BSS Type: Infrastructure
"
"15-07-2026 10:13:57","11010","Information","Microsoft-Windows-WLAN-AutoConfig","Wireless security started.

Network Adapter: Intel(R) Wi-Fi 7 BE201 320MHz
Interface GUID: {556d9bdf-d387-4ab9-be4c-a7e220faf218}
Local MAC Address: C0:A8:10:9D:15:AC
Network SSID: NIQ
BSS Type: Infrastructure
Authentication: WPA2-Enterprise
Encryption: AES-GCMP-128
FIPS Mode: Disabled
802.1x Enabled: Yes
"
"15-07-2026 10:13:57","11004","Information","Microsoft-Windows-WLAN-AutoConfig","Wireless security stopped.

Network Adapter: Intel(R) Wi-Fi 7 BE201 320MHz
Interface GUID: {556d9bdf-d387-4ab9-be4c-a7e220faf218}
Local MAC Address: C0:A8:10:9D:15:AC
Network SSID: NIQ
BSS Type: Infrastructure
Security Hint: The operation was successful.
"
"15-07-2026 09:16:21","8001","Information","Microsoft-Windows-WLAN-AutoConfig","WLAN AutoConfig service has successfully connected to a wireless network.

Network Adapter: Intel(R) Wi-Fi 7 BE201 320MHz
Interface GUID: {556d9bdf-d387-4ab9-be4c-a7e220faf218}
Connection Mode: Automatic connection with a profile
Profile Name: NIQ
SSID: NIQ
BSS Type: Infrastructure
PHY Type: 802.11ax
Authentication: WPA2-Enterprise
Encryption: AES-CCMP
802.1x Enabled: Yes
Hidden: true
"
"15-07-2026 09:16:21","11005","Information","Microsoft-Windows-WLAN-AutoConfig","Wireless security succeeded.

Network Adapter: Intel(R) Wi-Fi 7 BE201 320MHz
Interface GUID: {556d9bdf-d387-4ab9-be4c-a7e220faf218}
Local MAC Address: C0:A8:10:9D:15:AC
Network SSID: NIQ
BSS Type: Infrastructure
"
"15-07-2026 09:16:21","12012","Information","Microsoft-Windows-WLAN-AutoConfig","Wireless 802.1x authentication succeeded.

Network Adapter: Intel(R) Wi-Fi 7 BE201 320MHz
Interface GUID: {556d9bdf-d387-4ab9-be4c-a7e220faf218}
Local MAC Address: C0:A8:10:9D:15:AC
Network SSID: NIQ
BSS Type: Infrastructure
Identity: host/LIND55MBVC4.enterprisenet.org
User: 
Domain: 
"
"15-07-2026 09:16:21","12011","Information","Microsoft-Windows-WLAN-AutoConfig","Wireless 802.1x authentication started.

Network Adapter: Intel(R) Wi-Fi 7 BE201 320MHz
Interface GUID: {556d9bdf-d387-4ab9-be4c-a7e220faf218}
Local MAC Address: C0:A8:10:9D:15:AC
Network SSID: NIQ
BSS Type: Infrastructure
Eap Information: Type 13, Vendor ID 0, Vendor Type 0, Author ID 0
"
"15-07-2026 09:16:21","11010","Information","Microsoft-Windows-WLAN-AutoConfig","Wireless security started.

Network Adapter: Intel(R) Wi-Fi 7 BE201 320MHz
Interface GUID: {556d9bdf-d387-4ab9-be4c-a7e220faf218}
Local MAC Address: C0:A8:10:9D:15:AC
Network SSID: NIQ
BSS Type: Infrastructure
Authentication: WPA2-Enterprise
Encryption: AES-GCMP-128
FIPS Mode: Disabled
802.1x Enabled: Yes
"
"15-07-2026 09:16:21","11001","Information","Microsoft-Windows-WLAN-AutoConfig","Wireless network association succeeded.

Network Adapter: Intel(R) Wi-Fi 7 BE201 320MHz
Interface GUID: {556d9bdf-d387-4ab9-be4c-a7e220faf218}
Local MAC Address: C0:A8:10:9D:15:AC
Network SSID: NIQ
BSS Type: Infrastructure
Management Frame Protection Enabled: 0x100000000
"
"15-07-2026 09:16:21","11000","Information","Microsoft-Windows-WLAN-AutoConfig","Wireless network association started.

Network Adapter: Intel(R) Wi-Fi 7 BE201 320MHz
Interface GUID: {556d9bdf-d387-4ab9-be4c-a7e220faf218}
Local MAC Address: C0:A8:10:9D:15:AC
Network SSID: NIQ
BSS Type: Infrastructure
Authentication: WPA2-Enterprise
Encryption: AES-GCMP-128
802.1X Enabled: Yes
"
"15-07-2026 09:16:20","8000","Information","Microsoft-Windows-WLAN-AutoConfig","WLAN AutoConfig service started a connection to a wireless network.

Network Adapter: Intel(R) Wi-Fi 7 BE201 320MHz
Interface GUID: {556d9bdf-d387-4ab9-be4c-a7e220faf218}
Connection Mode: Automatic connection with a profile
Profile Name: NIQ
SSID: NIQ
BSS Type: Infrastructure
"
"15-07-2026 09:15:51","8003","Information","Microsoft-Windows-WLAN-AutoConfig","WLAN AutoConfig service has successfully disconnected from a wireless network.

Network Adapter: Intel(R) Wi-Fi 7 BE201 320MHz
Interface GUID: {556d9bdf-d387-4ab9-be4c-a7e220faf218}
Connection Mode: Automatic connection with a profile
Profile Name: NIQ
SSID: NIQ
BSS Type: Infrastructure
Reason: The network is disconnected by the driver.
"
"15-07-2026 06:19:16","11004","Information","Microsoft-Windows-WLAN-AutoConfig","Wireless security stopped.

Network Adapter: Intel(R) Wi-Fi 7 BE201 320MHz
Interface GUID: {556d9bdf-d387-4ab9-be4c-a7e220faf218}
Local MAC Address: C0:A8:10:9D:15:AC
Network SSID: NIQ
BSS Type: Infrastructure
Security Hint: The operation was successful.
"
"15-07-2026 06:19:02","8001","Information","Microsoft-Windows-WLAN-AutoConfig","WLAN AutoConfig service has successfully connected to a wireless network.

Network Adapter: Intel(R) Wi-Fi 7 BE201 320MHz
Interface GUID: {556d9bdf-d387-4ab9-be4c-a7e220faf218}
Connection Mode: Automatic connection with a profile
Profile Name: NIQ
SSID: NIQ
BSS Type: Infrastructure
PHY Type: 802.11ax
Authentication: WPA2-Enterprise
Encryption: AES-CCMP
802.1x Enabled: Yes
Hidden: true
"
"15-07-2026 06:19:02","11005","Information","Microsoft-Windows-WLAN-AutoConfig","Wireless security succeeded.

Network Adapter: Intel(R) Wi-Fi 7 BE201 320MHz
Interface GUID: {556d9bdf-d387-4ab9-be4c-a7e220faf218}
Local MAC Address: C0:A8:10:9D:15:AC
Network SSID: NIQ
BSS Type: Infrastructure
"
"15-07-2026 06:19:02","12012","Information","Microsoft-Windows-WLAN-AutoConfig","Wireless 802.1x authentication succeeded.

Network Adapter: Intel(R) Wi-Fi 7 BE201 320MHz
Interface GUID: {556d9bdf-d387-4ab9-be4c-a7e220faf218}
Local MAC Address: C0:A8:10:9D:15:AC
Network SSID: NIQ
BSS Type: Infrastructure
Identity: host/LIND55MBVC4.enterprisenet.org
User: 
Domain: 
"
"15-07-2026 06:19:01","12011","Information","Microsoft-Windows-WLAN-AutoConfig","Wireless 802.1x authentication started.

Network Adapter: Intel(R) Wi-Fi 7 BE201 320MHz
Interface GUID: {556d9bdf-d387-4ab9-be4c-a7e220faf218}
Local MAC Address: C0:A8:10:9D:15:AC
Network SSID: NIQ
BSS Type: Infrastructure
Eap Information: Type 13, Vendor ID 0, Vendor Type 0, Author ID 0
"
"15-07-2026 06:19:01","11010","Information","Microsoft-Windows-WLAN-AutoConfig","Wireless security started.

Network Adapter: Intel(R) Wi-Fi 7 BE201 320MHz
Interface GUID: {556d9bdf-d387-4ab9-be4c-a7e220faf218}
Local MAC Address: C0:A8:10:9D:15:AC
Network SSID: NIQ
BSS Type: Infrastructure
Authentication: WPA2-Enterprise
Encryption: AES-GCMP-128
FIPS Mode: Disabled
802.1x Enabled: Yes
"
"15-07-2026 06:19:01","11001","Information","Microsoft-Windows-WLAN-AutoConfig","Wireless network association succeeded.

Network Adapter: Intel(R) Wi-Fi 7 BE201 320MHz
Interface GUID: {556d9bdf-d387-4ab9-be4c-a7e220faf218}
Local MAC Address: C0:A8:10:9D:15:AC
Network SSID: NIQ
BSS Type: Infrastructure
Management Frame Protection Enabled: 0x900000000
"
"15-07-2026 06:19:00","11000","Information","Microsoft-Windows-WLAN-AutoConfig","Wireless network association started.

Network Adapter: Intel(R) Wi-Fi 7 BE201 320MHz
Interface GUID: {556d9bdf-d387-4ab9-be4c-a7e220faf218}
Local MAC Address: C0:A8:10:9D:15:AC
Network SSID: NIQ
BSS Type: Infrastructure
Authentication: WPA2-Enterprise
Encryption: AES-GCMP-128
802.1X Enabled: Yes
"
"15-07-2026 06:19:00","8000","Information","Microsoft-Windows-WLAN-AutoConfig","WLAN AutoConfig service started a connection to a wireless network.

Network Adapter: Intel(R) Wi-Fi 7 BE201 320MHz
Interface GUID: {556d9bdf-d387-4ab9-be4c-a7e220faf218}
Connection Mode: Automatic connection with a profile
Profile Name: NIQ
SSID: NIQ
BSS Type: Infrastructure
"
"15-07-2026 06:19:00","8011","Information","Microsoft-Windows-WLAN-AutoConfig","Connect to last good network 

Network Adapter: Intel(R) Wi-Fi 7 BE201 320MHz
Interface GUID: {556d9bdf-d387-4ab9-be4c-a7e220faf218}
 Profile Name: NIQ
SSID: NIQ
BSS type: infrastructure
"
"14-07-2026 21:26:10","8003","Information","Microsoft-Windows-WLAN-AutoConfig","WLAN AutoConfig service has successfully disconnected from a wireless network.

Network Adapter: Intel(R) Wi-Fi 7 BE201 320MHz
Interface GUID: {556d9bdf-d387-4ab9-be4c-a7e220faf218}
Connection Mode: Automatic connection with a profile
Profile Name: NIQ
SSID: NIQ
BSS Type: Infrastructure
Reason: The network is disconnected due to a policy disabling auto connect on this interface.
"
"14-07-2026 21:26:10","11004","Information","Microsoft-Windows-WLAN-AutoConfig","Wireless security stopped.

Network Adapter: Intel(R) Wi-Fi 7 BE201 320MHz
Interface GUID: {556d9bdf-d387-4ab9-be4c-a7e220faf218}
Local MAC Address: C0:A8:10:9D:15:AC
Network SSID: NIQ
BSS Type: Infrastructure
Security Hint: The operation was successful.
"
"14-07-2026 21:25:58","8001","Information","Microsoft-Windows-WLAN-AutoConfig","WLAN AutoConfig service has successfully connected to a wireless network.

Network Adapter: Intel(R) Wi-Fi 7 BE201 320MHz
Interface GUID: {556d9bdf-d387-4ab9-be4c-a7e220faf218}
Connection Mode: Automatic connection with a profile
Profile Name: NIQ
SSID: NIQ
BSS Type: Infrastructure
PHY Type: 802.11ax
Authentication: WPA2-Enterprise
Encryption: AES-CCMP
802.1x Enabled: Yes
Hidden: true
"
"14-07-2026 21:25:58","11005","Information","Microsoft-Windows-WLAN-AutoConfig","Wireless security succeeded.

Network Adapter: Intel(R) Wi-Fi 7 BE201 320MHz
Interface GUID: {556d9bdf-d387-4ab9-be4c-a7e220faf218}
Local MAC Address: C0:A8:10:9D:15:AC
Network SSID: NIQ
BSS Type: Infrastructure
"
"14-07-2026 21:25:58","12012","Information","Microsoft-Windows-WLAN-AutoConfig","Wireless 802.1x authentication succeeded.

Network Adapter: Intel(R) Wi-Fi 7 BE201 320MHz
Interface GUID: {556d9bdf-d387-4ab9-be4c-a7e220faf218}
Local MAC Address: C0:A8:10:9D:15:AC
Network SSID: NIQ
BSS Type: Infrastructure
Identity: host/LIND55MBVC4.enterprisenet.org
User: 
Domain: 
"
"14-07-2026 21:25:56","12011","Information","Microsoft-Windows-WLAN-AutoConfig","Wireless 802.1x authentication started.

Network Adapter: Intel(R) Wi-Fi 7 BE201 320MHz
Interface GUID: {556d9bdf-d387-4ab9-be4c-a7e220faf218}
Local MAC Address: C0:A8:10:9D:15:AC
Network SSID: NIQ
BSS Type: Infrastructure
Eap Information: Type 13, Vendor ID 0, Vendor Type 0, Author ID 0
"
"14-07-2026 21:25:56","11010","Information","Microsoft-Windows-WLAN-AutoConfig","Wireless security started.

Network Adapter: Intel(R) Wi-Fi 7 BE201 320MHz
Interface GUID: {556d9bdf-d387-4ab9-be4c-a7e220faf218}
Local MAC Address: C0:A8:10:9D:15:AC
Network SSID: NIQ
BSS Type: Infrastructure
Authentication: WPA2-Enterprise
Encryption: AES-GCMP-128
FIPS Mode: Disabled
802.1x Enabled: Yes
"
"14-07-2026 21:25:56","11001","Information","Microsoft-Windows-WLAN-AutoConfig","Wireless network association succeeded.

Network Adapter: Intel(R) Wi-Fi 7 BE201 320MHz
Interface GUID: {556d9bdf-d387-4ab9-be4c-a7e220faf218}
Local MAC Address: C0:A8:10:9D:15:AC
Network SSID: NIQ
BSS Type: Infrastructure
Management Frame Protection Enabled: 0x800000000
"
"14-07-2026 21:25:56","11000","Information","Microsoft-Windows-WLAN-AutoConfig","Wireless network association started.

Network Adapter: Intel(R) Wi-Fi 7 BE201 320MHz
Interface GUID: {556d9bdf-d387-4ab9-be4c-a7e220faf218}
Local MAC Address: C0:A8:10:9D:15:AC
Network SSID: NIQ
BSS Type: Infrastructure
Authentication: WPA2-Enterprise
Encryption: AES-GCMP-128
802.1X Enabled: Yes
"
"14-07-2026 21:25:56","8000","Information","Microsoft-Windows-WLAN-AutoConfig","WLAN AutoConfig service started a connection to a wireless network.

Network Adapter: Intel(R) Wi-Fi 7 BE201 320MHz
Interface GUID: {556d9bdf-d387-4ab9-be4c-a7e220faf218}
Connection Mode: Automatic connection with a profile
Profile Name: NIQ
SSID: NIQ
BSS Type: Infrastructure
"
"14-07-2026 20:53:02","8003","Information","Microsoft-Windows-WLAN-AutoConfig","WLAN AutoConfig service has successfully disconnected from a wireless network.

Network Adapter: Intel(R) Wi-Fi 7 BE201 320MHz
Interface GUID: {556d9bdf-d387-4ab9-be4c-a7e220faf218}
Connection Mode: Manual connection with a profile
Profile Name: NIQ
SSID: NIQ
BSS Type: Infrastructure
Reason: The network is disconnected by the driver.
"
"14-07-2026 20:53:02","11004","Information","Microsoft-Windows-WLAN-AutoConfig","Wireless security stopped.

Network Adapter: Intel(R) Wi-Fi 7 BE201 320MHz
Interface GUID: {556d9bdf-d387-4ab9-be4c-a7e220faf218}
Local MAC Address: C0:A8:10:9D:15:AC
Network SSID: NIQ
BSS Type: Infrastructure
Security Hint: The operation was successful.
"
"14-07-2026 20:53:02","11010","Information","Microsoft-Windows-WLAN-AutoConfig","Wireless security started.

Network Adapter: Intel(R) Wi-Fi 7 BE201 320MHz
Interface GUID: {556d9bdf-d387-4ab9-be4c-a7e220faf218}
Local MAC Address: C0:A8:10:9D:15:AC
Network SSID: NIQ
BSS Type: Infrastructure
Authentication: WPA2-Enterprise
Encryption: AES-GCMP-128
FIPS Mode: Disabled
802.1x Enabled: Yes
"
"14-07-2026 20:53:02","11004","Information","Microsoft-Windows-WLAN-AutoConfig","Wireless security stopped.

Network Adapter: Intel(R) Wi-Fi 7 BE201 320MHz
Interface GUID: {556d9bdf-d387-4ab9-be4c-a7e220faf218}
Local MAC Address: C0:A8:10:9D:15:AC
Network SSID: NIQ
BSS Type: Infrastructure
Security Hint: The operation was successful.
"
"14-07-2026 20:52:36","11005","Information","Microsoft-Windows-WLAN-AutoConfig","Wireless security succeeded.

Network Adapter: Intel(R) Wi-Fi 7 BE201 320MHz
Interface GUID: {556d9bdf-d387-4ab9-be4c-a7e220faf218}
Local MAC Address: C0:A8:10:9D:15:AC
Network SSID: NIQ
BSS Type: Infrastructure
"
"14-07-2026 20:52:36","11010","Information","Microsoft-Windows-WLAN-AutoConfig","Wireless security started.

Network Adapter: Intel(R) Wi-Fi 7 BE201 320MHz
Interface GUID: {556d9bdf-d387-4ab9-be4c-a7e220faf218}
Local MAC Address: C0:A8:10:9D:15:AC
Network SSID: NIQ
BSS Type: Infrastructure
Authentication: WPA2-Enterprise
Encryption: AES-GCMP-128
FIPS Mode: Disabled
802.1x Enabled: Yes
"
"14-07-2026 20:52:36","11004","Information","Microsoft-Windows-WLAN-AutoConfig","Wireless security stopped.

Network Adapter: Intel(R) Wi-Fi 7 BE201 320MHz
Interface GUID: {556d9bdf-d387-4ab9-be4c-a7e220faf218}
Local MAC Address: C0:A8:10:9D:15:AC
Network SSID: NIQ
BSS Type: Infrastructure
Security Hint: The operation was successful.
"
"14-07-2026 20:50:17","11005","Information","Microsoft-Windows-WLAN-AutoConfig","Wireless security succeeded.

Network Adapter: Intel(R) Wi-Fi 7 BE201 320MHz
Interface GUID: {556d9bdf-d387-4ab9-be4c-a7e220faf218}
Local MAC Address: C0:A8:10:9D:15:AC
Network SSID: NIQ
BSS Type: Infrastructure
"
"14-07-2026 20:50:17","11010","Information","Microsoft-Windows-WLAN-AutoConfig","Wireless security started.

Network Adapter: Intel(R) Wi-Fi 7 BE201 320MHz
Interface GUID: {556d9bdf-d387-4ab9-be4c-a7e220faf218}
Local MAC Address: C0:A8:10:9D:15:AC
Network SSID: NIQ
BSS Type: Infrastructure
Authentication: WPA2-Enterprise
Encryption: AES-GCMP-128
FIPS Mode: Disabled
802.1x Enabled: Yes
"
"14-07-2026 20:50:16","11004","Information","Microsoft-Windows-WLAN-AutoConfig","Wireless security stopped.

Network Adapter: Intel(R) Wi-Fi 7 BE201 320MHz
Interface GUID: {556d9bdf-d387-4ab9-be4c-a7e220faf218}
Local MAC Address: C0:A8:10:9D:15:AC
Network SSID: NIQ
BSS Type: Infrastructure
Security Hint: The operation was successful.
"
"14-07-2026 20:49:03","11005","Information","Microsoft-Windows-WLAN-AutoConfig","Wireless security succeeded.

Network Adapter: Intel(R) Wi-Fi 7 BE201 320MHz
Interface GUID: {556d9bdf-d387-4ab9-be4c-a7e220faf218}
Local MAC Address: C0:A8:10:9D:15:AC
Network SSID: NIQ
BSS Type: Infrastructure
"
"14-07-2026 20:49:03","11010","Information","Microsoft-Windows-WLAN-AutoConfig","Wireless security started.

Network Adapter: Intel(R) Wi-Fi 7 BE201 320MHz
Interface GUID: {556d9bdf-d387-4ab9-be4c-a7e220faf218}
Local MAC Address: C0:A8:10:9D:15:AC
Network SSID: NIQ
BSS Type: Infrastructure
Authentication: WPA2-Enterprise
Encryption: AES-GCMP-128
FIPS Mode: Disabled
802.1x Enabled: Yes
"
"14-07-2026 20:49:01","11004","Information","Microsoft-Windows-WLAN-AutoConfig","Wireless security stopped.

Network Adapter: Intel(R) Wi-Fi 7 BE201 320MHz
Interface GUID: {556d9bdf-d387-4ab9-be4c-a7e220faf218}
Local MAC Address: C0:A8:10:9D:15:AC
Network SSID: NIQ
BSS Type: Infrastructure
Security Hint: The operation was successful.
"
"14-07-2026 20:23:40","11005","Information","Microsoft-Windows-WLAN-AutoConfig","Wireless security succeeded.

Network Adapter: Intel(R) Wi-Fi 7 BE201 320MHz
Interface GUID: {556d9bdf-d387-4ab9-be4c-a7e220faf218}
Local MAC Address: C0:A8:10:9D:15:AC
Network SSID: NIQ
BSS Type: Infrastructure
"
"14-07-2026 20:23:40","11010","Information","Microsoft-Windows-WLAN-AutoConfig","Wireless security started.

Network Adapter: Intel(R) Wi-Fi 7 BE201 320MHz
Interface GUID: {556d9bdf-d387-4ab9-be4c-a7e220faf218}
Local MAC Address: C0:A8:10:9D:15:AC
Network SSID: NIQ
BSS Type: Infrastructure
Authentication: WPA2-Enterprise
Encryption: AES-GCMP-128
FIPS Mode: Disabled
802.1x Enabled: Yes
"
"14-07-2026 20:23:40","11004","Information","Microsoft-Windows-WLAN-AutoConfig","Wireless security stopped.

Network Adapter: Intel(R) Wi-Fi 7 BE201 320MHz
Interface GUID: {556d9bdf-d387-4ab9-be4c-a7e220faf218}
Local MAC Address: C0:A8:10:9D:15:AC
Network SSID: NIQ
BSS Type: Infrastructure
Security Hint: The operation was successful.
"
"14-07-2026 20:23:06","11005","Information","Microsoft-Windows-WLAN-AutoConfig","Wireless security succeeded.

Network Adapter: Intel(R) Wi-Fi 7 BE201 320MHz
Interface GUID: {556d9bdf-d387-4ab9-be4c-a7e220faf218}
Local MAC Address: C0:A8:10:9D:15:AC
Network SSID: NIQ
BSS Type: Infrastructure
"
"14-07-2026 20:23:06","11010","Information","Microsoft-Windows-WLAN-AutoConfig","Wireless security started.

Network Adapter: Intel(R) Wi-Fi 7 BE201 320MHz
Interface GUID: {556d9bdf-d387-4ab9-be4c-a7e220faf218}
Local MAC Address: C0:A8:10:9D:15:AC
Network SSID: NIQ
BSS Type: Infrastructure
Authentication: WPA2-Enterprise
Encryption: AES-GCMP-128
FIPS Mode: Disabled
802.1x Enabled: Yes
"
"14-07-2026 20:23:05","11004","Information","Microsoft-Windows-WLAN-AutoConfig","Wireless security stopped.

Network Adapter: Intel(R) Wi-Fi 7 BE201 320MHz
Interface GUID: {556d9bdf-d387-4ab9-be4c-a7e220faf218}
Local MAC Address: C0:A8:10:9D:15:AC
Network SSID: NIQ
BSS Type: Infrastructure
Security Hint: The operation was successful.
"
"14-07-2026 20:21:22","11005","Information","Microsoft-Windows-WLAN-AutoConfig","Wireless security succeeded.

Network Adapter: Intel(R) Wi-Fi 7 BE201 320MHz
Interface GUID: {556d9bdf-d387-4ab9-be4c-a7e220faf218}
Local MAC Address: C0:A8:10:9D:15:AC
Network SSID: NIQ
BSS Type: Infrastructure
"
