"18-08-2026 10:35:24","1805","Verbose","Microsoft-Windows-SENSE","CSP: Get Sense Is Running value complete. Result: (0x1)."
"18-08-2026 10:35:24","1809","Verbose","Microsoft-Windows-SENSE","CSP: Get Sample Sharing value complete. Result: (1), IsDefault: (true)."
"18-08-2026 10:35:24","1807","Verbose","Microsoft-Windows-SENSE","CSP: Get Onboarding value complete. Onboarding Blob Hash: (0x9DF75D74030C7DBF), IsDefault: (false), Onboarding State: (0x1), Onboarding State IsDefault: (false)"
"18-08-2026 10:35:24","1832","Verbose","Microsoft-Windows-SENSE","CSP: Get Device Tagging Group complete. Value: (Workstations), IsDefault: (false)."
"18-08-2026 10:35:12","1841","Verbose","Microsoft-Windows-SENSE","CSP: Get AadDeviceId complete. Value: (b0a5bc0f-7566-4771-a98b-e1b6a6bd0645), IsDefault: (false)."
"18-08-2026 10:35:12","1806","Verbose","Microsoft-Windows-SENSE","CSP: Get Onboarding State value complete. Result: (1), IsDefault: (false)."
"18-08-2026 10:35:12","1805","Verbose","Microsoft-Windows-SENSE","CSP: Get Sense Is Running value complete. Result: (0x1)."
"18-08-2026 10:35:09","1809","Verbose","Microsoft-Windows-SENSE","CSP: Get Sample Sharing value complete. Result: (1), IsDefault: (true)."
"18-08-2026 10:35:09","1807","Verbose","Microsoft-Windows-SENSE","CSP: Get Onboarding value complete. Onboarding Blob Hash: (0x9DF75D74030C7DBF), IsDefault: (false), Onboarding State: (0x1), Onboarding State IsDefault: (false)"
"18-08-2026 10:35:08","1832","Verbose","Microsoft-Windows-SENSE","CSP: Get Device Tagging Group complete. Value: (Workstations), IsDefault: (false)."
"18-08-2026 10:34:50","1841","Verbose","Microsoft-Windows-SENSE","CSP: Get AadDeviceId complete. Value: (b0a5bc0f-7566-4771-a98b-e1b6a6bd0645), IsDefault: (false)."
"18-08-2026 10:34:50","1806","Verbose","Microsoft-Windows-SENSE","CSP: Get Onboarding State value complete. Result: (1), IsDefault: (false)."
"18-08-2026 10:34:50","1805","Verbose","Microsoft-Windows-SENSE","CSP: Get Sense Is Running value complete. Result: (0x1)."
"18-08-2026 10:34:50","1809","Verbose","Microsoft-Windows-SENSE","CSP: Get Sample Sharing value complete. Result: (1), IsDefault: (true)."
"18-08-2026 10:34:50","1807","Verbose","Microsoft-Windows-SENSE","CSP: Get Onboarding value complete. Onboarding Blob Hash: (0x9DF75D74030C7DBF), IsDefault: (false), Onboarding State: (0x1), Onboarding State IsDefault: (false)"
"18-08-2026 10:34:49","1832","Verbose","Microsoft-Windows-SENSE","CSP: Get Device Tagging Group complete. Value: (Workstations), IsDefault: (false)."
"18-08-2026 10:34:34","1841","Verbose","Microsoft-Windows-SENSE","CSP: Get AadDeviceId complete. Value: (b0a5bc0f-7566-4771-a98b-e1b6a6bd0645), IsDefault: (false)."
"18-08-2026 10:34:34","1806","Verbose","Microsoft-Windows-SENSE","CSP: Get Onboarding State value complete. Result: (1), IsDefault: (false)."
"18-08-2026 10:34:33","1805","Verbose","Microsoft-Windows-SENSE","CSP: Get Sense Is Running value complete. Result: (0x1)."
"18-08-2026 10:34:31","1809","Verbose","Microsoft-Windows-SENSE","CSP: Get Sample Sharing value complete. Result: (1), IsDefault: (true)."
"18-08-2026 10:34:31","1807","Verbose","Microsoft-Windows-SENSE","CSP: Get Onboarding value complete. Onboarding Blob Hash: (0x9DF75D74030C7DBF), IsDefault: (false), Onboarding State: (0x1), Onboarding State IsDefault: (false)"
"18-08-2026 10:34:30","1832","Verbose","Microsoft-Windows-SENSE","CSP: Get Device Tagging Group complete. Value: (Workstations), IsDefault: (false)."
"18-08-2026 10:34:14","1841","Verbose","Microsoft-Windows-SENSE","CSP: Get AadDeviceId complete. Value: (b0a5bc0f-7566-4771-a98b-e1b6a6bd0645), IsDefault: (false)."
"18-08-2026 10:34:14","1806","Verbose","Microsoft-Windows-SENSE","CSP: Get Onboarding State value complete. Result: (1), IsDefault: (false)."
"18-08-2026 10:34:14","1805","Verbose","Microsoft-Windows-SENSE","CSP: Get Sense Is Running value complete. Result: (0x1)."
"18-08-2026 10:34:14","1809","Verbose","Microsoft-Windows-SENSE","CSP: Get Sample Sharing value complete. Result: (1), IsDefault: (true)."
"18-08-2026 10:34:14","1807","Verbose","Microsoft-Windows-SENSE","CSP: Get Onboarding value complete. Onboarding Blob Hash: (0x9DF75D74030C7DBF), IsDefault: (false), Onboarding State: (0x1), Onboarding State IsDefault: (false)"
"18-08-2026 10:34:14","1832","Verbose","Microsoft-Windows-SENSE","CSP: Get Device Tagging Group complete. Value: (Workstations), IsDefault: (false)."
"18-08-2026 10:34:03","1841","Verbose","Microsoft-Windows-SENSE","CSP: Get AadDeviceId complete. Value: (b0a5bc0f-7566-4771-a98b-e1b6a6bd0645), IsDefault: (false)."
"18-08-2026 10:34:03","1806","Verbose","Microsoft-Windows-SENSE","CSP: Get Onboarding State value complete. Result: (1), IsDefault: (false)."
"18-08-2026 10:34:03","1805","Verbose","Microsoft-Windows-SENSE","CSP: Get Sense Is Running value complete. Result: (0x1)."
"18-08-2026 10:33:59","1809","Verbose","Microsoft-Windows-SENSE","CSP: Get Sample Sharing value complete. Result: (1), IsDefault: (true)."
"18-08-2026 10:33:59","1807","Verbose","Microsoft-Windows-SENSE","CSP: Get Onboarding value complete. Onboarding Blob Hash: (0x9DF75D74030C7DBF), IsDefault: (false), Onboarding State: (0x1), Onboarding State IsDefault: (false)"
"18-08-2026 10:33:58","1832","Verbose","Microsoft-Windows-SENSE","CSP: Get Device Tagging Group complete. Value: (Workstations), IsDefault: (false)."
"18-08-2026 10:33:10","1841","Verbose","Microsoft-Windows-SENSE","CSP: Get AadDeviceId complete. Value: (b0a5bc0f-7566-4771-a98b-e1b6a6bd0645), IsDefault: (false)."
"18-08-2026 10:33:10","1806","Verbose","Microsoft-Windows-SENSE","CSP: Get Onboarding State value complete. Result: (1), IsDefault: (false)."
"18-08-2026 10:33:10","1805","Verbose","Microsoft-Windows-SENSE","CSP: Get Sense Is Running value complete. Result: (0x1)."
"18-08-2026 10:33:10","1809","Verbose","Microsoft-Windows-SENSE","CSP: Get Sample Sharing value complete. Result: (1), IsDefault: (true)."
"18-08-2026 10:33:10","1807","Verbose","Microsoft-Windows-SENSE","CSP: Get Onboarding value complete. Onboarding Blob Hash: (0x9DF75D74030C7DBF), IsDefault: (false), Onboarding State: (0x1), Onboarding State IsDefault: (false)"
"18-08-2026 10:33:10","1832","Verbose","Microsoft-Windows-SENSE","CSP: Get Device Tagging Group complete. Value: (Workstations), IsDefault: (false)."
"18-08-2026 10:32:57","1841","Verbose","Microsoft-Windows-SENSE","CSP: Get AadDeviceId complete. Value: (b0a5bc0f-7566-4771-a98b-e1b6a6bd0645), IsDefault: (false)."
"18-08-2026 10:32:57","1806","Verbose","Microsoft-Windows-SENSE","CSP: Get Onboarding State value complete. Result: (1), IsDefault: (false)."
"18-08-2026 10:32:56","1805","Verbose","Microsoft-Windows-SENSE","CSP: Get Sense Is Running value complete. Result: (0x1)."
"18-08-2026 10:32:55","1809","Verbose","Microsoft-Windows-SENSE","CSP: Get Sample Sharing value complete. Result: (1), IsDefault: (true)."
"18-08-2026 10:32:55","1807","Verbose","Microsoft-Windows-SENSE","CSP: Get Onboarding value complete. Onboarding Blob Hash: (0x9DF75D74030C7DBF), IsDefault: (false), Onboarding State: (0x1), Onboarding State IsDefault: (false)"
"18-08-2026 10:32:54","1832","Verbose","Microsoft-Windows-SENSE","CSP: Get Device Tagging Group complete. Value: (Workstations), IsDefault: (false)."
"18-08-2026 10:32:22","1841","Verbose","Microsoft-Windows-SENSE","CSP: Get AadDeviceId complete. Value: (b0a5bc0f-7566-4771-a98b-e1b6a6bd0645), IsDefault: (false)."
"18-08-2026 10:32:22","1806","Verbose","Microsoft-Windows-SENSE","CSP: Get Onboarding State value complete. Result: (1), IsDefault: (false)."
"18-08-2026 10:32:22","1805","Verbose","Microsoft-Windows-SENSE","CSP: Get Sense Is Running value complete. Result: (0x1)."
"18-08-2026 10:32:22","1809","Verbose","Microsoft-Windows-SENSE","CSP: Get Sample Sharing value complete. Result: (1), IsDefault: (true)."
"18-08-2026 10:32:22","1807","Verbose","Microsoft-Windows-SENSE","CSP: Get Onboarding value complete. Onboarding Blob Hash: (0x9DF75D74030C7DBF), IsDefault: (false), Onboarding State: (0x1), Onboarding State IsDefault: (false)"
"18-08-2026 10:32:22","1832","Verbose","Microsoft-Windows-SENSE","CSP: Get Device Tagging Group complete. Value: (Workstations), IsDefault: (false)."
"18-08-2026 10:31:41","1841","Verbose","Microsoft-Windows-SENSE","CSP: Get AadDeviceId complete. Value: (b0a5bc0f-7566-4771-a98b-e1b6a6bd0645), IsDefault: (false)."
"18-08-2026 10:31:41","1806","Verbose","Microsoft-Windows-SENSE","CSP: Get Onboarding State value complete. Result: (1), IsDefault: (false)."
"18-08-2026 10:31:37","1805","Verbose","Microsoft-Windows-SENSE","CSP: Get Sense Is Running value complete. Result: (0x1)."
"18-08-2026 10:31:31","1809","Verbose","Microsoft-Windows-SENSE","CSP: Get Sample Sharing value complete. Result: (1), IsDefault: (true)."
"18-08-2026 10:31:31","1807","Verbose","Microsoft-Windows-SENSE","CSP: Get Onboarding value complete. Onboarding Blob Hash: (0x9DF75D74030C7DBF), IsDefault: (false), Onboarding State: (0x1), Onboarding State IsDefault: (false)"
"18-08-2026 10:31:30","1832","Verbose","Microsoft-Windows-SENSE","CSP: Get Device Tagging Group complete. Value: (Workstations), IsDefault: (false)."
"18-08-2026 10:31:23","412","Information","Microsoft-Windows-SENSE","Cyber telemetry upload been resumed for Windows Defender Advanced Threat Protection service due to newly refreshed token."
"18-08-2026 10:31:23","419","Information","Microsoft-Windows-SENSE","Windows Defender Advanced Threat Protection service authentication request signing completed successfully."
"18-08-2026 10:30:23","405","Error","Microsoft-Windows-SENSE","Failed to communicate with authentication service. ValidateToken request failed, hresult: 0x8000FFFF,  HTTP error code: 0 ."
"18-08-2026 10:30:02","419","Information","Microsoft-Windows-SENSE","Windows Defender Advanced Threat Protection service authentication request signing completed successfully."
"18-08-2026 10:29:27","1841","Verbose","Microsoft-Windows-SENSE","CSP: Get AadDeviceId complete. Value: (b0a5bc0f-7566-4771-a98b-e1b6a6bd0645), IsDefault: (false)."
"18-08-2026 10:29:27","1806","Verbose","Microsoft-Windows-SENSE","CSP: Get Onboarding State value complete. Result: (1), IsDefault: (false)."
"18-08-2026 10:29:27","1805","Verbose","Microsoft-Windows-SENSE","CSP: Get Sense Is Running value complete. Result: (0x1)."
"18-08-2026 10:29:27","1809","Verbose","Microsoft-Windows-SENSE","CSP: Get Sample Sharing value complete. Result: (1), IsDefault: (true)."
"18-08-2026 10:29:27","1807","Verbose","Microsoft-Windows-SENSE","CSP: Get Onboarding value complete. Onboarding Blob Hash: (0x9DF75D74030C7DBF), IsDefault: (false), Onboarding State: (0x1), Onboarding State IsDefault: (false)"
"18-08-2026 10:29:27","1832","Verbose","Microsoft-Windows-SENSE","CSP: Get Device Tagging Group complete. Value: (Workstations), IsDefault: (false)."
"18-08-2026 10:29:20","1841","Verbose","Microsoft-Windows-SENSE","CSP: Get AadDeviceId complete. Value: (b0a5bc0f-7566-4771-a98b-e1b6a6bd0645), IsDefault: (false)."
"18-08-2026 10:29:20","1806","Verbose","Microsoft-Windows-SENSE","CSP: Get Onboarding State value complete. Result: (1), IsDefault: (false)."
"18-08-2026 10:29:20","1805","Verbose","Microsoft-Windows-SENSE","CSP: Get Sense Is Running value complete. Result: (0x1)."
"18-08-2026 10:29:17","1809","Verbose","Microsoft-Windows-SENSE","CSP: Get Sample Sharing value complete. Result: (1), IsDefault: (true)."
"18-08-2026 10:29:17","1807","Verbose","Microsoft-Windows-SENSE","CSP: Get Onboarding value complete. Onboarding Blob Hash: (0x9DF75D74030C7DBF), IsDefault: (false), Onboarding State: (0x1), Onboarding State IsDefault: (false)"
"18-08-2026 10:29:16","131","Information","Microsoft-Windows-SENSE","Completed processing DLP policy type: ActionsOverridePolicy. Policy Hash: af6d6373b9575bce98f3a0163d8586d54c9d80bd, Timestamp: 639226259562760657"
"18-08-2026 10:29:16","130","Information","Microsoft-Windows-SENSE","Received DLP policy type: ActionsOverridePolicy. Policy Hash: af6d6373b9575bce98f3a0163d8586d54c9d80bd, Timestamp: 639226259562760657"
"18-08-2026 10:29:16","102","Information","Microsoft-Windows-SENSE","Windows Defender Advanced Threat Protection Network Detection and Response executable has started"
"18-08-2026 10:29:14","1832","Verbose","Microsoft-Windows-SENSE","CSP: Get Device Tagging Group complete. Value: (Workstations), IsDefault: (false)."
"18-08-2026 10:29:14","501","Information","Microsoft-Windows-SENSE","Windows Defender Advanced Threat Protection orchestrator performed: 0x0 successfully. Identifier: SenseTVM."
"18-08-2026 10:29:14","501","Information","Microsoft-Windows-SENSE","Windows Defender Advanced Threat Protection orchestrator performed: 0x2 successfully. Identifier: SenseTVM."
"18-08-2026 10:29:14","103","Information","Microsoft-Windows-SENSE","Windows Defender Advanced Threat Protection Network Detection and Response executable has ended"
"18-08-2026 10:29:14","501","Information","Microsoft-Windows-SENSE","Windows Defender Advanced Threat Protection orchestrator performed: 0x0 successfully. Identifier: SenseDlpProcessor."
"18-08-2026 10:29:14","501","Information","Microsoft-Windows-SENSE","Windows Defender Advanced Threat Protection orchestrator performed: 0x2 successfully. Identifier: SenseDlpProcessor."
"18-08-2026 10:29:13","131","Information","Microsoft-Windows-SENSE","Completed processing DLP policy type: dlpsensitiveinfotypesconfiguration. Policy Hash: 639214380395077264-3cede045037cf8b0eda713883960c404544e0e49, Timestamp: 18446744072078305495"
"18-08-2026 10:29:13","96","Information","Microsoft-Windows-SENSE","Windows Defender Advanced Threat Protection Classification Engine Init has called. Result code: 0x0"
"18-08-2026 10:29:12","94","Information","Microsoft-Windows-SENSE","Windows Defender Advanced Threat Protection Classification Engine executable has started"
"18-08-2026 10:29:12","94","Information","Microsoft-Windows-SENSE","Windows Defender Advanced Threat Protection Classification Engine executable has started"
"18-08-2026 10:29:11","95","Information","Microsoft-Windows-SENSE","Windows Defender Advanced Threat Protection Classification Engine executable has ended"
"18-08-2026 10:29:11","96","Information","Microsoft-Windows-SENSE","Windows Defender Advanced Threat Protection Classification Engine Init has called. Result code: 0x0"
"18-08-2026 10:29:11","94","Information","Microsoft-Windows-SENSE","Windows Defender Advanced Threat Protection Classification Engine executable has started"
"18-08-2026 10:29:11","94","Information","Microsoft-Windows-SENSE","Windows Defender Advanced Threat Protection Classification Engine executable has started"
"18-08-2026 10:29:10","72","Information","Microsoft-Windows-SENSE","Tried to send first full machine profile report. Result code: 0x0"
"18-08-2026 10:29:10","95","Information","Microsoft-Windows-SENSE","Windows Defender Advanced Threat Protection Classification Engine executable has ended"
"18-08-2026 10:29:10","130","Information","Microsoft-Windows-SENSE","Received DLP policy type: dlpsensitiveinfotypesconfiguration. Policy Hash: 639214380395077264-3cede045037cf8b0eda713883960c404544e0e49, Timestamp: 18446744072078305495"
"18-08-2026 10:29:10","131","Information","Microsoft-Windows-SENSE","Completed processing DLP policy type: dlppolicyconfiguration. Policy Hash: 639225846203138438-a06aacdc6e0fc92115f92e7a6a9b86f1d1c56210, Timestamp: 927249743"
"18-08-2026 10:29:10","94","Information","Microsoft-Windows-SENSE","Windows Defender Advanced Threat Protection Classification Engine executable has started"
"18-08-2026 10:29:10","94","Information","Microsoft-Windows-SENSE","Windows Defender Advanced Threat Protection Classification Engine executable has started"
"18-08-2026 10:29:09","102","Information","Microsoft-Windows-SENSE","Windows Defender Advanced Threat Protection Network Detection and Response executable has started"
"18-08-2026 10:29:08","95","Information","Microsoft-Windows-SENSE","Windows Defender Advanced Threat Protection Classification Engine executable has ended"
"18-08-2026 10:29:08","94","Information","Microsoft-Windows-SENSE","Windows Defender Advanced Threat Protection Classification Engine executable has started"
"18-08-2026 10:29:08","94","Information","Microsoft-Windows-SENSE","Windows Defender Advanced Threat Protection Classification Engine executable has started"
"18-08-2026 10:29:08","36","Information","Microsoft-Windows-SENSE","Connected User Experiences and Telemetry service registration succeeded with completion code: 0x0. Requested disk quota in MB: 99, requested daily upload quota in MB: 99"
"18-08-2026 10:29:07","95","Information","Microsoft-Windows-SENSE","Windows Defender Advanced Threat Protection Classification Engine executable has ended"
"18-08-2026 10:29:07","131","Information","Microsoft-Windows-SENSE","Completed processing DLP policy type: dlpwebsitespolicyconfiguration. Policy Hash: 639145724846240057-765513cb7ed255f551fc2b636c5739e1b1cd9d84, Timestamp: 18446744071597120955"
"18-08-2026 10:29:07","130","Information","Microsoft-Windows-SENSE","Received DLP policy type: dlpwebsitespolicyconfiguration. Policy Hash: 639145724846240057-765513cb7ed255f551fc2b636c5739e1b1cd9d84, Timestamp: 18446744071597120955"
"18-08-2026 10:29:07","130","Information","Microsoft-Windows-SENSE","Received DLP policy type: dlppolicyconfiguration. Policy Hash: 639225846203138438-a06aacdc6e0fc92115f92e7a6a9b86f1d1c56210, Timestamp: 927249743"
"18-08-2026 10:29:07","41","Information","Microsoft-Windows-SENSE","Battery state is identified as normal. Windows Defender Advanced Threat Protection will contact the server every 120 seconds. AC state: true, battery saver mode : false, battery low state: false, battery critical state: false"
"18-08-2026 10:29:07","39","Information","Microsoft-Windows-SENSE","Network connection is identified as normal. Windows Defender Advanced Threat Protection will contact the server every 120 seconds. Metered connection: false, internet available: true, free network available: true, proxy is defined by GP: false."
"18-08-2026 10:29:07","66","Information","Microsoft-Windows-SENSE","Policy update: Latency mode - normal"
"18-08-2026 10:29:06","124","Information","Microsoft-Windows-SENSE","Windows Defender Advanced Threat Protection Trace Event Monitor executable has started"
"18-08-2026 10:29:05","94","Information","Microsoft-Windows-SENSE","Windows Defender Advanced Threat Protection Classification Engine executable has started"
"18-08-2026 10:29:05","94","Information","Microsoft-Windows-SENSE","Windows Defender Advanced Threat Protection Classification Engine executable has started"
"18-08-2026 10:29:04","94","Information","Microsoft-Windows-SENSE","Windows Defender Advanced Threat Protection Classification Engine executable has started"
"18-08-2026 10:29:04","94","Information","Microsoft-Windows-SENSE","Windows Defender Advanced Threat Protection Classification Engine executable has started"
"18-08-2026 10:29:02","405","Error","Microsoft-Windows-SENSE","Failed to communicate with authentication service. ValidateToken request failed, hresult: 0x8000FFFF,  HTTP error code: 12007 ."
"18-08-2026 10:29:02","419","Information","Microsoft-Windows-SENSE","Windows Defender Advanced Threat Protection service authentication request signing completed successfully."
"18-08-2026 10:29:01","13","Information","Microsoft-Windows-SENSE","Windows Defender Advanced Threat Protection machine ID calculated: 300fd49468ec170f54de72f8340bccbe7270611d"
"18-08-2026 10:29:01","35","Information","Microsoft-Windows-SENSE","Communication quotas are updated. Disk quota in MB: 99, daily upload quota in MB: 99"
"18-08-2026 10:29:01","53","Information","Microsoft-Windows-SENSE","Cloud configuration loaded from persistent storage, version: 10.8839.main.2026.08.08.03.gr-294ce694bfddf21bc70e73479655fe97178f1942."
"18-08-2026 10:28:57","1","Information","Microsoft-Windows-SENSE","Service is starting (Version 10.8830.26100.8893)."
"18-08-2026 10:28:21","101","Error","Microsoft-Windows-SENSE","Windows Defender Advanced Threat Protection Network Detection and Response executable failed to start. Failure code: 0x80070001"
"18-08-2026 10:28:21","103","Information","Microsoft-Windows-SENSE","Windows Defender Advanced Threat Protection Network Detection and Response executable has ended"
"18-08-2026 10:28:21","38","Information","Microsoft-Windows-SENSE","Network connection is identified as low. Windows Defender Advanced Threat Protection will contact the server every 300 seconds. Metered connection: false, internet available: false, free network available: false, proxy is defined by GP: false."
"18-08-2026 10:28:04","501","Information","Microsoft-Windows-SENSE","Windows Defender Advanced Threat Protection orchestrator performed: 0x7 successfully. Identifier: OrchestratorWrapper."
"18-08-2026 10:10:57","419","Information","Microsoft-Windows-SENSE","Windows Defender Advanced Threat Protection service authentication request signing completed successfully."
"18-08-2026 09:46:54","1841","Verbose","Microsoft-Windows-SENSE","CSP: Get AadDeviceId complete. Value: (b0a5bc0f-7566-4771-a98b-e1b6a6bd0645), IsDefault: (false)."
"18-08-2026 09:46:54","1806","Verbose","Microsoft-Windows-SENSE","CSP: Get Onboarding State value complete. Result: (1), IsDefault: (false)."
"18-08-2026 09:46:54","1805","Verbose","Microsoft-Windows-SENSE","CSP: Get Sense Is Running value complete. Result: (0x1)."
"18-08-2026 09:46:54","1809","Verbose","Microsoft-Windows-SENSE","CSP: Get Sample Sharing value complete. Result: (1), IsDefault: (true)."
"18-08-2026 09:46:54","1807","Verbose","Microsoft-Windows-SENSE","CSP: Get Onboarding value complete. Onboarding Blob Hash: (0x9DF75D74030C7DBF), IsDefault: (false), Onboarding State: (0x1), Onboarding State IsDefault: (false)"
"18-08-2026 09:46:54","1832","Verbose","Microsoft-Windows-SENSE","CSP: Get Device Tagging Group complete. Value: (Workstations), IsDefault: (false)."
"18-08-2026 09:46:43","1841","Verbose","Microsoft-Windows-SENSE","CSP: Get AadDeviceId complete. Value: (b0a5bc0f-7566-4771-a98b-e1b6a6bd0645), IsDefault: (false)."
"18-08-2026 09:46:43","1806","Verbose","Microsoft-Windows-SENSE","CSP: Get Onboarding State value complete. Result: (1), IsDefault: (false)."
"18-08-2026 09:46:42","1805","Verbose","Microsoft-Windows-SENSE","CSP: Get Sense Is Running value complete. Result: (0x1)."
"18-08-2026 09:46:41","1809","Verbose","Microsoft-Windows-SENSE","CSP: Get Sample Sharing value complete. Result: (1), IsDefault: (true)."
"18-08-2026 09:46:41","1807","Verbose","Microsoft-Windows-SENSE","CSP: Get Onboarding value complete. Onboarding Blob Hash: (0x9DF75D74030C7DBF), IsDefault: (false), Onboarding State: (0x1), Onboarding State IsDefault: (false)"
"18-08-2026 09:46:40","1832","Verbose","Microsoft-Windows-SENSE","CSP: Get Device Tagging Group complete. Value: (Workstations), IsDefault: (false)."
"18-08-2026 09:46:20","1841","Verbose","Microsoft-Windows-SENSE","CSP: Get AadDeviceId complete. Value: (b0a5bc0f-7566-4771-a98b-e1b6a6bd0645), IsDefault: (false)."
"18-08-2026 09:46:20","1806","Verbose","Microsoft-Windows-SENSE","CSP: Get Onboarding State value complete. Result: (1), IsDefault: (false)."
"18-08-2026 09:46:20","1805","Verbose","Microsoft-Windows-SENSE","CSP: Get Sense Is Running value complete. Result: (0x1)."
"18-08-2026 09:46:20","1809","Verbose","Microsoft-Windows-SENSE","CSP: Get Sample Sharing value complete. Result: (1), IsDefault: (true)."
"18-08-2026 09:46:20","1807","Verbose","Microsoft-Windows-SENSE","CSP: Get Onboarding value complete. Onboarding Blob Hash: (0x9DF75D74030C7DBF), IsDefault: (false), Onboarding State: (0x1), Onboarding State IsDefault: (false)"
"18-08-2026 09:46:20","1832","Verbose","Microsoft-Windows-SENSE","CSP: Get Device Tagging Group complete. Value: (Workstations), IsDefault: (false)."
"18-08-2026 09:46:11","1841","Verbose","Microsoft-Windows-SENSE","CSP: Get AadDeviceId complete. Value: (b0a5bc0f-7566-4771-a98b-e1b6a6bd0645), IsDefault: (false)."
"18-08-2026 09:46:11","1806","Verbose","Microsoft-Windows-SENSE","CSP: Get Onboarding State value complete. Result: (1), IsDefault: (false)."
"18-08-2026 09:46:11","1805","Verbose","Microsoft-Windows-SENSE","CSP: Get Sense Is Running value complete. Result: (0x1)."
"18-08-2026 09:46:09","1809","Verbose","Microsoft-Windows-SENSE","CSP: Get Sample Sharing value complete. Result: (1), IsDefault: (true)."
"18-08-2026 09:46:09","1807","Verbose","Microsoft-Windows-SENSE","CSP: Get Onboarding value complete. Onboarding Blob Hash: (0x9DF75D74030C7DBF), IsDefault: (false), Onboarding State: (0x1), Onboarding State IsDefault: (false)"
"18-08-2026 09:46:08","1832","Verbose","Microsoft-Windows-SENSE","CSP: Get Device Tagging Group complete. Value: (Workstations), IsDefault: (false)."
"18-08-2026 09:45:50","1841","Verbose","Microsoft-Windows-SENSE","CSP: Get AadDeviceId complete. Value: (b0a5bc0f-7566-4771-a98b-e1b6a6bd0645), IsDefault: (false)."
"18-08-2026 09:45:50","1806","Verbose","Microsoft-Windows-SENSE","CSP: Get Onboarding State value complete. Result: (1), IsDefault: (false)."
"18-08-2026 09:45:50","1805","Verbose","Microsoft-Windows-SENSE","CSP: Get Sense Is Running value complete. Result: (0x1)."
"18-08-2026 09:45:50","1809","Verbose","Microsoft-Windows-SENSE","CSP: Get Sample Sharing value complete. Result: (1), IsDefault: (true)."
"18-08-2026 09:45:50","1807","Verbose","Microsoft-Windows-SENSE","CSP: Get Onboarding value complete. Onboarding Blob Hash: (0x9DF75D74030C7DBF), IsDefault: (false), Onboarding State: (0x1), Onboarding State IsDefault: (false)"
"18-08-2026 09:45:50","1832","Verbose","Microsoft-Windows-SENSE","CSP: Get Device Tagging Group complete. Value: (Workstations), IsDefault: (false)."
"18-08-2026 09:45:30","1841","Verbose","Microsoft-Windows-SENSE","CSP: Get AadDeviceId complete. Value: (b0a5bc0f-7566-4771-a98b-e1b6a6bd0645), IsDefault: (false)."
"18-08-2026 09:45:30","1806","Verbose","Microsoft-Windows-SENSE","CSP: Get Onboarding State value complete. Result: (1), IsDefault: (false)."
"18-08-2026 09:45:29","1805","Verbose","Microsoft-Windows-SENSE","CSP: Get Sense Is Running value complete. Result: (0x1)."
"18-08-2026 09:45:25","1809","Verbose","Microsoft-Windows-SENSE","CSP: Get Sample Sharing value complete. Result: (1), IsDefault: (true)."
"18-08-2026 09:45:25","1807","Verbose","Microsoft-Windows-SENSE","CSP: Get Onboarding value complete. Onboarding Blob Hash: (0x9DF75D74030C7DBF), IsDefault: (false), Onboarding State: (0x1), Onboarding State IsDefault: (false)"
"18-08-2026 09:45:22","1832","Verbose","Microsoft-Windows-SENSE","CSP: Get Device Tagging Group complete. Value: (Workstations), IsDefault: (false)."
"18-08-2026 09:44:50","1841","Verbose","Microsoft-Windows-SENSE","CSP: Get AadDeviceId complete. Value: (b0a5bc0f-7566-4771-a98b-e1b6a6bd0645), IsDefault: (false)."
"18-08-2026 09:44:50","1806","Verbose","Microsoft-Windows-SENSE","CSP: Get Onboarding State value complete. Result: (1), IsDefault: (false)."
"18-08-2026 09:44:50","1805","Verbose","Microsoft-Windows-SENSE","CSP: Get Sense Is Running value complete. Result: (0x1)."
"18-08-2026 09:44:50","1809","Verbose","Microsoft-Windows-SENSE","CSP: Get Sample Sharing value complete. Result: (1), IsDefault: (true)."
"18-08-2026 09:44:50","1807","Verbose","Microsoft-Windows-SENSE","CSP: Get Onboarding value complete. Onboarding Blob Hash: (0x9DF75D74030C7DBF), IsDefault: (false), Onboarding State: (0x1), Onboarding State IsDefault: (false)"
"18-08-2026 09:44:50","1832","Verbose","Microsoft-Windows-SENSE","CSP: Get Device Tagging Group complete. Value: (Workstations), IsDefault: (false)."
"18-08-2026 09:44:37","1841","Verbose","Microsoft-Windows-SENSE","CSP: Get AadDeviceId complete. Value: (b0a5bc0f-7566-4771-a98b-e1b6a6bd0645), IsDefault: (false)."
"18-08-2026 09:44:36","1806","Verbose","Microsoft-Windows-SENSE","CSP: Get Onboarding State value complete. Result: (1), IsDefault: (false)."
"18-08-2026 09:44:36","1805","Verbose","Microsoft-Windows-SENSE","CSP: Get Sense Is Running value complete. Result: (0x1)."
"18-08-2026 09:44:33","1809","Verbose","Microsoft-Windows-SENSE","CSP: Get Sample Sharing value complete. Result: (1), IsDefault: (true)."
"18-08-2026 09:44:33","1807","Verbose","Microsoft-Windows-SENSE","CSP: Get Onboarding value complete. Onboarding Blob Hash: (0x9DF75D74030C7DBF), IsDefault: (false), Onboarding State: (0x1), Onboarding State IsDefault: (false)"
"18-08-2026 09:44:32","1832","Verbose","Microsoft-Windows-SENSE","CSP: Get Device Tagging Group complete. Value: (Workstations), IsDefault: (false)."
"18-08-2026 09:42:52","131","Information","Microsoft-Windows-SENSE","Completed processing DLP policy type: dlppolicyconfiguration. Policy Hash: 639225846203138438-a06aacdc6e0fc92115f92e7a6a9b86f1d1c56210, Timestamp: 927249743"
"18-08-2026 09:42:52","130","Information","Microsoft-Windows-SENSE","Received DLP policy type: dlppolicyconfiguration. Policy Hash: 639225846203138438-a06aacdc6e0fc92115f92e7a6a9b86f1d1c56210, Timestamp: 927249743"
"18-08-2026 09:41:20","412","Information","Microsoft-Windows-SENSE","Cyber telemetry upload been resumed for Windows Defender Advanced Threat Protection service due to newly refreshed token."
"18-08-2026 09:41:19","419","Information","Microsoft-Windows-SENSE","Windows Defender Advanced Threat Protection service authentication request signing completed successfully."
"18-08-2026 09:41:19","419","Information","Microsoft-Windows-SENSE","Windows Defender Advanced Threat Protection service authentication request signing completed successfully."
"18-08-2026 09:41:17","419","Information","Microsoft-Windows-SENSE","Windows Defender Advanced Threat Protection service authentication request signing completed successfully."
"18-08-2026 09:40:49","41","Information","Microsoft-Windows-SENSE","Battery state is identified as normal. Windows Defender Advanced Threat Protection will contact the server every 300 seconds. AC state: true, battery saver mode : false, battery low state: false, battery critical state: false"
"18-08-2026 06:22:55","102","Information","Microsoft-Windows-SENSE","Windows Defender Advanced Threat Protection Network Detection and Response executable has started"
"18-08-2026 06:22:52","103","Information","Microsoft-Windows-SENSE","Windows Defender Advanced Threat Protection Network Detection and Response executable has ended"
"18-08-2026 06:22:51","102","Information","Microsoft-Windows-SENSE","Windows Defender Advanced Threat Protection Network Detection and Response executable has started"
"18-08-2026 06:22:49","39","Information","Microsoft-Windows-SENSE","Network connection is identified as normal. Windows Defender Advanced Threat Protection will contact the server every 300 seconds. Metered connection: false, internet available: true, free network available: true, proxy is defined by GP: false."
"18-08-2026 06:22:48","38","Information","Microsoft-Windows-SENSE","Network connection is identified as low. Windows Defender Advanced Threat Protection will contact the server every 300 seconds. Metered connection: false, internet available: false, free network available: false, proxy is defined by GP: false."
"18-08-2026 06:22:45","41","Information","Microsoft-Windows-SENSE","Battery state is identified as normal. Windows Defender Advanced Threat Protection will contact the server every 300 seconds. AC state: false, battery saver mode : false, battery low state: false, battery critical state: false"
"17-08-2026 21:27:56","41","Information","Microsoft-Windows-SENSE","Battery state is identified as normal. Windows Defender Advanced Threat Protection will contact the server every 300 seconds. AC state: false, battery saver mode : false, battery low state: false, battery critical state: false"
"17-08-2026 21:27:53","405","Error","Microsoft-Windows-SENSE","Failed to communicate with authentication service. ValidateToken request failed, hresult: 0x8000FFFF,  HTTP error code: 12007 ."
"17-08-2026 21:27:51","419","Information","Microsoft-Windows-SENSE","Windows Defender Advanced Threat Protection service authentication request signing completed successfully."
"17-08-2026 21:27:51","41","Information","Microsoft-Windows-SENSE","Battery state is identified as normal. Windows Defender Advanced Threat Protection will contact the server every 300 seconds. AC state: false, battery saver mode : false, battery low state: false, battery critical state: false"
"17-08-2026 21:27:51","41","Information","Microsoft-Windows-SENSE","Battery state is identified as normal. Windows Defender Advanced Threat Protection will contact the server every 300 seconds. AC state: false, battery saver mode : false, battery low state: false, battery critical state: false"
"17-08-2026 21:08:15","101","Error","Microsoft-Windows-SENSE","Windows Defender Advanced Threat Protection Network Detection and Response executable failed to start. Failure code: 0x80004002"
"17-08-2026 21:08:15","103","Information","Microsoft-Windows-SENSE","Windows Defender Advanced Threat Protection Network Detection and Response executable has ended"
"17-08-2026 21:08:14","38","Information","Microsoft-Windows-SENSE","Network connection is identified as low. Windows Defender Advanced Threat Protection will contact the server every 900 seconds. Metered connection: false, internet available: false, free network available: false, proxy is defined by GP: false."
"17-08-2026 21:08:08","411","Information","Microsoft-Windows-SENSE","Cyber telemetry upload has been suspended for Windows Defender Advanced Threat Protection service due to invalid/expired token."
"17-08-2026 21:08:08","40","Information","Microsoft-Windows-SENSE","Battery state is identified as low. Windows Defender Advanced Threat Protection will contact the server every 900 seconds. AC state: false, battery saver mode : true, battery low state: false, battery critical state: false"
"17-08-2026 21:08:08","40","Information","Microsoft-Windows-SENSE","Battery state is identified as low. Windows Defender Advanced Threat Protection will contact the server every 900 seconds. AC state: false, battery saver mode : true, battery low state: false, battery critical state: false"
"17-08-2026 21:06:45","419","Information","Microsoft-Windows-SENSE","Windows Defender Advanced Threat Protection service authentication request signing completed successfully."
"17-08-2026 20:38:03","131","Information","Microsoft-Windows-SENSE","Completed processing DLP policy type: dlppolicyconfiguration. Policy Hash: 639225753754268708-be1bf87ee96dcda4e7e273872cd2c7f5b83159cd, Timestamp: 18446744072375118960"
"17-08-2026 20:38:03","130","Information","Microsoft-Windows-SENSE","Received DLP policy type: dlppolicyconfiguration. Policy Hash: 639225753754268708-be1bf87ee96dcda4e7e273872cd2c7f5b83159cd, Timestamp: 18446744072375118960"
"17-08-2026 20:36:45","419","Information","Microsoft-Windows-SENSE","Windows Defender Advanced Threat Protection service authentication request signing completed successfully."
"17-08-2026 20:08:07","102","Information","Microsoft-Windows-SENSE","Windows Defender Advanced Threat Protection Network Detection and Response executable has started"
"17-08-2026 20:08:06","103","Information","Microsoft-Windows-SENSE","Windows Defender Advanced Threat Protection Network Detection and Response executable has ended"
"17-08-2026 20:08:05","102","Information","Microsoft-Windows-SENSE","Windows Defender Advanced Threat Protection Network Detection and Response executable has started"
"17-08-2026 20:08:03","103","Information","Microsoft-Windows-SENSE","Windows Defender Advanced Threat Protection Network Detection and Response executable has ended"
"17-08-2026 20:07:54","41","Information","Microsoft-Windows-SENSE","Battery state is identified as normal. Windows Defender Advanced Threat Protection will contact the server every 300 seconds. AC state: false, battery saver mode : false, battery low state: false, battery critical state: false"
"17-08-2026 20:06:45","419","Information","Microsoft-Windows-SENSE","Windows Defender Advanced Threat Protection service authentication request signing completed successfully."
"17-08-2026 19:44:24","4","Information","Microsoft-Windows-SENSE","Contacted server 47 times, all succeeded, URI: https://winatp-gw-weu.microsoft.com/."
"17-08-2026 19:36:45","419","Information","Microsoft-Windows-SENSE","Windows Defender Advanced Threat Protection service authentication request signing completed successfully."
"17-08-2026 19:11:08","41","Information","Microsoft-Windows-SENSE","Battery state is identified as normal. Windows Defender Advanced Threat Protection will contact the server every 300 seconds. AC state: true, battery saver mode : false, battery low state: false, battery critical state: false"
"17-08-2026 19:06:45","419","Information","Microsoft-Windows-SENSE","Windows Defender Advanced Threat Protection service authentication request signing completed successfully."
"17-08-2026 18:36:45","419","Information","Microsoft-Windows-SENSE","Windows Defender Advanced Threat Protection service authentication request signing completed successfully."
"17-08-2026 18:06:45","419","Information","Microsoft-Windows-SENSE","Windows Defender Advanced Threat Protection service authentication request signing completed successfully."
"17-08-2026 17:51:47","102","Information","Microsoft-Windows-SENSE","Windows Defender Advanced Threat Protection Network Detection and Response executable has started"
"17-08-2026 17:51:45","103","Information","Microsoft-Windows-SENSE","Windows Defender Advanced Threat Protection Network Detection and Response executable has ended"
"17-08-2026 17:48:13","102","Information","Microsoft-Windows-SENSE","Windows Defender Advanced Threat Protection Network Detection and Response executable has started"
"17-08-2026 17:48:12","103","Information","Microsoft-Windows-SENSE","Windows Defender Advanced Threat Protection Network Detection and Response executable has ended"
"17-08-2026 17:48:10","102","Information","Microsoft-Windows-SENSE","Windows Defender Advanced Threat Protection Network Detection and Response executable has started"
"17-08-2026 17:48:09","103","Information","Microsoft-Windows-SENSE","Windows Defender Advanced Threat Protection Network Detection and Response executable has ended"
"17-08-2026 17:47:42","102","Information","Microsoft-Windows-SENSE","Windows Defender Advanced Threat Protection Network Detection and Response executable has started"
"17-08-2026 17:47:41","103","Information","Microsoft-Windows-SENSE","Windows Defender Advanced Threat Protection Network Detection and Response executable has ended"
"17-08-2026 17:47:37","102","Information","Microsoft-Windows-SENSE","Windows Defender Advanced Threat Protection Network Detection and Response executable has started"
"17-08-2026 17:47:36","103","Information","Microsoft-Windows-SENSE","Windows Defender Advanced Threat Protection Network Detection and Response executable has ended"
"17-08-2026 17:36:45","419","Information","Microsoft-Windows-SENSE","Windows Defender Advanced Threat Protection service authentication request signing completed successfully."
"17-08-2026 17:06:45","419","Information","Microsoft-Windows-SENSE","Windows Defender Advanced Threat Protection service authentication request signing completed successfully."
"17-08-2026 16:57:37","102","Information","Microsoft-Windows-SENSE","Windows Defender Advanced Threat Protection Network Detection and Response executable has started"
"17-08-2026 16:57:35","103","Information","Microsoft-Windows-SENSE","Windows Defender Advanced Threat Protection Network Detection and Response executable has ended"
"17-08-2026 16:57:30","102","Information","Microsoft-Windows-SENSE","Windows Defender Advanced Threat Protection Network Detection and Response executable has started"
"17-08-2026 16:57:28","103","Information","Microsoft-Windows-SENSE","Windows Defender Advanced Threat Protection Network Detection and Response executable has ended"
"17-08-2026 16:57:11","102","Information","Microsoft-Windows-SENSE","Windows Defender Advanced Threat Protection Network Detection and Response executable has started"
"17-08-2026 16:57:10","103","Information","Microsoft-Windows-SENSE","Windows Defender Advanced Threat Protection Network Detection and Response executable has ended"
"17-08-2026 16:57:06","102","Information","Microsoft-Windows-SENSE","Windows Defender Advanced Threat Protection Network Detection and Response executable has started"
"17-08-2026 16:57:04","103","Information","Microsoft-Windows-SENSE","Windows Defender Advanced Threat Protection Network Detection and Response executable has ended"
"17-08-2026 16:56:33","102","Information","Microsoft-Windows-SENSE","Windows Defender Advanced Threat Protection Network Detection and Response executable has started"
"17-08-2026 16:56:32","103","Information","Microsoft-Windows-SENSE","Windows Defender Advanced Threat Protection Network Detection and Response executable has ended"
"17-08-2026 16:56:13","41","Information","Microsoft-Windows-SENSE","Battery state is identified as normal. Windows Defender Advanced Threat Protection will contact the server every 300 seconds. AC state: false, battery saver mode : false, battery low state: false, battery critical state: false"
"17-08-2026 16:36:45","419","Information","Microsoft-Windows-SENSE","Windows Defender Advanced Threat Protection service authentication request signing completed successfully."
"17-08-2026 16:07:54","102","Information","Microsoft-Windows-SENSE","Windows Defender Advanced Threat Protection Network Detection and Response executable has started"
"17-08-2026 16:07:53","103","Information","Microsoft-Windows-SENSE","Windows Defender Advanced Threat Protection Network Detection and Response executable has ended"
"17-08-2026 16:07:46","102","Information","Microsoft-Windows-SENSE","Windows Defender Advanced Threat Protection Network Detection and Response executable has started"
"17-08-2026 16:07:45","103","Information","Microsoft-Windows-SENSE","Windows Defender Advanced Threat Protection Network Detection and Response executable has ended"
"17-08-2026 16:06:45","419","Information","Microsoft-Windows-SENSE","Windows Defender Advanced Threat Protection service authentication request signing completed successfully."
"17-08-2026 15:44:24","4","Information","Microsoft-Windows-SENSE","Contacted server 47 times, all succeeded, URI: https://winatp-gw-weu.microsoft.com/."
"17-08-2026 15:36:45","419","Information","Microsoft-Windows-SENSE","Windows Defender Advanced Threat Protection service authentication request signing completed successfully."
"17-08-2026 15:06:45","419","Information","Microsoft-Windows-SENSE","Windows Defender Advanced Threat Protection service authentication request signing completed successfully."
"17-08-2026 14:36:45","419","Information","Microsoft-Windows-SENSE","Windows Defender Advanced Threat Protection service authentication request signing completed successfully."
"17-08-2026 14:06:46","419","Information","Microsoft-Windows-SENSE","Windows Defender Advanced Threat Protection service authentication request signing completed successfully."
"17-08-2026 13:36:46","419","Information","Microsoft-Windows-SENSE","Windows Defender Advanced Threat Protection service authentication request signing completed successfully."
"17-08-2026 13:06:46","419","Information","Microsoft-Windows-SENSE","Windows Defender Advanced Threat Protection service authentication request signing completed successfully."
"17-08-2026 12:36:46","419","Information","Microsoft-Windows-SENSE","Windows Defender Advanced Threat Protection service authentication request signing completed successfully."
"17-08-2026 12:06:46","419","Information","Microsoft-Windows-SENSE","Windows Defender Advanced Threat Protection service authentication request signing completed successfully."
"17-08-2026 11:44:26","4","Information","Microsoft-Windows-SENSE","Contacted server 82 times, all succeeded, URI: https://winatp-gw-weu.microsoft.com/."
"17-08-2026 11:36:46","419","Information","Microsoft-Windows-SENSE","Windows Defender Advanced Threat Protection service authentication request signing completed successfully."
"17-08-2026 11:06:46","419","Information","Microsoft-Windows-SENSE","Windows Defender Advanced Threat Protection service authentication request signing completed successfully."
"17-08-2026 10:36:46","419","Information","Microsoft-Windows-SENSE","Windows Defender Advanced Threat Protection service authentication request signing completed successfully."
"17-08-2026 10:06:46","419","Information","Microsoft-Windows-SENSE","Windows Defender Advanced Threat Protection service authentication request signing completed successfully."
"17-08-2026 09:44:15","1841","Verbose","Microsoft-Windows-SENSE","CSP: Get AadDeviceId complete. Value: (b0a5bc0f-7566-4771-a98b-e1b6a6bd0645), IsDefault: (false)."
"17-08-2026 09:44:15","1806","Verbose","Microsoft-Windows-SENSE","CSP: Get Onboarding State value complete. Result: (1), IsDefault: (false)."
"17-08-2026 09:44:15","1805","Verbose","Microsoft-Windows-SENSE","CSP: Get Sense Is Running value complete. Result: (0x1)."
"17-08-2026 09:44:15","1809","Verbose","Microsoft-Windows-SENSE","CSP: Get Sample Sharing value complete. Result: (1), IsDefault: (true)."
"17-08-2026 09:44:15","1807","Verbose","Microsoft-Windows-SENSE","CSP: Get Onboarding value complete. Onboarding Blob Hash: (0x9DF75D74030C7DBF), IsDefault: (false), Onboarding State: (0x1), Onboarding State IsDefault: (false)"
"17-08-2026 09:44:15","1832","Verbose","Microsoft-Windows-SENSE","CSP: Get Device Tagging Group complete. Value: (Workstations), IsDefault: (false)."
"17-08-2026 09:44:06","1841","Verbose","Microsoft-Windows-SENSE","CSP: Get AadDeviceId complete. Value: (b0a5bc0f-7566-4771-a98b-e1b6a6bd0645), IsDefault: (false)."
"17-08-2026 09:44:06","1806","Verbose","Microsoft-Windows-SENSE","CSP: Get Onboarding State value complete. Result: (1), IsDefault: (false)."
"17-08-2026 09:44:06","1805","Verbose","Microsoft-Windows-SENSE","CSP: Get Sense Is Running value complete. Result: (0x1)."
"17-08-2026 09:44:04","1809","Verbose","Microsoft-Windows-SENSE","CSP: Get Sample Sharing value complete. Result: (1), IsDefault: (true)."
"17-08-2026 09:44:04","1807","Verbose","Microsoft-Windows-SENSE","CSP: Get Onboarding value complete. Onboarding Blob Hash: (0x9DF75D74030C7DBF), IsDefault: (false), Onboarding State: (0x1), Onboarding State IsDefault: (false)"
"17-08-2026 09:44:03","1832","Verbose","Microsoft-Windows-SENSE","CSP: Get Device Tagging Group complete. Value: (Workstations), IsDefault: (false)."
"17-08-2026 09:43:10","1841","Verbose","Microsoft-Windows-SENSE","CSP: Get AadDeviceId complete. Value: (b0a5bc0f-7566-4771-a98b-e1b6a6bd0645), IsDefault: (false)."
"17-08-2026 09:43:10","1806","Verbose","Microsoft-Windows-SENSE","CSP: Get Onboarding State value complete. Result: (1), IsDefault: (false)."
"17-08-2026 09:43:10","1805","Verbose","Microsoft-Windows-SENSE","CSP: Get Sense Is Running value complete. Result: (0x1)."
"17-08-2026 09:43:10","1809","Verbose","Microsoft-Windows-SENSE","CSP: Get Sample Sharing value complete. Result: (1), IsDefault: (true)."
"17-08-2026 09:43:10","1807","Verbose","Microsoft-Windows-SENSE","CSP: Get Onboarding value complete. Onboarding Blob Hash: (0x9DF75D74030C7DBF), IsDefault: (false), Onboarding State: (0x1), Onboarding State IsDefault: (false)"
"17-08-2026 09:43:10","1832","Verbose","Microsoft-Windows-SENSE","CSP: Get Device Tagging Group complete. Value: (Workstations), IsDefault: (false)."
"17-08-2026 09:43:01","1841","Verbose","Microsoft-Windows-SENSE","CSP: Get AadDeviceId complete. Value: (b0a5bc0f-7566-4771-a98b-e1b6a6bd0645), IsDefault: (false)."
"17-08-2026 09:43:01","1806","Verbose","Microsoft-Windows-SENSE","CSP: Get Onboarding State value complete. Result: (1), IsDefault: (false)."
"17-08-2026 09:43:01","1805","Verbose","Microsoft-Windows-SENSE","CSP: Get Sense Is Running value complete. Result: (0x1)."
"17-08-2026 09:42:59","1809","Verbose","Microsoft-Windows-SENSE","CSP: Get Sample Sharing value complete. Result: (1), IsDefault: (true)."
"17-08-2026 09:42:59","1807","Verbose","Microsoft-Windows-SENSE","CSP: Get Onboarding value complete. Onboarding Blob Hash: (0x9DF75D74030C7DBF), IsDefault: (false), Onboarding State: (0x1), Onboarding State IsDefault: (false)"
"17-08-2026 09:42:58","1832","Verbose","Microsoft-Windows-SENSE","CSP: Get Device Tagging Group complete. Value: (Workstations), IsDefault: (false)."
"17-08-2026 09:41:46","1841","Verbose","Microsoft-Windows-SENSE","CSP: Get AadDeviceId complete. Value: (b0a5bc0f-7566-4771-a98b-e1b6a6bd0645), IsDefault: (false)."
"17-08-2026 09:41:46","1806","Verbose","Microsoft-Windows-SENSE","CSP: Get Onboarding State value complete. Result: (1), IsDefault: (false)."
"17-08-2026 09:41:46","1805","Verbose","Microsoft-Windows-SENSE","CSP: Get Sense Is Running value complete. Result: (0x1)."
"17-08-2026 09:41:46","1809","Verbose","Microsoft-Windows-SENSE","CSP: Get Sample Sharing value complete. Result: (1), IsDefault: (true)."
"17-08-2026 09:41:46","1807","Verbose","Microsoft-Windows-SENSE","CSP: Get Onboarding value complete. Onboarding Blob Hash: (0x9DF75D74030C7DBF), IsDefault: (false), Onboarding State: (0x1), Onboarding State IsDefault: (false)"
"17-08-2026 09:41:46","1832","Verbose","Microsoft-Windows-SENSE","CSP: Get Device Tagging Group complete. Value: (Workstations), IsDefault: (false)."
"17-08-2026 09:41:37","1841","Verbose","Microsoft-Windows-SENSE","CSP: Get AadDeviceId complete. Value: (b0a5bc0f-7566-4771-a98b-e1b6a6bd0645), IsDefault: (false)."
"17-08-2026 09:41:37","1806","Verbose","Microsoft-Windows-SENSE","CSP: Get Onboarding State value complete. Result: (1), IsDefault: (false)."
"17-08-2026 09:41:36","1805","Verbose","Microsoft-Windows-SENSE","CSP: Get Sense Is Running value complete. Result: (0x1)."
