"15-07-2026 14:58:39","26","Information","Microsoft-Windows-WindowsUpdateClient","Windows Update successfully found 0 updates."
"15-07-2026 14:58:39","26","Information","Microsoft-Windows-WindowsUpdateClient","Windows Update successfully found 1 updates."
"15-07-2026 13:23:07","26","Information","Microsoft-Windows-WindowsUpdateClient","Windows Update successfully found 0 updates."
"15-07-2026 12:58:06","26","Information","Microsoft-Windows-WindowsUpdateClient","Windows Update successfully found 0 updates."
"15-07-2026 12:58:06","26","Information","Microsoft-Windows-WindowsUpdateClient","Windows Update successfully found 0 updates."
"15-07-2026 12:20:40","41","Information","Microsoft-Windows-WindowsUpdateClient","An update was downloaded."
"15-07-2026 12:20:40","26","Information","Microsoft-Windows-WindowsUpdateClient","Windows Update successfully found 0 updates."
"15-07-2026 12:20:40","26","Information","Microsoft-Windows-WindowsUpdateClient","Windows Update successfully found 1 updates."
"15-07-2026 10:59:05","41","Information","Microsoft-Windows-WindowsUpdateClient","An update was downloaded."
"15-07-2026 10:58:25","26","Information","Microsoft-Windows-WindowsUpdateClient","Windows Update successfully found 0 updates."
"15-07-2026 10:58:25","26","Information","Microsoft-Windows-WindowsUpdateClient","Windows Update successfully found 1 updates."
"15-07-2026 10:36:13","26","Information","Microsoft-Windows-WindowsUpdateClient","Windows Update successfully found 0 updates."
"15-07-2026 10:35:57","26","Information","Microsoft-Windows-WindowsUpdateClient","Windows Update successfully found 1 updates."
"15-07-2026 09:17:00","26","Information","Microsoft-Windows-WindowsUpdateClient","Windows Update successfully found 5 updates."
"15-07-2026 09:16:05","25","Error","Microsoft-Windows-WindowsUpdateClient","Windows Update failed to check for updates with error 0x80240438."
"14-07-2026 20:17:38","26","Information","Microsoft-Windows-WindowsUpdateClient","Windows Update successfully found 0 updates."
"14-07-2026 20:17:38","26","Information","Microsoft-Windows-WindowsUpdateClient","Windows Update successfully found 0 updates."
"14-07-2026 20:07:33","41","Information","Microsoft-Windows-WindowsUpdateClient","An update was downloaded."
"14-07-2026 20:07:29","26","Information","Microsoft-Windows-WindowsUpdateClient","Windows Update successfully found 0 updates."
"14-07-2026 20:07:29","26","Information","Microsoft-Windows-WindowsUpdateClient","Windows Update successfully found 1 updates."
"14-07-2026 19:39:17","41","Information","Microsoft-Windows-WindowsUpdateClient","An update was downloaded."
"14-07-2026 19:34:09","41","Information","Microsoft-Windows-WindowsUpdateClient","An update was downloaded."
"14-07-2026 19:33:15","41","Information","Microsoft-Windows-WindowsUpdateClient","An update was downloaded."
"14-07-2026 19:32:58","41","Information","Microsoft-Windows-WindowsUpdateClient","An update was downloaded."
"14-07-2026 19:31:10","41","Information","Microsoft-Windows-WindowsUpdateClient","An update was downloaded."
"14-07-2026 19:30:07","41","Information","Microsoft-Windows-WindowsUpdateClient","An update was downloaded."
"14-07-2026 19:30:07","41","Information","Microsoft-Windows-WindowsUpdateClient","An update was downloaded."
"14-07-2026 19:28:54","41","Information","Microsoft-Windows-WindowsUpdateClient","An update was downloaded."
"14-07-2026 19:28:48","41","Information","Microsoft-Windows-WindowsUpdateClient","An update was downloaded."
"14-07-2026 19:28:42","41","Information","Microsoft-Windows-WindowsUpdateClient","An update was downloaded."
"14-07-2026 19:26:49","26","Information","Microsoft-Windows-WindowsUpdateClient","Windows Update successfully found 6 updates."
"14-07-2026 19:25:25","26","Information","Microsoft-Windows-WindowsUpdateClient","Windows Update successfully found 6 updates."
"14-07-2026 19:25:05","26","Information","Microsoft-Windows-WindowsUpdateClient","Windows Update successfully found 35 updates."
"14-07-2026 19:24:43","26","Information","Microsoft-Windows-WindowsUpdateClient","Windows Update successfully found 13 updates."
"14-07-2026 18:07:20","41","Information","Microsoft-Windows-WindowsUpdateClient","An update was downloaded."
"14-07-2026 18:07:20","26","Information","Microsoft-Windows-WindowsUpdateClient","Windows Update successfully found 0 updates."
"14-07-2026 18:07:20","26","Information","Microsoft-Windows-WindowsUpdateClient","Windows Update successfully found 1 updates."
"14-07-2026 16:07:28","26","Information","Microsoft-Windows-WindowsUpdateClient","Windows Update successfully found 0 updates."
"14-07-2026 16:07:28","26","Information","Microsoft-Windows-WindowsUpdateClient","Windows Update successfully found 0 updates."
"14-07-2026 14:30:39","41","Information","Microsoft-Windows-WindowsUpdateClient","An update was downloaded."
"14-07-2026 14:30:34","41","Information","Microsoft-Windows-WindowsUpdateClient","An update was downloaded."
"14-07-2026 14:29:49","26","Information","Microsoft-Windows-WindowsUpdateClient","Windows Update successfully found 1 updates."
"14-07-2026 14:07:28","41","Information","Microsoft-Windows-WindowsUpdateClient","An update was downloaded."
"14-07-2026 14:07:27","26","Information","Microsoft-Windows-WindowsUpdateClient","Windows Update successfully found 0 updates."
"14-07-2026 14:07:27","26","Information","Microsoft-Windows-WindowsUpdateClient","Windows Update successfully found 1 updates."
"14-07-2026 13:37:28","26","Information","Microsoft-Windows-WindowsUpdateClient","Windows Update successfully found 0 updates."
"14-07-2026 13:37:28","26","Information","Microsoft-Windows-WindowsUpdateClient","Windows Update successfully found 0 updates."
"14-07-2026 12:07:20","41","Information","Microsoft-Windows-WindowsUpdateClient","An update was downloaded."
"14-07-2026 12:07:19","26","Information","Microsoft-Windows-WindowsUpdateClient","Windows Update successfully found 0 updates."
"14-07-2026 12:07:19","26","Information","Microsoft-Windows-WindowsUpdateClient","Windows Update successfully found 1 updates."
"14-07-2026 10:37:16","26","Information","Microsoft-Windows-WindowsUpdateClient","Windows Update successfully found 0 updates."
"14-07-2026 10:36:58","26","Information","Microsoft-Windows-WindowsUpdateClient","Windows Update successfully found 0 updates."
"14-07-2026 10:07:40","26","Information","Microsoft-Windows-WindowsUpdateClient","Windows Update successfully found 0 updates."
"14-07-2026 10:07:40","26","Information","Microsoft-Windows-WindowsUpdateClient","Windows Update successfully found 0 updates."
"14-07-2026 09:52:58","41","Information","Microsoft-Windows-WindowsUpdateClient","An update was downloaded."
"14-07-2026 09:52:51","41","Information","Microsoft-Windows-WindowsUpdateClient","An update was downloaded."
"14-07-2026 09:52:50","26","Information","Microsoft-Windows-WindowsUpdateClient","Windows Update successfully found 5 updates."
"14-07-2026 09:52:38","26","Information","Microsoft-Windows-WindowsUpdateClient","Windows Update successfully found 1 updates."
"14-07-2026 09:37:37","41","Information","Microsoft-Windows-WindowsUpdateClient","An update was downloaded."
"14-07-2026 09:36:49","41","Information","Microsoft-Windows-WindowsUpdateClient","An update was downloaded."
"14-07-2026 09:36:49","41","Information","Microsoft-Windows-WindowsUpdateClient","An update was downloaded."
"13-07-2026 19:16:43","26","Information","Microsoft-Windows-WindowsUpdateClient","Windows Update successfully found 0 updates."
"13-07-2026 19:15:49","26","Information","Microsoft-Windows-WindowsUpdateClient","Windows Update successfully found 0 updates."
"13-07-2026 19:15:32","26","Information","Microsoft-Windows-WindowsUpdateClient","Windows Update successfully found 34 updates."
"13-07-2026 19:15:13","26","Information","Microsoft-Windows-WindowsUpdateClient","Windows Update successfully found 7 updates."
"13-07-2026 18:59:24","26","Information","Microsoft-Windows-WindowsUpdateClient","Windows Update successfully found 0 updates."
"13-07-2026 18:59:24","26","Information","Microsoft-Windows-WindowsUpdateClient","Windows Update successfully found 0 updates."
"13-07-2026 16:59:29","41","Information","Microsoft-Windows-WindowsUpdateClient","An update was downloaded."
"13-07-2026 16:59:29","26","Information","Microsoft-Windows-WindowsUpdateClient","Windows Update successfully found 0 updates."
"13-07-2026 16:59:29","26","Information","Microsoft-Windows-WindowsUpdateClient","Windows Update successfully found 1 updates."
"13-07-2026 15:51:19","26","Information","Microsoft-Windows-WindowsUpdateClient","Windows Update successfully found 0 updates."
"13-07-2026 15:51:07","26","Information","Microsoft-Windows-WindowsUpdateClient","Windows Update successfully found 0 updates."
"13-07-2026 14:59:09","26","Information","Microsoft-Windows-WindowsUpdateClient","Windows Update successfully found 0 updates."
"13-07-2026 14:59:09","26","Information","Microsoft-Windows-WindowsUpdateClient","Windows Update successfully found 0 updates."
"13-07-2026 14:49:56","41","Information","Microsoft-Windows-WindowsUpdateClient","An update was downloaded."
"13-07-2026 14:49:56","26","Information","Microsoft-Windows-WindowsUpdateClient","Windows Update successfully found 0 updates."
"13-07-2026 14:49:56","26","Information","Microsoft-Windows-WindowsUpdateClient","Windows Update successfully found 1 updates."
"13-07-2026 12:59:49","41","Information","Microsoft-Windows-WindowsUpdateClient","An update was downloaded."
"13-07-2026 12:59:49","26","Information","Microsoft-Windows-WindowsUpdateClient","Windows Update successfully found 0 updates."
"13-07-2026 12:59:49","26","Information","Microsoft-Windows-WindowsUpdateClient","Windows Update successfully found 1 updates."
"13-07-2026 10:59:07","26","Information","Microsoft-Windows-WindowsUpdateClient","Windows Update successfully found 0 updates."
"13-07-2026 10:59:07","26","Information","Microsoft-Windows-WindowsUpdateClient","Windows Update successfully found 0 updates."
"13-07-2026 10:12:11","41","Information","Microsoft-Windows-WindowsUpdateClient","An update was downloaded."
"13-07-2026 10:12:11","26","Information","Microsoft-Windows-WindowsUpdateClient","Windows Update successfully found 5 updates."
"13-07-2026 10:12:00","26","Information","Microsoft-Windows-WindowsUpdateClient","Windows Update successfully found 1 updates."
"13-07-2026 10:04:46","26","Information","Microsoft-Windows-WindowsUpdateClient","Windows Update successfully found 0 updates."
"12-07-2026 20:42:52","41","Information","Microsoft-Windows-WindowsUpdateClient","An update was downloaded."
"12-07-2026 20:42:52","26","Information","Microsoft-Windows-WindowsUpdateClient","Windows Update successfully found 0 updates."
"12-07-2026 20:42:52","26","Information","Microsoft-Windows-WindowsUpdateClient","Windows Update successfully found 1 updates."
"12-07-2026 19:53:30","41","Information","Microsoft-Windows-WindowsUpdateClient","An update was downloaded."
"12-07-2026 19:53:24","41","Information","Microsoft-Windows-WindowsUpdateClient","An update was downloaded."
"12-07-2026 19:53:17","41","Information","Microsoft-Windows-WindowsUpdateClient","An update was downloaded."
"12-07-2026 19:53:17","41","Information","Microsoft-Windows-WindowsUpdateClient","An update was downloaded."
"12-07-2026 18:49:45","26","Information","Microsoft-Windows-WindowsUpdateClient","Windows Update successfully found 0 updates."
"12-07-2026 18:48:38","26","Information","Microsoft-Windows-WindowsUpdateClient","Windows Update successfully found 0 updates."
"12-07-2026 18:48:23","26","Information","Microsoft-Windows-WindowsUpdateClient","Windows Update successfully found 34 updates."
"12-07-2026 18:48:04","26","Information","Microsoft-Windows-WindowsUpdateClient","Windows Update successfully found 7 updates."
"12-07-2026 18:42:49","26","Information","Microsoft-Windows-WindowsUpdateClient","Windows Update successfully found 0 updates."
"12-07-2026 18:42:49","26","Information","Microsoft-Windows-WindowsUpdateClient","Windows Update successfully found 0 updates."
"12-07-2026 18:36:37","26","Information","Microsoft-Windows-WindowsUpdateClient","Windows Update successfully found 0 updates."
"12-07-2026 18:28:38","41","Information","Microsoft-Windows-WindowsUpdateClient","An update was downloaded."
"12-07-2026 18:27:31","41","Information","Microsoft-Windows-WindowsUpdateClient","An update was downloaded."
"12-07-2026 18:27:30","26","Information","Microsoft-Windows-WindowsUpdateClient","Windows Update successfully found 5 updates."
"12-07-2026 18:27:05","41","Information","Microsoft-Windows-WindowsUpdateClient","An update was downloaded."
"12-07-2026 18:26:27","26","Information","Microsoft-Windows-WindowsUpdateClient","Windows Update successfully found 1 updates."
"12-07-2026 18:26:23","41","Information","Microsoft-Windows-WindowsUpdateClient","An update was downloaded."
"12-07-2026 18:26:13","41","Information","Microsoft-Windows-WindowsUpdateClient","An update was downloaded."
"12-07-2026 18:26:02","41","Information","Microsoft-Windows-WindowsUpdateClient","An update was downloaded."
"12-07-2026 18:25:52","41","Information","Microsoft-Windows-WindowsUpdateClient","An update was downloaded."
"12-07-2026 18:25:44","41","Information","Microsoft-Windows-WindowsUpdateClient","An update was downloaded."
"11-07-2026 18:11:13","26","Information","Microsoft-Windows-WindowsUpdateClient","Windows Update successfully found 0 updates."
"11-07-2026 17:22:15","26","Information","Microsoft-Windows-WindowsUpdateClient","Windows Update successfully found 0 updates."
"11-07-2026 15:36:56","26","Information","Microsoft-Windows-WindowsUpdateClient","Windows Update successfully found 0 updates."
"11-07-2026 15:36:56","26","Information","Microsoft-Windows-WindowsUpdateClient","Windows Update successfully found 0 updates."
"11-07-2026 15:33:23","41","Information","Microsoft-Windows-WindowsUpdateClient","An update was downloaded."
"11-07-2026 15:33:23","26","Information","Microsoft-Windows-WindowsUpdateClient","Windows Update successfully found 0 updates."
"11-07-2026 15:33:23","26","Information","Microsoft-Windows-WindowsUpdateClient","Windows Update successfully found 1 updates."
"11-07-2026 13:33:26","41","Information","Microsoft-Windows-WindowsUpdateClient","An update was downloaded."
"11-07-2026 13:33:26","26","Information","Microsoft-Windows-WindowsUpdateClient","Windows Update successfully found 0 updates."
"11-07-2026 13:33:26","26","Information","Microsoft-Windows-WindowsUpdateClient","Windows Update successfully found 1 updates."
"11-07-2026 11:56:02","26","Information","Microsoft-Windows-WindowsUpdateClient","Windows Update successfully found 3 updates."
"11-07-2026 11:54:51","26","Information","Microsoft-Windows-WindowsUpdateClient","Windows Update successfully found 3 updates."
"11-07-2026 11:54:29","26","Information","Microsoft-Windows-WindowsUpdateClient","Windows Update successfully found 34 updates."
"11-07-2026 11:54:05","26","Information","Microsoft-Windows-WindowsUpdateClient","Windows Update successfully found 10 updates."
"11-07-2026 11:32:46","26","Information","Microsoft-Windows-WindowsUpdateClient","Windows Update successfully found 0 updates."
"11-07-2026 11:32:46","26","Information","Microsoft-Windows-WindowsUpdateClient","Windows Update successfully found 0 updates."
"11-07-2026 09:59:23","41","Information","Microsoft-Windows-WindowsUpdateClient","An update was downloaded."
"11-07-2026 09:59:23","26","Information","Microsoft-Windows-WindowsUpdateClient","Windows Update successfully found 5 updates."
"11-07-2026 09:59:10","26","Information","Microsoft-Windows-WindowsUpdateClient","Windows Update successfully found 1 updates."
"11-07-2026 09:32:44","41","Information","Microsoft-Windows-WindowsUpdateClient","An update was downloaded."
"11-07-2026 09:32:44","26","Information","Microsoft-Windows-WindowsUpdateClient","Windows Update successfully found 0 updates."
"11-07-2026 09:32:44","26","Information","Microsoft-Windows-WindowsUpdateClient","Windows Update successfully found 1 updates."
"11-07-2026 09:12:58","26","Information","Microsoft-Windows-WindowsUpdateClient","Windows Update successfully found 0 updates."
"11-07-2026 09:12:13","26","Information","Microsoft-Windows-WindowsUpdateClient","Windows Update successfully found 0 updates."
"11-07-2026 09:11:57","26","Information","Microsoft-Windows-WindowsUpdateClient","Windows Update successfully found 1 updates."
"10-07-2026 15:30:00","41","Information","Microsoft-Windows-WindowsUpdateClient","An update was downloaded."
"10-07-2026 15:30:00","26","Information","Microsoft-Windows-WindowsUpdateClient","Windows Update successfully found 0 updates."
"10-07-2026 15:30:00","26","Information","Microsoft-Windows-WindowsUpdateClient","Windows Update successfully found 1 updates."
"10-07-2026 13:45:32","26","Information","Microsoft-Windows-WindowsUpdateClient","Windows Update successfully found 0 updates."
"10-07-2026 13:45:32","26","Information","Microsoft-Windows-WindowsUpdateClient","Windows Update successfully found 0 updates."
"10-07-2026 13:29:38","26","Information","Microsoft-Windows-WindowsUpdateClient","Windows Update successfully found 0 updates."
"10-07-2026 13:29:38","26","Information","Microsoft-Windows-WindowsUpdateClient","Windows Update successfully found 0 updates."
"10-07-2026 11:29:36","41","Information","Microsoft-Windows-WindowsUpdateClient","An update was downloaded."
"10-07-2026 11:29:36","26","Information","Microsoft-Windows-WindowsUpdateClient","Windows Update successfully found 0 updates."
"10-07-2026 11:29:36","26","Information","Microsoft-Windows-WindowsUpdateClient","Windows Update successfully found 1 updates."
"10-07-2026 11:04:25","26","Information","Microsoft-Windows-WindowsUpdateClient","Windows Update successfully found 3 updates."
"10-07-2026 11:03:14","26","Information","Microsoft-Windows-WindowsUpdateClient","Windows Update successfully found 3 updates."
"10-07-2026 11:02:51","26","Information","Microsoft-Windows-WindowsUpdateClient","Windows Update successfully found 34 updates."
"10-07-2026 11:02:26","26","Information","Microsoft-Windows-WindowsUpdateClient","Windows Update successfully found 10 updates."
"10-07-2026 10:44:01","26","Information","Microsoft-Windows-WindowsUpdateClient","Windows Update successfully found 0 updates."
"10-07-2026 10:43:49","26","Information","Microsoft-Windows-WindowsUpdateClient","Windows Update successfully found 0 updates."
"10-07-2026 10:43:41","26","Information","Microsoft-Windows-WindowsUpdateClient","Windows Update successfully found 0 updates."
"10-07-2026 10:42:29","26","Information","Microsoft-Windows-WindowsUpdateClient","Windows Update successfully found 0 updates."
"10-07-2026 10:06:30","26","Information","Microsoft-Windows-WindowsUpdateClient","Windows Update successfully found 0 updates."
"10-07-2026 10:06:11","26","Information","Microsoft-Windows-WindowsUpdateClient","Windows Update successfully found 0 updates."
"10-07-2026 10:01:30","41","Information","Microsoft-Windows-WindowsUpdateClient","An update was downloaded."
"10-07-2026 10:01:29","26","Information","Microsoft-Windows-WindowsUpdateClient","Windows Update successfully found 5 updates."
"10-07-2026 10:01:15","26","Information","Microsoft-Windows-WindowsUpdateClient","Windows Update successfully found 1 updates."
"09-07-2026 20:14:22","41","Information","Microsoft-Windows-WindowsUpdateClient","An update was downloaded."
"09-07-2026 20:14:22","26","Information","Microsoft-Windows-WindowsUpdateClient","Windows Update successfully found 0 updates."
"09-07-2026 20:14:22","26","Information","Microsoft-Windows-WindowsUpdateClient","Windows Update successfully found 1 updates."
"09-07-2026 18:14:36","41","Information","Microsoft-Windows-WindowsUpdateClient","An update was downloaded."
"09-07-2026 18:14:36","26","Information","Microsoft-Windows-WindowsUpdateClient","Windows Update successfully found 0 updates."
"09-07-2026 18:14:36","26","Information","Microsoft-Windows-WindowsUpdateClient","Windows Update successfully found 1 updates."
"09-07-2026 16:14:17","26","Information","Microsoft-Windows-WindowsUpdateClient","Windows Update successfully found 0 updates."
"09-07-2026 16:14:17","26","Information","Microsoft-Windows-WindowsUpdateClient","Windows Update successfully found 0 updates."
"09-07-2026 14:24:28","26","Information","Microsoft-Windows-WindowsUpdateClient","Windows Update successfully found 0 updates."
"09-07-2026 14:24:28","26","Information","Microsoft-Windows-WindowsUpdateClient","Windows Update successfully found 0 updates."
"09-07-2026 14:14:23","41","Information","Microsoft-Windows-WindowsUpdateClient","An update was downloaded."
"09-07-2026 14:14:23","26","Information","Microsoft-Windows-WindowsUpdateClient","Windows Update successfully found 0 updates."
"09-07-2026 14:14:23","26","Information","Microsoft-Windows-WindowsUpdateClient","Windows Update successfully found 1 updates."
"09-07-2026 13:24:52","26","Information","Microsoft-Windows-WindowsUpdateClient","Windows Update successfully found 0 updates."
"09-07-2026 13:24:52","26","Information","Microsoft-Windows-WindowsUpdateClient","Windows Update successfully found 0 updates."
"09-07-2026 12:02:08","41","Information","Microsoft-Windows-WindowsUpdateClient","An update was downloaded."
"09-07-2026 12:02:08","26","Information","Microsoft-Windows-WindowsUpdateClient","Windows Update successfully found 0 updates."
"09-07-2026 12:02:08","26","Information","Microsoft-Windows-WindowsUpdateClient","Windows Update successfully found 1 updates."
"09-07-2026 11:41:14","26","Information","Microsoft-Windows-WindowsUpdateClient","Windows Update successfully found 0 updates."
"09-07-2026 11:40:45","26","Information","Microsoft-Windows-WindowsUpdateClient","Windows Update successfully found 1 updates."
"09-07-2026 11:20:44","41","Information","Microsoft-Windows-WindowsUpdateClient","An update was downloaded."
"09-07-2026 11:20:39","41","Information","Microsoft-Windows-WindowsUpdateClient","An update was downloaded."
"09-07-2026 11:20:34","41","Information","Microsoft-Windows-WindowsUpdateClient","An update was downloaded."
"09-07-2026 11:20:27","41","Information","Microsoft-Windows-WindowsUpdateClient","An update was downloaded."
"09-07-2026 11:20:19","41","Information","Microsoft-Windows-WindowsUpdateClient","An update was downloaded."
"09-07-2026 10:57:40","26","Information","Microsoft-Windows-WindowsUpdateClient","Windows Update successfully found 1 updates."
"09-07-2026 10:56:43","26","Information","Microsoft-Windows-WindowsUpdateClient","Windows Update successfully found 1 updates."
"09-07-2026 10:56:26","26","Information","Microsoft-Windows-WindowsUpdateClient","Windows Update successfully found 34 updates."
"09-07-2026 10:56:07","26","Information","Microsoft-Windows-WindowsUpdateClient","Windows Update successfully found 8 updates."
"09-07-2026 10:01:57","26","Information","Microsoft-Windows-WindowsUpdateClient","Windows Update successfully found 0 updates."
"09-07-2026 10:01:57","26","Information","Microsoft-Windows-WindowsUpdateClient","Windows Update successfully found 0 updates."
"09-07-2026 09:11:07","41","Information","Microsoft-Windows-WindowsUpdateClient","An update was downloaded."
"09-07-2026 09:11:00","26","Information","Microsoft-Windows-WindowsUpdateClient","Windows Update successfully found 5 updates."
"09-07-2026 09:10:47","26","Information","Microsoft-Windows-WindowsUpdateClient","Windows Update successfully found 1 updates."
"09-07-2026 09:10:21","26","Information","Microsoft-Windows-WindowsUpdateClient","Windows Update successfully found 0 updates."
"08-07-2026 18:26:02","41","Information","Microsoft-Windows-WindowsUpdateClient","An update was downloaded."
"08-07-2026 18:26:02","26","Information","Microsoft-Windows-WindowsUpdateClient","Windows Update successfully found 0 updates."
"08-07-2026 18:26:02","26","Information","Microsoft-Windows-WindowsUpdateClient","Windows Update successfully found 1 updates."
"08-07-2026 16:26:08","41","Information","Microsoft-Windows-WindowsUpdateClient","An update was downloaded."
"08-07-2026 16:26:08","26","Information","Microsoft-Windows-WindowsUpdateClient","Windows Update successfully found 0 updates."
"08-07-2026 16:26:08","26","Information","Microsoft-Windows-WindowsUpdateClient","Windows Update successfully found 1 updates."
"08-07-2026 14:59:18","26","Information","Microsoft-Windows-WindowsUpdateClient","Windows Update successfully found 0 updates."
"08-07-2026 14:59:18","26","Information","Microsoft-Windows-WindowsUpdateClient","Windows Update successfully found 0 updates."
"08-07-2026 14:26:09","41","Information","Microsoft-Windows-WindowsUpdateClient","An update was downloaded."
"08-07-2026 14:26:09","26","Information","Microsoft-Windows-WindowsUpdateClient","Windows Update successfully found 0 updates."
"08-07-2026 14:26:09","26","Information","Microsoft-Windows-WindowsUpdateClient","Windows Update successfully found 1 updates."
"08-07-2026 12:26:11","41","Information","Microsoft-Windows-WindowsUpdateClient","An update was downloaded."
"08-07-2026 12:26:07","26","Information","Microsoft-Windows-WindowsUpdateClient","Windows Update successfully found 0 updates."
"08-07-2026 12:26:07","26","Information","Microsoft-Windows-WindowsUpdateClient","Windows Update successfully found 1 updates."
"08-07-2026 11:59:19","41","Information","Microsoft-Windows-WindowsUpdateClient","An update was downloaded."
"08-07-2026 11:59:18","41","Information","Microsoft-Windows-WindowsUpdateClient","An update was downloaded."
"08-07-2026 11:58:48","26","Information","Microsoft-Windows-WindowsUpdateClient","Windows Update successfully found 1 updates."
"08-07-2026 10:57:18","26","Information","Microsoft-Windows-WindowsUpdateClient","Windows Update successfully found 0 updates."
"08-07-2026 10:57:07","26","Information","Microsoft-Windows-WindowsUpdateClient","Windows Update successfully found 0 updates."
"08-07-2026 10:37:01","41","Information","Microsoft-Windows-WindowsUpdateClient","An update was downloaded."
"08-07-2026 10:36:41","41","Information","Microsoft-Windows-WindowsUpdateClient","An update was downloaded."
"08-07-2026 10:36:36","41","Information","Microsoft-Windows-WindowsUpdateClient","An update was downloaded."
"08-07-2026 10:36:30","41","Information","Microsoft-Windows-WindowsUpdateClient","An update was downloaded."
"08-07-2026 10:36:07","41","Information","Microsoft-Windows-WindowsUpdateClient","An update was downloaded."
"08-07-2026 10:36:02","41","Information","Microsoft-Windows-WindowsUpdateClient","An update was downloaded."
"08-07-2026 10:35:57","41","Information","Microsoft-Windows-WindowsUpdateClient","An update was downloaded."
"08-07-2026 10:35:31","26","Information","Microsoft-Windows-WindowsUpdateClient","Windows Update successfully found 3 updates."
"08-07-2026 10:34:31","26","Information","Microsoft-Windows-WindowsUpdateClient","Windows Update successfully found 3 updates."
"08-07-2026 10:34:15","26","Information","Microsoft-Windows-WindowsUpdateClient","Windows Update successfully found 34 updates."
"08-07-2026 10:33:56","26","Information","Microsoft-Windows-WindowsUpdateClient","Windows Update successfully found 10 updates."
"08-07-2026 10:26:24","41","Information","Microsoft-Windows-WindowsUpdateClient","An update was downloaded."
"08-07-2026 10:26:24","41","Information","Microsoft-Windows-WindowsUpdateClient","An update was downloaded."
"08-07-2026 10:26:06","26","Information","Microsoft-Windows-WindowsUpdateClient","Windows Update successfully found 0 updates."
"08-07-2026 10:26:06","26","Information","Microsoft-Windows-WindowsUpdateClient","Windows Update successfully found 2 updates."
"08-07-2026 08:32:06","41","Information","Microsoft-Windows-WindowsUpdateClient","An update was downloaded."
"08-07-2026 08:31:42","26","Information","Microsoft-Windows-WindowsUpdateClient","Windows Update successfully found 4 updates."
"08-07-2026 08:31:29","26","Information","Microsoft-Windows-WindowsUpdateClient","Windows Update successfully found 1 updates."
"07-07-2026 17:57:34","26","Information","Microsoft-Windows-WindowsUpdateClient","Windows Update successfully found 0 updates."
"07-07-2026 17:57:34","26","Information","Microsoft-Windows-WindowsUpdateClient","Windows Update successfully found 0 updates."
"07-07-2026 15:57:31","26","Information","Microsoft-Windows-WindowsUpdateClient","Windows Update successfully found 0 updates."
"07-07-2026 15:57:31","26","Information","Microsoft-Windows-WindowsUpdateClient","Windows Update successfully found 0 updates."
"07-07-2026 15:09:31","26","Information","Microsoft-Windows-WindowsUpdateClient","Windows Update successfully found 0 updates."
"07-07-2026 15:09:21","26","Information","Microsoft-Windows-WindowsUpdateClient","Windows Update successfully found 0 updates."
"07-07-2026 14:59:16","26","Information","Microsoft-Windows-WindowsUpdateClient","Windows Update successfully found 0 updates."
"07-07-2026 14:59:16","26","Information","Microsoft-Windows-WindowsUpdateClient","Windows Update successfully found 0 updates."
"07-07-2026 13:57:23","26","Information","Microsoft-Windows-WindowsUpdateClient","Windows Update successfully found 0 updates."
"07-07-2026 13:57:23","26","Information","Microsoft-Windows-WindowsUpdateClient","Windows Update successfully found 0 updates."
"07-07-2026 11:57:40","26","Information","Microsoft-Windows-WindowsUpdateClient","Windows Update successfully found 0 updates."
"07-07-2026 11:57:40","26","Information","Microsoft-Windows-WindowsUpdateClient","Windows Update successfully found 0 updates."
"07-07-2026 09:38:50","26","Information","Microsoft-Windows-WindowsUpdateClient","Windows Update successfully found 0 updates."
"07-07-2026 09:38:50","26","Information","Microsoft-Windows-WindowsUpdateClient","Windows Update successfully found 0 updates."
"07-07-2026 09:35:43","26","Information","Microsoft-Windows-WindowsUpdateClient","Windows Update successfully found 0 updates."
"07-07-2026 09:32:27","26","Information","Microsoft-Windows-WindowsUpdateClient","Windows Update successfully found 0 updates."
"07-07-2026 09:25:09","26","Information","Microsoft-Windows-WindowsUpdateClient","Windows Update successfully found 2 updates."
"07-07-2026 09:24:03","41","Information","Microsoft-Windows-WindowsUpdateClient","An update was downloaded."
"07-07-2026 09:24:02","26","Information","Microsoft-Windows-WindowsUpdateClient","Windows Update successfully found 2 updates."
"07-07-2026 09:24:02","26","Information","Microsoft-Windows-WindowsUpdateClient","Windows Update successfully found 0 updates."
"07-07-2026 09:23:58","26","Information","Microsoft-Windows-WindowsUpdateClient","Windows Update successfully found 1 updates."
"07-07-2026 09:23:58","26","Information","Microsoft-Windows-WindowsUpdateClient","Windows Update successfully found 4 updates."
"07-07-2026 09:23:48","26","Information","Microsoft-Windows-WindowsUpdateClient","Windows Update successfully found 34 updates."
"07-07-2026 09:23:48","26","Information","Microsoft-Windows-WindowsUpdateClient","Windows Update successfully found 1 updates."
"07-07-2026 09:23:30","26","Information","Microsoft-Windows-WindowsUpdateClient","Windows Update successfully found 9 updates."
"06-07-2026 17:14:47","41","Information","Microsoft-Windows-WindowsUpdateClient","An update was downloaded."
"06-07-2026 17:14:47","26","Information","Microsoft-Windows-WindowsUpdateClient","Windows Update successfully found 0 updates."
"06-07-2026 17:14:47","26","Information","Microsoft-Windows-WindowsUpdateClient","Windows Update successfully found 1 updates."
"06-07-2026 15:42:53","26","Information","Microsoft-Windows-WindowsUpdateClient","Windows Update successfully found 0 updates."
"06-07-2026 15:42:42","26","Information","Microsoft-Windows-WindowsUpdateClient","Windows Update successfully found 0 updates."
"06-07-2026 15:14:19","26","Information","Microsoft-Windows-WindowsUpdateClient","Windows Update successfully found 0 updates."
"06-07-2026 15:14:19","26","Information","Microsoft-Windows-WindowsUpdateClient","Windows Update successfully found 0 updates."
"06-07-2026 15:01:33","41","Information","Microsoft-Windows-WindowsUpdateClient","An update was downloaded."
"06-07-2026 15:01:33","26","Information","Microsoft-Windows-WindowsUpdateClient","Windows Update successfully found 0 updates."
"06-07-2026 15:01:33","26","Information","Microsoft-Windows-WindowsUpdateClient","Windows Update successfully found 1 updates."
"06-07-2026 13:14:22","26","Information","Microsoft-Windows-WindowsUpdateClient","Windows Update successfully found 0 updates."
"06-07-2026 13:14:22","26","Information","Microsoft-Windows-WindowsUpdateClient","Windows Update successfully found 0 updates."
"06-07-2026 11:14:18","41","Information","Microsoft-Windows-WindowsUpdateClient","An update was downloaded."
"06-07-2026 11:14:18","26","Information","Microsoft-Windows-WindowsUpdateClient","Windows Update successfully found 0 updates."
"06-07-2026 11:14:18","26","Information","Microsoft-Windows-WindowsUpdateClient","Windows Update successfully found 1 updates."
"06-07-2026 09:27:14","26","Information","Microsoft-Windows-WindowsUpdateClient","Windows Update successfully found 4 updates."
"06-07-2026 09:27:01","26","Information","Microsoft-Windows-WindowsUpdateClient","Windows Update successfully found 0 updates."
"06-07-2026 09:24:54","41","Information","Microsoft-Windows-WindowsUpdateClient","An update was downloaded."
"06-07-2026 09:24:54","26","Information","Microsoft-Windows-WindowsUpdateClient","Windows Update successfully found 0 updates."
"06-07-2026 09:24:54","26","Information","Microsoft-Windows-WindowsUpdateClient","Windows Update successfully found 1 updates."
"06-07-2026 09:11:14","25","Error","Microsoft-Windows-WindowsUpdateClient","Windows Update failed to check for updates with error 0x8024402C."
"06-07-2026 09:11:14","25","Error","Microsoft-Windows-WindowsUpdateClient","Windows Update failed to check for updates with error 0x80240438."
"04-07-2026 14:17:41","41","Information","Microsoft-Windows-WindowsUpdateClient","An update was downloaded."
"04-07-2026 14:17:40","41","Information","Microsoft-Windows-WindowsUpdateClient","An update was downloaded."
"04-07-2026 14:17:05","26","Information","Microsoft-Windows-WindowsUpdateClient","Windows Update successfully found 1 updates."
"04-07-2026 14:06:38","26","Information","Microsoft-Windows-WindowsUpdateClient","Windows Update successfully found 0 updates."
"04-07-2026 14:06:25","26","Information","Microsoft-Windows-WindowsUpdateClient","Windows Update successfully found 0 updates."
"04-07-2026 14:03:09","41","Information","Microsoft-Windows-WindowsUpdateClient","An update was downloaded."
"04-07-2026 14:03:09","26","Information","Microsoft-Windows-WindowsUpdateClient","Windows Update successfully found 0 updates."
"04-07-2026 14:03:09","26","Information","Microsoft-Windows-WindowsUpdateClient","Windows Update successfully found 1 updates."
"04-07-2026 14:01:12","26","Information","Microsoft-Windows-WindowsUpdateClient","Windows Update successfully found 0 updates."
"04-07-2026 13:59:42","26","Information","Microsoft-Windows-WindowsUpdateClient","Windows Update successfully found 1 updates."
"04-07-2026 13:58:10","26","Information","Microsoft-Windows-WindowsUpdateClient","Windows Update successfully found 1 updates."
"04-07-2026 13:57:48","26","Information","Microsoft-Windows-WindowsUpdateClient","Windows Update successfully found 34 updates."
"04-07-2026 13:57:15","26","Information","Microsoft-Windows-WindowsUpdateClient","Windows Update successfully found 8 updates."
"03-07-2026 18:25:15","41","Information","Microsoft-Windows-WindowsUpdateClient","An update was downloaded."
"03-07-2026 18:25:13","26","Information","Microsoft-Windows-WindowsUpdateClient","Windows Update successfully found 0 updates."
"03-07-2026 18:25:13","26","Information","Microsoft-Windows-WindowsUpdateClient","Windows Update successfully found 1 updates."
"03-07-2026 17:24:47","26","Information","Microsoft-Windows-WindowsUpdateClient","Windows Update successfully found 0 updates."
"03-07-2026 17:24:33","26","Information","Microsoft-Windows-WindowsUpdateClient","Windows Update successfully found 0 updates."
"03-07-2026 16:25:10","41","Information","Microsoft-Windows-WindowsUpdateClient","An update was downloaded."
"03-07-2026 16:25:10","26","Information","Microsoft-Windows-WindowsUpdateClient","Windows Update successfully found 0 updates."
"03-07-2026 16:25:10","26","Information","Microsoft-Windows-WindowsUpdateClient","Windows Update successfully found 1 updates."
"03-07-2026 16:22:19","41","Information","Microsoft-Windows-WindowsUpdateClient","An update was downloaded."
"03-07-2026 16:21:57","41","Information","Microsoft-Windows-WindowsUpdateClient","An update was downloaded."
"03-07-2026 16:21:49","41","Information","Microsoft-Windows-WindowsUpdateClient","An update was downloaded."
"03-07-2026 14:40:03","26","Information","Microsoft-Windows-WindowsUpdateClient","Windows Update successfully found 0 updates."
"03-07-2026 14:40:03","26","Information","Microsoft-Windows-WindowsUpdateClient","Windows Update successfully found 0 updates."
"03-07-2026 13:30:53","41","Information","Microsoft-Windows-WindowsUpdateClient","An update was downloaded."
"03-07-2026 13:30:53","26","Information","Microsoft-Windows-WindowsUpdateClient","Windows Update successfully found 0 updates."
"03-07-2026 13:30:53","26","Information","Microsoft-Windows-WindowsUpdateClient","Windows Update successfully found 1 updates."
"03-07-2026 12:29:06","41","Information","Microsoft-Windows-WindowsUpdateClient","An update was downloaded."
"03-07-2026 12:29:01","41","Information","Microsoft-Windows-WindowsUpdateClient","An update was downloaded."
"03-07-2026 12:29:01","41","Information","Microsoft-Windows-WindowsUpdateClient","An update was downloaded."
"03-07-2026 11:39:40","26","Information","Microsoft-Windows-WindowsUpdateClient","Windows Update successfully found 2 updates."
"03-07-2026 11:38:37","26","Information","Microsoft-Windows-WindowsUpdateClient","Windows Update successfully found 2 updates."
"03-07-2026 11:38:21","26","Information","Microsoft-Windows-WindowsUpdateClient","Windows Update successfully found 34 updates."
"03-07-2026 11:38:01","26","Information","Microsoft-Windows-WindowsUpdateClient","Windows Update successfully found 9 updates."
"03-07-2026 11:30:46","26","Information","Microsoft-Windows-WindowsUpdateClient","Windows Update successfully found 0 updates."
"03-07-2026 11:30:46","26","Information","Microsoft-Windows-WindowsUpdateClient","Windows Update successfully found 0 updates."
"03-07-2026 11:25:11","26","Information","Microsoft-Windows-WindowsUpdateClient","Windows Update successfully found 0 updates."
"03-07-2026 10:28:00","41","Information","Microsoft-Windows-WindowsUpdateClient","An update was downloaded."
"03-07-2026 10:27:54","26","Information","Microsoft-Windows-WindowsUpdateClient","Windows Update successfully found 0 updates."
"03-07-2026 10:27:54","26","Information","Microsoft-Windows-WindowsUpdateClient","Windows Update successfully found 1 updates."
"03-07-2026 09:44:39","26","Information","Microsoft-Windows-WindowsUpdateClient","Windows Update successfully found 0 updates."
"03-07-2026 09:44:29","26","Information","Microsoft-Windows-WindowsUpdateClient","Windows Update successfully found 0 updates."
"03-07-2026 09:37:08","41","Information","Microsoft-Windows-WindowsUpdateClient","An update was downloaded."
"03-07-2026 09:37:08","26","Information","Microsoft-Windows-WindowsUpdateClient","Windows Update successfully found 4 updates."
"03-07-2026 09:36:56","26","Information","Microsoft-Windows-WindowsUpdateClient","Windows Update successfully found 1 updates."
"02-07-2026 18:42:04","41","Information","Microsoft-Windows-WindowsUpdateClient","An update was downloaded."
"02-07-2026 18:42:04","26","Information","Microsoft-Windows-WindowsUpdateClient","Windows Update successfully found 0 updates."
"02-07-2026 18:42:04","26","Information","Microsoft-Windows-WindowsUpdateClient","Windows Update successfully found 1 updates."
"02-07-2026 16:58:23","26","Information","Microsoft-Windows-WindowsUpdateClient","Windows Update successfully found 0 updates."
"02-07-2026 16:58:13","26","Information","Microsoft-Windows-WindowsUpdateClient","Windows Update successfully found 0 updates."
"02-07-2026 16:42:05","41","Information","Microsoft-Windows-WindowsUpdateClient","An update was downloaded."
"02-07-2026 16:42:05","26","Information","Microsoft-Windows-WindowsUpdateClient","Windows Update successfully found 0 updates."
"02-07-2026 16:42:05","26","Information","Microsoft-Windows-WindowsUpdateClient","Windows Update successfully found 1 updates."
"02-07-2026 14:55:39","26","Information","Microsoft-Windows-WindowsUpdateClient","Windows Update successfully found 0 updates."
"02-07-2026 14:55:39","26","Information","Microsoft-Windows-WindowsUpdateClient","Windows Update successfully found 0 updates."
"02-07-2026 14:12:12","41","Information","Microsoft-Windows-WindowsUpdateClient","An update was downloaded."
"02-07-2026 14:12:12","26","Information","Microsoft-Windows-WindowsUpdateClient","Windows Update successfully found 0 updates."
"02-07-2026 14:12:12","26","Information","Microsoft-Windows-WindowsUpdateClient","Windows Update successfully found 1 updates."
"02-07-2026 12:12:41","26","Information","Microsoft-Windows-WindowsUpdateClient","Windows Update successfully found 0 updates."
"02-07-2026 12:12:41","26","Information","Microsoft-Windows-WindowsUpdateClient","Windows Update successfully found 0 updates."
"02-07-2026 11:18:15","26","Information","Microsoft-Windows-WindowsUpdateClient","Windows Update successfully found 0 updates."
"02-07-2026 10:58:47","41","Information","Microsoft-Windows-WindowsUpdateClient","An update was downloaded."
"02-07-2026 10:58:08","41","Information","Microsoft-Windows-WindowsUpdateClient","An update was downloaded."
"02-07-2026 10:57:57","41","Information","Microsoft-Windows-WindowsUpdateClient","An update was downloaded."
"02-07-2026 10:57:51","41","Information","Microsoft-Windows-WindowsUpdateClient","An update was downloaded."
"02-07-2026 10:57:37","41","Information","Microsoft-Windows-WindowsUpdateClient","An update was downloaded."
"02-07-2026 10:57:32","41","Information","Microsoft-Windows-WindowsUpdateClient","An update was downloaded."
"02-07-2026 10:57:12","26","Information","Microsoft-Windows-WindowsUpdateClient","Windows Update successfully found 2 updates."
"02-07-2026 10:56:13","26","Information","Microsoft-Windows-WindowsUpdateClient","Windows Update successfully found 2 updates."
"02-07-2026 10:55:59","26","Information","Microsoft-Windows-WindowsUpdateClient","Windows Update successfully found 35 updates."
"02-07-2026 10:55:40","26","Information","Microsoft-Windows-WindowsUpdateClient","Windows Update successfully found 9 updates."
"02-07-2026 10:13:04","41","Information","Microsoft-Windows-WindowsUpdateClient","An update was downloaded."
"02-07-2026 10:12:15","26","Information","Microsoft-Windows-WindowsUpdateClient","Windows Update successfully found 0 updates."
"02-07-2026 10:12:15","26","Information","Microsoft-Windows-WindowsUpdateClient","Windows Update successfully found 1 updates."
"02-07-2026 09:18:29","41","Information","Microsoft-Windows-WindowsUpdateClient","An update was downloaded."
"02-07-2026 09:18:29","26","Information","Microsoft-Windows-WindowsUpdateClient","Windows Update successfully found 4 updates."
"02-07-2026 09:18:19","26","Information","Microsoft-Windows-WindowsUpdateClient","Windows Update successfully found 1 updates."
"01-07-2026 16:18:46","26","Information","Microsoft-Windows-WindowsUpdateClient","Windows Update successfully found 0 updates."
"01-07-2026 16:18:46","26","Information","Microsoft-Windows-WindowsUpdateClient","Windows Update successfully found 0 updates."
"01-07-2026 15:07:08","41","Information","Microsoft-Windows-WindowsUpdateClient","An update was downloaded."
"01-07-2026 15:07:08","26","Information","Microsoft-Windows-WindowsUpdateClient","Windows Update successfully found 0 updates."
"01-07-2026 15:07:08","26","Information","Microsoft-Windows-WindowsUpdateClient","Windows Update successfully found 1 updates."
"01-07-2026 14:18:51","41","Information","Microsoft-Windows-WindowsUpdateClient","An update was downloaded."
"01-07-2026 14:18:46","26","Information","Microsoft-Windows-WindowsUpdateClient","Windows Update successfully found 0 updates."
"01-07-2026 14:18:46","26","Information","Microsoft-Windows-WindowsUpdateClient","Windows Update successfully found 1 updates."
"01-07-2026 12:18:43","26","Information","Microsoft-Windows-WindowsUpdateClient","Windows Update successfully found 0 updates."
"01-07-2026 12:18:43","26","Information","Microsoft-Windows-WindowsUpdateClient","Windows Update successfully found 0 updates."
"01-07-2026 11:25:22","41","Information","Microsoft-Windows-WindowsUpdateClient","An update was downloaded."
"01-07-2026 10:53:38","41","Information","Microsoft-Windows-WindowsUpdateClient","An update was downloaded."
"01-07-2026 10:53:27","41","Information","Microsoft-Windows-WindowsUpdateClient","An update was downloaded."
"01-07-2026 10:53:24","41","Information","Microsoft-Windows-WindowsUpdateClient","An update was downloaded."
"01-07-2026 10:53:13","41","Information","Microsoft-Windows-WindowsUpdateClient","An update was downloaded."
"01-07-2026 10:52:53","41","Information","Microsoft-Windows-WindowsUpdateClient","An update was downloaded."
"01-07-2026 10:52:48","41","Information","Microsoft-Windows-WindowsUpdateClient","An update was downloaded."
"01-07-2026 10:52:48","41","Information","Microsoft-Windows-WindowsUpdateClient","An update was downloaded."
"01-07-2026 10:28:41","41","Information","Microsoft-Windows-WindowsUpdateClient","An update was downloaded."
"01-07-2026 10:28:30","26","Information","Microsoft-Windows-WindowsUpdateClient","Windows Update successfully found 5 updates."
"01-07-2026 10:26:52","26","Information","Microsoft-Windows-WindowsUpdateClient","Windows Update successfully found 5 updates."
"01-07-2026 10:26:31","26","Information","Microsoft-Windows-WindowsUpdateClient","Windows Update successfully found 34 updates."
"01-07-2026 10:26:06","26","Information","Microsoft-Windows-WindowsUpdateClient","Windows Update successfully found 12 updates."
"01-07-2026 10:26:06","26","Information","Microsoft-Windows-WindowsUpdateClient","Windows Update successfully found 4 updates."
"01-07-2026 10:25:51","26","Information","Microsoft-Windows-WindowsUpdateClient","Windows Update successfully found 0 updates."
"01-07-2026 10:19:31","41","Information","Microsoft-Windows-WindowsUpdateClient","An update was downloaded."
"01-07-2026 10:19:31","26","Information","Microsoft-Windows-WindowsUpdateClient","Windows Update successfully found 0 updates."
"01-07-2026 10:19:31","26","Information","Microsoft-Windows-WindowsUpdateClient","Windows Update successfully found 1 updates."
"01-07-2026 10:13:02","26","Information","Microsoft-Windows-WindowsUpdateClient","Windows Update successfully found 0 updates."
"30-06-2026 17:53:02","41","Information","Microsoft-Windows-WindowsUpdateClient","An update was downloaded."
"30-06-2026 17:53:02","26","Information","Microsoft-Windows-WindowsUpdateClient","Windows Update successfully found 0 updates."
"30-06-2026 17:53:02","26","Information","Microsoft-Windows-WindowsUpdateClient","Windows Update successfully found 1 updates."
"30-06-2026 15:53:06","26","Information","Microsoft-Windows-WindowsUpdateClient","Windows Update successfully found 0 updates."
"30-06-2026 15:53:06","26","Information","Microsoft-Windows-WindowsUpdateClient","Windows Update successfully found 0 updates."
"30-06-2026 13:53:02","41","Information","Microsoft-Windows-WindowsUpdateClient","An update was downloaded."
"30-06-2026 13:53:02","26","Information","Microsoft-Windows-WindowsUpdateClient","Windows Update successfully found 0 updates."
"30-06-2026 13:53:02","26","Information","Microsoft-Windows-WindowsUpdateClient","Windows Update successfully found 1 updates."
"30-06-2026 12:12:41","26","Information","Microsoft-Windows-WindowsUpdateClient","Windows Update successfully found 0 updates."
"30-06-2026 12:12:29","26","Information","Microsoft-Windows-WindowsUpdateClient","Windows Update successfully found 0 updates."
"30-06-2026 12:12:20","26","Information","Microsoft-Windows-WindowsUpdateClient","Windows Update successfully found 0 updates."
"30-06-2026 12:12:08","25","Error","Microsoft-Windows-WindowsUpdateClient","Windows Update failed to check for updates with error 0x8024402F."
"30-06-2026 12:01:35","26","Information","Microsoft-Windows-WindowsUpdateClient","Windows Update successfully found 0 updates."
"30-06-2026 12:01:35","26","Information","Microsoft-Windows-WindowsUpdateClient","Windows Update successfully found 0 updates."
"30-06-2026 11:53:13","41","Information","Microsoft-Windows-WindowsUpdateClient","An update was downloaded."
"30-06-2026 11:53:13","26","Information","Microsoft-Windows-WindowsUpdateClient","Windows Update successfully found 0 updates."
"30-06-2026 11:53:13","26","Information","Microsoft-Windows-WindowsUpdateClient","Windows Update successfully found 1 updates."
"30-06-2026 11:14:24","26","Information","Microsoft-Windows-WindowsUpdateClient","Windows Update successfully found 0 updates."
"30-06-2026 11:14:14","26","Information","Microsoft-Windows-WindowsUpdateClient","Windows Update successfully found 0 updates."
"30-06-2026 11:14:08","26","Information","Microsoft-Windows-WindowsUpdateClient","Windows Update successfully found 0 updates."
"30-06-2026 11:13:58","26","Information","Microsoft-Windows-WindowsUpdateClient","Windows Update successfully found 0 updates."
"30-06-2026 10:09:40","26","Information","Microsoft-Windows-WindowsUpdateClient","Windows Update successfully found 0 updates."
