"14-08-2026 13:23:54","10","Information","Microsoft-Windows-Ntfs","NTFS cached runs statistics.

           Volume correlation Id: {00000000-0000-0000-0000-000000000000}
           Volume name: 
           Volume label: OS

           Device name: \Device\HarddiskVolumeShadowCopy5
           Device GUID: {00000000-0000-0000-0000-000000000000}
           Device manufacturer: 
           Device model: 
           Device revision: 
           Device serial number: 
           Bus type: <unknown>
           Native NVMe: false

           Adapter serial number: 

           Media type: Hard disk
           Runs cached: 4421
           Longest run cached: 21.67 GB
           Most populated bin Count: 69
           Most populated bin's minimum length: 7.51 MB
           Most populated bin's maximum length: 7.75 MB
"
"14-08-2026 13:23:54","9","Information","Microsoft-Windows-Ntfs","NTFS scanned entire volume bitmap.

           Volume correlation Id: {00000000-0000-0000-0000-000000000000}
           Volume name: 
           Volume label: OS

           Device name: \Device\HarddiskVolumeShadowCopy5
           Device GUID: {00000000-0000-0000-0000-000000000000}
           Device manufacturer: 
           Device model: 
           Device revision: 
           Device serial number: 
           Bus type: <unknown>
           Native NVMe: false

           Adapter serial number: 

           Duration (micro seconds): 27973
           InputFlags: 0xE
           Reason: Mount
           Flags: 0x10
"
"14-08-2026 13:23:54","303","Information","Microsoft-Windows-Ntfs","The NTFS volume has successfully dismounted.

           Volume correlation Id: {00000000-0000-0000-0000-000000000000}
           Volume name: OS
           Volume label: OS

           Device name: \Device\HarddiskVolumeShadowCopy5
           Device GUID: {00000000-0000-0000-0000-000000000000}
           Device manufacturer: 
           Device model: 
           Device revision: 
           Device serial number: 
           Bus type: <unknown>
           Native NVMe: false

           Adapter serial number: 
           
           Process Id: 38692
           Process name: svchost.exe
           
           Reason: User request
"
"14-08-2026 13:23:54","300","Information","Microsoft-Windows-Ntfs","NTFS volume dismount has started.

           Volume correlation Id: {00000000-0000-0000-0000-000000000000}
           Volume name: 
           Volume label: OS

           Device name: \Device\HarddiskVolumeShadowCopy5
           Device GUID: {00000000-0000-0000-0000-000000000000}
           Device manufacturer: 
           Device model: 
           Device revision: 
           Device serial number: 
           Bus type: <unknown>
           Native NVMe: false
           
           Adapter serial number: 
           
           Process Id: 38692
           Process name: svchost.exe
           
           Reason: User request
"
"14-08-2026 13:23:54","10","Information","Microsoft-Windows-Ntfs","NTFS cached runs statistics.

           Volume correlation Id: {c5c572ba-c5d0-47f6-864e-13eb05e6d46c}
           Volume name: C:
           Volume label: OS

           Device name: \Device\HarddiskVolume3
           Device GUID: {0d0616a1-3adc-3de7-d9a2-784fe4e2d52a}
           Device manufacturer: NVMe
           Device model: PM9C1b Samsung 256GB
           Device revision: 58330109
           Device serial number: 0025_38F6_5106_1623.
           Bus type: NVMe
           Native NVMe: false

           Adapter serial number: 

           Media type: Hard disk
           Runs cached: 6445
           Longest run cached: 21.67 GB
           Most populated bin Count: 2564
           Most populated bin's minimum length: 16 KB
           Most populated bin's maximum length: 16 KB
"
"14-08-2026 13:23:54","9","Information","Microsoft-Windows-Ntfs","NTFS scanned entire volume bitmap.

           Volume correlation Id: {c5c572ba-c5d0-47f6-864e-13eb05e6d46c}
           Volume name: C:
           Volume label: OS

           Device name: \Device\HarddiskVolume3
           Device GUID: {0d0616a1-3adc-3de7-d9a2-784fe4e2d52a}
           Device manufacturer: NVMe
           Device model: PM9C1b Samsung 256GB
           Device revision: 58330109
           Device serial number: 0025_38F6_5106_1623.
           Bus type: NVMe
           Native NVMe: false

           Adapter serial number: 

           Duration (micro seconds): 22836
           InputFlags: 0xA
           Reason: Reload requested because of an exception or configuration change
           Flags: 0x10
"
"14-08-2026 13:23:54","4","Information","Microsoft-Windows-Ntfs","The NTFS volume has been successfully mounted.

           Volume correlation Id: {00000000-0000-0000-0000-000000000000}
           Volume name: OS
           Volume label: OS

           Device name: \Device\HarddiskVolumeShadowCopy5
           Device GUID: {00000000-0000-0000-0000-000000000000}
           Device manufacturer: 
           Device model: 
           Device revision: 
           Device serial number: 
           Bus type: <unknown>
           Device number: 4294967295
           Boot partition: false

           Native NVMe: false

           Adapter serial number: 
           
           Total mount duration: 30 ms
           Longest stage: 7. Duration 30 ms (100% of the total)
           Second longest stage: 0. Duration 0 µs (0% of the total)
           Volume restart applied: false
"
"14-08-2026 13:23:54","10","Information","Microsoft-Windows-Ntfs","NTFS cached runs statistics.

           Volume correlation Id: {00000000-0000-0000-0000-000000000000}
           Volume name: 
           Volume label: OS

           Device name: \Device\HarddiskVolumeShadowCopy5
           Device GUID: {00000000-0000-0000-0000-000000000000}
           Device manufacturer: 
           Device model: 
           Device revision: 
           Device serial number: 
           Bus type: <unknown>
           Native NVMe: false

           Adapter serial number: 

           Media type: Hard disk
           Runs cached: 2564
           Longest run cached: 21.67 GB
           Most populated bin Count: 69
           Most populated bin's minimum length: 7.51 MB
           Most populated bin's maximum length: 7.75 MB
"
"14-08-2026 13:23:54","9","Information","Microsoft-Windows-Ntfs","NTFS scanned entire volume bitmap.

           Volume correlation Id: {00000000-0000-0000-0000-000000000000}
           Volume name: 
           Volume label: OS

           Device name: \Device\HarddiskVolumeShadowCopy5
           Device GUID: {00000000-0000-0000-0000-000000000000}
           Device manufacturer: 
           Device model: 
           Device revision: 
           Device serial number: 
           Bus type: <unknown>
           Native NVMe: false

           Adapter serial number: 

           Duration (micro seconds): 24830
           InputFlags: 0xE
           Reason: Mount
           Flags: 0x10
"
"14-08-2026 13:23:54","303","Information","Microsoft-Windows-Ntfs","The NTFS volume has successfully dismounted.

           Volume correlation Id: {00000000-0000-0000-0000-000000000000}
           Volume name: OS
           Volume label: OS

           Device name: \Device\HarddiskVolumeShadowCopy5
           Device GUID: {00000000-0000-0000-0000-000000000000}
           Device manufacturer: 
           Device model: 
           Device revision: 
           Device serial number: 
           Bus type: <unknown>
           Native NVMe: false

           Adapter serial number: 
           
           Process Id: 38692
           Process name: svchost.exe
           
           Reason: User request
"
"14-08-2026 13:23:54","300","Information","Microsoft-Windows-Ntfs","NTFS volume dismount has started.

           Volume correlation Id: {00000000-0000-0000-0000-000000000000}
           Volume name: 
           Volume label: OS

           Device name: \Device\HarddiskVolumeShadowCopy5
           Device GUID: {00000000-0000-0000-0000-000000000000}
           Device manufacturer: 
           Device model: 
           Device revision: 
           Device serial number: 
           Bus type: <unknown>
           Native NVMe: false
           
           Adapter serial number: 
           
           Process Id: 38692
           Process name: svchost.exe
           
           Reason: User request
"
"14-08-2026 13:23:54","4","Information","Microsoft-Windows-Ntfs","The NTFS volume has been successfully mounted.

           Volume correlation Id: {00000000-0000-0000-0000-000000000000}
           Volume name: OS
           Volume label: OS

           Device name: \Device\HarddiskVolumeShadowCopy5
           Device GUID: {00000000-0000-0000-0000-000000000000}
           Device manufacturer: 
           Device model: 
           Device revision: 
           Device serial number: 
           Bus type: <unknown>
           Device number: 4294967295
           Boot partition: false

           Native NVMe: false

           Adapter serial number: 
           
           Total mount duration: 33 ms
           Longest stage: 7. Duration 30 ms (92% of the total)
           Second longest stage: 2. Duration 2 ms (6% of the total)
           Volume restart applied: false
"
"14-08-2026 13:23:54","10","Information","Microsoft-Windows-Ntfs","NTFS cached runs statistics.

           Volume correlation Id: {00000000-0000-0000-0000-000000000000}
           Volume name: 
           Volume label: OS

           Device name: \Device\HarddiskVolumeShadowCopy5
           Device GUID: {00000000-0000-0000-0000-000000000000}
           Device manufacturer: 
           Device model: 
           Device revision: 
           Device serial number: 
           Bus type: <unknown>
           Native NVMe: false

           Adapter serial number: 

           Media type: Hard disk
           Runs cached: 2564
           Longest run cached: 21.67 GB
           Most populated bin Count: 69
           Most populated bin's minimum length: 7.51 MB
           Most populated bin's maximum length: 7.75 MB
"
"14-08-2026 13:23:54","9","Information","Microsoft-Windows-Ntfs","NTFS scanned entire volume bitmap.

           Volume correlation Id: {00000000-0000-0000-0000-000000000000}
           Volume name: 
           Volume label: OS

           Device name: \Device\HarddiskVolumeShadowCopy5
           Device GUID: {00000000-0000-0000-0000-000000000000}
           Device manufacturer: 
           Device model: 
           Device revision: 
           Device serial number: 
           Bus type: <unknown>
           Native NVMe: false

           Adapter serial number: 

           Duration (micro seconds): 27993
           InputFlags: 0xE
           Reason: Mount
           Flags: 0x10
"
"14-08-2026 13:22:29","142","Information","Microsoft-Windows-Ntfs","Summary of disk space usage, since last event:

           Available space was between 75.73 GB and 85.03 GB
           Change in available space: 9.31 GB
           
           Available clusters were between: 19851054 and 22289455
           Reserved clusters were between: 1317275 and 1317483
           Txf abort reserved clusters were between: 1024 and 1024
           
           Elapsed seconds: 32893
           
           Pagefile size: 23.02 GB
           Volume size: 235.88 GB
           Bytes per cluster: 4096
           
           Volume guid: {c5c572ba-c5d0-47f6-864e-13eb05e6d46c}
           Volume name: C:
           Is boot volume: true
           
           Cached runs miss counts:
               For MFT: 0
               For MFT zone: 0
               Everything else: 0
"
"13-08-2026 20:49:13","142","Information","Microsoft-Windows-Ntfs","Summary of disk space usage, since last event:

           Available space was between 85 GB and 85.01 GB
           Change in available space: 1024 KB
           
           Available clusters were between: 22282141 and 22282397
           Reserved clusters were between: 1317275 and 1317275
           Txf abort reserved clusters were between: 1024 and 1024
           
           Elapsed seconds: 4319
           
           Pagefile size: 23.02 GB
           Volume size: 235.88 GB
           Bytes per cluster: 4096
           
           Volume guid: {c5c572ba-c5d0-47f6-864e-13eb05e6d46c}
           Volume name: C:
           Is boot volume: true
           
           Cached runs miss counts:
               For MFT: 0
               For MFT zone: 0
               Everything else: 0
"
"13-08-2026 19:37:14","142","Information","Microsoft-Windows-Ntfs","Summary of disk space usage, since last event:

           Available space was between 84.99 GB and 85.04 GB
           Change in available space: 52.07 MB
           
           Available clusters were between: 22277598 and 22290927
           Reserved clusters were between: 1317163 and 1317435
           Txf abort reserved clusters were between: 1024 and 1024
           
           Elapsed seconds: 4996
           
           Pagefile size: 23.02 GB
           Volume size: 235.88 GB
           Bytes per cluster: 4096
           
           Volume guid: {c5c572ba-c5d0-47f6-864e-13eb05e6d46c}
           Volume name: C:
           Is boot volume: true
           
           Cached runs miss counts:
               For MFT: 0
               For MFT zone: 0
               Everything else: 0
"
"13-08-2026 18:13:57","142","Information","Microsoft-Windows-Ntfs","Summary of disk space usage, since last event:

           Available space was between 84.64 GB and 85.24 GB
           Change in available space: 612.61 MB
           
           Available clusters were between: 22186730 and 22343556
           Reserved clusters were between: 1317243 and 1325547
           Txf abort reserved clusters were between: 1024 and 1024
           
           Elapsed seconds: 3601
           
           Pagefile size: 23.02 GB
           Volume size: 235.88 GB
           Bytes per cluster: 4096
           
           Volume guid: {c5c572ba-c5d0-47f6-864e-13eb05e6d46c}
           Volume name: C:
           Is boot volume: true
           
           Cached runs miss counts:
               For MFT: 0
               For MFT zone: 0
               Everything else: 0
"
"13-08-2026 17:13:55","142","Information","Microsoft-Windows-Ntfs","Summary of disk space usage, since last event:

           Available space was between 85.03 GB and 85.10 GB
           Change in available space: 77.44 MB
           
           Available clusters were between: 22288349 and 22308172
           Reserved clusters were between: 1316763 and 1325819
           Txf abort reserved clusters were between: 1024 and 1024
           
           Elapsed seconds: 3604
           
           Pagefile size: 23.02 GB
           Volume size: 235.88 GB
           Bytes per cluster: 4096
           
           Volume guid: {c5c572ba-c5d0-47f6-864e-13eb05e6d46c}
           Volume name: C:
           Is boot volume: true
           
           Cached runs miss counts:
               For MFT: 0
               For MFT zone: 0
               Everything else: 0
"
"13-08-2026 16:13:51","142","Information","Microsoft-Windows-Ntfs","Summary of disk space usage, since last event:

           Available space was between 84.44 GB and 85.30 GB
           Change in available space: 880.04 MB
           
           Available clusters were between: 22133938 and 22359228
           Reserved clusters were between: 1316763 and 1317019
           Txf abort reserved clusters were between: 1024 and 1024
           
           Elapsed seconds: 3602
           
           Pagefile size: 23.02 GB
           Volume size: 235.88 GB
           Bytes per cluster: 4096
           
           Volume guid: {c5c572ba-c5d0-47f6-864e-13eb05e6d46c}
           Volume name: C:
           Is boot volume: true
           
           Cached runs miss counts:
               For MFT: 0
               For MFT zone: 0
               Everything else: 0
"
"13-08-2026 15:13:48","142","Information","Microsoft-Windows-Ntfs","Summary of disk space usage, since last event:

           Available space was between 84.43 GB and 85.91 GB
           Change in available space: 1.48 GB
           
           Available clusters were between: 22131967 and 22519193
           Reserved clusters were between: 1316747 and 1339435
           Txf abort reserved clusters were between: 1024 and 1024
           
           Elapsed seconds: 3604
           
           Pagefile size: 23.02 GB
           Volume size: 235.88 GB
           Bytes per cluster: 4096
           
           Volume guid: {c5c572ba-c5d0-47f6-864e-13eb05e6d46c}
           Volume name: C:
           Is boot volume: true
           
           Cached runs miss counts:
               For MFT: 0
               For MFT zone: 0
               Everything else: 0
"
"13-08-2026 14:13:44","142","Information","Microsoft-Windows-Ntfs","Summary of disk space usage, since last event:

           Available space was between 85.87 GB and 85.94 GB
           Change in available space: 65.01 MB
           
           Available clusters were between: 22510088 and 22526730
           Reserved clusters were between: 1317019 and 1325611
           Txf abort reserved clusters were between: 1024 and 1024
           
           Elapsed seconds: 3601
           
           Pagefile size: 23.02 GB
           Volume size: 235.88 GB
           Bytes per cluster: 4096
           
           Volume guid: {c5c572ba-c5d0-47f6-864e-13eb05e6d46c}
           Volume name: C:
           Is boot volume: true
           
           Cached runs miss counts:
               For MFT: 0
               For MFT zone: 0
               Everything else: 0
"
"13-08-2026 13:13:43","142","Information","Microsoft-Windows-Ntfs","Summary of disk space usage, since last event:

           Available space was between 85.90 GB and 86.08 GB
           Change in available space: 185.11 MB
           
           Available clusters were between: 22517957 and 22565343
           Reserved clusters were between: 1316939 and 1325467
           Txf abort reserved clusters were between: 1024 and 1024
           
           Elapsed seconds: 3603
           
           Pagefile size: 23.02 GB
           Volume size: 235.88 GB
           Bytes per cluster: 4096
           
           Volume guid: {c5c572ba-c5d0-47f6-864e-13eb05e6d46c}
           Volume name: C:
           Is boot volume: true
           
           Cached runs miss counts:
               For MFT: 0
               For MFT zone: 0
               Everything else: 0
"
"13-08-2026 12:13:39","142","Information","Microsoft-Windows-Ntfs","Summary of disk space usage, since last event:

           Available space was between 81.71 GB and 87 GB
           Change in available space: 5.30 GB
           
           Available clusters were between: 21417398 and 22804961
           Reserved clusters were between: 1316859 and 1325291
           Txf abort reserved clusters were between: 1024 and 1024
           
           Elapsed seconds: 3600
           
           Pagefile size: 23.02 GB
           Volume size: 235.88 GB
           Bytes per cluster: 4096
           
           Volume guid: {c5c572ba-c5d0-47f6-864e-13eb05e6d46c}
           Volume name: C:
           Is boot volume: true
           
           Cached runs miss counts:
               For MFT: 0
               For MFT zone: 0
               Everything else: 0
"
"13-08-2026 12:02:06","303","Information","Microsoft-Windows-Ntfs","The NTFS volume has successfully dismounted.

           Volume correlation Id: {00000000-0000-0000-0000-000000000000}
           Volume name: OS
           Volume label: OS

           Device name: \Device\HarddiskVolumeShadowCopy4
           Device GUID: {00000000-0000-0000-0000-000000000000}
           Device manufacturer: 
           Device model: 
           Device revision: 
           Device serial number: 
           Bus type: <unknown>
           Native NVMe: false

           Adapter serial number: 
           
           Process Id: 21484
           Process name: svchost.exe
           
           Reason: User request
"
"13-08-2026 12:02:06","300","Information","Microsoft-Windows-Ntfs","NTFS volume dismount has started.

           Volume correlation Id: {00000000-0000-0000-0000-000000000000}
           Volume name: 
           Volume label: OS

           Device name: \Device\HarddiskVolumeShadowCopy4
           Device GUID: {00000000-0000-0000-0000-000000000000}
           Device manufacturer: 
           Device model: 
           Device revision: 
           Device serial number: 
           Bus type: <unknown>
           Native NVMe: false
           
           Adapter serial number: 
           
           Process Id: 21484
           Process name: svchost.exe
           
           Reason: User request
"
"13-08-2026 12:02:05","10","Information","Microsoft-Windows-Ntfs","NTFS cached runs statistics.

           Volume correlation Id: {c5c572ba-c5d0-47f6-864e-13eb05e6d46c}
           Volume name: C:
           Volume label: OS

           Device name: \Device\HarddiskVolume3
           Device GUID: {0d0616a1-3adc-3de7-d9a2-784fe4e2d52a}
           Device manufacturer: NVMe
           Device model: PM9C1b Samsung 256GB
           Device revision: 58330109
           Device serial number: 0025_38F6_5106_1623.
           Bus type: NVMe
           Native NVMe: false

           Adapter serial number: 

           Media type: Hard disk
           Runs cached: 8335
           Longest run cached: 21.67 GB
           Most populated bin Count: 2877
           Most populated bin's minimum length: 16 KB
           Most populated bin's maximum length: 16 KB
"
"13-08-2026 12:02:05","9","Information","Microsoft-Windows-Ntfs","NTFS scanned entire volume bitmap.

           Volume correlation Id: {c5c572ba-c5d0-47f6-864e-13eb05e6d46c}
           Volume name: C:
           Volume label: OS

           Device name: \Device\HarddiskVolume3
           Device GUID: {0d0616a1-3adc-3de7-d9a2-784fe4e2d52a}
           Device manufacturer: NVMe
           Device model: PM9C1b Samsung 256GB
           Device revision: 58330109
           Device serial number: 0025_38F6_5106_1623.
           Bus type: NVMe
           Native NVMe: false

           Adapter serial number: 

           Duration (micro seconds): 77312
           InputFlags: 0xA
           Reason: Reload requested because of an exception or configuration change
           Flags: 0x10
"
"13-08-2026 12:02:05","10","Information","Microsoft-Windows-Ntfs","NTFS cached runs statistics.

           Volume correlation Id: {c5c572ba-c5d0-47f6-864e-13eb05e6d46c}
           Volume name: C:
           Volume label: OS

           Device name: \Device\HarddiskVolume3
           Device GUID: {0d0616a1-3adc-3de7-d9a2-784fe4e2d52a}
           Device manufacturer: NVMe
           Device model: PM9C1b Samsung 256GB
           Device revision: 58330109
           Device serial number: 0025_38F6_5106_1623.
           Bus type: NVMe
           Native NVMe: false

           Adapter serial number: 

           Media type: Hard disk
           Runs cached: 8334
           Longest run cached: 21.67 GB
           Most populated bin Count: 2878
           Most populated bin's minimum length: 16 KB
           Most populated bin's maximum length: 16 KB
"
"13-08-2026 12:02:05","9","Information","Microsoft-Windows-Ntfs","NTFS scanned entire volume bitmap.

           Volume correlation Id: {c5c572ba-c5d0-47f6-864e-13eb05e6d46c}
           Volume name: C:
           Volume label: OS

           Device name: \Device\HarddiskVolume3
           Device GUID: {0d0616a1-3adc-3de7-d9a2-784fe4e2d52a}
           Device manufacturer: NVMe
           Device model: PM9C1b Samsung 256GB
           Device revision: 58330109
           Device serial number: 0025_38F6_5106_1623.
           Bus type: NVMe
           Native NVMe: false

           Adapter serial number: 

           Duration (micro seconds): 19578
           InputFlags: 0xA
           Reason: Reload requested because of an exception or configuration change
           Flags: 0x10
"
"13-08-2026 12:02:05","4","Information","Microsoft-Windows-Ntfs","The NTFS volume has been successfully mounted.

           Volume correlation Id: {00000000-0000-0000-0000-000000000000}
           Volume name: OS
           Volume label: OS

           Device name: \Device\HarddiskVolumeShadowCopy4
           Device GUID: {00000000-0000-0000-0000-000000000000}
           Device manufacturer: 
           Device model: 
           Device revision: 
           Device serial number: 
           Bus type: <unknown>
           Device number: 4294967295
           Boot partition: false

           Native NVMe: false

           Adapter serial number: 
           
           Total mount duration: 41 ms
           Longest stage: 7. Duration 34 ms (85% of the total)
           Second longest stage: 5. Duration 3 ms (9% of the total)
           Volume restart applied: false
"
"13-08-2026 12:02:05","10","Information","Microsoft-Windows-Ntfs","NTFS cached runs statistics.

           Volume correlation Id: {00000000-0000-0000-0000-000000000000}
           Volume name: 
           Volume label: OS

           Device name: \Device\HarddiskVolumeShadowCopy4
           Device GUID: {00000000-0000-0000-0000-000000000000}
           Device manufacturer: 
           Device model: 
           Device revision: 
           Device serial number: 
           Bus type: <unknown>
           Native NVMe: false

           Adapter serial number: 

           Media type: Hard disk
           Runs cached: 5296
           Longest run cached: 21.67 GB
           Most populated bin Count: 72
           Most populated bin's minimum length: 7.51 MB
           Most populated bin's maximum length: 7.75 MB
"
"13-08-2026 12:02:05","9","Information","Microsoft-Windows-Ntfs","NTFS scanned entire volume bitmap.

           Volume correlation Id: {00000000-0000-0000-0000-000000000000}
           Volume name: 
           Volume label: OS

           Device name: \Device\HarddiskVolumeShadowCopy4
           Device GUID: {00000000-0000-0000-0000-000000000000}
           Device manufacturer: 
           Device model: 
           Device revision: 
           Device serial number: 
           Bus type: <unknown>
           Native NVMe: false

           Adapter serial number: 

           Duration (micro seconds): 33652
           InputFlags: 0xE
           Reason: Mount
           Flags: 0x10
"
"13-08-2026 12:02:05","303","Information","Microsoft-Windows-Ntfs","The NTFS volume has successfully dismounted.

           Volume correlation Id: {00000000-0000-0000-0000-000000000000}
           Volume name: OS
           Volume label: OS

           Device name: \Device\HarddiskVolumeShadowCopy4
           Device GUID: {00000000-0000-0000-0000-000000000000}
           Device manufacturer: 
           Device model: 
           Device revision: 
           Device serial number: 
           Bus type: <unknown>
           Native NVMe: false

           Adapter serial number: 
           
           Process Id: 21484
           Process name: svchost.exe
           
           Reason: User request
"
"13-08-2026 12:02:05","300","Information","Microsoft-Windows-Ntfs","NTFS volume dismount has started.

           Volume correlation Id: {00000000-0000-0000-0000-000000000000}
           Volume name: 
           Volume label: OS

           Device name: \Device\HarddiskVolumeShadowCopy4
           Device GUID: {00000000-0000-0000-0000-000000000000}
           Device manufacturer: 
           Device model: 
           Device revision: 
           Device serial number: 
           Bus type: <unknown>
           Native NVMe: false
           
           Adapter serial number: 
           
           Process Id: 21484
           Process name: svchost.exe
           
           Reason: User request
"
"13-08-2026 12:02:05","10","Information","Microsoft-Windows-Ntfs","NTFS cached runs statistics.

           Volume correlation Id: {00000000-0000-0000-0000-000000000000}
           Volume name: 
           Volume label: OS

           Device name: \Device\HarddiskVolumeShadowCopy4
           Device GUID: {00000000-0000-0000-0000-000000000000}
           Device manufacturer: 
           Device model: 
           Device revision: 
           Device serial number: 
           Bus type: <unknown>
           Native NVMe: false

           Adapter serial number: 

           Media type: Hard disk
           Runs cached: 3794
           Longest run cached: 21.67 GB
           Most populated bin Count: 72
           Most populated bin's minimum length: 7.51 MB
           Most populated bin's maximum length: 7.75 MB
"
"13-08-2026 12:02:05","9","Information","Microsoft-Windows-Ntfs","NTFS scanned entire volume bitmap.

           Volume correlation Id: {00000000-0000-0000-0000-000000000000}
           Volume name: 
           Volume label: OS

           Device name: \Device\HarddiskVolumeShadowCopy4
           Device GUID: {00000000-0000-0000-0000-000000000000}
           Device manufacturer: 
           Device model: 
           Device revision: 
           Device serial number: 
           Bus type: <unknown>
           Native NVMe: false

           Adapter serial number: 

           Duration (micro seconds): 27100
           InputFlags: 0xE
           Reason: Mount
           Flags: 0x10
"
"13-08-2026 12:02:05","4","Information","Microsoft-Windows-Ntfs","The NTFS volume has been successfully mounted.

           Volume correlation Id: {00000000-0000-0000-0000-000000000000}
           Volume name: OS
           Volume label: OS

           Device name: \Device\HarddiskVolumeShadowCopy4
           Device GUID: {00000000-0000-0000-0000-000000000000}
           Device manufacturer: 
           Device model: 
           Device revision: 
           Device serial number: 
           Bus type: <unknown>
           Device number: 4294967295
           Boot partition: false

           Native NVMe: false

           Adapter serial number: 
           
           Total mount duration: 32 ms
           Longest stage: 7. Duration 32 ms (100% of the total)
           Second longest stage: 0. Duration 0 µs (0% of the total)
           Volume restart applied: false
"
"13-08-2026 12:02:05","303","Information","Microsoft-Windows-Ntfs","The NTFS volume has successfully dismounted.

           Volume correlation Id: {00000000-0000-0000-0000-000000000000}
           Volume name: OS
           Volume label: OS

           Device name: \Device\HarddiskVolumeShadowCopy4
           Device GUID: {00000000-0000-0000-0000-000000000000}
           Device manufacturer: 
           Device model: 
           Device revision: 
           Device serial number: 
           Bus type: <unknown>
           Native NVMe: false

           Adapter serial number: 
           
           Process Id: 21484
           Process name: svchost.exe
           
           Reason: User request
"
"13-08-2026 12:02:05","300","Information","Microsoft-Windows-Ntfs","NTFS volume dismount has started.

           Volume correlation Id: {00000000-0000-0000-0000-000000000000}
           Volume name: 
           Volume label: OS

           Device name: \Device\HarddiskVolumeShadowCopy4
           Device GUID: {00000000-0000-0000-0000-000000000000}
           Device manufacturer: 
           Device model: 
           Device revision: 
           Device serial number: 
           Bus type: <unknown>
           Native NVMe: false
           
           Adapter serial number: 
           
           Process Id: 21484
           Process name: svchost.exe
           
           Reason: User request
"
"13-08-2026 12:02:05","10","Information","Microsoft-Windows-Ntfs","NTFS cached runs statistics.

           Volume correlation Id: {00000000-0000-0000-0000-000000000000}
           Volume name: 
           Volume label: OS

           Device name: \Device\HarddiskVolumeShadowCopy4
           Device GUID: {00000000-0000-0000-0000-000000000000}
           Device manufacturer: 
           Device model: 
           Device revision: 
           Device serial number: 
           Bus type: <unknown>
           Native NVMe: false

           Adapter serial number: 

           Media type: Hard disk
           Runs cached: 3794
           Longest run cached: 21.67 GB
           Most populated bin Count: 72
           Most populated bin's minimum length: 7.51 MB
           Most populated bin's maximum length: 7.75 MB
"
"13-08-2026 12:02:05","9","Information","Microsoft-Windows-Ntfs","NTFS scanned entire volume bitmap.

           Volume correlation Id: {00000000-0000-0000-0000-000000000000}
           Volume name: 
           Volume label: OS

           Device name: \Device\HarddiskVolumeShadowCopy4
           Device GUID: {00000000-0000-0000-0000-000000000000}
           Device manufacturer: 
           Device model: 
           Device revision: 
           Device serial number: 
           Bus type: <unknown>
           Native NVMe: false

           Adapter serial number: 

           Duration (micro seconds): 31237
           InputFlags: 0xE
           Reason: Mount
           Flags: 0x10
"
"13-08-2026 12:02:05","4","Information","Microsoft-Windows-Ntfs","The NTFS volume has been successfully mounted.

           Volume correlation Id: {00000000-0000-0000-0000-000000000000}
           Volume name: OS
           Volume label: OS

           Device name: \Device\HarddiskVolumeShadowCopy4
           Device GUID: {00000000-0000-0000-0000-000000000000}
           Device manufacturer: 
           Device model: 
           Device revision: 
           Device serial number: 
           Bus type: <unknown>
           Device number: 4294967295
           Boot partition: false

           Native NVMe: false

           Adapter serial number: 
           
           Total mount duration: 47 ms
           Longest stage: 7. Duration 31 ms (65% of the total)
           Second longest stage: 4. Duration 16 ms (35% of the total)
           Volume restart applied: false
"
"13-08-2026 11:13:39","142","Information","Microsoft-Windows-Ntfs","Summary of disk space usage, since last event:

           Available space was between 86.06 GB and 86.56 GB
           Change in available space: 508 MB
           
           Available clusters were between: 22559012 and 22689059
           Reserved clusters were between: 1316875 and 1317147
           Txf abort reserved clusters were between: 1024 and 1024
           
           Elapsed seconds: 3604
           
           Pagefile size: 23.02 GB
           Volume size: 235.88 GB
           Bytes per cluster: 4096
           
           Volume guid: {c5c572ba-c5d0-47f6-864e-13eb05e6d46c}
           Volume name: C:
           Is boot volume: true
           
           Cached runs miss counts:
               For MFT: 0
               For MFT zone: 0
               Everything else: 0
"
"13-08-2026 10:13:34","142","Information","Microsoft-Windows-Ntfs","Summary of disk space usage, since last event:

           Available space was between 77.92 GB and 87.21 GB
           Change in available space: 9.30 GB
           
           Available clusters were between: 20425378 and 22860998
           Reserved clusters were between: 1316619 and 1325003
           Txf abort reserved clusters were between: 1024 and 1024
           
           Elapsed seconds: 3601
           
           Pagefile size: 23.02 GB
           Volume size: 235.88 GB
           Bytes per cluster: 4096
           
           Volume guid: {c5c572ba-c5d0-47f6-864e-13eb05e6d46c}
           Volume name: C:
           Is boot volume: true
           
           Cached runs miss counts:
               For MFT: 0
               For MFT zone: 0
               Everything else: 0
"
"13-08-2026 09:15:15","303","Information","Microsoft-Windows-Ntfs","The NTFS volume has successfully dismounted.

           Volume correlation Id: {00000000-0000-0000-0000-000000000000}
           Volume name: OS
           Volume label: OS

           Device name: \Device\HarddiskVolumeShadowCopy3
           Device GUID: {00000000-0000-0000-0000-000000000000}
           Device manufacturer: 
           Device model: 
           Device revision: 
           Device serial number: 
           Bus type: <unknown>
           Native NVMe: false

           Adapter serial number: 
           
           Process Id: 34968
           Process name: svchost.exe
           
           Reason: User request
"
"13-08-2026 09:15:15","300","Information","Microsoft-Windows-Ntfs","NTFS volume dismount has started.

           Volume correlation Id: {00000000-0000-0000-0000-000000000000}
           Volume name: 
           Volume label: OS

           Device name: \Device\HarddiskVolumeShadowCopy3
           Device GUID: {00000000-0000-0000-0000-000000000000}
           Device manufacturer: 
           Device model: 
           Device revision: 
           Device serial number: 
           Bus type: <unknown>
           Native NVMe: false
           
           Adapter serial number: 
           
           Process Id: 34968
           Process name: svchost.exe
           
           Reason: User request
"
"13-08-2026 09:15:15","10","Information","Microsoft-Windows-Ntfs","NTFS cached runs statistics.

           Volume correlation Id: {c5c572ba-c5d0-47f6-864e-13eb05e6d46c}
           Volume name: C:
           Volume label: OS

           Device name: \Device\HarddiskVolume3
           Device GUID: {0d0616a1-3adc-3de7-d9a2-784fe4e2d52a}
           Device manufacturer: NVMe
           Device model: PM9C1b Samsung 256GB
           Device revision: 58330109
           Device serial number: 0025_38F6_5106_1623.
           Bus type: NVMe
           Native NVMe: false

           Adapter serial number: 

           Media type: Hard disk
           Runs cached: 6860
           Longest run cached: 21.67 GB
           Most populated bin Count: 2669
           Most populated bin's minimum length: 16 KB
           Most populated bin's maximum length: 16 KB
"
"13-08-2026 09:15:15","9","Information","Microsoft-Windows-Ntfs","NTFS scanned entire volume bitmap.

           Volume correlation Id: {c5c572ba-c5d0-47f6-864e-13eb05e6d46c}
           Volume name: C:
           Volume label: OS

           Device name: \Device\HarddiskVolume3
           Device GUID: {0d0616a1-3adc-3de7-d9a2-784fe4e2d52a}
           Device manufacturer: NVMe
           Device model: PM9C1b Samsung 256GB
           Device revision: 58330109
           Device serial number: 0025_38F6_5106_1623.
           Bus type: NVMe
           Native NVMe: false

           Adapter serial number: 

           Duration (micro seconds): 13249
           InputFlags: 0xA
           Reason: Reload requested because of an exception or configuration change
           Flags: 0x10
"
"13-08-2026 09:15:15","4","Information","Microsoft-Windows-Ntfs","The NTFS volume has been successfully mounted.

           Volume correlation Id: {00000000-0000-0000-0000-000000000000}
           Volume name: OS
           Volume label: OS

           Device name: \Device\HarddiskVolumeShadowCopy3
           Device GUID: {00000000-0000-0000-0000-000000000000}
           Device manufacturer: 
           Device model: 
           Device revision: 
           Device serial number: 
           Bus type: <unknown>
           Device number: 4294967295
           Boot partition: false

           Native NVMe: false

           Adapter serial number: 
           
           Total mount duration: 31 ms
           Longest stage: 7. Duration 26 ms (85% of the total)
           Second longest stage: 1. Duration 4 ms (15% of the total)
           Volume restart applied: false
"
"13-08-2026 09:15:15","10","Information","Microsoft-Windows-Ntfs","NTFS cached runs statistics.

           Volume correlation Id: {00000000-0000-0000-0000-000000000000}
           Volume name: 
           Volume label: OS

           Device name: \Device\HarddiskVolumeShadowCopy3
           Device GUID: {00000000-0000-0000-0000-000000000000}
           Device manufacturer: 
           Device model: 
           Device revision: 
           Device serial number: 
           Bus type: <unknown>
           Native NVMe: false

           Adapter serial number: 

           Media type: Hard disk
           Runs cached: 4078
           Longest run cached: 21.67 GB
           Most populated bin Count: 71
           Most populated bin's minimum length: 7.51 MB
           Most populated bin's maximum length: 7.75 MB
"
"13-08-2026 09:15:15","9","Information","Microsoft-Windows-Ntfs","NTFS scanned entire volume bitmap.

           Volume correlation Id: {00000000-0000-0000-0000-000000000000}
           Volume name: 
           Volume label: OS

           Device name: \Device\HarddiskVolumeShadowCopy3
           Device GUID: {00000000-0000-0000-0000-000000000000}
           Device manufacturer: 
           Device model: 
           Device revision: 
           Device serial number: 
           Bus type: <unknown>
           Native NVMe: false

           Adapter serial number: 

           Duration (micro seconds): 26241
           InputFlags: 0xE
           Reason: Mount
           Flags: 0x10
"
"13-08-2026 09:15:15","303","Information","Microsoft-Windows-Ntfs","The NTFS volume has successfully dismounted.

           Volume correlation Id: {00000000-0000-0000-0000-000000000000}
           Volume name: OS
           Volume label: OS

           Device name: \Device\HarddiskVolumeShadowCopy3
           Device GUID: {00000000-0000-0000-0000-000000000000}
           Device manufacturer: 
           Device model: 
           Device revision: 
           Device serial number: 
           Bus type: <unknown>
           Native NVMe: false

           Adapter serial number: 
           
           Process Id: 34968
           Process name: svchost.exe
           
           Reason: User request
"
"13-08-2026 09:15:15","300","Information","Microsoft-Windows-Ntfs","NTFS volume dismount has started.

           Volume correlation Id: {00000000-0000-0000-0000-000000000000}
           Volume name: 
           Volume label: OS

           Device name: \Device\HarddiskVolumeShadowCopy3
           Device GUID: {00000000-0000-0000-0000-000000000000}
           Device manufacturer: 
           Device model: 
           Device revision: 
           Device serial number: 
           Bus type: <unknown>
           Native NVMe: false
           
           Adapter serial number: 
           
           Process Id: 34968
           Process name: svchost.exe
           
           Reason: User request
"
"13-08-2026 09:15:14","4","Information","Microsoft-Windows-Ntfs","The NTFS volume has been successfully mounted.

           Volume correlation Id: {00000000-0000-0000-0000-000000000000}
           Volume name: OS
           Volume label: OS

           Device name: \Device\HarddiskVolumeShadowCopy3
           Device GUID: {00000000-0000-0000-0000-000000000000}
           Device manufacturer: 
           Device model: 
           Device revision: 
           Device serial number: 
           Bus type: <unknown>
           Device number: 4294967295
           Boot partition: false

           Native NVMe: false

           Adapter serial number: 
           
           Total mount duration: 30 ms
           Longest stage: 7. Duration 22 ms (74% of the total)
           Second longest stage: 8. Duration 5 ms (17% of the total)
           Volume restart applied: false
"
"13-08-2026 09:15:14","10","Information","Microsoft-Windows-Ntfs","NTFS cached runs statistics.

           Volume correlation Id: {00000000-0000-0000-0000-000000000000}
           Volume name: 
           Volume label: OS

           Device name: \Device\HarddiskVolumeShadowCopy3
           Device GUID: {00000000-0000-0000-0000-000000000000}
           Device manufacturer: 
           Device model: 
           Device revision: 
           Device serial number: 
           Bus type: <unknown>
           Native NVMe: false

           Adapter serial number: 

           Media type: Hard disk
           Runs cached: 2818
           Longest run cached: 21.67 GB
           Most populated bin Count: 72
           Most populated bin's minimum length: 7.51 MB
           Most populated bin's maximum length: 7.75 MB
"
"13-08-2026 09:15:14","9","Information","Microsoft-Windows-Ntfs","NTFS scanned entire volume bitmap.

           Volume correlation Id: {00000000-0000-0000-0000-000000000000}
           Volume name: 
           Volume label: OS

           Device name: \Device\HarddiskVolumeShadowCopy3
           Device GUID: {00000000-0000-0000-0000-000000000000}
           Device manufacturer: 
           Device model: 
           Device revision: 
           Device serial number: 
           Bus type: <unknown>
           Native NVMe: false

           Adapter serial number: 

           Duration (micro seconds): 24600
           InputFlags: 0xE
           Reason: Mount
           Flags: 0x10
"
"13-08-2026 09:15:14","303","Information","Microsoft-Windows-Ntfs","The NTFS volume has successfully dismounted.

           Volume correlation Id: {00000000-0000-0000-0000-000000000000}
           Volume name: OS
           Volume label: OS

           Device name: \Device\HarddiskVolumeShadowCopy3
           Device GUID: {00000000-0000-0000-0000-000000000000}
           Device manufacturer: 
           Device model: 
           Device revision: 
           Device serial number: 
           Bus type: <unknown>
           Native NVMe: false

           Adapter serial number: 
           
           Process Id: 34968
           Process name: svchost.exe
           
           Reason: User request
"
"13-08-2026 09:15:14","300","Information","Microsoft-Windows-Ntfs","NTFS volume dismount has started.

           Volume correlation Id: {00000000-0000-0000-0000-000000000000}
           Volume name: 
           Volume label: OS

           Device name: \Device\HarddiskVolumeShadowCopy3
           Device GUID: {00000000-0000-0000-0000-000000000000}
           Device manufacturer: 
           Device model: 
           Device revision: 
           Device serial number: 
           Bus type: <unknown>
           Native NVMe: false
           
           Adapter serial number: 
           
           Process Id: 34968
           Process name: svchost.exe
           
           Reason: User request
"
"13-08-2026 09:15:14","4","Information","Microsoft-Windows-Ntfs","The NTFS volume has been successfully mounted.

           Volume correlation Id: {00000000-0000-0000-0000-000000000000}
           Volume name: OS
           Volume label: OS

           Device name: \Device\HarddiskVolumeShadowCopy3
           Device GUID: {00000000-0000-0000-0000-000000000000}
           Device manufacturer: 
           Device model: 
           Device revision: 
           Device serial number: 
           Bus type: <unknown>
           Device number: 4294967295
           Boot partition: false

           Native NVMe: false

           Adapter serial number: 
           
           Total mount duration: 30 ms
           Longest stage: 7. Duration 23 ms (77% of the total)
           Second longest stage: 8. Duration 5 ms (17% of the total)
           Volume restart applied: false
"
"13-08-2026 09:15:14","10","Information","Microsoft-Windows-Ntfs","NTFS cached runs statistics.

           Volume correlation Id: {00000000-0000-0000-0000-000000000000}
           Volume name: 
           Volume label: OS

           Device name: \Device\HarddiskVolumeShadowCopy3
           Device GUID: {00000000-0000-0000-0000-000000000000}
           Device manufacturer: 
           Device model: 
           Device revision: 
           Device serial number: 
           Bus type: <unknown>
           Native NVMe: false

           Adapter serial number: 

           Media type: Hard disk
           Runs cached: 2818
           Longest run cached: 21.67 GB
           Most populated bin Count: 72
           Most populated bin's minimum length: 7.51 MB
           Most populated bin's maximum length: 7.75 MB
"
"13-08-2026 09:15:14","9","Information","Microsoft-Windows-Ntfs","NTFS scanned entire volume bitmap.

           Volume correlation Id: {00000000-0000-0000-0000-000000000000}
           Volume name: 
           Volume label: OS

           Device name: \Device\HarddiskVolumeShadowCopy3
           Device GUID: {00000000-0000-0000-0000-000000000000}
           Device manufacturer: 
           Device model: 
           Device revision: 
           Device serial number: 
           Bus type: <unknown>
           Native NVMe: false

           Adapter serial number: 

           Duration (micro seconds): 24188
           InputFlags: 0xE
           Reason: Mount
           Flags: 0x10
"
"13-08-2026 09:13:33","142","Information","Microsoft-Windows-Ntfs","Summary of disk space usage, since last event:

           Available space was between 77.93 GB and 87.20 GB
           Change in available space: 9.28 GB
           
           Available clusters were between: 20426692 and 22858350
           Reserved clusters were between: 1316843 and 1317003
           Txf abort reserved clusters were between: 1024 and 1024
           
           Elapsed seconds: 14290
           
           Pagefile size: 23.02 GB
           Volume size: 235.88 GB
           Bytes per cluster: 4096
           
           Volume guid: {c5c572ba-c5d0-47f6-864e-13eb05e6d46c}
           Volume name: C:
           Is boot volume: true
           
           Cached runs miss counts:
               For MFT: 0
               For MFT zone: 0
               Everything else: 0
"
