"06-08-2026 19:03:11","60","Information","Microsoft-Windows-UniversalTelemetryClient","Is device on battery power: true"
"06-08-2026 19:03:11","61","Information","Microsoft-Windows-UniversalTelemetryClient","Is the Battery Saver state enabled: false"
"06-08-2026 19:03:11","60","Information","Microsoft-Windows-UniversalTelemetryClient","Is device on battery power: true"
"06-08-2026 19:03:11","62","Information","Microsoft-Windows-UniversalTelemetryClient","Is the device in connected standby: false"
"06-08-2026 19:03:00","55","Information","Microsoft-Windows-UniversalTelemetryClient","Is the Internet available: true"
"06-08-2026 19:03:00","56","Information","Microsoft-Windows-UniversalTelemetryClient","Is a free network available: false"
"06-08-2026 19:03:00","56","Information","Microsoft-Windows-UniversalTelemetryClient","Is a free network available: false"
"06-08-2026 19:03:00","55","Information","Microsoft-Windows-UniversalTelemetryClient","Is the Internet available: false"
"06-08-2026 19:02:53","61","Information","Microsoft-Windows-UniversalTelemetryClient","Is the Battery Saver state enabled: true"
"06-08-2026 19:02:53","61","Information","Microsoft-Windows-UniversalTelemetryClient","Is the Battery Saver state enabled: true"
"06-08-2026 19:02:53","61","Information","Microsoft-Windows-UniversalTelemetryClient","Is the Battery Saver state enabled: true"
"06-08-2026 19:02:53","60","Information","Microsoft-Windows-UniversalTelemetryClient","Is device on battery power: true"
"06-08-2026 19:02:53","61","Information","Microsoft-Windows-UniversalTelemetryClient","Is the Battery Saver state enabled: true"
"06-08-2026 19:02:53","60","Information","Microsoft-Windows-UniversalTelemetryClient","Is device on battery power: true"
"06-08-2026 19:02:53","62","Information","Microsoft-Windows-UniversalTelemetryClient","Is the device in connected standby: true"
"06-08-2026 19:02:48","61","Information","Microsoft-Windows-UniversalTelemetryClient","Is the Battery Saver state enabled: false"
"06-08-2026 19:02:48","61","Information","Microsoft-Windows-UniversalTelemetryClient","Is the Battery Saver state enabled: false"
"06-08-2026 19:02:48","60","Information","Microsoft-Windows-UniversalTelemetryClient","Is device on battery power: true"
"06-08-2026 19:02:48","61","Information","Microsoft-Windows-UniversalTelemetryClient","Is the Battery Saver state enabled: true"
"06-08-2026 19:02:48","62","Information","Microsoft-Windows-UniversalTelemetryClient","Is the device in connected standby: false"
"06-08-2026 19:02:48","61","Information","Microsoft-Windows-UniversalTelemetryClient","Is the Battery Saver state enabled: true"
"06-08-2026 19:02:48","60","Information","Microsoft-Windows-UniversalTelemetryClient","Is device on battery power: true"
"06-08-2026 19:02:48","61","Information","Microsoft-Windows-UniversalTelemetryClient","Is the Battery Saver state enabled: true"
"06-08-2026 19:02:48","62","Information","Microsoft-Windows-UniversalTelemetryClient","Is the device in connected standby: true"
"06-08-2026 19:02:48","61","Information","Microsoft-Windows-UniversalTelemetryClient","Is the Battery Saver state enabled: true"
"06-08-2026 19:02:48","60","Information","Microsoft-Windows-UniversalTelemetryClient","Is device on battery power: true"
"06-08-2026 19:02:48","61","Information","Microsoft-Windows-UniversalTelemetryClient","Is the Battery Saver state enabled: true"
"06-08-2026 19:02:48","60","Information","Microsoft-Windows-UniversalTelemetryClient","Is device on battery power: true"
"06-08-2026 19:02:47","60","Information","Microsoft-Windows-UniversalTelemetryClient","Is device on battery power: true"
"06-08-2026 19:02:47","61","Information","Microsoft-Windows-UniversalTelemetryClient","Is the Battery Saver state enabled: false"
"06-08-2026 19:02:47","60","Information","Microsoft-Windows-UniversalTelemetryClient","Is device on battery power: true"
"06-08-2026 19:01:04","61","Information","Microsoft-Windows-UniversalTelemetryClient","Is the Battery Saver state enabled: false"
"06-08-2026 19:01:04","60","Information","Microsoft-Windows-UniversalTelemetryClient","Is device on battery power: false"
"06-08-2026 19:01:04","62","Information","Microsoft-Windows-UniversalTelemetryClient","Is the device in connected standby: false"
"06-08-2026 19:01:02","61","Information","Microsoft-Windows-UniversalTelemetryClient","Is the Battery Saver state enabled: false"
"06-08-2026 19:01:02","60","Information","Microsoft-Windows-UniversalTelemetryClient","Is device on battery power: false"
"06-08-2026 19:01:02","62","Information","Microsoft-Windows-UniversalTelemetryClient","Is the device in connected standby: true"
"06-08-2026 18:57:43","27","Information","Microsoft-Windows-UniversalTelemetryClient","Connection state - All connections have succeeded since the previous period."
"06-08-2026 18:56:16","1","Information","Microsoft-Windows-UniversalTelemetryClient","Tenant P-ARIA-6660cc65b74b4291b30536aea7ed6ead-5a228f6e-723e-4098-8ed2-3554f184fd67-7451 has been registered for telemetry usage."
"06-08-2026 18:54:47","27","Information","Microsoft-Windows-UniversalTelemetryClient","Connection state - All connections have succeeded since the previous period."
"06-08-2026 18:53:54","22","Information","Microsoft-Windows-UniversalTelemetryClient","The daily upload quota for SENSE has crossed into a new tier."
"06-08-2026 18:47:43","27","Information","Microsoft-Windows-UniversalTelemetryClient","Connection state - All connections have succeeded since the previous period."
"06-08-2026 18:42:43","27","Information","Microsoft-Windows-UniversalTelemetryClient","Connection state - All connections have succeeded since the previous period."
"06-08-2026 18:38:44","27","Information","Microsoft-Windows-UniversalTelemetryClient","Connection state - All connections have succeeded since the previous period."
"06-08-2026 18:27:43","27","Information","Microsoft-Windows-UniversalTelemetryClient","Connection state - All connections have succeeded since the previous period."
"06-08-2026 18:27:38","1","Information","Microsoft-Windows-UniversalTelemetryClient","Tenant P-ARIA-6660cc65b74b4291b30536aea7ed6ead-5a228f6e-723e-4098-8ed2-3554f184fd67-7451 has been registered for telemetry usage."
"06-08-2026 18:24:46","27","Information","Microsoft-Windows-UniversalTelemetryClient","Connection state - All connections have succeeded since the previous period."
"06-08-2026 18:21:11","1","Information","Microsoft-Windows-UniversalTelemetryClient","Tenant P-ARIA-6660cc65b74b4291b30536aea7ed6ead-5a228f6e-723e-4098-8ed2-3554f184fd67-7451 has been registered for telemetry usage."
"06-08-2026 18:17:43","27","Information","Microsoft-Windows-UniversalTelemetryClient","Connection state - All connections have succeeded since the previous period."
"06-08-2026 18:12:43","27","Information","Microsoft-Windows-UniversalTelemetryClient","Connection state - All connections have succeeded since the previous period."
"06-08-2026 18:08:44","27","Information","Microsoft-Windows-UniversalTelemetryClient","Connection state - All connections have succeeded since the previous period."
"06-08-2026 17:56:43","27","Information","Microsoft-Windows-UniversalTelemetryClient","Connection state - All connections have succeeded since the previous period."
"06-08-2026 17:54:46","27","Information","Microsoft-Windows-UniversalTelemetryClient","Connection state - All connections have succeeded since the previous period."
"06-08-2026 17:38:44","27","Information","Microsoft-Windows-UniversalTelemetryClient","Connection state - All connections have succeeded since the previous period."
"06-08-2026 17:37:39","61","Information","Microsoft-Windows-UniversalTelemetryClient","Is the Battery Saver state enabled: false"
"06-08-2026 17:37:39","60","Information","Microsoft-Windows-UniversalTelemetryClient","Is device on battery power: false"
"06-08-2026 17:37:39","60","Information","Microsoft-Windows-UniversalTelemetryClient","Is device on battery power: false"
"06-08-2026 17:24:46","27","Information","Microsoft-Windows-UniversalTelemetryClient","Connection state - All connections have succeeded since the previous period."
"06-08-2026 16:54:46","27","Information","Microsoft-Windows-UniversalTelemetryClient","Connection state - All connections have succeeded since the previous period."
"06-08-2026 16:33:54","61","Information","Microsoft-Windows-UniversalTelemetryClient","Is the Battery Saver state enabled: false"
"06-08-2026 16:33:54","60","Information","Microsoft-Windows-UniversalTelemetryClient","Is device on battery power: true"
"06-08-2026 16:33:54","60","Information","Microsoft-Windows-UniversalTelemetryClient","Is device on battery power: true"
"06-08-2026 16:31:43","27","Information","Microsoft-Windows-UniversalTelemetryClient","Connection state - All connections have succeeded since the previous period."
"06-08-2026 16:29:52","61","Information","Microsoft-Windows-UniversalTelemetryClient","Is the Battery Saver state enabled: false"
"06-08-2026 16:29:52","60","Information","Microsoft-Windows-UniversalTelemetryClient","Is device on battery power: false"
"06-08-2026 16:29:52","60","Information","Microsoft-Windows-UniversalTelemetryClient","Is device on battery power: false"
"06-08-2026 16:26:43","27","Information","Microsoft-Windows-UniversalTelemetryClient","Connection state - All connections have succeeded since the previous period."
"06-08-2026 16:24:46","27","Information","Microsoft-Windows-UniversalTelemetryClient","Connection state - All connections have succeeded since the previous period."
"06-08-2026 15:54:46","27","Information","Microsoft-Windows-UniversalTelemetryClient","Connection state - All connections have succeeded since the previous period."
"06-08-2026 15:40:50","1","Information","Microsoft-Windows-UniversalTelemetryClient","Tenant P-ARIA-5476d0c4a7a347909c4b8a13078d4390-f8bdcecf-243f-40f8-b7c3-b9c44a57dead-7230 has been registered for telemetry usage."
"06-08-2026 15:40:14","1","Information","Microsoft-Windows-UniversalTelemetryClient","Tenant P-ARIA-5476d0c4a7a347909c4b8a13078d4390-f8bdcecf-243f-40f8-b7c3-b9c44a57dead-7230 has been registered for telemetry usage."
"06-08-2026 15:40:14","1","Information","Microsoft-Windows-UniversalTelemetryClient","Tenant P-ARIA-4bb4d6f7cafc4e9292f972dca2dcde42-bd019ee8-e59c-4b0f-a02c-84e72157a3ef-7485 has been registered for telemetry usage."
"06-08-2026 15:40:13","1","Information","Microsoft-Windows-UniversalTelemetryClient","Tenant P-ARIA-4bb4d6f7cafc4e9292f972dca2dcde42-bd019ee8-e59c-4b0f-a02c-84e72157a3ef-7485 has been registered for telemetry usage."
"06-08-2026 15:39:53","1","Information","Microsoft-Windows-UniversalTelemetryClient","Tenant P-ARIA-5476d0c4a7a347909c4b8a13078d4390-f8bdcecf-243f-40f8-b7c3-b9c44a57dead-7230 has been registered for telemetry usage."
"06-08-2026 15:39:52","1","Information","Microsoft-Windows-UniversalTelemetryClient","Tenant P-ARIA-4bb4d6f7cafc4e9292f972dca2dcde42-bd019ee8-e59c-4b0f-a02c-84e72157a3ef-7485 has been registered for telemetry usage."
"06-08-2026 15:24:46","27","Information","Microsoft-Windows-UniversalTelemetryClient","Connection state - All connections have succeeded since the previous period."
"06-08-2026 15:17:11","22","Information","Microsoft-Windows-UniversalTelemetryClient","The daily upload quota for SENSE has crossed into a new tier."
"06-08-2026 15:01:43","27","Information","Microsoft-Windows-UniversalTelemetryClient","Connection state - All connections have succeeded since the previous period."
"06-08-2026 14:56:43","27","Information","Microsoft-Windows-UniversalTelemetryClient","Connection state - All connections have succeeded since the previous period."
"06-08-2026 14:54:46","27","Information","Microsoft-Windows-UniversalTelemetryClient","Connection state - All connections have succeeded since the previous period."
"06-08-2026 14:31:43","27","Information","Microsoft-Windows-UniversalTelemetryClient","Connection state - All connections have succeeded since the previous period."
"06-08-2026 14:26:43","27","Information","Microsoft-Windows-UniversalTelemetryClient","Connection state - All connections have succeeded since the previous period."
"06-08-2026 14:24:46","27","Information","Microsoft-Windows-UniversalTelemetryClient","Connection state - All connections have succeeded since the previous period."
"06-08-2026 13:54:46","27","Information","Microsoft-Windows-UniversalTelemetryClient","Connection state - All connections have succeeded since the previous period."
"06-08-2026 13:40:08","1","Information","Microsoft-Windows-UniversalTelemetryClient","Tenant P-ARIA-af397ef28e484961ba48646a5d38cf54-77418283-d6f6-4a90-b0c8-37e0f5e7b087-7425 has been registered for telemetry usage."
"06-08-2026 13:31:57","1","Information","Microsoft-Windows-UniversalTelemetryClient","Tenant P-ARIA-5476d0c4a7a347909c4b8a13078d4390-f8bdcecf-243f-40f8-b7c3-b9c44a57dead-7230 has been registered for telemetry usage."
"06-08-2026 13:31:56","1","Information","Microsoft-Windows-UniversalTelemetryClient","Tenant P-ARIA-4bb4d6f7cafc4e9292f972dca2dcde42-bd019ee8-e59c-4b0f-a02c-84e72157a3ef-7485 has been registered for telemetry usage."
"06-08-2026 13:24:46","27","Information","Microsoft-Windows-UniversalTelemetryClient","Connection state - All connections have succeeded since the previous period."
"06-08-2026 12:54:46","27","Information","Microsoft-Windows-UniversalTelemetryClient","Connection state - All connections have succeeded since the previous period."
"06-08-2026 12:26:42","27","Information","Microsoft-Windows-UniversalTelemetryClient","Connection state - All connections have succeeded since the previous period."
"06-08-2026 12:24:46","27","Information","Microsoft-Windows-UniversalTelemetryClient","Connection state - All connections have succeeded since the previous period."
"06-08-2026 11:54:46","27","Information","Microsoft-Windows-UniversalTelemetryClient","Connection state - All connections have succeeded since the previous period."
"06-08-2026 11:24:46","27","Information","Microsoft-Windows-UniversalTelemetryClient","Connection state - All connections have succeeded since the previous period."
"06-08-2026 11:11:57","22","Information","Microsoft-Windows-UniversalTelemetryClient","The daily upload quota for SENSE has crossed into a new tier."
"06-08-2026 11:09:24","61","Information","Microsoft-Windows-UniversalTelemetryClient","Is the Battery Saver state enabled: false"
"06-08-2026 11:09:24","60","Information","Microsoft-Windows-UniversalTelemetryClient","Is device on battery power: true"
"06-08-2026 11:09:24","60","Information","Microsoft-Windows-UniversalTelemetryClient","Is device on battery power: true"
"06-08-2026 11:01:42","27","Information","Microsoft-Windows-UniversalTelemetryClient","Connection state - All connections have succeeded since the previous period."
"06-08-2026 10:57:33","1","Information","Microsoft-Windows-UniversalTelemetryClient","Tenant P-ARIA-6660cc65b74b4291b30536aea7ed6ead-5a228f6e-723e-4098-8ed2-3554f184fd67-7451 has been registered for telemetry usage."
"06-08-2026 10:56:42","27","Information","Microsoft-Windows-UniversalTelemetryClient","Connection state - All connections have succeeded since the previous period."
"06-08-2026 10:54:46","27","Information","Microsoft-Windows-UniversalTelemetryClient","Connection state - All connections have succeeded since the previous period."
"06-08-2026 10:46:42","27","Information","Microsoft-Windows-UniversalTelemetryClient","Connection state - All connections have succeeded since the previous period."
"06-08-2026 10:41:42","27","Information","Microsoft-Windows-UniversalTelemetryClient","Connection state - All connections have succeeded since the previous period."
"06-08-2026 10:26:42","27","Information","Microsoft-Windows-UniversalTelemetryClient","Connection state - All connections have succeeded since the previous period."
"06-08-2026 10:25:30","1","Information","Microsoft-Windows-UniversalTelemetryClient","Tenant P-ARIA-6660cc65b74b4291b30536aea7ed6ead-5a228f6e-723e-4098-8ed2-3554f184fd67-7451 has been registered for telemetry usage."
"06-08-2026 10:24:46","27","Information","Microsoft-Windows-UniversalTelemetryClient","Connection state - All connections have succeeded since the previous period."
"06-08-2026 10:11:42","27","Information","Microsoft-Windows-UniversalTelemetryClient","Connection state - All connections have succeeded since the previous period."
"06-08-2026 10:01:42","27","Information","Microsoft-Windows-UniversalTelemetryClient","Connection state - All connections have succeeded since the previous period."
"06-08-2026 09:56:42","27","Information","Microsoft-Windows-UniversalTelemetryClient","Connection state - All connections have succeeded since the previous period."
"06-08-2026 09:54:46","27","Information","Microsoft-Windows-UniversalTelemetryClient","Connection state - All connections have succeeded since the previous period."
"06-08-2026 09:54:17","61","Information","Microsoft-Windows-UniversalTelemetryClient","Is the Battery Saver state enabled: false"
"06-08-2026 09:54:17","60","Information","Microsoft-Windows-UniversalTelemetryClient","Is device on battery power: false"
"06-08-2026 09:54:17","60","Information","Microsoft-Windows-UniversalTelemetryClient","Is device on battery power: false"
"06-08-2026 09:46:42","27","Information","Microsoft-Windows-UniversalTelemetryClient","Connection state - All connections have succeeded since the previous period."
"06-08-2026 09:27:52","22","Information","Microsoft-Windows-UniversalTelemetryClient","The daily upload quota for SENSE has crossed into a new tier."
"06-08-2026 09:24:46","27","Information","Microsoft-Windows-UniversalTelemetryClient","Connection state - All connections have succeeded since the previous period."
"06-08-2026 09:04:00","60","Information","Microsoft-Windows-UniversalTelemetryClient","Is device on battery power: true"
"06-08-2026 09:04:00","61","Information","Microsoft-Windows-UniversalTelemetryClient","Is the Battery Saver state enabled: false"
"06-08-2026 09:04:00","60","Information","Microsoft-Windows-UniversalTelemetryClient","Is device on battery power: true"
"06-08-2026 09:00:42","27","Information","Microsoft-Windows-UniversalTelemetryClient","Connection state - All connections have succeeded since the previous period."
"06-08-2026 08:59:48","61","Information","Microsoft-Windows-UniversalTelemetryClient","Is the Battery Saver state enabled: false"
"06-08-2026 08:58:47","22","Information","Microsoft-Windows-UniversalTelemetryClient","The daily upload quota for SENSE has crossed into a new tier."
"06-08-2026 08:56:30","1","Information","Microsoft-Windows-UniversalTelemetryClient","Tenant P-ARIA-6660cc65b74b4291b30536aea7ed6ead-5a228f6e-723e-4098-8ed2-3554f184fd67-7451 has been registered for telemetry usage."
"06-08-2026 08:55:42","28","Warning","Microsoft-Windows-UniversalTelemetryClient","Connection state - Some connections have failed since the previous period."
"06-08-2026 08:54:48","60","Information","Microsoft-Windows-UniversalTelemetryClient","Is device on battery power: false"
"06-08-2026 08:54:48","61","Information","Microsoft-Windows-UniversalTelemetryClient","Is the Battery Saver state enabled: false"
"06-08-2026 08:54:48","60","Information","Microsoft-Windows-UniversalTelemetryClient","Is device on battery power: false"
"06-08-2026 08:54:48","61","Information","Microsoft-Windows-UniversalTelemetryClient","Is the Battery Saver state enabled: false"
"06-08-2026 08:54:46","27","Information","Microsoft-Windows-UniversalTelemetryClient","Connection state - All connections have succeeded since the previous period."
"06-08-2026 05:13:21","55","Information","Microsoft-Windows-UniversalTelemetryClient","Is the Internet available: true"
"06-08-2026 05:13:21","56","Information","Microsoft-Windows-UniversalTelemetryClient","Is a free network available: true"
"06-08-2026 05:13:21","55","Information","Microsoft-Windows-UniversalTelemetryClient","Is the Internet available: true"
"06-08-2026 05:13:21","56","Information","Microsoft-Windows-UniversalTelemetryClient","Is a free network available: true"
"06-08-2026 05:13:20","55","Information","Microsoft-Windows-UniversalTelemetryClient","Is the Internet available: true"
"06-08-2026 05:13:20","56","Information","Microsoft-Windows-UniversalTelemetryClient","Is a free network available: false"
"06-08-2026 05:13:16","27","Information","Microsoft-Windows-UniversalTelemetryClient","Connection state - All connections have succeeded since the previous period."
"06-08-2026 05:13:16","61","Information","Microsoft-Windows-UniversalTelemetryClient","Is the Battery Saver state enabled: false"
"06-08-2026 05:13:16","62","Information","Microsoft-Windows-UniversalTelemetryClient","Is the device in connected standby: false"
"06-08-2026 05:13:16","61","Information","Microsoft-Windows-UniversalTelemetryClient","Is the Battery Saver state enabled: false"
"06-08-2026 05:13:16","60","Information","Microsoft-Windows-UniversalTelemetryClient","Is device on battery power: true"
"05-08-2026 20:55:37","61","Information","Microsoft-Windows-UniversalTelemetryClient","Is the Battery Saver state enabled: false"
"05-08-2026 20:55:37","62","Information","Microsoft-Windows-UniversalTelemetryClient","Is the device in connected standby: true"
"05-08-2026 20:55:37","61","Information","Microsoft-Windows-UniversalTelemetryClient","Is the Battery Saver state enabled: false"
"05-08-2026 20:55:37","60","Information","Microsoft-Windows-UniversalTelemetryClient","Is device on battery power: true"
"05-08-2026 20:55:32","61","Information","Microsoft-Windows-UniversalTelemetryClient","Is the Battery Saver state enabled: false"
"05-08-2026 20:55:32","61","Information","Microsoft-Windows-UniversalTelemetryClient","Is the Battery Saver state enabled: false"
"05-08-2026 20:55:32","61","Information","Microsoft-Windows-UniversalTelemetryClient","Is the Battery Saver state enabled: false"
"05-08-2026 20:55:32","60","Information","Microsoft-Windows-UniversalTelemetryClient","Is device on battery power: true"
"05-08-2026 20:55:32","62","Information","Microsoft-Windows-UniversalTelemetryClient","Is the device in connected standby: false"
"05-08-2026 20:55:32","61","Information","Microsoft-Windows-UniversalTelemetryClient","Is the Battery Saver state enabled: false"
"05-08-2026 20:55:32","60","Information","Microsoft-Windows-UniversalTelemetryClient","Is device on battery power: true"
"05-08-2026 20:51:57","55","Information","Microsoft-Windows-UniversalTelemetryClient","Is the Internet available: true"
"05-08-2026 20:51:57","56","Information","Microsoft-Windows-UniversalTelemetryClient","Is a free network available: false"
"05-08-2026 20:51:57","56","Information","Microsoft-Windows-UniversalTelemetryClient","Is a free network available: false"
"05-08-2026 20:51:56","55","Information","Microsoft-Windows-UniversalTelemetryClient","Is the Internet available: false"
"05-08-2026 20:51:50","61","Information","Microsoft-Windows-UniversalTelemetryClient","Is the Battery Saver state enabled: true"
"05-08-2026 20:51:50","61","Information","Microsoft-Windows-UniversalTelemetryClient","Is the Battery Saver state enabled: true"
"05-08-2026 20:51:50","60","Information","Microsoft-Windows-UniversalTelemetryClient","Is device on battery power: true"
"05-08-2026 20:51:50","61","Information","Microsoft-Windows-UniversalTelemetryClient","Is the Battery Saver state enabled: true"
"05-08-2026 20:51:50","60","Information","Microsoft-Windows-UniversalTelemetryClient","Is device on battery power: true"
"05-08-2026 20:51:50","62","Information","Microsoft-Windows-UniversalTelemetryClient","Is the device in connected standby: true"
"05-08-2026 20:38:28","27","Information","Microsoft-Windows-UniversalTelemetryClient","Connection state - All connections have succeeded since the previous period."
"05-08-2026 20:22:30","27","Information","Microsoft-Windows-UniversalTelemetryClient","Connection state - All connections have succeeded since the previous period."
"05-08-2026 20:08:28","27","Information","Microsoft-Windows-UniversalTelemetryClient","Connection state - All connections have succeeded since the previous period."
"05-08-2026 19:38:28","27","Information","Microsoft-Windows-UniversalTelemetryClient","Connection state - All connections have succeeded since the previous period."
"05-08-2026 19:08:28","27","Information","Microsoft-Windows-UniversalTelemetryClient","Connection state - All connections have succeeded since the previous period."
"05-08-2026 18:42:29","27","Information","Microsoft-Windows-UniversalTelemetryClient","Connection state - All connections have succeeded since the previous period."
"05-08-2026 18:38:28","27","Information","Microsoft-Windows-UniversalTelemetryClient","Connection state - All connections have succeeded since the previous period."
"05-08-2026 18:32:29","27","Information","Microsoft-Windows-UniversalTelemetryClient","Connection state - All connections have succeeded since the previous period."
"05-08-2026 18:22:29","27","Information","Microsoft-Windows-UniversalTelemetryClient","Connection state - All connections have succeeded since the previous period."
"05-08-2026 18:08:28","27","Information","Microsoft-Windows-UniversalTelemetryClient","Connection state - All connections have succeeded since the previous period."
"05-08-2026 17:38:28","27","Information","Microsoft-Windows-UniversalTelemetryClient","Connection state - All connections have succeeded since the previous period."
"05-08-2026 17:08:28","27","Information","Microsoft-Windows-UniversalTelemetryClient","Connection state - All connections have succeeded since the previous period."
"05-08-2026 16:38:28","27","Information","Microsoft-Windows-UniversalTelemetryClient","Connection state - All connections have succeeded since the previous period."
"05-08-2026 16:22:29","27","Information","Microsoft-Windows-UniversalTelemetryClient","Connection state - All connections have succeeded since the previous period."
"05-08-2026 16:08:29","27","Information","Microsoft-Windows-UniversalTelemetryClient","Connection state - All connections have succeeded since the previous period."
"05-08-2026 16:01:21","22","Information","Microsoft-Windows-UniversalTelemetryClient","The daily upload quota for SENSE has crossed into a new tier."
"05-08-2026 15:52:30","27","Information","Microsoft-Windows-UniversalTelemetryClient","Connection state - All connections have succeeded since the previous period."
"05-08-2026 15:46:37","1","Information","Microsoft-Windows-UniversalTelemetryClient","Tenant P-ARIA-6660cc65b74b4291b30536aea7ed6ead-5a228f6e-723e-4098-8ed2-3554f184fd67-7451 has been registered for telemetry usage."
"05-08-2026 15:38:29","27","Information","Microsoft-Windows-UniversalTelemetryClient","Connection state - All connections have succeeded since the previous period."
"05-08-2026 15:08:29","27","Information","Microsoft-Windows-UniversalTelemetryClient","Connection state - All connections have succeeded since the previous period."
"05-08-2026 14:38:29","27","Information","Microsoft-Windows-UniversalTelemetryClient","Connection state - All connections have succeeded since the previous period."
"05-08-2026 14:31:30","27","Information","Microsoft-Windows-UniversalTelemetryClient","Connection state - All connections have succeeded since the previous period."
"05-08-2026 14:28:02","61","Information","Microsoft-Windows-UniversalTelemetryClient","Is the Battery Saver state enabled: false"
"05-08-2026 14:28:02","60","Information","Microsoft-Windows-UniversalTelemetryClient","Is device on battery power: true"
"05-08-2026 14:28:02","60","Information","Microsoft-Windows-UniversalTelemetryClient","Is device on battery power: true"
"05-08-2026 14:21:30","27","Information","Microsoft-Windows-UniversalTelemetryClient","Connection state - All connections have succeeded since the previous period."
"05-08-2026 14:11:30","27","Information","Microsoft-Windows-UniversalTelemetryClient","Connection state - All connections have succeeded since the previous period."
"05-08-2026 14:08:29","27","Information","Microsoft-Windows-UniversalTelemetryClient","Connection state - All connections have succeeded since the previous period."
"05-08-2026 13:56:30","27","Information","Microsoft-Windows-UniversalTelemetryClient","Connection state - All connections have succeeded since the previous period."
"05-08-2026 13:41:30","27","Information","Microsoft-Windows-UniversalTelemetryClient","Connection state - All connections have succeeded since the previous period."
"05-08-2026 13:38:29","27","Information","Microsoft-Windows-UniversalTelemetryClient","Connection state - All connections have succeeded since the previous period."
"05-08-2026 13:26:30","27","Information","Microsoft-Windows-UniversalTelemetryClient","Connection state - All connections have succeeded since the previous period."
"05-08-2026 13:11:30","27","Information","Microsoft-Windows-UniversalTelemetryClient","Connection state - All connections have succeeded since the previous period."
"05-08-2026 13:08:29","27","Information","Microsoft-Windows-UniversalTelemetryClient","Connection state - All connections have succeeded since the previous period."
"05-08-2026 12:56:30","27","Information","Microsoft-Windows-UniversalTelemetryClient","Connection state - All connections have succeeded since the previous period."
"05-08-2026 12:41:30","27","Information","Microsoft-Windows-UniversalTelemetryClient","Connection state - All connections have succeeded since the previous period."
"05-08-2026 12:38:29","27","Information","Microsoft-Windows-UniversalTelemetryClient","Connection state - All connections have succeeded since the previous period."
"05-08-2026 12:26:30","27","Information","Microsoft-Windows-UniversalTelemetryClient","Connection state - All connections have succeeded since the previous period."
"05-08-2026 12:25:35","22","Information","Microsoft-Windows-UniversalTelemetryClient","The daily upload quota for SENSE has crossed into a new tier."
"05-08-2026 12:21:30","27","Information","Microsoft-Windows-UniversalTelemetryClient","Connection state - All connections have succeeded since the previous period."
"05-08-2026 12:11:30","27","Information","Microsoft-Windows-UniversalTelemetryClient","Connection state - All connections have succeeded since the previous period."
"05-08-2026 12:08:29","27","Information","Microsoft-Windows-UniversalTelemetryClient","Connection state - All connections have succeeded since the previous period."
"05-08-2026 11:56:30","27","Information","Microsoft-Windows-UniversalTelemetryClient","Connection state - All connections have succeeded since the previous period."
"05-08-2026 11:55:54","1","Information","Microsoft-Windows-UniversalTelemetryClient","Tenant P-ARIA-5476d0c4a7a347909c4b8a13078d4390-f8bdcecf-243f-40f8-b7c3-b9c44a57dead-7230 has been registered for telemetry usage."
"05-08-2026 11:55:37","1","Information","Microsoft-Windows-UniversalTelemetryClient","Tenant P-ARIA-5476d0c4a7a347909c4b8a13078d4390-f8bdcecf-243f-40f8-b7c3-b9c44a57dead-7230 has been registered for telemetry usage."
"05-08-2026 11:55:19","1","Information","Microsoft-Windows-UniversalTelemetryClient","Tenant P-ARIA-4bb4d6f7cafc4e9292f972dca2dcde42-bd019ee8-e59c-4b0f-a02c-84e72157a3ef-7485 has been registered for telemetry usage."
"05-08-2026 11:55:03","1","Information","Microsoft-Windows-UniversalTelemetryClient","Tenant P-ARIA-4bb4d6f7cafc4e9292f972dca2dcde42-bd019ee8-e59c-4b0f-a02c-84e72157a3ef-7485 has been registered for telemetry usage."
"05-08-2026 11:45:46","1","Information","Microsoft-Windows-UniversalTelemetryClient","Tenant P-ARIA-5476d0c4a7a347909c4b8a13078d4390-f8bdcecf-243f-40f8-b7c3-b9c44a57dead-7230 has been registered for telemetry usage."
"05-08-2026 11:45:31","1","Information","Microsoft-Windows-UniversalTelemetryClient","Tenant P-ARIA-4bb4d6f7cafc4e9292f972dca2dcde42-bd019ee8-e59c-4b0f-a02c-84e72157a3ef-7485 has been registered for telemetry usage."
"05-08-2026 11:41:30","27","Information","Microsoft-Windows-UniversalTelemetryClient","Connection state - All connections have succeeded since the previous period."
"05-08-2026 11:41:07","1","Information","Microsoft-Windows-UniversalTelemetryClient","Tenant P-ARIA-af397ef28e484961ba48646a5d38cf54-77418283-d6f6-4a90-b0c8-37e0f5e7b087-7425 has been registered for telemetry usage."
"05-08-2026 11:38:29","27","Information","Microsoft-Windows-UniversalTelemetryClient","Connection state - All connections have succeeded since the previous period."
"05-08-2026 11:36:29","27","Information","Microsoft-Windows-UniversalTelemetryClient","Connection state - All connections have succeeded since the previous period."
"05-08-2026 11:16:30","27","Information","Microsoft-Windows-UniversalTelemetryClient","Connection state - All connections have succeeded since the previous period."
"05-08-2026 11:11:29","27","Information","Microsoft-Windows-UniversalTelemetryClient","Connection state - All connections have succeeded since the previous period."
"05-08-2026 11:08:29","27","Information","Microsoft-Windows-UniversalTelemetryClient","Connection state - All connections have succeeded since the previous period."
"05-08-2026 10:56:29","27","Information","Microsoft-Windows-UniversalTelemetryClient","Connection state - All connections have succeeded since the previous period."
"05-08-2026 10:46:29","27","Information","Microsoft-Windows-UniversalTelemetryClient","Connection state - All connections have succeeded since the previous period."
"05-08-2026 10:41:29","27","Information","Microsoft-Windows-UniversalTelemetryClient","Connection state - All connections have succeeded since the previous period."
"05-08-2026 10:39:22","22","Information","Microsoft-Windows-UniversalTelemetryClient","The daily upload quota for SENSE has crossed into a new tier."
"05-08-2026 10:38:29","27","Information","Microsoft-Windows-UniversalTelemetryClient","Connection state - All connections have succeeded since the previous period."
"05-08-2026 10:36:29","27","Information","Microsoft-Windows-UniversalTelemetryClient","Connection state - All connections have succeeded since the previous period."
"05-08-2026 10:26:29","27","Information","Microsoft-Windows-UniversalTelemetryClient","Connection state - All connections have succeeded since the previous period."
"05-08-2026 10:21:29","27","Information","Microsoft-Windows-UniversalTelemetryClient","Connection state - All connections have succeeded since the previous period."
"05-08-2026 10:11:29","27","Information","Microsoft-Windows-UniversalTelemetryClient","Connection state - All connections have succeeded since the previous period."
"05-08-2026 10:08:29","27","Information","Microsoft-Windows-UniversalTelemetryClient","Connection state - All connections have succeeded since the previous period."
"05-08-2026 09:56:29","27","Information","Microsoft-Windows-UniversalTelemetryClient","Connection state - All connections have succeeded since the previous period."
"05-08-2026 09:46:29","27","Information","Microsoft-Windows-UniversalTelemetryClient","Connection state - All connections have succeeded since the previous period."
"05-08-2026 09:43:32","61","Information","Microsoft-Windows-UniversalTelemetryClient","Is the Battery Saver state enabled: false"
"05-08-2026 09:41:29","28","Warning","Microsoft-Windows-UniversalTelemetryClient","Connection state - Some connections have failed since the previous period."
"05-08-2026 09:40:34","1","Information","Microsoft-Windows-UniversalTelemetryClient","Tenant P-ARIA-af397ef28e484961ba48646a5d38cf54-77418283-d6f6-4a90-b0c8-37e0f5e7b087-7425 has been registered for telemetry usage."
"05-08-2026 09:39:52","22","Information","Microsoft-Windows-UniversalTelemetryClient","The daily upload quota for SENSE has crossed into a new tier."
"05-08-2026 09:39:47","1","Information","Microsoft-Windows-UniversalTelemetryClient","Tenant P-ARIA-6660cc65b74b4291b30536aea7ed6ead-5a228f6e-723e-4098-8ed2-3554f184fd67-7451 has been registered for telemetry usage."
"05-08-2026 09:38:32","61","Information","Microsoft-Windows-UniversalTelemetryClient","Is the Battery Saver state enabled: false"
"05-08-2026 09:38:30","61","Information","Microsoft-Windows-UniversalTelemetryClient","Is the Battery Saver state enabled: false"
"05-08-2026 09:38:30","60","Information","Microsoft-Windows-UniversalTelemetryClient","Is device on battery power: false"
"05-08-2026 09:38:30","60","Information","Microsoft-Windows-UniversalTelemetryClient","Is device on battery power: false"
"05-08-2026 09:38:29","27","Information","Microsoft-Windows-UniversalTelemetryClient","Connection state - All connections have succeeded since the previous period."
"05-08-2026 06:30:29","55","Information","Microsoft-Windows-UniversalTelemetryClient","Is the Internet available: true"
"05-08-2026 06:30:29","56","Information","Microsoft-Windows-UniversalTelemetryClient","Is a free network available: true"
"05-08-2026 06:30:29","56","Information","Microsoft-Windows-UniversalTelemetryClient","Is a free network available: true"
"05-08-2026 06:30:29","55","Information","Microsoft-Windows-UniversalTelemetryClient","Is the Internet available: true"
"05-08-2026 06:30:29","55","Information","Microsoft-Windows-UniversalTelemetryClient","Is the Internet available: true"
"05-08-2026 06:30:29","56","Information","Microsoft-Windows-UniversalTelemetryClient","Is a free network available: false"
"05-08-2026 06:30:29","56","Information","Microsoft-Windows-UniversalTelemetryClient","Is a free network available: false"
"05-08-2026 06:30:29","55","Information","Microsoft-Windows-UniversalTelemetryClient","Is the Internet available: false"
"05-08-2026 06:30:29","55","Information","Microsoft-Windows-UniversalTelemetryClient","Is the Internet available: true"
"05-08-2026 06:30:29","56","Information","Microsoft-Windows-UniversalTelemetryClient","Is a free network available: true"
"05-08-2026 06:30:29","55","Information","Microsoft-Windows-UniversalTelemetryClient","Is the Internet available: true"
"05-08-2026 06:30:29","56","Information","Microsoft-Windows-UniversalTelemetryClient","Is a free network available: true"
"05-08-2026 06:30:27","55","Information","Microsoft-Windows-UniversalTelemetryClient","Is the Internet available: true"
"05-08-2026 06:30:27","56","Information","Microsoft-Windows-UniversalTelemetryClient","Is a free network available: false"
"05-08-2026 06:30:25","61","Information","Microsoft-Windows-UniversalTelemetryClient","Is the Battery Saver state enabled: false"
"05-08-2026 06:30:25","62","Information","Microsoft-Windows-UniversalTelemetryClient","Is the device in connected standby: false"
"05-08-2026 06:30:25","61","Information","Microsoft-Windows-UniversalTelemetryClient","Is the Battery Saver state enabled: false"
"05-08-2026 06:30:25","60","Information","Microsoft-Windows-UniversalTelemetryClient","Is device on battery power: true"
"04-08-2026 21:28:44","61","Information","Microsoft-Windows-UniversalTelemetryClient","Is the Battery Saver state enabled: false"
"04-08-2026 21:28:44","60","Information","Microsoft-Windows-UniversalTelemetryClient","Is device on battery power: true"
"04-08-2026 21:28:44","61","Information","Microsoft-Windows-UniversalTelemetryClient","Is the Battery Saver state enabled: false"
"04-08-2026 21:28:44","62","Information","Microsoft-Windows-UniversalTelemetryClient","Is the device in connected standby: true"
"04-08-2026 21:28:36","61","Information","Microsoft-Windows-UniversalTelemetryClient","Is the Battery Saver state enabled: false"
"04-08-2026 21:28:36","62","Information","Microsoft-Windows-UniversalTelemetryClient","Is the device in connected standby: false"
"04-08-2026 21:28:36","61","Information","Microsoft-Windows-UniversalTelemetryClient","Is the Battery Saver state enabled: false"
"04-08-2026 21:28:36","60","Information","Microsoft-Windows-UniversalTelemetryClient","Is device on battery power: true"
"04-08-2026 21:28:36","61","Information","Microsoft-Windows-UniversalTelemetryClient","Is the Battery Saver state enabled: false"
"04-08-2026 21:28:36","60","Information","Microsoft-Windows-UniversalTelemetryClient","Is device on battery power: true"
"04-08-2026 21:28:36","27","Information","Microsoft-Windows-UniversalTelemetryClient","Connection state - All connections have succeeded since the previous period."
"04-08-2026 19:37:05","55","Information","Microsoft-Windows-UniversalTelemetryClient","Is the Internet available: true"
"04-08-2026 19:37:05","56","Information","Microsoft-Windows-UniversalTelemetryClient","Is a free network available: false"
"04-08-2026 19:37:05","56","Information","Microsoft-Windows-UniversalTelemetryClient","Is a free network available: false"
"04-08-2026 19:37:05","55","Information","Microsoft-Windows-UniversalTelemetryClient","Is the Internet available: false"
"04-08-2026 19:36:58","61","Information","Microsoft-Windows-UniversalTelemetryClient","Is the Battery Saver state enabled: true"
"04-08-2026 19:36:58","62","Information","Microsoft-Windows-UniversalTelemetryClient","Is the device in connected standby: true"
"04-08-2026 19:36:58","61","Information","Microsoft-Windows-UniversalTelemetryClient","Is the Battery Saver state enabled: true"
"04-08-2026 19:36:58","60","Information","Microsoft-Windows-UniversalTelemetryClient","Is device on battery power: true"
"04-08-2026 19:36:58","61","Information","Microsoft-Windows-UniversalTelemetryClient","Is the Battery Saver state enabled: true"
"04-08-2026 19:36:58","60","Information","Microsoft-Windows-UniversalTelemetryClient","Is device on battery power: true"
"04-08-2026 19:08:51","27","Information","Microsoft-Windows-UniversalTelemetryClient","Connection state - All connections have succeeded since the previous period."
"04-08-2026 18:38:51","27","Information","Microsoft-Windows-UniversalTelemetryClient","Connection state - All connections have succeeded since the previous period."
"04-08-2026 18:36:21","61","Information","Microsoft-Windows-UniversalTelemetryClient","Is the Battery Saver state enabled: false"
"04-08-2026 18:36:21","60","Information","Microsoft-Windows-UniversalTelemetryClient","Is device on battery power: true"
"04-08-2026 18:36:20","60","Information","Microsoft-Windows-UniversalTelemetryClient","Is device on battery power: true"
"04-08-2026 18:31:04","27","Information","Microsoft-Windows-UniversalTelemetryClient","Connection state - All connections have succeeded since the previous period."
"04-08-2026 18:26:04","27","Information","Microsoft-Windows-UniversalTelemetryClient","Connection state - All connections have succeeded since the previous period."
"04-08-2026 18:21:04","27","Information","Microsoft-Windows-UniversalTelemetryClient","Connection state - All connections have succeeded since the previous period."
"04-08-2026 18:08:50","27","Information","Microsoft-Windows-UniversalTelemetryClient","Connection state - All connections have succeeded since the previous period."
"04-08-2026 18:06:03","27","Information","Microsoft-Windows-UniversalTelemetryClient","Connection state - All connections have succeeded since the previous period."
"04-08-2026 17:58:13","1","Information","Microsoft-Windows-UniversalTelemetryClient","Tenant P-ARIA-5476d0c4a7a347909c4b8a13078d4390-f8bdcecf-243f-40f8-b7c3-b9c44a57dead-7230 has been registered for telemetry usage."
"04-08-2026 17:58:13","1","Information","Microsoft-Windows-UniversalTelemetryClient","Tenant P-ARIA-4bb4d6f7cafc4e9292f972dca2dcde42-bd019ee8-e59c-4b0f-a02c-84e72157a3ef-7485 has been registered for telemetry usage."
"04-08-2026 17:56:39","1","Information","Microsoft-Windows-UniversalTelemetryClient","Tenant P-ARIA-6660cc65b74b4291b30536aea7ed6ead-5a228f6e-723e-4098-8ed2-3554f184fd67-7451 has been registered for telemetry usage."
"04-08-2026 17:56:03","27","Information","Microsoft-Windows-UniversalTelemetryClient","Connection state - All connections have succeeded since the previous period."
"04-08-2026 17:51:03","27","Information","Microsoft-Windows-UniversalTelemetryClient","Connection state - All connections have succeeded since the previous period."
"04-08-2026 17:38:50","27","Information","Microsoft-Windows-UniversalTelemetryClient","Connection state - All connections have succeeded since the previous period."
"04-08-2026 17:36:03","27","Information","Microsoft-Windows-UniversalTelemetryClient","Connection state - All connections have succeeded since the previous period."
"04-08-2026 17:35:00","22","Information","Microsoft-Windows-UniversalTelemetryClient","The daily upload quota for SENSE has crossed into a new tier."
"04-08-2026 17:33:39","1","Information","Microsoft-Windows-UniversalTelemetryClient","Tenant P-ARIA-6660cc65b74b4291b30536aea7ed6ead-5a228f6e-723e-4098-8ed2-3554f184fd67-7451 has been registered for telemetry usage."
"04-08-2026 17:31:03","27","Information","Microsoft-Windows-UniversalTelemetryClient","Connection state - All connections have succeeded since the previous period."
"04-08-2026 17:26:03","27","Information","Microsoft-Windows-UniversalTelemetryClient","Connection state - All connections have succeeded since the previous period."
"04-08-2026 17:21:03","27","Information","Microsoft-Windows-UniversalTelemetryClient","Connection state - All connections have succeeded since the previous period."
"04-08-2026 17:08:50","27","Information","Microsoft-Windows-UniversalTelemetryClient","Connection state - All connections have succeeded since the previous period."
"04-08-2026 17:06:03","27","Information","Microsoft-Windows-UniversalTelemetryClient","Connection state - All connections have succeeded since the previous period."
"04-08-2026 16:56:03","27","Information","Microsoft-Windows-UniversalTelemetryClient","Connection state - All connections have succeeded since the previous period."
"04-08-2026 16:51:03","27","Information","Microsoft-Windows-UniversalTelemetryClient","Connection state - All connections have succeeded since the previous period."
"04-08-2026 16:38:50","27","Information","Microsoft-Windows-UniversalTelemetryClient","Connection state - All connections have succeeded since the previous period."
"04-08-2026 16:31:03","27","Information","Microsoft-Windows-UniversalTelemetryClient","Connection state - All connections have succeeded since the previous period."
"04-08-2026 16:26:03","27","Information","Microsoft-Windows-UniversalTelemetryClient","Connection state - All connections have succeeded since the previous period."
"04-08-2026 16:21:03","27","Information","Microsoft-Windows-UniversalTelemetryClient","Connection state - All connections have succeeded since the previous period."
"04-08-2026 16:16:05","1","Information","Microsoft-Windows-UniversalTelemetryClient","Tenant P-ARIA-6660cc65b74b4291b30536aea7ed6ead-5a228f6e-723e-4098-8ed2-3554f184fd67-7451 has been registered for telemetry usage."
"04-08-2026 16:16:03","27","Information","Microsoft-Windows-UniversalTelemetryClient","Connection state - All connections have succeeded since the previous period."
"04-08-2026 16:08:50","27","Information","Microsoft-Windows-UniversalTelemetryClient","Connection state - All connections have succeeded since the previous period."
"04-08-2026 15:56:03","27","Information","Microsoft-Windows-UniversalTelemetryClient","Connection state - All connections have succeeded since the previous period."
"04-08-2026 15:41:03","27","Information","Microsoft-Windows-UniversalTelemetryClient","Connection state - All connections have succeeded since the previous period."
"04-08-2026 15:38:50","27","Information","Microsoft-Windows-UniversalTelemetryClient","Connection state - All connections have succeeded since the previous period."
"04-08-2026 15:31:03","27","Information","Microsoft-Windows-UniversalTelemetryClient","Connection state - All connections have succeeded since the previous period."
"04-08-2026 15:26:03","27","Information","Microsoft-Windows-UniversalTelemetryClient","Connection state - All connections have succeeded since the previous period."
"04-08-2026 15:21:03","27","Information","Microsoft-Windows-UniversalTelemetryClient","Connection state - All connections have succeeded since the previous period."
"04-08-2026 15:11:03","27","Information","Microsoft-Windows-UniversalTelemetryClient","Connection state - All connections have succeeded since the previous period."
"04-08-2026 15:08:50","27","Information","Microsoft-Windows-UniversalTelemetryClient","Connection state - All connections have succeeded since the previous period."
"04-08-2026 15:08:05","1","Information","Microsoft-Windows-UniversalTelemetryClient","Tenant P-ARIA-6660cc65b74b4291b30536aea7ed6ead-5a228f6e-723e-4098-8ed2-3554f184fd67-7451 has been registered for telemetry usage."
"04-08-2026 14:56:03","27","Information","Microsoft-Windows-UniversalTelemetryClient","Connection state - All connections have succeeded since the previous period."
"04-08-2026 14:41:03","27","Information","Microsoft-Windows-UniversalTelemetryClient","Connection state - All connections have succeeded since the previous period."
"04-08-2026 14:38:50","27","Information","Microsoft-Windows-UniversalTelemetryClient","Connection state - All connections have succeeded since the previous period."
"04-08-2026 14:34:01","22","Information","Microsoft-Windows-UniversalTelemetryClient","The daily upload quota for SENSE has crossed into a new tier."
"04-08-2026 14:26:03","27","Information","Microsoft-Windows-UniversalTelemetryClient","Connection state - All connections have succeeded since the previous period."
"04-08-2026 14:21:03","27","Information","Microsoft-Windows-UniversalTelemetryClient","Connection state - All connections have succeeded since the previous period."
"04-08-2026 14:08:50","27","Information","Microsoft-Windows-UniversalTelemetryClient","Connection state - All connections have succeeded since the previous period."
"04-08-2026 14:06:03","27","Information","Microsoft-Windows-UniversalTelemetryClient","Connection state - All connections have succeeded since the previous period."
