"27-07-2026 16:01:25","3","Information","Microsoft-Windows-SenseIR","Succeeded to run action RunPSScriptAction. Action ID: cb7aec68-dfca-4632-88ad-5b019cb0957d"
"27-07-2026 16:01:21","1","Information","Microsoft-Windows-SenseIR","Starting action RunPSScriptAction. Action ID: cb7aec68-dfca-4632-88ad-5b019cb0957d"
"27-07-2026 15:56:33","3","Information","Microsoft-Windows-SenseIR","Succeeded to run action RunPSScriptAction. Action ID: 9bde6f2a-afcb-4c11-b890-d6a1f78e5c4b"
"27-07-2026 15:56:31","1","Information","Microsoft-Windows-SenseIR","Starting action RunPSScriptAction. Action ID: 9bde6f2a-afcb-4c11-b890-d6a1f78e5c4b"
"27-07-2026 15:56:30","3","Information","Microsoft-Windows-SenseIR","Succeeded to run action RunPSScriptAction. Action ID: 8e0b85ee-da90-46d9-b939-75081a1ceb3a"
"27-07-2026 15:56:21","1","Information","Microsoft-Windows-SenseIR","Starting action RunPSScriptAction. Action ID: 8e0b85ee-da90-46d9-b939-75081a1ceb3a"
"27-07-2026 15:53:56","3","Information","Microsoft-Windows-SenseIR","Succeeded to run action RunPSScriptAction. Action ID: a391f42c-7e1a-4611-8494-1817d2420e09"
"27-07-2026 15:52:01","1","Information","Microsoft-Windows-SenseIR","Starting action RunPSScriptAction. Action ID: a391f42c-7e1a-4611-8494-1817d2420e09"
"27-07-2026 15:51:50","4","Information","Microsoft-Windows-SenseIR","Windows Defender Advanced Threat Protection Incident Response executable started."
"27-07-2026 15:50:49","5","Information","Microsoft-Windows-SenseIR","Windows Defender Advanced Threat Protection Incident Response executable terminated. Exit code: 0x0"
"27-07-2026 15:30:52","3","Information","Microsoft-Windows-SenseIR","Succeeded to run action RunPSScriptAction. Action ID: 3fa4876e-3ae5-4c59-9a4d-08a7400268a5"
"27-07-2026 15:29:48","1","Information","Microsoft-Windows-SenseIR","Starting action RunPSScriptAction. Action ID: 3fa4876e-3ae5-4c59-9a4d-08a7400268a5"
"27-07-2026 15:27:08","3","Information","Microsoft-Windows-SenseIR","Succeeded to run action RunPSScriptAction. Action ID: efc69106-6fc1-423a-94ef-221e65a28f09"
"27-07-2026 15:26:48","1","Information","Microsoft-Windows-SenseIR","Starting action RunPSScriptAction. Action ID: efc69106-6fc1-423a-94ef-221e65a28f09"
"27-07-2026 15:20:48","3","Information","Microsoft-Windows-SenseIR","Succeeded to run action RunPSScriptAction. Action ID: 211ef051-ecf9-4b99-9eed-76e45a831a19"
"27-07-2026 15:20:38","1","Information","Microsoft-Windows-SenseIR","Starting action RunPSScriptAction. Action ID: 211ef051-ecf9-4b99-9eed-76e45a831a19"
"27-07-2026 15:20:27","4","Information","Microsoft-Windows-SenseIR","Windows Defender Advanced Threat Protection Incident Response executable started."
"27-07-2026 14:54:43","5","Information","Microsoft-Windows-SenseIR","Windows Defender Advanced Threat Protection Incident Response executable terminated. Exit code: 0x0"
"27-07-2026 14:33:47","3","Information","Microsoft-Windows-SenseIR","Succeeded to run action RunPSScriptAction. Action ID: fc19515e-4fbb-46d1-b1f4-a28b394632fe"
"27-07-2026 14:33:41","1","Information","Microsoft-Windows-SenseIR","Starting action RunPSScriptAction. Action ID: fc19515e-4fbb-46d1-b1f4-a28b394632fe"
"27-07-2026 14:33:31","4","Information","Microsoft-Windows-SenseIR","Windows Defender Advanced Threat Protection Incident Response executable started."
"27-07-2026 14:24:09","5","Information","Microsoft-Windows-SenseIR","Windows Defender Advanced Threat Protection Incident Response executable terminated. Exit code: 0x0"
"27-07-2026 14:03:28","3","Information","Microsoft-Windows-SenseIR","Succeeded to run action RunPSScriptAction. Action ID: 53159fd8-6386-48c2-91e8-cf4860599c43"
"27-07-2026 14:03:08","1","Information","Microsoft-Windows-SenseIR","Starting action RunPSScriptAction. Action ID: 53159fd8-6386-48c2-91e8-cf4860599c43"
"27-07-2026 14:02:57","4","Information","Microsoft-Windows-SenseIR","Windows Defender Advanced Threat Protection Incident Response executable started."
"27-07-2026 13:56:48","5","Information","Microsoft-Windows-SenseIR","Windows Defender Advanced Threat Protection Incident Response executable terminated. Exit code: 0x0"
"27-07-2026 13:36:34","3","Information","Microsoft-Windows-SenseIR","Succeeded to run action RunPSScriptAction. Action ID: 0e3d6d2d-06cc-486d-9465-9ef3bee75444"
"27-07-2026 13:35:47","1","Information","Microsoft-Windows-SenseIR","Starting action RunPSScriptAction. Action ID: 0e3d6d2d-06cc-486d-9465-9ef3bee75444"
"27-07-2026 13:35:36","4","Information","Microsoft-Windows-SenseIR","Windows Defender Advanced Threat Protection Incident Response executable started."
"27-07-2026 13:33:54","5","Information","Microsoft-Windows-SenseIR","Windows Defender Advanced Threat Protection Incident Response executable terminated. Exit code: 0x0"
"27-07-2026 13:13:05","3","Information","Microsoft-Windows-SenseIR","Succeeded to run action RunPSScriptAction. Action ID: 046a3caf-d9ec-4da6-a32a-fb148992596b"
"27-07-2026 13:12:52","1","Information","Microsoft-Windows-SenseIR","Starting action RunPSScriptAction. Action ID: 046a3caf-d9ec-4da6-a32a-fb148992596b"
"27-07-2026 12:58:56","3","Information","Microsoft-Windows-SenseIR","Succeeded to run action RunPSScriptAction. Action ID: cfa5b5b7-e717-474f-ad6a-a99ebd513b5c"
"27-07-2026 12:58:32","1","Information","Microsoft-Windows-SenseIR","Starting action RunPSScriptAction. Action ID: cfa5b5b7-e717-474f-ad6a-a99ebd513b5c"
"27-07-2026 12:58:21","4","Information","Microsoft-Windows-SenseIR","Windows Defender Advanced Threat Protection Incident Response executable started."
"27-07-2026 12:11:47","5","Information","Microsoft-Windows-SenseIR","Windows Defender Advanced Threat Protection Incident Response executable terminated. Exit code: 0x0"
"27-07-2026 11:50:50","3","Information","Microsoft-Windows-SenseIR","Succeeded to run action RunPSScriptAction. Action ID: 05f2c576-9ed5-41eb-9b1e-1b653eebfdff"
"27-07-2026 11:50:46","1","Information","Microsoft-Windows-SenseIR","Starting action RunPSScriptAction. Action ID: 05f2c576-9ed5-41eb-9b1e-1b653eebfdff"
"27-07-2026 11:50:36","4","Information","Microsoft-Windows-SenseIR","Windows Defender Advanced Threat Protection Incident Response executable started."
"27-07-2026 10:43:00","5","Information","Microsoft-Windows-SenseIR","Windows Defender Advanced Threat Protection Incident Response executable terminated. Exit code: 0x0"
"27-07-2026 10:23:31","3","Information","Microsoft-Windows-SenseIR","Succeeded to run action RunPSScriptAction. Action ID: a391f42c-7e1a-4611-8494-1817d2420e09"
"27-07-2026 10:21:59","1","Information","Microsoft-Windows-SenseIR","Starting action RunPSScriptAction. Action ID: a391f42c-7e1a-4611-8494-1817d2420e09"
"27-07-2026 10:21:49","4","Information","Microsoft-Windows-SenseIR","Windows Defender Advanced Threat Protection Incident Response executable started."
"27-07-2026 10:15:51","5","Information","Microsoft-Windows-SenseIR","Windows Defender Advanced Threat Protection Incident Response executable terminated. Exit code: 0x0"
"27-07-2026 09:55:34","3","Information","Microsoft-Windows-SenseIR","Succeeded to run action RunPSScriptAction. Action ID: 1648ba23-91bf-4822-bd45-661d10a1ea81"
"27-07-2026 09:54:50","1","Information","Microsoft-Windows-SenseIR","Starting action RunPSScriptAction. Action ID: 1648ba23-91bf-4822-bd45-661d10a1ea81"
"27-07-2026 09:38:42","3","Information","Microsoft-Windows-SenseIR","Succeeded to run action RunPSScriptAction. Action ID: 05f2c576-9ed5-41eb-9b1e-1b653eebfdff"
"27-07-2026 09:38:39","1","Information","Microsoft-Windows-SenseIR","Starting action RunPSScriptAction. Action ID: 05f2c576-9ed5-41eb-9b1e-1b653eebfdff"
"27-07-2026 09:38:29","4","Information","Microsoft-Windows-SenseIR","Windows Defender Advanced Threat Protection Incident Response executable started."
"27-07-2026 09:36:06","3","Information","Microsoft-Windows-SenseIR","Succeeded to run action RunPSScriptAction. Action ID: 05f2c576-9ed5-41eb-9b1e-1b653eebfdff"
"27-07-2026 09:36:04","1","Information","Microsoft-Windows-SenseIR","Starting action RunPSScriptAction. Action ID: 05f2c576-9ed5-41eb-9b1e-1b653eebfdff"
"27-07-2026 09:35:54","4","Information","Microsoft-Windows-SenseIR","Windows Defender Advanced Threat Protection Incident Response executable started."
"27-07-2026 09:33:39","3","Information","Microsoft-Windows-SenseIR","Succeeded to run action RunPSScriptAction. Action ID: a391f42c-7e1a-4611-8494-1817d2420e09"
"27-07-2026 09:31:59","3","Information","Microsoft-Windows-SenseIR","Succeeded to run action RunPSScriptAction. Action ID: 100c7519-406d-49cb-b7eb-41ce85513276"
"27-07-2026 09:31:57","3","Information","Microsoft-Windows-SenseIR","Succeeded to run action RunPSScriptAction. Action ID: 149ae17f-1c51-47e8-90b8-8175a782d62b"
"27-07-2026 09:31:56","3","Information","Microsoft-Windows-SenseIR","Succeeded to run action RunPSScriptAction. Action ID: 93514365-7ff3-4f5e-9dfd-7eb9f6b779a7"
"27-07-2026 09:31:54","3","Information","Microsoft-Windows-SenseIR","Succeeded to run action RunPSScriptAction. Action ID: acd1e8f4-3c26-49a7-bec8-9d7a15e1a6d2"
"27-07-2026 09:31:53","3","Information","Microsoft-Windows-SenseIR","Succeeded to run action RunPSScriptAction. Action ID: 53159fd8-6386-48c2-91e8-cf4860599c43"
"27-07-2026 09:31:52","1","Information","Microsoft-Windows-SenseIR","Starting action RunPSScriptAction. Action ID: 100c7519-406d-49cb-b7eb-41ce85513276"
"27-07-2026 09:31:52","1","Information","Microsoft-Windows-SenseIR","Starting action RunPSScriptAction. Action ID: 149ae17f-1c51-47e8-90b8-8175a782d62b"
"27-07-2026 09:31:52","1","Information","Microsoft-Windows-SenseIR","Starting action RunPSScriptAction. Action ID: 93514365-7ff3-4f5e-9dfd-7eb9f6b779a7"
"27-07-2026 09:31:46","3","Information","Microsoft-Windows-SenseIR","Succeeded to run action RunPSScriptAction. Action ID: cb7aec68-dfca-4632-88ad-5b019cb0957d"
"27-07-2026 09:31:42","1","Information","Microsoft-Windows-SenseIR","Starting action RunPSScriptAction. Action ID: 53159fd8-6386-48c2-91e8-cf4860599c43"
"27-07-2026 09:31:42","1","Information","Microsoft-Windows-SenseIR","Starting action RunPSScriptAction. Action ID: acd1e8f4-3c26-49a7-bec8-9d7a15e1a6d2"
"27-07-2026 09:31:42","1","Information","Microsoft-Windows-SenseIR","Starting action RunPSScriptAction. Action ID: cb7aec68-dfca-4632-88ad-5b019cb0957d"
"27-07-2026 09:31:42","3","Information","Microsoft-Windows-SenseIR","Succeeded to run action RunPSScriptAction. Action ID: 3fa4876e-3ae5-4c59-9a4d-08a7400268a5"
"27-07-2026 09:31:41","3","Information","Microsoft-Windows-SenseIR","Succeeded to run action RunPSScriptAction. Action ID: 0e371fa0-b3cb-4d76-93ad-467add004280"
"27-07-2026 09:31:38","3","Information","Microsoft-Windows-SenseIR","Succeeded to run action RunPSScriptAction. Action ID: fc19515e-4fbb-46d1-b1f4-a28b394632fe"
"27-07-2026 09:31:37","3","Information","Microsoft-Windows-SenseIR","Succeeded to run action RunPSScriptAction. Action ID: 9f2a6e93-4b3c-4a21-9d6a-879ebba4d64d"
"27-07-2026 09:31:35","3","Information","Microsoft-Windows-SenseIR","Succeeded to run action RunPSScriptAction. Action ID: cfa5b5b7-e717-474f-ad6a-a99ebd513b5c"
"27-07-2026 09:31:32","1","Information","Microsoft-Windows-SenseIR","Starting action RunPSScriptAction. Action ID: 0e371fa0-b3cb-4d76-93ad-467add004280"
"27-07-2026 09:31:32","1","Information","Microsoft-Windows-SenseIR","Starting action RunPSScriptAction. Action ID: fc19515e-4fbb-46d1-b1f4-a28b394632fe"
"27-07-2026 09:31:32","1","Information","Microsoft-Windows-SenseIR","Starting action RunPSScriptAction. Action ID: 9f2a6e93-4b3c-4a21-9d6a-879ebba4d64d"
"27-07-2026 09:31:27","3","Information","Microsoft-Windows-SenseIR","Succeeded to run action RunPSScriptAction. Action ID: 9bde6f2a-afcb-4c11-b890-d6a1f78e5c4b"
"27-07-2026 09:31:27","3","Information","Microsoft-Windows-SenseIR","Succeeded to run action RunPSScriptAction. Action ID: 1648ba23-91bf-4822-bd45-661d10a1ea81"
"27-07-2026 09:31:24","3","Information","Microsoft-Windows-SenseIR","Succeeded to run action RunPSScriptAction. Action ID: 0e3d6d2d-06cc-486d-9465-9ef3bee75444"
"27-07-2026 09:31:22","1","Information","Microsoft-Windows-SenseIR","Starting action RunPSScriptAction. Action ID: 9bde6f2a-afcb-4c11-b890-d6a1f78e5c4b"
"27-07-2026 09:31:22","1","Information","Microsoft-Windows-SenseIR","Starting action RunPSScriptAction. Action ID: 1648ba23-91bf-4822-bd45-661d10a1ea81"
"27-07-2026 09:31:22","1","Information","Microsoft-Windows-SenseIR","Starting action RunPSScriptAction. Action ID: cfa5b5b7-e717-474f-ad6a-a99ebd513b5c"
"27-07-2026 09:31:19","3","Information","Microsoft-Windows-SenseIR","Succeeded to run action RunPSScriptAction. Action ID: 046a3caf-d9ec-4da6-a32a-fb148992596b"
"27-07-2026 09:31:19","3","Information","Microsoft-Windows-SenseIR","Succeeded to run action RunPSScriptAction. Action ID: aceb19ff-8484-4db4-b8f6-f5a8d03a8c4a"
"27-07-2026 09:31:12","1","Information","Microsoft-Windows-SenseIR","Starting action RunPSScriptAction. Action ID: aceb19ff-8484-4db4-b8f6-f5a8d03a8c4a"
"27-07-2026 09:31:12","1","Information","Microsoft-Windows-SenseIR","Starting action RunPSScriptAction. Action ID: 3fa4876e-3ae5-4c59-9a4d-08a7400268a5"
"27-07-2026 09:31:12","1","Information","Microsoft-Windows-SenseIR","Starting action RunPSScriptAction. Action ID: 046a3caf-d9ec-4da6-a32a-fb148992596b"
"27-07-2026 09:31:05","3","Information","Microsoft-Windows-SenseIR","Succeeded to run action RunPSScriptAction. Action ID: 05f2c576-9ed5-41eb-9b1e-1b653eebfdff"
"27-07-2026 09:31:02","1","Information","Microsoft-Windows-SenseIR","Starting action RunPSScriptAction. Action ID: 0e3d6d2d-06cc-486d-9465-9ef3bee75444"
"27-07-2026 09:31:02","1","Information","Microsoft-Windows-SenseIR","Starting action RunPSScriptAction. Action ID: 05f2c576-9ed5-41eb-9b1e-1b653eebfdff"
"27-07-2026 09:31:02","1","Information","Microsoft-Windows-SenseIR","Starting action RunPSScriptAction. Action ID: a391f42c-7e1a-4611-8494-1817d2420e09"
"27-07-2026 09:31:01","3","Information","Microsoft-Windows-SenseIR","Succeeded to run action RunPSScriptAction. Action ID: 2d76cc84-8291-481d-845d-62f59f16e445"
"27-07-2026 09:31:01","3","Information","Microsoft-Windows-SenseIR","Succeeded to run action RunPSScriptAction. Action ID: 9e137068-a631-45e6-81aa-4adda242796e"
"27-07-2026 09:30:59","3","Information","Microsoft-Windows-SenseIR","Succeeded to run action RunPSScriptAction. Action ID: 211ef051-ecf9-4b99-9eed-76e45a831a19"
"27-07-2026 09:30:58","3","Information","Microsoft-Windows-SenseIR","Succeeded to run action RunPSScriptAction. Action ID: 36dc1ba5-2d7a-4cc0-8b07-8b26d1899492"
"27-07-2026 09:30:56","3","Information","Microsoft-Windows-SenseIR","Succeeded to run action RunPSScriptAction. Action ID: efc69106-6fc1-423a-94ef-221e65a28f09"
"27-07-2026 09:30:52","3","Information","Microsoft-Windows-SenseIR","Succeeded to run action RunPSScriptAction. Action ID: 8e0b85ee-da90-46d9-b939-75081a1ceb3a"
"27-07-2026 09:30:52","1","Information","Microsoft-Windows-SenseIR","Starting action RunPSScriptAction. Action ID: 211ef051-ecf9-4b99-9eed-76e45a831a19"
"27-07-2026 09:30:52","1","Information","Microsoft-Windows-SenseIR","Starting action RunPSScriptAction. Action ID: 9e137068-a631-45e6-81aa-4adda242796e"
"27-07-2026 09:30:52","1","Information","Microsoft-Windows-SenseIR","Starting action RunPSScriptAction. Action ID: 2d76cc84-8291-481d-845d-62f59f16e445"
"27-07-2026 09:30:42","1","Information","Microsoft-Windows-SenseIR","Starting action RunPSScriptAction. Action ID: 8e0b85ee-da90-46d9-b939-75081a1ceb3a"
"27-07-2026 09:30:42","1","Information","Microsoft-Windows-SenseIR","Starting action RunPSScriptAction. Action ID: efc69106-6fc1-423a-94ef-221e65a28f09"
"27-07-2026 09:30:42","1","Information","Microsoft-Windows-SenseIR","Starting action RunPSScriptAction. Action ID: 36dc1ba5-2d7a-4cc0-8b07-8b26d1899492"
"27-07-2026 09:30:32","4","Information","Microsoft-Windows-SenseIR","Windows Defender Advanced Threat Protection Incident Response executable started."
"24-07-2026 18:47:50","5","Information","Microsoft-Windows-SenseIR","Windows Defender Advanced Threat Protection Incident Response executable terminated. Exit code: 0x0"
"24-07-2026 18:13:21","3","Information","Microsoft-Windows-SenseIR","Succeeded to run action RunPSScriptAction. Action ID: 3fa4876e-3ae5-4c59-9a4d-08a7400268a5"
"24-07-2026 18:12:21","1","Information","Microsoft-Windows-SenseIR","Starting action RunPSScriptAction. Action ID: 3fa4876e-3ae5-4c59-9a4d-08a7400268a5"
"24-07-2026 17:52:41","3","Information","Microsoft-Windows-SenseIR","Succeeded to run action RunPSScriptAction. Action ID: 046a3caf-d9ec-4da6-a32a-fb148992596b"
"24-07-2026 17:52:30","1","Information","Microsoft-Windows-SenseIR","Starting action RunPSScriptAction. Action ID: 046a3caf-d9ec-4da6-a32a-fb148992596b"
"24-07-2026 17:40:05","3","Information","Microsoft-Windows-SenseIR","Succeeded to run action RunPSScriptAction. Action ID: 1648ba23-91bf-4822-bd45-661d10a1ea81"
"24-07-2026 17:39:10","1","Information","Microsoft-Windows-SenseIR","Starting action RunPSScriptAction. Action ID: 1648ba23-91bf-4822-bd45-661d10a1ea81"
"24-07-2026 17:38:59","4","Information","Microsoft-Windows-SenseIR","Windows Defender Advanced Threat Protection Incident Response executable started."
"24-07-2026 17:34:51","5","Information","Microsoft-Windows-SenseIR","Windows Defender Advanced Threat Protection Incident Response executable terminated. Exit code: 0x0"
"24-07-2026 17:13:55","3","Information","Microsoft-Windows-SenseIR","Succeeded to run action RunPSScriptAction. Action ID: 93514365-7ff3-4f5e-9dfd-7eb9f6b779a7"
"24-07-2026 17:13:50","1","Information","Microsoft-Windows-SenseIR","Starting action RunPSScriptAction. Action ID: 93514365-7ff3-4f5e-9dfd-7eb9f6b779a7"
"24-07-2026 17:13:39","4","Information","Microsoft-Windows-SenseIR","Windows Defender Advanced Threat Protection Incident Response executable started."
"24-07-2026 16:27:57","5","Information","Microsoft-Windows-SenseIR","Windows Defender Advanced Threat Protection Incident Response executable terminated. Exit code: 0x0"
"24-07-2026 16:07:20","3","Information","Microsoft-Windows-SenseIR","Succeeded to run action RunPSScriptAction. Action ID: 0e3d6d2d-06cc-486d-9465-9ef3bee75444"
"24-07-2026 16:06:56","1","Information","Microsoft-Windows-SenseIR","Starting action RunPSScriptAction. Action ID: 0e3d6d2d-06cc-486d-9465-9ef3bee75444"
"24-07-2026 15:51:43","3","Information","Microsoft-Windows-SenseIR","Succeeded to run action RunPSScriptAction. Action ID: 53159fd8-6386-48c2-91e8-cf4860599c43"
"24-07-2026 15:51:25","1","Information","Microsoft-Windows-SenseIR","Starting action RunPSScriptAction. Action ID: 53159fd8-6386-48c2-91e8-cf4860599c43"
"24-07-2026 15:33:37","3","Information","Microsoft-Windows-SenseIR","Succeeded to run action RunPSScriptAction. Action ID: 149ae17f-1c51-47e8-90b8-8175a782d62b"
"24-07-2026 15:33:35","1","Information","Microsoft-Windows-SenseIR","Starting action RunPSScriptAction. Action ID: 149ae17f-1c51-47e8-90b8-8175a782d62b"
"24-07-2026 15:24:32","3","Information","Microsoft-Windows-SenseIR","Succeeded to run action RunPSScriptAction. Action ID: 100c7519-406d-49cb-b7eb-41ce85513276"
"24-07-2026 15:24:24","1","Information","Microsoft-Windows-SenseIR","Starting action RunPSScriptAction. Action ID: 100c7519-406d-49cb-b7eb-41ce85513276"
"24-07-2026 15:16:18","3","Information","Microsoft-Windows-SenseIR","Succeeded to run action RunPSScriptAction. Action ID: cfa5b5b7-e717-474f-ad6a-a99ebd513b5c"
"24-07-2026 15:16:04","1","Information","Microsoft-Windows-SenseIR","Starting action RunPSScriptAction. Action ID: cfa5b5b7-e717-474f-ad6a-a99ebd513b5c"
"24-07-2026 15:15:53","4","Information","Microsoft-Windows-SenseIR","Windows Defender Advanced Threat Protection Incident Response executable started."
"24-07-2026 15:04:07","5","Information","Microsoft-Windows-SenseIR","Windows Defender Advanced Threat Protection Incident Response executable terminated. Exit code: 0x0"
"24-07-2026 14:43:10","3","Information","Microsoft-Windows-SenseIR","Succeeded to run action RunPSScriptAction. Action ID: fc19515e-4fbb-46d1-b1f4-a28b394632fe"
"24-07-2026 14:43:07","1","Information","Microsoft-Windows-SenseIR","Starting action RunPSScriptAction. Action ID: fc19515e-4fbb-46d1-b1f4-a28b394632fe"
"24-07-2026 14:25:38","3","Information","Microsoft-Windows-SenseIR","Succeeded to run action RunPSScriptAction. Action ID: cb7aec68-dfca-4632-88ad-5b019cb0957d"
"24-07-2026 14:25:36","1","Information","Microsoft-Windows-SenseIR","Starting action RunPSScriptAction. Action ID: cb7aec68-dfca-4632-88ad-5b019cb0957d"
"24-07-2026 14:14:51","3","Information","Microsoft-Windows-SenseIR","Succeeded to run action RunPSScriptAction. Action ID: 211ef051-ecf9-4b99-9eed-76e45a831a19"
"24-07-2026 14:14:45","1","Information","Microsoft-Windows-SenseIR","Starting action RunPSScriptAction. Action ID: 211ef051-ecf9-4b99-9eed-76e45a831a19"
"24-07-2026 14:11:08","3","Information","Microsoft-Windows-SenseIR","Succeeded to run action RunPSScriptAction. Action ID: 9f2a6e93-4b3c-4a21-9d6a-879ebba4d64d"
"24-07-2026 14:11:05","1","Information","Microsoft-Windows-SenseIR","Starting action RunPSScriptAction. Action ID: 9f2a6e93-4b3c-4a21-9d6a-879ebba4d64d"
"24-07-2026 14:00:57","3","Information","Microsoft-Windows-SenseIR","Succeeded to run action RunPSScriptAction. Action ID: acd1e8f4-3c26-49a7-bec8-9d7a15e1a6d2"
"24-07-2026 14:00:34","1","Information","Microsoft-Windows-SenseIR","Starting action RunPSScriptAction. Action ID: acd1e8f4-3c26-49a7-bec8-9d7a15e1a6d2"
"24-07-2026 13:46:42","3","Information","Microsoft-Windows-SenseIR","Succeeded to run action RunPSScriptAction. Action ID: a391f42c-7e1a-4611-8494-1817d2420e09"
"24-07-2026 13:45:24","1","Information","Microsoft-Windows-SenseIR","Starting action RunPSScriptAction. Action ID: a391f42c-7e1a-4611-8494-1817d2420e09"
"24-07-2026 13:40:44","3","Information","Microsoft-Windows-SenseIR","Succeeded to run action RunPSScriptAction. Action ID: 0e371fa0-b3cb-4d76-93ad-467add004280"
"24-07-2026 13:40:34","1","Information","Microsoft-Windows-SenseIR","Starting action RunPSScriptAction. Action ID: 0e371fa0-b3cb-4d76-93ad-467add004280"
"24-07-2026 13:40:23","4","Information","Microsoft-Windows-SenseIR","Windows Defender Advanced Threat Protection Incident Response executable started."
"24-07-2026 12:52:43","5","Information","Microsoft-Windows-SenseIR","Windows Defender Advanced Threat Protection Incident Response executable terminated. Exit code: 0x0"
"24-07-2026 12:31:48","3","Information","Microsoft-Windows-SenseIR","Succeeded to run action RunPSScriptAction. Action ID: aceb19ff-8484-4db4-b8f6-f5a8d03a8c4a"
"24-07-2026 12:31:42","1","Information","Microsoft-Windows-SenseIR","Starting action RunPSScriptAction. Action ID: aceb19ff-8484-4db4-b8f6-f5a8d03a8c4a"
"24-07-2026 12:31:31","4","Information","Microsoft-Windows-SenseIR","Windows Defender Advanced Threat Protection Incident Response executable started."
"24-07-2026 12:26:36","5","Information","Microsoft-Windows-SenseIR","Windows Defender Advanced Threat Protection Incident Response executable terminated. Exit code: 0x0"
"24-07-2026 12:05:44","3","Information","Microsoft-Windows-SenseIR","Succeeded to run action RunPSScriptAction. Action ID: 046a3caf-d9ec-4da6-a32a-fb148992596b"
"24-07-2026 12:05:36","1","Information","Microsoft-Windows-SenseIR","Starting action RunPSScriptAction. Action ID: 046a3caf-d9ec-4da6-a32a-fb148992596b"
"24-07-2026 12:05:25","4","Information","Microsoft-Windows-SenseIR","Windows Defender Advanced Threat Protection Incident Response executable started."
"24-07-2026 11:44:07","5","Information","Microsoft-Windows-SenseIR","Windows Defender Advanced Threat Protection Incident Response executable terminated. Exit code: 0x0"
"24-07-2026 11:23:08","3","Information","Microsoft-Windows-SenseIR","Succeeded to run action RunPSScriptAction. Action ID: 9bde6f2a-afcb-4c11-b890-d6a1f78e5c4b"
"24-07-2026 11:23:06","1","Information","Microsoft-Windows-SenseIR","Starting action RunPSScriptAction. Action ID: 9bde6f2a-afcb-4c11-b890-d6a1f78e5c4b"
"24-07-2026 11:21:10","3","Information","Microsoft-Windows-SenseIR","Succeeded to run action RunPSScriptAction. Action ID: 3fa4876e-3ae5-4c59-9a4d-08a7400268a5"
"24-07-2026 11:20:26","1","Information","Microsoft-Windows-SenseIR","Starting action RunPSScriptAction. Action ID: 3fa4876e-3ae5-4c59-9a4d-08a7400268a5"
"24-07-2026 11:20:15","4","Information","Microsoft-Windows-SenseIR","Windows Defender Advanced Threat Protection Incident Response executable started."
"24-07-2026 09:56:24","5","Information","Microsoft-Windows-SenseIR","Windows Defender Advanced Threat Protection Incident Response executable terminated. Exit code: 0x0"
"24-07-2026 09:35:26","3","Information","Microsoft-Windows-SenseIR","Succeeded to run action RunPSScriptAction. Action ID: 05f2c576-9ed5-41eb-9b1e-1b653eebfdff"
"24-07-2026 09:35:23","1","Information","Microsoft-Windows-SenseIR","Starting action RunPSScriptAction. Action ID: 05f2c576-9ed5-41eb-9b1e-1b653eebfdff"
"24-07-2026 09:35:12","4","Information","Microsoft-Windows-SenseIR","Windows Defender Advanced Threat Protection Incident Response executable started."
"23-07-2026 18:42:01","5","Information","Microsoft-Windows-SenseIR","Windows Defender Advanced Threat Protection Incident Response executable terminated. Exit code: 0x0"
"23-07-2026 18:22:29","3","Information","Microsoft-Windows-SenseIR","Succeeded to run action RunPSScriptAction. Action ID: a391f42c-7e1a-4611-8494-1817d2420e09"
"23-07-2026 18:21:58","3","Information","Microsoft-Windows-SenseIR","Succeeded to run action RunPSScriptAction. Action ID: 3fa4876e-3ae5-4c59-9a4d-08a7400268a5"
"23-07-2026 18:21:28","3","Information","Microsoft-Windows-SenseIR","Succeeded to run action RunPSScriptAction. Action ID: 0e3d6d2d-06cc-486d-9465-9ef3bee75444"
"23-07-2026 18:21:17","3","Information","Microsoft-Windows-SenseIR","Succeeded to run action RunPSScriptAction. Action ID: acd1e8f4-3c26-49a7-bec8-9d7a15e1a6d2"
"23-07-2026 18:21:00","1","Information","Microsoft-Windows-SenseIR","Starting action RunPSScriptAction. Action ID: acd1e8f4-3c26-49a7-bec8-9d7a15e1a6d2"
"23-07-2026 18:20:53","3","Information","Microsoft-Windows-SenseIR","Succeeded to run action RunPSScriptAction. Action ID: efc69106-6fc1-423a-94ef-221e65a28f09"
"23-07-2026 18:20:52","3","Information","Microsoft-Windows-SenseIR","Succeeded to run action RunPSScriptAction. Action ID: 0e371fa0-b3cb-4d76-93ad-467add004280"
"23-07-2026 18:20:51","3","Information","Microsoft-Windows-SenseIR","Succeeded to run action RunPSScriptAction. Action ID: 046a3caf-d9ec-4da6-a32a-fb148992596b"
"23-07-2026 18:20:50","1","Information","Microsoft-Windows-SenseIR","Starting action RunPSScriptAction. Action ID: 0e3d6d2d-06cc-486d-9465-9ef3bee75444"
"23-07-2026 18:20:50","1","Information","Microsoft-Windows-SenseIR","Starting action RunPSScriptAction. Action ID: 3fa4876e-3ae5-4c59-9a4d-08a7400268a5"
"23-07-2026 18:20:50","1","Information","Microsoft-Windows-SenseIR","Starting action RunPSScriptAction. Action ID: a391f42c-7e1a-4611-8494-1817d2420e09"
"23-07-2026 18:20:46","3","Information","Microsoft-Windows-SenseIR","Succeeded to run action RunPSScriptAction. Action ID: 211ef051-ecf9-4b99-9eed-76e45a831a19"
"23-07-2026 18:20:46","3","Information","Microsoft-Windows-SenseIR","Succeeded to run action RunPSScriptAction. Action ID: 93514365-7ff3-4f5e-9dfd-7eb9f6b779a7"
"23-07-2026 18:20:40","1","Information","Microsoft-Windows-SenseIR","Starting action RunPSScriptAction. Action ID: 0e371fa0-b3cb-4d76-93ad-467add004280"
"23-07-2026 18:20:40","1","Information","Microsoft-Windows-SenseIR","Starting action RunPSScriptAction. Action ID: 93514365-7ff3-4f5e-9dfd-7eb9f6b779a7"
"23-07-2026 18:20:40","1","Information","Microsoft-Windows-SenseIR","Starting action RunPSScriptAction. Action ID: 046a3caf-d9ec-4da6-a32a-fb148992596b"
"23-07-2026 18:20:39","3","Information","Microsoft-Windows-SenseIR","Succeeded to run action RunPSScriptAction. Action ID: cb7aec68-dfca-4632-88ad-5b019cb0957d"
"23-07-2026 18:20:30","1","Information","Microsoft-Windows-SenseIR","Starting action RunPSScriptAction. Action ID: 211ef051-ecf9-4b99-9eed-76e45a831a19"
"23-07-2026 18:20:30","1","Information","Microsoft-Windows-SenseIR","Starting action RunPSScriptAction. Action ID: efc69106-6fc1-423a-94ef-221e65a28f09"
"23-07-2026 18:20:30","1","Information","Microsoft-Windows-SenseIR","Starting action RunPSScriptAction. Action ID: cb7aec68-dfca-4632-88ad-5b019cb0957d"
"23-07-2026 18:20:20","4","Information","Microsoft-Windows-SenseIR","Windows Defender Advanced Threat Protection Incident Response executable started."
"23-07-2026 15:10:43","5","Information","Microsoft-Windows-SenseIR","Windows Defender Advanced Threat Protection Incident Response executable terminated. Exit code: 0x0"
"23-07-2026 14:15:02","3","Information","Microsoft-Windows-SenseIR","Succeeded to run action RunPSScriptAction. Action ID: fc19515e-4fbb-46d1-b1f4-a28b394632fe"
"23-07-2026 14:14:55","1","Information","Microsoft-Windows-SenseIR","Starting action RunPSScriptAction. Action ID: fc19515e-4fbb-46d1-b1f4-a28b394632fe"
"23-07-2026 14:14:44","4","Information","Microsoft-Windows-SenseIR","Windows Defender Advanced Threat Protection Incident Response executable started."
"23-07-2026 11:12:36","5","Information","Microsoft-Windows-SenseIR","Windows Defender Advanced Threat Protection Incident Response executable terminated. Exit code: 0x0"
"23-07-2026 10:51:50","3","Information","Microsoft-Windows-SenseIR","Succeeded to run action RunPSScriptAction. Action ID: 9e137068-a631-45e6-81aa-4adda242796e"
"23-07-2026 10:51:35","1","Information","Microsoft-Windows-SenseIR","Starting action RunPSScriptAction. Action ID: 9e137068-a631-45e6-81aa-4adda242796e"
"23-07-2026 10:51:25","4","Information","Microsoft-Windows-SenseIR","Windows Defender Advanced Threat Protection Incident Response executable started."
"23-07-2026 10:40:43","5","Information","Microsoft-Windows-SenseIR","Windows Defender Advanced Threat Protection Incident Response executable terminated. Exit code: 0x0"
"23-07-2026 10:20:44","3","Information","Microsoft-Windows-SenseIR","Succeeded to run action RunPSScriptAction. Action ID: a391f42c-7e1a-4611-8494-1817d2420e09"
"23-07-2026 10:20:19","3","Information","Microsoft-Windows-SenseIR","Succeeded to run action RunPSScriptAction. Action ID: 1648ba23-91bf-4822-bd45-661d10a1ea81"
"23-07-2026 10:20:02","3","Information","Microsoft-Windows-SenseIR","Succeeded to run action RunPSScriptAction. Action ID: 3fa4876e-3ae5-4c59-9a4d-08a7400268a5"
"23-07-2026 10:20:01","3","Information","Microsoft-Windows-SenseIR","Succeeded to run action RunPSScriptAction. Action ID: 0e3d6d2d-06cc-486d-9465-9ef3bee75444"
"23-07-2026 10:19:55","3","Information","Microsoft-Windows-SenseIR","Succeeded to run action RunPSScriptAction. Action ID: cfa5b5b7-e717-474f-ad6a-a99ebd513b5c"
"23-07-2026 10:19:45","3","Information","Microsoft-Windows-SenseIR","Succeeded to run action RunPSScriptAction. Action ID: 9f2a6e93-4b3c-4a21-9d6a-879ebba4d64d"
"23-07-2026 10:19:42","1","Information","Microsoft-Windows-SenseIR","Starting action RunPSScriptAction. Action ID: 9f2a6e93-4b3c-4a21-9d6a-879ebba4d64d"
"23-07-2026 10:19:42","1","Information","Microsoft-Windows-SenseIR","Starting action RunPSScriptAction. Action ID: cfa5b5b7-e717-474f-ad6a-a99ebd513b5c"
"23-07-2026 10:19:42","1","Information","Microsoft-Windows-SenseIR","Starting action RunPSScriptAction. Action ID: 1648ba23-91bf-4822-bd45-661d10a1ea81"
"23-07-2026 10:19:40","3","Information","Microsoft-Windows-SenseIR","Succeeded to run action RunPSScriptAction. Action ID: 2d76cc84-8291-481d-845d-62f59f16e445"
"23-07-2026 10:19:38","3","Information","Microsoft-Windows-SenseIR","Succeeded to run action RunPSScriptAction. Action ID: aceb19ff-8484-4db4-b8f6-f5a8d03a8c4a"
"23-07-2026 10:19:32","1","Information","Microsoft-Windows-SenseIR","Starting action RunPSScriptAction. Action ID: 2d76cc84-8291-481d-845d-62f59f16e445"
"23-07-2026 10:19:32","1","Information","Microsoft-Windows-SenseIR","Starting action RunPSScriptAction. Action ID: aceb19ff-8484-4db4-b8f6-f5a8d03a8c4a"
"23-07-2026 10:19:32","1","Information","Microsoft-Windows-SenseIR","Starting action RunPSScriptAction. Action ID: 0e3d6d2d-06cc-486d-9465-9ef3bee75444"
"23-07-2026 10:19:24","3","Information","Microsoft-Windows-SenseIR","Succeeded to run action RunPSScriptAction. Action ID: 05f2c576-9ed5-41eb-9b1e-1b653eebfdff"
"23-07-2026 10:19:24","3","Information","Microsoft-Windows-SenseIR","Succeeded to run action RunPSScriptAction. Action ID: 8e0b85ee-da90-46d9-b939-75081a1ceb3a"
"23-07-2026 10:19:23","3","Information","Microsoft-Windows-SenseIR","Succeeded to run action RunPSScriptAction. Action ID: 211ef051-ecf9-4b99-9eed-76e45a831a19"
"23-07-2026 10:19:22","1","Information","Microsoft-Windows-SenseIR","Starting action RunPSScriptAction. Action ID: a391f42c-7e1a-4611-8494-1817d2420e09"
"23-07-2026 10:19:22","1","Information","Microsoft-Windows-SenseIR","Starting action RunPSScriptAction. Action ID: 3fa4876e-3ae5-4c59-9a4d-08a7400268a5"
"23-07-2026 10:19:22","1","Information","Microsoft-Windows-SenseIR","Starting action RunPSScriptAction. Action ID: 05f2c576-9ed5-41eb-9b1e-1b653eebfdff"
"23-07-2026 10:19:21","3","Information","Microsoft-Windows-SenseIR","Succeeded to run action RunPSScriptAction. Action ID: 046a3caf-d9ec-4da6-a32a-fb148992596b"
"23-07-2026 10:19:12","1","Information","Microsoft-Windows-SenseIR","Starting action RunPSScriptAction. Action ID: 046a3caf-d9ec-4da6-a32a-fb148992596b"
"23-07-2026 10:19:12","1","Information","Microsoft-Windows-SenseIR","Starting action RunPSScriptAction. Action ID: 211ef051-ecf9-4b99-9eed-76e45a831a19"
"23-07-2026 10:19:12","1","Information","Microsoft-Windows-SenseIR","Starting action RunPSScriptAction. Action ID: 8e0b85ee-da90-46d9-b939-75081a1ceb3a"
"23-07-2026 10:19:02","4","Information","Microsoft-Windows-SenseIR","Windows Defender Advanced Threat Protection Incident Response executable started."
"22-07-2026 19:19:38","5","Information","Microsoft-Windows-SenseIR","Windows Defender Advanced Threat Protection Incident Response executable terminated. Exit code: 0x0"
"22-07-2026 18:42:01","3","Information","Microsoft-Windows-SenseIR","Succeeded to run action RunPSScriptAction. Action ID: 0e3d6d2d-06cc-486d-9465-9ef3bee75444"
"22-07-2026 18:41:35","1","Information","Microsoft-Windows-SenseIR","Starting action RunPSScriptAction. Action ID: 0e3d6d2d-06cc-486d-9465-9ef3bee75444"
"22-07-2026 18:41:25","4","Information","Microsoft-Windows-SenseIR","Windows Defender Advanced Threat Protection Incident Response executable started."
"22-07-2026 18:28:38","5","Information","Microsoft-Windows-SenseIR","Windows Defender Advanced Threat Protection Incident Response executable terminated. Exit code: 0x0"
"22-07-2026 18:08:40","3","Information","Microsoft-Windows-SenseIR","Succeeded to run action RunPSScriptAction. Action ID: a391f42c-7e1a-4611-8494-1817d2420e09"
"22-07-2026 18:07:54","3","Information","Microsoft-Windows-SenseIR","Succeeded to run action RunPSScriptAction. Action ID: 53159fd8-6386-48c2-91e8-cf4860599c43"
"22-07-2026 18:07:37","1","Information","Microsoft-Windows-SenseIR","Starting action RunPSScriptAction. Action ID: 53159fd8-6386-48c2-91e8-cf4860599c43"
"22-07-2026 18:07:27","1","Information","Microsoft-Windows-SenseIR","Starting action RunPSScriptAction. Action ID: a391f42c-7e1a-4611-8494-1817d2420e09"
"22-07-2026 18:07:17","4","Information","Microsoft-Windows-SenseIR","Windows Defender Advanced Threat Protection Incident Response executable started."
"22-07-2026 18:04:03","5","Information","Microsoft-Windows-SenseIR","Windows Defender Advanced Threat Protection Incident Response executable terminated. Exit code: 0x0"
"22-07-2026 17:43:06","3","Information","Microsoft-Windows-SenseIR","Succeeded to run action RunPSScriptAction. Action ID: 9bde6f2a-afcb-4c11-b890-d6a1f78e5c4b"
"22-07-2026 17:43:02","1","Information","Microsoft-Windows-SenseIR","Starting action RunPSScriptAction. Action ID: 9bde6f2a-afcb-4c11-b890-d6a1f78e5c4b"
"22-07-2026 17:42:52","4","Information","Microsoft-Windows-SenseIR","Windows Defender Advanced Threat Protection Incident Response executable started."
"22-07-2026 17:42:12","5","Information","Microsoft-Windows-SenseIR","Windows Defender Advanced Threat Protection Incident Response executable terminated. Exit code: 0x0"
"22-07-2026 17:21:26","3","Information","Microsoft-Windows-SenseIR","Succeeded to run action RunPSScriptAction. Action ID: cfa5b5b7-e717-474f-ad6a-a99ebd513b5c"
"22-07-2026 17:21:11","1","Information","Microsoft-Windows-SenseIR","Starting action RunPSScriptAction. Action ID: cfa5b5b7-e717-474f-ad6a-a99ebd513b5c"
"22-07-2026 17:04:18","3","Information","Microsoft-Windows-SenseIR","Succeeded to run action RunPSScriptAction. Action ID: 1648ba23-91bf-4822-bd45-661d10a1ea81"
"22-07-2026 17:03:20","1","Information","Microsoft-Windows-SenseIR","Starting action RunPSScriptAction. Action ID: 1648ba23-91bf-4822-bd45-661d10a1ea81"
"22-07-2026 17:03:10","4","Information","Microsoft-Windows-SenseIR","Windows Defender Advanced Threat Protection Incident Response executable started."
"22-07-2026 16:19:59","5","Information","Microsoft-Windows-SenseIR","Windows Defender Advanced Threat Protection Incident Response executable terminated. Exit code: 0x0"
"22-07-2026 15:59:04","3","Information","Microsoft-Windows-SenseIR","Succeeded to run action RunPSScriptAction. Action ID: 046a3caf-d9ec-4da6-a32a-fb148992596b"
"22-07-2026 15:58:58","1","Information","Microsoft-Windows-SenseIR","Starting action RunPSScriptAction. Action ID: 046a3caf-d9ec-4da6-a32a-fb148992596b"
"22-07-2026 15:50:16","3","Information","Microsoft-Windows-SenseIR","Succeeded to run action RunPSScriptAction. Action ID: 2d76cc84-8291-481d-845d-62f59f16e445"
"22-07-2026 15:50:07","1","Information","Microsoft-Windows-SenseIR","Starting action RunPSScriptAction. Action ID: 2d76cc84-8291-481d-845d-62f59f16e445"
"22-07-2026 15:47:20","3","Information","Microsoft-Windows-SenseIR","Succeeded to run action RunPSScriptAction. Action ID: 93514365-7ff3-4f5e-9dfd-7eb9f6b779a7"
"22-07-2026 15:47:17","1","Information","Microsoft-Windows-SenseIR","Starting action RunPSScriptAction. Action ID: 93514365-7ff3-4f5e-9dfd-7eb9f6b779a7"
"22-07-2026 15:37:46","3","Information","Microsoft-Windows-SenseIR","Succeeded to run action RunPSScriptAction. Action ID: acd1e8f4-3c26-49a7-bec8-9d7a15e1a6d2"
"22-07-2026 15:37:37","1","Information","Microsoft-Windows-SenseIR","Starting action RunPSScriptAction. Action ID: acd1e8f4-3c26-49a7-bec8-9d7a15e1a6d2"
"22-07-2026 15:34:44","3","Information","Microsoft-Windows-SenseIR","Succeeded to run action RunPSScriptAction. Action ID: 3fa4876e-3ae5-4c59-9a4d-08a7400268a5"
"22-07-2026 15:33:57","1","Information","Microsoft-Windows-SenseIR","Starting action RunPSScriptAction. Action ID: 3fa4876e-3ae5-4c59-9a4d-08a7400268a5"
"22-07-2026 15:29:23","3","Information","Microsoft-Windows-SenseIR","Succeeded to run action RunPSScriptAction. Action ID: 211ef051-ecf9-4b99-9eed-76e45a831a19"
"22-07-2026 15:29:16","1","Information","Microsoft-Windows-SenseIR","Starting action RunPSScriptAction. Action ID: 211ef051-ecf9-4b99-9eed-76e45a831a19"
"22-07-2026 15:28:53","3","Information","Microsoft-Windows-SenseIR","Succeeded to run action RunPSScriptAction. Action ID: efc69106-6fc1-423a-94ef-221e65a28f09"
"22-07-2026 15:28:36","1","Information","Microsoft-Windows-SenseIR","Starting action RunPSScriptAction. Action ID: efc69106-6fc1-423a-94ef-221e65a28f09"
"22-07-2026 15:28:26","4","Information","Microsoft-Windows-SenseIR","Windows Defender Advanced Threat Protection Incident Response executable started."
"22-07-2026 15:17:29","5","Information","Microsoft-Windows-SenseIR","Windows Defender Advanced Threat Protection Incident Response executable terminated. Exit code: 0x0"
"22-07-2026 14:56:39","3","Information","Microsoft-Windows-SenseIR","Succeeded to run action RunPSScriptAction. Action ID: 0e371fa0-b3cb-4d76-93ad-467add004280"
"22-07-2026 14:56:28","1","Information","Microsoft-Windows-SenseIR","Starting action RunPSScriptAction. Action ID: 0e371fa0-b3cb-4d76-93ad-467add004280"
"22-07-2026 14:56:18","4","Information","Microsoft-Windows-SenseIR","Windows Defender Advanced Threat Protection Incident Response executable started."
"22-07-2026 14:22:59","5","Information","Microsoft-Windows-SenseIR","Windows Defender Advanced Threat Protection Incident Response executable terminated. Exit code: 0x0"
"22-07-2026 14:02:06","3","Information","Microsoft-Windows-SenseIR","Succeeded to run action RunPSScriptAction. Action ID: fc19515e-4fbb-46d1-b1f4-a28b394632fe"
"22-07-2026 14:01:58","1","Information","Microsoft-Windows-SenseIR","Starting action RunPSScriptAction. Action ID: fc19515e-4fbb-46d1-b1f4-a28b394632fe"
"22-07-2026 14:01:48","4","Information","Microsoft-Windows-SenseIR","Windows Defender Advanced Threat Protection Incident Response executable started."
"22-07-2026 13:51:25","5","Information","Microsoft-Windows-SenseIR","Windows Defender Advanced Threat Protection Incident Response executable terminated. Exit code: 0x0"
"22-07-2026 13:30:29","3","Information","Microsoft-Windows-SenseIR","Succeeded to run action RunPSScriptAction. Action ID: cb7aec68-dfca-4632-88ad-5b019cb0957d"
"22-07-2026 13:30:24","1","Information","Microsoft-Windows-SenseIR","Starting action RunPSScriptAction. Action ID: cb7aec68-dfca-4632-88ad-5b019cb0957d"
"22-07-2026 13:10:35","3","Information","Microsoft-Windows-SenseIR","Succeeded to run action RunPSScriptAction. Action ID: aceb19ff-8484-4db4-b8f6-f5a8d03a8c4a"
"22-07-2026 13:10:23","1","Information","Microsoft-Windows-SenseIR","Starting action RunPSScriptAction. Action ID: aceb19ff-8484-4db4-b8f6-f5a8d03a8c4a"
"22-07-2026 13:10:13","4","Information","Microsoft-Windows-SenseIR","Windows Defender Advanced Threat Protection Incident Response executable started."
"22-07-2026 12:59:50","5","Information","Microsoft-Windows-SenseIR","Windows Defender Advanced Threat Protection Incident Response executable terminated. Exit code: 0x0"
"22-07-2026 12:38:57","3","Information","Microsoft-Windows-SenseIR","Succeeded to run action RunPSScriptAction. Action ID: 149ae17f-1c51-47e8-90b8-8175a782d62b"
"22-07-2026 12:38:49","1","Information","Microsoft-Windows-SenseIR","Starting action RunPSScriptAction. Action ID: 149ae17f-1c51-47e8-90b8-8175a782d62b"
"22-07-2026 12:38:39","4","Information","Microsoft-Windows-SenseIR","Windows Defender Advanced Threat Protection Incident Response executable started."
"22-07-2026 12:02:29","5","Information","Microsoft-Windows-SenseIR","Windows Defender Advanced Threat Protection Incident Response executable terminated. Exit code: 0x0"
"22-07-2026 11:42:12","3","Information","Microsoft-Windows-SenseIR","Succeeded to run action RunPSScriptAction. Action ID: 0e3d6d2d-06cc-486d-9465-9ef3bee75444"
"22-07-2026 11:41:28","1","Information","Microsoft-Windows-SenseIR","Starting action RunPSScriptAction. Action ID: 0e3d6d2d-06cc-486d-9465-9ef3bee75444"
"22-07-2026 11:29:30","3","Information","Microsoft-Windows-SenseIR","Succeeded to run action RunPSScriptAction. Action ID: a391f42c-7e1a-4611-8494-1817d2420e09"
"22-07-2026 11:28:27","1","Information","Microsoft-Windows-SenseIR","Starting action RunPSScriptAction. Action ID: a391f42c-7e1a-4611-8494-1817d2420e09"
"22-07-2026 11:28:17","4","Information","Microsoft-Windows-SenseIR","Windows Defender Advanced Threat Protection Incident Response executable started."
"22-07-2026 11:17:13","5","Information","Microsoft-Windows-SenseIR","Windows Defender Advanced Threat Protection Incident Response executable terminated. Exit code: 0x0"
"22-07-2026 10:56:26","3","Information","Microsoft-Windows-SenseIR","Succeeded to run action RunPSScriptAction. Action ID: 36dc1ba5-2d7a-4cc0-8b07-8b26d1899492"
"22-07-2026 10:56:12","1","Information","Microsoft-Windows-SenseIR","Starting action RunPSScriptAction. Action ID: 36dc1ba5-2d7a-4cc0-8b07-8b26d1899492"
"22-07-2026 10:38:41","3","Information","Microsoft-Windows-SenseIR","Succeeded to run action RunPSScriptAction. Action ID: 9e137068-a631-45e6-81aa-4adda242796e"
"22-07-2026 10:38:32","1","Information","Microsoft-Windows-SenseIR","Starting action RunPSScriptAction. Action ID: 9e137068-a631-45e6-81aa-4adda242796e"
"22-07-2026 10:25:58","3","Information","Microsoft-Windows-SenseIR","Succeeded to run action RunPSScriptAction. Action ID: 100c7519-406d-49cb-b7eb-41ce85513276"
"22-07-2026 10:25:51","1","Information","Microsoft-Windows-SenseIR","Starting action RunPSScriptAction. Action ID: 100c7519-406d-49cb-b7eb-41ce85513276"
"22-07-2026 10:19:58","3","Information","Microsoft-Windows-SenseIR","Succeeded to run action RunPSScriptAction. Action ID: 9f2a6e93-4b3c-4a21-9d6a-879ebba4d64d"
"22-07-2026 10:19:51","1","Information","Microsoft-Windows-SenseIR","Starting action RunPSScriptAction. Action ID: 9f2a6e93-4b3c-4a21-9d6a-879ebba4d64d"
"22-07-2026 10:11:59","3","Information","Microsoft-Windows-SenseIR","Succeeded to run action RunPSScriptAction. Action ID: 046a3caf-d9ec-4da6-a32a-fb148992596b"
"22-07-2026 10:11:50","1","Information","Microsoft-Windows-SenseIR","Starting action RunPSScriptAction. Action ID: 046a3caf-d9ec-4da6-a32a-fb148992596b"
"22-07-2026 09:55:18","3","Information","Microsoft-Windows-SenseIR","Succeeded to run action RunPSScriptAction. Action ID: 211ef051-ecf9-4b99-9eed-76e45a831a19"
"22-07-2026 09:55:10","1","Information","Microsoft-Windows-SenseIR","Starting action RunPSScriptAction. Action ID: 211ef051-ecf9-4b99-9eed-76e45a831a19"
"22-07-2026 09:45:01","3","Information","Microsoft-Windows-SenseIR","Succeeded to run action RunPSScriptAction. Action ID: 05f2c576-9ed5-41eb-9b1e-1b653eebfdff"
"22-07-2026 09:44:59","1","Information","Microsoft-Windows-SenseIR","Starting action RunPSScriptAction. Action ID: 05f2c576-9ed5-41eb-9b1e-1b653eebfdff"
"22-07-2026 09:44:37","3","Information","Microsoft-Windows-SenseIR","Succeeded to run action RunPSScriptAction. Action ID: 1648ba23-91bf-4822-bd45-661d10a1ea81"
"22-07-2026 09:44:16","3","Information","Microsoft-Windows-SenseIR","Succeeded to run action RunPSScriptAction. Action ID: a391f42c-7e1a-4611-8494-1817d2420e09"
"22-07-2026 09:44:02","3","Information","Microsoft-Windows-SenseIR","Succeeded to run action RunPSScriptAction. Action ID: 3fa4876e-3ae5-4c59-9a4d-08a7400268a5"
"22-07-2026 09:44:00","3","Information","Microsoft-Windows-SenseIR","Succeeded to run action RunPSScriptAction. Action ID: efc69106-6fc1-423a-94ef-221e65a28f09"
"22-07-2026 09:43:59","3","Information","Microsoft-Windows-SenseIR","Succeeded to run action RunPSScriptAction. Action ID: 0e3d6d2d-06cc-486d-9465-9ef3bee75444"
"22-07-2026 09:43:56","3","Information","Microsoft-Windows-SenseIR","Succeeded to run action RunPSScriptAction. Action ID: 2d76cc84-8291-481d-845d-62f59f16e445"
"22-07-2026 09:43:49","1","Information","Microsoft-Windows-SenseIR","Starting action RunPSScriptAction. Action ID: 2d76cc84-8291-481d-845d-62f59f16e445"
"22-07-2026 09:43:49","1","Information","Microsoft-Windows-SenseIR","Starting action RunPSScriptAction. Action ID: efc69106-6fc1-423a-94ef-221e65a28f09"
"22-07-2026 09:43:48","3","Information","Microsoft-Windows-SenseIR","Succeeded to run action RunPSScriptAction. Action ID: aceb19ff-8484-4db4-b8f6-f5a8d03a8c4a"
"22-07-2026 09:43:47","3","Information","Microsoft-Windows-SenseIR","Succeeded to run action RunPSScriptAction. Action ID: cfa5b5b7-e717-474f-ad6a-a99ebd513b5c"
"22-07-2026 09:43:39","1","Information","Microsoft-Windows-SenseIR","Starting action RunPSScriptAction. Action ID: 1648ba23-91bf-4822-bd45-661d10a1ea81"
"22-07-2026 09:43:39","1","Information","Microsoft-Windows-SenseIR","Starting action RunPSScriptAction. Action ID: aceb19ff-8484-4db4-b8f6-f5a8d03a8c4a"
"22-07-2026 09:43:39","1","Information","Microsoft-Windows-SenseIR","Starting action RunPSScriptAction. Action ID: 3fa4876e-3ae5-4c59-9a4d-08a7400268a5"
"22-07-2026 09:43:38","3","Information","Microsoft-Windows-SenseIR","Succeeded to run action RunPSScriptAction. Action ID: 046a3caf-d9ec-4da6-a32a-fb148992596b"
"22-07-2026 09:43:33","3","Information","Microsoft-Windows-SenseIR","Succeeded to run action RunPSScriptAction. Action ID: 211ef051-ecf9-4b99-9eed-76e45a831a19"
"22-07-2026 09:43:29","1","Information","Microsoft-Windows-SenseIR","Starting action RunPSScriptAction. Action ID: 046a3caf-d9ec-4da6-a32a-fb148992596b"
"22-07-2026 09:43:29","1","Information","Microsoft-Windows-SenseIR","Starting action RunPSScriptAction. Action ID: 0e3d6d2d-06cc-486d-9465-9ef3bee75444"
"22-07-2026 09:43:29","1","Information","Microsoft-Windows-SenseIR","Starting action RunPSScriptAction. Action ID: cfa5b5b7-e717-474f-ad6a-a99ebd513b5c"
"22-07-2026 09:43:22","3","Information","Microsoft-Windows-SenseIR","Succeeded to run action RunPSScriptAction. Action ID: 05f2c576-9ed5-41eb-9b1e-1b653eebfdff"
"22-07-2026 09:43:19","1","Information","Microsoft-Windows-SenseIR","Starting action RunPSScriptAction. Action ID: a391f42c-7e1a-4611-8494-1817d2420e09"
"22-07-2026 09:43:19","1","Information","Microsoft-Windows-SenseIR","Starting action RunPSScriptAction. Action ID: 05f2c576-9ed5-41eb-9b1e-1b653eebfdff"
"22-07-2026 09:43:19","1","Information","Microsoft-Windows-SenseIR","Starting action RunPSScriptAction. Action ID: 211ef051-ecf9-4b99-9eed-76e45a831a19"
"22-07-2026 09:43:08","4","Information","Microsoft-Windows-SenseIR","Windows Defender Advanced Threat Protection Incident Response executable started."
"21-07-2026 19:24:26","5","Information","Microsoft-Windows-SenseIR","Windows Defender Advanced Threat Protection Incident Response executable terminated. Exit code: 0x0"
"21-07-2026 18:40:49","3","Information","Microsoft-Windows-SenseIR","Succeeded to run action RunPSScriptAction. Action ID: 9bde6f2a-afcb-4c11-b890-d6a1f78e5c4b"
"21-07-2026 18:40:46","1","Information","Microsoft-Windows-SenseIR","Starting action RunPSScriptAction. Action ID: 9bde6f2a-afcb-4c11-b890-d6a1f78e5c4b"
