"29-06-2026 09:02:23","142","Information","Microsoft-Windows-Ntfs","Summary of disk space usage, since last event:

           Available space was between 195.28 MB and 199.28 MB
           Change in available space: 4 MB
           
           Available clusters were between: 49991 and 51015
           Reserved clusters were between: 0 and 0
           Txf abort reserved clusters were between: 1024 and 1024
           
           Elapsed seconds: 0
           
           Pagefile size: 0 Bytes
           Volume size: 1.01 GB
           Bytes per cluster: 4096
           
           Volume guid: {effcabed-bb48-44d2-a9ca-b0bdf73688b0}
           Volume name: \\?\Volume{effcabed-bb48-44d2-a9ca-b0bdf73688b0}
           Is boot volume: false
           
           Cached runs miss counts:
               For MFT: 0
               For MFT zone: 0
               Everything else: 0
"
"29-06-2026 09:02:23","142","Information","Microsoft-Windows-Ntfs","Summary of disk space usage, since last event:

           Available space was between 95.53 GB and 104.97 GB
           Change in available space: 9.45 GB
           
           Available clusters were between: 25041889 and 27516692
           Reserved clusters were between: 766350 and 766350
           Txf abort reserved clusters were between: 1024 and 1024
           
           Elapsed seconds: 0
           
           Pagefile size: 0 Bytes
           Volume size: 235.88 GB
           Bytes per cluster: 4096
           
           Volume guid: {c5c572ba-c5d0-47f6-864e-13eb05e6d46c}
           Volume name: C:
           Is boot volume: true
           
           Cached runs miss counts:
               For MFT: 0
               For MFT zone: 0
               Everything else: 0
"
"29-06-2026 09:02:20","4","Information","Microsoft-Windows-Ntfs","The NTFS volume has been successfully mounted.

           Volume correlation Id: {effcabed-bb48-44d2-a9ca-b0bdf73688b0}
           Volume name: \\?\Volume{effcabed-bb48-44d2-a9ca-b0bdf73688b0}
           Volume label: WINRETOOLS

           Device name: \Device\HarddiskVolume4
           Device GUID: {0d0616a1-3adc-3de7-d9a2-784fe4e2d52a}
           Device manufacturer: NVMe
           Device model: PM9C1b Samsung 256GB
           Device revision: 58330109
           Device serial number: 0025_38F6_5106_1623.
           Bus type: NVMe
           Device number: 0
           Boot partition: false

           Native NVMe: false

           Adapter serial number: 
           
           Total mount duration: 15 ms
           Longest stage: 1. Duration 15 ms (100% of the total)
           Second longest stage: 0. Duration 0 µs (0% of the total)
           Volume restart applied: true
"
"29-06-2026 09:02:20","10","Information","Microsoft-Windows-Ntfs","NTFS cached runs statistics.

           Volume correlation Id: {effcabed-bb48-44d2-a9ca-b0bdf73688b0}
           Volume name: \\?\Volume{effcabed-bb48-44d2-a9ca-b0bdf73688b0}
           Volume label: WINRETOOLS

           Device name: \Device\HarddiskVolume4
           Device GUID: {0d0616a1-3adc-3de7-d9a2-784fe4e2d52a}
           Device manufacturer: NVMe
           Device model: PM9C1b Samsung 256GB
           Device revision: 58330109
           Device serial number: 0025_38F6_5106_1623.
           Bus type: NVMe
           Native NVMe: false

           Adapter serial number: 

           Media type: Hard disk
           Runs cached: 3
           Longest run cached: 70.54 MB
           Most populated bin Count: 1
           Most populated bin's minimum length: 0 Bytes
           Most populated bin's maximum length: 4 KB
"
"29-06-2026 09:02:20","9","Information","Microsoft-Windows-Ntfs","NTFS scanned entire volume bitmap.

           Volume correlation Id: {effcabed-bb48-44d2-a9ca-b0bdf73688b0}
           Volume name: \\?\Volume{effcabed-bb48-44d2-a9ca-b0bdf73688b0}
           Volume label: WINRETOOLS

           Device name: \Device\HarddiskVolume4
           Device GUID: {0d0616a1-3adc-3de7-d9a2-784fe4e2d52a}
           Device manufacturer: NVMe
           Device model: PM9C1b Samsung 256GB
           Device revision: 58330109
           Device serial number: 0025_38F6_5106_1623.
           Bus type: NVMe
           Native NVMe: false

           Adapter serial number: 

           Duration (micro seconds): 323
           InputFlags: 0xE
           Reason: Mount
           Flags: 0x10
"
"29-06-2026 09:02:18","4","Information","Microsoft-Windows-Ntfs","The NTFS volume has been successfully mounted.

           Volume correlation Id: {c5c572ba-c5d0-47f6-864e-13eb05e6d46c}
           Volume name: C:
           Volume label: OS

           Device name: \Device\HarddiskVolume3
           Device GUID: {0d0616a1-3adc-3de7-d9a2-784fe4e2d52a}
           Device manufacturer: NVMe
           Device model: PM9C1b Samsung 256GB
           Device revision: 58330109
           Device serial number: 0025_38F6_5106_1623.
           Bus type: NVMe
           Device number: 0
           Boot partition: true

           Native NVMe: false

           Adapter serial number: 
           
           Total mount duration: 509 ms
           Longest stage: 4. Duration 367 ms (72% of the total)
           Second longest stage: 8. Duration 104 ms (21% of the total)
           Volume restart applied: true
"
"29-06-2026 09:02:18","10","Information","Microsoft-Windows-Ntfs","NTFS cached runs statistics.

           Volume correlation Id: {c5c572ba-c5d0-47f6-864e-13eb05e6d46c}
           Volume name: C:
           Volume label: OS

           Device name: \Device\HarddiskVolume3
           Device GUID: {0d0616a1-3adc-3de7-d9a2-784fe4e2d52a}
           Device manufacturer: NVMe
           Device model: PM9C1b Samsung 256GB
           Device revision: 58330109
           Device serial number: 0025_38F6_5106_1623.
           Bus type: NVMe
           Native NVMe: false

           Adapter serial number: 

           Media type: Hard disk
           Runs cached: 2472
           Longest run cached: 16.22 GB
           Most populated bin Count: 71
           Most populated bin's minimum length: 7.51 MB
           Most populated bin's maximum length: 7.75 MB
"
"29-06-2026 09:02:18","9","Information","Microsoft-Windows-Ntfs","NTFS scanned entire volume bitmap.

           Volume correlation Id: {c5c572ba-c5d0-47f6-864e-13eb05e6d46c}
           Volume name: C:
           Volume label: OS

           Device name: \Device\HarddiskVolume3
           Device GUID: {0d0616a1-3adc-3de7-d9a2-784fe4e2d52a}
           Device manufacturer: NVMe
           Device model: PM9C1b Samsung 256GB
           Device revision: 58330109
           Device serial number: 0025_38F6_5106_1623.
           Bus type: NVMe
           Native NVMe: false

           Adapter serial number: 

           Duration (micro seconds): 28024
           InputFlags: 0xE
           Reason: Mount
           Flags: 0x10
"
"26-06-2026 17:58:46","142","Information","Microsoft-Windows-Ntfs","Summary of disk space usage, since last event:

           Available space was between 103.18 GB and 111.04 GB
           Change in available space: 7.87 GB
           
           Available clusters were between: 27045754 and 29107135
           Reserved clusters were between: 767326 and 776302
           Txf abort reserved clusters were between: 1024 and 1024
           
           Elapsed seconds: 3600
           
           Pagefile size: 17.27 GB
           Volume size: 235.88 GB
           Bytes per cluster: 4096
           
           Volume guid: {c5c572ba-c5d0-47f6-864e-13eb05e6d46c}
           Volume name: C:
           Is boot volume: true
           
           Cached runs miss counts:
               For MFT: 0
               For MFT zone: 0
               Everything else: 1
"
"26-06-2026 16:58:45","142","Information","Microsoft-Windows-Ntfs","Summary of disk space usage, since last event:

           Available space was between 107.17 GB and 111.55 GB
           Change in available space: 4.38 GB
           
           Available clusters were between: 28093174 and 29240056
           Reserved clusters were between: 767662 and 776254
           Txf abort reserved clusters were between: 1024 and 1024
           
           Elapsed seconds: 3603
           
           Pagefile size: 17.02 GB
           Volume size: 235.88 GB
           Bytes per cluster: 4096
           
           Volume guid: {c5c572ba-c5d0-47f6-864e-13eb05e6d46c}
           Volume name: C:
           Is boot volume: true
           
           Cached runs miss counts:
               For MFT: 0
               For MFT zone: 0
               Everything else: 0
"
"26-06-2026 15:58:41","142","Information","Microsoft-Windows-Ntfs","Summary of disk space usage, since last event:

           Available space was between 109.24 GB and 110.78 GB
           Change in available space: 1.54 GB
           
           Available clusters were between: 28634247 and 29037827
           Reserved clusters were between: 767614 and 768206
           Txf abort reserved clusters were between: 1024 and 1024
           
           Elapsed seconds: 4546
           
           Pagefile size: 17.02 GB
           Volume size: 235.88 GB
           Bytes per cluster: 4096
           
           Volume guid: {c5c572ba-c5d0-47f6-864e-13eb05e6d46c}
           Volume name: C:
           Is boot volume: true
           
           Cached runs miss counts:
               For MFT: 0
               For MFT zone: 0
               Everything else: 0
"
"26-06-2026 14:42:55","142","Information","Microsoft-Windows-Ntfs","Summary of disk space usage, since last event:

           Available space was between 110.57 GB and 110.73 GB
           Change in available space: 156.39 MB
           
           Available clusters were between: 28984798 and 29024833
           Reserved clusters were between: 767454 and 775822
           Txf abort reserved clusters were between: 1024 and 1024
           
           Elapsed seconds: 3602
           
           Pagefile size: 17.02 GB
           Volume size: 235.88 GB
           Bytes per cluster: 4096
           
           Volume guid: {c5c572ba-c5d0-47f6-864e-13eb05e6d46c}
           Volume name: C:
           Is boot volume: true
           
           Cached runs miss counts:
               For MFT: 0
               For MFT zone: 0
               Everything else: 0
"
"26-06-2026 13:42:52","142","Information","Microsoft-Windows-Ntfs","Summary of disk space usage, since last event:

           Available space was between 110.53 GB and 111.21 GB
           Change in available space: 697.70 MB
           
           Available clusters were between: 28973164 and 29151775
           Reserved clusters were between: 767614 and 776542
           Txf abort reserved clusters were between: 1024 and 1024
           
           Elapsed seconds: 3600
           
           Pagefile size: 17.02 GB
           Volume size: 235.88 GB
           Bytes per cluster: 4096
           
           Volume guid: {c5c572ba-c5d0-47f6-864e-13eb05e6d46c}
           Volume name: C:
           Is boot volume: true
           
           Cached runs miss counts:
               For MFT: 0
               For MFT zone: 0
               Everything else: 0
"
"26-06-2026 12:42:52","142","Information","Microsoft-Windows-Ntfs","Summary of disk space usage, since last event:

           Available space was between 111.13 GB and 111.26 GB
           Change in available space: 130.93 MB
           
           Available clusters were between: 29130150 and 29163667
           Reserved clusters were between: 767838 and 776286
           Txf abort reserved clusters were between: 1024 and 1024
           
           Elapsed seconds: 3603
           
           Pagefile size: 17.02 GB
           Volume size: 235.88 GB
           Bytes per cluster: 4096
           
           Volume guid: {c5c572ba-c5d0-47f6-864e-13eb05e6d46c}
           Volume name: C:
           Is boot volume: true
           
           Cached runs miss counts:
               For MFT: 0
               For MFT zone: 0
               Everything else: 0
"
"26-06-2026 11:42:48","142","Information","Microsoft-Windows-Ntfs","Summary of disk space usage, since last event:

           Available space was between 111.23 GB and 111.35 GB
           Change in available space: 121.17 MB
           
           Available clusters were between: 29157607 and 29188625
           Reserved clusters were between: 767758 and 776254
           Txf abort reserved clusters were between: 1024 and 1024
           
           Elapsed seconds: 3600
           
           Pagefile size: 17.02 GB
           Volume size: 235.88 GB
           Bytes per cluster: 4096
           
           Volume guid: {c5c572ba-c5d0-47f6-864e-13eb05e6d46c}
           Volume name: C:
           Is boot volume: true
           
           Cached runs miss counts:
               For MFT: 0
               For MFT zone: 0
               Everything else: 0
"
"26-06-2026 10:42:48","142","Information","Microsoft-Windows-Ntfs","Summary of disk space usage, since last event:

           Available space was between 103.23 GB and 112.50 GB
           Change in available space: 9.28 GB
           
           Available clusters were between: 27059818 and 29491156
           Reserved clusters were between: 767502 and 776158
           Txf abort reserved clusters were between: 1024 and 1024
           
           Elapsed seconds: 3604
           
           Pagefile size: 17.02 GB
           Volume size: 235.88 GB
           Bytes per cluster: 4096
           
           Volume guid: {c5c572ba-c5d0-47f6-864e-13eb05e6d46c}
           Volume name: C:
           Is boot volume: true
           
           Cached runs miss counts:
               For MFT: 0
               For MFT zone: 0
               Everything else: 0
"
"26-06-2026 09:42:43","142","Information","Microsoft-Windows-Ntfs","Summary of disk space usage, since last event:

           Available space was between 103.23 GB and 112.53 GB
           Change in available space: 9.30 GB
           
           Available clusters were between: 27059915 and 29497029
           Reserved clusters were between: 767806 and 767934
           Txf abort reserved clusters were between: 1024 and 1024
           
           Elapsed seconds: 21380
           
           Pagefile size: 17.02 GB
           Volume size: 235.88 GB
           Bytes per cluster: 4096
           
           Volume guid: {c5c572ba-c5d0-47f6-864e-13eb05e6d46c}
           Volume name: C:
           Is boot volume: true
           
           Cached runs miss counts:
               For MFT: 0
               For MFT zone: 0
               Everything else: 0
"
"25-06-2026 20:34:48","142","Information","Microsoft-Windows-Ntfs","Summary of disk space usage, since last event:

           Available space was between 112.52 GB and 112.53 GB
           Change in available space: 3.51 MB
           
           Available clusters were between: 29496344 and 29497241
           Reserved clusters were between: 767774 and 768046
           Txf abort reserved clusters were between: 1024 and 1024
           
           Elapsed seconds: 5688
           
           Pagefile size: 17.02 GB
           Volume size: 235.88 GB
           Bytes per cluster: 4096
           
           Volume guid: {c5c572ba-c5d0-47f6-864e-13eb05e6d46c}
           Volume name: C:
           Is boot volume: true
           
           Cached runs miss counts:
               For MFT: 0
               For MFT zone: 0
               Everything else: 0
"
"25-06-2026 19:00:00","142","Information","Microsoft-Windows-Ntfs","Summary of disk space usage, since last event:

           Available space was between 112.14 GB and 112.56 GB
           Change in available space: 426.10 MB
           
           Available clusters were between: 29395679 and 29504759
           Reserved clusters were between: 767870 and 768190
           Txf abort reserved clusters were between: 1024 and 1024
           
           Elapsed seconds: 5027
           
           Pagefile size: 17.02 GB
           Volume size: 235.88 GB
           Bytes per cluster: 4096
           
           Volume guid: {c5c572ba-c5d0-47f6-864e-13eb05e6d46c}
           Volume name: C:
           Is boot volume: true
           
           Cached runs miss counts:
               For MFT: 0
               For MFT zone: 0
               Everything else: 0
"
"25-06-2026 17:36:12","142","Information","Microsoft-Windows-Ntfs","Summary of disk space usage, since last event:

           Available space was between 112.32 GB and 112.39 GB
           Change in available space: 67.65 MB
           
           Available clusters were between: 29443810 and 29461128
           Reserved clusters were between: 767662 and 776126
           Txf abort reserved clusters were between: 1024 and 1024
           
           Elapsed seconds: 3603
           
           Pagefile size: 17.02 GB
           Volume size: 235.88 GB
           Bytes per cluster: 4096
           
           Volume guid: {c5c572ba-c5d0-47f6-864e-13eb05e6d46c}
           Volume name: C:
           Is boot volume: true
           
           Cached runs miss counts:
               For MFT: 0
               For MFT zone: 0
               Everything else: 0
"
"25-06-2026 16:36:09","142","Information","Microsoft-Windows-Ntfs","Summary of disk space usage, since last event:

           Available space was between 112.21 GB and 112.39 GB
           Change in available space: 184.91 MB
           
           Available clusters were between: 29414711 and 29462046
           Reserved clusters were between: 767566 and 775902
           Txf abort reserved clusters were between: 1024 and 1024
           
           Elapsed seconds: 3600
           
           Pagefile size: 17.02 GB
           Volume size: 235.88 GB
           Bytes per cluster: 4096
           
           Volume guid: {c5c572ba-c5d0-47f6-864e-13eb05e6d46c}
           Volume name: C:
           Is boot volume: true
           
           Cached runs miss counts:
               For MFT: 0
               For MFT zone: 0
               Everything else: 0
"
"25-06-2026 15:36:08","142","Information","Microsoft-Windows-Ntfs","Summary of disk space usage, since last event:

           Available space was between 112.34 GB and 112.41 GB
           Change in available space: 68.29 MB
           
           Available clusters were between: 29448957 and 29466438
           Reserved clusters were between: 767566 and 775966
           Txf abort reserved clusters were between: 1024 and 1024
           
           Elapsed seconds: 3604
           
           Pagefile size: 17.02 GB
           Volume size: 235.88 GB
           Bytes per cluster: 4096
           
           Volume guid: {c5c572ba-c5d0-47f6-864e-13eb05e6d46c}
           Volume name: C:
           Is boot volume: true
           
           Cached runs miss counts:
               For MFT: 0
               For MFT zone: 0
               Everything else: 0
"
"25-06-2026 14:36:04","142","Information","Microsoft-Windows-Ntfs","Summary of disk space usage, since last event:

           Available space was between 112.21 GB and 112.64 GB
           Change in available space: 445.83 MB
           
           Available clusters were between: 29412898 and 29527029
           Reserved clusters were between: 767454 and 769118
           Txf abort reserved clusters were between: 1024 and 1024
           
           Elapsed seconds: 3600
           
           Pagefile size: 17.02 GB
           Volume size: 235.88 GB
           Bytes per cluster: 4096
           
           Volume guid: {c5c572ba-c5d0-47f6-864e-13eb05e6d46c}
           Volume name: C:
           Is boot volume: true
           
           Cached runs miss counts:
               For MFT: 0
               For MFT zone: 0
               Everything else: 0
"
"25-06-2026 13:36:04","142","Information","Microsoft-Windows-Ntfs","Summary of disk space usage, since last event:

           Available space was between 112.60 GB and 112.73 GB
           Change in available space: 135.23 MB
           
           Available clusters were between: 29516480 and 29551097
           Reserved clusters were between: 768094 and 777294
           Txf abort reserved clusters were between: 1024 and 1024
           
           Elapsed seconds: 3604
           
           Pagefile size: 17.02 GB
           Volume size: 235.88 GB
           Bytes per cluster: 4096
           
           Volume guid: {c5c572ba-c5d0-47f6-864e-13eb05e6d46c}
           Volume name: C:
           Is boot volume: true
           
           Cached runs miss counts:
               For MFT: 0
               For MFT zone: 0
               Everything else: 0
"
"25-06-2026 12:36:00","142","Information","Microsoft-Windows-Ntfs","Summary of disk space usage, since last event:

           Available space was between 112.59 GB and 113.06 GB
           Change in available space: 471.75 MB
           
           Available clusters were between: 29514712 and 29635478
           Reserved clusters were between: 767582 and 776094
           Txf abort reserved clusters were between: 1024 and 1024
           
           Elapsed seconds: 3600
           
           Pagefile size: 17.02 GB
           Volume size: 235.88 GB
           Bytes per cluster: 4096
           
           Volume guid: {c5c572ba-c5d0-47f6-864e-13eb05e6d46c}
           Volume name: C:
           Is boot volume: true
           
           Cached runs miss counts:
               For MFT: 0
               For MFT zone: 0
               Everything else: 0
"
"25-06-2026 11:36:00","142","Information","Microsoft-Windows-Ntfs","Summary of disk space usage, since last event:

           Available space was between 112.65 GB and 113.47 GB
           Change in available space: 831.09 MB
           
           Available clusters were between: 29530267 and 29743024
           Reserved clusters were between: 767662 and 776718
           Txf abort reserved clusters were between: 1024 and 1024
           
           Elapsed seconds: 3600
           
           Pagefile size: 17.02 GB
           Volume size: 235.88 GB
           Bytes per cluster: 4096
           
           Volume guid: {c5c572ba-c5d0-47f6-864e-13eb05e6d46c}
           Volume name: C:
           Is boot volume: true
           
           Cached runs miss counts:
               For MFT: 0
               For MFT zone: 0
               Everything else: 0
"
"25-06-2026 10:35:59","142","Information","Microsoft-Windows-Ntfs","Summary of disk space usage, since last event:

           Available space was between 109.53 GB and 113.65 GB
           Change in available space: 4.13 GB
           
           Available clusters were between: 28710465 and 29791353
           Reserved clusters were between: 765262 and 775854
           Txf abort reserved clusters were between: 1024 and 1024
           
           Elapsed seconds: 3604
           
           Pagefile size: 17.02 GB
           Volume size: 235.88 GB
           Bytes per cluster: 4096
           
           Volume guid: {c5c572ba-c5d0-47f6-864e-13eb05e6d46c}
           Volume name: C:
           Is boot volume: true
           
           Cached runs miss counts:
               For MFT: 0
               For MFT zone: 0
               Everything else: 0
"
"25-06-2026 09:36:21","501","Information","Microsoft-Windows-Ntfs","A process has deleted a USN journal on a volume.

           Process: SearchIndexer.
           Volume Id: {c5c572ba-c5d0-47f6-864e-13eb05e6d46c}
           Volume Name: C:
           Journal Id: 0x1DC11A038CEB841
           Current USN: 0x0
"
"25-06-2026 09:35:55","10","Information","Microsoft-Windows-Ntfs","NTFS cached runs statistics.

           Volume correlation Id: {effcabed-bb48-44d2-a9ca-b0bdf73688b0}
           Volume name: \\?\Volume{effcabed-bb48-44d2-a9ca-b0bdf73688b0}
           Volume label: WINRETOOLS

           Device name: \Device\HarddiskVolume4
           Device GUID: {0d0616a1-3adc-3de7-d9a2-784fe4e2d52a}
           Device manufacturer: NVMe
           Device model: PM9C1b Samsung 256GB
           Device revision: 58330109
           Device serial number: 0025_38F6_5106_1623.
           Bus type: NVMe
           Native NVMe: false

           Adapter serial number: 

           Media type: Hard disk
           Runs cached: 4
           Longest run cached: 128.55 MB
           Most populated bin Count: 1
           Most populated bin's minimum length: 0 Bytes
           Most populated bin's maximum length: 4 KB
"
"25-06-2026 09:35:55","9","Information","Microsoft-Windows-Ntfs","NTFS scanned entire volume bitmap.

           Volume correlation Id: {effcabed-bb48-44d2-a9ca-b0bdf73688b0}
           Volume name: \\?\Volume{effcabed-bb48-44d2-a9ca-b0bdf73688b0}
           Volume label: WINRETOOLS

           Device name: \Device\HarddiskVolume4
           Device GUID: {0d0616a1-3adc-3de7-d9a2-784fe4e2d52a}
           Device manufacturer: NVMe
           Device model: PM9C1b Samsung 256GB
           Device revision: 58330109
           Device serial number: 0025_38F6_5106_1623.
           Bus type: NVMe
           Native NVMe: false

           Adapter serial number: 

           Duration (micro seconds): 46
           InputFlags: 0x10
           Reason: Proactive background scan to repopulate cached runs
           Flags: 0x10
"
"25-06-2026 09:35:55","10","Information","Microsoft-Windows-Ntfs","NTFS cached runs statistics.

           Volume correlation Id: {c5c572ba-c5d0-47f6-864e-13eb05e6d46c}
           Volume name: C:
           Volume label: OS

           Device name: \Device\HarddiskVolume3
           Device GUID: {0d0616a1-3adc-3de7-d9a2-784fe4e2d52a}
           Device manufacturer: NVMe
           Device model: PM9C1b Samsung 256GB
           Device revision: 58330109
           Device serial number: 0025_38F6_5106_1623.
           Bus type: NVMe
           Native NVMe: false

           Adapter serial number: 

           Media type: Hard disk
           Runs cached: 9854
           Longest run cached: 25.49 GB
           Most populated bin Count: 1206
           Most populated bin's minimum length: 16 KB
           Most populated bin's maximum length: 16 KB
"
"25-06-2026 09:35:55","9","Information","Microsoft-Windows-Ntfs","NTFS scanned entire volume bitmap.

           Volume correlation Id: {c5c572ba-c5d0-47f6-864e-13eb05e6d46c}
           Volume name: C:
           Volume label: OS

           Device name: \Device\HarddiskVolume3
           Device GUID: {0d0616a1-3adc-3de7-d9a2-784fe4e2d52a}
           Device manufacturer: NVMe
           Device model: PM9C1b Samsung 256GB
           Device revision: 58330109
           Device serial number: 0025_38F6_5106_1623.
           Bus type: NVMe
           Native NVMe: false

           Adapter serial number: 

           Duration (micro seconds): 16511
           InputFlags: 0x10
           Reason: Proactive background scan to repopulate cached runs
           Flags: 0x10
"
"25-06-2026 09:35:55","142","Information","Microsoft-Windows-Ntfs","Summary of disk space usage, since last event:

           Available space was between 195.28 MB and 199.28 MB
           Change in available space: 4 MB
           
           Available clusters were between: 49991 and 51015
           Reserved clusters were between: 0 and 0
           Txf abort reserved clusters were between: 1024 and 1024
           
           Elapsed seconds: 0
           
           Pagefile size: 0 Bytes
           Volume size: 1.01 GB
           Bytes per cluster: 4096
           
           Volume guid: {effcabed-bb48-44d2-a9ca-b0bdf73688b0}
           Volume name: \\?\Volume{effcabed-bb48-44d2-a9ca-b0bdf73688b0}
           Is boot volume: false
           
           Cached runs miss counts:
               For MFT: 0
               For MFT zone: 0
               Everything else: 0
"
"25-06-2026 09:35:55","142","Information","Microsoft-Windows-Ntfs","Summary of disk space usage, since last event:

           Available space was between 110.92 GB and 113.86 GB
           Change in available space: 2.94 GB
           
           Available clusters were between: 29076784 and 29846059
           Reserved clusters were between: 765262 and 765262
           Txf abort reserved clusters were between: 1024 and 1024
           
           Elapsed seconds: 0
           
           Pagefile size: 0 Bytes
           Volume size: 235.88 GB
           Bytes per cluster: 4096
           
           Volume guid: {c5c572ba-c5d0-47f6-864e-13eb05e6d46c}
           Volume name: C:
           Is boot volume: true
           
           Cached runs miss counts:
               For MFT: 0
               For MFT zone: 0
               Everything else: 0
"
"25-06-2026 09:35:52","4","Information","Microsoft-Windows-Ntfs","The NTFS volume has been successfully mounted.

           Volume correlation Id: {effcabed-bb48-44d2-a9ca-b0bdf73688b0}
           Volume name: \\?\Volume{effcabed-bb48-44d2-a9ca-b0bdf73688b0}
           Volume label: WINRETOOLS

           Device name: \Device\HarddiskVolume4
           Device GUID: {0d0616a1-3adc-3de7-d9a2-784fe4e2d52a}
           Device manufacturer: NVMe
           Device model: PM9C1b Samsung 256GB
           Device revision: 58330109
           Device serial number: 0025_38F6_5106_1623.
           Bus type: NVMe
           Device number: 0
           Boot partition: false

           Native NVMe: false

           Adapter serial number: 
           
           Total mount duration: 5 ms
           Longest stage: 5. Duration 5 ms (100% of the total)
           Second longest stage: 0. Duration 0 µs (0% of the total)
           Volume restart applied: false
"
"25-06-2026 09:35:52","10","Information","Microsoft-Windows-Ntfs","NTFS cached runs statistics.

           Volume correlation Id: {effcabed-bb48-44d2-a9ca-b0bdf73688b0}
           Volume name: \\?\Volume{effcabed-bb48-44d2-a9ca-b0bdf73688b0}
           Volume label: WINRETOOLS

           Device name: \Device\HarddiskVolume4
           Device GUID: {0d0616a1-3adc-3de7-d9a2-784fe4e2d52a}
           Device manufacturer: NVMe
           Device model: PM9C1b Samsung 256GB
           Device revision: 58330109
           Device serial number: 0025_38F6_5106_1623.
           Bus type: NVMe
           Native NVMe: false

           Adapter serial number: 

           Media type: Hard disk
           Runs cached: 3
           Longest run cached: 70.54 MB
           Most populated bin Count: 1
           Most populated bin's minimum length: 0 Bytes
           Most populated bin's maximum length: 4 KB
"
"25-06-2026 09:35:52","9","Information","Microsoft-Windows-Ntfs","NTFS scanned entire volume bitmap.

           Volume correlation Id: {effcabed-bb48-44d2-a9ca-b0bdf73688b0}
           Volume name: \\?\Volume{effcabed-bb48-44d2-a9ca-b0bdf73688b0}
           Volume label: WINRETOOLS

           Device name: \Device\HarddiskVolume4
           Device GUID: {0d0616a1-3adc-3de7-d9a2-784fe4e2d52a}
           Device manufacturer: NVMe
           Device model: PM9C1b Samsung 256GB
           Device revision: 58330109
           Device serial number: 0025_38F6_5106_1623.
           Bus type: NVMe
           Native NVMe: false

           Adapter serial number: 

           Duration (micro seconds): 382
           InputFlags: 0xE
           Reason: Mount
           Flags: 0x10
"
"25-06-2026 09:35:50","10","Information","Microsoft-Windows-Ntfs","NTFS cached runs statistics.

           Volume correlation Id: {c5c572ba-c5d0-47f6-864e-13eb05e6d46c}
           Volume name: C:
           Volume label: OS

           Device name: \Device\HarddiskVolume3
           Device GUID: {0d0616a1-3adc-3de7-d9a2-784fe4e2d52a}
           Device manufacturer: NVMe
           Device model: PM9C1b Samsung 256GB
           Device revision: 58330109
           Device serial number: 0025_38F6_5106_1623.
           Bus type: NVMe
           Native NVMe: false

           Adapter serial number: 

           Media type: Hard disk
           Runs cached: 3246
           Longest run cached: 25.49 GB
           Most populated bin Count: 84
           Most populated bin's minimum length: 7.51 MB
           Most populated bin's maximum length: 7.75 MB
"
"25-06-2026 09:35:50","4","Information","Microsoft-Windows-Ntfs","The NTFS volume has been successfully mounted.

           Volume correlation Id: {c5c572ba-c5d0-47f6-864e-13eb05e6d46c}
           Volume name: C:
           Volume label: OS

           Device name: \Device\HarddiskVolume3
           Device GUID: {0d0616a1-3adc-3de7-d9a2-784fe4e2d52a}
           Device manufacturer: NVMe
           Device model: PM9C1b Samsung 256GB
           Device revision: 58330109
           Device serial number: 0025_38F6_5106_1623.
           Bus type: NVMe
           Device number: 0
           Boot partition: true

           Native NVMe: false

           Adapter serial number: 
           
           Total mount duration: 541 ms
           Longest stage: 8. Duration 425 ms (79% of the total)
           Second longest stage: 7. Duration 61 ms (11% of the total)
           Volume restart applied: false
"
"25-06-2026 09:35:50","9","Information","Microsoft-Windows-Ntfs","NTFS scanned entire volume bitmap.

           Volume correlation Id: {c5c572ba-c5d0-47f6-864e-13eb05e6d46c}
           Volume name: C:
           Volume label: OS

           Device name: \Device\HarddiskVolume3
           Device GUID: {0d0616a1-3adc-3de7-d9a2-784fe4e2d52a}
           Device manufacturer: NVMe
           Device model: PM9C1b Samsung 256GB
           Device revision: 58330109
           Device serial number: 0025_38F6_5106_1623.
           Bus type: NVMe
           Native NVMe: false

           Adapter serial number: 

           Duration (micro seconds): 22258
           InputFlags: 0xE
           Reason: Mount
           Flags: 0x10
"
"25-06-2026 09:31:48","142","Information","Microsoft-Windows-Ntfs","Summary of disk space usage, since last event:

           Available space was between 101.12 GB and 110.47 GB
           Change in available space: 9.36 GB
           
           Available clusters were between: 26506015 and 28957522
           Reserved clusters were between: 767406 and 767518
           Txf abort reserved clusters were between: 1024 and 1024
           
           Elapsed seconds: 24806
           
           Pagefile size: 17.27 GB
           Volume size: 235.88 GB
           Bytes per cluster: 4096
           
           Volume guid: {c5c572ba-c5d0-47f6-864e-13eb05e6d46c}
           Volume name: C:
           Is boot volume: true
           
           Cached runs miss counts:
               For MFT: 0
               For MFT zone: 0
               Everything else: 0
"
"24-06-2026 21:00:12","142","Information","Microsoft-Windows-Ntfs","Summary of disk space usage, since last event:

           Available space was between 110.47 GB and 110.48 GB
           Change in available space: 6.09 MB
           
           Available clusters were between: 28957504 and 28959061
           Reserved clusters were between: 767406 and 767678
           Txf abort reserved clusters were between: 1024 and 1024
           
           Elapsed seconds: 4772
           
           Pagefile size: 17.27 GB
           Volume size: 235.88 GB
           Bytes per cluster: 4096
           
           Volume guid: {c5c572ba-c5d0-47f6-864e-13eb05e6d46c}
           Volume name: C:
           Is boot volume: true
           
           Cached runs miss counts:
               For MFT: 0
               For MFT zone: 0
               Everything else: 0
"
"24-06-2026 19:40:40","142","Information","Microsoft-Windows-Ntfs","Summary of disk space usage, since last event:

           Available space was between 110.14 GB and 110.50 GB
           Change in available space: 370.11 MB
           
           Available clusters were between: 28871057 and 28965803
           Reserved clusters were between: 767534 and 775982
           Txf abort reserved clusters were between: 1024 and 1024
           
           Elapsed seconds: 5724
           
           Pagefile size: 17.27 GB
           Volume size: 235.88 GB
           Bytes per cluster: 4096
           
           Volume guid: {c5c572ba-c5d0-47f6-864e-13eb05e6d46c}
           Volume name: C:
           Is boot volume: true
           
           Cached runs miss counts:
               For MFT: 0
               For MFT zone: 0
               Everything else: 0
"
"24-06-2026 18:05:15","142","Information","Microsoft-Windows-Ntfs","Summary of disk space usage, since last event:

           Available space was between 110.15 GB and 110.61 GB
           Change in available space: 469.40 MB
           
           Available clusters were between: 28875049 and 28995213
           Reserved clusters were between: 767454 and 775934
           Txf abort reserved clusters were between: 1024 and 1024
           
           Elapsed seconds: 3601
           
           Pagefile size: 17.27 GB
           Volume size: 235.88 GB
           Bytes per cluster: 4096
           
           Volume guid: {c5c572ba-c5d0-47f6-864e-13eb05e6d46c}
           Volume name: C:
           Is boot volume: true
           
           Cached runs miss counts:
               For MFT: 0
               For MFT zone: 0
               Everything else: 0
"
"24-06-2026 17:05:13","142","Information","Microsoft-Windows-Ntfs","Summary of disk space usage, since last event:

           Available space was between 110.14 GB and 110.83 GB
           Change in available space: 707.43 MB
           
           Available clusters were between: 28871801 and 29052902
           Reserved clusters were between: 767358 and 775806
           Txf abort reserved clusters were between: 1024 and 1024
           
           Elapsed seconds: 3604
           
           Pagefile size: 17.27 GB
           Volume size: 235.88 GB
           Bytes per cluster: 4096
           
           Volume guid: {c5c572ba-c5d0-47f6-864e-13eb05e6d46c}
           Volume name: C:
           Is boot volume: true
           
           Cached runs miss counts:
               For MFT: 0
               For MFT zone: 0
               Everything else: 0
"
"24-06-2026 16:05:09","142","Information","Microsoft-Windows-Ntfs","Summary of disk space usage, since last event:

           Available space was between 110.27 GB and 111 GB
           Change in available space: 748.56 MB
           
           Available clusters were between: 28904321 and 29095952
           Reserved clusters were between: 767150 and 775742
           Txf abort reserved clusters were between: 1024 and 1024
           
           Elapsed seconds: 3603
           
           Pagefile size: 17.27 GB
           Volume size: 235.88 GB
           Bytes per cluster: 4096
           
           Volume guid: {c5c572ba-c5d0-47f6-864e-13eb05e6d46c}
           Volume name: C:
           Is boot volume: true
           
           Cached runs miss counts:
               For MFT: 0
               For MFT zone: 0
               Everything else: 0
"
"24-06-2026 15:05:05","142","Information","Microsoft-Windows-Ntfs","Summary of disk space usage, since last event:

           Available space was between 110.18 GB and 110.71 GB
           Change in available space: 536.45 MB
           
           Available clusters were between: 28882196 and 29019526
           Reserved clusters were between: 767070 and 767438
           Txf abort reserved clusters were between: 1024 and 1024
           
           Elapsed seconds: 4997
           
           Pagefile size: 17.27 GB
           Volume size: 235.88 GB
           Bytes per cluster: 4096
           
           Volume guid: {c5c572ba-c5d0-47f6-864e-13eb05e6d46c}
           Volume name: C:
           Is boot volume: true
           
           Cached runs miss counts:
               For MFT: 0
               For MFT zone: 0
               Everything else: 0
"
"24-06-2026 13:41:48","142","Information","Microsoft-Windows-Ntfs","Summary of disk space usage, since last event:

           Available space was between 109.21 GB and 111.21 GB
           Change in available space: 2 GB
           
           Available clusters were between: 28628172 and 29150620
           Reserved clusters were between: 767134 and 776590
           Txf abort reserved clusters were between: 1024 and 1024
           
           Elapsed seconds: 3603
           
           Pagefile size: 17.27 GB
           Volume size: 235.88 GB
           Bytes per cluster: 4096
           
           Volume guid: {c5c572ba-c5d0-47f6-864e-13eb05e6d46c}
           Volume name: C:
           Is boot volume: true
           
           Cached runs miss counts:
               For MFT: 0
               For MFT zone: 0
               Everything else: 0
"
"24-06-2026 12:41:45","142","Information","Microsoft-Windows-Ntfs","Summary of disk space usage, since last event:

           Available space was between 110.58 GB and 111.53 GB
           Change in available space: 979.75 MB
           
           Available clusters were between: 28985691 and 29236505
           Reserved clusters were between: 767454 and 776030
           Txf abort reserved clusters were between: 1024 and 1024
           
           Elapsed seconds: 3602
           
           Pagefile size: 17.27 GB
           Volume size: 235.88 GB
           Bytes per cluster: 4096
           
           Volume guid: {c5c572ba-c5d0-47f6-864e-13eb05e6d46c}
           Volume name: C:
           Is boot volume: true
           
           Cached runs miss counts:
               For MFT: 0
               For MFT zone: 0
               Everything else: 0
"
"24-06-2026 11:41:42","142","Information","Microsoft-Windows-Ntfs","Summary of disk space usage, since last event:

           Available space was between 102.63 GB and 111.92 GB
           Change in available space: 9.30 GB
           
           Available clusters were between: 26902147 and 29338222
           Reserved clusters were between: 767566 and 776078
           Txf abort reserved clusters were between: 1024 and 1024
           
           Elapsed seconds: 3603
           
           Pagefile size: 17.27 GB
           Volume size: 235.88 GB
           Bytes per cluster: 4096
           
           Volume guid: {c5c572ba-c5d0-47f6-864e-13eb05e6d46c}
           Volume name: C:
           Is boot volume: true
           
           Cached runs miss counts:
               For MFT: 0
               For MFT zone: 0
               Everything else: 0
"
"24-06-2026 10:41:39","142","Information","Microsoft-Windows-Ntfs","Summary of disk space usage, since last event:

           Available space was between 102.65 GB and 112 GB
           Change in available space: 9.35 GB
           
           Available clusters were between: 26908008 and 29358963
           Reserved clusters were between: 767486 and 767726
           Txf abort reserved clusters were between: 1024 and 1024
           
           Elapsed seconds: 41357
           
           Pagefile size: 17.27 GB
           Volume size: 235.88 GB
           Bytes per cluster: 4096
           
           Volume guid: {c5c572ba-c5d0-47f6-864e-13eb05e6d46c}
           Volume name: C:
           Is boot volume: true
           
           Cached runs miss counts:
               For MFT: 0
               For MFT zone: 0
               Everything else: 0
"
"23-06-2026 16:14:41","142","Information","Microsoft-Windows-Ntfs","Summary of disk space usage, since last event:

           Available space was between 111.94 GB and 112.05 GB
           Change in available space: 106.84 MB
           
           Available clusters were between: 29344155 and 29371504
           Reserved clusters were between: 767294 and 775854
           Txf abort reserved clusters were between: 1024 and 1024
           
           Elapsed seconds: 4576
           
           Pagefile size: 17.27 GB
           Volume size: 235.88 GB
           Bytes per cluster: 4096
           
           Volume guid: {c5c572ba-c5d0-47f6-864e-13eb05e6d46c}
           Volume name: C:
           Is boot volume: true
           
           Cached runs miss counts:
               For MFT: 0
               For MFT zone: 0
               Everything else: 0
"
"23-06-2026 14:58:24","142","Information","Microsoft-Windows-Ntfs","Summary of disk space usage, since last event:

           Available space was between 111.73 GB and 112.16 GB
           Change in available space: 431.78 MB
           
           Available clusters were between: 29288916 and 29399451
           Reserved clusters were between: 767182 and 775630
           Txf abort reserved clusters were between: 1024 and 1024
           
           Elapsed seconds: 3604
           
           Pagefile size: 17.27 GB
           Volume size: 235.88 GB
           Bytes per cluster: 4096
           
           Volume guid: {c5c572ba-c5d0-47f6-864e-13eb05e6d46c}
           Volume name: C:
           Is boot volume: true
           
           Cached runs miss counts:
               For MFT: 0
               For MFT zone: 0
               Everything else: 0
"
"23-06-2026 13:58:20","142","Information","Microsoft-Windows-Ntfs","Summary of disk space usage, since last event:

           Available space was between 111.81 GB and 112.87 GB
           Change in available space: 1.07 GB
           
           Available clusters were between: 29308478 and 29587044
           Reserved clusters were between: 767390 and 767822
           Txf abort reserved clusters were between: 1024 and 1024
           
           Elapsed seconds: 3601
           
           Pagefile size: 17.27 GB
           Volume size: 235.88 GB
           Bytes per cluster: 4096
           
           Volume guid: {c5c572ba-c5d0-47f6-864e-13eb05e6d46c}
           Volume name: C:
           Is boot volume: true
           
           Cached runs miss counts:
               For MFT: 0
               For MFT zone: 0
               Everything else: 0
"
"23-06-2026 12:58:19","142","Information","Microsoft-Windows-Ntfs","Summary of disk space usage, since last event:

           Available space was between 112.68 GB and 113.29 GB
           Change in available space: 621.88 MB
           
           Available clusters were between: 29538072 and 29697273
           Reserved clusters were between: 767518 and 776430
           Txf abort reserved clusters were between: 1024 and 1024
           
           Elapsed seconds: 3603
           
           Pagefile size: 17.27 GB
           Volume size: 235.88 GB
           Bytes per cluster: 4096
           
           Volume guid: {c5c572ba-c5d0-47f6-864e-13eb05e6d46c}
           Volume name: C:
           Is boot volume: true
           
           Cached runs miss counts:
               For MFT: 0
               For MFT zone: 0
               Everything else: 0
"
"23-06-2026 11:58:15","142","Information","Microsoft-Windows-Ntfs","Summary of disk space usage, since last event:

           Available space was between 108.98 GB and 113.29 GB
           Change in available space: 4.32 GB
           
           Available clusters were between: 28567704 and 29697607
           Reserved clusters were between: 767326 and 776110
           Txf abort reserved clusters were between: 1024 and 1024
           
           Elapsed seconds: 3602
           
           Pagefile size: 17.27 GB
           Volume size: 235.88 GB
           Bytes per cluster: 4096
           
           Volume guid: {c5c572ba-c5d0-47f6-864e-13eb05e6d46c}
           Volume name: C:
           Is boot volume: true
           
           Cached runs miss counts:
               For MFT: 0
               For MFT zone: 0
               Everything else: 0
"
"23-06-2026 10:58:13","142","Information","Microsoft-Windows-Ntfs","Summary of disk space usage, since last event:

           Available space was between 112.68 GB and 113.16 GB
           Change in available space: 488.60 MB
           
           Available clusters were between: 29537750 and 29662831
           Reserved clusters were between: 767182 and 775726
           Txf abort reserved clusters were between: 1024 and 1024
           
           Elapsed seconds: 3600
           
           Pagefile size: 17.27 GB
           Volume size: 235.88 GB
           Bytes per cluster: 4096
           
           Volume guid: {c5c572ba-c5d0-47f6-864e-13eb05e6d46c}
           Volume name: C:
           Is boot volume: true
           
           Cached runs miss counts:
               For MFT: 0
               For MFT zone: 0
               Everything else: 0
"
"23-06-2026 09:58:12","142","Information","Microsoft-Windows-Ntfs","Summary of disk space usage, since last event:

           Available space was between 110.22 GB and 114.05 GB
           Change in available space: 3.83 GB
           
           Available clusters were between: 28892198 and 29895722
           Reserved clusters were between: 749250 and 779006
           Txf abort reserved clusters were between: 1024 and 1025
           
           Elapsed seconds: 3603
           
           Pagefile size: 17.27 GB
           Volume size: 235.88 GB
           Bytes per cluster: 4096
           
           Volume guid: {c5c572ba-c5d0-47f6-864e-13eb05e6d46c}
           Volume name: C:
           Is boot volume: true
           
           Cached runs miss counts:
               For MFT: 0
               For MFT zone: 0
               Everything else: 0
"
