"TimeCreated","Id","LevelDisplayName","ProviderName","Message"
"18-08-2026 19:01:17","1","Information","Microsoft-Windows-PCI","[PDO] (0x0000.0x1f.0x06): Finish state transition to UNINITIALIZED"
"18-08-2026 19:01:17","1","Information","Microsoft-Windows-PCI","[PDO] (0x0000.0x1f.0x06): Begin state transition from STARTED to UNINITIALIZED"
"18-08-2026 19:01:17","1","Information","Microsoft-Windows-PCI","[PDO] (0x0000.0x1f.0x06): Finish state transition to STARTED"
"18-08-2026 19:01:17","1","Information","Microsoft-Windows-PCI","[PDO] (0x0000.0x1f.0x06): Begin state transition from UNINITIALIZED to STARTED"
"18-08-2026 19:01:12","1","Information","Microsoft-Windows-PCI","[PDO] (0x0000.0x1f.0x06): Finish state transition to REMOVED"
"18-08-2026 19:01:12","1","Information","Microsoft-Windows-PCI","[PDO] (0x0000.0x1f.0x06): Begin state transition from SURPRISE_REMOVED to REMOVED"
"18-08-2026 19:01:12","1","Information","Microsoft-Windows-PCI","[PDO] (0x0000.0x1f.0x06): Finish state transition to SURPRISE_REMOVED"
"18-08-2026 19:01:12","1","Information","Microsoft-Windows-PCI","[PDO] (0x0000.0x1f.0x06): Begin state transition from STARTED to SURPRISE_REMOVED"
"18-08-2026 14:30:53","1","Information","Microsoft-Windows-PCI","[PDO] (0x0000.0x04.0x00): Finish state transition to STARTED"
"18-08-2026 14:30:53","1","Information","Microsoft-Windows-PCI","[PDO] (0x0000.0x04.0x00): Begin state transition from UNINITIALIZED to STARTED"
"18-08-2026 14:30:47","1","Information","Microsoft-Windows-PCI","[FDO] (0x0000.0x07.0x03) (Bus 0x002b): Finish state transition to STARTED"
"18-08-2026 14:30:47","1","Information","Microsoft-Windows-PCI","[FDO] (0x0000.0x07.0x03) (Bus 0x002b): Begin state transition from UNINITIALIZED to STARTED"
"18-08-2026 14:30:47","1","Information","Microsoft-Windows-PCI","[PDO] (0x0000.0x07.0x03): Finish state transition to STARTED"
"18-08-2026 14:30:47","1","Information","Microsoft-Windows-PCI","[PDO] (0x0000.0x07.0x03): Begin state transition from UNINITIALIZED to STARTED"
"18-08-2026 14:30:47","1","Information","Microsoft-Windows-PCI","[FDO] (0x0000.0x07.0x00) (Bus 0x0001): Finish state transition to STARTED"
"18-08-2026 14:30:47","1","Information","Microsoft-Windows-PCI","[FDO] (0x0000.0x07.0x00) (Bus 0x0001): Begin state transition from UNINITIALIZED to STARTED"
"18-08-2026 14:30:47","1","Information","Microsoft-Windows-PCI","[PDO] (0x0000.0x07.0x00): Finish state transition to STARTED"
"18-08-2026 14:30:47","1","Information","Microsoft-Windows-PCI","[PDO] (0x0000.0x07.0x00): Begin state transition from UNINITIALIZED to STARTED"
"18-08-2026 14:30:46","1","Information","Microsoft-Windows-PCI","[PDO] (0x0000.0x14.0x03): Finish state transition to STARTED"
"18-08-2026 14:30:46","1","Information","Microsoft-Windows-PCI","[PDO] (0x0000.0x1f.0x03): Finish state transition to STARTED"
"18-08-2026 14:30:46","1","Information","Microsoft-Windows-PCI","[PDO] (0x0000.0x15.0x03): Finish state transition to STARTED"
"18-08-2026 14:30:46","1","Information","Microsoft-Windows-PCI","[PDO] (0x0000.0x1e.0x00): Finish state transition to STARTED"
"18-08-2026 14:30:46","1","Information","Microsoft-Windows-PCI","[PDO] (0x0000.0x12.0x00): Finish state transition to STARTED"
"18-08-2026 14:30:46","1","Information","Microsoft-Windows-PCI","[PDO] (0x0000.0x15.0x00): Finish state transition to STARTED"
"18-08-2026 14:30:46","1","Information","Microsoft-Windows-PCI","[PDO] (0x0000.0x1f.0x03): Begin state transition from UNINITIALIZED to STARTED"
"18-08-2026 14:30:46","1","Information","Microsoft-Windows-PCI","[PDO] (0x0000.0x1e.0x00): Begin state transition from UNINITIALIZED to STARTED"
"18-08-2026 14:30:46","1","Information","Microsoft-Windows-PCI","[PDO] (0x0000.0x15.0x00): Begin state transition from UNINITIALIZED to STARTED"
"18-08-2026 14:30:46","1","Information","Microsoft-Windows-PCI","[PDO] (0x0000.0x15.0x03): Begin state transition from UNINITIALIZED to STARTED"
"18-08-2026 14:30:46","1","Information","Microsoft-Windows-PCI","[PDO] (0x0000.0x14.0x03): Begin state transition from UNINITIALIZED to STARTED"
"18-08-2026 14:30:46","1","Information","Microsoft-Windows-PCI","[PDO] (0x0000.0x12.0x00): Begin state transition from UNINITIALIZED to STARTED"
"18-08-2026 14:30:46","1","Information","Microsoft-Windows-PCI","[PDO] (0x0000.0x0b.0x00): Finish state transition to STARTED"
"18-08-2026 14:30:46","1","Information","Microsoft-Windows-PCI","[PDO] (0x0000.0x08.0x00): Finish state transition to STARTED"
"18-08-2026 14:30:46","1","Information","Microsoft-Windows-PCI","[PDO] (0x0000.0x0b.0x00): Begin state transition from UNINITIALIZED to STARTED"
"18-08-2026 14:30:46","1","Information","Microsoft-Windows-PCI","[PDO] (0x0000.0x08.0x00): Begin state transition from UNINITIALIZED to STARTED"
"18-08-2026 14:30:45","1","Information","Microsoft-Windows-PCI","[PDO] (0x0000.0x0d.0x03): Finish state transition to STARTED"
"18-08-2026 14:30:45","1","Information","Microsoft-Windows-PCI","[PDO] (0x0000.0x14.0x00): Finish state transition to STARTED"
"18-08-2026 14:30:45","1","Information","Microsoft-Windows-PCI","[PDO] (0x0000.0x1f.0x06): Finish state transition to STARTED"
"18-08-2026 14:30:45","1","Information","Microsoft-Windows-PCI","[PDO] (0x0000.0x16.0x00): Finish state transition to STARTED"
"18-08-2026 14:30:45","1","Information","Microsoft-Windows-PCI","[PDO] (0x0000.0x0d.0x00): Finish state transition to STARTED"
"18-08-2026 14:30:45","1","Information","Microsoft-Windows-PCI","[PDO] (0x0000.0x1f.0x06): Begin state transition from UNINITIALIZED to STARTED"
"18-08-2026 14:30:45","1","Information","Microsoft-Windows-PCI","[PDO] (0x0000.0x0d.0x03): Begin state transition from UNINITIALIZED to STARTED"
"18-08-2026 14:30:45","1","Information","Microsoft-Windows-PCI","[PDO] (0x0000.0x0d.0x00): Begin state transition from UNINITIALIZED to STARTED"
"18-08-2026 14:30:45","1","Information","Microsoft-Windows-PCI","[PDO] (0x0000.0x14.0x00): Begin state transition from UNINITIALIZED to STARTED"
"18-08-2026 14:30:45","1","Information","Microsoft-Windows-PCI","[PDO] (0x0000.0x16.0x00): Begin state transition from UNINITIALIZED to STARTED"
"18-08-2026 14:30:45","1","Information","Microsoft-Windows-PCI","[PDO] (0x0000.0x02.0x00): Finish state transition to STARTED"
"18-08-2026 14:30:45","1","Information","Microsoft-Windows-PCI","[PDO] (0x0000.0x02.0x00): Begin state transition from UNINITIALIZED to STARTED"
"18-08-2026 14:30:42","1","Information","Microsoft-Windows-PCI","[PDO] (0x0000.0x0a.0x00): Finish state transition to STARTED"
"18-08-2026 14:30:42","1","Information","Microsoft-Windows-PCI","[PDO] (0x0000.0x0a.0x00): Begin state transition from UNINITIALIZED to STARTED"
"18-08-2026 14:30:41","1","Information","Microsoft-Windows-PCI","[PDO] (0x0000.0x0e.0x00): Finish state transition to STARTED"
"18-08-2026 14:30:41","1","Information","Microsoft-Windows-PCI","[PDO] (0x0000.0x0e.0x00): Begin state transition from UNINITIALIZED to STARTED"
"18-08-2026 14:30:41","1","Information","Microsoft-Windows-PCI","[PDO] (0x0000.0x1f.0x00): Finish state transition to STARTED"
"18-08-2026 14:30:41","1","Information","Microsoft-Windows-PCI","[PDO] (0x0000.0x1f.0x00): Begin state transition from UNINITIALIZED to STARTED"
"18-08-2026 14:30:41","1","Information","Microsoft-Windows-PCI","[PDO] (0x0000.0x00.0x00): Finish state transition to STARTED"
"18-08-2026 14:30:41","1","Information","Microsoft-Windows-PCI","[PDO] (0x0000.0x00.0x00): Begin state transition from UNINITIALIZED to STARTED"
"18-08-2026 14:30:41","1","Information","Microsoft-Windows-PCI","[ROOT] (Bus 0x0000): Finish state transition to STARTED"
"18-08-2026 14:30:41","1","Information","Microsoft-Windows-PCI","[ROOT] (Bus 0x0000): Begin state transition from UNINITIALIZED to STARTED"
"18-08-2026 10:45:25","1","Information","Microsoft-Windows-PCI","[PDO] (0x0000.0x0b.0x00): Finish state transition to STARTED"
"18-08-2026 10:45:25","1","Information","Microsoft-Windows-PCI","[PDO] (0x0000.0x0b.0x00): Begin state transition from UNINITIALIZED to STARTED"
"18-08-2026 10:45:25","1","Information","Microsoft-Windows-PCI","[PDO] (0x0000.0x0b.0x00): Finish state transition to UNINITIALIZED"
"18-08-2026 10:45:25","1","Information","Microsoft-Windows-PCI","[PDO] (0x0000.0x0b.0x00): Begin state transition from STARTED to UNINITIALIZED"
"18-08-2026 10:44:21","1","Information","Microsoft-Windows-PCI","[PDO] (0x0000.0x1f.0x06): Finish state transition to STARTED"
"18-08-2026 10:44:21","1","Information","Microsoft-Windows-PCI","[PDO] (0x0000.0x1f.0x06): Begin state transition from UNINITIALIZED to STARTED"
"18-08-2026 10:44:21","1","Information","Microsoft-Windows-PCI","[PDO] (0x0000.0x1f.0x06): Finish state transition to UNINITIALIZED"
"18-08-2026 10:44:20","1","Information","Microsoft-Windows-PCI","[PDO] (0x0000.0x1f.0x06): Begin state transition from STARTED to UNINITIALIZED"
"18-08-2026 10:43:03","1","Information","Microsoft-Windows-PCI","[PDO] (0x0000.0x16.0x00): Finish state transition to STARTED"
"18-08-2026 10:43:03","1","Information","Microsoft-Windows-PCI","[PDO] (0x0000.0x16.0x00): Begin state transition from UNINITIALIZED to STARTED"
"18-08-2026 10:43:03","1","Information","Microsoft-Windows-PCI","[PDO] (0x0000.0x16.0x00): Finish state transition to UNINITIALIZED"
"18-08-2026 10:43:03","1","Information","Microsoft-Windows-PCI","[PDO] (0x0000.0x16.0x00): Begin state transition from STARTED to UNINITIALIZED"
"18-08-2026 10:28:56","1","Information","Microsoft-Windows-PCI","[PDO] (0x0000.0x04.0x00): Finish state transition to STARTED"
"18-08-2026 10:28:56","1","Information","Microsoft-Windows-PCI","[PDO] (0x0000.0x04.0x00): Begin state transition from UNINITIALIZED to STARTED"
"18-08-2026 10:28:49","1","Information","Microsoft-Windows-PCI","[FDO] (0x0000.0x07.0x03) (Bus 0x002b): Finish state transition to STARTED"
"18-08-2026 10:28:49","1","Information","Microsoft-Windows-PCI","[FDO] (0x0000.0x07.0x03) (Bus 0x002b): Begin state transition from UNINITIALIZED to STARTED"
"18-08-2026 10:28:49","1","Information","Microsoft-Windows-PCI","[PDO] (0x0000.0x07.0x03): Finish state transition to STARTED"
"18-08-2026 10:28:49","1","Information","Microsoft-Windows-PCI","[PDO] (0x0000.0x07.0x03): Begin state transition from UNINITIALIZED to STARTED"
"18-08-2026 10:28:49","1","Information","Microsoft-Windows-PCI","[FDO] (0x0000.0x07.0x00) (Bus 0x0001): Finish state transition to STARTED"
"18-08-2026 10:28:49","1","Information","Microsoft-Windows-PCI","[FDO] (0x0000.0x07.0x00) (Bus 0x0001): Begin state transition from UNINITIALIZED to STARTED"
"18-08-2026 10:28:49","1","Information","Microsoft-Windows-PCI","[PDO] (0x0000.0x07.0x00): Finish state transition to STARTED"
"18-08-2026 10:28:49","1","Information","Microsoft-Windows-PCI","[PDO] (0x0000.0x07.0x00): Begin state transition from UNINITIALIZED to STARTED"
"18-08-2026 10:28:48","1","Information","Microsoft-Windows-PCI","[PDO] (0x0000.0x14.0x03): Finish state transition to STARTED"
"18-08-2026 10:28:48","1","Information","Microsoft-Windows-PCI","[PDO] (0x0000.0x12.0x00): Finish state transition to STARTED"
"18-08-2026 10:28:48","1","Information","Microsoft-Windows-PCI","[PDO] (0x0000.0x1f.0x03): Finish state transition to STARTED"
"18-08-2026 10:28:48","1","Information","Microsoft-Windows-PCI","[PDO] (0x0000.0x15.0x03): Finish state transition to STARTED"
"18-08-2026 10:28:48","1","Information","Microsoft-Windows-PCI","[PDO] (0x0000.0x1e.0x00): Finish state transition to STARTED"
"18-08-2026 10:28:48","1","Information","Microsoft-Windows-PCI","[PDO] (0x0000.0x15.0x00): Finish state transition to STARTED"
"18-08-2026 10:28:48","1","Information","Microsoft-Windows-PCI","[PDO] (0x0000.0x1e.0x00): Begin state transition from UNINITIALIZED to STARTED"
"18-08-2026 10:28:48","1","Information","Microsoft-Windows-PCI","[PDO] (0x0000.0x1f.0x03): Begin state transition from UNINITIALIZED to STARTED"
"18-08-2026 10:28:48","1","Information","Microsoft-Windows-PCI","[PDO] (0x0000.0x15.0x00): Begin state transition from UNINITIALIZED to STARTED"
"18-08-2026 10:28:48","1","Information","Microsoft-Windows-PCI","[PDO] (0x0000.0x15.0x03): Begin state transition from UNINITIALIZED to STARTED"
"18-08-2026 10:28:48","1","Information","Microsoft-Windows-PCI","[PDO] (0x0000.0x14.0x03): Begin state transition from UNINITIALIZED to STARTED"
"18-08-2026 10:28:48","1","Information","Microsoft-Windows-PCI","[PDO] (0x0000.0x12.0x00): Begin state transition from UNINITIALIZED to STARTED"
"18-08-2026 10:28:47","1","Information","Microsoft-Windows-PCI","[PDO] (0x0000.0x0b.0x00): Finish state transition to STARTED"
"18-08-2026 10:28:47","1","Information","Microsoft-Windows-PCI","[PDO] (0x0000.0x08.0x00): Finish state transition to STARTED"
"18-08-2026 10:28:47","1","Information","Microsoft-Windows-PCI","[PDO] (0x0000.0x0b.0x00): Begin state transition from UNINITIALIZED to STARTED"
"18-08-2026 10:28:47","1","Information","Microsoft-Windows-PCI","[PDO] (0x0000.0x08.0x00): Begin state transition from UNINITIALIZED to STARTED"
"18-08-2026 10:28:47","1","Information","Microsoft-Windows-PCI","[PDO] (0x0000.0x0d.0x03): Finish state transition to STARTED"
"18-08-2026 10:28:47","1","Information","Microsoft-Windows-PCI","[PDO] (0x0000.0x0d.0x00): Finish state transition to STARTED"
"18-08-2026 10:28:47","1","Information","Microsoft-Windows-PCI","[PDO] (0x0000.0x14.0x00): Finish state transition to STARTED"
"18-08-2026 10:28:47","1","Information","Microsoft-Windows-PCI","[PDO] (0x0000.0x16.0x00): Finish state transition to STARTED"
"18-08-2026 10:28:47","1","Information","Microsoft-Windows-PCI","[PDO] (0x0000.0x1f.0x06): Finish state transition to STARTED"
"18-08-2026 10:28:47","1","Information","Microsoft-Windows-PCI","[PDO] (0x0000.0x1f.0x06): Begin state transition from UNINITIALIZED to STARTED"
"18-08-2026 10:28:47","1","Information","Microsoft-Windows-PCI","[PDO] (0x0000.0x0d.0x03): Begin state transition from UNINITIALIZED to STARTED"
"18-08-2026 10:28:47","1","Information","Microsoft-Windows-PCI","[PDO] (0x0000.0x0d.0x00): Begin state transition from UNINITIALIZED to STARTED"
"18-08-2026 10:28:47","1","Information","Microsoft-Windows-PCI","[PDO] (0x0000.0x14.0x00): Begin state transition from UNINITIALIZED to STARTED"
"18-08-2026 10:28:47","1","Information","Microsoft-Windows-PCI","[PDO] (0x0000.0x16.0x00): Begin state transition from UNINITIALIZED to STARTED"
"18-08-2026 10:28:47","1","Information","Microsoft-Windows-PCI","[PDO] (0x0000.0x02.0x00): Finish state transition to STARTED"
"18-08-2026 10:28:47","1","Information","Microsoft-Windows-PCI","[PDO] (0x0000.0x02.0x00): Begin state transition from UNINITIALIZED to STARTED"
"18-08-2026 10:28:45","1","Information","Microsoft-Windows-PCI","[PDO] (0x0000.0x0a.0x00): Finish state transition to STARTED"
"18-08-2026 10:28:45","1","Information","Microsoft-Windows-PCI","[PDO] (0x0000.0x0a.0x00): Begin state transition from UNINITIALIZED to STARTED"
"18-08-2026 10:28:44","1","Information","Microsoft-Windows-PCI","[PDO] (0x0000.0x0e.0x00): Finish state transition to STARTED"
"18-08-2026 10:28:44","1","Information","Microsoft-Windows-PCI","[PDO] (0x0000.0x0e.0x00): Begin state transition from UNINITIALIZED to STARTED"
"18-08-2026 10:28:44","1","Information","Microsoft-Windows-PCI","[PDO] (0x0000.0x1f.0x00): Finish state transition to STARTED"
"18-08-2026 10:28:44","1","Information","Microsoft-Windows-PCI","[PDO] (0x0000.0x00.0x00): Finish state transition to STARTED"
"18-08-2026 10:28:44","1","Information","Microsoft-Windows-PCI","[PDO] (0x0000.0x1f.0x00): Begin state transition from UNINITIALIZED to STARTED"
"18-08-2026 10:28:44","1","Information","Microsoft-Windows-PCI","[PDO] (0x0000.0x00.0x00): Begin state transition from UNINITIALIZED to STARTED"
"18-08-2026 10:28:44","1","Information","Microsoft-Windows-PCI","[ROOT] (Bus 0x0000): Finish state transition to STARTED"
"18-08-2026 10:28:44","1","Information","Microsoft-Windows-PCI","[ROOT] (Bus 0x0000): Begin state transition from UNINITIALIZED to STARTED"
"13-08-2026 09:13:51","1","Information","Microsoft-Windows-PCI","[PDO] (0x0000.0x14.0x03): Finish state transition to STARTED"
"13-08-2026 09:13:51","1","Information","Microsoft-Windows-PCI","[PDO] (0x0000.0x14.0x03): Begin state transition from UNINITIALIZED to STARTED"
"13-08-2026 09:13:50","1","Information","Microsoft-Windows-PCI","[PDO] (0x0000.0x14.0x03): Finish state transition to UNINITIALIZED"
"13-08-2026 09:13:49","1","Information","Microsoft-Windows-PCI","[PDO] (0x0000.0x14.0x03): Begin state transition from STARTED to UNINITIALIZED"
"11-08-2026 12:02:31","1","Information","Microsoft-Windows-PCI","[PDO] (0x0000.0x04.0x00): Finish state transition to STARTED"
"11-08-2026 12:02:31","1","Information","Microsoft-Windows-PCI","[PDO] (0x0000.0x04.0x00): Begin state transition from UNINITIALIZED to STARTED"
"11-08-2026 12:02:26","1","Information","Microsoft-Windows-PCI","[FDO] (0x0000.0x07.0x03) (Bus 0x002b): Finish state transition to STARTED"
"11-08-2026 12:02:26","1","Information","Microsoft-Windows-PCI","[FDO] (0x0000.0x07.0x03) (Bus 0x002b): Begin state transition from UNINITIALIZED to STARTED"
"11-08-2026 12:02:26","1","Information","Microsoft-Windows-PCI","[PDO] (0x0000.0x07.0x03): Finish state transition to STARTED"
"11-08-2026 12:02:26","1","Information","Microsoft-Windows-PCI","[PDO] (0x0000.0x07.0x03): Begin state transition from UNINITIALIZED to STARTED"
"11-08-2026 12:02:26","1","Information","Microsoft-Windows-PCI","[FDO] (0x0000.0x07.0x00) (Bus 0x0001): Finish state transition to STARTED"
"11-08-2026 12:02:26","1","Information","Microsoft-Windows-PCI","[FDO] (0x0000.0x07.0x00) (Bus 0x0001): Begin state transition from UNINITIALIZED to STARTED"
"11-08-2026 12:02:26","1","Information","Microsoft-Windows-PCI","[PDO] (0x0000.0x07.0x00): Finish state transition to STARTED"
"11-08-2026 12:02:26","1","Information","Microsoft-Windows-PCI","[PDO] (0x0000.0x07.0x00): Begin state transition from UNINITIALIZED to STARTED"
"11-08-2026 12:02:26","1","Information","Microsoft-Windows-PCI","[PDO] (0x0000.0x14.0x03): Finish state transition to STARTED"
"11-08-2026 12:02:26","1","Information","Microsoft-Windows-PCI","[PDO] (0x0000.0x15.0x00): Finish state transition to STARTED"
"11-08-2026 12:02:26","1","Information","Microsoft-Windows-PCI","[PDO] (0x0000.0x12.0x00): Finish state transition to STARTED"
"11-08-2026 12:02:26","1","Information","Microsoft-Windows-PCI","[PDO] (0x0000.0x15.0x03): Finish state transition to STARTED"
"11-08-2026 12:02:26","1","Information","Microsoft-Windows-PCI","[PDO] (0x0000.0x1e.0x00): Finish state transition to STARTED"
"11-08-2026 12:02:26","1","Information","Microsoft-Windows-PCI","[PDO] (0x0000.0x1f.0x03): Finish state transition to STARTED"
"11-08-2026 12:02:26","1","Information","Microsoft-Windows-PCI","[PDO] (0x0000.0x1f.0x03): Begin state transition from UNINITIALIZED to STARTED"
"11-08-2026 12:02:26","1","Information","Microsoft-Windows-PCI","[PDO] (0x0000.0x1e.0x00): Begin state transition from UNINITIALIZED to STARTED"
"11-08-2026 12:02:26","1","Information","Microsoft-Windows-PCI","[PDO] (0x0000.0x15.0x03): Begin state transition from UNINITIALIZED to STARTED"
"11-08-2026 12:02:26","1","Information","Microsoft-Windows-PCI","[PDO] (0x0000.0x14.0x03): Begin state transition from UNINITIALIZED to STARTED"
"11-08-2026 12:02:26","1","Information","Microsoft-Windows-PCI","[PDO] (0x0000.0x15.0x00): Begin state transition from UNINITIALIZED to STARTED"
"11-08-2026 12:02:26","1","Information","Microsoft-Windows-PCI","[PDO] (0x0000.0x12.0x00): Begin state transition from UNINITIALIZED to STARTED"
"11-08-2026 12:02:25","1","Information","Microsoft-Windows-PCI","[PDO] (0x0000.0x0b.0x00): Finish state transition to STARTED"
"11-08-2026 12:02:25","1","Information","Microsoft-Windows-PCI","[PDO] (0x0000.0x08.0x00): Finish state transition to STARTED"
"11-08-2026 12:02:25","1","Information","Microsoft-Windows-PCI","[PDO] (0x0000.0x0b.0x00): Begin state transition from UNINITIALIZED to STARTED"
"11-08-2026 12:02:25","1","Information","Microsoft-Windows-PCI","[PDO] (0x0000.0x08.0x00): Begin state transition from UNINITIALIZED to STARTED"
"11-08-2026 12:02:25","1","Information","Microsoft-Windows-PCI","[PDO] (0x0000.0x0d.0x03): Finish state transition to STARTED"
"11-08-2026 12:02:25","1","Information","Microsoft-Windows-PCI","[PDO] (0x0000.0x14.0x00): Finish state transition to STARTED"
"11-08-2026 12:02:25","1","Information","Microsoft-Windows-PCI","[PDO] (0x0000.0x0d.0x00): Finish state transition to STARTED"
"11-08-2026 12:02:25","1","Information","Microsoft-Windows-PCI","[PDO] (0x0000.0x16.0x00): Finish state transition to STARTED"
"11-08-2026 12:02:25","1","Information","Microsoft-Windows-PCI","[PDO] (0x0000.0x1f.0x06): Finish state transition to STARTED"
"11-08-2026 12:02:24","1","Information","Microsoft-Windows-PCI","[PDO] (0x0000.0x1f.0x06): Begin state transition from UNINITIALIZED to STARTED"
"11-08-2026 12:02:24","1","Information","Microsoft-Windows-PCI","[PDO] (0x0000.0x0d.0x03): Begin state transition from UNINITIALIZED to STARTED"
"11-08-2026 12:02:24","1","Information","Microsoft-Windows-PCI","[PDO] (0x0000.0x0d.0x00): Begin state transition from UNINITIALIZED to STARTED"
"11-08-2026 12:02:24","1","Information","Microsoft-Windows-PCI","[PDO] (0x0000.0x14.0x00): Begin state transition from UNINITIALIZED to STARTED"
"11-08-2026 12:02:24","1","Information","Microsoft-Windows-PCI","[PDO] (0x0000.0x16.0x00): Begin state transition from UNINITIALIZED to STARTED"
"11-08-2026 12:02:24","1","Information","Microsoft-Windows-PCI","[PDO] (0x0000.0x02.0x00): Finish state transition to STARTED"
"11-08-2026 12:02:24","1","Information","Microsoft-Windows-PCI","[PDO] (0x0000.0x02.0x00): Begin state transition from UNINITIALIZED to STARTED"
"11-08-2026 12:02:21","1","Information","Microsoft-Windows-PCI","[PDO] (0x0000.0x0a.0x00): Finish state transition to STARTED"
"11-08-2026 12:02:21","1","Information","Microsoft-Windows-PCI","[PDO] (0x0000.0x0a.0x00): Begin state transition from UNINITIALIZED to STARTED"
"11-08-2026 12:02:20","1","Information","Microsoft-Windows-PCI","[PDO] (0x0000.0x0e.0x00): Finish state transition to STARTED"
"11-08-2026 12:02:20","1","Information","Microsoft-Windows-PCI","[PDO] (0x0000.0x0e.0x00): Begin state transition from UNINITIALIZED to STARTED"
"11-08-2026 12:02:20","1","Information","Microsoft-Windows-PCI","[PDO] (0x0000.0x1f.0x00): Finish state transition to STARTED"
"11-08-2026 12:02:20","1","Information","Microsoft-Windows-PCI","[PDO] (0x0000.0x00.0x00): Finish state transition to STARTED"
"11-08-2026 12:02:20","1","Information","Microsoft-Windows-PCI","[PDO] (0x0000.0x1f.0x00): Begin state transition from UNINITIALIZED to STARTED"
"11-08-2026 12:02:20","1","Information","Microsoft-Windows-PCI","[PDO] (0x0000.0x00.0x00): Begin state transition from UNINITIALIZED to STARTED"
"11-08-2026 12:02:20","1","Information","Microsoft-Windows-PCI","[ROOT] (Bus 0x0000): Finish state transition to STARTED"
"11-08-2026 12:02:20","1","Information","Microsoft-Windows-PCI","[ROOT] (Bus 0x0000): Begin state transition from UNINITIALIZED to STARTED"
"10-08-2026 09:36:03","1","Information","Microsoft-Windows-PCI","[PDO] (0x0000.0x04.0x00): Finish state transition to STARTED"
"10-08-2026 09:36:03","1","Information","Microsoft-Windows-PCI","[PDO] (0x0000.0x04.0x00): Begin state transition from UNINITIALIZED to STARTED"
"10-08-2026 09:35:57","1","Information","Microsoft-Windows-PCI","[FDO] (0x0000.0x07.0x03) (Bus 0x002b): Finish state transition to STARTED"
"10-08-2026 09:35:57","1","Information","Microsoft-Windows-PCI","[FDO] (0x0000.0x07.0x03) (Bus 0x002b): Begin state transition from UNINITIALIZED to STARTED"
"10-08-2026 09:35:57","1","Information","Microsoft-Windows-PCI","[PDO] (0x0000.0x07.0x03): Finish state transition to STARTED"
"10-08-2026 09:35:57","1","Information","Microsoft-Windows-PCI","[PDO] (0x0000.0x07.0x03): Begin state transition from UNINITIALIZED to STARTED"
"10-08-2026 09:35:56","1","Information","Microsoft-Windows-PCI","[FDO] (0x0000.0x07.0x00) (Bus 0x0001): Finish state transition to STARTED"
"10-08-2026 09:35:56","1","Information","Microsoft-Windows-PCI","[FDO] (0x0000.0x07.0x00) (Bus 0x0001): Begin state transition from UNINITIALIZED to STARTED"
"10-08-2026 09:35:56","1","Information","Microsoft-Windows-PCI","[PDO] (0x0000.0x07.0x00): Finish state transition to STARTED"
"10-08-2026 09:35:56","1","Information","Microsoft-Windows-PCI","[PDO] (0x0000.0x07.0x00): Begin state transition from UNINITIALIZED to STARTED"
"10-08-2026 09:35:56","1","Information","Microsoft-Windows-PCI","[PDO] (0x0000.0x14.0x03): Finish state transition to STARTED"
"10-08-2026 09:35:56","1","Information","Microsoft-Windows-PCI","[PDO] (0x0000.0x15.0x00): Finish state transition to STARTED"
"10-08-2026 09:35:56","1","Information","Microsoft-Windows-PCI","[PDO] (0x0000.0x15.0x03): Finish state transition to STARTED"
"10-08-2026 09:35:56","1","Information","Microsoft-Windows-PCI","[PDO] (0x0000.0x12.0x00): Finish state transition to STARTED"
"10-08-2026 09:35:56","1","Information","Microsoft-Windows-PCI","[PDO] (0x0000.0x1f.0x03): Finish state transition to STARTED"
"10-08-2026 09:35:56","1","Information","Microsoft-Windows-PCI","[PDO] (0x0000.0x1e.0x00): Finish state transition to STARTED"
"10-08-2026 09:35:55","1","Information","Microsoft-Windows-PCI","[PDO] (0x0000.0x1f.0x03): Begin state transition from UNINITIALIZED to STARTED"
"10-08-2026 09:35:55","1","Information","Microsoft-Windows-PCI","[PDO] (0x0000.0x1e.0x00): Begin state transition from UNINITIALIZED to STARTED"
"10-08-2026 09:35:55","1","Information","Microsoft-Windows-PCI","[PDO] (0x0000.0x15.0x03): Begin state transition from UNINITIALIZED to STARTED"
"10-08-2026 09:35:55","1","Information","Microsoft-Windows-PCI","[PDO] (0x0000.0x14.0x03): Begin state transition from UNINITIALIZED to STARTED"
"10-08-2026 09:35:55","1","Information","Microsoft-Windows-PCI","[PDO] (0x0000.0x15.0x00): Begin state transition from UNINITIALIZED to STARTED"
"10-08-2026 09:35:55","1","Information","Microsoft-Windows-PCI","[PDO] (0x0000.0x12.0x00): Begin state transition from UNINITIALIZED to STARTED"
"10-08-2026 09:35:54","1","Information","Microsoft-Windows-PCI","[PDO] (0x0000.0x08.0x00): Finish state transition to STARTED"
"10-08-2026 09:35:54","1","Information","Microsoft-Windows-PCI","[PDO] (0x0000.0x0b.0x00): Finish state transition to STARTED"
"10-08-2026 09:35:54","1","Information","Microsoft-Windows-PCI","[PDO] (0x0000.0x0b.0x00): Begin state transition from UNINITIALIZED to STARTED"
"10-08-2026 09:35:54","1","Information","Microsoft-Windows-PCI","[PDO] (0x0000.0x08.0x00): Begin state transition from UNINITIALIZED to STARTED"
"10-08-2026 09:35:54","1","Information","Microsoft-Windows-PCI","[PDO] (0x0000.0x0d.0x03): Finish state transition to STARTED"
"10-08-2026 09:35:54","1","Information","Microsoft-Windows-PCI","[PDO] (0x0000.0x16.0x00): Finish state transition to STARTED"
"10-08-2026 09:35:54","1","Information","Microsoft-Windows-PCI","[PDO] (0x0000.0x1f.0x06): Finish state transition to STARTED"
"10-08-2026 09:35:54","1","Information","Microsoft-Windows-PCI","[PDO] (0x0000.0x0d.0x00): Finish state transition to STARTED"
"10-08-2026 09:35:54","1","Information","Microsoft-Windows-PCI","[PDO] (0x0000.0x14.0x00): Finish state transition to STARTED"
"10-08-2026 09:35:54","1","Information","Microsoft-Windows-PCI","[PDO] (0x0000.0x1f.0x06): Begin state transition from UNINITIALIZED to STARTED"
"10-08-2026 09:35:54","1","Information","Microsoft-Windows-PCI","[PDO] (0x0000.0x0d.0x03): Begin state transition from UNINITIALIZED to STARTED"
"10-08-2026 09:35:54","1","Information","Microsoft-Windows-PCI","[PDO] (0x0000.0x0d.0x00): Begin state transition from UNINITIALIZED to STARTED"
"10-08-2026 09:35:54","1","Information","Microsoft-Windows-PCI","[PDO] (0x0000.0x14.0x00): Begin state transition from UNINITIALIZED to STARTED"
"10-08-2026 09:35:54","1","Information","Microsoft-Windows-PCI","[PDO] (0x0000.0x16.0x00): Begin state transition from UNINITIALIZED to STARTED"
"10-08-2026 09:35:54","1","Information","Microsoft-Windows-PCI","[PDO] (0x0000.0x02.0x00): Finish state transition to STARTED"
"10-08-2026 09:35:54","1","Information","Microsoft-Windows-PCI","[PDO] (0x0000.0x02.0x00): Begin state transition from UNINITIALIZED to STARTED"
"10-08-2026 09:35:50","1","Information","Microsoft-Windows-PCI","[PDO] (0x0000.0x0a.0x00): Finish state transition to STARTED"
"10-08-2026 09:35:50","1","Information","Microsoft-Windows-PCI","[PDO] (0x0000.0x0a.0x00): Begin state transition from UNINITIALIZED to STARTED"
"10-08-2026 09:35:49","1","Information","Microsoft-Windows-PCI","[PDO] (0x0000.0x0e.0x00): Finish state transition to STARTED"
"10-08-2026 09:35:49","1","Information","Microsoft-Windows-PCI","[PDO] (0x0000.0x0e.0x00): Begin state transition from UNINITIALIZED to STARTED"
"10-08-2026 09:35:49","1","Information","Microsoft-Windows-PCI","[PDO] (0x0000.0x1f.0x00): Finish state transition to STARTED"
"10-08-2026 09:35:49","1","Information","Microsoft-Windows-PCI","[PDO] (0x0000.0x00.0x00): Finish state transition to STARTED"
"10-08-2026 09:35:49","1","Information","Microsoft-Windows-PCI","[PDO] (0x0000.0x1f.0x00): Begin state transition from UNINITIALIZED to STARTED"
"10-08-2026 09:35:49","1","Information","Microsoft-Windows-PCI","[PDO] (0x0000.0x00.0x00): Begin state transition from UNINITIALIZED to STARTED"
"10-08-2026 09:35:49","1","Information","Microsoft-Windows-PCI","[ROOT] (Bus 0x0000): Finish state transition to STARTED"
"10-08-2026 09:35:49","1","Information","Microsoft-Windows-PCI","[ROOT] (Bus 0x0000): Begin state transition from UNINITIALIZED to STARTED"
"07-08-2026 18:17:51","1","Information","Microsoft-Windows-PCI","[PDO] (0x0000.0x14.0x03): Finish state transition to STARTED"
"07-08-2026 18:17:51","1","Information","Microsoft-Windows-PCI","[PDO] (0x0000.0x14.0x03): Begin state transition from UNINITIALIZED to STARTED"
"07-08-2026 18:17:51","1","Information","Microsoft-Windows-PCI","[PDO] (0x0000.0x14.0x03): Finish state transition to UNINITIALIZED"
"07-08-2026 18:17:50","1","Information","Microsoft-Windows-PCI","[PDO] (0x0000.0x14.0x03): Begin state transition from STARTED to UNINITIALIZED"
"05-08-2026 11:37:31","1","Information","Microsoft-Windows-PCI","[PDO] (0x0000.0x0b.0x00): Finish state transition to STARTED"
"05-08-2026 11:37:31","1","Information","Microsoft-Windows-PCI","[PDO] (0x0000.0x0b.0x00): Begin state transition from UNINITIALIZED to STARTED"
"05-08-2026 11:37:31","1","Information","Microsoft-Windows-PCI","[PDO] (0x0000.0x0b.0x00): Finish state transition to UNINITIALIZED"
"05-08-2026 11:37:30","1","Information","Microsoft-Windows-PCI","[PDO] (0x0000.0x0b.0x00): Begin state transition from STARTED to UNINITIALIZED"
"03-08-2026 09:44:45","1","Information","Microsoft-Windows-PCI","[PDO] (0x0000.0x16.0x00): Finish state transition to STARTED"
"03-08-2026 09:44:45","1","Information","Microsoft-Windows-PCI","[PDO] (0x0000.0x16.0x00): Begin state transition from UNINITIALIZED to STARTED"
"03-08-2026 09:44:45","1","Information","Microsoft-Windows-PCI","[PDO] (0x0000.0x16.0x00): Finish state transition to UNINITIALIZED"
"03-08-2026 09:44:44","1","Information","Microsoft-Windows-PCI","[PDO] (0x0000.0x16.0x00): Begin state transition from STARTED to UNINITIALIZED"
"03-08-2026 09:26:04","1","Information","Microsoft-Windows-PCI","[PDO] (0x0000.0x04.0x00): Finish state transition to STARTED"
"03-08-2026 09:26:04","1","Information","Microsoft-Windows-PCI","[PDO] (0x0000.0x04.0x00): Begin state transition from UNINITIALIZED to STARTED"
"03-08-2026 09:25:58","1","Information","Microsoft-Windows-PCI","[FDO] (0x0000.0x07.0x03) (Bus 0x002b): Finish state transition to STARTED"
"03-08-2026 09:25:58","1","Information","Microsoft-Windows-PCI","[FDO] (0x0000.0x07.0x03) (Bus 0x002b): Begin state transition from UNINITIALIZED to STARTED"
"03-08-2026 09:25:58","1","Information","Microsoft-Windows-PCI","[PDO] (0x0000.0x07.0x03): Finish state transition to STARTED"
"03-08-2026 09:25:58","1","Information","Microsoft-Windows-PCI","[PDO] (0x0000.0x07.0x03): Begin state transition from UNINITIALIZED to STARTED"
"03-08-2026 09:25:57","1","Information","Microsoft-Windows-PCI","[FDO] (0x0000.0x07.0x00) (Bus 0x0001): Finish state transition to STARTED"
"03-08-2026 09:25:57","1","Information","Microsoft-Windows-PCI","[FDO] (0x0000.0x07.0x00) (Bus 0x0001): Begin state transition from UNINITIALIZED to STARTED"
"03-08-2026 09:25:57","1","Information","Microsoft-Windows-PCI","[PDO] (0x0000.0x07.0x00): Finish state transition to STARTED"
"03-08-2026 09:25:57","1","Information","Microsoft-Windows-PCI","[PDO] (0x0000.0x07.0x00): Begin state transition from UNINITIALIZED to STARTED"
"03-08-2026 09:25:57","1","Information","Microsoft-Windows-PCI","[PDO] (0x0000.0x14.0x03): Finish state transition to STARTED"
"03-08-2026 09:25:57","1","Information","Microsoft-Windows-PCI","[PDO] (0x0000.0x1f.0x03): Finish state transition to STARTED"
"03-08-2026 09:25:57","1","Information","Microsoft-Windows-PCI","[PDO] (0x0000.0x15.0x00): Finish state transition to STARTED"
"03-08-2026 09:25:57","1","Information","Microsoft-Windows-PCI","[PDO] (0x0000.0x1e.0x00): Finish state transition to STARTED"
"03-08-2026 09:25:57","1","Information","Microsoft-Windows-PCI","[PDO] (0x0000.0x12.0x00): Finish state transition to STARTED"
"03-08-2026 09:25:57","1","Information","Microsoft-Windows-PCI","[PDO] (0x0000.0x15.0x03): Finish state transition to STARTED"
"03-08-2026 09:25:57","1","Information","Microsoft-Windows-PCI","[PDO] (0x0000.0x1f.0x03): Begin state transition from UNINITIALIZED to STARTED"
"03-08-2026 09:25:57","1","Information","Microsoft-Windows-PCI","[PDO] (0x0000.0x1e.0x00): Begin state transition from UNINITIALIZED to STARTED"
"03-08-2026 09:25:57","1","Information","Microsoft-Windows-PCI","[PDO] (0x0000.0x14.0x03): Begin state transition from UNINITIALIZED to STARTED"
"03-08-2026 09:25:57","1","Information","Microsoft-Windows-PCI","[PDO] (0x0000.0x15.0x03): Begin state transition from UNINITIALIZED to STARTED"
"03-08-2026 09:25:57","1","Information","Microsoft-Windows-PCI","[PDO] (0x0000.0x15.0x00): Begin state transition from UNINITIALIZED to STARTED"
"03-08-2026 09:25:57","1","Information","Microsoft-Windows-PCI","[PDO] (0x0000.0x12.0x00): Begin state transition from UNINITIALIZED to STARTED"
"03-08-2026 09:25:56","1","Information","Microsoft-Windows-PCI","[PDO] (0x0000.0x0b.0x00): Finish state transition to STARTED"
"03-08-2026 09:25:56","1","Information","Microsoft-Windows-PCI","[PDO] (0x0000.0x08.0x00): Finish state transition to STARTED"
"03-08-2026 09:25:56","1","Information","Microsoft-Windows-PCI","[PDO] (0x0000.0x0b.0x00): Begin state transition from UNINITIALIZED to STARTED"
"03-08-2026 09:25:56","1","Information","Microsoft-Windows-PCI","[PDO] (0x0000.0x08.0x00): Begin state transition from UNINITIALIZED to STARTED"
"03-08-2026 09:25:56","1","Information","Microsoft-Windows-PCI","[PDO] (0x0000.0x0d.0x03): Finish state transition to STARTED"
"03-08-2026 09:25:56","1","Information","Microsoft-Windows-PCI","[PDO] (0x0000.0x0d.0x00): Finish state transition to STARTED"
"03-08-2026 09:25:56","1","Information","Microsoft-Windows-PCI","[PDO] (0x0000.0x14.0x00): Finish state transition to STARTED"
"03-08-2026 09:25:56","1","Information","Microsoft-Windows-PCI","[PDO] (0x0000.0x1f.0x06): Finish state transition to STARTED"
"03-08-2026 09:25:56","1","Information","Microsoft-Windows-PCI","[PDO] (0x0000.0x16.0x00): Finish state transition to STARTED"
"03-08-2026 09:25:56","1","Information","Microsoft-Windows-PCI","[PDO] (0x0000.0x1f.0x06): Begin state transition from UNINITIALIZED to STARTED"
"03-08-2026 09:25:56","1","Information","Microsoft-Windows-PCI","[PDO] (0x0000.0x0d.0x03): Begin state transition from UNINITIALIZED to STARTED"
"03-08-2026 09:25:56","1","Information","Microsoft-Windows-PCI","[PDO] (0x0000.0x0d.0x00): Begin state transition from UNINITIALIZED to STARTED"
"03-08-2026 09:25:56","1","Information","Microsoft-Windows-PCI","[PDO] (0x0000.0x14.0x00): Begin state transition from UNINITIALIZED to STARTED"
"03-08-2026 09:25:56","1","Information","Microsoft-Windows-PCI","[PDO] (0x0000.0x16.0x00): Begin state transition from UNINITIALIZED to STARTED"
"03-08-2026 09:25:56","1","Information","Microsoft-Windows-PCI","[PDO] (0x0000.0x02.0x00): Finish state transition to STARTED"
"03-08-2026 09:25:56","1","Information","Microsoft-Windows-PCI","[PDO] (0x0000.0x02.0x00): Begin state transition from UNINITIALIZED to STARTED"
"03-08-2026 09:25:53","1","Information","Microsoft-Windows-PCI","[PDO] (0x0000.0x0a.0x00): Finish state transition to STARTED"
"03-08-2026 09:25:53","1","Information","Microsoft-Windows-PCI","[PDO] (0x0000.0x0a.0x00): Begin state transition from UNINITIALIZED to STARTED"
"03-08-2026 09:25:53","1","Information","Microsoft-Windows-PCI","[PDO] (0x0000.0x0e.0x00): Finish state transition to STARTED"
"03-08-2026 09:25:53","1","Information","Microsoft-Windows-PCI","[PDO] (0x0000.0x0e.0x00): Begin state transition from UNINITIALIZED to STARTED"
"03-08-2026 09:25:53","1","Information","Microsoft-Windows-PCI","[PDO] (0x0000.0x1f.0x00): Finish state transition to STARTED"
"03-08-2026 09:25:53","1","Information","Microsoft-Windows-PCI","[PDO] (0x0000.0x00.0x00): Finish state transition to STARTED"
"03-08-2026 09:25:53","1","Information","Microsoft-Windows-PCI","[PDO] (0x0000.0x1f.0x00): Begin state transition from UNINITIALIZED to STARTED"
"03-08-2026 09:25:53","1","Information","Microsoft-Windows-PCI","[PDO] (0x0000.0x00.0x00): Begin state transition from UNINITIALIZED to STARTED"
"03-08-2026 09:25:53","1","Information","Microsoft-Windows-PCI","[ROOT] (Bus 0x0000): Finish state transition to STARTED"
"03-08-2026 09:25:53","1","Information","Microsoft-Windows-PCI","[ROOT] (Bus 0x0000): Begin state transition from UNINITIALIZED to STARTED"
"31-07-2026 09:44:23","1","Information","Microsoft-Windows-PCI","[PDO] (0x0000.0x04.0x00): Finish state transition to STARTED"
"31-07-2026 09:44:23","1","Information","Microsoft-Windows-PCI","[PDO] (0x0000.0x04.0x00): Begin state transition from UNINITIALIZED to STARTED"
"31-07-2026 09:44:15","1","Information","Microsoft-Windows-PCI","[FDO] (0x0000.0x07.0x03) (Bus 0x002b): Finish state transition to STARTED"
"31-07-2026 09:44:15","1","Information","Microsoft-Windows-PCI","[FDO] (0x0000.0x07.0x03) (Bus 0x002b): Begin state transition from UNINITIALIZED to STARTED"
"31-07-2026 09:44:15","1","Information","Microsoft-Windows-PCI","[PDO] (0x0000.0x07.0x03): Finish state transition to STARTED"
"31-07-2026 09:44:15","1","Information","Microsoft-Windows-PCI","[PDO] (0x0000.0x07.0x03): Begin state transition from UNINITIALIZED to STARTED"
"31-07-2026 09:44:15","1","Information","Microsoft-Windows-PCI","[FDO] (0x0000.0x07.0x00) (Bus 0x0001): Finish state transition to STARTED"
"31-07-2026 09:44:15","1","Information","Microsoft-Windows-PCI","[FDO] (0x0000.0x07.0x00) (Bus 0x0001): Begin state transition from UNINITIALIZED to STARTED"
"31-07-2026 09:44:15","1","Information","Microsoft-Windows-PCI","[PDO] (0x0000.0x07.0x00): Finish state transition to STARTED"
"31-07-2026 09:44:15","1","Information","Microsoft-Windows-PCI","[PDO] (0x0000.0x07.0x00): Begin state transition from UNINITIALIZED to STARTED"
"31-07-2026 09:44:15","1","Information","Microsoft-Windows-PCI","[PDO] (0x0000.0x14.0x03): Finish state transition to STARTED"
"31-07-2026 09:44:15","1","Information","Microsoft-Windows-PCI","[PDO] (0x0000.0x1e.0x00): Finish state transition to STARTED"
"31-07-2026 09:44:15","1","Information","Microsoft-Windows-PCI","[PDO] (0x0000.0x15.0x00): Finish state transition to STARTED"
"31-07-2026 09:44:15","1","Information","Microsoft-Windows-PCI","[PDO] (0x0000.0x15.0x03): Finish state transition to STARTED"
"31-07-2026 09:44:15","1","Information","Microsoft-Windows-PCI","[PDO] (0x0000.0x1f.0x03): Finish state transition to STARTED"
"31-07-2026 09:44:15","1","Information","Microsoft-Windows-PCI","[PDO] (0x0000.0x12.0x00): Finish state transition to STARTED"
"31-07-2026 09:44:15","1","Information","Microsoft-Windows-PCI","[PDO] (0x0000.0x1f.0x03): Begin state transition from UNINITIALIZED to STARTED"
"31-07-2026 09:44:15","1","Information","Microsoft-Windows-PCI","[PDO] (0x0000.0x1e.0x00): Begin state transition from UNINITIALIZED to STARTED"
"31-07-2026 09:44:15","1","Information","Microsoft-Windows-PCI","[PDO] (0x0000.0x14.0x03): Begin state transition from UNINITIALIZED to STARTED"
"31-07-2026 09:44:15","1","Information","Microsoft-Windows-PCI","[PDO] (0x0000.0x15.0x00): Begin state transition from UNINITIALIZED to STARTED"
"31-07-2026 09:44:15","1","Information","Microsoft-Windows-PCI","[PDO] (0x0000.0x15.0x03): Begin state transition from UNINITIALIZED to STARTED"
"31-07-2026 09:44:15","1","Information","Microsoft-Windows-PCI","[PDO] (0x0000.0x12.0x00): Begin state transition from UNINITIALIZED to STARTED"
"31-07-2026 09:44:13","1","Information","Microsoft-Windows-PCI","[PDO] (0x0000.0x0b.0x00): Finish state transition to STARTED"
"31-07-2026 09:44:13","1","Information","Microsoft-Windows-PCI","[PDO] (0x0000.0x08.0x00): Finish state transition to STARTED"
"31-07-2026 09:44:13","1","Information","Microsoft-Windows-PCI","[PDO] (0x0000.0x0b.0x00): Begin state transition from UNINITIALIZED to STARTED"
"31-07-2026 09:44:13","1","Information","Microsoft-Windows-PCI","[PDO] (0x0000.0x08.0x00): Begin state transition from UNINITIALIZED to STARTED"
"31-07-2026 09:44:12","1","Information","Microsoft-Windows-PCI","[PDO] (0x0000.0x0d.0x03): Finish state transition to STARTED"
"31-07-2026 09:44:12","1","Information","Microsoft-Windows-PCI","[PDO] (0x0000.0x14.0x00): Finish state transition to STARTED"
"31-07-2026 09:44:12","1","Information","Microsoft-Windows-PCI","[PDO] (0x0000.0x16.0x00): Finish state transition to STARTED"
"31-07-2026 09:44:12","1","Information","Microsoft-Windows-PCI","[PDO] (0x0000.0x0d.0x00): Finish state transition to STARTED"
"31-07-2026 09:44:12","1","Information","Microsoft-Windows-PCI","[PDO] (0x0000.0x1f.0x06): Finish state transition to STARTED"
"31-07-2026 09:44:12","1","Information","Microsoft-Windows-PCI","[PDO] (0x0000.0x1f.0x06): Begin state transition from UNINITIALIZED to STARTED"
"31-07-2026 09:44:12","1","Information","Microsoft-Windows-PCI","[PDO] (0x0000.0x0d.0x03): Begin state transition from UNINITIALIZED to STARTED"
"31-07-2026 09:44:12","1","Information","Microsoft-Windows-PCI","[PDO] (0x0000.0x0d.0x00): Begin state transition from UNINITIALIZED to STARTED"
"31-07-2026 09:44:12","1","Information","Microsoft-Windows-PCI","[PDO] (0x0000.0x14.0x00): Begin state transition from UNINITIALIZED to STARTED"
"31-07-2026 09:44:12","1","Information","Microsoft-Windows-PCI","[PDO] (0x0000.0x16.0x00): Begin state transition from UNINITIALIZED to STARTED"
"31-07-2026 09:44:12","1","Information","Microsoft-Windows-PCI","[PDO] (0x0000.0x02.0x00): Finish state transition to STARTED"
"31-07-2026 09:44:12","1","Information","Microsoft-Windows-PCI","[PDO] (0x0000.0x02.0x00): Begin state transition from UNINITIALIZED to STARTED"
"31-07-2026 09:44:09","1","Information","Microsoft-Windows-PCI","[PDO] (0x0000.0x0a.0x00): Finish state transition to STARTED"
"31-07-2026 09:44:09","1","Information","Microsoft-Windows-PCI","[PDO] (0x0000.0x0a.0x00): Begin state transition from UNINITIALIZED to STARTED"
"31-07-2026 09:44:09","1","Information","Microsoft-Windows-PCI","[PDO] (0x0000.0x0e.0x00): Finish state transition to STARTED"
"31-07-2026 09:44:09","1","Information","Microsoft-Windows-PCI","[PDO] (0x0000.0x0e.0x00): Begin state transition from UNINITIALIZED to STARTED"
"31-07-2026 09:44:09","1","Information","Microsoft-Windows-PCI","[PDO] (0x0000.0x1f.0x00): Finish state transition to STARTED"
"31-07-2026 09:44:09","1","Information","Microsoft-Windows-PCI","[PDO] (0x0000.0x00.0x00): Finish state transition to STARTED"
"31-07-2026 09:44:09","1","Information","Microsoft-Windows-PCI","[PDO] (0x0000.0x1f.0x00): Begin state transition from UNINITIALIZED to STARTED"
"31-07-2026 09:44:09","1","Information","Microsoft-Windows-PCI","[PDO] (0x0000.0x00.0x00): Begin state transition from UNINITIALIZED to STARTED"
"31-07-2026 09:44:09","1","Information","Microsoft-Windows-PCI","[ROOT] (Bus 0x0000): Finish state transition to STARTED"
"31-07-2026 09:44:09","1","Information","Microsoft-Windows-PCI","[ROOT] (Bus 0x0000): Begin state transition from UNINITIALIZED to STARTED"
"27-07-2026 11:49:17","1","Information","Microsoft-Windows-PCI","[PDO] (0x0000.0x04.0x00): Finish state transition to STARTED"
"27-07-2026 11:49:17","1","Information","Microsoft-Windows-PCI","[PDO] (0x0000.0x04.0x00): Begin state transition from UNINITIALIZED to STARTED"
"27-07-2026 11:49:12","1","Information","Microsoft-Windows-PCI","[FDO] (0x0000.0x07.0x03) (Bus 0x002b): Finish state transition to STARTED"
"27-07-2026 11:49:12","1","Information","Microsoft-Windows-PCI","[FDO] (0x0000.0x07.0x03) (Bus 0x002b): Begin state transition from UNINITIALIZED to STARTED"
"27-07-2026 11:49:12","1","Information","Microsoft-Windows-PCI","[PDO] (0x0000.0x07.0x03): Finish state transition to STARTED"
"27-07-2026 11:49:12","1","Information","Microsoft-Windows-PCI","[PDO] (0x0000.0x07.0x03): Begin state transition from UNINITIALIZED to STARTED"
"27-07-2026 11:49:12","1","Information","Microsoft-Windows-PCI","[FDO] (0x0000.0x07.0x00) (Bus 0x0001): Finish state transition to STARTED"
"27-07-2026 11:49:12","1","Information","Microsoft-Windows-PCI","[FDO] (0x0000.0x07.0x00) (Bus 0x0001): Begin state transition from UNINITIALIZED to STARTED"
"27-07-2026 11:49:12","1","Information","Microsoft-Windows-PCI","[PDO] (0x0000.0x07.0x00): Finish state transition to STARTED"
"27-07-2026 11:49:12","1","Information","Microsoft-Windows-PCI","[PDO] (0x0000.0x07.0x00): Begin state transition from UNINITIALIZED to STARTED"
"27-07-2026 11:49:11","1","Information","Microsoft-Windows-PCI","[PDO] (0x0000.0x14.0x03): Finish state transition to STARTED"
"27-07-2026 11:49:11","1","Information","Microsoft-Windows-PCI","[PDO] (0x0000.0x1f.0x03): Finish state transition to STARTED"
"27-07-2026 11:49:11","1","Information","Microsoft-Windows-PCI","[PDO] (0x0000.0x12.0x00): Finish state transition to STARTED"
"27-07-2026 11:49:11","1","Information","Microsoft-Windows-PCI","[PDO] (0x0000.0x15.0x00): Finish state transition to STARTED"
"27-07-2026 11:49:11","1","Information","Microsoft-Windows-PCI","[PDO] (0x0000.0x15.0x03): Finish state transition to STARTED"
"27-07-2026 11:49:11","1","Information","Microsoft-Windows-PCI","[PDO] (0x0000.0x1e.0x00): Finish state transition to STARTED"
"27-07-2026 11:49:11","1","Information","Microsoft-Windows-PCI","[PDO] (0x0000.0x1f.0x03): Begin state transition from UNINITIALIZED to STARTED"
"27-07-2026 11:49:11","1","Information","Microsoft-Windows-PCI","[PDO] (0x0000.0x1e.0x00): Begin state transition from UNINITIALIZED to STARTED"
"27-07-2026 11:49:11","1","Information","Microsoft-Windows-PCI","[PDO] (0x0000.0x15.0x03): Begin state transition from UNINITIALIZED to STARTED"
"27-07-2026 11:49:11","1","Information","Microsoft-Windows-PCI","[PDO] (0x0000.0x15.0x00): Begin state transition from UNINITIALIZED to STARTED"
"27-07-2026 11:49:11","1","Information","Microsoft-Windows-PCI","[PDO] (0x0000.0x14.0x03): Begin state transition from UNINITIALIZED to STARTED"
"27-07-2026 11:49:11","1","Information","Microsoft-Windows-PCI","[PDO] (0x0000.0x12.0x00): Begin state transition from UNINITIALIZED to STARTED"
"27-07-2026 11:49:11","1","Information","Microsoft-Windows-PCI","[PDO] (0x0000.0x08.0x00): Finish state transition to STARTED"
"27-07-2026 11:49:11","1","Information","Microsoft-Windows-PCI","[PDO] (0x0000.0x0b.0x00): Finish state transition to STARTED"
"27-07-2026 11:49:11","1","Information","Microsoft-Windows-PCI","[PDO] (0x0000.0x0b.0x00): Begin state transition from UNINITIALIZED to STARTED"
"27-07-2026 11:49:11","1","Information","Microsoft-Windows-PCI","[PDO] (0x0000.0x08.0x00): Begin state transition from UNINITIALIZED to STARTED"
"27-07-2026 11:49:10","1","Information","Microsoft-Windows-PCI","[PDO] (0x0000.0x0d.0x03): Finish state transition to STARTED"
"27-07-2026 11:49:10","1","Information","Microsoft-Windows-PCI","[PDO] (0x0000.0x14.0x00): Finish state transition to STARTED"
"27-07-2026 11:49:10","1","Information","Microsoft-Windows-PCI","[PDO] (0x0000.0x0d.0x00): Finish state transition to STARTED"
"27-07-2026 11:49:10","1","Information","Microsoft-Windows-PCI","[PDO] (0x0000.0x16.0x00): Finish state transition to STARTED"
"27-07-2026 11:49:10","1","Information","Microsoft-Windows-PCI","[PDO] (0x0000.0x1f.0x06): Finish state transition to STARTED"
"27-07-2026 11:49:10","1","Information","Microsoft-Windows-PCI","[PDO] (0x0000.0x1f.0x06): Begin state transition from UNINITIALIZED to STARTED"
"27-07-2026 11:49:10","1","Information","Microsoft-Windows-PCI","[PDO] (0x0000.0x0d.0x03): Begin state transition from UNINITIALIZED to STARTED"
"27-07-2026 11:49:10","1","Information","Microsoft-Windows-PCI","[PDO] (0x0000.0x0d.0x00): Begin state transition from UNINITIALIZED to STARTED"
"27-07-2026 11:49:10","1","Information","Microsoft-Windows-PCI","[PDO] (0x0000.0x14.0x00): Begin state transition from UNINITIALIZED to STARTED"
"27-07-2026 11:49:10","1","Information","Microsoft-Windows-PCI","[PDO] (0x0000.0x16.0x00): Begin state transition from UNINITIALIZED to STARTED"
"27-07-2026 11:49:10","1","Information","Microsoft-Windows-PCI","[PDO] (0x0000.0x02.0x00): Finish state transition to STARTED"
"27-07-2026 11:49:10","1","Information","Microsoft-Windows-PCI","[PDO] (0x0000.0x02.0x00): Begin state transition from UNINITIALIZED to STARTED"
"27-07-2026 11:49:07","1","Information","Microsoft-Windows-PCI","[PDO] (0x0000.0x0a.0x00): Finish state transition to STARTED"
"27-07-2026 11:49:07","1","Information","Microsoft-Windows-PCI","[PDO] (0x0000.0x0a.0x00): Begin state transition from UNINITIALIZED to STARTED"
