"18-08-2026 18:34:24","5007","Information","Microsoft-Windows-Windows Defender","Microsoft Defender Antivirus Configuration has changed. If this is an unexpected event you should review the settings as this may be the result of malware.
 	Old value: HKLM\SOFTWARE\Microsoft\Windows Defender\UX Configuration\ToastOrSsoTrigger = 0x0
 	New value: HKLM\SOFTWARE\Microsoft\Windows Defender\UX Configuration\ToastOrSsoTrigger = 0x1"
"18-08-2026 18:06:09","1151","Information","Microsoft-Windows-Windows Defender","Endpoint Protection client health report (time in UTC):
 	Platform version: 4.18.26070.9
 	Engine version: 1.1.26070.7
 	Network Realtime Inspection engine version: 1.1.26070.7
 	Antivirus security intelligence version: 1.457.222.0
 	Antispyware security intelligence version: 1.457.222.0
 	Network Realtime Inspection security intelligence version: 1.457.222.0
 	RTP state: Enabled
 	OA state: Enabled
 	IOAV state: Enabled
 	BM state: Enabled
 	Antivirus security intelligence age: 0
 	Antispyware security intelligence age: 0
 	Last quick scan age: 1
 	Last full scan age: 4294967295
 	Antivirus security intelligence creation time: 2026-08-18T02:41:46Z
 	Antispyware security intelligence creation time: 2026-08-18T02:41:46Z
 	Last quick scan start time: 2026-08-17T10:03:07Z
 	Last quick scan end time: 2026-08-17T10:11:48Z
 	Last quick scan source: 2
 	Last full scan start time: 1601-01-01T00:00:00Z
 	Last full scan end time: 1601-01-01T00:00:00Z
 	Last full scan source: 0
 	Product status: 0x00080000
"
"18-08-2026 18:06:09","1150","Information","Microsoft-Windows-Windows Defender","Endpoint Protection client is up and running in a healthy state.
 	Platform version: 4.18.26070.9
 	Engine version: 1.1.26070.7
 	Security intelligence version: 1.457.222.0
"
"18-08-2026 17:57:05","2010","Information","Microsoft-Windows-Windows Defender","Microsoft Defender Antivirus used cloud protection to get additional security intelligence.
 	Current security intelligence Version: 1.457.222.0
 	Security intelligence Type: 
 	User: \
 	Current Engine Version: 1.1.26070.7
 	Cloud protection intelligence Type: Security intelligence update
 	Persistence Path: C:\ProgramData\Microsoft\Windows Defender\Scans\RtSigs\data\8c67808ea8ca5a9bf792fcf8f38943f77e9bef51
 	Cloud protection intelligence Version: 0.0.0.0
 	Cloud protection intelligence Compilation Timestamp: 18-08-2026 12:27:05
 	Persistence Limit Type: Duration
 	Persistence Limit: 72000000"
"18-08-2026 17:57:05","2010","Information","Microsoft-Windows-Windows Defender","Microsoft Defender Antivirus used cloud protection to get additional security intelligence.
 	Current security intelligence Version: 1.457.222.0
 	Security intelligence Type: 
 	User: \
 	Current Engine Version: 1.1.26070.7
 	Cloud protection intelligence Type: Security intelligence update
 	Persistence Path: C:\ProgramData\Microsoft\Windows Defender\Scans\RtSigs\data\f960ea75e5621e5bd6981d0f3f11958139d9962d
 	Cloud protection intelligence Version: 0.0.0.0
 	Cloud protection intelligence Compilation Timestamp: 18-08-2026 12:27:05
 	Persistence Limit Type: Duration
 	Persistence Limit: 432000000"
"18-08-2026 17:57:05","2010","Information","Microsoft-Windows-Windows Defender","Microsoft Defender Antivirus used cloud protection to get additional security intelligence.
 	Current security intelligence Version: 1.457.222.0
 	Security intelligence Type: 
 	User: \
 	Current Engine Version: 1.1.26070.7
 	Cloud protection intelligence Type: Security intelligence update
 	Persistence Path: C:\ProgramData\Microsoft\Windows Defender\Scans\RtSigs\data\9285ecb584719b2f8a965464b0c03db6aa68822f
 	Cloud protection intelligence Version: 0.0.0.0
 	Cloud protection intelligence Compilation Timestamp: 18-08-2026 12:27:05
 	Persistence Limit Type: Duration
 	Persistence Limit: 432000000"
"18-08-2026 17:57:05","2010","Information","Microsoft-Windows-Windows Defender","Microsoft Defender Antivirus used cloud protection to get additional security intelligence.
 	Current security intelligence Version: 1.457.222.0
 	Security intelligence Type: 
 	User: \
 	Current Engine Version: 1.1.26070.7
 	Cloud protection intelligence Type: Security intelligence update
 	Persistence Path: C:\ProgramData\Microsoft\Windows Defender\Scans\RtSigs\data\65d25b79cf20958d26751de34be489aabfb0c7ce
 	Cloud protection intelligence Version: 0.0.0.0
 	Cloud protection intelligence Compilation Timestamp: 18-08-2026 12:27:05
 	Persistence Limit Type: Duration
 	Persistence Limit: 432000000"
"18-08-2026 17:06:09","1151","Information","Microsoft-Windows-Windows Defender","Endpoint Protection client health report (time in UTC):
 	Platform version: 4.18.26070.9
 	Engine version: 1.1.26070.7
 	Network Realtime Inspection engine version: 1.1.26070.7
 	Antivirus security intelligence version: 1.457.222.0
 	Antispyware security intelligence version: 1.457.222.0
 	Network Realtime Inspection security intelligence version: 1.457.222.0
 	RTP state: Enabled
 	OA state: Enabled
 	IOAV state: Enabled
 	BM state: Enabled
 	Antivirus security intelligence age: 0
 	Antispyware security intelligence age: 0
 	Last quick scan age: 1
 	Last full scan age: 4294967295
 	Antivirus security intelligence creation time: 2026-08-18T02:41:46Z
 	Antispyware security intelligence creation time: 2026-08-18T02:41:46Z
 	Last quick scan start time: 2026-08-17T10:03:07Z
 	Last quick scan end time: 2026-08-17T10:11:48Z
 	Last quick scan source: 2
 	Last full scan start time: 1601-01-01T00:00:00Z
 	Last full scan end time: 1601-01-01T00:00:00Z
 	Last full scan source: 0
 	Product status: 0x00080000
"
"18-08-2026 17:06:09","1150","Information","Microsoft-Windows-Windows Defender","Endpoint Protection client is up and running in a healthy state.
 	Platform version: 4.18.26070.9
 	Engine version: 1.1.26070.7
 	Security intelligence version: 1.457.222.0
"
"18-08-2026 16:56:44","2010","Information","Microsoft-Windows-Windows Defender","Microsoft Defender Antivirus used cloud protection to get additional security intelligence.
 	Current security intelligence Version: 1.457.222.0
 	Security intelligence Type: 
 	User: \
 	Current Engine Version: 1.1.26070.7
 	Cloud protection intelligence Type: Security intelligence update
 	Persistence Path: C:\ProgramData\Microsoft\Windows Defender\Scans\RtSigs\data\992e0bbc9334537b504e96a742d822835721d2b2
 	Cloud protection intelligence Version: 0.0.0.0
 	Cloud protection intelligence Compilation Timestamp: 18-08-2026 11:26:44
 	Persistence Limit Type: Duration
 	Persistence Limit: 432000000"
"18-08-2026 16:06:09","1151","Information","Microsoft-Windows-Windows Defender","Endpoint Protection client health report (time in UTC):
 	Platform version: 4.18.26070.9
 	Engine version: 1.1.26070.7
 	Network Realtime Inspection engine version: 1.1.26070.7
 	Antivirus security intelligence version: 1.457.222.0
 	Antispyware security intelligence version: 1.457.222.0
 	Network Realtime Inspection security intelligence version: 1.457.222.0
 	RTP state: Enabled
 	OA state: Enabled
 	IOAV state: Enabled
 	BM state: Enabled
 	Antivirus security intelligence age: 0
 	Antispyware security intelligence age: 0
 	Last quick scan age: 1
 	Last full scan age: 4294967295
 	Antivirus security intelligence creation time: 2026-08-18T02:41:46Z
 	Antispyware security intelligence creation time: 2026-08-18T02:41:46Z
 	Last quick scan start time: 2026-08-17T10:03:07Z
 	Last quick scan end time: 2026-08-17T10:11:48Z
 	Last quick scan source: 2
 	Last full scan start time: 1601-01-01T00:00:00Z
 	Last full scan end time: 1601-01-01T00:00:00Z
 	Last full scan source: 0
 	Product status: 0x00080000
"
"18-08-2026 16:06:09","1150","Information","Microsoft-Windows-Windows Defender","Endpoint Protection client is up and running in a healthy state.
 	Platform version: 4.18.26070.9
 	Engine version: 1.1.26070.7
 	Security intelligence version: 1.457.222.0
"
"18-08-2026 15:57:44","5007","Information","Microsoft-Windows-Windows Defender","Microsoft Defender Antivirus Configuration has changed. If this is an unexpected event you should review the settings as this may be the result of malware.
 	Old value: HKLM\SOFTWARE\Microsoft\Windows Defender\UX Configuration\ToastOrSsoTrigger = 0x1
 	New value: HKLM\SOFTWARE\Microsoft\Windows Defender\UX Configuration\ToastOrSsoTrigger = 0x0"
"18-08-2026 15:57:44","5007","Information","Microsoft-Windows-Windows Defender","Microsoft Defender Antivirus Configuration has changed. If this is an unexpected event you should review the settings as this may be the result of malware.
 	Old value: HKLM\SOFTWARE\Microsoft\Windows Defender\UX Configuration\ToastOrSsoTrigger = 0x1
 	New value: HKLM\SOFTWARE\Microsoft\Windows Defender\UX Configuration\ToastOrSsoTrigger = 0x0"
"18-08-2026 15:56:25","2010","Information","Microsoft-Windows-Windows Defender","Microsoft Defender Antivirus used cloud protection to get additional security intelligence.
 	Current security intelligence Version: 1.457.222.0
 	Security intelligence Type: 
 	User: \
 	Current Engine Version: 1.1.26070.7
 	Cloud protection intelligence Type: Security intelligence update
 	Persistence Path: C:\ProgramData\Microsoft\Windows Defender\Scans\RtSigs\data\513c9be1eb8f8800ebeb10de46e10487ce21a24d
 	Cloud protection intelligence Version: 0.0.0.0
 	Cloud protection intelligence Compilation Timestamp: 18-08-2026 10:26:24
 	Persistence Limit Type: Duration
 	Persistence Limit: 72000000"
"18-08-2026 15:56:25","2010","Information","Microsoft-Windows-Windows Defender","Microsoft Defender Antivirus used cloud protection to get additional security intelligence.
 	Current security intelligence Version: 1.457.222.0
 	Security intelligence Type: 
 	User: \
 	Current Engine Version: 1.1.26070.7
 	Cloud protection intelligence Type: Security intelligence update
 	Persistence Path: C:\ProgramData\Microsoft\Windows Defender\Scans\RtSigs\data\bf4840c7ae0de700824a44886a3e099fcd143f36
 	Cloud protection intelligence Version: 0.0.0.0
 	Cloud protection intelligence Compilation Timestamp: 18-08-2026 10:26:24
 	Persistence Limit Type: Duration
 	Persistence Limit: 432000000"
"18-08-2026 15:56:25","2010","Information","Microsoft-Windows-Windows Defender","Microsoft Defender Antivirus used cloud protection to get additional security intelligence.
 	Current security intelligence Version: 1.457.222.0
 	Security intelligence Type: 
 	User: \
 	Current Engine Version: 1.1.26070.7
 	Cloud protection intelligence Type: Security intelligence update
 	Persistence Path: C:\ProgramData\Microsoft\Windows Defender\Scans\RtSigs\data\a451195b63219ac05f27e0c9597b55f5b8297c9c
 	Cloud protection intelligence Version: 0.0.0.0
 	Cloud protection intelligence Compilation Timestamp: 18-08-2026 10:26:24
 	Persistence Limit Type: Duration
 	Persistence Limit: 432000000"
"18-08-2026 15:56:25","2010","Information","Microsoft-Windows-Windows Defender","Microsoft Defender Antivirus used cloud protection to get additional security intelligence.
 	Current security intelligence Version: 1.457.222.0
 	Security intelligence Type: 
 	User: \
 	Current Engine Version: 1.1.26070.7
 	Cloud protection intelligence Type: Security intelligence update
 	Persistence Path: C:\ProgramData\Microsoft\Windows Defender\Scans\RtSigs\data\ad4bfa62ea5561d3948a7ea301bf161b015185bf
 	Cloud protection intelligence Version: 0.0.0.0
 	Cloud protection intelligence Compilation Timestamp: 18-08-2026 10:26:24
 	Persistence Limit Type: Duration
 	Persistence Limit: 432000000"
"18-08-2026 15:36:14","5007","Information","Microsoft-Windows-Windows Defender","Microsoft Defender Antivirus Configuration has changed. If this is an unexpected event you should review the settings as this may be the result of malware.
 	Old value: HKLM\SOFTWARE\Microsoft\Windows Defender\UX Configuration\ToastOrSsoTrigger = 0x0
 	New value: HKLM\SOFTWARE\Microsoft\Windows Defender\UX Configuration\ToastOrSsoTrigger = 0x1"
"18-08-2026 15:36:14","5007","Information","Microsoft-Windows-Windows Defender","Microsoft Defender Antivirus Configuration has changed. If this is an unexpected event you should review the settings as this may be the result of malware.
 	Old value: HKLM\SOFTWARE\Microsoft\Windows Defender\UX Configuration\ToastOrSsoTrigger = 0x0
 	New value: HKLM\SOFTWARE\Microsoft\Windows Defender\UX Configuration\ToastOrSsoTrigger = 0x1"
"18-08-2026 15:30:08","5007","Information","Microsoft-Windows-Windows Defender","Microsoft Defender Antivirus Configuration has changed. If this is an unexpected event you should review the settings as this may be the result of malware.
 	Old value: HKLM\SOFTWARE\Microsoft\Windows Defender\UX Configuration\ToastOrSsoTrigger = 0x1
 	New value: HKLM\SOFTWARE\Microsoft\Windows Defender\UX Configuration\ToastOrSsoTrigger = 0x0"
"18-08-2026 15:30:08","5007","Information","Microsoft-Windows-Windows Defender","Microsoft Defender Antivirus Configuration has changed. If this is an unexpected event you should review the settings as this may be the result of malware.
 	Old value: HKLM\SOFTWARE\Microsoft\Windows Defender\UX Configuration\ToastOrSsoTrigger = 0x1
 	New value: HKLM\SOFTWARE\Microsoft\Windows Defender\UX Configuration\ToastOrSsoTrigger = 0x0"
"18-08-2026 15:11:10","5007","Information","Microsoft-Windows-Windows Defender","Microsoft Defender Antivirus Configuration has changed. If this is an unexpected event you should review the settings as this may be the result of malware.
 	Old value: HKLM\SOFTWARE\Policies\Microsoft\Windows Defender\Policy Manager\SpyNet\SpyNetReporting = 0x1
 	New value: HKLM\SOFTWARE\Microsoft\Windows Defender\SpyNet\SpyNetReporting = 0x2"
"18-08-2026 15:10:30","5007","Information","Microsoft-Windows-Windows Defender","Microsoft Defender Antivirus Configuration has changed. If this is an unexpected event you should review the settings as this may be the result of malware.
 	Old value: HKLM\SOFTWARE\Microsoft\Windows Defender\UX Configuration\ToastOrSsoTrigger = 0x0
 	New value: HKLM\SOFTWARE\Microsoft\Windows Defender\UX Configuration\ToastOrSsoTrigger = 0x1"
"18-08-2026 15:10:30","5007","Information","Microsoft-Windows-Windows Defender","Microsoft Defender Antivirus Configuration has changed. If this is an unexpected event you should review the settings as this may be the result of malware.
 	Old value: HKLM\SOFTWARE\Microsoft\Windows Defender\UX Configuration\ToastOrSsoTrigger = 0x0
 	New value: HKLM\SOFTWARE\Microsoft\Windows Defender\UX Configuration\ToastOrSsoTrigger = 0x1"
"18-08-2026 15:06:47","5007","Information","Microsoft-Windows-Windows Defender","Microsoft Defender Antivirus Configuration has changed. If this is an unexpected event you should review the settings as this may be the result of malware.
 	Old value: Default\ProductAppDataPath = C:\ProgramData\Microsoft\Windows Defender
 	New value: HKLM\SOFTWARE\Microsoft\Windows Defender\ProductAppDataPath = C:\ProgramData\Microsoft\Windows Defender"
"18-08-2026 15:06:47","5007","Information","Microsoft-Windows-Windows Defender","Microsoft Defender Antivirus Configuration has changed. If this is an unexpected event you should review the settings as this may be the result of malware.
 	Old value: HKLM\SOFTWARE\Microsoft\Windows Defender\ServiceStartStates = 0x1
 	New value: Default\ServiceStartStates = 0x0"
"18-08-2026 15:06:47","5007","Information","Microsoft-Windows-Windows Defender","Microsoft Defender Antivirus Configuration has changed. If this is an unexpected event you should review the settings as this may be the result of malware.
 	Old value: HKLM\SOFTWARE\Microsoft\Windows Defender\ServiceStartStates = 0x1
 	New value: Default\ServiceStartStates = 0x0"
"18-08-2026 15:06:12","5007","Information","Microsoft-Windows-Windows Defender","Microsoft Defender Antivirus Configuration has changed. If this is an unexpected event you should review the settings as this may be the result of malware.
 	Old value: HKLM\SOFTWARE\Microsoft\Windows Defender\Diagnostics\InitializingComponentProgress = RefreshFeatureStatus
 	New value: HKLM\SOFTWARE\Microsoft\Windows Defender\Diagnostics\InitializingComponentProgress = ServiceStartedSuccessfully"
"18-08-2026 15:06:10","5007","Information","Microsoft-Windows-Windows Defender","Microsoft Defender Antivirus Configuration has changed. If this is an unexpected event you should review the settings as this may be the result of malware.
 	Old value: HKLM\SOFTWARE\Microsoft\Windows Defender\Diagnostics\InitializingComponentProgress = RefreshFeatureStatus
 	New value: HKLM\SOFTWARE\Microsoft\Windows Defender\Diagnostics\InitializingComponentProgress = ServiceStartedSuccessfully"
"18-08-2026 15:06:09","5007","Information","Microsoft-Windows-Windows Defender","Microsoft Defender Antivirus Configuration has changed. If this is an unexpected event you should review the settings as this may be the result of malware.
 	Old value: HKLM\SOFTWARE\Microsoft\Windows Defender\Diagnostics\InitializingComponentProgress = LoadingEngine
 	New value: HKLM\SOFTWARE\Microsoft\Windows Defender\Diagnostics\InitializingComponentProgress = RefreshFeatureStatus"
"18-08-2026 15:06:09","5007","Information","Microsoft-Windows-Windows Defender","Microsoft Defender Antivirus Configuration has changed. If this is an unexpected event you should review the settings as this may be the result of malware.
 	Old value: HKLM\SOFTWARE\Microsoft\Windows Defender\Diagnostics\InitializingComponentProgress = LoadingEngine
 	New value: HKLM\SOFTWARE\Microsoft\Windows Defender\Diagnostics\InitializingComponentProgress = RefreshFeatureStatus"
"18-08-2026 15:06:09","5007","Information","Microsoft-Windows-Windows Defender","Microsoft Defender Antivirus Configuration has changed. If this is an unexpected event you should review the settings as this may be the result of malware.
 	Old value: HKLM\SOFTWARE\Microsoft\Windows Defender\CoreService\WdConfigHash = 0xF214B0FD
 	New value: HKLM\SOFTWARE\Microsoft\Windows Defender\CoreService\WdConfigHash = 0xE95AB8D6"
"18-08-2026 15:06:09","5007","Information","Microsoft-Windows-Windows Defender","Microsoft Defender Antivirus Configuration has changed. If this is an unexpected event you should review the settings as this may be the result of malware.
 	Old value: HKLM\SOFTWARE\Microsoft\Windows Defender\CoreService\WdConfigHash = 0xF214B0FD
 	New value: HKLM\SOFTWARE\Microsoft\Windows Defender\CoreService\WdConfigHash = 0xE95AB8D6"
"18-08-2026 15:05:50","5007","Information","Microsoft-Windows-Windows Defender","Microsoft Defender Antivirus Configuration has changed. If this is an unexpected event you should review the settings as this may be the result of malware.
 	Old value: HKLM\SOFTWARE\Microsoft\Windows Defender\Diagnostics\InitializingComponentProgress = InitRtpPlugin
 	New value: HKLM\SOFTWARE\Microsoft\Windows Defender\Diagnostics\InitializingComponentProgress = LoadingEngine"
"18-08-2026 15:05:50","5007","Information","Microsoft-Windows-Windows Defender","Microsoft Defender Antivirus Configuration has changed. If this is an unexpected event you should review the settings as this may be the result of malware.
 	Old value: HKLM\SOFTWARE\Microsoft\Windows Defender\Diagnostics\InitializingComponentProgress = InitRtpPlugin
 	New value: HKLM\SOFTWARE\Microsoft\Windows Defender\Diagnostics\InitializingComponentProgress = LoadingEngine"
"18-08-2026 15:05:47","5007","Information","Microsoft-Windows-Windows Defender","Microsoft Defender Antivirus Configuration has changed. If this is an unexpected event you should review the settings as this may be the result of malware.
 	Old value: HKLM\SOFTWARE\Microsoft\Windows Defender\Diagnostics\InitializingComponentProgress = InitPersistedCache
 	New value: HKLM\SOFTWARE\Microsoft\Windows Defender\Diagnostics\InitializingComponentProgress = InitRtpPlugin"
"18-08-2026 15:05:47","5007","Information","Microsoft-Windows-Windows Defender","Microsoft Defender Antivirus Configuration has changed. If this is an unexpected event you should review the settings as this may be the result of malware.
 	Old value: HKLM\SOFTWARE\Microsoft\Windows Defender\Diagnostics\InitializingComponentProgress = InitPersistedCache
 	New value: HKLM\SOFTWARE\Microsoft\Windows Defender\Diagnostics\InitializingComponentProgress = InitRtpPlugin"
"18-08-2026 15:05:47","5007","Information","Microsoft-Windows-Windows Defender","Microsoft Defender Antivirus Configuration has changed. If this is an unexpected event you should review the settings as this may be the result of malware.
 	Old value: HKLM\SOFTWARE\Microsoft\Windows Defender\ServiceCrashExceptionCode = 0xC0000005
 	New value: Default\ServiceCrashExceptionCode = 0x0"
"18-08-2026 15:05:47","5007","Information","Microsoft-Windows-Windows Defender","Microsoft Defender Antivirus Configuration has changed. If this is an unexpected event you should review the settings as this may be the result of malware.
 	Old value: HKLM\SOFTWARE\Microsoft\Windows Defender\ServiceCrashExceptionOffset = 0x92E48B
 	New value: Default\ServiceCrashExceptionOffset = 0x0"
"18-08-2026 15:05:47","5007","Information","Microsoft-Windows-Windows Defender","Microsoft Defender Antivirus Configuration has changed. If this is an unexpected event you should review the settings as this may be the result of malware.
 	Old value: HKLM\SOFTWARE\Microsoft\Windows Defender\ServiceCrashFaultingModuleName = mpengine.dll
 	New value: N/A\ServiceCrashFaultingModuleName = "
"18-08-2026 15:05:47","5007","Information","Microsoft-Windows-Windows Defender","Microsoft Defender Antivirus Configuration has changed. If this is an unexpected event you should review the settings as this may be the result of malware.
 	Old value: HKLM\SOFTWARE\Microsoft\Windows Defender\ServiceCrashExceptionCode = 0xC0000005
 	New value: Default\ServiceCrashExceptionCode = 0x0"
"18-08-2026 15:05:47","5007","Information","Microsoft-Windows-Windows Defender","Microsoft Defender Antivirus Configuration has changed. If this is an unexpected event you should review the settings as this may be the result of malware.
 	Old value: HKLM\SOFTWARE\Microsoft\Windows Defender\ServiceCrashExceptionOffset = 0x92E48B
 	New value: Default\ServiceCrashExceptionOffset = 0x0"
"18-08-2026 15:05:47","5007","Information","Microsoft-Windows-Windows Defender","Microsoft Defender Antivirus Configuration has changed. If this is an unexpected event you should review the settings as this may be the result of malware.
 	Old value: HKLM\SOFTWARE\Microsoft\Windows Defender\ServiceCrashFaultingModuleName = mpengine.dll
 	New value: N/A\ServiceCrashFaultingModuleName = "
"18-08-2026 15:05:46","5008","Error","Microsoft-Windows-Windows Defender","Microsoft Defender Antivirus engine has been terminated due to an unexpected error.
 	Failure Type: Unexpected Crash
 	Exception code: 0xc0000005
 	Resource: mpengine.dll
 	Engine Code: 9626763"
"18-08-2026 15:05:46","5007","Information","Microsoft-Windows-Windows Defender","Microsoft Defender Antivirus Configuration has changed. If this is an unexpected event you should review the settings as this may be the result of malware.
 	Old value: HKLM\SOFTWARE\Microsoft\Windows Defender\Diagnostics\InitializingComponentProgress = InitService
 	New value: HKLM\SOFTWARE\Microsoft\Windows Defender\Diagnostics\InitializingComponentProgress = InitPersistedCache"
"18-08-2026 15:05:46","5007","Information","Microsoft-Windows-Windows Defender","Microsoft Defender Antivirus Configuration has changed. If this is an unexpected event you should review the settings as this may be the result of malware.
 	Old value: HKLM\SOFTWARE\Microsoft\Windows Defender\Diagnostics\InitializingComponentProgress = PostPlatformUpdate
 	New value: HKLM\SOFTWARE\Microsoft\Windows Defender\Diagnostics\InitializingComponentProgress = InitPersistedCache"
"18-08-2026 15:05:46","5007","Information","Microsoft-Windows-Windows Defender","Microsoft Defender Antivirus Configuration has changed. If this is an unexpected event you should review the settings as this may be the result of malware.
 	Old value: Default\ServiceStartStates = 0x0
 	New value: HKLM\SOFTWARE\Microsoft\Windows Defender\ServiceStartStates = 0x1"
"18-08-2026 15:05:46","5007","Information","Microsoft-Windows-Windows Defender","Microsoft Defender Antivirus Configuration has changed. If this is an unexpected event you should review the settings as this may be the result of malware.
 	Old value: Default\ServiceStartStates = 0x0
 	New value: HKLM\SOFTWARE\Microsoft\Windows Defender\ServiceStartStates = 0x1"
"18-08-2026 15:05:22","3002","Error","Microsoft-Windows-Windows Defender","Microsoft Defender Antivirus Real-Time Protection feature has encountered an error and failed.
 	Feature: Network Inspection System
 	Error Code: 0x80070006
 	Error description: The handle is invalid. 
 	Reason: The filter driver was unloaded unexpectedly."
"18-08-2026 15:05:22","3002","Error","Microsoft-Windows-Windows Defender","Microsoft Defender Antivirus Real-Time Protection feature has encountered an error and failed.
 	Feature: Behavior Monitoring
 	Error Code: 0x80070006
 	Error description: The handle is invalid. 
 	Reason: The filter driver was unloaded unexpectedly."
"18-08-2026 15:05:22","3002","Error","Microsoft-Windows-Windows Defender","Microsoft Defender Antivirus Real-Time Protection feature has encountered an error and failed.
 	Feature: On Access
 	Error Code: 0x80070006
 	Error description: The handle is invalid. 
 	Reason: The filter driver was unloaded unexpectedly."
"18-08-2026 15:05:16","5007","Information","Microsoft-Windows-Windows Defender","Microsoft Defender Antivirus Configuration has changed. If this is an unexpected event you should review the settings as this may be the result of malware.
 	Old value: Default\ServiceCrashExceptionCode = 0x0
 	New value: HKLM\SOFTWARE\Microsoft\Windows Defender\ServiceCrashExceptionCode = 0xC0000005"
"18-08-2026 15:05:16","5007","Information","Microsoft-Windows-Windows Defender","Microsoft Defender Antivirus Configuration has changed. If this is an unexpected event you should review the settings as this may be the result of malware.
 	Old value: Default\ServiceCrashExceptionOffset = 0x0
 	New value: HKLM\SOFTWARE\Microsoft\Windows Defender\ServiceCrashExceptionOffset = 0x92E48B"
"18-08-2026 15:05:16","5007","Information","Microsoft-Windows-Windows Defender","Microsoft Defender Antivirus Configuration has changed. If this is an unexpected event you should review the settings as this may be the result of malware.
 	Old value: N/A\ServiceCrashFaultingModuleName = 
 	New value: HKLM\SOFTWARE\Microsoft\Windows Defender\ServiceCrashFaultingModuleName = mpengine.dll"
"18-08-2026 15:05:16","5007","Information","Microsoft-Windows-Windows Defender","Microsoft Defender Antivirus Configuration has changed. If this is an unexpected event you should review the settings as this may be the result of malware.
 	Old value: Default\ServiceCrashExceptionCode = 0x0
 	New value: HKLM\SOFTWARE\Microsoft\Windows Defender\ServiceCrashExceptionCode = 0xC0000005"
"18-08-2026 15:05:16","5007","Information","Microsoft-Windows-Windows Defender","Microsoft Defender Antivirus Configuration has changed. If this is an unexpected event you should review the settings as this may be the result of malware.
 	Old value: Default\ServiceCrashExceptionOffset = 0x0
 	New value: HKLM\SOFTWARE\Microsoft\Windows Defender\ServiceCrashExceptionOffset = 0x92E48B"
"18-08-2026 15:05:16","5007","Information","Microsoft-Windows-Windows Defender","Microsoft Defender Antivirus Configuration has changed. If this is an unexpected event you should review the settings as this may be the result of malware.
 	Old value: N/A\ServiceCrashFaultingModuleName = 
 	New value: HKLM\SOFTWARE\Microsoft\Windows Defender\ServiceCrashFaultingModuleName = mpengine.dll"
"18-08-2026 15:05:16","3002","Error","Microsoft-Windows-Windows Defender","Microsoft Defender Antivirus Real-Time Protection feature has encountered an error and failed.
 	Feature: Network Inspection System
 	Error Code: 0x80070006
 	Error description: The handle is invalid. 
 	Reason: The filter driver was unloaded unexpectedly."
"18-08-2026 15:05:16","3002","Error","Microsoft-Windows-Windows Defender","Microsoft Defender Antivirus Real-Time Protection feature has encountered an error and failed.
 	Feature: Behavior Monitoring
 	Error Code: 0x80070006
 	Error description: The handle is invalid. 
 	Reason: The filter driver was unloaded unexpectedly."
"18-08-2026 15:05:16","3002","Error","Microsoft-Windows-Windows Defender","Microsoft Defender Antivirus Real-Time Protection feature has encountered an error and failed.
 	Feature: On Access
 	Error Code: 0x80070006
 	Error description: The handle is invalid. 
 	Reason: The filter driver was unloaded unexpectedly."
"18-08-2026 15:05:16","5008","Error","Microsoft-Windows-Windows Defender","Microsoft Defender Antivirus engine has been terminated due to an unexpected error.
 	Failure Type: Crash
 	Exception code: 0xc0000005
 	Resource: file://C:\Windows\ADFS\Microsoft.IdentityServer.Deployment.Core.dll
 	Engine Code: 16422"
"18-08-2026 15:01:56","1013","Information","Microsoft-Windows-Windows Defender","Microsoft Defender Antivirus has removed history of malware and other potentially unwanted software.
 	Time: 2026-08-03T09:31:56Z
 	User: NT AUTHORITY\SYSTEM
"
"18-08-2026 14:56:17","1000","Information","Microsoft-Windows-Windows Defender","Microsoft Defender Antivirus scan has started.
 	Scan ID: {2AF6F222-B7EA-44CF-B506-BD75E1755F67}
 	Scan Type: Antimalware
 	Scan Parameters: Quick Scan
 	Scan Resources: 
  	User: NT AUTHORITY\NETWORK SERVICE
 	Scan Trigger: Scheduled daily
 	Scan Only If Idle: Enabled
 	Low CPU Priority for Scans: Disabled
 	Thread Priority: 7"
"18-08-2026 14:42:58","2010","Information","Microsoft-Windows-Windows Defender","Microsoft Defender Antivirus used cloud protection to get additional security intelligence.
 	Current security intelligence Version: 1.457.222.0
 	Security intelligence Type: 
 	User: \
 	Current Engine Version: 1.1.26070.7
 	Cloud protection intelligence Type: Security intelligence update
 	Persistence Path: C:\ProgramData\Microsoft\Windows Defender\Scans\RtSigs\data\bf3069521543d8ecb92458c11f1a1d959ca0f079
 	Cloud protection intelligence Version: 0.0.0.0
 	Cloud protection intelligence Compilation Timestamp: 18-08-2026 09:12:57
 	Persistence Limit Type: Duration
 	Persistence Limit: 50065408"
"18-08-2026 14:42:58","2010","Information","Microsoft-Windows-Windows Defender","Microsoft Defender Antivirus used cloud protection to get additional security intelligence.
 	Current security intelligence Version: 1.457.222.0
 	Security intelligence Type: 
 	User: \
 	Current Engine Version: 1.1.26070.7
 	Cloud protection intelligence Type: Security intelligence update
 	Persistence Path: C:\ProgramData\Microsoft\Windows Defender\Scans\RtSigs\data\f2e48de2f983fe27ee27d045863228015fa7a6b8
 	Cloud protection intelligence Version: 0.0.0.0
 	Cloud protection intelligence Compilation Timestamp: 18-08-2026 09:12:57
 	Persistence Limit Type: Duration
 	Persistence Limit: 150196224"
"18-08-2026 14:42:57","2010","Information","Microsoft-Windows-Windows Defender","Microsoft Defender Antivirus used cloud protection to get additional security intelligence.
 	Current security intelligence Version: 1.457.222.0
 	Security intelligence Type: 
 	User: \
 	Current Engine Version: 1.1.26070.7
 	Cloud protection intelligence Type: Security intelligence update
 	Persistence Path: C:\ProgramData\Microsoft\Windows Defender\Scans\RtSigs\data\93544673e52ae26db5fbd20f38d40293bc2fb3f9
 	Cloud protection intelligence Version: 0.0.0.0
 	Cloud protection intelligence Compilation Timestamp: 18-08-2026 09:12:57
 	Persistence Limit Type: Duration
 	Persistence Limit: 50065408"
"18-08-2026 14:42:57","2010","Information","Microsoft-Windows-Windows Defender","Microsoft Defender Antivirus used cloud protection to get additional security intelligence.
 	Current security intelligence Version: 1.457.222.0
 	Security intelligence Type: 
 	User: \
 	Current Engine Version: 1.1.26070.7
 	Cloud protection intelligence Type: Security intelligence update
 	Persistence Path: C:\ProgramData\Microsoft\Windows Defender\Scans\RtSigs\data\b3e8ef7dc59cd2bc2360987bfd6446e85253d0d5
 	Cloud protection intelligence Version: 0.0.0.0
 	Cloud protection intelligence Compilation Timestamp: 18-08-2026 09:12:57
 	Persistence Limit Type: Duration
 	Persistence Limit: 150196224"
"18-08-2026 14:42:54","5007","Information","Microsoft-Windows-Windows Defender","Microsoft Defender Antivirus Configuration has changed. If this is an unexpected event you should review the settings as this may be the result of malware.
 	Old value: HKLM\SOFTWARE\Policies\Microsoft\Windows Defender\Policy Manager\Threats\ThreatSeverityDefaultAction\1 = 0x2
 	New value: N/A\Threats\ThreatSeverityDefaultAction\1 = "
"18-08-2026 14:42:54","5007","Information","Microsoft-Windows-Windows Defender","Microsoft Defender Antivirus Configuration has changed. If this is an unexpected event you should review the settings as this may be the result of malware.
 	Old value: HKLM\SOFTWARE\Policies\Microsoft\Windows Defender\Policy Manager\Threats\ThreatSeverityDefaultAction\2 = 0x2
 	New value: N/A\Threats\ThreatSeverityDefaultAction\2 = "
"18-08-2026 14:42:54","5007","Information","Microsoft-Windows-Windows Defender","Microsoft Defender Antivirus Configuration has changed. If this is an unexpected event you should review the settings as this may be the result of malware.
 	Old value: HKLM\SOFTWARE\Policies\Microsoft\Windows Defender\Policy Manager\Threats\ThreatSeverityDefaultAction\5 = 0x2
 	New value: N/A\Threats\ThreatSeverityDefaultAction\5 = "
"18-08-2026 14:42:54","5007","Information","Microsoft-Windows-Windows Defender","Microsoft Defender Antivirus Configuration has changed. If this is an unexpected event you should review the settings as this may be the result of malware.
 	Old value: HKLM\SOFTWARE\Policies\Microsoft\Windows Defender\Policy Manager\Threats\ThreatSeverityDefaultAction\4 = 0x2
 	New value: N/A\Threats\ThreatSeverityDefaultAction\4 = "
"18-08-2026 14:42:54","5007","Information","Microsoft-Windows-Windows Defender","Microsoft Defender Antivirus Configuration has changed. If this is an unexpected event you should review the settings as this may be the result of malware.
 	Old value: HKLM\SOFTWARE\Policies\Microsoft\Windows Defender\Policy Manager\Scan\DisableArchiveScanning = 0x0
 	New value: Default\Scan\DisableArchiveScanning = 0x0"
"18-08-2026 14:42:54","5007","Information","Microsoft-Windows-Windows Defender","Microsoft Defender Antivirus Configuration has changed. If this is an unexpected event you should review the settings as this may be the result of malware.
 	Old value: HKLM\SOFTWARE\Policies\Microsoft\Windows Defender\Policy Manager\Real-Time Protection\DisableScriptScanning = 0x0
 	New value: Default\Real-Time Protection\DisableScriptScanning = 0x0"
"18-08-2026 14:42:53","2010","Information","Microsoft-Windows-Windows Defender","Microsoft Defender Antivirus used cloud protection to get additional security intelligence.
 	Current security intelligence Version: 1.457.222.0
 	Security intelligence Type: 
 	User: \
 	Current Engine Version: 1.1.26070.7
 	Cloud protection intelligence Type: Security intelligence update
 	Persistence Path: C:\ProgramData\Microsoft\Windows Defender\Scans\RtSigs\data\17b814a31b02df0956be2de79beb19ebe7723a95
 	Cloud protection intelligence Version: 0.0.0.0
 	Cloud protection intelligence Compilation Timestamp: 18-08-2026 09:12:53
 	Persistence Limit Type: Duration
 	Persistence Limit: 50065408"
"18-08-2026 14:38:21","5007","Information","Microsoft-Windows-Windows Defender","Microsoft Defender Antivirus Configuration has changed. If this is an unexpected event you should review the settings as this may be the result of malware.
 	Old value: HKLM\SOFTWARE\Microsoft\Windows Defender\UX Configuration\ToastOrSsoTrigger = 0x1
 	New value: HKLM\SOFTWARE\Microsoft\Windows Defender\UX Configuration\ToastOrSsoTrigger = 0x0"
"18-08-2026 14:38:21","5007","Information","Microsoft-Windows-Windows Defender","Microsoft Defender Antivirus Configuration has changed. If this is an unexpected event you should review the settings as this may be the result of malware.
 	Old value: HKLM\SOFTWARE\Microsoft\Windows Defender\UX Configuration\ToastOrSsoTrigger = 0x1
 	New value: HKLM\SOFTWARE\Microsoft\Windows Defender\UX Configuration\ToastOrSsoTrigger = 0x0"
"18-08-2026 14:36:10","2010","Information","Microsoft-Windows-Windows Defender","Microsoft Defender Antivirus used cloud protection to get additional security intelligence.
 	Current security intelligence Version: 1.457.222.0
 	Security intelligence Type: 
 	User: \
 	Current Engine Version: 1.1.26070.7
 	Cloud protection intelligence Type: Security intelligence update
 	Persistence Path: C:\ProgramData\Microsoft\Windows Defender\Scans\RtSigs\data\e3dbed8d0744b30b925568337e60b00de95fe7a8
 	Cloud protection intelligence Version: 0.0.0.0
 	Cloud protection intelligence Compilation Timestamp: 18-08-2026 09:06:10
 	Persistence Limit Type: Duration
 	Persistence Limit: 72000000"
"18-08-2026 14:36:10","2010","Information","Microsoft-Windows-Windows Defender","Microsoft Defender Antivirus used cloud protection to get additional security intelligence.
 	Current security intelligence Version: 1.457.222.0
 	Security intelligence Type: 
 	User: \
 	Current Engine Version: 1.1.26070.7
 	Cloud protection intelligence Type: Security intelligence update
 	Persistence Path: C:\ProgramData\Microsoft\Windows Defender\Scans\RtSigs\data\a88ce34bedc1de7ca11430e754779ae8d0d35ddd
 	Cloud protection intelligence Version: 0.0.0.0
 	Cloud protection intelligence Compilation Timestamp: 18-08-2026 09:06:10
 	Persistence Limit Type: Duration
 	Persistence Limit: 432000000"
"18-08-2026 14:31:59","5007","Information","Microsoft-Windows-Windows Defender","Microsoft Defender Antivirus Configuration has changed. If this is an unexpected event you should review the settings as this may be the result of malware.
 	Old value: HKLM\SOFTWARE\Microsoft\Windows Defender\SpyNet\LastMAPSFailureTimeString = 2026-08-18T09:01:58Z
 	New value: HKLM\SOFTWARE\Microsoft\Windows Defender\SpyNet\LastMAPSFailureTimeString = 2026-08-18T09:01:59Z"
"18-08-2026 14:31:59","5007","Information","Microsoft-Windows-Windows Defender","Microsoft Defender Antivirus Configuration has changed. If this is an unexpected event you should review the settings as this may be the result of malware.
 	Old value: HKLM\SOFTWARE\Microsoft\Windows Defender\SpyNet\LastMAPSFailureTimeString = 2026-08-18T09:01:58Z
 	New value: HKLM\SOFTWARE\Microsoft\Windows Defender\SpyNet\LastMAPSFailureTimeString = 2026-08-18T09:01:59Z"
"18-08-2026 14:31:58","5007","Information","Microsoft-Windows-Windows Defender","Microsoft Defender Antivirus Configuration has changed. If this is an unexpected event you should review the settings as this may be the result of malware.
 	Old value: HKLM\SOFTWARE\Microsoft\Windows Defender\SpyNet\LastMAPSFailureTimeString = 2026-08-18T05:00:20Z
 	New value: HKLM\SOFTWARE\Microsoft\Windows Defender\SpyNet\LastMAPSFailureTimeString = 2026-08-18T09:01:58Z"
"18-08-2026 14:31:58","5007","Information","Microsoft-Windows-Windows Defender","Microsoft Defender Antivirus Configuration has changed. If this is an unexpected event you should review the settings as this may be the result of malware.
 	Old value: HKLM\SOFTWARE\Microsoft\Windows Defender\SpyNet\LastMAPSFailureTimeString = 2026-08-18T05:00:20Z
 	New value: HKLM\SOFTWARE\Microsoft\Windows Defender\SpyNet\LastMAPSFailureTimeString = 2026-08-18T09:01:58Z"
"18-08-2026 14:31:13","5007","Information","Microsoft-Windows-Windows Defender","Microsoft Defender Antivirus Configuration has changed. If this is an unexpected event you should review the settings as this may be the result of malware.
 	Old value: HKLM\SOFTWARE\Policies\Microsoft\Windows Defender\Policy Manager\SpyNet\SpyNetReporting = 0x1
 	New value: HKLM\SOFTWARE\Microsoft\Windows Defender\SpyNet\SpyNetReporting = 0x2"
"18-08-2026 14:31:12","5007","Information","Microsoft-Windows-Windows Defender","Microsoft Defender Antivirus Configuration has changed. If this is an unexpected event you should review the settings as this may be the result of malware.
 	Old value: HKLM\SOFTWARE\Microsoft\Windows Defender\ServiceStartStates = 0x1
 	New value: Default\ServiceStartStates = 0x0"
"18-08-2026 14:31:12","5007","Information","Microsoft-Windows-Windows Defender","Microsoft Defender Antivirus Configuration has changed. If this is an unexpected event you should review the settings as this may be the result of malware.
 	Old value: Default\ProductAppDataPath = C:\ProgramData\Microsoft\Windows Defender
 	New value: HKLM\SOFTWARE\Microsoft\Windows Defender\ProductAppDataPath = C:\ProgramData\Microsoft\Windows Defender"
"18-08-2026 14:31:12","5007","Information","Microsoft-Windows-Windows Defender","Microsoft Defender Antivirus Configuration has changed. If this is an unexpected event you should review the settings as this may be the result of malware.
 	Old value: HKLM\SOFTWARE\Microsoft\Windows Defender\ServiceStartStates = 0x1
 	New value: Default\ServiceStartStates = 0x0"
"18-08-2026 14:31:09","5007","Information","Microsoft-Windows-Windows Defender","Microsoft Defender Antivirus Configuration has changed. If this is an unexpected event you should review the settings as this may be the result of malware.
 	Old value: HKLM\SOFTWARE\Microsoft\Windows Defender\Diagnostics\InitializingComponentProgress = LoadingEngine
 	New value: HKLM\SOFTWARE\Microsoft\Windows Defender\Diagnostics\InitializingComponentProgress = ServiceStartedSuccessfully"
"18-08-2026 14:31:09","5007","Information","Microsoft-Windows-Windows Defender","Microsoft Defender Antivirus Configuration has changed. If this is an unexpected event you should review the settings as this may be the result of malware.
 	Old value: HKLM\SOFTWARE\Microsoft\Windows Defender\CoreService\WdConfigHash = 0xF214B0FD
 	New value: HKLM\SOFTWARE\Microsoft\Windows Defender\CoreService\WdConfigHash = 0xE95AB8D6"
"18-08-2026 14:31:09","5007","Information","Microsoft-Windows-Windows Defender","Microsoft Defender Antivirus Configuration has changed. If this is an unexpected event you should review the settings as this may be the result of malware.
 	Old value: HKLM\SOFTWARE\Microsoft\Windows Defender\Diagnostics\InitializingComponentProgress = LoadingEngine
 	New value: HKLM\SOFTWARE\Microsoft\Windows Defender\Diagnostics\InitializingComponentProgress = ServiceStartedSuccessfully"
"18-08-2026 14:31:09","5007","Information","Microsoft-Windows-Windows Defender","Microsoft Defender Antivirus Configuration has changed. If this is an unexpected event you should review the settings as this may be the result of malware.
 	Old value: HKLM\SOFTWARE\Microsoft\Windows Defender\CoreService\WdConfigHash = 0xF214B0FD
 	New value: HKLM\SOFTWARE\Microsoft\Windows Defender\CoreService\WdConfigHash = 0xE95AB8D6"
"18-08-2026 14:31:05","5007","Information","Microsoft-Windows-Windows Defender","Microsoft Defender Antivirus Configuration has changed. If this is an unexpected event you should review the settings as this may be the result of malware.
 	Old value: HKLM\SOFTWARE\Microsoft\Windows Defender\Diagnostics\InitializingComponentProgress = InitRtpPlugin
 	New value: HKLM\SOFTWARE\Microsoft\Windows Defender\Diagnostics\InitializingComponentProgress = LoadingEngine"
"18-08-2026 14:31:05","5007","Information","Microsoft-Windows-Windows Defender","Microsoft Defender Antivirus Configuration has changed. If this is an unexpected event you should review the settings as this may be the result of malware.
 	Old value: HKLM\SOFTWARE\Microsoft\Windows Defender\Diagnostics\InitializingComponentProgress = InitRtpPlugin
 	New value: HKLM\SOFTWARE\Microsoft\Windows Defender\Diagnostics\InitializingComponentProgress = LoadingEngine"
"18-08-2026 14:31:02","5007","Information","Microsoft-Windows-Windows Defender","Microsoft Defender Antivirus Configuration has changed. If this is an unexpected event you should review the settings as this may be the result of malware.
 	Old value: HKLM\SOFTWARE\Microsoft\Windows Defender\Diagnostics\InitializingComponentProgress = PostPlatformUpdate
 	New value: HKLM\SOFTWARE\Microsoft\Windows Defender\Diagnostics\InitializingComponentProgress = InitRtpPlugin"
"18-08-2026 14:31:02","5007","Information","Microsoft-Windows-Windows Defender","Microsoft Defender Antivirus Configuration has changed. If this is an unexpected event you should review the settings as this may be the result of malware.
 	Old value: Default\ServiceStartStates = 0x0
 	New value: HKLM\SOFTWARE\Microsoft\Windows Defender\ServiceStartStates = 0x1"
"18-08-2026 14:31:02","5007","Information","Microsoft-Windows-Windows Defender","Microsoft Defender Antivirus Configuration has changed. If this is an unexpected event you should review the settings as this may be the result of malware.
 	Old value: HKLM\SOFTWARE\Microsoft\Windows Defender\Diagnostics\InitializingComponentProgress = InitService
 	New value: HKLM\SOFTWARE\Microsoft\Windows Defender\Diagnostics\InitializingComponentProgress = InitRtpPlugin"
"18-08-2026 14:31:02","5007","Information","Microsoft-Windows-Windows Defender","Microsoft Defender Antivirus Configuration has changed. If this is an unexpected event you should review the settings as this may be the result of malware.
 	Old value: Default\ServiceStartStates = 0x0
 	New value: HKLM\SOFTWARE\Microsoft\Windows Defender\ServiceStartStates = 0x1"
"18-08-2026 14:30:58","5007","Information","Microsoft-Windows-Windows Defender","Microsoft Defender Antivirus Configuration has changed. If this is an unexpected event you should review the settings as this may be the result of malware.
 	Old value: HKLM\SOFTWARE\Microsoft\Windows Defender\Features\DlpDisablePrintDetours = 0x0
 	New value: HKLM\SOFTWARE\Microsoft\Windows Defender\Features\DlpDisablePrintDetours = 0x1"
"18-08-2026 14:30:56","5007","Information","Microsoft-Windows-Windows Defender","Microsoft Defender Antivirus Configuration has changed. If this is an unexpected event you should review the settings as this may be the result of malware.
 	Old value: HKLM\SOFTWARE\Microsoft\Windows Defender\Features\DlpDisablePrintDetours = 0x1
 	New value: HKLM\SOFTWARE\Microsoft\Windows Defender\Features\DlpDisablePrintDetours = 0x0"
"18-08-2026 14:30:56","5007","Information","Microsoft-Windows-Windows Defender","Microsoft Defender Antivirus Configuration has changed. If this is an unexpected event you should review the settings as this may be the result of malware.
 	Old value: HKLM\SOFTWARE\Microsoft\Windows Defender\Features\DlpDisablePrintDetours = 0x1
 	New value: HKLM\SOFTWARE\Microsoft\Windows Defender\Features\DlpDisablePrintDetours = 0x0"
"18-08-2026 14:30:56","5007","Information","Microsoft-Windows-Windows Defender","Microsoft Defender Antivirus Configuration has changed. If this is an unexpected event you should review the settings as this may be the result of malware.
 	Old value: HKLM\SOFTWARE\Microsoft\Windows Defender\Diagnostics\InitializingComponentProgress = ProcessMitigations
 	New value: HKLM\SOFTWARE\Microsoft\Windows Defender\Diagnostics\InitializingComponentProgress = PostPlatformUpdate"
"18-08-2026 14:30:56","5007","Information","Microsoft-Windows-Windows Defender","Microsoft Defender Antivirus Configuration has changed. If this is an unexpected event you should review the settings as this may be the result of malware.
 	Old value: HKLM\SOFTWARE\Microsoft\Windows Defender\CoreService\WdConfigHash = 0xE95AB8D6
 	New value: HKLM\SOFTWARE\Microsoft\Windows Defender\CoreService\WdConfigHash = 0xF214B0FD"
"18-08-2026 14:30:56","5007","Information","Microsoft-Windows-Windows Defender","Microsoft Defender Antivirus Configuration has changed. If this is an unexpected event you should review the settings as this may be the result of malware.
 	Old value: HKLM\SOFTWARE\Microsoft\Windows Defender\Diagnostics\InitializingComponentProgress = ProcessMitigations
 	New value: HKLM\SOFTWARE\Microsoft\Windows Defender\Diagnostics\InitializingComponentProgress = PostPlatformUpdate"
"18-08-2026 14:30:56","5007","Information","Microsoft-Windows-Windows Defender","Microsoft Defender Antivirus Configuration has changed. If this is an unexpected event you should review the settings as this may be the result of malware.
 	Old value: HKLM\SOFTWARE\Microsoft\Windows Defender\CoreService\WdConfigHash = 0xE95AB8D6
 	New value: HKLM\SOFTWARE\Microsoft\Windows Defender\CoreService\WdConfigHash = 0xF214B0FD"
"18-08-2026 14:30:55","5007","Information","Microsoft-Windows-Windows Defender","Microsoft Defender Antivirus Configuration has changed. If this is an unexpected event you should review the settings as this may be the result of malware.
 	Old value: HKLM\SOFTWARE\Microsoft\Windows Defender\Diagnostics\InitializingComponentProgress = InitializeMiscConfigLibrary
 	New value: HKLM\SOFTWARE\Microsoft\Windows Defender\Diagnostics\InitializingComponentProgress = ProcessMitigations"
"18-08-2026 14:30:55","5007","Information","Microsoft-Windows-Windows Defender","Microsoft Defender Antivirus Configuration has changed. If this is an unexpected event you should review the settings as this may be the result of malware.
 	Old value: HKLM\SOFTWARE\Microsoft\Windows Defender\Diagnostics\InitializingComponentProgress = InitializeConfigLibrary
 	New value: HKLM\SOFTWARE\Microsoft\Windows Defender\Diagnostics\InitializingComponentProgress = ProcessMitigations"
