"TimeCreated","Id","LevelDisplayName","ProviderName","Message"
"18-08-2026 14:46:22","62443","Information","Microsoft-Windows-Shell-Core","AppDefault Info: Querying default browser info"
"18-08-2026 14:31:31","62443","Information","Microsoft-Windows-Shell-Core","AppDefault Info: SetDefault-Info: Association=read, ProgId=MSEdgeHTM, U=S-1-12-1-2357405129-1281513531-255772574-1816207334, T=2026:05:06:23:05:35, H=/E7tvyIAW3Y="
"18-08-2026 14:31:31","62443","Information","Microsoft-Windows-Shell-Core","AppDefault Info: SetDefault: Association=read, ProgId=MSEdgeHTM"
"18-08-2026 14:31:31","62443","Information","Microsoft-Windows-Shell-Core","AppDefault Info: SetDefault-Info: Association=onenote, ProgId=OneNote.URL.16, U=S-1-12-1-2357405129-1281513531-255772574-1816207334, T=2026:05:06:23:05:35, H=OvOwCi/9gU8="
"18-08-2026 14:31:31","62443","Information","Microsoft-Windows-Shell-Core","AppDefault Info: SetDefault: Association=onenote, ProgId=OneNote.URL.16"
"18-08-2026 14:31:31","62443","Information","Microsoft-Windows-Shell-Core","AppDefault Info: SetDefault-Info: Association=ms-xbl-3d8b930f, ProgId=MSEdgeHTM, U=S-1-12-1-2357405129-1281513531-255772574-1816207334, T=2026:05:06:23:05:35, H=hBzMZybqKJg="
"18-08-2026 14:31:31","62443","Information","Microsoft-Windows-Shell-Core","AppDefault Info: SetDefault: Association=ms-xbl-3d8b930f, ProgId=MSEdgeHTM"
"18-08-2026 14:31:31","62443","Information","Microsoft-Windows-Shell-Core","AppDefault Info: SetDefault-Info: Association=ms-screenclip, ProgId=AppXfeq5vwnakrw6cy02kzhq8ekhhsremh62, U=S-1-12-1-2357405129-1281513531-255772574-1816207334, T=2026:05:06:23:05:35, H=GvkzRuC3cfc="
"18-08-2026 14:31:31","62443","Information","Microsoft-Windows-Shell-Core","AppDefault Info: SetDefault: Association=ms-screenclip, ProgId=AppXfeq5vwnakrw6cy02kzhq8ekhhsremh62"
"18-08-2026 14:31:31","62443","Information","Microsoft-Windows-Shell-Core","AppDefault Info: SetDefault-Info: Association=ms-outlook, ProgId=AppX1scw7cgxcz9hmq03sd8qajzg3s9t7901, U=S-1-12-1-2357405129-1281513531-255772574-1816207334, T=2026:05:06:23:05:35, H=5toUzjAjhgY="
"18-08-2026 14:31:31","62443","Information","Microsoft-Windows-Shell-Core","AppDefault Info: SetDefault: Association=ms-outlook, ProgId=AppX1scw7cgxcz9hmq03sd8qajzg3s9t7901"
"18-08-2026 14:31:31","62443","Information","Microsoft-Windows-Shell-Core","AppDefault Info: SetDefault-Info: Association=microsoft-edge-holographic, ProgId=MSEdgeHTM, U=S-1-12-1-2357405129-1281513531-255772574-1816207334, T=2026:05:06:23:05:35, H=GD7d0P9BheI="
"18-08-2026 14:31:31","62443","Information","Microsoft-Windows-Shell-Core","AppDefault Info: SetDefault: Association=microsoft-edge-holographic, ProgId=MSEdgeHTM"
"18-08-2026 14:31:31","62443","Information","Microsoft-Windows-Shell-Core","AppDefault Info: SetDefault-Info: Association=microsoft-edge, ProgId=MSEdgeHTM, U=S-1-12-1-2357405129-1281513531-255772574-1816207334, T=2026:05:06:23:05:35, H=hyJViDe+P4I="
"18-08-2026 14:31:31","62443","Information","Microsoft-Windows-Shell-Core","AppDefault Info: SetDefault: Association=microsoft-edge, ProgId=MSEdgeHTM"
"18-08-2026 14:31:30","62443","Information","Microsoft-Windows-Shell-Core","AppDefault Info: SetDefault-Info: Association=mailto, ProgId=Outlook.URL.mailto.15, U=S-1-12-1-2357405129-1281513531-255772574-1816207334, T=2026:05:06:23:05:35, H=6qYi6E04sH4="
"18-08-2026 14:31:30","62443","Information","Microsoft-Windows-Shell-Core","AppDefault Info: SetDefault: Association=mailto, ProgId=Outlook.URL.mailto.15"
"18-08-2026 14:31:30","62443","Information","Microsoft-Windows-Shell-Core","AppDefault Info: SetDefault-Info: Association=https, ProgId=MSEdgeHTM, U=S-1-12-1-2357405129-1281513531-255772574-1816207334, T=2026:08:01:10:04:11, H=jZzaW5oJEOI="
"18-08-2026 14:31:30","62443","Information","Microsoft-Windows-Shell-Core","AppDefault Info: SetDefault: Association=https, ProgId=MSEdgeHTM"
"18-08-2026 14:31:30","62443","Information","Microsoft-Windows-Shell-Core","AppDefault Info: SetDefault-Info: Association=http, ProgId=MSEdgeHTM, U=S-1-12-1-2357405129-1281513531-255772574-1816207334, T=2026:08:01:10:04:11, H=egiKsR34MeQ="
"18-08-2026 14:31:30","62443","Information","Microsoft-Windows-Shell-Core","AppDefault Info: SetDefault: Association=http, ProgId=MSEdgeHTM"
"18-08-2026 14:31:30","62443","Information","Microsoft-Windows-Shell-Core","AppDefault Info: SetDefault-Info: Association=ftp, ProgId=MSEdgeHTM, U=S-1-12-1-2357405129-1281513531-255772574-1816207334, T=2026:05:06:23:05:35, H=0FMJNG4rgbk="
"18-08-2026 14:31:30","62443","Information","Microsoft-Windows-Shell-Core","AppDefault Info: SetDefault: Association=ftp, ProgId=MSEdgeHTM"
"18-08-2026 14:31:30","62443","Information","Microsoft-Windows-Shell-Core","AppDefault Info: SetDefault-Info: Association=.xml, ProgId=MSEdgeHTM, U=S-1-12-1-2357405129-1281513531-255772574-1816207334, T=2026:08:02:18:09:01, H=Z4rCd0xr42w="
"18-08-2026 14:31:30","62443","Information","Microsoft-Windows-Shell-Core","AppDefault Info: SetDefault: Association=.xml, ProgId=MSEdgeHTM"
"18-08-2026 14:31:30","62443","Information","Microsoft-Windows-Shell-Core","AppDefault Info: SetDefault-Info: Association=.xhtml, ProgId=MSEdgeHTM, U=S-1-12-1-2357405129-1281513531-255772574-1816207334, T=2026:08:02:18:09:01, H=YCMyzbmx4E0="
"18-08-2026 14:31:30","62443","Information","Microsoft-Windows-Shell-Core","AppDefault Info: SetDefault: Association=.xhtml, ProgId=MSEdgeHTM"
"18-08-2026 14:31:30","62443","Information","Microsoft-Windows-Shell-Core","AppDefault Info: SetDefault-Info: Association=.xht, ProgId=MSEdgeHTM, U=S-1-12-1-2357405129-1281513531-255772574-1816207334, T=2026:08:02:18:09:01, H=ZAXrhB4JITQ="
"18-08-2026 14:31:30","62443","Information","Microsoft-Windows-Shell-Core","AppDefault Info: SetDefault: Association=.xht, ProgId=MSEdgeHTM"
"18-08-2026 14:31:30","62443","Information","Microsoft-Windows-Shell-Core","AppDefault Info: SetDefault-Info: Association=.wvx, ProgId=WMP11.AssocFile.WVX, U=S-1-12-1-2357405129-1281513531-255772574-1816207334, T=2026:08:02:18:09:01, H=XyDy4y3s6pc="
"18-08-2026 14:31:30","62443","Information","Microsoft-Windows-Shell-Core","AppDefault Info: SetDefault: Association=.wvx, ProgId=WMP11.AssocFile.WVX"
"18-08-2026 14:31:30","62443","Information","Microsoft-Windows-Shell-Core","AppDefault Info: SetDefault-Info: Association=.WPL, ProgId=WMP11.AssocFile.WPL, U=S-1-12-1-2357405129-1281513531-255772574-1816207334, T=2026:08:02:18:09:01, H=jm747kbu8Qo="
"18-08-2026 14:31:30","62443","Information","Microsoft-Windows-Shell-Core","AppDefault Info: SetDefault: Association=.WPL, ProgId=WMP11.AssocFile.WPL"
"18-08-2026 14:31:30","62443","Information","Microsoft-Windows-Shell-Core","AppDefault Info: SetDefault-Info: Association=.wmx, ProgId=WMP11.AssocFile.ASX, U=S-1-12-1-2357405129-1281513531-255772574-1816207334, T=2026:08:02:18:09:01, H=3TGteA5Zw/s="
"18-08-2026 14:31:30","62443","Information","Microsoft-Windows-Shell-Core","AppDefault Info: SetDefault: Association=.wmx, ProgId=WMP11.AssocFile.ASX"
"18-08-2026 14:31:30","62443","Information","Microsoft-Windows-Shell-Core","AppDefault Info: SetDefault-Info: Association=.wmv, ProgId=WMP11.AssocFile.WMV, U=S-1-12-1-2357405129-1281513531-255772574-1816207334, T=2026:08:02:18:09:01, H=IQPNyBQl9io="
"18-08-2026 14:31:30","62443","Information","Microsoft-Windows-Shell-Core","AppDefault Info: SetDefault: Association=.wmv, ProgId=WMP11.AssocFile.WMV"
"18-08-2026 14:31:30","62443","Information","Microsoft-Windows-Shell-Core","AppDefault Info: SetDefault-Info: Association=.wmf, ProgId=AppXcesbfs704v2mjbts9dkr42s9vmrhxbkj, U=S-1-12-1-2357405129-1281513531-255772574-1816207334, T=2026:08:02:18:09:01, H=FsQX8CdFZbw="
"18-08-2026 14:31:30","62443","Information","Microsoft-Windows-Shell-Core","AppDefault Info: SetDefault: Association=.wmf, ProgId=AppXcesbfs704v2mjbts9dkr42s9vmrhxbkj"
"18-08-2026 14:31:30","62443","Information","Microsoft-Windows-Shell-Core","AppDefault Info: SetDefault-Info: Association=.wma, ProgId=WMP11.AssocFile.WMA, U=S-1-12-1-2357405129-1281513531-255772574-1816207334, T=2026:08:02:18:09:01, H=gKHVwfY3bvs="
"18-08-2026 14:31:30","62443","Information","Microsoft-Windows-Shell-Core","AppDefault Info: SetDefault: Association=.wma, ProgId=WMP11.AssocFile.WMA"
"18-08-2026 14:31:30","62443","Information","Microsoft-Windows-Shell-Core","AppDefault Info: SetDefault-Info: Association=.wm, ProgId=WMP11.AssocFile.ASF, U=S-1-12-1-2357405129-1281513531-255772574-1816207334, T=2026:08:02:18:09:01, H=ehs+YRAqEu4="
"18-08-2026 14:31:30","62443","Information","Microsoft-Windows-Shell-Core","AppDefault Info: SetDefault: Association=.wm, ProgId=WMP11.AssocFile.ASF"
"18-08-2026 14:31:30","62443","Information","Microsoft-Windows-Shell-Core","AppDefault Info: SetDefault-Info: Association=.webp, ProgId=AppX43hnxtbyyps62jhe9sqpdzxn1790zetc, U=S-1-12-1-2357405129-1281513531-255772574-1816207334, T=2026:08:02:18:09:01, H=mElIgTuMcwY="
"18-08-2026 14:31:30","62443","Information","Microsoft-Windows-Shell-Core","AppDefault Info: SetDefault: Association=.webp, ProgId=AppX43hnxtbyyps62jhe9sqpdzxn1790zetc"
"18-08-2026 14:31:30","62443","Information","Microsoft-Windows-Shell-Core","AppDefault Info: SetDefault-Info: Association=.wdp, ProgId=AppX43hnxtbyyps62jhe9sqpdzxn1790zetc, U=S-1-12-1-2357405129-1281513531-255772574-1816207334, T=2026:08:02:18:09:01, H=TGfquM4yORs="
"18-08-2026 14:31:30","62443","Information","Microsoft-Windows-Shell-Core","AppDefault Info: SetDefault: Association=.wdp, ProgId=AppX43hnxtbyyps62jhe9sqpdzxn1790zetc"
"18-08-2026 14:31:30","62443","Information","Microsoft-Windows-Shell-Core","AppDefault Info: SetDefault-Info: Association=.wax, ProgId=WMP11.AssocFile.WAX, U=S-1-12-1-2357405129-1281513531-255772574-1816207334, T=2026:08:02:18:09:01, H=yfQDvZspGGQ="
"18-08-2026 14:31:30","62443","Information","Microsoft-Windows-Shell-Core","AppDefault Info: SetDefault: Association=.wax, ProgId=WMP11.AssocFile.WAX"
"18-08-2026 14:31:29","62443","Information","Microsoft-Windows-Shell-Core","AppDefault Info: SetDefault-Info: Association=.wav, ProgId=WMP11.AssocFile.WAV, U=S-1-12-1-2357405129-1281513531-255772574-1816207334, T=2026:08:02:18:09:01, H=9R+uoO9xU0Y="
"18-08-2026 14:31:29","62443","Information","Microsoft-Windows-Shell-Core","AppDefault Info: SetDefault: Association=.wav, ProgId=WMP11.AssocFile.WAV"
"18-08-2026 14:31:29","62443","Information","Microsoft-Windows-Shell-Core","AppDefault Info: SetDefault-Info: Association=.vcf, ProgId=AppXpb1vntage8kvnwpyg40aqz34j851h4p1, U=S-1-12-1-2357405129-1281513531-255772574-1816207334, T=2026:08:02:18:09:01, H=blC3xjtqUbg="
"18-08-2026 14:31:29","62443","Information","Microsoft-Windows-Shell-Core","AppDefault Info: SetDefault: Association=.vcf, ProgId=AppXpb1vntage8kvnwpyg40aqz34j851h4p1"
"18-08-2026 14:31:29","62443","Information","Microsoft-Windows-Shell-Core","AppDefault Info: SetDefault-Info: Association=.url, ProgId=IE.AssocFile.URL, U=S-1-12-1-2357405129-1281513531-255772574-1816207334, T=2026:08:02:18:09:01, H=L+hvrRkqLqo="
"18-08-2026 14:31:29","62443","Information","Microsoft-Windows-Shell-Core","AppDefault Info: SetDefault: Association=.url, ProgId=IE.AssocFile.URL"
"18-08-2026 14:31:29","62443","Information","Microsoft-Windows-Shell-Core","AppDefault Info: SetDefault-Info: Association=.TTS, ProgId=WMP11.AssocFile.TTS, U=S-1-12-1-2357405129-1281513531-255772574-1816207334, T=2026:08:02:18:09:01, H=c9JVKd4ewTk="
"18-08-2026 14:31:29","62443","Information","Microsoft-Windows-Shell-Core","AppDefault Info: SetDefault: Association=.TTS, ProgId=WMP11.AssocFile.TTS"
"18-08-2026 14:31:29","62443","Information","Microsoft-Windows-Shell-Core","AppDefault Info: SetDefault-Info: Association=.TS, ProgId=WMP11.AssocFile.TTS, U=S-1-12-1-2357405129-1281513531-255772574-1816207334, T=2026:08:02:18:09:01, H=Bz4IosjHdlY="
"18-08-2026 14:31:29","62443","Information","Microsoft-Windows-Shell-Core","AppDefault Info: SetDefault: Association=.TS, ProgId=WMP11.AssocFile.TTS"
"18-08-2026 14:31:29","62443","Information","Microsoft-Windows-Shell-Core","AppDefault Info: SetDefault-Info: Association=.tiff, ProgId=PhotoViewer.FileAssoc.Tiff, U=S-1-12-1-2357405129-1281513531-255772574-1816207334, T=2026:08:02:18:09:01, H=pRCXDwK98tU="
"18-08-2026 14:31:29","62443","Information","Microsoft-Windows-Shell-Core","AppDefault Info: SetDefault: Association=.tiff, ProgId=PhotoViewer.FileAssoc.Tiff"
"18-08-2026 14:31:29","62443","Information","Microsoft-Windows-Shell-Core","AppDefault Info: SetDefault-Info: Association=.tif, ProgId=PhotoViewer.FileAssoc.Tiff, U=S-1-12-1-2357405129-1281513531-255772574-1816207334, T=2026:08:02:18:09:01, H=n5u6Jbt1C/s="
"18-08-2026 14:31:29","62443","Information","Microsoft-Windows-Shell-Core","AppDefault Info: SetDefault: Association=.tif, ProgId=PhotoViewer.FileAssoc.Tiff"
"18-08-2026 14:31:29","62443","Information","Microsoft-Windows-Shell-Core","AppDefault Info: SetDefault-Info: Association=.thumb, ProgId=AppX43hnxtbyyps62jhe9sqpdzxn1790zetc, U=S-1-12-1-2357405129-1281513531-255772574-1816207334, T=2026:08:02:18:09:01, H=dj71NHn6xso="
"18-08-2026 14:31:29","62443","Information","Microsoft-Windows-Shell-Core","AppDefault Info: SetDefault: Association=.thumb, ProgId=AppX43hnxtbyyps62jhe9sqpdzxn1790zetc"
"18-08-2026 14:31:29","62443","Information","Microsoft-Windows-Shell-Core","AppDefault Info: SetDefault-Info: Association=.svg, ProgId=MSEdgeHTM, U=S-1-12-1-2357405129-1281513531-255772574-1816207334, T=2026:08:02:18:09:01, H=Hhm8hrsjvy8="
"18-08-2026 14:31:29","62443","Information","Microsoft-Windows-Shell-Core","AppDefault Info: SetDefault: Association=.svg, ProgId=MSEdgeHTM"
"18-08-2026 14:31:29","62443","Information","Microsoft-Windows-Shell-Core","AppDefault Info: SetDefault-Info: Association=.srw, ProgId=AppX43hnxtbyyps62jhe9sqpdzxn1790zetc, U=S-1-12-1-2357405129-1281513531-255772574-1816207334, T=2026:08:02:18:09:01, H=EpuDeSoB3iw="
"18-08-2026 14:31:29","62443","Information","Microsoft-Windows-Shell-Core","AppDefault Info: SetDefault: Association=.srw, ProgId=AppX43hnxtbyyps62jhe9sqpdzxn1790zetc"
"18-08-2026 14:31:29","62443","Information","Microsoft-Windows-Shell-Core","AppDefault Info: SetDefault-Info: Association=.srf, ProgId=AppX9rkaq77s0jzh1tyccadx9ghba15r6t3h, U=S-1-12-1-2357405129-1281513531-255772574-1816207334, T=2026:08:02:18:09:01, H=6Tg4FRpLPgE="
"18-08-2026 14:31:29","62443","Information","Microsoft-Windows-Shell-Core","AppDefault Info: SetDefault: Association=.srf, ProgId=AppX9rkaq77s0jzh1tyccadx9ghba15r6t3h"
"18-08-2026 14:31:29","62443","Information","Microsoft-Windows-Shell-Core","AppDefault Info: SetDefault-Info: Association=.sr2, ProgId=AppX43hnxtbyyps62jhe9sqpdzxn1790zetc, U=S-1-12-1-2357405129-1281513531-255772574-1816207334, T=2026:08:02:18:09:01, H=90ylxHaiBn4="
"18-08-2026 14:31:29","62443","Information","Microsoft-Windows-Shell-Core","AppDefault Info: SetDefault: Association=.sr2, ProgId=AppX43hnxtbyyps62jhe9sqpdzxn1790zetc"
"18-08-2026 14:31:29","62443","Information","Microsoft-Windows-Shell-Core","AppDefault Info: SetDefault-Info: Association=.snd, ProgId=WMP11.AssocFile.AU, U=S-1-12-1-2357405129-1281513531-255772574-1816207334, T=2026:08:02:18:09:01, H=O6Yfj7THl8Q="
"18-08-2026 14:31:29","62443","Information","Microsoft-Windows-Shell-Core","AppDefault Info: SetDefault: Association=.snd, ProgId=WMP11.AssocFile.AU"
"18-08-2026 14:31:29","62443","Information","Microsoft-Windows-Shell-Core","AppDefault Info: SetDefault-Info: Association=.rwl, ProgId=AppX43hnxtbyyps62jhe9sqpdzxn1790zetc, U=S-1-12-1-2357405129-1281513531-255772574-1816207334, T=2026:08:02:18:09:01, H=E5xzN3wMiGQ="
"18-08-2026 14:31:29","62443","Information","Microsoft-Windows-Shell-Core","AppDefault Info: SetDefault: Association=.rwl, ProgId=AppX43hnxtbyyps62jhe9sqpdzxn1790zetc"
"18-08-2026 14:31:29","62443","Information","Microsoft-Windows-Shell-Core","AppDefault Info: SetDefault-Info: Association=.rw2, ProgId=AppX43hnxtbyyps62jhe9sqpdzxn1790zetc, U=S-1-12-1-2357405129-1281513531-255772574-1816207334, T=2026:08:02:18:09:01, H=R/qPZQ8Bu8Y="
"18-08-2026 14:31:29","62443","Information","Microsoft-Windows-Shell-Core","AppDefault Info: SetDefault: Association=.rw2, ProgId=AppX43hnxtbyyps62jhe9sqpdzxn1790zetc"
"18-08-2026 14:31:29","62443","Information","Microsoft-Windows-Shell-Core","AppDefault Info: SetDefault-Info: Association=.rmi, ProgId=WMP11.AssocFile.MIDI, U=S-1-12-1-2357405129-1281513531-255772574-1816207334, T=2026:08:02:18:09:01, H=26Kt0Jvn+a4="
"18-08-2026 14:31:29","62443","Information","Microsoft-Windows-Shell-Core","AppDefault Info: SetDefault: Association=.rmi, ProgId=WMP11.AssocFile.MIDI"
"18-08-2026 14:31:29","62443","Information","Microsoft-Windows-Shell-Core","AppDefault Info: SetDefault-Info: Association=.rle, ProgId=AppXcesbfs704v2mjbts9dkr42s9vmrhxbkj, U=S-1-12-1-2357405129-1281513531-255772574-1816207334, T=2026:08:02:18:09:01, H=rz+Vc6xHAV0="
"18-08-2026 14:31:29","62443","Information","Microsoft-Windows-Shell-Core","AppDefault Info: SetDefault: Association=.rle, ProgId=AppXcesbfs704v2mjbts9dkr42s9vmrhxbkj"
"18-08-2026 14:31:28","62443","Information","Microsoft-Windows-Shell-Core","AppDefault Info: SetDefault-Info: Association=.raw, ProgId=AppX43hnxtbyyps62jhe9sqpdzxn1790zetc, U=S-1-12-1-2357405129-1281513531-255772574-1816207334, T=2026:08:02:18:09:01, H=zoDaQZF5SuY="
"18-08-2026 14:31:28","62443","Information","Microsoft-Windows-Shell-Core","AppDefault Info: SetDefault: Association=.raw, ProgId=AppX43hnxtbyyps62jhe9sqpdzxn1790zetc"
"18-08-2026 14:31:28","62443","Information","Microsoft-Windows-Shell-Core","AppDefault Info: SetDefault-Info: Association=.raf, ProgId=AppX43hnxtbyyps62jhe9sqpdzxn1790zetc, U=S-1-12-1-2357405129-1281513531-255772574-1816207334, T=2026:08:02:18:09:01, H=DT10nCGuZPU="
"18-08-2026 14:31:28","62443","Information","Microsoft-Windows-Shell-Core","AppDefault Info: SetDefault: Association=.raf, ProgId=AppX43hnxtbyyps62jhe9sqpdzxn1790zetc"
"18-08-2026 14:31:28","62443","Information","Microsoft-Windows-Shell-Core","AppDefault Info: SetDefault-Info: Association=.psm1, ProgId=AppX1b0e9ytcwx0wcmvkdey0h6af04t1ta3z, U=S-1-12-1-2357405129-1281513531-255772574-1816207334, T=2026:08:02:18:09:01, H=T4i0rn1jLKM="
"18-08-2026 14:31:28","62443","Information","Microsoft-Windows-Shell-Core","AppDefault Info: SetDefault: Association=.psm1, ProgId=AppX1b0e9ytcwx0wcmvkdey0h6af04t1ta3z"
"18-08-2026 14:31:28","62443","Information","Microsoft-Windows-Shell-Core","AppDefault Info: SetDefault-Info: Association=.psd1, ProgId=AppXc9vj55m1n3559gcjff0scsqeket80zp7, U=S-1-12-1-2357405129-1281513531-255772574-1816207334, T=2026:08:02:18:09:01, H=IZtikusJYC4="
"18-08-2026 14:31:28","62443","Information","Microsoft-Windows-Shell-Core","AppDefault Info: SetDefault: Association=.psd1, ProgId=AppXc9vj55m1n3559gcjff0scsqeket80zp7"
"18-08-2026 14:31:28","62443","Information","Microsoft-Windows-Shell-Core","AppDefault Info: SetDefault-Info: Association=.ps1, ProgId=AppXxf01pj590w7z9mxmyv3nx0a9ewj3e51g, U=S-1-12-1-2357405129-1281513531-255772574-1816207334, T=2026:08:02:18:09:01, H=jq9/HVuQICw="
"18-08-2026 14:31:28","62443","Information","Microsoft-Windows-Shell-Core","AppDefault Info: SetDefault: Association=.ps1, ProgId=AppXxf01pj590w7z9mxmyv3nx0a9ewj3e51g"
"18-08-2026 14:31:28","62443","Information","Microsoft-Windows-Shell-Core","AppDefault Info: SetDefault-Info: Association=.png, ProgId=AppX43hnxtbyyps62jhe9sqpdzxn1790zetc, U=S-1-12-1-2357405129-1281513531-255772574-1816207334, T=2026:08:02:18:09:01, H=/7Aier4YIy0="
"18-08-2026 14:31:28","62443","Information","Microsoft-Windows-Shell-Core","AppDefault Info: SetDefault: Association=.png, ProgId=AppX43hnxtbyyps62jhe9sqpdzxn1790zetc"
"18-08-2026 14:31:28","62443","Information","Microsoft-Windows-Shell-Core","AppDefault Info: SetDefault-Info: Association=.pef, ProgId=AppX43hnxtbyyps62jhe9sqpdzxn1790zetc, U=S-1-12-1-2357405129-1281513531-255772574-1816207334, T=2026:08:02:18:09:01, H=YQWJsQgS+g0="
"18-08-2026 14:31:28","62443","Information","Microsoft-Windows-Shell-Core","AppDefault Info: SetDefault: Association=.pef, ProgId=AppX43hnxtbyyps62jhe9sqpdzxn1790zetc"
"18-08-2026 14:31:28","62443","Information","Microsoft-Windows-Shell-Core","AppDefault Info: SetDefault-Info: Association=.pdf, ProgId=Acrobat.Document.DC, U=S-1-12-1-2357405129-1281513531-255772574-1816207334, T=2026:08:02:18:09:01, H=jrV6SRz/CgQ="
"18-08-2026 14:31:28","62443","Information","Microsoft-Windows-Shell-Core","AppDefault Info: SetDefault: Association=.pdf, ProgId=Acrobat.Document.DC"
"18-08-2026 14:31:28","62443","Information","Microsoft-Windows-Shell-Core","AppDefault Info: SetDefault-Info: Association=.ori, ProgId=AppX9rkaq77s0jzh1tyccadx9ghba15r6t3h, U=S-1-12-1-2357405129-1281513531-255772574-1816207334, T=2026:08:02:18:09:01, H=SiBbRhWrPN4="
"18-08-2026 14:31:28","62443","Information","Microsoft-Windows-Shell-Core","AppDefault Info: SetDefault: Association=.ori, ProgId=AppX9rkaq77s0jzh1tyccadx9ghba15r6t3h"
"18-08-2026 14:31:28","62443","Information","Microsoft-Windows-Shell-Core","AppDefault Info: SetDefault-Info: Association=.orf, ProgId=AppX43hnxtbyyps62jhe9sqpdzxn1790zetc, U=S-1-12-1-2357405129-1281513531-255772574-1816207334, T=2026:08:02:18:09:01, H=H/UPHn6luNg="
"18-08-2026 14:31:28","62443","Information","Microsoft-Windows-Shell-Core","AppDefault Info: SetDefault: Association=.orf, ProgId=AppX43hnxtbyyps62jhe9sqpdzxn1790zetc"
"18-08-2026 14:31:28","62443","Information","Microsoft-Windows-Shell-Core","AppDefault Info: SetDefault-Info: Association=.nrw, ProgId=AppX43hnxtbyyps62jhe9sqpdzxn1790zetc, U=S-1-12-1-2357405129-1281513531-255772574-1816207334, T=2026:08:02:18:09:01, H=/Ax34NcLGTc="
"18-08-2026 14:31:28","62443","Information","Microsoft-Windows-Shell-Core","AppDefault Info: SetDefault: Association=.nrw, ProgId=AppX43hnxtbyyps62jhe9sqpdzxn1790zetc"
"18-08-2026 14:31:28","62443","Information","Microsoft-Windows-Shell-Core","AppDefault Info: SetDefault-Info: Association=.nef, ProgId=AppX43hnxtbyyps62jhe9sqpdzxn1790zetc, U=S-1-12-1-2357405129-1281513531-255772574-1816207334, T=2026:08:02:18:09:01, H=3eskmi2DyAs="
"18-08-2026 14:31:28","62443","Information","Microsoft-Windows-Shell-Core","AppDefault Info: SetDefault: Association=.nef, ProgId=AppX43hnxtbyyps62jhe9sqpdzxn1790zetc"
"18-08-2026 14:31:28","62443","Information","Microsoft-Windows-Shell-Core","AppDefault Info: SetDefault-Info: Association=.mts, ProgId=WMP11.AssocFile.M2TS, U=S-1-12-1-2357405129-1281513531-255772574-1816207334, T=2026:08:02:18:09:01, H=eq4IqzQlrrE="
"18-08-2026 14:31:28","62443","Information","Microsoft-Windows-Shell-Core","AppDefault Info: SetDefault: Association=.mts, ProgId=WMP11.AssocFile.M2TS"
"18-08-2026 14:31:28","62443","Information","Microsoft-Windows-Shell-Core","AppDefault Info: SetDefault-Info: Association=.mrw, ProgId=AppX43hnxtbyyps62jhe9sqpdzxn1790zetc, U=S-1-12-1-2357405129-1281513531-255772574-1816207334, T=2026:08:02:18:09:01, H=yl2ZV9zf7cI="
"18-08-2026 14:31:28","62443","Information","Microsoft-Windows-Shell-Core","AppDefault Info: SetDefault: Association=.mrw, ProgId=AppX43hnxtbyyps62jhe9sqpdzxn1790zetc"
"18-08-2026 14:31:28","62443","Information","Microsoft-Windows-Shell-Core","AppDefault Info: SetDefault-Info: Association=.mpv2, ProgId=WMP11.AssocFile.MPEG, U=S-1-12-1-2357405129-1281513531-255772574-1816207334, T=2026:08:02:18:09:01, H=NfbcmUnf79Q="
"18-08-2026 14:31:28","62443","Information","Microsoft-Windows-Shell-Core","AppDefault Info: SetDefault: Association=.mpv2, ProgId=WMP11.AssocFile.MPEG"
"18-08-2026 14:31:28","62443","Information","Microsoft-Windows-Shell-Core","AppDefault Info: SetDefault-Info: Association=.mpg, ProgId=WMP11.AssocFile.MPEG, U=S-1-12-1-2357405129-1281513531-255772574-1816207334, T=2026:08:02:18:09:01, H=NBSaMVjAmFs="
"18-08-2026 14:31:28","62443","Information","Microsoft-Windows-Shell-Core","AppDefault Info: SetDefault: Association=.mpg, ProgId=WMP11.AssocFile.MPEG"
"18-08-2026 14:31:28","62443","Information","Microsoft-Windows-Shell-Core","AppDefault Info: SetDefault-Info: Association=.mpeg, ProgId=WMP11.AssocFile.MPEG, U=S-1-12-1-2357405129-1281513531-255772574-1816207334, T=2026:08:02:18:09:01, H=14E4Ja2DLLg="
"18-08-2026 14:31:28","62443","Information","Microsoft-Windows-Shell-Core","AppDefault Info: SetDefault: Association=.mpeg, ProgId=WMP11.AssocFile.MPEG"
"18-08-2026 14:31:27","62443","Information","Microsoft-Windows-Shell-Core","AppDefault Info: SetDefault-Info: Association=.MPE, ProgId=WMP11.AssocFile.MPEG, U=S-1-12-1-2357405129-1281513531-255772574-1816207334, T=2026:08:02:18:09:01, H=zCLmUXwVtzI="
"18-08-2026 14:31:27","62443","Information","Microsoft-Windows-Shell-Core","AppDefault Info: SetDefault: Association=.MPE, ProgId=WMP11.AssocFile.MPEG"
"18-08-2026 14:31:27","62443","Information","Microsoft-Windows-Shell-Core","AppDefault Info: SetDefault-Info: Association=.mpa, ProgId=WMP11.AssocFile.MPEG, U=S-1-12-1-2357405129-1281513531-255772574-1816207334, T=2026:08:02:18:09:01, H=R5Rz/Dvlzjo="
"18-08-2026 14:31:27","62443","Information","Microsoft-Windows-Shell-Core","AppDefault Info: SetDefault: Association=.mpa, ProgId=WMP11.AssocFile.MPEG"
"18-08-2026 14:31:27","62443","Information","Microsoft-Windows-Shell-Core","AppDefault Info: SetDefault-Info: Association=.mp4v, ProgId=WMP11.AssocFile.MP4, U=S-1-12-1-2357405129-1281513531-255772574-1816207334, T=2026:08:02:18:09:01, H=uwXQGKkNwMw="
"18-08-2026 14:31:27","62443","Information","Microsoft-Windows-Shell-Core","AppDefault Info: SetDefault: Association=.mp4v, ProgId=WMP11.AssocFile.MP4"
"18-08-2026 14:31:27","62443","Information","Microsoft-Windows-Shell-Core","AppDefault Info: SetDefault-Info: Association=.mp4, ProgId=WMP11.AssocFile.MP4, U=S-1-12-1-2357405129-1281513531-255772574-1816207334, T=2026:08:02:18:09:01, H=/TXt36Xzzlc="
"18-08-2026 14:31:27","62443","Information","Microsoft-Windows-Shell-Core","AppDefault Info: SetDefault: Association=.mp4, ProgId=WMP11.AssocFile.MP4"
"18-08-2026 14:31:27","62443","Information","Microsoft-Windows-Shell-Core","AppDefault Info: SetDefault-Info: Association=.mp3, ProgId=WMP11.AssocFile.MP3, U=S-1-12-1-2357405129-1281513531-255772574-1816207334, T=2026:08:02:18:09:01, H=5jSwi8OMiLg="
"18-08-2026 14:31:27","62443","Information","Microsoft-Windows-Shell-Core","AppDefault Info: SetDefault: Association=.mp3, ProgId=WMP11.AssocFile.MP3"
"18-08-2026 14:31:27","62443","Information","Microsoft-Windows-Shell-Core","AppDefault Info: SetDefault-Info: Association=.mp2v, ProgId=WMP11.AssocFile.MPEG, U=S-1-12-1-2357405129-1281513531-255772574-1816207334, T=2026:08:02:18:09:01, H=dDq5Y5vphkA="
"18-08-2026 14:31:27","62443","Information","Microsoft-Windows-Shell-Core","AppDefault Info: SetDefault: Association=.mp2v, ProgId=WMP11.AssocFile.MPEG"
"18-08-2026 14:31:27","62443","Information","Microsoft-Windows-Shell-Core","AppDefault Info: SetDefault-Info: Association=.MP2, ProgId=WMP11.AssocFile.MP3, U=S-1-12-1-2357405129-1281513531-255772574-1816207334, T=2026:08:02:18:09:01, H=mtD97r16+8s="
"18-08-2026 14:31:27","62443","Information","Microsoft-Windows-Shell-Core","AppDefault Info: SetDefault: Association=.MP2, ProgId=WMP11.AssocFile.MP3"
"18-08-2026 14:31:27","62443","Information","Microsoft-Windows-Shell-Core","AppDefault Info: SetDefault-Info: Association=.mov, ProgId=WMP11.AssocFile.MOV, U=S-1-12-1-2357405129-1281513531-255772574-1816207334, T=2026:08:02:18:09:01, H=wl7FELmKmp4="
"18-08-2026 14:31:27","62443","Information","Microsoft-Windows-Shell-Core","AppDefault Info: SetDefault: Association=.mov, ProgId=WMP11.AssocFile.MOV"
"18-08-2026 14:31:27","62443","Information","Microsoft-Windows-Shell-Core","AppDefault Info: SetDefault-Info: Association=.mos, ProgId=AppX9rkaq77s0jzh1tyccadx9ghba15r6t3h, U=S-1-12-1-2357405129-1281513531-255772574-1816207334, T=2026:08:02:18:09:01, H=S0BlZsEZwsY="
"18-08-2026 14:31:27","62443","Information","Microsoft-Windows-Shell-Core","AppDefault Info: SetDefault: Association=.mos, ProgId=AppX9rkaq77s0jzh1tyccadx9ghba15r6t3h"
"18-08-2026 14:31:27","62443","Information","Microsoft-Windows-Shell-Core","AppDefault Info: SetDefault-Info: Association=.mkv, ProgId=WMP11.AssocFile.MKV, U=S-1-12-1-2357405129-1281513531-255772574-1816207334, T=2026:08:02:18:09:01, H=86ZcWwez5R8="
"18-08-2026 14:31:27","62443","Information","Microsoft-Windows-Shell-Core","AppDefault Info: SetDefault: Association=.mkv, ProgId=WMP11.AssocFile.MKV"
"18-08-2026 14:31:27","62443","Information","Microsoft-Windows-Shell-Core","AppDefault Info: SetDefault-Info: Association=.mka, ProgId=WMP11.AssocFile.MKA, U=S-1-12-1-2357405129-1281513531-255772574-1816207334, T=2026:08:02:18:09:01, H=SjoHWQb3s6Q="
"18-08-2026 14:31:27","62443","Information","Microsoft-Windows-Shell-Core","AppDefault Info: SetDefault: Association=.mka, ProgId=WMP11.AssocFile.MKA"
"18-08-2026 14:31:27","62443","Information","Microsoft-Windows-Shell-Core","AppDefault Info: SetDefault-Info: Association=.mk3d, ProgId=WMP11.AssocFile.MK3D, U=S-1-12-1-2357405129-1281513531-255772574-1816207334, T=2026:08:02:18:09:01, H=m1EI/2tJJvk="
"18-08-2026 14:31:27","62443","Information","Microsoft-Windows-Shell-Core","AppDefault Info: SetDefault: Association=.mk3d, ProgId=WMP11.AssocFile.MK3D"
"18-08-2026 14:31:27","62443","Information","Microsoft-Windows-Shell-Core","AppDefault Info: SetDefault-Info: Association=.midi, ProgId=WMP11.AssocFile.MIDI, U=S-1-12-1-2357405129-1281513531-255772574-1816207334, T=2026:08:02:18:09:01, H=PFXRaef3Kpc="
"18-08-2026 14:31:27","62443","Information","Microsoft-Windows-Shell-Core","AppDefault Info: SetDefault: Association=.midi, ProgId=WMP11.AssocFile.MIDI"
"18-08-2026 14:31:27","62443","Information","Microsoft-Windows-Shell-Core","AppDefault Info: SetDefault-Info: Association=.mid, ProgId=WMP11.AssocFile.MIDI, U=S-1-12-1-2357405129-1281513531-255772574-1816207334, T=2026:08:02:18:09:01, H=su1sQAXa6WU="
"18-08-2026 14:31:27","62443","Information","Microsoft-Windows-Shell-Core","AppDefault Info: SetDefault: Association=.mid, ProgId=WMP11.AssocFile.MIDI"
"18-08-2026 14:31:27","62443","Information","Microsoft-Windows-Shell-Core","AppDefault Info: SetDefault-Info: Association=.mhtml, ProgId=MSEdgeHTM, U=S-1-12-1-2357405129-1281513531-255772574-1816207334, T=2026:08:02:18:09:01, H=vYxrQmVIrhA="
"18-08-2026 14:31:27","62443","Information","Microsoft-Windows-Shell-Core","AppDefault Info: SetDefault: Association=.mhtml, ProgId=MSEdgeHTM"
"18-08-2026 14:31:27","62443","Information","Microsoft-Windows-Shell-Core","AppDefault Info: SetDefault-Info: Association=.mht, ProgId=MSEdgeHTM, U=S-1-12-1-2357405129-1281513531-255772574-1816207334, T=2026:08:02:18:09:01, H=Fd289zd2178="
"18-08-2026 14:31:27","62443","Information","Microsoft-Windows-Shell-Core","AppDefault Info: SetDefault: Association=.mht, ProgId=MSEdgeHTM"
"18-08-2026 14:31:26","62443","Information","Microsoft-Windows-Shell-Core","AppDefault Info: SetDefault-Info: Association=.mef, ProgId=AppX9rkaq77s0jzh1tyccadx9ghba15r6t3h, U=S-1-12-1-2357405129-1281513531-255772574-1816207334, T=2026:08:02:18:09:01, H=dbCTTrl+7dY="
"18-08-2026 14:31:26","62443","Information","Microsoft-Windows-Shell-Core","AppDefault Info: SetDefault: Association=.mef, ProgId=AppX9rkaq77s0jzh1tyccadx9ghba15r6t3h"
"18-08-2026 14:31:26","62443","Information","Microsoft-Windows-Shell-Core","AppDefault Info: SetDefault-Info: Association=.m4v, ProgId=WMP11.AssocFile.MP4, U=S-1-12-1-2357405129-1281513531-255772574-1816207334, T=2026:08:02:18:09:01, H=37xMFQY2RvY="
"18-08-2026 14:31:26","62443","Information","Microsoft-Windows-Shell-Core","AppDefault Info: SetDefault: Association=.m4v, ProgId=WMP11.AssocFile.MP4"
"18-08-2026 14:31:26","62443","Information","Microsoft-Windows-Shell-Core","AppDefault Info: SetDefault-Info: Association=.m4a, ProgId=WMP11.AssocFile.M4A, U=S-1-12-1-2357405129-1281513531-255772574-1816207334, T=2026:08:02:18:09:01, H=16oLx1nsKR8="
"18-08-2026 14:31:26","62443","Information","Microsoft-Windows-Shell-Core","AppDefault Info: SetDefault: Association=.m4a, ProgId=WMP11.AssocFile.M4A"
"18-08-2026 14:31:26","62443","Information","Microsoft-Windows-Shell-Core","AppDefault Info: SetDefault-Info: Association=.m3u, ProgId=WMP11.AssocFile.m3u, U=S-1-12-1-2357405129-1281513531-255772574-1816207334, T=2026:08:02:18:09:01, H=kFj5BzEu2W8="
"18-08-2026 14:31:26","62443","Information","Microsoft-Windows-Shell-Core","AppDefault Info: SetDefault: Association=.m3u, ProgId=WMP11.AssocFile.m3u"
"18-08-2026 14:31:26","62443","Information","Microsoft-Windows-Shell-Core","AppDefault Info: SetDefault-Info: Association=.m2ts, ProgId=WMP11.AssocFile.M2TS, U=S-1-12-1-2357405129-1281513531-255772574-1816207334, T=2026:08:02:18:09:01, H=8bOJMzc4yY0="
"18-08-2026 14:31:26","62443","Information","Microsoft-Windows-Shell-Core","AppDefault Info: SetDefault: Association=.m2ts, ProgId=WMP11.AssocFile.M2TS"
"18-08-2026 14:31:26","62443","Information","Microsoft-Windows-Shell-Core","AppDefault Info: SetDefault-Info: Association=.m2t, ProgId=WMP11.AssocFile.M2TS, U=S-1-12-1-2357405129-1281513531-255772574-1816207334, T=2026:08:02:18:09:01, H=BIm55i6M7hE="
"18-08-2026 14:31:26","62443","Information","Microsoft-Windows-Shell-Core","AppDefault Info: SetDefault: Association=.m2t, ProgId=WMP11.AssocFile.M2TS"
"18-08-2026 14:31:26","62443","Information","Microsoft-Windows-Shell-Core","AppDefault Info: SetDefault-Info: Association=.m1v, ProgId=WMP11.AssocFile.MPEG, U=S-1-12-1-2357405129-1281513531-255772574-1816207334, T=2026:08:02:18:09:01, H=V8cutgl/v3c="
"18-08-2026 14:31:26","62443","Information","Microsoft-Windows-Shell-Core","AppDefault Info: SetDefault: Association=.m1v, ProgId=WMP11.AssocFile.MPEG"
"18-08-2026 14:31:26","62443","Information","Microsoft-Windows-Shell-Core","AppDefault Info: SetDefault-Info: Association=.kdc, ProgId=AppX43hnxtbyyps62jhe9sqpdzxn1790zetc, U=S-1-12-1-2357405129-1281513531-255772574-1816207334, T=2026:08:02:18:09:01, H=DEyHdqQ6ao8="
"18-08-2026 14:31:26","62443","Information","Microsoft-Windows-Shell-Core","AppDefault Info: SetDefault: Association=.kdc, ProgId=AppX43hnxtbyyps62jhe9sqpdzxn1790zetc"
"18-08-2026 14:31:26","62443","Information","Microsoft-Windows-Shell-Core","AppDefault Info: SetDefault-Info: Association=.k25, ProgId=AppX9rkaq77s0jzh1tyccadx9ghba15r6t3h, U=S-1-12-1-2357405129-1281513531-255772574-1816207334, T=2026:08:02:18:09:01, H=dyPVJLV698g="
"18-08-2026 14:31:26","62443","Information","Microsoft-Windows-Shell-Core","AppDefault Info: SetDefault: Association=.k25, ProgId=AppX9rkaq77s0jzh1tyccadx9ghba15r6t3h"
"18-08-2026 14:31:26","62443","Information","Microsoft-Windows-Shell-Core","AppDefault Info: SetDefault-Info: Association=.jxr, ProgId=AppX43hnxtbyyps62jhe9sqpdzxn1790zetc, U=S-1-12-1-2357405129-1281513531-255772574-1816207334, T=2026:08:02:18:09:01, H=2BviIYKrHQo="
"18-08-2026 14:31:26","62443","Information","Microsoft-Windows-Shell-Core","AppDefault Info: SetDefault: Association=.jxr, ProgId=AppX43hnxtbyyps62jhe9sqpdzxn1790zetc"
"18-08-2026 14:31:26","62443","Information","Microsoft-Windows-Shell-Core","AppDefault Info: SetDefault-Info: Association=.js, ProgId=AppXkv2jqn1pq8ajm0p5dhgqde7aafykkrrn, U=S-1-12-1-2357405129-1281513531-255772574-1816207334, T=2026:08:02:18:09:01, H=uvQDbMrLLuc="
"18-08-2026 14:31:26","62443","Information","Microsoft-Windows-Shell-Core","AppDefault Info: SetDefault: Association=.js, ProgId=AppXkv2jqn1pq8ajm0p5dhgqde7aafykkrrn"
"18-08-2026 14:31:26","62443","Information","Microsoft-Windows-Shell-Core","AppDefault Info: SetDefault-Info: Association=.jpg, ProgId=AppX43hnxtbyyps62jhe9sqpdzxn1790zetc, U=S-1-12-1-2357405129-1281513531-255772574-1816207334, T=2026:08:02:18:09:01, H=wXt+0mg8sMs="
"18-08-2026 14:31:26","62443","Information","Microsoft-Windows-Shell-Core","AppDefault Info: SetDefault: Association=.jpg, ProgId=AppX43hnxtbyyps62jhe9sqpdzxn1790zetc"
"18-08-2026 14:31:26","62443","Information","Microsoft-Windows-Shell-Core","AppDefault Info: SetDefault-Info: Association=.jpeg, ProgId=AppX43hnxtbyyps62jhe9sqpdzxn1790zetc, U=S-1-12-1-2357405129-1281513531-255772574-1816207334, T=2026:08:02:18:09:01, H=JyvAspJnZP8="
"18-08-2026 14:31:26","62443","Information","Microsoft-Windows-Shell-Core","AppDefault Info: SetDefault: Association=.jpeg, ProgId=AppX43hnxtbyyps62jhe9sqpdzxn1790zetc"
"18-08-2026 14:31:26","62443","Information","Microsoft-Windows-Shell-Core","AppDefault Info: SetDefault-Info: Association=.jpe, ProgId=AppX43hnxtbyyps62jhe9sqpdzxn1790zetc, U=S-1-12-1-2357405129-1281513531-255772574-1816207334, T=2026:08:02:18:09:01, H=Lj2TtzqY1uo="
"18-08-2026 14:31:26","62443","Information","Microsoft-Windows-Shell-Core","AppDefault Info: SetDefault: Association=.jpe, ProgId=AppX43hnxtbyyps62jhe9sqpdzxn1790zetc"
"18-08-2026 14:31:26","62443","Information","Microsoft-Windows-Shell-Core","AppDefault Info: SetDefault-Info: Association=.jfif, ProgId=AppX43hnxtbyyps62jhe9sqpdzxn1790zetc, U=S-1-12-1-2357405129-1281513531-255772574-1816207334, T=2026:08:02:18:09:01, H=YZKfSHJcPAY="
"18-08-2026 14:31:26","62443","Information","Microsoft-Windows-Shell-Core","AppDefault Info: SetDefault: Association=.jfif, ProgId=AppX43hnxtbyyps62jhe9sqpdzxn1790zetc"
"18-08-2026 14:31:26","62443","Information","Microsoft-Windows-Shell-Core","AppDefault Info: SetDefault-Info: Association=.iiq, ProgId=AppX9rkaq77s0jzh1tyccadx9ghba15r6t3h, U=S-1-12-1-2357405129-1281513531-255772574-1816207334, T=2026:08:02:18:09:01, H=SdYDpj+RZQ4="
"18-08-2026 14:31:26","62443","Information","Microsoft-Windows-Shell-Core","AppDefault Info: SetDefault: Association=.iiq, ProgId=AppX9rkaq77s0jzh1tyccadx9ghba15r6t3h"
"18-08-2026 14:31:25","62443","Information","Microsoft-Windows-Shell-Core","AppDefault Info: SetDefault-Info: Association=.ics, ProgId=AppX18q1gk8kdws5gt2g5c62cxc6qydq7tsw, U=S-1-12-1-2357405129-1281513531-255772574-1816207334, T=2026:08:02:18:09:01, H=ipJ4ZvyMHbU="
"18-08-2026 14:31:25","62443","Information","Microsoft-Windows-Shell-Core","AppDefault Info: SetDefault: Association=.ics, ProgId=AppX18q1gk8kdws5gt2g5c62cxc6qydq7tsw"
"18-08-2026 14:31:25","62443","Information","Microsoft-Windows-Shell-Core","AppDefault Info: SetDefault-Info: Association=.ico, ProgId=AppX43hnxtbyyps62jhe9sqpdzxn1790zetc, U=S-1-12-1-2357405129-1281513531-255772574-1816207334, T=2026:08:02:18:09:01, H=hN9nKhPW0+M="
"18-08-2026 14:31:25","62443","Information","Microsoft-Windows-Shell-Core","AppDefault Info: SetDefault: Association=.ico, ProgId=AppX43hnxtbyyps62jhe9sqpdzxn1790zetc"
"18-08-2026 14:31:25","62443","Information","Microsoft-Windows-Shell-Core","AppDefault Info: SetDefault-Info: Association=.html, ProgId=MSEdgeHTM, U=S-1-12-1-2357405129-1281513531-255772574-1816207334, T=2026:08:02:18:09:01, H=yXPSqxCOBGM="
"18-08-2026 14:31:25","62443","Information","Microsoft-Windows-Shell-Core","AppDefault Info: SetDefault: Association=.html, ProgId=MSEdgeHTM"
"18-08-2026 14:31:25","62443","Information","Microsoft-Windows-Shell-Core","AppDefault Info: SetDefault-Info: Association=.htm, ProgId=MSEdgeHTM, U=S-1-12-1-2357405129-1281513531-255772574-1816207334, T=2026:08:02:18:09:01, H=bJxkT+TfoWU="
"18-08-2026 14:31:25","62443","Information","Microsoft-Windows-Shell-Core","AppDefault Info: SetDefault: Association=.htm, ProgId=MSEdgeHTM"
"18-08-2026 14:31:25","62443","Information","Microsoft-Windows-Shell-Core","AppDefault Info: SetDefault-Info: Association=.hta, ProgId=AppXkv2jqn1pq8ajm0p5dhgqde7aafykkrrn, U=S-1-12-1-2357405129-1281513531-255772574-1816207334, T=2026:08:02:18:09:01, H=V6zdlPHa6XU="
"18-08-2026 14:31:25","62443","Information","Microsoft-Windows-Shell-Core","AppDefault Info: SetDefault: Association=.hta, ProgId=AppXkv2jqn1pq8ajm0p5dhgqde7aafykkrrn"
"18-08-2026 14:31:25","62443","Information","Microsoft-Windows-Shell-Core","AppDefault Info: SetDefault-Info: Association=.hif, ProgId=AppX43hnxtbyyps62jhe9sqpdzxn1790zetc, U=S-1-12-1-2357405129-1281513531-255772574-1816207334, T=2026:08:02:18:09:01, H=u7qxRd9MZAk="
"18-08-2026 14:31:25","62443","Information","Microsoft-Windows-Shell-Core","AppDefault Info: SetDefault: Association=.hif, ProgId=AppX43hnxtbyyps62jhe9sqpdzxn1790zetc"
"18-08-2026 14:31:25","62443","Information","Microsoft-Windows-Shell-Core","AppDefault Info: SetDefault-Info: Association=.heif, ProgId=AppX43hnxtbyyps62jhe9sqpdzxn1790zetc, U=S-1-12-1-2357405129-1281513531-255772574-1816207334, T=2026:08:02:18:09:01, H=tgtDgx7LX0w="
"18-08-2026 14:31:25","62443","Information","Microsoft-Windows-Shell-Core","AppDefault Info: SetDefault: Association=.heif, ProgId=AppX43hnxtbyyps62jhe9sqpdzxn1790zetc"
"18-08-2026 14:31:25","62443","Information","Microsoft-Windows-Shell-Core","AppDefault Info: SetDefault-Info: Association=.heic, ProgId=AppX43hnxtbyyps62jhe9sqpdzxn1790zetc, U=S-1-12-1-2357405129-1281513531-255772574-1816207334, T=2026:08:02:18:09:01, H=UHaSBKfRzYU="
"18-08-2026 14:31:25","62443","Information","Microsoft-Windows-Shell-Core","AppDefault Info: SetDefault: Association=.heic, ProgId=AppX43hnxtbyyps62jhe9sqpdzxn1790zetc"
"18-08-2026 14:31:25","62443","Information","Microsoft-Windows-Shell-Core","AppDefault Info: SetDefault-Info: Association=.gif, ProgId=AppX43hnxtbyyps62jhe9sqpdzxn1790zetc, U=S-1-12-1-2357405129-1281513531-255772574-1816207334, T=2026:08:02:18:09:01, H=Az4Yne1vTZU="
"18-08-2026 14:31:25","62443","Information","Microsoft-Windows-Shell-Core","AppDefault Info: SetDefault: Association=.gif, ProgId=AppX43hnxtbyyps62jhe9sqpdzxn1790zetc"
"18-08-2026 14:31:25","62443","Information","Microsoft-Windows-Shell-Core","AppDefault Info: SetDefault-Info: Association=.flac, ProgId=WMP11.AssocFile.FLAC, U=S-1-12-1-2357405129-1281513531-255772574-1816207334, T=2026:08:02:18:09:01, H=9/weV8Xuu+M="
"18-08-2026 14:31:25","62443","Information","Microsoft-Windows-Shell-Core","AppDefault Info: SetDefault: Association=.flac, ProgId=WMP11.AssocFile.FLAC"
"18-08-2026 14:31:25","62443","Information","Microsoft-Windows-Shell-Core","AppDefault Info: SetDefault-Info: Association=.fff, ProgId=AppX9rkaq77s0jzh1tyccadx9ghba15r6t3h, U=S-1-12-1-2357405129-1281513531-255772574-1816207334, T=2026:08:02:18:09:01, H=4rpMt13KDNI="
"18-08-2026 14:31:25","62443","Information","Microsoft-Windows-Shell-Core","AppDefault Info: SetDefault: Association=.fff, ProgId=AppX9rkaq77s0jzh1tyccadx9ghba15r6t3h"
"18-08-2026 14:31:25","62443","Information","Microsoft-Windows-Shell-Core","AppDefault Info: SetDefault-Info: Association=.erf, ProgId=AppX43hnxtbyyps62jhe9sqpdzxn1790zetc, U=S-1-12-1-2357405129-1281513531-255772574-1816207334, T=2026:08:02:18:09:01, H=YijBtuXBl4E="
"18-08-2026 14:31:25","62443","Information","Microsoft-Windows-Shell-Core","AppDefault Info: SetDefault: Association=.erf, ProgId=AppX43hnxtbyyps62jhe9sqpdzxn1790zetc"
"18-08-2026 14:31:25","62443","Information","Microsoft-Windows-Shell-Core","AppDefault Info: SetDefault-Info: Association=.emf, ProgId=AppXcesbfs704v2mjbts9dkr42s9vmrhxbkj, U=S-1-12-1-2357405129-1281513531-255772574-1816207334, T=2026:08:02:18:09:01, H=Sgdn5fi6nfI="
"18-08-2026 14:31:25","62443","Information","Microsoft-Windows-Shell-Core","AppDefault Info: SetDefault: Association=.emf, ProgId=AppXcesbfs704v2mjbts9dkr42s9vmrhxbkj"
"18-08-2026 14:31:25","62443","Information","Microsoft-Windows-Shell-Core","AppDefault Info: SetDefault-Info: Association=.eip, ProgId=AppX9rkaq77s0jzh1tyccadx9ghba15r6t3h, U=S-1-12-1-2357405129-1281513531-255772574-1816207334, T=2026:08:02:18:09:01, H=Os4qScAC44g="
"18-08-2026 14:31:25","62443","Information","Microsoft-Windows-Shell-Core","AppDefault Info: SetDefault: Association=.eip, ProgId=AppX9rkaq77s0jzh1tyccadx9ghba15r6t3h"
"18-08-2026 14:31:25","62443","Information","Microsoft-Windows-Shell-Core","AppDefault Info: SetDefault-Info: Association=.drf, ProgId=AppX9rkaq77s0jzh1tyccadx9ghba15r6t3h, U=S-1-12-1-2357405129-1281513531-255772574-1816207334, T=2026:08:02:18:09:01, H=JOtH0tvf/zk="
"18-08-2026 14:31:25","62443","Information","Microsoft-Windows-Shell-Core","AppDefault Info: SetDefault: Association=.drf, ProgId=AppX9rkaq77s0jzh1tyccadx9ghba15r6t3h"
"18-08-2026 14:31:25","62443","Information","Microsoft-Windows-Shell-Core","AppDefault Info: SetDefault-Info: Association=.dng, ProgId=AppXvvwq6wxamf7qhxd0vn6wm1wwehyxrdd6, U=S-1-12-1-2357405129-1281513531-255772574-1816207334, T=2026:08:02:18:09:01, H=Idj1mFioJtI="
"18-08-2026 14:31:25","62443","Information","Microsoft-Windows-Shell-Core","AppDefault Info: SetDefault: Association=.dng, ProgId=AppXvvwq6wxamf7qhxd0vn6wm1wwehyxrdd6"
"18-08-2026 14:31:25","62443","Information","Microsoft-Windows-Shell-Core","AppDefault Info: SetDefault-Info: Association=.dib, ProgId=AppX43hnxtbyyps62jhe9sqpdzxn1790zetc, U=S-1-12-1-2357405129-1281513531-255772574-1816207334, T=2026:08:02:18:09:01, H=MlcBjeTzt8Y="
"18-08-2026 14:31:25","62443","Information","Microsoft-Windows-Shell-Core","AppDefault Info: SetDefault: Association=.dib, ProgId=AppX43hnxtbyyps62jhe9sqpdzxn1790zetc"
"18-08-2026 14:31:25","62443","Information","Microsoft-Windows-Shell-Core","AppDefault Info: SetDefault-Info: Association=.dcs, ProgId=AppX9rkaq77s0jzh1tyccadx9ghba15r6t3h, U=S-1-12-1-2357405129-1281513531-255772574-1816207334, T=2026:08:02:18:09:01, H=nKuTRuwSi7w="
"18-08-2026 14:31:25","62443","Information","Microsoft-Windows-Shell-Core","AppDefault Info: SetDefault: Association=.dcs, ProgId=AppX9rkaq77s0jzh1tyccadx9ghba15r6t3h"
"18-08-2026 14:31:25","62443","Information","Microsoft-Windows-Shell-Core","AppDefault Info: SetDefault-Info: Association=.dcr, ProgId=AppX9rkaq77s0jzh1tyccadx9ghba15r6t3h, U=S-1-12-1-2357405129-1281513531-255772574-1816207334, T=2026:08:02:18:09:01, H=QeTaxrVAFEU="
"18-08-2026 14:31:25","62443","Information","Microsoft-Windows-Shell-Core","AppDefault Info: SetDefault: Association=.dcr, ProgId=AppX9rkaq77s0jzh1tyccadx9ghba15r6t3h"
"18-08-2026 14:31:24","62443","Information","Microsoft-Windows-Shell-Core","AppDefault Info: SetDefault-Info: Association=.crw, ProgId=AppX43hnxtbyyps62jhe9sqpdzxn1790zetc, U=S-1-12-1-2357405129-1281513531-255772574-1816207334, T=2026:08:02:18:09:01, H=vNJBvI1kjv0="
"18-08-2026 14:31:24","62443","Information","Microsoft-Windows-Shell-Core","AppDefault Info: SetDefault: Association=.crw, ProgId=AppX43hnxtbyyps62jhe9sqpdzxn1790zetc"
"18-08-2026 14:31:24","62443","Information","Microsoft-Windows-Shell-Core","AppDefault Info: SetDefault-Info: Association=.cr3, ProgId=AppX9rkaq77s0jzh1tyccadx9ghba15r6t3h, U=S-1-12-1-2357405129-1281513531-255772574-1816207334, T=2026:08:02:18:09:01, H=SRopYjXLyxA="
"18-08-2026 14:31:24","62443","Information","Microsoft-Windows-Shell-Core","AppDefault Info: SetDefault: Association=.cr3, ProgId=AppX9rkaq77s0jzh1tyccadx9ghba15r6t3h"
"18-08-2026 14:31:24","62443","Information","Microsoft-Windows-Shell-Core","AppDefault Info: SetDefault-Info: Association=.cr2, ProgId=AppX43hnxtbyyps62jhe9sqpdzxn1790zetc, U=S-1-12-1-2357405129-1281513531-255772574-1816207334, T=2026:08:02:18:09:01, H=Vxlq1A1yjh8="
"18-08-2026 14:31:24","62443","Information","Microsoft-Windows-Shell-Core","AppDefault Info: SetDefault: Association=.cr2, ProgId=AppX43hnxtbyyps62jhe9sqpdzxn1790zetc"
"18-08-2026 14:31:24","62443","Information","Microsoft-Windows-Shell-Core","AppDefault Info: SetDefault-Info: Association=.cda, ProgId=WMP11.AssocFile.CDA, U=S-1-12-1-2357405129-1281513531-255772574-1816207334, T=2026:08:02:18:09:01, H=vaZ24LAhzHs="
"18-08-2026 14:31:24","62443","Information","Microsoft-Windows-Shell-Core","AppDefault Info: SetDefault: Association=.cda, ProgId=WMP11.AssocFile.CDA"
"18-08-2026 14:31:24","62443","Information","Microsoft-Windows-Shell-Core","AppDefault Info: SetDefault-Info: Association=.cap, ProgId=AppX9rkaq77s0jzh1tyccadx9ghba15r6t3h, U=S-1-12-1-2357405129-1281513531-255772574-1816207334, T=2026:08:02:18:09:01, H=mLXoy+XV6Dk="
"18-08-2026 14:31:24","62443","Information","Microsoft-Windows-Shell-Core","AppDefault Info: SetDefault: Association=.cap, ProgId=AppX9rkaq77s0jzh1tyccadx9ghba15r6t3h"
"18-08-2026 14:31:24","62443","Information","Microsoft-Windows-Shell-Core","AppDefault Info: SetDefault-Info: Association=.cab, ProgId=CABFolder, U=S-1-12-1-2357405129-1281513531-255772574-1816207334, T=2026:08:02:18:09:01, H=4qjNI/5N/rY="
"18-08-2026 14:31:24","62443","Information","Microsoft-Windows-Shell-Core","AppDefault Info: SetDefault: Association=.cab, ProgId=CABFolder"
"18-08-2026 14:31:24","62443","Information","Microsoft-Windows-Shell-Core","AppDefault Info: SetDefault-Info: Association=.bmp, ProgId=AppX43hnxtbyyps62jhe9sqpdzxn1790zetc, U=S-1-12-1-2357405129-1281513531-255772574-1816207334, T=2026:08:02:18:09:01, H=tj9JoG7DtM8="
"18-08-2026 14:31:24","62443","Information","Microsoft-Windows-Shell-Core","AppDefault Info: SetDefault: Association=.bmp, ProgId=AppX43hnxtbyyps62jhe9sqpdzxn1790zetc"
"18-08-2026 14:31:24","62443","Information","Microsoft-Windows-Shell-Core","AppDefault Info: SetDefault-Info: Association=.bay, ProgId=AppX9rkaq77s0jzh1tyccadx9ghba15r6t3h, U=S-1-12-1-2357405129-1281513531-255772574-1816207334, T=2026:08:02:18:09:01, H=pxii3qoWb2k="
"18-08-2026 14:31:24","62443","Information","Microsoft-Windows-Shell-Core","AppDefault Info: SetDefault: Association=.bay, ProgId=AppX9rkaq77s0jzh1tyccadx9ghba15r6t3h"
"18-08-2026 14:31:24","62443","Information","Microsoft-Windows-Shell-Core","AppDefault Info: SetDefault-Info: Association=.avif, ProgId=AppX43hnxtbyyps62jhe9sqpdzxn1790zetc, U=S-1-12-1-2357405129-1281513531-255772574-1816207334, T=2026:08:02:18:09:01, H=DGRLkm4Ivjs="
"18-08-2026 14:31:24","62443","Information","Microsoft-Windows-Shell-Core","AppDefault Info: SetDefault: Association=.avif, ProgId=AppX43hnxtbyyps62jhe9sqpdzxn1790zetc"
"18-08-2026 14:31:24","62443","Information","Microsoft-Windows-Shell-Core","AppDefault Info: SetDefault-Info: Association=.avi, ProgId=WMP11.AssocFile.AVI, U=S-1-12-1-2357405129-1281513531-255772574-1816207334, T=2026:08:02:18:09:01, H=l3HGwjiL5n4="
"18-08-2026 14:31:24","62443","Information","Microsoft-Windows-Shell-Core","AppDefault Info: SetDefault: Association=.avi, ProgId=WMP11.AssocFile.AVI"
