"04-07-2026 14:12:36","9","Information","Microsoft-Windows-Ntfs","NTFS scanned entire volume bitmap.

           Volume correlation Id: {effcabed-bb48-44d2-a9ca-b0bdf73688b0}
           Volume name: \\?\Volume{effcabed-bb48-44d2-a9ca-b0bdf73688b0}
           Volume label: WINRETOOLS

           Device name: \Device\HarddiskVolume4
           Device GUID: {0d0616a1-3adc-3de7-d9a2-784fe4e2d52a}
           Device manufacturer: NVMe
           Device model: PM9C1b Samsung 256GB
           Device revision: 58330109
           Device serial number: 0025_38F6_5106_1623.
           Bus type: NVMe
           Native NVMe: false

           Adapter serial number: 

           Duration (micro seconds): 81
           InputFlags: 0x10
           Reason: Proactive background scan to repopulate cached runs
           Flags: 0x10
"
"04-07-2026 14:12:36","10","Information","Microsoft-Windows-Ntfs","NTFS cached runs statistics.

           Volume correlation Id: {c5c572ba-c5d0-47f6-864e-13eb05e6d46c}
           Volume name: C:
           Volume label: OS

           Device name: \Device\HarddiskVolume3
           Device GUID: {0d0616a1-3adc-3de7-d9a2-784fe4e2d52a}
           Device manufacturer: NVMe
           Device model: PM9C1b Samsung 256GB
           Device revision: 58330109
           Device serial number: 0025_38F6_5106_1623.
           Bus type: NVMe
           Native NVMe: false

           Adapter serial number: 

           Media type: Hard disk
           Runs cached: 11058
           Longest run cached: 25.49 GB
           Most populated bin Count: 2041
           Most populated bin's minimum length: 0 Bytes
           Most populated bin's maximum length: 4 KB
"
"04-07-2026 14:12:36","9","Information","Microsoft-Windows-Ntfs","NTFS scanned entire volume bitmap.

           Volume correlation Id: {c5c572ba-c5d0-47f6-864e-13eb05e6d46c}
           Volume name: C:
           Volume label: OS

           Device name: \Device\HarddiskVolume3
           Device GUID: {0d0616a1-3adc-3de7-d9a2-784fe4e2d52a}
           Device manufacturer: NVMe
           Device model: PM9C1b Samsung 256GB
           Device revision: 58330109
           Device serial number: 0025_38F6_5106_1623.
           Bus type: NVMe
           Native NVMe: false

           Adapter serial number: 

           Duration (micro seconds): 20940
           InputFlags: 0x10
           Reason: Proactive background scan to repopulate cached runs
           Flags: 0x10
"
"04-07-2026 14:12:36","142","Information","Microsoft-Windows-Ntfs","Summary of disk space usage, since last event:

           Available space was between 195.28 MB and 199.28 MB
           Change in available space: 4 MB
           
           Available clusters were between: 49991 and 51015
           Reserved clusters were between: 0 and 0
           Txf abort reserved clusters were between: 1024 and 1024
           
           Elapsed seconds: 0
           
           Pagefile size: 0 Bytes
           Volume size: 1.01 GB
           Bytes per cluster: 4096
           
           Volume guid: {effcabed-bb48-44d2-a9ca-b0bdf73688b0}
           Volume name: \\?\Volume{effcabed-bb48-44d2-a9ca-b0bdf73688b0}
           Is boot volume: false
           
           Cached runs miss counts:
               For MFT: 0
               For MFT zone: 0
               Everything else: 0
"
"04-07-2026 14:12:36","142","Information","Microsoft-Windows-Ntfs","Summary of disk space usage, since last event:

           Available space was between 100.37 GB and 103.30 GB
           Change in available space: 2.94 GB
           
           Available clusters were between: 26309386 and 27078219
           Reserved clusters were between: 764798 and 764798
           Txf abort reserved clusters were between: 1024 and 1024
           
           Elapsed seconds: 0
           
           Pagefile size: 0 Bytes
           Volume size: 235.88 GB
           Bytes per cluster: 4096
           
           Volume guid: {c5c572ba-c5d0-47f6-864e-13eb05e6d46c}
           Volume name: C:
           Is boot volume: true
           
           Cached runs miss counts:
               For MFT: 0
               For MFT zone: 0
               Everything else: 0
"
"04-07-2026 14:12:33","4","Information","Microsoft-Windows-Ntfs","The NTFS volume has been successfully mounted.

           Volume correlation Id: {effcabed-bb48-44d2-a9ca-b0bdf73688b0}
           Volume name: \\?\Volume{effcabed-bb48-44d2-a9ca-b0bdf73688b0}
           Volume label: WINRETOOLS

           Device name: \Device\HarddiskVolume4
           Device GUID: {0d0616a1-3adc-3de7-d9a2-784fe4e2d52a}
           Device manufacturer: NVMe
           Device model: PM9C1b Samsung 256GB
           Device revision: 58330109
           Device serial number: 0025_38F6_5106_1623.
           Bus type: NVMe
           Device number: 0
           Boot partition: false

           Native NVMe: false

           Adapter serial number: 
           
           Total mount duration: 7 ms
           Longest stage: 4. Duration 4 ms (52% of the total)
           Second longest stage: 9. Duration 2 ms (26% of the total)
           Volume restart applied: false
"
"04-07-2026 14:12:33","10","Information","Microsoft-Windows-Ntfs","NTFS cached runs statistics.

           Volume correlation Id: {effcabed-bb48-44d2-a9ca-b0bdf73688b0}
           Volume name: \\?\Volume{effcabed-bb48-44d2-a9ca-b0bdf73688b0}
           Volume label: WINRETOOLS

           Device name: \Device\HarddiskVolume4
           Device GUID: {0d0616a1-3adc-3de7-d9a2-784fe4e2d52a}
           Device manufacturer: NVMe
           Device model: PM9C1b Samsung 256GB
           Device revision: 58330109
           Device serial number: 0025_38F6_5106_1623.
           Bus type: NVMe
           Native NVMe: false

           Adapter serial number: 

           Media type: Hard disk
           Runs cached: 3
           Longest run cached: 70.54 MB
           Most populated bin Count: 1
           Most populated bin's minimum length: 0 Bytes
           Most populated bin's maximum length: 4 KB
"
"04-07-2026 14:12:33","9","Information","Microsoft-Windows-Ntfs","NTFS scanned entire volume bitmap.

           Volume correlation Id: {effcabed-bb48-44d2-a9ca-b0bdf73688b0}
           Volume name: \\?\Volume{effcabed-bb48-44d2-a9ca-b0bdf73688b0}
           Volume label: WINRETOOLS

           Device name: \Device\HarddiskVolume4
           Device GUID: {0d0616a1-3adc-3de7-d9a2-784fe4e2d52a}
           Device manufacturer: NVMe
           Device model: PM9C1b Samsung 256GB
           Device revision: 58330109
           Device serial number: 0025_38F6_5106_1623.
           Bus type: NVMe
           Native NVMe: false

           Adapter serial number: 

           Duration (micro seconds): 416
           InputFlags: 0xE
           Reason: Mount
           Flags: 0x10
"
"04-07-2026 14:12:31","4","Information","Microsoft-Windows-Ntfs","The NTFS volume has been successfully mounted.

           Volume correlation Id: {c5c572ba-c5d0-47f6-864e-13eb05e6d46c}
           Volume name: C:
           Volume label: OS

           Device name: \Device\HarddiskVolume3
           Device GUID: {0d0616a1-3adc-3de7-d9a2-784fe4e2d52a}
           Device manufacturer: NVMe
           Device model: PM9C1b Samsung 256GB
           Device revision: 58330109
           Device serial number: 0025_38F6_5106_1623.
           Bus type: NVMe
           Device number: 0
           Boot partition: true

           Native NVMe: false

           Adapter serial number: 
           
           Total mount duration: 554 ms
           Longest stage: 8. Duration 424 ms (77% of the total)
           Second longest stage: 7. Duration 81 ms (15% of the total)
           Volume restart applied: false
"
"04-07-2026 14:12:31","10","Information","Microsoft-Windows-Ntfs","NTFS cached runs statistics.

           Volume correlation Id: {c5c572ba-c5d0-47f6-864e-13eb05e6d46c}
           Volume name: C:
           Volume label: OS

           Device name: \Device\HarddiskVolume3
           Device GUID: {0d0616a1-3adc-3de7-d9a2-784fe4e2d52a}
           Device manufacturer: NVMe
           Device model: PM9C1b Samsung 256GB
           Device revision: 58330109
           Device serial number: 0025_38F6_5106_1623.
           Bus type: NVMe
           Native NVMe: false

           Adapter serial number: 

           Media type: Hard disk
           Runs cached: 4603
           Longest run cached: 25.49 GB
           Most populated bin Count: 95
           Most populated bin's minimum length: 7.51 MB
           Most populated bin's maximum length: 7.75 MB
"
"04-07-2026 14:12:31","9","Information","Microsoft-Windows-Ntfs","NTFS scanned entire volume bitmap.

           Volume correlation Id: {c5c572ba-c5d0-47f6-864e-13eb05e6d46c}
           Volume name: C:
           Volume label: OS

           Device name: \Device\HarddiskVolume3
           Device GUID: {0d0616a1-3adc-3de7-d9a2-784fe4e2d52a}
           Device manufacturer: NVMe
           Device model: PM9C1b Samsung 256GB
           Device revision: 58330109
           Device serial number: 0025_38F6_5106_1623.
           Bus type: NVMe
           Native NVMe: false

           Adapter serial number: 

           Duration (micro seconds): 36949
           InputFlags: 0xE
           Reason: Mount
           Flags: 0x10
"
"04-07-2026 13:54:09","142","Information","Microsoft-Windows-Ntfs","Summary of disk space usage, since last event:

           Available space was between 90.63 GB and 99.91 GB
           Change in available space: 9.28 GB
           
           Available clusters were between: 23757936 and 26189685
           Reserved clusters were between: 767710 and 767806
           Txf abort reserved clusters were between: 1024 and 1024
           
           Elapsed seconds: 29102
           
           Pagefile size: 18.02 GB
           Volume size: 235.88 GB
           Bytes per cluster: 4096
           
           Volume guid: {c5c572ba-c5d0-47f6-864e-13eb05e6d46c}
           Volume name: C:
           Is boot volume: true
           
           Cached runs miss counts:
               For MFT: 0
               For MFT zone: 0
               Everything else: 0
"
"03-07-2026 22:51:35","142","Information","Microsoft-Windows-Ntfs","Summary of disk space usage, since last event:

           Available space was between 99.91 GB and 99.91 GB
           Change in available space: 3.55 MB
           
           Available clusters were between: 26189282 and 26190190
           Reserved clusters were between: 767646 and 767902
           Txf abort reserved clusters were between: 1024 and 1024
           
           Elapsed seconds: 5845
           
           Pagefile size: 18.02 GB
           Volume size: 235.88 GB
           Bytes per cluster: 4096
           
           Volume guid: {c5c572ba-c5d0-47f6-864e-13eb05e6d46c}
           Volume name: C:
           Is boot volume: true
           
           Cached runs miss counts:
               For MFT: 0
               For MFT zone: 0
               Everything else: 0
"
"03-07-2026 21:14:10","142","Information","Microsoft-Windows-Ntfs","Summary of disk space usage, since last event:

           Available space was between 99.86 GB and 99.93 GB
           Change in available space: 72.15 MB
           
           Available clusters were between: 26177316 and 26195786
           Reserved clusters were between: 767630 and 775918
           Txf abort reserved clusters were between: 1024 and 1024
           
           Elapsed seconds: 6798
           
           Pagefile size: 18.02 GB
           Volume size: 235.88 GB
           Bytes per cluster: 4096
           
           Volume guid: {c5c572ba-c5d0-47f6-864e-13eb05e6d46c}
           Volume name: C:
           Is boot volume: true
           
           Cached runs miss counts:
               For MFT: 0
               For MFT zone: 0
               Everything else: 0
"
"03-07-2026 19:20:51","142","Information","Microsoft-Windows-Ntfs","Summary of disk space usage, since last event:

           Available space was between 99.89 GB and 100.62 GB
           Change in available space: 745.17 MB
           
           Available clusters were between: 26185492 and 26376255
           Reserved clusters were between: 767566 and 767854
           Txf abort reserved clusters were between: 1024 and 1024
           
           Elapsed seconds: 3600
           
           Pagefile size: 18.02 GB
           Volume size: 235.88 GB
           Bytes per cluster: 4096
           
           Volume guid: {c5c572ba-c5d0-47f6-864e-13eb05e6d46c}
           Volume name: C:
           Is boot volume: true
           
           Cached runs miss counts:
               For MFT: 0
               For MFT zone: 0
               Everything else: 0
"
"03-07-2026 18:20:51","142","Information","Microsoft-Windows-Ntfs","Summary of disk space usage, since last event:

           Available space was between 96.34 GB and 100.90 GB
           Change in available space: 4.56 GB
           
           Available clusters were between: 25254275 and 26448773
           Reserved clusters were between: 767454 and 775806
           Txf abort reserved clusters were between: 1024 and 1024
           
           Elapsed seconds: 3601
           
           Pagefile size: 18.02 GB
           Volume size: 235.88 GB
           Bytes per cluster: 4096
           
           Volume guid: {c5c572ba-c5d0-47f6-864e-13eb05e6d46c}
           Volume name: C:
           Is boot volume: true
           
           Cached runs miss counts:
               For MFT: 0
               For MFT zone: 0
               Everything else: 0
"
"03-07-2026 17:20:49","142","Information","Microsoft-Windows-Ntfs","Summary of disk space usage, since last event:

           Available space was between 99.73 GB and 101.16 GB
           Change in available space: 1.44 GB
           
           Available clusters were between: 26141327 and 26518479
           Reserved clusters were between: 767454 and 775742
           Txf abort reserved clusters were between: 1024 and 1024
           
           Elapsed seconds: 3601
           
           Pagefile size: 18.02 GB
           Volume size: 235.88 GB
           Bytes per cluster: 4096
           
           Volume guid: {c5c572ba-c5d0-47f6-864e-13eb05e6d46c}
           Volume name: C:
           Is boot volume: true
           
           Cached runs miss counts:
               For MFT: 0
               For MFT zone: 0
               Everything else: 0
"
"03-07-2026 16:20:48","142","Information","Microsoft-Windows-Ntfs","Summary of disk space usage, since last event:

           Available space was between 101.10 GB and 101.14 GB
           Change in available space: 40.46 MB
           
           Available clusters were between: 26502621 and 26512977
           Reserved clusters were between: 767582 and 775886
           Txf abort reserved clusters were between: 1024 and 1024
           
           Elapsed seconds: 3615
           
           Pagefile size: 18.02 GB
           Volume size: 235.88 GB
           Bytes per cluster: 4096
           
           Volume guid: {c5c572ba-c5d0-47f6-864e-13eb05e6d46c}
           Volume name: C:
           Is boot volume: true
           
           Cached runs miss counts:
               For MFT: 0
               For MFT zone: 0
               Everything else: 0
"
"03-07-2026 15:20:32","142","Information","Microsoft-Windows-Ntfs","Summary of disk space usage, since last event:

           Available space was between 101.12 GB and 101.20 GB
           Change in available space: 76.73 MB
           
           Available clusters were between: 26506757 and 26526398
           Reserved clusters were between: 767470 and 767694
           Txf abort reserved clusters were between: 1024 and 1024
           
           Elapsed seconds: 3604
           
           Pagefile size: 18.02 GB
           Volume size: 235.88 GB
           Bytes per cluster: 4096
           
           Volume guid: {c5c572ba-c5d0-47f6-864e-13eb05e6d46c}
           Volume name: C:
           Is boot volume: true
           
           Cached runs miss counts:
               For MFT: 0
               For MFT zone: 0
               Everything else: 0
"
"03-07-2026 14:20:27","142","Information","Microsoft-Windows-Ntfs","Summary of disk space usage, since last event:

           Available space was between 100.92 GB and 101.34 GB
           Change in available space: 427.72 MB
           
           Available clusters were between: 26453661 and 26563155
           Reserved clusters were between: 767534 and 775950
           Txf abort reserved clusters were between: 1024 and 1024
           
           Elapsed seconds: 3604
           
           Pagefile size: 18.02 GB
           Volume size: 235.88 GB
           Bytes per cluster: 4096
           
           Volume guid: {c5c572ba-c5d0-47f6-864e-13eb05e6d46c}
           Volume name: C:
           Is boot volume: true
           
           Cached runs miss counts:
               For MFT: 0
               For MFT zone: 0
               Everything else: 0
"
"03-07-2026 13:20:22","142","Information","Microsoft-Windows-Ntfs","Summary of disk space usage, since last event:

           Available space was between 100.99 GB and 101.41 GB
           Change in available space: 425.91 MB
           
           Available clusters were between: 26472625 and 26581657
           Reserved clusters were between: 767486 and 775902
           Txf abort reserved clusters were between: 1024 and 1024
           
           Elapsed seconds: 3603
           
           Pagefile size: 18.02 GB
           Volume size: 235.88 GB
           Bytes per cluster: 4096
           
           Volume guid: {c5c572ba-c5d0-47f6-864e-13eb05e6d46c}
           Volume name: C:
           Is boot volume: true
           
           Cached runs miss counts:
               For MFT: 0
               For MFT zone: 0
               Everything else: 0
"
"03-07-2026 12:20:19","142","Information","Microsoft-Windows-Ntfs","Summary of disk space usage, since last event:

           Available space was between 99.01 GB and 102.82 GB
           Change in available space: 3.81 GB
           
           Available clusters were between: 25954597 and 26952749
           Reserved clusters were between: 766254 and 776094
           Txf abort reserved clusters were between: 1024 and 1024
           
           Elapsed seconds: 3602
           
           Pagefile size: 18.02 GB
           Volume size: 235.88 GB
           Bytes per cluster: 4096
           
           Volume guid: {c5c572ba-c5d0-47f6-864e-13eb05e6d46c}
           Volume name: C:
           Is boot volume: true
           
           Cached runs miss counts:
               For MFT: 0
               For MFT zone: 0
               Everything else: 0
"
"03-07-2026 11:20:42","501","Information","Microsoft-Windows-Ntfs","A process has deleted a USN journal on a volume.

           Process: SearchIndexer.
           Volume Id: {c5c572ba-c5d0-47f6-864e-13eb05e6d46c}
           Volume Name: C:
           Journal Id: 0x1DC11A038CEB841
           Current USN: 0x0
"
"03-07-2026 11:20:16","10","Information","Microsoft-Windows-Ntfs","NTFS cached runs statistics.

           Volume correlation Id: {effcabed-bb48-44d2-a9ca-b0bdf73688b0}
           Volume name: \\?\Volume{effcabed-bb48-44d2-a9ca-b0bdf73688b0}
           Volume label: WINRETOOLS

           Device name: \Device\HarddiskVolume4
           Device GUID: {0d0616a1-3adc-3de7-d9a2-784fe4e2d52a}
           Device manufacturer: NVMe
           Device model: PM9C1b Samsung 256GB
           Device revision: 58330109
           Device serial number: 0025_38F6_5106_1623.
           Bus type: NVMe
           Native NVMe: false

           Adapter serial number: 

           Media type: Hard disk
           Runs cached: 4
           Longest run cached: 128.55 MB
           Most populated bin Count: 1
           Most populated bin's minimum length: 0 Bytes
           Most populated bin's maximum length: 4 KB
"
"03-07-2026 11:20:16","9","Information","Microsoft-Windows-Ntfs","NTFS scanned entire volume bitmap.

           Volume correlation Id: {effcabed-bb48-44d2-a9ca-b0bdf73688b0}
           Volume name: \\?\Volume{effcabed-bb48-44d2-a9ca-b0bdf73688b0}
           Volume label: WINRETOOLS

           Device name: \Device\HarddiskVolume4
           Device GUID: {0d0616a1-3adc-3de7-d9a2-784fe4e2d52a}
           Device manufacturer: NVMe
           Device model: PM9C1b Samsung 256GB
           Device revision: 58330109
           Device serial number: 0025_38F6_5106_1623.
           Bus type: NVMe
           Native NVMe: false

           Adapter serial number: 

           Duration (micro seconds): 41
           InputFlags: 0x10
           Reason: Proactive background scan to repopulate cached runs
           Flags: 0x10
"
"03-07-2026 11:20:16","10","Information","Microsoft-Windows-Ntfs","NTFS cached runs statistics.

           Volume correlation Id: {c5c572ba-c5d0-47f6-864e-13eb05e6d46c}
           Volume name: C:
           Volume label: OS

           Device name: \Device\HarddiskVolume3
           Device GUID: {0d0616a1-3adc-3de7-d9a2-784fe4e2d52a}
           Device manufacturer: NVMe
           Device model: PM9C1b Samsung 256GB
           Device revision: 58330109
           Device serial number: 0025_38F6_5106_1623.
           Bus type: NVMe
           Native NVMe: false

           Adapter serial number: 

           Media type: Hard disk
           Runs cached: 5579
           Longest run cached: 25.49 GB
           Most populated bin Count: 822
           Most populated bin's minimum length: 0 Bytes
           Most populated bin's maximum length: 4 KB
"
"03-07-2026 11:20:16","9","Information","Microsoft-Windows-Ntfs","NTFS scanned entire volume bitmap.

           Volume correlation Id: {c5c572ba-c5d0-47f6-864e-13eb05e6d46c}
           Volume name: C:
           Volume label: OS

           Device name: \Device\HarddiskVolume3
           Device GUID: {0d0616a1-3adc-3de7-d9a2-784fe4e2d52a}
           Device manufacturer: NVMe
           Device model: PM9C1b Samsung 256GB
           Device revision: 58330109
           Device serial number: 0025_38F6_5106_1623.
           Bus type: NVMe
           Native NVMe: false

           Adapter serial number: 

           Duration (micro seconds): 9895
           InputFlags: 0x10
           Reason: Proactive background scan to repopulate cached runs
           Flags: 0x10
"
"03-07-2026 11:20:16","142","Information","Microsoft-Windows-Ntfs","Summary of disk space usage, since last event:

           Available space was between 195.28 MB and 199.28 MB
           Change in available space: 4 MB
           
           Available clusters were between: 49991 and 51015
           Reserved clusters were between: 0 and 0
           Txf abort reserved clusters were between: 1024 and 1024
           
           Elapsed seconds: 0
           
           Pagefile size: 0 Bytes
           Volume size: 1.01 GB
           Bytes per cluster: 4096
           
           Volume guid: {effcabed-bb48-44d2-a9ca-b0bdf73688b0}
           Volume name: \\?\Volume{effcabed-bb48-44d2-a9ca-b0bdf73688b0}
           Is boot volume: false
           
           Cached runs miss counts:
               For MFT: 0
               For MFT zone: 0
               Everything else: 0
"
"03-07-2026 11:20:16","142","Information","Microsoft-Windows-Ntfs","Summary of disk space usage, since last event:

           Available space was between 100.77 GB and 103.71 GB
           Change in available space: 2.94 GB
           
           Available clusters were between: 26415383 and 27185654
           Reserved clusters were between: 766254 and 766254
           Txf abort reserved clusters were between: 1024 and 1024
           
           Elapsed seconds: 0
           
           Pagefile size: 0 Bytes
           Volume size: 235.88 GB
           Bytes per cluster: 4096
           
           Volume guid: {c5c572ba-c5d0-47f6-864e-13eb05e6d46c}
           Volume name: C:
           Is boot volume: true
           
           Cached runs miss counts:
               For MFT: 0
               For MFT zone: 0
               Everything else: 0
"
"03-07-2026 11:20:13","4","Information","Microsoft-Windows-Ntfs","The NTFS volume has been successfully mounted.

           Volume correlation Id: {effcabed-bb48-44d2-a9ca-b0bdf73688b0}
           Volume name: \\?\Volume{effcabed-bb48-44d2-a9ca-b0bdf73688b0}
           Volume label: WINRETOOLS

           Device name: \Device\HarddiskVolume4
           Device GUID: {0d0616a1-3adc-3de7-d9a2-784fe4e2d52a}
           Device manufacturer: NVMe
           Device model: PM9C1b Samsung 256GB
           Device revision: 58330109
           Device serial number: 0025_38F6_5106_1623.
           Bus type: NVMe
           Device number: 0
           Boot partition: false

           Native NVMe: false

           Adapter serial number: 
           
           Total mount duration: 0 µs
           Longest stage: 0. Duration 0 µs (0% of the total)
           Second longest stage: 0. Duration 0 µs (0% of the total)
           Volume restart applied: false
"
"03-07-2026 11:20:13","10","Information","Microsoft-Windows-Ntfs","NTFS cached runs statistics.

           Volume correlation Id: {effcabed-bb48-44d2-a9ca-b0bdf73688b0}
           Volume name: \\?\Volume{effcabed-bb48-44d2-a9ca-b0bdf73688b0}
           Volume label: WINRETOOLS

           Device name: \Device\HarddiskVolume4
           Device GUID: {0d0616a1-3adc-3de7-d9a2-784fe4e2d52a}
           Device manufacturer: NVMe
           Device model: PM9C1b Samsung 256GB
           Device revision: 58330109
           Device serial number: 0025_38F6_5106_1623.
           Bus type: NVMe
           Native NVMe: false

           Adapter serial number: 

           Media type: Hard disk
           Runs cached: 3
           Longest run cached: 70.54 MB
           Most populated bin Count: 1
           Most populated bin's minimum length: 0 Bytes
           Most populated bin's maximum length: 4 KB
"
"03-07-2026 11:20:13","9","Information","Microsoft-Windows-Ntfs","NTFS scanned entire volume bitmap.

           Volume correlation Id: {effcabed-bb48-44d2-a9ca-b0bdf73688b0}
           Volume name: \\?\Volume{effcabed-bb48-44d2-a9ca-b0bdf73688b0}
           Volume label: WINRETOOLS

           Device name: \Device\HarddiskVolume4
           Device GUID: {0d0616a1-3adc-3de7-d9a2-784fe4e2d52a}
           Device manufacturer: NVMe
           Device model: PM9C1b Samsung 256GB
           Device revision: 58330109
           Device serial number: 0025_38F6_5106_1623.
           Bus type: NVMe
           Native NVMe: false

           Adapter serial number: 

           Duration (micro seconds): 357
           InputFlags: 0xE
           Reason: Mount
           Flags: 0x10
"
"03-07-2026 11:20:11","4","Information","Microsoft-Windows-Ntfs","The NTFS volume has been successfully mounted.

           Volume correlation Id: {c5c572ba-c5d0-47f6-864e-13eb05e6d46c}
           Volume name: C:
           Volume label: OS

           Device name: \Device\HarddiskVolume3
           Device GUID: {0d0616a1-3adc-3de7-d9a2-784fe4e2d52a}
           Device manufacturer: NVMe
           Device model: PM9C1b Samsung 256GB
           Device revision: 58330109
           Device serial number: 0025_38F6_5106_1623.
           Bus type: NVMe
           Device number: 0
           Boot partition: true

           Native NVMe: false

           Adapter serial number: 
           
           Total mount duration: 532 ms
           Longest stage: 8. Duration 417 ms (78% of the total)
           Second longest stage: 7. Duration 65 ms (12% of the total)
           Volume restart applied: false
"
"03-07-2026 11:20:11","10","Information","Microsoft-Windows-Ntfs","NTFS cached runs statistics.

           Volume correlation Id: {c5c572ba-c5d0-47f6-864e-13eb05e6d46c}
           Volume name: C:
           Volume label: OS

           Device name: \Device\HarddiskVolume3
           Device GUID: {0d0616a1-3adc-3de7-d9a2-784fe4e2d52a}
           Device manufacturer: NVMe
           Device model: PM9C1b Samsung 256GB
           Device revision: 58330109
           Device serial number: 0025_38F6_5106_1623.
           Bus type: NVMe
           Native NVMe: false

           Adapter serial number: 

           Media type: Hard disk
           Runs cached: 2582
           Longest run cached: 25.49 GB
           Most populated bin Count: 100
           Most populated bin's minimum length: 7.51 MB
           Most populated bin's maximum length: 7.75 MB
"
"03-07-2026 11:20:11","9","Information","Microsoft-Windows-Ntfs","NTFS scanned entire volume bitmap.

           Volume correlation Id: {c5c572ba-c5d0-47f6-864e-13eb05e6d46c}
           Volume name: C:
           Volume label: OS

           Device name: \Device\HarddiskVolume3
           Device GUID: {0d0616a1-3adc-3de7-d9a2-784fe4e2d52a}
           Device manufacturer: NVMe
           Device model: PM9C1b Samsung 256GB
           Device revision: 58330109
           Device serial number: 0025_38F6_5106_1623.
           Bus type: NVMe
           Native NVMe: false

           Adapter serial number: 

           Duration (micro seconds): 28837
           InputFlags: 0xE
           Reason: Mount
           Flags: 0x10
"
"03-07-2026 10:35:55","142","Information","Microsoft-Windows-Ntfs","Summary of disk space usage, since last event:

           Available space was between 91.28 GB and 100.55 GB
           Change in available space: 9.28 GB
           
           Available clusters were between: 23926251 and 26358105
           Reserved clusters were between: 767582 and 775998
           Txf abort reserved clusters were between: 1024 and 1024
           
           Elapsed seconds: 3602
           
           Pagefile size: 18.27 GB
           Volume size: 235.88 GB
           Bytes per cluster: 4096
           
           Volume guid: {c5c572ba-c5d0-47f6-864e-13eb05e6d46c}
           Volume name: C:
           Is boot volume: true
           
           Cached runs miss counts:
               For MFT: 0
               For MFT zone: 0
               Everything else: 0
"
"03-07-2026 09:35:52","142","Information","Microsoft-Windows-Ntfs","Summary of disk space usage, since last event:

           Available space was between 91.28 GB and 100.57 GB
           Change in available space: 9.30 GB
           
           Available clusters were between: 23926167 and 26363142
           Reserved clusters were between: 768190 and 768382
           Txf abort reserved clusters were between: 1024 and 1024
           
           Elapsed seconds: 14152
           
           Pagefile size: 18.27 GB
           Volume size: 235.88 GB
           Bytes per cluster: 4096
           
           Volume guid: {c5c572ba-c5d0-47f6-864e-13eb05e6d46c}
           Volume name: C:
           Is boot volume: true
           
           Cached runs miss counts:
               For MFT: 0
               For MFT zone: 0
               Everything else: 0
"
"03-07-2026 05:40:00","142","Information","Microsoft-Windows-Ntfs","Summary of disk space usage, since last event:

           Available space was between 100.54 GB and 100.55 GB
           Change in available space: 11.77 MB
           
           Available clusters were between: 26353464 and 26356476
           Reserved clusters were between: 768142 and 768206
           Txf abort reserved clusters were between: 1024 and 1024
           
           Elapsed seconds: 3657
           
           Pagefile size: 18.27 GB
           Volume size: 235.88 GB
           Bytes per cluster: 4096
           
           Volume guid: {c5c572ba-c5d0-47f6-864e-13eb05e6d46c}
           Volume name: C:
           Is boot volume: true
           
           Cached runs miss counts:
               For MFT: 0
               For MFT zone: 0
               Everything else: 0
"
"02-07-2026 21:41:11","142","Information","Microsoft-Windows-Ntfs","Summary of disk space usage, since last event:

           Available space was between 100.54 GB and 100.54 GB
           Change in available space: 4.26 MB
           
           Available clusters were between: 26354253 and 26355343
           Reserved clusters were between: 768142 and 768478
           Txf abort reserved clusters were between: 1024 and 1024
           
           Elapsed seconds: 5178
           
           Pagefile size: 18.27 GB
           Volume size: 235.88 GB
           Bytes per cluster: 4096
           
           Volume guid: {c5c572ba-c5d0-47f6-864e-13eb05e6d46c}
           Volume name: C:
           Is boot volume: true
           
           Cached runs miss counts:
               For MFT: 0
               For MFT zone: 0
               Everything else: 0
"
"02-07-2026 20:14:53","142","Information","Microsoft-Windows-Ntfs","Summary of disk space usage, since last event:

           Available space was between 100.52 GB and 100.58 GB
           Change in available space: 56.15 MB
           
           Available clusters were between: 26350446 and 26364819
           Reserved clusters were between: 768142 and 776622
           Txf abort reserved clusters were between: 1024 and 1024
           
           Elapsed seconds: 3751
           
           Pagefile size: 18.27 GB
           Volume size: 235.88 GB
           Bytes per cluster: 4096
           
           Volume guid: {c5c572ba-c5d0-47f6-864e-13eb05e6d46c}
           Volume name: C:
           Is boot volume: true
           
           Cached runs miss counts:
               For MFT: 0
               For MFT zone: 0
               Everything else: 0
"
"02-07-2026 19:12:21","142","Information","Microsoft-Windows-Ntfs","Summary of disk space usage, since last event:

           Available space was between 100.17 GB and 100.59 GB
           Change in available space: 428.04 MB
           
           Available clusters were between: 26257123 and 26366699
           Reserved clusters were between: 768158 and 768302
           Txf abort reserved clusters were between: 1024 and 1024
           
           Elapsed seconds: 3601
           
           Pagefile size: 18.27 GB
           Volume size: 235.88 GB
           Bytes per cluster: 4096
           
           Volume guid: {c5c572ba-c5d0-47f6-864e-13eb05e6d46c}
           Volume name: C:
           Is boot volume: true
           
           Cached runs miss counts:
               For MFT: 0
               For MFT zone: 0
               Everything else: 0
"
"02-07-2026 18:12:20","142","Information","Microsoft-Windows-Ntfs","Summary of disk space usage, since last event:

           Available space was between 100.54 GB and 100.92 GB
           Change in available space: 382.63 MB
           
           Available clusters were between: 26355438 and 26453391
           Reserved clusters were between: 768126 and 776654
           Txf abort reserved clusters were between: 1024 and 1024
           
           Elapsed seconds: 3604
           
           Pagefile size: 18.27 GB
           Volume size: 235.88 GB
           Bytes per cluster: 4096
           
           Volume guid: {c5c572ba-c5d0-47f6-864e-13eb05e6d46c}
           Volume name: C:
           Is boot volume: true
           
           Cached runs miss counts:
               For MFT: 0
               For MFT zone: 0
               Everything else: 1
"
"02-07-2026 17:12:15","142","Information","Microsoft-Windows-Ntfs","Summary of disk space usage, since last event:

           Available space was between 100.58 GB and 101.14 GB
           Change in available space: 568.69 MB
           
           Available clusters were between: 26365404 and 26510987
           Reserved clusters were between: 767742 and 776318
           Txf abort reserved clusters were between: 1024 and 1024
           
           Elapsed seconds: 3600
           
           Pagefile size: 18.02 GB
           Volume size: 235.88 GB
           Bytes per cluster: 4096
           
           Volume guid: {c5c572ba-c5d0-47f6-864e-13eb05e6d46c}
           Volume name: C:
           Is boot volume: true
           
           Cached runs miss counts:
               For MFT: 0
               For MFT zone: 0
               Everything else: 0
"
"02-07-2026 16:12:14","142","Information","Microsoft-Windows-Ntfs","Summary of disk space usage, since last event:

           Available space was between 101.10 GB and 101.14 GB
           Change in available space: 43.74 MB
           
           Available clusters were between: 26500397 and 26511593
           Reserved clusters were between: 767742 and 768062
           Txf abort reserved clusters were between: 1024 and 1024
           
           Elapsed seconds: 3604
           
           Pagefile size: 18.02 GB
           Volume size: 235.88 GB
           Bytes per cluster: 4096
           
           Volume guid: {c5c572ba-c5d0-47f6-864e-13eb05e6d46c}
           Volume name: C:
           Is boot volume: true
           
           Cached runs miss counts:
               For MFT: 0
               For MFT zone: 0
               Everything else: 0
"
"02-07-2026 15:12:10","142","Information","Microsoft-Windows-Ntfs","Summary of disk space usage, since last event:

           Available space was between 100.75 GB and 101.16 GB
           Change in available space: 414.92 MB
           
           Available clusters were between: 26410216 and 26516433
           Reserved clusters were between: 767774 and 776078
           Txf abort reserved clusters were between: 1024 and 1024
           
           Elapsed seconds: 3602
           
           Pagefile size: 18.02 GB
           Volume size: 235.88 GB
           Bytes per cluster: 4096
           
           Volume guid: {c5c572ba-c5d0-47f6-864e-13eb05e6d46c}
           Volume name: C:
           Is boot volume: true
           
           Cached runs miss counts:
               For MFT: 0
               For MFT zone: 0
               Everything else: 0
"
"02-07-2026 14:12:07","142","Information","Microsoft-Windows-Ntfs","Summary of disk space usage, since last event:

           Available space was between 100.62 GB and 101.18 GB
           Change in available space: 574.21 MB
           
           Available clusters were between: 26375876 and 26522873
           Reserved clusters were between: 767694 and 775966
           Txf abort reserved clusters were between: 1024 and 1024
           
           Elapsed seconds: 3601
           
           Pagefile size: 18.02 GB
           Volume size: 235.88 GB
           Bytes per cluster: 4096
           
           Volume guid: {c5c572ba-c5d0-47f6-864e-13eb05e6d46c}
           Volume name: C:
           Is boot volume: true
           
           Cached runs miss counts:
               For MFT: 0
               For MFT zone: 0
               Everything else: 0
"
"02-07-2026 13:12:06","142","Information","Microsoft-Windows-Ntfs","Summary of disk space usage, since last event:

           Available space was between 100.66 GB and 100.77 GB
           Change in available space: 108.05 MB
           
           Available clusters were between: 26386182 and 26413841
           Reserved clusters were between: 767566 and 775918
           Txf abort reserved clusters were between: 1024 and 1024
           
           Elapsed seconds: 3604
           
           Pagefile size: 18.02 GB
           Volume size: 235.88 GB
           Bytes per cluster: 4096
           
           Volume guid: {c5c572ba-c5d0-47f6-864e-13eb05e6d46c}
           Volume name: C:
           Is boot volume: true
           
           Cached runs miss counts:
               For MFT: 0
               For MFT zone: 0
               Everything else: 0
"
"02-07-2026 12:12:01","142","Information","Microsoft-Windows-Ntfs","Summary of disk space usage, since last event:

           Available space was between 98.95 GB and 101.27 GB
           Change in available space: 2.32 GB
           
           Available clusters were between: 25937770 and 26545763
           Reserved clusters were between: 767294 and 775918
           Txf abort reserved clusters were between: 1024 and 1024
           
           Elapsed seconds: 3605
           
           Pagefile size: 18.02 GB
           Volume size: 235.88 GB
           Bytes per cluster: 4096
           
           Volume guid: {c5c572ba-c5d0-47f6-864e-13eb05e6d46c}
           Volume name: C:
           Is boot volume: true
           
           Cached runs miss counts:
               For MFT: 0
               For MFT zone: 0
               Everything else: 0
"
"02-07-2026 11:11:56","142","Information","Microsoft-Windows-Ntfs","Summary of disk space usage, since last event:

           Available space was between 101.14 GB and 101.69 GB
           Change in available space: 571.62 MB
           
           Available clusters were between: 26510887 and 26657221
           Reserved clusters were between: 767534 and 776142
           Txf abort reserved clusters were between: 1024 and 1024
           
           Elapsed seconds: 3600
           
           Pagefile size: 18.02 GB
           Volume size: 235.88 GB
           Bytes per cluster: 4096
           
           Volume guid: {c5c572ba-c5d0-47f6-864e-13eb05e6d46c}
           Volume name: C:
           Is boot volume: true
           
           Cached runs miss counts:
               For MFT: 0
               For MFT zone: 0
               Everything else: 0
"
"02-07-2026 10:11:56","142","Information","Microsoft-Windows-Ntfs","Summary of disk space usage, since last event:

           Available space was between 92.69 GB and 101.98 GB
           Change in available space: 9.29 GB
           
           Available clusters were between: 24297979 and 26731647
           Reserved clusters were between: 767534 and 776142
           Txf abort reserved clusters were between: 1024 and 1024
           
           Elapsed seconds: 3600
           
           Pagefile size: 18.02 GB
           Volume size: 235.88 GB
           Bytes per cluster: 4096
           
           Volume guid: {c5c572ba-c5d0-47f6-864e-13eb05e6d46c}
           Volume name: C:
           Is boot volume: true
           
           Cached runs miss counts:
               For MFT: 0
               For MFT zone: 0
               Everything else: 0
"
"02-07-2026 09:11:56","142","Information","Microsoft-Windows-Ntfs","Summary of disk space usage, since last event:

           Available space was between 92.70 GB and 101.98 GB
           Change in available space: 9.29 GB
           
           Available clusters were between: 24298506 and 26731364
           Reserved clusters were between: 767550 and 767886
           Txf abort reserved clusters were between: 1024 and 1024
           
           Elapsed seconds: 25016
           
           Pagefile size: 18.02 GB
           Volume size: 235.88 GB
           Bytes per cluster: 4096
           
           Volume guid: {c5c572ba-c5d0-47f6-864e-13eb05e6d46c}
           Volume name: C:
           Is boot volume: true
           
           Cached runs miss counts:
               For MFT: 0
               For MFT zone: 0
               Everything else: 0
"
"01-07-2026 19:43:16","142","Information","Microsoft-Windows-Ntfs","Summary of disk space usage, since last event:

           Available space was between 101.97 GB and 101.97 GB
           Change in available space: 768 KB
           
           Available clusters were between: 26729574 and 26729766
           Reserved clusters were between: 767550 and 767550
           Txf abort reserved clusters were between: 1024 and 1024
           
           Elapsed seconds: 5114
           
           Pagefile size: 18.02 GB
           Volume size: 235.88 GB
           Bytes per cluster: 4096
           
           Volume guid: {c5c572ba-c5d0-47f6-864e-13eb05e6d46c}
           Volume name: C:
           Is boot volume: true
           
           Cached runs miss counts:
               For MFT: 0
               For MFT zone: 0
               Everything else: 0
"
"01-07-2026 18:18:02","142","Information","Microsoft-Windows-Ntfs","Summary of disk space usage, since last event:

           Available space was between 101.96 GB and 101.98 GB
           Change in available space: 26 MB
           
           Available clusters were between: 26726353 and 26733009
           Reserved clusters were between: 767502 and 767550
           Txf abort reserved clusters were between: 1024 and 1024
           
           Elapsed seconds: 4170
           
           Pagefile size: 18.02 GB
           Volume size: 235.88 GB
           Bytes per cluster: 4096
           
           Volume guid: {c5c572ba-c5d0-47f6-864e-13eb05e6d46c}
           Volume name: C:
           Is boot volume: true
           
           Cached runs miss counts:
               For MFT: 0
               For MFT zone: 0
               Everything else: 0
"
"01-07-2026 17:08:31","142","Information","Microsoft-Windows-Ntfs","Summary of disk space usage, since last event:

           Available space was between 101.94 GB and 102.05 GB
           Change in available space: 107.67 MB
           
           Available clusters were between: 26722397 and 26749960
           Reserved clusters were between: 767470 and 775886
           Txf abort reserved clusters were between: 1024 and 1024
           
           Elapsed seconds: 3602
           
           Pagefile size: 18.02 GB
           Volume size: 235.88 GB
           Bytes per cluster: 4096
           
           Volume guid: {c5c572ba-c5d0-47f6-864e-13eb05e6d46c}
           Volume name: C:
           Is boot volume: true
           
           Cached runs miss counts:
               For MFT: 0
               For MFT zone: 0
               Everything else: 0
"
"01-07-2026 16:08:29","142","Information","Microsoft-Windows-Ntfs","Summary of disk space usage, since last event:

           Available space was between 102.01 GB and 102.07 GB
           Change in available space: 61.82 MB
           
           Available clusters were between: 26739260 and 26755084
           Reserved clusters were between: 767534 and 775854
           Txf abort reserved clusters were between: 1024 and 1024
           
           Elapsed seconds: 3601
           
           Pagefile size: 18.02 GB
           Volume size: 235.88 GB
           Bytes per cluster: 4096
           
           Volume guid: {c5c572ba-c5d0-47f6-864e-13eb05e6d46c}
           Volume name: C:
           Is boot volume: true
           
           Cached runs miss counts:
               For MFT: 0
               For MFT zone: 0
               Everything else: 0
"
"01-07-2026 15:08:27","142","Information","Microsoft-Windows-Ntfs","Summary of disk space usage, since last event:

           Available space was between 101.66 GB and 102.66 GB
           Change in available space: 1023.61 MB
           
           Available clusters were between: 26647632 and 26909675
           Reserved clusters were between: 767966 and 776574
           Txf abort reserved clusters were between: 1024 and 1024
           
           Elapsed seconds: 3601
           
           Pagefile size: 18.02 GB
           Volume size: 235.88 GB
           Bytes per cluster: 4096
           
           Volume guid: {c5c572ba-c5d0-47f6-864e-13eb05e6d46c}
           Volume name: C:
           Is boot volume: true
           
           Cached runs miss counts:
               For MFT: 0
               For MFT zone: 0
               Everything else: 0
"
"01-07-2026 14:08:25","142","Information","Microsoft-Windows-Ntfs","Summary of disk space usage, since last event:

           Available space was between 98.75 GB and 103.54 GB
           Change in available space: 4.79 GB
           
           Available clusters were between: 25885985 and 27140276
           Reserved clusters were between: 767678 and 776190
           Txf abort reserved clusters were between: 1024 and 1024
           
           Elapsed seconds: 3604
           
           Pagefile size: 18.02 GB
           Volume size: 235.88 GB
           Bytes per cluster: 4096
           
           Volume guid: {c5c572ba-c5d0-47f6-864e-13eb05e6d46c}
           Volume name: C:
           Is boot volume: true
           
           Cached runs miss counts:
               For MFT: 0
               For MFT zone: 0
               Everything else: 0
"
"01-07-2026 13:08:20","142","Information","Microsoft-Windows-Ntfs","Summary of disk space usage, since last event:

           Available space was between 102.29 GB and 103 GB
           Change in available space: 722.37 MB
           
           Available clusters were between: 26814162 and 26999088
           Reserved clusters were between: 767582 and 775806
           Txf abort reserved clusters were between: 1024 and 1024
           
           Elapsed seconds: 3602
           
           Pagefile size: 18.02 GB
           Volume size: 235.88 GB
           Bytes per cluster: 4096
           
           Volume guid: {c5c572ba-c5d0-47f6-864e-13eb05e6d46c}
           Volume name: C:
           Is boot volume: true
           
           Cached runs miss counts:
               For MFT: 0
               For MFT zone: 0
               Everything else: 0
"
