"29-07-2026 16:55:30","100","Error","Microsoft-Windows-StateRepository","Error 0x15: misuse at line 185353 of [737ae4a347]"
"29-07-2026 16:35:53","231","Verbose","Microsoft-Windows-StateRepository","RepositoryManagerServerUpgrade with options: 0x1"
"29-07-2026 16:35:53","100","Error","Microsoft-Windows-StateRepository","Error 0x15: misuse at line 185353 of [737ae4a347]"
"29-07-2026 16:12:01","231","Verbose","Microsoft-Windows-StateRepository","RepositoryManagerServerUpgrade with options: 0x1"
"29-07-2026 16:12:01","100","Error","Microsoft-Windows-StateRepository","Error 0x15: misuse at line 185353 of [737ae4a347]"
"29-07-2026 15:45:11","271","Verbose","Microsoft-Windows-StateRepository","SRCache successfully updated [Options=0x0]"
"29-07-2026 15:45:11","271","Verbose","Microsoft-Windows-StateRepository","SRCache successfully updated [Options=0x0]"
"29-07-2026 15:45:11","271","Verbose","Microsoft-Windows-StateRepository","SRCache successfully updated [Options=0x0]"
"29-07-2026 15:45:11","271","Verbose","Microsoft-Windows-StateRepository","SRCache successfully updated [Options=0x0]"
"29-07-2026 15:45:10","221","Verbose","Microsoft-Windows-StateRepository","ANALYZE command has run; database statistics are updated [Partition=2, ProcessId=32648, Scope=(database)]"
"29-07-2026 15:45:09","221","Verbose","Microsoft-Windows-StateRepository","ANALYZE command has run; database statistics are updated [Partition=1, ProcessId=32648, Scope=(database)]"
"29-07-2026 15:45:09","100","Error","Microsoft-Windows-StateRepository","Error 0x15: misuse at line 185353 of [737ae4a347]"
"29-07-2026 15:45:09","271","Verbose","Microsoft-Windows-StateRepository","SRCache successfully updated [Options=0x0]"
"29-07-2026 15:43:35","271","Verbose","Microsoft-Windows-StateRepository","SRCache successfully updated [Options=0x0]"
"29-07-2026 15:43:34","271","Verbose","Microsoft-Windows-StateRepository","SRCache successfully updated [Options=0x0]"
"29-07-2026 15:43:31","271","Verbose","Microsoft-Windows-StateRepository","SRCache successfully updated [Options=0x0]"
"29-07-2026 15:43:31","271","Verbose","Microsoft-Windows-StateRepository","SRCache successfully updated [Options=0x0]"
"29-07-2026 15:43:31","271","Verbose","Microsoft-Windows-StateRepository","SRCache successfully updated [Options=0x0]"
"29-07-2026 15:43:31","271","Verbose","Microsoft-Windows-StateRepository","SRCache successfully updated [Options=0x0]"
"29-07-2026 15:43:31","271","Verbose","Microsoft-Windows-StateRepository","SRCache successfully updated [Options=0x0]"
"29-07-2026 15:43:31","271","Verbose","Microsoft-Windows-StateRepository","SRCache successfully updated [Options=0x0]"
"29-07-2026 15:43:31","100","Error","Microsoft-Windows-StateRepository","Error 0x15: misuse at line 185353 of [737ae4a347]"
"29-07-2026 15:43:31","271","Verbose","Microsoft-Windows-StateRepository","SRCache successfully updated [Options=0x0]"
"29-07-2026 15:43:31","271","Verbose","Microsoft-Windows-StateRepository","SRCache successfully updated [Options=0x0]"
"29-07-2026 15:43:30","271","Verbose","Microsoft-Windows-StateRepository","SRCache successfully updated [Options=0x0]"
"29-07-2026 15:43:30","271","Verbose","Microsoft-Windows-StateRepository","SRCache successfully updated [Options=0x0]"
"29-07-2026 15:43:30","271","Verbose","Microsoft-Windows-StateRepository","SRCache successfully updated [Options=0x0]"
"29-07-2026 15:43:30","271","Verbose","Microsoft-Windows-StateRepository","SRCache successfully updated [Options=0x0]"
"29-07-2026 15:43:18","271","Verbose","Microsoft-Windows-StateRepository","SRCache successfully updated [Options=0x0]"
"29-07-2026 15:43:18","271","Verbose","Microsoft-Windows-StateRepository","SRCache successfully updated [Options=0x0]"
"29-07-2026 15:43:18","271","Verbose","Microsoft-Windows-StateRepository","SRCache successfully updated [Options=0x0]"
"29-07-2026 15:43:18","271","Verbose","Microsoft-Windows-StateRepository","SRCache successfully updated [Options=0x0]"
"29-07-2026 15:43:18","271","Verbose","Microsoft-Windows-StateRepository","SRCache successfully updated [Options=0x0]"
"29-07-2026 15:43:18","271","Verbose","Microsoft-Windows-StateRepository","SRCache successfully updated [Options=0x0]"
"29-07-2026 15:43:18","271","Verbose","Microsoft-Windows-StateRepository","SRCache successfully updated [Options=0x0]"
"29-07-2026 15:43:18","271","Verbose","Microsoft-Windows-StateRepository","SRCache successfully updated [Options=0x0]"
"29-07-2026 15:43:17","271","Verbose","Microsoft-Windows-StateRepository","SRCache successfully updated [Options=0x0]"
"29-07-2026 15:43:17","100","Error","Microsoft-Windows-StateRepository","Error 0x15: misuse at line 185353 of [737ae4a347]"
"29-07-2026 15:43:17","271","Verbose","Microsoft-Windows-StateRepository","SRCache successfully updated [Options=0x0]"
"29-07-2026 15:43:17","271","Verbose","Microsoft-Windows-StateRepository","SRCache successfully updated [Options=0x0]"
"29-07-2026 15:43:17","271","Verbose","Microsoft-Windows-StateRepository","SRCache successfully updated [Options=0x0]"
"29-07-2026 15:43:17","271","Verbose","Microsoft-Windows-StateRepository","SRCache successfully updated [Options=0x0]"
"29-07-2026 15:43:17","271","Verbose","Microsoft-Windows-StateRepository","SRCache successfully updated [Options=0x0]"
"29-07-2026 15:43:16","221","Verbose","Microsoft-Windows-StateRepository","ANALYZE command has run; database statistics are updated [Partition=2, ProcessId=32648, Scope=(database)]"
"29-07-2026 15:43:15","221","Verbose","Microsoft-Windows-StateRepository","ANALYZE command has run; database statistics are updated [Partition=1, ProcessId=32648, Scope=(database)]"
"29-07-2026 15:37:36","231","Verbose","Microsoft-Windows-StateRepository","RepositoryManagerServerUpgrade with options: 0x1"
"29-07-2026 15:37:36","100","Error","Microsoft-Windows-StateRepository","Error 0x15: misuse at line 185353 of [737ae4a347]"
"29-07-2026 14:39:37","231","Verbose","Microsoft-Windows-StateRepository","RepositoryManagerServerUpgrade with options: 0x1"
"29-07-2026 14:39:37","100","Error","Microsoft-Windows-StateRepository","Error 0x15: misuse at line 185353 of [737ae4a347]"
"29-07-2026 14:30:48","231","Verbose","Microsoft-Windows-StateRepository","RepositoryManagerServerUpgrade with options: 0x1"
"29-07-2026 14:30:48","100","Error","Microsoft-Windows-StateRepository","Error 0x15: misuse at line 185353 of [737ae4a347]"
"29-07-2026 14:18:23","231","Verbose","Microsoft-Windows-StateRepository","RepositoryManagerServerUpgrade with options: 0x1"
"29-07-2026 14:18:23","100","Error","Microsoft-Windows-StateRepository","Error 0x15: misuse at line 185353 of [737ae4a347]"
"29-07-2026 13:39:37","231","Verbose","Microsoft-Windows-StateRepository","RepositoryManagerServerUpgrade with options: 0x1"
"29-07-2026 13:35:54","100","Error","Microsoft-Windows-StateRepository","Error 0x15: misuse at line 185353 of [737ae4a347]"
"29-07-2026 13:13:03","271","Verbose","Microsoft-Windows-StateRepository","SRCache successfully updated [Options=0x0]"
"29-07-2026 13:13:02","271","Verbose","Microsoft-Windows-StateRepository","SRCache successfully updated [Options=0x0]"
"29-07-2026 13:13:02","221","Verbose","Microsoft-Windows-StateRepository","ANALYZE command has run; database statistics are updated [Partition=2, ProcessId=18252, Scope=(database)]"
"29-07-2026 13:13:02","221","Verbose","Microsoft-Windows-StateRepository","ANALYZE command has run; database statistics are updated [Partition=1, ProcessId=18252, Scope=(database)]"
"29-07-2026 13:11:16","231","Verbose","Microsoft-Windows-StateRepository","RepositoryManagerServerUpgrade with options: 0x1"
"29-07-2026 13:11:02","100","Error","Microsoft-Windows-StateRepository","Error 0x15: misuse at line 185353 of [737ae4a347]"
"29-07-2026 12:39:37","231","Verbose","Microsoft-Windows-StateRepository","RepositoryManagerServerUpgrade with options: 0x1"
"29-07-2026 12:39:37","100","Error","Microsoft-Windows-StateRepository","Error 0x15: misuse at line 185353 of [737ae4a347]"
"29-07-2026 12:25:20","231","Verbose","Microsoft-Windows-StateRepository","RepositoryManagerServerUpgrade with options: 0x1"
"29-07-2026 12:25:20","100","Error","Microsoft-Windows-StateRepository","Error 0x15: misuse at line 185353 of [737ae4a347]"
"29-07-2026 12:16:44","271","Verbose","Microsoft-Windows-StateRepository","SRCache successfully updated [Options=0x0]"
"29-07-2026 12:10:43","231","Verbose","Microsoft-Windows-StateRepository","RepositoryManagerServerUpgrade with options: 0x1"
"29-07-2026 12:10:43","100","Error","Microsoft-Windows-StateRepository","Error 0x15: misuse at line 185353 of [737ae4a347]"
"29-07-2026 11:39:37","231","Verbose","Microsoft-Windows-StateRepository","RepositoryManagerServerUpgrade with options: 0x1"
"29-07-2026 11:39:37","100","Error","Microsoft-Windows-StateRepository","Error 0x15: misuse at line 185353 of [737ae4a347]"
"29-07-2026 11:25:51","271","Verbose","Microsoft-Windows-StateRepository","SRCache successfully updated [Options=0x0]"
"29-07-2026 11:25:51","271","Verbose","Microsoft-Windows-StateRepository","SRCache successfully updated [Options=0x0]"
"29-07-2026 11:25:51","271","Verbose","Microsoft-Windows-StateRepository","SRCache successfully updated [Options=0x0]"
"29-07-2026 11:25:51","271","Verbose","Microsoft-Windows-StateRepository","SRCache successfully updated [Options=0x0]"
"29-07-2026 11:25:51","271","Verbose","Microsoft-Windows-StateRepository","SRCache successfully updated [Options=0x0]"
"29-07-2026 11:25:49","271","Verbose","Microsoft-Windows-StateRepository","SRCache successfully updated [Options=0x0]"
"29-07-2026 11:25:49","271","Verbose","Microsoft-Windows-StateRepository","SRCache successfully updated [Options=0x0]"
"29-07-2026 11:25:49","221","Verbose","Microsoft-Windows-StateRepository","ANALYZE command has run; database statistics are updated [Partition=2, ProcessId=15212, Scope=(database)]"
"29-07-2026 11:25:49","221","Verbose","Microsoft-Windows-StateRepository","ANALYZE command has run; database statistics are updated [Partition=1, ProcessId=15212, Scope=(database)]"
"29-07-2026 11:25:43","271","Verbose","Microsoft-Windows-StateRepository","SRCache successfully updated [Options=0x0]"
"29-07-2026 11:25:43","271","Verbose","Microsoft-Windows-StateRepository","SRCache successfully updated [Options=0x0]"
"29-07-2026 11:25:43","271","Verbose","Microsoft-Windows-StateRepository","SRCache successfully updated [Options=0x0]"
"29-07-2026 11:25:43","271","Verbose","Microsoft-Windows-StateRepository","SRCache successfully updated [Options=0x0]"
"29-07-2026 11:25:42","271","Verbose","Microsoft-Windows-StateRepository","SRCache successfully updated [Options=0x0]"
"29-07-2026 11:25:42","271","Verbose","Microsoft-Windows-StateRepository","SRCache successfully updated [Options=0x0]"
"29-07-2026 11:25:29","271","Verbose","Microsoft-Windows-StateRepository","SRCache successfully updated [Options=0x0]"
"29-07-2026 11:25:29","271","Verbose","Microsoft-Windows-StateRepository","SRCache successfully updated [Options=0x0]"
"29-07-2026 11:25:10","271","Verbose","Microsoft-Windows-StateRepository","SRCache successfully updated [Options=0x0]"
"29-07-2026 11:25:10","271","Verbose","Microsoft-Windows-StateRepository","SRCache successfully updated [Options=0x0]"
"29-07-2026 11:25:10","271","Verbose","Microsoft-Windows-StateRepository","SRCache successfully updated [Options=0x0]"
"29-07-2026 11:25:10","271","Verbose","Microsoft-Windows-StateRepository","SRCache successfully updated [Options=0x0]"
"29-07-2026 11:25:10","271","Verbose","Microsoft-Windows-StateRepository","SRCache successfully updated [Options=0x0]"
"29-07-2026 11:25:10","271","Verbose","Microsoft-Windows-StateRepository","SRCache successfully updated [Options=0x0]"
"29-07-2026 11:25:10","271","Verbose","Microsoft-Windows-StateRepository","SRCache successfully updated [Options=0x0]"
"29-07-2026 11:25:09","271","Verbose","Microsoft-Windows-StateRepository","SRCache successfully updated [Options=0x0]"
"29-07-2026 11:25:09","271","Verbose","Microsoft-Windows-StateRepository","SRCache successfully updated [Options=0x0]"
"29-07-2026 11:24:46","271","Verbose","Microsoft-Windows-StateRepository","SRCache successfully updated [Options=0x0]"
"29-07-2026 11:24:46","271","Verbose","Microsoft-Windows-StateRepository","SRCache successfully updated [Options=0x0]"
"29-07-2026 11:24:43","271","Verbose","Microsoft-Windows-StateRepository","SRCache successfully updated [Options=0x0]"
"29-07-2026 11:24:42","271","Verbose","Microsoft-Windows-StateRepository","SRCache successfully updated [Options=0x0]"
"29-07-2026 11:24:42","221","Verbose","Microsoft-Windows-StateRepository","ANALYZE command has run; database statistics are updated [Partition=2, ProcessId=15212, Scope=(database)]"
"29-07-2026 11:24:42","221","Verbose","Microsoft-Windows-StateRepository","ANALYZE command has run; database statistics are updated [Partition=1, ProcessId=15212, Scope=(database)]"
"29-07-2026 11:22:12","271","Verbose","Microsoft-Windows-StateRepository","SRCache successfully updated [Options=0x0]"
"29-07-2026 11:22:11","271","Verbose","Microsoft-Windows-StateRepository","SRCache successfully updated [Options=0x0]"
"29-07-2026 11:21:47","231","Verbose","Microsoft-Windows-StateRepository","RepositoryManagerServerUpgrade with options: 0x1"
"29-07-2026 11:21:47","100","Error","Microsoft-Windows-StateRepository","Error 0x15: misuse at line 185353 of [737ae4a347]"
"29-07-2026 11:21:43","221","Verbose","Microsoft-Windows-StateRepository","ANALYZE command has run; database statistics are updated [Partition=2, ProcessId=2036, Scope=(database)]"
