"11-08-2026 12:09:39","5007","Information","Microsoft-Windows-Windows Defender","Microsoft Defender Antivirus Configuration has changed. If this is an unexpected event you should review the settings as this may be the result of malware.
 	Old value: HKLM\SOFTWARE\Microsoft\Windows Defender\SpyNet\LastMAPSFailureTimeString = 2026-08-11T06:39:35Z
 	New value: HKLM\SOFTWARE\Microsoft\Windows Defender\SpyNet\LastMAPSFailureTimeString = 2026-08-11T06:39:38Z"
"11-08-2026 12:09:39","5007","Information","Microsoft-Windows-Windows Defender","Microsoft Defender Antivirus Configuration has changed. If this is an unexpected event you should review the settings as this may be the result of malware.
 	Old value: HKLM\SOFTWARE\Microsoft\Windows Defender\SpyNet\LastMAPSFailureTimeString = 2026-08-11T06:39:35Z
 	New value: HKLM\SOFTWARE\Microsoft\Windows Defender\SpyNet\LastMAPSFailureTimeString = 2026-08-11T06:39:38Z"
"11-08-2026 12:09:35","5007","Information","Microsoft-Windows-Windows Defender","Microsoft Defender Antivirus Configuration has changed. If this is an unexpected event you should review the settings as this may be the result of malware.
 	Old value: HKLM\SOFTWARE\Microsoft\Windows Defender\SpyNet\LastMAPSFailureTimeString = 2026-08-11T06:37:51Z
 	New value: HKLM\SOFTWARE\Microsoft\Windows Defender\SpyNet\LastMAPSFailureTimeString = 2026-08-11T06:39:35Z"
"11-08-2026 12:09:35","5007","Information","Microsoft-Windows-Windows Defender","Microsoft Defender Antivirus Configuration has changed. If this is an unexpected event you should review the settings as this may be the result of malware.
 	Old value: HKLM\SOFTWARE\Microsoft\Windows Defender\SpyNet\LastMAPSFailureTimeString = 2026-08-11T06:37:51Z
 	New value: HKLM\SOFTWARE\Microsoft\Windows Defender\SpyNet\LastMAPSFailureTimeString = 2026-08-11T06:39:35Z"
"11-08-2026 12:07:52","5007","Information","Microsoft-Windows-Windows Defender","Microsoft Defender Antivirus Configuration has changed. If this is an unexpected event you should review the settings as this may be the result of malware.
 	Old value: HKLM\SOFTWARE\Microsoft\Windows Defender\SpyNet\LastMAPSFailureTimeString = 2026-08-11T06:37:44Z
 	New value: HKLM\SOFTWARE\Microsoft\Windows Defender\SpyNet\LastMAPSFailureTimeString = 2026-08-11T06:37:51Z"
"11-08-2026 12:07:52","5007","Information","Microsoft-Windows-Windows Defender","Microsoft Defender Antivirus Configuration has changed. If this is an unexpected event you should review the settings as this may be the result of malware.
 	Old value: HKLM\SOFTWARE\Microsoft\Windows Defender\SpyNet\LastMAPSFailureTimeString = 2026-08-11T06:37:44Z
 	New value: HKLM\SOFTWARE\Microsoft\Windows Defender\SpyNet\LastMAPSFailureTimeString = 2026-08-11T06:37:51Z"
"11-08-2026 12:07:45","5007","Information","Microsoft-Windows-Windows Defender","Microsoft Defender Antivirus Configuration has changed. If this is an unexpected event you should review the settings as this may be the result of malware.
 	Old value: HKLM\SOFTWARE\Microsoft\Windows Defender\SpyNet\LastMAPSFailureTimeString = 2026-08-10T04:12:00Z
 	New value: HKLM\SOFTWARE\Microsoft\Windows Defender\SpyNet\LastMAPSFailureTimeString = 2026-08-11T06:37:44Z"
"11-08-2026 12:07:45","5007","Information","Microsoft-Windows-Windows Defender","Microsoft Defender Antivirus Configuration has changed. If this is an unexpected event you should review the settings as this may be the result of malware.
 	Old value: HKLM\SOFTWARE\Microsoft\Windows Defender\SpyNet\LastMAPSFailureTimeString = 2026-08-10T04:12:00Z
 	New value: HKLM\SOFTWARE\Microsoft\Windows Defender\SpyNet\LastMAPSFailureTimeString = 2026-08-11T06:37:44Z"
"11-08-2026 12:05:27","1124","Information","Microsoft-Windows-Windows Defender","C:\Program Files\Seagull\BarTender 11.5\BarTend.exe would have been blocked from modifying %userprofile%\Documents by Controlled Folder Access.
 	Detection time: 2026-08-11T06:35:27.356Z
 	User: NT AUTHORITY\SYSTEM
 	Path: %userprofile%\Documents
 	Process Name: C:\Program Files\Seagull\BarTender 11.5\BarTend.exe
 	Security intelligence Version: 1.457.104.0
 	Engine Version: 1.1.26070.7
 	Product Version: 4.18.26070.9
"
"11-08-2026 12:02:49","5007","Information","Microsoft-Windows-Windows Defender","Microsoft Defender Antivirus Configuration has changed. If this is an unexpected event you should review the settings as this may be the result of malware.
 	Old value: HKLM\SOFTWARE\Policies\Microsoft\Windows Defender\Policy Manager\SpyNet\SpyNetReporting = 0x1
 	New value: HKLM\SOFTWARE\Microsoft\Windows Defender\SpyNet\SpyNetReporting = 0x2"
"11-08-2026 12:02:48","5007","Information","Microsoft-Windows-Windows Defender","Microsoft Defender Antivirus Configuration has changed. If this is an unexpected event you should review the settings as this may be the result of malware.
 	Old value: Default\ProductAppDataPath = C:\ProgramData\Microsoft\Windows Defender
 	New value: HKLM\SOFTWARE\Microsoft\Windows Defender\ProductAppDataPath = C:\ProgramData\Microsoft\Windows Defender"
"11-08-2026 12:02:48","5007","Information","Microsoft-Windows-Windows Defender","Microsoft Defender Antivirus Configuration has changed. If this is an unexpected event you should review the settings as this may be the result of malware.
 	Old value: HKLM\SOFTWARE\Microsoft\Windows Defender\ServiceStartStates = 0x1
 	New value: Default\ServiceStartStates = 0x0"
"11-08-2026 12:02:48","5007","Information","Microsoft-Windows-Windows Defender","Microsoft Defender Antivirus Configuration has changed. If this is an unexpected event you should review the settings as this may be the result of malware.
 	Old value: HKLM\SOFTWARE\Microsoft\Windows Defender\ServiceStartStates = 0x1
 	New value: Default\ServiceStartStates = 0x0"
"11-08-2026 12:02:46","5007","Information","Microsoft-Windows-Windows Defender","Microsoft Defender Antivirus Configuration has changed. If this is an unexpected event you should review the settings as this may be the result of malware.
 	Old value: HKLM\SOFTWARE\Microsoft\Windows Defender\DLP Configs\Tag\Tag = 0x8
 	New value: HKLM\SOFTWARE\Microsoft\Windows Defender\DLP Configs\Tag\Tag = 0x1"
"11-08-2026 12:02:46","5007","Information","Microsoft-Windows-Windows Defender","Microsoft Defender Antivirus Configuration has changed. If this is an unexpected event you should review the settings as this may be the result of malware.
 	Old value: HKLM\SOFTWARE\Microsoft\Windows Defender\Diagnostics\InitializingComponentProgress = LoadingEngine
 	New value: HKLM\SOFTWARE\Microsoft\Windows Defender\Diagnostics\InitializingComponentProgress = ServiceStartedSuccessfully"
"11-08-2026 12:02:46","5007","Information","Microsoft-Windows-Windows Defender","Microsoft Defender Antivirus Configuration has changed. If this is an unexpected event you should review the settings as this may be the result of malware.
 	Old value: HKLM\SOFTWARE\Microsoft\Windows Defender\CoreService\WdConfigHash = 0x30AC8778
 	New value: HKLM\SOFTWARE\Microsoft\Windows Defender\CoreService\WdConfigHash = 0x2BE28F53"
"11-08-2026 12:02:46","5007","Information","Microsoft-Windows-Windows Defender","Microsoft Defender Antivirus Configuration has changed. If this is an unexpected event you should review the settings as this may be the result of malware.
 	Old value: HKLM\SOFTWARE\Microsoft\Windows Defender\DLP Configs\Tag\Tag = 0x8
 	New value: HKLM\SOFTWARE\Microsoft\Windows Defender\DLP Configs\Tag\Tag = 0x1"
"11-08-2026 12:02:46","5007","Information","Microsoft-Windows-Windows Defender","Microsoft Defender Antivirus Configuration has changed. If this is an unexpected event you should review the settings as this may be the result of malware.
 	Old value: HKLM\SOFTWARE\Microsoft\Windows Defender\Diagnostics\InitializingComponentProgress = LoadingEngine
 	New value: HKLM\SOFTWARE\Microsoft\Windows Defender\Diagnostics\InitializingComponentProgress = ServiceStartedSuccessfully"
"11-08-2026 12:02:46","5007","Information","Microsoft-Windows-Windows Defender","Microsoft Defender Antivirus Configuration has changed. If this is an unexpected event you should review the settings as this may be the result of malware.
 	Old value: HKLM\SOFTWARE\Microsoft\Windows Defender\CoreService\WdConfigHash = 0x30AC8778
 	New value: HKLM\SOFTWARE\Microsoft\Windows Defender\CoreService\WdConfigHash = 0x2BE28F53"
"11-08-2026 12:02:42","5007","Information","Microsoft-Windows-Windows Defender","Microsoft Defender Antivirus Configuration has changed. If this is an unexpected event you should review the settings as this may be the result of malware.
 	Old value: HKLM\SOFTWARE\Microsoft\Windows Defender\Diagnostics\InitializingComponentProgress = InitService
 	New value: HKLM\SOFTWARE\Microsoft\Windows Defender\Diagnostics\InitializingComponentProgress = LoadingEngine"
"11-08-2026 12:02:42","5007","Information","Microsoft-Windows-Windows Defender","Microsoft Defender Antivirus Configuration has changed. If this is an unexpected event you should review the settings as this may be the result of malware.
 	Old value: Default\ServiceStartStates = 0x0
 	New value: HKLM\SOFTWARE\Microsoft\Windows Defender\ServiceStartStates = 0x1"
"11-08-2026 12:02:42","5007","Information","Microsoft-Windows-Windows Defender","Microsoft Defender Antivirus Configuration has changed. If this is an unexpected event you should review the settings as this may be the result of malware.
 	Old value: HKLM\SOFTWARE\Microsoft\Windows Defender\Diagnostics\InitializingComponentProgress = PostPlatformUpdate
 	New value: HKLM\SOFTWARE\Microsoft\Windows Defender\Diagnostics\InitializingComponentProgress = LoadingEngine"
"11-08-2026 12:02:42","5007","Information","Microsoft-Windows-Windows Defender","Microsoft Defender Antivirus Configuration has changed. If this is an unexpected event you should review the settings as this may be the result of malware.
 	Old value: Default\ServiceStartStates = 0x0
 	New value: HKLM\SOFTWARE\Microsoft\Windows Defender\ServiceStartStates = 0x1"
"11-08-2026 12:02:33","5007","Information","Microsoft-Windows-Windows Defender","Microsoft Defender Antivirus Configuration has changed. If this is an unexpected event you should review the settings as this may be the result of malware.
 	Old value: HKLM\SOFTWARE\Microsoft\Windows Defender\Features\DlpDisablePrintDetours = 0x1
 	New value: HKLM\SOFTWARE\Microsoft\Windows Defender\Features\DlpDisablePrintDetours = 0x0"
"11-08-2026 12:02:33","5007","Information","Microsoft-Windows-Windows Defender","Microsoft Defender Antivirus Configuration has changed. If this is an unexpected event you should review the settings as this may be the result of malware.
 	Old value: HKLM\SOFTWARE\Microsoft\Windows Defender\Features\DlpDisablePrintDetours = 0x1
 	New value: HKLM\SOFTWARE\Microsoft\Windows Defender\Features\DlpDisablePrintDetours = 0x0"
"11-08-2026 12:02:33","5007","Information","Microsoft-Windows-Windows Defender","Microsoft Defender Antivirus Configuration has changed. If this is an unexpected event you should review the settings as this may be the result of malware.
 	Old value: HKLM\SOFTWARE\Microsoft\Windows Defender\Diagnostics\InitializingComponentProgress = InitializeMiscConfigLibrary
 	New value: HKLM\SOFTWARE\Microsoft\Windows Defender\Diagnostics\InitializingComponentProgress = PostPlatformUpdate"
"11-08-2026 12:02:33","5007","Information","Microsoft-Windows-Windows Defender","Microsoft Defender Antivirus Configuration has changed. If this is an unexpected event you should review the settings as this may be the result of malware.
 	Old value: HKLM\SOFTWARE\Microsoft\Windows Defender\CoreService\WdConfigHash = 0x2BE28F53
 	New value: HKLM\SOFTWARE\Microsoft\Windows Defender\CoreService\WdConfigHash = 0x30AC8778"
"11-08-2026 12:02:33","5007","Information","Microsoft-Windows-Windows Defender","Microsoft Defender Antivirus Configuration has changed. If this is an unexpected event you should review the settings as this may be the result of malware.
 	Old value: Default\IsServiceRunning = 0x0
 	New value: HKLM\SOFTWARE\Microsoft\Windows Defender\IsServiceRunning = 0x1"
"11-08-2026 12:02:33","5007","Information","Microsoft-Windows-Windows Defender","Microsoft Defender Antivirus Configuration has changed. If this is an unexpected event you should review the settings as this may be the result of malware.
 	Old value: HKLM\SOFTWARE\Microsoft\Windows Defender\Diagnostics\InitializingComponentProgress = ServiceStartedSuccessfully
 	New value: HKLM\SOFTWARE\Microsoft\Windows Defender\Diagnostics\InitializingComponentProgress = PostPlatformUpdate"
"11-08-2026 12:02:33","5007","Information","Microsoft-Windows-Windows Defender","Microsoft Defender Antivirus Configuration has changed. If this is an unexpected event you should review the settings as this may be the result of malware.
 	Old value: HKLM\SOFTWARE\Microsoft\Windows Defender\CoreService\WdConfigHash = 0x2BE28F53
 	New value: HKLM\SOFTWARE\Microsoft\Windows Defender\CoreService\WdConfigHash = 0x30AC8778"
"11-08-2026 12:02:33","5007","Information","Microsoft-Windows-Windows Defender","Microsoft Defender Antivirus Configuration has changed. If this is an unexpected event you should review the settings as this may be the result of malware.
 	Old value: Default\IsServiceRunning = 0x0
 	New value: HKLM\SOFTWARE\Microsoft\Windows Defender\IsServiceRunning = 0x1"
"11-08-2026 12:01:59","5007","Information","Microsoft-Windows-Windows Defender","Microsoft Defender Antivirus Configuration has changed. If this is an unexpected event you should review the settings as this may be the result of malware.
 	Old value: HKLM\SOFTWARE\Microsoft\Windows Defender\Diagnostics\CleanupComponentProgress = RtpPluginStop
 	New value: HKLM\SOFTWARE\Microsoft\Windows Defender\Diagnostics\CleanupComponentProgress = CleanupEngine"
"11-08-2026 12:01:58","5007","Information","Microsoft-Windows-Windows Defender","Microsoft Defender Antivirus Configuration has changed. If this is an unexpected event you should review the settings as this may be the result of malware.
 	Old value: HKLM\SOFTWARE\Microsoft\Windows Defender\Diagnostics\CleanupComponentProgress = CleanupCompleted
 	New value: HKLM\SOFTWARE\Microsoft\Windows Defender\Diagnostics\CleanupComponentProgress = RtpPluginStop"
"11-08-2026 12:01:58","5007","Information","Microsoft-Windows-Windows Defender","Microsoft Defender Antivirus Configuration has changed. If this is an unexpected event you should review the settings as this may be the result of malware.
 	Old value: HKLM\SOFTWARE\Microsoft\Windows Defender\Device Control\RebootRequired = 0x1
 	New value: Default\Device Control\RebootRequired = 0x0"
"11-08-2026 12:01:58","5007","Information","Microsoft-Windows-Windows Defender","Microsoft Defender Antivirus Configuration has changed. If this is an unexpected event you should review the settings as this may be the result of malware.
 	Old value: HKLM\SOFTWARE\Microsoft\Windows Defender\Diagnostics\CleanupComponentProgress = CleanupCompleted
 	New value: HKLM\SOFTWARE\Microsoft\Windows Defender\Diagnostics\CleanupComponentProgress = RtpPluginStop"
"11-08-2026 12:01:58","5007","Information","Microsoft-Windows-Windows Defender","Microsoft Defender Antivirus Configuration has changed. If this is an unexpected event you should review the settings as this may be the result of malware.
 	Old value: HKLM\SOFTWARE\Microsoft\Windows Defender\Device Control\RebootRequired = 0x1
 	New value: Default\Device Control\RebootRequired = 0x0"
"11-08-2026 11:47:18","1151","Information","Microsoft-Windows-Windows Defender","Endpoint Protection client health report (time in UTC):
 	Platform version: 4.18.26070.9
 	Engine version: 1.1.26070.7
 	Network Realtime Inspection engine version: 1.1.26070.7
 	Antivirus security intelligence version: 1.457.104.0
 	Antispyware security intelligence version: 1.457.104.0
 	Network Realtime Inspection security intelligence version: 1.457.104.0
 	RTP state: Enabled
 	OA state: Enabled
 	IOAV state: Enabled
 	BM state: Enabled
 	Antivirus security intelligence age: 0
 	Antispyware security intelligence age: 0
 	Last quick scan age: 0
 	Last full scan age: 4294967295
 	Antivirus security intelligence creation time: 2026-08-10T23:03:48Z
 	Antispyware security intelligence creation time: 2026-08-10T23:03:48Z
 	Last quick scan start time: 2026-08-10T09:44:08Z
 	Last quick scan end time: 2026-08-10T09:56:09Z
 	Last quick scan source: 2
 	Last full scan start time: 1601-01-01T00:00:00Z
 	Last full scan end time: 1601-01-01T00:00:00Z
 	Last full scan source: 0
 	Product status: 0x00080000
"
"11-08-2026 11:47:18","1150","Information","Microsoft-Windows-Windows Defender","Endpoint Protection client is up and running in a healthy state.
 	Platform version: 4.18.26070.9
 	Engine version: 1.1.26070.7
 	Security intelligence version: 1.457.104.0
"
"11-08-2026 11:43:11","5007","Information","Microsoft-Windows-Windows Defender","Microsoft Defender Antivirus Configuration has changed. If this is an unexpected event you should review the settings as this may be the result of malware.
 	Old value: HKLM\SOFTWARE\Microsoft\Windows Defender\UX Configuration\ToastOrSsoTrigger = 0x0
 	New value: HKLM\SOFTWARE\Microsoft\Windows Defender\UX Configuration\ToastOrSsoTrigger = 0x1"
"11-08-2026 11:43:11","5007","Information","Microsoft-Windows-Windows Defender","Microsoft Defender Antivirus Configuration has changed. If this is an unexpected event you should review the settings as this may be the result of malware.
 	Old value: HKLM\SOFTWARE\Microsoft\Windows Defender\UX Configuration\ToastOrSsoTrigger = 0x0
 	New value: HKLM\SOFTWARE\Microsoft\Windows Defender\UX Configuration\ToastOrSsoTrigger = 0x1"
"11-08-2026 11:41:14","2010","Information","Microsoft-Windows-Windows Defender","Microsoft Defender Antivirus used cloud protection to get additional security intelligence.
 	Current security intelligence Version: 1.457.104.0
 	Security intelligence Type: 
 	User: \
 	Current Engine Version: 1.1.26070.7
 	Cloud protection intelligence Type: Security intelligence update
 	Persistence Path: C:\ProgramData\Microsoft\Windows Defender\Scans\RtSigs\data\aef6353b5d70dee1d72d2ab0f67f1da8cc20f007
 	Cloud protection intelligence Version: 0.0.0.0
 	Cloud protection intelligence Compilation Timestamp: 11-08-2026 06:11:15
 	Persistence Limit Type: Duration
 	Persistence Limit: 72000000"
"11-08-2026 11:41:14","2010","Information","Microsoft-Windows-Windows Defender","Microsoft Defender Antivirus used cloud protection to get additional security intelligence.
 	Current security intelligence Version: 1.457.104.0
 	Security intelligence Type: 
 	User: \
 	Current Engine Version: 1.1.26070.7
 	Cloud protection intelligence Type: Security intelligence update
 	Persistence Path: C:\ProgramData\Microsoft\Windows Defender\Scans\RtSigs\data\cd1c8265ca4e70073950fa853ee97b3a37c8f855
 	Cloud protection intelligence Version: 0.0.0.0
 	Cloud protection intelligence Compilation Timestamp: 11-08-2026 06:11:15
 	Persistence Limit Type: Duration
 	Persistence Limit: 432000000"
"11-08-2026 11:41:14","2010","Information","Microsoft-Windows-Windows Defender","Microsoft Defender Antivirus used cloud protection to get additional security intelligence.
 	Current security intelligence Version: 1.457.104.0
 	Security intelligence Type: 
 	User: \
 	Current Engine Version: 1.1.26070.7
 	Cloud protection intelligence Type: Security intelligence update
 	Persistence Path: C:\ProgramData\Microsoft\Windows Defender\Scans\RtSigs\data\57528e6220faac3363add92fb208e7cfa7b782dc
 	Cloud protection intelligence Version: 0.0.0.0
 	Cloud protection intelligence Compilation Timestamp: 11-08-2026 06:11:15
 	Persistence Limit Type: Duration
 	Persistence Limit: 432000000"
"11-08-2026 11:41:14","2010","Information","Microsoft-Windows-Windows Defender","Microsoft Defender Antivirus used cloud protection to get additional security intelligence.
 	Current security intelligence Version: 1.457.104.0
 	Security intelligence Type: 
 	User: \
 	Current Engine Version: 1.1.26070.7
 	Cloud protection intelligence Type: Security intelligence update
 	Persistence Path: C:\ProgramData\Microsoft\Windows Defender\Scans\RtSigs\data\720dec2d702b21a2abd3c5a37a80b61d37d76783
 	Cloud protection intelligence Version: 0.0.0.0
 	Cloud protection intelligence Compilation Timestamp: 11-08-2026 06:11:15
 	Persistence Limit Type: Duration
 	Persistence Limit: 432000000"
"11-08-2026 11:26:12","2010","Information","Microsoft-Windows-Windows Defender","Microsoft Defender Antivirus used cloud protection to get additional security intelligence.
 	Current security intelligence Version: 1.457.104.0
 	Security intelligence Type: 
 	User: \
 	Current Engine Version: 1.1.26070.7
 	Cloud protection intelligence Type: Security intelligence update
 	Persistence Path: C:\ProgramData\Microsoft\Windows Defender\Scans\RtSigs\data\e1589741fedf398b1b5846321cd447469efc667b
 	Cloud protection intelligence Version: 0.0.0.0
 	Cloud protection intelligence Compilation Timestamp: 11-08-2026 05:56:11
 	Persistence Limit Type: Duration
 	Persistence Limit: 432000000"
"11-08-2026 11:26:12","2010","Information","Microsoft-Windows-Windows Defender","Microsoft Defender Antivirus used cloud protection to get additional security intelligence.
 	Current security intelligence Version: 1.457.104.0
 	Security intelligence Type: 
 	User: \
 	Current Engine Version: 1.1.26070.7
 	Cloud protection intelligence Type: Security intelligence update
 	Persistence Path: C:\ProgramData\Microsoft\Windows Defender\Scans\RtSigs\data\732bf0d85208171fe05c89bd593fcf73a35d5698
 	Cloud protection intelligence Version: 0.0.0.0
 	Cloud protection intelligence Compilation Timestamp: 11-08-2026 05:56:11
 	Persistence Limit Type: Duration
 	Persistence Limit: 432000000"
"11-08-2026 11:11:04","2010","Information","Microsoft-Windows-Windows Defender","Microsoft Defender Antivirus used cloud protection to get additional security intelligence.
 	Current security intelligence Version: 1.457.104.0
 	Security intelligence Type: 
 	User: \
 	Current Engine Version: 1.1.26070.7
 	Cloud protection intelligence Type: Security intelligence update
 	Persistence Path: C:\ProgramData\Microsoft\Windows Defender\Scans\RtSigs\data\94be7d1e9cbbe64b40029ba058692ed94a17e417
 	Cloud protection intelligence Version: 0.0.0.0
 	Cloud protection intelligence Compilation Timestamp: 11-08-2026 05:41:05
 	Persistence Limit Type: Duration
 	Persistence Limit: 432000000"
"11-08-2026 11:07:00","5007","Information","Microsoft-Windows-Windows Defender","Microsoft Defender Antivirus Configuration has changed. If this is an unexpected event you should review the settings as this may be the result of malware.
 	Old value: HKLM\SOFTWARE\Microsoft\Windows Defender\UX Configuration\ToastOrSsoTrigger = 0x1
 	New value: HKLM\SOFTWARE\Microsoft\Windows Defender\UX Configuration\ToastOrSsoTrigger = 0x0"
"11-08-2026 11:07:00","5007","Information","Microsoft-Windows-Windows Defender","Microsoft Defender Antivirus Configuration has changed. If this is an unexpected event you should review the settings as this may be the result of malware.
 	Old value: HKLM\SOFTWARE\Microsoft\Windows Defender\UX Configuration\ToastOrSsoTrigger = 0x1
 	New value: HKLM\SOFTWARE\Microsoft\Windows Defender\UX Configuration\ToastOrSsoTrigger = 0x0"
"11-08-2026 11:01:35","5007","Information","Microsoft-Windows-Windows Defender","Microsoft Defender Antivirus Configuration has changed. If this is an unexpected event you should review the settings as this may be the result of malware.
 	Old value: HKLM\SOFTWARE\Microsoft\Windows Defender\UX Configuration\ToastOrSsoTrigger = 0x0
 	New value: HKLM\SOFTWARE\Microsoft\Windows Defender\UX Configuration\ToastOrSsoTrigger = 0x1"
"11-08-2026 11:01:35","5007","Information","Microsoft-Windows-Windows Defender","Microsoft Defender Antivirus Configuration has changed. If this is an unexpected event you should review the settings as this may be the result of malware.
 	Old value: HKLM\SOFTWARE\Microsoft\Windows Defender\UX Configuration\ToastOrSsoTrigger = 0x0
 	New value: HKLM\SOFTWARE\Microsoft\Windows Defender\UX Configuration\ToastOrSsoTrigger = 0x1"
"11-08-2026 10:47:18","1151","Information","Microsoft-Windows-Windows Defender","Endpoint Protection client health report (time in UTC):
 	Platform version: 4.18.26070.9
 	Engine version: 1.1.26070.7
 	Network Realtime Inspection engine version: 1.1.26070.7
 	Antivirus security intelligence version: 1.457.104.0
 	Antispyware security intelligence version: 1.457.104.0
 	Network Realtime Inspection security intelligence version: 1.457.104.0
 	RTP state: Enabled
 	OA state: Enabled
 	IOAV state: Enabled
 	BM state: Enabled
 	Antivirus security intelligence age: 0
 	Antispyware security intelligence age: 0
 	Last quick scan age: 0
 	Last full scan age: 4294967295
 	Antivirus security intelligence creation time: 2026-08-10T23:03:48Z
 	Antispyware security intelligence creation time: 2026-08-10T23:03:48Z
 	Last quick scan start time: 2026-08-10T09:44:08Z
 	Last quick scan end time: 2026-08-10T09:56:09Z
 	Last quick scan source: 2
 	Last full scan start time: 1601-01-01T00:00:00Z
 	Last full scan end time: 1601-01-01T00:00:00Z
 	Last full scan source: 0
 	Product status: 0x00080000
"
"11-08-2026 10:47:18","1150","Information","Microsoft-Windows-Windows Defender","Endpoint Protection client is up and running in a healthy state.
 	Platform version: 4.18.26070.9
 	Engine version: 1.1.26070.7
 	Security intelligence version: 1.457.104.0
"
"11-08-2026 10:40:54","2010","Information","Microsoft-Windows-Windows Defender","Microsoft Defender Antivirus used cloud protection to get additional security intelligence.
 	Current security intelligence Version: 1.457.104.0
 	Security intelligence Type: 
 	User: \
 	Current Engine Version: 1.1.26070.7
 	Cloud protection intelligence Type: Security intelligence update
 	Persistence Path: C:\ProgramData\Microsoft\Windows Defender\Scans\RtSigs\data\885c0d5f85912e12d38d7843c15bd480bfe3d01e
 	Cloud protection intelligence Version: 0.0.0.0
 	Cloud protection intelligence Compilation Timestamp: 11-08-2026 05:10:55
 	Persistence Limit Type: Duration
 	Persistence Limit: 72000000"
"11-08-2026 10:40:54","2010","Information","Microsoft-Windows-Windows Defender","Microsoft Defender Antivirus used cloud protection to get additional security intelligence.
 	Current security intelligence Version: 1.457.104.0
 	Security intelligence Type: 
 	User: \
 	Current Engine Version: 1.1.26070.7
 	Cloud protection intelligence Type: Security intelligence update
 	Persistence Path: C:\ProgramData\Microsoft\Windows Defender\Scans\RtSigs\data\ce3e3891b6083d06b71f21679d7fdf25401e5c96
 	Cloud protection intelligence Version: 0.0.0.0
 	Cloud protection intelligence Compilation Timestamp: 11-08-2026 05:10:55
 	Persistence Limit Type: Duration
 	Persistence Limit: 432000000"
"11-08-2026 10:25:49","2010","Information","Microsoft-Windows-Windows Defender","Microsoft Defender Antivirus used cloud protection to get additional security intelligence.
 	Current security intelligence Version: 1.457.104.0
 	Security intelligence Type: 
 	User: \
 	Current Engine Version: 1.1.26070.7
 	Cloud protection intelligence Type: Security intelligence update
 	Persistence Path: C:\ProgramData\Microsoft\Windows Defender\Scans\RtSigs\data\a33df0df9e50dd1bb5c7ec1c8cb9c16e9da71657
 	Cloud protection intelligence Version: 0.0.0.0
 	Cloud protection intelligence Compilation Timestamp: 11-08-2026 04:55:50
 	Persistence Limit Type: Duration
 	Persistence Limit: 72000000"
"11-08-2026 10:25:49","2010","Information","Microsoft-Windows-Windows Defender","Microsoft Defender Antivirus used cloud protection to get additional security intelligence.
 	Current security intelligence Version: 1.457.104.0
 	Security intelligence Type: 
 	User: \
 	Current Engine Version: 1.1.26070.7
 	Cloud protection intelligence Type: Security intelligence update
 	Persistence Path: C:\ProgramData\Microsoft\Windows Defender\Scans\RtSigs\data\3c90ea59776bfec00511ace67e6971ddebf6c827
 	Cloud protection intelligence Version: 0.0.0.0
 	Cloud protection intelligence Compilation Timestamp: 11-08-2026 04:55:50
 	Persistence Limit Type: Duration
 	Persistence Limit: 432000000"
"11-08-2026 10:25:49","2010","Information","Microsoft-Windows-Windows Defender","Microsoft Defender Antivirus used cloud protection to get additional security intelligence.
 	Current security intelligence Version: 1.457.104.0
 	Security intelligence Type: 
 	User: \
 	Current Engine Version: 1.1.26070.7
 	Cloud protection intelligence Type: Security intelligence update
 	Persistence Path: C:\ProgramData\Microsoft\Windows Defender\Scans\RtSigs\data\4308589aaaf1bcb41c67b0c81a62c600b32fbb05
 	Cloud protection intelligence Version: 0.0.0.0
 	Cloud protection intelligence Compilation Timestamp: 11-08-2026 04:55:50
 	Persistence Limit Type: Duration
 	Persistence Limit: 432000000"
"11-08-2026 10:25:49","2010","Information","Microsoft-Windows-Windows Defender","Microsoft Defender Antivirus used cloud protection to get additional security intelligence.
 	Current security intelligence Version: 1.457.104.0
 	Security intelligence Type: 
 	User: \
 	Current Engine Version: 1.1.26070.7
 	Cloud protection intelligence Type: Security intelligence update
 	Persistence Path: C:\ProgramData\Microsoft\Windows Defender\Scans\RtSigs\data\8b483627baa098761fe2b801bee4c52f00a63851
 	Cloud protection intelligence Version: 0.0.0.0
 	Cloud protection intelligence Compilation Timestamp: 11-08-2026 04:55:50
 	Persistence Limit Type: Duration
 	Persistence Limit: 432000000"
"11-08-2026 10:20:30","1134","Information","Microsoft-Windows-Windows Defender","Microsoft Defender Antivirus has audited an operation.
For more information please contact your IT administrator.
	Policy Version: 639219638140075660-450df30793eba59f44b0e24d6be0b5508432200b
	Policy Rule ID: 6abb5bf8-7ae6-4f97-9c9a-9fcb60c0f230:6b2c3c43-f1fd-4949-97e8-f93e3c3a91e4
	Enforcement Level: Audit
	Audit Reason: 0
	Timestamp: 1601-01-01T00:00:08Z
	Action Type: CopyToClipboard
	Process: WINWORD.EXE
	Source: \Device\HarddiskVolume3\Users\arjo5004\OneDrive - NIQ\Documents\Projects\Workplace Reservation\~$Workplace Reservation - Dev Test Case.tmp
	Target: explorer.exe
	Session ID: 1
	User SID: S-1-12-1-2357405129-1281513531-255772574-1816207334
%Security intelligence Version: 1.457.104.0
	Engine Version: 1.1.26070.7
	Product Version: 4.18.26070.9
"
"11-08-2026 10:15:12","1134","Information","Microsoft-Windows-Windows Defender","Microsoft Defender Antivirus has audited an operation.
For more information please contact your IT administrator.
	Policy Version: 639219638140075660-450df30793eba59f44b0e24d6be0b5508432200b
	Policy Rule ID: 6abb5bf8-7ae6-4f97-9c9a-9fcb60c0f230:6b2c3c43-f1fd-4949-97e8-f93e3c3a91e4
	Enforcement Level: Audit
	Audit Reason: 0
	Timestamp: 1601-01-01T00:00:08Z
	Action Type: CopyToClipboard
	Process: WINWORD.EXE
	Source: \Device\HarddiskVolume3\Users\arjo5004\OneDrive - NIQ\Documents\Projects\Workplace Reservation\~$Workplace Reservation - Dev Test Case.tmp
	Target: explorer.exe
	Session ID: 1
	User SID: S-1-12-1-2357405129-1281513531-255772574-1816207334
%Security intelligence Version: 1.457.104.0
	Engine Version: 1.1.26070.7
	Product Version: 4.18.26070.9
"
"11-08-2026 10:08:17","1134","Information","Microsoft-Windows-Windows Defender","Microsoft Defender Antivirus has audited an operation.
For more information please contact your IT administrator.
	Policy Version: 639219638140075660-450df30793eba59f44b0e24d6be0b5508432200b
	Policy Rule ID: 6abb5bf8-7ae6-4f97-9c9a-9fcb60c0f230:6b2c3c43-f1fd-4949-97e8-f93e3c3a91e4
	Enforcement Level: Audit
	Audit Reason: 0
	Timestamp: 1601-01-01T00:00:08Z
	Action Type: CopyToClipboard
	Process: WINWORD.EXE
	Source: \Device\HarddiskVolume3\Users\arjo5004\OneDrive - NIQ\Documents\Projects\Workplace Reservation\~$Workplace Reservation - Dev Test Case.tmp
	Target: explorer.exe
	Session ID: 1
	User SID: S-1-12-1-2357405129-1281513531-255772574-1816207334
%Security intelligence Version: 1.457.104.0
	Engine Version: 1.1.26070.7
	Product Version: 4.18.26070.9
"
"11-08-2026 09:57:34","5007","Information","Microsoft-Windows-Windows Defender","Microsoft Defender Antivirus Configuration has changed. If this is an unexpected event you should review the settings as this may be the result of malware.
 	Old value: HKLM\SOFTWARE\Microsoft\Windows Defender\DLP Configs\Tag\Tag = 0x7
 	New value: HKLM\SOFTWARE\Microsoft\Windows Defender\DLP Configs\Tag\Tag = 0x8"
"11-08-2026 09:57:34","5007","Information","Microsoft-Windows-Windows Defender","Microsoft Defender Antivirus Configuration has changed. If this is an unexpected event you should review the settings as this may be the result of malware.
 	Old value: HKLM\SOFTWARE\Microsoft\Windows Defender\CoreService\WdConfigHash = 0xE72CE08
 	New value: HKLM\SOFTWARE\Microsoft\Windows Defender\CoreService\WdConfigHash = 0x2BE28F53"
"11-08-2026 09:57:34","5007","Information","Microsoft-Windows-Windows Defender","Microsoft Defender Antivirus Configuration has changed. If this is an unexpected event you should review the settings as this may be the result of malware.
 	Old value: HKLM\SOFTWARE\Microsoft\Windows Defender\DLP Configs\Tag\Tag = 0x7
 	New value: HKLM\SOFTWARE\Microsoft\Windows Defender\DLP Configs\Tag\Tag = 0x8"
"11-08-2026 09:57:34","5007","Information","Microsoft-Windows-Windows Defender","Microsoft Defender Antivirus Configuration has changed. If this is an unexpected event you should review the settings as this may be the result of malware.
 	Old value: HKLM\SOFTWARE\Microsoft\Windows Defender\CoreService\WdConfigHash = 0xE72CE08
 	New value: HKLM\SOFTWARE\Microsoft\Windows Defender\CoreService\WdConfigHash = 0x2BE28F53"
"11-08-2026 09:57:34","2000","Information","Microsoft-Windows-Windows Defender","Microsoft Defender Antivirus security intelligence version updated.
 	Current security intelligence Version: 1.457.104.0
 	Previous security intelligence Version: 1.457.96.0
 	Security intelligence Type: AntiSpyware
 	Update Type: Delta
 	User: NT AUTHORITY\SYSTEM
 	Current Engine Version: 1.1.26070.7
 	Previous Engine Version: 1.1.26070.7"
"11-08-2026 09:57:34","2000","Information","Microsoft-Windows-Windows Defender","Microsoft Defender Antivirus security intelligence version updated.
 	Current security intelligence Version: 1.457.104.0
 	Previous security intelligence Version: 1.457.96.0
 	Security intelligence Type: AntiVirus
 	Update Type: Delta
 	User: NT AUTHORITY\SYSTEM
 	Current Engine Version: 1.1.26070.7
 	Previous Engine Version: 1.1.26070.7"
"11-08-2026 09:55:39","2010","Information","Microsoft-Windows-Windows Defender","Microsoft Defender Antivirus used cloud protection to get additional security intelligence.
 	Current security intelligence Version: 1.457.96.0
 	Security intelligence Type: 
 	User: \
 	Current Engine Version: 1.1.26070.7
 	Cloud protection intelligence Type: Security intelligence update
 	Persistence Path: C:\ProgramData\Microsoft\Windows Defender\Scans\RtSigs\data\b4db0384a0a06e38143b14bec30505067209225e
 	Cloud protection intelligence Version: 0.0.0.0
 	Cloud protection intelligence Compilation Timestamp: 11-08-2026 04:25:40
 	Persistence Limit Type: Duration
 	Persistence Limit: 432000000"
"11-08-2026 09:55:39","2010","Information","Microsoft-Windows-Windows Defender","Microsoft Defender Antivirus used cloud protection to get additional security intelligence.
 	Current security intelligence Version: 1.457.96.0
 	Security intelligence Type: 
 	User: \
 	Current Engine Version: 1.1.26070.7
 	Cloud protection intelligence Type: Security intelligence update
 	Persistence Path: C:\ProgramData\Microsoft\Windows Defender\Scans\RtSigs\data\f9c4be8cf547a24f1e7fa3315c4e222758399cb3
 	Cloud protection intelligence Version: 0.0.0.0
 	Cloud protection intelligence Compilation Timestamp: 11-08-2026 04:25:39
 	Persistence Limit Type: Duration
 	Persistence Limit: 432000000"
"11-08-2026 09:55:39","2010","Information","Microsoft-Windows-Windows Defender","Microsoft Defender Antivirus used cloud protection to get additional security intelligence.
 	Current security intelligence Version: 1.457.96.0
 	Security intelligence Type: 
 	User: \
 	Current Engine Version: 1.1.26070.7
 	Cloud protection intelligence Type: Security intelligence update
 	Persistence Path: C:\ProgramData\Microsoft\Windows Defender\Scans\RtSigs\data\00f02b66f0aa556643a5f261a232c20b20444666
 	Cloud protection intelligence Version: 0.0.0.0
 	Cloud protection intelligence Compilation Timestamp: 11-08-2026 04:25:39
 	Persistence Limit Type: Duration
 	Persistence Limit: 432000000"
"11-08-2026 09:47:18","1151","Information","Microsoft-Windows-Windows Defender","Endpoint Protection client health report (time in UTC):
 	Platform version: 4.18.26070.9
 	Engine version: 1.1.26070.7
 	Network Realtime Inspection engine version: 1.1.26070.7
 	Antivirus security intelligence version: 1.457.96.0
 	Antispyware security intelligence version: 1.457.96.0
 	Network Realtime Inspection security intelligence version: 1.457.96.0
 	RTP state: Enabled
 	OA state: Enabled
 	IOAV state: Enabled
 	BM state: Enabled
 	Antivirus security intelligence age: 0
 	Antispyware security intelligence age: 0
 	Last quick scan age: 0
 	Last full scan age: 4294967295
 	Antivirus security intelligence creation time: 2026-08-10T08:57:48Z
 	Antispyware security intelligence creation time: 2026-08-10T08:57:48Z
 	Last quick scan start time: 2026-08-10T09:44:08Z
 	Last quick scan end time: 2026-08-10T09:56:09Z
 	Last quick scan source: 2
 	Last full scan start time: 1601-01-01T00:00:00Z
 	Last full scan end time: 1601-01-01T00:00:00Z
 	Last full scan source: 0
 	Product status: 0x00080000
"
"11-08-2026 09:47:18","1150","Information","Microsoft-Windows-Windows Defender","Endpoint Protection client is up and running in a healthy state.
 	Platform version: 4.18.26070.9
 	Engine version: 1.1.26070.7
 	Security intelligence version: 1.457.96.0
"
"11-08-2026 09:39:36","1134","Information","Microsoft-Windows-Windows Defender","Microsoft Defender Antivirus has audited an operation.
For more information please contact your IT administrator.
	Policy Version: 639219638140075660-450df30793eba59f44b0e24d6be0b5508432200b
	Policy Rule ID: 6abb5bf8-7ae6-4f97-9c9a-9fcb60c0f230:6b2c3c43-f1fd-4949-97e8-f93e3c3a91e4
	Enforcement Level: Audit
	Audit Reason: 0
	Timestamp: 1601-01-01T00:00:08Z
	Action Type: CopyToClipboard
	Process: WINWORD.EXE
	Source: \Device\HarddiskVolume3\Users\arjo5004\OneDrive - NIQ\Documents\Projects\Workplace Reservation\~$Workplace Reservation - Dev Test Case.tmp
	Target: explorer.exe
	Session ID: 1
	User SID: S-1-12-1-2357405129-1281513531-255772574-1816207334
%Security intelligence Version: 1.457.96.0
	Engine Version: 1.1.26070.7
	Product Version: 4.18.26070.9
"
"11-08-2026 09:36:10","2010","Information","Microsoft-Windows-Windows Defender","Microsoft Defender Antivirus used cloud protection to get additional security intelligence.
 	Current security intelligence Version: 1.457.96.0
 	Security intelligence Type: 
 	User: \
 	Current Engine Version: 1.1.26070.7
 	Cloud protection intelligence Type: Security intelligence update
 	Persistence Path: C:\ProgramData\Microsoft\Windows Defender\Scans\RtSigs\data\5a25bb87e4d547da45abaa13525815d5807cadb6
 	Cloud protection intelligence Version: 0.0.0.0
 	Cloud protection intelligence Compilation Timestamp: 11-08-2026 04:06:10
 	Persistence Limit Type: Duration
 	Persistence Limit: 50065408"
"11-08-2026 09:36:09","2010","Information","Microsoft-Windows-Windows Defender","Microsoft Defender Antivirus used cloud protection to get additional security intelligence.
 	Current security intelligence Version: 1.457.96.0
 	Security intelligence Type: 
 	User: \
 	Current Engine Version: 1.1.26070.7
 	Cloud protection intelligence Type: Security intelligence update
 	Persistence Path: C:\ProgramData\Microsoft\Windows Defender\Scans\RtSigs\data\3f61d16a52aacb5edf79f684165ed536d440f752
 	Cloud protection intelligence Version: 0.0.0.0
 	Cloud protection intelligence Compilation Timestamp: 11-08-2026 04:06:10
 	Persistence Limit Type: Duration
 	Persistence Limit: 50065408"
"11-08-2026 09:33:56","2010","Information","Microsoft-Windows-Windows Defender","Microsoft Defender Antivirus used cloud protection to get additional security intelligence.
 	Current security intelligence Version: 1.457.96.0
 	Security intelligence Type: 
 	User: \
 	Current Engine Version: 1.1.26070.7
 	Cloud protection intelligence Type: Security intelligence update
 	Persistence Path: C:\ProgramData\Microsoft\Windows Defender\Scans\RtSigs\data\bf8b834271a962f8be761377c185442b1be3418c
 	Cloud protection intelligence Version: 0.0.0.0
 	Cloud protection intelligence Compilation Timestamp: 11-08-2026 04:03:57
 	Persistence Limit Type: Duration
 	Persistence Limit: 1728000000"
"11-08-2026 09:32:32","5007","Information","Microsoft-Windows-Windows Defender","Microsoft Defender Antivirus Configuration has changed. If this is an unexpected event you should review the settings as this may be the result of malware.
 	Old value: HKLM\SOFTWARE\Microsoft\Windows Defender\UX Configuration\ToastOrSsoTrigger = 0x1
 	New value: HKLM\SOFTWARE\Microsoft\Windows Defender\UX Configuration\ToastOrSsoTrigger = 0x0"
"11-08-2026 09:32:32","5007","Information","Microsoft-Windows-Windows Defender","Microsoft Defender Antivirus Configuration has changed. If this is an unexpected event you should review the settings as this may be the result of malware.
 	Old value: HKLM\SOFTWARE\Microsoft\Windows Defender\UX Configuration\ToastOrSsoTrigger = 0x1
 	New value: HKLM\SOFTWARE\Microsoft\Windows Defender\UX Configuration\ToastOrSsoTrigger = 0x0"
"11-08-2026 09:25:29","2010","Information","Microsoft-Windows-Windows Defender","Microsoft Defender Antivirus used cloud protection to get additional security intelligence.
 	Current security intelligence Version: 1.457.96.0
 	Security intelligence Type: 
 	User: \
 	Current Engine Version: 1.1.26070.7
 	Cloud protection intelligence Type: Security intelligence update
 	Persistence Path: C:\ProgramData\Microsoft\Windows Defender\Scans\RtSigs\data\a7bb3e8092e460f4d76db56b01405850b951de2a
 	Cloud protection intelligence Version: 0.0.0.0
 	Cloud protection intelligence Compilation Timestamp: 11-08-2026 03:55:30
 	Persistence Limit Type: Duration
 	Persistence Limit: 72000000"
"11-08-2026 09:25:29","2010","Information","Microsoft-Windows-Windows Defender","Microsoft Defender Antivirus used cloud protection to get additional security intelligence.
 	Current security intelligence Version: 1.457.96.0
 	Security intelligence Type: 
 	User: \
 	Current Engine Version: 1.1.26070.7
 	Cloud protection intelligence Type: Security intelligence update
 	Persistence Path: C:\ProgramData\Microsoft\Windows Defender\Scans\RtSigs\data\04465f667b03f600a44d43e3f608897a17e825d7
 	Cloud protection intelligence Version: 0.0.0.0
 	Cloud protection intelligence Compilation Timestamp: 11-08-2026 03:55:30
 	Persistence Limit Type: Duration
 	Persistence Limit: 432000000"
"11-08-2026 09:25:29","2010","Information","Microsoft-Windows-Windows Defender","Microsoft Defender Antivirus used cloud protection to get additional security intelligence.
 	Current security intelligence Version: 1.457.96.0
 	Security intelligence Type: 
 	User: \
 	Current Engine Version: 1.1.26070.7
 	Cloud protection intelligence Type: Security intelligence update
 	Persistence Path: C:\ProgramData\Microsoft\Windows Defender\Scans\RtSigs\data\79a7c62c49483d198e6e77e0ff443a11835e282e
 	Cloud protection intelligence Version: 0.0.0.0
 	Cloud protection intelligence Compilation Timestamp: 11-08-2026 03:55:30
 	Persistence Limit Type: Duration
 	Persistence Limit: 432000000"
"11-08-2026 09:25:29","2010","Information","Microsoft-Windows-Windows Defender","Microsoft Defender Antivirus used cloud protection to get additional security intelligence.
 	Current security intelligence Version: 1.457.96.0
 	Security intelligence Type: 
 	User: \
 	Current Engine Version: 1.1.26070.7
 	Cloud protection intelligence Type: Security intelligence update
 	Persistence Path: C:\ProgramData\Microsoft\Windows Defender\Scans\RtSigs\data\04dd9f2f6005e06b43747fe54bf608b1a45fe444
 	Cloud protection intelligence Version: 0.0.0.0
 	Cloud protection intelligence Compilation Timestamp: 11-08-2026 03:55:30
 	Persistence Limit Type: Duration
 	Persistence Limit: 432000000"
"11-08-2026 09:21:41","2010","Information","Microsoft-Windows-Windows Defender","Microsoft Defender Antivirus used cloud protection to get additional security intelligence.
 	Current security intelligence Version: 1.457.96.0
 	Security intelligence Type: 
 	User: \
 	Current Engine Version: 1.1.26070.7
 	Cloud protection intelligence Type: Security intelligence update
 	Persistence Path: C:\ProgramData\Microsoft\Windows Defender\Scans\RtSigs\data\a104bd0161ce759fb50a3f455da688854dd634a7
 	Cloud protection intelligence Version: 0.0.0.0
 	Cloud protection intelligence Compilation Timestamp: 11-08-2026 03:51:42
 	Persistence Limit Type: Duration
 	Persistence Limit: 50065408"
"11-08-2026 09:12:02","5007","Information","Microsoft-Windows-Windows Defender","Microsoft Defender Antivirus Configuration has changed. If this is an unexpected event you should review the settings as this may be the result of malware.
 	Old value: HKLM\SOFTWARE\Microsoft\Windows Defender\Features\Controls\248 = 0x0
 	New value: "
"11-08-2026 09:12:02","5007","Information","Microsoft-Windows-Windows Defender","Microsoft Defender Antivirus Configuration has changed. If this is an unexpected event you should review the settings as this may be the result of malware.
 	Old value: HKLM\SOFTWARE\Microsoft\Windows Defender\Features\Controls\83 = 0x1
 	New value: "
"11-08-2026 09:12:02","5007","Information","Microsoft-Windows-Windows Defender","Microsoft Defender Antivirus Configuration has changed. If this is an unexpected event you should review the settings as this may be the result of malware.
 	Old value: 
 	New value: HKLM\SOFTWARE\Microsoft\Windows Defender\Features\Controls\203 = 0x1"
"11-08-2026 09:12:02","5007","Information","Microsoft-Windows-Windows Defender","Microsoft Defender Antivirus Configuration has changed. If this is an unexpected event you should review the settings as this may be the result of malware.
 	Old value: 
 	New value: HKLM\SOFTWARE\Microsoft\Windows Defender\Features\Controls\_32 = 0x1"
"11-08-2026 09:12:02","5007","Information","Microsoft-Windows-Windows Defender","Microsoft Defender Antivirus Configuration has changed. If this is an unexpected event you should review the settings as this may be the result of malware.
 	Old value: 
 	New value: HKLM\SOFTWARE\Microsoft\Windows Defender\Features\Controls\260 = 0x1"
"11-08-2026 09:12:02","5007","Information","Microsoft-Windows-Windows Defender","Microsoft Defender Antivirus Configuration has changed. If this is an unexpected event you should review the settings as this may be the result of malware.
 	Old value: HKLM\SOFTWARE\Microsoft\Windows Defender\Features\Controls\248 = 0x0
 	New value: "
"11-08-2026 09:12:02","5007","Information","Microsoft-Windows-Windows Defender","Microsoft Defender Antivirus Configuration has changed. If this is an unexpected event you should review the settings as this may be the result of malware.
 	Old value: HKLM\SOFTWARE\Microsoft\Windows Defender\Features\Controls\83 = 0x1
 	New value: "
"11-08-2026 09:12:02","5007","Information","Microsoft-Windows-Windows Defender","Microsoft Defender Antivirus Configuration has changed. If this is an unexpected event you should review the settings as this may be the result of malware.
 	Old value: 
 	New value: HKLM\SOFTWARE\Microsoft\Windows Defender\Features\Controls\203 = 0x1"
"11-08-2026 09:12:02","5007","Information","Microsoft-Windows-Windows Defender","Microsoft Defender Antivirus Configuration has changed. If this is an unexpected event you should review the settings as this may be the result of malware.
 	Old value: 
 	New value: HKLM\SOFTWARE\Microsoft\Windows Defender\Features\Controls\_32 = 0x1"
"11-08-2026 09:12:02","5007","Information","Microsoft-Windows-Windows Defender","Microsoft Defender Antivirus Configuration has changed. If this is an unexpected event you should review the settings as this may be the result of malware.
 	Old value: 
 	New value: HKLM\SOFTWARE\Microsoft\Windows Defender\Features\Controls\260 = 0x1"
"11-08-2026 09:12:02","5007","Information","Microsoft-Windows-Windows Defender","Microsoft Defender Antivirus Configuration has changed. If this is an unexpected event you should review the settings as this may be the result of malware.
 	Old value: HKLM\SOFTWARE\Microsoft\Windows Defender\DLP Configs\Tag\Tag = 0x6
 	New value: HKLM\SOFTWARE\Microsoft\Windows Defender\DLP Configs\Tag\Tag = 0x7"
"11-08-2026 09:12:02","5007","Information","Microsoft-Windows-Windows Defender","Microsoft Defender Antivirus Configuration has changed. If this is an unexpected event you should review the settings as this may be the result of malware.
 	Old value: HKLM\SOFTWARE\Microsoft\Windows Defender\CoreService\WdConfigHash = 0x6B15F54E
 	New value: HKLM\SOFTWARE\Microsoft\Windows Defender\CoreService\WdConfigHash = 0xE72CE08"
"11-08-2026 09:12:02","5007","Information","Microsoft-Windows-Windows Defender","Microsoft Defender Antivirus Configuration has changed. If this is an unexpected event you should review the settings as this may be the result of malware.
 	Old value: HKLM\SOFTWARE\Microsoft\Windows Defender\DLP Configs\Tag\Tag = 0x6
 	New value: HKLM\SOFTWARE\Microsoft\Windows Defender\DLP Configs\Tag\Tag = 0x7"
