"12-08-2026 18:38:37","1010","Information","Microsoft-Windows-Kernel-PnP","Device USB\VID_0424&PID_4206\5&2dc84fba&0&2 has been surprise removed as it is reported as missing on the bus.
Count of devices removed: 7"
"12-08-2026 12:01:53","1010","Information","Microsoft-Windows-Kernel-PnP","Device STORAGE\VolumeSnapshot\HarddiskVolumeSnapshot1 has been surprise removed as it is reported as missing on the bus.
Count of devices removed: 1"
"12-08-2026 09:22:52","1010","Information","Microsoft-Windows-Kernel-PnP","Device USB\VID_413C&PID_4503\5&2dc84fba&0&6 has been surprise removed as it is reported as missing on the bus.
Count of devices removed: 11"
"12-08-2026 09:22:45","1010","Information","Microsoft-Windows-Kernel-PnP","Device INTELAUDIO\SGPC_FUNC_01&VEN_8086&DEV_281D&SUBSYS_80860101&REV_1000\5&32640736&1&0201DIF_000B&UIF_0000 has been surprise removed as it is reported as missing on the bus.
Count of devices removed: 3"
"12-08-2026 09:22:44","1010","Information","Microsoft-Windows-Kernel-PnP","Device USB\VID_0424&PID_7206\5&266331bc&0&4 has been surprise removed as it is reported as missing on the bus.
Count of devices removed: 3"
"12-08-2026 09:22:44","1010","Information","Microsoft-Windows-Kernel-PnP","Device DISPLAY\DELA1B9\4&20b8d095&0&UID8263 has been surprise removed as it is reported as missing on the bus.
Count of devices removed: 1"
"12-08-2026 09:22:41","1010","Information","Microsoft-Windows-Kernel-PnP","Device USB\VID_0424&PID_4206\5&2dc84fba&0&1 has been surprise removed as it is reported as missing on the bus.
Count of devices removed: 7"
"12-08-2026 08:57:10","1010","Information","Microsoft-Windows-Kernel-PnP","Device STORAGE\VolumeSnapshot\HarddiskVolumeSnapshot1 has been surprise removed as it is reported as missing on the bus.
Count of devices removed: 1"
"12-08-2026 08:55:21","1010","Information","Microsoft-Windows-Kernel-PnP","Device DISPLAY\DELA1B9\4&20b8d095&0&UID8263 has been surprise removed as it is reported as missing on the bus.
Count of devices removed: 1"
"12-08-2026 03:29:55","1041","Information","Microsoft-Windows-Kernel-PnP","Device USB\VID_0424&PID_7240\7&a758d7d&0&4 has completed a platform-level device reset.

Status: 0
Veto type: 0
Vetoed By: "
"12-08-2026 03:29:55","1011","Warning","Microsoft-Windows-Kernel-PnP","Device USB\VID_0424&PID_7240\7&a758d7d&0&4 has been surprise removed as it was reported to be failing.
Count of devices removed: 1"
"12-08-2026 03:29:55","1041","Information","Microsoft-Windows-Kernel-PnP","Device USB\VID_0424&PID_7260\6&27c8c08e&0&5 has completed a platform-level device reset.

Status: 0
Veto type: 0
Vetoed By: "
"12-08-2026 03:29:55","1011","Warning","Microsoft-Windows-Kernel-PnP","Device USB\VID_0424&PID_7260\6&27c8c08e&0&5 has been surprise removed as it was reported to be failing.
Count of devices removed: 4"
"12-08-2026 03:29:55","1040","Information","Microsoft-Windows-Kernel-PnP","Device USB\VID_0424&PID_7240\7&a758d7d&0&4 has requested a platform-level device reset.

Flags: 0"
"12-08-2026 03:29:55","1040","Information","Microsoft-Windows-Kernel-PnP","Device USB\VID_0424&PID_7260\6&27c8c08e&0&5 has requested a platform-level device reset.

Flags: 0"
"11-08-2026 19:05:09","1041","Information","Microsoft-Windows-Kernel-PnP","Device USB\VID_0424&PID_7260\6&27c8c08e&0&5 has completed a platform-level device reset.

Status: 0
Veto type: 0
Vetoed By: "
"11-08-2026 19:05:09","1011","Warning","Microsoft-Windows-Kernel-PnP","Device USB\VID_0424&PID_7260\6&27c8c08e&0&5 has been surprise removed as it was reported to be failing.
Count of devices removed: 4"
"11-08-2026 19:05:09","1041","Information","Microsoft-Windows-Kernel-PnP","Device USB\VID_0424&PID_7240\7&a758d7d&0&4 has completed a platform-level device reset.

Status: 0
Veto type: 0
Vetoed By: "
"11-08-2026 19:05:09","1011","Warning","Microsoft-Windows-Kernel-PnP","Device USB\VID_0424&PID_7240\7&a758d7d&0&4 has been surprise removed as it was reported to be failing.
Count of devices removed: 1"
"11-08-2026 19:05:09","1040","Information","Microsoft-Windows-Kernel-PnP","Device USB\VID_0424&PID_7260\6&27c8c08e&0&5 has requested a platform-level device reset.

Flags: 0"
"11-08-2026 19:05:09","1040","Information","Microsoft-Windows-Kernel-PnP","Device USB\VID_0424&PID_7240\7&a758d7d&0&4 has requested a platform-level device reset.

Flags: 0"
"11-08-2026 19:04:25","1010","Information","Microsoft-Windows-Kernel-PnP","Device INTELAUDIO\SGPC_FUNC_01&VEN_8086&DEV_281D&SUBSYS_80860101&REV_1000\5&32640736&1&0201DIF_000B&UIF_0000 has been surprise removed as it is reported as missing on the bus.
Count of devices removed: 3"
"11-08-2026 19:02:14","1010","Information","Microsoft-Windows-Kernel-PnP","Device DISPLAY\DELA1B9\4&20b8d095&0&UID8263 has been surprise removed as it is reported as missing on the bus.
Count of devices removed: 1"
"11-08-2026 18:35:07","1041","Information","Microsoft-Windows-Kernel-PnP","Device USB\VID_0424&PID_7240\7&a758d7d&0&4 has completed a platform-level device reset.

Status: 0
Veto type: 0
Vetoed By: "
"11-08-2026 18:35:07","1011","Warning","Microsoft-Windows-Kernel-PnP","Device USB\VID_0424&PID_7240\7&a758d7d&0&4 has been surprise removed as it was reported to be failing.
Count of devices removed: 1"
"11-08-2026 18:35:07","1041","Information","Microsoft-Windows-Kernel-PnP","Device USB\VID_0424&PID_7260\6&27c8c08e&0&5 has completed a platform-level device reset.

Status: 0
Veto type: 0
Vetoed By: "
"11-08-2026 18:35:06","1011","Warning","Microsoft-Windows-Kernel-PnP","Device USB\VID_0424&PID_7260\6&27c8c08e&0&5 has been surprise removed as it was reported to be failing.
Count of devices removed: 4"
"11-08-2026 18:35:06","1040","Information","Microsoft-Windows-Kernel-PnP","Device USB\VID_0424&PID_7240\7&a758d7d&0&4 has requested a platform-level device reset.

Flags: 0"
"11-08-2026 18:35:06","1040","Information","Microsoft-Windows-Kernel-PnP","Device USB\VID_0424&PID_7260\6&27c8c08e&0&5 has requested a platform-level device reset.

Flags: 0"
"11-08-2026 17:34:38","1010","Information","Microsoft-Windows-Kernel-PnP","Device INTELAUDIO\SGPC_FUNC_01&VEN_8086&DEV_281D&SUBSYS_80860101&REV_1000\5&32640736&1&0201DIF_000B&UIF_0000 has been surprise removed as it is reported as missing on the bus.
Count of devices removed: 3"
"11-08-2026 17:34:08","1010","Information","Microsoft-Windows-Kernel-PnP","Device INTELAUDIO\SGPC_FUNC_01&VEN_8086&DEV_281D&SUBSYS_80860101&REV_1000\5&32640736&1&0201DIF_000B&UIF_0000 has been surprise removed as it is reported as missing on the bus.
Count of devices removed: 3"
"11-08-2026 17:34:08","1010","Information","Microsoft-Windows-Kernel-PnP","Device USB\VID_0424&PID_4206\5&2dc84fba&0&1 has been surprise removed as it is reported as missing on the bus.
Count of devices removed: 1"
"11-08-2026 17:34:06","1010","Information","Microsoft-Windows-Kernel-PnP","Device USB\VID_0424&PID_7206\5&266331bc&0&4 has been surprise removed as it is reported as missing on the bus.
Count of devices removed: 3"
"11-08-2026 17:34:06","1010","Information","Microsoft-Windows-Kernel-PnP","Device DISPLAY\DELA1B9\4&20b8d095&0&UID8263 has been surprise removed as it is reported as missing on the bus.
Count of devices removed: 1"
"11-08-2026 17:34:06","1010","Information","Microsoft-Windows-Kernel-PnP","Device USB\VID_0424&PID_7260\6&27c8c08e&0&5 has been surprise removed as it is reported as missing on the bus.
Count of devices removed: 4"
"11-08-2026 17:34:04","1010","Information","Microsoft-Windows-Kernel-PnP","Device USB\VID_0424&PID_4216\6&27c8c08e&0&4 has been surprise removed as it is reported as missing on the bus.
Count of devices removed: 2"
"11-08-2026 17:34:03","1010","Information","Microsoft-Windows-Kernel-PnP","Device USB\VID_047F&PID_C058\EBFF498BA439F1488A177C405ACDFDF0 has been surprise removed as it is reported as missing on the bus.
Count of devices removed: 8"
"11-08-2026 17:00:53","1010","Information","Microsoft-Windows-Kernel-PnP","Device USB\VID_047F&PID_C058\EBFF498BA439F1488A177C405ACDFDF0 has been surprise removed as it is reported as missing on the bus.
Count of devices removed: 8"
"11-08-2026 15:59:38","1010","Information","Microsoft-Windows-Kernel-PnP","Device USB\VID_047F&PID_C058\EBFF498BA439F1488A177C405ACDFDF0 has been surprise removed as it is reported as missing on the bus.
Count of devices removed: 8"
"11-08-2026 15:27:02","1010","Information","Microsoft-Windows-Kernel-PnP","Device USB\VID_047F&PID_C058\EBFF498BA439F1488A177C405ACDFDF0 has been surprise removed as it is reported as missing on the bus.
Count of devices removed: 3"
"11-08-2026 12:02:28","1010","Information","Microsoft-Windows-Kernel-PnP","Device ACPI\DLL0CE8\4&a107c53&0 has been surprise removed as it is reported as missing on the bus.
Count of devices removed: 1"
"11-08-2026 12:02:27","1010","Information","Microsoft-Windows-Kernel-PnP","Device ACPI\PNP0C0C\2&daba3ff&0 has been surprise removed as it is reported as missing on the bus.
Count of devices removed: 1"
"11-08-2026 12:01:59","1010","Information","Microsoft-Windows-Kernel-PnP","Device USB\VID_FFFF&PID_BACE&REV_0002\1 has been surprise removed as it is reported as missing on the bus.
Count of devices removed: 7"
"11-08-2026 12:01:59","1010","Information","Microsoft-Windows-Kernel-PnP","Device UMB\UMB\1&841921d&0&TERMINPUT_BUS has been surprise removed as it is reported as missing on the bus.
Count of devices removed: 1"
"11-08-2026 12:01:59","1010","Information","Microsoft-Windows-Kernel-PnP","Device SWD\MSDAS\{ce958e9a-424f-4c88-86f4-11314821e75a} has been surprise removed as it is reported as missing on the bus.
Count of devices removed: 1"
"11-08-2026 12:01:58","1010","Information","Microsoft-Windows-Kernel-PnP","Device SWD\MSRRAS\{5e259276-bc7e-40e3-b93b-8f89b5f3abc0} has been surprise removed as it is reported as missing on the bus.
Count of devices removed: 8"
"11-08-2026 12:01:58","1010","Information","Microsoft-Windows-Kernel-PnP","Device SWD\MSRRAS\MS_SSTPMINIPORT has been surprise removed as it is reported as missing on the bus.
Count of devices removed: 1"
"11-08-2026 10:40:22","1010","Information","Microsoft-Windows-Kernel-PnP","Device INTELAUDIO\SGPC_FUNC_01&VEN_8086&DEV_281D&SUBSYS_80860101&REV_1000\5&32640736&1&0201DIF_000B&UIF_0000 has been surprise removed as it is reported as missing on the bus.
Count of devices removed: 3"
"11-08-2026 10:40:22","1010","Information","Microsoft-Windows-Kernel-PnP","Device DISPLAY\DELA1B9\4&20b8d095&0&UID8263 has been surprise removed as it is reported as missing on the bus.
Count of devices removed: 1"
"11-08-2026 10:40:22","1010","Information","Microsoft-Windows-Kernel-PnP","Device USB\VID_0424&PID_4206\5&2dc84fba&0&1 has been surprise removed as it is reported as missing on the bus.
Count of devices removed: 6"
"11-08-2026 10:40:22","1010","Information","Microsoft-Windows-Kernel-PnP","Device USB\VID_413C&PID_4503\5&2dc84fba&0&6 has been surprise removed as it is reported as missing on the bus.
Count of devices removed: 11"
"11-08-2026 10:40:18","1010","Information","Microsoft-Windows-Kernel-PnP","Device USB\VID_0424&PID_7206\5&266331bc&0&4 has been surprise removed as it is reported as missing on the bus.
Count of devices removed: 3"
"11-08-2026 10:40:18","1010","Information","Microsoft-Windows-Kernel-PnP","Device USB\VID_0424&PID_7240\7&a758d7d&0&4 has been surprise removed as it is reported as missing on the bus.
Count of devices removed: 1"
"11-08-2026 09:32:31","1010","Information","Microsoft-Windows-Kernel-PnP","Device DISPLAY\DELA1B9\4&20b8d095&0&UID8263 has been surprise removed as it is reported as missing on the bus.
Count of devices removed: 1"
"11-08-2026 09:11:49","1010","Information","Microsoft-Windows-Kernel-PnP","Device INTELAUDIO\SGPC_FUNC_01&VEN_8086&DEV_281D&SUBSYS_80860101&REV_1000\5&32640736&1&0201DIF_000B&UIF_0000 has been surprise removed as it is reported as missing on the bus.
Count of devices removed: 3"
"11-08-2026 09:11:44","1010","Information","Microsoft-Windows-Kernel-PnP","Device STORAGE\VolumeSnapshot\HarddiskVolumeSnapshot1 has been surprise removed as it is reported as missing on the bus.
Count of devices removed: 1"
"11-08-2026 09:10:47","1010","Information","Microsoft-Windows-Kernel-PnP","Device DISPLAY\DELA1B9\4&20b8d095&0&UID8263 has been surprise removed as it is reported as missing on the bus.
Count of devices removed: 1"
"11-08-2026 06:07:35","1041","Information","Microsoft-Windows-Kernel-PnP","Device USB\VID_0424&PID_7260\6&27c8c08e&0&5 has completed a platform-level device reset.

Status: 0
Veto type: 0
Vetoed By: "
"11-08-2026 06:07:35","1011","Warning","Microsoft-Windows-Kernel-PnP","Device USB\VID_0424&PID_7260\6&27c8c08e&0&5 has been surprise removed as it was reported to be failing.
Count of devices removed: 4"
"11-08-2026 06:07:35","1041","Information","Microsoft-Windows-Kernel-PnP","Device USB\VID_0424&PID_7240\7&a758d7d&0&4 has completed a platform-level device reset.

Status: 0
Veto type: 0
Vetoed By: "
"11-08-2026 06:07:35","1011","Warning","Microsoft-Windows-Kernel-PnP","Device USB\VID_0424&PID_7240\7&a758d7d&0&4 has been surprise removed as it was reported to be failing.
Count of devices removed: 1"
"11-08-2026 06:07:35","1040","Information","Microsoft-Windows-Kernel-PnP","Device USB\VID_0424&PID_7260\6&27c8c08e&0&5 has requested a platform-level device reset.

Flags: 0"
"11-08-2026 06:07:35","1040","Information","Microsoft-Windows-Kernel-PnP","Device USB\VID_0424&PID_7240\7&a758d7d&0&4 has requested a platform-level device reset.

Flags: 0"
"10-08-2026 18:57:40","1041","Information","Microsoft-Windows-Kernel-PnP","Device USB\VID_0424&PID_7260\6&27c8c08e&0&5 has completed a platform-level device reset.

Status: 0
Veto type: 0
Vetoed By: "
"10-08-2026 18:57:40","1011","Warning","Microsoft-Windows-Kernel-PnP","Device USB\VID_0424&PID_7260\6&27c8c08e&0&5 has been surprise removed as it was reported to be failing.
Count of devices removed: 4"
"10-08-2026 18:57:40","1041","Information","Microsoft-Windows-Kernel-PnP","Device USB\VID_0424&PID_7240\7&a758d7d&0&4 has completed a platform-level device reset.

Status: 0
Veto type: 0
Vetoed By: "
"10-08-2026 18:57:40","1011","Warning","Microsoft-Windows-Kernel-PnP","Device USB\VID_0424&PID_7240\7&a758d7d&0&4 has been surprise removed as it was reported to be failing.
Count of devices removed: 1"
"10-08-2026 18:57:40","1040","Information","Microsoft-Windows-Kernel-PnP","Device USB\VID_0424&PID_7260\6&27c8c08e&0&5 has requested a platform-level device reset.

Flags: 0"
"10-08-2026 18:57:40","1040","Information","Microsoft-Windows-Kernel-PnP","Device USB\VID_0424&PID_7240\7&a758d7d&0&4 has requested a platform-level device reset.

Flags: 0"
"10-08-2026 18:50:35","1010","Information","Microsoft-Windows-Kernel-PnP","Device INTELAUDIO\SGPC_FUNC_01&VEN_8086&DEV_281D&SUBSYS_80860101&REV_1000\5&32640736&1&0201DIF_000B&UIF_0000 has been surprise removed as it is reported as missing on the bus.
Count of devices removed: 3"
"10-08-2026 15:49:00","1010","Information","Microsoft-Windows-Kernel-PnP","Device USB\VID_047F&PID_C058\EBFF498BA439F1488A177C405ACDFDF0 has been surprise removed as it is reported as missing on the bus.
Count of devices removed: 3"
"10-08-2026 15:48:41","1010","Information","Microsoft-Windows-Kernel-PnP","Device USB\VID_413C&PID_4503\5&2dc84fba&0&6 has been surprise removed as it is reported as missing on the bus.
Count of devices removed: 11"
"10-08-2026 15:48:32","1010","Information","Microsoft-Windows-Kernel-PnP","Device INTELAUDIO\SGPC_FUNC_01&VEN_8086&DEV_281D&SUBSYS_80860101&REV_1000\5&32640736&1&0201DIF_000B&UIF_0000 has been surprise removed as it is reported as missing on the bus.
Count of devices removed: 3"
"10-08-2026 15:48:31","1010","Information","Microsoft-Windows-Kernel-PnP","Device USB\VID_0424&PID_7206\5&266331bc&0&5 has been surprise removed as it is reported as missing on the bus.
Count of devices removed: 3"
"10-08-2026 15:48:31","1010","Information","Microsoft-Windows-Kernel-PnP","Device DISPLAY\DELA1B9\4&20b8d095&0&UID24648 has been surprise removed as it is reported as missing on the bus.
Count of devices removed: 1"
"10-08-2026 15:48:27","1010","Information","Microsoft-Windows-Kernel-PnP","Device USB\VID_0424&PID_4206\5&2dc84fba&0&2 has been surprise removed as it is reported as missing on the bus.
Count of devices removed: 7"
"10-08-2026 15:48:26","1010","Information","Microsoft-Windows-Kernel-PnP","Device USB\VID_047F&PID_C058\EBFF498BA439F1488A177C405ACDFDF0 has been surprise removed as it is reported as missing on the bus.
Count of devices removed: 8"
"10-08-2026 13:25:43","1010","Information","Microsoft-Windows-Kernel-PnP","Device USB\VID_413C&PID_4503\5&2dc84fba&0&6 has been surprise removed as it is reported as missing on the bus.
Count of devices removed: 11"
"10-08-2026 13:25:11","1010","Information","Microsoft-Windows-Kernel-PnP","Device USB\VID_0424&PID_7206\5&266331bc&0&5 has been surprise removed as it is reported as missing on the bus.
Count of devices removed: 3"
"10-08-2026 13:25:11","1010","Information","Microsoft-Windows-Kernel-PnP","Device DISPLAY\DELA1B9\4&20b8d095&0&UID24648 has been surprise removed as it is reported as missing on the bus.
Count of devices removed: 1"
"10-08-2026 13:25:08","1010","Information","Microsoft-Windows-Kernel-PnP","Device USB\VID_0424&PID_4206\5&2dc84fba&0&2 has been surprise removed as it is reported as missing on the bus.
Count of devices removed: 7"
"10-08-2026 13:13:28","1010","Information","Microsoft-Windows-Kernel-PnP","Device INTELAUDIO\SGPC_FUNC_01&VEN_8086&DEV_281D&SUBSYS_80860101&REV_1000\5&32640736&1&0201DIF_000B&UIF_0000 has been surprise removed as it is reported as missing on the bus.
Count of devices removed: 3"
"10-08-2026 13:13:21","1010","Information","Microsoft-Windows-Kernel-PnP","Device USB\VID_047F&PID_C058\EBFF498BA439F1488A177C405ACDFDF0 has been surprise removed as it is reported as missing on the bus.
Count of devices removed: 8"
"10-08-2026 12:06:20","1010","Information","Microsoft-Windows-Kernel-PnP","Device USB\VID_047F&PID_C058\EBFF498BA439F1488A177C405ACDFDF0 has been surprise removed as it is reported as missing on the bus.
Count of devices removed: 8"
"10-08-2026 12:02:40","1010","Information","Microsoft-Windows-Kernel-PnP","Device STORAGE\VolumeSnapshot\HarddiskVolumeSnapshot1 has been surprise removed as it is reported as missing on the bus.
Count of devices removed: 1"
"10-08-2026 10:22:54","1010","Information","Microsoft-Windows-Kernel-PnP","Device USB\VID_413C&PID_4503\5&2dc84fba&0&6 has been surprise removed as it is reported as missing on the bus.
Count of devices removed: 11"
"10-08-2026 10:22:33","1010","Information","Microsoft-Windows-Kernel-PnP","Device DISPLAY\DELA1B9\4&20b8d095&0&UID8263 has been surprise removed as it is reported as missing on the bus.
Count of devices removed: 1"
"10-08-2026 10:22:21","1010","Information","Microsoft-Windows-Kernel-PnP","Device USB\VID_0424&PID_4206\5&2dc84fba&0&1 has been surprise removed as it is reported as missing on the bus.
Count of devices removed: 2"
"10-08-2026 10:22:19","1010","Information","Microsoft-Windows-Kernel-PnP","Device USB\VID_0424&PID_7206\5&266331bc&0&4 has been surprise removed as it is reported as missing on the bus.
Count of devices removed: 3"
"10-08-2026 10:22:19","1010","Information","Microsoft-Windows-Kernel-PnP","Device USB\VID_0424&PID_7240\7&a758d7d&0&4 has been surprise removed as it is reported as missing on the bus.
Count of devices removed: 1"
"10-08-2026 10:22:17","1010","Information","Microsoft-Windows-Kernel-PnP","Device USB\VID_0424&PID_7260\6&27c8c08e&0&5 has been surprise removed as it is reported as missing on the bus.
Count of devices removed: 4"
"10-08-2026 10:21:23","1010","Information","Microsoft-Windows-Kernel-PnP","Device INTELAUDIO\SGPC_FUNC_01&VEN_8086&DEV_281D&SUBSYS_80860101&REV_1000\5&32640736&1&0201DIF_000B&UIF_0000 has been surprise removed as it is reported as missing on the bus.
Count of devices removed: 3"
"10-08-2026 10:19:07","1010","Information","Microsoft-Windows-Kernel-PnP","Device USB\VID_413C&PID_4503\5&2dc84fba&0&6 has been surprise removed as it is reported as missing on the bus.
Count of devices removed: 11"
"10-08-2026 10:17:54","1010","Information","Microsoft-Windows-Kernel-PnP","Device USB\VID_413C&PID_4503\5&2dc84fba&0&6 has been surprise removed as it is reported as missing on the bus.
Count of devices removed: 11"
"10-08-2026 10:17:31","1010","Information","Microsoft-Windows-Kernel-PnP","Device USB\VID_413C&PID_4503\5&2dc84fba&0&6 has been surprise removed as it is reported as missing on the bus.
Count of devices removed: 11"
"10-08-2026 10:16:48","1010","Information","Microsoft-Windows-Kernel-PnP","Device USB\VID_413C&PID_4503\5&2dc84fba&0&6 has been surprise removed as it is reported as missing on the bus.
Count of devices removed: 11"
"10-08-2026 10:04:09","1010","Information","Microsoft-Windows-Kernel-PnP","Device USB\VID_413C&PID_4503\5&2dc84fba&0&7 has been surprise removed as it is reported as missing on the bus.
Count of devices removed: 11"
"10-08-2026 10:03:17","1010","Information","Microsoft-Windows-Kernel-PnP","Device USB\VID_413C&PID_4503\5&2dc84fba&0&7 has been surprise removed as it is reported as missing on the bus.
Count of devices removed: 11"
"10-08-2026 10:02:08","1010","Information","Microsoft-Windows-Kernel-PnP","Device USB\VID_413C&PID_4503\5&2dc84fba&0&6 has been surprise removed as it is reported as missing on the bus.
Count of devices removed: 11"
"10-08-2026 10:01:21","1010","Information","Microsoft-Windows-Kernel-PnP","Device USB\VID_413C&PID_4503\5&2dc84fba&0&6 has been surprise removed as it is reported as missing on the bus.
Count of devices removed: 11"
"10-08-2026 09:56:04","1010","Information","Microsoft-Windows-Kernel-PnP","Device USB\VID_1915&PID_0101\5&2dc84fba&0&6 has been surprise removed as it is reported as missing on the bus.
Count of devices removed: 1"
"10-08-2026 09:55:50","1010","Information","Microsoft-Windows-Kernel-PnP","Device USB\VID_413C&PID_4503\5&2dc84fba&0&6 has been surprise removed as it is reported as missing on the bus.
Count of devices removed: 11"
"10-08-2026 09:55:46","1010","Information","Microsoft-Windows-Kernel-PnP","Device USB\VID_FFFF&PID_BACE&REV_0002\1 has been surprise removed as it is reported as missing on the bus.
Count of devices removed: 7"
"10-08-2026 09:54:39","1010","Information","Microsoft-Windows-Kernel-PnP","Device USB\VID_413C&PID_4503\5&2dc84fba&0&6 has been surprise removed as it is reported as missing on the bus.
Count of devices removed: 11"
"10-08-2026 09:54:11","1010","Information","Microsoft-Windows-Kernel-PnP","Device USB\VID_413C&PID_4503\5&2dc84fba&0&6 has been surprise removed as it is reported as missing on the bus.
Count of devices removed: 11"
"10-08-2026 09:45:05","1010","Information","Microsoft-Windows-Kernel-PnP","Device USB\VID_FFFF&PID_BACE&REV_0002\1 has been surprise removed as it is reported as missing on the bus.
Count of devices removed: 7"
"10-08-2026 09:44:27","1010","Information","Microsoft-Windows-Kernel-PnP","Device USB\VID_413C&PID_4503\5&2dc84fba&0&6 has been surprise removed as it is reported as missing on the bus.
Count of devices removed: 11"
"10-08-2026 09:41:09","1010","Information","Microsoft-Windows-Kernel-PnP","Device USB\VID_413C&PID_4503\5&2dc84fba&0&6 has been surprise removed as it is reported as missing on the bus.
Count of devices removed: 11"
"10-08-2026 09:35:59","1010","Information","Microsoft-Windows-Kernel-PnP","Device ACPI\DLL0CE8\4&a107c53&0 has been surprise removed as it is reported as missing on the bus.
Count of devices removed: 1"
"10-08-2026 09:35:59","1010","Information","Microsoft-Windows-Kernel-PnP","Device ACPI\PNP0C0C\2&daba3ff&0 has been surprise removed as it is reported as missing on the bus.
Count of devices removed: 1"
"06-08-2026 19:01:01","1010","Information","Microsoft-Windows-Kernel-PnP","Device INTELAUDIO\SGPC_FUNC_01&VEN_8086&DEV_281D&SUBSYS_80860101&REV_1000\5&32640736&1&0201DIF_000B&UIF_0000 has been surprise removed as it is reported as missing on the bus.
Count of devices removed: 3"
"06-08-2026 16:34:12","1010","Information","Microsoft-Windows-Kernel-PnP","Device USB\VID_413C&PID_2514\5&2dc84fba&0&6 has been surprise removed as it is reported as missing on the bus.
Count of devices removed: 11"
"06-08-2026 16:33:58","1010","Information","Microsoft-Windows-Kernel-PnP","Device INTELAUDIO\SGPC_FUNC_01&VEN_8086&DEV_281D&SUBSYS_80860101&REV_1000\5&32640736&1&0201DIF_000B&UIF_0000 has been surprise removed as it is reported as missing on the bus.
Count of devices removed: 3"
"06-08-2026 16:33:56","1010","Information","Microsoft-Windows-Kernel-PnP","Device USB\VID_0424&PID_7206\5&266331bc&0&4 has been surprise removed as it is reported as missing on the bus.
Count of devices removed: 3"
"06-08-2026 16:33:56","1010","Information","Microsoft-Windows-Kernel-PnP","Device DISPLAY\DELA1B9\4&20b8d095&0&UID8263 has been surprise removed as it is reported as missing on the bus.
Count of devices removed: 1"
"06-08-2026 16:33:53","1010","Information","Microsoft-Windows-Kernel-PnP","Device USB\VID_0424&PID_4206\5&2dc84fba&0&1 has been surprise removed as it is reported as missing on the bus.
Count of devices removed: 7"
"06-08-2026 16:33:52","1010","Information","Microsoft-Windows-Kernel-PnP","Device USB\VID_047F&PID_C058\EBFF498BA439F1488A177C405ACDFDF0 has been surprise removed as it is reported as missing on the bus.
Count of devices removed: 8"
"06-08-2026 14:29:46","1010","Information","Microsoft-Windows-Kernel-PnP","Device USB\VID_413C&PID_4503\5&2dc84fba&0&6 has been surprise removed as it is reported as missing on the bus.
Count of devices removed: 11"
"06-08-2026 14:29:30","1010","Information","Microsoft-Windows-Kernel-PnP","Device USB\VID_413C&PID_4503\5&2dc84fba&0&6 has been surprise removed as it is reported as missing on the bus.
Count of devices removed: 11"
"06-08-2026 14:28:34","1010","Information","Microsoft-Windows-Kernel-PnP","Device USB\VID_413C&PID_2514\5&2dc84fba&0&6 has been surprise removed as it is reported as missing on the bus.
Count of devices removed: 11"
"06-08-2026 14:28:22","1010","Information","Microsoft-Windows-Kernel-PnP","Device USB\VID_413C&PID_2514\5&2dc84fba&0&6 has been surprise removed as it is reported as missing on the bus.
Count of devices removed: 11"
"06-08-2026 14:28:14","1010","Information","Microsoft-Windows-Kernel-PnP","Device USB\VID_413C&PID_2514\5&2dc84fba&0&6 has been surprise removed as it is reported as missing on the bus.
Count of devices removed: 11"
"06-08-2026 14:28:05","1010","Information","Microsoft-Windows-Kernel-PnP","Device USB\VID_413C&PID_2514\5&2dc84fba&0&6 has been surprise removed as it is reported as missing on the bus.
Count of devices removed: 11"
"06-08-2026 14:27:39","1010","Information","Microsoft-Windows-Kernel-PnP","Device USB\VID_413C&PID_2514\5&2dc84fba&0&6 has been surprise removed as it is reported as missing on the bus.
Count of devices removed: 11"
"06-08-2026 14:26:43","1010","Information","Microsoft-Windows-Kernel-PnP","Device USB\VID_413C&PID_2514\5&2dc84fba&0&6 has been surprise removed as it is reported as missing on the bus.
Count of devices removed: 11"
"06-08-2026 14:26:11","1010","Information","Microsoft-Windows-Kernel-PnP","Device USB\VID_413C&PID_2514\5&2dc84fba&0&6 has been surprise removed as it is reported as missing on the bus.
Count of devices removed: 11"
"06-08-2026 14:25:54","1010","Information","Microsoft-Windows-Kernel-PnP","Device USB\VID_413C&PID_2514\5&2dc84fba&0&6 has been surprise removed as it is reported as missing on the bus.
Count of devices removed: 11"
"06-08-2026 14:23:24","1010","Information","Microsoft-Windows-Kernel-PnP","Device USB\VID_413C&PID_2514\5&2dc84fba&0&6 has been surprise removed as it is reported as missing on the bus.
Count of devices removed: 11"
"06-08-2026 14:22:59","1010","Information","Microsoft-Windows-Kernel-PnP","Device USB\VID_413C&PID_2514\5&2dc84fba&0&7 has been surprise removed as it is reported as missing on the bus.
Count of devices removed: 11"
"06-08-2026 12:25:32","1010","Information","Microsoft-Windows-Kernel-PnP","Device USB\VID_248D&PID_8003\5&2dc84fba&0&6 has been surprise removed as it is reported as missing on the bus.
Count of devices removed: 2"
"06-08-2026 11:09:32","1010","Information","Microsoft-Windows-Kernel-PnP","Device USB\VID_413C&PID_2514\5&2dc84fba&0&6 has been surprise removed as it is reported as missing on the bus.
Count of devices removed: 11"
"06-08-2026 11:09:28","1010","Information","Microsoft-Windows-Kernel-PnP","Device INTELAUDIO\SGPC_FUNC_01&VEN_8086&DEV_281D&SUBSYS_80860101&REV_1000\5&32640736&1&0201DIF_000B&UIF_0000 has been surprise removed as it is reported as missing on the bus.
Count of devices removed: 3"
"06-08-2026 11:09:26","1010","Information","Microsoft-Windows-Kernel-PnP","Device USB\VID_0424&PID_7206\5&266331bc&0&4 has been surprise removed as it is reported as missing on the bus.
Count of devices removed: 3"
"06-08-2026 11:09:26","1010","Information","Microsoft-Windows-Kernel-PnP","Device DISPLAY\DELA1B9\4&20b8d095&0&UID8263 has been surprise removed as it is reported as missing on the bus.
Count of devices removed: 1"
"06-08-2026 11:09:23","1010","Information","Microsoft-Windows-Kernel-PnP","Device USB\VID_0424&PID_4206\5&2dc84fba&0&1 has been surprise removed as it is reported as missing on the bus.
Count of devices removed: 7"
"06-08-2026 11:06:11","1010","Information","Microsoft-Windows-Kernel-PnP","Device DISPLAY\DELA1B9\4&20b8d095&0&UID8263 has been surprise removed as it is reported as missing on the bus.
Count of devices removed: 1"
"06-08-2026 10:42:53","1010","Information","Microsoft-Windows-Kernel-PnP","Device INTELAUDIO\SGPC_FUNC_01&VEN_8086&DEV_281D&SUBSYS_80860101&REV_1000\5&32640736&1&0201DIF_000B&UIF_0000 has been surprise removed as it is reported as missing on the bus.
Count of devices removed: 3"
"06-08-2026 10:40:57","1010","Information","Microsoft-Windows-Kernel-PnP","Device DISPLAY\DELA1B9\4&20b8d095&0&UID8263 has been surprise removed as it is reported as missing on the bus.
Count of devices removed: 1"
"06-08-2026 10:40:29","1010","Information","Microsoft-Windows-Kernel-PnP","Device INTELAUDIO\SGPC_FUNC_01&VEN_8086&DEV_281D&SUBSYS_80860101&REV_1000\5&32640736&1&0201DIF_000B&UIF_0000 has been surprise removed as it is reported as missing on the bus.
Count of devices removed: 3"
"06-08-2026 09:04:09","1010","Information","Microsoft-Windows-Kernel-PnP","Device USB\VID_413C&PID_2514\5&2dc84fba&0&6 has been surprise removed as it is reported as missing on the bus.
Count of devices removed: 11"
"06-08-2026 09:04:03","1010","Information","Microsoft-Windows-Kernel-PnP","Device INTELAUDIO\SGPC_FUNC_01&VEN_8086&DEV_281D&SUBSYS_80860101&REV_1000\5&32640736&1&0201DIF_000B&UIF_0000 has been surprise removed as it is reported as missing on the bus.
Count of devices removed: 3"
"06-08-2026 09:04:01","1010","Information","Microsoft-Windows-Kernel-PnP","Device USB\VID_0424&PID_7206\5&266331bc&0&4 has been surprise removed as it is reported as missing on the bus.
Count of devices removed: 3"
"06-08-2026 09:04:01","1010","Information","Microsoft-Windows-Kernel-PnP","Device DISPLAY\DELA1B9\4&20b8d095&0&UID8263 has been surprise removed as it is reported as missing on the bus.
Count of devices removed: 1"
"06-08-2026 09:03:59","1010","Information","Microsoft-Windows-Kernel-PnP","Device USB\VID_0424&PID_4206\5&2dc84fba&0&1 has been surprise removed as it is reported as missing on the bus.
Count of devices removed: 7"
"05-08-2026 16:36:51","1010","Information","Microsoft-Windows-Kernel-PnP","Device USB\VID_047F&PID_C058\EBFF498BA439F1488A177C405ACDFDF0 has been surprise removed as it is reported as missing on the bus.
Count of devices removed: 8"
"05-08-2026 14:28:06","1010","Information","Microsoft-Windows-Kernel-PnP","Device USB\VID_413C&PID_2514\5&2dc84fba&0&6 has been surprise removed as it is reported as missing on the bus.
Count of devices removed: 11"
"05-08-2026 14:28:06","1010","Information","Microsoft-Windows-Kernel-PnP","Device INTELAUDIO\SGPC_FUNC_01&VEN_8086&DEV_281D&SUBSYS_80860101&REV_1000\5&32640736&1&0201DIF_000B&UIF_0000 has been surprise removed as it is reported as missing on the bus.
Count of devices removed: 3"
"05-08-2026 14:28:05","1010","Information","Microsoft-Windows-Kernel-PnP","Device USB\VID_0424&PID_7206\5&266331bc&0&4 has been surprise removed as it is reported as missing on the bus.
Count of devices removed: 3"
"05-08-2026 14:28:05","1010","Information","Microsoft-Windows-Kernel-PnP","Device DISPLAY\DELA1B9\4&20b8d095&0&UID8263 has been surprise removed as it is reported as missing on the bus.
Count of devices removed: 1"
"05-08-2026 14:28:01","1010","Information","Microsoft-Windows-Kernel-PnP","Device USB\VID_0424&PID_4206\5&2dc84fba&0&1 has been surprise removed as it is reported as missing on the bus.
Count of devices removed: 7"
"05-08-2026 13:59:25","1010","Information","Microsoft-Windows-Kernel-PnP","Device INTELAUDIO\SGPC_FUNC_01&VEN_8086&DEV_281D&SUBSYS_80860101&REV_1000\5&32640736&1&0201DIF_000B&UIF_0000 has been surprise removed as it is reported as missing on the bus.
Count of devices removed: 3"
"05-08-2026 13:16:11","1010","Information","Microsoft-Windows-Kernel-PnP","Device INTELAUDIO\SGPC_FUNC_01&VEN_8086&DEV_281D&SUBSYS_80860101&REV_1000\5&32640736&1&0201DIF_000B&UIF_0000 has been surprise removed as it is reported as missing on the bus.
Count of devices removed: 3"
"05-08-2026 11:51:18","1010","Information","Microsoft-Windows-Kernel-PnP","Device DISPLAY\DELA1B9\4&20b8d095&0&UID8263 has been surprise removed as it is reported as missing on the bus.
Count of devices removed: 1"
"05-08-2026 11:37:10","1010","Information","Microsoft-Windows-Kernel-PnP","Device INTELAUDIO\SGPC_FUNC_01&VEN_8086&DEV_281D&SUBSYS_80860101&REV_1000\5&32640736&1&0201DIF_000B&UIF_0000 has been surprise removed as it is reported as missing on the bus.
Count of devices removed: 3"
"04-08-2026 18:36:23","1010","Information","Microsoft-Windows-Kernel-PnP","Device INTELAUDIO\SGPC_FUNC_01&VEN_8086&DEV_281D&SUBSYS_80860101&REV_1000\5&32640736&1&0201DIF_000B&UIF_0000 has been surprise removed as it is reported as missing on the bus.
Count of devices removed: 3"
"04-08-2026 18:36:23","1010","Information","Microsoft-Windows-Kernel-PnP","Device USB\VID_0424&PID_4206\5&2dc84fba&0&1 has been surprise removed as it is reported as missing on the bus.
Count of devices removed: 7"
"04-08-2026 18:36:21","1010","Information","Microsoft-Windows-Kernel-PnP","Device USB\VID_0424&PID_7206\5&266331bc&0&4 has been surprise removed as it is reported as missing on the bus.
Count of devices removed: 3"
"04-08-2026 18:36:21","1010","Information","Microsoft-Windows-Kernel-PnP","Device DISPLAY\DELA1B9\4&20b8d095&0&UID8263 has been surprise removed as it is reported as missing on the bus.
Count of devices removed: 1"
"04-08-2026 18:36:18","1010","Information","Microsoft-Windows-Kernel-PnP","Device USB\VID_047F&PID_C058\EBFF498BA439F1488A177C405ACDFDF0 has been surprise removed as it is reported as missing on the bus.
Count of devices removed: 8"
"04-08-2026 18:33:01","1010","Information","Microsoft-Windows-Kernel-PnP","Device DISPLAY\DELA1B9\4&20b8d095&0&UID8263 has been surprise removed as it is reported as missing on the bus.
Count of devices removed: 1"
"04-08-2026 17:52:50","1010","Information","Microsoft-Windows-Kernel-PnP","Device INTELAUDIO\SGPC_FUNC_01&VEN_8086&DEV_281D&SUBSYS_80860101&REV_1000\5&32640736&1&0201DIF_000B&UIF_0000 has been surprise removed as it is reported as missing on the bus.
Count of devices removed: 3"
"04-08-2026 17:51:53","1010","Information","Microsoft-Windows-Kernel-PnP","Device DISPLAY\DELA1B9\4&20b8d095&0&UID8263 has been surprise removed as it is reported as missing on the bus.
Count of devices removed: 1"
"04-08-2026 17:46:43","1010","Information","Microsoft-Windows-Kernel-PnP","Device INTELAUDIO\SGPC_FUNC_01&VEN_8086&DEV_281D&SUBSYS_80860101&REV_1000\5&32640736&1&0201DIF_000B&UIF_0000 has been surprise removed as it is reported as missing on the bus.
Count of devices removed: 3"
"04-08-2026 17:27:44","1010","Information","Microsoft-Windows-Kernel-PnP","Device DISPLAY\DELA1B9\4&20b8d095&0&UID8263 has been surprise removed as it is reported as missing on the bus.
Count of devices removed: 1"
"04-08-2026 17:19:28","1010","Information","Microsoft-Windows-Kernel-PnP","Device INTELAUDIO\SGPC_FUNC_01&VEN_8086&DEV_281D&SUBSYS_80860101&REV_1000\5&32640736&1&0201DIF_000B&UIF_0000 has been surprise removed as it is reported as missing on the bus.
Count of devices removed: 3"
"04-08-2026 17:08:27","1010","Information","Microsoft-Windows-Kernel-PnP","Device DISPLAY\DELA1B9\4&20b8d095&0&UID8263 has been surprise removed as it is reported as missing on the bus.
Count of devices removed: 1"
"04-08-2026 16:48:56","1010","Information","Microsoft-Windows-Kernel-PnP","Device INTELAUDIO\SGPC_FUNC_01&VEN_8086&DEV_281D&SUBSYS_80860101&REV_1000\5&32640736&1&0201DIF_000B&UIF_0000 has been surprise removed as it is reported as missing on the bus.
Count of devices removed: 3"
"04-08-2026 15:26:23","1010","Information","Microsoft-Windows-Kernel-PnP","Device DISPLAY\DELA1B9\4&20b8d095&0&UID8263 has been surprise removed as it is reported as missing on the bus.
Count of devices removed: 1"
"04-08-2026 15:22:02","1010","Information","Microsoft-Windows-Kernel-PnP","Device INTELAUDIO\SGPC_FUNC_01&VEN_8086&DEV_281D&SUBSYS_80860101&REV_1000\5&32640736&1&0201DIF_000B&UIF_0000 has been surprise removed as it is reported as missing on the bus.
Count of devices removed: 3"
"04-08-2026 14:11:06","1010","Information","Microsoft-Windows-Kernel-PnP","Device DISPLAY\DELA1B9\4&20b8d095&0&UID8263 has been surprise removed as it is reported as missing on the bus.
Count of devices removed: 1"
"04-08-2026 13:19:40","1010","Information","Microsoft-Windows-Kernel-PnP","Device INTELAUDIO\SGPC_FUNC_01&VEN_8086&DEV_281D&SUBSYS_80860101&REV_1000\5&32640736&1&0201DIF_000B&UIF_0000 has been surprise removed as it is reported as missing on the bus.
Count of devices removed: 3"
"04-08-2026 10:10:54","1010","Information","Microsoft-Windows-Kernel-PnP","Device USB\VID_413C&PID_2514\5&2dc84fba&0&6 has been surprise removed as it is reported as missing on the bus.
Count of devices removed: 11"
"04-08-2026 10:10:42","1010","Information","Microsoft-Windows-Kernel-PnP","Device INTELAUDIO\SGPC_FUNC_01&VEN_8086&DEV_281D&SUBSYS_80860101&REV_1000\5&32640736&1&0201DIF_000B&UIF_0000 has been surprise removed as it is reported as missing on the bus.
Count of devices removed: 3"
"04-08-2026 10:10:40","1010","Information","Microsoft-Windows-Kernel-PnP","Device USB\VID_0424&PID_7206\5&266331bc&0&4 has been surprise removed as it is reported as missing on the bus.
Count of devices removed: 3"
"04-08-2026 10:10:40","1010","Information","Microsoft-Windows-Kernel-PnP","Device DISPLAY\DELA1B9\4&20b8d095&0&UID8263 has been surprise removed as it is reported as missing on the bus.
Count of devices removed: 1"
"04-08-2026 10:10:38","1010","Information","Microsoft-Windows-Kernel-PnP","Device USB\VID_0424&PID_4206\5&2dc84fba&0&1 has been surprise removed as it is reported as missing on the bus.
Count of devices removed: 7"
"04-08-2026 09:35:48","1010","Information","Microsoft-Windows-Kernel-PnP","Device DISPLAY\DELA1B9\4&20b8d095&0&UID8263 has been surprise removed as it is reported as missing on the bus.
Count of devices removed: 1"
"04-08-2026 09:09:32","1010","Information","Microsoft-Windows-Kernel-PnP","Device INTELAUDIO\SGPC_FUNC_01&VEN_8086&DEV_281D&SUBSYS_80860101&REV_1000\5&32640736&1&0201DIF_000B&UIF_0000 has been surprise removed as it is reported as missing on the bus.
Count of devices removed: 3"
"03-08-2026 18:59:54","1010","Information","Microsoft-Windows-Kernel-PnP","Device USB\VID_413C&PID_2514\5&2dc84fba&0&6 has been surprise removed as it is reported as missing on the bus.
Count of devices removed: 11"
"03-08-2026 18:43:44","1010","Information","Microsoft-Windows-Kernel-PnP","Device USB\VID_413C&PID_2514\5&2dc84fba&0&6 has been surprise removed as it is reported as missing on the bus.
Count of devices removed: 11"
"03-08-2026 11:38:41","1010","Information","Microsoft-Windows-Kernel-PnP","Device USB\VID_413C&PID_2514\5&2dc84fba&0&6 has been surprise removed as it is reported as missing on the bus.
Count of devices removed: 11"
"03-08-2026 11:38:29","1010","Information","Microsoft-Windows-Kernel-PnP","Device INTELAUDIO\SGPC_FUNC_01&VEN_8086&DEV_281D&SUBSYS_80860101&REV_1000\5&32640736&1&0201DIF_000B&UIF_0000 has been surprise removed as it is reported as missing on the bus.
Count of devices removed: 3"
"03-08-2026 11:38:27","1010","Information","Microsoft-Windows-Kernel-PnP","Device USB\VID_0424&PID_7206\5&266331bc&0&4 has been surprise removed as it is reported as missing on the bus.
Count of devices removed: 3"
"03-08-2026 11:38:27","1010","Information","Microsoft-Windows-Kernel-PnP","Device DISPLAY\DELA1B9\4&20b8d095&0&UID8263 has been surprise removed as it is reported as missing on the bus.
Count of devices removed: 1"
"03-08-2026 11:38:24","1010","Information","Microsoft-Windows-Kernel-PnP","Device USB\VID_0424&PID_4206\5&2dc84fba&0&1 has been surprise removed as it is reported as missing on the bus.
Count of devices removed: 7"
"03-08-2026 11:04:30","1010","Information","Microsoft-Windows-Kernel-PnP","Device DISPLAY\DELA1B9\4&20b8d095&0&UID8263 has been surprise removed as it is reported as missing on the bus.
Count of devices removed: 1"
"03-08-2026 10:31:58","1010","Information","Microsoft-Windows-Kernel-PnP","Device INTELAUDIO\SGPC_FUNC_01&VEN_8086&DEV_281D&SUBSYS_80860101&REV_1000\5&32640736&1&0201DIF_000B&UIF_0000 has been surprise removed as it is reported as missing on the bus.
Count of devices removed: 3"
"03-08-2026 10:17:05","1010","Information","Microsoft-Windows-Kernel-PnP","Device DISPLAY\DELA1B9\4&20b8d095&0&UID8263 has been surprise removed as it is reported as missing on the bus.
Count of devices removed: 1"
"03-08-2026 10:16:32","1010","Information","Microsoft-Windows-Kernel-PnP","Device INTELAUDIO\SGPC_FUNC_01&VEN_8086&DEV_281D&SUBSYS_80860101&REV_1000\5&32640736&1&0201DIF_000B&UIF_0000 has been surprise removed as it is reported as missing on the bus.
Count of devices removed: 3"
"03-08-2026 10:16:07","1010","Information","Microsoft-Windows-Kernel-PnP","Device DISPLAY\DELA1B9\4&20b8d095&0&UID8263 has been surprise removed as it is reported as missing on the bus.
Count of devices removed: 1"
"03-08-2026 10:06:00","1010","Information","Microsoft-Windows-Kernel-PnP","Device INTELAUDIO\SGPC_FUNC_01&VEN_8086&DEV_281D&SUBSYS_80860101&REV_1000\5&32640736&1&0201DIF_000B&UIF_0000 has been surprise removed as it is reported as missing on the bus.
Count of devices removed: 3"
"03-08-2026 09:52:20","1010","Information","Microsoft-Windows-Kernel-PnP","Device DISPLAY\DELA1B9\4&20b8d095&0&UID8263 has been surprise removed as it is reported as missing on the bus.
Count of devices removed: 1"
"03-08-2026 09:46:33","1010","Information","Microsoft-Windows-Kernel-PnP","Device INTELAUDIO\SGPC_FUNC_01&VEN_8086&DEV_281D&SUBSYS_80860101&REV_1000\5&32640736&1&0201DIF_000B&UIF_0000 has been surprise removed as it is reported as missing on the bus.
Count of devices removed: 3"
"03-08-2026 09:46:06","1010","Information","Microsoft-Windows-Kernel-PnP","Device INTELAUDIO\SGPC_FUNC_01&VEN_8086&DEV_281D&SUBSYS_80860101&REV_1000\5&32640736&1&0201DIF_000B&UIF_0000 has been surprise removed as it is reported as missing on the bus.
Count of devices removed: 3"
"03-08-2026 09:45:43","1010","Information","Microsoft-Windows-Kernel-PnP","Device DISPLAY\DELA1B9\4&20b8d095&0&UID8263 has been surprise removed as it is reported as missing on the bus.
Count of devices removed: 1"
"03-08-2026 09:45:08","1065","Information","Microsoft-Windows-Kernel-PnP","Device PCI\VEN_8086&DEV_7D03&SUBSYS_0CE81028&REV_05\3&11583659&0&20 with problem code 0 and problem status 0x0 requires the system to be rebooted.
Additional information:
0x80010000000"
"03-08-2026 09:45:08","1000","Warning","Microsoft-Windows-Kernel-PnP","Device PCI\VEN_8086&DEV_7D03&SUBSYS_0CE81028&REV_05\3&11583659&0&20 could not be query removed as the removal was vetoed.

Veto Type: 1
Vetoed By: SWD\DRIVERENUM\{d10bfa0c-8cb5-4674-8428-3633604b8c33}#IpfEfProviderComponent&5&2c393730&0"
"03-08-2026 09:45:03","1065","Information","Microsoft-Windows-Kernel-PnP","Device SWD\DRIVERENUM\IpfEfExtComponent&4&23556e4&0 with problem code 0 and problem status 0x0 requires the system to be rebooted.
Additional information:
0x80010000000"
"03-08-2026 09:45:03","1000","Warning","Microsoft-Windows-Kernel-PnP","Device SWD\DRIVERENUM\IpfEfExtComponent&4&23556e4&0 could not be query removed as the removal was vetoed.

Veto Type: 1
Vetoed By: SWD\DRIVERENUM\{d10bfa0c-8cb5-4674-8428-3633604b8c33}#IpfEfProviderComponent&5&2c393730&0"
"03-08-2026 09:44:59","1065","Information","Microsoft-Windows-Kernel-PnP","Device PCI\VEN_8086&DEV_7D03&SUBSYS_0CE81028&REV_05\3&11583659&0&20 with problem code 0 and problem status 0x0 requires the system to be rebooted.
Additional information:
0x80010000000"
"03-08-2026 09:44:59","1000","Warning","Microsoft-Windows-Kernel-PnP","Device PCI\VEN_8086&DEV_7D03&SUBSYS_0CE81028&REV_05\3&11583659&0&20 could not be query removed as the removal was vetoed.

Veto Type: 1
Vetoed By: SWD\DRIVERENUM\{d10bfa0c-8cb5-4674-8428-3633604b8c33}#IpfEfProviderComponent&5&2c393730&0"
"03-08-2026 09:44:55","1065","Information","Microsoft-Windows-Kernel-PnP","Device PCI\VEN_8086&DEV_7D0D&SUBSYS_0CE81028&REV_01\3&11583659&0&50 with problem code 0 and problem status 0x0 requires the system to be rebooted.
Additional information:
0x80010000000"
"03-08-2026 09:44:55","1000","Warning","Microsoft-Windows-Kernel-PnP","Device PCI\VEN_8086&DEV_7D0D&SUBSYS_0CE81028&REV_01\3&11583659&0&50 could not be query removed as the removal was vetoed.

Veto Type: 1
Vetoed By: SWD\DRIVERENUM\{943855cc-edb2-421e-bf96-9d11d12e7430}#IpfEfPMTProviderComponent&4&22e119fc&0"
"03-08-2026 09:44:52","1065","Information","Microsoft-Windows-Kernel-PnP","Device SWD\DRIVERENUM\IpfEfExtComponent&4&23556e4&0 with problem code 0 and problem status 0x0 requires the system to be rebooted.
Additional information:
0x80010000000"
"03-08-2026 09:44:52","1000","Warning","Microsoft-Windows-Kernel-PnP","Device SWD\DRIVERENUM\IpfEfExtComponent&4&23556e4&0 could not be query removed as the removal was vetoed.

Veto Type: 1
Vetoed By: SWD\DRIVERENUM\{d10bfa0c-8cb5-4674-8428-3633604b8c33}#IpfEfProviderComponent&5&2c393730&0"
"03-08-2026 09:44:49","1065","Information","Microsoft-Windows-Kernel-PnP","Device SWD\DRIVERENUM\IpfEfExtComponent&4&23556e4&0 with problem code 0 and problem status 0x0 requires the system to be rebooted.
Additional information:
0x80010000000"
"03-08-2026 09:44:49","1000","Warning","Microsoft-Windows-Kernel-PnP","Device SWD\DRIVERENUM\IpfEfExtComponent&4&23556e4&0 could not be query removed as the removal was vetoed.

Veto Type: 1
Vetoed By: SWD\DRIVERENUM\{d10bfa0c-8cb5-4674-8428-3633604b8c33}#IpfEfProviderComponent&5&2c393730&0"
"03-08-2026 09:33:40","1010","Information","Microsoft-Windows-Kernel-PnP","Device INTELAUDIO\SGPC_FUNC_01&VEN_8086&DEV_281D&SUBSYS_80860101&REV_1000\5&32640736&1&0201DIF_000B&UIF_0000 has been surprise removed as it is reported as missing on the bus.
Count of devices removed: 3"
"03-08-2026 09:25:59","1010","Information","Microsoft-Windows-Kernel-PnP","Device ACPI\DLL0CE8\4&a107c53&0 has been surprise removed as it is reported as missing on the bus.
Count of devices removed: 1"
"03-08-2026 09:25:58","1010","Information","Microsoft-Windows-Kernel-PnP","Device ACPI\PNP0C0C\2&daba3ff&0 has been surprise removed as it is reported as missing on the bus.
Count of devices removed: 1"
"31-07-2026 18:35:50","1010","Information","Microsoft-Windows-Kernel-PnP","Device USB\VID_047F&PID_C058\EBFF498BA439F1488A177C405ACDFDF0 has been surprise removed as it is reported as missing on the bus.
Count of devices removed: 8"
"31-07-2026 18:35:49","1010","Information","Microsoft-Windows-Kernel-PnP","Device USB\VID_0424&PID_7206\5&266331bc&0&4 has been surprise removed as it is reported as missing on the bus.
Count of devices removed: 3"
"31-07-2026 18:35:48","1010","Information","Microsoft-Windows-Kernel-PnP","Device DISPLAY\DELA1B9\4&20b8d095&0&UID8263 has been surprise removed as it is reported as missing on the bus.
Count of devices removed: 1"
"31-07-2026 18:35:44","1010","Information","Microsoft-Windows-Kernel-PnP","Device USB\VID_0424&PID_4206\5&2dc84fba&0&1 has been surprise removed as it is reported as missing on the bus.
Count of devices removed: 7"
"31-07-2026 18:35:42","1010","Information","Microsoft-Windows-Kernel-PnP","Device INTELAUDIO\SGPC_FUNC_01&VEN_8086&DEV_281D&SUBSYS_80860101&REV_1000\5&32640736&1&0201DIF_000B&UIF_0000 has been surprise removed as it is reported as missing on the bus.
Count of devices removed: 3"
"31-07-2026 18:27:24","1010","Information","Microsoft-Windows-Kernel-PnP","Device DISPLAY\DELA1B9\4&20b8d095&0&UID8263 has been surprise removed as it is reported as missing on the bus.
Count of devices removed: 1"
"31-07-2026 18:01:12","1010","Information","Microsoft-Windows-Kernel-PnP","Device INTELAUDIO\SGPC_FUNC_01&VEN_8086&DEV_281D&SUBSYS_80860101&REV_1000\5&32640736&1&0201DIF_000B&UIF_0000 has been surprise removed as it is reported as missing on the bus.
Count of devices removed: 3"
"31-07-2026 10:25:56","1010","Information","Microsoft-Windows-Kernel-PnP","Device USB\VID_413C&PID_2514\5&2dc84fba&0&6 has been surprise removed as it is reported as missing on the bus.
Count of devices removed: 11"
"31-07-2026 10:25:43","1010","Information","Microsoft-Windows-Kernel-PnP","Device DISPLAY\DELA1B9\4&20b8d095&0&UID24648 has been surprise removed as it is reported as missing on the bus.
Count of devices removed: 1"
