"23-07-2026 10:36:31","142","Information","Microsoft-Windows-Ntfs","Summary of disk space usage, since last event:

           Available space was between 79.17 GB and 88.45 GB
           Change in available space: 9.28 GB
           
           Available clusters were between: 20753116 and 23184830
           Reserved clusters were between: 168391 and 177559
           Txf abort reserved clusters were between: 1024 and 1024
           
           Elapsed seconds: 3603
           
           Pagefile size: 23.02 GB
           Volume size: 235.88 GB
           Bytes per cluster: 4096
           
           Volume guid: {c5c572ba-c5d0-47f6-864e-13eb05e6d46c}
           Volume name: C:
           Is boot volume: true
           
           Cached runs miss counts:
               For MFT: 0
               For MFT zone: 0
               Everything else: 0
"
"23-07-2026 09:36:28","142","Information","Microsoft-Windows-Ntfs","Summary of disk space usage, since last event:

           Available space was between 79.13 GB and 88.41 GB
           Change in available space: 9.28 GB
           
           Available clusters were between: 20743440 and 23175746
           Reserved clusters were between: 168983 and 169079
           Txf abort reserved clusters were between: 1024 and 1024
           
           Elapsed seconds: 20387
           
           Pagefile size: 23.02 GB
           Volume size: 235.88 GB
           Bytes per cluster: 4096
           
           Volume guid: {c5c572ba-c5d0-47f6-864e-13eb05e6d46c}
           Volume name: C:
           Is boot volume: true
           
           Cached runs miss counts:
               For MFT: 0
               For MFT zone: 0
               Everything else: 0
"
"22-07-2026 21:18:44","142","Information","Microsoft-Windows-Ntfs","Summary of disk space usage, since last event:

           Available space was between 88.40 GB and 88.41 GB
           Change in available space: 4.59 MB
           
           Available clusters were between: 23173113 and 23174288
           Reserved clusters were between: 168983 and 168983
           Txf abort reserved clusters were between: 1024 and 1024
           
           Elapsed seconds: 4616
           
           Pagefile size: 23.02 GB
           Volume size: 235.88 GB
           Bytes per cluster: 4096
           
           Volume guid: {c5c572ba-c5d0-47f6-864e-13eb05e6d46c}
           Volume name: C:
           Is boot volume: true
           
           Cached runs miss counts:
               For MFT: 0
               For MFT zone: 0
               Everything else: 0
"
"22-07-2026 20:01:47","142","Information","Microsoft-Windows-Ntfs","Summary of disk space usage, since last event:

           Available space was between 88.39 GB and 88.41 GB
           Change in available space: 23.57 MB
           
           Available clusters were between: 23169754 and 23175787
           Reserved clusters were between: 168919 and 169079
           Txf abort reserved clusters were between: 1024 and 1024
           
           Elapsed seconds: 4710
           
           Pagefile size: 23.02 GB
           Volume size: 235.88 GB
           Bytes per cluster: 4096
           
           Volume guid: {c5c572ba-c5d0-47f6-864e-13eb05e6d46c}
           Volume name: C:
           Is boot volume: true
           
           Cached runs miss counts:
               For MFT: 0
               For MFT zone: 0
               Everything else: 0
"
"22-07-2026 18:43:17","142","Information","Microsoft-Windows-Ntfs","Summary of disk space usage, since last event:

           Available space was between 88.04 GB and 88.77 GB
           Change in available space: 751.30 MB
           
           Available clusters were between: 23076733 and 23269065
           Reserved clusters were between: 168919 and 177335
           Txf abort reserved clusters were between: 1024 and 1024
           
           Elapsed seconds: 3603
           
           Pagefile size: 23.02 GB
           Volume size: 235.88 GB
           Bytes per cluster: 4096
           
           Volume guid: {c5c572ba-c5d0-47f6-864e-13eb05e6d46c}
           Volume name: C:
           Is boot volume: true
           
           Cached runs miss counts:
               For MFT: 0
               For MFT zone: 0
               Everything else: 0
"
"22-07-2026 17:43:13","142","Information","Microsoft-Windows-Ntfs","Summary of disk space usage, since last event:

           Available space was between 88.59 GB and 89.37 GB
           Change in available space: 798.66 MB
           
           Available clusters were between: 23222577 and 23427033
           Reserved clusters were between: 168999 and 177383
           Txf abort reserved clusters were between: 1024 and 1024
           
           Elapsed seconds: 3603
           
           Pagefile size: 23.02 GB
           Volume size: 235.88 GB
           Bytes per cluster: 4096
           
           Volume guid: {c5c572ba-c5d0-47f6-864e-13eb05e6d46c}
           Volume name: C:
           Is boot volume: true
           
           Cached runs miss counts:
               For MFT: 0
               For MFT zone: 0
               Everything else: 0
"
"22-07-2026 16:43:09","142","Information","Microsoft-Windows-Ntfs","Summary of disk space usage, since last event:

           Available space was between 89.02 GB and 89.65 GB
           Change in available space: 645.42 MB
           
           Available clusters were between: 23333495 and 23498722
           Reserved clusters were between: 168887 and 177623
           Txf abort reserved clusters were between: 1024 and 1024
           
           Elapsed seconds: 3600
           
           Pagefile size: 23.02 GB
           Volume size: 235.88 GB
           Bytes per cluster: 4096
           
           Volume guid: {c5c572ba-c5d0-47f6-864e-13eb05e6d46c}
           Volume name: C:
           Is boot volume: true
           
           Cached runs miss counts:
               For MFT: 0
               For MFT zone: 0
               Everything else: 0
"
"22-07-2026 15:43:08","142","Information","Microsoft-Windows-Ntfs","Summary of disk space usage, since last event:

           Available space was between 89.46 GB and 89.91 GB
           Change in available space: 465.56 MB
           
           Available clusters were between: 23448905 and 23568086
           Reserved clusters were between: 168919 and 177351
           Txf abort reserved clusters were between: 1024 and 1024
           
           Elapsed seconds: 3600
           
           Pagefile size: 23.02 GB
           Volume size: 235.88 GB
           Bytes per cluster: 4096
           
           Volume guid: {c5c572ba-c5d0-47f6-864e-13eb05e6d46c}
           Volume name: C:
           Is boot volume: true
           
           Cached runs miss counts:
               For MFT: 0
               For MFT zone: 0
               Everything else: 0
"
"22-07-2026 14:43:07","142","Information","Microsoft-Windows-Ntfs","Summary of disk space usage, since last event:

           Available space was between 89.51 GB and 90.67 GB
           Change in available space: 1.17 GB
           
           Available clusters were between: 23461935 and 23766133
           Reserved clusters were between: 168839 and 169655
           Txf abort reserved clusters were between: 1024 and 1024
           
           Elapsed seconds: 3603
           
           Pagefile size: 23.02 GB
           Volume size: 235.88 GB
           Bytes per cluster: 4096
           
           Volume guid: {c5c572ba-c5d0-47f6-864e-13eb05e6d46c}
           Volume name: C:
           Is boot volume: true
           
           Cached runs miss counts:
               For MFT: 0
               For MFT zone: 0
               Everything else: 0
"
"22-07-2026 13:43:03","142","Information","Microsoft-Windows-Ntfs","Summary of disk space usage, since last event:

           Available space was between 90.44 GB and 90.85 GB
           Change in available space: 425.22 MB
           
           Available clusters were between: 23706862 and 23815716
           Reserved clusters were between: 169303 and 177655
           Txf abort reserved clusters were between: 1024 and 1024
           
           Elapsed seconds: 3600
           
           Pagefile size: 23.02 GB
           Volume size: 235.88 GB
           Bytes per cluster: 4096
           
           Volume guid: {c5c572ba-c5d0-47f6-864e-13eb05e6d46c}
           Volume name: C:
           Is boot volume: true
           
           Cached runs miss counts:
               For MFT: 0
               For MFT zone: 0
               Everything else: 0
"
"22-07-2026 12:43:03","142","Information","Microsoft-Windows-Ntfs","Summary of disk space usage, since last event:

           Available space was between 90.38 GB and 90.88 GB
           Change in available space: 516.72 MB
           
           Available clusters were between: 23691106 and 23823385
           Reserved clusters were between: 169143 and 288999
           Txf abort reserved clusters were between: 1024 and 1024
           
           Elapsed seconds: 3602
           
           Pagefile size: 23.02 GB
           Volume size: 235.88 GB
           Bytes per cluster: 4096
           
           Volume guid: {c5c572ba-c5d0-47f6-864e-13eb05e6d46c}
           Volume name: C:
           Is boot volume: true
           
           Cached runs miss counts:
               For MFT: 0
               For MFT zone: 0
               Everything else: 0
"
"22-07-2026 11:43:00","142","Information","Microsoft-Windows-Ntfs","Summary of disk space usage, since last event:

           Available space was between 90.51 GB and 95.68 GB
           Change in available space: 5.17 GB
           
           Available clusters were between: 23726597 and 25080917
           Reserved clusters were between: 61072 and 824605
           Txf abort reserved clusters were between: 1024 and 1025
           
           Elapsed seconds: 3600
           
           Pagefile size: 23.02 GB
           Volume size: 235.88 GB
           Bytes per cluster: 4096
           
           Volume guid: {c5c572ba-c5d0-47f6-864e-13eb05e6d46c}
           Volume name: C:
           Is boot volume: true
           
           Cached runs miss counts:
               For MFT: 0
               For MFT zone: 0
               Everything else: 0
"
"22-07-2026 10:43:00","142","Information","Microsoft-Windows-Ntfs","Summary of disk space usage, since last event:

           Available space was between 94.06 GB and 95.36 GB
           Change in available space: 1.30 GB
           
           Available clusters were between: 24656681 and 24997356
           Reserved clusters were between: 823102 and 831854
           Txf abort reserved clusters were between: 1024 and 1024
           
           Elapsed seconds: 3604
           
           Pagefile size: 23.02 GB
           Volume size: 235.88 GB
           Bytes per cluster: 4096
           
           Volume guid: {c5c572ba-c5d0-47f6-864e-13eb05e6d46c}
           Volume name: C:
           Is boot volume: true
           
           Cached runs miss counts:
               For MFT: 0
               For MFT zone: 0
               Everything else: 0
"
"22-07-2026 09:42:56","142","Information","Microsoft-Windows-Ntfs","Summary of disk space usage, since last event:

           Available space was between 84.77 GB and 94.09 GB
           Change in available space: 9.32 GB
           
           Available clusters were between: 22220929 and 24662835
           Reserved clusters were between: 823502 and 823630
           Txf abort reserved clusters were between: 1024 and 1024
           
           Elapsed seconds: 19184
           
           Pagefile size: 23.02 GB
           Volume size: 235.88 GB
           Bytes per cluster: 4096
           
           Volume guid: {c5c572ba-c5d0-47f6-864e-13eb05e6d46c}
           Volume name: C:
           Is boot volume: true
           
           Cached runs miss counts:
               For MFT: 0
               For MFT zone: 0
               Everything else: 0
"
"22-07-2026 04:23:11","142","Information","Microsoft-Windows-Ntfs","Summary of disk space usage, since last event:

           Available space was between 93.99 GB and 94.07 GB
           Change in available space: 78.36 MB
           
           Available clusters were between: 24638455 and 24658513
           Reserved clusters were between: 823438 and 823550
           Txf abort reserved clusters were between: 1024 and 1024
           
           Elapsed seconds: 3671
           
           Pagefile size: 23.02 GB
           Volume size: 235.88 GB
           Bytes per cluster: 4096
           
           Volume guid: {c5c572ba-c5d0-47f6-864e-13eb05e6d46c}
           Volume name: C:
           Is boot volume: true
           
           Cached runs miss counts:
               For MFT: 0
               For MFT zone: 0
               Everything else: 0
"
"22-07-2026 03:21:59","142","Information","Microsoft-Windows-Ntfs","Summary of disk space usage, since last event:

           Available space was between 93.99 GB and 94 GB
           Change in available space: 1024 KB
           
           Available clusters were between: 24638755 and 24639011
           Reserved clusters were between: 823486 and 823486
           Txf abort reserved clusters were between: 1024 and 1024
           
           Elapsed seconds: 5964
           
           Pagefile size: 23.02 GB
           Volume size: 235.88 GB
           Bytes per cluster: 4096
           
           Volume guid: {c5c572ba-c5d0-47f6-864e-13eb05e6d46c}
           Volume name: C:
           Is boot volume: true
           
           Cached runs miss counts:
               For MFT: 0
               For MFT zone: 0
               Everything else: 0
"
"22-07-2026 00:03:04","142","Information","Microsoft-Windows-Ntfs","Summary of disk space usage, since last event:

           Available space was between 94 GB and 94 GB
           Change in available space: 64 KB
           
           Available clusters were between: 24639011 and 24639027
           Reserved clusters were between: 823486 and 823486
           Txf abort reserved clusters were between: 1024 and 1024
           
           Elapsed seconds: 4773
           
           Pagefile size: 23.02 GB
           Volume size: 235.88 GB
           Bytes per cluster: 4096
           
           Volume guid: {c5c572ba-c5d0-47f6-864e-13eb05e6d46c}
           Volume name: C:
           Is boot volume: true
           
           Cached runs miss counts:
               For MFT: 0
               For MFT zone: 0
               Everything else: 0
"
"21-07-2026 21:23:56","142","Information","Microsoft-Windows-Ntfs","Summary of disk space usage, since last event:

           Available space was between 93.99 GB and 94 GB
           Change in available space: 540 KB
           
           Available clusters were between: 24638908 and 24639043
           Reserved clusters were between: 823486 and 823486
           Txf abort reserved clusters were between: 1024 and 1024
           
           Elapsed seconds: 4779
           
           Pagefile size: 23.02 GB
           Volume size: 235.88 GB
           Bytes per cluster: 4096
           
           Volume guid: {c5c572ba-c5d0-47f6-864e-13eb05e6d46c}
           Volume name: C:
           Is boot volume: true
           
           Cached runs miss counts:
               For MFT: 0
               For MFT zone: 0
               Everything else: 0
"
"21-07-2026 20:04:17","142","Information","Microsoft-Windows-Ntfs","Summary of disk space usage, since last event:

           Available space was between 93.99 GB and 94 GB
           Change in available space: 9.37 MB
           
           Available clusters were between: 24638908 and 24641306
           Reserved clusters were between: 823358 and 823630
           Txf abort reserved clusters were between: 1024 and 1024
           
           Elapsed seconds: 4775
           
           Pagefile size: 23.02 GB
           Volume size: 235.88 GB
           Bytes per cluster: 4096
           
           Volume guid: {c5c572ba-c5d0-47f6-864e-13eb05e6d46c}
           Volume name: C:
           Is boot volume: true
           
           Cached runs miss counts:
               For MFT: 0
               For MFT zone: 0
               Everything else: 0
"
"21-07-2026 18:44:42","142","Information","Microsoft-Windows-Ntfs","Summary of disk space usage, since last event:

           Available space was between 93.91 GB and 94.03 GB
           Change in available space: 127.02 MB
           
           Available clusters were between: 24616639 and 24649156
           Reserved clusters were between: 823262 and 831726
           Txf abort reserved clusters were between: 1024 and 1024
           
           Elapsed seconds: 3603
           
           Pagefile size: 23.02 GB
           Volume size: 235.88 GB
           Bytes per cluster: 4096
           
           Volume guid: {c5c572ba-c5d0-47f6-864e-13eb05e6d46c}
           Volume name: C:
           Is boot volume: true
           
           Cached runs miss counts:
               For MFT: 0
               For MFT zone: 0
               Everything else: 0
"
"21-07-2026 17:44:39","142","Information","Microsoft-Windows-Ntfs","Summary of disk space usage, since last event:

           Available space was between 93.10 GB and 95.68 GB
           Change in available space: 2.58 GB
           
           Available clusters were between: 24404858 and 25081069
           Reserved clusters were between: 767342 and 823678
           Txf abort reserved clusters were between: 1024 and 1024
           
           Elapsed seconds: 3600
           
           Pagefile size: 23.02 GB
           Volume size: 235.88 GB
           Bytes per cluster: 4096
           
           Volume guid: {c5c572ba-c5d0-47f6-864e-13eb05e6d46c}
           Volume name: C:
           Is boot volume: true
           
           Cached runs miss counts:
               For MFT: 0
               For MFT zone: 0
               Everything else: 0
"
"21-07-2026 16:44:38","142","Information","Microsoft-Windows-Ntfs","Summary of disk space usage, since last event:

           Available space was between 95.65 GB and 95.73 GB
           Change in available space: 80.31 MB
           
           Available clusters were between: 25073286 and 25093843
           Reserved clusters were between: 767614 and 775902
           Txf abort reserved clusters were between: 1024 and 1024
           
           Elapsed seconds: 3600
           
           Pagefile size: 23.02 GB
           Volume size: 235.88 GB
           Bytes per cluster: 4096
           
           Volume guid: {c5c572ba-c5d0-47f6-864e-13eb05e6d46c}
           Volume name: C:
           Is boot volume: true
           
           Cached runs miss counts:
               For MFT: 0
               For MFT zone: 0
               Everything else: 0
"
"21-07-2026 15:44:37","142","Information","Microsoft-Windows-Ntfs","Summary of disk space usage, since last event:

           Available space was between 95.35 GB and 95.77 GB
           Change in available space: 425.37 MB
           
           Available clusters were between: 24994659 and 25103552
           Reserved clusters were between: 767422 and 767662
           Txf abort reserved clusters were between: 1024 and 1024
           
           Elapsed seconds: 3604
           
           Pagefile size: 23.02 GB
           Volume size: 235.88 GB
           Bytes per cluster: 4096
           
           Volume guid: {c5c572ba-c5d0-47f6-864e-13eb05e6d46c}
           Volume name: C:
           Is boot volume: true
           
           Cached runs miss counts:
               For MFT: 0
               For MFT zone: 0
               Everything else: 0
"
"21-07-2026 14:44:32","142","Information","Microsoft-Windows-Ntfs","Summary of disk space usage, since last event:

           Available space was between 91.85 GB and 95.79 GB
           Change in available space: 3.94 GB
           
           Available clusters were between: 24077644 and 25109960
           Reserved clusters were between: 767598 and 775806
           Txf abort reserved clusters were between: 1024 and 1024
           
           Elapsed seconds: 3604
           
           Pagefile size: 23.02 GB
           Volume size: 235.88 GB
           Bytes per cluster: 4096
           
           Volume guid: {c5c572ba-c5d0-47f6-864e-13eb05e6d46c}
           Volume name: C:
           Is boot volume: true
           
           Cached runs miss counts:
               For MFT: 0
               For MFT zone: 0
               Everything else: 0
"
"21-07-2026 13:44:28","142","Information","Microsoft-Windows-Ntfs","Summary of disk space usage, since last event:

           Available space was between 94.48 GB and 94.91 GB
           Change in available space: 439.02 MB
           
           Available clusters were between: 24766638 and 24879025
           Reserved clusters were between: 768350 and 783038
           Txf abort reserved clusters were between: 1024 and 1024
           
           Elapsed seconds: 3601
           
           Pagefile size: 23.02 GB
           Volume size: 235.88 GB
           Bytes per cluster: 4096
           
           Volume guid: {c5c572ba-c5d0-47f6-864e-13eb05e6d46c}
           Volume name: C:
           Is boot volume: true
           
           Cached runs miss counts:
               For MFT: 0
               For MFT zone: 0
               Everything else: 0
"
"21-07-2026 12:44:26","142","Information","Microsoft-Windows-Ntfs","Summary of disk space usage, since last event:

           Available space was between 94.90 GB and 95.60 GB
           Change in available space: 713.70 MB
           
           Available clusters were between: 24875660 and 25058366
           Reserved clusters were between: 767550 and 780254
           Txf abort reserved clusters were between: 1024 and 1024
           
           Elapsed seconds: 3601
           
           Pagefile size: 23.02 GB
           Volume size: 235.88 GB
           Bytes per cluster: 4096
           
           Volume guid: {c5c572ba-c5d0-47f6-864e-13eb05e6d46c}
           Volume name: C:
           Is boot volume: true
           
           Cached runs miss counts:
               For MFT: 0
               For MFT zone: 0
               Everything else: 0
"
"21-07-2026 11:44:24","142","Information","Microsoft-Windows-Ntfs","Summary of disk space usage, since last event:

           Available space was between 94.91 GB and 95.35 GB
           Change in available space: 448.99 MB
           
           Available clusters were between: 24878330 and 24993269
           Reserved clusters were between: 767534 and 767902
           Txf abort reserved clusters were between: 1024 and 1024
           
           Elapsed seconds: 3602
           
           Pagefile size: 23.02 GB
           Volume size: 235.88 GB
           Bytes per cluster: 4096
           
           Volume guid: {c5c572ba-c5d0-47f6-864e-13eb05e6d46c}
           Volume name: C:
           Is boot volume: true
           
           Cached runs miss counts:
               For MFT: 0
               For MFT zone: 0
               Everything else: 0
"
"21-07-2026 10:44:22","142","Information","Microsoft-Windows-Ntfs","Summary of disk space usage, since last event:

           Available space was between 93.95 GB and 95.35 GB
           Change in available space: 1.40 GB
           
           Available clusters were between: 24626900 and 24993659
           Reserved clusters were between: 767470 and 775966
           Txf abort reserved clusters were between: 1024 and 1024
           
           Elapsed seconds: 3604
           
           Pagefile size: 23.02 GB
           Volume size: 235.88 GB
           Bytes per cluster: 4096
           
           Volume guid: {c5c572ba-c5d0-47f6-864e-13eb05e6d46c}
           Volume name: C:
           Is boot volume: true
           
           Cached runs miss counts:
               For MFT: 0
               For MFT zone: 0
               Everything else: 0
"
"21-07-2026 09:44:17","142","Information","Microsoft-Windows-Ntfs","Summary of disk space usage, since last event:

           Available space was between 91.99 GB and 95.15 GB
           Change in available space: 3.17 GB
           
           Available clusters were between: 24114392 and 24942804
           Reserved clusters were between: 766238 and 776126
           Txf abort reserved clusters were between: 1024 and 1024
           
           Elapsed seconds: 3604
           
           Pagefile size: 23.02 GB
           Volume size: 235.88 GB
           Bytes per cluster: 4096
           
           Volume guid: {c5c572ba-c5d0-47f6-864e-13eb05e6d46c}
           Volume name: C:
           Is boot volume: true
           
           Cached runs miss counts:
               For MFT: 0
               For MFT zone: 0
               Everything else: 0
"
"21-07-2026 08:47:32","501","Information","Microsoft-Windows-Ntfs","A process has deleted a USN journal on a volume.

           Process: SearchIndexer.
           Volume Id: {c5c572ba-c5d0-47f6-864e-13eb05e6d46c}
           Volume Name: C:
           Journal Id: 0x1DC11A038CEB841
           Current USN: 0x0
"
"21-07-2026 08:46:04","501","Information","Microsoft-Windows-Ntfs","A process has deleted a USN journal on a volume.

           Process: SearchIndexer.
           Volume Id: {c5c572ba-c5d0-47f6-864e-13eb05e6d46c}
           Volume Name: C:
           Journal Id: 0x1DC11A038CEB841
           Current USN: 0x0
"
"21-07-2026 08:44:40","501","Information","Microsoft-Windows-Ntfs","A process has deleted a USN journal on a volume.

           Process: SearchIndexer.
           Volume Id: {c5c572ba-c5d0-47f6-864e-13eb05e6d46c}
           Volume Name: C:
           Journal Id: 0x1DC11A038CEB841
           Current USN: 0x0
"
"21-07-2026 08:44:13","10","Information","Microsoft-Windows-Ntfs","NTFS cached runs statistics.

           Volume correlation Id: {effcabed-bb48-44d2-a9ca-b0bdf73688b0}
           Volume name: \\?\Volume{effcabed-bb48-44d2-a9ca-b0bdf73688b0}
           Volume label: WINRETOOLS

           Device name: \Device\HarddiskVolume4
           Device GUID: {0d0616a1-3adc-3de7-d9a2-784fe4e2d52a}
           Device manufacturer: NVMe
           Device model: PM9C1b Samsung 256GB
           Device revision: 58330109
           Device serial number: 0025_38F6_5106_1623.
           Bus type: NVMe
           Native NVMe: false

           Adapter serial number: 

           Media type: Hard disk
           Runs cached: 4
           Longest run cached: 128.55 MB
           Most populated bin Count: 1
           Most populated bin's minimum length: 0 Bytes
           Most populated bin's maximum length: 4 KB
"
"21-07-2026 08:44:13","9","Information","Microsoft-Windows-Ntfs","NTFS scanned entire volume bitmap.

           Volume correlation Id: {effcabed-bb48-44d2-a9ca-b0bdf73688b0}
           Volume name: \\?\Volume{effcabed-bb48-44d2-a9ca-b0bdf73688b0}
           Volume label: WINRETOOLS

           Device name: \Device\HarddiskVolume4
           Device GUID: {0d0616a1-3adc-3de7-d9a2-784fe4e2d52a}
           Device manufacturer: NVMe
           Device model: PM9C1b Samsung 256GB
           Device revision: 58330109
           Device serial number: 0025_38F6_5106_1623.
           Bus type: NVMe
           Native NVMe: false

           Adapter serial number: 

           Duration (micro seconds): 35
           InputFlags: 0x10
           Reason: Proactive background scan to repopulate cached runs
           Flags: 0x10
"
"21-07-2026 08:44:12","10","Information","Microsoft-Windows-Ntfs","NTFS cached runs statistics.

           Volume correlation Id: {c5c572ba-c5d0-47f6-864e-13eb05e6d46c}
           Volume name: C:
           Volume label: OS

           Device name: \Device\HarddiskVolume3
           Device GUID: {0d0616a1-3adc-3de7-d9a2-784fe4e2d52a}
           Device manufacturer: NVMe
           Device model: PM9C1b Samsung 256GB
           Device revision: 58330109
           Device serial number: 0025_38F6_5106_1623.
           Bus type: NVMe
           Native NVMe: false

           Adapter serial number: 

           Media type: Hard disk
           Runs cached: 12190
           Longest run cached: 22.67 GB
           Most populated bin Count: 1320
           Most populated bin's minimum length: 8 KB
           Most populated bin's maximum length: 8 KB
"
"21-07-2026 08:44:12","9","Information","Microsoft-Windows-Ntfs","NTFS scanned entire volume bitmap.

           Volume correlation Id: {c5c572ba-c5d0-47f6-864e-13eb05e6d46c}
           Volume name: C:
           Volume label: OS

           Device name: \Device\HarddiskVolume3
           Device GUID: {0d0616a1-3adc-3de7-d9a2-784fe4e2d52a}
           Device manufacturer: NVMe
           Device model: PM9C1b Samsung 256GB
           Device revision: 58330109
           Device serial number: 0025_38F6_5106_1623.
           Bus type: NVMe
           Native NVMe: false

           Adapter serial number: 

           Duration (micro seconds): 25251
           InputFlags: 0x10
           Reason: Proactive background scan to repopulate cached runs
           Flags: 0x10
"
"21-07-2026 08:44:12","142","Information","Microsoft-Windows-Ntfs","Summary of disk space usage, since last event:

           Available space was between 195.28 MB and 199.28 MB
           Change in available space: 4 MB
           
           Available clusters were between: 49991 and 51015
           Reserved clusters were between: 0 and 0
           Txf abort reserved clusters were between: 1024 and 1024
           
           Elapsed seconds: 0
           
           Pagefile size: 0 Bytes
           Volume size: 1.01 GB
           Bytes per cluster: 4096
           
           Volume guid: {effcabed-bb48-44d2-a9ca-b0bdf73688b0}
           Volume name: \\?\Volume{effcabed-bb48-44d2-a9ca-b0bdf73688b0}
           Is boot volume: false
           
           Cached runs miss counts:
               For MFT: 0
               For MFT zone: 0
               Everything else: 0
"
"21-07-2026 08:44:12","142","Information","Microsoft-Windows-Ntfs","Summary of disk space usage, since last event:

           Available space was between 92.78 GB and 95.71 GB
           Change in available space: 2.94 GB
           
           Available clusters were between: 24319113 and 25089368
           Reserved clusters were between: 766238 and 766238
           Txf abort reserved clusters were between: 1024 and 1024
           
           Elapsed seconds: 0
           
           Pagefile size: 0 Bytes
           Volume size: 235.88 GB
           Bytes per cluster: 4096
           
           Volume guid: {c5c572ba-c5d0-47f6-864e-13eb05e6d46c}
           Volume name: C:
           Is boot volume: true
           
           Cached runs miss counts:
               For MFT: 0
               For MFT zone: 0
               Everything else: 0
"
"21-07-2026 08:44:09","4","Information","Microsoft-Windows-Ntfs","The NTFS volume has been successfully mounted.

           Volume correlation Id: {effcabed-bb48-44d2-a9ca-b0bdf73688b0}
           Volume name: \\?\Volume{effcabed-bb48-44d2-a9ca-b0bdf73688b0}
           Volume label: WINRETOOLS

           Device name: \Device\HarddiskVolume4
           Device GUID: {0d0616a1-3adc-3de7-d9a2-784fe4e2d52a}
           Device manufacturer: NVMe
           Device model: PM9C1b Samsung 256GB
           Device revision: 58330109
           Device serial number: 0025_38F6_5106_1623.
           Bus type: NVMe
           Device number: 0
           Boot partition: false

           Native NVMe: false

           Adapter serial number: 
           
           Total mount duration: 9 ms
           Longest stage: 4. Duration 9 ms (100% of the total)
           Second longest stage: 0. Duration 0 µs (0% of the total)
           Volume restart applied: false
"
"21-07-2026 08:44:09","10","Information","Microsoft-Windows-Ntfs","NTFS cached runs statistics.

           Volume correlation Id: {effcabed-bb48-44d2-a9ca-b0bdf73688b0}
           Volume name: \\?\Volume{effcabed-bb48-44d2-a9ca-b0bdf73688b0}
           Volume label: WINRETOOLS

           Device name: \Device\HarddiskVolume4
           Device GUID: {0d0616a1-3adc-3de7-d9a2-784fe4e2d52a}
           Device manufacturer: NVMe
           Device model: PM9C1b Samsung 256GB
           Device revision: 58330109
           Device serial number: 0025_38F6_5106_1623.
           Bus type: NVMe
           Native NVMe: false

           Adapter serial number: 

           Media type: Hard disk
           Runs cached: 3
           Longest run cached: 70.54 MB
           Most populated bin Count: 1
           Most populated bin's minimum length: 0 Bytes
           Most populated bin's maximum length: 4 KB
"
"21-07-2026 08:44:09","9","Information","Microsoft-Windows-Ntfs","NTFS scanned entire volume bitmap.

           Volume correlation Id: {effcabed-bb48-44d2-a9ca-b0bdf73688b0}
           Volume name: \\?\Volume{effcabed-bb48-44d2-a9ca-b0bdf73688b0}
           Volume label: WINRETOOLS

           Device name: \Device\HarddiskVolume4
           Device GUID: {0d0616a1-3adc-3de7-d9a2-784fe4e2d52a}
           Device manufacturer: NVMe
           Device model: PM9C1b Samsung 256GB
           Device revision: 58330109
           Device serial number: 0025_38F6_5106_1623.
           Bus type: NVMe
           Native NVMe: false

           Adapter serial number: 

           Duration (micro seconds): 407
           InputFlags: 0xE
           Reason: Mount
           Flags: 0x10
"
"21-07-2026 08:44:07","10","Information","Microsoft-Windows-Ntfs","NTFS cached runs statistics.

           Volume correlation Id: {c5c572ba-c5d0-47f6-864e-13eb05e6d46c}
           Volume name: C:
           Volume label: OS

           Device name: \Device\HarddiskVolume3
           Device GUID: {0d0616a1-3adc-3de7-d9a2-784fe4e2d52a}
           Device manufacturer: NVMe
           Device model: PM9C1b Samsung 256GB
           Device revision: 58330109
           Device serial number: 0025_38F6_5106_1623.
           Bus type: NVMe
           Native NVMe: false

           Adapter serial number: 

           Media type: Hard disk
           Runs cached: 4167
           Longest run cached: 22.67 GB
           Most populated bin Count: 78
           Most populated bin's minimum length: 7.51 MB
           Most populated bin's maximum length: 7.75 MB
"
"21-07-2026 08:44:07","4","Information","Microsoft-Windows-Ntfs","The NTFS volume has been successfully mounted.

           Volume correlation Id: {c5c572ba-c5d0-47f6-864e-13eb05e6d46c}
           Volume name: C:
           Volume label: OS

           Device name: \Device\HarddiskVolume3
           Device GUID: {0d0616a1-3adc-3de7-d9a2-784fe4e2d52a}
           Device manufacturer: NVMe
           Device model: PM9C1b Samsung 256GB
           Device revision: 58330109
           Device serial number: 0025_38F6_5106_1623.
           Bus type: NVMe
           Device number: 0
           Boot partition: true

           Native NVMe: false

           Adapter serial number: 
           
           Total mount duration: 370 ms
           Longest stage: 8. Duration 262 ms (71% of the total)
           Second longest stage: 7. Duration 63 ms (17% of the total)
           Volume restart applied: false
"
"21-07-2026 08:44:07","9","Information","Microsoft-Windows-Ntfs","NTFS scanned entire volume bitmap.

           Volume correlation Id: {c5c572ba-c5d0-47f6-864e-13eb05e6d46c}
           Volume name: C:
           Volume label: OS

           Device name: \Device\HarddiskVolume3
           Device GUID: {0d0616a1-3adc-3de7-d9a2-784fe4e2d52a}
           Device manufacturer: NVMe
           Device model: PM9C1b Samsung 256GB
           Device revision: 58330109
           Device serial number: 0025_38F6_5106_1623.
           Bus type: NVMe
           Native NVMe: false

           Adapter serial number: 

           Duration (micro seconds): 23096
           InputFlags: 0xE
           Reason: Mount
           Flags: 0x10
"
"21-07-2026 08:32:07","142","Information","Microsoft-Windows-Ntfs","Summary of disk space usage, since last event:

           Available space was between 91.99 GB and 92.02 GB
           Change in available space: 29.09 MB
           
           Available clusters were between: 24114067 and 24121513
           Reserved clusters were between: 769278 and 769982
           Txf abort reserved clusters were between: 1024 and 1024
           
           Elapsed seconds: 4694
           
           Pagefile size: 22.27 GB
           Volume size: 235.88 GB
           Bytes per cluster: 4096
           
           Volume guid: {c5c572ba-c5d0-47f6-864e-13eb05e6d46c}
           Volume name: C:
           Is boot volume: true
           
           Cached runs miss counts:
               For MFT: 0
               For MFT zone: 0
               Everything else: 0
"
"21-07-2026 07:13:52","142","Information","Microsoft-Windows-Ntfs","Summary of disk space usage, since last event:

           Available space was between 92.01 GB and 92.01 GB
           Change in available space: 256 KB
           
           Available clusters were between: 24118945 and 24119009
           Reserved clusters were between: 769918 and 769918
           Txf abort reserved clusters were between: 1024 and 1024
           
           Elapsed seconds: 5912
           
           Pagefile size: 22.27 GB
           Volume size: 235.88 GB
           Bytes per cluster: 4096
           
           Volume guid: {c5c572ba-c5d0-47f6-864e-13eb05e6d46c}
           Volume name: C:
           Is boot volume: true
           
           Cached runs miss counts:
               For MFT: 0
               For MFT zone: 0
               Everything else: 0
"
"21-07-2026 05:35:19","142","Information","Microsoft-Windows-Ntfs","Summary of disk space usage, since last event:

           Available space was between 91.63 GB and 92.05 GB
           Change in available space: 428.14 MB
           
           Available clusters were between: 24020203 and 24129806
           Reserved clusters were between: 769518 and 769998
           Txf abort reserved clusters were between: 1024 and 1024
           
           Elapsed seconds: 4885
           
           Pagefile size: 22.27 GB
           Volume size: 235.88 GB
           Bytes per cluster: 4096
           
           Volume guid: {c5c572ba-c5d0-47f6-864e-13eb05e6d46c}
           Volume name: C:
           Is boot volume: true
           
           Cached runs miss counts:
               For MFT: 0
               For MFT zone: 0
               Everything else: 0
"
"21-07-2026 04:13:54","142","Information","Microsoft-Windows-Ntfs","Summary of disk space usage, since last event:

           Available space was between 92.03 GB and 92.05 GB
           Change in available space: 23.30 MB
           
           Available clusters were between: 24122846 and 24128810
           Reserved clusters were between: 769358 and 769518
           Txf abort reserved clusters were between: 1024 and 1024
           
           Elapsed seconds: 3601
           
           Pagefile size: 22.27 GB
           Volume size: 235.88 GB
           Bytes per cluster: 4096
           
           Volume guid: {c5c572ba-c5d0-47f6-864e-13eb05e6d46c}
           Volume name: C:
           Is boot volume: true
           
           Cached runs miss counts:
               For MFT: 0
               For MFT zone: 0
               Everything else: 0
"
"21-07-2026 03:13:52","142","Information","Microsoft-Windows-Ntfs","Summary of disk space usage, since last event:

           Available space was between 92.04 GB and 92.04 GB
           Change in available space: 16 KB
           
           Available clusters were between: 24125805 and 24125809
           Reserved clusters were between: 769406 and 769406
           Txf abort reserved clusters were between: 1024 and 1024
           
           Elapsed seconds: 4757
           
           Pagefile size: 22.27 GB
           Volume size: 235.88 GB
           Bytes per cluster: 4096
           
           Volume guid: {c5c572ba-c5d0-47f6-864e-13eb05e6d46c}
           Volume name: C:
           Is boot volume: true
           
           Cached runs miss counts:
               For MFT: 0
               For MFT zone: 0
               Everything else: 0
"
"21-07-2026 01:54:35","142","Information","Microsoft-Windows-Ntfs","Summary of disk space usage, since last event:

           Available space was between 92.04 GB and 92.04 GB
           Change in available space: 928 KB
           
           Available clusters were between: 24125792 and 24126024
           Reserved clusters were between: 769406 and 769406
           Txf abort reserved clusters were between: 1024 and 1024
           
           Elapsed seconds: 4769
           
           Pagefile size: 22.27 GB
           Volume size: 235.88 GB
           Bytes per cluster: 4096
           
           Volume guid: {c5c572ba-c5d0-47f6-864e-13eb05e6d46c}
           Volume name: C:
           Is boot volume: true
           
           Cached runs miss counts:
               For MFT: 0
               For MFT zone: 0
               Everything else: 0
"
"20-07-2026 20:36:29","142","Information","Microsoft-Windows-Ntfs","Summary of disk space usage, since last event:

           Available space was between 92.04 GB and 92.04 GB
           Change in available space: 7.87 MB
           
           Available clusters were between: 24125552 and 24127566
           Reserved clusters were between: 769406 and 769406
           Txf abort reserved clusters were between: 1024 and 1024
           
           Elapsed seconds: 5226
           
           Pagefile size: 22.27 GB
           Volume size: 235.88 GB
           Bytes per cluster: 4096
           
           Volume guid: {c5c572ba-c5d0-47f6-864e-13eb05e6d46c}
           Volume name: C:
           Is boot volume: true
           
           Cached runs miss counts:
               For MFT: 0
               For MFT zone: 0
               Everything else: 0
"
"20-07-2026 19:09:22","142","Information","Microsoft-Windows-Ntfs","Summary of disk space usage, since last event:

           Available space was between 92.02 GB and 92.06 GB
           Change in available space: 42.64 MB
           
           Available clusters were between: 24121543 and 24132457
           Reserved clusters were between: 768894 and 777550
           Txf abort reserved clusters were between: 1024 and 1024
           
           Elapsed seconds: 4214
           
           Pagefile size: 22.27 GB
           Volume size: 235.88 GB
           Bytes per cluster: 4096
           
           Volume guid: {c5c572ba-c5d0-47f6-864e-13eb05e6d46c}
           Volume name: C:
           Is boot volume: true
           
           Cached runs miss counts:
               For MFT: 0
               For MFT zone: 0
               Everything else: 0
"
"20-07-2026 17:59:08","142","Information","Microsoft-Windows-Ntfs","Summary of disk space usage, since last event:

           Available space was between 91.75 GB and 92.11 GB
           Change in available space: 366.61 MB
           
           Available clusters were between: 24050857 and 24144709
           Reserved clusters were between: 768718 and 777422
           Txf abort reserved clusters were between: 1024 and 1024
           
           Elapsed seconds: 3603
           
           Pagefile size: 22.27 GB
           Volume size: 235.88 GB
           Bytes per cluster: 4096
           
           Volume guid: {c5c572ba-c5d0-47f6-864e-13eb05e6d46c}
           Volume name: C:
           Is boot volume: true
           
           Cached runs miss counts:
               For MFT: 0
               For MFT zone: 0
               Everything else: 0
"
"20-07-2026 16:59:04","142","Information","Microsoft-Windows-Ntfs","Summary of disk space usage, since last event:

           Available space was between 91.46 GB and 91.86 GB
           Change in available space: 411.22 MB
           
           Available clusters were between: 23973809 and 24079079
           Reserved clusters were between: 768926 and 769166
           Txf abort reserved clusters were between: 1024 and 1024
           
           Elapsed seconds: 3601
           
           Pagefile size: 22.27 GB
           Volume size: 235.88 GB
           Bytes per cluster: 4096
           
           Volume guid: {c5c572ba-c5d0-47f6-864e-13eb05e6d46c}
           Volume name: C:
           Is boot volume: true
           
           Cached runs miss counts:
               For MFT: 0
               For MFT zone: 0
               Everything else: 0
"
"20-07-2026 15:59:02","142","Information","Microsoft-Windows-Ntfs","Summary of disk space usage, since last event:

           Available space was between 91.81 GB and 92.16 GB
           Change in available space: 356.18 MB
           
           Available clusters were between: 24065618 and 24156798
           Reserved clusters were between: 768926 and 777374
           Txf abort reserved clusters were between: 1024 and 1024
           
           Elapsed seconds: 3600
           
           Pagefile size: 22.27 GB
           Volume size: 235.88 GB
           Bytes per cluster: 4096
           
           Volume guid: {c5c572ba-c5d0-47f6-864e-13eb05e6d46c}
           Volume name: C:
           Is boot volume: true
           
           Cached runs miss counts:
               For MFT: 0
               For MFT zone: 0
               Everything else: 0
"
"20-07-2026 14:59:01","142","Information","Microsoft-Windows-Ntfs","Summary of disk space usage, since last event:

           Available space was between 91.47 GB and 92.93 GB
           Change in available space: 1.46 GB
           
           Available clusters were between: 23977722 and 24358620
           Reserved clusters were between: 769582 and 777998
           Txf abort reserved clusters were between: 1024 and 1024
           
           Elapsed seconds: 3600
           
           Pagefile size: 22.27 GB
           Volume size: 235.88 GB
           Bytes per cluster: 4096
           
           Volume guid: {c5c572ba-c5d0-47f6-864e-13eb05e6d46c}
           Volume name: C:
           Is boot volume: true
           
           Cached runs miss counts:
               For MFT: 0
               For MFT zone: 0
               Everything else: 0
"
"20-07-2026 13:59:01","142","Information","Microsoft-Windows-Ntfs","Summary of disk space usage, since last event:

           Available space was between 87.64 GB and 92.65 GB
           Change in available space: 5.02 GB
           
           Available clusters were between: 22972500 and 24287407
           Reserved clusters were between: 768286 and 777486
           Txf abort reserved clusters were between: 1024 and 1024
           
           Elapsed seconds: 3604
           
           Pagefile size: 22.27 GB
           Volume size: 235.88 GB
           Bytes per cluster: 4096
           
           Volume guid: {c5c572ba-c5d0-47f6-864e-13eb05e6d46c}
           Volume name: C:
           Is boot volume: true
           
           Cached runs miss counts:
               For MFT: 0
               For MFT zone: 0
               Everything else: 0
"
"20-07-2026 12:58:56","142","Information","Microsoft-Windows-Ntfs","Summary of disk space usage, since last event:

           Available space was between 91.31 GB and 91.79 GB
           Change in available space: 498.29 MB
           
           Available clusters were between: 23933874 and 24061436
           Reserved clusters were between: 768766 and 777790
           Txf abort reserved clusters were between: 1024 and 1024
           
           Elapsed seconds: 3600
           
           Pagefile size: 22.27 GB
           Volume size: 235.88 GB
           Bytes per cluster: 4096
           
           Volume guid: {c5c572ba-c5d0-47f6-864e-13eb05e6d46c}
           Volume name: C:
           Is boot volume: true
           
           Cached runs miss counts:
               For MFT: 0
               For MFT zone: 0
               Everything else: 0
"
"20-07-2026 11:58:55","142","Information","Microsoft-Windows-Ntfs","Summary of disk space usage, since last event:

           Available space was between 90.60 GB and 92.04 GB
           Change in available space: 1.45 GB
           
           Available clusters were between: 23749143 and 24127595
           Reserved clusters were between: 768302 and 777246
           Txf abort reserved clusters were between: 1024 and 1024
           
           Elapsed seconds: 3600
           
           Pagefile size: 22.27 GB
           Volume size: 235.88 GB
           Bytes per cluster: 4096
           
           Volume guid: {c5c572ba-c5d0-47f6-864e-13eb05e6d46c}
           Volume name: C:
           Is boot volume: true
           
           Cached runs miss counts:
               For MFT: 0
               For MFT zone: 0
               Everything else: 0
"
