"TimeCreated","Id","LevelDisplayName","ProviderName","Message"
"19-08-2026 13:26:28","3","Information","Microsoft-Windows-Security-Mitigations","Process '\Device\HarddiskVolume3\Windows\System32\svchost.exe' (PID 1580) would have been blocked from creating a child process 'C:\Windows\system32\PrintIsolationHost.exe' with command line 'C:\Windows\system32\PrintIsolationHost.exe -Embedding'."
"19-08-2026 13:25:45","10","Warning","Microsoft-Windows-Security-Mitigations","Process '\Device\HarddiskVolume3\Program Files\Microsoft VS Code\Code.exe' (PID 29464) was blocked from making system calls to Win32k.sys."
"19-08-2026 13:25:06","10","Warning","Microsoft-Windows-Security-Mitigations","Process '\Device\HarddiskVolume3\Program Files\Microsoft VS Code\Code.exe' (PID 31468) was blocked from making system calls to Win32k.sys."
"19-08-2026 12:24:23","2","Warning","Microsoft-Windows-Security-Mitigations","Process '\Device\HarddiskVolume3\Users\arjo5004\AppData\Local\AnthropicClaude\app-1.32885.1\claude.exe' (PID 17888) was blocked from generating dynamic code."
"19-08-2026 12:24:18","10","Warning","Microsoft-Windows-Security-Mitigations","Process '\Device\HarddiskVolume3\Users\arjo5004\AppData\Local\AnthropicClaude\app-1.32885.1\claude.exe' (PID 27860) was blocked from making system calls to Win32k.sys."
"19-08-2026 12:24:18","10","Warning","Microsoft-Windows-Security-Mitigations","Process '\Device\HarddiskVolume3\Users\arjo5004\AppData\Local\AnthropicClaude\app-1.32885.1\claude.exe' (PID 14080) was blocked from making system calls to Win32k.sys."
"19-08-2026 12:24:18","10","Warning","Microsoft-Windows-Security-Mitigations","Process '\Device\HarddiskVolume3\Users\arjo5004\AppData\Local\AnthropicClaude\app-1.32885.1\claude.exe' (PID 28896) was blocked from making system calls to Win32k.sys."
"19-08-2026 11:38:31","2","Warning","Microsoft-Windows-Security-Mitigations","Process '\Device\HarddiskVolume3\Users\arjo5004\AppData\Local\AnthropicClaude\app-1.32352.0\claude.exe' (PID 28700) was blocked from generating dynamic code."
"19-08-2026 11:38:27","10","Warning","Microsoft-Windows-Security-Mitigations","Process '\Device\HarddiskVolume3\Users\arjo5004\AppData\Local\AnthropicClaude\app-1.32352.0\claude.exe' (PID 22324) was blocked from making system calls to Win32k.sys."
"19-08-2026 11:38:27","10","Warning","Microsoft-Windows-Security-Mitigations","Process '\Device\HarddiskVolume3\Users\arjo5004\AppData\Local\AnthropicClaude\app-1.32352.0\claude.exe' (PID 17736) was blocked from making system calls to Win32k.sys."
"19-08-2026 11:38:27","10","Warning","Microsoft-Windows-Security-Mitigations","Process '\Device\HarddiskVolume3\Users\arjo5004\AppData\Local\AnthropicClaude\app-1.32352.0\claude.exe' (PID 3184) was blocked from making system calls to Win32k.sys."
"19-08-2026 10:43:15","12","Warning","Microsoft-Windows-Security-Mitigations","Process '\Device\HarddiskVolume3\Windows\System32\WindowsPowerShell\v1.0\powershell.exe' (PID 9452) was blocked from loading the non-Microsoft-signed binary '\Windows\assembly\NativeImages_v4.0.30319_64\Microsoft.P521220ea#\a5ddd6dfee83f2c4e8c91e8c834167fd\Microsoft.PowerShell.Commands.Utility.ni.dll'."
"19-08-2026 10:43:15","12","Warning","Microsoft-Windows-Security-Mitigations","Process '\Device\HarddiskVolume3\Windows\System32\WindowsPowerShell\v1.0\powershell.exe' (PID 9452) was blocked from loading the non-Microsoft-signed binary '\Windows\assembly\NativeImages_v4.0.30319_64\Microsoft.P521220ea#\a5ddd6dfee83f2c4e8c91e8c834167fd\Microsoft.PowerShell.Commands.Utility.ni.dll'."
"19-08-2026 10:43:14","12","Warning","Microsoft-Windows-Security-Mitigations","Process '\Device\HarddiskVolume3\Windows\System32\WindowsPowerShell\v1.0\powershell.exe' (PID 9452) was blocked from loading the non-Microsoft-signed binary '\Windows\assembly\NativeImages_v4.0.30319_64\Microsoft.P6f792626#\7d1442fe17a8ec815ff802cb529fa077\Microsoft.PowerShell.Security.ni.dll'."
"19-08-2026 10:43:14","12","Warning","Microsoft-Windows-Security-Mitigations","Process '\Device\HarddiskVolume3\Windows\System32\WindowsPowerShell\v1.0\powershell.exe' (PID 9452) was blocked from loading the non-Microsoft-signed binary '\Windows\assembly\NativeImages_v4.0.30319_64\Microsoft.P6f792626#\7d1442fe17a8ec815ff802cb529fa077\Microsoft.PowerShell.Security.ni.dll'."
"19-08-2026 10:43:14","12","Warning","Microsoft-Windows-Security-Mitigations","Process '\Device\HarddiskVolume3\Windows\System32\WindowsPowerShell\v1.0\powershell.exe' (PID 9452) was blocked from loading the non-Microsoft-signed binary '\Windows\assembly\NativeImages_v4.0.30319_64\Microsoft.Mf49f6405#\879fe7a95ac82350cf7d69ed10bcd514\Microsoft.Management.Infrastructure.ni.dll'."
"19-08-2026 10:43:14","12","Warning","Microsoft-Windows-Security-Mitigations","Process '\Device\HarddiskVolume3\Windows\System32\WindowsPowerShell\v1.0\powershell.exe' (PID 9452) was blocked from loading the non-Microsoft-signed binary '\Windows\assembly\NativeImages_v4.0.30319_64\Microsoft.Mf49f6405#\879fe7a95ac82350cf7d69ed10bcd514\Microsoft.Management.Infrastructure.ni.dll'."
"19-08-2026 10:43:14","12","Warning","Microsoft-Windows-Security-Mitigations","Process '\Device\HarddiskVolume3\Windows\System32\WindowsPowerShell\v1.0\powershell.exe' (PID 9452) was blocked from loading the non-Microsoft-signed binary '\Windows\assembly\NativeImages_v4.0.30319_64\System.Manaa57fc8cc#\a5fbc67f840dc17844d30601c58944c1\System.Management.Automation.ni.dll'."
"19-08-2026 10:43:14","12","Warning","Microsoft-Windows-Security-Mitigations","Process '\Device\HarddiskVolume3\Windows\System32\WindowsPowerShell\v1.0\powershell.exe' (PID 9452) was blocked from loading the non-Microsoft-signed binary '\Windows\assembly\NativeImages_v4.0.30319_64\System.Manaa57fc8cc#\a5fbc67f840dc17844d30601c58944c1\System.Management.Automation.ni.dll'."
"19-08-2026 10:43:14","12","Warning","Microsoft-Windows-Security-Mitigations","Process '\Device\HarddiskVolume3\Windows\System32\WindowsPowerShell\v1.0\powershell.exe' (PID 9452) was blocked from loading the non-Microsoft-signed binary '\Windows\assembly\NativeImages_v4.0.30319_64\Microsoft.Pb378ec07#\a634c388894d593ba25e970da1ed05d0\Microsoft.PowerShell.ConsoleHost.ni.dll'."
"19-08-2026 10:43:14","12","Warning","Microsoft-Windows-Security-Mitigations","Process '\Device\HarddiskVolume3\Windows\System32\WindowsPowerShell\v1.0\powershell.exe' (PID 9452) was blocked from loading the non-Microsoft-signed binary '\Windows\assembly\NativeImages_v4.0.30319_64\Microsoft.Pb378ec07#\a634c388894d593ba25e970da1ed05d0\Microsoft.PowerShell.ConsoleHost.ni.dll'."
"19-08-2026 10:43:06","12","Warning","Microsoft-Windows-Security-Mitigations","Process '\Device\HarddiskVolume3\Windows\System32\WindowsPowerShell\v1.0\powershell.exe' (PID 30888) was blocked from loading the non-Microsoft-signed binary '\Windows\assembly\NativeImages_v4.0.30319_64\Microsoft.Pae3498d9#\b8c448b81f01b8bbe3e787705dbd6da1\Microsoft.PowerShell.Commands.Management.ni.dll'."
"19-08-2026 10:43:06","12","Warning","Microsoft-Windows-Security-Mitigations","Process '\Device\HarddiskVolume3\Windows\System32\WindowsPowerShell\v1.0\powershell.exe' (PID 30888) was blocked from loading the non-Microsoft-signed binary '\Windows\assembly\NativeImages_v4.0.30319_64\Microsoft.Pae3498d9#\b8c448b81f01b8bbe3e787705dbd6da1\Microsoft.PowerShell.Commands.Management.ni.dll'."
"19-08-2026 10:43:06","12","Warning","Microsoft-Windows-Security-Mitigations","Process '\Device\HarddiskVolume3\Windows\System32\WindowsPowerShell\v1.0\powershell.exe' (PID 30888) was blocked from loading the non-Microsoft-signed binary '\Windows\assembly\NativeImages_v4.0.30319_64\Microsoft.P521220ea#\a5ddd6dfee83f2c4e8c91e8c834167fd\Microsoft.PowerShell.Commands.Utility.ni.dll'."
"19-08-2026 10:43:06","12","Warning","Microsoft-Windows-Security-Mitigations","Process '\Device\HarddiskVolume3\Windows\System32\WindowsPowerShell\v1.0\powershell.exe' (PID 30888) was blocked from loading the non-Microsoft-signed binary '\Windows\assembly\NativeImages_v4.0.30319_64\Microsoft.P521220ea#\a5ddd6dfee83f2c4e8c91e8c834167fd\Microsoft.PowerShell.Commands.Utility.ni.dll'."
"19-08-2026 10:43:06","12","Warning","Microsoft-Windows-Security-Mitigations","Process '\Device\HarddiskVolume3\Windows\System32\WindowsPowerShell\v1.0\powershell.exe' (PID 15748) was blocked from loading the non-Microsoft-signed binary '\Windows\assembly\NativeImages_v4.0.30319_64\Microsoft.Pae3498d9#\b8c448b81f01b8bbe3e787705dbd6da1\Microsoft.PowerShell.Commands.Management.ni.dll'."
"19-08-2026 10:43:06","12","Warning","Microsoft-Windows-Security-Mitigations","Process '\Device\HarddiskVolume3\Windows\System32\WindowsPowerShell\v1.0\powershell.exe' (PID 15748) was blocked from loading the non-Microsoft-signed binary '\Windows\assembly\NativeImages_v4.0.30319_64\Microsoft.Pae3498d9#\b8c448b81f01b8bbe3e787705dbd6da1\Microsoft.PowerShell.Commands.Management.ni.dll'."
"19-08-2026 10:43:06","12","Warning","Microsoft-Windows-Security-Mitigations","Process '\Device\HarddiskVolume3\Windows\System32\WindowsPowerShell\v1.0\powershell.exe' (PID 11312) was blocked from loading the non-Microsoft-signed binary '\Windows\assembly\NativeImages_v4.0.30319_64\Microsoft.P521220ea#\a5ddd6dfee83f2c4e8c91e8c834167fd\Microsoft.PowerShell.Commands.Utility.ni.dll'."
"19-08-2026 10:43:06","12","Warning","Microsoft-Windows-Security-Mitigations","Process '\Device\HarddiskVolume3\Windows\System32\WindowsPowerShell\v1.0\powershell.exe' (PID 15748) was blocked from loading the non-Microsoft-signed binary '\Windows\assembly\NativeImages_v4.0.30319_64\Microsoft.P521220ea#\a5ddd6dfee83f2c4e8c91e8c834167fd\Microsoft.PowerShell.Commands.Utility.ni.dll'."
"19-08-2026 10:43:06","12","Warning","Microsoft-Windows-Security-Mitigations","Process '\Device\HarddiskVolume3\Windows\System32\WindowsPowerShell\v1.0\powershell.exe' (PID 11312) was blocked from loading the non-Microsoft-signed binary '\Windows\assembly\NativeImages_v4.0.30319_64\Microsoft.P521220ea#\a5ddd6dfee83f2c4e8c91e8c834167fd\Microsoft.PowerShell.Commands.Utility.ni.dll'."
"19-08-2026 10:43:05","12","Warning","Microsoft-Windows-Security-Mitigations","Process '\Device\HarddiskVolume3\Windows\System32\WindowsPowerShell\v1.0\powershell.exe' (PID 15748) was blocked from loading the non-Microsoft-signed binary '\Windows\assembly\NativeImages_v4.0.30319_64\Microsoft.P521220ea#\a5ddd6dfee83f2c4e8c91e8c834167fd\Microsoft.PowerShell.Commands.Utility.ni.dll'."
"19-08-2026 10:43:05","12","Warning","Microsoft-Windows-Security-Mitigations","Process '\Device\HarddiskVolume3\Windows\System32\WindowsPowerShell\v1.0\powershell.exe' (PID 17700) was blocked from loading the non-Microsoft-signed binary '\Windows\assembly\NativeImages_v4.0.30319_64\Microsoft.M870d558a#\10fb644438a906598b58fc68951668ca\Microsoft.Management.Infrastructure.Native.ni.dll'."
"19-08-2026 10:43:05","12","Warning","Microsoft-Windows-Security-Mitigations","Process '\Device\HarddiskVolume3\Windows\System32\WindowsPowerShell\v1.0\powershell.exe' (PID 17700) was blocked from loading the non-Microsoft-signed binary '\Windows\assembly\NativeImages_v4.0.30319_64\Microsoft.M870d558a#\10fb644438a906598b58fc68951668ca\Microsoft.Management.Infrastructure.Native.ni.dll'."
"19-08-2026 10:43:05","12","Warning","Microsoft-Windows-Security-Mitigations","Process '\Device\HarddiskVolume3\Windows\System32\WindowsPowerShell\v1.0\powershell.exe' (PID 17700) was blocked from loading the non-Microsoft-signed binary '\Windows\assembly\NativeImages_v4.0.30319_64\Microsoft.Mf5ac9168#\c21b48b0894ae7555e335d26cc5dd2b6\Microsoft.Management.Infrastructure.CimCmdlets.ni.dll'."
"19-08-2026 10:43:05","12","Warning","Microsoft-Windows-Security-Mitigations","Process '\Device\HarddiskVolume3\Windows\System32\WindowsPowerShell\v1.0\powershell.exe' (PID 17700) was blocked from loading the non-Microsoft-signed binary '\Windows\assembly\NativeImages_v4.0.30319_64\Microsoft.Mf5ac9168#\c21b48b0894ae7555e335d26cc5dd2b6\Microsoft.Management.Infrastructure.CimCmdlets.ni.dll'."
"19-08-2026 10:43:05","12","Warning","Microsoft-Windows-Security-Mitigations","Process '\Device\HarddiskVolume3\Windows\System32\WindowsPowerShell\v1.0\powershell.exe' (PID 30888) was blocked from loading the non-Microsoft-signed binary '\Windows\assembly\NativeImages_v4.0.30319_64\Microsoft.P6f792626#\7d1442fe17a8ec815ff802cb529fa077\Microsoft.PowerShell.Security.ni.dll'."
"19-08-2026 10:43:05","12","Warning","Microsoft-Windows-Security-Mitigations","Process '\Device\HarddiskVolume3\Windows\System32\WindowsPowerShell\v1.0\powershell.exe' (PID 30888) was blocked from loading the non-Microsoft-signed binary '\Windows\assembly\NativeImages_v4.0.30319_64\Microsoft.P6f792626#\7d1442fe17a8ec815ff802cb529fa077\Microsoft.PowerShell.Security.ni.dll'."
"19-08-2026 10:43:05","12","Warning","Microsoft-Windows-Security-Mitigations","Process '\Device\HarddiskVolume3\Windows\System32\WindowsPowerShell\v1.0\powershell.exe' (PID 15748) was blocked from loading the non-Microsoft-signed binary '\Windows\assembly\NativeImages_v4.0.30319_64\Microsoft.P6f792626#\7d1442fe17a8ec815ff802cb529fa077\Microsoft.PowerShell.Security.ni.dll'."
"19-08-2026 10:43:05","12","Warning","Microsoft-Windows-Security-Mitigations","Process '\Device\HarddiskVolume3\Windows\System32\WindowsPowerShell\v1.0\powershell.exe' (PID 11312) was blocked from loading the non-Microsoft-signed binary '\Windows\assembly\NativeImages_v4.0.30319_64\Microsoft.P6f792626#\7d1442fe17a8ec815ff802cb529fa077\Microsoft.PowerShell.Security.ni.dll'."
"19-08-2026 10:43:05","12","Warning","Microsoft-Windows-Security-Mitigations","Process '\Device\HarddiskVolume3\Windows\System32\WindowsPowerShell\v1.0\powershell.exe' (PID 15748) was blocked from loading the non-Microsoft-signed binary '\Windows\assembly\NativeImages_v4.0.30319_64\Microsoft.P6f792626#\7d1442fe17a8ec815ff802cb529fa077\Microsoft.PowerShell.Security.ni.dll'."
"19-08-2026 10:43:05","12","Warning","Microsoft-Windows-Security-Mitigations","Process '\Device\HarddiskVolume3\Windows\System32\WindowsPowerShell\v1.0\powershell.exe' (PID 11312) was blocked from loading the non-Microsoft-signed binary '\Windows\assembly\NativeImages_v4.0.30319_64\Microsoft.P6f792626#\7d1442fe17a8ec815ff802cb529fa077\Microsoft.PowerShell.Security.ni.dll'."
"19-08-2026 10:43:05","12","Warning","Microsoft-Windows-Security-Mitigations","Process '\Device\HarddiskVolume3\Windows\System32\WindowsPowerShell\v1.0\powershell.exe' (PID 17700) was blocked from loading the non-Microsoft-signed binary '\Windows\assembly\NativeImages_v4.0.30319_64\Microsoft.Pae3498d9#\b8c448b81f01b8bbe3e787705dbd6da1\Microsoft.PowerShell.Commands.Management.ni.dll'."
"19-08-2026 10:43:04","12","Warning","Microsoft-Windows-Security-Mitigations","Process '\Device\HarddiskVolume3\Windows\System32\WindowsPowerShell\v1.0\powershell.exe' (PID 30888) was blocked from loading the non-Microsoft-signed binary '\Windows\assembly\NativeImages_v4.0.30319_64\Microsoft.Mf49f6405#\879fe7a95ac82350cf7d69ed10bcd514\Microsoft.Management.Infrastructure.ni.dll'."
"19-08-2026 10:43:04","12","Warning","Microsoft-Windows-Security-Mitigations","Process '\Device\HarddiskVolume3\Windows\System32\WindowsPowerShell\v1.0\powershell.exe' (PID 30888) was blocked from loading the non-Microsoft-signed binary '\Windows\assembly\NativeImages_v4.0.30319_64\Microsoft.Mf49f6405#\879fe7a95ac82350cf7d69ed10bcd514\Microsoft.Management.Infrastructure.ni.dll'."
"19-08-2026 10:43:04","12","Warning","Microsoft-Windows-Security-Mitigations","Process '\Device\HarddiskVolume3\Windows\System32\WindowsPowerShell\v1.0\powershell.exe' (PID 15748) was blocked from loading the non-Microsoft-signed binary '\Windows\assembly\NativeImages_v4.0.30319_64\Microsoft.Mf49f6405#\879fe7a95ac82350cf7d69ed10bcd514\Microsoft.Management.Infrastructure.ni.dll'."
"19-08-2026 10:43:04","12","Warning","Microsoft-Windows-Security-Mitigations","Process '\Device\HarddiskVolume3\Windows\System32\WindowsPowerShell\v1.0\powershell.exe' (PID 15748) was blocked from loading the non-Microsoft-signed binary '\Windows\assembly\NativeImages_v4.0.30319_64\Microsoft.Mf49f6405#\879fe7a95ac82350cf7d69ed10bcd514\Microsoft.Management.Infrastructure.ni.dll'."
"19-08-2026 10:43:04","12","Warning","Microsoft-Windows-Security-Mitigations","Process '\Device\HarddiskVolume3\Windows\System32\WindowsPowerShell\v1.0\powershell.exe' (PID 30888) was blocked from loading the non-Microsoft-signed binary '\Windows\assembly\NativeImages_v4.0.30319_64\System.Manaa57fc8cc#\a5fbc67f840dc17844d30601c58944c1\System.Management.Automation.ni.dll'."
"19-08-2026 10:43:04","12","Warning","Microsoft-Windows-Security-Mitigations","Process '\Device\HarddiskVolume3\Windows\System32\WindowsPowerShell\v1.0\powershell.exe' (PID 11312) was blocked from loading the non-Microsoft-signed binary '\Windows\assembly\NativeImages_v4.0.30319_64\Microsoft.Mf49f6405#\879fe7a95ac82350cf7d69ed10bcd514\Microsoft.Management.Infrastructure.ni.dll'."
"19-08-2026 10:43:04","12","Warning","Microsoft-Windows-Security-Mitigations","Process '\Device\HarddiskVolume3\Windows\System32\WindowsPowerShell\v1.0\powershell.exe' (PID 11312) was blocked from loading the non-Microsoft-signed binary '\Windows\assembly\NativeImages_v4.0.30319_64\Microsoft.Mf49f6405#\879fe7a95ac82350cf7d69ed10bcd514\Microsoft.Management.Infrastructure.ni.dll'."
"19-08-2026 10:43:04","12","Warning","Microsoft-Windows-Security-Mitigations","Process '\Device\HarddiskVolume3\Windows\System32\WindowsPowerShell\v1.0\powershell.exe' (PID 15748) was blocked from loading the non-Microsoft-signed binary '\Windows\assembly\NativeImages_v4.0.30319_64\System.Manaa57fc8cc#\a5fbc67f840dc17844d30601c58944c1\System.Management.Automation.ni.dll'."
"19-08-2026 10:43:04","12","Warning","Microsoft-Windows-Security-Mitigations","Process '\Device\HarddiskVolume3\Windows\System32\WindowsPowerShell\v1.0\powershell.exe' (PID 11312) was blocked from loading the non-Microsoft-signed binary '\Windows\assembly\NativeImages_v4.0.30319_64\System.Manaa57fc8cc#\a5fbc67f840dc17844d30601c58944c1\System.Management.Automation.ni.dll'."
"19-08-2026 10:43:04","12","Warning","Microsoft-Windows-Security-Mitigations","Process '\Device\HarddiskVolume3\Windows\System32\WindowsPowerShell\v1.0\powershell.exe' (PID 30888) was blocked from loading the non-Microsoft-signed binary '\Windows\assembly\NativeImages_v4.0.30319_64\System.Manaa57fc8cc#\a5fbc67f840dc17844d30601c58944c1\System.Management.Automation.ni.dll'."
"19-08-2026 10:43:04","12","Warning","Microsoft-Windows-Security-Mitigations","Process '\Device\HarddiskVolume3\Windows\System32\WindowsPowerShell\v1.0\powershell.exe' (PID 11312) was blocked from loading the non-Microsoft-signed binary '\Windows\assembly\NativeImages_v4.0.30319_64\System.Manaa57fc8cc#\a5fbc67f840dc17844d30601c58944c1\System.Management.Automation.ni.dll'."
"19-08-2026 10:43:04","12","Warning","Microsoft-Windows-Security-Mitigations","Process '\Device\HarddiskVolume3\Windows\System32\WindowsPowerShell\v1.0\powershell.exe' (PID 15748) was blocked from loading the non-Microsoft-signed binary '\Windows\assembly\NativeImages_v4.0.30319_64\System.Manaa57fc8cc#\a5fbc67f840dc17844d30601c58944c1\System.Management.Automation.ni.dll'."
"19-08-2026 10:43:04","12","Warning","Microsoft-Windows-Security-Mitigations","Process '\Device\HarddiskVolume3\Windows\System32\WindowsPowerShell\v1.0\powershell.exe' (PID 17700) was blocked from loading the non-Microsoft-signed binary '\Windows\assembly\NativeImages_v4.0.30319_64\Microsoft.Pae3498d9#\b8c448b81f01b8bbe3e787705dbd6da1\Microsoft.PowerShell.Commands.Management.ni.dll'."
"19-08-2026 10:43:04","12","Warning","Microsoft-Windows-Security-Mitigations","Process '\Device\HarddiskVolume3\Windows\System32\WindowsPowerShell\v1.0\powershell.exe' (PID 30888) was blocked from loading the non-Microsoft-signed binary '\Windows\assembly\NativeImages_v4.0.30319_64\Microsoft.Pb378ec07#\a634c388894d593ba25e970da1ed05d0\Microsoft.PowerShell.ConsoleHost.ni.dll'."
"19-08-2026 10:43:04","12","Warning","Microsoft-Windows-Security-Mitigations","Process '\Device\HarddiskVolume3\Windows\System32\WindowsPowerShell\v1.0\powershell.exe' (PID 30888) was blocked from loading the non-Microsoft-signed binary '\Windows\assembly\NativeImages_v4.0.30319_64\Microsoft.Pb378ec07#\a634c388894d593ba25e970da1ed05d0\Microsoft.PowerShell.ConsoleHost.ni.dll'."
"19-08-2026 10:43:04","12","Warning","Microsoft-Windows-Security-Mitigations","Process '\Device\HarddiskVolume3\Windows\System32\WindowsPowerShell\v1.0\powershell.exe' (PID 15748) was blocked from loading the non-Microsoft-signed binary '\Windows\assembly\NativeImages_v4.0.30319_64\Microsoft.Pb378ec07#\a634c388894d593ba25e970da1ed05d0\Microsoft.PowerShell.ConsoleHost.ni.dll'."
"19-08-2026 10:43:04","12","Warning","Microsoft-Windows-Security-Mitigations","Process '\Device\HarddiskVolume3\Windows\System32\WindowsPowerShell\v1.0\powershell.exe' (PID 11312) was blocked from loading the non-Microsoft-signed binary '\Windows\assembly\NativeImages_v4.0.30319_64\Microsoft.Pb378ec07#\a634c388894d593ba25e970da1ed05d0\Microsoft.PowerShell.ConsoleHost.ni.dll'."
"19-08-2026 10:43:04","12","Warning","Microsoft-Windows-Security-Mitigations","Process '\Device\HarddiskVolume3\Windows\System32\WindowsPowerShell\v1.0\powershell.exe' (PID 15748) was blocked from loading the non-Microsoft-signed binary '\Windows\assembly\NativeImages_v4.0.30319_64\Microsoft.Pb378ec07#\a634c388894d593ba25e970da1ed05d0\Microsoft.PowerShell.ConsoleHost.ni.dll'."
"19-08-2026 10:43:04","12","Warning","Microsoft-Windows-Security-Mitigations","Process '\Device\HarddiskVolume3\Windows\System32\WindowsPowerShell\v1.0\powershell.exe' (PID 11312) was blocked from loading the non-Microsoft-signed binary '\Windows\assembly\NativeImages_v4.0.30319_64\Microsoft.Pb378ec07#\a634c388894d593ba25e970da1ed05d0\Microsoft.PowerShell.ConsoleHost.ni.dll'."
"19-08-2026 10:43:02","12","Warning","Microsoft-Windows-Security-Mitigations","Process '\Device\HarddiskVolume3\Windows\System32\WindowsPowerShell\v1.0\powershell.exe' (PID 17700) was blocked from loading the non-Microsoft-signed binary '\Windows\assembly\NativeImages_v4.0.30319_64\Microsoft.P521220ea#\a5ddd6dfee83f2c4e8c91e8c834167fd\Microsoft.PowerShell.Commands.Utility.ni.dll'."
"19-08-2026 10:43:02","12","Warning","Microsoft-Windows-Security-Mitigations","Process '\Device\HarddiskVolume3\Windows\System32\WindowsPowerShell\v1.0\powershell.exe' (PID 17700) was blocked from loading the non-Microsoft-signed binary '\Windows\assembly\NativeImages_v4.0.30319_64\Microsoft.P521220ea#\a5ddd6dfee83f2c4e8c91e8c834167fd\Microsoft.PowerShell.Commands.Utility.ni.dll'."
"19-08-2026 10:42:58","12","Warning","Microsoft-Windows-Security-Mitigations","Process '\Device\HarddiskVolume3\Windows\System32\WindowsPowerShell\v1.0\powershell.exe' (PID 31272) was blocked from loading the non-Microsoft-signed binary '\Windows\assembly\NativeImages_v4.0.30319_64\Microsoft.C26a36d2b#\db7209e8fcf29996dcdd81e4c38b46be\Microsoft.CertificateServices.PKIClient.Cmdlets.ni.dll'."
"19-08-2026 10:42:58","12","Warning","Microsoft-Windows-Security-Mitigations","Process '\Device\HarddiskVolume3\Windows\System32\WindowsPowerShell\v1.0\powershell.exe' (PID 31272) was blocked from loading the non-Microsoft-signed binary '\Windows\assembly\NativeImages_v4.0.30319_64\Microsoft.C26a36d2b#\db7209e8fcf29996dcdd81e4c38b46be\Microsoft.CertificateServices.PKIClient.Cmdlets.ni.dll'."
"19-08-2026 10:42:56","12","Warning","Microsoft-Windows-Security-Mitigations","Process '\Device\HarddiskVolume3\Windows\System32\WindowsPowerShell\v1.0\powershell.exe' (PID 21308) was blocked from loading the non-Microsoft-signed binary '\Windows\assembly\NativeImages_v4.0.30319_64\Microsoft.Pae3498d9#\b8c448b81f01b8bbe3e787705dbd6da1\Microsoft.PowerShell.Commands.Management.ni.dll'."
"19-08-2026 10:42:56","12","Warning","Microsoft-Windows-Security-Mitigations","Process '\Device\HarddiskVolume3\Windows\System32\WindowsPowerShell\v1.0\powershell.exe' (PID 21308) was blocked from loading the non-Microsoft-signed binary '\Windows\assembly\NativeImages_v4.0.30319_64\Microsoft.Pae3498d9#\b8c448b81f01b8bbe3e787705dbd6da1\Microsoft.PowerShell.Commands.Management.ni.dll'."
"19-08-2026 10:42:56","12","Warning","Microsoft-Windows-Security-Mitigations","Process '\Device\HarddiskVolume3\Windows\System32\WindowsPowerShell\v1.0\powershell.exe' (PID 31272) was blocked from loading the non-Microsoft-signed binary '\Windows\assembly\NativeImages_v4.0.30319_64\Microsoft.Pae3498d9#\b8c448b81f01b8bbe3e787705dbd6da1\Microsoft.PowerShell.Commands.Management.ni.dll'."
"19-08-2026 10:42:56","12","Warning","Microsoft-Windows-Security-Mitigations","Process '\Device\HarddiskVolume3\Windows\System32\WindowsPowerShell\v1.0\powershell.exe' (PID 31272) was blocked from loading the non-Microsoft-signed binary '\Windows\assembly\NativeImages_v4.0.30319_64\Microsoft.Pae3498d9#\b8c448b81f01b8bbe3e787705dbd6da1\Microsoft.PowerShell.Commands.Management.ni.dll'."
"19-08-2026 10:42:55","12","Warning","Microsoft-Windows-Security-Mitigations","Process '\Device\HarddiskVolume3\Windows\System32\WindowsPowerShell\v1.0\powershell.exe' (PID 21308) was blocked from loading the non-Microsoft-signed binary '\Windows\assembly\NativeImages_v4.0.30319_64\Microsoft.P521220ea#\a5ddd6dfee83f2c4e8c91e8c834167fd\Microsoft.PowerShell.Commands.Utility.ni.dll'."
"19-08-2026 10:42:55","12","Warning","Microsoft-Windows-Security-Mitigations","Process '\Device\HarddiskVolume3\Windows\System32\WindowsPowerShell\v1.0\powershell.exe' (PID 31272) was blocked from loading the non-Microsoft-signed binary '\Windows\assembly\NativeImages_v4.0.30319_64\Microsoft.P521220ea#\a5ddd6dfee83f2c4e8c91e8c834167fd\Microsoft.PowerShell.Commands.Utility.ni.dll'."
"19-08-2026 10:42:55","12","Warning","Microsoft-Windows-Security-Mitigations","Process '\Device\HarddiskVolume3\Windows\System32\WindowsPowerShell\v1.0\powershell.exe' (PID 21308) was blocked from loading the non-Microsoft-signed binary '\Windows\assembly\NativeImages_v4.0.30319_64\Microsoft.P521220ea#\a5ddd6dfee83f2c4e8c91e8c834167fd\Microsoft.PowerShell.Commands.Utility.ni.dll'."
"19-08-2026 10:42:55","12","Warning","Microsoft-Windows-Security-Mitigations","Process '\Device\HarddiskVolume3\Windows\System32\WindowsPowerShell\v1.0\powershell.exe' (PID 31272) was blocked from loading the non-Microsoft-signed binary '\Windows\assembly\NativeImages_v4.0.30319_64\Microsoft.P521220ea#\a5ddd6dfee83f2c4e8c91e8c834167fd\Microsoft.PowerShell.Commands.Utility.ni.dll'."
"19-08-2026 10:42:55","12","Warning","Microsoft-Windows-Security-Mitigations","Process '\Device\HarddiskVolume3\Windows\System32\WindowsPowerShell\v1.0\powershell.exe' (PID 17700) was blocked from loading the non-Microsoft-signed binary '\Windows\assembly\NativeImages_v4.0.30319_64\Microsoft.P6f792626#\7d1442fe17a8ec815ff802cb529fa077\Microsoft.PowerShell.Security.ni.dll'."
"19-08-2026 10:42:55","12","Warning","Microsoft-Windows-Security-Mitigations","Process '\Device\HarddiskVolume3\Windows\System32\WindowsPowerShell\v1.0\powershell.exe' (PID 17700) was blocked from loading the non-Microsoft-signed binary '\Windows\assembly\NativeImages_v4.0.30319_64\Microsoft.P6f792626#\7d1442fe17a8ec815ff802cb529fa077\Microsoft.PowerShell.Security.ni.dll'."
"19-08-2026 10:42:54","12","Warning","Microsoft-Windows-Security-Mitigations","Process '\Device\HarddiskVolume3\Windows\System32\WindowsPowerShell\v1.0\powershell.exe' (PID 31272) was blocked from loading the non-Microsoft-signed binary '\Windows\assembly\NativeImages_v4.0.30319_64\Microsoft.P6f792626#\7d1442fe17a8ec815ff802cb529fa077\Microsoft.PowerShell.Security.ni.dll'."
"19-08-2026 10:42:54","12","Warning","Microsoft-Windows-Security-Mitigations","Process '\Device\HarddiskVolume3\Windows\System32\WindowsPowerShell\v1.0\powershell.exe' (PID 21308) was blocked from loading the non-Microsoft-signed binary '\Windows\assembly\NativeImages_v4.0.30319_64\Microsoft.P6f792626#\7d1442fe17a8ec815ff802cb529fa077\Microsoft.PowerShell.Security.ni.dll'."
"19-08-2026 10:42:54","12","Warning","Microsoft-Windows-Security-Mitigations","Process '\Device\HarddiskVolume3\Windows\System32\WindowsPowerShell\v1.0\powershell.exe' (PID 31272) was blocked from loading the non-Microsoft-signed binary '\Windows\assembly\NativeImages_v4.0.30319_64\Microsoft.P6f792626#\7d1442fe17a8ec815ff802cb529fa077\Microsoft.PowerShell.Security.ni.dll'."
"19-08-2026 10:42:54","12","Warning","Microsoft-Windows-Security-Mitigations","Process '\Device\HarddiskVolume3\Windows\System32\WindowsPowerShell\v1.0\powershell.exe' (PID 21308) was blocked from loading the non-Microsoft-signed binary '\Windows\assembly\NativeImages_v4.0.30319_64\Microsoft.P6f792626#\7d1442fe17a8ec815ff802cb529fa077\Microsoft.PowerShell.Security.ni.dll'."
"19-08-2026 10:42:54","12","Warning","Microsoft-Windows-Security-Mitigations","Process '\Device\HarddiskVolume3\Windows\System32\WindowsPowerShell\v1.0\powershell.exe' (PID 17700) was blocked from loading the non-Microsoft-signed binary '\Windows\assembly\NativeImages_v4.0.30319_64\Microsoft.Mf49f6405#\879fe7a95ac82350cf7d69ed10bcd514\Microsoft.Management.Infrastructure.ni.dll'."
"19-08-2026 10:42:54","12","Warning","Microsoft-Windows-Security-Mitigations","Process '\Device\HarddiskVolume3\Windows\System32\WindowsPowerShell\v1.0\powershell.exe' (PID 17700) was blocked from loading the non-Microsoft-signed binary '\Windows\assembly\NativeImages_v4.0.30319_64\Microsoft.Mf49f6405#\879fe7a95ac82350cf7d69ed10bcd514\Microsoft.Management.Infrastructure.ni.dll'."
"19-08-2026 10:42:54","12","Warning","Microsoft-Windows-Security-Mitigations","Process '\Device\HarddiskVolume3\Windows\System32\WindowsPowerShell\v1.0\powershell.exe' (PID 17700) was blocked from loading the non-Microsoft-signed binary '\Windows\assembly\NativeImages_v4.0.30319_64\System.Manaa57fc8cc#\a5fbc67f840dc17844d30601c58944c1\System.Management.Automation.ni.dll'."
"19-08-2026 10:42:54","12","Warning","Microsoft-Windows-Security-Mitigations","Process '\Device\HarddiskVolume3\Windows\System32\WindowsPowerShell\v1.0\powershell.exe' (PID 31272) was blocked from loading the non-Microsoft-signed binary '\Windows\assembly\NativeImages_v4.0.30319_64\Microsoft.Mf49f6405#\879fe7a95ac82350cf7d69ed10bcd514\Microsoft.Management.Infrastructure.ni.dll'."
"19-08-2026 10:42:54","12","Warning","Microsoft-Windows-Security-Mitigations","Process '\Device\HarddiskVolume3\Windows\System32\WindowsPowerShell\v1.0\powershell.exe' (PID 21308) was blocked from loading the non-Microsoft-signed binary '\Windows\assembly\NativeImages_v4.0.30319_64\Microsoft.Mf49f6405#\879fe7a95ac82350cf7d69ed10bcd514\Microsoft.Management.Infrastructure.ni.dll'."
"19-08-2026 10:42:54","12","Warning","Microsoft-Windows-Security-Mitigations","Process '\Device\HarddiskVolume3\Windows\System32\WindowsPowerShell\v1.0\powershell.exe' (PID 21308) was blocked from loading the non-Microsoft-signed binary '\Windows\assembly\NativeImages_v4.0.30319_64\Microsoft.Mf49f6405#\879fe7a95ac82350cf7d69ed10bcd514\Microsoft.Management.Infrastructure.ni.dll'."
"19-08-2026 10:42:54","12","Warning","Microsoft-Windows-Security-Mitigations","Process '\Device\HarddiskVolume3\Windows\System32\WindowsPowerShell\v1.0\powershell.exe' (PID 31272) was blocked from loading the non-Microsoft-signed binary '\Windows\assembly\NativeImages_v4.0.30319_64\Microsoft.Mf49f6405#\879fe7a95ac82350cf7d69ed10bcd514\Microsoft.Management.Infrastructure.ni.dll'."
"19-08-2026 10:42:54","12","Warning","Microsoft-Windows-Security-Mitigations","Process '\Device\HarddiskVolume3\Windows\System32\WindowsPowerShell\v1.0\powershell.exe' (PID 21308) was blocked from loading the non-Microsoft-signed binary '\Windows\assembly\NativeImages_v4.0.30319_64\System.Manaa57fc8cc#\a5fbc67f840dc17844d30601c58944c1\System.Management.Automation.ni.dll'."
"19-08-2026 10:42:54","12","Warning","Microsoft-Windows-Security-Mitigations","Process '\Device\HarddiskVolume3\Windows\System32\WindowsPowerShell\v1.0\powershell.exe' (PID 31272) was blocked from loading the non-Microsoft-signed binary '\Windows\assembly\NativeImages_v4.0.30319_64\System.Manaa57fc8cc#\a5fbc67f840dc17844d30601c58944c1\System.Management.Automation.ni.dll'."
"19-08-2026 10:42:54","12","Warning","Microsoft-Windows-Security-Mitigations","Process '\Device\HarddiskVolume3\Windows\System32\WindowsPowerShell\v1.0\powershell.exe' (PID 21308) was blocked from loading the non-Microsoft-signed binary '\Windows\assembly\NativeImages_v4.0.30319_64\System.Manaa57fc8cc#\a5fbc67f840dc17844d30601c58944c1\System.Management.Automation.ni.dll'."
"19-08-2026 10:42:54","12","Warning","Microsoft-Windows-Security-Mitigations","Process '\Device\HarddiskVolume3\Windows\System32\WindowsPowerShell\v1.0\powershell.exe' (PID 31272) was blocked from loading the non-Microsoft-signed binary '\Windows\assembly\NativeImages_v4.0.30319_64\System.Manaa57fc8cc#\a5fbc67f840dc17844d30601c58944c1\System.Management.Automation.ni.dll'."
"19-08-2026 10:42:54","12","Warning","Microsoft-Windows-Security-Mitigations","Process '\Device\HarddiskVolume3\Windows\System32\WindowsPowerShell\v1.0\powershell.exe' (PID 17700) was blocked from loading the non-Microsoft-signed binary '\Windows\assembly\NativeImages_v4.0.30319_64\System.Manaa57fc8cc#\a5fbc67f840dc17844d30601c58944c1\System.Management.Automation.ni.dll'."
"19-08-2026 10:42:54","12","Warning","Microsoft-Windows-Security-Mitigations","Process '\Device\HarddiskVolume3\Windows\System32\WindowsPowerShell\v1.0\powershell.exe' (PID 31272) was blocked from loading the non-Microsoft-signed binary '\Windows\assembly\NativeImages_v4.0.30319_64\Microsoft.Pb378ec07#\a634c388894d593ba25e970da1ed05d0\Microsoft.PowerShell.ConsoleHost.ni.dll'."
"19-08-2026 10:42:54","12","Warning","Microsoft-Windows-Security-Mitigations","Process '\Device\HarddiskVolume3\Windows\System32\WindowsPowerShell\v1.0\powershell.exe' (PID 21308) was blocked from loading the non-Microsoft-signed binary '\Windows\assembly\NativeImages_v4.0.30319_64\Microsoft.Pb378ec07#\a634c388894d593ba25e970da1ed05d0\Microsoft.PowerShell.ConsoleHost.ni.dll'."
"19-08-2026 10:42:54","12","Warning","Microsoft-Windows-Security-Mitigations","Process '\Device\HarddiskVolume3\Windows\System32\WindowsPowerShell\v1.0\powershell.exe' (PID 31272) was blocked from loading the non-Microsoft-signed binary '\Windows\assembly\NativeImages_v4.0.30319_64\Microsoft.Pb378ec07#\a634c388894d593ba25e970da1ed05d0\Microsoft.PowerShell.ConsoleHost.ni.dll'."
"19-08-2026 10:42:54","12","Warning","Microsoft-Windows-Security-Mitigations","Process '\Device\HarddiskVolume3\Windows\System32\WindowsPowerShell\v1.0\powershell.exe' (PID 21308) was blocked from loading the non-Microsoft-signed binary '\Windows\assembly\NativeImages_v4.0.30319_64\Microsoft.Pb378ec07#\a634c388894d593ba25e970da1ed05d0\Microsoft.PowerShell.ConsoleHost.ni.dll'."
"19-08-2026 10:42:54","12","Warning","Microsoft-Windows-Security-Mitigations","Process '\Device\HarddiskVolume3\Windows\System32\WindowsPowerShell\v1.0\powershell.exe' (PID 17700) was blocked from loading the non-Microsoft-signed binary '\Windows\assembly\NativeImages_v4.0.30319_64\Microsoft.Pb378ec07#\a634c388894d593ba25e970da1ed05d0\Microsoft.PowerShell.ConsoleHost.ni.dll'."
"19-08-2026 10:42:54","12","Warning","Microsoft-Windows-Security-Mitigations","Process '\Device\HarddiskVolume3\Windows\System32\WindowsPowerShell\v1.0\powershell.exe' (PID 17700) was blocked from loading the non-Microsoft-signed binary '\Windows\assembly\NativeImages_v4.0.30319_64\Microsoft.Pb378ec07#\a634c388894d593ba25e970da1ed05d0\Microsoft.PowerShell.ConsoleHost.ni.dll'."
"19-08-2026 10:42:52","12","Warning","Microsoft-Windows-Security-Mitigations","Process '\Device\HarddiskVolume3\Windows\System32\WindowsPowerShell\v1.0\powershell.exe' (PID 5244) was blocked from loading the non-Microsoft-signed binary '\Windows\assembly\NativeImages_v4.0.30319_64\Microsoft.W193497eb#\9a5f99cd4cc1ee70cad9dd170bdf36bc\Microsoft.WSMan.Runtime.ni.dll'."
"19-08-2026 10:42:52","12","Warning","Microsoft-Windows-Security-Mitigations","Process '\Device\HarddiskVolume3\Windows\System32\WindowsPowerShell\v1.0\powershell.exe' (PID 5244) was blocked from loading the non-Microsoft-signed binary '\Windows\assembly\NativeImages_v4.0.30319_64\Microsoft.W193497eb#\9a5f99cd4cc1ee70cad9dd170bdf36bc\Microsoft.WSMan.Runtime.ni.dll'."
"19-08-2026 10:42:52","12","Warning","Microsoft-Windows-Security-Mitigations","Process '\Device\HarddiskVolume3\Windows\System32\WindowsPowerShell\v1.0\powershell.exe' (PID 5244) was blocked from loading the non-Microsoft-signed binary '\Windows\assembly\NativeImages_v4.0.30319_64\Microsoft.We0722664#\83f5c1904d7880bf973f2f07afd3d7ec\Microsoft.WSMan.Management.ni.dll'."
"19-08-2026 10:42:52","12","Warning","Microsoft-Windows-Security-Mitigations","Process '\Device\HarddiskVolume3\Windows\System32\WindowsPowerShell\v1.0\powershell.exe' (PID 5244) was blocked from loading the non-Microsoft-signed binary '\Windows\assembly\NativeImages_v4.0.30319_64\Microsoft.We0722664#\83f5c1904d7880bf973f2f07afd3d7ec\Microsoft.WSMan.Management.ni.dll'."
"19-08-2026 10:42:48","12","Warning","Microsoft-Windows-Security-Mitigations","Process '\Device\HarddiskVolume3\Windows\System32\WindowsPowerShell\v1.0\powershell.exe' (PID 26964) was blocked from loading the non-Microsoft-signed binary '\Windows\assembly\NativeImages_v4.0.30319_64\Microsoft.M870d558a#\10fb644438a906598b58fc68951668ca\Microsoft.Management.Infrastructure.Native.ni.dll'."
"19-08-2026 10:42:48","12","Warning","Microsoft-Windows-Security-Mitigations","Process '\Device\HarddiskVolume3\Windows\System32\WindowsPowerShell\v1.0\powershell.exe' (PID 26964) was blocked from loading the non-Microsoft-signed binary '\Windows\assembly\NativeImages_v4.0.30319_64\Microsoft.M870d558a#\10fb644438a906598b58fc68951668ca\Microsoft.Management.Infrastructure.Native.ni.dll'."
"19-08-2026 10:42:47","12","Warning","Microsoft-Windows-Security-Mitigations","Process '\Device\HarddiskVolume3\Windows\System32\WindowsPowerShell\v1.0\powershell.exe' (PID 26964) was blocked from loading the non-Microsoft-signed binary '\Windows\assembly\NativeImages_v4.0.30319_64\Microsoft.Mf5ac9168#\c21b48b0894ae7555e335d26cc5dd2b6\Microsoft.Management.Infrastructure.CimCmdlets.ni.dll'."
"19-08-2026 10:42:47","12","Warning","Microsoft-Windows-Security-Mitigations","Process '\Device\HarddiskVolume3\Windows\System32\WindowsPowerShell\v1.0\powershell.exe' (PID 26964) was blocked from loading the non-Microsoft-signed binary '\Windows\assembly\NativeImages_v4.0.30319_64\Microsoft.Mf5ac9168#\c21b48b0894ae7555e335d26cc5dd2b6\Microsoft.Management.Infrastructure.CimCmdlets.ni.dll'."
"19-08-2026 10:42:47","12","Warning","Microsoft-Windows-Security-Mitigations","Process '\Device\HarddiskVolume3\Windows\System32\WindowsPowerShell\v1.0\powershell.exe' (PID 26964) was blocked from loading the non-Microsoft-signed binary '\Windows\assembly\NativeImages_v4.0.30319_64\Microsoft.S1bc92e04#\10e9797a90ae38b7b8101017ceb2df57\Microsoft.SecureBoot.Commands.ni.dll'."
"19-08-2026 10:42:47","12","Warning","Microsoft-Windows-Security-Mitigations","Process '\Device\HarddiskVolume3\Windows\System32\WindowsPowerShell\v1.0\powershell.exe' (PID 26964) was blocked from loading the non-Microsoft-signed binary '\Windows\assembly\NativeImages_v4.0.30319_64\Microsoft.S1bc92e04#\10e9797a90ae38b7b8101017ceb2df57\Microsoft.SecureBoot.Commands.ni.dll'."
"19-08-2026 10:42:47","12","Warning","Microsoft-Windows-Security-Mitigations","Process '\Device\HarddiskVolume3\Windows\System32\WindowsPowerShell\v1.0\powershell.exe' (PID 5244) was blocked from loading the non-Microsoft-signed binary '\Windows\assembly\NativeImages_v4.0.30319_64\Microsoft.M870d558a#\10fb644438a906598b58fc68951668ca\Microsoft.Management.Infrastructure.Native.ni.dll'."
"19-08-2026 10:42:47","12","Warning","Microsoft-Windows-Security-Mitigations","Process '\Device\HarddiskVolume3\Windows\System32\WindowsPowerShell\v1.0\powershell.exe' (PID 5244) was blocked from loading the non-Microsoft-signed binary '\Windows\assembly\NativeImages_v4.0.30319_64\Microsoft.M870d558a#\10fb644438a906598b58fc68951668ca\Microsoft.Management.Infrastructure.Native.ni.dll'."
"19-08-2026 10:42:46","12","Warning","Microsoft-Windows-Security-Mitigations","Process '\Device\HarddiskVolume3\Windows\System32\WindowsPowerShell\v1.0\powershell.exe' (PID 26964) was blocked from loading the non-Microsoft-signed binary '\Windows\assembly\NativeImages_v4.0.30319_64\Microsoft.W193497eb#\9a5f99cd4cc1ee70cad9dd170bdf36bc\Microsoft.WSMan.Runtime.ni.dll'."
"19-08-2026 10:42:46","12","Warning","Microsoft-Windows-Security-Mitigations","Process '\Device\HarddiskVolume3\Windows\System32\WindowsPowerShell\v1.0\powershell.exe' (PID 26964) was blocked from loading the non-Microsoft-signed binary '\Windows\assembly\NativeImages_v4.0.30319_64\Microsoft.W193497eb#\9a5f99cd4cc1ee70cad9dd170bdf36bc\Microsoft.WSMan.Runtime.ni.dll'."
"19-08-2026 10:42:46","12","Warning","Microsoft-Windows-Security-Mitigations","Process '\Device\HarddiskVolume3\Windows\System32\WindowsPowerShell\v1.0\powershell.exe' (PID 26964) was blocked from loading the non-Microsoft-signed binary '\Windows\assembly\NativeImages_v4.0.30319_64\Microsoft.We0722664#\83f5c1904d7880bf973f2f07afd3d7ec\Microsoft.WSMan.Management.ni.dll'."
"19-08-2026 10:42:46","12","Warning","Microsoft-Windows-Security-Mitigations","Process '\Device\HarddiskVolume3\Windows\System32\WindowsPowerShell\v1.0\powershell.exe' (PID 26964) was blocked from loading the non-Microsoft-signed binary '\Windows\assembly\NativeImages_v4.0.30319_64\Microsoft.We0722664#\83f5c1904d7880bf973f2f07afd3d7ec\Microsoft.WSMan.Management.ni.dll'."
"19-08-2026 10:42:46","12","Warning","Microsoft-Windows-Security-Mitigations","Process '\Device\HarddiskVolume3\Windows\System32\WindowsPowerShell\v1.0\powershell.exe' (PID 5244) was blocked from loading the non-Microsoft-signed binary '\Windows\assembly\NativeImages_v4.0.30319_64\Microsoft.Pae3498d9#\b8c448b81f01b8bbe3e787705dbd6da1\Microsoft.PowerShell.Commands.Management.ni.dll'."
"19-08-2026 10:42:46","12","Warning","Microsoft-Windows-Security-Mitigations","Process '\Device\HarddiskVolume3\Windows\System32\WindowsPowerShell\v1.0\powershell.exe' (PID 5244) was blocked from loading the non-Microsoft-signed binary '\Windows\assembly\NativeImages_v4.0.30319_64\Microsoft.Pae3498d9#\b8c448b81f01b8bbe3e787705dbd6da1\Microsoft.PowerShell.Commands.Management.ni.dll'."
"19-08-2026 10:42:46","12","Warning","Microsoft-Windows-Security-Mitigations","Process '\Device\HarddiskVolume3\Windows\System32\WindowsPowerShell\v1.0\powershell.exe' (PID 1044) was blocked from loading the non-Microsoft-signed binary '\Windows\assembly\NativeImages_v4.0.30319_64\Microsoft.M870d558a#\10fb644438a906598b58fc68951668ca\Microsoft.Management.Infrastructure.Native.ni.dll'."
"19-08-2026 10:42:46","12","Warning","Microsoft-Windows-Security-Mitigations","Process '\Device\HarddiskVolume3\Windows\System32\WindowsPowerShell\v1.0\powershell.exe' (PID 1044) was blocked from loading the non-Microsoft-signed binary '\Windows\assembly\NativeImages_v4.0.30319_64\Microsoft.M870d558a#\10fb644438a906598b58fc68951668ca\Microsoft.Management.Infrastructure.Native.ni.dll'."
"19-08-2026 10:42:46","12","Warning","Microsoft-Windows-Security-Mitigations","Process '\Device\HarddiskVolume3\Windows\System32\WindowsPowerShell\v1.0\powershell.exe' (PID 1044) was blocked from loading the non-Microsoft-signed binary '\Windows\assembly\NativeImages_v4.0.30319_64\Microsoft.Pae3498d9#\b8c448b81f01b8bbe3e787705dbd6da1\Microsoft.PowerShell.Commands.Management.ni.dll'."
"19-08-2026 10:42:46","12","Warning","Microsoft-Windows-Security-Mitigations","Process '\Device\HarddiskVolume3\Windows\System32\WindowsPowerShell\v1.0\powershell.exe' (PID 1044) was blocked from loading the non-Microsoft-signed binary '\Windows\assembly\NativeImages_v4.0.30319_64\Microsoft.Pae3498d9#\b8c448b81f01b8bbe3e787705dbd6da1\Microsoft.PowerShell.Commands.Management.ni.dll'."
"19-08-2026 10:42:46","12","Warning","Microsoft-Windows-Security-Mitigations","Process '\Device\HarddiskVolume3\Windows\System32\WindowsPowerShell\v1.0\powershell.exe' (PID 5244) was blocked from loading the non-Microsoft-signed binary '\Windows\assembly\NativeImages_v4.0.30319_64\Microsoft.P521220ea#\a5ddd6dfee83f2c4e8c91e8c834167fd\Microsoft.PowerShell.Commands.Utility.ni.dll'."
"19-08-2026 10:42:46","12","Warning","Microsoft-Windows-Security-Mitigations","Process '\Device\HarddiskVolume3\Windows\System32\WindowsPowerShell\v1.0\powershell.exe' (PID 26964) was blocked from loading the non-Microsoft-signed binary '\Windows\assembly\NativeImages_v4.0.30319_64\Microsoft.Pae3498d9#\b8c448b81f01b8bbe3e787705dbd6da1\Microsoft.PowerShell.Commands.Management.ni.dll'."
"19-08-2026 10:42:46","12","Warning","Microsoft-Windows-Security-Mitigations","Process '\Device\HarddiskVolume3\Windows\System32\WindowsPowerShell\v1.0\powershell.exe' (PID 26964) was blocked from loading the non-Microsoft-signed binary '\Windows\assembly\NativeImages_v4.0.30319_64\Microsoft.Pae3498d9#\b8c448b81f01b8bbe3e787705dbd6da1\Microsoft.PowerShell.Commands.Management.ni.dll'."
"19-08-2026 10:42:46","12","Warning","Microsoft-Windows-Security-Mitigations","Process '\Device\HarddiskVolume3\Windows\System32\WindowsPowerShell\v1.0\powershell.exe' (PID 5244) was blocked from loading the non-Microsoft-signed binary '\Windows\assembly\NativeImages_v4.0.30319_64\Microsoft.P521220ea#\a5ddd6dfee83f2c4e8c91e8c834167fd\Microsoft.PowerShell.Commands.Utility.ni.dll'."
"19-08-2026 10:42:46","12","Warning","Microsoft-Windows-Security-Mitigations","Process '\Device\HarddiskVolume3\Windows\System32\WindowsPowerShell\v1.0\powershell.exe' (PID 1044) was blocked from loading the non-Microsoft-signed binary '\Windows\assembly\NativeImages_v4.0.30319_64\Microsoft.Mf5ac9168#\c21b48b0894ae7555e335d26cc5dd2b6\Microsoft.Management.Infrastructure.CimCmdlets.ni.dll'."
"19-08-2026 10:42:46","12","Warning","Microsoft-Windows-Security-Mitigations","Process '\Device\HarddiskVolume3\Windows\System32\WindowsPowerShell\v1.0\powershell.exe' (PID 1044) was blocked from loading the non-Microsoft-signed binary '\Windows\assembly\NativeImages_v4.0.30319_64\Microsoft.Mf5ac9168#\c21b48b0894ae7555e335d26cc5dd2b6\Microsoft.Management.Infrastructure.CimCmdlets.ni.dll'."
"19-08-2026 10:42:46","12","Warning","Microsoft-Windows-Security-Mitigations","Process '\Device\HarddiskVolume3\Windows\System32\WindowsPowerShell\v1.0\powershell.exe' (PID 26964) was blocked from loading the non-Microsoft-signed binary '\Windows\assembly\NativeImages_v4.0.30319_64\Microsoft.P521220ea#\a5ddd6dfee83f2c4e8c91e8c834167fd\Microsoft.PowerShell.Commands.Utility.ni.dll'."
"19-08-2026 10:42:46","12","Warning","Microsoft-Windows-Security-Mitigations","Process '\Device\HarddiskVolume3\Windows\System32\WindowsPowerShell\v1.0\powershell.exe' (PID 1044) was blocked from loading the non-Microsoft-signed binary '\Windows\assembly\NativeImages_v4.0.30319_64\Microsoft.P521220ea#\a5ddd6dfee83f2c4e8c91e8c834167fd\Microsoft.PowerShell.Commands.Utility.ni.dll'."
"19-08-2026 10:42:46","12","Warning","Microsoft-Windows-Security-Mitigations","Process '\Device\HarddiskVolume3\Windows\System32\WindowsPowerShell\v1.0\powershell.exe' (PID 26964) was blocked from loading the non-Microsoft-signed binary '\Windows\assembly\NativeImages_v4.0.30319_64\Microsoft.P521220ea#\a5ddd6dfee83f2c4e8c91e8c834167fd\Microsoft.PowerShell.Commands.Utility.ni.dll'."
"19-08-2026 10:42:46","12","Warning","Microsoft-Windows-Security-Mitigations","Process '\Device\HarddiskVolume3\Windows\System32\WindowsPowerShell\v1.0\powershell.exe' (PID 1044) was blocked from loading the non-Microsoft-signed binary '\Windows\assembly\NativeImages_v4.0.30319_64\Microsoft.P521220ea#\a5ddd6dfee83f2c4e8c91e8c834167fd\Microsoft.PowerShell.Commands.Utility.ni.dll'."
"19-08-2026 10:42:45","12","Warning","Microsoft-Windows-Security-Mitigations","Process '\Device\HarddiskVolume3\Windows\System32\WindowsPowerShell\v1.0\powershell.exe' (PID 1044) was blocked from loading the non-Microsoft-signed binary '\Windows\assembly\NativeImages_v4.0.30319_64\Microsoft.P6f792626#\7d1442fe17a8ec815ff802cb529fa077\Microsoft.PowerShell.Security.ni.dll'."
"19-08-2026 10:42:45","12","Warning","Microsoft-Windows-Security-Mitigations","Process '\Device\HarddiskVolume3\Windows\System32\WindowsPowerShell\v1.0\powershell.exe' (PID 5244) was blocked from loading the non-Microsoft-signed binary '\Windows\assembly\NativeImages_v4.0.30319_64\Microsoft.P6f792626#\7d1442fe17a8ec815ff802cb529fa077\Microsoft.PowerShell.Security.ni.dll'."
"19-08-2026 10:42:45","12","Warning","Microsoft-Windows-Security-Mitigations","Process '\Device\HarddiskVolume3\Windows\System32\WindowsPowerShell\v1.0\powershell.exe' (PID 1044) was blocked from loading the non-Microsoft-signed binary '\Windows\assembly\NativeImages_v4.0.30319_64\Microsoft.P6f792626#\7d1442fe17a8ec815ff802cb529fa077\Microsoft.PowerShell.Security.ni.dll'."
"19-08-2026 10:42:45","12","Warning","Microsoft-Windows-Security-Mitigations","Process '\Device\HarddiskVolume3\Windows\System32\WindowsPowerShell\v1.0\powershell.exe' (PID 5244) was blocked from loading the non-Microsoft-signed binary '\Windows\assembly\NativeImages_v4.0.30319_64\Microsoft.P6f792626#\7d1442fe17a8ec815ff802cb529fa077\Microsoft.PowerShell.Security.ni.dll'."
"19-08-2026 10:42:45","12","Warning","Microsoft-Windows-Security-Mitigations","Process '\Device\HarddiskVolume3\Windows\System32\WindowsPowerShell\v1.0\powershell.exe' (PID 26964) was blocked from loading the non-Microsoft-signed binary '\Windows\assembly\NativeImages_v4.0.30319_64\Microsoft.P6f792626#\7d1442fe17a8ec815ff802cb529fa077\Microsoft.PowerShell.Security.ni.dll'."
