"18-08-2026 14:31:02","45","Information","Microsoft-Windows-DeviceManagement-Enterprise-Diagnostics-Provider","MDM Push: Successfully renewed WNS Push Channel for MDM Push Sessions."
"18-08-2026 14:03:25","291","Information","Microsoft-Windows-DeviceManagement-Enterprise-Diagnostics-Provider","MDM Session: Process retry session succeeded: Account ID(386F60E8-6817-4304-B348-3E8545F3B70A), Initiation ID(Software\Microsoft\Provisioning\OMADM\Sessions\386F60E8-6817-4304-B348-3E8545F3B70A\{C1840858-FFC5-496C-B60D-009A3B6A1013}), Function(HandleMessage), SubFunction(HandleMessage), HRESULT(The operation completed successfully.)."
"18-08-2026 14:03:24","209","Information","Microsoft-Windows-DeviceManagement-Enterprise-Diagnostics-Provider","MDM Session: OMA-DM session ended with status: (The operation completed successfully.)."
"18-08-2026 14:03:24","202","Information","Microsoft-Windows-DeviceManagement-Enterprise-Diagnostics-Provider","MDM Session: OMA-DM server message received and parsed successfully."
"18-08-2026 14:03:24","200","Information","Microsoft-Windows-DeviceManagement-Enterprise-Diagnostics-Provider","MDM Session: OMA-DM message sent."
"18-08-2026 14:03:23","202","Information","Microsoft-Windows-DeviceManagement-Enterprise-Diagnostics-Provider","MDM Session: OMA-DM server message received and parsed successfully."
"18-08-2026 14:03:23","200","Information","Microsoft-Windows-DeviceManagement-Enterprise-Diagnostics-Provider","MDM Session: OMA-DM message sent."
"18-08-2026 14:03:20","202","Information","Microsoft-Windows-DeviceManagement-Enterprise-Diagnostics-Provider","MDM Session: OMA-DM server message received and parsed successfully."
"18-08-2026 14:03:20","200","Information","Microsoft-Windows-DeviceManagement-Enterprise-Diagnostics-Provider","MDM Session: OMA-DM message sent."
"18-08-2026 14:03:03","202","Information","Microsoft-Windows-DeviceManagement-Enterprise-Diagnostics-Provider","MDM Session: OMA-DM server message received and parsed successfully."
"18-08-2026 14:03:03","200","Information","Microsoft-Windows-DeviceManagement-Enterprise-Diagnostics-Provider","MDM Session: OMA-DM message sent."
"18-08-2026 14:02:58","202","Information","Microsoft-Windows-DeviceManagement-Enterprise-Diagnostics-Provider","MDM Session: OMA-DM server message received and parsed successfully."
"18-08-2026 14:02:57","200","Information","Microsoft-Windows-DeviceManagement-Enterprise-Diagnostics-Provider","MDM Session: OMA-DM message sent."
"18-08-2026 14:02:52","202","Information","Microsoft-Windows-DeviceManagement-Enterprise-Diagnostics-Provider","MDM Session: OMA-DM server message received and parsed successfully."
"18-08-2026 14:02:52","200","Information","Microsoft-Windows-DeviceManagement-Enterprise-Diagnostics-Provider","MDM Session: OMA-DM message sent."
"18-08-2026 14:02:33","202","Information","Microsoft-Windows-DeviceManagement-Enterprise-Diagnostics-Provider","MDM Session: OMA-DM server message received and parsed successfully."
"18-08-2026 14:02:33","200","Information","Microsoft-Windows-DeviceManagement-Enterprise-Diagnostics-Provider","MDM Session: OMA-DM message sent."
"18-08-2026 14:02:30","208","Information","Microsoft-Windows-DeviceManagement-Enterprise-Diagnostics-Provider","MDM Session: OMA-DM session started for EnrollmentID (386F60E8-6817-4304-B348-3E8545F3B70A) with server: (MS DM Server), Server version: (5.1), Client Version: (1.2), PushRouterOrigin: (0x3), UserAgentOrigin: (0x2), Initiator: (0x0), Mode: (0x2), SessionID: (0x14F), Authentication Type: (0x1)."
"18-08-2026 14:02:30","206","Information","Microsoft-Windows-DeviceManagement-Enterprise-Diagnostics-Provider","MDM Session: OMA-DM session Init: UserSID(S-1-12-1-2357405129-1281513531-255772574-1816207334), EnrolledUser(1), UserToken(1), DeviceToken(1), EnrollmentType(6), SyncType(3)."
"18-08-2026 14:02:30","258","Information","Microsoft-Windows-DeviceManagement-Enterprise-Diagnostics-Provider","MDM Session: OMA-DM session Loaded: Initiation ID(Software\Microsoft\Provisioning\OMADM\Sessions\386F60E8-6817-4304-B348-3E8545F3B70A\{C1840858-FFC5-496C-B60D-009A3B6A1013}), Status(The operation completed successfully.), Total Count(1), Orphaned Count(0), Loaded Count(1), Parent Initiation ID(NULL), Completed Count(0)."
"18-08-2026 14:02:30","257","Information","Microsoft-Windows-DeviceManagement-Enterprise-Diagnostics-Provider","MDM Session: OMA-DM session started: Session ID(335), Server ID(386F60E8-6817-4304-B348-3E8545F3B70A), User SID(NULL), Initiation ID(Software\Microsoft\Provisioning\OMADM\Sessions\386F60E8-6817-4304-B348-3E8545F3B70A\{C1840858-FFC5-496C-B60D-009A3B6A1013}), Origin(3)."
"18-08-2026 14:02:30","205","Information","Microsoft-Windows-DeviceManagement-Enterprise-Diagnostics-Provider","MDM Session: OMA-DM client started. CV: (y1uoCnTqAABhyqgKdOrcAQ.0.0.333)."
"18-08-2026 14:02:30","259","Information","Microsoft-Windows-DeviceManagement-Enterprise-Diagnostics-Provider","MDM Session: OMA-DM session Handled: Account ID(386F60E8-6817-4304-B348-3E8545F3B70A), Initiation ID(Software\Microsoft\Provisioning\OMADM\Sessions\386F60E8-6817-4304-B348-3E8545F3B70A\{C1840858-FFC5-496C-B60D-009A3B6A1013}), Session ID(0), Initiator(0), Origin(57)."
"18-08-2026 14:02:30","256","Information","Microsoft-Windows-DeviceManagement-Enterprise-Diagnostics-Provider","OmaDmLogOmaDmApiInitiateSession: Result: (The operation completed successfully.), Account Id: (386F60E8-6817-4304-B348-3E8545F3B70A), Initiation Id: ({C1840858-FFC5-496C-B60D-009A3B6A1013}), Mode: (2), Origin: (57), AutoDelete: (true), Alert Count: (0), First Alert Name: (NULL), User Sid: (NULL), User Only: (false), All Active Users: (false), Process Name: (C:\Windows\system32\deviceenroller.exe), System Or Admin: (true)."
"18-08-2026 13:13:30","287","Information","Microsoft-Windows-DeviceManagement-Enterprise-Diagnostics-Provider","MDM Session: OMA-DM Retry Session Scheduled: Account ID(386F60E8-6817-4304-B348-3E8545F3B70A), Initiation ID(Software\Microsoft\Provisioning\OMADM\Sessions\386F60E8-6817-4304-B348-3E8545F3B70A\{C1840858-FFC5-496C-B60D-009A3B6A1013}), Retry Count(2), status(The operation completed successfully.)."
"18-08-2026 13:13:29","209","Information","Microsoft-Windows-DeviceManagement-Enterprise-Diagnostics-Provider","MDM Session: OMA-DM session ended with status: (Unknown Win32 Error code: 0x82ac000b)."
"18-08-2026 13:13:29","201","Error","Microsoft-Windows-DeviceManagement-Enterprise-Diagnostics-Provider","MDM Session: OMA-DM message failed to be sent. Result: (Unknown Win32 Error code: 0x801901ad)."
"18-08-2026 13:13:27","208","Information","Microsoft-Windows-DeviceManagement-Enterprise-Diagnostics-Provider","MDM Session: OMA-DM session started for EnrollmentID (386F60E8-6817-4304-B348-3E8545F3B70A) with server: (MS DM Server), Server version: (5.1), Client Version: (1.2), PushRouterOrigin: (0x3), UserAgentOrigin: (0x2), Initiator: (0x0), Mode: (0x2), SessionID: (0x14E), Authentication Type: (0x1)."
"18-08-2026 13:13:27","206","Information","Microsoft-Windows-DeviceManagement-Enterprise-Diagnostics-Provider","MDM Session: OMA-DM session Init: UserSID(S-1-12-1-2357405129-1281513531-255772574-1816207334), EnrolledUser(1), UserToken(1), DeviceToken(1), EnrollmentType(6), SyncType(3)."
"18-08-2026 13:13:08","258","Information","Microsoft-Windows-DeviceManagement-Enterprise-Diagnostics-Provider","MDM Session: OMA-DM session Loaded: Initiation ID(Software\Microsoft\Provisioning\OMADM\Sessions\386F60E8-6817-4304-B348-3E8545F3B70A\{C1840858-FFC5-496C-B60D-009A3B6A1013}), Status(The operation completed successfully.), Total Count(1), Orphaned Count(0), Loaded Count(1), Parent Initiation ID(NULL), Completed Count(0)."
"18-08-2026 13:13:08","257","Information","Microsoft-Windows-DeviceManagement-Enterprise-Diagnostics-Provider","MDM Session: OMA-DM session started: Session ID(334), Server ID(386F60E8-6817-4304-B348-3E8545F3B70A), User SID(NULL), Initiation ID(Software\Microsoft\Provisioning\OMADM\Sessions\386F60E8-6817-4304-B348-3E8545F3B70A\{C1840858-FFC5-496C-B60D-009A3B6A1013}), Origin(3)."
"18-08-2026 13:13:08","205","Information","Microsoft-Windows-DeviceManagement-Enterprise-Diagnostics-Provider","MDM Session: OMA-DM client started. CV: (y1uoCnTqAABhyqgKdOrcAQ.0.0.332)."
"18-08-2026 13:13:08","259","Information","Microsoft-Windows-DeviceManagement-Enterprise-Diagnostics-Provider","MDM Session: OMA-DM session Handled: Account ID(386F60E8-6817-4304-B348-3E8545F3B70A), Initiation ID(Software\Microsoft\Provisioning\OMADM\Sessions\386F60E8-6817-4304-B348-3E8545F3B70A\{C1840858-FFC5-496C-B60D-009A3B6A1013}), Session ID(0), Initiator(0), Origin(3)."
"18-08-2026 13:13:07","256","Information","Microsoft-Windows-DeviceManagement-Enterprise-Diagnostics-Provider","OmaDmLogOmaDmApiInitiateSession: Result: (The operation completed successfully.), Account Id: (386F60E8-6817-4304-B348-3E8545F3B70A), Initiation Id: ({C1840858-FFC5-496C-B60D-009A3B6A1013}), Mode: (2), Origin: (3), AutoDelete: (true), Alert Count: (0), First Alert Name: (NULL), User Sid: (NULL), User Only: (false), All Active Users: (false), Process Name: (C:\Windows\system32\deviceenroller.exe), System Or Admin: (true)."
"18-08-2026 11:06:24","209","Information","Microsoft-Windows-DeviceManagement-Enterprise-Diagnostics-Provider","MDM Session: OMA-DM session ended with status: (The operation completed successfully.)."
"18-08-2026 11:06:24","202","Information","Microsoft-Windows-DeviceManagement-Enterprise-Diagnostics-Provider","MDM Session: OMA-DM server message received and parsed successfully."
"18-08-2026 11:06:24","200","Information","Microsoft-Windows-DeviceManagement-Enterprise-Diagnostics-Provider","MDM Session: OMA-DM message sent."
"18-08-2026 11:06:24","202","Information","Microsoft-Windows-DeviceManagement-Enterprise-Diagnostics-Provider","MDM Session: OMA-DM server message received and parsed successfully."
"18-08-2026 11:06:24","200","Information","Microsoft-Windows-DeviceManagement-Enterprise-Diagnostics-Provider","MDM Session: OMA-DM message sent."
"18-08-2026 11:06:22","208","Information","Microsoft-Windows-DeviceManagement-Enterprise-Diagnostics-Provider","MDM Session: OMA-DM session started for EnrollmentID (BE5150A3-9E69-42C0-A229-7ADD75D044D9) with server: (Microsoft Device Management), Server version: (5.1), Client Version: (1.2), PushRouterOrigin: (0x3), UserAgentOrigin: (0x2), Initiator: (0x0), Mode: (0x2), SessionID: (0x192), Authentication Type: (0x1)."
"18-08-2026 11:06:22","206","Information","Microsoft-Windows-DeviceManagement-Enterprise-Diagnostics-Provider","MDM Session: OMA-DM session Init: UserSID(S-1-12-1-2357405129-1281513531-255772574-1816207334), EnrolledUser(1), UserToken(1), DeviceToken(0), EnrollmentType(26), SyncType(3)."
"18-08-2026 11:06:20","258","Information","Microsoft-Windows-DeviceManagement-Enterprise-Diagnostics-Provider","MDM Session: OMA-DM session Loaded: Initiation ID(Software\Microsoft\Provisioning\OMADM\Sessions\BE5150A3-9E69-42C0-A229-7ADD75D044D9\{FEC31A06-FD6C-4CFA-BAE6-37BE33EF656D}), Status(The operation completed successfully.), Total Count(2), Orphaned Count(0), Loaded Count(1), Parent Initiation ID(NULL), Completed Count(0)."
"18-08-2026 11:06:20","257","Information","Microsoft-Windows-DeviceManagement-Enterprise-Diagnostics-Provider","MDM Session: OMA-DM session started: Session ID(402), Server ID(BE5150A3-9E69-42C0-A229-7ADD75D044D9), User SID(NULL), Initiation ID(Software\Microsoft\Provisioning\OMADM\Sessions\BE5150A3-9E69-42C0-A229-7ADD75D044D9\{FEC31A06-FD6C-4CFA-BAE6-37BE33EF656D}), Origin(3)."
"18-08-2026 11:06:20","205","Information","Microsoft-Windows-DeviceManagement-Enterprise-Diagnostics-Provider","MDM Session: OMA-DM client started. CV: (WhvRb3UEMUywTehC.0.0.402)."
"18-08-2026 11:06:20","259","Information","Microsoft-Windows-DeviceManagement-Enterprise-Diagnostics-Provider","MDM Session: OMA-DM session Handled: Account ID(BE5150A3-9E69-42C0-A229-7ADD75D044D9), Initiation ID(Software\Microsoft\Provisioning\OMADM\Sessions\BE5150A3-9E69-42C0-A229-7ADD75D044D9\{FEC31A06-FD6C-4CFA-BAE6-37BE33EF656D}), Session ID(0), Initiator(0), Origin(3)."
"18-08-2026 11:06:20","256","Information","Microsoft-Windows-DeviceManagement-Enterprise-Diagnostics-Provider","OmaDmLogOmaDmApiInitiateSession: Result: (The operation completed successfully.), Account Id: (BE5150A3-9E69-42C0-A229-7ADD75D044D9), Initiation Id: ({FEC31A06-FD6C-4CFA-BAE6-37BE33EF656D}), Mode: (2), Origin: (3), AutoDelete: (true), Alert Count: (0), First Alert Name: (NULL), User Sid: (NULL), User Only: (false), All Active Users: (false), Process Name: (C:\Windows\system32\deviceenroller.exe), System Or Admin: (true)."
"18-08-2026 10:35:33","209","Information","Microsoft-Windows-DeviceManagement-Enterprise-Diagnostics-Provider","MDM Session: OMA-DM session ended with status: (The operation completed successfully.)."
"18-08-2026 10:35:33","202","Information","Microsoft-Windows-DeviceManagement-Enterprise-Diagnostics-Provider","MDM Session: OMA-DM server message received and parsed successfully."
"18-08-2026 10:35:33","200","Information","Microsoft-Windows-DeviceManagement-Enterprise-Diagnostics-Provider","MDM Session: OMA-DM message sent."
"18-08-2026 10:35:32","202","Information","Microsoft-Windows-DeviceManagement-Enterprise-Diagnostics-Provider","MDM Session: OMA-DM server message received and parsed successfully."
"18-08-2026 10:35:32","200","Information","Microsoft-Windows-DeviceManagement-Enterprise-Diagnostics-Provider","MDM Session: OMA-DM message sent."
"18-08-2026 10:35:30","202","Information","Microsoft-Windows-DeviceManagement-Enterprise-Diagnostics-Provider","MDM Session: OMA-DM server message received and parsed successfully."
"18-08-2026 10:35:30","200","Information","Microsoft-Windows-DeviceManagement-Enterprise-Diagnostics-Provider","MDM Session: OMA-DM message sent."
"18-08-2026 10:35:07","202","Information","Microsoft-Windows-DeviceManagement-Enterprise-Diagnostics-Provider","MDM Session: OMA-DM server message received and parsed successfully."
"18-08-2026 10:35:07","200","Information","Microsoft-Windows-DeviceManagement-Enterprise-Diagnostics-Provider","MDM Session: OMA-DM message sent."
"18-08-2026 10:35:02","202","Information","Microsoft-Windows-DeviceManagement-Enterprise-Diagnostics-Provider","MDM Session: OMA-DM server message received and parsed successfully."
"18-08-2026 10:35:02","200","Information","Microsoft-Windows-DeviceManagement-Enterprise-Diagnostics-Provider","MDM Session: OMA-DM message sent."
"18-08-2026 10:34:58","202","Information","Microsoft-Windows-DeviceManagement-Enterprise-Diagnostics-Provider","MDM Session: OMA-DM server message received and parsed successfully."
"18-08-2026 10:34:58","200","Information","Microsoft-Windows-DeviceManagement-Enterprise-Diagnostics-Provider","MDM Session: OMA-DM message sent."
"18-08-2026 10:34:29","202","Information","Microsoft-Windows-DeviceManagement-Enterprise-Diagnostics-Provider","MDM Session: OMA-DM server message received and parsed successfully."
"18-08-2026 10:34:29","200","Information","Microsoft-Windows-DeviceManagement-Enterprise-Diagnostics-Provider","MDM Session: OMA-DM message sent."
"18-08-2026 10:34:27","208","Information","Microsoft-Windows-DeviceManagement-Enterprise-Diagnostics-Provider","MDM Session: OMA-DM session started for EnrollmentID (386F60E8-6817-4304-B348-3E8545F3B70A) with server: (MS DM Server), Server version: (5.1), Client Version: (1.2), PushRouterOrigin: (0x35), UserAgentOrigin: (0x7), Initiator: (0x0), Mode: (0x2), SessionID: (0x14D), Authentication Type: (0x1)."
"18-08-2026 10:34:27","206","Information","Microsoft-Windows-DeviceManagement-Enterprise-Diagnostics-Provider","MDM Session: OMA-DM session Init: UserSID(S-1-12-1-2357405129-1281513531-255772574-1816207334), EnrolledUser(1), UserToken(1), DeviceToken(1), EnrollmentType(6), SyncType(3)."
"18-08-2026 10:34:27","258","Information","Microsoft-Windows-DeviceManagement-Enterprise-Diagnostics-Provider","MDM Session: OMA-DM session Loaded: Initiation ID(Software\Microsoft\Provisioning\OMADM\Sessions\386F60E8-6817-4304-B348-3E8545F3B70A\{AC1CB46B-9FA0-49C6-B1DB-4ACF040A9210}), Status(The operation completed successfully.), Total Count(1), Orphaned Count(0), Loaded Count(1), Parent Initiation ID(NULL), Completed Count(0)."
"18-08-2026 10:34:27","257","Information","Microsoft-Windows-DeviceManagement-Enterprise-Diagnostics-Provider","MDM Session: OMA-DM session started: Session ID(333), Server ID(386F60E8-6817-4304-B348-3E8545F3B70A), User SID(NULL), Initiation ID(Software\Microsoft\Provisioning\OMADM\Sessions\386F60E8-6817-4304-B348-3E8545F3B70A\{AC1CB46B-9FA0-49C6-B1DB-4ACF040A9210}), Origin(53)."
"18-08-2026 10:34:27","205","Information","Microsoft-Windows-DeviceManagement-Enterprise-Diagnostics-Provider","MDM Session: OMA-DM client started. CV: (y1uoCnTqAABhyqgKdOrcAQ.0.0.331)."
"18-08-2026 10:34:27","259","Information","Microsoft-Windows-DeviceManagement-Enterprise-Diagnostics-Provider","MDM Session: OMA-DM session Handled: Account ID(386F60E8-6817-4304-B348-3E8545F3B70A), Initiation ID(Software\Microsoft\Provisioning\OMADM\Sessions\386F60E8-6817-4304-B348-3E8545F3B70A\{AC1CB46B-9FA0-49C6-B1DB-4ACF040A9210}), Session ID(0), Initiator(0), Origin(53)."
"18-08-2026 10:34:27","209","Information","Microsoft-Windows-DeviceManagement-Enterprise-Diagnostics-Provider","MDM Session: OMA-DM session ended with status: (The operation completed successfully.)."
"18-08-2026 10:34:27","202","Information","Microsoft-Windows-DeviceManagement-Enterprise-Diagnostics-Provider","MDM Session: OMA-DM server message received and parsed successfully."
"18-08-2026 10:34:27","200","Information","Microsoft-Windows-DeviceManagement-Enterprise-Diagnostics-Provider","MDM Session: OMA-DM message sent."
"18-08-2026 10:34:26","202","Information","Microsoft-Windows-DeviceManagement-Enterprise-Diagnostics-Provider","MDM Session: OMA-DM server message received and parsed successfully."
"18-08-2026 10:34:26","200","Information","Microsoft-Windows-DeviceManagement-Enterprise-Diagnostics-Provider","MDM Session: OMA-DM message sent."
"18-08-2026 10:34:25","208","Information","Microsoft-Windows-DeviceManagement-Enterprise-Diagnostics-Provider","MDM Session: OMA-DM session started for EnrollmentID (BE5150A3-9E69-42C0-A229-7ADD75D044D9) with server: (Microsoft Device Management), Server version: (5.1), Client Version: (1.2), PushRouterOrigin: (0x2A), UserAgentOrigin: (0x4), Initiator: (0x0), Mode: (0x2), SessionID: (0x191), Authentication Type: (0x1)."
"18-08-2026 10:34:25","206","Information","Microsoft-Windows-DeviceManagement-Enterprise-Diagnostics-Provider","MDM Session: OMA-DM session Init: UserSID(S-1-12-1-2357405129-1281513531-255772574-1816207334), EnrolledUser(1), UserToken(1), DeviceToken(0), EnrollmentType(26), SyncType(3)."
"18-08-2026 10:34:25","258","Information","Microsoft-Windows-DeviceManagement-Enterprise-Diagnostics-Provider","MDM Session: OMA-DM session Loaded: Initiation ID(Software\Microsoft\Provisioning\OMADM\Sessions\BE5150A3-9E69-42C0-A229-7ADD75D044D9\{44B9654F-7FC8-4573-9783-5046960E0536}), Status(The operation completed successfully.), Total Count(2), Orphaned Count(0), Loaded Count(1), Parent Initiation ID(NULL), Completed Count(0)."
"18-08-2026 10:34:25","257","Information","Microsoft-Windows-DeviceManagement-Enterprise-Diagnostics-Provider","MDM Session: OMA-DM session started: Session ID(401), Server ID(BE5150A3-9E69-42C0-A229-7ADD75D044D9), User SID(NULL), Initiation ID(Software\Microsoft\Provisioning\OMADM\Sessions\BE5150A3-9E69-42C0-A229-7ADD75D044D9\{44B9654F-7FC8-4573-9783-5046960E0536}), Origin(42)."
"18-08-2026 10:34:25","205","Information","Microsoft-Windows-DeviceManagement-Enterprise-Diagnostics-Provider","MDM Session: OMA-DM client started. CV: (WhvRb3UEMUywTehC.0.0.401)."
"18-08-2026 10:34:25","259","Information","Microsoft-Windows-DeviceManagement-Enterprise-Diagnostics-Provider","MDM Session: OMA-DM session Handled: Account ID(BE5150A3-9E69-42C0-A229-7ADD75D044D9), Initiation ID(Software\Microsoft\Provisioning\OMADM\Sessions\BE5150A3-9E69-42C0-A229-7ADD75D044D9\{44B9654F-7FC8-4573-9783-5046960E0536}), Session ID(0), Initiator(0), Origin(42)."
"18-08-2026 10:34:24","209","Information","Microsoft-Windows-DeviceManagement-Enterprise-Diagnostics-Provider","MDM Session: OMA-DM session ended with status: (The operation completed successfully.)."
"18-08-2026 10:34:24","202","Information","Microsoft-Windows-DeviceManagement-Enterprise-Diagnostics-Provider","MDM Session: OMA-DM server message received and parsed successfully."
"18-08-2026 10:34:24","200","Information","Microsoft-Windows-DeviceManagement-Enterprise-Diagnostics-Provider","MDM Session: OMA-DM message sent."
"18-08-2026 10:34:22","202","Information","Microsoft-Windows-DeviceManagement-Enterprise-Diagnostics-Provider","MDM Session: OMA-DM server message received and parsed successfully."
"18-08-2026 10:34:22","200","Information","Microsoft-Windows-DeviceManagement-Enterprise-Diagnostics-Provider","MDM Session: OMA-DM message sent."
"18-08-2026 10:34:20","202","Information","Microsoft-Windows-DeviceManagement-Enterprise-Diagnostics-Provider","MDM Session: OMA-DM server message received and parsed successfully."
"18-08-2026 10:34:20","200","Information","Microsoft-Windows-DeviceManagement-Enterprise-Diagnostics-Provider","MDM Session: OMA-DM message sent."
"18-08-2026 10:34:05","256","Information","Microsoft-Windows-DeviceManagement-Enterprise-Diagnostics-Provider","OmaDmLogOmaDmApiInitiateSession: Result: (The operation completed successfully.), Account Id: (386F60E8-6817-4304-B348-3E8545F3B70A), Initiation Id: ({AC1CB46B-9FA0-49C6-B1DB-4ACF040A9210}), Mode: (2), Origin: (53), AutoDelete: (true), Alert Count: (1), First Alert Name: (com.microsoft.mdm.wscstartup), User Sid: (NULL), User Only: (false), All Active Users: (false), Process Name: (C:\Windows\system32\deviceenroller.exe), System Or Admin: (true)."
"18-08-2026 10:33:57","202","Information","Microsoft-Windows-DeviceManagement-Enterprise-Diagnostics-Provider","MDM Session: OMA-DM server message received and parsed successfully."
"18-08-2026 10:33:57","200","Information","Microsoft-Windows-DeviceManagement-Enterprise-Diagnostics-Provider","MDM Session: OMA-DM message sent."
"18-08-2026 10:33:25","202","Information","Microsoft-Windows-DeviceManagement-Enterprise-Diagnostics-Provider","MDM Session: OMA-DM server message received and parsed successfully."
"18-08-2026 10:33:25","200","Information","Microsoft-Windows-DeviceManagement-Enterprise-Diagnostics-Provider","MDM Session: OMA-DM message sent."
"18-08-2026 10:33:18","202","Information","Microsoft-Windows-DeviceManagement-Enterprise-Diagnostics-Provider","MDM Session: OMA-DM server message received and parsed successfully."
"18-08-2026 10:33:18","200","Information","Microsoft-Windows-DeviceManagement-Enterprise-Diagnostics-Provider","MDM Session: OMA-DM message sent."
"18-08-2026 10:32:53","202","Information","Microsoft-Windows-DeviceManagement-Enterprise-Diagnostics-Provider","MDM Session: OMA-DM server message received and parsed successfully."
"18-08-2026 10:32:53","200","Information","Microsoft-Windows-DeviceManagement-Enterprise-Diagnostics-Provider","MDM Session: OMA-DM message sent."
"18-08-2026 10:32:50","208","Information","Microsoft-Windows-DeviceManagement-Enterprise-Diagnostics-Provider","MDM Session: OMA-DM session started for EnrollmentID (386F60E8-6817-4304-B348-3E8545F3B70A) with server: (MS DM Server), Server version: (5.1), Client Version: (1.2), PushRouterOrigin: (0x2A), UserAgentOrigin: (0x4), Initiator: (0x0), Mode: (0x2), SessionID: (0x14C), Authentication Type: (0x1)."
"18-08-2026 10:32:50","206","Information","Microsoft-Windows-DeviceManagement-Enterprise-Diagnostics-Provider","MDM Session: OMA-DM session Init: UserSID(S-1-12-1-2357405129-1281513531-255772574-1816207334), EnrolledUser(1), UserToken(1), DeviceToken(1), EnrollmentType(6), SyncType(3)."
"18-08-2026 10:32:50","258","Information","Microsoft-Windows-DeviceManagement-Enterprise-Diagnostics-Provider","MDM Session: OMA-DM session Loaded: Initiation ID(Software\Microsoft\Provisioning\OMADM\Sessions\386F60E8-6817-4304-B348-3E8545F3B70A\{855FEA19-0B05-43CD-A6AF-1E1F93B7A2E5}), Status(The operation completed successfully.), Total Count(1), Orphaned Count(0), Loaded Count(1), Parent Initiation ID(NULL), Completed Count(0)."
"18-08-2026 10:32:50","257","Information","Microsoft-Windows-DeviceManagement-Enterprise-Diagnostics-Provider","MDM Session: OMA-DM session started: Session ID(332), Server ID(386F60E8-6817-4304-B348-3E8545F3B70A), User SID(NULL), Initiation ID(Software\Microsoft\Provisioning\OMADM\Sessions\386F60E8-6817-4304-B348-3E8545F3B70A\{855FEA19-0B05-43CD-A6AF-1E1F93B7A2E5}), Origin(42)."
"18-08-2026 10:32:50","205","Information","Microsoft-Windows-DeviceManagement-Enterprise-Diagnostics-Provider","MDM Session: OMA-DM client started. CV: (y1uoCnTqAABhyqgKdOrcAQ.0.0.330)."
"18-08-2026 10:32:50","259","Information","Microsoft-Windows-DeviceManagement-Enterprise-Diagnostics-Provider","MDM Session: OMA-DM session Handled: Account ID(386F60E8-6817-4304-B348-3E8545F3B70A), Initiation ID(Software\Microsoft\Provisioning\OMADM\Sessions\386F60E8-6817-4304-B348-3E8545F3B70A\{855FEA19-0B05-43CD-A6AF-1E1F93B7A2E5}), Session ID(0), Initiator(0), Origin(42)."
"18-08-2026 10:32:50","209","Information","Microsoft-Windows-DeviceManagement-Enterprise-Diagnostics-Provider","MDM Session: OMA-DM session ended with status: (The operation completed successfully.)."
"18-08-2026 10:32:50","202","Information","Microsoft-Windows-DeviceManagement-Enterprise-Diagnostics-Provider","MDM Session: OMA-DM server message received and parsed successfully."
"18-08-2026 10:32:50","200","Information","Microsoft-Windows-DeviceManagement-Enterprise-Diagnostics-Provider","MDM Session: OMA-DM message sent."
"18-08-2026 10:32:49","202","Information","Microsoft-Windows-DeviceManagement-Enterprise-Diagnostics-Provider","MDM Session: OMA-DM server message received and parsed successfully."
"18-08-2026 10:32:49","200","Information","Microsoft-Windows-DeviceManagement-Enterprise-Diagnostics-Provider","MDM Session: OMA-DM message sent."
"18-08-2026 10:32:47","208","Information","Microsoft-Windows-DeviceManagement-Enterprise-Diagnostics-Provider","MDM Session: OMA-DM session started for EnrollmentID (BE5150A3-9E69-42C0-A229-7ADD75D044D9) with server: (Microsoft Device Management), Server version: (5.1), Client Version: (1.2), PushRouterOrigin: (0x7), UserAgentOrigin: (0x3), Initiator: (0x0), Mode: (0x2), SessionID: (0x190), Authentication Type: (0x1)."
"18-08-2026 10:32:47","206","Information","Microsoft-Windows-DeviceManagement-Enterprise-Diagnostics-Provider","MDM Session: OMA-DM session Init: UserSID(S-1-12-1-2357405129-1281513531-255772574-1816207334), EnrolledUser(1), UserToken(1), DeviceToken(0), EnrollmentType(26), SyncType(3)."
"18-08-2026 10:32:47","258","Information","Microsoft-Windows-DeviceManagement-Enterprise-Diagnostics-Provider","MDM Session: OMA-DM session Loaded: Initiation ID(Software\Microsoft\Provisioning\OMADM\Sessions\BE5150A3-9E69-42C0-A229-7ADD75D044D9\{DE46C19B-7CA1-47FD-965C-3F575E35C172}), Status(The operation completed successfully.), Total Count(3), Orphaned Count(0), Loaded Count(1), Parent Initiation ID(NULL), Completed Count(0)."
"18-08-2026 10:32:47","257","Information","Microsoft-Windows-DeviceManagement-Enterprise-Diagnostics-Provider","MDM Session: OMA-DM session started: Session ID(400), Server ID(BE5150A3-9E69-42C0-A229-7ADD75D044D9), User SID(NULL), Initiation ID(Software\Microsoft\Provisioning\OMADM\Sessions\BE5150A3-9E69-42C0-A229-7ADD75D044D9\{DE46C19B-7CA1-47FD-965C-3F575E35C172}), Origin(7)."
"18-08-2026 10:32:47","205","Information","Microsoft-Windows-DeviceManagement-Enterprise-Diagnostics-Provider","MDM Session: OMA-DM client started. CV: (WhvRb3UEMUywTehC.0.0.400)."
"18-08-2026 10:32:47","259","Information","Microsoft-Windows-DeviceManagement-Enterprise-Diagnostics-Provider","MDM Session: OMA-DM session Handled: Account ID(BE5150A3-9E69-42C0-A229-7ADD75D044D9), Initiation ID(Software\Microsoft\Provisioning\OMADM\Sessions\BE5150A3-9E69-42C0-A229-7ADD75D044D9\{DE46C19B-7CA1-47FD-965C-3F575E35C172}), Session ID(0), Initiator(0), Origin(7)."
"18-08-2026 10:32:46","209","Information","Microsoft-Windows-DeviceManagement-Enterprise-Diagnostics-Provider","MDM Session: OMA-DM session ended with status: (The operation completed successfully.)."
"18-08-2026 10:32:46","202","Information","Microsoft-Windows-DeviceManagement-Enterprise-Diagnostics-Provider","MDM Session: OMA-DM server message received and parsed successfully."
"18-08-2026 10:32:46","200","Information","Microsoft-Windows-DeviceManagement-Enterprise-Diagnostics-Provider","MDM Session: OMA-DM message sent."
"18-08-2026 10:32:42","202","Information","Microsoft-Windows-DeviceManagement-Enterprise-Diagnostics-Provider","MDM Session: OMA-DM server message received and parsed successfully."
"18-08-2026 10:32:42","200","Information","Microsoft-Windows-DeviceManagement-Enterprise-Diagnostics-Provider","MDM Session: OMA-DM message sent."
"18-08-2026 10:32:39","202","Information","Microsoft-Windows-DeviceManagement-Enterprise-Diagnostics-Provider","MDM Session: OMA-DM server message received and parsed successfully."
"18-08-2026 10:32:39","200","Information","Microsoft-Windows-DeviceManagement-Enterprise-Diagnostics-Provider","MDM Session: OMA-DM message sent."
"18-08-2026 10:31:14","202","Information","Microsoft-Windows-DeviceManagement-Enterprise-Diagnostics-Provider","MDM Session: OMA-DM server message received and parsed successfully."
"18-08-2026 10:31:14","200","Information","Microsoft-Windows-DeviceManagement-Enterprise-Diagnostics-Provider","MDM Session: OMA-DM message sent."
"18-08-2026 10:30:40","201","Error","Microsoft-Windows-DeviceManagement-Enterprise-Diagnostics-Provider","MDM Session: OMA-DM message failed to be sent. Result: (Unknown Win32 Error code: 0x80072ee2)."
"18-08-2026 10:29:39","256","Information","Microsoft-Windows-DeviceManagement-Enterprise-Diagnostics-Provider","OmaDmLogOmaDmApiInitiateSession: Result: (The operation completed successfully.), Account Id: (BE5150A3-9E69-42C0-A229-7ADD75D044D9), Initiation Id: ({44B9654F-7FC8-4573-9783-5046960E0536}), Mode: (2), Origin: (42), AutoDelete: (false), Alert Count: (0), First Alert Name: (NULL), User Sid: (S-1-12-1-2357405129-1281513531-255772574-1816207334), User Only: (true), All Active Users: (false), Process Name: (C:\Windows\system32\svchost.exe), System Or Admin: (true)."
"18-08-2026 10:29:39","256","Information","Microsoft-Windows-DeviceManagement-Enterprise-Diagnostics-Provider","OmaDmLogOmaDmApiInitiateSession: Result: (The operation completed successfully.), Account Id: (386F60E8-6817-4304-B348-3E8545F3B70A), Initiation Id: ({855FEA19-0B05-43CD-A6AF-1E1F93B7A2E5}), Mode: (2), Origin: (42), AutoDelete: (false), Alert Count: (0), First Alert Name: (NULL), User Sid: (S-1-12-1-2357405129-1281513531-255772574-1816207334), User Only: (true), All Active Users: (false), Process Name: (C:\Windows\system32\svchost.exe), System Or Admin: (true)."
"18-08-2026 10:29:35","202","Information","Microsoft-Windows-DeviceManagement-Enterprise-Diagnostics-Provider","MDM Session: OMA-DM server message received and parsed successfully."
"18-08-2026 10:29:35","200","Information","Microsoft-Windows-DeviceManagement-Enterprise-Diagnostics-Provider","MDM Session: OMA-DM message sent."
"18-08-2026 10:29:32","202","Information","Microsoft-Windows-DeviceManagement-Enterprise-Diagnostics-Provider","MDM Session: OMA-DM server message received and parsed successfully."
"18-08-2026 10:29:32","200","Information","Microsoft-Windows-DeviceManagement-Enterprise-Diagnostics-Provider","MDM Session: OMA-DM message sent."
"18-08-2026 10:29:12","202","Information","Microsoft-Windows-DeviceManagement-Enterprise-Diagnostics-Provider","MDM Session: OMA-DM server message received and parsed successfully."
"18-08-2026 10:29:12","200","Information","Microsoft-Windows-DeviceManagement-Enterprise-Diagnostics-Provider","MDM Session: OMA-DM message sent."
"18-08-2026 10:29:09","208","Information","Microsoft-Windows-DeviceManagement-Enterprise-Diagnostics-Provider","MDM Session: OMA-DM session started for EnrollmentID (386F60E8-6817-4304-B348-3E8545F3B70A) with server: (MS DM Server), Server version: (5.1), Client Version: (1.2), PushRouterOrigin: (0x7), UserAgentOrigin: (0x3), Initiator: (0x0), Mode: (0x2), SessionID: (0x14B), Authentication Type: (0x1)."
"18-08-2026 10:29:08","206","Information","Microsoft-Windows-DeviceManagement-Enterprise-Diagnostics-Provider","MDM Session: OMA-DM session Init: UserSID(NULL), EnrolledUser(0), UserToken(0), DeviceToken(0), EnrollmentType(6), SyncType(3)."
"18-08-2026 10:29:08","258","Information","Microsoft-Windows-DeviceManagement-Enterprise-Diagnostics-Provider","MDM Session: OMA-DM session Loaded: Initiation ID(Software\Microsoft\Provisioning\OMADM\Sessions\386F60E8-6817-4304-B348-3E8545F3B70A\{41F9409C-C0EE-4D61-AFF6-5175F98E0F03}), Status(The operation completed successfully.), Total Count(1), Orphaned Count(0), Loaded Count(1), Parent Initiation ID(NULL), Completed Count(0)."
"18-08-2026 10:29:08","257","Information","Microsoft-Windows-DeviceManagement-Enterprise-Diagnostics-Provider","MDM Session: OMA-DM session started: Session ID(331), Server ID(386F60E8-6817-4304-B348-3E8545F3B70A), User SID(NULL), Initiation ID(Software\Microsoft\Provisioning\OMADM\Sessions\386F60E8-6817-4304-B348-3E8545F3B70A\{41F9409C-C0EE-4D61-AFF6-5175F98E0F03}), Origin(7)."
"18-08-2026 10:29:08","205","Information","Microsoft-Windows-DeviceManagement-Enterprise-Diagnostics-Provider","MDM Session: OMA-DM client started. CV: (y1uoCnTqAABhyqgKdOrcAQ.0.0.329)."
"18-08-2026 10:29:08","259","Information","Microsoft-Windows-DeviceManagement-Enterprise-Diagnostics-Provider","MDM Session: OMA-DM session Handled: Account ID(386F60E8-6817-4304-B348-3E8545F3B70A), Initiation ID(Software\Microsoft\Provisioning\OMADM\Sessions\386F60E8-6817-4304-B348-3E8545F3B70A\{41F9409C-C0EE-4D61-AFF6-5175F98E0F03}), Session ID(0), Initiator(0), Origin(7)."
"18-08-2026 10:29:08","45","Information","Microsoft-Windows-DeviceManagement-Enterprise-Diagnostics-Provider","MDM Push: Successfully renewed WNS Push Channel for MDM Push Sessions."
"18-08-2026 10:29:08","45","Information","Microsoft-Windows-DeviceManagement-Enterprise-Diagnostics-Provider","MDM Push: Successfully renewed WNS Push Channel for MDM Push Sessions."
"18-08-2026 10:29:08","256","Information","Microsoft-Windows-DeviceManagement-Enterprise-Diagnostics-Provider","OmaDmLogOmaDmApiInitiateSession: Result: (The operation completed successfully.), Account Id: (BE5150A3-9E69-42C0-A229-7ADD75D044D9), Initiation Id: ({DE46C19B-7CA1-47FD-965C-3F575E35C172}), Mode: (2), Origin: (7), AutoDelete: (true), Alert Count: (1), First Alert Name: (com.microsoft:mdm.pushchannelrenew), User Sid: (NULL), User Only: (false), All Active Users: (false), Process Name: (C:\Windows\system32\deviceenroller.exe), System Or Admin: (true)."
"18-08-2026 10:29:08","256","Information","Microsoft-Windows-DeviceManagement-Enterprise-Diagnostics-Provider","OmaDmLogOmaDmApiInitiateSession: Result: (The operation completed successfully.), Account Id: (386F60E8-6817-4304-B348-3E8545F3B70A), Initiation Id: ({41F9409C-C0EE-4D61-AFF6-5175F98E0F03}), Mode: (2), Origin: (7), AutoDelete: (true), Alert Count: (1), First Alert Name: (com.microsoft:mdm.pushchannelrenew), User Sid: (NULL), User Only: (false), All Active Users: (false), Process Name: (C:\Windows\system32\deviceenroller.exe), System Or Admin: (true)."
"18-08-2026 09:47:11","209","Information","Microsoft-Windows-DeviceManagement-Enterprise-Diagnostics-Provider","MDM Session: OMA-DM session ended with status: (The operation completed successfully.)."
"18-08-2026 09:47:11","202","Information","Microsoft-Windows-DeviceManagement-Enterprise-Diagnostics-Provider","MDM Session: OMA-DM server message received and parsed successfully."
"18-08-2026 09:47:11","200","Information","Microsoft-Windows-DeviceManagement-Enterprise-Diagnostics-Provider","MDM Session: OMA-DM message sent."
"18-08-2026 09:47:11","202","Information","Microsoft-Windows-DeviceManagement-Enterprise-Diagnostics-Provider","MDM Session: OMA-DM server message received and parsed successfully."
"18-08-2026 09:47:11","200","Information","Microsoft-Windows-DeviceManagement-Enterprise-Diagnostics-Provider","MDM Session: OMA-DM message sent."
"18-08-2026 09:47:09","208","Information","Microsoft-Windows-DeviceManagement-Enterprise-Diagnostics-Provider","MDM Session: OMA-DM session started for EnrollmentID (BE5150A3-9E69-42C0-A229-7ADD75D044D9) with server: (Microsoft Device Management), Server version: (5.1), Client Version: (1.2), PushRouterOrigin: (0x3), UserAgentOrigin: (0x2), Initiator: (0x0), Mode: (0x2), SessionID: (0x18F), Authentication Type: (0x1)."
"18-08-2026 09:47:09","206","Information","Microsoft-Windows-DeviceManagement-Enterprise-Diagnostics-Provider","MDM Session: OMA-DM session Init: UserSID(S-1-12-1-2357405129-1281513531-255772574-1816207334), EnrolledUser(1), UserToken(1), DeviceToken(0), EnrollmentType(26), SyncType(3)."
"18-08-2026 09:47:09","258","Information","Microsoft-Windows-DeviceManagement-Enterprise-Diagnostics-Provider","MDM Session: OMA-DM session Loaded: Initiation ID(Software\Microsoft\Provisioning\OMADM\Sessions\BE5150A3-9E69-42C0-A229-7ADD75D044D9\{B12AF9D4-03D9-4566-A0D7-953614134EE5}), Status(The operation completed successfully.), Total Count(2), Orphaned Count(0), Loaded Count(1), Parent Initiation ID(NULL), Completed Count(0)."
"18-08-2026 09:47:09","257","Information","Microsoft-Windows-DeviceManagement-Enterprise-Diagnostics-Provider","MDM Session: OMA-DM session started: Session ID(399), Server ID(BE5150A3-9E69-42C0-A229-7ADD75D044D9), User SID(NULL), Initiation ID(Software\Microsoft\Provisioning\OMADM\Sessions\BE5150A3-9E69-42C0-A229-7ADD75D044D9\{B12AF9D4-03D9-4566-A0D7-953614134EE5}), Origin(3)."
"18-08-2026 09:47:09","205","Information","Microsoft-Windows-DeviceManagement-Enterprise-Diagnostics-Provider","MDM Session: OMA-DM client started. CV: (WhvRb3UEMUywTehC.0.0.399)."
"18-08-2026 09:47:09","259","Information","Microsoft-Windows-DeviceManagement-Enterprise-Diagnostics-Provider","MDM Session: OMA-DM session Handled: Account ID(BE5150A3-9E69-42C0-A229-7ADD75D044D9), Initiation ID(Software\Microsoft\Provisioning\OMADM\Sessions\BE5150A3-9E69-42C0-A229-7ADD75D044D9\{B12AF9D4-03D9-4566-A0D7-953614134EE5}), Session ID(0), Initiator(0), Origin(3)."
"18-08-2026 09:47:09","209","Information","Microsoft-Windows-DeviceManagement-Enterprise-Diagnostics-Provider","MDM Session: OMA-DM session ended with status: (The operation completed successfully.)."
"18-08-2026 09:47:09","202","Information","Microsoft-Windows-DeviceManagement-Enterprise-Diagnostics-Provider","MDM Session: OMA-DM server message received and parsed successfully."
"18-08-2026 09:47:09","200","Information","Microsoft-Windows-DeviceManagement-Enterprise-Diagnostics-Provider","MDM Session: OMA-DM message sent."
"18-08-2026 09:47:07","202","Information","Microsoft-Windows-DeviceManagement-Enterprise-Diagnostics-Provider","MDM Session: OMA-DM server message received and parsed successfully."
"18-08-2026 09:47:07","200","Information","Microsoft-Windows-DeviceManagement-Enterprise-Diagnostics-Provider","MDM Session: OMA-DM message sent."
"18-08-2026 09:47:04","256","Information","Microsoft-Windows-DeviceManagement-Enterprise-Diagnostics-Provider","OmaDmLogOmaDmApiInitiateSession: Result: (The operation completed successfully.), Account Id: (BE5150A3-9E69-42C0-A229-7ADD75D044D9), Initiation Id: ({B12AF9D4-03D9-4566-A0D7-953614134EE5}), Mode: (2), Origin: (3), AutoDelete: (true), Alert Count: (0), First Alert Name: (NULL), User Sid: (NULL), User Only: (false), All Active Users: (false), Process Name: (C:\Windows\system32\deviceenroller.exe), System Or Admin: (true)."
"18-08-2026 09:46:59","202","Information","Microsoft-Windows-DeviceManagement-Enterprise-Diagnostics-Provider","MDM Session: OMA-DM server message received and parsed successfully."
"18-08-2026 09:46:59","200","Information","Microsoft-Windows-DeviceManagement-Enterprise-Diagnostics-Provider","MDM Session: OMA-DM message sent."
"18-08-2026 09:46:39","202","Information","Microsoft-Windows-DeviceManagement-Enterprise-Diagnostics-Provider","MDM Session: OMA-DM server message received and parsed successfully."
"18-08-2026 09:46:39","200","Information","Microsoft-Windows-DeviceManagement-Enterprise-Diagnostics-Provider","MDM Session: OMA-DM message sent."
"18-08-2026 09:46:31","202","Information","Microsoft-Windows-DeviceManagement-Enterprise-Diagnostics-Provider","MDM Session: OMA-DM server message received and parsed successfully."
"18-08-2026 09:46:31","200","Information","Microsoft-Windows-DeviceManagement-Enterprise-Diagnostics-Provider","MDM Session: OMA-DM message sent."
"18-08-2026 09:46:26","202","Information","Microsoft-Windows-DeviceManagement-Enterprise-Diagnostics-Provider","MDM Session: OMA-DM server message received and parsed successfully."
"18-08-2026 09:46:26","200","Information","Microsoft-Windows-DeviceManagement-Enterprise-Diagnostics-Provider","MDM Session: OMA-DM message sent."
"18-08-2026 09:46:07","202","Information","Microsoft-Windows-DeviceManagement-Enterprise-Diagnostics-Provider","MDM Session: OMA-DM server message received and parsed successfully."
"18-08-2026 09:46:07","200","Information","Microsoft-Windows-DeviceManagement-Enterprise-Diagnostics-Provider","MDM Session: OMA-DM message sent."
"18-08-2026 09:46:05","208","Information","Microsoft-Windows-DeviceManagement-Enterprise-Diagnostics-Provider","MDM Session: OMA-DM session started for EnrollmentID (386F60E8-6817-4304-B348-3E8545F3B70A) with server: (MS DM Server), Server version: (5.1), Client Version: (1.2), PushRouterOrigin: (0x20), UserAgentOrigin: (0x7), Initiator: (0x0), Mode: (0x2), SessionID: (0x14A), Authentication Type: (0x1)."
"18-08-2026 09:46:05","206","Information","Microsoft-Windows-DeviceManagement-Enterprise-Diagnostics-Provider","MDM Session: OMA-DM session Init: UserSID(S-1-12-1-2357405129-1281513531-255772574-1816207334), EnrolledUser(1), UserToken(1), DeviceToken(1), EnrollmentType(6), SyncType(3)."
"18-08-2026 09:46:05","258","Information","Microsoft-Windows-DeviceManagement-Enterprise-Diagnostics-Provider","MDM Session: OMA-DM session Loaded: Initiation ID(Software\Microsoft\Provisioning\OMADM\Sessions\386F60E8-6817-4304-B348-3E8545F3B70A\{CD2ADFDF-8D92-433D-B310-500F0663368B}), Status(The operation completed successfully.), Total Count(1), Orphaned Count(0), Loaded Count(1), Parent Initiation ID(NULL), Completed Count(0)."
"18-08-2026 09:46:05","257","Information","Microsoft-Windows-DeviceManagement-Enterprise-Diagnostics-Provider","MDM Session: OMA-DM session started: Session ID(330), Server ID(386F60E8-6817-4304-B348-3E8545F3B70A), User SID(NULL), Initiation ID(Software\Microsoft\Provisioning\OMADM\Sessions\386F60E8-6817-4304-B348-3E8545F3B70A\{CD2ADFDF-8D92-433D-B310-500F0663368B}), Origin(32)."
"18-08-2026 09:46:05","205","Information","Microsoft-Windows-DeviceManagement-Enterprise-Diagnostics-Provider","MDM Session: OMA-DM client started. CV: (y1uoCnTqAABhyqgKdOrcAQ.0.0.328)."
"18-08-2026 09:46:05","259","Information","Microsoft-Windows-DeviceManagement-Enterprise-Diagnostics-Provider","MDM Session: OMA-DM session Handled: Account ID(386F60E8-6817-4304-B348-3E8545F3B70A), Initiation ID(Software\Microsoft\Provisioning\OMADM\Sessions\386F60E8-6817-4304-B348-3E8545F3B70A\{CD2ADFDF-8D92-433D-B310-500F0663368B}), Session ID(0), Initiator(0), Origin(32)."
"18-08-2026 09:46:04","209","Information","Microsoft-Windows-DeviceManagement-Enterprise-Diagnostics-Provider","MDM Session: OMA-DM session ended with status: (The operation completed successfully.)."
"18-08-2026 09:46:04","202","Information","Microsoft-Windows-DeviceManagement-Enterprise-Diagnostics-Provider","MDM Session: OMA-DM server message received and parsed successfully."
"18-08-2026 09:46:04","200","Information","Microsoft-Windows-DeviceManagement-Enterprise-Diagnostics-Provider","MDM Session: OMA-DM message sent."
"18-08-2026 09:46:04","202","Information","Microsoft-Windows-DeviceManagement-Enterprise-Diagnostics-Provider","MDM Session: OMA-DM server message received and parsed successfully."
"18-08-2026 09:46:04","200","Information","Microsoft-Windows-DeviceManagement-Enterprise-Diagnostics-Provider","MDM Session: OMA-DM message sent."
"18-08-2026 09:46:01","208","Information","Microsoft-Windows-DeviceManagement-Enterprise-Diagnostics-Provider","MDM Session: OMA-DM session started for EnrollmentID (BE5150A3-9E69-42C0-A229-7ADD75D044D9) with server: (Microsoft Device Management), Server version: (5.1), Client Version: (1.2), PushRouterOrigin: (0x3), UserAgentOrigin: (0x2), Initiator: (0x0), Mode: (0x2), SessionID: (0x18E), Authentication Type: (0x1)."
"18-08-2026 09:46:01","206","Information","Microsoft-Windows-DeviceManagement-Enterprise-Diagnostics-Provider","MDM Session: OMA-DM session Init: UserSID(S-1-12-1-2357405129-1281513531-255772574-1816207334), EnrolledUser(1), UserToken(1), DeviceToken(0), EnrollmentType(26), SyncType(3)."
"18-08-2026 09:46:00","258","Information","Microsoft-Windows-DeviceManagement-Enterprise-Diagnostics-Provider","MDM Session: OMA-DM session Loaded: Initiation ID(Software\Microsoft\Provisioning\OMADM\Sessions\BE5150A3-9E69-42C0-A229-7ADD75D044D9\{60A1E70B-605E-4EF2-BCD0-2B96DE876A35}), Status(The operation completed successfully.), Total Count(2), Orphaned Count(0), Loaded Count(1), Parent Initiation ID(NULL), Completed Count(0)."
"18-08-2026 09:46:00","257","Information","Microsoft-Windows-DeviceManagement-Enterprise-Diagnostics-Provider","MDM Session: OMA-DM session started: Session ID(398), Server ID(BE5150A3-9E69-42C0-A229-7ADD75D044D9), User SID(NULL), Initiation ID(Software\Microsoft\Provisioning\OMADM\Sessions\BE5150A3-9E69-42C0-A229-7ADD75D044D9\{60A1E70B-605E-4EF2-BCD0-2B96DE876A35}), Origin(3)."
"18-08-2026 09:46:00","205","Information","Microsoft-Windows-DeviceManagement-Enterprise-Diagnostics-Provider","MDM Session: OMA-DM client started. CV: (WhvRb3UEMUywTehC.0.0.398)."
"18-08-2026 09:46:00","259","Information","Microsoft-Windows-DeviceManagement-Enterprise-Diagnostics-Provider","MDM Session: OMA-DM session Handled: Account ID(BE5150A3-9E69-42C0-A229-7ADD75D044D9), Initiation ID(Software\Microsoft\Provisioning\OMADM\Sessions\BE5150A3-9E69-42C0-A229-7ADD75D044D9\{60A1E70B-605E-4EF2-BCD0-2B96DE876A35}), Session ID(0), Initiator(0), Origin(3)."
"18-08-2026 09:45:59","209","Information","Microsoft-Windows-DeviceManagement-Enterprise-Diagnostics-Provider","MDM Session: OMA-DM session ended with status: (The operation completed successfully.)."
"18-08-2026 09:45:59","202","Information","Microsoft-Windows-DeviceManagement-Enterprise-Diagnostics-Provider","MDM Session: OMA-DM server message received and parsed successfully."
"18-08-2026 09:45:59","200","Information","Microsoft-Windows-DeviceManagement-Enterprise-Diagnostics-Provider","MDM Session: OMA-DM message sent."
"18-08-2026 09:45:57","202","Information","Microsoft-Windows-DeviceManagement-Enterprise-Diagnostics-Provider","MDM Session: OMA-DM server message received and parsed successfully."
"18-08-2026 09:45:57","200","Information","Microsoft-Windows-DeviceManagement-Enterprise-Diagnostics-Provider","MDM Session: OMA-DM message sent."
"18-08-2026 09:45:55","202","Information","Microsoft-Windows-DeviceManagement-Enterprise-Diagnostics-Provider","MDM Session: OMA-DM server message received and parsed successfully."
"18-08-2026 09:45:55","200","Information","Microsoft-Windows-DeviceManagement-Enterprise-Diagnostics-Provider","MDM Session: OMA-DM message sent."
"18-08-2026 09:45:23","256","Information","Microsoft-Windows-DeviceManagement-Enterprise-Diagnostics-Provider","OmaDmLogOmaDmApiInitiateSession: Result: (The operation completed successfully.), Account Id: (386F60E8-6817-4304-B348-3E8545F3B70A), Initiation Id: ({CD2ADFDF-8D92-433D-B310-500F0663368B}), Mode: (2), Origin: (32), AutoDelete: (false), Alert Count: (1), First Alert Name: (com.microsoft.mdm:HealthAttestation.Result), User Sid: (NULL), User Only: (false), All Active Users: (false), Process Name: (C:\Windows\system32\svchost.exe), System Or Admin: (true)."
"18-08-2026 09:45:20","202","Information","Microsoft-Windows-DeviceManagement-Enterprise-Diagnostics-Provider","MDM Session: OMA-DM server message received and parsed successfully."
"18-08-2026 09:45:19","200","Information","Microsoft-Windows-DeviceManagement-Enterprise-Diagnostics-Provider","MDM Session: OMA-DM message sent."
"18-08-2026 09:45:14","202","Information","Microsoft-Windows-DeviceManagement-Enterprise-Diagnostics-Provider","MDM Session: OMA-DM server message received and parsed successfully."
"18-08-2026 09:45:14","200","Information","Microsoft-Windows-DeviceManagement-Enterprise-Diagnostics-Provider","MDM Session: OMA-DM message sent."
"18-08-2026 09:45:01","202","Information","Microsoft-Windows-DeviceManagement-Enterprise-Diagnostics-Provider","MDM Session: OMA-DM server message received and parsed successfully."
"18-08-2026 09:45:01","200","Information","Microsoft-Windows-DeviceManagement-Enterprise-Diagnostics-Provider","MDM Session: OMA-DM message sent."
"18-08-2026 09:45:00","202","Information","Microsoft-Windows-DeviceManagement-Enterprise-Diagnostics-Provider","MDM Session: OMA-DM server message received and parsed successfully."
"18-08-2026 09:45:00","200","Information","Microsoft-Windows-DeviceManagement-Enterprise-Diagnostics-Provider","MDM Session: OMA-DM message sent."
