"13-08-2026 12:16:08","4","Information","Microsoft-Windows-SenseIR","Windows Defender Advanced Threat Protection Incident Response executable started."
"13-08-2026 12:03:55","5","Information","Microsoft-Windows-SenseIR","Windows Defender Advanced Threat Protection Incident Response executable terminated. Exit code: 0x0"
"13-08-2026 11:42:59","3","Information","Microsoft-Windows-SenseIR","Succeeded to run action RunPSScriptAction. Action ID: 149ae17f-1c51-47e8-90b8-8175a782d62b"
"13-08-2026 11:42:54","1","Information","Microsoft-Windows-SenseIR","Starting action RunPSScriptAction. Action ID: 149ae17f-1c51-47e8-90b8-8175a782d62b"
"13-08-2026 11:32:59","3","Information","Microsoft-Windows-SenseIR","Succeeded to run action RunPSScriptAction. Action ID: 211ef051-ecf9-4b99-9eed-76e45a831a19"
"13-08-2026 11:32:54","1","Information","Microsoft-Windows-SenseIR","Starting action RunPSScriptAction. Action ID: 211ef051-ecf9-4b99-9eed-76e45a831a19"
"13-08-2026 11:32:19","3","Information","Microsoft-Windows-SenseIR","Succeeded to run action RunPSScriptAction. Action ID: aceb19ff-8484-4db4-b8f6-f5a8d03a8c4a"
"13-08-2026 11:32:14","1","Information","Microsoft-Windows-SenseIR","Starting action RunPSScriptAction. Action ID: aceb19ff-8484-4db4-b8f6-f5a8d03a8c4a"
"13-08-2026 11:32:03","4","Information","Microsoft-Windows-SenseIR","Windows Defender Advanced Threat Protection Incident Response executable started."
"13-08-2026 11:26:51","5","Information","Microsoft-Windows-SenseIR","Windows Defender Advanced Threat Protection Incident Response executable terminated. Exit code: 0x0"
"13-08-2026 11:06:03","3","Information","Microsoft-Windows-SenseIR","Succeeded to run action RunPSScriptAction. Action ID: 36dc1ba5-2d7a-4cc0-8b07-8b26d1899492"
"13-08-2026 11:05:50","1","Information","Microsoft-Windows-SenseIR","Starting action RunPSScriptAction. Action ID: 36dc1ba5-2d7a-4cc0-8b07-8b26d1899492"
"13-08-2026 10:56:20","3","Information","Microsoft-Windows-SenseIR","Succeeded to run action RunPSScriptAction. Action ID: 0e371fa0-b3cb-4d76-93ad-467add004280"
"13-08-2026 10:56:10","1","Information","Microsoft-Windows-SenseIR","Starting action RunPSScriptAction. Action ID: 0e371fa0-b3cb-4d76-93ad-467add004280"
"13-08-2026 10:55:59","4","Information","Microsoft-Windows-SenseIR","Windows Defender Advanced Threat Protection Incident Response executable started."
"13-08-2026 10:38:56","5","Information","Microsoft-Windows-SenseIR","Windows Defender Advanced Threat Protection Incident Response executable terminated. Exit code: 0x0"
"13-08-2026 10:18:03","3","Information","Microsoft-Windows-SenseIR","Succeeded to run action RunPSScriptAction. Action ID: acd1e8f4-3c26-49a7-bec8-9d7a15e1a6d2"
"13-08-2026 10:17:55","1","Information","Microsoft-Windows-SenseIR","Starting action RunPSScriptAction. Action ID: acd1e8f4-3c26-49a7-bec8-9d7a15e1a6d2"
"13-08-2026 10:17:44","4","Information","Microsoft-Windows-SenseIR","Windows Defender Advanced Threat Protection Incident Response executable started."
"13-08-2026 10:08:45","5","Information","Microsoft-Windows-SenseIR","Windows Defender Advanced Threat Protection Incident Response executable terminated. Exit code: 0x0"
"13-08-2026 09:47:55","3","Information","Microsoft-Windows-SenseIR","Succeeded to run action RunPSScriptAction. Action ID: cfa5b5b7-e717-474f-ad6a-a99ebd513b5c"
"13-08-2026 09:47:44","1","Information","Microsoft-Windows-SenseIR","Starting action RunPSScriptAction. Action ID: cfa5b5b7-e717-474f-ad6a-a99ebd513b5c"
"13-08-2026 09:39:22","3","Information","Microsoft-Windows-SenseIR","Succeeded to run action RunPSScriptAction. Action ID: 53159fd8-6386-48c2-91e8-cf4860599c43"
"13-08-2026 09:39:04","1","Information","Microsoft-Windows-SenseIR","Starting action RunPSScriptAction. Action ID: 53159fd8-6386-48c2-91e8-cf4860599c43"
"13-08-2026 09:37:26","3","Information","Microsoft-Windows-SenseIR","Succeeded to run action RunPSScriptAction. Action ID: 9f2a6e93-4b3c-4a21-9d6a-879ebba4d64d"
"13-08-2026 09:37:24","1","Information","Microsoft-Windows-SenseIR","Starting action RunPSScriptAction. Action ID: 9f2a6e93-4b3c-4a21-9d6a-879ebba4d64d"
"13-08-2026 09:26:42","3","Information","Microsoft-Windows-SenseIR","Succeeded to run action RunPSScriptAction. Action ID: 1648ba23-91bf-4822-bd45-661d10a1ea81"
"13-08-2026 09:26:03","1","Information","Microsoft-Windows-SenseIR","Starting action RunPSScriptAction. Action ID: 1648ba23-91bf-4822-bd45-661d10a1ea81"
"13-08-2026 09:19:16","3","Information","Microsoft-Windows-SenseIR","Succeeded to run action RunPSScriptAction. Action ID: 05f2c576-9ed5-41eb-9b1e-1b653eebfdff"
"13-08-2026 09:19:13","1","Information","Microsoft-Windows-SenseIR","Starting action RunPSScriptAction. Action ID: 05f2c576-9ed5-41eb-9b1e-1b653eebfdff"
"13-08-2026 09:19:03","4","Information","Microsoft-Windows-SenseIR","Windows Defender Advanced Threat Protection Incident Response executable started."
"12-08-2026 18:47:22","5","Information","Microsoft-Windows-SenseIR","Windows Defender Advanced Threat Protection Incident Response executable terminated. Exit code: 0x0"
"12-08-2026 18:28:08","3","Information","Microsoft-Windows-SenseIR","Succeeded to run action RunPSScriptAction. Action ID: a391f42c-7e1a-4611-8494-1817d2420e09"
"12-08-2026 18:26:21","1","Information","Microsoft-Windows-SenseIR","Starting action RunPSScriptAction. Action ID: a391f42c-7e1a-4611-8494-1817d2420e09"
"12-08-2026 18:26:11","4","Information","Microsoft-Windows-SenseIR","Windows Defender Advanced Threat Protection Incident Response executable started."
"12-08-2026 18:20:25","5","Information","Microsoft-Windows-SenseIR","Windows Defender Advanced Threat Protection Incident Response executable terminated. Exit code: 0x0"
"12-08-2026 18:00:08","3","Information","Microsoft-Windows-SenseIR","Succeeded to run action RunPSScriptAction. Action ID: 1648ba23-91bf-4822-bd45-661d10a1ea81"
"12-08-2026 17:59:24","1","Information","Microsoft-Windows-SenseIR","Starting action RunPSScriptAction. Action ID: 1648ba23-91bf-4822-bd45-661d10a1ea81"
"12-08-2026 17:43:42","3","Information","Microsoft-Windows-SenseIR","Succeeded to run action RunPSScriptAction. Action ID: 3fa4876e-3ae5-4c59-9a4d-08a7400268a5"
"12-08-2026 17:42:33","1","Information","Microsoft-Windows-SenseIR","Starting action RunPSScriptAction. Action ID: 3fa4876e-3ae5-4c59-9a4d-08a7400268a5"
"12-08-2026 17:37:07","3","Information","Microsoft-Windows-SenseIR","Succeeded to run action RunPSScriptAction. Action ID: 8e0b85ee-da90-46d9-b939-75081a1ceb3a"
"12-08-2026 17:36:53","1","Information","Microsoft-Windows-SenseIR","Starting action RunPSScriptAction. Action ID: 8e0b85ee-da90-46d9-b939-75081a1ceb3a"
"12-08-2026 17:36:43","4","Information","Microsoft-Windows-SenseIR","Windows Defender Advanced Threat Protection Incident Response executable started."
"12-08-2026 17:22:16","5","Information","Microsoft-Windows-SenseIR","Windows Defender Advanced Threat Protection Incident Response executable terminated. Exit code: 0x0"
"12-08-2026 17:01:31","3","Information","Microsoft-Windows-SenseIR","Succeeded to run action RunPSScriptAction. Action ID: 0e371fa0-b3cb-4d76-93ad-467add004280"
"12-08-2026 17:01:15","1","Information","Microsoft-Windows-SenseIR","Starting action RunPSScriptAction. Action ID: 0e371fa0-b3cb-4d76-93ad-467add004280"
"12-08-2026 16:57:12","3","Information","Microsoft-Windows-SenseIR","Succeeded to run action RunPSScriptAction. Action ID: 9bde6f2a-afcb-4c11-b890-d6a1f78e5c4b"
"12-08-2026 16:57:05","1","Information","Microsoft-Windows-SenseIR","Starting action RunPSScriptAction. Action ID: 9bde6f2a-afcb-4c11-b890-d6a1f78e5c4b"
"12-08-2026 16:43:20","3","Information","Microsoft-Windows-SenseIR","Succeeded to run action RunPSScriptAction. Action ID: 93514365-7ff3-4f5e-9dfd-7eb9f6b779a7"
"12-08-2026 16:43:14","1","Information","Microsoft-Windows-SenseIR","Starting action RunPSScriptAction. Action ID: 93514365-7ff3-4f5e-9dfd-7eb9f6b779a7"
"12-08-2026 16:24:05","3","Information","Microsoft-Windows-SenseIR","Succeeded to run action RunPSScriptAction. Action ID: aceb19ff-8484-4db4-b8f6-f5a8d03a8c4a"
"12-08-2026 16:23:53","1","Information","Microsoft-Windows-SenseIR","Starting action RunPSScriptAction. Action ID: aceb19ff-8484-4db4-b8f6-f5a8d03a8c4a"
"12-08-2026 16:19:13","3","Information","Microsoft-Windows-SenseIR","Succeeded to run action RunPSScriptAction. Action ID: fc19515e-4fbb-46d1-b1f4-a28b394632fe"
"12-08-2026 16:19:03","1","Information","Microsoft-Windows-SenseIR","Starting action RunPSScriptAction. Action ID: fc19515e-4fbb-46d1-b1f4-a28b394632fe"
"12-08-2026 16:18:53","4","Information","Microsoft-Windows-SenseIR","Windows Defender Advanced Threat Protection Incident Response executable started."
"12-08-2026 16:09:38","5","Information","Microsoft-Windows-SenseIR","Windows Defender Advanced Threat Protection Incident Response executable terminated. Exit code: 0x0"
"12-08-2026 15:48:43","3","Information","Microsoft-Windows-SenseIR","Succeeded to run action RunPSScriptAction. Action ID: 9f2a6e93-4b3c-4a21-9d6a-879ebba4d64d"
"12-08-2026 15:48:37","1","Information","Microsoft-Windows-SenseIR","Starting action RunPSScriptAction. Action ID: 9f2a6e93-4b3c-4a21-9d6a-879ebba4d64d"
"12-08-2026 15:47:43","3","Information","Microsoft-Windows-SenseIR","Succeeded to run action RunPSScriptAction. Action ID: efc69106-6fc1-423a-94ef-221e65a28f09"
"12-08-2026 15:47:17","1","Information","Microsoft-Windows-SenseIR","Starting action RunPSScriptAction. Action ID: efc69106-6fc1-423a-94ef-221e65a28f09"
"12-08-2026 15:32:17","3","Information","Microsoft-Windows-SenseIR","Succeeded to run action RunPSScriptAction. Action ID: 046a3caf-d9ec-4da6-a32a-fb148992596b"
"12-08-2026 15:32:06","1","Information","Microsoft-Windows-SenseIR","Starting action RunPSScriptAction. Action ID: 046a3caf-d9ec-4da6-a32a-fb148992596b"
"12-08-2026 15:31:56","4","Information","Microsoft-Windows-SenseIR","Windows Defender Advanced Threat Protection Incident Response executable started."
"12-08-2026 15:26:22","5","Information","Microsoft-Windows-SenseIR","Windows Defender Advanced Threat Protection Incident Response executable terminated. Exit code: 0x0"
"12-08-2026 15:05:35","3","Information","Microsoft-Windows-SenseIR","Succeeded to run action RunPSScriptAction. Action ID: 211ef051-ecf9-4b99-9eed-76e45a831a19"
"12-08-2026 15:05:21","1","Information","Microsoft-Windows-SenseIR","Starting action RunPSScriptAction. Action ID: 211ef051-ecf9-4b99-9eed-76e45a831a19"
"12-08-2026 15:05:11","4","Information","Microsoft-Windows-SenseIR","Windows Defender Advanced Threat Protection Incident Response executable started."
"12-08-2026 14:42:26","5","Information","Microsoft-Windows-SenseIR","Windows Defender Advanced Threat Protection Incident Response executable terminated. Exit code: 0x0"
"12-08-2026 14:22:13","3","Information","Microsoft-Windows-SenseIR","Succeeded to run action RunPSScriptAction. Action ID: 0e3d6d2d-06cc-486d-9465-9ef3bee75444"
"12-08-2026 14:21:25","1","Information","Microsoft-Windows-SenseIR","Starting action RunPSScriptAction. Action ID: 0e3d6d2d-06cc-486d-9465-9ef3bee75444"
"12-08-2026 14:21:15","4","Information","Microsoft-Windows-SenseIR","Windows Defender Advanced Threat Protection Incident Response executable started."
"12-08-2026 14:06:07","5","Information","Microsoft-Windows-SenseIR","Windows Defender Advanced Threat Protection Incident Response executable terminated. Exit code: 0x0"
"12-08-2026 13:45:17","3","Information","Microsoft-Windows-SenseIR","Succeeded to run action RunPSScriptAction. Action ID: acd1e8f4-3c26-49a7-bec8-9d7a15e1a6d2"
"12-08-2026 13:45:06","1","Information","Microsoft-Windows-SenseIR","Starting action RunPSScriptAction. Action ID: acd1e8f4-3c26-49a7-bec8-9d7a15e1a6d2"
"12-08-2026 13:30:55","3","Information","Microsoft-Windows-SenseIR","Succeeded to run action RunPSScriptAction. Action ID: 9e137068-a631-45e6-81aa-4adda242796e"
"12-08-2026 13:30:35","1","Information","Microsoft-Windows-SenseIR","Starting action RunPSScriptAction. Action ID: 9e137068-a631-45e6-81aa-4adda242796e"
"12-08-2026 13:30:25","4","Information","Microsoft-Windows-SenseIR","Windows Defender Advanced Threat Protection Incident Response executable started."
"12-08-2026 13:05:51","5","Information","Microsoft-Windows-SenseIR","Windows Defender Advanced Threat Protection Incident Response executable terminated. Exit code: 0x0"
"12-08-2026 12:44:53","3","Information","Microsoft-Windows-SenseIR","Succeeded to run action RunPSScriptAction. Action ID: cb7aec68-dfca-4632-88ad-5b019cb0957d"
"12-08-2026 12:44:51","1","Information","Microsoft-Windows-SenseIR","Starting action RunPSScriptAction. Action ID: cb7aec68-dfca-4632-88ad-5b019cb0957d"
"12-08-2026 12:27:33","3","Information","Microsoft-Windows-SenseIR","Succeeded to run action RunPSScriptAction. Action ID: 36dc1ba5-2d7a-4cc0-8b07-8b26d1899492"
"12-08-2026 12:27:20","1","Information","Microsoft-Windows-SenseIR","Starting action RunPSScriptAction. Action ID: 36dc1ba5-2d7a-4cc0-8b07-8b26d1899492"
"12-08-2026 12:27:10","4","Information","Microsoft-Windows-SenseIR","Windows Defender Advanced Threat Protection Incident Response executable started."
"12-08-2026 12:15:51","5","Information","Microsoft-Windows-SenseIR","Windows Defender Advanced Threat Protection Incident Response executable terminated. Exit code: 0x0"
"12-08-2026 11:54:58","3","Information","Microsoft-Windows-SenseIR","Succeeded to run action RunPSScriptAction. Action ID: 2d76cc84-8291-481d-845d-62f59f16e445"
"12-08-2026 11:54:50","1","Information","Microsoft-Windows-SenseIR","Starting action RunPSScriptAction. Action ID: 2d76cc84-8291-481d-845d-62f59f16e445"
"12-08-2026 11:48:43","3","Information","Microsoft-Windows-SenseIR","Succeeded to run action RunPSScriptAction. Action ID: a391f42c-7e1a-4611-8494-1817d2420e09"
"12-08-2026 11:47:20","1","Information","Microsoft-Windows-SenseIR","Starting action RunPSScriptAction. Action ID: a391f42c-7e1a-4611-8494-1817d2420e09"
"12-08-2026 11:47:10","4","Information","Microsoft-Windows-SenseIR","Windows Defender Advanced Threat Protection Incident Response executable started."
"12-08-2026 11:11:42","5","Information","Microsoft-Windows-SenseIR","Windows Defender Advanced Threat Protection Incident Response executable terminated. Exit code: 0x0"
"12-08-2026 10:51:30","3","Information","Microsoft-Windows-SenseIR","Succeeded to run action RunPSScriptAction. Action ID: 3fa4876e-3ae5-4c59-9a4d-08a7400268a5"
"12-08-2026 10:50:41","1","Information","Microsoft-Windows-SenseIR","Starting action RunPSScriptAction. Action ID: 3fa4876e-3ae5-4c59-9a4d-08a7400268a5"
"12-08-2026 10:50:30","4","Information","Microsoft-Windows-SenseIR","Windows Defender Advanced Threat Protection Incident Response executable started."
"12-08-2026 10:07:02","5","Information","Microsoft-Windows-SenseIR","Windows Defender Advanced Threat Protection Incident Response executable terminated. Exit code: 0x0"
"12-08-2026 09:46:09","3","Information","Microsoft-Windows-SenseIR","Succeeded to run action RunPSScriptAction. Action ID: 100c7519-406d-49cb-b7eb-41ce85513276"
"12-08-2026 09:46:01","1","Information","Microsoft-Windows-SenseIR","Starting action RunPSScriptAction. Action ID: 100c7519-406d-49cb-b7eb-41ce85513276"
"12-08-2026 09:45:12","3","Information","Microsoft-Windows-SenseIR","Succeeded to run action RunPSScriptAction. Action ID: 046a3caf-d9ec-4da6-a32a-fb148992596b"
"12-08-2026 09:45:01","1","Information","Microsoft-Windows-SenseIR","Starting action RunPSScriptAction. Action ID: 046a3caf-d9ec-4da6-a32a-fb148992596b"
"12-08-2026 09:37:58","3","Information","Microsoft-Windows-SenseIR","Succeeded to run action RunPSScriptAction. Action ID: 53159fd8-6386-48c2-91e8-cf4860599c43"
"12-08-2026 09:37:31","1","Information","Microsoft-Windows-SenseIR","Starting action RunPSScriptAction. Action ID: 53159fd8-6386-48c2-91e8-cf4860599c43"
"12-08-2026 09:32:16","3","Information","Microsoft-Windows-SenseIR","Succeeded to run action RunPSScriptAction. Action ID: 149ae17f-1c51-47e8-90b8-8175a782d62b"
"12-08-2026 09:32:10","1","Information","Microsoft-Windows-SenseIR","Starting action RunPSScriptAction. Action ID: 149ae17f-1c51-47e8-90b8-8175a782d62b"
"12-08-2026 09:31:23","3","Information","Microsoft-Windows-SenseIR","Succeeded to run action RunPSScriptAction. Action ID: 211ef051-ecf9-4b99-9eed-76e45a831a19"
"12-08-2026 09:31:10","1","Information","Microsoft-Windows-SenseIR","Starting action RunPSScriptAction. Action ID: 211ef051-ecf9-4b99-9eed-76e45a831a19"
"12-08-2026 09:28:42","3","Information","Microsoft-Windows-SenseIR","Succeeded to run action RunPSScriptAction. Action ID: cfa5b5b7-e717-474f-ad6a-a99ebd513b5c"
"12-08-2026 09:28:20","1","Information","Microsoft-Windows-SenseIR","Starting action RunPSScriptAction. Action ID: cfa5b5b7-e717-474f-ad6a-a99ebd513b5c"
"12-08-2026 09:20:32","3","Information","Microsoft-Windows-SenseIR","Succeeded to run action RunPSScriptAction. Action ID: 05f2c576-9ed5-41eb-9b1e-1b653eebfdff"
"12-08-2026 09:20:30","1","Information","Microsoft-Windows-SenseIR","Starting action RunPSScriptAction. Action ID: 05f2c576-9ed5-41eb-9b1e-1b653eebfdff"
"12-08-2026 09:14:11","3","Information","Microsoft-Windows-SenseIR","Succeeded to run action RunPSScriptAction. Action ID: a391f42c-7e1a-4611-8494-1817d2420e09"
"12-08-2026 09:14:01","3","Information","Microsoft-Windows-SenseIR","Succeeded to run action RunPSScriptAction. Action ID: 1648ba23-91bf-4822-bd45-661d10a1ea81"
"12-08-2026 09:13:36","3","Information","Microsoft-Windows-SenseIR","Succeeded to run action RunPSScriptAction. Action ID: 3fa4876e-3ae5-4c59-9a4d-08a7400268a5"
"12-08-2026 09:13:15","3","Information","Microsoft-Windows-SenseIR","Succeeded to run action RunPSScriptAction. Action ID: cfa5b5b7-e717-474f-ad6a-a99ebd513b5c"
"12-08-2026 09:13:10","3","Information","Microsoft-Windows-SenseIR","Succeeded to run action RunPSScriptAction. Action ID: 0e3d6d2d-06cc-486d-9465-9ef3bee75444"
"12-08-2026 09:12:59","1","Information","Microsoft-Windows-SenseIR","Starting action RunPSScriptAction. Action ID: cfa5b5b7-e717-474f-ad6a-a99ebd513b5c"
"12-08-2026 09:12:59","1","Information","Microsoft-Windows-SenseIR","Starting action RunPSScriptAction. Action ID: 1648ba23-91bf-4822-bd45-661d10a1ea81"
"12-08-2026 09:12:52","3","Information","Microsoft-Windows-SenseIR","Succeeded to run action RunPSScriptAction. Action ID: 05f2c576-9ed5-41eb-9b1e-1b653eebfdff"
"12-08-2026 09:12:49","1","Information","Microsoft-Windows-SenseIR","Starting action RunPSScriptAction. Action ID: 05f2c576-9ed5-41eb-9b1e-1b653eebfdff"
"12-08-2026 09:12:49","1","Information","Microsoft-Windows-SenseIR","Starting action RunPSScriptAction. Action ID: 3fa4876e-3ae5-4c59-9a4d-08a7400268a5"
"12-08-2026 09:12:49","1","Information","Microsoft-Windows-SenseIR","Starting action RunPSScriptAction. Action ID: a391f42c-7e1a-4611-8494-1817d2420e09"
"12-08-2026 09:12:43","3","Information","Microsoft-Windows-SenseIR","Succeeded to run action RunPSScriptAction. Action ID: 9bde6f2a-afcb-4c11-b890-d6a1f78e5c4b"
"12-08-2026 09:12:43","3","Information","Microsoft-Windows-SenseIR","Succeeded to run action RunPSScriptAction. Action ID: 9f2a6e93-4b3c-4a21-9d6a-879ebba4d64d"
"12-08-2026 09:12:39","1","Information","Microsoft-Windows-SenseIR","Starting action RunPSScriptAction. Action ID: 0e3d6d2d-06cc-486d-9465-9ef3bee75444"
"12-08-2026 09:12:39","1","Information","Microsoft-Windows-SenseIR","Starting action RunPSScriptAction. Action ID: 9bde6f2a-afcb-4c11-b890-d6a1f78e5c4b"
"12-08-2026 09:12:39","1","Information","Microsoft-Windows-SenseIR","Starting action RunPSScriptAction. Action ID: 9f2a6e93-4b3c-4a21-9d6a-879ebba4d64d"
"12-08-2026 09:12:38","3","Information","Microsoft-Windows-SenseIR","Succeeded to run action RunPSScriptAction. Action ID: 2d76cc84-8291-481d-845d-62f59f16e445"
"12-08-2026 09:12:36","3","Information","Microsoft-Windows-SenseIR","Succeeded to run action RunPSScriptAction. Action ID: 100c7519-406d-49cb-b7eb-41ce85513276"
"12-08-2026 09:12:35","3","Information","Microsoft-Windows-SenseIR","Succeeded to run action RunPSScriptAction. Action ID: aceb19ff-8484-4db4-b8f6-f5a8d03a8c4a"
"12-08-2026 09:12:32","3","Information","Microsoft-Windows-SenseIR","Succeeded to run action RunPSScriptAction. Action ID: efc69106-6fc1-423a-94ef-221e65a28f09"
"12-08-2026 09:12:29","1","Information","Microsoft-Windows-SenseIR","Starting action RunPSScriptAction. Action ID: aceb19ff-8484-4db4-b8f6-f5a8d03a8c4a"
"12-08-2026 09:12:29","1","Information","Microsoft-Windows-SenseIR","Starting action RunPSScriptAction. Action ID: 100c7519-406d-49cb-b7eb-41ce85513276"
"12-08-2026 09:12:29","1","Information","Microsoft-Windows-SenseIR","Starting action RunPSScriptAction. Action ID: 2d76cc84-8291-481d-845d-62f59f16e445"
"12-08-2026 09:12:27","3","Information","Microsoft-Windows-SenseIR","Succeeded to run action RunPSScriptAction. Action ID: 211ef051-ecf9-4b99-9eed-76e45a831a19"
"12-08-2026 09:12:27","3","Information","Microsoft-Windows-SenseIR","Succeeded to run action RunPSScriptAction. Action ID: 046a3caf-d9ec-4da6-a32a-fb148992596b"
"12-08-2026 09:12:19","1","Information","Microsoft-Windows-SenseIR","Starting action RunPSScriptAction. Action ID: 046a3caf-d9ec-4da6-a32a-fb148992596b"
"12-08-2026 09:12:19","1","Information","Microsoft-Windows-SenseIR","Starting action RunPSScriptAction. Action ID: efc69106-6fc1-423a-94ef-221e65a28f09"
"12-08-2026 09:12:19","1","Information","Microsoft-Windows-SenseIR","Starting action RunPSScriptAction. Action ID: 211ef051-ecf9-4b99-9eed-76e45a831a19"
"12-08-2026 09:12:09","4","Information","Microsoft-Windows-SenseIR","Windows Defender Advanced Threat Protection Incident Response executable started."
"11-08-2026 17:35:16","5","Information","Microsoft-Windows-SenseIR","Windows Defender Advanced Threat Protection Incident Response executable terminated. Exit code: 0x0"
"11-08-2026 17:14:34","3","Information","Microsoft-Windows-SenseIR","Succeeded to run action RunPSScriptAction. Action ID: 53159fd8-6386-48c2-91e8-cf4860599c43"
"11-08-2026 17:14:15","1","Information","Microsoft-Windows-SenseIR","Starting action RunPSScriptAction. Action ID: 53159fd8-6386-48c2-91e8-cf4860599c43"
"11-08-2026 17:03:33","3","Information","Microsoft-Windows-SenseIR","Succeeded to run action RunPSScriptAction. Action ID: cfa5b5b7-e717-474f-ad6a-a99ebd513b5c"
"11-08-2026 17:03:15","1","Information","Microsoft-Windows-SenseIR","Starting action RunPSScriptAction. Action ID: cfa5b5b7-e717-474f-ad6a-a99ebd513b5c"
"11-08-2026 16:54:22","3","Information","Microsoft-Windows-SenseIR","Succeeded to run action RunPSScriptAction. Action ID: 36dc1ba5-2d7a-4cc0-8b07-8b26d1899492"
"11-08-2026 16:54:04","1","Information","Microsoft-Windows-SenseIR","Starting action RunPSScriptAction. Action ID: 36dc1ba5-2d7a-4cc0-8b07-8b26d1899492"
"11-08-2026 16:53:54","4","Information","Microsoft-Windows-SenseIR","Windows Defender Advanced Threat Protection Incident Response executable started."
"11-08-2026 16:31:20","5","Information","Microsoft-Windows-SenseIR","Windows Defender Advanced Threat Protection Incident Response executable terminated. Exit code: 0x0"
"11-08-2026 16:10:26","3","Information","Microsoft-Windows-SenseIR","Succeeded to run action RunPSScriptAction. Action ID: cb7aec68-dfca-4632-88ad-5b019cb0957d"
"11-08-2026 16:10:19","1","Information","Microsoft-Windows-SenseIR","Starting action RunPSScriptAction. Action ID: cb7aec68-dfca-4632-88ad-5b019cb0957d"
"11-08-2026 16:10:09","4","Information","Microsoft-Windows-SenseIR","Windows Defender Advanced Threat Protection Incident Response executable started."
"11-08-2026 16:06:23","5","Information","Microsoft-Windows-SenseIR","Windows Defender Advanced Threat Protection Incident Response executable terminated. Exit code: 0x0"
"11-08-2026 15:45:39","3","Information","Microsoft-Windows-SenseIR","Succeeded to run action RunPSScriptAction. Action ID: 8e0b85ee-da90-46d9-b939-75081a1ceb3a"
"11-08-2026 15:45:22","1","Information","Microsoft-Windows-SenseIR","Starting action RunPSScriptAction. Action ID: 8e0b85ee-da90-46d9-b939-75081a1ceb3a"
"11-08-2026 15:45:12","4","Information","Microsoft-Windows-SenseIR","Windows Defender Advanced Threat Protection Incident Response executable started."
"11-08-2026 15:42:22","5","Information","Microsoft-Windows-SenseIR","Windows Defender Advanced Threat Protection Incident Response executable terminated. Exit code: 0x0"
"11-08-2026 15:21:26","3","Information","Microsoft-Windows-SenseIR","Succeeded to run action RunPSScriptAction. Action ID: 149ae17f-1c51-47e8-90b8-8175a782d62b"
"11-08-2026 15:21:21","1","Information","Microsoft-Windows-SenseIR","Starting action RunPSScriptAction. Action ID: 149ae17f-1c51-47e8-90b8-8175a782d62b"
"11-08-2026 15:13:31","3","Information","Microsoft-Windows-SenseIR","Succeeded to run action RunPSScriptAction. Action ID: a391f42c-7e1a-4611-8494-1817d2420e09"
"11-08-2026 15:11:51","1","Information","Microsoft-Windows-SenseIR","Starting action RunPSScriptAction. Action ID: a391f42c-7e1a-4611-8494-1817d2420e09"
"11-08-2026 15:05:17","3","Information","Microsoft-Windows-SenseIR","Succeeded to run action RunPSScriptAction. Action ID: 3fa4876e-3ae5-4c59-9a4d-08a7400268a5"
"11-08-2026 15:04:10","1","Information","Microsoft-Windows-SenseIR","Starting action RunPSScriptAction. Action ID: 3fa4876e-3ae5-4c59-9a4d-08a7400268a5"
"11-08-2026 14:57:50","3","Information","Microsoft-Windows-SenseIR","Succeeded to run action RunPSScriptAction. Action ID: 0e371fa0-b3cb-4d76-93ad-467add004280"
"11-08-2026 14:57:40","1","Information","Microsoft-Windows-SenseIR","Starting action RunPSScriptAction. Action ID: 0e371fa0-b3cb-4d76-93ad-467add004280"
"11-08-2026 14:53:47","3","Information","Microsoft-Windows-SenseIR","Succeeded to run action RunPSScriptAction. Action ID: acd1e8f4-3c26-49a7-bec8-9d7a15e1a6d2"
"11-08-2026 14:53:40","1","Information","Microsoft-Windows-SenseIR","Starting action RunPSScriptAction. Action ID: acd1e8f4-3c26-49a7-bec8-9d7a15e1a6d2"
"11-08-2026 14:46:24","3","Information","Microsoft-Windows-SenseIR","Succeeded to run action RunPSScriptAction. Action ID: 0e3d6d2d-06cc-486d-9465-9ef3bee75444"
"11-08-2026 14:45:49","1","Information","Microsoft-Windows-SenseIR","Starting action RunPSScriptAction. Action ID: 0e3d6d2d-06cc-486d-9465-9ef3bee75444"
"11-08-2026 14:30:27","3","Information","Microsoft-Windows-SenseIR","Succeeded to run action RunPSScriptAction. Action ID: 1648ba23-91bf-4822-bd45-661d10a1ea81"
"11-08-2026 14:29:49","1","Information","Microsoft-Windows-SenseIR","Starting action RunPSScriptAction. Action ID: 1648ba23-91bf-4822-bd45-661d10a1ea81"
"11-08-2026 14:11:44","3","Information","Microsoft-Windows-SenseIR","Succeeded to run action RunPSScriptAction. Action ID: 93514365-7ff3-4f5e-9dfd-7eb9f6b779a7"
"11-08-2026 14:11:38","1","Information","Microsoft-Windows-SenseIR","Starting action RunPSScriptAction. Action ID: 93514365-7ff3-4f5e-9dfd-7eb9f6b779a7"
"11-08-2026 13:57:40","3","Information","Microsoft-Windows-SenseIR","Succeeded to run action RunPSScriptAction. Action ID: 046a3caf-d9ec-4da6-a32a-fb148992596b"
"11-08-2026 13:57:27","1","Information","Microsoft-Windows-SenseIR","Starting action RunPSScriptAction. Action ID: 046a3caf-d9ec-4da6-a32a-fb148992596b"
"11-08-2026 13:57:17","4","Information","Microsoft-Windows-SenseIR","Windows Defender Advanced Threat Protection Incident Response executable started."
"11-08-2026 13:43:02","5","Information","Microsoft-Windows-SenseIR","Windows Defender Advanced Threat Protection Incident Response executable terminated. Exit code: 0x0"
"11-08-2026 13:22:15","3","Information","Microsoft-Windows-SenseIR","Succeeded to run action RunPSScriptAction. Action ID: 211ef051-ecf9-4b99-9eed-76e45a831a19"
"11-08-2026 13:22:01","1","Information","Microsoft-Windows-SenseIR","Starting action RunPSScriptAction. Action ID: 211ef051-ecf9-4b99-9eed-76e45a831a19"
"11-08-2026 13:21:51","4","Information","Microsoft-Windows-SenseIR","Windows Defender Advanced Threat Protection Incident Response executable started."
"11-08-2026 12:52:35","5","Information","Microsoft-Windows-SenseIR","Windows Defender Advanced Threat Protection Incident Response executable terminated. Exit code: 0x0"
"11-08-2026 12:31:39","3","Information","Microsoft-Windows-SenseIR","Succeeded to run action RunPSScriptAction. Action ID: fc19515e-4fbb-46d1-b1f4-a28b394632fe"
"11-08-2026 12:31:34","1","Information","Microsoft-Windows-SenseIR","Starting action RunPSScriptAction. Action ID: fc19515e-4fbb-46d1-b1f4-a28b394632fe"
"11-08-2026 12:21:46","3","Information","Microsoft-Windows-SenseIR","Succeeded to run action RunPSScriptAction. Action ID: 9e137068-a631-45e6-81aa-4adda242796e"
"11-08-2026 12:21:34","1","Information","Microsoft-Windows-SenseIR","Starting action RunPSScriptAction. Action ID: 9e137068-a631-45e6-81aa-4adda242796e"
"11-08-2026 12:04:08","3","Information","Microsoft-Windows-SenseIR","Succeeded to run action RunPSScriptAction. Action ID: 05f2c576-9ed5-41eb-9b1e-1b653eebfdff"
"11-08-2026 12:04:03","1","Information","Microsoft-Windows-SenseIR","Starting action RunPSScriptAction. Action ID: 05f2c576-9ed5-41eb-9b1e-1b653eebfdff"
"11-08-2026 12:03:53","4","Information","Microsoft-Windows-SenseIR","Windows Defender Advanced Threat Protection Incident Response executable started."
"11-08-2026 11:27:53","5","Information","Microsoft-Windows-SenseIR","Windows Defender Advanced Threat Protection Incident Response executable terminated. Exit code: 0x0"
"11-08-2026 11:07:01","3","Information","Microsoft-Windows-SenseIR","Succeeded to run action RunPSScriptAction. Action ID: 8e0b85ee-da90-46d9-b939-75081a1ceb3a"
"11-08-2026 11:06:52","1","Information","Microsoft-Windows-SenseIR","Starting action RunPSScriptAction. Action ID: 8e0b85ee-da90-46d9-b939-75081a1ceb3a"
"11-08-2026 11:06:42","4","Information","Microsoft-Windows-SenseIR","Windows Defender Advanced Threat Protection Incident Response executable started."
"11-08-2026 10:48:06","5","Information","Microsoft-Windows-SenseIR","Windows Defender Advanced Threat Protection Incident Response executable terminated. Exit code: 0x0"
"11-08-2026 10:27:08","3","Information","Microsoft-Windows-SenseIR","Succeeded to run action RunPSScriptAction. Action ID: 9f2a6e93-4b3c-4a21-9d6a-879ebba4d64d"
"11-08-2026 10:27:05","1","Information","Microsoft-Windows-SenseIR","Starting action RunPSScriptAction. Action ID: 9f2a6e93-4b3c-4a21-9d6a-879ebba4d64d"
"11-08-2026 10:18:38","3","Information","Microsoft-Windows-SenseIR","Succeeded to run action RunPSScriptAction. Action ID: 93514365-7ff3-4f5e-9dfd-7eb9f6b779a7"
"11-08-2026 10:18:35","1","Information","Microsoft-Windows-SenseIR","Starting action RunPSScriptAction. Action ID: 93514365-7ff3-4f5e-9dfd-7eb9f6b779a7"
"11-08-2026 10:18:25","4","Information","Microsoft-Windows-SenseIR","Windows Defender Advanced Threat Protection Incident Response executable started."
"11-08-2026 09:42:38","5","Information","Microsoft-Windows-SenseIR","Windows Defender Advanced Threat Protection Incident Response executable terminated. Exit code: 0x0"
"11-08-2026 09:22:50","3","Information","Microsoft-Windows-SenseIR","Succeeded to run action RunPSScriptAction. Action ID: a391f42c-7e1a-4611-8494-1817d2420e09"
"11-08-2026 09:21:59","3","Information","Microsoft-Windows-SenseIR","Succeeded to run action RunPSScriptAction. Action ID: 1648ba23-91bf-4822-bd45-661d10a1ea81"
"11-08-2026 09:21:54","3","Information","Microsoft-Windows-SenseIR","Succeeded to run action RunPSScriptAction. Action ID: 3fa4876e-3ae5-4c59-9a4d-08a7400268a5"
"11-08-2026 09:21:42","3","Information","Microsoft-Windows-SenseIR","Succeeded to run action RunPSScriptAction. Action ID: aceb19ff-8484-4db4-b8f6-f5a8d03a8c4a"
"11-08-2026 09:21:39","3","Information","Microsoft-Windows-SenseIR","Succeeded to run action RunPSScriptAction. Action ID: 0e3d6d2d-06cc-486d-9465-9ef3bee75444"
"11-08-2026 09:21:37","1","Information","Microsoft-Windows-SenseIR","Starting action RunPSScriptAction. Action ID: aceb19ff-8484-4db4-b8f6-f5a8d03a8c4a"
"11-08-2026 09:21:36","3","Information","Microsoft-Windows-SenseIR","Succeeded to run action RunPSScriptAction. Action ID: 2d76cc84-8291-481d-845d-62f59f16e445"
"11-08-2026 09:21:27","1","Information","Microsoft-Windows-SenseIR","Starting action RunPSScriptAction. Action ID: 2d76cc84-8291-481d-845d-62f59f16e445"
"11-08-2026 09:21:27","1","Information","Microsoft-Windows-SenseIR","Starting action RunPSScriptAction. Action ID: 1648ba23-91bf-4822-bd45-661d10a1ea81"
"11-08-2026 09:21:27","1","Information","Microsoft-Windows-SenseIR","Starting action RunPSScriptAction. Action ID: a391f42c-7e1a-4611-8494-1817d2420e09"
"11-08-2026 09:21:24","3","Information","Microsoft-Windows-SenseIR","Succeeded to run action RunPSScriptAction. Action ID: 046a3caf-d9ec-4da6-a32a-fb148992596b"
"11-08-2026 09:21:20","3","Information","Microsoft-Windows-SenseIR","Succeeded to run action RunPSScriptAction. Action ID: cfa5b5b7-e717-474f-ad6a-a99ebd513b5c"
"11-08-2026 09:21:19","3","Information","Microsoft-Windows-SenseIR","Succeeded to run action RunPSScriptAction. Action ID: 05f2c576-9ed5-41eb-9b1e-1b653eebfdff"
"11-08-2026 09:21:17","1","Information","Microsoft-Windows-SenseIR","Starting action RunPSScriptAction. Action ID: 05f2c576-9ed5-41eb-9b1e-1b653eebfdff"
"11-08-2026 09:21:17","1","Information","Microsoft-Windows-SenseIR","Starting action RunPSScriptAction. Action ID: 046a3caf-d9ec-4da6-a32a-fb148992596b"
"11-08-2026 09:21:17","1","Information","Microsoft-Windows-SenseIR","Starting action RunPSScriptAction. Action ID: 0e3d6d2d-06cc-486d-9465-9ef3bee75444"
"11-08-2026 09:21:14","3","Information","Microsoft-Windows-SenseIR","Succeeded to run action RunPSScriptAction. Action ID: 211ef051-ecf9-4b99-9eed-76e45a831a19"
"11-08-2026 09:21:07","1","Information","Microsoft-Windows-SenseIR","Starting action RunPSScriptAction. Action ID: 3fa4876e-3ae5-4c59-9a4d-08a7400268a5"
"11-08-2026 09:21:07","1","Information","Microsoft-Windows-SenseIR","Starting action RunPSScriptAction. Action ID: 211ef051-ecf9-4b99-9eed-76e45a831a19"
"11-08-2026 09:21:07","1","Information","Microsoft-Windows-SenseIR","Starting action RunPSScriptAction. Action ID: cfa5b5b7-e717-474f-ad6a-a99ebd513b5c"
"11-08-2026 09:20:56","4","Information","Microsoft-Windows-SenseIR","Windows Defender Advanced Threat Protection Incident Response executable started."
"11-08-2026 06:04:18","5","Information","Microsoft-Windows-SenseIR","Windows Defender Advanced Threat Protection Incident Response executable terminated. Exit code: 0x0"
"10-08-2026 18:48:09","3","Information","Microsoft-Windows-SenseIR","Succeeded to run action RunPSScriptAction. Action ID: 36dc1ba5-2d7a-4cc0-8b07-8b26d1899492"
"10-08-2026 18:47:55","1","Information","Microsoft-Windows-SenseIR","Starting action RunPSScriptAction. Action ID: 36dc1ba5-2d7a-4cc0-8b07-8b26d1899492"
"10-08-2026 18:31:50","3","Information","Microsoft-Windows-SenseIR","Succeeded to run action RunPSScriptAction. Action ID: 149ae17f-1c51-47e8-90b8-8175a782d62b"
"10-08-2026 18:31:44","1","Information","Microsoft-Windows-SenseIR","Starting action RunPSScriptAction. Action ID: 149ae17f-1c51-47e8-90b8-8175a782d62b"
"10-08-2026 18:27:25","3","Information","Microsoft-Windows-SenseIR","Succeeded to run action RunPSScriptAction. Action ID: 100c7519-406d-49cb-b7eb-41ce85513276"
"10-08-2026 18:27:14","1","Information","Microsoft-Windows-SenseIR","Starting action RunPSScriptAction. Action ID: 100c7519-406d-49cb-b7eb-41ce85513276"
"10-08-2026 18:27:04","4","Information","Microsoft-Windows-SenseIR","Windows Defender Advanced Threat Protection Incident Response executable started."
"10-08-2026 17:47:25","5","Information","Microsoft-Windows-SenseIR","Windows Defender Advanced Threat Protection Incident Response executable terminated. Exit code: 0x0"
"10-08-2026 17:26:39","3","Information","Microsoft-Windows-SenseIR","Succeeded to run action RunPSScriptAction. Action ID: aceb19ff-8484-4db4-b8f6-f5a8d03a8c4a"
"10-08-2026 17:26:26","1","Information","Microsoft-Windows-SenseIR","Starting action RunPSScriptAction. Action ID: aceb19ff-8484-4db4-b8f6-f5a8d03a8c4a"
"10-08-2026 17:05:30","3","Information","Microsoft-Windows-SenseIR","Succeeded to run action RunPSScriptAction. Action ID: cb7aec68-dfca-4632-88ad-5b019cb0957d"
"10-08-2026 17:05:25","1","Information","Microsoft-Windows-SenseIR","Starting action RunPSScriptAction. Action ID: cb7aec68-dfca-4632-88ad-5b019cb0957d"
"10-08-2026 17:05:14","4","Information","Microsoft-Windows-SenseIR","Windows Defender Advanced Threat Protection Incident Response executable started."
"10-08-2026 15:58:23","5","Information","Microsoft-Windows-SenseIR","Windows Defender Advanced Threat Protection Incident Response executable terminated. Exit code: 0x0"
"10-08-2026 15:37:34","3","Information","Microsoft-Windows-SenseIR","Succeeded to run action RunPSScriptAction. Action ID: 046a3caf-d9ec-4da6-a32a-fb148992596b"
"10-08-2026 15:37:22","1","Information","Microsoft-Windows-SenseIR","Starting action RunPSScriptAction. Action ID: 046a3caf-d9ec-4da6-a32a-fb148992596b"
"10-08-2026 15:37:11","4","Information","Microsoft-Windows-SenseIR","Windows Defender Advanced Threat Protection Incident Response executable started."
"10-08-2026 15:35:30","5","Information","Microsoft-Windows-SenseIR","Windows Defender Advanced Threat Protection Incident Response executable terminated. Exit code: 0x0"
"10-08-2026 15:16:10","3","Information","Microsoft-Windows-SenseIR","Succeeded to run action RunPSScriptAction. Action ID: a391f42c-7e1a-4611-8494-1817d2420e09"
"10-08-2026 15:14:29","1","Information","Microsoft-Windows-SenseIR","Starting action RunPSScriptAction. Action ID: a391f42c-7e1a-4611-8494-1817d2420e09"
"10-08-2026 15:14:19","4","Information","Microsoft-Windows-SenseIR","Windows Defender Advanced Threat Protection Incident Response executable started."
"10-08-2026 15:00:36","5","Information","Microsoft-Windows-SenseIR","Windows Defender Advanced Threat Protection Incident Response executable terminated. Exit code: 0x0"
"10-08-2026 14:39:59","3","Information","Microsoft-Windows-SenseIR","Succeeded to run action RunPSScriptAction. Action ID: efc69106-6fc1-423a-94ef-221e65a28f09"
"10-08-2026 14:39:35","1","Information","Microsoft-Windows-SenseIR","Starting action RunPSScriptAction. Action ID: efc69106-6fc1-423a-94ef-221e65a28f09"
"10-08-2026 14:31:50","3","Information","Microsoft-Windows-SenseIR","Succeeded to run action RunPSScriptAction. Action ID: 2d76cc84-8291-481d-845d-62f59f16e445"
"10-08-2026 14:31:35","1","Information","Microsoft-Windows-SenseIR","Starting action RunPSScriptAction. Action ID: 2d76cc84-8291-481d-845d-62f59f16e445"
"10-08-2026 14:31:24","4","Information","Microsoft-Windows-SenseIR","Windows Defender Advanced Threat Protection Incident Response executable started."
"10-08-2026 14:24:06","5","Information","Microsoft-Windows-SenseIR","Windows Defender Advanced Threat Protection Incident Response executable terminated. Exit code: 0x0"
"10-08-2026 14:03:40","3","Information","Microsoft-Windows-SenseIR","Succeeded to run action RunPSScriptAction. Action ID: 0e3d6d2d-06cc-486d-9465-9ef3bee75444"
"10-08-2026 14:03:05","1","Information","Microsoft-Windows-SenseIR","Starting action RunPSScriptAction. Action ID: 0e3d6d2d-06cc-486d-9465-9ef3bee75444"
"10-08-2026 14:02:54","4","Information","Microsoft-Windows-SenseIR","Windows Defender Advanced Threat Protection Incident Response executable started."
"10-08-2026 14:02:05","5","Information","Microsoft-Windows-SenseIR","Windows Defender Advanced Threat Protection Incident Response executable terminated. Exit code: 0x0"
"10-08-2026 13:41:12","3","Information","Microsoft-Windows-SenseIR","Succeeded to run action RunPSScriptAction. Action ID: 211ef051-ecf9-4b99-9eed-76e45a831a19"
"10-08-2026 13:41:04","1","Information","Microsoft-Windows-SenseIR","Starting action RunPSScriptAction. Action ID: 211ef051-ecf9-4b99-9eed-76e45a831a19"
"10-08-2026 13:35:01","3","Information","Microsoft-Windows-SenseIR","Succeeded to run action RunPSScriptAction. Action ID: 53159fd8-6386-48c2-91e8-cf4860599c43"
"10-08-2026 13:34:34","1","Information","Microsoft-Windows-SenseIR","Starting action RunPSScriptAction. Action ID: 53159fd8-6386-48c2-91e8-cf4860599c43"
"10-08-2026 13:31:44","3","Information","Microsoft-Windows-SenseIR","Succeeded to run action RunPSScriptAction. Action ID: acd1e8f4-3c26-49a7-bec8-9d7a15e1a6d2"
"10-08-2026 13:31:34","1","Information","Microsoft-Windows-SenseIR","Starting action RunPSScriptAction. Action ID: acd1e8f4-3c26-49a7-bec8-9d7a15e1a6d2"
"10-08-2026 13:31:23","4","Information","Microsoft-Windows-SenseIR","Windows Defender Advanced Threat Protection Incident Response executable started."
"10-08-2026 13:17:09","5","Information","Microsoft-Windows-SenseIR","Windows Defender Advanced Threat Protection Incident Response executable terminated. Exit code: 0x0"
"10-08-2026 12:56:48","3","Information","Microsoft-Windows-SenseIR","Succeeded to run action RunPSScriptAction. Action ID: 1648ba23-91bf-4822-bd45-661d10a1ea81"
"10-08-2026 12:56:08","1","Information","Microsoft-Windows-SenseIR","Starting action RunPSScriptAction. Action ID: 1648ba23-91bf-4822-bd45-661d10a1ea81"
"10-08-2026 12:52:01","3","Information","Microsoft-Windows-SenseIR","Succeeded to run action RunPSScriptAction. Action ID: 3fa4876e-3ae5-4c59-9a4d-08a7400268a5"
"10-08-2026 12:51:08","1","Information","Microsoft-Windows-SenseIR","Starting action RunPSScriptAction. Action ID: 3fa4876e-3ae5-4c59-9a4d-08a7400268a5"
"10-08-2026 12:50:57","4","Information","Microsoft-Windows-SenseIR","Windows Defender Advanced Threat Protection Incident Response executable started."
"10-08-2026 12:47:32","5","Information","Microsoft-Windows-SenseIR","Windows Defender Advanced Threat Protection Incident Response executable terminated. Exit code: 0x0"
"10-08-2026 12:26:40","3","Information","Microsoft-Windows-SenseIR","Succeeded to run action RunPSScriptAction. Action ID: fc19515e-4fbb-46d1-b1f4-a28b394632fe"
"10-08-2026 12:26:31","1","Information","Microsoft-Windows-SenseIR","Starting action RunPSScriptAction. Action ID: fc19515e-4fbb-46d1-b1f4-a28b394632fe"
"10-08-2026 12:21:32","3","Information","Microsoft-Windows-SenseIR","Succeeded to run action RunPSScriptAction. Action ID: 9e137068-a631-45e6-81aa-4adda242796e"
"10-08-2026 12:21:21","1","Information","Microsoft-Windows-SenseIR","Starting action RunPSScriptAction. Action ID: 9e137068-a631-45e6-81aa-4adda242796e"
"10-08-2026 12:21:10","4","Information","Microsoft-Windows-SenseIR","Windows Defender Advanced Threat Protection Incident Response executable started."
"10-08-2026 11:56:47","5","Information","Microsoft-Windows-SenseIR","Windows Defender Advanced Threat Protection Incident Response executable terminated. Exit code: 0x0"
"10-08-2026 11:35:58","3","Information","Microsoft-Windows-SenseIR","Succeeded to run action RunPSScriptAction. Action ID: 0e371fa0-b3cb-4d76-93ad-467add004280"
"10-08-2026 11:35:46","1","Information","Microsoft-Windows-SenseIR","Starting action RunPSScriptAction. Action ID: 0e371fa0-b3cb-4d76-93ad-467add004280"
"10-08-2026 11:35:35","4","Information","Microsoft-Windows-SenseIR","Windows Defender Advanced Threat Protection Incident Response executable started."
"10-08-2026 10:48:18","5","Information","Microsoft-Windows-SenseIR","Windows Defender Advanced Threat Protection Incident Response executable terminated. Exit code: 0x0"
"10-08-2026 10:27:25","3","Information","Microsoft-Windows-SenseIR","Succeeded to run action RunPSScriptAction. Action ID: 9f2a6e93-4b3c-4a21-9d6a-879ebba4d64d"
"10-08-2026 10:27:17","1","Information","Microsoft-Windows-SenseIR","Starting action RunPSScriptAction. Action ID: 9f2a6e93-4b3c-4a21-9d6a-879ebba4d64d"
"10-08-2026 10:27:07","4","Information","Microsoft-Windows-SenseIR","Windows Defender Advanced Threat Protection Incident Response executable started."
"10-08-2026 10:23:33","5","Information","Microsoft-Windows-SenseIR","Windows Defender Advanced Threat Protection Incident Response executable terminated. Exit code: 0x0"
"10-08-2026 10:02:34","3","Information","Microsoft-Windows-SenseIR","Succeeded to run action RunPSScriptAction. Action ID: 9bde6f2a-afcb-4c11-b890-d6a1f78e5c4b"
"10-08-2026 10:02:32","1","Information","Microsoft-Windows-SenseIR","Starting action RunPSScriptAction. Action ID: 9bde6f2a-afcb-4c11-b890-d6a1f78e5c4b"
"10-08-2026 10:02:01","3","Information","Microsoft-Windows-SenseIR","Succeeded to run action RunPSScriptAction. Action ID: 8e0b85ee-da90-46d9-b939-75081a1ceb3a"
"10-08-2026 10:01:52","1","Information","Microsoft-Windows-SenseIR","Starting action RunPSScriptAction. Action ID: 8e0b85ee-da90-46d9-b939-75081a1ceb3a"
"10-08-2026 09:52:38","3","Information","Microsoft-Windows-SenseIR","Succeeded to run action RunPSScriptAction. Action ID: 93514365-7ff3-4f5e-9dfd-7eb9f6b779a7"
"10-08-2026 09:52:31","1","Information","Microsoft-Windows-SenseIR","Starting action RunPSScriptAction. Action ID: 93514365-7ff3-4f5e-9dfd-7eb9f6b779a7"
"10-08-2026 09:50:26","3","Information","Microsoft-Windows-SenseIR","Succeeded to run action RunPSScriptAction. Action ID: 046a3caf-d9ec-4da6-a32a-fb148992596b"
"10-08-2026 09:50:11","1","Information","Microsoft-Windows-SenseIR","Starting action RunPSScriptAction. Action ID: 046a3caf-d9ec-4da6-a32a-fb148992596b"
"10-08-2026 09:37:33","3","Information","Microsoft-Windows-SenseIR","Succeeded to run action RunPSScriptAction. Action ID: 05f2c576-9ed5-41eb-9b1e-1b653eebfdff"
"10-08-2026 09:37:31","1","Information","Microsoft-Windows-SenseIR","Starting action RunPSScriptAction. Action ID: 05f2c576-9ed5-41eb-9b1e-1b653eebfdff"
"10-08-2026 09:37:20","4","Information","Microsoft-Windows-SenseIR","Windows Defender Advanced Threat Protection Incident Response executable started."
"07-08-2026 18:18:30","3","Information","Microsoft-Windows-SenseIR","Succeeded to run action RunPSScriptAction. Action ID: 8e0b85ee-da90-46d9-b939-75081a1ceb3a"
"07-08-2026 18:18:06","1","Information","Microsoft-Windows-SenseIR","Starting action RunPSScriptAction. Action ID: 8e0b85ee-da90-46d9-b939-75081a1ceb3a"
"07-08-2026 18:17:55","4","Information","Microsoft-Windows-SenseIR","Windows Defender Advanced Threat Protection Incident Response executable started."
"07-08-2026 17:37:27","5","Information","Microsoft-Windows-SenseIR","Windows Defender Advanced Threat Protection Incident Response executable terminated. Exit code: 0x0"
"07-08-2026 17:16:29","3","Information","Microsoft-Windows-SenseIR","Succeeded to run action RunPSScriptAction. Action ID: cb7aec68-dfca-4632-88ad-5b019cb0957d"
"07-08-2026 17:16:26","1","Information","Microsoft-Windows-SenseIR","Starting action RunPSScriptAction. Action ID: cb7aec68-dfca-4632-88ad-5b019cb0957d"
"07-08-2026 17:05:58","3","Information","Microsoft-Windows-SenseIR","Succeeded to run action RunPSScriptAction. Action ID: 0e3d6d2d-06cc-486d-9465-9ef3bee75444"
"07-08-2026 17:05:25","1","Information","Microsoft-Windows-SenseIR","Starting action RunPSScriptAction. Action ID: 0e3d6d2d-06cc-486d-9465-9ef3bee75444"
"07-08-2026 16:58:35","3","Information","Microsoft-Windows-SenseIR","Succeeded to run action RunPSScriptAction. Action ID: 3fa4876e-3ae5-4c59-9a4d-08a7400268a5"
"07-08-2026 16:57:25","1","Information","Microsoft-Windows-SenseIR","Starting action RunPSScriptAction. Action ID: 3fa4876e-3ae5-4c59-9a4d-08a7400268a5"
"07-08-2026 16:46:00","3","Information","Microsoft-Windows-SenseIR","Succeeded to run action RunPSScriptAction. Action ID: a391f42c-7e1a-4611-8494-1817d2420e09"
"07-08-2026 16:44:24","1","Information","Microsoft-Windows-SenseIR","Starting action RunPSScriptAction. Action ID: a391f42c-7e1a-4611-8494-1817d2420e09"
"07-08-2026 16:33:26","3","Information","Microsoft-Windows-SenseIR","Succeeded to run action RunPSScriptAction. Action ID: efc69106-6fc1-423a-94ef-221e65a28f09"
"07-08-2026 16:33:04","1","Information","Microsoft-Windows-SenseIR","Starting action RunPSScriptAction. Action ID: efc69106-6fc1-423a-94ef-221e65a28f09"
"07-08-2026 16:32:53","4","Information","Microsoft-Windows-SenseIR","Windows Defender Advanced Threat Protection Incident Response executable started."
"07-08-2026 16:13:17","5","Information","Microsoft-Windows-SenseIR","Windows Defender Advanced Threat Protection Incident Response executable terminated. Exit code: 0x0"
"07-08-2026 15:52:26","3","Information","Microsoft-Windows-SenseIR","Succeeded to run action RunPSScriptAction. Action ID: 046a3caf-d9ec-4da6-a32a-fb148992596b"
"07-08-2026 15:52:16","1","Information","Microsoft-Windows-SenseIR","Starting action RunPSScriptAction. Action ID: 046a3caf-d9ec-4da6-a32a-fb148992596b"
"07-08-2026 15:39:36","3","Information","Microsoft-Windows-SenseIR","Succeeded to run action RunPSScriptAction. Action ID: 211ef051-ecf9-4b99-9eed-76e45a831a19"
"07-08-2026 15:39:26","1","Information","Microsoft-Windows-SenseIR","Starting action RunPSScriptAction. Action ID: 211ef051-ecf9-4b99-9eed-76e45a831a19"
"07-08-2026 15:39:15","4","Information","Microsoft-Windows-SenseIR","Windows Defender Advanced Threat Protection Incident Response executable started."
"07-08-2026 14:25:09","5","Information","Microsoft-Windows-SenseIR","Windows Defender Advanced Threat Protection Incident Response executable terminated. Exit code: 0x0"
"07-08-2026 14:04:16","3","Information","Microsoft-Windows-SenseIR","Succeeded to run action RunPSScriptAction. Action ID: fc19515e-4fbb-46d1-b1f4-a28b394632fe"
"07-08-2026 14:04:09","1","Information","Microsoft-Windows-SenseIR","Starting action RunPSScriptAction. Action ID: fc19515e-4fbb-46d1-b1f4-a28b394632fe"
"07-08-2026 14:03:58","4","Information","Microsoft-Windows-SenseIR","Windows Defender Advanced Threat Protection Incident Response executable started."
"07-08-2026 13:45:34","5","Information","Microsoft-Windows-SenseIR","Windows Defender Advanced Threat Protection Incident Response executable terminated. Exit code: 0x0"
"07-08-2026 13:24:40","3","Information","Microsoft-Windows-SenseIR","Succeeded to run action RunPSScriptAction. Action ID: 93514365-7ff3-4f5e-9dfd-7eb9f6b779a7"
