"03-06-2026 00:17:30","505","Information","Microsoft-Windows-Application-Experience","Compatibility fix applied to C:\Program Files (x86)\Microsoft\Edge\Application\148.0.3967.96\identity_helper.exe.
Fix information: MicrosoftEdge, {268d6880-ee2e-441a-a9a6-9ff9fe1e7357}, 0x80010101."
"03-06-2026 00:16:44","505","Information","Microsoft-Windows-Application-Experience","Compatibility fix applied to C:\Program Files (x86)\Microsoft\Edge\Application\148.0.3967.96\identity_helper.exe.
Fix information: MicrosoftEdge, {268d6880-ee2e-441a-a9a6-9ff9fe1e7357}, 0x80010101."
"03-06-2026 00:12:18","505","Information","Microsoft-Windows-Application-Experience","Compatibility fix applied to C:\Program Files (x86)\Microsoft\Edge\Application\148.0.3967.96\identity_helper.exe.
Fix information: MicrosoftEdge, {268d6880-ee2e-441a-a9a6-9ff9fe1e7357}, 0x80010101."
"02-06-2026 16:20:16","505","Information","Microsoft-Windows-Application-Experience","Compatibility fix applied to C:\Program Files\Microsoft Office\root\Office16\POWERPNT.EXE.
Fix information: Microsoft Office, {d19a01d3-7595-49f2-bd6f-b482480e49a5}, 0x80010101."
"02-06-2026 10:24:00","505","Information","Microsoft-Windows-Application-Experience","Compatibility fix applied to C:\Windows\ImmersiveControlPanel\SystemSettings.exe.
Fix information: Microsoft Apps, {f4db680c-9c1e-4a31-b6b0-3be6bfd4f55f}, 0x80010101."
"02-06-2026 10:24:00","505","Information","Microsoft-Windows-Application-Experience","Compatibility fix applied to C:\Windows\ImmersiveControlPanel\SystemSettings.exe.
Fix information: Microsoft Apps, {15a89f9e-4f3e-4aa2-b026-7271def4f208}, 0x80010101."
"02-06-2026 10:15:09","505","Information","Microsoft-Windows-Application-Experience","Compatibility fix applied to C:\Program Files (x86)\Microsoft\Edge\Application\148.0.3967.96\identity_helper.exe.
Fix information: MicrosoftEdge, {268d6880-ee2e-441a-a9a6-9ff9fe1e7357}, 0x80010101."
"01-06-2026 14:18:05","505","Information","Microsoft-Windows-Application-Experience","Compatibility fix applied to C:\Program Files (x86)\Windows Media Player\wmplayer.exe.
Fix information: Windows Media Player, {778c2d35-85f6-41b3-8b82-cc701435268d}, 0x80010101."
"01-06-2026 13:20:56","505","Information","Microsoft-Windows-Application-Experience","Compatibility fix applied to C:\Program Files\Microsoft Office\root\Office16\POWERPNT.EXE.
Fix information: Microsoft Office, {d19a01d3-7595-49f2-bd6f-b482480e49a5}, 0x80010101."
"01-06-2026 09:38:44","505","Information","Microsoft-Windows-Application-Experience","Compatibility fix applied to C:\Windows\ImmersiveControlPanel\SystemSettings.exe.
Fix information: Microsoft Apps, {f4db680c-9c1e-4a31-b6b0-3be6bfd4f55f}, 0x80010101."
"01-06-2026 09:38:44","505","Information","Microsoft-Windows-Application-Experience","Compatibility fix applied to C:\Windows\ImmersiveControlPanel\SystemSettings.exe.
Fix information: Microsoft Apps, {15a89f9e-4f3e-4aa2-b026-7271def4f208}, 0x80010101."
"01-06-2026 09:31:59","505","Information","Microsoft-Windows-Application-Experience","Compatibility fix applied to C:\Program Files (x86)\Microsoft\Edge\Application\148.0.3967.96\identity_helper.exe.
Fix information: MicrosoftEdge, {268d6880-ee2e-441a-a9a6-9ff9fe1e7357}, 0x80010101."
"01-06-2026 09:17:46","505","Information","Microsoft-Windows-Application-Experience","Compatibility fix applied to C:\Program Files (x86)\Microsoft\Edge\Application\148.0.3967.96\identity_helper.exe.
Fix information: MicrosoftEdge, {268d6880-ee2e-441a-a9a6-9ff9fe1e7357}, 0x80010101."
"31-05-2026 12:10:49","505","Information","Microsoft-Windows-Application-Experience","Compatibility fix applied to C:\Program Files (x86)\Microsoft\Edge\Application\148.0.3967.83\identity_helper.exe.
Fix information: MicrosoftEdge, {268d6880-ee2e-441a-a9a6-9ff9fe1e7357}, 0x80010101."
"31-05-2026 11:50:44","505","Information","Microsoft-Windows-Application-Experience","Compatibility fix applied to C:\Program Files (x86)\Microsoft\Edge\Application\148.0.3967.83\identity_helper.exe.
Fix information: MicrosoftEdge, {268d6880-ee2e-441a-a9a6-9ff9fe1e7357}, 0x80010101."
"31-05-2026 11:16:54","505","Information","Microsoft-Windows-Application-Experience","Compatibility fix applied to C:\Windows\ImmersiveControlPanel\SystemSettings.exe.
Fix information: Microsoft Apps, {f4db680c-9c1e-4a31-b6b0-3be6bfd4f55f}, 0x80010101."
"31-05-2026 11:16:54","505","Information","Microsoft-Windows-Application-Experience","Compatibility fix applied to C:\Windows\ImmersiveControlPanel\SystemSettings.exe.
Fix information: Microsoft Apps, {15a89f9e-4f3e-4aa2-b026-7271def4f208}, 0x80010101."
"29-05-2026 15:08:48","500","Information","Microsoft-Windows-Application-Experience","Compatibility fix applied to C:\Program Files (x86)\Microsoft\EdgeWebView\Application\148.0.3967.83\msedgewebview2.exe.
Fix information: MSEdge Webview2, {173182d1-a32b-49e3-b604-1f4a00ea4def}, 0x10101."
"29-05-2026 15:08:48","500","Information","Microsoft-Windows-Application-Experience","Compatibility fix applied to C:\Program Files (x86)\Microsoft\EdgeWebView\Application\148.0.3967.83\msedgewebview2.exe.
Fix information: MSEdge Webview2, {173182d1-a32b-49e3-b604-1f4a00ea4def}, 0x10101."
"29-05-2026 15:08:48","500","Information","Microsoft-Windows-Application-Experience","Compatibility fix applied to C:\Program Files (x86)\Microsoft\EdgeWebView\Application\148.0.3967.83\msedgewebview2.exe.
Fix information: MSEdge Webview2, {173182d1-a32b-49e3-b604-1f4a00ea4def}, 0x10101."
"29-05-2026 15:08:47","500","Information","Microsoft-Windows-Application-Experience","Compatibility fix applied to C:\Program Files (x86)\Microsoft\EdgeWebView\Application\148.0.3967.83\msedgewebview2.exe.
Fix information: MSEdge Webview2, {173182d1-a32b-49e3-b604-1f4a00ea4def}, 0x10101."
"29-05-2026 12:25:59","500","Information","Microsoft-Windows-Application-Experience","Compatibility fix applied to C:\Program Files\Microsoft Office\root\Office16\POWERPNT.EXE.
Fix information: Microsoft Office, {d19a01d3-7595-49f2-bd6f-b482480e49a5}, 0x10101."
"29-05-2026 10:55:11","505","Information","Microsoft-Windows-Application-Experience","Compatibility fix applied to C:\263e71667212ad63836d7b8b533ec1\x64\ScenarioEngine.exe.
Fix information: SQL Server Installer, {ab2d6905-5f1a-4d41-807a-dc517aa49320}, 0x80010101."
"29-05-2026 10:54:19","500","Information","Microsoft-Windows-Application-Experience","Compatibility fix applied to C:\263e71667212ad63836d7b8b533ec1\x64\ScenarioEngine.exe.
Fix information: SQL Server Installer, {ab2d6905-5f1a-4d41-807a-dc517aa49320}, 0x10101."
"28-05-2026 10:53:17","505","Information","Microsoft-Windows-Application-Experience","Compatibility fix applied to C:\Program Files (x86)\Windows Media Player\wmplayer.exe.
Fix information: Windows Media Player, {778c2d35-85f6-41b3-8b82-cc701435268d}, 0x80010101."
"28-05-2026 10:53:10","500","Information","Microsoft-Windows-Application-Experience","Compatibility fix applied to C:\Program Files (x86)\Windows Media Player\wmplayer.exe.
Fix information: Windows Media Player, {778c2d35-85f6-41b3-8b82-cc701435268d}, 0x10101."
"28-05-2026 10:45:52","505","Information","Microsoft-Windows-Application-Experience","Compatibility fix applied to C:\Windows\ImmersiveControlPanel\SystemSettings.exe.
Fix information: Microsoft Apps, {f4db680c-9c1e-4a31-b6b0-3be6bfd4f55f}, 0x80010101."
"28-05-2026 10:45:52","505","Information","Microsoft-Windows-Application-Experience","Compatibility fix applied to C:\Windows\ImmersiveControlPanel\SystemSettings.exe.
Fix information: Microsoft Apps, {15a89f9e-4f3e-4aa2-b026-7271def4f208}, 0x80010101."
"28-05-2026 10:26:52","500","Information","Microsoft-Windows-Application-Experience","Compatibility fix applied to C:\Program Files\Microsoft SQL Server\150\Setup Bootstrap\SQL2019\x64\ScenarioEngine.exe.
Fix information: SQL Server Installer, {ab2d6905-5f1a-4d41-807a-dc517aa49320}, 0x10101."
"28-05-2026 10:26:04","500","Information","Microsoft-Windows-Application-Experience","Compatibility fix applied to C:\Users\arjo5004.T1\AppData\Local\Temp\SQLEXPR_x64_ENU\x64\ScenarioEngine.exe.
Fix information: SQL Server Installer, {ab2d6905-5f1a-4d41-807a-dc517aa49320}, 0x10101."
"28-05-2026 10:22:49","505","Information","Microsoft-Windows-Application-Experience","Compatibility fix applied to C:\Program Files (x86)\Microsoft\Edge\Application\148.0.3967.83\identity_helper.exe.
Fix information: MicrosoftEdge, {268d6880-ee2e-441a-a9a6-9ff9fe1e7357}, 0x80010101."
"28-05-2026 10:17:09","505","Information","Microsoft-Windows-Application-Experience","Compatibility fix applied to C:\Windows\ImmersiveControlPanel\SystemSettings.exe.
Fix information: Microsoft Apps, {f4db680c-9c1e-4a31-b6b0-3be6bfd4f55f}, 0x80010101."
"28-05-2026 10:17:09","505","Information","Microsoft-Windows-Application-Experience","Compatibility fix applied to C:\Windows\ImmersiveControlPanel\SystemSettings.exe.
Fix information: Microsoft Apps, {15a89f9e-4f3e-4aa2-b026-7271def4f208}, 0x80010101."
"27-05-2026 12:59:04","505","Information","Microsoft-Windows-Application-Experience","Compatibility fix applied to C:\Program Files\Microsoft Office\root\Office16\POWERPNT.EXE.
Fix information: Microsoft Office, {d19a01d3-7595-49f2-bd6f-b482480e49a5}, 0x80010101."
"27-05-2026 11:55:04","505","Information","Microsoft-Windows-Application-Experience","Compatibility fix applied to C:\Program Files\Microsoft Office\root\Office16\POWERPNT.EXE.
Fix information: Microsoft Office, {d19a01d3-7595-49f2-bd6f-b482480e49a5}, 0x80010101."
"26-05-2026 18:37:14","500","Information","Microsoft-Windows-Application-Experience","Compatibility fix applied to C:\Program Files\Microsoft Office\root\Office16\POWERPNT.EXE.
Fix information: Microsoft Office, {d19a01d3-7595-49f2-bd6f-b482480e49a5}, 0x10101."
"26-05-2026 09:54:26","505","Information","Microsoft-Windows-Application-Experience","Compatibility fix applied to C:\Program Files (x86)\Microsoft\Edge\Application\148.0.3967.83\identity_helper.exe.
Fix information: MicrosoftEdge, {268d6880-ee2e-441a-a9a6-9ff9fe1e7357}, 0x80010101."
"25-05-2026 15:37:34","505","Information","Microsoft-Windows-Application-Experience","Compatibility fix applied to C:\Program Files\Microsoft Office\root\Office16\POWERPNT.EXE.
Fix information: Microsoft Office, {d19a01d3-7595-49f2-bd6f-b482480e49a5}, 0x80010101."
"25-05-2026 14:22:01","505","Information","Microsoft-Windows-Application-Experience","Compatibility fix applied to C:\Program Files (x86)\Microsoft\Edge\Application\148.0.3967.83\identity_helper.exe.
Fix information: MicrosoftEdge, {268d6880-ee2e-441a-a9a6-9ff9fe1e7357}, 0x80010101."
"25-05-2026 13:20:41","500","Information","Microsoft-Windows-Application-Experience","Compatibility fix applied to C:\Program Files\Microsoft Office\root\Office16\POWERPNT.EXE.
Fix information: Microsoft Office, {d19a01d3-7595-49f2-bd6f-b482480e49a5}, 0x10101."
"25-05-2026 09:14:01","505","Information","Microsoft-Windows-Application-Experience","Compatibility fix applied to C:\Windows\ImmersiveControlPanel\SystemSettings.exe.
Fix information: Microsoft Apps, {f4db680c-9c1e-4a31-b6b0-3be6bfd4f55f}, 0x80010101."
"25-05-2026 09:14:01","505","Information","Microsoft-Windows-Application-Experience","Compatibility fix applied to C:\Windows\ImmersiveControlPanel\SystemSettings.exe.
Fix information: Microsoft Apps, {15a89f9e-4f3e-4aa2-b026-7271def4f208}, 0x80010101."
"25-05-2026 09:02:14","505","Information","Microsoft-Windows-Application-Experience","Compatibility fix applied to C:\Program Files (x86)\Microsoft\Edge\Application\148.0.3967.83\identity_helper.exe.
Fix information: MicrosoftEdge, {268d6880-ee2e-441a-a9a6-9ff9fe1e7357}, 0x80010101."
"25-05-2026 09:00:34","505","Information","Microsoft-Windows-Application-Experience","Compatibility fix applied to C:\Windows\system32\wwahost.exe.
Fix information: Microsoft.Windows.CloudExperienceHost, {b1756ba4-d3d6-4607-8187-34488a3ce713}, 0x80010101."
"23-05-2026 22:58:29","505","Information","Microsoft-Windows-Application-Experience","Compatibility fix applied to C:\Program Files (x86)\Microsoft\Edge\Application\148.0.3967.83\identity_helper.exe.
Fix information: MicrosoftEdge, {268d6880-ee2e-441a-a9a6-9ff9fe1e7357}, 0x80010101."
"23-05-2026 22:04:22","505","Information","Microsoft-Windows-Application-Experience","Compatibility fix applied to C:\Windows\ImmersiveControlPanel\SystemSettings.exe.
Fix information: Microsoft Apps, {f4db680c-9c1e-4a31-b6b0-3be6bfd4f55f}, 0x80010101."
"23-05-2026 22:04:22","505","Information","Microsoft-Windows-Application-Experience","Compatibility fix applied to C:\Windows\ImmersiveControlPanel\SystemSettings.exe.
Fix information: Microsoft Apps, {15a89f9e-4f3e-4aa2-b026-7271def4f208}, 0x80010101."
"23-05-2026 21:50:25","505","Information","Microsoft-Windows-Application-Experience","Compatibility fix applied to C:\Program Files (x86)\Microsoft\Edge\Application\148.0.3967.83\identity_helper.exe.
Fix information: MicrosoftEdge, {268d6880-ee2e-441a-a9a6-9ff9fe1e7357}, 0x80010101."
"23-05-2026 21:49:46","505","Information","Microsoft-Windows-Application-Experience","Compatibility fix applied to C:\Windows\system32\wwahost.exe.
Fix information: Microsoft.Windows.CloudExperienceHost, {b1756ba4-d3d6-4607-8187-34488a3ce713}, 0x80010101."
"23-05-2026 13:53:30","505","Information","Microsoft-Windows-Application-Experience","Compatibility fix applied to C:\Program Files (x86)\Microsoft\Edge\Application\148.0.3967.83\identity_helper.exe.
Fix information: MicrosoftEdge, {268d6880-ee2e-441a-a9a6-9ff9fe1e7357}, 0x80010101."
"23-05-2026 13:41:41","505","Information","Microsoft-Windows-Application-Experience","Compatibility fix applied to C:\Windows\ImmersiveControlPanel\SystemSettings.exe.
Fix information: Microsoft Apps, {f4db680c-9c1e-4a31-b6b0-3be6bfd4f55f}, 0x80010101."
"23-05-2026 13:41:41","505","Information","Microsoft-Windows-Application-Experience","Compatibility fix applied to C:\Windows\ImmersiveControlPanel\SystemSettings.exe.
Fix information: Microsoft Apps, {15a89f9e-4f3e-4aa2-b026-7271def4f208}, 0x80010101."
"23-05-2026 13:20:42","505","Information","Microsoft-Windows-Application-Experience","Compatibility fix applied to C:\Windows\ImmersiveControlPanel\SystemSettings.exe.
Fix information: Microsoft Apps, {f4db680c-9c1e-4a31-b6b0-3be6bfd4f55f}, 0x80010101."
"23-05-2026 13:20:42","505","Information","Microsoft-Windows-Application-Experience","Compatibility fix applied to C:\Windows\ImmersiveControlPanel\SystemSettings.exe.
Fix information: Microsoft Apps, {15a89f9e-4f3e-4aa2-b026-7271def4f208}, 0x80010101."
"23-05-2026 13:17:25","505","Information","Microsoft-Windows-Application-Experience","Compatibility fix applied to C:\Program Files (x86)\Microsoft\Edge\Application\msedge.exe.
Fix information: Microsoft Apps, {f4db680c-9c1e-4a31-b6b0-3be6bfd4f55f}, 0x80010101."
"23-05-2026 13:17:25","505","Information","Microsoft-Windows-Application-Experience","Compatibility fix applied to C:\Program Files (x86)\Microsoft\Edge\Application\msedge.exe.
Fix information: Microsoft Apps, {15a89f9e-4f3e-4aa2-b026-7271def4f208}, 0x80010101."
"23-05-2026 13:17:13","505","Information","Microsoft-Windows-Application-Experience","Compatibility fix applied to C:\Windows\system32\DllHost.exe.
Fix information: Microsoft Apps, {f4db680c-9c1e-4a31-b6b0-3be6bfd4f55f}, 0x80010101."
"23-05-2026 13:17:13","505","Information","Microsoft-Windows-Application-Experience","Compatibility fix applied to C:\Windows\system32\DllHost.exe.
Fix information: Microsoft Apps, {15a89f9e-4f3e-4aa2-b026-7271def4f208}, 0x80010101."
"23-05-2026 13:14:50","505","Information","Microsoft-Windows-Application-Experience","Compatibility fix applied to C:\Windows\system32\DllHost.exe.
Fix information: Microsoft Apps, {f4db680c-9c1e-4a31-b6b0-3be6bfd4f55f}, 0x80010101."
"23-05-2026 13:14:50","505","Information","Microsoft-Windows-Application-Experience","Compatibility fix applied to C:\Windows\system32\DllHost.exe.
Fix information: Microsoft Apps, {15a89f9e-4f3e-4aa2-b026-7271def4f208}, 0x80010101."
"23-05-2026 13:14:07","505","Information","Microsoft-Windows-Application-Experience","Compatibility fix applied to C:\Windows\System32\SystemSettingsBroker.exe.
Fix information: Microsoft Apps, {f4db680c-9c1e-4a31-b6b0-3be6bfd4f55f}, 0x80010101."
"23-05-2026 13:14:07","505","Information","Microsoft-Windows-Application-Experience","Compatibility fix applied to C:\Windows\System32\SystemSettingsBroker.exe.
Fix information: Microsoft Apps, {15a89f9e-4f3e-4aa2-b026-7271def4f208}, 0x80010101."
"23-05-2026 13:12:51","505","Information","Microsoft-Windows-Application-Experience","Compatibility fix applied to C:\Windows\system32\DllHost.exe.
Fix information: Microsoft Apps, {f4db680c-9c1e-4a31-b6b0-3be6bfd4f55f}, 0x80010101."
"23-05-2026 13:12:51","505","Information","Microsoft-Windows-Application-Experience","Compatibility fix applied to C:\Windows\system32\DllHost.exe.
Fix information: Microsoft Apps, {15a89f9e-4f3e-4aa2-b026-7271def4f208}, 0x80010101."
"23-05-2026 13:12:24","505","Information","Microsoft-Windows-Application-Experience","Compatibility fix applied to C:\Windows\system32\DllHost.exe.
Fix information: Microsoft Apps, {f4db680c-9c1e-4a31-b6b0-3be6bfd4f55f}, 0x80010101."
"23-05-2026 13:12:24","505","Information","Microsoft-Windows-Application-Experience","Compatibility fix applied to C:\Windows\system32\DllHost.exe.
Fix information: Microsoft Apps, {15a89f9e-4f3e-4aa2-b026-7271def4f208}, 0x80010101."
"23-05-2026 13:11:01","505","Information","Microsoft-Windows-Application-Experience","Compatibility fix applied to C:\Windows\ImmersiveControlPanel\SystemSettings.exe.
Fix information: Microsoft Apps, {f4db680c-9c1e-4a31-b6b0-3be6bfd4f55f}, 0x80010101."
"23-05-2026 13:11:01","505","Information","Microsoft-Windows-Application-Experience","Compatibility fix applied to C:\Windows\ImmersiveControlPanel\SystemSettings.exe.
Fix information: Microsoft Apps, {15a89f9e-4f3e-4aa2-b026-7271def4f208}, 0x80010101."
"23-05-2026 13:08:55","505","Information","Microsoft-Windows-Application-Experience","Compatibility fix applied to C:\Windows\ImmersiveControlPanel\SystemSettings.exe.
Fix information: Microsoft Apps, {f4db680c-9c1e-4a31-b6b0-3be6bfd4f55f}, 0x80010101."
"23-05-2026 13:08:55","505","Information","Microsoft-Windows-Application-Experience","Compatibility fix applied to C:\Windows\ImmersiveControlPanel\SystemSettings.exe.
Fix information: Microsoft Apps, {15a89f9e-4f3e-4aa2-b026-7271def4f208}, 0x80010101."
"23-05-2026 12:59:21","505","Information","Microsoft-Windows-Application-Experience","Compatibility fix applied to C:\Program Files (x86)\Microsoft\Edge\Application\148.0.3967.83\identity_helper.exe.
Fix information: MicrosoftEdge, {268d6880-ee2e-441a-a9a6-9ff9fe1e7357}, 0x80010101."
"23-05-2026 12:57:35","505","Information","Microsoft-Windows-Application-Experience","Compatibility fix applied to C:\Program Files (x86)\Microsoft\Edge\Application\148.0.3967.83\identity_helper.exe.
Fix information: MicrosoftEdge, {268d6880-ee2e-441a-a9a6-9ff9fe1e7357}, 0x80010101."
"23-05-2026 12:56:50","505","Information","Microsoft-Windows-Application-Experience","Compatibility fix applied to C:\Program Files (x86)\Microsoft\Edge\Application\148.0.3967.83\identity_helper.exe.
Fix information: MicrosoftEdge, {268d6880-ee2e-441a-a9a6-9ff9fe1e7357}, 0x80010101."
"23-05-2026 12:55:55","505","Information","Microsoft-Windows-Application-Experience","Compatibility fix applied to C:\Windows\system32\DllHost.exe.
Fix information: Microsoft Apps, {f4db680c-9c1e-4a31-b6b0-3be6bfd4f55f}, 0x80010101."
"23-05-2026 12:55:55","505","Information","Microsoft-Windows-Application-Experience","Compatibility fix applied to C:\Windows\system32\DllHost.exe.
Fix information: Microsoft Apps, {15a89f9e-4f3e-4aa2-b026-7271def4f208}, 0x80010101."
"23-05-2026 12:55:26","500","Information","Microsoft-Windows-Application-Experience","Compatibility fix applied to C:\Windows\ImmersiveControlPanel\SystemSettings.exe.
Fix information: Microsoft Apps, {f4db680c-9c1e-4a31-b6b0-3be6bfd4f55f}, 0x10101."
"23-05-2026 12:55:26","500","Information","Microsoft-Windows-Application-Experience","Compatibility fix applied to C:\Windows\ImmersiveControlPanel\SystemSettings.exe.
Fix information: Microsoft Apps, {15a89f9e-4f3e-4aa2-b026-7271def4f208}, 0x10101."
"23-05-2026 12:05:31","505","Information","Microsoft-Windows-Application-Experience","Compatibility fix applied to C:\Program Files (x86)\Microsoft\Edge\Application\148.0.3967.83\identity_helper.exe.
Fix information: MicrosoftEdge, {268d6880-ee2e-441a-a9a6-9ff9fe1e7357}, 0x80010101."
"23-05-2026 11:51:35","505","Information","Microsoft-Windows-Application-Experience","Compatibility fix applied to C:\Program Files\Microsoft Office\root\Office16\ONENOTE.EXE.
Fix information: Microsoft Office, {53f76377-e213-4373-a1fc-9f9dc95eccfa}, 0x80010101."
"23-05-2026 11:51:01","500","Information","Microsoft-Windows-Application-Experience","Compatibility fix applied to C:\Program Files\Microsoft Office\root\Office16\ONENOTE.EXE.
Fix information: Microsoft Office, {53f76377-e213-4373-a1fc-9f9dc95eccfa}, 0x10101."
"23-05-2026 11:05:33","500","Information","Microsoft-Windows-Application-Experience","Compatibility fix applied to C:\Program Files (x86)\Microsoft\Edge\Application\148.0.3967.70\identity_helper.exe.
Fix information: MicrosoftEdge, {268d6880-ee2e-441a-a9a6-9ff9fe1e7357}, 0x10101."
"23-05-2026 11:01:43","505","Information","Microsoft-Windows-Application-Experience","Compatibility fix applied to C:\Windows\system32\wwahost.exe.
Fix information: Microsoft.Windows.CloudExperienceHost, {b1756ba4-d3d6-4607-8187-34488a3ce713}, 0x80010101."
"23-05-2026 10:52:01","505","Information","Microsoft-Windows-Application-Experience","Compatibility fix applied to C:\Windows\system32\wwahost.exe.
Fix information: Microsoft.Windows.CloudExperienceHost, {b1756ba4-d3d6-4607-8187-34488a3ce713}, 0x80010101."
"23-05-2026 23:08:57","500","Information","Microsoft-Windows-Application-Experience","Compatibility fix applied to C:\Windows\system32\wwahost.exe.
Fix information: Microsoft.Windows.CloudExperienceHost, {b1756ba4-d3d6-4607-8187-34488a3ce713}, 0x10101."
