"22-07-2026 11:12:15","332","Information","Microsoft-Windows-AppXDeployment","Deployment operation 10 on MdOdrMcpFilterPackage_1.0.0.0_neutral__cw5n1h2txyewy with options 0x10000001 and calling process svchost.exe,AppXSvc with callstack ntdll.dll+1600f4 [ver: 10.0.26100.8521]
KERNELBASE.dll+1c2ef [ver: 10.0.26100.8655]
AppXDeploymentClient.dll+c6032 [ver: 10.0.26100.8521]
AppXDeploymentClient.dll+15803 [ver: 10.0.26100.8521]
AppXDeploymentClient.dll+1437a [ver: 10.0.26100.8521]
AppXDeploymentClient.dll+13c08 [ver: 10.0.26100.8521]
AppXDeploymentClient.dll+13a00 [ver: 10.0.26100.8521]
AppXDeploymentClient.dll+2617b [ver: 10.0.26100.8521]
AppXDeploymentClient.dll+16646 [ver: 10.0.26100.8521]
AppXDeploymentClient.dll+16941 [ver: 10.0.26100.8521]
AppXDeploymentClient.dll+166ef [ver: 10.0.26100.8521]
appxdeploymentserver.dll+1d40ec [ver: 10.0.26100.8655]
appxdeploymentserver.dll+127bc8 [ver: 10.0.26100.8655]
appxdeploymentserver.dll+126cd1 [ver: 10.0.26100.8655]
appxdeploymentserver.dll+142ede [ver: 10.0.26100.8655]
appxdeploymentserver.dll+142ce9 [ver: 10.0.26100.8655]
ntdll.dll+8ed9d [ver: 10.0.26100.8521]
ntdll.dll+2ce19 [ver: 10.0.26100.8521]
KERNEL32.DLL+2e957 [ver: 10.0.26100.8521]
ntdll.dll+87c1c [ver: 10.0.26100.8521]
ntdll.dll+87c1c [ver: 10.0.26100.8521]
"
"21-07-2026 11:03:40","332","Information","Microsoft-Windows-AppXDeployment","Deployment operation 10 on MdOdrMcpFilterPackage_1.0.0.0_neutral__cw5n1h2txyewy with options 0x10000001 and calling process svchost.exe,AppXSvc with callstack ntdll.dll+1600f4 [ver: 10.0.26100.8521]
KERNELBASE.dll+1c2ef [ver: 10.0.26100.8655]
AppXDeploymentClient.dll+c6032 [ver: 10.0.26100.8521]
AppXDeploymentClient.dll+15803 [ver: 10.0.26100.8521]
AppXDeploymentClient.dll+1437a [ver: 10.0.26100.8521]
AppXDeploymentClient.dll+13c08 [ver: 10.0.26100.8521]
AppXDeploymentClient.dll+13a00 [ver: 10.0.26100.8521]
AppXDeploymentClient.dll+2617b [ver: 10.0.26100.8521]
AppXDeploymentClient.dll+16646 [ver: 10.0.26100.8521]
AppXDeploymentClient.dll+16941 [ver: 10.0.26100.8521]
AppXDeploymentClient.dll+166ef [ver: 10.0.26100.8521]
appxdeploymentserver.dll+1d40ec [ver: 10.0.26100.8655]
appxdeploymentserver.dll+127bc8 [ver: 10.0.26100.8655]
appxdeploymentserver.dll+126cd1 [ver: 10.0.26100.8655]
appxdeploymentserver.dll+142ede [ver: 10.0.26100.8655]
appxdeploymentserver.dll+142ce9 [ver: 10.0.26100.8655]
ntdll.dll+8ed9d [ver: 10.0.26100.8521]
ntdll.dll+2ce19 [ver: 10.0.26100.8521]
KERNEL32.DLL+2e957 [ver: 10.0.26100.8521]
ntdll.dll+87c1c [ver: 10.0.26100.8521]
ntdll.dll+87c1c [ver: 10.0.26100.8521]
"
"21-07-2026 08:47:20","327","Verbose","Microsoft-Windows-AppXDeployment","The following packages will be installed: aimgr_0.20.60.0_x64__8wekyb3d8bbwe Microsoft.OneDriveSync_26119.622.3.0_neutral__8wekyb3d8bbwe Microsoft.WindowsAppRuntime.2_2.3.1.0_x64__8wekyb3d8bbwe . The following packages will be removed: NULL"
"21-07-2026 08:47:20","326","Verbose","Microsoft-Windows-AppXDeployment","Determining packages to be installed during logon for user: S-1-12-1-2357405129-1281513531-255772574-1816207334."
"21-07-2026 08:45:41","327","Verbose","Microsoft-Windows-AppXDeployment","The following packages will be installed: Microsoft.Office.ActionsServer_16.0.20131.20152_neutral__8wekyb3d8bbwe Microsoft.OfficePushNotificationUtility_16.0.20131.20152_neutral__8wekyb3d8bbwe Microsoft.WindowsAppRuntime.2_2.3.1.0_x64__8wekyb3d8bbwe . The following packages will be removed: NULL"
"21-07-2026 08:45:41","326","Verbose","Microsoft-Windows-AppXDeployment","Determining packages to be installed during logon for user: S-1-12-1-2357405129-1281513531-255772574-1816207334."
"21-07-2026 08:45:40","327","Verbose","Microsoft-Windows-AppXDeployment","The following packages will be installed: Microsoft.OfficePushNotificationUtility_16.0.20131.20152_neutral__8wekyb3d8bbwe Microsoft.WindowsAppRuntime.2_2.3.1.0_x64__8wekyb3d8bbwe . The following packages will be removed: NULL"
"21-07-2026 08:45:40","326","Verbose","Microsoft-Windows-AppXDeployment","Determining packages to be installed during logon for user: S-1-12-1-2357405129-1281513531-255772574-1816207334."
"21-07-2026 08:44:59","332","Information","Microsoft-Windows-AppXDeployment","Deployment operation 20 on MicrosoftWindows.CrossDevice_cw5n1h2txyewy with options 0x0 and calling process svchost.exe,AppXSvc with callstack ntdll.dll+1600f4 [ver: 10.0.26100.8521]
KERNELBASE.dll+1c2ef [ver: 10.0.26100.8655]
AppXDeploymentClient.dll+c6032 [ver: 10.0.26100.8521]
AppXDeploymentClient.dll+15803 [ver: 10.0.26100.8521]
AppXDeploymentClient.dll+1437a [ver: 10.0.26100.8521]
AppXDeploymentClient.dll+13c08 [ver: 10.0.26100.8521]
AppXDeploymentClient.dll+13a00 [ver: 10.0.26100.8521]
AppXDeploymentClient.dll+2617b [ver: 10.0.26100.8521]
AppXDeploymentClient.dll+16646 [ver: 10.0.26100.8521]
AppXDeploymentClient.dll+16941 [ver: 10.0.26100.8521]
AppXDeploymentClient.dll+67874 [ver: 10.0.26100.8521]
appxdeploymentserver.dll+2072c1 [ver: 10.0.26100.8655]
appxdeploymentserver.dll+309b45 [ver: 10.0.26100.8655]
RPCRT4.dll+d36a3 [ver: 10.0.26100.8521]
RPCRT4.dll+d570e [ver: 10.0.26100.8521]
RPCRT4.dll+8a77c [ver: 10.0.26100.8521]
RPCRT4.dll+88687 [ver: 10.0.26100.8521]
RPCRT4.dll+4da74 [ver: 10.0.26100.8521]
RPCRT4.dll+4ea88 [ver: 10.0.26100.8521]
RPCRT4.dll+3bc14 [ver: 10.0.26100.8521]
RPCRT4.dll+4bfdc [ver: 10.0.26100.8521]
RPCRT4.dll+51fdc [ver: 10.0.26100.8521]
RPCRT4.dll+51163 [ver: 10.0.26100.8521]
RPCRT4.dll+50108 [ver: 10.0.26100.8521]
ntdll.dll+2ea3e [ver: 10.0.26100.8521]
ntdll.dll+2cb63 [ver: 10.0.26100.8521]
KERNEL32.DLL+2e957 [ver: 10.0.26100.8521]
ntdll.dll+87c1c [ver: 10.0.26100.8521]
ntdll.dll+87c1c [ver: 10.0.26100.8521]
"
"21-07-2026 08:44:58","327","Verbose","Microsoft-Windows-AppXDeployment","The following packages will be installed: Microsoft.MicrosoftOfficeHub_2026.714.1341.0_neutral_~_8wekyb3d8bbwe MicrosoftWindows.CrossDevice_1.26052.99.0_neutral_~_cw5n1h2txyewy Microsoft.WindowsAppRuntime.2_2.3.1.0_x64__8wekyb3d8bbwe Microsoft.WindowsNotepad_11.2605.34.0_neutral_~_8wekyb3d8bbwe . The following packages will be removed: NULL"
"21-07-2026 08:44:57","326","Verbose","Microsoft-Windows-AppXDeployment","Determining packages to be installed during logon for user: S-1-12-1-2357405129-1281513531-255772574-1816207334."
"20-07-2026 14:57:17","327","Verbose","Microsoft-Windows-AppXDeployment","The following packages will be installed: Microsoft.OneDriveSync_26119.622.3.0_neutral__8wekyb3d8bbwe Microsoft.WindowsAppRuntime.2_2.3.1.0_x64__8wekyb3d8bbwe Microsoft.WindowsNotepad_11.2605.34.0_neutral_~_8wekyb3d8bbwe Microsoft.MicrosoftOfficeHub_2026.714.1341.0_neutral_~_8wekyb3d8bbwe . The following packages will be removed: NULL"
"20-07-2026 14:57:17","326","Verbose","Microsoft-Windows-AppXDeployment","Determining packages to be installed during logon for user: S-1-12-1-2357405129-1281513531-255772574-1816207334."
"20-07-2026 14:57:07","327","Verbose","Microsoft-Windows-AppXDeployment","The following packages will be installed: Microsoft.OneDriveSync_26119.622.3.0_neutral__8wekyb3d8bbwe Microsoft.WindowsAppRuntime.2_2.3.1.0_x64__8wekyb3d8bbwe Microsoft.WindowsNotepad_11.2605.34.0_neutral_~_8wekyb3d8bbwe Microsoft.MicrosoftOfficeHub_2026.714.1341.0_neutral_~_8wekyb3d8bbwe . The following packages will be removed: NULL"
"20-07-2026 14:57:07","326","Verbose","Microsoft-Windows-AppXDeployment","Determining packages to be installed during logon for user: S-1-12-1-2357405129-1281513531-255772574-1816207334."
"20-07-2026 10:38:54","327","Verbose","Microsoft-Windows-AppXDeployment","The following packages will be installed: Microsoft.MicrosoftEdge.Stable_150.0.4078.83_neutral__8wekyb3d8bbwe Microsoft.WindowsAppRuntime.2_2.3.1.0_x64__8wekyb3d8bbwe Microsoft.WindowsNotepad_11.2605.34.0_neutral_~_8wekyb3d8bbwe Microsoft.MicrosoftOfficeHub_2026.714.1341.0_neutral_~_8wekyb3d8bbwe . The following packages will be removed: NULL"
"20-07-2026 10:38:54","326","Verbose","Microsoft-Windows-AppXDeployment","Determining packages to be installed during logon for user: S-1-12-1-2357405129-1281513531-255772574-1816207334."
"20-07-2026 10:03:30","332","Information","Microsoft-Windows-AppXDeployment","Deployment operation 10 on MdOdrMcpFilterPackage_1.0.0.0_neutral__cw5n1h2txyewy with options 0x10000001 and calling process svchost.exe,AppXSvc with callstack ntdll.dll+1600f4 [ver: 10.0.26100.8521]
KERNELBASE.dll+1c2ef [ver: 10.0.26100.8655]
AppXDeploymentClient.dll+c6032 [ver: 10.0.26100.8521]
AppXDeploymentClient.dll+15803 [ver: 10.0.26100.8521]
AppXDeploymentClient.dll+1437a [ver: 10.0.26100.8521]
AppXDeploymentClient.dll+13c08 [ver: 10.0.26100.8521]
AppXDeploymentClient.dll+13a00 [ver: 10.0.26100.8521]
AppXDeploymentClient.dll+2617b [ver: 10.0.26100.8521]
AppXDeploymentClient.dll+16646 [ver: 10.0.26100.8521]
AppXDeploymentClient.dll+16941 [ver: 10.0.26100.8521]
AppXDeploymentClient.dll+166ef [ver: 10.0.26100.8521]
appxdeploymentserver.dll+1d40ec [ver: 10.0.26100.8655]
appxdeploymentserver.dll+127bc8 [ver: 10.0.26100.8655]
appxdeploymentserver.dll+126cd1 [ver: 10.0.26100.8655]
appxdeploymentserver.dll+142ede [ver: 10.0.26100.8655]
appxdeploymentserver.dll+142ce9 [ver: 10.0.26100.8655]
ntdll.dll+8ed9d [ver: 10.0.26100.8521]
ntdll.dll+2ce19 [ver: 10.0.26100.8521]
KERNEL32.DLL+2e957 [ver: 10.0.26100.8521]
ntdll.dll+87c1c [ver: 10.0.26100.8521]
ntdll.dll+87c1c [ver: 10.0.26100.8521]
"
"14-07-2026 19:53:23","327","Verbose","Microsoft-Windows-AppXDeployment","The following packages will be installed: Microsoft.WindowsNotepad_11.2605.34.0_neutral_~_8wekyb3d8bbwe . The following packages will be removed: NULL"
"14-07-2026 19:53:23","326","Verbose","Microsoft-Windows-AppXDeployment","Determining packages to be installed during logon for user: S-1-12-1-2357405129-1281513531-255772574-1816207334."
"14-07-2026 19:33:23","327","Verbose","Microsoft-Windows-AppXDeployment","The following packages will be installed: Microsoft.WindowsNotepad_11.2605.34.0_neutral_~_8wekyb3d8bbwe . The following packages will be removed: NULL"
"14-07-2026 19:33:23","326","Verbose","Microsoft-Windows-AppXDeployment","Determining packages to be installed during logon for user: S-1-12-1-2357405129-1281513531-255772574-1816207334."
"14-07-2026 19:33:18","332","Information","Microsoft-Windows-AppXDeployment","Deployment operation 2 on Microsoft.WindowsAppRuntime.1.6_6000.519.329.0_x86__8wekyb3d8bbwe with options 0x0 and calling process svchost.exe,AppXSvc with callstack ntdll.dll+1600f4 [ver: 10.0.26100.8521]
KERNELBASE.dll+1c2ef [ver: 10.0.26100.8655]
AppXDeploymentClient.dll+c6032 [ver: 10.0.26100.8521]
AppXDeploymentClient.dll+15803 [ver: 10.0.26100.8521]
AppXDeploymentClient.dll+1437a [ver: 10.0.26100.8521]
AppXDeploymentClient.dll+13c08 [ver: 10.0.26100.8521]
AppXDeploymentClient.dll+13a00 [ver: 10.0.26100.8521]
AppXDeploymentClient.dll+2617b [ver: 10.0.26100.8521]
AppXDeploymentClient.dll+16646 [ver: 10.0.26100.8521]
AppXDeploymentClient.dll+3620a [ver: 10.0.26100.8521]
AppXDeploymentClient.dll+69034 [ver: 10.0.26100.8521]
appxdeploymentserver.dll+283a4d [ver: 10.0.26100.8655]
appxdeploymentserver.dll+1143e5 [ver: 10.0.26100.8655]
appxdeploymentserver.dll+1383e2 [ver: 10.0.26100.8655]
appxdeploymentserver.dll+142e48 [ver: 10.0.26100.8655]
appxdeploymentserver.dll+142ce9 [ver: 10.0.26100.8655]
ntdll.dll+8ed9d [ver: 10.0.26100.8521]
ntdll.dll+2ce19 [ver: 10.0.26100.8521]
KERNEL32.DLL+2e957 [ver: 10.0.26100.8521]
ntdll.dll+87c1c [ver: 10.0.26100.8521]
ntdll.dll+87c1c [ver: 10.0.26100.8521]
"
"14-07-2026 19:33:17","332","Information","Microsoft-Windows-AppXDeployment","Deployment operation 2 on Microsoft.WindowsAppRuntime.1.6_6000.519.329.0_x86__8wekyb3d8bbwe with options 0x0 and calling process svchost.exe,AppXSvc with callstack ntdll.dll+1600f4 [ver: 10.0.26100.8521]
KERNELBASE.dll+1c2ef [ver: 10.0.26100.8655]
AppXDeploymentClient.dll+c6032 [ver: 10.0.26100.8521]
AppXDeploymentClient.dll+15803 [ver: 10.0.26100.8521]
AppXDeploymentClient.dll+1437a [ver: 10.0.26100.8521]
AppXDeploymentClient.dll+13c08 [ver: 10.0.26100.8521]
AppXDeploymentClient.dll+13a00 [ver: 10.0.26100.8521]
AppXDeploymentClient.dll+2617b [ver: 10.0.26100.8521]
AppXDeploymentClient.dll+16646 [ver: 10.0.26100.8521]
AppXDeploymentClient.dll+3620a [ver: 10.0.26100.8521]
AppXDeploymentClient.dll+69034 [ver: 10.0.26100.8521]
appxdeploymentserver.dll+283a4d [ver: 10.0.26100.8655]
appxdeploymentserver.dll+1143e5 [ver: 10.0.26100.8655]
appxdeploymentserver.dll+1383e2 [ver: 10.0.26100.8655]
appxdeploymentserver.dll+142e48 [ver: 10.0.26100.8655]
appxdeploymentserver.dll+142ce9 [ver: 10.0.26100.8655]
ntdll.dll+8ed9d [ver: 10.0.26100.8521]
ntdll.dll+2ce19 [ver: 10.0.26100.8521]
KERNEL32.DLL+2e957 [ver: 10.0.26100.8521]
ntdll.dll+87c1c [ver: 10.0.26100.8521]
ntdll.dll+87c1c [ver: 10.0.26100.8521]
"
"14-07-2026 19:33:17","332","Information","Microsoft-Windows-AppXDeployment","Deployment operation 2 on Microsoft.WindowsAppRuntime.1.6_6000.519.329.0_x64__8wekyb3d8bbwe with options 0x0 and calling process svchost.exe,AppXSvc with callstack ntdll.dll+1600f4 [ver: 10.0.26100.8521]
KERNELBASE.dll+1c2ef [ver: 10.0.26100.8655]
AppXDeploymentClient.dll+c6032 [ver: 10.0.26100.8521]
AppXDeploymentClient.dll+15803 [ver: 10.0.26100.8521]
AppXDeploymentClient.dll+1437a [ver: 10.0.26100.8521]
AppXDeploymentClient.dll+13c08 [ver: 10.0.26100.8521]
AppXDeploymentClient.dll+13a00 [ver: 10.0.26100.8521]
AppXDeploymentClient.dll+2617b [ver: 10.0.26100.8521]
AppXDeploymentClient.dll+16646 [ver: 10.0.26100.8521]
AppXDeploymentClient.dll+3620a [ver: 10.0.26100.8521]
AppXDeploymentClient.dll+69034 [ver: 10.0.26100.8521]
appxdeploymentserver.dll+283a4d [ver: 10.0.26100.8655]
appxdeploymentserver.dll+1143e5 [ver: 10.0.26100.8655]
appxdeploymentserver.dll+1383e2 [ver: 10.0.26100.8655]
appxdeploymentserver.dll+142e48 [ver: 10.0.26100.8655]
appxdeploymentserver.dll+142ce9 [ver: 10.0.26100.8655]
ntdll.dll+8ed9d [ver: 10.0.26100.8521]
ntdll.dll+2ce19 [ver: 10.0.26100.8521]
KERNEL32.DLL+2e957 [ver: 10.0.26100.8521]
ntdll.dll+87c1c [ver: 10.0.26100.8521]
ntdll.dll+87c1c [ver: 10.0.26100.8521]
"
"14-07-2026 18:59:37","332","Information","Microsoft-Windows-AppXDeployment","Deployment operation 10 on MdOdrMcpFilterPackage_1.0.0.0_neutral__cw5n1h2txyewy with options 0x10000001 and calling process svchost.exe,AppXSvc with callstack ntdll.dll+1600f4 [ver: 10.0.26100.8521]
KERNELBASE.dll+1c2ef [ver: 10.0.26100.8655]
AppXDeploymentClient.dll+c6032 [ver: 10.0.26100.8521]
AppXDeploymentClient.dll+15803 [ver: 10.0.26100.8521]
AppXDeploymentClient.dll+1437a [ver: 10.0.26100.8521]
AppXDeploymentClient.dll+13c08 [ver: 10.0.26100.8521]
AppXDeploymentClient.dll+13a00 [ver: 10.0.26100.8521]
AppXDeploymentClient.dll+2617b [ver: 10.0.26100.8521]
AppXDeploymentClient.dll+16646 [ver: 10.0.26100.8521]
AppXDeploymentClient.dll+16941 [ver: 10.0.26100.8521]
AppXDeploymentClient.dll+166ef [ver: 10.0.26100.8521]
appxdeploymentserver.dll+1d40ec [ver: 10.0.26100.8655]
appxdeploymentserver.dll+127bc8 [ver: 10.0.26100.8655]
appxdeploymentserver.dll+126cd1 [ver: 10.0.26100.8655]
appxdeploymentserver.dll+145ccd [ver: 10.0.26100.8655]
appxdeploymentserver.dll+218180 [ver: 10.0.26100.8655]
svchost.exe+259d [ver: 10.0.26100.8521]
sechost.dll+26967 [ver: 10.0.26100.8521]
KERNEL32.DLL+2e957 [ver: 10.0.26100.8521]
ntdll.dll+87c1c [ver: 10.0.26100.8521]
ntdll.dll+87c1c [ver: 10.0.26100.8521]
"
"13-07-2026 18:53:09","332","Information","Microsoft-Windows-AppXDeployment","Deployment operation 10 on MdOdrMcpFilterPackage_1.0.0.0_neutral__cw5n1h2txyewy with options 0x10000001 and calling process svchost.exe,AppXSvc with callstack ntdll.dll+1600f4 [ver: 10.0.26100.8521]
KERNELBASE.dll+1c2ef [ver: 10.0.26100.8655]
AppXDeploymentClient.dll+c6032 [ver: 10.0.26100.8521]
AppXDeploymentClient.dll+15803 [ver: 10.0.26100.8521]
AppXDeploymentClient.dll+1437a [ver: 10.0.26100.8521]
AppXDeploymentClient.dll+13c08 [ver: 10.0.26100.8521]
AppXDeploymentClient.dll+13a00 [ver: 10.0.26100.8521]
AppXDeploymentClient.dll+2617b [ver: 10.0.26100.8521]
AppXDeploymentClient.dll+16646 [ver: 10.0.26100.8521]
AppXDeploymentClient.dll+16941 [ver: 10.0.26100.8521]
AppXDeploymentClient.dll+166ef [ver: 10.0.26100.8521]
appxdeploymentserver.dll+1d40ec [ver: 10.0.26100.8655]
appxdeploymentserver.dll+127bc8 [ver: 10.0.26100.8655]
appxdeploymentserver.dll+126cd1 [ver: 10.0.26100.8655]
appxdeploymentserver.dll+145ccd [ver: 10.0.26100.8655]
appxdeploymentserver.dll+218180 [ver: 10.0.26100.8655]
svchost.exe+259d [ver: 10.0.26100.8521]
sechost.dll+26967 [ver: 10.0.26100.8521]
KERNEL32.DLL+2e957 [ver: 10.0.26100.8521]
ntdll.dll+87c1c [ver: 10.0.26100.8521]
ntdll.dll+87c1c [ver: 10.0.26100.8521]
"
"12-07-2026 18:35:44","327","Verbose","Microsoft-Windows-AppXDeployment","The following packages will be installed: Microsoft.MicrosoftEdge.Stable_150.0.4078.65_neutral__8wekyb3d8bbwe . The following packages will be removed: NULL"
"12-07-2026 18:35:44","326","Verbose","Microsoft-Windows-AppXDeployment","Determining packages to be installed during logon for user: S-1-12-1-2357405129-1281513531-255772574-1816207334."
"12-07-2026 18:34:52","327","Verbose","Microsoft-Windows-AppXDeployment","The following packages will be installed: Microsoft.OneDriveSync_26113.614.4.0_neutral__8wekyb3d8bbwe MicrosoftWindows.CrossDevice_1.26052.99.0_neutral_~_cw5n1h2txyewy . The following packages will be removed: NULL"
"12-07-2026 18:34:52","326","Verbose","Microsoft-Windows-AppXDeployment","Determining packages to be installed during logon for user: S-1-12-1-2357405129-1281513531-255772574-1816207334."
"12-07-2026 18:32:33","327","Verbose","Microsoft-Windows-AppXDeployment","The following packages will be installed: MicrosoftWindows.CrossDevice_1.26052.99.0_neutral_~_cw5n1h2txyewy . The following packages will be removed: NULL"
"12-07-2026 18:32:33","326","Verbose","Microsoft-Windows-AppXDeployment","Determining packages to be installed during logon for user: S-1-12-1-2357405129-1281513531-255772574-1816207334."
"12-07-2026 18:25:40","332","Information","Microsoft-Windows-AppXDeployment","Deployment operation 10 on MdOdrMcpFilterPackage_1.0.0.0_neutral__cw5n1h2txyewy with options 0x10000001 and calling process svchost.exe,AppXSvc with callstack ntdll.dll+1600f4 [ver: 10.0.26100.8521]
KERNELBASE.dll+1c2ef [ver: 10.0.26100.8655]
AppXDeploymentClient.dll+c6032 [ver: 10.0.26100.8521]
AppXDeploymentClient.dll+15803 [ver: 10.0.26100.8521]
AppXDeploymentClient.dll+1437a [ver: 10.0.26100.8521]
AppXDeploymentClient.dll+13c08 [ver: 10.0.26100.8521]
AppXDeploymentClient.dll+13a00 [ver: 10.0.26100.8521]
AppXDeploymentClient.dll+2617b [ver: 10.0.26100.8521]
AppXDeploymentClient.dll+16646 [ver: 10.0.26100.8521]
AppXDeploymentClient.dll+16941 [ver: 10.0.26100.8521]
AppXDeploymentClient.dll+166ef [ver: 10.0.26100.8521]
appxdeploymentserver.dll+1d40ec [ver: 10.0.26100.8655]
appxdeploymentserver.dll+127bc8 [ver: 10.0.26100.8655]
appxdeploymentserver.dll+126cd1 [ver: 10.0.26100.8655]
appxdeploymentserver.dll+142ede [ver: 10.0.26100.8655]
appxdeploymentserver.dll+142ce9 [ver: 10.0.26100.8655]
ntdll.dll+8ed9d [ver: 10.0.26100.8521]
ntdll.dll+2ce19 [ver: 10.0.26100.8521]
KERNEL32.DLL+2e957 [ver: 10.0.26100.8521]
ntdll.dll+87c1c [ver: 10.0.26100.8521]
ntdll.dll+87c1c [ver: 10.0.26100.8521]
"
"11-07-2026 13:17:03","332","Information","Microsoft-Windows-AppXDeployment","Deployment operation 10 on MdOdrMcpFilterPackage_1.0.0.0_neutral__cw5n1h2txyewy with options 0x10000001 and calling process svchost.exe,AppXSvc with callstack ntdll.dll+1600f4 [ver: 10.0.26100.8521]
KERNELBASE.dll+1c2ef [ver: 10.0.26100.8655]
AppXDeploymentClient.dll+c6032 [ver: 10.0.26100.8521]
AppXDeploymentClient.dll+15803 [ver: 10.0.26100.8521]
AppXDeploymentClient.dll+1437a [ver: 10.0.26100.8521]
AppXDeploymentClient.dll+13c08 [ver: 10.0.26100.8521]
AppXDeploymentClient.dll+13a00 [ver: 10.0.26100.8521]
AppXDeploymentClient.dll+2617b [ver: 10.0.26100.8521]
AppXDeploymentClient.dll+16646 [ver: 10.0.26100.8521]
AppXDeploymentClient.dll+16941 [ver: 10.0.26100.8521]
AppXDeploymentClient.dll+166ef [ver: 10.0.26100.8521]
appxdeploymentserver.dll+1d40ec [ver: 10.0.26100.8655]
appxdeploymentserver.dll+127bc8 [ver: 10.0.26100.8655]
appxdeploymentserver.dll+126cd1 [ver: 10.0.26100.8655]
appxdeploymentserver.dll+145ccd [ver: 10.0.26100.8655]
appxdeploymentserver.dll+218180 [ver: 10.0.26100.8655]
svchost.exe+259d [ver: 10.0.26100.8521]
sechost.dll+26967 [ver: 10.0.26100.8521]
KERNEL32.DLL+2e957 [ver: 10.0.26100.8521]
ntdll.dll+87c1c [ver: 10.0.26100.8521]
ntdll.dll+87c1c [ver: 10.0.26100.8521]
"
"10-07-2026 13:15:42","332","Information","Microsoft-Windows-AppXDeployment","Deployment operation 10 on MdOdrMcpFilterPackage_1.0.0.0_neutral__cw5n1h2txyewy with options 0x10000001 and calling process svchost.exe,AppXSvc with callstack ntdll.dll+1600f4 [ver: 10.0.26100.8521]
KERNELBASE.dll+1c2ef [ver: 10.0.26100.8655]
AppXDeploymentClient.dll+c6032 [ver: 10.0.26100.8521]
AppXDeploymentClient.dll+15803 [ver: 10.0.26100.8521]
AppXDeploymentClient.dll+1437a [ver: 10.0.26100.8521]
AppXDeploymentClient.dll+13c08 [ver: 10.0.26100.8521]
AppXDeploymentClient.dll+13a00 [ver: 10.0.26100.8521]
AppXDeploymentClient.dll+2617b [ver: 10.0.26100.8521]
AppXDeploymentClient.dll+16646 [ver: 10.0.26100.8521]
AppXDeploymentClient.dll+16941 [ver: 10.0.26100.8521]
AppXDeploymentClient.dll+166ef [ver: 10.0.26100.8521]
appxdeploymentserver.dll+1d40ec [ver: 10.0.26100.8655]
appxdeploymentserver.dll+127bc8 [ver: 10.0.26100.8655]
appxdeploymentserver.dll+126cd1 [ver: 10.0.26100.8655]
appxdeploymentserver.dll+145ccd [ver: 10.0.26100.8655]
appxdeploymentserver.dll+218180 [ver: 10.0.26100.8655]
svchost.exe+259d [ver: 10.0.26100.8521]
sechost.dll+26967 [ver: 10.0.26100.8521]
KERNEL32.DLL+2e957 [ver: 10.0.26100.8521]
ntdll.dll+87c1c [ver: 10.0.26100.8521]
ntdll.dll+87c1c [ver: 10.0.26100.8521]
"
"09-07-2026 12:59:44","332","Information","Microsoft-Windows-AppXDeployment","Deployment operation 10 on MdOdrMcpFilterPackage_1.0.0.0_neutral__cw5n1h2txyewy with options 0x10000001 and calling process svchost.exe,AppXSvc with callstack ntdll.dll+1600f4 [ver: 10.0.26100.8521]
KERNELBASE.dll+1c2ef [ver: 10.0.26100.8655]
AppXDeploymentClient.dll+c6032 [ver: 10.0.26100.8521]
AppXDeploymentClient.dll+15803 [ver: 10.0.26100.8521]
AppXDeploymentClient.dll+1437a [ver: 10.0.26100.8521]
AppXDeploymentClient.dll+13c08 [ver: 10.0.26100.8521]
AppXDeploymentClient.dll+13a00 [ver: 10.0.26100.8521]
AppXDeploymentClient.dll+2617b [ver: 10.0.26100.8521]
AppXDeploymentClient.dll+16646 [ver: 10.0.26100.8521]
AppXDeploymentClient.dll+16941 [ver: 10.0.26100.8521]
AppXDeploymentClient.dll+166ef [ver: 10.0.26100.8521]
appxdeploymentserver.dll+1d40ec [ver: 10.0.26100.8655]
appxdeploymentserver.dll+127bc8 [ver: 10.0.26100.8655]
appxdeploymentserver.dll+126cd1 [ver: 10.0.26100.8655]
appxdeploymentserver.dll+145ccd [ver: 10.0.26100.8655]
appxdeploymentserver.dll+218180 [ver: 10.0.26100.8655]
svchost.exe+259d [ver: 10.0.26100.8521]
sechost.dll+26967 [ver: 10.0.26100.8521]
KERNEL32.DLL+2e957 [ver: 10.0.26100.8521]
ntdll.dll+87c1c [ver: 10.0.26100.8521]
ntdll.dll+87c1c [ver: 10.0.26100.8521]
"
"08-07-2026 12:23:53","332","Information","Microsoft-Windows-AppXDeployment","Deployment operation 10 on MdOdrMcpFilterPackage_1.0.0.0_neutral__cw5n1h2txyewy with options 0x10000001 and calling process svchost.exe,AppXSvc with callstack AppXDeploymentClient.dll+c6023 [ver: 10.0.26100.8521]
AppXDeploymentClient.dll+15803 [ver: 10.0.26100.8521]
AppXDeploymentClient.dll+1437a [ver: 10.0.26100.8521]
AppXDeploymentClient.dll+13c08 [ver: 10.0.26100.8521]
AppXDeploymentClient.dll+13a00 [ver: 10.0.26100.8521]
AppXDeploymentClient.dll+2617b [ver: 10.0.26100.8521]
AppXDeploymentClient.dll+16646 [ver: 10.0.26100.8521]
AppXDeploymentClient.dll+16941 [ver: 10.0.26100.8521]
AppXDeploymentClient.dll+166ef [ver: 10.0.26100.8521]
appxdeploymentserver.dll+1d40ec [ver: 10.0.26100.8655]
appxdeploymentserver.dll+127bc8 [ver: 10.0.26100.8655]
appxdeploymentserver.dll+126cd1 [ver: 10.0.26100.8655]
appxdeploymentserver.dll+142ede [ver: 10.0.26100.8655]
appxdeploymentserver.dll+142ce9 [ver: 10.0.26100.8655]
ntdll.dll+8ed9d [ver: 10.0.26100.8521]
ntdll.dll+2ce19 [ver: 10.0.26100.8521]
KERNEL32.DLL+2e957 [ver: 10.0.26100.8521]
ntdll.dll+87c1c [ver: 10.0.26100.8521]
ntdll.dll+87c1c [ver: 10.0.26100.8521]
"
"08-07-2026 12:23:51","327","Verbose","Microsoft-Windows-AppXDeployment","The following packages will be installed: Microsoft.OneDriveSync_26113.614.4.0_neutral__8wekyb3d8bbwe MicrosoftWindows.CrossDevice_1.26052.99.0_neutral_~_cw5n1h2txyewy . The following packages will be removed: NULL"
"08-07-2026 12:23:51","326","Verbose","Microsoft-Windows-AppXDeployment","Determining packages to be installed during logon for user: S-1-12-1-2357405129-1281513531-255772574-1816207334."
"08-07-2026 12:23:44","327","Verbose","Microsoft-Windows-AppXDeployment","The following packages will be installed: Microsoft.OneDriveSync_26113.614.4.0_neutral__8wekyb3d8bbwe Microsoft.CompanyPortal_11.2.1899.0_neutral_~_8wekyb3d8bbwe MicrosoftWindows.CrossDevice_1.26052.99.0_neutral_~_cw5n1h2txyewy . The following packages will be removed: NULL"
"08-07-2026 12:23:44","326","Verbose","Microsoft-Windows-AppXDeployment","Determining packages to be installed during logon for user: S-1-12-1-2357405129-1281513531-255772574-1816207334."
"07-07-2026 12:19:40","332","Information","Microsoft-Windows-AppXDeployment","Deployment operation 10 on MdOdrMcpFilterPackage_1.0.0.0_neutral__cw5n1h2txyewy with options 0x10000001 and calling process svchost.exe,AppXSvc with callstack ntdll.dll+1600f4 [ver: 10.0.26100.8521]
KERNELBASE.dll+1c2ef [ver: 10.0.26100.8655]
AppXDeploymentClient.dll+c6032 [ver: 10.0.26100.8521]
AppXDeploymentClient.dll+15803 [ver: 10.0.26100.8521]
AppXDeploymentClient.dll+1437a [ver: 10.0.26100.8521]
AppXDeploymentClient.dll+13c08 [ver: 10.0.26100.8521]
AppXDeploymentClient.dll+13a00 [ver: 10.0.26100.8521]
AppXDeploymentClient.dll+2617b [ver: 10.0.26100.8521]
AppXDeploymentClient.dll+16646 [ver: 10.0.26100.8521]
AppXDeploymentClient.dll+16941 [ver: 10.0.26100.8521]
AppXDeploymentClient.dll+166ef [ver: 10.0.26100.8521]
appxdeploymentserver.dll+1d40ec [ver: 10.0.26100.8655]
appxdeploymentserver.dll+127bc8 [ver: 10.0.26100.8655]
appxdeploymentserver.dll+126cd1 [ver: 10.0.26100.8655]
appxdeploymentserver.dll+145ccd [ver: 10.0.26100.8655]
appxdeploymentserver.dll+218180 [ver: 10.0.26100.8655]
svchost.exe+259d [ver: 10.0.26100.8521]
sechost.dll+26967 [ver: 10.0.26100.8521]
KERNEL32.DLL+2e957 [ver: 10.0.26100.8521]
ntdll.dll+87c1c [ver: 10.0.26100.8521]
ntdll.dll+87c1c [ver: 10.0.26100.8521]
"
"07-07-2026 09:30:54","327","Verbose","Microsoft-Windows-AppXDeployment","The following packages will be installed: Microsoft.OneDriveSync_26108.607.2.0_neutral__8wekyb3d8bbwe . The following packages will be removed: NULL"
"07-07-2026 09:30:54","326","Verbose","Microsoft-Windows-AppXDeployment","Determining packages to be installed during logon for user: S-1-12-1-2357405129-1281513531-255772574-1816207334."
"06-07-2026 12:07:22","332","Information","Microsoft-Windows-AppXDeployment","Deployment operation 10 on MdOdrMcpFilterPackage_1.0.0.0_neutral__cw5n1h2txyewy with options 0x10000001 and calling process svchost.exe,AppXSvc with callstack ntdll.dll+1600f4 [ver: 10.0.26100.8521]
KERNELBASE.dll+1c2ef [ver: 10.0.26100.8655]
AppXDeploymentClient.dll+c6032 [ver: 10.0.26100.8521]
AppXDeploymentClient.dll+15803 [ver: 10.0.26100.8521]
AppXDeploymentClient.dll+1437a [ver: 10.0.26100.8521]
AppXDeploymentClient.dll+13c08 [ver: 10.0.26100.8521]
AppXDeploymentClient.dll+13a00 [ver: 10.0.26100.8521]
AppXDeploymentClient.dll+2617b [ver: 10.0.26100.8521]
AppXDeploymentClient.dll+16646 [ver: 10.0.26100.8521]
AppXDeploymentClient.dll+16941 [ver: 10.0.26100.8521]
AppXDeploymentClient.dll+166ef [ver: 10.0.26100.8521]
appxdeploymentserver.dll+1d40ec [ver: 10.0.26100.8655]
appxdeploymentserver.dll+127bc8 [ver: 10.0.26100.8655]
appxdeploymentserver.dll+126cd1 [ver: 10.0.26100.8655]
appxdeploymentserver.dll+145ccd [ver: 10.0.26100.8655]
appxdeploymentserver.dll+218180 [ver: 10.0.26100.8655]
svchost.exe+259d [ver: 10.0.26100.8521]
sechost.dll+26967 [ver: 10.0.26100.8521]
KERNEL32.DLL+2e957 [ver: 10.0.26100.8521]
ntdll.dll+87c1c [ver: 10.0.26100.8521]
ntdll.dll+87c1c [ver: 10.0.26100.8521]
"
"04-07-2026 14:15:37","327","Verbose","Microsoft-Windows-AppXDeployment","The following packages will be installed: Microsoft.OneDriveSync_26108.607.2.0_neutral__8wekyb3d8bbwe . The following packages will be removed: NULL"
"04-07-2026 14:15:37","326","Verbose","Microsoft-Windows-AppXDeployment","Determining packages to be installed during logon for user: S-1-12-1-2357405129-1281513531-255772574-1816207334."
"04-07-2026 14:13:14","327","Verbose","Microsoft-Windows-AppXDeployment","The following packages will be installed: MSTeams_26163.405.4842.717_x64__8wekyb3d8bbwe . The following packages will be removed: NULL"
"04-07-2026 14:13:14","326","Verbose","Microsoft-Windows-AppXDeployment","Determining packages to be installed during logon for user: S-1-12-1-2357405129-1281513531-255772574-1816207334."
"04-07-2026 13:57:09","332","Information","Microsoft-Windows-AppXDeployment","Deployment operation 10 on MdOdrMcpFilterPackage_1.0.0.0_neutral__cw5n1h2txyewy with options 0x10000001 and calling process svchost.exe,AppXSvc with callstack ntdll.dll+1600f4 [ver: 10.0.26100.8521]
KERNELBASE.dll+1c2ef [ver: 10.0.26100.8655]
AppXDeploymentClient.dll+c6032 [ver: 10.0.26100.8521]
AppXDeploymentClient.dll+15803 [ver: 10.0.26100.8521]
AppXDeploymentClient.dll+1437a [ver: 10.0.26100.8521]
AppXDeploymentClient.dll+13c08 [ver: 10.0.26100.8521]
AppXDeploymentClient.dll+13a00 [ver: 10.0.26100.8521]
AppXDeploymentClient.dll+2617b [ver: 10.0.26100.8521]
AppXDeploymentClient.dll+16646 [ver: 10.0.26100.8521]
AppXDeploymentClient.dll+16941 [ver: 10.0.26100.8521]
AppXDeploymentClient.dll+166ef [ver: 10.0.26100.8521]
appxdeploymentserver.dll+1d40ec [ver: 10.0.26100.8655]
appxdeploymentserver.dll+127bc8 [ver: 10.0.26100.8655]
appxdeploymentserver.dll+126cd1 [ver: 10.0.26100.8655]
appxdeploymentserver.dll+145ccd [ver: 10.0.26100.8655]
appxdeploymentserver.dll+218180 [ver: 10.0.26100.8655]
svchost.exe+259d [ver: 10.0.26100.8521]
sechost.dll+26967 [ver: 10.0.26100.8521]
KERNEL32.DLL+2e957 [ver: 10.0.26100.8521]
ntdll.dll+87c1c [ver: 10.0.26100.8521]
ntdll.dll+87c1c [ver: 10.0.26100.8521]
"
"03-07-2026 16:42:23","327","Verbose","Microsoft-Windows-AppXDeployment","The following packages will be installed: NULL. The following packages will be removed: NULL"
"03-07-2026 16:42:23","326","Verbose","Microsoft-Windows-AppXDeployment","Determining packages to be installed during logon for user: S-1-12-1-2357405129-1281513531-255772574-1816207334."
"03-07-2026 16:22:23","327","Verbose","Microsoft-Windows-AppXDeployment","The following packages will be installed: NULL. The following packages will be removed: NULL"
"03-07-2026 16:22:22","326","Verbose","Microsoft-Windows-AppXDeployment","Determining packages to be installed during logon for user: S-1-12-1-2357405129-1281513531-255772574-1816207334."
"03-07-2026 16:22:18","332","Information","Microsoft-Windows-AppXDeployment","Deployment operation 2 on Microsoft.WindowsAppRuntime.1.7_7000.785.2325.0_x86__8wekyb3d8bbwe with options 0x0 and calling process svchost.exe,AppXSvc with callstack ntdll.dll+1600f4 [ver: 10.0.26100.8521]
KERNELBASE.dll+1c2ef [ver: 10.0.26100.8655]
AppXDeploymentClient.dll+c6032 [ver: 10.0.26100.8521]
AppXDeploymentClient.dll+15803 [ver: 10.0.26100.8521]
AppXDeploymentClient.dll+1437a [ver: 10.0.26100.8521]
AppXDeploymentClient.dll+13c08 [ver: 10.0.26100.8521]
AppXDeploymentClient.dll+13a00 [ver: 10.0.26100.8521]
AppXDeploymentClient.dll+2617b [ver: 10.0.26100.8521]
AppXDeploymentClient.dll+16646 [ver: 10.0.26100.8521]
AppXDeploymentClient.dll+3620a [ver: 10.0.26100.8521]
AppXDeploymentClient.dll+69034 [ver: 10.0.26100.8521]
appxdeploymentserver.dll+283a4d [ver: 10.0.26100.8655]
appxdeploymentserver.dll+1143e5 [ver: 10.0.26100.8655]
appxdeploymentserver.dll+1383e2 [ver: 10.0.26100.8655]
appxdeploymentserver.dll+142e48 [ver: 10.0.26100.8655]
appxdeploymentserver.dll+142ce9 [ver: 10.0.26100.8655]
ntdll.dll+8ed9d [ver: 10.0.26100.8521]
ntdll.dll+2ce19 [ver: 10.0.26100.8521]
KERNEL32.DLL+2e957 [ver: 10.0.26100.8521]
ntdll.dll+87c1c [ver: 10.0.26100.8521]
ntdll.dll+87c1c [ver: 10.0.26100.8521]
"
"03-07-2026 16:22:00","332","Information","Microsoft-Windows-AppXDeployment","Deployment operation 2 on Microsoft.WindowsAppRuntime.1.7_7000.785.2325.0_x86__8wekyb3d8bbwe with options 0x0 and calling process svchost.exe,AppXSvc with callstack ntdll.dll+1600f4 [ver: 10.0.26100.8521]
KERNELBASE.dll+1c2ef [ver: 10.0.26100.8655]
AppXDeploymentClient.dll+c6032 [ver: 10.0.26100.8521]
AppXDeploymentClient.dll+15803 [ver: 10.0.26100.8521]
AppXDeploymentClient.dll+1437a [ver: 10.0.26100.8521]
AppXDeploymentClient.dll+13c08 [ver: 10.0.26100.8521]
AppXDeploymentClient.dll+13a00 [ver: 10.0.26100.8521]
AppXDeploymentClient.dll+2617b [ver: 10.0.26100.8521]
AppXDeploymentClient.dll+16646 [ver: 10.0.26100.8521]
AppXDeploymentClient.dll+3620a [ver: 10.0.26100.8521]
AppXDeploymentClient.dll+69034 [ver: 10.0.26100.8521]
appxdeploymentserver.dll+283a4d [ver: 10.0.26100.8655]
appxdeploymentserver.dll+1143e5 [ver: 10.0.26100.8655]
appxdeploymentserver.dll+1383e2 [ver: 10.0.26100.8655]
appxdeploymentserver.dll+142e48 [ver: 10.0.26100.8655]
appxdeploymentserver.dll+142ce9 [ver: 10.0.26100.8655]
ntdll.dll+8ed9d [ver: 10.0.26100.8521]
ntdll.dll+2ce19 [ver: 10.0.26100.8521]
KERNEL32.DLL+2e957 [ver: 10.0.26100.8521]
ntdll.dll+87c1c [ver: 10.0.26100.8521]
ntdll.dll+87c1c [ver: 10.0.26100.8521]
"
"03-07-2026 16:22:00","332","Information","Microsoft-Windows-AppXDeployment","Deployment operation 2 on Microsoft.WindowsAppRuntime.1.7_7000.785.2325.0_x64__8wekyb3d8bbwe with options 0x0 and calling process svchost.exe,AppXSvc with callstack ntdll.dll+1600f4 [ver: 10.0.26100.8521]
KERNELBASE.dll+1c2ef [ver: 10.0.26100.8655]
AppXDeploymentClient.dll+c6032 [ver: 10.0.26100.8521]
AppXDeploymentClient.dll+15803 [ver: 10.0.26100.8521]
AppXDeploymentClient.dll+1437a [ver: 10.0.26100.8521]
AppXDeploymentClient.dll+13c08 [ver: 10.0.26100.8521]
AppXDeploymentClient.dll+13a00 [ver: 10.0.26100.8521]
AppXDeploymentClient.dll+2617b [ver: 10.0.26100.8521]
AppXDeploymentClient.dll+16646 [ver: 10.0.26100.8521]
AppXDeploymentClient.dll+3620a [ver: 10.0.26100.8521]
AppXDeploymentClient.dll+69034 [ver: 10.0.26100.8521]
appxdeploymentserver.dll+283a4d [ver: 10.0.26100.8655]
appxdeploymentserver.dll+1143e5 [ver: 10.0.26100.8655]
appxdeploymentserver.dll+1383e2 [ver: 10.0.26100.8655]
appxdeploymentserver.dll+142e48 [ver: 10.0.26100.8655]
appxdeploymentserver.dll+142ce9 [ver: 10.0.26100.8655]
ntdll.dll+8ed9d [ver: 10.0.26100.8521]
ntdll.dll+2ce19 [ver: 10.0.26100.8521]
KERNEL32.DLL+2e957 [ver: 10.0.26100.8521]
ntdll.dll+87c1c [ver: 10.0.26100.8521]
ntdll.dll+87c1c [ver: 10.0.26100.8521]
"
"03-07-2026 11:23:49","327","Verbose","Microsoft-Windows-AppXDeployment","The following packages will be installed: Microsoft.OneDriveSync_26108.607.2.0_neutral__8wekyb3d8bbwe . The following packages will be removed: NULL"
"03-07-2026 11:23:48","326","Verbose","Microsoft-Windows-AppXDeployment","Determining packages to be installed during logon for user: S-1-12-1-2357405129-1281513531-255772574-1816207334."
"03-07-2026 11:22:28","327","Verbose","Microsoft-Windows-AppXDeployment","The following packages will be installed: Microsoft.MicrosoftOfficeHub_2026.629.245.0_neutral_~_8wekyb3d8bbwe . The following packages will be removed: NULL"
"03-07-2026 11:22:28","326","Verbose","Microsoft-Windows-AppXDeployment","Determining packages to be installed during logon for user: S-1-12-1-2357405129-1281513531-255772574-1816207334."
"03-07-2026 11:12:03","332","Information","Microsoft-Windows-AppXDeployment","Deployment operation 10 on MdOdrMcpFilterPackage_1.0.0.0_neutral__cw5n1h2txyewy with options 0x10000001 and calling process svchost.exe,AppXSvc with callstack ntdll.dll+1600f4 [ver: 10.0.26100.8521]
KERNELBASE.dll+1c2ef [ver: 10.0.26100.8655]
AppXDeploymentClient.dll+c6032 [ver: 10.0.26100.8521]
AppXDeploymentClient.dll+15803 [ver: 10.0.26100.8521]
AppXDeploymentClient.dll+1437a [ver: 10.0.26100.8521]
AppXDeploymentClient.dll+13c08 [ver: 10.0.26100.8521]
AppXDeploymentClient.dll+13a00 [ver: 10.0.26100.8521]
AppXDeploymentClient.dll+2617b [ver: 10.0.26100.8521]
AppXDeploymentClient.dll+16646 [ver: 10.0.26100.8521]
AppXDeploymentClient.dll+16941 [ver: 10.0.26100.8521]
AppXDeploymentClient.dll+166ef [ver: 10.0.26100.8521]
appxdeploymentserver.dll+1d40ec [ver: 10.0.26100.8655]
appxdeploymentserver.dll+127bc8 [ver: 10.0.26100.8655]
appxdeploymentserver.dll+126cd1 [ver: 10.0.26100.8655]
appxdeploymentserver.dll+145ccd [ver: 10.0.26100.8655]
appxdeploymentserver.dll+218180 [ver: 10.0.26100.8655]
svchost.exe+259d [ver: 10.0.26100.8521]
sechost.dll+26967 [ver: 10.0.26100.8521]
KERNEL32.DLL+2e957 [ver: 10.0.26100.8521]
ntdll.dll+87c1c [ver: 10.0.26100.8521]
ntdll.dll+87c1c [ver: 10.0.26100.8521]
"
"02-07-2026 10:55:35","332","Information","Microsoft-Windows-AppXDeployment","Deployment operation 10 on MdOdrMcpFilterPackage_1.0.0.0_neutral__cw5n1h2txyewy with options 0x10000001 and calling process svchost.exe,AppXSvc with callstack ntdll.dll+1600f4 [ver: 10.0.26100.8521]
KERNELBASE.dll+1c2ef [ver: 10.0.26100.8655]
AppXDeploymentClient.dll+c6032 [ver: 10.0.26100.8521]
AppXDeploymentClient.dll+15803 [ver: 10.0.26100.8521]
AppXDeploymentClient.dll+1437a [ver: 10.0.26100.8521]
AppXDeploymentClient.dll+13c08 [ver: 10.0.26100.8521]
AppXDeploymentClient.dll+13a00 [ver: 10.0.26100.8521]
AppXDeploymentClient.dll+2617b [ver: 10.0.26100.8521]
AppXDeploymentClient.dll+16646 [ver: 10.0.26100.8521]
AppXDeploymentClient.dll+16941 [ver: 10.0.26100.8521]
AppXDeploymentClient.dll+166ef [ver: 10.0.26100.8521]
appxdeploymentserver.dll+1d40ec [ver: 10.0.26100.8655]
appxdeploymentserver.dll+127bc8 [ver: 10.0.26100.8655]
appxdeploymentserver.dll+126cd1 [ver: 10.0.26100.8655]
appxdeploymentserver.dll+142ede [ver: 10.0.26100.8655]
appxdeploymentserver.dll+142ce9 [ver: 10.0.26100.8655]
ntdll.dll+8ed9d [ver: 10.0.26100.8521]
ntdll.dll+2ce19 [ver: 10.0.26100.8521]
KERNEL32.DLL+2e957 [ver: 10.0.26100.8521]
ntdll.dll+87c1c [ver: 10.0.26100.8521]
ntdll.dll+87c1c [ver: 10.0.26100.8521]
"
"01-07-2026 14:02:48","327","Verbose","Microsoft-Windows-AppXDeployment","The following packages will be installed: Microsoft.OneDriveSync_26108.607.2.0_neutral__8wekyb3d8bbwe . The following packages will be removed: NULL"
"01-07-2026 14:02:48","326","Verbose","Microsoft-Windows-AppXDeployment","Determining packages to be installed during logon for user: S-1-12-1-2357405129-1281513531-255772574-1816207334."
"01-07-2026 14:02:40","327","Verbose","Microsoft-Windows-AppXDeployment","The following packages will be installed: Microsoft.OneDriveSync_26108.607.2.0_neutral__8wekyb3d8bbwe . The following packages will be removed: NULL"
"01-07-2026 14:02:39","326","Verbose","Microsoft-Windows-AppXDeployment","Determining packages to be installed during logon for user: S-1-12-1-2357405129-1281513531-255772574-1816207334."
"01-07-2026 10:51:13","332","Information","Microsoft-Windows-AppXDeployment","Deployment operation 10 on MdOdrMcpFilterPackage_1.0.0.0_neutral__cw5n1h2txyewy with options 0x10000001 and calling process svchost.exe,AppXSvc with callstack ntdll.dll+1600f4 [ver: 10.0.26100.8521]
KERNELBASE.dll+1c2ef [ver: 10.0.26100.8655]
AppXDeploymentClient.dll+c6032 [ver: 10.0.26100.8521]
AppXDeploymentClient.dll+15803 [ver: 10.0.26100.8521]
AppXDeploymentClient.dll+1437a [ver: 10.0.26100.8521]
AppXDeploymentClient.dll+13c08 [ver: 10.0.26100.8521]
AppXDeploymentClient.dll+13a00 [ver: 10.0.26100.8521]
AppXDeploymentClient.dll+2617b [ver: 10.0.26100.8521]
AppXDeploymentClient.dll+16646 [ver: 10.0.26100.8521]
AppXDeploymentClient.dll+16941 [ver: 10.0.26100.8521]
AppXDeploymentClient.dll+166ef [ver: 10.0.26100.8521]
appxdeploymentserver.dll+1d40ec [ver: 10.0.26100.8655]
appxdeploymentserver.dll+127bc8 [ver: 10.0.26100.8655]
appxdeploymentserver.dll+126cd1 [ver: 10.0.26100.8655]
appxdeploymentserver.dll+145ccd [ver: 10.0.26100.8655]
appxdeploymentserver.dll+218180 [ver: 10.0.26100.8655]
svchost.exe+259d [ver: 10.0.26100.8521]
sechost.dll+26967 [ver: 10.0.26100.8521]
KERNEL32.DLL+2e957 [ver: 10.0.26100.8521]
ntdll.dll+87c1c [ver: 10.0.26100.8521]
ntdll.dll+87c1c [ver: 10.0.26100.8521]
"
"01-07-2026 10:11:51","327","Verbose","Microsoft-Windows-AppXDeployment","The following packages will be installed: Microsoft.OneDriveSync_26106.603.3.0_neutral__8wekyb3d8bbwe . The following packages will be removed: NULL"
"01-07-2026 10:11:51","326","Verbose","Microsoft-Windows-AppXDeployment","Determining packages to be installed during logon for user: S-1-12-1-2357405129-1281513531-255772574-1816207334."
"30-06-2026 10:10:00","332","Information","Microsoft-Windows-AppXDeployment","Deployment operation 10 on MdOdrMcpFilterPackage_1.0.0.0_neutral__cw5n1h2txyewy with options 0x10000001 and calling process svchost.exe,AppXSvc with callstack ntdll.dll+1600f4 [ver: 10.0.26100.8521]
KERNELBASE.dll+1c2ef [ver: 10.0.26100.8655]
AppXDeploymentClient.dll+c6032 [ver: 10.0.26100.8521]
AppXDeploymentClient.dll+15803 [ver: 10.0.26100.8521]
AppXDeploymentClient.dll+1437a [ver: 10.0.26100.8521]
AppXDeploymentClient.dll+13c08 [ver: 10.0.26100.8521]
AppXDeploymentClient.dll+13a00 [ver: 10.0.26100.8521]
AppXDeploymentClient.dll+2617b [ver: 10.0.26100.8521]
AppXDeploymentClient.dll+16646 [ver: 10.0.26100.8521]
AppXDeploymentClient.dll+16941 [ver: 10.0.26100.8521]
AppXDeploymentClient.dll+166ef [ver: 10.0.26100.8521]
appxdeploymentserver.dll+1d40ec [ver: 10.0.26100.8655]
appxdeploymentserver.dll+127bc8 [ver: 10.0.26100.8655]
appxdeploymentserver.dll+126cd1 [ver: 10.0.26100.8655]
appxdeploymentserver.dll+145ccd [ver: 10.0.26100.8655]
appxdeploymentserver.dll+218180 [ver: 10.0.26100.8655]
svchost.exe+259d [ver: 10.0.26100.8521]
sechost.dll+26967 [ver: 10.0.26100.8521]
KERNEL32.DLL+2e957 [ver: 10.0.26100.8521]
ntdll.dll+87c1c [ver: 10.0.26100.8521]
ntdll.dll+87c1c [ver: 10.0.26100.8521]
"
"29-06-2026 10:25:32","327","Verbose","Microsoft-Windows-AppXDeployment","The following packages will be installed: Microsoft.OneDriveSync_26106.603.3.0_neutral__8wekyb3d8bbwe . The following packages will be removed: NULL"
"29-06-2026 10:25:32","326","Verbose","Microsoft-Windows-AppXDeployment","Determining packages to be installed during logon for user: S-1-12-1-2357405129-1281513531-255772574-1816207334."
"29-06-2026 09:52:45","332","Information","Microsoft-Windows-AppXDeployment","Deployment operation 10 on MdOdrMcpFilterPackage_1.0.0.0_neutral__cw5n1h2txyewy with options 0x10000001 and calling process svchost.exe,AppXSvc with callstack ntdll.dll+1600f4 [ver: 10.0.26100.8521]
KERNELBASE.dll+1c2ef [ver: 10.0.26100.8655]
AppXDeploymentClient.dll+c6032 [ver: 10.0.26100.8521]
AppXDeploymentClient.dll+15803 [ver: 10.0.26100.8521]
AppXDeploymentClient.dll+1437a [ver: 10.0.26100.8521]
AppXDeploymentClient.dll+13c08 [ver: 10.0.26100.8521]
AppXDeploymentClient.dll+13a00 [ver: 10.0.26100.8521]
AppXDeploymentClient.dll+2617b [ver: 10.0.26100.8521]
AppXDeploymentClient.dll+16646 [ver: 10.0.26100.8521]
AppXDeploymentClient.dll+16941 [ver: 10.0.26100.8521]
AppXDeploymentClient.dll+166ef [ver: 10.0.26100.8521]
appxdeploymentserver.dll+1d40ec [ver: 10.0.26100.8655]
appxdeploymentserver.dll+127bc8 [ver: 10.0.26100.8655]
appxdeploymentserver.dll+126cd1 [ver: 10.0.26100.8655]
appxdeploymentserver.dll+145ccd [ver: 10.0.26100.8655]
appxdeploymentserver.dll+218180 [ver: 10.0.26100.8655]
svchost.exe+259d [ver: 10.0.26100.8521]
sechost.dll+26967 [ver: 10.0.26100.8521]
KERNEL32.DLL+2e957 [ver: 10.0.26100.8521]
ntdll.dll+87c1c [ver: 10.0.26100.8521]
ntdll.dll+87c1c [ver: 10.0.26100.8521]
"
"29-06-2026 09:04:06","327","Verbose","Microsoft-Windows-AppXDeployment","The following packages will be installed: Microsoft.OneDriveSync_26106.603.3.0_neutral__8wekyb3d8bbwe . The following packages will be removed: NULL"
"29-06-2026 09:04:06","326","Verbose","Microsoft-Windows-AppXDeployment","Determining packages to be installed during logon for user: S-1-12-1-2357405129-1281513531-255772574-1816207334."
"29-06-2026 09:02:50","327","Verbose","Microsoft-Windows-AppXDeployment","The following packages will be installed: AppUp.IntelArcSoftware_26.18.2353.0_x64__8j3eq9eme6ctt Microsoft.MicrosoftOfficeHub_2026.625.1302.0_neutral_~_8wekyb3d8bbwe . The following packages will be removed: NULL"
"29-06-2026 09:02:50","326","Verbose","Microsoft-Windows-AppXDeployment","Determining packages to be installed during logon for user: S-1-12-1-2357405129-1281513531-255772574-1816207334."
"26-06-2026 12:04:22","332","Information","Microsoft-Windows-AppXDeployment","Deployment operation 10 on MdOdrMcpFilterPackage_1.0.0.0_neutral__cw5n1h2txyewy with options 0x10000001 and calling process svchost.exe,AppXSvc with callstack ntdll.dll+1600f4 [ver: 10.0.26100.8521]
KERNELBASE.dll+1c2ef [ver: 10.0.26100.8655]
AppXDeploymentClient.dll+c6032 [ver: 10.0.26100.8521]
AppXDeploymentClient.dll+15803 [ver: 10.0.26100.8521]
AppXDeploymentClient.dll+1437a [ver: 10.0.26100.8521]
AppXDeploymentClient.dll+13c08 [ver: 10.0.26100.8521]
AppXDeploymentClient.dll+13a00 [ver: 10.0.26100.8521]
AppXDeploymentClient.dll+2617b [ver: 10.0.26100.8521]
AppXDeploymentClient.dll+16646 [ver: 10.0.26100.8521]
AppXDeploymentClient.dll+16941 [ver: 10.0.26100.8521]
AppXDeploymentClient.dll+166ef [ver: 10.0.26100.8521]
appxdeploymentserver.dll+1d40ec [ver: 10.0.26100.8655]
appxdeploymentserver.dll+127bc8 [ver: 10.0.26100.8655]
appxdeploymentserver.dll+126cd1 [ver: 10.0.26100.8655]
appxdeploymentserver.dll+145ccd [ver: 10.0.26100.8655]
appxdeploymentserver.dll+218180 [ver: 10.0.26100.8655]
svchost.exe+259d [ver: 10.0.26100.8521]
sechost.dll+26967 [ver: 10.0.26100.8521]
KERNEL32.DLL+2e957 [ver: 10.0.26100.8521]
ntdll.dll+87c1c [ver: 10.0.26100.8521]
ntdll.dll+87c1c [ver: 10.0.26100.8521]
"
"25-06-2026 11:17:55","332","Information","Microsoft-Windows-AppXDeployment","Deployment operation 10 on MdOdrMcpFilterPackage_1.0.0.0_neutral__cw5n1h2txyewy with options 0x10000001 and calling process svchost.exe,AppXSvc with callstack ntdll.dll+1600f4 [ver: 10.0.26100.8521]
KERNELBASE.dll+1c2ef [ver: 10.0.26100.8655]
AppXDeploymentClient.dll+c6032 [ver: 10.0.26100.8521]
AppXDeploymentClient.dll+15803 [ver: 10.0.26100.8521]
AppXDeploymentClient.dll+1437a [ver: 10.0.26100.8521]
AppXDeploymentClient.dll+13c08 [ver: 10.0.26100.8521]
AppXDeploymentClient.dll+13a00 [ver: 10.0.26100.8521]
AppXDeploymentClient.dll+2617b [ver: 10.0.26100.8521]
AppXDeploymentClient.dll+16646 [ver: 10.0.26100.8521]
AppXDeploymentClient.dll+16941 [ver: 10.0.26100.8521]
AppXDeploymentClient.dll+166ef [ver: 10.0.26100.8521]
appxdeploymentserver.dll+1d40ec [ver: 10.0.26100.8655]
appxdeploymentserver.dll+127bc8 [ver: 10.0.26100.8655]
appxdeploymentserver.dll+126cd1 [ver: 10.0.26100.8655]
appxdeploymentserver.dll+145ccd [ver: 10.0.26100.8655]
appxdeploymentserver.dll+218180 [ver: 10.0.26100.8655]
svchost.exe+259d [ver: 10.0.26100.8521]
sechost.dll+26967 [ver: 10.0.26100.8521]
KERNEL32.DLL+2e957 [ver: 10.0.26100.8521]
ntdll.dll+87c1c [ver: 10.0.26100.8521]
ntdll.dll+87c1c [ver: 10.0.26100.8521]
"
"25-06-2026 09:40:08","327","Verbose","Microsoft-Windows-AppXDeployment","The following packages will be installed: Microsoft.OneDriveSync_26106.603.3.0_neutral__8wekyb3d8bbwe . The following packages will be removed: NULL"
"25-06-2026 09:40:08","326","Verbose","Microsoft-Windows-AppXDeployment","Determining packages to be installed during logon for user: S-1-12-1-2357405129-1281513531-255772574-1816207334."
"25-06-2026 09:38:26","327","Verbose","Microsoft-Windows-AppXDeployment","The following packages will be installed: Microsoft.MicrosoftOfficeHub_2026.620.2158.0_neutral_~_8wekyb3d8bbwe . The following packages will be removed: NULL"
"25-06-2026 09:38:26","326","Verbose","Microsoft-Windows-AppXDeployment","Determining packages to be installed during logon for user: S-1-12-1-2357405129-1281513531-255772574-1816207334."
"24-06-2026 12:41:32","327","Verbose","Microsoft-Windows-AppXDeployment","The following packages will be installed: Microsoft.OneDriveSync_26106.603.3.0_neutral__8wekyb3d8bbwe . The following packages will be removed: NULL"
"24-06-2026 12:41:32","326","Verbose","Microsoft-Windows-AppXDeployment","Determining packages to be installed during logon for user: S-1-12-1-2357405129-1281513531-255772574-1816207334."
"24-06-2026 12:41:17","327","Verbose","Microsoft-Windows-AppXDeployment","The following packages will be installed: Microsoft.OneDriveSync_26106.603.3.0_neutral__8wekyb3d8bbwe . The following packages will be removed: NULL"
"24-06-2026 12:41:17","326","Verbose","Microsoft-Windows-AppXDeployment","Determining packages to be installed during logon for user: S-1-12-1-2357405129-1281513531-255772574-1816207334."
