"17-08-2026 09:36:51","811","Information","Microsoft-Windows-Winlogon","The winlogon notification subscriber <TermSrv> began handling the notification event (5)."
"17-08-2026 09:36:51","812","Information","Microsoft-Windows-Winlogon","The winlogon notification subscriber <Sens> finished handling the notification event (5)."
"17-08-2026 09:36:51","811","Information","Microsoft-Windows-Winlogon","The winlogon notification subscriber <Sens> began handling the notification event (5)."
"14-08-2026 19:42:39","812","Information","Microsoft-Windows-Winlogon","The winlogon notification subscriber <TermSrv> finished handling the notification event (4)."
"14-08-2026 19:42:39","811","Information","Microsoft-Windows-Winlogon","The winlogon notification subscriber <TermSrv> began handling the notification event (4)."
"14-08-2026 19:42:39","812","Information","Microsoft-Windows-Winlogon","The winlogon notification subscriber <Sens> finished handling the notification event (4)."
"14-08-2026 19:42:39","811","Information","Microsoft-Windows-Winlogon","The winlogon notification subscriber <Sens> began handling the notification event (4)."
"14-08-2026 18:35:28","812","Information","Microsoft-Windows-Winlogon","The winlogon notification subscriber <TermSrv> finished handling the notification event (5)."
"14-08-2026 18:35:28","811","Information","Microsoft-Windows-Winlogon","The winlogon notification subscriber <TermSrv> began handling the notification event (5)."
"14-08-2026 18:35:28","812","Information","Microsoft-Windows-Winlogon","The winlogon notification subscriber <Sens> finished handling the notification event (5)."
"14-08-2026 18:35:28","811","Information","Microsoft-Windows-Winlogon","The winlogon notification subscriber <Sens> began handling the notification event (5)."
"14-08-2026 18:08:21","812","Information","Microsoft-Windows-Winlogon","The winlogon notification subscriber <TermSrv> finished handling the notification event (4)."
"14-08-2026 18:08:21","811","Information","Microsoft-Windows-Winlogon","The winlogon notification subscriber <TermSrv> began handling the notification event (4)."
"14-08-2026 18:08:21","812","Information","Microsoft-Windows-Winlogon","The winlogon notification subscriber <Sens> finished handling the notification event (4)."
"14-08-2026 18:08:21","811","Information","Microsoft-Windows-Winlogon","The winlogon notification subscriber <Sens> began handling the notification event (4)."
"14-08-2026 18:07:16","812","Information","Microsoft-Windows-Winlogon","The winlogon notification subscriber <TermSrv> finished handling the notification event (5)."
"14-08-2026 18:07:16","811","Information","Microsoft-Windows-Winlogon","The winlogon notification subscriber <TermSrv> began handling the notification event (5)."
"14-08-2026 18:07:16","812","Information","Microsoft-Windows-Winlogon","The winlogon notification subscriber <Sens> finished handling the notification event (5)."
"14-08-2026 18:07:16","811","Information","Microsoft-Windows-Winlogon","The winlogon notification subscriber <Sens> began handling the notification event (5)."
"14-08-2026 18:04:03","812","Information","Microsoft-Windows-Winlogon","The winlogon notification subscriber <TermSrv> finished handling the notification event (4)."
"14-08-2026 18:04:03","811","Information","Microsoft-Windows-Winlogon","The winlogon notification subscriber <TermSrv> began handling the notification event (4)."
"14-08-2026 18:04:03","812","Information","Microsoft-Windows-Winlogon","The winlogon notification subscriber <Sens> finished handling the notification event (4)."
"14-08-2026 18:04:03","811","Information","Microsoft-Windows-Winlogon","The winlogon notification subscriber <Sens> began handling the notification event (4)."
"14-08-2026 17:50:17","812","Information","Microsoft-Windows-Winlogon","The winlogon notification subscriber <TermSrv> finished handling the notification event (5)."
"14-08-2026 17:50:17","811","Information","Microsoft-Windows-Winlogon","The winlogon notification subscriber <TermSrv> began handling the notification event (5)."
"14-08-2026 17:50:17","812","Information","Microsoft-Windows-Winlogon","The winlogon notification subscriber <Sens> finished handling the notification event (5)."
"14-08-2026 17:50:17","811","Information","Microsoft-Windows-Winlogon","The winlogon notification subscriber <Sens> began handling the notification event (5)."
"14-08-2026 17:49:45","812","Information","Microsoft-Windows-Winlogon","The winlogon notification subscriber <TermSrv> finished handling the notification event (4)."
"14-08-2026 17:49:45","811","Information","Microsoft-Windows-Winlogon","The winlogon notification subscriber <TermSrv> began handling the notification event (4)."
"14-08-2026 17:49:45","812","Information","Microsoft-Windows-Winlogon","The winlogon notification subscriber <Sens> finished handling the notification event (4)."
"14-08-2026 17:49:45","811","Information","Microsoft-Windows-Winlogon","The winlogon notification subscriber <Sens> began handling the notification event (4)."
"14-08-2026 17:35:15","812","Information","Microsoft-Windows-Winlogon","The winlogon notification subscriber <TermSrv> finished handling the notification event (5)."
"14-08-2026 17:35:15","811","Information","Microsoft-Windows-Winlogon","The winlogon notification subscriber <TermSrv> began handling the notification event (5)."
"14-08-2026 17:35:15","812","Information","Microsoft-Windows-Winlogon","The winlogon notification subscriber <Sens> finished handling the notification event (5)."
"14-08-2026 17:35:15","811","Information","Microsoft-Windows-Winlogon","The winlogon notification subscriber <Sens> began handling the notification event (5)."
"14-08-2026 17:16:06","812","Information","Microsoft-Windows-Winlogon","The winlogon notification subscriber <TermSrv> finished handling the notification event (4)."
"14-08-2026 17:16:06","811","Information","Microsoft-Windows-Winlogon","The winlogon notification subscriber <TermSrv> began handling the notification event (4)."
"14-08-2026 17:16:06","812","Information","Microsoft-Windows-Winlogon","The winlogon notification subscriber <Sens> finished handling the notification event (4)."
"14-08-2026 17:16:06","811","Information","Microsoft-Windows-Winlogon","The winlogon notification subscriber <Sens> began handling the notification event (4)."
"14-08-2026 14:09:14","812","Information","Microsoft-Windows-Winlogon","The winlogon notification subscriber <TermSrv> finished handling the notification event (5)."
"14-08-2026 14:09:14","811","Information","Microsoft-Windows-Winlogon","The winlogon notification subscriber <TermSrv> began handling the notification event (5)."
"14-08-2026 14:09:14","812","Information","Microsoft-Windows-Winlogon","The winlogon notification subscriber <Sens> finished handling the notification event (5)."
"14-08-2026 14:09:14","811","Information","Microsoft-Windows-Winlogon","The winlogon notification subscriber <Sens> began handling the notification event (5)."
"14-08-2026 13:51:16","812","Information","Microsoft-Windows-Winlogon","The winlogon notification subscriber <TermSrv> finished handling the notification event (4)."
"14-08-2026 13:51:16","811","Information","Microsoft-Windows-Winlogon","The winlogon notification subscriber <TermSrv> began handling the notification event (4)."
"14-08-2026 13:51:16","812","Information","Microsoft-Windows-Winlogon","The winlogon notification subscriber <Sens> finished handling the notification event (4)."
"14-08-2026 13:51:16","811","Information","Microsoft-Windows-Winlogon","The winlogon notification subscriber <Sens> began handling the notification event (4)."
"14-08-2026 13:23:06","812","Information","Microsoft-Windows-Winlogon","The winlogon notification subscriber <TermSrv> finished handling the notification event (5)."
"14-08-2026 13:23:06","811","Information","Microsoft-Windows-Winlogon","The winlogon notification subscriber <TermSrv> began handling the notification event (5)."
"14-08-2026 13:23:06","812","Information","Microsoft-Windows-Winlogon","The winlogon notification subscriber <Sens> finished handling the notification event (5)."
"14-08-2026 13:23:06","811","Information","Microsoft-Windows-Winlogon","The winlogon notification subscriber <Sens> began handling the notification event (5)."
"13-08-2026 19:09:52","812","Information","Microsoft-Windows-Winlogon","The winlogon notification subscriber <TermSrv> finished handling the notification event (4)."
"13-08-2026 19:09:52","811","Information","Microsoft-Windows-Winlogon","The winlogon notification subscriber <TermSrv> began handling the notification event (4)."
"13-08-2026 19:09:52","812","Information","Microsoft-Windows-Winlogon","The winlogon notification subscriber <Sens> finished handling the notification event (4)."
"13-08-2026 19:09:52","811","Information","Microsoft-Windows-Winlogon","The winlogon notification subscriber <Sens> began handling the notification event (4)."
"13-08-2026 18:29:11","812","Information","Microsoft-Windows-Winlogon","The winlogon notification subscriber <TermSrv> finished handling the notification event (5)."
"13-08-2026 18:29:11","811","Information","Microsoft-Windows-Winlogon","The winlogon notification subscriber <TermSrv> began handling the notification event (5)."
"13-08-2026 18:29:11","812","Information","Microsoft-Windows-Winlogon","The winlogon notification subscriber <Sens> finished handling the notification event (5)."
"13-08-2026 18:29:11","811","Information","Microsoft-Windows-Winlogon","The winlogon notification subscriber <Sens> began handling the notification event (5)."
"13-08-2026 18:13:44","812","Information","Microsoft-Windows-Winlogon","The winlogon notification subscriber <TermSrv> finished handling the notification event (4)."
"13-08-2026 18:13:44","811","Information","Microsoft-Windows-Winlogon","The winlogon notification subscriber <TermSrv> began handling the notification event (4)."
"13-08-2026 18:13:44","812","Information","Microsoft-Windows-Winlogon","The winlogon notification subscriber <Sens> finished handling the notification event (4)."
"13-08-2026 18:13:44","811","Information","Microsoft-Windows-Winlogon","The winlogon notification subscriber <Sens> began handling the notification event (4)."
"13-08-2026 18:00:35","812","Information","Microsoft-Windows-Winlogon","The winlogon notification subscriber <TermSrv> finished handling the notification event (5)."
"13-08-2026 18:00:35","811","Information","Microsoft-Windows-Winlogon","The winlogon notification subscriber <TermSrv> began handling the notification event (5)."
"13-08-2026 18:00:35","812","Information","Microsoft-Windows-Winlogon","The winlogon notification subscriber <Sens> finished handling the notification event (5)."
"13-08-2026 18:00:35","811","Information","Microsoft-Windows-Winlogon","The winlogon notification subscriber <Sens> began handling the notification event (5)."
"13-08-2026 17:55:58","812","Information","Microsoft-Windows-Winlogon","The winlogon notification subscriber <TermSrv> finished handling the notification event (4)."
"13-08-2026 17:55:58","811","Information","Microsoft-Windows-Winlogon","The winlogon notification subscriber <TermSrv> began handling the notification event (4)."
"13-08-2026 17:55:58","812","Information","Microsoft-Windows-Winlogon","The winlogon notification subscriber <Sens> finished handling the notification event (4)."
"13-08-2026 17:55:58","811","Information","Microsoft-Windows-Winlogon","The winlogon notification subscriber <Sens> began handling the notification event (4)."
"13-08-2026 17:30:00","812","Information","Microsoft-Windows-Winlogon","The winlogon notification subscriber <TermSrv> finished handling the notification event (5)."
"13-08-2026 17:30:00","811","Information","Microsoft-Windows-Winlogon","The winlogon notification subscriber <TermSrv> began handling the notification event (5)."
"13-08-2026 17:30:00","812","Information","Microsoft-Windows-Winlogon","The winlogon notification subscriber <Sens> finished handling the notification event (5)."
"13-08-2026 17:30:00","811","Information","Microsoft-Windows-Winlogon","The winlogon notification subscriber <Sens> began handling the notification event (5)."
"13-08-2026 17:17:48","812","Information","Microsoft-Windows-Winlogon","The winlogon notification subscriber <TermSrv> finished handling the notification event (4)."
"13-08-2026 17:17:48","811","Information","Microsoft-Windows-Winlogon","The winlogon notification subscriber <TermSrv> began handling the notification event (4)."
"13-08-2026 17:17:48","812","Information","Microsoft-Windows-Winlogon","The winlogon notification subscriber <Sens> finished handling the notification event (4)."
"13-08-2026 17:17:48","811","Information","Microsoft-Windows-Winlogon","The winlogon notification subscriber <Sens> began handling the notification event (4)."
"13-08-2026 16:57:30","812","Information","Microsoft-Windows-Winlogon","The winlogon notification subscriber <TermSrv> finished handling the notification event (5)."
"13-08-2026 16:57:30","811","Information","Microsoft-Windows-Winlogon","The winlogon notification subscriber <TermSrv> began handling the notification event (5)."
"13-08-2026 16:57:30","812","Information","Microsoft-Windows-Winlogon","The winlogon notification subscriber <Sens> finished handling the notification event (5)."
"13-08-2026 16:57:30","811","Information","Microsoft-Windows-Winlogon","The winlogon notification subscriber <Sens> began handling the notification event (5)."
"13-08-2026 16:50:30","812","Information","Microsoft-Windows-Winlogon","The winlogon notification subscriber <TermSrv> finished handling the notification event (4)."
"13-08-2026 16:50:30","811","Information","Microsoft-Windows-Winlogon","The winlogon notification subscriber <TermSrv> began handling the notification event (4)."
"13-08-2026 16:50:30","812","Information","Microsoft-Windows-Winlogon","The winlogon notification subscriber <Sens> finished handling the notification event (4)."
"13-08-2026 16:50:30","811","Information","Microsoft-Windows-Winlogon","The winlogon notification subscriber <Sens> began handling the notification event (4)."
"13-08-2026 14:10:58","812","Information","Microsoft-Windows-Winlogon","The winlogon notification subscriber <TermSrv> finished handling the notification event (5)."
"13-08-2026 14:10:58","811","Information","Microsoft-Windows-Winlogon","The winlogon notification subscriber <TermSrv> began handling the notification event (5)."
"13-08-2026 14:10:58","812","Information","Microsoft-Windows-Winlogon","The winlogon notification subscriber <Sens> finished handling the notification event (5)."
"13-08-2026 14:10:58","811","Information","Microsoft-Windows-Winlogon","The winlogon notification subscriber <Sens> began handling the notification event (5)."
"13-08-2026 13:11:05","812","Information","Microsoft-Windows-Winlogon","The winlogon notification subscriber <TermSrv> finished handling the notification event (4)."
"13-08-2026 13:11:05","811","Information","Microsoft-Windows-Winlogon","The winlogon notification subscriber <TermSrv> began handling the notification event (4)."
"13-08-2026 13:11:05","812","Information","Microsoft-Windows-Winlogon","The winlogon notification subscriber <Sens> finished handling the notification event (4)."
"13-08-2026 13:11:05","811","Information","Microsoft-Windows-Winlogon","The winlogon notification subscriber <Sens> began handling the notification event (4)."
"13-08-2026 12:44:14","812","Information","Microsoft-Windows-Winlogon","The winlogon notification subscriber <TermSrv> finished handling the notification event (5)."
"13-08-2026 12:44:14","811","Information","Microsoft-Windows-Winlogon","The winlogon notification subscriber <TermSrv> began handling the notification event (5)."
"13-08-2026 12:44:14","812","Information","Microsoft-Windows-Winlogon","The winlogon notification subscriber <Sens> finished handling the notification event (5)."
"13-08-2026 12:44:14","811","Information","Microsoft-Windows-Winlogon","The winlogon notification subscriber <Sens> began handling the notification event (5)."
"13-08-2026 12:21:43","812","Information","Microsoft-Windows-Winlogon","The winlogon notification subscriber <TermSrv> finished handling the notification event (4)."
"13-08-2026 12:21:43","811","Information","Microsoft-Windows-Winlogon","The winlogon notification subscriber <TermSrv> began handling the notification event (4)."
"13-08-2026 12:21:43","812","Information","Microsoft-Windows-Winlogon","The winlogon notification subscriber <Sens> finished handling the notification event (4)."
"13-08-2026 12:21:43","811","Information","Microsoft-Windows-Winlogon","The winlogon notification subscriber <Sens> began handling the notification event (4)."
"13-08-2026 11:12:15","812","Information","Microsoft-Windows-Winlogon","The winlogon notification subscriber <TermSrv> finished handling the notification event (5)."
"13-08-2026 11:12:15","811","Information","Microsoft-Windows-Winlogon","The winlogon notification subscriber <TermSrv> began handling the notification event (5)."
"13-08-2026 11:12:15","812","Information","Microsoft-Windows-Winlogon","The winlogon notification subscriber <Sens> finished handling the notification event (5)."
"13-08-2026 11:12:15","811","Information","Microsoft-Windows-Winlogon","The winlogon notification subscriber <Sens> began handling the notification event (5)."
"13-08-2026 10:46:03","812","Information","Microsoft-Windows-Winlogon","The winlogon notification subscriber <TermSrv> finished handling the notification event (4)."
"13-08-2026 10:46:03","811","Information","Microsoft-Windows-Winlogon","The winlogon notification subscriber <TermSrv> began handling the notification event (4)."
"13-08-2026 10:46:03","812","Information","Microsoft-Windows-Winlogon","The winlogon notification subscriber <Sens> finished handling the notification event (4)."
"13-08-2026 10:46:03","811","Information","Microsoft-Windows-Winlogon","The winlogon notification subscriber <Sens> began handling the notification event (4)."
"13-08-2026 09:36:36","812","Information","Microsoft-Windows-Winlogon","The winlogon notification subscriber <TermSrv> finished handling the notification event (5)."
"13-08-2026 09:36:36","811","Information","Microsoft-Windows-Winlogon","The winlogon notification subscriber <TermSrv> began handling the notification event (5)."
"13-08-2026 09:36:36","812","Information","Microsoft-Windows-Winlogon","The winlogon notification subscriber <Sens> finished handling the notification event (5)."
"13-08-2026 09:36:36","811","Information","Microsoft-Windows-Winlogon","The winlogon notification subscriber <Sens> began handling the notification event (5)."
"13-08-2026 09:14:26","812","Information","Microsoft-Windows-Winlogon","The winlogon notification subscriber <TermSrv> finished handling the notification event (4)."
"13-08-2026 09:14:26","811","Information","Microsoft-Windows-Winlogon","The winlogon notification subscriber <TermSrv> began handling the notification event (4)."
"13-08-2026 09:14:26","812","Information","Microsoft-Windows-Winlogon","The winlogon notification subscriber <Sens> finished handling the notification event (4)."
"13-08-2026 09:14:26","811","Information","Microsoft-Windows-Winlogon","The winlogon notification subscriber <Sens> began handling the notification event (4)."
"13-08-2026 09:13:51","812","Information","Microsoft-Windows-Winlogon","The winlogon notification subscriber <TermSrv> finished handling the notification event (5)."
"13-08-2026 09:13:51","811","Information","Microsoft-Windows-Winlogon","The winlogon notification subscriber <TermSrv> began handling the notification event (5)."
"13-08-2026 09:13:51","812","Information","Microsoft-Windows-Winlogon","The winlogon notification subscriber <Sens> finished handling the notification event (5)."
"13-08-2026 09:13:51","811","Information","Microsoft-Windows-Winlogon","The winlogon notification subscriber <Sens> began handling the notification event (5)."
"12-08-2026 19:24:11","812","Information","Microsoft-Windows-Winlogon","The winlogon notification subscriber <TermSrv> finished handling the notification event (4)."
"12-08-2026 19:24:11","811","Information","Microsoft-Windows-Winlogon","The winlogon notification subscriber <TermSrv> began handling the notification event (4)."
"12-08-2026 19:24:11","812","Information","Microsoft-Windows-Winlogon","The winlogon notification subscriber <Sens> finished handling the notification event (4)."
"12-08-2026 19:24:11","811","Information","Microsoft-Windows-Winlogon","The winlogon notification subscriber <Sens> began handling the notification event (4)."
"12-08-2026 19:23:08","812","Information","Microsoft-Windows-Winlogon","The winlogon notification subscriber <TermSrv> finished handling the notification event (5)."
"12-08-2026 19:23:08","811","Information","Microsoft-Windows-Winlogon","The winlogon notification subscriber <TermSrv> began handling the notification event (5)."
"12-08-2026 19:23:08","812","Information","Microsoft-Windows-Winlogon","The winlogon notification subscriber <Sens> finished handling the notification event (5)."
"12-08-2026 19:23:08","811","Information","Microsoft-Windows-Winlogon","The winlogon notification subscriber <Sens> began handling the notification event (5)."
"12-08-2026 18:56:38","812","Information","Microsoft-Windows-Winlogon","The winlogon notification subscriber <TermSrv> finished handling the notification event (4)."
"12-08-2026 18:56:38","811","Information","Microsoft-Windows-Winlogon","The winlogon notification subscriber <TermSrv> began handling the notification event (4)."
"12-08-2026 18:56:38","812","Information","Microsoft-Windows-Winlogon","The winlogon notification subscriber <Sens> finished handling the notification event (4)."
"12-08-2026 18:56:38","811","Information","Microsoft-Windows-Winlogon","The winlogon notification subscriber <Sens> began handling the notification event (4)."
"12-08-2026 17:24:08","812","Information","Microsoft-Windows-Winlogon","The winlogon notification subscriber <TermSrv> finished handling the notification event (5)."
"12-08-2026 17:24:08","811","Information","Microsoft-Windows-Winlogon","The winlogon notification subscriber <TermSrv> began handling the notification event (5)."
"12-08-2026 17:24:08","812","Information","Microsoft-Windows-Winlogon","The winlogon notification subscriber <Sens> finished handling the notification event (5)."
"12-08-2026 17:24:08","811","Information","Microsoft-Windows-Winlogon","The winlogon notification subscriber <Sens> began handling the notification event (5)."
"12-08-2026 17:08:02","812","Information","Microsoft-Windows-Winlogon","The winlogon notification subscriber <TermSrv> finished handling the notification event (4)."
"12-08-2026 17:08:02","811","Information","Microsoft-Windows-Winlogon","The winlogon notification subscriber <TermSrv> began handling the notification event (4)."
"12-08-2026 17:08:02","812","Information","Microsoft-Windows-Winlogon","The winlogon notification subscriber <Sens> finished handling the notification event (4)."
"12-08-2026 17:08:02","811","Information","Microsoft-Windows-Winlogon","The winlogon notification subscriber <Sens> began handling the notification event (4)."
"12-08-2026 16:03:08","812","Information","Microsoft-Windows-Winlogon","The winlogon notification subscriber <TermSrv> finished handling the notification event (5)."
"12-08-2026 16:03:08","811","Information","Microsoft-Windows-Winlogon","The winlogon notification subscriber <TermSrv> began handling the notification event (5)."
"12-08-2026 16:03:08","812","Information","Microsoft-Windows-Winlogon","The winlogon notification subscriber <Sens> finished handling the notification event (5)."
"12-08-2026 16:03:08","811","Information","Microsoft-Windows-Winlogon","The winlogon notification subscriber <Sens> began handling the notification event (5)."
"12-08-2026 15:59:03","812","Information","Microsoft-Windows-Winlogon","The winlogon notification subscriber <TermSrv> finished handling the notification event (4)."
"12-08-2026 15:59:03","811","Information","Microsoft-Windows-Winlogon","The winlogon notification subscriber <TermSrv> began handling the notification event (4)."
"12-08-2026 15:59:03","812","Information","Microsoft-Windows-Winlogon","The winlogon notification subscriber <Sens> finished handling the notification event (4)."
"12-08-2026 15:59:03","811","Information","Microsoft-Windows-Winlogon","The winlogon notification subscriber <Sens> began handling the notification event (4)."
"12-08-2026 15:54:05","812","Information","Microsoft-Windows-Winlogon","The winlogon notification subscriber <TermSrv> finished handling the notification event (5)."
"12-08-2026 15:54:05","811","Information","Microsoft-Windows-Winlogon","The winlogon notification subscriber <TermSrv> began handling the notification event (5)."
"12-08-2026 15:54:05","812","Information","Microsoft-Windows-Winlogon","The winlogon notification subscriber <Sens> finished handling the notification event (5)."
"12-08-2026 15:54:05","811","Information","Microsoft-Windows-Winlogon","The winlogon notification subscriber <Sens> began handling the notification event (5)."
"12-08-2026 15:23:35","812","Information","Microsoft-Windows-Winlogon","The winlogon notification subscriber <TermSrv> finished handling the notification event (4)."
"12-08-2026 15:23:35","811","Information","Microsoft-Windows-Winlogon","The winlogon notification subscriber <TermSrv> began handling the notification event (4)."
"12-08-2026 15:23:35","812","Information","Microsoft-Windows-Winlogon","The winlogon notification subscriber <Sens> finished handling the notification event (4)."
"12-08-2026 15:23:35","811","Information","Microsoft-Windows-Winlogon","The winlogon notification subscriber <Sens> began handling the notification event (4)."
"12-08-2026 15:05:38","812","Information","Microsoft-Windows-Winlogon","The winlogon notification subscriber <TermSrv> finished handling the notification event (5)."
"12-08-2026 15:05:38","811","Information","Microsoft-Windows-Winlogon","The winlogon notification subscriber <TermSrv> began handling the notification event (5)."
"12-08-2026 15:05:38","812","Information","Microsoft-Windows-Winlogon","The winlogon notification subscriber <Sens> finished handling the notification event (5)."
"12-08-2026 15:05:38","811","Information","Microsoft-Windows-Winlogon","The winlogon notification subscriber <Sens> began handling the notification event (5)."
"12-08-2026 14:42:57","812","Information","Microsoft-Windows-Winlogon","The winlogon notification subscriber <TermSrv> finished handling the notification event (4)."
"12-08-2026 14:42:57","811","Information","Microsoft-Windows-Winlogon","The winlogon notification subscriber <TermSrv> began handling the notification event (4)."
"12-08-2026 14:42:57","812","Information","Microsoft-Windows-Winlogon","The winlogon notification subscriber <Sens> finished handling the notification event (4)."
"12-08-2026 14:42:57","811","Information","Microsoft-Windows-Winlogon","The winlogon notification subscriber <Sens> began handling the notification event (4)."
"12-08-2026 14:27:46","812","Information","Microsoft-Windows-Winlogon","The winlogon notification subscriber <TermSrv> finished handling the notification event (5)."
"12-08-2026 14:27:46","811","Information","Microsoft-Windows-Winlogon","The winlogon notification subscriber <TermSrv> began handling the notification event (5)."
"12-08-2026 14:27:46","812","Information","Microsoft-Windows-Winlogon","The winlogon notification subscriber <Sens> finished handling the notification event (5)."
"12-08-2026 14:27:46","811","Information","Microsoft-Windows-Winlogon","The winlogon notification subscriber <Sens> began handling the notification event (5)."
"12-08-2026 13:36:28","812","Information","Microsoft-Windows-Winlogon","The winlogon notification subscriber <TermSrv> finished handling the notification event (4)."
"12-08-2026 13:36:28","811","Information","Microsoft-Windows-Winlogon","The winlogon notification subscriber <TermSrv> began handling the notification event (4)."
"12-08-2026 13:36:28","812","Information","Microsoft-Windows-Winlogon","The winlogon notification subscriber <Sens> finished handling the notification event (4)."
"12-08-2026 13:36:28","811","Information","Microsoft-Windows-Winlogon","The winlogon notification subscriber <Sens> began handling the notification event (4)."
"12-08-2026 13:21:11","812","Information","Microsoft-Windows-Winlogon","The winlogon notification subscriber <TermSrv> finished handling the notification event (5)."
"12-08-2026 13:21:11","811","Information","Microsoft-Windows-Winlogon","The winlogon notification subscriber <TermSrv> began handling the notification event (5)."
"12-08-2026 13:21:11","812","Information","Microsoft-Windows-Winlogon","The winlogon notification subscriber <Sens> finished handling the notification event (5)."
"12-08-2026 13:21:11","811","Information","Microsoft-Windows-Winlogon","The winlogon notification subscriber <Sens> began handling the notification event (5)."
"12-08-2026 13:21:05","812","Information","Microsoft-Windows-Winlogon","The winlogon notification subscriber <TermSrv> finished handling the notification event (4)."
"12-08-2026 13:21:05","811","Information","Microsoft-Windows-Winlogon","The winlogon notification subscriber <TermSrv> began handling the notification event (4)."
"12-08-2026 13:21:05","812","Information","Microsoft-Windows-Winlogon","The winlogon notification subscriber <Sens> finished handling the notification event (4)."
"12-08-2026 13:21:05","811","Information","Microsoft-Windows-Winlogon","The winlogon notification subscriber <Sens> began handling the notification event (4)."
"12-08-2026 12:52:13","812","Information","Microsoft-Windows-Winlogon","The winlogon notification subscriber <TermSrv> finished handling the notification event (5)."
"12-08-2026 12:52:13","811","Information","Microsoft-Windows-Winlogon","The winlogon notification subscriber <TermSrv> began handling the notification event (5)."
"12-08-2026 12:52:13","812","Information","Microsoft-Windows-Winlogon","The winlogon notification subscriber <Sens> finished handling the notification event (5)."
"12-08-2026 12:52:13","811","Information","Microsoft-Windows-Winlogon","The winlogon notification subscriber <Sens> began handling the notification event (5)."
"12-08-2026 12:42:46","812","Information","Microsoft-Windows-Winlogon","The winlogon notification subscriber <TermSrv> finished handling the notification event (4)."
"12-08-2026 12:42:46","811","Information","Microsoft-Windows-Winlogon","The winlogon notification subscriber <TermSrv> began handling the notification event (4)."
"12-08-2026 12:42:46","812","Information","Microsoft-Windows-Winlogon","The winlogon notification subscriber <Sens> finished handling the notification event (4)."
"12-08-2026 12:42:46","811","Information","Microsoft-Windows-Winlogon","The winlogon notification subscriber <Sens> began handling the notification event (4)."
"12-08-2026 12:16:45","812","Information","Microsoft-Windows-Winlogon","The winlogon notification subscriber <TermSrv> finished handling the notification event (5)."
"12-08-2026 12:16:45","811","Information","Microsoft-Windows-Winlogon","The winlogon notification subscriber <TermSrv> began handling the notification event (5)."
"12-08-2026 12:16:45","812","Information","Microsoft-Windows-Winlogon","The winlogon notification subscriber <Sens> finished handling the notification event (5)."
"12-08-2026 12:16:45","811","Information","Microsoft-Windows-Winlogon","The winlogon notification subscriber <Sens> began handling the notification event (5)."
"12-08-2026 12:05:06","812","Information","Microsoft-Windows-Winlogon","The winlogon notification subscriber <TermSrv> finished handling the notification event (4)."
"12-08-2026 12:05:06","811","Information","Microsoft-Windows-Winlogon","The winlogon notification subscriber <TermSrv> began handling the notification event (4)."
"12-08-2026 12:05:06","812","Information","Microsoft-Windows-Winlogon","The winlogon notification subscriber <Sens> finished handling the notification event (4)."
"12-08-2026 12:05:06","811","Information","Microsoft-Windows-Winlogon","The winlogon notification subscriber <Sens> began handling the notification event (4)."
"12-08-2026 11:49:57","812","Information","Microsoft-Windows-Winlogon","The winlogon notification subscriber <TermSrv> finished handling the notification event (5)."
"12-08-2026 11:49:57","811","Information","Microsoft-Windows-Winlogon","The winlogon notification subscriber <TermSrv> began handling the notification event (5)."
"12-08-2026 11:49:57","812","Information","Microsoft-Windows-Winlogon","The winlogon notification subscriber <Sens> finished handling the notification event (5)."
"12-08-2026 11:49:57","811","Information","Microsoft-Windows-Winlogon","The winlogon notification subscriber <Sens> began handling the notification event (5)."
"12-08-2026 11:31:19","812","Information","Microsoft-Windows-Winlogon","The winlogon notification subscriber <TermSrv> finished handling the notification event (4)."
"12-08-2026 11:31:19","811","Information","Microsoft-Windows-Winlogon","The winlogon notification subscriber <TermSrv> began handling the notification event (4)."
"12-08-2026 11:31:19","812","Information","Microsoft-Windows-Winlogon","The winlogon notification subscriber <Sens> finished handling the notification event (4)."
"12-08-2026 11:31:19","811","Information","Microsoft-Windows-Winlogon","The winlogon notification subscriber <Sens> began handling the notification event (4)."
"12-08-2026 11:26:26","812","Information","Microsoft-Windows-Winlogon","The winlogon notification subscriber <TermSrv> finished handling the notification event (5)."
"12-08-2026 11:26:26","811","Information","Microsoft-Windows-Winlogon","The winlogon notification subscriber <TermSrv> began handling the notification event (5)."
"12-08-2026 11:26:26","812","Information","Microsoft-Windows-Winlogon","The winlogon notification subscriber <Sens> finished handling the notification event (5)."
"12-08-2026 11:26:26","811","Information","Microsoft-Windows-Winlogon","The winlogon notification subscriber <Sens> began handling the notification event (5)."
"12-08-2026 11:25:53","812","Information","Microsoft-Windows-Winlogon","The winlogon notification subscriber <TermSrv> finished handling the notification event (4)."
"12-08-2026 11:25:53","811","Information","Microsoft-Windows-Winlogon","The winlogon notification subscriber <TermSrv> began handling the notification event (4)."
"12-08-2026 11:25:53","812","Information","Microsoft-Windows-Winlogon","The winlogon notification subscriber <Sens> finished handling the notification event (4)."
"12-08-2026 11:25:53","811","Information","Microsoft-Windows-Winlogon","The winlogon notification subscriber <Sens> began handling the notification event (4)."
"12-08-2026 11:25:40","812","Information","Microsoft-Windows-Winlogon","The winlogon notification subscriber <TermSrv> finished handling the notification event (5)."
"12-08-2026 11:25:40","811","Information","Microsoft-Windows-Winlogon","The winlogon notification subscriber <TermSrv> began handling the notification event (5)."
"12-08-2026 11:25:40","812","Information","Microsoft-Windows-Winlogon","The winlogon notification subscriber <Sens> finished handling the notification event (5)."
"12-08-2026 11:25:40","811","Information","Microsoft-Windows-Winlogon","The winlogon notification subscriber <Sens> began handling the notification event (5)."
"12-08-2026 10:44:06","812","Information","Microsoft-Windows-Winlogon","The winlogon notification subscriber <TermSrv> finished handling the notification event (4)."
"12-08-2026 10:44:06","811","Information","Microsoft-Windows-Winlogon","The winlogon notification subscriber <TermSrv> began handling the notification event (4)."
"12-08-2026 10:44:06","812","Information","Microsoft-Windows-Winlogon","The winlogon notification subscriber <Sens> finished handling the notification event (4)."
"12-08-2026 10:44:06","811","Information","Microsoft-Windows-Winlogon","The winlogon notification subscriber <Sens> began handling the notification event (4)."
"12-08-2026 10:12:55","812","Information","Microsoft-Windows-Winlogon","The winlogon notification subscriber <TermSrv> finished handling the notification event (5)."
"12-08-2026 10:12:55","811","Information","Microsoft-Windows-Winlogon","The winlogon notification subscriber <TermSrv> began handling the notification event (5)."
"12-08-2026 10:12:55","812","Information","Microsoft-Windows-Winlogon","The winlogon notification subscriber <Sens> finished handling the notification event (5)."
"12-08-2026 10:12:55","811","Information","Microsoft-Windows-Winlogon","The winlogon notification subscriber <Sens> began handling the notification event (5)."
"12-08-2026 10:03:35","812","Information","Microsoft-Windows-Winlogon","The winlogon notification subscriber <TermSrv> finished handling the notification event (4)."
"12-08-2026 10:03:35","811","Information","Microsoft-Windows-Winlogon","The winlogon notification subscriber <TermSrv> began handling the notification event (4)."
"12-08-2026 10:03:35","812","Information","Microsoft-Windows-Winlogon","The winlogon notification subscriber <Sens> finished handling the notification event (4)."
"12-08-2026 10:03:35","811","Information","Microsoft-Windows-Winlogon","The winlogon notification subscriber <Sens> began handling the notification event (4)."
"12-08-2026 10:03:24","812","Information","Microsoft-Windows-Winlogon","The winlogon notification subscriber <TermSrv> finished handling the notification event (5)."
"12-08-2026 10:03:24","811","Information","Microsoft-Windows-Winlogon","The winlogon notification subscriber <TermSrv> began handling the notification event (5)."
"12-08-2026 10:03:24","812","Information","Microsoft-Windows-Winlogon","The winlogon notification subscriber <Sens> finished handling the notification event (5)."
"12-08-2026 10:03:24","811","Information","Microsoft-Windows-Winlogon","The winlogon notification subscriber <Sens> began handling the notification event (5)."
"12-08-2026 09:53:13","812","Information","Microsoft-Windows-Winlogon","The winlogon notification subscriber <TermSrv> finished handling the notification event (4)."
"12-08-2026 09:53:13","811","Information","Microsoft-Windows-Winlogon","The winlogon notification subscriber <TermSrv> began handling the notification event (4)."
"12-08-2026 09:53:13","812","Information","Microsoft-Windows-Winlogon","The winlogon notification subscriber <Sens> finished handling the notification event (4)."
"12-08-2026 09:53:13","811","Information","Microsoft-Windows-Winlogon","The winlogon notification subscriber <Sens> began handling the notification event (4)."
"12-08-2026 08:55:33","812","Information","Microsoft-Windows-Winlogon","The winlogon notification subscriber <TermSrv> finished handling the notification event (5)."
"12-08-2026 08:55:33","811","Information","Microsoft-Windows-Winlogon","The winlogon notification subscriber <TermSrv> began handling the notification event (5)."
"12-08-2026 08:55:33","812","Information","Microsoft-Windows-Winlogon","The winlogon notification subscriber <Sens> finished handling the notification event (5)."
"12-08-2026 08:55:33","811","Information","Microsoft-Windows-Winlogon","The winlogon notification subscriber <Sens> began handling the notification event (5)."
"11-08-2026 19:04:22","812","Information","Microsoft-Windows-Winlogon","The winlogon notification subscriber <TermSrv> finished handling the notification event (4)."
"11-08-2026 19:04:22","811","Information","Microsoft-Windows-Winlogon","The winlogon notification subscriber <TermSrv> began handling the notification event (4)."
"11-08-2026 19:04:22","812","Information","Microsoft-Windows-Winlogon","The winlogon notification subscriber <Sens> finished handling the notification event (4)."
"11-08-2026 19:04:22","811","Information","Microsoft-Windows-Winlogon","The winlogon notification subscriber <Sens> began handling the notification event (4)."
"11-08-2026 19:02:18","812","Information","Microsoft-Windows-Winlogon","The winlogon notification subscriber <TermSrv> finished handling the notification event (5)."
"11-08-2026 19:02:18","811","Information","Microsoft-Windows-Winlogon","The winlogon notification subscriber <TermSrv> began handling the notification event (5)."
"11-08-2026 19:02:18","812","Information","Microsoft-Windows-Winlogon","The winlogon notification subscriber <Sens> finished handling the notification event (5)."
"11-08-2026 19:02:18","811","Information","Microsoft-Windows-Winlogon","The winlogon notification subscriber <Sens> began handling the notification event (5)."
"11-08-2026 17:34:00","812","Information","Microsoft-Windows-Winlogon","The winlogon notification subscriber <TermSrv> finished handling the notification event (4)."
"11-08-2026 17:34:00","811","Information","Microsoft-Windows-Winlogon","The winlogon notification subscriber <TermSrv> began handling the notification event (4)."
"11-08-2026 17:34:00","812","Information","Microsoft-Windows-Winlogon","The winlogon notification subscriber <Sens> finished handling the notification event (4)."
"11-08-2026 17:34:00","811","Information","Microsoft-Windows-Winlogon","The winlogon notification subscriber <Sens> began handling the notification event (4)."
"11-08-2026 16:57:33","812","Information","Microsoft-Windows-Winlogon","The winlogon notification subscriber <TermSrv> finished handling the notification event (5)."
"11-08-2026 16:57:33","811","Information","Microsoft-Windows-Winlogon","The winlogon notification subscriber <TermSrv> began handling the notification event (5)."
"11-08-2026 16:57:33","812","Information","Microsoft-Windows-Winlogon","The winlogon notification subscriber <Sens> finished handling the notification event (5)."
"11-08-2026 16:57:33","811","Information","Microsoft-Windows-Winlogon","The winlogon notification subscriber <Sens> began handling the notification event (5)."
"11-08-2026 16:36:12","812","Information","Microsoft-Windows-Winlogon","The winlogon notification subscriber <TermSrv> finished handling the notification event (4)."
"11-08-2026 16:36:12","811","Information","Microsoft-Windows-Winlogon","The winlogon notification subscriber <TermSrv> began handling the notification event (4)."
"11-08-2026 16:36:12","812","Information","Microsoft-Windows-Winlogon","The winlogon notification subscriber <Sens> finished handling the notification event (4)."
"11-08-2026 16:36:12","811","Information","Microsoft-Windows-Winlogon","The winlogon notification subscriber <Sens> began handling the notification event (4)."
"11-08-2026 16:33:32","812","Information","Microsoft-Windows-Winlogon","The winlogon notification subscriber <TermSrv> finished handling the notification event (5)."
"11-08-2026 16:33:32","811","Information","Microsoft-Windows-Winlogon","The winlogon notification subscriber <TermSrv> began handling the notification event (5)."
"11-08-2026 16:33:32","812","Information","Microsoft-Windows-Winlogon","The winlogon notification subscriber <Sens> finished handling the notification event (5)."
"11-08-2026 16:33:32","811","Information","Microsoft-Windows-Winlogon","The winlogon notification subscriber <Sens> began handling the notification event (5)."
"11-08-2026 16:28:24","812","Information","Microsoft-Windows-Winlogon","The winlogon notification subscriber <TermSrv> finished handling the notification event (4)."
"11-08-2026 16:28:24","811","Information","Microsoft-Windows-Winlogon","The winlogon notification subscriber <TermSrv> began handling the notification event (4)."
"11-08-2026 16:28:24","812","Information","Microsoft-Windows-Winlogon","The winlogon notification subscriber <Sens> finished handling the notification event (4)."
"11-08-2026 16:28:24","811","Information","Microsoft-Windows-Winlogon","The winlogon notification subscriber <Sens> began handling the notification event (4)."
"11-08-2026 14:15:13","812","Information","Microsoft-Windows-Winlogon","The winlogon notification subscriber <TermSrv> finished handling the notification event (5)."
"11-08-2026 14:15:13","811","Information","Microsoft-Windows-Winlogon","The winlogon notification subscriber <TermSrv> began handling the notification event (5)."
"11-08-2026 14:15:13","812","Information","Microsoft-Windows-Winlogon","The winlogon notification subscriber <Sens> finished handling the notification event (5)."
"11-08-2026 14:15:13","811","Information","Microsoft-Windows-Winlogon","The winlogon notification subscriber <Sens> began handling the notification event (5)."
"11-08-2026 13:55:23","812","Information","Microsoft-Windows-Winlogon","The winlogon notification subscriber <TermSrv> finished handling the notification event (4)."
"11-08-2026 13:55:23","811","Information","Microsoft-Windows-Winlogon","The winlogon notification subscriber <TermSrv> began handling the notification event (4)."
"11-08-2026 13:55:23","812","Information","Microsoft-Windows-Winlogon","The winlogon notification subscriber <Sens> finished handling the notification event (4)."
"11-08-2026 13:55:23","811","Information","Microsoft-Windows-Winlogon","The winlogon notification subscriber <Sens> began handling the notification event (4)."
"11-08-2026 13:55:01","812","Information","Microsoft-Windows-Winlogon","The winlogon notification subscriber <TermSrv> finished handling the notification event (5)."
"11-08-2026 13:55:01","811","Information","Microsoft-Windows-Winlogon","The winlogon notification subscriber <TermSrv> began handling the notification event (5)."
"11-08-2026 13:55:01","812","Information","Microsoft-Windows-Winlogon","The winlogon notification subscriber <Sens> finished handling the notification event (5)."
"11-08-2026 13:55:01","811","Information","Microsoft-Windows-Winlogon","The winlogon notification subscriber <Sens> began handling the notification event (5)."
"11-08-2026 13:11:53","812","Information","Microsoft-Windows-Winlogon","The winlogon notification subscriber <TermSrv> finished handling the notification event (4)."
"11-08-2026 13:11:53","811","Information","Microsoft-Windows-Winlogon","The winlogon notification subscriber <TermSrv> began handling the notification event (4)."
"11-08-2026 13:11:53","812","Information","Microsoft-Windows-Winlogon","The winlogon notification subscriber <Sens> finished handling the notification event (4)."
"11-08-2026 13:11:53","811","Information","Microsoft-Windows-Winlogon","The winlogon notification subscriber <Sens> began handling the notification event (4)."
"11-08-2026 12:07:13","812","Information","Microsoft-Windows-Winlogon","The winlogon notification subscriber <TermSrv> finished handling the notification event (14)."
"11-08-2026 12:07:13","811","Information","Microsoft-Windows-Winlogon","The winlogon notification subscriber <TermSrv> began handling the notification event (14)."
"11-08-2026 12:07:08","812","Information","Microsoft-Windows-Winlogon","The winlogon notification subscriber <TermSrv> finished handling the notification event (12)."
"11-08-2026 12:07:08","811","Information","Microsoft-Windows-Winlogon","The winlogon notification subscriber <TermSrv> began handling the notification event (12)."
"11-08-2026 12:07:08","812","Information","Microsoft-Windows-Winlogon","The winlogon notification subscriber <Sens> finished handling the notification event (12)."
"11-08-2026 12:07:08","811","Information","Microsoft-Windows-Winlogon","The winlogon notification subscriber <Sens> began handling the notification event (12)."
"11-08-2026 12:07:08","812","Information","Microsoft-Windows-Winlogon","The winlogon notification subscriber <GPClient> finished handling the notification event (12)."
"11-08-2026 12:07:08","811","Information","Microsoft-Windows-Winlogon","The winlogon notification subscriber <GPClient> began handling the notification event (12)."
"11-08-2026 12:07:08","812","Information","Microsoft-Windows-Winlogon","The winlogon notification subscriber <SessionEnv> finished handling the notification event (12)."
"11-08-2026 12:07:08","811","Information","Microsoft-Windows-Winlogon","The winlogon notification subscriber <SessionEnv> began handling the notification event (12)."
"11-08-2026 12:07:08","812","Information","Microsoft-Windows-Winlogon","The winlogon notification subscriber <Sens> finished handling the notification event (2)."
"11-08-2026 12:07:08","811","Information","Microsoft-Windows-Winlogon","The winlogon notification subscriber <Sens> began handling the notification event (2)."
"11-08-2026 12:07:08","812","Information","Microsoft-Windows-Winlogon","The winlogon notification subscriber <TermSrv> finished handling the notification event (2)."
"11-08-2026 12:07:08","811","Information","Microsoft-Windows-Winlogon","The winlogon notification subscriber <TermSrv> began handling the notification event (2)."
"11-08-2026 12:07:08","812","Information","Microsoft-Windows-Winlogon","The winlogon notification subscriber <GPClient> finished handling the notification event (2)."
"11-08-2026 12:07:08","811","Information","Microsoft-Windows-Winlogon","The winlogon notification subscriber <GPClient> began handling the notification event (2)."
"11-08-2026 12:07:08","812","Information","Microsoft-Windows-Winlogon","The winlogon notification subscriber <Profiles> finished handling the notification event (2)."
"11-08-2026 12:07:08","811","Information","Microsoft-Windows-Winlogon","The winlogon notification subscriber <Profiles> began handling the notification event (2)."
"11-08-2026 12:07:08","812","Information","Microsoft-Windows-Winlogon","The winlogon notification subscriber <SessionEnv> finished handling the notification event (2)."
