"18-06-2026 09:19:34","813","Information","Microsoft-Windows-DeviceManagement-Enterprise-Diagnostics-Provider","MDM PolicyManager: Set policy int, Policy: (Power/Policy/Settings/Processor/SchemePersonality/381b4222-f694-41f0-9685-ff5bb260df2e/0c3d5326-944b-4aab-8ad8-fe422a0e50e0/SchedulingPolicy/AcValue), Area: (knobs), EnrollmentID requesting merge: (6298f460-b760-45e0-944d-069a6f1385f8), Current User: (device), Int: (0x3), Enrollment Type: (0x1), Scope: (0x0)."
"18-06-2026 09:19:33","813","Information","Microsoft-Windows-DeviceManagement-Enterprise-Diagnostics-Provider","MDM PolicyManager: Set policy int, Policy: (Power/Policy/Settings/Processor/SchemePersonality/381b4222-f694-41f0-9685-ff5bb260df2e/0c3d5326-944b-4aab-8ad8-fe422a0e50e0/PerfLatencyHint1/DcValue), Area: (knobs), EnrollmentID requesting merge: (6298f460-b760-45e0-944d-069a6f1385f8), Current User: (device), Int: (0x64), Enrollment Type: (0x1), Scope: (0x0)."
"18-06-2026 09:19:33","813","Information","Microsoft-Windows-DeviceManagement-Enterprise-Diagnostics-Provider","MDM PolicyManager: Set policy int, Policy: (Power/Policy/Settings/Processor/SchemePersonality/381b4222-f694-41f0-9685-ff5bb260df2e/0c3d5326-944b-4aab-8ad8-fe422a0e50e0/PerfLatencyHint1/AcValue), Area: (knobs), EnrollmentID requesting merge: (6298f460-b760-45e0-944d-069a6f1385f8), Current User: (device), Int: (0x64), Enrollment Type: (0x1), Scope: (0x0)."
"18-06-2026 09:19:33","813","Information","Microsoft-Windows-DeviceManagement-Enterprise-Diagnostics-Provider","MDM PolicyManager: Set policy int, Policy: (Power/Policy/Settings/Processor/SchemePersonality/381b4222-f694-41f0-9685-ff5bb260df2e/0c3d5326-944b-4aab-8ad8-fe422a0e50e0/PerfLatencyHint/DcValue), Area: (knobs), EnrollmentID requesting merge: (6298f460-b760-45e0-944d-069a6f1385f8), Current User: (device), Int: (0x64), Enrollment Type: (0x1), Scope: (0x0)."
"18-06-2026 09:19:33","813","Information","Microsoft-Windows-DeviceManagement-Enterprise-Diagnostics-Provider","MDM PolicyManager: Set policy int, Policy: (Power/Policy/Settings/Processor/SchemePersonality/381b4222-f694-41f0-9685-ff5bb260df2e/0c3d5326-944b-4aab-8ad8-fe422a0e50e0/PerfLatencyHint/AcValue), Area: (knobs), EnrollmentID requesting merge: (6298f460-b760-45e0-944d-069a6f1385f8), Current User: (device), Int: (0x64), Enrollment Type: (0x1), Scope: (0x0)."
"18-06-2026 09:19:33","813","Information","Microsoft-Windows-DeviceManagement-Enterprise-Diagnostics-Provider","MDM PolicyManager: Set policy int, Policy: (Power/Policy/Settings/Processor/SchemePersonality/381b4222-f694-41f0-9685-ff5bb260df2e/0c3d5326-944b-4aab-8ad8-fe422a0e50e0/PerfEnergyPreference1/DcValue), Area: (knobs), EnrollmentID requesting merge: (6298f460-b760-45e0-944d-069a6f1385f8), Current User: (device), Int: (0x64), Enrollment Type: (0x1), Scope: (0x0)."
"18-06-2026 09:19:32","813","Information","Microsoft-Windows-DeviceManagement-Enterprise-Diagnostics-Provider","MDM PolicyManager: Set policy int, Policy: (Power/Policy/Settings/Processor/SchemePersonality/381b4222-f694-41f0-9685-ff5bb260df2e/0c3d5326-944b-4aab-8ad8-fe422a0e50e0/PerfEnergyPreference1/AcValue), Area: (knobs), EnrollmentID requesting merge: (6298f460-b760-45e0-944d-069a6f1385f8), Current User: (device), Int: (0x64), Enrollment Type: (0x1), Scope: (0x0)."
"18-06-2026 09:19:32","813","Information","Microsoft-Windows-DeviceManagement-Enterprise-Diagnostics-Provider","MDM PolicyManager: Set policy int, Policy: (Power/Policy/Settings/Processor/SchemePersonality/381b4222-f694-41f0-9685-ff5bb260df2e/0c3d5326-944b-4aab-8ad8-fe422a0e50e0/PerfEnergyPreference/DcValue), Area: (knobs), EnrollmentID requesting merge: (6298f460-b760-45e0-944d-069a6f1385f8), Current User: (device), Int: (0x64), Enrollment Type: (0x1), Scope: (0x0)."
"18-06-2026 09:19:32","813","Information","Microsoft-Windows-DeviceManagement-Enterprise-Diagnostics-Provider","MDM PolicyManager: Set policy int, Policy: (Power/Policy/Settings/Processor/SchemePersonality/381b4222-f694-41f0-9685-ff5bb260df2e/0c3d5326-944b-4aab-8ad8-fe422a0e50e0/PerfEnergyPreference/AcValue), Area: (knobs), EnrollmentID requesting merge: (6298f460-b760-45e0-944d-069a6f1385f8), Current User: (device), Int: (0x64), Enrollment Type: (0x1), Scope: (0x0)."
"18-06-2026 09:19:32","813","Information","Microsoft-Windows-DeviceManagement-Enterprise-Diagnostics-Provider","MDM PolicyManager: Set policy int, Policy: (Power/Policy/Settings/Processor/SchemePersonality/381b4222-f694-41f0-9685-ff5bb260df2e/0c3d5326-944b-4aab-8ad8-fe422a0e50e0/MaxFrequency1/DcValue), Area: (knobs), EnrollmentID requesting merge: (6298f460-b760-45e0-944d-069a6f1385f8), Current User: (device), Int: (0x5DC), Enrollment Type: (0x1), Scope: (0x0)."
"18-06-2026 09:19:32","813","Information","Microsoft-Windows-DeviceManagement-Enterprise-Diagnostics-Provider","MDM PolicyManager: Set policy int, Policy: (Power/Policy/Settings/Processor/SchemePersonality/381b4222-f694-41f0-9685-ff5bb260df2e/0c3d5326-944b-4aab-8ad8-fe422a0e50e0/MaxFrequency1/AcValue), Area: (knobs), EnrollmentID requesting merge: (6298f460-b760-45e0-944d-069a6f1385f8), Current User: (device), Int: (0x5DC), Enrollment Type: (0x1), Scope: (0x0)."
"18-06-2026 09:19:31","813","Information","Microsoft-Windows-DeviceManagement-Enterprise-Diagnostics-Provider","MDM PolicyManager: Set policy int, Policy: (Power/Policy/Settings/Processor/SchemePersonality/381b4222-f694-41f0-9685-ff5bb260df2e/0c3d5326-944b-4aab-8ad8-fe422a0e50e0/MaxFrequency/DcValue), Area: (knobs), EnrollmentID requesting merge: (6298f460-b760-45e0-944d-069a6f1385f8), Current User: (device), Int: (0x5DC), Enrollment Type: (0x1), Scope: (0x0)."
"18-06-2026 09:19:31","813","Information","Microsoft-Windows-DeviceManagement-Enterprise-Diagnostics-Provider","MDM PolicyManager: Set policy int, Policy: (Power/Policy/Settings/Processor/SchemePersonality/381b4222-f694-41f0-9685-ff5bb260df2e/0c3d5326-944b-4aab-8ad8-fe422a0e50e0/MaxFrequency/AcValue), Area: (knobs), EnrollmentID requesting merge: (6298f460-b760-45e0-944d-069a6f1385f8), Current User: (device), Int: (0x5DC), Enrollment Type: (0x1), Scope: (0x0)."
"18-06-2026 09:19:31","813","Information","Microsoft-Windows-DeviceManagement-Enterprise-Diagnostics-Provider","MDM PolicyManager: Set policy int, Policy: (Power/Policy/Settings/Processor/SchemePersonality/381b4222-f694-41f0-9685-ff5bb260df2e/0c3d5326-944b-4aab-8ad8-fe422a0e50e0/LatencyHintEpp1/DcValue), Area: (knobs), EnrollmentID requesting merge: (6298f460-b760-45e0-944d-069a6f1385f8), Current User: (device), Int: (0x13), Enrollment Type: (0x1), Scope: (0x0)."
"18-06-2026 09:19:31","813","Information","Microsoft-Windows-DeviceManagement-Enterprise-Diagnostics-Provider","MDM PolicyManager: Set policy int, Policy: (Power/Policy/Settings/Processor/SchemePersonality/381b4222-f694-41f0-9685-ff5bb260df2e/0c3d5326-944b-4aab-8ad8-fe422a0e50e0/LatencyHintEpp1/AcValue), Area: (knobs), EnrollmentID requesting merge: (6298f460-b760-45e0-944d-069a6f1385f8), Current User: (device), Int: (0x13), Enrollment Type: (0x1), Scope: (0x0)."
"18-06-2026 09:19:31","813","Information","Microsoft-Windows-DeviceManagement-Enterprise-Diagnostics-Provider","MDM PolicyManager: Set policy int, Policy: (Power/Policy/Settings/Processor/SchemePersonality/381b4222-f694-41f0-9685-ff5bb260df2e/0c3d5326-944b-4aab-8ad8-fe422a0e50e0/LatencyHintEpp/DcValue), Area: (knobs), EnrollmentID requesting merge: (6298f460-b760-45e0-944d-069a6f1385f8), Current User: (device), Int: (0x13), Enrollment Type: (0x1), Scope: (0x0)."
"18-06-2026 09:19:30","813","Information","Microsoft-Windows-DeviceManagement-Enterprise-Diagnostics-Provider","MDM PolicyManager: Set policy int, Policy: (Power/Policy/Settings/Processor/SchemePersonality/381b4222-f694-41f0-9685-ff5bb260df2e/0c3d5326-944b-4aab-8ad8-fe422a0e50e0/LatencyHintEpp/AcValue), Area: (knobs), EnrollmentID requesting merge: (6298f460-b760-45e0-944d-069a6f1385f8), Current User: (device), Int: (0x13), Enrollment Type: (0x1), Scope: (0x0)."
"18-06-2026 09:19:30","813","Information","Microsoft-Windows-DeviceManagement-Enterprise-Diagnostics-Provider","MDM PolicyManager: Set policy int, Policy: (Power/Policy/Definitions/Processor/HeteroIncreaseThreshold/List/9/Value), Area: (knobs), EnrollmentID requesting merge: (6298f460-b760-45e0-944d-069a6f1385f8), Current User: (device), Int: (0x7FFAFAFA), Enrollment Type: (0x1), Scope: (0x0)."
"18-06-2026 09:19:30","813","Information","Microsoft-Windows-DeviceManagement-Enterprise-Diagnostics-Provider","MDM PolicyManager: Set policy int, Policy: (Power/Policy/Definitions/Processor/HeteroIncreaseThreshold/List/8/Value), Area: (knobs), EnrollmentID requesting merge: (6298f460-b760-45e0-944d-069a6f1385f8), Current User: (device), Int: (0x7FC8C8C8), Enrollment Type: (0x1), Scope: (0x0)."
"18-06-2026 09:19:30","813","Information","Microsoft-Windows-DeviceManagement-Enterprise-Diagnostics-Provider","MDM PolicyManager: Set policy int, Policy: (Power/Policy/Definitions/Processor/HeteroIncreaseThreshold/List/7/Value), Area: (knobs), EnrollmentID requesting merge: (6298f460-b760-45e0-944d-069a6f1385f8), Current User: (device), Int: (0x7F828282), Enrollment Type: (0x1), Scope: (0x0)."
"18-06-2026 09:19:30","813","Information","Microsoft-Windows-DeviceManagement-Enterprise-Diagnostics-Provider","MDM PolicyManager: Set policy int, Policy: (Power/Policy/Definitions/Processor/HeteroIncreaseThreshold/List/6/Value), Area: (knobs), EnrollmentID requesting merge: (6298f460-b760-45e0-944d-069a6f1385f8), Current User: (device), Int: (0x64646464), Enrollment Type: (0x1), Scope: (0x0)."
"18-06-2026 09:19:30","813","Information","Microsoft-Windows-DeviceManagement-Enterprise-Diagnostics-Provider","MDM PolicyManager: Set policy int, Policy: (Power/Policy/Definitions/Processor/HeteroIncreaseThreshold/List/5/Value), Area: (knobs), EnrollmentID requesting merge: (6298f460-b760-45e0-944d-069a6f1385f8), Current User: (device), Int: (0x3C3C3C3C), Enrollment Type: (0x1), Scope: (0x0)."
"18-06-2026 09:19:29","813","Information","Microsoft-Windows-DeviceManagement-Enterprise-Diagnostics-Provider","MDM PolicyManager: Set policy int, Policy: (Power/Policy/Definitions/Processor/HeteroIncreaseThreshold/List/3/Value), Area: (knobs), EnrollmentID requesting merge: (6298f460-b760-45e0-944d-069a6f1385f8), Current User: (device), Int: (0x7FC8C8C8), Enrollment Type: (0x1), Scope: (0x0)."
"18-06-2026 09:19:29","813","Information","Microsoft-Windows-DeviceManagement-Enterprise-Diagnostics-Provider","MDM PolicyManager: Set policy int, Policy: (Power/Policy/Definitions/Processor/HeteroIncreaseThreshold/List/2/Value), Area: (knobs), EnrollmentID requesting merge: (6298f460-b760-45e0-944d-069a6f1385f8), Current User: (device), Int: (0xA0A0A64), Enrollment Type: (0x1), Scope: (0x0)."
"18-06-2026 09:19:29","813","Information","Microsoft-Windows-DeviceManagement-Enterprise-Diagnostics-Provider","MDM PolicyManager: Set policy int, Policy: (Power/Policy/Definitions/Processor/HeteroIncreaseThreshold/List/1/Value), Area: (knobs), EnrollmentID requesting merge: (6298f460-b760-45e0-944d-069a6f1385f8), Current User: (device), Int: (0x3030364), Enrollment Type: (0x1), Scope: (0x0)."
"18-06-2026 09:19:29","813","Information","Microsoft-Windows-DeviceManagement-Enterprise-Diagnostics-Provider","MDM PolicyManager: Set policy int, Policy: (Power/Policy/Definitions/Processor/HeteroIncreaseThreshold/List/0/Value), Area: (knobs), EnrollmentID requesting merge: (6298f460-b760-45e0-944d-069a6f1385f8), Current User: (device), Int: (0x64646464), Enrollment Type: (0x1), Scope: (0x0)."
"18-06-2026 09:19:29","813","Information","Microsoft-Windows-DeviceManagement-Enterprise-Diagnostics-Provider","MDM PolicyManager: Set policy int, Policy: (Power/Policy/Definitions/Processor/HeteroDecreaseThreshold/List/9/Value), Area: (knobs), EnrollmentID requesting merge: (6298f460-b760-45e0-944d-069a6f1385f8), Current User: (device), Int: (0x64969696), Enrollment Type: (0x1), Scope: (0x0)."
"18-06-2026 09:19:29","813","Information","Microsoft-Windows-DeviceManagement-Enterprise-Diagnostics-Provider","MDM PolicyManager: Set policy int, Policy: (Power/Policy/Definitions/Processor/HeteroDecreaseThreshold/List/8/Value), Area: (knobs), EnrollmentID requesting merge: (6298f460-b760-45e0-944d-069a6f1385f8), Current User: (device), Int: (0x64969696), Enrollment Type: (0x1), Scope: (0x0)."
"18-06-2026 09:19:28","813","Information","Microsoft-Windows-DeviceManagement-Enterprise-Diagnostics-Provider","MDM PolicyManager: Set policy int, Policy: (Power/Policy/Definitions/Processor/HeteroDecreaseThreshold/List/7/Value), Area: (knobs), EnrollmentID requesting merge: (6298f460-b760-45e0-944d-069a6f1385f8), Current User: (device), Int: (0x50505050), Enrollment Type: (0x1), Scope: (0x0)."
"18-06-2026 09:19:28","813","Information","Microsoft-Windows-DeviceManagement-Enterprise-Diagnostics-Provider","MDM PolicyManager: Set policy int, Policy: (Power/Policy/Definitions/Processor/HeteroDecreaseThreshold/List/6/Value), Area: (knobs), EnrollmentID requesting merge: (6298f460-b760-45e0-944d-069a6f1385f8), Current User: (device), Int: (0x32323232), Enrollment Type: (0x1), Scope: (0x0)."
"18-06-2026 09:19:28","813","Information","Microsoft-Windows-DeviceManagement-Enterprise-Diagnostics-Provider","MDM PolicyManager: Set policy int, Policy: (Power/Policy/Definitions/Processor/HeteroDecreaseThreshold/List/5/Value), Area: (knobs), EnrollmentID requesting merge: (6298f460-b760-45e0-944d-069a6f1385f8), Current User: (device), Int: (0x19191919), Enrollment Type: (0x1), Scope: (0x0)."
"18-06-2026 09:19:28","813","Information","Microsoft-Windows-DeviceManagement-Enterprise-Diagnostics-Provider","MDM PolicyManager: Set policy int, Policy: (Power/Policy/Definitions/Processor/HeteroDecreaseThreshold/List/3/Value), Area: (knobs), EnrollmentID requesting merge: (6298f460-b760-45e0-944d-069a6f1385f8), Current User: (device), Int: (0x50969696), Enrollment Type: (0x1), Scope: (0x0)."
"18-06-2026 09:19:28","813","Information","Microsoft-Windows-DeviceManagement-Enterprise-Diagnostics-Provider","MDM PolicyManager: Set policy int, Policy: (Power/Policy/Definitions/Processor/HeteroDecreaseThreshold/List/2/Value), Area: (knobs), EnrollmentID requesting merge: (6298f460-b760-45e0-944d-069a6f1385f8), Current User: (device), Int: (0x41414141), Enrollment Type: (0x1), Scope: (0x0)."
"18-06-2026 09:19:28","813","Information","Microsoft-Windows-DeviceManagement-Enterprise-Diagnostics-Provider","MDM PolicyManager: Set policy int, Policy: (Power/Policy/Definitions/Processor/HeteroDecreaseThreshold/List/1/Value), Area: (knobs), EnrollmentID requesting merge: (6298f460-b760-45e0-944d-069a6f1385f8), Current User: (device), Int: (0x3030332), Enrollment Type: (0x1), Scope: (0x0)."
"18-06-2026 09:19:28","813","Information","Microsoft-Windows-DeviceManagement-Enterprise-Diagnostics-Provider","MDM PolicyManager: Set policy int, Policy: (Power/Policy/Definitions/Processor/HeteroDecreaseThreshold/List/0/Value), Area: (knobs), EnrollmentID requesting merge: (6298f460-b760-45e0-944d-069a6f1385f8), Current User: (device), Int: (0x32323232), Enrollment Type: (0x1), Scope: (0x0)."
"18-06-2026 09:19:25","813","Information","Microsoft-Windows-DeviceManagement-Enterprise-Diagnostics-Provider","MDM PolicyManager: Set policy int, Policy: (Power/Policy/Settings/Processor/SchemePersonality/ded574b5-45a0-4f42-8737-46345c09c238/DefaultPowerSchemeValues/PerfIncreaseThreshold/AcValue), Area: (knobs), EnrollmentID requesting merge: (6298f460-b760-45e0-944d-069a6f1385f8), Current User: (device), Int: (0x1E), Enrollment Type: (0x1), Scope: (0x0)."
"18-06-2026 09:19:25","813","Information","Microsoft-Windows-DeviceManagement-Enterprise-Diagnostics-Provider","MDM PolicyManager: Set policy int, Policy: (Power/Policy/Settings/Processor/SchemePersonality/ded574b5-45a0-4f42-8737-46345c09c238/DefaultPowerSchemeValues/PerfIncreasePolicy/AcValue), Area: (knobs), EnrollmentID requesting merge: (6298f460-b760-45e0-944d-069a6f1385f8), Current User: (device), Int: (0x2), Enrollment Type: (0x1), Scope: (0x0)."
"18-06-2026 09:19:25","813","Information","Microsoft-Windows-DeviceManagement-Enterprise-Diagnostics-Provider","MDM PolicyManager: Set policy int, Policy: (Power/Policy/Settings/Processor/SchemePersonality/ded574b5-45a0-4f42-8737-46345c09c238/DefaultPowerSchemeValues/PerfEnergyPreference/AcValue), Area: (knobs), EnrollmentID requesting merge: (6298f460-b760-45e0-944d-069a6f1385f8), Current User: (device), Int: (0x19), Enrollment Type: (0x1), Scope: (0x0)."
"18-06-2026 09:19:24","813","Information","Microsoft-Windows-DeviceManagement-Enterprise-Diagnostics-Provider","MDM PolicyManager: Set policy int, Policy: (Power/Policy/Settings/Processor/SchemePersonality/ded574b5-45a0-4f42-8737-46345c09c238/DefaultPowerSchemeValues/PerfDecreaseThreshold/AcValue), Area: (knobs), EnrollmentID requesting merge: (6298f460-b760-45e0-944d-069a6f1385f8), Current User: (device), Int: (0xA), Enrollment Type: (0x1), Scope: (0x0)."
"18-06-2026 09:19:23","813","Information","Microsoft-Windows-DeviceManagement-Enterprise-Diagnostics-Provider","MDM PolicyManager: Set policy int, Policy: (Power/Policy/Settings/Processor/SchemePersonality/ded574b5-45a0-4f42-8737-46345c09c238/DefaultPowerSchemeValues/PerfIncreaseThreshold/DcValue), Area: (knobs), EnrollmentID requesting merge: (6298f460-b760-45e0-944d-069a6f1385f8), Current User: (device), Int: (0x1E), Enrollment Type: (0x1), Scope: (0x0)."
"18-06-2026 09:19:23","813","Information","Microsoft-Windows-DeviceManagement-Enterprise-Diagnostics-Provider","MDM PolicyManager: Set policy int, Policy: (Power/Policy/Settings/Processor/SchemePersonality/ded574b5-45a0-4f42-8737-46345c09c238/DefaultPowerSchemeValues/PerfIncreasePolicy/DcValue), Area: (knobs), EnrollmentID requesting merge: (6298f460-b760-45e0-944d-069a6f1385f8), Current User: (device), Int: (0x2), Enrollment Type: (0x1), Scope: (0x0)."
"18-06-2026 09:19:23","813","Information","Microsoft-Windows-DeviceManagement-Enterprise-Diagnostics-Provider","MDM PolicyManager: Set policy int, Policy: (Power/Policy/Settings/Processor/SchemePersonality/ded574b5-45a0-4f42-8737-46345c09c238/DefaultPowerSchemeValues/PerfEnergyPreference/DcValue), Area: (knobs), EnrollmentID requesting merge: (6298f460-b760-45e0-944d-069a6f1385f8), Current User: (device), Int: (0x21), Enrollment Type: (0x1), Scope: (0x0)."
"18-06-2026 09:19:23","813","Information","Microsoft-Windows-DeviceManagement-Enterprise-Diagnostics-Provider","MDM PolicyManager: Set policy int, Policy: (Power/Policy/Settings/Processor/SchemePersonality/ded574b5-45a0-4f42-8737-46345c09c238/DefaultPowerSchemeValues/PerfDecreaseThreshold/DcValue), Area: (knobs), EnrollmentID requesting merge: (6298f460-b760-45e0-944d-069a6f1385f8), Current User: (device), Int: (0xA), Enrollment Type: (0x1), Scope: (0x0)."
"18-06-2026 09:19:22","813","Information","Microsoft-Windows-DeviceManagement-Enterprise-Diagnostics-Provider","MDM PolicyManager: Set policy int, Policy: (Power/Policy/Settings/Processor/SchemePersonality/961cc777-2547-4f9d-8174-7d86181b8a7a/DefaultPowerSchemeValues/PerfEnergyPreference/DcValue), Area: (knobs), EnrollmentID requesting merge: (6298f460-b760-45e0-944d-069a6f1385f8), Current User: (device), Int: (0x46), Enrollment Type: (0x1), Scope: (0x0)."
"18-06-2026 09:19:22","813","Information","Microsoft-Windows-DeviceManagement-Enterprise-Diagnostics-Provider","MDM PolicyManager: Set policy int, Policy: (Power/Policy/Settings/Processor/SchemePersonality/381b4222-f694-41f0-9685-ff5bb260df2e/ee1e4f72-e368-46b1-b3c6-5048b11c2dbd/PerfEnergyPreference/DcValue), Area: (knobs), EnrollmentID requesting merge: (6298f460-b760-45e0-944d-069a6f1385f8), Current User: (device), Int: (0x46), Enrollment Type: (0x1), Scope: (0x0)."
"18-06-2026 09:19:22","813","Information","Microsoft-Windows-DeviceManagement-Enterprise-Diagnostics-Provider","MDM PolicyManager: Set policy int, Policy: (Power/Policy/Settings/Processor/SchemePersonality/381b4222-f694-41f0-9685-ff5bb260df2e/8bc6262c-c026-411d-ae3b-7e2f70811a13/PerfEnergyPreference/DcValue), Area: (knobs), EnrollmentID requesting merge: (6298f460-b760-45e0-944d-069a6f1385f8), Current User: (device), Int: (0x64), Enrollment Type: (0x1), Scope: (0x0)."
"18-06-2026 09:19:22","813","Information","Microsoft-Windows-DeviceManagement-Enterprise-Diagnostics-Provider","MDM PolicyManager: Set policy int, Policy: (Power/Policy/Settings/Processor/SchemePersonality/381b4222-f694-41f0-9685-ff5bb260df2e/8bc6262c-c026-411d-ae3b-7e2f70811a13/PerfEnergyPreference/AcValue), Area: (knobs), EnrollmentID requesting merge: (6298f460-b760-45e0-944d-069a6f1385f8), Current User: (device), Int: (0x64), Enrollment Type: (0x1), Scope: (0x0)."
"18-06-2026 09:19:22","813","Information","Microsoft-Windows-DeviceManagement-Enterprise-Diagnostics-Provider","MDM PolicyManager: Set policy int, Policy: (Power/Policy/Settings/Processor/SchemePersonality/381b4222-f694-41f0-9685-ff5bb260df2e/8bc6262c-c026-411d-ae3b-7e2f70811a13/PerfBoostMode/DcValue), Area: (knobs), EnrollmentID requesting merge: (6298f460-b760-45e0-944d-069a6f1385f8), Current User: (device), Int: (0x0), Enrollment Type: (0x1), Scope: (0x0)."
"18-06-2026 09:19:22","813","Information","Microsoft-Windows-DeviceManagement-Enterprise-Diagnostics-Provider","MDM PolicyManager: Set policy int, Policy: (Power/Policy/Settings/Processor/SchemePersonality/381b4222-f694-41f0-9685-ff5bb260df2e/8bc6262c-c026-411d-ae3b-7e2f70811a13/PerfBoostMode/AcValue), Area: (knobs), EnrollmentID requesting merge: (6298f460-b760-45e0-944d-069a6f1385f8), Current User: (device), Int: (0x0), Enrollment Type: (0x1), Scope: (0x0)."
"18-06-2026 09:19:21","813","Information","Microsoft-Windows-DeviceManagement-Enterprise-Diagnostics-Provider","MDM PolicyManager: Set policy int, Policy: (Power/Policy/Settings/Processor/SchemePersonality/a1841308-3541-4fab-bc81-f71556f20b4a/DefaultPowerSchemeValues/PerfAutonomousMode/DcValue), Area: (knobs), EnrollmentID requesting merge: (6298f460-b760-45e0-944d-069a6f1385f8), Current User: (device), Int: (0x1), Enrollment Type: (0x1), Scope: (0x0)."
"18-06-2026 09:19:20","813","Information","Microsoft-Windows-DeviceManagement-Enterprise-Diagnostics-Provider","MDM PolicyManager: Set policy int, Policy: (Power/Policy/Settings/Processor/SchemePersonality/a1841308-3541-4fab-bc81-f71556f20b4a/DefaultPowerSchemeValues/PerfAutonomousMode/AcValue), Area: (knobs), EnrollmentID requesting merge: (6298f460-b760-45e0-944d-069a6f1385f8), Current User: (device), Int: (0x1), Enrollment Type: (0x1), Scope: (0x0)."
"18-06-2026 09:19:20","813","Information","Microsoft-Windows-DeviceManagement-Enterprise-Diagnostics-Provider","MDM PolicyManager: Set policy int, Policy: (Power/Policy/Settings/Processor/SchemePersonality/a1841308-3541-4fab-bc81-f71556f20b4a/DefaultPowerSchemeValues/ModuleUnparkPolicy/DcValue), Area: (knobs), EnrollmentID requesting merge: (6298f460-b760-45e0-944d-069a6f1385f8), Current User: (device), Int: (0x1), Enrollment Type: (0x1), Scope: (0x0)."
"18-06-2026 09:19:20","813","Information","Microsoft-Windows-DeviceManagement-Enterprise-Diagnostics-Provider","MDM PolicyManager: Set policy int, Policy: (Power/Policy/Settings/Processor/SchemePersonality/a1841308-3541-4fab-bc81-f71556f20b4a/DefaultPowerSchemeValues/ModuleUnparkPolicy/AcValue), Area: (knobs), EnrollmentID requesting merge: (6298f460-b760-45e0-944d-069a6f1385f8), Current User: (device), Int: (0x1), Enrollment Type: (0x1), Scope: (0x0)."
"18-06-2026 09:19:20","813","Information","Microsoft-Windows-DeviceManagement-Enterprise-Diagnostics-Provider","MDM PolicyManager: Set policy int, Policy: (Power/Policy/Settings/Processor/SchemePersonality/a1841308-3541-4fab-bc81-f71556f20b4a/DefaultPowerSchemeValues/CPMinCores/DcValue), Area: (knobs), EnrollmentID requesting merge: (6298f460-b760-45e0-944d-069a6f1385f8), Current User: (device), Int: (0x64), Enrollment Type: (0x1), Scope: (0x0)."
"18-06-2026 09:19:20","813","Information","Microsoft-Windows-DeviceManagement-Enterprise-Diagnostics-Provider","MDM PolicyManager: Set policy int, Policy: (Power/Policy/Settings/Processor/SchemePersonality/a1841308-3541-4fab-bc81-f71556f20b4a/DefaultPowerSchemeValues/CPMinCores/AcValue), Area: (knobs), EnrollmentID requesting merge: (6298f460-b760-45e0-944d-069a6f1385f8), Current User: (device), Int: (0x64), Enrollment Type: (0x1), Scope: (0x0)."
"18-06-2026 09:19:20","813","Information","Microsoft-Windows-DeviceManagement-Enterprise-Diagnostics-Provider","MDM PolicyManager: Set policy int, Policy: (Power/Policy/Settings/Processor/SchemePersonality/8c5e7fda-e8bf-4a96-9a85-a6e23a8c635c/DefaultPowerSchemeValues/PerfAutonomousMode/DcValue), Area: (knobs), EnrollmentID requesting merge: (6298f460-b760-45e0-944d-069a6f1385f8), Current User: (device), Int: (0x1), Enrollment Type: (0x1), Scope: (0x0)."
"18-06-2026 09:19:19","813","Information","Microsoft-Windows-DeviceManagement-Enterprise-Diagnostics-Provider","MDM PolicyManager: Set policy int, Policy: (Power/Policy/Settings/Processor/SchemePersonality/8c5e7fda-e8bf-4a96-9a85-a6e23a8c635c/DefaultPowerSchemeValues/PerfAutonomousMode/AcValue), Area: (knobs), EnrollmentID requesting merge: (6298f460-b760-45e0-944d-069a6f1385f8), Current User: (device), Int: (0x1), Enrollment Type: (0x1), Scope: (0x0)."
"18-06-2026 09:19:19","813","Information","Microsoft-Windows-DeviceManagement-Enterprise-Diagnostics-Provider","MDM PolicyManager: Set policy int, Policy: (Power/Policy/Settings/Processor/SchemePersonality/8c5e7fda-e8bf-4a96-9a85-a6e23a8c635c/DefaultPowerSchemeValues/ModuleUnparkPolicy/DcValue), Area: (knobs), EnrollmentID requesting merge: (6298f460-b760-45e0-944d-069a6f1385f8), Current User: (device), Int: (0x1), Enrollment Type: (0x1), Scope: (0x0)."
"18-06-2026 09:19:18","813","Information","Microsoft-Windows-DeviceManagement-Enterprise-Diagnostics-Provider","MDM PolicyManager: Set policy int, Policy: (Power/Policy/Settings/Processor/SchemePersonality/8c5e7fda-e8bf-4a96-9a85-a6e23a8c635c/DefaultPowerSchemeValues/ModuleUnparkPolicy/AcValue), Area: (knobs), EnrollmentID requesting merge: (6298f460-b760-45e0-944d-069a6f1385f8), Current User: (device), Int: (0x1), Enrollment Type: (0x1), Scope: (0x0)."
"18-06-2026 09:19:18","813","Information","Microsoft-Windows-DeviceManagement-Enterprise-Diagnostics-Provider","MDM PolicyManager: Set policy int, Policy: (Power/Policy/Settings/Processor/SchemePersonality/381b4222-f694-41f0-9685-ff5bb260df2e/DefaultPowerSchemeValues/PerfAutonomousMode/DcValue), Area: (knobs), EnrollmentID requesting merge: (6298f460-b760-45e0-944d-069a6f1385f8), Current User: (device), Int: (0x1), Enrollment Type: (0x1), Scope: (0x0)."
"18-06-2026 09:19:18","813","Information","Microsoft-Windows-DeviceManagement-Enterprise-Diagnostics-Provider","MDM PolicyManager: Set policy int, Policy: (Power/Policy/Settings/Processor/SchemePersonality/381b4222-f694-41f0-9685-ff5bb260df2e/DefaultPowerSchemeValues/PerfAutonomousMode/AcValue), Area: (knobs), EnrollmentID requesting merge: (6298f460-b760-45e0-944d-069a6f1385f8), Current User: (device), Int: (0x1), Enrollment Type: (0x1), Scope: (0x0)."
"18-06-2026 09:19:18","813","Information","Microsoft-Windows-DeviceManagement-Enterprise-Diagnostics-Provider","MDM PolicyManager: Set policy int, Policy: (Power/Policy/Settings/Processor/SchemePersonality/381b4222-f694-41f0-9685-ff5bb260df2e/DefaultPowerSchemeValues/ModuleUnparkPolicy/DcValue), Area: (knobs), EnrollmentID requesting merge: (6298f460-b760-45e0-944d-069a6f1385f8), Current User: (device), Int: (0x1), Enrollment Type: (0x1), Scope: (0x0)."
"18-06-2026 09:19:18","813","Information","Microsoft-Windows-DeviceManagement-Enterprise-Diagnostics-Provider","MDM PolicyManager: Set policy int, Policy: (Power/Policy/Settings/Processor/SchemePersonality/381b4222-f694-41f0-9685-ff5bb260df2e/DefaultPowerSchemeValues/ModuleUnparkPolicy/AcValue), Area: (knobs), EnrollmentID requesting merge: (6298f460-b760-45e0-944d-069a6f1385f8), Current User: (device), Int: (0x1), Enrollment Type: (0x1), Scope: (0x0)."
"18-06-2026 09:19:18","813","Information","Microsoft-Windows-DeviceManagement-Enterprise-Diagnostics-Provider","MDM PolicyManager: Set policy int, Policy: (Power/Policy/Settings/Processor/SchemePersonality/381b4222-f694-41f0-9685-ff5bb260df2e/DefaultPowerSchemeValues/CPMinCores/DcValue), Area: (knobs), EnrollmentID requesting merge: (6298f460-b760-45e0-944d-069a6f1385f8), Current User: (device), Int: (0x64), Enrollment Type: (0x1), Scope: (0x0)."
"18-06-2026 09:19:17","813","Information","Microsoft-Windows-DeviceManagement-Enterprise-Diagnostics-Provider","MDM PolicyManager: Set policy int, Policy: (Power/Policy/Settings/Processor/SchemePersonality/381b4222-f694-41f0-9685-ff5bb260df2e/DefaultPowerSchemeValues/CPMinCores/AcValue), Area: (knobs), EnrollmentID requesting merge: (6298f460-b760-45e0-944d-069a6f1385f8), Current User: (device), Int: (0x64), Enrollment Type: (0x1), Scope: (0x0)."
"18-06-2026 09:19:16","813","Information","Microsoft-Windows-DeviceManagement-Enterprise-Diagnostics-Provider","MDM PolicyManager: Set policy int, Policy: (Power/Policy/Settings/Sleep/SchemePersonality/a1841308-3541-4fab-bc81-f71556f20b4a/Setting/HibernateTimeout/DcValue), Area: (knobs), EnrollmentID requesting merge: (3742e5e8-6d9d-473b-99a6-8ecc0f43548a), Current User: (device), Int: (0x7FFFFFFF), Enrollment Type: (0x1), Scope: (0x0)."
"18-06-2026 09:19:16","813","Information","Microsoft-Windows-DeviceManagement-Enterprise-Diagnostics-Provider","MDM PolicyManager: Set policy int, Policy: (Power/Policy/Settings/Sleep/SchemePersonality/381b4222-f694-41f0-9685-ff5bb260df2e/Setting/HibernateTimeout/DcValue), Area: (knobs), EnrollmentID requesting merge: (3742e5e8-6d9d-473b-99a6-8ecc0f43548a), Current User: (device), Int: (0x7FFFFFFF), Enrollment Type: (0x1), Scope: (0x0)."
"18-06-2026 09:19:15","813","Information","Microsoft-Windows-DeviceManagement-Enterprise-Diagnostics-Provider","MDM PolicyManager: Set policy int, Policy: (Power/Policy/Settings/Sleep/SchemePersonality/8c5e7fda-e8bf-4a96-9a85-a6e23a8c635c/Setting/StandbyTimeout/DcValue), Area: (knobs), EnrollmentID requesting merge: (3742e5e8-6d9d-473b-99a6-8ecc0f43548a), Current User: (device), Int: (0xF0), Enrollment Type: (0x1), Scope: (0x0)."
"18-06-2026 09:19:15","813","Information","Microsoft-Windows-DeviceManagement-Enterprise-Diagnostics-Provider","MDM PolicyManager: Set policy int, Policy: (Power/Policy/Settings/Sleep/SchemePersonality/8c5e7fda-e8bf-4a96-9a85-a6e23a8c635c/Setting/StandbyTimeout/AcValue), Area: (knobs), EnrollmentID requesting merge: (3742e5e8-6d9d-473b-99a6-8ecc0f43548a), Current User: (device), Int: (0x258), Enrollment Type: (0x1), Scope: (0x0)."
"18-06-2026 09:19:14","813","Information","Microsoft-Windows-DeviceManagement-Enterprise-Diagnostics-Provider","MDM PolicyManager: Set policy int, Policy: (Power/Policy/Settings/Processor/SchemePersonality/381b4222-f694-41f0-9685-ff5bb260df2e/0aabb002-a307-447e-9b81-1d819df6c6d0/PerfIncreaseThreshold/DcValue), Area: (knobs), EnrollmentID requesting merge: (fc01e91f-914c-45af-9d7c-0b2e5fbedf62), Current User: (device), Int: (0x1E), Enrollment Type: (0x1), Scope: (0x0)."
"18-06-2026 09:19:14","813","Information","Microsoft-Windows-DeviceManagement-Enterprise-Diagnostics-Provider","MDM PolicyManager: Set policy int, Policy: (Power/Policy/Settings/Processor/SchemePersonality/381b4222-f694-41f0-9685-ff5bb260df2e/0aabb002-a307-447e-9b81-1d819df6c6d0/PerfIncreaseThreshold/AcValue), Area: (knobs), EnrollmentID requesting merge: (fc01e91f-914c-45af-9d7c-0b2e5fbedf62), Current User: (device), Int: (0x1E), Enrollment Type: (0x1), Scope: (0x0)."
"18-06-2026 09:19:13","813","Information","Microsoft-Windows-DeviceManagement-Enterprise-Diagnostics-Provider","MDM PolicyManager: Set policy int, Policy: (Power/Policy/Settings/Processor/SchemePersonality/381b4222-f694-41f0-9685-ff5bb260df2e/0aabb002-a307-447e-9b81-1d819df6c6d0/PerfIncreasePolicy/DcValue), Area: (knobs), EnrollmentID requesting merge: (fc01e91f-914c-45af-9d7c-0b2e5fbedf62), Current User: (device), Int: (0x2), Enrollment Type: (0x1), Scope: (0x0)."
"18-06-2026 09:19:13","813","Information","Microsoft-Windows-DeviceManagement-Enterprise-Diagnostics-Provider","MDM PolicyManager: Set policy int, Policy: (Power/Policy/Settings/Processor/SchemePersonality/381b4222-f694-41f0-9685-ff5bb260df2e/0aabb002-a307-447e-9b81-1d819df6c6d0/PerfIncreasePolicy/AcValue), Area: (knobs), EnrollmentID requesting merge: (fc01e91f-914c-45af-9d7c-0b2e5fbedf62), Current User: (device), Int: (0x2), Enrollment Type: (0x1), Scope: (0x0)."
"18-06-2026 09:19:13","813","Information","Microsoft-Windows-DeviceManagement-Enterprise-Diagnostics-Provider","MDM PolicyManager: Set policy int, Policy: (Power/Policy/Settings/Processor/SchemePersonality/381b4222-f694-41f0-9685-ff5bb260df2e/0aabb002-a307-447e-9b81-1d819df6c6d0/PerfEnergyPreference/DcValue), Area: (knobs), EnrollmentID requesting merge: (fc01e91f-914c-45af-9d7c-0b2e5fbedf62), Current User: (device), Int: (0x21), Enrollment Type: (0x1), Scope: (0x0)."
