"18-08-2026 10:29:25","1","Error","Microsoft-Windows-Crypto-NCrypt","Cryptographic Operation failed.

 Cryptographic Parameters:
 	OperationType:	16
 	Provider Name:	Microsoft Software Key Storage Provider
 	Key Name:	SCEPProtocolKey-afad7d85-0f49-4418-952c-097c8de97adf
 	Key Type:	
 	Algorithm Name:	
 
Failure Information:
 	Return Code:	0x80090011"
"18-08-2026 10:29:25","1","Error","Microsoft-Windows-Crypto-NCrypt","Cryptographic Operation failed.

 Cryptographic Parameters:
 	OperationType:	16
 	Provider Name:	Microsoft Software Key Storage Provider
 	Key Name:	SCEPProtocolKey-afad7d85-0f49-4418-952c-097c8de97adf
 	Key Type:	
 	Algorithm Name:	
 
Failure Information:
 	Return Code:	0x80090029"
"18-08-2026 10:29:25","1","Error","Microsoft-Windows-Crypto-NCrypt","Cryptographic Operation failed.

 Cryptographic Parameters:
 	OperationType:	16
 	Provider Name:	Microsoft Software Key Storage Provider
 	Key Name:	SCEPProtocolKey-afad7d85-0f49-4418-952c-097c8de97adf
 	Key Type:	
 	Algorithm Name:	
 
Failure Information:
 	Return Code:	0x80090011"
"18-08-2026 10:29:25","9","Verbose","Microsoft-Windows-Crypto-NCrypt","Key write succeeded.

 Provider Name:	Microsoft Software Key Storage Provider
 ModificationType: 		0x1
 Flags:		0x0
 Key Name:	SCEPProtocolKey-afad7d85-0f49-4418-952c-097c8de97adf
 Key File Name:	8f9db25ae629cd06f33de40319baba10_871e017e-bcbc-4dc7-98b5-1cc935df09e8
 ProcessName:	C:\Windows\System32\taskhostw.exe
 ProcessId:	0x3050
 ServerThreadId:	0x3F4
 UserId:	S-1-5-18
 ServiceTag:	
 Return Code:	0x0"
"18-08-2026 10:29:25","2","Error","Microsoft-Windows-Crypto-NCrypt","Open Provider operation failed.

 Cryptographic Parameters:
 	Provider Name:	Microsoft Pluton Cryptographic Provider
 Failure Information:
 	Return Code:	taskhostw.exe"
"18-08-2026 10:29:25","1","Error","Microsoft-Windows-Crypto-NCrypt","Cryptographic Operation failed.

 Cryptographic Parameters:
 	OperationType:	16
 	Provider Name:	Microsoft Platform Crypto Provider
 	Key Name:	NULL
 	Key Type:	
 	Algorithm Name:	
 
Failure Information:
 	Return Code:	0x80090029"
"18-08-2026 10:29:25","1","Error","Microsoft-Windows-Crypto-NCrypt","Cryptographic Operation failed.

 Cryptographic Parameters:
 	OperationType:	16
 	Provider Name:	Microsoft Platform Crypto Provider
 	Key Name:	NULL
 	Key Type:	
 	Algorithm Name:	
 
Failure Information:
 	Return Code:	0x80090029"
"18-08-2026 10:29:24","1","Error","Microsoft-Windows-Crypto-NCrypt","Cryptographic Operation failed.

 Cryptographic Parameters:
 	OperationType:	16
 	Provider Name:	Microsoft Platform Crypto Provider
 	Key Name:	NULL
 	Key Type:	
 	Algorithm Name:	
 
Failure Information:
 	Return Code:	0x80090029"
"18-08-2026 10:29:24","1","Error","Microsoft-Windows-Crypto-NCrypt","Cryptographic Operation failed.

 Cryptographic Parameters:
 	OperationType:	16
 	Provider Name:	Microsoft Software Key Storage Provider
 	Key Name:	NULL
 	Key Type:	
 	Algorithm Name:	
 
Failure Information:
 	Return Code:	0x80090029"
"18-08-2026 10:29:24","1","Error","Microsoft-Windows-Crypto-NCrypt","Cryptographic Operation failed.

 Cryptographic Parameters:
 	OperationType:	16
 	Provider Name:	Microsoft Software Key Storage Provider
 	Key Name:	NULL
 	Key Type:	
 	Algorithm Name:	
 
Failure Information:
 	Return Code:	0x80090029"
"18-08-2026 10:29:24","1","Error","Microsoft-Windows-Crypto-NCrypt","Cryptographic Operation failed.

 Cryptographic Parameters:
 	OperationType:	16
 	Provider Name:	Microsoft Software Key Storage Provider
 	Key Name:	NULL
 	Key Type:	
 	Algorithm Name:	
 
Failure Information:
 	Return Code:	0x80090029"
"18-08-2026 10:29:24","1","Error","Microsoft-Windows-Crypto-NCrypt","Cryptographic Operation failed.

 Cryptographic Parameters:
 	OperationType:	16
 	Provider Name:	Microsoft Software Key Storage Provider
 	Key Name:	NULL
 	Key Type:	
 	Algorithm Name:	
 
Failure Information:
 	Return Code:	0x80090029"
"18-08-2026 10:29:24","1","Error","Microsoft-Windows-Crypto-NCrypt","Cryptographic Operation failed.

 Cryptographic Parameters:
 	OperationType:	16
 	Provider Name:	Microsoft Software Key Storage Provider
 	Key Name:	NULL
 	Key Type:	
 	Algorithm Name:	
 
Failure Information:
 	Return Code:	0x80090029"
"18-08-2026 10:29:24","1","Error","Microsoft-Windows-Crypto-NCrypt","Cryptographic Operation failed.

 Cryptographic Parameters:
 	OperationType:	16
 	Provider Name:	Microsoft Software Key Storage Provider
 	Key Name:	NULL
 	Key Type:	
 	Algorithm Name:	
 
Failure Information:
 	Return Code:	0x80090029"
"18-08-2026 10:29:24","1","Error","Microsoft-Windows-Crypto-NCrypt","Cryptographic Operation failed.

 Cryptographic Parameters:
 	OperationType:	16
 	Provider Name:	Microsoft Software Key Storage Provider
 	Key Name:	NULL
 	Key Type:	
 	Algorithm Name:	
 
Failure Information:
 	Return Code:	0x80090029"
"18-08-2026 10:29:24","1","Error","Microsoft-Windows-Crypto-NCrypt","Cryptographic Operation failed.

 Cryptographic Parameters:
 	OperationType:	16
 	Provider Name:	Microsoft Software Key Storage Provider
 	Key Name:	NULL
 	Key Type:	
 	Algorithm Name:	
 
Failure Information:
 	Return Code:	0x80090029"
"18-08-2026 10:29:24","1","Error","Microsoft-Windows-Crypto-NCrypt","Cryptographic Operation failed.

 Cryptographic Parameters:
 	OperationType:	16
 	Provider Name:	Microsoft Software Key Storage Provider
 	Key Name:	NULL
 	Key Type:	
 	Algorithm Name:	
 
Failure Information:
 	Return Code:	0x80090029"
"18-08-2026 10:29:24","1","Error","Microsoft-Windows-Crypto-NCrypt","Cryptographic Operation failed.

 Cryptographic Parameters:
 	OperationType:	16
 	Provider Name:	Microsoft Software Key Storage Provider
 	Key Name:	NULL
 	Key Type:	
 	Algorithm Name:	
 
Failure Information:
 	Return Code:	0x80090029"
"18-08-2026 10:29:24","1","Error","Microsoft-Windows-Crypto-NCrypt","Cryptographic Operation failed.

 Cryptographic Parameters:
 	OperationType:	16
 	Provider Name:	Microsoft Software Key Storage Provider
 	Key Name:	NULL
 	Key Type:	
 	Algorithm Name:	
 
Failure Information:
 	Return Code:	0x80090029"
"18-08-2026 10:29:24","1","Error","Microsoft-Windows-Crypto-NCrypt","Cryptographic Operation failed.

 Cryptographic Parameters:
 	OperationType:	16
 	Provider Name:	Microsoft Software Key Storage Provider
 	Key Name:	NULL
 	Key Type:	
 	Algorithm Name:	
 
Failure Information:
 	Return Code:	0x80090029"
"18-08-2026 10:29:24","1","Error","Microsoft-Windows-Crypto-NCrypt","Cryptographic Operation failed.

 Cryptographic Parameters:
 	OperationType:	17
 	Provider Name:	Microsoft Software Key Storage Provider
 	Key Name:	NULL
 	Key Type:	
 	Algorithm Name:	
 
Failure Information:
 	Return Code:	0x80090029"
"18-08-2026 10:29:21","1","Error","Microsoft-Windows-Crypto-NCrypt","Cryptographic Operation failed.

 Cryptographic Parameters:
 	OperationType:	16
 	Provider Name:	Microsoft Platform Crypto Provider
 	Key Name:	NULL
 	Key Type:	
 	Algorithm Name:	
 
Failure Information:
 	Return Code:	0x80090029"
"18-08-2026 10:29:21","1","Error","Microsoft-Windows-Crypto-NCrypt","Cryptographic Operation failed.

 Cryptographic Parameters:
 	OperationType:	16
 	Provider Name:	Microsoft Platform Crypto Provider
 	Key Name:	NULL
 	Key Type:	
 	Algorithm Name:	
 
Failure Information:
 	Return Code:	0x80090029"
"18-08-2026 10:29:21","1","Error","Microsoft-Windows-Crypto-NCrypt","Cryptographic Operation failed.

 Cryptographic Parameters:
 	OperationType:	16
 	Provider Name:	Microsoft Platform Crypto Provider
 	Key Name:	NULL
 	Key Type:	
 	Algorithm Name:	
 
Failure Information:
 	Return Code:	0x80090029"
"18-08-2026 10:29:21","1","Error","Microsoft-Windows-Crypto-NCrypt","Cryptographic Operation failed.

 Cryptographic Parameters:
 	OperationType:	16
 	Provider Name:	Microsoft Software Key Storage Provider
 	Key Name:	NULL
 	Key Type:	
 	Algorithm Name:	
 
Failure Information:
 	Return Code:	0x80090029"
"18-08-2026 10:29:21","1","Error","Microsoft-Windows-Crypto-NCrypt","Cryptographic Operation failed.

 Cryptographic Parameters:
 	OperationType:	16
 	Provider Name:	Microsoft Software Key Storage Provider
 	Key Name:	NULL
 	Key Type:	
 	Algorithm Name:	
 
Failure Information:
 	Return Code:	0x80090029"
"18-08-2026 10:29:21","1","Error","Microsoft-Windows-Crypto-NCrypt","Cryptographic Operation failed.

 Cryptographic Parameters:
 	OperationType:	16
 	Provider Name:	Microsoft Software Key Storage Provider
 	Key Name:	NULL
 	Key Type:	
 	Algorithm Name:	
 
Failure Information:
 	Return Code:	0x80090029"
"18-08-2026 10:29:21","1","Error","Microsoft-Windows-Crypto-NCrypt","Cryptographic Operation failed.

 Cryptographic Parameters:
 	OperationType:	16
 	Provider Name:	Microsoft Software Key Storage Provider
 	Key Name:	NULL
 	Key Type:	
 	Algorithm Name:	
 
Failure Information:
 	Return Code:	0x80090029"
"18-08-2026 10:29:21","1","Error","Microsoft-Windows-Crypto-NCrypt","Cryptographic Operation failed.

 Cryptographic Parameters:
 	OperationType:	16
 	Provider Name:	Microsoft Software Key Storage Provider
 	Key Name:	NULL
 	Key Type:	
 	Algorithm Name:	
 
Failure Information:
 	Return Code:	0x80090029"
"18-08-2026 10:29:21","1","Error","Microsoft-Windows-Crypto-NCrypt","Cryptographic Operation failed.

 Cryptographic Parameters:
 	OperationType:	16
 	Provider Name:	Microsoft Software Key Storage Provider
 	Key Name:	NULL
 	Key Type:	
 	Algorithm Name:	
 
Failure Information:
 	Return Code:	0x80090029"
"18-08-2026 10:29:21","1","Error","Microsoft-Windows-Crypto-NCrypt","Cryptographic Operation failed.

 Cryptographic Parameters:
 	OperationType:	16
 	Provider Name:	Microsoft Software Key Storage Provider
 	Key Name:	NULL
 	Key Type:	
 	Algorithm Name:	
 
Failure Information:
 	Return Code:	0x80090029"
"18-08-2026 10:29:21","1","Error","Microsoft-Windows-Crypto-NCrypt","Cryptographic Operation failed.

 Cryptographic Parameters:
 	OperationType:	16
 	Provider Name:	Microsoft Software Key Storage Provider
 	Key Name:	NULL
 	Key Type:	
 	Algorithm Name:	
 
Failure Information:
 	Return Code:	0x80090029"
"18-08-2026 10:29:21","1","Error","Microsoft-Windows-Crypto-NCrypt","Cryptographic Operation failed.

 Cryptographic Parameters:
 	OperationType:	16
 	Provider Name:	Microsoft Software Key Storage Provider
 	Key Name:	NULL
 	Key Type:	
 	Algorithm Name:	
 
Failure Information:
 	Return Code:	0x80090029"
"18-08-2026 10:29:21","1","Error","Microsoft-Windows-Crypto-NCrypt","Cryptographic Operation failed.

 Cryptographic Parameters:
 	OperationType:	16
 	Provider Name:	Microsoft Software Key Storage Provider
 	Key Name:	NULL
 	Key Type:	
 	Algorithm Name:	
 
Failure Information:
 	Return Code:	0x80090029"
"18-08-2026 10:29:21","1","Error","Microsoft-Windows-Crypto-NCrypt","Cryptographic Operation failed.

 Cryptographic Parameters:
 	OperationType:	16
 	Provider Name:	Microsoft Software Key Storage Provider
 	Key Name:	NULL
 	Key Type:	
 	Algorithm Name:	
 
Failure Information:
 	Return Code:	0x80090029"
"18-08-2026 10:29:21","1","Error","Microsoft-Windows-Crypto-NCrypt","Cryptographic Operation failed.

 Cryptographic Parameters:
 	OperationType:	16
 	Provider Name:	Microsoft Software Key Storage Provider
 	Key Name:	NULL
 	Key Type:	
 	Algorithm Name:	
 
Failure Information:
 	Return Code:	0x80090029"
"18-08-2026 10:29:21","1","Error","Microsoft-Windows-Crypto-NCrypt","Cryptographic Operation failed.

 Cryptographic Parameters:
 	OperationType:	17
 	Provider Name:	Microsoft Software Key Storage Provider
 	Key Name:	NULL
 	Key Type:	
 	Algorithm Name:	
 
Failure Information:
 	Return Code:	0x80090029"
"18-08-2026 10:29:21","1","Error","Microsoft-Windows-Crypto-NCrypt","Cryptographic Operation failed.

 Cryptographic Parameters:
 	OperationType:	16
 	Provider Name:	Microsoft Platform Crypto Provider
 	Key Name:	Windows AIK
 	Key Type:	
 	Algorithm Name:	
 
Failure Information:
 	Return Code:	0x80090011"
"18-08-2026 10:29:21","1","Error","Microsoft-Windows-Crypto-NCrypt","Cryptographic Operation failed.

 Cryptographic Parameters:
 	OperationType:	16
 	Provider Name:	Microsoft Platform Crypto Provider
 	Key Name:	Windows AIK
 	Key Type:	
 	Algorithm Name:	
 
Failure Information:
 	Return Code:	0x80090011"
"18-08-2026 10:29:21","1","Error","Microsoft-Windows-Crypto-NCrypt","Cryptographic Operation failed.

 Cryptographic Parameters:
 	OperationType:	16
 	Provider Name:	Microsoft Platform Crypto Provider
 	Key Name:	Windows AIK
 	Key Type:	
 	Algorithm Name:	
 
Failure Information:
 	Return Code:	0x80090029"
"18-08-2026 10:29:21","1","Error","Microsoft-Windows-Crypto-NCrypt","Cryptographic Operation failed.

 Cryptographic Parameters:
 	OperationType:	16
 	Provider Name:	Microsoft Platform Crypto Provider
 	Key Name:	NULL
 	Key Type:	
 	Algorithm Name:	
 
Failure Information:
 	Return Code:	0x80090029"
"18-08-2026 10:29:21","1","Error","Microsoft-Windows-Crypto-NCrypt","Cryptographic Operation failed.

 Cryptographic Parameters:
 	OperationType:	16
 	Provider Name:	Microsoft Platform Crypto Provider
 	Key Name:	NULL
 	Key Type:	
 	Algorithm Name:	
 
Failure Information:
 	Return Code:	0x80090029"
"18-08-2026 10:29:21","1","Error","Microsoft-Windows-Crypto-NCrypt","Cryptographic Operation failed.

 Cryptographic Parameters:
 	OperationType:	16
 	Provider Name:	Microsoft Platform Crypto Provider
 	Key Name:	NULL
 	Key Type:	
 	Algorithm Name:	
 
Failure Information:
 	Return Code:	0x80090029"
"18-08-2026 10:29:20","1","Error","Microsoft-Windows-Crypto-NCrypt","Cryptographic Operation failed.

 Cryptographic Parameters:
 	OperationType:	16
 	Provider Name:	Microsoft Platform Crypto Provider
 	Key Name:	WindowsAIK_ECC_TPM_ECC_NIST_P256
 	Key Type:	
 	Algorithm Name:	
 
Failure Information:
 	Return Code:	0x80090011"
"18-08-2026 10:29:13","1","Error","Microsoft-Windows-Crypto-NCrypt","Cryptographic Operation failed.

 Cryptographic Parameters:
 	OperationType:	16
 	Provider Name:	Microsoft Platform Crypto Provider
 	Key Name:	KeyG-6ff0d65a-137b-ddbc-8984-a20f29715b51
 	Key Type:	
 	Algorithm Name:	
 
Failure Information:
 	Return Code:	0x80090029"
"18-08-2026 10:29:13","1","Error","Microsoft-Windows-Crypto-NCrypt","Cryptographic Operation failed.

 Cryptographic Parameters:
 	OperationType:	16
 	Provider Name:	Microsoft Platform Crypto Provider
 	Key Name:	AIK-1714379f-acea-1f19-27c7-f010a7d73755
 	Key Type:	
 	Algorithm Name:	
 
Failure Information:
 	Return Code:	0x80090029"
"18-08-2026 10:29:13","1","Error","Microsoft-Windows-Crypto-NCrypt","Cryptographic Operation failed.

 Cryptographic Parameters:
 	OperationType:	16
 	Provider Name:	Microsoft Platform Crypto Provider
 	Key Name:	SK-ae2e9598-9f41-136b-1ad7-0dcd39b9aab4
 	Key Type:	
 	Algorithm Name:	
 
Failure Information:
 	Return Code:	0x80090029"
"18-08-2026 10:29:13","1","Error","Microsoft-Windows-Crypto-NCrypt","Cryptographic Operation failed.

 Cryptographic Parameters:
 	OperationType:	16
 	Provider Name:	Microsoft Platform Crypto Provider
 	Key Name:	SK-32e71225-1ff0-a219-9a24-01fc89b72c32
 	Key Type:	
 	Algorithm Name:	
 
Failure Information:
 	Return Code:	0x80090029"
"18-08-2026 10:29:13","1","Error","Microsoft-Windows-Crypto-NCrypt","Cryptographic Operation failed.

 Cryptographic Parameters:
 	OperationType:	16
 	Provider Name:	Microsoft Platform Crypto Provider
 	Key Name:	AIK-38bdd432-9fcc-9c37-3494-02c97d365990
 	Key Type:	
 	Algorithm Name:	
 
Failure Information:
 	Return Code:	0x80090029"
"18-08-2026 10:29:13","1","Error","Microsoft-Windows-Crypto-NCrypt","Cryptographic Operation failed.

 Cryptographic Parameters:
 	OperationType:	16
 	Provider Name:	Microsoft Platform Crypto Provider
 	Key Name:	SK-89be5bc4-4805-873e-0687-9e942f0d33d7
 	Key Type:	
 	Algorithm Name:	
 
Failure Information:
 	Return Code:	0x80090029"
"18-08-2026 10:29:13","1","Error","Microsoft-Windows-Crypto-NCrypt","Cryptographic Operation failed.

 Cryptographic Parameters:
 	OperationType:	16
 	Provider Name:	Microsoft Platform Crypto Provider
 	Key Name:	WindowsAIK_ECC_TPM_ECC_NIST_P256
 	Key Type:	
 	Algorithm Name:	
 
Failure Information:
 	Return Code:	0x80090011"
"18-08-2026 10:29:13","1","Error","Microsoft-Windows-Crypto-NCrypt","Cryptographic Operation failed.

 Cryptographic Parameters:
 	OperationType:	16
 	Provider Name:	Microsoft Platform Crypto Provider
 	Key Name:	Windows Synthetic AIK
 	Key Type:	
 	Algorithm Name:	
 
Failure Information:
 	Return Code:	0x80090011"
"18-08-2026 10:28:59","9","Verbose","Microsoft-Windows-Crypto-NCrypt","Key write succeeded.

 Provider Name:	Microsoft Software Key Storage Provider
 ModificationType: 		0x1
 Flags:		0x0
 Key Name:	Microsoft SQL Server$BARTENDER$FallBackCertCng
 Key File Name:	c287b78626f4e1c90aace827bced9c3b_871e017e-bcbc-4dc7-98b5-1cc935df09e8
 ProcessName:	C:\Program Files\Microsoft SQL Server\MSSQL15.BARTENDER\MSSQL\Binn\sqlservr.exe
 ProcessId:	0x1204
 ServerThreadId:	0x3F0
 UserId:	S-1-5-18
 ServiceTag:	MSSQL$BARTENDER
 Return Code:	0x0"
"18-08-2026 10:28:58","1","Error","Microsoft-Windows-Crypto-NCrypt","Cryptographic Operation failed.

 Cryptographic Parameters:
 	OperationType:	16
 	Provider Name:	Microsoft Platform Crypto Provider
 	Key Name:	WindowsAIK_ECC_TPM_ECC_NIST_P256
 	Key Type:	
 	Algorithm Name:	
 
Failure Information:
 	Return Code:	0x80090011"
"18-08-2026 10:28:58","1","Error","Microsoft-Windows-Crypto-NCrypt","Cryptographic Operation failed.

 Cryptographic Parameters:
 	OperationType:	16
 	Provider Name:	Microsoft Platform Crypto Provider
 	Key Name:	Windows Synthetic AIK
 	Key Type:	
 	Algorithm Name:	
 
Failure Information:
 	Return Code:	0x80090011"
"18-08-2026 10:27:49","11","Verbose","Microsoft-Windows-Crypto-NCrypt","Delete key succeeded.

 Provider Name:	Microsoft Software Key Storage Provider
 Flags:		0x40
 DeletionType: 		0x0
 Key Name:	ChromeMetricsTestKey
 Key File Name:	1e313dfb17707690d41bc1ce552b952a_871e017e-bcbc-4dc7-98b5-1cc935df09e8
 ProcessName:	C:\Program Files (x86)\Microsoft\EdgeWebView\Application\151.0.4129.78\msedgewebview2.exe
 ProcessId:	0x50C8
 ServerThreadId:	0x16DC
 UserId:	S-1-12-1-2357405129-1281513531-255772574-1816207334
 ServiceTag:	
 Return Code:	0x0"
"18-08-2026 10:27:49","9","Verbose","Microsoft-Windows-Crypto-NCrypt","Key write succeeded.

 Provider Name:	Microsoft Software Key Storage Provider
 ModificationType: 		0x1
 Flags:		0x1
 Key Name:	ChromeMetricsTestKey
 Key File Name:	1e313dfb17707690d41bc1ce552b952a_871e017e-bcbc-4dc7-98b5-1cc935df09e8
 ProcessName:	C:\Program Files (x86)\Microsoft\EdgeWebView\Application\151.0.4129.78\msedgewebview2.exe
 ProcessId:	0x50C8
 ServerThreadId:	0x16DC
 UserId:	S-1-12-1-2357405129-1281513531-255772574-1816207334
 ServiceTag:	
 Return Code:	0x0"
"18-08-2026 10:27:49","15","Information","Microsoft-Windows-Crypto-NCrypt","New client uses VBS Key Isolation
Name: msedgewebview2.exe
Binding status: 0x0 (The operation completed successfully.)
Client instance binding attempts: 1
"
"18-08-2026 10:27:43","11","Verbose","Microsoft-Windows-Crypto-NCrypt","Delete key succeeded.

 Provider Name:	Microsoft Software Key Storage Provider
 Flags:		0x40
 DeletionType: 		0x0
 Key Name:	ChromeMetricsTestKey
 Key File Name:	1e313dfb17707690d41bc1ce552b952a_871e017e-bcbc-4dc7-98b5-1cc935df09e8
 ProcessName:	C:\Program Files (x86)\Microsoft\Edge\Application\msedge.exe
 ProcessId:	0xA4BC
 ServerThreadId:	0x8DF8
 UserId:	S-1-12-1-2357405129-1281513531-255772574-1816207334
 ServiceTag:	
 Return Code:	0x0"
"18-08-2026 10:27:43","9","Verbose","Microsoft-Windows-Crypto-NCrypt","Key write succeeded.

 Provider Name:	Microsoft Software Key Storage Provider
 ModificationType: 		0x1
 Flags:		0x1
 Key Name:	ChromeMetricsTestKey
 Key File Name:	1e313dfb17707690d41bc1ce552b952a_871e017e-bcbc-4dc7-98b5-1cc935df09e8
 ProcessName:	C:\Program Files (x86)\Microsoft\Edge\Application\msedge.exe
 ProcessId:	0xA4BC
 ServerThreadId:	0xBEC
 UserId:	S-1-12-1-2357405129-1281513531-255772574-1816207334
 ServiceTag:	
 Return Code:	0x0"
"18-08-2026 10:27:43","15","Information","Microsoft-Windows-Crypto-NCrypt","New client uses VBS Key Isolation
Name: msedge.exe
Binding status: 0x0 (The operation completed successfully.)
Client instance binding attempts: 1
"
"18-08-2026 10:18:47","3","Error","Microsoft-Windows-Crypto-NCrypt","Open Key operation failed.

 Cryptographic Parameters:
 	Provider Name:	Microsoft Software Key Storage Provider
 	Key Name:	TB_0_office.com
 Failure Information:
 	Return Code:	0x80090016"
"18-08-2026 10:18:46","3","Error","Microsoft-Windows-Crypto-NCrypt","Open Key operation failed.

 Cryptographic Parameters:
 	Provider Name:	Microsoft Software Key Storage Provider
 	Key Name:	TB_0_office.com
 Failure Information:
 	Return Code:	0x80090016"
"18-08-2026 09:42:54","1","Error","Microsoft-Windows-Crypto-NCrypt","Cryptographic Operation failed.

 Cryptographic Parameters:
 	OperationType:	16
 	Provider Name:	Microsoft Platform Crypto Provider
 	Key Name:	WindowsAIK_ECC_TPM_ECC_NIST_P256
 	Key Type:	
 	Algorithm Name:	
 
Failure Information:
 	Return Code:	0x80090011"
"18-08-2026 09:42:54","1","Error","Microsoft-Windows-Crypto-NCrypt","Cryptographic Operation failed.

 Cryptographic Parameters:
 	OperationType:	16
 	Provider Name:	Microsoft Platform Crypto Provider
 	Key Name:	Windows Synthetic AIK
 	Key Type:	
 	Algorithm Name:	
 
Failure Information:
 	Return Code:	0x80090011"
"17-08-2026 16:32:22","3","Error","Microsoft-Windows-Crypto-NCrypt","Open Key operation failed.

 Cryptographic Parameters:
 	Provider Name:	Microsoft Software Key Storage Provider
 	Key Name:	TB_0_office.com
 Failure Information:
 	Return Code:	0x80090016"
"17-08-2026 16:32:21","3","Error","Microsoft-Windows-Crypto-NCrypt","Open Key operation failed.

 Cryptographic Parameters:
 	Provider Name:	Microsoft Software Key Storage Provider
 	Key Name:	TB_0_office.com
 Failure Information:
 	Return Code:	0x80090016"
"17-08-2026 15:07:21","3","Error","Microsoft-Windows-Crypto-NCrypt","Open Key operation failed.

 Cryptographic Parameters:
 	Provider Name:	Microsoft Software Key Storage Provider
 	Key Name:	TB_0_office.com
 Failure Information:
 	Return Code:	0x80090016"
"17-08-2026 15:07:21","3","Error","Microsoft-Windows-Crypto-NCrypt","Open Key operation failed.

 Cryptographic Parameters:
 	Provider Name:	Microsoft Software Key Storage Provider
 	Key Name:	TB_0_office.com
 Failure Information:
 	Return Code:	0x80090016"
"17-08-2026 13:31:56","11","Verbose","Microsoft-Windows-Crypto-NCrypt","Delete key succeeded.

 Provider Name:	Microsoft Software Key Storage Provider
 Flags:		0x40
 DeletionType: 		0x0
 Key Name:	ChromeMetricsTestKey
 Key File Name:	1e313dfb17707690d41bc1ce552b952a_871e017e-bcbc-4dc7-98b5-1cc935df09e8
 ProcessName:	C:\Program Files (x86)\Microsoft\Edge\Application\msedge.exe
 ProcessId:	0x89B4
 ServerThreadId:	0x725C
 UserId:	S-1-12-1-2357405129-1281513531-255772574-1816207334
 ServiceTag:	
 Return Code:	0x0"
"17-08-2026 13:31:56","9","Verbose","Microsoft-Windows-Crypto-NCrypt","Key write succeeded.

 Provider Name:	Microsoft Software Key Storage Provider
 ModificationType: 		0x1
 Flags:		0x1
 Key Name:	ChromeMetricsTestKey
 Key File Name:	1e313dfb17707690d41bc1ce552b952a_871e017e-bcbc-4dc7-98b5-1cc935df09e8
 ProcessName:	C:\Program Files (x86)\Microsoft\Edge\Application\msedge.exe
 ProcessId:	0x89B4
 ServerThreadId:	0x368
 UserId:	S-1-12-1-2357405129-1281513531-255772574-1816207334
 ServiceTag:	
 Return Code:	0x0"
"17-08-2026 13:31:56","15","Information","Microsoft-Windows-Crypto-NCrypt","New client uses VBS Key Isolation
Name: msedge.exe
Binding status: 0x0 (The operation completed successfully.)
Client instance binding attempts: 1
"
"17-08-2026 13:31:43","3","Error","Microsoft-Windows-Crypto-NCrypt","Open Key operation failed.

 Cryptographic Parameters:
 	Provider Name:	Microsoft Software Key Storage Provider
 	Key Name:	TB_0_office.com
 Failure Information:
 	Return Code:	0x80090016"
"17-08-2026 13:31:42","3","Error","Microsoft-Windows-Crypto-NCrypt","Open Key operation failed.

 Cryptographic Parameters:
 	Provider Name:	Microsoft Software Key Storage Provider
 	Key Name:	TB_0_office.com
 Failure Information:
 	Return Code:	0x80090016"
"17-08-2026 10:35:14","3","Error","Microsoft-Windows-Crypto-NCrypt","Open Key operation failed.

 Cryptographic Parameters:
 	Provider Name:	Microsoft Software Key Storage Provider
 	Key Name:	TB_0_office.com
 Failure Information:
 	Return Code:	0x80090016"
"17-08-2026 10:35:13","3","Error","Microsoft-Windows-Crypto-NCrypt","Open Key operation failed.

 Cryptographic Parameters:
 	Provider Name:	Microsoft Software Key Storage Provider
 	Key Name:	TB_0_office.com
 Failure Information:
 	Return Code:	0x80090016"
"17-08-2026 10:05:14","11","Verbose","Microsoft-Windows-Crypto-NCrypt","Delete key succeeded.

 Provider Name:	Microsoft Software Key Storage Provider
 Flags:		0x40
 DeletionType: 		0x0
 Key Name:	ChromeMetricsTestKey
 Key File Name:	1e313dfb17707690d41bc1ce552b952a_871e017e-bcbc-4dc7-98b5-1cc935df09e8
 ProcessName:	C:\Program Files (x86)\Microsoft\EdgeWebView\Application\151.0.4129.86\msedgewebview2.exe
 ProcessId:	0xA188
 ServerThreadId:	0x2438
 UserId:	S-1-12-1-2357405129-1281513531-255772574-1816207334
 ServiceTag:	
 Return Code:	0x0"
"17-08-2026 10:05:14","9","Verbose","Microsoft-Windows-Crypto-NCrypt","Key write succeeded.

 Provider Name:	Microsoft Software Key Storage Provider
 ModificationType: 		0x1
 Flags:		0x1
 Key Name:	ChromeMetricsTestKey
 Key File Name:	1e313dfb17707690d41bc1ce552b952a_871e017e-bcbc-4dc7-98b5-1cc935df09e8
 ProcessName:	C:\Program Files (x86)\Microsoft\EdgeWebView\Application\151.0.4129.86\msedgewebview2.exe
 ProcessId:	0xA188
 ServerThreadId:	0x2438
 UserId:	S-1-12-1-2357405129-1281513531-255772574-1816207334
 ServiceTag:	
 Return Code:	0x0"
"17-08-2026 10:05:14","15","Information","Microsoft-Windows-Crypto-NCrypt","New client uses VBS Key Isolation
Name: msedgewebview2.exe
Binding status: 0x0 (The operation completed successfully.)
Client instance binding attempts: 1
"
"17-08-2026 09:37:26","1","Error","Microsoft-Windows-Crypto-NCrypt","Cryptographic Operation failed.

 Cryptographic Parameters:
 	OperationType:	16
 	Provider Name:	Microsoft Platform Crypto Provider
 	Key Name:	WindowsAIK_ECC_TPM_ECC_NIST_P256
 	Key Type:	
 	Algorithm Name:	
 
Failure Information:
 	Return Code:	0x80090011"
"17-08-2026 09:37:26","1","Error","Microsoft-Windows-Crypto-NCrypt","Cryptographic Operation failed.

 Cryptographic Parameters:
 	OperationType:	16
 	Provider Name:	Microsoft Platform Crypto Provider
 	Key Name:	Windows Synthetic AIK
 	Key Type:	
 	Algorithm Name:	
 
Failure Information:
 	Return Code:	0x80090011"
"14-08-2026 17:38:26","3","Error","Microsoft-Windows-Crypto-NCrypt","Open Key operation failed.

 Cryptographic Parameters:
 	Provider Name:	Microsoft Software Key Storage Provider
 	Key Name:	TB_0_office.com
 Failure Information:
 	Return Code:	0x80090016"
"14-08-2026 17:38:24","3","Error","Microsoft-Windows-Crypto-NCrypt","Open Key operation failed.

 Cryptographic Parameters:
 	Provider Name:	Microsoft Software Key Storage Provider
 	Key Name:	TB_0_office.com
 Failure Information:
 	Return Code:	0x80090016"
"14-08-2026 15:42:44","3","Error","Microsoft-Windows-Crypto-NCrypt","Open Key operation failed.

 Cryptographic Parameters:
 	Provider Name:	Microsoft Software Key Storage Provider
 	Key Name:	TB_0_office.com
 Failure Information:
 	Return Code:	0x80090016"
"14-08-2026 15:42:42","3","Error","Microsoft-Windows-Crypto-NCrypt","Open Key operation failed.

 Cryptographic Parameters:
 	Provider Name:	Microsoft Software Key Storage Provider
 	Key Name:	TB_0_office.com
 Failure Information:
 	Return Code:	0x80090016"
"14-08-2026 14:16:11","3","Error","Microsoft-Windows-Crypto-NCrypt","Open Key operation failed.

 Cryptographic Parameters:
 	Provider Name:	Microsoft Software Key Storage Provider
 	Key Name:	TB_0_office.com
 Failure Information:
 	Return Code:	0x80090016"
"14-08-2026 14:16:11","3","Error","Microsoft-Windows-Crypto-NCrypt","Open Key operation failed.

 Cryptographic Parameters:
 	Provider Name:	Microsoft Software Key Storage Provider
 	Key Name:	TB_0_office.com
 Failure Information:
 	Return Code:	0x80090016"
"14-08-2026 13:33:45","11","Verbose","Microsoft-Windows-Crypto-NCrypt","Delete key succeeded.

 Provider Name:	Microsoft Software Key Storage Provider
 Flags:		0x40
 DeletionType: 		0x0
 Key Name:	ChromeMetricsTestKey
 Key File Name:	1e313dfb17707690d41bc1ce552b952a_871e017e-bcbc-4dc7-98b5-1cc935df09e8
 ProcessName:	C:\Program Files (x86)\Microsoft\Edge\Application\msedge.exe
 ProcessId:	0x4250
 ServerThreadId:	0x71D0
 UserId:	S-1-12-1-2357405129-1281513531-255772574-1816207334
 ServiceTag:	
 Return Code:	0x0"
"14-08-2026 13:33:45","9","Verbose","Microsoft-Windows-Crypto-NCrypt","Key write succeeded.

 Provider Name:	Microsoft Software Key Storage Provider
 ModificationType: 		0x1
 Flags:		0x1
 Key Name:	ChromeMetricsTestKey
 Key File Name:	1e313dfb17707690d41bc1ce552b952a_871e017e-bcbc-4dc7-98b5-1cc935df09e8
 ProcessName:	C:\Program Files (x86)\Microsoft\Edge\Application\msedge.exe
 ProcessId:	0x4250
 ServerThreadId:	0x71D0
 UserId:	S-1-12-1-2357405129-1281513531-255772574-1816207334
 ServiceTag:	
 Return Code:	0x0"
"14-08-2026 13:33:45","15","Information","Microsoft-Windows-Crypto-NCrypt","New client uses VBS Key Isolation
Name: msedge.exe
Binding status: 0x0 (The operation completed successfully.)
Client instance binding attempts: 1
"
"14-08-2026 13:31:41","11","Verbose","Microsoft-Windows-Crypto-NCrypt","Delete key succeeded.

 Provider Name:	Microsoft Software Key Storage Provider
 Flags:		0x40
 DeletionType: 		0x0
 Key Name:	ChromeMetricsTestKey
 Key File Name:	1e313dfb17707690d41bc1ce552b952a_871e017e-bcbc-4dc7-98b5-1cc935df09e8
 ProcessName:	C:\Program Files (x86)\Microsoft\EdgeWebView\Application\151.0.4129.78\msedgewebview2.exe
 ProcessId:	0x2ADC
 ServerThreadId:	0x4788
 UserId:	S-1-12-1-2357405129-1281513531-255772574-1816207334
 ServiceTag:	
 Return Code:	0x0"
"14-08-2026 13:31:41","9","Verbose","Microsoft-Windows-Crypto-NCrypt","Key write succeeded.

 Provider Name:	Microsoft Software Key Storage Provider
 ModificationType: 		0x1
 Flags:		0x1
 Key Name:	ChromeMetricsTestKey
 Key File Name:	1e313dfb17707690d41bc1ce552b952a_871e017e-bcbc-4dc7-98b5-1cc935df09e8
 ProcessName:	C:\Program Files (x86)\Microsoft\EdgeWebView\Application\151.0.4129.78\msedgewebview2.exe
 ProcessId:	0x2ADC
 ServerThreadId:	0x4788
 UserId:	S-1-12-1-2357405129-1281513531-255772574-1816207334
 ServiceTag:	
 Return Code:	0x0"
"14-08-2026 13:31:41","15","Information","Microsoft-Windows-Crypto-NCrypt","New client uses VBS Key Isolation
Name: msedgewebview2.exe
Binding status: 0x0 (The operation completed successfully.)
Client instance binding attempts: 1
"
"14-08-2026 13:30:52","11","Verbose","Microsoft-Windows-Crypto-NCrypt","Delete key succeeded.

 Provider Name:	Microsoft Software Key Storage Provider
 Flags:		0x40
 DeletionType: 		0x0
 Key Name:	ChromeMetricsTestKey
 Key File Name:	1e313dfb17707690d41bc1ce552b952a_871e017e-bcbc-4dc7-98b5-1cc935df09e8
 ProcessName:	C:\Program Files (x86)\Microsoft\EdgeWebView\Application\151.0.4129.72\msedgewebview2.exe
 ProcessId:	0x9664
 ServerThreadId:	0x71D0
 UserId:	S-1-12-1-2357405129-1281513531-255772574-1816207334
 ServiceTag:	
 Return Code:	0x0"
"14-08-2026 13:30:52","9","Verbose","Microsoft-Windows-Crypto-NCrypt","Key write succeeded.

 Provider Name:	Microsoft Software Key Storage Provider
 ModificationType: 		0x1
 Flags:		0x1
 Key Name:	ChromeMetricsTestKey
 Key File Name:	1e313dfb17707690d41bc1ce552b952a_871e017e-bcbc-4dc7-98b5-1cc935df09e8
 ProcessName:	C:\Program Files (x86)\Microsoft\EdgeWebView\Application\151.0.4129.72\msedgewebview2.exe
 ProcessId:	0x9664
 ServerThreadId:	0x71D0
 UserId:	S-1-12-1-2357405129-1281513531-255772574-1816207334
 ServiceTag:	
 Return Code:	0x0"
"14-08-2026 13:30:52","15","Information","Microsoft-Windows-Crypto-NCrypt","New client uses VBS Key Isolation
Name: msedgewebview2.exe
Binding status: 0x0 (The operation completed successfully.)
Client instance binding attempts: 1
"
"14-08-2026 13:23:01","1","Error","Microsoft-Windows-Crypto-NCrypt","Cryptographic Operation failed.

 Cryptographic Parameters:
 	OperationType:	16
 	Provider Name:	Microsoft Platform Crypto Provider
 	Key Name:	WindowsAIK_ECC_TPM_ECC_NIST_P256
 	Key Type:	
 	Algorithm Name:	
 
Failure Information:
 	Return Code:	0x80090011"
"14-08-2026 13:23:01","1","Error","Microsoft-Windows-Crypto-NCrypt","Cryptographic Operation failed.

 Cryptographic Parameters:
 	OperationType:	16
 	Provider Name:	Microsoft Platform Crypto Provider
 	Key Name:	Windows Synthetic AIK
 	Key Type:	
 	Algorithm Name:	
 
Failure Information:
 	Return Code:	0x80090011"
"13-08-2026 17:32:01","11","Verbose","Microsoft-Windows-Crypto-NCrypt","Delete key succeeded.

 Provider Name:	Microsoft Software Key Storage Provider
 Flags:		0x40
 DeletionType: 		0x0
 Key Name:	ChromeMetricsTestKey
 Key File Name:	1e313dfb17707690d41bc1ce552b952a_871e017e-bcbc-4dc7-98b5-1cc935df09e8
 ProcessName:	C:\Program Files (x86)\Microsoft\Edge\Application\msedge.exe
 ProcessId:	0x63D0
 ServerThreadId:	0x5FA4
 UserId:	S-1-12-1-2357405129-1281513531-255772574-1816207334
 ServiceTag:	
 Return Code:	0x0"
"13-08-2026 17:32:01","9","Verbose","Microsoft-Windows-Crypto-NCrypt","Key write succeeded.

 Provider Name:	Microsoft Software Key Storage Provider
 ModificationType: 		0x1
 Flags:		0x1
 Key Name:	ChromeMetricsTestKey
 Key File Name:	1e313dfb17707690d41bc1ce552b952a_871e017e-bcbc-4dc7-98b5-1cc935df09e8
 ProcessName:	C:\Program Files (x86)\Microsoft\Edge\Application\msedge.exe
 ProcessId:	0x63D0
 ServerThreadId:	0x738C
 UserId:	S-1-12-1-2357405129-1281513531-255772574-1816207334
 ServiceTag:	
 Return Code:	0x0"
"13-08-2026 17:32:01","15","Information","Microsoft-Windows-Crypto-NCrypt","New client uses VBS Key Isolation
Name: msedge.exe
Binding status: 0x0 (The operation completed successfully.)
Client instance binding attempts: 1
"
"13-08-2026 15:12:59","3","Error","Microsoft-Windows-Crypto-NCrypt","Open Key operation failed.

 Cryptographic Parameters:
 	Provider Name:	Microsoft Software Key Storage Provider
 	Key Name:	TB_0_office.com
 Failure Information:
 	Return Code:	0x80090016"
"13-08-2026 15:12:57","3","Error","Microsoft-Windows-Crypto-NCrypt","Open Key operation failed.

 Cryptographic Parameters:
 	Provider Name:	Microsoft Software Key Storage Provider
 	Key Name:	TB_0_office.com
 Failure Information:
 	Return Code:	0x80090016"
"13-08-2026 13:07:48","3","Error","Microsoft-Windows-Crypto-NCrypt","Open Key operation failed.

 Cryptographic Parameters:
 	Provider Name:	Microsoft Software Key Storage Provider
 	Key Name:	TB_0_office.com
 Failure Information:
 	Return Code:	0x80090016"
"13-08-2026 13:07:47","3","Error","Microsoft-Windows-Crypto-NCrypt","Open Key operation failed.

 Cryptographic Parameters:
 	Provider Name:	Microsoft Software Key Storage Provider
 	Key Name:	TB_0_office.com
 Failure Information:
 	Return Code:	0x80090016"
"13-08-2026 10:07:42","11","Verbose","Microsoft-Windows-Crypto-NCrypt","Delete key succeeded.

 Provider Name:	Microsoft Software Key Storage Provider
 Flags:		0x40
 DeletionType: 		0x0
 Key Name:	ChromeMetricsTestKey
 Key File Name:	1e313dfb17707690d41bc1ce552b952a_871e017e-bcbc-4dc7-98b5-1cc935df09e8
 ProcessName:	C:\Program Files\Google\Chrome\Application\chrome.exe
 ProcessId:	0x170C
 ServerThreadId:	0x600
 UserId:	S-1-12-1-2357405129-1281513531-255772574-1816207334
 ServiceTag:	
 Return Code:	0x0"
"13-08-2026 10:07:42","9","Verbose","Microsoft-Windows-Crypto-NCrypt","Key write succeeded.

 Provider Name:	Microsoft Software Key Storage Provider
 ModificationType: 		0x1
 Flags:		0x1
 Key Name:	ChromeMetricsTestKey
 Key File Name:	1e313dfb17707690d41bc1ce552b952a_871e017e-bcbc-4dc7-98b5-1cc935df09e8
 ProcessName:	C:\Program Files\Google\Chrome\Application\chrome.exe
 ProcessId:	0x170C
 ServerThreadId:	0x600
 UserId:	S-1-12-1-2357405129-1281513531-255772574-1816207334
 ServiceTag:	
 Return Code:	0x0"
"13-08-2026 10:07:42","15","Information","Microsoft-Windows-Crypto-NCrypt","New client uses VBS Key Isolation
Name: chrome.exe
Binding status: 0x0 (The operation completed successfully.)
Client instance binding attempts: 1
"
"13-08-2026 10:06:18","3","Error","Microsoft-Windows-Crypto-NCrypt","Open Key operation failed.

 Cryptographic Parameters:
 	Provider Name:	Microsoft Software Key Storage Provider
 	Key Name:	TB_0_office.com
 Failure Information:
 	Return Code:	0x80090016"
"13-08-2026 10:06:17","3","Error","Microsoft-Windows-Crypto-NCrypt","Open Key operation failed.

 Cryptographic Parameters:
 	Provider Name:	Microsoft Software Key Storage Provider
 	Key Name:	TB_0_office.com
 Failure Information:
 	Return Code:	0x80090016"
"13-08-2026 09:13:43","1","Error","Microsoft-Windows-Crypto-NCrypt","Cryptographic Operation failed.

 Cryptographic Parameters:
 	OperationType:	16
 	Provider Name:	Microsoft Platform Crypto Provider
 	Key Name:	WindowsAIK_ECC_TPM_ECC_NIST_P256
 	Key Type:	
 	Algorithm Name:	
 
Failure Information:
 	Return Code:	0x80090011"
"13-08-2026 09:13:43","1","Error","Microsoft-Windows-Crypto-NCrypt","Cryptographic Operation failed.

 Cryptographic Parameters:
 	OperationType:	16
 	Provider Name:	Microsoft Platform Crypto Provider
 	Key Name:	Windows Synthetic AIK
 	Key Type:	
 	Algorithm Name:	
 
Failure Information:
 	Return Code:	0x80090011"
"12-08-2026 17:27:37","3","Error","Microsoft-Windows-Crypto-NCrypt","Open Key operation failed.

 Cryptographic Parameters:
 	Provider Name:	Microsoft Software Key Storage Provider
 	Key Name:	TB_0_office.com
 Failure Information:
 	Return Code:	0x80090016"
"12-08-2026 17:27:35","3","Error","Microsoft-Windows-Crypto-NCrypt","Open Key operation failed.

 Cryptographic Parameters:
 	Provider Name:	Microsoft Software Key Storage Provider
 	Key Name:	TB_0_office.com
 Failure Information:
 	Return Code:	0x80090016"
"12-08-2026 13:46:36","11","Verbose","Microsoft-Windows-Crypto-NCrypt","Delete key succeeded.

 Provider Name:	Microsoft Software Key Storage Provider
 Flags:		0x40
 DeletionType: 		0x0
 Key Name:	ChromeMetricsTestKey
 Key File Name:	1e313dfb17707690d41bc1ce552b952a_871e017e-bcbc-4dc7-98b5-1cc935df09e8
 ProcessName:	C:\Program Files (x86)\Microsoft\EdgeWebView\Application\151.0.4129.78\msedgewebview2.exe
 ProcessId:	0x117C
 ServerThreadId:	0x600
 UserId:	S-1-12-1-2357405129-1281513531-255772574-1816207334
 ServiceTag:	
 Return Code:	0x0"
"12-08-2026 13:46:36","9","Verbose","Microsoft-Windows-Crypto-NCrypt","Key write succeeded.

 Provider Name:	Microsoft Software Key Storage Provider
 ModificationType: 		0x1
 Flags:		0x1
 Key Name:	ChromeMetricsTestKey
 Key File Name:	1e313dfb17707690d41bc1ce552b952a_871e017e-bcbc-4dc7-98b5-1cc935df09e8
 ProcessName:	C:\Program Files (x86)\Microsoft\EdgeWebView\Application\151.0.4129.78\msedgewebview2.exe
 ProcessId:	0x117C
 ServerThreadId:	0x600
 UserId:	S-1-12-1-2357405129-1281513531-255772574-1816207334
 ServiceTag:	
 Return Code:	0x0"
"12-08-2026 13:46:36","15","Information","Microsoft-Windows-Crypto-NCrypt","New client uses VBS Key Isolation
Name: msedgewebview2.exe
Binding status: 0x0 (The operation completed successfully.)
Client instance binding attempts: 1
"
"12-08-2026 13:31:29","11","Verbose","Microsoft-Windows-Crypto-NCrypt","Delete key succeeded.

 Provider Name:	Microsoft Software Key Storage Provider
 Flags:		0x40
 DeletionType: 		0x0
 Key Name:	ChromeMetricsTestKey
 Key File Name:	1e313dfb17707690d41bc1ce552b952a_871e017e-bcbc-4dc7-98b5-1cc935df09e8
 ProcessName:	C:\Program Files (x86)\Microsoft\EdgeWebView\Application\151.0.4129.78\msedgewebview2.exe
 ProcessId:	0x5590
 ServerThreadId:	0x600
 UserId:	S-1-12-1-2357405129-1281513531-255772574-1816207334
 ServiceTag:	
 Return Code:	0x0"
"12-08-2026 13:31:29","9","Verbose","Microsoft-Windows-Crypto-NCrypt","Key write succeeded.

 Provider Name:	Microsoft Software Key Storage Provider
 ModificationType: 		0x1
 Flags:		0x1
 Key Name:	ChromeMetricsTestKey
 Key File Name:	1e313dfb17707690d41bc1ce552b952a_871e017e-bcbc-4dc7-98b5-1cc935df09e8
 ProcessName:	C:\Program Files (x86)\Microsoft\EdgeWebView\Application\151.0.4129.78\msedgewebview2.exe
 ProcessId:	0x5590
 ServerThreadId:	0x600
 UserId:	S-1-12-1-2357405129-1281513531-255772574-1816207334
 ServiceTag:	
 Return Code:	0x0"
"12-08-2026 13:31:29","15","Information","Microsoft-Windows-Crypto-NCrypt","New client uses VBS Key Isolation
Name: msedgewebview2.exe
Binding status: 0x0 (The operation completed successfully.)
Client instance binding attempts: 1
"
"12-08-2026 13:16:20","11","Verbose","Microsoft-Windows-Crypto-NCrypt","Delete key succeeded.

 Provider Name:	Microsoft Software Key Storage Provider
 Flags:		0x40
 DeletionType: 		0x0
 Key Name:	ChromeMetricsTestKey
 Key File Name:	1e313dfb17707690d41bc1ce552b952a_871e017e-bcbc-4dc7-98b5-1cc935df09e8
 ProcessName:	C:\Program Files (x86)\Microsoft\EdgeWebView\Application\151.0.4129.78\msedgewebview2.exe
 ProcessId:	0x40FC
 ServerThreadId:	0x990
 UserId:	S-1-12-1-2357405129-1281513531-255772574-1816207334
 ServiceTag:	
 Return Code:	0x0"
"12-08-2026 13:16:20","9","Verbose","Microsoft-Windows-Crypto-NCrypt","Key write succeeded.

 Provider Name:	Microsoft Software Key Storage Provider
 ModificationType: 		0x1
 Flags:		0x1
 Key Name:	ChromeMetricsTestKey
 Key File Name:	1e313dfb17707690d41bc1ce552b952a_871e017e-bcbc-4dc7-98b5-1cc935df09e8
 ProcessName:	C:\Program Files (x86)\Microsoft\EdgeWebView\Application\151.0.4129.78\msedgewebview2.exe
 ProcessId:	0x40FC
 ServerThreadId:	0x990
 UserId:	S-1-12-1-2357405129-1281513531-255772574-1816207334
 ServiceTag:	
 Return Code:	0x0"
"12-08-2026 13:16:20","15","Information","Microsoft-Windows-Crypto-NCrypt","New client uses VBS Key Isolation
Name: msedgewebview2.exe
Binding status: 0x0 (The operation completed successfully.)
Client instance binding attempts: 1
"
"12-08-2026 13:01:19","11","Verbose","Microsoft-Windows-Crypto-NCrypt","Delete key succeeded.

 Provider Name:	Microsoft Software Key Storage Provider
 Flags:		0x40
 DeletionType: 		0x0
 Key Name:	ChromeMetricsTestKey
 Key File Name:	1e313dfb17707690d41bc1ce552b952a_871e017e-bcbc-4dc7-98b5-1cc935df09e8
 ProcessName:	C:\Program Files (x86)\Microsoft\EdgeWebView\Application\151.0.4129.78\msedgewebview2.exe
 ProcessId:	0x7CF8
 ServerThreadId:	0x600
 UserId:	S-1-12-1-2357405129-1281513531-255772574-1816207334
 ServiceTag:	
 Return Code:	0x0"
"12-08-2026 13:01:19","9","Verbose","Microsoft-Windows-Crypto-NCrypt","Key write succeeded.

 Provider Name:	Microsoft Software Key Storage Provider
 ModificationType: 		0x1
 Flags:		0x1
 Key Name:	ChromeMetricsTestKey
 Key File Name:	1e313dfb17707690d41bc1ce552b952a_871e017e-bcbc-4dc7-98b5-1cc935df09e8
 ProcessName:	C:\Program Files (x86)\Microsoft\EdgeWebView\Application\151.0.4129.78\msedgewebview2.exe
 ProcessId:	0x7CF8
 ServerThreadId:	0x600
 UserId:	S-1-12-1-2357405129-1281513531-255772574-1816207334
 ServiceTag:	
 Return Code:	0x0"
"12-08-2026 13:01:19","15","Information","Microsoft-Windows-Crypto-NCrypt","New client uses VBS Key Isolation
Name: msedgewebview2.exe
Binding status: 0x0 (The operation completed successfully.)
Client instance binding attempts: 1
"
"12-08-2026 12:46:11","11","Verbose","Microsoft-Windows-Crypto-NCrypt","Delete key succeeded.

 Provider Name:	Microsoft Software Key Storage Provider
 Flags:		0x40
 DeletionType: 		0x0
 Key Name:	ChromeMetricsTestKey
 Key File Name:	1e313dfb17707690d41bc1ce552b952a_871e017e-bcbc-4dc7-98b5-1cc935df09e8
 ProcessName:	C:\Program Files (x86)\Microsoft\EdgeWebView\Application\151.0.4129.78\msedgewebview2.exe
 ProcessId:	0x6AF8
 ServerThreadId:	0x5D34
 UserId:	S-1-12-1-2357405129-1281513531-255772574-1816207334
 ServiceTag:	
 Return Code:	0x0"
"12-08-2026 12:46:11","9","Verbose","Microsoft-Windows-Crypto-NCrypt","Key write succeeded.

 Provider Name:	Microsoft Software Key Storage Provider
 ModificationType: 		0x1
 Flags:		0x1
 Key Name:	ChromeMetricsTestKey
 Key File Name:	1e313dfb17707690d41bc1ce552b952a_871e017e-bcbc-4dc7-98b5-1cc935df09e8
 ProcessName:	C:\Program Files (x86)\Microsoft\EdgeWebView\Application\151.0.4129.78\msedgewebview2.exe
 ProcessId:	0x6AF8
 ServerThreadId:	0x5D34
 UserId:	S-1-12-1-2357405129-1281513531-255772574-1816207334
 ServiceTag:	
 Return Code:	0x0"
"12-08-2026 12:46:11","15","Information","Microsoft-Windows-Crypto-NCrypt","New client uses VBS Key Isolation
Name: msedgewebview2.exe
Binding status: 0x0 (The operation completed successfully.)
Client instance binding attempts: 1
"
"12-08-2026 12:31:04","11","Verbose","Microsoft-Windows-Crypto-NCrypt","Delete key succeeded.

 Provider Name:	Microsoft Software Key Storage Provider
 Flags:		0x40
 DeletionType: 		0x0
 Key Name:	ChromeMetricsTestKey
 Key File Name:	1e313dfb17707690d41bc1ce552b952a_871e017e-bcbc-4dc7-98b5-1cc935df09e8
 ProcessName:	C:\Program Files (x86)\Microsoft\EdgeWebView\Application\151.0.4129.78\msedgewebview2.exe
 ProcessId:	0xF50
 ServerThreadId:	0x4320
 UserId:	S-1-12-1-2357405129-1281513531-255772574-1816207334
 ServiceTag:	
 Return Code:	0x0"
"12-08-2026 12:31:04","9","Verbose","Microsoft-Windows-Crypto-NCrypt","Key write succeeded.

 Provider Name:	Microsoft Software Key Storage Provider
 ModificationType: 		0x1
 Flags:		0x1
 Key Name:	ChromeMetricsTestKey
 Key File Name:	1e313dfb17707690d41bc1ce552b952a_871e017e-bcbc-4dc7-98b5-1cc935df09e8
 ProcessName:	C:\Program Files (x86)\Microsoft\EdgeWebView\Application\151.0.4129.78\msedgewebview2.exe
 ProcessId:	0xF50
 ServerThreadId:	0x4320
 UserId:	S-1-12-1-2357405129-1281513531-255772574-1816207334
 ServiceTag:	
 Return Code:	0x0"
"12-08-2026 12:31:04","15","Information","Microsoft-Windows-Crypto-NCrypt","New client uses VBS Key Isolation
Name: msedgewebview2.exe
Binding status: 0x0 (The operation completed successfully.)
Client instance binding attempts: 1
"
"12-08-2026 12:16:00","11","Verbose","Microsoft-Windows-Crypto-NCrypt","Delete key succeeded.

 Provider Name:	Microsoft Software Key Storage Provider
 Flags:		0x40
 DeletionType: 		0x0
 Key Name:	ChromeMetricsTestKey
 Key File Name:	1e313dfb17707690d41bc1ce552b952a_871e017e-bcbc-4dc7-98b5-1cc935df09e8
 ProcessName:	C:\Program Files (x86)\Microsoft\EdgeWebView\Application\151.0.4129.78\msedgewebview2.exe
 ProcessId:	0x6D34
 ServerThreadId:	0x600
 UserId:	S-1-12-1-2357405129-1281513531-255772574-1816207334
 ServiceTag:	
 Return Code:	0x0"
"12-08-2026 12:16:00","9","Verbose","Microsoft-Windows-Crypto-NCrypt","Key write succeeded.

 Provider Name:	Microsoft Software Key Storage Provider
 ModificationType: 		0x1
 Flags:		0x1
 Key Name:	ChromeMetricsTestKey
 Key File Name:	1e313dfb17707690d41bc1ce552b952a_871e017e-bcbc-4dc7-98b5-1cc935df09e8
 ProcessName:	C:\Program Files (x86)\Microsoft\EdgeWebView\Application\151.0.4129.78\msedgewebview2.exe
 ProcessId:	0x6D34
 ServerThreadId:	0x600
 UserId:	S-1-12-1-2357405129-1281513531-255772574-1816207334
 ServiceTag:	
 Return Code:	0x0"
"12-08-2026 12:16:00","15","Information","Microsoft-Windows-Crypto-NCrypt","New client uses VBS Key Isolation
Name: msedgewebview2.exe
Binding status: 0x0 (The operation completed successfully.)
Client instance binding attempts: 1
"
"12-08-2026 12:00:57","11","Verbose","Microsoft-Windows-Crypto-NCrypt","Delete key succeeded.

 Provider Name:	Microsoft Software Key Storage Provider
 Flags:		0x40
 DeletionType: 		0x0
 Key Name:	ChromeMetricsTestKey
 Key File Name:	1e313dfb17707690d41bc1ce552b952a_871e017e-bcbc-4dc7-98b5-1cc935df09e8
 ProcessName:	C:\Program Files (x86)\Microsoft\EdgeWebView\Application\151.0.4129.78\msedgewebview2.exe
 ProcessId:	0x1EE4
 ServerThreadId:	0x600
 UserId:	S-1-12-1-2357405129-1281513531-255772574-1816207334
 ServiceTag:	
 Return Code:	0x0"
"12-08-2026 12:00:57","9","Verbose","Microsoft-Windows-Crypto-NCrypt","Key write succeeded.

 Provider Name:	Microsoft Software Key Storage Provider
 ModificationType: 		0x1
 Flags:		0x1
 Key Name:	ChromeMetricsTestKey
 Key File Name:	1e313dfb17707690d41bc1ce552b952a_871e017e-bcbc-4dc7-98b5-1cc935df09e8
 ProcessName:	C:\Program Files (x86)\Microsoft\EdgeWebView\Application\151.0.4129.78\msedgewebview2.exe
 ProcessId:	0x1EE4
 ServerThreadId:	0x600
 UserId:	S-1-12-1-2357405129-1281513531-255772574-1816207334
 ServiceTag:	
 Return Code:	0x0"
"12-08-2026 12:00:57","15","Information","Microsoft-Windows-Crypto-NCrypt","New client uses VBS Key Isolation
Name: msedgewebview2.exe
Binding status: 0x0 (The operation completed successfully.)
Client instance binding attempts: 1
"
"12-08-2026 11:45:47","11","Verbose","Microsoft-Windows-Crypto-NCrypt","Delete key succeeded.

 Provider Name:	Microsoft Software Key Storage Provider
 Flags:		0x40
 DeletionType: 		0x0
 Key Name:	ChromeMetricsTestKey
 Key File Name:	1e313dfb17707690d41bc1ce552b952a_871e017e-bcbc-4dc7-98b5-1cc935df09e8
 ProcessName:	C:\Program Files (x86)\Microsoft\EdgeWebView\Application\151.0.4129.78\msedgewebview2.exe
 ProcessId:	0x5028
 ServerThreadId:	0x600
 UserId:	S-1-12-1-2357405129-1281513531-255772574-1816207334
 ServiceTag:	
 Return Code:	0x0"
"12-08-2026 11:45:47","9","Verbose","Microsoft-Windows-Crypto-NCrypt","Key write succeeded.

 Provider Name:	Microsoft Software Key Storage Provider
 ModificationType: 		0x1
 Flags:		0x1
 Key Name:	ChromeMetricsTestKey
 Key File Name:	1e313dfb17707690d41bc1ce552b952a_871e017e-bcbc-4dc7-98b5-1cc935df09e8
 ProcessName:	C:\Program Files (x86)\Microsoft\EdgeWebView\Application\151.0.4129.78\msedgewebview2.exe
 ProcessId:	0x5028
 ServerThreadId:	0x600
 UserId:	S-1-12-1-2357405129-1281513531-255772574-1816207334
 ServiceTag:	
 Return Code:	0x0"
"12-08-2026 11:45:47","15","Information","Microsoft-Windows-Crypto-NCrypt","New client uses VBS Key Isolation
Name: msedgewebview2.exe
Binding status: 0x0 (The operation completed successfully.)
Client instance binding attempts: 1
"
