"19-06-2026 09:39:30","1010","Information","Microsoft-Windows-Kernel-PnP","Device DISPLAY\DELA1C6\4&20b8d095&0&UID8263 has been surprise removed as it is reported as missing on the bus.
Count of devices removed: 1"
"19-06-2026 09:39:30","1010","Information","Microsoft-Windows-Kernel-PnP","Device USB\VID_0424&PID_284C\6&8542bea&0&6 has been surprise removed as it is reported as missing on the bus.
Count of devices removed: 4"
"19-06-2026 09:39:27","1010","Information","Microsoft-Windows-Kernel-PnP","Device DISPLAY\DELA1C6\4&20b8d095&0&UID8263 has been surprise removed as it is reported as missing on the bus.
Count of devices removed: 1"
"19-06-2026 09:39:25","1010","Information","Microsoft-Windows-Kernel-PnP","Device USB\VID_0424&PID_5806\5&266331bc&0&4 has been surprise removed as it is reported as missing on the bus.
Count of devices removed: 2"
"19-06-2026 09:39:25","1010","Information","Microsoft-Windows-Kernel-PnP","Device DISPLAY\DELA1C6\4&20b8d095&0&UID8263 has been surprise removed as it is reported as missing on the bus.
Count of devices removed: 1"
"19-06-2026 09:39:22","1010","Information","Microsoft-Windows-Kernel-PnP","Device USB\VID_0424&PID_2806\5&2dc84fba&0&1 has been surprise removed as it is reported as missing on the bus.
Count of devices removed: 5"
"19-06-2026 09:37:56","1010","Information","Microsoft-Windows-Kernel-PnP","Device USB\VID_0424&PID_5806\5&266331bc&0&4 has been surprise removed as it is reported as missing on the bus.
Count of devices removed: 2"
"19-06-2026 09:37:56","1010","Information","Microsoft-Windows-Kernel-PnP","Device DISPLAY\DELA1C6\4&20b8d095&0&UID8263 has been surprise removed as it is reported as missing on the bus.
Count of devices removed: 1"
"19-06-2026 09:37:51","1010","Information","Microsoft-Windows-Kernel-PnP","Device USB\VID_0424&PID_2806\5&2dc84fba&0&1 has been surprise removed as it is reported as missing on the bus.
Count of devices removed: 16"
"19-06-2026 09:32:56","1010","Information","Microsoft-Windows-Kernel-PnP","Device DISPLAY\DELA1C6\4&20b8d095&0&UID8263 has been surprise removed as it is reported as missing on the bus.
Count of devices removed: 1"
"19-06-2026 08:59:50","1010","Information","Microsoft-Windows-Kernel-PnP","Device USB\VID_0424&PID_5806\5&266331bc&0&4 has been surprise removed as it is reported as missing on the bus.
Count of devices removed: 2"
"18-06-2026 19:04:36","1010","Information","Microsoft-Windows-Kernel-PnP","Device USB\VID_413C&PID_2514\5&2dc84fba&0&6 has been surprise removed as it is reported as missing on the bus.
Count of devices removed: 11"
"18-06-2026 19:04:27","1010","Information","Microsoft-Windows-Kernel-PnP","Device DISPLAY\DELA1C6\4&20b8d095&0&UID8263 has been surprise removed as it is reported as missing on the bus.
Count of devices removed: 1"
"18-06-2026 19:04:25","1010","Information","Microsoft-Windows-Kernel-PnP","Device USB\VID_0424&PID_2806\5&2dc84fba&0&1 has been surprise removed as it is reported as missing on the bus.
Count of devices removed: 16"
"18-06-2026 19:04:25","1010","Information","Microsoft-Windows-Kernel-PnP","Device USB\VID_047F&PID_C058\EBFF498BA439F1488A177C405ACDFDF0 has been surprise removed as it is reported as missing on the bus.
Count of devices removed: 8"
"18-06-2026 19:04:22","1010","Information","Microsoft-Windows-Kernel-PnP","Device USB\VID_0424&PID_5806\5&266331bc&0&4 has been surprise removed as it is reported as missing on the bus.
Count of devices removed: 2"
"18-06-2026 19:04:21","1010","Information","Microsoft-Windows-Kernel-PnP","Device DISPLAY\DELA1C6\4&20b8d095&0&UID8263 has been surprise removed as it is reported as missing on the bus.
Count of devices removed: 1"
"18-06-2026 19:01:37","1010","Information","Microsoft-Windows-Kernel-PnP","Device DISPLAY\DELA1C6\4&20b8d095&0&UID8263 has been surprise removed as it is reported as missing on the bus.
Count of devices removed: 1"
"18-06-2026 18:47:12","1010","Information","Microsoft-Windows-Kernel-PnP","Device USB\VID_0424&PID_5806\5&266331bc&0&4 has been surprise removed as it is reported as missing on the bus.
Count of devices removed: 2"
"18-06-2026 18:20:34","1010","Information","Microsoft-Windows-Kernel-PnP","Device USB\VID_0424&PID_5806\5&266331bc&0&4 has been surprise removed as it is reported as missing on the bus.
Count of devices removed: 2"
"18-06-2026 18:20:34","1010","Information","Microsoft-Windows-Kernel-PnP","Device DISPLAY\DELA1C6\4&20b8d095&0&UID8263 has been surprise removed as it is reported as missing on the bus.
Count of devices removed: 1"
"18-06-2026 18:20:30","1010","Information","Microsoft-Windows-Kernel-PnP","Device USB\VID_0424&PID_2806\5&2dc84fba&0&1 has been surprise removed as it is reported as missing on the bus.
Count of devices removed: 16"
"18-06-2026 17:58:22","1010","Information","Microsoft-Windows-Kernel-PnP","Device DISPLAY\DELA1C6\4&20b8d095&0&UID8263 has been surprise removed as it is reported as missing on the bus.
Count of devices removed: 1"
"18-06-2026 16:59:11","1010","Information","Microsoft-Windows-Kernel-PnP","Device USB\VID_0424&PID_5806\5&266331bc&0&4 has been surprise removed as it is reported as missing on the bus.
Count of devices removed: 2"
"18-06-2026 16:15:32","1010","Information","Microsoft-Windows-Kernel-PnP","Device USB\VID_0424&PID_5806\5&266331bc&0&4 has been surprise removed as it is reported as missing on the bus.
Count of devices removed: 2"
"18-06-2026 16:15:32","1010","Information","Microsoft-Windows-Kernel-PnP","Device DISPLAY\DELA1C6\4&20b8d095&0&UID8263 has been surprise removed as it is reported as missing on the bus.
Count of devices removed: 1"
"18-06-2026 16:15:28","1010","Information","Microsoft-Windows-Kernel-PnP","Device USB\VID_0424&PID_2806\5&2dc84fba&0&1 has been surprise removed as it is reported as missing on the bus.
Count of devices removed: 16"
"18-06-2026 15:27:15","1010","Information","Microsoft-Windows-Kernel-PnP","Device USB\VID_047F&PID_C058\EBFF498BA439F1488A177C405ACDFDF0 has been surprise removed as it is reported as missing on the bus.
Count of devices removed: 8"
"18-06-2026 15:27:04","1010","Information","Microsoft-Windows-Kernel-PnP","Device DISPLAY\DELA1C6\4&20b8d095&0&UID8263 has been surprise removed as it is reported as missing on the bus.
Count of devices removed: 1"
"18-06-2026 15:26:08","1010","Information","Microsoft-Windows-Kernel-PnP","Device DISPLAY\DELA1C6\4&20b8d095&0&UID8263 has been surprise removed as it is reported as missing on the bus.
Count of devices removed: 1"
"18-06-2026 15:24:10","1010","Information","Microsoft-Windows-Kernel-PnP","Device DISPLAY\DELA1C6\4&20b8d095&0&UID8263 has been surprise removed as it is reported as missing on the bus.
Count of devices removed: 1"
"18-06-2026 15:22:21","1010","Information","Microsoft-Windows-Kernel-PnP","Device DISPLAY\DELA1C6\4&20b8d095&0&UID8263 has been surprise removed as it is reported as missing on the bus.
Count of devices removed: 1"
"18-06-2026 15:10:45","1010","Information","Microsoft-Windows-Kernel-PnP","Device DISPLAY\DELA1C6\4&20b8d095&0&UID8263 has been surprise removed as it is reported as missing on the bus.
Count of devices removed: 1"
"18-06-2026 15:06:37","1010","Information","Microsoft-Windows-Kernel-PnP","Device DISPLAY\DELA1C6\4&20b8d095&0&UID8263 has been surprise removed as it is reported as missing on the bus.
Count of devices removed: 1"
"18-06-2026 14:50:06","1010","Information","Microsoft-Windows-Kernel-PnP","Device USB\VID_0424&PID_5806\5&266331bc&0&4 has been surprise removed as it is reported as missing on the bus.
Count of devices removed: 1"
"18-06-2026 14:16:51","1010","Information","Microsoft-Windows-Kernel-PnP","Device INTELAUDIO\SGPC_FUNC_01&VEN_8086&DEV_281D&SUBSYS_80860101&REV_1000\5&32640736&1&0201DIF_000B&UIF_0000 has been surprise removed as it is reported as missing on the bus.
Count of devices removed: 3"
"18-06-2026 14:16:51","1010","Information","Microsoft-Windows-Kernel-PnP","Device DISPLAY\DELA1B9\4&20b8d095&0&UID24648 has been surprise removed as it is reported as missing on the bus.
Count of devices removed: 1"
"18-06-2026 14:16:51","1010","Information","Microsoft-Windows-Kernel-PnP","Device USB\VID_0424&PID_4206\5&2dc84fba&0&2 has been surprise removed as it is reported as missing on the bus.
Count of devices removed: 6"
"18-06-2026 14:16:47","1010","Information","Microsoft-Windows-Kernel-PnP","Device USB\VID_0424&PID_7206\5&266331bc&0&5 has been surprise removed as it is reported as missing on the bus.
Count of devices removed: 3"
"18-06-2026 14:16:47","1010","Information","Microsoft-Windows-Kernel-PnP","Device USB\VID_0424&PID_7240\7&25713747&0&4 has been surprise removed as it is reported as missing on the bus.
Count of devices removed: 1"
"18-06-2026 14:16:46","1010","Information","Microsoft-Windows-Kernel-PnP","Device USB\VID_047F&PID_C058\EBFF498BA439F1488A177C405ACDFDF0 has been surprise removed as it is reported as missing on the bus.
Count of devices removed: 8"
"18-06-2026 14:03:07","1010","Information","Microsoft-Windows-Kernel-PnP","Device DISPLAY\DELA1B9\4&20b8d095&0&UID24648 has been surprise removed as it is reported as missing on the bus.
Count of devices removed: 1"
"18-06-2026 13:25:22","1010","Information","Microsoft-Windows-Kernel-PnP","Device INTELAUDIO\SGPC_FUNC_01&VEN_8086&DEV_281D&SUBSYS_80860101&REV_1000\5&32640736&1&0201DIF_000B&UIF_0000 has been surprise removed as it is reported as missing on the bus.
Count of devices removed: 3"
"18-06-2026 13:15:15","1010","Information","Microsoft-Windows-Kernel-PnP","Device DISPLAY\DELA1B9\4&20b8d095&0&UID24648 has been surprise removed as it is reported as missing on the bus.
Count of devices removed: 1"
"18-06-2026 13:15:08","1010","Information","Microsoft-Windows-Kernel-PnP","Device INTELAUDIO\SGPC_FUNC_01&VEN_8086&DEV_281D&SUBSYS_80860101&REV_1000\5&32640736&1&0201DIF_000B&UIF_0000 has been surprise removed as it is reported as missing on the bus.
Count of devices removed: 3"
"18-06-2026 12:51:20","1010","Information","Microsoft-Windows-Kernel-PnP","Device DISPLAY\DELA1B9\4&20b8d095&0&UID24648 has been surprise removed as it is reported as missing on the bus.
Count of devices removed: 1"
"18-06-2026 12:51:05","1010","Information","Microsoft-Windows-Kernel-PnP","Device INTELAUDIO\SGPC_FUNC_01&VEN_8086&DEV_281D&SUBSYS_80860101&REV_1000\5&32640736&1&0201DIF_000B&UIF_0000 has been surprise removed as it is reported as missing on the bus.
Count of devices removed: 3"
"18-06-2026 12:50:42","1010","Information","Microsoft-Windows-Kernel-PnP","Device DISPLAY\DELA1B9\4&20b8d095&0&UID24648 has been surprise removed as it is reported as missing on the bus.
Count of devices removed: 1"
"18-06-2026 11:49:41","1010","Information","Microsoft-Windows-Kernel-PnP","Device INTELAUDIO\SGPC_FUNC_01&VEN_8086&DEV_281D&SUBSYS_80860101&REV_1000\5&32640736&1&0201DIF_000B&UIF_0000 has been surprise removed as it is reported as missing on the bus.
Count of devices removed: 3"
"18-06-2026 11:49:39","1010","Information","Microsoft-Windows-Kernel-PnP","Device USB\VID_0424&PID_7206\5&266331bc&0&4 has been surprise removed as it is reported as missing on the bus.
Count of devices removed: 3"
"18-06-2026 11:49:39","1010","Information","Microsoft-Windows-Kernel-PnP","Device DISPLAY\DELA1B9\4&20b8d095&0&UID8263 has been surprise removed as it is reported as missing on the bus.
Count of devices removed: 1"
"18-06-2026 11:49:37","1010","Information","Microsoft-Windows-Kernel-PnP","Device USB\VID_0424&PID_4206\5&2dc84fba&0&1 has been surprise removed as it is reported as missing on the bus.
Count of devices removed: 7"
"18-06-2026 11:35:34","1010","Information","Microsoft-Windows-Kernel-PnP","Device DISPLAY\DELA1B9\4&20b8d095&0&UID8263 has been surprise removed as it is reported as missing on the bus.
Count of devices removed: 1"
"18-06-2026 11:05:41","1010","Information","Microsoft-Windows-Kernel-PnP","Device INTELAUDIO\SGPC_FUNC_01&VEN_8086&DEV_281D&SUBSYS_80860101&REV_1000\5&32640736&1&0201DIF_000B&UIF_0000 has been surprise removed as it is reported as missing on the bus.
Count of devices removed: 3"
"18-06-2026 10:57:38","1010","Information","Microsoft-Windows-Kernel-PnP","Device USB\VID_047F&PID_C058\EBFF498BA439F1488A177C405ACDFDF0 has been surprise removed as it is reported as missing on the bus.
Count of devices removed: 8"
"18-06-2026 10:57:23","1010","Information","Microsoft-Windows-Kernel-PnP","Device DISPLAY\DELA1B9\4&20b8d095&0&UID8263 has been surprise removed as it is reported as missing on the bus.
Count of devices removed: 1"
"18-06-2026 10:56:55","1010","Information","Microsoft-Windows-Kernel-PnP","Device INTELAUDIO\SGPC_FUNC_01&VEN_8086&DEV_281D&SUBSYS_80860101&REV_1000\5&32640736&1&0201DIF_000B&UIF_0000 has been surprise removed as it is reported as missing on the bus.
Count of devices removed: 3"
"18-06-2026 10:14:34","1010","Information","Microsoft-Windows-Kernel-PnP","Device DISPLAY\DELA1B9\4&20b8d095&0&UID8263 has been surprise removed as it is reported as missing on the bus.
Count of devices removed: 1"
"18-06-2026 10:11:40","1010","Information","Microsoft-Windows-Kernel-PnP","Device INTELAUDIO\SGPC_FUNC_01&VEN_8086&DEV_281D&SUBSYS_80860101&REV_1000\5&32640736&1&0201DIF_000B&UIF_0000 has been surprise removed as it is reported as missing on the bus.
Count of devices removed: 3"
"18-06-2026 09:27:52","1010","Information","Microsoft-Windows-Kernel-PnP","Device DISPLAY\DELA1B9\4&20b8d095&0&UID8263 has been surprise removed as it is reported as missing on the bus.
Count of devices removed: 1"
"18-06-2026 09:14:51","1010","Information","Microsoft-Windows-Kernel-PnP","Device INTELAUDIO\SGPC_FUNC_01&VEN_8086&DEV_281D&SUBSYS_80860101&REV_1000\5&32640736&1&0201DIF_000B&UIF_0000 has been surprise removed as it is reported as missing on the bus.
Count of devices removed: 3"
"18-06-2026 09:05:30","1010","Information","Microsoft-Windows-Kernel-PnP","Device ACPI\DLL0CE8\4&a107c53&0 has been surprise removed as it is reported as missing on the bus.
Count of devices removed: 1"
"18-06-2026 09:05:29","1010","Information","Microsoft-Windows-Kernel-PnP","Device ACPI\PNP0C0C\2&daba3ff&0 has been surprise removed as it is reported as missing on the bus.
Count of devices removed: 1"
"17-06-2026 19:19:05","1010","Information","Microsoft-Windows-Kernel-PnP","Device SWD\MSDAS\{ce958e9a-424f-4c88-86f4-11314821e75a} has been surprise removed as it is reported as missing on the bus.
Count of devices removed: 1"
"17-06-2026 19:19:05","1010","Information","Microsoft-Windows-Kernel-PnP","Device UMB\UMB\1&841921d&0&TERMINPUT_BUS has been surprise removed as it is reported as missing on the bus.
Count of devices removed: 1"
"17-06-2026 19:18:06","1010","Information","Microsoft-Windows-Kernel-PnP","Device ACPI\DLL0CE8\4&a107c53&0 has been surprise removed as it is reported as missing on the bus.
Count of devices removed: 1"
"17-06-2026 19:18:05","1010","Information","Microsoft-Windows-Kernel-PnP","Device ACPI\PNP0C0C\2&daba3ff&0 has been surprise removed as it is reported as missing on the bus.
Count of devices removed: 1"
"17-06-2026 19:17:37","1010","Information","Microsoft-Windows-Kernel-PnP","Device UMB\UMB\1&841921d&0&TERMINPUT_BUS has been surprise removed as it is reported as missing on the bus.
Count of devices removed: 1"
"17-06-2026 19:17:37","1010","Information","Microsoft-Windows-Kernel-PnP","Device SWD\MSDAS\{ce958e9a-424f-4c88-86f4-11314821e75a} has been surprise removed as it is reported as missing on the bus.
Count of devices removed: 1"
"17-06-2026 19:16:38","1010","Information","Microsoft-Windows-Kernel-PnP","Device ACPI\DLL0CE8\4&a107c53&0 has been surprise removed as it is reported as missing on the bus.
Count of devices removed: 1"
"17-06-2026 19:16:38","1010","Information","Microsoft-Windows-Kernel-PnP","Device ACPI\PNP0C0C\2&daba3ff&0 has been surprise removed as it is reported as missing on the bus.
Count of devices removed: 1"
"17-06-2026 19:16:11","1010","Information","Microsoft-Windows-Kernel-PnP","Device SWD\MSDAS\{ce958e9a-424f-4c88-86f4-11314821e75a} has been surprise removed as it is reported as missing on the bus.
Count of devices removed: 1"
"17-06-2026 19:16:11","1010","Information","Microsoft-Windows-Kernel-PnP","Device UMB\UMB\1&841921d&0&TERMINPUT_BUS has been surprise removed as it is reported as missing on the bus.
Count of devices removed: 1"
"17-06-2026 19:13:33","1010","Information","Microsoft-Windows-Kernel-PnP","Device ACPI\DLL0CE8\4&a107c53&0 has been surprise removed as it is reported as missing on the bus.
Count of devices removed: 1"
"17-06-2026 19:13:32","1010","Information","Microsoft-Windows-Kernel-PnP","Device ACPI\PNP0C0C\2&daba3ff&0 has been surprise removed as it is reported as missing on the bus.
Count of devices removed: 1"
"17-06-2026 19:13:05","1010","Information","Microsoft-Windows-Kernel-PnP","Device USB\VID_FFFF&PID_BACE&REV_0002\1 has been surprise removed as it is reported as missing on the bus.
Count of devices removed: 7"
"17-06-2026 19:13:03","1010","Information","Microsoft-Windows-Kernel-PnP","Device SWD\MSDAS\{ce958e9a-424f-4c88-86f4-11314821e75a} has been surprise removed as it is reported as missing on the bus.
Count of devices removed: 1"
"17-06-2026 19:13:03","1010","Information","Microsoft-Windows-Kernel-PnP","Device UMB\UMB\1&841921d&0&TERMINPUT_BUS has been surprise removed as it is reported as missing on the bus.
Count of devices removed: 1"
"17-06-2026 19:13:03","1010","Information","Microsoft-Windows-Kernel-PnP","Device SWD\MSRRAS\{5e259276-bc7e-40e3-b93b-8f89b5f3abc0} has been surprise removed as it is reported as missing on the bus.
Count of devices removed: 8"
"17-06-2026 19:13:03","1010","Information","Microsoft-Windows-Kernel-PnP","Device SWD\MSRRAS\MS_SSTPMINIPORT has been surprise removed as it is reported as missing on the bus.
Count of devices removed: 1"
"17-06-2026 19:11:28","1010","Information","Microsoft-Windows-Kernel-PnP","Device USB\VID_413C&PID_2514\5&2dc84fba&0&6 has been surprise removed as it is reported as missing on the bus.
Count of devices removed: 11"
"17-06-2026 19:10:45","1010","Information","Microsoft-Windows-Kernel-PnP","Device INTELAUDIO\SGPC_FUNC_01&VEN_8086&DEV_281D&SUBSYS_80860101&REV_1000\5&32640736&1&0201DIF_000B&UIF_0000 has been surprise removed as it is reported as missing on the bus.
Count of devices removed: 3"
"17-06-2026 19:10:44","1010","Information","Microsoft-Windows-Kernel-PnP","Device USB\VID_047F&PID_C058\EBFF498BA439F1488A177C405ACDFDF0 has been surprise removed as it is reported as missing on the bus.
Count of devices removed: 8"
"17-06-2026 19:10:43","1010","Information","Microsoft-Windows-Kernel-PnP","Device USB\VID_0424&PID_7206\5&266331bc&0&5 has been surprise removed as it is reported as missing on the bus.
Count of devices removed: 3"
"17-06-2026 19:10:43","1010","Information","Microsoft-Windows-Kernel-PnP","Device DISPLAY\DELA1B9\4&20b8d095&0&UID24648 has been surprise removed as it is reported as missing on the bus.
Count of devices removed: 1"
"17-06-2026 19:10:40","1010","Information","Microsoft-Windows-Kernel-PnP","Device USB\VID_0424&PID_4206\5&2dc84fba&0&2 has been surprise removed as it is reported as missing on the bus.
Count of devices removed: 7"
"17-06-2026 16:45:22","1010","Information","Microsoft-Windows-Kernel-PnP","Device SWD\MMDEVAPI\{0.0.0.00000000}.{987c4194-3282-4af6-8fd6-883392922465} has been surprise removed as it is reported as missing on the bus.
Count of devices removed: 1"
"17-06-2026 16:44:42","1010","Information","Microsoft-Windows-Kernel-PnP","Device {F67B0BEA-BDB7-47D3-9131-75877CDE0ED4}\Streaming_Headphones&CP_{a91aefc4-6a26-11f1-a27a-54582d32ed0c}\6&c603bdd&0 has been surprise removed as it is reported as missing on the bus.
Count of devices removed: 1"
"17-06-2026 16:44:41","1010","Information","Microsoft-Windows-Kernel-PnP","Device {F67B0BEA-BDB7-47D3-9131-75877CDE0ED4}\Streaming_HeadsetOutput&CP_{ebfc0f91-693b-11f1-a27a-54582d32ed0c}\6&c603bdd&0 has been surprise removed as it is reported as missing on the bus.
Count of devices removed: 1"
"17-06-2026 16:44:41","1010","Information","Microsoft-Windows-Kernel-PnP","Device XuCsMe\ExtensionSpeaker\8&b098aae&0&00 has been surprise removed as it is reported as missing on the bus.
Count of devices removed: 1"
"17-06-2026 16:44:41","1010","Information","Microsoft-Windows-Kernel-PnP","Device SOUNDWIRE\SDCA_06&MAN_01FA&FUNC_4243&TYPE_06&VER_01&ADR_03&LID_00&UID_00&SUBSYS_0CE81028&DynamicEnumSpeaker0\8&b098aae&0&00001700 has been surprise removed as it is reported as missing on the bus.
Count of devices removed: 3"
"17-06-2026 15:49:17","1010","Information","Microsoft-Windows-Kernel-PnP","Device INTELAUDIO\SGPC_FUNC_01&VEN_8086&DEV_281D&SUBSYS_80860101&REV_1000\5&32640736&1&0201DIF_000B&UIF_0000 has been surprise removed as it is reported as missing on the bus.
Count of devices removed: 3"
"17-06-2026 15:49:17","1010","Information","Microsoft-Windows-Kernel-PnP","Device DISPLAY\TSB2345\4&20b8d095&0&UID4145 has been surprise removed as it is reported as missing on the bus.
Count of devices removed: 1"
"17-06-2026 15:18:02","1010","Information","Microsoft-Windows-Kernel-PnP","Device INTELAUDIO\SGPC_FUNC_01&VEN_8086&DEV_281D&SUBSYS_80860101&REV_1000\5&32640736&1&0201DIF_000B&UIF_0000 has been surprise removed as it is reported as missing on the bus.
Count of devices removed: 3"
"17-06-2026 15:18:02","1010","Information","Microsoft-Windows-Kernel-PnP","Device DISPLAY\TSB2345\4&20b8d095&0&UID4145 has been surprise removed as it is reported as missing on the bus.
Count of devices removed: 1"
"17-06-2026 15:07:18","1010","Information","Microsoft-Windows-Kernel-PnP","Device INTELAUDIO\SGPC_FUNC_01&VEN_8086&DEV_281D&SUBSYS_80860101&REV_1000\5&32640736&1&0201DIF_000B&UIF_0000 has been surprise removed as it is reported as missing on the bus.
Count of devices removed: 3"
"17-06-2026 15:07:18","1010","Information","Microsoft-Windows-Kernel-PnP","Device DISPLAY\TSB2345\4&20b8d095&0&UID4145 has been surprise removed as it is reported as missing on the bus.
Count of devices removed: 1"
"17-06-2026 14:30:14","1010","Information","Microsoft-Windows-Kernel-PnP","Device DISPLAY\DELA1B9\4&20b8d095&0&UID8263 has been surprise removed as it is reported as missing on the bus.
Count of devices removed: 1"
"17-06-2026 14:30:08","1010","Information","Microsoft-Windows-Kernel-PnP","Device USB\VID_047F&PID_C058\EBFF498BA439F1488A177C405ACDFDF0 has been surprise removed as it is reported as missing on the bus.
Count of devices removed: 8"
"17-06-2026 14:30:06","1010","Information","Microsoft-Windows-Kernel-PnP","Device USB\VID_0424&PID_7206\5&266331bc&0&4 has been surprise removed as it is reported as missing on the bus.
Count of devices removed: 3"
"17-06-2026 14:30:05","1010","Information","Microsoft-Windows-Kernel-PnP","Device USB\VID_0424&PID_4206\5&2dc84fba&0&1 has been surprise removed as it is reported as missing on the bus.
Count of devices removed: 4"
"17-06-2026 14:21:38","1041","Information","Microsoft-Windows-Kernel-PnP","Device USB\VID_0424&PID_7260\6&27c8c08e&0&5 has completed a platform-level device reset.

Status: 0
Veto type: 0
Vetoed By: "
"17-06-2026 14:21:38","1011","Warning","Microsoft-Windows-Kernel-PnP","Device USB\VID_0424&PID_7260\6&27c8c08e&0&5 has been surprise removed as it was reported to be failing.
Count of devices removed: 4"
"17-06-2026 14:21:38","1041","Information","Microsoft-Windows-Kernel-PnP","Device USB\VID_0424&PID_7240\7&a758d7d&0&4 has completed a platform-level device reset.

Status: 0
Veto type: 0
Vetoed By: "
"17-06-2026 14:21:38","1011","Warning","Microsoft-Windows-Kernel-PnP","Device USB\VID_0424&PID_7240\7&a758d7d&0&4 has been surprise removed as it was reported to be failing.
Count of devices removed: 1"
"17-06-2026 14:21:38","1040","Information","Microsoft-Windows-Kernel-PnP","Device USB\VID_0424&PID_7260\6&27c8c08e&0&5 has requested a platform-level device reset.

Flags: 0"
"17-06-2026 14:21:38","1040","Information","Microsoft-Windows-Kernel-PnP","Device USB\VID_0424&PID_7240\7&a758d7d&0&4 has requested a platform-level device reset.

Flags: 0"
"17-06-2026 13:20:47","1010","Information","Microsoft-Windows-Kernel-PnP","Device INTELAUDIO\SGPC_FUNC_01&VEN_8086&DEV_281D&SUBSYS_80860101&REV_1000\5&32640736&1&0201DIF_000B&UIF_0000 has been surprise removed as it is reported as missing on the bus.
Count of devices removed: 3"
"17-06-2026 11:48:50","1010","Information","Microsoft-Windows-Kernel-PnP","Device USB\VID_0424&PID_2806\5&2dc84fba&0&1 has been surprise removed as it is reported as missing on the bus.
Count of devices removed: 1"
"17-06-2026 11:48:49","1010","Information","Microsoft-Windows-Kernel-PnP","Device USB\VID_0424&PID_5806\5&266331bc&0&4 has been surprise removed as it is reported as missing on the bus.
Count of devices removed: 2"
"17-06-2026 11:48:48","1010","Information","Microsoft-Windows-Kernel-PnP","Device DISPLAY\DELA1C6\4&20b8d095&0&UID8263 has been surprise removed as it is reported as missing on the bus.
Count of devices removed: 1"
"17-06-2026 11:48:47","1010","Information","Microsoft-Windows-Kernel-PnP","Device USB\VID_0424&PID_284C\6&8542bea&0&6 has been surprise removed as it is reported as missing on the bus.
Count of devices removed: 4"
"17-06-2026 11:48:45","1010","Information","Microsoft-Windows-Kernel-PnP","Device USB\VID_413C&PID_4503\6&8542bea&0&4 has been surprise removed as it is reported as missing on the bus.
Count of devices removed: 11"
"17-06-2026 11:18:41","1010","Information","Microsoft-Windows-Kernel-PnP","Device USB\VID_0424&PID_5806\5&266331bc&0&4 has been surprise removed as it is reported as missing on the bus.
Count of devices removed: 1"
"17-06-2026 11:14:41","1010","Information","Microsoft-Windows-Kernel-PnP","Device USB\VID_0424&PID_5806\5&266331bc&0&4 has been surprise removed as it is reported as missing on the bus.
Count of devices removed: 2"
"17-06-2026 11:14:41","1010","Information","Microsoft-Windows-Kernel-PnP","Device DISPLAY\DELA1C6\4&20b8d095&0&UID8263 has been surprise removed as it is reported as missing on the bus.
Count of devices removed: 1"
"17-06-2026 11:14:38","1010","Information","Microsoft-Windows-Kernel-PnP","Device USB\VID_0424&PID_2806\5&2dc84fba&0&1 has been surprise removed as it is reported as missing on the bus.
Count of devices removed: 16"
"17-06-2026 10:12:03","1010","Information","Microsoft-Windows-Kernel-PnP","Device {F67B0BEA-BDB7-47D3-9131-75877CDE0ED4}\Streaming_HeadsetOutput&CP_{ebfc0f91-693b-11f1-a27a-54582d32ed0c}\6&c603bdd&0 has been surprise removed as it is reported as missing on the bus.
Count of devices removed: 1"
"17-06-2026 10:03:33","1010","Information","Microsoft-Windows-Kernel-PnP","Device USB\VID_0424&PID_5806\5&266331bc&0&4 has been surprise removed as it is reported as missing on the bus.
Count of devices removed: 1"
"17-06-2026 09:59:59","1010","Information","Microsoft-Windows-Kernel-PnP","Device USB\VID_0424&PID_5806\5&266331bc&0&4 has been surprise removed as it is reported as missing on the bus.
Count of devices removed: 2"
"17-06-2026 09:59:59","1010","Information","Microsoft-Windows-Kernel-PnP","Device DISPLAY\DELA1C6\4&20b8d095&0&UID8263 has been surprise removed as it is reported as missing on the bus.
Count of devices removed: 1"
"17-06-2026 09:59:56","1010","Information","Microsoft-Windows-Kernel-PnP","Device USB\VID_0424&PID_2806\5&2dc84fba&0&1 has been surprise removed as it is reported as missing on the bus.
Count of devices removed: 16"
"17-06-2026 09:34:48","1010","Information","Microsoft-Windows-Kernel-PnP","Device USB\VID_413C&PID_4503\6&8542bea&0&4 has been surprise removed as it is reported as missing on the bus.
Count of devices removed: 11"
"17-06-2026 09:34:42","1010","Information","Microsoft-Windows-Kernel-PnP","Device USB\VID_0424&PID_5806\5&266331bc&0&4 has been surprise removed as it is reported as missing on the bus.
Count of devices removed: 2"
"16-06-2026 19:18:54","1010","Information","Microsoft-Windows-Kernel-PnP","Device USB\VID_413C&PID_2514\5&2dc84fba&0&6 has been surprise removed as it is reported as missing on the bus.
Count of devices removed: 11"
"16-06-2026 19:09:46","1010","Information","Microsoft-Windows-Kernel-PnP","Device INTELAUDIO\SGPC_FUNC_01&VEN_8086&DEV_281D&SUBSYS_80860101&REV_1000\5&32640736&1&0201DIF_000B&UIF_0000 has been surprise removed as it is reported as missing on the bus.
Count of devices removed: 3"
"16-06-2026 19:09:46","1010","Information","Microsoft-Windows-Kernel-PnP","Device USB\VID_1203&PID_0272\000001 has been surprise removed as it is reported as missing on the bus.
Count of devices removed: 3"
"16-06-2026 19:09:45","1010","Information","Microsoft-Windows-Kernel-PnP","Device USB\VID_0424&PID_7206\5&266331bc&0&4 has been surprise removed as it is reported as missing on the bus.
Count of devices removed: 3"
"16-06-2026 19:09:45","1010","Information","Microsoft-Windows-Kernel-PnP","Device DISPLAY\DELA1B9\4&20b8d095&0&UID8263 has been surprise removed as it is reported as missing on the bus.
Count of devices removed: 1"
"16-06-2026 19:09:41","1010","Information","Microsoft-Windows-Kernel-PnP","Device USB\VID_0424&PID_4206\5&2dc84fba&0&1 has been surprise removed as it is reported as missing on the bus.
Count of devices removed: 6"
"16-06-2026 19:09:41","1010","Information","Microsoft-Windows-Kernel-PnP","Device USB\VID_0424&PID_7240\7&a758d7d&0&4 has been surprise removed as it is reported as missing on the bus.
Count of devices removed: 1"
"16-06-2026 18:53:27","1010","Information","Microsoft-Windows-Kernel-PnP","Device INTELAUDIO\SGPC_FUNC_01&VEN_8086&DEV_281D&SUBSYS_80860101&REV_1000\5&32640736&1&0201DIF_000B&UIF_0000 has been surprise removed as it is reported as missing on the bus.
Count of devices removed: 3"
"16-06-2026 18:28:49","1010","Information","Microsoft-Windows-Kernel-PnP","Device USB\VID_047F&PID_C058\EBFF498BA439F1488A177C405ACDFDF0 has been surprise removed as it is reported as missing on the bus.
Count of devices removed: 8"
"16-06-2026 18:25:17","1010","Information","Microsoft-Windows-Kernel-PnP","Device DISPLAY\DELA1B9\4&20b8d095&0&UID8263 has been surprise removed as it is reported as missing on the bus.
Count of devices removed: 1"
"16-06-2026 18:00:35","1010","Information","Microsoft-Windows-Kernel-PnP","Device USB\VID_413C&PID_2514\5&2dc84fba&0&6 has been surprise removed as it is reported as missing on the bus.
Count of devices removed: 11"
"16-06-2026 17:30:27","1010","Information","Microsoft-Windows-Kernel-PnP","Device INTELAUDIO\SGPC_FUNC_01&VEN_8086&DEV_281D&SUBSYS_80860101&REV_1000\5&32640736&1&0201DIF_000B&UIF_0000 has been surprise removed as it is reported as missing on the bus.
Count of devices removed: 3"
"16-06-2026 17:24:40","1010","Information","Microsoft-Windows-Kernel-PnP","Device DISPLAY\DELA1B9\4&20b8d095&0&UID8263 has been surprise removed as it is reported as missing on the bus.
Count of devices removed: 1"
"16-06-2026 17:21:21","1010","Information","Microsoft-Windows-Kernel-PnP","Device INTELAUDIO\SGPC_FUNC_01&VEN_8086&DEV_281D&SUBSYS_80860101&REV_1000\5&32640736&1&0201DIF_000B&UIF_0000 has been surprise removed as it is reported as missing on the bus.
Count of devices removed: 3"
"16-06-2026 16:42:33","1010","Information","Microsoft-Windows-Kernel-PnP","Device DISPLAY\DELA1B9\4&20b8d095&0&UID8263 has been surprise removed as it is reported as missing on the bus.
Count of devices removed: 1"
"16-06-2026 16:40:28","1010","Information","Microsoft-Windows-Kernel-PnP","Device INTELAUDIO\SGPC_FUNC_01&VEN_8086&DEV_281D&SUBSYS_80860101&REV_1000\5&32640736&1&0201DIF_000B&UIF_0000 has been surprise removed as it is reported as missing on the bus.
Count of devices removed: 3"
"16-06-2026 16:32:22","1010","Information","Microsoft-Windows-Kernel-PnP","Device USB\VID_413C&PID_2514\5&2dc84fba&0&7 has been surprise removed as it is reported as missing on the bus.
Count of devices removed: 11"
"16-06-2026 10:12:16","1010","Information","Microsoft-Windows-Kernel-PnP","Device USB\VID_0424&PID_5806\5&266331bc&0&5 has been surprise removed as it is reported as missing on the bus.
Count of devices removed: 2"
"16-06-2026 10:12:16","1010","Information","Microsoft-Windows-Kernel-PnP","Device DISPLAY\DELA1C6\4&20b8d095&0&UID24648 has been surprise removed as it is reported as missing on the bus.
Count of devices removed: 1"
"16-06-2026 10:12:13","1010","Information","Microsoft-Windows-Kernel-PnP","Device USB\VID_0424&PID_2806\5&2dc84fba&0&2 has been surprise removed as it is reported as missing on the bus.
Count of devices removed: 5"
"16-06-2026 09:59:41","1010","Information","Microsoft-Windows-Kernel-PnP","Device SWD\MMDEVAPI\{0.0.0.00000000}.{613fe215-74ee-47a4-967f-2bb633e6489e} has been surprise removed as it is reported as missing on the bus.
Count of devices removed: 1"
"16-06-2026 09:59:40","1065","Information","Microsoft-Windows-Kernel-PnP","Device SWD\DRIVERENUM\{ceddd3b4-1c8d-4834-805d-9dcefa53921f}#intelliGoAPOSvc&9&1ea0a8e3&0 with problem code 0 and problem status 0x0 requires the system to be rebooted.
Additional information:
0x80"
"16-06-2026 09:59:40","1065","Information","Microsoft-Windows-Kernel-PnP","Device SWD\DRIVERENUM\{ceddd3b4-1c8d-4834-805d-9dcefa53921f}#intelliGoAPOBase&9&1ea0a8e3&0 with problem code 0 and problem status 0x0 requires the system to be rebooted.
Additional information:
0x80"
"16-06-2026 09:59:39","1065","Information","Microsoft-Windows-Kernel-PnP","Device SWD\DRIVERENUM\{ceddd3b4-1c8d-4834-805d-9dcefa53921f}#intelliGoAPOBase&9&2d1483df&0 with problem code 0 and problem status 0x0 requires the system to be rebooted.
Additional information:
0x80"
"16-06-2026 09:59:39","1065","Information","Microsoft-Windows-Kernel-PnP","Device SWD\DRIVERENUM\{ceddd3b4-1c8d-4834-805d-9dcefa53921f}#intelliGoAPOSvc&9&2d1483df&0 with problem code 0 and problem status 0x0 requires the system to be rebooted.
Additional information:
0x80"
"16-06-2026 09:59:38","1010","Information","Microsoft-Windows-Kernel-PnP","Device {F67B0BEA-BDB7-47D3-9131-75877CDE0ED4}\Streaming_Speaker&CP_{ebfc0f98-693b-11f1-a27a-54582d32ed0c}\6&c603bdd&0 has been surprise removed as it is reported as missing on the bus.
Count of devices removed: 1"
"16-06-2026 09:59:37","1010","Information","Microsoft-Windows-Kernel-PnP","Device {F67B0BEA-BDB7-47D3-9131-75877CDE0ED4}\Streaming_Speaker&CP_{ebfc0f98-693b-11f1-a27a-54582d32ed0c}\6&c603bdd&0 has been surprise removed as it is reported as missing on the bus.
Count of devices removed: 1"
"16-06-2026 09:59:37","1010","Information","Microsoft-Windows-Kernel-PnP","Device {F67B0BEA-BDB7-47D3-9131-75877CDE0ED4}\Streaming_Speaker&CP_{ebfc0f98-693b-11f1-a27a-54582d32ed0c}\6&c603bdd&0 has been surprise removed as it is reported as missing on the bus.
Count of devices removed: 1"
"16-06-2026 09:59:37","1010","Information","Microsoft-Windows-Kernel-PnP","Device {F67B0BEA-BDB7-47D3-9131-75877CDE0ED4}\Streaming_HeadsetMic&CP_{ebfc0f92-693b-11f1-a27a-54582d32ed0c}\6&c603bdd&0 has been surprise removed as it is reported as missing on the bus.
Count of devices removed: 1"
"16-06-2026 09:59:36","1010","Information","Microsoft-Windows-Kernel-PnP","Device {F67B0BEA-BDB7-47D3-9131-75877CDE0ED4}\Streaming_HeadsetOutput&CP_{ebfc0f91-693b-11f1-a27a-54582d32ed0c}\6&c603bdd&0 has been surprise removed as it is reported as missing on the bus.
Count of devices removed: 1"
"16-06-2026 09:59:36","1010","Information","Microsoft-Windows-Kernel-PnP","Device {F67B0BEA-BDB7-47D3-9131-75877CDE0ED4}\Streaming_HeadsetMic&CP_{ebfc0f92-693b-11f1-a27a-54582d32ed0c}\6&c603bdd&0 has been surprise removed as it is reported as missing on the bus.
Count of devices removed: 1"
"16-06-2026 09:59:35","1010","Information","Microsoft-Windows-Kernel-PnP","Device {F67B0BEA-BDB7-47D3-9131-75877CDE0ED4}\Streaming_HeadsetOutput&CP_{ebfc0f91-693b-11f1-a27a-54582d32ed0c}\6&c603bdd&0 has been surprise removed as it is reported as missing on the bus.
Count of devices removed: 1"
"16-06-2026 09:59:35","1010","Information","Microsoft-Windows-Kernel-PnP","Device SWD\MMDEVAPI\{0.0.1.00000000}.{633e2946-df1b-4754-80bf-ddd69f48c096} has been surprise removed as it is reported as missing on the bus.
Count of devices removed: 1"
"16-06-2026 09:59:35","1010","Information","Microsoft-Windows-Kernel-PnP","Device SWD\MMDEVAPI\{0.0.1.00000000}.{633e2946-df1b-4754-80bf-ddd69f48c096} has been surprise removed as it is reported as missing on the bus.
Count of devices removed: 1"
"16-06-2026 09:59:35","1010","Information","Microsoft-Windows-Kernel-PnP","Device {F67B0BEA-BDB7-47D3-9131-75877CDE0ED4}\Streaming_MicrophoneArray&CP_{ebfc0f79-693b-11f1-a27a-54582d32ed0c}\6&c603bdd&0 has been surprise removed as it is reported as missing on the bus.
Count of devices removed: 1"
"16-06-2026 09:59:34","1010","Information","Microsoft-Windows-Kernel-PnP","Device {F67B0BEA-BDB7-47D3-9131-75877CDE0ED4}\Streaming_MicrophoneArray&CP_{ebfc0f79-693b-11f1-a27a-54582d32ed0c}\6&c603bdd&0 has been surprise removed as it is reported as missing on the bus.
Count of devices removed: 1"
"16-06-2026 09:59:17","1010","Information","Microsoft-Windows-Kernel-PnP","Device ACPI\DLL0CE8\4&a107c53&0 has been surprise removed as it is reported as missing on the bus.
Count of devices removed: 1"
"16-06-2026 09:59:17","1010","Information","Microsoft-Windows-Kernel-PnP","Device ACPI\PNP0C0C\2&daba3ff&0 has been surprise removed as it is reported as missing on the bus.
Count of devices removed: 1"
"16-06-2026 09:47:30","1010","Information","Microsoft-Windows-Kernel-PnP","Device USB\VID_FFFF&PID_BACE&REV_0002\1 has been surprise removed as it is reported as missing on the bus.
Count of devices removed: 7"
"16-06-2026 09:47:30","1010","Information","Microsoft-Windows-Kernel-PnP","Device UMB\UMB\1&841921d&0&TERMINPUT_BUS has been surprise removed as it is reported as missing on the bus.
Count of devices removed: 1"
"16-06-2026 09:47:29","1010","Information","Microsoft-Windows-Kernel-PnP","Device SWD\MSRRAS\{5e259276-bc7e-40e3-b93b-8f89b5f3abc0} has been surprise removed as it is reported as missing on the bus.
Count of devices removed: 8"
"16-06-2026 09:47:29","1010","Information","Microsoft-Windows-Kernel-PnP","Device SWD\MSRRAS\MS_SSTPMINIPORT has been surprise removed as it is reported as missing on the bus.
Count of devices removed: 1"
"16-06-2026 09:47:29","1010","Information","Microsoft-Windows-Kernel-PnP","Device SWD\MSDAS\{ce958e9a-424f-4c88-86f4-11314821e75a} has been surprise removed as it is reported as missing on the bus.
Count of devices removed: 1"
"16-06-2026 09:46:23","1010","Information","Microsoft-Windows-Kernel-PnP","Device USB\VID_0424&PID_2806\5&2dc84fba&0&2 has been surprise removed as it is reported as missing on the bus.
Count of devices removed: 5"
"16-06-2026 09:37:29","1010","Information","Microsoft-Windows-Kernel-PnP","Device SWD\MMDEVAPI\{0.0.1.00000000}.{775fccf5-6a61-4486-ac68-82c2e48691ca} has been surprise removed as it is reported as missing on the bus.
Count of devices removed: 1"
"16-06-2026 09:37:28","1010","Information","Microsoft-Windows-Kernel-PnP","Device SWD\MMDEVAPI\{0.0.0.00000000}.{5c509850-dbc3-4e8a-a765-a65342c4f9a0} has been surprise removed as it is reported as missing on the bus.
Count of devices removed: 1"
"16-06-2026 09:37:26","1010","Information","Microsoft-Windows-Kernel-PnP","Device {F67B0BEA-BDB7-47D3-9131-75877CDE0ED4}\Streaming_HeadsetMic&CP_{3150650d-56d6-11f1-a26a-a95a57ce4523}\6&24274c2a&0 has been surprise removed as it is reported as missing on the bus.
Count of devices removed: 1"
"16-06-2026 09:37:25","1010","Information","Microsoft-Windows-Kernel-PnP","Device {F67B0BEA-BDB7-47D3-9131-75877CDE0ED4}\Streaming_MicrophoneArray&CP_{315065bf-56d6-11f1-a26a-a95a57ce4523}\6&24274c2a&0 has been surprise removed as it is reported as missing on the bus.
Count of devices removed: 1"
"16-06-2026 09:37:24","1010","Information","Microsoft-Windows-Kernel-PnP","Device {F67B0BEA-BDB7-47D3-9131-75877CDE0ED4}\Streaming_HeadsetOutput&CP_{3150650c-56d6-11f1-a26a-a95a57ce4523}\6&24274c2a&0 has been surprise removed as it is reported as missing on the bus.
Count of devices removed: 1"
"16-06-2026 09:37:23","1010","Information","Microsoft-Windows-Kernel-PnP","Device {F67B0BEA-BDB7-47D3-9131-75877CDE0ED4}\Streaming_Speaker&CP_{315065c5-56d6-11f1-a26a-a95a57ce4523}\6&24274c2a&0 has been surprise removed as it is reported as missing on the bus.
Count of devices removed: 1"
"15-06-2026 19:35:54","1010","Information","Microsoft-Windows-Kernel-PnP","Device USB\VID_413C&PID_2514\5&2dc84fba&0&6 has been surprise removed as it is reported as missing on the bus.
Count of devices removed: 11"
"15-06-2026 19:15:06","1010","Information","Microsoft-Windows-Kernel-PnP","Device USB\VID_0424&PID_5806\5&266331bc&0&5 has been surprise removed as it is reported as missing on the bus.
Count of devices removed: 2"
"15-06-2026 19:15:05","1010","Information","Microsoft-Windows-Kernel-PnP","Device DISPLAY\DELA1C6\4&20b8d095&0&UID24648 has been surprise removed as it is reported as missing on the bus.
Count of devices removed: 1"
"15-06-2026 19:15:00","1010","Information","Microsoft-Windows-Kernel-PnP","Device USB\VID_0424&PID_2806\5&2dc84fba&0&2 has been surprise removed as it is reported as missing on the bus.
Count of devices removed: 5"
"15-06-2026 18:52:36","1010","Information","Microsoft-Windows-Kernel-PnP","Device USB\VID_0424&PID_5806\5&266331bc&0&5 has been surprise removed as it is reported as missing on the bus.
Count of devices removed: 2"
"15-06-2026 16:35:23","1010","Information","Microsoft-Windows-Kernel-PnP","Device SWD\RADIO\{556D9BDF-D387-4AB9-BE4C-A7E220FAF218} has been surprise removed as it is reported as missing on the bus.
Count of devices removed: 1"
"15-06-2026 15:09:40","1010","Information","Microsoft-Windows-Kernel-PnP","Device USB\VID_248D&PID_8003\5&2dc84fba&0&7 has been surprise removed as it is reported as missing on the bus.
Count of devices removed: 2"
"15-06-2026 11:29:59","1010","Information","Microsoft-Windows-Kernel-PnP","Device SWD\PRINTENUM\{85E2E57D-8517-48E9-9C9B-352E95CCE8E2} has been surprise removed as it is reported as missing on the bus.
Count of devices removed: 1"
"15-06-2026 11:26:30","1010","Information","Microsoft-Windows-Kernel-PnP","Device DISPLAY\DELA1C6\4&20b8d095&0&UID8263 has been surprise removed as it is reported as missing on the bus.
Count of devices removed: 1"
"15-06-2026 11:26:26","1010","Information","Microsoft-Windows-Kernel-PnP","Device USB\VID_0424&PID_2806\5&2dc84fba&0&1 has been surprise removed as it is reported as missing on the bus.
Count of devices removed: 6"
"15-06-2026 10:15:31","1010","Information","Microsoft-Windows-Kernel-PnP","Device INTELAUDIO\SGPC_FUNC_01&VEN_8086&DEV_281D&SUBSYS_80860101&REV_1000\5&32640736&0&0201DIF_000B&UIF_0000 has been surprise removed as it is reported as missing on the bus.
Count of devices removed: 3"
"15-06-2026 10:15:31","1010","Information","Microsoft-Windows-Kernel-PnP","Device DISPLAY\TSB2345\4&20b8d095&0&UID4145 has been surprise removed as it is reported as missing on the bus.
Count of devices removed: 1"
"15-06-2026 09:29:28","1010","Information","Microsoft-Windows-Kernel-PnP","Device INTELAUDIO\SGPC_FUNC_01&VEN_8086&DEV_281D&SUBSYS_80860101&REV_1000\5&32640736&0&0201DIF_000B&UIF_0000 has been surprise removed as it is reported as missing on the bus.
Count of devices removed: 3"
"15-06-2026 09:29:27","1010","Information","Microsoft-Windows-Kernel-PnP","Device USB\VID_0424&PID_7206\5&266331bc&0&4 has been surprise removed as it is reported as missing on the bus.
Count of devices removed: 3"
"15-06-2026 09:29:27","1010","Information","Microsoft-Windows-Kernel-PnP","Device DISPLAY\DELA1B9\4&20b8d095&0&UID8263 has been surprise removed as it is reported as missing on the bus.
Count of devices removed: 1"
"15-06-2026 09:29:24","1010","Information","Microsoft-Windows-Kernel-PnP","Device USB\VID_0424&PID_4206\5&2dc84fba&0&1 has been surprise removed as it is reported as missing on the bus.
Count of devices removed: 7"
"15-06-2026 09:25:32","1010","Information","Microsoft-Windows-Kernel-PnP","Device USB\VID_1203&PID_0272\000001 has been surprise removed as it is reported as missing on the bus.
Count of devices removed: 3"
"12-06-2026 16:53:47","1010","Information","Microsoft-Windows-Kernel-PnP","Device INTELAUDIO\SGPC_FUNC_01&VEN_8086&DEV_281D&SUBSYS_80860101&REV_1000\5&32640736&0&0201DIF_000B&UIF_0000 has been surprise removed as it is reported as missing on the bus.
Count of devices removed: 3"
"12-06-2026 16:53:47","1010","Information","Microsoft-Windows-Kernel-PnP","Device USB\VID_047F&PID_C058\EBFF498BA439F1488A177C405ACDFDF0 has been surprise removed as it is reported as missing on the bus.
Count of devices removed: 8"
"12-06-2026 16:53:47","1010","Information","Microsoft-Windows-Kernel-PnP","Device USB\VID_0424&PID_4206\5&2dc84fba&0&1 has been surprise removed as it is reported as missing on the bus.
Count of devices removed: 7"
"12-06-2026 16:53:47","1010","Information","Microsoft-Windows-Kernel-PnP","Device DISPLAY\DELA1B9\4&20b8d095&0&UID8263 has been surprise removed as it is reported as missing on the bus.
Count of devices removed: 1"
"12-06-2026 16:53:44","1010","Information","Microsoft-Windows-Kernel-PnP","Device USB\VID_0424&PID_7206\5&266331bc&0&4 has been surprise removed as it is reported as missing on the bus.
Count of devices removed: 3"
"12-06-2026 16:53:42","1010","Information","Microsoft-Windows-Kernel-PnP","Device DISPLAY\DELA1B9\4&20b8d095&0&UID8263 has been surprise removed as it is reported as missing on the bus.
Count of devices removed: 1"
"12-06-2026 16:52:17","1010","Information","Microsoft-Windows-Kernel-PnP","Device INTELAUDIO\SGPC_FUNC_01&VEN_8086&DEV_281D&SUBSYS_80860101&REV_1000\5&32640736&0&0201DIF_000B&UIF_0000 has been surprise removed as it is reported as missing on the bus.
Count of devices removed: 3"
"12-06-2026 16:50:33","1010","Information","Microsoft-Windows-Kernel-PnP","Device DISPLAY\DELA1B9\4&20b8d095&0&UID8263 has been surprise removed as it is reported as missing on the bus.
Count of devices removed: 1"
"12-06-2026 16:35:15","1010","Information","Microsoft-Windows-Kernel-PnP","Device INTELAUDIO\SGPC_FUNC_01&VEN_8086&DEV_281D&SUBSYS_80860101&REV_1000\5&32640736&0&0201DIF_000B&UIF_0000 has been surprise removed as it is reported as missing on the bus.
Count of devices removed: 3"
"12-06-2026 16:24:51","1010","Information","Microsoft-Windows-Kernel-PnP","Device DISPLAY\DELA1B9\4&20b8d095&0&UID8263 has been surprise removed as it is reported as missing on the bus.
Count of devices removed: 1"
"12-06-2026 16:20:18","1010","Information","Microsoft-Windows-Kernel-PnP","Device INTELAUDIO\SGPC_FUNC_01&VEN_8086&DEV_281D&SUBSYS_80860101&REV_1000\5&32640736&0&0201DIF_000B&UIF_0000 has been surprise removed as it is reported as missing on the bus.
Count of devices removed: 3"
"12-06-2026 15:32:24","1010","Information","Microsoft-Windows-Kernel-PnP","Device DISPLAY\DELA1B9\4&20b8d095&0&UID8263 has been surprise removed as it is reported as missing on the bus.
Count of devices removed: 1"
"12-06-2026 15:30:23","1010","Information","Microsoft-Windows-Kernel-PnP","Device INTELAUDIO\SGPC_FUNC_01&VEN_8086&DEV_281D&SUBSYS_80860101&REV_1000\5&32640736&0&0201DIF_000B&UIF_0000 has been surprise removed as it is reported as missing on the bus.
Count of devices removed: 3"
"12-06-2026 14:52:52","1010","Information","Microsoft-Windows-Kernel-PnP","Device INTELAUDIO\SGPC_FUNC_01&VEN_8086&DEV_281D&SUBSYS_80860101&REV_1000\5&32640736&0&0201DIF_000B&UIF_0000 has been surprise removed as it is reported as missing on the bus.
Count of devices removed: 3"
"12-06-2026 14:52:52","1010","Information","Microsoft-Windows-Kernel-PnP","Device USB\VID_047F&PID_C058\EBFF498BA439F1488A177C405ACDFDF0 has been surprise removed as it is reported as missing on the bus.
Count of devices removed: 8"
"12-06-2026 14:52:51","1010","Information","Microsoft-Windows-Kernel-PnP","Device USB\VID_0424&PID_7206\5&266331bc&0&4 has been surprise removed as it is reported as missing on the bus.
Count of devices removed: 3"
"12-06-2026 14:52:51","1010","Information","Microsoft-Windows-Kernel-PnP","Device DISPLAY\DELA1B9\4&20b8d095&0&UID8263 has been surprise removed as it is reported as missing on the bus.
Count of devices removed: 1"
"12-06-2026 14:52:48","1010","Information","Microsoft-Windows-Kernel-PnP","Device USB\VID_0424&PID_4206\5&2dc84fba&0&1 has been surprise removed as it is reported as missing on the bus.
Count of devices removed: 7"
"12-06-2026 14:11:38","1010","Information","Microsoft-Windows-Kernel-PnP","Device DISPLAY\DELA1B9\4&20b8d095&0&UID8263 has been surprise removed as it is reported as missing on the bus.
Count of devices removed: 1"
"12-06-2026 13:55:19","1041","Information","Microsoft-Windows-Kernel-PnP","Device USB\VID_0424&PID_7260\6&27c8c08e&0&5 has completed a platform-level device reset.

Status: 0
Veto type: 0
Vetoed By: "
"12-06-2026 13:55:19","1011","Warning","Microsoft-Windows-Kernel-PnP","Device USB\VID_0424&PID_7260\6&27c8c08e&0&5 has been surprise removed as it was reported to be failing.
Count of devices removed: 4"
"12-06-2026 13:55:19","1041","Information","Microsoft-Windows-Kernel-PnP","Device USB\VID_0424&PID_7240\7&a758d7d&0&4 has completed a platform-level device reset.

Status: 0
Veto type: 0
Vetoed By: "
"12-06-2026 13:55:18","1011","Warning","Microsoft-Windows-Kernel-PnP","Device USB\VID_0424&PID_7240\7&a758d7d&0&4 has been surprise removed as it was reported to be failing.
Count of devices removed: 1"
"12-06-2026 13:55:18","1040","Information","Microsoft-Windows-Kernel-PnP","Device USB\VID_0424&PID_7260\6&27c8c08e&0&5 has requested a platform-level device reset.

Flags: 0"
"12-06-2026 13:55:18","1040","Information","Microsoft-Windows-Kernel-PnP","Device USB\VID_0424&PID_7240\7&a758d7d&0&4 has requested a platform-level device reset.

Flags: 0"
