"17-08-2026 10:04:25","1002","Warning","Microsoft-Windows-KnownFolders","Error 0x80070002 occurred while verifying known folder {c4900540-2379-4c75-844b-64e6faf8716b} with path 'C:\Users\Public\Pictures\Sample Pictures'."
"17-08-2026 10:04:25","1002","Warning","Microsoft-Windows-KnownFolders","Error 0x80070002 occurred while verifying known folder {c1bae2d0-10df-4334-bedd-7aa20b227a9d} with path 'C:\ProgramData\OEM Links'."
"17-08-2026 10:04:25","1002","Warning","Microsoft-Windows-KnownFolders","Error 0x80070002 occurred while verifying known folder {a440879f-87a0-4f7d-b700-0207b966194a} with path 'C:\ProgramData\Microsoft\Windows\Start Menu Places'."
"17-08-2026 10:04:25","1002","Warning","Microsoft-Windows-KnownFolders","Error 0x80070002 occurred while verifying known folder {12d4c69e-24ad-4923-be19-31321c43a767} with path 'C:\ProgramData\Microsoft\Windows\RetailDemo'."
"17-08-2026 10:04:25","1002","Warning","Microsoft-Windows-KnownFolders","Error 0x80070002 occurred while verifying known folder {859ead94-2e85-48ad-a71a-0969cb56a6cd} with path 'C:\Users\Public\Videos\Sample Videos'."
"17-08-2026 10:04:25","1002","Warning","Microsoft-Windows-KnownFolders","Error 0x80070002 occurred while verifying known folder {b250c668-f57d-4ee1-a63c-290ee7d1aa1f} with path 'C:\Users\Public\Music\Sample Music'."
"17-08-2026 10:04:25","1002","Warning","Microsoft-Windows-KnownFolders","Error 0x80070002 occurred while verifying known folder {2a00375e-224c-49de-b8d1-440df7ef3ddc} with path 'C:\Windows\resources\0409'."
"17-08-2026 10:04:25","1002","Warning","Microsoft-Windows-KnownFolders","Error 0x80070002 occurred while verifying known folder {c4900540-2379-4c75-844b-64e6faf8716b} with path 'C:\Users\Public\Pictures\Sample Pictures'."
"17-08-2026 10:02:56","1002","Warning","Microsoft-Windows-KnownFolders","Error 0x80070002 occurred while verifying known folder {915221fb-9efe-4bda-8fd7-f78dca774f87} with path 'C:\Windows\system32\config\systemprofile\AppData\Roaming\Microsoft\Credentials'."
"17-08-2026 10:02:56","1002","Warning","Microsoft-Windows-KnownFolders","Error 0x80070002 occurred while verifying known folder {c1bae2d0-10df-4334-bedd-7aa20b227a9d} with path 'C:\ProgramData\OEM Links'."
"17-08-2026 10:02:56","1002","Warning","Microsoft-Windows-KnownFolders","Error 0x80070002 occurred while verifying known folder {10c07cd0-ef91-4567-b850-448b77cb37f9} with path 'C:\Windows\system32\config\systemprofile\AppData\Roaming\Microsoft\Protect'."
"17-08-2026 10:02:56","1002","Warning","Microsoft-Windows-KnownFolders","Error 0x80070002 occurred while verifying known folder {b88f4daa-e7bd-49a9-b74d-02885a5dc765} with path 'C:\Windows\system32\config\systemprofile\AppData\Roaming\Microsoft\Crypto'."
"17-08-2026 10:02:56","1002","Warning","Microsoft-Windows-KnownFolders","Error 0x80070002 occurred while verifying known folder {a440879f-87a0-4f7d-b700-0207b966194a} with path 'C:\ProgramData\Microsoft\Windows\Start Menu Places'."
"17-08-2026 10:02:56","1002","Warning","Microsoft-Windows-KnownFolders","Error 0x80070002 occurred while verifying known folder {12d4c69e-24ad-4923-be19-31321c43a767} with path 'C:\ProgramData\Microsoft\Windows\RetailDemo'."
"17-08-2026 10:02:56","1002","Warning","Microsoft-Windows-KnownFolders","Error 0x80070002 occurred while verifying known folder {859ead94-2e85-48ad-a71a-0969cb56a6cd} with path 'C:\Users\Public\Videos\Sample Videos'."
"17-08-2026 10:02:56","1002","Warning","Microsoft-Windows-KnownFolders","Error 0x80070002 occurred while verifying known folder {b250c668-f57d-4ee1-a63c-290ee7d1aa1f} with path 'C:\Users\Public\Music\Sample Music'."
"17-08-2026 10:02:56","1002","Warning","Microsoft-Windows-KnownFolders","Error 0x80070002 occurred while verifying known folder {2a00375e-224c-49de-b8d1-440df7ef3ddc} with path 'C:\Windows\resources\0409'."
"17-08-2026 10:02:56","1002","Warning","Microsoft-Windows-KnownFolders","Error 0x80070002 occurred while verifying known folder {c4900540-2379-4c75-844b-64e6faf8716b} with path 'C:\Users\Public\Pictures\Sample Pictures'."
"17-08-2026 10:02:05","1000","Warning","Microsoft-Windows-KnownFolders","Error 0x80070005 occurred while creating known folder {3eb685db-65f9-4cf6-a03a-e3ef65729f3d} with path 'C:\Windows\system32\config\systemprofile\AppData\Roaming'."
"17-08-2026 10:02:05","1000","Warning","Microsoft-Windows-KnownFolders","Error 0x80070005 occurred while creating known folder {5e6c858f-0e22-4760-9afe-ea3317b67173} with path 'C:\Windows\system32\config\systemprofile'."
"17-08-2026 10:02:05","1000","Warning","Microsoft-Windows-KnownFolders","Error 0x80070005 occurred while creating known folder {3eb685db-65f9-4cf6-a03a-e3ef65729f3d} with path 'C:\Windows\system32\config\systemprofile\AppData\Roaming'."
"17-08-2026 10:02:05","1000","Warning","Microsoft-Windows-KnownFolders","Error 0x80070005 occurred while creating known folder {5e6c858f-0e22-4760-9afe-ea3317b67173} with path 'C:\Windows\system32\config\systemprofile'."
"17-08-2026 10:01:56","1002","Warning","Microsoft-Windows-KnownFolders","Error 0x80070002 occurred while verifying known folder {7d83ee9b-2244-4e70-b1f5-5393042af1e4} with path 'C:\Windows\system32\config\systemprofile\Downloads'."
"17-08-2026 10:01:00","1002","Warning","Microsoft-Windows-KnownFolders","Error 0x80070002 occurred while verifying known folder {18989b1d-99b5-455b-841c-ab7c74e4ddfc} with path 'C:\Windows\system32\config\systemprofile\Videos'."
"17-08-2026 09:56:36","1002","Warning","Microsoft-Windows-KnownFolders","Error 0x80070005 occurred while verifying known folder {62ab5d82-fdc1-4dc3-a9dd-070d1d495d97} with path 'C:\ProgramData'."
"17-08-2026 09:56:36","1002","Warning","Microsoft-Windows-KnownFolders","Error 0x80070005 occurred while verifying known folder {62ab5d82-fdc1-4dc3-a9dd-070d1d495d97} with path 'C:\ProgramData'."
"17-08-2026 09:47:03","1000","Warning","Microsoft-Windows-KnownFolders","Error 0x80070005 occurred while creating known folder {3eb685db-65f9-4cf6-a03a-e3ef65729f3d} with path 'C:\Windows\system32\config\systemprofile\AppData\Roaming'."
"17-08-2026 09:44:09","1002","Warning","Microsoft-Windows-KnownFolders","Error 0x80070005 occurred while verifying known folder {62ab5d82-fdc1-4dc3-a9dd-070d1d495d97} with path 'C:\ProgramData'."
"17-08-2026 09:44:09","1002","Warning","Microsoft-Windows-KnownFolders","Error 0x80070005 occurred while verifying known folder {62ab5d82-fdc1-4dc3-a9dd-070d1d495d97} with path 'C:\ProgramData'."
"17-08-2026 09:44:08","1002","Warning","Microsoft-Windows-KnownFolders","Error 0x80070005 occurred while verifying known folder {62ab5d82-fdc1-4dc3-a9dd-070d1d495d97} with path 'C:\ProgramData'."
"14-08-2026 19:42:40","1002","Warning","Microsoft-Windows-KnownFolders","Error 0x80070002 occurred while verifying known folder {18989b1d-99b5-455b-841c-ab7c74e4ddfc} with path 'C:\Windows\system32\config\systemprofile\Videos'."
"14-08-2026 19:21:59","1002","Warning","Microsoft-Windows-KnownFolders","Error 0x80070005 occurred while verifying known folder {62ab5d82-fdc1-4dc3-a9dd-070d1d495d97} with path 'C:\ProgramData'."
"14-08-2026 18:21:59","1002","Warning","Microsoft-Windows-KnownFolders","Error 0x80070005 occurred while verifying known folder {62ab5d82-fdc1-4dc3-a9dd-070d1d495d97} with path 'C:\ProgramData'."
"14-08-2026 18:08:21","1002","Warning","Microsoft-Windows-KnownFolders","Error 0x80070002 occurred while verifying known folder {18989b1d-99b5-455b-841c-ab7c74e4ddfc} with path 'C:\Windows\system32\config\systemprofile\Videos'."
"14-08-2026 18:07:11","1002","Warning","Microsoft-Windows-KnownFolders","Error 0x80070005 occurred while verifying known folder {62ab5d82-fdc1-4dc3-a9dd-070d1d495d97} with path 'C:\ProgramData'."
"14-08-2026 18:07:11","1002","Warning","Microsoft-Windows-KnownFolders","Error 0x80070005 occurred while verifying known folder {62ab5d82-fdc1-4dc3-a9dd-070d1d495d97} with path 'C:\ProgramData'."
"14-08-2026 18:04:04","1002","Warning","Microsoft-Windows-KnownFolders","Error 0x80070002 occurred while verifying known folder {18989b1d-99b5-455b-841c-ab7c74e4ddfc} with path 'C:\Windows\system32\config\systemprofile\Videos'."
"14-08-2026 17:54:17","1000","Warning","Microsoft-Windows-KnownFolders","Error 0x80070005 occurred while creating known folder {3eb685db-65f9-4cf6-a03a-e3ef65729f3d} with path 'C:\Windows\system32\config\systemprofile\AppData\Roaming'."
"14-08-2026 17:49:45","1002","Warning","Microsoft-Windows-KnownFolders","Error 0x80070002 occurred while verifying known folder {18989b1d-99b5-455b-841c-ab7c74e4ddfc} with path 'C:\Windows\system32\config\systemprofile\Videos'."
"14-08-2026 17:49:01","1000","Warning","Microsoft-Windows-KnownFolders","Error 0x80070005 occurred while creating known folder {3eb685db-65f9-4cf6-a03a-e3ef65729f3d} with path 'C:\Windows\system32\config\systemprofile\AppData\Roaming'."
"14-08-2026 17:49:01","1000","Warning","Microsoft-Windows-KnownFolders","Error 0x80070005 occurred while creating known folder {5e6c858f-0e22-4760-9afe-ea3317b67173} with path 'C:\Windows\system32\config\systemprofile'."
"14-08-2026 17:49:01","1000","Warning","Microsoft-Windows-KnownFolders","Error 0x80070005 occurred while creating known folder {3eb685db-65f9-4cf6-a03a-e3ef65729f3d} with path 'C:\Windows\system32\config\systemprofile\AppData\Roaming'."
"14-08-2026 17:49:01","1000","Warning","Microsoft-Windows-KnownFolders","Error 0x80070005 occurred while creating known folder {5e6c858f-0e22-4760-9afe-ea3317b67173} with path 'C:\Windows\system32\config\systemprofile'."
"14-08-2026 17:21:58","1002","Warning","Microsoft-Windows-KnownFolders","Error 0x80070005 occurred while verifying known folder {62ab5d82-fdc1-4dc3-a9dd-070d1d495d97} with path 'C:\ProgramData'."
"14-08-2026 17:16:07","1002","Warning","Microsoft-Windows-KnownFolders","Error 0x80070002 occurred while verifying known folder {18989b1d-99b5-455b-841c-ab7c74e4ddfc} with path 'C:\Windows\system32\config\systemprofile\Videos'."
"14-08-2026 17:14:59","1000","Warning","Microsoft-Windows-KnownFolders","Error 0x80070005 occurred while creating known folder {3eb685db-65f9-4cf6-a03a-e3ef65729f3d} with path 'C:\Windows\system32\config\systemprofile\AppData\Roaming'."
"14-08-2026 17:14:59","1000","Warning","Microsoft-Windows-KnownFolders","Error 0x80070005 occurred while creating known folder {5e6c858f-0e22-4760-9afe-ea3317b67173} with path 'C:\Windows\system32\config\systemprofile'."
"14-08-2026 17:14:59","1000","Warning","Microsoft-Windows-KnownFolders","Error 0x80070005 occurred while creating known folder {3eb685db-65f9-4cf6-a03a-e3ef65729f3d} with path 'C:\Windows\system32\config\systemprofile\AppData\Roaming'."
"14-08-2026 17:14:59","1000","Warning","Microsoft-Windows-KnownFolders","Error 0x80070005 occurred while creating known folder {5e6c858f-0e22-4760-9afe-ea3317b67173} with path 'C:\Windows\system32\config\systemprofile'."
"14-08-2026 16:14:59","1002","Warning","Microsoft-Windows-KnownFolders","Error 0x80070005 occurred while verifying known folder {62ab5d82-fdc1-4dc3-a9dd-070d1d495d97} with path 'C:\ProgramData'."
"14-08-2026 16:10:57","1000","Warning","Microsoft-Windows-KnownFolders","Error 0x80070005 occurred while creating known folder {3eb685db-65f9-4cf6-a03a-e3ef65729f3d} with path 'C:\Windows\system32\config\systemprofile\AppData\Roaming'."
"14-08-2026 16:10:57","1000","Warning","Microsoft-Windows-KnownFolders","Error 0x80070005 occurred while creating known folder {5e6c858f-0e22-4760-9afe-ea3317b67173} with path 'C:\Windows\system32\config\systemprofile'."
"14-08-2026 16:10:57","1000","Warning","Microsoft-Windows-KnownFolders","Error 0x80070005 occurred while creating known folder {3eb685db-65f9-4cf6-a03a-e3ef65729f3d} with path 'C:\Windows\system32\config\systemprofile\AppData\Roaming'."
"14-08-2026 16:10:57","1000","Warning","Microsoft-Windows-KnownFolders","Error 0x80070005 occurred while creating known folder {5e6c858f-0e22-4760-9afe-ea3317b67173} with path 'C:\Windows\system32\config\systemprofile'."
"14-08-2026 16:06:59","1002","Warning","Microsoft-Windows-KnownFolders","Error 0x80070005 occurred while verifying known folder {62ab5d82-fdc1-4dc3-a9dd-070d1d495d97} with path 'C:\ProgramData'."
"14-08-2026 16:06:59","1002","Warning","Microsoft-Windows-KnownFolders","Error 0x80070005 occurred while verifying known folder {62ab5d82-fdc1-4dc3-a9dd-070d1d495d97} with path 'C:\ProgramData'."
"14-08-2026 15:54:17","1000","Warning","Microsoft-Windows-KnownFolders","Error 0x80070005 occurred while creating known folder {3eb685db-65f9-4cf6-a03a-e3ef65729f3d} with path 'C:\Windows\system32\config\systemprofile\AppData\Roaming'."
"14-08-2026 15:40:58","1000","Warning","Microsoft-Windows-KnownFolders","Error 0x80070005 occurred while creating known folder {3eb685db-65f9-4cf6-a03a-e3ef65729f3d} with path 'C:\Windows\system32\config\systemprofile\AppData\Roaming'."
"14-08-2026 15:40:58","1000","Warning","Microsoft-Windows-KnownFolders","Error 0x80070005 occurred while creating known folder {5e6c858f-0e22-4760-9afe-ea3317b67173} with path 'C:\Windows\system32\config\systemprofile'."
"14-08-2026 15:40:58","1000","Warning","Microsoft-Windows-KnownFolders","Error 0x80070005 occurred while creating known folder {3eb685db-65f9-4cf6-a03a-e3ef65729f3d} with path 'C:\Windows\system32\config\systemprofile\AppData\Roaming'."
"14-08-2026 15:40:58","1000","Warning","Microsoft-Windows-KnownFolders","Error 0x80070005 occurred while creating known folder {5e6c858f-0e22-4760-9afe-ea3317b67173} with path 'C:\Windows\system32\config\systemprofile'."
"14-08-2026 15:32:04","1000","Warning","Microsoft-Windows-KnownFolders","Error 0x80070005 occurred while creating known folder {3eb685db-65f9-4cf6-a03a-e3ef65729f3d} with path 'C:\Windows\system32\config\systemprofile\AppData\Roaming'."
"14-08-2026 15:32:04","1000","Warning","Microsoft-Windows-KnownFolders","Error 0x80070005 occurred while creating known folder {5e6c858f-0e22-4760-9afe-ea3317b67173} with path 'C:\Windows\system32\config\systemprofile'."
"14-08-2026 15:32:04","1000","Warning","Microsoft-Windows-KnownFolders","Error 0x80070005 occurred while creating known folder {3eb685db-65f9-4cf6-a03a-e3ef65729f3d} with path 'C:\Windows\system32\config\systemprofile\AppData\Roaming'."
"14-08-2026 15:32:04","1000","Warning","Microsoft-Windows-KnownFolders","Error 0x80070005 occurred while creating known folder {5e6c858f-0e22-4760-9afe-ea3317b67173} with path 'C:\Windows\system32\config\systemprofile'."
"14-08-2026 15:25:54","1000","Warning","Microsoft-Windows-KnownFolders","Error 0x80070005 occurred while creating known folder {3eb685db-65f9-4cf6-a03a-e3ef65729f3d} with path 'C:\Windows\system32\config\systemprofile\AppData\Roaming'."
"14-08-2026 15:25:54","1000","Warning","Microsoft-Windows-KnownFolders","Error 0x80070005 occurred while creating known folder {5e6c858f-0e22-4760-9afe-ea3317b67173} with path 'C:\Windows\system32\config\systemprofile'."
"14-08-2026 15:25:54","1000","Warning","Microsoft-Windows-KnownFolders","Error 0x80070005 occurred while creating known folder {3eb685db-65f9-4cf6-a03a-e3ef65729f3d} with path 'C:\Windows\system32\config\systemprofile\AppData\Roaming'."
"14-08-2026 15:25:54","1000","Warning","Microsoft-Windows-KnownFolders","Error 0x80070005 occurred while creating known folder {5e6c858f-0e22-4760-9afe-ea3317b67173} with path 'C:\Windows\system32\config\systemprofile'."
"14-08-2026 15:18:59","1002","Warning","Microsoft-Windows-KnownFolders","Error 0x80070005 occurred while verifying known folder {62ab5d82-fdc1-4dc3-a9dd-070d1d495d97} with path 'C:\ProgramData'."
"14-08-2026 15:02:59","1000","Warning","Microsoft-Windows-KnownFolders","Error 0x80070005 occurred while creating known folder {3eb685db-65f9-4cf6-a03a-e3ef65729f3d} with path 'C:\Windows\system32\config\systemprofile\AppData\Roaming'."
"14-08-2026 15:02:59","1000","Warning","Microsoft-Windows-KnownFolders","Error 0x80070005 occurred while creating known folder {5e6c858f-0e22-4760-9afe-ea3317b67173} with path 'C:\Windows\system32\config\systemprofile'."
"14-08-2026 15:02:59","1000","Warning","Microsoft-Windows-KnownFolders","Error 0x80070005 occurred while creating known folder {3eb685db-65f9-4cf6-a03a-e3ef65729f3d} with path 'C:\Windows\system32\config\systemprofile\AppData\Roaming'."
"14-08-2026 15:02:59","1000","Warning","Microsoft-Windows-KnownFolders","Error 0x80070005 occurred while creating known folder {5e6c858f-0e22-4760-9afe-ea3317b67173} with path 'C:\Windows\system32\config\systemprofile'."
"14-08-2026 14:56:13","1002","Warning","Microsoft-Windows-KnownFolders","Error 0x80070002 occurred while verifying known folder {7d83ee9b-2244-4e70-b1f5-5393042af1e4} with path 'C:\Windows\system32\config\systemprofile\Downloads'."
"14-08-2026 14:44:24","1000","Warning","Microsoft-Windows-KnownFolders","Error 0x80070005 occurred while creating known folder {3eb685db-65f9-4cf6-a03a-e3ef65729f3d} with path 'C:\Windows\system32\config\systemprofile\AppData\Roaming'."
"14-08-2026 14:44:24","1000","Warning","Microsoft-Windows-KnownFolders","Error 0x80070005 occurred while creating known folder {5e6c858f-0e22-4760-9afe-ea3317b67173} with path 'C:\Windows\system32\config\systemprofile'."
"14-08-2026 14:44:24","1000","Warning","Microsoft-Windows-KnownFolders","Error 0x80070005 occurred while creating known folder {3eb685db-65f9-4cf6-a03a-e3ef65729f3d} with path 'C:\Windows\system32\config\systemprofile\AppData\Roaming'."
"14-08-2026 14:44:24","1000","Warning","Microsoft-Windows-KnownFolders","Error 0x80070005 occurred while creating known folder {5e6c858f-0e22-4760-9afe-ea3317b67173} with path 'C:\Windows\system32\config\systemprofile'."
"14-08-2026 14:27:44","1000","Warning","Microsoft-Windows-KnownFolders","Error 0x80070005 occurred while creating known folder {3eb685db-65f9-4cf6-a03a-e3ef65729f3d} with path 'C:\Windows\system32\config\systemprofile\AppData\Roaming'."
"14-08-2026 14:27:44","1000","Warning","Microsoft-Windows-KnownFolders","Error 0x80070005 occurred while creating known folder {5e6c858f-0e22-4760-9afe-ea3317b67173} with path 'C:\Windows\system32\config\systemprofile'."
"14-08-2026 14:27:44","1000","Warning","Microsoft-Windows-KnownFolders","Error 0x80070005 occurred while creating known folder {3eb685db-65f9-4cf6-a03a-e3ef65729f3d} with path 'C:\Windows\system32\config\systemprofile\AppData\Roaming'."
"14-08-2026 14:27:44","1000","Warning","Microsoft-Windows-KnownFolders","Error 0x80070005 occurred while creating known folder {5e6c858f-0e22-4760-9afe-ea3317b67173} with path 'C:\Windows\system32\config\systemprofile'."
"14-08-2026 14:15:44","1002","Warning","Microsoft-Windows-KnownFolders","Error 0x80070005 occurred while verifying known folder {62ab5d82-fdc1-4dc3-a9dd-070d1d495d97} with path 'C:\ProgramData'."
"14-08-2026 14:10:56","1000","Warning","Microsoft-Windows-KnownFolders","Error 0x80070005 occurred while creating known folder {3eb685db-65f9-4cf6-a03a-e3ef65729f3d} with path 'C:\Windows\system32\config\systemprofile\AppData\Roaming'."
"14-08-2026 14:10:56","1000","Warning","Microsoft-Windows-KnownFolders","Error 0x80070005 occurred while creating known folder {5e6c858f-0e22-4760-9afe-ea3317b67173} with path 'C:\Windows\system32\config\systemprofile'."
"14-08-2026 14:10:56","1000","Warning","Microsoft-Windows-KnownFolders","Error 0x80070005 occurred while creating known folder {3eb685db-65f9-4cf6-a03a-e3ef65729f3d} with path 'C:\Windows\system32\config\systemprofile\AppData\Roaming'."
"14-08-2026 14:10:56","1000","Warning","Microsoft-Windows-KnownFolders","Error 0x80070005 occurred while creating known folder {5e6c858f-0e22-4760-9afe-ea3317b67173} with path 'C:\Windows\system32\config\systemprofile'."
"14-08-2026 14:09:10","1002","Warning","Microsoft-Windows-KnownFolders","Error 0x80070005 occurred while verifying known folder {62ab5d82-fdc1-4dc3-a9dd-070d1d495d97} with path 'C:\ProgramData'."
"14-08-2026 14:09:10","1002","Warning","Microsoft-Windows-KnownFolders","Error 0x80070005 occurred while verifying known folder {62ab5d82-fdc1-4dc3-a9dd-070d1d495d97} with path 'C:\ProgramData'."
"14-08-2026 13:54:17","1000","Warning","Microsoft-Windows-KnownFolders","Error 0x80070005 occurred while creating known folder {3eb685db-65f9-4cf6-a03a-e3ef65729f3d} with path 'C:\Windows\system32\config\systemprofile\AppData\Roaming'."
"14-08-2026 13:51:17","1002","Warning","Microsoft-Windows-KnownFolders","Error 0x80070002 occurred while verifying known folder {18989b1d-99b5-455b-841c-ab7c74e4ddfc} with path 'C:\Windows\system32\config\systemprofile\Videos'."
"14-08-2026 13:50:21","1000","Warning","Microsoft-Windows-KnownFolders","Error 0x80070005 occurred while creating known folder {3eb685db-65f9-4cf6-a03a-e3ef65729f3d} with path 'C:\Windows\system32\config\systemprofile\AppData\Roaming'."
"14-08-2026 13:50:21","1000","Warning","Microsoft-Windows-KnownFolders","Error 0x80070005 occurred while creating known folder {5e6c858f-0e22-4760-9afe-ea3317b67173} with path 'C:\Windows\system32\config\systemprofile'."
"14-08-2026 13:50:21","1000","Warning","Microsoft-Windows-KnownFolders","Error 0x80070005 occurred while creating known folder {3eb685db-65f9-4cf6-a03a-e3ef65729f3d} with path 'C:\Windows\system32\config\systemprofile\AppData\Roaming'."
"14-08-2026 13:50:21","1000","Warning","Microsoft-Windows-KnownFolders","Error 0x80070005 occurred while creating known folder {5e6c858f-0e22-4760-9afe-ea3317b67173} with path 'C:\Windows\system32\config\systemprofile'."
"14-08-2026 13:39:04","1000","Warning","Microsoft-Windows-KnownFolders","Error 0x80070005 occurred while creating known folder {3eb685db-65f9-4cf6-a03a-e3ef65729f3d} with path 'C:\Windows\system32\config\systemprofile\AppData\Roaming'."
"14-08-2026 13:39:04","1000","Warning","Microsoft-Windows-KnownFolders","Error 0x80070005 occurred while creating known folder {5e6c858f-0e22-4760-9afe-ea3317b67173} with path 'C:\Windows\system32\config\systemprofile'."
"14-08-2026 13:39:04","1000","Warning","Microsoft-Windows-KnownFolders","Error 0x80070005 occurred while creating known folder {3eb685db-65f9-4cf6-a03a-e3ef65729f3d} with path 'C:\Windows\system32\config\systemprofile\AppData\Roaming'."
"14-08-2026 13:39:04","1000","Warning","Microsoft-Windows-KnownFolders","Error 0x80070005 occurred while creating known folder {5e6c858f-0e22-4760-9afe-ea3317b67173} with path 'C:\Windows\system32\config\systemprofile'."
"14-08-2026 13:22:31","1002","Warning","Microsoft-Windows-KnownFolders","Error 0x80070005 occurred while verifying known folder {62ab5d82-fdc1-4dc3-a9dd-070d1d495d97} with path 'C:\ProgramData'."
"14-08-2026 04:14:37","1002","Warning","Microsoft-Windows-KnownFolders","Error 0x80070005 occurred while verifying known folder {62ab5d82-fdc1-4dc3-a9dd-070d1d495d97} with path 'C:\ProgramData'."
"13-08-2026 19:09:55","1002","Warning","Microsoft-Windows-KnownFolders","Error 0x80070002 occurred while verifying known folder {18989b1d-99b5-455b-841c-ab7c74e4ddfc} with path 'C:\Windows\system32\config\systemprofile\Videos'."
"13-08-2026 18:15:35","1002","Warning","Microsoft-Windows-KnownFolders","Error 0x80070005 occurred while verifying known folder {62ab5d82-fdc1-4dc3-a9dd-070d1d495d97} with path 'C:\ProgramData'."
"13-08-2026 18:13:44","1002","Warning","Microsoft-Windows-KnownFolders","Error 0x80070002 occurred while verifying known folder {18989b1d-99b5-455b-841c-ab7c74e4ddfc} with path 'C:\Windows\system32\config\systemprofile\Videos'."
"13-08-2026 18:11:52","1002","Warning","Microsoft-Windows-KnownFolders","Error 0x80070002 occurred while verifying known folder {7d83ee9b-2244-4e70-b1f5-5393042af1e4} with path 'C:\Windows\system32\config\systemprofile\Downloads'."
"13-08-2026 18:00:32","1002","Warning","Microsoft-Windows-KnownFolders","Error 0x80070005 occurred while verifying known folder {62ab5d82-fdc1-4dc3-a9dd-070d1d495d97} with path 'C:\ProgramData'."
"13-08-2026 18:00:32","1002","Warning","Microsoft-Windows-KnownFolders","Error 0x80070005 occurred while verifying known folder {62ab5d82-fdc1-4dc3-a9dd-070d1d495d97} with path 'C:\ProgramData'."
"13-08-2026 17:55:59","1002","Warning","Microsoft-Windows-KnownFolders","Error 0x80070002 occurred while verifying known folder {18989b1d-99b5-455b-841c-ab7c74e4ddfc} with path 'C:\Windows\system32\config\systemprofile\Videos'."
"13-08-2026 17:27:18","1002","Warning","Microsoft-Windows-KnownFolders","Error 0x80070005 occurred while verifying known folder {62ab5d82-fdc1-4dc3-a9dd-070d1d495d97} with path 'C:\ProgramData'."
"13-08-2026 17:17:48","1002","Warning","Microsoft-Windows-KnownFolders","Error 0x80070002 occurred while verifying known folder {18989b1d-99b5-455b-841c-ab7c74e4ddfc} with path 'C:\Windows\system32\config\systemprofile\Videos'."
"13-08-2026 17:10:00","1000","Warning","Microsoft-Windows-KnownFolders","Error 0x80070005 occurred while creating known folder {3eb685db-65f9-4cf6-a03a-e3ef65729f3d} with path 'C:\Windows\system32\config\systemprofile\AppData\Roaming'."
"13-08-2026 16:50:31","1002","Warning","Microsoft-Windows-KnownFolders","Error 0x80070002 occurred while verifying known folder {18989b1d-99b5-455b-841c-ab7c74e4ddfc} with path 'C:\Windows\system32\config\systemprofile\Videos'."
"13-08-2026 16:39:41","1000","Warning","Microsoft-Windows-KnownFolders","Error 0x80070005 occurred while creating known folder {3eb685db-65f9-4cf6-a03a-e3ef65729f3d} with path 'C:\Windows\system32\config\systemprofile\AppData\Roaming'."
"13-08-2026 16:39:41","1000","Warning","Microsoft-Windows-KnownFolders","Error 0x80070005 occurred while creating known folder {5e6c858f-0e22-4760-9afe-ea3317b67173} with path 'C:\Windows\system32\config\systemprofile'."
"13-08-2026 16:39:41","1000","Warning","Microsoft-Windows-KnownFolders","Error 0x80070005 occurred while creating known folder {3eb685db-65f9-4cf6-a03a-e3ef65729f3d} with path 'C:\Windows\system32\config\systemprofile\AppData\Roaming'."
"13-08-2026 16:39:41","1000","Warning","Microsoft-Windows-KnownFolders","Error 0x80070005 occurred while creating known folder {5e6c858f-0e22-4760-9afe-ea3317b67173} with path 'C:\Windows\system32\config\systemprofile'."
"13-08-2026 16:39:24","1000","Warning","Microsoft-Windows-KnownFolders","Error 0x80070005 occurred while creating known folder {3eb685db-65f9-4cf6-a03a-e3ef65729f3d} with path 'C:\Windows\system32\config\systemprofile\AppData\Roaming'."
"13-08-2026 16:39:24","1000","Warning","Microsoft-Windows-KnownFolders","Error 0x80070005 occurred while creating known folder {5e6c858f-0e22-4760-9afe-ea3317b67173} with path 'C:\Windows\system32\config\systemprofile'."
"13-08-2026 16:39:24","1000","Warning","Microsoft-Windows-KnownFolders","Error 0x80070005 occurred while creating known folder {3eb685db-65f9-4cf6-a03a-e3ef65729f3d} with path 'C:\Windows\system32\config\systemprofile\AppData\Roaming'."
"13-08-2026 16:39:24","1000","Warning","Microsoft-Windows-KnownFolders","Error 0x80070005 occurred while creating known folder {5e6c858f-0e22-4760-9afe-ea3317b67173} with path 'C:\Windows\system32\config\systemprofile'."
"13-08-2026 16:16:59","1002","Warning","Microsoft-Windows-KnownFolders","Error 0x80070005 occurred while verifying known folder {62ab5d82-fdc1-4dc3-a9dd-070d1d495d97} with path 'C:\ProgramData'."
"13-08-2026 16:04:55","1002","Warning","Microsoft-Windows-KnownFolders","Error 0x80070002 occurred while verifying known folder {4bd8d571-6d19-48d3-be97-422220080e43} with path 'C:\Windows\system32\config\systemprofile\Music'."
"13-08-2026 16:04:55","1002","Warning","Microsoft-Windows-KnownFolders","Error 0x80070002 occurred while verifying known folder {4bd8d571-6d19-48d3-be97-422220080e43} with path 'C:\Windows\system32\config\systemprofile\Music'."
"13-08-2026 16:04:55","1002","Warning","Microsoft-Windows-KnownFolders","Error 0x80070002 occurred while verifying known folder {18989b1d-99b5-455b-841c-ab7c74e4ddfc} with path 'C:\Windows\system32\config\systemprofile\Videos'."
"13-08-2026 16:04:55","1002","Warning","Microsoft-Windows-KnownFolders","Error 0x80070002 occurred while verifying known folder {18989b1d-99b5-455b-841c-ab7c74e4ddfc} with path 'C:\Windows\system32\config\systemprofile\Videos'."
"13-08-2026 16:04:55","1002","Warning","Microsoft-Windows-KnownFolders","Error 0x80070002 occurred while verifying known folder {33e28130-4e1e-4676-835a-98395c3bc3bb} with path 'C:\Windows\system32\config\systemprofile\Pictures'."
"13-08-2026 16:04:55","1002","Warning","Microsoft-Windows-KnownFolders","Error 0x80070002 occurred while verifying known folder {33e28130-4e1e-4676-835a-98395c3bc3bb} with path 'C:\Windows\system32\config\systemprofile\Pictures'."
"13-08-2026 16:04:55","1002","Warning","Microsoft-Windows-KnownFolders","Error 0x80070002 occurred while verifying known folder {b4bfcc3a-db2c-424c-b029-7fe99a87c641} with path 'C:\Windows\system32\config\systemprofile\Desktop'."
"13-08-2026 16:04:55","1002","Warning","Microsoft-Windows-KnownFolders","Error 0x80070002 occurred while verifying known folder {b4bfcc3a-db2c-424c-b029-7fe99a87c641} with path 'C:\Windows\system32\config\systemprofile\Desktop'."
"13-08-2026 15:58:29","1002","Warning","Microsoft-Windows-KnownFolders","Error 0x80070005 occurred while verifying known folder {62ab5d82-fdc1-4dc3-a9dd-070d1d495d97} with path 'C:\ProgramData'."
"13-08-2026 15:58:29","1002","Warning","Microsoft-Windows-KnownFolders","Error 0x80070005 occurred while verifying known folder {62ab5d82-fdc1-4dc3-a9dd-070d1d495d97} with path 'C:\ProgramData'."
"13-08-2026 15:19:59","1002","Warning","Microsoft-Windows-KnownFolders","Error 0x80070005 occurred while verifying known folder {62ab5d82-fdc1-4dc3-a9dd-070d1d495d97} with path 'C:\ProgramData'."
"13-08-2026 15:10:00","1000","Warning","Microsoft-Windows-KnownFolders","Error 0x80070005 occurred while creating known folder {3eb685db-65f9-4cf6-a03a-e3ef65729f3d} with path 'C:\Windows\system32\config\systemprofile\AppData\Roaming'."
"13-08-2026 14:35:04","1000","Warning","Microsoft-Windows-KnownFolders","Error 0x80070005 occurred while creating known folder {3eb685db-65f9-4cf6-a03a-e3ef65729f3d} with path 'C:\Windows\system32\config\systemprofile\AppData\Roaming'."
"13-08-2026 14:35:04","1000","Warning","Microsoft-Windows-KnownFolders","Error 0x80070005 occurred while creating known folder {5e6c858f-0e22-4760-9afe-ea3317b67173} with path 'C:\Windows\system32\config\systemprofile'."
"13-08-2026 14:35:04","1000","Warning","Microsoft-Windows-KnownFolders","Error 0x80070005 occurred while creating known folder {3eb685db-65f9-4cf6-a03a-e3ef65729f3d} with path 'C:\Windows\system32\config\systemprofile\AppData\Roaming'."
"13-08-2026 14:35:04","1000","Warning","Microsoft-Windows-KnownFolders","Error 0x80070005 occurred while creating known folder {5e6c858f-0e22-4760-9afe-ea3317b67173} with path 'C:\Windows\system32\config\systemprofile'."
"13-08-2026 14:22:59","1002","Warning","Microsoft-Windows-KnownFolders","Error 0x80070005 occurred while verifying known folder {62ab5d82-fdc1-4dc3-a9dd-070d1d495d97} with path 'C:\ProgramData'."
"13-08-2026 14:16:38","1000","Warning","Microsoft-Windows-KnownFolders","Error 0x80070005 occurred while creating known folder {3eb685db-65f9-4cf6-a03a-e3ef65729f3d} with path 'C:\Windows\system32\config\systemprofile\AppData\Roaming'."
"13-08-2026 14:14:12","1000","Warning","Microsoft-Windows-KnownFolders","Error 0x80070005 occurred while creating known folder {3eb685db-65f9-4cf6-a03a-e3ef65729f3d} with path 'C:\Windows\system32\config\systemprofile\AppData\Roaming'."
"13-08-2026 14:10:53","1002","Warning","Microsoft-Windows-KnownFolders","Error 0x80070005 occurred while verifying known folder {62ab5d82-fdc1-4dc3-a9dd-070d1d495d97} with path 'C:\ProgramData'."
"13-08-2026 14:10:53","1002","Warning","Microsoft-Windows-KnownFolders","Error 0x80070005 occurred while verifying known folder {62ab5d82-fdc1-4dc3-a9dd-070d1d495d97} with path 'C:\ProgramData'."
"13-08-2026 13:27:07","1000","Warning","Microsoft-Windows-KnownFolders","Error 0x80070005 occurred while creating known folder {3eb685db-65f9-4cf6-a03a-e3ef65729f3d} with path 'C:\Windows\system32\config\systemprofile\AppData\Roaming'."
"13-08-2026 13:27:07","1000","Warning","Microsoft-Windows-KnownFolders","Error 0x80070005 occurred while creating known folder {5e6c858f-0e22-4760-9afe-ea3317b67173} with path 'C:\Windows\system32\config\systemprofile'."
"13-08-2026 13:27:07","1000","Warning","Microsoft-Windows-KnownFolders","Error 0x80070005 occurred while creating known folder {3eb685db-65f9-4cf6-a03a-e3ef65729f3d} with path 'C:\Windows\system32\config\systemprofile\AppData\Roaming'."
"13-08-2026 13:27:07","1000","Warning","Microsoft-Windows-KnownFolders","Error 0x80070005 occurred while creating known folder {5e6c858f-0e22-4760-9afe-ea3317b67173} with path 'C:\Windows\system32\config\systemprofile'."
"13-08-2026 13:25:59","1002","Warning","Microsoft-Windows-KnownFolders","Error 0x80070005 occurred while verifying known folder {62ab5d82-fdc1-4dc3-a9dd-070d1d495d97} with path 'C:\ProgramData'."
"13-08-2026 13:11:06","1002","Warning","Microsoft-Windows-KnownFolders","Error 0x80070002 occurred while verifying known folder {18989b1d-99b5-455b-841c-ab7c74e4ddfc} with path 'C:\Windows\system32\config\systemprofile\Videos'."
"13-08-2026 13:10:00","1000","Warning","Microsoft-Windows-KnownFolders","Error 0x80070005 occurred while creating known folder {3eb685db-65f9-4cf6-a03a-e3ef65729f3d} with path 'C:\Windows\system32\config\systemprofile\AppData\Roaming'."
"13-08-2026 13:01:26","1000","Warning","Microsoft-Windows-KnownFolders","Error 0x80070005 occurred while creating known folder {3eb685db-65f9-4cf6-a03a-e3ef65729f3d} with path 'C:\Windows\system32\config\systemprofile\AppData\Roaming'."
"13-08-2026 13:01:26","1000","Warning","Microsoft-Windows-KnownFolders","Error 0x80070005 occurred while creating known folder {5e6c858f-0e22-4760-9afe-ea3317b67173} with path 'C:\Windows\system32\config\systemprofile'."
"13-08-2026 13:01:26","1000","Warning","Microsoft-Windows-KnownFolders","Error 0x80070005 occurred while creating known folder {3eb685db-65f9-4cf6-a03a-e3ef65729f3d} with path 'C:\Windows\system32\config\systemprofile\AppData\Roaming'."
"13-08-2026 13:01:26","1000","Warning","Microsoft-Windows-KnownFolders","Error 0x80070005 occurred while creating known folder {5e6c858f-0e22-4760-9afe-ea3317b67173} with path 'C:\Windows\system32\config\systemprofile'."
"13-08-2026 12:47:17","1000","Warning","Microsoft-Windows-KnownFolders","Error 0x80070005 occurred while creating known folder {3eb685db-65f9-4cf6-a03a-e3ef65729f3d} with path 'C:\Windows\system32\config\systemprofile\AppData\Roaming'."
"13-08-2026 12:47:17","1000","Warning","Microsoft-Windows-KnownFolders","Error 0x80070005 occurred while creating known folder {5e6c858f-0e22-4760-9afe-ea3317b67173} with path 'C:\Windows\system32\config\systemprofile'."
"13-08-2026 12:47:17","1000","Warning","Microsoft-Windows-KnownFolders","Error 0x80070005 occurred while creating known folder {3eb685db-65f9-4cf6-a03a-e3ef65729f3d} with path 'C:\Windows\system32\config\systemprofile\AppData\Roaming'."
"13-08-2026 12:47:17","1000","Warning","Microsoft-Windows-KnownFolders","Error 0x80070005 occurred while creating known folder {5e6c858f-0e22-4760-9afe-ea3317b67173} with path 'C:\Windows\system32\config\systemprofile'."
"13-08-2026 12:21:44","1002","Warning","Microsoft-Windows-KnownFolders","Error 0x80070002 occurred while verifying known folder {18989b1d-99b5-455b-841c-ab7c74e4ddfc} with path 'C:\Windows\system32\config\systemprofile\Videos'."
"13-08-2026 12:17:14","1002","Warning","Microsoft-Windows-KnownFolders","Error 0x80070005 occurred while verifying known folder {62ab5d82-fdc1-4dc3-a9dd-070d1d495d97} with path 'C:\ProgramData'."
"13-08-2026 11:58:23","1002","Warning","Microsoft-Windows-KnownFolders","Error 0x80070005 occurred while verifying known folder {62ab5d82-fdc1-4dc3-a9dd-070d1d495d97} with path 'C:\ProgramData'."
"13-08-2026 11:58:23","1002","Warning","Microsoft-Windows-KnownFolders","Error 0x80070005 occurred while verifying known folder {62ab5d82-fdc1-4dc3-a9dd-070d1d495d97} with path 'C:\ProgramData'."
"13-08-2026 11:15:21","1002","Warning","Microsoft-Windows-KnownFolders","Error 0x80070005 occurred while verifying known folder {62ab5d82-fdc1-4dc3-a9dd-070d1d495d97} with path 'C:\ProgramData'."
"13-08-2026 11:10:00","1000","Warning","Microsoft-Windows-KnownFolders","Error 0x80070005 occurred while creating known folder {3eb685db-65f9-4cf6-a03a-e3ef65729f3d} with path 'C:\Windows\system32\config\systemprofile\AppData\Roaming'."
"13-08-2026 10:46:03","1002","Warning","Microsoft-Windows-KnownFolders","Error 0x80070002 occurred while verifying known folder {18989b1d-99b5-455b-841c-ab7c74e4ddfc} with path 'C:\Windows\system32\config\systemprofile\Videos'."
"13-08-2026 10:20:19","1002","Warning","Microsoft-Windows-KnownFolders","Error 0x80070005 occurred while verifying known folder {62ab5d82-fdc1-4dc3-a9dd-070d1d495d97} with path 'C:\ProgramData'."
"13-08-2026 10:06:16","1002","Warning","Microsoft-Windows-KnownFolders","Error 0x80070005 occurred while verifying known folder {62ab5d82-fdc1-4dc3-a9dd-070d1d495d97} with path 'C:\ProgramData'."
"13-08-2026 09:58:35","1000","Warning","Microsoft-Windows-KnownFolders","Error 0x80070005 occurred while creating known folder {3eb685db-65f9-4cf6-a03a-e3ef65729f3d} with path 'C:\Windows\system32\config\systemprofile\AppData\Roaming'."
"13-08-2026 09:58:35","1000","Warning","Microsoft-Windows-KnownFolders","Error 0x80070005 occurred while creating known folder {5e6c858f-0e22-4760-9afe-ea3317b67173} with path 'C:\Windows\system32\config\systemprofile'."
"13-08-2026 09:58:35","1000","Warning","Microsoft-Windows-KnownFolders","Error 0x80070005 occurred while creating known folder {3eb685db-65f9-4cf6-a03a-e3ef65729f3d} with path 'C:\Windows\system32\config\systemprofile\AppData\Roaming'."
"13-08-2026 09:58:35","1000","Warning","Microsoft-Windows-KnownFolders","Error 0x80070005 occurred while creating known folder {5e6c858f-0e22-4760-9afe-ea3317b67173} with path 'C:\Windows\system32\config\systemprofile'."
"13-08-2026 09:54:18","1002","Warning","Microsoft-Windows-KnownFolders","Error 0x80070005 occurred while verifying known folder {62ab5d82-fdc1-4dc3-a9dd-070d1d495d97} with path 'C:\ProgramData'."
"13-08-2026 09:54:18","1002","Warning","Microsoft-Windows-KnownFolders","Error 0x80070005 occurred while verifying known folder {62ab5d82-fdc1-4dc3-a9dd-070d1d495d97} with path 'C:\ProgramData'."
"13-08-2026 09:20:34","1002","Warning","Microsoft-Windows-KnownFolders","Error 0x80070005 occurred while verifying known folder {62ab5d82-fdc1-4dc3-a9dd-070d1d495d97} with path 'C:\ProgramData'."
"13-08-2026 09:20:34","1002","Warning","Microsoft-Windows-KnownFolders","Error 0x80070005 occurred while verifying known folder {62ab5d82-fdc1-4dc3-a9dd-070d1d495d97} with path 'C:\ProgramData'."
"13-08-2026 09:20:33","1002","Warning","Microsoft-Windows-KnownFolders","Error 0x80070005 occurred while verifying known folder {62ab5d82-fdc1-4dc3-a9dd-070d1d495d97} with path 'C:\ProgramData'."
"13-08-2026 09:14:26","1002","Warning","Microsoft-Windows-KnownFolders","Error 0x80070002 occurred while verifying known folder {18989b1d-99b5-455b-841c-ab7c74e4ddfc} with path 'C:\Windows\system32\config\systemprofile\Videos'."
"12-08-2026 20:21:39","1000","Warning","Microsoft-Windows-KnownFolders","Error 0x80070005 occurred while creating known folder {3eb685db-65f9-4cf6-a03a-e3ef65729f3d} with path 'C:\Windows\system32\config\systemprofile\AppData\Roaming'."
"12-08-2026 19:24:11","1002","Warning","Microsoft-Windows-KnownFolders","Error 0x80070002 occurred while verifying known folder {18989b1d-99b5-455b-841c-ab7c74e4ddfc} with path 'C:\Windows\system32\config\systemprofile\Videos'."
"12-08-2026 19:23:38","1002","Warning","Microsoft-Windows-KnownFolders","Error 0x80070005 occurred while verifying known folder {62ab5d82-fdc1-4dc3-a9dd-070d1d495d97} with path 'C:\ProgramData'."
"12-08-2026 18:56:39","1002","Warning","Microsoft-Windows-KnownFolders","Error 0x80070002 occurred while verifying known folder {18989b1d-99b5-455b-841c-ab7c74e4ddfc} with path 'C:\Windows\system32\config\systemprofile\Videos'."
"12-08-2026 18:21:39","1000","Warning","Microsoft-Windows-KnownFolders","Error 0x80070005 occurred while creating known folder {3eb685db-65f9-4cf6-a03a-e3ef65729f3d} with path 'C:\Windows\system32\config\systemprofile\AppData\Roaming'."
"12-08-2026 18:18:57","1002","Warning","Microsoft-Windows-KnownFolders","Error 0x80070005 occurred while verifying known folder {62ab5d82-fdc1-4dc3-a9dd-070d1d495d97} with path 'C:\ProgramData'."
"12-08-2026 17:52:58","1002","Warning","Microsoft-Windows-KnownFolders","Error 0x80070005 occurred while verifying known folder {62ab5d82-fdc1-4dc3-a9dd-070d1d495d97} with path 'C:\ProgramData'."
"12-08-2026 17:52:58","1002","Warning","Microsoft-Windows-KnownFolders","Error 0x80070005 occurred while verifying known folder {62ab5d82-fdc1-4dc3-a9dd-070d1d495d97} with path 'C:\ProgramData'."
"12-08-2026 17:27:35","1002","Warning","Microsoft-Windows-KnownFolders","Error 0x80070005 occurred while verifying known folder {62ab5d82-fdc1-4dc3-a9dd-070d1d495d97} with path 'C:\ProgramData'."
"12-08-2026 17:24:39","1002","Warning","Microsoft-Windows-KnownFolders","Error 0x80070005 occurred while verifying known folder {62ab5d82-fdc1-4dc3-a9dd-070d1d495d97} with path 'C:\ProgramData'."
"12-08-2026 17:08:02","1002","Warning","Microsoft-Windows-KnownFolders","Error 0x80070002 occurred while verifying known folder {18989b1d-99b5-455b-841c-ab7c74e4ddfc} with path 'C:\Windows\system32\config\systemprofile\Videos'."
"12-08-2026 16:25:21","1002","Warning","Microsoft-Windows-KnownFolders","Error 0x80070005 occurred while verifying known folder {62ab5d82-fdc1-4dc3-a9dd-070d1d495d97} with path 'C:\ProgramData'."
"12-08-2026 16:21:39","1000","Warning","Microsoft-Windows-KnownFolders","Error 0x80070005 occurred while creating known folder {3eb685db-65f9-4cf6-a03a-e3ef65729f3d} with path 'C:\Windows\system32\config\systemprofile\AppData\Roaming'."
"12-08-2026 15:59:03","1002","Warning","Microsoft-Windows-KnownFolders","Error 0x80070002 occurred while verifying known folder {18989b1d-99b5-455b-841c-ab7c74e4ddfc} with path 'C:\Windows\system32\config\systemprofile\Videos'."
"12-08-2026 15:54:36","1002","Warning","Microsoft-Windows-KnownFolders","Error 0x80070005 occurred while verifying known folder {62ab5d82-fdc1-4dc3-a9dd-070d1d495d97} with path 'C:\ProgramData'."
"12-08-2026 15:54:36","1002","Warning","Microsoft-Windows-KnownFolders","Error 0x80070005 occurred while verifying known folder {62ab5d82-fdc1-4dc3-a9dd-070d1d495d97} with path 'C:\ProgramData'."
"12-08-2026 15:23:35","1002","Warning","Microsoft-Windows-KnownFolders","Error 0x80070002 occurred while verifying known folder {18989b1d-99b5-455b-841c-ab7c74e4ddfc} with path 'C:\Windows\system32\config\systemprofile\Videos'."
"12-08-2026 15:16:58","1002","Warning","Microsoft-Windows-KnownFolders","Error 0x80070005 occurred while verifying known folder {62ab5d82-fdc1-4dc3-a9dd-070d1d495d97} with path 'C:\ProgramData'."
"12-08-2026 14:42:57","1002","Warning","Microsoft-Windows-KnownFolders","Error 0x80070002 occurred while verifying known folder {18989b1d-99b5-455b-841c-ab7c74e4ddfc} with path 'C:\Windows\system32\config\systemprofile\Videos'."
"12-08-2026 14:27:44","1002","Warning","Microsoft-Windows-KnownFolders","Error 0x80070005 occurred while verifying known folder {62ab5d82-fdc1-4dc3-a9dd-070d1d495d97} with path 'C:\ProgramData'."
"12-08-2026 14:27:44","1002","Warning","Microsoft-Windows-KnownFolders","Error 0x80070005 occurred while verifying known folder {62ab5d82-fdc1-4dc3-a9dd-070d1d495d97} with path 'C:\ProgramData'."
"12-08-2026 14:25:20","1002","Warning","Microsoft-Windows-KnownFolders","Error 0x80070005 occurred while verifying known folder {62ab5d82-fdc1-4dc3-a9dd-070d1d495d97} with path 'C:\ProgramData'."
"12-08-2026 14:21:38","1000","Warning","Microsoft-Windows-KnownFolders","Error 0x80070005 occurred while creating known folder {3eb685db-65f9-4cf6-a03a-e3ef65729f3d} with path 'C:\Windows\system32\config\systemprofile\AppData\Roaming'."
"12-08-2026 13:36:29","1002","Warning","Microsoft-Windows-KnownFolders","Error 0x80070002 occurred while verifying known folder {18989b1d-99b5-455b-841c-ab7c74e4ddfc} with path 'C:\Windows\system32\config\systemprofile\Videos'."
"12-08-2026 13:21:43","1002","Warning","Microsoft-Windows-KnownFolders","Error 0x80070005 occurred while verifying known folder {62ab5d82-fdc1-4dc3-a9dd-070d1d495d97} with path 'C:\ProgramData'."
"12-08-2026 13:21:06","1002","Warning","Microsoft-Windows-KnownFolders","Error 0x80070002 occurred while verifying known folder {18989b1d-99b5-455b-841c-ab7c74e4ddfc} with path 'C:\Windows\system32\config\systemprofile\Videos'."
"12-08-2026 12:42:46","1002","Warning","Microsoft-Windows-KnownFolders","Error 0x80070002 occurred while verifying known folder {18989b1d-99b5-455b-841c-ab7c74e4ddfc} with path 'C:\Windows\system32\config\systemprofile\Videos'."
"12-08-2026 12:21:37","1000","Warning","Microsoft-Windows-KnownFolders","Error 0x80070005 occurred while creating known folder {3eb685db-65f9-4cf6-a03a-e3ef65729f3d} with path 'C:\Windows\system32\config\systemprofile\AppData\Roaming'."
"12-08-2026 12:16:19","1002","Warning","Microsoft-Windows-KnownFolders","Error 0x80070005 occurred while verifying known folder {62ab5d82-fdc1-4dc3-a9dd-070d1d495d97} with path 'C:\ProgramData'."
"12-08-2026 12:05:06","1002","Warning","Microsoft-Windows-KnownFolders","Error 0x80070005 occurred while verifying known folder {62ab5d82-fdc1-4dc3-a9dd-070d1d495d97} with path 'C:\ProgramData'."
"12-08-2026 12:05:06","1002","Warning","Microsoft-Windows-KnownFolders","Error 0x80070005 occurred while verifying known folder {62ab5d82-fdc1-4dc3-a9dd-070d1d495d97} with path 'C:\ProgramData'."
"12-08-2026 12:05:06","1002","Warning","Microsoft-Windows-KnownFolders","Error 0x80070002 occurred while verifying known folder {18989b1d-99b5-455b-841c-ab7c74e4ddfc} with path 'C:\Windows\system32\config\systemprofile\Videos'."
"12-08-2026 11:31:19","1002","Warning","Microsoft-Windows-KnownFolders","Error 0x80070002 occurred while verifying known folder {18989b1d-99b5-455b-841c-ab7c74e4ddfc} with path 'C:\Windows\system32\config\systemprofile\Videos'."
"12-08-2026 11:25:54","1002","Warning","Microsoft-Windows-KnownFolders","Error 0x80070002 occurred while verifying known folder {18989b1d-99b5-455b-841c-ab7c74e4ddfc} with path 'C:\Windows\system32\config\systemprofile\Videos'."
"12-08-2026 11:24:20","1002","Warning","Microsoft-Windows-KnownFolders","Error 0x80070005 occurred while verifying known folder {62ab5d82-fdc1-4dc3-a9dd-070d1d495d97} with path 'C:\ProgramData'."
"12-08-2026 10:44:07","1002","Warning","Microsoft-Windows-KnownFolders","Error 0x80070002 occurred while verifying known folder {18989b1d-99b5-455b-841c-ab7c74e4ddfc} with path 'C:\Windows\system32\config\systemprofile\Videos'."
"12-08-2026 10:25:19","1002","Warning","Microsoft-Windows-KnownFolders","Error 0x80070005 occurred while verifying known folder {62ab5d82-fdc1-4dc3-a9dd-070d1d495d97} with path 'C:\ProgramData'."
"12-08-2026 10:21:38","1000","Warning","Microsoft-Windows-KnownFolders","Error 0x80070005 occurred while creating known folder {3eb685db-65f9-4cf6-a03a-e3ef65729f3d} with path 'C:\Windows\system32\config\systemprofile\AppData\Roaming'."
"12-08-2026 10:03:36","1002","Warning","Microsoft-Windows-KnownFolders","Error 0x80070002 occurred while verifying known folder {18989b1d-99b5-455b-841c-ab7c74e4ddfc} with path 'C:\Windows\system32\config\systemprofile\Videos'."
"12-08-2026 10:03:21","1002","Warning","Microsoft-Windows-KnownFolders","Error 0x80070005 occurred while verifying known folder {62ab5d82-fdc1-4dc3-a9dd-070d1d495d97} with path 'C:\ProgramData'."
"12-08-2026 10:03:21","1002","Warning","Microsoft-Windows-KnownFolders","Error 0x80070005 occurred while verifying known folder {62ab5d82-fdc1-4dc3-a9dd-070d1d495d97} with path 'C:\ProgramData'."
"12-08-2026 09:53:13","1002","Warning","Microsoft-Windows-KnownFolders","Error 0x80070002 occurred while verifying known folder {18989b1d-99b5-455b-841c-ab7c74e4ddfc} with path 'C:\Windows\system32\config\systemprofile\Videos'."
"12-08-2026 09:15:21","1002","Warning","Microsoft-Windows-KnownFolders","Error 0x80070005 occurred while verifying known folder {62ab5d82-fdc1-4dc3-a9dd-070d1d495d97} with path 'C:\ProgramData'."
"12-08-2026 09:03:54","1002","Warning","Microsoft-Windows-KnownFolders","Error 0x80070005 occurred while verifying known folder {352481e8-33be-4251-ba85-6007caedcf9d} with path 'C:\Windows\system32\config\systemprofile\AppData\Local\Microsoft\Windows\INetCache'."
"12-08-2026 08:57:12","1000","Warning","Microsoft-Windows-KnownFolders","Error 0x80070005 occurred while creating known folder {3eb685db-65f9-4cf6-a03a-e3ef65729f3d} with path 'C:\Windows\system32\config\systemprofile\AppData\Roaming'."
"12-08-2026 08:57:12","1000","Warning","Microsoft-Windows-KnownFolders","Error 0x80070005 occurred while creating known folder {5e6c858f-0e22-4760-9afe-ea3317b67173} with path 'C:\Windows\system32\config\systemprofile'."
"12-08-2026 08:57:12","1000","Warning","Microsoft-Windows-KnownFolders","Error 0x80070005 occurred while creating known folder {3eb685db-65f9-4cf6-a03a-e3ef65729f3d} with path 'C:\Windows\system32\config\systemprofile\AppData\Roaming'."
"12-08-2026 08:57:12","1000","Warning","Microsoft-Windows-KnownFolders","Error 0x80070005 occurred while creating known folder {5e6c858f-0e22-4760-9afe-ea3317b67173} with path 'C:\Windows\system32\config\systemprofile'."
"12-08-2026 08:55:41","1002","Warning","Microsoft-Windows-KnownFolders","Error 0x80070005 occurred while verifying known folder {62ab5d82-fdc1-4dc3-a9dd-070d1d495d97} with path 'C:\ProgramData'."
"12-08-2026 08:55:29","1002","Warning","Microsoft-Windows-KnownFolders","Error 0x80070005 occurred while verifying known folder {62ab5d82-fdc1-4dc3-a9dd-070d1d495d97} with path 'C:\ProgramData'."
