"TimeCreated","Id","LevelDisplayName","ProviderName","Message"
"19-08-2026 10:11:45","813","Information","Microsoft-Windows-DeviceManagement-Enterprise-Diagnostics-Provider","MDM PolicyManager: Set policy int, Policy: (QuickMachineRecoveryEnrolled), Area: (Update), EnrollmentID requesting merge: (B04F44A4-B696-4B56-934A-C11667E944E4), Current User: (Device), Int: (0x0), Enrollment Type: (0x20), Scope: (0x0)."
"19-08-2026 10:11:45","813","Information","Microsoft-Windows-DeviceManagement-Enterprise-Diagnostics-Provider","MDM PolicyManager: Set policy int, Policy: (DriverUpdateEnrolled), Area: (Update), EnrollmentID requesting merge: (B04F44A4-B696-4B56-934A-C11667E944E4), Current User: (Device), Int: (0x0), Enrollment Type: (0x20), Scope: (0x0)."
"19-08-2026 10:11:45","813","Information","Microsoft-Windows-DeviceManagement-Enterprise-Diagnostics-Provider","MDM PolicyManager: Set policy int, Policy: (AllowRebootlessUpdates), Area: (Update), EnrollmentID requesting merge: (B04F44A4-B696-4B56-934A-C11667E944E4), Current User: (Device), Int: (0x1), Enrollment Type: (0x20), Scope: (0x0)."
"19-08-2026 10:11:45","813","Information","Microsoft-Windows-DeviceManagement-Enterprise-Diagnostics-Provider","MDM PolicyManager: Set policy int, Policy: (FeatureUpdateEnrolled), Area: (Update), EnrollmentID requesting merge: (B04F44A4-B696-4B56-934A-C11667E944E4), Current User: (Device), Int: (0x1), Enrollment Type: (0x20), Scope: (0x0)."
"19-08-2026 10:11:45","813","Information","Microsoft-Windows-DeviceManagement-Enterprise-Diagnostics-Provider","MDM PolicyManager: Set policy int, Policy: (QualityUpdateEnrolled), Area: (Update), EnrollmentID requesting merge: (B04F44A4-B696-4B56-934A-C11667E944E4), Current User: (Device), Int: (0x0), Enrollment Type: (0x20), Scope: (0x0)."
"19-08-2026 10:04:35","404","Error","Microsoft-Windows-DeviceManagement-Enterprise-Diagnostics-Provider","MDM ConfigurationManager: Command failure status. Configuration Source ID: (386F60E8-6817-4304-B348-3E8545F3B70A), Enrollment Name: (MDMDeviceWithAAD), Provider Name: (Policy), Command Type: (Add: from Replace or Add), CSP URI: (./Device/Vendor/MSFT/Policy/ConfigOperations/ADMXInstall/Receiver/Properties/Policy/FakePolicy/Version), Result: (The system cannot find the file specified.)."
"19-08-2026 10:03:15","404","Error","Microsoft-Windows-DeviceManagement-Enterprise-Diagnostics-Provider","MDM ConfigurationManager: Command failure status. Configuration Source ID: (386F60E8-6817-4304-B348-3E8545F3B70A), Enrollment Name: (MDMDeviceWithAAD), Provider Name: (Policy), Command Type: (Add: from Replace or Add), CSP URI: (./Device/Vendor/MSFT/Policy/ConfigOperations/ADMXInstall/Receiver/Properties/Policy/FakePolicy/Version), Result: (The system cannot find the file specified.)."
"18-08-2026 14:36:34","404","Error","Microsoft-Windows-DeviceManagement-Enterprise-Diagnostics-Provider","MDM ConfigurationManager: Command failure status. Configuration Source ID: (386F60E8-6817-4304-B348-3E8545F3B70A), Enrollment Name: (MDMDeviceWithAAD), Provider Name: (Policy), Command Type: (Add: from Replace or Add), CSP URI: (./Device/Vendor/MSFT/Policy/ConfigOperations/ADMXInstall/Receiver/Properties/Policy/FakePolicy/Version), Result: (The system cannot find the file specified.)."
"18-08-2026 14:36:07","2012","Information","Microsoft-Windows-DeviceManagement-Enterprise-Diagnostics-Provider","Wsc Startup Alert WNF event process status (The operation completed successfully.)"
"18-08-2026 14:33:29","2750","Warning","Microsoft-Windows-DeviceManagement-Enterprise-Diagnostics-Provider","DeviceStatus CSP: WscGetSecurityProviderHealth(WSC_SECURITY_PROVIDER_FIREWALL) returned status 0x2 and HRESULT Incorrect function."
"18-08-2026 14:32:44","2750","Warning","Microsoft-Windows-DeviceManagement-Enterprise-Diagnostics-Provider","DeviceStatus CSP: WscGetSecurityProviderHealth(WSC_SECURITY_PROVIDER_FIREWALL) returned status 0x2 and HRESULT Incorrect function."
"18-08-2026 14:32:38","404","Error","Microsoft-Windows-DeviceManagement-Enterprise-Diagnostics-Provider","MDM ConfigurationManager: Command failure status. Configuration Source ID: (386F60E8-6817-4304-B348-3E8545F3B70A), Enrollment Name: (MDMDeviceWithAAD), Provider Name: (Policy), Command Type: (Add: from Replace or Add), CSP URI: (./Device/Vendor/MSFT/Policy/ConfigOperations/ADMXInstall/Receiver/Properties/Policy/FakePolicy/Version), Result: (The system cannot find the file specified.)."
"18-08-2026 14:32:22","2750","Warning","Microsoft-Windows-DeviceManagement-Enterprise-Diagnostics-Provider","DeviceStatus CSP: WscGetSecurityProviderHealth(WSC_SECURITY_PROVIDER_FIREWALL) returned status 0x2 and HRESULT Incorrect function."
"18-08-2026 14:32:16","2750","Warning","Microsoft-Windows-DeviceManagement-Enterprise-Diagnostics-Provider","DeviceStatus CSP: WscGetSecurityProviderHealth(WSC_SECURITY_PROVIDER_FIREWALL) returned status 0x2 and HRESULT Incorrect function."
"18-08-2026 14:32:08","2750","Warning","Microsoft-Windows-DeviceManagement-Enterprise-Diagnostics-Provider","DeviceStatus CSP: WscGetSecurityProviderHealth(WSC_SECURITY_PROVIDER_FIREWALL) returned status 0x2 and HRESULT Incorrect function."
"18-08-2026 14:03:01","404","Error","Microsoft-Windows-DeviceManagement-Enterprise-Diagnostics-Provider","MDM ConfigurationManager: Command failure status. Configuration Source ID: (386F60E8-6817-4304-B348-3E8545F3B70A), Enrollment Name: (MDMDeviceWithAAD), Provider Name: (Policy), Command Type: (Add: from Replace or Add), CSP URI: (./Device/Vendor/MSFT/Policy/ConfigOperations/ADMXInstall/Receiver/Properties/Policy/FakePolicy/Version), Result: (The system cannot find the file specified.)."
"18-08-2026 13:13:29","286","Information","Microsoft-Windows-DeviceManagement-Enterprise-Diagnostics-Provider","MDM Session: Request to store session info for retry succeeded for AccountID (386F60E8-6817-4304-B348-3E8545F3B70A) with delay (2880000) and HRESULT (0x0)."
"18-08-2026 10:42:28","813","Information","Microsoft-Windows-DeviceManagement-Enterprise-Diagnostics-Provider","MDM PolicyManager: Set policy int, Policy: (Power/Policy/Settings/Processor/SchemePersonality/381b4222-f694-41f0-9685-ff5bb260df2e/33cc3a0d-45ee-43ca-86c4-695bfc9a313b/ShortSchedulingPolicy/DcValue), Area: (knobs), EnrollmentID requesting merge: (14a95970-b75d-4fec-9d4c-309d1052444e), Current User: (device), Int: (0x3), Enrollment Type: (0x1), Scope: (0x0)."
"18-08-2026 10:42:28","813","Information","Microsoft-Windows-DeviceManagement-Enterprise-Diagnostics-Provider","MDM PolicyManager: Set policy int, Policy: (Power/Policy/Settings/Processor/SchemePersonality/381b4222-f694-41f0-9685-ff5bb260df2e/33cc3a0d-45ee-43ca-86c4-695bfc9a313b/ShortSchedulingPolicy/AcValue), Area: (knobs), EnrollmentID requesting merge: (14a95970-b75d-4fec-9d4c-309d1052444e), Current User: (device), Int: (0x4), Enrollment Type: (0x1), Scope: (0x0)."
"18-08-2026 10:42:28","813","Information","Microsoft-Windows-DeviceManagement-Enterprise-Diagnostics-Provider","MDM PolicyManager: Set policy int, Policy: (Power/Policy/Settings/Processor/SchemePersonality/381b4222-f694-41f0-9685-ff5bb260df2e/33cc3a0d-45ee-43ca-86c4-695bfc9a313b/SchedulingPolicy/DcValue), Area: (knobs), EnrollmentID requesting merge: (14a95970-b75d-4fec-9d4c-309d1052444e), Current User: (device), Int: (0x3), Enrollment Type: (0x1), Scope: (0x0)."
"18-08-2026 10:42:28","813","Information","Microsoft-Windows-DeviceManagement-Enterprise-Diagnostics-Provider","MDM PolicyManager: Set policy int, Policy: (Power/Policy/Settings/Processor/SchemePersonality/381b4222-f694-41f0-9685-ff5bb260df2e/33cc3a0d-45ee-43ca-86c4-695bfc9a313b/SchedulingPolicy/AcValue), Area: (knobs), EnrollmentID requesting merge: (14a95970-b75d-4fec-9d4c-309d1052444e), Current User: (device), Int: (0x4), Enrollment Type: (0x1), Scope: (0x0)."
"18-08-2026 10:42:28","813","Information","Microsoft-Windows-DeviceManagement-Enterprise-Diagnostics-Provider","MDM PolicyManager: Set policy int, Policy: (Power/Policy/Settings/Processor/SchemePersonality/381b4222-f694-41f0-9685-ff5bb260df2e/336c7511-f109-4172-bb3a-3ea51f815ada/ShortSchedulingPolicy/DcValue), Area: (knobs), EnrollmentID requesting merge: (14a95970-b75d-4fec-9d4c-309d1052444e), Current User: (device), Int: (0x3), Enrollment Type: (0x1), Scope: (0x0)."
"18-08-2026 10:42:28","813","Information","Microsoft-Windows-DeviceManagement-Enterprise-Diagnostics-Provider","MDM PolicyManager: Set policy int, Policy: (Power/Policy/Settings/Processor/SchemePersonality/381b4222-f694-41f0-9685-ff5bb260df2e/336c7511-f109-4172-bb3a-3ea51f815ada/ShortSchedulingPolicy/AcValue), Area: (knobs), EnrollmentID requesting merge: (14a95970-b75d-4fec-9d4c-309d1052444e), Current User: (device), Int: (0x4), Enrollment Type: (0x1), Scope: (0x0)."
"18-08-2026 10:42:28","813","Information","Microsoft-Windows-DeviceManagement-Enterprise-Diagnostics-Provider","MDM PolicyManager: Set policy int, Policy: (Power/Policy/Settings/Processor/SchemePersonality/381b4222-f694-41f0-9685-ff5bb260df2e/336c7511-f109-4172-bb3a-3ea51f815ada/SchedulingPolicy/DcValue), Area: (knobs), EnrollmentID requesting merge: (14a95970-b75d-4fec-9d4c-309d1052444e), Current User: (device), Int: (0x3), Enrollment Type: (0x1), Scope: (0x0)."
"18-08-2026 10:42:28","813","Information","Microsoft-Windows-DeviceManagement-Enterprise-Diagnostics-Provider","MDM PolicyManager: Set policy int, Policy: (Power/Policy/Settings/Processor/SchemePersonality/381b4222-f694-41f0-9685-ff5bb260df2e/336c7511-f109-4172-bb3a-3ea51f815ada/SchedulingPolicy/AcValue), Area: (knobs), EnrollmentID requesting merge: (14a95970-b75d-4fec-9d4c-309d1052444e), Current User: (device), Int: (0x4), Enrollment Type: (0x1), Scope: (0x0)."
"18-08-2026 10:42:06","833","Information","Microsoft-Windows-DeviceManagement-Enterprise-Diagnostics-Provider","MDM PolicyManager: Evaluator notification (WNF): (0xA3BD9075, 0x13920028) published for Evaluator: (AppHVSI)."
"18-08-2026 10:42:06","833","Information","Microsoft-Windows-DeviceManagement-Enterprise-Diagnostics-Provider","MDM PolicyManager: Evaluator notification (WNF): (0xA3BD7875, 0x13920028) published for Evaluator: (EnterpriseDataProtection)."
"18-08-2026 10:42:06","839","Information","Microsoft-Windows-DeviceManagement-Enterprise-Diagnostics-Provider","MDM PolicyManager: Delete provider (14A95970-B75D-4FEC-9D4C-309D1052444E). Add Evaluator (AppHVSI) to Evaluator WNF list to publish area Evaluator WNF on CSP unload."
"18-08-2026 10:42:06","839","Information","Microsoft-Windows-DeviceManagement-Enterprise-Diagnostics-Provider","MDM PolicyManager: Delete provider (14A95970-B75D-4FEC-9D4C-309D1052444E). Add Evaluator (EnterpriseDataProtection) to Evaluator WNF list to publish area Evaluator WNF on CSP unload."
"18-08-2026 10:35:04","404","Error","Microsoft-Windows-DeviceManagement-Enterprise-Diagnostics-Provider","MDM ConfigurationManager: Command failure status. Configuration Source ID: (386F60E8-6817-4304-B348-3E8545F3B70A), Enrollment Name: (MDMDeviceWithAAD), Provider Name: (Policy), Command Type: (Add: from Replace or Add), CSP URI: (./Device/Vendor/MSFT/Policy/ConfigOperations/ADMXInstall/Receiver/Properties/Policy/FakePolicy/Version), Result: (The system cannot find the file specified.)."
"18-08-2026 10:34:05","2012","Information","Microsoft-Windows-DeviceManagement-Enterprise-Diagnostics-Provider","Wsc Startup Alert WNF event process status (The operation completed successfully.)"
"18-08-2026 10:34:02","2750","Warning","Microsoft-Windows-DeviceManagement-Enterprise-Diagnostics-Provider","DeviceStatus CSP: WscGetSecurityProviderHealth(WSC_SECURITY_PROVIDER_FIREWALL) returned status 0x2 and HRESULT Incorrect function."
"18-08-2026 10:33:55","404","Error","Microsoft-Windows-DeviceManagement-Enterprise-Diagnostics-Provider","MDM ConfigurationManager: Command failure status. Configuration Source ID: (386F60E8-6817-4304-B348-3E8545F3B70A), Enrollment Name: (MDMDeviceWithAAD), Provider Name: (Policy), Command Type: (Add: from Replace or Add), CSP URI: (./Device/Vendor/MSFT/Policy/ConfigOperations/ADMXInstall/Receiver/Properties/Policy/FakePolicy/Version), Result: (The system cannot find the file specified.)."
"18-08-2026 10:33:11","2750","Warning","Microsoft-Windows-DeviceManagement-Enterprise-Diagnostics-Provider","DeviceStatus CSP: WscGetSecurityProviderHealth(WSC_SECURITY_PROVIDER_FIREWALL) returned status 0x2 and HRESULT Incorrect function."
"18-08-2026 10:32:56","2750","Warning","Microsoft-Windows-DeviceManagement-Enterprise-Diagnostics-Provider","DeviceStatus CSP: WscGetSecurityProviderHealth(WSC_SECURITY_PROVIDER_FIREWALL) returned status 0x2 and HRESULT Incorrect function."
"18-08-2026 10:32:23","2750","Warning","Microsoft-Windows-DeviceManagement-Enterprise-Diagnostics-Provider","DeviceStatus CSP: WscGetSecurityProviderHealth(WSC_SECURITY_PROVIDER_FIREWALL) returned status 0x2 and HRESULT Incorrect function."
"18-08-2026 10:31:34","2750","Warning","Microsoft-Windows-DeviceManagement-Enterprise-Diagnostics-Provider","DeviceStatus CSP: WscGetSecurityProviderHealth(WSC_SECURITY_PROVIDER_FIREWALL) returned status 0x2 and HRESULT Incorrect function."
"18-08-2026 10:30:20","404","Error","Microsoft-Windows-DeviceManagement-Enterprise-Diagnostics-Provider","MDM ConfigurationManager: Command failure status. Configuration Source ID: (386F60E8-6817-4304-B348-3E8545F3B70A), Enrollment Name: (MDMDeviceWithAAD), Provider Name: (Policy), Command Type: (Add: from Replace or Add), CSP URI: (./Device/Vendor/MSFT/Policy/ConfigOperations/ADMXInstall/Receiver/Properties/Policy/FakePolicy/Version), Result: (The system cannot find the file specified.)."
"18-08-2026 10:29:32","2750","Warning","Microsoft-Windows-DeviceManagement-Enterprise-Diagnostics-Provider","DeviceStatus CSP: WscGetSecurityProviderHealth(WSC_SECURITY_PROVIDER_FIREWALL) returned status 0x2 and HRESULT Incorrect function."
"18-08-2026 10:29:27","2750","Warning","Microsoft-Windows-DeviceManagement-Enterprise-Diagnostics-Provider","DeviceStatus CSP: WscGetSecurityProviderHealth(WSC_SECURITY_PROVIDER_FIREWALL) returned status 0x2 and HRESULT Incorrect function."
"18-08-2026 10:29:19","2750","Warning","Microsoft-Windows-DeviceManagement-Enterprise-Diagnostics-Provider","DeviceStatus CSP: WscGetSecurityProviderHealth(WSC_SECURITY_PROVIDER_FIREWALL) returned status 0x2 and HRESULT Incorrect function."
"18-08-2026 09:56:00","813","Information","Microsoft-Windows-DeviceManagement-Enterprise-Diagnostics-Provider","MDM PolicyManager: Set policy int, Policy: (QuickMachineRecoveryEnrolled), Area: (Update), EnrollmentID requesting merge: (B04F44A4-B696-4B56-934A-C11667E944E4), Current User: (Device), Int: (0x0), Enrollment Type: (0x20), Scope: (0x0)."
"18-08-2026 09:56:00","813","Information","Microsoft-Windows-DeviceManagement-Enterprise-Diagnostics-Provider","MDM PolicyManager: Set policy int, Policy: (DriverUpdateEnrolled), Area: (Update), EnrollmentID requesting merge: (B04F44A4-B696-4B56-934A-C11667E944E4), Current User: (Device), Int: (0x0), Enrollment Type: (0x20), Scope: (0x0)."
"18-08-2026 09:56:00","813","Information","Microsoft-Windows-DeviceManagement-Enterprise-Diagnostics-Provider","MDM PolicyManager: Set policy int, Policy: (AllowRebootlessUpdates), Area: (Update), EnrollmentID requesting merge: (B04F44A4-B696-4B56-934A-C11667E944E4), Current User: (Device), Int: (0x1), Enrollment Type: (0x20), Scope: (0x0)."
"18-08-2026 09:56:00","813","Information","Microsoft-Windows-DeviceManagement-Enterprise-Diagnostics-Provider","MDM PolicyManager: Set policy int, Policy: (FeatureUpdateEnrolled), Area: (Update), EnrollmentID requesting merge: (B04F44A4-B696-4B56-934A-C11667E944E4), Current User: (Device), Int: (0x1), Enrollment Type: (0x20), Scope: (0x0)."
"18-08-2026 09:56:00","813","Information","Microsoft-Windows-DeviceManagement-Enterprise-Diagnostics-Provider","MDM PolicyManager: Set policy int, Policy: (QualityUpdateEnrolled), Area: (Update), EnrollmentID requesting merge: (B04F44A4-B696-4B56-934A-C11667E944E4), Current User: (Device), Int: (0x0), Enrollment Type: (0x20), Scope: (0x0)."
"18-08-2026 09:46:36","404","Error","Microsoft-Windows-DeviceManagement-Enterprise-Diagnostics-Provider","MDM ConfigurationManager: Command failure status. Configuration Source ID: (386F60E8-6817-4304-B348-3E8545F3B70A), Enrollment Name: (MDMDeviceWithAAD), Provider Name: (Policy), Command Type: (Add: from Replace or Add), CSP URI: (./Device/Vendor/MSFT/Policy/ConfigOperations/ADMXInstall/Receiver/Properties/Policy/FakePolicy/Version), Result: (The system cannot find the file specified.)."
"18-08-2026 09:45:17","404","Error","Microsoft-Windows-DeviceManagement-Enterprise-Diagnostics-Provider","MDM ConfigurationManager: Command failure status. Configuration Source ID: (386F60E8-6817-4304-B348-3E8545F3B70A), Enrollment Name: (MDMDeviceWithAAD), Provider Name: (Policy), Command Type: (Add: from Replace or Add), CSP URI: (./Device/Vendor/MSFT/Policy/ConfigOperations/ADMXInstall/Receiver/Properties/Policy/FakePolicy/Version), Result: (The system cannot find the file specified.)."
"17-08-2026 09:51:54","813","Information","Microsoft-Windows-DeviceManagement-Enterprise-Diagnostics-Provider","MDM PolicyManager: Set policy int, Policy: (QuickMachineRecoveryEnrolled), Area: (Update), EnrollmentID requesting merge: (B04F44A4-B696-4B56-934A-C11667E944E4), Current User: (Device), Int: (0x0), Enrollment Type: (0x20), Scope: (0x0)."
"17-08-2026 09:51:54","813","Information","Microsoft-Windows-DeviceManagement-Enterprise-Diagnostics-Provider","MDM PolicyManager: Set policy int, Policy: (DriverUpdateEnrolled), Area: (Update), EnrollmentID requesting merge: (B04F44A4-B696-4B56-934A-C11667E944E4), Current User: (Device), Int: (0x0), Enrollment Type: (0x20), Scope: (0x0)."
"17-08-2026 09:51:54","813","Information","Microsoft-Windows-DeviceManagement-Enterprise-Diagnostics-Provider","MDM PolicyManager: Set policy int, Policy: (AllowRebootlessUpdates), Area: (Update), EnrollmentID requesting merge: (B04F44A4-B696-4B56-934A-C11667E944E4), Current User: (Device), Int: (0x1), Enrollment Type: (0x20), Scope: (0x0)."
"17-08-2026 09:51:54","813","Information","Microsoft-Windows-DeviceManagement-Enterprise-Diagnostics-Provider","MDM PolicyManager: Set policy int, Policy: (FeatureUpdateEnrolled), Area: (Update), EnrollmentID requesting merge: (B04F44A4-B696-4B56-934A-C11667E944E4), Current User: (Device), Int: (0x1), Enrollment Type: (0x20), Scope: (0x0)."
"17-08-2026 09:51:54","813","Information","Microsoft-Windows-DeviceManagement-Enterprise-Diagnostics-Provider","MDM PolicyManager: Set policy int, Policy: (QualityUpdateEnrolled), Area: (Update), EnrollmentID requesting merge: (B04F44A4-B696-4B56-934A-C11667E944E4), Current User: (Device), Int: (0x0), Enrollment Type: (0x20), Scope: (0x0)."
"17-08-2026 09:43:46","404","Error","Microsoft-Windows-DeviceManagement-Enterprise-Diagnostics-Provider","MDM ConfigurationManager: Command failure status. Configuration Source ID: (386F60E8-6817-4304-B348-3E8545F3B70A), Enrollment Name: (MDMDeviceWithAAD), Provider Name: (Policy), Command Type: (Add: from Replace or Add), CSP URI: (./Device/Vendor/MSFT/Policy/ConfigOperations/ADMXInstall/Receiver/Properties/Policy/FakePolicy/Version), Result: (The system cannot find the file specified.)."
"17-08-2026 09:42:34","4108","Error","Microsoft-Windows-DeviceManagement-Enterprise-Diagnostics-Provider","MDM Declared Configuration resource cleanup task failed."
"17-08-2026 09:41:30","404","Error","Microsoft-Windows-DeviceManagement-Enterprise-Diagnostics-Provider","MDM ConfigurationManager: Command failure status. Configuration Source ID: (386F60E8-6817-4304-B348-3E8545F3B70A), Enrollment Name: (MDMDeviceWithAAD), Provider Name: (Policy), Command Type: (Add: from Replace or Add), CSP URI: (./Device/Vendor/MSFT/Policy/ConfigOperations/ADMXInstall/Receiver/Properties/Policy/FakePolicy/Version), Result: (The system cannot find the file specified.)."
"17-08-2026 09:40:27","404","Error","Microsoft-Windows-DeviceManagement-Enterprise-Diagnostics-Provider","MDM ConfigurationManager: Command failure status. Configuration Source ID: (386F60E8-6817-4304-B348-3E8545F3B70A), Enrollment Name: (MDMDeviceWithAAD), Provider Name: (Policy), Command Type: (Add: from Replace or Add), CSP URI: (./Device/Vendor/MSFT/Policy/ConfigOperations/ADMXInstall/Receiver/Properties/Policy/FakePolicy/Version), Result: (The system cannot find the file specified.)."
"14-08-2026 13:38:10","813","Information","Microsoft-Windows-DeviceManagement-Enterprise-Diagnostics-Provider","MDM PolicyManager: Set policy int, Policy: (QuickMachineRecoveryEnrolled), Area: (Update), EnrollmentID requesting merge: (B04F44A4-B696-4B56-934A-C11667E944E4), Current User: (Device), Int: (0x0), Enrollment Type: (0x20), Scope: (0x0)."
"14-08-2026 13:38:10","813","Information","Microsoft-Windows-DeviceManagement-Enterprise-Diagnostics-Provider","MDM PolicyManager: Set policy int, Policy: (DriverUpdateEnrolled), Area: (Update), EnrollmentID requesting merge: (B04F44A4-B696-4B56-934A-C11667E944E4), Current User: (Device), Int: (0x0), Enrollment Type: (0x20), Scope: (0x0)."
"14-08-2026 13:38:10","813","Information","Microsoft-Windows-DeviceManagement-Enterprise-Diagnostics-Provider","MDM PolicyManager: Set policy int, Policy: (AllowRebootlessUpdates), Area: (Update), EnrollmentID requesting merge: (B04F44A4-B696-4B56-934A-C11667E944E4), Current User: (Device), Int: (0x1), Enrollment Type: (0x20), Scope: (0x0)."
"14-08-2026 13:38:10","813","Information","Microsoft-Windows-DeviceManagement-Enterprise-Diagnostics-Provider","MDM PolicyManager: Set policy int, Policy: (FeatureUpdateEnrolled), Area: (Update), EnrollmentID requesting merge: (B04F44A4-B696-4B56-934A-C11667E944E4), Current User: (Device), Int: (0x1), Enrollment Type: (0x20), Scope: (0x0)."
"14-08-2026 13:38:10","813","Information","Microsoft-Windows-DeviceManagement-Enterprise-Diagnostics-Provider","MDM PolicyManager: Set policy int, Policy: (QualityUpdateEnrolled), Area: (Update), EnrollmentID requesting merge: (B04F44A4-B696-4B56-934A-C11667E944E4), Current User: (Device), Int: (0x0), Enrollment Type: (0x20), Scope: (0x0)."
"14-08-2026 13:30:42","404","Error","Microsoft-Windows-DeviceManagement-Enterprise-Diagnostics-Provider","MDM ConfigurationManager: Command failure status. Configuration Source ID: (386F60E8-6817-4304-B348-3E8545F3B70A), Enrollment Name: (MDMDeviceWithAAD), Provider Name: (Policy), Command Type: (Add: from Replace or Add), CSP URI: (./Device/Vendor/MSFT/Policy/ConfigOperations/ADMXInstall/Receiver/Properties/Policy/FakePolicy/Version), Result: (The system cannot find the file specified.)."
"14-08-2026 13:29:34","404","Error","Microsoft-Windows-DeviceManagement-Enterprise-Diagnostics-Provider","MDM ConfigurationManager: Command failure status. Configuration Source ID: (386F60E8-6817-4304-B348-3E8545F3B70A), Enrollment Name: (MDMDeviceWithAAD), Provider Name: (Policy), Command Type: (Add: from Replace or Add), CSP URI: (./Device/Vendor/MSFT/Policy/ConfigOperations/ADMXInstall/Receiver/Properties/Policy/FakePolicy/Version), Result: (The system cannot find the file specified.)."
"13-08-2026 13:11:46","404","Error","Microsoft-Windows-DeviceManagement-Enterprise-Diagnostics-Provider","MDM ConfigurationManager: Command failure status. Configuration Source ID: (386F60E8-6817-4304-B348-3E8545F3B70A), Enrollment Name: (MDMDeviceWithAAD), Provider Name: (Policy), Command Type: (Add: from Replace or Add), CSP URI: (./Device/Vendor/MSFT/Policy/ConfigOperations/ADMXInstall/Receiver/Properties/Policy/FakePolicy/Version), Result: (The system cannot find the file specified.)."
"13-08-2026 12:38:44","404","Error","Microsoft-Windows-DeviceManagement-Enterprise-Diagnostics-Provider","MDM ConfigurationManager: Command failure status. Configuration Source ID: (386F60E8-6817-4304-B348-3E8545F3B70A), Enrollment Name: (MDMDeviceWithAAD), Provider Name: (Policy), Command Type: (Add: from Replace or Add), CSP URI: (./Device/Vendor/MSFT/Policy/ConfigOperations/ADMXInstall/Receiver/Properties/Policy/FakePolicy/Version), Result: (The system cannot find the file specified.)."
"13-08-2026 12:37:48","404","Error","Microsoft-Windows-DeviceManagement-Enterprise-Diagnostics-Provider","MDM ConfigurationManager: Command failure status. Configuration Source ID: (386F60E8-6817-4304-B348-3E8545F3B70A), Enrollment Name: (MDMDeviceWithAAD), Provider Name: (Policy), Command Type: (Add: from Replace or Add), CSP URI: (./Device/Vendor/MSFT/Policy/ConfigOperations/ADMXInstall/Receiver/Properties/Policy/FakePolicy/Version), Result: (The system cannot find the file specified.)."
"13-08-2026 10:46:32","813","Information","Microsoft-Windows-DeviceManagement-Enterprise-Diagnostics-Provider","MDM PolicyManager: Set policy int, Policy: (QuickMachineRecoveryEnrolled), Area: (Update), EnrollmentID requesting merge: (B04F44A4-B696-4B56-934A-C11667E944E4), Current User: (Device), Int: (0x0), Enrollment Type: (0x20), Scope: (0x0)."
"13-08-2026 10:46:32","813","Information","Microsoft-Windows-DeviceManagement-Enterprise-Diagnostics-Provider","MDM PolicyManager: Set policy int, Policy: (DriverUpdateEnrolled), Area: (Update), EnrollmentID requesting merge: (B04F44A4-B696-4B56-934A-C11667E944E4), Current User: (Device), Int: (0x0), Enrollment Type: (0x20), Scope: (0x0)."
"13-08-2026 10:46:32","813","Information","Microsoft-Windows-DeviceManagement-Enterprise-Diagnostics-Provider","MDM PolicyManager: Set policy int, Policy: (AllowRebootlessUpdates), Area: (Update), EnrollmentID requesting merge: (B04F44A4-B696-4B56-934A-C11667E944E4), Current User: (Device), Int: (0x1), Enrollment Type: (0x20), Scope: (0x0)."
"13-08-2026 10:46:32","813","Information","Microsoft-Windows-DeviceManagement-Enterprise-Diagnostics-Provider","MDM PolicyManager: Set policy int, Policy: (FeatureUpdateEnrolled), Area: (Update), EnrollmentID requesting merge: (B04F44A4-B696-4B56-934A-C11667E944E4), Current User: (Device), Int: (0x1), Enrollment Type: (0x20), Scope: (0x0)."
"13-08-2026 10:46:32","813","Information","Microsoft-Windows-DeviceManagement-Enterprise-Diagnostics-Provider","MDM PolicyManager: Set policy int, Policy: (QualityUpdateEnrolled), Area: (Update), EnrollmentID requesting merge: (B04F44A4-B696-4B56-934A-C11667E944E4), Current User: (Device), Int: (0x0), Enrollment Type: (0x20), Scope: (0x0)."
"12-08-2026 10:42:42","813","Information","Microsoft-Windows-DeviceManagement-Enterprise-Diagnostics-Provider","MDM PolicyManager: Set policy int, Policy: (QuickMachineRecoveryEnrolled), Area: (Update), EnrollmentID requesting merge: (B04F44A4-B696-4B56-934A-C11667E944E4), Current User: (Device), Int: (0x0), Enrollment Type: (0x20), Scope: (0x0)."
"12-08-2026 10:42:42","813","Information","Microsoft-Windows-DeviceManagement-Enterprise-Diagnostics-Provider","MDM PolicyManager: Set policy int, Policy: (DriverUpdateEnrolled), Area: (Update), EnrollmentID requesting merge: (B04F44A4-B696-4B56-934A-C11667E944E4), Current User: (Device), Int: (0x0), Enrollment Type: (0x20), Scope: (0x0)."
"12-08-2026 10:42:42","813","Information","Microsoft-Windows-DeviceManagement-Enterprise-Diagnostics-Provider","MDM PolicyManager: Set policy int, Policy: (AllowRebootlessUpdates), Area: (Update), EnrollmentID requesting merge: (B04F44A4-B696-4B56-934A-C11667E944E4), Current User: (Device), Int: (0x1), Enrollment Type: (0x20), Scope: (0x0)."
"12-08-2026 10:42:42","813","Information","Microsoft-Windows-DeviceManagement-Enterprise-Diagnostics-Provider","MDM PolicyManager: Set policy int, Policy: (FeatureUpdateEnrolled), Area: (Update), EnrollmentID requesting merge: (B04F44A4-B696-4B56-934A-C11667E944E4), Current User: (Device), Int: (0x1), Enrollment Type: (0x20), Scope: (0x0)."
"12-08-2026 10:42:42","813","Information","Microsoft-Windows-DeviceManagement-Enterprise-Diagnostics-Provider","MDM PolicyManager: Set policy int, Policy: (QualityUpdateEnrolled), Area: (Update), EnrollmentID requesting merge: (B04F44A4-B696-4B56-934A-C11667E944E4), Current User: (Device), Int: (0x0), Enrollment Type: (0x20), Scope: (0x0)."
"12-08-2026 08:56:29","404","Error","Microsoft-Windows-DeviceManagement-Enterprise-Diagnostics-Provider","MDM ConfigurationManager: Command failure status. Configuration Source ID: (386F60E8-6817-4304-B348-3E8545F3B70A), Enrollment Name: (MDMDeviceWithAAD), Provider Name: (Policy), Command Type: (Add: from Replace or Add), CSP URI: (./Device/Vendor/MSFT/Policy/ConfigOperations/ADMXInstall/Receiver/Properties/Policy/FakePolicy/Version), Result: (The system cannot find the file specified.)."
"12-08-2026 03:28:14","404","Error","Microsoft-Windows-DeviceManagement-Enterprise-Diagnostics-Provider","MDM ConfigurationManager: Command failure status. Configuration Source ID: (386F60E8-6817-4304-B348-3E8545F3B70A), Enrollment Name: (MDMDeviceWithAAD), Provider Name: (Policy), Command Type: (Add: from Replace or Add), CSP URI: (./Device/Vendor/MSFT/Policy/ConfigOperations/ADMXInstall/Receiver/Properties/Policy/FakePolicy/Version), Result: (The system cannot find the file specified.)."
"12-08-2026 03:28:04","454","Error","Microsoft-Windows-DeviceManagement-Enterprise-Diagnostics-Provider","MDM ConfigurationManager: Command failure status. Configuraton Source ID: (386F60E8-6817-4304-B348-3E8545F3B70A), Enrollment Type: (MDMDeviceWithAAD), CSP Name: (NodeCache), Command Type: (Clear: first phase of Delete), CSP URI: (./Vendor/MSFT/NodeCache/MS DM Server/Nodes/81), Result: (Unknown Win32 Error code: 0x86000002)."
"11-08-2026 13:12:00","404","Error","Microsoft-Windows-DeviceManagement-Enterprise-Diagnostics-Provider","MDM ConfigurationManager: Command failure status. Configuration Source ID: (386F60E8-6817-4304-B348-3E8545F3B70A), Enrollment Name: (MDMDeviceWithAAD), Provider Name: (Policy), Command Type: (Add: from Replace or Add), CSP URI: (./Device/Vendor/MSFT/Policy/ConfigOperations/ADMXInstall/Receiver/Properties/Policy/FakePolicy/Version), Result: (The system cannot find the file specified.)."
"11-08-2026 12:08:42","404","Error","Microsoft-Windows-DeviceManagement-Enterprise-Diagnostics-Provider","MDM ConfigurationManager: Command failure status. Configuration Source ID: (386F60E8-6817-4304-B348-3E8545F3B70A), Enrollment Name: (MDMDeviceWithAAD), Provider Name: (Policy), Command Type: (Add: from Replace or Add), CSP URI: (./Device/Vendor/MSFT/Policy/ConfigOperations/ADMXInstall/Receiver/Properties/Policy/FakePolicy/Version), Result: (The system cannot find the file specified.)."
"11-08-2026 10:40:50","813","Information","Microsoft-Windows-DeviceManagement-Enterprise-Diagnostics-Provider","MDM PolicyManager: Set policy int, Policy: (QuickMachineRecoveryEnrolled), Area: (Update), EnrollmentID requesting merge: (B04F44A4-B696-4B56-934A-C11667E944E4), Current User: (Device), Int: (0x0), Enrollment Type: (0x20), Scope: (0x0)."
"11-08-2026 10:40:50","813","Information","Microsoft-Windows-DeviceManagement-Enterprise-Diagnostics-Provider","MDM PolicyManager: Set policy int, Policy: (DriverUpdateEnrolled), Area: (Update), EnrollmentID requesting merge: (B04F44A4-B696-4B56-934A-C11667E944E4), Current User: (Device), Int: (0x0), Enrollment Type: (0x20), Scope: (0x0)."
"11-08-2026 10:40:50","813","Information","Microsoft-Windows-DeviceManagement-Enterprise-Diagnostics-Provider","MDM PolicyManager: Set policy int, Policy: (AllowRebootlessUpdates), Area: (Update), EnrollmentID requesting merge: (B04F44A4-B696-4B56-934A-C11667E944E4), Current User: (Device), Int: (0x1), Enrollment Type: (0x20), Scope: (0x0)."
"11-08-2026 10:40:50","813","Information","Microsoft-Windows-DeviceManagement-Enterprise-Diagnostics-Provider","MDM PolicyManager: Set policy int, Policy: (FeatureUpdateEnrolled), Area: (Update), EnrollmentID requesting merge: (B04F44A4-B696-4B56-934A-C11667E944E4), Current User: (Device), Int: (0x1), Enrollment Type: (0x20), Scope: (0x0)."
"11-08-2026 10:40:50","813","Information","Microsoft-Windows-DeviceManagement-Enterprise-Diagnostics-Provider","MDM PolicyManager: Set policy int, Policy: (QualityUpdateEnrolled), Area: (Update), EnrollmentID requesting merge: (B04F44A4-B696-4B56-934A-C11667E944E4), Current User: (Device), Int: (0x0), Enrollment Type: (0x20), Scope: (0x0)."
"11-08-2026 06:05:15","404","Error","Microsoft-Windows-DeviceManagement-Enterprise-Diagnostics-Provider","MDM ConfigurationManager: Command failure status. Configuration Source ID: (386F60E8-6817-4304-B348-3E8545F3B70A), Enrollment Name: (MDMDeviceWithAAD), Provider Name: (Policy), Command Type: (Add: from Replace or Add), CSP URI: (./Device/Vendor/MSFT/Policy/ConfigOperations/ADMXInstall/Receiver/Properties/Policy/FakePolicy/Version), Result: (The system cannot find the file specified.)."
"10-08-2026 09:56:32","813","Information","Microsoft-Windows-DeviceManagement-Enterprise-Diagnostics-Provider","MDM PolicyManager: Set policy int, Policy: (QuickMachineRecoveryEnrolled), Area: (Update), EnrollmentID requesting merge: (B04F44A4-B696-4B56-934A-C11667E944E4), Current User: (Device), Int: (0x0), Enrollment Type: (0x20), Scope: (0x0)."
"10-08-2026 09:56:32","813","Information","Microsoft-Windows-DeviceManagement-Enterprise-Diagnostics-Provider","MDM PolicyManager: Set policy int, Policy: (DriverUpdateEnrolled), Area: (Update), EnrollmentID requesting merge: (B04F44A4-B696-4B56-934A-C11667E944E4), Current User: (Device), Int: (0x0), Enrollment Type: (0x20), Scope: (0x0)."
"10-08-2026 09:56:32","813","Information","Microsoft-Windows-DeviceManagement-Enterprise-Diagnostics-Provider","MDM PolicyManager: Set policy int, Policy: (AllowRebootlessUpdates), Area: (Update), EnrollmentID requesting merge: (B04F44A4-B696-4B56-934A-C11667E944E4), Current User: (Device), Int: (0x1), Enrollment Type: (0x20), Scope: (0x0)."
"10-08-2026 09:56:32","813","Information","Microsoft-Windows-DeviceManagement-Enterprise-Diagnostics-Provider","MDM PolicyManager: Set policy int, Policy: (FeatureUpdateEnrolled), Area: (Update), EnrollmentID requesting merge: (B04F44A4-B696-4B56-934A-C11667E944E4), Current User: (Device), Int: (0x1), Enrollment Type: (0x20), Scope: (0x0)."
"10-08-2026 09:56:32","813","Information","Microsoft-Windows-DeviceManagement-Enterprise-Diagnostics-Provider","MDM PolicyManager: Set policy int, Policy: (QualityUpdateEnrolled), Area: (Update), EnrollmentID requesting merge: (B04F44A4-B696-4B56-934A-C11667E944E4), Current User: (Device), Int: (0x0), Enrollment Type: (0x20), Scope: (0x0)."
"10-08-2026 09:45:53","404","Error","Microsoft-Windows-DeviceManagement-Enterprise-Diagnostics-Provider","MDM ConfigurationManager: Command failure status. Configuration Source ID: (386F60E8-6817-4304-B348-3E8545F3B70A), Enrollment Name: (MDMDeviceWithAAD), Provider Name: (Policy), Command Type: (Add: from Replace or Add), CSP URI: (./Device/Vendor/MSFT/Policy/ConfigOperations/ADMXInstall/Receiver/Properties/Policy/FakePolicy/Version), Result: (The system cannot find the file specified.)."
"10-08-2026 09:43:36","404","Error","Microsoft-Windows-DeviceManagement-Enterprise-Diagnostics-Provider","MDM ConfigurationManager: Command failure status. Configuration Source ID: (386F60E8-6817-4304-B348-3E8545F3B70A), Enrollment Name: (MDMDeviceWithAAD), Provider Name: (Policy), Command Type: (Add: from Replace or Add), CSP URI: (./Device/Vendor/MSFT/Policy/ConfigOperations/ADMXInstall/Receiver/Properties/Policy/FakePolicy/Version), Result: (The system cannot find the file specified.)."
"10-08-2026 09:41:17","4108","Error","Microsoft-Windows-DeviceManagement-Enterprise-Diagnostics-Provider","MDM Declared Configuration resource cleanup task failed."
"10-08-2026 09:41:15","404","Error","Microsoft-Windows-DeviceManagement-Enterprise-Diagnostics-Provider","MDM ConfigurationManager: Command failure status. Configuration Source ID: (386F60E8-6817-4304-B348-3E8545F3B70A), Enrollment Name: (MDMDeviceWithAAD), Provider Name: (Policy), Command Type: (Add: from Replace or Add), CSP URI: (./Device/Vendor/MSFT/Policy/ConfigOperations/ADMXInstall/Receiver/Properties/Policy/FakePolicy/Version), Result: (The system cannot find the file specified.)."
"10-08-2026 09:40:46","2012","Information","Microsoft-Windows-DeviceManagement-Enterprise-Diagnostics-Provider","Wsc Startup Alert WNF event process status (The operation completed successfully.)"
"10-08-2026 09:37:16","2750","Warning","Microsoft-Windows-DeviceManagement-Enterprise-Diagnostics-Provider","DeviceStatus CSP: WscGetSecurityProviderHealth(WSC_SECURITY_PROVIDER_FIREWALL) returned status 0x2 and HRESULT Incorrect function."
"10-08-2026 09:37:13","2750","Warning","Microsoft-Windows-DeviceManagement-Enterprise-Diagnostics-Provider","DeviceStatus CSP: WscGetSecurityProviderHealth(WSC_SECURITY_PROVIDER_FIREWALL) returned status 0x2 and HRESULT Incorrect function."
"10-08-2026 09:37:10","404","Error","Microsoft-Windows-DeviceManagement-Enterprise-Diagnostics-Provider","MDM ConfigurationManager: Command failure status. Configuration Source ID: (386F60E8-6817-4304-B348-3E8545F3B70A), Enrollment Name: (MDMDeviceWithAAD), Provider Name: (Policy), Command Type: (Add: from Replace or Add), CSP URI: (./Device/Vendor/MSFT/Policy/ConfigOperations/ADMXInstall/Receiver/Properties/Policy/FakePolicy/Version), Result: (The system cannot find the file specified.)."
"10-08-2026 09:36:48","2750","Warning","Microsoft-Windows-DeviceManagement-Enterprise-Diagnostics-Provider","DeviceStatus CSP: WscGetSecurityProviderHealth(WSC_SECURITY_PROVIDER_FIREWALL) returned status 0x2 and HRESULT Incorrect function."
"10-08-2026 09:36:45","2750","Warning","Microsoft-Windows-DeviceManagement-Enterprise-Diagnostics-Provider","DeviceStatus CSP: WscGetSecurityProviderHealth(WSC_SECURITY_PROVIDER_FIREWALL) returned status 0x2 and HRESULT Incorrect function."
"10-08-2026 09:36:31","2750","Warning","Microsoft-Windows-DeviceManagement-Enterprise-Diagnostics-Provider","DeviceStatus CSP: WscGetSecurityProviderHealth(WSC_SECURITY_PROVIDER_FIREWALL) returned status 0x2 and HRESULT Incorrect function."
"07-08-2026 10:24:14","813","Information","Microsoft-Windows-DeviceManagement-Enterprise-Diagnostics-Provider","MDM PolicyManager: Set policy int, Policy: (QuickMachineRecoveryEnrolled), Area: (Update), EnrollmentID requesting merge: (B04F44A4-B696-4B56-934A-C11667E944E4), Current User: (Device), Int: (0x0), Enrollment Type: (0x20), Scope: (0x0)."
"07-08-2026 10:24:14","813","Information","Microsoft-Windows-DeviceManagement-Enterprise-Diagnostics-Provider","MDM PolicyManager: Set policy int, Policy: (DriverUpdateEnrolled), Area: (Update), EnrollmentID requesting merge: (B04F44A4-B696-4B56-934A-C11667E944E4), Current User: (Device), Int: (0x0), Enrollment Type: (0x20), Scope: (0x0)."
"07-08-2026 10:24:14","813","Information","Microsoft-Windows-DeviceManagement-Enterprise-Diagnostics-Provider","MDM PolicyManager: Set policy int, Policy: (AllowRebootlessUpdates), Area: (Update), EnrollmentID requesting merge: (B04F44A4-B696-4B56-934A-C11667E944E4), Current User: (Device), Int: (0x1), Enrollment Type: (0x20), Scope: (0x0)."
"07-08-2026 10:24:14","813","Information","Microsoft-Windows-DeviceManagement-Enterprise-Diagnostics-Provider","MDM PolicyManager: Set policy int, Policy: (FeatureUpdateEnrolled), Area: (Update), EnrollmentID requesting merge: (B04F44A4-B696-4B56-934A-C11667E944E4), Current User: (Device), Int: (0x1), Enrollment Type: (0x20), Scope: (0x0)."
"07-08-2026 10:24:14","813","Information","Microsoft-Windows-DeviceManagement-Enterprise-Diagnostics-Provider","MDM PolicyManager: Set policy int, Policy: (QualityUpdateEnrolled), Area: (Update), EnrollmentID requesting merge: (B04F44A4-B696-4B56-934A-C11667E944E4), Current User: (Device), Int: (0x0), Enrollment Type: (0x20), Scope: (0x0)."
"07-08-2026 09:20:37","404","Error","Microsoft-Windows-DeviceManagement-Enterprise-Diagnostics-Provider","MDM ConfigurationManager: Command failure status. Configuration Source ID: (386F60E8-6817-4304-B348-3E8545F3B70A), Enrollment Name: (MDMDeviceWithAAD), Provider Name: (Policy), Command Type: (Add: from Replace or Add), CSP URI: (./Device/Vendor/MSFT/Policy/ConfigOperations/ADMXInstall/Receiver/Properties/Policy/FakePolicy/Version), Result: (The system cannot find the file specified.)."
"07-08-2026 09:19:18","404","Error","Microsoft-Windows-DeviceManagement-Enterprise-Diagnostics-Provider","MDM ConfigurationManager: Command failure status. Configuration Source ID: (386F60E8-6817-4304-B348-3E8545F3B70A), Enrollment Name: (MDMDeviceWithAAD), Provider Name: (Policy), Command Type: (Add: from Replace or Add), CSP URI: (./Device/Vendor/MSFT/Policy/ConfigOperations/ADMXInstall/Receiver/Properties/Policy/FakePolicy/Version), Result: (The system cannot find the file specified.)."
"06-08-2026 13:12:01","404","Error","Microsoft-Windows-DeviceManagement-Enterprise-Diagnostics-Provider","MDM ConfigurationManager: Command failure status. Configuration Source ID: (386F60E8-6817-4304-B348-3E8545F3B70A), Enrollment Name: (MDMDeviceWithAAD), Provider Name: (Policy), Command Type: (Add: from Replace or Add), CSP URI: (./Device/Vendor/MSFT/Policy/ConfigOperations/ADMXInstall/Receiver/Properties/Policy/FakePolicy/Version), Result: (The system cannot find the file specified.)."
"06-08-2026 09:54:19","813","Information","Microsoft-Windows-DeviceManagement-Enterprise-Diagnostics-Provider","MDM PolicyManager: Set policy int, Policy: (QuickMachineRecoveryEnrolled), Area: (Update), EnrollmentID requesting merge: (B04F44A4-B696-4B56-934A-C11667E944E4), Current User: (Device), Int: (0x0), Enrollment Type: (0x20), Scope: (0x0)."
"06-08-2026 09:54:19","813","Information","Microsoft-Windows-DeviceManagement-Enterprise-Diagnostics-Provider","MDM PolicyManager: Set policy int, Policy: (DriverUpdateEnrolled), Area: (Update), EnrollmentID requesting merge: (B04F44A4-B696-4B56-934A-C11667E944E4), Current User: (Device), Int: (0x0), Enrollment Type: (0x20), Scope: (0x0)."
"06-08-2026 09:54:19","813","Information","Microsoft-Windows-DeviceManagement-Enterprise-Diagnostics-Provider","MDM PolicyManager: Set policy int, Policy: (AllowRebootlessUpdates), Area: (Update), EnrollmentID requesting merge: (B04F44A4-B696-4B56-934A-C11667E944E4), Current User: (Device), Int: (0x1), Enrollment Type: (0x20), Scope: (0x0)."
"06-08-2026 09:54:19","813","Information","Microsoft-Windows-DeviceManagement-Enterprise-Diagnostics-Provider","MDM PolicyManager: Set policy int, Policy: (FeatureUpdateEnrolled), Area: (Update), EnrollmentID requesting merge: (B04F44A4-B696-4B56-934A-C11667E944E4), Current User: (Device), Int: (0x1), Enrollment Type: (0x20), Scope: (0x0)."
"06-08-2026 09:54:19","813","Information","Microsoft-Windows-DeviceManagement-Enterprise-Diagnostics-Provider","MDM PolicyManager: Set policy int, Policy: (QualityUpdateEnrolled), Area: (Update), EnrollmentID requesting merge: (B04F44A4-B696-4B56-934A-C11667E944E4), Current User: (Device), Int: (0x0), Enrollment Type: (0x20), Scope: (0x0)."
"06-08-2026 08:58:33","404","Error","Microsoft-Windows-DeviceManagement-Enterprise-Diagnostics-Provider","MDM ConfigurationManager: Command failure status. Configuration Source ID: (386F60E8-6817-4304-B348-3E8545F3B70A), Enrollment Name: (MDMDeviceWithAAD), Provider Name: (Policy), Command Type: (Add: from Replace or Add), CSP URI: (./Device/Vendor/MSFT/Policy/ConfigOperations/ADMXInstall/Receiver/Properties/Policy/FakePolicy/Version), Result: (The system cannot find the file specified.)."
"06-08-2026 08:58:05","1912","Information","Microsoft-Windows-DeviceManagement-Enterprise-Diagnostics-Provider","EnterpriseDesktopAppManagement CSP: The MDMAppInstaller process is terminating with no errors."
"06-08-2026 08:58:05","1928","Warning","Microsoft-Windows-DeviceManagement-Enterprise-Diagnostics-Provider","EnterpriseDesktopAppManagement CSP: An application status alert failed to be sent to the device management service. LocURI: (./Device/Vendor/MSFT/EnterpriseDesktopAppManagement/MSI/{6a7dfc50-0395-4e1e-bf84-ed1404e72051}/DownloadInstall), Alert Data: (0x0), Result: (Unknown Win32 Error code: 0x82ac0204)."
"06-08-2026 08:58:03","1903","Error","Microsoft-Windows-DeviceManagement-Enterprise-Diagnostics-Provider","EnterpriseDesktopAppManagement CSP: An app which was previously installed is no longer installed on this device.  MSI ProductCode: {58976ff3-87ca-4691-bdfc-671f37f07cb6}, User SID: (S-0-0-00-0000000000-0000000000-000000000-000)."
"06-08-2026 08:58:00","1922","Information","Microsoft-Windows-DeviceManagement-Enterprise-Diagnostics-Provider","EnterpriseDesktopAppManagement CSP: An application install has succeeded. MSI ProductCode: {6a7dfc50-0395-4e1e-bf84-ed1404e72051}, User SID: (S-0-0-00-0000000000-0000000000-000000000-000), Result: (The operation completed successfully.)."
"06-08-2026 08:57:36","1920","Information","Microsoft-Windows-DeviceManagement-Enterprise-Diagnostics-Provider","EnterpriseDesktopAppManagement CSP: An application install has started. MSI ProductCode: {6a7dfc50-0395-4e1e-bf84-ed1404e72051}, User SID: (S-0-0-00-0000000000-0000000000-000000000-000)."
"06-08-2026 08:57:33","1906","Information","Microsoft-Windows-DeviceManagement-Enterprise-Diagnostics-Provider","EnterpriseDesktopAppManagement CSP: Application content download completed. MSI ProductCode: {6a7dfc50-0395-4e1e-bf84-ed1404e72051}, User SID: (S-0-0-00-0000000000-0000000000-000000000-000), BITS job: (186509f6-9100-4502-ae84-3b55538c4d97)."
"06-08-2026 08:57:25","1905","Information","Microsoft-Windows-DeviceManagement-Enterprise-Diagnostics-Provider","EnterpriseDesktopAppManagement CSP: Application content download started. MSI ProductCode: {6a7dfc50-0395-4e1e-bf84-ed1404e72051}, User SID: (S-0-0-00-0000000000-0000000000-000000000-000), BITS job: (186509f6-9100-4502-ae84-3b55538c4d97)."
"06-08-2026 08:57:25","1904","Information","Microsoft-Windows-DeviceManagement-Enterprise-Diagnostics-Provider","EnterpriseDesktopAppManagement CSP: MDMAppInstaller task has started."
"06-08-2026 08:57:25","1901","Information","Microsoft-Windows-DeviceManagement-Enterprise-Diagnostics-Provider","EnterpriseDesktopAppManagement CSP: A node instance of was created successfully.  MSI ProductCode: {6a7dfc50-0395-4e1e-bf84-ed1404e72051}, MSI UpgradeCode: null, User SID: (S-0-0-00-0000000000-0000000000-000000000-000)."
"06-08-2026 08:57:22","404","Error","Microsoft-Windows-DeviceManagement-Enterprise-Diagnostics-Provider","MDM ConfigurationManager: Command failure status. Configuration Source ID: (386F60E8-6817-4304-B348-3E8545F3B70A), Enrollment Name: (MDMDeviceWithAAD), Provider Name: (Policy), Command Type: (Add: from Replace or Add), CSP URI: (./Device/Vendor/MSFT/Policy/ConfigOperations/ADMXInstall/Receiver/Properties/Policy/FakePolicy/Version), Result: (The system cannot find the file specified.)."
"05-08-2026 13:11:57","404","Error","Microsoft-Windows-DeviceManagement-Enterprise-Diagnostics-Provider","MDM ConfigurationManager: Command failure status. Configuration Source ID: (386F60E8-6817-4304-B348-3E8545F3B70A), Enrollment Name: (MDMDeviceWithAAD), Provider Name: (Policy), Command Type: (Add: from Replace or Add), CSP URI: (./Device/Vendor/MSFT/Policy/ConfigOperations/ADMXInstall/Receiver/Properties/Policy/FakePolicy/Version), Result: (The system cannot find the file specified.)."
"05-08-2026 09:53:53","813","Information","Microsoft-Windows-DeviceManagement-Enterprise-Diagnostics-Provider","MDM PolicyManager: Set policy int, Policy: (QuickMachineRecoveryEnrolled), Area: (Update), EnrollmentID requesting merge: (B04F44A4-B696-4B56-934A-C11667E944E4), Current User: (Device), Int: (0x0), Enrollment Type: (0x20), Scope: (0x0)."
"05-08-2026 09:53:53","813","Information","Microsoft-Windows-DeviceManagement-Enterprise-Diagnostics-Provider","MDM PolicyManager: Set policy int, Policy: (DriverUpdateEnrolled), Area: (Update), EnrollmentID requesting merge: (B04F44A4-B696-4B56-934A-C11667E944E4), Current User: (Device), Int: (0x0), Enrollment Type: (0x20), Scope: (0x0)."
"05-08-2026 09:53:53","813","Information","Microsoft-Windows-DeviceManagement-Enterprise-Diagnostics-Provider","MDM PolicyManager: Set policy int, Policy: (AllowRebootlessUpdates), Area: (Update), EnrollmentID requesting merge: (B04F44A4-B696-4B56-934A-C11667E944E4), Current User: (Device), Int: (0x1), Enrollment Type: (0x20), Scope: (0x0)."
"05-08-2026 09:53:53","813","Information","Microsoft-Windows-DeviceManagement-Enterprise-Diagnostics-Provider","MDM PolicyManager: Set policy int, Policy: (FeatureUpdateEnrolled), Area: (Update), EnrollmentID requesting merge: (B04F44A4-B696-4B56-934A-C11667E944E4), Current User: (Device), Int: (0x1), Enrollment Type: (0x20), Scope: (0x0)."
"05-08-2026 09:53:53","813","Information","Microsoft-Windows-DeviceManagement-Enterprise-Diagnostics-Provider","MDM PolicyManager: Set policy int, Policy: (QualityUpdateEnrolled), Area: (Update), EnrollmentID requesting merge: (B04F44A4-B696-4B56-934A-C11667E944E4), Current User: (Device), Int: (0x0), Enrollment Type: (0x20), Scope: (0x0)."
"05-08-2026 09:42:19","404","Error","Microsoft-Windows-DeviceManagement-Enterprise-Diagnostics-Provider","MDM ConfigurationManager: Command failure status. Configuration Source ID: (386F60E8-6817-4304-B348-3E8545F3B70A), Enrollment Name: (MDMDeviceWithAAD), Provider Name: (Policy), Command Type: (Add: from Replace or Add), CSP URI: (./Device/Vendor/MSFT/Policy/ConfigOperations/ADMXInstall/Receiver/Properties/Policy/FakePolicy/Version), Result: (The system cannot find the file specified.)."
"05-08-2026 09:40:46","404","Error","Microsoft-Windows-DeviceManagement-Enterprise-Diagnostics-Provider","MDM ConfigurationManager: Command failure status. Configuration Source ID: (386F60E8-6817-4304-B348-3E8545F3B70A), Enrollment Name: (MDMDeviceWithAAD), Provider Name: (Policy), Command Type: (Add: from Replace or Add), CSP URI: (./Device/Vendor/MSFT/Policy/ConfigOperations/ADMXInstall/Receiver/Properties/Policy/FakePolicy/Version), Result: (The system cannot find the file specified.)."
