"31-05-2026 17:07:57","142","Information","Microsoft-Windows-Ntfs","Summary of disk space usage, since last event:

           Available space was between 133.56 GB and 133.56 GB
           Change in available space: 24 KB
           
           Available clusters were between: 35010535 and 35010541
           Reserved clusters were between: 1316955 and 1316955
           Txf abort reserved clusters were between: 1024 and 1024
           
           Elapsed seconds: 4352
           
           Pagefile size: 16.47 GB
           Volume size: 235.88 GB
           Bytes per cluster: 4096
           
           Volume guid: {c5c572ba-c5d0-47f6-864e-13eb05e6d46c}
           Volume name: C:
           Is boot volume: true
           
           Cached runs miss counts:
               For MFT: 0
               For MFT zone: 0
               Everything else: 0
"
"31-05-2026 15:55:25","142","Information","Microsoft-Windows-Ntfs","Summary of disk space usage, since last event:

           Available space was between 133.56 GB and 133.56 GB
           Change in available space: 468 KB
           
           Available clusters were between: 35010509 and 35010626
           Reserved clusters were between: 1316955 and 1316955
           Txf abort reserved clusters were between: 1024 and 1024
           
           Elapsed seconds: 3995
           
           Pagefile size: 16.47 GB
           Volume size: 235.88 GB
           Bytes per cluster: 4096
           
           Volume guid: {c5c572ba-c5d0-47f6-864e-13eb05e6d46c}
           Volume name: C:
           Is boot volume: true
           
           Cached runs miss counts:
               For MFT: 0
               For MFT zone: 0
               Everything else: 0
"
"31-05-2026 14:48:50","142","Information","Microsoft-Windows-Ntfs","Summary of disk space usage, since last event:

           Available space was between 133.56 GB and 133.58 GB
           Change in available space: 26.07 MB
           
           Available clusters were between: 35010505 and 35017178
           Reserved clusters were between: 1316907 and 1317163
           Txf abort reserved clusters were between: 1024 and 1024
           
           Elapsed seconds: 5800
           
           Pagefile size: 16.47 GB
           Volume size: 235.88 GB
           Bytes per cluster: 4096
           
           Volume guid: {c5c572ba-c5d0-47f6-864e-13eb05e6d46c}
           Volume name: C:
           Is boot volume: true
           
           Cached runs miss counts:
               For MFT: 0
               For MFT zone: 0
               Everything else: 0
"
"31-05-2026 13:12:09","142","Information","Microsoft-Windows-Ntfs","Summary of disk space usage, since last event:

           Available space was between 133.55 GB and 133.98 GB
           Change in available space: 442.61 MB
           
           Available clusters were between: 35007353 and 35120659
           Reserved clusters were between: 1316683 and 1325099
           Txf abort reserved clusters were between: 1024 and 1024
           
           Elapsed seconds: 3600
           
           Pagefile size: 16.47 GB
           Volume size: 235.88 GB
           Bytes per cluster: 4096
           
           Volume guid: {c5c572ba-c5d0-47f6-864e-13eb05e6d46c}
           Volume name: C:
           Is boot volume: true
           
           Cached runs miss counts:
               For MFT: 0
               For MFT zone: 0
               Everything else: 0
"
"31-05-2026 12:12:09","142","Information","Microsoft-Windows-Ntfs","Summary of disk space usage, since last event:

           Available space was between 131.70 GB and 141.57 GB
           Change in available space: 9.87 GB
           
           Available clusters were between: 34524127 and 37110623
           Reserved clusters were between: 1316475 and 1346827
           Txf abort reserved clusters were between: 1024 and 1024
           
           Elapsed seconds: 3600
           
           Pagefile size: 16.47 GB
           Volume size: 235.88 GB
           Bytes per cluster: 4096
           
           Volume guid: {c5c572ba-c5d0-47f6-864e-13eb05e6d46c}
           Volume name: C:
           Is boot volume: true
           
           Cached runs miss counts:
               For MFT: 0
               For MFT zone: 0
               Everything else: 1
"
"31-05-2026 11:12:08","142","Information","Microsoft-Windows-Ntfs","Summary of disk space usage, since last event:

           Available space was between 131.71 GB and 141.01 GB
           Change in available space: 9.30 GB
           
           Available clusters were between: 34526060 and 36962726
           Reserved clusters were between: 1316795 and 1316907
           Txf abort reserved clusters were between: 1024 and 1024
           
           Elapsed seconds: 108820
           
           Pagefile size: 11.45 GB
           Volume size: 235.88 GB
           Bytes per cluster: 4096
           
           Volume guid: {c5c572ba-c5d0-47f6-864e-13eb05e6d46c}
           Volume name: C:
           Is boot volume: true
           
           Cached runs miss counts:
               For MFT: 0
               For MFT zone: 0
               Everything else: 0
"
"29-05-2026 22:00:44","142","Information","Microsoft-Windows-Ntfs","Summary of disk space usage, since last event:

           Available space was between 141 GB and 141.01 GB
           Change in available space: 7.34 MB
           
           Available clusters were between: 36961539 and 36963417
           Reserved clusters were between: 1316731 and 1316987
           Txf abort reserved clusters were between: 1024 and 1024
           
           Elapsed seconds: 5829
           
           Pagefile size: 11.45 GB
           Volume size: 235.88 GB
           Bytes per cluster: 4096
           
           Volume guid: {c5c572ba-c5d0-47f6-864e-13eb05e6d46c}
           Volume name: C:
           Is boot volume: true
           
           Cached runs miss counts:
               For MFT: 0
               For MFT zone: 0
               Everything else: 0
"
"29-05-2026 20:23:34","142","Information","Microsoft-Windows-Ntfs","Summary of disk space usage, since last event:

           Available space was between 140.97 GB and 141.01 GB
           Change in available space: 41.24 MB
           
           Available clusters were between: 36953686 and 36964242
           Reserved clusters were between: 1316907 and 1325307
           Txf abort reserved clusters were between: 1024 and 1024
           
           Elapsed seconds: 4769
           
           Pagefile size: 11.45 GB
           Volume size: 235.88 GB
           Bytes per cluster: 4096
           
           Volume guid: {c5c572ba-c5d0-47f6-864e-13eb05e6d46c}
           Volume name: C:
           Is boot volume: true
           
           Cached runs miss counts:
               For MFT: 0
               For MFT zone: 0
               Everything else: 0
"
"29-05-2026 19:04:04","142","Information","Microsoft-Windows-Ntfs","Summary of disk space usage, since last event:

           Available space was between 140.67 GB and 141.08 GB
           Change in available space: 419.31 MB
           
           Available clusters were between: 36874127 and 36981470
           Reserved clusters were between: 1316859 and 1317035
           Txf abort reserved clusters were between: 1024 and 1024
           
           Elapsed seconds: 3602
           
           Pagefile size: 11.45 GB
           Volume size: 235.88 GB
           Bytes per cluster: 4096
           
           Volume guid: {c5c572ba-c5d0-47f6-864e-13eb05e6d46c}
           Volume name: C:
           Is boot volume: true
           
           Cached runs miss counts:
               For MFT: 0
               For MFT zone: 0
               Everything else: 0
"
"29-05-2026 18:04:02","142","Information","Microsoft-Windows-Ntfs","Summary of disk space usage, since last event:

           Available space was between 141.03 GB and 141.08 GB
           Change in available space: 52.57 MB
           
           Available clusters were between: 36968831 and 36982288
           Reserved clusters were between: 1316843 and 1325307
           Txf abort reserved clusters were between: 1024 and 1024
           
           Elapsed seconds: 3603
           
           Pagefile size: 11.45 GB
           Volume size: 235.88 GB
           Bytes per cluster: 4096
           
           Volume guid: {c5c572ba-c5d0-47f6-864e-13eb05e6d46c}
           Volume name: C:
           Is boot volume: true
           
           Cached runs miss counts:
               For MFT: 0
               For MFT zone: 0
               Everything else: 0
"
"29-05-2026 17:03:58","142","Information","Microsoft-Windows-Ntfs","Summary of disk space usage, since last event:

           Available space was between 139.59 GB and 141.11 GB
           Change in available space: 1.53 GB
           
           Available clusters were between: 36590196 and 36989649
           Reserved clusters were between: 1316715 and 1324987
           Txf abort reserved clusters were between: 1024 and 1024
           
           Elapsed seconds: 3604
           
           Pagefile size: 11.45 GB
           Volume size: 235.88 GB
           Bytes per cluster: 4096
           
           Volume guid: {c5c572ba-c5d0-47f6-864e-13eb05e6d46c}
           Volume name: C:
           Is boot volume: true
           
           Cached runs miss counts:
               For MFT: 0
               For MFT zone: 0
               Everything else: 0
"
"29-05-2026 16:03:53","142","Information","Microsoft-Windows-Ntfs","Summary of disk space usage, since last event:

           Available space was between 140.76 GB and 140.94 GB
           Change in available space: 186.35 MB
           
           Available clusters were between: 36898083 and 36945787
           Reserved clusters were between: 1316459 and 1316843
           Txf abort reserved clusters were between: 1024 and 1024
           
           Elapsed seconds: 3605
           
           Pagefile size: 11.45 GB
           Volume size: 235.88 GB
           Bytes per cluster: 4096
           
           Volume guid: {c5c572ba-c5d0-47f6-864e-13eb05e6d46c}
           Volume name: C:
           Is boot volume: true
           
           Cached runs miss counts:
               For MFT: 0
               For MFT zone: 0
               Everything else: 0
"
"29-05-2026 15:03:48","142","Information","Microsoft-Windows-Ntfs","Summary of disk space usage, since last event:

           Available space was between 140.82 GB and 141 GB
           Change in available space: 178.99 MB
           
           Available clusters were between: 36914009 and 36959828
           Reserved clusters were between: 1316315 and 1324699
           Txf abort reserved clusters were between: 1024 and 1024
           
           Elapsed seconds: 3600
           
           Pagefile size: 11.45 GB
           Volume size: 235.88 GB
           Bytes per cluster: 4096
           
           Volume guid: {c5c572ba-c5d0-47f6-864e-13eb05e6d46c}
           Volume name: C:
           Is boot volume: true
           
           Cached runs miss counts:
               For MFT: 0
               For MFT zone: 0
               Everything else: 0
"
"29-05-2026 14:03:48","142","Information","Microsoft-Windows-Ntfs","Summary of disk space usage, since last event:

           Available space was between 140.92 GB and 141 GB
           Change in available space: 85.36 MB
           
           Available clusters were between: 36940027 and 36961879
           Reserved clusters were between: 1316395 and 1324779
           Txf abort reserved clusters were between: 1024 and 1024
           
           Elapsed seconds: 3601
           
           Pagefile size: 11.45 GB
           Volume size: 235.88 GB
           Bytes per cluster: 4096
           
           Volume guid: {c5c572ba-c5d0-47f6-864e-13eb05e6d46c}
           Volume name: C:
           Is boot volume: true
           
           Cached runs miss counts:
               For MFT: 0
               For MFT zone: 0
               Everything else: 0
"
"29-05-2026 13:03:47","142","Information","Microsoft-Windows-Ntfs","Summary of disk space usage, since last event:

           Available space was between 140.73 GB and 141.17 GB
           Change in available space: 449.26 MB
           
           Available clusters were between: 36890117 and 37005127
           Reserved clusters were between: 1316395 and 1325627
           Txf abort reserved clusters were between: 1024 and 1024
           
           Elapsed seconds: 3604
           
           Pagefile size: 11.45 GB
           Volume size: 235.88 GB
           Bytes per cluster: 4096
           
           Volume guid: {c5c572ba-c5d0-47f6-864e-13eb05e6d46c}
           Volume name: C:
           Is boot volume: true
           
           Cached runs miss counts:
               For MFT: 0
               For MFT zone: 0
               Everything else: 0
"
"29-05-2026 12:03:42","142","Information","Microsoft-Windows-Ntfs","Summary of disk space usage, since last event:

           Available space was between 140.54 GB and 141.48 GB
           Change in available space: 962.39 MB
           
           Available clusters were between: 36839896 and 37086266
           Reserved clusters were between: 1316667 and 1325147
           Txf abort reserved clusters were between: 1024 and 1024
           
           Elapsed seconds: 3600
           
           Pagefile size: 11.45 GB
           Volume size: 235.88 GB
           Bytes per cluster: 4096
           
           Volume guid: {c5c572ba-c5d0-47f6-864e-13eb05e6d46c}
           Volume name: C:
           Is boot volume: true
           
           Cached runs miss counts:
               For MFT: 0
               For MFT zone: 0
               Everything else: 0
"
"29-05-2026 11:03:42","142","Information","Microsoft-Windows-Ntfs","Summary of disk space usage, since last event:

           Available space was between 133.29 GB and 142.89 GB
           Change in available space: 9.61 GB
           
           Available clusters were between: 34940052 and 37457027
           Reserved clusters were between: 1316539 and 1325131
           Txf abort reserved clusters were between: 1024 and 1024
           
           Elapsed seconds: 3601
           
           Pagefile size: 11.45 GB
           Volume size: 235.88 GB
           Bytes per cluster: 4096
           
           Volume guid: {c5c572ba-c5d0-47f6-864e-13eb05e6d46c}
           Volume name: C:
           Is boot volume: true
           
           Cached runs miss counts:
               For MFT: 0
               For MFT zone: 0
               Everything else: 0
"
"29-05-2026 10:03:40","142","Information","Microsoft-Windows-Ntfs","Summary of disk space usage, since last event:

           Available space was between 133.29 GB and 142.57 GB
           Change in available space: 9.28 GB
           
           Available clusters were between: 34941094 and 37373394
           Reserved clusters were between: 1316779 and 1316859
           Txf abort reserved clusters were between: 1024 and 1024
           
           Elapsed seconds: 21692
           
           Pagefile size: 11.45 GB
           Volume size: 235.88 GB
           Bytes per cluster: 4096
           
           Volume guid: {c5c572ba-c5d0-47f6-864e-13eb05e6d46c}
           Volume name: C:
           Is boot volume: true
           
           Cached runs miss counts:
               For MFT: 0
               For MFT zone: 0
               Everything else: 0
"
"28-05-2026 23:03:37","142","Information","Microsoft-Windows-Ntfs","Summary of disk space usage, since last event:

           Available space was between 142.54 GB and 142.54 GB
           Change in available space: 1024 KB
           
           Available clusters were between: 37363647 and 37363903
           Reserved clusters were between: 1316779 and 1316779
           Txf abort reserved clusters were between: 1024 and 1024
           
           Elapsed seconds: 4766
           
           Pagefile size: 11.45 GB
           Volume size: 235.88 GB
           Bytes per cluster: 4096
           
           Volume guid: {c5c572ba-c5d0-47f6-864e-13eb05e6d46c}
           Volume name: C:
           Is boot volume: true
           
           Cached runs miss counts:
               For MFT: 0
               For MFT zone: 0
               Everything else: 0
"
"28-05-2026 21:44:11","142","Information","Microsoft-Windows-Ntfs","Summary of disk space usage, since last event:

           Available space was between 142.54 GB and 142.54 GB
           Change in available space: 5.08 MB
           
           Available clusters were between: 37363903 and 37365202
           Reserved clusters were between: 1316731 and 1316779
           Txf abort reserved clusters were between: 1024 and 1024
           
           Elapsed seconds: 4587
           
           Pagefile size: 11.45 GB
           Volume size: 235.88 GB
           Bytes per cluster: 4096
           
           Volume guid: {c5c572ba-c5d0-47f6-864e-13eb05e6d46c}
           Volume name: C:
           Is boot volume: true
           
           Cached runs miss counts:
               For MFT: 0
               For MFT zone: 0
               Everything else: 0
"
"28-05-2026 20:27:44","142","Information","Microsoft-Windows-Ntfs","Summary of disk space usage, since last event:

           Available space was between 142.54 GB and 142.59 GB
           Change in available space: 47.10 MB
           
           Available clusters were between: 37364809 and 37376866
           Reserved clusters were between: 1316587 and 1325035
           Txf abort reserved clusters were between: 1024 and 1024
           
           Elapsed seconds: 4069
           
           Pagefile size: 11.45 GB
           Volume size: 235.88 GB
           Bytes per cluster: 4096
           
           Volume guid: {c5c572ba-c5d0-47f6-864e-13eb05e6d46c}
           Volume name: C:
           Is boot volume: true
           
           Cached runs miss counts:
               For MFT: 0
               For MFT zone: 0
               Everything else: 0
"
"28-05-2026 19:19:55","142","Information","Microsoft-Windows-Ntfs","Summary of disk space usage, since last event:

           Available space was between 142.29 GB and 142.70 GB
           Change in available space: 426.18 MB
           
           Available clusters were between: 37298450 and 37407552
           Reserved clusters were between: 1316635 and 1325019
           Txf abort reserved clusters were between: 1024 and 1024
           
           Elapsed seconds: 3603
           
           Pagefile size: 11.45 GB
           Volume size: 235.88 GB
           Bytes per cluster: 4096
           
           Volume guid: {c5c572ba-c5d0-47f6-864e-13eb05e6d46c}
           Volume name: C:
           Is boot volume: true
           
           Cached runs miss counts:
               For MFT: 0
               For MFT zone: 0
               Everything else: 0
"
"28-05-2026 18:19:51","142","Information","Microsoft-Windows-Ntfs","Summary of disk space usage, since last event:

           Available space was between 142.65 GB and 142.71 GB
           Change in available space: 59.24 MB
           
           Available clusters were between: 37394608 and 37409771
           Reserved clusters were between: 1316715 and 1317019
           Txf abort reserved clusters were between: 1024 and 1024
           
           Elapsed seconds: 3600
           
           Pagefile size: 11.45 GB
           Volume size: 235.88 GB
           Bytes per cluster: 4096
           
           Volume guid: {c5c572ba-c5d0-47f6-864e-13eb05e6d46c}
           Volume name: C:
           Is boot volume: true
           
           Cached runs miss counts:
               For MFT: 0
               For MFT zone: 0
               Everything else: 0
"
"28-05-2026 17:19:51","142","Information","Microsoft-Windows-Ntfs","Summary of disk space usage, since last event:

           Available space was between 142.69 GB and 142.95 GB
           Change in available space: 265.50 MB
           
           Available clusters were between: 37404579 and 37472546
           Reserved clusters were between: 1316731 and 1325147
           Txf abort reserved clusters were between: 1024 and 1024
           
           Elapsed seconds: 3601
           
           Pagefile size: 11.45 GB
           Volume size: 235.88 GB
           Bytes per cluster: 4096
           
           Volume guid: {c5c572ba-c5d0-47f6-864e-13eb05e6d46c}
           Volume name: C:
           Is boot volume: true
           
           Cached runs miss counts:
               For MFT: 0
               For MFT zone: 0
               Everything else: 0
"
"28-05-2026 16:19:49","142","Information","Microsoft-Windows-Ntfs","Summary of disk space usage, since last event:

           Available space was between 142.92 GB and 143.06 GB
           Change in available space: 142.45 MB
           
           Available clusters were between: 37463824 and 37500289
           Reserved clusters were between: 1316667 and 1325003
           Txf abort reserved clusters were between: 1024 and 1024
           
           Elapsed seconds: 3604
           
           Pagefile size: 11.45 GB
           Volume size: 235.88 GB
           Bytes per cluster: 4096
           
           Volume guid: {c5c572ba-c5d0-47f6-864e-13eb05e6d46c}
           Volume name: C:
           Is boot volume: true
           
           Cached runs miss counts:
               For MFT: 0
               For MFT zone: 0
               Everything else: 0
"
"28-05-2026 15:19:45","142","Information","Microsoft-Windows-Ntfs","Summary of disk space usage, since last event:

           Available space was between 143.03 GB and 143.10 GB
           Change in available space: 67.80 MB
           
           Available clusters were between: 37494416 and 37511771
           Reserved clusters were between: 1316443 and 1324843
           Txf abort reserved clusters were between: 1024 and 1024
           
           Elapsed seconds: 3604
           
           Pagefile size: 11.45 GB
           Volume size: 235.88 GB
           Bytes per cluster: 4096
           
           Volume guid: {c5c572ba-c5d0-47f6-864e-13eb05e6d46c}
           Volume name: C:
           Is boot volume: true
           
           Cached runs miss counts:
               For MFT: 0
               For MFT zone: 0
               Everything else: 0
"
"28-05-2026 14:19:40","142","Information","Microsoft-Windows-Ntfs","Summary of disk space usage, since last event:

           Available space was between 143.04 GB and 146.31 GB
           Change in available space: 3.27 GB
           
           Available clusters were between: 37496018 and 38352008
           Reserved clusters were between: 1316107 and 1324747
           Txf abort reserved clusters were between: 1024 and 1024
           
           Elapsed seconds: 3603
           
           Pagefile size: 11.45 GB
           Volume size: 235.88 GB
           Bytes per cluster: 4096
           
           Volume guid: {c5c572ba-c5d0-47f6-864e-13eb05e6d46c}
           Volume name: C:
           Is boot volume: true
           
           Cached runs miss counts:
               For MFT: 0
               For MFT zone: 0
               Everything else: 1
"
"28-05-2026 13:19:37","142","Information","Microsoft-Windows-Ntfs","Summary of disk space usage, since last event:

           Available space was between 146.24 GB and 146.66 GB
           Change in available space: 428.04 MB
           
           Available clusters were between: 38335375 and 38444953
           Reserved clusters were between: 1316459 and 1325099
           Txf abort reserved clusters were between: 1024 and 1024
           
           Elapsed seconds: 3601
           
           Pagefile size: 8.43 GB
           Volume size: 235.88 GB
           Bytes per cluster: 4096
           
           Volume guid: {c5c572ba-c5d0-47f6-864e-13eb05e6d46c}
           Volume name: C:
           Is boot volume: true
           
           Cached runs miss counts:
               For MFT: 0
               For MFT zone: 0
               Everything else: 0
"
"28-05-2026 12:19:35","142","Information","Microsoft-Windows-Ntfs","Summary of disk space usage, since last event:

           Available space was between 146.62 GB and 150.78 GB
           Change in available space: 4.17 GB
           
           Available clusters were between: 38433004 and 39525365
           Reserved clusters were between: 1316379 and 1324763
           Txf abort reserved clusters were between: 1024 and 1024
           
           Elapsed seconds: 3601
           
           Pagefile size: 8.43 GB
           Volume size: 235.88 GB
           Bytes per cluster: 4096
           
           Volume guid: {c5c572ba-c5d0-47f6-864e-13eb05e6d46c}
           Volume name: C:
           Is boot volume: true
           
           Cached runs miss counts:
               For MFT: 0
               For MFT zone: 0
               Everything else: 4
"
"28-05-2026 11:19:34","142","Information","Microsoft-Windows-Ntfs","Summary of disk space usage, since last event:

           Available space was between 150.10 GB and 165.20 GB
           Change in available space: 15.10 GB
           
           Available clusters were between: 39347630 and 43305637
           Reserved clusters were between: 1314811 and 1326843
           Txf abort reserved clusters were between: 1024 and 1025
           
           Elapsed seconds: 3603
           
           Pagefile size: 4.41 GB
           Volume size: 235.88 GB
           Bytes per cluster: 4096
           
           Volume guid: {c5c572ba-c5d0-47f6-864e-13eb05e6d46c}
           Volume name: C:
           Is boot volume: true
           
           Cached runs miss counts:
               For MFT: 0
               For MFT zone: 0
               Everything else: 0
"
"28-05-2026 10:22:55","501","Information","Microsoft-Windows-Ntfs","A process has deleted a USN journal on a volume.

           Process: SearchIndexer.
           Volume Id: {c5c572ba-c5d0-47f6-864e-13eb05e6d46c}
           Volume Name: C:
           Journal Id: 0x1DC11A038CEB841
           Current USN: 0x0
"
"28-05-2026 10:21:57","501","Information","Microsoft-Windows-Ntfs","A process has deleted a USN journal on a volume.

           Process: SearchIndexer.
           Volume Id: {c5c572ba-c5d0-47f6-864e-13eb05e6d46c}
           Volume Name: C:
           Journal Id: 0x1DC11A038CEB841
           Current USN: 0x0
"
"28-05-2026 10:19:52","501","Information","Microsoft-Windows-Ntfs","A process has deleted a USN journal on a volume.

           Process: SearchIndexer.
           Volume Id: {c5c572ba-c5d0-47f6-864e-13eb05e6d46c}
           Volume Name: C:
           Journal Id: 0x1DC11A038CEB841
           Current USN: 0x0
"
"28-05-2026 10:19:30","10","Information","Microsoft-Windows-Ntfs","NTFS cached runs statistics.

           Volume correlation Id: {effcabed-bb48-44d2-a9ca-b0bdf73688b0}
           Volume name: \\?\Volume{effcabed-bb48-44d2-a9ca-b0bdf73688b0}
           Volume label: WINRETOOLS

           Device name: \Device\HarddiskVolume4
           Device GUID: {0d0616a1-3adc-3de7-d9a2-784fe4e2d52a}
           Device manufacturer: NVMe
           Device model: PM9C1b Samsung 256GB
           Device revision: 58330109
           Device serial number: 0025_38F6_5106_1623.
           Bus type: NVMe
           Native NVMe: false

           Adapter serial number: 

           Media type: Hard disk
           Runs cached: 4
           Longest run cached: 128.55 MB
           Most populated bin Count: 2
           Most populated bin's minimum length: 0 Bytes
           Most populated bin's maximum length: 4 KB
"
"28-05-2026 10:19:30","9","Information","Microsoft-Windows-Ntfs","NTFS scanned entire volume bitmap.

           Volume correlation Id: {effcabed-bb48-44d2-a9ca-b0bdf73688b0}
           Volume name: \\?\Volume{effcabed-bb48-44d2-a9ca-b0bdf73688b0}
           Volume label: WINRETOOLS

           Device name: \Device\HarddiskVolume4
           Device GUID: {0d0616a1-3adc-3de7-d9a2-784fe4e2d52a}
           Device manufacturer: NVMe
           Device model: PM9C1b Samsung 256GB
           Device revision: 58330109
           Device serial number: 0025_38F6_5106_1623.
           Bus type: NVMe
           Native NVMe: false

           Adapter serial number: 

           Duration (micro seconds): 37
           InputFlags: 0x10
           Reason: Proactive background scan to repopulate cached runs
           Flags: 0x10
"
"28-05-2026 10:19:30","10","Information","Microsoft-Windows-Ntfs","NTFS cached runs statistics.

           Volume correlation Id: {c5c572ba-c5d0-47f6-864e-13eb05e6d46c}
           Volume name: C:
           Volume label: OS

           Device name: \Device\HarddiskVolume3
           Device GUID: {0d0616a1-3adc-3de7-d9a2-784fe4e2d52a}
           Device manufacturer: NVMe
           Device model: PM9C1b Samsung 256GB
           Device revision: 58330109
           Device serial number: 0025_38F6_5106_1623.
           Bus type: NVMe
           Native NVMe: false

           Adapter serial number: 

           Media type: Hard disk
           Runs cached: 15843
           Longest run cached: 20.34 GB
           Most populated bin Count: 605
           Most populated bin's minimum length: 64 KB
           Most populated bin's maximum length: 64 KB
"
"28-05-2026 10:19:30","9","Information","Microsoft-Windows-Ntfs","NTFS scanned entire volume bitmap.

           Volume correlation Id: {c5c572ba-c5d0-47f6-864e-13eb05e6d46c}
           Volume name: C:
           Volume label: OS

           Device name: \Device\HarddiskVolume3
           Device GUID: {0d0616a1-3adc-3de7-d9a2-784fe4e2d52a}
           Device manufacturer: NVMe
           Device model: PM9C1b Samsung 256GB
           Device revision: 58330109
           Device serial number: 0025_38F6_5106_1623.
           Bus type: NVMe
           Native NVMe: false

           Adapter serial number: 

           Duration (micro seconds): 30448
           InputFlags: 0x10
           Reason: Proactive background scan to repopulate cached runs
           Flags: 0x10
"
"28-05-2026 10:19:30","142","Information","Microsoft-Windows-Ntfs","Summary of disk space usage, since last event:

           Available space was between 203.01 MB and 207.01 MB
           Change in available space: 4 MB
           
           Available clusters were between: 51969 and 52993
           Reserved clusters were between: 0 and 0
           Txf abort reserved clusters were between: 1024 and 1024
           
           Elapsed seconds: 0
           
           Pagefile size: 0 Bytes
           Volume size: 1.01 GB
           Bytes per cluster: 4096
           
           Volume guid: {effcabed-bb48-44d2-a9ca-b0bdf73688b0}
           Volume name: \\?\Volume{effcabed-bb48-44d2-a9ca-b0bdf73688b0}
           Is boot volume: false
           
           Cached runs miss counts:
               For MFT: 0
               For MFT zone: 0
               Everything else: 0
"
"28-05-2026 10:19:30","142","Information","Microsoft-Windows-Ntfs","Summary of disk space usage, since last event:

           Available space was between 149.76 GB and 154.80 GB
           Change in available space: 5.04 GB
           
           Available clusters were between: 39257784 and 40578754
           Reserved clusters were between: 1314811 and 1314811
           Txf abort reserved clusters were between: 1024 and 1024
           
           Elapsed seconds: 0
           
           Pagefile size: 0 Bytes
           Volume size: 235.88 GB
           Bytes per cluster: 4096
           
           Volume guid: {c5c572ba-c5d0-47f6-864e-13eb05e6d46c}
           Volume name: C:
           Is boot volume: true
           
           Cached runs miss counts:
               For MFT: 0
               For MFT zone: 0
               Everything else: 0
"
"28-05-2026 10:19:26","4","Information","Microsoft-Windows-Ntfs","The NTFS volume has been successfully mounted.

           Volume correlation Id: {effcabed-bb48-44d2-a9ca-b0bdf73688b0}
           Volume name: \\?\Volume{effcabed-bb48-44d2-a9ca-b0bdf73688b0}
           Volume label: WINRETOOLS

           Device name: \Device\HarddiskVolume4
           Device GUID: {0d0616a1-3adc-3de7-d9a2-784fe4e2d52a}
           Device manufacturer: NVMe
           Device model: PM9C1b Samsung 256GB
           Device revision: 58330109
           Device serial number: 0025_38F6_5106_1623.
           Bus type: NVMe
           Device number: 0
           Boot partition: false

           Native NVMe: false

           Adapter serial number: 
           
           Total mount duration: 7 ms
           Longest stage: 5. Duration 2 ms (26% of the total)
           Second longest stage: 4. Duration 2 ms (26% of the total)
           Volume restart applied: false
"
"28-05-2026 10:19:26","10","Information","Microsoft-Windows-Ntfs","NTFS cached runs statistics.

           Volume correlation Id: {effcabed-bb48-44d2-a9ca-b0bdf73688b0}
           Volume name: \\?\Volume{effcabed-bb48-44d2-a9ca-b0bdf73688b0}
           Volume label: WINRETOOLS

           Device name: \Device\HarddiskVolume4
           Device GUID: {0d0616a1-3adc-3de7-d9a2-784fe4e2d52a}
           Device manufacturer: NVMe
           Device model: PM9C1b Samsung 256GB
           Device revision: 58330109
           Device serial number: 0025_38F6_5106_1623.
           Bus type: NVMe
           Native NVMe: false

           Adapter serial number: 

           Media type: Hard disk
           Runs cached: 3
           Longest run cached: 78.46 MB
           Most populated bin Count: 2
           Most populated bin's minimum length: 0 Bytes
           Most populated bin's maximum length: 4 KB
"
"28-05-2026 10:19:26","9","Information","Microsoft-Windows-Ntfs","NTFS scanned entire volume bitmap.

           Volume correlation Id: {effcabed-bb48-44d2-a9ca-b0bdf73688b0}
           Volume name: \\?\Volume{effcabed-bb48-44d2-a9ca-b0bdf73688b0}
           Volume label: WINRETOOLS

           Device name: \Device\HarddiskVolume4
           Device GUID: {0d0616a1-3adc-3de7-d9a2-784fe4e2d52a}
           Device manufacturer: NVMe
           Device model: PM9C1b Samsung 256GB
           Device revision: 58330109
           Device serial number: 0025_38F6_5106_1623.
           Bus type: NVMe
           Native NVMe: false

           Adapter serial number: 

           Duration (micro seconds): 541
           InputFlags: 0xE
           Reason: Mount
           Flags: 0x10
"
"28-05-2026 10:19:24","10","Information","Microsoft-Windows-Ntfs","NTFS cached runs statistics.

           Volume correlation Id: {c5c572ba-c5d0-47f6-864e-13eb05e6d46c}
           Volume name: C:
           Volume label: OS

           Device name: \Device\HarddiskVolume3
           Device GUID: {0d0616a1-3adc-3de7-d9a2-784fe4e2d52a}
           Device manufacturer: NVMe
           Device model: PM9C1b Samsung 256GB
           Device revision: 58330109
           Device serial number: 0025_38F6_5106_1623.
           Bus type: NVMe
           Native NVMe: false

           Adapter serial number: 

           Media type: Hard disk
           Runs cached: 8778
           Longest run cached: 20.34 GB
           Most populated bin Count: 72
           Most populated bin's minimum length: 7.51 MB
           Most populated bin's maximum length: 7.75 MB
"
"28-05-2026 10:19:24","4","Information","Microsoft-Windows-Ntfs","The NTFS volume has been successfully mounted.

           Volume correlation Id: {c5c572ba-c5d0-47f6-864e-13eb05e6d46c}
           Volume name: C:
           Volume label: OS

           Device name: \Device\HarddiskVolume3
           Device GUID: {0d0616a1-3adc-3de7-d9a2-784fe4e2d52a}
           Device manufacturer: NVMe
           Device model: PM9C1b Samsung 256GB
           Device revision: 58330109
           Device serial number: 0025_38F6_5106_1623.
           Bus type: NVMe
           Device number: 0
           Boot partition: true

           Native NVMe: false

           Adapter serial number: 
           
           Total mount duration: 308 ms
           Longest stage: 8. Duration 205 ms (67% of the total)
           Second longest stage: 7. Duration 63 ms (21% of the total)
           Volume restart applied: false
"
"28-05-2026 10:19:24","9","Information","Microsoft-Windows-Ntfs","NTFS scanned entire volume bitmap.

           Volume correlation Id: {c5c572ba-c5d0-47f6-864e-13eb05e6d46c}
           Volume name: C:
           Volume label: OS

           Device name: \Device\HarddiskVolume3
           Device GUID: {0d0616a1-3adc-3de7-d9a2-784fe4e2d52a}
           Device manufacturer: NVMe
           Device model: PM9C1b Samsung 256GB
           Device revision: 58330109
           Device serial number: 0025_38F6_5106_1623.
           Bus type: NVMe
           Native NVMe: false

           Adapter serial number: 

           Duration (micro seconds): 22906
           InputFlags: 0xE
           Reason: Mount
           Flags: 0x10
"
"28-05-2026 09:48:33","142","Information","Microsoft-Windows-Ntfs","Summary of disk space usage, since last event:

           Available space was between 133.19 GB and 133.19 GB
           Change in available space: 2.54 MB
           
           Available clusters were between: 34913929 and 34914577
           Reserved clusters were between: 1370859 and 1371179
           Txf abort reserved clusters were between: 1024 and 1024
           
           Elapsed seconds: 15153
           
           Pagefile size: 21.72 GB
           Volume size: 235.88 GB
           Bytes per cluster: 4096
           
           Volume guid: {c5c572ba-c5d0-47f6-864e-13eb05e6d46c}
           Volume name: C:
           Is boot volume: true
           
           Cached runs miss counts:
               For MFT: 0
               For MFT zone: 0
               Everything else: 0
"
"28-05-2026 05:35:59","142","Information","Microsoft-Windows-Ntfs","Summary of disk space usage, since last event:

           Available space was between 133.19 GB and 142.47 GB
           Change in available space: 9.28 GB
           
           Available clusters were between: 34914001 and 37346670
           Reserved clusters were between: 1371099 and 1371163
           Txf abort reserved clusters were between: 1024 and 1024
           
           Elapsed seconds: 4580
           
           Pagefile size: 21.72 GB
           Volume size: 235.88 GB
           Bytes per cluster: 4096
           
           Volume guid: {c5c572ba-c5d0-47f6-864e-13eb05e6d46c}
           Volume name: C:
           Is boot volume: true
           
           Cached runs miss counts:
               For MFT: 0
               For MFT zone: 0
               Everything else: 0
"
"28-05-2026 04:19:39","142","Information","Microsoft-Windows-Ntfs","Summary of disk space usage, since last event:

           Available space was between 142.43 GB and 142.43 GB
           Change in available space: 1024 KB
           
           Available clusters were between: 37335463 and 37335719
           Reserved clusters were between: 1371099 and 1371099
           Txf abort reserved clusters were between: 1024 and 1024
           
           Elapsed seconds: 4774
           
           Pagefile size: 21.72 GB
           Volume size: 235.88 GB
           Bytes per cluster: 4096
           
           Volume guid: {c5c572ba-c5d0-47f6-864e-13eb05e6d46c}
           Volume name: C:
           Is boot volume: true
           
           Cached runs miss counts:
               For MFT: 0
               For MFT zone: 0
               Everything else: 0
"
"27-05-2026 22:41:36","142","Information","Microsoft-Windows-Ntfs","Summary of disk space usage, since last event:

           Available space was between 142.43 GB and 142.43 GB
           Change in available space: 5.33 MB
           
           Available clusters were between: 37335711 and 37337073
           Reserved clusters were between: 1370987 and 1371115
           Txf abort reserved clusters were between: 1024 and 1024
           
           Elapsed seconds: 3603
           
           Pagefile size: 21.72 GB
           Volume size: 235.88 GB
           Bytes per cluster: 4096
           
           Volume guid: {c5c572ba-c5d0-47f6-864e-13eb05e6d46c}
           Volume name: C:
           Is boot volume: true
           
           Cached runs miss counts:
               For MFT: 0
               For MFT zone: 0
               Everything else: 0
"
"27-05-2026 21:41:32","142","Information","Microsoft-Windows-Ntfs","Summary of disk space usage, since last event:

           Available space was between 142.43 GB and 142.48 GB
           Change in available space: 47.11 MB
           
           Available clusters were between: 37336953 and 37349011
           Reserved clusters were between: 1370747 and 1370987
           Txf abort reserved clusters were between: 1024 and 1024
           
           Elapsed seconds: 3665
           
           Pagefile size: 21.72 GB
           Volume size: 235.88 GB
           Bytes per cluster: 4096
           
           Volume guid: {c5c572ba-c5d0-47f6-864e-13eb05e6d46c}
           Volume name: C:
           Is boot volume: true
           
           Cached runs miss counts:
               For MFT: 0
               For MFT zone: 0
               Everything else: 0
"
"27-05-2026 20:40:27","142","Information","Microsoft-Windows-Ntfs","Summary of disk space usage, since last event:

           Available space was between 142.48 GB and 149.95 GB
           Change in available space: 7.48 GB
           
           Available clusters were between: 37348050 and 39307896
           Reserved clusters were between: 1370667 and 1378939
           Txf abort reserved clusters were between: 1024 and 1024
           
           Elapsed seconds: 3602
           
           Pagefile size: 21.72 GB
           Volume size: 235.88 GB
           Bytes per cluster: 4096
           
           Volume guid: {c5c572ba-c5d0-47f6-864e-13eb05e6d46c}
           Volume name: C:
           Is boot volume: true
           
           Cached runs miss counts:
               For MFT: 0
               For MFT zone: 0
               Everything else: 0
"
"27-05-2026 19:40:24","142","Information","Microsoft-Windows-Ntfs","Summary of disk space usage, since last event:

           Available space was between 144.12 GB and 154.25 GB
           Change in available space: 10.14 GB
           
           Available clusters were between: 37777769 and 40434001
           Reserved clusters were between: 1370731 and 1379611
           Txf abort reserved clusters were between: 1024 and 1024
           
           Elapsed seconds: 3603
           
           Pagefile size: 14.68 GB
           Volume size: 235.88 GB
           Bytes per cluster: 4096
           
           Volume guid: {c5c572ba-c5d0-47f6-864e-13eb05e6d46c}
           Volume name: C:
           Is boot volume: true
           
           Cached runs miss counts:
               For MFT: 0
               For MFT zone: 0
               Everything else: 0
"
"27-05-2026 18:40:21","142","Information","Microsoft-Windows-Ntfs","Summary of disk space usage, since last event:

           Available space was between 150.98 GB and 151.44 GB
           Change in available space: 471.38 MB
           
           Available clusters were between: 39576588 and 39697261
           Reserved clusters were between: 1370619 and 1378987
           Txf abort reserved clusters were between: 1024 and 1024
           
           Elapsed seconds: 4384
           
           Pagefile size: 14.68 GB
           Volume size: 235.88 GB
           Bytes per cluster: 4096
           
           Volume guid: {c5c572ba-c5d0-47f6-864e-13eb05e6d46c}
           Volume name: C:
           Is boot volume: true
           
           Cached runs miss counts:
               For MFT: 0
               For MFT zone: 0
               Everything else: 0
"
"27-05-2026 17:27:17","142","Information","Microsoft-Windows-Ntfs","Summary of disk space usage, since last event:

           Available space was between 151.36 GB and 151.52 GB
           Change in available space: 166.41 MB
           
           Available clusters were between: 39676468 and 39719067
           Reserved clusters were between: 1370667 and 1370939
           Txf abort reserved clusters were between: 1024 and 1024
           
           Elapsed seconds: 3601
           
           Pagefile size: 14.68 GB
           Volume size: 235.88 GB
           Bytes per cluster: 4096
           
           Volume guid: {c5c572ba-c5d0-47f6-864e-13eb05e6d46c}
           Volume name: C:
           Is boot volume: true
           
           Cached runs miss counts:
               For MFT: 0
               For MFT zone: 0
               Everything else: 0
"
"27-05-2026 16:27:15","142","Information","Microsoft-Windows-Ntfs","Summary of disk space usage, since last event:

           Available space was between 151.47 GB and 151.53 GB
           Change in available space: 56.35 MB
           
           Available clusters were between: 39706936 and 39721361
           Reserved clusters were between: 1370571 and 1379083
           Txf abort reserved clusters were between: 1024 and 1024
           
           Elapsed seconds: 3602
           
           Pagefile size: 14.68 GB
           Volume size: 235.88 GB
           Bytes per cluster: 4096
           
           Volume guid: {c5c572ba-c5d0-47f6-864e-13eb05e6d46c}
           Volume name: C:
           Is boot volume: true
           
           Cached runs miss counts:
               For MFT: 0
               For MFT zone: 0
               Everything else: 0
"
"27-05-2026 15:27:12","142","Information","Microsoft-Windows-Ntfs","Summary of disk space usage, since last event:

           Available space was between 151.50 GB and 151.66 GB
           Change in available space: 166.17 MB
           
           Available clusters were between: 39713980 and 39756519
           Reserved clusters were between: 1370347 and 1378795
           Txf abort reserved clusters were between: 1024 and 1024
           
           Elapsed seconds: 3602
           
           Pagefile size: 14.68 GB
           Volume size: 235.88 GB
           Bytes per cluster: 4096
           
           Volume guid: {c5c572ba-c5d0-47f6-864e-13eb05e6d46c}
           Volume name: C:
           Is boot volume: true
           
           Cached runs miss counts:
               For MFT: 0
               For MFT zone: 0
               Everything else: 0
"
"27-05-2026 14:27:09","142","Information","Microsoft-Windows-Ntfs","Summary of disk space usage, since last event:

           Available space was between 151.27 GB and 151.68 GB
           Change in available space: 422.22 MB
           
           Available clusters were between: 39653049 and 39761137
           Reserved clusters were between: 1370347 and 1370859
           Txf abort reserved clusters were between: 1024 and 1024
           
           Elapsed seconds: 3605
           
           Pagefile size: 14.68 GB
           Volume size: 235.88 GB
           Bytes per cluster: 4096
           
           Volume guid: {c5c572ba-c5d0-47f6-864e-13eb05e6d46c}
           Volume name: C:
           Is boot volume: true
           
           Cached runs miss counts:
               For MFT: 0
               For MFT zone: 0
               Everything else: 0
"
"27-05-2026 13:27:04","142","Information","Microsoft-Windows-Ntfs","Summary of disk space usage, since last event:

           Available space was between 151.63 GB and 151.81 GB
           Change in available space: 189.20 MB
           
           Available clusters were between: 39747285 and 39795719
           Reserved clusters were between: 1370427 and 1379099
           Txf abort reserved clusters were between: 1024 and 1024
           
           Elapsed seconds: 3603
           
           Pagefile size: 14.68 GB
           Volume size: 235.88 GB
           Bytes per cluster: 4096
           
           Volume guid: {c5c572ba-c5d0-47f6-864e-13eb05e6d46c}
           Volume name: C:
           Is boot volume: true
           
           Cached runs miss counts:
               For MFT: 0
               For MFT zone: 0
               Everything else: 0
"
"27-05-2026 12:27:01","142","Information","Microsoft-Windows-Ntfs","Summary of disk space usage, since last event:

           Available space was between 151.22 GB and 151.87 GB
           Change in available space: 661.26 MB
           
           Available clusters were between: 39640870 and 39810152
           Reserved clusters were between: 1370427 and 1378811
           Txf abort reserved clusters were between: 1024 and 1024
           
           Elapsed seconds: 3600
           
           Pagefile size: 14.68 GB
           Volume size: 235.88 GB
           Bytes per cluster: 4096
           
           Volume guid: {c5c572ba-c5d0-47f6-864e-13eb05e6d46c}
           Volume name: C:
           Is boot volume: true
           
           Cached runs miss counts:
               For MFT: 0
               For MFT zone: 0
               Everything else: 0
"
