"12-07-2026 18:31:52","9","Information","Microsoft-Windows-Ntfs","NTFS scanned entire volume bitmap.

           Volume correlation Id: {c5c572ba-c5d0-47f6-864e-13eb05e6d46c}
           Volume name: C:
           Volume label: OS

           Device name: \Device\HarddiskVolume3
           Device GUID: {0d0616a1-3adc-3de7-d9a2-784fe4e2d52a}
           Device manufacturer: NVMe
           Device model: PM9C1b Samsung 256GB
           Device revision: 58330109
           Device serial number: 0025_38F6_5106_1623.
           Bus type: NVMe
           Native NVMe: false

           Adapter serial number: 

           Duration (micro seconds): 8956
           InputFlags: 0x10
           Reason: Proactive background scan to repopulate cached runs
           Flags: 0x10
"
"12-07-2026 18:31:52","142","Information","Microsoft-Windows-Ntfs","Summary of disk space usage, since last event:

           Available space was between 195.28 MB and 199.28 MB
           Change in available space: 4 MB
           
           Available clusters were between: 49991 and 51015
           Reserved clusters were between: 0 and 0
           Txf abort reserved clusters were between: 1024 and 1024
           
           Elapsed seconds: 0
           
           Pagefile size: 0 Bytes
           Volume size: 1.01 GB
           Bytes per cluster: 4096
           
           Volume guid: {effcabed-bb48-44d2-a9ca-b0bdf73688b0}
           Volume name: \\?\Volume{effcabed-bb48-44d2-a9ca-b0bdf73688b0}
           Is boot volume: false
           
           Cached runs miss counts:
               For MFT: 0
               For MFT zone: 0
               Everything else: 0
"
"12-07-2026 18:31:52","142","Information","Microsoft-Windows-Ntfs","Summary of disk space usage, since last event:

           Available space was between 92.94 GB and 95.88 GB
           Change in available space: 2.94 GB
           
           Available clusters were between: 24363627 and 25132982
           Reserved clusters were between: 765342 and 765342
           Txf abort reserved clusters were between: 1024 and 1024
           
           Elapsed seconds: 0
           
           Pagefile size: 0 Bytes
           Volume size: 235.88 GB
           Bytes per cluster: 4096
           
           Volume guid: {c5c572ba-c5d0-47f6-864e-13eb05e6d46c}
           Volume name: C:
           Is boot volume: true
           
           Cached runs miss counts:
               For MFT: 0
               For MFT zone: 0
               Everything else: 0
"
"12-07-2026 18:31:49","4","Information","Microsoft-Windows-Ntfs","The NTFS volume has been successfully mounted.

           Volume correlation Id: {effcabed-bb48-44d2-a9ca-b0bdf73688b0}
           Volume name: \\?\Volume{effcabed-bb48-44d2-a9ca-b0bdf73688b0}
           Volume label: WINRETOOLS

           Device name: \Device\HarddiskVolume4
           Device GUID: {0d0616a1-3adc-3de7-d9a2-784fe4e2d52a}
           Device manufacturer: NVMe
           Device model: PM9C1b Samsung 256GB
           Device revision: 58330109
           Device serial number: 0025_38F6_5106_1623.
           Bus type: NVMe
           Device number: 0
           Boot partition: false

           Native NVMe: false

           Adapter serial number: 
           
           Total mount duration: 11 ms
           Longest stage: 4. Duration 7 ms (65% of the total)
           Second longest stage: 5. Duration 2 ms (17% of the total)
           Volume restart applied: false
"
"12-07-2026 18:31:49","10","Information","Microsoft-Windows-Ntfs","NTFS cached runs statistics.

           Volume correlation Id: {effcabed-bb48-44d2-a9ca-b0bdf73688b0}
           Volume name: \\?\Volume{effcabed-bb48-44d2-a9ca-b0bdf73688b0}
           Volume label: WINRETOOLS

           Device name: \Device\HarddiskVolume4
           Device GUID: {0d0616a1-3adc-3de7-d9a2-784fe4e2d52a}
           Device manufacturer: NVMe
           Device model: PM9C1b Samsung 256GB
           Device revision: 58330109
           Device serial number: 0025_38F6_5106_1623.
           Bus type: NVMe
           Native NVMe: false

           Adapter serial number: 

           Media type: Hard disk
           Runs cached: 3
           Longest run cached: 70.54 MB
           Most populated bin Count: 1
           Most populated bin's minimum length: 0 Bytes
           Most populated bin's maximum length: 4 KB
"
"12-07-2026 18:31:49","9","Information","Microsoft-Windows-Ntfs","NTFS scanned entire volume bitmap.

           Volume correlation Id: {effcabed-bb48-44d2-a9ca-b0bdf73688b0}
           Volume name: \\?\Volume{effcabed-bb48-44d2-a9ca-b0bdf73688b0}
           Volume label: WINRETOOLS

           Device name: \Device\HarddiskVolume4
           Device GUID: {0d0616a1-3adc-3de7-d9a2-784fe4e2d52a}
           Device manufacturer: NVMe
           Device model: PM9C1b Samsung 256GB
           Device revision: 58330109
           Device serial number: 0025_38F6_5106_1623.
           Bus type: NVMe
           Native NVMe: false

           Adapter serial number: 

           Duration (micro seconds): 388
           InputFlags: 0xE
           Reason: Mount
           Flags: 0x10
"
"12-07-2026 18:31:47","4","Information","Microsoft-Windows-Ntfs","The NTFS volume has been successfully mounted.

           Volume correlation Id: {c5c572ba-c5d0-47f6-864e-13eb05e6d46c}
           Volume name: C:
           Volume label: OS

           Device name: \Device\HarddiskVolume3
           Device GUID: {0d0616a1-3adc-3de7-d9a2-784fe4e2d52a}
           Device manufacturer: NVMe
           Device model: PM9C1b Samsung 256GB
           Device revision: 58330109
           Device serial number: 0025_38F6_5106_1623.
           Bus type: NVMe
           Device number: 0
           Boot partition: true

           Native NVMe: false

           Adapter serial number: 
           
           Total mount duration: 513 ms
           Longest stage: 8. Duration 391 ms (76% of the total)
           Second longest stage: 7. Duration 76 ms (15% of the total)
           Volume restart applied: false
"
"12-07-2026 18:31:47","10","Information","Microsoft-Windows-Ntfs","NTFS cached runs statistics.

           Volume correlation Id: {c5c572ba-c5d0-47f6-864e-13eb05e6d46c}
           Volume name: C:
           Volume label: OS

           Device name: \Device\HarddiskVolume3
           Device GUID: {0d0616a1-3adc-3de7-d9a2-784fe4e2d52a}
           Device manufacturer: NVMe
           Device model: PM9C1b Samsung 256GB
           Device revision: 58330109
           Device serial number: 0025_38F6_5106_1623.
           Bus type: NVMe
           Native NVMe: false

           Adapter serial number: 

           Media type: Hard disk
           Runs cached: 2681
           Longest run cached: 19.81 GB
           Most populated bin Count: 71
           Most populated bin's minimum length: 7.51 MB
           Most populated bin's maximum length: 7.75 MB
"
"12-07-2026 18:31:47","9","Information","Microsoft-Windows-Ntfs","NTFS scanned entire volume bitmap.

           Volume correlation Id: {c5c572ba-c5d0-47f6-864e-13eb05e6d46c}
           Volume name: C:
           Volume label: OS

           Device name: \Device\HarddiskVolume3
           Device GUID: {0d0616a1-3adc-3de7-d9a2-784fe4e2d52a}
           Device manufacturer: NVMe
           Device model: PM9C1b Samsung 256GB
           Device revision: 58330109
           Device serial number: 0025_38F6_5106_1623.
           Bus type: NVMe
           Native NVMe: false

           Adapter serial number: 

           Duration (micro seconds): 29517
           InputFlags: 0xE
           Reason: Mount
           Flags: 0x10
"
"12-07-2026 18:21:06","142","Information","Microsoft-Windows-Ntfs","Summary of disk space usage, since last event:

           Available space was between 82.92 GB and 92.20 GB
           Change in available space: 9.28 GB
           
           Available clusters were between: 21734995 and 24167603
           Reserved clusters were between: 768078 and 768222
           Txf abort reserved clusters were between: 1024 and 1024
           
           Elapsed seconds: 72809
           
           Pagefile size: 25.14 GB
           Volume size: 235.88 GB
           Bytes per cluster: 4096
           
           Volume guid: {c5c572ba-c5d0-47f6-864e-13eb05e6d46c}
           Volume name: C:
           Is boot volume: true
           
           Cached runs miss counts:
               For MFT: 0
               For MFT zone: 0
               Everything else: 0
"
"11-07-2026 22:07:36","142","Information","Microsoft-Windows-Ntfs","Summary of disk space usage, since last event:

           Available space was between 92.19 GB and 92.19 GB
           Change in available space: 64 KB
           
           Available clusters were between: 24166697 and 24166713
           Reserved clusters were between: 768078 and 768078
           Txf abort reserved clusters were between: 1024 and 1024
           
           Elapsed seconds: 4001
           
           Pagefile size: 25.14 GB
           Volume size: 235.88 GB
           Bytes per cluster: 4096
           
           Volume guid: {c5c572ba-c5d0-47f6-864e-13eb05e6d46c}
           Volume name: C:
           Is boot volume: true
           
           Cached runs miss counts:
               For MFT: 0
               For MFT zone: 0
               Everything else: 0
"
"11-07-2026 21:00:54","142","Information","Microsoft-Windows-Ntfs","Summary of disk space usage, since last event:

           Available space was between 92.19 GB and 92.19 GB
           Change in available space: 512 KB
           
           Available clusters were between: 24166585 and 24166713
           Reserved clusters were between: 768078 and 768078
           Txf abort reserved clusters were between: 1024 and 1024
           
           Elapsed seconds: 4351
           
           Pagefile size: 25.14 GB
           Volume size: 235.88 GB
           Bytes per cluster: 4096
           
           Volume guid: {c5c572ba-c5d0-47f6-864e-13eb05e6d46c}
           Volume name: C:
           Is boot volume: true
           
           Cached runs miss counts:
               For MFT: 0
               For MFT zone: 0
               Everything else: 0
"
"11-07-2026 19:48:23","142","Information","Microsoft-Windows-Ntfs","Summary of disk space usage, since last event:

           Available space was between 92.16 GB and 92.22 GB
           Change in available space: 56.27 MB
           
           Available clusters were between: 24158924 and 24173327
           Reserved clusters were between: 767998 and 768078
           Txf abort reserved clusters were between: 1024 and 1024
           
           Elapsed seconds: 4901
           
           Pagefile size: 25.14 GB
           Volume size: 235.88 GB
           Bytes per cluster: 4096
           
           Volume guid: {c5c572ba-c5d0-47f6-864e-13eb05e6d46c}
           Volume name: C:
           Is boot volume: true
           
           Cached runs miss counts:
               For MFT: 0
               For MFT zone: 0
               Everything else: 0
"
"11-07-2026 18:26:41","142","Information","Microsoft-Windows-Ntfs","Summary of disk space usage, since last event:

           Available space was between 92.01 GB and 92.26 GB
           Change in available space: 251.22 MB
           
           Available clusters were between: 24119724 and 24184034
           Reserved clusters were between: 767454 and 775806
           Txf abort reserved clusters were between: 1024 and 1024
           
           Elapsed seconds: 3604
           
           Pagefile size: 25.14 GB
           Volume size: 235.88 GB
           Bytes per cluster: 4096
           
           Volume guid: {c5c572ba-c5d0-47f6-864e-13eb05e6d46c}
           Volume name: C:
           Is boot volume: true
           
           Cached runs miss counts:
               For MFT: 0
               For MFT zone: 0
               Everything else: 0
"
"11-07-2026 17:26:37","142","Information","Microsoft-Windows-Ntfs","Summary of disk space usage, since last event:

           Available space was between 83.04 GB and 92.51 GB
           Change in available space: 9.48 GB
           
           Available clusters were between: 21766977 and 24249717
           Reserved clusters were between: 767790 and 768398
           Txf abort reserved clusters were between: 1024 and 1024
           
           Elapsed seconds: 3603
           
           Pagefile size: 25.14 GB
           Volume size: 235.88 GB
           Bytes per cluster: 4096
           
           Volume guid: {c5c572ba-c5d0-47f6-864e-13eb05e6d46c}
           Volume name: C:
           Is boot volume: true
           
           Cached runs miss counts:
               For MFT: 0
               For MFT zone: 0
               Everything else: 0
"
"11-07-2026 17:20:19","147","Warning","Microsoft-Windows-Ntfs","An IO took more than 30000 ms to complete:

           Process Id: 4
           Process name: System
           File name: \Users\arjo5004\AppData\Local\Packages\Microsoft.MicrosoftOfficeHub_8wekyb3d8bbwe\LocalState\EBWebView\Default
           File offset: 4096
           IO Type: Read: Paging, NonCached, Sync
           IO Size: 4096 bytes
           1 cluster(s) starting at cluster 104385
           Latency: 36773 ms

           Volume Id: {c5c572ba-c5d0-47f6-864e-13eb05e6d46c}
           Volume name: C:
           Is boot volume: true

           Device GUID: {0d0616a1-3adc-3de7-d9a2-784fe4e2d52a}
           Device manufacturer: NVMe
           Device model: PM9C1b Samsung 256GB
           Device revision: 58330109
           Device serial number: 0025_38F6_5106_1623.
           Bus type: NVMe
           Native NVMe: 0

           Adapter serial number: 
"
"11-07-2026 17:20:14","147","Warning","Microsoft-Windows-Ntfs","An IO took more than 30000 ms to complete:

           Process Id: 37804
           Process name: msedgewebview2
           File name: \Program Files (x86)\Microsoft\Edge\Application\149.0.4022.98\msedge.dll
           File offset: 78849536
           IO Type: Read: Paging, NonCached, Sync
           IO Size: 28672 bytes
           8 cluster(s) starting at cluster 30571266
           Latency: 37487 ms

           Volume Id: {c5c572ba-c5d0-47f6-864e-13eb05e6d46c}
           Volume name: C:
           Is boot volume: true

           Device GUID: {0d0616a1-3adc-3de7-d9a2-784fe4e2d52a}
           Device manufacturer: NVMe
           Device model: PM9C1b Samsung 256GB
           Device revision: 58330109
           Device serial number: 0025_38F6_5106_1623.
           Bus type: NVMe
           Native NVMe: 0

           Adapter serial number: 
"
"11-07-2026 16:26:33","142","Information","Microsoft-Windows-Ntfs","Summary of disk space usage, since last event:

           Available space was between 91.99 GB and 92.37 GB
           Change in available space: 393.77 MB
           
           Available clusters were between: 24112776 and 24213580
           Reserved clusters were between: 768030 and 768302
           Txf abort reserved clusters were between: 1024 and 1024
           
           Elapsed seconds: 4695
           
           Pagefile size: 25.14 GB
           Volume size: 235.88 GB
           Bytes per cluster: 4096
           
           Volume guid: {c5c572ba-c5d0-47f6-864e-13eb05e6d46c}
           Volume name: C:
           Is boot volume: true
           
           Cached runs miss counts:
               For MFT: 0
               For MFT zone: 0
               Everything else: 0
"
"11-07-2026 15:08:18","142","Information","Microsoft-Windows-Ntfs","Summary of disk space usage, since last event:

           Available space was between 92.17 GB and 92.38 GB
           Change in available space: 221.13 MB
           
           Available clusters were between: 24159541 and 24216148
           Reserved clusters were between: 768062 and 776430
           Txf abort reserved clusters were between: 1024 and 1024
           
           Elapsed seconds: 3603
           
           Pagefile size: 25.14 GB
           Volume size: 235.88 GB
           Bytes per cluster: 4096
           
           Volume guid: {c5c572ba-c5d0-47f6-864e-13eb05e6d46c}
           Volume name: C:
           Is boot volume: true
           
           Cached runs miss counts:
               For MFT: 0
               For MFT zone: 0
               Everything else: 0
"
"11-07-2026 14:08:15","142","Information","Microsoft-Windows-Ntfs","Summary of disk space usage, since last event:

           Available space was between 91.68 GB and 92.65 GB
           Change in available space: 989.15 MB
           
           Available clusters were between: 24032827 and 24286048
           Reserved clusters were between: 767982 and 776990
           Txf abort reserved clusters were between: 1024 and 1024
           
           Elapsed seconds: 3604
           
           Pagefile size: 25.14 GB
           Volume size: 235.88 GB
           Bytes per cluster: 4096
           
           Volume guid: {c5c572ba-c5d0-47f6-864e-13eb05e6d46c}
           Volume name: C:
           Is boot volume: true
           
           Cached runs miss counts:
               For MFT: 0
               For MFT zone: 0
               Everything else: 0
"
"11-07-2026 13:08:10","142","Information","Microsoft-Windows-Ntfs","Summary of disk space usage, since last event:

           Available space was between 92.62 GB and 92.70 GB
           Change in available space: 81.41 MB
           
           Available clusters were between: 24279297 and 24300136
           Reserved clusters were between: 768238 and 768862
           Txf abort reserved clusters were between: 1024 and 1024
           
           Elapsed seconds: 3600
           
           Pagefile size: 25.14 GB
           Volume size: 235.88 GB
           Bytes per cluster: 4096
           
           Volume guid: {c5c572ba-c5d0-47f6-864e-13eb05e6d46c}
           Volume name: C:
           Is boot volume: true
           
           Cached runs miss counts:
               For MFT: 0
               For MFT zone: 0
               Everything else: 0
"
"11-07-2026 12:08:09","142","Information","Microsoft-Windows-Ntfs","Summary of disk space usage, since last event:

           Available space was between 92.62 GB and 93.07 GB
           Change in available space: 455.10 MB
           
           Available clusters were between: 24278955 and 24395459
           Reserved clusters were between: 767966 and 776318
           Txf abort reserved clusters were between: 1024 and 1024
           
           Elapsed seconds: 3605
           
           Pagefile size: 25.14 GB
           Volume size: 235.88 GB
           Bytes per cluster: 4096
           
           Volume guid: {c5c572ba-c5d0-47f6-864e-13eb05e6d46c}
           Volume name: C:
           Is boot volume: true
           
           Cached runs miss counts:
               For MFT: 0
               For MFT zone: 0
               Everything else: 0
"
"11-07-2026 11:08:04","142","Information","Microsoft-Windows-Ntfs","Summary of disk space usage, since last event:

           Available space was between 92.61 GB and 93.20 GB
           Change in available space: 606.10 MB
           
           Available clusters were between: 24276291 and 24431451
           Reserved clusters were between: 767854 and 776158
           Txf abort reserved clusters were between: 1024 and 1024
           
           Elapsed seconds: 3601
           
           Pagefile size: 25.14 GB
           Volume size: 235.88 GB
           Bytes per cluster: 4096
           
           Volume guid: {c5c572ba-c5d0-47f6-864e-13eb05e6d46c}
           Volume name: C:
           Is boot volume: true
           
           Cached runs miss counts:
               For MFT: 0
               For MFT zone: 0
               Everything else: 0
"
"11-07-2026 10:08:03","142","Information","Microsoft-Windows-Ntfs","Summary of disk space usage, since last event:

           Available space was between 81.40 GB and 93.09 GB
           Change in available space: 11.69 GB
           
           Available clusters were between: 21337623 and 24401323
           Reserved clusters were between: 767678 and 776222
           Txf abort reserved clusters were between: 1024 and 1024
           
           Elapsed seconds: 3601
           
           Pagefile size: 25.14 GB
           Volume size: 235.88 GB
           Bytes per cluster: 4096
           
           Volume guid: {c5c572ba-c5d0-47f6-864e-13eb05e6d46c}
           Volume name: C:
           Is boot volume: true
           
           Cached runs miss counts:
               For MFT: 0
               For MFT zone: 0
               Everything else: 0
"
"11-07-2026 09:08:44","147","Warning","Microsoft-Windows-Ntfs","An IO took more than 30000 ms to complete:

           Process Id: 18132
           Process name: msedge.exe
           File name: \Program Files (x86)\Microsoft\Edge\Application\150.0.4078.48\msedge.dll
           File offset: 46212608
           IO Type: Read: Paging, NonCached, Sync
           IO Size: 32768 bytes
           9 cluster(s) starting at cluster 40934658
           Latency: 37271 ms

           Volume Id: {c5c572ba-c5d0-47f6-864e-13eb05e6d46c}
           Volume name: C:
           Is boot volume: true

           Device GUID: {0d0616a1-3adc-3de7-d9a2-784fe4e2d52a}
           Device manufacturer: NVMe
           Device model: PM9C1b Samsung 256GB
           Device revision: 58330109
           Device serial number: 0025_38F6_5106_1623.
           Bus type: NVMe
           Native NVMe: 0

           Adapter serial number: 
"
"11-07-2026 09:08:44","147","Warning","Microsoft-Windows-Ntfs","An IO took more than 30000 ms to complete:

           Process Id: 27780
           Process name: msedge.exe
           File name: \Program Files (x86)\Microsoft\Edge\Application\150.0.4078.48\msedge.dll
           File offset: 23565824
           IO Type: Read: Paging, NonCached, Sync
           IO Size: 32768 bytes
           9 cluster(s) starting at cluster 40929129
           Latency: 34700 ms

           Volume Id: {c5c572ba-c5d0-47f6-864e-13eb05e6d46c}
           Volume name: C:
           Is boot volume: true

           Device GUID: {0d0616a1-3adc-3de7-d9a2-784fe4e2d52a}
           Device manufacturer: NVMe
           Device model: PM9C1b Samsung 256GB
           Device revision: 58330109
           Device serial number: 0025_38F6_5106_1623.
           Bus type: NVMe
           Native NVMe: 0

           Adapter serial number: 
"
"11-07-2026 09:08:44","147","Warning","Microsoft-Windows-Ntfs","An IO took more than 30000 ms to complete:

           Process Id: 18132
           Process name: msedge.exe
           File name: \Program Files (x86)\Microsoft\Edge\Application\150.0.4078.48\msedge.dll
           File offset: 292172288
           IO Type: Read: Paging, NonCached, Sync
           IO Size: 16384 bytes
           5 cluster(s) starting at cluster 40994707
           Latency: 34399 ms

           Volume Id: {c5c572ba-c5d0-47f6-864e-13eb05e6d46c}
           Volume name: C:
           Is boot volume: true

           Device GUID: {0d0616a1-3adc-3de7-d9a2-784fe4e2d52a}
           Device manufacturer: NVMe
           Device model: PM9C1b Samsung 256GB
           Device revision: 58330109
           Device serial number: 0025_38F6_5106_1623.
           Bus type: NVMe
           Native NVMe: 0

           Adapter serial number: 
"
"11-07-2026 09:08:44","147","Warning","Microsoft-Windows-Ntfs","An IO took more than 30000 ms to complete:

           Process Id: 25336
           Process name: msedge.exe
           File name: \Program Files (x86)\Microsoft\Edge\Application\150.0.4078.48\msedge.dll
           File offset: 274391552
           IO Type: Read: Paging, NonCached, Sync
           IO Size: 16384 bytes
           5 cluster(s) starting at cluster 40990366
           Latency: 37330 ms

           Volume Id: {c5c572ba-c5d0-47f6-864e-13eb05e6d46c}
           Volume name: C:
           Is boot volume: true

           Device GUID: {0d0616a1-3adc-3de7-d9a2-784fe4e2d52a}
           Device manufacturer: NVMe
           Device model: PM9C1b Samsung 256GB
           Device revision: 58330109
           Device serial number: 0025_38F6_5106_1623.
           Bus type: NVMe
           Native NVMe: 0

           Adapter serial number: 
"
"11-07-2026 09:08:44","147","Warning","Microsoft-Windows-Ntfs","An IO took more than 30000 ms to complete:

           Process Id: 18180
           Process name: msedgewebview2
           File name: \Users\arjo5004\AppData\Local\Microsoft\Office\16.0\Wef\webview2\8c8325c9-583b-4c62-9ec7-3e0fe61f416c_ADAL\2\EBWebView\Default
           IO Type: Open file
           Latency: 41085 ms

           Volume Id: {c5c572ba-c5d0-47f6-864e-13eb05e6d46c}
           Volume name: C:
           Is boot volume: true

           Device GUID: {0d0616a1-3adc-3de7-d9a2-784fe4e2d52a}
           Device manufacturer: NVMe
           Device model: PM9C1b Samsung 256GB
           Device revision: 58330109
           Device serial number: 0025_38F6_5106_1623.
           Bus type: NVMe
           Native NVMe: 0

           Adapter serial number: 
"
"11-07-2026 09:08:44","147","Warning","Microsoft-Windows-Ntfs","An IO took more than 30000 ms to complete:

           Process Id: 16724
           Process name: msedgewebview2
           File name: \Users\arjo5004\AppData\Local\Microsoft\Office\16.0\Wef\webview2\8c8325c9-583b-4c62-9ec7-3e0fe61f416c_ADAL\2\EBWebView\Default
           File offset: 24576
           IO Type: Read: Paging, NonCached, Sync
           IO Size: 4096 bytes
           1 cluster(s) starting at cluster 218925
           Latency: 43451060 ms

           Volume Id: {c5c572ba-c5d0-47f6-864e-13eb05e6d46c}
           Volume name: C:
           Is boot volume: true

           Device GUID: {0d0616a1-3adc-3de7-d9a2-784fe4e2d52a}
           Device manufacturer: NVMe
           Device model: PM9C1b Samsung 256GB
           Device revision: 58330109
           Device serial number: 0025_38F6_5106_1623.
           Bus type: NVMe
           Native NVMe: 0

           Adapter serial number: 
"
"11-07-2026 09:08:36","147","Warning","Microsoft-Windows-Ntfs","An IO took more than 30000 ms to complete:

           Process Id: 4852
           Process name: spksvc.exe
           File name: \Windows\SpkData\spektion.db-wal
           File offset: 217088
           IO Type: Read: Paging, NonCached, Sync
           IO Size: 45056 bytes
           11 cluster(s) starting at cluster 26870160
           Latency: 36748 ms

           Volume Id: {c5c572ba-c5d0-47f6-864e-13eb05e6d46c}
           Volume name: C:
           Is boot volume: true

           Device GUID: {0d0616a1-3adc-3de7-d9a2-784fe4e2d52a}
           Device manufacturer: NVMe
           Device model: PM9C1b Samsung 256GB
           Device revision: 58330109
           Device serial number: 0025_38F6_5106_1623.
           Bus type: NVMe
           Native NVMe: 0

           Adapter serial number: 
"
"11-07-2026 09:08:02","142","Information","Microsoft-Windows-Ntfs","Summary of disk space usage, since last event:

           Available space was between 81.38 GB and 90.68 GB
           Change in available space: 9.30 GB
           
           Available clusters were between: 21333173 and 23770456
           Reserved clusters were between: 768206 and 768350
           Txf abort reserved clusters were between: 1024 and 1024
           
           Elapsed seconds: 43416
           
           Pagefile size: 27.78 GB
           Volume size: 235.88 GB
           Bytes per cluster: 4096
           
           Volume guid: {c5c572ba-c5d0-47f6-864e-13eb05e6d46c}
           Volume name: C:
           Is boot volume: true
           
           Cached runs miss counts:
               For MFT: 0
               For MFT zone: 0
               Everything else: 0
"
"10-07-2026 21:04:25","142","Information","Microsoft-Windows-Ntfs","Summary of disk space usage, since last event:

           Available space was between 90.59 GB and 90.68 GB
           Change in available space: 92.45 MB
           
           Available clusters were between: 23746772 and 23770438
           Reserved clusters were between: 768158 and 768206
           Txf abort reserved clusters were between: 1024 and 1024
           
           Elapsed seconds: 3702
           
           Pagefile size: 27.78 GB
           Volume size: 235.88 GB
           Bytes per cluster: 4096
           
           Volume guid: {c5c572ba-c5d0-47f6-864e-13eb05e6d46c}
           Volume name: C:
           Is boot volume: true
           
           Cached runs miss counts:
               For MFT: 0
               For MFT zone: 0
               Everything else: 0
"
"10-07-2026 19:01:13","142","Information","Microsoft-Windows-Ntfs","Summary of disk space usage, since last event:

           Available space was between 90.59 GB and 90.61 GB
           Change in available space: 18.51 MB
           
           Available clusters were between: 23745732 and 23750470
           Reserved clusters were between: 768110 and 768830
           Txf abort reserved clusters were between: 1024 and 1024
           
           Elapsed seconds: 7291
           
           Pagefile size: 27.78 GB
           Volume size: 235.88 GB
           Bytes per cluster: 4096
           
           Volume guid: {c5c572ba-c5d0-47f6-864e-13eb05e6d46c}
           Volume name: C:
           Is boot volume: true
           
           Cached runs miss counts:
               For MFT: 0
               For MFT zone: 0
               Everything else: 0
"
"10-07-2026 16:59:41","142","Information","Microsoft-Windows-Ntfs","Summary of disk space usage, since last event:

           Available space was between 90.52 GB and 90.67 GB
           Change in available space: 151.81 MB
           
           Available clusters were between: 23728636 and 23767497
           Reserved clusters were between: 767598 and 777038
           Txf abort reserved clusters were between: 1024 and 1024
           
           Elapsed seconds: 3601
           
           Pagefile size: 27.78 GB
           Volume size: 235.88 GB
           Bytes per cluster: 4096
           
           Volume guid: {c5c572ba-c5d0-47f6-864e-13eb05e6d46c}
           Volume name: C:
           Is boot volume: true
           
           Cached runs miss counts:
               For MFT: 0
               For MFT zone: 0
               Everything else: 0
"
"10-07-2026 15:59:40","142","Information","Microsoft-Windows-Ntfs","Summary of disk space usage, since last event:

           Available space was between 90.21 GB and 90.70 GB
           Change in available space: 501.09 MB
           
           Available clusters were between: 23647922 and 23776199
           Reserved clusters were between: 767454 and 776046
           Txf abort reserved clusters were between: 1024 and 1024
           
           Elapsed seconds: 3603
           
           Pagefile size: 27.78 GB
           Volume size: 235.88 GB
           Bytes per cluster: 4096
           
           Volume guid: {c5c572ba-c5d0-47f6-864e-13eb05e6d46c}
           Volume name: C:
           Is boot volume: true
           
           Cached runs miss counts:
               For MFT: 0
               For MFT zone: 0
               Everything else: 0
"
"10-07-2026 14:59:37","142","Information","Microsoft-Windows-Ntfs","Summary of disk space usage, since last event:

           Available space was between 90.42 GB and 90.51 GB
           Change in available space: 97.78 MB
           
           Available clusters were between: 23700908 and 23725939
           Reserved clusters were between: 767422 and 776638
           Txf abort reserved clusters were between: 1024 and 1024
           
           Elapsed seconds: 3602
           
           Pagefile size: 27.78 GB
           Volume size: 235.88 GB
           Bytes per cluster: 4096
           
           Volume guid: {c5c572ba-c5d0-47f6-864e-13eb05e6d46c}
           Volume name: C:
           Is boot volume: true
           
           Cached runs miss counts:
               For MFT: 0
               For MFT zone: 0
               Everything else: 0
"
"10-07-2026 13:59:34","142","Information","Microsoft-Windows-Ntfs","Summary of disk space usage, since last event:

           Available space was between 90.39 GB and 91.09 GB
           Change in available space: 713.38 MB
           
           Available clusters were between: 23694595 and 23877219
           Reserved clusters were between: 767838 and 776158
           Txf abort reserved clusters were between: 1024 and 1024
           
           Elapsed seconds: 3603
           
           Pagefile size: 27.78 GB
           Volume size: 235.88 GB
           Bytes per cluster: 4096
           
           Volume guid: {c5c572ba-c5d0-47f6-864e-13eb05e6d46c}
           Volume name: C:
           Is boot volume: true
           
           Cached runs miss counts:
               For MFT: 0
               For MFT zone: 0
               Everything else: 0
"
"10-07-2026 12:59:31","142","Information","Microsoft-Windows-Ntfs","Summary of disk space usage, since last event:

           Available space was between 86.23 GB and 91.14 GB
           Change in available space: 4.91 GB
           
           Available clusters were between: 22603909 and 23890666
           Reserved clusters were between: 767854 and 768126
           Txf abort reserved clusters were between: 1024 and 1024
           
           Elapsed seconds: 3604
           
           Pagefile size: 27.78 GB
           Volume size: 235.88 GB
           Bytes per cluster: 4096
           
           Volume guid: {c5c572ba-c5d0-47f6-864e-13eb05e6d46c}
           Volume name: C:
           Is boot volume: true
           
           Cached runs miss counts:
               For MFT: 0
               For MFT zone: 0
               Everything else: 0
"
"10-07-2026 11:59:26","142","Information","Microsoft-Windows-Ntfs","Summary of disk space usage, since last event:

           Available space was between 89.81 GB and 90.22 GB
           Change in available space: 414.10 MB
           
           Available clusters were between: 23542857 and 23648866
           Reserved clusters were between: 767662 and 776046
           Txf abort reserved clusters were between: 1024 and 1024
           
           Elapsed seconds: 3602
           
           Pagefile size: 27.78 GB
           Volume size: 235.88 GB
           Bytes per cluster: 4096
           
           Volume guid: {c5c572ba-c5d0-47f6-864e-13eb05e6d46c}
           Volume name: C:
           Is boot volume: true
           
           Cached runs miss counts:
               For MFT: 0
               For MFT zone: 0
               Everything else: 0
"
"10-07-2026 10:59:24","142","Information","Microsoft-Windows-Ntfs","Summary of disk space usage, since last event:

           Available space was between 89.67 GB and 90.70 GB
           Change in available space: 1.04 GB
           
           Available clusters were between: 23503887 and 23774343
           Reserved clusters were between: 767582 and 775950
           Txf abort reserved clusters were between: 1024 and 1024
           
           Elapsed seconds: 3602
           
           Pagefile size: 27.78 GB
           Volume size: 235.88 GB
           Bytes per cluster: 4096
           
           Volume guid: {c5c572ba-c5d0-47f6-864e-13eb05e6d46c}
           Volume name: C:
           Is boot volume: true
           
           Cached runs miss counts:
               For MFT: 0
               For MFT zone: 0
               Everything else: 0
"
"10-07-2026 09:59:21","142","Information","Microsoft-Windows-Ntfs","Summary of disk space usage, since last event:

           Available space was between 80.87 GB and 90.15 GB
           Change in available space: 9.29 GB
           
           Available clusters were between: 21199076 and 23631843
           Reserved clusters were between: 768078 and 768190
           Txf abort reserved clusters were between: 1024 and 1024
           
           Elapsed seconds: 29635
           
           Pagefile size: 27.78 GB
           Volume size: 235.88 GB
           Bytes per cluster: 4096
           
           Volume guid: {c5c572ba-c5d0-47f6-864e-13eb05e6d46c}
           Volume name: C:
           Is boot volume: true
           
           Cached runs miss counts:
               For MFT: 0
               For MFT zone: 0
               Everything else: 0
"
"09-07-2026 21:26:53","142","Information","Microsoft-Windows-Ntfs","Summary of disk space usage, since last event:

           Available space was between 89.76 GB and 90.16 GB
           Change in available space: 409.14 MB
           
           Available clusters were between: 23529772 and 23634510
           Reserved clusters were between: 767998 and 776254
           Txf abort reserved clusters were between: 1024 and 1024
           
           Elapsed seconds: 4644
           
           Pagefile size: 27.78 GB
           Volume size: 235.88 GB
           Bytes per cluster: 4096
           
           Volume guid: {c5c572ba-c5d0-47f6-864e-13eb05e6d46c}
           Volume name: C:
           Is boot volume: true
           
           Cached runs miss counts:
               For MFT: 0
               For MFT zone: 0
               Everything else: 0
"
"09-07-2026 20:09:28","142","Information","Microsoft-Windows-Ntfs","Summary of disk space usage, since last event:

           Available space was between 89.92 GB and 90.54 GB
           Change in available space: 634.25 MB
           
           Available clusters were between: 23570074 and 23732441
           Reserved clusters were between: 767918 and 768270
           Txf abort reserved clusters were between: 1024 and 1024
           
           Elapsed seconds: 3603
           
           Pagefile size: 27.78 GB
           Volume size: 235.88 GB
           Bytes per cluster: 4096
           
           Volume guid: {c5c572ba-c5d0-47f6-864e-13eb05e6d46c}
           Volume name: C:
           Is boot volume: true
           
           Cached runs miss counts:
               For MFT: 0
               For MFT zone: 0
               Everything else: 0
"
"09-07-2026 19:09:25","142","Information","Microsoft-Windows-Ntfs","Summary of disk space usage, since last event:

           Available space was between 90.25 GB and 90.83 GB
           Change in available space: 586.89 MB
           
           Available clusters were between: 23657977 and 23808220
           Reserved clusters were between: 767806 and 776174
           Txf abort reserved clusters were between: 1024 and 1024
           
           Elapsed seconds: 3601
           
           Pagefile size: 27.78 GB
           Volume size: 235.88 GB
           Bytes per cluster: 4096
           
           Volume guid: {c5c572ba-c5d0-47f6-864e-13eb05e6d46c}
           Volume name: C:
           Is boot volume: true
           
           Cached runs miss counts:
               For MFT: 0
               For MFT zone: 0
               Everything else: 0
"
"09-07-2026 18:09:23","142","Information","Microsoft-Windows-Ntfs","Summary of disk space usage, since last event:

           Available space was between 90.41 GB and 90.64 GB
           Change in available space: 236.56 MB
           
           Available clusters were between: 23698997 and 23759556
           Reserved clusters were between: 767694 and 776062
           Txf abort reserved clusters were between: 1024 and 1024
           
           Elapsed seconds: 3600
           
           Pagefile size: 27.78 GB
           Volume size: 235.88 GB
           Bytes per cluster: 4096
           
           Volume guid: {c5c572ba-c5d0-47f6-864e-13eb05e6d46c}
           Volume name: C:
           Is boot volume: true
           
           Cached runs miss counts:
               For MFT: 0
               For MFT zone: 0
               Everything else: 0
"
"09-07-2026 17:09:22","142","Information","Microsoft-Windows-Ntfs","Summary of disk space usage, since last event:

           Available space was between 90.48 GB and 91.03 GB
           Change in available space: 569.67 MB
           
           Available clusters were between: 23716529 and 23862364
           Reserved clusters were between: 767582 and 775982
           Txf abort reserved clusters were between: 1024 and 1024
           
           Elapsed seconds: 3604
           
           Pagefile size: 27.78 GB
           Volume size: 235.88 GB
           Bytes per cluster: 4096
           
           Volume guid: {c5c572ba-c5d0-47f6-864e-13eb05e6d46c}
           Volume name: C:
           Is boot volume: true
           
           Cached runs miss counts:
               For MFT: 0
               For MFT zone: 0
               Everything else: 0
"
"09-07-2026 16:09:18","142","Information","Microsoft-Windows-Ntfs","Summary of disk space usage, since last event:

           Available space was between 90.95 GB and 91.03 GB
           Change in available space: 83.81 MB
           
           Available clusters were between: 23841023 and 23862478
           Reserved clusters were between: 767534 and 767806
           Txf abort reserved clusters were between: 1024 and 1024
           
           Elapsed seconds: 3602
           
           Pagefile size: 27.78 GB
           Volume size: 235.88 GB
           Bytes per cluster: 4096
           
           Volume guid: {c5c572ba-c5d0-47f6-864e-13eb05e6d46c}
           Volume name: C:
           Is boot volume: true
           
           Cached runs miss counts:
               For MFT: 0
               For MFT zone: 0
               Everything else: 0
"
"09-07-2026 15:09:15","142","Information","Microsoft-Windows-Ntfs","Summary of disk space usage, since last event:

           Available space was between 90.64 GB and 91.08 GB
           Change in available space: 442.10 MB
           
           Available clusters were between: 23760369 and 23873545
           Reserved clusters were between: 767358 and 775758
           Txf abort reserved clusters were between: 1024 and 1024
           
           Elapsed seconds: 3601
           
           Pagefile size: 27.78 GB
           Volume size: 235.88 GB
           Bytes per cluster: 4096
           
           Volume guid: {c5c572ba-c5d0-47f6-864e-13eb05e6d46c}
           Volume name: C:
           Is boot volume: true
           
           Cached runs miss counts:
               For MFT: 0
               For MFT zone: 0
               Everything else: 0
"
"09-07-2026 14:09:13","142","Information","Microsoft-Windows-Ntfs","Summary of disk space usage, since last event:

           Available space was between 90.97 GB and 91.08 GB
           Change in available space: 109.43 MB
           
           Available clusters were between: 23846511 and 23874525
           Reserved clusters were between: 767294 and 776206
           Txf abort reserved clusters were between: 1024 and 1024
           
           Elapsed seconds: 3601
           
           Pagefile size: 27.78 GB
           Volume size: 235.88 GB
           Bytes per cluster: 4096
           
           Volume guid: {c5c572ba-c5d0-47f6-864e-13eb05e6d46c}
           Volume name: C:
           Is boot volume: true
           
           Cached runs miss counts:
               For MFT: 0
               For MFT zone: 0
               Everything else: 0
"
"09-07-2026 13:09:11","142","Information","Microsoft-Windows-Ntfs","Summary of disk space usage, since last event:

           Available space was between 90.89 GB and 91.49 GB
           Change in available space: 608.65 MB
           
           Available clusters were between: 23825209 and 23981021
           Reserved clusters were between: 767822 and 768014
           Txf abort reserved clusters were between: 1024 and 1024
           
           Elapsed seconds: 3604
           
           Pagefile size: 27.78 GB
           Volume size: 235.88 GB
           Bytes per cluster: 4096
           
           Volume guid: {c5c572ba-c5d0-47f6-864e-13eb05e6d46c}
           Volume name: C:
           Is boot volume: true
           
           Cached runs miss counts:
               For MFT: 0
               For MFT zone: 0
               Everything else: 0
"
"09-07-2026 12:09:07","142","Information","Microsoft-Windows-Ntfs","Summary of disk space usage, since last event:

           Available space was between 90.73 GB and 91.13 GB
           Change in available space: 401.36 MB
           
           Available clusters were between: 23783919 and 23886667
           Reserved clusters were between: 767774 and 776222
           Txf abort reserved clusters were between: 1024 and 1024
           
           Elapsed seconds: 3601
           
           Pagefile size: 27.78 GB
           Volume size: 235.88 GB
           Bytes per cluster: 4096
           
           Volume guid: {c5c572ba-c5d0-47f6-864e-13eb05e6d46c}
           Volume name: C:
           Is boot volume: true
           
           Cached runs miss counts:
               For MFT: 0
               For MFT zone: 0
               Everything else: 0
"
"09-07-2026 11:09:05","142","Information","Microsoft-Windows-Ntfs","Summary of disk space usage, since last event:

           Available space was between 91.05 GB and 101.23 GB
           Change in available space: 10.18 GB
           
           Available clusters were between: 23867130 and 26534819
           Reserved clusters were between: 767614 and 776046
           Txf abort reserved clusters were between: 1024 and 1024
           
           Elapsed seconds: 3603
           
           Pagefile size: 27.78 GB
           Volume size: 235.88 GB
           Bytes per cluster: 4096
           
           Volume guid: {c5c572ba-c5d0-47f6-864e-13eb05e6d46c}
           Volume name: C:
           Is boot volume: true
           
           Cached runs miss counts:
               For MFT: 0
               For MFT zone: 0
               Everything else: 1
"
"09-07-2026 10:09:02","142","Information","Microsoft-Windows-Ntfs","Summary of disk space usage, since last event:

           Available space was between 96.33 GB and 101.25 GB
           Change in available space: 4.92 GB
           
           Available clusters were between: 25251357 and 26541007
           Reserved clusters were between: 767598 and 775950
           Txf abort reserved clusters were between: 1024 and 1024
           
           Elapsed seconds: 3602
           
           Pagefile size: 18.27 GB
           Volume size: 235.88 GB
           Bytes per cluster: 4096
           
           Volume guid: {c5c572ba-c5d0-47f6-864e-13eb05e6d46c}
           Volume name: C:
           Is boot volume: true
           
           Cached runs miss counts:
               For MFT: 0
               For MFT zone: 0
               Everything else: 0
"
"09-07-2026 09:08:59","142","Information","Microsoft-Windows-Ntfs","Summary of disk space usage, since last event:

           Available space was between 89.69 GB and 99.02 GB
           Change in available space: 9.34 GB
           
           Available clusters were between: 23509837 and 25956159
           Reserved clusters were between: 767790 and 776254
           Txf abort reserved clusters were between: 1024 and 1024
           
           Elapsed seconds: 20463
           
           Pagefile size: 18.27 GB
           Volume size: 235.88 GB
           Bytes per cluster: 4096
           
           Volume guid: {c5c572ba-c5d0-47f6-864e-13eb05e6d46c}
           Volume name: C:
           Is boot volume: true
           
           Cached runs miss counts:
               For MFT: 0
               For MFT zone: 0
               Everything else: 0
"
"09-07-2026 00:48:58","142","Information","Microsoft-Windows-Ntfs","Summary of disk space usage, since last event:

           Available space was between 98.99 GB and 98.99 GB
           Change in available space: 180 KB
           
           Available clusters were between: 25948870 and 25948915
           Reserved clusters were between: 767790 and 767790
           Txf abort reserved clusters were between: 1024 and 1024
           
           Elapsed seconds: 5559
           
           Pagefile size: 18.27 GB
           Volume size: 235.88 GB
           Bytes per cluster: 4096
           
           Volume guid: {c5c572ba-c5d0-47f6-864e-13eb05e6d46c}
           Volume name: C:
           Is boot volume: true
           
           Cached runs miss counts:
               For MFT: 0
               For MFT zone: 0
               Everything else: 0
"
"08-07-2026 23:16:19","142","Information","Microsoft-Windows-Ntfs","Summary of disk space usage, since last event:

           Available space was between 98.99 GB and 98.99 GB
           Change in available space: 8 KB
           
           Available clusters were between: 25948915 and 25948917
           Reserved clusters were between: 767790 and 767790
           Txf abort reserved clusters were between: 1024 and 1024
           
           Elapsed seconds: 3992
           
           Pagefile size: 18.27 GB
           Volume size: 235.88 GB
           Bytes per cluster: 4096
           
           Volume guid: {c5c572ba-c5d0-47f6-864e-13eb05e6d46c}
           Volume name: C:
           Is boot volume: true
           
           Cached runs miss counts:
               For MFT: 0
               For MFT zone: 0
               Everything else: 0
"
