"19-08-2026 10:02:51","5858","Error","Microsoft-Windows-WMI-Activity","Id = {946D359A-F2FC-407D-B197-2D0C433E392B}; ClientMachine = LIND55MBVC4; User = NT AUTHORITY\SYSTEM; ClientProcessId = 6944; Component = Unknown; Operation = Start IWbemServices::ExecQuery - root\CIMV2\Security\MicrosoftVolumeEncryption : SELECT * FROM Win32_EncryptableVolume Where DriveLetter='C:'; ResultCode = 0x80041032; PossibleCause = Unknown"
"19-08-2026 10:02:51","5858","Error","Microsoft-Windows-WMI-Activity","Id = {DDC56762-B7AB-4534-87C9-6C13959332C7}; ClientMachine = LIND55MBVC4; User = NT AUTHORITY\SYSTEM; ClientProcessId = 6944; Component = Unknown; Operation = Start IWbemServices::GetObject - root\cimv2\mdm : \\.\ROOT\cimv2\mdm:MDM_ConfigSetting.SettingName=""DefaultComanWorkloads""; ResultCode = 0x80041002; PossibleCause = Unknown"
"19-08-2026 10:02:51","5858","Error","Microsoft-Windows-WMI-Activity","Id = {C5E98575-AE4C-452E-918D-E128624F2035}; ClientMachine = LIND55MBVC4; User = NT AUTHORITY\SYSTEM; ClientProcessId = 6944; Component = Unknown; Operation = Start IWbemServices::GetObject - root\cimv2\mdm : \\.\ROOT\cimv2\mdm:MDM_ConfigSetting.SettingName=""ClientHealthLastSyncTime""; ResultCode = 0x80041002; PossibleCause = Unknown"
"19-08-2026 10:02:51","5858","Error","Microsoft-Windows-WMI-Activity","Id = {F2452DCA-2A88-455C-BD65-0456BC5CD584}; ClientMachine = LIND55MBVC4; User = NT AUTHORITY\SYSTEM; ClientProcessId = 6944; Component = Unknown; Operation = Start IWbemServices::GetObject - root\cimv2\mdm : \\.\ROOT\cimv2\mdm:MDM_ConfigSetting.SettingName=""ClientDeploymentErrorCode""; ResultCode = 0x80041002; PossibleCause = Unknown"
"19-08-2026 10:02:51","5858","Error","Microsoft-Windows-WMI-Activity","Id = {71820EFD-6755-4696-9506-C8E0A969D56E}; ClientMachine = LIND55MBVC4; User = NT AUTHORITY\SYSTEM; ClientProcessId = 6944; Component = Unknown; Operation = Start IWbemServices::GetObject - root\cimv2\mdm : \\.\ROOT\cimv2\mdm:MDM_ConfigSetting.SettingName=""ClientHealthStatus""; ResultCode = 0x80041002; PossibleCause = Unknown"
"19-08-2026 10:02:50","5858","Error","Microsoft-Windows-WMI-Activity","Id = {46B8BEB3-6F54-4016-B2F3-BE125C865F31}; ClientMachine = LIND55MBVC4; User = NT AUTHORITY\SYSTEM; ClientProcessId = 6944; Component = Unknown; Operation = Start IWbemServices::GetObject - root\cimv2\mdm : \\.\ROOT\cimv2\mdm:MDM_ConfigSetting.SettingName=""DefaultComanWorkloads""; ResultCode = 0x80041002; PossibleCause = Unknown"
"19-08-2026 10:02:49","5858","Error","Microsoft-Windows-WMI-Activity","Id = {31C5F6A8-0AD8-4771-A0A8-D7A78860874F}; ClientMachine = LIND55MBVC4; User = NT AUTHORITY\SYSTEM; ClientProcessId = 6944; Component = Unknown; Operation = Start IWbemServices::ExecQuery - root\Microsoft\Windows\DeviceGuard : SELECT * FROM Win32_DeviceGuard; ResultCode = 0x80041032; PossibleCause = Unknown"
"19-08-2026 10:02:49","5858","Error","Microsoft-Windows-WMI-Activity","Id = {62D32F8B-E0A8-45E6-8270-2F9A2FC58F57}; ClientMachine = LIND55MBVC4; User = NT AUTHORITY\SYSTEM; ClientProcessId = 6944; Component = Unknown; Operation = Start IWbemServices::ExecQuery - root\Microsoft\Windows\DeviceGuard : SELECT * FROM Win32_DeviceGuard; ResultCode = 0x80041032; PossibleCause = Unknown"
"19-08-2026 10:02:45","5858","Error","Microsoft-Windows-WMI-Activity","Id = {8938D5A4-0419-4F3C-AED0-4DCD98AD7558}; ClientMachine = LIND55MBVC4; User = NT AUTHORITY\SYSTEM; ClientProcessId = 6944; Component = Unknown; Operation = Start IWbemServices::ExecQuery - root\CIMV2\Security\MicrosoftVolumeEncryption : SELECT * FROM Win32_EncryptableVolume Where DriveLetter='C:'; ResultCode = 0x80041032; PossibleCause = Unknown"
"19-08-2026 10:02:44","5858","Error","Microsoft-Windows-WMI-Activity","Id = {17A47D44-1B10-4B25-9B55-53E76687F0B7}; ClientMachine = LIND55MBVC4; User = NT AUTHORITY\SYSTEM; ClientProcessId = 6944; Component = Unknown; Operation = Start IWbemServices::GetObject - root\cimv2\mdm : \\.\ROOT\cimv2\mdm:MDM_ConfigSetting.SettingName=""ClientHealthLastSyncTime""; ResultCode = 0x80041002; PossibleCause = Unknown"
"19-08-2026 10:02:44","5858","Error","Microsoft-Windows-WMI-Activity","Id = {DC8306B6-DCC9-4E3F-BEF1-19F750A3E4F0}; ClientMachine = LIND55MBVC4; User = NT AUTHORITY\SYSTEM; ClientProcessId = 6944; Component = Unknown; Operation = Start IWbemServices::GetObject - root\cimv2\mdm : \\.\ROOT\cimv2\mdm:MDM_ConfigSetting.SettingName=""ClientDeploymentErrorCode""; ResultCode = 0x80041002; PossibleCause = Unknown"
"19-08-2026 10:02:44","5858","Error","Microsoft-Windows-WMI-Activity","Id = {EF1485C5-1612-445E-9A75-6FD5F6212BBB}; ClientMachine = LIND55MBVC4; User = NT AUTHORITY\SYSTEM; ClientProcessId = 6944; Component = Unknown; Operation = Start IWbemServices::GetObject - root\cimv2\mdm : \\.\ROOT\cimv2\mdm:MDM_ConfigSetting.SettingName=""ClientHealthStatus""; ResultCode = 0x80041002; PossibleCause = Unknown"
"19-08-2026 10:02:44","5857","Information","Microsoft-Windows-WMI-Activity","MDMSettingsProv provider started with result code 0x0. HostProcess = wmiprvse.exe; ProcessID = 6824; ProviderPath = %systemroot%\system32\wbem\MDMSettingsProv.dll"
"19-08-2026 10:02:36","5858","Error","Microsoft-Windows-WMI-Activity","Id = {ED157603-C2FA-4EAB-940A-29E3430A0E16}; ClientMachine = LIND55MBVC4; User = NT AUTHORITY\SYSTEM; ClientProcessId = 30636; Component = Unknown; Operation = Start IWbemServices::ExecQuery - root\Microsoft\Windows\DeliveryOptimization : SELECT DownloadMode, DownloadModeProvider FROM MSFT_DeliveryOptimizationConfig; ResultCode = 0x80041032; PossibleCause = Unknown"
"19-08-2026 10:02:35","5858","Error","Microsoft-Windows-WMI-Activity","Id = {4DF49EDD-8C48-4688-BD3F-818EF880BA07}; ClientMachine = LIND55MBVC4; User = NT AUTHORITY\SYSTEM; ClientProcessId = 30636; Component = Unknown; Operation = Start IWbemServices::ExecQuery - root\Microsoft\Windows\DeviceGuard : SELECT AvailableSecurityProperties FROM Win32_DeviceGuard ; ResultCode = 0x80041032; PossibleCause = Unknown"
"19-08-2026 10:02:35","5858","Error","Microsoft-Windows-WMI-Activity","Id = {94CCFC5A-05A5-4021-853B-7088D301F54A}; ClientMachine = LIND55MBVC4; User = NT AUTHORITY\SYSTEM; ClientProcessId = 30636; Component = Unknown; Operation = Start IWbemServices::ExecQuery - root\Microsoft\Windows\DeviceGuard : SELECT RequiredSecurityProperties FROM Win32_DeviceGuard ; ResultCode = 0x80041032; PossibleCause = Unknown"
"19-08-2026 10:02:35","5858","Error","Microsoft-Windows-WMI-Activity","Id = {2829B7AD-BC09-4227-9203-1F8F4DCB73E7}; ClientMachine = LIND55MBVC4; User = NT AUTHORITY\SYSTEM; ClientProcessId = 30636; Component = Unknown; Operation = Start IWbemServices::ExecQuery - root\Microsoft\Windows\DeviceGuard : SELECT SecurityServicesConfigured FROM Win32_DeviceGuard ; ResultCode = 0x80041032; PossibleCause = Unknown"
"19-08-2026 10:02:35","5858","Error","Microsoft-Windows-WMI-Activity","Id = {7E3FB4DF-7565-42FE-A21D-707C9DBEECFE}; ClientMachine = LIND55MBVC4; User = NT AUTHORITY\SYSTEM; ClientProcessId = 30636; Component = Unknown; Operation = Start IWbemServices::ExecQuery - root\Microsoft\Windows\DeviceGuard : SELECT AvailableSecurityProperties FROM Win32_DeviceGuard ; ResultCode = 0x80041032; PossibleCause = Unknown"
"19-08-2026 10:02:35","5858","Error","Microsoft-Windows-WMI-Activity","Id = {6EBFC0D7-CCA7-4632-AC81-EA3E4413118F}; ClientMachine = LIND55MBVC4; User = NT AUTHORITY\SYSTEM; ClientProcessId = 30636; Component = Unknown; Operation = Start IWbemServices::ExecQuery - root\Microsoft\Windows\DeviceGuard : SELECT RequiredSecurityProperties FROM Win32_DeviceGuard ; ResultCode = 0x80041032; PossibleCause = Unknown"
"19-08-2026 10:02:35","5857","Information","Microsoft-Windows-WMI-Activity","Win32_DeviceGuard provider started with result code 0x0. HostProcess = wmiprvse.exe; ProcessID = 7000; ProviderPath = %SystemRoot%\System32\Win32_DeviceGuard.dll"
"19-08-2026 10:02:33","5858","Error","Microsoft-Windows-WMI-Activity","Id = {240D271E-6A0E-43E1-A6F9-7ED250ED40DC}; ClientMachine = LIND55MBVC4; User = NT AUTHORITY\SYSTEM; ClientProcessId = 30636; Component = Unknown; Operation = Start IWbemServices::ExecQuery - root\CIMV2\security\microsofttpm : SELECT ManufacturerIdTxt FROM win32_tpm; ResultCode = 0x80041032; PossibleCause = Unknown"
"19-08-2026 10:02:33","5858","Error","Microsoft-Windows-WMI-Activity","Id = {B6362ED6-FF8E-4B6A-A7CE-57BA9E9B8862}; ClientMachine = LIND55MBVC4; User = NT AUTHORITY\SYSTEM; ClientProcessId = 30636; Component = Unknown; Operation = Start IWbemServices::ExecQuery - root\CIMV2\security\microsofttpm : SELECT ManufacturerVersionFull20 FROM win32_tpm; ResultCode = 0x80041032; PossibleCause = Unknown"
"19-08-2026 10:02:33","5857","Information","Microsoft-Windows-WMI-Activity","Win32_TpmProvider provider started with result code 0x0. HostProcess = wmiprvse.exe; ProcessID = 7000; ProviderPath = C:\Windows\System32\wbem\Win32_TPM.dll"
"19-08-2026 10:02:33","5857","Information","Microsoft-Windows-WMI-Activity","DeliveryOptimizationMIProv provider started with result code 0x0. HostProcess = wmiprvse.exe; ProcessID = 7000; ProviderPath = C:\Windows\System32\domgmt.dll"
"19-08-2026 10:02:32","5858","Error","Microsoft-Windows-WMI-Activity","Id = {96C35C10-D42E-410B-9FC6-B46FC051E50D}; ClientMachine = LIND55MBVC4; User = NT AUTHORITY\SYSTEM; ClientProcessId = 7564; Component = Unknown; Operation = Start IWbemServices::ExecQuery - ROOT\CIMV2 : SELECT * FROM Win32_PhysicalMemory WHERE Tag='Physical Memory 0'; ResultCode = 0x80041032; PossibleCause = Unknown"
"19-08-2026 10:02:32","5858","Error","Microsoft-Windows-WMI-Activity","Id = {96C35C10-D42E-410B-9FC6-B46FC051E50D}; ClientMachine = LIND55MBVC4; User = NT AUTHORITY\SYSTEM; ClientProcessId = 7564; Component = Unknown; Operation = Start IWbemServices::ExecQuery - ROOT\CIMV2 : SELECT * FROM Win32_DiskDrive WHERE DeviceID LIKE '%PHYSICALDRIVE0%'; ResultCode = 0x80041032; PossibleCause = Unknown"
"19-08-2026 10:02:32","5858","Error","Microsoft-Windows-WMI-Activity","Id = {96C35C10-D42E-410B-9FC6-B46FC051E50D}; ClientMachine = LIND55MBVC4; User = NT AUTHORITY\SYSTEM; ClientProcessId = 7564; Component = Unknown; Operation = Start IWbemServices::ExecQuery - ROOT\CIMV2 : SELECT * FROM Win32_ComputerSystemProduct; ResultCode = 0x80041032; PossibleCause = Unknown"
"19-08-2026 10:02:17","5858","Error","Microsoft-Windows-WMI-Activity","Id = {3F97DD41-9F1C-4264-AF5A-CC0A4F6EF01E}; ClientMachine = LIND55MBVC4; User = NT AUTHORITY\SYSTEM; ClientProcessId = 18156; Component = Unknown; Operation = Start IWbemServices::ExecQuery - root\cimv2 : select ProcessId, ExecutablePath from Win32_Process where ProcessId = 13172; ResultCode = 0x80041032; PossibleCause = Unknown"
"19-08-2026 10:02:14","5858","Error","Microsoft-Windows-WMI-Activity","Id = {FFB87C97-9FE1-4F4F-A299-96064CA596E5}; ClientMachine = LIND55MBVC4; User = ENTERPRISE\arjo5004; ClientProcessId = 8692; Component = Unknown; Operation = Start IWbemServices::ExecNotificationQuery - root\cimv2 : SELECT * FROM RegistryValueChangeEvent WHERE Hive = 'HKEY_LOCAL_MACHINE' AND KeyPath = 'SOFTWARE\\Cirrus Logic\\Tunings\\DigitalAudioDisplayDevice' AND ValueName='CLABP_BLOCKED'; ResultCode = 0x80041032; PossibleCause = Unknown"
"19-08-2026 10:01:49","5857","Information","Microsoft-Windows-WMI-Activity","VpnClientPSProvider provider started with result code 0x0. HostProcess = wmiprvse.exe; ProcessID = 7000; ProviderPath = %SYSTEMROOT%\System32\wbem\vpnclientpsprovider.dll"
"19-08-2026 10:00:40","5857","Information","Microsoft-Windows-WMI-Activity","MS_NT_EVENTLOG_PROVIDER provider started with result code 0x0. HostProcess = wmiprvse.exe; ProcessID = 7000; ProviderPath = %systemroot%\system32\wbem\ntevt.dll"
"19-08-2026 10:00:39","5857","Information","Microsoft-Windows-WMI-Activity","Win32_WIN32_TERMINALSERVICESETTING_Prov provider started with result code 0x0. HostProcess = wmiprvse.exe; ProcessID = 7000; ProviderPath = %SystemRoot%\system32\tscfgwmi.dll"
"19-08-2026 10:00:39","5857","Information","Microsoft-Windows-WMI-Activity","Win32_WIN32_TERMINALSERVICE_Prov provider started with result code 0x0. HostProcess = wmiprvse.exe; ProcessID = 7000; ProviderPath = %SystemRoot%\system32\tscfgwmi.dll"
"19-08-2026 10:00:36","5857","Information","Microsoft-Windows-WMI-Activity","Win32_TpmProvider provider started with result code 0x0. HostProcess = wmiprvse.exe; ProcessID = 7000; ProviderPath = C:\Windows\System32\wbem\Win32_TPM.dll"
"19-08-2026 10:00:32","5858","Error","Microsoft-Windows-WMI-Activity","Id = {8CCB9283-B3C1-4CE7-B342-95A42196098D}; ClientMachine = LIND55MBVC4; User = NT AUTHORITY\SYSTEM; ClientProcessId = 4940; Component = Unknown; Operation = Start IWbemServices::ExecQuery - root\Microsoft\Windows\DeviceGuard : SELECT * FROM Win32_DeviceGuard; ResultCode = 0x80041032; PossibleCause = Unknown"
"19-08-2026 10:00:32","5858","Error","Microsoft-Windows-WMI-Activity","Id = {4251E96D-7201-4369-AAAB-1D51628F660E}; ClientMachine = LIND55MBVC4; User = NT AUTHORITY\SYSTEM; ClientProcessId = 4940; Component = Unknown; Operation = Start IWbemServices::ExecQuery - root\Microsoft\Windows\DeviceGuard : SELECT * FROM Win32_DeviceGuard; ResultCode = 0x80041032; PossibleCause = Unknown"
"19-08-2026 10:00:32","5857","Information","Microsoft-Windows-WMI-Activity","Win32_DeviceGuard provider started with result code 0x0. HostProcess = wmiprvse.exe; ProcessID = 7000; ProviderPath = %SystemRoot%\System32\Win32_DeviceGuard.dll"
"19-08-2026 10:00:02","5858","Error","Microsoft-Windows-WMI-Activity","Id = {7CD07D4C-4A1C-4A67-B17A-82772F18E0A5}; ClientMachine = LIND55MBVC4; User = NT AUTHORITY\NETWORK SERVICE; ClientProcessId = 9276; Component = Unknown; Operation = Start IWbemServices::ExecQuery - ROOT\StandardCimv2 : SELECT * FROM MSFT_NetAdapterStatisticsSettingData WHERE Name = 'Wi-Fi'; ResultCode = 0x80041032; PossibleCause = Unknown"
"19-08-2026 10:00:00","5858","Error","Microsoft-Windows-WMI-Activity","Id = {89247D97-BE28-47F4-9560-1382A5B659BC}; ClientMachine = LIND55MBVC4; User = NT AUTHORITY\NETWORK SERVICE; ClientProcessId = 9276; Component = Unknown; Operation = Start IWbemServices::ExecQuery - ROOT\StandardCimv2 : SELECT * FROM MSFT_NetAdapterStatisticsSettingData WHERE Name = 'Wi-Fi'; ResultCode = 0x80041032; PossibleCause = Unknown"
"19-08-2026 09:59:58","5858","Error","Microsoft-Windows-WMI-Activity","Id = {376E0BEB-7286-4E29-ABF6-790D1B354CB3}; ClientMachine = LIND55MBVC4; User = NT AUTHORITY\NETWORK SERVICE; ClientProcessId = 9276; Component = Unknown; Operation = Start IWbemServices::ExecQuery - ROOT\StandardCimv2 : SELECT * FROM MSFT_NetAdapterStatisticsSettingData WHERE Name = 'Wi-Fi'; ResultCode = 0x80041032; PossibleCause = Unknown"
"19-08-2026 09:59:55","5858","Error","Microsoft-Windows-WMI-Activity","Id = {80DFB509-DA18-4C72-BCB6-4E5E318BB1F5}; ClientMachine = LIND55MBVC4; User = NT AUTHORITY\NETWORK SERVICE; ClientProcessId = 9276; Component = Unknown; Operation = Start IWbemServices::ExecQuery - ROOT\StandardCimv2 : SELECT * FROM MSFT_NetAdapterStatisticsSettingData WHERE Name = 'Wi-Fi'; ResultCode = 0x80041032; PossibleCause = Unknown"
"19-08-2026 09:59:53","5858","Error","Microsoft-Windows-WMI-Activity","Id = {B4B60AF2-092C-4064-A3E1-782C42FCD4E8}; ClientMachine = LIND55MBVC4; User = NT AUTHORITY\NETWORK SERVICE; ClientProcessId = 9276; Component = Unknown; Operation = Start IWbemServices::ExecQuery - ROOT\StandardCimv2 : SELECT * FROM MSFT_NetAdapterStatisticsSettingData WHERE Name = 'Wi-Fi'; ResultCode = 0x80041032; PossibleCause = Unknown"
"19-08-2026 09:59:51","5858","Error","Microsoft-Windows-WMI-Activity","Id = {607F2443-FFC1-4562-B492-967218DD003D}; ClientMachine = LIND55MBVC4; User = NT AUTHORITY\NETWORK SERVICE; ClientProcessId = 9276; Component = Unknown; Operation = Start IWbemServices::ExecQuery - ROOT\StandardCimv2 : SELECT * FROM MSFT_NetAdapterStatisticsSettingData WHERE Name = 'Wi-Fi'; ResultCode = 0x80041032; PossibleCause = Unknown"
"19-08-2026 09:59:49","5858","Error","Microsoft-Windows-WMI-Activity","Id = {B704931E-2543-4A9E-BC1E-A00045D59FBE}; ClientMachine = LIND55MBVC4; User = NT AUTHORITY\NETWORK SERVICE; ClientProcessId = 9276; Component = Unknown; Operation = Start IWbemServices::ExecQuery - ROOT\StandardCimv2 : SELECT * FROM MSFT_NetAdapterStatisticsSettingData WHERE Name = 'Wi-Fi'; ResultCode = 0x80041032; PossibleCause = Unknown"
"19-08-2026 09:59:47","5858","Error","Microsoft-Windows-WMI-Activity","Id = {ECB80FFC-D5F9-4ACD-BB15-A91EA313A618}; ClientMachine = LIND55MBVC4; User = NT AUTHORITY\NETWORK SERVICE; ClientProcessId = 9276; Component = Unknown; Operation = Start IWbemServices::ExecQuery - ROOT\StandardCimv2 : SELECT * FROM MSFT_NetAdapterStatisticsSettingData WHERE Name = 'Wi-Fi'; ResultCode = 0x80041032; PossibleCause = Unknown"
"19-08-2026 09:59:45","5858","Error","Microsoft-Windows-WMI-Activity","Id = {0F292AB9-E7E4-4D70-AC58-D0F620C2EC62}; ClientMachine = LIND55MBVC4; User = NT AUTHORITY\NETWORK SERVICE; ClientProcessId = 9276; Component = Unknown; Operation = Start IWbemServices::ExecQuery - ROOT\StandardCimv2 : SELECT * FROM MSFT_NetAdapterStatisticsSettingData WHERE Name = 'Wi-Fi'; ResultCode = 0x80041032; PossibleCause = Unknown"
"19-08-2026 09:59:43","5858","Error","Microsoft-Windows-WMI-Activity","Id = {D9D1B48F-5FCB-4448-8327-35EA7E9151BB}; ClientMachine = LIND55MBVC4; User = NT AUTHORITY\NETWORK SERVICE; ClientProcessId = 9276; Component = Unknown; Operation = Start IWbemServices::ExecQuery - ROOT\StandardCimv2 : SELECT * FROM MSFT_NetAdapterStatisticsSettingData WHERE Name = 'Wi-Fi'; ResultCode = 0x80041032; PossibleCause = Unknown"
"19-08-2026 09:59:42","5857","Information","Microsoft-Windows-WMI-Activity","Win32_EncryptableVolumeProvider provider started with result code 0x0. HostProcess = wmiprvse.exe; ProcessID = 7000; ProviderPath = C:\Windows\System32\wbem\Win32_EncryptableVolume.dll"
"19-08-2026 09:59:41","5858","Error","Microsoft-Windows-WMI-Activity","Id = {141A9D80-9724-4D93-8E57-F68D6C0D03D8}; ClientMachine = LIND55MBVC4; User = NT AUTHORITY\NETWORK SERVICE; ClientProcessId = 9276; Component = Unknown; Operation = Start IWbemServices::ExecQuery - ROOT\StandardCimv2 : SELECT * FROM MSFT_NetAdapterStatisticsSettingData WHERE Name = 'Wi-Fi'; ResultCode = 0x80041032; PossibleCause = Unknown"
"19-08-2026 09:59:39","5858","Error","Microsoft-Windows-WMI-Activity","Id = {7465D13B-5147-4F17-B582-193D6068CAFC}; ClientMachine = LIND55MBVC4; User = NT AUTHORITY\NETWORK SERVICE; ClientProcessId = 9276; Component = Unknown; Operation = Start IWbemServices::ExecQuery - ROOT\StandardCimv2 : SELECT * FROM MSFT_NetAdapterStatisticsSettingData WHERE Name = 'Wi-Fi'; ResultCode = 0x80041032; PossibleCause = Unknown"
"19-08-2026 09:59:37","5858","Error","Microsoft-Windows-WMI-Activity","Id = {9D2767EC-848F-4F11-9C44-C64CCF0E2331}; ClientMachine = LIND55MBVC4; User = NT AUTHORITY\NETWORK SERVICE; ClientProcessId = 9276; Component = Unknown; Operation = Start IWbemServices::ExecQuery - ROOT\StandardCimv2 : SELECT * FROM MSFT_NetAdapterStatisticsSettingData WHERE Name = 'Wi-Fi'; ResultCode = 0x80041032; PossibleCause = Unknown"
"19-08-2026 09:59:34","5858","Error","Microsoft-Windows-WMI-Activity","Id = {9CFD9770-4196-4448-8B89-B263E2EFFC0E}; ClientMachine = LIND55MBVC4; User = NT AUTHORITY\NETWORK SERVICE; ClientProcessId = 9276; Component = Unknown; Operation = Start IWbemServices::ExecQuery - ROOT\StandardCimv2 : SELECT * FROM MSFT_NetAdapterStatisticsSettingData WHERE Name = 'Wi-Fi'; ResultCode = 0x80041032; PossibleCause = Unknown"
"19-08-2026 09:59:32","5858","Error","Microsoft-Windows-WMI-Activity","Id = {0B24379D-64B9-47D5-A0D8-389E48249ECF}; ClientMachine = LIND55MBVC4; User = NT AUTHORITY\NETWORK SERVICE; ClientProcessId = 9276; Component = Unknown; Operation = Start IWbemServices::ExecQuery - ROOT\StandardCimv2 : SELECT * FROM MSFT_NetAdapterStatisticsSettingData WHERE Name = 'Wi-Fi'; ResultCode = 0x80041032; PossibleCause = Unknown"
"19-08-2026 09:59:30","5858","Error","Microsoft-Windows-WMI-Activity","Id = {9E4B7F71-0657-48B8-9D16-A63B40395B09}; ClientMachine = LIND55MBVC4; User = NT AUTHORITY\NETWORK SERVICE; ClientProcessId = 9276; Component = Unknown; Operation = Start IWbemServices::ExecQuery - ROOT\StandardCimv2 : SELECT * FROM MSFT_NetAdapterStatisticsSettingData WHERE Name = 'Wi-Fi'; ResultCode = 0x80041032; PossibleCause = Unknown"
"19-08-2026 09:59:28","5858","Error","Microsoft-Windows-WMI-Activity","Id = {A804EBE8-D56D-4C75-8F7F-AB2A876D660C}; ClientMachine = LIND55MBVC4; User = NT AUTHORITY\NETWORK SERVICE; ClientProcessId = 9276; Component = Unknown; Operation = Start IWbemServices::ExecQuery - ROOT\StandardCimv2 : SELECT * FROM MSFT_NetAdapterStatisticsSettingData WHERE Name = 'Wi-Fi'; ResultCode = 0x80041032; PossibleCause = Unknown"
"19-08-2026 09:59:26","5858","Error","Microsoft-Windows-WMI-Activity","Id = {FA298B95-B7E0-4D07-B27E-5D19E3A32FD7}; ClientMachine = LIND55MBVC4; User = NT AUTHORITY\NETWORK SERVICE; ClientProcessId = 9276; Component = Unknown; Operation = Start IWbemServices::ExecQuery - ROOT\StandardCimv2 : SELECT * FROM MSFT_NetAdapterStatisticsSettingData WHERE Name = 'Wi-Fi'; ResultCode = 0x80041032; PossibleCause = Unknown"
"19-08-2026 09:59:24","5858","Error","Microsoft-Windows-WMI-Activity","Id = {C4967CD3-F6EE-4565-9282-4FB16F61CCDC}; ClientMachine = LIND55MBVC4; User = NT AUTHORITY\NETWORK SERVICE; ClientProcessId = 9276; Component = Unknown; Operation = Start IWbemServices::ExecQuery - ROOT\StandardCimv2 : SELECT * FROM MSFT_NetAdapterStatisticsSettingData WHERE Name = 'Wi-Fi'; ResultCode = 0x80041032; PossibleCause = Unknown"
"19-08-2026 09:59:22","5858","Error","Microsoft-Windows-WMI-Activity","Id = {324C97D7-EDA5-4918-B10A-678423BB5A9A}; ClientMachine = LIND55MBVC4; User = NT AUTHORITY\NETWORK SERVICE; ClientProcessId = 9276; Component = Unknown; Operation = Start IWbemServices::ExecQuery - ROOT\StandardCimv2 : SELECT * FROM MSFT_NetAdapterStatisticsSettingData WHERE Name = 'Wi-Fi'; ResultCode = 0x80041032; PossibleCause = Unknown"
"19-08-2026 09:59:20","5858","Error","Microsoft-Windows-WMI-Activity","Id = {1AE305F1-4A6C-40B6-835D-392AFB61D4E9}; ClientMachine = LIND55MBVC4; User = NT AUTHORITY\NETWORK SERVICE; ClientProcessId = 9276; Component = Unknown; Operation = Start IWbemServices::ExecQuery - ROOT\StandardCimv2 : SELECT * FROM MSFT_NetAdapterStatisticsSettingData WHERE Name = 'Wi-Fi'; ResultCode = 0x80041032; PossibleCause = Unknown"
"19-08-2026 09:59:18","5858","Error","Microsoft-Windows-WMI-Activity","Id = {18FDC05C-7B97-4A58-A17F-62D73BCFE448}; ClientMachine = LIND55MBVC4; User = NT AUTHORITY\NETWORK SERVICE; ClientProcessId = 9276; Component = Unknown; Operation = Start IWbemServices::ExecQuery - ROOT\StandardCimv2 : SELECT * FROM MSFT_NetAdapterStatisticsSettingData WHERE Name = 'Wi-Fi'; ResultCode = 0x80041032; PossibleCause = Unknown"
"19-08-2026 09:59:15","5858","Error","Microsoft-Windows-WMI-Activity","Id = {0E9B5E43-6CD5-4A2B-9DA4-CDCA31A26849}; ClientMachine = LIND55MBVC4; User = NT AUTHORITY\NETWORK SERVICE; ClientProcessId = 9276; Component = Unknown; Operation = Start IWbemServices::ExecQuery - ROOT\StandardCimv2 : SELECT * FROM MSFT_NetAdapterStatisticsSettingData WHERE Name = 'Wi-Fi'; ResultCode = 0x80041032; PossibleCause = Unknown"
"19-08-2026 09:59:13","5858","Error","Microsoft-Windows-WMI-Activity","Id = {7190C8D6-D9B2-43C7-9280-C17B62226C82}; ClientMachine = LIND55MBVC4; User = NT AUTHORITY\NETWORK SERVICE; ClientProcessId = 9276; Component = Unknown; Operation = Start IWbemServices::ExecQuery - ROOT\StandardCimv2 : SELECT * FROM MSFT_NetAdapterStatisticsSettingData WHERE Name = 'Wi-Fi'; ResultCode = 0x80041032; PossibleCause = Unknown"
"19-08-2026 09:59:11","5858","Error","Microsoft-Windows-WMI-Activity","Id = {1232D6D4-9685-43F8-A1FA-BA65E5364E58}; ClientMachine = LIND55MBVC4; User = NT AUTHORITY\NETWORK SERVICE; ClientProcessId = 9276; Component = Unknown; Operation = Start IWbemServices::ExecQuery - ROOT\StandardCimv2 : SELECT * FROM MSFT_NetAdapterStatisticsSettingData WHERE Name = 'Wi-Fi'; ResultCode = 0x80041032; PossibleCause = Unknown"
"19-08-2026 09:59:10","5858","Error","Microsoft-Windows-WMI-Activity","Id = {DA3D1404-01D2-4849-8B59-2C927B435957}; ClientMachine = LIND55MBVC4; User = NT AUTHORITY\NETWORK SERVICE; ClientProcessId = 9276; Component = Unknown; Operation = Start IWbemServices::ExecQuery - ROOT\StandardCimv2 : SELECT * FROM MSFT_NetAdapterStatisticsSettingData WHERE Name = 'Wi-Fi'; ResultCode = 0x80041032; PossibleCause = Unknown"
"19-08-2026 09:59:09","5858","Error","Microsoft-Windows-WMI-Activity","Id = {BCFBF063-7AFA-43B8-A98F-491BF5DFA099}; ClientMachine = LIND55MBVC4; User = NT AUTHORITY\NETWORK SERVICE; ClientProcessId = 9276; Component = Unknown; Operation = Start IWbemServices::ExecQuery - ROOT\StandardCimv2 : SELECT * FROM MSFT_NetAdapterStatisticsSettingData WHERE Name = 'Wi-Fi'; ResultCode = 0x80041032; PossibleCause = Unknown"
"19-08-2026 09:59:08","5858","Error","Microsoft-Windows-WMI-Activity","Id = {D1B69C19-DABB-4871-B35C-397203B35F5B}; ClientMachine = LIND55MBVC4; User = NT AUTHORITY\NETWORK SERVICE; ClientProcessId = 9276; Component = Unknown; Operation = Start IWbemServices::ExecQuery - ROOT\StandardCimv2 : SELECT * FROM MSFT_NetAdapterStatisticsSettingData WHERE Name = 'Wi-Fi'; ResultCode = 0x80041032; PossibleCause = Unknown"
"19-08-2026 09:59:07","5858","Error","Microsoft-Windows-WMI-Activity","Id = {11625C2B-4DFE-4067-8F07-4A88C1D86E2B}; ClientMachine = LIND55MBVC4; User = NT AUTHORITY\NETWORK SERVICE; ClientProcessId = 9276; Component = Unknown; Operation = Start IWbemServices::ExecQuery - ROOT\StandardCimv2 : SELECT * FROM MSFT_NetAdapterStatisticsSettingData WHERE Name = 'Wi-Fi'; ResultCode = 0x80041032; PossibleCause = Unknown"
"19-08-2026 09:59:06","5858","Error","Microsoft-Windows-WMI-Activity","Id = {6ADFAC0B-F4CD-4231-B42A-9BE2C4A44530}; ClientMachine = LIND55MBVC4; User = NT AUTHORITY\NETWORK SERVICE; ClientProcessId = 9276; Component = Unknown; Operation = Start IWbemServices::ExecQuery - ROOT\StandardCimv2 : SELECT * FROM MSFT_NetAdapterStatisticsSettingData WHERE Name = 'Wi-Fi'; ResultCode = 0x80041032; PossibleCause = Unknown"
"19-08-2026 09:59:05","5858","Error","Microsoft-Windows-WMI-Activity","Id = {B2415276-DD94-4A20-9E78-5DD374C523FB}; ClientMachine = LIND55MBVC4; User = NT AUTHORITY\NETWORK SERVICE; ClientProcessId = 9276; Component = Unknown; Operation = Start IWbemServices::ExecQuery - ROOT\StandardCimv2 : SELECT * FROM MSFT_NetAdapterStatisticsSettingData WHERE Name = 'Wi-Fi'; ResultCode = 0x80041032; PossibleCause = Unknown"
"19-08-2026 09:59:03","5858","Error","Microsoft-Windows-WMI-Activity","Id = {66C7BC1D-927E-41B6-A1EF-81B48357E4D9}; ClientMachine = LIND55MBVC4; User = NT AUTHORITY\NETWORK SERVICE; ClientProcessId = 9276; Component = Unknown; Operation = Start IWbemServices::ExecQuery - ROOT\StandardCimv2 : SELECT * FROM MSFT_NetAdapterStatisticsSettingData WHERE Name = 'Wi-Fi'; ResultCode = 0x80041032; PossibleCause = Unknown"
"19-08-2026 09:59:00","5858","Error","Microsoft-Windows-WMI-Activity","Id = {3E2C6573-D859-4426-9F20-C99DB6CD460F}; ClientMachine = LIND55MBVC4; User = NT AUTHORITY\NETWORK SERVICE; ClientProcessId = 9276; Component = Unknown; Operation = Start IWbemServices::ExecQuery - ROOT\StandardCimv2 : SELECT * FROM MSFT_NetAdapterStatisticsSettingData WHERE Name = 'Wi-Fi'; ResultCode = 0x80041032; PossibleCause = Unknown"
"19-08-2026 09:58:58","5858","Error","Microsoft-Windows-WMI-Activity","Id = {6B761540-1F78-4C8E-87E8-172F55D472E1}; ClientMachine = LIND55MBVC4; User = NT AUTHORITY\NETWORK SERVICE; ClientProcessId = 9276; Component = Unknown; Operation = Start IWbemServices::ExecQuery - ROOT\StandardCimv2 : SELECT * FROM MSFT_NetAdapterStatisticsSettingData WHERE Name = 'Wi-Fi'; ResultCode = 0x80041032; PossibleCause = Unknown"
"19-08-2026 09:58:56","5858","Error","Microsoft-Windows-WMI-Activity","Id = {D3ABBC05-2235-4C96-87BC-58C2DEB4C31E}; ClientMachine = LIND55MBVC4; User = NT AUTHORITY\NETWORK SERVICE; ClientProcessId = 9276; Component = Unknown; Operation = Start IWbemServices::ExecQuery - ROOT\StandardCimv2 : SELECT * FROM MSFT_NetAdapterStatisticsSettingData WHERE Name = 'Wi-Fi'; ResultCode = 0x80041032; PossibleCause = Unknown"
"19-08-2026 09:58:54","5858","Error","Microsoft-Windows-WMI-Activity","Id = {92C878C7-E95B-4085-ADEC-97731642A8CA}; ClientMachine = LIND55MBVC4; User = NT AUTHORITY\NETWORK SERVICE; ClientProcessId = 9276; Component = Unknown; Operation = Start IWbemServices::ExecQuery - ROOT\StandardCimv2 : SELECT * FROM MSFT_NetAdapterStatisticsSettingData WHERE Name = 'Wi-Fi'; ResultCode = 0x80041032; PossibleCause = Unknown"
"19-08-2026 09:58:52","5858","Error","Microsoft-Windows-WMI-Activity","Id = {01F04CE4-3367-45FD-8E4C-5B48B2C2B72D}; ClientMachine = LIND55MBVC4; User = NT AUTHORITY\NETWORK SERVICE; ClientProcessId = 9276; Component = Unknown; Operation = Start IWbemServices::ExecQuery - ROOT\StandardCimv2 : SELECT * FROM MSFT_NetAdapterStatisticsSettingData WHERE Name = 'Wi-Fi'; ResultCode = 0x80041032; PossibleCause = Unknown"
"19-08-2026 09:58:50","5858","Error","Microsoft-Windows-WMI-Activity","Id = {672C9C57-E183-480E-9A9A-200C61B8D68B}; ClientMachine = LIND55MBVC4; User = NT AUTHORITY\NETWORK SERVICE; ClientProcessId = 9276; Component = Unknown; Operation = Start IWbemServices::ExecQuery - ROOT\StandardCimv2 : SELECT * FROM MSFT_NetAdapterStatisticsSettingData WHERE Name = 'Wi-Fi'; ResultCode = 0x80041032; PossibleCause = Unknown"
"19-08-2026 09:58:48","5858","Error","Microsoft-Windows-WMI-Activity","Id = {22AA39EF-03D2-4D64-936A-9FAA17107484}; ClientMachine = LIND55MBVC4; User = NT AUTHORITY\NETWORK SERVICE; ClientProcessId = 9276; Component = Unknown; Operation = Start IWbemServices::ExecQuery - ROOT\StandardCimv2 : SELECT * FROM MSFT_NetAdapterStatisticsSettingData WHERE Name = 'Wi-Fi'; ResultCode = 0x80041032; PossibleCause = Unknown"
"19-08-2026 09:58:46","5858","Error","Microsoft-Windows-WMI-Activity","Id = {6AA2E43F-A4E6-4F6B-9F7A-B59F62B4D71B}; ClientMachine = LIND55MBVC4; User = NT AUTHORITY\NETWORK SERVICE; ClientProcessId = 9276; Component = Unknown; Operation = Start IWbemServices::ExecQuery - ROOT\StandardCimv2 : SELECT * FROM MSFT_NetAdapterStatisticsSettingData WHERE Name = 'Wi-Fi'; ResultCode = 0x80041032; PossibleCause = Unknown"
"19-08-2026 09:58:44","5858","Error","Microsoft-Windows-WMI-Activity","Id = {C83BC954-70B3-4AE5-B534-A808A38E7A74}; ClientMachine = LIND55MBVC4; User = NT AUTHORITY\NETWORK SERVICE; ClientProcessId = 9276; Component = Unknown; Operation = Start IWbemServices::ExecQuery - ROOT\StandardCimv2 : SELECT * FROM MSFT_NetAdapterStatisticsSettingData WHERE Name = 'Wi-Fi'; ResultCode = 0x80041032; PossibleCause = Unknown"
"19-08-2026 09:58:41","5858","Error","Microsoft-Windows-WMI-Activity","Id = {54D08ECA-EEB9-43BF-B253-8B770E1CD31B}; ClientMachine = LIND55MBVC4; User = NT AUTHORITY\NETWORK SERVICE; ClientProcessId = 9276; Component = Unknown; Operation = Start IWbemServices::ExecQuery - ROOT\StandardCimv2 : SELECT * FROM MSFT_NetAdapterStatisticsSettingData WHERE Name = 'Wi-Fi'; ResultCode = 0x80041032; PossibleCause = Unknown"
"19-08-2026 09:58:39","5858","Error","Microsoft-Windows-WMI-Activity","Id = {4F858DCB-7B80-4679-AA09-03A6F9BF85C3}; ClientMachine = LIND55MBVC4; User = NT AUTHORITY\NETWORK SERVICE; ClientProcessId = 9276; Component = Unknown; Operation = Start IWbemServices::ExecQuery - ROOT\StandardCimv2 : SELECT * FROM MSFT_NetAdapterStatisticsSettingData WHERE Name = 'Wi-Fi'; ResultCode = 0x80041032; PossibleCause = Unknown"
"19-08-2026 09:58:37","5858","Error","Microsoft-Windows-WMI-Activity","Id = {D0B80B3B-B83F-4D1D-AE55-6D1C25496081}; ClientMachine = LIND55MBVC4; User = NT AUTHORITY\NETWORK SERVICE; ClientProcessId = 9276; Component = Unknown; Operation = Start IWbemServices::ExecQuery - ROOT\StandardCimv2 : SELECT * FROM MSFT_NetAdapterStatisticsSettingData WHERE Name = 'Wi-Fi'; ResultCode = 0x80041032; PossibleCause = Unknown"
"19-08-2026 09:58:35","5858","Error","Microsoft-Windows-WMI-Activity","Id = {C330F73F-295F-4457-A7F4-05DD2BA13EC9}; ClientMachine = LIND55MBVC4; User = NT AUTHORITY\NETWORK SERVICE; ClientProcessId = 9276; Component = Unknown; Operation = Start IWbemServices::ExecQuery - ROOT\StandardCimv2 : SELECT * FROM MSFT_NetAdapterStatisticsSettingData WHERE Name = 'Wi-Fi'; ResultCode = 0x80041032; PossibleCause = Unknown"
"19-08-2026 09:58:33","5858","Error","Microsoft-Windows-WMI-Activity","Id = {3F0E8E5A-0AF2-4446-A87B-5AAC97ECC69D}; ClientMachine = LIND55MBVC4; User = NT AUTHORITY\NETWORK SERVICE; ClientProcessId = 9276; Component = Unknown; Operation = Start IWbemServices::ExecQuery - ROOT\StandardCimv2 : SELECT * FROM MSFT_NetAdapterStatisticsSettingData WHERE Name = 'Wi-Fi'; ResultCode = 0x80041032; PossibleCause = Unknown"
"19-08-2026 09:58:32","5858","Error","Microsoft-Windows-WMI-Activity","Id = {79C8354D-9772-40B3-A285-4303D497F52D}; ClientMachine = LIND55MBVC4; User = NT AUTHORITY\NETWORK SERVICE; ClientProcessId = 9276; Component = Unknown; Operation = Start IWbemServices::ExecQuery - ROOT\StandardCimv2 : SELECT * FROM MSFT_NetAdapterStatisticsSettingData WHERE Name = 'Wi-Fi'; ResultCode = 0x80041032; PossibleCause = Unknown"
"19-08-2026 09:58:31","5858","Error","Microsoft-Windows-WMI-Activity","Id = {52B9F282-6429-4233-BF55-BA9B8CA02C6E}; ClientMachine = LIND55MBVC4; User = NT AUTHORITY\NETWORK SERVICE; ClientProcessId = 9276; Component = Unknown; Operation = Start IWbemServices::ExecQuery - ROOT\StandardCimv2 : SELECT * FROM MSFT_NetAdapterStatisticsSettingData WHERE Name = 'Wi-Fi'; ResultCode = 0x80041032; PossibleCause = Unknown"
"19-08-2026 09:58:30","5858","Error","Microsoft-Windows-WMI-Activity","Id = {CD5F71E9-1E22-4712-AE30-F6D91056119F}; ClientMachine = LIND55MBVC4; User = NT AUTHORITY\NETWORK SERVICE; ClientProcessId = 9276; Component = Unknown; Operation = Start IWbemServices::ExecQuery - ROOT\StandardCimv2 : SELECT * FROM MSFT_NetAdapterStatisticsSettingData WHERE Name = 'Wi-Fi'; ResultCode = 0x80041032; PossibleCause = Unknown"
"19-08-2026 09:58:29","5858","Error","Microsoft-Windows-WMI-Activity","Id = {52C30F6C-150C-4DF8-B6B7-2854CB8F5DB9}; ClientMachine = LIND55MBVC4; User = NT AUTHORITY\NETWORK SERVICE; ClientProcessId = 9276; Component = Unknown; Operation = Start IWbemServices::ExecQuery - ROOT\StandardCimv2 : SELECT * FROM MSFT_NetAdapterStatisticsSettingData WHERE Name = 'Wi-Fi'; ResultCode = 0x80041032; PossibleCause = Unknown"
"19-08-2026 09:58:28","5858","Error","Microsoft-Windows-WMI-Activity","Id = {C5E30FDD-410B-4121-AFC0-A7E21DFE542A}; ClientMachine = LIND55MBVC4; User = NT AUTHORITY\NETWORK SERVICE; ClientProcessId = 9276; Component = Unknown; Operation = Start IWbemServices::ExecQuery - ROOT\StandardCimv2 : SELECT * FROM MSFT_NetAdapterStatisticsSettingData WHERE Name = 'Wi-Fi'; ResultCode = 0x80041032; PossibleCause = Unknown"
"19-08-2026 09:58:26","5858","Error","Microsoft-Windows-WMI-Activity","Id = {76136DFD-D36F-4F78-80D4-1E69F82951E3}; ClientMachine = LIND55MBVC4; User = NT AUTHORITY\NETWORK SERVICE; ClientProcessId = 9276; Component = Unknown; Operation = Start IWbemServices::ExecQuery - ROOT\StandardCimv2 : SELECT * FROM MSFT_NetAdapterStatisticsSettingData WHERE Name = 'Wi-Fi'; ResultCode = 0x80041032; PossibleCause = Unknown"
"19-08-2026 09:58:26","5857","Information","Microsoft-Windows-WMI-Activity","Provider_DiagnosticsServices provider started with result code 0x0. HostProcess = wmiprvse.exe; ProcessID = 19860; ProviderPath = %systemroot%\system32\wbem\wmiprov.dll"
"19-08-2026 09:58:25","5858","Error","Microsoft-Windows-WMI-Activity","Id = {1AA41072-24D1-4510-AC6B-C783D7BE57C0}; ClientMachine = LIND55MBVC4; User = NT AUTHORITY\NETWORK SERVICE; ClientProcessId = 9276; Component = Unknown; Operation = Start IWbemServices::ExecQuery - ROOT\StandardCimv2 : SELECT * FROM MSFT_NetAdapterStatisticsSettingData WHERE Name = 'Wi-Fi'; ResultCode = 0x80041032; PossibleCause = Unknown"
"19-08-2026 09:58:22","5858","Error","Microsoft-Windows-WMI-Activity","Id = {5A5EED30-7F6C-4EFC-8FBC-3B9CBCFAF262}; ClientMachine = LIND55MBVC4; User = NT AUTHORITY\NETWORK SERVICE; ClientProcessId = 9276; Component = Unknown; Operation = Start IWbemServices::ExecQuery - ROOT\StandardCimv2 : SELECT * FROM MSFT_NetAdapterStatisticsSettingData WHERE Name = 'Wi-Fi'; ResultCode = 0x80041032; PossibleCause = Unknown"
"19-08-2026 09:58:19","5858","Error","Microsoft-Windows-WMI-Activity","Id = {5F657873-9D7A-4DEE-8342-6CB0E6C23849}; ClientMachine = LIND55MBVC4; User = NT AUTHORITY\NETWORK SERVICE; ClientProcessId = 9276; Component = Unknown; Operation = Start IWbemServices::ExecQuery - ROOT\StandardCimv2 : SELECT * FROM MSFT_NetAdapterStatisticsSettingData WHERE Name = 'Wi-Fi'; ResultCode = 0x80041032; PossibleCause = Unknown"
"19-08-2026 09:58:17","5858","Error","Microsoft-Windows-WMI-Activity","Id = {EF258E31-AF9E-4AB7-95B0-8C4F9EE8527C}; ClientMachine = LIND55MBVC4; User = NT AUTHORITY\NETWORK SERVICE; ClientProcessId = 9276; Component = Unknown; Operation = Start IWbemServices::ExecQuery - ROOT\StandardCimv2 : SELECT * FROM MSFT_NetAdapterStatisticsSettingData WHERE Name = 'Wi-Fi'; ResultCode = 0x80041032; PossibleCause = Unknown"
"19-08-2026 09:58:15","5858","Error","Microsoft-Windows-WMI-Activity","Id = {4E1F087C-D3F5-4FBD-8E2B-640AE099016F}; ClientMachine = LIND55MBVC4; User = NT AUTHORITY\NETWORK SERVICE; ClientProcessId = 9276; Component = Unknown; Operation = Start IWbemServices::ExecQuery - ROOT\StandardCimv2 : SELECT * FROM MSFT_NetAdapterStatisticsSettingData WHERE Name = 'Wi-Fi'; ResultCode = 0x80041032; PossibleCause = Unknown"
"19-08-2026 09:58:13","5858","Error","Microsoft-Windows-WMI-Activity","Id = {D42123D7-4BF3-4149-AC67-15E6D7A2D847}; ClientMachine = LIND55MBVC4; User = NT AUTHORITY\NETWORK SERVICE; ClientProcessId = 9276; Component = Unknown; Operation = Start IWbemServices::ExecQuery - ROOT\StandardCimv2 : SELECT * FROM MSFT_NetAdapterStatisticsSettingData WHERE Name = 'Wi-Fi'; ResultCode = 0x80041032; PossibleCause = Unknown"
"19-08-2026 09:58:11","5858","Error","Microsoft-Windows-WMI-Activity","Id = {394A7688-9F01-4796-9750-D6CFA851257B}; ClientMachine = LIND55MBVC4; User = NT AUTHORITY\NETWORK SERVICE; ClientProcessId = 9276; Component = Unknown; Operation = Start IWbemServices::ExecQuery - ROOT\StandardCimv2 : SELECT * FROM MSFT_NetAdapterStatisticsSettingData WHERE Name = 'Wi-Fi'; ResultCode = 0x80041032; PossibleCause = Unknown"
"19-08-2026 09:58:09","5858","Error","Microsoft-Windows-WMI-Activity","Id = {6A570341-E8DC-4C4F-85FA-049E1E2D4F84}; ClientMachine = LIND55MBVC4; User = NT AUTHORITY\NETWORK SERVICE; ClientProcessId = 9276; Component = Unknown; Operation = Start IWbemServices::ExecQuery - ROOT\StandardCimv2 : SELECT * FROM MSFT_NetAdapterStatisticsSettingData WHERE Name = 'Wi-Fi'; ResultCode = 0x80041032; PossibleCause = Unknown"
"19-08-2026 09:58:08","5857","Information","Microsoft-Windows-WMI-Activity","ScheduledTaskProv provider started with result code 0x0. HostProcess = wmiprvse.exe; ProcessID = 7000; ProviderPath = %SYSTEMROOT%\System32\wbem\schedprov.dll"
"19-08-2026 09:58:07","5858","Error","Microsoft-Windows-WMI-Activity","Id = {1D42F804-0150-471D-A011-4FE8CA0CB5D3}; ClientMachine = LIND55MBVC4; User = NT AUTHORITY\NETWORK SERVICE; ClientProcessId = 9276; Component = Unknown; Operation = Start IWbemServices::ExecQuery - ROOT\StandardCimv2 : SELECT * FROM MSFT_NetAdapterStatisticsSettingData WHERE Name = 'Wi-Fi'; ResultCode = 0x80041032; PossibleCause = Unknown"
"19-08-2026 09:58:05","5858","Error","Microsoft-Windows-WMI-Activity","Id = {D6A4B7C3-D529-40D0-B296-F6D20CD5F4D2}; ClientMachine = LIND55MBVC4; User = NT AUTHORITY\NETWORK SERVICE; ClientProcessId = 9276; Component = Unknown; Operation = Start IWbemServices::ExecQuery - ROOT\StandardCimv2 : SELECT * FROM MSFT_NetAdapterStatisticsSettingData WHERE Name = 'Wi-Fi'; ResultCode = 0x80041032; PossibleCause = Unknown"
"19-08-2026 09:58:03","5858","Error","Microsoft-Windows-WMI-Activity","Id = {71C7DFEA-7F6D-4EB4-B651-5FABC4F92A44}; ClientMachine = LIND55MBVC4; User = NT AUTHORITY\NETWORK SERVICE; ClientProcessId = 9276; Component = Unknown; Operation = Start IWbemServices::ExecQuery - ROOT\StandardCimv2 : SELECT * FROM MSFT_NetAdapterStatisticsSettingData WHERE Name = 'Wi-Fi'; ResultCode = 0x80041032; PossibleCause = Unknown"
"19-08-2026 09:58:00","5858","Error","Microsoft-Windows-WMI-Activity","Id = {7F87BAFD-832F-4918-B45A-3CF7F5D0CC99}; ClientMachine = LIND55MBVC4; User = NT AUTHORITY\NETWORK SERVICE; ClientProcessId = 9276; Component = Unknown; Operation = Start IWbemServices::ExecQuery - ROOT\StandardCimv2 : SELECT * FROM MSFT_NetAdapterStatisticsSettingData WHERE Name = 'Wi-Fi'; ResultCode = 0x80041032; PossibleCause = Unknown"
"19-08-2026 09:57:58","5858","Error","Microsoft-Windows-WMI-Activity","Id = {90AE9F7E-72C4-49AF-A5D3-BEF06870790D}; ClientMachine = LIND55MBVC4; User = NT AUTHORITY\NETWORK SERVICE; ClientProcessId = 9276; Component = Unknown; Operation = Start IWbemServices::ExecQuery - ROOT\StandardCimv2 : SELECT * FROM MSFT_NetAdapterStatisticsSettingData WHERE Name = 'Wi-Fi'; ResultCode = 0x80041032; PossibleCause = Unknown"
"19-08-2026 09:57:56","5858","Error","Microsoft-Windows-WMI-Activity","Id = {149C5788-3AB7-410A-A668-CA856D74CF98}; ClientMachine = LIND55MBVC4; User = NT AUTHORITY\NETWORK SERVICE; ClientProcessId = 9276; Component = Unknown; Operation = Start IWbemServices::ExecQuery - ROOT\StandardCimv2 : SELECT * FROM MSFT_NetAdapterStatisticsSettingData WHERE Name = 'Wi-Fi'; ResultCode = 0x80041032; PossibleCause = Unknown"
"19-08-2026 09:57:54","5858","Error","Microsoft-Windows-WMI-Activity","Id = {94C5BEB8-87E6-4802-BF08-8A3145B55BD1}; ClientMachine = LIND55MBVC4; User = NT AUTHORITY\NETWORK SERVICE; ClientProcessId = 9276; Component = Unknown; Operation = Start IWbemServices::ExecQuery - ROOT\StandardCimv2 : SELECT * FROM MSFT_NetAdapterStatisticsSettingData WHERE Name = 'Wi-Fi'; ResultCode = 0x80041032; PossibleCause = Unknown"
"19-08-2026 09:57:52","5858","Error","Microsoft-Windows-WMI-Activity","Id = {5AEA7D06-4CF9-43D7-BFD1-D8B9658553AA}; ClientMachine = LIND55MBVC4; User = NT AUTHORITY\NETWORK SERVICE; ClientProcessId = 9276; Component = Unknown; Operation = Start IWbemServices::ExecQuery - ROOT\StandardCimv2 : SELECT * FROM MSFT_NetAdapterStatisticsSettingData WHERE Name = 'Wi-Fi'; ResultCode = 0x80041032; PossibleCause = Unknown"
"19-08-2026 09:57:50","5858","Error","Microsoft-Windows-WMI-Activity","Id = {BF2DB4D2-D047-4EA9-B4FA-D70801A7DC98}; ClientMachine = LIND55MBVC4; User = NT AUTHORITY\NETWORK SERVICE; ClientProcessId = 9276; Component = Unknown; Operation = Start IWbemServices::ExecQuery - ROOT\StandardCimv2 : SELECT * FROM MSFT_NetAdapterStatisticsSettingData WHERE Name = 'Wi-Fi'; ResultCode = 0x80041032; PossibleCause = Unknown"
"19-08-2026 09:57:48","5858","Error","Microsoft-Windows-WMI-Activity","Id = {0EC398C7-D066-44D0-BD01-C5C74C9C3C01}; ClientMachine = LIND55MBVC4; User = NT AUTHORITY\NETWORK SERVICE; ClientProcessId = 9276; Component = Unknown; Operation = Start IWbemServices::ExecQuery - ROOT\StandardCimv2 : SELECT * FROM MSFT_NetAdapterStatisticsSettingData WHERE Name = 'Wi-Fi'; ResultCode = 0x80041032; PossibleCause = Unknown"
"19-08-2026 09:57:47","5857","Information","Microsoft-Windows-WMI-Activity","IntelMEProv provider started with result code 0x0. HostProcess = wmiprvse.exe; ProcessID = 16040; ProviderPath = %SystemRoot%\System32\DriverStore\FileRepository\mewmiprov.inf_amd64_92a56761ef7ba712\MEProv.dll"
"19-08-2026 09:57:46","5858","Error","Microsoft-Windows-WMI-Activity","Id = {257C93A8-6509-4741-8F8A-B23635A03BD2}; ClientMachine = LIND55MBVC4; User = NT AUTHORITY\NETWORK SERVICE; ClientProcessId = 9276; Component = Unknown; Operation = Start IWbemServices::ExecQuery - ROOT\StandardCimv2 : SELECT * FROM MSFT_NetAdapterStatisticsSettingData WHERE Name = 'Wi-Fi'; ResultCode = 0x80041032; PossibleCause = Unknown"
"19-08-2026 09:57:44","5858","Error","Microsoft-Windows-WMI-Activity","Id = {37E9E970-CB0E-4EE5-A6C7-037CDE317222}; ClientMachine = LIND55MBVC4; User = NT AUTHORITY\NETWORK SERVICE; ClientProcessId = 9276; Component = Unknown; Operation = Start IWbemServices::ExecQuery - ROOT\StandardCimv2 : SELECT * FROM MSFT_NetAdapterStatisticsSettingData WHERE Name = 'Wi-Fi'; ResultCode = 0x80041032; PossibleCause = Unknown"
"19-08-2026 09:57:42","5857","Information","Microsoft-Windows-WMI-Activity","Win32_EncryptableVolumeProvider provider started with result code 0x0. HostProcess = wmiprvse.exe; ProcessID = 7000; ProviderPath = C:\Windows\System32\wbem\Win32_EncryptableVolume.dll"
"19-08-2026 09:57:42","5858","Error","Microsoft-Windows-WMI-Activity","Id = {6DC3782C-599D-4F6C-8658-12EE990D272E}; ClientMachine = LIND55MBVC4; User = NT AUTHORITY\NETWORK SERVICE; ClientProcessId = 9276; Component = Unknown; Operation = Start IWbemServices::ExecQuery - ROOT\StandardCimv2 : SELECT * FROM MSFT_NetAdapterStatisticsSettingData WHERE Name = 'Wi-Fi'; ResultCode = 0x80041032; PossibleCause = Unknown"
"19-08-2026 09:57:40","5858","Error","Microsoft-Windows-WMI-Activity","Id = {DC144E42-7B2A-4ED6-96D1-3C23075C20ED}; ClientMachine = LIND55MBVC4; User = NT AUTHORITY\NETWORK SERVICE; ClientProcessId = 9276; Component = Unknown; Operation = Start IWbemServices::ExecQuery - ROOT\StandardCimv2 : SELECT * FROM MSFT_NetAdapterStatisticsSettingData WHERE Name = 'Wi-Fi'; ResultCode = 0x80041032; PossibleCause = Unknown"
"19-08-2026 09:57:38","5858","Error","Microsoft-Windows-WMI-Activity","Id = {60D5098A-0652-49D2-9B0C-BE74FBB3868E}; ClientMachine = LIND55MBVC4; User = NT AUTHORITY\NETWORK SERVICE; ClientProcessId = 9276; Component = Unknown; Operation = Start IWbemServices::ExecQuery - ROOT\StandardCimv2 : SELECT * FROM MSFT_NetAdapterStatisticsSettingData WHERE Name = 'Wi-Fi'; ResultCode = 0x80041032; PossibleCause = Unknown"
"19-08-2026 09:57:36","5858","Error","Microsoft-Windows-WMI-Activity","Id = {9F94C49E-EA27-4463-8C27-83B12AA91D55}; ClientMachine = LIND55MBVC4; User = NT AUTHORITY\SYSTEM; ClientProcessId = 3760; Component = Unknown; Operation = Start IWbemServices::ExecQuery - root\dcim\sysman\biosattributes : SELECT * FROM EnumerationAttribute; ResultCode = 0x80041032; PossibleCause = Unknown"
"19-08-2026 09:57:36","5858","Error","Microsoft-Windows-WMI-Activity","Id = {1B654EDB-C5C3-4D53-B1D7-111595C350C4}; ClientMachine = LIND55MBVC4; User = NT AUTHORITY\NETWORK SERVICE; ClientProcessId = 9276; Component = Unknown; Operation = Start IWbemServices::ExecQuery - ROOT\StandardCimv2 : SELECT * FROM MSFT_NetAdapterStatisticsSettingData WHERE Name = 'Wi-Fi'; ResultCode = 0x80041032; PossibleCause = Unknown"
"19-08-2026 09:57:34","5858","Error","Microsoft-Windows-WMI-Activity","Id = {97E02B98-1CD0-44D6-84D3-816B39CF7CB3}; ClientMachine = LIND55MBVC4; User = NT AUTHORITY\NETWORK SERVICE; ClientProcessId = 9276; Component = Unknown; Operation = Start IWbemServices::ExecQuery - ROOT\StandardCimv2 : SELECT * FROM MSFT_NetAdapterStatisticsSettingData WHERE Name = 'Wi-Fi'; ResultCode = 0x80041032; PossibleCause = Unknown"
"19-08-2026 09:57:32","5858","Error","Microsoft-Windows-WMI-Activity","Id = {A875DB70-0DF0-402A-B252-7A9BAEE52C1E}; ClientMachine = LIND55MBVC4; User = NT AUTHORITY\NETWORK SERVICE; ClientProcessId = 9276; Component = Unknown; Operation = Start IWbemServices::ExecQuery - ROOT\StandardCimv2 : SELECT * FROM MSFT_NetAdapterStatisticsSettingData WHERE Name = 'Wi-Fi'; ResultCode = 0x80041032; PossibleCause = Unknown"
"19-08-2026 09:57:30","5858","Error","Microsoft-Windows-WMI-Activity","Id = {E0F9FE38-09FB-42E1-BDB6-30490362BDA2}; ClientMachine = LIND55MBVC4; User = NT AUTHORITY\NETWORK SERVICE; ClientProcessId = 9276; Component = Unknown; Operation = Start IWbemServices::ExecQuery - ROOT\StandardCimv2 : SELECT * FROM MSFT_NetAdapterStatisticsSettingData WHERE Name = 'Wi-Fi'; ResultCode = 0x80041032; PossibleCause = Unknown"
"19-08-2026 09:57:28","5858","Error","Microsoft-Windows-WMI-Activity","Id = {5519EB9F-2682-477D-8C9E-1FD2EB297B49}; ClientMachine = LIND55MBVC4; User = NT AUTHORITY\NETWORK SERVICE; ClientProcessId = 9276; Component = Unknown; Operation = Start IWbemServices::ExecQuery - ROOT\StandardCimv2 : SELECT * FROM MSFT_NetAdapterStatisticsSettingData WHERE Name = 'Wi-Fi'; ResultCode = 0x80041032; PossibleCause = Unknown"
"19-08-2026 09:57:26","5858","Error","Microsoft-Windows-WMI-Activity","Id = {EFD007A1-5CCC-42DA-967F-3C72BF98F0EC}; ClientMachine = LIND55MBVC4; User = NT AUTHORITY\NETWORK SERVICE; ClientProcessId = 9276; Component = Unknown; Operation = Start IWbemServices::ExecQuery - ROOT\StandardCimv2 : SELECT * FROM MSFT_NetAdapterStatisticsSettingData WHERE Name = 'Wi-Fi'; ResultCode = 0x80041032; PossibleCause = Unknown"
"19-08-2026 09:57:23","5858","Error","Microsoft-Windows-WMI-Activity","Id = {1F83A3B8-5331-45D3-B6E8-9E519494F818}; ClientMachine = LIND55MBVC4; User = NT AUTHORITY\NETWORK SERVICE; ClientProcessId = 9276; Component = Unknown; Operation = Start IWbemServices::ExecQuery - ROOT\StandardCimv2 : SELECT * FROM MSFT_NetAdapterStatisticsSettingData WHERE Name = 'Wi-Fi'; ResultCode = 0x80041032; PossibleCause = Unknown"
"19-08-2026 09:57:21","5858","Error","Microsoft-Windows-WMI-Activity","Id = {1B2F367A-373C-4372-9DFC-43E6F0C8EADB}; ClientMachine = LIND55MBVC4; User = NT AUTHORITY\NETWORK SERVICE; ClientProcessId = 9276; Component = Unknown; Operation = Start IWbemServices::ExecQuery - ROOT\StandardCimv2 : SELECT * FROM MSFT_NetAdapterStatisticsSettingData WHERE Name = 'Wi-Fi'; ResultCode = 0x80041032; PossibleCause = Unknown"
