"25-06-2026 09:34:26","404","Error","Microsoft-Windows-DeviceManagement-Enterprise-Diagnostics-Provider","MDM ConfigurationManager: Command failure status. Configuration Source ID: (386F60E8-6817-4304-B348-3E8545F3B70A), Enrollment Name: (MDMDeviceWithAAD), Provider Name: (Policy), Command Type: (Add: from Replace or Add), CSP URI: (./Device/Vendor/MSFT/Policy/Config/ApplicationManagement/RemoveDefaultMicrosoftStorePackages), Result: (Unknown Win32 Error code: 0x82b00001)."
"25-06-2026 09:34:26","810","Error","Microsoft-Windows-DeviceManagement-Enterprise-Diagnostics-Provider","MDM PolicyManager: Set policy string, Policy: (RemoveDefaultMicrosoftStorePackages), Area: (ApplicationManagement), EnrollmentID requesting set: (386F60E8-6817-4304-B348-3E8545F3B70A), Current User: (Device), String: (<enabled/><data id=""WindowsFeedbackHub"" value=""true"" /><data id=""MicrosoftOfficeHub"" value=""false"" /><data id=""Clipchamp"" value=""false"" /><data id=""Copilot"" value=""false"" /><data id=""BingNews"" value=""true"" /><data id=""Photos"" value=""false"" /><data id=""MicrosoftSolitaireCollection"" value=""true"" /><data id=""MicrosoftStickyNotes"" value=""false"" /><data id=""MSTeams"" value=""false"" /><data id=""Todo"" value=""false"" /><data id=""BingWeather"" value=""true"" /><data id=""OutlookForWindows"" value=""false"" /><data id=""Paint"" value=""false"" /><data id=""QuickAssist"" value=""false"" /><data id=""ScreenSketch"" value=""false"" /><data id=""WindowsCalculator"" value=""false"" /><data id=""WindowsCamera"" value=""false"" /><data id=""MediaPlayer"" value=""false"" /><data id=""WindowsNotepad"" value=""false"" /><data id=""WindowsSoundRecorder"" value=""false"" /><data id=""WindowsTerminal"" value=""false"" /><data id=""GamingApp"" value=""true"" /><data id=""XboxIdentityProvider"" value=""true"" /><data id=""XboxSpeechToTextOverlay"" value=""true"" /><data id=""XboxTCUI"" value=""true"" />), Enrollment Type: (0x6), Scope: (0x0), Result:(0x82B00001) Unknown Win32 Error code: 0x82b00001."
"25-06-2026 09:34:26","856","Error","Microsoft-Windows-DeviceManagement-Enterprise-Diagnostics-Provider","MDM PolicyManager: ADMX ingestion given payload policy definition element Id not found: Id (DynamicRemovalList). Result:(0x82B00001) Unknown Win32 Error code: 0x82b00001."
"25-06-2026 09:34:26","2204","Information","Microsoft-Windows-DeviceManagement-Enterprise-Diagnostics-Provider","Caching uri for blocking mapped GP location. URI: (./Device/Vendor/MSFT/Policy/Config/ApplicationManagement/RemoveDefaultMicrosoftStorePackages), Operation: (0x0)."
"25-06-2026 09:34:24","404","Error","Microsoft-Windows-DeviceManagement-Enterprise-Diagnostics-Provider","MDM ConfigurationManager: Command failure status. Configuration Source ID: (386F60E8-6817-4304-B348-3E8545F3B70A), Enrollment Name: (MDMDeviceWithAAD), Provider Name: (Policy), Command Type: (Add: from Replace or Add), CSP URI: (./Device/Vendor/MSFT/Policy/ConfigOperations/ADMXInstall/Receiver/Properties/Policy/FakePolicy/Version), Result: (The system cannot find the file specified.)."
"24-06-2026 13:11:55","404","Error","Microsoft-Windows-DeviceManagement-Enterprise-Diagnostics-Provider","MDM ConfigurationManager: Command failure status. Configuration Source ID: (386F60E8-6817-4304-B348-3E8545F3B70A), Enrollment Name: (MDMDeviceWithAAD), Provider Name: (Policy), Command Type: (Add: from Replace or Add), CSP URI: (./Device/Vendor/MSFT/Policy/Config/ApplicationManagement/RemoveDefaultMicrosoftStorePackages), Result: (Unknown Win32 Error code: 0x82b00001)."
"24-06-2026 13:11:55","810","Error","Microsoft-Windows-DeviceManagement-Enterprise-Diagnostics-Provider","MDM PolicyManager: Set policy string, Policy: (RemoveDefaultMicrosoftStorePackages), Area: (ApplicationManagement), EnrollmentID requesting set: (386F60E8-6817-4304-B348-3E8545F3B70A), Current User: (Device), String: (<enabled/><data id=""WindowsFeedbackHub"" value=""true"" /><data id=""MicrosoftOfficeHub"" value=""false"" /><data id=""Clipchamp"" value=""false"" /><data id=""Copilot"" value=""false"" /><data id=""BingNews"" value=""true"" /><data id=""Photos"" value=""false"" /><data id=""MicrosoftSolitaireCollection"" value=""true"" /><data id=""MicrosoftStickyNotes"" value=""false"" /><data id=""MSTeams"" value=""false"" /><data id=""Todo"" value=""false"" /><data id=""BingWeather"" value=""true"" /><data id=""OutlookForWindows"" value=""false"" /><data id=""Paint"" value=""false"" /><data id=""QuickAssist"" value=""false"" /><data id=""ScreenSketch"" value=""false"" /><data id=""WindowsCalculator"" value=""false"" /><data id=""WindowsCamera"" value=""false"" /><data id=""MediaPlayer"" value=""false"" /><data id=""WindowsNotepad"" value=""false"" /><data id=""WindowsSoundRecorder"" value=""false"" /><data id=""WindowsTerminal"" value=""false"" /><data id=""GamingApp"" value=""true"" /><data id=""XboxIdentityProvider"" value=""true"" /><data id=""XboxSpeechToTextOverlay"" value=""true"" /><data id=""XboxTCUI"" value=""true"" />), Enrollment Type: (0x6), Scope: (0x0), Result:(0x82B00001) Unknown Win32 Error code: 0x82b00001."
"24-06-2026 13:11:55","856","Error","Microsoft-Windows-DeviceManagement-Enterprise-Diagnostics-Provider","MDM PolicyManager: ADMX ingestion given payload policy definition element Id not found: Id (DynamicRemovalList). Result:(0x82B00001) Unknown Win32 Error code: 0x82b00001."
"24-06-2026 13:11:55","2204","Information","Microsoft-Windows-DeviceManagement-Enterprise-Diagnostics-Provider","Caching uri for blocking mapped GP location. URI: (./Device/Vendor/MSFT/Policy/Config/ApplicationManagement/RemoveDefaultMicrosoftStorePackages), Operation: (0x0)."
"24-06-2026 13:11:52","404","Error","Microsoft-Windows-DeviceManagement-Enterprise-Diagnostics-Provider","MDM ConfigurationManager: Command failure status. Configuration Source ID: (386F60E8-6817-4304-B348-3E8545F3B70A), Enrollment Name: (MDMDeviceWithAAD), Provider Name: (Policy), Command Type: (Add: from Replace or Add), CSP URI: (./Device/Vendor/MSFT/Policy/ConfigOperations/ADMXInstall/Receiver/Properties/Policy/FakePolicy/Version), Result: (The system cannot find the file specified.)."
"24-06-2026 12:00:52","813","Information","Microsoft-Windows-DeviceManagement-Enterprise-Diagnostics-Provider","MDM PolicyManager: Set policy int, Policy: (QuickMachineRecoveryEnrolled), Area: (Update), EnrollmentID requesting merge: (B04F44A4-B696-4B56-934A-C11667E944E4), Current User: (Device), Int: (0x0), Enrollment Type: (0x20), Scope: (0x0)."
"24-06-2026 12:00:52","813","Information","Microsoft-Windows-DeviceManagement-Enterprise-Diagnostics-Provider","MDM PolicyManager: Set policy int, Policy: (DriverUpdateEnrolled), Area: (Update), EnrollmentID requesting merge: (B04F44A4-B696-4B56-934A-C11667E944E4), Current User: (Device), Int: (0x0), Enrollment Type: (0x20), Scope: (0x0)."
"24-06-2026 12:00:52","813","Information","Microsoft-Windows-DeviceManagement-Enterprise-Diagnostics-Provider","MDM PolicyManager: Set policy int, Policy: (AllowRebootlessUpdates), Area: (Update), EnrollmentID requesting merge: (B04F44A4-B696-4B56-934A-C11667E944E4), Current User: (Device), Int: (0x1), Enrollment Type: (0x20), Scope: (0x0)."
"24-06-2026 12:00:52","813","Information","Microsoft-Windows-DeviceManagement-Enterprise-Diagnostics-Provider","MDM PolicyManager: Set policy int, Policy: (FeatureUpdateEnrolled), Area: (Update), EnrollmentID requesting merge: (B04F44A4-B696-4B56-934A-C11667E944E4), Current User: (Device), Int: (0x1), Enrollment Type: (0x20), Scope: (0x0)."
"24-06-2026 12:00:52","813","Information","Microsoft-Windows-DeviceManagement-Enterprise-Diagnostics-Provider","MDM PolicyManager: Set policy int, Policy: (QualityUpdateEnrolled), Area: (Update), EnrollmentID requesting merge: (B04F44A4-B696-4B56-934A-C11667E944E4), Current User: (Device), Int: (0x0), Enrollment Type: (0x20), Scope: (0x0)."
"24-06-2026 10:50:03","404","Error","Microsoft-Windows-DeviceManagement-Enterprise-Diagnostics-Provider","MDM ConfigurationManager: Command failure status. Configuration Source ID: (386F60E8-6817-4304-B348-3E8545F3B70A), Enrollment Name: (MDMDeviceWithAAD), Provider Name: (Policy), Command Type: (Add: from Replace or Add), CSP URI: (./Device/Vendor/MSFT/Policy/Config/ApplicationManagement/RemoveDefaultMicrosoftStorePackages), Result: (Unknown Win32 Error code: 0x82b00001)."
"24-06-2026 10:50:03","810","Error","Microsoft-Windows-DeviceManagement-Enterprise-Diagnostics-Provider","MDM PolicyManager: Set policy string, Policy: (RemoveDefaultMicrosoftStorePackages), Area: (ApplicationManagement), EnrollmentID requesting set: (386F60E8-6817-4304-B348-3E8545F3B70A), Current User: (Device), String: (<enabled/><data id=""WindowsFeedbackHub"" value=""true"" /><data id=""MicrosoftOfficeHub"" value=""false"" /><data id=""Clipchamp"" value=""false"" /><data id=""Copilot"" value=""false"" /><data id=""BingNews"" value=""true"" /><data id=""Photos"" value=""false"" /><data id=""MicrosoftSolitaireCollection"" value=""true"" /><data id=""MicrosoftStickyNotes"" value=""false"" /><data id=""MSTeams"" value=""false"" /><data id=""Todo"" value=""false"" /><data id=""BingWeather"" value=""true"" /><data id=""OutlookForWindows"" value=""false"" /><data id=""Paint"" value=""false"" /><data id=""QuickAssist"" value=""false"" /><data id=""ScreenSketch"" value=""false"" /><data id=""WindowsCalculator"" value=""false"" /><data id=""WindowsCamera"" value=""false"" /><data id=""MediaPlayer"" value=""false"" /><data id=""WindowsNotepad"" value=""false"" /><data id=""WindowsSoundRecorder"" value=""false"" /><data id=""WindowsTerminal"" value=""false"" /><data id=""GamingApp"" value=""true"" /><data id=""XboxIdentityProvider"" value=""true"" /><data id=""XboxSpeechToTextOverlay"" value=""true"" /><data id=""XboxTCUI"" value=""true"" />), Enrollment Type: (0x6), Scope: (0x0), Result:(0x82B00001) Unknown Win32 Error code: 0x82b00001."
"24-06-2026 10:50:03","856","Error","Microsoft-Windows-DeviceManagement-Enterprise-Diagnostics-Provider","MDM PolicyManager: ADMX ingestion given payload policy definition element Id not found: Id (DynamicRemovalList). Result:(0x82B00001) Unknown Win32 Error code: 0x82b00001."
"24-06-2026 10:50:03","2204","Information","Microsoft-Windows-DeviceManagement-Enterprise-Diagnostics-Provider","Caching uri for blocking mapped GP location. URI: (./Device/Vendor/MSFT/Policy/Config/ApplicationManagement/RemoveDefaultMicrosoftStorePackages), Operation: (0x0)."
"24-06-2026 10:50:00","404","Error","Microsoft-Windows-DeviceManagement-Enterprise-Diagnostics-Provider","MDM ConfigurationManager: Command failure status. Configuration Source ID: (386F60E8-6817-4304-B348-3E8545F3B70A), Enrollment Name: (MDMDeviceWithAAD), Provider Name: (Policy), Command Type: (Add: from Replace or Add), CSP URI: (./Device/Vendor/MSFT/Policy/ConfigOperations/ADMXInstall/Receiver/Properties/Policy/FakePolicy/Version), Result: (The system cannot find the file specified.)."
"24-06-2026 10:48:47","404","Error","Microsoft-Windows-DeviceManagement-Enterprise-Diagnostics-Provider","MDM ConfigurationManager: Command failure status. Configuration Source ID: (386F60E8-6817-4304-B348-3E8545F3B70A), Enrollment Name: (MDMDeviceWithAAD), Provider Name: (Policy), Command Type: (Add: from Replace or Add), CSP URI: (./Device/Vendor/MSFT/Policy/Config/ApplicationManagement/RemoveDefaultMicrosoftStorePackages), Result: (Unknown Win32 Error code: 0x82b00001)."
"24-06-2026 10:48:47","810","Error","Microsoft-Windows-DeviceManagement-Enterprise-Diagnostics-Provider","MDM PolicyManager: Set policy string, Policy: (RemoveDefaultMicrosoftStorePackages), Area: (ApplicationManagement), EnrollmentID requesting set: (386F60E8-6817-4304-B348-3E8545F3B70A), Current User: (Device), String: (<enabled/><data id=""WindowsFeedbackHub"" value=""true"" /><data id=""MicrosoftOfficeHub"" value=""false"" /><data id=""Clipchamp"" value=""false"" /><data id=""Copilot"" value=""false"" /><data id=""BingNews"" value=""true"" /><data id=""Photos"" value=""false"" /><data id=""MicrosoftSolitaireCollection"" value=""true"" /><data id=""MicrosoftStickyNotes"" value=""false"" /><data id=""MSTeams"" value=""false"" /><data id=""Todo"" value=""false"" /><data id=""BingWeather"" value=""true"" /><data id=""OutlookForWindows"" value=""false"" /><data id=""Paint"" value=""false"" /><data id=""QuickAssist"" value=""false"" /><data id=""ScreenSketch"" value=""false"" /><data id=""WindowsCalculator"" value=""false"" /><data id=""WindowsCamera"" value=""false"" /><data id=""MediaPlayer"" value=""false"" /><data id=""WindowsNotepad"" value=""false"" /><data id=""WindowsSoundRecorder"" value=""false"" /><data id=""WindowsTerminal"" value=""false"" /><data id=""GamingApp"" value=""true"" /><data id=""XboxIdentityProvider"" value=""true"" /><data id=""XboxSpeechToTextOverlay"" value=""true"" /><data id=""XboxTCUI"" value=""true"" />), Enrollment Type: (0x6), Scope: (0x0), Result:(0x82B00001) Unknown Win32 Error code: 0x82b00001."
"24-06-2026 10:48:47","856","Error","Microsoft-Windows-DeviceManagement-Enterprise-Diagnostics-Provider","MDM PolicyManager: ADMX ingestion given payload policy definition element Id not found: Id (DynamicRemovalList). Result:(0x82B00001) Unknown Win32 Error code: 0x82b00001."
"24-06-2026 10:48:47","2204","Information","Microsoft-Windows-DeviceManagement-Enterprise-Diagnostics-Provider","Caching uri for blocking mapped GP location. URI: (./Device/Vendor/MSFT/Policy/Config/ApplicationManagement/RemoveDefaultMicrosoftStorePackages), Operation: (0x0)."
"24-06-2026 10:48:44","404","Error","Microsoft-Windows-DeviceManagement-Enterprise-Diagnostics-Provider","MDM ConfigurationManager: Command failure status. Configuration Source ID: (386F60E8-6817-4304-B348-3E8545F3B70A), Enrollment Name: (MDMDeviceWithAAD), Provider Name: (Policy), Command Type: (Add: from Replace or Add), CSP URI: (./Device/Vendor/MSFT/Policy/ConfigOperations/ADMXInstall/Receiver/Properties/Policy/FakePolicy/Version), Result: (The system cannot find the file specified.)."
"23-06-2026 10:03:49","813","Information","Microsoft-Windows-DeviceManagement-Enterprise-Diagnostics-Provider","MDM PolicyManager: Set policy int, Policy: (QuickMachineRecoveryEnrolled), Area: (Update), EnrollmentID requesting merge: (B04F44A4-B696-4B56-934A-C11667E944E4), Current User: (Device), Int: (0x0), Enrollment Type: (0x20), Scope: (0x0)."
"23-06-2026 10:03:49","813","Information","Microsoft-Windows-DeviceManagement-Enterprise-Diagnostics-Provider","MDM PolicyManager: Set policy int, Policy: (DriverUpdateEnrolled), Area: (Update), EnrollmentID requesting merge: (B04F44A4-B696-4B56-934A-C11667E944E4), Current User: (Device), Int: (0x0), Enrollment Type: (0x20), Scope: (0x0)."
"23-06-2026 10:03:49","813","Information","Microsoft-Windows-DeviceManagement-Enterprise-Diagnostics-Provider","MDM PolicyManager: Set policy int, Policy: (AllowRebootlessUpdates), Area: (Update), EnrollmentID requesting merge: (B04F44A4-B696-4B56-934A-C11667E944E4), Current User: (Device), Int: (0x1), Enrollment Type: (0x20), Scope: (0x0)."
"23-06-2026 10:03:49","813","Information","Microsoft-Windows-DeviceManagement-Enterprise-Diagnostics-Provider","MDM PolicyManager: Set policy int, Policy: (FeatureUpdateEnrolled), Area: (Update), EnrollmentID requesting merge: (B04F44A4-B696-4B56-934A-C11667E944E4), Current User: (Device), Int: (0x1), Enrollment Type: (0x20), Scope: (0x0)."
"23-06-2026 10:03:49","813","Information","Microsoft-Windows-DeviceManagement-Enterprise-Diagnostics-Provider","MDM PolicyManager: Set policy int, Policy: (QualityUpdateEnrolled), Area: (Update), EnrollmentID requesting merge: (B04F44A4-B696-4B56-934A-C11667E944E4), Current User: (Device), Int: (0x0), Enrollment Type: (0x20), Scope: (0x0)."
"23-06-2026 09:06:37","404","Error","Microsoft-Windows-DeviceManagement-Enterprise-Diagnostics-Provider","MDM ConfigurationManager: Command failure status. Configuration Source ID: (386F60E8-6817-4304-B348-3E8545F3B70A), Enrollment Name: (MDMDeviceWithAAD), Provider Name: (Policy), Command Type: (Add: from Replace or Add), CSP URI: (./Device/Vendor/MSFT/Policy/Config/ApplicationManagement/RemoveDefaultMicrosoftStorePackages), Result: (Unknown Win32 Error code: 0x82b00001)."
"23-06-2026 09:06:37","810","Error","Microsoft-Windows-DeviceManagement-Enterprise-Diagnostics-Provider","MDM PolicyManager: Set policy string, Policy: (RemoveDefaultMicrosoftStorePackages), Area: (ApplicationManagement), EnrollmentID requesting set: (386F60E8-6817-4304-B348-3E8545F3B70A), Current User: (Device), String: (<enabled/><data id=""WindowsFeedbackHub"" value=""true"" /><data id=""MicrosoftOfficeHub"" value=""false"" /><data id=""Clipchamp"" value=""false"" /><data id=""Copilot"" value=""false"" /><data id=""BingNews"" value=""true"" /><data id=""Photos"" value=""false"" /><data id=""MicrosoftSolitaireCollection"" value=""true"" /><data id=""MicrosoftStickyNotes"" value=""false"" /><data id=""MSTeams"" value=""false"" /><data id=""Todo"" value=""false"" /><data id=""BingWeather"" value=""true"" /><data id=""OutlookForWindows"" value=""false"" /><data id=""Paint"" value=""false"" /><data id=""QuickAssist"" value=""false"" /><data id=""ScreenSketch"" value=""false"" /><data id=""WindowsCalculator"" value=""false"" /><data id=""WindowsCamera"" value=""false"" /><data id=""MediaPlayer"" value=""false"" /><data id=""WindowsNotepad"" value=""false"" /><data id=""WindowsSoundRecorder"" value=""false"" /><data id=""WindowsTerminal"" value=""false"" /><data id=""GamingApp"" value=""true"" /><data id=""XboxIdentityProvider"" value=""true"" /><data id=""XboxSpeechToTextOverlay"" value=""true"" /><data id=""XboxTCUI"" value=""true"" />), Enrollment Type: (0x6), Scope: (0x0), Result:(0x82B00001) Unknown Win32 Error code: 0x82b00001."
"23-06-2026 09:06:37","856","Error","Microsoft-Windows-DeviceManagement-Enterprise-Diagnostics-Provider","MDM PolicyManager: ADMX ingestion given payload policy definition element Id not found: Id (DynamicRemovalList). Result:(0x82B00001) Unknown Win32 Error code: 0x82b00001."
"23-06-2026 09:06:37","2204","Information","Microsoft-Windows-DeviceManagement-Enterprise-Diagnostics-Provider","Caching uri for blocking mapped GP location. URI: (./Device/Vendor/MSFT/Policy/Config/ApplicationManagement/RemoveDefaultMicrosoftStorePackages), Operation: (0x0)."
"23-06-2026 09:06:34","404","Error","Microsoft-Windows-DeviceManagement-Enterprise-Diagnostics-Provider","MDM ConfigurationManager: Command failure status. Configuration Source ID: (386F60E8-6817-4304-B348-3E8545F3B70A), Enrollment Name: (MDMDeviceWithAAD), Provider Name: (Policy), Command Type: (Add: from Replace or Add), CSP URI: (./Device/Vendor/MSFT/Policy/ConfigOperations/ADMXInstall/Receiver/Properties/Policy/FakePolicy/Version), Result: (The system cannot find the file specified.)."
"23-06-2026 09:05:13","404","Error","Microsoft-Windows-DeviceManagement-Enterprise-Diagnostics-Provider","MDM ConfigurationManager: Command failure status. Configuration Source ID: (386F60E8-6817-4304-B348-3E8545F3B70A), Enrollment Name: (MDMDeviceWithAAD), Provider Name: (Policy), Command Type: (Add: from Replace or Add), CSP URI: (./Device/Vendor/MSFT/Policy/Config/ApplicationManagement/RemoveDefaultMicrosoftStorePackages), Result: (Unknown Win32 Error code: 0x82b00001)."
"23-06-2026 09:05:13","810","Error","Microsoft-Windows-DeviceManagement-Enterprise-Diagnostics-Provider","MDM PolicyManager: Set policy string, Policy: (RemoveDefaultMicrosoftStorePackages), Area: (ApplicationManagement), EnrollmentID requesting set: (386F60E8-6817-4304-B348-3E8545F3B70A), Current User: (Device), String: (<enabled/><data id=""WindowsFeedbackHub"" value=""true"" /><data id=""MicrosoftOfficeHub"" value=""false"" /><data id=""Clipchamp"" value=""false"" /><data id=""Copilot"" value=""false"" /><data id=""BingNews"" value=""true"" /><data id=""Photos"" value=""false"" /><data id=""MicrosoftSolitaireCollection"" value=""true"" /><data id=""MicrosoftStickyNotes"" value=""false"" /><data id=""MSTeams"" value=""false"" /><data id=""Todo"" value=""false"" /><data id=""BingWeather"" value=""true"" /><data id=""OutlookForWindows"" value=""false"" /><data id=""Paint"" value=""false"" /><data id=""QuickAssist"" value=""false"" /><data id=""ScreenSketch"" value=""false"" /><data id=""WindowsCalculator"" value=""false"" /><data id=""WindowsCamera"" value=""false"" /><data id=""MediaPlayer"" value=""false"" /><data id=""WindowsNotepad"" value=""false"" /><data id=""WindowsSoundRecorder"" value=""false"" /><data id=""WindowsTerminal"" value=""false"" /><data id=""GamingApp"" value=""true"" /><data id=""XboxIdentityProvider"" value=""true"" /><data id=""XboxSpeechToTextOverlay"" value=""true"" /><data id=""XboxTCUI"" value=""true"" />), Enrollment Type: (0x6), Scope: (0x0), Result:(0x82B00001) Unknown Win32 Error code: 0x82b00001."
"23-06-2026 09:05:13","856","Error","Microsoft-Windows-DeviceManagement-Enterprise-Diagnostics-Provider","MDM PolicyManager: ADMX ingestion given payload policy definition element Id not found: Id (DynamicRemovalList). Result:(0x82B00001) Unknown Win32 Error code: 0x82b00001."
"23-06-2026 09:05:13","2204","Information","Microsoft-Windows-DeviceManagement-Enterprise-Diagnostics-Provider","Caching uri for blocking mapped GP location. URI: (./Device/Vendor/MSFT/Policy/Config/ApplicationManagement/RemoveDefaultMicrosoftStorePackages), Operation: (0x0)."
"23-06-2026 09:05:10","404","Error","Microsoft-Windows-DeviceManagement-Enterprise-Diagnostics-Provider","MDM ConfigurationManager: Command failure status. Configuration Source ID: (386F60E8-6817-4304-B348-3E8545F3B70A), Enrollment Name: (MDMDeviceWithAAD), Provider Name: (Policy), Command Type: (Add: from Replace or Add), CSP URI: (./Device/Vendor/MSFT/Policy/ConfigOperations/ADMXInstall/Receiver/Properties/Policy/FakePolicy/Version), Result: (The system cannot find the file specified.)."
"23-06-2026 09:02:56","404","Error","Microsoft-Windows-DeviceManagement-Enterprise-Diagnostics-Provider","MDM ConfigurationManager: Command failure status. Configuration Source ID: (386F60E8-6817-4304-B348-3E8545F3B70A), Enrollment Name: (MDMDeviceWithAAD), Provider Name: (Policy), Command Type: (Add: from Replace or Add), CSP URI: (./Device/Vendor/MSFT/Policy/Config/ApplicationManagement/RemoveDefaultMicrosoftStorePackages), Result: (Unknown Win32 Error code: 0x82b00001)."
"23-06-2026 09:02:55","810","Error","Microsoft-Windows-DeviceManagement-Enterprise-Diagnostics-Provider","MDM PolicyManager: Set policy string, Policy: (RemoveDefaultMicrosoftStorePackages), Area: (ApplicationManagement), EnrollmentID requesting set: (386F60E8-6817-4304-B348-3E8545F3B70A), Current User: (Device), String: (<enabled/><data id=""WindowsFeedbackHub"" value=""true"" /><data id=""MicrosoftOfficeHub"" value=""false"" /><data id=""Clipchamp"" value=""false"" /><data id=""Copilot"" value=""false"" /><data id=""BingNews"" value=""true"" /><data id=""Photos"" value=""false"" /><data id=""MicrosoftSolitaireCollection"" value=""true"" /><data id=""MicrosoftStickyNotes"" value=""false"" /><data id=""MSTeams"" value=""false"" /><data id=""Todo"" value=""false"" /><data id=""BingWeather"" value=""true"" /><data id=""OutlookForWindows"" value=""false"" /><data id=""Paint"" value=""false"" /><data id=""QuickAssist"" value=""false"" /><data id=""ScreenSketch"" value=""false"" /><data id=""WindowsCalculator"" value=""false"" /><data id=""WindowsCamera"" value=""false"" /><data id=""MediaPlayer"" value=""false"" /><data id=""WindowsNotepad"" value=""false"" /><data id=""WindowsSoundRecorder"" value=""false"" /><data id=""WindowsTerminal"" value=""false"" /><data id=""GamingApp"" value=""true"" /><data id=""XboxIdentityProvider"" value=""true"" /><data id=""XboxSpeechToTextOverlay"" value=""true"" /><data id=""XboxTCUI"" value=""true"" />), Enrollment Type: (0x6), Scope: (0x0), Result:(0x82B00001) Unknown Win32 Error code: 0x82b00001."
"23-06-2026 09:02:55","856","Error","Microsoft-Windows-DeviceManagement-Enterprise-Diagnostics-Provider","MDM PolicyManager: ADMX ingestion given payload policy definition element Id not found: Id (DynamicRemovalList). Result:(0x82B00001) Unknown Win32 Error code: 0x82b00001."
"23-06-2026 09:02:55","2204","Information","Microsoft-Windows-DeviceManagement-Enterprise-Diagnostics-Provider","Caching uri for blocking mapped GP location. URI: (./Device/Vendor/MSFT/Policy/Config/ApplicationManagement/RemoveDefaultMicrosoftStorePackages), Operation: (0x0)."
"23-06-2026 09:02:23","404","Error","Microsoft-Windows-DeviceManagement-Enterprise-Diagnostics-Provider","MDM ConfigurationManager: Command failure status. Configuration Source ID: (386F60E8-6817-4304-B348-3E8545F3B70A), Enrollment Name: (MDMDeviceWithAAD), Provider Name: (Policy), Command Type: (Add: from Replace or Add), CSP URI: (./Device/Vendor/MSFT/Policy/ConfigOperations/ADMXInstall/Receiver/Properties/Policy/FakePolicy/Version), Result: (The system cannot find the file specified.)."
"22-06-2026 09:54:47","813","Information","Microsoft-Windows-DeviceManagement-Enterprise-Diagnostics-Provider","MDM PolicyManager: Set policy int, Policy: (QuickMachineRecoveryEnrolled), Area: (Update), EnrollmentID requesting merge: (B04F44A4-B696-4B56-934A-C11667E944E4), Current User: (Device), Int: (0x0), Enrollment Type: (0x20), Scope: (0x0)."
"22-06-2026 09:54:47","813","Information","Microsoft-Windows-DeviceManagement-Enterprise-Diagnostics-Provider","MDM PolicyManager: Set policy int, Policy: (DriverUpdateEnrolled), Area: (Update), EnrollmentID requesting merge: (B04F44A4-B696-4B56-934A-C11667E944E4), Current User: (Device), Int: (0x0), Enrollment Type: (0x20), Scope: (0x0)."
"22-06-2026 09:54:47","813","Information","Microsoft-Windows-DeviceManagement-Enterprise-Diagnostics-Provider","MDM PolicyManager: Set policy int, Policy: (AllowRebootlessUpdates), Area: (Update), EnrollmentID requesting merge: (B04F44A4-B696-4B56-934A-C11667E944E4), Current User: (Device), Int: (0x1), Enrollment Type: (0x20), Scope: (0x0)."
"22-06-2026 09:54:47","813","Information","Microsoft-Windows-DeviceManagement-Enterprise-Diagnostics-Provider","MDM PolicyManager: Set policy int, Policy: (FeatureUpdateEnrolled), Area: (Update), EnrollmentID requesting merge: (B04F44A4-B696-4B56-934A-C11667E944E4), Current User: (Device), Int: (0x1), Enrollment Type: (0x20), Scope: (0x0)."
"22-06-2026 09:54:47","813","Information","Microsoft-Windows-DeviceManagement-Enterprise-Diagnostics-Provider","MDM PolicyManager: Set policy int, Policy: (QualityUpdateEnrolled), Area: (Update), EnrollmentID requesting merge: (B04F44A4-B696-4B56-934A-C11667E944E4), Current User: (Device), Int: (0x0), Enrollment Type: (0x20), Scope: (0x0)."
"22-06-2026 08:54:45","404","Error","Microsoft-Windows-DeviceManagement-Enterprise-Diagnostics-Provider","MDM ConfigurationManager: Command failure status. Configuration Source ID: (386F60E8-6817-4304-B348-3E8545F3B70A), Enrollment Name: (MDMDeviceWithAAD), Provider Name: (Policy), Command Type: (Add: from Replace or Add), CSP URI: (./Device/Vendor/MSFT/Policy/Config/ApplicationManagement/RemoveDefaultMicrosoftStorePackages), Result: (Unknown Win32 Error code: 0x82b00001)."
"22-06-2026 08:54:45","810","Error","Microsoft-Windows-DeviceManagement-Enterprise-Diagnostics-Provider","MDM PolicyManager: Set policy string, Policy: (RemoveDefaultMicrosoftStorePackages), Area: (ApplicationManagement), EnrollmentID requesting set: (386F60E8-6817-4304-B348-3E8545F3B70A), Current User: (Device), String: (<enabled/><data id=""WindowsFeedbackHub"" value=""true"" /><data id=""MicrosoftOfficeHub"" value=""false"" /><data id=""Clipchamp"" value=""false"" /><data id=""Copilot"" value=""false"" /><data id=""BingNews"" value=""true"" /><data id=""Photos"" value=""false"" /><data id=""MicrosoftSolitaireCollection"" value=""true"" /><data id=""MicrosoftStickyNotes"" value=""false"" /><data id=""MSTeams"" value=""false"" /><data id=""Todo"" value=""false"" /><data id=""BingWeather"" value=""true"" /><data id=""OutlookForWindows"" value=""false"" /><data id=""Paint"" value=""false"" /><data id=""QuickAssist"" value=""false"" /><data id=""ScreenSketch"" value=""false"" /><data id=""WindowsCalculator"" value=""false"" /><data id=""WindowsCamera"" value=""false"" /><data id=""MediaPlayer"" value=""false"" /><data id=""WindowsNotepad"" value=""false"" /><data id=""WindowsSoundRecorder"" value=""false"" /><data id=""WindowsTerminal"" value=""false"" /><data id=""GamingApp"" value=""true"" /><data id=""XboxIdentityProvider"" value=""true"" /><data id=""XboxSpeechToTextOverlay"" value=""true"" /><data id=""XboxTCUI"" value=""true"" />), Enrollment Type: (0x6), Scope: (0x0), Result:(0x82B00001) Unknown Win32 Error code: 0x82b00001."
"22-06-2026 08:54:45","856","Error","Microsoft-Windows-DeviceManagement-Enterprise-Diagnostics-Provider","MDM PolicyManager: ADMX ingestion given payload policy definition element Id not found: Id (DynamicRemovalList). Result:(0x82B00001) Unknown Win32 Error code: 0x82b00001."
"22-06-2026 08:54:45","2204","Information","Microsoft-Windows-DeviceManagement-Enterprise-Diagnostics-Provider","Caching uri for blocking mapped GP location. URI: (./Device/Vendor/MSFT/Policy/Config/ApplicationManagement/RemoveDefaultMicrosoftStorePackages), Operation: (0x0)."
"22-06-2026 08:54:42","404","Error","Microsoft-Windows-DeviceManagement-Enterprise-Diagnostics-Provider","MDM ConfigurationManager: Command failure status. Configuration Source ID: (386F60E8-6817-4304-B348-3E8545F3B70A), Enrollment Name: (MDMDeviceWithAAD), Provider Name: (Policy), Command Type: (Add: from Replace or Add), CSP URI: (./Device/Vendor/MSFT/Policy/ConfigOperations/ADMXInstall/Receiver/Properties/Policy/FakePolicy/Version), Result: (The system cannot find the file specified.)."
"22-06-2026 08:53:32","404","Error","Microsoft-Windows-DeviceManagement-Enterprise-Diagnostics-Provider","MDM ConfigurationManager: Command failure status. Configuration Source ID: (386F60E8-6817-4304-B348-3E8545F3B70A), Enrollment Name: (MDMDeviceWithAAD), Provider Name: (Policy), Command Type: (Add: from Replace or Add), CSP URI: (./Device/Vendor/MSFT/Policy/Config/ApplicationManagement/RemoveDefaultMicrosoftStorePackages), Result: (Unknown Win32 Error code: 0x82b00001)."
"22-06-2026 08:53:32","810","Error","Microsoft-Windows-DeviceManagement-Enterprise-Diagnostics-Provider","MDM PolicyManager: Set policy string, Policy: (RemoveDefaultMicrosoftStorePackages), Area: (ApplicationManagement), EnrollmentID requesting set: (386F60E8-6817-4304-B348-3E8545F3B70A), Current User: (Device), String: (<enabled/><data id=""WindowsFeedbackHub"" value=""true"" /><data id=""MicrosoftOfficeHub"" value=""false"" /><data id=""Clipchamp"" value=""false"" /><data id=""Copilot"" value=""false"" /><data id=""BingNews"" value=""true"" /><data id=""Photos"" value=""false"" /><data id=""MicrosoftSolitaireCollection"" value=""true"" /><data id=""MicrosoftStickyNotes"" value=""false"" /><data id=""MSTeams"" value=""false"" /><data id=""Todo"" value=""false"" /><data id=""BingWeather"" value=""true"" /><data id=""OutlookForWindows"" value=""false"" /><data id=""Paint"" value=""false"" /><data id=""QuickAssist"" value=""false"" /><data id=""ScreenSketch"" value=""false"" /><data id=""WindowsCalculator"" value=""false"" /><data id=""WindowsCamera"" value=""false"" /><data id=""MediaPlayer"" value=""false"" /><data id=""WindowsNotepad"" value=""false"" /><data id=""WindowsSoundRecorder"" value=""false"" /><data id=""WindowsTerminal"" value=""false"" /><data id=""GamingApp"" value=""true"" /><data id=""XboxIdentityProvider"" value=""true"" /><data id=""XboxSpeechToTextOverlay"" value=""true"" /><data id=""XboxTCUI"" value=""true"" />), Enrollment Type: (0x6), Scope: (0x0), Result:(0x82B00001) Unknown Win32 Error code: 0x82b00001."
"22-06-2026 08:53:32","856","Error","Microsoft-Windows-DeviceManagement-Enterprise-Diagnostics-Provider","MDM PolicyManager: ADMX ingestion given payload policy definition element Id not found: Id (DynamicRemovalList). Result:(0x82B00001) Unknown Win32 Error code: 0x82b00001."
"22-06-2026 08:53:32","2204","Information","Microsoft-Windows-DeviceManagement-Enterprise-Diagnostics-Provider","Caching uri for blocking mapped GP location. URI: (./Device/Vendor/MSFT/Policy/Config/ApplicationManagement/RemoveDefaultMicrosoftStorePackages), Operation: (0x0)."
"22-06-2026 08:53:32","2214","Information","Microsoft-Windows-DeviceManagement-Enterprise-Diagnostics-Provider","Attempted to delete existing GP Value. GP Location: (Software\Policies\Microsoft\Edge\NotificationsAllowedForUrls), GP ValueName: (), Result: (The operation completed successfully.). Failures are expected if this location isn't set."
"22-06-2026 08:53:32","2208","Information","Microsoft-Windows-DeviceManagement-Enterprise-Diagnostics-Provider","Trying to delete the blocking record reg key. Key: (Software\Policies\Microsoft\Edge\NotificationsAllowedForUrls), Level: (0x2), Result:(The system cannot find the file specified.). Failures are expected if this key has child nodes."
"22-06-2026 08:53:32","2214","Information","Microsoft-Windows-DeviceManagement-Enterprise-Diagnostics-Provider","Attempted to delete existing GP Value. GP Location: (Software\Policies\Microsoft\Edge\NotificationsAllowedForUrls), GP ValueName: (), Result: (The operation completed successfully.). Failures are expected if this location isn't set."
"22-06-2026 08:53:32","2208","Information","Microsoft-Windows-DeviceManagement-Enterprise-Diagnostics-Provider","Trying to delete the blocking record reg key. Key: (Software\Policies\Microsoft\Edge\NotificationsAllowedForUrls), Level: (0x2), Result:(The system cannot find the file specified.). Failures are expected if this key has child nodes."
"22-06-2026 08:53:32","2214","Information","Microsoft-Windows-DeviceManagement-Enterprise-Diagnostics-Provider","Attempted to delete existing GP Value. GP Location: (Software\Policies\Microsoft\Edge\NotificationsAllowedForUrls), GP ValueName: (), Result: (The operation completed successfully.). Failures are expected if this location isn't set."
"22-06-2026 08:53:32","2208","Information","Microsoft-Windows-DeviceManagement-Enterprise-Diagnostics-Provider","Trying to delete the blocking record reg key. Key: (Software\Policies\Microsoft\Edge\NotificationsAllowedForUrls), Level: (0x2), Result:(The operation completed successfully.). Failures are expected if this key has child nodes."
"22-06-2026 08:53:32","2204","Information","Microsoft-Windows-DeviceManagement-Enterprise-Diagnostics-Provider","Caching uri for blocking mapped GP location. URI: (./User/Vendor/MSFT/Policy/Config/microsoft_edge~Policy~microsoft_edge~ContentSettings/NotificationsAllowedForUrls), Operation: (0x0)."
"22-06-2026 08:53:32","814","Information","Microsoft-Windows-DeviceManagement-Enterprise-Diagnostics-Provider","MDM PolicyManager: Set policy string, Policy: (NotificationsAllowedForUrls), Area: (microsoft_edge~Policy~microsoft_edge~ContentSettings), EnrollmentID requesting merge: (386F60E8-6817-4304-B348-3E8545F3B70A), Current User: (S-1-12-1-2357405129-1281513531-255772574-1816207334), String: (<enabled/><data id=""NotificationsAllowedForUrlsDesc"" value=""1[*.]outlook.office.com2[*.]teams.microsoft.com3[*.]assist.zoho.com4[*.]server9.client.dns-online.co.uk5[*.]cartoesbeneficio.com.br6[*.]pedidos.alelo.com.br7[*.]alelo.com.br8[*.]cdaruk.nielseniq.com9[*.]hacienda.jcyl.es10[*.]servicios4.jcyl.es11[*.]nielsenbrandbank-chat.freshchat.com12[*.]cps-web.efinance.com.eg13[*.]server33.client.dns-online.co.uk14https://server33.client.dns-online.co.uk/keevio15[*.]nielsencii.freshdesk.com"" />), Enrollment Type: (0x6), Scope: (0x1)."
"22-06-2026 08:53:32","2204","Information","Microsoft-Windows-DeviceManagement-Enterprise-Diagnostics-Provider","Caching uri for blocking mapped GP location. URI: (./User/Vendor/MSFT/Policy/Config/microsoft_edge~Policy~microsoft_edge~ContentSettings/NotificationsAllowedForUrls), Operation: (0x0)."
"22-06-2026 08:53:32","2204","Information","Microsoft-Windows-DeviceManagement-Enterprise-Diagnostics-Provider","Caching uri for blocking mapped GP location. URI: (./User/Vendor/MSFT/Policy/Config/microsoft_edge~Policy~microsoft_edge~ContentSettings/NotificationsAllowedForUrls), Operation: (0x0)."
"22-06-2026 08:53:32","2214","Information","Microsoft-Windows-DeviceManagement-Enterprise-Diagnostics-Provider","Attempted to delete existing GP Value. GP Location: (Software\Policies\Microsoft\Edge\NotificationsAllowedForUrls), GP ValueName: (), Result: (The operation completed successfully.). Failures are expected if this location isn't set."
"22-06-2026 08:53:32","2208","Information","Microsoft-Windows-DeviceManagement-Enterprise-Diagnostics-Provider","Trying to delete the blocking record reg key. Key: (Software\Policies\Microsoft\Edge\NotificationsAllowedForUrls), Level: (0x2), Result:(The system cannot find the file specified.). Failures are expected if this key has child nodes."
"22-06-2026 08:53:32","2214","Information","Microsoft-Windows-DeviceManagement-Enterprise-Diagnostics-Provider","Attempted to delete existing GP Value. GP Location: (Software\Policies\Microsoft\Edge\NotificationsAllowedForUrls), GP ValueName: (), Result: (The operation completed successfully.). Failures are expected if this location isn't set."
"22-06-2026 08:53:32","2208","Information","Microsoft-Windows-DeviceManagement-Enterprise-Diagnostics-Provider","Trying to delete the blocking record reg key. Key: (Software\Policies\Microsoft\Edge\NotificationsAllowedForUrls), Level: (0x2), Result:(The system cannot find the file specified.). Failures are expected if this key has child nodes."
"22-06-2026 08:53:32","2214","Information","Microsoft-Windows-DeviceManagement-Enterprise-Diagnostics-Provider","Attempted to delete existing GP Value. GP Location: (Software\Policies\Microsoft\Edge\NotificationsAllowedForUrls), GP ValueName: (), Result: (The operation completed successfully.). Failures are expected if this location isn't set."
"22-06-2026 08:53:32","2208","Information","Microsoft-Windows-DeviceManagement-Enterprise-Diagnostics-Provider","Trying to delete the blocking record reg key. Key: (Software\Policies\Microsoft\Edge\NotificationsAllowedForUrls), Level: (0x2), Result:(The operation completed successfully.). Failures are expected if this key has child nodes."
"22-06-2026 08:53:32","2204","Information","Microsoft-Windows-DeviceManagement-Enterprise-Diagnostics-Provider","Caching uri for blocking mapped GP location. URI: (./Device/Vendor/MSFT/Policy/Config/microsoft_edge~Policy~microsoft_edge~ContentSettings/NotificationsAllowedForUrls), Operation: (0x0)."
"22-06-2026 08:53:32","814","Information","Microsoft-Windows-DeviceManagement-Enterprise-Diagnostics-Provider","MDM PolicyManager: Set policy string, Policy: (NotificationsAllowedForUrls), Area: (microsoft_edge~Policy~microsoft_edge~ContentSettings), EnrollmentID requesting merge: (386F60E8-6817-4304-B348-3E8545F3B70A), Current User: (Device), String: (<enabled/><data id=""NotificationsAllowedForUrlsDesc"" value=""1[*.]outlook.office.com2[*.]teams.microsoft.com3[*.]assist.zoho.com4[*.]server9.client.dns-online.co.uk5[*.]cartoesbeneficio.com.br6[*.]pedidos.alelo.com.br7[*.]alelo.com.br8[*.]cdaruk.nielseniq.com9[*.]hacienda.jcyl.es10[*.]servicios4.jcyl.es11[*.]nielsenbrandbank-chat.freshchat.com12[*.]cps-web.efinance.com.eg13[*.]server33.client.dns-online.co.uk14https://server33.client.dns-online.co.uk/keevio15[*.]nielsencii.freshdesk.com"" />), Enrollment Type: (0x6), Scope: (0x0)."
"22-06-2026 08:53:32","2204","Information","Microsoft-Windows-DeviceManagement-Enterprise-Diagnostics-Provider","Caching uri for blocking mapped GP location. URI: (./Device/Vendor/MSFT/Policy/Config/microsoft_edge~Policy~microsoft_edge~ContentSettings/NotificationsAllowedForUrls), Operation: (0x0)."
"22-06-2026 08:53:32","2204","Information","Microsoft-Windows-DeviceManagement-Enterprise-Diagnostics-Provider","Caching uri for blocking mapped GP location. URI: (./Device/Vendor/MSFT/Policy/Config/microsoft_edge~Policy~microsoft_edge~ContentSettings/NotificationsAllowedForUrls), Operation: (0x0)."
"22-06-2026 08:53:32","2214","Information","Microsoft-Windows-DeviceManagement-Enterprise-Diagnostics-Provider","Attempted to delete existing GP Value. GP Location: (Software\Policies\Google\Chrome\NotificationsAllowedForUrls), GP ValueName: (), Result: (The operation completed successfully.). Failures are expected if this location isn't set."
"22-06-2026 08:53:32","2208","Information","Microsoft-Windows-DeviceManagement-Enterprise-Diagnostics-Provider","Trying to delete the blocking record reg key. Key: (Software\Policies\Google\Chrome\NotificationsAllowedForUrls), Level: (0x2), Result:(The system cannot find the file specified.). Failures are expected if this key has child nodes."
"22-06-2026 08:53:32","2214","Information","Microsoft-Windows-DeviceManagement-Enterprise-Diagnostics-Provider","Attempted to delete existing GP Value. GP Location: (Software\Policies\Google\Chrome\NotificationsAllowedForUrls), GP ValueName: (), Result: (The operation completed successfully.). Failures are expected if this location isn't set."
"22-06-2026 08:53:32","2208","Information","Microsoft-Windows-DeviceManagement-Enterprise-Diagnostics-Provider","Trying to delete the blocking record reg key. Key: (Software\Policies\Google\Chrome\NotificationsAllowedForUrls), Level: (0x2), Result:(The system cannot find the file specified.). Failures are expected if this key has child nodes."
"22-06-2026 08:53:32","2214","Information","Microsoft-Windows-DeviceManagement-Enterprise-Diagnostics-Provider","Attempted to delete existing GP Value. GP Location: (Software\Policies\Google\Chrome\NotificationsAllowedForUrls), GP ValueName: (), Result: (The operation completed successfully.). Failures are expected if this location isn't set."
"22-06-2026 08:53:32","2208","Information","Microsoft-Windows-DeviceManagement-Enterprise-Diagnostics-Provider","Trying to delete the blocking record reg key. Key: (Software\Policies\Google\Chrome\NotificationsAllowedForUrls), Level: (0x2), Result:(The operation completed successfully.). Failures are expected if this key has child nodes."
"22-06-2026 08:53:32","2204","Information","Microsoft-Windows-DeviceManagement-Enterprise-Diagnostics-Provider","Caching uri for blocking mapped GP location. URI: (./User/Vendor/MSFT/Policy/Config/chromeIntuneV1~Policy~googlechrome~ContentSettings/NotificationsAllowedForUrls), Operation: (0x0)."
"22-06-2026 08:53:32","814","Information","Microsoft-Windows-DeviceManagement-Enterprise-Diagnostics-Provider","MDM PolicyManager: Set policy string, Policy: (NotificationsAllowedForUrls), Area: (chromeIntuneV1~Policy~googlechrome~ContentSettings), EnrollmentID requesting merge: (386F60E8-6817-4304-B348-3E8545F3B70A), Current User: (S-1-12-1-2357405129-1281513531-255772574-1816207334), String: (<enabled/><data id=""NotificationsAllowedForUrlsDesc"" value=""1[*.]outlook.office.com2[*.]teams.microsoft.com3[*.]assist.zoho.com4[*.]server9.client.dns-online.co.uk5[*.]cartoesbeneficio.com.br6[*.]pedidos.alelo.com.br7[*.]alelo.com.br8[*.]cdaruk.nielseniq.com9[*.]hacienda.jcyl.es10[*.]servicios4.jcyl.es11[*.]nielsenbrandbank-chat.freshchat.com12[*.]cps-web.efinance.com.eg13[*.]server33.client.dns-online.co.uk14https://server33.client.dns-online.co.uk/keevio15[*.]nielsencii.freshdesk.com"" />), Enrollment Type: (0x6), Scope: (0x1)."
"22-06-2026 08:53:32","2204","Information","Microsoft-Windows-DeviceManagement-Enterprise-Diagnostics-Provider","Caching uri for blocking mapped GP location. URI: (./User/Vendor/MSFT/Policy/Config/chromeIntuneV1~Policy~googlechrome~ContentSettings/NotificationsAllowedForUrls), Operation: (0x0)."
"22-06-2026 08:53:32","2204","Information","Microsoft-Windows-DeviceManagement-Enterprise-Diagnostics-Provider","Caching uri for blocking mapped GP location. URI: (./User/Vendor/MSFT/Policy/Config/chromeIntuneV1~Policy~googlechrome~ContentSettings/NotificationsAllowedForUrls), Operation: (0x0)."
"22-06-2026 08:53:32","2214","Information","Microsoft-Windows-DeviceManagement-Enterprise-Diagnostics-Provider","Attempted to delete existing GP Value. GP Location: (Software\Policies\Google\Chrome\NotificationsAllowedForUrls), GP ValueName: (), Result: (The operation completed successfully.). Failures are expected if this location isn't set."
"22-06-2026 08:53:32","2208","Information","Microsoft-Windows-DeviceManagement-Enterprise-Diagnostics-Provider","Trying to delete the blocking record reg key. Key: (Software\Policies\Google\Chrome\NotificationsAllowedForUrls), Level: (0x2), Result:(The system cannot find the file specified.). Failures are expected if this key has child nodes."
"22-06-2026 08:53:32","2214","Information","Microsoft-Windows-DeviceManagement-Enterprise-Diagnostics-Provider","Attempted to delete existing GP Value. GP Location: (Software\Policies\Google\Chrome\NotificationsAllowedForUrls), GP ValueName: (), Result: (The operation completed successfully.). Failures are expected if this location isn't set."
"22-06-2026 08:53:32","2208","Information","Microsoft-Windows-DeviceManagement-Enterprise-Diagnostics-Provider","Trying to delete the blocking record reg key. Key: (Software\Policies\Google\Chrome\NotificationsAllowedForUrls), Level: (0x2), Result:(The system cannot find the file specified.). Failures are expected if this key has child nodes."
"22-06-2026 08:53:32","2214","Information","Microsoft-Windows-DeviceManagement-Enterprise-Diagnostics-Provider","Attempted to delete existing GP Value. GP Location: (Software\Policies\Google\Chrome\NotificationsAllowedForUrls), GP ValueName: (), Result: (The operation completed successfully.). Failures are expected if this location isn't set."
"22-06-2026 08:53:32","2208","Information","Microsoft-Windows-DeviceManagement-Enterprise-Diagnostics-Provider","Trying to delete the blocking record reg key. Key: (Software\Policies\Google\Chrome\NotificationsAllowedForUrls), Level: (0x2), Result:(The operation completed successfully.). Failures are expected if this key has child nodes."
"22-06-2026 08:53:32","2204","Information","Microsoft-Windows-DeviceManagement-Enterprise-Diagnostics-Provider","Caching uri for blocking mapped GP location. URI: (./Device/Vendor/MSFT/Policy/Config/chromeIntuneV1~Policy~googlechrome~ContentSettings/NotificationsAllowedForUrls), Operation: (0x0)."
"22-06-2026 08:53:32","814","Information","Microsoft-Windows-DeviceManagement-Enterprise-Diagnostics-Provider","MDM PolicyManager: Set policy string, Policy: (NotificationsAllowedForUrls), Area: (chromeIntuneV1~Policy~googlechrome~ContentSettings), EnrollmentID requesting merge: (386F60E8-6817-4304-B348-3E8545F3B70A), Current User: (Device), String: (<enabled/><data id=""NotificationsAllowedForUrlsDesc"" value=""1[*.]outlook.office.com2[*.]teams.microsoft.com3[*.]assist.zoho.com4[*.]server9.client.dns-online.co.uk5[*.]cartoesbeneficio.com.br6[*.]pedidos.alelo.com.br7[*.]alelo.com.br8[*.]cdaruk.nielseniq.com9[*.]hacienda.jcyl.es10[*.]servicios4.jcyl.es11[*.]nielsenbrandbank-chat.freshchat.com12[*.]cps-web.efinance.com.eg13[*.]server33.client.dns-online.co.uk14https://server33.client.dns-online.co.uk/keevio/15[*.]nielsencii.freshdesk.com"" />), Enrollment Type: (0x6), Scope: (0x0)."
"22-06-2026 08:53:32","2204","Information","Microsoft-Windows-DeviceManagement-Enterprise-Diagnostics-Provider","Caching uri for blocking mapped GP location. URI: (./Device/Vendor/MSFT/Policy/Config/chromeIntuneV1~Policy~googlechrome~ContentSettings/NotificationsAllowedForUrls), Operation: (0x0)."
"22-06-2026 08:53:32","2204","Information","Microsoft-Windows-DeviceManagement-Enterprise-Diagnostics-Provider","Caching uri for blocking mapped GP location. URI: (./Device/Vendor/MSFT/Policy/Config/chromeIntuneV1~Policy~googlechrome~ContentSettings/NotificationsAllowedForUrls), Operation: (0x0)."
"22-06-2026 08:53:29","404","Error","Microsoft-Windows-DeviceManagement-Enterprise-Diagnostics-Provider","MDM ConfigurationManager: Command failure status. Configuration Source ID: (386F60E8-6817-4304-B348-3E8545F3B70A), Enrollment Name: (MDMDeviceWithAAD), Provider Name: (Policy), Command Type: (Add: from Replace or Add), CSP URI: (./Device/Vendor/MSFT/Policy/ConfigOperations/ADMXInstall/Receiver/Properties/Policy/FakePolicy/Version), Result: (The system cannot find the file specified.)."
"22-06-2026 08:51:30","4108","Error","Microsoft-Windows-DeviceManagement-Enterprise-Diagnostics-Provider","MDM Declared Configuration resource cleanup task failed."
"19-06-2026 10:52:19","813","Information","Microsoft-Windows-DeviceManagement-Enterprise-Diagnostics-Provider","MDM PolicyManager: Set policy int, Policy: (QuickMachineRecoveryEnrolled), Area: (Update), EnrollmentID requesting merge: (B04F44A4-B696-4B56-934A-C11667E944E4), Current User: (Device), Int: (0x0), Enrollment Type: (0x20), Scope: (0x0)."
"19-06-2026 10:52:19","813","Information","Microsoft-Windows-DeviceManagement-Enterprise-Diagnostics-Provider","MDM PolicyManager: Set policy int, Policy: (DriverUpdateEnrolled), Area: (Update), EnrollmentID requesting merge: (B04F44A4-B696-4B56-934A-C11667E944E4), Current User: (Device), Int: (0x0), Enrollment Type: (0x20), Scope: (0x0)."
"19-06-2026 10:52:19","813","Information","Microsoft-Windows-DeviceManagement-Enterprise-Diagnostics-Provider","MDM PolicyManager: Set policy int, Policy: (AllowRebootlessUpdates), Area: (Update), EnrollmentID requesting merge: (B04F44A4-B696-4B56-934A-C11667E944E4), Current User: (Device), Int: (0x1), Enrollment Type: (0x20), Scope: (0x0)."
