"TimeCreated","Id","LevelDisplayName","ProviderName","Message"
"19-08-2026 09:59:04","698","Error","Microsoft-Windows-AppXDeployment-Server","Deployment Register operation with target volume C: on Package MdOdrMcpFilterPackage_1.0.0.0_neutral__cw5n1h2txyewy from:  (AppxManifest.xml)  failed with error 0x80073CF9. See http://go.microsoft.com/fwlink/?LinkId=235160 for help diagnosing app deployment issues."
"18-08-2026 15:05:45","698","Error","Microsoft-Windows-AppXDeployment-Server","Deployment Stage operation with target volume C: on Package MdOdrMcpFilterPackage_1.0.0.0_neutral__cw5n1h2txyewy from:  (MdOdrMcpFilter.msix)  failed with error 0x80073D0B. See http://go.microsoft.com/fwlink/?LinkId=235160 for help diagnosing app deployment issues."
"18-08-2026 14:31:01","698","Error","Microsoft-Windows-AppXDeployment-Server","Deployment Stage operation with target volume C: on Package MdOdrMcpFilterPackage_1.0.0.0_neutral__cw5n1h2txyewy from:  (MdOdrMcpFilter.msix)  failed with error 0x80073D0B. See http://go.microsoft.com/fwlink/?LinkId=235160 for help diagnosing app deployment issues."
"18-08-2026 14:12:05","698","Error","Microsoft-Windows-AppXDeployment-Server","Deployment Stage operation with target volume C: on Package MdOdrMcpFilterPackage_1.0.0.0_neutral__cw5n1h2txyewy from:  (MdOdrMcpFilter.msix)  failed with error 0x80073D0B. See http://go.microsoft.com/fwlink/?LinkId=235160 for help diagnosing app deployment issues."
"18-08-2026 10:29:02","698","Error","Microsoft-Windows-AppXDeployment-Server","Deployment Stage operation with target volume C: on Package MdOdrMcpFilterPackage_1.0.0.0_neutral__cw5n1h2txyewy from:  (MdOdrMcpFilter.msix)  failed with error 0x80073D0B. See http://go.microsoft.com/fwlink/?LinkId=235160 for help diagnosing app deployment issues."
"18-08-2026 09:46:31","698","Error","Microsoft-Windows-AppXDeployment-Server","Deployment Register operation with target volume C: on Package MdOdrMcpFilterPackage_1.0.0.0_neutral__cw5n1h2txyewy from:  (AppxManifest.xml)  failed with error 0x80073CF9. See http://go.microsoft.com/fwlink/?LinkId=235160 for help diagnosing app deployment issues."
"17-08-2026 09:42:25","698","Error","Microsoft-Windows-AppXDeployment-Server","Deployment Register operation with target volume C: on Package MdOdrMcpFilterPackage_1.0.0.0_neutral__cw5n1h2txyewy from:  (AppxManifest.xml)  failed with error 0x80073CF9. See http://go.microsoft.com/fwlink/?LinkId=235160 for help diagnosing app deployment issues."
"14-08-2026 13:28:11","698","Error","Microsoft-Windows-AppXDeployment-Server","Deployment Register operation with target volume C: on Package MdOdrMcpFilterPackage_1.0.0.0_neutral__cw5n1h2txyewy from:  (AppxManifest.xml)  failed with error 0x80073CF9. See http://go.microsoft.com/fwlink/?LinkId=235160 for help diagnosing app deployment issues."
"13-08-2026 11:59:05","698","Error","Microsoft-Windows-AppXDeployment-Server","Deployment Register operation with target volume C: on Package MdOdrMcpFilterPackage_1.0.0.0_neutral__cw5n1h2txyewy from:  (AppxManifest.xml)  failed with error 0x80073CF9. See http://go.microsoft.com/fwlink/?LinkId=235160 for help diagnosing app deployment issues."
"12-08-2026 11:21:12","698","Error","Microsoft-Windows-AppXDeployment-Server","Deployment Register operation with target volume C: on Package MdOdrMcpFilterPackage_1.0.0.0_neutral__cw5n1h2txyewy from:  (AppxManifest.xml)  failed with error 0x80073CF9. See http://go.microsoft.com/fwlink/?LinkId=235160 for help diagnosing app deployment issues."
"11-08-2026 12:02:40","698","Error","Microsoft-Windows-AppXDeployment-Server","Deployment Stage operation with target volume C: on Package MdOdrMcpFilterPackage_1.0.0.0_neutral__cw5n1h2txyewy from:  (MdOdrMcpFilter.msix)  failed with error 0x80073D0B. See http://go.microsoft.com/fwlink/?LinkId=235160 for help diagnosing app deployment issues."
"11-08-2026 11:16:49","698","Error","Microsoft-Windows-AppXDeployment-Server","Deployment Register operation with target volume C: on Package MdOdrMcpFilterPackage_1.0.0.0_neutral__cw5n1h2txyewy from:  (AppxManifest.xml)  failed with error 0x80073CF9. See http://go.microsoft.com/fwlink/?LinkId=235160 for help diagnosing app deployment issues."
"10-08-2026 10:42:08","698","Error","Microsoft-Windows-AppXDeployment-Server","Deployment Register operation with target volume C: on Package MdOdrMcpFilterPackage_1.0.0.0_neutral__cw5n1h2txyewy from:  (AppxManifest.xml)  failed with error 0x80073CF9. See http://go.microsoft.com/fwlink/?LinkId=235160 for help diagnosing app deployment issues."
"10-08-2026 09:36:18","698","Error","Microsoft-Windows-AppXDeployment-Server","Deployment Stage operation with target volume C: on Package MdOdrMcpFilterPackage_1.0.0.0_neutral__cw5n1h2txyewy from:  (MdOdrMcpFilter.msix)  failed with error 0x80073D0B. See http://go.microsoft.com/fwlink/?LinkId=235160 for help diagnosing app deployment issues."
"10-08-2026 09:36:13","698","Error","Microsoft-Windows-AppXDeployment-Server","Deployment Stage operation with target volume C: on Package MdOdrMcpFilterPackage_1.0.0.0_neutral__cw5n1h2txyewy from:  (MdOdrMcpFilter.msix)  failed with error 0x80073D0B. See http://go.microsoft.com/fwlink/?LinkId=235160 for help diagnosing app deployment issues."
"07-08-2026 11:27:02","698","Error","Microsoft-Windows-AppXDeployment-Server","Deployment Register operation with target volume C: on Package MdOdrMcpFilterPackage_1.0.0.0_neutral__cw5n1h2txyewy from:  (AppxManifest.xml)  failed with error 0x80073CF9. See http://go.microsoft.com/fwlink/?LinkId=235160 for help diagnosing app deployment issues."
"06-08-2026 11:13:00","698","Error","Microsoft-Windows-AppXDeployment-Server","Deployment Register operation with target volume C: on Package MdOdrMcpFilterPackage_1.0.0.0_neutral__cw5n1h2txyewy from:  (AppxManifest.xml)  failed with error 0x80073CF9. See http://go.microsoft.com/fwlink/?LinkId=235160 for help diagnosing app deployment issues."
"05-08-2026 11:12:11","698","Error","Microsoft-Windows-AppXDeployment-Server","Deployment Register operation with target volume C: on Package MdOdrMcpFilterPackage_1.0.0.0_neutral__cw5n1h2txyewy from:  (AppxManifest.xml)  failed with error 0x80073CF9. See http://go.microsoft.com/fwlink/?LinkId=235160 for help diagnosing app deployment issues."
"04-08-2026 11:11:46","698","Error","Microsoft-Windows-AppXDeployment-Server","Deployment Register operation with target volume C: on Package MdOdrMcpFilterPackage_1.0.0.0_neutral__cw5n1h2txyewy from:  (AppxManifest.xml)  failed with error 0x80073CF9. See http://go.microsoft.com/fwlink/?LinkId=235160 for help diagnosing app deployment issues."
"03-08-2026 10:32:09","698","Error","Microsoft-Windows-AppXDeployment-Server","Deployment Register operation with target volume C: on Package MdOdrMcpFilterPackage_1.0.0.0_neutral__cw5n1h2txyewy from:  (AppxManifest.xml)  failed with error 0x80073CF9. See http://go.microsoft.com/fwlink/?LinkId=235160 for help diagnosing app deployment issues."
"03-08-2026 09:26:11","698","Error","Microsoft-Windows-AppXDeployment-Server","Deployment Stage operation with target volume C: on Package MdOdrMcpFilterPackage_1.0.0.0_neutral__cw5n1h2txyewy from:  (MdOdrMcpFilter.msix)  failed with error 0x80073D0B. See http://go.microsoft.com/fwlink/?LinkId=235160 for help diagnosing app deployment issues."
"31-07-2026 13:40:16","698","Error","Microsoft-Windows-AppXDeployment-Server","Deployment Register operation with target volume C: on Package MdOdrMcpFilterPackage_1.0.0.0_neutral__cw5n1h2txyewy from:  (AppxManifest.xml)  failed with error 0x80073CF9. See http://go.microsoft.com/fwlink/?LinkId=235160 for help diagnosing app deployment issues."
"31-07-2026 09:44:30","698","Error","Microsoft-Windows-AppXDeployment-Server","Deployment Stage operation with target volume C: on Package MdOdrMcpFilterPackage_1.0.0.0_neutral__cw5n1h2txyewy from:  (MdOdrMcpFilter.msix)  failed with error 0x80073D0B. See http://go.microsoft.com/fwlink/?LinkId=235160 for help diagnosing app deployment issues."
"30-07-2026 12:51:24","698","Error","Microsoft-Windows-AppXDeployment-Server","Deployment Register operation with target volume C: on Package MdOdrMcpFilterPackage_1.0.0.0_neutral__cw5n1h2txyewy from:  (AppxManifest.xml)  failed with error 0x80073CF9. See http://go.microsoft.com/fwlink/?LinkId=235160 for help diagnosing app deployment issues."
"29-07-2026 12:16:44","698","Error","Microsoft-Windows-AppXDeployment-Server","Deployment Register operation with target volume C: on Package MdOdrMcpFilterPackage_1.0.0.0_neutral__cw5n1h2txyewy from:  (AppxManifest.xml)  failed with error 0x80073CF9. See http://go.microsoft.com/fwlink/?LinkId=235160 for help diagnosing app deployment issues."
"28-07-2026 11:52:22","698","Error","Microsoft-Windows-AppXDeployment-Server","Deployment Register operation with target volume C: on Package MdOdrMcpFilterPackage_1.0.0.0_neutral__cw5n1h2txyewy from:  (AppxManifest.xml)  failed with error 0x80073CF9. See http://go.microsoft.com/fwlink/?LinkId=235160 for help diagnosing app deployment issues."
"27-07-2026 11:49:27","698","Error","Microsoft-Windows-AppXDeployment-Server","Deployment Stage operation with target volume C: on Package MdOdrMcpFilterPackage_1.0.0.0_neutral__cw5n1h2txyewy from:  (MdOdrMcpFilter.msix)  failed with error 0x80073D0B. See http://go.microsoft.com/fwlink/?LinkId=235160 for help diagnosing app deployment issues."
"27-07-2026 10:39:36","698","Error","Microsoft-Windows-AppXDeployment-Server","Deployment Register operation with target volume C: on Package MdOdrMcpFilterPackage_1.0.0.0_neutral__cw5n1h2txyewy from:  (AppxManifest.xml)  failed with error 0x80073CF9. See http://go.microsoft.com/fwlink/?LinkId=235160 for help diagnosing app deployment issues."
"27-07-2026 09:37:16","698","Error","Microsoft-Windows-AppXDeployment-Server","Deployment Stage operation with target volume C: on Package MdOdrMcpFilterPackage_1.0.0.0_neutral__cw5n1h2txyewy from:  (MdOdrMcpFilter.msix)  failed with error 0x80073D0B. See http://go.microsoft.com/fwlink/?LinkId=235160 for help diagnosing app deployment issues."
"27-07-2026 09:34:43","698","Error","Microsoft-Windows-AppXDeployment-Server","Deployment Stage operation with target volume C: on Package MdOdrMcpFilterPackage_1.0.0.0_neutral__cw5n1h2txyewy from:  (MdOdrMcpFilter.msix)  failed with error 0x80073D0B. See http://go.microsoft.com/fwlink/?LinkId=235160 for help diagnosing app deployment issues."
"24-07-2026 12:18:17","698","Error","Microsoft-Windows-AppXDeployment-Server","Deployment Register operation with target volume C: on Package MdOdrMcpFilterPackage_1.0.0.0_neutral__cw5n1h2txyewy from:  (AppxManifest.xml)  failed with error 0x80073CF9. See http://go.microsoft.com/fwlink/?LinkId=235160 for help diagnosing app deployment issues."
"23-07-2026 12:01:45","698","Error","Microsoft-Windows-AppXDeployment-Server","Deployment Register operation with target volume C: on Package MdOdrMcpFilterPackage_1.0.0.0_neutral__cw5n1h2txyewy from:  (AppxManifest.xml)  failed with error 0x80073CF9. See http://go.microsoft.com/fwlink/?LinkId=235160 for help diagnosing app deployment issues."
"22-07-2026 11:12:15","698","Error","Microsoft-Windows-AppXDeployment-Server","Deployment Register operation with target volume C: on Package MdOdrMcpFilterPackage_1.0.0.0_neutral__cw5n1h2txyewy from:  (AppxManifest.xml)  failed with error 0x80073CF9. See http://go.microsoft.com/fwlink/?LinkId=235160 for help diagnosing app deployment issues."
"21-07-2026 11:03:40","698","Error","Microsoft-Windows-AppXDeployment-Server","Deployment Register operation with target volume C: on Package MdOdrMcpFilterPackage_1.0.0.0_neutral__cw5n1h2txyewy from:  (AppxManifest.xml)  failed with error 0x80073CF9. See http://go.microsoft.com/fwlink/?LinkId=235160 for help diagnosing app deployment issues."
"21-07-2026 08:44:29","698","Error","Microsoft-Windows-AppXDeployment-Server","Deployment Stage operation with target volume C: on Package MdOdrMcpFilterPackage_1.0.0.0_neutral__cw5n1h2txyewy from:  (MdOdrMcpFilter.msix)  failed with error 0x80073D0B. See http://go.microsoft.com/fwlink/?LinkId=235160 for help diagnosing app deployment issues."
"20-07-2026 10:03:30","698","Error","Microsoft-Windows-AppXDeployment-Server","Deployment Register operation with target volume C: on Package MdOdrMcpFilterPackage_1.0.0.0_neutral__cw5n1h2txyewy from:  (AppxManifest.xml)  failed with error 0x80073CF9. See http://go.microsoft.com/fwlink/?LinkId=235160 for help diagnosing app deployment issues."
"14-07-2026 19:33:18","698","Error","Microsoft-Windows-AppXDeployment-Server","Deployment Remove operation with target volume C: on Package Microsoft.WindowsAppRuntime.1.6_6000.519.329.0_x86__8wekyb3d8bbwe from:   failed with error 0x80073CF1. See http://go.microsoft.com/fwlink/?LinkId=235160 for help diagnosing app deployment issues."
"14-07-2026 18:59:37","698","Error","Microsoft-Windows-AppXDeployment-Server","Deployment Register operation with target volume C: on Package MdOdrMcpFilterPackage_1.0.0.0_neutral__cw5n1h2txyewy from:  (AppxManifest.xml)  failed with error 0x80073CF9. See http://go.microsoft.com/fwlink/?LinkId=235160 for help diagnosing app deployment issues."
"13-07-2026 18:53:09","698","Error","Microsoft-Windows-AppXDeployment-Server","Deployment Register operation with target volume C: on Package MdOdrMcpFilterPackage_1.0.0.0_neutral__cw5n1h2txyewy from:  (AppxManifest.xml)  failed with error 0x80073CF9. See http://go.microsoft.com/fwlink/?LinkId=235160 for help diagnosing app deployment issues."
"12-07-2026 18:32:14","698","Error","Microsoft-Windows-AppXDeployment-Server","Deployment Stage operation with target volume C: on Package MdOdrMcpFilterPackage_1.0.0.0_neutral__cw5n1h2txyewy from:  (MdOdrMcpFilter.msix)  failed with error 0x80073D0B. See http://go.microsoft.com/fwlink/?LinkId=235160 for help diagnosing app deployment issues."
"12-07-2026 18:32:07","698","Error","Microsoft-Windows-AppXDeployment-Server","Deployment Stage operation with target volume C: on Package MdOdrMcpFilterPackage_1.0.0.0_neutral__cw5n1h2txyewy from:  (MdOdrMcpFilter.msix)  failed with error 0x80073D0B. See http://go.microsoft.com/fwlink/?LinkId=235160 for help diagnosing app deployment issues."
"12-07-2026 18:25:40","698","Error","Microsoft-Windows-AppXDeployment-Server","Deployment Register operation with target volume C: on Package MdOdrMcpFilterPackage_1.0.0.0_neutral__cw5n1h2txyewy from:  (AppxManifest.xml)  failed with error 0x80073CF9. See http://go.microsoft.com/fwlink/?LinkId=235160 for help diagnosing app deployment issues."
"11-07-2026 13:17:03","698","Error","Microsoft-Windows-AppXDeployment-Server","Deployment Register operation with target volume C: on Package MdOdrMcpFilterPackage_1.0.0.0_neutral__cw5n1h2txyewy from:  (AppxManifest.xml)  failed with error 0x80073CF9. See http://go.microsoft.com/fwlink/?LinkId=235160 for help diagnosing app deployment issues."
"10-07-2026 13:15:43","698","Error","Microsoft-Windows-AppXDeployment-Server","Deployment Register operation with target volume C: on Package MdOdrMcpFilterPackage_1.0.0.0_neutral__cw5n1h2txyewy from:  (AppxManifest.xml)  failed with error 0x80073CF9. See http://go.microsoft.com/fwlink/?LinkId=235160 for help diagnosing app deployment issues."
"09-07-2026 12:59:44","698","Error","Microsoft-Windows-AppXDeployment-Server","Deployment Register operation with target volume C: on Package MdOdrMcpFilterPackage_1.0.0.0_neutral__cw5n1h2txyewy from:  (AppxManifest.xml)  failed with error 0x80073CF9. See http://go.microsoft.com/fwlink/?LinkId=235160 for help diagnosing app deployment issues."
"08-07-2026 12:23:53","698","Error","Microsoft-Windows-AppXDeployment-Server","Deployment Register operation with target volume C: on Package MdOdrMcpFilterPackage_1.0.0.0_neutral__cw5n1h2txyewy from:  (AppxManifest.xml)  failed with error 0x80073CF9. See http://go.microsoft.com/fwlink/?LinkId=235160 for help diagnosing app deployment issues."
"07-07-2026 12:19:40","698","Error","Microsoft-Windows-AppXDeployment-Server","Deployment Register operation with target volume C: on Package MdOdrMcpFilterPackage_1.0.0.0_neutral__cw5n1h2txyewy from:  (AppxManifest.xml)  failed with error 0x80073CF9. See http://go.microsoft.com/fwlink/?LinkId=235160 for help diagnosing app deployment issues."
"07-07-2026 09:28:33","698","Error","Microsoft-Windows-AppXDeployment-Server","Deployment Stage operation with target volume C: on Package MdOdrMcpFilterPackage_1.0.0.0_neutral__cw5n1h2txyewy from:  (MdOdrMcpFilter.msix)  failed with error 0x80073D0B. See http://go.microsoft.com/fwlink/?LinkId=235160 for help diagnosing app deployment issues."
"06-07-2026 12:07:22","698","Error","Microsoft-Windows-AppXDeployment-Server","Deployment Register operation with target volume C: on Package MdOdrMcpFilterPackage_1.0.0.0_neutral__cw5n1h2txyewy from:  (AppxManifest.xml)  failed with error 0x80073CF9. See http://go.microsoft.com/fwlink/?LinkId=235160 for help diagnosing app deployment issues."
"04-07-2026 14:12:52","698","Error","Microsoft-Windows-AppXDeployment-Server","Deployment Stage operation with target volume C: on Package MdOdrMcpFilterPackage_1.0.0.0_neutral__cw5n1h2txyewy from:  (MdOdrMcpFilter.msix)  failed with error 0x80073D0B. See http://go.microsoft.com/fwlink/?LinkId=235160 for help diagnosing app deployment issues."
"04-07-2026 13:57:08","698","Error","Microsoft-Windows-AppXDeployment-Server","Deployment Register operation with target volume C: on Package MdOdrMcpFilterPackage_1.0.0.0_neutral__cw5n1h2txyewy from:  (AppxManifest.xml)  failed with error 0x80073CF9. See http://go.microsoft.com/fwlink/?LinkId=235160 for help diagnosing app deployment issues."
"03-07-2026 16:22:18","698","Error","Microsoft-Windows-AppXDeployment-Server","Deployment Remove operation with target volume C: on Package Microsoft.WindowsAppRuntime.1.7_7000.785.2325.0_x86__8wekyb3d8bbwe from:   failed with error 0x80073CF1. See http://go.microsoft.com/fwlink/?LinkId=235160 for help diagnosing app deployment issues."
"03-07-2026 11:20:30","698","Error","Microsoft-Windows-AppXDeployment-Server","Deployment Stage operation with target volume C: on Package MdOdrMcpFilterPackage_1.0.0.0_neutral__cw5n1h2txyewy from:  (MdOdrMcpFilter.msix)  failed with error 0x80073D0B. See http://go.microsoft.com/fwlink/?LinkId=235160 for help diagnosing app deployment issues."
"03-07-2026 11:12:03","698","Error","Microsoft-Windows-AppXDeployment-Server","Deployment Register operation with target volume C: on Package MdOdrMcpFilterPackage_1.0.0.0_neutral__cw5n1h2txyewy from:  (AppxManifest.xml)  failed with error 0x80073CF9. See http://go.microsoft.com/fwlink/?LinkId=235160 for help diagnosing app deployment issues."
"02-07-2026 10:55:35","698","Error","Microsoft-Windows-AppXDeployment-Server","Deployment Register operation with target volume C: on Package MdOdrMcpFilterPackage_1.0.0.0_neutral__cw5n1h2txyewy from:  (AppxManifest.xml)  failed with error 0x80073CF9. See http://go.microsoft.com/fwlink/?LinkId=235160 for help diagnosing app deployment issues."
"01-07-2026 10:51:13","698","Error","Microsoft-Windows-AppXDeployment-Server","Deployment Register operation with target volume C: on Package MdOdrMcpFilterPackage_1.0.0.0_neutral__cw5n1h2txyewy from:  (AppxManifest.xml)  failed with error 0x80073CF9. See http://go.microsoft.com/fwlink/?LinkId=235160 for help diagnosing app deployment issues."
"01-07-2026 10:26:03","698","Error","Microsoft-Windows-AppXDeployment-Server","Deployment DeStage operation with target volume C: on Package Microsoft.DesktopAppInstaller_2026.409.2145.0_neutral_~_8wekyb3d8bbwe from:   failed with error 0x80070032. See http://go.microsoft.com/fwlink/?LinkId=235160 for help diagnosing app deployment issues."
"01-07-2026 10:08:27","698","Error","Microsoft-Windows-AppXDeployment-Server","Deployment Stage operation with target volume C: on Package MdOdrMcpFilterPackage_1.0.0.0_neutral__cw5n1h2txyewy from:  (MdOdrMcpFilter.msix)  failed with error 0x80073D0B. See http://go.microsoft.com/fwlink/?LinkId=235160 for help diagnosing app deployment issues."
"30-06-2026 10:10:01","698","Error","Microsoft-Windows-AppXDeployment-Server","Deployment Register operation with target volume C: on Package MdOdrMcpFilterPackage_1.0.0.0_neutral__cw5n1h2txyewy from:  (AppxManifest.xml)  failed with error 0x80073CF9. See http://go.microsoft.com/fwlink/?LinkId=235160 for help diagnosing app deployment issues."
"29-06-2026 10:24:26","698","Error","Microsoft-Windows-AppXDeployment-Server","Deployment Stage operation with target volume C: on Package MdOdrMcpFilterPackage_1.0.0.0_neutral__cw5n1h2txyewy from:  (MdOdrMcpFilter.msix)  failed with error 0x80073D0B. See http://go.microsoft.com/fwlink/?LinkId=235160 for help diagnosing app deployment issues."
"29-06-2026 09:52:45","698","Error","Microsoft-Windows-AppXDeployment-Server","Deployment Register operation with target volume C: on Package MdOdrMcpFilterPackage_1.0.0.0_neutral__cw5n1h2txyewy from:  (AppxManifest.xml)  failed with error 0x80073CF9. See http://go.microsoft.com/fwlink/?LinkId=235160 for help diagnosing app deployment issues."
"29-06-2026 09:02:37","698","Error","Microsoft-Windows-AppXDeployment-Server","Deployment Stage operation with target volume C: on Package MdOdrMcpFilterPackage_1.0.0.0_neutral__cw5n1h2txyewy from:  (MdOdrMcpFilter.msix)  failed with error 0x80073D0B. See http://go.microsoft.com/fwlink/?LinkId=235160 for help diagnosing app deployment issues."
"26-06-2026 12:04:22","698","Error","Microsoft-Windows-AppXDeployment-Server","Deployment Register operation with target volume C: on Package MdOdrMcpFilterPackage_1.0.0.0_neutral__cw5n1h2txyewy from:  (AppxManifest.xml)  failed with error 0x80073CF9. See http://go.microsoft.com/fwlink/?LinkId=235160 for help diagnosing app deployment issues."
"25-06-2026 11:17:55","698","Error","Microsoft-Windows-AppXDeployment-Server","Deployment Register operation with target volume C: on Package MdOdrMcpFilterPackage_1.0.0.0_neutral__cw5n1h2txyewy from:  (AppxManifest.xml)  failed with error 0x80073CF9. See http://go.microsoft.com/fwlink/?LinkId=235160 for help diagnosing app deployment issues."
"25-06-2026 09:36:08","698","Error","Microsoft-Windows-AppXDeployment-Server","Deployment Stage operation with target volume C: on Package MdOdrMcpFilterPackage_1.0.0.0_neutral__cw5n1h2txyewy from:  (MdOdrMcpFilter.msix)  failed with error 0x80073D0B. See http://go.microsoft.com/fwlink/?LinkId=235160 for help diagnosing app deployment issues."
"24-06-2026 10:43:22","698","Error","Microsoft-Windows-AppXDeployment-Server","Deployment Register operation with target volume C: on Package MdOdrMcpFilterPackage_1.0.0.0_neutral__cw5n1h2txyewy from:  (AppxManifest.xml)  failed with error 0x80073CF9. See http://go.microsoft.com/fwlink/?LinkId=235160 for help diagnosing app deployment issues."
"23-06-2026 08:59:54","698","Error","Microsoft-Windows-AppXDeployment-Server","Deployment Register operation with target volume C: on Package MdOdrMcpFilterPackage_1.0.0.0_neutral__cw5n1h2txyewy from:  (AppxManifest.xml)  failed with error 0x80073CF9. See http://go.microsoft.com/fwlink/?LinkId=235160 for help diagnosing app deployment issues."
"22-06-2026 08:51:01","698","Error","Microsoft-Windows-AppXDeployment-Server","Deployment Register operation with target volume C: on Package MdOdrMcpFilterPackage_1.0.0.0_neutral__cw5n1h2txyewy from:  (AppxManifest.xml)  failed with error 0x80073CF9. See http://go.microsoft.com/fwlink/?LinkId=235160 for help diagnosing app deployment issues."
"19-06-2026 11:11:17","698","Error","Microsoft-Windows-AppXDeployment-Server","Deployment Register operation with target volume C: on Package MdOdrMcpFilterPackage_1.0.0.0_neutral__cw5n1h2txyewy from:  (AppxManifest.xml)  failed with error 0x80073CF9. See http://go.microsoft.com/fwlink/?LinkId=235160 for help diagnosing app deployment issues."
"18-06-2026 10:57:32","698","Error","Microsoft-Windows-AppXDeployment-Server","Deployment Register operation with target volume C: on Package MdOdrMcpFilterPackage_1.0.0.0_neutral__cw5n1h2txyewy from:  (AppxManifest.xml)  failed with error 0x80073CF9. See http://go.microsoft.com/fwlink/?LinkId=235160 for help diagnosing app deployment issues."
"18-06-2026 09:05:42","698","Error","Microsoft-Windows-AppXDeployment-Server","Deployment Stage operation with target volume C: on Package MdOdrMcpFilterPackage_1.0.0.0_neutral__cw5n1h2txyewy from:  (MdOdrMcpFilter.msix)  failed with error 0x80073D0B. See http://go.microsoft.com/fwlink/?LinkId=235160 for help diagnosing app deployment issues."
"17-06-2026 19:18:21","698","Error","Microsoft-Windows-AppXDeployment-Server","Deployment Stage operation with target volume C: on Package MdOdrMcpFilterPackage_1.0.0.0_neutral__cw5n1h2txyewy from:  (MdOdrMcpFilter.msix)  failed with error 0x80073D0B. See http://go.microsoft.com/fwlink/?LinkId=235160 for help diagnosing app deployment issues."
"17-06-2026 19:16:53","698","Error","Microsoft-Windows-AppXDeployment-Server","Deployment Stage operation with target volume C: on Package MdOdrMcpFilterPackage_1.0.0.0_neutral__cw5n1h2txyewy from:  (MdOdrMcpFilter.msix)  failed with error 0x80073D0B. See http://go.microsoft.com/fwlink/?LinkId=235160 for help diagnosing app deployment issues."
"17-06-2026 19:13:48","698","Error","Microsoft-Windows-AppXDeployment-Server","Deployment Stage operation with target volume C: on Package MdOdrMcpFilterPackage_1.0.0.0_neutral__cw5n1h2txyewy from:  (MdOdrMcpFilter.msix)  failed with error 0x80073D0B. See http://go.microsoft.com/fwlink/?LinkId=235160 for help diagnosing app deployment issues."
"17-06-2026 10:48:05","698","Error","Microsoft-Windows-AppXDeployment-Server","Deployment Register operation with target volume C: on Package MdOdrMcpFilterPackage_1.0.0.0_neutral__cw5n1h2txyewy from:  (AppxManifest.xml)  failed with error 0x80073CF9. See http://go.microsoft.com/fwlink/?LinkId=235160 for help diagnosing app deployment issues."
"16-06-2026 10:39:16","698","Error","Microsoft-Windows-AppXDeployment-Server","Deployment Register operation with target volume C: on Package MdOdrMcpFilterPackage_1.0.0.0_neutral__cw5n1h2txyewy from:  (AppxManifest.xml)  failed with error 0x80073CF9. See http://go.microsoft.com/fwlink/?LinkId=235160 for help diagnosing app deployment issues."
"16-06-2026 09:59:29","698","Error","Microsoft-Windows-AppXDeployment-Server","Deployment Stage operation with target volume C: on Package MdOdrMcpFilterPackage_1.0.0.0_neutral__cw5n1h2txyewy from:  (MdOdrMcpFilter.msix)  failed with error 0x80073D0B. See http://go.microsoft.com/fwlink/?LinkId=235160 for help diagnosing app deployment issues."
"16-06-2026 09:46:38","698","Error","Microsoft-Windows-AppXDeployment-Server","Deployment Stage operation with target volume C: on Package MicrosoftWindows.CrossDevice_1.26042.110.0_neutral_~_cw5n1h2txyewy from:  (3d2247fac6f2cecf0fb7dfafd1f62f091a868fb3)  failed with error 0x80004004. See http://go.microsoft.com/fwlink/?LinkId=235160 for help diagnosing app deployment issues."
"16-06-2026 09:46:35","698","Error","Microsoft-Windows-AppXDeployment-Server","Deployment Stage operation with target volume C: on Package Microsoft.WindowsStore_22605.1401.10.0_neutral_~_8wekyb3d8bbwe from:  (18665a9e1292577147a01c106e85cc60274c5704)  failed with error 0x80073CF8. See http://go.microsoft.com/fwlink/?LinkId=235160 for help diagnosing app deployment issues."
"15-06-2026 10:05:19","698","Error","Microsoft-Windows-AppXDeployment-Server","Deployment Register operation with target volume C: on Package MdOdrMcpFilterPackage_1.0.0.0_neutral__cw5n1h2txyewy from:  (AppxManifest.xml)  failed with error 0x80073CF9. See http://go.microsoft.com/fwlink/?LinkId=235160 for help diagnosing app deployment issues."
"12-06-2026 14:16:29","698","Error","Microsoft-Windows-AppXDeployment-Server","Deployment Register operation with target volume C: on Package MdOdrMcpFilterPackage_1.0.0.0_neutral__cw5n1h2txyewy from:  (AppxManifest.xml)  failed with error 0x80073CF9. See http://go.microsoft.com/fwlink/?LinkId=235160 for help diagnosing app deployment issues."
"12-06-2026 09:54:53","698","Error","Microsoft-Windows-AppXDeployment-Server","Deployment Stage operation with target volume C: on Package MdOdrMcpFilterPackage_1.0.0.0_neutral__cw5n1h2txyewy from:  (MdOdrMcpFilter.msix)  failed with error 0x80073D0B. See http://go.microsoft.com/fwlink/?LinkId=235160 for help diagnosing app deployment issues."
"12-06-2026 09:54:47","698","Error","Microsoft-Windows-AppXDeployment-Server","Deployment Stage operation with target volume C: on Package MdOdrMcpFilterPackage_1.0.0.0_neutral__cw5n1h2txyewy from:  (MdOdrMcpFilter.msix)  failed with error 0x80073D0B. See http://go.microsoft.com/fwlink/?LinkId=235160 for help diagnosing app deployment issues."
"11-06-2026 13:56:03","698","Error","Microsoft-Windows-AppXDeployment-Server","Deployment Register operation with target volume C: on Package MdOdrMcpFilterPackage_1.0.0.0_neutral__cw5n1h2txyewy from:  (AppxManifest.xml)  failed with error 0x80073CF9. See http://go.microsoft.com/fwlink/?LinkId=235160 for help diagnosing app deployment issues."
"10-06-2026 13:11:00","698","Error","Microsoft-Windows-AppXDeployment-Server","Deployment Register operation with target volume C: on Package MdOdrMcpFilterPackage_1.0.0.0_neutral__cw5n1h2txyewy from:  (AppxManifest.xml)  failed with error 0x80073CF9. See http://go.microsoft.com/fwlink/?LinkId=235160 for help diagnosing app deployment issues."
"01-06-2026 09:28:04","698","Error","Microsoft-Windows-AppXDeployment-Server","Deployment Register operation with target volume C: on Package AdobeAcrobatReaderCoreApp_26.0.0.1_x64__pc75e8sa7ep4e from:  (AppxManifest.xml)  failed with error 0x80070032. See http://go.microsoft.com/fwlink/?LinkId=235160 for help diagnosing app deployment issues."
"01-06-2026 09:27:33","698","Error","Microsoft-Windows-AppXDeployment-Server","Deployment PreRegisterPackage operation with target volume C: on Package AdobeAcrobatReaderCoreApp_26.0.0.1_x64__pc75e8sa7ep4e from:   failed with error 0x80070032. See http://go.microsoft.com/fwlink/?LinkId=235160 for help diagnosing app deployment issues."
"29-05-2026 11:55:46","698","Error","Microsoft-Windows-AppXDeployment-Server","Deployment PreRegisterPackage operation with target volume C: on Package Microsoft.VisualStudioCode_1.0.116.0_neutral__8wekyb3d8bbwe from:   failed with error 0x80070032. See http://go.microsoft.com/fwlink/?LinkId=235160 for help diagnosing app deployment issues."
"29-05-2026 11:55:45","698","Error","Microsoft-Windows-AppXDeployment-Server","Deployment PreRegisterPackage operation with target volume C: on Package AdobeAcrobatReaderCoreApp_26.0.0.1_x64__pc75e8sa7ep4e from:   failed with error 0x80070032. See http://go.microsoft.com/fwlink/?LinkId=235160 for help diagnosing app deployment issues."
"29-05-2026 11:55:37","698","Error","Microsoft-Windows-AppXDeployment-Server","Deployment Register operation with target volume C: on Package AdobeAcrobatReaderCoreApp_26.0.0.1_x64__pc75e8sa7ep4e from:  (AppxManifest.xml)  failed with error 0x80070032. See http://go.microsoft.com/fwlink/?LinkId=235160 for help diagnosing app deployment issues."
"29-05-2026 11:55:37","698","Error","Microsoft-Windows-AppXDeployment-Server","Deployment Register operation with target volume C: on Package Microsoft.VisualStudioCode_1.0.116.0_neutral__8wekyb3d8bbwe from:  (AppxManifest.xml)  failed with error 0x80070032. See http://go.microsoft.com/fwlink/?LinkId=235160 for help diagnosing app deployment issues."
"29-05-2026 11:55:36","698","Error","Microsoft-Windows-AppXDeployment-Server","Deployment PreRegisterPackage operation with target volume C: on Package Microsoft.VisualStudioCode_1.0.116.0_neutral__8wekyb3d8bbwe from:   failed with error 0x80070032. See http://go.microsoft.com/fwlink/?LinkId=235160 for help diagnosing app deployment issues."
"29-05-2026 11:55:36","698","Error","Microsoft-Windows-AppXDeployment-Server","Deployment PreRegisterPackage operation with target volume C: on Package AdobeAcrobatReaderCoreApp_26.0.0.1_x64__pc75e8sa7ep4e from:   failed with error 0x80070032. See http://go.microsoft.com/fwlink/?LinkId=235160 for help diagnosing app deployment issues."
"28-05-2026 10:46:20","698","Error","Microsoft-Windows-AppXDeployment-Server","Deployment DeStage operation with target volume C: on Package Microsoft.DesktopAppInstaller_2026.409.2145.0_neutral_~_8wekyb3d8bbwe from:   failed with error 0x80070032. See http://go.microsoft.com/fwlink/?LinkId=235160 for help diagnosing app deployment issues."
"28-05-2026 10:22:35","698","Error","Microsoft-Windows-AppXDeployment-Server","Deployment PreRegisterPackage operation with target volume C: on Package Microsoft.VisualStudioCode_1.0.116.0_neutral__8wekyb3d8bbwe from:   failed with error 0x80070032. See http://go.microsoft.com/fwlink/?LinkId=235160 for help diagnosing app deployment issues."
"28-05-2026 10:22:35","698","Error","Microsoft-Windows-AppXDeployment-Server","Deployment PreRegisterPackage operation with target volume C: on Package AdobeAcrobatReaderCoreApp_26.0.0.1_x64__pc75e8sa7ep4e from:   failed with error 0x80070032. See http://go.microsoft.com/fwlink/?LinkId=235160 for help diagnosing app deployment issues."
"28-05-2026 10:21:28","698","Error","Microsoft-Windows-AppXDeployment-Server","Deployment PreRegisterPackage operation with target volume C: on Package Microsoft.VisualStudioCode_1.0.116.0_neutral__8wekyb3d8bbwe from:   failed with error 0x80070032. See http://go.microsoft.com/fwlink/?LinkId=235160 for help diagnosing app deployment issues."
"28-05-2026 10:21:28","698","Error","Microsoft-Windows-AppXDeployment-Server","Deployment PreRegisterPackage operation with target volume C: on Package AdobeAcrobatReaderCoreApp_26.0.0.1_x64__pc75e8sa7ep4e from:   failed with error 0x80070032. See http://go.microsoft.com/fwlink/?LinkId=235160 for help diagnosing app deployment issues."
"28-05-2026 10:20:46","698","Error","Microsoft-Windows-AppXDeployment-Server","Deployment Register operation with target volume C: on Package AdobeAcrobatReaderCoreApp_26.0.0.1_x64__pc75e8sa7ep4e from:  (AppxManifest.xml)  failed with error 0x80070032. See http://go.microsoft.com/fwlink/?LinkId=235160 for help diagnosing app deployment issues."
"28-05-2026 10:20:46","698","Error","Microsoft-Windows-AppXDeployment-Server","Deployment Register operation with target volume C: on Package Microsoft.VisualStudioCode_1.0.116.0_neutral__8wekyb3d8bbwe from:  (AppxManifest.xml)  failed with error 0x80070032. See http://go.microsoft.com/fwlink/?LinkId=235160 for help diagnosing app deployment issues."
"28-05-2026 10:20:15","698","Error","Microsoft-Windows-AppXDeployment-Server","Deployment PreRegisterPackage operation with target volume C: on Package Microsoft.VisualStudioCode_1.0.116.0_neutral__8wekyb3d8bbwe from:   failed with error 0x80070032. See http://go.microsoft.com/fwlink/?LinkId=235160 for help diagnosing app deployment issues."
"28-05-2026 10:20:15","698","Error","Microsoft-Windows-AppXDeployment-Server","Deployment PreRegisterPackage operation with target volume C: on Package AdobeAcrobatReaderCoreApp_26.0.0.1_x64__pc75e8sa7ep4e from:   failed with error 0x80070032. See http://go.microsoft.com/fwlink/?LinkId=235160 for help diagnosing app deployment issues."
"26-05-2026 09:46:30","698","Error","Microsoft-Windows-AppXDeployment-Server","Deployment PreRegisterPackage operation with target volume C: on Package Microsoft.VisualStudioCode_1.0.116.0_neutral__8wekyb3d8bbwe from:   failed with error 0x80070032. See http://go.microsoft.com/fwlink/?LinkId=235160 for help diagnosing app deployment issues."
"26-05-2026 09:46:29","698","Error","Microsoft-Windows-AppXDeployment-Server","Deployment PreRegisterPackage operation with target volume C: on Package AdobeAcrobatReaderCoreApp_26.0.0.1_x64__pc75e8sa7ep4e from:   failed with error 0x80070032. See http://go.microsoft.com/fwlink/?LinkId=235160 for help diagnosing app deployment issues."
"26-05-2026 09:46:22","698","Error","Microsoft-Windows-AppXDeployment-Server","Deployment Register operation with target volume C: on Package AdobeAcrobatReaderCoreApp_26.0.0.1_x64__pc75e8sa7ep4e from:  (AppxManifest.xml)  failed with error 0x80070032. See http://go.microsoft.com/fwlink/?LinkId=235160 for help diagnosing app deployment issues."
"26-05-2026 09:46:22","698","Error","Microsoft-Windows-AppXDeployment-Server","Deployment Register operation with target volume C: on Package Microsoft.VisualStudioCode_1.0.116.0_neutral__8wekyb3d8bbwe from:  (AppxManifest.xml)  failed with error 0x80070032. See http://go.microsoft.com/fwlink/?LinkId=235160 for help diagnosing app deployment issues."
"26-05-2026 09:46:21","698","Error","Microsoft-Windows-AppXDeployment-Server","Deployment PreRegisterPackage operation with target volume C: on Package Microsoft.VisualStudioCode_1.0.116.0_neutral__8wekyb3d8bbwe from:   failed with error 0x80070032. See http://go.microsoft.com/fwlink/?LinkId=235160 for help diagnosing app deployment issues."
"26-05-2026 09:46:21","698","Error","Microsoft-Windows-AppXDeployment-Server","Deployment PreRegisterPackage operation with target volume C: on Package AdobeAcrobatReaderCoreApp_26.0.0.1_x64__pc75e8sa7ep4e from:   failed with error 0x80070032. See http://go.microsoft.com/fwlink/?LinkId=235160 for help diagnosing app deployment issues."
"25-05-2026 09:06:16","698","Error","Microsoft-Windows-AppXDeployment-Server","Deployment Register operation with target volume C: on Package AdobeAcrobatReaderCoreApp_26.0.0.1_x64__pc75e8sa7ep4e from:  (AppxManifest.xml)  failed with error 0x80070032. See http://go.microsoft.com/fwlink/?LinkId=235160 for help diagnosing app deployment issues."
"25-05-2026 09:06:14","698","Error","Microsoft-Windows-AppXDeployment-Server","Deployment Register operation with target volume C: on Package Microsoft.VisualStudioCode_1.0.116.0_neutral__8wekyb3d8bbwe from:  (AppxManifest.xml)  failed with error 0x80070032. See http://go.microsoft.com/fwlink/?LinkId=235160 for help diagnosing app deployment issues."
"25-05-2026 09:06:14","698","Error","Microsoft-Windows-AppXDeployment-Server","Deployment PreRegisterPackage operation with target volume C: on Package Microsoft.VisualStudioCode_1.0.116.0_neutral__8wekyb3d8bbwe from:   failed with error 0x80070032. See http://go.microsoft.com/fwlink/?LinkId=235160 for help diagnosing app deployment issues."
"25-05-2026 09:06:13","698","Error","Microsoft-Windows-AppXDeployment-Server","Deployment PreRegisterPackage operation with target volume C: on Package AdobeAcrobatReaderCoreApp_26.0.0.1_x64__pc75e8sa7ep4e from:   failed with error 0x80070032. See http://go.microsoft.com/fwlink/?LinkId=235160 for help diagnosing app deployment issues."
"25-05-2026 09:03:17","698","Error","Microsoft-Windows-AppXDeployment-Server","Deployment Register operation with target volume C: on Package AdobeAcrobatReaderCoreApp_26.0.0.1_x64__pc75e8sa7ep4e from:  (AppxManifest.xml)  failed with error 0x80070032. See http://go.microsoft.com/fwlink/?LinkId=235160 for help diagnosing app deployment issues."
"25-05-2026 09:03:16","698","Error","Microsoft-Windows-AppXDeployment-Server","Deployment Register operation with target volume C: on Package Microsoft.VisualStudioCode_1.0.116.0_neutral__8wekyb3d8bbwe from:  (AppxManifest.xml)  failed with error 0x80070032. See http://go.microsoft.com/fwlink/?LinkId=235160 for help diagnosing app deployment issues."
"25-05-2026 09:03:16","698","Error","Microsoft-Windows-AppXDeployment-Server","Deployment PreRegisterPackage operation with target volume C: on Package Microsoft.VisualStudioCode_1.0.116.0_neutral__8wekyb3d8bbwe from:   failed with error 0x80070032. See http://go.microsoft.com/fwlink/?LinkId=235160 for help diagnosing app deployment issues."
"25-05-2026 09:03:16","698","Error","Microsoft-Windows-AppXDeployment-Server","Deployment PreRegisterPackage operation with target volume C: on Package AdobeAcrobatReaderCoreApp_26.0.0.1_x64__pc75e8sa7ep4e from:   failed with error 0x80070032. See http://go.microsoft.com/fwlink/?LinkId=235160 for help diagnosing app deployment issues."
"25-05-2026 09:01:33","698","Error","Microsoft-Windows-AppXDeployment-Server","Deployment Register operation with target volume C: on Package AdobeAcrobatReaderCoreApp_26.0.0.1_x64__pc75e8sa7ep4e from:  (AppxManifest.xml)  failed with error 0x80070032. See http://go.microsoft.com/fwlink/?LinkId=235160 for help diagnosing app deployment issues."
"25-05-2026 09:01:32","698","Error","Microsoft-Windows-AppXDeployment-Server","Deployment Register operation with target volume C: on Package Microsoft.VisualStudioCode_1.0.116.0_neutral__8wekyb3d8bbwe from:  (AppxManifest.xml)  failed with error 0x80070032. See http://go.microsoft.com/fwlink/?LinkId=235160 for help diagnosing app deployment issues."
"25-05-2026 09:00:32","698","Error","Microsoft-Windows-AppXDeployment-Server","Deployment PreRegisterPackage operation with target volume C: on Package Microsoft.VisualStudioCode_1.0.116.0_neutral__8wekyb3d8bbwe from:   failed with error 0x80070032. See http://go.microsoft.com/fwlink/?LinkId=235160 for help diagnosing app deployment issues."
"25-05-2026 09:00:32","698","Error","Microsoft-Windows-AppXDeployment-Server","Deployment PreRegisterPackage operation with target volume C: on Package AdobeAcrobatReaderCoreApp_26.0.0.1_x64__pc75e8sa7ep4e from:   failed with error 0x80070032. See http://go.microsoft.com/fwlink/?LinkId=235160 for help diagnosing app deployment issues."
"23-05-2026 21:51:08","698","Error","Microsoft-Windows-AppXDeployment-Server","Deployment PreRegisterPackage operation with target volume C: on Package Microsoft.VisualStudioCode_1.0.116.0_neutral__8wekyb3d8bbwe from:   failed with error 0x80070032. See http://go.microsoft.com/fwlink/?LinkId=235160 for help diagnosing app deployment issues."
"23-05-2026 21:51:07","698","Error","Microsoft-Windows-AppXDeployment-Server","Deployment PreRegisterPackage operation with target volume C: on Package AdobeAcrobatReaderCoreApp_26.0.0.1_x64__pc75e8sa7ep4e from:   failed with error 0x80070032. See http://go.microsoft.com/fwlink/?LinkId=235160 for help diagnosing app deployment issues."
"23-05-2026 21:50:18","698","Error","Microsoft-Windows-AppXDeployment-Server","Deployment Register operation with target volume C: on Package AdobeAcrobatReaderCoreApp_26.0.0.1_x64__pc75e8sa7ep4e from:  (AppxManifest.xml)  failed with error 0x80070032. See http://go.microsoft.com/fwlink/?LinkId=235160 for help diagnosing app deployment issues."
"23-05-2026 21:50:17","698","Error","Microsoft-Windows-AppXDeployment-Server","Deployment Register operation with target volume C: on Package Microsoft.VisualStudioCode_1.0.116.0_neutral__8wekyb3d8bbwe from:  (AppxManifest.xml)  failed with error 0x80070032. See http://go.microsoft.com/fwlink/?LinkId=235160 for help diagnosing app deployment issues."
"23-05-2026 21:49:44","698","Error","Microsoft-Windows-AppXDeployment-Server","Deployment PreRegisterPackage operation with target volume C: on Package Microsoft.VisualStudioCode_1.0.116.0_neutral__8wekyb3d8bbwe from:   failed with error 0x80070032. See http://go.microsoft.com/fwlink/?LinkId=235160 for help diagnosing app deployment issues."
"23-05-2026 21:49:44","698","Error","Microsoft-Windows-AppXDeployment-Server","Deployment PreRegisterPackage operation with target volume C: on Package AdobeAcrobatReaderCoreApp_26.0.0.1_x64__pc75e8sa7ep4e from:   failed with error 0x80070032. See http://go.microsoft.com/fwlink/?LinkId=235160 for help diagnosing app deployment issues."
"23-05-2026 13:40:40","698","Error","Microsoft-Windows-AppXDeployment-Server","Deployment Register operation with target volume C: on Package AdobeAcrobatReaderCoreApp_26.0.0.1_x64__pc75e8sa7ep4e from:  (AppxManifest.xml)  failed with error 0x80070032. See http://go.microsoft.com/fwlink/?LinkId=235160 for help diagnosing app deployment issues."
"23-05-2026 13:40:39","698","Error","Microsoft-Windows-AppXDeployment-Server","Deployment Register operation with target volume C: on Package Microsoft.VisualStudioCode_1.0.116.0_neutral__8wekyb3d8bbwe from:  (AppxManifest.xml)  failed with error 0x80070032. See http://go.microsoft.com/fwlink/?LinkId=235160 for help diagnosing app deployment issues."
"23-05-2026 13:40:38","698","Error","Microsoft-Windows-AppXDeployment-Server","Deployment PreRegisterPackage operation with target volume C: on Package Microsoft.VisualStudioCode_1.0.116.0_neutral__8wekyb3d8bbwe from:   failed with error 0x80070032. See http://go.microsoft.com/fwlink/?LinkId=235160 for help diagnosing app deployment issues."
"23-05-2026 13:40:38","698","Error","Microsoft-Windows-AppXDeployment-Server","Deployment PreRegisterPackage operation with target volume C: on Package AdobeAcrobatReaderCoreApp_26.0.0.1_x64__pc75e8sa7ep4e from:   failed with error 0x80070032. See http://go.microsoft.com/fwlink/?LinkId=235160 for help diagnosing app deployment issues."
"23-05-2026 13:12:08","698","Error","Microsoft-Windows-AppXDeployment-Server","Deployment Stage operation with target volume C: on Package MdOdrMcpFilterPackage_1.0.0.0_neutral__cw5n1h2txyewy from:  (MdOdrMcpFilter.msix)  failed with error 0x80073CF6. See http://go.microsoft.com/fwlink/?LinkId=235160 for help diagnosing app deployment issues."
"23-05-2026 11:22:39","698","Error","Microsoft-Windows-AppXDeployment-Server","Deployment Register operation with target volume C: on Package AdobeAcrobatReaderCoreApp_26.0.0.1_x64__pc75e8sa7ep4e from:  (AppxManifest.xml)  failed with error 0x80070032. See http://go.microsoft.com/fwlink/?LinkId=235160 for help diagnosing app deployment issues."
"23-05-2026 11:22:13","698","Error","Microsoft-Windows-AppXDeployment-Server","Deployment Register operation with target volume C: on Package Microsoft.VisualStudioCode_1.0.116.0_neutral__8wekyb3d8bbwe from:  (AppxManifest.xml)  failed with error 0x80070032. See http://go.microsoft.com/fwlink/?LinkId=235160 for help diagnosing app deployment issues."
"23-05-2026 11:12:11","698","Error","Microsoft-Windows-AppXDeployment-Server","Deployment PreRegisterPackage operation with target volume C: on Package Microsoft.VisualStudioCode_1.0.116.0_neutral__8wekyb3d8bbwe from:   failed with error 0x80070032. See http://go.microsoft.com/fwlink/?LinkId=235160 for help diagnosing app deployment issues."
"23-05-2026 11:12:11","698","Error","Microsoft-Windows-AppXDeployment-Server","Deployment PreRegisterPackage operation with target volume C: on Package AdobeAcrobatReaderCoreApp_26.0.0.1_x64__pc75e8sa7ep4e from:   failed with error 0x80070032. See http://go.microsoft.com/fwlink/?LinkId=235160 for help diagnosing app deployment issues."
"23-05-2026 11:11:49","698","Error","Microsoft-Windows-AppXDeployment-Server","Deployment PreRegisterPackage operation with target volume C: on Package Microsoft.VisualStudioCode_1.0.116.0_neutral__8wekyb3d8bbwe from:   failed with error 0x80070032. See http://go.microsoft.com/fwlink/?LinkId=235160 for help diagnosing app deployment issues."
"23-05-2026 11:11:49","698","Error","Microsoft-Windows-AppXDeployment-Server","Deployment PreRegisterPackage operation with target volume C: on Package AdobeAcrobatReaderCoreApp_26.0.0.1_x64__pc75e8sa7ep4e from:   failed with error 0x80070032. See http://go.microsoft.com/fwlink/?LinkId=235160 for help diagnosing app deployment issues."
"23-05-2026 11:11:01","698","Error","Microsoft-Windows-AppXDeployment-Server","Deployment PreRegisterPackage operation with target volume C: on Package Microsoft.VisualStudioCode_1.0.116.0_neutral__8wekyb3d8bbwe from:   failed with error 0x80070032. See http://go.microsoft.com/fwlink/?LinkId=235160 for help diagnosing app deployment issues."
"23-05-2026 11:11:01","698","Error","Microsoft-Windows-AppXDeployment-Server","Deployment PreRegisterPackage operation with target volume C: on Package AdobeAcrobatReaderCoreApp_26.0.0.1_x64__pc75e8sa7ep4e from:   failed with error 0x80070032. See http://go.microsoft.com/fwlink/?LinkId=235160 for help diagnosing app deployment issues."
"23-05-2026 11:10:59","698","Error","Microsoft-Windows-AppXDeployment-Server","Deployment PreRegisterPackage operation with target volume C: on Package Microsoft.VisualStudioCode_1.0.116.0_neutral__8wekyb3d8bbwe from:   failed with error 0x80070032. See http://go.microsoft.com/fwlink/?LinkId=235160 for help diagnosing app deployment issues."
"23-05-2026 11:10:58","698","Error","Microsoft-Windows-AppXDeployment-Server","Deployment PreRegisterPackage operation with target volume C: on Package aimgr_0.20.47.0_x64__8wekyb3d8bbwe from:   failed with error 0x80070032. See http://go.microsoft.com/fwlink/?LinkId=235160 for help diagnosing app deployment issues."
"23-05-2026 11:10:58","698","Error","Microsoft-Windows-AppXDeployment-Server","Deployment PreRegisterPackage operation with target volume C: on Package AdobeAcrobatReaderCoreApp_26.0.0.1_x64__pc75e8sa7ep4e from:   failed with error 0x80070032. See http://go.microsoft.com/fwlink/?LinkId=235160 for help diagnosing app deployment issues."
"23-05-2026 11:10:44","698","Error","Microsoft-Windows-AppXDeployment-Server","Deployment PreRegisterPackage operation with target volume C: on Package Microsoft.VisualStudioCode_1.0.116.0_neutral__8wekyb3d8bbwe from:   failed with error 0x80070032. See http://go.microsoft.com/fwlink/?LinkId=235160 for help diagnosing app deployment issues."
"23-05-2026 11:10:44","698","Error","Microsoft-Windows-AppXDeployment-Server","Deployment PreRegisterPackage operation with target volume C: on Package Microsoft.OfficePushNotificationUtility_16.0.19929.20172_neutral__8wekyb3d8bbwe from:   failed with error 0x80070032. See http://go.microsoft.com/fwlink/?LinkId=235160 for help diagnosing app deployment issues."
