"11-08-2026 06:04:25","9","Verbose","Microsoft-Windows-Crypto-NCrypt","Key write succeeded.

 Provider Name:	Microsoft Software Key Storage Provider
 ModificationType: 		0x1
 Flags:		0x1
 Key Name:	ChromeMetricsTestKey
 Key File Name:	1e313dfb17707690d41bc1ce552b952a_871e017e-bcbc-4dc7-98b5-1cc935df09e8
 ProcessName:	C:\Program Files (x86)\Microsoft\EdgeWebView\Application\151.0.4129.72\msedgewebview2.exe
 ProcessId:	0x40E8
 ServerThreadId:	0x6858
 UserId:	S-1-12-1-2357405129-1281513531-255772574-1816207334
 ServiceTag:	
 Return Code:	0x0"
"11-08-2026 06:04:25","15","Information","Microsoft-Windows-Crypto-NCrypt","New client uses VBS Key Isolation
Name: msedgewebview2.exe
Binding status: 0x0 (The operation completed successfully.)
Client instance binding attempts: 1
"
"10-08-2026 18:34:21","11","Verbose","Microsoft-Windows-Crypto-NCrypt","Delete key succeeded.

 Provider Name:	Microsoft Software Key Storage Provider
 Flags:		0x40
 DeletionType: 		0x0
 Key Name:	ChromeMetricsTestKey
 Key File Name:	1e313dfb17707690d41bc1ce552b952a_871e017e-bcbc-4dc7-98b5-1cc935df09e8
 ProcessName:	C:\Program Files (x86)\Microsoft\EdgeWebView\Application\151.0.4129.72\msedgewebview2.exe
 ProcessId:	0x5B50
 ServerThreadId:	0x1F58
 UserId:	S-1-12-1-2357405129-1281513531-255772574-1816207334
 ServiceTag:	
 Return Code:	0x0"
"10-08-2026 18:34:21","9","Verbose","Microsoft-Windows-Crypto-NCrypt","Key write succeeded.

 Provider Name:	Microsoft Software Key Storage Provider
 ModificationType: 		0x1
 Flags:		0x1
 Key Name:	ChromeMetricsTestKey
 Key File Name:	1e313dfb17707690d41bc1ce552b952a_871e017e-bcbc-4dc7-98b5-1cc935df09e8
 ProcessName:	C:\Program Files (x86)\Microsoft\EdgeWebView\Application\151.0.4129.72\msedgewebview2.exe
 ProcessId:	0x5B50
 ServerThreadId:	0x1F58
 UserId:	S-1-12-1-2357405129-1281513531-255772574-1816207334
 ServiceTag:	
 Return Code:	0x0"
"10-08-2026 18:34:21","15","Information","Microsoft-Windows-Crypto-NCrypt","New client uses VBS Key Isolation
Name: msedgewebview2.exe
Binding status: 0x0 (The operation completed successfully.)
Client instance binding attempts: 1
"
"10-08-2026 18:19:18","11","Verbose","Microsoft-Windows-Crypto-NCrypt","Delete key succeeded.

 Provider Name:	Microsoft Software Key Storage Provider
 Flags:		0x40
 DeletionType: 		0x0
 Key Name:	ChromeMetricsTestKey
 Key File Name:	1e313dfb17707690d41bc1ce552b952a_871e017e-bcbc-4dc7-98b5-1cc935df09e8
 ProcessName:	C:\Program Files (x86)\Microsoft\EdgeWebView\Application\151.0.4129.72\msedgewebview2.exe
 ProcessId:	0x3D38
 ServerThreadId:	0x121C
 UserId:	S-1-12-1-2357405129-1281513531-255772574-1816207334
 ServiceTag:	
 Return Code:	0x0"
"10-08-2026 18:19:18","9","Verbose","Microsoft-Windows-Crypto-NCrypt","Key write succeeded.

 Provider Name:	Microsoft Software Key Storage Provider
 ModificationType: 		0x1
 Flags:		0x1
 Key Name:	ChromeMetricsTestKey
 Key File Name:	1e313dfb17707690d41bc1ce552b952a_871e017e-bcbc-4dc7-98b5-1cc935df09e8
 ProcessName:	C:\Program Files (x86)\Microsoft\EdgeWebView\Application\151.0.4129.72\msedgewebview2.exe
 ProcessId:	0x3D38
 ServerThreadId:	0x121C
 UserId:	S-1-12-1-2357405129-1281513531-255772574-1816207334
 ServiceTag:	
 Return Code:	0x0"
"10-08-2026 18:19:18","15","Information","Microsoft-Windows-Crypto-NCrypt","New client uses VBS Key Isolation
Name: msedgewebview2.exe
Binding status: 0x0 (The operation completed successfully.)
Client instance binding attempts: 1
"
"10-08-2026 18:04:05","11","Verbose","Microsoft-Windows-Crypto-NCrypt","Delete key succeeded.

 Provider Name:	Microsoft Software Key Storage Provider
 Flags:		0x40
 DeletionType: 		0x0
 Key Name:	ChromeMetricsTestKey
 Key File Name:	1e313dfb17707690d41bc1ce552b952a_871e017e-bcbc-4dc7-98b5-1cc935df09e8
 ProcessName:	C:\Program Files (x86)\Microsoft\EdgeWebView\Application\151.0.4129.72\msedgewebview2.exe
 ProcessId:	0x4EB0
 ServerThreadId:	0x6414
 UserId:	S-1-12-1-2357405129-1281513531-255772574-1816207334
 ServiceTag:	
 Return Code:	0x0"
"10-08-2026 18:04:05","9","Verbose","Microsoft-Windows-Crypto-NCrypt","Key write succeeded.

 Provider Name:	Microsoft Software Key Storage Provider
 ModificationType: 		0x1
 Flags:		0x1
 Key Name:	ChromeMetricsTestKey
 Key File Name:	1e313dfb17707690d41bc1ce552b952a_871e017e-bcbc-4dc7-98b5-1cc935df09e8
 ProcessName:	C:\Program Files (x86)\Microsoft\EdgeWebView\Application\151.0.4129.72\msedgewebview2.exe
 ProcessId:	0x4EB0
 ServerThreadId:	0x6414
 UserId:	S-1-12-1-2357405129-1281513531-255772574-1816207334
 ServiceTag:	
 Return Code:	0x0"
"10-08-2026 18:04:05","15","Information","Microsoft-Windows-Crypto-NCrypt","New client uses VBS Key Isolation
Name: msedgewebview2.exe
Binding status: 0x0 (The operation completed successfully.)
Client instance binding attempts: 1
"
"10-08-2026 17:49:05","11","Verbose","Microsoft-Windows-Crypto-NCrypt","Delete key succeeded.

 Provider Name:	Microsoft Software Key Storage Provider
 Flags:		0x40
 DeletionType: 		0x0
 Key Name:	ChromeMetricsTestKey
 Key File Name:	1e313dfb17707690d41bc1ce552b952a_871e017e-bcbc-4dc7-98b5-1cc935df09e8
 ProcessName:	C:\Program Files (x86)\Microsoft\EdgeWebView\Application\151.0.4129.72\msedgewebview2.exe
 ProcessId:	0x39B8
 ServerThreadId:	0x121C
 UserId:	S-1-12-1-2357405129-1281513531-255772574-1816207334
 ServiceTag:	
 Return Code:	0x0"
"10-08-2026 17:49:04","9","Verbose","Microsoft-Windows-Crypto-NCrypt","Key write succeeded.

 Provider Name:	Microsoft Software Key Storage Provider
 ModificationType: 		0x1
 Flags:		0x1
 Key Name:	ChromeMetricsTestKey
 Key File Name:	1e313dfb17707690d41bc1ce552b952a_871e017e-bcbc-4dc7-98b5-1cc935df09e8
 ProcessName:	C:\Program Files (x86)\Microsoft\EdgeWebView\Application\151.0.4129.72\msedgewebview2.exe
 ProcessId:	0x39B8
 ServerThreadId:	0x121C
 UserId:	S-1-12-1-2357405129-1281513531-255772574-1816207334
 ServiceTag:	
 Return Code:	0x0"
"10-08-2026 17:49:04","15","Information","Microsoft-Windows-Crypto-NCrypt","New client uses VBS Key Isolation
Name: msedgewebview2.exe
Binding status: 0x0 (The operation completed successfully.)
Client instance binding attempts: 1
"
"10-08-2026 17:34:01","11","Verbose","Microsoft-Windows-Crypto-NCrypt","Delete key succeeded.

 Provider Name:	Microsoft Software Key Storage Provider
 Flags:		0x40
 DeletionType: 		0x0
 Key Name:	ChromeMetricsTestKey
 Key File Name:	1e313dfb17707690d41bc1ce552b952a_871e017e-bcbc-4dc7-98b5-1cc935df09e8
 ProcessName:	C:\Program Files (x86)\Microsoft\EdgeWebView\Application\151.0.4129.72\msedgewebview2.exe
 ProcessId:	0x5ED4
 ServerThreadId:	0x2398
 UserId:	S-1-12-1-2357405129-1281513531-255772574-1816207334
 ServiceTag:	
 Return Code:	0x0"
"10-08-2026 17:34:01","9","Verbose","Microsoft-Windows-Crypto-NCrypt","Key write succeeded.

 Provider Name:	Microsoft Software Key Storage Provider
 ModificationType: 		0x1
 Flags:		0x1
 Key Name:	ChromeMetricsTestKey
 Key File Name:	1e313dfb17707690d41bc1ce552b952a_871e017e-bcbc-4dc7-98b5-1cc935df09e8
 ProcessName:	C:\Program Files (x86)\Microsoft\EdgeWebView\Application\151.0.4129.72\msedgewebview2.exe
 ProcessId:	0x5ED4
 ServerThreadId:	0x2398
 UserId:	S-1-12-1-2357405129-1281513531-255772574-1816207334
 ServiceTag:	
 Return Code:	0x0"
"10-08-2026 17:34:01","15","Information","Microsoft-Windows-Crypto-NCrypt","New client uses VBS Key Isolation
Name: msedgewebview2.exe
Binding status: 0x0 (The operation completed successfully.)
Client instance binding attempts: 1
"
"10-08-2026 17:18:52","11","Verbose","Microsoft-Windows-Crypto-NCrypt","Delete key succeeded.

 Provider Name:	Microsoft Software Key Storage Provider
 Flags:		0x40
 DeletionType: 		0x0
 Key Name:	ChromeMetricsTestKey
 Key File Name:	1e313dfb17707690d41bc1ce552b952a_871e017e-bcbc-4dc7-98b5-1cc935df09e8
 ProcessName:	C:\Program Files (x86)\Microsoft\EdgeWebView\Application\151.0.4129.72\msedgewebview2.exe
 ProcessId:	0x2244
 ServerThreadId:	0x6EC8
 UserId:	S-1-12-1-2357405129-1281513531-255772574-1816207334
 ServiceTag:	
 Return Code:	0x0"
"10-08-2026 17:18:52","9","Verbose","Microsoft-Windows-Crypto-NCrypt","Key write succeeded.

 Provider Name:	Microsoft Software Key Storage Provider
 ModificationType: 		0x1
 Flags:		0x1
 Key Name:	ChromeMetricsTestKey
 Key File Name:	1e313dfb17707690d41bc1ce552b952a_871e017e-bcbc-4dc7-98b5-1cc935df09e8
 ProcessName:	C:\Program Files (x86)\Microsoft\EdgeWebView\Application\151.0.4129.72\msedgewebview2.exe
 ProcessId:	0x2244
 ServerThreadId:	0x6EC8
 UserId:	S-1-12-1-2357405129-1281513531-255772574-1816207334
 ServiceTag:	
 Return Code:	0x0"
"10-08-2026 17:18:52","15","Information","Microsoft-Windows-Crypto-NCrypt","New client uses VBS Key Isolation
Name: msedgewebview2.exe
Binding status: 0x0 (The operation completed successfully.)
Client instance binding attempts: 1
"
"10-08-2026 17:03:48","11","Verbose","Microsoft-Windows-Crypto-NCrypt","Delete key succeeded.

 Provider Name:	Microsoft Software Key Storage Provider
 Flags:		0x40
 DeletionType: 		0x0
 Key Name:	ChromeMetricsTestKey
 Key File Name:	1e313dfb17707690d41bc1ce552b952a_871e017e-bcbc-4dc7-98b5-1cc935df09e8
 ProcessName:	C:\Program Files (x86)\Microsoft\EdgeWebView\Application\151.0.4129.72\msedgewebview2.exe
 ProcessId:	0x2EB4
 ServerThreadId:	0x121C
 UserId:	S-1-12-1-2357405129-1281513531-255772574-1816207334
 ServiceTag:	
 Return Code:	0x0"
"10-08-2026 17:03:48","9","Verbose","Microsoft-Windows-Crypto-NCrypt","Key write succeeded.

 Provider Name:	Microsoft Software Key Storage Provider
 ModificationType: 		0x1
 Flags:		0x1
 Key Name:	ChromeMetricsTestKey
 Key File Name:	1e313dfb17707690d41bc1ce552b952a_871e017e-bcbc-4dc7-98b5-1cc935df09e8
 ProcessName:	C:\Program Files (x86)\Microsoft\EdgeWebView\Application\151.0.4129.72\msedgewebview2.exe
 ProcessId:	0x2EB4
 ServerThreadId:	0x121C
 UserId:	S-1-12-1-2357405129-1281513531-255772574-1816207334
 ServiceTag:	
 Return Code:	0x0"
"10-08-2026 17:03:48","15","Information","Microsoft-Windows-Crypto-NCrypt","New client uses VBS Key Isolation
Name: msedgewebview2.exe
Binding status: 0x0 (The operation completed successfully.)
Client instance binding attempts: 1
"
"10-08-2026 16:48:42","11","Verbose","Microsoft-Windows-Crypto-NCrypt","Delete key succeeded.

 Provider Name:	Microsoft Software Key Storage Provider
 Flags:		0x40
 DeletionType: 		0x0
 Key Name:	ChromeMetricsTestKey
 Key File Name:	1e313dfb17707690d41bc1ce552b952a_871e017e-bcbc-4dc7-98b5-1cc935df09e8
 ProcessName:	C:\Program Files (x86)\Microsoft\EdgeWebView\Application\151.0.4129.72\msedgewebview2.exe
 ProcessId:	0x4990
 ServerThreadId:	0x6DB4
 UserId:	S-1-12-1-2357405129-1281513531-255772574-1816207334
 ServiceTag:	
 Return Code:	0x0"
"10-08-2026 16:48:42","9","Verbose","Microsoft-Windows-Crypto-NCrypt","Key write succeeded.

 Provider Name:	Microsoft Software Key Storage Provider
 ModificationType: 		0x1
 Flags:		0x1
 Key Name:	ChromeMetricsTestKey
 Key File Name:	1e313dfb17707690d41bc1ce552b952a_871e017e-bcbc-4dc7-98b5-1cc935df09e8
 ProcessName:	C:\Program Files (x86)\Microsoft\EdgeWebView\Application\151.0.4129.72\msedgewebview2.exe
 ProcessId:	0x4990
 ServerThreadId:	0x6DB4
 UserId:	S-1-12-1-2357405129-1281513531-255772574-1816207334
 ServiceTag:	
 Return Code:	0x0"
"10-08-2026 16:48:42","15","Information","Microsoft-Windows-Crypto-NCrypt","New client uses VBS Key Isolation
Name: msedgewebview2.exe
Binding status: 0x0 (The operation completed successfully.)
Client instance binding attempts: 1
"
"10-08-2026 16:33:34","11","Verbose","Microsoft-Windows-Crypto-NCrypt","Delete key succeeded.

 Provider Name:	Microsoft Software Key Storage Provider
 Flags:		0x40
 DeletionType: 		0x0
 Key Name:	ChromeMetricsTestKey
 Key File Name:	1e313dfb17707690d41bc1ce552b952a_871e017e-bcbc-4dc7-98b5-1cc935df09e8
 ProcessName:	C:\Program Files (x86)\Microsoft\EdgeWebView\Application\151.0.4129.72\msedgewebview2.exe
 ProcessId:	0x2B80
 ServerThreadId:	0x121C
 UserId:	S-1-12-1-2357405129-1281513531-255772574-1816207334
 ServiceTag:	
 Return Code:	0x0"
"10-08-2026 16:33:34","9","Verbose","Microsoft-Windows-Crypto-NCrypt","Key write succeeded.

 Provider Name:	Microsoft Software Key Storage Provider
 ModificationType: 		0x1
 Flags:		0x1
 Key Name:	ChromeMetricsTestKey
 Key File Name:	1e313dfb17707690d41bc1ce552b952a_871e017e-bcbc-4dc7-98b5-1cc935df09e8
 ProcessName:	C:\Program Files (x86)\Microsoft\EdgeWebView\Application\151.0.4129.72\msedgewebview2.exe
 ProcessId:	0x2B80
 ServerThreadId:	0x121C
 UserId:	S-1-12-1-2357405129-1281513531-255772574-1816207334
 ServiceTag:	
 Return Code:	0x0"
"10-08-2026 16:33:34","15","Information","Microsoft-Windows-Crypto-NCrypt","New client uses VBS Key Isolation
Name: msedgewebview2.exe
Binding status: 0x0 (The operation completed successfully.)
Client instance binding attempts: 1
"
"10-08-2026 16:15:17","11","Verbose","Microsoft-Windows-Crypto-NCrypt","Delete key succeeded.

 Provider Name:	Microsoft Software Key Storage Provider
 Flags:		0x40
 DeletionType: 		0x0
 Key Name:	ChromeMetricsTestKey
 Key File Name:	1e313dfb17707690d41bc1ce552b952a_871e017e-bcbc-4dc7-98b5-1cc935df09e8
 ProcessName:	C:\Program Files (x86)\Microsoft\Edge\Application\msedge.exe
 ProcessId:	0x4D80
 ServerThreadId:	0x121C
 UserId:	S-1-12-1-2357405129-1281513531-255772574-1816207334
 ServiceTag:	
 Return Code:	0x0"
"10-08-2026 16:15:17","9","Verbose","Microsoft-Windows-Crypto-NCrypt","Key write succeeded.

 Provider Name:	Microsoft Software Key Storage Provider
 ModificationType: 		0x1
 Flags:		0x1
 Key Name:	ChromeMetricsTestKey
 Key File Name:	1e313dfb17707690d41bc1ce552b952a_871e017e-bcbc-4dc7-98b5-1cc935df09e8
 ProcessName:	C:\Program Files (x86)\Microsoft\Edge\Application\msedge.exe
 ProcessId:	0x4D80
 ServerThreadId:	0x121C
 UserId:	S-1-12-1-2357405129-1281513531-255772574-1816207334
 ServiceTag:	
 Return Code:	0x0"
"10-08-2026 16:15:17","15","Information","Microsoft-Windows-Crypto-NCrypt","New client uses VBS Key Isolation
Name: msedge.exe
Binding status: 0x0 (The operation completed successfully.)
Client instance binding attempts: 1
"
"10-08-2026 14:13:08","11","Verbose","Microsoft-Windows-Crypto-NCrypt","Delete key succeeded.

 Provider Name:	Microsoft Software Key Storage Provider
 Flags:		0x40
 DeletionType: 		0x0
 Key Name:	ChromeMetricsTestKey
 Key File Name:	1e313dfb17707690d41bc1ce552b952a_871e017e-bcbc-4dc7-98b5-1cc935df09e8
 ProcessName:	C:\Program Files (x86)\Microsoft\Edge\Application\msedge.exe
 ProcessId:	0x6E18
 ServerThreadId:	0x5E14
 UserId:	S-1-12-1-2357405129-1281513531-255772574-1816207334
 ServiceTag:	
 Return Code:	0x0"
"10-08-2026 14:13:08","9","Verbose","Microsoft-Windows-Crypto-NCrypt","Key write succeeded.

 Provider Name:	Microsoft Software Key Storage Provider
 ModificationType: 		0x1
 Flags:		0x1
 Key Name:	ChromeMetricsTestKey
 Key File Name:	1e313dfb17707690d41bc1ce552b952a_871e017e-bcbc-4dc7-98b5-1cc935df09e8
 ProcessName:	C:\Program Files (x86)\Microsoft\Edge\Application\msedge.exe
 ProcessId:	0x6E18
 ServerThreadId:	0x5E14
 UserId:	S-1-12-1-2357405129-1281513531-255772574-1816207334
 ServiceTag:	
 Return Code:	0x0"
"10-08-2026 14:13:08","15","Information","Microsoft-Windows-Crypto-NCrypt","New client uses VBS Key Isolation
Name: msedge.exe
Binding status: 0x0 (The operation completed successfully.)
Client instance binding attempts: 1
"
"10-08-2026 13:31:32","11","Verbose","Microsoft-Windows-Crypto-NCrypt","Delete key succeeded.

 Provider Name:	Microsoft Software Key Storage Provider
 Flags:		0x40
 DeletionType: 		0x0
 Key Name:	ChromeMetricsTestKey
 Key File Name:	1e313dfb17707690d41bc1ce552b952a_871e017e-bcbc-4dc7-98b5-1cc935df09e8
 ProcessName:	C:\Program Files (x86)\Microsoft\EdgeWebView\Application\151.0.4129.72\msedgewebview2.exe
 ProcessId:	0x6BA8
 ServerThreadId:	0x121C
 UserId:	S-1-12-1-2357405129-1281513531-255772574-1816207334
 ServiceTag:	
 Return Code:	0x0"
"10-08-2026 13:31:32","9","Verbose","Microsoft-Windows-Crypto-NCrypt","Key write succeeded.

 Provider Name:	Microsoft Software Key Storage Provider
 ModificationType: 		0x1
 Flags:		0x1
 Key Name:	ChromeMetricsTestKey
 Key File Name:	1e313dfb17707690d41bc1ce552b952a_871e017e-bcbc-4dc7-98b5-1cc935df09e8
 ProcessName:	C:\Program Files (x86)\Microsoft\EdgeWebView\Application\151.0.4129.72\msedgewebview2.exe
 ProcessId:	0x6BA8
 ServerThreadId:	0x121C
 UserId:	S-1-12-1-2357405129-1281513531-255772574-1816207334
 ServiceTag:	
 Return Code:	0x0"
"10-08-2026 13:31:32","15","Information","Microsoft-Windows-Crypto-NCrypt","New client uses VBS Key Isolation
Name: msedgewebview2.exe
Binding status: 0x0 (The operation completed successfully.)
Client instance binding attempts: 1
"
"10-08-2026 12:26:13","11","Verbose","Microsoft-Windows-Crypto-NCrypt","Delete key succeeded.

 Provider Name:	Microsoft Software Key Storage Provider
 Flags:		0x40
 DeletionType: 		0x0
 Key Name:	ChromeMetricsTestKey
 Key File Name:	1e313dfb17707690d41bc1ce552b952a_871e017e-bcbc-4dc7-98b5-1cc935df09e8
 ProcessName:	C:\Program Files\Google\Chrome\Application\chrome.exe
 ProcessId:	0x462C
 ServerThreadId:	0x2A58
 UserId:	S-1-12-1-2357405129-1281513531-255772574-1816207334
 ServiceTag:	
 Return Code:	0x0"
"10-08-2026 12:26:13","9","Verbose","Microsoft-Windows-Crypto-NCrypt","Key write succeeded.

 Provider Name:	Microsoft Software Key Storage Provider
 ModificationType: 		0x1
 Flags:		0x1
 Key Name:	ChromeMetricsTestKey
 Key File Name:	1e313dfb17707690d41bc1ce552b952a_871e017e-bcbc-4dc7-98b5-1cc935df09e8
 ProcessName:	C:\Program Files\Google\Chrome\Application\chrome.exe
 ProcessId:	0x462C
 ServerThreadId:	0x5CF0
 UserId:	S-1-12-1-2357405129-1281513531-255772574-1816207334
 ServiceTag:	
 Return Code:	0x0"
"10-08-2026 12:26:13","15","Information","Microsoft-Windows-Crypto-NCrypt","New client uses VBS Key Isolation
Name: chrome.exe
Binding status: 0x0 (The operation completed successfully.)
Client instance binding attempts: 1
"
"10-08-2026 10:13:08","11","Verbose","Microsoft-Windows-Crypto-NCrypt","Delete key succeeded.

 Provider Name:	Microsoft Software Key Storage Provider
 Flags:		0x40
 DeletionType: 		0x0
 Key Name:	ChromeMetricsTestKey
 Key File Name:	1e313dfb17707690d41bc1ce552b952a_871e017e-bcbc-4dc7-98b5-1cc935df09e8
 ProcessName:	C:\Program Files (x86)\Microsoft\Edge\Application\msedge.exe
 ProcessId:	0x34D0
 ServerThreadId:	0x6950
 UserId:	S-1-12-1-2357405129-1281513531-255772574-1816207334
 ServiceTag:	
 Return Code:	0x0"
"10-08-2026 10:13:08","9","Verbose","Microsoft-Windows-Crypto-NCrypt","Key write succeeded.

 Provider Name:	Microsoft Software Key Storage Provider
 ModificationType: 		0x1
 Flags:		0x1
 Key Name:	ChromeMetricsTestKey
 Key File Name:	1e313dfb17707690d41bc1ce552b952a_871e017e-bcbc-4dc7-98b5-1cc935df09e8
 ProcessName:	C:\Program Files (x86)\Microsoft\Edge\Application\msedge.exe
 ProcessId:	0x34D0
 ServerThreadId:	0x121C
 UserId:	S-1-12-1-2357405129-1281513531-255772574-1816207334
 ServiceTag:	
 Return Code:	0x0"
"10-08-2026 10:13:08","15","Information","Microsoft-Windows-Crypto-NCrypt","New client uses VBS Key Isolation
Name: msedge.exe
Binding status: 0x0 (The operation completed successfully.)
Client instance binding attempts: 1
"
"10-08-2026 09:48:23","11","Verbose","Microsoft-Windows-Crypto-NCrypt","Delete key succeeded.

 Provider Name:	Microsoft Software Key Storage Provider
 Flags:		0x40
 DeletionType: 		0x0
 Key Name:	ChromeMetricsTestKey
 Key File Name:	1e313dfb17707690d41bc1ce552b952a_871e017e-bcbc-4dc7-98b5-1cc935df09e8
 ProcessName:	C:\Program Files (x86)\Microsoft\EdgeWebView\Application\151.0.4129.59\msedgewebview2.exe
 ProcessId:	0x2AFC
 ServerThreadId:	0x40B8
 UserId:	S-1-12-1-2357405129-1281513531-255772574-1816207334
 ServiceTag:	
 Return Code:	0x0"
"10-08-2026 09:48:23","9","Verbose","Microsoft-Windows-Crypto-NCrypt","Key write succeeded.

 Provider Name:	Microsoft Software Key Storage Provider
 ModificationType: 		0x1
 Flags:		0x1
 Key Name:	ChromeMetricsTestKey
 Key File Name:	1e313dfb17707690d41bc1ce552b952a_871e017e-bcbc-4dc7-98b5-1cc935df09e8
 ProcessName:	C:\Program Files (x86)\Microsoft\EdgeWebView\Application\151.0.4129.59\msedgewebview2.exe
 ProcessId:	0x2AFC
 ServerThreadId:	0x40B8
 UserId:	S-1-12-1-2357405129-1281513531-255772574-1816207334
 ServiceTag:	
 Return Code:	0x0"
"10-08-2026 09:48:22","15","Information","Microsoft-Windows-Crypto-NCrypt","New client uses VBS Key Isolation
Name: msedgewebview2.exe
Binding status: 0x0 (The operation completed successfully.)
Client instance binding attempts: 1
"
"10-08-2026 09:47:13","11","Verbose","Microsoft-Windows-Crypto-NCrypt","Delete key succeeded.

 Provider Name:	Microsoft Software Key Storage Provider
 Flags:		0x40
 DeletionType: 		0x0
 Key Name:	ChromeMetricsTestKey
 Key File Name:	1e313dfb17707690d41bc1ce552b952a_871e017e-bcbc-4dc7-98b5-1cc935df09e8
 ProcessName:	C:\Program Files (x86)\Microsoft\Edge\Application\msedge.exe
 ProcessId:	0x6364
 ServerThreadId:	0x40B8
 UserId:	S-1-12-1-2357405129-1281513531-255772574-1816207334
 ServiceTag:	
 Return Code:	0x0"
"10-08-2026 09:47:13","9","Verbose","Microsoft-Windows-Crypto-NCrypt","Key write succeeded.

 Provider Name:	Microsoft Software Key Storage Provider
 ModificationType: 		0x1
 Flags:		0x1
 Key Name:	ChromeMetricsTestKey
 Key File Name:	1e313dfb17707690d41bc1ce552b952a_871e017e-bcbc-4dc7-98b5-1cc935df09e8
 ProcessName:	C:\Program Files (x86)\Microsoft\Edge\Application\msedge.exe
 ProcessId:	0x6364
 ServerThreadId:	0x40B8
 UserId:	S-1-12-1-2357405129-1281513531-255772574-1816207334
 ServiceTag:	
 Return Code:	0x0"
"10-08-2026 09:47:13","15","Information","Microsoft-Windows-Crypto-NCrypt","New client uses VBS Key Isolation
Name: msedge.exe
Binding status: 0x0 (The operation completed successfully.)
Client instance binding attempts: 1
"
"10-08-2026 09:45:05","11","Verbose","Microsoft-Windows-Crypto-NCrypt","Delete key succeeded.

 Provider Name:	Microsoft Software Key Storage Provider
 Flags:		0x40
 DeletionType: 		0x0
 Key Name:	ChromeMetricsTestKey
 Key File Name:	1e313dfb17707690d41bc1ce552b952a_871e017e-bcbc-4dc7-98b5-1cc935df09e8
 ProcessName:	C:\Program Files (x86)\Microsoft\Edge\Application\msedge.exe
 ProcessId:	0x3E70
 ServerThreadId:	0x40B8
 UserId:	S-1-12-1-2357405129-1281513531-255772574-1816207334
 ServiceTag:	
 Return Code:	0x0"
"10-08-2026 09:45:05","9","Verbose","Microsoft-Windows-Crypto-NCrypt","Key write succeeded.

 Provider Name:	Microsoft Software Key Storage Provider
 ModificationType: 		0x1
 Flags:		0x1
 Key Name:	ChromeMetricsTestKey
 Key File Name:	1e313dfb17707690d41bc1ce552b952a_871e017e-bcbc-4dc7-98b5-1cc935df09e8
 ProcessName:	C:\Program Files (x86)\Microsoft\Edge\Application\msedge.exe
 ProcessId:	0x3E70
 ServerThreadId:	0x40B8
 UserId:	S-1-12-1-2357405129-1281513531-255772574-1816207334
 ServiceTag:	
 Return Code:	0x0"
"10-08-2026 09:45:05","15","Information","Microsoft-Windows-Crypto-NCrypt","New client uses VBS Key Isolation
Name: msedge.exe
Binding status: 0x0 (The operation completed successfully.)
Client instance binding attempts: 1
"
"10-08-2026 09:45:04","11","Verbose","Microsoft-Windows-Crypto-NCrypt","Delete key succeeded.

 Provider Name:	Microsoft Software Key Storage Provider
 Flags:		0x40
 DeletionType: 		0x0
 Key Name:	ChromeMetricsTestKey
 Key File Name:	1e313dfb17707690d41bc1ce552b952a_871e017e-bcbc-4dc7-98b5-1cc935df09e8
 ProcessName:	C:\Program Files (x86)\Microsoft\EdgeWebView\Application\151.0.4129.59\msedgewebview2.exe
 ProcessId:	0x25C4
 ServerThreadId:	0x4598
 UserId:	S-1-12-1-2357405129-1281513531-255772574-1816207334
 ServiceTag:	
 Return Code:	0x0"
"10-08-2026 09:45:04","9","Verbose","Microsoft-Windows-Crypto-NCrypt","Key write succeeded.

 Provider Name:	Microsoft Software Key Storage Provider
 ModificationType: 		0x1
 Flags:		0x1
 Key Name:	ChromeMetricsTestKey
 Key File Name:	1e313dfb17707690d41bc1ce552b952a_871e017e-bcbc-4dc7-98b5-1cc935df09e8
 ProcessName:	C:\Program Files (x86)\Microsoft\EdgeWebView\Application\151.0.4129.59\msedgewebview2.exe
 ProcessId:	0x25C4
 ServerThreadId:	0x4598
 UserId:	S-1-12-1-2357405129-1281513531-255772574-1816207334
 ServiceTag:	
 Return Code:	0x0"
"10-08-2026 09:45:04","15","Information","Microsoft-Windows-Crypto-NCrypt","New client uses VBS Key Isolation
Name: msedgewebview2.exe
Binding status: 0x0 (The operation completed successfully.)
Client instance binding attempts: 1
"
"10-08-2026 09:44:33","11","Verbose","Microsoft-Windows-Crypto-NCrypt","Delete key succeeded.

 Provider Name:	Microsoft Software Key Storage Provider
 Flags:		0x40
 DeletionType: 		0x0
 Key Name:	ChromeMetricsTestKey
 Key File Name:	1e313dfb17707690d41bc1ce552b952a_871e017e-bcbc-4dc7-98b5-1cc935df09e8
 ProcessName:	C:\Program Files (x86)\Microsoft\EdgeWebView\Application\151.0.4129.59\msedgewebview2.exe
 ProcessId:	0xF00
 ServerThreadId:	0x5C70
 UserId:	S-1-12-1-2357405129-1281513531-255772574-1816207334
 ServiceTag:	
 Return Code:	0x0"
"10-08-2026 09:44:33","9","Verbose","Microsoft-Windows-Crypto-NCrypt","Key write succeeded.

 Provider Name:	Microsoft Software Key Storage Provider
 ModificationType: 		0x1
 Flags:		0x1
 Key Name:	ChromeMetricsTestKey
 Key File Name:	1e313dfb17707690d41bc1ce552b952a_871e017e-bcbc-4dc7-98b5-1cc935df09e8
 ProcessName:	C:\Program Files (x86)\Microsoft\EdgeWebView\Application\151.0.4129.59\msedgewebview2.exe
 ProcessId:	0xF00
 ServerThreadId:	0x4598
 UserId:	S-1-12-1-2357405129-1281513531-255772574-1816207334
 ServiceTag:	
 Return Code:	0x0"
"10-08-2026 09:44:33","15","Information","Microsoft-Windows-Crypto-NCrypt","New client uses VBS Key Isolation
Name: msedgewebview2.exe
Binding status: 0x0 (The operation completed successfully.)
Client instance binding attempts: 1
"
"10-08-2026 09:44:23","3","Error","Microsoft-Windows-Crypto-NCrypt","Open Key operation failed.

 Cryptographic Parameters:
 	Provider Name:	Microsoft Software Key Storage Provider
 	Key Name:	TB_0_office.com
 Failure Information:
 	Return Code:	0x80090016"
"10-08-2026 09:44:21","3","Error","Microsoft-Windows-Crypto-NCrypt","Open Key operation failed.

 Cryptographic Parameters:
 	Provider Name:	Microsoft Software Key Storage Provider
 	Key Name:	TB_0_office.com
 Failure Information:
 	Return Code:	0x80090016"
"10-08-2026 09:42:40","11","Verbose","Microsoft-Windows-Crypto-NCrypt","Delete key succeeded.

 Provider Name:	Microsoft Software Key Storage Provider
 Flags:		0x40
 DeletionType: 		0x0
 Key Name:	ChromeMetricsTestKey
 Key File Name:	1e313dfb17707690d41bc1ce552b952a_871e017e-bcbc-4dc7-98b5-1cc935df09e8
 ProcessName:	C:\Program Files (x86)\Microsoft\Edge\Application\msedge.exe
 ProcessId:	0x5BA0
 ServerThreadId:	0x8
 UserId:	S-1-12-1-2357405129-1281513531-255772574-1816207334
 ServiceTag:	
 Return Code:	0x0"
"10-08-2026 09:42:40","9","Verbose","Microsoft-Windows-Crypto-NCrypt","Key write succeeded.

 Provider Name:	Microsoft Software Key Storage Provider
 ModificationType: 		0x1
 Flags:		0x1
 Key Name:	ChromeMetricsTestKey
 Key File Name:	1e313dfb17707690d41bc1ce552b952a_871e017e-bcbc-4dc7-98b5-1cc935df09e8
 ProcessName:	C:\Program Files (x86)\Microsoft\Edge\Application\msedge.exe
 ProcessId:	0x5BA0
 ServerThreadId:	0x8
 UserId:	S-1-12-1-2357405129-1281513531-255772574-1816207334
 ServiceTag:	
 Return Code:	0x0"
"10-08-2026 09:42:40","15","Information","Microsoft-Windows-Crypto-NCrypt","New client uses VBS Key Isolation
Name: msedge.exe
Binding status: 0x0 (The operation completed successfully.)
Client instance binding attempts: 1
"
"10-08-2026 09:41:49","1","Error","Microsoft-Windows-Crypto-NCrypt","Cryptographic Operation failed.

 Cryptographic Parameters:
 	OperationType:	KEY FINALIZE
 	Provider Name:	Microsoft Platform Crypto Provider
 	Key Name:	NULL
 	Key Type:	
 	Algorithm Name:	
 
Failure Information:
 	Return Code:	0x80280400"
"10-08-2026 09:41:47","11","Verbose","Microsoft-Windows-Crypto-NCrypt","Delete key succeeded.

 Provider Name:	Microsoft Software Key Storage Provider
 Flags:		0x40
 DeletionType: 		0x0
 Key Name:	ChromeMetricsTestKey
 Key File Name:	1e313dfb17707690d41bc1ce552b952a_871e017e-bcbc-4dc7-98b5-1cc935df09e8_da5fd6b349700aefcb92feb194b1222f
 ProcessName:	C:\Program Files (x86)\Microsoft\EdgeWebView\Application\151.0.4129.59\msedgewebview2.exe
 ProcessId:	0x505C
 ServerThreadId:	0x40B8
 UserId:	S-1-12-1-2357405129-1281513531-255772574-1816207334
 ServiceTag:	
 Return Code:	0x0"
"10-08-2026 09:41:46","9","Verbose","Microsoft-Windows-Crypto-NCrypt","Key write succeeded.

 Provider Name:	Microsoft Software Key Storage Provider
 ModificationType: 		0x1
 Flags:		0x1
 Key Name:	ChromeMetricsTestKey
 Key File Name:	1e313dfb17707690d41bc1ce552b952a_871e017e-bcbc-4dc7-98b5-1cc935df09e8_da5fd6b349700aefcb92feb194b1222f
 ProcessName:	C:\Program Files (x86)\Microsoft\EdgeWebView\Application\151.0.4129.59\msedgewebview2.exe
 ProcessId:	0x505C
 ServerThreadId:	0x2984
 UserId:	S-1-12-1-2357405129-1281513531-255772574-1816207334
 ServiceTag:	
 Return Code:	0x0"
"10-08-2026 09:41:46","15","Information","Microsoft-Windows-Crypto-NCrypt","New client uses VBS Key Isolation
Name: msedgewebview2.exe
Binding status: 0x0 (The operation completed successfully.)
Client instance binding attempts: 1
"
"10-08-2026 09:41:43","3","Error","Microsoft-Windows-Crypto-NCrypt","Open Key operation failed.

 Cryptographic Parameters:
 	Provider Name:	Microsoft Software Key Storage Provider
 	Key Name:	TB_0_office.com
 Failure Information:
 	Return Code:	0x80090016"
"10-08-2026 09:36:53","1","Error","Microsoft-Windows-Crypto-NCrypt","Cryptographic Operation failed.

 Cryptographic Parameters:
 	OperationType:	16
 	Provider Name:	Microsoft Platform Crypto Provider
 	Key Name:	KeyG-6ff0d65a-137b-ddbc-8984-a20f29715b51
 	Key Type:	
 	Algorithm Name:	
 
Failure Information:
 	Return Code:	0x80090029"
"10-08-2026 09:36:53","1","Error","Microsoft-Windows-Crypto-NCrypt","Cryptographic Operation failed.

 Cryptographic Parameters:
 	OperationType:	16
 	Provider Name:	Microsoft Platform Crypto Provider
 	Key Name:	AIK-1714379f-acea-1f19-27c7-f010a7d73755
 	Key Type:	
 	Algorithm Name:	
 
Failure Information:
 	Return Code:	0x80090029"
"10-08-2026 09:36:53","1","Error","Microsoft-Windows-Crypto-NCrypt","Cryptographic Operation failed.

 Cryptographic Parameters:
 	OperationType:	16
 	Provider Name:	Microsoft Platform Crypto Provider
 	Key Name:	SK-ae2e9598-9f41-136b-1ad7-0dcd39b9aab4
 	Key Type:	
 	Algorithm Name:	
 
Failure Information:
 	Return Code:	0x80090029"
"10-08-2026 09:36:53","1","Error","Microsoft-Windows-Crypto-NCrypt","Cryptographic Operation failed.

 Cryptographic Parameters:
 	OperationType:	16
 	Provider Name:	Microsoft Platform Crypto Provider
 	Key Name:	SK-32e71225-1ff0-a219-9a24-01fc89b72c32
 	Key Type:	
 	Algorithm Name:	
 
Failure Information:
 	Return Code:	0x80090029"
"10-08-2026 09:36:53","1","Error","Microsoft-Windows-Crypto-NCrypt","Cryptographic Operation failed.

 Cryptographic Parameters:
 	OperationType:	16
 	Provider Name:	Microsoft Platform Crypto Provider
 	Key Name:	AIK-38bdd432-9fcc-9c37-3494-02c97d365990
 	Key Type:	
 	Algorithm Name:	
 
Failure Information:
 	Return Code:	0x80090029"
"10-08-2026 09:36:53","1","Error","Microsoft-Windows-Crypto-NCrypt","Cryptographic Operation failed.

 Cryptographic Parameters:
 	OperationType:	16
 	Provider Name:	Microsoft Platform Crypto Provider
 	Key Name:	SK-89be5bc4-4805-873e-0687-9e942f0d33d7
 	Key Type:	
 	Algorithm Name:	
 
Failure Information:
 	Return Code:	0x80090029"
"10-08-2026 09:36:53","1","Error","Microsoft-Windows-Crypto-NCrypt","Cryptographic Operation failed.

 Cryptographic Parameters:
 	OperationType:	16
 	Provider Name:	Microsoft Platform Crypto Provider
 	Key Name:	WindowsAIK_ECC_TPM_ECC_NIST_P256
 	Key Type:	
 	Algorithm Name:	
 
Failure Information:
 	Return Code:	0x80090011"
"10-08-2026 09:36:53","1","Error","Microsoft-Windows-Crypto-NCrypt","Cryptographic Operation failed.

 Cryptographic Parameters:
 	OperationType:	16
 	Provider Name:	Microsoft Platform Crypto Provider
 	Key Name:	Windows Synthetic AIK
 	Key Type:	
 	Algorithm Name:	
 
Failure Information:
 	Return Code:	0x80090011"
"10-08-2026 09:36:53","11","Verbose","Microsoft-Windows-Crypto-NCrypt","Delete key succeeded.

 Provider Name:	Microsoft Software Key Storage Provider
 Flags:		0x40
 DeletionType: 		0x0
 Key Name:	SCEPProtocolKey-2fe3d9ef-bfe7-43a4-b7f7-4bad0cc1517b
 Key File Name:	48762af3d2ee6b4c36f588a4f90c2fa3_871e017e-bcbc-4dc7-98b5-1cc935df09e8
 ProcessName:	C:\Windows\System32\taskhostw.exe
 ProcessId:	0x312C
 ServerThreadId:	0x5F0
 UserId:	S-1-5-18
 ServiceTag:	
 Return Code:	0x0"
"10-08-2026 09:36:53","1","Error","Microsoft-Windows-Crypto-NCrypt","Cryptographic Operation failed.

 Cryptographic Parameters:
 	OperationType:	16
 	Provider Name:	Microsoft Software Key Storage Provider
 	Key Name:	NULL
 	Key Type:	
 	Algorithm Name:	
 
Failure Information:
 	Return Code:	0x80090029"
"10-08-2026 09:36:53","1","Error","Microsoft-Windows-Crypto-NCrypt","Cryptographic Operation failed.

 Cryptographic Parameters:
 	OperationType:	16
 	Provider Name:	Microsoft Software Key Storage Provider
 	Key Name:	NULL
 	Key Type:	
 	Algorithm Name:	
 
Failure Information:
 	Return Code:	0x80090029"
"10-08-2026 09:36:53","1","Error","Microsoft-Windows-Crypto-NCrypt","Cryptographic Operation failed.

 Cryptographic Parameters:
 	OperationType:	16
 	Provider Name:	Microsoft Software Key Storage Provider
 	Key Name:	NULL
 	Key Type:	
 	Algorithm Name:	
 
Failure Information:
 	Return Code:	0x80090029"
"10-08-2026 09:36:53","1","Error","Microsoft-Windows-Crypto-NCrypt","Cryptographic Operation failed.

 Cryptographic Parameters:
 	OperationType:	16
 	Provider Name:	Microsoft Software Key Storage Provider
 	Key Name:	NULL
 	Key Type:	
 	Algorithm Name:	
 
Failure Information:
 	Return Code:	0x80090029"
"10-08-2026 09:36:53","1","Error","Microsoft-Windows-Crypto-NCrypt","Cryptographic Operation failed.

 Cryptographic Parameters:
 	OperationType:	16
 	Provider Name:	Microsoft Software Key Storage Provider
 	Key Name:	NULL
 	Key Type:	
 	Algorithm Name:	
 
Failure Information:
 	Return Code:	0x80090029"
"10-08-2026 09:36:53","1","Error","Microsoft-Windows-Crypto-NCrypt","Cryptographic Operation failed.

 Cryptographic Parameters:
 	OperationType:	16
 	Provider Name:	Microsoft Software Key Storage Provider
 	Key Name:	NULL
 	Key Type:	
 	Algorithm Name:	
 
Failure Information:
 	Return Code:	0x80090029"
"10-08-2026 09:36:53","1","Error","Microsoft-Windows-Crypto-NCrypt","Cryptographic Operation failed.

 Cryptographic Parameters:
 	OperationType:	16
 	Provider Name:	Microsoft Software Key Storage Provider
 	Key Name:	NULL
 	Key Type:	
 	Algorithm Name:	
 
Failure Information:
 	Return Code:	0x80090029"
"10-08-2026 09:36:53","1","Error","Microsoft-Windows-Crypto-NCrypt","Cryptographic Operation failed.

 Cryptographic Parameters:
 	OperationType:	16
 	Provider Name:	Microsoft Software Key Storage Provider
 	Key Name:	NULL
 	Key Type:	
 	Algorithm Name:	
 
Failure Information:
 	Return Code:	0x80090029"
"10-08-2026 09:36:53","1","Error","Microsoft-Windows-Crypto-NCrypt","Cryptographic Operation failed.

 Cryptographic Parameters:
 	OperationType:	16
 	Provider Name:	Microsoft Software Key Storage Provider
 	Key Name:	NULL
 	Key Type:	
 	Algorithm Name:	
 
Failure Information:
 	Return Code:	0x80090029"
"10-08-2026 09:36:53","1","Error","Microsoft-Windows-Crypto-NCrypt","Cryptographic Operation failed.

 Cryptographic Parameters:
 	OperationType:	16
 	Provider Name:	Microsoft Software Key Storage Provider
 	Key Name:	NULL
 	Key Type:	
 	Algorithm Name:	
 
Failure Information:
 	Return Code:	0x80090029"
"10-08-2026 09:36:53","1","Error","Microsoft-Windows-Crypto-NCrypt","Cryptographic Operation failed.

 Cryptographic Parameters:
 	OperationType:	16
 	Provider Name:	Microsoft Software Key Storage Provider
 	Key Name:	NULL
 	Key Type:	
 	Algorithm Name:	
 
Failure Information:
 	Return Code:	0x80090029"
"10-08-2026 09:36:53","1","Error","Microsoft-Windows-Crypto-NCrypt","Cryptographic Operation failed.

 Cryptographic Parameters:
 	OperationType:	16
 	Provider Name:	Microsoft Software Key Storage Provider
 	Key Name:	NULL
 	Key Type:	
 	Algorithm Name:	
 
Failure Information:
 	Return Code:	0x80090029"
"10-08-2026 09:36:53","1","Error","Microsoft-Windows-Crypto-NCrypt","Cryptographic Operation failed.

 Cryptographic Parameters:
 	OperationType:	17
 	Provider Name:	Microsoft Software Key Storage Provider
 	Key Name:	NULL
 	Key Type:	
 	Algorithm Name:	
 
Failure Information:
 	Return Code:	0x80090029"
"10-08-2026 09:36:53","1","Error","Microsoft-Windows-Crypto-NCrypt","Cryptographic Operation failed.

 Cryptographic Parameters:
 	OperationType:	16
 	Provider Name:	Microsoft Software Key Storage Provider
 	Key Name:	NULL
 	Key Type:	
 	Algorithm Name:	
 
Failure Information:
 	Return Code:	0x80090029"
"10-08-2026 09:36:53","1","Error","Microsoft-Windows-Crypto-NCrypt","Cryptographic Operation failed.

 Cryptographic Parameters:
 	OperationType:	16
 	Provider Name:	Microsoft Software Key Storage Provider
 	Key Name:	NULL
 	Key Type:	
 	Algorithm Name:	
 
Failure Information:
 	Return Code:	0x80090029"
"10-08-2026 09:36:53","1","Error","Microsoft-Windows-Crypto-NCrypt","Cryptographic Operation failed.

 Cryptographic Parameters:
 	OperationType:	16
 	Provider Name:	Microsoft Software Key Storage Provider
 	Key Name:	NULL
 	Key Type:	
 	Algorithm Name:	
 
Failure Information:
 	Return Code:	0x80090029"
"10-08-2026 09:36:53","1","Error","Microsoft-Windows-Crypto-NCrypt","Cryptographic Operation failed.

 Cryptographic Parameters:
 	OperationType:	16
 	Provider Name:	Microsoft Software Key Storage Provider
 	Key Name:	NULL
 	Key Type:	
 	Algorithm Name:	
 
Failure Information:
 	Return Code:	0x80090029"
"10-08-2026 09:36:53","1","Error","Microsoft-Windows-Crypto-NCrypt","Cryptographic Operation failed.

 Cryptographic Parameters:
 	OperationType:	16
 	Provider Name:	Microsoft Software Key Storage Provider
 	Key Name:	NULL
 	Key Type:	
 	Algorithm Name:	
 
Failure Information:
 	Return Code:	0x80090029"
"10-08-2026 09:36:53","1","Error","Microsoft-Windows-Crypto-NCrypt","Cryptographic Operation failed.

 Cryptographic Parameters:
 	OperationType:	16
 	Provider Name:	Microsoft Software Key Storage Provider
 	Key Name:	NULL
 	Key Type:	
 	Algorithm Name:	
 
Failure Information:
 	Return Code:	0x80090029"
"10-08-2026 09:36:53","1","Error","Microsoft-Windows-Crypto-NCrypt","Cryptographic Operation failed.

 Cryptographic Parameters:
 	OperationType:	16
 	Provider Name:	Microsoft Software Key Storage Provider
 	Key Name:	NULL
 	Key Type:	
 	Algorithm Name:	
 
Failure Information:
 	Return Code:	0x80090029"
"10-08-2026 09:36:53","1","Error","Microsoft-Windows-Crypto-NCrypt","Cryptographic Operation failed.

 Cryptographic Parameters:
 	OperationType:	16
 	Provider Name:	Microsoft Software Key Storage Provider
 	Key Name:	NULL
 	Key Type:	
 	Algorithm Name:	
 
Failure Information:
 	Return Code:	0x80090029"
"10-08-2026 09:36:53","1","Error","Microsoft-Windows-Crypto-NCrypt","Cryptographic Operation failed.

 Cryptographic Parameters:
 	OperationType:	16
 	Provider Name:	Microsoft Software Key Storage Provider
 	Key Name:	NULL
 	Key Type:	
 	Algorithm Name:	
 
Failure Information:
 	Return Code:	0x80090029"
"10-08-2026 09:36:53","1","Error","Microsoft-Windows-Crypto-NCrypt","Cryptographic Operation failed.

 Cryptographic Parameters:
 	OperationType:	16
 	Provider Name:	Microsoft Software Key Storage Provider
 	Key Name:	NULL
 	Key Type:	
 	Algorithm Name:	
 
Failure Information:
 	Return Code:	0x80090029"
"10-08-2026 09:36:53","1","Error","Microsoft-Windows-Crypto-NCrypt","Cryptographic Operation failed.

 Cryptographic Parameters:
 	OperationType:	16
 	Provider Name:	Microsoft Software Key Storage Provider
 	Key Name:	NULL
 	Key Type:	
 	Algorithm Name:	
 
Failure Information:
 	Return Code:	0x80090029"
"10-08-2026 09:36:53","1","Error","Microsoft-Windows-Crypto-NCrypt","Cryptographic Operation failed.

 Cryptographic Parameters:
 	OperationType:	16
 	Provider Name:	Microsoft Software Key Storage Provider
 	Key Name:	NULL
 	Key Type:	
 	Algorithm Name:	
 
Failure Information:
 	Return Code:	0x80090029"
"10-08-2026 09:36:53","1","Error","Microsoft-Windows-Crypto-NCrypt","Cryptographic Operation failed.

 Cryptographic Parameters:
 	OperationType:	17
 	Provider Name:	Microsoft Software Key Storage Provider
 	Key Name:	NULL
 	Key Type:	
 	Algorithm Name:	
 
Failure Information:
 	Return Code:	0x80090029"
"10-08-2026 09:36:50","1","Error","Microsoft-Windows-Crypto-NCrypt","Cryptographic Operation failed.

 Cryptographic Parameters:
 	OperationType:	16
 	Provider Name:	Microsoft Software Key Storage Provider
 	Key Name:	SCEPProtocolKey-2fe3d9ef-bfe7-43a4-b7f7-4bad0cc1517b
 	Key Type:	
 	Algorithm Name:	
 
Failure Information:
 	Return Code:	0x80090011"
"10-08-2026 09:36:50","1","Error","Microsoft-Windows-Crypto-NCrypt","Cryptographic Operation failed.

 Cryptographic Parameters:
 	OperationType:	16
 	Provider Name:	Microsoft Platform Crypto Provider
 	Key Name:	NULL
 	Key Type:	
 	Algorithm Name:	
 
Failure Information:
 	Return Code:	0x80090029"
"10-08-2026 09:36:50","1","Error","Microsoft-Windows-Crypto-NCrypt","Cryptographic Operation failed.

 Cryptographic Parameters:
 	OperationType:	16
 	Provider Name:	Microsoft Platform Crypto Provider
 	Key Name:	NULL
 	Key Type:	
 	Algorithm Name:	
 
Failure Information:
 	Return Code:	0x80090029"
"10-08-2026 09:36:50","1","Error","Microsoft-Windows-Crypto-NCrypt","Cryptographic Operation failed.

 Cryptographic Parameters:
 	OperationType:	16
 	Provider Name:	Microsoft Platform Crypto Provider
 	Key Name:	NULL
 	Key Type:	
 	Algorithm Name:	
 
Failure Information:
 	Return Code:	0x80090029"
"10-08-2026 09:36:50","1","Error","Microsoft-Windows-Crypto-NCrypt","Cryptographic Operation failed.

 Cryptographic Parameters:
 	OperationType:	16
 	Provider Name:	Microsoft Software Key Storage Provider
 	Key Name:	NULL
 	Key Type:	
 	Algorithm Name:	
 
Failure Information:
 	Return Code:	0x80090029"
"10-08-2026 09:36:50","1","Error","Microsoft-Windows-Crypto-NCrypt","Cryptographic Operation failed.

 Cryptographic Parameters:
 	OperationType:	16
 	Provider Name:	Microsoft Software Key Storage Provider
 	Key Name:	NULL
 	Key Type:	
 	Algorithm Name:	
 
Failure Information:
 	Return Code:	0x80090029"
"10-08-2026 09:36:50","1","Error","Microsoft-Windows-Crypto-NCrypt","Cryptographic Operation failed.

 Cryptographic Parameters:
 	OperationType:	16
 	Provider Name:	Microsoft Software Key Storage Provider
 	Key Name:	NULL
 	Key Type:	
 	Algorithm Name:	
 
Failure Information:
 	Return Code:	0x80090029"
"10-08-2026 09:36:50","1","Error","Microsoft-Windows-Crypto-NCrypt","Cryptographic Operation failed.

 Cryptographic Parameters:
 	OperationType:	16
 	Provider Name:	Microsoft Software Key Storage Provider
 	Key Name:	NULL
 	Key Type:	
 	Algorithm Name:	
 
Failure Information:
 	Return Code:	0x80090029"
"10-08-2026 09:36:50","1","Error","Microsoft-Windows-Crypto-NCrypt","Cryptographic Operation failed.

 Cryptographic Parameters:
 	OperationType:	16
 	Provider Name:	Microsoft Software Key Storage Provider
 	Key Name:	NULL
 	Key Type:	
 	Algorithm Name:	
 
Failure Information:
 	Return Code:	0x80090029"
"10-08-2026 09:36:50","1","Error","Microsoft-Windows-Crypto-NCrypt","Cryptographic Operation failed.

 Cryptographic Parameters:
 	OperationType:	16
 	Provider Name:	Microsoft Software Key Storage Provider
 	Key Name:	NULL
 	Key Type:	
 	Algorithm Name:	
 
Failure Information:
 	Return Code:	0x80090029"
"10-08-2026 09:36:50","1","Error","Microsoft-Windows-Crypto-NCrypt","Cryptographic Operation failed.

 Cryptographic Parameters:
 	OperationType:	16
 	Provider Name:	Microsoft Software Key Storage Provider
 	Key Name:	NULL
 	Key Type:	
 	Algorithm Name:	
 
Failure Information:
 	Return Code:	0x80090029"
"10-08-2026 09:36:50","1","Error","Microsoft-Windows-Crypto-NCrypt","Cryptographic Operation failed.

 Cryptographic Parameters:
 	OperationType:	16
 	Provider Name:	Microsoft Software Key Storage Provider
 	Key Name:	NULL
 	Key Type:	
 	Algorithm Name:	
 
Failure Information:
 	Return Code:	0x80090029"
"10-08-2026 09:36:50","1","Error","Microsoft-Windows-Crypto-NCrypt","Cryptographic Operation failed.

 Cryptographic Parameters:
 	OperationType:	16
 	Provider Name:	Microsoft Software Key Storage Provider
 	Key Name:	NULL
 	Key Type:	
 	Algorithm Name:	
 
Failure Information:
 	Return Code:	0x80090029"
"10-08-2026 09:36:50","1","Error","Microsoft-Windows-Crypto-NCrypt","Cryptographic Operation failed.

 Cryptographic Parameters:
 	OperationType:	16
 	Provider Name:	Microsoft Software Key Storage Provider
 	Key Name:	NULL
 	Key Type:	
 	Algorithm Name:	
 
Failure Information:
 	Return Code:	0x80090029"
"10-08-2026 09:36:50","1","Error","Microsoft-Windows-Crypto-NCrypt","Cryptographic Operation failed.

 Cryptographic Parameters:
 	OperationType:	16
 	Provider Name:	Microsoft Software Key Storage Provider
 	Key Name:	NULL
 	Key Type:	
 	Algorithm Name:	
 
Failure Information:
 	Return Code:	0x80090029"
"10-08-2026 09:36:50","1","Error","Microsoft-Windows-Crypto-NCrypt","Cryptographic Operation failed.

 Cryptographic Parameters:
 	OperationType:	16
 	Provider Name:	Microsoft Software Key Storage Provider
 	Key Name:	NULL
 	Key Type:	
 	Algorithm Name:	
 
Failure Information:
 	Return Code:	0x80090029"
"10-08-2026 09:36:50","1","Error","Microsoft-Windows-Crypto-NCrypt","Cryptographic Operation failed.

 Cryptographic Parameters:
 	OperationType:	17
 	Provider Name:	Microsoft Software Key Storage Provider
 	Key Name:	NULL
 	Key Type:	
 	Algorithm Name:	
 
Failure Information:
 	Return Code:	0x80090029"
"10-08-2026 09:36:50","1","Error","Microsoft-Windows-Crypto-NCrypt","Cryptographic Operation failed.

 Cryptographic Parameters:
 	OperationType:	16
 	Provider Name:	Microsoft Software Key Storage Provider
 	Key Name:	SCEPProtocolKey-2fe3d9ef-bfe7-43a4-b7f7-4bad0cc1517b
 	Key Type:	
 	Algorithm Name:	
 
Failure Information:
 	Return Code:	0x80090011"
"10-08-2026 09:36:50","1","Error","Microsoft-Windows-Crypto-NCrypt","Cryptographic Operation failed.

 Cryptographic Parameters:
 	OperationType:	16
 	Provider Name:	Microsoft Software Key Storage Provider
 	Key Name:	SCEPProtocolKey-2fe3d9ef-bfe7-43a4-b7f7-4bad0cc1517b
 	Key Type:	
 	Algorithm Name:	
 
Failure Information:
 	Return Code:	0x80090011"
"10-08-2026 09:36:50","1","Error","Microsoft-Windows-Crypto-NCrypt","Cryptographic Operation failed.

 Cryptographic Parameters:
 	OperationType:	16
 	Provider Name:	Microsoft Software Key Storage Provider
 	Key Name:	SCEPProtocolKey-2fe3d9ef-bfe7-43a4-b7f7-4bad0cc1517b
 	Key Type:	
 	Algorithm Name:	
 
Failure Information:
 	Return Code:	0x80090029"
"10-08-2026 09:36:50","1","Error","Microsoft-Windows-Crypto-NCrypt","Cryptographic Operation failed.

 Cryptographic Parameters:
 	OperationType:	16
 	Provider Name:	Microsoft Software Key Storage Provider
 	Key Name:	SCEPProtocolKey-2fe3d9ef-bfe7-43a4-b7f7-4bad0cc1517b
 	Key Type:	
 	Algorithm Name:	
 
Failure Information:
 	Return Code:	0x80090011"
"10-08-2026 09:36:50","9","Verbose","Microsoft-Windows-Crypto-NCrypt","Key write succeeded.

 Provider Name:	Microsoft Software Key Storage Provider
 ModificationType: 		0x1
 Flags:		0x0
 Key Name:	SCEPProtocolKey-2fe3d9ef-bfe7-43a4-b7f7-4bad0cc1517b
 Key File Name:	48762af3d2ee6b4c36f588a4f90c2fa3_871e017e-bcbc-4dc7-98b5-1cc935df09e8
 ProcessName:	C:\Windows\System32\taskhostw.exe
 ProcessId:	0x312C
 ServerThreadId:	0x13FC
 UserId:	S-1-5-18
 ServiceTag:	
 Return Code:	0x0"
"10-08-2026 09:36:50","2","Error","Microsoft-Windows-Crypto-NCrypt","Open Provider operation failed.

 Cryptographic Parameters:
 	Provider Name:	Microsoft Pluton Cryptographic Provider
 Failure Information:
 	Return Code:	taskhostw.exe"
"10-08-2026 09:36:50","1","Error","Microsoft-Windows-Crypto-NCrypt","Cryptographic Operation failed.

 Cryptographic Parameters:
 	OperationType:	16
 	Provider Name:	Microsoft Platform Crypto Provider
 	Key Name:	NULL
 	Key Type:	
 	Algorithm Name:	
 
Failure Information:
 	Return Code:	0x80090029"
"10-08-2026 09:36:50","1","Error","Microsoft-Windows-Crypto-NCrypt","Cryptographic Operation failed.

 Cryptographic Parameters:
 	OperationType:	16
 	Provider Name:	Microsoft Platform Crypto Provider
 	Key Name:	NULL
 	Key Type:	
 	Algorithm Name:	
 
Failure Information:
 	Return Code:	0x80090029"
"10-08-2026 09:36:50","1","Error","Microsoft-Windows-Crypto-NCrypt","Cryptographic Operation failed.

 Cryptographic Parameters:
 	OperationType:	16
 	Provider Name:	Microsoft Platform Crypto Provider
 	Key Name:	NULL
 	Key Type:	
 	Algorithm Name:	
 
Failure Information:
 	Return Code:	0x80090029"
"10-08-2026 09:36:50","1","Error","Microsoft-Windows-Crypto-NCrypt","Cryptographic Operation failed.

 Cryptographic Parameters:
 	OperationType:	16
 	Provider Name:	Microsoft Software Key Storage Provider
 	Key Name:	NULL
 	Key Type:	
 	Algorithm Name:	
 
Failure Information:
 	Return Code:	0x80090029"
"10-08-2026 09:36:50","1","Error","Microsoft-Windows-Crypto-NCrypt","Cryptographic Operation failed.

 Cryptographic Parameters:
 	OperationType:	16
 	Provider Name:	Microsoft Software Key Storage Provider
 	Key Name:	NULL
 	Key Type:	
 	Algorithm Name:	
 
Failure Information:
 	Return Code:	0x80090029"
"10-08-2026 09:36:50","1","Error","Microsoft-Windows-Crypto-NCrypt","Cryptographic Operation failed.

 Cryptographic Parameters:
 	OperationType:	16
 	Provider Name:	Microsoft Software Key Storage Provider
 	Key Name:	NULL
 	Key Type:	
 	Algorithm Name:	
 
Failure Information:
 	Return Code:	0x80090029"
"10-08-2026 09:36:50","1","Error","Microsoft-Windows-Crypto-NCrypt","Cryptographic Operation failed.

 Cryptographic Parameters:
 	OperationType:	16
 	Provider Name:	Microsoft Software Key Storage Provider
 	Key Name:	NULL
 	Key Type:	
 	Algorithm Name:	
 
Failure Information:
 	Return Code:	0x80090029"
