"18-08-2026 06:22:50","1267","Verbose","Microsoft-Windows-PushNotifications-Platform","WNP Transport Layer sent command: ATH, Trid: 2, Namespace: CON\DEVICE, CV: GITGBulueUuh/XZx.2 containing 1384 bytes of payload only. However, full payload including header is: 0x415448203220434F4E5C44455649434520313336310D0A4D532D43563A204749544742756C75655575682F585A782E320D0A436F6E746578743A20366536353835373238643233343335650D0A0D0A3C6465766963653E3C636F6D706163742D7469636B65743E743D45774359412B704942414155316244476664617A69446658706A4E354E36635968543177626D514141626262374E69377935444D716C43314573636B6E4142714B647831326A39646F7731454E304754344C52582F414E793759332F4966544A574A6239716537754A334D7056692F3964362B2F57424C5267646E6C76712F63762F4A2F335155764E686D4169556E68492F7353576B7172396443785442784C746458475764616753644932747052676733715879633072325A6C59646945793051504D6C6A596E6B345574716A584D654735507859373572764C5966596636524233444D2F41306148636E744C425538374C4A683630564858692B694E69433549344B4161707646412F6B584A7644566B3935677171526D646B69526454776F67383133635A375A6D3761374155544E6C5A2B69426F3735626E49494A45564B5349764144416F763879434C454E4A6F364F4C2B644B542B7767426B65774D503551464752703758644253316E39443237797971547454734F515068786F515A67414145426C63556161563549663451485162655A34782F6F4E6741724F5667554F55647A6A756A707272634341535872476563587771584F4C5573352B796A6A506449724B2F7434596B512B7532654B6239744B5177647A61546B6A6A4172427A692B7362636F752F6D745837523061462F62376C6D726A414C4B4F724167536C6378684E35626D303545507A3778413772536856666B7562597861324D58365853477243435478324C564943542F38533058764F443239304C644E734A56525053646D796D62445446577A36454C53302B7351704E6E4F64564B717947797341554B71657A696972362F676D5A6F726C627A723857324D4D685749464755785666594E324967693473516863357341646539644A376A715470315967747A47534A58306A52563541694E64416A456870544237652F774B32682B37345A46692B576F53412B3936426978736C7772634B443441704F69652F67326D785232724736786A774F653371483764627156306246734678577274754B486C36624359584C616A45773745463153424F35315A4B61725755775262794E7464774538533242557248325A4A514536656D65446F2B79726730594550333549456554546A5477596E65437569524446315372485257374242575467695A6F756F6F524C444C5331344A6D4261495A2F526E70682B4F4A434874463553416E37654E3943525664334A49686A70624C37742B6A722B4D58703071346541584149355058466E42766973524F706B6D727636614A47774D6279774A42534D752B50685A736D4644365236556C57356F334968636658305A4532644D6D4B384D533752334C4C2B794A2F526B4236325161366B4C2B703963394A623970524E504457737A2B4F4932576550524C4F5A6A593451416E6A65754168744373682F325145656D3977574D62576C574D576E646F3238626B306B4B695761345A646F306F732B694D2B2F646E4B5747346A463336736B6C79776856385372506959413762693449465458523574764354326967764A524A566B424F6D55647954363646366A426858387563785435384B775262767943576761335964794877304855336C735A6C7579426D55506D6269707335565A5475766248784A444958575A69684F4F52564559546B34564E362B6B51493D3C2F636F6D706163742D7469636B65743E3C69643E303031383830313734444536463746453C2F69643E3C2F6465766963653E. IsLongRunning: Data Connection."
"18-08-2026 06:22:50","1223","Verbose","Microsoft-Windows-PushNotifications-Platform","WNP Transport Layer sent command: ATH, Trid: 2, Namespace: CON\DEVICE, CV: GITGBulueUuh/XZx.2 containing 1334 bytes of payload: 0x436F6E746578743A20366536353835373238643233343335650D0A0D0A3C6465766963653E3C636F6D706163742D7469636B65743E743D45774359412B704942414155316244476664617A69446658706A4E354E36635968543177626D514141626262374E69377935444D716C43314573636B6E4142714B647831326A39646F7731454E304754344C52582F414E793759332F4966544A574A6239716537754A334D7056692F3964362B2F57424C5267646E6C76712F63762F4A2F335155764E686D4169556E68492F7353576B7172396443785442784C746458475764616753644932747052676733715879633072325A6C59646945793051504D6C6A596E6B345574716A584D654735507859373572764C5966596636524233444D2F41306148636E744C425538374C4A683630564858692B694E69433549344B4161707646412F6B584A7644566B3935677171526D646B69526454776F67383133635A375A6D3761374155544E6C5A2B69426F3735626E49494A45564B5349764144416F763879434C454E4A6F364F4C2B644B542B7767426B65774D503551464752703758644253316E39443237797971547454734F515068786F515A67414145426C63556161563549663451485162655A34782F6F4E6741724F5667554F55647A6A756A707272634341535872476563587771584F4C5573352B796A6A506449724B2F7434596B512B7532654B6239744B5177647A61546B6A6A4172427A692B7362636F752F6D745837523061462F62376C6D726A414C4B4F724167536C6378684E35626D303545507A3778413772536856666B7562597861324D58365853477243435478324C564943542F38533058764F443239304C644E734A56525053646D796D62445446577A36454C53302B7351704E6E4F64564B717947797341554B71657A696972362F676D5A6F726C627A723857324D4D685749464755785666594E324967693473516863357341646539644A376A715470315967747A47534A58306A52563541694E64416A456870544237652F774B32682B37345A46692B576F53412B3936426978736C7772634B443441704F69652F67326D785232724736786A774F653371483764627156306246734678577274754B486C36624359584C616A45773745463153424F35315A4B61725755775262794E7464774538533242557248325A4A514536656D65446F2B79726730594550333549456554546A5477596E65437569524446315372485257374242575467695A6F756F6F524C444C5331344A6D4261495A2F526E70682B4F4A434874463553416E37654E3943525664334A49686A70624C37742B6A722B4D58703071346541584149355058466E42766973524F706B6D727636614A47774D6279774A42534D752B50685A736D4644365236556C57356F334968636658305A4532644D6D4B384D533752334C4C2B794A2F526B4236325161366B4C2B703963394A623970524E504457737A2B4F4932576550524C4F5A6A593451416E6A65754168744373682F325145656D3977574D62576C574D576E646F3238626B306B4B695761345A646F306F732B694D2B2F646E4B5747346A463336736B6C79776856385372506959413762693449465458523574764354326967764A524A566B424F6D55647954363646366A426858387563785435384B775262767943576761335964794877304855336C735A6C7579426D55506D6269707335565A5475766248784A444958575A69684F4F52564559546B34564E362B6B51493D3C2F636F6D706163742D7469636B65743E3C69643E303031383830313734444536463746453C2F69643E3C2F6465766963653E. IsLongRunning: Data Connection."
"18-08-2026 06:22:50","1267","Verbose","Microsoft-Windows-PushNotifications-Platform","WNP Transport Layer sent command: CNT, Trid: 1, Namespace: CON, CV: GITGBulueUuh/XZx.1 containing 363 bytes of payload only. However, full payload including header is: 0x434E54203120434F4E203334380D0A4D532D43563A204749544742756C75655575682F585A782E310D0A436F6E746578743A20366536353835373238643233343335650D0A0D0A3C636F6E6E6563743E3C7665723E323C2F7665723E3C6167656E743E3C6F733E57696E646F77733C2F6F733E3C6F735665723E31302E302E302E302E32363130302E383839333C2F6F735665723E3C70726F633E7836343C2F70726F633E3C6C6369643E656E2D494E3C2F6C6369643E3C67656F49643E3131333C2F67656F49643E3C616F61633E313C2F616F61633E3C646576696365547970653E323C2F646576696365547970653E3C6465766963654E616D653E303031383830313734444536463746453C2F6465766963654E616D653E3C666F6C6C6F7752657472793E747275653C2F666F6C6C6F7752657472793E3C2F6167656E743E3C6E6574776F726B3E3C776966693E3C2F776966693E3C2F6E6574776F726B3E3C2F636F6E6E6563743E. IsLongRunning: Data Connection."
"18-08-2026 06:22:50","1223","Verbose","Microsoft-Windows-PushNotifications-Platform","WNP Transport Layer sent command: CNT, Trid: 1, Namespace: CON, CV: GITGBulueUuh/XZx.1 containing 321 bytes of payload: 0x436F6E746578743A20366536353835373238643233343335650D0A0D0A3C636F6E6E6563743E3C7665723E323C2F7665723E3C6167656E743E3C6F733E57696E646F77733C2F6F733E3C6F735665723E31302E302E302E302E32363130302E383839333C2F6F735665723E3C70726F633E7836343C2F70726F633E3C6C6369643E656E2D494E3C2F6C6369643E3C67656F49643E3131333C2F67656F49643E3C616F61633E313C2F616F61633E3C646576696365547970653E323C2F646576696365547970653E3C6465766963654E616D653E303031383830313734444536463746453C2F6465766963654E616D653E3C666F6C6C6F7752657472793E747275653C2F666F6C6C6F7752657472793E3C2F6167656E743E3C6E6574776F726B3E3C776966693E3C2F776966693E3C2F6E6574776F726B3E3C2F636F6E6E6563743E. IsLongRunning: Data Connection."
"18-08-2026 06:22:50","1113","Information","Microsoft-Windows-PushNotifications-Platform","Device Compact Ticket request completed with Device Id 001880174DE6F7FE for the Data Connection."
"18-08-2026 06:22:50","1024","Information","Microsoft-Windows-PushNotifications-Platform","Internet connection status changed to true, submitting pending workitems: count = 0."
"18-08-2026 06:22:50","1024","Information","Microsoft-Windows-PushNotifications-Platform","Internet connection status changed to true, submitting pending workitems: count = 0."
"18-08-2026 06:22:50","1218","Information","Microsoft-Windows-PushNotifications-Platform","WNP Transport Layer TLS negotiation completed for the Data Connection with code The operation completed successfully.."
"18-08-2026 06:22:50","1257","Information","Microsoft-Windows-PushNotifications-Platform","WNP Transport Layer for Data Connection called InitializeSecurityContext and got return code 0x0."
