"TimeCreated","Id","LevelDisplayName","ProviderName","Message"
"25-05-2026 09:00:39","170","Information","Microsoft-Windows-ModernDeployment-Diagnostics-Provider","AutopilotManager reported that Autopilot profile download is now complete."
"25-05-2026 09:00:39","103","Information","Microsoft-Windows-ModernDeployment-Diagnostics-Provider","AutopilotGetPolicyStringByName succeeded:  policy name = AutopilotServiceCorrelationId; policy value = f862195b-d677-4d12-9295-5292aab478eb."
"25-05-2026 09:00:39","153","Information","Microsoft-Windows-ModernDeployment-Diagnostics-Provider","AutopilotManager reported the state changed from ProfileState_Unknown to ProfileState_Available."
"23-05-2026 21:49:54","170","Information","Microsoft-Windows-ModernDeployment-Diagnostics-Provider","AutopilotManager reported that Autopilot profile download is now complete."
"23-05-2026 21:49:54","103","Information","Microsoft-Windows-ModernDeployment-Diagnostics-Provider","AutopilotGetPolicyStringByName succeeded:  policy name = AutopilotServiceCorrelationId; policy value = f862195b-d677-4d12-9295-5292aab478eb."
"23-05-2026 21:49:54","153","Information","Microsoft-Windows-ModernDeployment-Diagnostics-Provider","AutopilotManager reported the state changed from ProfileState_Unknown to ProfileState_Available."
"23-05-2026 11:08:11","103","Information","Microsoft-Windows-ModernDeployment-Diagnostics-Provider","AutopilotGetPolicyStringByName succeeded:  policy name = ZtdRegistrationId; policy value = 10e82bc9-ae00-457b-954c-16191c3bcd22."
"23-05-2026 11:08:11","170","Information","Microsoft-Windows-ModernDeployment-Diagnostics-Provider","AutopilotManager reported that Autopilot profile download is now complete."
"23-05-2026 11:08:11","103","Information","Microsoft-Windows-ModernDeployment-Diagnostics-Provider","AutopilotGetPolicyStringByName succeeded:  policy name = AutopilotServiceCorrelationId; policy value = f862195b-d677-4d12-9295-5292aab478eb."
"23-05-2026 11:08:11","153","Information","Microsoft-Windows-ModernDeployment-Diagnostics-Provider","AutopilotManager reported the state changed from ProfileState_Unknown to ProfileState_Available."
"23-05-2026 11:06:06","119","Information","Microsoft-Windows-ModernDeployment-Diagnostics-Provider","Autopilot task to detect hardware change finished successfully. Task argument: DetectHardwareChange"
"23-05-2026 11:06:05","119","Information","Microsoft-Windows-ModernDeployment-Diagnostics-Provider","Autopilot task to detect hardware change finished successfully. Task argument: RemediateHardwareChange"
"23-05-2026 11:06:05","125","Information","Microsoft-Windows-ModernDeployment-Diagnostics-Provider","Autopilot successfully disabled task: RemediateHardwareChange"
"23-05-2026 11:06:05","124","Information","Microsoft-Windows-ModernDeployment-Diagnostics-Provider","Autopilot starting to disable task: RemediateHardwareChange"
"23-05-2026 11:06:05","121","Information","Microsoft-Windows-ModernDeployment-Diagnostics-Provider","Autopilot task to detect hardware change finished successfully. No change was detected."
"23-05-2026 11:06:04","118","Information","Microsoft-Windows-ModernDeployment-Diagnostics-Provider","Autopilot task to detect hardware change started. Task argument: RemediateHardwareChange"
"23-05-2026 11:06:04","128","Information","Microsoft-Windows-ModernDeployment-Diagnostics-Provider","Autopilot successfully enabled task: RemediateHardwareChange"
"23-05-2026 11:06:03","127","Information","Microsoft-Windows-ModernDeployment-Diagnostics-Provider","Autopilot starting to enable task: RemediateHardwareChange"
"23-05-2026 11:06:03","118","Information","Microsoft-Windows-ModernDeployment-Diagnostics-Provider","Autopilot task to detect hardware change started. Task argument: DetectHardwareChange"
"23-05-2026 11:01:47","109","Information","Microsoft-Windows-ModernDeployment-Diagnostics-Provider","AutopilotGetOobeSettingsOverride succeeded:  OOBE setting = AUTOPILOT_OOBE_SETTINGS_AAD_AUTH_USING_DEVICE_TICKET; state = disabled."
"23-05-2026 11:01:45","109","Information","Microsoft-Windows-ModernDeployment-Diagnostics-Provider","AutopilotGetOobeSettingsOverride succeeded:  OOBE setting = AUTOPILOT_OOBE_SETTINGS_AAD_AUTH_USING_DEVICE_TICKET; state = disabled."
"23-05-2026 11:01:45","170","Information","Microsoft-Windows-ModernDeployment-Diagnostics-Provider","AutopilotManager reported that Autopilot profile download is now complete."
"23-05-2026 11:01:45","103","Information","Microsoft-Windows-ModernDeployment-Diagnostics-Provider","AutopilotGetPolicyStringByName succeeded:  policy name = AutopilotServiceCorrelationId; policy value = f862195b-d677-4d12-9295-5292aab478eb."
"23-05-2026 11:01:45","153","Information","Microsoft-Windows-ModernDeployment-Diagnostics-Provider","AutopilotManager reported the state changed from ProfileState_Unknown to ProfileState_Available."
"23-05-2026 11:01:45","170","Information","Microsoft-Windows-ModernDeployment-Diagnostics-Provider","AutopilotManager reported that Autopilot profile download is now complete."
"23-05-2026 11:01:45","103","Information","Microsoft-Windows-ModernDeployment-Diagnostics-Provider","AutopilotGetPolicyStringByName succeeded:  policy name = AutopilotServiceCorrelationId; policy value = f862195b-d677-4d12-9295-5292aab478eb."
"23-05-2026 11:01:45","153","Information","Microsoft-Windows-ModernDeployment-Diagnostics-Provider","AutopilotManager reported the state changed from ProfileState_Unknown to ProfileState_Available."
"23-05-2026 11:00:39","296","Information","Microsoft-Windows-ModernDeployment-Diagnostics-Provider","Tracking resource type Application. App './Device/Vendor/MSFT/EnrollmentStatusTracking/Setup/Apps/Tracking/Sidecar/Win32App_e72b4649-51d3-44ec-93ea-fec1ead5989b_1' installation completed successfully. "
"23-05-2026 10:59:53","319","Information","Microsoft-Windows-ModernDeployment-Diagnostics-Provider","AutopilotSync: Skipped sync session. Result: 0x0, EnrollmentId: 386F60E8-6817-4304-B348-3E8545F3B70A, SyncType: 1, PreviousSessionCompleted: 0."
"23-05-2026 10:59:53","321","Information","Microsoft-Windows-ModernDeployment-Diagnostics-Provider","AutopilotSync: Current sync session. IsCompleted: 0, SessionState: 3, SyncSessionId: Software\Microsoft\Provisioning\OMADM\Sessions\386F60E8-6817-4304-B348-3E8545F3B70A\{ACB4C01F-340F-4D17-B07C-7C565EECBAF1}, EnrollmentId: 386F60E8-6817-4304-B348-3E8545F3B70A, SyncType: 1."
"23-05-2026 10:59:19","297","Information","Microsoft-Windows-ModernDeployment-Diagnostics-Provider","Tracking resource type Application. Starting installation tracking app './Device/Vendor/MSFT/EnrollmentStatusTracking/Setup/Apps/Tracking/Sidecar/Win32App_e72b4649-51d3-44ec-93ea-fec1ead5989b_1'."
"23-05-2026 10:59:19","296","Information","Microsoft-Windows-ModernDeployment-Diagnostics-Provider","Tracking resource type Application. App './Device/Vendor/MSFT/EnrollmentStatusTracking/Setup/Apps/Tracking/Sidecar/Win32App_6fcffe8a-fb0f-45ec-a948-8b740e3e940c_1' installation completed successfully. "
"23-05-2026 10:58:13","296","Information","Microsoft-Windows-ModernDeployment-Diagnostics-Provider","Tracking resource type Application. App './Device/Vendor/MSFT/EnrollmentStatusTracking/Setup/Apps/Tracking/Sidecar/Win32App_65ad4c80-cd90-4b4e-981f-d0ad20e34cc2_6' installation completed successfully. "
"23-05-2026 10:58:13","297","Information","Microsoft-Windows-ModernDeployment-Diagnostics-Provider","Tracking resource type Application. Starting installation tracking app './Device/Vendor/MSFT/EnrollmentStatusTracking/Setup/Apps/Tracking/Sidecar/Win32App_6fcffe8a-fb0f-45ec-a948-8b740e3e940c_1'."
"23-05-2026 10:58:03","103","Information","Microsoft-Windows-ModernDeployment-Diagnostics-Provider","AutopilotGetPolicyStringByName succeeded:  policy name = ZtdRegistrationId; policy value = 10e82bc9-ae00-457b-954c-16191c3bcd22."
"23-05-2026 10:57:53","297","Information","Microsoft-Windows-ModernDeployment-Diagnostics-Provider","Tracking resource type Application. Starting installation tracking app './Device/Vendor/MSFT/EnrollmentStatusTracking/Setup/Apps/Tracking/Sidecar/Win32App_65ad4c80-cd90-4b4e-981f-d0ad20e34cc2_6'."
"23-05-2026 10:57:53","293","Information","Microsoft-Windows-ModernDeployment-Diagnostics-Provider","Tracking resource type Provider. Policy provider 'Sidecar' provided a list of 3 policies to track."
"23-05-2026 10:57:53","292","Information","Microsoft-Windows-ModernDeployment-Diagnostics-Provider","Tracking resource type Provider. Retrieving tracking list from policy provider 'Sidecar'."
"23-05-2026 10:56:53","318","Information","Microsoft-Windows-ModernDeployment-Diagnostics-Provider","AutopilotSync: Attempted sync session. Result: 0x0, EnrollmentId: 386F60E8-6817-4304-B348-3E8545F3B70A, SyncType: 1, SyncSessionId: Software\Microsoft\Provisioning\OMADM\Sessions\386F60E8-6817-4304-B348-3E8545F3B70A\{ACB4C01F-340F-4D17-B07C-7C565EECBAF1}."
"23-05-2026 10:56:53","316","Information","Microsoft-Windows-ModernDeployment-Diagnostics-Provider","AutopilotSync: Starting sync sessions for SyncType: 1."
"23-05-2026 10:56:53","100","Warning","Microsoft-Windows-ModernDeployment-Diagnostics-Provider","Autopilot policy [EnrollmentStatusPageSyncBackoffCountThreshold] not found."
"23-05-2026 10:56:53","100","Warning","Microsoft-Windows-ModernDeployment-Diagnostics-Provider","Autopilot policy [EnrollmentStatusPageSyncIntervalMinutes] not found."
"23-05-2026 10:56:53","100","Warning","Microsoft-Windows-ModernDeployment-Diagnostics-Provider","Autopilot policy [MaxEnrollmentStatusPageServerSyncPollingMinutes] not found."
"23-05-2026 10:56:53","100","Warning","Microsoft-Windows-ModernDeployment-Diagnostics-Provider","Autopilot policy [DisableEnrollmentStatusPageForceSyncing] not found."
"23-05-2026 10:56:51","288","Information","Microsoft-Windows-ModernDeployment-Diagnostics-Provider","Tracking resource type Provider. Policy provider 'Sidecar' installation completed successfully."
"23-05-2026 10:56:51","317","Information","Microsoft-Windows-ModernDeployment-Diagnostics-Provider","AutopilotSync: Ending sync sessions for SyncType: 0."
"23-05-2026 10:56:41","319","Information","Microsoft-Windows-ModernDeployment-Diagnostics-Provider","AutopilotSync: Skipped sync session. Result: 0x0, EnrollmentId: 386F60E8-6817-4304-B348-3E8545F3B70A, SyncType: 0, PreviousSessionCompleted: 0."
"23-05-2026 10:56:41","321","Information","Microsoft-Windows-ModernDeployment-Diagnostics-Provider","AutopilotSync: Current sync session. IsCompleted: 0, SessionState: 0, SyncSessionId: Software\Microsoft\Provisioning\OMADM\Sessions\386F60E8-6817-4304-B348-3E8545F3B70A\{AD2C0DCD-87A1-446F-B524-50F1048214AF}, EnrollmentId: 386F60E8-6817-4304-B348-3E8545F3B70A, SyncType: 0."
"23-05-2026 10:53:40","318","Information","Microsoft-Windows-ModernDeployment-Diagnostics-Provider","AutopilotSync: Attempted sync session. Result: 0x0, EnrollmentId: 386F60E8-6817-4304-B348-3E8545F3B70A, SyncType: 0, SyncSessionId: Software\Microsoft\Provisioning\OMADM\Sessions\386F60E8-6817-4304-B348-3E8545F3B70A\{AD2C0DCD-87A1-446F-B524-50F1048214AF}."
"23-05-2026 10:53:40","316","Information","Microsoft-Windows-ModernDeployment-Diagnostics-Provider","AutopilotSync: Starting sync sessions for SyncType: 0."
"23-05-2026 10:53:40","100","Warning","Microsoft-Windows-ModernDeployment-Diagnostics-Provider","Autopilot policy [EnrollmentStatusPageSyncBackoffCountThreshold] not found."
"23-05-2026 10:53:40","100","Warning","Microsoft-Windows-ModernDeployment-Diagnostics-Provider","Autopilot policy [EnrollmentStatusPageSyncIntervalMinutes] not found."
"23-05-2026 10:53:40","100","Warning","Microsoft-Windows-ModernDeployment-Diagnostics-Provider","Autopilot policy [MaxEnrollmentStatusPageServerSyncPollingMinutes] not found."
"23-05-2026 10:53:40","100","Warning","Microsoft-Windows-ModernDeployment-Diagnostics-Provider","Autopilot policy [DisableEnrollmentStatusPageForceSyncing] not found."
"23-05-2026 10:53:40","287","Information","Microsoft-Windows-ModernDeployment-Diagnostics-Provider","Tracking resource type Provider. Starting installation of policy provider 'Sidecar'."
"23-05-2026 10:53:40","109","Information","Microsoft-Windows-ModernDeployment-Diagnostics-Provider","AutopilotGetOobeSettingsOverride succeeded:  OOBE setting = AUTOPILOT_OOBE_SETTINGS_AAD_AUTH_USING_DEVICE_TICKET; state = disabled."
"23-05-2026 10:53:39","109","Information","Microsoft-Windows-ModernDeployment-Diagnostics-Provider","AutopilotGetOobeSettingsOverride succeeded:  OOBE setting = AUTOPILOT_OOBE_SETTINGS_AAD_AUTH_USING_DEVICE_TICKET; state = disabled."
"23-05-2026 10:53:38","170","Information","Microsoft-Windows-ModernDeployment-Diagnostics-Provider","AutopilotManager reported that Autopilot profile download is now complete."
"23-05-2026 10:53:38","103","Information","Microsoft-Windows-ModernDeployment-Diagnostics-Provider","AutopilotGetPolicyStringByName succeeded:  policy name = AutopilotServiceCorrelationId; policy value = f862195b-d677-4d12-9295-5292aab478eb."
"23-05-2026 10:53:38","153","Information","Microsoft-Windows-ModernDeployment-Diagnostics-Provider","AutopilotManager reported the state changed from ProfileState_Unknown to ProfileState_Available."
"23-05-2026 10:53:33","103","Information","Microsoft-Windows-ModernDeployment-Diagnostics-Provider","AutopilotGetPolicyStringByName succeeded:  policy name = ZtdRegistrationId; policy value = 10e82bc9-ae00-457b-954c-16191c3bcd22."
"23-05-2026 10:52:57","170","Information","Microsoft-Windows-ModernDeployment-Diagnostics-Provider","AutopilotManager reported that Autopilot profile download is now complete."
"23-05-2026 10:52:57","103","Information","Microsoft-Windows-ModernDeployment-Diagnostics-Provider","AutopilotGetPolicyStringByName succeeded:  policy name = AutopilotServiceCorrelationId; policy value = f862195b-d677-4d12-9295-5292aab478eb."
"23-05-2026 10:52:57","153","Information","Microsoft-Windows-ModernDeployment-Diagnostics-Provider","AutopilotManager reported the state changed from ProfileState_Unknown to ProfileState_Available."
"23-05-2026 10:52:57","170","Information","Microsoft-Windows-ModernDeployment-Diagnostics-Provider","AutopilotManager reported that Autopilot profile download is now complete."
"23-05-2026 10:52:57","103","Information","Microsoft-Windows-ModernDeployment-Diagnostics-Provider","AutopilotGetPolicyStringByName succeeded:  policy name = AutopilotServiceCorrelationId; policy value = f862195b-d677-4d12-9295-5292aab478eb."
"23-05-2026 10:52:57","153","Information","Microsoft-Windows-ModernDeployment-Diagnostics-Provider","AutopilotManager reported the state changed from ProfileState_Unknown to ProfileState_Available."
"23-05-2026 10:52:11","103","Information","Microsoft-Windows-ModernDeployment-Diagnostics-Provider","AutopilotGetPolicyStringByName succeeded:  policy name = CloudAssignedTenantId; policy value = ********."
"23-05-2026 10:52:11","103","Information","Microsoft-Windows-ModernDeployment-Diagnostics-Provider","AutopilotGetPolicyStringByName succeeded:  policy name = CloudAssignedAadServerData; policy value = ********."
"23-05-2026 10:52:08","101","Information","Microsoft-Windows-ModernDeployment-Diagnostics-Provider","AutopilotGetPolicyDwordByName succeeded:  policy name = CloudAssignedDomainJoinMethod; policy value = 0."
"23-05-2026 10:52:08","101","Information","Microsoft-Windows-ModernDeployment-Diagnostics-Provider","AutopilotGetPolicyDwordByName succeeded:  policy name = CloudAssignedDomainJoinMethod; policy value = 0."
"23-05-2026 10:52:08","170","Information","Microsoft-Windows-ModernDeployment-Diagnostics-Provider","AutopilotManager reported that Autopilot profile download is now complete."
"23-05-2026 10:52:08","103","Information","Microsoft-Windows-ModernDeployment-Diagnostics-Provider","AutopilotGetPolicyStringByName succeeded:  policy name = AutopilotServiceCorrelationId; policy value = f862195b-d677-4d12-9295-5292aab478eb."
"23-05-2026 10:52:08","153","Information","Microsoft-Windows-ModernDeployment-Diagnostics-Provider","AutopilotManager reported the state changed from ProfileState_Unknown to ProfileState_Available."
"23-05-2026 10:52:03","314","Information","Microsoft-Windows-ModernDeployment-Diagnostics-Provider","AutopilotManager reported that the Autopilot profile data could not be downloaded. Any Autopilot settings will not be used and the device will not be managed."
"23-05-2026 10:52:03","170","Information","Microsoft-Windows-ModernDeployment-Diagnostics-Provider","AutopilotManager reported that Autopilot profile download is now complete."
"23-05-2026 10:52:03","103","Information","Microsoft-Windows-ModernDeployment-Diagnostics-Provider","AutopilotGetPolicyStringByName succeeded:  policy name = AutopilotServiceCorrelationId; policy value = f862195b-d677-4d12-9295-5292aab478eb."
"23-05-2026 10:52:03","153","Information","Microsoft-Windows-ModernDeployment-Diagnostics-Provider","AutopilotManager reported the state changed from ProfileState_Unknown to ProfileState_Available."
"23-05-2026 10:51:09","100","Warning","Microsoft-Windows-ModernDeployment-Diagnostics-Provider","Autopilot policy [CloudAssignedDeviceNameLastProcessed] not found."
"23-05-2026 10:51:09","103","Information","Microsoft-Windows-ModernDeployment-Diagnostics-Provider","AutopilotGetPolicyStringByName succeeded:  policy name = CloudAssignedDeviceName; policy value = LIND%SERIAL%."
"23-05-2026 10:51:09","170","Information","Microsoft-Windows-ModernDeployment-Diagnostics-Provider","AutopilotManager reported that Autopilot profile download is now complete."
"23-05-2026 10:51:09","103","Information","Microsoft-Windows-ModernDeployment-Diagnostics-Provider","AutopilotGetPolicyStringByName succeeded:  policy name = AutopilotServiceCorrelationId; policy value = f862195b-d677-4d12-9295-5292aab478eb."
"23-05-2026 10:51:09","153","Information","Microsoft-Windows-ModernDeployment-Diagnostics-Provider","AutopilotManager reported the state changed from ProfileState_Unknown to ProfileState_Available."
"23-05-2026 10:51:06","103","Information","Microsoft-Windows-ModernDeployment-Diagnostics-Provider","AutopilotGetPolicyStringByName succeeded:  policy name = CloudAssignedDeviceName; policy value = ********."
"23-05-2026 10:51:06","101","Information","Microsoft-Windows-ModernDeployment-Diagnostics-Provider","AutopilotGetPolicyDwordByName succeeded:  policy name = CloudAssignedAutopilotUpdateDisabled; policy value = 1."
"23-05-2026 10:49:36","163","Information","Microsoft-Windows-ModernDeployment-Diagnostics-Provider","AutopilotManager determined download is not required and the device is already provisioned.  Clean or reset the device to change this."
"23-05-2026 10:49:36","286","Information","Microsoft-Windows-ModernDeployment-Diagnostics-Provider","AutopilotManager is determining Autopilot profile availability."
"23-05-2026 10:49:36","170","Information","Microsoft-Windows-ModernDeployment-Diagnostics-Provider","AutopilotManager reported that Autopilot profile download is now complete."
"23-05-2026 10:49:36","103","Information","Microsoft-Windows-ModernDeployment-Diagnostics-Provider","AutopilotGetPolicyStringByName succeeded:  policy name = AutopilotServiceCorrelationId; policy value = f862195b-d677-4d12-9295-5292aab478eb."
"23-05-2026 10:49:36","153","Information","Microsoft-Windows-ModernDeployment-Diagnostics-Provider","AutopilotManager reported the state changed from ProfileState_Unknown to ProfileState_Available."
"23-05-2026 10:49:36","161","Information","Microsoft-Windows-ModernDeployment-Diagnostics-Provider","AutopilotManager retrieve settings succeeded."
"23-05-2026 10:49:36","702","Information","Microsoft-Windows-ModernDeployment-Diagnostics-Provider","Autopilot downloader saved the new profile to C:\Windows\ServiceState\wmansvc\AutopilotDDSZTDFile.json."
"23-05-2026 10:49:36","703","Information","Microsoft-Windows-ModernDeployment-Diagnostics-Provider","Autopilot downloader retrieved a new profile for DdsZtdPolicyManager."
"23-05-2026 10:49:36","751","Information","Microsoft-Windows-ModernDeployment-Diagnostics-Provider","Autopilot downloader reported time sync succeeded."
"23-05-2026 23:19:37","753","Information","Microsoft-Windows-ModernDeployment-Diagnostics-Provider","Autopilot downloader reported that the machine clock is too far off the server time and a forced time sync will be attempted.
Server time: 2026-05-23T05:19:36Z
Client time: 2026-05-23T17:49:37Z
Sync attempt -750 of 5"
"23-05-2026 23:19:35","164","Information","Microsoft-Windows-ModernDeployment-Diagnostics-Provider","AutopilotManager determined Internet is available to attempt policy download."
"23-05-2026 23:19:35","166","Information","Microsoft-Windows-ModernDeployment-Diagnostics-Provider","AutopilotManager reported Internet is now available."
"23-05-2026 23:19:35","285","Information","Microsoft-Windows-ModernDeployment-Diagnostics-Provider","AutopilotManager is determining whether device has internet access."
"23-05-2026 23:19:35","286","Information","Microsoft-Windows-ModernDeployment-Diagnostics-Provider","AutopilotManager is determining Autopilot profile availability."
"23-05-2026 23:18:23","165","Warning","Microsoft-Windows-ModernDeployment-Diagnostics-Provider","AutopilotManager determined Internet is not available; policy download will queue when available."
"23-05-2026 23:18:23","167","Information","Microsoft-Windows-ModernDeployment-Diagnostics-Provider","AutopilotManager reported Internet is still not available."
"23-05-2026 23:18:23","285","Information","Microsoft-Windows-ModernDeployment-Diagnostics-Provider","AutopilotManager is determining whether device has internet access."
"23-05-2026 23:18:23","286","Information","Microsoft-Windows-ModernDeployment-Diagnostics-Provider","AutopilotManager is determining Autopilot profile availability."
"23-05-2026 23:18:22","100","Warning","Microsoft-Windows-ModernDeployment-Diagnostics-Provider","Autopilot policy [CloudAssignedRegion] not found."
"23-05-2026 23:18:07","165","Warning","Microsoft-Windows-ModernDeployment-Diagnostics-Provider","AutopilotManager determined Internet is not available; policy download will queue when available."
"23-05-2026 23:18:07","167","Information","Microsoft-Windows-ModernDeployment-Diagnostics-Provider","AutopilotManager reported Internet is still not available."
"23-05-2026 23:18:07","285","Information","Microsoft-Windows-ModernDeployment-Diagnostics-Provider","AutopilotManager is determining whether device has internet access."
"23-05-2026 23:18:07","286","Information","Microsoft-Windows-ModernDeployment-Diagnostics-Provider","AutopilotManager is determining Autopilot profile availability."
"23-05-2026 23:18:07","100","Warning","Microsoft-Windows-ModernDeployment-Diagnostics-Provider","Autopilot policy [CloudAssignedLanguage] not found."
"23-05-2026 23:09:02","165","Warning","Microsoft-Windows-ModernDeployment-Diagnostics-Provider","AutopilotManager determined Internet is not available; policy download will queue when available."
"23-05-2026 23:09:02","167","Information","Microsoft-Windows-ModernDeployment-Diagnostics-Provider","AutopilotManager reported Internet is still not available."
"23-05-2026 23:09:02","285","Information","Microsoft-Windows-ModernDeployment-Diagnostics-Provider","AutopilotManager is determining whether device has internet access."
"23-05-2026 23:09:02","286","Information","Microsoft-Windows-ModernDeployment-Diagnostics-Provider","AutopilotManager is determining Autopilot profile availability."
"23-05-2026 23:09:00","165","Warning","Microsoft-Windows-ModernDeployment-Diagnostics-Provider","AutopilotManager determined Internet is not available; policy download will queue when available."
"23-05-2026 23:09:00","167","Information","Microsoft-Windows-ModernDeployment-Diagnostics-Provider","AutopilotManager reported Internet is still not available."
"23-05-2026 23:09:00","285","Information","Microsoft-Windows-ModernDeployment-Diagnostics-Provider","AutopilotManager is determining whether device has internet access."
"23-05-2026 23:09:00","286","Information","Microsoft-Windows-ModernDeployment-Diagnostics-Provider","AutopilotManager is determining Autopilot profile availability."
"23-05-2026 23:09:00","705","Information","Microsoft-Windows-ModernDeployment-Diagnostics-Provider","Autopilot downloader cleared the local profile for DdsZtdPolicyManager."
