"30-07-2026 13:03:33","100","Information","Microsoft-Windows-Diagnosis-DPS","Diagnostic module {45de1ea9-10bc-4f96-9b21-4b6b83dbf476} (%windir%\system32\radardt.dll) detected a problem for scenario {180b3a99-8c39-4f12-b631-2031998efe45}, instance {970c1c04-a05c-407f-8636-9d6b58895659}, original activity ID {00000000-0000-0000-0000-000000000000}."
"30-07-2026 12:58:33","105","Information","Microsoft-Windows-Diagnosis-DPS","Diagnostic module {45de1ea9-10bc-4f96-9b21-4b6b83dbf476} (%windir%\system32\radardt.dll) started troubleshooting scenario {180b3a99-8c39-4f12-b631-2031998efe45}, instance {7ee85c28-6540-498e-8315-ecc19c66cf16}, original activity ID {00000000-0000-0000-0000-000000000000}."
"30-07-2026 12:58:33","100","Information","Microsoft-Windows-Diagnosis-DPS","Diagnostic module {45de1ea9-10bc-4f96-9b21-4b6b83dbf476} (%windir%\system32\radardt.dll) detected a problem for scenario {180b3a99-8c39-4f12-b631-2031998efe45}, instance {7ee85c28-6540-498e-8315-ecc19c66cf16}, original activity ID {00000000-0000-0000-0000-000000000000}."
"30-07-2026 12:53:33","105","Information","Microsoft-Windows-Diagnosis-DPS","Diagnostic module {45de1ea9-10bc-4f96-9b21-4b6b83dbf476} (%windir%\system32\radardt.dll) started troubleshooting scenario {180b3a99-8c39-4f12-b631-2031998efe45}, instance {9fdc1adb-13b7-4bb7-9477-9f75ccc0a7c1}, original activity ID {00000000-0000-0000-0000-000000000000}."
"30-07-2026 12:53:33","100","Information","Microsoft-Windows-Diagnosis-DPS","Diagnostic module {45de1ea9-10bc-4f96-9b21-4b6b83dbf476} (%windir%\system32\radardt.dll) detected a problem for scenario {180b3a99-8c39-4f12-b631-2031998efe45}, instance {9fdc1adb-13b7-4bb7-9477-9f75ccc0a7c1}, original activity ID {00000000-0000-0000-0000-000000000000}."
"30-07-2026 12:48:33","105","Information","Microsoft-Windows-Diagnosis-DPS","Diagnostic module {45de1ea9-10bc-4f96-9b21-4b6b83dbf476} (%windir%\system32\radardt.dll) started troubleshooting scenario {180b3a99-8c39-4f12-b631-2031998efe45}, instance {1ea97a99-a3b5-4283-aa48-a23d22539ee1}, original activity ID {00000000-0000-0000-0000-000000000000}."
"30-07-2026 12:48:33","100","Information","Microsoft-Windows-Diagnosis-DPS","Diagnostic module {45de1ea9-10bc-4f96-9b21-4b6b83dbf476} (%windir%\system32\radardt.dll) detected a problem for scenario {180b3a99-8c39-4f12-b631-2031998efe45}, instance {1ea97a99-a3b5-4283-aa48-a23d22539ee1}, original activity ID {00000000-0000-0000-0000-000000000000}."
"30-07-2026 12:43:33","105","Information","Microsoft-Windows-Diagnosis-DPS","Diagnostic module {45de1ea9-10bc-4f96-9b21-4b6b83dbf476} (%windir%\system32\radardt.dll) started troubleshooting scenario {180b3a99-8c39-4f12-b631-2031998efe45}, instance {35c1d9cb-f779-4f5a-b413-308660959ad2}, original activity ID {00000000-0000-0000-0000-000000000000}."
"30-07-2026 12:43:33","100","Information","Microsoft-Windows-Diagnosis-DPS","Diagnostic module {45de1ea9-10bc-4f96-9b21-4b6b83dbf476} (%windir%\system32\radardt.dll) detected a problem for scenario {180b3a99-8c39-4f12-b631-2031998efe45}, instance {35c1d9cb-f779-4f5a-b413-308660959ad2}, original activity ID {00000000-0000-0000-0000-000000000000}."
"30-07-2026 12:38:33","105","Information","Microsoft-Windows-Diagnosis-DPS","Diagnostic module {45de1ea9-10bc-4f96-9b21-4b6b83dbf476} (%windir%\system32\radardt.dll) started troubleshooting scenario {180b3a99-8c39-4f12-b631-2031998efe45}, instance {57866d4f-3b81-4852-b006-d7f17156ae61}, original activity ID {00000000-0000-0000-0000-000000000000}."
"30-07-2026 12:38:33","100","Information","Microsoft-Windows-Diagnosis-DPS","Diagnostic module {45de1ea9-10bc-4f96-9b21-4b6b83dbf476} (%windir%\system32\radardt.dll) detected a problem for scenario {180b3a99-8c39-4f12-b631-2031998efe45}, instance {57866d4f-3b81-4852-b006-d7f17156ae61}, original activity ID {00000000-0000-0000-0000-000000000000}."
"30-07-2026 12:33:33","105","Information","Microsoft-Windows-Diagnosis-DPS","Diagnostic module {45de1ea9-10bc-4f96-9b21-4b6b83dbf476} (%windir%\system32\radardt.dll) started troubleshooting scenario {180b3a99-8c39-4f12-b631-2031998efe45}, instance {018a404f-f7c3-47d2-abfa-07ea1a02f41d}, original activity ID {00000000-0000-0000-0000-000000000000}."
"30-07-2026 12:33:33","100","Information","Microsoft-Windows-Diagnosis-DPS","Diagnostic module {45de1ea9-10bc-4f96-9b21-4b6b83dbf476} (%windir%\system32\radardt.dll) detected a problem for scenario {180b3a99-8c39-4f12-b631-2031998efe45}, instance {018a404f-f7c3-47d2-abfa-07ea1a02f41d}, original activity ID {00000000-0000-0000-0000-000000000000}."
"30-07-2026 12:28:33","105","Information","Microsoft-Windows-Diagnosis-DPS","Diagnostic module {45de1ea9-10bc-4f96-9b21-4b6b83dbf476} (%windir%\system32\radardt.dll) started troubleshooting scenario {180b3a99-8c39-4f12-b631-2031998efe45}, instance {088bcc6c-01e4-4453-984e-f1912b1bb940}, original activity ID {00000000-0000-0000-0000-000000000000}."
"30-07-2026 12:28:33","100","Information","Microsoft-Windows-Diagnosis-DPS","Diagnostic module {45de1ea9-10bc-4f96-9b21-4b6b83dbf476} (%windir%\system32\radardt.dll) detected a problem for scenario {180b3a99-8c39-4f12-b631-2031998efe45}, instance {088bcc6c-01e4-4453-984e-f1912b1bb940}, original activity ID {00000000-0000-0000-0000-000000000000}."
"30-07-2026 12:23:33","105","Information","Microsoft-Windows-Diagnosis-DPS","Diagnostic module {45de1ea9-10bc-4f96-9b21-4b6b83dbf476} (%windir%\system32\radardt.dll) started troubleshooting scenario {180b3a99-8c39-4f12-b631-2031998efe45}, instance {3527b25a-307c-40d1-86e5-7bb7bf6530bc}, original activity ID {00000000-0000-0000-0000-000000000000}."
"30-07-2026 12:23:33","100","Information","Microsoft-Windows-Diagnosis-DPS","Diagnostic module {45de1ea9-10bc-4f96-9b21-4b6b83dbf476} (%windir%\system32\radardt.dll) detected a problem for scenario {180b3a99-8c39-4f12-b631-2031998efe45}, instance {3527b25a-307c-40d1-86e5-7bb7bf6530bc}, original activity ID {00000000-0000-0000-0000-000000000000}."
"30-07-2026 12:18:33","105","Information","Microsoft-Windows-Diagnosis-DPS","Diagnostic module {45de1ea9-10bc-4f96-9b21-4b6b83dbf476} (%windir%\system32\radardt.dll) started troubleshooting scenario {180b3a99-8c39-4f12-b631-2031998efe45}, instance {76852e41-f8bc-4b58-9e73-c906f4f77bdc}, original activity ID {00000000-0000-0000-0000-000000000000}."
"30-07-2026 12:18:33","100","Information","Microsoft-Windows-Diagnosis-DPS","Diagnostic module {45de1ea9-10bc-4f96-9b21-4b6b83dbf476} (%windir%\system32\radardt.dll) detected a problem for scenario {180b3a99-8c39-4f12-b631-2031998efe45}, instance {76852e41-f8bc-4b58-9e73-c906f4f77bdc}, original activity ID {00000000-0000-0000-0000-000000000000}."
"30-07-2026 12:13:33","105","Information","Microsoft-Windows-Diagnosis-DPS","Diagnostic module {45de1ea9-10bc-4f96-9b21-4b6b83dbf476} (%windir%\system32\radardt.dll) started troubleshooting scenario {180b3a99-8c39-4f12-b631-2031998efe45}, instance {46981fe0-5f02-4af2-867f-ecd2f7d77f7d}, original activity ID {00000000-0000-0000-0000-000000000000}."
"30-07-2026 12:13:33","100","Information","Microsoft-Windows-Diagnosis-DPS","Diagnostic module {45de1ea9-10bc-4f96-9b21-4b6b83dbf476} (%windir%\system32\radardt.dll) detected a problem for scenario {180b3a99-8c39-4f12-b631-2031998efe45}, instance {46981fe0-5f02-4af2-867f-ecd2f7d77f7d}, original activity ID {00000000-0000-0000-0000-000000000000}."
"30-07-2026 12:08:33","105","Information","Microsoft-Windows-Diagnosis-DPS","Diagnostic module {45de1ea9-10bc-4f96-9b21-4b6b83dbf476} (%windir%\system32\radardt.dll) started troubleshooting scenario {180b3a99-8c39-4f12-b631-2031998efe45}, instance {d07f2db8-b699-4df0-9e6d-97fa5874afc7}, original activity ID {00000000-0000-0000-0000-000000000000}."
"30-07-2026 12:08:33","100","Information","Microsoft-Windows-Diagnosis-DPS","Diagnostic module {45de1ea9-10bc-4f96-9b21-4b6b83dbf476} (%windir%\system32\radardt.dll) detected a problem for scenario {180b3a99-8c39-4f12-b631-2031998efe45}, instance {d07f2db8-b699-4df0-9e6d-97fa5874afc7}, original activity ID {00000000-0000-0000-0000-000000000000}."
"30-07-2026 12:03:33","105","Information","Microsoft-Windows-Diagnosis-DPS","Diagnostic module {45de1ea9-10bc-4f96-9b21-4b6b83dbf476} (%windir%\system32\radardt.dll) started troubleshooting scenario {180b3a99-8c39-4f12-b631-2031998efe45}, instance {ae560ec7-8738-4349-bb86-aeed0c703a8c}, original activity ID {00000000-0000-0000-0000-000000000000}."
"30-07-2026 12:03:33","100","Information","Microsoft-Windows-Diagnosis-DPS","Diagnostic module {45de1ea9-10bc-4f96-9b21-4b6b83dbf476} (%windir%\system32\radardt.dll) detected a problem for scenario {180b3a99-8c39-4f12-b631-2031998efe45}, instance {ae560ec7-8738-4349-bb86-aeed0c703a8c}, original activity ID {00000000-0000-0000-0000-000000000000}."
"30-07-2026 11:58:33","105","Information","Microsoft-Windows-Diagnosis-DPS","Diagnostic module {45de1ea9-10bc-4f96-9b21-4b6b83dbf476} (%windir%\system32\radardt.dll) started troubleshooting scenario {180b3a99-8c39-4f12-b631-2031998efe45}, instance {3c1fc084-b80b-49a3-b512-f4bc30efcd92}, original activity ID {00000000-0000-0000-0000-000000000000}."
"30-07-2026 11:58:33","100","Information","Microsoft-Windows-Diagnosis-DPS","Diagnostic module {45de1ea9-10bc-4f96-9b21-4b6b83dbf476} (%windir%\system32\radardt.dll) detected a problem for scenario {180b3a99-8c39-4f12-b631-2031998efe45}, instance {3c1fc084-b80b-49a3-b512-f4bc30efcd92}, original activity ID {00000000-0000-0000-0000-000000000000}."
"30-07-2026 11:53:33","105","Information","Microsoft-Windows-Diagnosis-DPS","Diagnostic module {45de1ea9-10bc-4f96-9b21-4b6b83dbf476} (%windir%\system32\radardt.dll) started troubleshooting scenario {180b3a99-8c39-4f12-b631-2031998efe45}, instance {db56b6b7-f75a-46e9-a546-cef3ca596bbc}, original activity ID {00000000-0000-0000-0000-000000000000}."
"30-07-2026 11:53:33","100","Information","Microsoft-Windows-Diagnosis-DPS","Diagnostic module {45de1ea9-10bc-4f96-9b21-4b6b83dbf476} (%windir%\system32\radardt.dll) detected a problem for scenario {180b3a99-8c39-4f12-b631-2031998efe45}, instance {db56b6b7-f75a-46e9-a546-cef3ca596bbc}, original activity ID {00000000-0000-0000-0000-000000000000}."
"30-07-2026 11:48:33","105","Information","Microsoft-Windows-Diagnosis-DPS","Diagnostic module {45de1ea9-10bc-4f96-9b21-4b6b83dbf476} (%windir%\system32\radardt.dll) started troubleshooting scenario {180b3a99-8c39-4f12-b631-2031998efe45}, instance {9cf43b04-c69a-4d0d-a775-767a04f359c9}, original activity ID {00000000-0000-0000-0000-000000000000}."
"30-07-2026 11:48:33","100","Information","Microsoft-Windows-Diagnosis-DPS","Diagnostic module {45de1ea9-10bc-4f96-9b21-4b6b83dbf476} (%windir%\system32\radardt.dll) detected a problem for scenario {180b3a99-8c39-4f12-b631-2031998efe45}, instance {9cf43b04-c69a-4d0d-a775-767a04f359c9}, original activity ID {00000000-0000-0000-0000-000000000000}."
"30-07-2026 11:43:32","105","Information","Microsoft-Windows-Diagnosis-DPS","Diagnostic module {45de1ea9-10bc-4f96-9b21-4b6b83dbf476} (%windir%\system32\radardt.dll) started troubleshooting scenario {180b3a99-8c39-4f12-b631-2031998efe45}, instance {2bd50395-8d88-46b8-b99d-2f0979197e1d}, original activity ID {00000000-0000-0000-0000-000000000000}."
"30-07-2026 11:43:32","100","Information","Microsoft-Windows-Diagnosis-DPS","Diagnostic module {45de1ea9-10bc-4f96-9b21-4b6b83dbf476} (%windir%\system32\radardt.dll) detected a problem for scenario {180b3a99-8c39-4f12-b631-2031998efe45}, instance {2bd50395-8d88-46b8-b99d-2f0979197e1d}, original activity ID {00000000-0000-0000-0000-000000000000}."
"30-07-2026 11:38:32","105","Information","Microsoft-Windows-Diagnosis-DPS","Diagnostic module {45de1ea9-10bc-4f96-9b21-4b6b83dbf476} (%windir%\system32\radardt.dll) started troubleshooting scenario {180b3a99-8c39-4f12-b631-2031998efe45}, instance {a1a3f1e7-52a7-4129-8775-e20affbbc1ff}, original activity ID {00000000-0000-0000-0000-000000000000}."
"30-07-2026 11:38:32","100","Information","Microsoft-Windows-Diagnosis-DPS","Diagnostic module {45de1ea9-10bc-4f96-9b21-4b6b83dbf476} (%windir%\system32\radardt.dll) detected a problem for scenario {180b3a99-8c39-4f12-b631-2031998efe45}, instance {a1a3f1e7-52a7-4129-8775-e20affbbc1ff}, original activity ID {00000000-0000-0000-0000-000000000000}."
"30-07-2026 11:33:32","105","Information","Microsoft-Windows-Diagnosis-DPS","Diagnostic module {45de1ea9-10bc-4f96-9b21-4b6b83dbf476} (%windir%\system32\radardt.dll) started troubleshooting scenario {180b3a99-8c39-4f12-b631-2031998efe45}, instance {0693680c-cff5-4a29-b802-c91e4cdfe8ad}, original activity ID {00000000-0000-0000-0000-000000000000}."
"30-07-2026 11:33:32","100","Information","Microsoft-Windows-Diagnosis-DPS","Diagnostic module {45de1ea9-10bc-4f96-9b21-4b6b83dbf476} (%windir%\system32\radardt.dll) detected a problem for scenario {180b3a99-8c39-4f12-b631-2031998efe45}, instance {0693680c-cff5-4a29-b802-c91e4cdfe8ad}, original activity ID {00000000-0000-0000-0000-000000000000}."
"30-07-2026 11:28:32","105","Information","Microsoft-Windows-Diagnosis-DPS","Diagnostic module {45de1ea9-10bc-4f96-9b21-4b6b83dbf476} (%windir%\system32\radardt.dll) started troubleshooting scenario {180b3a99-8c39-4f12-b631-2031998efe45}, instance {cf9a50df-5592-44a6-b79b-78b1c26e95cc}, original activity ID {00000000-0000-0000-0000-000000000000}."
"30-07-2026 11:28:32","100","Information","Microsoft-Windows-Diagnosis-DPS","Diagnostic module {45de1ea9-10bc-4f96-9b21-4b6b83dbf476} (%windir%\system32\radardt.dll) detected a problem for scenario {180b3a99-8c39-4f12-b631-2031998efe45}, instance {cf9a50df-5592-44a6-b79b-78b1c26e95cc}, original activity ID {00000000-0000-0000-0000-000000000000}."
"30-07-2026 11:23:32","105","Information","Microsoft-Windows-Diagnosis-DPS","Diagnostic module {45de1ea9-10bc-4f96-9b21-4b6b83dbf476} (%windir%\system32\radardt.dll) started troubleshooting scenario {180b3a99-8c39-4f12-b631-2031998efe45}, instance {67125fde-8867-4ebc-9cfe-9a996e23a165}, original activity ID {00000000-0000-0000-0000-000000000000}."
"30-07-2026 11:23:32","100","Information","Microsoft-Windows-Diagnosis-DPS","Diagnostic module {45de1ea9-10bc-4f96-9b21-4b6b83dbf476} (%windir%\system32\radardt.dll) detected a problem for scenario {180b3a99-8c39-4f12-b631-2031998efe45}, instance {67125fde-8867-4ebc-9cfe-9a996e23a165}, original activity ID {00000000-0000-0000-0000-000000000000}."
"30-07-2026 11:18:32","105","Information","Microsoft-Windows-Diagnosis-DPS","Diagnostic module {45de1ea9-10bc-4f96-9b21-4b6b83dbf476} (%windir%\system32\radardt.dll) started troubleshooting scenario {180b3a99-8c39-4f12-b631-2031998efe45}, instance {c6f4ae89-14f0-4d0a-b519-df3a359e4110}, original activity ID {00000000-0000-0000-0000-000000000000}."
"30-07-2026 11:18:32","100","Information","Microsoft-Windows-Diagnosis-DPS","Diagnostic module {45de1ea9-10bc-4f96-9b21-4b6b83dbf476} (%windir%\system32\radardt.dll) detected a problem for scenario {180b3a99-8c39-4f12-b631-2031998efe45}, instance {c6f4ae89-14f0-4d0a-b519-df3a359e4110}, original activity ID {00000000-0000-0000-0000-000000000000}."
"30-07-2026 11:13:32","105","Information","Microsoft-Windows-Diagnosis-DPS","Diagnostic module {45de1ea9-10bc-4f96-9b21-4b6b83dbf476} (%windir%\system32\radardt.dll) started troubleshooting scenario {180b3a99-8c39-4f12-b631-2031998efe45}, instance {41f04b0b-3e1d-4631-9642-bd7769fca7c6}, original activity ID {00000000-0000-0000-0000-000000000000}."
"30-07-2026 11:13:32","100","Information","Microsoft-Windows-Diagnosis-DPS","Diagnostic module {45de1ea9-10bc-4f96-9b21-4b6b83dbf476} (%windir%\system32\radardt.dll) detected a problem for scenario {180b3a99-8c39-4f12-b631-2031998efe45}, instance {41f04b0b-3e1d-4631-9642-bd7769fca7c6}, original activity ID {00000000-0000-0000-0000-000000000000}."
"30-07-2026 11:08:32","105","Information","Microsoft-Windows-Diagnosis-DPS","Diagnostic module {45de1ea9-10bc-4f96-9b21-4b6b83dbf476} (%windir%\system32\radardt.dll) started troubleshooting scenario {180b3a99-8c39-4f12-b631-2031998efe45}, instance {1273ab88-68c0-47db-bf3a-89e877ea84ea}, original activity ID {00000000-0000-0000-0000-000000000000}."
"30-07-2026 11:08:32","100","Information","Microsoft-Windows-Diagnosis-DPS","Diagnostic module {45de1ea9-10bc-4f96-9b21-4b6b83dbf476} (%windir%\system32\radardt.dll) detected a problem for scenario {180b3a99-8c39-4f12-b631-2031998efe45}, instance {1273ab88-68c0-47db-bf3a-89e877ea84ea}, original activity ID {00000000-0000-0000-0000-000000000000}."
"30-07-2026 11:03:32","105","Information","Microsoft-Windows-Diagnosis-DPS","Diagnostic module {45de1ea9-10bc-4f96-9b21-4b6b83dbf476} (%windir%\system32\radardt.dll) started troubleshooting scenario {180b3a99-8c39-4f12-b631-2031998efe45}, instance {1d1de3e3-fcf2-4ba3-94f7-236e917802cc}, original activity ID {00000000-0000-0000-0000-000000000000}."
"30-07-2026 11:03:32","100","Information","Microsoft-Windows-Diagnosis-DPS","Diagnostic module {45de1ea9-10bc-4f96-9b21-4b6b83dbf476} (%windir%\system32\radardt.dll) detected a problem for scenario {180b3a99-8c39-4f12-b631-2031998efe45}, instance {1d1de3e3-fcf2-4ba3-94f7-236e917802cc}, original activity ID {00000000-0000-0000-0000-000000000000}."
"30-07-2026 10:58:32","105","Information","Microsoft-Windows-Diagnosis-DPS","Diagnostic module {45de1ea9-10bc-4f96-9b21-4b6b83dbf476} (%windir%\system32\radardt.dll) started troubleshooting scenario {180b3a99-8c39-4f12-b631-2031998efe45}, instance {9d6ac25e-16b5-4c11-b5e0-239be80dbefd}, original activity ID {00000000-0000-0000-0000-000000000000}."
"30-07-2026 10:58:32","100","Information","Microsoft-Windows-Diagnosis-DPS","Diagnostic module {45de1ea9-10bc-4f96-9b21-4b6b83dbf476} (%windir%\system32\radardt.dll) detected a problem for scenario {180b3a99-8c39-4f12-b631-2031998efe45}, instance {9d6ac25e-16b5-4c11-b5e0-239be80dbefd}, original activity ID {00000000-0000-0000-0000-000000000000}."
"30-07-2026 10:53:32","105","Information","Microsoft-Windows-Diagnosis-DPS","Diagnostic module {45de1ea9-10bc-4f96-9b21-4b6b83dbf476} (%windir%\system32\radardt.dll) started troubleshooting scenario {180b3a99-8c39-4f12-b631-2031998efe45}, instance {132a5fc9-0735-488e-b738-bf1087673a30}, original activity ID {00000000-0000-0000-0000-000000000000}."
"30-07-2026 10:53:32","100","Information","Microsoft-Windows-Diagnosis-DPS","Diagnostic module {45de1ea9-10bc-4f96-9b21-4b6b83dbf476} (%windir%\system32\radardt.dll) detected a problem for scenario {180b3a99-8c39-4f12-b631-2031998efe45}, instance {132a5fc9-0735-488e-b738-bf1087673a30}, original activity ID {00000000-0000-0000-0000-000000000000}."
"30-07-2026 10:48:32","105","Information","Microsoft-Windows-Diagnosis-DPS","Diagnostic module {45de1ea9-10bc-4f96-9b21-4b6b83dbf476} (%windir%\system32\radardt.dll) started troubleshooting scenario {180b3a99-8c39-4f12-b631-2031998efe45}, instance {c9b892a5-a5e6-441e-b247-af0cf891c42b}, original activity ID {00000000-0000-0000-0000-000000000000}."
"30-07-2026 10:48:32","100","Information","Microsoft-Windows-Diagnosis-DPS","Diagnostic module {45de1ea9-10bc-4f96-9b21-4b6b83dbf476} (%windir%\system32\radardt.dll) detected a problem for scenario {180b3a99-8c39-4f12-b631-2031998efe45}, instance {c9b892a5-a5e6-441e-b247-af0cf891c42b}, original activity ID {00000000-0000-0000-0000-000000000000}."
"30-07-2026 10:43:32","105","Information","Microsoft-Windows-Diagnosis-DPS","Diagnostic module {45de1ea9-10bc-4f96-9b21-4b6b83dbf476} (%windir%\system32\radardt.dll) started troubleshooting scenario {180b3a99-8c39-4f12-b631-2031998efe45}, instance {bcb0d6e3-5b0c-41d2-bc40-337181125d7a}, original activity ID {00000000-0000-0000-0000-000000000000}."
"30-07-2026 10:43:32","100","Information","Microsoft-Windows-Diagnosis-DPS","Diagnostic module {45de1ea9-10bc-4f96-9b21-4b6b83dbf476} (%windir%\system32\radardt.dll) detected a problem for scenario {180b3a99-8c39-4f12-b631-2031998efe45}, instance {bcb0d6e3-5b0c-41d2-bc40-337181125d7a}, original activity ID {00000000-0000-0000-0000-000000000000}."
"30-07-2026 10:38:32","105","Information","Microsoft-Windows-Diagnosis-DPS","Diagnostic module {45de1ea9-10bc-4f96-9b21-4b6b83dbf476} (%windir%\system32\radardt.dll) started troubleshooting scenario {180b3a99-8c39-4f12-b631-2031998efe45}, instance {fe1106e0-07ff-4bdd-be2c-d4c696fad23c}, original activity ID {00000000-0000-0000-0000-000000000000}."
"30-07-2026 10:38:32","100","Information","Microsoft-Windows-Diagnosis-DPS","Diagnostic module {45de1ea9-10bc-4f96-9b21-4b6b83dbf476} (%windir%\system32\radardt.dll) detected a problem for scenario {180b3a99-8c39-4f12-b631-2031998efe45}, instance {fe1106e0-07ff-4bdd-be2c-d4c696fad23c}, original activity ID {00000000-0000-0000-0000-000000000000}."
"30-07-2026 10:33:32","105","Information","Microsoft-Windows-Diagnosis-DPS","Diagnostic module {45de1ea9-10bc-4f96-9b21-4b6b83dbf476} (%windir%\system32\radardt.dll) started troubleshooting scenario {180b3a99-8c39-4f12-b631-2031998efe45}, instance {96aed9c3-e52d-48fb-ba22-8b7fbf4d11de}, original activity ID {00000000-0000-0000-0000-000000000000}."
"30-07-2026 10:33:32","100","Information","Microsoft-Windows-Diagnosis-DPS","Diagnostic module {45de1ea9-10bc-4f96-9b21-4b6b83dbf476} (%windir%\system32\radardt.dll) detected a problem for scenario {180b3a99-8c39-4f12-b631-2031998efe45}, instance {96aed9c3-e52d-48fb-ba22-8b7fbf4d11de}, original activity ID {00000000-0000-0000-0000-000000000000}."
"30-07-2026 10:28:32","105","Information","Microsoft-Windows-Diagnosis-DPS","Diagnostic module {45de1ea9-10bc-4f96-9b21-4b6b83dbf476} (%windir%\system32\radardt.dll) started troubleshooting scenario {180b3a99-8c39-4f12-b631-2031998efe45}, instance {1ea3d667-50ab-4328-af00-5fa7c6ba36da}, original activity ID {00000000-0000-0000-0000-000000000000}."
"30-07-2026 10:28:32","100","Information","Microsoft-Windows-Diagnosis-DPS","Diagnostic module {45de1ea9-10bc-4f96-9b21-4b6b83dbf476} (%windir%\system32\radardt.dll) detected a problem for scenario {180b3a99-8c39-4f12-b631-2031998efe45}, instance {1ea3d667-50ab-4328-af00-5fa7c6ba36da}, original activity ID {00000000-0000-0000-0000-000000000000}."
"30-07-2026 10:23:32","105","Information","Microsoft-Windows-Diagnosis-DPS","Diagnostic module {45de1ea9-10bc-4f96-9b21-4b6b83dbf476} (%windir%\system32\radardt.dll) started troubleshooting scenario {180b3a99-8c39-4f12-b631-2031998efe45}, instance {0e30dbb3-dfd4-4db2-ad4b-3b66d86cb861}, original activity ID {00000000-0000-0000-0000-000000000000}."
"30-07-2026 10:23:32","100","Information","Microsoft-Windows-Diagnosis-DPS","Diagnostic module {45de1ea9-10bc-4f96-9b21-4b6b83dbf476} (%windir%\system32\radardt.dll) detected a problem for scenario {180b3a99-8c39-4f12-b631-2031998efe45}, instance {0e30dbb3-dfd4-4db2-ad4b-3b66d86cb861}, original activity ID {00000000-0000-0000-0000-000000000000}."
"30-07-2026 10:18:32","105","Information","Microsoft-Windows-Diagnosis-DPS","Diagnostic module {45de1ea9-10bc-4f96-9b21-4b6b83dbf476} (%windir%\system32\radardt.dll) started troubleshooting scenario {180b3a99-8c39-4f12-b631-2031998efe45}, instance {5b1c6dff-dc3b-4635-be4a-8a1656c3380f}, original activity ID {00000000-0000-0000-0000-000000000000}."
"30-07-2026 10:18:32","100","Information","Microsoft-Windows-Diagnosis-DPS","Diagnostic module {45de1ea9-10bc-4f96-9b21-4b6b83dbf476} (%windir%\system32\radardt.dll) detected a problem for scenario {180b3a99-8c39-4f12-b631-2031998efe45}, instance {5b1c6dff-dc3b-4635-be4a-8a1656c3380f}, original activity ID {00000000-0000-0000-0000-000000000000}."
"30-07-2026 10:13:32","105","Information","Microsoft-Windows-Diagnosis-DPS","Diagnostic module {45de1ea9-10bc-4f96-9b21-4b6b83dbf476} (%windir%\system32\radardt.dll) started troubleshooting scenario {180b3a99-8c39-4f12-b631-2031998efe45}, instance {d710155c-8860-4135-9829-d343477e8da0}, original activity ID {00000000-0000-0000-0000-000000000000}."
"30-07-2026 10:13:32","100","Information","Microsoft-Windows-Diagnosis-DPS","Diagnostic module {45de1ea9-10bc-4f96-9b21-4b6b83dbf476} (%windir%\system32\radardt.dll) detected a problem for scenario {180b3a99-8c39-4f12-b631-2031998efe45}, instance {d710155c-8860-4135-9829-d343477e8da0}, original activity ID {00000000-0000-0000-0000-000000000000}."
"30-07-2026 10:08:32","105","Information","Microsoft-Windows-Diagnosis-DPS","Diagnostic module {45de1ea9-10bc-4f96-9b21-4b6b83dbf476} (%windir%\system32\radardt.dll) started troubleshooting scenario {180b3a99-8c39-4f12-b631-2031998efe45}, instance {7902c6fe-c1fc-421f-8383-c66a663fba98}, original activity ID {00000000-0000-0000-0000-000000000000}."
"30-07-2026 10:08:32","100","Information","Microsoft-Windows-Diagnosis-DPS","Diagnostic module {45de1ea9-10bc-4f96-9b21-4b6b83dbf476} (%windir%\system32\radardt.dll) detected a problem for scenario {180b3a99-8c39-4f12-b631-2031998efe45}, instance {7902c6fe-c1fc-421f-8383-c66a663fba98}, original activity ID {00000000-0000-0000-0000-000000000000}."
"30-07-2026 10:03:32","105","Information","Microsoft-Windows-Diagnosis-DPS","Diagnostic module {45de1ea9-10bc-4f96-9b21-4b6b83dbf476} (%windir%\system32\radardt.dll) started troubleshooting scenario {180b3a99-8c39-4f12-b631-2031998efe45}, instance {2eb68a56-670e-4914-ade1-1fbf94c7c25d}, original activity ID {00000000-0000-0000-0000-000000000000}."
"30-07-2026 10:03:32","100","Information","Microsoft-Windows-Diagnosis-DPS","Diagnostic module {45de1ea9-10bc-4f96-9b21-4b6b83dbf476} (%windir%\system32\radardt.dll) detected a problem for scenario {180b3a99-8c39-4f12-b631-2031998efe45}, instance {2eb68a56-670e-4914-ade1-1fbf94c7c25d}, original activity ID {00000000-0000-0000-0000-000000000000}."
"30-07-2026 09:58:32","105","Information","Microsoft-Windows-Diagnosis-DPS","Diagnostic module {45de1ea9-10bc-4f96-9b21-4b6b83dbf476} (%windir%\system32\radardt.dll) started troubleshooting scenario {180b3a99-8c39-4f12-b631-2031998efe45}, instance {5ab76ac2-949d-456c-8ba7-f69930b516e6}, original activity ID {00000000-0000-0000-0000-000000000000}."
"30-07-2026 09:58:32","100","Information","Microsoft-Windows-Diagnosis-DPS","Diagnostic module {45de1ea9-10bc-4f96-9b21-4b6b83dbf476} (%windir%\system32\radardt.dll) detected a problem for scenario {180b3a99-8c39-4f12-b631-2031998efe45}, instance {5ab76ac2-949d-456c-8ba7-f69930b516e6}, original activity ID {00000000-0000-0000-0000-000000000000}."
"30-07-2026 09:53:32","105","Information","Microsoft-Windows-Diagnosis-DPS","Diagnostic module {45de1ea9-10bc-4f96-9b21-4b6b83dbf476} (%windir%\system32\radardt.dll) started troubleshooting scenario {180b3a99-8c39-4f12-b631-2031998efe45}, instance {efbd954c-b094-4002-b28f-d1dcc64a5ce4}, original activity ID {00000000-0000-0000-0000-000000000000}."
"30-07-2026 09:53:32","100","Information","Microsoft-Windows-Diagnosis-DPS","Diagnostic module {45de1ea9-10bc-4f96-9b21-4b6b83dbf476} (%windir%\system32\radardt.dll) detected a problem for scenario {180b3a99-8c39-4f12-b631-2031998efe45}, instance {efbd954c-b094-4002-b28f-d1dcc64a5ce4}, original activity ID {00000000-0000-0000-0000-000000000000}."
"30-07-2026 09:48:32","105","Information","Microsoft-Windows-Diagnosis-DPS","Diagnostic module {45de1ea9-10bc-4f96-9b21-4b6b83dbf476} (%windir%\system32\radardt.dll) started troubleshooting scenario {180b3a99-8c39-4f12-b631-2031998efe45}, instance {8fbc9871-0533-4e8b-bfb3-a0e50c297ed4}, original activity ID {00000000-0000-0000-0000-000000000000}."
"30-07-2026 09:48:32","100","Information","Microsoft-Windows-Diagnosis-DPS","Diagnostic module {45de1ea9-10bc-4f96-9b21-4b6b83dbf476} (%windir%\system32\radardt.dll) detected a problem for scenario {180b3a99-8c39-4f12-b631-2031998efe45}, instance {8fbc9871-0533-4e8b-bfb3-a0e50c297ed4}, original activity ID {00000000-0000-0000-0000-000000000000}."
"30-07-2026 09:43:32","105","Information","Microsoft-Windows-Diagnosis-DPS","Diagnostic module {45de1ea9-10bc-4f96-9b21-4b6b83dbf476} (%windir%\system32\radardt.dll) started troubleshooting scenario {180b3a99-8c39-4f12-b631-2031998efe45}, instance {f679a6fa-d01c-4d6e-bf07-61e7016ee32a}, original activity ID {00000000-0000-0000-0000-000000000000}."
"30-07-2026 09:43:32","100","Information","Microsoft-Windows-Diagnosis-DPS","Diagnostic module {45de1ea9-10bc-4f96-9b21-4b6b83dbf476} (%windir%\system32\radardt.dll) detected a problem for scenario {180b3a99-8c39-4f12-b631-2031998efe45}, instance {f679a6fa-d01c-4d6e-bf07-61e7016ee32a}, original activity ID {00000000-0000-0000-0000-000000000000}."
"30-07-2026 09:38:32","105","Information","Microsoft-Windows-Diagnosis-DPS","Diagnostic module {45de1ea9-10bc-4f96-9b21-4b6b83dbf476} (%windir%\system32\radardt.dll) started troubleshooting scenario {180b3a99-8c39-4f12-b631-2031998efe45}, instance {6106b325-05b7-4efe-844f-4e6511651f01}, original activity ID {00000000-0000-0000-0000-000000000000}."
"30-07-2026 09:38:32","100","Information","Microsoft-Windows-Diagnosis-DPS","Diagnostic module {45de1ea9-10bc-4f96-9b21-4b6b83dbf476} (%windir%\system32\radardt.dll) detected a problem for scenario {180b3a99-8c39-4f12-b631-2031998efe45}, instance {6106b325-05b7-4efe-844f-4e6511651f01}, original activity ID {00000000-0000-0000-0000-000000000000}."
"29-07-2026 20:21:18","105","Information","Microsoft-Windows-Diagnosis-DPS","Diagnostic module {45de1ea9-10bc-4f96-9b21-4b6b83dbf476} (%windir%\system32\radardt.dll) started troubleshooting scenario {180b3a99-8c39-4f12-b631-2031998efe45}, instance {4e6f6d0a-a6d8-47d4-b65f-215743eed395}, original activity ID {00000000-0000-0000-0000-000000000000}."
"29-07-2026 20:21:18","100","Information","Microsoft-Windows-Diagnosis-DPS","Diagnostic module {45de1ea9-10bc-4f96-9b21-4b6b83dbf476} (%windir%\system32\radardt.dll) detected a problem for scenario {180b3a99-8c39-4f12-b631-2031998efe45}, instance {4e6f6d0a-a6d8-47d4-b65f-215743eed395}, original activity ID {00000000-0000-0000-0000-000000000000}."
"29-07-2026 20:16:18","105","Information","Microsoft-Windows-Diagnosis-DPS","Diagnostic module {45de1ea9-10bc-4f96-9b21-4b6b83dbf476} (%windir%\system32\radardt.dll) started troubleshooting scenario {180b3a99-8c39-4f12-b631-2031998efe45}, instance {fd39baa1-b43e-42fd-9711-06659de63640}, original activity ID {00000000-0000-0000-0000-000000000000}."
"29-07-2026 20:16:18","100","Information","Microsoft-Windows-Diagnosis-DPS","Diagnostic module {45de1ea9-10bc-4f96-9b21-4b6b83dbf476} (%windir%\system32\radardt.dll) detected a problem for scenario {180b3a99-8c39-4f12-b631-2031998efe45}, instance {fd39baa1-b43e-42fd-9711-06659de63640}, original activity ID {00000000-0000-0000-0000-000000000000}."
"29-07-2026 20:11:18","105","Information","Microsoft-Windows-Diagnosis-DPS","Diagnostic module {45de1ea9-10bc-4f96-9b21-4b6b83dbf476} (%windir%\system32\radardt.dll) started troubleshooting scenario {180b3a99-8c39-4f12-b631-2031998efe45}, instance {370074e7-c52a-4453-b226-1041aedc9d07}, original activity ID {00000000-0000-0000-0000-000000000000}."
"29-07-2026 20:11:18","100","Information","Microsoft-Windows-Diagnosis-DPS","Diagnostic module {45de1ea9-10bc-4f96-9b21-4b6b83dbf476} (%windir%\system32\radardt.dll) detected a problem for scenario {180b3a99-8c39-4f12-b631-2031998efe45}, instance {370074e7-c52a-4453-b226-1041aedc9d07}, original activity ID {00000000-0000-0000-0000-000000000000}."
"29-07-2026 20:06:18","105","Information","Microsoft-Windows-Diagnosis-DPS","Diagnostic module {45de1ea9-10bc-4f96-9b21-4b6b83dbf476} (%windir%\system32\radardt.dll) started troubleshooting scenario {180b3a99-8c39-4f12-b631-2031998efe45}, instance {7aebab0f-da81-430a-bb28-f9191e2a80de}, original activity ID {00000000-0000-0000-0000-000000000000}."
"29-07-2026 20:06:18","100","Information","Microsoft-Windows-Diagnosis-DPS","Diagnostic module {45de1ea9-10bc-4f96-9b21-4b6b83dbf476} (%windir%\system32\radardt.dll) detected a problem for scenario {180b3a99-8c39-4f12-b631-2031998efe45}, instance {7aebab0f-da81-430a-bb28-f9191e2a80de}, original activity ID {00000000-0000-0000-0000-000000000000}."
"29-07-2026 20:01:18","105","Information","Microsoft-Windows-Diagnosis-DPS","Diagnostic module {45de1ea9-10bc-4f96-9b21-4b6b83dbf476} (%windir%\system32\radardt.dll) started troubleshooting scenario {180b3a99-8c39-4f12-b631-2031998efe45}, instance {4b72c050-d811-424e-a642-a16e4edb3b07}, original activity ID {00000000-0000-0000-0000-000000000000}."
"29-07-2026 20:01:18","100","Information","Microsoft-Windows-Diagnosis-DPS","Diagnostic module {45de1ea9-10bc-4f96-9b21-4b6b83dbf476} (%windir%\system32\radardt.dll) detected a problem for scenario {180b3a99-8c39-4f12-b631-2031998efe45}, instance {4b72c050-d811-424e-a642-a16e4edb3b07}, original activity ID {00000000-0000-0000-0000-000000000000}."
"29-07-2026 19:56:18","105","Information","Microsoft-Windows-Diagnosis-DPS","Diagnostic module {45de1ea9-10bc-4f96-9b21-4b6b83dbf476} (%windir%\system32\radardt.dll) started troubleshooting scenario {180b3a99-8c39-4f12-b631-2031998efe45}, instance {2a470aef-0d2e-4016-90b3-c5df3e87a4c7}, original activity ID {00000000-0000-0000-0000-000000000000}."
"29-07-2026 19:56:18","100","Information","Microsoft-Windows-Diagnosis-DPS","Diagnostic module {45de1ea9-10bc-4f96-9b21-4b6b83dbf476} (%windir%\system32\radardt.dll) detected a problem for scenario {180b3a99-8c39-4f12-b631-2031998efe45}, instance {2a470aef-0d2e-4016-90b3-c5df3e87a4c7}, original activity ID {00000000-0000-0000-0000-000000000000}."
"29-07-2026 19:51:18","105","Information","Microsoft-Windows-Diagnosis-DPS","Diagnostic module {45de1ea9-10bc-4f96-9b21-4b6b83dbf476} (%windir%\system32\radardt.dll) started troubleshooting scenario {180b3a99-8c39-4f12-b631-2031998efe45}, instance {6c162826-7afa-4df0-8eb4-89fb50145a72}, original activity ID {00000000-0000-0000-0000-000000000000}."
"29-07-2026 19:51:18","100","Information","Microsoft-Windows-Diagnosis-DPS","Diagnostic module {45de1ea9-10bc-4f96-9b21-4b6b83dbf476} (%windir%\system32\radardt.dll) detected a problem for scenario {180b3a99-8c39-4f12-b631-2031998efe45}, instance {6c162826-7afa-4df0-8eb4-89fb50145a72}, original activity ID {00000000-0000-0000-0000-000000000000}."
"29-07-2026 19:46:18","105","Information","Microsoft-Windows-Diagnosis-DPS","Diagnostic module {45de1ea9-10bc-4f96-9b21-4b6b83dbf476} (%windir%\system32\radardt.dll) started troubleshooting scenario {180b3a99-8c39-4f12-b631-2031998efe45}, instance {c7382d3d-1b6a-4c48-922e-3b080a98a5b3}, original activity ID {00000000-0000-0000-0000-000000000000}."
"29-07-2026 19:46:18","100","Information","Microsoft-Windows-Diagnosis-DPS","Diagnostic module {45de1ea9-10bc-4f96-9b21-4b6b83dbf476} (%windir%\system32\radardt.dll) detected a problem for scenario {180b3a99-8c39-4f12-b631-2031998efe45}, instance {c7382d3d-1b6a-4c48-922e-3b080a98a5b3}, original activity ID {00000000-0000-0000-0000-000000000000}."
"29-07-2026 19:41:18","105","Information","Microsoft-Windows-Diagnosis-DPS","Diagnostic module {45de1ea9-10bc-4f96-9b21-4b6b83dbf476} (%windir%\system32\radardt.dll) started troubleshooting scenario {180b3a99-8c39-4f12-b631-2031998efe45}, instance {317c3371-1888-440f-96ec-13d013de93a2}, original activity ID {00000000-0000-0000-0000-000000000000}."
"29-07-2026 19:41:18","100","Information","Microsoft-Windows-Diagnosis-DPS","Diagnostic module {45de1ea9-10bc-4f96-9b21-4b6b83dbf476} (%windir%\system32\radardt.dll) detected a problem for scenario {180b3a99-8c39-4f12-b631-2031998efe45}, instance {317c3371-1888-440f-96ec-13d013de93a2}, original activity ID {00000000-0000-0000-0000-000000000000}."
"29-07-2026 19:36:18","105","Information","Microsoft-Windows-Diagnosis-DPS","Diagnostic module {45de1ea9-10bc-4f96-9b21-4b6b83dbf476} (%windir%\system32\radardt.dll) started troubleshooting scenario {180b3a99-8c39-4f12-b631-2031998efe45}, instance {051fff68-e24c-4376-90ce-9bfdef1a7fba}, original activity ID {00000000-0000-0000-0000-000000000000}."
"29-07-2026 19:36:18","100","Information","Microsoft-Windows-Diagnosis-DPS","Diagnostic module {45de1ea9-10bc-4f96-9b21-4b6b83dbf476} (%windir%\system32\radardt.dll) detected a problem for scenario {180b3a99-8c39-4f12-b631-2031998efe45}, instance {051fff68-e24c-4376-90ce-9bfdef1a7fba}, original activity ID {00000000-0000-0000-0000-000000000000}."
"29-07-2026 19:31:18","105","Information","Microsoft-Windows-Diagnosis-DPS","Diagnostic module {45de1ea9-10bc-4f96-9b21-4b6b83dbf476} (%windir%\system32\radardt.dll) started troubleshooting scenario {180b3a99-8c39-4f12-b631-2031998efe45}, instance {e057d01a-47f4-4647-bcd3-b0295fdaf101}, original activity ID {00000000-0000-0000-0000-000000000000}."
"29-07-2026 19:31:18","100","Information","Microsoft-Windows-Diagnosis-DPS","Diagnostic module {45de1ea9-10bc-4f96-9b21-4b6b83dbf476} (%windir%\system32\radardt.dll) detected a problem for scenario {180b3a99-8c39-4f12-b631-2031998efe45}, instance {e057d01a-47f4-4647-bcd3-b0295fdaf101}, original activity ID {00000000-0000-0000-0000-000000000000}."
"29-07-2026 19:26:18","105","Information","Microsoft-Windows-Diagnosis-DPS","Diagnostic module {45de1ea9-10bc-4f96-9b21-4b6b83dbf476} (%windir%\system32\radardt.dll) started troubleshooting scenario {180b3a99-8c39-4f12-b631-2031998efe45}, instance {0f560491-27ce-475f-8e38-82af87b2869f}, original activity ID {00000000-0000-0000-0000-000000000000}."
"29-07-2026 19:26:18","100","Information","Microsoft-Windows-Diagnosis-DPS","Diagnostic module {45de1ea9-10bc-4f96-9b21-4b6b83dbf476} (%windir%\system32\radardt.dll) detected a problem for scenario {180b3a99-8c39-4f12-b631-2031998efe45}, instance {0f560491-27ce-475f-8e38-82af87b2869f}, original activity ID {00000000-0000-0000-0000-000000000000}."
"29-07-2026 19:19:25","105","Information","Microsoft-Windows-Diagnosis-DPS","Diagnostic module {45de1ea9-10bc-4f96-9b21-4b6b83dbf476} (%windir%\system32\radardt.dll) started troubleshooting scenario {180b3a99-8c39-4f12-b631-2031998efe45}, instance {f4b46860-a435-4a08-9f68-660dd6ba992d}, original activity ID {00000000-0000-0000-0000-000000000000}."
"29-07-2026 19:19:25","100","Information","Microsoft-Windows-Diagnosis-DPS","Diagnostic module {45de1ea9-10bc-4f96-9b21-4b6b83dbf476} (%windir%\system32\radardt.dll) detected a problem for scenario {180b3a99-8c39-4f12-b631-2031998efe45}, instance {f4b46860-a435-4a08-9f68-660dd6ba992d}, original activity ID {00000000-0000-0000-0000-000000000000}."
"29-07-2026 19:14:25","105","Information","Microsoft-Windows-Diagnosis-DPS","Diagnostic module {45de1ea9-10bc-4f96-9b21-4b6b83dbf476} (%windir%\system32\radardt.dll) started troubleshooting scenario {180b3a99-8c39-4f12-b631-2031998efe45}, instance {ba2ebf31-47c1-4bfc-a858-8fffa63787a4}, original activity ID {00000000-0000-0000-0000-000000000000}."
"29-07-2026 19:14:25","100","Information","Microsoft-Windows-Diagnosis-DPS","Diagnostic module {45de1ea9-10bc-4f96-9b21-4b6b83dbf476} (%windir%\system32\radardt.dll) detected a problem for scenario {180b3a99-8c39-4f12-b631-2031998efe45}, instance {ba2ebf31-47c1-4bfc-a858-8fffa63787a4}, original activity ID {00000000-0000-0000-0000-000000000000}."
"29-07-2026 19:09:25","105","Information","Microsoft-Windows-Diagnosis-DPS","Diagnostic module {45de1ea9-10bc-4f96-9b21-4b6b83dbf476} (%windir%\system32\radardt.dll) started troubleshooting scenario {180b3a99-8c39-4f12-b631-2031998efe45}, instance {fa35a324-8d5e-4b33-b5be-e121e7e7609e}, original activity ID {00000000-0000-0000-0000-000000000000}."
"29-07-2026 19:09:25","100","Information","Microsoft-Windows-Diagnosis-DPS","Diagnostic module {45de1ea9-10bc-4f96-9b21-4b6b83dbf476} (%windir%\system32\radardt.dll) detected a problem for scenario {180b3a99-8c39-4f12-b631-2031998efe45}, instance {fa35a324-8d5e-4b33-b5be-e121e7e7609e}, original activity ID {00000000-0000-0000-0000-000000000000}."
"29-07-2026 19:04:25","105","Information","Microsoft-Windows-Diagnosis-DPS","Diagnostic module {45de1ea9-10bc-4f96-9b21-4b6b83dbf476} (%windir%\system32\radardt.dll) started troubleshooting scenario {180b3a99-8c39-4f12-b631-2031998efe45}, instance {0cf896ae-8866-4eba-a917-727c95a9b083}, original activity ID {00000000-0000-0000-0000-000000000000}."
"29-07-2026 19:04:25","100","Information","Microsoft-Windows-Diagnosis-DPS","Diagnostic module {45de1ea9-10bc-4f96-9b21-4b6b83dbf476} (%windir%\system32\radardt.dll) detected a problem for scenario {180b3a99-8c39-4f12-b631-2031998efe45}, instance {0cf896ae-8866-4eba-a917-727c95a9b083}, original activity ID {00000000-0000-0000-0000-000000000000}."
"29-07-2026 18:59:25","105","Information","Microsoft-Windows-Diagnosis-DPS","Diagnostic module {45de1ea9-10bc-4f96-9b21-4b6b83dbf476} (%windir%\system32\radardt.dll) started troubleshooting scenario {180b3a99-8c39-4f12-b631-2031998efe45}, instance {89273d2e-affb-4bc7-8b10-be12bcb0d7cc}, original activity ID {00000000-0000-0000-0000-000000000000}."
"29-07-2026 18:59:25","100","Information","Microsoft-Windows-Diagnosis-DPS","Diagnostic module {45de1ea9-10bc-4f96-9b21-4b6b83dbf476} (%windir%\system32\radardt.dll) detected a problem for scenario {180b3a99-8c39-4f12-b631-2031998efe45}, instance {89273d2e-affb-4bc7-8b10-be12bcb0d7cc}, original activity ID {00000000-0000-0000-0000-000000000000}."
"29-07-2026 18:54:25","105","Information","Microsoft-Windows-Diagnosis-DPS","Diagnostic module {45de1ea9-10bc-4f96-9b21-4b6b83dbf476} (%windir%\system32\radardt.dll) started troubleshooting scenario {180b3a99-8c39-4f12-b631-2031998efe45}, instance {a35e889e-f26c-4273-a08f-a9ed771e8497}, original activity ID {00000000-0000-0000-0000-000000000000}."
"29-07-2026 18:54:25","100","Information","Microsoft-Windows-Diagnosis-DPS","Diagnostic module {45de1ea9-10bc-4f96-9b21-4b6b83dbf476} (%windir%\system32\radardt.dll) detected a problem for scenario {180b3a99-8c39-4f12-b631-2031998efe45}, instance {a35e889e-f26c-4273-a08f-a9ed771e8497}, original activity ID {00000000-0000-0000-0000-000000000000}."
"29-07-2026 18:49:25","105","Information","Microsoft-Windows-Diagnosis-DPS","Diagnostic module {45de1ea9-10bc-4f96-9b21-4b6b83dbf476} (%windir%\system32\radardt.dll) started troubleshooting scenario {180b3a99-8c39-4f12-b631-2031998efe45}, instance {0d22d7f2-977f-464a-ac37-f31210c87214}, original activity ID {00000000-0000-0000-0000-000000000000}."
"29-07-2026 18:49:25","100","Information","Microsoft-Windows-Diagnosis-DPS","Diagnostic module {45de1ea9-10bc-4f96-9b21-4b6b83dbf476} (%windir%\system32\radardt.dll) detected a problem for scenario {180b3a99-8c39-4f12-b631-2031998efe45}, instance {0d22d7f2-977f-464a-ac37-f31210c87214}, original activity ID {00000000-0000-0000-0000-000000000000}."
"29-07-2026 18:44:25","105","Information","Microsoft-Windows-Diagnosis-DPS","Diagnostic module {45de1ea9-10bc-4f96-9b21-4b6b83dbf476} (%windir%\system32\radardt.dll) started troubleshooting scenario {180b3a99-8c39-4f12-b631-2031998efe45}, instance {febbb3d8-01c5-495c-89f9-0fdcb1cfd829}, original activity ID {00000000-0000-0000-0000-000000000000}."
"29-07-2026 18:44:25","100","Information","Microsoft-Windows-Diagnosis-DPS","Diagnostic module {45de1ea9-10bc-4f96-9b21-4b6b83dbf476} (%windir%\system32\radardt.dll) detected a problem for scenario {180b3a99-8c39-4f12-b631-2031998efe45}, instance {febbb3d8-01c5-495c-89f9-0fdcb1cfd829}, original activity ID {00000000-0000-0000-0000-000000000000}."
"29-07-2026 18:39:25","105","Information","Microsoft-Windows-Diagnosis-DPS","Diagnostic module {45de1ea9-10bc-4f96-9b21-4b6b83dbf476} (%windir%\system32\radardt.dll) started troubleshooting scenario {180b3a99-8c39-4f12-b631-2031998efe45}, instance {47ef93b9-af71-424f-bf1a-65a2b0f16db0}, original activity ID {00000000-0000-0000-0000-000000000000}."
"29-07-2026 18:39:25","100","Information","Microsoft-Windows-Diagnosis-DPS","Diagnostic module {45de1ea9-10bc-4f96-9b21-4b6b83dbf476} (%windir%\system32\radardt.dll) detected a problem for scenario {180b3a99-8c39-4f12-b631-2031998efe45}, instance {47ef93b9-af71-424f-bf1a-65a2b0f16db0}, original activity ID {00000000-0000-0000-0000-000000000000}."
"29-07-2026 18:34:25","105","Information","Microsoft-Windows-Diagnosis-DPS","Diagnostic module {45de1ea9-10bc-4f96-9b21-4b6b83dbf476} (%windir%\system32\radardt.dll) started troubleshooting scenario {180b3a99-8c39-4f12-b631-2031998efe45}, instance {999fb0ca-fe8c-4094-9a24-ae4023c85e0e}, original activity ID {00000000-0000-0000-0000-000000000000}."
"29-07-2026 18:34:25","100","Information","Microsoft-Windows-Diagnosis-DPS","Diagnostic module {45de1ea9-10bc-4f96-9b21-4b6b83dbf476} (%windir%\system32\radardt.dll) detected a problem for scenario {180b3a99-8c39-4f12-b631-2031998efe45}, instance {999fb0ca-fe8c-4094-9a24-ae4023c85e0e}, original activity ID {00000000-0000-0000-0000-000000000000}."
"29-07-2026 18:29:25","105","Information","Microsoft-Windows-Diagnosis-DPS","Diagnostic module {45de1ea9-10bc-4f96-9b21-4b6b83dbf476} (%windir%\system32\radardt.dll) started troubleshooting scenario {180b3a99-8c39-4f12-b631-2031998efe45}, instance {258cd32a-17a5-4917-8ea8-3bab84ac72ff}, original activity ID {00000000-0000-0000-0000-000000000000}."
"29-07-2026 18:29:25","100","Information","Microsoft-Windows-Diagnosis-DPS","Diagnostic module {45de1ea9-10bc-4f96-9b21-4b6b83dbf476} (%windir%\system32\radardt.dll) detected a problem for scenario {180b3a99-8c39-4f12-b631-2031998efe45}, instance {258cd32a-17a5-4917-8ea8-3bab84ac72ff}, original activity ID {00000000-0000-0000-0000-000000000000}."
"29-07-2026 18:24:25","105","Information","Microsoft-Windows-Diagnosis-DPS","Diagnostic module {45de1ea9-10bc-4f96-9b21-4b6b83dbf476} (%windir%\system32\radardt.dll) started troubleshooting scenario {180b3a99-8c39-4f12-b631-2031998efe45}, instance {0870913a-634f-4c69-ac55-ee3ae12bb84e}, original activity ID {00000000-0000-0000-0000-000000000000}."
"29-07-2026 18:24:25","100","Information","Microsoft-Windows-Diagnosis-DPS","Diagnostic module {45de1ea9-10bc-4f96-9b21-4b6b83dbf476} (%windir%\system32\radardt.dll) detected a problem for scenario {180b3a99-8c39-4f12-b631-2031998efe45}, instance {0870913a-634f-4c69-ac55-ee3ae12bb84e}, original activity ID {00000000-0000-0000-0000-000000000000}."
"29-07-2026 18:19:25","105","Information","Microsoft-Windows-Diagnosis-DPS","Diagnostic module {45de1ea9-10bc-4f96-9b21-4b6b83dbf476} (%windir%\system32\radardt.dll) started troubleshooting scenario {180b3a99-8c39-4f12-b631-2031998efe45}, instance {7d398e5c-173f-424a-9043-a80ca26b36ea}, original activity ID {00000000-0000-0000-0000-000000000000}."
"29-07-2026 18:19:25","100","Information","Microsoft-Windows-Diagnosis-DPS","Diagnostic module {45de1ea9-10bc-4f96-9b21-4b6b83dbf476} (%windir%\system32\radardt.dll) detected a problem for scenario {180b3a99-8c39-4f12-b631-2031998efe45}, instance {7d398e5c-173f-424a-9043-a80ca26b36ea}, original activity ID {00000000-0000-0000-0000-000000000000}."
"29-07-2026 18:14:25","105","Information","Microsoft-Windows-Diagnosis-DPS","Diagnostic module {45de1ea9-10bc-4f96-9b21-4b6b83dbf476} (%windir%\system32\radardt.dll) started troubleshooting scenario {180b3a99-8c39-4f12-b631-2031998efe45}, instance {985b1d8b-f78d-4c7d-82ed-e521bd20ebe3}, original activity ID {00000000-0000-0000-0000-000000000000}."
"29-07-2026 18:14:25","100","Information","Microsoft-Windows-Diagnosis-DPS","Diagnostic module {45de1ea9-10bc-4f96-9b21-4b6b83dbf476} (%windir%\system32\radardt.dll) detected a problem for scenario {180b3a99-8c39-4f12-b631-2031998efe45}, instance {985b1d8b-f78d-4c7d-82ed-e521bd20ebe3}, original activity ID {00000000-0000-0000-0000-000000000000}."
"29-07-2026 18:09:25","105","Information","Microsoft-Windows-Diagnosis-DPS","Diagnostic module {45de1ea9-10bc-4f96-9b21-4b6b83dbf476} (%windir%\system32\radardt.dll) started troubleshooting scenario {180b3a99-8c39-4f12-b631-2031998efe45}, instance {7deb157e-dbaf-4ebd-9763-342447b1fa46}, original activity ID {00000000-0000-0000-0000-000000000000}."
"29-07-2026 18:09:25","100","Information","Microsoft-Windows-Diagnosis-DPS","Diagnostic module {45de1ea9-10bc-4f96-9b21-4b6b83dbf476} (%windir%\system32\radardt.dll) detected a problem for scenario {180b3a99-8c39-4f12-b631-2031998efe45}, instance {7deb157e-dbaf-4ebd-9763-342447b1fa46}, original activity ID {00000000-0000-0000-0000-000000000000}."
"29-07-2026 18:04:25","105","Information","Microsoft-Windows-Diagnosis-DPS","Diagnostic module {45de1ea9-10bc-4f96-9b21-4b6b83dbf476} (%windir%\system32\radardt.dll) started troubleshooting scenario {180b3a99-8c39-4f12-b631-2031998efe45}, instance {7de4c63d-eb7e-4bf0-b2c8-878a850de575}, original activity ID {00000000-0000-0000-0000-000000000000}."
"29-07-2026 18:04:25","100","Information","Microsoft-Windows-Diagnosis-DPS","Diagnostic module {45de1ea9-10bc-4f96-9b21-4b6b83dbf476} (%windir%\system32\radardt.dll) detected a problem for scenario {180b3a99-8c39-4f12-b631-2031998efe45}, instance {7de4c63d-eb7e-4bf0-b2c8-878a850de575}, original activity ID {00000000-0000-0000-0000-000000000000}."
"29-07-2026 17:59:25","105","Information","Microsoft-Windows-Diagnosis-DPS","Diagnostic module {45de1ea9-10bc-4f96-9b21-4b6b83dbf476} (%windir%\system32\radardt.dll) started troubleshooting scenario {180b3a99-8c39-4f12-b631-2031998efe45}, instance {4581374f-1bb9-4d5b-a4cc-bd66e25acce8}, original activity ID {00000000-0000-0000-0000-000000000000}."
"29-07-2026 17:59:25","100","Information","Microsoft-Windows-Diagnosis-DPS","Diagnostic module {45de1ea9-10bc-4f96-9b21-4b6b83dbf476} (%windir%\system32\radardt.dll) detected a problem for scenario {180b3a99-8c39-4f12-b631-2031998efe45}, instance {4581374f-1bb9-4d5b-a4cc-bd66e25acce8}, original activity ID {00000000-0000-0000-0000-000000000000}."
"29-07-2026 17:54:25","105","Information","Microsoft-Windows-Diagnosis-DPS","Diagnostic module {45de1ea9-10bc-4f96-9b21-4b6b83dbf476} (%windir%\system32\radardt.dll) started troubleshooting scenario {180b3a99-8c39-4f12-b631-2031998efe45}, instance {05fa9880-d0c4-4b4d-86f5-28f29b773e53}, original activity ID {00000000-0000-0000-0000-000000000000}."
"29-07-2026 17:54:25","100","Information","Microsoft-Windows-Diagnosis-DPS","Diagnostic module {45de1ea9-10bc-4f96-9b21-4b6b83dbf476} (%windir%\system32\radardt.dll) detected a problem for scenario {180b3a99-8c39-4f12-b631-2031998efe45}, instance {05fa9880-d0c4-4b4d-86f5-28f29b773e53}, original activity ID {00000000-0000-0000-0000-000000000000}."
