"17-08-2026 13:31:55","455","Verbose","Microsoft-Windows-AppXDeployment-Server","User S-1-5-21-3608031908-443761264-1593342945-1000 had outdated package MSTeams_26183.1903.4892.4448_x64__8wekyb3d8bbwe, which will be updated to MSTeams_26198.304.4946.9672_x64__8wekyb3d8bbwe. User was online: false."
"17-08-2026 13:31:55","855","Information","Microsoft-Windows-AppXDeployment-Server","Finished resolving action lists. DeploymentRequest action lists: updateList: MSTeams_26183.1903.4892.4448_x64__8wekyb3d8bbwe is updating to MSTeams_26198.304.4946.9672_x64__8wekyb3d8bbwe."
"17-08-2026 13:31:55","854","Information","Microsoft-Windows-AppXDeployment-Server","Successfully added the following uri(s) to be processed:  C:\Program Files\WindowsApps\MSTeams_26198.304.4946.9672_x64__8wekyb3d8bbwe\AppxManifest.xml."
"17-08-2026 13:31:55","607","Information","Microsoft-Windows-AppXDeployment-Server","Deployment Register operation on package MSTeams_26198.304.4946.9672_x64__8wekyb3d8bbwe has been de-queued and is running for user SID S-1-12-1-2357405129-1281513531-255772574-1816207334."
"17-08-2026 13:31:55","10002","Verbose","Microsoft-Windows-AppXDeployment-Server","Creating Resiliency File C:\ProgramData\Microsoft\Windows\AppRepository\a096e69e-0f67-4e76-8102-7265ac304f50_S-1-12-1-2357405129-1281513531-255772574-1816207334_5.rslc for Register Operation on Package MSTeams_26198.304.4946.9672_x64__8wekyb3d8bbwe."
"17-08-2026 13:31:55","8101","Verbose","Microsoft-Windows-AppXDeployment-Server","Finished validation and setting the Trust Label on package Microsoft.MicrosoftEdge.Stable_151.0.4129.86_neutral__8wekyb3d8bbwe with flags 0x122."
"17-08-2026 13:31:55","8100","Verbose","Microsoft-Windows-AppXDeployment-Server","Starting validation and setting the Trust Label on package Microsoft.MicrosoftEdge.Stable_151.0.4129.86_neutral__8wekyb3d8bbwe with flags 0x122."
"17-08-2026 13:31:55","603","Information","Microsoft-Windows-AppXDeployment-Server","Started deployment Register operation on a package with main parameter AppxManifest.xml and Options SkipReregisterIfPackageStatusOk,LowPriorityRequest and SkipDeploymentOperationRpcCallerIsAdminCheck. See http://go.microsoft.com/fwlink/?LinkId=235160 for help diagnosing app deployment issues."
"17-08-2026 13:31:54","493","Warning","Microsoft-Windows-AppXDeployment-Server","There were 4 additional files that failed to be deleted under the folder \\?\C:\Program Files\WindowsApps\Deleted."
"17-08-2026 13:31:54","471","Information","Microsoft-Windows-AppXDeployment-Server","error 0x5: Deleting file \\?\C:\Program Files\WindowsApps\Deleted\Microsoft.MicrosoftOfficeHub_19.2608.34011.0_x64__8wekyb3d8bbwee1b6bff2-7844-4ece-a5dd-799a5f0a66ff\resources.pri failed."
"17-08-2026 13:31:54","471","Information","Microsoft-Windows-AppXDeployment-Server","error 0x12C: Deleting file \\?\C:\Program Files\WindowsApps\Deleted\Microsoft.MicrosoftOfficeHub_19.2608.34011.0_x64__8wekyb3d8bbwee1b6bff2-7844-4ece-a5dd-799a5f0a66ff\NoiseAsset_256X256_PNG.png failed."
"17-08-2026 13:31:54","471","Information","Microsoft-Windows-AppXDeployment-Server","error 0x12C: Deleting file \\?\C:\Program Files\WindowsApps\Deleted\Microsoft.MicrosoftOfficeHub_19.2608.34011.0_x64__8wekyb3d8bbwee1b6bff2-7844-4ece-a5dd-799a5f0a66ff\Microsoft.UI.Xaml\Assets\NoiseAsset_256X256_PNG.png failed."
"17-08-2026 13:31:54","400","Information","Microsoft-Windows-AppXDeployment-Server","Deployment OnDemandRegisterOperation operation with target volume C: on Package Microsoft.MicrosoftEdge.Stable_151.0.4129.86_neutral__8wekyb3d8bbwe from:   finished successfully."
"17-08-2026 13:31:54","617","Verbose","Microsoft-Windows-AppXDeployment-Server","Successfully updated the status for package MSTeams_26183.1903.4892.4448_x64__8wekyb3d8bbwe and user S-1-12-1-2357405129-1281513531-255772574-1816207334 (Clear=0x0, Set=0x400)."
"17-08-2026 13:31:54","684","Information","Microsoft-Windows-AppXDeployment-Server","OnDemandRegisterPackage Microsoft.WindowsAppRuntime.2_2.4.0.0_x64__8wekyb3d8bbwe, framework not supported by OnDemandRegister operation found. We will register later."
"17-08-2026 13:31:54","679","Information","Microsoft-Windows-AppXDeployment-Server","OnDemandRegisterPackageList Microsoft.MicrosoftEdge.Stable_151.0.4129.86_neutral__8wekyb3d8bbwe Microsoft.WindowsAppRuntime.2_2.4.0.0_x64__8wekyb3d8bbwe MSTeams_26198.304.4946.9672_x64__8wekyb3d8bbwe ."
"17-08-2026 13:31:54","607","Information","Microsoft-Windows-AppXDeployment-Server","Deployment OnDemandRegisterOperation operation on package Microsoft.MicrosoftEdge.Stable_151.0.4129.86_neutral__8wekyb3d8bbwe has been de-queued and is running for user SID S-1-12-1-2357405129-1281513531-255772574-1816207334."
"17-08-2026 13:31:54","10002","Verbose","Microsoft-Windows-AppXDeployment-Server","Creating Resiliency File C:\ProgramData\Microsoft\Windows\AppRepository\a096e69e-0f67-4e76-8102-7265ac304f50_S-1-12-1-2357405129-1281513531-255772574-1816207334_4.rslc for OnDemandRegisterOperation Operation on Package Microsoft.MicrosoftEdge.Stable_151.0.4129.86_neutral__8wekyb3d8bbwe."
"17-08-2026 13:31:54","604","Information","Microsoft-Windows-AppXDeployment-Server","Started deployment OnDemandRegisterOperation operation on a package with main parameter , dependency parameters Microsoft.MicrosoftEdge.Stable_151.0.4129.86_neutral__8wekyb3d8bbwe, and Options ImmediatePriorityRequest and 0. See http://go.microsoft.com/fwlink/?LinkId=235160 for help diagnosing app deployment issues."
"17-08-2026 13:31:54","819","Verbose","Microsoft-Windows-AppXDeployment-Server","The following packages will be installed: Microsoft.MicrosoftEdge.Stable_151.0.4129.86_neutral__8wekyb3d8bbwe . The following packages will be removed: NULL"
"17-08-2026 13:31:54","493","Warning","Microsoft-Windows-AppXDeployment-Server","There were 4 additional files that failed to be deleted under the folder \\?\C:\Program Files\WindowsApps\Deleted."
"17-08-2026 13:31:54","471","Information","Microsoft-Windows-AppXDeployment-Server","error 0x5: Deleting file \\?\C:\Program Files\WindowsApps\Deleted\Microsoft.MicrosoftOfficeHub_19.2608.34011.0_x64__8wekyb3d8bbwee1b6bff2-7844-4ece-a5dd-799a5f0a66ff\resources.pri failed."
"17-08-2026 13:31:54","471","Information","Microsoft-Windows-AppXDeployment-Server","error 0x12C: Deleting file \\?\C:\Program Files\WindowsApps\Deleted\Microsoft.MicrosoftOfficeHub_19.2608.34011.0_x64__8wekyb3d8bbwee1b6bff2-7844-4ece-a5dd-799a5f0a66ff\NoiseAsset_256X256_PNG.png failed."
"17-08-2026 13:31:54","471","Information","Microsoft-Windows-AppXDeployment-Server","error 0x12C: Deleting file \\?\C:\Program Files\WindowsApps\Deleted\Microsoft.MicrosoftOfficeHub_19.2608.34011.0_x64__8wekyb3d8bbwee1b6bff2-7844-4ece-a5dd-799a5f0a66ff\Microsoft.UI.Xaml\Assets\NoiseAsset_256X256_PNG.png failed."
"17-08-2026 13:31:54","400","Information","Microsoft-Windows-AppXDeployment-Server","Deployment ProvisionPackageOperation operation with target volume C: on Package Microsoft.MicrosoftEdge.Stable_151.0.4129.86_neutral__8wekyb3d8bbwe from:   finished successfully."
"17-08-2026 13:31:54","617","Verbose","Microsoft-Windows-AppXDeployment-Server","Successfully updated the status for package Microsoft.MicrosoftEdge.Stable_151.0.4129.86_neutral__8wekyb3d8bbwe and user S-1-5-18 (Clear=0x10000C00, Set=0x0)."
"17-08-2026 13:31:54","813","Verbose","Microsoft-Windows-AppXDeployment-Server","Successfully updated all user store with package Microsoft.MicrosoftEdge.Stable_151.0.4129.86_neutral__8wekyb3d8bbwe."
"17-08-2026 13:31:54","855","Information","Microsoft-Windows-AppXDeployment-Server","Finished resolving action lists. DeploymentRequest action lists: addPackageList: Microsoft.MicrosoftEdge.Stable_151.0.4129.86_neutral__8wekyb3d8bbwe."
"17-08-2026 13:31:54","607","Information","Microsoft-Windows-AppXDeployment-Server","Deployment ProvisionPackageOperation operation on package Microsoft.MicrosoftEdge.Stable_151.0.4129.86_neutral__8wekyb3d8bbwe has been de-queued and is running for user SID S-1-5-18."
"17-08-2026 13:31:54","626","Verbose","Microsoft-Windows-AppXDeployment-Server","Deployment ProvisionPackageOperation operation on package Microsoft.MicrosoftEdge.Stable_151.0.4129.86_neutral__8wekyb3d8bbwe has been requeued for user SID S-1-5-18."
"17-08-2026 13:31:54","855","Information","Microsoft-Windows-AppXDeployment-Server","Finished resolving action lists. DeploymentRequest action lists: addPackageList: Microsoft.MicrosoftEdge.Stable_151.0.4129.86_neutral__8wekyb3d8bbwe."
"17-08-2026 13:31:54","607","Information","Microsoft-Windows-AppXDeployment-Server","Deployment ProvisionPackageOperation operation on package Microsoft.MicrosoftEdge.Stable_151.0.4129.86_neutral__8wekyb3d8bbwe has been de-queued and is running for user SID S-1-5-18."
"17-08-2026 13:31:54","10002","Verbose","Microsoft-Windows-AppXDeployment-Server","Creating Resiliency File C:\ProgramData\Microsoft\Windows\AppRepository\a096e69e-0f67-4e76-8102-7265ac304f50_S-1-5-18_3.rslc for ProvisionPackageOperation Operation on Package Microsoft.MicrosoftEdge.Stable_151.0.4129.86_neutral__8wekyb3d8bbwe."
"17-08-2026 13:31:54","603","Information","Microsoft-Windows-AppXDeployment-Server","Started deployment ProvisionPackageOperation operation on a package with main parameter Microsoft.MicrosoftEdge.Stable_8wekyb3d8bbwe and Options 0 and 0. See http://go.microsoft.com/fwlink/?LinkId=235160 for help diagnosing app deployment issues."
"17-08-2026 13:31:54","613","Information","Microsoft-Windows-AppXDeployment-Server","Performance summary of Deployment Register operation on Package Microsoft.MicrosoftEdge.Stable_151.0.4129.86_neutral__8wekyb3d8bbwe: 
Overall time: 454 ms (Active time: 422 ms)
Enqueue cost: 0 ms
Dequeue delay: 32 ms
Bundle processing cost: 15 ms
Indexing cost: 0 ms
Resolve dependency cost: 0 ms
Check approval cost: 16 ms
Evaluation cost: 0 ms
Hardlinking evaluation cost: 0 ms
Stage required cost: 0 ms
Flushing and closing files cost: 0 ms
Gap: 31 ms
Machine register cost: 0 ms
Stage user data cost: 0 ms
Registration cost: 141 ms
Gap: 31 ms
Repository commit transaction cost: 78 ms
Gap: 78 ms
Data flush cost: 16 ms
Post DeStage repository commit transaction cost: 0 ms
Remaining cost: 16 ms
"
"17-08-2026 13:31:54","472","Verbose","Microsoft-Windows-AppXDeployment-Server","Moving package folder \\?\C:\Program Files\WindowsApps\Microsoft.MicrosoftEdge.Stable_151.0.4129.78_neutral__8wekyb3d8bbwe to \\?\C:\Program Files\WindowsApps\Deleted\Microsoft.MicrosoftEdge.Stable_151.0.4129.78_neutral__8wekyb3d8bbwe00da97c8-fb43-4ff8-b48c-c56b2ec7458a. Result: 0x0."
"17-08-2026 13:31:54","400","Information","Microsoft-Windows-AppXDeployment-Server","Deployment Register operation with target volume C: on Package Microsoft.MicrosoftEdge.Stable_151.0.4129.86_neutral__8wekyb3d8bbwe from:  (AppxManifest.xml)  finished successfully."
"17-08-2026 13:31:54","617","Verbose","Microsoft-Windows-AppXDeployment-Server","Successfully updated the status for package Microsoft.MicrosoftEdge.Stable_151.0.4129.86_neutral__8wekyb3d8bbwe and user S-1-12-1-2357405129-1281513531-255772574-1816207334 (Clear=0x300, Set=0x0)."
"17-08-2026 13:31:54","617","Verbose","Microsoft-Windows-AppXDeployment-Server","Successfully updated the status for package Microsoft.MicrosoftEdge.Stable_151.0.4129.86_neutral__8wekyb3d8bbwe and user S-1-12-1-2357405129-1281513531-255772574-1816207334 (Clear=0x10000C00, Set=0x0)."
"17-08-2026 13:31:54","617","Verbose","Microsoft-Windows-AppXDeployment-Server","Successfully updated the status for package Microsoft.MicrosoftEdge.Stable_151.0.4129.86_neutral__8wekyb3d8bbwe and user S-1-12-1-2357405129-1281513531-255772574-1816207334 (Clear=0x20, Set=0x0)."
"17-08-2026 13:31:54","617","Verbose","Microsoft-Windows-AppXDeployment-Server","Successfully updated the status for package Microsoft.MicrosoftEdge.Stable_151.0.4129.86_neutral__8wekyb3d8bbwe and user S-1-12-1-2357405129-1281513531-255772574-1816207334 (Clear=0x20, Set=0x0)."
"17-08-2026 13:31:54","808","Warning","Microsoft-Windows-AppXDeployment-Server","Deletion of registry key: Software\Microsoft\Windows\CurrentVersion\Appx\AppxAllUserStore\S-1-5-21-3608031908-443761264-1593342945-1000\Microsoft.MicrosoftEdge.Stable_151.0.4129.86_neutral__8wekyb3d8bbwe failed with error: 0x80070002."
"17-08-2026 13:31:54","813","Verbose","Microsoft-Windows-AppXDeployment-Server","Successfully updated all user store with package Microsoft.MicrosoftEdge.Stable_151.0.4129.86_neutral__8wekyb3d8bbwe."
"17-08-2026 13:31:54","822","Verbose","Microsoft-Windows-AppXDeployment-Server","Updating registry for package Microsoft.MicrosoftEdge.Stable_151.0.4129.86_neutral__8wekyb3d8bbwe completed with result: 0x0."
"17-08-2026 13:31:54","821","Verbose","Microsoft-Windows-AppXDeployment-Server","During-logon registration of package Microsoft.MicrosoftEdge.Stable_151.0.4129.86_neutral__8wekyb3d8bbwe for user S-1-12-1-2357405129-1281513531-255772574-1816207334 finished with result: 0x0; updating registry..."
"17-08-2026 13:31:54","5507","Verbose","Microsoft-Windows-AppXDeployment-Server","Microsoft.MicrosoftEdge.Stable_151.0.4129.86_neutral__8wekyb3d8bbwe : C:\Program Files\WindowsApps\Microsoft.MicrosoftEdge.Stable_151.0.4129.86_neutral__8wekyb3d8bbwe\microsoft.system.package.metadata\Resources.????????.pri : No shared merged files found"
"17-08-2026 13:31:54","5507","Verbose","Microsoft-Windows-AppXDeployment-Server","Microsoft.MicrosoftEdge.Stable_151.0.4129.86_neutral__8wekyb3d8bbwe : C:\Program Files\WindowsApps\Microsoft.MicrosoftEdge.Stable_151.0.4129.86_neutral__8wekyb3d8bbwe\microsoft.system.package.metadata\S-1-12-1-2357405129-1281513531-255772574-1816207334-MergedResources-*.pri : No user-specific merged files found"
"17-08-2026 13:31:54","5507","Verbose","Microsoft-Windows-AppXDeployment-Server","Microsoft.MicrosoftEdge.Stable_151.0.4129.86_neutral__8wekyb3d8bbwe : C:\Program Files\WindowsApps\Microsoft.MicrosoftEdge.Stable_151.0.4129.86_neutral__8wekyb3d8bbwe\microsoft.system.package.metadata\Resources.????????.pri : No shared merged files found"
"17-08-2026 13:31:54","5507","Verbose","Microsoft-Windows-AppXDeployment-Server","Microsoft.MicrosoftEdge.Stable_151.0.4129.86_neutral__8wekyb3d8bbwe : C:\Program Files\WindowsApps\Microsoft.MicrosoftEdge.Stable_151.0.4129.86_neutral__8wekyb3d8bbwe\microsoft.system.package.metadata\S-1-12-1-2357405129-1281513531-255772574-1816207334-MergedResources-*.pri : No user-specific merged files found"
"17-08-2026 13:31:54","617","Verbose","Microsoft-Windows-AppXDeployment-Server","Successfully updated the status for package Microsoft.MicrosoftEdge.Stable_151.0.4129.78_neutral__8wekyb3d8bbwe and user S-1-12-1-2357405129-1281513531-255772574-1816207334 (Clear=0xFFFFFFFF, Set=0x0)."
"17-08-2026 13:31:54","617","Verbose","Microsoft-Windows-AppXDeployment-Server","Successfully updated the status for package Microsoft.MicrosoftEdge.Stable_151.0.4129.86_neutral__8wekyb3d8bbwe and user S-1-12-1-2357405129-1281513531-255772574-1816207334 (Clear=0x0, Set=0x20)."
"17-08-2026 13:31:54","9643","Verbose","Microsoft-Windows-AppXDeployment-Server","0x0: TerminateApplications successful."
"17-08-2026 13:31:54","9643","Verbose","Microsoft-Windows-AppXDeployment-Server","0x0: TerminateApplications successful."
"17-08-2026 13:31:54","617","Verbose","Microsoft-Windows-AppXDeployment-Server","Successfully updated the status for package Microsoft.MicrosoftEdge.Stable_151.0.4129.86_neutral__8wekyb3d8bbwe and user S-1-12-1-2357405129-1281513531-255772574-1816207334 (Clear=0x0, Set=0x20)."
"17-08-2026 13:31:54","617","Verbose","Microsoft-Windows-AppXDeployment-Server","Successfully updated the status for package Microsoft.MicrosoftEdge.Stable_151.0.4129.78_neutral__8wekyb3d8bbwe and user S-1-12-1-2357405129-1281513531-255772574-1816207334 (Clear=0x0, Set=0x20)."
"17-08-2026 13:31:54","9643","Verbose","Microsoft-Windows-AppXDeployment-Server","0x0: TerminateApplications successful."
"17-08-2026 13:31:54","9643","Verbose","Microsoft-Windows-AppXDeployment-Server","0x0: TerminateApplications successful."
"17-08-2026 13:31:54","455","Verbose","Microsoft-Windows-AppXDeployment-Server","User S-1-5-21-3608031908-443761264-1593342945-1000 had outdated package Microsoft.MicrosoftEdge.Stable_151.0.4129.78_neutral__8wekyb3d8bbwe, which will be updated to Microsoft.MicrosoftEdge.Stable_151.0.4129.86_neutral__8wekyb3d8bbwe. User was online: false."
"17-08-2026 13:31:54","855","Information","Microsoft-Windows-AppXDeployment-Server","Finished resolving action lists. DeploymentRequest action lists: updateList: Microsoft.MicrosoftEdge.Stable_151.0.4129.78_neutral__8wekyb3d8bbwe is updating to Microsoft.MicrosoftEdge.Stable_151.0.4129.86_neutral__8wekyb3d8bbwe."
"17-08-2026 13:31:54","854","Information","Microsoft-Windows-AppXDeployment-Server","Successfully added the following uri(s) to be processed:  C:\Program Files\WindowsApps\Microsoft.MicrosoftEdge.Stable_151.0.4129.86_neutral__8wekyb3d8bbwe\AppxManifest.xml."
"17-08-2026 13:31:54","607","Information","Microsoft-Windows-AppXDeployment-Server","Deployment Register operation on package Microsoft.MicrosoftEdge.Stable_151.0.4129.86_neutral__8wekyb3d8bbwe has been de-queued and is running for user SID S-1-12-1-2357405129-1281513531-255772574-1816207334."
"17-08-2026 13:31:54","626","Verbose","Microsoft-Windows-AppXDeployment-Server","Deployment Register operation on package Microsoft.MicrosoftEdge.Stable_151.0.4129.86_neutral__8wekyb3d8bbwe has been requeued for user SID S-1-12-1-2357405129-1281513531-255772574-1816207334."
"17-08-2026 13:31:54","855","Information","Microsoft-Windows-AppXDeployment-Server","Finished resolving action lists. DeploymentRequest action lists: updateList: Microsoft.MicrosoftEdge.Stable_151.0.4129.78_neutral__8wekyb3d8bbwe is updating to Microsoft.MicrosoftEdge.Stable_151.0.4129.86_neutral__8wekyb3d8bbwe."
"17-08-2026 13:31:54","854","Information","Microsoft-Windows-AppXDeployment-Server","Successfully added the following uri(s) to be processed:  C:\Program Files\WindowsApps\Microsoft.MicrosoftEdge.Stable_151.0.4129.86_neutral__8wekyb3d8bbwe\AppxManifest.xml."
"17-08-2026 13:31:54","607","Information","Microsoft-Windows-AppXDeployment-Server","Deployment Register operation on package Microsoft.MicrosoftEdge.Stable_151.0.4129.86_neutral__8wekyb3d8bbwe has been de-queued and is running for user SID S-1-12-1-2357405129-1281513531-255772574-1816207334."
"17-08-2026 13:31:54","10002","Verbose","Microsoft-Windows-AppXDeployment-Server","Creating Resiliency File C:\ProgramData\Microsoft\Windows\AppRepository\a096e69e-0f67-4e76-8102-7265ac304f50_S-1-12-1-2357405129-1281513531-255772574-1816207334_2.rslc for Register Operation on Package Microsoft.MicrosoftEdge.Stable_151.0.4129.86_neutral__8wekyb3d8bbwe."
"17-08-2026 13:31:54","493","Warning","Microsoft-Windows-AppXDeployment-Server","There were 4 additional files that failed to be deleted under the folder \\?\C:\Program Files\WindowsApps\Deleted."
"17-08-2026 13:31:54","603","Information","Microsoft-Windows-AppXDeployment-Server","Started deployment RegisterByPackageFamilyName operation on a package with main parameter Microsoft.MicrosoftEdge.Stable_8wekyb3d8bbwe and Options ForceApplicationShutdownOption and 0. See http://go.microsoft.com/fwlink/?LinkId=235160 for help diagnosing app deployment issues."
"17-08-2026 13:31:54","471","Information","Microsoft-Windows-AppXDeployment-Server","error 0x5: Deleting file \\?\C:\Program Files\WindowsApps\Deleted\Microsoft.MicrosoftOfficeHub_19.2608.34011.0_x64__8wekyb3d8bbwee1b6bff2-7844-4ece-a5dd-799a5f0a66ff\resources.pri failed."
"17-08-2026 13:31:54","471","Information","Microsoft-Windows-AppXDeployment-Server","error 0x12C: Deleting file \\?\C:\Program Files\WindowsApps\Deleted\Microsoft.MicrosoftOfficeHub_19.2608.34011.0_x64__8wekyb3d8bbwee1b6bff2-7844-4ece-a5dd-799a5f0a66ff\NoiseAsset_256X256_PNG.png failed."
"17-08-2026 13:31:54","471","Information","Microsoft-Windows-AppXDeployment-Server","error 0x12C: Deleting file \\?\C:\Program Files\WindowsApps\Deleted\Microsoft.MicrosoftOfficeHub_19.2608.34011.0_x64__8wekyb3d8bbwee1b6bff2-7844-4ece-a5dd-799a5f0a66ff\Microsoft.UI.Xaml\Assets\NoiseAsset_256X256_PNG.png failed."
"17-08-2026 13:31:54","613","Information","Microsoft-Windows-AppXDeployment-Server","Performance summary of Deployment Stage operation on Package Microsoft.MicrosoftEdge.Stable_151.0.4129.86_neutral__8wekyb3d8bbwe: 
Overall time: 1063 ms (Active time: 1063 ms)
Enqueue cost: 157 ms
Dequeue delay: 0 ms
Bundle processing cost: 0 ms
Indexing cost: 31 ms
Resolve dependency cost: 0 ms
Gap: 15 ms
Check approval cost: 32 ms
Evaluation cost: 15 ms
Hardlinking evaluation cost: 0 ms
Stage required cost: 47 ms
Flushing and closing files cost: 0 ms
Machine register cost: 156 ms
Stage user data cost: 0 ms
Registration cost: 0 ms
Repository commit transaction cost: 579 ms
Gap: 15 ms
Data flush cost: 0 ms
Post DeStage repository commit transaction cost: 0 ms
Remaining cost: 16 ms
"
"17-08-2026 13:31:53","400","Information","Microsoft-Windows-AppXDeployment-Server","Deployment Stage operation with target volume C: on Package Microsoft.MicrosoftEdge.Stable_151.0.4129.86_neutral__8wekyb3d8bbwe from:  (identity_helper.Sparse.stable.msix)  finished successfully."
"17-08-2026 13:31:53","617","Verbose","Microsoft-Windows-AppXDeployment-Server","Successfully updated the status for package Microsoft.MicrosoftEdge.Stable_151.0.4129.86_neutral__8wekyb3d8bbwe and user S-1-5-18 (Clear=0x10000C00, Set=0x0)."
"17-08-2026 13:31:53","574","Information","Microsoft-Windows-AppXDeployment-Server","Preferred package version for package family is changing. Current preferred version is: Microsoft.MicrosoftEdge.Stable_151.0.4129.78_neutral__8wekyb3d8bbwe. New preferred version will be: Microsoft.MicrosoftEdge.Stable_151.0.4129.86_neutral__8wekyb3d8bbwe."
"17-08-2026 13:31:53","854","Information","Microsoft-Windows-AppXDeployment-Server","Successfully added the following uri(s) to be processed:  file:///C:/Program%20Files%20(x86)/Microsoft/Edge/Application/151.0.4129.86/identity_proxy/win11/identity_helper.Sparse.stable.msix."
"17-08-2026 13:31:53","607","Information","Microsoft-Windows-AppXDeployment-Server","Deployment Stage operation on package Microsoft.MicrosoftEdge.Stable_151.0.4129.86_neutral__8wekyb3d8bbwe has been de-queued and is running for user SID S-1-5-18."
"17-08-2026 13:31:53","10002","Verbose","Microsoft-Windows-AppXDeployment-Server","Creating Resiliency File C:\ProgramData\Microsoft\Windows\AppRepository\a096e69e-0f67-4e76-8102-7265ac304f50_S-1-5-18_1.rslc for Stage Operation on Package Microsoft.MicrosoftEdge.Stable_151.0.4129.86_neutral__8wekyb3d8bbwe."
"17-08-2026 13:31:52","603","Information","Microsoft-Windows-AppXDeployment-Server","Started deployment Stage operation on a package with main parameter identity_helper.Sparse.stable.msix and Options ForceUpdateFromAnyVersion,NormalPriorityRequest and 0. See http://go.microsoft.com/fwlink/?LinkId=235160 for help diagnosing app deployment issues."
"17-08-2026 13:31:52","940","Information","Microsoft-Windows-AppXDeployment-Server","Appxsvc lifecycle transition to Running (Checkpoint=4)"
"17-08-2026 13:31:52","939","Information","Microsoft-Windows-AppXDeployment-Server","Appxsvc lifecycle transition to Starting (Checkpoint=2)"
"17-08-2026 13:16:02","942","Information","Microsoft-Windows-AppXDeployment-Server","Appxsvc lifecycle transition to Stopped (Checkpoint=7)"
"17-08-2026 13:16:02","941","Information","Microsoft-Windows-AppXDeployment-Server","Appxsvc lifecycle transition to Stopping (Checkpoint=4)"
"17-08-2026 13:11:02","940","Information","Microsoft-Windows-AppXDeployment-Server","Appxsvc lifecycle transition to Running (Checkpoint=3)"
"17-08-2026 13:11:02","939","Information","Microsoft-Windows-AppXDeployment-Server","Appxsvc lifecycle transition to Starting (Checkpoint=2)"
"17-08-2026 12:49:25","942","Information","Microsoft-Windows-AppXDeployment-Server","Appxsvc lifecycle transition to Stopped (Checkpoint=8)"
"17-08-2026 12:49:25","941","Information","Microsoft-Windows-AppXDeployment-Server","Appxsvc lifecycle transition to Stopping (Checkpoint=5)"
"17-08-2026 12:44:25","493","Warning","Microsoft-Windows-AppXDeployment-Server","There were 4 additional files that failed to be deleted under the folder \\?\C:\Program Files\WindowsApps\Deleted."
"17-08-2026 12:44:25","471","Information","Microsoft-Windows-AppXDeployment-Server","error 0x5: Deleting file \\?\C:\Program Files\WindowsApps\Deleted\Microsoft.MicrosoftOfficeHub_19.2608.34011.0_x64__8wekyb3d8bbwee1b6bff2-7844-4ece-a5dd-799a5f0a66ff\resources.pri failed."
"17-08-2026 12:44:25","471","Information","Microsoft-Windows-AppXDeployment-Server","error 0x12C: Deleting file \\?\C:\Program Files\WindowsApps\Deleted\Microsoft.MicrosoftOfficeHub_19.2608.34011.0_x64__8wekyb3d8bbwee1b6bff2-7844-4ece-a5dd-799a5f0a66ff\NoiseAsset_256X256_PNG.png failed."
"17-08-2026 12:44:25","471","Information","Microsoft-Windows-AppXDeployment-Server","error 0x12C: Deleting file \\?\C:\Program Files\WindowsApps\Deleted\Microsoft.MicrosoftOfficeHub_19.2608.34011.0_x64__8wekyb3d8bbwee1b6bff2-7844-4ece-a5dd-799a5f0a66ff\Microsoft.UI.Xaml\Assets\NoiseAsset_256X256_PNG.png failed."
"17-08-2026 12:38:25","940","Information","Microsoft-Windows-AppXDeployment-Server","Appxsvc lifecycle transition to Running (Checkpoint=4)"
"17-08-2026 12:38:25","939","Information","Microsoft-Windows-AppXDeployment-Server","Appxsvc lifecycle transition to Starting (Checkpoint=2)"
"17-08-2026 12:30:32","942","Information","Microsoft-Windows-AppXDeployment-Server","Appxsvc lifecycle transition to Stopped (Checkpoint=7)"
"17-08-2026 12:30:32","941","Information","Microsoft-Windows-AppXDeployment-Server","Appxsvc lifecycle transition to Stopping (Checkpoint=4)"
"17-08-2026 12:25:32","493","Warning","Microsoft-Windows-AppXDeployment-Server","There were 4 additional files that failed to be deleted under the folder \\?\C:\Program Files\WindowsApps\Deleted."
"17-08-2026 12:25:32","471","Information","Microsoft-Windows-AppXDeployment-Server","error 0x5: Deleting file \\?\C:\Program Files\WindowsApps\Deleted\Microsoft.MicrosoftOfficeHub_19.2608.34011.0_x64__8wekyb3d8bbwee1b6bff2-7844-4ece-a5dd-799a5f0a66ff\resources.pri failed."
"17-08-2026 12:25:32","471","Information","Microsoft-Windows-AppXDeployment-Server","error 0x12C: Deleting file \\?\C:\Program Files\WindowsApps\Deleted\Microsoft.MicrosoftOfficeHub_19.2608.34011.0_x64__8wekyb3d8bbwee1b6bff2-7844-4ece-a5dd-799a5f0a66ff\NoiseAsset_256X256_PNG.png failed."
"17-08-2026 12:25:32","471","Information","Microsoft-Windows-AppXDeployment-Server","error 0x12C: Deleting file \\?\C:\Program Files\WindowsApps\Deleted\Microsoft.MicrosoftOfficeHub_19.2608.34011.0_x64__8wekyb3d8bbwee1b6bff2-7844-4ece-a5dd-799a5f0a66ff\Microsoft.UI.Xaml\Assets\NoiseAsset_256X256_PNG.png failed."
"17-08-2026 12:19:32","493","Warning","Microsoft-Windows-AppXDeployment-Server","There were 4 additional files that failed to be deleted under the folder \\?\C:\Program Files\WindowsApps\Deleted."
"17-08-2026 12:19:31","471","Information","Microsoft-Windows-AppXDeployment-Server","error 0x5: Deleting file \\?\C:\Program Files\WindowsApps\Deleted\Microsoft.MicrosoftOfficeHub_19.2608.34011.0_x64__8wekyb3d8bbwee1b6bff2-7844-4ece-a5dd-799a5f0a66ff\resources.pri failed."
"17-08-2026 12:19:31","471","Information","Microsoft-Windows-AppXDeployment-Server","error 0x12C: Deleting file \\?\C:\Program Files\WindowsApps\Deleted\Microsoft.MicrosoftOfficeHub_19.2608.34011.0_x64__8wekyb3d8bbwee1b6bff2-7844-4ece-a5dd-799a5f0a66ff\NoiseAsset_256X256_PNG.png failed."
"17-08-2026 12:19:31","471","Information","Microsoft-Windows-AppXDeployment-Server","error 0x12C: Deleting file \\?\C:\Program Files\WindowsApps\Deleted\Microsoft.MicrosoftOfficeHub_19.2608.34011.0_x64__8wekyb3d8bbwee1b6bff2-7844-4ece-a5dd-799a5f0a66ff\Microsoft.UI.Xaml\Assets\NoiseAsset_256X256_PNG.png failed."
"17-08-2026 12:13:31","940","Information","Microsoft-Windows-AppXDeployment-Server","Appxsvc lifecycle transition to Running (Checkpoint=3)"
"17-08-2026 12:13:31","939","Information","Microsoft-Windows-AppXDeployment-Server","Appxsvc lifecycle transition to Starting (Checkpoint=2)"
"17-08-2026 12:11:32","942","Information","Microsoft-Windows-AppXDeployment-Server","Appxsvc lifecycle transition to Stopped (Checkpoint=8)"
"17-08-2026 12:11:32","941","Information","Microsoft-Windows-AppXDeployment-Server","Appxsvc lifecycle transition to Stopping (Checkpoint=5)"
"17-08-2026 12:06:02","940","Information","Microsoft-Windows-AppXDeployment-Server","Appxsvc lifecycle transition to Running (Checkpoint=4)"
"17-08-2026 12:06:02","939","Information","Microsoft-Windows-AppXDeployment-Server","Appxsvc lifecycle transition to Starting (Checkpoint=2)"
"17-08-2026 11:51:01","942","Information","Microsoft-Windows-AppXDeployment-Server","Appxsvc lifecycle transition to Stopped (Checkpoint=8)"
"17-08-2026 11:51:01","941","Information","Microsoft-Windows-AppXDeployment-Server","Appxsvc lifecycle transition to Stopping (Checkpoint=5)"
"17-08-2026 11:46:01","493","Warning","Microsoft-Windows-AppXDeployment-Server","There were 4 additional files that failed to be deleted under the folder \\?\C:\Program Files\WindowsApps\Deleted."
"17-08-2026 11:46:01","471","Information","Microsoft-Windows-AppXDeployment-Server","error 0x5: Deleting file \\?\C:\Program Files\WindowsApps\Deleted\Microsoft.MicrosoftOfficeHub_19.2608.34011.0_x64__8wekyb3d8bbwee1b6bff2-7844-4ece-a5dd-799a5f0a66ff\resources.pri failed."
"17-08-2026 11:46:01","471","Information","Microsoft-Windows-AppXDeployment-Server","error 0x12C: Deleting file \\?\C:\Program Files\WindowsApps\Deleted\Microsoft.MicrosoftOfficeHub_19.2608.34011.0_x64__8wekyb3d8bbwee1b6bff2-7844-4ece-a5dd-799a5f0a66ff\NoiseAsset_256X256_PNG.png failed."
"17-08-2026 11:46:01","471","Information","Microsoft-Windows-AppXDeployment-Server","error 0x12C: Deleting file \\?\C:\Program Files\WindowsApps\Deleted\Microsoft.MicrosoftOfficeHub_19.2608.34011.0_x64__8wekyb3d8bbwee1b6bff2-7844-4ece-a5dd-799a5f0a66ff\Microsoft.UI.Xaml\Assets\NoiseAsset_256X256_PNG.png failed."
"17-08-2026 11:40:01","493","Warning","Microsoft-Windows-AppXDeployment-Server","There were 4 additional files that failed to be deleted under the folder \\?\C:\Program Files\WindowsApps\Deleted."
"17-08-2026 11:40:01","471","Information","Microsoft-Windows-AppXDeployment-Server","error 0x5: Deleting file \\?\C:\Program Files\WindowsApps\Deleted\Microsoft.MicrosoftOfficeHub_19.2608.34011.0_x64__8wekyb3d8bbwee1b6bff2-7844-4ece-a5dd-799a5f0a66ff\resources.pri failed."
"17-08-2026 11:40:01","471","Information","Microsoft-Windows-AppXDeployment-Server","error 0x12C: Deleting file \\?\C:\Program Files\WindowsApps\Deleted\Microsoft.MicrosoftOfficeHub_19.2608.34011.0_x64__8wekyb3d8bbwee1b6bff2-7844-4ece-a5dd-799a5f0a66ff\NoiseAsset_256X256_PNG.png failed."
"17-08-2026 11:40:01","471","Information","Microsoft-Windows-AppXDeployment-Server","error 0x12C: Deleting file \\?\C:\Program Files\WindowsApps\Deleted\Microsoft.MicrosoftOfficeHub_19.2608.34011.0_x64__8wekyb3d8bbwee1b6bff2-7844-4ece-a5dd-799a5f0a66ff\Microsoft.UI.Xaml\Assets\NoiseAsset_256X256_PNG.png failed."
"17-08-2026 11:38:30","493","Warning","Microsoft-Windows-AppXDeployment-Server","There were 4 additional files that failed to be deleted under the folder \\?\C:\Program Files\WindowsApps\Deleted."
"17-08-2026 11:38:30","471","Information","Microsoft-Windows-AppXDeployment-Server","error 0x5: Deleting file \\?\C:\Program Files\WindowsApps\Deleted\Microsoft.MicrosoftOfficeHub_19.2608.34011.0_x64__8wekyb3d8bbwee1b6bff2-7844-4ece-a5dd-799a5f0a66ff\resources.pri failed."
"17-08-2026 11:38:30","471","Information","Microsoft-Windows-AppXDeployment-Server","error 0x12C: Deleting file \\?\C:\Program Files\WindowsApps\Deleted\Microsoft.MicrosoftOfficeHub_19.2608.34011.0_x64__8wekyb3d8bbwee1b6bff2-7844-4ece-a5dd-799a5f0a66ff\NoiseAsset_256X256_PNG.png failed."
"17-08-2026 11:38:30","471","Information","Microsoft-Windows-AppXDeployment-Server","error 0x12C: Deleting file \\?\C:\Program Files\WindowsApps\Deleted\Microsoft.MicrosoftOfficeHub_19.2608.34011.0_x64__8wekyb3d8bbwee1b6bff2-7844-4ece-a5dd-799a5f0a66ff\Microsoft.UI.Xaml\Assets\NoiseAsset_256X256_PNG.png failed."
"17-08-2026 11:38:30","613","Information","Microsoft-Windows-AppXDeployment-Server","Performance summary of Deployment Register operation on Package MSTeams_26183.1903.4892.4448_x64__8wekyb3d8bbwe: Failed to reach state ResolvedDeferredRegistrations
Overall time: 148844 ms (Active time: 422 ms)
Gap: 47 ms
Enqueue cost: 125 ms
Dequeue delay: 148422 ms
Gap: 15 ms
Bundle processing cost: 0 ms
Indexing cost: 0 ms
Resolve dependency cost: 16 ms
Check approval cost: 15 ms
Evaluation cost: 0 ms
Hardlinking evaluation cost: 0 ms
Stage required cost: 0 ms
Flushing and closing files cost: 0 ms
Machine register cost: 0 ms
Stage user data cost: 0 ms
Registration cost: 0 ms
Repository commit transaction cost: 0 ms
Data flush cost: 0 ms
Post DeStage repository commit transaction cost: 0 ms
Remaining cost: 204 ms
"
"17-08-2026 11:38:30","404","Error","Microsoft-Windows-AppXDeployment-Server","AppX Deployment operation failed for package MSTeams_26183.1903.4892.4448_x64__8wekyb3d8bbwe with error 0x80073D02. The specific error text for this failure is: error 0x80073D02: Unable to install because the following apps need to be closed MSTeams_26183.1903.4892.4448_x64__8wekyb3d8bbwe."
"17-08-2026 11:38:30","401","Error","Microsoft-Windows-AppXDeployment-Server","Deployment Register operation with target volume C: on Package MSTeams_26183.1903.4892.4448_x64__8wekyb3d8bbwe from:  (AppxManifest.xml)  failed with error 0x80073D02. See http://go.microsoft.com/fwlink/?LinkId=235160 for help diagnosing app deployment issues."
"17-08-2026 11:38:30","605","Information","Microsoft-Windows-AppXDeployment-Server","Error 0x80073D02: Failure in the ResolvedDeferredRegistrations state handler."
"17-08-2026 11:38:30","419","Error","Microsoft-Windows-AppXDeployment-Server","error 0x80073D02: Unable to install because the following apps need to be closed MSTeams_26183.1903.4892.4448_x64__8wekyb3d8bbwe."
"17-08-2026 11:38:30","617","Verbose","Microsoft-Windows-AppXDeployment-Server","Successfully updated the status for package MSTeams_26183.1903.4892.4448_x64__8wekyb3d8bbwe and user S-1-12-1-2357405129-1281513531-255772574-1816207334 (Clear=0x0, Set=0x400)."
"17-08-2026 11:38:30","638","Information","Microsoft-Windows-AppXDeployment-Server","Packages were not updated because affected apps are still running.  Running apps: {MSTeams_8wekyb3d8bbwe!MSTeams}, Directly serviced packages: {MSTeams_26183.1903.4892.4448_x64__8wekyb3d8bbwe}, Indirectly serviced packages: {NULL}, Number of previous attempts: 0, Is user session locked: false, Force update deferred by package: false"
"17-08-2026 11:38:30","855","Information","Microsoft-Windows-AppXDeployment-Server","Finished resolving action lists. DeploymentRequest action lists: addPackageList: MSTeams_26183.1903.4892.4448_x64__8wekyb3d8bbwe."
"17-08-2026 11:38:30","574","Information","Microsoft-Windows-AppXDeployment-Server","Preferred package version for package family is changing. Current preferred version is: MSTeams_26198.304.4946.9672_x64__8wekyb3d8bbwe. New preferred version will be: MSTeams_26183.1903.4892.4448_x64__8wekyb3d8bbwe."
"17-08-2026 11:38:30","854","Information","Microsoft-Windows-AppXDeployment-Server","Successfully added the following uri(s) to be processed:  C:\Program Files\WindowsApps\MSTeams_26183.1903.4892.4448_x64__8wekyb3d8bbwe\AppxManifest.xml."
"17-08-2026 11:38:30","607","Information","Microsoft-Windows-AppXDeployment-Server","Deployment Register operation on package MSTeams_26183.1903.4892.4448_x64__8wekyb3d8bbwe has been de-queued and is running for user SID S-1-12-1-2357405129-1281513531-255772574-1816207334."
"17-08-2026 11:38:30","10002","Verbose","Microsoft-Windows-AppXDeployment-Server","Creating Resiliency File C:\ProgramData\Microsoft\Windows\AppRepository\bb5ef7ba-634b-4402-83ee-bee601de80a2_S-1-12-1-2357405129-1281513531-255772574-1816207334_3.rslc for Register Operation on Package MSTeams_26183.1903.4892.4448_x64__8wekyb3d8bbwe."
"17-08-2026 11:38:30","613","Information","Microsoft-Windows-AppXDeployment-Server","Performance summary of Deployment Stage operation on Package MSTeams_26198.304.4946.9672_x64__8wekyb3d8bbwe: 
Overall time: 748063 ms (Active time: 4500 ms)
Enqueue cost: 4125 ms
Dequeue delay: 743563 ms
Bundle processing cost: 0 ms
Indexing cost: 31 ms
Resolve dependency cost: 15 ms
Check approval cost: 16 ms
Evaluation cost: 16 ms
Hardlinking evaluation cost: 0 ms
Stage required cost: 15 ms
Flushing and closing files cost: 0 ms
Machine register cost: 0 ms
Stage user data cost: 0 ms
Registration cost: 0 ms
Repository commit transaction cost: 78 ms
Gap: 94 ms
Data flush cost: 0 ms
Post DeStage repository commit transaction cost: 31 ms
Remaining cost: 79 ms
"
"17-08-2026 11:38:29","400","Information","Microsoft-Windows-AppXDeployment-Server","Deployment Stage operation with target volume C: on Package MSTeams_26198.304.4946.9672_x64__8wekyb3d8bbwe from:  (MSTeams-x64.msix)  finished successfully."
"17-08-2026 11:38:29","617","Verbose","Microsoft-Windows-AppXDeployment-Server","Successfully updated the status for package MSTeams_26198.304.4946.9672_x64__8wekyb3d8bbwe and user S-1-5-18 (Clear=0x10000C00, Set=0x0)."
"17-08-2026 11:38:29","854","Information","Microsoft-Windows-AppXDeployment-Server","Successfully added the following uri(s) to be processed:  https://teamsinstaller.public.onecdn.static.microsoft/production-windows-x64/26198.304.4946.9672/MSTeams-x64.msix."
"17-08-2026 11:38:29","607","Information","Microsoft-Windows-AppXDeployment-Server","Deployment Stage operation on package MSTeams_26198.304.4946.9672_x64__8wekyb3d8bbwe has been de-queued and is running for user SID S-1-12-1-2357405129-1281513531-255772574-1816207334."
"17-08-2026 11:38:29","10002","Verbose","Microsoft-Windows-AppXDeployment-Server","Creating Resiliency File C:\ProgramData\Microsoft\Windows\AppRepository\bb5ef7ba-634b-4402-83ee-bee601de80a2_S-1-12-1-2357405129-1281513531-255772574-1816207334_2.rslc for Stage Operation on Package MSTeams_26198.304.4946.9672_x64__8wekyb3d8bbwe."
"17-08-2026 11:38:29","613","Information","Microsoft-Windows-AppXDeployment-Server","Performance summary of Deployment Stage operation on Package MSTeams_26198.304.4946.9672_x64__8wekyb3d8bbwe: 
Overall time: 1347391 ms (Active time: 1347391 ms)
Enqueue cost: 157360 ms
Dequeue delay: 0 ms
Bundle processing cost: 0 ms
Indexing cost: 1406 ms
Resolve dependency cost: 16 ms
Gap: 15 ms
Check approval cost: 63 ms
Evaluation cost: 32109 ms
Hardlinking evaluation cost: 703 ms
Gap: 16 ms
Stage required cost: 1152328 ms
Flushing and closing files cost: 953 ms
Gap: 78 ms
Machine register cost: 1391 ms
Stage user data cost: 0 ms
Registration cost: 0 ms
Gap: 15 ms
Repository commit transaction cost: 2297 ms
Gap: 172 ms
Data flush cost: 0 ms
Post DeStage repository commit transaction cost: 31 ms
Remaining cost: 94 ms
"
"17-08-2026 11:38:29","400","Information","Microsoft-Windows-AppXDeployment-Server","Deployment Stage operation with target volume C: on Package MSTeams_26198.304.4946.9672_x64__8wekyb3d8bbwe from:  (d6f557c8-525a-4ded-9ed2-11935a7261a6)  finished successfully."
"17-08-2026 11:38:29","617","Verbose","Microsoft-Windows-AppXDeployment-Server","Successfully updated the status for package MSTeams_26198.304.4946.9672_x64__8wekyb3d8bbwe and user S-1-5-18 (Clear=0x10000C00, Set=0x0)."
"17-08-2026 11:36:01","603","Information","Microsoft-Windows-AppXDeployment-Server","Started deployment RegisterByPackageFamilyName operation on a package with main parameter MSTeams_8wekyb3d8bbwe and Options ForceUpdateFromAnyVersion and 0. See http://go.microsoft.com/fwlink/?LinkId=235160 for help diagnosing app deployment issues."
"17-08-2026 11:26:01","603","Information","Microsoft-Windows-AppXDeployment-Server","Started deployment Stage operation on a package with main parameter MSTeams-x64.msix and Options ForceUpdateFromAnyVersion and 0. See http://go.microsoft.com/fwlink/?LinkId=235160 for help diagnosing app deployment issues."
"17-08-2026 11:18:39","574","Information","Microsoft-Windows-AppXDeployment-Server","Preferred package version for package family is changing. Current preferred version is: MSTeams_26183.1903.4892.4448_x64__8wekyb3d8bbwe. New preferred version will be: MSTeams_26198.304.4946.9672_x64__8wekyb3d8bbwe."
"17-08-2026 11:18:39","854","Information","Microsoft-Windows-AppXDeployment-Server","Successfully added the following uri(s) to be processed:  https://sb.teams.static.microsoft/filestreamingservice/files/d6f557c8-525a-4ded-9ed2-11935a7261a6."
"17-08-2026 11:18:39","607","Information","Microsoft-Windows-AppXDeployment-Server","Deployment Stage operation on package MSTeams_26198.304.4946.9672_x64__8wekyb3d8bbwe has been de-queued and is running for user SID S-1-12-1-2357405129-1281513531-255772574-1816207334."
"17-08-2026 11:18:39","10002","Verbose","Microsoft-Windows-AppXDeployment-Server","Creating Resiliency File C:\ProgramData\Microsoft\Windows\AppRepository\bb5ef7ba-634b-4402-83ee-bee601de80a2_S-1-12-1-2357405129-1281513531-255772574-1816207334_1.rslc for Stage Operation on Package MSTeams_26198.304.4946.9672_x64__8wekyb3d8bbwe."
"17-08-2026 11:16:01","603","Information","Microsoft-Windows-AppXDeployment-Server","Started deployment Stage operation on a package with main parameter d6f557c8-525a-4ded-9ed2-11935a7261a6 and Options ForceUpdateFromAnyVersion and 0. See http://go.microsoft.com/fwlink/?LinkId=235160 for help diagnosing app deployment issues."
"17-08-2026 11:16:01","940","Information","Microsoft-Windows-AppXDeployment-Server","Appxsvc lifecycle transition to Running (Checkpoint=4)"
"17-08-2026 11:16:01","939","Information","Microsoft-Windows-AppXDeployment-Server","Appxsvc lifecycle transition to Starting (Checkpoint=2)"
"17-08-2026 10:52:12","942","Information","Microsoft-Windows-AppXDeployment-Server","Appxsvc lifecycle transition to Stopped (Checkpoint=8)"
"17-08-2026 10:52:12","941","Information","Microsoft-Windows-AppXDeployment-Server","Appxsvc lifecycle transition to Stopping (Checkpoint=5)"
"17-08-2026 10:47:12","493","Warning","Microsoft-Windows-AppXDeployment-Server","There were 4 additional files that failed to be deleted under the folder \\?\C:\Program Files\WindowsApps\Deleted."
"17-08-2026 10:47:12","471","Information","Microsoft-Windows-AppXDeployment-Server","error 0x5: Deleting file \\?\C:\Program Files\WindowsApps\Deleted\Microsoft.MicrosoftOfficeHub_19.2608.34011.0_x64__8wekyb3d8bbwee1b6bff2-7844-4ece-a5dd-799a5f0a66ff\resources.pri failed."
"17-08-2026 10:47:12","471","Information","Microsoft-Windows-AppXDeployment-Server","error 0x12C: Deleting file \\?\C:\Program Files\WindowsApps\Deleted\Microsoft.MicrosoftOfficeHub_19.2608.34011.0_x64__8wekyb3d8bbwee1b6bff2-7844-4ece-a5dd-799a5f0a66ff\NoiseAsset_256X256_PNG.png failed."
"17-08-2026 10:47:12","471","Information","Microsoft-Windows-AppXDeployment-Server","error 0x12C: Deleting file \\?\C:\Program Files\WindowsApps\Deleted\Microsoft.MicrosoftOfficeHub_19.2608.34011.0_x64__8wekyb3d8bbwee1b6bff2-7844-4ece-a5dd-799a5f0a66ff\Microsoft.UI.Xaml\Assets\NoiseAsset_256X256_PNG.png failed."
"17-08-2026 10:41:12","493","Warning","Microsoft-Windows-AppXDeployment-Server","There were 4 additional files that failed to be deleted under the folder \\?\C:\Program Files\WindowsApps\Deleted."
"17-08-2026 10:41:12","471","Information","Microsoft-Windows-AppXDeployment-Server","error 0x5: Deleting file \\?\C:\Program Files\WindowsApps\Deleted\Microsoft.MicrosoftOfficeHub_19.2608.34011.0_x64__8wekyb3d8bbwee1b6bff2-7844-4ece-a5dd-799a5f0a66ff\resources.pri failed."
"17-08-2026 10:41:12","471","Information","Microsoft-Windows-AppXDeployment-Server","error 0x12C: Deleting file \\?\C:\Program Files\WindowsApps\Deleted\Microsoft.MicrosoftOfficeHub_19.2608.34011.0_x64__8wekyb3d8bbwee1b6bff2-7844-4ece-a5dd-799a5f0a66ff\NoiseAsset_256X256_PNG.png failed."
"17-08-2026 10:41:12","471","Information","Microsoft-Windows-AppXDeployment-Server","error 0x12C: Deleting file \\?\C:\Program Files\WindowsApps\Deleted\Microsoft.MicrosoftOfficeHub_19.2608.34011.0_x64__8wekyb3d8bbwee1b6bff2-7844-4ece-a5dd-799a5f0a66ff\Microsoft.UI.Xaml\Assets\NoiseAsset_256X256_PNG.png failed."
"17-08-2026 10:35:12","940","Information","Microsoft-Windows-AppXDeployment-Server","Appxsvc lifecycle transition to Running (Checkpoint=4)"
"17-08-2026 10:35:12","939","Information","Microsoft-Windows-AppXDeployment-Server","Appxsvc lifecycle transition to Starting (Checkpoint=2)"
"17-08-2026 10:18:33","942","Information","Microsoft-Windows-AppXDeployment-Server","Appxsvc lifecycle transition to Stopped (Checkpoint=8)"
"17-08-2026 10:18:32","941","Information","Microsoft-Windows-AppXDeployment-Server","Appxsvc lifecycle transition to Stopping (Checkpoint=5)"
"17-08-2026 10:13:32","493","Warning","Microsoft-Windows-AppXDeployment-Server","There were 4 additional files that failed to be deleted under the folder \\?\C:\Program Files\WindowsApps\Deleted."
"17-08-2026 10:13:32","471","Information","Microsoft-Windows-AppXDeployment-Server","error 0x5: Deleting file \\?\C:\Program Files\WindowsApps\Deleted\Microsoft.MicrosoftOfficeHub_19.2608.34011.0_x64__8wekyb3d8bbwee1b6bff2-7844-4ece-a5dd-799a5f0a66ff\resources.pri failed."
"17-08-2026 10:13:32","471","Information","Microsoft-Windows-AppXDeployment-Server","error 0x12C: Deleting file \\?\C:\Program Files\WindowsApps\Deleted\Microsoft.MicrosoftOfficeHub_19.2608.34011.0_x64__8wekyb3d8bbwee1b6bff2-7844-4ece-a5dd-799a5f0a66ff\NoiseAsset_256X256_PNG.png failed."
"17-08-2026 10:13:32","471","Information","Microsoft-Windows-AppXDeployment-Server","error 0x12C: Deleting file \\?\C:\Program Files\WindowsApps\Deleted\Microsoft.MicrosoftOfficeHub_19.2608.34011.0_x64__8wekyb3d8bbwee1b6bff2-7844-4ece-a5dd-799a5f0a66ff\Microsoft.UI.Xaml\Assets\NoiseAsset_256X256_PNG.png failed."
"17-08-2026 10:07:32","493","Warning","Microsoft-Windows-AppXDeployment-Server","There were 4 additional files that failed to be deleted under the folder \\?\C:\Program Files\WindowsApps\Deleted."
"17-08-2026 10:07:32","471","Information","Microsoft-Windows-AppXDeployment-Server","error 0x5: Deleting file \\?\C:\Program Files\WindowsApps\Deleted\Microsoft.MicrosoftOfficeHub_19.2608.34011.0_x64__8wekyb3d8bbwee1b6bff2-7844-4ece-a5dd-799a5f0a66ff\resources.pri failed."
"17-08-2026 10:07:32","471","Information","Microsoft-Windows-AppXDeployment-Server","error 0x12C: Deleting file \\?\C:\Program Files\WindowsApps\Deleted\Microsoft.MicrosoftOfficeHub_19.2608.34011.0_x64__8wekyb3d8bbwee1b6bff2-7844-4ece-a5dd-799a5f0a66ff\NoiseAsset_256X256_PNG.png failed."
"17-08-2026 10:07:32","471","Information","Microsoft-Windows-AppXDeployment-Server","error 0x12C: Deleting file \\?\C:\Program Files\WindowsApps\Deleted\Microsoft.MicrosoftOfficeHub_19.2608.34011.0_x64__8wekyb3d8bbwee1b6bff2-7844-4ece-a5dd-799a5f0a66ff\Microsoft.UI.Xaml\Assets\NoiseAsset_256X256_PNG.png failed."
"17-08-2026 10:04:34","493","Warning","Microsoft-Windows-AppXDeployment-Server","There were 4 additional files that failed to be deleted under the folder \\?\C:\Program Files\WindowsApps\Deleted."
"17-08-2026 10:04:26","822","Verbose","Microsoft-Windows-AppXDeployment-Server","Updating registry for package Microsoft.OfficePushNotificationUtility_16.0.20228.20188_neutral__8wekyb3d8bbwe completed with result: 0x0."
"17-08-2026 10:04:26","471","Information","Microsoft-Windows-AppXDeployment-Server","error 0x5: Deleting file \\?\C:\Program Files\WindowsApps\Deleted\Microsoft.MicrosoftOfficeHub_19.2608.34011.0_x64__8wekyb3d8bbwee1b6bff2-7844-4ece-a5dd-799a5f0a66ff\resources.pri failed."
"17-08-2026 10:04:26","471","Information","Microsoft-Windows-AppXDeployment-Server","error 0x12C: Deleting file \\?\C:\Program Files\WindowsApps\Deleted\Microsoft.MicrosoftOfficeHub_19.2608.34011.0_x64__8wekyb3d8bbwee1b6bff2-7844-4ece-a5dd-799a5f0a66ff\NoiseAsset_256X256_PNG.png failed."
"17-08-2026 10:04:26","471","Information","Microsoft-Windows-AppXDeployment-Server","error 0x12C: Deleting file \\?\C:\Program Files\WindowsApps\Deleted\Microsoft.MicrosoftOfficeHub_19.2608.34011.0_x64__8wekyb3d8bbwee1b6bff2-7844-4ece-a5dd-799a5f0a66ff\Microsoft.UI.Xaml\Assets\NoiseAsset_256X256_PNG.png failed."
"17-08-2026 10:04:26","821","Verbose","Microsoft-Windows-AppXDeployment-Server","During-logon registration of package Microsoft.OfficePushNotificationUtility_16.0.20228.20188_neutral__8wekyb3d8bbwe for user S-1-12-1-2357405129-1281513531-255772574-1816207334 finished with result: 0x0; updating registry..."
"17-08-2026 10:04:26","613","Information","Microsoft-Windows-AppXDeployment-Server","Performance summary of Deployment Register operation on Package Microsoft.OfficePushNotificationUtility_16.0.20228.20188_neutral__8wekyb3d8bbwe: 
Overall time: 1938 ms (Active time: 1938 ms)
Enqueue cost: 31 ms
Dequeue delay: 0 ms
Bundle processing cost: 0 ms
Indexing cost: 16 ms
Resolve dependency cost: 31 ms
Gap: 16 ms
Check approval cost: 16 ms
Evaluation cost: 0 ms
Hardlinking evaluation cost: 0 ms
Stage required cost: 0 ms
Flushing and closing files cost: 0 ms
Gap: 78 ms
Machine register cost: 0 ms
Stage user data cost: 0 ms
Gap: 15 ms
Registration cost: 328 ms
Gap: 110 ms
Repository commit transaction cost: 156 ms
Gap: 781 ms
Data flush cost: 328 ms
Post DeStage repository commit transaction cost: 16 ms
Remaining cost: 16 ms
"
"17-08-2026 10:04:25","472","Verbose","Microsoft-Windows-AppXDeployment-Server","Moving package folder \\?\C:\Program Files\WindowsApps\Microsoft.OfficePushNotificationUtility_16.0.20131.20152_neutral__8wekyb3d8bbwe to \\?\C:\Program Files\WindowsApps\Deleted\Microsoft.OfficePushNotificationUtility_16.0.20131.20152_neutral__8wekyb3d8bbwef6e2cc2a-ac4c-4ff9-b2cd-532a55fa393c. Result: 0x0."
