"27-07-2026 09:15:04","1040","Information","Microsoft-Windows-SMBServer","Received Mib notification type MibParameterNotification for interface 12"
"27-07-2026 09:14:46","1040","Information","Microsoft-Windows-SMBServer","Received Mib notification type MibParameterNotification for interface 12"
"27-07-2026 09:14:43","1010","Information","Microsoft-Windows-SMBServer","Endpoint added.

Name: LIND55MBVC4     
Domain Name: WORKGROUP
Transport Name: \Device\NetBT_Tcpip_{556D9BDF-D387-4AB9-BE4C-A7E220FAF218}
Transport Flags: 0x1

Guidance:

You should expect this event when the server starts listening on an interface, such as during system restart or when enabling a network adaptor. No user action is required."
"27-07-2026 09:14:42","1040","Information","Microsoft-Windows-SMBServer","Received Mib notification type MibAddInstance for interface 12"
"27-07-2026 09:14:42","1034","Information","Microsoft-Windows-SMBServer","Send RDMA Endpoint notification failure - Error updating transport list for device \Device\RdmaSmbIpv4_169.254.87.183. Object Name not found.."
"27-07-2026 09:14:42","1033","Information","Microsoft-Windows-SMBServer","Sent RDMA disabled event to LanmanServer for interface \Device\RdmaSmbIpv4_169.254.87.183."
"27-07-2026 09:14:42","1040","Information","Microsoft-Windows-SMBServer","Received Mib notification type MibDeleteInstance for interface 12"
"27-07-2026 09:14:41","1034","Information","Microsoft-Windows-SMBServer","Send RDMA Endpoint notification failure - DadState is different from IpDadStatePreferred for interface 18. Current DadState: 1."
"27-07-2026 09:14:41","1040","Information","Microsoft-Windows-SMBServer","Received Mib notification type MibAddInstance for interface 18"
"27-07-2026 09:14:40","1034","Information","Microsoft-Windows-SMBServer","Send RDMA Endpoint notification failure - DadState is different from IpDadStatePreferred for interface 2. Current DadState: 1."
"27-07-2026 09:14:40","1040","Information","Microsoft-Windows-SMBServer","Received Mib notification type MibAddInstance for interface 2"
"27-07-2026 09:14:38","1034","Information","Microsoft-Windows-SMBServer","Send RDMA Endpoint notification failure - DadState is different from IpDadStatePreferred for interface 7. Current DadState: 1."
"27-07-2026 09:14:38","1040","Information","Microsoft-Windows-SMBServer","Received Mib notification type MibAddInstance for interface 7"
"27-07-2026 09:14:38","1034","Information","Microsoft-Windows-SMBServer","Send RDMA Endpoint notification failure - DadState is different from IpDadStatePreferred for interface 12. Current DadState: 1."
"27-07-2026 09:14:38","1040","Information","Microsoft-Windows-SMBServer","Received Mib notification type MibAddInstance for interface 12"
"27-07-2026 09:14:35","1034","Information","Microsoft-Windows-SMBServer","Send RDMA Endpoint notification failure - DadState is different from IpDadStatePreferred for interface 18. Current DadState: 3."
"27-07-2026 09:14:35","1040","Information","Microsoft-Windows-SMBServer","Received Mib notification type MibAddInstance for interface 18"
"27-07-2026 09:14:34","1034","Information","Microsoft-Windows-SMBServer","Send RDMA Endpoint notification failure - DadState is different from IpDadStatePreferred for interface 2. Current DadState: 3."
"27-07-2026 09:14:34","1040","Information","Microsoft-Windows-SMBServer","Received Mib notification type MibAddInstance for interface 2"
"27-07-2026 09:14:32","1011","Information","Microsoft-Windows-SMBServer","Endpoint removed.

Name: 
Domain Name: 
Transport Name: \Device\NetBT_Tcpip_{556D9BDF-D387-4AB9-BE4C-A7E220FAF218}

Guidance:

You should expect this event when the server stops listening on an interface, such as during shutdown or when disabling a network adaptor. No user action is required."
"27-07-2026 09:14:32","1034","Information","Microsoft-Windows-SMBServer","Send RDMA Endpoint notification failure - DadState is different from IpDadStatePreferred for interface 7. Current DadState: 3."
"27-07-2026 09:14:32","1040","Information","Microsoft-Windows-SMBServer","Received Mib notification type MibAddInstance for interface 7"
"27-07-2026 09:14:32","1034","Information","Microsoft-Windows-SMBServer","Send RDMA Endpoint notification failure - Error updating transport list for device \Device\RdmaSmbIpv4_10.243.80.136. Object Name not found.."
"27-07-2026 09:14:32","1033","Information","Microsoft-Windows-SMBServer","Sent RDMA disabled event to LanmanServer for interface \Device\RdmaSmbIpv4_10.243.80.136."
"27-07-2026 09:14:32","1040","Information","Microsoft-Windows-SMBServer","Received Mib notification type MibDeleteInstance for interface 12"
"27-07-2026 09:14:32","1034","Information","Microsoft-Windows-SMBServer","Send RDMA Endpoint notification failure - Error getting unicast ip address entry for interface 12. The object was not found."
"27-07-2026 09:14:32","1040","Information","Microsoft-Windows-SMBServer","Received Mib notification type MibParameterNotification for interface 12"
"24-07-2026 23:56:28","1034","Information","Microsoft-Windows-SMBServer","Send RDMA Endpoint notification failure - Error updating transport list for device \Device\RdmaSmbIpv6_fe80::f182:c255:d23c:6188. Object Name not found.."
"24-07-2026 23:56:28","1033","Information","Microsoft-Windows-SMBServer","Sent RDMA disabled event to LanmanServer for interface \Device\RdmaSmbIpv6_fe80::f182:c255:d23c:6188."
"24-07-2026 23:56:28","1040","Information","Microsoft-Windows-SMBServer","Received Mib notification type MibDeleteInstance for interface 2"
"24-07-2026 23:56:28","1034","Information","Microsoft-Windows-SMBServer","Send RDMA Endpoint notification failure - Error updating transport list for device \Device\RdmaSmbIpv6_fe80::f182:c255:d23c:6188. Object Name not found.."
"24-07-2026 23:56:28","1033","Information","Microsoft-Windows-SMBServer","Sent RDMA disabled event to LanmanServer for interface \Device\RdmaSmbIpv6_fe80::f182:c255:d23c:6188."
"24-07-2026 23:56:28","1034","Information","Microsoft-Windows-SMBServer","Send RDMA Endpoint notification failure - Error updating transport list for device \Device\RdmaSmbIpv4_169.254.199.145. Object Name not found.."
"24-07-2026 23:56:28","1033","Information","Microsoft-Windows-SMBServer","Sent RDMA disabled event to LanmanServer for interface \Device\RdmaSmbIpv4_169.254.199.145."
"24-07-2026 23:56:28","1040","Information","Microsoft-Windows-SMBServer","Received Mib notification type MibDeleteInstance for interface 2"
"24-07-2026 23:56:27","1034","Information","Microsoft-Windows-SMBServer","Send RDMA Endpoint notification failure - Error updating transport list for device \Device\RdmaSmbIpv6_fe80::d6b8:fc88:a362:3737. Object Name not found.."
"24-07-2026 23:56:27","1033","Information","Microsoft-Windows-SMBServer","Sent RDMA disabled event to LanmanServer for interface \Device\RdmaSmbIpv6_fe80::d6b8:fc88:a362:3737."
"24-07-2026 23:56:27","1040","Information","Microsoft-Windows-SMBServer","Received Mib notification type MibDeleteInstance for interface 6"
"24-07-2026 23:56:27","1034","Information","Microsoft-Windows-SMBServer","Send RDMA Endpoint notification failure - Error updating transport list for device \Device\RdmaSmbIpv4_169.254.228.76. Object Name not found.."
"24-07-2026 23:56:27","1033","Information","Microsoft-Windows-SMBServer","Sent RDMA disabled event to LanmanServer for interface \Device\RdmaSmbIpv4_169.254.228.76."
"24-07-2026 23:56:27","1040","Information","Microsoft-Windows-SMBServer","Received Mib notification type MibDeleteInstance for interface 6"
"24-07-2026 23:56:26","1034","Information","Microsoft-Windows-SMBServer","Send RDMA Endpoint notification failure - Error updating transport list for device \Device\RdmaSmbIpv6_fe80::96b5:2380:ef58:27cb. Object Name not found.."
"24-07-2026 23:56:26","1033","Information","Microsoft-Windows-SMBServer","Sent RDMA disabled event to LanmanServer for interface \Device\RdmaSmbIpv6_fe80::96b5:2380:ef58:27cb."
"24-07-2026 23:56:26","1040","Information","Microsoft-Windows-SMBServer","Received Mib notification type MibDeleteInstance for interface 7"
"24-07-2026 23:56:26","1034","Information","Microsoft-Windows-SMBServer","Send RDMA Endpoint notification failure - Error updating transport list for device \Device\RdmaSmbIpv4_169.254.241.136. Object Name not found.."
"24-07-2026 23:56:26","1033","Information","Microsoft-Windows-SMBServer","Sent RDMA disabled event to LanmanServer for interface \Device\RdmaSmbIpv4_169.254.241.136."
"24-07-2026 23:56:26","1040","Information","Microsoft-Windows-SMBServer","Received Mib notification type MibDeleteInstance for interface 7"
"24-07-2026 23:55:52","1010","Information","Microsoft-Windows-SMBServer","Endpoint added.

Name: LIND55MBVC4     
Domain Name: WORKGROUP
Transport Name: \Device\NetBT_Tcpip_{556D9BDF-D387-4AB9-BE4C-A7E220FAF218}
Transport Flags: 0x1

Guidance:

You should expect this event when the server starts listening on an interface, such as during system restart or when enabling a network adaptor. No user action is required."
"24-07-2026 23:55:52","1040","Information","Microsoft-Windows-SMBServer","Received Mib notification type MibParameterNotification for interface 12"
"24-07-2026 18:48:02","1011","Information","Microsoft-Windows-SMBServer","Endpoint removed.

Name: 
Domain Name: 
Transport Name: \Device\NetBT_Tcpip_{556D9BDF-D387-4AB9-BE4C-A7E220FAF218}

Guidance:

You should expect this event when the server stops listening on an interface, such as during shutdown or when disabling a network adaptor. No user action is required."
"24-07-2026 18:48:01","1034","Information","Microsoft-Windows-SMBServer","Send RDMA Endpoint notification failure - Error updating transport list for device \Device\RdmaSmbIpv4_10.243.80.136. Object Name not found.."
"24-07-2026 18:48:01","1033","Information","Microsoft-Windows-SMBServer","Sent RDMA disabled event to LanmanServer for interface \Device\RdmaSmbIpv4_10.243.80.136."
"24-07-2026 18:48:01","1040","Information","Microsoft-Windows-SMBServer","Received Mib notification type MibParameterNotification for interface 12"
"24-07-2026 18:30:25","1034","Information","Microsoft-Windows-SMBServer","Send RDMA Endpoint notification failure - Error updating transport list for device \Device\RdmaSmbIpv4_169.254.147.155. Object Name not found.."
"24-07-2026 18:30:25","1033","Information","Microsoft-Windows-SMBServer","Sent RDMA disabled event to LanmanServer for interface \Device\RdmaSmbIpv4_169.254.147.155."
"24-07-2026 18:30:25","1040","Information","Microsoft-Windows-SMBServer","Received Mib notification type MibDeleteInstance for interface 18"
"24-07-2026 18:30:25","1034","Information","Microsoft-Windows-SMBServer","Send RDMA Endpoint notification failure - Error updating transport list for device \Device\RdmaSmbIpv6_fe80::a6d1:dfb3:7876:aaf0. Object Name not found.."
"24-07-2026 18:30:25","1033","Information","Microsoft-Windows-SMBServer","Sent RDMA disabled event to LanmanServer for interface \Device\RdmaSmbIpv6_fe80::a6d1:dfb3:7876:aaf0."
"24-07-2026 18:30:25","1040","Information","Microsoft-Windows-SMBServer","Received Mib notification type MibDeleteInstance for interface 18"
"24-07-2026 18:24:34","1034","Information","Microsoft-Windows-SMBServer","Send RDMA Endpoint notification failure - Error updating transport list for device \Device\RdmaSmbIpv4_169.254.10.179. Object Name not found.."
"24-07-2026 18:24:34","1033","Information","Microsoft-Windows-SMBServer","Sent RDMA disabled event to LanmanServer for interface \Device\RdmaSmbIpv4_169.254.10.179."
"24-07-2026 18:24:34","1040","Information","Microsoft-Windows-SMBServer","Received Mib notification type MibDeleteInstance for interface 14"
"24-07-2026 09:31:58","1034","Information","Microsoft-Windows-SMBServer","Send RDMA Endpoint notification failure - DadState is different from IpDadStatePreferred for interface 6. Current DadState: 1."
"24-07-2026 09:31:58","1040","Information","Microsoft-Windows-SMBServer","Received Mib notification type MibAddInstance for interface 6"
"24-07-2026 09:31:52","1034","Information","Microsoft-Windows-SMBServer","Send RDMA Endpoint notification failure - DadState is different from IpDadStatePreferred for interface 6. Current DadState: 3."
"24-07-2026 09:31:52","1040","Information","Microsoft-Windows-SMBServer","Received Mib notification type MibAddInstance for interface 6"
"24-07-2026 09:30:13","1034","Information","Microsoft-Windows-SMBServer","Send RDMA Endpoint notification failure - DadState is different from IpDadStatePreferred for interface 2. Current DadState: 1."
"24-07-2026 09:30:13","1040","Information","Microsoft-Windows-SMBServer","Received Mib notification type MibAddInstance for interface 2"
"24-07-2026 09:30:11","1040","Information","Microsoft-Windows-SMBServer","Received Mib notification type MibParameterNotification for interface 12"
"24-07-2026 09:30:08","1010","Information","Microsoft-Windows-SMBServer","Endpoint added.

Name: LIND55MBVC4     
Domain Name: WORKGROUP
Transport Name: \Device\NetBT_Tcpip_{556D9BDF-D387-4AB9-BE4C-A7E220FAF218}
Transport Flags: 0x1

Guidance:

You should expect this event when the server starts listening on an interface, such as during system restart or when enabling a network adaptor. No user action is required."
"24-07-2026 09:30:08","1040","Information","Microsoft-Windows-SMBServer","Received Mib notification type MibAddInstance for interface 12"
"24-07-2026 09:30:07","1034","Information","Microsoft-Windows-SMBServer","Send RDMA Endpoint notification failure - DadState is different from IpDadStatePreferred for interface 18. Current DadState: 1."
"24-07-2026 09:30:07","1040","Information","Microsoft-Windows-SMBServer","Received Mib notification type MibAddInstance for interface 18"
"24-07-2026 09:30:07","1034","Information","Microsoft-Windows-SMBServer","Send RDMA Endpoint notification failure - DadState is different from IpDadStatePreferred for interface 2. Current DadState: 3."
"24-07-2026 09:30:07","1040","Information","Microsoft-Windows-SMBServer","Received Mib notification type MibAddInstance for interface 2"
"24-07-2026 09:30:03","1011","Information","Microsoft-Windows-SMBServer","Endpoint removed.

Name: 
Domain Name: 
Transport Name: \Device\NetBT_Tcpip_{556D9BDF-D387-4AB9-BE4C-A7E220FAF218}

Guidance:

You should expect this event when the server stops listening on an interface, such as during shutdown or when disabling a network adaptor. No user action is required."
"24-07-2026 09:30:03","1034","Information","Microsoft-Windows-SMBServer","Send RDMA Endpoint notification failure - Error updating transport list for device \Device\RdmaSmbIpv4_10.243.80.136. Object Name not found.."
"24-07-2026 09:30:03","1033","Information","Microsoft-Windows-SMBServer","Sent RDMA disabled event to LanmanServer for interface \Device\RdmaSmbIpv4_10.243.80.136."
"24-07-2026 09:30:03","1040","Information","Microsoft-Windows-SMBServer","Received Mib notification type MibDeleteInstance for interface 12"
"24-07-2026 09:30:03","1034","Information","Microsoft-Windows-SMBServer","Send RDMA Endpoint notification failure - Error updating transport list for device \Device\RdmaSmbIpv6_fe80::f182:c255:d23c:6188. Object Name not found.."
"24-07-2026 09:30:03","1033","Information","Microsoft-Windows-SMBServer","Sent RDMA disabled event to LanmanServer for interface \Device\RdmaSmbIpv6_fe80::f182:c255:d23c:6188."
"24-07-2026 09:30:03","1040","Information","Microsoft-Windows-SMBServer","Received Mib notification type MibDeleteInstance for interface 2"
"24-07-2026 09:30:03","1034","Information","Microsoft-Windows-SMBServer","Send RDMA Endpoint notification failure - Error updating transport list for device \Device\RdmaSmbIpv6_fe80::f182:c255:d23c:6188. Object Name not found.."
"24-07-2026 09:30:03","1033","Information","Microsoft-Windows-SMBServer","Sent RDMA disabled event to LanmanServer for interface \Device\RdmaSmbIpv6_fe80::f182:c255:d23c:6188."
"24-07-2026 09:30:03","1034","Information","Microsoft-Windows-SMBServer","Send RDMA Endpoint notification failure - Error updating transport list for device \Device\RdmaSmbIpv4_169.254.199.145. Object Name not found.."
"24-07-2026 09:30:03","1033","Information","Microsoft-Windows-SMBServer","Sent RDMA disabled event to LanmanServer for interface \Device\RdmaSmbIpv4_169.254.199.145."
"24-07-2026 09:30:03","1040","Information","Microsoft-Windows-SMBServer","Received Mib notification type MibDeleteInstance for interface 2"
"24-07-2026 09:30:01","1034","Information","Microsoft-Windows-SMBServer","Send RDMA Endpoint notification failure - DadState is different from IpDadStatePreferred for interface 18. Current DadState: 3."
"24-07-2026 09:30:01","1040","Information","Microsoft-Windows-SMBServer","Received Mib notification type MibAddInstance for interface 18"
"24-07-2026 09:29:50","1034","Information","Microsoft-Windows-SMBServer","Send RDMA Endpoint notification failure - DadState is different from IpDadStatePreferred for interface 7. Current DadState: 1."
"24-07-2026 09:29:50","1040","Information","Microsoft-Windows-SMBServer","Received Mib notification type MibAddInstance for interface 7"
"24-07-2026 09:29:50","1034","Information","Microsoft-Windows-SMBServer","Send RDMA Endpoint notification failure - DadState is different from IpDadStatePreferred for interface 2. Current DadState: 1."
"24-07-2026 09:29:50","1040","Information","Microsoft-Windows-SMBServer","Received Mib notification type MibAddInstance for interface 2"
"24-07-2026 09:29:48","1040","Information","Microsoft-Windows-SMBServer","Received Mib notification type MibParameterNotification for interface 12"
"24-07-2026 09:29:43","1034","Information","Microsoft-Windows-SMBServer","Send RDMA Endpoint notification failure - DadState is different from IpDadStatePreferred for interface 7. Current DadState: 3."
"24-07-2026 09:29:43","1040","Information","Microsoft-Windows-SMBServer","Received Mib notification type MibAddInstance for interface 7"
"24-07-2026 09:29:43","1034","Information","Microsoft-Windows-SMBServer","Send RDMA Endpoint notification failure - DadState is different from IpDadStatePreferred for interface 2. Current DadState: 3."
"24-07-2026 09:29:43","1040","Information","Microsoft-Windows-SMBServer","Received Mib notification type MibAddInstance for interface 2"
"24-07-2026 03:22:30","1034","Information","Microsoft-Windows-SMBServer","Send RDMA Endpoint notification failure - Error updating transport list for device \Device\RdmaSmbIpv6_fe80::f182:c255:d23c:6188. Object Name not found.."
"24-07-2026 03:22:30","1033","Information","Microsoft-Windows-SMBServer","Sent RDMA disabled event to LanmanServer for interface \Device\RdmaSmbIpv6_fe80::f182:c255:d23c:6188."
"24-07-2026 03:22:30","1034","Information","Microsoft-Windows-SMBServer","Send RDMA Endpoint notification failure - Error updating transport list for device \Device\RdmaSmbIpv4_169.254.199.145. Object Name not found.."
"24-07-2026 03:22:30","1040","Information","Microsoft-Windows-SMBServer","Received Mib notification type MibDeleteInstance for interface 2"
"24-07-2026 03:22:30","1033","Information","Microsoft-Windows-SMBServer","Sent RDMA disabled event to LanmanServer for interface \Device\RdmaSmbIpv4_169.254.199.145."
"24-07-2026 03:22:30","1040","Information","Microsoft-Windows-SMBServer","Received Mib notification type MibDeleteInstance for interface 2"
"24-07-2026 03:22:30","1034","Information","Microsoft-Windows-SMBServer","Send RDMA Endpoint notification failure - Error updating transport list for device \Device\RdmaSmbIpv6_fe80::d6b8:fc88:a362:3737. Object Name not found.."
"24-07-2026 03:22:30","1033","Information","Microsoft-Windows-SMBServer","Sent RDMA disabled event to LanmanServer for interface \Device\RdmaSmbIpv6_fe80::d6b8:fc88:a362:3737."
"24-07-2026 03:22:30","1040","Information","Microsoft-Windows-SMBServer","Received Mib notification type MibDeleteInstance for interface 6"
"24-07-2026 03:22:30","1034","Information","Microsoft-Windows-SMBServer","Send RDMA Endpoint notification failure - Error updating transport list for device \Device\RdmaSmbIpv4_169.254.228.76. Object Name not found.."
"24-07-2026 03:22:30","1033","Information","Microsoft-Windows-SMBServer","Sent RDMA disabled event to LanmanServer for interface \Device\RdmaSmbIpv4_169.254.228.76."
"24-07-2026 03:22:30","1040","Information","Microsoft-Windows-SMBServer","Received Mib notification type MibDeleteInstance for interface 6"
"24-07-2026 03:22:29","1034","Information","Microsoft-Windows-SMBServer","Send RDMA Endpoint notification failure - Error updating transport list for device \Device\RdmaSmbIpv6_fe80::96b5:2380:ef58:27cb. Object Name not found.."
"24-07-2026 03:22:29","1033","Information","Microsoft-Windows-SMBServer","Sent RDMA disabled event to LanmanServer for interface \Device\RdmaSmbIpv6_fe80::96b5:2380:ef58:27cb."
"24-07-2026 03:22:29","1040","Information","Microsoft-Windows-SMBServer","Received Mib notification type MibDeleteInstance for interface 7"
"24-07-2026 03:22:29","1034","Information","Microsoft-Windows-SMBServer","Send RDMA Endpoint notification failure - Error updating transport list for device \Device\RdmaSmbIpv4_169.254.241.136. Object Name not found.."
"24-07-2026 03:22:29","1033","Information","Microsoft-Windows-SMBServer","Sent RDMA disabled event to LanmanServer for interface \Device\RdmaSmbIpv4_169.254.241.136."
"24-07-2026 03:22:29","1040","Information","Microsoft-Windows-SMBServer","Received Mib notification type MibDeleteInstance for interface 7"
"24-07-2026 03:22:19","1010","Information","Microsoft-Windows-SMBServer","Endpoint added.

Name: LIND55MBVC4     
Domain Name: WORKGROUP
Transport Name: \Device\NetBT_Tcpip_{556D9BDF-D387-4AB9-BE4C-A7E220FAF218}
Transport Flags: 0x1

Guidance:

You should expect this event when the server starts listening on an interface, such as during system restart or when enabling a network adaptor. No user action is required."
"24-07-2026 03:22:19","1040","Information","Microsoft-Windows-SMBServer","Received Mib notification type MibParameterNotification for interface 12"
"23-07-2026 19:20:01","1011","Information","Microsoft-Windows-SMBServer","Endpoint removed.

Name: 
Domain Name: 
Transport Name: \Device\NetBT_Tcpip_{556D9BDF-D387-4AB9-BE4C-A7E220FAF218}

Guidance:

You should expect this event when the server stops listening on an interface, such as during shutdown or when disabling a network adaptor. No user action is required."
"23-07-2026 19:20:01","1034","Information","Microsoft-Windows-SMBServer","Send RDMA Endpoint notification failure - Error updating transport list for device \Device\RdmaSmbIpv4_10.243.80.136. Object Name not found.."
"23-07-2026 19:20:01","1033","Information","Microsoft-Windows-SMBServer","Sent RDMA disabled event to LanmanServer for interface \Device\RdmaSmbIpv4_10.243.80.136."
"23-07-2026 19:20:01","1040","Information","Microsoft-Windows-SMBServer","Received Mib notification type MibParameterNotification for interface 12"
"23-07-2026 18:22:18","1034","Information","Microsoft-Windows-SMBServer","Send RDMA Endpoint notification failure - DadState is different from IpDadStatePreferred for interface 6. Current DadState: 1."
"23-07-2026 18:22:18","1040","Information","Microsoft-Windows-SMBServer","Received Mib notification type MibAddInstance for interface 6"
"23-07-2026 18:22:12","1034","Information","Microsoft-Windows-SMBServer","Send RDMA Endpoint notification failure - DadState is different from IpDadStatePreferred for interface 6. Current DadState: 3."
"23-07-2026 18:22:12","1040","Information","Microsoft-Windows-SMBServer","Received Mib notification type MibAddInstance for interface 6"
"23-07-2026 18:20:33","1034","Information","Microsoft-Windows-SMBServer","Send RDMA Endpoint notification failure - DadState is different from IpDadStatePreferred for interface 2. Current DadState: 1."
"23-07-2026 18:20:33","1040","Information","Microsoft-Windows-SMBServer","Received Mib notification type MibAddInstance for interface 2"
"23-07-2026 18:20:31","1040","Information","Microsoft-Windows-SMBServer","Received Mib notification type MibParameterNotification for interface 12"
"23-07-2026 18:20:28","1010","Information","Microsoft-Windows-SMBServer","Endpoint added.

Name: LIND55MBVC4     
Domain Name: WORKGROUP
Transport Name: \Device\NetBT_Tcpip_{556D9BDF-D387-4AB9-BE4C-A7E220FAF218}
Transport Flags: 0x1

Guidance:

You should expect this event when the server starts listening on an interface, such as during system restart or when enabling a network adaptor. No user action is required."
"23-07-2026 18:20:28","1040","Information","Microsoft-Windows-SMBServer","Received Mib notification type MibAddInstance for interface 12"
"23-07-2026 18:20:27","1034","Information","Microsoft-Windows-SMBServer","Send RDMA Endpoint notification failure - DadState is different from IpDadStatePreferred for interface 2. Current DadState: 3."
"23-07-2026 18:20:27","1040","Information","Microsoft-Windows-SMBServer","Received Mib notification type MibAddInstance for interface 2"
"23-07-2026 18:20:19","1034","Information","Microsoft-Windows-SMBServer","Send RDMA Endpoint notification failure - Error updating transport list for device \Device\RdmaSmbIpv4_169.254.199.145. Object Name not found.."
"23-07-2026 18:20:19","1033","Information","Microsoft-Windows-SMBServer","Sent RDMA disabled event to LanmanServer for interface \Device\RdmaSmbIpv4_169.254.199.145."
"23-07-2026 18:20:19","1040","Information","Microsoft-Windows-SMBServer","Received Mib notification type MibDeleteInstance for interface 2"
"23-07-2026 18:20:19","1034","Information","Microsoft-Windows-SMBServer","Send RDMA Endpoint notification failure - Error updating transport list for device \Device\RdmaSmbIpv6_fe80::f182:c255:d23c:6188. Object Name not found.."
"23-07-2026 18:20:19","1033","Information","Microsoft-Windows-SMBServer","Sent RDMA disabled event to LanmanServer for interface \Device\RdmaSmbIpv6_fe80::f182:c255:d23c:6188."
"23-07-2026 18:20:19","1040","Information","Microsoft-Windows-SMBServer","Received Mib notification type MibDeleteInstance for interface 2"
"23-07-2026 18:20:19","1011","Information","Microsoft-Windows-SMBServer","Endpoint removed.

Name: 
Domain Name: 
Transport Name: \Device\NetBT_Tcpip_{556D9BDF-D387-4AB9-BE4C-A7E220FAF218}

Guidance:

You should expect this event when the server stops listening on an interface, such as during shutdown or when disabling a network adaptor. No user action is required."
"23-07-2026 18:20:19","1034","Information","Microsoft-Windows-SMBServer","Send RDMA Endpoint notification failure - Error updating transport list for device \Device\RdmaSmbIpv4_10.243.80.136. Object Name not found.."
"23-07-2026 18:20:19","1033","Information","Microsoft-Windows-SMBServer","Sent RDMA disabled event to LanmanServer for interface \Device\RdmaSmbIpv4_10.243.80.136."
"23-07-2026 18:20:19","1040","Information","Microsoft-Windows-SMBServer","Received Mib notification type MibDeleteInstance for interface 12"
"23-07-2026 18:20:19","1034","Information","Microsoft-Windows-SMBServer","Send RDMA Endpoint notification failure - Error updating transport list for device \Device\RdmaSmbIpv6_fe80::d6b8:fc88:a362:3737. Object Name not found.."
"23-07-2026 18:20:19","1033","Information","Microsoft-Windows-SMBServer","Sent RDMA disabled event to LanmanServer for interface \Device\RdmaSmbIpv6_fe80::d6b8:fc88:a362:3737."
"23-07-2026 18:20:19","1040","Information","Microsoft-Windows-SMBServer","Received Mib notification type MibDeleteInstance for interface 6"
"23-07-2026 18:20:19","1034","Information","Microsoft-Windows-SMBServer","Send RDMA Endpoint notification failure - Error updating transport list for device \Device\RdmaSmbIpv4_169.254.228.76. Object Name not found.."
"23-07-2026 18:20:19","1033","Information","Microsoft-Windows-SMBServer","Sent RDMA disabled event to LanmanServer for interface \Device\RdmaSmbIpv4_169.254.228.76."
"23-07-2026 18:20:19","1040","Information","Microsoft-Windows-SMBServer","Received Mib notification type MibDeleteInstance for interface 6"
"23-07-2026 18:20:06","1040","Information","Microsoft-Windows-SMBServer","Received Mib notification type MibParameterNotification for interface 12"
"23-07-2026 18:19:48","1010","Information","Microsoft-Windows-SMBServer","Endpoint added.

Name: LIND55MBVC4     
Domain Name: WORKGROUP
Transport Name: \Device\NetBT_Tcpip_{556D9BDF-D387-4AB9-BE4C-A7E220FAF218}
Transport Flags: 0x1

Guidance:

You should expect this event when the server starts listening on an interface, such as during system restart or when enabling a network adaptor. No user action is required."
"23-07-2026 18:19:48","1040","Information","Microsoft-Windows-SMBServer","Received Mib notification type MibParameterNotification for interface 12"
"23-07-2026 15:10:49","1011","Information","Microsoft-Windows-SMBServer","Endpoint removed.

Name: 
Domain Name: 
Transport Name: \Device\NetBT_Tcpip_{556D9BDF-D387-4AB9-BE4C-A7E220FAF218}

Guidance:

You should expect this event when the server stops listening on an interface, such as during shutdown or when disabling a network adaptor. No user action is required."
"23-07-2026 15:10:49","1034","Information","Microsoft-Windows-SMBServer","Send RDMA Endpoint notification failure - Error updating transport list for device \Device\RdmaSmbIpv4_10.243.80.136. Object Name not found.."
"23-07-2026 15:10:49","1033","Information","Microsoft-Windows-SMBServer","Sent RDMA disabled event to LanmanServer for interface \Device\RdmaSmbIpv4_10.243.80.136."
"23-07-2026 15:10:49","1040","Information","Microsoft-Windows-SMBServer","Received Mib notification type MibParameterNotification for interface 12"
"23-07-2026 11:26:21","1040","Information","Microsoft-Windows-SMBServer","Received Mib notification type MibParameterNotification for interface 12"
"23-07-2026 11:10:03","1040","Information","Microsoft-Windows-SMBServer","Received Mib notification type MibParameterNotification for interface 12"
"23-07-2026 10:40:10","1040","Information","Microsoft-Windows-SMBServer","Received Mib notification type MibParameterNotification for interface 12"
"23-07-2026 10:24:15","1034","Information","Microsoft-Windows-SMBServer","Send RDMA Endpoint notification failure - Error updating transport list for device \Device\RdmaSmbIpv4_169.254.147.155. Object Name not found.."
"23-07-2026 10:24:15","1033","Information","Microsoft-Windows-SMBServer","Sent RDMA disabled event to LanmanServer for interface \Device\RdmaSmbIpv4_169.254.147.155."
"23-07-2026 10:24:15","1040","Information","Microsoft-Windows-SMBServer","Received Mib notification type MibDeleteInstance for interface 18"
"23-07-2026 10:24:15","1034","Information","Microsoft-Windows-SMBServer","Send RDMA Endpoint notification failure - Error updating transport list for device \Device\RdmaSmbIpv6_fe80::a6d1:dfb3:7876:aaf0. Object Name not found.."
"23-07-2026 10:24:15","1033","Information","Microsoft-Windows-SMBServer","Sent RDMA disabled event to LanmanServer for interface \Device\RdmaSmbIpv6_fe80::a6d1:dfb3:7876:aaf0."
"23-07-2026 10:24:15","1040","Information","Microsoft-Windows-SMBServer","Received Mib notification type MibDeleteInstance for interface 18"
"23-07-2026 10:19:47","1034","Information","Microsoft-Windows-SMBServer","Send RDMA Endpoint notification failure - DadState is different from IpDadStatePreferred for interface 6. Current DadState: 1."
"23-07-2026 10:19:47","1040","Information","Microsoft-Windows-SMBServer","Received Mib notification type MibAddInstance for interface 6"
"23-07-2026 10:19:41","1034","Information","Microsoft-Windows-SMBServer","Send RDMA Endpoint notification failure - DadState is different from IpDadStatePreferred for interface 6. Current DadState: 3."
"23-07-2026 10:19:41","1040","Information","Microsoft-Windows-SMBServer","Received Mib notification type MibAddInstance for interface 6"
"23-07-2026 10:18:02","1034","Information","Microsoft-Windows-SMBServer","Send RDMA Endpoint notification failure - DadState is different from IpDadStatePreferred for interface 2. Current DadState: 1."
"23-07-2026 10:18:02","1040","Information","Microsoft-Windows-SMBServer","Received Mib notification type MibAddInstance for interface 2"
"23-07-2026 10:18:00","1040","Information","Microsoft-Windows-SMBServer","Received Mib notification type MibParameterNotification for interface 12"
"23-07-2026 10:17:57","1010","Information","Microsoft-Windows-SMBServer","Endpoint added.

Name: LIND55MBVC4     
Domain Name: WORKGROUP
Transport Name: \Device\NetBT_Tcpip_{556D9BDF-D387-4AB9-BE4C-A7E220FAF218}
Transport Flags: 0x1

Guidance:

You should expect this event when the server starts listening on an interface, such as during system restart or when enabling a network adaptor. No user action is required."
"23-07-2026 10:17:57","1040","Information","Microsoft-Windows-SMBServer","Received Mib notification type MibAddInstance for interface 12"
"23-07-2026 10:17:56","1034","Information","Microsoft-Windows-SMBServer","Send RDMA Endpoint notification failure - DadState is different from IpDadStatePreferred for interface 2. Current DadState: 3."
"23-07-2026 10:17:56","1040","Information","Microsoft-Windows-SMBServer","Received Mib notification type MibAddInstance for interface 2"
"23-07-2026 10:17:51","1034","Information","Microsoft-Windows-SMBServer","Send RDMA Endpoint notification failure - Error updating transport list for device \Device\RdmaSmbIpv6_fe80::f182:c255:d23c:6188. Object Name not found.."
"23-07-2026 10:17:51","1033","Information","Microsoft-Windows-SMBServer","Sent RDMA disabled event to LanmanServer for interface \Device\RdmaSmbIpv6_fe80::f182:c255:d23c:6188."
"23-07-2026 10:17:51","1040","Information","Microsoft-Windows-SMBServer","Received Mib notification type MibDeleteInstance for interface 2"
"23-07-2026 10:17:51","1034","Information","Microsoft-Windows-SMBServer","Send RDMA Endpoint notification failure - Error updating transport list for device \Device\RdmaSmbIpv4_169.254.199.145. Object Name not found.."
"23-07-2026 10:17:51","1033","Information","Microsoft-Windows-SMBServer","Sent RDMA disabled event to LanmanServer for interface \Device\RdmaSmbIpv4_169.254.199.145."
"23-07-2026 10:17:51","1040","Information","Microsoft-Windows-SMBServer","Received Mib notification type MibDeleteInstance for interface 2"
"23-07-2026 10:17:51","1034","Information","Microsoft-Windows-SMBServer","Send RDMA Endpoint notification failure - Error updating transport list for device \Device\RdmaSmbIpv6_fe80::f182:c255:d23c:6188. Object Name not found.."
"23-07-2026 10:17:51","1033","Information","Microsoft-Windows-SMBServer","Sent RDMA disabled event to LanmanServer for interface \Device\RdmaSmbIpv6_fe80::f182:c255:d23c:6188."
"23-07-2026 10:17:51","1011","Information","Microsoft-Windows-SMBServer","Endpoint removed.

Name: 
Domain Name: 
Transport Name: \Device\NetBT_Tcpip_{556D9BDF-D387-4AB9-BE4C-A7E220FAF218}

Guidance:

You should expect this event when the server stops listening on an interface, such as during shutdown or when disabling a network adaptor. No user action is required."
"23-07-2026 10:17:51","1034","Information","Microsoft-Windows-SMBServer","Send RDMA Endpoint notification failure - Error updating transport list for device \Device\RdmaSmbIpv4_10.243.80.136. Object Name not found.."
"23-07-2026 10:17:51","1033","Information","Microsoft-Windows-SMBServer","Sent RDMA disabled event to LanmanServer for interface \Device\RdmaSmbIpv4_10.243.80.136."
"23-07-2026 10:17:51","1040","Information","Microsoft-Windows-SMBServer","Received Mib notification type MibDeleteInstance for interface 12"
"23-07-2026 10:17:51","1034","Information","Microsoft-Windows-SMBServer","Send RDMA Endpoint notification failure - Error updating transport list for device \Device\RdmaSmbIpv6_fe80::d6b8:fc88:a362:3737. Object Name not found.."
"23-07-2026 10:17:51","1033","Information","Microsoft-Windows-SMBServer","Sent RDMA disabled event to LanmanServer for interface \Device\RdmaSmbIpv6_fe80::d6b8:fc88:a362:3737."
"23-07-2026 10:17:51","1040","Information","Microsoft-Windows-SMBServer","Received Mib notification type MibDeleteInstance for interface 6"
"23-07-2026 10:17:51","1034","Information","Microsoft-Windows-SMBServer","Send RDMA Endpoint notification failure - Error updating transport list for device \Device\RdmaSmbIpv4_169.254.228.76. Object Name not found.."
"23-07-2026 10:17:51","1033","Information","Microsoft-Windows-SMBServer","Sent RDMA disabled event to LanmanServer for interface \Device\RdmaSmbIpv4_169.254.228.76."
"23-07-2026 10:17:51","1040","Information","Microsoft-Windows-SMBServer","Received Mib notification type MibDeleteInstance for interface 6"
"23-07-2026 10:17:17","1040","Information","Microsoft-Windows-SMBServer","Received Mib notification type MibParameterNotification for interface 12"
"23-07-2026 10:05:37","1040","Information","Microsoft-Windows-SMBServer","Received Mib notification type MibParameterNotification for interface 12"
"23-07-2026 09:38:17","1034","Information","Microsoft-Windows-SMBServer","Send RDMA Endpoint notification failure - DadState is different from IpDadStatePreferred for interface 6. Current DadState: 1."
"23-07-2026 09:38:17","1040","Information","Microsoft-Windows-SMBServer","Received Mib notification type MibAddInstance for interface 6"
"23-07-2026 09:38:11","1034","Information","Microsoft-Windows-SMBServer","Send RDMA Endpoint notification failure - DadState is different from IpDadStatePreferred for interface 6. Current DadState: 3."
"23-07-2026 09:38:11","1040","Information","Microsoft-Windows-SMBServer","Received Mib notification type MibAddInstance for interface 6"
"23-07-2026 09:36:39","1034","Information","Microsoft-Windows-SMBServer","Send RDMA Endpoint notification failure - DadState is different from IpDadStatePreferred for interface 18. Current DadState: 1."
"23-07-2026 09:36:39","1040","Information","Microsoft-Windows-SMBServer","Received Mib notification type MibAddInstance for interface 18"
"23-07-2026 09:36:33","1034","Information","Microsoft-Windows-SMBServer","Send RDMA Endpoint notification failure - DadState is different from IpDadStatePreferred for interface 18. Current DadState: 3."
"23-07-2026 09:36:33","1040","Information","Microsoft-Windows-SMBServer","Received Mib notification type MibAddInstance for interface 18"
"23-07-2026 09:36:31","1040","Information","Microsoft-Windows-SMBServer","Received Mib notification type MibParameterNotification for interface 12"
"23-07-2026 09:36:30","1034","Information","Microsoft-Windows-SMBServer","Send RDMA Endpoint notification failure - DadState is different from IpDadStatePreferred for interface 2. Current DadState: 1."
"23-07-2026 09:36:30","1040","Information","Microsoft-Windows-SMBServer","Received Mib notification type MibAddInstance for interface 2"
"23-07-2026 09:36:29","1034","Information","Microsoft-Windows-SMBServer","Send RDMA Endpoint notification failure - DadState is different from IpDadStatePreferred for interface 7. Current DadState: 1."
"23-07-2026 09:36:29","1040","Information","Microsoft-Windows-SMBServer","Received Mib notification type MibAddInstance for interface 7"
"23-07-2026 09:36:24","1034","Information","Microsoft-Windows-SMBServer","Send RDMA Endpoint notification failure - DadState is different from IpDadStatePreferred for interface 2. Current DadState: 3."
"23-07-2026 09:36:24","1040","Information","Microsoft-Windows-SMBServer","Received Mib notification type MibAddInstance for interface 2"
"23-07-2026 09:36:23","1034","Information","Microsoft-Windows-SMBServer","Send RDMA Endpoint notification failure - DadState is different from IpDadStatePreferred for interface 7. Current DadState: 3."
"23-07-2026 09:36:23","1040","Information","Microsoft-Windows-SMBServer","Received Mib notification type MibAddInstance for interface 7"
"23-07-2026 04:35:40","1034","Information","Microsoft-Windows-SMBServer","Send RDMA Endpoint notification failure - Error updating transport list for device \Device\RdmaSmbIpv6_fe80::f182:c255:d23c:6188. Object Name not found.."
"23-07-2026 04:35:40","1033","Information","Microsoft-Windows-SMBServer","Sent RDMA disabled event to LanmanServer for interface \Device\RdmaSmbIpv6_fe80::f182:c255:d23c:6188."
"23-07-2026 04:35:40","1040","Information","Microsoft-Windows-SMBServer","Received Mib notification type MibDeleteInstance for interface 2"
"23-07-2026 04:35:40","1034","Information","Microsoft-Windows-SMBServer","Send RDMA Endpoint notification failure - Error updating transport list for device \Device\RdmaSmbIpv4_169.254.199.145. Object Name not found.."
"23-07-2026 04:35:40","1033","Information","Microsoft-Windows-SMBServer","Sent RDMA disabled event to LanmanServer for interface \Device\RdmaSmbIpv4_169.254.199.145."
"23-07-2026 04:35:40","1040","Information","Microsoft-Windows-SMBServer","Received Mib notification type MibDeleteInstance for interface 2"
"23-07-2026 04:35:40","1034","Information","Microsoft-Windows-SMBServer","Send RDMA Endpoint notification failure - Error updating transport list for device \Device\RdmaSmbIpv6_fe80::d6b8:fc88:a362:3737. Object Name not found.."
"23-07-2026 04:35:40","1033","Information","Microsoft-Windows-SMBServer","Sent RDMA disabled event to LanmanServer for interface \Device\RdmaSmbIpv6_fe80::d6b8:fc88:a362:3737."
"23-07-2026 04:35:40","1040","Information","Microsoft-Windows-SMBServer","Received Mib notification type MibDeleteInstance for interface 6"
"23-07-2026 04:35:40","1034","Information","Microsoft-Windows-SMBServer","Send RDMA Endpoint notification failure - Error updating transport list for device \Device\RdmaSmbIpv4_169.254.228.76. Object Name not found.."
"23-07-2026 04:35:40","1033","Information","Microsoft-Windows-SMBServer","Sent RDMA disabled event to LanmanServer for interface \Device\RdmaSmbIpv4_169.254.228.76."
"23-07-2026 04:35:40","1040","Information","Microsoft-Windows-SMBServer","Received Mib notification type MibDeleteInstance for interface 6"
"23-07-2026 04:35:39","1034","Information","Microsoft-Windows-SMBServer","Send RDMA Endpoint notification failure - Error updating transport list for device \Device\RdmaSmbIpv6_fe80::96b5:2380:ef58:27cb. Object Name not found.."
"23-07-2026 04:35:39","1033","Information","Microsoft-Windows-SMBServer","Sent RDMA disabled event to LanmanServer for interface \Device\RdmaSmbIpv6_fe80::96b5:2380:ef58:27cb."
"23-07-2026 04:35:39","1040","Information","Microsoft-Windows-SMBServer","Received Mib notification type MibDeleteInstance for interface 7"
"23-07-2026 04:35:39","1034","Information","Microsoft-Windows-SMBServer","Send RDMA Endpoint notification failure - Error updating transport list for device \Device\RdmaSmbIpv4_169.254.241.136. Object Name not found.."
"23-07-2026 04:35:39","1033","Information","Microsoft-Windows-SMBServer","Sent RDMA disabled event to LanmanServer for interface \Device\RdmaSmbIpv4_169.254.241.136."
"23-07-2026 04:35:39","1040","Information","Microsoft-Windows-SMBServer","Received Mib notification type MibDeleteInstance for interface 7"
"23-07-2026 04:35:38","1010","Information","Microsoft-Windows-SMBServer","Endpoint added.

Name: LIND55MBVC4     
Domain Name: WORKGROUP
Transport Name: \Device\NetBT_Tcpip_{556D9BDF-D387-4AB9-BE4C-A7E220FAF218}
Transport Flags: 0x1

Guidance:

You should expect this event when the server starts listening on an interface, such as during system restart or when enabling a network adaptor. No user action is required."
"23-07-2026 04:35:38","1040","Information","Microsoft-Windows-SMBServer","Received Mib notification type MibParameterNotification for interface 12"
"22-07-2026 19:19:40","1011","Information","Microsoft-Windows-SMBServer","Endpoint removed.

Name: 
Domain Name: 
Transport Name: \Device\NetBT_Tcpip_{556D9BDF-D387-4AB9-BE4C-A7E220FAF218}

Guidance:

You should expect this event when the server stops listening on an interface, such as during shutdown or when disabling a network adaptor. No user action is required."
"22-07-2026 19:19:40","1034","Information","Microsoft-Windows-SMBServer","Send RDMA Endpoint notification failure - Error updating transport list for device \Device\RdmaSmbIpv4_10.243.80.136. Object Name not found.."
"22-07-2026 19:19:40","1033","Information","Microsoft-Windows-SMBServer","Sent RDMA disabled event to LanmanServer for interface \Device\RdmaSmbIpv4_10.243.80.136."
"22-07-2026 19:19:40","1040","Information","Microsoft-Windows-SMBServer","Received Mib notification type MibParameterNotification for interface 12"
"22-07-2026 18:49:34","1034","Information","Microsoft-Windows-SMBServer","Send RDMA Endpoint notification failure - Error updating transport list for device \Device\RdmaSmbIpv6_fe80::a6d1:dfb3:7876:aaf0. Object Name not found.."
"22-07-2026 18:49:34","1033","Information","Microsoft-Windows-SMBServer","Sent RDMA disabled event to LanmanServer for interface \Device\RdmaSmbIpv6_fe80::a6d1:dfb3:7876:aaf0."
"22-07-2026 18:49:34","1040","Information","Microsoft-Windows-SMBServer","Received Mib notification type MibDeleteInstance for interface 18"
"22-07-2026 18:49:34","1034","Information","Microsoft-Windows-SMBServer","Send RDMA Endpoint notification failure - Error updating transport list for device \Device\RdmaSmbIpv4_169.254.147.155. Object Name not found.."
"22-07-2026 18:49:34","1033","Information","Microsoft-Windows-SMBServer","Sent RDMA disabled event to LanmanServer for interface \Device\RdmaSmbIpv4_169.254.147.155."
"22-07-2026 18:49:34","1040","Information","Microsoft-Windows-SMBServer","Received Mib notification type MibDeleteInstance for interface 18"
"22-07-2026 18:31:24","1040","Information","Microsoft-Windows-SMBServer","Received Mib notification type MibParameterNotification for interface 12"
"22-07-2026 18:27:33","1040","Information","Microsoft-Windows-SMBServer","Received Mib notification type MibParameterNotification for interface 12"
"22-07-2026 18:05:52","1040","Information","Microsoft-Windows-SMBServer","Received Mib notification type MibParameterNotification for interface 12"
"22-07-2026 17:43:59","1040","Information","Microsoft-Windows-SMBServer","Received Mib notification type MibParameterNotification for interface 12"
"22-07-2026 17:35:50","1040","Information","Microsoft-Windows-SMBServer","Received Mib notification type MibParameterNotification for interface 12"
"22-07-2026 17:31:57","1040","Information","Microsoft-Windows-SMBServer","Received Mib notification type MibParameterNotification for interface 12"
"22-07-2026 17:17:49","1040","Information","Microsoft-Windows-SMBServer","Received Mib notification type MibParameterNotification for interface 12"
"22-07-2026 17:06:24","1040","Information","Microsoft-Windows-SMBServer","Received Mib notification type MibParameterNotification for interface 12"
"22-07-2026 16:56:48","1040","Information","Microsoft-Windows-SMBServer","Received Mib notification type MibParameterNotification for interface 12"
"22-07-2026 16:27:20","1040","Information","Microsoft-Windows-SMBServer","Received Mib notification type MibParameterNotification for interface 12"
"22-07-2026 15:52:14","1040","Information","Microsoft-Windows-SMBServer","Received Mib notification type MibParameterNotification for interface 12"
"22-07-2026 15:15:13","1040","Information","Microsoft-Windows-SMBServer","Received Mib notification type MibParameterNotification for interface 12"
"22-07-2026 15:04:11","1040","Information","Microsoft-Windows-SMBServer","Received Mib notification type MibParameterNotification for interface 12"
"22-07-2026 14:43:39","1040","Information","Microsoft-Windows-SMBServer","Received Mib notification type MibParameterNotification for interface 12"
"22-07-2026 14:41:28","1040","Information","Microsoft-Windows-SMBServer","Received Mib notification type MibParameterNotification for interface 12"
"22-07-2026 14:27:08","1040","Information","Microsoft-Windows-SMBServer","Received Mib notification type MibParameterNotification for interface 12"
"22-07-2026 14:22:03","1040","Information","Microsoft-Windows-SMBServer","Received Mib notification type MibParameterNotification for interface 12"
"22-07-2026 14:16:37","1034","Information","Microsoft-Windows-SMBServer","Send RDMA Endpoint notification failure - DadState is different from IpDadStatePreferred for interface 18. Current DadState: 1."
"22-07-2026 14:16:37","1040","Information","Microsoft-Windows-SMBServer","Received Mib notification type MibAddInstance for interface 18"
"22-07-2026 14:16:31","1034","Information","Microsoft-Windows-SMBServer","Send RDMA Endpoint notification failure - DadState is different from IpDadStatePreferred for interface 18. Current DadState: 3."
"22-07-2026 14:16:31","1040","Information","Microsoft-Windows-SMBServer","Received Mib notification type MibAddInstance for interface 18"
"22-07-2026 14:16:29","1040","Information","Microsoft-Windows-SMBServer","Received Mib notification type MibParameterNotification for interface 12"
"22-07-2026 14:16:23","1040","Information","Microsoft-Windows-SMBServer","Received Mib notification type MibParameterNotification for interface 12"
"22-07-2026 14:16:14","1040","Information","Microsoft-Windows-SMBServer","Received Mib notification type MibParameterNotification for interface 12"
"22-07-2026 14:15:56","1040","Information","Microsoft-Windows-SMBServer","Received Mib notification type MibParameterNotification for interface 12"
"22-07-2026 14:15:53","1010","Information","Microsoft-Windows-SMBServer","Endpoint added.

Name: LIND55MBVC4     
Domain Name: WORKGROUP
Transport Name: \Device\NetBT_Tcpip_{556D9BDF-D387-4AB9-BE4C-A7E220FAF218}
Transport Flags: 0x1

Guidance:

You should expect this event when the server starts listening on an interface, such as during system restart or when enabling a network adaptor. No user action is required."
"22-07-2026 14:15:53","1040","Information","Microsoft-Windows-SMBServer","Received Mib notification type MibAddInstance for interface 12"
