"TimeCreated","Id","LevelDisplayName","ProviderName","Message"
"19-08-2026 14:09:15","1104","Error","Microsoft-Windows-AAD","AAD Cloud AP plugin call Post logon processing returned error: 0xC000006D"
"19-08-2026 14:09:15","1159","Warning","Microsoft-Windows-AAD","AadCloudAPPlugin S4U logon failed. Status: 0xC000006D"
"19-08-2026 14:09:13","1241","Information","Microsoft-Windows-AAD","On-prem tgt error: On-prem configuration is missing"
"19-08-2026 14:09:12","1251","Information","Microsoft-Windows-AAD","DoGetEnterpriseToken Diagnostic Event:
Result: 0xC0000250
User Identity: joe.prakash@nielseniq.com
Credential Type: 2
Correlation ID: bc492fe4-552f-4a24-80bf-834ecbf8b501
Endpoint Uri: https://sts.nielseniq.com/adfs/oauth2/token/
HTTP Status: POST
HTTP Method: The operation completed successfully.
ErrorCode: 401
Error Description: interaction_required"
"19-08-2026 14:09:12","1118","Error","Microsoft-Windows-AAD","Enterprise STS Logon failure. Status: 0xC0000250 Correlation ID: bc492fe4-552f-4a24-80bf-834ecbf8b501"
"19-08-2026 14:09:12","1081","Error","Microsoft-Windows-AAD","OAuth response error: interaction_required
Error description: MSIS9699: GlobalAuthenticationPolicy on the Server doesn't allow this OAuth JWT Bearer request. Please contact the administrator to update the GlobalAuthenticationPolicy.
CorrelationID: "
"19-08-2026 14:09:12","1025","Error","Microsoft-Windows-AAD","Http request status: 401. Method: POST Endpoint Uri: https://sts.nielseniq.com/adfs/oauth2/token/ Correlation ID: bc492fe4-552f-4a24-80bf-834ecbf8b501"
"19-08-2026 14:09:10","1241","Information","Microsoft-Windows-AAD","On-prem tgt error: On-prem configuration is missing"
"19-08-2026 13:56:41","1241","Information","Microsoft-Windows-AAD","On-prem tgt error: On-prem configuration is missing"
"19-08-2026 13:35:04","1104","Error","Microsoft-Windows-AAD","AAD Cloud AP plugin call Lookup name name from SID returned error: 0xC00485D3"
"19-08-2026 13:35:04","1025","Error","Microsoft-Windows-AAD","Http request status: 400. Method: GET Endpoint Uri: https://login.microsoftonline.com/6ac7a1f4-5fb1-4153-bb4f-12d2020a1f7d/sidtoname Correlation ID: 4459ae4a-bd93-414f-a045-719d9e6b96e5"
"19-08-2026 13:35:03","1104","Error","Microsoft-Windows-AAD","AAD Cloud AP plugin call Lookup name name from SID returned error: 0xC00485D3"
"19-08-2026 13:35:03","1025","Error","Microsoft-Windows-AAD","Http request status: 400. Method: GET Endpoint Uri: https://login.microsoftonline.com/6ac7a1f4-5fb1-4153-bb4f-12d2020a1f7d/sidtoname Correlation ID: 8db1c7ed-0d13-4a49-b4ad-7a2f51357482"
"19-08-2026 13:35:02","1104","Error","Microsoft-Windows-AAD","AAD Cloud AP plugin call Lookup name name from SID returned error: 0xC00485D3"
"19-08-2026 13:35:02","1025","Error","Microsoft-Windows-AAD","Http request status: 400. Method: GET Endpoint Uri: https://login.microsoftonline.com/6ac7a1f4-5fb1-4153-bb4f-12d2020a1f7d/sidtoname Correlation ID: 4cfe3318-7041-4653-8581-3af8e4bb2a81"
"19-08-2026 13:35:01","1104","Error","Microsoft-Windows-AAD","AAD Cloud AP plugin call Lookup name name from SID returned error: 0xC00485D3"
"19-08-2026 13:35:01","1025","Error","Microsoft-Windows-AAD","Http request status: 400. Method: GET Endpoint Uri: https://login.microsoftonline.com/6ac7a1f4-5fb1-4153-bb4f-12d2020a1f7d/sidtoname Correlation ID: b6dbeb11-1913-41fe-8bc5-dc11bb8ecb1e"
"19-08-2026 13:35:00","1104","Error","Microsoft-Windows-AAD","AAD Cloud AP plugin call Lookup name name from SID returned error: 0xC00485D3"
"19-08-2026 13:35:00","1025","Error","Microsoft-Windows-AAD","Http request status: 400. Method: GET Endpoint Uri: https://login.microsoftonline.com/6ac7a1f4-5fb1-4153-bb4f-12d2020a1f7d/sidtoname Correlation ID: 80058e3f-e768-4da1-895c-51524c9da55d"
"19-08-2026 13:34:59","1104","Error","Microsoft-Windows-AAD","AAD Cloud AP plugin call Lookup name name from SID returned error: 0xC00485D3"
"19-08-2026 13:34:59","1025","Error","Microsoft-Windows-AAD","Http request status: 400. Method: GET Endpoint Uri: https://login.microsoftonline.com/6ac7a1f4-5fb1-4153-bb4f-12d2020a1f7d/sidtoname Correlation ID: 1fbaef44-edb1-482b-8046-fb7011077d7b"
"19-08-2026 13:34:48","1104","Error","Microsoft-Windows-AAD","AAD Cloud AP plugin call Lookup name name from SID returned error: 0xC00485D3"
"19-08-2026 13:34:48","1025","Error","Microsoft-Windows-AAD","Http request status: 400. Method: GET Endpoint Uri: https://login.microsoftonline.com/6ac7a1f4-5fb1-4153-bb4f-12d2020a1f7d/sidtoname Correlation ID: a94cb2ca-e3fd-49e5-ac3b-d1d69c0a406c"
"19-08-2026 13:34:47","1104","Error","Microsoft-Windows-AAD","AAD Cloud AP plugin call Lookup name name from SID returned error: 0xC00485D3"
"19-08-2026 13:34:47","1025","Error","Microsoft-Windows-AAD","Http request status: 400. Method: GET Endpoint Uri: https://login.microsoftonline.com/6ac7a1f4-5fb1-4153-bb4f-12d2020a1f7d/sidtoname Correlation ID: 3d160fb8-1373-44c3-8279-d29cec39ffa0"
"19-08-2026 13:34:46","1104","Error","Microsoft-Windows-AAD","AAD Cloud AP plugin call Lookup name name from SID returned error: 0xC00485D3"
"19-08-2026 13:34:46","1025","Error","Microsoft-Windows-AAD","Http request status: 400. Method: GET Endpoint Uri: https://login.microsoftonline.com/6ac7a1f4-5fb1-4153-bb4f-12d2020a1f7d/sidtoname Correlation ID: 16dee856-da53-41f7-9c9c-7b1dd52ee59d"
"19-08-2026 13:34:45","1104","Error","Microsoft-Windows-AAD","AAD Cloud AP plugin call Lookup name name from SID returned error: 0xC00485D3"
"19-08-2026 13:34:45","1025","Error","Microsoft-Windows-AAD","Http request status: 400. Method: GET Endpoint Uri: https://login.microsoftonline.com/6ac7a1f4-5fb1-4153-bb4f-12d2020a1f7d/sidtoname Correlation ID: caddc4a6-894a-4b8a-a7fb-35995deab7ec"
"19-08-2026 13:34:44","1104","Error","Microsoft-Windows-AAD","AAD Cloud AP plugin call Lookup name name from SID returned error: 0xC00485D3"
"19-08-2026 13:34:44","1025","Error","Microsoft-Windows-AAD","Http request status: 400. Method: GET Endpoint Uri: https://login.microsoftonline.com/6ac7a1f4-5fb1-4153-bb4f-12d2020a1f7d/sidtoname Correlation ID: 71c26f61-d250-430c-9783-ac75a6998d5e"
"19-08-2026 13:34:43","1104","Error","Microsoft-Windows-AAD","AAD Cloud AP plugin call Lookup name name from SID returned error: 0xC00485D3"
"19-08-2026 13:34:43","1025","Error","Microsoft-Windows-AAD","Http request status: 400. Method: GET Endpoint Uri: https://login.microsoftonline.com/6ac7a1f4-5fb1-4153-bb4f-12d2020a1f7d/sidtoname Correlation ID: e5e2dfd9-11b5-48f0-a6c1-25d07a78ba0a"
"19-08-2026 13:31:55","1104","Error","Microsoft-Windows-AAD","AAD Cloud AP plugin call Lookup name name from SID returned error: 0xC00485D3"
"19-08-2026 13:31:55","1025","Error","Microsoft-Windows-AAD","Http request status: 400. Method: GET Endpoint Uri: https://login.microsoftonline.com/6ac7a1f4-5fb1-4153-bb4f-12d2020a1f7d/sidtoname Correlation ID: 0c94315d-4d6c-47ae-a2c1-ea7fbd8aa5a5"
"19-08-2026 13:31:54","1104","Error","Microsoft-Windows-AAD","AAD Cloud AP plugin call Lookup name name from SID returned error: 0xC00485D3"
"19-08-2026 13:31:54","1025","Error","Microsoft-Windows-AAD","Http request status: 400. Method: GET Endpoint Uri: https://login.microsoftonline.com/6ac7a1f4-5fb1-4153-bb4f-12d2020a1f7d/sidtoname Correlation ID: 8232b8c6-b8e9-46e8-88c9-4353dd98131f"
"19-08-2026 13:31:53","1104","Error","Microsoft-Windows-AAD","AAD Cloud AP plugin call Lookup name name from SID returned error: 0xC00485D3"
"19-08-2026 13:31:53","1025","Error","Microsoft-Windows-AAD","Http request status: 400. Method: GET Endpoint Uri: https://login.microsoftonline.com/6ac7a1f4-5fb1-4153-bb4f-12d2020a1f7d/sidtoname Correlation ID: 92bcf0a2-afd7-4eb7-84bb-bf8a883318c0"
"19-08-2026 13:31:52","1104","Error","Microsoft-Windows-AAD","AAD Cloud AP plugin call Lookup name name from SID returned error: 0xC00485D3"
"19-08-2026 13:31:52","1025","Error","Microsoft-Windows-AAD","Http request status: 400. Method: GET Endpoint Uri: https://login.microsoftonline.com/6ac7a1f4-5fb1-4153-bb4f-12d2020a1f7d/sidtoname Correlation ID: 0cca71e0-0be3-4e05-a23e-a3a567c5f6f4"
"19-08-2026 13:31:51","1104","Error","Microsoft-Windows-AAD","AAD Cloud AP plugin call Lookup name name from SID returned error: 0xC00485D3"
"19-08-2026 13:31:51","1025","Error","Microsoft-Windows-AAD","Http request status: 400. Method: GET Endpoint Uri: https://login.microsoftonline.com/6ac7a1f4-5fb1-4153-bb4f-12d2020a1f7d/sidtoname Correlation ID: 94fe08ac-6988-47c0-a238-a7b86c54d09a"
"19-08-2026 13:31:50","1104","Error","Microsoft-Windows-AAD","AAD Cloud AP plugin call Lookup name name from SID returned error: 0xC00485D3"
"19-08-2026 13:31:50","1025","Error","Microsoft-Windows-AAD","Http request status: 400. Method: GET Endpoint Uri: https://login.microsoftonline.com/6ac7a1f4-5fb1-4153-bb4f-12d2020a1f7d/sidtoname Correlation ID: 3b56e6fb-9c0d-47b8-ba94-26c45f7237cc"
"19-08-2026 13:26:25","1241","Information","Microsoft-Windows-AAD","On-prem tgt error: On-prem configuration is missing"
"19-08-2026 12:18:37","1104","Error","Microsoft-Windows-AAD","AAD Cloud AP plugin call Post logon processing returned error: 0xC000006D"
"19-08-2026 12:18:37","1159","Warning","Microsoft-Windows-AAD","AadCloudAPPlugin S4U logon failed. Status: 0xC000006D"
"19-08-2026 12:18:35","1241","Information","Microsoft-Windows-AAD","On-prem tgt error: On-prem configuration is missing"
"19-08-2026 12:18:33","1251","Information","Microsoft-Windows-AAD","DoGetEnterpriseToken Diagnostic Event:
Result: 0xC0000250
User Identity: joe.prakash@nielseniq.com
Credential Type: 2
Correlation ID: 09bc64b5-de78-4c4b-b764-c9a1d8fdcddd
Endpoint Uri: https://sts.nielseniq.com/adfs/oauth2/token/
HTTP Status: POST
HTTP Method: The operation completed successfully.
ErrorCode: 401
Error Description: interaction_required"
"19-08-2026 12:18:33","1118","Error","Microsoft-Windows-AAD","Enterprise STS Logon failure. Status: 0xC0000250 Correlation ID: 09bc64b5-de78-4c4b-b764-c9a1d8fdcddd"
"19-08-2026 12:18:33","1081","Error","Microsoft-Windows-AAD","OAuth response error: interaction_required
Error description: MSIS9699: GlobalAuthenticationPolicy on the Server doesn't allow this OAuth JWT Bearer request. Please contact the administrator to update the GlobalAuthenticationPolicy.
CorrelationID: "
"19-08-2026 12:18:33","1025","Error","Microsoft-Windows-AAD","Http request status: 401. Method: POST Endpoint Uri: https://sts.nielseniq.com/adfs/oauth2/token/ Correlation ID: 09bc64b5-de78-4c4b-b764-c9a1d8fdcddd"
"19-08-2026 12:18:32","1241","Information","Microsoft-Windows-AAD","On-prem tgt error: On-prem configuration is missing"
"19-08-2026 10:23:26","1104","Error","Microsoft-Windows-AAD","AAD Cloud AP plugin call Post logon processing returned error: 0xC000006D"
"19-08-2026 10:23:26","1159","Warning","Microsoft-Windows-AAD","AadCloudAPPlugin S4U logon failed. Status: 0xC000006D"
"19-08-2026 10:23:24","1241","Information","Microsoft-Windows-AAD","On-prem tgt error: On-prem configuration is missing"
"19-08-2026 10:23:23","1251","Information","Microsoft-Windows-AAD","DoGetEnterpriseToken Diagnostic Event:
Result: 0xC0000250
User Identity: joe.prakash@nielseniq.com
Credential Type: 2
Correlation ID: cc56501d-0229-4ba2-8c99-f9fadbe84b91
Endpoint Uri: https://sts.nielseniq.com/adfs/oauth2/token/
HTTP Status: POST
HTTP Method: The operation completed successfully.
ErrorCode: 401
Error Description: interaction_required"
"19-08-2026 10:23:23","1118","Error","Microsoft-Windows-AAD","Enterprise STS Logon failure. Status: 0xC0000250 Correlation ID: cc56501d-0229-4ba2-8c99-f9fadbe84b91"
"19-08-2026 10:23:23","1081","Error","Microsoft-Windows-AAD","OAuth response error: interaction_required
Error description: MSIS9699: GlobalAuthenticationPolicy on the Server doesn't allow this OAuth JWT Bearer request. Please contact the administrator to update the GlobalAuthenticationPolicy.
CorrelationID: "
"19-08-2026 10:23:23","1025","Error","Microsoft-Windows-AAD","Http request status: 401. Method: POST Endpoint Uri: https://sts.nielseniq.com/adfs/oauth2/token/ Correlation ID: cc56501d-0229-4ba2-8c99-f9fadbe84b91"
"19-08-2026 10:23:21","1241","Information","Microsoft-Windows-AAD","On-prem tgt error: On-prem configuration is missing"
"19-08-2026 10:17:59","1104","Error","Microsoft-Windows-AAD","AAD Cloud AP plugin call Lookup name name from SID returned error: 0xC00485D3"
"19-08-2026 10:17:59","1025","Error","Microsoft-Windows-AAD","Http request status: 400. Method: GET Endpoint Uri: https://login.microsoftonline.com/6ac7a1f4-5fb1-4153-bb4f-12d2020a1f7d/sidtoname Correlation ID: 62987a45-1aae-43c2-81a1-525bd76ce5f2"
"19-08-2026 10:17:58","1104","Error","Microsoft-Windows-AAD","AAD Cloud AP plugin call Lookup name name from SID returned error: 0xC00485D3"
"19-08-2026 10:17:58","1025","Error","Microsoft-Windows-AAD","Http request status: 400. Method: GET Endpoint Uri: https://login.microsoftonline.com/6ac7a1f4-5fb1-4153-bb4f-12d2020a1f7d/sidtoname Correlation ID: d0efbb94-190b-4507-ab67-57a422bc9baf"
"19-08-2026 10:17:57","1104","Error","Microsoft-Windows-AAD","AAD Cloud AP plugin call Lookup name name from SID returned error: 0xC00485D3"
"19-08-2026 10:17:57","1025","Error","Microsoft-Windows-AAD","Http request status: 400. Method: GET Endpoint Uri: https://login.microsoftonline.com/6ac7a1f4-5fb1-4153-bb4f-12d2020a1f7d/sidtoname Correlation ID: bdbfa44a-4495-4579-a92a-01bc72d19117"
"19-08-2026 10:17:56","1104","Error","Microsoft-Windows-AAD","AAD Cloud AP plugin call Lookup name name from SID returned error: 0xC00485D3"
"19-08-2026 10:17:56","1025","Error","Microsoft-Windows-AAD","Http request status: 400. Method: GET Endpoint Uri: https://login.microsoftonline.com/6ac7a1f4-5fb1-4153-bb4f-12d2020a1f7d/sidtoname Correlation ID: 8357b064-194e-4bde-ae35-84113aca3058"
"19-08-2026 10:17:55","1104","Error","Microsoft-Windows-AAD","AAD Cloud AP plugin call Lookup name name from SID returned error: 0xC00485D3"
"19-08-2026 10:17:55","1025","Error","Microsoft-Windows-AAD","Http request status: 400. Method: GET Endpoint Uri: https://login.microsoftonline.com/6ac7a1f4-5fb1-4153-bb4f-12d2020a1f7d/sidtoname Correlation ID: 28023c2e-e956-4d71-9a8d-d11d256de802"
"19-08-2026 10:17:54","1104","Error","Microsoft-Windows-AAD","AAD Cloud AP plugin call Lookup name name from SID returned error: 0xC00485D3"
"19-08-2026 10:17:54","1025","Error","Microsoft-Windows-AAD","Http request status: 400. Method: GET Endpoint Uri: https://login.microsoftonline.com/6ac7a1f4-5fb1-4153-bb4f-12d2020a1f7d/sidtoname Correlation ID: 60f11ed7-f76b-4bed-a4c5-11ff56215f51"
"19-08-2026 10:17:53","1104","Error","Microsoft-Windows-AAD","AAD Cloud AP plugin call Lookup name name from SID returned error: 0xC00485D3"
"19-08-2026 10:17:53","1025","Error","Microsoft-Windows-AAD","Http request status: 400. Method: GET Endpoint Uri: https://login.microsoftonline.com/6ac7a1f4-5fb1-4153-bb4f-12d2020a1f7d/sidtoname Correlation ID: 193495e6-78fe-4acd-b40f-9b12a7da2e21"
"19-08-2026 10:17:52","1104","Error","Microsoft-Windows-AAD","AAD Cloud AP plugin call Lookup name name from SID returned error: 0xC00485D3"
"19-08-2026 10:17:52","1025","Error","Microsoft-Windows-AAD","Http request status: 400. Method: GET Endpoint Uri: https://login.microsoftonline.com/6ac7a1f4-5fb1-4153-bb4f-12d2020a1f7d/sidtoname Correlation ID: 938e7b48-af39-4e36-8131-96ffb9a7c5b2"
"19-08-2026 10:17:51","1104","Error","Microsoft-Windows-AAD","AAD Cloud AP plugin call Lookup name name from SID returned error: 0xC00485D3"
"19-08-2026 10:17:51","1025","Error","Microsoft-Windows-AAD","Http request status: 400. Method: GET Endpoint Uri: https://login.microsoftonline.com/6ac7a1f4-5fb1-4153-bb4f-12d2020a1f7d/sidtoname Correlation ID: b36638c9-9f51-457a-b3ae-59380e5d682d"
"19-08-2026 10:17:50","1104","Error","Microsoft-Windows-AAD","AAD Cloud AP plugin call Lookup name name from SID returned error: 0xC00485D3"
"19-08-2026 10:17:50","1025","Error","Microsoft-Windows-AAD","Http request status: 400. Method: GET Endpoint Uri: https://login.microsoftonline.com/6ac7a1f4-5fb1-4153-bb4f-12d2020a1f7d/sidtoname Correlation ID: 48946e75-3642-4b7d-ab74-5f0f5241ad9e"
"19-08-2026 10:17:50","1104","Error","Microsoft-Windows-AAD","AAD Cloud AP plugin call Lookup name name from SID returned error: 0xC00485D3"
"19-08-2026 10:17:50","1025","Error","Microsoft-Windows-AAD","Http request status: 400. Method: GET Endpoint Uri: https://login.microsoftonline.com/6ac7a1f4-5fb1-4153-bb4f-12d2020a1f7d/sidtoname Correlation ID: 11a7f16f-3fcb-41fd-8190-718b672207f0"
"19-08-2026 10:17:49","1104","Error","Microsoft-Windows-AAD","AAD Cloud AP plugin call Lookup name name from SID returned error: 0xC00485D3"
"19-08-2026 10:17:49","1025","Error","Microsoft-Windows-AAD","Http request status: 400. Method: GET Endpoint Uri: https://login.microsoftonline.com/6ac7a1f4-5fb1-4153-bb4f-12d2020a1f7d/sidtoname Correlation ID: 2fb39604-6252-459c-9a40-f985e353bb48"
"19-08-2026 10:17:47","1104","Error","Microsoft-Windows-AAD","AAD Cloud AP plugin call Lookup name name from SID returned error: 0xC00485D3"
"19-08-2026 10:17:47","1025","Error","Microsoft-Windows-AAD","Http request status: 400. Method: GET Endpoint Uri: https://login.microsoftonline.com/6ac7a1f4-5fb1-4153-bb4f-12d2020a1f7d/sidtoname Correlation ID: 94e0fa6e-e9a8-4063-b717-c6177f7c7827"
"19-08-2026 10:17:47","1104","Error","Microsoft-Windows-AAD","AAD Cloud AP plugin call Lookup name name from SID returned error: 0xC00485D3"
"19-08-2026 10:17:47","1025","Error","Microsoft-Windows-AAD","Http request status: 400. Method: GET Endpoint Uri: https://login.microsoftonline.com/6ac7a1f4-5fb1-4153-bb4f-12d2020a1f7d/sidtoname Correlation ID: fd4a0750-6af2-466c-afb3-0b9001f3a62a"
"19-08-2026 10:17:46","1104","Error","Microsoft-Windows-AAD","AAD Cloud AP plugin call Lookup name name from SID returned error: 0xC00485D3"
"19-08-2026 10:17:46","1025","Error","Microsoft-Windows-AAD","Http request status: 400. Method: GET Endpoint Uri: https://login.microsoftonline.com/6ac7a1f4-5fb1-4153-bb4f-12d2020a1f7d/sidtoname Correlation ID: c42abcb1-c190-4e09-86c4-f538cbd875d5"
"19-08-2026 10:17:45","1104","Error","Microsoft-Windows-AAD","AAD Cloud AP plugin call Lookup name name from SID returned error: 0xC00485D3"
"19-08-2026 10:17:45","1025","Error","Microsoft-Windows-AAD","Http request status: 400. Method: GET Endpoint Uri: https://login.microsoftonline.com/6ac7a1f4-5fb1-4153-bb4f-12d2020a1f7d/sidtoname Correlation ID: 4acd0de8-87fe-4901-9601-f8e9203bbd4f"
"19-08-2026 10:17:44","1104","Error","Microsoft-Windows-AAD","AAD Cloud AP plugin call Lookup name name from SID returned error: 0xC00485D3"
"19-08-2026 10:17:44","1025","Error","Microsoft-Windows-AAD","Http request status: 400. Method: GET Endpoint Uri: https://login.microsoftonline.com/6ac7a1f4-5fb1-4153-bb4f-12d2020a1f7d/sidtoname Correlation ID: 7d90431d-c060-427e-a9d3-8fa338434bbf"
"19-08-2026 10:17:43","1104","Error","Microsoft-Windows-AAD","AAD Cloud AP plugin call Lookup name name from SID returned error: 0xC00485D3"
"19-08-2026 10:17:43","1025","Error","Microsoft-Windows-AAD","Http request status: 400. Method: GET Endpoint Uri: https://login.microsoftonline.com/6ac7a1f4-5fb1-4153-bb4f-12d2020a1f7d/sidtoname Correlation ID: 8caa9fde-ad60-4969-b76c-36daf88b75f0"
"19-08-2026 10:17:42","1104","Error","Microsoft-Windows-AAD","AAD Cloud AP plugin call Lookup name name from SID returned error: 0xC00485D3"
"19-08-2026 10:17:42","1025","Error","Microsoft-Windows-AAD","Http request status: 400. Method: GET Endpoint Uri: https://login.microsoftonline.com/6ac7a1f4-5fb1-4153-bb4f-12d2020a1f7d/sidtoname Correlation ID: 5ba6d58b-6426-4ff8-a6ec-3a18c89d70ef"
"19-08-2026 10:17:41","1104","Error","Microsoft-Windows-AAD","AAD Cloud AP plugin call Lookup name name from SID returned error: 0xC00485D3"
"19-08-2026 10:17:41","1025","Error","Microsoft-Windows-AAD","Http request status: 400. Method: GET Endpoint Uri: https://login.microsoftonline.com/6ac7a1f4-5fb1-4153-bb4f-12d2020a1f7d/sidtoname Correlation ID: ff63c472-aa9c-4177-b7ba-fc06f710b528"
"19-08-2026 10:17:40","1104","Error","Microsoft-Windows-AAD","AAD Cloud AP plugin call Lookup name name from SID returned error: 0xC00485D3"
"19-08-2026 10:17:40","1025","Error","Microsoft-Windows-AAD","Http request status: 400. Method: GET Endpoint Uri: https://login.microsoftonline.com/6ac7a1f4-5fb1-4153-bb4f-12d2020a1f7d/sidtoname Correlation ID: 3481aa78-e065-4587-8930-5d17de449880"
"19-08-2026 10:17:39","1104","Error","Microsoft-Windows-AAD","AAD Cloud AP plugin call Lookup name name from SID returned error: 0xC00485D3"
"19-08-2026 10:17:39","1025","Error","Microsoft-Windows-AAD","Http request status: 400. Method: GET Endpoint Uri: https://login.microsoftonline.com/6ac7a1f4-5fb1-4153-bb4f-12d2020a1f7d/sidtoname Correlation ID: da838509-f523-4f2b-8bcb-bf5076aa33d4"
"19-08-2026 10:17:38","1104","Error","Microsoft-Windows-AAD","AAD Cloud AP plugin call Lookup name name from SID returned error: 0xC00485D3"
"19-08-2026 10:17:38","1025","Error","Microsoft-Windows-AAD","Http request status: 400. Method: GET Endpoint Uri: https://login.microsoftonline.com/6ac7a1f4-5fb1-4153-bb4f-12d2020a1f7d/sidtoname Correlation ID: b1216747-cdd3-4d3f-9935-6a0551f188f8"
"19-08-2026 10:17:38","1104","Error","Microsoft-Windows-AAD","AAD Cloud AP plugin call Lookup name name from SID returned error: 0xC00485D3"
"19-08-2026 10:17:38","1025","Error","Microsoft-Windows-AAD","Http request status: 400. Method: GET Endpoint Uri: https://login.microsoftonline.com/6ac7a1f4-5fb1-4153-bb4f-12d2020a1f7d/sidtoname Correlation ID: a924e836-8572-4ef3-b368-3e89151ecc69"
"19-08-2026 10:17:36","1104","Error","Microsoft-Windows-AAD","AAD Cloud AP plugin call Lookup name name from SID returned error: 0xC00485D3"
"19-08-2026 10:17:36","1025","Error","Microsoft-Windows-AAD","Http request status: 400. Method: GET Endpoint Uri: https://login.microsoftonline.com/6ac7a1f4-5fb1-4153-bb4f-12d2020a1f7d/sidtoname Correlation ID: f3a82c6e-1b91-4b08-83b6-72a040399eaa"
"19-08-2026 10:17:35","1104","Error","Microsoft-Windows-AAD","AAD Cloud AP plugin call Lookup name name from SID returned error: 0xC00485D3"
"19-08-2026 10:17:35","1025","Error","Microsoft-Windows-AAD","Http request status: 400. Method: GET Endpoint Uri: https://login.microsoftonline.com/6ac7a1f4-5fb1-4153-bb4f-12d2020a1f7d/sidtoname Correlation ID: bc2ead1c-8dd4-4ef0-81af-60df141cf63b"
"19-08-2026 10:17:34","1104","Error","Microsoft-Windows-AAD","AAD Cloud AP plugin call Lookup name name from SID returned error: 0xC00485D3"
"19-08-2026 10:17:34","1025","Error","Microsoft-Windows-AAD","Http request status: 400. Method: GET Endpoint Uri: https://login.microsoftonline.com/6ac7a1f4-5fb1-4153-bb4f-12d2020a1f7d/sidtoname Correlation ID: 0a3b0143-5b00-4db2-93f9-82c4131bdfd9"
"19-08-2026 10:17:33","1104","Error","Microsoft-Windows-AAD","AAD Cloud AP plugin call Lookup name name from SID returned error: 0xC00485D3"
"19-08-2026 10:17:33","1025","Error","Microsoft-Windows-AAD","Http request status: 400. Method: GET Endpoint Uri: https://login.microsoftonline.com/6ac7a1f4-5fb1-4153-bb4f-12d2020a1f7d/sidtoname Correlation ID: 512ec3f7-b6e0-4191-867c-8f1bb09a6675"
"19-08-2026 10:17:32","1104","Error","Microsoft-Windows-AAD","AAD Cloud AP plugin call Lookup name name from SID returned error: 0xC00485D3"
"19-08-2026 10:17:32","1025","Error","Microsoft-Windows-AAD","Http request status: 400. Method: GET Endpoint Uri: https://login.microsoftonline.com/6ac7a1f4-5fb1-4153-bb4f-12d2020a1f7d/sidtoname Correlation ID: b4bbabd2-fd55-42e5-96db-cd54a48878f1"
"19-08-2026 10:17:31","1104","Error","Microsoft-Windows-AAD","AAD Cloud AP plugin call Lookup name name from SID returned error: 0xC00485D3"
"19-08-2026 10:17:31","1025","Error","Microsoft-Windows-AAD","Http request status: 400. Method: GET Endpoint Uri: https://login.microsoftonline.com/6ac7a1f4-5fb1-4153-bb4f-12d2020a1f7d/sidtoname Correlation ID: 9ddebcc3-fa08-4027-b9a1-d46c8e2468a0"
"19-08-2026 10:17:30","1104","Error","Microsoft-Windows-AAD","AAD Cloud AP plugin call Lookup name name from SID returned error: 0xC00485D3"
"19-08-2026 10:17:30","1025","Error","Microsoft-Windows-AAD","Http request status: 400. Method: GET Endpoint Uri: https://login.microsoftonline.com/6ac7a1f4-5fb1-4153-bb4f-12d2020a1f7d/sidtoname Correlation ID: 2462f8e6-c38a-4ba6-9b9d-26de8ec484c8"
"19-08-2026 10:17:30","1104","Error","Microsoft-Windows-AAD","AAD Cloud AP plugin call Lookup name name from SID returned error: 0xC00485D3"
"19-08-2026 10:17:30","1025","Error","Microsoft-Windows-AAD","Http request status: 400. Method: GET Endpoint Uri: https://login.microsoftonline.com/6ac7a1f4-5fb1-4153-bb4f-12d2020a1f7d/sidtoname Correlation ID: deace996-834c-40cf-98e2-c37c7493fd0e"
"19-08-2026 10:17:29","1104","Error","Microsoft-Windows-AAD","AAD Cloud AP plugin call Lookup name name from SID returned error: 0xC00485D3"
"19-08-2026 10:17:29","1025","Error","Microsoft-Windows-AAD","Http request status: 400. Method: GET Endpoint Uri: https://login.microsoftonline.com/6ac7a1f4-5fb1-4153-bb4f-12d2020a1f7d/sidtoname Correlation ID: 8cc57f0f-18ad-4786-875a-2a2e0391802c"
"19-08-2026 10:17:28","1104","Error","Microsoft-Windows-AAD","AAD Cloud AP plugin call Lookup name name from SID returned error: 0xC00485D3"
"19-08-2026 10:17:28","1025","Error","Microsoft-Windows-AAD","Http request status: 400. Method: GET Endpoint Uri: https://login.microsoftonline.com/6ac7a1f4-5fb1-4153-bb4f-12d2020a1f7d/sidtoname Correlation ID: 544dbd38-9c75-4f88-98cb-0846a72ec551"
"19-08-2026 10:17:27","1104","Error","Microsoft-Windows-AAD","AAD Cloud AP plugin call Lookup name name from SID returned error: 0xC00485D3"
"19-08-2026 10:17:27","1025","Error","Microsoft-Windows-AAD","Http request status: 400. Method: GET Endpoint Uri: https://login.microsoftonline.com/6ac7a1f4-5fb1-4153-bb4f-12d2020a1f7d/sidtoname Correlation ID: fc860d31-5cc7-4344-81a9-c80373c213e7"
"19-08-2026 10:17:26","1104","Error","Microsoft-Windows-AAD","AAD Cloud AP plugin call Lookup name name from SID returned error: 0xC00485D3"
"19-08-2026 10:17:26","1025","Error","Microsoft-Windows-AAD","Http request status: 400. Method: GET Endpoint Uri: https://login.microsoftonline.com/6ac7a1f4-5fb1-4153-bb4f-12d2020a1f7d/sidtoname Correlation ID: 24ff85b4-9b4a-48a3-a765-1079457cdf55"
"19-08-2026 09:56:53","1104","Error","Microsoft-Windows-AAD","AAD Cloud AP plugin call Post logon processing returned error: 0xC000006D"
"19-08-2026 09:56:53","1159","Warning","Microsoft-Windows-AAD","AadCloudAPPlugin S4U logon failed. Status: 0xC000006D"
"19-08-2026 09:56:49","1241","Information","Microsoft-Windows-AAD","On-prem tgt error: On-prem configuration is missing"
"19-08-2026 09:56:48","1251","Information","Microsoft-Windows-AAD","DoGetEnterpriseToken Diagnostic Event:
Result: 0xC0000250
User Identity: joe.prakash@nielseniq.com
Credential Type: 2
Correlation ID: de1b3ac1-d5ee-4f10-a244-30b37993f9fc
Endpoint Uri: https://sts.nielseniq.com/adfs/oauth2/token/
HTTP Status: POST
HTTP Method: The operation completed successfully.
ErrorCode: 401
Error Description: interaction_required"
"19-08-2026 09:56:48","1118","Error","Microsoft-Windows-AAD","Enterprise STS Logon failure. Status: 0xC0000250 Correlation ID: de1b3ac1-d5ee-4f10-a244-30b37993f9fc"
"19-08-2026 09:56:48","1081","Error","Microsoft-Windows-AAD","OAuth response error: interaction_required
Error description: MSIS9699: GlobalAuthenticationPolicy on the Server doesn't allow this OAuth JWT Bearer request. Please contact the administrator to update the GlobalAuthenticationPolicy.
CorrelationID: "
"19-08-2026 09:56:48","1025","Error","Microsoft-Windows-AAD","Http request status: 401. Method: POST Endpoint Uri: https://sts.nielseniq.com/adfs/oauth2/token/ Correlation ID: de1b3ac1-d5ee-4f10-a244-30b37993f9fc"
"19-08-2026 09:56:45","1241","Information","Microsoft-Windows-AAD","On-prem tgt error: On-prem configuration is missing"
"19-08-2026 09:56:41","1241","Information","Microsoft-Windows-AAD","On-prem tgt error: On-prem configuration is missing"
"19-08-2026 09:56:32","1104","Error","Microsoft-Windows-AAD","AAD Cloud AP plugin call GenericCallPkg returned error: 0xC000023C"
"19-08-2026 09:56:32","1084","Error","Microsoft-Windows-AAD","Http transport error. Status: Unknown HResult Error code: 0x80072ee7 Correlation ID: {41E79DCE-CDBB-46C2-8EC0-974987436B83}"
"19-08-2026 00:26:07","1241","Information","Microsoft-Windows-AAD","On-prem tgt error: On-prem configuration is missing"
"19-08-2026 00:26:04","1098","Error","Microsoft-Windows-AAD","Error: 0xCAA5001C Token broker operation failed.
Operation name: GetTokenSilently, Error: -895025148 (0xcaa70004), Description: The server or proxy was not found.
Logged at WebAccountProcessor.cpp, line: 723, method: AAD::Core::WebAccountProcessor::ReportOperationError."
"19-08-2026 00:26:04","1097","Warning","Microsoft-Windows-AAD","Error: 0xCAA90056 Renew token by the primary refresh token failed.
Logged at RefreshTokenRequest.cpp, line: 149, method: RefreshTokenRequest::AcquireToken.

Request: authority: https://login.microsoftonline.com/6ac7a1f4-5fb1-4153-bb4f-12d2020a1f7d, client: ab9b8c07-8f02-4f72-87fa-80105867a763, redirect URI: ms-appx-web://Microsoft.AAD.BrokerPlugin/ab9b8c07-8f02-4f72-87fa-80105867a763, resource: , correlation ID (request): ffb79a2a-e7fd-4651-8a57-a138414962fe"
"19-08-2026 00:26:04","1098","Error","Microsoft-Windows-AAD","Error: 0xCAA70004 The server or proxy was not found.
Code: authentication_failed
Description: The server or proxy was not found.
TokenEndpoint: https://login.microsoftonline.com/6ac7a1f4-5fb1-4153-bb4f-12d2020a1f7d/oauth2/token
Logged at OAuthTokenRequestBase.cpp, line: 323, method: OAuthTokenRequestBase::SendRequest.

Request: authority: https://login.microsoftonline.com/6ac7a1f4-5fb1-4153-bb4f-12d2020a1f7d, client: ab9b8c07-8f02-4f72-87fa-80105867a763, redirect URI: ms-appx-web://Microsoft.AAD.BrokerPlugin/ab9b8c07-8f02-4f72-87fa-80105867a763, resource: , correlation ID (request): ffb79a2a-e7fd-4651-8a57-a138414962fe"
"19-08-2026 00:26:04","1098","Error","Microsoft-Windows-AAD","Error: 0xCAA70004 The server or proxy was not found.
Exception of type 'class HttpException' at XMLHTTPWebRequest.cpp, line: 184, method: XMLHTTPWebRequest::ReceiveResponse.

Log: 0xcaa90051 Sending OAuth request failed.
Logged at OAuthTokenRequestBase.cpp, line: 323, method: OAuthTokenRequestBase::SendRequest.

Request: authority: https://login.microsoftonline.com/6ac7a1f4-5fb1-4153-bb4f-12d2020a1f7d, client: ab9b8c07-8f02-4f72-87fa-80105867a763, redirect URI: ms-appx-web://Microsoft.AAD.BrokerPlugin/ab9b8c07-8f02-4f72-87fa-80105867a763, resource: , correlation ID (request): ffb79a2a-e7fd-4651-8a57-a138414962fe"
"19-08-2026 00:26:04","1098","Error","Microsoft-Windows-AAD","Error: 0xCAA5001C Token broker operation failed.
Operation name: GetTokenSilently, Error: -895025148 (0xcaa70004), Description: The server or proxy was not found.
Logged at WebAccountProcessor.cpp, line: 723, method: AAD::Core::WebAccountProcessor::ReportOperationError."
"19-08-2026 00:26:04","1097","Warning","Microsoft-Windows-AAD","Error: 0xCAA90056 Renew token by the primary refresh token failed.
Logged at RefreshTokenRequest.cpp, line: 149, method: RefreshTokenRequest::AcquireToken.

Request: authority: https://login.microsoftonline.com/6ac7a1f4-5fb1-4153-bb4f-12d2020a1f7d, client: d3590ed6-52b3-4102-aeff-aad2292ab01c, redirect URI: ms-appx-web://Microsoft.AAD.BrokerPlugin/d3590ed6-52b3-4102-aeff-aad2292ab01c, resource: , correlation ID (request): 815f47e6-bc36-4eb7-a36d-3c20858a6f6a"
"19-08-2026 00:26:04","1098","Error","Microsoft-Windows-AAD","Error: 0xCAA70004 The server or proxy was not found.
Code: authentication_failed
Description: The server or proxy was not found.
TokenEndpoint: https://login.microsoftonline.com/6ac7a1f4-5fb1-4153-bb4f-12d2020a1f7d/oauth2/token
Logged at OAuthTokenRequestBase.cpp, line: 323, method: OAuthTokenRequestBase::SendRequest.

Request: authority: https://login.microsoftonline.com/6ac7a1f4-5fb1-4153-bb4f-12d2020a1f7d, client: d3590ed6-52b3-4102-aeff-aad2292ab01c, redirect URI: ms-appx-web://Microsoft.AAD.BrokerPlugin/d3590ed6-52b3-4102-aeff-aad2292ab01c, resource: , correlation ID (request): 815f47e6-bc36-4eb7-a36d-3c20858a6f6a"
"19-08-2026 00:26:04","1098","Error","Microsoft-Windows-AAD","Error: 0xCAA70004 The server or proxy was not found.
Exception of type 'class HttpException' at XMLHTTPWebRequest.cpp, line: 184, method: XMLHTTPWebRequest::ReceiveResponse.

Log: 0xcaa90051 Sending OAuth request failed.
Logged at OAuthTokenRequestBase.cpp, line: 323, method: OAuthTokenRequestBase::SendRequest.

Request: authority: https://login.microsoftonline.com/6ac7a1f4-5fb1-4153-bb4f-12d2020a1f7d, client: d3590ed6-52b3-4102-aeff-aad2292ab01c, redirect URI: ms-appx-web://Microsoft.AAD.BrokerPlugin/d3590ed6-52b3-4102-aeff-aad2292ab01c, resource: , correlation ID (request): 815f47e6-bc36-4eb7-a36d-3c20858a6f6a"
"19-08-2026 00:26:04","1098","Error","Microsoft-Windows-AAD","Error: 0xCAA5001C Token broker operation failed.
Operation name: GetTokenSilently, Error: -895025148 (0xcaa70004), Description: The server or proxy was not found.
Logged at WebAccountProcessor.cpp, line: 723, method: AAD::Core::WebAccountProcessor::ReportOperationError."
"19-08-2026 00:26:04","1097","Warning","Microsoft-Windows-AAD","Error: 0xCAA90056 Renew token by the primary refresh token failed.
Logged at RefreshTokenRequest.cpp, line: 149, method: RefreshTokenRequest::AcquireToken.

Request: authority: https://login.microsoftonline.com/6ac7a1f4-5fb1-4153-bb4f-12d2020a1f7d, client: ab9b8c07-8f02-4f72-87fa-80105867a763, redirect URI: ms-appx-web://Microsoft.AAD.BrokerPlugin/ab9b8c07-8f02-4f72-87fa-80105867a763, resource: , correlation ID (request): ca49eb88-1c80-4acc-9e82-e2767f75595b"
"19-08-2026 00:26:04","1098","Error","Microsoft-Windows-AAD","Error: 0xCAA70004 The server or proxy was not found.
Code: authentication_failed
Description: The server or proxy was not found.
TokenEndpoint: https://login.microsoftonline.com/6ac7a1f4-5fb1-4153-bb4f-12d2020a1f7d/oauth2/token
Logged at OAuthTokenRequestBase.cpp, line: 323, method: OAuthTokenRequestBase::SendRequest.

Request: authority: https://login.microsoftonline.com/6ac7a1f4-5fb1-4153-bb4f-12d2020a1f7d, client: ab9b8c07-8f02-4f72-87fa-80105867a763, redirect URI: ms-appx-web://Microsoft.AAD.BrokerPlugin/ab9b8c07-8f02-4f72-87fa-80105867a763, resource: , correlation ID (request): ca49eb88-1c80-4acc-9e82-e2767f75595b"
"19-08-2026 00:26:04","1098","Error","Microsoft-Windows-AAD","Error: 0xCAA70004 The server or proxy was not found.
Exception of type 'class HttpException' at XMLHTTPWebRequest.cpp, line: 184, method: XMLHTTPWebRequest::ReceiveResponse.

Log: 0xcaa90051 Sending OAuth request failed.
Logged at OAuthTokenRequestBase.cpp, line: 323, method: OAuthTokenRequestBase::SendRequest.

Request: authority: https://login.microsoftonline.com/6ac7a1f4-5fb1-4153-bb4f-12d2020a1f7d, client: ab9b8c07-8f02-4f72-87fa-80105867a763, redirect URI: ms-appx-web://Microsoft.AAD.BrokerPlugin/ab9b8c07-8f02-4f72-87fa-80105867a763, resource: , correlation ID (request): ca49eb88-1c80-4acc-9e82-e2767f75595b"
"19-08-2026 00:26:03","1098","Error","Microsoft-Windows-AAD","Error: 0xCAA5001C Token broker operation failed.
Operation name: GetTokenSilently, Error: -895025148 (0xcaa70004), Description: The server or proxy was not found.
Logged at WebAccountProcessor.cpp, line: 723, method: AAD::Core::WebAccountProcessor::ReportOperationError."
"19-08-2026 00:26:03","1097","Warning","Microsoft-Windows-AAD","Error: 0xCAA90056 Renew token by the primary refresh token failed.
Logged at RefreshTokenRequest.cpp, line: 149, method: RefreshTokenRequest::AcquireToken.

Request: authority: https://login.microsoftonline.com/organizations, client: d3590ed6-52b3-4102-aeff-aad2292ab01c, redirect URI: ms-appx-web://Microsoft.AAD.BrokerPlugin/d3590ed6-52b3-4102-aeff-aad2292ab01c, resource: https://dataservice.o365filtering.com, correlation ID (request): 50d28408-bde0-4466-b36f-fdf8f9ed7ba5"
"19-08-2026 00:26:03","1098","Error","Microsoft-Windows-AAD","Error: 0xCAA70004 The server or proxy was not found.
Code: authentication_failed
Description: The server or proxy was not found.
TokenEndpoint: https://login.microsoftonline.com/organizations/oauth2/token
Logged at OAuthTokenRequestBase.cpp, line: 323, method: OAuthTokenRequestBase::SendRequest.

Request: authority: https://login.microsoftonline.com/organizations, client: d3590ed6-52b3-4102-aeff-aad2292ab01c, redirect URI: ms-appx-web://Microsoft.AAD.BrokerPlugin/d3590ed6-52b3-4102-aeff-aad2292ab01c, resource: https://dataservice.o365filtering.com, correlation ID (request): 50d28408-bde0-4466-b36f-fdf8f9ed7ba5"
"19-08-2026 00:26:03","1098","Error","Microsoft-Windows-AAD","Error: 0xCAA70004 The server or proxy was not found.
Exception of type 'class HttpException' at XMLHTTPWebRequest.cpp, line: 184, method: XMLHTTPWebRequest::ReceiveResponse.

Log: 0xcaa90051 Sending OAuth request failed.
Logged at OAuthTokenRequestBase.cpp, line: 323, method: OAuthTokenRequestBase::SendRequest.

Request: authority: https://login.microsoftonline.com/organizations, client: d3590ed6-52b3-4102-aeff-aad2292ab01c, redirect URI: ms-appx-web://Microsoft.AAD.BrokerPlugin/d3590ed6-52b3-4102-aeff-aad2292ab01c, resource: https://dataservice.o365filtering.com, correlation ID (request): 50d28408-bde0-4466-b36f-fdf8f9ed7ba5"
"19-08-2026 00:26:03","1098","Error","Microsoft-Windows-AAD","Error: 0xCAA5001C Token broker operation failed.
Operation name: GetTokenSilently, Error: -895025148 (0xcaa70004), Description: The server or proxy was not found.
Logged at WebAccountProcessor.cpp, line: 723, method: AAD::Core::WebAccountProcessor::ReportOperationError."
"19-08-2026 00:26:03","1097","Warning","Microsoft-Windows-AAD","Error: 0xCAA90056 Renew token by the primary refresh token failed.
Logged at RefreshTokenRequest.cpp, line: 149, method: RefreshTokenRequest::AcquireToken.

Request: authority: https://login.microsoftonline.com/6ac7a1f4-5fb1-4153-bb4f-12d2020a1f7d, client: 0ec893e0-5785-4de6-99da-4ed124e5296c, redirect URI: ms-appx-web://Microsoft.AAD.BrokerPlugin/0ec893e0-5785-4de6-99da-4ed124e5296c, resource: , correlation ID (request): d1123ef9-6e63-40fe-8a8e-ba89fd715c89"
"19-08-2026 00:26:03","1098","Error","Microsoft-Windows-AAD","Error: 0xCAA70004 The server or proxy was not found.
Code: authentication_failed
Description: The server or proxy was not found.
TokenEndpoint: https://login.microsoftonline.com/6ac7a1f4-5fb1-4153-bb4f-12d2020a1f7d/oauth2/token
Logged at OAuthTokenRequestBase.cpp, line: 323, method: OAuthTokenRequestBase::SendRequest.

Request: authority: https://login.microsoftonline.com/6ac7a1f4-5fb1-4153-bb4f-12d2020a1f7d, client: 0ec893e0-5785-4de6-99da-4ed124e5296c, redirect URI: ms-appx-web://Microsoft.AAD.BrokerPlugin/0ec893e0-5785-4de6-99da-4ed124e5296c, resource: , correlation ID (request): d1123ef9-6e63-40fe-8a8e-ba89fd715c89"
"19-08-2026 00:26:03","1098","Error","Microsoft-Windows-AAD","Error: 0xCAA70004 The server or proxy was not found.
Exception of type 'class HttpException' at XMLHTTPWebRequest.cpp, line: 184, method: XMLHTTPWebRequest::ReceiveResponse.

Log: 0xcaa90051 Sending OAuth request failed.
Logged at OAuthTokenRequestBase.cpp, line: 323, method: OAuthTokenRequestBase::SendRequest.

Request: authority: https://login.microsoftonline.com/6ac7a1f4-5fb1-4153-bb4f-12d2020a1f7d, client: 0ec893e0-5785-4de6-99da-4ed124e5296c, redirect URI: ms-appx-web://Microsoft.AAD.BrokerPlugin/0ec893e0-5785-4de6-99da-4ed124e5296c, resource: , correlation ID (request): d1123ef9-6e63-40fe-8a8e-ba89fd715c89"
"19-08-2026 00:26:03","1098","Error","Microsoft-Windows-AAD","Error: 0xCAA5001C Token broker operation failed.
Operation name: GetTokenSilently, Error: -895025148 (0xcaa70004), Description: The server or proxy was not found.
Logged at WebAccountProcessor.cpp, line: 723, method: AAD::Core::WebAccountProcessor::ReportOperationError."
"19-08-2026 00:26:03","1097","Warning","Microsoft-Windows-AAD","Error: 0xCAA90056 Renew token by the primary refresh token failed.
Logged at RefreshTokenRequest.cpp, line: 149, method: RefreshTokenRequest::AcquireToken.

Request: authority: https://login.microsoftonline.com/6ac7a1f4-5fb1-4153-bb4f-12d2020a1f7d, client: ecd6b820-32c2-49b6-98a6-444530e5a77a, redirect URI: ms-appx-web://Microsoft.AAD.BrokerPlugin/ecd6b820-32c2-49b6-98a6-444530e5a77a, resource: , correlation ID (request): 1cc566b2-617d-48af-9b79-3d7f04049183"
"19-08-2026 00:26:03","1098","Error","Microsoft-Windows-AAD","Error: 0xCAA70004 The server or proxy was not found.
Code: authentication_failed
Description: The server or proxy was not found.
TokenEndpoint: https://login.microsoftonline.com/6ac7a1f4-5fb1-4153-bb4f-12d2020a1f7d/oauth2/token
Logged at OAuthTokenRequestBase.cpp, line: 323, method: OAuthTokenRequestBase::SendRequest.

Request: authority: https://login.microsoftonline.com/6ac7a1f4-5fb1-4153-bb4f-12d2020a1f7d, client: ecd6b820-32c2-49b6-98a6-444530e5a77a, redirect URI: ms-appx-web://Microsoft.AAD.BrokerPlugin/ecd6b820-32c2-49b6-98a6-444530e5a77a, resource: , correlation ID (request): 1cc566b2-617d-48af-9b79-3d7f04049183"
"19-08-2026 00:26:03","1098","Error","Microsoft-Windows-AAD","Error: 0xCAA70004 The server or proxy was not found.
Exception of type 'class HttpException' at XMLHTTPWebRequest.cpp, line: 184, method: XMLHTTPWebRequest::ReceiveResponse.

Log: 0xcaa90051 Sending OAuth request failed.
Logged at OAuthTokenRequestBase.cpp, line: 323, method: OAuthTokenRequestBase::SendRequest.

Request: authority: https://login.microsoftonline.com/6ac7a1f4-5fb1-4153-bb4f-12d2020a1f7d, client: ecd6b820-32c2-49b6-98a6-444530e5a77a, redirect URI: ms-appx-web://Microsoft.AAD.BrokerPlugin/ecd6b820-32c2-49b6-98a6-444530e5a77a, resource: , correlation ID (request): 1cc566b2-617d-48af-9b79-3d7f04049183"
"19-08-2026 00:26:03","1098","Error","Microsoft-Windows-AAD","Error: 0xCAA5001C Token broker operation failed.
Operation name: GetTokenSilently, Error: -895025148 (0xcaa70004), Description: The server or proxy was not found.
Logged at WebAccountProcessor.cpp, line: 723, method: AAD::Core::WebAccountProcessor::ReportOperationError."
"19-08-2026 00:26:03","1097","Warning","Microsoft-Windows-AAD","Error: 0xCAA90056 Renew token by the primary refresh token failed.
Logged at RefreshTokenRequest.cpp, line: 149, method: RefreshTokenRequest::AcquireToken.

Request: authority: https://login.microsoftonline.com/6ac7a1f4-5fb1-4153-bb4f-12d2020a1f7d, client: d3590ed6-52b3-4102-aeff-aad2292ab01c, redirect URI: ms-appx-web://Microsoft.AAD.BrokerPlugin/d3590ed6-52b3-4102-aeff-aad2292ab01c, resource: , correlation ID (request): 8ab8c93c-1ace-46e3-a882-2b8395fecc29"
"19-08-2026 00:26:03","1098","Error","Microsoft-Windows-AAD","Error: 0xCAA70004 The server or proxy was not found.
Code: authentication_failed
Description: The server or proxy was not found.
TokenEndpoint: https://login.microsoftonline.com/6ac7a1f4-5fb1-4153-bb4f-12d2020a1f7d/oauth2/token
Logged at OAuthTokenRequestBase.cpp, line: 323, method: OAuthTokenRequestBase::SendRequest.

Request: authority: https://login.microsoftonline.com/6ac7a1f4-5fb1-4153-bb4f-12d2020a1f7d, client: d3590ed6-52b3-4102-aeff-aad2292ab01c, redirect URI: ms-appx-web://Microsoft.AAD.BrokerPlugin/d3590ed6-52b3-4102-aeff-aad2292ab01c, resource: , correlation ID (request): 8ab8c93c-1ace-46e3-a882-2b8395fecc29"
"19-08-2026 00:26:03","1098","Error","Microsoft-Windows-AAD","Error: 0xCAA70004 The server or proxy was not found.
Exception of type 'class HttpException' at XMLHTTPWebRequest.cpp, line: 184, method: XMLHTTPWebRequest::ReceiveResponse.

Log: 0xcaa90051 Sending OAuth request failed.
Logged at OAuthTokenRequestBase.cpp, line: 323, method: OAuthTokenRequestBase::SendRequest.

Request: authority: https://login.microsoftonline.com/6ac7a1f4-5fb1-4153-bb4f-12d2020a1f7d, client: d3590ed6-52b3-4102-aeff-aad2292ab01c, redirect URI: ms-appx-web://Microsoft.AAD.BrokerPlugin/d3590ed6-52b3-4102-aeff-aad2292ab01c, resource: , correlation ID (request): 8ab8c93c-1ace-46e3-a882-2b8395fecc29"
"19-08-2026 00:26:03","1098","Error","Microsoft-Windows-AAD","Error: 0xCAA5001C Token broker operation failed.
Operation name: GetTokenSilently, Error: -895025148 (0xcaa70004), Description: The server or proxy was not found.
Logged at WebAccountProcessor.cpp, line: 723, method: AAD::Core::WebAccountProcessor::ReportOperationError."
"19-08-2026 00:26:03","1097","Warning","Microsoft-Windows-AAD","Error: 0xCAA90056 Renew token by the primary refresh token failed.
Logged at RefreshTokenRequest.cpp, line: 149, method: RefreshTokenRequest::AcquireToken.

Request: authority: https://login.microsoftonline.com/6ac7a1f4-5fb1-4153-bb4f-12d2020a1f7d, client: ecd6b820-32c2-49b6-98a6-444530e5a77a, redirect URI: ms-appx-web://Microsoft.AAD.BrokerPlugin/ecd6b820-32c2-49b6-98a6-444530e5a77a, resource: , correlation ID (request): 09527425-e2b8-4bae-b975-a95ad1e26466"
"19-08-2026 00:26:03","1098","Error","Microsoft-Windows-AAD","Error: 0xCAA70004 The server or proxy was not found.
Code: authentication_failed
Description: The server or proxy was not found.
TokenEndpoint: https://login.microsoftonline.com/6ac7a1f4-5fb1-4153-bb4f-12d2020a1f7d/oauth2/token
Logged at OAuthTokenRequestBase.cpp, line: 323, method: OAuthTokenRequestBase::SendRequest.

Request: authority: https://login.microsoftonline.com/6ac7a1f4-5fb1-4153-bb4f-12d2020a1f7d, client: ecd6b820-32c2-49b6-98a6-444530e5a77a, redirect URI: ms-appx-web://Microsoft.AAD.BrokerPlugin/ecd6b820-32c2-49b6-98a6-444530e5a77a, resource: , correlation ID (request): 09527425-e2b8-4bae-b975-a95ad1e26466"
"19-08-2026 00:26:03","1098","Error","Microsoft-Windows-AAD","Error: 0xCAA70004 The server or proxy was not found.
Exception of type 'class HttpException' at XMLHTTPWebRequest.cpp, line: 184, method: XMLHTTPWebRequest::ReceiveResponse.

Log: 0xcaa90051 Sending OAuth request failed.
Logged at OAuthTokenRequestBase.cpp, line: 323, method: OAuthTokenRequestBase::SendRequest.

Request: authority: https://login.microsoftonline.com/6ac7a1f4-5fb1-4153-bb4f-12d2020a1f7d, client: ecd6b820-32c2-49b6-98a6-444530e5a77a, redirect URI: ms-appx-web://Microsoft.AAD.BrokerPlugin/ecd6b820-32c2-49b6-98a6-444530e5a77a, resource: , correlation ID (request): 09527425-e2b8-4bae-b975-a95ad1e26466"
"19-08-2026 00:26:03","1098","Error","Microsoft-Windows-AAD","Error: 0xCAA5001C Token broker operation failed.
Operation name: GetTokenSilently, Error: -895025148 (0xcaa70004), Description: The server or proxy was not found.
Logged at WebAccountProcessor.cpp, line: 723, method: AAD::Core::WebAccountProcessor::ReportOperationError."
"19-08-2026 00:26:03","1097","Warning","Microsoft-Windows-AAD","Error: 0xCAA90056 Renew token by the primary refresh token failed.
Logged at RefreshTokenRequest.cpp, line: 149, method: RefreshTokenRequest::AcquireToken.

Request: authority: https://login.microsoftonline.com/6ac7a1f4-5fb1-4153-bb4f-12d2020a1f7d, client: d7b530a4-7680-4c23-a8bf-c52c121d2e87, redirect URI: ms-appx-web://Microsoft.AAD.BrokerPlugin/d7b530a4-7680-4c23-a8bf-c52c121d2e87, resource: , correlation ID (request): 3ecb707c-a30b-4a2a-8977-188e845dcfd4"
"19-08-2026 00:26:03","1098","Error","Microsoft-Windows-AAD","Error: 0xCAA70004 The server or proxy was not found.
Code: authentication_failed
Description: The server or proxy was not found.
TokenEndpoint: https://login.microsoftonline.com/6ac7a1f4-5fb1-4153-bb4f-12d2020a1f7d/oauth2/token
Logged at OAuthTokenRequestBase.cpp, line: 323, method: OAuthTokenRequestBase::SendRequest.

Request: authority: https://login.microsoftonline.com/6ac7a1f4-5fb1-4153-bb4f-12d2020a1f7d, client: d7b530a4-7680-4c23-a8bf-c52c121d2e87, redirect URI: ms-appx-web://Microsoft.AAD.BrokerPlugin/d7b530a4-7680-4c23-a8bf-c52c121d2e87, resource: , correlation ID (request): 3ecb707c-a30b-4a2a-8977-188e845dcfd4"
"19-08-2026 00:26:03","1098","Error","Microsoft-Windows-AAD","Error: 0xCAA70004 The server or proxy was not found.
Exception of type 'class HttpException' at XMLHTTPWebRequest.cpp, line: 184, method: XMLHTTPWebRequest::ReceiveResponse.

Log: 0xcaa90051 Sending OAuth request failed.
Logged at OAuthTokenRequestBase.cpp, line: 323, method: OAuthTokenRequestBase::SendRequest.

Request: authority: https://login.microsoftonline.com/6ac7a1f4-5fb1-4153-bb4f-12d2020a1f7d, client: d7b530a4-7680-4c23-a8bf-c52c121d2e87, redirect URI: ms-appx-web://Microsoft.AAD.BrokerPlugin/d7b530a4-7680-4c23-a8bf-c52c121d2e87, resource: , correlation ID (request): 3ecb707c-a30b-4a2a-8977-188e845dcfd4"
"19-08-2026 00:26:03","1098","Error","Microsoft-Windows-AAD","Error: 0xCAA5001C Token broker operation failed.
Operation name: GetTokenSilently, Error: -895025148 (0xcaa70004), Description: The server or proxy was not found.
Logged at WebAccountProcessor.cpp, line: 723, method: AAD::Core::WebAccountProcessor::ReportOperationError."
"19-08-2026 00:26:03","1097","Warning","Microsoft-Windows-AAD","Error: 0xCAA90056 Renew token by the primary refresh token failed.
Logged at RefreshTokenRequest.cpp, line: 149, method: RefreshTokenRequest::AcquireToken.

Request: authority: https://login.microsoftonline.com/6ac7a1f4-5fb1-4153-bb4f-12d2020a1f7d, client: d7b530a4-7680-4c23-a8bf-c52c121d2e87, redirect URI: ms-appx-web://Microsoft.AAD.BrokerPlugin/d7b530a4-7680-4c23-a8bf-c52c121d2e87, resource: , correlation ID (request): 002f04aa-3307-44a3-810d-2300ad9ca53b"
