"17-08-2026 12:36:40","142","Information","Microsoft-Windows-Ntfs","Summary of disk space usage, since last event:

           Available space was between 79.14 GB and 83.63 GB
           Change in available space: 4.49 GB
           
           Available clusters were between: 20745223 and 21921595
           Reserved clusters were between: 1316763 and 1325387
           Txf abort reserved clusters were between: 1024 and 1024
           
           Elapsed seconds: 3601
           
           Pagefile size: 23.02 GB
           Volume size: 235.88 GB
           Bytes per cluster: 4096
           
           Volume guid: {c5c572ba-c5d0-47f6-864e-13eb05e6d46c}
           Volume name: C:
           Is boot volume: true
           
           Cached runs miss counts:
               For MFT: 0
               For MFT zone: 0
               Everything else: 0
"
"17-08-2026 12:02:12","303","Information","Microsoft-Windows-Ntfs","The NTFS volume has successfully dismounted.

           Volume correlation Id: {00000000-0000-0000-0000-000000000000}
           Volume name: OS
           Volume label: OS

           Device name: \Device\HarddiskVolumeShadowCopy14
           Device GUID: {00000000-0000-0000-0000-000000000000}
           Device manufacturer: 
           Device model: 
           Device revision: 
           Device serial number: 
           Bus type: <unknown>
           Native NVMe: false

           Adapter serial number: 
           
           Process Id: 37836
           Process name: svchost.exe
           
           Reason: User request
"
"17-08-2026 12:02:12","300","Information","Microsoft-Windows-Ntfs","NTFS volume dismount has started.

           Volume correlation Id: {00000000-0000-0000-0000-000000000000}
           Volume name: 
           Volume label: OS

           Device name: \Device\HarddiskVolumeShadowCopy14
           Device GUID: {00000000-0000-0000-0000-000000000000}
           Device manufacturer: 
           Device model: 
           Device revision: 
           Device serial number: 
           Bus type: <unknown>
           Native NVMe: false
           
           Adapter serial number: 
           
           Process Id: 37836
           Process name: svchost.exe
           
           Reason: User request
"
"17-08-2026 12:02:11","10","Information","Microsoft-Windows-Ntfs","NTFS cached runs statistics.

           Volume correlation Id: {c5c572ba-c5d0-47f6-864e-13eb05e6d46c}
           Volume name: C:
           Volume label: OS

           Device name: \Device\HarddiskVolume3
           Device GUID: {0d0616a1-3adc-3de7-d9a2-784fe4e2d52a}
           Device manufacturer: NVMe
           Device model: PM9C1b Samsung 256GB
           Device revision: 58330109
           Device serial number: 0025_38F6_5106_1623.
           Bus type: NVMe
           Native NVMe: false

           Adapter serial number: 

           Media type: Hard disk
           Runs cached: 5881
           Longest run cached: 21.67 GB
           Most populated bin Count: 2342
           Most populated bin's minimum length: 16 KB
           Most populated bin's maximum length: 16 KB
"
"17-08-2026 12:02:11","9","Information","Microsoft-Windows-Ntfs","NTFS scanned entire volume bitmap.

           Volume correlation Id: {c5c572ba-c5d0-47f6-864e-13eb05e6d46c}
           Volume name: C:
           Volume label: OS

           Device name: \Device\HarddiskVolume3
           Device GUID: {0d0616a1-3adc-3de7-d9a2-784fe4e2d52a}
           Device manufacturer: NVMe
           Device model: PM9C1b Samsung 256GB
           Device revision: 58330109
           Device serial number: 0025_38F6_5106_1623.
           Bus type: NVMe
           Native NVMe: false

           Adapter serial number: 

           Duration (micro seconds): 47378
           InputFlags: 0xA
           Reason: Reload requested because of an exception or configuration change
           Flags: 0x10
"
"17-08-2026 12:02:11","4","Information","Microsoft-Windows-Ntfs","The NTFS volume has been successfully mounted.

           Volume correlation Id: {00000000-0000-0000-0000-000000000000}
           Volume name: OS
           Volume label: OS

           Device name: \Device\HarddiskVolumeShadowCopy14
           Device GUID: {00000000-0000-0000-0000-000000000000}
           Device manufacturer: 
           Device model: 
           Device revision: 
           Device serial number: 
           Bus type: <unknown>
           Device number: 4294967295
           Boot partition: false

           Native NVMe: false

           Adapter serial number: 
           
           Total mount duration: 46 ms
           Longest stage: 7. Duration 39 ms (84% of the total)
           Second longest stage: 8. Duration 2 ms (6% of the total)
           Volume restart applied: false
"
"17-08-2026 12:02:11","10","Information","Microsoft-Windows-Ntfs","NTFS cached runs statistics.

           Volume correlation Id: {00000000-0000-0000-0000-000000000000}
           Volume name: 
           Volume label: OS

           Device name: \Device\HarddiskVolumeShadowCopy14
           Device GUID: {00000000-0000-0000-0000-000000000000}
           Device manufacturer: 
           Device model: 
           Device revision: 
           Device serial number: 
           Bus type: <unknown>
           Native NVMe: false

           Adapter serial number: 

           Media type: Hard disk
           Runs cached: 4678
           Longest run cached: 21.67 GB
           Most populated bin Count: 72
           Most populated bin's minimum length: 7.51 MB
           Most populated bin's maximum length: 7.75 MB
"
"17-08-2026 12:02:11","9","Information","Microsoft-Windows-Ntfs","NTFS scanned entire volume bitmap.

           Volume correlation Id: {00000000-0000-0000-0000-000000000000}
           Volume name: 
           Volume label: OS

           Device name: \Device\HarddiskVolumeShadowCopy14
           Device GUID: {00000000-0000-0000-0000-000000000000}
           Device manufacturer: 
           Device model: 
           Device revision: 
           Device serial number: 
           Bus type: <unknown>
           Native NVMe: false

           Adapter serial number: 

           Duration (micro seconds): 35195
           InputFlags: 0xE
           Reason: Mount
           Flags: 0x10
"
"17-08-2026 12:02:11","303","Information","Microsoft-Windows-Ntfs","The NTFS volume has successfully dismounted.

           Volume correlation Id: {00000000-0000-0000-0000-000000000000}
           Volume name: OS
           Volume label: OS

           Device name: \Device\HarddiskVolumeShadowCopy14
           Device GUID: {00000000-0000-0000-0000-000000000000}
           Device manufacturer: 
           Device model: 
           Device revision: 
           Device serial number: 
           Bus type: <unknown>
           Native NVMe: false

           Adapter serial number: 
           
           Process Id: 37836
           Process name: svchost.exe
           
           Reason: User request
"
"17-08-2026 12:02:11","300","Information","Microsoft-Windows-Ntfs","NTFS volume dismount has started.

           Volume correlation Id: {00000000-0000-0000-0000-000000000000}
           Volume name: 
           Volume label: OS

           Device name: \Device\HarddiskVolumeShadowCopy14
           Device GUID: {00000000-0000-0000-0000-000000000000}
           Device manufacturer: 
           Device model: 
           Device revision: 
           Device serial number: 
           Bus type: <unknown>
           Native NVMe: false
           
           Adapter serial number: 
           
           Process Id: 37836
           Process name: svchost.exe
           
           Reason: User request
"
"17-08-2026 12:02:10","10","Information","Microsoft-Windows-Ntfs","NTFS cached runs statistics.

           Volume correlation Id: {c5c572ba-c5d0-47f6-864e-13eb05e6d46c}
           Volume name: C:
           Volume label: OS

           Device name: \Device\HarddiskVolume3
           Device GUID: {0d0616a1-3adc-3de7-d9a2-784fe4e2d52a}
           Device manufacturer: NVMe
           Device model: PM9C1b Samsung 256GB
           Device revision: 58330109
           Device serial number: 0025_38F6_5106_1623.
           Bus type: NVMe
           Native NVMe: false

           Adapter serial number: 

           Media type: Hard disk
           Runs cached: 5848
           Longest run cached: 21.67 GB
           Most populated bin Count: 2350
           Most populated bin's minimum length: 16 KB
           Most populated bin's maximum length: 16 KB
"
"17-08-2026 12:02:10","9","Information","Microsoft-Windows-Ntfs","NTFS scanned entire volume bitmap.

           Volume correlation Id: {c5c572ba-c5d0-47f6-864e-13eb05e6d46c}
           Volume name: C:
           Volume label: OS

           Device name: \Device\HarddiskVolume3
           Device GUID: {0d0616a1-3adc-3de7-d9a2-784fe4e2d52a}
           Device manufacturer: NVMe
           Device model: PM9C1b Samsung 256GB
           Device revision: 58330109
           Device serial number: 0025_38F6_5106_1623.
           Bus type: NVMe
           Native NVMe: false

           Adapter serial number: 

           Duration (micro seconds): 19676
           InputFlags: 0xA
           Reason: Reload requested because of an exception or configuration change
           Flags: 0x10
"
"17-08-2026 12:02:10","4","Information","Microsoft-Windows-Ntfs","The NTFS volume has been successfully mounted.

           Volume correlation Id: {00000000-0000-0000-0000-000000000000}
           Volume name: OS
           Volume label: OS

           Device name: \Device\HarddiskVolumeShadowCopy14
           Device GUID: {00000000-0000-0000-0000-000000000000}
           Device manufacturer: 
           Device model: 
           Device revision: 
           Device serial number: 
           Bus type: <unknown>
           Device number: 4294967295
           Boot partition: false

           Native NVMe: false

           Adapter serial number: 
           
           Total mount duration: 38 ms
           Longest stage: 7. Duration 30 ms (81% of the total)
           Second longest stage: 8. Duration 3 ms (9% of the total)
           Volume restart applied: false
"
"17-08-2026 12:02:10","10","Information","Microsoft-Windows-Ntfs","NTFS cached runs statistics.

           Volume correlation Id: {00000000-0000-0000-0000-000000000000}
           Volume name: 
           Volume label: OS

           Device name: \Device\HarddiskVolumeShadowCopy14
           Device GUID: {00000000-0000-0000-0000-000000000000}
           Device manufacturer: 
           Device model: 
           Device revision: 
           Device serial number: 
           Bus type: <unknown>
           Native NVMe: false

           Adapter serial number: 

           Media type: Hard disk
           Runs cached: 2762
           Longest run cached: 21.67 GB
           Most populated bin Count: 72
           Most populated bin's minimum length: 7.51 MB
           Most populated bin's maximum length: 7.75 MB
"
"17-08-2026 12:02:10","9","Information","Microsoft-Windows-Ntfs","NTFS scanned entire volume bitmap.

           Volume correlation Id: {00000000-0000-0000-0000-000000000000}
           Volume name: 
           Volume label: OS

           Device name: \Device\HarddiskVolumeShadowCopy14
           Device GUID: {00000000-0000-0000-0000-000000000000}
           Device manufacturer: 
           Device model: 
           Device revision: 
           Device serial number: 
           Bus type: <unknown>
           Native NVMe: false

           Adapter serial number: 

           Duration (micro seconds): 28424
           InputFlags: 0xE
           Reason: Mount
           Flags: 0x10
"
"17-08-2026 12:02:10","303","Information","Microsoft-Windows-Ntfs","The NTFS volume has successfully dismounted.

           Volume correlation Id: {00000000-0000-0000-0000-000000000000}
           Volume name: OS
           Volume label: OS

           Device name: \Device\HarddiskVolumeShadowCopy14
           Device GUID: {00000000-0000-0000-0000-000000000000}
           Device manufacturer: 
           Device model: 
           Device revision: 
           Device serial number: 
           Bus type: <unknown>
           Native NVMe: false

           Adapter serial number: 
           
           Process Id: 37836
           Process name: svchost.exe
           
           Reason: User request
"
"17-08-2026 12:02:10","300","Information","Microsoft-Windows-Ntfs","NTFS volume dismount has started.

           Volume correlation Id: {00000000-0000-0000-0000-000000000000}
           Volume name: 
           Volume label: OS

           Device name: \Device\HarddiskVolumeShadowCopy14
           Device GUID: {00000000-0000-0000-0000-000000000000}
           Device manufacturer: 
           Device model: 
           Device revision: 
           Device serial number: 
           Bus type: <unknown>
           Native NVMe: false
           
           Adapter serial number: 
           
           Process Id: 37836
           Process name: svchost.exe
           
           Reason: User request
"
"17-08-2026 12:02:10","4","Information","Microsoft-Windows-Ntfs","The NTFS volume has been successfully mounted.

           Volume correlation Id: {00000000-0000-0000-0000-000000000000}
           Volume name: OS
           Volume label: OS

           Device name: \Device\HarddiskVolumeShadowCopy14
           Device GUID: {00000000-0000-0000-0000-000000000000}
           Device manufacturer: 
           Device model: 
           Device revision: 
           Device serial number: 
           Bus type: <unknown>
           Device number: 4294967295
           Boot partition: false

           Native NVMe: false

           Adapter serial number: 
           
           Total mount duration: 40 ms
           Longest stage: 7. Duration 34 ms (84% of the total)
           Second longest stage: 8. Duration 3 ms (7% of the total)
           Volume restart applied: false
"
"17-08-2026 12:02:10","10","Information","Microsoft-Windows-Ntfs","NTFS cached runs statistics.

           Volume correlation Id: {00000000-0000-0000-0000-000000000000}
           Volume name: 
           Volume label: OS

           Device name: \Device\HarddiskVolumeShadowCopy14
           Device GUID: {00000000-0000-0000-0000-000000000000}
           Device manufacturer: 
           Device model: 
           Device revision: 
           Device serial number: 
           Bus type: <unknown>
           Native NVMe: false

           Adapter serial number: 

           Media type: Hard disk
           Runs cached: 2762
           Longest run cached: 21.67 GB
           Most populated bin Count: 72
           Most populated bin's minimum length: 7.51 MB
           Most populated bin's maximum length: 7.75 MB
"
"17-08-2026 12:02:10","9","Information","Microsoft-Windows-Ntfs","NTFS scanned entire volume bitmap.

           Volume correlation Id: {00000000-0000-0000-0000-000000000000}
           Volume name: 
           Volume label: OS

           Device name: \Device\HarddiskVolumeShadowCopy14
           Device GUID: {00000000-0000-0000-0000-000000000000}
           Device manufacturer: 
           Device model: 
           Device revision: 
           Device serial number: 
           Bus type: <unknown>
           Native NVMe: false

           Adapter serial number: 

           Duration (micro seconds): 31448
           InputFlags: 0xE
           Reason: Mount
           Flags: 0x10
"
"17-08-2026 11:36:38","142","Information","Microsoft-Windows-Ntfs","Summary of disk space usage, since last event:

           Available space was between 83.56 GB and 83.94 GB
           Change in available space: 394.88 MB
           
           Available clusters were between: 21903077 and 22004164
           Reserved clusters were between: 1316907 and 1325371
           Txf abort reserved clusters were between: 1024 and 1024
           
           Elapsed seconds: 3602
           
           Pagefile size: 23.02 GB
           Volume size: 235.88 GB
           Bytes per cluster: 4096
           
           Volume guid: {c5c572ba-c5d0-47f6-864e-13eb05e6d46c}
           Volume name: C:
           Is boot volume: true
           
           Cached runs miss counts:
               For MFT: 0
               For MFT zone: 0
               Everything else: 0
"
"17-08-2026 10:36:36","142","Information","Microsoft-Windows-Ntfs","Summary of disk space usage, since last event:

           Available space was between 75.64 GB and 85.43 GB
           Change in available space: 9.79 GB
           
           Available clusters were between: 19828313 and 22394666
           Reserved clusters were between: 1316763 and 1325803
           Txf abort reserved clusters were between: 1024 and 1024
           
           Elapsed seconds: 3600
           
           Pagefile size: 23.02 GB
           Volume size: 235.88 GB
           Bytes per cluster: 4096
           
           Volume guid: {c5c572ba-c5d0-47f6-864e-13eb05e6d46c}
           Volume name: C:
           Is boot volume: true
           
           Cached runs miss counts:
               For MFT: 0
               For MFT zone: 0
               Everything else: 0
"
"17-08-2026 10:05:36","501","Information","Microsoft-Windows-Ntfs","A process has deleted a USN journal on a volume.

           Process: SearchIndexer.
           Volume Id: {c5c572ba-c5d0-47f6-864e-13eb05e6d46c}
           Volume Name: C:
           Journal Id: 0x1DC11A038CEB841
           Current USN: 0x0
"
"17-08-2026 10:05:35","501","Information","Microsoft-Windows-Ntfs","A process has deleted a USN journal on a volume.

           Process: SearchIndexer.
           Volume Id: {c5c572ba-c5d0-47f6-864e-13eb05e6d46c}
           Volume Name: C:
           Journal Id: 0x1DC11A038CEB841
           Current USN: 0x0
"
"17-08-2026 09:53:47","303","Information","Microsoft-Windows-Ntfs","The NTFS volume has successfully dismounted.

           Volume correlation Id: {00000000-0000-0000-0000-000000000000}
           Volume name: OS
           Volume label: OS

           Device name: \Device\HarddiskVolumeShadowCopy13
           Device GUID: {00000000-0000-0000-0000-000000000000}
           Device manufacturer: 
           Device model: 
           Device revision: 
           Device serial number: 
           Bus type: <unknown>
           Native NVMe: false

           Adapter serial number: 
           
           Process Id: 41356
           Process name: svchost.exe
           
           Reason: User request
"
"17-08-2026 09:53:47","300","Information","Microsoft-Windows-Ntfs","NTFS volume dismount has started.

           Volume correlation Id: {00000000-0000-0000-0000-000000000000}
           Volume name: 
           Volume label: OS

           Device name: \Device\HarddiskVolumeShadowCopy13
           Device GUID: {00000000-0000-0000-0000-000000000000}
           Device manufacturer: 
           Device model: 
           Device revision: 
           Device serial number: 
           Bus type: <unknown>
           Native NVMe: false
           
           Adapter serial number: 
           
           Process Id: 41356
           Process name: svchost.exe
           
           Reason: User request
"
"17-08-2026 09:53:46","10","Information","Microsoft-Windows-Ntfs","NTFS cached runs statistics.

           Volume correlation Id: {c5c572ba-c5d0-47f6-864e-13eb05e6d46c}
           Volume name: C:
           Volume label: OS

           Device name: \Device\HarddiskVolume3
           Device GUID: {0d0616a1-3adc-3de7-d9a2-784fe4e2d52a}
           Device manufacturer: NVMe
           Device model: PM9C1b Samsung 256GB
           Device revision: 58330109
           Device serial number: 0025_38F6_5106_1623.
           Bus type: NVMe
           Native NVMe: false

           Adapter serial number: 

           Media type: Hard disk
           Runs cached: 4223
           Longest run cached: 21.67 GB
           Most populated bin Count: 1743
           Most populated bin's minimum length: 16 KB
           Most populated bin's maximum length: 16 KB
"
"17-08-2026 09:53:46","9","Information","Microsoft-Windows-Ntfs","NTFS scanned entire volume bitmap.

           Volume correlation Id: {c5c572ba-c5d0-47f6-864e-13eb05e6d46c}
           Volume name: C:
           Volume label: OS

           Device name: \Device\HarddiskVolume3
           Device GUID: {0d0616a1-3adc-3de7-d9a2-784fe4e2d52a}
           Device manufacturer: NVMe
           Device model: PM9C1b Samsung 256GB
           Device revision: 58330109
           Device serial number: 0025_38F6_5106_1623.
           Bus type: NVMe
           Native NVMe: false

           Adapter serial number: 

           Duration (micro seconds): 42208
           InputFlags: 0xA
           Reason: Reload requested because of an exception or configuration change
           Flags: 0x10
"
"17-08-2026 09:53:46","4","Information","Microsoft-Windows-Ntfs","The NTFS volume has been successfully mounted.

           Volume correlation Id: {00000000-0000-0000-0000-000000000000}
           Volume name: OS
           Volume label: OS

           Device name: \Device\HarddiskVolumeShadowCopy13
           Device GUID: {00000000-0000-0000-0000-000000000000}
           Device manufacturer: 
           Device model: 
           Device revision: 
           Device serial number: 
           Bus type: <unknown>
           Device number: 4294967295
           Boot partition: false

           Native NVMe: false

           Adapter serial number: 
           
           Total mount duration: 55 ms
           Longest stage: 7. Duration 50 ms (90% of the total)
           Second longest stage: 8. Duration 5 ms (10% of the total)
           Volume restart applied: false
"
"17-08-2026 09:53:46","10","Information","Microsoft-Windows-Ntfs","NTFS cached runs statistics.

           Volume correlation Id: {00000000-0000-0000-0000-000000000000}
           Volume name: 
           Volume label: OS

           Device name: \Device\HarddiskVolumeShadowCopy13
           Device GUID: {00000000-0000-0000-0000-000000000000}
           Device manufacturer: 
           Device model: 
           Device revision: 
           Device serial number: 
           Bus type: <unknown>
           Native NVMe: false

           Adapter serial number: 

           Media type: Hard disk
           Runs cached: 3843
           Longest run cached: 21.67 GB
           Most populated bin Count: 70
           Most populated bin's minimum length: 7.51 MB
           Most populated bin's maximum length: 7.75 MB
"
"17-08-2026 09:53:46","9","Information","Microsoft-Windows-Ntfs","NTFS scanned entire volume bitmap.

           Volume correlation Id: {00000000-0000-0000-0000-000000000000}
           Volume name: 
           Volume label: OS

           Device name: \Device\HarddiskVolumeShadowCopy13
           Device GUID: {00000000-0000-0000-0000-000000000000}
           Device manufacturer: 
           Device model: 
           Device revision: 
           Device serial number: 
           Bus type: <unknown>
           Native NVMe: false

           Adapter serial number: 

           Duration (micro seconds): 39813
           InputFlags: 0xE
           Reason: Mount
           Flags: 0x10
"
"17-08-2026 09:53:46","303","Information","Microsoft-Windows-Ntfs","The NTFS volume has successfully dismounted.

           Volume correlation Id: {00000000-0000-0000-0000-000000000000}
           Volume name: OS
           Volume label: OS

           Device name: \Device\HarddiskVolumeShadowCopy13
           Device GUID: {00000000-0000-0000-0000-000000000000}
           Device manufacturer: 
           Device model: 
           Device revision: 
           Device serial number: 
           Bus type: <unknown>
           Native NVMe: false

           Adapter serial number: 
           
           Process Id: 41356
           Process name: svchost.exe
           
           Reason: User request
"
"17-08-2026 09:53:46","300","Information","Microsoft-Windows-Ntfs","NTFS volume dismount has started.

           Volume correlation Id: {00000000-0000-0000-0000-000000000000}
           Volume name: 
           Volume label: OS

           Device name: \Device\HarddiskVolumeShadowCopy13
           Device GUID: {00000000-0000-0000-0000-000000000000}
           Device manufacturer: 
           Device model: 
           Device revision: 
           Device serial number: 
           Bus type: <unknown>
           Native NVMe: false
           
           Adapter serial number: 
           
           Process Id: 41356
           Process name: svchost.exe
           
           Reason: User request
"
"17-08-2026 09:53:45","10","Information","Microsoft-Windows-Ntfs","NTFS cached runs statistics.

           Volume correlation Id: {00000000-0000-0000-0000-000000000000}
           Volume name: 
           Volume label: OS

           Device name: \Device\HarddiskVolumeShadowCopy13
           Device GUID: {00000000-0000-0000-0000-000000000000}
           Device manufacturer: 
           Device model: 
           Device revision: 
           Device serial number: 
           Bus type: <unknown>
           Native NVMe: false

           Adapter serial number: 

           Media type: Hard disk
           Runs cached: 19166
           Longest run cached: 21.67 GB
           Most populated bin Count: 4482
           Most populated bin's minimum length: 8 KB
           Most populated bin's maximum length: 8 KB
"
"17-08-2026 09:53:45","9","Information","Microsoft-Windows-Ntfs","NTFS scanned entire volume bitmap.

           Volume correlation Id: {00000000-0000-0000-0000-000000000000}
           Volume name: 
           Volume label: OS

           Device name: \Device\HarddiskVolumeShadowCopy13
           Device GUID: {00000000-0000-0000-0000-000000000000}
           Device manufacturer: 
           Device model: 
           Device revision: 
           Device serial number: 
           Bus type: <unknown>
           Native NVMe: false

           Adapter serial number: 

           Duration (micro seconds): 69822
           InputFlags: 0x10
           Reason: Proactive background scan to repopulate cached runs
           Flags: 0x10
"
"17-08-2026 09:53:45","10","Information","Microsoft-Windows-Ntfs","NTFS cached runs statistics.

           Volume correlation Id: {c5c572ba-c5d0-47f6-864e-13eb05e6d46c}
           Volume name: C:
           Volume label: OS

           Device name: \Device\HarddiskVolume3
           Device GUID: {0d0616a1-3adc-3de7-d9a2-784fe4e2d52a}
           Device manufacturer: NVMe
           Device model: PM9C1b Samsung 256GB
           Device revision: 58330109
           Device serial number: 0025_38F6_5106_1623.
           Bus type: NVMe
           Native NVMe: false

           Adapter serial number: 

           Media type: Hard disk
           Runs cached: 4214
           Longest run cached: 21.67 GB
           Most populated bin Count: 1745
           Most populated bin's minimum length: 16 KB
           Most populated bin's maximum length: 16 KB
"
"17-08-2026 09:53:45","9","Information","Microsoft-Windows-Ntfs","NTFS scanned entire volume bitmap.

           Volume correlation Id: {c5c572ba-c5d0-47f6-864e-13eb05e6d46c}
           Volume name: C:
           Volume label: OS

           Device name: \Device\HarddiskVolume3
           Device GUID: {0d0616a1-3adc-3de7-d9a2-784fe4e2d52a}
           Device manufacturer: NVMe
           Device model: PM9C1b Samsung 256GB
           Device revision: 58330109
           Device serial number: 0025_38F6_5106_1623.
           Bus type: NVMe
           Native NVMe: false

           Adapter serial number: 

           Duration (micro seconds): 17993
           InputFlags: 0xA
           Reason: Reload requested because of an exception or configuration change
           Flags: 0x10
"
"17-08-2026 09:53:45","4","Information","Microsoft-Windows-Ntfs","The NTFS volume has been successfully mounted.

           Volume correlation Id: {00000000-0000-0000-0000-000000000000}
           Volume name: OS
           Volume label: OS

           Device name: \Device\HarddiskVolumeShadowCopy13
           Device GUID: {00000000-0000-0000-0000-000000000000}
           Device manufacturer: 
           Device model: 
           Device revision: 
           Device serial number: 
           Bus type: <unknown>
           Device number: 4294967295
           Boot partition: false

           Native NVMe: false

           Adapter serial number: 
           
           Total mount duration: 45 ms
           Longest stage: 7. Duration 29 ms (64% of the total)
           Second longest stage: 8. Duration 16 ms (36% of the total)
           Volume restart applied: false
"
"17-08-2026 09:53:45","10","Information","Microsoft-Windows-Ntfs","NTFS cached runs statistics.

           Volume correlation Id: {00000000-0000-0000-0000-000000000000}
           Volume name: 
           Volume label: OS

           Device name: \Device\HarddiskVolumeShadowCopy13
           Device GUID: {00000000-0000-0000-0000-000000000000}
           Device manufacturer: 
           Device model: 
           Device revision: 
           Device serial number: 
           Bus type: <unknown>
           Native NVMe: false

           Adapter serial number: 

           Media type: Hard disk
           Runs cached: 1807
           Longest run cached: 21.67 GB
           Most populated bin Count: 70
           Most populated bin's minimum length: 7.51 MB
           Most populated bin's maximum length: 7.75 MB
"
"17-08-2026 09:53:45","9","Information","Microsoft-Windows-Ntfs","NTFS scanned entire volume bitmap.

           Volume correlation Id: {00000000-0000-0000-0000-000000000000}
           Volume name: 
           Volume label: OS

           Device name: \Device\HarddiskVolumeShadowCopy13
           Device GUID: {00000000-0000-0000-0000-000000000000}
           Device manufacturer: 
           Device model: 
           Device revision: 
           Device serial number: 
           Bus type: <unknown>
           Native NVMe: false

           Adapter serial number: 

           Duration (micro seconds): 33468
           InputFlags: 0xE
           Reason: Mount
           Flags: 0x10
"
"17-08-2026 09:53:45","303","Information","Microsoft-Windows-Ntfs","The NTFS volume has successfully dismounted.

           Volume correlation Id: {00000000-0000-0000-0000-000000000000}
           Volume name: OS
           Volume label: OS

           Device name: \Device\HarddiskVolumeShadowCopy13
           Device GUID: {00000000-0000-0000-0000-000000000000}
           Device manufacturer: 
           Device model: 
           Device revision: 
           Device serial number: 
           Bus type: <unknown>
           Native NVMe: false

           Adapter serial number: 
           
           Process Id: 41356
           Process name: svchost.exe
           
           Reason: User request
"
"17-08-2026 09:53:45","300","Information","Microsoft-Windows-Ntfs","NTFS volume dismount has started.

           Volume correlation Id: {00000000-0000-0000-0000-000000000000}
           Volume name: 
           Volume label: OS

           Device name: \Device\HarddiskVolumeShadowCopy13
           Device GUID: {00000000-0000-0000-0000-000000000000}
           Device manufacturer: 
           Device model: 
           Device revision: 
           Device serial number: 
           Bus type: <unknown>
           Native NVMe: false
           
           Adapter serial number: 
           
           Process Id: 41356
           Process name: svchost.exe
           
           Reason: User request
"
"17-08-2026 09:53:45","4","Information","Microsoft-Windows-Ntfs","The NTFS volume has been successfully mounted.

           Volume correlation Id: {00000000-0000-0000-0000-000000000000}
           Volume name: OS
           Volume label: OS

           Device name: \Device\HarddiskVolumeShadowCopy13
           Device GUID: {00000000-0000-0000-0000-000000000000}
           Device manufacturer: 
           Device model: 
           Device revision: 
           Device serial number: 
           Bus type: <unknown>
           Device number: 4294967295
           Boot partition: false

           Native NVMe: false

           Adapter serial number: 
           
           Total mount duration: 48 ms
           Longest stage: 7. Duration 30 ms (62% of the total)
           Second longest stage: 10. Duration 12 ms (27% of the total)
           Volume restart applied: false
"
"17-08-2026 09:53:45","10","Information","Microsoft-Windows-Ntfs","NTFS cached runs statistics.

           Volume correlation Id: {00000000-0000-0000-0000-000000000000}
           Volume name: 
           Volume label: OS

           Device name: \Device\HarddiskVolumeShadowCopy13
           Device GUID: {00000000-0000-0000-0000-000000000000}
           Device manufacturer: 
           Device model: 
           Device revision: 
           Device serial number: 
           Bus type: <unknown>
           Native NVMe: false

           Adapter serial number: 

           Media type: Hard disk
           Runs cached: 1807
           Longest run cached: 21.67 GB
           Most populated bin Count: 70
           Most populated bin's minimum length: 7.51 MB
           Most populated bin's maximum length: 7.75 MB
"
"17-08-2026 09:53:45","9","Information","Microsoft-Windows-Ntfs","NTFS scanned entire volume bitmap.

           Volume correlation Id: {00000000-0000-0000-0000-000000000000}
           Volume name: 
           Volume label: OS

           Device name: \Device\HarddiskVolumeShadowCopy13
           Device GUID: {00000000-0000-0000-0000-000000000000}
           Device manufacturer: 
           Device model: 
           Device revision: 
           Device serial number: 
           Bus type: <unknown>
           Native NVMe: false

           Adapter serial number: 

           Duration (micro seconds): 36172
           InputFlags: 0xE
           Reason: Mount
           Flags: 0x10
"
"17-08-2026 09:53:26","303","Information","Microsoft-Windows-Ntfs","The NTFS volume has successfully dismounted.

           Volume correlation Id: {00000000-0000-0000-0000-000000000000}
           Volume name: OS
           Volume label: OS

           Device name: \Device\HarddiskVolumeShadowCopy12
           Device GUID: {00000000-0000-0000-0000-000000000000}
           Device manufacturer: 
           Device model: 
           Device revision: 
           Device serial number: 
           Bus type: <unknown>
           Native NVMe: false

           Adapter serial number: 
           
           Process Id: 41356
           Process name: svchost.exe
           
           Reason: User request
"
"17-08-2026 09:53:26","300","Information","Microsoft-Windows-Ntfs","NTFS volume dismount has started.

           Volume correlation Id: {00000000-0000-0000-0000-000000000000}
           Volume name: 
           Volume label: OS

           Device name: \Device\HarddiskVolumeShadowCopy12
           Device GUID: {00000000-0000-0000-0000-000000000000}
           Device manufacturer: 
           Device model: 
           Device revision: 
           Device serial number: 
           Bus type: <unknown>
           Native NVMe: false
           
           Adapter serial number: 
           
           Process Id: 41356
           Process name: svchost.exe
           
           Reason: User request
"
"17-08-2026 09:53:26","10","Information","Microsoft-Windows-Ntfs","NTFS cached runs statistics.

           Volume correlation Id: {c5c572ba-c5d0-47f6-864e-13eb05e6d46c}
           Volume name: C:
           Volume label: OS

           Device name: \Device\HarddiskVolume3
           Device GUID: {0d0616a1-3adc-3de7-d9a2-784fe4e2d52a}
           Device manufacturer: NVMe
           Device model: PM9C1b Samsung 256GB
           Device revision: 58330109
           Device serial number: 0025_38F6_5106_1623.
           Bus type: NVMe
           Native NVMe: false

           Adapter serial number: 

           Media type: Hard disk
           Runs cached: 4253
           Longest run cached: 21.67 GB
           Most populated bin Count: 1746
           Most populated bin's minimum length: 16 KB
           Most populated bin's maximum length: 16 KB
"
"17-08-2026 09:53:26","9","Information","Microsoft-Windows-Ntfs","NTFS scanned entire volume bitmap.

           Volume correlation Id: {c5c572ba-c5d0-47f6-864e-13eb05e6d46c}
           Volume name: C:
           Volume label: OS

           Device name: \Device\HarddiskVolume3
           Device GUID: {0d0616a1-3adc-3de7-d9a2-784fe4e2d52a}
           Device manufacturer: NVMe
           Device model: PM9C1b Samsung 256GB
           Device revision: 58330109
           Device serial number: 0025_38F6_5106_1623.
           Bus type: NVMe
           Native NVMe: false

           Adapter serial number: 

           Duration (micro seconds): 33737
           InputFlags: 0xA
           Reason: Reload requested because of an exception or configuration change
           Flags: 0x10
"
"17-08-2026 09:53:25","4","Information","Microsoft-Windows-Ntfs","The NTFS volume has been successfully mounted.

           Volume correlation Id: {00000000-0000-0000-0000-000000000000}
           Volume name: OS
           Volume label: OS

           Device name: \Device\HarddiskVolumeShadowCopy12
           Device GUID: {00000000-0000-0000-0000-000000000000}
           Device manufacturer: 
           Device model: 
           Device revision: 
           Device serial number: 
           Bus type: <unknown>
           Device number: 4294967295
           Boot partition: false

           Native NVMe: false

           Adapter serial number: 
           
           Total mount duration: 35 ms
           Longest stage: 7. Duration 35 ms (100% of the total)
           Second longest stage: 0. Duration 0 µs (0% of the total)
           Volume restart applied: false
"
"17-08-2026 09:53:25","10","Information","Microsoft-Windows-Ntfs","NTFS cached runs statistics.

           Volume correlation Id: {00000000-0000-0000-0000-000000000000}
           Volume name: 
           Volume label: OS

           Device name: \Device\HarddiskVolumeShadowCopy12
           Device GUID: {00000000-0000-0000-0000-000000000000}
           Device manufacturer: 
           Device model: 
           Device revision: 
           Device serial number: 
           Bus type: <unknown>
           Native NVMe: false

           Adapter serial number: 

           Media type: Hard disk
           Runs cached: 3872
           Longest run cached: 21.67 GB
           Most populated bin Count: 70
           Most populated bin's minimum length: 7.51 MB
           Most populated bin's maximum length: 7.75 MB
"
"17-08-2026 09:53:25","9","Information","Microsoft-Windows-Ntfs","NTFS scanned entire volume bitmap.

           Volume correlation Id: {00000000-0000-0000-0000-000000000000}
           Volume name: 
           Volume label: OS

           Device name: \Device\HarddiskVolumeShadowCopy12
           Device GUID: {00000000-0000-0000-0000-000000000000}
           Device manufacturer: 
           Device model: 
           Device revision: 
           Device serial number: 
           Bus type: <unknown>
           Native NVMe: false

           Adapter serial number: 

           Duration (micro seconds): 33669
           InputFlags: 0xE
           Reason: Mount
           Flags: 0x10
"
"17-08-2026 09:53:25","303","Information","Microsoft-Windows-Ntfs","The NTFS volume has successfully dismounted.

           Volume correlation Id: {00000000-0000-0000-0000-000000000000}
           Volume name: OS
           Volume label: OS

           Device name: \Device\HarddiskVolumeShadowCopy12
           Device GUID: {00000000-0000-0000-0000-000000000000}
           Device manufacturer: 
           Device model: 
           Device revision: 
           Device serial number: 
           Bus type: <unknown>
           Native NVMe: false

           Adapter serial number: 
           
           Process Id: 41356
           Process name: svchost.exe
           
           Reason: User request
"
"17-08-2026 09:53:25","300","Information","Microsoft-Windows-Ntfs","NTFS volume dismount has started.

           Volume correlation Id: {00000000-0000-0000-0000-000000000000}
           Volume name: 
           Volume label: OS

           Device name: \Device\HarddiskVolumeShadowCopy12
           Device GUID: {00000000-0000-0000-0000-000000000000}
           Device manufacturer: 
           Device model: 
           Device revision: 
           Device serial number: 
           Bus type: <unknown>
           Native NVMe: false
           
           Adapter serial number: 
           
           Process Id: 41356
           Process name: svchost.exe
           
           Reason: User request
"
"17-08-2026 09:53:24","10","Information","Microsoft-Windows-Ntfs","NTFS cached runs statistics.

           Volume correlation Id: {c5c572ba-c5d0-47f6-864e-13eb05e6d46c}
           Volume name: C:
           Volume label: OS

           Device name: \Device\HarddiskVolume3
           Device GUID: {0d0616a1-3adc-3de7-d9a2-784fe4e2d52a}
           Device manufacturer: NVMe
           Device model: PM9C1b Samsung 256GB
           Device revision: 58330109
           Device serial number: 0025_38F6_5106_1623.
           Bus type: NVMe
           Native NVMe: false

           Adapter serial number: 

           Media type: Hard disk
           Runs cached: 4244
           Longest run cached: 21.67 GB
           Most populated bin Count: 1748
           Most populated bin's minimum length: 16 KB
           Most populated bin's maximum length: 16 KB
"
"17-08-2026 09:53:24","9","Information","Microsoft-Windows-Ntfs","NTFS scanned entire volume bitmap.

           Volume correlation Id: {c5c572ba-c5d0-47f6-864e-13eb05e6d46c}
           Volume name: C:
           Volume label: OS

           Device name: \Device\HarddiskVolume3
           Device GUID: {0d0616a1-3adc-3de7-d9a2-784fe4e2d52a}
           Device manufacturer: NVMe
           Device model: PM9C1b Samsung 256GB
           Device revision: 58330109
           Device serial number: 0025_38F6_5106_1623.
           Bus type: NVMe
           Native NVMe: false

           Adapter serial number: 

           Duration (micro seconds): 50826
           InputFlags: 0xA
           Reason: Reload requested because of an exception or configuration change
           Flags: 0x10
"
"17-08-2026 09:53:24","4","Information","Microsoft-Windows-Ntfs","The NTFS volume has been successfully mounted.

           Volume correlation Id: {00000000-0000-0000-0000-000000000000}
           Volume name: OS
           Volume label: OS

           Device name: \Device\HarddiskVolumeShadowCopy12
           Device GUID: {00000000-0000-0000-0000-000000000000}
           Device manufacturer: 
           Device model: 
           Device revision: 
           Device serial number: 
           Bus type: <unknown>
           Device number: 4294967295
           Boot partition: false

           Native NVMe: false

           Adapter serial number: 
           
           Total mount duration: 46 ms
           Longest stage: 7. Duration 42 ms (91% of the total)
           Second longest stage: 8. Duration 3 ms (8% of the total)
           Volume restart applied: false
"
"17-08-2026 09:53:24","10","Information","Microsoft-Windows-Ntfs","NTFS cached runs statistics.

           Volume correlation Id: {00000000-0000-0000-0000-000000000000}
           Volume name: 
           Volume label: OS

           Device name: \Device\HarddiskVolumeShadowCopy12
           Device GUID: {00000000-0000-0000-0000-000000000000}
           Device manufacturer: 
           Device model: 
           Device revision: 
           Device serial number: 
           Bus type: <unknown>
           Native NVMe: false

           Adapter serial number: 

           Media type: Hard disk
           Runs cached: 1837
           Longest run cached: 21.67 GB
           Most populated bin Count: 70
           Most populated bin's minimum length: 7.51 MB
           Most populated bin's maximum length: 7.75 MB
"
"17-08-2026 09:53:24","9","Information","Microsoft-Windows-Ntfs","NTFS scanned entire volume bitmap.

           Volume correlation Id: {00000000-0000-0000-0000-000000000000}
           Volume name: 
           Volume label: OS

           Device name: \Device\HarddiskVolumeShadowCopy12
           Device GUID: {00000000-0000-0000-0000-000000000000}
           Device manufacturer: 
           Device model: 
           Device revision: 
           Device serial number: 
           Bus type: <unknown>
           Native NVMe: false

           Adapter serial number: 

           Duration (micro seconds): 37706
           InputFlags: 0xE
           Reason: Mount
           Flags: 0x10
"
"17-08-2026 09:53:24","303","Information","Microsoft-Windows-Ntfs","The NTFS volume has successfully dismounted.

           Volume correlation Id: {00000000-0000-0000-0000-000000000000}
           Volume name: OS
           Volume label: OS

           Device name: \Device\HarddiskVolumeShadowCopy12
           Device GUID: {00000000-0000-0000-0000-000000000000}
           Device manufacturer: 
           Device model: 
           Device revision: 
           Device serial number: 
           Bus type: <unknown>
           Native NVMe: false

           Adapter serial number: 
           
           Process Id: 41356
           Process name: svchost.exe
           
           Reason: User request
"
"17-08-2026 09:53:24","300","Information","Microsoft-Windows-Ntfs","NTFS volume dismount has started.

           Volume correlation Id: {00000000-0000-0000-0000-000000000000}
           Volume name: 
           Volume label: OS

           Device name: \Device\HarddiskVolumeShadowCopy12
           Device GUID: {00000000-0000-0000-0000-000000000000}
           Device manufacturer: 
           Device model: 
           Device revision: 
           Device serial number: 
           Bus type: <unknown>
           Native NVMe: false
           
           Adapter serial number: 
           
           Process Id: 41356
           Process name: svchost.exe
           
           Reason: User request
"
"17-08-2026 09:53:24","4","Information","Microsoft-Windows-Ntfs","The NTFS volume has been successfully mounted.

           Volume correlation Id: {00000000-0000-0000-0000-000000000000}
           Volume name: OS
           Volume label: OS

           Device name: \Device\HarddiskVolumeShadowCopy12
           Device GUID: {00000000-0000-0000-0000-000000000000}
           Device manufacturer: 
           Device model: 
           Device revision: 
           Device serial number: 
           Bus type: <unknown>
           Device number: 4294967295
           Boot partition: false

           Native NVMe: false

           Adapter serial number: 
           
           Total mount duration: 48 ms
           Longest stage: 7. Duration 44 ms (92% of the total)
           Second longest stage: 8. Duration 3 ms (6% of the total)
           Volume restart applied: false
"
"17-08-2026 09:53:24","10","Information","Microsoft-Windows-Ntfs","NTFS cached runs statistics.

           Volume correlation Id: {00000000-0000-0000-0000-000000000000}
           Volume name: 
           Volume label: OS

           Device name: \Device\HarddiskVolumeShadowCopy12
           Device GUID: {00000000-0000-0000-0000-000000000000}
           Device manufacturer: 
           Device model: 
           Device revision: 
           Device serial number: 
           Bus type: <unknown>
           Native NVMe: false

           Adapter serial number: 

           Media type: Hard disk
           Runs cached: 1837
           Longest run cached: 21.67 GB
           Most populated bin Count: 70
           Most populated bin's minimum length: 7.51 MB
           Most populated bin's maximum length: 7.75 MB
"
"17-08-2026 09:53:24","9","Information","Microsoft-Windows-Ntfs","NTFS scanned entire volume bitmap.

           Volume correlation Id: {00000000-0000-0000-0000-000000000000}
           Volume name: 
           Volume label: OS

           Device name: \Device\HarddiskVolumeShadowCopy12
           Device GUID: {00000000-0000-0000-0000-000000000000}
           Device manufacturer: 
           Device model: 
           Device revision: 
           Device serial number: 
           Bus type: <unknown>
           Native NVMe: false

           Adapter serial number: 

           Duration (micro seconds): 37042
           InputFlags: 0xE
           Reason: Mount
           Flags: 0x10
"
"17-08-2026 09:53:11","303","Information","Microsoft-Windows-Ntfs","The NTFS volume has successfully dismounted.

           Volume correlation Id: {00000000-0000-0000-0000-000000000000}
           Volume name: OS
           Volume label: OS

           Device name: \Device\HarddiskVolumeShadowCopy11
           Device GUID: {00000000-0000-0000-0000-000000000000}
           Device manufacturer: 
           Device model: 
           Device revision: 
           Device serial number: 
           Bus type: <unknown>
           Native NVMe: false

           Adapter serial number: 
           
           Process Id: 41356
           Process name: svchost.exe
           
           Reason: User request
"
