"28-05-2026 10:21:53","101","Error","Microsoft-Windows-Diagnostics-Performance","This application took longer than usual to start up, resulting in a performance degradation in the system startup process: 
     File Name		:	svchost.exe
     Friendly Name		:	Host Process for Windows Services
     Version		:	10.0.26100.1 (WinBuild.160101.0800)
     Total Time		:	21796ms
     Degradation Time	:	14296ms
     Incident Time (UTC)	:	‎2026‎-‎05‎-‎28T04:49:22.896267800Z"
"28-05-2026 10:21:53","101","Error","Microsoft-Windows-Diagnostics-Performance","This application took longer than usual to start up, resulting in a performance degradation in the system startup process: 
     File Name		:	Dell.CoreServices.Client.exe
     Friendly Name		:	Dell.CoreServices.Client
     Version		:	1.6.372.5
     Total Time		:	19341ms
     Degradation Time	:	14341ms
     Incident Time (UTC)	:	‎2026‎-‎05‎-‎28T04:49:22.896267800Z"
"28-05-2026 10:21:53","101","Error","Microsoft-Windows-Diagnostics-Performance","This application took longer than usual to start up, resulting in a performance degradation in the system startup process: 
     File Name		:	BrightAuthor.exe
     Friendly Name		:	BrightAuthor
     Version		:	5.0.2.0
     Total Time		:	19514ms
     Degradation Time	:	14514ms
     Incident Time (UTC)	:	‎2026‎-‎05‎-‎28T04:49:22.896267800Z"
"28-05-2026 10:21:53","101","Error","Microsoft-Windows-Diagnostics-Performance","This application took longer than usual to start up, resulting in a performance degradation in the system startup process: 
     File Name		:	WmiPrvSE.exe
     Friendly Name		:	WMI Provider Host
     Version		:	10.0.26100.7309 (WinBuild.160101.0800)
     Total Time		:	20240ms
     Degradation Time	:	15240ms
     Incident Time (UTC)	:	‎2026‎-‎05‎-‎28T04:49:22.896267800Z"
"28-05-2026 10:21:53","101","Error","Microsoft-Windows-Diagnostics-Performance","This application took longer than usual to start up, resulting in a performance degradation in the system startup process: 
     File Name		:	sppsvc.exe
     Friendly Name		:	Microsoft Software Protection Platform Service
     Version		:	10.0.26100.8115 (WinBuild.160101.0800)
     Total Time		:	23146ms
     Degradation Time	:	18146ms
     Incident Time (UTC)	:	‎2026‎-‎05‎-‎28T04:49:22.896267800Z"
"28-05-2026 10:21:53","101","Error","Microsoft-Windows-Diagnostics-Performance","This application took longer than usual to start up, resulting in a performance degradation in the system startup process: 
     File Name		:	Dell.TechHub.Analytics.SubAgent.exe
     Friendly Name		:	Dell Analytics
     Version		:	3.8.11.9276
     Total Time		:	25306ms
     Degradation Time	:	20306ms
     Incident Time (UTC)	:	‎2026‎-‎05‎-‎28T04:49:22.896267800Z"
"28-05-2026 10:21:53","101","Error","Microsoft-Windows-Diagnostics-Performance","This application took longer than usual to start up, resulting in a performance degradation in the system startup process: 
     File Name		:	OfficeClickToRun.exe
     Friendly Name		:	Microsoft Office Click-to-Run (SxS)
     Version		:	16.0.19929.20172
     Total Time		:	35786ms
     Degradation Time	:	28286ms
     Incident Time (UTC)	:	‎2026‎-‎05‎-‎28T04:49:22.896267800Z"
"28-05-2026 10:21:53","101","Error","Microsoft-Windows-Diagnostics-Performance","This application took longer than usual to start up, resulting in a performance degradation in the system startup process: 
     File Name		:	Dell.TechHub.Instrumentation.SubAgent.exe
     Friendly Name		:	Dell Instrumentation
     Version		:	3.8.11.9276
     Total Time		:	42423ms
     Degradation Time	:	37423ms
     Incident Time (UTC)	:	‎2026‎-‎05‎-‎28T04:49:22.896267800Z"
"28-05-2026 10:21:53","101","Critical","Microsoft-Windows-Diagnostics-Performance","This application took longer than usual to start up, resulting in a performance degradation in the system startup process: 
     File Name		:	SearchIndexer.exe
     Friendly Name		:	Microsoft Windows Search Indexer
     Version		:	7.0.26100.8115 (WinBuild.160101.0800)
     Total Time		:	46848ms
     Degradation Time	:	38348ms
     Incident Time (UTC)	:	‎2026‎-‎05‎-‎28T04:49:22.896267800Z"
"28-05-2026 10:21:53","101","Critical","Microsoft-Windows-Diagnostics-Performance","This application took longer than usual to start up, resulting in a performance degradation in the system startup process: 
     File Name		:	mscorsvw.exe
     Friendly Name		:	.NET Runtime Optimization Service
     Version		:	4.8.9065.0 built by: NET481REL1LAST_C
     Total Time		:	56233ms
     Degradation Time	:	48733ms
     Incident Time (UTC)	:	‎2026‎-‎05‎-‎28T04:49:22.896267800Z"
"28-05-2026 10:21:53","101","Critical","Microsoft-Windows-Diagnostics-Performance","This application took longer than usual to start up, resulting in a performance degradation in the system startup process: 
     File Name		:	MsMpEng.exe
     Friendly Name		:	Antimalware Service Executable
     Version		:	4.18.26040.7 (8d846dd50fd7adca65beb1b013a5fda76a9ec807)
     Total Time		:	100316ms
     Degradation Time	:	91816ms
     Incident Time (UTC)	:	‎2026‎-‎05‎-‎28T04:49:22.896267800Z"
"28-05-2026 10:21:53","100","Critical","Microsoft-Windows-Diagnostics-Performance","Windows has started up: 
     Boot Duration		:	114555ms
     IsDegradation		:	true
     Incident Time (UTC)	:	‎2026‎-‎05‎-‎28T04:49:22.896267800Z"
"25-05-2026 09:02:13","101","Warning","Microsoft-Windows-Diagnostics-Performance","This application took longer than usual to start up, resulting in a performance degradation in the system startup process: 
     File Name		:	SearchFilterHost.exe
     Friendly Name		:	Microsoft Windows Search Filter Host
     Version		:	7.0.26100.8246 (WinBuild.160101.0800)
     Total Time		:	5004ms
     Degradation Time	:	4ms
     Incident Time (UTC)	:	‎2026‎-‎05‎-‎25T03:29:49.201095000Z"
"25-05-2026 09:02:13","101","Warning","Microsoft-Windows-Diagnostics-Performance","This application took longer than usual to start up, resulting in a performance degradation in the system startup process: 
     File Name		:	MpDlpService.exe
     Friendly Name		:	Microsoft Purview Data Loss Prevention Service
     Version		:	4.18.26040.7 (8d846dd50fd7adca65beb1b013a5fda76a9ec807)
     Total Time		:	5058ms
     Degradation Time	:	58ms
     Incident Time (UTC)	:	‎2026‎-‎05‎-‎25T03:29:49.201095000Z"
"25-05-2026 09:02:13","101","Warning","Microsoft-Windows-Diagnostics-Performance","This application took longer than usual to start up, resulting in a performance degradation in the system startup process: 
     File Name		:	ClipRenew.exe
     Friendly Name		:	Acquire License From Store
     Version		:	10.0.26100.8115 (WinBuild.160101.0800)
     Total Time		:	5533ms
     Degradation Time	:	533ms
     Incident Time (UTC)	:	‎2026‎-‎05‎-‎25T03:29:49.201095000Z"
"25-05-2026 09:02:13","101","Warning","Microsoft-Windows-Diagnostics-Performance","This application took longer than usual to start up, resulting in a performance degradation in the system startup process: 
     File Name		:	Dell.UCA.Manager.exe
     Friendly Name		:	MyDell Notification Manager
     Version		:	4.4.15.8
     Total Time		:	5579ms
     Degradation Time	:	579ms
     Incident Time (UTC)	:	‎2026‎-‎05‎-‎25T03:29:49.201095000Z"
"25-05-2026 09:02:13","101","Warning","Microsoft-Windows-Diagnostics-Performance","This application took longer than usual to start up, resulting in a performance degradation in the system startup process: 
     File Name		:	DDPM.Subagent.exe
     Friendly Name		:	DDPM.Subagent
     Version		:	2.1.0.24
     Total Time		:	6047ms
     Degradation Time	:	1047ms
     Incident Time (UTC)	:	‎2026‎-‎05‎-‎25T03:29:49.201095000Z"
"25-05-2026 09:02:13","101","Warning","Microsoft-Windows-Diagnostics-Performance","This application took longer than usual to start up, resulting in a performance degradation in the system startup process: 
     File Name		:	explorer.exe
     Friendly Name		:	Windows Explorer
     Version		:	10.0.26100.8117 (WinBuild.160101.0800)
     Total Time		:	6412ms
     Degradation Time	:	3912ms
     Incident Time (UTC)	:	‎2026‎-‎05‎-‎25T03:29:49.201095000Z"
"25-05-2026 09:02:13","101","Warning","Microsoft-Windows-Diagnostics-Performance","This application took longer than usual to start up, resulting in a performance degradation in the system startup process: 
     File Name		:	Dell.TechHub.DataManager.SubAgent.exe
     Friendly Name		:	Dell Data Manager
     Version		:	3.3.10.8691
     Total Time		:	9720ms
     Degradation Time	:	4720ms
     Incident Time (UTC)	:	‎2026‎-‎05‎-‎25T03:29:49.201095000Z"
"25-05-2026 09:02:13","101","Warning","Microsoft-Windows-Diagnostics-Performance","This application took longer than usual to start up, resulting in a performance degradation in the system startup process: 
     File Name		:	WWAHost.exe
     Friendly Name		:	Microsoft WWA Host
     Version		:	10.0.26100.8117 (WinBuild.160101.0800)
     Total Time		:	7860ms
     Degradation Time	:	5360ms
     Incident Time (UTC)	:	‎2026‎-‎05‎-‎25T03:29:49.201095000Z"
"25-05-2026 09:02:13","101","Warning","Microsoft-Windows-Diagnostics-Performance","This application took longer than usual to start up, resulting in a performance degradation in the system startup process: 
     File Name		:	OUTLOOK.EXE
     Friendly Name		:	Microsoft Outlook
     Version		:	16.0.19929.20172
     Total Time		:	10940ms
     Degradation Time	:	5940ms
     Incident Time (UTC)	:	‎2026‎-‎05‎-‎25T03:29:49.201095000Z"
"25-05-2026 09:02:13","101","Warning","Microsoft-Windows-Diagnostics-Performance","This application took longer than usual to start up, resulting in a performance degradation in the system startup process: 
     File Name		:	Dell.CoreServices.Client.exe
     Friendly Name		:	Dell.CoreServices.Client
     Version		:	1.5.29.9
     Total Time		:	11011ms
     Degradation Time	:	6011ms
     Incident Time (UTC)	:	‎2026‎-‎05‎-‎25T03:29:49.201095000Z"
"25-05-2026 09:02:13","101","Warning","Microsoft-Windows-Diagnostics-Performance","This application took longer than usual to start up, resulting in a performance degradation in the system startup process: 
     File Name		:	Dell.TechHub.Analytics.SubAgent.exe
     Friendly Name		:	Dell Analytics
     Version		:	3.3.10.8691
     Total Time		:	11800ms
     Degradation Time	:	6800ms
     Incident Time (UTC)	:	‎2026‎-‎05‎-‎25T03:29:49.201095000Z"
"25-05-2026 09:02:13","101","Warning","Microsoft-Windows-Diagnostics-Performance","This application took longer than usual to start up, resulting in a performance degradation in the system startup process: 
     File Name		:	services.exe
     Friendly Name		:	Services and Controller app
     Version		:	10.0.26100.8115 (WinBuild.160101.0800)
     Total Time		:	10474ms
     Degradation Time	:	7974ms
     Incident Time (UTC)	:	‎2026‎-‎05‎-‎25T03:29:49.201095000Z"
"25-05-2026 09:02:13","101","Error","Microsoft-Windows-Diagnostics-Performance","This application took longer than usual to start up, resulting in a performance degradation in the system startup process: 
     File Name		:	Dell.TechHub.Instrumentation.SubAgent.exe
     Friendly Name		:	Dell Instrumentation
     Version		:	3.3.10.8691
     Total Time		:	23307ms
     Degradation Time	:	18307ms
     Incident Time (UTC)	:	‎2026‎-‎05‎-‎25T03:29:49.201095000Z"
"25-05-2026 09:02:13","101","Error","Microsoft-Windows-Diagnostics-Performance","This application took longer than usual to start up, resulting in a performance degradation in the system startup process: 
     File Name		:	ndtrack.exe
     Friendly Name		:	Inventory Agent
     Version		:	24.0
     Total Time		:	27562ms
     Degradation Time	:	20062ms
     Incident Time (UTC)	:	‎2026‎-‎05‎-‎25T03:29:49.201095000Z"
"25-05-2026 09:02:13","101","Error","Microsoft-Windows-Diagnostics-Performance","This application took longer than usual to start up, resulting in a performance degradation in the system startup process: 
     File Name		:	sppsvc.exe
     Friendly Name		:	Microsoft Software Protection Platform Service
     Version		:	10.0.26100.8115 (WinBuild.160101.0800)
     Total Time		:	28003ms
     Degradation Time	:	20503ms
     Incident Time (UTC)	:	‎2026‎-‎05‎-‎25T03:29:49.201095000Z"
"25-05-2026 09:02:13","101","Critical","Microsoft-Windows-Diagnostics-Performance","This application took longer than usual to start up, resulting in a performance degradation in the system startup process: 
     File Name		:	SearchIndexer.exe
     Friendly Name		:	Microsoft Windows Search Indexer
     Version		:	7.0.26100.8115 (WinBuild.160101.0800)
     Total Time		:	50072ms
     Degradation Time	:	42572ms
     Incident Time (UTC)	:	‎2026‎-‎05‎-‎25T03:29:49.201095000Z"
"25-05-2026 09:02:13","101","Critical","Microsoft-Windows-Diagnostics-Performance","This application took longer than usual to start up, resulting in a performance degradation in the system startup process: 
     File Name		:	MsMpEng.exe
     Friendly Name		:	Antimalware Service Executable
     Version		:	4.18.26040.7 (8d846dd50fd7adca65beb1b013a5fda76a9ec807)
     Total Time		:	69280ms
     Degradation Time	:	61780ms
     Incident Time (UTC)	:	‎2026‎-‎05‎-‎25T03:29:49.201095000Z"
"25-05-2026 09:02:13","100","Error","Microsoft-Windows-Diagnostics-Performance","Windows has started up: 
     Boot Duration		:	103083ms
     IsDegradation		:	true
     Incident Time (UTC)	:	‎2026‎-‎05‎-‎25T03:29:49.201095000Z"
"25-05-2026 09:02:03","200","Warning","Microsoft-Windows-Diagnostics-Performance","Windows has shutdown: 
     Shutdown Duration	:	29502ms
     IsDegradation		:	true
     Incident Time (UTC)	:	‎2026‎-‎05‎-‎23T17:28:58.977319000Z"
"23-05-2026 21:51:20","100","Error","Microsoft-Windows-Diagnostics-Performance","Windows has started up: 
     Boot Duration		:	82796ms
     IsDegradation		:	false
     Incident Time (UTC)	:	‎2026‎-‎05‎-‎23T16:18:20.881458900Z"
"23-05-2026 21:51:14","203","Warning","Microsoft-Windows-Diagnostics-Performance","This service caused a delay in the system shutdown process: 
     File Name		:	WinDefend
     Friendly Name		:	
     Version		:	
     Total Time		:	4236ms
     Degradation Time	:	236ms
     Incident Time (UTC)	:	‎2026‎-‎05‎-‎23T09:01:37.040501500Z"
"23-05-2026 21:51:14","203","Warning","Microsoft-Windows-Diagnostics-Performance","This service caused a delay in the system shutdown process: 
     File Name		:	bthserv
     Friendly Name		:	Bluetooth Support Service
     Version		:	10.0.26100.3037 (WinBuild.160101.0800)
     Total Time		:	4969ms
     Degradation Time	:	969ms
     Incident Time (UTC)	:	‎2026‎-‎05‎-‎23T09:01:37.040501500Z"
"23-05-2026 21:51:14","203","Warning","Microsoft-Windows-Diagnostics-Performance","This service caused a delay in the system shutdown process: 
     File Name		:	WSearch
     Friendly Name		:	
     Version		:	
     Total Time		:	4973ms
     Degradation Time	:	973ms
     Incident Time (UTC)	:	‎2026‎-‎05‎-‎23T09:01:37.040501500Z"
"23-05-2026 21:51:14","200","Warning","Microsoft-Windows-Diagnostics-Performance","Windows has shutdown: 
     Shutdown Duration	:	32151ms
     IsDegradation		:	true
     Incident Time (UTC)	:	‎2026‎-‎05‎-‎23T09:01:37.040501500Z"
"23-05-2026 11:03:11","101","Warning","Microsoft-Windows-Diagnostics-Performance","This application took longer than usual to start up, resulting in a performance degradation in the system startup process: 
     File Name		:	SenseCE.exe
     Friendly Name		:	Windows Defender Advanced Threat Protection Sense CE module
     Version		:	10.8821.27906.1000 (379debb93b779583c826e7f226257cf5b7adb03f) (WinBuild.160101.0800)
     Total Time		:	6608ms
     Degradation Time	:	1608ms
     Incident Time (UTC)	:	‎2026‎-‎05‎-‎23T05:31:25.983627000Z"
"23-05-2026 11:03:11","101","Warning","Microsoft-Windows-Diagnostics-Performance","This application took longer than usual to start up, resulting in a performance degradation in the system startup process: 
     File Name		:	OfficeClickToRun.exe
     Friendly Name		:	Microsoft Office Click-to-Run (SxS)
     Version		:	16.0.19929.20172
     Total Time		:	9051ms
     Degradation Time	:	4051ms
     Incident Time (UTC)	:	‎2026‎-‎05‎-‎23T05:31:25.983627000Z"
"23-05-2026 11:03:11","101","Error","Microsoft-Windows-Diagnostics-Performance","This application took longer than usual to start up, resulting in a performance degradation in the system startup process: 
     File Name		:	WWAHost.exe
     Friendly Name		:	Microsoft WWA Host
     Version		:	10.0.26100.8117 (WinBuild.160101.0800)
     Total Time		:	14524ms
     Degradation Time	:	9524ms
     Incident Time (UTC)	:	‎2026‎-‎05‎-‎23T05:31:25.983627000Z"
"23-05-2026 11:03:11","100","Error","Microsoft-Windows-Diagnostics-Performance","Windows has started up: 
     Boot Duration		:	40832ms
     IsDegradation		:	true
     Incident Time (UTC)	:	‎2026‎-‎05‎-‎23T05:31:25.983627000Z"
"23-05-2026 11:03:09","200","Warning","Microsoft-Windows-Diagnostics-Performance","Windows has shutdown: 
     Shutdown Duration	:	33138ms
     IsDegradation		:	false
     Incident Time (UTC)	:	‎2026‎-‎05‎-‎23T05:30:40.199782900Z"
"23-05-2026 10:53:29","100","Warning","Microsoft-Windows-Diagnostics-Performance","Windows has started up: 
     Boot Duration		:	23644ms
     IsDegradation		:	false
     Incident Time (UTC)	:	‎2026‎-‎05‎-‎23T05:21:43.019492900Z"
"23-05-2026 23:10:29","100","Warning","Microsoft-Windows-Diagnostics-Performance","Windows has started up: 
     Boot Duration		:	49322ms
     IsDegradation		:	false
     Incident Time (UTC)	:	‎2026‎-‎05‎-‎23T17:38:21.869104400Z"
