"17-08-2026 09:45:34","2099","Information","Microsoft-Windows-Windows Firewall With Advanced Security","A rule has been modified in the Windows Defender Firewall exception list.

Modified Rule:
	Rule ID:	{7A136EA7-D4E3-436A-BE60-8CD445EE2AE5}
	Rule Name:	c458fd8c-cf9a-4a7f-8bd7-c248e948f8bd
	Origin:	Local
	Active:	Yes
	Direction:	Inbound
	Profiles:	Private,Domain, Public
	Action:	Allow
	Application Path:	C:\Program Files (x86)\Microsoft\Edge\Application\msedge.exe
	Service Name:	
	Protocol:	UDP
	Security Options:	None
	Edge Traversal:	None
	Modifying User:	S-1-5-18
	Modifying Application:	C:\Program Files (x86)\Microsoft\EdgeUpdate\Install\{AE58889D-850D-4EFD-B7BF-8466533B8849}\EDGEMITMP_ADA43.tmp\setup.exe
	PolicyAppId:	
	Error Code:	0"
"17-08-2026 09:36:47","2097","Information","Microsoft-Windows-Windows Firewall With Advanced Security","A rule has been added to the Windows Defender Firewall exception list.

Added Rule:
	Rule ID:	lpacsensendrS-1-5-18-Out-Block
	Rule Name:	LpacSenseNdr
	Origin:	Local
	Active:	Yes
	Direction:	Outbound
	Profiles:	Private,Domain, Public
	Action:	Block
	Application Path:	
	Service Name:	
	Protocol:	Any
	Security Options:	None
	Edge Traversal:	None
	Modifying User:	S-1-5-80-3088073201-1464728630-1879813800-1107566885-823218052
	Modifying Application:	C:\Windows\System32\svchost.exe
	PolicyAppId:	
	Error Code:	0"
"17-08-2026 09:36:47","2097","Information","Microsoft-Windows-Windows Firewall With Advanced Security","A rule has been added to the Windows Defender Firewall exception list.

Added Rule:
	Rule ID:	lpacsensendrS-1-5-18-In-Block
	Rule Name:	LpacSenseNdr
	Origin:	Local
	Active:	Yes
	Direction:	Inbound
	Profiles:	Private,Domain, Public
	Action:	Block
	Application Path:	
	Service Name:	
	Protocol:	Any
	Security Options:	None
	Edge Traversal:	None
	Modifying User:	S-1-5-80-3088073201-1464728630-1879813800-1107566885-823218052
	Modifying Application:	C:\Windows\System32\svchost.exe
	PolicyAppId:	
	Error Code:	0"
"17-08-2026 09:36:47","2052","Information","Microsoft-Windows-Windows Firewall With Advanced Security","A rule has been deleted in the Windows Defender Firewall exception list.

Deleted Rule:
	Rule ID:	lpacsensendrS-1-5-18-In-Block
	Rule Name:	LpacSenseNdr
	Modifying User:	S-1-5-80-3088073201-1464728630-1879813800-1107566885-823218052
	Modifying Application:	C:\Windows\System32\svchost.exe
	Error Code:	0"
"17-08-2026 09:36:47","2052","Information","Microsoft-Windows-Windows Firewall With Advanced Security","A rule has been deleted in the Windows Defender Firewall exception list.

Deleted Rule:
	Rule ID:	lpacsensendrS-1-5-18-Out-Block
	Rule Name:	LpacSenseNdr
	Modifying User:	S-1-5-80-3088073201-1464728630-1879813800-1107566885-823218052
	Modifying Application:	C:\Windows\System32\svchost.exe
	Error Code:	0"
"17-08-2026 09:36:44","2097","Information","Microsoft-Windows-Windows Firewall With Advanced Security","A rule has been added to the Windows Defender Firewall exception list.

Added Rule:
	Rule ID:	lpacsensendrS-1-5-18-Out-Block
	Rule Name:	LpacSenseNdr
	Origin:	Local
	Active:	Yes
	Direction:	Outbound
	Profiles:	Private,Domain, Public
	Action:	Block
	Application Path:	
	Service Name:	
	Protocol:	Any
	Security Options:	None
	Edge Traversal:	None
	Modifying User:	S-1-5-80-3088073201-1464728630-1879813800-1107566885-823218052
	Modifying Application:	C:\Windows\System32\svchost.exe
	PolicyAppId:	
	Error Code:	0"
"17-08-2026 09:36:44","2097","Information","Microsoft-Windows-Windows Firewall With Advanced Security","A rule has been added to the Windows Defender Firewall exception list.

Added Rule:
	Rule ID:	lpacsensendrS-1-5-18-In-Block
	Rule Name:	LpacSenseNdr
	Origin:	Local
	Active:	Yes
	Direction:	Inbound
	Profiles:	Private,Domain, Public
	Action:	Block
	Application Path:	
	Service Name:	
	Protocol:	Any
	Security Options:	None
	Edge Traversal:	None
	Modifying User:	S-1-5-80-3088073201-1464728630-1879813800-1107566885-823218052
	Modifying Application:	C:\Windows\System32\svchost.exe
	PolicyAppId:	
	Error Code:	0"
"17-08-2026 09:36:44","2052","Information","Microsoft-Windows-Windows Firewall With Advanced Security","A rule has been deleted in the Windows Defender Firewall exception list.

Deleted Rule:
	Rule ID:	lpacsensendrS-1-5-18-In-Block
	Rule Name:	LpacSenseNdr
	Modifying User:	S-1-5-80-3088073201-1464728630-1879813800-1107566885-823218052
	Modifying Application:	C:\Windows\System32\svchost.exe
	Error Code:	0"
"17-08-2026 09:36:44","2052","Information","Microsoft-Windows-Windows Firewall With Advanced Security","A rule has been deleted in the Windows Defender Firewall exception list.

Deleted Rule:
	Rule ID:	lpacsensendrS-1-5-18-Out-Block
	Rule Name:	LpacSenseNdr
	Modifying User:	S-1-5-80-3088073201-1464728630-1879813800-1107566885-823218052
	Modifying Application:	C:\Windows\System32\svchost.exe
	Error Code:	0"
"17-08-2026 09:36:38","2097","Information","Microsoft-Windows-Windows Firewall With Advanced Security","A rule has been added to the Windows Defender Firewall exception list.

Added Rule:
	Rule ID:	lpacsensendrS-1-5-18-Out-Block
	Rule Name:	LpacSenseNdr
	Origin:	Local
	Active:	Yes
	Direction:	Outbound
	Profiles:	Private,Domain, Public
	Action:	Block
	Application Path:	
	Service Name:	
	Protocol:	Any
	Security Options:	None
	Edge Traversal:	None
	Modifying User:	S-1-5-80-3088073201-1464728630-1879813800-1107566885-823218052
	Modifying Application:	C:\Windows\System32\svchost.exe
	PolicyAppId:	
	Error Code:	0"
"17-08-2026 09:36:38","2097","Information","Microsoft-Windows-Windows Firewall With Advanced Security","A rule has been added to the Windows Defender Firewall exception list.

Added Rule:
	Rule ID:	lpacsensendrS-1-5-18-In-Block
	Rule Name:	LpacSenseNdr
	Origin:	Local
	Active:	Yes
	Direction:	Inbound
	Profiles:	Private,Domain, Public
	Action:	Block
	Application Path:	
	Service Name:	
	Protocol:	Any
	Security Options:	None
	Edge Traversal:	None
	Modifying User:	S-1-5-80-3088073201-1464728630-1879813800-1107566885-823218052
	Modifying Application:	C:\Windows\System32\svchost.exe
	PolicyAppId:	
	Error Code:	0"
"17-08-2026 09:36:38","2052","Information","Microsoft-Windows-Windows Firewall With Advanced Security","A rule has been deleted in the Windows Defender Firewall exception list.

Deleted Rule:
	Rule ID:	lpacsensendrS-1-5-18-In-Block
	Rule Name:	LpacSenseNdr
	Modifying User:	S-1-5-80-3088073201-1464728630-1879813800-1107566885-823218052
	Modifying Application:	C:\Windows\System32\svchost.exe
	Error Code:	0"
"17-08-2026 09:36:38","2052","Information","Microsoft-Windows-Windows Firewall With Advanced Security","A rule has been deleted in the Windows Defender Firewall exception list.

Deleted Rule:
	Rule ID:	lpacsensendrS-1-5-18-Out-Block
	Rule Name:	LpacSenseNdr
	Modifying User:	S-1-5-80-3088073201-1464728630-1879813800-1107566885-823218052
	Modifying Application:	C:\Windows\System32\svchost.exe
	Error Code:	0"
"15-08-2026 05:11:35","2097","Information","Microsoft-Windows-Windows Firewall With Advanced Security","A rule has been added to the Windows Defender Firewall exception list.

Added Rule:
	Rule ID:	lpacsensendrS-1-5-18-Out-Block
	Rule Name:	LpacSenseNdr
	Origin:	Local
	Active:	Yes
	Direction:	Outbound
	Profiles:	Private,Domain, Public
	Action:	Block
	Application Path:	
	Service Name:	
	Protocol:	Any
	Security Options:	None
	Edge Traversal:	None
	Modifying User:	S-1-5-80-3088073201-1464728630-1879813800-1107566885-823218052
	Modifying Application:	C:\Windows\System32\svchost.exe
	PolicyAppId:	
	Error Code:	0"
"15-08-2026 05:11:35","2097","Information","Microsoft-Windows-Windows Firewall With Advanced Security","A rule has been added to the Windows Defender Firewall exception list.

Added Rule:
	Rule ID:	lpacsensendrS-1-5-18-In-Block
	Rule Name:	LpacSenseNdr
	Origin:	Local
	Active:	Yes
	Direction:	Inbound
	Profiles:	Private,Domain, Public
	Action:	Block
	Application Path:	
	Service Name:	
	Protocol:	Any
	Security Options:	None
	Edge Traversal:	None
	Modifying User:	S-1-5-80-3088073201-1464728630-1879813800-1107566885-823218052
	Modifying Application:	C:\Windows\System32\svchost.exe
	PolicyAppId:	
	Error Code:	0"
"15-08-2026 05:11:35","2052","Information","Microsoft-Windows-Windows Firewall With Advanced Security","A rule has been deleted in the Windows Defender Firewall exception list.

Deleted Rule:
	Rule ID:	lpacsensendrS-1-5-18-In-Block
	Rule Name:	LpacSenseNdr
	Modifying User:	S-1-5-80-3088073201-1464728630-1879813800-1107566885-823218052
	Modifying Application:	C:\Windows\System32\svchost.exe
	Error Code:	0"
"15-08-2026 05:11:35","2052","Information","Microsoft-Windows-Windows Firewall With Advanced Security","A rule has been deleted in the Windows Defender Firewall exception list.

Deleted Rule:
	Rule ID:	lpacsensendrS-1-5-18-Out-Block
	Rule Name:	LpacSenseNdr
	Modifying User:	S-1-5-80-3088073201-1464728630-1879813800-1107566885-823218052
	Modifying Application:	C:\Windows\System32\svchost.exe
	Error Code:	0"
"15-08-2026 05:11:33","2097","Information","Microsoft-Windows-Windows Firewall With Advanced Security","A rule has been added to the Windows Defender Firewall exception list.

Added Rule:
	Rule ID:	lpacsensendrS-1-5-18-Out-Block
	Rule Name:	LpacSenseNdr
	Origin:	Local
	Active:	Yes
	Direction:	Outbound
	Profiles:	Private,Domain, Public
	Action:	Block
	Application Path:	
	Service Name:	
	Protocol:	Any
	Security Options:	None
	Edge Traversal:	None
	Modifying User:	S-1-5-80-3088073201-1464728630-1879813800-1107566885-823218052
	Modifying Application:	C:\Windows\System32\svchost.exe
	PolicyAppId:	
	Error Code:	0"
"15-08-2026 05:11:33","2097","Information","Microsoft-Windows-Windows Firewall With Advanced Security","A rule has been added to the Windows Defender Firewall exception list.

Added Rule:
	Rule ID:	lpacsensendrS-1-5-18-In-Block
	Rule Name:	LpacSenseNdr
	Origin:	Local
	Active:	Yes
	Direction:	Inbound
	Profiles:	Private,Domain, Public
	Action:	Block
	Application Path:	
	Service Name:	
	Protocol:	Any
	Security Options:	None
	Edge Traversal:	None
	Modifying User:	S-1-5-80-3088073201-1464728630-1879813800-1107566885-823218052
	Modifying Application:	C:\Windows\System32\svchost.exe
	PolicyAppId:	
	Error Code:	0"
"15-08-2026 05:11:33","2052","Information","Microsoft-Windows-Windows Firewall With Advanced Security","A rule has been deleted in the Windows Defender Firewall exception list.

Deleted Rule:
	Rule ID:	lpacsensendrS-1-5-18-In-Block
	Rule Name:	LpacSenseNdr
	Modifying User:	S-1-5-80-3088073201-1464728630-1879813800-1107566885-823218052
	Modifying Application:	C:\Windows\System32\svchost.exe
	Error Code:	0"
"15-08-2026 05:11:33","2052","Information","Microsoft-Windows-Windows Firewall With Advanced Security","A rule has been deleted in the Windows Defender Firewall exception list.

Deleted Rule:
	Rule ID:	lpacsensendrS-1-5-18-Out-Block
	Rule Name:	LpacSenseNdr
	Modifying User:	S-1-5-80-3088073201-1464728630-1879813800-1107566885-823218052
	Modifying Application:	C:\Windows\System32\svchost.exe
	Error Code:	0"
"15-08-2026 05:11:32","2010","Information","Microsoft-Windows-Windows Firewall With Advanced Security","Network profile changed on an interface.

Adapter GUID:	{556d9bdf-d387-4ab9-be4c-a7e220faf218}
Adapter Name:	wireless_32768
Old Profile:	None
New Profile:	Public"
"14-08-2026 20:08:45","2010","Information","Microsoft-Windows-Windows Firewall With Advanced Security","Network profile changed on an interface.

Adapter GUID:	{556d9bdf-d387-4ab9-be4c-a7e220faf218}
Adapter Name:	wireless_32768
Old Profile:	Public
New Profile:	None"
"14-08-2026 19:43:03","2097","Information","Microsoft-Windows-Windows Firewall With Advanced Security","A rule has been added to the Windows Defender Firewall exception list.

Added Rule:
	Rule ID:	lpacsensendrS-1-5-18-Out-Block
	Rule Name:	LpacSenseNdr
	Origin:	Local
	Active:	Yes
	Direction:	Outbound
	Profiles:	Private,Domain, Public
	Action:	Block
	Application Path:	
	Service Name:	
	Protocol:	Any
	Security Options:	None
	Edge Traversal:	None
	Modifying User:	S-1-5-80-3088073201-1464728630-1879813800-1107566885-823218052
	Modifying Application:	C:\Windows\System32\svchost.exe
	PolicyAppId:	
	Error Code:	0"
"14-08-2026 19:43:03","2097","Information","Microsoft-Windows-Windows Firewall With Advanced Security","A rule has been added to the Windows Defender Firewall exception list.

Added Rule:
	Rule ID:	lpacsensendrS-1-5-18-In-Block
	Rule Name:	LpacSenseNdr
	Origin:	Local
	Active:	Yes
	Direction:	Inbound
	Profiles:	Private,Domain, Public
	Action:	Block
	Application Path:	
	Service Name:	
	Protocol:	Any
	Security Options:	None
	Edge Traversal:	None
	Modifying User:	S-1-5-80-3088073201-1464728630-1879813800-1107566885-823218052
	Modifying Application:	C:\Windows\System32\svchost.exe
	PolicyAppId:	
	Error Code:	0"
"14-08-2026 19:43:03","2052","Information","Microsoft-Windows-Windows Firewall With Advanced Security","A rule has been deleted in the Windows Defender Firewall exception list.

Deleted Rule:
	Rule ID:	lpacsensendrS-1-5-18-In-Block
	Rule Name:	LpacSenseNdr
	Modifying User:	S-1-5-80-3088073201-1464728630-1879813800-1107566885-823218052
	Modifying Application:	C:\Windows\System32\svchost.exe
	Error Code:	0"
"14-08-2026 19:43:03","2052","Information","Microsoft-Windows-Windows Firewall With Advanced Security","A rule has been deleted in the Windows Defender Firewall exception list.

Deleted Rule:
	Rule ID:	lpacsensendrS-1-5-18-Out-Block
	Rule Name:	LpacSenseNdr
	Modifying User:	S-1-5-80-3088073201-1464728630-1879813800-1107566885-823218052
	Modifying Application:	C:\Windows\System32\svchost.exe
	Error Code:	0"
"14-08-2026 19:06:32","2097","Information","Microsoft-Windows-Windows Firewall With Advanced Security","A rule has been added to the Windows Defender Firewall exception list.

Added Rule:
	Rule ID:	lpacsenseimdscollectorS-1-5-18-Out-Block
	Rule Name:	LpacSenseImdsCollector
	Origin:	Local
	Active:	Yes
	Direction:	Outbound
	Profiles:	Private,Domain, Public
	Action:	Block
	Application Path:	
	Service Name:	
	Protocol:	Any
	Security Options:	None
	Edge Traversal:	None
	Modifying User:	S-1-5-80-3088073201-1464728630-1879813800-1107566885-823218052
	Modifying Application:	C:\Windows\System32\svchost.exe
	PolicyAppId:	
	Error Code:	0"
"14-08-2026 19:06:32","2097","Information","Microsoft-Windows-Windows Firewall With Advanced Security","A rule has been added to the Windows Defender Firewall exception list.

Added Rule:
	Rule ID:	lpacsenseimdscollectorS-1-5-18-In-Block
	Rule Name:	LpacSenseImdsCollector
	Origin:	Local
	Active:	Yes
	Direction:	Inbound
	Profiles:	Private,Domain, Public
	Action:	Block
	Application Path:	
	Service Name:	
	Protocol:	Any
	Security Options:	None
	Edge Traversal:	None
	Modifying User:	S-1-5-80-3088073201-1464728630-1879813800-1107566885-823218052
	Modifying Application:	C:\Windows\System32\svchost.exe
	PolicyAppId:	
	Error Code:	0"
"14-08-2026 19:06:32","2052","Information","Microsoft-Windows-Windows Firewall With Advanced Security","A rule has been deleted in the Windows Defender Firewall exception list.

Deleted Rule:
	Rule ID:	lpacsenseimdscollectorS-1-5-18-In-Block
	Rule Name:	LpacSenseImdsCollector
	Modifying User:	S-1-5-80-3088073201-1464728630-1879813800-1107566885-823218052
	Modifying Application:	C:\Windows\System32\svchost.exe
	Error Code:	0"
"14-08-2026 19:06:32","2052","Information","Microsoft-Windows-Windows Firewall With Advanced Security","A rule has been deleted in the Windows Defender Firewall exception list.

Deleted Rule:
	Rule ID:	lpacsenseimdscollectorS-1-5-18-Out-Block
	Rule Name:	LpacSenseImdsCollector
	Modifying User:	S-1-5-80-3088073201-1464728630-1879813800-1107566885-823218052
	Modifying Application:	C:\Windows\System32\svchost.exe
	Error Code:	0"
"14-08-2026 18:06:06","2097","Information","Microsoft-Windows-Windows Firewall With Advanced Security","A rule has been added to the Windows Defender Firewall exception list.

Added Rule:
	Rule ID:	lpacsenseimdscollectorS-1-5-18-Out-Block
	Rule Name:	LpacSenseImdsCollector
	Origin:	Local
	Active:	Yes
	Direction:	Outbound
	Profiles:	Private,Domain, Public
	Action:	Block
	Application Path:	
	Service Name:	
	Protocol:	Any
	Security Options:	None
	Edge Traversal:	None
	Modifying User:	S-1-5-80-3088073201-1464728630-1879813800-1107566885-823218052
	Modifying Application:	C:\Windows\System32\svchost.exe
	PolicyAppId:	
	Error Code:	0"
"14-08-2026 18:06:06","2097","Information","Microsoft-Windows-Windows Firewall With Advanced Security","A rule has been added to the Windows Defender Firewall exception list.

Added Rule:
	Rule ID:	lpacsenseimdscollectorS-1-5-18-In-Block
	Rule Name:	LpacSenseImdsCollector
	Origin:	Local
	Active:	Yes
	Direction:	Inbound
	Profiles:	Private,Domain, Public
	Action:	Block
	Application Path:	
	Service Name:	
	Protocol:	Any
	Security Options:	None
	Edge Traversal:	None
	Modifying User:	S-1-5-80-3088073201-1464728630-1879813800-1107566885-823218052
	Modifying Application:	C:\Windows\System32\svchost.exe
	PolicyAppId:	
	Error Code:	0"
"14-08-2026 18:06:06","2052","Information","Microsoft-Windows-Windows Firewall With Advanced Security","A rule has been deleted in the Windows Defender Firewall exception list.

Deleted Rule:
	Rule ID:	lpacsenseimdscollectorS-1-5-18-In-Block
	Rule Name:	LpacSenseImdsCollector
	Modifying User:	S-1-5-80-3088073201-1464728630-1879813800-1107566885-823218052
	Modifying Application:	C:\Windows\System32\svchost.exe
	Error Code:	0"
"14-08-2026 18:06:06","2052","Information","Microsoft-Windows-Windows Firewall With Advanced Security","A rule has been deleted in the Windows Defender Firewall exception list.

Deleted Rule:
	Rule ID:	lpacsenseimdscollectorS-1-5-18-Out-Block
	Rule Name:	LpacSenseImdsCollector
	Modifying User:	S-1-5-80-3088073201-1464728630-1879813800-1107566885-823218052
	Modifying Application:	C:\Windows\System32\svchost.exe
	Error Code:	0"
"14-08-2026 17:05:40","2097","Information","Microsoft-Windows-Windows Firewall With Advanced Security","A rule has been added to the Windows Defender Firewall exception list.

Added Rule:
	Rule ID:	lpacsenseimdscollectorS-1-5-18-Out-Block
	Rule Name:	LpacSenseImdsCollector
	Origin:	Local
	Active:	Yes
	Direction:	Outbound
	Profiles:	Private,Domain, Public
	Action:	Block
	Application Path:	
	Service Name:	
	Protocol:	Any
	Security Options:	None
	Edge Traversal:	None
	Modifying User:	S-1-5-80-3088073201-1464728630-1879813800-1107566885-823218052
	Modifying Application:	C:\Windows\System32\svchost.exe
	PolicyAppId:	
	Error Code:	0"
"14-08-2026 17:05:40","2097","Information","Microsoft-Windows-Windows Firewall With Advanced Security","A rule has been added to the Windows Defender Firewall exception list.

Added Rule:
	Rule ID:	lpacsenseimdscollectorS-1-5-18-In-Block
	Rule Name:	LpacSenseImdsCollector
	Origin:	Local
	Active:	Yes
	Direction:	Inbound
	Profiles:	Private,Domain, Public
	Action:	Block
	Application Path:	
	Service Name:	
	Protocol:	Any
	Security Options:	None
	Edge Traversal:	None
	Modifying User:	S-1-5-80-3088073201-1464728630-1879813800-1107566885-823218052
	Modifying Application:	C:\Windows\System32\svchost.exe
	PolicyAppId:	
	Error Code:	0"
"14-08-2026 17:05:40","2052","Information","Microsoft-Windows-Windows Firewall With Advanced Security","A rule has been deleted in the Windows Defender Firewall exception list.

Deleted Rule:
	Rule ID:	lpacsenseimdscollectorS-1-5-18-In-Block
	Rule Name:	LpacSenseImdsCollector
	Modifying User:	S-1-5-80-3088073201-1464728630-1879813800-1107566885-823218052
	Modifying Application:	C:\Windows\System32\svchost.exe
	Error Code:	0"
"14-08-2026 17:05:40","2052","Information","Microsoft-Windows-Windows Firewall With Advanced Security","A rule has been deleted in the Windows Defender Firewall exception list.

Deleted Rule:
	Rule ID:	lpacsenseimdscollectorS-1-5-18-Out-Block
	Rule Name:	LpacSenseImdsCollector
	Modifying User:	S-1-5-80-3088073201-1464728630-1879813800-1107566885-823218052
	Modifying Application:	C:\Windows\System32\svchost.exe
	Error Code:	0"
"14-08-2026 16:05:14","2097","Information","Microsoft-Windows-Windows Firewall With Advanced Security","A rule has been added to the Windows Defender Firewall exception list.

Added Rule:
	Rule ID:	lpacsenseimdscollectorS-1-5-18-Out-Block
	Rule Name:	LpacSenseImdsCollector
	Origin:	Local
	Active:	Yes
	Direction:	Outbound
	Profiles:	Private,Domain, Public
	Action:	Block
	Application Path:	
	Service Name:	
	Protocol:	Any
	Security Options:	None
	Edge Traversal:	None
	Modifying User:	S-1-5-80-3088073201-1464728630-1879813800-1107566885-823218052
	Modifying Application:	C:\Windows\System32\svchost.exe
	PolicyAppId:	
	Error Code:	0"
"14-08-2026 16:05:14","2097","Information","Microsoft-Windows-Windows Firewall With Advanced Security","A rule has been added to the Windows Defender Firewall exception list.

Added Rule:
	Rule ID:	lpacsenseimdscollectorS-1-5-18-In-Block
	Rule Name:	LpacSenseImdsCollector
	Origin:	Local
	Active:	Yes
	Direction:	Inbound
	Profiles:	Private,Domain, Public
	Action:	Block
	Application Path:	
	Service Name:	
	Protocol:	Any
	Security Options:	None
	Edge Traversal:	None
	Modifying User:	S-1-5-80-3088073201-1464728630-1879813800-1107566885-823218052
	Modifying Application:	C:\Windows\System32\svchost.exe
	PolicyAppId:	
	Error Code:	0"
"14-08-2026 16:05:14","2052","Information","Microsoft-Windows-Windows Firewall With Advanced Security","A rule has been deleted in the Windows Defender Firewall exception list.

Deleted Rule:
	Rule ID:	lpacsenseimdscollectorS-1-5-18-In-Block
	Rule Name:	LpacSenseImdsCollector
	Modifying User:	S-1-5-80-3088073201-1464728630-1879813800-1107566885-823218052
	Modifying Application:	C:\Windows\System32\svchost.exe
	Error Code:	0"
"14-08-2026 16:05:14","2052","Information","Microsoft-Windows-Windows Firewall With Advanced Security","A rule has been deleted in the Windows Defender Firewall exception list.

Deleted Rule:
	Rule ID:	lpacsenseimdscollectorS-1-5-18-Out-Block
	Rule Name:	LpacSenseImdsCollector
	Modifying User:	S-1-5-80-3088073201-1464728630-1879813800-1107566885-823218052
	Modifying Application:	C:\Windows\System32\svchost.exe
	Error Code:	0"
"14-08-2026 15:04:49","2097","Information","Microsoft-Windows-Windows Firewall With Advanced Security","A rule has been added to the Windows Defender Firewall exception list.

Added Rule:
	Rule ID:	lpacsenseimdscollectorS-1-5-18-Out-Block
	Rule Name:	LpacSenseImdsCollector
	Origin:	Local
	Active:	Yes
	Direction:	Outbound
	Profiles:	Private,Domain, Public
	Action:	Block
	Application Path:	
	Service Name:	
	Protocol:	Any
	Security Options:	None
	Edge Traversal:	None
	Modifying User:	S-1-5-80-3088073201-1464728630-1879813800-1107566885-823218052
	Modifying Application:	C:\Windows\System32\svchost.exe
	PolicyAppId:	
	Error Code:	0"
"14-08-2026 15:04:49","2097","Information","Microsoft-Windows-Windows Firewall With Advanced Security","A rule has been added to the Windows Defender Firewall exception list.

Added Rule:
	Rule ID:	lpacsenseimdscollectorS-1-5-18-In-Block
	Rule Name:	LpacSenseImdsCollector
	Origin:	Local
	Active:	Yes
	Direction:	Inbound
	Profiles:	Private,Domain, Public
	Action:	Block
	Application Path:	
	Service Name:	
	Protocol:	Any
	Security Options:	None
	Edge Traversal:	None
	Modifying User:	S-1-5-80-3088073201-1464728630-1879813800-1107566885-823218052
	Modifying Application:	C:\Windows\System32\svchost.exe
	PolicyAppId:	
	Error Code:	0"
"14-08-2026 15:04:49","2052","Information","Microsoft-Windows-Windows Firewall With Advanced Security","A rule has been deleted in the Windows Defender Firewall exception list.

Deleted Rule:
	Rule ID:	lpacsenseimdscollectorS-1-5-18-In-Block
	Rule Name:	LpacSenseImdsCollector
	Modifying User:	S-1-5-80-3088073201-1464728630-1879813800-1107566885-823218052
	Modifying Application:	C:\Windows\System32\svchost.exe
	Error Code:	0"
"14-08-2026 15:04:49","2052","Information","Microsoft-Windows-Windows Firewall With Advanced Security","A rule has been deleted in the Windows Defender Firewall exception list.

Deleted Rule:
	Rule ID:	lpacsenseimdscollectorS-1-5-18-Out-Block
	Rule Name:	LpacSenseImdsCollector
	Modifying User:	S-1-5-80-3088073201-1464728630-1879813800-1107566885-823218052
	Modifying Application:	C:\Windows\System32\svchost.exe
	Error Code:	0"
"14-08-2026 14:04:23","2097","Information","Microsoft-Windows-Windows Firewall With Advanced Security","A rule has been added to the Windows Defender Firewall exception list.

Added Rule:
	Rule ID:	lpacsenseimdscollectorS-1-5-18-Out-Block
	Rule Name:	LpacSenseImdsCollector
	Origin:	Local
	Active:	Yes
	Direction:	Outbound
	Profiles:	Private,Domain, Public
	Action:	Block
	Application Path:	
	Service Name:	
	Protocol:	Any
	Security Options:	None
	Edge Traversal:	None
	Modifying User:	S-1-5-80-3088073201-1464728630-1879813800-1107566885-823218052
	Modifying Application:	C:\Windows\System32\svchost.exe
	PolicyAppId:	
	Error Code:	0"
"14-08-2026 14:04:23","2097","Information","Microsoft-Windows-Windows Firewall With Advanced Security","A rule has been added to the Windows Defender Firewall exception list.

Added Rule:
	Rule ID:	lpacsenseimdscollectorS-1-5-18-In-Block
	Rule Name:	LpacSenseImdsCollector
	Origin:	Local
	Active:	Yes
	Direction:	Inbound
	Profiles:	Private,Domain, Public
	Action:	Block
	Application Path:	
	Service Name:	
	Protocol:	Any
	Security Options:	None
	Edge Traversal:	None
	Modifying User:	S-1-5-80-3088073201-1464728630-1879813800-1107566885-823218052
	Modifying Application:	C:\Windows\System32\svchost.exe
	PolicyAppId:	
	Error Code:	0"
"14-08-2026 14:04:23","2052","Information","Microsoft-Windows-Windows Firewall With Advanced Security","A rule has been deleted in the Windows Defender Firewall exception list.

Deleted Rule:
	Rule ID:	lpacsenseimdscollectorS-1-5-18-In-Block
	Rule Name:	LpacSenseImdsCollector
	Modifying User:	S-1-5-80-3088073201-1464728630-1879813800-1107566885-823218052
	Modifying Application:	C:\Windows\System32\svchost.exe
	Error Code:	0"
"14-08-2026 14:04:23","2052","Information","Microsoft-Windows-Windows Firewall With Advanced Security","A rule has been deleted in the Windows Defender Firewall exception list.

Deleted Rule:
	Rule ID:	lpacsenseimdscollectorS-1-5-18-Out-Block
	Rule Name:	LpacSenseImdsCollector
	Modifying User:	S-1-5-80-3088073201-1464728630-1879813800-1107566885-823218052
	Modifying Application:	C:\Windows\System32\svchost.exe
	Error Code:	0"
"14-08-2026 13:52:48","2097","Information","Microsoft-Windows-Windows Firewall With Advanced Security","A rule has been added to the Windows Defender Firewall exception list.

Added Rule:
	Rule ID:	Microsoft.WebpImageExtension_8wekyb3d8bbweS-1-12-1-2357405129-1281513531-255772574-1816207334-Out-Block
	Rule Name:	@{Microsoft.WebpImageExtension_1.2.31.0_x64__8wekyb3d8bbwe?ms-resource://Microsoft.WebpImageExtension/Resources/AppStoreName}
	Origin:	Local
	Active:	Yes
	Direction:	Outbound
	Profiles:	Private,Domain, Public
	Action:	Block
	Application Path:	
	Service Name:	
	Protocol:	Any
	Security Options:	None
	Edge Traversal:	None
	Modifying User:	S-1-5-80-3088073201-1464728630-1879813800-1107566885-823218052
	Modifying Application:	C:\Windows\System32\svchost.exe
	PolicyAppId:	
	Error Code:	0"
"14-08-2026 13:52:48","2097","Information","Microsoft-Windows-Windows Firewall With Advanced Security","A rule has been added to the Windows Defender Firewall exception list.

Added Rule:
	Rule ID:	Microsoft.WebpImageExtension_8wekyb3d8bbweS-1-12-1-2357405129-1281513531-255772574-1816207334-In-Block
	Rule Name:	@{Microsoft.WebpImageExtension_1.2.31.0_x64__8wekyb3d8bbwe?ms-resource://Microsoft.WebpImageExtension/Resources/AppStoreName}
	Origin:	Local
	Active:	Yes
	Direction:	Inbound
	Profiles:	Private,Domain, Public
	Action:	Block
	Application Path:	
	Service Name:	
	Protocol:	Any
	Security Options:	None
	Edge Traversal:	None
	Modifying User:	S-1-5-80-3088073201-1464728630-1879813800-1107566885-823218052
	Modifying Application:	C:\Windows\System32\svchost.exe
	PolicyAppId:	
	Error Code:	0"
"14-08-2026 13:52:48","2052","Information","Microsoft-Windows-Windows Firewall With Advanced Security","A rule has been deleted in the Windows Defender Firewall exception list.

Deleted Rule:
	Rule ID:	Microsoft.WebpImageExtension_8wekyb3d8bbweS-1-12-1-2357405129-1281513531-255772574-1816207334-In-Block
	Rule Name:	@{Microsoft.WebpImageExtension_1.2.14.0_x64__8wekyb3d8bbwe?ms-resource://Microsoft.WebpImageExtension/Resources/AppStoreName}
	Modifying User:	S-1-5-80-3088073201-1464728630-1879813800-1107566885-823218052
	Modifying Application:	C:\Windows\System32\svchost.exe
	Error Code:	0"
"14-08-2026 13:52:48","2052","Information","Microsoft-Windows-Windows Firewall With Advanced Security","A rule has been deleted in the Windows Defender Firewall exception list.

Deleted Rule:
	Rule ID:	Microsoft.WebpImageExtension_8wekyb3d8bbweS-1-12-1-2357405129-1281513531-255772574-1816207334-Out-Block
	Rule Name:	@{Microsoft.WebpImageExtension_1.2.14.0_x64__8wekyb3d8bbwe?ms-resource://Microsoft.WebpImageExtension/Resources/AppStoreName}
	Modifying User:	S-1-5-80-3088073201-1464728630-1879813800-1107566885-823218052
	Modifying Application:	C:\Windows\System32\svchost.exe
	Error Code:	0"
"14-08-2026 13:52:41","2097","Information","Microsoft-Windows-Windows Firewall With Advanced Security","A rule has been added to the Windows Defender Firewall exception list.

Added Rule:
	Rule ID:	Microsoft.HEIFImageExtension_8wekyb3d8bbweS-1-12-1-2357405129-1281513531-255772574-1816207334-Out-Block
	Rule Name:	@{Microsoft.HEIFImageExtension_1.2.48.0_x64__8wekyb3d8bbwe?ms-resource://Microsoft.HEIFImageExtension/Resources/AppStoreName}
	Origin:	Local
	Active:	Yes
	Direction:	Outbound
	Profiles:	Private,Domain, Public
	Action:	Block
	Application Path:	
	Service Name:	
	Protocol:	Any
	Security Options:	None
	Edge Traversal:	None
	Modifying User:	S-1-5-80-3088073201-1464728630-1879813800-1107566885-823218052
	Modifying Application:	C:\Windows\System32\svchost.exe
	PolicyAppId:	
	Error Code:	0"
"14-08-2026 13:52:41","2097","Information","Microsoft-Windows-Windows Firewall With Advanced Security","A rule has been added to the Windows Defender Firewall exception list.

Added Rule:
	Rule ID:	Microsoft.HEIFImageExtension_8wekyb3d8bbweS-1-12-1-2357405129-1281513531-255772574-1816207334-In-Block
	Rule Name:	@{Microsoft.HEIFImageExtension_1.2.48.0_x64__8wekyb3d8bbwe?ms-resource://Microsoft.HEIFImageExtension/Resources/AppStoreName}
	Origin:	Local
	Active:	Yes
	Direction:	Inbound
	Profiles:	Private,Domain, Public
	Action:	Block
	Application Path:	
	Service Name:	
	Protocol:	Any
	Security Options:	None
	Edge Traversal:	None
	Modifying User:	S-1-5-80-3088073201-1464728630-1879813800-1107566885-823218052
	Modifying Application:	C:\Windows\System32\svchost.exe
	PolicyAppId:	
	Error Code:	0"
"14-08-2026 13:52:41","2052","Information","Microsoft-Windows-Windows Firewall With Advanced Security","A rule has been deleted in the Windows Defender Firewall exception list.

Deleted Rule:
	Rule ID:	Microsoft.HEIFImageExtension_8wekyb3d8bbweS-1-12-1-2357405129-1281513531-255772574-1816207334-In-Block
	Rule Name:	@{Microsoft.HEIFImageExtension_1.2.36.0_x64__8wekyb3d8bbwe?ms-resource://Microsoft.HEIFImageExtension/Resources/AppStoreName}
	Modifying User:	S-1-5-80-3088073201-1464728630-1879813800-1107566885-823218052
	Modifying Application:	C:\Windows\System32\svchost.exe
	Error Code:	0"
"14-08-2026 13:52:41","2052","Information","Microsoft-Windows-Windows Firewall With Advanced Security","A rule has been deleted in the Windows Defender Firewall exception list.

Deleted Rule:
	Rule ID:	Microsoft.HEIFImageExtension_8wekyb3d8bbweS-1-12-1-2357405129-1281513531-255772574-1816207334-Out-Block
	Rule Name:	@{Microsoft.HEIFImageExtension_1.2.36.0_x64__8wekyb3d8bbwe?ms-resource://Microsoft.HEIFImageExtension/Resources/AppStoreName}
	Modifying User:	S-1-5-80-3088073201-1464728630-1879813800-1107566885-823218052
	Modifying Application:	C:\Windows\System32\svchost.exe
	Error Code:	0"
"14-08-2026 13:43:13","2097","Information","Microsoft-Windows-Windows Firewall With Advanced Security","A rule has been added to the Windows Defender Firewall exception list.

Added Rule:
	Rule ID:	1_https___agave.myanalytics.cdn.office.net04aca5ecS-1-12-1-2357405129-1281513531-255772574-1816207334-Out-Allow-InternetClient
	Rule Name:	1_https___agave.myanalytics.cdn.office.net
	Origin:	Local
	Active:	Yes
	Direction:	Outbound
	Profiles:	Private,Domain, Public
	Action:	Allow
	Application Path:	
	Service Name:	
	Protocol:	Any
	Security Options:	None
	Edge Traversal:	None
	Modifying User:	S-1-5-80-3088073201-1464728630-1879813800-1107566885-823218052
	Modifying Application:	C:\Windows\System32\svchost.exe
	PolicyAppId:	
	Error Code:	0"
"14-08-2026 13:43:13","2097","Information","Microsoft-Windows-Windows Firewall With Advanced Security","A rule has been added to the Windows Defender Firewall exception list.

Added Rule:
	Rule ID:	1_https___agave.myanalytics.cdn.office.net04aca5ecS-1-12-1-2357405129-1281513531-255772574-1816207334-Out-Allow-Intranet-Authenticate
	Rule Name:	1_https___agave.myanalytics.cdn.office.net
	Origin:	Local
	Active:	Yes
	Direction:	Outbound
	Profiles:	Public, Private
	Action:	Allow
	Application Path:	
	Service Name:	
	Protocol:	Any
	Security Options:	Require Authentication
	Edge Traversal:	None
	Modifying User:	S-1-5-80-3088073201-1464728630-1879813800-1107566885-823218052
	Modifying Application:	C:\Windows\System32\svchost.exe
	PolicyAppId:	
	Error Code:	0"
"14-08-2026 13:43:13","2097","Information","Microsoft-Windows-Windows Firewall With Advanced Security","A rule has been added to the Windows Defender Firewall exception list.

Added Rule:
	Rule ID:	1_https___agave.myanalytics.cdn.office.net04aca5ecS-1-12-1-2357405129-1281513531-255772574-1816207334-In-Allow-Intranet-Authenticate
	Rule Name:	1_https___agave.myanalytics.cdn.office.net
	Origin:	Local
	Active:	Yes
	Direction:	Inbound
	Profiles:	Public, Private
	Action:	Allow
	Application Path:	
	Service Name:	
	Protocol:	Any
	Security Options:	Require Authentication
	Edge Traversal:	None
	Modifying User:	S-1-5-80-3088073201-1464728630-1879813800-1107566885-823218052
	Modifying Application:	C:\Windows\System32\svchost.exe
	PolicyAppId:	
	Error Code:	0"
"14-08-2026 13:43:13","2097","Information","Microsoft-Windows-Windows Firewall With Advanced Security","A rule has been added to the Windows Defender Firewall exception list.

Added Rule:
	Rule ID:	1_https___agave.myanalytics.cdn.office.net04aca5ecS-1-12-1-2357405129-1281513531-255772574-1816207334-Out-Allow-Intranet
	Rule Name:	1_https___agave.myanalytics.cdn.office.net
	Origin:	Local
	Active:	Yes
	Direction:	Outbound
	Profiles:	Private,Domain, Public
	Action:	Allow
	Application Path:	
	Service Name:	
	Protocol:	Any
	Security Options:	None
	Edge Traversal:	None
	Modifying User:	S-1-5-80-3088073201-1464728630-1879813800-1107566885-823218052
	Modifying Application:	C:\Windows\System32\svchost.exe
	PolicyAppId:	
	Error Code:	0"
"14-08-2026 13:43:13","2097","Information","Microsoft-Windows-Windows Firewall With Advanced Security","A rule has been added to the Windows Defender Firewall exception list.

Added Rule:
	Rule ID:	1_https___agave.myanalytics.cdn.office.net04aca5ecS-1-12-1-2357405129-1281513531-255772574-1816207334-In-Allow-Intranet
	Rule Name:	1_https___agave.myanalytics.cdn.office.net
	Origin:	Local
	Active:	Yes
	Direction:	Inbound
	Profiles:	Private,Domain, Public
	Action:	Allow
	Application Path:	
	Service Name:	
	Protocol:	Any
	Security Options:	None
	Edge Traversal:	None
	Modifying User:	S-1-5-80-3088073201-1464728630-1879813800-1107566885-823218052
	Modifying Application:	C:\Windows\System32\svchost.exe
	PolicyAppId:	
	Error Code:	0"
"14-08-2026 13:43:13","2097","Information","Microsoft-Windows-Windows Firewall With Advanced Security","A rule has been added to the Windows Defender Firewall exception list.

Added Rule:
	Rule ID:	1_https___agave.myanalytics.cdn.office.net04aca5ecS-1-12-1-2357405129-1281513531-255772574-1816207334-Out-Block
	Rule Name:	1_https___agave.myanalytics.cdn.office.net
	Origin:	Local
	Active:	Yes
	Direction:	Outbound
	Profiles:	Private,Domain, Public
	Action:	Block
	Application Path:	
	Service Name:	
	Protocol:	Any
	Security Options:	None
	Edge Traversal:	None
	Modifying User:	S-1-5-80-3088073201-1464728630-1879813800-1107566885-823218052
	Modifying Application:	C:\Windows\System32\svchost.exe
	PolicyAppId:	
	Error Code:	0"
"14-08-2026 13:43:13","2097","Information","Microsoft-Windows-Windows Firewall With Advanced Security","A rule has been added to the Windows Defender Firewall exception list.

Added Rule:
	Rule ID:	1_https___agave.myanalytics.cdn.office.net04aca5ecS-1-12-1-2357405129-1281513531-255772574-1816207334-In-Block
	Rule Name:	1_https___agave.myanalytics.cdn.office.net
	Origin:	Local
	Active:	Yes
	Direction:	Inbound
	Profiles:	Private,Domain, Public
	Action:	Block
	Application Path:	
	Service Name:	
	Protocol:	Any
	Security Options:	None
	Edge Traversal:	None
	Modifying User:	S-1-5-80-3088073201-1464728630-1879813800-1107566885-823218052
	Modifying Application:	C:\Windows\System32\svchost.exe
	PolicyAppId:	
	Error Code:	0"
"14-08-2026 13:43:13","2052","Information","Microsoft-Windows-Windows Firewall With Advanced Security","A rule has been deleted in the Windows Defender Firewall exception list.

Deleted Rule:
	Rule ID:	1_https___agave.myanalytics.cdn.office.net04aca5ecS-1-12-1-2357405129-1281513531-255772574-1816207334-In-Block
	Rule Name:	1_https___agave.myanalytics.cdn.office.net
	Modifying User:	S-1-5-80-3088073201-1464728630-1879813800-1107566885-823218052
	Modifying Application:	C:\Windows\System32\svchost.exe
	Error Code:	0"
"14-08-2026 13:43:13","2052","Information","Microsoft-Windows-Windows Firewall With Advanced Security","A rule has been deleted in the Windows Defender Firewall exception list.

Deleted Rule:
	Rule ID:	1_https___agave.myanalytics.cdn.office.net04aca5ecS-1-12-1-2357405129-1281513531-255772574-1816207334-Out-Block
	Rule Name:	1_https___agave.myanalytics.cdn.office.net
	Modifying User:	S-1-5-80-3088073201-1464728630-1879813800-1107566885-823218052
	Modifying Application:	C:\Windows\System32\svchost.exe
	Error Code:	0"
"14-08-2026 13:43:13","2052","Information","Microsoft-Windows-Windows Firewall With Advanced Security","A rule has been deleted in the Windows Defender Firewall exception list.

Deleted Rule:
	Rule ID:	1_https___agave.myanalytics.cdn.office.net04aca5ecS-1-12-1-2357405129-1281513531-255772574-1816207334-In-Allow-Intranet
	Rule Name:	1_https___agave.myanalytics.cdn.office.net
	Modifying User:	S-1-5-80-3088073201-1464728630-1879813800-1107566885-823218052
	Modifying Application:	C:\Windows\System32\svchost.exe
	Error Code:	0"
"14-08-2026 13:43:13","2052","Information","Microsoft-Windows-Windows Firewall With Advanced Security","A rule has been deleted in the Windows Defender Firewall exception list.

Deleted Rule:
	Rule ID:	1_https___agave.myanalytics.cdn.office.net04aca5ecS-1-12-1-2357405129-1281513531-255772574-1816207334-Out-Allow-Intranet
	Rule Name:	1_https___agave.myanalytics.cdn.office.net
	Modifying User:	S-1-5-80-3088073201-1464728630-1879813800-1107566885-823218052
	Modifying Application:	C:\Windows\System32\svchost.exe
	Error Code:	0"
"14-08-2026 13:43:13","2052","Information","Microsoft-Windows-Windows Firewall With Advanced Security","A rule has been deleted in the Windows Defender Firewall exception list.

Deleted Rule:
	Rule ID:	1_https___agave.myanalytics.cdn.office.net04aca5ecS-1-12-1-2357405129-1281513531-255772574-1816207334-In-Allow-Intranet-Authenticate
	Rule Name:	1_https___agave.myanalytics.cdn.office.net
	Modifying User:	S-1-5-80-3088073201-1464728630-1879813800-1107566885-823218052
	Modifying Application:	C:\Windows\System32\svchost.exe
	Error Code:	0"
"14-08-2026 13:43:13","2052","Information","Microsoft-Windows-Windows Firewall With Advanced Security","A rule has been deleted in the Windows Defender Firewall exception list.

Deleted Rule:
	Rule ID:	1_https___agave.myanalytics.cdn.office.net04aca5ecS-1-12-1-2357405129-1281513531-255772574-1816207334-Out-Allow-Intranet-Authenticate
	Rule Name:	1_https___agave.myanalytics.cdn.office.net
	Modifying User:	S-1-5-80-3088073201-1464728630-1879813800-1107566885-823218052
	Modifying Application:	C:\Windows\System32\svchost.exe
	Error Code:	0"
"14-08-2026 13:43:13","2052","Information","Microsoft-Windows-Windows Firewall With Advanced Security","A rule has been deleted in the Windows Defender Firewall exception list.

Deleted Rule:
	Rule ID:	1_https___agave.myanalytics.cdn.office.net04aca5ecS-1-12-1-2357405129-1281513531-255772574-1816207334-Out-Allow-InternetClient
	Rule Name:	1_https___agave.myanalytics.cdn.office.net
	Modifying User:	S-1-5-80-3088073201-1464728630-1879813800-1107566885-823218052
	Modifying Application:	C:\Windows\System32\svchost.exe
	Error Code:	0"
"14-08-2026 13:31:29","2052","Information","Microsoft-Windows-Windows Firewall With Advanced Security","A rule has been deleted in the Windows Defender Firewall exception list.

Deleted Rule:
	Rule ID:	{3AC19116-CF37-4D29-84CE-C9FDDA87D596}
	Rule Name:	Microsoft 365 Copilot
	Modifying User:	S-1-5-18
	Modifying Application:	C:\Windows\System32\svchost.exe
	Error Code:	0"
"14-08-2026 13:31:29","2052","Information","Microsoft-Windows-Windows Firewall With Advanced Security","A rule has been deleted in the Windows Defender Firewall exception list.

Deleted Rule:
	Rule ID:	{CA79F917-2B87-4832-AA25-9E3A67B04716}
	Rule Name:	Microsoft 365 Copilot
	Modifying User:	S-1-5-18
	Modifying Application:	C:\Windows\System32\svchost.exe
	Error Code:	0"
"14-08-2026 13:31:29","2052","Information","Microsoft-Windows-Windows Firewall With Advanced Security","A rule has been deleted in the Windows Defender Firewall exception list.

Deleted Rule:
	Rule ID:	{14E77DA7-8AFE-46AF-9261-7DCC78042AE7}
	Rule Name:	Microsoft 365 Copilot
	Modifying User:	S-1-5-18
	Modifying Application:	C:\Windows\System32\svchost.exe
	Error Code:	0"
"14-08-2026 13:31:29","2052","Information","Microsoft-Windows-Windows Firewall With Advanced Security","A rule has been deleted in the Windows Defender Firewall exception list.

Deleted Rule:
	Rule ID:	{28482834-8737-4964-9E94-D9343C1B1035}
	Rule Name:	Microsoft 365 Copilot
	Modifying User:	S-1-5-18
	Modifying Application:	C:\Windows\System32\svchost.exe
	Error Code:	0"
"14-08-2026 13:31:28","2097","Information","Microsoft-Windows-Windows Firewall With Advanced Security","A rule has been added to the Windows Defender Firewall exception list.

Added Rule:
	Rule ID:	Microsoft.MicrosoftOfficeHub_8wekyb3d8bbweS-1-12-1-2357405129-1281513531-255772574-1816207334-In-Allow-ServerCapability
	Rule Name:	Microsoft 365 Copilot
	Origin:	Local
	Active:	Yes
	Direction:	Inbound
	Profiles:	Private,Domain, Public
	Action:	Allow
	Application Path:	
	Service Name:	
	Protocol:	Any
	Security Options:	None
	Edge Traversal:	Allow
	Modifying User:	S-1-5-80-3088073201-1464728630-1879813800-1107566885-823218052
	Modifying Application:	C:\Windows\System32\svchost.exe
	PolicyAppId:	
	Error Code:	0"
"14-08-2026 13:31:28","2097","Information","Microsoft-Windows-Windows Firewall With Advanced Security","A rule has been added to the Windows Defender Firewall exception list.

Added Rule:
	Rule ID:	Microsoft.MicrosoftOfficeHub_8wekyb3d8bbweS-1-12-1-2357405129-1281513531-255772574-1816207334-Out-Allow-AllCapabilities
	Rule Name:	Microsoft 365 Copilot
	Origin:	Local
	Active:	Yes
	Direction:	Outbound
	Profiles:	Private,Domain, Public
	Action:	Allow
	Application Path:	
	Service Name:	
	Protocol:	Any
	Security Options:	None
	Edge Traversal:	None
	Modifying User:	S-1-5-80-3088073201-1464728630-1879813800-1107566885-823218052
	Modifying Application:	C:\Windows\System32\svchost.exe
	PolicyAppId:	
	Error Code:	0"
"14-08-2026 13:31:28","2097","Information","Microsoft-Windows-Windows Firewall With Advanced Security","A rule has been added to the Windows Defender Firewall exception list.

Added Rule:
	Rule ID:	Microsoft.MicrosoftOfficeHub_8wekyb3d8bbweS-1-12-1-2357405129-1281513531-255772574-1816207334-Out-Allow-Internet
	Rule Name:	Microsoft 365 Copilot
	Origin:	Local
	Active:	Yes
	Direction:	Outbound
	Profiles:	Private,Domain, Public
	Action:	Allow
	Application Path:	
	Service Name:	
	Protocol:	Any
	Security Options:	None
	Edge Traversal:	None
	Modifying User:	S-1-5-80-3088073201-1464728630-1879813800-1107566885-823218052
	Modifying Application:	C:\Windows\System32\svchost.exe
	PolicyAppId:	
	Error Code:	0"
"14-08-2026 13:31:28","2097","Information","Microsoft-Windows-Windows Firewall With Advanced Security","A rule has been added to the Windows Defender Firewall exception list.

Added Rule:
	Rule ID:	Microsoft.MicrosoftOfficeHub_8wekyb3d8bbweS-1-12-1-2357405129-1281513531-255772574-1816207334-In-Allow-Internet
	Rule Name:	Microsoft 365 Copilot
	Origin:	Local
	Active:	Yes
	Direction:	Inbound
	Profiles:	Private,Domain, Public
	Action:	Allow
	Application Path:	
	Service Name:	
	Protocol:	Any
	Security Options:	None
	Edge Traversal:	None
	Modifying User:	S-1-5-80-3088073201-1464728630-1879813800-1107566885-823218052
	Modifying Application:	C:\Windows\System32\svchost.exe
	PolicyAppId:	
	Error Code:	0"
"14-08-2026 13:31:28","2097","Information","Microsoft-Windows-Windows Firewall With Advanced Security","A rule has been added to the Windows Defender Firewall exception list.

Added Rule:
	Rule ID:	Microsoft.MicrosoftOfficeHub_8wekyb3d8bbweS-1-12-1-2357405129-1281513531-255772574-1816207334-Out-Allow-Intranet-Authenticate
	Rule Name:	Microsoft 365 Copilot
	Origin:	Local
	Active:	Yes
	Direction:	Outbound
	Profiles:	Public, Private
	Action:	Allow
	Application Path:	
	Service Name:	
	Protocol:	Any
	Security Options:	Require Authentication
	Edge Traversal:	None
	Modifying User:	S-1-5-80-3088073201-1464728630-1879813800-1107566885-823218052
	Modifying Application:	C:\Windows\System32\svchost.exe
	PolicyAppId:	
	Error Code:	0"
"14-08-2026 13:31:28","2097","Information","Microsoft-Windows-Windows Firewall With Advanced Security","A rule has been added to the Windows Defender Firewall exception list.

Added Rule:
	Rule ID:	Microsoft.MicrosoftOfficeHub_8wekyb3d8bbweS-1-12-1-2357405129-1281513531-255772574-1816207334-In-Allow-Intranet-Authenticate
	Rule Name:	Microsoft 365 Copilot
	Origin:	Local
	Active:	Yes
	Direction:	Inbound
	Profiles:	Public, Private
	Action:	Allow
	Application Path:	
	Service Name:	
	Protocol:	Any
	Security Options:	Require Authentication
	Edge Traversal:	None
	Modifying User:	S-1-5-80-3088073201-1464728630-1879813800-1107566885-823218052
	Modifying Application:	C:\Windows\System32\svchost.exe
	PolicyAppId:	
	Error Code:	0"
"14-08-2026 13:31:28","2097","Information","Microsoft-Windows-Windows Firewall With Advanced Security","A rule has been added to the Windows Defender Firewall exception list.

Added Rule:
	Rule ID:	Microsoft.MicrosoftOfficeHub_8wekyb3d8bbweS-1-12-1-2357405129-1281513531-255772574-1816207334-Out-Allow-Intranet
	Rule Name:	Microsoft 365 Copilot
	Origin:	Local
	Active:	Yes
	Direction:	Outbound
	Profiles:	Private,Domain, Public
	Action:	Allow
	Application Path:	
	Service Name:	
	Protocol:	Any
	Security Options:	None
	Edge Traversal:	None
	Modifying User:	S-1-5-80-3088073201-1464728630-1879813800-1107566885-823218052
	Modifying Application:	C:\Windows\System32\svchost.exe
	PolicyAppId:	
	Error Code:	0"
"14-08-2026 13:31:28","2097","Information","Microsoft-Windows-Windows Firewall With Advanced Security","A rule has been added to the Windows Defender Firewall exception list.

Added Rule:
	Rule ID:	Microsoft.MicrosoftOfficeHub_8wekyb3d8bbweS-1-12-1-2357405129-1281513531-255772574-1816207334-In-Allow-Intranet
	Rule Name:	Microsoft 365 Copilot
	Origin:	Local
	Active:	Yes
	Direction:	Inbound
	Profiles:	Private,Domain, Public
	Action:	Allow
	Application Path:	
	Service Name:	
	Protocol:	Any
	Security Options:	None
	Edge Traversal:	None
	Modifying User:	S-1-5-80-3088073201-1464728630-1879813800-1107566885-823218052
	Modifying Application:	C:\Windows\System32\svchost.exe
	PolicyAppId:	
	Error Code:	0"
"14-08-2026 13:31:28","2097","Information","Microsoft-Windows-Windows Firewall With Advanced Security","A rule has been added to the Windows Defender Firewall exception list.

Added Rule:
	Rule ID:	Microsoft.MicrosoftOfficeHub_8wekyb3d8bbweS-1-12-1-2357405129-1281513531-255772574-1816207334-Out-Block
	Rule Name:	Microsoft 365 Copilot
	Origin:	Local
	Active:	Yes
	Direction:	Outbound
	Profiles:	Private,Domain, Public
	Action:	Block
	Application Path:	
	Service Name:	
	Protocol:	Any
	Security Options:	None
	Edge Traversal:	None
	Modifying User:	S-1-5-80-3088073201-1464728630-1879813800-1107566885-823218052
	Modifying Application:	C:\Windows\System32\svchost.exe
	PolicyAppId:	
	Error Code:	0"
"14-08-2026 13:31:28","2097","Information","Microsoft-Windows-Windows Firewall With Advanced Security","A rule has been added to the Windows Defender Firewall exception list.

Added Rule:
	Rule ID:	Microsoft.MicrosoftOfficeHub_8wekyb3d8bbweS-1-12-1-2357405129-1281513531-255772574-1816207334-In-Block
	Rule Name:	Microsoft 365 Copilot
	Origin:	Local
	Active:	Yes
	Direction:	Inbound
	Profiles:	Private,Domain, Public
	Action:	Block
	Application Path:	
	Service Name:	
	Protocol:	Any
	Security Options:	None
	Edge Traversal:	None
	Modifying User:	S-1-5-80-3088073201-1464728630-1879813800-1107566885-823218052
	Modifying Application:	C:\Windows\System32\svchost.exe
	PolicyAppId:	
	Error Code:	0"
"14-08-2026 13:31:28","2052","Information","Microsoft-Windows-Windows Firewall With Advanced Security","A rule has been deleted in the Windows Defender Firewall exception list.

Deleted Rule:
	Rule ID:	Microsoft.MicrosoftOfficeHub_8wekyb3d8bbweS-1-12-1-2357405129-1281513531-255772574-1816207334-Out-Allow-AllCapabilities
	Rule Name:	Microsoft 365 Copilot
	Modifying User:	S-1-5-80-3088073201-1464728630-1879813800-1107566885-823218052
	Modifying Application:	C:\Windows\System32\svchost.exe
	Error Code:	0"
