"17-08-2026 12:27:31","2010","Information","Microsoft-Windows-Windows Defender","Microsoft Defender Antivirus used cloud protection to get additional security intelligence.
 	Current security intelligence Version: 1.457.203.0
 	Security intelligence Type: 
 	User: \
 	Current Engine Version: 1.1.26070.7
 	Cloud protection intelligence Type: Security intelligence update
 	Persistence Path: C:\ProgramData\Microsoft\Windows Defender\Scans\RtSigs\data\50722ea4248e9dd419b13955cad9c521ae8352e1
 	Cloud protection intelligence Version: 0.0.0.0
 	Cloud protection intelligence Compilation Timestamp: 17-08-2026 06:57:30
 	Persistence Limit Type: Duration
 	Persistence Limit: 432000000"
"17-08-2026 12:27:31","2010","Information","Microsoft-Windows-Windows Defender","Microsoft Defender Antivirus used cloud protection to get additional security intelligence.
 	Current security intelligence Version: 1.457.203.0
 	Security intelligence Type: 
 	User: \
 	Current Engine Version: 1.1.26070.7
 	Cloud protection intelligence Type: Security intelligence update
 	Persistence Path: C:\ProgramData\Microsoft\Windows Defender\Scans\RtSigs\data\e2ebe7c920e6b6b919e63d74788fc090ed3dc16a
 	Cloud protection intelligence Version: 0.0.0.0
 	Cloud protection intelligence Compilation Timestamp: 17-08-2026 06:57:30
 	Persistence Limit Type: Duration
 	Persistence Limit: 432000000"
"17-08-2026 12:27:31","2010","Information","Microsoft-Windows-Windows Defender","Microsoft Defender Antivirus used cloud protection to get additional security intelligence.
 	Current security intelligence Version: 1.457.203.0
 	Security intelligence Type: 
 	User: \
 	Current Engine Version: 1.1.26070.7
 	Cloud protection intelligence Type: Security intelligence update
 	Persistence Path: C:\ProgramData\Microsoft\Windows Defender\Scans\RtSigs\data\0036dc50bfec022e63e745e84a08292068a3938f
 	Cloud protection intelligence Version: 0.0.0.0
 	Cloud protection intelligence Compilation Timestamp: 17-08-2026 06:57:30
 	Persistence Limit Type: Duration
 	Persistence Limit: 432000000"
"17-08-2026 11:57:21","2010","Information","Microsoft-Windows-Windows Defender","Microsoft Defender Antivirus used cloud protection to get additional security intelligence.
 	Current security intelligence Version: 1.457.203.0
 	Security intelligence Type: 
 	User: \
 	Current Engine Version: 1.1.26070.7
 	Cloud protection intelligence Type: Security intelligence update
 	Persistence Path: C:\ProgramData\Microsoft\Windows Defender\Scans\RtSigs\data\edf7880a7e202294e62e3d940211036729ea90af
 	Cloud protection intelligence Version: 0.0.0.0
 	Cloud protection intelligence Compilation Timestamp: 17-08-2026 06:27:19
 	Persistence Limit Type: Duration
 	Persistence Limit: 432000000"
"17-08-2026 11:57:21","2010","Information","Microsoft-Windows-Windows Defender","Microsoft Defender Antivirus used cloud protection to get additional security intelligence.
 	Current security intelligence Version: 1.457.203.0
 	Security intelligence Type: 
 	User: \
 	Current Engine Version: 1.1.26070.7
 	Cloud protection intelligence Type: Security intelligence update
 	Persistence Path: C:\ProgramData\Microsoft\Windows Defender\Scans\RtSigs\data\0555315aa77838a088de968a08049c0719062d64
 	Cloud protection intelligence Version: 0.0.0.0
 	Cloud protection intelligence Compilation Timestamp: 17-08-2026 06:27:19
 	Persistence Limit Type: Duration
 	Persistence Limit: 432000000"
"17-08-2026 11:57:21","2010","Information","Microsoft-Windows-Windows Defender","Microsoft Defender Antivirus used cloud protection to get additional security intelligence.
 	Current security intelligence Version: 1.457.203.0
 	Security intelligence Type: 
 	User: \
 	Current Engine Version: 1.1.26070.7
 	Cloud protection intelligence Type: Security intelligence update
 	Persistence Path: C:\ProgramData\Microsoft\Windows Defender\Scans\RtSigs\data\b293d1d383a76bdcd36bf41c3d1b73547dc291d4
 	Cloud protection intelligence Version: 0.0.0.0
 	Cloud protection intelligence Compilation Timestamp: 17-08-2026 06:27:19
 	Persistence Limit Type: Duration
 	Persistence Limit: 432000000"
"17-08-2026 11:55:06","5007","Information","Microsoft-Windows-Windows Defender","Microsoft Defender Antivirus Configuration has changed. If this is an unexpected event you should review the settings as this may be the result of malware.
 	Old value: HKLM\SOFTWARE\Microsoft\Windows Defender\DLP Configs\Tag\Tag = 0xE
 	New value: HKLM\SOFTWARE\Microsoft\Windows Defender\DLP Configs\Tag\Tag = 0xF"
"17-08-2026 11:55:06","5007","Information","Microsoft-Windows-Windows Defender","Microsoft Defender Antivirus Configuration has changed. If this is an unexpected event you should review the settings as this may be the result of malware.
 	Old value: HKLM\SOFTWARE\Microsoft\Windows Defender\CoreService\WdConfigHash = 0x5D32EB84
 	New value: HKLM\SOFTWARE\Microsoft\Windows Defender\CoreService\WdConfigHash = 0x34B70544"
"17-08-2026 11:55:06","5007","Information","Microsoft-Windows-Windows Defender","Microsoft Defender Antivirus Configuration has changed. If this is an unexpected event you should review the settings as this may be the result of malware.
 	Old value: HKLM\SOFTWARE\Microsoft\Windows Defender\DLP Configs\Tag\Tag = 0xE
 	New value: HKLM\SOFTWARE\Microsoft\Windows Defender\DLP Configs\Tag\Tag = 0xF"
"17-08-2026 11:55:06","5007","Information","Microsoft-Windows-Windows Defender","Microsoft Defender Antivirus Configuration has changed. If this is an unexpected event you should review the settings as this may be the result of malware.
 	Old value: HKLM\SOFTWARE\Microsoft\Windows Defender\CoreService\WdConfigHash = 0x5D32EB84
 	New value: HKLM\SOFTWARE\Microsoft\Windows Defender\CoreService\WdConfigHash = 0x34B70544"
"17-08-2026 11:55:05","2000","Information","Microsoft-Windows-Windows Defender","Microsoft Defender Antivirus security intelligence version updated.
 	Current security intelligence Version: 1.457.203.0
 	Previous security intelligence Version: 1.457.201.0
 	Security intelligence Type: AntiSpyware
 	Update Type: Delta
 	User: NT AUTHORITY\SYSTEM
 	Current Engine Version: 1.1.26070.7
 	Previous Engine Version: 1.1.26070.7"
"17-08-2026 11:55:05","2000","Information","Microsoft-Windows-Windows Defender","Microsoft Defender Antivirus security intelligence version updated.
 	Current security intelligence Version: 1.457.203.0
 	Previous security intelligence Version: 1.457.201.0
 	Security intelligence Type: AntiVirus
 	Update Type: Delta
 	User: NT AUTHORITY\SYSTEM
 	Current Engine Version: 1.1.26070.7
 	Previous Engine Version: 1.1.26070.7"
"17-08-2026 11:44:30","1151","Information","Microsoft-Windows-Windows Defender","Endpoint Protection client health report (time in UTC):
 	Platform version: 4.18.26070.9
 	Engine version: 1.1.26070.7
 	Network Realtime Inspection engine version: 1.1.26070.7
 	Antivirus security intelligence version: 1.457.201.0
 	Antispyware security intelligence version: 1.457.201.0
 	Network Realtime Inspection security intelligence version: 1.457.201.0
 	RTP state: Enabled
 	OA state: Enabled
 	IOAV state: Enabled
 	BM state: Enabled
 	Antivirus security intelligence age: 0
 	Antispyware security intelligence age: 0
 	Last quick scan age: 2
 	Last full scan age: 4294967295
 	Antivirus security intelligence creation time: 2026-08-16T21:07:48Z
 	Antispyware security intelligence creation time: 2026-08-16T21:07:47Z
 	Last quick scan start time: 2026-08-14T10:31:10Z
 	Last quick scan end time: 2026-08-14T10:38:42Z
 	Last quick scan source: 2
 	Last full scan start time: 1601-01-01T00:00:00Z
 	Last full scan end time: 1601-01-01T00:00:00Z
 	Last full scan source: 0
 	Product status: 0x00080000
"
"17-08-2026 11:44:30","1150","Information","Microsoft-Windows-Windows Defender","Endpoint Protection client is up and running in a healthy state.
 	Platform version: 4.18.26070.9
 	Engine version: 1.1.26070.7
 	Security intelligence version: 1.457.201.0
"
"17-08-2026 11:38:29","2010","Information","Microsoft-Windows-Windows Defender","Microsoft Defender Antivirus used cloud protection to get additional security intelligence.
 	Current security intelligence Version: 1.457.201.0
 	Security intelligence Type: 
 	User: \
 	Current Engine Version: 1.1.26070.7
 	Cloud protection intelligence Type: Security intelligence update
 	Persistence Path: C:\ProgramData\Microsoft\Windows Defender\Scans\RtSigs\data\08873e26689b69e4c05914ff2454072008a5a98f
 	Cloud protection intelligence Version: 0.0.0.0
 	Cloud protection intelligence Compilation Timestamp: 17-08-2026 06:08:28
 	Persistence Limit Type: Duration
 	Persistence Limit: 150196224"
"17-08-2026 11:28:33","5007","Information","Microsoft-Windows-Windows Defender","Microsoft Defender Antivirus Configuration has changed. If this is an unexpected event you should review the settings as this may be the result of malware.
 	Old value: HKLM\SOFTWARE\Microsoft\Windows Defender\UX Configuration\ToastOrSsoTrigger = 0x1
 	New value: HKLM\SOFTWARE\Microsoft\Windows Defender\UX Configuration\ToastOrSsoTrigger = 0x0"
"17-08-2026 11:28:33","5007","Information","Microsoft-Windows-Windows Defender","Microsoft Defender Antivirus Configuration has changed. If this is an unexpected event you should review the settings as this may be the result of malware.
 	Old value: HKLM\SOFTWARE\Microsoft\Windows Defender\UX Configuration\ToastOrSsoTrigger = 0x1
 	New value: HKLM\SOFTWARE\Microsoft\Windows Defender\UX Configuration\ToastOrSsoTrigger = 0x0"
"17-08-2026 11:12:06","2010","Information","Microsoft-Windows-Windows Defender","Microsoft Defender Antivirus used cloud protection to get additional security intelligence.
 	Current security intelligence Version: 1.457.201.0
 	Security intelligence Type: 
 	User: \
 	Current Engine Version: 1.1.26070.7
 	Cloud protection intelligence Type: Security intelligence update
 	Persistence Path: C:\ProgramData\Microsoft\Windows Defender\Scans\RtSigs\data\5f9a0dd34ff99c549fb93fb01fd9144551181c68
 	Cloud protection intelligence Version: 0.0.0.0
 	Cloud protection intelligence Compilation Timestamp: 17-08-2026 05:42:04
 	Persistence Limit Type: Duration
 	Persistence Limit: 72000000"
"17-08-2026 11:12:06","2010","Information","Microsoft-Windows-Windows Defender","Microsoft Defender Antivirus used cloud protection to get additional security intelligence.
 	Current security intelligence Version: 1.457.201.0
 	Security intelligence Type: 
 	User: \
 	Current Engine Version: 1.1.26070.7
 	Cloud protection intelligence Type: Security intelligence update
 	Persistence Path: C:\ProgramData\Microsoft\Windows Defender\Scans\RtSigs\data\cf21990b47d15a09850e8ac25efdc8cbaf250bb0
 	Cloud protection intelligence Version: 0.0.0.0
 	Cloud protection intelligence Compilation Timestamp: 17-08-2026 05:42:04
 	Persistence Limit Type: Duration
 	Persistence Limit: 432000000"
"17-08-2026 10:44:30","1151","Information","Microsoft-Windows-Windows Defender","Endpoint Protection client health report (time in UTC):
 	Platform version: 4.18.26070.9
 	Engine version: 1.1.26070.7
 	Network Realtime Inspection engine version: 1.1.26070.7
 	Antivirus security intelligence version: 1.457.201.0
 	Antispyware security intelligence version: 1.457.201.0
 	Network Realtime Inspection security intelligence version: 1.457.201.0
 	RTP state: Enabled
 	OA state: Enabled
 	IOAV state: Enabled
 	BM state: Enabled
 	Antivirus security intelligence age: 0
 	Antispyware security intelligence age: 0
 	Last quick scan age: 2
 	Last full scan age: 4294967295
 	Antivirus security intelligence creation time: 2026-08-16T21:07:48Z
 	Antispyware security intelligence creation time: 2026-08-16T21:07:47Z
 	Last quick scan start time: 2026-08-14T10:31:10Z
 	Last quick scan end time: 2026-08-14T10:38:42Z
 	Last quick scan source: 2
 	Last full scan start time: 1601-01-01T00:00:00Z
 	Last full scan end time: 1601-01-01T00:00:00Z
 	Last full scan source: 0
 	Product status: 0x00080000
"
"17-08-2026 10:44:30","1150","Information","Microsoft-Windows-Windows Defender","Endpoint Protection client is up and running in a healthy state.
 	Platform version: 4.18.26070.9
 	Engine version: 1.1.26070.7
 	Security intelligence version: 1.457.201.0
"
"17-08-2026 10:26:51","2010","Information","Microsoft-Windows-Windows Defender","Microsoft Defender Antivirus used cloud protection to get additional security intelligence.
 	Current security intelligence Version: 1.457.201.0
 	Security intelligence Type: 
 	User: \
 	Current Engine Version: 1.1.26070.7
 	Cloud protection intelligence Type: Security intelligence update
 	Persistence Path: C:\ProgramData\Microsoft\Windows Defender\Scans\RtSigs\data\5c89e483178c8cda6806ea16e0810efb8a0a8530
 	Cloud protection intelligence Version: 0.0.0.0
 	Cloud protection intelligence Compilation Timestamp: 17-08-2026 04:56:49
 	Persistence Limit Type: Duration
 	Persistence Limit: 72000000"
"17-08-2026 10:26:51","2010","Information","Microsoft-Windows-Windows Defender","Microsoft Defender Antivirus used cloud protection to get additional security intelligence.
 	Current security intelligence Version: 1.457.201.0
 	Security intelligence Type: 
 	User: \
 	Current Engine Version: 1.1.26070.7
 	Cloud protection intelligence Type: Security intelligence update
 	Persistence Path: C:\ProgramData\Microsoft\Windows Defender\Scans\RtSigs\data\b3049af0107a27ec2958110020ca6320ec98d9de
 	Cloud protection intelligence Version: 0.0.0.0
 	Cloud protection intelligence Compilation Timestamp: 17-08-2026 04:56:49
 	Persistence Limit Type: Duration
 	Persistence Limit: 432000000"
"17-08-2026 10:20:32","2010","Information","Microsoft-Windows-Windows Defender","Microsoft Defender Antivirus used cloud protection to get additional security intelligence.
 	Current security intelligence Version: 1.457.201.0
 	Security intelligence Type: 
 	User: \
 	Current Engine Version: 1.1.26070.7
 	Cloud protection intelligence Type: Security intelligence update
 	Persistence Path: C:\ProgramData\Microsoft\Windows Defender\Scans\RtSigs\data\9e54b18e2434dceb6dbc0b8574087cd88170b442
 	Cloud protection intelligence Version: 0.0.0.0
 	Cloud protection intelligence Compilation Timestamp: 17-08-2026 04:50:30
 	Persistence Limit Type: Duration
 	Persistence Limit: 150196224"
"17-08-2026 10:20:32","2010","Information","Microsoft-Windows-Windows Defender","Microsoft Defender Antivirus used cloud protection to get additional security intelligence.
 	Current security intelligence Version: 1.457.201.0
 	Security intelligence Type: 
 	User: \
 	Current Engine Version: 1.1.26070.7
 	Cloud protection intelligence Type: Security intelligence update
 	Persistence Path: C:\ProgramData\Microsoft\Windows Defender\Scans\RtSigs\data\3b93c3f6c9f5aa2f6ab291c3224a4043dd83a364
 	Cloud protection intelligence Version: 0.0.0.0
 	Cloud protection intelligence Compilation Timestamp: 17-08-2026 04:50:30
 	Persistence Limit Type: Duration
 	Persistence Limit: 1728000000"
"17-08-2026 10:09:57","5007","Information","Microsoft-Windows-Windows Defender","Microsoft Defender Antivirus Configuration has changed. If this is an unexpected event you should review the settings as this may be the result of malware.
 	Old value: HKLM\SOFTWARE\Microsoft\Windows Defender\UX Configuration\ToastOrSsoTrigger = 0x0
 	New value: HKLM\SOFTWARE\Microsoft\Windows Defender\UX Configuration\ToastOrSsoTrigger = 0x1"
"17-08-2026 10:09:57","5007","Information","Microsoft-Windows-Windows Defender","Microsoft Defender Antivirus Configuration has changed. If this is an unexpected event you should review the settings as this may be the result of malware.
 	Old value: HKLM\SOFTWARE\Microsoft\Windows Defender\UX Configuration\ToastOrSsoTrigger = 0x0
 	New value: HKLM\SOFTWARE\Microsoft\Windows Defender\UX Configuration\ToastOrSsoTrigger = 0x1"
"17-08-2026 10:03:02","1013","Information","Microsoft-Windows-Windows Defender","Microsoft Defender Antivirus has removed history of malware and other potentially unwanted software.
 	Time: 2026-08-02T04:33:02Z
 	User: NT AUTHORITY\SYSTEM
"
"17-08-2026 09:56:41","2010","Information","Microsoft-Windows-Windows Defender","Microsoft Defender Antivirus used cloud protection to get additional security intelligence.
 	Current security intelligence Version: 1.457.201.0
 	Security intelligence Type: 
 	User: \
 	Current Engine Version: 1.1.26070.7
 	Cloud protection intelligence Type: Security intelligence update
 	Persistence Path: C:\ProgramData\Microsoft\Windows Defender\Scans\RtSigs\data\d83a577a0211838d7960c8d847c6adf1182131e0
 	Cloud protection intelligence Version: 0.0.0.0
 	Cloud protection intelligence Compilation Timestamp: 17-08-2026 04:26:39
 	Persistence Limit Type: Duration
 	Persistence Limit: 432000000"
"17-08-2026 09:56:41","2010","Information","Microsoft-Windows-Windows Defender","Microsoft Defender Antivirus used cloud protection to get additional security intelligence.
 	Current security intelligence Version: 1.457.201.0
 	Security intelligence Type: 
 	User: \
 	Current Engine Version: 1.1.26070.7
 	Cloud protection intelligence Type: Security intelligence update
 	Persistence Path: C:\ProgramData\Microsoft\Windows Defender\Scans\RtSigs\data\994f4c3c2e441462b001a8adf6910c48d0404eaf
 	Cloud protection intelligence Version: 0.0.0.0
 	Cloud protection intelligence Compilation Timestamp: 17-08-2026 04:26:39
 	Persistence Limit Type: Duration
 	Persistence Limit: 432000000"
"17-08-2026 09:56:40","2010","Information","Microsoft-Windows-Windows Defender","Microsoft Defender Antivirus used cloud protection to get additional security intelligence.
 	Current security intelligence Version: 1.457.201.0
 	Security intelligence Type: 
 	User: \
 	Current Engine Version: 1.1.26070.7
 	Cloud protection intelligence Type: Security intelligence update
 	Persistence Path: C:\ProgramData\Microsoft\Windows Defender\Scans\RtSigs\data\be7bd7c773dc0bf9c2f6e03786b0d81e4bbe9b5e
 	Cloud protection intelligence Version: 0.0.0.0
 	Cloud protection intelligence Compilation Timestamp: 17-08-2026 04:26:39
 	Persistence Limit Type: Duration
 	Persistence Limit: 432000000"
"17-08-2026 09:54:05","2010","Information","Microsoft-Windows-Windows Defender","Microsoft Defender Antivirus used cloud protection to get additional security intelligence.
 	Current security intelligence Version: 1.457.201.0
 	Security intelligence Type: 
 	User: \
 	Current Engine Version: 1.1.26070.7
 	Cloud protection intelligence Type: Security intelligence update
 	Persistence Path: C:\ProgramData\Microsoft\Windows Defender\Scans\RtSigs\data\8cb1108354304580ce19d47a653727cda8d29491
 	Cloud protection intelligence Version: 0.0.0.0
 	Cloud protection intelligence Compilation Timestamp: 17-08-2026 04:24:03
 	Persistence Limit Type: Duration
 	Persistence Limit: 1728000000"
"17-08-2026 09:53:29","2010","Information","Microsoft-Windows-Windows Defender","Microsoft Defender Antivirus used cloud protection to get additional security intelligence.
 	Current security intelligence Version: 1.457.201.0
 	Security intelligence Type: 
 	User: \
 	Current Engine Version: 1.1.26070.7
 	Cloud protection intelligence Type: Security intelligence update
 	Persistence Path: C:\ProgramData\Microsoft\Windows Defender\Scans\RtSigs\data\3473dc69a600d50e5f3e8c988789459907a2f7b7
 	Cloud protection intelligence Version: 0.0.0.0
 	Cloud protection intelligence Compilation Timestamp: 17-08-2026 04:23:27
 	Persistence Limit Type: Duration
 	Persistence Limit: 1728000000"
"17-08-2026 09:52:54","5007","Information","Microsoft-Windows-Windows Defender","Microsoft Defender Antivirus Configuration has changed. If this is an unexpected event you should review the settings as this may be the result of malware.
 	Old value: HKLM\SOFTWARE\Microsoft\Windows Defender\Features\Controls\203 = 0x1
 	New value: "
"17-08-2026 09:52:54","5007","Information","Microsoft-Windows-Windows Defender","Microsoft Defender Antivirus Configuration has changed. If this is an unexpected event you should review the settings as this may be the result of malware.
 	Old value: HKLM\SOFTWARE\Microsoft\Windows Defender\Features\Controls\_32 = 0x1
 	New value: "
"17-08-2026 09:52:54","5007","Information","Microsoft-Windows-Windows Defender","Microsoft Defender Antivirus Configuration has changed. If this is an unexpected event you should review the settings as this may be the result of malware.
 	Old value: HKLM\SOFTWARE\Microsoft\Windows Defender\Features\Controls\260 = 0x1
 	New value: "
"17-08-2026 09:52:54","5007","Information","Microsoft-Windows-Windows Defender","Microsoft Defender Antivirus Configuration has changed. If this is an unexpected event you should review the settings as this may be the result of malware.
 	Old value: 
 	New value: HKLM\SOFTWARE\Microsoft\Windows Defender\Features\Controls\248 = 0x0"
"17-08-2026 09:52:54","5007","Information","Microsoft-Windows-Windows Defender","Microsoft Defender Antivirus Configuration has changed. If this is an unexpected event you should review the settings as this may be the result of malware.
 	Old value: 
 	New value: HKLM\SOFTWARE\Microsoft\Windows Defender\Features\Controls\83 = 0x1"
"17-08-2026 09:52:54","5007","Information","Microsoft-Windows-Windows Defender","Microsoft Defender Antivirus Configuration has changed. If this is an unexpected event you should review the settings as this may be the result of malware.
 	Old value: HKLM\SOFTWARE\Microsoft\Windows Defender\Features\Controls\203 = 0x1
 	New value: "
"17-08-2026 09:52:54","5007","Information","Microsoft-Windows-Windows Defender","Microsoft Defender Antivirus Configuration has changed. If this is an unexpected event you should review the settings as this may be the result of malware.
 	Old value: HKLM\SOFTWARE\Microsoft\Windows Defender\Features\Controls\_32 = 0x1
 	New value: "
"17-08-2026 09:52:54","5007","Information","Microsoft-Windows-Windows Defender","Microsoft Defender Antivirus Configuration has changed. If this is an unexpected event you should review the settings as this may be the result of malware.
 	Old value: HKLM\SOFTWARE\Microsoft\Windows Defender\Features\Controls\260 = 0x1
 	New value: "
"17-08-2026 09:52:54","5007","Information","Microsoft-Windows-Windows Defender","Microsoft Defender Antivirus Configuration has changed. If this is an unexpected event you should review the settings as this may be the result of malware.
 	Old value: 
 	New value: HKLM\SOFTWARE\Microsoft\Windows Defender\Features\Controls\248 = 0x0"
"17-08-2026 09:52:54","5007","Information","Microsoft-Windows-Windows Defender","Microsoft Defender Antivirus Configuration has changed. If this is an unexpected event you should review the settings as this may be the result of malware.
 	Old value: 
 	New value: HKLM\SOFTWARE\Microsoft\Windows Defender\Features\Controls\83 = 0x1"
"17-08-2026 09:52:54","5007","Information","Microsoft-Windows-Windows Defender","Microsoft Defender Antivirus Configuration has changed. If this is an unexpected event you should review the settings as this may be the result of malware.
 	Old value: HKLM\SOFTWARE\Microsoft\Windows Defender\DLP Configs\Tag\Tag = 0xD
 	New value: HKLM\SOFTWARE\Microsoft\Windows Defender\DLP Configs\Tag\Tag = 0xE"
"17-08-2026 09:52:54","5007","Information","Microsoft-Windows-Windows Defender","Microsoft Defender Antivirus Configuration has changed. If this is an unexpected event you should review the settings as this may be the result of malware.
 	Old value: HKLM\SOFTWARE\Microsoft\Windows Defender\DLP Configs\Tag\Tag = 0xD
 	New value: HKLM\SOFTWARE\Microsoft\Windows Defender\DLP Configs\Tag\Tag = 0xE"
"17-08-2026 09:52:54","5007","Information","Microsoft-Windows-Windows Defender","Microsoft Defender Antivirus Configuration has changed. If this is an unexpected event you should review the settings as this may be the result of malware.
 	Old value: HKLM\SOFTWARE\Microsoft\Windows Defender\CoreService\WdConfigHash = 0x3488C501
 	New value: HKLM\SOFTWARE\Microsoft\Windows Defender\CoreService\WdConfigHash = 0x5D32EB84"
"17-08-2026 09:52:54","5007","Information","Microsoft-Windows-Windows Defender","Microsoft Defender Antivirus Configuration has changed. If this is an unexpected event you should review the settings as this may be the result of malware.
 	Old value: HKLM\SOFTWARE\Microsoft\Windows Defender\CoreService\WdConfigHash = 0x3488C501
 	New value: HKLM\SOFTWARE\Microsoft\Windows Defender\CoreService\WdConfigHash = 0x5D32EB84"
"17-08-2026 09:52:53","2000","Information","Microsoft-Windows-Windows Defender","Microsoft Defender Antivirus security intelligence version updated.
 	Current security intelligence Version: 1.457.201.0
 	Previous security intelligence Version: 1.457.159.0
 	Security intelligence Type: AntiSpyware
 	Update Type: Delta
 	User: NT AUTHORITY\SYSTEM
 	Current Engine Version: 1.1.26070.7
 	Previous Engine Version: 1.1.26070.7"
"17-08-2026 09:52:53","2000","Information","Microsoft-Windows-Windows Defender","Microsoft Defender Antivirus security intelligence version updated.
 	Current security intelligence Version: 1.457.201.0
 	Previous security intelligence Version: 1.457.159.0
 	Security intelligence Type: AntiVirus
 	Update Type: Delta
 	User: NT AUTHORITY\SYSTEM
 	Current Engine Version: 1.1.26070.7
 	Previous Engine Version: 1.1.26070.7"
"17-08-2026 09:51:38","2010","Information","Microsoft-Windows-Windows Defender","Microsoft Defender Antivirus used cloud protection to get additional security intelligence.
 	Current security intelligence Version: 1.457.159.0
 	Security intelligence Type: 
 	User: \
 	Current Engine Version: 1.1.26070.7
 	Cloud protection intelligence Type: Security intelligence update
 	Persistence Path: C:\ProgramData\Microsoft\Windows Defender\Scans\RtSigs\data\c09fdf76dc536df5061c1f9e78353b809186210d
 	Cloud protection intelligence Version: 0.0.0.0
 	Cloud protection intelligence Compilation Timestamp: 17-08-2026 04:21:36
 	Persistence Limit Type: Duration
 	Persistence Limit: 1728000000"
"17-08-2026 09:50:40","5007","Information","Microsoft-Windows-Windows Defender","Microsoft Defender Antivirus Configuration has changed. If this is an unexpected event you should review the settings as this may be the result of malware.
 	Old value: HKLM\SOFTWARE\Microsoft\Windows Defender\SpyNet\LastMAPSFailureTimeString = 2026-08-17T04:08:35Z
 	New value: HKLM\SOFTWARE\Microsoft\Windows Defender\SpyNet\LastMAPSFailureTimeString = 2026-08-17T04:20:39Z"
"17-08-2026 09:50:40","5007","Information","Microsoft-Windows-Windows Defender","Microsoft Defender Antivirus Configuration has changed. If this is an unexpected event you should review the settings as this may be the result of malware.
 	Old value: HKLM\SOFTWARE\Microsoft\Windows Defender\SpyNet\LastMAPSFailureTimeString = 2026-08-17T04:08:35Z
 	New value: HKLM\SOFTWARE\Microsoft\Windows Defender\SpyNet\LastMAPSFailureTimeString = 2026-08-17T04:20:39Z"
"17-08-2026 09:44:30","1151","Information","Microsoft-Windows-Windows Defender","Endpoint Protection client health report (time in UTC):
 	Platform version: 4.18.26070.9
 	Engine version: 1.1.26070.7
 	Network Realtime Inspection engine version: 1.1.26070.7
 	Antivirus security intelligence version: 1.457.159.0
 	Antispyware security intelligence version: 1.457.159.0
 	Network Realtime Inspection security intelligence version: 1.457.159.0
 	RTP state: Enabled
 	OA state: Enabled
 	IOAV state: Enabled
 	BM state: Enabled
 	Antivirus security intelligence age: 2
 	Antispyware security intelligence age: 2
 	Last quick scan age: 2
 	Last full scan age: 4294967295
 	Antivirus security intelligence creation time: 2026-08-14T05:13:31Z
 	Antispyware security intelligence creation time: 2026-08-14T05:13:31Z
 	Last quick scan start time: 2026-08-14T10:31:10Z
 	Last quick scan end time: 2026-08-14T10:38:42Z
 	Last quick scan source: 2
 	Last full scan start time: 1601-01-01T00:00:00Z
 	Last full scan end time: 1601-01-01T00:00:00Z
 	Last full scan source: 0
 	Product status: 0x00080000
"
"17-08-2026 09:44:30","1150","Information","Microsoft-Windows-Windows Defender","Endpoint Protection client is up and running in a healthy state.
 	Platform version: 4.18.26070.9
 	Engine version: 1.1.26070.7
 	Security intelligence version: 1.457.159.0
"
"17-08-2026 09:41:37","2010","Information","Microsoft-Windows-Windows Defender","Microsoft Defender Antivirus used cloud protection to get additional security intelligence.
 	Current security intelligence Version: 1.457.159.0
 	Security intelligence Type: 
 	User: \
 	Current Engine Version: 1.1.26070.7
 	Cloud protection intelligence Type: Security intelligence update
 	Persistence Path: C:\ProgramData\Microsoft\Windows Defender\Scans\RtSigs\data\a6afbbd6d5b55863f827e0d5b4acb521ce5fa433
 	Cloud protection intelligence Version: 0.0.0.0
 	Cloud protection intelligence Compilation Timestamp: 17-08-2026 04:11:35
 	Persistence Limit Type: Duration
 	Persistence Limit: 72000000"
"17-08-2026 09:41:37","2010","Information","Microsoft-Windows-Windows Defender","Microsoft Defender Antivirus used cloud protection to get additional security intelligence.
 	Current security intelligence Version: 1.457.159.0
 	Security intelligence Type: 
 	User: \
 	Current Engine Version: 1.1.26070.7
 	Cloud protection intelligence Type: Security intelligence update
 	Persistence Path: C:\ProgramData\Microsoft\Windows Defender\Scans\RtSigs\data\5d482b40d981152e2b2ad9d12ce275e9685c0c26
 	Cloud protection intelligence Version: 0.0.0.0
 	Cloud protection intelligence Compilation Timestamp: 17-08-2026 04:11:35
 	Persistence Limit Type: Duration
 	Persistence Limit: 432000000"
"17-08-2026 09:41:37","2010","Information","Microsoft-Windows-Windows Defender","Microsoft Defender Antivirus used cloud protection to get additional security intelligence.
 	Current security intelligence Version: 1.457.159.0
 	Security intelligence Type: 
 	User: \
 	Current Engine Version: 1.1.26070.7
 	Cloud protection intelligence Type: Security intelligence update
 	Persistence Path: C:\ProgramData\Microsoft\Windows Defender\Scans\RtSigs\data\dcc33ed73ae0bd655a4507b074b3617aa86b5720
 	Cloud protection intelligence Version: 0.0.0.0
 	Cloud protection intelligence Compilation Timestamp: 17-08-2026 04:11:35
 	Persistence Limit Type: Duration
 	Persistence Limit: 432000000"
"17-08-2026 09:41:37","2010","Information","Microsoft-Windows-Windows Defender","Microsoft Defender Antivirus used cloud protection to get additional security intelligence.
 	Current security intelligence Version: 1.457.159.0
 	Security intelligence Type: 
 	User: \
 	Current Engine Version: 1.1.26070.7
 	Cloud protection intelligence Type: Security intelligence update
 	Persistence Path: C:\ProgramData\Microsoft\Windows Defender\Scans\RtSigs\data\6dd44a199574848c3791e6892d158c14e580e92b
 	Cloud protection intelligence Version: 0.0.0.0
 	Cloud protection intelligence Compilation Timestamp: 17-08-2026 04:11:35
 	Persistence Limit Type: Duration
 	Persistence Limit: 288000000"
"17-08-2026 09:41:37","2010","Information","Microsoft-Windows-Windows Defender","Microsoft Defender Antivirus used cloud protection to get additional security intelligence.
 	Current security intelligence Version: 1.457.159.0
 	Security intelligence Type: 
 	User: \
 	Current Engine Version: 1.1.26070.7
 	Cloud protection intelligence Type: Security intelligence update
 	Persistence Path: C:\ProgramData\Microsoft\Windows Defender\Scans\RtSigs\data\6ae5326fe36acccfa712b3b9d33b95033880a7ea
 	Cloud protection intelligence Version: 0.0.0.0
 	Cloud protection intelligence Compilation Timestamp: 17-08-2026 04:11:35
 	Persistence Limit Type: Duration
 	Persistence Limit: 432000000"
"17-08-2026 09:40:30","2010","Information","Microsoft-Windows-Windows Defender","Microsoft Defender Antivirus used cloud protection to get additional security intelligence.
 	Current security intelligence Version: 1.457.159.0
 	Security intelligence Type: AntiSpyware
 	User: \
 	Current Engine Version: 1.1.26070.7
 	Cloud protection intelligence Type: Security intelligence update
 	Persistence Path: C:\ProgramData\Microsoft\Windows Defender\Scans\RtSigs\data\ecd37acaa4a7704b2a043cd589b476807cae71de
 	Cloud protection intelligence Version: 0.0.0.0
 	Cloud protection intelligence Compilation Timestamp: 15-08-2026 11:40:15
 	Persistence Limit Type: Timestamp
 	Persistence Limit: 18-08-2026 11:40:15"
"17-08-2026 09:39:04","2010","Information","Microsoft-Windows-Windows Defender","Microsoft Defender Antivirus used cloud protection to get additional security intelligence.
 	Current security intelligence Version: 1.457.159.0
 	Security intelligence Type: 
 	User: \
 	Current Engine Version: 1.1.26070.7
 	Cloud protection intelligence Type: Security intelligence update
 	Persistence Path: C:\ProgramData\Microsoft\Windows Defender\Scans\RtSigs\data\fda31bf17ac76b7126d997d25666b9dd41f7ab3a
 	Cloud protection intelligence Version: 0.0.0.0
 	Cloud protection intelligence Compilation Timestamp: 17-08-2026 04:09:02
 	Persistence Limit Type: Duration
 	Persistence Limit: 50065408"
"17-08-2026 09:38:35","5007","Information","Microsoft-Windows-Windows Defender","Microsoft Defender Antivirus Configuration has changed. If this is an unexpected event you should review the settings as this may be the result of malware.
 	Old value: HKLM\SOFTWARE\Microsoft\Windows Defender\SpyNet\LastMAPSFailureTimeString = 2026-08-17T04:08:24Z
 	New value: HKLM\SOFTWARE\Microsoft\Windows Defender\SpyNet\LastMAPSFailureTimeString = 2026-08-17T04:08:35Z"
"17-08-2026 09:38:35","5007","Information","Microsoft-Windows-Windows Defender","Microsoft Defender Antivirus Configuration has changed. If this is an unexpected event you should review the settings as this may be the result of malware.
 	Old value: HKLM\SOFTWARE\Microsoft\Windows Defender\SpyNet\LastMAPSFailureTimeString = 2026-08-17T04:08:24Z
 	New value: HKLM\SOFTWARE\Microsoft\Windows Defender\SpyNet\LastMAPSFailureTimeString = 2026-08-17T04:08:35Z"
"17-08-2026 09:38:25","5007","Information","Microsoft-Windows-Windows Defender","Microsoft Defender Antivirus Configuration has changed. If this is an unexpected event you should review the settings as this may be the result of malware.
 	Old value: HKLM\SOFTWARE\Microsoft\Windows Defender\SpyNet\LastMAPSFailureTimeString = 2026-08-17T04:06:40Z
 	New value: HKLM\SOFTWARE\Microsoft\Windows Defender\SpyNet\LastMAPSFailureTimeString = 2026-08-17T04:08:24Z"
"17-08-2026 09:38:25","5007","Information","Microsoft-Windows-Windows Defender","Microsoft Defender Antivirus Configuration has changed. If this is an unexpected event you should review the settings as this may be the result of malware.
 	Old value: HKLM\SOFTWARE\Microsoft\Windows Defender\SpyNet\LastMAPSFailureTimeString = 2026-08-17T04:06:40Z
 	New value: HKLM\SOFTWARE\Microsoft\Windows Defender\SpyNet\LastMAPSFailureTimeString = 2026-08-17T04:08:24Z"
"17-08-2026 09:36:52","5007","Information","Microsoft-Windows-Windows Defender","Microsoft Defender Antivirus Configuration has changed. If this is an unexpected event you should review the settings as this may be the result of malware.
 	Old value: HKLM\SOFTWARE\Microsoft\Windows Defender\UX Configuration\ToastOrSsoTrigger = 0x1
 	New value: HKLM\SOFTWARE\Microsoft\Windows Defender\UX Configuration\ToastOrSsoTrigger = 0x0"
"17-08-2026 09:36:52","5007","Information","Microsoft-Windows-Windows Defender","Microsoft Defender Antivirus Configuration has changed. If this is an unexpected event you should review the settings as this may be the result of malware.
 	Old value: HKLM\SOFTWARE\Microsoft\Windows Defender\UX Configuration\ToastOrSsoTrigger = 0x1
 	New value: HKLM\SOFTWARE\Microsoft\Windows Defender\UX Configuration\ToastOrSsoTrigger = 0x0"
"17-08-2026 09:36:41","5007","Information","Microsoft-Windows-Windows Defender","Microsoft Defender Antivirus Configuration has changed. If this is an unexpected event you should review the settings as this may be the result of malware.
 	Old value: HKLM\SOFTWARE\Microsoft\Windows Defender\SpyNet\LastMAPSFailureTimeString = 2026-08-17T04:06:39Z
 	New value: HKLM\SOFTWARE\Microsoft\Windows Defender\SpyNet\LastMAPSFailureTimeString = 2026-08-17T04:06:40Z"
"17-08-2026 09:36:41","5007","Information","Microsoft-Windows-Windows Defender","Microsoft Defender Antivirus Configuration has changed. If this is an unexpected event you should review the settings as this may be the result of malware.
 	Old value: HKLM\SOFTWARE\Microsoft\Windows Defender\SpyNet\LastMAPSFailureTimeString = 2026-08-17T04:06:39Z
 	New value: HKLM\SOFTWARE\Microsoft\Windows Defender\SpyNet\LastMAPSFailureTimeString = 2026-08-17T04:06:40Z"
"17-08-2026 09:36:39","5007","Information","Microsoft-Windows-Windows Defender","Microsoft Defender Antivirus Configuration has changed. If this is an unexpected event you should review the settings as this may be the result of malware.
 	Old value: HKLM\SOFTWARE\Microsoft\Windows Defender\SpyNet\LastMAPSFailureTimeString = 2026-08-14T23:41:31Z
 	New value: HKLM\SOFTWARE\Microsoft\Windows Defender\SpyNet\LastMAPSFailureTimeString = 2026-08-17T04:06:39Z"
"17-08-2026 09:36:39","5007","Information","Microsoft-Windows-Windows Defender","Microsoft Defender Antivirus Configuration has changed. If this is an unexpected event you should review the settings as this may be the result of malware.
 	Old value: HKLM\SOFTWARE\Microsoft\Windows Defender\SpyNet\LastMAPSFailureTimeString = 2026-08-14T23:41:31Z
 	New value: HKLM\SOFTWARE\Microsoft\Windows Defender\SpyNet\LastMAPSFailureTimeString = 2026-08-17T04:06:39Z"
"15-08-2026 05:11:32","5007","Information","Microsoft-Windows-Windows Defender","Microsoft Defender Antivirus Configuration has changed. If this is an unexpected event you should review the settings as this may be the result of malware.
 	Old value: HKLM\SOFTWARE\Microsoft\Windows Defender\SpyNet\LastMAPSFailureTimeString = 2026-08-14T23:41:30Z
 	New value: HKLM\SOFTWARE\Microsoft\Windows Defender\SpyNet\LastMAPSFailureTimeString = 2026-08-14T23:41:31Z"
"15-08-2026 05:11:32","5007","Information","Microsoft-Windows-Windows Defender","Microsoft Defender Antivirus Configuration has changed. If this is an unexpected event you should review the settings as this may be the result of malware.
 	Old value: HKLM\SOFTWARE\Microsoft\Windows Defender\SpyNet\LastMAPSFailureTimeString = 2026-08-14T23:41:30Z
 	New value: HKLM\SOFTWARE\Microsoft\Windows Defender\SpyNet\LastMAPSFailureTimeString = 2026-08-14T23:41:31Z"
"15-08-2026 05:11:31","5007","Information","Microsoft-Windows-Windows Defender","Microsoft Defender Antivirus Configuration has changed. If this is an unexpected event you should review the settings as this may be the result of malware.
 	Old value: HKLM\SOFTWARE\Microsoft\Windows Defender\SpyNet\LastMAPSFailureTimeString = 2026-08-14T14:38:39Z
 	New value: HKLM\SOFTWARE\Microsoft\Windows Defender\SpyNet\LastMAPSFailureTimeString = 2026-08-14T23:41:30Z"
"15-08-2026 05:11:31","5007","Information","Microsoft-Windows-Windows Defender","Microsoft Defender Antivirus Configuration has changed. If this is an unexpected event you should review the settings as this may be the result of malware.
 	Old value: HKLM\SOFTWARE\Microsoft\Windows Defender\SpyNet\LastMAPSFailureTimeString = 2026-08-14T14:38:39Z
 	New value: HKLM\SOFTWARE\Microsoft\Windows Defender\SpyNet\LastMAPSFailureTimeString = 2026-08-14T23:41:30Z"
"14-08-2026 20:08:40","5007","Information","Microsoft-Windows-Windows Defender","Microsoft Defender Antivirus Configuration has changed. If this is an unexpected event you should review the settings as this may be the result of malware.
 	Old value: HKLM\SOFTWARE\Microsoft\Windows Defender\SpyNet\LastMAPSFailureTimeString = 2026-08-13T22:44:18Z
 	New value: HKLM\SOFTWARE\Microsoft\Windows Defender\SpyNet\LastMAPSFailureTimeString = 2026-08-14T14:38:39Z"
"14-08-2026 20:08:40","5007","Information","Microsoft-Windows-Windows Defender","Microsoft Defender Antivirus Configuration has changed. If this is an unexpected event you should review the settings as this may be the result of malware.
 	Old value: HKLM\SOFTWARE\Microsoft\Windows Defender\SpyNet\LastMAPSFailureTimeString = 2026-08-13T22:44:18Z
 	New value: HKLM\SOFTWARE\Microsoft\Windows Defender\SpyNet\LastMAPSFailureTimeString = 2026-08-14T14:38:39Z"
"14-08-2026 19:29:28","2010","Information","Microsoft-Windows-Windows Defender","Microsoft Defender Antivirus used cloud protection to get additional security intelligence.
 	Current security intelligence Version: 1.457.159.0
 	Security intelligence Type: 
 	User: \
 	Current Engine Version: 1.1.26070.7
 	Cloud protection intelligence Type: Security intelligence update
 	Persistence Path: C:\ProgramData\Microsoft\Windows Defender\Scans\RtSigs\data\6591f9ebcc6b666c5887c44986cdf66db52f2602
 	Cloud protection intelligence Version: 0.0.0.0
 	Cloud protection intelligence Compilation Timestamp: 14-08-2026 13:59:28
 	Persistence Limit Type: Duration
 	Persistence Limit: 432000000"
"14-08-2026 19:29:28","2010","Information","Microsoft-Windows-Windows Defender","Microsoft Defender Antivirus used cloud protection to get additional security intelligence.
 	Current security intelligence Version: 1.457.159.0
 	Security intelligence Type: 
 	User: \
 	Current Engine Version: 1.1.26070.7
 	Cloud protection intelligence Type: Security intelligence update
 	Persistence Path: C:\ProgramData\Microsoft\Windows Defender\Scans\RtSigs\data\9ef016a11c19645a5b48e6f71ca9e0eab94631cc
 	Cloud protection intelligence Version: 0.0.0.0
 	Cloud protection intelligence Compilation Timestamp: 14-08-2026 13:59:28
 	Persistence Limit Type: Duration
 	Persistence Limit: 432000000"
"14-08-2026 19:29:28","2010","Information","Microsoft-Windows-Windows Defender","Microsoft Defender Antivirus used cloud protection to get additional security intelligence.
 	Current security intelligence Version: 1.457.159.0
 	Security intelligence Type: 
 	User: \
 	Current Engine Version: 1.1.26070.7
 	Cloud protection intelligence Type: Security intelligence update
 	Persistence Path: C:\ProgramData\Microsoft\Windows Defender\Scans\RtSigs\data\7301473c0af147f96d43dfde611234a766abf99a
 	Cloud protection intelligence Version: 0.0.0.0
 	Cloud protection intelligence Compilation Timestamp: 14-08-2026 13:59:28
 	Persistence Limit Type: Duration
 	Persistence Limit: 432000000"
"14-08-2026 18:51:44","1151","Information","Microsoft-Windows-Windows Defender","Endpoint Protection client health report (time in UTC):
 	Platform version: 4.18.26070.9
 	Engine version: 1.1.26070.7
 	Network Realtime Inspection engine version: 1.1.26070.7
 	Antivirus security intelligence version: 1.457.159.0
 	Antispyware security intelligence version: 1.457.159.0
 	Network Realtime Inspection security intelligence version: 1.457.159.0
 	RTP state: Enabled
 	OA state: Enabled
 	IOAV state: Enabled
 	BM state: Enabled
 	Antivirus security intelligence age: 0
 	Antispyware security intelligence age: 0
 	Last quick scan age: 0
 	Last full scan age: 4294967295
 	Antivirus security intelligence creation time: 2026-08-14T05:13:31Z
 	Antispyware security intelligence creation time: 2026-08-14T05:13:31Z
 	Last quick scan start time: 2026-08-14T10:31:10Z
 	Last quick scan end time: 2026-08-14T10:38:42Z
 	Last quick scan source: 2
 	Last full scan start time: 1601-01-01T00:00:00Z
 	Last full scan end time: 1601-01-01T00:00:00Z
 	Last full scan source: 0
 	Product status: 0x00080000
"
"14-08-2026 18:51:44","1150","Information","Microsoft-Windows-Windows Defender","Endpoint Protection client is up and running in a healthy state.
 	Platform version: 4.18.26070.9
 	Engine version: 1.1.26070.7
 	Security intelligence version: 1.457.159.0
"
"14-08-2026 18:44:12","2010","Information","Microsoft-Windows-Windows Defender","Microsoft Defender Antivirus used cloud protection to get additional security intelligence.
 	Current security intelligence Version: 1.457.159.0
 	Security intelligence Type: 
 	User: \
 	Current Engine Version: 1.1.26070.7
 	Cloud protection intelligence Type: Security intelligence update
 	Persistence Path: C:\ProgramData\Microsoft\Windows Defender\Scans\RtSigs\data\9536349134e688167c0afe022be805779c7164eb
 	Cloud protection intelligence Version: 0.0.0.0
 	Cloud protection intelligence Compilation Timestamp: 14-08-2026 13:14:13
 	Persistence Limit Type: Duration
 	Persistence Limit: 72000000"
"14-08-2026 18:44:12","2010","Information","Microsoft-Windows-Windows Defender","Microsoft Defender Antivirus used cloud protection to get additional security intelligence.
 	Current security intelligence Version: 1.457.159.0
 	Security intelligence Type: 
 	User: \
 	Current Engine Version: 1.1.26070.7
 	Cloud protection intelligence Type: Security intelligence update
 	Persistence Path: C:\ProgramData\Microsoft\Windows Defender\Scans\RtSigs\data\21d7555b2b55f610d65fe38a1b7d7d43f806914d
 	Cloud protection intelligence Version: 0.0.0.0
 	Cloud protection intelligence Compilation Timestamp: 14-08-2026 13:14:13
 	Persistence Limit Type: Duration
 	Persistence Limit: 432000000"
"14-08-2026 18:35:29","5007","Information","Microsoft-Windows-Windows Defender","Microsoft Defender Antivirus Configuration has changed. If this is an unexpected event you should review the settings as this may be the result of malware.
 	Old value: HKLM\SOFTWARE\Microsoft\Windows Defender\UX Configuration\ToastOrSsoTrigger = 0x0
 	New value: HKLM\SOFTWARE\Microsoft\Windows Defender\UX Configuration\ToastOrSsoTrigger = 0x1"
"14-08-2026 18:35:29","5007","Information","Microsoft-Windows-Windows Defender","Microsoft Defender Antivirus Configuration has changed. If this is an unexpected event you should review the settings as this may be the result of malware.
 	Old value: HKLM\SOFTWARE\Microsoft\Windows Defender\UX Configuration\ToastOrSsoTrigger = 0x0
 	New value: HKLM\SOFTWARE\Microsoft\Windows Defender\UX Configuration\ToastOrSsoTrigger = 0x1"
"14-08-2026 18:29:08","2010","Information","Microsoft-Windows-Windows Defender","Microsoft Defender Antivirus used cloud protection to get additional security intelligence.
 	Current security intelligence Version: 1.457.159.0
 	Security intelligence Type: 
 	User: \
 	Current Engine Version: 1.1.26070.7
 	Cloud protection intelligence Type: Security intelligence update
 	Persistence Path: C:\ProgramData\Microsoft\Windows Defender\Scans\RtSigs\data\53c82b1a495400c22b23677730b6f34ad2acdf19
 	Cloud protection intelligence Version: 0.0.0.0
 	Cloud protection intelligence Compilation Timestamp: 14-08-2026 12:59:08
 	Persistence Limit Type: Duration
 	Persistence Limit: 432000000"
"14-08-2026 18:14:03","2010","Information","Microsoft-Windows-Windows Defender","Microsoft Defender Antivirus used cloud protection to get additional security intelligence.
 	Current security intelligence Version: 1.457.159.0
 	Security intelligence Type: 
 	User: \
 	Current Engine Version: 1.1.26070.7
 	Cloud protection intelligence Type: Security intelligence update
 	Persistence Path: C:\ProgramData\Microsoft\Windows Defender\Scans\RtSigs\data\82e38236ce9feaee35518220288f62c88b71ad20
 	Cloud protection intelligence Version: 0.0.0.0
 	Cloud protection intelligence Compilation Timestamp: 14-08-2026 12:44:03
 	Persistence Limit Type: Duration
 	Persistence Limit: 432000000"
"14-08-2026 18:14:03","2010","Information","Microsoft-Windows-Windows Defender","Microsoft Defender Antivirus used cloud protection to get additional security intelligence.
 	Current security intelligence Version: 1.457.159.0
 	Security intelligence Type: 
 	User: \
 	Current Engine Version: 1.1.26070.7
 	Cloud protection intelligence Type: Security intelligence update
 	Persistence Path: C:\ProgramData\Microsoft\Windows Defender\Scans\RtSigs\data\b3b3b37bc9b8a83cafae5a66ba96b57d31ce83d2
 	Cloud protection intelligence Version: 0.0.0.0
 	Cloud protection intelligence Compilation Timestamp: 14-08-2026 12:44:03
 	Persistence Limit Type: Duration
 	Persistence Limit: 432000000"
"14-08-2026 18:14:03","2010","Information","Microsoft-Windows-Windows Defender","Microsoft Defender Antivirus used cloud protection to get additional security intelligence.
 	Current security intelligence Version: 1.457.159.0
 	Security intelligence Type: 
 	User: \
 	Current Engine Version: 1.1.26070.7
 	Cloud protection intelligence Type: Security intelligence update
 	Persistence Path: C:\ProgramData\Microsoft\Windows Defender\Scans\RtSigs\data\dc2e57df5dccdd3fa51ab46e91f8748596a89054
 	Cloud protection intelligence Version: 0.0.0.0
 	Cloud protection intelligence Compilation Timestamp: 14-08-2026 12:44:03
 	Persistence Limit Type: Duration
 	Persistence Limit: 432000000"
"14-08-2026 18:07:17","5007","Information","Microsoft-Windows-Windows Defender","Microsoft Defender Antivirus Configuration has changed. If this is an unexpected event you should review the settings as this may be the result of malware.
 	Old value: HKLM\SOFTWARE\Microsoft\Windows Defender\UX Configuration\ToastOrSsoTrigger = 0x1
 	New value: HKLM\SOFTWARE\Microsoft\Windows Defender\UX Configuration\ToastOrSsoTrigger = 0x0"
"14-08-2026 18:07:17","5007","Information","Microsoft-Windows-Windows Defender","Microsoft Defender Antivirus Configuration has changed. If this is an unexpected event you should review the settings as this may be the result of malware.
 	Old value: HKLM\SOFTWARE\Microsoft\Windows Defender\UX Configuration\ToastOrSsoTrigger = 0x1
 	New value: HKLM\SOFTWARE\Microsoft\Windows Defender\UX Configuration\ToastOrSsoTrigger = 0x0"
