"10-08-2026 09:40:52","1805","Verbose","Microsoft-Windows-SENSE","CSP: Get Sense Is Running value complete. Result: (0x1)."
"10-08-2026 09:40:51","1809","Verbose","Microsoft-Windows-SENSE","CSP: Get Sample Sharing value complete. Result: (1), IsDefault: (true)."
"10-08-2026 09:40:51","1807","Verbose","Microsoft-Windows-SENSE","CSP: Get Onboarding value complete. Onboarding Blob Hash: (0x9DF75D74030C7DBF), IsDefault: (false), Onboarding State: (0x1), Onboarding State IsDefault: (false)"
"10-08-2026 09:40:50","1832","Verbose","Microsoft-Windows-SENSE","CSP: Get Device Tagging Group complete. Value: (Workstations), IsDefault: (false)."
"10-08-2026 09:37:15","1841","Verbose","Microsoft-Windows-SENSE","CSP: Get AadDeviceId complete. Value: (b0a5bc0f-7566-4771-a98b-e1b6a6bd0645), IsDefault: (false)."
"10-08-2026 09:37:15","1806","Verbose","Microsoft-Windows-SENSE","CSP: Get Onboarding State value complete. Result: (1), IsDefault: (false)."
"10-08-2026 09:37:15","1805","Verbose","Microsoft-Windows-SENSE","CSP: Get Sense Is Running value complete. Result: (0x1)."
"10-08-2026 09:37:15","1809","Verbose","Microsoft-Windows-SENSE","CSP: Get Sample Sharing value complete. Result: (1), IsDefault: (true)."
"10-08-2026 09:37:15","1807","Verbose","Microsoft-Windows-SENSE","CSP: Get Onboarding value complete. Onboarding Blob Hash: (0x9DF75D74030C7DBF), IsDefault: (false), Onboarding State: (0x1), Onboarding State IsDefault: (false)"
"10-08-2026 09:37:15","1832","Verbose","Microsoft-Windows-SENSE","CSP: Get Device Tagging Group complete. Value: (Workstations), IsDefault: (false)."
"10-08-2026 09:37:13","1841","Verbose","Microsoft-Windows-SENSE","CSP: Get AadDeviceId complete. Value: (b0a5bc0f-7566-4771-a98b-e1b6a6bd0645), IsDefault: (false)."
"10-08-2026 09:37:13","1806","Verbose","Microsoft-Windows-SENSE","CSP: Get Onboarding State value complete. Result: (1), IsDefault: (false)."
"10-08-2026 09:37:13","1805","Verbose","Microsoft-Windows-SENSE","CSP: Get Sense Is Running value complete. Result: (0x1)."
"10-08-2026 09:37:12","1809","Verbose","Microsoft-Windows-SENSE","CSP: Get Sample Sharing value complete. Result: (1), IsDefault: (true)."
"10-08-2026 09:37:12","1807","Verbose","Microsoft-Windows-SENSE","CSP: Get Onboarding value complete. Onboarding Blob Hash: (0x9DF75D74030C7DBF), IsDefault: (false), Onboarding State: (0x1), Onboarding State IsDefault: (false)"
"10-08-2026 09:37:12","1832","Verbose","Microsoft-Windows-SENSE","CSP: Get Device Tagging Group complete. Value: (Workstations), IsDefault: (false)."
"10-08-2026 09:37:09","412","Information","Microsoft-Windows-SENSE","Cyber telemetry upload been resumed for Windows Defender Advanced Threat Protection service due to newly refreshed token."
"10-08-2026 09:37:09","419","Information","Microsoft-Windows-SENSE","Windows Defender Advanced Threat Protection service authentication request signing completed successfully."
"10-08-2026 09:37:09","419","Information","Microsoft-Windows-SENSE","Windows Defender Advanced Threat Protection service authentication request signing completed successfully."
"10-08-2026 09:37:09","419","Information","Microsoft-Windows-SENSE","Windows Defender Advanced Threat Protection service authentication request signing completed successfully."
"10-08-2026 09:36:45","1841","Verbose","Microsoft-Windows-SENSE","CSP: Get AadDeviceId complete. Value: (b0a5bc0f-7566-4771-a98b-e1b6a6bd0645), IsDefault: (false)."
"10-08-2026 09:36:45","1806","Verbose","Microsoft-Windows-SENSE","CSP: Get Onboarding State value complete. Result: (1), IsDefault: (false)."
"10-08-2026 09:36:45","1805","Verbose","Microsoft-Windows-SENSE","CSP: Get Sense Is Running value complete. Result: (0x1)."
"10-08-2026 09:36:45","1809","Verbose","Microsoft-Windows-SENSE","CSP: Get Sample Sharing value complete. Result: (1), IsDefault: (true)."
"10-08-2026 09:36:45","1807","Verbose","Microsoft-Windows-SENSE","CSP: Get Onboarding value complete. Onboarding Blob Hash: (0x9DF75D74030C7DBF), IsDefault: (false), Onboarding State: (0x1), Onboarding State IsDefault: (false)"
"10-08-2026 09:36:45","1832","Verbose","Microsoft-Windows-SENSE","CSP: Get Device Tagging Group complete. Value: (Workstations), IsDefault: (false)."
"10-08-2026 09:36:31","1841","Verbose","Microsoft-Windows-SENSE","CSP: Get AadDeviceId complete. Value: (b0a5bc0f-7566-4771-a98b-e1b6a6bd0645), IsDefault: (false)."
"10-08-2026 09:36:31","1806","Verbose","Microsoft-Windows-SENSE","CSP: Get Onboarding State value complete. Result: (1), IsDefault: (false)."
"10-08-2026 09:36:31","1805","Verbose","Microsoft-Windows-SENSE","CSP: Get Sense Is Running value complete. Result: (0x1)."
"10-08-2026 09:36:29","1809","Verbose","Microsoft-Windows-SENSE","CSP: Get Sample Sharing value complete. Result: (1), IsDefault: (true)."
"10-08-2026 09:36:29","1807","Verbose","Microsoft-Windows-SENSE","CSP: Get Onboarding value complete. Onboarding Blob Hash: (0x9DF75D74030C7DBF), IsDefault: (false), Onboarding State: (0x1), Onboarding State IsDefault: (false)"
"10-08-2026 09:36:27","1832","Verbose","Microsoft-Windows-SENSE","CSP: Get Device Tagging Group complete. Value: (Workstations), IsDefault: (false)."
"10-08-2026 09:36:20","131","Information","Microsoft-Windows-SENSE","Completed processing DLP policy type: ActionsOverridePolicy. Policy Hash: af6d6373b9575bce98f3a0163d8586d54c9d80bd, Timestamp: 639219315808420169"
"10-08-2026 09:36:20","130","Information","Microsoft-Windows-SENSE","Received DLP policy type: ActionsOverridePolicy. Policy Hash: af6d6373b9575bce98f3a0163d8586d54c9d80bd, Timestamp: 639219315808420169"
"10-08-2026 09:36:20","102","Information","Microsoft-Windows-SENSE","Windows Defender Advanced Threat Protection Network Detection and Response executable has started"
"10-08-2026 09:36:19","103","Information","Microsoft-Windows-SENSE","Windows Defender Advanced Threat Protection Network Detection and Response executable has ended"
"10-08-2026 09:36:19","501","Information","Microsoft-Windows-SENSE","Windows Defender Advanced Threat Protection orchestrator performed: 0x0 successfully. Identifier: SenseTVM."
"10-08-2026 09:36:19","501","Information","Microsoft-Windows-SENSE","Windows Defender Advanced Threat Protection orchestrator performed: 0x2 successfully. Identifier: SenseTVM."
"10-08-2026 09:36:19","501","Information","Microsoft-Windows-SENSE","Windows Defender Advanced Threat Protection orchestrator performed: 0x0 successfully. Identifier: SenseDlpProcessor."
"10-08-2026 09:36:19","501","Information","Microsoft-Windows-SENSE","Windows Defender Advanced Threat Protection orchestrator performed: 0x2 successfully. Identifier: SenseDlpProcessor."
"10-08-2026 09:36:18","131","Information","Microsoft-Windows-SENSE","Completed processing DLP policy type: dlpsensitiveinfotypesconfiguration. Policy Hash: 639214380395077264-3cede045037cf8b0eda713883960c404544e0e49, Timestamp: 18446744072078305495"
"10-08-2026 09:36:18","96","Information","Microsoft-Windows-SENSE","Windows Defender Advanced Threat Protection Classification Engine Init has called. Result code: 0x0"
"10-08-2026 09:36:18","94","Information","Microsoft-Windows-SENSE","Windows Defender Advanced Threat Protection Classification Engine executable has started"
"10-08-2026 09:36:18","94","Information","Microsoft-Windows-SENSE","Windows Defender Advanced Threat Protection Classification Engine executable has started"
"10-08-2026 09:36:17","95","Information","Microsoft-Windows-SENSE","Windows Defender Advanced Threat Protection Classification Engine executable has ended"
"10-08-2026 09:36:17","96","Information","Microsoft-Windows-SENSE","Windows Defender Advanced Threat Protection Classification Engine Init has called. Result code: 0x0"
"10-08-2026 09:36:17","94","Information","Microsoft-Windows-SENSE","Windows Defender Advanced Threat Protection Classification Engine executable has started"
"10-08-2026 09:36:17","94","Information","Microsoft-Windows-SENSE","Windows Defender Advanced Threat Protection Classification Engine executable has started"
"10-08-2026 09:36:16","72","Information","Microsoft-Windows-SENSE","Tried to send first full machine profile report. Result code: 0x0"
"10-08-2026 09:36:15","95","Information","Microsoft-Windows-SENSE","Windows Defender Advanced Threat Protection Classification Engine executable has ended"
"10-08-2026 09:36:15","130","Information","Microsoft-Windows-SENSE","Received DLP policy type: dlpsensitiveinfotypesconfiguration. Policy Hash: 639214380395077264-3cede045037cf8b0eda713883960c404544e0e49, Timestamp: 18446744072078305495"
"10-08-2026 09:36:15","131","Information","Microsoft-Windows-SENSE","Completed processing DLP policy type: dlppolicyconfiguration. Policy Hash: 639216152950073357-1241f9e5ef3a2e75806fe3d226aaaaba4f084d50, Timestamp: 1410831139"
"10-08-2026 09:36:15","94","Information","Microsoft-Windows-SENSE","Windows Defender Advanced Threat Protection Classification Engine executable has started"
"10-08-2026 09:36:15","94","Information","Microsoft-Windows-SENSE","Windows Defender Advanced Threat Protection Classification Engine executable has started"
"10-08-2026 09:36:15","102","Information","Microsoft-Windows-SENSE","Windows Defender Advanced Threat Protection Network Detection and Response executable has started"
"10-08-2026 09:36:14","95","Information","Microsoft-Windows-SENSE","Windows Defender Advanced Threat Protection Classification Engine executable has ended"
"10-08-2026 09:36:14","94","Information","Microsoft-Windows-SENSE","Windows Defender Advanced Threat Protection Classification Engine executable has started"
"10-08-2026 09:36:14","94","Information","Microsoft-Windows-SENSE","Windows Defender Advanced Threat Protection Classification Engine executable has started"
"10-08-2026 09:36:14","36","Information","Microsoft-Windows-SENSE","Connected User Experiences and Telemetry service registration succeeded with completion code: 0x0. Requested disk quota in MB: 99, requested daily upload quota in MB: 99"
"10-08-2026 09:36:13","95","Information","Microsoft-Windows-SENSE","Windows Defender Advanced Threat Protection Classification Engine executable has ended"
"10-08-2026 09:36:13","131","Information","Microsoft-Windows-SENSE","Completed processing DLP policy type: dlpwebsitespolicyconfiguration. Policy Hash: 639145724846240057-765513cb7ed255f551fc2b636c5739e1b1cd9d84, Timestamp: 18446744071597120955"
"10-08-2026 09:36:13","130","Information","Microsoft-Windows-SENSE","Received DLP policy type: dlppolicyconfiguration. Policy Hash: 639216152950073357-1241f9e5ef3a2e75806fe3d226aaaaba4f084d50, Timestamp: 1410831139"
"10-08-2026 09:36:13","130","Information","Microsoft-Windows-SENSE","Received DLP policy type: dlpwebsitespolicyconfiguration. Policy Hash: 639145724846240057-765513cb7ed255f551fc2b636c5739e1b1cd9d84, Timestamp: 18446744071597120955"
"10-08-2026 09:36:13","41","Information","Microsoft-Windows-SENSE","Battery state is identified as normal. Windows Defender Advanced Threat Protection will contact the server every 120 seconds. AC state: true, battery saver mode : false, battery low state: false, battery critical state: false"
"10-08-2026 09:36:13","39","Information","Microsoft-Windows-SENSE","Network connection is identified as normal. Windows Defender Advanced Threat Protection will contact the server every 120 seconds. Metered connection: false, internet available: true, free network available: true, proxy is defined by GP: false."
"10-08-2026 09:36:13","66","Information","Microsoft-Windows-SENSE","Policy update: Latency mode - normal"
"10-08-2026 09:36:13","124","Information","Microsoft-Windows-SENSE","Windows Defender Advanced Threat Protection Trace Event Monitor executable has started"
"10-08-2026 09:36:12","94","Information","Microsoft-Windows-SENSE","Windows Defender Advanced Threat Protection Classification Engine executable has started"
"10-08-2026 09:36:12","94","Information","Microsoft-Windows-SENSE","Windows Defender Advanced Threat Protection Classification Engine executable has started"
"10-08-2026 09:36:10","94","Information","Microsoft-Windows-SENSE","Windows Defender Advanced Threat Protection Classification Engine executable has started"
"10-08-2026 09:36:10","94","Information","Microsoft-Windows-SENSE","Windows Defender Advanced Threat Protection Classification Engine executable has started"
"10-08-2026 09:36:09","405","Error","Microsoft-Windows-SENSE","Failed to communicate with authentication service. ValidateToken request failed, hresult: 0x8000FFFF,  HTTP error code: 12007 ."
"10-08-2026 09:36:08","419","Information","Microsoft-Windows-SENSE","Windows Defender Advanced Threat Protection service authentication request signing completed successfully."
"10-08-2026 09:36:08","13","Information","Microsoft-Windows-SENSE","Windows Defender Advanced Threat Protection machine ID calculated: 300fd49468ec170f54de72f8340bccbe7270611d"
"10-08-2026 09:36:08","35","Information","Microsoft-Windows-SENSE","Communication quotas are updated. Disk quota in MB: 99, daily upload quota in MB: 99"
"10-08-2026 09:36:07","53","Information","Microsoft-Windows-SENSE","Cloud configuration loaded from persistent storage, version: 10.8839.main.2026.08.02.03-7273daa8fd452a3b7cc228954b558171b249aa6f."
"10-08-2026 09:36:04","1","Information","Microsoft-Windows-SENSE","Service is starting (Version 10.8830.26100.8893)."
"07-08-2026 18:22:12","124","Information","Microsoft-Windows-SENSE","Windows Defender Advanced Threat Protection Trace Event Monitor executable has started"
"07-08-2026 18:22:00","125","Information","Microsoft-Windows-SENSE","Windows Defender Advanced Threat Protection Trace Event Monitor executable has ended"
"07-08-2026 18:21:56","41","Information","Microsoft-Windows-SENSE","Battery state is identified as normal. Windows Defender Advanced Threat Protection will contact the server every 300 seconds. AC state: false, battery saver mode : false, battery low state: false, battery critical state: false"
"07-08-2026 18:21:55","100","Error","Microsoft-Windows-SENSE","Windows Defender Advanced Threat Protection Classification Engine executable failed to start. Failure code: 0x800705AF"
"07-08-2026 18:21:54","95","Information","Microsoft-Windows-SENSE","Windows Defender Advanced Threat Protection Classification Engine executable has ended"
"07-08-2026 18:21:53","96","Information","Microsoft-Windows-SENSE","Windows Defender Advanced Threat Protection Classification Engine Init has called. Result code: 0x80004005"
"07-08-2026 18:21:43","94","Information","Microsoft-Windows-SENSE","Windows Defender Advanced Threat Protection Classification Engine executable has started"
"07-08-2026 18:21:43","94","Information","Microsoft-Windows-SENSE","Windows Defender Advanced Threat Protection Classification Engine executable has started"
"07-08-2026 18:21:42","95","Information","Microsoft-Windows-SENSE","Windows Defender Advanced Threat Protection Classification Engine executable has ended"
"07-08-2026 18:18:10","419","Information","Microsoft-Windows-SENSE","Windows Defender Advanced Threat Protection service authentication request signing completed successfully."
"07-08-2026 18:18:04","102","Information","Microsoft-Windows-SENSE","Windows Defender Advanced Threat Protection Network Detection and Response executable has started"
"07-08-2026 18:18:02","103","Information","Microsoft-Windows-SENSE","Windows Defender Advanced Threat Protection Network Detection and Response executable has ended"
"07-08-2026 18:18:01","102","Information","Microsoft-Windows-SENSE","Windows Defender Advanced Threat Protection Network Detection and Response executable has started"
"07-08-2026 18:17:58","39","Information","Microsoft-Windows-SENSE","Network connection is identified as normal. Windows Defender Advanced Threat Protection will contact the server every 300 seconds. Metered connection: false, internet available: true, free network available: true, proxy is defined by GP: false."
"07-08-2026 18:17:57","38","Information","Microsoft-Windows-SENSE","Network connection is identified as low. Windows Defender Advanced Threat Protection will contact the server every 300 seconds. Metered connection: false, internet available: false, free network available: false, proxy is defined by GP: false."
"07-08-2026 18:17:51","101","Error","Microsoft-Windows-SENSE","Windows Defender Advanced Threat Protection Network Detection and Response executable failed to start. Failure code: 0x80004002"
"07-08-2026 18:17:51","103","Information","Microsoft-Windows-SENSE","Windows Defender Advanced Threat Protection Network Detection and Response executable has ended"
"07-08-2026 18:17:50","38","Information","Microsoft-Windows-SENSE","Network connection is identified as low. Windows Defender Advanced Threat Protection will contact the server every 300 seconds. Metered connection: false, internet available: false, free network available: false, proxy is defined by GP: false."
"07-08-2026 18:17:23","41","Information","Microsoft-Windows-SENSE","Battery state is identified as normal. Windows Defender Advanced Threat Protection will contact the server every 300 seconds. AC state: true, battery saver mode : false, battery low state: false, battery critical state: false"
"07-08-2026 18:17:18","38","Information","Microsoft-Windows-SENSE","Network connection is identified as low. Windows Defender Advanced Threat Protection will contact the server every 300 seconds. Metered connection: false, internet available: false, free network available: false, proxy is defined by GP: false."
"07-08-2026 18:17:10","405","Error","Microsoft-Windows-SENSE","Failed to communicate with authentication service. ValidateToken request failed, hresult: 0x8000FFFF,  HTTP error code: 12007 ."
"07-08-2026 18:16:51","39","Information","Microsoft-Windows-SENSE","Network connection is identified as normal. Windows Defender Advanced Threat Protection will contact the server every 300 seconds. Metered connection: false, internet available: true, free network available: true, proxy is defined by GP: false."
"07-08-2026 18:16:33","419","Information","Microsoft-Windows-SENSE","Windows Defender Advanced Threat Protection service authentication request signing completed successfully."
"07-08-2026 18:15:48","38","Information","Microsoft-Windows-SENSE","Network connection is identified as low. Windows Defender Advanced Threat Protection will contact the server every 300 seconds. Metered connection: false, internet available: false, free network available: false, proxy is defined by GP: false."
"07-08-2026 18:05:08","102","Information","Microsoft-Windows-SENSE","Windows Defender Advanced Threat Protection Network Detection and Response executable has started"
"07-08-2026 18:05:06","103","Information","Microsoft-Windows-SENSE","Windows Defender Advanced Threat Protection Network Detection and Response executable has ended"
"07-08-2026 17:46:33","419","Information","Microsoft-Windows-SENSE","Windows Defender Advanced Threat Protection service authentication request signing completed successfully."
"07-08-2026 17:16:33","419","Information","Microsoft-Windows-SENSE","Windows Defender Advanced Threat Protection service authentication request signing completed successfully."
"07-08-2026 16:46:33","419","Information","Microsoft-Windows-SENSE","Windows Defender Advanced Threat Protection service authentication request signing completed successfully."
"07-08-2026 16:25:20","4","Information","Microsoft-Windows-SENSE","Contacted server 48 times, all succeeded, URI: https://winatp-gw-weu.microsoft.com/."
"07-08-2026 16:16:33","419","Information","Microsoft-Windows-SENSE","Windows Defender Advanced Threat Protection service authentication request signing completed successfully."
"07-08-2026 15:46:33","419","Information","Microsoft-Windows-SENSE","Windows Defender Advanced Threat Protection service authentication request signing completed successfully."
"07-08-2026 15:16:33","419","Information","Microsoft-Windows-SENSE","Windows Defender Advanced Threat Protection service authentication request signing completed successfully."
"07-08-2026 14:46:33","419","Information","Microsoft-Windows-SENSE","Windows Defender Advanced Threat Protection service authentication request signing completed successfully."
"07-08-2026 14:16:33","419","Information","Microsoft-Windows-SENSE","Windows Defender Advanced Threat Protection service authentication request signing completed successfully."
"07-08-2026 13:46:33","419","Information","Microsoft-Windows-SENSE","Windows Defender Advanced Threat Protection service authentication request signing completed successfully."
"07-08-2026 13:16:33","419","Information","Microsoft-Windows-SENSE","Windows Defender Advanced Threat Protection service authentication request signing completed successfully."
"07-08-2026 12:46:33","419","Information","Microsoft-Windows-SENSE","Windows Defender Advanced Threat Protection service authentication request signing completed successfully."
"07-08-2026 12:25:20","4","Information","Microsoft-Windows-SENSE","Contacted server 48 times, all succeeded, URI: https://winatp-gw-weu.microsoft.com/."
"07-08-2026 12:16:33","419","Information","Microsoft-Windows-SENSE","Windows Defender Advanced Threat Protection service authentication request signing completed successfully."
"07-08-2026 11:46:33","419","Information","Microsoft-Windows-SENSE","Windows Defender Advanced Threat Protection service authentication request signing completed successfully."
"07-08-2026 11:16:33","419","Information","Microsoft-Windows-SENSE","Windows Defender Advanced Threat Protection service authentication request signing completed successfully."
"07-08-2026 10:46:33","419","Information","Microsoft-Windows-SENSE","Windows Defender Advanced Threat Protection service authentication request signing completed successfully."
"07-08-2026 10:19:19","102","Information","Microsoft-Windows-SENSE","Windows Defender Advanced Threat Protection Network Detection and Response executable has started"
"07-08-2026 10:19:17","103","Information","Microsoft-Windows-SENSE","Windows Defender Advanced Threat Protection Network Detection and Response executable has ended"
"07-08-2026 10:18:23","41","Information","Microsoft-Windows-SENSE","Battery state is identified as normal. Windows Defender Advanced Threat Protection will contact the server every 300 seconds. AC state: false, battery saver mode : false, battery low state: false, battery critical state: false"
"07-08-2026 10:16:33","419","Information","Microsoft-Windows-SENSE","Windows Defender Advanced Threat Protection service authentication request signing completed successfully."
"07-08-2026 09:46:33","419","Information","Microsoft-Windows-SENSE","Windows Defender Advanced Threat Protection service authentication request signing completed successfully."
"07-08-2026 09:20:54","1841","Verbose","Microsoft-Windows-SENSE","CSP: Get AadDeviceId complete. Value: (b0a5bc0f-7566-4771-a98b-e1b6a6bd0645), IsDefault: (false)."
"07-08-2026 09:20:54","1806","Verbose","Microsoft-Windows-SENSE","CSP: Get Onboarding State value complete. Result: (1), IsDefault: (false)."
"07-08-2026 09:20:54","1805","Verbose","Microsoft-Windows-SENSE","CSP: Get Sense Is Running value complete. Result: (0x1)."
"07-08-2026 09:20:54","1809","Verbose","Microsoft-Windows-SENSE","CSP: Get Sample Sharing value complete. Result: (1), IsDefault: (true)."
"07-08-2026 09:20:54","1807","Verbose","Microsoft-Windows-SENSE","CSP: Get Onboarding value complete. Onboarding Blob Hash: (0x9DF75D74030C7DBF), IsDefault: (false), Onboarding State: (0x1), Onboarding State IsDefault: (false)"
"07-08-2026 09:20:54","1832","Verbose","Microsoft-Windows-SENSE","CSP: Get Device Tagging Group complete. Value: (Workstations), IsDefault: (false)."
"07-08-2026 09:20:44","1841","Verbose","Microsoft-Windows-SENSE","CSP: Get AadDeviceId complete. Value: (b0a5bc0f-7566-4771-a98b-e1b6a6bd0645), IsDefault: (false)."
"07-08-2026 09:20:44","1806","Verbose","Microsoft-Windows-SENSE","CSP: Get Onboarding State value complete. Result: (1), IsDefault: (false)."
"07-08-2026 09:20:44","1805","Verbose","Microsoft-Windows-SENSE","CSP: Get Sense Is Running value complete. Result: (0x1)."
"07-08-2026 09:20:42","1809","Verbose","Microsoft-Windows-SENSE","CSP: Get Sample Sharing value complete. Result: (1), IsDefault: (true)."
"07-08-2026 09:20:42","1807","Verbose","Microsoft-Windows-SENSE","CSP: Get Onboarding value complete. Onboarding Blob Hash: (0x9DF75D74030C7DBF), IsDefault: (false), Onboarding State: (0x1), Onboarding State IsDefault: (false)"
"07-08-2026 09:20:41","1832","Verbose","Microsoft-Windows-SENSE","CSP: Get Device Tagging Group complete. Value: (Workstations), IsDefault: (false)."
"07-08-2026 09:20:20","1841","Verbose","Microsoft-Windows-SENSE","CSP: Get AadDeviceId complete. Value: (b0a5bc0f-7566-4771-a98b-e1b6a6bd0645), IsDefault: (false)."
"07-08-2026 09:20:20","1806","Verbose","Microsoft-Windows-SENSE","CSP: Get Onboarding State value complete. Result: (1), IsDefault: (false)."
"07-08-2026 09:20:20","1805","Verbose","Microsoft-Windows-SENSE","CSP: Get Sense Is Running value complete. Result: (0x1)."
"07-08-2026 09:20:20","1809","Verbose","Microsoft-Windows-SENSE","CSP: Get Sample Sharing value complete. Result: (1), IsDefault: (true)."
"07-08-2026 09:20:20","1807","Verbose","Microsoft-Windows-SENSE","CSP: Get Onboarding value complete. Onboarding Blob Hash: (0x9DF75D74030C7DBF), IsDefault: (false), Onboarding State: (0x1), Onboarding State IsDefault: (false)"
"07-08-2026 09:20:20","1832","Verbose","Microsoft-Windows-SENSE","CSP: Get Device Tagging Group complete. Value: (Workstations), IsDefault: (false)."
"07-08-2026 09:20:10","1841","Verbose","Microsoft-Windows-SENSE","CSP: Get AadDeviceId complete. Value: (b0a5bc0f-7566-4771-a98b-e1b6a6bd0645), IsDefault: (false)."
"07-08-2026 09:20:10","1806","Verbose","Microsoft-Windows-SENSE","CSP: Get Onboarding State value complete. Result: (1), IsDefault: (false)."
"07-08-2026 09:20:10","1805","Verbose","Microsoft-Windows-SENSE","CSP: Get Sense Is Running value complete. Result: (0x1)."
"07-08-2026 09:20:08","1809","Verbose","Microsoft-Windows-SENSE","CSP: Get Sample Sharing value complete. Result: (1), IsDefault: (true)."
"07-08-2026 09:20:08","1807","Verbose","Microsoft-Windows-SENSE","CSP: Get Onboarding value complete. Onboarding Blob Hash: (0x9DF75D74030C7DBF), IsDefault: (false), Onboarding State: (0x1), Onboarding State IsDefault: (false)"
"07-08-2026 09:20:07","1832","Verbose","Microsoft-Windows-SENSE","CSP: Get Device Tagging Group complete. Value: (Workstations), IsDefault: (false)."
"07-08-2026 09:19:51","1841","Verbose","Microsoft-Windows-SENSE","CSP: Get AadDeviceId complete. Value: (b0a5bc0f-7566-4771-a98b-e1b6a6bd0645), IsDefault: (false)."
"07-08-2026 09:19:51","1806","Verbose","Microsoft-Windows-SENSE","CSP: Get Onboarding State value complete. Result: (1), IsDefault: (false)."
"07-08-2026 09:19:51","1805","Verbose","Microsoft-Windows-SENSE","CSP: Get Sense Is Running value complete. Result: (0x1)."
"07-08-2026 09:19:51","1809","Verbose","Microsoft-Windows-SENSE","CSP: Get Sample Sharing value complete. Result: (1), IsDefault: (true)."
"07-08-2026 09:19:51","1807","Verbose","Microsoft-Windows-SENSE","CSP: Get Onboarding value complete. Onboarding Blob Hash: (0x9DF75D74030C7DBF), IsDefault: (false), Onboarding State: (0x1), Onboarding State IsDefault: (false)"
"07-08-2026 09:19:51","1832","Verbose","Microsoft-Windows-SENSE","CSP: Get Device Tagging Group complete. Value: (Workstations), IsDefault: (false)."
"07-08-2026 09:19:38","1841","Verbose","Microsoft-Windows-SENSE","CSP: Get AadDeviceId complete. Value: (b0a5bc0f-7566-4771-a98b-e1b6a6bd0645), IsDefault: (false)."
"07-08-2026 09:19:38","1806","Verbose","Microsoft-Windows-SENSE","CSP: Get Onboarding State value complete. Result: (1), IsDefault: (false)."
"07-08-2026 09:19:38","1805","Verbose","Microsoft-Windows-SENSE","CSP: Get Sense Is Running value complete. Result: (0x1)."
"07-08-2026 09:19:35","1809","Verbose","Microsoft-Windows-SENSE","CSP: Get Sample Sharing value complete. Result: (1), IsDefault: (true)."
"07-08-2026 09:19:35","1807","Verbose","Microsoft-Windows-SENSE","CSP: Get Onboarding value complete. Onboarding Blob Hash: (0x9DF75D74030C7DBF), IsDefault: (false), Onboarding State: (0x1), Onboarding State IsDefault: (false)"
"07-08-2026 09:19:34","1832","Verbose","Microsoft-Windows-SENSE","CSP: Get Device Tagging Group complete. Value: (Workstations), IsDefault: (false)."
"07-08-2026 09:18:58","1841","Verbose","Microsoft-Windows-SENSE","CSP: Get AadDeviceId complete. Value: (b0a5bc0f-7566-4771-a98b-e1b6a6bd0645), IsDefault: (false)."
"07-08-2026 09:18:58","1806","Verbose","Microsoft-Windows-SENSE","CSP: Get Onboarding State value complete. Result: (1), IsDefault: (false)."
"07-08-2026 09:18:58","1805","Verbose","Microsoft-Windows-SENSE","CSP: Get Sense Is Running value complete. Result: (0x1)."
"07-08-2026 09:18:58","1809","Verbose","Microsoft-Windows-SENSE","CSP: Get Sample Sharing value complete. Result: (1), IsDefault: (true)."
"07-08-2026 09:18:58","1807","Verbose","Microsoft-Windows-SENSE","CSP: Get Onboarding value complete. Onboarding Blob Hash: (0x9DF75D74030C7DBF), IsDefault: (false), Onboarding State: (0x1), Onboarding State IsDefault: (false)"
"07-08-2026 09:18:58","1832","Verbose","Microsoft-Windows-SENSE","CSP: Get Device Tagging Group complete. Value: (Workstations), IsDefault: (false)."
"07-08-2026 09:18:44","1841","Verbose","Microsoft-Windows-SENSE","CSP: Get AadDeviceId complete. Value: (b0a5bc0f-7566-4771-a98b-e1b6a6bd0645), IsDefault: (false)."
"07-08-2026 09:18:44","1806","Verbose","Microsoft-Windows-SENSE","CSP: Get Onboarding State value complete. Result: (1), IsDefault: (false)."
"07-08-2026 09:18:44","1805","Verbose","Microsoft-Windows-SENSE","CSP: Get Sense Is Running value complete. Result: (0x1)."
"07-08-2026 09:18:41","1809","Verbose","Microsoft-Windows-SENSE","CSP: Get Sample Sharing value complete. Result: (1), IsDefault: (true)."
"07-08-2026 09:18:41","1807","Verbose","Microsoft-Windows-SENSE","CSP: Get Onboarding value complete. Onboarding Blob Hash: (0x9DF75D74030C7DBF), IsDefault: (false), Onboarding State: (0x1), Onboarding State IsDefault: (false)"
"07-08-2026 09:18:39","1832","Verbose","Microsoft-Windows-SENSE","CSP: Get Device Tagging Group complete. Value: (Workstations), IsDefault: (false)."
"07-08-2026 09:16:54","412","Information","Microsoft-Windows-SENSE","Cyber telemetry upload been resumed for Windows Defender Advanced Threat Protection service due to newly refreshed token."
"07-08-2026 09:16:54","419","Information","Microsoft-Windows-SENSE","Windows Defender Advanced Threat Protection service authentication request signing completed successfully."
"07-08-2026 09:16:54","419","Information","Microsoft-Windows-SENSE","Windows Defender Advanced Threat Protection service authentication request signing completed successfully."
"07-08-2026 09:16:52","419","Information","Microsoft-Windows-SENSE","Windows Defender Advanced Threat Protection service authentication request signing completed successfully."
"07-08-2026 09:16:33","41","Information","Microsoft-Windows-SENSE","Battery state is identified as normal. Windows Defender Advanced Threat Protection will contact the server every 300 seconds. AC state: true, battery saver mode : false, battery low state: false, battery critical state: false"
"07-08-2026 04:02:07","102","Information","Microsoft-Windows-SENSE","Windows Defender Advanced Threat Protection Network Detection and Response executable has started"
"07-08-2026 04:02:04","39","Information","Microsoft-Windows-SENSE","Network connection is identified as normal. Windows Defender Advanced Threat Protection will contact the server every 300 seconds. Metered connection: false, internet available: true, free network available: true, proxy is defined by GP: false."
"07-08-2026 04:02:03","38","Information","Microsoft-Windows-SENSE","Network connection is identified as low. Windows Defender Advanced Threat Protection will contact the server every 300 seconds. Metered connection: false, internet available: false, free network available: false, proxy is defined by GP: false."
"07-08-2026 04:02:00","41","Information","Microsoft-Windows-SENSE","Battery state is identified as normal. Windows Defender Advanced Threat Protection will contact the server every 300 seconds. AC state: false, battery saver mode : false, battery low state: false, battery critical state: false"
"06-08-2026 19:03:16","41","Information","Microsoft-Windows-SENSE","Battery state is identified as normal. Windows Defender Advanced Threat Protection will contact the server every 300 seconds. AC state: false, battery saver mode : false, battery low state: false, battery critical state: false"
"06-08-2026 19:03:12","405","Error","Microsoft-Windows-SENSE","Failed to communicate with authentication service. ValidateToken request failed, hresult: 0x8000FFFF,  HTTP error code: 12007 ."
"06-08-2026 19:03:11","419","Information","Microsoft-Windows-SENSE","Windows Defender Advanced Threat Protection service authentication request signing completed successfully."
"06-08-2026 19:03:11","41","Information","Microsoft-Windows-SENSE","Battery state is identified as normal. Windows Defender Advanced Threat Protection will contact the server every 300 seconds. AC state: false, battery saver mode : false, battery low state: false, battery critical state: false"
"06-08-2026 19:03:11","41","Information","Microsoft-Windows-SENSE","Battery state is identified as normal. Windows Defender Advanced Threat Protection will contact the server every 300 seconds. AC state: false, battery saver mode : false, battery low state: false, battery critical state: false"
"06-08-2026 19:03:01","101","Error","Microsoft-Windows-SENSE","Windows Defender Advanced Threat Protection Network Detection and Response executable failed to start. Failure code: 0x80004002"
"06-08-2026 19:03:00","103","Information","Microsoft-Windows-SENSE","Windows Defender Advanced Threat Protection Network Detection and Response executable has ended"
"06-08-2026 19:03:00","38","Information","Microsoft-Windows-SENSE","Network connection is identified as low. Windows Defender Advanced Threat Protection will contact the server every 900 seconds. Metered connection: false, internet available: false, free network available: false, proxy is defined by GP: false."
"06-08-2026 19:02:53","411","Information","Microsoft-Windows-SENSE","Cyber telemetry upload has been suspended for Windows Defender Advanced Threat Protection service due to invalid/expired token."
"06-08-2026 19:02:53","40","Information","Microsoft-Windows-SENSE","Battery state is identified as low. Windows Defender Advanced Threat Protection will contact the server every 900 seconds. AC state: false, battery saver mode : true, battery low state: false, battery critical state: false"
"06-08-2026 19:02:53","40","Information","Microsoft-Windows-SENSE","Battery state is identified as low. Windows Defender Advanced Threat Protection will contact the server every 900 seconds. AC state: false, battery saver mode : true, battery low state: false, battery critical state: false"
"06-08-2026 19:02:49","412","Information","Microsoft-Windows-SENSE","Cyber telemetry upload been resumed for Windows Defender Advanced Threat Protection service due to newly refreshed token."
"06-08-2026 19:02:48","419","Information","Microsoft-Windows-SENSE","Windows Defender Advanced Threat Protection service authentication request signing completed successfully."
"06-08-2026 19:02:48","41","Information","Microsoft-Windows-SENSE","Battery state is identified as normal. Windows Defender Advanced Threat Protection will contact the server every 300 seconds. AC state: false, battery saver mode : false, battery low state: false, battery critical state: false"
"06-08-2026 19:02:48","40","Information","Microsoft-Windows-SENSE","Battery state is identified as low. Windows Defender Advanced Threat Protection will contact the server every 900 seconds. AC state: false, battery saver mode : true, battery low state: false, battery critical state: false"
"06-08-2026 19:02:48","411","Information","Microsoft-Windows-SENSE","Cyber telemetry upload has been suspended for Windows Defender Advanced Threat Protection service due to invalid/expired token."
"06-08-2026 19:02:48","40","Information","Microsoft-Windows-SENSE","Battery state is identified as low. Windows Defender Advanced Threat Protection will contact the server every 900 seconds. AC state: false, battery saver mode : true, battery low state: false, battery critical state: false"
"06-08-2026 19:02:48","40","Information","Microsoft-Windows-SENSE","Battery state is identified as low. Windows Defender Advanced Threat Protection will contact the server every 900 seconds. AC state: false, battery saver mode : true, battery low state: false, battery critical state: false"
"06-08-2026 19:02:47","41","Information","Microsoft-Windows-SENSE","Battery state is identified as normal. Windows Defender Advanced Threat Protection will contact the server every 300 seconds. AC state: false, battery saver mode : false, battery low state: false, battery critical state: false"
"06-08-2026 19:01:05","412","Information","Microsoft-Windows-SENSE","Cyber telemetry upload been resumed for Windows Defender Advanced Threat Protection service due to newly refreshed token."
"06-08-2026 19:01:04","419","Information","Microsoft-Windows-SENSE","Windows Defender Advanced Threat Protection service authentication request signing completed successfully."
"06-08-2026 19:01:04","41","Information","Microsoft-Windows-SENSE","Battery state is identified as normal. Windows Defender Advanced Threat Protection will contact the server every 300 seconds. AC state: true, battery saver mode : false, battery low state: false, battery critical state: false"
"06-08-2026 19:01:02","411","Information","Microsoft-Windows-SENSE","Cyber telemetry upload has been suspended for Windows Defender Advanced Threat Protection service due to invalid/expired token."
"06-08-2026 19:01:02","41","Information","Microsoft-Windows-SENSE","Battery state is identified as normal. Windows Defender Advanced Threat Protection will contact the server every 300 seconds. AC state: true, battery saver mode : false, battery low state: false, battery critical state: false"
"06-08-2026 18:55:11","419","Information","Microsoft-Windows-SENSE","Windows Defender Advanced Threat Protection service authentication request signing completed successfully."
"06-08-2026 18:25:11","419","Information","Microsoft-Windows-SENSE","Windows Defender Advanced Threat Protection service authentication request signing completed successfully."
"06-08-2026 18:12:39","4","Information","Microsoft-Windows-SENSE","Contacted server 45 times, all succeeded, URI: https://winatp-gw-weu.microsoft.com/."
"06-08-2026 17:55:11","419","Information","Microsoft-Windows-SENSE","Windows Defender Advanced Threat Protection service authentication request signing completed successfully."
"06-08-2026 17:52:41","131","Information","Microsoft-Windows-SENSE","Completed processing DLP policy type: dlppolicyconfiguration. Policy Hash: 639216152950073357-1241f9e5ef3a2e75806fe3d226aaaaba4f084d50, Timestamp: 1410831139"
"06-08-2026 17:52:41","130","Information","Microsoft-Windows-SENSE","Received DLP policy type: dlppolicyconfiguration. Policy Hash: 639216152950073357-1241f9e5ef3a2e75806fe3d226aaaaba4f084d50, Timestamp: 1410831139"
"06-08-2026 17:37:39","41","Information","Microsoft-Windows-SENSE","Battery state is identified as normal. Windows Defender Advanced Threat Protection will contact the server every 300 seconds. AC state: true, battery saver mode : false, battery low state: false, battery critical state: false"
"06-08-2026 17:25:11","419","Information","Microsoft-Windows-SENSE","Windows Defender Advanced Threat Protection service authentication request signing completed successfully."
"06-08-2026 16:55:11","419","Information","Microsoft-Windows-SENSE","Windows Defender Advanced Threat Protection service authentication request signing completed successfully."
"06-08-2026 16:33:54","41","Information","Microsoft-Windows-SENSE","Battery state is identified as normal. Windows Defender Advanced Threat Protection will contact the server every 300 seconds. AC state: false, battery saver mode : false, battery low state: false, battery critical state: false"
"06-08-2026 16:29:52","41","Information","Microsoft-Windows-SENSE","Battery state is identified as normal. Windows Defender Advanced Threat Protection will contact the server every 300 seconds. AC state: true, battery saver mode : false, battery low state: false, battery critical state: false"
"06-08-2026 16:25:11","419","Information","Microsoft-Windows-SENSE","Windows Defender Advanced Threat Protection service authentication request signing completed successfully."
"06-08-2026 16:10:25","131","Information","Microsoft-Windows-SENSE","Completed processing DLP policy type: dlppolicyconfiguration. Policy Hash: 639216093876769756-df230fbd02ce50296f5eddf0727799e36b6de986, Timestamp: 18446744071970063806"
"06-08-2026 16:10:25","130","Information","Microsoft-Windows-SENSE","Received DLP policy type: dlppolicyconfiguration. Policy Hash: 639216093876769756-df230fbd02ce50296f5eddf0727799e36b6de986, Timestamp: 18446744071970063806"
"06-08-2026 15:55:11","419","Information","Microsoft-Windows-SENSE","Windows Defender Advanced Threat Protection service authentication request signing completed successfully."
"06-08-2026 15:25:11","419","Information","Microsoft-Windows-SENSE","Windows Defender Advanced Threat Protection service authentication request signing completed successfully."
"06-08-2026 14:55:11","419","Information","Microsoft-Windows-SENSE","Windows Defender Advanced Threat Protection service authentication request signing completed successfully."
"06-08-2026 14:25:11","419","Information","Microsoft-Windows-SENSE","Windows Defender Advanced Threat Protection service authentication request signing completed successfully."
"06-08-2026 14:12:39","4","Information","Microsoft-Windows-SENSE","Contacted server 47 times, all succeeded, URI: https://winatp-gw-weu.microsoft.com/."
"06-08-2026 13:55:11","419","Information","Microsoft-Windows-SENSE","Windows Defender Advanced Threat Protection service authentication request signing completed successfully."
"06-08-2026 13:25:11","419","Information","Microsoft-Windows-SENSE","Windows Defender Advanced Threat Protection service authentication request signing completed successfully."
"06-08-2026 13:12:19","1841","Verbose","Microsoft-Windows-SENSE","CSP: Get AadDeviceId complete. Value: (b0a5bc0f-7566-4771-a98b-e1b6a6bd0645), IsDefault: (false)."
"06-08-2026 13:12:19","1806","Verbose","Microsoft-Windows-SENSE","CSP: Get Onboarding State value complete. Result: (1), IsDefault: (false)."
"06-08-2026 13:12:19","1805","Verbose","Microsoft-Windows-SENSE","CSP: Get Sense Is Running value complete. Result: (0x1)."
"06-08-2026 13:12:19","1809","Verbose","Microsoft-Windows-SENSE","CSP: Get Sample Sharing value complete. Result: (1), IsDefault: (true)."
"06-08-2026 13:12:19","1807","Verbose","Microsoft-Windows-SENSE","CSP: Get Onboarding value complete. Onboarding Blob Hash: (0x9DF75D74030C7DBF), IsDefault: (false), Onboarding State: (0x1), Onboarding State IsDefault: (false)"
"06-08-2026 13:12:19","1832","Verbose","Microsoft-Windows-SENSE","CSP: Get Device Tagging Group complete. Value: (Workstations), IsDefault: (false)."
"06-08-2026 13:12:08","1841","Verbose","Microsoft-Windows-SENSE","CSP: Get AadDeviceId complete. Value: (b0a5bc0f-7566-4771-a98b-e1b6a6bd0645), IsDefault: (false)."
"06-08-2026 13:12:08","1806","Verbose","Microsoft-Windows-SENSE","CSP: Get Onboarding State value complete. Result: (1), IsDefault: (false)."
"06-08-2026 13:12:08","1805","Verbose","Microsoft-Windows-SENSE","CSP: Get Sense Is Running value complete. Result: (0x1)."
"06-08-2026 13:12:06","1809","Verbose","Microsoft-Windows-SENSE","CSP: Get Sample Sharing value complete. Result: (1), IsDefault: (true)."
"06-08-2026 13:12:06","1807","Verbose","Microsoft-Windows-SENSE","CSP: Get Onboarding value complete. Onboarding Blob Hash: (0x9DF75D74030C7DBF), IsDefault: (false), Onboarding State: (0x1), Onboarding State IsDefault: (false)"
"06-08-2026 13:12:05","1832","Verbose","Microsoft-Windows-SENSE","CSP: Get Device Tagging Group complete. Value: (Workstations), IsDefault: (false)."
"06-08-2026 13:11:36","1841","Verbose","Microsoft-Windows-SENSE","CSP: Get AadDeviceId complete. Value: (b0a5bc0f-7566-4771-a98b-e1b6a6bd0645), IsDefault: (false)."
"06-08-2026 13:11:36","1806","Verbose","Microsoft-Windows-SENSE","CSP: Get Onboarding State value complete. Result: (1), IsDefault: (false)."
"06-08-2026 13:11:35","1805","Verbose","Microsoft-Windows-SENSE","CSP: Get Sense Is Running value complete. Result: (0x1)."
"06-08-2026 13:11:35","1809","Verbose","Microsoft-Windows-SENSE","CSP: Get Sample Sharing value complete. Result: (1), IsDefault: (true)."
"06-08-2026 13:11:35","1807","Verbose","Microsoft-Windows-SENSE","CSP: Get Onboarding value complete. Onboarding Blob Hash: (0x9DF75D74030C7DBF), IsDefault: (false), Onboarding State: (0x1), Onboarding State IsDefault: (false)"
"06-08-2026 13:11:35","1832","Verbose","Microsoft-Windows-SENSE","CSP: Get Device Tagging Group complete. Value: (Workstations), IsDefault: (false)."
"06-08-2026 13:11:23","1841","Verbose","Microsoft-Windows-SENSE","CSP: Get AadDeviceId complete. Value: (b0a5bc0f-7566-4771-a98b-e1b6a6bd0645), IsDefault: (false)."
"06-08-2026 13:11:23","1806","Verbose","Microsoft-Windows-SENSE","CSP: Get Onboarding State value complete. Result: (1), IsDefault: (false)."
"06-08-2026 13:11:23","1805","Verbose","Microsoft-Windows-SENSE","CSP: Get Sense Is Running value complete. Result: (0x1)."
"06-08-2026 13:11:20","1809","Verbose","Microsoft-Windows-SENSE","CSP: Get Sample Sharing value complete. Result: (1), IsDefault: (true)."
"06-08-2026 13:11:20","1807","Verbose","Microsoft-Windows-SENSE","CSP: Get Onboarding value complete. Onboarding Blob Hash: (0x9DF75D74030C7DBF), IsDefault: (false), Onboarding State: (0x1), Onboarding State IsDefault: (false)"
"06-08-2026 13:11:19","1832","Verbose","Microsoft-Windows-SENSE","CSP: Get Device Tagging Group complete. Value: (Workstations), IsDefault: (false)."
"06-08-2026 12:55:11","419","Information","Microsoft-Windows-SENSE","Windows Defender Advanced Threat Protection service authentication request signing completed successfully."
"06-08-2026 12:25:11","419","Information","Microsoft-Windows-SENSE","Windows Defender Advanced Threat Protection service authentication request signing completed successfully."
"06-08-2026 11:55:11","419","Information","Microsoft-Windows-SENSE","Windows Defender Advanced Threat Protection service authentication request signing completed successfully."
"06-08-2026 11:25:11","419","Information","Microsoft-Windows-SENSE","Windows Defender Advanced Threat Protection service authentication request signing completed successfully."
"06-08-2026 11:09:24","41","Information","Microsoft-Windows-SENSE","Battery state is identified as normal. Windows Defender Advanced Threat Protection will contact the server every 300 seconds. AC state: false, battery saver mode : false, battery low state: false, battery critical state: false"
"06-08-2026 10:55:11","419","Information","Microsoft-Windows-SENSE","Windows Defender Advanced Threat Protection service authentication request signing completed successfully."
"06-08-2026 10:25:11","419","Information","Microsoft-Windows-SENSE","Windows Defender Advanced Threat Protection service authentication request signing completed successfully."
"06-08-2026 10:12:39","4","Information","Microsoft-Windows-SENSE","Contacted server 47 times, all succeeded, URI: https://winatp-gw-weu.microsoft.com/."
"06-08-2026 09:55:11","419","Information","Microsoft-Windows-SENSE","Windows Defender Advanced Threat Protection service authentication request signing completed successfully."
"06-08-2026 09:54:17","41","Information","Microsoft-Windows-SENSE","Battery state is identified as normal. Windows Defender Advanced Threat Protection will contact the server every 300 seconds. AC state: true, battery saver mode : false, battery low state: false, battery critical state: false"
"06-08-2026 09:25:11","419","Information","Microsoft-Windows-SENSE","Windows Defender Advanced Threat Protection service authentication request signing completed successfully."
"06-08-2026 09:04:00","41","Information","Microsoft-Windows-SENSE","Battery state is identified as normal. Windows Defender Advanced Threat Protection will contact the server every 300 seconds. AC state: false, battery saver mode : false, battery low state: false, battery critical state: false"
"06-08-2026 08:59:53","50","Information","Microsoft-Windows-SENSE","New cloud configuration applied successfully. Version: 10.8839.main.2026.08.02.03-7273daa8fd452a3b7cc228954b558171b249aa6f."
"06-08-2026 08:59:51","13","Information","Microsoft-Windows-SENSE","Windows Defender Advanced Threat Protection machine ID calculated: 300fd49468ec170f54de72f8340bccbe7270611d"
"06-08-2026 08:58:47","1841","Verbose","Microsoft-Windows-SENSE","CSP: Get AadDeviceId complete. Value: (b0a5bc0f-7566-4771-a98b-e1b6a6bd0645), IsDefault: (false)."
"06-08-2026 08:58:47","1806","Verbose","Microsoft-Windows-SENSE","CSP: Get Onboarding State value complete. Result: (1), IsDefault: (false)."
"06-08-2026 08:58:47","1805","Verbose","Microsoft-Windows-SENSE","CSP: Get Sense Is Running value complete. Result: (0x1)."
"06-08-2026 08:58:47","1809","Verbose","Microsoft-Windows-SENSE","CSP: Get Sample Sharing value complete. Result: (1), IsDefault: (true)."
