"TimeCreated","Id","LevelDisplayName","ProviderName","Message"
"19-08-2026 15:09:02","211","Information","Microsoft-Windows-AppModel-Runtime","Added process 31068 to Desktop AppX container 49c94a9f-9ae3-11f1-a290-54582d32ed0c for package MicrosoftWindows.Client.CBS_1000.26100.334.0_x64__cw5n1h2txyewy."
"19-08-2026 14:54:02","211","Information","Microsoft-Windows-AppModel-Runtime","Added process 13976 to Desktop AppX container 49c94a9f-9ae3-11f1-a290-54582d32ed0c for package MicrosoftWindows.Client.CBS_1000.26100.334.0_x64__cw5n1h2txyewy."
"19-08-2026 14:46:46","40","Information","Microsoft-Windows-AppModel-Runtime","AppContainer onecore\ds\security\gina\profile\profext\appcontainer.cpp Line:1863 1_https___agave.myanalytics.cdn.office.net 1_https___agave.myanalytics.cdn.office.net04ACA5EC was not created because it already exists."
"19-08-2026 14:39:01","211","Information","Microsoft-Windows-AppModel-Runtime","Added process 1732 to Desktop AppX container 49c94a9f-9ae3-11f1-a290-54582d32ed0c for package MicrosoftWindows.Client.CBS_1000.26100.334.0_x64__cw5n1h2txyewy."
"19-08-2026 14:37:36","217","Information","Microsoft-Windows-AppModel-Runtime","Destroyed Desktop AppX container {49747B5D-9B94-11F1-A290-54582D32ED0C} for package Microsoft.OneDriveSync_26139.720.7.0_neutral__8wekyb3d8bbwe."
"19-08-2026 14:37:31","211","Information","Microsoft-Windows-AppModel-Runtime","Added process 15948 to Desktop AppX container 49747b5d-9b94-11f1-a290-54582d32ed0c for package Microsoft.OneDriveSync_26139.720.7.0_neutral__8wekyb3d8bbwe."
"19-08-2026 14:37:31","210","Information","Microsoft-Windows-AppModel-Runtime","Created Desktop AppX container {49747B5D-9B94-11F1-A290-54582D32ED0C} for package Microsoft.OneDriveSync_26139.720.7.0_neutral__8wekyb3d8bbwe."
"19-08-2026 14:35:38","211","Information","Microsoft-Windows-AppModel-Runtime","Added process 21360 to Desktop AppX container 49c94c82-9ae3-11f1-a290-54582d32ed0c for package MSTeams_26198.304.4946.9672_x64__8wekyb3d8bbwe."
"19-08-2026 14:28:19","217","Information","Microsoft-Windows-AppModel-Runtime","Destroyed Desktop AppX container {49747A69-9B94-11F1-A290-54582D32ED0C} for package Microsoft.WindowsTerminal_1.24.11911.0_x64__8wekyb3d8bbwe."
"19-08-2026 14:28:19","217","Information","Microsoft-Windows-AppModel-Runtime","Destroyed Desktop AppX container {49747A6D-9B94-11F1-A290-54582D32ED0C} for package Microsoft.OneDriveSync_26139.720.7.0_neutral__8wekyb3d8bbwe."
"19-08-2026 14:28:14","211","Information","Microsoft-Windows-AppModel-Runtime","Added process 12832 to Desktop AppX container 49747a6d-9b94-11f1-a290-54582d32ed0c for package Microsoft.OneDriveSync_26139.720.7.0_neutral__8wekyb3d8bbwe."
"19-08-2026 14:28:14","210","Information","Microsoft-Windows-AppModel-Runtime","Created Desktop AppX container {49747A6D-9B94-11F1-A290-54582D32ED0C} for package Microsoft.OneDriveSync_26139.720.7.0_neutral__8wekyb3d8bbwe."
"19-08-2026 14:28:13","211","Information","Microsoft-Windows-AppModel-Runtime","Added process 6520 to Desktop AppX container 49747a69-9b94-11f1-a290-54582d32ed0c for package Microsoft.WindowsTerminal_1.24.11911.0_x64__8wekyb3d8bbwe."
"19-08-2026 14:28:13","210","Information","Microsoft-Windows-AppModel-Runtime","Created Desktop AppX container {49747A69-9B94-11F1-A290-54582D32ED0C} for package Microsoft.WindowsTerminal_1.24.11911.0_x64__8wekyb3d8bbwe."
"19-08-2026 14:28:13","211","Information","Microsoft-Windows-AppModel-Runtime","Added process 25604 to Desktop AppX container 49c950a2-9ae3-11f1-a290-54582d32ed0c for package Microsoft.WindowsNotepad_11.2606.15.0_x64__8wekyb3d8bbwe."
"19-08-2026 14:25:03","39","Information","Microsoft-Windows-AppModel-Runtime","Successfully created AppContainer LpacSenseImdsCollector."
"19-08-2026 14:25:03","41","Information","Microsoft-Windows-AppModel-Runtime","Successfully deleted AppContainer LpacSenseImdsCollector."
"19-08-2026 14:25:02","201","Information","Microsoft-Windows-AppModel-Runtime","Created process 5460 for application Microsoft.WindowsNotepad_8wekyb3d8bbwe!App in package Microsoft.WindowsNotepad_11.2606.15.0_x64__8wekyb3d8bbwe. [LaunchProcess]"
"19-08-2026 14:25:02","211","Information","Microsoft-Windows-AppModel-Runtime","Added process 5460 to Desktop AppX container 49c950a2-9ae3-11f1-a290-54582d32ed0c for package Microsoft.WindowsNotepad_11.2606.15.0_x64__8wekyb3d8bbwe."
"19-08-2026 14:25:02","219","Information","Microsoft-Windows-AppModel-Runtime","PSMFlags for Desktop AppX process %1 with applicationID %2 is %3."
"19-08-2026 14:24:39","217","Information","Microsoft-Windows-AppModel-Runtime","Destroyed Desktop AppX container {49747A23-9B94-11F1-A290-54582D32ED0C} for package Microsoft.OneDriveSync_26139.720.7.0_neutral__8wekyb3d8bbwe."
"19-08-2026 14:24:33","211","Information","Microsoft-Windows-AppModel-Runtime","Added process 28060 to Desktop AppX container 49747a23-9b94-11f1-a290-54582d32ed0c for package Microsoft.OneDriveSync_26139.720.7.0_neutral__8wekyb3d8bbwe."
"19-08-2026 14:24:33","210","Information","Microsoft-Windows-AppModel-Runtime","Created Desktop AppX container {49747A23-9B94-11F1-A290-54582D32ED0C} for package Microsoft.OneDriveSync_26139.720.7.0_neutral__8wekyb3d8bbwe."
"19-08-2026 14:24:33","211","Information","Microsoft-Windows-AppModel-Runtime","Added process 30808 to Desktop AppX container 49c950a2-9ae3-11f1-a290-54582d32ed0c for package Microsoft.WindowsNotepad_11.2606.15.0_x64__8wekyb3d8bbwe."
"19-08-2026 14:24:30","217","Information","Microsoft-Windows-AppModel-Runtime","Destroyed Desktop AppX container {49747A1C-9B94-11F1-A290-54582D32ED0C} for package Microsoft.OneDriveSync_26139.720.7.0_neutral__8wekyb3d8bbwe."
"19-08-2026 14:24:24","211","Information","Microsoft-Windows-AppModel-Runtime","Added process 14360 to Desktop AppX container 49747a1c-9b94-11f1-a290-54582d32ed0c for package Microsoft.OneDriveSync_26139.720.7.0_neutral__8wekyb3d8bbwe."
"19-08-2026 14:24:24","210","Information","Microsoft-Windows-AppModel-Runtime","Created Desktop AppX container {49747A1C-9B94-11F1-A290-54582D32ED0C} for package Microsoft.OneDriveSync_26139.720.7.0_neutral__8wekyb3d8bbwe."
"19-08-2026 14:24:24","211","Information","Microsoft-Windows-AppModel-Runtime","Added process 30108 to Desktop AppX container 49c950a2-9ae3-11f1-a290-54582d32ed0c for package Microsoft.WindowsNotepad_11.2606.15.0_x64__8wekyb3d8bbwe."
"19-08-2026 14:24:14","217","Information","Microsoft-Windows-AppModel-Runtime","Destroyed Desktop AppX container {49747A12-9B94-11F1-A290-54582D32ED0C} for package Microsoft.OneDriveSync_26139.720.7.0_neutral__8wekyb3d8bbwe."
"19-08-2026 14:24:08","211","Information","Microsoft-Windows-AppModel-Runtime","Added process 3628 to Desktop AppX container 49747a12-9b94-11f1-a290-54582d32ed0c for package Microsoft.OneDriveSync_26139.720.7.0_neutral__8wekyb3d8bbwe."
"19-08-2026 14:24:08","210","Information","Microsoft-Windows-AppModel-Runtime","Created Desktop AppX container {49747A12-9B94-11F1-A290-54582D32ED0C} for package Microsoft.OneDriveSync_26139.720.7.0_neutral__8wekyb3d8bbwe."
"19-08-2026 14:24:08","211","Information","Microsoft-Windows-AppModel-Runtime","Added process 7136 to Desktop AppX container 49c950a2-9ae3-11f1-a290-54582d32ed0c for package Microsoft.WindowsNotepad_11.2606.15.0_x64__8wekyb3d8bbwe."
"19-08-2026 14:24:01","211","Information","Microsoft-Windows-AppModel-Runtime","Added process 4872 to Desktop AppX container 49c94a9f-9ae3-11f1-a290-54582d32ed0c for package MicrosoftWindows.Client.CBS_1000.26100.334.0_x64__cw5n1h2txyewy."
"19-08-2026 14:22:36","217","Information","Microsoft-Windows-AppModel-Runtime","Destroyed Desktop AppX container {497479EB-9B94-11F1-A290-54582D32ED0C} for package Microsoft.OneDriveSync_26139.720.7.0_neutral__8wekyb3d8bbwe."
"19-08-2026 14:22:27","211","Information","Microsoft-Windows-AppModel-Runtime","Added process 27596 to Desktop AppX container 497479eb-9b94-11f1-a290-54582d32ed0c for package Microsoft.OneDriveSync_26139.720.7.0_neutral__8wekyb3d8bbwe."
"19-08-2026 14:22:27","210","Information","Microsoft-Windows-AppModel-Runtime","Created Desktop AppX container {497479EB-9B94-11F1-A290-54582D32ED0C} for package Microsoft.OneDriveSync_26139.720.7.0_neutral__8wekyb3d8bbwe."
"19-08-2026 14:22:27","211","Information","Microsoft-Windows-AppModel-Runtime","Added process 3804 to Desktop AppX container 49c950a2-9ae3-11f1-a290-54582d32ed0c for package Microsoft.WindowsNotepad_11.2606.15.0_x64__8wekyb3d8bbwe."
"19-08-2026 14:21:00","201","Information","Microsoft-Windows-AppModel-Runtime","Created process 30576 for application Microsoft.WindowsNotepad_8wekyb3d8bbwe!App in package Microsoft.WindowsNotepad_11.2606.15.0_x64__8wekyb3d8bbwe. [LaunchProcess]"
"19-08-2026 14:21:00","211","Information","Microsoft-Windows-AppModel-Runtime","Added process 30576 to Desktop AppX container 49c950a2-9ae3-11f1-a290-54582d32ed0c for package Microsoft.WindowsNotepad_11.2606.15.0_x64__8wekyb3d8bbwe."
"19-08-2026 14:21:00","219","Information","Microsoft-Windows-AppModel-Runtime","PSMFlags for Desktop AppX process %1 with applicationID %2 is %3."
"19-08-2026 14:09:01","211","Information","Microsoft-Windows-AppModel-Runtime","Added process 5244 to Desktop AppX container 49c94a9f-9ae3-11f1-a290-54582d32ed0c for package MicrosoftWindows.Client.CBS_1000.26100.334.0_x64__cw5n1h2txyewy."
"19-08-2026 13:54:25","211","Information","Microsoft-Windows-AppModel-Runtime","Added process 19272 to Desktop AppX container 49c94a9f-9ae3-11f1-a290-54582d32ed0c for package MicrosoftWindows.Client.CBS_1000.26100.334.0_x64__cw5n1h2txyewy."
"19-08-2026 13:54:01","211","Information","Microsoft-Windows-AppModel-Runtime","Added process 5756 to Desktop AppX container 49c94a9f-9ae3-11f1-a290-54582d32ed0c for package MicrosoftWindows.Client.CBS_1000.26100.334.0_x64__cw5n1h2txyewy."
"19-08-2026 13:45:18","217","Information","Microsoft-Windows-AppModel-Runtime","Destroyed Desktop AppX container {497476FE-9B94-11F1-A290-54582D32ED0C} for package Microsoft.WindowsStore_22607.1401.3.0_x64__8wekyb3d8bbwe."
"19-08-2026 13:44:18","211","Information","Microsoft-Windows-AppModel-Runtime","Added process 19488 to Desktop AppX container 497476fe-9b94-11f1-a290-54582d32ed0c for package Microsoft.WindowsStore_22607.1401.3.0_x64__8wekyb3d8bbwe."
"19-08-2026 13:44:18","210","Information","Microsoft-Windows-AppModel-Runtime","Created Desktop AppX container {497476FE-9B94-11F1-A290-54582D32ED0C} for package Microsoft.WindowsStore_22607.1401.3.0_x64__8wekyb3d8bbwe."
"19-08-2026 13:41:18","211","Information","Microsoft-Windows-AppModel-Runtime","Added process 26044 to Desktop AppX container 49c94c82-9ae3-11f1-a290-54582d32ed0c for package MSTeams_26198.304.4946.9672_x64__8wekyb3d8bbwe."
"19-08-2026 13:39:01","211","Information","Microsoft-Windows-AppModel-Runtime","Added process 18652 to Desktop AppX container 49c94a9f-9ae3-11f1-a290-54582d32ed0c for package MicrosoftWindows.Client.CBS_1000.26100.334.0_x64__cw5n1h2txyewy."
"19-08-2026 13:26:41","201","Information","Microsoft-Windows-AppModel-Runtime","Created process 1552 for application Microsoft.WindowsNotepad_8wekyb3d8bbwe!App in package Microsoft.WindowsNotepad_11.2606.15.0_x64__8wekyb3d8bbwe. [LaunchProcess]"
"19-08-2026 13:26:41","211","Information","Microsoft-Windows-AppModel-Runtime","Added process 1552 to Desktop AppX container 49c950a2-9ae3-11f1-a290-54582d32ed0c for package Microsoft.WindowsNotepad_11.2606.15.0_x64__8wekyb3d8bbwe."
"19-08-2026 13:26:41","219","Information","Microsoft-Windows-AppModel-Runtime","PSMFlags for Desktop AppX process %1 with applicationID %2 is %3."
"19-08-2026 13:24:43","201","Information","Microsoft-Windows-AppModel-Runtime","Created process 6204 for application Microsoft.WindowsNotepad_8wekyb3d8bbwe!App in package Microsoft.WindowsNotepad_11.2606.15.0_x64__8wekyb3d8bbwe. [LaunchProcess]"
"19-08-2026 13:24:43","211","Information","Microsoft-Windows-AppModel-Runtime","Added process 6204 to Desktop AppX container 49c950a2-9ae3-11f1-a290-54582d32ed0c for package Microsoft.WindowsNotepad_11.2606.15.0_x64__8wekyb3d8bbwe."
"19-08-2026 13:24:43","219","Information","Microsoft-Windows-AppModel-Runtime","PSMFlags for Desktop AppX process %1 with applicationID %2 is %3."
"19-08-2026 13:24:37","39","Information","Microsoft-Windows-AppModel-Runtime","Successfully created AppContainer LpacSenseImdsCollector."
"19-08-2026 13:24:37","41","Information","Microsoft-Windows-AppModel-Runtime","Successfully deleted AppContainer LpacSenseImdsCollector."
"19-08-2026 13:24:15","201","Information","Microsoft-Windows-AppModel-Runtime","Created process 25264 for application Microsoft.WindowsNotepad_8wekyb3d8bbwe!App in package Microsoft.WindowsNotepad_11.2606.15.0_x64__8wekyb3d8bbwe. [LaunchProcess]"
"19-08-2026 13:24:15","211","Information","Microsoft-Windows-AppModel-Runtime","Added process 25264 to Desktop AppX container 49c950a2-9ae3-11f1-a290-54582d32ed0c for package Microsoft.WindowsNotepad_11.2606.15.0_x64__8wekyb3d8bbwe."
"19-08-2026 13:24:15","219","Information","Microsoft-Windows-AppModel-Runtime","PSMFlags for Desktop AppX process %1 with applicationID %2 is %3."
"19-08-2026 13:24:01","211","Information","Microsoft-Windows-AppModel-Runtime","Added process 19704 to Desktop AppX container 49c94a9f-9ae3-11f1-a290-54582d32ed0c for package MicrosoftWindows.Client.CBS_1000.26100.334.0_x64__cw5n1h2txyewy."
"19-08-2026 13:23:54","201","Information","Microsoft-Windows-AppModel-Runtime","Created process 31636 for application Microsoft.WindowsNotepad_8wekyb3d8bbwe!App in package Microsoft.WindowsNotepad_11.2606.15.0_x64__8wekyb3d8bbwe. [LaunchProcess]"
"19-08-2026 13:23:54","211","Information","Microsoft-Windows-AppModel-Runtime","Added process 31636 to Desktop AppX container 49c950a2-9ae3-11f1-a290-54582d32ed0c for package Microsoft.WindowsNotepad_11.2606.15.0_x64__8wekyb3d8bbwe."
"19-08-2026 13:23:54","219","Information","Microsoft-Windows-AppModel-Runtime","PSMFlags for Desktop AppX process %1 with applicationID %2 is %3."
"19-08-2026 13:23:22","201","Information","Microsoft-Windows-AppModel-Runtime","Created process 30300 for application Microsoft.WindowsNotepad_8wekyb3d8bbwe!App in package Microsoft.WindowsNotepad_11.2606.15.0_x64__8wekyb3d8bbwe. [LaunchProcess]"
"19-08-2026 13:23:22","211","Information","Microsoft-Windows-AppModel-Runtime","Added process 30300 to Desktop AppX container 49c950a2-9ae3-11f1-a290-54582d32ed0c for package Microsoft.WindowsNotepad_11.2606.15.0_x64__8wekyb3d8bbwe."
"19-08-2026 13:23:22","219","Information","Microsoft-Windows-AppModel-Runtime","PSMFlags for Desktop AppX process %1 with applicationID %2 is %3."
"19-08-2026 13:22:58","201","Information","Microsoft-Windows-AppModel-Runtime","Created process 25856 for application Microsoft.WindowsNotepad_8wekyb3d8bbwe!App in package Microsoft.WindowsNotepad_11.2606.15.0_x64__8wekyb3d8bbwe. [LaunchProcess]"
"19-08-2026 13:22:58","211","Information","Microsoft-Windows-AppModel-Runtime","Added process 25856 to Desktop AppX container 49c950a2-9ae3-11f1-a290-54582d32ed0c for package Microsoft.WindowsNotepad_11.2606.15.0_x64__8wekyb3d8bbwe."
"19-08-2026 13:22:58","219","Information","Microsoft-Windows-AppModel-Runtime","PSMFlags for Desktop AppX process %1 with applicationID %2 is %3."
"19-08-2026 13:22:39","201","Information","Microsoft-Windows-AppModel-Runtime","Created process 27284 for application Microsoft.WindowsNotepad_8wekyb3d8bbwe!App in package Microsoft.WindowsNotepad_11.2606.15.0_x64__8wekyb3d8bbwe. [LaunchProcess]"
"19-08-2026 13:22:39","211","Information","Microsoft-Windows-AppModel-Runtime","Added process 27284 to Desktop AppX container 49c950a2-9ae3-11f1-a290-54582d32ed0c for package Microsoft.WindowsNotepad_11.2606.15.0_x64__8wekyb3d8bbwe."
"19-08-2026 13:22:39","219","Information","Microsoft-Windows-AppModel-Runtime","PSMFlags for Desktop AppX process %1 with applicationID %2 is %3."
"19-08-2026 13:22:17","201","Information","Microsoft-Windows-AppModel-Runtime","Created process 29060 for application Microsoft.WindowsNotepad_8wekyb3d8bbwe!App in package Microsoft.WindowsNotepad_11.2606.15.0_x64__8wekyb3d8bbwe. [LaunchProcess]"
"19-08-2026 13:22:17","211","Information","Microsoft-Windows-AppModel-Runtime","Added process 29060 to Desktop AppX container 49c950a2-9ae3-11f1-a290-54582d32ed0c for package Microsoft.WindowsNotepad_11.2606.15.0_x64__8wekyb3d8bbwe."
"19-08-2026 13:22:17","219","Information","Microsoft-Windows-AppModel-Runtime","PSMFlags for Desktop AppX process %1 with applicationID %2 is %3."
"19-08-2026 13:21:58","201","Information","Microsoft-Windows-AppModel-Runtime","Created process 30148 for application Microsoft.WindowsNotepad_8wekyb3d8bbwe!App in package Microsoft.WindowsNotepad_11.2606.15.0_x64__8wekyb3d8bbwe. [LaunchProcess]"
"19-08-2026 13:21:58","211","Information","Microsoft-Windows-AppModel-Runtime","Added process 30148 to Desktop AppX container 49c950a2-9ae3-11f1-a290-54582d32ed0c for package Microsoft.WindowsNotepad_11.2606.15.0_x64__8wekyb3d8bbwe."
"19-08-2026 13:21:57","219","Information","Microsoft-Windows-AppModel-Runtime","PSMFlags for Desktop AppX process %1 with applicationID %2 is %3."
"19-08-2026 13:21:32","201","Information","Microsoft-Windows-AppModel-Runtime","Created process 4788 for application Microsoft.WindowsNotepad_8wekyb3d8bbwe!App in package Microsoft.WindowsNotepad_11.2606.15.0_x64__8wekyb3d8bbwe. [LaunchProcess]"
"19-08-2026 13:21:32","211","Information","Microsoft-Windows-AppModel-Runtime","Added process 4788 to Desktop AppX container 49c950a2-9ae3-11f1-a290-54582d32ed0c for package Microsoft.WindowsNotepad_11.2606.15.0_x64__8wekyb3d8bbwe."
"19-08-2026 13:21:32","219","Information","Microsoft-Windows-AppModel-Runtime","PSMFlags for Desktop AppX process %1 with applicationID %2 is %3."
"19-08-2026 13:21:28","217","Information","Microsoft-Windows-AppModel-Runtime","Destroyed Desktop AppX container {4974744C-9B94-11F1-A290-54582D32ED0C} for package Microsoft.OneDriveSync_26139.720.7.0_neutral__8wekyb3d8bbwe."
"19-08-2026 13:21:22","211","Information","Microsoft-Windows-AppModel-Runtime","Added process 26584 to Desktop AppX container 4974744c-9b94-11f1-a290-54582d32ed0c for package Microsoft.OneDriveSync_26139.720.7.0_neutral__8wekyb3d8bbwe."
"19-08-2026 13:21:22","210","Information","Microsoft-Windows-AppModel-Runtime","Created Desktop AppX container {4974744C-9B94-11F1-A290-54582D32ED0C} for package Microsoft.OneDriveSync_26139.720.7.0_neutral__8wekyb3d8bbwe."
"19-08-2026 13:21:22","211","Information","Microsoft-Windows-AppModel-Runtime","Added process 8228 to Desktop AppX container 49c950a2-9ae3-11f1-a290-54582d32ed0c for package Microsoft.WindowsNotepad_11.2606.15.0_x64__8wekyb3d8bbwe."
"19-08-2026 13:20:57","201","Information","Microsoft-Windows-AppModel-Runtime","Created process 28332 for application Microsoft.WindowsNotepad_8wekyb3d8bbwe!App in package Microsoft.WindowsNotepad_11.2606.15.0_x64__8wekyb3d8bbwe. [LaunchProcess]"
"19-08-2026 13:20:57","211","Information","Microsoft-Windows-AppModel-Runtime","Added process 28332 to Desktop AppX container 49c950a2-9ae3-11f1-a290-54582d32ed0c for package Microsoft.WindowsNotepad_11.2606.15.0_x64__8wekyb3d8bbwe."
"19-08-2026 13:20:57","219","Information","Microsoft-Windows-AppModel-Runtime","PSMFlags for Desktop AppX process %1 with applicationID %2 is %3."
"19-08-2026 13:20:36","201","Information","Microsoft-Windows-AppModel-Runtime","Created process 16576 for application Microsoft.WindowsNotepad_8wekyb3d8bbwe!App in package Microsoft.WindowsNotepad_11.2606.15.0_x64__8wekyb3d8bbwe. [LaunchProcess]"
"19-08-2026 13:20:36","211","Information","Microsoft-Windows-AppModel-Runtime","Added process 16576 to Desktop AppX container 49c950a2-9ae3-11f1-a290-54582d32ed0c for package Microsoft.WindowsNotepad_11.2606.15.0_x64__8wekyb3d8bbwe."
"19-08-2026 13:20:36","219","Information","Microsoft-Windows-AppModel-Runtime","PSMFlags for Desktop AppX process %1 with applicationID %2 is %3."
"19-08-2026 13:20:12","201","Information","Microsoft-Windows-AppModel-Runtime","Created process 4580 for application Microsoft.WindowsNotepad_8wekyb3d8bbwe!App in package Microsoft.WindowsNotepad_11.2606.15.0_x64__8wekyb3d8bbwe. [LaunchProcess]"
"19-08-2026 13:20:12","211","Information","Microsoft-Windows-AppModel-Runtime","Added process 4580 to Desktop AppX container 49c950a2-9ae3-11f1-a290-54582d32ed0c for package Microsoft.WindowsNotepad_11.2606.15.0_x64__8wekyb3d8bbwe."
"19-08-2026 13:20:12","219","Information","Microsoft-Windows-AppModel-Runtime","PSMFlags for Desktop AppX process %1 with applicationID %2 is %3."
"19-08-2026 13:19:48","201","Information","Microsoft-Windows-AppModel-Runtime","Created process 23748 for application Microsoft.WindowsNotepad_8wekyb3d8bbwe!App in package Microsoft.WindowsNotepad_11.2606.15.0_x64__8wekyb3d8bbwe. [LaunchProcess]"
"19-08-2026 13:19:48","211","Information","Microsoft-Windows-AppModel-Runtime","Added process 23748 to Desktop AppX container 49c950a2-9ae3-11f1-a290-54582d32ed0c for package Microsoft.WindowsNotepad_11.2606.15.0_x64__8wekyb3d8bbwe."
"19-08-2026 13:19:48","219","Information","Microsoft-Windows-AppModel-Runtime","PSMFlags for Desktop AppX process %1 with applicationID %2 is %3."
"19-08-2026 13:19:38","201","Information","Microsoft-Windows-AppModel-Runtime","Created process 26532 for application Microsoft.WindowsNotepad_8wekyb3d8bbwe!App in package Microsoft.WindowsNotepad_11.2606.15.0_x64__8wekyb3d8bbwe. [LaunchProcess]"
"19-08-2026 13:19:38","211","Information","Microsoft-Windows-AppModel-Runtime","Added process 26532 to Desktop AppX container 49c950a2-9ae3-11f1-a290-54582d32ed0c for package Microsoft.WindowsNotepad_11.2606.15.0_x64__8wekyb3d8bbwe."
"19-08-2026 13:19:38","219","Information","Microsoft-Windows-AppModel-Runtime","PSMFlags for Desktop AppX process %1 with applicationID %2 is %3."
"19-08-2026 13:19:20","201","Information","Microsoft-Windows-AppModel-Runtime","Created process 19276 for application Microsoft.WindowsNotepad_8wekyb3d8bbwe!App in package Microsoft.WindowsNotepad_11.2606.15.0_x64__8wekyb3d8bbwe. [LaunchProcess]"
"19-08-2026 13:19:20","211","Information","Microsoft-Windows-AppModel-Runtime","Added process 19276 to Desktop AppX container 49c950a2-9ae3-11f1-a290-54582d32ed0c for package Microsoft.WindowsNotepad_11.2606.15.0_x64__8wekyb3d8bbwe."
"19-08-2026 13:19:20","219","Information","Microsoft-Windows-AppModel-Runtime","PSMFlags for Desktop AppX process %1 with applicationID %2 is %3."
"19-08-2026 13:11:54","201","Information","Microsoft-Windows-AppModel-Runtime","Created process 25328 for application Microsoft.WindowsNotepad_8wekyb3d8bbwe!App in package Microsoft.WindowsNotepad_11.2606.15.0_x64__8wekyb3d8bbwe. [LaunchProcess]"
"19-08-2026 13:11:54","211","Information","Microsoft-Windows-AppModel-Runtime","Added process 25328 to Desktop AppX container 49c950a2-9ae3-11f1-a290-54582d32ed0c for package Microsoft.WindowsNotepad_11.2606.15.0_x64__8wekyb3d8bbwe."
"19-08-2026 13:11:54","219","Information","Microsoft-Windows-AppModel-Runtime","PSMFlags for Desktop AppX process %1 with applicationID %2 is %3."
"19-08-2026 13:09:30","201","Information","Microsoft-Windows-AppModel-Runtime","Created process 7576 for application Microsoft.WindowsNotepad_8wekyb3d8bbwe!App in package Microsoft.WindowsNotepad_11.2606.15.0_x64__8wekyb3d8bbwe. [LaunchProcess]"
"19-08-2026 13:09:30","211","Information","Microsoft-Windows-AppModel-Runtime","Added process 7576 to Desktop AppX container 49c950a2-9ae3-11f1-a290-54582d32ed0c for package Microsoft.WindowsNotepad_11.2606.15.0_x64__8wekyb3d8bbwe."
"19-08-2026 13:09:30","219","Information","Microsoft-Windows-AppModel-Runtime","PSMFlags for Desktop AppX process %1 with applicationID %2 is %3."
"19-08-2026 13:09:01","211","Information","Microsoft-Windows-AppModel-Runtime","Added process 11940 to Desktop AppX container 49c94a9f-9ae3-11f1-a290-54582d32ed0c for package MicrosoftWindows.Client.CBS_1000.26100.334.0_x64__cw5n1h2txyewy."
"19-08-2026 13:08:31","201","Information","Microsoft-Windows-AppModel-Runtime","Created process 11084 for application Microsoft.WindowsNotepad_8wekyb3d8bbwe!App in package Microsoft.WindowsNotepad_11.2606.15.0_x64__8wekyb3d8bbwe. [LaunchProcess]"
"19-08-2026 13:08:31","211","Information","Microsoft-Windows-AppModel-Runtime","Added process 11084 to Desktop AppX container 49c950a2-9ae3-11f1-a290-54582d32ed0c for package Microsoft.WindowsNotepad_11.2606.15.0_x64__8wekyb3d8bbwe."
"19-08-2026 13:08:31","219","Information","Microsoft-Windows-AppModel-Runtime","PSMFlags for Desktop AppX process %1 with applicationID %2 is %3."
"19-08-2026 13:06:31","201","Information","Microsoft-Windows-AppModel-Runtime","Created process 18084 for application Microsoft.WindowsNotepad_8wekyb3d8bbwe!App in package Microsoft.WindowsNotepad_11.2606.15.0_x64__8wekyb3d8bbwe. [LaunchProcess]"
"19-08-2026 13:06:31","211","Information","Microsoft-Windows-AppModel-Runtime","Added process 18084 to Desktop AppX container 49c950a2-9ae3-11f1-a290-54582d32ed0c for package Microsoft.WindowsNotepad_11.2606.15.0_x64__8wekyb3d8bbwe."
"19-08-2026 13:06:31","219","Information","Microsoft-Windows-AppModel-Runtime","PSMFlags for Desktop AppX process %1 with applicationID %2 is %3."
"19-08-2026 13:06:19","201","Information","Microsoft-Windows-AppModel-Runtime","Created process 27956 for application Microsoft.WindowsNotepad_8wekyb3d8bbwe!App in package Microsoft.WindowsNotepad_11.2606.15.0_x64__8wekyb3d8bbwe. [LaunchProcess]"
"19-08-2026 13:06:19","211","Information","Microsoft-Windows-AppModel-Runtime","Added process 27956 to Desktop AppX container 49c950a2-9ae3-11f1-a290-54582d32ed0c for package Microsoft.WindowsNotepad_11.2606.15.0_x64__8wekyb3d8bbwe."
"19-08-2026 13:06:18","219","Information","Microsoft-Windows-AppModel-Runtime","PSMFlags for Desktop AppX process %1 with applicationID %2 is %3."
"19-08-2026 12:54:01","211","Information","Microsoft-Windows-AppModel-Runtime","Added process 30212 to Desktop AppX container 49c94a9f-9ae3-11f1-a290-54582d32ed0c for package MicrosoftWindows.Client.CBS_1000.26100.334.0_x64__cw5n1h2txyewy."
"19-08-2026 12:39:01","211","Information","Microsoft-Windows-AppModel-Runtime","Added process 25960 to Desktop AppX container 49c94a9f-9ae3-11f1-a290-54582d32ed0c for package MicrosoftWindows.Client.CBS_1000.26100.334.0_x64__cw5n1h2txyewy."
"19-08-2026 12:33:30","211","Information","Microsoft-Windows-AppModel-Runtime","Added process 15448 to Desktop AppX container 49c94c82-9ae3-11f1-a290-54582d32ed0c for package MSTeams_26198.304.4946.9672_x64__8wekyb3d8bbwe."
"19-08-2026 12:24:42","201","Information","Microsoft-Windows-AppModel-Runtime","Created process 5480 for application Microsoft.ScreenSketch_8wekyb3d8bbwe!App in package Microsoft.ScreenSketch_11.2602.49.0_x64__8wekyb3d8bbwe. [LaunchProcess]"
"19-08-2026 12:24:42","211","Information","Microsoft-Windows-AppModel-Runtime","Added process 5480 to Desktop AppX container 497470a7-9b94-11f1-a290-54582d32ed0c for package Microsoft.ScreenSketch_11.2602.49.0_x64__8wekyb3d8bbwe."
"19-08-2026 12:24:42","219","Information","Microsoft-Windows-AppModel-Runtime","PSMFlags for Desktop AppX process %1 with applicationID %2 is %3."
"19-08-2026 12:24:38","201","Information","Microsoft-Windows-AppModel-Runtime","Created process 4524 for application Microsoft.ScreenSketch_8wekyb3d8bbwe!App in package Microsoft.ScreenSketch_11.2602.49.0_x64__8wekyb3d8bbwe. [LaunchProcess]"
"19-08-2026 12:24:38","211","Information","Microsoft-Windows-AppModel-Runtime","Added process 4524 to Desktop AppX container 497470a7-9b94-11f1-a290-54582d32ed0c for package Microsoft.ScreenSketch_11.2602.49.0_x64__8wekyb3d8bbwe."
"19-08-2026 12:24:38","210","Information","Microsoft-Windows-AppModel-Runtime","Created Desktop AppX container {497470A7-9B94-11F1-A290-54582D32ED0C} for package Microsoft.ScreenSketch_11.2602.49.0_x64__8wekyb3d8bbwe."
"19-08-2026 12:24:38","219","Information","Microsoft-Windows-AppModel-Runtime","PSMFlags for Desktop AppX process %1 with applicationID %2 is %3."
"19-08-2026 12:24:11","39","Information","Microsoft-Windows-AppModel-Runtime","Successfully created AppContainer LpacSenseImdsCollector."
"19-08-2026 12:24:11","41","Information","Microsoft-Windows-AppModel-Runtime","Successfully deleted AppContainer LpacSenseImdsCollector."
"19-08-2026 12:24:01","211","Information","Microsoft-Windows-AppModel-Runtime","Added process 30656 to Desktop AppX container 49c94a9f-9ae3-11f1-a290-54582d32ed0c for package MicrosoftWindows.Client.CBS_1000.26100.334.0_x64__cw5n1h2txyewy."
"19-08-2026 12:09:01","211","Information","Microsoft-Windows-AppModel-Runtime","Added process 28796 to Desktop AppX container 49c94a9f-9ae3-11f1-a290-54582d32ed0c for package MicrosoftWindows.Client.CBS_1000.26100.334.0_x64__cw5n1h2txyewy."
"19-08-2026 11:54:01","211","Information","Microsoft-Windows-AppModel-Runtime","Added process 31476 to Desktop AppX container 49c94a9f-9ae3-11f1-a290-54582d32ed0c for package MicrosoftWindows.Client.CBS_1000.26100.334.0_x64__cw5n1h2txyewy."
"19-08-2026 11:51:57","217","Information","Microsoft-Windows-AppModel-Runtime","Destroyed Desktop AppX container {49746E1F-9B94-11F1-A290-54582D32ED0C} for package Microsoft.WindowsStore_22607.1401.3.0_x64__8wekyb3d8bbwe."
"19-08-2026 11:50:57","211","Information","Microsoft-Windows-AppModel-Runtime","Added process 19016 to Desktop AppX container 49746e1f-9b94-11f1-a290-54582d32ed0c for package Microsoft.WindowsStore_22607.1401.3.0_x64__8wekyb3d8bbwe."
"19-08-2026 11:50:57","210","Information","Microsoft-Windows-AppModel-Runtime","Created Desktop AppX container {49746E1F-9B94-11F1-A290-54582D32ED0C} for package Microsoft.WindowsStore_22607.1401.3.0_x64__8wekyb3d8bbwe."
"19-08-2026 11:39:01","211","Information","Microsoft-Windows-AppModel-Runtime","Added process 26492 to Desktop AppX container 49c94a9f-9ae3-11f1-a290-54582d32ed0c for package MicrosoftWindows.Client.CBS_1000.26100.334.0_x64__cw5n1h2txyewy."
"19-08-2026 11:34:47","211","Information","Microsoft-Windows-AppModel-Runtime","Added process 464 to Desktop AppX container 49c94c82-9ae3-11f1-a290-54582d32ed0c for package MSTeams_26198.304.4946.9672_x64__8wekyb3d8bbwe."
"19-08-2026 11:24:01","211","Information","Microsoft-Windows-AppModel-Runtime","Added process 29748 to Desktop AppX container 49c94a9f-9ae3-11f1-a290-54582d32ed0c for package MicrosoftWindows.Client.CBS_1000.26100.334.0_x64__cw5n1h2txyewy."
"19-08-2026 11:23:45","39","Information","Microsoft-Windows-AppModel-Runtime","Successfully created AppContainer LpacSenseImdsCollector."
"19-08-2026 11:23:45","41","Information","Microsoft-Windows-AppModel-Runtime","Successfully deleted AppContainer LpacSenseImdsCollector."
"19-08-2026 11:09:01","211","Information","Microsoft-Windows-AppModel-Runtime","Added process 25944 to Desktop AppX container 49c94a9f-9ae3-11f1-a290-54582d32ed0c for package MicrosoftWindows.Client.CBS_1000.26100.334.0_x64__cw5n1h2txyewy."
"19-08-2026 10:54:01","211","Information","Microsoft-Windows-AppModel-Runtime","Added process 17880 to Desktop AppX container 49c94a9f-9ae3-11f1-a290-54582d32ed0c for package MicrosoftWindows.Client.CBS_1000.26100.334.0_x64__cw5n1h2txyewy."
"19-08-2026 10:47:19","201","Information","Microsoft-Windows-AppModel-Runtime","Created process 29672 for application Microsoft.WindowsNotepad_8wekyb3d8bbwe!App in package Microsoft.WindowsNotepad_11.2606.15.0_x64__8wekyb3d8bbwe. [LaunchProcess]"
"19-08-2026 10:47:19","211","Information","Microsoft-Windows-AppModel-Runtime","Added process 29672 to Desktop AppX container 49c950a2-9ae3-11f1-a290-54582d32ed0c for package Microsoft.WindowsNotepad_11.2606.15.0_x64__8wekyb3d8bbwe."
"19-08-2026 10:47:18","219","Information","Microsoft-Windows-AppModel-Runtime","PSMFlags for Desktop AppX process %1 with applicationID %2 is %3."
"19-08-2026 10:46:34","217","Information","Microsoft-Windows-AppModel-Runtime","Destroyed Desktop AppX container {49C96C39-9AE3-11F1-A290-54582D32ED0C} for package Microsoft.WindowsTerminal_1.24.11911.0_x64__8wekyb3d8bbwe."
"19-08-2026 10:46:31","217","Information","Microsoft-Windows-AppModel-Runtime","Destroyed Desktop AppX container {49C96C3D-9AE3-11F1-A290-54582D32ED0C} for package Microsoft.OneDriveSync_26139.720.7.0_neutral__8wekyb3d8bbwe."
"19-08-2026 10:46:26","211","Information","Microsoft-Windows-AppModel-Runtime","Added process 24072 to Desktop AppX container 49c96c3d-9ae3-11f1-a290-54582d32ed0c for package Microsoft.OneDriveSync_26139.720.7.0_neutral__8wekyb3d8bbwe."
"19-08-2026 10:46:26","210","Information","Microsoft-Windows-AppModel-Runtime","Created Desktop AppX container {49C96C3D-9AE3-11F1-A290-54582D32ED0C} for package Microsoft.OneDriveSync_26139.720.7.0_neutral__8wekyb3d8bbwe."
"19-08-2026 10:46:26","211","Information","Microsoft-Windows-AppModel-Runtime","Added process 30796 to Desktop AppX container 49c96c39-9ae3-11f1-a290-54582d32ed0c for package Microsoft.WindowsTerminal_1.24.11911.0_x64__8wekyb3d8bbwe."
"19-08-2026 10:46:26","210","Information","Microsoft-Windows-AppModel-Runtime","Created Desktop AppX container {49C96C39-9AE3-11F1-A290-54582D32ED0C} for package Microsoft.WindowsTerminal_1.24.11911.0_x64__8wekyb3d8bbwe."
"19-08-2026 10:39:26","211","Information","Microsoft-Windows-AppModel-Runtime","Added process 22812 to Desktop AppX container 49c94a9f-9ae3-11f1-a290-54582d32ed0c for package MicrosoftWindows.Client.CBS_1000.26100.334.0_x64__cw5n1h2txyewy."
"19-08-2026 10:39:01","211","Information","Microsoft-Windows-AppModel-Runtime","Added process 29744 to Desktop AppX container 49c94a9f-9ae3-11f1-a290-54582d32ed0c for package MicrosoftWindows.Client.CBS_1000.26100.334.0_x64__cw5n1h2txyewy."
"19-08-2026 10:38:19","211","Information","Microsoft-Windows-AppModel-Runtime","Added process 18324 to Desktop AppX container 49c94c82-9ae3-11f1-a290-54582d32ed0c for package MSTeams_26198.304.4946.9672_x64__8wekyb3d8bbwe."
"19-08-2026 10:35:43","39","Information","Microsoft-Windows-AppModel-Runtime","Successfully created AppContainer LpacSenseNdr."
"19-08-2026 10:35:43","41","Information","Microsoft-Windows-AppModel-Runtime","Successfully deleted AppContainer LpacSenseNdr."
"19-08-2026 10:24:01","211","Information","Microsoft-Windows-AppModel-Runtime","Added process 28580 to Desktop AppX container 49c94a9f-9ae3-11f1-a290-54582d32ed0c for package MicrosoftWindows.Client.CBS_1000.26100.334.0_x64__cw5n1h2txyewy."
"19-08-2026 10:23:20","39","Information","Microsoft-Windows-AppModel-Runtime","Successfully created AppContainer LpacSenseImdsCollector."
"19-08-2026 10:23:20","41","Information","Microsoft-Windows-AppModel-Runtime","Successfully deleted AppContainer LpacSenseImdsCollector."
"19-08-2026 10:09:01","211","Information","Microsoft-Windows-AppModel-Runtime","Added process 27596 to Desktop AppX container 49c94a9f-9ae3-11f1-a290-54582d32ed0c for package MicrosoftWindows.Client.CBS_1000.26100.334.0_x64__cw5n1h2txyewy."
"19-08-2026 10:05:02","217","Information","Microsoft-Windows-AppModel-Runtime","Destroyed Desktop AppX container {49C96748-9AE3-11F1-A290-54582D32ED0C} for package Microsoft.DesktopAppInstaller_1.29.280.0_x64__8wekyb3d8bbwe."
"19-08-2026 10:04:59","217","Information","Microsoft-Windows-AppModel-Runtime","Destroyed Desktop AppX container {49C96729-9AE3-11F1-A290-54582D32ED0C} for package Microsoft.WindowsStore_22607.1401.3.0_x64__8wekyb3d8bbwe."
"19-08-2026 10:04:00","211","Information","Microsoft-Windows-AppModel-Runtime","Added process 28344 to Desktop AppX container 49c96748-9ae3-11f1-a290-54582d32ed0c for package Microsoft.DesktopAppInstaller_1.29.280.0_x64__8wekyb3d8bbwe."
"19-08-2026 10:04:00","210","Information","Microsoft-Windows-AppModel-Runtime","Created Desktop AppX container {49C96748-9AE3-11F1-A290-54582D32ED0C} for package Microsoft.DesktopAppInstaller_1.29.280.0_x64__8wekyb3d8bbwe."
"19-08-2026 10:03:58","211","Information","Microsoft-Windows-AppModel-Runtime","Added process 25896 to Desktop AppX container 49c96729-9ae3-11f1-a290-54582d32ed0c for package Microsoft.WindowsStore_22607.1401.3.0_x64__8wekyb3d8bbwe."
"19-08-2026 10:03:58","210","Information","Microsoft-Windows-AppModel-Runtime","Created Desktop AppX container {49C96729-9AE3-11F1-A290-54582D32ED0C} for package Microsoft.WindowsStore_22607.1401.3.0_x64__8wekyb3d8bbwe."
"19-08-2026 10:03:58","211","Information","Microsoft-Windows-AppModel-Runtime","Added process 18940 to Desktop AppX container 49c94c82-9ae3-11f1-a290-54582d32ed0c for package MSTeams_26198.304.4946.9672_x64__8wekyb3d8bbwe."
"19-08-2026 10:02:31","201","Information","Microsoft-Windows-AppModel-Runtime","Created process 30068 for application Microsoft.Office.ActionsServer_8wekyb3d8bbwe!Microsoft.Office.ActionsServer in package Microsoft.Office.ActionsServer_16.0.20228.20188_neutral__8wekyb3d8bbwe. [FinishPackageActivation]"
"19-08-2026 10:02:31","219","Information","Microsoft-Windows-AppModel-Runtime","PSMFlags for Desktop AppX process %1 with applicationID %2 is %3."
"19-08-2026 10:02:31","211","Information","Microsoft-Windows-AppModel-Runtime","Added process 28308 to Desktop AppX container 49c94a9f-9ae3-11f1-a290-54582d32ed0c for package MicrosoftWindows.Client.CBS_1000.26100.334.0_x64__cw5n1h2txyewy."
"19-08-2026 09:57:46","217","Information","Microsoft-Windows-AppModel-Runtime","Destroyed Desktop AppX container {49C9657F-9AE3-11F1-A290-54582D32ED0C} for package Microsoft.ScreenSketch_11.2602.49.0_x64__8wekyb3d8bbwe."
"19-08-2026 09:57:40","201","Information","Microsoft-Windows-AppModel-Runtime","Created process 9236 for application Microsoft.ScreenSketch_8wekyb3d8bbwe!App in package Microsoft.ScreenSketch_11.2602.49.0_x64__8wekyb3d8bbwe. [LaunchProcess]"
"19-08-2026 09:57:40","211","Information","Microsoft-Windows-AppModel-Runtime","Added process 9236 to Desktop AppX container 49c9657f-9ae3-11f1-a290-54582d32ed0c for package Microsoft.ScreenSketch_11.2602.49.0_x64__8wekyb3d8bbwe."
"19-08-2026 09:57:40","210","Information","Microsoft-Windows-AppModel-Runtime","Created Desktop AppX container {49C9657F-9AE3-11F1-A290-54582D32ED0C} for package Microsoft.ScreenSketch_11.2602.49.0_x64__8wekyb3d8bbwe."
"19-08-2026 09:57:39","219","Information","Microsoft-Windows-AppModel-Runtime","PSMFlags for Desktop AppX process %1 with applicationID %2 is %3."
"19-08-2026 09:56:38","39","Information","Microsoft-Windows-AppModel-Runtime","Successfully created AppContainer LpacSenseNdr."
"19-08-2026 09:56:38","41","Information","Microsoft-Windows-AppModel-Runtime","Successfully deleted AppContainer LpacSenseNdr."
"19-08-2026 09:56:35","39","Information","Microsoft-Windows-AppModel-Runtime","Successfully created AppContainer LpacSenseNdr."
"19-08-2026 09:56:35","41","Information","Microsoft-Windows-AppModel-Runtime","Successfully deleted AppContainer LpacSenseNdr."
"19-08-2026 09:56:33","39","Information","Microsoft-Windows-AppModel-Runtime","Successfully created AppContainer LpacSenseNdr."
"19-08-2026 09:56:33","41","Information","Microsoft-Windows-AppModel-Runtime","Successfully deleted AppContainer LpacSenseNdr."
"19-08-2026 00:26:08","201","Information","Microsoft-Windows-AppModel-Runtime","Created process 13168 for application Microsoft.OfficePushNotificationUtility_8wekyb3d8bbwe!OPushUtil in package Microsoft.OfficePushNotificationUtility_16.0.20228.20188_neutral__8wekyb3d8bbwe. [FinishPackageActivation]"
"19-08-2026 00:26:07","219","Information","Microsoft-Windows-AppModel-Runtime","PSMFlags for Desktop AppX process %1 with applicationID %2 is %3."
"19-08-2026 00:26:07","39","Information","Microsoft-Windows-AppModel-Runtime","Successfully created AppContainer LpacSenseNdr."
"19-08-2026 00:26:07","41","Information","Microsoft-Windows-AppModel-Runtime","Successfully deleted AppContainer LpacSenseNdr."
"19-08-2026 00:26:04","39","Information","Microsoft-Windows-AppModel-Runtime","Successfully created AppContainer LpacSenseNdr."
"19-08-2026 00:26:04","41","Information","Microsoft-Windows-AppModel-Runtime","Successfully deleted AppContainer LpacSenseNdr."
"19-08-2026 00:26:02","211","Information","Microsoft-Windows-AppModel-Runtime","Added process 17968 to Desktop AppX container 49c94a9f-9ae3-11f1-a290-54582d32ed0c for package MicrosoftWindows.Client.CBS_1000.26100.334.0_x64__cw5n1h2txyewy."
"18-08-2026 19:06:10","39","Information","Microsoft-Windows-AppModel-Runtime","Successfully created AppContainer LpacSenseNdr."
"18-08-2026 19:06:10","41","Information","Microsoft-Windows-AppModel-Runtime","Successfully deleted AppContainer LpacSenseNdr."
"18-08-2026 18:54:01","211","Information","Microsoft-Windows-AppModel-Runtime","Added process 25068 to Desktop AppX container 49c94a9f-9ae3-11f1-a290-54582d32ed0c for package MicrosoftWindows.Client.CBS_1000.26100.334.0_x64__cw5n1h2txyewy."
"18-08-2026 18:39:01","211","Information","Microsoft-Windows-AppModel-Runtime","Added process 24800 to Desktop AppX container 49c94a9f-9ae3-11f1-a290-54582d32ed0c for package MicrosoftWindows.Client.CBS_1000.26100.334.0_x64__cw5n1h2txyewy."
"18-08-2026 18:34:54","211","Information","Microsoft-Windows-AppModel-Runtime","Added process 23884 to Desktop AppX container 49c94c82-9ae3-11f1-a290-54582d32ed0c for package MSTeams_26198.304.4946.9672_x64__8wekyb3d8bbwe."
"18-08-2026 18:33:23","39","Information","Microsoft-Windows-AppModel-Runtime","Successfully created AppContainer LpacSenseImdsCollector."
"18-08-2026 18:33:23","41","Information","Microsoft-Windows-AppModel-Runtime","Successfully deleted AppContainer LpacSenseImdsCollector."
"18-08-2026 18:24:01","211","Information","Microsoft-Windows-AppModel-Runtime","Added process 29192 to Desktop AppX container 49c94a9f-9ae3-11f1-a290-54582d32ed0c for package MicrosoftWindows.Client.CBS_1000.26100.334.0_x64__cw5n1h2txyewy."
"18-08-2026 18:19:01","217","Information","Microsoft-Windows-AppModel-Runtime","Destroyed Desktop AppX container {49C960E6-9AE3-11F1-A290-54582D32ED0C} for package Microsoft.ScreenSketch_11.2602.49.0_x64__8wekyb3d8bbwe."
"18-08-2026 18:18:57","201","Information","Microsoft-Windows-AppModel-Runtime","Created process 12924 for application Microsoft.ScreenSketch_8wekyb3d8bbwe!App in package Microsoft.ScreenSketch_11.2602.49.0_x64__8wekyb3d8bbwe. [LaunchProcess]"
"18-08-2026 18:18:57","211","Information","Microsoft-Windows-AppModel-Runtime","Added process 12924 to Desktop AppX container 49c960e6-9ae3-11f1-a290-54582d32ed0c for package Microsoft.ScreenSketch_11.2602.49.0_x64__8wekyb3d8bbwe."
"18-08-2026 18:18:57","210","Information","Microsoft-Windows-AppModel-Runtime","Created Desktop AppX container {49C960E6-9AE3-11F1-A290-54582D32ED0C} for package Microsoft.ScreenSketch_11.2602.49.0_x64__8wekyb3d8bbwe."
"18-08-2026 18:18:57","219","Information","Microsoft-Windows-AppModel-Runtime","PSMFlags for Desktop AppX process %1 with applicationID %2 is %3."
"18-08-2026 18:09:01","211","Information","Microsoft-Windows-AppModel-Runtime","Added process 11816 to Desktop AppX container 49c94a9f-9ae3-11f1-a290-54582d32ed0c for package MicrosoftWindows.Client.CBS_1000.26100.334.0_x64__cw5n1h2txyewy."
"18-08-2026 18:04:39","217","Information","Microsoft-Windows-AppModel-Runtime","Destroyed Desktop AppX container {49C95FFC-9AE3-11F1-A290-54582D32ED0C} for package Microsoft.ScreenSketch_11.2602.49.0_x64__8wekyb3d8bbwe."
"18-08-2026 18:04:36","201","Information","Microsoft-Windows-AppModel-Runtime","Created process 10236 for application Microsoft.ScreenSketch_8wekyb3d8bbwe!App in package Microsoft.ScreenSketch_11.2602.49.0_x64__8wekyb3d8bbwe. [LaunchProcess]"
"18-08-2026 18:04:36","211","Information","Microsoft-Windows-AppModel-Runtime","Added process 10236 to Desktop AppX container 49c95ffc-9ae3-11f1-a290-54582d32ed0c for package Microsoft.ScreenSketch_11.2602.49.0_x64__8wekyb3d8bbwe."
"18-08-2026 18:04:36","210","Information","Microsoft-Windows-AppModel-Runtime","Created Desktop AppX container {49C95FFC-9AE3-11F1-A290-54582D32ED0C} for package Microsoft.ScreenSketch_11.2602.49.0_x64__8wekyb3d8bbwe."
"18-08-2026 18:04:36","219","Information","Microsoft-Windows-AppModel-Runtime","PSMFlags for Desktop AppX process %1 with applicationID %2 is %3."
"18-08-2026 18:00:05","201","Information","Microsoft-Windows-AppModel-Runtime","Created process 28820 for application Microsoft.MicrosoftEdge.Stable_8wekyb3d8bbwe!App in package Microsoft.MicrosoftEdge.Stable_151.0.4129.86_neutral__8wekyb3d8bbwe. [FinishPackageActivation]"
"18-08-2026 18:00:05","219","Information","Microsoft-Windows-AppModel-Runtime","PSMFlags for Desktop AppX process %1 with applicationID %2 is %3."
"18-08-2026 17:59:50","201","Information","Microsoft-Windows-AppModel-Runtime","Created process 29004 for application MSTeams_8wekyb3d8bbwe!MSTeams in package MSTeams_26198.304.4946.9672_x64__8wekyb3d8bbwe. [LaunchProcess]"
"18-08-2026 17:59:50","211","Information","Microsoft-Windows-AppModel-Runtime","Added process 29004 to Desktop AppX container 49c94c82-9ae3-11f1-a290-54582d32ed0c for package MSTeams_26198.304.4946.9672_x64__8wekyb3d8bbwe."
"18-08-2026 17:59:50","219","Information","Microsoft-Windows-AppModel-Runtime","PSMFlags for Desktop AppX process %1 with applicationID %2 is %3."
"18-08-2026 17:57:34","201","Information","Microsoft-Windows-AppModel-Runtime","Created process 19492 for application Microsoft.WindowsNotepad_8wekyb3d8bbwe!App in package Microsoft.WindowsNotepad_11.2606.15.0_x64__8wekyb3d8bbwe. [LaunchProcess]"
"18-08-2026 17:57:34","211","Information","Microsoft-Windows-AppModel-Runtime","Added process 19492 to Desktop AppX container 49c950a2-9ae3-11f1-a290-54582d32ed0c for package Microsoft.WindowsNotepad_11.2606.15.0_x64__8wekyb3d8bbwe."
"18-08-2026 17:57:34","219","Information","Microsoft-Windows-AppModel-Runtime","PSMFlags for Desktop AppX process %1 with applicationID %2 is %3."
"18-08-2026 17:54:01","211","Information","Microsoft-Windows-AppModel-Runtime","Added process 2988 to Desktop AppX container 49c94a9f-9ae3-11f1-a290-54582d32ed0c for package MicrosoftWindows.Client.CBS_1000.26100.334.0_x64__cw5n1h2txyewy."
"18-08-2026 17:46:54","217","Information","Microsoft-Windows-AppModel-Runtime","Destroyed Desktop AppX container {49C95E90-9AE3-11F1-A290-54582D32ED0C} for package Microsoft.WindowsStore_22607.1401.3.0_x64__8wekyb3d8bbwe."
"18-08-2026 17:45:53","211","Information","Microsoft-Windows-AppModel-Runtime","Added process 8396 to Desktop AppX container 49c95e90-9ae3-11f1-a290-54582d32ed0c for package Microsoft.WindowsStore_22607.1401.3.0_x64__8wekyb3d8bbwe."
"18-08-2026 17:45:53","210","Information","Microsoft-Windows-AppModel-Runtime","Created Desktop AppX container {49C95E90-9AE3-11F1-A290-54582D32ED0C} for package Microsoft.WindowsStore_22607.1401.3.0_x64__8wekyb3d8bbwe."
"18-08-2026 17:43:07","211","Information","Microsoft-Windows-AppModel-Runtime","Added process 11432 to Desktop AppX container 49c94c82-9ae3-11f1-a290-54582d32ed0c for package MSTeams_26198.304.4946.9672_x64__8wekyb3d8bbwe."
"18-08-2026 17:39:01","211","Information","Microsoft-Windows-AppModel-Runtime","Added process 25328 to Desktop AppX container 49c94a9f-9ae3-11f1-a290-54582d32ed0c for package MicrosoftWindows.Client.CBS_1000.26100.334.0_x64__cw5n1h2txyewy."
"18-08-2026 17:32:57","39","Information","Microsoft-Windows-AppModel-Runtime","Successfully created AppContainer LpacSenseImdsCollector."
"18-08-2026 17:32:57","41","Information","Microsoft-Windows-AppModel-Runtime","Successfully deleted AppContainer LpacSenseImdsCollector."
"18-08-2026 17:24:01","211","Information","Microsoft-Windows-AppModel-Runtime","Added process 11732 to Desktop AppX container 49c94a9f-9ae3-11f1-a290-54582d32ed0c for package MicrosoftWindows.Client.CBS_1000.26100.334.0_x64__cw5n1h2txyewy."
"18-08-2026 17:09:01","211","Information","Microsoft-Windows-AppModel-Runtime","Added process 21324 to Desktop AppX container 49c94a9f-9ae3-11f1-a290-54582d32ed0c for package MicrosoftWindows.Client.CBS_1000.26100.334.0_x64__cw5n1h2txyewy."
"18-08-2026 16:54:01","211","Information","Microsoft-Windows-AppModel-Runtime","Added process 16936 to Desktop AppX container 49c94a9f-9ae3-11f1-a290-54582d32ed0c for package MicrosoftWindows.Client.CBS_1000.26100.334.0_x64__cw5n1h2txyewy."
"18-08-2026 16:53:27","217","Information","Microsoft-Windows-AppModel-Runtime","Destroyed Desktop AppX container {49C95A0B-9AE3-11F1-A290-54582D32ED0C} for package Microsoft.ScreenSketch_11.2602.49.0_x64__8wekyb3d8bbwe."
"18-08-2026 16:53:23","201","Information","Microsoft-Windows-AppModel-Runtime","Created process 5388 for application Microsoft.ScreenSketch_8wekyb3d8bbwe!App in package Microsoft.ScreenSketch_11.2602.49.0_x64__8wekyb3d8bbwe. [LaunchProcess]"
"18-08-2026 16:53:23","211","Information","Microsoft-Windows-AppModel-Runtime","Added process 5388 to Desktop AppX container 49c95a0b-9ae3-11f1-a290-54582d32ed0c for package Microsoft.ScreenSketch_11.2602.49.0_x64__8wekyb3d8bbwe."
"18-08-2026 16:53:23","210","Information","Microsoft-Windows-AppModel-Runtime","Created Desktop AppX container {49C95A0B-9AE3-11F1-A290-54582D32ED0C} for package Microsoft.ScreenSketch_11.2602.49.0_x64__8wekyb3d8bbwe."
"18-08-2026 16:53:23","219","Information","Microsoft-Windows-AppModel-Runtime","PSMFlags for Desktop AppX process %1 with applicationID %2 is %3."
"18-08-2026 16:52:25","217","Information","Microsoft-Windows-AppModel-Runtime","Destroyed Desktop AppX container {49C959EB-9AE3-11F1-A290-54582D32ED0C} for package Microsoft.ScreenSketch_11.2602.49.0_x64__8wekyb3d8bbwe."
"18-08-2026 16:52:18","201","Information","Microsoft-Windows-AppModel-Runtime","Created process 14284 for application Microsoft.ScreenSketch_8wekyb3d8bbwe!App in package Microsoft.ScreenSketch_11.2602.49.0_x64__8wekyb3d8bbwe. [LaunchProcess]"
"18-08-2026 16:52:18","211","Information","Microsoft-Windows-AppModel-Runtime","Added process 14284 to Desktop AppX container 49c959eb-9ae3-11f1-a290-54582d32ed0c for package Microsoft.ScreenSketch_11.2602.49.0_x64__8wekyb3d8bbwe."
"18-08-2026 16:52:18","210","Information","Microsoft-Windows-AppModel-Runtime","Created Desktop AppX container {49C959EB-9AE3-11F1-A290-54582D32ED0C} for package Microsoft.ScreenSketch_11.2602.49.0_x64__8wekyb3d8bbwe."
