"01-06-2026 09:16:41","15508","Information","Microsoft-Windows-Wired-AutoConfig","There has been an NDIS Port state change on this network adapter.

	Network Adapter: Check Point Virtual Network Adapter For Endpoint VPN Client
	Interface GUID: {26cb5c5d-910c-487e-bbee-b743191f35b5}
	NDIS Control State: UnControlled
	NDIS Auth State: UnAuthorized"
"01-06-2026 09:16:41","15502","Information","Microsoft-Windows-Wired-AutoConfig","The profile was applied on the network adapter.

	Network Adapter: Check Point Virtual Network Adapter For Endpoint VPN Client
	Interface GUID: {26cb5c5d-910c-487e-bbee-b743191f35b5}
	Profile Type: 2
	Profile Content: 
	AutoConfig Version: 1
	802.1x: Enabled
	802.1x: Not Enforced
	EAP type: Microsoft: Smart Card or other certificate (EAP-TLS)
	802.1X auth credential: Machine credential
	Cache user information: Yes"
"01-06-2026 09:16:41","15500","Information","Microsoft-Windows-Wired-AutoConfig","The network adapter has been unplugged.

	Network Adapter: Intel(R) Ethernet Connection (24) I219-LM
	Interface GUID: {6a4487bf-5a41-42e8-893a-9749e37014c0}"
"01-06-2026 06:19:36","15513","Information","Microsoft-Windows-Wired-AutoConfig","A network adapter was removed from the system.

	Network Adapter: Check Point Virtual Network Adapter For Endpoint VPN Client
	Interface GUID: "
"31-05-2026 11:12:10","15500","Information","Microsoft-Windows-Wired-AutoConfig","The network adapter has been unplugged.

	Network Adapter: Intel(R) Ethernet Connection (24) I219-LM
	Interface GUID: {6a4487bf-5a41-42e8-893a-9749e37014c0}"
"31-05-2026 11:12:10","15510","Information","Microsoft-Windows-Wired-AutoConfig","A network adapter was added to the system.

	Network Adapter: Check Point Virtual Network Adapter For Endpoint VPN Client
	Interface GUID: \DEVICE\{26CB5C5D-910C-487E-BBEE-B743191F35B5}"
"31-05-2026 11:12:10","15508","Information","Microsoft-Windows-Wired-AutoConfig","There has been an NDIS Port state change on this network adapter.

	Network Adapter: Check Point Virtual Network Adapter For Endpoint VPN Client
	Interface GUID: {26cb5c5d-910c-487e-bbee-b743191f35b5}
	NDIS Control State: UnControlled
	NDIS Auth State: UnAuthorized"
"31-05-2026 11:12:10","15502","Information","Microsoft-Windows-Wired-AutoConfig","The profile was applied on the network adapter.

	Network Adapter: Check Point Virtual Network Adapter For Endpoint VPN Client
	Interface GUID: {26cb5c5d-910c-487e-bbee-b743191f35b5}
	Profile Type: 2
	Profile Content: 
	AutoConfig Version: 1
	802.1x: Enabled
	802.1x: Not Enforced
	EAP type: Microsoft: Smart Card or other certificate (EAP-TLS)
	802.1X auth credential: Machine credential
	Cache user information: Yes"
"30-05-2026 05:19:01","15513","Information","Microsoft-Windows-Wired-AutoConfig","A network adapter was removed from the system.

	Network Adapter: Check Point Virtual Network Adapter For Endpoint VPN Client
	Interface GUID: "
"29-05-2026 19:04:19","15513","Information","Microsoft-Windows-Wired-AutoConfig","A network adapter was removed from the system.

	Network Adapter: Realtek USB GbE Family Controller #2
	Interface GUID: "
"29-05-2026 18:54:08","15513","Information","Microsoft-Windows-Wired-AutoConfig","A network adapter was removed from the system.

	Network Adapter: Realtek USB GbE Family Controller
	Interface GUID: "
"29-05-2026 18:17:50","15510","Information","Microsoft-Windows-Wired-AutoConfig","A network adapter was added to the system.

	Network Adapter: Realtek USB GbE Family Controller
	Interface GUID: \DEVICE\{9DD2647C-6C78-4A23-B861-C580FDEC2864}"
"29-05-2026 18:17:50","15508","Information","Microsoft-Windows-Wired-AutoConfig","There has been an NDIS Port state change on this network adapter.

	Network Adapter: Realtek USB GbE Family Controller
	Interface GUID: {9dd2647c-6c78-4a23-b861-c580fdec2864}
	NDIS Control State: UnControlled
	NDIS Auth State: UnAuthorized"
"29-05-2026 18:17:49","15502","Information","Microsoft-Windows-Wired-AutoConfig","The profile was applied on the network adapter.

	Network Adapter: Realtek USB GbE Family Controller
	Interface GUID: {9dd2647c-6c78-4a23-b861-c580fdec2864}
	Profile Type: 2
	Profile Content: 
	AutoConfig Version: 1
	802.1x: Enabled
	802.1x: Not Enforced
	EAP type: Microsoft: Smart Card or other certificate (EAP-TLS)
	802.1X auth credential: Machine credential
	Cache user information: Yes"
"29-05-2026 16:46:28","15513","Information","Microsoft-Windows-Wired-AutoConfig","A network adapter was removed from the system.

	Network Adapter: Realtek USB GbE Family Controller
	Interface GUID: "
"29-05-2026 16:33:00","15510","Information","Microsoft-Windows-Wired-AutoConfig","A network adapter was added to the system.

	Network Adapter: Realtek USB GbE Family Controller
	Interface GUID: \DEVICE\{9DD2647C-6C78-4A23-B861-C580FDEC2864}"
"29-05-2026 16:33:00","15508","Information","Microsoft-Windows-Wired-AutoConfig","There has been an NDIS Port state change on this network adapter.

	Network Adapter: Realtek USB GbE Family Controller
	Interface GUID: {9dd2647c-6c78-4a23-b861-c580fdec2864}
	NDIS Control State: UnControlled
	NDIS Auth State: UnAuthorized"
"29-05-2026 16:33:00","15502","Information","Microsoft-Windows-Wired-AutoConfig","The profile was applied on the network adapter.

	Network Adapter: Realtek USB GbE Family Controller
	Interface GUID: {9dd2647c-6c78-4a23-b861-c580fdec2864}
	Profile Type: 2
	Profile Content: 
	AutoConfig Version: 1
	802.1x: Enabled
	802.1x: Not Enforced
	EAP type: Microsoft: Smart Card or other certificate (EAP-TLS)
	802.1X auth credential: Machine credential
	Cache user information: Yes"
"29-05-2026 16:29:00","15513","Information","Microsoft-Windows-Wired-AutoConfig","A network adapter was removed from the system.

	Network Adapter: Realtek USB GbE Family Controller
	Interface GUID: "
"29-05-2026 15:05:02","15510","Information","Microsoft-Windows-Wired-AutoConfig","A network adapter was added to the system.

	Network Adapter: Realtek USB GbE Family Controller #2
	Interface GUID: \DEVICE\{F3EE0E1E-4745-4F87-AE39-B7B48921C065}"
"29-05-2026 15:05:02","15508","Information","Microsoft-Windows-Wired-AutoConfig","There has been an NDIS Port state change on this network adapter.

	Network Adapter: Realtek USB GbE Family Controller #2
	Interface GUID: {f3ee0e1e-4745-4f87-ae39-b7b48921c065}
	NDIS Control State: UnControlled
	NDIS Auth State: UnAuthorized"
"29-05-2026 15:05:02","15502","Information","Microsoft-Windows-Wired-AutoConfig","The profile was applied on the network adapter.

	Network Adapter: Realtek USB GbE Family Controller #2
	Interface GUID: {f3ee0e1e-4745-4f87-ae39-b7b48921c065}
	Profile Type: 2
	Profile Content: 
	AutoConfig Version: 1
	802.1x: Enabled
	802.1x: Not Enforced
	EAP type: Microsoft: Smart Card or other certificate (EAP-TLS)
	802.1X auth credential: Machine credential
	Cache user information: Yes"
"29-05-2026 10:53:23","15510","Information","Microsoft-Windows-Wired-AutoConfig","A network adapter was added to the system.

	Network Adapter: Realtek USB GbE Family Controller
	Interface GUID: \DEVICE\{9DD2647C-6C78-4A23-B861-C580FDEC2864}"
"29-05-2026 10:53:23","15508","Information","Microsoft-Windows-Wired-AutoConfig","There has been an NDIS Port state change on this network adapter.

	Network Adapter: Realtek USB GbE Family Controller
	Interface GUID: {9dd2647c-6c78-4a23-b861-c580fdec2864}
	NDIS Control State: UnControlled
	NDIS Auth State: UnAuthorized"
"29-05-2026 10:53:23","15502","Information","Microsoft-Windows-Wired-AutoConfig","The profile was applied on the network adapter.

	Network Adapter: Realtek USB GbE Family Controller
	Interface GUID: {9dd2647c-6c78-4a23-b861-c580fdec2864}
	Profile Type: 2
	Profile Content: 
	AutoConfig Version: 1
	802.1x: Enabled
	802.1x: Not Enforced
	EAP type: Microsoft: Smart Card or other certificate (EAP-TLS)
	802.1X auth credential: Machine credential
	Cache user information: Yes"
"29-05-2026 10:03:41","15510","Information","Microsoft-Windows-Wired-AutoConfig","A network adapter was added to the system.

	Network Adapter: Check Point Virtual Network Adapter For Endpoint VPN Client
	Interface GUID: \DEVICE\{26CB5C5D-910C-487E-BBEE-B743191F35B5}"
"29-05-2026 10:03:41","15508","Information","Microsoft-Windows-Wired-AutoConfig","There has been an NDIS Port state change on this network adapter.

	Network Adapter: Check Point Virtual Network Adapter For Endpoint VPN Client
	Interface GUID: {26cb5c5d-910c-487e-bbee-b743191f35b5}
	NDIS Control State: UnControlled
	NDIS Auth State: UnAuthorized"
"29-05-2026 10:03:41","15502","Information","Microsoft-Windows-Wired-AutoConfig","The profile was applied on the network adapter.

	Network Adapter: Check Point Virtual Network Adapter For Endpoint VPN Client
	Interface GUID: {26cb5c5d-910c-487e-bbee-b743191f35b5}
	Profile Type: 2
	Profile Content: 
	AutoConfig Version: 1
	802.1x: Enabled
	802.1x: Not Enforced
	EAP type: Microsoft: Smart Card or other certificate (EAP-TLS)
	802.1X auth credential: Machine credential
	Cache user information: Yes"
"29-05-2026 10:03:39","15500","Information","Microsoft-Windows-Wired-AutoConfig","The network adapter has been unplugged.

	Network Adapter: Intel(R) Ethernet Connection (24) I219-LM
	Interface GUID: {6a4487bf-5a41-42e8-893a-9749e37014c0}"
"29-05-2026 04:59:57","15513","Information","Microsoft-Windows-Wired-AutoConfig","A network adapter was removed from the system.

	Network Adapter: Check Point Virtual Network Adapter For Endpoint VPN Client
	Interface GUID: "
"28-05-2026 19:17:28","15513","Information","Microsoft-Windows-Wired-AutoConfig","A network adapter was removed from the system.

	Network Adapter: Realtek USB GbE Family Controller #2
	Interface GUID: "
"28-05-2026 18:58:36","15510","Information","Microsoft-Windows-Wired-AutoConfig","A network adapter was added to the system.

	Network Adapter: Realtek USB GbE Family Controller #2
	Interface GUID: \DEVICE\{F3EE0E1E-4745-4F87-AE39-B7B48921C065}"
"28-05-2026 18:58:36","15508","Information","Microsoft-Windows-Wired-AutoConfig","There has been an NDIS Port state change on this network adapter.

	Network Adapter: Realtek USB GbE Family Controller #2
	Interface GUID: {f3ee0e1e-4745-4f87-ae39-b7b48921c065}
	NDIS Control State: UnControlled
	NDIS Auth State: UnAuthorized"
"28-05-2026 18:58:36","15502","Information","Microsoft-Windows-Wired-AutoConfig","The profile was applied on the network adapter.

	Network Adapter: Realtek USB GbE Family Controller #2
	Interface GUID: {f3ee0e1e-4745-4f87-ae39-b7b48921c065}
	Profile Type: 2
	Profile Content: 
	AutoConfig Version: 1
	802.1x: Enabled
	802.1x: Not Enforced
	EAP type: Microsoft: Smart Card or other certificate (EAP-TLS)
	802.1X auth credential: Machine credential
	Cache user information: Yes"
"28-05-2026 18:55:36","15513","Information","Microsoft-Windows-Wired-AutoConfig","A network adapter was removed from the system.

	Network Adapter: Realtek USB GbE Family Controller
	Interface GUID: "
"28-05-2026 14:54:39","15510","Information","Microsoft-Windows-Wired-AutoConfig","A network adapter was added to the system.

	Network Adapter: Realtek USB GbE Family Controller
	Interface GUID: \DEVICE\{9DD2647C-6C78-4A23-B861-C580FDEC2864}"
"28-05-2026 14:54:39","15508","Information","Microsoft-Windows-Wired-AutoConfig","There has been an NDIS Port state change on this network adapter.

	Network Adapter: Realtek USB GbE Family Controller
	Interface GUID: {9dd2647c-6c78-4a23-b861-c580fdec2864}
	NDIS Control State: UnControlled
	NDIS Auth State: UnAuthorized"
"28-05-2026 14:54:38","15502","Information","Microsoft-Windows-Wired-AutoConfig","The profile was applied on the network adapter.

	Network Adapter: Realtek USB GbE Family Controller
	Interface GUID: {9dd2647c-6c78-4a23-b861-c580fdec2864}
	Profile Type: 2
	Profile Content: 
	AutoConfig Version: 1
	802.1x: Enabled
	802.1x: Not Enforced
	EAP type: Microsoft: Smart Card or other certificate (EAP-TLS)
	802.1X auth credential: Machine credential
	Cache user information: Yes"
"28-05-2026 14:54:18","15513","Information","Microsoft-Windows-Wired-AutoConfig","A network adapter was removed from the system.

	Network Adapter: Realtek USB GbE Family Controller #2
	Interface GUID: "
"28-05-2026 14:09:32","15510","Information","Microsoft-Windows-Wired-AutoConfig","A network adapter was added to the system.

	Network Adapter: Realtek USB GbE Family Controller #2
	Interface GUID: \DEVICE\{F3EE0E1E-4745-4F87-AE39-B7B48921C065}"
"28-05-2026 14:09:32","15508","Information","Microsoft-Windows-Wired-AutoConfig","There has been an NDIS Port state change on this network adapter.

	Network Adapter: Realtek USB GbE Family Controller #2
	Interface GUID: {f3ee0e1e-4745-4f87-ae39-b7b48921c065}
	NDIS Control State: UnControlled
	NDIS Auth State: UnAuthorized"
"28-05-2026 14:09:32","15502","Information","Microsoft-Windows-Wired-AutoConfig","The profile was applied on the network adapter.

	Network Adapter: Realtek USB GbE Family Controller #2
	Interface GUID: {f3ee0e1e-4745-4f87-ae39-b7b48921c065}
	Profile Type: 2
	Profile Content: 
	AutoConfig Version: 1
	802.1x: Enabled
	802.1x: Not Enforced
	EAP type: Microsoft: Smart Card or other certificate (EAP-TLS)
	802.1X auth credential: Machine credential
	Cache user information: Yes"
"28-05-2026 12:58:39","15513","Information","Microsoft-Windows-Wired-AutoConfig","A network adapter was removed from the system.

	Network Adapter: Realtek USB GbE Family Controller
	Interface GUID: "
"28-05-2026 10:19:37","15508","Information","Microsoft-Windows-Wired-AutoConfig","There has been an NDIS Port state change on this network adapter.

	Network Adapter: Check Point Virtual Network Adapter For Endpoint VPN Client
	Interface GUID: {26cb5c5d-910c-487e-bbee-b743191f35b5}
	NDIS Control State: UnControlled
	NDIS Auth State: UnAuthorized"
"28-05-2026 10:19:37","15502","Information","Microsoft-Windows-Wired-AutoConfig","The profile was applied on the network adapter.

	Network Adapter: Check Point Virtual Network Adapter For Endpoint VPN Client
	Interface GUID: {26cb5c5d-910c-487e-bbee-b743191f35b5}
	Profile Type: 2
	Profile Content: 
	AutoConfig Version: 1
	802.1x: Enabled
	802.1x: Not Enforced
	EAP type: Microsoft: Smart Card or other certificate (EAP-TLS)
	802.1X auth credential: Machine credential
	Cache user information: Yes"
"28-05-2026 10:19:37","15508","Information","Microsoft-Windows-Wired-AutoConfig","There has been an NDIS Port state change on this network adapter.

	Network Adapter: Intel(R) Ethernet Connection (24) I219-LM
	Interface GUID: {6a4487bf-5a41-42e8-893a-9749e37014c0}
	NDIS Control State: UnControlled
	NDIS Auth State: UnAuthorized"
"28-05-2026 10:19:37","15502","Information","Microsoft-Windows-Wired-AutoConfig","The profile was applied on the network adapter.

	Network Adapter: Intel(R) Ethernet Connection (24) I219-LM
	Interface GUID: {6a4487bf-5a41-42e8-893a-9749e37014c0}
	Profile Type: 2
	Profile Content: 
	AutoConfig Version: 1
	802.1x: Enabled
	802.1x: Not Enforced
	EAP type: Microsoft: Smart Card or other certificate (EAP-TLS)
	802.1X auth credential: Machine credential
	Cache user information: Yes"
"28-05-2026 10:19:37","15508","Information","Microsoft-Windows-Wired-AutoConfig","There has been an NDIS Port state change on this network adapter.

	Network Adapter: Realtek USB GbE Family Controller
	Interface GUID: {9dd2647c-6c78-4a23-b861-c580fdec2864}
	NDIS Control State: UnControlled
	NDIS Auth State: UnAuthorized"
"28-05-2026 10:19:37","15502","Information","Microsoft-Windows-Wired-AutoConfig","The profile was applied on the network adapter.

	Network Adapter: Realtek USB GbE Family Controller
	Interface GUID: {9dd2647c-6c78-4a23-b861-c580fdec2864}
	Profile Type: 2
	Profile Content: 
	AutoConfig Version: 1
	802.1x: Enabled
	802.1x: Not Enforced
	EAP type: Microsoft: Smart Card or other certificate (EAP-TLS)
	802.1X auth credential: Machine credential
	Cache user information: Yes"
"28-05-2026 10:19:37","15511","Information","Microsoft-Windows-Wired-AutoConfig","The Wired AutoConfig service entered the running state."
"28-05-2026 10:19:36","15515","Information","Microsoft-Windows-Wired-AutoConfig","The Wired AutoConfig service is starting."
"28-05-2026 10:18:59","15512","Information","Microsoft-Windows-Wired-AutoConfig","The Wired AutoConfig service entered the stopped state."
"28-05-2026 10:18:59","15516","Information","Microsoft-Windows-Wired-AutoConfig","The Wired AutoConfig service is stopping."
"28-05-2026 09:49:06","15510","Information","Microsoft-Windows-Wired-AutoConfig","A network adapter was added to the system.

	Network Adapter: Realtek USB GbE Family Controller
	Interface GUID: \DEVICE\{9DD2647C-6C78-4A23-B861-C580FDEC2864}"
"28-05-2026 09:49:05","15508","Information","Microsoft-Windows-Wired-AutoConfig","There has been an NDIS Port state change on this network adapter.

	Network Adapter: Realtek USB GbE Family Controller
	Interface GUID: {9dd2647c-6c78-4a23-b861-c580fdec2864}
	NDIS Control State: UnControlled
	NDIS Auth State: UnAuthorized"
"28-05-2026 09:49:04","15502","Information","Microsoft-Windows-Wired-AutoConfig","The profile was applied on the network adapter.

	Network Adapter: Realtek USB GbE Family Controller
	Interface GUID: {9dd2647c-6c78-4a23-b861-c580fdec2864}
	Profile Type: 2
	Profile Content: 
	AutoConfig Version: 1
	802.1x: Enabled
	802.1x: Not Enforced
	EAP type: Microsoft: Smart Card or other certificate (EAP-TLS)
	802.1X auth credential: Machine credential
	Cache user information: Yes"
"28-05-2026 09:48:35","15510","Information","Microsoft-Windows-Wired-AutoConfig","A network adapter was added to the system.

	Network Adapter: Check Point Virtual Network Adapter For Endpoint VPN Client
	Interface GUID: \DEVICE\{26CB5C5D-910C-487E-BBEE-B743191F35B5}"
"28-05-2026 09:48:35","15508","Information","Microsoft-Windows-Wired-AutoConfig","There has been an NDIS Port state change on this network adapter.

	Network Adapter: Check Point Virtual Network Adapter For Endpoint VPN Client
	Interface GUID: {26cb5c5d-910c-487e-bbee-b743191f35b5}
	NDIS Control State: UnControlled
	NDIS Auth State: UnAuthorized"
"28-05-2026 09:48:35","15502","Information","Microsoft-Windows-Wired-AutoConfig","The profile was applied on the network adapter.

	Network Adapter: Check Point Virtual Network Adapter For Endpoint VPN Client
	Interface GUID: {26cb5c5d-910c-487e-bbee-b743191f35b5}
	Profile Type: 2
	Profile Content: 
	AutoConfig Version: 1
	802.1x: Enabled
	802.1x: Not Enforced
	EAP type: Microsoft: Smart Card or other certificate (EAP-TLS)
	802.1X auth credential: Machine credential
	Cache user information: Yes"
"28-05-2026 09:48:33","15500","Information","Microsoft-Windows-Wired-AutoConfig","The network adapter has been unplugged.

	Network Adapter: Intel(R) Ethernet Connection (24) I219-LM
	Interface GUID: {6a4487bf-5a41-42e8-893a-9749e37014c0}"
"28-05-2026 05:36:05","15513","Information","Microsoft-Windows-Wired-AutoConfig","A network adapter was removed from the system.

	Network Adapter: Check Point Virtual Network Adapter For Endpoint VPN Client
	Interface GUID: "
"27-05-2026 19:13:34","15513","Information","Microsoft-Windows-Wired-AutoConfig","A network adapter was removed from the system.

	Network Adapter: Realtek USB GbE Family Controller
	Interface GUID: "
"27-05-2026 12:46:19","15510","Information","Microsoft-Windows-Wired-AutoConfig","A network adapter was added to the system.

	Network Adapter: Realtek USB GbE Family Controller
	Interface GUID: \DEVICE\{9DD2647C-6C78-4A23-B861-C580FDEC2864}"
"27-05-2026 12:46:19","15508","Information","Microsoft-Windows-Wired-AutoConfig","There has been an NDIS Port state change on this network adapter.

	Network Adapter: Realtek USB GbE Family Controller
	Interface GUID: {9dd2647c-6c78-4a23-b861-c580fdec2864}
	NDIS Control State: UnControlled
	NDIS Auth State: UnAuthorized"
"27-05-2026 12:46:19","15502","Information","Microsoft-Windows-Wired-AutoConfig","The profile was applied on the network adapter.

	Network Adapter: Realtek USB GbE Family Controller
	Interface GUID: {9dd2647c-6c78-4a23-b861-c580fdec2864}
	Profile Type: 2
	Profile Content: 
	AutoConfig Version: 1
	802.1x: Enabled
	802.1x: Not Enforced
	EAP type: Microsoft: Smart Card or other certificate (EAP-TLS)
	802.1X auth credential: Machine credential
	Cache user information: Yes"
"27-05-2026 12:43:44","15513","Information","Microsoft-Windows-Wired-AutoConfig","A network adapter was removed from the system.

	Network Adapter: Realtek USB GbE Family Controller
	Interface GUID: "
"27-05-2026 12:41:15","15510","Information","Microsoft-Windows-Wired-AutoConfig","A network adapter was added to the system.

	Network Adapter: Realtek USB GbE Family Controller
	Interface GUID: \DEVICE\{9DD2647C-6C78-4A23-B861-C580FDEC2864}"
"27-05-2026 12:41:15","15508","Information","Microsoft-Windows-Wired-AutoConfig","There has been an NDIS Port state change on this network adapter.

	Network Adapter: Realtek USB GbE Family Controller
	Interface GUID: {9dd2647c-6c78-4a23-b861-c580fdec2864}
	NDIS Control State: UnControlled
	NDIS Auth State: UnAuthorized"
"27-05-2026 12:41:15","15502","Information","Microsoft-Windows-Wired-AutoConfig","The profile was applied on the network adapter.

	Network Adapter: Realtek USB GbE Family Controller
	Interface GUID: {9dd2647c-6c78-4a23-b861-c580fdec2864}
	Profile Type: 2
	Profile Content: 
	AutoConfig Version: 1
	802.1x: Enabled
	802.1x: Not Enforced
	EAP type: Microsoft: Smart Card or other certificate (EAP-TLS)
	802.1X auth credential: Machine credential
	Cache user information: Yes"
"27-05-2026 12:30:27","15513","Information","Microsoft-Windows-Wired-AutoConfig","A network adapter was removed from the system.

	Network Adapter: Realtek USB GbE Family Controller
	Interface GUID: "
"27-05-2026 09:32:28","15510","Information","Microsoft-Windows-Wired-AutoConfig","A network adapter was added to the system.

	Network Adapter: Realtek USB GbE Family Controller
	Interface GUID: \DEVICE\{9DD2647C-6C78-4A23-B861-C580FDEC2864}"
"27-05-2026 09:32:28","15508","Information","Microsoft-Windows-Wired-AutoConfig","There has been an NDIS Port state change on this network adapter.

	Network Adapter: Realtek USB GbE Family Controller
	Interface GUID: {9dd2647c-6c78-4a23-b861-c580fdec2864}
	NDIS Control State: UnControlled
	NDIS Auth State: UnAuthorized"
"27-05-2026 09:32:28","15502","Information","Microsoft-Windows-Wired-AutoConfig","The profile was applied on the network adapter.

	Network Adapter: Realtek USB GbE Family Controller
	Interface GUID: {9dd2647c-6c78-4a23-b861-c580fdec2864}
	Profile Type: 2
	Profile Content: 
	AutoConfig Version: 1
	802.1x: Enabled
	802.1x: Not Enforced
	EAP type: Microsoft: Smart Card or other certificate (EAP-TLS)
	802.1X auth credential: Machine credential
	Cache user information: Yes"
"27-05-2026 09:27:00","15510","Information","Microsoft-Windows-Wired-AutoConfig","A network adapter was added to the system.

	Network Adapter: Check Point Virtual Network Adapter For Endpoint VPN Client
	Interface GUID: \DEVICE\{26CB5C5D-910C-487E-BBEE-B743191F35B5}"
"27-05-2026 09:27:00","15508","Information","Microsoft-Windows-Wired-AutoConfig","There has been an NDIS Port state change on this network adapter.

	Network Adapter: Check Point Virtual Network Adapter For Endpoint VPN Client
	Interface GUID: {26cb5c5d-910c-487e-bbee-b743191f35b5}
	NDIS Control State: UnControlled
	NDIS Auth State: UnAuthorized"
"27-05-2026 09:26:59","15502","Information","Microsoft-Windows-Wired-AutoConfig","The profile was applied on the network adapter.

	Network Adapter: Check Point Virtual Network Adapter For Endpoint VPN Client
	Interface GUID: {26cb5c5d-910c-487e-bbee-b743191f35b5}
	Profile Type: 2
	Profile Content: 
	AutoConfig Version: 1
	802.1x: Enabled
	802.1x: Not Enforced
	EAP type: Microsoft: Smart Card or other certificate (EAP-TLS)
	802.1X auth credential: Machine credential
	Cache user information: Yes"
"27-05-2026 09:26:57","15500","Information","Microsoft-Windows-Wired-AutoConfig","The network adapter has been unplugged.

	Network Adapter: Intel(R) Ethernet Connection (24) I219-LM
	Interface GUID: {6a4487bf-5a41-42e8-893a-9749e37014c0}"
"27-05-2026 05:33:49","15513","Information","Microsoft-Windows-Wired-AutoConfig","A network adapter was removed from the system.

	Network Adapter: Check Point Virtual Network Adapter For Endpoint VPN Client
	Interface GUID: "
"26-05-2026 20:09:03","15513","Information","Microsoft-Windows-Wired-AutoConfig","A network adapter was removed from the system.

	Network Adapter: Realtek USB GbE Family Controller
	Interface GUID: "
"26-05-2026 09:39:34","15510","Information","Microsoft-Windows-Wired-AutoConfig","A network adapter was added to the system.

	Network Adapter: Realtek USB GbE Family Controller
	Interface GUID: \DEVICE\{9DD2647C-6C78-4A23-B861-C580FDEC2864}"
"26-05-2026 09:39:34","15508","Information","Microsoft-Windows-Wired-AutoConfig","There has been an NDIS Port state change on this network adapter.

	Network Adapter: Realtek USB GbE Family Controller
	Interface GUID: {9dd2647c-6c78-4a23-b861-c580fdec2864}
	NDIS Control State: UnControlled
	NDIS Auth State: UnAuthorized"
"26-05-2026 09:39:34","15502","Information","Microsoft-Windows-Wired-AutoConfig","The profile was applied on the network adapter.

	Network Adapter: Realtek USB GbE Family Controller
	Interface GUID: {9dd2647c-6c78-4a23-b861-c580fdec2864}
	Profile Type: 2
	Profile Content: 
	AutoConfig Version: 1
	802.1x: Enabled
	802.1x: Not Enforced
	EAP type: Microsoft: Smart Card or other certificate (EAP-TLS)
	802.1X auth credential: Machine credential
	Cache user information: Yes"
"26-05-2026 09:39:23","15510","Information","Microsoft-Windows-Wired-AutoConfig","A network adapter was added to the system.

	Network Adapter: Check Point Virtual Network Adapter For Endpoint VPN Client
	Interface GUID: \DEVICE\{26CB5C5D-910C-487E-BBEE-B743191F35B5}"
"26-05-2026 09:39:23","15508","Information","Microsoft-Windows-Wired-AutoConfig","There has been an NDIS Port state change on this network adapter.

	Network Adapter: Check Point Virtual Network Adapter For Endpoint VPN Client
	Interface GUID: {26cb5c5d-910c-487e-bbee-b743191f35b5}
	NDIS Control State: UnControlled
	NDIS Auth State: UnAuthorized"
"26-05-2026 09:39:23","15502","Information","Microsoft-Windows-Wired-AutoConfig","The profile was applied on the network adapter.

	Network Adapter: Check Point Virtual Network Adapter For Endpoint VPN Client
	Interface GUID: {26cb5c5d-910c-487e-bbee-b743191f35b5}
	Profile Type: 2
	Profile Content: 
	AutoConfig Version: 1
	802.1x: Enabled
	802.1x: Not Enforced
	EAP type: Microsoft: Smart Card or other certificate (EAP-TLS)
	802.1X auth credential: Machine credential
	Cache user information: Yes"
"26-05-2026 09:39:21","15500","Information","Microsoft-Windows-Wired-AutoConfig","The network adapter has been unplugged.

	Network Adapter: Intel(R) Ethernet Connection (24) I219-LM
	Interface GUID: {6a4487bf-5a41-42e8-893a-9749e37014c0}"
"26-05-2026 04:57:50","15513","Information","Microsoft-Windows-Wired-AutoConfig","A network adapter was removed from the system.

	Network Adapter: Check Point Virtual Network Adapter For Endpoint VPN Client
	Interface GUID: "
"25-05-2026 18:36:54","15513","Information","Microsoft-Windows-Wired-AutoConfig","A network adapter was removed from the system.

	Network Adapter: Realtek USB GbE Family Controller
	Interface GUID: "
"25-05-2026 18:31:32","15510","Information","Microsoft-Windows-Wired-AutoConfig","A network adapter was added to the system.

	Network Adapter: Realtek USB GbE Family Controller
	Interface GUID: \DEVICE\{9DD2647C-6C78-4A23-B861-C580FDEC2864}"
"25-05-2026 18:31:32","15508","Information","Microsoft-Windows-Wired-AutoConfig","There has been an NDIS Port state change on this network adapter.

	Network Adapter: Realtek USB GbE Family Controller
	Interface GUID: {9dd2647c-6c78-4a23-b861-c580fdec2864}
	NDIS Control State: UnControlled
	NDIS Auth State: UnAuthorized"
"25-05-2026 18:31:32","15502","Information","Microsoft-Windows-Wired-AutoConfig","The profile was applied on the network adapter.

	Network Adapter: Realtek USB GbE Family Controller
	Interface GUID: {9dd2647c-6c78-4a23-b861-c580fdec2864}
	Profile Type: 2
	Profile Content: 
	AutoConfig Version: 1
	802.1x: Enabled
	802.1x: Not Enforced
	EAP type: Microsoft: Smart Card or other certificate (EAP-TLS)
	802.1X auth credential: Machine credential
	Cache user information: Yes"
"25-05-2026 16:59:52","15500","Information","Microsoft-Windows-Wired-AutoConfig","The network adapter has been unplugged.

	Network Adapter: Check Point Virtual Network Adapter For Endpoint VPN Client
	Interface GUID: {26cb5c5d-910c-487e-bbee-b743191f35b5}"
"25-05-2026 16:59:07","15513","Information","Microsoft-Windows-Wired-AutoConfig","A network adapter was removed from the system.

	Network Adapter: Realtek USB GbE Family Controller
	Interface GUID: "
"25-05-2026 14:18:44","15505","Information","Microsoft-Windows-Wired-AutoConfig","Wired 802.1X Authentication succeeded.

	Network Adapter: Check Point Virtual Network Adapter For Endpoint VPN Client
	Interface GUID: {26cb5c5d-910c-487e-bbee-b743191f35b5}
	Peer Address: 000000000000
	Local Address: 54582D32ED0C
	Connection ID: 0x1
	Identity: -
	User: -
	Domain: -
	Reason: 0x70003
	Reason Text: The network does not support authentication
	Error Code: 0x0"
"25-05-2026 14:18:29","15503","Information","Microsoft-Windows-Wired-AutoConfig","Wired 802.1X Authentication was started.

	Network Adapter: Check Point Virtual Network Adapter For Endpoint VPN Client
	Interface GUID: {26cb5c5d-910c-487e-bbee-b743191f35b5}
	Connection ID: 0x1"
"25-05-2026 14:18:29","15501","Information","Microsoft-Windows-Wired-AutoConfig","The network adapter has been connected.

	Network Adapter: Check Point Virtual Network Adapter For Endpoint VPN Client
	Interface GUID: {26cb5c5d-910c-487e-bbee-b743191f35b5}"
"25-05-2026 09:00:01","15508","Information","Microsoft-Windows-Wired-AutoConfig","There has been an NDIS Port state change on this network adapter.

	Network Adapter: Check Point Virtual Network Adapter For Endpoint VPN Client
	Interface GUID: {26cb5c5d-910c-487e-bbee-b743191f35b5}
	NDIS Control State: UnControlled
	NDIS Auth State: UnAuthorized"
"25-05-2026 09:00:01","15502","Information","Microsoft-Windows-Wired-AutoConfig","The profile was applied on the network adapter.

	Network Adapter: Check Point Virtual Network Adapter For Endpoint VPN Client
	Interface GUID: {26cb5c5d-910c-487e-bbee-b743191f35b5}
	Profile Type: 2
	Profile Content: 
	AutoConfig Version: 1
	802.1x: Enabled
	802.1x: Not Enforced
	EAP type: Microsoft: Smart Card or other certificate (EAP-TLS)
	802.1X auth credential: Machine credential
	Cache user information: Yes"
"25-05-2026 09:00:01","15508","Information","Microsoft-Windows-Wired-AutoConfig","There has been an NDIS Port state change on this network adapter.

	Network Adapter: Intel(R) Ethernet Connection (24) I219-LM
	Interface GUID: {6a4487bf-5a41-42e8-893a-9749e37014c0}
	NDIS Control State: UnControlled
	NDIS Auth State: UnAuthorized"
"25-05-2026 09:00:01","15502","Information","Microsoft-Windows-Wired-AutoConfig","The profile was applied on the network adapter.

	Network Adapter: Intel(R) Ethernet Connection (24) I219-LM
	Interface GUID: {6a4487bf-5a41-42e8-893a-9749e37014c0}
	Profile Type: 2
	Profile Content: 
	AutoConfig Version: 1
	802.1x: Enabled
	802.1x: Not Enforced
	EAP type: Microsoft: Smart Card or other certificate (EAP-TLS)
	802.1X auth credential: Machine credential
	Cache user information: Yes"
"25-05-2026 09:00:01","15508","Information","Microsoft-Windows-Wired-AutoConfig","There has been an NDIS Port state change on this network adapter.

	Network Adapter: Realtek USB GbE Family Controller
	Interface GUID: {9dd2647c-6c78-4a23-b861-c580fdec2864}
	NDIS Control State: UnControlled
	NDIS Auth State: UnAuthorized"
"25-05-2026 09:00:01","15502","Information","Microsoft-Windows-Wired-AutoConfig","The profile was applied on the network adapter.

	Network Adapter: Realtek USB GbE Family Controller
	Interface GUID: {9dd2647c-6c78-4a23-b861-c580fdec2864}
	Profile Type: 2
	Profile Content: 
	AutoConfig Version: 1
	802.1x: Enabled
	802.1x: Not Enforced
	EAP type: Microsoft: Smart Card or other certificate (EAP-TLS)
	802.1X auth credential: Machine credential
	Cache user information: Yes"
"25-05-2026 09:00:01","15511","Information","Microsoft-Windows-Wired-AutoConfig","The Wired AutoConfig service entered the running state."
"25-05-2026 09:00:01","15515","Information","Microsoft-Windows-Wired-AutoConfig","The Wired AutoConfig service is starting."
"23-05-2026 22:59:24","15512","Information","Microsoft-Windows-Wired-AutoConfig","The Wired AutoConfig service entered the stopped state."
"23-05-2026 22:59:24","15516","Information","Microsoft-Windows-Wired-AutoConfig","The Wired AutoConfig service is stopping."
"23-05-2026 21:48:32","15508","Information","Microsoft-Windows-Wired-AutoConfig","There has been an NDIS Port state change on this network adapter.

	Network Adapter: Intel(R) Ethernet Connection (24) I219-LM
	Interface GUID: {6a4487bf-5a41-42e8-893a-9749e37014c0}
	NDIS Control State: UnControlled
	NDIS Auth State: UnAuthorized"
"23-05-2026 21:48:32","15502","Information","Microsoft-Windows-Wired-AutoConfig","The profile was applied on the network adapter.

	Network Adapter: Intel(R) Ethernet Connection (24) I219-LM
	Interface GUID: {6a4487bf-5a41-42e8-893a-9749e37014c0}
	Profile Type: 2
	Profile Content: 
	AutoConfig Version: 1
	802.1x: Enabled
	802.1x: Not Enforced
	EAP type: Microsoft: Smart Card or other certificate (EAP-TLS)
	802.1X auth credential: Machine credential
	Cache user information: Yes"
"23-05-2026 21:48:32","15508","Information","Microsoft-Windows-Wired-AutoConfig","There has been an NDIS Port state change on this network adapter.

	Network Adapter: Check Point Virtual Network Adapter For Endpoint VPN Client
	Interface GUID: {26cb5c5d-910c-487e-bbee-b743191f35b5}
	NDIS Control State: UnControlled
	NDIS Auth State: UnAuthorized"
"23-05-2026 21:48:32","15502","Information","Microsoft-Windows-Wired-AutoConfig","The profile was applied on the network adapter.

	Network Adapter: Check Point Virtual Network Adapter For Endpoint VPN Client
	Interface GUID: {26cb5c5d-910c-487e-bbee-b743191f35b5}
	Profile Type: 2
	Profile Content: 
	AutoConfig Version: 1
	802.1x: Enabled
	802.1x: Not Enforced
	EAP type: Microsoft: Smart Card or other certificate (EAP-TLS)
	802.1X auth credential: Machine credential
	Cache user information: Yes"
"23-05-2026 21:48:32","15511","Information","Microsoft-Windows-Wired-AutoConfig","The Wired AutoConfig service entered the running state."
"23-05-2026 21:48:32","15515","Information","Microsoft-Windows-Wired-AutoConfig","The Wired AutoConfig service is starting."
"23-05-2026 14:32:02","15512","Information","Microsoft-Windows-Wired-AutoConfig","The Wired AutoConfig service entered the stopped state."
"23-05-2026 14:32:02","15516","Information","Microsoft-Windows-Wired-AutoConfig","The Wired AutoConfig service is stopping."
"23-05-2026 14:31:44","15500","Information","Microsoft-Windows-Wired-AutoConfig","The network adapter has been unplugged.

	Network Adapter: Check Point Virtual Network Adapter For Endpoint VPN Client
	Interface GUID: {26cb5c5d-910c-487e-bbee-b743191f35b5}"
"23-05-2026 13:10:26","15505","Information","Microsoft-Windows-Wired-AutoConfig","Wired 802.1X Authentication succeeded.

	Network Adapter: Check Point Virtual Network Adapter For Endpoint VPN Client
	Interface GUID: {26cb5c5d-910c-487e-bbee-b743191f35b5}
	Peer Address: 000000000000
	Local Address: 54582D32ED0C
	Connection ID: 0x2
	Identity: -
	User: -
	Domain: -
	Reason: 0x70003
	Reason Text: The network does not support authentication
	Error Code: 0x0"
"23-05-2026 13:10:11","15503","Information","Microsoft-Windows-Wired-AutoConfig","Wired 802.1X Authentication was started.

	Network Adapter: Check Point Virtual Network Adapter For Endpoint VPN Client
	Interface GUID: {26cb5c5d-910c-487e-bbee-b743191f35b5}
	Connection ID: 0x2"
"23-05-2026 13:10:10","15501","Information","Microsoft-Windows-Wired-AutoConfig","The network adapter has been connected.

	Network Adapter: Check Point Virtual Network Adapter For Endpoint VPN Client
	Interface GUID: {26cb5c5d-910c-487e-bbee-b743191f35b5}"
"23-05-2026 13:08:10","15500","Information","Microsoft-Windows-Wired-AutoConfig","The network adapter has been unplugged.

	Network Adapter: Check Point Virtual Network Adapter For Endpoint VPN Client
	Interface GUID: {26cb5c5d-910c-487e-bbee-b743191f35b5}"
"23-05-2026 13:08:01","15505","Information","Microsoft-Windows-Wired-AutoConfig","Wired 802.1X Authentication succeeded.

	Network Adapter: Check Point Virtual Network Adapter For Endpoint VPN Client
	Interface GUID: {26cb5c5d-910c-487e-bbee-b743191f35b5}
	Peer Address: 000000000000
	Local Address: 54582D32ED0C
	Connection ID: 0x1
	Identity: -
	User: -
	Domain: -
	Reason: 0x70003
	Reason Text: The network does not support authentication
	Error Code: 0x0"
"23-05-2026 13:07:45","15503","Information","Microsoft-Windows-Wired-AutoConfig","Wired 802.1X Authentication was started.

	Network Adapter: Check Point Virtual Network Adapter For Endpoint VPN Client
	Interface GUID: {26cb5c5d-910c-487e-bbee-b743191f35b5}
	Connection ID: 0x1"
"23-05-2026 13:07:45","15501","Information","Microsoft-Windows-Wired-AutoConfig","The network adapter has been connected.

	Network Adapter: Check Point Virtual Network Adapter For Endpoint VPN Client
	Interface GUID: {26cb5c5d-910c-487e-bbee-b743191f35b5}"
"23-05-2026 11:27:28","15510","Information","Microsoft-Windows-Wired-AutoConfig","A network adapter was added to the system.

	Network Adapter: Check Point Virtual Network Adapter For Endpoint VPN Client
	Interface GUID: \DEVICE\{26CB5C5D-910C-487E-BBEE-B743191F35B5}"
"23-05-2026 11:27:28","15508","Information","Microsoft-Windows-Wired-AutoConfig","There has been an NDIS Port state change on this network adapter.

	Network Adapter: Check Point Virtual Network Adapter For Endpoint VPN Client
	Interface GUID: {26cb5c5d-910c-487e-bbee-b743191f35b5}
	NDIS Control State: UnControlled
	NDIS Auth State: UnAuthorized"
"23-05-2026 11:27:28","15502","Information","Microsoft-Windows-Wired-AutoConfig","The profile was applied on the network adapter.

	Network Adapter: Check Point Virtual Network Adapter For Endpoint VPN Client
	Interface GUID: {26cb5c5d-910c-487e-bbee-b743191f35b5}
	Profile Type: 2
	Profile Content: 
	AutoConfig Version: 1
	802.1x: Enabled
	802.1x: Not Enforced
	EAP type: Microsoft: Smart Card or other certificate (EAP-TLS)
	802.1X auth credential: Machine credential
	Cache user information: Yes"
"23-05-2026 11:08:26","15510","Information","Microsoft-Windows-Wired-AutoConfig","A network adapter was added to the system.

	Network Adapter: Intel(R) Ethernet Connection (24) I219-LM
	Interface GUID: \DEVICE\{6A4487BF-5A41-42E8-893A-9749E37014C0}"
"23-05-2026 11:08:26","15508","Information","Microsoft-Windows-Wired-AutoConfig","There has been an NDIS Port state change on this network adapter.

	Network Adapter: Intel(R) Ethernet Connection (24) I219-LM
	Interface GUID: {6a4487bf-5a41-42e8-893a-9749e37014c0}
	NDIS Control State: UnControlled
	NDIS Auth State: UnAuthorized"
"23-05-2026 11:08:26","15502","Information","Microsoft-Windows-Wired-AutoConfig","The profile was applied on the network adapter.

	Network Adapter: Intel(R) Ethernet Connection (24) I219-LM
	Interface GUID: {6a4487bf-5a41-42e8-893a-9749e37014c0}
	Profile Type: 2
	Profile Content: 
	AutoConfig Version: 1
	802.1x: Enabled
	802.1x: Not Enforced
	EAP type: Microsoft: Smart Card or other certificate (EAP-TLS)
	802.1X auth credential: Machine credential
	Cache user information: Yes"
"23-05-2026 11:08:26","15513","Information","Microsoft-Windows-Wired-AutoConfig","A network adapter was removed from the system.

	Network Adapter: Intel(R) Ethernet Connection (24) I219-LM
	Interface GUID: "
"23-05-2026 11:01:36","15508","Information","Microsoft-Windows-Wired-AutoConfig","There has been an NDIS Port state change on this network adapter.

	Network Adapter: Intel(R) Ethernet Connection (24) I219-LM
	Interface GUID: {6a4487bf-5a41-42e8-893a-9749e37014c0}
	NDIS Control State: UnControlled
	NDIS Auth State: UnAuthorized"
"23-05-2026 11:01:36","15502","Information","Microsoft-Windows-Wired-AutoConfig","The profile was applied on the network adapter.

	Network Adapter: Intel(R) Ethernet Connection (24) I219-LM
	Interface GUID: {6a4487bf-5a41-42e8-893a-9749e37014c0}
	Profile Type: 2
	Profile Content: 
	AutoConfig Version: 1
	802.1x: Enabled
	802.1x: Not Enforced
	EAP type: Microsoft: Smart Card or other certificate (EAP-TLS)
	802.1X auth credential: Machine credential
	Cache user information: Yes"
"23-05-2026 11:01:36","15511","Information","Microsoft-Windows-Wired-AutoConfig","The Wired AutoConfig service entered the running state."
"23-05-2026 11:01:36","15515","Information","Microsoft-Windows-Wired-AutoConfig","The Wired AutoConfig service is starting."
"23-05-2026 11:01:06","15512","Information","Microsoft-Windows-Wired-AutoConfig","The Wired AutoConfig service entered the stopped state."
"23-05-2026 11:01:06","15516","Information","Microsoft-Windows-Wired-AutoConfig","The Wired AutoConfig service is stopping."
"23-05-2026 10:56:02","15508","Information","Microsoft-Windows-Wired-AutoConfig","There has been an NDIS Port state change on this network adapter.

	Network Adapter: Intel(R) Ethernet Connection (24) I219-LM
	Interface GUID: {6a4487bf-5a41-42e8-893a-9749e37014c0}
	NDIS Control State: UnControlled
	NDIS Auth State: UnAuthorized"
"23-05-2026 10:56:02","15502","Information","Microsoft-Windows-Wired-AutoConfig","The profile was applied on the network adapter.

	Network Adapter: Intel(R) Ethernet Connection (24) I219-LM
	Interface GUID: {6a4487bf-5a41-42e8-893a-9749e37014c0}
	Profile Type: 2
	Profile Content: 
	AutoConfig Version: 1
	802.1x: Enabled
	802.1x: Not Enforced
	EAP type: Microsoft: Smart Card or other certificate (EAP-TLS)
	802.1X auth credential: Machine credential
	Cache user information: Yes"
"23-05-2026 10:53:52","15511","Information","Microsoft-Windows-Wired-AutoConfig","The Wired AutoConfig service entered the running state."
"23-05-2026 10:53:52","15515","Information","Microsoft-Windows-Wired-AutoConfig","The Wired AutoConfig service is starting."
