"13-08-2026 13:17:31","2097","Information","Microsoft-Windows-Windows Firewall With Advanced Security","A rule has been added to the Windows Defender Firewall exception list.

Added Rule:
	Rule ID:	lpacsenseimdscollectorS-1-5-18-Out-Block
	Rule Name:	LpacSenseImdsCollector
	Origin:	Local
	Active:	Yes
	Direction:	Outbound
	Profiles:	Private,Domain, Public
	Action:	Block
	Application Path:	
	Service Name:	
	Protocol:	Any
	Security Options:	None
	Edge Traversal:	None
	Modifying User:	S-1-5-80-3088073201-1464728630-1879813800-1107566885-823218052
	Modifying Application:	C:\Windows\System32\svchost.exe
	PolicyAppId:	
	Error Code:	0"
"13-08-2026 13:17:31","2097","Information","Microsoft-Windows-Windows Firewall With Advanced Security","A rule has been added to the Windows Defender Firewall exception list.

Added Rule:
	Rule ID:	lpacsenseimdscollectorS-1-5-18-In-Block
	Rule Name:	LpacSenseImdsCollector
	Origin:	Local
	Active:	Yes
	Direction:	Inbound
	Profiles:	Private,Domain, Public
	Action:	Block
	Application Path:	
	Service Name:	
	Protocol:	Any
	Security Options:	None
	Edge Traversal:	None
	Modifying User:	S-1-5-80-3088073201-1464728630-1879813800-1107566885-823218052
	Modifying Application:	C:\Windows\System32\svchost.exe
	PolicyAppId:	
	Error Code:	0"
"13-08-2026 13:17:31","2052","Information","Microsoft-Windows-Windows Firewall With Advanced Security","A rule has been deleted in the Windows Defender Firewall exception list.

Deleted Rule:
	Rule ID:	lpacsenseimdscollectorS-1-5-18-In-Block
	Rule Name:	LpacSenseImdsCollector
	Modifying User:	S-1-5-80-3088073201-1464728630-1879813800-1107566885-823218052
	Modifying Application:	C:\Windows\System32\svchost.exe
	Error Code:	0"
"13-08-2026 13:17:31","2052","Information","Microsoft-Windows-Windows Firewall With Advanced Security","A rule has been deleted in the Windows Defender Firewall exception list.

Deleted Rule:
	Rule ID:	lpacsenseimdscollectorS-1-5-18-Out-Block
	Rule Name:	LpacSenseImdsCollector
	Modifying User:	S-1-5-80-3088073201-1464728630-1879813800-1107566885-823218052
	Modifying Application:	C:\Windows\System32\svchost.exe
	Error Code:	0"
"13-08-2026 12:29:01","2097","Information","Microsoft-Windows-Windows Firewall With Advanced Security","A rule has been added to the Windows Defender Firewall exception list.

Added Rule:
	Rule ID:	lpacsensendrS-1-5-18-Out-Block
	Rule Name:	LpacSenseNdr
	Origin:	Local
	Active:	Yes
	Direction:	Outbound
	Profiles:	Private,Domain, Public
	Action:	Block
	Application Path:	
	Service Name:	
	Protocol:	Any
	Security Options:	None
	Edge Traversal:	None
	Modifying User:	S-1-5-80-3088073201-1464728630-1879813800-1107566885-823218052
	Modifying Application:	C:\Windows\System32\svchost.exe
	PolicyAppId:	
	Error Code:	0"
"13-08-2026 12:29:01","2097","Information","Microsoft-Windows-Windows Firewall With Advanced Security","A rule has been added to the Windows Defender Firewall exception list.

Added Rule:
	Rule ID:	lpacsensendrS-1-5-18-In-Block
	Rule Name:	LpacSenseNdr
	Origin:	Local
	Active:	Yes
	Direction:	Inbound
	Profiles:	Private,Domain, Public
	Action:	Block
	Application Path:	
	Service Name:	
	Protocol:	Any
	Security Options:	None
	Edge Traversal:	None
	Modifying User:	S-1-5-80-3088073201-1464728630-1879813800-1107566885-823218052
	Modifying Application:	C:\Windows\System32\svchost.exe
	PolicyAppId:	
	Error Code:	0"
"13-08-2026 12:29:01","2052","Information","Microsoft-Windows-Windows Firewall With Advanced Security","A rule has been deleted in the Windows Defender Firewall exception list.

Deleted Rule:
	Rule ID:	lpacsensendrS-1-5-18-In-Block
	Rule Name:	LpacSenseNdr
	Modifying User:	S-1-5-80-3088073201-1464728630-1879813800-1107566885-823218052
	Modifying Application:	C:\Windows\System32\svchost.exe
	Error Code:	0"
"13-08-2026 12:29:01","2052","Information","Microsoft-Windows-Windows Firewall With Advanced Security","A rule has been deleted in the Windows Defender Firewall exception list.

Deleted Rule:
	Rule ID:	lpacsensendrS-1-5-18-Out-Block
	Rule Name:	LpacSenseNdr
	Modifying User:	S-1-5-80-3088073201-1464728630-1879813800-1107566885-823218052
	Modifying Application:	C:\Windows\System32\svchost.exe
	Error Code:	0"
"13-08-2026 12:28:58","2097","Information","Microsoft-Windows-Windows Firewall With Advanced Security","A rule has been added to the Windows Defender Firewall exception list.

Added Rule:
	Rule ID:	lpacsensendrS-1-5-18-Out-Block
	Rule Name:	LpacSenseNdr
	Origin:	Local
	Active:	Yes
	Direction:	Outbound
	Profiles:	Private,Domain, Public
	Action:	Block
	Application Path:	
	Service Name:	
	Protocol:	Any
	Security Options:	None
	Edge Traversal:	None
	Modifying User:	S-1-5-80-3088073201-1464728630-1879813800-1107566885-823218052
	Modifying Application:	C:\Windows\System32\svchost.exe
	PolicyAppId:	
	Error Code:	0"
"13-08-2026 12:28:58","2097","Information","Microsoft-Windows-Windows Firewall With Advanced Security","A rule has been added to the Windows Defender Firewall exception list.

Added Rule:
	Rule ID:	lpacsensendrS-1-5-18-In-Block
	Rule Name:	LpacSenseNdr
	Origin:	Local
	Active:	Yes
	Direction:	Inbound
	Profiles:	Private,Domain, Public
	Action:	Block
	Application Path:	
	Service Name:	
	Protocol:	Any
	Security Options:	None
	Edge Traversal:	None
	Modifying User:	S-1-5-80-3088073201-1464728630-1879813800-1107566885-823218052
	Modifying Application:	C:\Windows\System32\svchost.exe
	PolicyAppId:	
	Error Code:	0"
"13-08-2026 12:28:58","2052","Information","Microsoft-Windows-Windows Firewall With Advanced Security","A rule has been deleted in the Windows Defender Firewall exception list.

Deleted Rule:
	Rule ID:	lpacsensendrS-1-5-18-In-Block
	Rule Name:	LpacSenseNdr
	Modifying User:	S-1-5-80-3088073201-1464728630-1879813800-1107566885-823218052
	Modifying Application:	C:\Windows\System32\svchost.exe
	Error Code:	0"
"13-08-2026 12:28:58","2052","Information","Microsoft-Windows-Windows Firewall With Advanced Security","A rule has been deleted in the Windows Defender Firewall exception list.

Deleted Rule:
	Rule ID:	lpacsensendrS-1-5-18-Out-Block
	Rule Name:	LpacSenseNdr
	Modifying User:	S-1-5-80-3088073201-1464728630-1879813800-1107566885-823218052
	Modifying Application:	C:\Windows\System32\svchost.exe
	Error Code:	0"
"13-08-2026 12:28:57","2010","Information","Microsoft-Windows-Windows Firewall With Advanced Security","Network profile changed on an interface.

Adapter GUID:	{556d9bdf-d387-4ab9-be4c-a7e220faf218}
Adapter Name:	wireless_32768
Old Profile:	None
New Profile:	Public"
"13-08-2026 12:28:41","2097","Information","Microsoft-Windows-Windows Firewall With Advanced Security","A rule has been added to the Windows Defender Firewall exception list.

Added Rule:
	Rule ID:	lpacsensendrS-1-5-18-Out-Block
	Rule Name:	LpacSenseNdr
	Origin:	Local
	Active:	Yes
	Direction:	Outbound
	Profiles:	Private,Domain, Public
	Action:	Block
	Application Path:	
	Service Name:	
	Protocol:	Any
	Security Options:	None
	Edge Traversal:	None
	Modifying User:	S-1-5-80-3088073201-1464728630-1879813800-1107566885-823218052
	Modifying Application:	C:\Windows\System32\svchost.exe
	PolicyAppId:	
	Error Code:	0"
"13-08-2026 12:28:41","2097","Information","Microsoft-Windows-Windows Firewall With Advanced Security","A rule has been added to the Windows Defender Firewall exception list.

Added Rule:
	Rule ID:	lpacsensendrS-1-5-18-In-Block
	Rule Name:	LpacSenseNdr
	Origin:	Local
	Active:	Yes
	Direction:	Inbound
	Profiles:	Private,Domain, Public
	Action:	Block
	Application Path:	
	Service Name:	
	Protocol:	Any
	Security Options:	None
	Edge Traversal:	None
	Modifying User:	S-1-5-80-3088073201-1464728630-1879813800-1107566885-823218052
	Modifying Application:	C:\Windows\System32\svchost.exe
	PolicyAppId:	
	Error Code:	0"
"13-08-2026 12:28:41","2052","Information","Microsoft-Windows-Windows Firewall With Advanced Security","A rule has been deleted in the Windows Defender Firewall exception list.

Deleted Rule:
	Rule ID:	lpacsensendrS-1-5-18-In-Block
	Rule Name:	LpacSenseNdr
	Modifying User:	S-1-5-80-3088073201-1464728630-1879813800-1107566885-823218052
	Modifying Application:	C:\Windows\System32\svchost.exe
	Error Code:	0"
"13-08-2026 12:28:41","2052","Information","Microsoft-Windows-Windows Firewall With Advanced Security","A rule has been deleted in the Windows Defender Firewall exception list.

Deleted Rule:
	Rule ID:	lpacsensendrS-1-5-18-Out-Block
	Rule Name:	LpacSenseNdr
	Modifying User:	S-1-5-80-3088073201-1464728630-1879813800-1107566885-823218052
	Modifying Application:	C:\Windows\System32\svchost.exe
	Error Code:	0"
"13-08-2026 12:28:40","2010","Information","Microsoft-Windows-Windows Firewall With Advanced Security","Network profile changed on an interface.

Adapter GUID:	{556d9bdf-d387-4ab9-be4c-a7e220faf218}
Adapter Name:	wireless_32768
Old Profile:	Public
New Profile:	None"
"13-08-2026 12:17:05","2097","Information","Microsoft-Windows-Windows Firewall With Advanced Security","A rule has been added to the Windows Defender Firewall exception list.

Added Rule:
	Rule ID:	lpacsenseimdscollectorS-1-5-18-Out-Block
	Rule Name:	LpacSenseImdsCollector
	Origin:	Local
	Active:	Yes
	Direction:	Outbound
	Profiles:	Private,Domain, Public
	Action:	Block
	Application Path:	
	Service Name:	
	Protocol:	Any
	Security Options:	None
	Edge Traversal:	None
	Modifying User:	S-1-5-80-3088073201-1464728630-1879813800-1107566885-823218052
	Modifying Application:	C:\Windows\System32\svchost.exe
	PolicyAppId:	
	Error Code:	0"
"13-08-2026 12:17:05","2097","Information","Microsoft-Windows-Windows Firewall With Advanced Security","A rule has been added to the Windows Defender Firewall exception list.

Added Rule:
	Rule ID:	lpacsenseimdscollectorS-1-5-18-In-Block
	Rule Name:	LpacSenseImdsCollector
	Origin:	Local
	Active:	Yes
	Direction:	Inbound
	Profiles:	Private,Domain, Public
	Action:	Block
	Application Path:	
	Service Name:	
	Protocol:	Any
	Security Options:	None
	Edge Traversal:	None
	Modifying User:	S-1-5-80-3088073201-1464728630-1879813800-1107566885-823218052
	Modifying Application:	C:\Windows\System32\svchost.exe
	PolicyAppId:	
	Error Code:	0"
"13-08-2026 12:17:05","2052","Information","Microsoft-Windows-Windows Firewall With Advanced Security","A rule has been deleted in the Windows Defender Firewall exception list.

Deleted Rule:
	Rule ID:	lpacsenseimdscollectorS-1-5-18-In-Block
	Rule Name:	LpacSenseImdsCollector
	Modifying User:	S-1-5-80-3088073201-1464728630-1879813800-1107566885-823218052
	Modifying Application:	C:\Windows\System32\svchost.exe
	Error Code:	0"
"13-08-2026 12:17:05","2052","Information","Microsoft-Windows-Windows Firewall With Advanced Security","A rule has been deleted in the Windows Defender Firewall exception list.

Deleted Rule:
	Rule ID:	lpacsenseimdscollectorS-1-5-18-Out-Block
	Rule Name:	LpacSenseImdsCollector
	Modifying User:	S-1-5-80-3088073201-1464728630-1879813800-1107566885-823218052
	Modifying Application:	C:\Windows\System32\svchost.exe
	Error Code:	0"
"13-08-2026 12:03:28","2097","Information","Microsoft-Windows-Windows Firewall With Advanced Security","A rule has been added to the Windows Defender Firewall exception list.

Added Rule:
	Rule ID:	{0F607A72-B121-4396-85D4-E31E86A6C5D0}
	Rule Name:	Microsoft 365 Copilot
	Origin:	Local
	Active:	Yes
	Direction:	Outbound
	Profiles:	Private,Domain, Public
	Action:	Allow
	Application Path:	C:\Program Files\WindowsApps\Microsoft.MicrosoftOfficeHub_19.2608.39011.0_x64__8wekyb3d8bbwe\M365Copilot.exe
	Service Name:	
	Protocol:	UDP
	Security Options:	None
	Edge Traversal:	None
	Modifying User:	S-1-5-18
	Modifying Application:	C:\Windows\System32\svchost.exe
	PolicyAppId:	
	Error Code:	0"
"13-08-2026 12:03:28","2097","Information","Microsoft-Windows-Windows Firewall With Advanced Security","A rule has been added to the Windows Defender Firewall exception list.

Added Rule:
	Rule ID:	{E3459376-1674-49EB-9769-DADC532E2D0C}
	Rule Name:	Microsoft 365 Copilot
	Origin:	Local
	Active:	Yes
	Direction:	Outbound
	Profiles:	Private,Domain, Public
	Action:	Allow
	Application Path:	C:\Program Files\WindowsApps\Microsoft.MicrosoftOfficeHub_19.2608.39011.0_x64__8wekyb3d8bbwe\M365Copilot.exe
	Service Name:	
	Protocol:	TCP
	Security Options:	None
	Edge Traversal:	None
	Modifying User:	S-1-5-18
	Modifying Application:	C:\Windows\System32\svchost.exe
	PolicyAppId:	
	Error Code:	0"
"13-08-2026 12:03:28","2097","Information","Microsoft-Windows-Windows Firewall With Advanced Security","A rule has been added to the Windows Defender Firewall exception list.

Added Rule:
	Rule ID:	{B1870A4A-775E-48DC-BCFC-E79509B69DE6}
	Rule Name:	Microsoft 365 Copilot
	Origin:	Local
	Active:	Yes
	Direction:	Inbound
	Profiles:	Private,Domain, Public
	Action:	Allow
	Application Path:	C:\Program Files\WindowsApps\Microsoft.MicrosoftOfficeHub_19.2608.39011.0_x64__8wekyb3d8bbwe\M365Copilot.exe
	Service Name:	
	Protocol:	UDP
	Security Options:	None
	Edge Traversal:	None
	Modifying User:	S-1-5-18
	Modifying Application:	C:\Windows\System32\svchost.exe
	PolicyAppId:	
	Error Code:	0"
"13-08-2026 12:03:28","2097","Information","Microsoft-Windows-Windows Firewall With Advanced Security","A rule has been added to the Windows Defender Firewall exception list.

Added Rule:
	Rule ID:	{108876DA-63D4-4FE7-A95D-3CFA07EF64D4}
	Rule Name:	Microsoft 365 Copilot
	Origin:	Local
	Active:	Yes
	Direction:	Inbound
	Profiles:	Private,Domain, Public
	Action:	Allow
	Application Path:	C:\Program Files\WindowsApps\Microsoft.MicrosoftOfficeHub_19.2608.39011.0_x64__8wekyb3d8bbwe\M365Copilot.exe
	Service Name:	
	Protocol:	TCP
	Security Options:	None
	Edge Traversal:	None
	Modifying User:	S-1-5-18
	Modifying Application:	C:\Windows\System32\svchost.exe
	PolicyAppId:	
	Error Code:	0"
"13-08-2026 11:58:13","2097","Information","Microsoft-Windows-Windows Firewall With Advanced Security","A rule has been added to the Windows Defender Firewall exception list.

Added Rule:
	Rule ID:	lpacsensendrS-1-5-18-Out-Block
	Rule Name:	LpacSenseNdr
	Origin:	Local
	Active:	Yes
	Direction:	Outbound
	Profiles:	Private,Domain, Public
	Action:	Block
	Application Path:	
	Service Name:	
	Protocol:	Any
	Security Options:	None
	Edge Traversal:	None
	Modifying User:	S-1-5-80-3088073201-1464728630-1879813800-1107566885-823218052
	Modifying Application:	C:\Windows\System32\svchost.exe
	PolicyAppId:	
	Error Code:	0"
"13-08-2026 11:58:13","2097","Information","Microsoft-Windows-Windows Firewall With Advanced Security","A rule has been added to the Windows Defender Firewall exception list.

Added Rule:
	Rule ID:	lpacsensendrS-1-5-18-In-Block
	Rule Name:	LpacSenseNdr
	Origin:	Local
	Active:	Yes
	Direction:	Inbound
	Profiles:	Private,Domain, Public
	Action:	Block
	Application Path:	
	Service Name:	
	Protocol:	Any
	Security Options:	None
	Edge Traversal:	None
	Modifying User:	S-1-5-80-3088073201-1464728630-1879813800-1107566885-823218052
	Modifying Application:	C:\Windows\System32\svchost.exe
	PolicyAppId:	
	Error Code:	0"
"13-08-2026 11:58:13","2052","Information","Microsoft-Windows-Windows Firewall With Advanced Security","A rule has been deleted in the Windows Defender Firewall exception list.

Deleted Rule:
	Rule ID:	lpacsensendrS-1-5-18-In-Block
	Rule Name:	LpacSenseNdr
	Modifying User:	S-1-5-80-3088073201-1464728630-1879813800-1107566885-823218052
	Modifying Application:	C:\Windows\System32\svchost.exe
	Error Code:	0"
"13-08-2026 11:58:13","2052","Information","Microsoft-Windows-Windows Firewall With Advanced Security","A rule has been deleted in the Windows Defender Firewall exception list.

Deleted Rule:
	Rule ID:	lpacsensendrS-1-5-18-Out-Block
	Rule Name:	LpacSenseNdr
	Modifying User:	S-1-5-80-3088073201-1464728630-1879813800-1107566885-823218052
	Modifying Application:	C:\Windows\System32\svchost.exe
	Error Code:	0"
"13-08-2026 11:58:10","2097","Information","Microsoft-Windows-Windows Firewall With Advanced Security","A rule has been added to the Windows Defender Firewall exception list.

Added Rule:
	Rule ID:	lpacsensendrS-1-5-18-Out-Block
	Rule Name:	LpacSenseNdr
	Origin:	Local
	Active:	Yes
	Direction:	Outbound
	Profiles:	Private,Domain, Public
	Action:	Block
	Application Path:	
	Service Name:	
	Protocol:	Any
	Security Options:	None
	Edge Traversal:	None
	Modifying User:	S-1-5-80-3088073201-1464728630-1879813800-1107566885-823218052
	Modifying Application:	C:\Windows\System32\svchost.exe
	PolicyAppId:	
	Error Code:	0"
"13-08-2026 11:58:10","2097","Information","Microsoft-Windows-Windows Firewall With Advanced Security","A rule has been added to the Windows Defender Firewall exception list.

Added Rule:
	Rule ID:	lpacsensendrS-1-5-18-In-Block
	Rule Name:	LpacSenseNdr
	Origin:	Local
	Active:	Yes
	Direction:	Inbound
	Profiles:	Private,Domain, Public
	Action:	Block
	Application Path:	
	Service Name:	
	Protocol:	Any
	Security Options:	None
	Edge Traversal:	None
	Modifying User:	S-1-5-80-3088073201-1464728630-1879813800-1107566885-823218052
	Modifying Application:	C:\Windows\System32\svchost.exe
	PolicyAppId:	
	Error Code:	0"
"13-08-2026 11:58:10","2052","Information","Microsoft-Windows-Windows Firewall With Advanced Security","A rule has been deleted in the Windows Defender Firewall exception list.

Deleted Rule:
	Rule ID:	lpacsensendrS-1-5-18-In-Block
	Rule Name:	LpacSenseNdr
	Modifying User:	S-1-5-80-3088073201-1464728630-1879813800-1107566885-823218052
	Modifying Application:	C:\Windows\System32\svchost.exe
	Error Code:	0"
"13-08-2026 11:58:10","2052","Information","Microsoft-Windows-Windows Firewall With Advanced Security","A rule has been deleted in the Windows Defender Firewall exception list.

Deleted Rule:
	Rule ID:	lpacsensendrS-1-5-18-Out-Block
	Rule Name:	LpacSenseNdr
	Modifying User:	S-1-5-80-3088073201-1464728630-1879813800-1107566885-823218052
	Modifying Application:	C:\Windows\System32\svchost.exe
	Error Code:	0"
"13-08-2026 11:58:10","2010","Information","Microsoft-Windows-Windows Firewall With Advanced Security","Network profile changed on an interface.

Adapter GUID:	{556d9bdf-d387-4ab9-be4c-a7e220faf218}
Adapter Name:	wireless_32768
Old Profile:	None
New Profile:	Public"
"13-08-2026 11:57:52","2097","Information","Microsoft-Windows-Windows Firewall With Advanced Security","A rule has been added to the Windows Defender Firewall exception list.

Added Rule:
	Rule ID:	lpacsensendrS-1-5-18-Out-Block
	Rule Name:	LpacSenseNdr
	Origin:	Local
	Active:	Yes
	Direction:	Outbound
	Profiles:	Private,Domain, Public
	Action:	Block
	Application Path:	
	Service Name:	
	Protocol:	Any
	Security Options:	None
	Edge Traversal:	None
	Modifying User:	S-1-5-80-3088073201-1464728630-1879813800-1107566885-823218052
	Modifying Application:	C:\Windows\System32\svchost.exe
	PolicyAppId:	
	Error Code:	0"
"13-08-2026 11:57:52","2097","Information","Microsoft-Windows-Windows Firewall With Advanced Security","A rule has been added to the Windows Defender Firewall exception list.

Added Rule:
	Rule ID:	lpacsensendrS-1-5-18-In-Block
	Rule Name:	LpacSenseNdr
	Origin:	Local
	Active:	Yes
	Direction:	Inbound
	Profiles:	Private,Domain, Public
	Action:	Block
	Application Path:	
	Service Name:	
	Protocol:	Any
	Security Options:	None
	Edge Traversal:	None
	Modifying User:	S-1-5-80-3088073201-1464728630-1879813800-1107566885-823218052
	Modifying Application:	C:\Windows\System32\svchost.exe
	PolicyAppId:	
	Error Code:	0"
"13-08-2026 11:57:52","2052","Information","Microsoft-Windows-Windows Firewall With Advanced Security","A rule has been deleted in the Windows Defender Firewall exception list.

Deleted Rule:
	Rule ID:	lpacsensendrS-1-5-18-In-Block
	Rule Name:	LpacSenseNdr
	Modifying User:	S-1-5-80-3088073201-1464728630-1879813800-1107566885-823218052
	Modifying Application:	C:\Windows\System32\svchost.exe
	Error Code:	0"
"13-08-2026 11:57:52","2052","Information","Microsoft-Windows-Windows Firewall With Advanced Security","A rule has been deleted in the Windows Defender Firewall exception list.

Deleted Rule:
	Rule ID:	lpacsensendrS-1-5-18-Out-Block
	Rule Name:	LpacSenseNdr
	Modifying User:	S-1-5-80-3088073201-1464728630-1879813800-1107566885-823218052
	Modifying Application:	C:\Windows\System32\svchost.exe
	Error Code:	0"
"13-08-2026 11:57:51","2010","Information","Microsoft-Windows-Windows Firewall With Advanced Security","Network profile changed on an interface.

Adapter GUID:	{556d9bdf-d387-4ab9-be4c-a7e220faf218}
Adapter Name:	wireless_32768
Old Profile:	Public
New Profile:	None"
"13-08-2026 11:56:16","2097","Information","Microsoft-Windows-Windows Firewall With Advanced Security","A rule has been added to the Windows Defender Firewall exception list.

Added Rule:
	Rule ID:	lpacsensendrS-1-5-18-Out-Block
	Rule Name:	LpacSenseNdr
	Origin:	Local
	Active:	Yes
	Direction:	Outbound
	Profiles:	Private,Domain, Public
	Action:	Block
	Application Path:	
	Service Name:	
	Protocol:	Any
	Security Options:	None
	Edge Traversal:	None
	Modifying User:	S-1-5-80-3088073201-1464728630-1879813800-1107566885-823218052
	Modifying Application:	C:\Windows\System32\svchost.exe
	PolicyAppId:	
	Error Code:	0"
"13-08-2026 11:56:16","2097","Information","Microsoft-Windows-Windows Firewall With Advanced Security","A rule has been added to the Windows Defender Firewall exception list.

Added Rule:
	Rule ID:	lpacsensendrS-1-5-18-In-Block
	Rule Name:	LpacSenseNdr
	Origin:	Local
	Active:	Yes
	Direction:	Inbound
	Profiles:	Private,Domain, Public
	Action:	Block
	Application Path:	
	Service Name:	
	Protocol:	Any
	Security Options:	None
	Edge Traversal:	None
	Modifying User:	S-1-5-80-3088073201-1464728630-1879813800-1107566885-823218052
	Modifying Application:	C:\Windows\System32\svchost.exe
	PolicyAppId:	
	Error Code:	0"
"13-08-2026 11:56:16","2052","Information","Microsoft-Windows-Windows Firewall With Advanced Security","A rule has been deleted in the Windows Defender Firewall exception list.

Deleted Rule:
	Rule ID:	lpacsensendrS-1-5-18-In-Block
	Rule Name:	LpacSenseNdr
	Modifying User:	S-1-5-80-3088073201-1464728630-1879813800-1107566885-823218052
	Modifying Application:	C:\Windows\System32\svchost.exe
	Error Code:	0"
"13-08-2026 11:56:16","2052","Information","Microsoft-Windows-Windows Firewall With Advanced Security","A rule has been deleted in the Windows Defender Firewall exception list.

Deleted Rule:
	Rule ID:	lpacsensendrS-1-5-18-Out-Block
	Rule Name:	LpacSenseNdr
	Modifying User:	S-1-5-80-3088073201-1464728630-1879813800-1107566885-823218052
	Modifying Application:	C:\Windows\System32\svchost.exe
	Error Code:	0"
"13-08-2026 11:40:18","2097","Information","Microsoft-Windows-Windows Firewall With Advanced Security","A rule has been added to the Windows Defender Firewall exception list.

Added Rule:
	Rule ID:	1_https___agave.myanalytics.cdn.office.net04aca5ecS-1-12-1-2357405129-1281513531-255772574-1816207334-Out-Allow-InternetClient
	Rule Name:	1_https___agave.myanalytics.cdn.office.net
	Origin:	Local
	Active:	Yes
	Direction:	Outbound
	Profiles:	Private,Domain, Public
	Action:	Allow
	Application Path:	
	Service Name:	
	Protocol:	Any
	Security Options:	None
	Edge Traversal:	None
	Modifying User:	S-1-5-80-3088073201-1464728630-1879813800-1107566885-823218052
	Modifying Application:	C:\Windows\System32\svchost.exe
	PolicyAppId:	
	Error Code:	0"
"13-08-2026 11:40:18","2097","Information","Microsoft-Windows-Windows Firewall With Advanced Security","A rule has been added to the Windows Defender Firewall exception list.

Added Rule:
	Rule ID:	1_https___agave.myanalytics.cdn.office.net04aca5ecS-1-12-1-2357405129-1281513531-255772574-1816207334-Out-Allow-Intranet-Authenticate
	Rule Name:	1_https___agave.myanalytics.cdn.office.net
	Origin:	Local
	Active:	Yes
	Direction:	Outbound
	Profiles:	Public, Private
	Action:	Allow
	Application Path:	
	Service Name:	
	Protocol:	Any
	Security Options:	Require Authentication
	Edge Traversal:	None
	Modifying User:	S-1-5-80-3088073201-1464728630-1879813800-1107566885-823218052
	Modifying Application:	C:\Windows\System32\svchost.exe
	PolicyAppId:	
	Error Code:	0"
"13-08-2026 11:40:18","2097","Information","Microsoft-Windows-Windows Firewall With Advanced Security","A rule has been added to the Windows Defender Firewall exception list.

Added Rule:
	Rule ID:	1_https___agave.myanalytics.cdn.office.net04aca5ecS-1-12-1-2357405129-1281513531-255772574-1816207334-In-Allow-Intranet-Authenticate
	Rule Name:	1_https___agave.myanalytics.cdn.office.net
	Origin:	Local
	Active:	Yes
	Direction:	Inbound
	Profiles:	Public, Private
	Action:	Allow
	Application Path:	
	Service Name:	
	Protocol:	Any
	Security Options:	Require Authentication
	Edge Traversal:	None
	Modifying User:	S-1-5-80-3088073201-1464728630-1879813800-1107566885-823218052
	Modifying Application:	C:\Windows\System32\svchost.exe
	PolicyAppId:	
	Error Code:	0"
"13-08-2026 11:40:18","2097","Information","Microsoft-Windows-Windows Firewall With Advanced Security","A rule has been added to the Windows Defender Firewall exception list.

Added Rule:
	Rule ID:	1_https___agave.myanalytics.cdn.office.net04aca5ecS-1-12-1-2357405129-1281513531-255772574-1816207334-Out-Allow-Intranet
	Rule Name:	1_https___agave.myanalytics.cdn.office.net
	Origin:	Local
	Active:	Yes
	Direction:	Outbound
	Profiles:	Private,Domain, Public
	Action:	Allow
	Application Path:	
	Service Name:	
	Protocol:	Any
	Security Options:	None
	Edge Traversal:	None
	Modifying User:	S-1-5-80-3088073201-1464728630-1879813800-1107566885-823218052
	Modifying Application:	C:\Windows\System32\svchost.exe
	PolicyAppId:	
	Error Code:	0"
"13-08-2026 11:40:18","2097","Information","Microsoft-Windows-Windows Firewall With Advanced Security","A rule has been added to the Windows Defender Firewall exception list.

Added Rule:
	Rule ID:	1_https___agave.myanalytics.cdn.office.net04aca5ecS-1-12-1-2357405129-1281513531-255772574-1816207334-In-Allow-Intranet
	Rule Name:	1_https___agave.myanalytics.cdn.office.net
	Origin:	Local
	Active:	Yes
	Direction:	Inbound
	Profiles:	Private,Domain, Public
	Action:	Allow
	Application Path:	
	Service Name:	
	Protocol:	Any
	Security Options:	None
	Edge Traversal:	None
	Modifying User:	S-1-5-80-3088073201-1464728630-1879813800-1107566885-823218052
	Modifying Application:	C:\Windows\System32\svchost.exe
	PolicyAppId:	
	Error Code:	0"
"13-08-2026 11:40:18","2097","Information","Microsoft-Windows-Windows Firewall With Advanced Security","A rule has been added to the Windows Defender Firewall exception list.

Added Rule:
	Rule ID:	1_https___agave.myanalytics.cdn.office.net04aca5ecS-1-12-1-2357405129-1281513531-255772574-1816207334-Out-Block
	Rule Name:	1_https___agave.myanalytics.cdn.office.net
	Origin:	Local
	Active:	Yes
	Direction:	Outbound
	Profiles:	Private,Domain, Public
	Action:	Block
	Application Path:	
	Service Name:	
	Protocol:	Any
	Security Options:	None
	Edge Traversal:	None
	Modifying User:	S-1-5-80-3088073201-1464728630-1879813800-1107566885-823218052
	Modifying Application:	C:\Windows\System32\svchost.exe
	PolicyAppId:	
	Error Code:	0"
"13-08-2026 11:40:18","2097","Information","Microsoft-Windows-Windows Firewall With Advanced Security","A rule has been added to the Windows Defender Firewall exception list.

Added Rule:
	Rule ID:	1_https___agave.myanalytics.cdn.office.net04aca5ecS-1-12-1-2357405129-1281513531-255772574-1816207334-In-Block
	Rule Name:	1_https___agave.myanalytics.cdn.office.net
	Origin:	Local
	Active:	Yes
	Direction:	Inbound
	Profiles:	Private,Domain, Public
	Action:	Block
	Application Path:	
	Service Name:	
	Protocol:	Any
	Security Options:	None
	Edge Traversal:	None
	Modifying User:	S-1-5-80-3088073201-1464728630-1879813800-1107566885-823218052
	Modifying Application:	C:\Windows\System32\svchost.exe
	PolicyAppId:	
	Error Code:	0"
"13-08-2026 11:40:18","2052","Information","Microsoft-Windows-Windows Firewall With Advanced Security","A rule has been deleted in the Windows Defender Firewall exception list.

Deleted Rule:
	Rule ID:	1_https___agave.myanalytics.cdn.office.net04aca5ecS-1-12-1-2357405129-1281513531-255772574-1816207334-In-Block
	Rule Name:	1_https___agave.myanalytics.cdn.office.net
	Modifying User:	S-1-5-80-3088073201-1464728630-1879813800-1107566885-823218052
	Modifying Application:	C:\Windows\System32\svchost.exe
	Error Code:	0"
"13-08-2026 11:40:18","2052","Information","Microsoft-Windows-Windows Firewall With Advanced Security","A rule has been deleted in the Windows Defender Firewall exception list.

Deleted Rule:
	Rule ID:	1_https___agave.myanalytics.cdn.office.net04aca5ecS-1-12-1-2357405129-1281513531-255772574-1816207334-Out-Block
	Rule Name:	1_https___agave.myanalytics.cdn.office.net
	Modifying User:	S-1-5-80-3088073201-1464728630-1879813800-1107566885-823218052
	Modifying Application:	C:\Windows\System32\svchost.exe
	Error Code:	0"
"13-08-2026 11:40:18","2052","Information","Microsoft-Windows-Windows Firewall With Advanced Security","A rule has been deleted in the Windows Defender Firewall exception list.

Deleted Rule:
	Rule ID:	1_https___agave.myanalytics.cdn.office.net04aca5ecS-1-12-1-2357405129-1281513531-255772574-1816207334-In-Allow-Intranet
	Rule Name:	1_https___agave.myanalytics.cdn.office.net
	Modifying User:	S-1-5-80-3088073201-1464728630-1879813800-1107566885-823218052
	Modifying Application:	C:\Windows\System32\svchost.exe
	Error Code:	0"
"13-08-2026 11:40:18","2052","Information","Microsoft-Windows-Windows Firewall With Advanced Security","A rule has been deleted in the Windows Defender Firewall exception list.

Deleted Rule:
	Rule ID:	1_https___agave.myanalytics.cdn.office.net04aca5ecS-1-12-1-2357405129-1281513531-255772574-1816207334-Out-Allow-Intranet
	Rule Name:	1_https___agave.myanalytics.cdn.office.net
	Modifying User:	S-1-5-80-3088073201-1464728630-1879813800-1107566885-823218052
	Modifying Application:	C:\Windows\System32\svchost.exe
	Error Code:	0"
"13-08-2026 11:40:18","2052","Information","Microsoft-Windows-Windows Firewall With Advanced Security","A rule has been deleted in the Windows Defender Firewall exception list.

Deleted Rule:
	Rule ID:	1_https___agave.myanalytics.cdn.office.net04aca5ecS-1-12-1-2357405129-1281513531-255772574-1816207334-In-Allow-Intranet-Authenticate
	Rule Name:	1_https___agave.myanalytics.cdn.office.net
	Modifying User:	S-1-5-80-3088073201-1464728630-1879813800-1107566885-823218052
	Modifying Application:	C:\Windows\System32\svchost.exe
	Error Code:	0"
"13-08-2026 11:40:18","2052","Information","Microsoft-Windows-Windows Firewall With Advanced Security","A rule has been deleted in the Windows Defender Firewall exception list.

Deleted Rule:
	Rule ID:	1_https___agave.myanalytics.cdn.office.net04aca5ecS-1-12-1-2357405129-1281513531-255772574-1816207334-Out-Allow-Intranet-Authenticate
	Rule Name:	1_https___agave.myanalytics.cdn.office.net
	Modifying User:	S-1-5-80-3088073201-1464728630-1879813800-1107566885-823218052
	Modifying Application:	C:\Windows\System32\svchost.exe
	Error Code:	0"
"13-08-2026 11:40:18","2052","Information","Microsoft-Windows-Windows Firewall With Advanced Security","A rule has been deleted in the Windows Defender Firewall exception list.

Deleted Rule:
	Rule ID:	1_https___agave.myanalytics.cdn.office.net04aca5ecS-1-12-1-2357405129-1281513531-255772574-1816207334-Out-Allow-InternetClient
	Rule Name:	1_https___agave.myanalytics.cdn.office.net
	Modifying User:	S-1-5-80-3088073201-1464728630-1879813800-1107566885-823218052
	Modifying Application:	C:\Windows\System32\svchost.exe
	Error Code:	0"
"13-08-2026 11:27:10","2097","Information","Microsoft-Windows-Windows Firewall With Advanced Security","A rule has been added to the Windows Defender Firewall exception list.

Added Rule:
	Rule ID:	1_https___agave.myanalytics.cdn.office.net04aca5ecS-1-12-1-2357405129-1281513531-255772574-1816207334-Out-Allow-InternetClient
	Rule Name:	1_https___agave.myanalytics.cdn.office.net
	Origin:	Local
	Active:	Yes
	Direction:	Outbound
	Profiles:	Private,Domain, Public
	Action:	Allow
	Application Path:	
	Service Name:	
	Protocol:	Any
	Security Options:	None
	Edge Traversal:	None
	Modifying User:	S-1-5-80-3088073201-1464728630-1879813800-1107566885-823218052
	Modifying Application:	C:\Windows\System32\svchost.exe
	PolicyAppId:	
	Error Code:	0"
"13-08-2026 11:27:10","2097","Information","Microsoft-Windows-Windows Firewall With Advanced Security","A rule has been added to the Windows Defender Firewall exception list.

Added Rule:
	Rule ID:	1_https___agave.myanalytics.cdn.office.net04aca5ecS-1-12-1-2357405129-1281513531-255772574-1816207334-Out-Allow-Intranet-Authenticate
	Rule Name:	1_https___agave.myanalytics.cdn.office.net
	Origin:	Local
	Active:	Yes
	Direction:	Outbound
	Profiles:	Public, Private
	Action:	Allow
	Application Path:	
	Service Name:	
	Protocol:	Any
	Security Options:	Require Authentication
	Edge Traversal:	None
	Modifying User:	S-1-5-80-3088073201-1464728630-1879813800-1107566885-823218052
	Modifying Application:	C:\Windows\System32\svchost.exe
	PolicyAppId:	
	Error Code:	0"
"13-08-2026 11:27:10","2097","Information","Microsoft-Windows-Windows Firewall With Advanced Security","A rule has been added to the Windows Defender Firewall exception list.

Added Rule:
	Rule ID:	1_https___agave.myanalytics.cdn.office.net04aca5ecS-1-12-1-2357405129-1281513531-255772574-1816207334-In-Allow-Intranet-Authenticate
	Rule Name:	1_https___agave.myanalytics.cdn.office.net
	Origin:	Local
	Active:	Yes
	Direction:	Inbound
	Profiles:	Public, Private
	Action:	Allow
	Application Path:	
	Service Name:	
	Protocol:	Any
	Security Options:	Require Authentication
	Edge Traversal:	None
	Modifying User:	S-1-5-80-3088073201-1464728630-1879813800-1107566885-823218052
	Modifying Application:	C:\Windows\System32\svchost.exe
	PolicyAppId:	
	Error Code:	0"
"13-08-2026 11:27:10","2097","Information","Microsoft-Windows-Windows Firewall With Advanced Security","A rule has been added to the Windows Defender Firewall exception list.

Added Rule:
	Rule ID:	1_https___agave.myanalytics.cdn.office.net04aca5ecS-1-12-1-2357405129-1281513531-255772574-1816207334-Out-Allow-Intranet
	Rule Name:	1_https___agave.myanalytics.cdn.office.net
	Origin:	Local
	Active:	Yes
	Direction:	Outbound
	Profiles:	Private,Domain, Public
	Action:	Allow
	Application Path:	
	Service Name:	
	Protocol:	Any
	Security Options:	None
	Edge Traversal:	None
	Modifying User:	S-1-5-80-3088073201-1464728630-1879813800-1107566885-823218052
	Modifying Application:	C:\Windows\System32\svchost.exe
	PolicyAppId:	
	Error Code:	0"
"13-08-2026 11:27:10","2097","Information","Microsoft-Windows-Windows Firewall With Advanced Security","A rule has been added to the Windows Defender Firewall exception list.

Added Rule:
	Rule ID:	1_https___agave.myanalytics.cdn.office.net04aca5ecS-1-12-1-2357405129-1281513531-255772574-1816207334-In-Allow-Intranet
	Rule Name:	1_https___agave.myanalytics.cdn.office.net
	Origin:	Local
	Active:	Yes
	Direction:	Inbound
	Profiles:	Private,Domain, Public
	Action:	Allow
	Application Path:	
	Service Name:	
	Protocol:	Any
	Security Options:	None
	Edge Traversal:	None
	Modifying User:	S-1-5-80-3088073201-1464728630-1879813800-1107566885-823218052
	Modifying Application:	C:\Windows\System32\svchost.exe
	PolicyAppId:	
	Error Code:	0"
"13-08-2026 11:27:10","2097","Information","Microsoft-Windows-Windows Firewall With Advanced Security","A rule has been added to the Windows Defender Firewall exception list.

Added Rule:
	Rule ID:	1_https___agave.myanalytics.cdn.office.net04aca5ecS-1-12-1-2357405129-1281513531-255772574-1816207334-Out-Block
	Rule Name:	1_https___agave.myanalytics.cdn.office.net
	Origin:	Local
	Active:	Yes
	Direction:	Outbound
	Profiles:	Private,Domain, Public
	Action:	Block
	Application Path:	
	Service Name:	
	Protocol:	Any
	Security Options:	None
	Edge Traversal:	None
	Modifying User:	S-1-5-80-3088073201-1464728630-1879813800-1107566885-823218052
	Modifying Application:	C:\Windows\System32\svchost.exe
	PolicyAppId:	
	Error Code:	0"
"13-08-2026 11:27:10","2097","Information","Microsoft-Windows-Windows Firewall With Advanced Security","A rule has been added to the Windows Defender Firewall exception list.

Added Rule:
	Rule ID:	1_https___agave.myanalytics.cdn.office.net04aca5ecS-1-12-1-2357405129-1281513531-255772574-1816207334-In-Block
	Rule Name:	1_https___agave.myanalytics.cdn.office.net
	Origin:	Local
	Active:	Yes
	Direction:	Inbound
	Profiles:	Private,Domain, Public
	Action:	Block
	Application Path:	
	Service Name:	
	Protocol:	Any
	Security Options:	None
	Edge Traversal:	None
	Modifying User:	S-1-5-80-3088073201-1464728630-1879813800-1107566885-823218052
	Modifying Application:	C:\Windows\System32\svchost.exe
	PolicyAppId:	
	Error Code:	0"
"13-08-2026 11:27:10","2052","Information","Microsoft-Windows-Windows Firewall With Advanced Security","A rule has been deleted in the Windows Defender Firewall exception list.

Deleted Rule:
	Rule ID:	1_https___agave.myanalytics.cdn.office.net04aca5ecS-1-12-1-2357405129-1281513531-255772574-1816207334-In-Block
	Rule Name:	1_https___agave.myanalytics.cdn.office.net
	Modifying User:	S-1-5-80-3088073201-1464728630-1879813800-1107566885-823218052
	Modifying Application:	C:\Windows\System32\svchost.exe
	Error Code:	0"
"13-08-2026 11:27:10","2052","Information","Microsoft-Windows-Windows Firewall With Advanced Security","A rule has been deleted in the Windows Defender Firewall exception list.

Deleted Rule:
	Rule ID:	1_https___agave.myanalytics.cdn.office.net04aca5ecS-1-12-1-2357405129-1281513531-255772574-1816207334-Out-Block
	Rule Name:	1_https___agave.myanalytics.cdn.office.net
	Modifying User:	S-1-5-80-3088073201-1464728630-1879813800-1107566885-823218052
	Modifying Application:	C:\Windows\System32\svchost.exe
	Error Code:	0"
"13-08-2026 11:27:10","2052","Information","Microsoft-Windows-Windows Firewall With Advanced Security","A rule has been deleted in the Windows Defender Firewall exception list.

Deleted Rule:
	Rule ID:	1_https___agave.myanalytics.cdn.office.net04aca5ecS-1-12-1-2357405129-1281513531-255772574-1816207334-In-Allow-Intranet
	Rule Name:	1_https___agave.myanalytics.cdn.office.net
	Modifying User:	S-1-5-80-3088073201-1464728630-1879813800-1107566885-823218052
	Modifying Application:	C:\Windows\System32\svchost.exe
	Error Code:	0"
"13-08-2026 11:27:10","2052","Information","Microsoft-Windows-Windows Firewall With Advanced Security","A rule has been deleted in the Windows Defender Firewall exception list.

Deleted Rule:
	Rule ID:	1_https___agave.myanalytics.cdn.office.net04aca5ecS-1-12-1-2357405129-1281513531-255772574-1816207334-Out-Allow-Intranet
	Rule Name:	1_https___agave.myanalytics.cdn.office.net
	Modifying User:	S-1-5-80-3088073201-1464728630-1879813800-1107566885-823218052
	Modifying Application:	C:\Windows\System32\svchost.exe
	Error Code:	0"
"13-08-2026 11:27:10","2052","Information","Microsoft-Windows-Windows Firewall With Advanced Security","A rule has been deleted in the Windows Defender Firewall exception list.

Deleted Rule:
	Rule ID:	1_https___agave.myanalytics.cdn.office.net04aca5ecS-1-12-1-2357405129-1281513531-255772574-1816207334-In-Allow-Intranet-Authenticate
	Rule Name:	1_https___agave.myanalytics.cdn.office.net
	Modifying User:	S-1-5-80-3088073201-1464728630-1879813800-1107566885-823218052
	Modifying Application:	C:\Windows\System32\svchost.exe
	Error Code:	0"
"13-08-2026 11:27:10","2052","Information","Microsoft-Windows-Windows Firewall With Advanced Security","A rule has been deleted in the Windows Defender Firewall exception list.

Deleted Rule:
	Rule ID:	1_https___agave.myanalytics.cdn.office.net04aca5ecS-1-12-1-2357405129-1281513531-255772574-1816207334-Out-Allow-Intranet-Authenticate
	Rule Name:	1_https___agave.myanalytics.cdn.office.net
	Modifying User:	S-1-5-80-3088073201-1464728630-1879813800-1107566885-823218052
	Modifying Application:	C:\Windows\System32\svchost.exe
	Error Code:	0"
"13-08-2026 11:27:10","2052","Information","Microsoft-Windows-Windows Firewall With Advanced Security","A rule has been deleted in the Windows Defender Firewall exception list.

Deleted Rule:
	Rule ID:	1_https___agave.myanalytics.cdn.office.net04aca5ecS-1-12-1-2357405129-1281513531-255772574-1816207334-Out-Allow-InternetClient
	Rule Name:	1_https___agave.myanalytics.cdn.office.net
	Modifying User:	S-1-5-80-3088073201-1464728630-1879813800-1107566885-823218052
	Modifying Application:	C:\Windows\System32\svchost.exe
	Error Code:	0"
"13-08-2026 11:16:39","2097","Information","Microsoft-Windows-Windows Firewall With Advanced Security","A rule has been added to the Windows Defender Firewall exception list.

Added Rule:
	Rule ID:	lpacsenseimdscollectorS-1-5-18-Out-Block
	Rule Name:	LpacSenseImdsCollector
	Origin:	Local
	Active:	Yes
	Direction:	Outbound
	Profiles:	Private,Domain, Public
	Action:	Block
	Application Path:	
	Service Name:	
	Protocol:	Any
	Security Options:	None
	Edge Traversal:	None
	Modifying User:	S-1-5-80-3088073201-1464728630-1879813800-1107566885-823218052
	Modifying Application:	C:\Windows\System32\svchost.exe
	PolicyAppId:	
	Error Code:	0"
"13-08-2026 11:16:39","2097","Information","Microsoft-Windows-Windows Firewall With Advanced Security","A rule has been added to the Windows Defender Firewall exception list.

Added Rule:
	Rule ID:	lpacsenseimdscollectorS-1-5-18-In-Block
	Rule Name:	LpacSenseImdsCollector
	Origin:	Local
	Active:	Yes
	Direction:	Inbound
	Profiles:	Private,Domain, Public
	Action:	Block
	Application Path:	
	Service Name:	
	Protocol:	Any
	Security Options:	None
	Edge Traversal:	None
	Modifying User:	S-1-5-80-3088073201-1464728630-1879813800-1107566885-823218052
	Modifying Application:	C:\Windows\System32\svchost.exe
	PolicyAppId:	
	Error Code:	0"
"13-08-2026 11:16:39","2052","Information","Microsoft-Windows-Windows Firewall With Advanced Security","A rule has been deleted in the Windows Defender Firewall exception list.

Deleted Rule:
	Rule ID:	lpacsenseimdscollectorS-1-5-18-In-Block
	Rule Name:	LpacSenseImdsCollector
	Modifying User:	S-1-5-80-3088073201-1464728630-1879813800-1107566885-823218052
	Modifying Application:	C:\Windows\System32\svchost.exe
	Error Code:	0"
"13-08-2026 11:16:39","2052","Information","Microsoft-Windows-Windows Firewall With Advanced Security","A rule has been deleted in the Windows Defender Firewall exception list.

Deleted Rule:
	Rule ID:	lpacsenseimdscollectorS-1-5-18-Out-Block
	Rule Name:	LpacSenseImdsCollector
	Modifying User:	S-1-5-80-3088073201-1464728630-1879813800-1107566885-823218052
	Modifying Application:	C:\Windows\System32\svchost.exe
	Error Code:	0"
"13-08-2026 10:16:13","2097","Information","Microsoft-Windows-Windows Firewall With Advanced Security","A rule has been added to the Windows Defender Firewall exception list.

Added Rule:
	Rule ID:	lpacsenseimdscollectorS-1-5-18-Out-Block
	Rule Name:	LpacSenseImdsCollector
	Origin:	Local
	Active:	Yes
	Direction:	Outbound
	Profiles:	Private,Domain, Public
	Action:	Block
	Application Path:	
	Service Name:	
	Protocol:	Any
	Security Options:	None
	Edge Traversal:	None
	Modifying User:	S-1-5-80-3088073201-1464728630-1879813800-1107566885-823218052
	Modifying Application:	C:\Windows\System32\svchost.exe
	PolicyAppId:	
	Error Code:	0"
"13-08-2026 10:16:13","2097","Information","Microsoft-Windows-Windows Firewall With Advanced Security","A rule has been added to the Windows Defender Firewall exception list.

Added Rule:
	Rule ID:	lpacsenseimdscollectorS-1-5-18-In-Block
	Rule Name:	LpacSenseImdsCollector
	Origin:	Local
	Active:	Yes
	Direction:	Inbound
	Profiles:	Private,Domain, Public
	Action:	Block
	Application Path:	
	Service Name:	
	Protocol:	Any
	Security Options:	None
	Edge Traversal:	None
	Modifying User:	S-1-5-80-3088073201-1464728630-1879813800-1107566885-823218052
	Modifying Application:	C:\Windows\System32\svchost.exe
	PolicyAppId:	
	Error Code:	0"
"13-08-2026 10:16:13","2052","Information","Microsoft-Windows-Windows Firewall With Advanced Security","A rule has been deleted in the Windows Defender Firewall exception list.

Deleted Rule:
	Rule ID:	lpacsenseimdscollectorS-1-5-18-In-Block
	Rule Name:	LpacSenseImdsCollector
	Modifying User:	S-1-5-80-3088073201-1464728630-1879813800-1107566885-823218052
	Modifying Application:	C:\Windows\System32\svchost.exe
	Error Code:	0"
"13-08-2026 10:16:13","2052","Information","Microsoft-Windows-Windows Firewall With Advanced Security","A rule has been deleted in the Windows Defender Firewall exception list.

Deleted Rule:
	Rule ID:	lpacsenseimdscollectorS-1-5-18-Out-Block
	Rule Name:	LpacSenseImdsCollector
	Modifying User:	S-1-5-80-3088073201-1464728630-1879813800-1107566885-823218052
	Modifying Application:	C:\Windows\System32\svchost.exe
	Error Code:	0"
"13-08-2026 09:16:13","2097","Information","Microsoft-Windows-Windows Firewall With Advanced Security","A rule has been added to the Windows Defender Firewall exception list.

Added Rule:
	Rule ID:	{7F60673C-5839-474E-A2B5-39BB53ED5E2C}
	Rule Name:	Google Chrome (mDNS-In)
	Origin:	Local
	Active:	Yes
	Direction:	Inbound
	Profiles:	Private,Domain, Public
	Action:	Allow
	Application Path:	C:\Program Files\Google\Chrome\Application\chrome.exe
	Service Name:	
	Protocol:	UDP
	Security Options:	None
	Edge Traversal:	None
	Modifying User:	S-1-5-18
	Modifying Application:	C:\Windows\SystemTemp\Google31612_788446051\bin\Offline\{2f284e1e-be43-4f04-932c-6ddf6acf05d5}\{8A69D345-D564-463c-AFF1-A69D9E530F96}\CR_BCCFF.tmp\setup.exe
	PolicyAppId:	
	Error Code:	0"
"13-08-2026 09:16:13","2099","Information","Microsoft-Windows-Windows Firewall With Advanced Security","A rule has been modified in the Windows Defender Firewall exception list.

Modified Rule:
	Rule ID:	{7F60673C-5839-474E-A2B5-39BB53ED5E2C}
	Rule Name:	Google Chrome (mDNS-In)
	Origin:	0
	Active:	Yes
	Direction:	Inbound
	Profiles:	Private,Domain, Public
	Action:	Allow
	Application Path:	C:\Program Files\Google\Chrome\Application\chrome.exe
	Service Name:	
	Protocol:	UDP
	Security Options:	None
	Edge Traversal:	None
	Modifying User:	S-1-5-18
	Modifying Application:	C:\Windows\SystemTemp\Google31612_788446051\bin\Offline\{2f284e1e-be43-4f04-932c-6ddf6acf05d5}\{8A69D345-D564-463c-AFF1-A69D9E530F96}\CR_BCCFF.tmp\setup.exe
	PolicyAppId:	
	Error Code:	2"
"13-08-2026 09:16:13","2052","Information","Microsoft-Windows-Windows Firewall With Advanced Security","A rule has been deleted in the Windows Defender Firewall exception list.

Deleted Rule:
	Rule ID:	{A5E0757C-8131-4CA3-A92E-FE2867A6C824}
	Rule Name:	8f6579a0-ec1b-485b-972c-de3580554778
	Modifying User:	S-1-5-18
	Modifying Application:	C:\Windows\SystemTemp\Google31612_788446051\bin\Offline\{2f284e1e-be43-4f04-932c-6ddf6acf05d5}\{8A69D345-D564-463c-AFF1-A69D9E530F96}\CR_BCCFF.tmp\setup.exe
	Error Code:	0"
"13-08-2026 09:16:13","2099","Information","Microsoft-Windows-Windows Firewall With Advanced Security","A rule has been modified in the Windows Defender Firewall exception list.

Modified Rule:
	Rule ID:	{A5E0757C-8131-4CA3-A92E-FE2867A6C824}
	Rule Name:	8f6579a0-ec1b-485b-972c-de3580554778
	Origin:	Local
	Active:	Yes
	Direction:	Inbound
	Profiles:	Private,Domain, Public
	Action:	Allow
	Application Path:	C:\Program Files\Google\Chrome\Application\chrome.exe
	Service Name:	
	Protocol:	UDP
	Security Options:	None
	Edge Traversal:	None
	Modifying User:	S-1-5-18
	Modifying Application:	C:\Windows\SystemTemp\Google31612_788446051\bin\Offline\{2f284e1e-be43-4f04-932c-6ddf6acf05d5}\{8A69D345-D564-463c-AFF1-A69D9E530F96}\CR_BCCFF.tmp\setup.exe
	PolicyAppId:	
	Error Code:	0"
"13-08-2026 09:15:47","2097","Information","Microsoft-Windows-Windows Firewall With Advanced Security","A rule has been added to the Windows Defender Firewall exception list.

Added Rule:
	Rule ID:	lpacsenseimdscollectorS-1-5-18-Out-Block
	Rule Name:	LpacSenseImdsCollector
	Origin:	Local
	Active:	Yes
	Direction:	Outbound
	Profiles:	Private,Domain, Public
	Action:	Block
	Application Path:	
	Service Name:	
	Protocol:	Any
	Security Options:	None
	Edge Traversal:	None
	Modifying User:	S-1-5-80-3088073201-1464728630-1879813800-1107566885-823218052
	Modifying Application:	C:\Windows\System32\svchost.exe
	PolicyAppId:	
	Error Code:	0"
"13-08-2026 09:15:47","2097","Information","Microsoft-Windows-Windows Firewall With Advanced Security","A rule has been added to the Windows Defender Firewall exception list.

Added Rule:
	Rule ID:	lpacsenseimdscollectorS-1-5-18-In-Block
	Rule Name:	LpacSenseImdsCollector
	Origin:	Local
	Active:	Yes
	Direction:	Inbound
	Profiles:	Private,Domain, Public
	Action:	Block
	Application Path:	
	Service Name:	
	Protocol:	Any
	Security Options:	None
	Edge Traversal:	None
	Modifying User:	S-1-5-80-3088073201-1464728630-1879813800-1107566885-823218052
	Modifying Application:	C:\Windows\System32\svchost.exe
	PolicyAppId:	
	Error Code:	0"
"13-08-2026 09:15:47","2052","Information","Microsoft-Windows-Windows Firewall With Advanced Security","A rule has been deleted in the Windows Defender Firewall exception list.

Deleted Rule:
	Rule ID:	lpacsenseimdscollectorS-1-5-18-In-Block
	Rule Name:	LpacSenseImdsCollector
	Modifying User:	S-1-5-80-3088073201-1464728630-1879813800-1107566885-823218052
	Modifying Application:	C:\Windows\System32\svchost.exe
	Error Code:	0"
"13-08-2026 09:15:47","2052","Information","Microsoft-Windows-Windows Firewall With Advanced Security","A rule has been deleted in the Windows Defender Firewall exception list.

Deleted Rule:
	Rule ID:	lpacsenseimdscollectorS-1-5-18-Out-Block
	Rule Name:	LpacSenseImdsCollector
	Modifying User:	S-1-5-80-3088073201-1464728630-1879813800-1107566885-823218052
	Modifying Application:	C:\Windows\System32\svchost.exe
	Error Code:	0"
