"27-07-2026 09:44:42","9653","Information","Microsoft-Windows-Shell-Core",
"27-07-2026 09:44:42","9653","Information","Microsoft-Windows-Shell-Core",
"27-07-2026 09:44:42","9652","Information","Microsoft-Windows-Shell-Core",
"27-07-2026 09:44:42","9652","Information","Microsoft-Windows-Shell-Core",
"27-07-2026 09:44:42","9648","Information","Microsoft-Windows-Shell-Core",
"27-07-2026 09:44:42","9649","Information","Microsoft-Windows-Shell-Core",
"27-07-2026 09:44:42","9648","Information","Microsoft-Windows-Shell-Core",
"27-07-2026 09:44:42","9649","Information","Microsoft-Windows-Shell-Core",
"27-07-2026 09:44:42","9648","Information","Microsoft-Windows-Shell-Core",
"27-07-2026 09:44:42","9649","Information","Microsoft-Windows-Shell-Core",
"27-07-2026 09:44:42","9648","Information","Microsoft-Windows-Shell-Core",
"27-07-2026 09:44:42","9649","Information","Microsoft-Windows-Shell-Core",
"27-07-2026 09:44:42","9648","Information","Microsoft-Windows-Shell-Core",
"27-07-2026 09:44:42","9649","Information","Microsoft-Windows-Shell-Core",
"27-07-2026 09:44:42","9653","Information","Microsoft-Windows-Shell-Core",
"27-07-2026 09:44:41","9653","Information","Microsoft-Windows-Shell-Core",
"27-07-2026 09:44:41","9653","Information","Microsoft-Windows-Shell-Core",
"27-07-2026 09:44:40","62171","Information","Microsoft-Windows-Shell-Core","Logon task 'CloudDataUpdateProfileName' finished with flags 132096."
"27-07-2026 09:44:39","62171","Information","Microsoft-Windows-Shell-Core","Logon task 'InitializeBrowserSsoCookie' finished with flags 132096."
"27-07-2026 09:44:39","62171","Information","Microsoft-Windows-Shell-Core","Logon task 'CloudDataRestore' finished with flags 132096."
"27-07-2026 09:44:39","9652","Information","Microsoft-Windows-Shell-Core",
"27-07-2026 09:44:39","9652","Information","Microsoft-Windows-Shell-Core",
"27-07-2026 09:44:39","62171","Information","Microsoft-Windows-Shell-Core","Logon task 'CDSDataMigration' finished with flags 132096."
"27-07-2026 09:44:39","62171","Information","Microsoft-Windows-Shell-Core","Logon task 'AppReadinessNotifyLogonComplete' finished with flags 132096."
"27-07-2026 09:44:39","62171","Information","Microsoft-Windows-Shell-Core","Logon task 'LaunchCustomShell' finished with flags 132096."
"27-07-2026 09:44:39","62171","Information","Microsoft-Windows-Shell-Core","Logon task 'LaunchInputDialListenerPostStart' finished with flags 132096."
"27-07-2026 09:44:39","9652","Information","Microsoft-Windows-Shell-Core",
"27-07-2026 09:44:39","9653","Information","Microsoft-Windows-Shell-Core",
"27-07-2026 09:44:39","62171","Information","Microsoft-Windows-Shell-Core","Logon task 'CommercialHomePageSetup' finished with flags 132096."
"27-07-2026 09:44:39","62171","Information","Microsoft-Windows-Shell-Core","Logon task 'AssignedAccessAutoLaunch' finished with flags 132096."
"27-07-2026 09:44:39","62171","Information","Microsoft-Windows-Shell-Core","Logon task 'WSXRegistryInit' finished with flags 132096."
"27-07-2026 09:44:39","62171","Information","Microsoft-Windows-Shell-Core","Logon task 'StartSkydriveSync' finished with flags 132096."
"27-07-2026 09:44:39","62170","Information","Microsoft-Windows-Shell-Core","Logon task 'CommercialHomePageSetup' started with flags 132096."
"27-07-2026 09:44:39","62171","Information","Microsoft-Windows-Shell-Core","Logon task 'LaunchExplorerNamespaceRestrictionPostStart' finished with flags 132096."
"27-07-2026 09:44:39","62171","Information","Microsoft-Windows-Shell-Core","Logon task 'PostStartTasks' finished with flags 132096."
"27-07-2026 09:44:39","62171","Information","Microsoft-Windows-Shell-Core","Logon task 'PrepareSettingSearch' finished with flags 132096."
"27-07-2026 09:44:39","62170","Information","Microsoft-Windows-Shell-Core","Logon task 'PrepareSettingSearch' started with flags 132096."
"27-07-2026 09:44:39","62171","Information","Microsoft-Windows-Shell-Core","Logon task 'ResumeAppRestore' finished with flags 132096."
"27-07-2026 09:44:39","62170","Information","Microsoft-Windows-Shell-Core","Logon task 'ResumeAppRestore' started with flags 132096."
"27-07-2026 09:44:39","62171","Information","Microsoft-Windows-Shell-Core","Logon task 'FixUserTileStoreCorruption' finished with flags 132096."
"27-07-2026 09:44:39","62170","Information","Microsoft-Windows-Shell-Core","Logon task 'WSXRegistryInit' started with flags 132096."
"27-07-2026 09:44:39","62170","Information","Microsoft-Windows-Shell-Core","Logon task 'CloudDataUpdateProfileName' started with flags 132096."
"27-07-2026 09:44:39","62170","Information","Microsoft-Windows-Shell-Core","Logon task 'CDSDataMigration' started with flags 132096."
"27-07-2026 09:44:39","62171","Information","Microsoft-Windows-Shell-Core","Logon task 'CreateEdgeIconIfNeededPostStart' finished with flags 132096."
"27-07-2026 09:44:39","9652","Information","Microsoft-Windows-Shell-Core",
"27-07-2026 09:44:39","62170","Information","Microsoft-Windows-Shell-Core","Logon task 'CloudDataRestore' started with flags 132096."
"27-07-2026 09:44:39","9648","Information","Microsoft-Windows-Shell-Core",
"27-07-2026 09:44:39","62170","Information","Microsoft-Windows-Shell-Core","Logon task 'LaunchExplorerNamespaceRestrictionPostStart' started with flags 132096."
"27-07-2026 09:44:39","62171","Information","Microsoft-Windows-Shell-Core","Logon task 'RemoveTempOOBEUser' finished with flags 132096."
"27-07-2026 09:44:39","62171","Information","Microsoft-Windows-Shell-Core","Logon task 'FamilyMembersNotification' finished with flags 132096."
"27-07-2026 09:44:39","62171","Information","Microsoft-Windows-Shell-Core","Logon task 'NotifyTrayStartIsReady' finished with flags 132096."
"27-07-2026 09:44:39","62170","Information","Microsoft-Windows-Shell-Core","Logon task 'FamilyMembersNotification' started with flags 132096."
"27-07-2026 09:44:39","62171","Information","Microsoft-Windows-Shell-Core","Logon task 'FamilySync' finished with flags 132096."
"27-07-2026 09:44:39","62170","Information","Microsoft-Windows-Shell-Core","Logon task 'FamilySync' started with flags 132096."
"27-07-2026 09:44:39","62170","Information","Microsoft-Windows-Shell-Core","Logon task 'LaunchCustomShell' started with flags 132096."
"27-07-2026 09:44:39","62170","Information","Microsoft-Windows-Shell-Core","Logon task 'InitializeBrowserSsoCookie' started with flags 132096."
"27-07-2026 09:44:39","62171","Information","Microsoft-Windows-Shell-Core","Logon task 'LaunchExplorerDestListMigrationPostStart' finished with flags 132096."
"27-07-2026 09:44:39","62170","Information","Microsoft-Windows-Shell-Core","Logon task 'LaunchExplorerDestListMigrationPostStart' started with flags 132096."
"27-07-2026 09:44:39","62171","Information","Microsoft-Windows-Shell-Core","Logon task 'LaunchLockScreenCacheImageRestorePostStart' finished with flags 132096."
"27-07-2026 09:44:39","62170","Information","Microsoft-Windows-Shell-Core","Logon task 'LaunchLockScreenCacheImageRestorePostStart' started with flags 132096."
"27-07-2026 09:44:39","62171","Information","Microsoft-Windows-Shell-Core","Logon task 'CreateYourPhoneShortcutsIfNeededPostStart' finished with flags 132096."
"27-07-2026 09:44:39","62170","Information","Microsoft-Windows-Shell-Core","Logon task 'CreateYourPhoneShortcutsIfNeededPostStart' started with flags 132096."
"27-07-2026 09:44:39","62171","Information","Microsoft-Windows-Shell-Core","Logon task 'OEMFirstRunTelemetry' finished with flags 132096."
"27-07-2026 09:44:39","62170","Information","Microsoft-Windows-Shell-Core","Logon task 'FixUserTileStoreCorruption' started with flags 132096."
"27-07-2026 09:44:39","62170","Information","Microsoft-Windows-Shell-Core","Logon task 'RemoveTempOOBEUser' started with flags 132096."
"27-07-2026 09:44:39","62170","Information","Microsoft-Windows-Shell-Core","Logon task 'CreateEdgeIconIfNeededPostStart' started with flags 132096."
"27-07-2026 09:44:39","62170","Information","Microsoft-Windows-Shell-Core","Logon task 'OEMFirstRunTelemetry' started with flags 132096."
"27-07-2026 09:44:39","62170","Information","Microsoft-Windows-Shell-Core","Logon task 'StartSkydriveSync' started with flags 132096."
"27-07-2026 09:44:39","62170","Information","Microsoft-Windows-Shell-Core","Logon task 'AppReadinessNotifyLogonComplete' started with flags 132096."
"27-07-2026 09:44:39","62170","Information","Microsoft-Windows-Shell-Core","Logon task 'AssignedAccessAutoLaunch' started with flags 132096."
"27-07-2026 09:44:39","62171","Information","Microsoft-Windows-Shell-Core","Logon task 'LaunchPeopleExperiencePostStart' finished with flags 132096."
"27-07-2026 09:44:39","62170","Information","Microsoft-Windows-Shell-Core","Logon task 'NotifyTrayStartIsReady' started with flags 132096."
"27-07-2026 09:44:39","62170","Information","Microsoft-Windows-Shell-Core","Logon task 'LaunchInputDialListenerPostStart' started with flags 132096."
"27-07-2026 09:44:39","62171","Information","Microsoft-Windows-Shell-Core","Logon task 'LaunchLockAppHostPostStart' finished with flags 132096."
"27-07-2026 09:44:39","62170","Information","Microsoft-Windows-Shell-Core","Logon task 'LaunchLockAppHostPostStart' started with flags 132096."
"27-07-2026 09:44:39","62170","Information","Microsoft-Windows-Shell-Core","Logon task 'LaunchPeopleExperiencePostStart' started with flags 132096."
"27-07-2026 09:44:39","62171","Information","Microsoft-Windows-Shell-Core","Logon task 'LaunchExperienceHostPostStart' finished with flags 132096."
"27-07-2026 09:44:39","62170","Information","Microsoft-Windows-Shell-Core","Logon task 'LaunchExperienceHostPostStart' started with flags 132096."
"27-07-2026 09:44:39","62171","Information","Microsoft-Windows-Shell-Core","Logon task 'PerUserSetupPostStart' finished with flags 132096."
"27-07-2026 09:44:39","62170","Information","Microsoft-Windows-Shell-Core","Logon task 'PerUserSetupPostStart' started with flags 132096."
"27-07-2026 09:44:39","62170","Information","Microsoft-Windows-Shell-Core","Logon task 'PostStartTasks' started with flags 132096."
"27-07-2026 09:44:39","62171","Information","Microsoft-Windows-Shell-Core","Logon task 'AllLogonTasks' finished with flags 132096."
"27-07-2026 09:44:39","62171","Information","Microsoft-Windows-Shell-Core","Logon task 'PreStartTasks' finished with flags 132096."
"27-07-2026 09:44:39","62171","Information","Microsoft-Windows-Shell-Core","Logon task 'PerUserSetup' finished with flags 132096."
"27-07-2026 09:44:39","62171","Information","Microsoft-Windows-Shell-Core","Logon task 'PerformSignInSuggestions' finished with flags 132096."
"27-07-2026 09:44:39","62171","Information","Microsoft-Windows-Shell-Core","Logon task 'AssignedAccessLogonTaskAgentPreStart' finished with flags 132096."
"27-07-2026 09:44:39","62171","Information","Microsoft-Windows-Shell-Core","Logon task 'LaunchExperienceHost' finished with flags 132096."
"27-07-2026 09:44:36","62171","Information","Microsoft-Windows-Shell-Core","Logon task 'StartLayoutInit' finished with flags 132096."
"27-07-2026 09:44:36","62171","Information","Microsoft-Windows-Shell-Core","Logon task 'RemoveC2DShortcut' finished with flags 132096."
"27-07-2026 09:44:36","62170","Information","Microsoft-Windows-Shell-Core","Logon task 'RemoveC2DShortcut' started with flags 132096."
"27-07-2026 09:44:36","62170","Information","Microsoft-Windows-Shell-Core","Logon task 'PerUserSetup' started with flags 132096."
"27-07-2026 09:44:36","62171","Information","Microsoft-Windows-Shell-Core","Logon task 'ConfigureA9InstallOptionalComponent' finished with flags 132096."
"27-07-2026 09:44:36","62170","Information","Microsoft-Windows-Shell-Core","Logon task 'ConfigureA9InstallOptionalComponent' started with flags 132096."
"27-07-2026 09:44:36","62171","Information","Microsoft-Windows-Shell-Core","Logon task 'WSXRegistryInitPreStart' finished with flags 132096."
"27-07-2026 09:44:36","62170","Information","Microsoft-Windows-Shell-Core","Logon task 'WSXRegistryInitPreStart' started with flags 132096."
"27-07-2026 09:44:36","62170","Information","Microsoft-Windows-Shell-Core","Logon task 'AssignedAccessLogonTaskAgentPreStart' started with flags 132096."
"27-07-2026 09:44:36","62171","Information","Microsoft-Windows-Shell-Core","Logon task 'EnterpriseProvisioning' finished with flags 132096."
"27-07-2026 09:44:36","62170","Information","Microsoft-Windows-Shell-Core","Logon task 'EnterpriseProvisioning' started with flags 132096."
"27-07-2026 09:44:36","62171","Information","Microsoft-Windows-Shell-Core","Logon task 'UpdatePCSettingsPreStart' finished with flags 132096."
"27-07-2026 09:44:36","62170","Information","Microsoft-Windows-Shell-Core","Logon task 'UpdatePCSettingsPreStart' started with flags 132096."
"27-07-2026 09:44:36","62171","Information","Microsoft-Windows-Shell-Core","Logon task 'PerformSignInSuggestionsStart' finished with flags 132096."
"27-07-2026 09:44:36","62170","Information","Microsoft-Windows-Shell-Core","Logon task 'PerformSignInSuggestionsStart' started with flags 132096."
"27-07-2026 09:44:36","62171","Information","Microsoft-Windows-Shell-Core","Logon task 'LaunchContentDeliveryManagerStart' finished with flags 132096."
"27-07-2026 09:44:36","62170","Information","Microsoft-Windows-Shell-Core","Logon task 'LaunchContentDeliveryManagerStart' started with flags 132096."
"27-07-2026 09:44:36","28125","Information","Microsoft-Windows-Shell-Core","Starting to refresh app resolver cache for scenario 1 with flags 2316."
"27-07-2026 09:44:36","62170","Information","Microsoft-Windows-Shell-Core","Logon task 'LaunchExperienceHost' started with flags 132096."
"27-07-2026 09:44:36","62170","Information","Microsoft-Windows-Shell-Core","Logon task 'PreStartTasks' started with flags 132096."
"27-07-2026 09:44:36","9649","Information","Microsoft-Windows-Shell-Core",
"27-07-2026 09:44:35","9648","Information","Microsoft-Windows-Shell-Core",
"27-07-2026 09:44:34","62171","Information","Microsoft-Windows-Shell-Core","Logon task 'ShellInitTasks' finished with flags 132096."
"27-07-2026 09:44:34","62171","Information","Microsoft-Windows-Shell-Core","Logon task 'InstallPWAs' finished with flags 132096."
"27-07-2026 09:44:34","62171","Information","Microsoft-Windows-Shell-Core","Logon task 'AppReadinessLogonGroup' finished with flags 132096."
"27-07-2026 09:44:34","62170","Information","Microsoft-Windows-Shell-Core","Logon task 'InstallPWAs' started with flags 132096."
"27-07-2026 09:44:34","62171","Information","Microsoft-Windows-Shell-Core","Logon task 'UpdatePCSettingsShellInit' finished with flags 132096."
"27-07-2026 09:44:34","62170","Information","Microsoft-Windows-Shell-Core","Logon task 'UpdatePCSettingsShellInit' started with flags 132096."
"27-07-2026 09:44:34","62170","Information","Microsoft-Windows-Shell-Core","Logon task 'AppReadinessLogonGroup' started with flags 132096."
"27-07-2026 09:44:34","62170","Information","Microsoft-Windows-Shell-Core","Logon task 'ShellInitTasks' started with flags 132096."
"27-07-2026 09:44:34","62171","Information","Microsoft-Windows-Shell-Core","Logon task 'PreShellTasks' finished with flags 132096."
"27-07-2026 09:44:34","62171","Information","Microsoft-Windows-Shell-Core","Logon task 'AppResolver' finished with flags 132096."
"27-07-2026 09:44:34","62171","Information","Microsoft-Windows-Shell-Core","Logon task 'AppReadinessPreShellGroup' finished with flags 132096."
"27-07-2026 09:44:32","28019","Information","Microsoft-Windows-Shell-Core","AppResolver Cache Committed."
"27-07-2026 09:44:32","28018","Information","Microsoft-Windows-Shell-Core","AppResolver Scan Stopped."
"27-07-2026 09:44:32","28017","Information","Microsoft-Windows-Shell-Core","AppResolver Scan Started."
"27-07-2026 09:44:27","62171","Information","Microsoft-Windows-Shell-Core","Logon task 'DefaultAssociations' finished with flags 132096."
"27-07-2026 09:44:24","62171","Information","Microsoft-Windows-Shell-Core","Logon task 'CacheUserEligibility' finished with flags 132096."
"27-07-2026 09:44:24","62171","Information","Microsoft-Windows-Shell-Core","Logon task 'ShellHandwriting' finished with flags 132096."
"27-07-2026 09:44:24","62171","Information","Microsoft-Windows-Shell-Core","Logon task 'LaunchProgrammableTaskbarCloudManager' finished with flags 132096."
"27-07-2026 09:44:24","62170","Information","Microsoft-Windows-Shell-Core","Logon task 'LaunchProgrammableTaskbarCloudManager' started with flags 132096."
"27-07-2026 09:44:24","62171","Information","Microsoft-Windows-Shell-Core","Logon task 'UgradeTaskFlowPolicy' finished with flags 132096."
"27-07-2026 09:44:24","62170","Information","Microsoft-Windows-Shell-Core","Logon task 'UgradeTaskFlowPolicy' started with flags 132096."
"27-07-2026 09:44:24","62170","Information","Microsoft-Windows-Shell-Core","Logon task 'ShellHandwriting' started with flags 132096."
"27-07-2026 09:44:24","62171","Information","Microsoft-Windows-Shell-Core","Logon task 'DownloadEduThemes' finished with flags 132096."
"27-07-2026 09:44:24","62170","Information","Microsoft-Windows-Shell-Core","Logon task 'DownloadEduThemes' started with flags 132096."
"27-07-2026 09:44:24","62170","Information","Microsoft-Windows-Shell-Core","Logon task 'StartLayoutInit' started with flags 132096."
"27-07-2026 09:44:24","62171","Information","Microsoft-Windows-Shell-Core","Logon task 'AppRestore' finished with flags 132096."
"27-07-2026 09:44:24","62170","Information","Microsoft-Windows-Shell-Core","Logon task 'AppRestore' started with flags 132096."
"27-07-2026 09:44:24","62170","Information","Microsoft-Windows-Shell-Core","Logon task 'PreShellTasks' started with flags 132096."
"27-07-2026 09:44:24","62171","Information","Microsoft-Windows-Shell-Core","Logon task 'PreRoamingTasks' finished with flags 132096."
"27-07-2026 09:44:24","62171","Information","Microsoft-Windows-Shell-Core","Logon task 'AppReadinessPreRoamingGroup' finished with flags 132096."
"27-07-2026 09:44:24","62171","Information","Microsoft-Windows-Shell-Core","Logon task 'ClickToDoEligibility' finished with flags 132096."
"27-07-2026 09:44:24","62171","Information","Microsoft-Windows-Shell-Core","Logon task 'RefreshOneSettingsFeatureConfigurations' finished with flags 132096."
"27-07-2026 09:44:24","62170","Information","Microsoft-Windows-Shell-Core","Logon task 'RefreshOneSettingsFeatureConfigurations' started with flags 132096."
"27-07-2026 09:44:24","62170","Information","Microsoft-Windows-Shell-Core","Logon task 'CacheUserEligibility' started with flags 132096."
"27-07-2026 09:44:24","62170","Information","Microsoft-Windows-Shell-Core","Logon task 'ClickToDoEligibility' started with flags 132096."
"27-07-2026 09:44:24","62171","Information","Microsoft-Windows-Shell-Core","Logon task 'WaitForMSAConnected' finished with flags 132096."
"27-07-2026 09:44:24","62170","Information","Microsoft-Windows-Shell-Core","Logon task 'WaitForMSAConnected' started with flags 132096."
"27-07-2026 09:44:24","62171","Information","Microsoft-Windows-Shell-Core","Logon task 'ActiveSetup' finished with flags 132096."
"27-07-2026 09:44:24","9708","Information","Microsoft-Windows-Shell-Core","Finished execution of command 'ie4uinit.exe -UserConfig' (PID 17468)."
"27-07-2026 09:44:22","9707","Information","Microsoft-Windows-Shell-Core","Started execution of command 'ie4uinit.exe -UserConfig'."
"27-07-2026 09:44:22","28125","Information","Microsoft-Windows-Shell-Core","Starting to refresh app resolver cache for scenario 1 with flags 268."
"27-07-2026 09:44:22","62171","Information","Microsoft-Windows-Shell-Core","Logon task 'GetLanguageOverlayPackage' finished with flags 132096."
"27-07-2026 09:44:22","62170","Information","Microsoft-Windows-Shell-Core","Logon task 'GetLanguageOverlayPackage' started with flags 132096."
"27-07-2026 09:44:22","62170","Information","Microsoft-Windows-Shell-Core","Logon task 'ActiveSetup' started with flags 132096."
"27-07-2026 09:44:22","62171","Information","Microsoft-Windows-Shell-Core","Logon task 'RunOnce' finished with flags 132096."
"27-07-2026 09:44:22","62170","Information","Microsoft-Windows-Shell-Core","Logon task 'RunOnce' started with flags 132096."
"27-07-2026 09:44:22","62171","Information","Microsoft-Windows-Shell-Core","Logon task 'SkydrivePrep' finished with flags 132096."
"27-07-2026 09:44:22","62170","Information","Microsoft-Windows-Shell-Core","Logon task 'SkydrivePrep' started with flags 132096."
"27-07-2026 09:44:22","62170","Information","Microsoft-Windows-Shell-Core","Logon task 'AppResolver' started with flags 132096."
