"31-07-2026 11:54:09","157","Information","Microsoft-Windows-AppxPackagingOM","The app package signature was validated for core content of the app package published by CN=Microsoft Corporation, O=Microsoft Corporation, L=Redmond, S=Washington, C=US. Payload won't be validated until the files are read."
"31-07-2026 11:54:08","170","Information","Microsoft-Windows-AppxPackagingOM","The streaming reader was created successfully for app package Microsoft.MicrosoftOfficeHub_19.2607.58021.0_x64__8wekyb3d8bbwe."
"31-07-2026 11:54:08","216","Warning","Microsoft-Windows-AppxPackagingOM","App manifest validation warning: Declared namespace http://schemas.microsoft.com/developer/appx/2015/build is inapplicable, it will be ignored during manifest processing."
"31-07-2026 11:54:08","157","Information","Microsoft-Windows-AppxPackagingOM","The app package signature was validated for core content of the app package published by CN=Microsoft Corporation, O=Microsoft Corporation, L=Redmond, S=Washington, C=US. Payload won't be validated until the files are read."
"31-07-2026 11:54:07","391","Information","Microsoft-Windows-AppxPackagingOM","The bundle streaming reader was created successfully for bundle Microsoft.MicrosoftOfficeHub_2026.728.1839.0_neutral_~_8wekyb3d8bbwe."
"31-07-2026 11:54:07","164","Information","Microsoft-Windows-AppxPackagingOM","The app bundle signature was validated for core content of the app bundle published by CN=Microsoft Corporation, O=Microsoft Corporation, L=Redmond, S=Washington, C=US. App packages won't be validated until they are read."
"31-07-2026 11:54:06","170","Information","Microsoft-Windows-AppxPackagingOM","The streaming reader was created successfully for app package MicrosoftCorporationII.QuickAssist_2.0.47.0_neutral_split.scale-100_8wekyb3d8bbwe."
"31-07-2026 11:54:06","157","Information","Microsoft-Windows-AppxPackagingOM","The app package signature was validated for core content of the app package published by CN=Microsoft Corporation, O=Microsoft Corporation, L=Redmond, S=Washington, C=US. Payload won't be validated until the files are read."
"31-07-2026 11:54:05","170","Information","Microsoft-Windows-AppxPackagingOM","The streaming reader was created successfully for app package MicrosoftCorporationII.QuickAssist_2.0.47.0_neutral_split.scale-150_8wekyb3d8bbwe."
"31-07-2026 11:54:05","157","Information","Microsoft-Windows-AppxPackagingOM","The app package signature was validated for core content of the app package published by CN=Microsoft Corporation, O=Microsoft Corporation, L=Redmond, S=Washington, C=US. Payload won't be validated until the files are read."
"31-07-2026 11:53:59","170","Information","Microsoft-Windows-AppxPackagingOM","The streaming reader was created successfully for app package MicrosoftCorporationII.QuickAssist_2.0.47.0_x64__8wekyb3d8bbwe."
"31-07-2026 11:53:59","216","Warning","Microsoft-Windows-AppxPackagingOM","App manifest validation warning: Declared namespace http://schemas.microsoft.com/appx/manifest/desktop/windows10/7 is inapplicable, it will be ignored during manifest processing."
"31-07-2026 11:53:59","216","Warning","Microsoft-Windows-AppxPackagingOM","App manifest validation warning: Declared namespace http://schemas.microsoft.com/developer/appx/2015/build is inapplicable, it will be ignored during manifest processing."
"31-07-2026 11:53:59","157","Information","Microsoft-Windows-AppxPackagingOM","The app package signature was validated for core content of the app package published by CN=Microsoft Corporation, O=Microsoft Corporation, L=Redmond, S=Washington, C=US. Payload won't be validated until the files are read."
"31-07-2026 11:53:58","170","Information","Microsoft-Windows-AppxPackagingOM","The streaming reader was created successfully for app package Microsoft.People_10.2202.100.0_neutral_split.scale-100_8wekyb3d8bbwe."
"31-07-2026 11:53:58","157","Information","Microsoft-Windows-AppxPackagingOM","The app package signature was validated for core content of the app package published by CN=Microsoft Corporation, O=Microsoft Corporation, L=Redmond, S=Washington, C=US. Payload won't be validated until the files are read."
"31-07-2026 11:53:58","391","Information","Microsoft-Windows-AppxPackagingOM","The bundle streaming reader was created successfully for bundle MicrosoftCorporationII.QuickAssist_2026.219.226.0_neutral_~_8wekyb3d8bbwe."
"31-07-2026 11:53:58","164","Information","Microsoft-Windows-AppxPackagingOM","The app bundle signature was validated for core content of the app bundle published by CN=Microsoft Corporation, O=Microsoft Corporation, L=Redmond, S=Washington, C=US. App packages won't be validated until they are read."
"31-07-2026 11:53:58","170","Information","Microsoft-Windows-AppxPackagingOM","The streaming reader was created successfully for app package Microsoft.People_10.2202.100.0_neutral_split.scale-150_8wekyb3d8bbwe."
"31-07-2026 11:53:57","157","Information","Microsoft-Windows-AppxPackagingOM","The app package signature was validated for core content of the app package published by CN=Microsoft Corporation, O=Microsoft Corporation, L=Redmond, S=Washington, C=US. Payload won't be validated until the files are read."
"31-07-2026 11:53:57","170","Information","Microsoft-Windows-AppxPackagingOM","The streaming reader was created successfully for app package Microsoft.People_10.2202.100.0_x64__8wekyb3d8bbwe."
"31-07-2026 11:53:57","216","Warning","Microsoft-Windows-AppxPackagingOM","App manifest validation warning: Declared namespace http://schemas.microsoft.com/developer/appx/2015/build is inapplicable, it will be ignored during manifest processing."
"31-07-2026 11:53:57","157","Information","Microsoft-Windows-AppxPackagingOM","The app package signature was validated for core content of the app package published by CN=Microsoft Corporation, O=Microsoft Corporation, L=Redmond, S=Washington, C=US. Payload won't be validated until the files are read."
"31-07-2026 11:53:56","391","Information","Microsoft-Windows-AppxPackagingOM","The bundle streaming reader was created successfully for bundle Microsoft.People_2021.2202.100.0_neutral_~_8wekyb3d8bbwe."
"31-07-2026 11:53:56","164","Information","Microsoft-Windows-AppxPackagingOM","The app bundle signature was validated for core content of the app bundle published by CN=Microsoft Corporation, O=Microsoft Corporation, L=Redmond, S=Washington, C=US. App packages won't be validated until they are read."
"31-07-2026 11:53:37","170","Information","Microsoft-Windows-AppxPackagingOM","The streaming reader was created successfully for app package Microsoft.MicrosoftStickyNotes_6.1.4.0_neutral_split.scale-100_8wekyb3d8bbwe."
"31-07-2026 11:53:37","157","Information","Microsoft-Windows-AppxPackagingOM","The app package signature was validated for core content of the app package published by CN=Microsoft Corporation, O=Microsoft Corporation, L=Redmond, S=Washington, C=US. Payload won't be validated until the files are read."
"31-07-2026 11:53:36","170","Information","Microsoft-Windows-AppxPackagingOM","The streaming reader was created successfully for app package Microsoft.MicrosoftStickyNotes_6.1.4.0_neutral_split.scale-150_8wekyb3d8bbwe."
"31-07-2026 11:53:36","157","Information","Microsoft-Windows-AppxPackagingOM","The app package signature was validated for core content of the app package published by CN=Microsoft Corporation, O=Microsoft Corporation, L=Redmond, S=Washington, C=US. Payload won't be validated until the files are read."
"31-07-2026 11:53:35","170","Information","Microsoft-Windows-AppxPackagingOM","The streaming reader was created successfully for app package Microsoft.MicrosoftStickyNotes_6.1.4.0_x64__8wekyb3d8bbwe."
"31-07-2026 11:53:35","216","Warning","Microsoft-Windows-AppxPackagingOM","App manifest validation warning: Declared namespace http://schemas.microsoft.com/developer/appx/2015/build is inapplicable, it will be ignored during manifest processing."
"31-07-2026 11:53:35","157","Information","Microsoft-Windows-AppxPackagingOM","The app package signature was validated for core content of the app package published by CN=Microsoft Corporation, O=Microsoft Corporation, L=Redmond, S=Washington, C=US. Payload won't be validated until the files are read."
"31-07-2026 11:53:35","170","Information","Microsoft-Windows-AppxPackagingOM","The streaming reader was created successfully for app package AppUp.IntelGraphicsExperience_1.100.5688.0_neutral_split.scale-100_8j3eq9eme6ctt."
"31-07-2026 11:53:35","157","Information","Microsoft-Windows-AppxPackagingOM","The app package signature was validated for core content of the app package published by CN=EB51A5DA-0E72-4863-82E4-EA21C1F8DFE3. Payload won't be validated until the files are read."
"31-07-2026 11:53:34","391","Information","Microsoft-Windows-AppxPackagingOM","The bundle streaming reader was created successfully for bundle Microsoft.MicrosoftStickyNotes_6.1.4.0_neutral_~_8wekyb3d8bbwe."
"31-07-2026 11:53:34","164","Information","Microsoft-Windows-AppxPackagingOM","The app bundle signature was validated for core content of the app bundle published by CN=Microsoft Corporation, O=Microsoft Corporation, L=Redmond, S=Washington, C=US. App packages won't be validated until they are read."
"31-07-2026 11:53:32","170","Information","Microsoft-Windows-AppxPackagingOM","The streaming reader was created successfully for app package Microsoft.WindowsStore_22606.1401.11.0_x64__8wekyb3d8bbwe."
"31-07-2026 11:53:32","216","Warning","Microsoft-Windows-AppxPackagingOM","App manifest validation warning: Declared namespace http://schemas.microsoft.com/developer/appx/2015/build is inapplicable, it will be ignored during manifest processing."
"31-07-2026 11:53:32","157","Information","Microsoft-Windows-AppxPackagingOM","The app package signature was validated for core content of the app package published by CN=Microsoft Corporation, O=Microsoft Corporation, L=Redmond, S=Washington, C=US. Payload won't be validated until the files are read."
"31-07-2026 11:53:31","391","Information","Microsoft-Windows-AppxPackagingOM","The bundle streaming reader was created successfully for bundle Microsoft.WindowsStore_22606.1401.11.0_neutral_~_8wekyb3d8bbwe."
"31-07-2026 11:53:31","164","Information","Microsoft-Windows-AppxPackagingOM","The app bundle signature was validated for core content of the app bundle published by CN=Microsoft Corporation, O=Microsoft Corporation, L=Redmond, S=Washington, C=US. App packages won't be validated until they are read."
"31-07-2026 11:53:26","170","Information","Microsoft-Windows-AppxPackagingOM","The streaming reader was created successfully for app package AppUp.IntelGraphicsExperience_1.100.5688.0_neutral_split.scale-150_8j3eq9eme6ctt."
"31-07-2026 11:53:26","157","Information","Microsoft-Windows-AppxPackagingOM","The app package signature was validated for core content of the app package published by CN=EB51A5DA-0E72-4863-82E4-EA21C1F8DFE3. Payload won't be validated until the files are read."
"31-07-2026 11:53:25","170","Information","Microsoft-Windows-AppxPackagingOM","The streaming reader was created successfully for app package AppUp.IntelGraphicsExperience_1.100.5688.0_x64__8j3eq9eme6ctt."
"31-07-2026 11:53:25","216","Warning","Microsoft-Windows-AppxPackagingOM","App manifest validation warning: Declared namespace http://schemas.microsoft.com/developer/appx/2015/build is inapplicable, it will be ignored during manifest processing."
"31-07-2026 11:53:25","157","Information","Microsoft-Windows-AppxPackagingOM","The app package signature was validated for core content of the app package published by CN=EB51A5DA-0E72-4863-82E4-EA21C1F8DFE3. Payload won't be validated until the files are read."
"31-07-2026 11:53:23","391","Information","Microsoft-Windows-AppxPackagingOM","The bundle streaming reader was created successfully for bundle AppUp.IntelGraphicsExperience_1.100.5688.0_neutral_~_8j3eq9eme6ctt."
"31-07-2026 11:53:23","164","Information","Microsoft-Windows-AppxPackagingOM","The app bundle signature was validated for core content of the app bundle published by CN=EB51A5DA-0E72-4863-82E4-EA21C1F8DFE3. App packages won't be validated until they are read."
"31-07-2026 11:44:31","216","Warning","Microsoft-Windows-AppxPackagingOM","App manifest validation warning: Declared namespace http://schemas.microsoft.com/developer/appx/2015/build is inapplicable, it will be ignored during manifest processing."
"31-07-2026 11:26:36","171","Information","Microsoft-Windows-AppxPackagingOM","The reader was created successfully for app package Microsoft.OutlookForWindows_1.2026.720.100_neutral_XPD.Sentinel_8wekyb3d8bbwe."
"31-07-2026 11:26:36","171","Information","Microsoft-Windows-AppxPackagingOM","The reader was created successfully for app package Microsoft.OutlookForWindows_1.2026.720.100_neutral_XPD.Sentinel_8wekyb3d8bbwe."
"31-07-2026 11:26:36","171","Information","Microsoft-Windows-AppxPackagingOM","The reader was created successfully for app package Microsoft.OutlookForWindows_1.2026.720.100_neutral_XPD.Sentinel_8wekyb3d8bbwe."
"31-07-2026 11:26:36","171","Information","Microsoft-Windows-AppxPackagingOM","The reader was created successfully for app package Microsoft.OutlookForWindows_1.2026.720.100_neutral_XPD.Sentinel_8wekyb3d8bbwe."
"31-07-2026 11:26:35","171","Information","Microsoft-Windows-AppxPackagingOM","The reader was created successfully for app package Microsoft.OutlookForWindows_1.2026.720.100_neutral_XPD.Sentinel_8wekyb3d8bbwe."
"31-07-2026 11:26:35","171","Information","Microsoft-Windows-AppxPackagingOM","The reader was created successfully for app package Microsoft.OutlookForWindows_1.2026.720.100_neutral_XPD.Sentinel_8wekyb3d8bbwe."
"31-07-2026 11:26:33","171","Information","Microsoft-Windows-AppxPackagingOM","The reader was created successfully for app package Microsoft.OutlookForWindows_1.2026.720.100_neutral_XPD.Sentinel_8wekyb3d8bbwe."
"31-07-2026 11:26:33","171","Information","Microsoft-Windows-AppxPackagingOM","The reader was created successfully for app package Microsoft.OutlookForWindows_1.2026.720.100_neutral_XPD.Sentinel_8wekyb3d8bbwe."
"31-07-2026 11:26:27","171","Information","Microsoft-Windows-AppxPackagingOM","The reader was created successfully for app package Microsoft.OutlookForWindows_1.2026.720.100_neutral_XPD.Sentinel_8wekyb3d8bbwe."
"31-07-2026 11:26:27","171","Information","Microsoft-Windows-AppxPackagingOM","The reader was created successfully for app package Microsoft.OutlookForWindows_1.2026.720.100_neutral_XPD.Sentinel_8wekyb3d8bbwe."
"31-07-2026 11:26:27","171","Information","Microsoft-Windows-AppxPackagingOM","The reader was created successfully for app package Microsoft.OutlookForWindows_1.2026.720.100_neutral_XPD.Sentinel_8wekyb3d8bbwe."
"31-07-2026 11:26:27","171","Information","Microsoft-Windows-AppxPackagingOM","The reader was created successfully for app package Microsoft.OutlookForWindows_1.2026.720.100_neutral_XPD.Sentinel_8wekyb3d8bbwe."
"31-07-2026 11:17:16","171","Information","Microsoft-Windows-AppxPackagingOM","The reader was created successfully for app package Microsoft.SecHealthUI_1000.29628.1000.0_x64__8wekyb3d8bbwe."
"31-07-2026 10:48:16","170","Information","Microsoft-Windows-AppxPackagingOM","The streaming reader was created successfully for app package Microsoft.OutlookForWindows_1.2026.720.100_x64__8wekyb3d8bbwe."
"31-07-2026 10:48:16","216","Warning","Microsoft-Windows-AppxPackagingOM","App manifest validation warning: Declared namespace http://schemas.microsoft.com/developer/appx/2015/build is inapplicable, it will be ignored during manifest processing."
"31-07-2026 10:48:16","157","Information","Microsoft-Windows-AppxPackagingOM","The app package signature was validated for core content of the app package published by CN=Microsoft Corporation, O=Microsoft Corporation, L=Redmond, S=Washington, C=US. Payload won't be validated until the files are read."
"31-07-2026 10:48:13","171","Information","Microsoft-Windows-AppxPackagingOM","The reader was created successfully for app package Microsoft.OutlookForWindows_1.2026.720.100_neutral_XPD.Sentinel_8wekyb3d8bbwe."
"31-07-2026 10:48:13","171","Information","Microsoft-Windows-AppxPackagingOM","The reader was created successfully for app package Microsoft.OutlookForWindows_1.2026.720.100_neutral_XPD.Sentinel_8wekyb3d8bbwe."
"31-07-2026 10:48:13","171","Information","Microsoft-Windows-AppxPackagingOM","The reader was created successfully for app package Microsoft.OutlookForWindows_1.2026.720.100_neutral_XPD.Sentinel_8wekyb3d8bbwe."
"31-07-2026 10:48:13","171","Information","Microsoft-Windows-AppxPackagingOM","The reader was created successfully for app package Microsoft.OutlookForWindows_1.2026.720.100_neutral_XPD.Sentinel_8wekyb3d8bbwe."
"31-07-2026 10:48:13","171","Information","Microsoft-Windows-AppxPackagingOM","The reader was created successfully for app package Microsoft.OutlookForWindows_1.2026.720.100_neutral_XPD.Sentinel_8wekyb3d8bbwe."
"31-07-2026 10:48:12","171","Information","Microsoft-Windows-AppxPackagingOM","The reader was created successfully for app package Microsoft.OutlookForWindows_1.2026.720.100_neutral_XPD.Sentinel_8wekyb3d8bbwe."
"31-07-2026 10:47:39","170","Information","Microsoft-Windows-AppxPackagingOM","The streaming reader was created successfully for app package Microsoft.OutlookForWindows_1.2026.720.100_x64__8wekyb3d8bbwe."
"31-07-2026 10:47:39","216","Warning","Microsoft-Windows-AppxPackagingOM","App manifest validation warning: Declared namespace http://schemas.microsoft.com/developer/appx/2015/build is inapplicable, it will be ignored during manifest processing."
"31-07-2026 10:47:39","157","Information","Microsoft-Windows-AppxPackagingOM","The app package signature was validated for core content of the app package published by CN=Microsoft Corporation, O=Microsoft Corporation, L=Redmond, S=Washington, C=US. Payload won't be validated until the files are read."
"31-07-2026 10:47:36","171","Information","Microsoft-Windows-AppxPackagingOM","The reader was created successfully for app package Microsoft.OutlookForWindows_1.2026.720.100_neutral_XPD.Sentinel_8wekyb3d8bbwe."
"31-07-2026 10:47:36","171","Information","Microsoft-Windows-AppxPackagingOM","The reader was created successfully for app package Microsoft.OutlookForWindows_1.2026.720.100_neutral_XPD.Sentinel_8wekyb3d8bbwe."
"31-07-2026 10:47:36","171","Information","Microsoft-Windows-AppxPackagingOM","The reader was created successfully for app package Microsoft.OutlookForWindows_1.2026.720.100_neutral_XPD.Sentinel_8wekyb3d8bbwe."
"31-07-2026 10:47:36","171","Information","Microsoft-Windows-AppxPackagingOM","The reader was created successfully for app package Microsoft.OutlookForWindows_1.2026.720.100_neutral_XPD.Sentinel_8wekyb3d8bbwe."
"31-07-2026 10:47:35","171","Information","Microsoft-Windows-AppxPackagingOM","The reader was created successfully for app package Microsoft.OutlookForWindows_1.2026.720.100_neutral_XPD.Sentinel_8wekyb3d8bbwe."
"31-07-2026 10:47:35","171","Information","Microsoft-Windows-AppxPackagingOM","The reader was created successfully for app package Microsoft.OutlookForWindows_1.2026.720.100_neutral_XPD.Sentinel_8wekyb3d8bbwe."
"31-07-2026 10:47:32","171","Information","Microsoft-Windows-AppxPackagingOM","The reader was created successfully for app package Microsoft.OutlookForWindows_1.2026.720.100_neutral_XPD.Sentinel_8wekyb3d8bbwe."
"31-07-2026 10:47:32","171","Information","Microsoft-Windows-AppxPackagingOM","The reader was created successfully for app package Microsoft.OutlookForWindows_1.2026.720.100_neutral_XPD.Sentinel_8wekyb3d8bbwe."
"31-07-2026 10:47:27","171","Information","Microsoft-Windows-AppxPackagingOM","The reader was created successfully for app package Microsoft.OutlookForWindows_1.2026.521.100_neutral_XPD.Sentinel_8wekyb3d8bbwe."
"31-07-2026 10:47:26","171","Information","Microsoft-Windows-AppxPackagingOM","The reader was created successfully for app package Microsoft.OutlookForWindows_1.2026.521.100_neutral_XPD.Sentinel_8wekyb3d8bbwe."
"31-07-2026 10:47:26","171","Information","Microsoft-Windows-AppxPackagingOM","The reader was created successfully for app package Microsoft.OutlookForWindows_1.2026.720.100_neutral_XPD.Sentinel_8wekyb3d8bbwe."
"31-07-2026 10:47:26","171","Information","Microsoft-Windows-AppxPackagingOM","The reader was created successfully for app package Microsoft.OutlookForWindows_1.2026.720.100_neutral_XPD.Sentinel_8wekyb3d8bbwe."
"31-07-2026 10:44:30","216","Warning","Microsoft-Windows-AppxPackagingOM","App manifest validation warning: Declared namespace http://schemas.microsoft.com/developer/appx/2015/build is inapplicable, it will be ignored during manifest processing."
"31-07-2026 10:43:12","171","Information","Microsoft-Windows-AppxPackagingOM","The reader was created successfully for app package Microsoft.SecHealthUI_1000.29628.1000.0_x64__8wekyb3d8bbwe."
"31-07-2026 10:26:10","171","Information","Microsoft-Windows-AppxPackagingOM","The reader was created successfully for app package Microsoft.SecHealthUI_1000.29628.1000.0_x64__8wekyb3d8bbwe."
"31-07-2026 10:03:10","170","Information","Microsoft-Windows-AppxPackagingOM","The streaming reader was created successfully for app package Microsoft.SecHealthUI_1000.29628.1000.0_x64__8wekyb3d8bbwe."
"31-07-2026 10:03:10","157","Information","Microsoft-Windows-AppxPackagingOM","The app package signature was validated for core content of the app package published by CN=Microsoft Corporation, O=Microsoft Corporation, L=Redmond, S=Washington, C=US. Payload won't be validated until the files are read."
"31-07-2026 10:03:09","170","Information","Microsoft-Windows-AppxPackagingOM","The streaming reader was created successfully for app package Microsoft.UI.Xaml.2.8_8.2511.26001.0_x64__8wekyb3d8bbwe."
"31-07-2026 10:03:09","216","Warning","Microsoft-Windows-AppxPackagingOM","App manifest validation warning: Declared namespace http://schemas.microsoft.com/developer/appx/2015/build is inapplicable, it will be ignored during manifest processing."
"31-07-2026 10:03:09","157","Information","Microsoft-Windows-AppxPackagingOM","The app package signature was validated for core content of the app package published by CN=Microsoft Corporation, O=Microsoft Corporation, L=Redmond, S=Washington, C=US. Payload won't be validated until the files are read."
"31-07-2026 10:03:08","170","Information","Microsoft-Windows-AppxPackagingOM","The streaming reader was created successfully for app package Microsoft.VCLibs.140.00_14.0.33519.0_x64__8wekyb3d8bbwe."
"31-07-2026 10:03:08","216","Warning","Microsoft-Windows-AppxPackagingOM","App manifest validation warning: Declared namespace http://schemas.microsoft.com/developer/appx/2015/build is inapplicable, it will be ignored during manifest processing."
"31-07-2026 10:03:08","157","Information","Microsoft-Windows-AppxPackagingOM","The app package signature was validated for core content of the app package published by CN=Microsoft Corporation, O=Microsoft Corporation, L=Redmond, S=Washington, C=US. Payload won't be validated until the files are read."
"31-07-2026 10:03:07","171","Information","Microsoft-Windows-AppxPackagingOM","The reader was created successfully for app package Microsoft.SecHealthUI_1000.29628.1000.0_x64__8wekyb3d8bbwe."
"31-07-2026 09:46:36","170","Information","Microsoft-Windows-AppxPackagingOM","The streaming reader was created successfully for app package Microsoft.OneDriveSync_26129.706.3.0_neutral__8wekyb3d8bbwe."
"31-07-2026 09:46:36","157","Information","Microsoft-Windows-AppxPackagingOM","The app package signature was validated for core content of the app package published by CN=Microsoft Corporation, O=Microsoft Corporation, L=Redmond, S=Washington, C=US. Payload won't be validated until the files are read."
"31-07-2026 09:46:21","171","Information","Microsoft-Windows-AppxPackagingOM","The reader was created successfully for app package Microsoft.SecHealthUI_1000.29554.1001.0_x64__8wekyb3d8bbwe."
"31-07-2026 09:45:27","171","Information","Microsoft-Windows-AppxPackagingOM","The reader was created successfully for app package inputsuggestions_8.1002.26138.1_neutral_neutral_8wekyb3d8bbwe."
"31-07-2026 09:44:30","170","Information","Microsoft-Windows-AppxPackagingOM","The streaming reader was created successfully for app package MdOdrMcpFilterPackage_1.0.0.0_neutral__cw5n1h2txyewy."
"31-07-2026 09:44:30","157","Information","Microsoft-Windows-AppxPackagingOM","The app package signature was validated for core content of the app package published by CN=Microsoft Windows, O=Microsoft Corporation, L=Redmond, S=Washington, C=US. Payload won't be validated until the files are read."
"31-07-2026 09:39:32","216","Warning","Microsoft-Windows-AppxPackagingOM","App manifest validation warning: Declared namespace http://schemas.microsoft.com/developer/appx/2015/build is inapplicable, it will be ignored during manifest processing."
"31-07-2026 09:39:22","171","Information","Microsoft-Windows-AppxPackagingOM","The reader was created successfully for app package Microsoft.SecHealthUI_1000.29554.1001.0_x64__8wekyb3d8bbwe."
"31-07-2026 09:32:34","170","Information","Microsoft-Windows-AppxPackagingOM","The streaming reader was created successfully for app package Microsoft.MicrosoftEdge.Stable_150.0.4078.105_neutral__8wekyb3d8bbwe."
"31-07-2026 09:32:34","157","Information","Microsoft-Windows-AppxPackagingOM","The app package signature was validated for core content of the app package published by CN=Microsoft Corporation, O=Microsoft Corporation, L=Redmond, S=Washington, C=US. Payload won't be validated until the files are read."
"30-07-2026 18:57:56","216","Warning","Microsoft-Windows-AppxPackagingOM","App manifest validation warning: Declared namespace http://schemas.microsoft.com/developer/appx/2015/build is inapplicable, it will be ignored during manifest processing."
"30-07-2026 18:17:36","171","Information","Microsoft-Windows-AppxPackagingOM","The reader was created successfully for app package Microsoft.SecHealthUI_1000.29554.1001.0_x64__8wekyb3d8bbwe."
"30-07-2026 17:57:55","216","Warning","Microsoft-Windows-AppxPackagingOM","App manifest validation warning: Declared namespace http://schemas.microsoft.com/developer/appx/2015/build is inapplicable, it will be ignored during manifest processing."
"30-07-2026 16:57:54","216","Warning","Microsoft-Windows-AppxPackagingOM","App manifest validation warning: Declared namespace http://schemas.microsoft.com/developer/appx/2015/build is inapplicable, it will be ignored during manifest processing."
"30-07-2026 15:57:49","216","Warning","Microsoft-Windows-AppxPackagingOM","App manifest validation warning: Declared namespace http://schemas.microsoft.com/developer/appx/2015/build is inapplicable, it will be ignored during manifest processing."
"30-07-2026 15:45:25","171","Information","Microsoft-Windows-AppxPackagingOM","The reader was created successfully for app package Microsoft.SecHealthUI_1000.29554.1001.0_x64__8wekyb3d8bbwe."
"30-07-2026 14:57:48","216","Warning","Microsoft-Windows-AppxPackagingOM","App manifest validation warning: Declared namespace http://schemas.microsoft.com/developer/appx/2015/build is inapplicable, it will be ignored during manifest processing."
"30-07-2026 14:47:07","171","Information","Microsoft-Windows-AppxPackagingOM","The reader was created successfully for app package Microsoft.SecHealthUI_1000.29554.1001.0_x64__8wekyb3d8bbwe."
"30-07-2026 14:17:39","171","Information","Microsoft-Windows-AppxPackagingOM","The reader was created successfully for app package Microsoft.SecHealthUI_1000.29554.1001.0_x64__8wekyb3d8bbwe."
"30-07-2026 13:51:06","216","Warning","Microsoft-Windows-AppxPackagingOM","App manifest validation warning: Declared namespace http://schemas.microsoft.com/developer/appx/2015/build is inapplicable, it will be ignored during manifest processing."
"30-07-2026 12:51:05","216","Warning","Microsoft-Windows-AppxPackagingOM","App manifest validation warning: Declared namespace http://schemas.microsoft.com/developer/appx/2015/build is inapplicable, it will be ignored during manifest processing."
"30-07-2026 12:34:17","171","Information","Microsoft-Windows-AppxPackagingOM","The reader was created successfully for app package inputsuggestions_8.1002.26138.1_neutral_neutral_8wekyb3d8bbwe."
"30-07-2026 12:20:48","171","Information","Microsoft-Windows-AppxPackagingOM","The reader was created successfully for app package Microsoft.SecHealthUI_1000.29554.1001.0_x64__8wekyb3d8bbwe."
"30-07-2026 11:51:04","216","Warning","Microsoft-Windows-AppxPackagingOM","App manifest validation warning: Declared namespace http://schemas.microsoft.com/developer/appx/2015/build is inapplicable, it will be ignored during manifest processing."
"30-07-2026 11:48:26","170","Information","Microsoft-Windows-AppxPackagingOM","The streaming reader was created successfully for app package Microsoft.WindowsNotepad_11.2606.15.0_neutral_split.scale-100_8wekyb3d8bbwe."
"30-07-2026 11:48:25","157","Information","Microsoft-Windows-AppxPackagingOM","The app package signature was validated for core content of the app package published by CN=Microsoft Corporation, O=Microsoft Corporation, L=Redmond, S=Washington, C=US. Payload won't be validated until the files are read."
"30-07-2026 11:48:24","170","Information","Microsoft-Windows-AppxPackagingOM","The streaming reader was created successfully for app package Microsoft.WindowsNotepad_11.2606.15.0_neutral_split.scale-150_8wekyb3d8bbwe."
"30-07-2026 11:48:24","157","Information","Microsoft-Windows-AppxPackagingOM","The app package signature was validated for core content of the app package published by CN=Microsoft Corporation, O=Microsoft Corporation, L=Redmond, S=Washington, C=US. Payload won't be validated until the files are read."
"30-07-2026 11:48:23","170","Information","Microsoft-Windows-AppxPackagingOM","The streaming reader was created successfully for app package MicrosoftWindows.CrossDevice_1.26062.105.0_neutral_split.scale-100_cw5n1h2txyewy."
"30-07-2026 11:48:23","170","Information","Microsoft-Windows-AppxPackagingOM","The streaming reader was created successfully for app package Microsoft.WindowsNotepad_11.2606.15.0_x64__8wekyb3d8bbwe."
"30-07-2026 11:48:23","157","Information","Microsoft-Windows-AppxPackagingOM","The app package signature was validated for core content of the app package published by CN=Microsoft Windows, O=Microsoft Corporation, L=Redmond, S=Washington, C=US. Payload won't be validated until the files are read."
"30-07-2026 11:48:23","216","Warning","Microsoft-Windows-AppxPackagingOM","App manifest validation warning: Declared namespace http://schemas.microsoft.com/developer/appx/2015/build is inapplicable, it will be ignored during manifest processing."
"30-07-2026 11:48:23","157","Information","Microsoft-Windows-AppxPackagingOM","The app package signature was validated for core content of the app package published by CN=Microsoft Corporation, O=Microsoft Corporation, L=Redmond, S=Washington, C=US. Payload won't be validated until the files are read."
"30-07-2026 11:48:22","170","Information","Microsoft-Windows-AppxPackagingOM","The streaming reader was created successfully for app package MicrosoftWindows.CrossDevice_1.26062.105.0_neutral_split.scale-150_cw5n1h2txyewy."
"30-07-2026 11:48:22","157","Information","Microsoft-Windows-AppxPackagingOM","The app package signature was validated for core content of the app package published by CN=Microsoft Windows, O=Microsoft Corporation, L=Redmond, S=Washington, C=US. Payload won't be validated until the files are read."
"30-07-2026 11:48:21","170","Information","Microsoft-Windows-AppxPackagingOM","The streaming reader was created successfully for app package MicrosoftWindows.CrossDevice_1.26062.105.0_x64__cw5n1h2txyewy."
"30-07-2026 11:48:20","216","Warning","Microsoft-Windows-AppxPackagingOM","App manifest validation warning: Declared namespace http://schemas.microsoft.com/developer/appx/2015/build is inapplicable, it will be ignored during manifest processing."
"30-07-2026 11:48:20","391","Information","Microsoft-Windows-AppxPackagingOM","The bundle streaming reader was created successfully for bundle Microsoft.WindowsNotepad_11.2606.15.0_neutral_~_8wekyb3d8bbwe."
"30-07-2026 11:48:20","164","Information","Microsoft-Windows-AppxPackagingOM","The app bundle signature was validated for core content of the app bundle published by CN=Microsoft Corporation, O=Microsoft Corporation, L=Redmond, S=Washington, C=US. App packages won't be validated until they are read."
"30-07-2026 11:48:20","157","Information","Microsoft-Windows-AppxPackagingOM","The app package signature was validated for core content of the app package published by CN=Microsoft Windows, O=Microsoft Corporation, L=Redmond, S=Washington, C=US. Payload won't be validated until the files are read."
"30-07-2026 11:48:19","391","Information","Microsoft-Windows-AppxPackagingOM","The bundle streaming reader was created successfully for bundle MicrosoftWindows.CrossDevice_1.26062.105.0_neutral_~_cw5n1h2txyewy."
"30-07-2026 11:48:18","164","Information","Microsoft-Windows-AppxPackagingOM","The app bundle signature was validated for core content of the app bundle published by CN=Microsoft Windows, O=Microsoft Corporation, L=Redmond, S=Washington, C=US. App packages won't be validated until they are read."
"30-07-2026 11:48:14","170","Information","Microsoft-Windows-AppxPackagingOM","The streaming reader was created successfully for app package MicrosoftCorporationII.QuickAssist_2.0.47.0_neutral_split.scale-100_8wekyb3d8bbwe."
"30-07-2026 11:48:14","157","Information","Microsoft-Windows-AppxPackagingOM","The app package signature was validated for core content of the app package published by CN=Microsoft Corporation, O=Microsoft Corporation, L=Redmond, S=Washington, C=US. Payload won't be validated until the files are read."
"30-07-2026 11:48:12","170","Information","Microsoft-Windows-AppxPackagingOM","The streaming reader was created successfully for app package MicrosoftCorporationII.QuickAssist_2.0.47.0_neutral_split.scale-150_8wekyb3d8bbwe."
"30-07-2026 11:48:12","157","Information","Microsoft-Windows-AppxPackagingOM","The app package signature was validated for core content of the app package published by CN=Microsoft Corporation, O=Microsoft Corporation, L=Redmond, S=Washington, C=US. Payload won't be validated until the files are read."
"30-07-2026 11:48:10","170","Information","Microsoft-Windows-AppxPackagingOM","The streaming reader was created successfully for app package MicrosoftCorporationII.QuickAssist_2.0.47.0_x64__8wekyb3d8bbwe."
"30-07-2026 11:48:10","216","Warning","Microsoft-Windows-AppxPackagingOM","App manifest validation warning: Declared namespace http://schemas.microsoft.com/appx/manifest/desktop/windows10/7 is inapplicable, it will be ignored during manifest processing."
"30-07-2026 11:48:10","216","Warning","Microsoft-Windows-AppxPackagingOM","App manifest validation warning: Declared namespace http://schemas.microsoft.com/developer/appx/2015/build is inapplicable, it will be ignored during manifest processing."
"30-07-2026 11:48:10","157","Information","Microsoft-Windows-AppxPackagingOM","The app package signature was validated for core content of the app package published by CN=Microsoft Corporation, O=Microsoft Corporation, L=Redmond, S=Washington, C=US. Payload won't be validated until the files are read."
"30-07-2026 11:48:09","391","Information","Microsoft-Windows-AppxPackagingOM","The bundle streaming reader was created successfully for bundle MicrosoftCorporationII.QuickAssist_2026.219.226.0_neutral_~_8wekyb3d8bbwe."
"30-07-2026 11:48:08","164","Information","Microsoft-Windows-AppxPackagingOM","The app bundle signature was validated for core content of the app bundle published by CN=Microsoft Corporation, O=Microsoft Corporation, L=Redmond, S=Washington, C=US. App packages won't be validated until they are read."
"30-07-2026 11:48:07","170","Information","Microsoft-Windows-AppxPackagingOM","The streaming reader was created successfully for app package Microsoft.People_10.2202.100.0_neutral_split.scale-100_8wekyb3d8bbwe."
"30-07-2026 11:48:07","157","Information","Microsoft-Windows-AppxPackagingOM","The app package signature was validated for core content of the app package published by CN=Microsoft Corporation, O=Microsoft Corporation, L=Redmond, S=Washington, C=US. Payload won't be validated until the files are read."
"30-07-2026 11:48:06","170","Information","Microsoft-Windows-AppxPackagingOM","The streaming reader was created successfully for app package Microsoft.People_10.2202.100.0_neutral_split.scale-150_8wekyb3d8bbwe."
"30-07-2026 11:48:06","157","Information","Microsoft-Windows-AppxPackagingOM","The app package signature was validated for core content of the app package published by CN=Microsoft Corporation, O=Microsoft Corporation, L=Redmond, S=Washington, C=US. Payload won't be validated until the files are read."
"30-07-2026 11:48:05","170","Information","Microsoft-Windows-AppxPackagingOM","The streaming reader was created successfully for app package Microsoft.People_10.2202.100.0_x64__8wekyb3d8bbwe."
"30-07-2026 11:48:05","216","Warning","Microsoft-Windows-AppxPackagingOM","App manifest validation warning: Declared namespace http://schemas.microsoft.com/developer/appx/2015/build is inapplicable, it will be ignored during manifest processing."
"30-07-2026 11:48:04","157","Information","Microsoft-Windows-AppxPackagingOM","The app package signature was validated for core content of the app package published by CN=Microsoft Corporation, O=Microsoft Corporation, L=Redmond, S=Washington, C=US. Payload won't be validated until the files are read."
"30-07-2026 11:48:03","391","Information","Microsoft-Windows-AppxPackagingOM","The bundle streaming reader was created successfully for bundle Microsoft.People_2021.2202.100.0_neutral_~_8wekyb3d8bbwe."
"30-07-2026 11:48:03","164","Information","Microsoft-Windows-AppxPackagingOM","The app bundle signature was validated for core content of the app bundle published by CN=Microsoft Corporation, O=Microsoft Corporation, L=Redmond, S=Washington, C=US. App packages won't be validated until they are read."
"30-07-2026 11:47:54","170","Information","Microsoft-Windows-AppxPackagingOM","The streaming reader was created successfully for app package Microsoft.MicrosoftStickyNotes_6.1.4.0_neutral_split.scale-100_8wekyb3d8bbwe."
"30-07-2026 11:47:54","157","Information","Microsoft-Windows-AppxPackagingOM","The app package signature was validated for core content of the app package published by CN=Microsoft Corporation, O=Microsoft Corporation, L=Redmond, S=Washington, C=US. Payload won't be validated until the files are read."
"30-07-2026 11:47:53","170","Information","Microsoft-Windows-AppxPackagingOM","The streaming reader was created successfully for app package Microsoft.MicrosoftStickyNotes_6.1.4.0_neutral_split.scale-150_8wekyb3d8bbwe."
"30-07-2026 11:47:52","157","Information","Microsoft-Windows-AppxPackagingOM","The app package signature was validated for core content of the app package published by CN=Microsoft Corporation, O=Microsoft Corporation, L=Redmond, S=Washington, C=US. Payload won't be validated until the files are read."
"30-07-2026 11:47:51","170","Information","Microsoft-Windows-AppxPackagingOM","The streaming reader was created successfully for app package Microsoft.MicrosoftStickyNotes_6.1.4.0_x64__8wekyb3d8bbwe."
"30-07-2026 11:47:51","216","Warning","Microsoft-Windows-AppxPackagingOM","App manifest validation warning: Declared namespace http://schemas.microsoft.com/developer/appx/2015/build is inapplicable, it will be ignored during manifest processing."
"30-07-2026 11:47:51","157","Information","Microsoft-Windows-AppxPackagingOM","The app package signature was validated for core content of the app package published by CN=Microsoft Corporation, O=Microsoft Corporation, L=Redmond, S=Washington, C=US. Payload won't be validated until the files are read."
"30-07-2026 11:47:49","391","Information","Microsoft-Windows-AppxPackagingOM","The bundle streaming reader was created successfully for bundle Microsoft.MicrosoftStickyNotes_6.1.4.0_neutral_~_8wekyb3d8bbwe."
"30-07-2026 11:47:49","164","Information","Microsoft-Windows-AppxPackagingOM","The app bundle signature was validated for core content of the app bundle published by CN=Microsoft Corporation, O=Microsoft Corporation, L=Redmond, S=Washington, C=US. App packages won't be validated until they are read."
"30-07-2026 11:47:45","170","Information","Microsoft-Windows-AppxPackagingOM","The streaming reader was created successfully for app package Microsoft.MicrosoftOfficeHub_19.2607.54031.0_neutral_split.scale-100_8wekyb3d8bbwe."
"30-07-2026 11:47:45","157","Information","Microsoft-Windows-AppxPackagingOM","The app package signature was validated for core content of the app package published by CN=Microsoft Corporation, O=Microsoft Corporation, L=Redmond, S=Washington, C=US. Payload won't be validated until the files are read."
"30-07-2026 11:47:43","170","Information","Microsoft-Windows-AppxPackagingOM","The streaming reader was created successfully for app package Microsoft.MicrosoftOfficeHub_19.2607.54031.0_neutral_split.scale-150_8wekyb3d8bbwe."
"30-07-2026 11:47:43","157","Information","Microsoft-Windows-AppxPackagingOM","The app package signature was validated for core content of the app package published by CN=Microsoft Corporation, O=Microsoft Corporation, L=Redmond, S=Washington, C=US. Payload won't be validated until the files are read."
"30-07-2026 11:47:41","170","Information","Microsoft-Windows-AppxPackagingOM","The streaming reader was created successfully for app package AppUp.IntelGraphicsExperience_1.100.5688.0_neutral_split.scale-100_8j3eq9eme6ctt."
"30-07-2026 11:47:41","157","Information","Microsoft-Windows-AppxPackagingOM","The app package signature was validated for core content of the app package published by CN=EB51A5DA-0E72-4863-82E4-EA21C1F8DFE3. Payload won't be validated until the files are read."
"30-07-2026 11:47:40","170","Information","Microsoft-Windows-AppxPackagingOM","The streaming reader was created successfully for app package Microsoft.MicrosoftOfficeHub_19.2607.54031.0_x64__8wekyb3d8bbwe."
"30-07-2026 11:47:40","216","Warning","Microsoft-Windows-AppxPackagingOM","App manifest validation warning: Declared namespace http://schemas.microsoft.com/developer/appx/2015/build is inapplicable, it will be ignored during manifest processing."
"30-07-2026 11:47:40","157","Information","Microsoft-Windows-AppxPackagingOM","The app package signature was validated for core content of the app package published by CN=Microsoft Corporation, O=Microsoft Corporation, L=Redmond, S=Washington, C=US. Payload won't be validated until the files are read."
"30-07-2026 11:47:39","170","Information","Microsoft-Windows-AppxPackagingOM","The streaming reader was created successfully for app package AppUp.IntelGraphicsExperience_1.100.5688.0_neutral_split.scale-150_8j3eq9eme6ctt."
"30-07-2026 11:47:39","157","Information","Microsoft-Windows-AppxPackagingOM","The app package signature was validated for core content of the app package published by CN=EB51A5DA-0E72-4863-82E4-EA21C1F8DFE3. Payload won't be validated until the files are read."
"30-07-2026 11:47:38","170","Information","Microsoft-Windows-AppxPackagingOM","The streaming reader was created successfully for app package AppUp.IntelGraphicsExperience_1.100.5688.0_x64__8j3eq9eme6ctt."
"30-07-2026 11:47:38","216","Warning","Microsoft-Windows-AppxPackagingOM","App manifest validation warning: Declared namespace http://schemas.microsoft.com/developer/appx/2015/build is inapplicable, it will be ignored during manifest processing."
"30-07-2026 11:47:38","157","Information","Microsoft-Windows-AppxPackagingOM","The app package signature was validated for core content of the app package published by CN=EB51A5DA-0E72-4863-82E4-EA21C1F8DFE3. Payload won't be validated until the files are read."
"30-07-2026 11:47:37","391","Information","Microsoft-Windows-AppxPackagingOM","The bundle streaming reader was created successfully for bundle Microsoft.MicrosoftOfficeHub_2026.724.1445.0_neutral_~_8wekyb3d8bbwe."
"30-07-2026 11:47:37","164","Information","Microsoft-Windows-AppxPackagingOM","The app bundle signature was validated for core content of the app bundle published by CN=Microsoft Corporation, O=Microsoft Corporation, L=Redmond, S=Washington, C=US. App packages won't be validated until they are read."
"30-07-2026 11:47:33","391","Information","Microsoft-Windows-AppxPackagingOM","The bundle streaming reader was created successfully for bundle AppUp.IntelGraphicsExperience_1.100.5688.0_neutral_~_8j3eq9eme6ctt."
"30-07-2026 11:47:33","164","Information","Microsoft-Windows-AppxPackagingOM","The app bundle signature was validated for core content of the app bundle published by CN=EB51A5DA-0E72-4863-82E4-EA21C1F8DFE3. App packages won't be validated until they are read."
"30-07-2026 11:25:40","171","Information","Microsoft-Windows-AppxPackagingOM","The reader was created successfully for app package Microsoft.SecHealthUI_1000.29554.1001.0_x64__8wekyb3d8bbwe."
"30-07-2026 10:51:04","216","Warning","Microsoft-Windows-AppxPackagingOM","App manifest validation warning: Declared namespace http://schemas.microsoft.com/developer/appx/2015/build is inapplicable, it will be ignored during manifest processing."
"30-07-2026 09:51:03","216","Warning","Microsoft-Windows-AppxPackagingOM","App manifest validation warning: Declared namespace http://schemas.microsoft.com/developer/appx/2015/build is inapplicable, it will be ignored during manifest processing."
"30-07-2026 09:47:07","171","Information","Microsoft-Windows-AppxPackagingOM","The reader was created successfully for app package Microsoft.SecHealthUI_1000.29554.1001.0_x64__8wekyb3d8bbwe."
"30-07-2026 09:44:01","171","Information","Microsoft-Windows-AppxPackagingOM","The reader was created successfully for app package Microsoft.SecHealthUI_1000.29554.1001.0_x64__8wekyb3d8bbwe."
"30-07-2026 09:39:09","170","Information","Microsoft-Windows-AppxPackagingOM","The streaming reader was created successfully for app package Microsoft.WindowsAppRuntime.2_2.2.0.0_x86__8wekyb3d8bbwe."
"30-07-2026 09:39:09","157","Information","Microsoft-Windows-AppxPackagingOM","The app package signature was validated for core content of the app package published by CN=Microsoft Corporation, O=Microsoft Corporation, L=Redmond, S=Washington, C=US. Payload won't be validated until the files are read."
"29-07-2026 19:40:13","216","Warning","Microsoft-Windows-AppxPackagingOM","App manifest validation warning: Declared namespace http://schemas.microsoft.com/developer/appx/2015/build is inapplicable, it will be ignored during manifest processing."
"29-07-2026 18:40:12","216","Warning","Microsoft-Windows-AppxPackagingOM","App manifest validation warning: Declared namespace http://schemas.microsoft.com/developer/appx/2015/build is inapplicable, it will be ignored during manifest processing."
"29-07-2026 18:00:10","171","Information","Microsoft-Windows-AppxPackagingOM","The reader was created successfully for app package Microsoft.SecHealthUI_1000.29554.1001.0_x64__8wekyb3d8bbwe."
"29-07-2026 17:40:12","216","Warning","Microsoft-Windows-AppxPackagingOM","App manifest validation warning: Declared namespace http://schemas.microsoft.com/developer/appx/2015/build is inapplicable, it will be ignored during manifest processing."
"29-07-2026 16:46:56","171","Information","Microsoft-Windows-AppxPackagingOM","The reader was created successfully for app package Microsoft.SecHealthUI_1000.29554.1001.0_x64__8wekyb3d8bbwe."
"29-07-2026 16:40:11","216","Warning","Microsoft-Windows-AppxPackagingOM","App manifest validation warning: Declared namespace http://schemas.microsoft.com/developer/appx/2015/build is inapplicable, it will be ignored during manifest processing."
"29-07-2026 16:01:57","171","Information","Microsoft-Windows-AppxPackagingOM","The reader was created successfully for app package Microsoft.SecHealthUI_1000.29554.1001.0_x64__8wekyb3d8bbwe."
"29-07-2026 15:43:30","170","Information","Microsoft-Windows-AppxPackagingOM","The streaming reader was created successfully for app package Microsoft.OneDriveSync_26129.706.3.0_neutral__8wekyb3d8bbwe."
"29-07-2026 15:43:30","157","Information","Microsoft-Windows-AppxPackagingOM","The app package signature was validated for core content of the app package published by CN=Microsoft Corporation, O=Microsoft Corporation, L=Redmond, S=Washington, C=US. Payload won't be validated until the files are read."
"29-07-2026 15:43:13","170","Information","Microsoft-Windows-AppxPackagingOM","The streaming reader was created successfully for app package Microsoft.OneDriveSync_26129.706.3.0_neutral__8wekyb3d8bbwe."
"29-07-2026 15:43:13","157","Information","Microsoft-Windows-AppxPackagingOM","The app package signature was validated for core content of the app package published by CN=Microsoft Corporation, O=Microsoft Corporation, L=Redmond, S=Washington, C=US. Payload won't be validated until the files are read."
"29-07-2026 15:40:10","216","Warning","Microsoft-Windows-AppxPackagingOM","App manifest validation warning: Declared namespace http://schemas.microsoft.com/developer/appx/2015/build is inapplicable, it will be ignored during manifest processing."
"29-07-2026 15:21:15","171","Information","Microsoft-Windows-AppxPackagingOM","The reader was created successfully for app package Microsoft.SecHealthUI_1000.29554.1001.0_x64__8wekyb3d8bbwe."
"29-07-2026 14:40:10","216","Warning","Microsoft-Windows-AppxPackagingOM","App manifest validation warning: Declared namespace http://schemas.microsoft.com/developer/appx/2015/build is inapplicable, it will be ignored during manifest processing."
