"12-08-2026 08:55:19","101","Information","Microsoft-Windows-CoreSystem-SmsRouter","[SmsRouter] SmsRouter is stoped"
"12-08-2026 07:34:21","201","Information","Microsoft-Windows-CoreSystem-SmsRouter","[SmsRouter] SmsBroker is stoped"
"12-08-2026 07:34:21","102","Error","Microsoft-Windows-CoreSystem-SmsRouter","[SmsRouter::CSmsDeviceManager::Uninitialize:0x6D2] Error The device is not ready.: UninitializeWwanWatcher"
"12-08-2026 07:34:21","102","Error","Microsoft-Windows-CoreSystem-SmsRouter","[SmsRouter::CSmsDeviceManager::UninitializeWwanWatcher:0x324] Error The device is not ready.: WwanRegisterNotification(WwanNotificationSourceNone) failed"
"12-08-2026 03:27:19","102","Error","Microsoft-Windows-CoreSystem-SmsRouter","[SmsRouter::CSmsDeviceManager::UninitializeWwanWatcher:0x324] Error The device is not ready.: WwanRegisterNotification(WwanNotificationSourceNone) failed"
"12-08-2026 03:27:19","102","Error","Microsoft-Windows-CoreSystem-SmsRouter","[SmsRouter::CSmsDeviceManager::Initialize:0x647] Error Invalid class string: Failed to load CLSIDFromProgID(""CellularAPI""), Ignoring the error"
"12-08-2026 03:27:19","200","Information","Microsoft-Windows-CoreSystem-SmsRouter","[SmsRouter] SmsBroker is started"
"12-08-2026 03:27:18","100","Information","Microsoft-Windows-CoreSystem-SmsRouter","[SmsRouter] SmsRouter is started"
"11-08-2026 18:12:12","101","Information","Microsoft-Windows-CoreSystem-SmsRouter","[SmsRouter] SmsRouter is stoped"
"11-08-2026 18:12:12","201","Information","Microsoft-Windows-CoreSystem-SmsRouter","[SmsRouter] SmsBroker is stoped"
"11-08-2026 18:12:12","102","Error","Microsoft-Windows-CoreSystem-SmsRouter","[SmsRouter::CSmsDeviceManager::Uninitialize:0x6D2] Error The device is not ready.: UninitializeWwanWatcher"
"11-08-2026 18:12:12","102","Error","Microsoft-Windows-CoreSystem-SmsRouter","[SmsRouter::CSmsDeviceManager::UninitializeWwanWatcher:0x324] Error The device is not ready.: WwanRegisterNotification(WwanNotificationSourceNone) failed"
"11-08-2026 18:10:12","102","Error","Microsoft-Windows-CoreSystem-SmsRouter","[SmsRouter::CSmsDeviceManager::UninitializeWwanWatcher:0x324] Error The device is not ready.: WwanRegisterNotification(WwanNotificationSourceNone) failed"
"11-08-2026 18:10:12","102","Error","Microsoft-Windows-CoreSystem-SmsRouter","[SmsRouter::_BriDeleteEvent2:0x220] Error The parameter is incorrect.: Unable to find client context for handle=1."
"11-08-2026 18:10:12","102","Error","Microsoft-Windows-CoreSystem-SmsRouter","[SmsRouter::CSmsDeviceManager::Initialize:0x647] Error Invalid class string: Failed to load CLSIDFromProgID(""CellularAPI""), Ignoring the error"
"11-08-2026 18:10:12","200","Information","Microsoft-Windows-CoreSystem-SmsRouter","[SmsRouter] SmsBroker is started"
"11-08-2026 18:10:12","100","Information","Microsoft-Windows-CoreSystem-SmsRouter","[SmsRouter] SmsRouter is started"
"11-08-2026 18:09:11","101","Information","Microsoft-Windows-CoreSystem-SmsRouter","[SmsRouter] SmsRouter is stoped"
"11-08-2026 18:09:11","201","Information","Microsoft-Windows-CoreSystem-SmsRouter","[SmsRouter] SmsBroker is stoped"
"11-08-2026 18:09:11","102","Error","Microsoft-Windows-CoreSystem-SmsRouter","[SmsRouter::CSmsDeviceManager::Uninitialize:0x6D2] Error The device is not ready.: UninitializeWwanWatcher"
"11-08-2026 18:09:11","102","Error","Microsoft-Windows-CoreSystem-SmsRouter","[SmsRouter::CSmsDeviceManager::UninitializeWwanWatcher:0x324] Error The device is not ready.: WwanRegisterNotification(WwanNotificationSourceNone) failed"
"11-08-2026 18:06:12","102","Error","Microsoft-Windows-CoreSystem-SmsRouter","[SmsRouter::CSmsDeviceManager::UninitializeWwanWatcher:0x324] Error The device is not ready.: WwanRegisterNotification(WwanNotificationSourceNone) failed"
"11-08-2026 18:06:12","102","Error","Microsoft-Windows-CoreSystem-SmsRouter","[SmsRouter::CSmsDeviceManager::Initialize:0x647] Error Invalid class string: Failed to load CLSIDFromProgID(""CellularAPI""), Ignoring the error"
"11-08-2026 18:06:12","200","Information","Microsoft-Windows-CoreSystem-SmsRouter","[SmsRouter] SmsBroker is started"
"11-08-2026 18:06:12","100","Information","Microsoft-Windows-CoreSystem-SmsRouter","[SmsRouter] SmsRouter is started"
"11-08-2026 14:22:13","101","Information","Microsoft-Windows-CoreSystem-SmsRouter","[SmsRouter] SmsRouter is stoped"
"11-08-2026 14:22:13","201","Information","Microsoft-Windows-CoreSystem-SmsRouter","[SmsRouter] SmsBroker is stoped"
"11-08-2026 14:22:13","102","Error","Microsoft-Windows-CoreSystem-SmsRouter","[SmsRouter::CSmsDeviceManager::Uninitialize:0x6D2] Error The device is not ready.: UninitializeWwanWatcher"
"11-08-2026 14:22:13","102","Error","Microsoft-Windows-CoreSystem-SmsRouter","[SmsRouter::CSmsDeviceManager::UninitializeWwanWatcher:0x324] Error The device is not ready.: WwanRegisterNotification(WwanNotificationSourceNone) failed"
"11-08-2026 14:20:13","102","Error","Microsoft-Windows-CoreSystem-SmsRouter","[SmsRouter::_BriDeleteEvent2:0x220] Error The parameter is incorrect.: Unable to find client context for handle=1."
"11-08-2026 14:20:13","102","Error","Microsoft-Windows-CoreSystem-SmsRouter","[SmsRouter::CSmsDeviceManager::UninitializeWwanWatcher:0x324] Error The device is not ready.: WwanRegisterNotification(WwanNotificationSourceNone) failed"
"11-08-2026 14:20:13","102","Error","Microsoft-Windows-CoreSystem-SmsRouter","[SmsRouter::CSmsDeviceManager::Initialize:0x647] Error Invalid class string: Failed to load CLSIDFromProgID(""CellularAPI""), Ignoring the error"
"11-08-2026 14:20:13","200","Information","Microsoft-Windows-CoreSystem-SmsRouter","[SmsRouter] SmsBroker is started"
"11-08-2026 14:20:13","100","Information","Microsoft-Windows-CoreSystem-SmsRouter","[SmsRouter] SmsRouter is started"
"11-08-2026 14:19:13","101","Information","Microsoft-Windows-CoreSystem-SmsRouter","[SmsRouter] SmsRouter is stoped"
"11-08-2026 14:19:13","201","Information","Microsoft-Windows-CoreSystem-SmsRouter","[SmsRouter] SmsBroker is stoped"
"11-08-2026 14:19:13","102","Error","Microsoft-Windows-CoreSystem-SmsRouter","[SmsRouter::CSmsDeviceManager::Uninitialize:0x6D2] Error The device is not ready.: UninitializeWwanWatcher"
"11-08-2026 14:19:13","102","Error","Microsoft-Windows-CoreSystem-SmsRouter","[SmsRouter::CSmsDeviceManager::UninitializeWwanWatcher:0x324] Error The device is not ready.: WwanRegisterNotification(WwanNotificationSourceNone) failed"
"11-08-2026 14:16:13","102","Error","Microsoft-Windows-CoreSystem-SmsRouter","[SmsRouter::CSmsDeviceManager::UninitializeWwanWatcher:0x324] Error The device is not ready.: WwanRegisterNotification(WwanNotificationSourceNone) failed"
"11-08-2026 14:16:13","102","Error","Microsoft-Windows-CoreSystem-SmsRouter","[SmsRouter::CSmsDeviceManager::Initialize:0x647] Error Invalid class string: Failed to load CLSIDFromProgID(""CellularAPI""), Ignoring the error"
"11-08-2026 14:16:13","200","Information","Microsoft-Windows-CoreSystem-SmsRouter","[SmsRouter] SmsBroker is started"
"11-08-2026 14:16:13","100","Information","Microsoft-Windows-CoreSystem-SmsRouter","[SmsRouter] SmsRouter is started"
"11-08-2026 13:17:14","101","Information","Microsoft-Windows-CoreSystem-SmsRouter","[SmsRouter] SmsRouter is stoped"
"11-08-2026 13:17:14","201","Information","Microsoft-Windows-CoreSystem-SmsRouter","[SmsRouter] SmsBroker is stoped"
"11-08-2026 13:17:14","102","Error","Microsoft-Windows-CoreSystem-SmsRouter","[SmsRouter::CSmsDeviceManager::Uninitialize:0x6D2] Error The device is not ready.: UninitializeWwanWatcher"
"11-08-2026 13:17:14","102","Error","Microsoft-Windows-CoreSystem-SmsRouter","[SmsRouter::CSmsDeviceManager::UninitializeWwanWatcher:0x324] Error The device is not ready.: WwanRegisterNotification(WwanNotificationSourceNone) failed"
"11-08-2026 13:15:14","102","Error","Microsoft-Windows-CoreSystem-SmsRouter","[SmsRouter::CSmsDeviceManager::UninitializeWwanWatcher:0x324] Error The device is not ready.: WwanRegisterNotification(WwanNotificationSourceNone) failed"
"11-08-2026 13:15:14","102","Error","Microsoft-Windows-CoreSystem-SmsRouter","[SmsRouter::_BriDeleteEvent2:0x220] Error The parameter is incorrect.: Unable to find client context for handle=1."
"11-08-2026 13:15:14","102","Error","Microsoft-Windows-CoreSystem-SmsRouter","[SmsRouter::CSmsDeviceManager::Initialize:0x647] Error Invalid class string: Failed to load CLSIDFromProgID(""CellularAPI""), Ignoring the error"
"11-08-2026 13:15:14","200","Information","Microsoft-Windows-CoreSystem-SmsRouter","[SmsRouter] SmsBroker is started"
"11-08-2026 13:15:14","100","Information","Microsoft-Windows-CoreSystem-SmsRouter","[SmsRouter] SmsRouter is started"
"11-08-2026 13:14:14","101","Information","Microsoft-Windows-CoreSystem-SmsRouter","[SmsRouter] SmsRouter is stoped"
"11-08-2026 13:14:14","201","Information","Microsoft-Windows-CoreSystem-SmsRouter","[SmsRouter] SmsBroker is stoped"
"11-08-2026 13:14:14","102","Error","Microsoft-Windows-CoreSystem-SmsRouter","[SmsRouter::CSmsDeviceManager::Uninitialize:0x6D2] Error The device is not ready.: UninitializeWwanWatcher"
"11-08-2026 13:14:14","102","Error","Microsoft-Windows-CoreSystem-SmsRouter","[SmsRouter::CSmsDeviceManager::UninitializeWwanWatcher:0x324] Error The device is not ready.: WwanRegisterNotification(WwanNotificationSourceNone) failed"
"11-08-2026 13:11:14","102","Error","Microsoft-Windows-CoreSystem-SmsRouter","[SmsRouter::CSmsDeviceManager::UninitializeWwanWatcher:0x324] Error The device is not ready.: WwanRegisterNotification(WwanNotificationSourceNone) failed"
"11-08-2026 13:11:14","102","Error","Microsoft-Windows-CoreSystem-SmsRouter","[SmsRouter::CSmsDeviceManager::Initialize:0x647] Error Invalid class string: Failed to load CLSIDFromProgID(""CellularAPI""), Ignoring the error"
"11-08-2026 13:11:14","200","Information","Microsoft-Windows-CoreSystem-SmsRouter","[SmsRouter] SmsBroker is started"
"11-08-2026 13:11:14","100","Information","Microsoft-Windows-CoreSystem-SmsRouter","[SmsRouter] SmsRouter is started"
"11-08-2026 12:15:12","101","Information","Microsoft-Windows-CoreSystem-SmsRouter","[SmsRouter] SmsRouter is stoped"
"11-08-2026 12:15:12","201","Information","Microsoft-Windows-CoreSystem-SmsRouter","[SmsRouter] SmsBroker is stoped"
"11-08-2026 12:15:12","102","Error","Microsoft-Windows-CoreSystem-SmsRouter","[SmsRouter::CSmsDeviceManager::Uninitialize:0x6D2] Error The device is not ready.: UninitializeWwanWatcher"
"11-08-2026 12:15:12","102","Error","Microsoft-Windows-CoreSystem-SmsRouter","[SmsRouter::CSmsDeviceManager::UninitializeWwanWatcher:0x324] Error The device is not ready.: WwanRegisterNotification(WwanNotificationSourceNone) failed"
"11-08-2026 12:13:12","102","Error","Microsoft-Windows-CoreSystem-SmsRouter","[SmsRouter::CSmsDeviceManager::UninitializeWwanWatcher:0x324] Error The device is not ready.: WwanRegisterNotification(WwanNotificationSourceNone) failed"
"11-08-2026 12:13:12","102","Error","Microsoft-Windows-CoreSystem-SmsRouter","[SmsRouter::_BriDeleteEvent2:0x220] Error The parameter is incorrect.: Unable to find client context for handle=1."
"11-08-2026 12:13:12","102","Error","Microsoft-Windows-CoreSystem-SmsRouter","[SmsRouter::CSmsDeviceManager::Initialize:0x647] Error Invalid class string: Failed to load CLSIDFromProgID(""CellularAPI""), Ignoring the error"
"11-08-2026 12:13:12","200","Information","Microsoft-Windows-CoreSystem-SmsRouter","[SmsRouter] SmsBroker is started"
"11-08-2026 12:13:12","100","Information","Microsoft-Windows-CoreSystem-SmsRouter","[SmsRouter] SmsRouter is started"
"11-08-2026 12:08:11","101","Information","Microsoft-Windows-CoreSystem-SmsRouter","[SmsRouter] SmsRouter is stoped"
"11-08-2026 12:08:10","201","Information","Microsoft-Windows-CoreSystem-SmsRouter","[SmsRouter] SmsBroker is stoped"
"11-08-2026 12:08:10","102","Error","Microsoft-Windows-CoreSystem-SmsRouter","[SmsRouter::CSmsDeviceManager::Uninitialize:0x6D2] Error The device is not ready.: UninitializeWwanWatcher"
"11-08-2026 12:08:10","102","Error","Microsoft-Windows-CoreSystem-SmsRouter","[SmsRouter::CSmsDeviceManager::UninitializeWwanWatcher:0x324] Error The device is not ready.: WwanRegisterNotification(WwanNotificationSourceNone) failed"
"11-08-2026 12:05:12","102","Error","Microsoft-Windows-CoreSystem-SmsRouter","[SmsRouter::CSmsDeviceManager::UninitializeWwanWatcher:0x324] Error The device is not ready.: WwanRegisterNotification(WwanNotificationSourceNone) failed"
"11-08-2026 12:05:12","102","Error","Microsoft-Windows-CoreSystem-SmsRouter","[SmsRouter::CSmsDeviceManager::Initialize:0x647] Error Invalid class string: Failed to load CLSIDFromProgID(""CellularAPI""), Ignoring the error"
"11-08-2026 12:05:12","200","Information","Microsoft-Windows-CoreSystem-SmsRouter","[SmsRouter] SmsBroker is started"
"11-08-2026 12:05:12","100","Information","Microsoft-Windows-CoreSystem-SmsRouter","[SmsRouter] SmsRouter is started"
"11-08-2026 10:32:18","101","Information","Microsoft-Windows-CoreSystem-SmsRouter","[SmsRouter] SmsRouter is stoped"
"11-08-2026 10:32:18","201","Information","Microsoft-Windows-CoreSystem-SmsRouter","[SmsRouter] SmsBroker is stoped"
"11-08-2026 10:32:18","102","Error","Microsoft-Windows-CoreSystem-SmsRouter","[SmsRouter::CSmsDeviceManager::Uninitialize:0x6D2] Error The device is not ready.: UninitializeWwanWatcher"
"11-08-2026 10:32:18","102","Error","Microsoft-Windows-CoreSystem-SmsRouter","[SmsRouter::CSmsDeviceManager::UninitializeWwanWatcher:0x324] Error The device is not ready.: WwanRegisterNotification(WwanNotificationSourceNone) failed"
"11-08-2026 10:30:18","102","Error","Microsoft-Windows-CoreSystem-SmsRouter","[SmsRouter::_BriDeleteEvent2:0x220] Error The parameter is incorrect.: Unable to find client context for handle=1."
"11-08-2026 10:30:18","102","Error","Microsoft-Windows-CoreSystem-SmsRouter","[SmsRouter::CSmsDeviceManager::UninitializeWwanWatcher:0x324] Error The device is not ready.: WwanRegisterNotification(WwanNotificationSourceNone) failed"
"11-08-2026 10:30:18","102","Error","Microsoft-Windows-CoreSystem-SmsRouter","[SmsRouter::CSmsDeviceManager::Initialize:0x647] Error Invalid class string: Failed to load CLSIDFromProgID(""CellularAPI""), Ignoring the error"
"11-08-2026 10:30:18","200","Information","Microsoft-Windows-CoreSystem-SmsRouter","[SmsRouter] SmsBroker is started"
"11-08-2026 10:30:18","100","Information","Microsoft-Windows-CoreSystem-SmsRouter","[SmsRouter] SmsRouter is started"
"11-08-2026 10:29:18","101","Information","Microsoft-Windows-CoreSystem-SmsRouter","[SmsRouter] SmsRouter is stoped"
"11-08-2026 10:29:18","201","Information","Microsoft-Windows-CoreSystem-SmsRouter","[SmsRouter] SmsBroker is stoped"
"11-08-2026 10:29:18","102","Error","Microsoft-Windows-CoreSystem-SmsRouter","[SmsRouter::CSmsDeviceManager::Uninitialize:0x6D2] Error The device is not ready.: UninitializeWwanWatcher"
"11-08-2026 10:29:18","102","Error","Microsoft-Windows-CoreSystem-SmsRouter","[SmsRouter::CSmsDeviceManager::UninitializeWwanWatcher:0x324] Error The device is not ready.: WwanRegisterNotification(WwanNotificationSourceNone) failed"
"11-08-2026 10:26:18","102","Error","Microsoft-Windows-CoreSystem-SmsRouter","[SmsRouter::CSmsDeviceManager::UninitializeWwanWatcher:0x324] Error The device is not ready.: WwanRegisterNotification(WwanNotificationSourceNone) failed"
"11-08-2026 10:26:18","102","Error","Microsoft-Windows-CoreSystem-SmsRouter","[SmsRouter::CSmsDeviceManager::Initialize:0x647] Error Invalid class string: Failed to load CLSIDFromProgID(""CellularAPI""), Ignoring the error"
"11-08-2026 10:26:18","200","Information","Microsoft-Windows-CoreSystem-SmsRouter","[SmsRouter] SmsBroker is started"
"11-08-2026 10:26:18","100","Information","Microsoft-Windows-CoreSystem-SmsRouter","[SmsRouter] SmsRouter is started"
"11-08-2026 09:17:14","101","Information","Microsoft-Windows-CoreSystem-SmsRouter","[SmsRouter] SmsRouter is stoped"
"11-08-2026 09:17:14","201","Information","Microsoft-Windows-CoreSystem-SmsRouter","[SmsRouter] SmsBroker is stoped"
"11-08-2026 09:17:14","102","Error","Microsoft-Windows-CoreSystem-SmsRouter","[SmsRouter::CSmsDeviceManager::Uninitialize:0x6D2] Error The device is not ready.: UninitializeWwanWatcher"
"11-08-2026 09:17:14","102","Error","Microsoft-Windows-CoreSystem-SmsRouter","[SmsRouter::CSmsDeviceManager::UninitializeWwanWatcher:0x324] Error The device is not ready.: WwanRegisterNotification(WwanNotificationSourceNone) failed"
"11-08-2026 09:15:14","102","Error","Microsoft-Windows-CoreSystem-SmsRouter","[SmsRouter::_BriDeleteEvent2:0x220] Error The parameter is incorrect.: Unable to find client context for handle=1."
"11-08-2026 09:15:14","102","Error","Microsoft-Windows-CoreSystem-SmsRouter","[SmsRouter::CSmsDeviceManager::UninitializeWwanWatcher:0x324] Error The device is not ready.: WwanRegisterNotification(WwanNotificationSourceNone) failed"
"11-08-2026 09:15:14","102","Error","Microsoft-Windows-CoreSystem-SmsRouter","[SmsRouter::CSmsDeviceManager::Initialize:0x647] Error Invalid class string: Failed to load CLSIDFromProgID(""CellularAPI""), Ignoring the error"
"11-08-2026 09:15:14","200","Information","Microsoft-Windows-CoreSystem-SmsRouter","[SmsRouter] SmsBroker is started"
"11-08-2026 09:15:14","100","Information","Microsoft-Windows-CoreSystem-SmsRouter","[SmsRouter] SmsRouter is started"
"11-08-2026 06:07:29","101","Information","Microsoft-Windows-CoreSystem-SmsRouter","[SmsRouter] SmsRouter is stoped"
"11-08-2026 06:07:13","201","Information","Microsoft-Windows-CoreSystem-SmsRouter","[SmsRouter] SmsBroker is stoped"
"11-08-2026 06:07:13","102","Error","Microsoft-Windows-CoreSystem-SmsRouter","[SmsRouter::CSmsDeviceManager::Uninitialize:0x6D2] Error The device is not ready.: UninitializeWwanWatcher"
"11-08-2026 06:07:13","102","Error","Microsoft-Windows-CoreSystem-SmsRouter","[SmsRouter::CSmsDeviceManager::UninitializeWwanWatcher:0x324] Error The device is not ready.: WwanRegisterNotification(WwanNotificationSourceNone) failed"
"11-08-2026 06:04:14","102","Error","Microsoft-Windows-CoreSystem-SmsRouter","[SmsRouter::CSmsDeviceManager::UninitializeWwanWatcher:0x324] Error The device is not ready.: WwanRegisterNotification(WwanNotificationSourceNone) failed"
"11-08-2026 06:04:14","102","Error","Microsoft-Windows-CoreSystem-SmsRouter","[SmsRouter::CSmsDeviceManager::Initialize:0x647] Error Invalid class string: Failed to load CLSIDFromProgID(""CellularAPI""), Ignoring the error"
"11-08-2026 06:04:14","200","Information","Microsoft-Windows-CoreSystem-SmsRouter","[SmsRouter] SmsBroker is started"
"11-08-2026 06:04:14","100","Information","Microsoft-Windows-CoreSystem-SmsRouter","[SmsRouter] SmsRouter is started"
"10-08-2026 15:22:13","101","Information","Microsoft-Windows-CoreSystem-SmsRouter","[SmsRouter] SmsRouter is stoped"
"10-08-2026 15:22:13","201","Information","Microsoft-Windows-CoreSystem-SmsRouter","[SmsRouter] SmsBroker is stoped"
"10-08-2026 15:22:13","102","Error","Microsoft-Windows-CoreSystem-SmsRouter","[SmsRouter::CSmsDeviceManager::Uninitialize:0x6D2] Error The device is not ready.: UninitializeWwanWatcher"
"10-08-2026 15:22:13","102","Error","Microsoft-Windows-CoreSystem-SmsRouter","[SmsRouter::CSmsDeviceManager::UninitializeWwanWatcher:0x324] Error The device is not ready.: WwanRegisterNotification(WwanNotificationSourceNone) failed"
"10-08-2026 15:20:13","102","Error","Microsoft-Windows-CoreSystem-SmsRouter","[SmsRouter::_BriDeleteEvent2:0x220] Error The parameter is incorrect.: Unable to find client context for handle=1."
"10-08-2026 15:20:13","102","Error","Microsoft-Windows-CoreSystem-SmsRouter","[SmsRouter::CSmsDeviceManager::UninitializeWwanWatcher:0x324] Error The device is not ready.: WwanRegisterNotification(WwanNotificationSourceNone) failed"
"10-08-2026 15:20:13","102","Error","Microsoft-Windows-CoreSystem-SmsRouter","[SmsRouter::CSmsDeviceManager::Initialize:0x647] Error Invalid class string: Failed to load CLSIDFromProgID(""CellularAPI""), Ignoring the error"
"10-08-2026 15:20:12","200","Information","Microsoft-Windows-CoreSystem-SmsRouter","[SmsRouter] SmsBroker is started"
"10-08-2026 15:20:12","100","Information","Microsoft-Windows-CoreSystem-SmsRouter","[SmsRouter] SmsRouter is started"
"10-08-2026 15:19:12","101","Information","Microsoft-Windows-CoreSystem-SmsRouter","[SmsRouter] SmsRouter is stoped"
"10-08-2026 15:19:12","201","Information","Microsoft-Windows-CoreSystem-SmsRouter","[SmsRouter] SmsBroker is stoped"
"10-08-2026 15:19:12","102","Error","Microsoft-Windows-CoreSystem-SmsRouter","[SmsRouter::CSmsDeviceManager::Uninitialize:0x6D2] Error The device is not ready.: UninitializeWwanWatcher"
"10-08-2026 15:19:12","102","Error","Microsoft-Windows-CoreSystem-SmsRouter","[SmsRouter::CSmsDeviceManager::UninitializeWwanWatcher:0x324] Error The device is not ready.: WwanRegisterNotification(WwanNotificationSourceNone) failed"
"10-08-2026 15:16:12","102","Error","Microsoft-Windows-CoreSystem-SmsRouter","[SmsRouter::CSmsDeviceManager::UninitializeWwanWatcher:0x324] Error The device is not ready.: WwanRegisterNotification(WwanNotificationSourceNone) failed"
"10-08-2026 15:16:12","102","Error","Microsoft-Windows-CoreSystem-SmsRouter","[SmsRouter::CSmsDeviceManager::Initialize:0x647] Error Invalid class string: Failed to load CLSIDFromProgID(""CellularAPI""), Ignoring the error"
"10-08-2026 15:16:12","200","Information","Microsoft-Windows-CoreSystem-SmsRouter","[SmsRouter] SmsBroker is started"
"10-08-2026 15:16:12","100","Information","Microsoft-Windows-CoreSystem-SmsRouter","[SmsRouter] SmsRouter is started"
"10-08-2026 13:17:14","101","Information","Microsoft-Windows-CoreSystem-SmsRouter","[SmsRouter] SmsRouter is stoped"
"10-08-2026 13:17:14","201","Information","Microsoft-Windows-CoreSystem-SmsRouter","[SmsRouter] SmsBroker is stoped"
"10-08-2026 13:17:14","102","Error","Microsoft-Windows-CoreSystem-SmsRouter","[SmsRouter::CSmsDeviceManager::Uninitialize:0x6D2] Error The device is not ready.: UninitializeWwanWatcher"
"10-08-2026 13:17:14","102","Error","Microsoft-Windows-CoreSystem-SmsRouter","[SmsRouter::CSmsDeviceManager::UninitializeWwanWatcher:0x324] Error The device is not ready.: WwanRegisterNotification(WwanNotificationSourceNone) failed"
"10-08-2026 13:15:14","102","Error","Microsoft-Windows-CoreSystem-SmsRouter","[SmsRouter::_BriDeleteEvent2:0x220] Error The parameter is incorrect.: Unable to find client context for handle=1."
"10-08-2026 13:15:14","102","Error","Microsoft-Windows-CoreSystem-SmsRouter","[SmsRouter::CSmsDeviceManager::UninitializeWwanWatcher:0x324] Error The device is not ready.: WwanRegisterNotification(WwanNotificationSourceNone) failed"
"10-08-2026 13:15:14","102","Error","Microsoft-Windows-CoreSystem-SmsRouter","[SmsRouter::CSmsDeviceManager::Initialize:0x647] Error Invalid class string: Failed to load CLSIDFromProgID(""CellularAPI""), Ignoring the error"
"10-08-2026 13:15:14","200","Information","Microsoft-Windows-CoreSystem-SmsRouter","[SmsRouter] SmsBroker is started"
"10-08-2026 13:15:14","100","Information","Microsoft-Windows-CoreSystem-SmsRouter","[SmsRouter] SmsRouter is started"
"10-08-2026 13:14:13","101","Information","Microsoft-Windows-CoreSystem-SmsRouter","[SmsRouter] SmsRouter is stoped"
"10-08-2026 13:14:13","201","Information","Microsoft-Windows-CoreSystem-SmsRouter","[SmsRouter] SmsBroker is stoped"
"10-08-2026 13:14:13","102","Error","Microsoft-Windows-CoreSystem-SmsRouter","[SmsRouter::CSmsDeviceManager::Uninitialize:0x6D2] Error The device is not ready.: UninitializeWwanWatcher"
"10-08-2026 13:14:13","102","Error","Microsoft-Windows-CoreSystem-SmsRouter","[SmsRouter::CSmsDeviceManager::UninitializeWwanWatcher:0x324] Error The device is not ready.: WwanRegisterNotification(WwanNotificationSourceNone) failed"
"10-08-2026 13:11:14","102","Error","Microsoft-Windows-CoreSystem-SmsRouter","[SmsRouter::CSmsDeviceManager::UninitializeWwanWatcher:0x324] Error The device is not ready.: WwanRegisterNotification(WwanNotificationSourceNone) failed"
"10-08-2026 13:11:14","102","Error","Microsoft-Windows-CoreSystem-SmsRouter","[SmsRouter::CSmsDeviceManager::Initialize:0x647] Error Invalid class string: Failed to load CLSIDFromProgID(""CellularAPI""), Ignoring the error"
"10-08-2026 13:11:14","200","Information","Microsoft-Windows-CoreSystem-SmsRouter","[SmsRouter] SmsBroker is started"
"10-08-2026 13:11:13","100","Information","Microsoft-Windows-CoreSystem-SmsRouter","[SmsRouter] SmsRouter is started"
"10-08-2026 11:32:18","101","Information","Microsoft-Windows-CoreSystem-SmsRouter","[SmsRouter] SmsRouter is stoped"
"10-08-2026 11:32:18","201","Information","Microsoft-Windows-CoreSystem-SmsRouter","[SmsRouter] SmsBroker is stoped"
"10-08-2026 11:32:18","102","Error","Microsoft-Windows-CoreSystem-SmsRouter","[SmsRouter::CSmsDeviceManager::Uninitialize:0x6D2] Error The device is not ready.: UninitializeWwanWatcher"
"10-08-2026 11:32:18","102","Error","Microsoft-Windows-CoreSystem-SmsRouter","[SmsRouter::CSmsDeviceManager::UninitializeWwanWatcher:0x324] Error The device is not ready.: WwanRegisterNotification(WwanNotificationSourceNone) failed"
"10-08-2026 11:30:18","102","Error","Microsoft-Windows-CoreSystem-SmsRouter","[SmsRouter::_BriDeleteEvent2:0x220] Error The parameter is incorrect.: Unable to find client context for handle=1."
"10-08-2026 11:30:18","102","Error","Microsoft-Windows-CoreSystem-SmsRouter","[SmsRouter::CSmsDeviceManager::UninitializeWwanWatcher:0x324] Error The device is not ready.: WwanRegisterNotification(WwanNotificationSourceNone) failed"
"10-08-2026 11:30:18","102","Error","Microsoft-Windows-CoreSystem-SmsRouter","[SmsRouter::CSmsDeviceManager::Initialize:0x647] Error Invalid class string: Failed to load CLSIDFromProgID(""CellularAPI""), Ignoring the error"
"10-08-2026 11:30:18","200","Information","Microsoft-Windows-CoreSystem-SmsRouter","[SmsRouter] SmsBroker is started"
"10-08-2026 11:30:18","100","Information","Microsoft-Windows-CoreSystem-SmsRouter","[SmsRouter] SmsRouter is started"
"10-08-2026 11:29:18","101","Information","Microsoft-Windows-CoreSystem-SmsRouter","[SmsRouter] SmsRouter is stoped"
"10-08-2026 11:29:18","201","Information","Microsoft-Windows-CoreSystem-SmsRouter","[SmsRouter] SmsBroker is stoped"
"10-08-2026 11:29:18","102","Error","Microsoft-Windows-CoreSystem-SmsRouter","[SmsRouter::CSmsDeviceManager::Uninitialize:0x6D2] Error The device is not ready.: UninitializeWwanWatcher"
"10-08-2026 11:29:18","102","Error","Microsoft-Windows-CoreSystem-SmsRouter","[SmsRouter::CSmsDeviceManager::UninitializeWwanWatcher:0x324] Error The device is not ready.: WwanRegisterNotification(WwanNotificationSourceNone) failed"
"10-08-2026 11:26:18","102","Error","Microsoft-Windows-CoreSystem-SmsRouter","[SmsRouter::CSmsDeviceManager::UninitializeWwanWatcher:0x324] Error The device is not ready.: WwanRegisterNotification(WwanNotificationSourceNone) failed"
"10-08-2026 11:26:18","102","Error","Microsoft-Windows-CoreSystem-SmsRouter","[SmsRouter::CSmsDeviceManager::Initialize:0x647] Error Invalid class string: Failed to load CLSIDFromProgID(""CellularAPI""), Ignoring the error"
"10-08-2026 11:26:18","200","Information","Microsoft-Windows-CoreSystem-SmsRouter","[SmsRouter] SmsBroker is started"
"10-08-2026 11:26:18","100","Information","Microsoft-Windows-CoreSystem-SmsRouter","[SmsRouter] SmsRouter is started"
"10-08-2026 09:50:47","101","Information","Microsoft-Windows-CoreSystem-SmsRouter","[SmsRouter] SmsRouter is stoped"
"10-08-2026 09:50:47","201","Information","Microsoft-Windows-CoreSystem-SmsRouter","[SmsRouter] SmsBroker is stoped"
"10-08-2026 09:50:47","102","Error","Microsoft-Windows-CoreSystem-SmsRouter","[SmsRouter::CSmsDeviceManager::Uninitialize:0x6D2] Error The device is not ready.: UninitializeWwanWatcher"
"10-08-2026 09:50:47","102","Error","Microsoft-Windows-CoreSystem-SmsRouter","[SmsRouter::CSmsDeviceManager::UninitializeWwanWatcher:0x324] Error The device is not ready.: WwanRegisterNotification(WwanNotificationSourceNone) failed"
"10-08-2026 09:48:47","102","Error","Microsoft-Windows-CoreSystem-SmsRouter","[SmsRouter::_BriDeleteEvent2:0x220] Error The parameter is incorrect.: Unable to find client context for handle=1."
"10-08-2026 09:48:47","102","Error","Microsoft-Windows-CoreSystem-SmsRouter","[SmsRouter::CSmsDeviceManager::UninitializeWwanWatcher:0x324] Error The device is not ready.: WwanRegisterNotification(WwanNotificationSourceNone) failed"
"10-08-2026 09:48:47","102","Error","Microsoft-Windows-CoreSystem-SmsRouter","[SmsRouter::CSmsDeviceManager::Initialize:0x647] Error Invalid class string: Failed to load CLSIDFromProgID(""CellularAPI""), Ignoring the error"
"10-08-2026 09:48:47","200","Information","Microsoft-Windows-CoreSystem-SmsRouter","[SmsRouter] SmsBroker is started"
"10-08-2026 09:48:46","100","Information","Microsoft-Windows-CoreSystem-SmsRouter","[SmsRouter] SmsRouter is started"
"10-08-2026 09:43:16","101","Information","Microsoft-Windows-CoreSystem-SmsRouter","[SmsRouter] SmsRouter is stoped"
"10-08-2026 09:43:16","201","Information","Microsoft-Windows-CoreSystem-SmsRouter","[SmsRouter] SmsBroker is stoped"
"10-08-2026 09:43:16","102","Error","Microsoft-Windows-CoreSystem-SmsRouter","[SmsRouter::CSmsDeviceManager::Uninitialize:0x6D2] Error The device is not ready.: UninitializeWwanWatcher"
"10-08-2026 09:43:16","102","Error","Microsoft-Windows-CoreSystem-SmsRouter","[SmsRouter::CSmsDeviceManager::UninitializeWwanWatcher:0x324] Error The device is not ready.: WwanRegisterNotification(WwanNotificationSourceNone) failed"
"10-08-2026 09:40:14","102","Error","Microsoft-Windows-CoreSystem-SmsRouter","[SmsRouter::CSmsDeviceManager::UninitializeWwanWatcher:0x324] Error The device is not ready.: WwanRegisterNotification(WwanNotificationSourceNone) failed"
"10-08-2026 09:40:14","102","Error","Microsoft-Windows-CoreSystem-SmsRouter","[SmsRouter::_BriDeleteEvent2:0x220] Error The parameter is incorrect.: Unable to find client context for handle=1."
"10-08-2026 09:40:14","102","Error","Microsoft-Windows-CoreSystem-SmsRouter","[SmsRouter::CSmsDeviceManager::Initialize:0x647] Error Invalid class string: Failed to load CLSIDFromProgID(""CellularAPI""), Ignoring the error"
"10-08-2026 09:40:14","200","Information","Microsoft-Windows-CoreSystem-SmsRouter","[SmsRouter] SmsBroker is started"
"10-08-2026 09:40:14","100","Information","Microsoft-Windows-CoreSystem-SmsRouter","[SmsRouter] SmsRouter is started"
"10-08-2026 09:39:14","101","Information","Microsoft-Windows-CoreSystem-SmsRouter","[SmsRouter] SmsRouter is stoped"
"10-08-2026 09:39:14","201","Information","Microsoft-Windows-CoreSystem-SmsRouter","[SmsRouter] SmsBroker is stoped"
"10-08-2026 09:39:14","102","Error","Microsoft-Windows-CoreSystem-SmsRouter","[SmsRouter::CSmsDeviceManager::Uninitialize:0x6D2] Error The device is not ready.: UninitializeWwanWatcher"
"10-08-2026 09:39:14","102","Error","Microsoft-Windows-CoreSystem-SmsRouter","[SmsRouter::CSmsDeviceManager::UninitializeWwanWatcher:0x324] Error The device is not ready.: WwanRegisterNotification(WwanNotificationSourceNone) failed"
"10-08-2026 09:36:14","102","Error","Microsoft-Windows-CoreSystem-SmsRouter","[SmsRouter::CSmsDeviceManager::UninitializeWwanWatcher:0x324] Error The device is not ready.: WwanRegisterNotification(WwanNotificationSourceNone) failed"
"10-08-2026 09:36:14","102","Error","Microsoft-Windows-CoreSystem-SmsRouter","[SmsRouter::CSmsDeviceManager::Initialize:0x647] Error Invalid class string: Failed to load CLSIDFromProgID(""CellularAPI""), Ignoring the error"
"10-08-2026 09:36:14","200","Information","Microsoft-Windows-CoreSystem-SmsRouter","[SmsRouter] SmsBroker is started"
"10-08-2026 09:36:14","100","Information","Microsoft-Windows-CoreSystem-SmsRouter","[SmsRouter] SmsRouter is started"
"07-08-2026 18:22:28","101","Information","Microsoft-Windows-CoreSystem-SmsRouter","[SmsRouter] SmsRouter is stoped"
"07-08-2026 18:22:28","201","Information","Microsoft-Windows-CoreSystem-SmsRouter","[SmsRouter] SmsBroker is stoped"
"07-08-2026 18:22:28","102","Error","Microsoft-Windows-CoreSystem-SmsRouter","[SmsRouter::CSmsDeviceManager::Uninitialize:0x6D2] Error The device is not ready.: UninitializeWwanWatcher"
"07-08-2026 18:22:28","102","Error","Microsoft-Windows-CoreSystem-SmsRouter","[SmsRouter::CSmsDeviceManager::UninitializeWwanWatcher:0x324] Error The device is not ready.: WwanRegisterNotification(WwanNotificationSourceNone) failed"
"07-08-2026 18:20:28","102","Error","Microsoft-Windows-CoreSystem-SmsRouter","[SmsRouter::_BriDeleteEvent2:0x220] Error The parameter is incorrect.: Unable to find client context for handle=1."
"07-08-2026 18:20:28","102","Error","Microsoft-Windows-CoreSystem-SmsRouter","[SmsRouter::CSmsDeviceManager::UninitializeWwanWatcher:0x324] Error The device is not ready.: WwanRegisterNotification(WwanNotificationSourceNone) failed"
"07-08-2026 18:20:28","102","Error","Microsoft-Windows-CoreSystem-SmsRouter","[SmsRouter::CSmsDeviceManager::Initialize:0x647] Error Invalid class string: Failed to load CLSIDFromProgID(""CellularAPI""), Ignoring the error"
"07-08-2026 18:20:28","200","Information","Microsoft-Windows-CoreSystem-SmsRouter","[SmsRouter] SmsBroker is started"
"07-08-2026 18:20:28","100","Information","Microsoft-Windows-CoreSystem-SmsRouter","[SmsRouter] SmsRouter is started"
"07-08-2026 18:19:28","101","Information","Microsoft-Windows-CoreSystem-SmsRouter","[SmsRouter] SmsRouter is stoped"
"07-08-2026 18:19:28","201","Information","Microsoft-Windows-CoreSystem-SmsRouter","[SmsRouter] SmsBroker is stoped"
"07-08-2026 18:19:28","102","Error","Microsoft-Windows-CoreSystem-SmsRouter","[SmsRouter::CSmsDeviceManager::Uninitialize:0x6D2] Error The device is not ready.: UninitializeWwanWatcher"
"07-08-2026 18:19:28","102","Error","Microsoft-Windows-CoreSystem-SmsRouter","[SmsRouter::CSmsDeviceManager::UninitializeWwanWatcher:0x324] Error The device is not ready.: WwanRegisterNotification(WwanNotificationSourceNone) failed"
"07-08-2026 18:16:28","102","Error","Microsoft-Windows-CoreSystem-SmsRouter","[SmsRouter::CSmsDeviceManager::UninitializeWwanWatcher:0x324] Error The device is not ready.: WwanRegisterNotification(WwanNotificationSourceNone) failed"
"07-08-2026 18:16:28","102","Error","Microsoft-Windows-CoreSystem-SmsRouter","[SmsRouter::CSmsDeviceManager::Initialize:0x647] Error Invalid class string: Failed to load CLSIDFromProgID(""CellularAPI""), Ignoring the error"
"07-08-2026 18:16:28","200","Information","Microsoft-Windows-CoreSystem-SmsRouter","[SmsRouter] SmsBroker is started"
"07-08-2026 18:16:28","100","Information","Microsoft-Windows-CoreSystem-SmsRouter","[SmsRouter] SmsRouter is started"
"07-08-2026 14:32:12","101","Information","Microsoft-Windows-CoreSystem-SmsRouter","[SmsRouter] SmsRouter is stoped"
"07-08-2026 14:32:12","201","Information","Microsoft-Windows-CoreSystem-SmsRouter","[SmsRouter] SmsBroker is stoped"
"07-08-2026 14:32:12","102","Error","Microsoft-Windows-CoreSystem-SmsRouter","[SmsRouter::CSmsDeviceManager::Uninitialize:0x6D2] Error The device is not ready.: UninitializeWwanWatcher"
"07-08-2026 14:32:12","102","Error","Microsoft-Windows-CoreSystem-SmsRouter","[SmsRouter::CSmsDeviceManager::UninitializeWwanWatcher:0x324] Error The device is not ready.: WwanRegisterNotification(WwanNotificationSourceNone) failed"
"07-08-2026 14:30:12","102","Error","Microsoft-Windows-CoreSystem-SmsRouter","[SmsRouter::_BriDeleteEvent2:0x220] Error The parameter is incorrect.: Unable to find client context for handle=1."
"07-08-2026 14:30:12","102","Error","Microsoft-Windows-CoreSystem-SmsRouter","[SmsRouter::CSmsDeviceManager::UninitializeWwanWatcher:0x324] Error The device is not ready.: WwanRegisterNotification(WwanNotificationSourceNone) failed"
"07-08-2026 14:30:12","102","Error","Microsoft-Windows-CoreSystem-SmsRouter","[SmsRouter::CSmsDeviceManager::Initialize:0x647] Error Invalid class string: Failed to load CLSIDFromProgID(""CellularAPI""), Ignoring the error"
"07-08-2026 14:30:12","200","Information","Microsoft-Windows-CoreSystem-SmsRouter","[SmsRouter] SmsBroker is started"
"07-08-2026 14:30:12","100","Information","Microsoft-Windows-CoreSystem-SmsRouter","[SmsRouter] SmsRouter is started"
"07-08-2026 14:29:12","101","Information","Microsoft-Windows-CoreSystem-SmsRouter","[SmsRouter] SmsRouter is stoped"
"07-08-2026 14:29:12","201","Information","Microsoft-Windows-CoreSystem-SmsRouter","[SmsRouter] SmsBroker is stoped"
"07-08-2026 14:29:12","102","Error","Microsoft-Windows-CoreSystem-SmsRouter","[SmsRouter::CSmsDeviceManager::Uninitialize:0x6D2] Error The device is not ready.: UninitializeWwanWatcher"
"07-08-2026 14:29:12","102","Error","Microsoft-Windows-CoreSystem-SmsRouter","[SmsRouter::CSmsDeviceManager::UninitializeWwanWatcher:0x324] Error The device is not ready.: WwanRegisterNotification(WwanNotificationSourceNone) failed"
"07-08-2026 14:26:12","102","Error","Microsoft-Windows-CoreSystem-SmsRouter","[SmsRouter::CSmsDeviceManager::UninitializeWwanWatcher:0x324] Error The device is not ready.: WwanRegisterNotification(WwanNotificationSourceNone) failed"
"07-08-2026 14:26:12","102","Error","Microsoft-Windows-CoreSystem-SmsRouter","[SmsRouter::CSmsDeviceManager::Initialize:0x647] Error Invalid class string: Failed to load CLSIDFromProgID(""CellularAPI""), Ignoring the error"
"07-08-2026 14:26:12","200","Information","Microsoft-Windows-CoreSystem-SmsRouter","[SmsRouter] SmsBroker is started"
"07-08-2026 14:26:12","100","Information","Microsoft-Windows-CoreSystem-SmsRouter","[SmsRouter] SmsRouter is started"
"07-08-2026 13:17:15","101","Information","Microsoft-Windows-CoreSystem-SmsRouter","[SmsRouter] SmsRouter is stoped"
"07-08-2026 13:17:15","201","Information","Microsoft-Windows-CoreSystem-SmsRouter","[SmsRouter] SmsBroker is stoped"
"07-08-2026 13:17:15","102","Error","Microsoft-Windows-CoreSystem-SmsRouter","[SmsRouter::CSmsDeviceManager::Uninitialize:0x6D2] Error The device is not ready.: UninitializeWwanWatcher"
"07-08-2026 13:17:15","102","Error","Microsoft-Windows-CoreSystem-SmsRouter","[SmsRouter::CSmsDeviceManager::UninitializeWwanWatcher:0x324] Error The device is not ready.: WwanRegisterNotification(WwanNotificationSourceNone) failed"
"07-08-2026 13:15:15","102","Error","Microsoft-Windows-CoreSystem-SmsRouter","[SmsRouter::_BriDeleteEvent2:0x220] Error The parameter is incorrect.: Unable to find client context for handle=1."
"07-08-2026 13:15:15","102","Error","Microsoft-Windows-CoreSystem-SmsRouter","[SmsRouter::CSmsDeviceManager::UninitializeWwanWatcher:0x324] Error The device is not ready.: WwanRegisterNotification(WwanNotificationSourceNone) failed"
"07-08-2026 13:15:15","102","Error","Microsoft-Windows-CoreSystem-SmsRouter","[SmsRouter::CSmsDeviceManager::Initialize:0x647] Error Invalid class string: Failed to load CLSIDFromProgID(""CellularAPI""), Ignoring the error"
"07-08-2026 13:15:15","200","Information","Microsoft-Windows-CoreSystem-SmsRouter","[SmsRouter] SmsBroker is started"
"07-08-2026 13:15:15","100","Information","Microsoft-Windows-CoreSystem-SmsRouter","[SmsRouter] SmsRouter is started"
"07-08-2026 13:14:15","101","Information","Microsoft-Windows-CoreSystem-SmsRouter","[SmsRouter] SmsRouter is stoped"
"07-08-2026 13:14:15","201","Information","Microsoft-Windows-CoreSystem-SmsRouter","[SmsRouter] SmsBroker is stoped"
"07-08-2026 13:14:15","102","Error","Microsoft-Windows-CoreSystem-SmsRouter","[SmsRouter::CSmsDeviceManager::Uninitialize:0x6D2] Error The device is not ready.: UninitializeWwanWatcher"
"07-08-2026 13:14:15","102","Error","Microsoft-Windows-CoreSystem-SmsRouter","[SmsRouter::CSmsDeviceManager::UninitializeWwanWatcher:0x324] Error The device is not ready.: WwanRegisterNotification(WwanNotificationSourceNone) failed"
"07-08-2026 13:11:15","102","Error","Microsoft-Windows-CoreSystem-SmsRouter","[SmsRouter::CSmsDeviceManager::UninitializeWwanWatcher:0x324] Error The device is not ready.: WwanRegisterNotification(WwanNotificationSourceNone) failed"
"07-08-2026 13:11:15","102","Error","Microsoft-Windows-CoreSystem-SmsRouter","[SmsRouter::CSmsDeviceManager::Initialize:0x647] Error Invalid class string: Failed to load CLSIDFromProgID(""CellularAPI""), Ignoring the error"
"07-08-2026 13:11:15","200","Information","Microsoft-Windows-CoreSystem-SmsRouter","[SmsRouter] SmsBroker is started"
"07-08-2026 13:11:15","100","Information","Microsoft-Windows-CoreSystem-SmsRouter","[SmsRouter] SmsRouter is started"
"07-08-2026 10:42:13","101","Information","Microsoft-Windows-CoreSystem-SmsRouter","[SmsRouter] SmsRouter is stoped"
"07-08-2026 10:42:13","201","Information","Microsoft-Windows-CoreSystem-SmsRouter","[SmsRouter] SmsBroker is stoped"
"07-08-2026 10:42:13","102","Error","Microsoft-Windows-CoreSystem-SmsRouter","[SmsRouter::CSmsDeviceManager::Uninitialize:0x6D2] Error The device is not ready.: UninitializeWwanWatcher"
"07-08-2026 10:42:13","102","Error","Microsoft-Windows-CoreSystem-SmsRouter","[SmsRouter::CSmsDeviceManager::UninitializeWwanWatcher:0x324] Error The device is not ready.: WwanRegisterNotification(WwanNotificationSourceNone) failed"
"07-08-2026 10:40:13","102","Error","Microsoft-Windows-CoreSystem-SmsRouter","[SmsRouter::CSmsDeviceManager::UninitializeWwanWatcher:0x324] Error The device is not ready.: WwanRegisterNotification(WwanNotificationSourceNone) failed"
"07-08-2026 10:40:13","102","Error","Microsoft-Windows-CoreSystem-SmsRouter","[SmsRouter::_BriDeleteEvent2:0x220] Error The parameter is incorrect.: Unable to find client context for handle=1."
"07-08-2026 10:40:13","102","Error","Microsoft-Windows-CoreSystem-SmsRouter","[SmsRouter::CSmsDeviceManager::Initialize:0x647] Error Invalid class string: Failed to load CLSIDFromProgID(""CellularAPI""), Ignoring the error"
"07-08-2026 10:40:13","200","Information","Microsoft-Windows-CoreSystem-SmsRouter","[SmsRouter] SmsBroker is started"
"07-08-2026 10:40:13","100","Information","Microsoft-Windows-CoreSystem-SmsRouter","[SmsRouter] SmsRouter is started"
"07-08-2026 10:39:13","101","Information","Microsoft-Windows-CoreSystem-SmsRouter","[SmsRouter] SmsRouter is stoped"
"07-08-2026 10:39:13","201","Information","Microsoft-Windows-CoreSystem-SmsRouter","[SmsRouter] SmsBroker is stoped"
"07-08-2026 10:39:13","102","Error","Microsoft-Windows-CoreSystem-SmsRouter","[SmsRouter::CSmsDeviceManager::Uninitialize:0x6D2] Error The device is not ready.: UninitializeWwanWatcher"
"07-08-2026 10:39:13","102","Error","Microsoft-Windows-CoreSystem-SmsRouter","[SmsRouter::CSmsDeviceManager::UninitializeWwanWatcher:0x324] Error The device is not ready.: WwanRegisterNotification(WwanNotificationSourceNone) failed"
"07-08-2026 10:36:13","102","Error","Microsoft-Windows-CoreSystem-SmsRouter","[SmsRouter::CSmsDeviceManager::UninitializeWwanWatcher:0x324] Error The device is not ready.: WwanRegisterNotification(WwanNotificationSourceNone) failed"
"07-08-2026 10:36:13","102","Error","Microsoft-Windows-CoreSystem-SmsRouter","[SmsRouter::CSmsDeviceManager::Initialize:0x647] Error Invalid class string: Failed to load CLSIDFromProgID(""CellularAPI""), Ignoring the error"
"07-08-2026 10:36:13","200","Information","Microsoft-Windows-CoreSystem-SmsRouter","[SmsRouter] SmsBroker is started"
"07-08-2026 10:36:13","100","Information","Microsoft-Windows-CoreSystem-SmsRouter","[SmsRouter] SmsRouter is started"
"07-08-2026 09:28:23","101","Information","Microsoft-Windows-CoreSystem-SmsRouter","[SmsRouter] SmsRouter is stoped"
"07-08-2026 09:28:23","201","Information","Microsoft-Windows-CoreSystem-SmsRouter","[SmsRouter] SmsBroker is stoped"
"07-08-2026 09:28:23","102","Error","Microsoft-Windows-CoreSystem-SmsRouter","[SmsRouter::CSmsDeviceManager::Uninitialize:0x6D2] Error The device is not ready.: UninitializeWwanWatcher"
"07-08-2026 09:28:23","102","Error","Microsoft-Windows-CoreSystem-SmsRouter","[SmsRouter::CSmsDeviceManager::UninitializeWwanWatcher:0x324] Error The device is not ready.: WwanRegisterNotification(WwanNotificationSourceNone) failed"
"07-08-2026 09:26:23","102","Error","Microsoft-Windows-CoreSystem-SmsRouter","[SmsRouter::_BriDeleteEvent2:0x220] Error The parameter is incorrect.: Unable to find client context for handle=1."
"07-08-2026 09:26:23","102","Error","Microsoft-Windows-CoreSystem-SmsRouter","[SmsRouter::CSmsDeviceManager::UninitializeWwanWatcher:0x324] Error The device is not ready.: WwanRegisterNotification(WwanNotificationSourceNone) failed"
"07-08-2026 09:26:23","102","Error","Microsoft-Windows-CoreSystem-SmsRouter","[SmsRouter::CSmsDeviceManager::Initialize:0x647] Error Invalid class string: Failed to load CLSIDFromProgID(""CellularAPI""), Ignoring the error"
"07-08-2026 09:26:23","200","Information","Microsoft-Windows-CoreSystem-SmsRouter","[SmsRouter] SmsBroker is started"
"07-08-2026 09:26:23","100","Information","Microsoft-Windows-CoreSystem-SmsRouter","[SmsRouter] SmsRouter is started"
"07-08-2026 09:21:23","101","Information","Microsoft-Windows-CoreSystem-SmsRouter","[SmsRouter] SmsRouter is stoped"
"07-08-2026 09:21:23","201","Information","Microsoft-Windows-CoreSystem-SmsRouter","[SmsRouter] SmsBroker is stoped"
"07-08-2026 09:21:23","102","Error","Microsoft-Windows-CoreSystem-SmsRouter","[SmsRouter::CSmsDeviceManager::Uninitialize:0x6D2] Error The device is not ready.: UninitializeWwanWatcher"
"07-08-2026 09:21:23","102","Error","Microsoft-Windows-CoreSystem-SmsRouter","[SmsRouter::CSmsDeviceManager::UninitializeWwanWatcher:0x324] Error The device is not ready.: WwanRegisterNotification(WwanNotificationSourceNone) failed"
"07-08-2026 09:18:23","102","Error","Microsoft-Windows-CoreSystem-SmsRouter","[SmsRouter::CSmsDeviceManager::UninitializeWwanWatcher:0x324] Error The device is not ready.: WwanRegisterNotification(WwanNotificationSourceNone) failed"
"07-08-2026 09:18:23","102","Error","Microsoft-Windows-CoreSystem-SmsRouter","[SmsRouter::CSmsDeviceManager::Initialize:0x647] Error Invalid class string: Failed to load CLSIDFromProgID(""CellularAPI""), Ignoring the error"
"07-08-2026 09:18:23","200","Information","Microsoft-Windows-CoreSystem-SmsRouter","[SmsRouter] SmsBroker is started"
"07-08-2026 09:18:23","100","Information","Microsoft-Windows-CoreSystem-SmsRouter","[SmsRouter] SmsRouter is started"
"06-08-2026 15:32:13","101","Information","Microsoft-Windows-CoreSystem-SmsRouter","[SmsRouter] SmsRouter is stoped"
"06-08-2026 15:32:12","201","Information","Microsoft-Windows-CoreSystem-SmsRouter","[SmsRouter] SmsBroker is stoped"
"06-08-2026 15:32:12","102","Error","Microsoft-Windows-CoreSystem-SmsRouter","[SmsRouter::CSmsDeviceManager::Uninitialize:0x6D2] Error The device is not ready.: UninitializeWwanWatcher"
"06-08-2026 15:32:12","102","Error","Microsoft-Windows-CoreSystem-SmsRouter","[SmsRouter::CSmsDeviceManager::UninitializeWwanWatcher:0x324] Error The device is not ready.: WwanRegisterNotification(WwanNotificationSourceNone) failed"
"06-08-2026 15:30:12","102","Error","Microsoft-Windows-CoreSystem-SmsRouter","[SmsRouter::_BriDeleteEvent2:0x220] Error The parameter is incorrect.: Unable to find client context for handle=1."
"06-08-2026 15:30:12","102","Error","Microsoft-Windows-CoreSystem-SmsRouter","[SmsRouter::CSmsDeviceManager::UninitializeWwanWatcher:0x324] Error The device is not ready.: WwanRegisterNotification(WwanNotificationSourceNone) failed"
"06-08-2026 15:30:12","102","Error","Microsoft-Windows-CoreSystem-SmsRouter","[SmsRouter::CSmsDeviceManager::Initialize:0x647] Error Invalid class string: Failed to load CLSIDFromProgID(""CellularAPI""), Ignoring the error"
"06-08-2026 15:30:12","200","Information","Microsoft-Windows-CoreSystem-SmsRouter","[SmsRouter] SmsBroker is started"
"06-08-2026 15:30:12","100","Information","Microsoft-Windows-CoreSystem-SmsRouter","[SmsRouter] SmsRouter is started"
"06-08-2026 15:29:12","101","Information","Microsoft-Windows-CoreSystem-SmsRouter","[SmsRouter] SmsRouter is stoped"
"06-08-2026 15:29:12","201","Information","Microsoft-Windows-CoreSystem-SmsRouter","[SmsRouter] SmsBroker is stoped"
"06-08-2026 15:29:12","102","Error","Microsoft-Windows-CoreSystem-SmsRouter","[SmsRouter::CSmsDeviceManager::Uninitialize:0x6D2] Error The device is not ready.: UninitializeWwanWatcher"
"06-08-2026 15:29:12","102","Error","Microsoft-Windows-CoreSystem-SmsRouter","[SmsRouter::CSmsDeviceManager::UninitializeWwanWatcher:0x324] Error The device is not ready.: WwanRegisterNotification(WwanNotificationSourceNone) failed"
"06-08-2026 15:26:12","102","Error","Microsoft-Windows-CoreSystem-SmsRouter","[SmsRouter::CSmsDeviceManager::UninitializeWwanWatcher:0x324] Error The device is not ready.: WwanRegisterNotification(WwanNotificationSourceNone) failed"
"06-08-2026 15:26:12","102","Error","Microsoft-Windows-CoreSystem-SmsRouter","[SmsRouter::CSmsDeviceManager::Initialize:0x647] Error Invalid class string: Failed to load CLSIDFromProgID(""CellularAPI""), Ignoring the error"
"06-08-2026 15:26:12","200","Information","Microsoft-Windows-CoreSystem-SmsRouter","[SmsRouter] SmsBroker is started"
"06-08-2026 15:26:12","100","Information","Microsoft-Windows-CoreSystem-SmsRouter","[SmsRouter] SmsRouter is started"
"06-08-2026 14:54:20","101","Information","Microsoft-Windows-CoreSystem-SmsRouter","[SmsRouter] SmsRouter is stoped"
"06-08-2026 14:54:20","201","Information","Microsoft-Windows-CoreSystem-SmsRouter","[SmsRouter] SmsBroker is stoped"
"06-08-2026 14:54:20","102","Error","Microsoft-Windows-CoreSystem-SmsRouter","[SmsRouter::CSmsDeviceManager::Uninitialize:0x6D2] Error The device is not ready.: UninitializeWwanWatcher"
"06-08-2026 14:54:20","102","Error","Microsoft-Windows-CoreSystem-SmsRouter","[SmsRouter::CSmsDeviceManager::UninitializeWwanWatcher:0x324] Error The device is not ready.: WwanRegisterNotification(WwanNotificationSourceNone) failed"
"06-08-2026 14:52:20","102","Error","Microsoft-Windows-CoreSystem-SmsRouter","[SmsRouter::CSmsDeviceManager::UninitializeWwanWatcher:0x324] Error The device is not ready.: WwanRegisterNotification(WwanNotificationSourceNone) failed"
