"18-08-2026 10:33:45","12","Information","Microsoft-Windows-MF-FrameServer","FrameServer WatchdogTimer Stop Event, TimerScope: FSSource, TimerScopeId: 0, WatchdogOperation: Initialize, DurationToCompletionInHns: 718481."
"18-08-2026 10:33:45","11","Information","Microsoft-Windows-MF-FrameServer","FrameServer WatchdogTimer Start Event, TimerScope: FSSource, TimerScopeId: 0, WatchdogOperation: Initialize, DurationToTriggerInHns: 250000000, 
SymbolicLink: \\?\USB#VID_0BDA&PID_5599&MI_00#6&236e8108&0&0000#{e5323777-f976-4f5b-9b55-b94699c46e44}\global."
"18-08-2026 10:33:45","6","Information","Microsoft-Windows-MF-FrameServer","FrameServer FsProxy Initialization Start, SymbolicLink: \\?\usb#vid_0bda&pid_5599&mi_00#6&236e8108&0&0000#{65e8773d-8f56-11d0-a3b9-00a0c9223196}\global, Devices: 1, StreamType: MASTER."
"18-08-2026 10:28:57","62","Information","Microsoft-Windows-MF-FrameServer","FrameServer FsmDeviceWatcher InternalUpdateSensorGroups Stop, AnyFailed: false"
"18-08-2026 10:28:56","61","Information","Microsoft-Windows-MF-FrameServer","FrameServer FsmDeviceWatcher InternalUpdateSensorGroups Start"
"18-08-2026 09:43:29","12","Information","Microsoft-Windows-MF-FrameServer","FrameServer WatchdogTimer Stop Event, TimerScope: FSSource, TimerScopeId: 0, WatchdogOperation: 4, DurationToCompletionInHns: 5602."
"18-08-2026 09:43:29","11","Information","Microsoft-Windows-MF-FrameServer","FrameServer WatchdogTimer Start Event, TimerScope: FSSource, TimerScopeId: 0, WatchdogOperation: 4, DurationToTriggerInHns: 200000000, 
SymbolicLink: <none>."
"18-08-2026 09:43:29","5","Information","Microsoft-Windows-MF-FrameServer","FrameServer FsProxy D3dManager Stop, hr=0x0."
"18-08-2026 09:43:29","4","Information","Microsoft-Windows-MF-FrameServer","FrameServer FsProxy D3dManager Start, D3dDesc: Intel(R) Graphics, LUID: 0x10DFF, VendorId: 32902, DeviceId: 32065, SubSysId: 216535080."
"18-08-2026 09:43:29","3","Information","Microsoft-Windows-MF-FrameServer","FrameServer FsProxy SetOutputType Stop, hr=0x0."
"18-08-2026 09:43:29","2","Information","Microsoft-Windows-MF-FrameServer","FrameServer FsProxy SetOutputType Start, PinId: 0, MediaType: FrameSize=8246337209400 (1920,1080),MajorType={73646976-0000-0010-8000-00AA00389B71},FrameRate=128849018881 (30,1),PixelAspectRatio=4294967297 (1,1),InterlacedMode=2,Subtype={32595559-0000-0010-8000-00AA00389B71}."
"18-08-2026 09:43:29","7","Information","Microsoft-Windows-MF-FrameServer","FrameServer FsProxy Initialization Stop, SymbolicLink: \\?\usb#vid_0bda&pid_5599&mi_00#6&236e8108&0&0000#{e5323777-f976-4f5b-9b55-b94699c46e44}\global, Devices: 1, Streams: 1, StreamType: MASTER, hr: 0x0."
"18-08-2026 09:43:29","12","Information","Microsoft-Windows-MF-FrameServer","FrameServer WatchdogTimer Stop Event, TimerScope: FSSource, TimerScopeId: 0, WatchdogOperation: Initialize, DurationToCompletionInHns: 27675."
"18-08-2026 09:43:29","11","Information","Microsoft-Windows-MF-FrameServer","FrameServer WatchdogTimer Start Event, TimerScope: FSSource, TimerScopeId: 0, WatchdogOperation: Initialize, DurationToTriggerInHns: 249919178, 
SymbolicLink: \\?\USB#VID_0BDA&PID_5599&MI_00#6&236e8108&0&0000#{e5323777-f976-4f5b-9b55-b94699c46e44}\Global."
"18-08-2026 09:43:29","12","Information","Microsoft-Windows-MF-FrameServer","FrameServer WatchdogTimer Stop Event, TimerScope: FSSource, TimerScopeId: 0, WatchdogOperation: Initialize, DurationToCompletionInHns: 80710."
"18-08-2026 09:43:29","11","Information","Microsoft-Windows-MF-FrameServer","FrameServer WatchdogTimer Start Event, TimerScope: FSSource, TimerScopeId: 0, WatchdogOperation: Initialize, DurationToTriggerInHns: 250000000, 
SymbolicLink: \\?\USB#VID_0BDA&PID_5599&MI_00#6&236e8108&0&0000#{e5323777-f976-4f5b-9b55-b94699c46e44}\Global."
"18-08-2026 09:43:29","6","Information","Microsoft-Windows-MF-FrameServer","FrameServer FsProxy Initialization Start, SymbolicLink: \\?\usb#vid_0bda&pid_5599&mi_00#6&236e8108&0&0000#{e5323777-f976-4f5b-9b55-b94699c46e44}\global, Devices: 1, StreamType: MASTER."
"17-08-2026 19:42:48","12","Information","Microsoft-Windows-MF-FrameServer","FrameServer WatchdogTimer Stop Event, TimerScope: FSSource, TimerScopeId: 0, WatchdogOperation: 4, DurationToCompletionInHns: 3398."
"17-08-2026 19:42:48","11","Information","Microsoft-Windows-MF-FrameServer","FrameServer WatchdogTimer Start Event, TimerScope: FSSource, TimerScopeId: 0, WatchdogOperation: 4, DurationToTriggerInHns: 200000000, 
SymbolicLink: <none>."
"17-08-2026 19:42:48","5","Information","Microsoft-Windows-MF-FrameServer","FrameServer FsProxy D3dManager Stop, hr=0x0."
"17-08-2026 19:42:48","4","Information","Microsoft-Windows-MF-FrameServer","FrameServer FsProxy D3dManager Start, D3dDesc: Intel(R) Graphics, LUID: 0x10DFF, VendorId: 32902, DeviceId: 32065, SubSysId: 216535080."
"17-08-2026 19:42:48","3","Information","Microsoft-Windows-MF-FrameServer","FrameServer FsProxy SetOutputType Stop, hr=0x0."
"17-08-2026 19:42:48","2","Information","Microsoft-Windows-MF-FrameServer","FrameServer FsProxy SetOutputType Start, PinId: 0, MediaType: FrameSize=8246337209400 (1920,1080),MajorType={73646976-0000-0010-8000-00AA00389B71},FrameRate=128849018881 (30,1),PixelAspectRatio=4294967297 (1,1),InterlacedMode=2,Subtype={32595559-0000-0010-8000-00AA00389B71}."
"17-08-2026 19:42:48","5","Information","Microsoft-Windows-MF-FrameServer","FrameServer FsProxy D3dManager Stop, hr=0x0."
"17-08-2026 19:42:48","4","Information","Microsoft-Windows-MF-FrameServer","FrameServer FsProxy D3dManager Start, D3dDesc: Intel(R) Graphics, LUID: 0x10DFF, VendorId: 32902, DeviceId: 32065, SubSysId: 216535080."
"17-08-2026 19:42:48","3","Information","Microsoft-Windows-MF-FrameServer","FrameServer FsProxy SetOutputType Stop, hr=0x0."
"17-08-2026 19:42:48","2","Information","Microsoft-Windows-MF-FrameServer","FrameServer FsProxy SetOutputType Start, PinId: 0, MediaType: FrameSize=8246337209400 (1920,1080),MajorType={73646976-0000-0010-8000-00AA00389B71},FrameRate=128849018881 (30,1),PixelAspectRatio=4294967297 (1,1),InterlacedMode=2,Subtype={32595559-0000-0010-8000-00AA00389B71}."
"17-08-2026 19:42:48","5","Information","Microsoft-Windows-MF-FrameServer","FrameServer FsProxy D3dManager Stop, hr=0x0."
"17-08-2026 19:42:48","4","Information","Microsoft-Windows-MF-FrameServer","FrameServer FsProxy D3dManager Start, D3dDesc: Intel(R) Graphics, LUID: 0x10DFF, VendorId: 32902, DeviceId: 32065, SubSysId: 216535080."
"17-08-2026 19:42:48","5","Information","Microsoft-Windows-MF-FrameServer","FrameServer FsProxy D3dManager Stop, hr=0x0."
"17-08-2026 19:42:48","5","Information","Microsoft-Windows-MF-FrameServer","FrameServer FsProxy D3dManager Stop, hr=0x0."
"17-08-2026 19:42:48","4","Information","Microsoft-Windows-MF-FrameServer","FrameServer FsProxy D3dManager Start, D3dDesc: Intel(R) Graphics, LUID: 0x10DFF, VendorId: 32902, DeviceId: 32065, SubSysId: 216535080."
"17-08-2026 19:42:48","4","Information","Microsoft-Windows-MF-FrameServer","FrameServer FsProxy D3dManager Start, D3dDesc: Intel(R) Graphics, LUID: 0x10DFF, VendorId: 32902, DeviceId: 32065, SubSysId: 216535080."
"17-08-2026 19:42:48","5","Information","Microsoft-Windows-MF-FrameServer","FrameServer FsProxy D3dManager Stop, hr=0x0."
"17-08-2026 19:42:48","4","Information","Microsoft-Windows-MF-FrameServer","FrameServer FsProxy D3dManager Start, D3dDesc: Intel(R) Graphics, LUID: 0x10DFF, VendorId: 32902, DeviceId: 32065, SubSysId: 216535080."
"17-08-2026 19:42:48","7","Information","Microsoft-Windows-MF-FrameServer","FrameServer FsProxy Initialization Stop, SymbolicLink: \\?\usb#vid_0bda&pid_5599&mi_00#6&236e8108&0&0000#{e5323777-f976-4f5b-9b55-b94699c46e44}\global, Devices: 1, Streams: 1, StreamType: MASTER, hr: 0x0."
"17-08-2026 19:42:48","7","Information","Microsoft-Windows-MF-FrameServer","FrameServer FsProxy Initialization Stop, SymbolicLink: \\?\usb#vid_0bda&pid_5599&mi_00#6&236e8108&0&0000#{e5323777-f976-4f5b-9b55-b94699c46e44}\global, Devices: 1, Streams: 1, StreamType: MASTER, hr: 0x0."
"17-08-2026 19:42:48","12","Information","Microsoft-Windows-MF-FrameServer","FrameServer WatchdogTimer Stop Event, TimerScope: FSSource, TimerScopeId: 0, WatchdogOperation: Activate, DurationToCompletionInHns: 69803."
"17-08-2026 19:42:48","11","Information","Microsoft-Windows-MF-FrameServer","FrameServer WatchdogTimer Start Event, TimerScope: FSSource, TimerScopeId: 0, WatchdogOperation: Activate, DurationToTriggerInHns: 200000000, 
SymbolicLink: <none>."
"17-08-2026 19:42:48","12","Information","Microsoft-Windows-MF-FrameServer","FrameServer WatchdogTimer Stop Event, TimerScope: FSSource, TimerScopeId: 0, WatchdogOperation: Initialize, DurationToCompletionInHns: 3509."
"17-08-2026 19:42:48","11","Information","Microsoft-Windows-MF-FrameServer","FrameServer WatchdogTimer Start Event, TimerScope: FSSource, TimerScopeId: 0, WatchdogOperation: Initialize, DurationToTriggerInHns: 249983248, 
SymbolicLink: \\?\USB#VID_0BDA&PID_5599&MI_00#6&236e8108&0&0000#{e5323777-f976-4f5b-9b55-b94699c46e44}\Global."
"17-08-2026 19:42:48","12","Information","Microsoft-Windows-MF-FrameServer","FrameServer WatchdogTimer Stop Event, TimerScope: FSSource, TimerScopeId: 0, WatchdogOperation: Initialize, DurationToCompletionInHns: 16673."
"17-08-2026 19:42:48","11","Information","Microsoft-Windows-MF-FrameServer","FrameServer WatchdogTimer Start Event, TimerScope: FSSource, TimerScopeId: 0, WatchdogOperation: Initialize, DurationToTriggerInHns: 250000000, 
SymbolicLink: \\?\USB#VID_0BDA&PID_5599&MI_00#6&236e8108&0&0000#{e5323777-f976-4f5b-9b55-b94699c46e44}\Global."
"17-08-2026 19:42:48","6","Information","Microsoft-Windows-MF-FrameServer","FrameServer FsProxy Initialization Start, SymbolicLink: \\?\usb#vid_0bda&pid_5599&mi_00#6&236e8108&0&0000#{e5323777-f976-4f5b-9b55-b94699c46e44}\global, Devices: 1, StreamType: MASTER."
"17-08-2026 19:42:48","6","Information","Microsoft-Windows-MF-FrameServer","FrameServer FsProxy Initialization Start, SymbolicLink: \\?\usb#vid_0bda&pid_5599&mi_00#6&236e8108&0&0000#{e5323777-f976-4f5b-9b55-b94699c46e44}\global, Devices: 1, StreamType: MASTER."
"17-08-2026 19:42:48","12","Information","Microsoft-Windows-MF-FrameServer","FrameServer WatchdogTimer Stop Event, TimerScope: FSSource, TimerScopeId: 0, WatchdogOperation: 4, DurationToCompletionInHns: 117960."
"17-08-2026 19:42:48","11","Information","Microsoft-Windows-MF-FrameServer","FrameServer WatchdogTimer Start Event, TimerScope: FSSource, TimerScopeId: 0, WatchdogOperation: 4, DurationToTriggerInHns: 200000000, 
SymbolicLink: <none>."
"17-08-2026 19:42:48","12","Information","Microsoft-Windows-MF-FrameServer","FrameServer WatchdogTimer Stop Event, TimerScope: FSStream, TimerScopeId: 1313087026640, WatchdogOperation: Stop, DurationToCompletionInHns: 2562918."
"17-08-2026 19:42:48","11","Information","Microsoft-Windows-MF-FrameServer","FrameServer WatchdogTimer Start Event, TimerScope: FSStream, TimerScopeId: 1313087026640, WatchdogOperation: Stop, DurationToTriggerInHns: 200000000, 
SymbolicLink: \\?\USB#VID_0BDA&PID_5599&MI_00#6&236e8108&0&0000#{e5323777-f976-4f5b-9b55-b94699c46e44}\Global."
"17-08-2026 19:41:28","5","Information","Microsoft-Windows-MF-FrameServer","FrameServer FsProxy D3dManager Stop, hr=0x0."
"17-08-2026 19:41:28","4","Information","Microsoft-Windows-MF-FrameServer","FrameServer FsProxy D3dManager Start, D3dDesc: Intel(R) Graphics, LUID: 0x10DFF, VendorId: 32902, DeviceId: 32065, SubSysId: 216535080."
"17-08-2026 19:41:28","3","Information","Microsoft-Windows-MF-FrameServer","FrameServer FsProxy SetOutputType Stop, hr=0x0."
"17-08-2026 19:41:28","2","Information","Microsoft-Windows-MF-FrameServer","FrameServer FsProxy SetOutputType Start, PinId: 0, MediaType: FrameSize=8246337209400 (1920,1080),MajorType={73646976-0000-0010-8000-00AA00389B71},FrameRate=128849018881 (30,1),PixelAspectRatio=4294967297 (1,1),InterlacedMode=2,Subtype={32595559-0000-0010-8000-00AA00389B71}."
"17-08-2026 19:41:28","5","Information","Microsoft-Windows-MF-FrameServer","FrameServer FsProxy D3dManager Stop, hr=0x0."
"17-08-2026 19:41:28","4","Information","Microsoft-Windows-MF-FrameServer","FrameServer FsProxy D3dManager Start, D3dDesc: Intel(R) Graphics, LUID: 0x10DFF, VendorId: 32902, DeviceId: 32065, SubSysId: 216535080."
"17-08-2026 19:41:28","5","Information","Microsoft-Windows-MF-FrameServer","FrameServer FsProxy D3dManager Stop, hr=0x0."
"17-08-2026 19:41:28","4","Information","Microsoft-Windows-MF-FrameServer","FrameServer FsProxy D3dManager Start, D3dDesc: Intel(R) Graphics, LUID: 0x10DFF, VendorId: 32902, DeviceId: 32065, SubSysId: 216535080."
"17-08-2026 19:41:28","5","Information","Microsoft-Windows-MF-FrameServer","FrameServer FsProxy D3dManager Stop, hr=0x0."
"17-08-2026 19:41:28","4","Information","Microsoft-Windows-MF-FrameServer","FrameServer FsProxy D3dManager Start, D3dDesc: Intel(R) Graphics, LUID: 0x10DFF, VendorId: 32902, DeviceId: 32065, SubSysId: 216535080."
"17-08-2026 19:41:28","3","Information","Microsoft-Windows-MF-FrameServer","FrameServer FsProxy SetOutputType Stop, hr=0x0."
"17-08-2026 19:41:28","2","Information","Microsoft-Windows-MF-FrameServer","FrameServer FsProxy SetOutputType Start, PinId: 0, MediaType: FrameSize=8246337209400 (1920,1080),MajorType={73646976-0000-0010-8000-00AA00389B71},FrameRate=128849018881 (30,1),PixelAspectRatio=4294967297 (1,1),InterlacedMode=2,Subtype={32595559-0000-0010-8000-00AA00389B71}."
"17-08-2026 19:41:28","7","Information","Microsoft-Windows-MF-FrameServer","FrameServer FsProxy Initialization Stop, SymbolicLink: \\?\usb#vid_0bda&pid_5599&mi_00#6&236e8108&0&0000#{e5323777-f976-4f5b-9b55-b94699c46e44}\global, Devices: 1, Streams: 1, StreamType: MASTER, hr: 0x0."
"17-08-2026 19:41:28","5","Information","Microsoft-Windows-MF-FrameServer","FrameServer FsProxy D3dManager Stop, hr=0x0."
"17-08-2026 19:41:28","4","Information","Microsoft-Windows-MF-FrameServer","FrameServer FsProxy D3dManager Start, D3dDesc: Intel(R) Graphics, LUID: 0x10DFF, VendorId: 32902, DeviceId: 32065, SubSysId: 216535080."
"17-08-2026 19:41:28","5","Information","Microsoft-Windows-MF-FrameServer","FrameServer FsProxy D3dManager Stop, hr=0x0."
"17-08-2026 19:41:28","4","Information","Microsoft-Windows-MF-FrameServer","FrameServer FsProxy D3dManager Start, D3dDesc: Intel(R) Graphics, LUID: 0x10DFF, VendorId: 32902, DeviceId: 32065, SubSysId: 216535080."
"17-08-2026 19:41:28","12","Information","Microsoft-Windows-MF-FrameServer","FrameServer WatchdogTimer Stop Event, TimerScope: FSSource, TimerScopeId: 0, WatchdogOperation: Activate, DurationToCompletionInHns: 70."
"17-08-2026 19:41:28","11","Information","Microsoft-Windows-MF-FrameServer","FrameServer WatchdogTimer Start Event, TimerScope: FSSource, TimerScopeId: 0, WatchdogOperation: Activate, DurationToTriggerInHns: 200000000, 
SymbolicLink: <none>."
"17-08-2026 19:41:28","7","Information","Microsoft-Windows-MF-FrameServer","FrameServer FsProxy Initialization Stop, SymbolicLink: \\?\usb#vid_0bda&pid_5599&mi_00#6&236e8108&0&0000#{e5323777-f976-4f5b-9b55-b94699c46e44}\global, Devices: 1, Streams: 1, StreamType: MASTER, hr: 0x0."
"17-08-2026 19:41:28","12","Information","Microsoft-Windows-MF-FrameServer","FrameServer WatchdogTimer Stop Event, TimerScope: FSSource, TimerScopeId: 0, WatchdogOperation: Activate, DurationToCompletionInHns: 53."
"17-08-2026 19:41:28","11","Information","Microsoft-Windows-MF-FrameServer","FrameServer WatchdogTimer Start Event, TimerScope: FSSource, TimerScopeId: 0, WatchdogOperation: Activate, DurationToTriggerInHns: 200000000, 
SymbolicLink: <none>."
"17-08-2026 19:41:28","6","Information","Microsoft-Windows-MF-FrameServer","FrameServer FsProxy Initialization Start, SymbolicLink: \\?\usb#vid_0bda&pid_5599&mi_00#6&236e8108&0&0000#{e5323777-f976-4f5b-9b55-b94699c46e44}\global, Devices: 1, StreamType: MASTER."
"17-08-2026 19:41:28","6","Information","Microsoft-Windows-MF-FrameServer","FrameServer FsProxy Initialization Start, SymbolicLink: \\?\usb#vid_0bda&pid_5599&mi_00#6&236e8108&0&0000#{e5323777-f976-4f5b-9b55-b94699c46e44}\global, Devices: 1, StreamType: MASTER."
"17-08-2026 19:41:28","12","Information","Microsoft-Windows-MF-FrameServer","FrameServer WatchdogTimer Stop Event, TimerScope: FSStream, TimerScopeId: 1313087026640, WatchdogOperation: Start, DurationToCompletionInHns: 135099."
"17-08-2026 19:41:28","11","Information","Microsoft-Windows-MF-FrameServer","FrameServer WatchdogTimer Start Event, TimerScope: FSStream, TimerScopeId: 1313087026640, WatchdogOperation: Start, DurationToTriggerInHns: 200000000, 
SymbolicLink: \\?\USB#VID_0BDA&PID_5599&MI_00#6&236e8108&0&0000#{e5323777-f976-4f5b-9b55-b94699c46e44}\Global."
"17-08-2026 19:41:28","3","Information","Microsoft-Windows-MF-FrameServer","FrameServer FsProxy SetOutputType Stop, hr=0x0."
"17-08-2026 19:41:28","2","Information","Microsoft-Windows-MF-FrameServer","FrameServer FsProxy SetOutputType Start, PinId: 0, MediaType: FrameSize=8246337209400 (1920,1080),MajorType={73646976-0000-0010-8000-00AA00389B71},FrameRate=128849018881 (30,1),PixelAspectRatio=4294967297 (1,1),InterlacedMode=2,Subtype={32595559-0000-0010-8000-00AA00389B71}."
"17-08-2026 19:41:28","7","Information","Microsoft-Windows-MF-FrameServer","FrameServer FsProxy Initialization Stop, SymbolicLink: \\?\usb#vid_0bda&pid_5599&mi_00#6&236e8108&0&0000#{e5323777-f976-4f5b-9b55-b94699c46e44}\global, Devices: 1, Streams: 1, StreamType: MASTER, hr: 0x0."
"17-08-2026 19:41:28","12","Information","Microsoft-Windows-MF-FrameServer","FrameServer WatchdogTimer Stop Event, TimerScope: FSSource, TimerScopeId: 0, WatchdogOperation: Initialize, DurationToCompletionInHns: 4991."
"17-08-2026 19:41:28","11","Information","Microsoft-Windows-MF-FrameServer","FrameServer WatchdogTimer Start Event, TimerScope: FSSource, TimerScopeId: 0, WatchdogOperation: Initialize, DurationToTriggerInHns: 249987622, 
SymbolicLink: \\?\USB#VID_0BDA&PID_5599&MI_00#6&236e8108&0&0000#{e5323777-f976-4f5b-9b55-b94699c46e44}\Global."
"17-08-2026 19:41:28","12","Information","Microsoft-Windows-MF-FrameServer","FrameServer WatchdogTimer Stop Event, TimerScope: FSSource, TimerScopeId: 0, WatchdogOperation: Initialize, DurationToCompletionInHns: 12317."
"17-08-2026 19:41:28","11","Information","Microsoft-Windows-MF-FrameServer","FrameServer WatchdogTimer Start Event, TimerScope: FSSource, TimerScopeId: 0, WatchdogOperation: Initialize, DurationToTriggerInHns: 250000000, 
SymbolicLink: \\?\USB#VID_0BDA&PID_5599&MI_00#6&236e8108&0&0000#{e5323777-f976-4f5b-9b55-b94699c46e44}\Global."
"17-08-2026 19:41:28","6","Information","Microsoft-Windows-MF-FrameServer","FrameServer FsProxy Initialization Start, SymbolicLink: \\?\usb#vid_0bda&pid_5599&mi_00#6&236e8108&0&0000#{e5323777-f976-4f5b-9b55-b94699c46e44}\global, Devices: 1, StreamType: MASTER."
"17-08-2026 19:40:58","12","Information","Microsoft-Windows-MF-FrameServer","FrameServer WatchdogTimer Stop Event, TimerScope: FSSource, TimerScopeId: 0, WatchdogOperation: 4, DurationToCompletionInHns: 2192."
"17-08-2026 19:40:58","11","Information","Microsoft-Windows-MF-FrameServer","FrameServer WatchdogTimer Start Event, TimerScope: FSSource, TimerScopeId: 0, WatchdogOperation: 4, DurationToTriggerInHns: 200000000, 
SymbolicLink: <none>."
"17-08-2026 19:40:58","5","Information","Microsoft-Windows-MF-FrameServer","FrameServer FsProxy D3dManager Stop, hr=0x0."
"17-08-2026 19:40:58","4","Information","Microsoft-Windows-MF-FrameServer","FrameServer FsProxy D3dManager Start, D3dDesc: Intel(R) Graphics, LUID: 0x10DFF, VendorId: 32902, DeviceId: 32065, SubSysId: 216535080."
"17-08-2026 19:40:58","3","Information","Microsoft-Windows-MF-FrameServer","FrameServer FsProxy SetOutputType Stop, hr=0x0."
"17-08-2026 19:40:58","2","Information","Microsoft-Windows-MF-FrameServer","FrameServer FsProxy SetOutputType Start, PinId: 0, MediaType: FrameSize=8246337209400 (1920,1080),MajorType={73646976-0000-0010-8000-00AA00389B71},FrameRate=128849018881 (30,1),PixelAspectRatio=4294967297 (1,1),InterlacedMode=2,Subtype={32595559-0000-0010-8000-00AA00389B71}."
"17-08-2026 19:40:58","5","Information","Microsoft-Windows-MF-FrameServer","FrameServer FsProxy D3dManager Stop, hr=0x0."
"17-08-2026 19:40:58","4","Information","Microsoft-Windows-MF-FrameServer","FrameServer FsProxy D3dManager Start, D3dDesc: Intel(R) Graphics, LUID: 0x10DFF, VendorId: 32902, DeviceId: 32065, SubSysId: 216535080."
"17-08-2026 19:40:58","5","Information","Microsoft-Windows-MF-FrameServer","FrameServer FsProxy D3dManager Stop, hr=0x0."
"17-08-2026 19:40:58","4","Information","Microsoft-Windows-MF-FrameServer","FrameServer FsProxy D3dManager Start, D3dDesc: Intel(R) Graphics, LUID: 0x10DFF, VendorId: 32902, DeviceId: 32065, SubSysId: 216535080."
"17-08-2026 19:40:58","3","Information","Microsoft-Windows-MF-FrameServer","FrameServer FsProxy SetOutputType Stop, hr=0x0."
"17-08-2026 19:40:58","2","Information","Microsoft-Windows-MF-FrameServer","FrameServer FsProxy SetOutputType Start, PinId: 0, MediaType: FrameSize=8246337209400 (1920,1080),MajorType={73646976-0000-0010-8000-00AA00389B71},FrameRate=128849018881 (30,1),PixelAspectRatio=4294967297 (1,1),InterlacedMode=2,Subtype={32595559-0000-0010-8000-00AA00389B71}."
"17-08-2026 19:40:58","5","Information","Microsoft-Windows-MF-FrameServer","FrameServer FsProxy D3dManager Stop, hr=0x0."
"17-08-2026 19:40:58","4","Information","Microsoft-Windows-MF-FrameServer","FrameServer FsProxy D3dManager Start, D3dDesc: Intel(R) Graphics, LUID: 0x10DFF, VendorId: 32902, DeviceId: 32065, SubSysId: 216535080."
"17-08-2026 19:40:58","5","Information","Microsoft-Windows-MF-FrameServer","FrameServer FsProxy D3dManager Stop, hr=0x0."
"17-08-2026 19:40:58","4","Information","Microsoft-Windows-MF-FrameServer","FrameServer FsProxy D3dManager Start, D3dDesc: Intel(R) Graphics, LUID: 0x10DFF, VendorId: 32902, DeviceId: 32065, SubSysId: 216535080."
"17-08-2026 19:40:58","5","Information","Microsoft-Windows-MF-FrameServer","FrameServer FsProxy D3dManager Stop, hr=0x0."
"17-08-2026 19:40:58","4","Information","Microsoft-Windows-MF-FrameServer","FrameServer FsProxy D3dManager Start, D3dDesc: Intel(R) Graphics, LUID: 0x10DFF, VendorId: 32902, DeviceId: 32065, SubSysId: 216535080."
"17-08-2026 19:40:58","7","Information","Microsoft-Windows-MF-FrameServer","FrameServer FsProxy Initialization Stop, SymbolicLink: \\?\usb#vid_0bda&pid_5599&mi_00#6&236e8108&0&0000#{e5323777-f976-4f5b-9b55-b94699c46e44}\global, Devices: 1, Streams: 1, StreamType: MASTER, hr: 0x0."
"17-08-2026 19:40:58","7","Information","Microsoft-Windows-MF-FrameServer","FrameServer FsProxy Initialization Stop, SymbolicLink: \\?\usb#vid_0bda&pid_5599&mi_00#6&236e8108&0&0000#{e5323777-f976-4f5b-9b55-b94699c46e44}\global, Devices: 1, Streams: 1, StreamType: MASTER, hr: 0x0."
"17-08-2026 19:40:58","12","Information","Microsoft-Windows-MF-FrameServer","FrameServer WatchdogTimer Stop Event, TimerScope: FSSource, TimerScopeId: 0, WatchdogOperation: Activate, DurationToCompletionInHns: 37890."
"17-08-2026 19:40:58","11","Information","Microsoft-Windows-MF-FrameServer","FrameServer WatchdogTimer Start Event, TimerScope: FSSource, TimerScopeId: 0, WatchdogOperation: Activate, DurationToTriggerInHns: 200000000, 
SymbolicLink: <none>."
"17-08-2026 19:40:58","12","Information","Microsoft-Windows-MF-FrameServer","FrameServer WatchdogTimer Stop Event, TimerScope: FSSource, TimerScopeId: 0, WatchdogOperation: Initialize, DurationToCompletionInHns: 6028."
"17-08-2026 19:40:58","11","Information","Microsoft-Windows-MF-FrameServer","FrameServer WatchdogTimer Start Event, TimerScope: FSSource, TimerScopeId: 0, WatchdogOperation: Initialize, DurationToTriggerInHns: 249980257, 
SymbolicLink: \\?\USB#VID_0BDA&PID_5599&MI_00#6&236e8108&0&0000#{e5323777-f976-4f5b-9b55-b94699c46e44}\Global."
"17-08-2026 19:40:58","12","Information","Microsoft-Windows-MF-FrameServer","FrameServer WatchdogTimer Stop Event, TimerScope: FSSource, TimerScopeId: 0, WatchdogOperation: Initialize, DurationToCompletionInHns: 19677."
"17-08-2026 19:40:58","11","Information","Microsoft-Windows-MF-FrameServer","FrameServer WatchdogTimer Start Event, TimerScope: FSSource, TimerScopeId: 0, WatchdogOperation: Initialize, DurationToTriggerInHns: 250000000, 
SymbolicLink: \\?\USB#VID_0BDA&PID_5599&MI_00#6&236e8108&0&0000#{e5323777-f976-4f5b-9b55-b94699c46e44}\Global."
"17-08-2026 19:40:58","6","Information","Microsoft-Windows-MF-FrameServer","FrameServer FsProxy Initialization Start, SymbolicLink: \\?\usb#vid_0bda&pid_5599&mi_00#6&236e8108&0&0000#{e5323777-f976-4f5b-9b55-b94699c46e44}\global, Devices: 1, StreamType: MASTER."
"17-08-2026 19:40:58","6","Information","Microsoft-Windows-MF-FrameServer","FrameServer FsProxy Initialization Start, SymbolicLink: \\?\usb#vid_0bda&pid_5599&mi_00#6&236e8108&0&0000#{e5323777-f976-4f5b-9b55-b94699c46e44}\global, Devices: 1, StreamType: MASTER."
"17-08-2026 19:40:58","12","Information","Microsoft-Windows-MF-FrameServer","FrameServer WatchdogTimer Stop Event, TimerScope: FSSource, TimerScopeId: 0, WatchdogOperation: 4, DurationToCompletionInHns: 112984."
"17-08-2026 19:40:58","11","Information","Microsoft-Windows-MF-FrameServer","FrameServer WatchdogTimer Start Event, TimerScope: FSSource, TimerScopeId: 0, WatchdogOperation: 4, DurationToTriggerInHns: 200000000, 
SymbolicLink: <none>."
"17-08-2026 19:40:58","12","Information","Microsoft-Windows-MF-FrameServer","FrameServer WatchdogTimer Stop Event, TimerScope: FSStream, TimerScopeId: 1313087026640, WatchdogOperation: Stop, DurationToCompletionInHns: 2866414."
"17-08-2026 19:40:57","11","Information","Microsoft-Windows-MF-FrameServer","FrameServer WatchdogTimer Start Event, TimerScope: FSStream, TimerScopeId: 1313087026640, WatchdogOperation: Stop, DurationToTriggerInHns: 200000000, 
SymbolicLink: \\?\USB#VID_0BDA&PID_5599&MI_00#6&236e8108&0&0000#{e5323777-f976-4f5b-9b55-b94699c46e44}\Global."
"17-08-2026 19:11:28","5","Information","Microsoft-Windows-MF-FrameServer","FrameServer FsProxy D3dManager Stop, hr=0x0."
"17-08-2026 19:11:28","4","Information","Microsoft-Windows-MF-FrameServer","FrameServer FsProxy D3dManager Start, D3dDesc: Intel(R) Graphics, LUID: 0x10DFF, VendorId: 32902, DeviceId: 32065, SubSysId: 216535080."
"17-08-2026 19:11:28","3","Information","Microsoft-Windows-MF-FrameServer","FrameServer FsProxy SetOutputType Stop, hr=0x0."
"17-08-2026 19:11:28","2","Information","Microsoft-Windows-MF-FrameServer","FrameServer FsProxy SetOutputType Start, PinId: 0, MediaType: FrameSize=8246337209400 (1920,1080),MajorType={73646976-0000-0010-8000-00AA00389B71},FrameRate=128849018881 (30,1),PixelAspectRatio=4294967297 (1,1),InterlacedMode=2,Subtype={32595559-0000-0010-8000-00AA00389B71}."
"17-08-2026 19:11:28","5","Information","Microsoft-Windows-MF-FrameServer","FrameServer FsProxy D3dManager Stop, hr=0x0."
"17-08-2026 19:11:28","4","Information","Microsoft-Windows-MF-FrameServer","FrameServer FsProxy D3dManager Start, D3dDesc: Intel(R) Graphics, LUID: 0x10DFF, VendorId: 32902, DeviceId: 32065, SubSysId: 216535080."
"17-08-2026 19:11:28","5","Information","Microsoft-Windows-MF-FrameServer","FrameServer FsProxy D3dManager Stop, hr=0x0."
"17-08-2026 19:11:28","4","Information","Microsoft-Windows-MF-FrameServer","FrameServer FsProxy D3dManager Start, D3dDesc: Intel(R) Graphics, LUID: 0x10DFF, VendorId: 32902, DeviceId: 32065, SubSysId: 216535080."
"17-08-2026 19:11:28","5","Information","Microsoft-Windows-MF-FrameServer","FrameServer FsProxy D3dManager Stop, hr=0x0."
"17-08-2026 19:11:28","4","Information","Microsoft-Windows-MF-FrameServer","FrameServer FsProxy D3dManager Start, D3dDesc: Intel(R) Graphics, LUID: 0x10DFF, VendorId: 32902, DeviceId: 32065, SubSysId: 216535080."
"17-08-2026 19:11:28","3","Information","Microsoft-Windows-MF-FrameServer","FrameServer FsProxy SetOutputType Stop, hr=0x0."
"17-08-2026 19:11:28","2","Information","Microsoft-Windows-MF-FrameServer","FrameServer FsProxy SetOutputType Start, PinId: 0, MediaType: FrameSize=8246337209400 (1920,1080),MajorType={73646976-0000-0010-8000-00AA00389B71},FrameRate=128849018881 (30,1),PixelAspectRatio=4294967297 (1,1),InterlacedMode=2,Subtype={32595559-0000-0010-8000-00AA00389B71}."
"17-08-2026 19:11:28","7","Information","Microsoft-Windows-MF-FrameServer","FrameServer FsProxy Initialization Stop, SymbolicLink: \\?\usb#vid_0bda&pid_5599&mi_00#6&236e8108&0&0000#{e5323777-f976-4f5b-9b55-b94699c46e44}\global, Devices: 1, Streams: 1, StreamType: MASTER, hr: 0x0."
"17-08-2026 19:11:28","5","Information","Microsoft-Windows-MF-FrameServer","FrameServer FsProxy D3dManager Stop, hr=0x0."
"17-08-2026 19:11:28","4","Information","Microsoft-Windows-MF-FrameServer","FrameServer FsProxy D3dManager Start, D3dDesc: Intel(R) Graphics, LUID: 0x10DFF, VendorId: 32902, DeviceId: 32065, SubSysId: 216535080."
"17-08-2026 19:11:28","5","Information","Microsoft-Windows-MF-FrameServer","FrameServer FsProxy D3dManager Stop, hr=0x0."
"17-08-2026 19:11:28","12","Information","Microsoft-Windows-MF-FrameServer","FrameServer WatchdogTimer Stop Event, TimerScope: FSSource, TimerScopeId: 0, WatchdogOperation: Activate, DurationToCompletionInHns: 106."
"17-08-2026 19:11:28","11","Information","Microsoft-Windows-MF-FrameServer","FrameServer WatchdogTimer Start Event, TimerScope: FSSource, TimerScopeId: 0, WatchdogOperation: Activate, DurationToTriggerInHns: 200000000, 
SymbolicLink: <none>."
"17-08-2026 19:11:28","4","Information","Microsoft-Windows-MF-FrameServer","FrameServer FsProxy D3dManager Start, D3dDesc: Intel(R) Graphics, LUID: 0x10DFF, VendorId: 32902, DeviceId: 32065, SubSysId: 216535080."
"17-08-2026 19:11:28","7","Information","Microsoft-Windows-MF-FrameServer","FrameServer FsProxy Initialization Stop, SymbolicLink: \\?\usb#vid_0bda&pid_5599&mi_00#6&236e8108&0&0000#{e5323777-f976-4f5b-9b55-b94699c46e44}\global, Devices: 1, Streams: 1, StreamType: MASTER, hr: 0x0."
"17-08-2026 19:11:28","12","Information","Microsoft-Windows-MF-FrameServer","FrameServer WatchdogTimer Stop Event, TimerScope: FSSource, TimerScopeId: 0, WatchdogOperation: Activate, DurationToCompletionInHns: 104."
"17-08-2026 19:11:28","11","Information","Microsoft-Windows-MF-FrameServer","FrameServer WatchdogTimer Start Event, TimerScope: FSSource, TimerScopeId: 0, WatchdogOperation: Activate, DurationToTriggerInHns: 200000000, 
SymbolicLink: <none>."
"17-08-2026 19:11:28","6","Information","Microsoft-Windows-MF-FrameServer","FrameServer FsProxy Initialization Start, SymbolicLink: \\?\usb#vid_0bda&pid_5599&mi_00#6&236e8108&0&0000#{e5323777-f976-4f5b-9b55-b94699c46e44}\global, Devices: 1, StreamType: MASTER."
"17-08-2026 19:11:28","6","Information","Microsoft-Windows-MF-FrameServer","FrameServer FsProxy Initialization Start, SymbolicLink: \\?\usb#vid_0bda&pid_5599&mi_00#6&236e8108&0&0000#{e5323777-f976-4f5b-9b55-b94699c46e44}\global, Devices: 1, StreamType: MASTER."
"17-08-2026 19:11:28","12","Information","Microsoft-Windows-MF-FrameServer","FrameServer WatchdogTimer Stop Event, TimerScope: FSStream, TimerScopeId: 1313087026640, WatchdogOperation: Start, DurationToCompletionInHns: 7996297."
"17-08-2026 19:11:27","11","Information","Microsoft-Windows-MF-FrameServer","FrameServer WatchdogTimer Start Event, TimerScope: FSStream, TimerScopeId: 1313087026640, WatchdogOperation: Start, DurationToTriggerInHns: 200000000, 
SymbolicLink: \\?\USB#VID_0BDA&PID_5599&MI_00#6&236e8108&0&0000#{e5323777-f976-4f5b-9b55-b94699c46e44}\Global."
"17-08-2026 19:11:27","3","Information","Microsoft-Windows-MF-FrameServer","FrameServer FsProxy SetOutputType Stop, hr=0x0."
"17-08-2026 19:11:27","2","Information","Microsoft-Windows-MF-FrameServer","FrameServer FsProxy SetOutputType Start, PinId: 0, MediaType: FrameSize=8246337209400 (1920,1080),MajorType={73646976-0000-0010-8000-00AA00389B71},FrameRate=128849018881 (30,1),PixelAspectRatio=4294967297 (1,1),InterlacedMode=2,Subtype={32595559-0000-0010-8000-00AA00389B71}."
"17-08-2026 19:11:27","7","Information","Microsoft-Windows-MF-FrameServer","FrameServer FsProxy Initialization Stop, SymbolicLink: \\?\usb#vid_0bda&pid_5599&mi_00#6&236e8108&0&0000#{e5323777-f976-4f5b-9b55-b94699c46e44}\global, Devices: 1, Streams: 1, StreamType: MASTER, hr: 0x0."
"17-08-2026 19:11:27","12","Information","Microsoft-Windows-MF-FrameServer","FrameServer WatchdogTimer Stop Event, TimerScope: FSSource, TimerScopeId: 0, WatchdogOperation: Initialize, DurationToCompletionInHns: 32508."
"17-08-2026 19:11:27","11","Information","Microsoft-Windows-MF-FrameServer","FrameServer WatchdogTimer Start Event, TimerScope: FSSource, TimerScopeId: 0, WatchdogOperation: Initialize, DurationToTriggerInHns: 249891888, 
SymbolicLink: \\?\USB#VID_0BDA&PID_5599&MI_00#6&236e8108&0&0000#{e5323777-f976-4f5b-9b55-b94699c46e44}\Global."
"17-08-2026 19:11:27","12","Information","Microsoft-Windows-MF-FrameServer","FrameServer WatchdogTimer Stop Event, TimerScope: FSSource, TimerScopeId: 0, WatchdogOperation: Initialize, DurationToCompletionInHns: 107941."
"17-08-2026 19:11:27","11","Information","Microsoft-Windows-MF-FrameServer","FrameServer WatchdogTimer Start Event, TimerScope: FSSource, TimerScopeId: 0, WatchdogOperation: Initialize, DurationToTriggerInHns: 250000000, 
SymbolicLink: \\?\USB#VID_0BDA&PID_5599&MI_00#6&236e8108&0&0000#{e5323777-f976-4f5b-9b55-b94699c46e44}\Global."
"17-08-2026 19:11:27","6","Information","Microsoft-Windows-MF-FrameServer","FrameServer FsProxy Initialization Start, SymbolicLink: \\?\usb#vid_0bda&pid_5599&mi_00#6&236e8108&0&0000#{e5323777-f976-4f5b-9b55-b94699c46e44}\global, Devices: 1, StreamType: MASTER."
"17-08-2026 12:41:39","12","Information","Microsoft-Windows-MF-FrameServer","FrameServer WatchdogTimer Stop Event, TimerScope: FSSource, TimerScopeId: 0, WatchdogOperation: 4, DurationToCompletionInHns: 2475."
"17-08-2026 12:41:39","11","Information","Microsoft-Windows-MF-FrameServer","FrameServer WatchdogTimer Start Event, TimerScope: FSSource, TimerScopeId: 0, WatchdogOperation: 4, DurationToTriggerInHns: 200000000, 
SymbolicLink: <none>."
"17-08-2026 12:41:39","5","Information","Microsoft-Windows-MF-FrameServer","FrameServer FsProxy D3dManager Stop, hr=0x0."
"17-08-2026 12:41:39","4","Information","Microsoft-Windows-MF-FrameServer","FrameServer FsProxy D3dManager Start, D3dDesc: Intel(R) Graphics, LUID: 0x10DFF, VendorId: 32902, DeviceId: 32065, SubSysId: 216535080."
"17-08-2026 12:41:39","3","Information","Microsoft-Windows-MF-FrameServer","FrameServer FsProxy SetOutputType Stop, hr=0x0."
"17-08-2026 12:41:39","2","Information","Microsoft-Windows-MF-FrameServer","FrameServer FsProxy SetOutputType Start, PinId: 0, MediaType: FrameSize=8246337209400 (1920,1080),MajorType={73646976-0000-0010-8000-00AA00389B71},FrameRate=128849018881 (30,1),PixelAspectRatio=4294967297 (1,1),InterlacedMode=2,Subtype={32595559-0000-0010-8000-00AA00389B71}."
"17-08-2026 12:41:39","5","Information","Microsoft-Windows-MF-FrameServer","FrameServer FsProxy D3dManager Stop, hr=0x0."
"17-08-2026 12:41:39","4","Information","Microsoft-Windows-MF-FrameServer","FrameServer FsProxy D3dManager Start, D3dDesc: Intel(R) Graphics, LUID: 0x10DFF, VendorId: 32902, DeviceId: 32065, SubSysId: 216535080."
"17-08-2026 12:41:39","5","Information","Microsoft-Windows-MF-FrameServer","FrameServer FsProxy D3dManager Stop, hr=0x0."
"17-08-2026 12:41:39","4","Information","Microsoft-Windows-MF-FrameServer","FrameServer FsProxy D3dManager Start, D3dDesc: Intel(R) Graphics, LUID: 0x10DFF, VendorId: 32902, DeviceId: 32065, SubSysId: 216535080."
"17-08-2026 12:41:39","3","Information","Microsoft-Windows-MF-FrameServer","FrameServer FsProxy SetOutputType Stop, hr=0x0."
"17-08-2026 12:41:39","2","Information","Microsoft-Windows-MF-FrameServer","FrameServer FsProxy SetOutputType Start, PinId: 0, MediaType: FrameSize=8246337209400 (1920,1080),MajorType={73646976-0000-0010-8000-00AA00389B71},FrameRate=128849018881 (30,1),PixelAspectRatio=4294967297 (1,1),InterlacedMode=2,Subtype={32595559-0000-0010-8000-00AA00389B71}."
"17-08-2026 12:41:39","5","Information","Microsoft-Windows-MF-FrameServer","FrameServer FsProxy D3dManager Stop, hr=0x0."
"17-08-2026 12:41:39","4","Information","Microsoft-Windows-MF-FrameServer","FrameServer FsProxy D3dManager Start, D3dDesc: Intel(R) Graphics, LUID: 0x10DFF, VendorId: 32902, DeviceId: 32065, SubSysId: 216535080."
"17-08-2026 12:41:39","5","Information","Microsoft-Windows-MF-FrameServer","FrameServer FsProxy D3dManager Stop, hr=0x0."
"17-08-2026 12:41:39","4","Information","Microsoft-Windows-MF-FrameServer","FrameServer FsProxy D3dManager Start, D3dDesc: Intel(R) Graphics, LUID: 0x10DFF, VendorId: 32902, DeviceId: 32065, SubSysId: 216535080."
"17-08-2026 12:41:39","5","Information","Microsoft-Windows-MF-FrameServer","FrameServer FsProxy D3dManager Stop, hr=0x0."
"17-08-2026 12:41:39","4","Information","Microsoft-Windows-MF-FrameServer","FrameServer FsProxy D3dManager Start, D3dDesc: Intel(R) Graphics, LUID: 0x10DFF, VendorId: 32902, DeviceId: 32065, SubSysId: 216535080."
"17-08-2026 12:41:39","7","Information","Microsoft-Windows-MF-FrameServer","FrameServer FsProxy Initialization Stop, SymbolicLink: \\?\usb#vid_0bda&pid_5599&mi_00#6&236e8108&0&0000#{e5323777-f976-4f5b-9b55-b94699c46e44}\global, Devices: 1, Streams: 1, StreamType: MASTER, hr: 0x0."
"17-08-2026 12:41:39","7","Information","Microsoft-Windows-MF-FrameServer","FrameServer FsProxy Initialization Stop, SymbolicLink: \\?\usb#vid_0bda&pid_5599&mi_00#6&236e8108&0&0000#{e5323777-f976-4f5b-9b55-b94699c46e44}\global, Devices: 1, Streams: 1, StreamType: MASTER, hr: 0x0."
"17-08-2026 12:41:39","12","Information","Microsoft-Windows-MF-FrameServer","FrameServer WatchdogTimer Stop Event, TimerScope: FSSource, TimerScopeId: 0, WatchdogOperation: Activate, DurationToCompletionInHns: 69336."
"17-08-2026 12:41:39","12","Information","Microsoft-Windows-MF-FrameServer","FrameServer WatchdogTimer Stop Event, TimerScope: FSSource, TimerScopeId: 0, WatchdogOperation: Initialize, DurationToCompletionInHns: 4415."
"17-08-2026 12:41:39","11","Information","Microsoft-Windows-MF-FrameServer","FrameServer WatchdogTimer Start Event, TimerScope: FSSource, TimerScopeId: 0, WatchdogOperation: Initialize, DurationToTriggerInHns: 249985011, 
SymbolicLink: \\?\USB#VID_0BDA&PID_5599&MI_00#6&236e8108&0&0000#{e5323777-f976-4f5b-9b55-b94699c46e44}\Global."
"17-08-2026 12:41:39","12","Information","Microsoft-Windows-MF-FrameServer","FrameServer WatchdogTimer Stop Event, TimerScope: FSSource, TimerScopeId: 0, WatchdogOperation: Initialize, DurationToCompletionInHns: 14939."
"17-08-2026 12:41:39","11","Information","Microsoft-Windows-MF-FrameServer","FrameServer WatchdogTimer Start Event, TimerScope: FSSource, TimerScopeId: 0, WatchdogOperation: Activate, DurationToTriggerInHns: 200000000, 
SymbolicLink: <none>."
"17-08-2026 12:41:39","11","Information","Microsoft-Windows-MF-FrameServer","FrameServer WatchdogTimer Start Event, TimerScope: FSSource, TimerScopeId: 0, WatchdogOperation: Initialize, DurationToTriggerInHns: 250000000, 
SymbolicLink: \\?\USB#VID_0BDA&PID_5599&MI_00#6&236e8108&0&0000#{e5323777-f976-4f5b-9b55-b94699c46e44}\Global."
"17-08-2026 12:41:39","6","Information","Microsoft-Windows-MF-FrameServer","FrameServer FsProxy Initialization Start, SymbolicLink: \\?\usb#vid_0bda&pid_5599&mi_00#6&236e8108&0&0000#{e5323777-f976-4f5b-9b55-b94699c46e44}\global, Devices: 1, StreamType: MASTER."
"17-08-2026 12:41:39","6","Information","Microsoft-Windows-MF-FrameServer","FrameServer FsProxy Initialization Start, SymbolicLink: \\?\usb#vid_0bda&pid_5599&mi_00#6&236e8108&0&0000#{e5323777-f976-4f5b-9b55-b94699c46e44}\global, Devices: 1, StreamType: MASTER."
"17-08-2026 12:41:39","12","Information","Microsoft-Windows-MF-FrameServer","FrameServer WatchdogTimer Stop Event, TimerScope: FSSource, TimerScopeId: 0, WatchdogOperation: 4, DurationToCompletionInHns: 88769."
"17-08-2026 12:41:39","11","Information","Microsoft-Windows-MF-FrameServer","FrameServer WatchdogTimer Start Event, TimerScope: FSSource, TimerScopeId: 0, WatchdogOperation: 4, DurationToTriggerInHns: 200000000, 
SymbolicLink: <none>."
"17-08-2026 12:41:39","12","Information","Microsoft-Windows-MF-FrameServer","FrameServer WatchdogTimer Stop Event, TimerScope: FSStream, TimerScopeId: 1313087026640, WatchdogOperation: Stop, DurationToCompletionInHns: 2583240."
"17-08-2026 12:41:38","11","Information","Microsoft-Windows-MF-FrameServer","FrameServer WatchdogTimer Start Event, TimerScope: FSStream, TimerScopeId: 1313087026640, WatchdogOperation: Stop, DurationToTriggerInHns: 200000000, 
SymbolicLink: \\?\USB#VID_0BDA&PID_5599&MI_00#6&236e8108&0&0000#{e5323777-f976-4f5b-9b55-b94699c46e44}\Global."
"17-08-2026 12:30:36","5","Information","Microsoft-Windows-MF-FrameServer","FrameServer FsProxy D3dManager Stop, hr=0x0."
"17-08-2026 12:30:36","4","Information","Microsoft-Windows-MF-FrameServer","FrameServer FsProxy D3dManager Start, D3dDesc: Intel(R) Graphics, LUID: 0x10DFF, VendorId: 32902, DeviceId: 32065, SubSysId: 216535080."
"17-08-2026 12:30:36","3","Information","Microsoft-Windows-MF-FrameServer","FrameServer FsProxy SetOutputType Stop, hr=0x0."
"17-08-2026 12:30:36","2","Information","Microsoft-Windows-MF-FrameServer","FrameServer FsProxy SetOutputType Start, PinId: 0, MediaType: FrameSize=5497558139600 (1280,720),MajorType={73646976-0000-0010-8000-00AA00389B71},FrameRate=128849018881 (30,1),PixelAspectRatio=4294967297 (1,1),InterlacedMode=2,Subtype={32595559-0000-0010-8000-00AA00389B71}."
"17-08-2026 12:30:36","5","Information","Microsoft-Windows-MF-FrameServer","FrameServer FsProxy D3dManager Stop, hr=0x0."
"17-08-2026 12:30:36","4","Information","Microsoft-Windows-MF-FrameServer","FrameServer FsProxy D3dManager Start, D3dDesc: Intel(R) Graphics, LUID: 0x10DFF, VendorId: 32902, DeviceId: 32065, SubSysId: 216535080."
"17-08-2026 12:30:36","5","Information","Microsoft-Windows-MF-FrameServer","FrameServer FsProxy D3dManager Stop, hr=0x0."
"17-08-2026 12:30:36","4","Information","Microsoft-Windows-MF-FrameServer","FrameServer FsProxy D3dManager Start, D3dDesc: Intel(R) Graphics, LUID: 0x10DFF, VendorId: 32902, DeviceId: 32065, SubSysId: 216535080."
"17-08-2026 12:30:36","7","Information","Microsoft-Windows-MF-FrameServer","FrameServer FsProxy Initialization Stop, SymbolicLink: \\?\usb#vid_0bda&pid_5599&mi_00#6&236e8108&0&0000#{e5323777-f976-4f5b-9b55-b94699c46e44}\global, Devices: 1, Streams: 1, StreamType: MASTER, hr: 0x0."
"17-08-2026 12:30:36","12","Information","Microsoft-Windows-MF-FrameServer","FrameServer WatchdogTimer Stop Event, TimerScope: FSSource, TimerScopeId: 0, WatchdogOperation: Activate, DurationToCompletionInHns: 53."
"17-08-2026 12:30:36","11","Information","Microsoft-Windows-MF-FrameServer","FrameServer WatchdogTimer Start Event, TimerScope: FSSource, TimerScopeId: 0, WatchdogOperation: Activate, DurationToTriggerInHns: 200000000, 
SymbolicLink: <none>."
"17-08-2026 12:30:36","6","Information","Microsoft-Windows-MF-FrameServer","FrameServer FsProxy Initialization Start, SymbolicLink: \\?\usb#vid_0bda&pid_5599&mi_00#6&236e8108&0&0000#{e5323777-f976-4f5b-9b55-b94699c46e44}\global, Devices: 1, StreamType: MASTER."
"17-08-2026 12:30:36","5","Information","Microsoft-Windows-MF-FrameServer","FrameServer FsProxy D3dManager Stop, hr=0x0."
"17-08-2026 12:30:36","4","Information","Microsoft-Windows-MF-FrameServer","FrameServer FsProxy D3dManager Start, D3dDesc: Intel(R) Graphics, LUID: 0x10DFF, VendorId: 32902, DeviceId: 32065, SubSysId: 216535080."
"17-08-2026 12:30:36","3","Information","Microsoft-Windows-MF-FrameServer","FrameServer FsProxy SetOutputType Stop, hr=0x0."
"17-08-2026 12:30:36","2","Information","Microsoft-Windows-MF-FrameServer","FrameServer FsProxy SetOutputType Start, PinId: 0, MediaType: FrameSize=5497558139600 (1280,720),MajorType={73646976-0000-0010-8000-00AA00389B71},FrameRate=128849018881 (30,1),PixelAspectRatio=4294967297 (1,1),InterlacedMode=2,Subtype={32595559-0000-0010-8000-00AA00389B71}."
"17-08-2026 12:30:36","5","Information","Microsoft-Windows-MF-FrameServer","FrameServer FsProxy D3dManager Stop, hr=0x0."
"17-08-2026 12:30:36","4","Information","Microsoft-Windows-MF-FrameServer","FrameServer FsProxy D3dManager Start, D3dDesc: Intel(R) Graphics, LUID: 0x10DFF, VendorId: 32902, DeviceId: 32065, SubSysId: 216535080."
"17-08-2026 12:30:36","5","Information","Microsoft-Windows-MF-FrameServer","FrameServer FsProxy D3dManager Stop, hr=0x0."
"17-08-2026 12:30:36","4","Information","Microsoft-Windows-MF-FrameServer","FrameServer FsProxy D3dManager Start, D3dDesc: Intel(R) Graphics, LUID: 0x10DFF, VendorId: 32902, DeviceId: 32065, SubSysId: 216535080."
"17-08-2026 12:30:36","7","Information","Microsoft-Windows-MF-FrameServer","FrameServer FsProxy Initialization Stop, SymbolicLink: \\?\usb#vid_0bda&pid_5599&mi_00#6&236e8108&0&0000#{e5323777-f976-4f5b-9b55-b94699c46e44}\global, Devices: 1, Streams: 1, StreamType: MASTER, hr: 0x0."
"17-08-2026 12:30:36","12","Information","Microsoft-Windows-MF-FrameServer","FrameServer WatchdogTimer Stop Event, TimerScope: FSSource, TimerScopeId: 0, WatchdogOperation: Activate, DurationToCompletionInHns: 65."
"17-08-2026 12:30:36","11","Information","Microsoft-Windows-MF-FrameServer","FrameServer WatchdogTimer Start Event, TimerScope: FSSource, TimerScopeId: 0, WatchdogOperation: Activate, DurationToTriggerInHns: 200000000, 
SymbolicLink: <none>."
"17-08-2026 12:30:36","6","Information","Microsoft-Windows-MF-FrameServer","FrameServer FsProxy Initialization Start, SymbolicLink: \\?\usb#vid_0bda&pid_5599&mi_00#6&236e8108&0&0000#{e5323777-f976-4f5b-9b55-b94699c46e44}\global, Devices: 1, StreamType: MASTER."
"17-08-2026 12:30:36","5","Information","Microsoft-Windows-MF-FrameServer","FrameServer FsProxy D3dManager Stop, hr=0x0."
"17-08-2026 12:30:36","4","Information","Microsoft-Windows-MF-FrameServer","FrameServer FsProxy D3dManager Start, D3dDesc: Intel(R) Graphics, LUID: 0x10DFF, VendorId: 32902, DeviceId: 32065, SubSysId: 216535080."
"17-08-2026 12:30:36","3","Information","Microsoft-Windows-MF-FrameServer","FrameServer FsProxy SetOutputType Stop, hr=0x0."
"17-08-2026 12:30:36","2","Information","Microsoft-Windows-MF-FrameServer","FrameServer FsProxy SetOutputType Start, PinId: 0, MediaType: FrameSize=5497558139600 (1280,720),MajorType={73646976-0000-0010-8000-00AA00389B71},FrameRate=128849018881 (30,1),PixelAspectRatio=4294967297 (1,1),InterlacedMode=2,Subtype={32595559-0000-0010-8000-00AA00389B71}."
"17-08-2026 12:30:36","5","Information","Microsoft-Windows-MF-FrameServer","FrameServer FsProxy D3dManager Stop, hr=0x0."
"17-08-2026 12:30:36","4","Information","Microsoft-Windows-MF-FrameServer","FrameServer FsProxy D3dManager Start, D3dDesc: Intel(R) Graphics, LUID: 0x10DFF, VendorId: 32902, DeviceId: 32065, SubSysId: 216535080."
"17-08-2026 12:30:36","3","Information","Microsoft-Windows-MF-FrameServer","FrameServer FsProxy SetOutputType Stop, hr=0x0."
"17-08-2026 12:30:36","2","Information","Microsoft-Windows-MF-FrameServer","FrameServer FsProxy SetOutputType Start, PinId: 0, MediaType: FrameSize=5497558139600 (1280,720),MajorType={73646976-0000-0010-8000-00AA00389B71},FrameRate=128849018881 (30,1),PixelAspectRatio=4294967297 (1,1),InterlacedMode=2,Subtype={32595559-0000-0010-8000-00AA00389B71}."
"17-08-2026 12:30:36","5","Information","Microsoft-Windows-MF-FrameServer","FrameServer FsProxy D3dManager Stop, hr=0x0."
"17-08-2026 12:30:36","4","Information","Microsoft-Windows-MF-FrameServer","FrameServer FsProxy D3dManager Start, D3dDesc: Intel(R) Graphics, LUID: 0x10DFF, VendorId: 32902, DeviceId: 32065, SubSysId: 216535080."
"17-08-2026 12:30:36","5","Information","Microsoft-Windows-MF-FrameServer","FrameServer FsProxy D3dManager Stop, hr=0x0."
"17-08-2026 12:30:36","4","Information","Microsoft-Windows-MF-FrameServer","FrameServer FsProxy D3dManager Start, D3dDesc: Intel(R) Graphics, LUID: 0x10DFF, VendorId: 32902, DeviceId: 32065, SubSysId: 216535080."
"17-08-2026 12:30:36","5","Information","Microsoft-Windows-MF-FrameServer","FrameServer FsProxy D3dManager Stop, hr=0x0."
"17-08-2026 12:30:36","5","Information","Microsoft-Windows-MF-FrameServer","FrameServer FsProxy D3dManager Stop, hr=0x0."
"17-08-2026 12:30:36","4","Information","Microsoft-Windows-MF-FrameServer","FrameServer FsProxy D3dManager Start, D3dDesc: Intel(R) Graphics, LUID: 0x10DFF, VendorId: 32902, DeviceId: 32065, SubSysId: 216535080."
"17-08-2026 12:30:36","4","Information","Microsoft-Windows-MF-FrameServer","FrameServer FsProxy D3dManager Start, D3dDesc: Intel(R) Graphics, LUID: 0x10DFF, VendorId: 32902, DeviceId: 32065, SubSysId: 216535080."
"17-08-2026 12:30:36","7","Information","Microsoft-Windows-MF-FrameServer","FrameServer FsProxy Initialization Stop, SymbolicLink: \\?\usb#vid_0bda&pid_5599&mi_00#6&236e8108&0&0000#{e5323777-f976-4f5b-9b55-b94699c46e44}\global, Devices: 1, Streams: 1, StreamType: MASTER, hr: 0x0."
"17-08-2026 12:30:36","7","Information","Microsoft-Windows-MF-FrameServer","FrameServer FsProxy Initialization Stop, SymbolicLink: \\?\usb#vid_0bda&pid_5599&mi_00#6&236e8108&0&0000#{e5323777-f976-4f5b-9b55-b94699c46e44}\global, Devices: 1, Streams: 1, StreamType: MASTER, hr: 0x0."
"17-08-2026 12:30:36","12","Information","Microsoft-Windows-MF-FrameServer","FrameServer WatchdogTimer Stop Event, TimerScope: FSSource, TimerScopeId: 0, WatchdogOperation: Activate, DurationToCompletionInHns: 91."
"17-08-2026 12:30:36","11","Information","Microsoft-Windows-MF-FrameServer","FrameServer WatchdogTimer Start Event, TimerScope: FSSource, TimerScopeId: 0, WatchdogOperation: Activate, DurationToTriggerInHns: 200000000, 
SymbolicLink: <none>."
"17-08-2026 12:30:36","12","Information","Microsoft-Windows-MF-FrameServer","FrameServer WatchdogTimer Stop Event, TimerScope: FSSource, TimerScopeId: 0, WatchdogOperation: Activate, DurationToCompletionInHns: 88."
