"06-08-2026 08:54:47","1040","Information","Microsoft-Windows-SMBServer","Received Mib notification type MibAddInstance for interface 7"
"06-08-2026 05:13:31","1034","Information","Microsoft-Windows-SMBServer","Send RDMA Endpoint notification failure - Error updating transport list for device \Device\RdmaSmbIpv4_169.254.199.145. Object Name not found.."
"06-08-2026 05:13:31","1033","Information","Microsoft-Windows-SMBServer","Sent RDMA disabled event to LanmanServer for interface \Device\RdmaSmbIpv4_169.254.199.145."
"06-08-2026 05:13:31","1040","Information","Microsoft-Windows-SMBServer","Received Mib notification type MibDeleteInstance for interface 2"
"06-08-2026 05:13:31","1034","Information","Microsoft-Windows-SMBServer","Send RDMA Endpoint notification failure - Error updating transport list for device \Device\RdmaSmbIpv6_fe80::f182:c255:d23c:6188. Object Name not found.."
"06-08-2026 05:13:31","1033","Information","Microsoft-Windows-SMBServer","Sent RDMA disabled event to LanmanServer for interface \Device\RdmaSmbIpv6_fe80::f182:c255:d23c:6188."
"06-08-2026 05:13:31","1040","Information","Microsoft-Windows-SMBServer","Received Mib notification type MibDeleteInstance for interface 2"
"06-08-2026 05:13:31","1034","Information","Microsoft-Windows-SMBServer","Send RDMA Endpoint notification failure - Error updating transport list for device \Device\RdmaSmbIpv4_169.254.199.145. Object Name not found.."
"06-08-2026 05:13:31","1033","Information","Microsoft-Windows-SMBServer","Sent RDMA disabled event to LanmanServer for interface \Device\RdmaSmbIpv4_169.254.199.145."
"06-08-2026 05:13:31","1034","Information","Microsoft-Windows-SMBServer","Send RDMA Endpoint notification failure - Error updating transport list for device \Device\RdmaSmbIpv6_fe80::d6b8:fc88:a362:3737. Object Name not found.."
"06-08-2026 05:13:31","1033","Information","Microsoft-Windows-SMBServer","Sent RDMA disabled event to LanmanServer for interface \Device\RdmaSmbIpv6_fe80::d6b8:fc88:a362:3737."
"06-08-2026 05:13:31","1040","Information","Microsoft-Windows-SMBServer","Received Mib notification type MibDeleteInstance for interface 6"
"06-08-2026 05:13:31","1034","Information","Microsoft-Windows-SMBServer","Send RDMA Endpoint notification failure - Error updating transport list for device \Device\RdmaSmbIpv4_169.254.228.76. Object Name not found.."
"06-08-2026 05:13:31","1033","Information","Microsoft-Windows-SMBServer","Sent RDMA disabled event to LanmanServer for interface \Device\RdmaSmbIpv4_169.254.228.76."
"06-08-2026 05:13:31","1040","Information","Microsoft-Windows-SMBServer","Received Mib notification type MibDeleteInstance for interface 6"
"06-08-2026 05:13:30","1034","Information","Microsoft-Windows-SMBServer","Send RDMA Endpoint notification failure - Error updating transport list for device \Device\RdmaSmbIpv4_169.254.241.136. Object Name not found.."
"06-08-2026 05:13:30","1033","Information","Microsoft-Windows-SMBServer","Sent RDMA disabled event to LanmanServer for interface \Device\RdmaSmbIpv4_169.254.241.136."
"06-08-2026 05:13:30","1040","Information","Microsoft-Windows-SMBServer","Received Mib notification type MibDeleteInstance for interface 7"
"06-08-2026 05:13:30","1034","Information","Microsoft-Windows-SMBServer","Send RDMA Endpoint notification failure - Error updating transport list for device \Device\RdmaSmbIpv6_fe80::96b5:2380:ef58:27cb. Object Name not found.."
"06-08-2026 05:13:30","1033","Information","Microsoft-Windows-SMBServer","Sent RDMA disabled event to LanmanServer for interface \Device\RdmaSmbIpv6_fe80::96b5:2380:ef58:27cb."
"06-08-2026 05:13:30","1040","Information","Microsoft-Windows-SMBServer","Received Mib notification type MibDeleteInstance for interface 7"
"06-08-2026 05:13:30","1034","Information","Microsoft-Windows-SMBServer","Send RDMA Endpoint notification failure - Error updating transport list for device \Device\RdmaSmbIpv4_169.254.241.136. Object Name not found.."
"06-08-2026 05:13:30","1033","Information","Microsoft-Windows-SMBServer","Sent RDMA disabled event to LanmanServer for interface \Device\RdmaSmbIpv4_169.254.241.136."
"06-08-2026 05:13:23","1040","Information","Microsoft-Windows-SMBServer","Received Mib notification type MibParameterNotification for interface 12"
"06-08-2026 05:13:20","1010","Information","Microsoft-Windows-SMBServer","Endpoint added.

Name: LIND55MBVC4     
Domain Name: WORKGROUP
Transport Name: \Device\NetBT_Tcpip_{556D9BDF-D387-4AB9-BE4C-A7E220FAF218}
Transport Flags: 0x1

Guidance:

You should expect this event when the server starts listening on an interface, such as during system restart or when enabling a network adaptor. No user action is required."
"06-08-2026 05:13:20","1040","Information","Microsoft-Windows-SMBServer","Received Mib notification type MibAddInstance for interface 12"
"06-08-2026 05:13:16","1034","Information","Microsoft-Windows-SMBServer","Send RDMA Endpoint notification failure - Error updating transport list for device \Device\RdmaSmbIpv4_10.243.80.44. Object Name not found.."
"06-08-2026 05:13:16","1033","Information","Microsoft-Windows-SMBServer","Sent RDMA disabled event to LanmanServer for interface \Device\RdmaSmbIpv4_10.243.80.44."
"06-08-2026 05:13:16","1040","Information","Microsoft-Windows-SMBServer","Received Mib notification type MibDeleteInstance for interface 12"
"06-08-2026 05:13:16","1034","Information","Microsoft-Windows-SMBServer","Send RDMA Endpoint notification failure - Error getting unicast ip address entry for interface 12. The object was not found."
"06-08-2026 05:13:16","1040","Information","Microsoft-Windows-SMBServer","Received Mib notification type MibParameterNotification for interface 12"
"05-08-2026 20:55:44","1011","Information","Microsoft-Windows-SMBServer","Endpoint removed.

Name: 
Domain Name: 
Transport Name: \Device\NetBT_Tcpip_{556D9BDF-D387-4AB9-BE4C-A7E220FAF218}

Guidance:

You should expect this event when the server stops listening on an interface, such as during shutdown or when disabling a network adaptor. No user action is required."
"05-08-2026 20:55:43","1034","Information","Microsoft-Windows-SMBServer","Send RDMA Endpoint notification failure - Error updating transport list for device \Device\RdmaSmbIpv4_10.243.80.44. Object Name not found.."
"05-08-2026 20:55:43","1033","Information","Microsoft-Windows-SMBServer","Sent RDMA disabled event to LanmanServer for interface \Device\RdmaSmbIpv4_10.243.80.44."
"05-08-2026 20:55:43","1040","Information","Microsoft-Windows-SMBServer","Received Mib notification type MibParameterNotification for interface 12"
"05-08-2026 14:28:05","1034","Information","Microsoft-Windows-SMBServer","Send RDMA Endpoint notification failure - Error updating transport list for device \Device\RdmaSmbIpv4_169.254.147.155. Object Name not found.."
"05-08-2026 14:28:05","1033","Information","Microsoft-Windows-SMBServer","Sent RDMA disabled event to LanmanServer for interface \Device\RdmaSmbIpv4_169.254.147.155."
"05-08-2026 14:28:05","1040","Information","Microsoft-Windows-SMBServer","Received Mib notification type MibDeleteInstance for interface 18"
"05-08-2026 14:28:05","1034","Information","Microsoft-Windows-SMBServer","Send RDMA Endpoint notification failure - Error updating transport list for device \Device\RdmaSmbIpv6_fe80::a6d1:dfb3:7876:aaf0. Object Name not found.."
"05-08-2026 14:28:05","1033","Information","Microsoft-Windows-SMBServer","Sent RDMA disabled event to LanmanServer for interface \Device\RdmaSmbIpv6_fe80::a6d1:dfb3:7876:aaf0."
"05-08-2026 14:28:05","1040","Information","Microsoft-Windows-SMBServer","Received Mib notification type MibDeleteInstance for interface 18"
"05-08-2026 09:40:23","1034","Information","Microsoft-Windows-SMBServer","Send RDMA Endpoint notification failure - DadState is different from IpDadStatePreferred for interface 6. Current DadState: 1."
"05-08-2026 09:40:23","1040","Information","Microsoft-Windows-SMBServer","Received Mib notification type MibAddInstance for interface 6"
"05-08-2026 09:40:16","1034","Information","Microsoft-Windows-SMBServer","Send RDMA Endpoint notification failure - DadState is different from IpDadStatePreferred for interface 6. Current DadState: 3."
"05-08-2026 09:40:16","1040","Information","Microsoft-Windows-SMBServer","Received Mib notification type MibAddInstance for interface 6"
"05-08-2026 09:39:06","1034","Information","Microsoft-Windows-SMBServer","Send RDMA Endpoint notification failure - DadState is different from IpDadStatePreferred for interface 18. Current DadState: 1."
"05-08-2026 09:39:06","1040","Information","Microsoft-Windows-SMBServer","Received Mib notification type MibAddInstance for interface 18"
"05-08-2026 09:38:59","1034","Information","Microsoft-Windows-SMBServer","Send RDMA Endpoint notification failure - DadState is different from IpDadStatePreferred for interface 18. Current DadState: 3."
"05-08-2026 09:38:59","1040","Information","Microsoft-Windows-SMBServer","Received Mib notification type MibAddInstance for interface 18"
"05-08-2026 09:38:37","1034","Information","Microsoft-Windows-SMBServer","Send RDMA Endpoint notification failure - DadState is different from IpDadStatePreferred for interface 7. Current DadState: 1."
"05-08-2026 09:38:37","1040","Information","Microsoft-Windows-SMBServer","Received Mib notification type MibAddInstance for interface 7"
"05-08-2026 09:38:36","1034","Information","Microsoft-Windows-SMBServer","Send RDMA Endpoint notification failure - DadState is different from IpDadStatePreferred for interface 2. Current DadState: 1."
"05-08-2026 09:38:36","1040","Information","Microsoft-Windows-SMBServer","Received Mib notification type MibAddInstance for interface 2"
"05-08-2026 09:38:36","1040","Information","Microsoft-Windows-SMBServer","Received Mib notification type MibParameterNotification for interface 12"
"05-08-2026 09:38:31","1034","Information","Microsoft-Windows-SMBServer","Send RDMA Endpoint notification failure - DadState is different from IpDadStatePreferred for interface 7. Current DadState: 3."
"05-08-2026 09:38:31","1040","Information","Microsoft-Windows-SMBServer","Received Mib notification type MibAddInstance for interface 7"
"05-08-2026 09:38:30","1034","Information","Microsoft-Windows-SMBServer","Send RDMA Endpoint notification failure - DadState is different from IpDadStatePreferred for interface 2. Current DadState: 3."
"05-08-2026 09:38:30","1040","Information","Microsoft-Windows-SMBServer","Received Mib notification type MibAddInstance for interface 2"
"05-08-2026 06:30:41","1034","Information","Microsoft-Windows-SMBServer","Send RDMA Endpoint notification failure - Error updating transport list for device \Device\RdmaSmbIpv6_fe80::f182:c255:d23c:6188. Object Name not found.."
"05-08-2026 06:30:41","1033","Information","Microsoft-Windows-SMBServer","Sent RDMA disabled event to LanmanServer for interface \Device\RdmaSmbIpv6_fe80::f182:c255:d23c:6188."
"05-08-2026 06:30:41","1040","Information","Microsoft-Windows-SMBServer","Received Mib notification type MibDeleteInstance for interface 2"
"05-08-2026 06:30:41","1034","Information","Microsoft-Windows-SMBServer","Send RDMA Endpoint notification failure - Error updating transport list for device \Device\RdmaSmbIpv4_169.254.199.145. Object Name not found.."
"05-08-2026 06:30:41","1033","Information","Microsoft-Windows-SMBServer","Sent RDMA disabled event to LanmanServer for interface \Device\RdmaSmbIpv4_169.254.199.145."
"05-08-2026 06:30:41","1040","Information","Microsoft-Windows-SMBServer","Received Mib notification type MibDeleteInstance for interface 2"
"05-08-2026 06:30:41","1034","Information","Microsoft-Windows-SMBServer","Send RDMA Endpoint notification failure - Error updating transport list for device \Device\RdmaSmbIpv4_169.254.228.76. Object Name not found.."
"05-08-2026 06:30:41","1033","Information","Microsoft-Windows-SMBServer","Sent RDMA disabled event to LanmanServer for interface \Device\RdmaSmbIpv4_169.254.228.76."
"05-08-2026 06:30:41","1040","Information","Microsoft-Windows-SMBServer","Received Mib notification type MibDeleteInstance for interface 6"
"05-08-2026 06:30:41","1034","Information","Microsoft-Windows-SMBServer","Send RDMA Endpoint notification failure - Error updating transport list for device \Device\RdmaSmbIpv6_fe80::d6b8:fc88:a362:3737. Object Name not found.."
"05-08-2026 06:30:41","1033","Information","Microsoft-Windows-SMBServer","Sent RDMA disabled event to LanmanServer for interface \Device\RdmaSmbIpv6_fe80::d6b8:fc88:a362:3737."
"05-08-2026 06:30:41","1040","Information","Microsoft-Windows-SMBServer","Received Mib notification type MibDeleteInstance for interface 6"
"05-08-2026 06:30:40","1034","Information","Microsoft-Windows-SMBServer","Send RDMA Endpoint notification failure - Error updating transport list for device \Device\RdmaSmbIpv4_169.254.241.136. Object Name not found.."
"05-08-2026 06:30:40","1033","Information","Microsoft-Windows-SMBServer","Sent RDMA disabled event to LanmanServer for interface \Device\RdmaSmbIpv4_169.254.241.136."
"05-08-2026 06:30:40","1040","Information","Microsoft-Windows-SMBServer","Received Mib notification type MibDeleteInstance for interface 7"
"05-08-2026 06:30:40","1034","Information","Microsoft-Windows-SMBServer","Send RDMA Endpoint notification failure - Error updating transport list for device \Device\RdmaSmbIpv6_fe80::96b5:2380:ef58:27cb. Object Name not found.."
"05-08-2026 06:30:40","1033","Information","Microsoft-Windows-SMBServer","Sent RDMA disabled event to LanmanServer for interface \Device\RdmaSmbIpv6_fe80::96b5:2380:ef58:27cb."
"05-08-2026 06:30:40","1040","Information","Microsoft-Windows-SMBServer","Received Mib notification type MibDeleteInstance for interface 7"
"05-08-2026 06:30:30","1040","Information","Microsoft-Windows-SMBServer","Received Mib notification type MibParameterNotification for interface 12"
"05-08-2026 06:30:27","1010","Information","Microsoft-Windows-SMBServer","Endpoint added.

Name: LIND55MBVC4     
Domain Name: WORKGROUP
Transport Name: \Device\NetBT_Tcpip_{556D9BDF-D387-4AB9-BE4C-A7E220FAF218}
Transport Flags: 0x1

Guidance:

You should expect this event when the server starts listening on an interface, such as during system restart or when enabling a network adaptor. No user action is required."
"05-08-2026 06:30:27","1040","Information","Microsoft-Windows-SMBServer","Received Mib notification type MibAddInstance for interface 12"
"05-08-2026 06:30:25","1034","Information","Microsoft-Windows-SMBServer","Send RDMA Endpoint notification failure - Error updating transport list for device \Device\RdmaSmbIpv4_10.243.80.44. Object Name not found.."
"05-08-2026 06:30:25","1033","Information","Microsoft-Windows-SMBServer","Sent RDMA disabled event to LanmanServer for interface \Device\RdmaSmbIpv4_10.243.80.44."
"05-08-2026 06:30:25","1040","Information","Microsoft-Windows-SMBServer","Received Mib notification type MibDeleteInstance for interface 12"
"05-08-2026 06:30:25","1034","Information","Microsoft-Windows-SMBServer","Send RDMA Endpoint notification failure - Error getting unicast ip address entry for interface 12. The object was not found."
"05-08-2026 06:30:25","1040","Information","Microsoft-Windows-SMBServer","Received Mib notification type MibParameterNotification for interface 12"
"04-08-2026 21:28:50","1011","Information","Microsoft-Windows-SMBServer","Endpoint removed.

Name: 
Domain Name: 
Transport Name: \Device\NetBT_Tcpip_{556D9BDF-D387-4AB9-BE4C-A7E220FAF218}

Guidance:

You should expect this event when the server stops listening on an interface, such as during shutdown or when disabling a network adaptor. No user action is required."
"04-08-2026 21:28:50","1034","Information","Microsoft-Windows-SMBServer","Send RDMA Endpoint notification failure - Error updating transport list for device \Device\RdmaSmbIpv4_10.243.80.44. Object Name not found.."
"04-08-2026 21:28:50","1033","Information","Microsoft-Windows-SMBServer","Sent RDMA disabled event to LanmanServer for interface \Device\RdmaSmbIpv4_10.243.80.44."
"04-08-2026 21:28:50","1040","Information","Microsoft-Windows-SMBServer","Received Mib notification type MibParameterNotification for interface 12"
"04-08-2026 18:36:22","1034","Information","Microsoft-Windows-SMBServer","Send RDMA Endpoint notification failure - Error updating transport list for device \Device\RdmaSmbIpv4_169.254.147.155. Object Name not found.."
"04-08-2026 18:36:22","1033","Information","Microsoft-Windows-SMBServer","Sent RDMA disabled event to LanmanServer for interface \Device\RdmaSmbIpv4_169.254.147.155."
"04-08-2026 18:36:22","1040","Information","Microsoft-Windows-SMBServer","Received Mib notification type MibDeleteInstance for interface 18"
"04-08-2026 18:36:22","1034","Information","Microsoft-Windows-SMBServer","Send RDMA Endpoint notification failure - Error updating transport list for device \Device\RdmaSmbIpv6_fe80::a6d1:dfb3:7876:aaf0. Object Name not found.."
"04-08-2026 18:36:22","1033","Information","Microsoft-Windows-SMBServer","Sent RDMA disabled event to LanmanServer for interface \Device\RdmaSmbIpv6_fe80::a6d1:dfb3:7876:aaf0."
"04-08-2026 18:36:22","1040","Information","Microsoft-Windows-SMBServer","Received Mib notification type MibDeleteInstance for interface 18"
"04-08-2026 18:36:22","1034","Information","Microsoft-Windows-SMBServer","Send RDMA Endpoint notification failure - Error updating transport list for device \Device\RdmaSmbIpv4_169.254.147.155. Object Name not found.."
"04-08-2026 18:36:22","1033","Information","Microsoft-Windows-SMBServer","Sent RDMA disabled event to LanmanServer for interface \Device\RdmaSmbIpv4_169.254.147.155."
"04-08-2026 11:53:37","1034","Information","Microsoft-Windows-SMBServer","Send RDMA Endpoint notification failure - DadState is different from IpDadStatePreferred for interface 18. Current DadState: 1."
"04-08-2026 11:53:37","1040","Information","Microsoft-Windows-SMBServer","Received Mib notification type MibAddInstance for interface 18"
"04-08-2026 11:53:31","1034","Information","Microsoft-Windows-SMBServer","Send RDMA Endpoint notification failure - DadState is different from IpDadStatePreferred for interface 18. Current DadState: 3."
"04-08-2026 11:53:31","1040","Information","Microsoft-Windows-SMBServer","Received Mib notification type MibAddInstance for interface 18"
"04-08-2026 10:46:27","1040","Information","Microsoft-Windows-SMBServer","Received Mib notification type MibParameterNotification for interface 12"
"04-08-2026 10:10:40","1034","Information","Microsoft-Windows-SMBServer","Send RDMA Endpoint notification failure - Error updating transport list for device \Device\RdmaSmbIpv4_169.254.147.155. Object Name not found.."
"04-08-2026 10:10:40","1033","Information","Microsoft-Windows-SMBServer","Sent RDMA disabled event to LanmanServer for interface \Device\RdmaSmbIpv4_169.254.147.155."
"04-08-2026 10:10:40","1040","Information","Microsoft-Windows-SMBServer","Received Mib notification type MibDeleteInstance for interface 18"
"04-08-2026 10:10:40","1034","Information","Microsoft-Windows-SMBServer","Send RDMA Endpoint notification failure - Error updating transport list for device \Device\RdmaSmbIpv6_fe80::a6d1:dfb3:7876:aaf0. Object Name not found.."
"04-08-2026 10:10:40","1033","Information","Microsoft-Windows-SMBServer","Sent RDMA disabled event to LanmanServer for interface \Device\RdmaSmbIpv6_fe80::a6d1:dfb3:7876:aaf0."
"04-08-2026 10:10:40","1040","Information","Microsoft-Windows-SMBServer","Received Mib notification type MibDeleteInstance for interface 18"
"04-08-2026 10:07:27","1040","Information","Microsoft-Windows-SMBServer","Received Mib notification type MibParameterNotification for interface 12"
"04-08-2026 09:10:46","1034","Information","Microsoft-Windows-SMBServer","Send RDMA Endpoint notification failure - DadState is different from IpDadStatePreferred for interface 6. Current DadState: 1."
"04-08-2026 09:10:46","1040","Information","Microsoft-Windows-SMBServer","Received Mib notification type MibAddInstance for interface 6"
"04-08-2026 09:10:40","1034","Information","Microsoft-Windows-SMBServer","Send RDMA Endpoint notification failure - DadState is different from IpDadStatePreferred for interface 6. Current DadState: 3."
"04-08-2026 09:10:40","1040","Information","Microsoft-Windows-SMBServer","Received Mib notification type MibAddInstance for interface 6"
"04-08-2026 09:09:07","1034","Information","Microsoft-Windows-SMBServer","Send RDMA Endpoint notification failure - DadState is different from IpDadStatePreferred for interface 18. Current DadState: 1."
"04-08-2026 09:09:07","1040","Information","Microsoft-Windows-SMBServer","Received Mib notification type MibAddInstance for interface 18"
"04-08-2026 09:09:01","1034","Information","Microsoft-Windows-SMBServer","Send RDMA Endpoint notification failure - DadState is different from IpDadStatePreferred for interface 18. Current DadState: 3."
"04-08-2026 09:09:01","1040","Information","Microsoft-Windows-SMBServer","Received Mib notification type MibAddInstance for interface 18"
"04-08-2026 09:09:01","1034","Information","Microsoft-Windows-SMBServer","Send RDMA Endpoint notification failure - DadState is different from IpDadStatePreferred for interface 7. Current DadState: 1."
"04-08-2026 09:09:01","1040","Information","Microsoft-Windows-SMBServer","Received Mib notification type MibAddInstance for interface 7"
"04-08-2026 09:09:01","1034","Information","Microsoft-Windows-SMBServer","Send RDMA Endpoint notification failure - DadState is different from IpDadStatePreferred for interface 2. Current DadState: 1."
"04-08-2026 09:09:01","1040","Information","Microsoft-Windows-SMBServer","Received Mib notification type MibAddInstance for interface 2"
"04-08-2026 09:08:59","1040","Information","Microsoft-Windows-SMBServer","Received Mib notification type MibParameterNotification for interface 12"
"04-08-2026 09:08:54","1034","Information","Microsoft-Windows-SMBServer","Send RDMA Endpoint notification failure - DadState is different from IpDadStatePreferred for interface 7. Current DadState: 3."
"04-08-2026 09:08:54","1040","Information","Microsoft-Windows-SMBServer","Received Mib notification type MibAddInstance for interface 7"
"04-08-2026 09:08:54","1034","Information","Microsoft-Windows-SMBServer","Send RDMA Endpoint notification failure - DadState is different from IpDadStatePreferred for interface 2. Current DadState: 3."
"04-08-2026 09:08:54","1040","Information","Microsoft-Windows-SMBServer","Received Mib notification type MibAddInstance for interface 2"
"04-08-2026 03:11:05","1034","Information","Microsoft-Windows-SMBServer","Send RDMA Endpoint notification failure - Error updating transport list for device \Device\RdmaSmbIpv4_169.254.199.145. Object Name not found.."
"04-08-2026 03:11:05","1033","Information","Microsoft-Windows-SMBServer","Sent RDMA disabled event to LanmanServer for interface \Device\RdmaSmbIpv4_169.254.199.145."
"04-08-2026 03:11:05","1040","Information","Microsoft-Windows-SMBServer","Received Mib notification type MibDeleteInstance for interface 2"
"04-08-2026 03:11:05","1034","Information","Microsoft-Windows-SMBServer","Send RDMA Endpoint notification failure - Error updating transport list for device \Device\RdmaSmbIpv6_fe80::f182:c255:d23c:6188. Object Name not found.."
"04-08-2026 03:11:05","1033","Information","Microsoft-Windows-SMBServer","Sent RDMA disabled event to LanmanServer for interface \Device\RdmaSmbIpv6_fe80::f182:c255:d23c:6188."
"04-08-2026 03:11:05","1040","Information","Microsoft-Windows-SMBServer","Received Mib notification type MibDeleteInstance for interface 2"
"04-08-2026 03:11:05","1034","Information","Microsoft-Windows-SMBServer","Send RDMA Endpoint notification failure - Error updating transport list for device \Device\RdmaSmbIpv4_169.254.199.145. Object Name not found.."
"04-08-2026 03:11:05","1033","Information","Microsoft-Windows-SMBServer","Sent RDMA disabled event to LanmanServer for interface \Device\RdmaSmbIpv4_169.254.199.145."
"04-08-2026 03:11:05","1034","Information","Microsoft-Windows-SMBServer","Send RDMA Endpoint notification failure - Error updating transport list for device \Device\RdmaSmbIpv4_169.254.228.76. Object Name not found.."
"04-08-2026 03:11:05","1033","Information","Microsoft-Windows-SMBServer","Sent RDMA disabled event to LanmanServer for interface \Device\RdmaSmbIpv4_169.254.228.76."
"04-08-2026 03:11:05","1040","Information","Microsoft-Windows-SMBServer","Received Mib notification type MibDeleteInstance for interface 6"
"04-08-2026 03:11:05","1034","Information","Microsoft-Windows-SMBServer","Send RDMA Endpoint notification failure - Error updating transport list for device \Device\RdmaSmbIpv6_fe80::d6b8:fc88:a362:3737. Object Name not found.."
"04-08-2026 03:11:05","1033","Information","Microsoft-Windows-SMBServer","Sent RDMA disabled event to LanmanServer for interface \Device\RdmaSmbIpv6_fe80::d6b8:fc88:a362:3737."
"04-08-2026 03:11:05","1040","Information","Microsoft-Windows-SMBServer","Received Mib notification type MibDeleteInstance for interface 6"
"04-08-2026 03:11:05","1034","Information","Microsoft-Windows-SMBServer","Send RDMA Endpoint notification failure - Error updating transport list for device \Device\RdmaSmbIpv4_169.254.228.76. Object Name not found.."
"04-08-2026 03:11:05","1033","Information","Microsoft-Windows-SMBServer","Sent RDMA disabled event to LanmanServer for interface \Device\RdmaSmbIpv4_169.254.228.76."
"04-08-2026 03:11:04","1034","Information","Microsoft-Windows-SMBServer","Send RDMA Endpoint notification failure - Error updating transport list for device \Device\RdmaSmbIpv6_fe80::96b5:2380:ef58:27cb. Object Name not found.."
"04-08-2026 03:11:04","1033","Information","Microsoft-Windows-SMBServer","Sent RDMA disabled event to LanmanServer for interface \Device\RdmaSmbIpv6_fe80::96b5:2380:ef58:27cb."
"04-08-2026 03:11:04","1040","Information","Microsoft-Windows-SMBServer","Received Mib notification type MibDeleteInstance for interface 7"
"04-08-2026 03:11:04","1034","Information","Microsoft-Windows-SMBServer","Send RDMA Endpoint notification failure - Error updating transport list for device \Device\RdmaSmbIpv4_169.254.241.136. Object Name not found.."
"04-08-2026 03:11:04","1033","Information","Microsoft-Windows-SMBServer","Sent RDMA disabled event to LanmanServer for interface \Device\RdmaSmbIpv4_169.254.241.136."
"04-08-2026 03:11:04","1040","Information","Microsoft-Windows-SMBServer","Received Mib notification type MibDeleteInstance for interface 7"
"04-08-2026 03:10:50","1010","Information","Microsoft-Windows-SMBServer","Endpoint added.

Name: LIND55MBVC4     
Domain Name: WORKGROUP
Transport Name: \Device\NetBT_Tcpip_{556D9BDF-D387-4AB9-BE4C-A7E220FAF218}
Transport Flags: 0x1

Guidance:

You should expect this event when the server starts listening on an interface, such as during system restart or when enabling a network adaptor. No user action is required."
"04-08-2026 03:10:50","1040","Information","Microsoft-Windows-SMBServer","Received Mib notification type MibParameterNotification for interface 12"
"03-08-2026 19:03:22","1011","Information","Microsoft-Windows-SMBServer","Endpoint removed.

Name: 
Domain Name: 
Transport Name: \Device\NetBT_Tcpip_{556D9BDF-D387-4AB9-BE4C-A7E220FAF218}

Guidance:

You should expect this event when the server stops listening on an interface, such as during shutdown or when disabling a network adaptor. No user action is required."
"03-08-2026 19:03:22","1034","Information","Microsoft-Windows-SMBServer","Send RDMA Endpoint notification failure - Error updating transport list for device \Device\RdmaSmbIpv4_10.243.80.44. Object Name not found.."
"03-08-2026 19:03:22","1033","Information","Microsoft-Windows-SMBServer","Sent RDMA disabled event to LanmanServer for interface \Device\RdmaSmbIpv4_10.243.80.44."
"03-08-2026 19:03:22","1040","Information","Microsoft-Windows-SMBServer","Received Mib notification type MibParameterNotification for interface 12"
"03-08-2026 18:13:21","1040","Information","Microsoft-Windows-SMBServer","Received Mib notification type MibParameterNotification for interface 12"
"03-08-2026 18:06:01","1040","Information","Microsoft-Windows-SMBServer","Received Mib notification type MibParameterNotification for interface 12"
"03-08-2026 18:05:58","1010","Information","Microsoft-Windows-SMBServer","Endpoint added.

Name: LIND55MBVC4     
Domain Name: WORKGROUP
Transport Name: \Device\NetBT_Tcpip_{556D9BDF-D387-4AB9-BE4C-A7E220FAF218}
Transport Flags: 0x1

Guidance:

You should expect this event when the server starts listening on an interface, such as during system restart or when enabling a network adaptor. No user action is required."
"03-08-2026 18:05:58","1040","Information","Microsoft-Windows-SMBServer","Received Mib notification type MibAddInstance for interface 12"
"03-08-2026 18:05:58","1034","Information","Microsoft-Windows-SMBServer","Send RDMA Endpoint notification failure - Error updating transport list for device \Device\RdmaSmbIpv4_10.243.75.232. Object Name not found.."
"03-08-2026 18:05:58","1033","Information","Microsoft-Windows-SMBServer","Sent RDMA disabled event to LanmanServer for interface \Device\RdmaSmbIpv4_10.243.75.232."
"03-08-2026 18:05:58","1040","Information","Microsoft-Windows-SMBServer","Received Mib notification type MibDeleteInstance for interface 12"
"03-08-2026 18:03:56","1011","Information","Microsoft-Windows-SMBServer","Endpoint removed.

Name: 
Domain Name: 
Transport Name: \Device\NetBT_Tcpip_{556D9BDF-D387-4AB9-BE4C-A7E220FAF218}

Guidance:

You should expect this event when the server stops listening on an interface, such as during shutdown or when disabling a network adaptor. No user action is required."
"03-08-2026 18:03:55","1034","Information","Microsoft-Windows-SMBServer","Send RDMA Endpoint notification failure - Error updating transport list for device \Device\RdmaSmbIpv4_10.243.75.232. Object Name not found.."
"03-08-2026 18:03:55","1033","Information","Microsoft-Windows-SMBServer","Sent RDMA disabled event to LanmanServer for interface \Device\RdmaSmbIpv4_10.243.75.232."
"03-08-2026 18:03:55","1040","Information","Microsoft-Windows-SMBServer","Received Mib notification type MibParameterNotification for interface 12"
"03-08-2026 18:03:38","1040","Information","Microsoft-Windows-SMBServer","Received Mib notification type MibParameterNotification for interface 12"
"03-08-2026 18:03:30","1040","Information","Microsoft-Windows-SMBServer","Received Mib notification type MibParameterNotification for interface 12"
"03-08-2026 18:03:24","1040","Information","Microsoft-Windows-SMBServer","Received Mib notification type MibParameterNotification for interface 12"
"03-08-2026 18:03:15","1040","Information","Microsoft-Windows-SMBServer","Received Mib notification type MibParameterNotification for interface 12"
"03-08-2026 17:03:28","1040","Information","Microsoft-Windows-SMBServer","Received Mib notification type MibParameterNotification for interface 12"
"03-08-2026 17:03:15","1040","Information","Microsoft-Windows-SMBServer","Received Mib notification type MibParameterNotification for interface 12"
"03-08-2026 17:03:10","1040","Information","Microsoft-Windows-SMBServer","Received Mib notification type MibParameterNotification for interface 12"
"03-08-2026 17:03:07","1010","Information","Microsoft-Windows-SMBServer","Endpoint added.

Name: LIND55MBVC4     
Domain Name: WORKGROUP
Transport Name: \Device\NetBT_Tcpip_{556D9BDF-D387-4AB9-BE4C-A7E220FAF218}
Transport Flags: 0x1

Guidance:

You should expect this event when the server starts listening on an interface, such as during system restart or when enabling a network adaptor. No user action is required."
"03-08-2026 17:03:07","1040","Information","Microsoft-Windows-SMBServer","Received Mib notification type MibAddInstance for interface 12"
"03-08-2026 17:03:04","1034","Information","Microsoft-Windows-SMBServer","Send RDMA Endpoint notification failure - Error updating transport list for device \Device\RdmaSmbIpv4_10.243.80.44. Object Name not found.."
"03-08-2026 17:03:04","1033","Information","Microsoft-Windows-SMBServer","Sent RDMA disabled event to LanmanServer for interface \Device\RdmaSmbIpv4_10.243.80.44."
"03-08-2026 17:03:04","1040","Information","Microsoft-Windows-SMBServer","Received Mib notification type MibDeleteInstance for interface 12"
"03-08-2026 17:02:30","1011","Information","Microsoft-Windows-SMBServer","Endpoint removed.

Name: 
Domain Name: 
Transport Name: \Device\NetBT_Tcpip_{556D9BDF-D387-4AB9-BE4C-A7E220FAF218}

Guidance:

You should expect this event when the server stops listening on an interface, such as during shutdown or when disabling a network adaptor. No user action is required."
"03-08-2026 17:02:30","1034","Information","Microsoft-Windows-SMBServer","Send RDMA Endpoint notification failure - Error updating transport list for device \Device\RdmaSmbIpv4_10.243.80.44. Object Name not found.."
"03-08-2026 17:02:30","1033","Information","Microsoft-Windows-SMBServer","Sent RDMA disabled event to LanmanServer for interface \Device\RdmaSmbIpv4_10.243.80.44."
"03-08-2026 17:02:30","1040","Information","Microsoft-Windows-SMBServer","Received Mib notification type MibParameterNotification for interface 12"
"03-08-2026 17:02:14","1040","Information","Microsoft-Windows-SMBServer","Received Mib notification type MibParameterNotification for interface 12"
"03-08-2026 17:01:53","1040","Information","Microsoft-Windows-SMBServer","Received Mib notification type MibParameterNotification for interface 12"
"03-08-2026 11:38:27","1034","Information","Microsoft-Windows-SMBServer","Send RDMA Endpoint notification failure - Error updating transport list for device \Device\RdmaSmbIpv4_169.254.147.155. Object Name not found.."
"03-08-2026 11:38:27","1033","Information","Microsoft-Windows-SMBServer","Sent RDMA disabled event to LanmanServer for interface \Device\RdmaSmbIpv4_169.254.147.155."
"03-08-2026 11:38:27","1040","Information","Microsoft-Windows-SMBServer","Received Mib notification type MibDeleteInstance for interface 18"
"03-08-2026 11:38:27","1034","Information","Microsoft-Windows-SMBServer","Send RDMA Endpoint notification failure - Error updating transport list for device \Device\RdmaSmbIpv6_fe80::a6d1:dfb3:7876:aaf0. Object Name not found.."
"03-08-2026 11:38:27","1033","Information","Microsoft-Windows-SMBServer","Sent RDMA disabled event to LanmanServer for interface \Device\RdmaSmbIpv6_fe80::a6d1:dfb3:7876:aaf0."
"03-08-2026 11:38:27","1040","Information","Microsoft-Windows-SMBServer","Received Mib notification type MibDeleteInstance for interface 18"
"03-08-2026 11:38:27","1034","Information","Microsoft-Windows-SMBServer","Send RDMA Endpoint notification failure - Error updating transport list for device \Device\RdmaSmbIpv4_169.254.147.155. Object Name not found.."
"03-08-2026 11:38:27","1033","Information","Microsoft-Windows-SMBServer","Sent RDMA disabled event to LanmanServer for interface \Device\RdmaSmbIpv4_169.254.147.155."
"03-08-2026 09:28:03","1034","Information","Microsoft-Windows-SMBServer","Send RDMA Endpoint notification failure - DadState is different from IpDadStatePreferred for interface 6. Current DadState: 1."
"03-08-2026 09:28:03","1040","Information","Microsoft-Windows-SMBServer","Received Mib notification type MibAddInstance for interface 6"
"03-08-2026 09:27:56","1034","Information","Microsoft-Windows-SMBServer","Send RDMA Endpoint notification failure - DadState is different from IpDadStatePreferred for interface 6. Current DadState: 3."
"03-08-2026 09:27:56","1040","Information","Microsoft-Windows-SMBServer","Received Mib notification type MibAddInstance for interface 6"
"03-08-2026 09:26:17","1034","Information","Microsoft-Windows-SMBServer","Send RDMA Endpoint notification failure - DadState is different from IpDadStatePreferred for interface 2. Current DadState: 1."
"03-08-2026 09:26:17","1040","Information","Microsoft-Windows-SMBServer","Received Mib notification type MibAddInstance for interface 2"
"03-08-2026 09:26:15","1040","Information","Microsoft-Windows-SMBServer","Received Mib notification type MibParameterNotification for interface 12"
"03-08-2026 09:26:12","1010","Information","Microsoft-Windows-SMBServer","Endpoint added.

Name: LIND55MBVC4     
Domain Name: WORKGROUP
Transport Name: \Device\NetBT_Tcpip_{556D9BDF-D387-4AB9-BE4C-A7E220FAF218}
Transport Flags: 0x1

Guidance:

You should expect this event when the server starts listening on an interface, such as during system restart or when enabling a network adaptor. No user action is required."
"03-08-2026 09:26:12","1040","Information","Microsoft-Windows-SMBServer","Received Mib notification type MibAddInstance for interface 12"
"03-08-2026 09:26:12","1034","Information","Microsoft-Windows-SMBServer","Send RDMA Endpoint notification failure - Error updating transport list for device \Device\RdmaSmbIpv4_169.254.87.183. Object Name not found.."
"03-08-2026 09:26:12","1033","Information","Microsoft-Windows-SMBServer","Sent RDMA disabled event to LanmanServer for interface \Device\RdmaSmbIpv4_169.254.87.183."
"03-08-2026 09:26:12","1040","Information","Microsoft-Windows-SMBServer","Received Mib notification type MibDeleteInstance for interface 12"
"03-08-2026 09:26:11","1034","Information","Microsoft-Windows-SMBServer","Send RDMA Endpoint notification failure - DadState is different from IpDadStatePreferred for interface 2. Current DadState: 3."
"03-08-2026 09:26:11","1040","Information","Microsoft-Windows-SMBServer","Received Mib notification type MibAddInstance for interface 2"
"03-08-2026 09:26:10","1034","Information","Microsoft-Windows-SMBServer","Send RDMA Endpoint notification failure - DadState is different from IpDadStatePreferred for interface 12. Current DadState: 1."
"03-08-2026 09:26:10","1040","Information","Microsoft-Windows-SMBServer","Received Mib notification type MibAddInstance for interface 12"
"03-08-2026 09:26:09","1027","Information","Microsoft-Windows-SMBServer","The file and printer sharing firewall ports are currently closed.  This is the default configuration for a system that is not sharing content or is on a Public network.

Guidance:

You should expect this event when Windows Firewall is not configured to enable the File and Printer Sharing rule, which allows inbound SMB traffic. This event occurs on a computer that does not have custom shares configured. Clients cannot access SMB shares on this computer until SMB traffic is allowed through the firewall."
"03-08-2026 09:26:05","1053","Information","Microsoft-Windows-SMBServer","Restored 0 of 0 server certificate mappings from persistent storage. Last error code: 0x0."
"03-08-2026 09:26:05","1034","Information","Microsoft-Windows-SMBServer","Send RDMA Endpoint notification failure - DadState is different from IpDadStatePreferred for interface 18. Current DadState: 3."
"03-08-2026 09:26:05","1034","Information","Microsoft-Windows-SMBServer","Send RDMA Endpoint notification failure - DadState is different from IpDadStatePreferred for interface 7. Current DadState: 3."
"03-08-2026 09:26:05","1034","Information","Microsoft-Windows-SMBServer","Send RDMA Endpoint notification failure - DadState is different from IpDadStatePreferred for interface 18. Current DadState: 1."
"03-08-2026 09:26:05","1034","Information","Microsoft-Windows-SMBServer","Send RDMA Endpoint notification failure - DadState is different from IpDadStatePreferred for interface 7. Current DadState: 1."
"03-08-2026 09:26:05","1034","Information","Microsoft-Windows-SMBServer","Send RDMA Endpoint notification failure - DadState is different from IpDadStatePreferred for interface 14. Current DadState: 1."
"03-08-2026 09:26:05","1040","Information","Microsoft-Windows-SMBServer","Received Mib notification type MibInitialNotification for interface 0"
"03-08-2026 09:26:05","1034","Information","Microsoft-Windows-SMBServer","Send RDMA Endpoint notification failure - DadState is different from IpDadStatePreferred for interface 18. Current DadState: 3."
"03-08-2026 09:26:05","1034","Information","Microsoft-Windows-SMBServer","Send RDMA Endpoint notification failure - DadState is different from IpDadStatePreferred for interface 7. Current DadState: 3."
"03-08-2026 09:26:05","1034","Information","Microsoft-Windows-SMBServer","Send RDMA Endpoint notification failure - DadState is different from IpDadStatePreferred for interface 18. Current DadState: 1."
"03-08-2026 09:26:05","1034","Information","Microsoft-Windows-SMBServer","Send RDMA Endpoint notification failure - DadState is different from IpDadStatePreferred for interface 7. Current DadState: 1."
"03-08-2026 09:26:05","1034","Information","Microsoft-Windows-SMBServer","Send RDMA Endpoint notification failure - DadState is different from IpDadStatePreferred for interface 14. Current DadState: 1."
"03-08-2026 09:26:05","1040","Information","Microsoft-Windows-SMBServer","Received Mib notification type MibInitialNotification for interface 0"
"03-08-2026 09:26:05","1010","Information","Microsoft-Windows-SMBServer","Endpoint added.

Name: LIND55MBVC4     
Domain Name: WORKGROUP
Transport Name: \Device\NetbiosSmb
Transport Flags: 0x1

Guidance:

You should expect this event when the server starts listening on an interface, such as during system restart or when enabling a network adaptor. No user action is required."
"03-08-2026 09:26:05","3011","Information","Microsoft-Windows-SMBServer","The SMB server service created an endpoint with the following listener rule entry settings: 
Transport: \Device\NetbiosSmb
Port: 445
TransportType: SrvNetTransportTypeTcpip
SrvInstances: Default, CSV, SBL, SR

Guidance:

You should expect this event when assigning alternative SMB server listener ports and on any subsequent restarts of the SMB server service."
"03-08-2026 09:26:05","1025","Warning","Microsoft-Windows-SMBServer","One or more named pipes or shares have been marked for access by anonymous users.  This increases the security risk of the computer by allowing unauthenticated users to connect to this server.

Registry Key: HKLM\System\CurrentControlSet\Services\LanmanServer\Parameters
Registry Values: NullSessionPipes, NullSessionShares
Default Value: Empty (or not present)
Current Value: Non-empty

Guidance:

You should expect this event when modifying the default values of NullSessionShares and NullSessionPipes. On a typical file server, these settings do not exist or do not contain values, which is the most secure configuration. By default, domain controllers populate the NullSessionShares entry with netlogon, samr, and lsarpc to allow legacy access methods."
"03-08-2026 09:26:04","1080","Information","Microsoft-Windows-SMBServer","Component capabilities: 0x2
Internal patch number: 0x0
"
"03-08-2026 09:26:04","1900","Information","Microsoft-Windows-SMBServer","TDI mode enabled: true"
"31-07-2026 16:07:12","1034","Information","Microsoft-Windows-SMBServer","Send RDMA Endpoint notification failure - DadState is different from IpDadStatePreferred for interface 18. Current DadState: 1."
"31-07-2026 16:07:12","1040","Information","Microsoft-Windows-SMBServer","Received Mib notification type MibAddInstance for interface 18"
"31-07-2026 16:07:06","1034","Information","Microsoft-Windows-SMBServer","Send RDMA Endpoint notification failure - DadState is different from IpDadStatePreferred for interface 18. Current DadState: 3."
"31-07-2026 16:07:06","1040","Information","Microsoft-Windows-SMBServer","Received Mib notification type MibAddInstance for interface 18"
"31-07-2026 10:26:02","1040","Information","Microsoft-Windows-SMBServer","Received Mib notification type MibParameterNotification for interface 12"
"31-07-2026 10:25:38","1034","Information","Microsoft-Windows-SMBServer","Send RDMA Endpoint notification failure - Error updating transport list for device \Device\RdmaSmbIpv4_169.254.147.155. Object Name not found.."
"31-07-2026 10:25:38","1033","Information","Microsoft-Windows-SMBServer","Sent RDMA disabled event to LanmanServer for interface \Device\RdmaSmbIpv4_169.254.147.155."
"31-07-2026 10:25:38","1040","Information","Microsoft-Windows-SMBServer","Received Mib notification type MibDeleteInstance for interface 18"
"31-07-2026 10:25:38","1034","Information","Microsoft-Windows-SMBServer","Send RDMA Endpoint notification failure - Error updating transport list for device \Device\RdmaSmbIpv6_fe80::a6d1:dfb3:7876:aaf0. Object Name not found.."
"31-07-2026 10:25:38","1033","Information","Microsoft-Windows-SMBServer","Sent RDMA disabled event to LanmanServer for interface \Device\RdmaSmbIpv6_fe80::a6d1:dfb3:7876:aaf0."
"31-07-2026 10:25:38","1040","Information","Microsoft-Windows-SMBServer","Received Mib notification type MibDeleteInstance for interface 18"
"31-07-2026 09:46:21","1034","Information","Microsoft-Windows-SMBServer","Send RDMA Endpoint notification failure - DadState is different from IpDadStatePreferred for interface 6. Current DadState: 1."
"31-07-2026 09:46:21","1040","Information","Microsoft-Windows-SMBServer","Received Mib notification type MibAddInstance for interface 6"
"31-07-2026 09:46:15","1034","Information","Microsoft-Windows-SMBServer","Send RDMA Endpoint notification failure - DadState is different from IpDadStatePreferred for interface 6. Current DadState: 3."
"31-07-2026 09:46:15","1040","Information","Microsoft-Windows-SMBServer","Received Mib notification type MibAddInstance for interface 6"
"31-07-2026 09:44:36","1034","Information","Microsoft-Windows-SMBServer","Send RDMA Endpoint notification failure - DadState is different from IpDadStatePreferred for interface 2. Current DadState: 1."
"31-07-2026 09:44:36","1040","Information","Microsoft-Windows-SMBServer","Received Mib notification type MibAddInstance for interface 2"
"31-07-2026 09:44:34","1040","Information","Microsoft-Windows-SMBServer","Received Mib notification type MibParameterNotification for interface 12"
"31-07-2026 09:44:31","1010","Information","Microsoft-Windows-SMBServer","Endpoint added.

Name: LIND55MBVC4     
Domain Name: WORKGROUP
Transport Name: \Device\NetBT_Tcpip_{556D9BDF-D387-4AB9-BE4C-A7E220FAF218}
Transport Flags: 0x1

Guidance:

You should expect this event when the server starts listening on an interface, such as during system restart or when enabling a network adaptor. No user action is required."
"31-07-2026 09:44:31","1040","Information","Microsoft-Windows-SMBServer","Received Mib notification type MibAddInstance for interface 12"
"31-07-2026 09:44:31","1034","Information","Microsoft-Windows-SMBServer","Send RDMA Endpoint notification failure - Error updating transport list for device \Device\RdmaSmbIpv4_169.254.87.183. Object Name not found.."
"31-07-2026 09:44:31","1033","Information","Microsoft-Windows-SMBServer","Sent RDMA disabled event to LanmanServer for interface \Device\RdmaSmbIpv4_169.254.87.183."
"31-07-2026 09:44:31","1040","Information","Microsoft-Windows-SMBServer","Received Mib notification type MibDeleteInstance for interface 12"
"31-07-2026 09:44:30","1034","Information","Microsoft-Windows-SMBServer","Send RDMA Endpoint notification failure - DadState is different from IpDadStatePreferred for interface 12. Current DadState: 1."
"31-07-2026 09:44:30","1040","Information","Microsoft-Windows-SMBServer","Received Mib notification type MibAddInstance for interface 12"
"31-07-2026 09:44:30","1034","Information","Microsoft-Windows-SMBServer","Send RDMA Endpoint notification failure - DadState is different from IpDadStatePreferred for interface 2. Current DadState: 3."
"31-07-2026 09:44:30","1040","Information","Microsoft-Windows-SMBServer","Received Mib notification type MibAddInstance for interface 2"
"31-07-2026 09:44:28","1027","Information","Microsoft-Windows-SMBServer","The file and printer sharing firewall ports are currently closed.  This is the default configuration for a system that is not sharing content or is on a Public network.

Guidance:

You should expect this event when Windows Firewall is not configured to enable the File and Printer Sharing rule, which allows inbound SMB traffic. This event occurs on a computer that does not have custom shares configured. Clients cannot access SMB shares on this computer until SMB traffic is allowed through the firewall."
"31-07-2026 09:44:25","1053","Information","Microsoft-Windows-SMBServer","Restored 0 of 0 server certificate mappings from persistent storage. Last error code: 0x0."
"31-07-2026 09:44:25","1034","Information","Microsoft-Windows-SMBServer","Send RDMA Endpoint notification failure - DadState is different from IpDadStatePreferred for interface 18. Current DadState: 3."
"31-07-2026 09:44:25","1034","Information","Microsoft-Windows-SMBServer","Send RDMA Endpoint notification failure - DadState is different from IpDadStatePreferred for interface 7. Current DadState: 3."
"31-07-2026 09:44:25","1034","Information","Microsoft-Windows-SMBServer","Send RDMA Endpoint notification failure - DadState is different from IpDadStatePreferred for interface 18. Current DadState: 1."
"31-07-2026 09:44:25","1034","Information","Microsoft-Windows-SMBServer","Send RDMA Endpoint notification failure - DadState is different from IpDadStatePreferred for interface 7. Current DadState: 1."
"31-07-2026 09:44:25","1034","Information","Microsoft-Windows-SMBServer","Send RDMA Endpoint notification failure - DadState is different from IpDadStatePreferred for interface 14. Current DadState: 1."
"31-07-2026 09:44:25","1040","Information","Microsoft-Windows-SMBServer","Received Mib notification type MibInitialNotification for interface 0"
"31-07-2026 09:44:25","1034","Information","Microsoft-Windows-SMBServer","Send RDMA Endpoint notification failure - DadState is different from IpDadStatePreferred for interface 18. Current DadState: 3."
