"14-08-2026 18:04:42","2010","Information","Microsoft-Windows-Windows Defender","Microsoft Defender Antivirus used cloud protection to get additional security intelligence.
 	Current security intelligence Version: 1.457.159.0
 	Security intelligence Type: 
 	User: \
 	Current Engine Version: 1.1.26070.7
 	Cloud protection intelligence Type: Security intelligence update
 	Persistence Path: C:\ProgramData\Microsoft\Windows Defender\Scans\RtSigs\data\af8828545319a02575b667d5f49c01269ae9c040
 	Cloud protection intelligence Version: 0.0.0.0
 	Cloud protection intelligence Compilation Timestamp: 14-08-2026 12:34:42
 	Persistence Limit Type: Duration
 	Persistence Limit: 50065408"
"14-08-2026 17:51:44","1151","Information","Microsoft-Windows-Windows Defender","Endpoint Protection client health report (time in UTC):
 	Platform version: 4.18.26070.9
 	Engine version: 1.1.26070.7
 	Network Realtime Inspection engine version: 1.1.26070.7
 	Antivirus security intelligence version: 1.457.159.0
 	Antispyware security intelligence version: 1.457.159.0
 	Network Realtime Inspection security intelligence version: 1.457.159.0
 	RTP state: Enabled
 	OA state: Enabled
 	IOAV state: Enabled
 	BM state: Enabled
 	Antivirus security intelligence age: 0
 	Antispyware security intelligence age: 0
 	Last quick scan age: 0
 	Last full scan age: 4294967295
 	Antivirus security intelligence creation time: 2026-08-14T05:13:31Z
 	Antispyware security intelligence creation time: 2026-08-14T05:13:31Z
 	Last quick scan start time: 2026-08-14T10:31:10Z
 	Last quick scan end time: 2026-08-14T10:38:42Z
 	Last quick scan source: 2
 	Last full scan start time: 1601-01-01T00:00:00Z
 	Last full scan end time: 1601-01-01T00:00:00Z
 	Last full scan source: 0
 	Product status: 0x00080000
"
"14-08-2026 17:51:44","1150","Information","Microsoft-Windows-Windows Defender","Endpoint Protection client is up and running in a healthy state.
 	Platform version: 4.18.26070.9
 	Engine version: 1.1.26070.7
 	Security intelligence version: 1.457.159.0
"
"14-08-2026 17:50:17","5007","Information","Microsoft-Windows-Windows Defender","Microsoft Defender Antivirus Configuration has changed. If this is an unexpected event you should review the settings as this may be the result of malware.
 	Old value: HKLM\SOFTWARE\Microsoft\Windows Defender\UX Configuration\ToastOrSsoTrigger = 0x0
 	New value: HKLM\SOFTWARE\Microsoft\Windows Defender\UX Configuration\ToastOrSsoTrigger = 0x1"
"14-08-2026 17:50:17","5007","Information","Microsoft-Windows-Windows Defender","Microsoft Defender Antivirus Configuration has changed. If this is an unexpected event you should review the settings as this may be the result of malware.
 	Old value: HKLM\SOFTWARE\Microsoft\Windows Defender\UX Configuration\ToastOrSsoTrigger = 0x0
 	New value: HKLM\SOFTWARE\Microsoft\Windows Defender\UX Configuration\ToastOrSsoTrigger = 0x1"
"14-08-2026 17:35:15","5007","Information","Microsoft-Windows-Windows Defender","Microsoft Defender Antivirus Configuration has changed. If this is an unexpected event you should review the settings as this may be the result of malware.
 	Old value: HKLM\SOFTWARE\Microsoft\Windows Defender\UX Configuration\ToastOrSsoTrigger = 0x1
 	New value: HKLM\SOFTWARE\Microsoft\Windows Defender\UX Configuration\ToastOrSsoTrigger = 0x0"
"14-08-2026 17:35:15","5007","Information","Microsoft-Windows-Windows Defender","Microsoft Defender Antivirus Configuration has changed. If this is an unexpected event you should review the settings as this may be the result of malware.
 	Old value: HKLM\SOFTWARE\Microsoft\Windows Defender\UX Configuration\ToastOrSsoTrigger = 0x1
 	New value: HKLM\SOFTWARE\Microsoft\Windows Defender\UX Configuration\ToastOrSsoTrigger = 0x0"
"14-08-2026 17:28:48","2010","Information","Microsoft-Windows-Windows Defender","Microsoft Defender Antivirus used cloud protection to get additional security intelligence.
 	Current security intelligence Version: 1.457.159.0
 	Security intelligence Type: 
 	User: \
 	Current Engine Version: 1.1.26070.7
 	Cloud protection intelligence Type: Security intelligence update
 	Persistence Path: C:\ProgramData\Microsoft\Windows Defender\Scans\RtSigs\data\a7ee33bb0c5973255a79da2408f626df4558121e
 	Cloud protection intelligence Version: 0.0.0.0
 	Cloud protection intelligence Compilation Timestamp: 14-08-2026 11:58:48
 	Persistence Limit Type: Duration
 	Persistence Limit: 72000000"
"14-08-2026 17:28:48","2010","Information","Microsoft-Windows-Windows Defender","Microsoft Defender Antivirus used cloud protection to get additional security intelligence.
 	Current security intelligence Version: 1.457.159.0
 	Security intelligence Type: 
 	User: \
 	Current Engine Version: 1.1.26070.7
 	Cloud protection intelligence Type: Security intelligence update
 	Persistence Path: C:\ProgramData\Microsoft\Windows Defender\Scans\RtSigs\data\814d1f68e2efa70e32359d630129a90bd0e17b81
 	Cloud protection intelligence Version: 0.0.0.0
 	Cloud protection intelligence Compilation Timestamp: 14-08-2026 11:58:48
 	Persistence Limit Type: Duration
 	Persistence Limit: 432000000"
"14-08-2026 17:28:48","2010","Information","Microsoft-Windows-Windows Defender","Microsoft Defender Antivirus used cloud protection to get additional security intelligence.
 	Current security intelligence Version: 1.457.159.0
 	Security intelligence Type: 
 	User: \
 	Current Engine Version: 1.1.26070.7
 	Cloud protection intelligence Type: Security intelligence update
 	Persistence Path: C:\ProgramData\Microsoft\Windows Defender\Scans\RtSigs\data\9673d6e262f7d1f95299915f8becf99f985a80ee
 	Cloud protection intelligence Version: 0.0.0.0
 	Cloud protection intelligence Compilation Timestamp: 14-08-2026 11:58:48
 	Persistence Limit Type: Duration
 	Persistence Limit: 432000000"
"14-08-2026 17:28:48","2010","Information","Microsoft-Windows-Windows Defender","Microsoft Defender Antivirus used cloud protection to get additional security intelligence.
 	Current security intelligence Version: 1.457.159.0
 	Security intelligence Type: 
 	User: \
 	Current Engine Version: 1.1.26070.7
 	Cloud protection intelligence Type: Security intelligence update
 	Persistence Path: C:\ProgramData\Microsoft\Windows Defender\Scans\RtSigs\data\87d1963bbfee752e61012bc484d63ee3bc8a89b1
 	Cloud protection intelligence Version: 0.0.0.0
 	Cloud protection intelligence Compilation Timestamp: 14-08-2026 11:58:48
 	Persistence Limit Type: Duration
 	Persistence Limit: 432000000"
"14-08-2026 16:51:44","1151","Information","Microsoft-Windows-Windows Defender","Endpoint Protection client health report (time in UTC):
 	Platform version: 4.18.26070.9
 	Engine version: 1.1.26070.7
 	Network Realtime Inspection engine version: 1.1.26070.7
 	Antivirus security intelligence version: 1.457.159.0
 	Antispyware security intelligence version: 1.457.159.0
 	Network Realtime Inspection security intelligence version: 1.457.159.0
 	RTP state: Enabled
 	OA state: Enabled
 	IOAV state: Enabled
 	BM state: Enabled
 	Antivirus security intelligence age: 0
 	Antispyware security intelligence age: 0
 	Last quick scan age: 0
 	Last full scan age: 4294967295
 	Antivirus security intelligence creation time: 2026-08-14T05:13:31Z
 	Antispyware security intelligence creation time: 2026-08-14T05:13:31Z
 	Last quick scan start time: 2026-08-14T10:31:10Z
 	Last quick scan end time: 2026-08-14T10:38:42Z
 	Last quick scan source: 2
 	Last full scan start time: 1601-01-01T00:00:00Z
 	Last full scan end time: 1601-01-01T00:00:00Z
 	Last full scan source: 0
 	Product status: 0x00080000
"
"14-08-2026 16:51:44","1150","Information","Microsoft-Windows-Windows Defender","Endpoint Protection client is up and running in a healthy state.
 	Platform version: 4.18.26070.9
 	Engine version: 1.1.26070.7
 	Security intelligence version: 1.457.159.0
"
"14-08-2026 16:13:23","2010","Information","Microsoft-Windows-Windows Defender","Microsoft Defender Antivirus used cloud protection to get additional security intelligence.
 	Current security intelligence Version: 1.457.159.0
 	Security intelligence Type: 
 	User: \
 	Current Engine Version: 1.1.26070.7
 	Cloud protection intelligence Type: Security intelligence update
 	Persistence Path: C:\ProgramData\Microsoft\Windows Defender\Scans\RtSigs\data\5c89f65c4486a97878c55bda95c90e6dce9187c6
 	Cloud protection intelligence Version: 0.0.0.0
 	Cloud protection intelligence Compilation Timestamp: 14-08-2026 10:43:23
 	Persistence Limit Type: Duration
 	Persistence Limit: 432000000"
"14-08-2026 16:08:42","1001","Information","Microsoft-Windows-Windows Defender","Microsoft Defender Antivirus scan has finished.
 	Scan ID: {7AFAC710-FAD3-4E9A-97A9-757A2DF5EDBA}
 	Scan Type: Antimalware
 	Scan Parameters: Quick Scan
 	User: NT AUTHORITY\NETWORK SERVICE
 	Scan Time: 0:07:31"
"14-08-2026 16:01:11","5007","Information","Microsoft-Windows-Windows Defender","Microsoft Defender Antivirus Configuration has changed. If this is an unexpected event you should review the settings as this may be the result of malware.
 	Old value: HKLM\SOFTWARE\Microsoft\Windows Defender\DLP Configs\Tag\Tag = 0xC
 	New value: HKLM\SOFTWARE\Microsoft\Windows Defender\DLP Configs\Tag\Tag = 0xD"
"14-08-2026 16:01:11","5007","Information","Microsoft-Windows-Windows Defender","Microsoft Defender Antivirus Configuration has changed. If this is an unexpected event you should review the settings as this may be the result of malware.
 	Old value: HKLM\SOFTWARE\Microsoft\Windows Defender\DLP Configs\Tag\Tag = 0xC
 	New value: HKLM\SOFTWARE\Microsoft\Windows Defender\DLP Configs\Tag\Tag = 0xD"
"14-08-2026 16:01:11","5007","Information","Microsoft-Windows-Windows Defender","Microsoft Defender Antivirus Configuration has changed. If this is an unexpected event you should review the settings as this may be the result of malware.
 	Old value: HKLM\SOFTWARE\Microsoft\Windows Defender\CoreService\WdConfigHash = 0xC7A2BC60
 	New value: HKLM\SOFTWARE\Microsoft\Windows Defender\CoreService\WdConfigHash = 0x3488C501"
"14-08-2026 16:01:11","5007","Information","Microsoft-Windows-Windows Defender","Microsoft Defender Antivirus Configuration has changed. If this is an unexpected event you should review the settings as this may be the result of malware.
 	Old value: HKLM\SOFTWARE\Microsoft\Windows Defender\CoreService\WdConfigHash = 0xC7A2BC60
 	New value: HKLM\SOFTWARE\Microsoft\Windows Defender\CoreService\WdConfigHash = 0x3488C501"
"14-08-2026 16:01:10","1000","Information","Microsoft-Windows-Windows Defender","Microsoft Defender Antivirus scan has started.
 	Scan ID: {7AFAC710-FAD3-4E9A-97A9-757A2DF5EDBA}
 	Scan Type: Antimalware
 	Scan Parameters: Quick Scan
 	Scan Resources: 
  	User: NT AUTHORITY\NETWORK SERVICE
 	Scan Trigger: Scheduled daily
 	Scan Only If Idle: Enabled
 	Low CPU Priority for Scans: Disabled
 	Thread Priority: 7"
"14-08-2026 16:01:10","2000","Information","Microsoft-Windows-Windows Defender","Microsoft Defender Antivirus security intelligence version updated.
 	Current security intelligence Version: 1.457.159.0
 	Previous security intelligence Version: 1.457.156.0
 	Security intelligence Type: AntiSpyware
 	Update Type: Delta
 	User: NT AUTHORITY\SYSTEM
 	Current Engine Version: 1.1.26070.7
 	Previous Engine Version: 1.1.26070.7"
"14-08-2026 16:01:10","2000","Information","Microsoft-Windows-Windows Defender","Microsoft Defender Antivirus security intelligence version updated.
 	Current security intelligence Version: 1.457.159.0
 	Previous security intelligence Version: 1.457.156.0
 	Security intelligence Type: AntiVirus
 	Update Type: Delta
 	User: NT AUTHORITY\SYSTEM
 	Current Engine Version: 1.1.26070.7
 	Previous Engine Version: 1.1.26070.7"
"14-08-2026 15:51:44","1151","Information","Microsoft-Windows-Windows Defender","Endpoint Protection client health report (time in UTC):
 	Platform version: 4.18.26070.9
 	Engine version: 1.1.26070.7
 	Network Realtime Inspection engine version: 1.1.26070.7
 	Antivirus security intelligence version: 1.457.156.0
 	Antispyware security intelligence version: 1.457.156.0
 	Network Realtime Inspection security intelligence version: 1.457.156.0
 	RTP state: Enabled
 	OA state: Enabled
 	IOAV state: Enabled
 	BM state: Enabled
 	Antivirus security intelligence age: 0
 	Antispyware security intelligence age: 0
 	Last quick scan age: 1
 	Last full scan age: 4294967295
 	Antivirus security intelligence creation time: 2026-08-13T23:29:18Z
 	Antispyware security intelligence creation time: 2026-08-13T23:29:18Z
 	Last quick scan start time: 2026-08-13T08:15:35Z
 	Last quick scan end time: 2026-08-13T08:23:44Z
 	Last quick scan source: 2
 	Last full scan start time: 1601-01-01T00:00:00Z
 	Last full scan end time: 1601-01-01T00:00:00Z
 	Last full scan source: 0
 	Product status: 0x00080000
"
"14-08-2026 15:51:44","1150","Information","Microsoft-Windows-Windows Defender","Endpoint Protection client is up and running in a healthy state.
 	Platform version: 4.18.26070.9
 	Engine version: 1.1.26070.7
 	Security intelligence version: 1.457.156.0
"
"14-08-2026 15:43:12","2010","Information","Microsoft-Windows-Windows Defender","Microsoft Defender Antivirus used cloud protection to get additional security intelligence.
 	Current security intelligence Version: 1.457.156.0
 	Security intelligence Type: 
 	User: \
 	Current Engine Version: 1.1.26070.7
 	Cloud protection intelligence Type: Security intelligence update
 	Persistence Path: C:\ProgramData\Microsoft\Windows Defender\Scans\RtSigs\data\bfc60cefe23ac0aec3495d37c1ac093b2e564092
 	Cloud protection intelligence Version: 0.0.0.0
 	Cloud protection intelligence Compilation Timestamp: 14-08-2026 10:13:12
 	Persistence Limit Type: Duration
 	Persistence Limit: 72000000"
"14-08-2026 15:43:12","2010","Information","Microsoft-Windows-Windows Defender","Microsoft Defender Antivirus used cloud protection to get additional security intelligence.
 	Current security intelligence Version: 1.457.156.0
 	Security intelligence Type: 
 	User: \
 	Current Engine Version: 1.1.26070.7
 	Cloud protection intelligence Type: Security intelligence update
 	Persistence Path: C:\ProgramData\Microsoft\Windows Defender\Scans\RtSigs\data\de5e93c1e9f7de140d91100e2332de88f199c229
 	Cloud protection intelligence Version: 0.0.0.0
 	Cloud protection intelligence Compilation Timestamp: 14-08-2026 10:13:12
 	Persistence Limit Type: Duration
 	Persistence Limit: 432000000"
"14-08-2026 15:28:14","2010","Information","Microsoft-Windows-Windows Defender","Microsoft Defender Antivirus used cloud protection to get additional security intelligence.
 	Current security intelligence Version: 1.457.156.0
 	Security intelligence Type: 
 	User: \
 	Current Engine Version: 1.1.26070.7
 	Cloud protection intelligence Type: Security intelligence update
 	Persistence Path: C:\ProgramData\Microsoft\Windows Defender\Scans\RtSigs\data\2cad54a67850b32e86e80aa62cbe9f0006c804ce
 	Cloud protection intelligence Version: 0.0.0.0
 	Cloud protection intelligence Compilation Timestamp: 14-08-2026 09:58:14
 	Persistence Limit Type: Duration
 	Persistence Limit: 50065408"
"14-08-2026 14:58:21","1134","Information","Microsoft-Windows-Windows Defender","Microsoft Defender Antivirus has audited an operation.
For more information please contact your IT administrator.
	Policy Version: 639219638140075660-450df30793eba59f44b0e24d6be0b5508432200b|639219638140075660-450df30793eba59f44b0e24d6be0b5508432200b
	Policy Rule ID: 6abb5bf8-7ae6-4f97-9c9a-9fcb60c0f230:6b2c3c43-f1fd-4949-97e8-f93e3c3a91e4|6abb5bf8-7ae6-4f97-9c9a-9fcb60c0f230:6b2c3c43-f1fd-4949-97e8-f93e3c3a91e4
	Enforcement Level: Audit
	Audit Reason: 0
	Timestamp: 1601-01-01T00:00:26Z
	Action Type: CopyToClipboard
	Process: WINWORD.EXE
	Source: \Device\HarddiskVolume3\Users\arjo5004\OneDrive - NIQ\Documents\Projects\Workplace Reservation\Workplace Reservation - Dev Test Case.docx|\Device\HarddiskVolume3\Users\arjo5004\OneDrive - NIQ\Documents\Projects\Device Health Monitor System\Endpoint AI\Endpoint_AI_Project_Document_v1.docx
	Target: explorer.exe
	Session ID: 1
	User SID: S-1-12-1-2357405129-1281513531-255772574-1816207334
%Security intelligence Version: 1.457.156.0
	Engine Version: 1.1.26070.7
	Product Version: 4.18.26070.9
"
"14-08-2026 14:57:58","2010","Information","Microsoft-Windows-Windows Defender","Microsoft Defender Antivirus used cloud protection to get additional security intelligence.
 	Current security intelligence Version: 1.457.156.0
 	Security intelligence Type: 
 	User: \
 	Current Engine Version: 1.1.26070.7
 	Cloud protection intelligence Type: Security intelligence update
 	Persistence Path: C:\ProgramData\Microsoft\Windows Defender\Scans\RtSigs\data\7f2545b2ade2b266332ae12ce65110327c48ac14
 	Cloud protection intelligence Version: 0.0.0.0
 	Cloud protection intelligence Compilation Timestamp: 14-08-2026 09:27:57
 	Persistence Limit Type: Duration
 	Persistence Limit: 432000000"
"14-08-2026 14:57:58","2010","Information","Microsoft-Windows-Windows Defender","Microsoft Defender Antivirus used cloud protection to get additional security intelligence.
 	Current security intelligence Version: 1.457.156.0
 	Security intelligence Type: 
 	User: \
 	Current Engine Version: 1.1.26070.7
 	Cloud protection intelligence Type: Security intelligence update
 	Persistence Path: C:\ProgramData\Microsoft\Windows Defender\Scans\RtSigs\data\b0c68fa468cd3dd6cbe5e5fe4b29c6ed23100477
 	Cloud protection intelligence Version: 0.0.0.0
 	Cloud protection intelligence Compilation Timestamp: 14-08-2026 09:27:57
 	Persistence Limit Type: Duration
 	Persistence Limit: 432000000"
"14-08-2026 14:57:58","2010","Information","Microsoft-Windows-Windows Defender","Microsoft Defender Antivirus used cloud protection to get additional security intelligence.
 	Current security intelligence Version: 1.457.156.0
 	Security intelligence Type: 
 	User: \
 	Current Engine Version: 1.1.26070.7
 	Cloud protection intelligence Type: Security intelligence update
 	Persistence Path: C:\ProgramData\Microsoft\Windows Defender\Scans\RtSigs\data\41952a1766715267fdb010c9adbdd9a4fb63b199
 	Cloud protection intelligence Version: 0.0.0.0
 	Cloud protection intelligence Compilation Timestamp: 14-08-2026 09:27:57
 	Persistence Limit Type: Duration
 	Persistence Limit: 432000000"
"14-08-2026 14:56:55","1134","Information","Microsoft-Windows-Windows Defender","Microsoft Defender Antivirus has audited an operation.
For more information please contact your IT administrator.
	Policy Version: 639219638140075660-450df30793eba59f44b0e24d6be0b5508432200b|639219638140075660-450df30793eba59f44b0e24d6be0b5508432200b
	Policy Rule ID: 6abb5bf8-7ae6-4f97-9c9a-9fcb60c0f230:6b2c3c43-f1fd-4949-97e8-f93e3c3a91e4|6abb5bf8-7ae6-4f97-9c9a-9fcb60c0f230:6b2c3c43-f1fd-4949-97e8-f93e3c3a91e4
	Enforcement Level: Audit
	Audit Reason: 0
	Timestamp: 1601-01-01T00:00:26Z
	Action Type: CopyToClipboard
	Process: WINWORD.EXE
	Source: \Device\HarddiskVolume3\Users\arjo5004\OneDrive - NIQ\Documents\Projects\Workplace Reservation\Workplace Reservation - Dev Test Case.docx|\Device\HarddiskVolume3\Users\arjo5004\OneDrive - NIQ\Documents\Projects\Device Health Monitor System\Endpoint AI\Endpoint_AI_Project_Document_v1.docx
	Target: explorer.exe
	Session ID: 1
	User SID: S-1-12-1-2357405129-1281513531-255772574-1816207334
%Security intelligence Version: 1.457.156.0
	Engine Version: 1.1.26070.7
	Product Version: 4.18.26070.9
"
"14-08-2026 14:56:28","1134","Information","Microsoft-Windows-Windows Defender","Microsoft Defender Antivirus has audited an operation.
For more information please contact your IT administrator.
	Policy Version: 639219638140075660-450df30793eba59f44b0e24d6be0b5508432200b|639219638140075660-450df30793eba59f44b0e24d6be0b5508432200b
	Policy Rule ID: 6abb5bf8-7ae6-4f97-9c9a-9fcb60c0f230:6b2c3c43-f1fd-4949-97e8-f93e3c3a91e4|6abb5bf8-7ae6-4f97-9c9a-9fcb60c0f230:6b2c3c43-f1fd-4949-97e8-f93e3c3a91e4
	Enforcement Level: Audit
	Audit Reason: 0
	Timestamp: 1601-01-01T00:00:26Z
	Action Type: CopyToClipboard
	Process: WINWORD.EXE
	Source: \Device\HarddiskVolume3\Users\arjo5004\OneDrive - NIQ\Documents\Projects\Workplace Reservation\Workplace Reservation - Dev Test Case.docx|\Device\HarddiskVolume3\Users\arjo5004\OneDrive - NIQ\Documents\Projects\Device Health Monitor System\Endpoint AI\Endpoint_AI_Project_Document_v1.docx
	Target: explorer.exe
	Session ID: 1
	User SID: S-1-12-1-2357405129-1281513531-255772574-1816207334
%Security intelligence Version: 1.457.156.0
	Engine Version: 1.1.26070.7
	Product Version: 4.18.26070.9
"
"14-08-2026 14:56:04","1134","Information","Microsoft-Windows-Windows Defender","Microsoft Defender Antivirus has audited an operation.
For more information please contact your IT administrator.
	Policy Version: 639219638140075660-450df30793eba59f44b0e24d6be0b5508432200b|639219638140075660-450df30793eba59f44b0e24d6be0b5508432200b
	Policy Rule ID: 6abb5bf8-7ae6-4f97-9c9a-9fcb60c0f230:6b2c3c43-f1fd-4949-97e8-f93e3c3a91e4|6abb5bf8-7ae6-4f97-9c9a-9fcb60c0f230:6b2c3c43-f1fd-4949-97e8-f93e3c3a91e4
	Enforcement Level: Audit
	Audit Reason: 0
	Timestamp: 1601-01-01T00:00:26Z
	Action Type: CopyToClipboard
	Process: WINWORD.EXE
	Source: \Device\HarddiskVolume3\Users\arjo5004\OneDrive - NIQ\Documents\Projects\Workplace Reservation\Workplace Reservation - Dev Test Case.docx|\Device\HarddiskVolume3\Users\arjo5004\OneDrive - NIQ\Documents\Projects\Device Health Monitor System\Endpoint AI\Endpoint_AI_Project_Document_v1.docx
	Target: POWERPNT.EXE
	Session ID: 1
	User SID: S-1-12-1-2357405129-1281513531-255772574-1816207334
%Security intelligence Version: 1.457.156.0
	Engine Version: 1.1.26070.7
	Product Version: 4.18.26070.9
"
"14-08-2026 14:51:44","1151","Information","Microsoft-Windows-Windows Defender","Endpoint Protection client health report (time in UTC):
 	Platform version: 4.18.26070.9
 	Engine version: 1.1.26070.7
 	Network Realtime Inspection engine version: 1.1.26070.7
 	Antivirus security intelligence version: 1.457.156.0
 	Antispyware security intelligence version: 1.457.156.0
 	Network Realtime Inspection security intelligence version: 1.457.156.0
 	RTP state: Enabled
 	OA state: Enabled
 	IOAV state: Enabled
 	BM state: Enabled
 	Antivirus security intelligence age: 0
 	Antispyware security intelligence age: 0
 	Last quick scan age: 1
 	Last full scan age: 4294967295
 	Antivirus security intelligence creation time: 2026-08-13T23:29:18Z
 	Antispyware security intelligence creation time: 2026-08-13T23:29:18Z
 	Last quick scan start time: 2026-08-13T08:15:35Z
 	Last quick scan end time: 2026-08-13T08:23:44Z
 	Last quick scan source: 2
 	Last full scan start time: 1601-01-01T00:00:00Z
 	Last full scan end time: 1601-01-01T00:00:00Z
 	Last full scan source: 0
 	Product status: 0x00080000
"
"14-08-2026 14:51:44","1150","Information","Microsoft-Windows-Windows Defender","Endpoint Protection client is up and running in a healthy state.
 	Platform version: 4.18.26070.9
 	Engine version: 1.1.26070.7
 	Security intelligence version: 1.457.156.0
"
"14-08-2026 14:44:04","1134","Information","Microsoft-Windows-Windows Defender","Microsoft Defender Antivirus has audited an operation.
For more information please contact your IT administrator.
	Policy Version: 639219638140075660-450df30793eba59f44b0e24d6be0b5508432200b|639219638140075660-450df30793eba59f44b0e24d6be0b5508432200b
	Policy Rule ID: 6abb5bf8-7ae6-4f97-9c9a-9fcb60c0f230:6b2c3c43-f1fd-4949-97e8-f93e3c3a91e4|6abb5bf8-7ae6-4f97-9c9a-9fcb60c0f230:6b2c3c43-f1fd-4949-97e8-f93e3c3a91e4
	Enforcement Level: Audit
	Audit Reason: 0
	Timestamp: 1601-01-01T00:00:26Z
	Action Type: CopyToClipboard
	Process: WINWORD.EXE
	Source: \Device\HarddiskVolume3\Users\arjo5004\OneDrive - NIQ\Documents\Projects\Workplace Reservation\Workplace Reservation - Dev Test Case.docx|\Device\HarddiskVolume3\Users\arjo5004\OneDrive - NIQ\Documents\Projects\Device Health Monitor System\Endpoint AI\Endpoint_AI_Project_Document_v1.docx
	Target: explorer.exe
	Session ID: 1
	User SID: S-1-12-1-2357405129-1281513531-255772574-1816207334
%Security intelligence Version: 1.457.156.0
	Engine Version: 1.1.26070.7
	Product Version: 4.18.26070.9
"
"14-08-2026 14:32:58","1134","Information","Microsoft-Windows-Windows Defender","Microsoft Defender Antivirus has audited an operation.
For more information please contact your IT administrator.
	Policy Version: 639219638140075660-450df30793eba59f44b0e24d6be0b5508432200b|639219638140075660-450df30793eba59f44b0e24d6be0b5508432200b
	Policy Rule ID: 6abb5bf8-7ae6-4f97-9c9a-9fcb60c0f230:6b2c3c43-f1fd-4949-97e8-f93e3c3a91e4|6abb5bf8-7ae6-4f97-9c9a-9fcb60c0f230:6b2c3c43-f1fd-4949-97e8-f93e3c3a91e4
	Enforcement Level: Audit
	Audit Reason: 0
	Timestamp: 1601-01-01T00:00:26Z
	Action Type: CopyToClipboard
	Process: WINWORD.EXE
	Source: \Device\HarddiskVolume3\Users\arjo5004\OneDrive - NIQ\Documents\Projects\Workplace Reservation\Workplace Reservation - Dev Test Case.docx|\Device\HarddiskVolume3\Users\arjo5004\OneDrive - NIQ\Documents\Projects\Device Health Monitor System\Endpoint AI\Endpoint_AI_Project_Document_v1.docx
	Target: explorer.exe
	Session ID: 1
	User SID: S-1-12-1-2357405129-1281513531-255772574-1816207334
%Security intelligence Version: 1.457.156.0
	Engine Version: 1.1.26070.7
	Product Version: 4.18.26070.9
"
"14-08-2026 14:32:40","1134","Information","Microsoft-Windows-Windows Defender","Microsoft Defender Antivirus has audited an operation.
For more information please contact your IT administrator.
	Policy Version: 639219638140075660-450df30793eba59f44b0e24d6be0b5508432200b|639219638140075660-450df30793eba59f44b0e24d6be0b5508432200b
	Policy Rule ID: 6abb5bf8-7ae6-4f97-9c9a-9fcb60c0f230:6b2c3c43-f1fd-4949-97e8-f93e3c3a91e4|6abb5bf8-7ae6-4f97-9c9a-9fcb60c0f230:6b2c3c43-f1fd-4949-97e8-f93e3c3a91e4
	Enforcement Level: Audit
	Audit Reason: 0
	Timestamp: 1601-01-01T00:00:26Z
	Action Type: CopyToClipboard
	Process: WINWORD.EXE
	Source: \Device\HarddiskVolume3\Users\arjo5004\OneDrive - NIQ\Documents\Projects\Workplace Reservation\Workplace Reservation - Dev Test Case.docx|\Device\HarddiskVolume3\Users\arjo5004\OneDrive - NIQ\Documents\Projects\Device Health Monitor System\Endpoint AI\Endpoint_AI_Project_Document_v1.docx
	Target: explorer.exe
	Session ID: 1
	User SID: S-1-12-1-2357405129-1281513531-255772574-1816207334
%Security intelligence Version: 1.457.156.0
	Engine Version: 1.1.26070.7
	Product Version: 4.18.26070.9
"
"14-08-2026 14:09:15","5007","Information","Microsoft-Windows-Windows Defender","Microsoft Defender Antivirus Configuration has changed. If this is an unexpected event you should review the settings as this may be the result of malware.
 	Old value: HKLM\SOFTWARE\Microsoft\Windows Defender\UX Configuration\ToastOrSsoTrigger = 0x0
 	New value: HKLM\SOFTWARE\Microsoft\Windows Defender\UX Configuration\ToastOrSsoTrigger = 0x1"
"14-08-2026 14:09:15","5007","Information","Microsoft-Windows-Windows Defender","Microsoft Defender Antivirus Configuration has changed. If this is an unexpected event you should review the settings as this may be the result of malware.
 	Old value: HKLM\SOFTWARE\Microsoft\Windows Defender\UX Configuration\ToastOrSsoTrigger = 0x0
 	New value: HKLM\SOFTWARE\Microsoft\Windows Defender\UX Configuration\ToastOrSsoTrigger = 0x1"
"14-08-2026 13:57:37","2010","Information","Microsoft-Windows-Windows Defender","Microsoft Defender Antivirus used cloud protection to get additional security intelligence.
 	Current security intelligence Version: 1.457.156.0
 	Security intelligence Type: 
 	User: \
 	Current Engine Version: 1.1.26070.7
 	Cloud protection intelligence Type: Security intelligence update
 	Persistence Path: C:\ProgramData\Microsoft\Windows Defender\Scans\RtSigs\data\814afb98d6c6b7b41aede0da229fadc4b55af748
 	Cloud protection intelligence Version: 0.0.0.0
 	Cloud protection intelligence Compilation Timestamp: 14-08-2026 08:27:37
 	Persistence Limit Type: Duration
 	Persistence Limit: 72000000"
"14-08-2026 13:57:37","2010","Information","Microsoft-Windows-Windows Defender","Microsoft Defender Antivirus used cloud protection to get additional security intelligence.
 	Current security intelligence Version: 1.457.156.0
 	Security intelligence Type: 
 	User: \
 	Current Engine Version: 1.1.26070.7
 	Cloud protection intelligence Type: Security intelligence update
 	Persistence Path: C:\ProgramData\Microsoft\Windows Defender\Scans\RtSigs\data\f59e01958e0fa1c34240dbeeada23d2b434623ea
 	Cloud protection intelligence Version: 0.0.0.0
 	Cloud protection intelligence Compilation Timestamp: 14-08-2026 08:27:37
 	Persistence Limit Type: Duration
 	Persistence Limit: 432000000"
"14-08-2026 13:51:44","1013","Information","Microsoft-Windows-Windows Defender","Microsoft Defender Antivirus has removed history of malware and other potentially unwanted software.
 	Time: 2026-07-30T08:21:44Z
 	User: NT AUTHORITY\SYSTEM
"
"14-08-2026 13:51:44","1151","Information","Microsoft-Windows-Windows Defender","Endpoint Protection client health report (time in UTC):
 	Platform version: 4.18.26070.9
 	Engine version: 1.1.26070.7
 	Network Realtime Inspection engine version: 1.1.26070.7
 	Antivirus security intelligence version: 1.457.156.0
 	Antispyware security intelligence version: 1.457.156.0
 	Network Realtime Inspection security intelligence version: 1.457.156.0
 	RTP state: Enabled
 	OA state: Enabled
 	IOAV state: Enabled
 	BM state: Enabled
 	Antivirus security intelligence age: 0
 	Antispyware security intelligence age: 0
 	Last quick scan age: 1
 	Last full scan age: 4294967295
 	Antivirus security intelligence creation time: 2026-08-13T23:29:18Z
 	Antispyware security intelligence creation time: 2026-08-13T23:29:18Z
 	Last quick scan start time: 2026-08-13T08:15:35Z
 	Last quick scan end time: 2026-08-13T08:23:44Z
 	Last quick scan source: 2
 	Last full scan start time: 1601-01-01T00:00:00Z
 	Last full scan end time: 1601-01-01T00:00:00Z
 	Last full scan source: 0
 	Product status: 0x00080000
"
"14-08-2026 13:51:44","1150","Information","Microsoft-Windows-Windows Defender","Endpoint Protection client is up and running in a healthy state.
 	Platform version: 4.18.26070.9
 	Engine version: 1.1.26070.7
 	Security intelligence version: 1.457.156.0
"
"14-08-2026 13:42:32","2010","Information","Microsoft-Windows-Windows Defender","Microsoft Defender Antivirus used cloud protection to get additional security intelligence.
 	Current security intelligence Version: 1.457.156.0
 	Security intelligence Type: 
 	User: \
 	Current Engine Version: 1.1.26070.7
 	Cloud protection intelligence Type: Security intelligence update
 	Persistence Path: C:\ProgramData\Microsoft\Windows Defender\Scans\RtSigs\data\1732321597a146b0b1659888b1638edaa5760fdc
 	Cloud protection intelligence Version: 0.0.0.0
 	Cloud protection intelligence Compilation Timestamp: 14-08-2026 08:12:32
 	Persistence Limit Type: Duration
 	Persistence Limit: 432000000"
"14-08-2026 13:42:32","2010","Information","Microsoft-Windows-Windows Defender","Microsoft Defender Antivirus used cloud protection to get additional security intelligence.
 	Current security intelligence Version: 1.457.156.0
 	Security intelligence Type: 
 	User: \
 	Current Engine Version: 1.1.26070.7
 	Cloud protection intelligence Type: Security intelligence update
 	Persistence Path: C:\ProgramData\Microsoft\Windows Defender\Scans\RtSigs\data\fb85e10d0d8dcfd68e3c6050221354d1ceed57e9
 	Cloud protection intelligence Version: 0.0.0.0
 	Cloud protection intelligence Compilation Timestamp: 14-08-2026 08:12:32
 	Persistence Limit Type: Duration
 	Persistence Limit: 432000000"
"14-08-2026 13:42:32","2010","Information","Microsoft-Windows-Windows Defender","Microsoft Defender Antivirus used cloud protection to get additional security intelligence.
 	Current security intelligence Version: 1.457.156.0
 	Security intelligence Type: 
 	User: \
 	Current Engine Version: 1.1.26070.7
 	Cloud protection intelligence Type: Security intelligence update
 	Persistence Path: C:\ProgramData\Microsoft\Windows Defender\Scans\RtSigs\data\3f39a43969824e11aad2d5be6481c7824e8e04e2
 	Cloud protection intelligence Version: 0.0.0.0
 	Cloud protection intelligence Compilation Timestamp: 14-08-2026 08:12:32
 	Persistence Limit Type: Duration
 	Persistence Limit: 432000000"
"14-08-2026 13:39:43","5007","Information","Microsoft-Windows-Windows Defender","Microsoft Defender Antivirus Configuration has changed. If this is an unexpected event you should review the settings as this may be the result of malware.
 	Old value: HKLM\SOFTWARE\Microsoft\Windows Defender\DLP Configs\Tag\Tag = 0xB
 	New value: HKLM\SOFTWARE\Microsoft\Windows Defender\DLP Configs\Tag\Tag = 0xC"
"14-08-2026 13:39:43","5007","Information","Microsoft-Windows-Windows Defender","Microsoft Defender Antivirus Configuration has changed. If this is an unexpected event you should review the settings as this may be the result of malware.
 	Old value: HKLM\SOFTWARE\Microsoft\Windows Defender\CoreService\WdConfigHash = 0x32851BBD
 	New value: HKLM\SOFTWARE\Microsoft\Windows Defender\CoreService\WdConfigHash = 0xC7A2BC60"
"14-08-2026 13:39:43","5007","Information","Microsoft-Windows-Windows Defender","Microsoft Defender Antivirus Configuration has changed. If this is an unexpected event you should review the settings as this may be the result of malware.
 	Old value: HKLM\SOFTWARE\Microsoft\Windows Defender\DLP Configs\Tag\Tag = 0xB
 	New value: HKLM\SOFTWARE\Microsoft\Windows Defender\DLP Configs\Tag\Tag = 0xC"
"14-08-2026 13:39:43","5007","Information","Microsoft-Windows-Windows Defender","Microsoft Defender Antivirus Configuration has changed. If this is an unexpected event you should review the settings as this may be the result of malware.
 	Old value: HKLM\SOFTWARE\Microsoft\Windows Defender\CoreService\WdConfigHash = 0x32851BBD
 	New value: HKLM\SOFTWARE\Microsoft\Windows Defender\CoreService\WdConfigHash = 0xC7A2BC60"
"14-08-2026 13:39:43","2000","Information","Microsoft-Windows-Windows Defender","Microsoft Defender Antivirus security intelligence version updated.
 	Current security intelligence Version: 1.457.156.0
 	Previous security intelligence Version: 1.457.130.0
 	Security intelligence Type: AntiSpyware
 	Update Type: Delta
 	User: NT AUTHORITY\SYSTEM
 	Current Engine Version: 1.1.26070.7
 	Previous Engine Version: 1.1.26070.7"
"14-08-2026 13:39:43","2000","Information","Microsoft-Windows-Windows Defender","Microsoft Defender Antivirus security intelligence version updated.
 	Current security intelligence Version: 1.457.156.0
 	Previous security intelligence Version: 1.457.130.0
 	Security intelligence Type: AntiVirus
 	Update Type: Delta
 	User: NT AUTHORITY\SYSTEM
 	Current Engine Version: 1.1.26070.7
 	Previous Engine Version: 1.1.26070.7"
"14-08-2026 13:27:28","2010","Information","Microsoft-Windows-Windows Defender","Microsoft Defender Antivirus used cloud protection to get additional security intelligence.
 	Current security intelligence Version: 1.457.130.0
 	Security intelligence Type: 
 	User: \
 	Current Engine Version: 1.1.26070.7
 	Cloud protection intelligence Type: Security intelligence update
 	Persistence Path: C:\ProgramData\Microsoft\Windows Defender\Scans\RtSigs\data\45d776e95fc334c3d0a8509dcb5fea13fb733109
 	Cloud protection intelligence Version: 0.0.0.0
 	Cloud protection intelligence Compilation Timestamp: 14-08-2026 07:57:28
 	Persistence Limit Type: Duration
 	Persistence Limit: 72000000"
"14-08-2026 13:27:28","2010","Information","Microsoft-Windows-Windows Defender","Microsoft Defender Antivirus used cloud protection to get additional security intelligence.
 	Current security intelligence Version: 1.457.130.0
 	Security intelligence Type: 
 	User: \
 	Current Engine Version: 1.1.26070.7
 	Cloud protection intelligence Type: Security intelligence update
 	Persistence Path: C:\ProgramData\Microsoft\Windows Defender\Scans\RtSigs\data\23cf2db3a49aa6909b979f7b3f82c53b1c1b4fe4
 	Cloud protection intelligence Version: 0.0.0.0
 	Cloud protection intelligence Compilation Timestamp: 14-08-2026 07:57:28
 	Persistence Limit Type: Duration
 	Persistence Limit: 432000000"
"14-08-2026 13:27:28","2010","Information","Microsoft-Windows-Windows Defender","Microsoft Defender Antivirus used cloud protection to get additional security intelligence.
 	Current security intelligence Version: 1.457.130.0
 	Security intelligence Type: 
 	User: \
 	Current Engine Version: 1.1.26070.7
 	Cloud protection intelligence Type: Security intelligence update
 	Persistence Path: C:\ProgramData\Microsoft\Windows Defender\Scans\RtSigs\data\026665d0fd39ab395f37727a3c675befbfef1d88
 	Cloud protection intelligence Version: 0.0.0.0
 	Cloud protection intelligence Compilation Timestamp: 14-08-2026 07:57:28
 	Persistence Limit Type: Duration
 	Persistence Limit: 432000000"
"14-08-2026 13:27:28","2010","Information","Microsoft-Windows-Windows Defender","Microsoft Defender Antivirus used cloud protection to get additional security intelligence.
 	Current security intelligence Version: 1.457.130.0
 	Security intelligence Type: 
 	User: \
 	Current Engine Version: 1.1.26070.7
 	Cloud protection intelligence Type: Security intelligence update
 	Persistence Path: C:\ProgramData\Microsoft\Windows Defender\Scans\RtSigs\data\c98d2b59bdb8ade912e856795434cd4fd7df2d22
 	Cloud protection intelligence Version: 0.0.0.0
 	Cloud protection intelligence Compilation Timestamp: 14-08-2026 07:57:28
 	Persistence Limit Type: Duration
 	Persistence Limit: 432000000"
"14-08-2026 13:23:07","5007","Information","Microsoft-Windows-Windows Defender","Microsoft Defender Antivirus Configuration has changed. If this is an unexpected event you should review the settings as this may be the result of malware.
 	Old value: HKLM\SOFTWARE\Microsoft\Windows Defender\UX Configuration\ToastOrSsoTrigger = 0x1
 	New value: HKLM\SOFTWARE\Microsoft\Windows Defender\UX Configuration\ToastOrSsoTrigger = 0x0"
"14-08-2026 13:23:07","5007","Information","Microsoft-Windows-Windows Defender","Microsoft Defender Antivirus Configuration has changed. If this is an unexpected event you should review the settings as this may be the result of malware.
 	Old value: HKLM\SOFTWARE\Microsoft\Windows Defender\UX Configuration\ToastOrSsoTrigger = 0x1
 	New value: HKLM\SOFTWARE\Microsoft\Windows Defender\UX Configuration\ToastOrSsoTrigger = 0x0"
"14-08-2026 04:14:18","5007","Information","Microsoft-Windows-Windows Defender","Microsoft Defender Antivirus Configuration has changed. If this is an unexpected event you should review the settings as this may be the result of malware.
 	Old value: HKLM\SOFTWARE\Microsoft\Windows Defender\SpyNet\LastMAPSFailureTimeString = 2026-08-13T03:43:54Z
 	New value: HKLM\SOFTWARE\Microsoft\Windows Defender\SpyNet\LastMAPSFailureTimeString = 2026-08-13T22:44:18Z"
"14-08-2026 04:14:18","5007","Information","Microsoft-Windows-Windows Defender","Microsoft Defender Antivirus Configuration has changed. If this is an unexpected event you should review the settings as this may be the result of malware.
 	Old value: HKLM\SOFTWARE\Microsoft\Windows Defender\SpyNet\LastMAPSFailureTimeString = 2026-08-13T03:43:54Z
 	New value: HKLM\SOFTWARE\Microsoft\Windows Defender\SpyNet\LastMAPSFailureTimeString = 2026-08-13T22:44:18Z"
"13-08-2026 18:36:39","2010","Information","Microsoft-Windows-Windows Defender","Microsoft Defender Antivirus used cloud protection to get additional security intelligence.
 	Current security intelligence Version: 1.457.130.0
 	Security intelligence Type: 
 	User: \
 	Current Engine Version: 1.1.26070.7
 	Cloud protection intelligence Type: Security intelligence update
 	Persistence Path: C:\ProgramData\Microsoft\Windows Defender\Scans\RtSigs\data\84021a9aa15e4e32117cbad000eb8da0abd22753
 	Cloud protection intelligence Version: 0.0.0.0
 	Cloud protection intelligence Compilation Timestamp: 13-08-2026 13:06:39
 	Persistence Limit Type: Duration
 	Persistence Limit: 72000000"
"13-08-2026 18:36:39","2010","Information","Microsoft-Windows-Windows Defender","Microsoft Defender Antivirus used cloud protection to get additional security intelligence.
 	Current security intelligence Version: 1.457.130.0
 	Security intelligence Type: 
 	User: \
 	Current Engine Version: 1.1.26070.7
 	Cloud protection intelligence Type: Security intelligence update
 	Persistence Path: C:\ProgramData\Microsoft\Windows Defender\Scans\RtSigs\data\f22486328af31e100715cb951811df7342465146
 	Cloud protection intelligence Version: 0.0.0.0
 	Cloud protection intelligence Compilation Timestamp: 13-08-2026 13:06:39
 	Persistence Limit Type: Duration
 	Persistence Limit: 432000000"
"13-08-2026 18:29:12","5007","Information","Microsoft-Windows-Windows Defender","Microsoft Defender Antivirus Configuration has changed. If this is an unexpected event you should review the settings as this may be the result of malware.
 	Old value: HKLM\SOFTWARE\Microsoft\Windows Defender\UX Configuration\ToastOrSsoTrigger = 0x0
 	New value: HKLM\SOFTWARE\Microsoft\Windows Defender\UX Configuration\ToastOrSsoTrigger = 0x1"
"13-08-2026 18:29:12","5007","Information","Microsoft-Windows-Windows Defender","Microsoft Defender Antivirus Configuration has changed. If this is an unexpected event you should review the settings as this may be the result of malware.
 	Old value: HKLM\SOFTWARE\Microsoft\Windows Defender\UX Configuration\ToastOrSsoTrigger = 0x0
 	New value: HKLM\SOFTWARE\Microsoft\Windows Defender\UX Configuration\ToastOrSsoTrigger = 0x1"
"13-08-2026 18:07:27","1151","Information","Microsoft-Windows-Windows Defender","Endpoint Protection client health report (time in UTC):
 	Platform version: 4.18.26070.9
 	Engine version: 1.1.26070.7
 	Network Realtime Inspection engine version: 1.1.26070.7
 	Antivirus security intelligence version: 1.457.130.0
 	Antispyware security intelligence version: 1.457.130.0
 	Network Realtime Inspection security intelligence version: 1.457.130.0
 	RTP state: Enabled
 	OA state: Enabled
 	IOAV state: Enabled
 	BM state: Enabled
 	Antivirus security intelligence age: 0
 	Antispyware security intelligence age: 0
 	Last quick scan age: 0
 	Last full scan age: 4294967295
 	Antivirus security intelligence creation time: 2026-08-12T14:46:34Z
 	Antispyware security intelligence creation time: 2026-08-12T14:46:34Z
 	Last quick scan start time: 2026-08-13T08:15:35Z
 	Last quick scan end time: 2026-08-13T08:23:44Z
 	Last quick scan source: 2
 	Last full scan start time: 1601-01-01T00:00:00Z
 	Last full scan end time: 1601-01-01T00:00:00Z
 	Last full scan source: 0
 	Product status: 0x00080000
"
"13-08-2026 18:07:27","1150","Information","Microsoft-Windows-Windows Defender","Endpoint Protection client is up and running in a healthy state.
 	Platform version: 4.18.26070.9
 	Engine version: 1.1.26070.7
 	Security intelligence version: 1.457.130.0
"
"13-08-2026 18:00:35","5007","Information","Microsoft-Windows-Windows Defender","Microsoft Defender Antivirus Configuration has changed. If this is an unexpected event you should review the settings as this may be the result of malware.
 	Old value: HKLM\SOFTWARE\Microsoft\Windows Defender\UX Configuration\ToastOrSsoTrigger = 0x1
 	New value: HKLM\SOFTWARE\Microsoft\Windows Defender\UX Configuration\ToastOrSsoTrigger = 0x0"
"13-08-2026 18:00:35","5007","Information","Microsoft-Windows-Windows Defender","Microsoft Defender Antivirus Configuration has changed. If this is an unexpected event you should review the settings as this may be the result of malware.
 	Old value: HKLM\SOFTWARE\Microsoft\Windows Defender\UX Configuration\ToastOrSsoTrigger = 0x1
 	New value: HKLM\SOFTWARE\Microsoft\Windows Defender\UX Configuration\ToastOrSsoTrigger = 0x0"
"13-08-2026 17:51:24","2010","Information","Microsoft-Windows-Windows Defender","Microsoft Defender Antivirus used cloud protection to get additional security intelligence.
 	Current security intelligence Version: 1.457.130.0
 	Security intelligence Type: 
 	User: \
 	Current Engine Version: 1.1.26070.7
 	Cloud protection intelligence Type: Security intelligence update
 	Persistence Path: C:\ProgramData\Microsoft\Windows Defender\Scans\RtSigs\data\dfd7648b63109fd9ccbb4bc7646642c88b68995f
 	Cloud protection intelligence Version: 0.0.0.0
 	Cloud protection intelligence Compilation Timestamp: 13-08-2026 12:21:24
 	Persistence Limit Type: Duration
 	Persistence Limit: 432000000"
"13-08-2026 17:51:24","2010","Information","Microsoft-Windows-Windows Defender","Microsoft Defender Antivirus used cloud protection to get additional security intelligence.
 	Current security intelligence Version: 1.457.130.0
 	Security intelligence Type: 
 	User: \
 	Current Engine Version: 1.1.26070.7
 	Cloud protection intelligence Type: Security intelligence update
 	Persistence Path: C:\ProgramData\Microsoft\Windows Defender\Scans\RtSigs\data\bb91ded1c5274d2f5523028d3cfbaa5def9d04ef
 	Cloud protection intelligence Version: 0.0.0.0
 	Cloud protection intelligence Compilation Timestamp: 13-08-2026 12:21:24
 	Persistence Limit Type: Duration
 	Persistence Limit: 432000000"
"13-08-2026 17:51:24","2010","Information","Microsoft-Windows-Windows Defender","Microsoft Defender Antivirus used cloud protection to get additional security intelligence.
 	Current security intelligence Version: 1.457.130.0
 	Security intelligence Type: 
 	User: \
 	Current Engine Version: 1.1.26070.7
 	Cloud protection intelligence Type: Security intelligence update
 	Persistence Path: C:\ProgramData\Microsoft\Windows Defender\Scans\RtSigs\data\971ada178e637d783779382b09cdc4ba6fb96027
 	Cloud protection intelligence Version: 0.0.0.0
 	Cloud protection intelligence Compilation Timestamp: 13-08-2026 12:21:24
 	Persistence Limit Type: Duration
 	Persistence Limit: 432000000"
"13-08-2026 17:30:01","5007","Information","Microsoft-Windows-Windows Defender","Microsoft Defender Antivirus Configuration has changed. If this is an unexpected event you should review the settings as this may be the result of malware.
 	Old value: HKLM\SOFTWARE\Microsoft\Windows Defender\UX Configuration\ToastOrSsoTrigger = 0x0
 	New value: HKLM\SOFTWARE\Microsoft\Windows Defender\UX Configuration\ToastOrSsoTrigger = 0x1"
"13-08-2026 17:30:01","5007","Information","Microsoft-Windows-Windows Defender","Microsoft Defender Antivirus Configuration has changed. If this is an unexpected event you should review the settings as this may be the result of malware.
 	Old value: HKLM\SOFTWARE\Microsoft\Windows Defender\UX Configuration\ToastOrSsoTrigger = 0x0
 	New value: HKLM\SOFTWARE\Microsoft\Windows Defender\UX Configuration\ToastOrSsoTrigger = 0x1"
"13-08-2026 17:21:14","2010","Information","Microsoft-Windows-Windows Defender","Microsoft Defender Antivirus used cloud protection to get additional security intelligence.
 	Current security intelligence Version: 1.457.130.0
 	Security intelligence Type: 
 	User: \
 	Current Engine Version: 1.1.26070.7
 	Cloud protection intelligence Type: Security intelligence update
 	Persistence Path: C:\ProgramData\Microsoft\Windows Defender\Scans\RtSigs\data\3615c2c86fd3b4a1a82a987a048f4d41cbaf4a4b
 	Cloud protection intelligence Version: 0.0.0.0
 	Cloud protection intelligence Compilation Timestamp: 13-08-2026 11:51:14
 	Persistence Limit Type: Duration
 	Persistence Limit: 432000000"
"13-08-2026 17:07:27","1151","Information","Microsoft-Windows-Windows Defender","Endpoint Protection client health report (time in UTC):
 	Platform version: 4.18.26070.9
 	Engine version: 1.1.26070.7
 	Network Realtime Inspection engine version: 1.1.26070.7
 	Antivirus security intelligence version: 1.457.130.0
 	Antispyware security intelligence version: 1.457.130.0
 	Network Realtime Inspection security intelligence version: 1.457.130.0
 	RTP state: Enabled
 	OA state: Enabled
 	IOAV state: Enabled
 	BM state: Enabled
 	Antivirus security intelligence age: 0
 	Antispyware security intelligence age: 0
 	Last quick scan age: 0
 	Last full scan age: 4294967295
 	Antivirus security intelligence creation time: 2026-08-12T14:46:34Z
 	Antispyware security intelligence creation time: 2026-08-12T14:46:34Z
 	Last quick scan start time: 2026-08-13T08:15:35Z
 	Last quick scan end time: 2026-08-13T08:23:44Z
 	Last quick scan source: 2
 	Last full scan start time: 1601-01-01T00:00:00Z
 	Last full scan end time: 1601-01-01T00:00:00Z
 	Last full scan source: 0
 	Product status: 0x00080000
"
"13-08-2026 17:07:27","1150","Information","Microsoft-Windows-Windows Defender","Endpoint Protection client is up and running in a healthy state.
 	Platform version: 4.18.26070.9
 	Engine version: 1.1.26070.7
 	Security intelligence version: 1.457.130.0
"
"13-08-2026 17:06:09","2010","Information","Microsoft-Windows-Windows Defender","Microsoft Defender Antivirus used cloud protection to get additional security intelligence.
 	Current security intelligence Version: 1.457.130.0
 	Security intelligence Type: 
 	User: \
 	Current Engine Version: 1.1.26070.7
 	Cloud protection intelligence Type: Security intelligence update
 	Persistence Path: C:\ProgramData\Microsoft\Windows Defender\Scans\RtSigs\data\df067a2063590e25bd1b7e77512d4dd051bc408a
 	Cloud protection intelligence Version: 0.0.0.0
 	Cloud protection intelligence Compilation Timestamp: 13-08-2026 11:36:09
 	Persistence Limit Type: Duration
 	Persistence Limit: 72000000"
"13-08-2026 16:57:31","5007","Information","Microsoft-Windows-Windows Defender","Microsoft Defender Antivirus Configuration has changed. If this is an unexpected event you should review the settings as this may be the result of malware.
 	Old value: HKLM\SOFTWARE\Microsoft\Windows Defender\UX Configuration\ToastOrSsoTrigger = 0x1
 	New value: HKLM\SOFTWARE\Microsoft\Windows Defender\UX Configuration\ToastOrSsoTrigger = 0x0"
