"19-08-2026 14:11:18","4100","Warning","Microsoft-Windows-PowerShell","Error Message = The running command stopped because the preference variable ""ErrorActionPreference"" or common parameter is set to Stop: The \User Input Delay per Process(1:1880 <explorer.exe>)\Max Input Delay performance counter path  is not valid.
Fully Qualified Error ID = CounterPathIsInvalid,Microsoft.PowerShell.Commands.GetCounterCommand


Context:
        Severity = Warning
        Host Name = ConsoleHost
        Host Version = 5.1.26100.8875
        Host ID = 923c93f5-68a1-4cf1-9713-07f4ede71a2c
        Host Application = C:\Windows\System32\WindowsPowerShell\v1.0\powershell.exe
        Engine Version = 5.1.26100.8875
        Runspace ID = f697cada-ed42-483c-9f02-38b77bf6eb4d
        Pipeline ID = 63
        Command Name = Get-Counter
        Command Type = Cmdlet
        Script Name = C:\Users\arjo5004\AppData\Local\Temp\DiagCollector\Modules\01_TimelineAndResources.ps1
        Command Path = 
        Sequence Number = 10510
        User = ENTERPRISE\arjo5004.T1
        Connected User = 
        Shell ID = Microsoft.PowerShell


User Data:

"
"19-08-2026 14:11:18","4100","Warning","Microsoft-Windows-PowerShell","Error Message = The running command stopped because the preference variable ""ErrorActionPreference"" or common parameter is set to Stop: The data in one of the performance counter samples is not valid. View the Status property for each PerformanceCounterSample object to make sure it contains valid data.
Fully Qualified Error ID = CounterApiError,Microsoft.PowerShell.Commands.GetCounterCommand


Context:
        Severity = Warning
        Host Name = ConsoleHost
        Host Version = 5.1.26100.8875
        Host ID = 923c93f5-68a1-4cf1-9713-07f4ede71a2c
        Host Application = C:\Windows\System32\WindowsPowerShell\v1.0\powershell.exe
        Engine Version = 5.1.26100.8875
        Runspace ID = f697cada-ed42-483c-9f02-38b77bf6eb4d
        Pipeline ID = 63
        Command Name = Get-Counter
        Command Type = Cmdlet
        Script Name = C:\Users\arjo5004\AppData\Local\Temp\DiagCollector\Modules\01_TimelineAndResources.ps1
        Command Path = 
        Sequence Number = 10508
        User = ENTERPRISE\arjo5004.T1
        Connected User = 
        Shell ID = Microsoft.PowerShell


User Data:

"
"19-08-2026 14:11:08","4100","Warning","Microsoft-Windows-PowerShell","Error Message = System error.


Context:
        Severity = Warning
        Host Name = ConsoleHost
        Host Version = 5.1.26100.8875
        Host ID = 923c93f5-68a1-4cf1-9713-07f4ede71a2c
        Host Application = C:\Windows\System32\WindowsPowerShell\v1.0\powershell.exe
        Engine Version = 5.1.26100.8875
        Runspace ID = f697cada-ed42-483c-9f02-38b77bf6eb4d
        Pipeline ID = 63
        Command Name = 
        Command Type = 
        Script Name = 
        Command Path = 
        Sequence Number = 10486
        User = ENTERPRISE\arjo5004.T1
        Connected User = 
        Shell ID = Microsoft.PowerShell


User Data:

"
"19-08-2026 14:11:08","4103","Information","Microsoft-Windows-PowerShell","CommandInvocation(Add-Type): ""Add-Type""
ParameterBinding(Add-Type): name=""Namespace""; value=""WinAPI""
ParameterBinding(Add-Type): name=""Name""; value=""Win32""
ParameterBinding(Add-Type): name=""MemberDefinition""; value=""[DllImport(""user32.dll"")] public static extern IntPtr GetForegroundWindow();
[DllImport(""user32.dll"")] public static extern int GetWindowText(IntPtr hWnd, System.Text.StringBuilder text, int count);
[DllImport(""user32.dll"")] public static extern uint GetWindowThreadProcessId(IntPtr hWnd, out uint processId);, ...""
ParameterBinding(Add-Type): name=""ErrorAction""; value=""SilentlyContinue""


Context:
        Severity = Informational
        Host Name = ConsoleHost
        Host Version = 5.1.26100.8875
        Host ID = 923c93f5-68a1-4cf1-9713-07f4ede71a2c
        Host Application = C:\Windows\System32\WindowsPowerShell\v1.0\powershell.exe
        Engine Version = 5.1.26100.8875
        Runspace ID = f697cada-ed42-483c-9f02-38b77bf6eb4d
        Pipeline ID = 63
        Command Name = Add-Type
        Command Type = Cmdlet
        Script Name = C:\Users\arjo5004\AppData\Local\Temp\DiagCollector\Modules\01_TimelineAndResources.ps1
        Command Path = 
        Sequence Number = 10476
        User = ENTERPRISE\arjo5004.T1
        Connected User = 
        Shell ID = Microsoft.PowerShell


User Data:

"
"19-08-2026 14:11:08","4100","Warning","Microsoft-Windows-PowerShell","Error Message = The running command stopped because the preference variable ""ErrorActionPreference"" or common parameter is set to Stop: The \User Input Delay per Process(1:1880 <explorer.exe>)\Max Input Delay performance counter path  is not valid.
Fully Qualified Error ID = CounterPathIsInvalid,Microsoft.PowerShell.Commands.GetCounterCommand


Context:
        Severity = Warning
        Host Name = ConsoleHost
        Host Version = 5.1.26100.8875
        Host ID = 923c93f5-68a1-4cf1-9713-07f4ede71a2c
        Host Application = C:\Windows\System32\WindowsPowerShell\v1.0\powershell.exe
        Engine Version = 5.1.26100.8875
        Runspace ID = f697cada-ed42-483c-9f02-38b77bf6eb4d
        Pipeline ID = 63
        Command Name = Get-Counter
        Command Type = Cmdlet
        Script Name = C:\Users\arjo5004\AppData\Local\Temp\DiagCollector\Modules\01_TimelineAndResources.ps1
        Command Path = 
        Sequence Number = 10472
        User = ENTERPRISE\arjo5004.T1
        Connected User = 
        Shell ID = Microsoft.PowerShell


User Data:

"
"19-08-2026 14:11:08","4100","Warning","Microsoft-Windows-PowerShell","Error Message = The running command stopped because the preference variable ""ErrorActionPreference"" or common parameter is set to Stop: The data in one of the performance counter samples is not valid. View the Status property for each PerformanceCounterSample object to make sure it contains valid data.
Fully Qualified Error ID = CounterApiError,Microsoft.PowerShell.Commands.GetCounterCommand


Context:
        Severity = Warning
        Host Name = ConsoleHost
        Host Version = 5.1.26100.8875
        Host ID = 923c93f5-68a1-4cf1-9713-07f4ede71a2c
        Host Application = C:\Windows\System32\WindowsPowerShell\v1.0\powershell.exe
        Engine Version = 5.1.26100.8875
        Runspace ID = f697cada-ed42-483c-9f02-38b77bf6eb4d
        Pipeline ID = 63
        Command Name = Get-Counter
        Command Type = Cmdlet
        Script Name = C:\Users\arjo5004\AppData\Local\Temp\DiagCollector\Modules\01_TimelineAndResources.ps1
        Command Path = 
        Sequence Number = 10470
        User = ENTERPRISE\arjo5004.T1
        Connected User = 
        Shell ID = Microsoft.PowerShell


User Data:

"
"19-08-2026 14:10:58","4100","Warning","Microsoft-Windows-PowerShell","Error Message = System error.


Context:
        Severity = Warning
        Host Name = ConsoleHost
        Host Version = 5.1.26100.8875
        Host ID = 923c93f5-68a1-4cf1-9713-07f4ede71a2c
        Host Application = C:\Windows\System32\WindowsPowerShell\v1.0\powershell.exe
        Engine Version = 5.1.26100.8875
        Runspace ID = f697cada-ed42-483c-9f02-38b77bf6eb4d
        Pipeline ID = 63
        Command Name = 
        Command Type = 
        Script Name = 
        Command Path = 
        Sequence Number = 10448
        User = ENTERPRISE\arjo5004.T1
        Connected User = 
        Shell ID = Microsoft.PowerShell


User Data:

"
"19-08-2026 14:10:58","4103","Information","Microsoft-Windows-PowerShell","CommandInvocation(Add-Type): ""Add-Type""
ParameterBinding(Add-Type): name=""Namespace""; value=""WinAPI""
ParameterBinding(Add-Type): name=""Name""; value=""Win32""
ParameterBinding(Add-Type): name=""MemberDefinition""; value=""[DllImport(""user32.dll"")] public static extern IntPtr GetForegroundWindow();
[DllImport(""user32.dll"")] public static extern int GetWindowText(IntPtr hWnd, System.Text.StringBuilder text, int count);
[DllImport(""user32.dll"")] public static extern uint GetWindowThreadProcessId(IntPtr hWnd, out uint processId);, ...""
ParameterBinding(Add-Type): name=""ErrorAction""; value=""SilentlyContinue""


Context:
        Severity = Informational
        Host Name = ConsoleHost
        Host Version = 5.1.26100.8875
        Host ID = 923c93f5-68a1-4cf1-9713-07f4ede71a2c
        Host Application = C:\Windows\System32\WindowsPowerShell\v1.0\powershell.exe
        Engine Version = 5.1.26100.8875
        Runspace ID = f697cada-ed42-483c-9f02-38b77bf6eb4d
        Pipeline ID = 63
        Command Name = Add-Type
        Command Type = Cmdlet
        Script Name = C:\Users\arjo5004\AppData\Local\Temp\DiagCollector\Modules\01_TimelineAndResources.ps1
        Command Path = 
        Sequence Number = 10438
        User = ENTERPRISE\arjo5004.T1
        Connected User = 
        Shell ID = Microsoft.PowerShell


User Data:

"
"19-08-2026 14:10:58","4100","Warning","Microsoft-Windows-PowerShell","Error Message = The running command stopped because the preference variable ""ErrorActionPreference"" or common parameter is set to Stop: The \User Input Delay per Process(1:3884 <DPMCrashHandler.exe>)\Max Input Delay performance counter path  is not valid.
Fully Qualified Error ID = CounterPathIsInvalid,Microsoft.PowerShell.Commands.GetCounterCommand


Context:
        Severity = Warning
        Host Name = ConsoleHost
        Host Version = 5.1.26100.8875
        Host ID = 923c93f5-68a1-4cf1-9713-07f4ede71a2c
        Host Application = C:\Windows\System32\WindowsPowerShell\v1.0\powershell.exe
        Engine Version = 5.1.26100.8875
        Runspace ID = f697cada-ed42-483c-9f02-38b77bf6eb4d
        Pipeline ID = 63
        Command Name = Get-Counter
        Command Type = Cmdlet
        Script Name = C:\Users\arjo5004\AppData\Local\Temp\DiagCollector\Modules\01_TimelineAndResources.ps1
        Command Path = 
        Sequence Number = 10434
        User = ENTERPRISE\arjo5004.T1
        Connected User = 
        Shell ID = Microsoft.PowerShell


User Data:

"
"19-08-2026 14:10:58","4100","Warning","Microsoft-Windows-PowerShell","Error Message = The running command stopped because the preference variable ""ErrorActionPreference"" or common parameter is set to Stop: The data in one of the performance counter samples is not valid. View the Status property for each PerformanceCounterSample object to make sure it contains valid data.
Fully Qualified Error ID = CounterApiError,Microsoft.PowerShell.Commands.GetCounterCommand


Context:
        Severity = Warning
        Host Name = ConsoleHost
        Host Version = 5.1.26100.8875
        Host ID = 923c93f5-68a1-4cf1-9713-07f4ede71a2c
        Host Application = C:\Windows\System32\WindowsPowerShell\v1.0\powershell.exe
        Engine Version = 5.1.26100.8875
        Runspace ID = f697cada-ed42-483c-9f02-38b77bf6eb4d
        Pipeline ID = 63
        Command Name = Get-Counter
        Command Type = Cmdlet
        Script Name = C:\Users\arjo5004\AppData\Local\Temp\DiagCollector\Modules\01_TimelineAndResources.ps1
        Command Path = 
        Sequence Number = 10432
        User = ENTERPRISE\arjo5004.T1
        Connected User = 
        Shell ID = Microsoft.PowerShell


User Data:

"
"19-08-2026 14:10:48","4100","Warning","Microsoft-Windows-PowerShell","Error Message = System error.


Context:
        Severity = Warning
        Host Name = ConsoleHost
        Host Version = 5.1.26100.8875
        Host ID = 923c93f5-68a1-4cf1-9713-07f4ede71a2c
        Host Application = C:\Windows\System32\WindowsPowerShell\v1.0\powershell.exe
        Engine Version = 5.1.26100.8875
        Runspace ID = f697cada-ed42-483c-9f02-38b77bf6eb4d
        Pipeline ID = 63
        Command Name = 
        Command Type = 
        Script Name = 
        Command Path = 
        Sequence Number = 10410
        User = ENTERPRISE\arjo5004.T1
        Connected User = 
        Shell ID = Microsoft.PowerShell


User Data:

"
"19-08-2026 14:10:48","4103","Information","Microsoft-Windows-PowerShell","CommandInvocation(Add-Type): ""Add-Type""
ParameterBinding(Add-Type): name=""Namespace""; value=""WinAPI""
ParameterBinding(Add-Type): name=""Name""; value=""Win32""
ParameterBinding(Add-Type): name=""MemberDefinition""; value=""[DllImport(""user32.dll"")] public static extern IntPtr GetForegroundWindow();
[DllImport(""user32.dll"")] public static extern int GetWindowText(IntPtr hWnd, System.Text.StringBuilder text, int count);
[DllImport(""user32.dll"")] public static extern uint GetWindowThreadProcessId(IntPtr hWnd, out uint processId);, ...""
ParameterBinding(Add-Type): name=""ErrorAction""; value=""SilentlyContinue""


Context:
        Severity = Informational
        Host Name = ConsoleHost
        Host Version = 5.1.26100.8875
        Host ID = 923c93f5-68a1-4cf1-9713-07f4ede71a2c
        Host Application = C:\Windows\System32\WindowsPowerShell\v1.0\powershell.exe
        Engine Version = 5.1.26100.8875
        Runspace ID = f697cada-ed42-483c-9f02-38b77bf6eb4d
        Pipeline ID = 63
        Command Name = Add-Type
        Command Type = Cmdlet
        Script Name = C:\Users\arjo5004\AppData\Local\Temp\DiagCollector\Modules\01_TimelineAndResources.ps1
        Command Path = 
        Sequence Number = 10400
        User = ENTERPRISE\arjo5004.T1
        Connected User = 
        Shell ID = Microsoft.PowerShell


User Data:

"
"19-08-2026 14:10:48","4100","Warning","Microsoft-Windows-PowerShell","Error Message = The running command stopped because the preference variable ""ErrorActionPreference"" or common parameter is set to Stop: The \User Input Delay per Process(1:3884 <DPMCrashHandler.exe>)\Max Input Delay performance counter path  is not valid.
Fully Qualified Error ID = CounterPathIsInvalid,Microsoft.PowerShell.Commands.GetCounterCommand


Context:
        Severity = Warning
        Host Name = ConsoleHost
        Host Version = 5.1.26100.8875
        Host ID = 923c93f5-68a1-4cf1-9713-07f4ede71a2c
        Host Application = C:\Windows\System32\WindowsPowerShell\v1.0\powershell.exe
        Engine Version = 5.1.26100.8875
        Runspace ID = f697cada-ed42-483c-9f02-38b77bf6eb4d
        Pipeline ID = 63
        Command Name = Get-Counter
        Command Type = Cmdlet
        Script Name = C:\Users\arjo5004\AppData\Local\Temp\DiagCollector\Modules\01_TimelineAndResources.ps1
        Command Path = 
        Sequence Number = 10396
        User = ENTERPRISE\arjo5004.T1
        Connected User = 
        Shell ID = Microsoft.PowerShell


User Data:

"
"19-08-2026 14:10:48","4100","Warning","Microsoft-Windows-PowerShell","Error Message = The running command stopped because the preference variable ""ErrorActionPreference"" or common parameter is set to Stop: The data in one of the performance counter samples is not valid. View the Status property for each PerformanceCounterSample object to make sure it contains valid data.
Fully Qualified Error ID = CounterApiError,Microsoft.PowerShell.Commands.GetCounterCommand


Context:
        Severity = Warning
        Host Name = ConsoleHost
        Host Version = 5.1.26100.8875
        Host ID = 923c93f5-68a1-4cf1-9713-07f4ede71a2c
        Host Application = C:\Windows\System32\WindowsPowerShell\v1.0\powershell.exe
        Engine Version = 5.1.26100.8875
        Runspace ID = f697cada-ed42-483c-9f02-38b77bf6eb4d
        Pipeline ID = 63
        Command Name = Get-Counter
        Command Type = Cmdlet
        Script Name = C:\Users\arjo5004\AppData\Local\Temp\DiagCollector\Modules\01_TimelineAndResources.ps1
        Command Path = 
        Sequence Number = 10394
        User = ENTERPRISE\arjo5004.T1
        Connected User = 
        Shell ID = Microsoft.PowerShell


User Data:

"
"19-08-2026 14:10:38","4100","Warning","Microsoft-Windows-PowerShell","Error Message = System error.


Context:
        Severity = Warning
        Host Name = ConsoleHost
        Host Version = 5.1.26100.8875
        Host ID = 923c93f5-68a1-4cf1-9713-07f4ede71a2c
        Host Application = C:\Windows\System32\WindowsPowerShell\v1.0\powershell.exe
        Engine Version = 5.1.26100.8875
        Runspace ID = f697cada-ed42-483c-9f02-38b77bf6eb4d
        Pipeline ID = 63
        Command Name = 
        Command Type = 
        Script Name = 
        Command Path = 
        Sequence Number = 10372
        User = ENTERPRISE\arjo5004.T1
        Connected User = 
        Shell ID = Microsoft.PowerShell


User Data:

"
"19-08-2026 14:10:38","4103","Information","Microsoft-Windows-PowerShell","CommandInvocation(Add-Type): ""Add-Type""
ParameterBinding(Add-Type): name=""Namespace""; value=""WinAPI""
ParameterBinding(Add-Type): name=""Name""; value=""Win32""
ParameterBinding(Add-Type): name=""MemberDefinition""; value=""[DllImport(""user32.dll"")] public static extern IntPtr GetForegroundWindow();
[DllImport(""user32.dll"")] public static extern int GetWindowText(IntPtr hWnd, System.Text.StringBuilder text, int count);
[DllImport(""user32.dll"")] public static extern uint GetWindowThreadProcessId(IntPtr hWnd, out uint processId);, ...""
ParameterBinding(Add-Type): name=""ErrorAction""; value=""SilentlyContinue""


Context:
        Severity = Informational
        Host Name = ConsoleHost
        Host Version = 5.1.26100.8875
        Host ID = 923c93f5-68a1-4cf1-9713-07f4ede71a2c
        Host Application = C:\Windows\System32\WindowsPowerShell\v1.0\powershell.exe
        Engine Version = 5.1.26100.8875
        Runspace ID = f697cada-ed42-483c-9f02-38b77bf6eb4d
        Pipeline ID = 63
        Command Name = Add-Type
        Command Type = Cmdlet
        Script Name = C:\Users\arjo5004\AppData\Local\Temp\DiagCollector\Modules\01_TimelineAndResources.ps1
        Command Path = 
        Sequence Number = 10362
        User = ENTERPRISE\arjo5004.T1
        Connected User = 
        Shell ID = Microsoft.PowerShell


User Data:

"
"19-08-2026 14:10:38","4100","Warning","Microsoft-Windows-PowerShell","Error Message = The running command stopped because the preference variable ""ErrorActionPreference"" or common parameter is set to Stop: The \User Input Delay per Process(1:3884 <DPMCrashHandler.exe>)\Max Input Delay performance counter path  is not valid.
Fully Qualified Error ID = CounterPathIsInvalid,Microsoft.PowerShell.Commands.GetCounterCommand


Context:
        Severity = Warning
        Host Name = ConsoleHost
        Host Version = 5.1.26100.8875
        Host ID = 923c93f5-68a1-4cf1-9713-07f4ede71a2c
        Host Application = C:\Windows\System32\WindowsPowerShell\v1.0\powershell.exe
        Engine Version = 5.1.26100.8875
        Runspace ID = f697cada-ed42-483c-9f02-38b77bf6eb4d
        Pipeline ID = 63
        Command Name = Get-Counter
        Command Type = Cmdlet
        Script Name = C:\Users\arjo5004\AppData\Local\Temp\DiagCollector\Modules\01_TimelineAndResources.ps1
        Command Path = 
        Sequence Number = 10358
        User = ENTERPRISE\arjo5004.T1
        Connected User = 
        Shell ID = Microsoft.PowerShell


User Data:

"
"19-08-2026 14:10:38","4100","Warning","Microsoft-Windows-PowerShell","Error Message = The running command stopped because the preference variable ""ErrorActionPreference"" or common parameter is set to Stop: The data in one of the performance counter samples is not valid. View the Status property for each PerformanceCounterSample object to make sure it contains valid data.
Fully Qualified Error ID = CounterApiError,Microsoft.PowerShell.Commands.GetCounterCommand


Context:
        Severity = Warning
        Host Name = ConsoleHost
        Host Version = 5.1.26100.8875
        Host ID = 923c93f5-68a1-4cf1-9713-07f4ede71a2c
        Host Application = C:\Windows\System32\WindowsPowerShell\v1.0\powershell.exe
        Engine Version = 5.1.26100.8875
        Runspace ID = f697cada-ed42-483c-9f02-38b77bf6eb4d
        Pipeline ID = 63
        Command Name = Get-Counter
        Command Type = Cmdlet
        Script Name = C:\Users\arjo5004\AppData\Local\Temp\DiagCollector\Modules\01_TimelineAndResources.ps1
        Command Path = 
        Sequence Number = 10356
        User = ENTERPRISE\arjo5004.T1
        Connected User = 
        Shell ID = Microsoft.PowerShell


User Data:

"
"19-08-2026 14:10:27","4100","Warning","Microsoft-Windows-PowerShell","Error Message = System error.


Context:
        Severity = Warning
        Host Name = ConsoleHost
        Host Version = 5.1.26100.8875
        Host ID = 923c93f5-68a1-4cf1-9713-07f4ede71a2c
        Host Application = C:\Windows\System32\WindowsPowerShell\v1.0\powershell.exe
        Engine Version = 5.1.26100.8875
        Runspace ID = f697cada-ed42-483c-9f02-38b77bf6eb4d
        Pipeline ID = 63
        Command Name = 
        Command Type = 
        Script Name = 
        Command Path = 
        Sequence Number = 10334
        User = ENTERPRISE\arjo5004.T1
        Connected User = 
        Shell ID = Microsoft.PowerShell


User Data:

"
"19-08-2026 14:10:27","4103","Information","Microsoft-Windows-PowerShell","CommandInvocation(Add-Type): ""Add-Type""
ParameterBinding(Add-Type): name=""Namespace""; value=""WinAPI""
ParameterBinding(Add-Type): name=""Name""; value=""Win32""
ParameterBinding(Add-Type): name=""MemberDefinition""; value=""[DllImport(""user32.dll"")] public static extern IntPtr GetForegroundWindow();
[DllImport(""user32.dll"")] public static extern int GetWindowText(IntPtr hWnd, System.Text.StringBuilder text, int count);
[DllImport(""user32.dll"")] public static extern uint GetWindowThreadProcessId(IntPtr hWnd, out uint processId);, ...""
ParameterBinding(Add-Type): name=""ErrorAction""; value=""SilentlyContinue""


Context:
        Severity = Informational
        Host Name = ConsoleHost
        Host Version = 5.1.26100.8875
        Host ID = 923c93f5-68a1-4cf1-9713-07f4ede71a2c
        Host Application = C:\Windows\System32\WindowsPowerShell\v1.0\powershell.exe
        Engine Version = 5.1.26100.8875
        Runspace ID = f697cada-ed42-483c-9f02-38b77bf6eb4d
        Pipeline ID = 63
        Command Name = Add-Type
        Command Type = Cmdlet
        Script Name = C:\Users\arjo5004\AppData\Local\Temp\DiagCollector\Modules\01_TimelineAndResources.ps1
        Command Path = 
        Sequence Number = 10324
        User = ENTERPRISE\arjo5004.T1
        Connected User = 
        Shell ID = Microsoft.PowerShell


User Data:

"
"19-08-2026 14:10:27","4100","Warning","Microsoft-Windows-PowerShell","Error Message = The running command stopped because the preference variable ""ErrorActionPreference"" or common parameter is set to Stop: The \User Input Delay per Process(1:3884 <DPMCrashHandler.exe>)\Max Input Delay performance counter path  is not valid.
Fully Qualified Error ID = CounterPathIsInvalid,Microsoft.PowerShell.Commands.GetCounterCommand


Context:
        Severity = Warning
        Host Name = ConsoleHost
        Host Version = 5.1.26100.8875
        Host ID = 923c93f5-68a1-4cf1-9713-07f4ede71a2c
        Host Application = C:\Windows\System32\WindowsPowerShell\v1.0\powershell.exe
        Engine Version = 5.1.26100.8875
        Runspace ID = f697cada-ed42-483c-9f02-38b77bf6eb4d
        Pipeline ID = 63
        Command Name = Get-Counter
        Command Type = Cmdlet
        Script Name = C:\Users\arjo5004\AppData\Local\Temp\DiagCollector\Modules\01_TimelineAndResources.ps1
        Command Path = 
        Sequence Number = 10320
        User = ENTERPRISE\arjo5004.T1
        Connected User = 
        Shell ID = Microsoft.PowerShell


User Data:

"
"19-08-2026 14:10:27","4100","Warning","Microsoft-Windows-PowerShell","Error Message = The running command stopped because the preference variable ""ErrorActionPreference"" or common parameter is set to Stop: The data in one of the performance counter samples is not valid. View the Status property for each PerformanceCounterSample object to make sure it contains valid data.
Fully Qualified Error ID = CounterApiError,Microsoft.PowerShell.Commands.GetCounterCommand


Context:
        Severity = Warning
        Host Name = ConsoleHost
        Host Version = 5.1.26100.8875
        Host ID = 923c93f5-68a1-4cf1-9713-07f4ede71a2c
        Host Application = C:\Windows\System32\WindowsPowerShell\v1.0\powershell.exe
        Engine Version = 5.1.26100.8875
        Runspace ID = f697cada-ed42-483c-9f02-38b77bf6eb4d
        Pipeline ID = 63
        Command Name = Get-Counter
        Command Type = Cmdlet
        Script Name = C:\Users\arjo5004\AppData\Local\Temp\DiagCollector\Modules\01_TimelineAndResources.ps1
        Command Path = 
        Sequence Number = 10318
        User = ENTERPRISE\arjo5004.T1
        Connected User = 
        Shell ID = Microsoft.PowerShell


User Data:

"
"19-08-2026 14:10:16","4100","Warning","Microsoft-Windows-PowerShell","Error Message = System error.


Context:
        Severity = Warning
        Host Name = ConsoleHost
        Host Version = 5.1.26100.8875
        Host ID = 923c93f5-68a1-4cf1-9713-07f4ede71a2c
        Host Application = C:\Windows\System32\WindowsPowerShell\v1.0\powershell.exe
        Engine Version = 5.1.26100.8875
        Runspace ID = f697cada-ed42-483c-9f02-38b77bf6eb4d
        Pipeline ID = 63
        Command Name = 
        Command Type = 
        Script Name = 
        Command Path = 
        Sequence Number = 10296
        User = ENTERPRISE\arjo5004.T1
        Connected User = 
        Shell ID = Microsoft.PowerShell


User Data:

"
"19-08-2026 14:10:16","4103","Information","Microsoft-Windows-PowerShell","CommandInvocation(Add-Type): ""Add-Type""
ParameterBinding(Add-Type): name=""Namespace""; value=""WinAPI""
ParameterBinding(Add-Type): name=""Name""; value=""Win32""
ParameterBinding(Add-Type): name=""MemberDefinition""; value=""[DllImport(""user32.dll"")] public static extern IntPtr GetForegroundWindow();
[DllImport(""user32.dll"")] public static extern int GetWindowText(IntPtr hWnd, System.Text.StringBuilder text, int count);
[DllImport(""user32.dll"")] public static extern uint GetWindowThreadProcessId(IntPtr hWnd, out uint processId);, ...""
ParameterBinding(Add-Type): name=""ErrorAction""; value=""SilentlyContinue""


Context:
        Severity = Informational
        Host Name = ConsoleHost
        Host Version = 5.1.26100.8875
        Host ID = 923c93f5-68a1-4cf1-9713-07f4ede71a2c
        Host Application = C:\Windows\System32\WindowsPowerShell\v1.0\powershell.exe
        Engine Version = 5.1.26100.8875
        Runspace ID = f697cada-ed42-483c-9f02-38b77bf6eb4d
        Pipeline ID = 63
        Command Name = Add-Type
        Command Type = Cmdlet
        Script Name = C:\Users\arjo5004\AppData\Local\Temp\DiagCollector\Modules\01_TimelineAndResources.ps1
        Command Path = 
        Sequence Number = 10286
        User = ENTERPRISE\arjo5004.T1
        Connected User = 
        Shell ID = Microsoft.PowerShell


User Data:

"
"19-08-2026 14:10:16","4100","Warning","Microsoft-Windows-PowerShell","Error Message = The running command stopped because the preference variable ""ErrorActionPreference"" or common parameter is set to Stop: The \User Input Delay per Process(1:3884 <DPMCrashHandler.exe>)\Max Input Delay performance counter path  is not valid.
Fully Qualified Error ID = CounterPathIsInvalid,Microsoft.PowerShell.Commands.GetCounterCommand


Context:
        Severity = Warning
        Host Name = ConsoleHost
        Host Version = 5.1.26100.8875
        Host ID = 923c93f5-68a1-4cf1-9713-07f4ede71a2c
        Host Application = C:\Windows\System32\WindowsPowerShell\v1.0\powershell.exe
        Engine Version = 5.1.26100.8875
        Runspace ID = f697cada-ed42-483c-9f02-38b77bf6eb4d
        Pipeline ID = 63
        Command Name = Get-Counter
        Command Type = Cmdlet
        Script Name = C:\Users\arjo5004\AppData\Local\Temp\DiagCollector\Modules\01_TimelineAndResources.ps1
        Command Path = 
        Sequence Number = 10282
        User = ENTERPRISE\arjo5004.T1
        Connected User = 
        Shell ID = Microsoft.PowerShell


User Data:

"
"19-08-2026 14:10:16","4100","Warning","Microsoft-Windows-PowerShell","Error Message = The running command stopped because the preference variable ""ErrorActionPreference"" or common parameter is set to Stop: The data in one of the performance counter samples is not valid. View the Status property for each PerformanceCounterSample object to make sure it contains valid data.
Fully Qualified Error ID = CounterApiError,Microsoft.PowerShell.Commands.GetCounterCommand


Context:
        Severity = Warning
        Host Name = ConsoleHost
        Host Version = 5.1.26100.8875
        Host ID = 923c93f5-68a1-4cf1-9713-07f4ede71a2c
        Host Application = C:\Windows\System32\WindowsPowerShell\v1.0\powershell.exe
        Engine Version = 5.1.26100.8875
        Runspace ID = f697cada-ed42-483c-9f02-38b77bf6eb4d
        Pipeline ID = 63
        Command Name = Get-Counter
        Command Type = Cmdlet
        Script Name = C:\Users\arjo5004\AppData\Local\Temp\DiagCollector\Modules\01_TimelineAndResources.ps1
        Command Path = 
        Sequence Number = 10280
        User = ENTERPRISE\arjo5004.T1
        Connected User = 
        Shell ID = Microsoft.PowerShell


User Data:

"
"19-08-2026 14:10:06","4100","Warning","Microsoft-Windows-PowerShell","Error Message = System error.


Context:
        Severity = Warning
        Host Name = ConsoleHost
        Host Version = 5.1.26100.8875
        Host ID = 923c93f5-68a1-4cf1-9713-07f4ede71a2c
        Host Application = C:\Windows\System32\WindowsPowerShell\v1.0\powershell.exe
        Engine Version = 5.1.26100.8875
        Runspace ID = f697cada-ed42-483c-9f02-38b77bf6eb4d
        Pipeline ID = 63
        Command Name = 
        Command Type = 
        Script Name = 
        Command Path = 
        Sequence Number = 10258
        User = ENTERPRISE\arjo5004.T1
        Connected User = 
        Shell ID = Microsoft.PowerShell


User Data:

"
"19-08-2026 14:10:06","4103","Information","Microsoft-Windows-PowerShell","CommandInvocation(Add-Type): ""Add-Type""
ParameterBinding(Add-Type): name=""Namespace""; value=""WinAPI""
ParameterBinding(Add-Type): name=""Name""; value=""Win32""
ParameterBinding(Add-Type): name=""MemberDefinition""; value=""[DllImport(""user32.dll"")] public static extern IntPtr GetForegroundWindow();
[DllImport(""user32.dll"")] public static extern int GetWindowText(IntPtr hWnd, System.Text.StringBuilder text, int count);
[DllImport(""user32.dll"")] public static extern uint GetWindowThreadProcessId(IntPtr hWnd, out uint processId);, ...""
ParameterBinding(Add-Type): name=""ErrorAction""; value=""SilentlyContinue""


Context:
        Severity = Informational
        Host Name = ConsoleHost
        Host Version = 5.1.26100.8875
        Host ID = 923c93f5-68a1-4cf1-9713-07f4ede71a2c
        Host Application = C:\Windows\System32\WindowsPowerShell\v1.0\powershell.exe
        Engine Version = 5.1.26100.8875
        Runspace ID = f697cada-ed42-483c-9f02-38b77bf6eb4d
        Pipeline ID = 63
        Command Name = Add-Type
        Command Type = Cmdlet
        Script Name = C:\Users\arjo5004\AppData\Local\Temp\DiagCollector\Modules\01_TimelineAndResources.ps1
        Command Path = 
        Sequence Number = 10248
        User = ENTERPRISE\arjo5004.T1
        Connected User = 
        Shell ID = Microsoft.PowerShell


User Data:

"
"19-08-2026 14:10:06","4100","Warning","Microsoft-Windows-PowerShell","Error Message = The running command stopped because the preference variable ""ErrorActionPreference"" or common parameter is set to Stop: The \User Input Delay per Process(1:3884 <DPMCrashHandler.exe>)\Max Input Delay performance counter path  is not valid.
Fully Qualified Error ID = CounterPathIsInvalid,Microsoft.PowerShell.Commands.GetCounterCommand


Context:
        Severity = Warning
        Host Name = ConsoleHost
        Host Version = 5.1.26100.8875
        Host ID = 923c93f5-68a1-4cf1-9713-07f4ede71a2c
        Host Application = C:\Windows\System32\WindowsPowerShell\v1.0\powershell.exe
        Engine Version = 5.1.26100.8875
        Runspace ID = f697cada-ed42-483c-9f02-38b77bf6eb4d
        Pipeline ID = 63
        Command Name = Get-Counter
        Command Type = Cmdlet
        Script Name = C:\Users\arjo5004\AppData\Local\Temp\DiagCollector\Modules\01_TimelineAndResources.ps1
        Command Path = 
        Sequence Number = 10244
        User = ENTERPRISE\arjo5004.T1
        Connected User = 
        Shell ID = Microsoft.PowerShell


User Data:

"
"19-08-2026 14:10:06","4100","Warning","Microsoft-Windows-PowerShell","Error Message = The running command stopped because the preference variable ""ErrorActionPreference"" or common parameter is set to Stop: The data in one of the performance counter samples is not valid. View the Status property for each PerformanceCounterSample object to make sure it contains valid data.
Fully Qualified Error ID = CounterApiError,Microsoft.PowerShell.Commands.GetCounterCommand


Context:
        Severity = Warning
        Host Name = ConsoleHost
        Host Version = 5.1.26100.8875
        Host ID = 923c93f5-68a1-4cf1-9713-07f4ede71a2c
        Host Application = C:\Windows\System32\WindowsPowerShell\v1.0\powershell.exe
        Engine Version = 5.1.26100.8875
        Runspace ID = f697cada-ed42-483c-9f02-38b77bf6eb4d
        Pipeline ID = 63
        Command Name = Get-Counter
        Command Type = Cmdlet
        Script Name = C:\Users\arjo5004\AppData\Local\Temp\DiagCollector\Modules\01_TimelineAndResources.ps1
        Command Path = 
        Sequence Number = 10242
        User = ENTERPRISE\arjo5004.T1
        Connected User = 
        Shell ID = Microsoft.PowerShell


User Data:

"
"19-08-2026 14:09:56","4100","Warning","Microsoft-Windows-PowerShell","Error Message = System error.


Context:
        Severity = Warning
        Host Name = ConsoleHost
        Host Version = 5.1.26100.8875
        Host ID = 923c93f5-68a1-4cf1-9713-07f4ede71a2c
        Host Application = C:\Windows\System32\WindowsPowerShell\v1.0\powershell.exe
        Engine Version = 5.1.26100.8875
        Runspace ID = f697cada-ed42-483c-9f02-38b77bf6eb4d
        Pipeline ID = 63
        Command Name = 
        Command Type = 
        Script Name = 
        Command Path = 
        Sequence Number = 10220
        User = ENTERPRISE\arjo5004.T1
        Connected User = 
        Shell ID = Microsoft.PowerShell


User Data:

"
"19-08-2026 14:09:55","4103","Information","Microsoft-Windows-PowerShell","CommandInvocation(Add-Type): ""Add-Type""
ParameterBinding(Add-Type): name=""Namespace""; value=""WinAPI""
ParameterBinding(Add-Type): name=""Name""; value=""Win32""
ParameterBinding(Add-Type): name=""MemberDefinition""; value=""[DllImport(""user32.dll"")] public static extern IntPtr GetForegroundWindow();
[DllImport(""user32.dll"")] public static extern int GetWindowText(IntPtr hWnd, System.Text.StringBuilder text, int count);
[DllImport(""user32.dll"")] public static extern uint GetWindowThreadProcessId(IntPtr hWnd, out uint processId);, ...""
ParameterBinding(Add-Type): name=""ErrorAction""; value=""SilentlyContinue""


Context:
        Severity = Informational
        Host Name = ConsoleHost
        Host Version = 5.1.26100.8875
        Host ID = 923c93f5-68a1-4cf1-9713-07f4ede71a2c
        Host Application = C:\Windows\System32\WindowsPowerShell\v1.0\powershell.exe
        Engine Version = 5.1.26100.8875
        Runspace ID = f697cada-ed42-483c-9f02-38b77bf6eb4d
        Pipeline ID = 63
        Command Name = Add-Type
        Command Type = Cmdlet
        Script Name = C:\Users\arjo5004\AppData\Local\Temp\DiagCollector\Modules\01_TimelineAndResources.ps1
        Command Path = 
        Sequence Number = 10210
        User = ENTERPRISE\arjo5004.T1
        Connected User = 
        Shell ID = Microsoft.PowerShell


User Data:

"
"19-08-2026 14:09:55","4100","Warning","Microsoft-Windows-PowerShell","Error Message = The running command stopped because the preference variable ""ErrorActionPreference"" or common parameter is set to Stop: The \User Input Delay per Process(1:3884 <DPMCrashHandler.exe>)\Max Input Delay performance counter path  is not valid.
Fully Qualified Error ID = CounterPathIsInvalid,Microsoft.PowerShell.Commands.GetCounterCommand


Context:
        Severity = Warning
        Host Name = ConsoleHost
        Host Version = 5.1.26100.8875
        Host ID = 923c93f5-68a1-4cf1-9713-07f4ede71a2c
        Host Application = C:\Windows\System32\WindowsPowerShell\v1.0\powershell.exe
        Engine Version = 5.1.26100.8875
        Runspace ID = f697cada-ed42-483c-9f02-38b77bf6eb4d
        Pipeline ID = 63
        Command Name = Get-Counter
        Command Type = Cmdlet
        Script Name = C:\Users\arjo5004\AppData\Local\Temp\DiagCollector\Modules\01_TimelineAndResources.ps1
        Command Path = 
        Sequence Number = 10206
        User = ENTERPRISE\arjo5004.T1
        Connected User = 
        Shell ID = Microsoft.PowerShell


User Data:

"
"19-08-2026 14:09:55","4100","Warning","Microsoft-Windows-PowerShell","Error Message = The running command stopped because the preference variable ""ErrorActionPreference"" or common parameter is set to Stop: The data in one of the performance counter samples is not valid. View the Status property for each PerformanceCounterSample object to make sure it contains valid data.
Fully Qualified Error ID = CounterApiError,Microsoft.PowerShell.Commands.GetCounterCommand


Context:
        Severity = Warning
        Host Name = ConsoleHost
        Host Version = 5.1.26100.8875
        Host ID = 923c93f5-68a1-4cf1-9713-07f4ede71a2c
        Host Application = C:\Windows\System32\WindowsPowerShell\v1.0\powershell.exe
        Engine Version = 5.1.26100.8875
        Runspace ID = f697cada-ed42-483c-9f02-38b77bf6eb4d
        Pipeline ID = 63
        Command Name = Get-Counter
        Command Type = Cmdlet
        Script Name = C:\Users\arjo5004\AppData\Local\Temp\DiagCollector\Modules\01_TimelineAndResources.ps1
        Command Path = 
        Sequence Number = 10204
        User = ENTERPRISE\arjo5004.T1
        Connected User = 
        Shell ID = Microsoft.PowerShell


User Data:

"
"19-08-2026 14:09:43","4100","Warning","Microsoft-Windows-PowerShell","Error Message = System error.


Context:
        Severity = Warning
        Host Name = ConsoleHost
        Host Version = 5.1.26100.8875
        Host ID = 923c93f5-68a1-4cf1-9713-07f4ede71a2c
        Host Application = C:\Windows\System32\WindowsPowerShell\v1.0\powershell.exe
        Engine Version = 5.1.26100.8875
        Runspace ID = f697cada-ed42-483c-9f02-38b77bf6eb4d
        Pipeline ID = 63
        Command Name = 
        Command Type = 
        Script Name = 
        Command Path = 
        Sequence Number = 10182
        User = ENTERPRISE\arjo5004.T1
        Connected User = 
        Shell ID = Microsoft.PowerShell


User Data:

"
"19-08-2026 14:09:43","4103","Information","Microsoft-Windows-PowerShell","CommandInvocation(Add-Type): ""Add-Type""
ParameterBinding(Add-Type): name=""Namespace""; value=""WinAPI""
ParameterBinding(Add-Type): name=""Name""; value=""Win32""
ParameterBinding(Add-Type): name=""MemberDefinition""; value=""[DllImport(""user32.dll"")] public static extern IntPtr GetForegroundWindow();
[DllImport(""user32.dll"")] public static extern int GetWindowText(IntPtr hWnd, System.Text.StringBuilder text, int count);
[DllImport(""user32.dll"")] public static extern uint GetWindowThreadProcessId(IntPtr hWnd, out uint processId);, ...""
ParameterBinding(Add-Type): name=""ErrorAction""; value=""SilentlyContinue""


Context:
        Severity = Informational
        Host Name = ConsoleHost
        Host Version = 5.1.26100.8875
        Host ID = 923c93f5-68a1-4cf1-9713-07f4ede71a2c
        Host Application = C:\Windows\System32\WindowsPowerShell\v1.0\powershell.exe
        Engine Version = 5.1.26100.8875
        Runspace ID = f697cada-ed42-483c-9f02-38b77bf6eb4d
        Pipeline ID = 63
        Command Name = Add-Type
        Command Type = Cmdlet
        Script Name = C:\Users\arjo5004\AppData\Local\Temp\DiagCollector\Modules\01_TimelineAndResources.ps1
        Command Path = 
        Sequence Number = 10172
        User = ENTERPRISE\arjo5004.T1
        Connected User = 
        Shell ID = Microsoft.PowerShell


User Data:

"
"19-08-2026 14:09:43","4100","Warning","Microsoft-Windows-PowerShell","Error Message = The running command stopped because the preference variable ""ErrorActionPreference"" or common parameter is set to Stop: The \User Input Delay per Process(1:3884 <DPMCrashHandler.exe>)\Max Input Delay performance counter path  is not valid.
Fully Qualified Error ID = CounterPathIsInvalid,Microsoft.PowerShell.Commands.GetCounterCommand


Context:
        Severity = Warning
        Host Name = ConsoleHost
        Host Version = 5.1.26100.8875
        Host ID = 923c93f5-68a1-4cf1-9713-07f4ede71a2c
        Host Application = C:\Windows\System32\WindowsPowerShell\v1.0\powershell.exe
        Engine Version = 5.1.26100.8875
        Runspace ID = f697cada-ed42-483c-9f02-38b77bf6eb4d
        Pipeline ID = 63
        Command Name = Get-Counter
        Command Type = Cmdlet
        Script Name = C:\Users\arjo5004\AppData\Local\Temp\DiagCollector\Modules\01_TimelineAndResources.ps1
        Command Path = 
        Sequence Number = 10168
        User = ENTERPRISE\arjo5004.T1
        Connected User = 
        Shell ID = Microsoft.PowerShell


User Data:

"
"19-08-2026 14:09:43","4100","Warning","Microsoft-Windows-PowerShell","Error Message = The running command stopped because the preference variable ""ErrorActionPreference"" or common parameter is set to Stop: The data in one of the performance counter samples is not valid. View the Status property for each PerformanceCounterSample object to make sure it contains valid data.
Fully Qualified Error ID = CounterApiError,Microsoft.PowerShell.Commands.GetCounterCommand


Context:
        Severity = Warning
        Host Name = ConsoleHost
        Host Version = 5.1.26100.8875
        Host ID = 923c93f5-68a1-4cf1-9713-07f4ede71a2c
        Host Application = C:\Windows\System32\WindowsPowerShell\v1.0\powershell.exe
        Engine Version = 5.1.26100.8875
        Runspace ID = f697cada-ed42-483c-9f02-38b77bf6eb4d
        Pipeline ID = 63
        Command Name = Get-Counter
        Command Type = Cmdlet
        Script Name = C:\Users\arjo5004\AppData\Local\Temp\DiagCollector\Modules\01_TimelineAndResources.ps1
        Command Path = 
        Sequence Number = 10166
        User = ENTERPRISE\arjo5004.T1
        Connected User = 
        Shell ID = Microsoft.PowerShell


User Data:

"
"19-08-2026 14:09:32","4100","Warning","Microsoft-Windows-PowerShell","Error Message = System error.


Context:
        Severity = Warning
        Host Name = ConsoleHost
        Host Version = 5.1.26100.8875
        Host ID = 923c93f5-68a1-4cf1-9713-07f4ede71a2c
        Host Application = C:\Windows\System32\WindowsPowerShell\v1.0\powershell.exe
        Engine Version = 5.1.26100.8875
        Runspace ID = f697cada-ed42-483c-9f02-38b77bf6eb4d
        Pipeline ID = 63
        Command Name = 
        Command Type = 
        Script Name = 
        Command Path = 
        Sequence Number = 10144
        User = ENTERPRISE\arjo5004.T1
        Connected User = 
        Shell ID = Microsoft.PowerShell


User Data:

"
"19-08-2026 14:09:32","4103","Information","Microsoft-Windows-PowerShell","CommandInvocation(Add-Type): ""Add-Type""
ParameterBinding(Add-Type): name=""Namespace""; value=""WinAPI""
ParameterBinding(Add-Type): name=""Name""; value=""Win32""
ParameterBinding(Add-Type): name=""MemberDefinition""; value=""[DllImport(""user32.dll"")] public static extern IntPtr GetForegroundWindow();
[DllImport(""user32.dll"")] public static extern int GetWindowText(IntPtr hWnd, System.Text.StringBuilder text, int count);
[DllImport(""user32.dll"")] public static extern uint GetWindowThreadProcessId(IntPtr hWnd, out uint processId);, ...""
ParameterBinding(Add-Type): name=""ErrorAction""; value=""SilentlyContinue""


Context:
        Severity = Informational
        Host Name = ConsoleHost
        Host Version = 5.1.26100.8875
        Host ID = 923c93f5-68a1-4cf1-9713-07f4ede71a2c
        Host Application = C:\Windows\System32\WindowsPowerShell\v1.0\powershell.exe
        Engine Version = 5.1.26100.8875
        Runspace ID = f697cada-ed42-483c-9f02-38b77bf6eb4d
        Pipeline ID = 63
        Command Name = Add-Type
        Command Type = Cmdlet
        Script Name = C:\Users\arjo5004\AppData\Local\Temp\DiagCollector\Modules\01_TimelineAndResources.ps1
        Command Path = 
        Sequence Number = 10134
        User = ENTERPRISE\arjo5004.T1
        Connected User = 
        Shell ID = Microsoft.PowerShell


User Data:

"
"19-08-2026 14:09:32","4100","Warning","Microsoft-Windows-PowerShell","Error Message = The running command stopped because the preference variable ""ErrorActionPreference"" or common parameter is set to Stop: The \User Input Delay per Process(1:3884 <DPMCrashHandler.exe>)\Max Input Delay performance counter path  is not valid.
Fully Qualified Error ID = CounterPathIsInvalid,Microsoft.PowerShell.Commands.GetCounterCommand


Context:
        Severity = Warning
        Host Name = ConsoleHost
        Host Version = 5.1.26100.8875
        Host ID = 923c93f5-68a1-4cf1-9713-07f4ede71a2c
        Host Application = C:\Windows\System32\WindowsPowerShell\v1.0\powershell.exe
        Engine Version = 5.1.26100.8875
        Runspace ID = f697cada-ed42-483c-9f02-38b77bf6eb4d
        Pipeline ID = 63
        Command Name = Get-Counter
        Command Type = Cmdlet
        Script Name = C:\Users\arjo5004\AppData\Local\Temp\DiagCollector\Modules\01_TimelineAndResources.ps1
        Command Path = 
        Sequence Number = 10130
        User = ENTERPRISE\arjo5004.T1
        Connected User = 
        Shell ID = Microsoft.PowerShell


User Data:

"
"19-08-2026 14:09:31","4100","Warning","Microsoft-Windows-PowerShell","Error Message = The running command stopped because the preference variable ""ErrorActionPreference"" or common parameter is set to Stop: The data in one of the performance counter samples is not valid. View the Status property for each PerformanceCounterSample object to make sure it contains valid data.
Fully Qualified Error ID = CounterApiError,Microsoft.PowerShell.Commands.GetCounterCommand


Context:
        Severity = Warning
        Host Name = ConsoleHost
        Host Version = 5.1.26100.8875
        Host ID = 923c93f5-68a1-4cf1-9713-07f4ede71a2c
        Host Application = C:\Windows\System32\WindowsPowerShell\v1.0\powershell.exe
        Engine Version = 5.1.26100.8875
        Runspace ID = f697cada-ed42-483c-9f02-38b77bf6eb4d
        Pipeline ID = 63
        Command Name = Get-Counter
        Command Type = Cmdlet
        Script Name = C:\Users\arjo5004\AppData\Local\Temp\DiagCollector\Modules\01_TimelineAndResources.ps1
        Command Path = 
        Sequence Number = 10128
        User = ENTERPRISE\arjo5004.T1
        Connected User = 
        Shell ID = Microsoft.PowerShell


User Data:

"
"19-08-2026 14:09:20","4100","Warning","Microsoft-Windows-PowerShell","Error Message = System error.


Context:
        Severity = Warning
        Host Name = ConsoleHost
        Host Version = 5.1.26100.8875
        Host ID = 923c93f5-68a1-4cf1-9713-07f4ede71a2c
        Host Application = C:\Windows\System32\WindowsPowerShell\v1.0\powershell.exe
        Engine Version = 5.1.26100.8875
        Runspace ID = f697cada-ed42-483c-9f02-38b77bf6eb4d
        Pipeline ID = 63
        Command Name = 
        Command Type = 
        Script Name = 
        Command Path = 
        Sequence Number = 10106
        User = ENTERPRISE\arjo5004.T1
        Connected User = 
        Shell ID = Microsoft.PowerShell


User Data:

"
