"17-08-2026 16:56:13","60","Information","Microsoft-Windows-UniversalTelemetryClient","Is device on battery power: true"
"17-08-2026 16:56:13","61","Information","Microsoft-Windows-UniversalTelemetryClient","Is the Battery Saver state enabled: false"
"17-08-2026 16:56:13","60","Information","Microsoft-Windows-UniversalTelemetryClient","Is device on battery power: true"
"17-08-2026 16:47:39","27","Information","Microsoft-Windows-UniversalTelemetryClient","Connection state - All connections have succeeded since the previous period."
"17-08-2026 16:36:34","27","Information","Microsoft-Windows-UniversalTelemetryClient","Connection state - All connections have succeeded since the previous period."
"17-08-2026 16:32:38","27","Information","Microsoft-Windows-UniversalTelemetryClient","Connection state - All connections have succeeded since the previous period."
"17-08-2026 16:17:38","27","Information","Microsoft-Windows-UniversalTelemetryClient","Connection state - All connections have succeeded since the previous period."
"17-08-2026 16:07:38","27","Information","Microsoft-Windows-UniversalTelemetryClient","Connection state - All connections have succeeded since the previous period."
"17-08-2026 16:06:34","27","Information","Microsoft-Windows-UniversalTelemetryClient","Connection state - All connections have succeeded since the previous period."
"17-08-2026 16:02:38","27","Information","Microsoft-Windows-UniversalTelemetryClient","Connection state - All connections have succeeded since the previous period."
"17-08-2026 15:57:38","27","Information","Microsoft-Windows-UniversalTelemetryClient","Connection state - All connections have succeeded since the previous period."
"17-08-2026 15:43:05","22","Information","Microsoft-Windows-UniversalTelemetryClient","The daily upload quota for SENSE has crossed into a new tier."
"17-08-2026 15:42:38","27","Information","Microsoft-Windows-UniversalTelemetryClient","Connection state - All connections have succeeded since the previous period."
"17-08-2026 15:37:38","27","Information","Microsoft-Windows-UniversalTelemetryClient","Connection state - All connections have succeeded since the previous period."
"17-08-2026 15:36:34","27","Information","Microsoft-Windows-UniversalTelemetryClient","Connection state - All connections have succeeded since the previous period."
"17-08-2026 15:27:38","27","Information","Microsoft-Windows-UniversalTelemetryClient","Connection state - All connections have succeeded since the previous period."
"17-08-2026 15:08:54","1","Information","Microsoft-Windows-UniversalTelemetryClient","Tenant P-ARIA-15cbbc93e90a4d56bf8d9a29305b8981-88c138a6-9eac-4f69-a3d3-10a4fbf41ddf-7164 has been registered for telemetry usage."
"17-08-2026 15:08:54","1","Information","Microsoft-Windows-UniversalTelemetryClient","Tenant P-ARIA-4bb4d6f7cafc4e9292f972dca2dcde42-bd019ee8-e59c-4b0f-a02c-84e72157a3ef-7485 has been registered for telemetry usage."
"17-08-2026 15:07:38","27","Information","Microsoft-Windows-UniversalTelemetryClient","Connection state - All connections have succeeded since the previous period."
"17-08-2026 15:06:34","27","Information","Microsoft-Windows-UniversalTelemetryClient","Connection state - All connections have succeeded since the previous period."
"17-08-2026 14:57:38","27","Information","Microsoft-Windows-UniversalTelemetryClient","Connection state - All connections have succeeded since the previous period."
"17-08-2026 14:52:38","27","Information","Microsoft-Windows-UniversalTelemetryClient","Connection state - All connections have succeeded since the previous period."
"17-08-2026 14:37:38","27","Information","Microsoft-Windows-UniversalTelemetryClient","Connection state - All connections have succeeded since the previous period."
"17-08-2026 14:36:34","27","Information","Microsoft-Windows-UniversalTelemetryClient","Connection state - All connections have succeeded since the previous period."
"17-08-2026 14:22:39","27","Information","Microsoft-Windows-UniversalTelemetryClient","Connection state - All connections have succeeded since the previous period."
"17-08-2026 14:07:39","27","Information","Microsoft-Windows-UniversalTelemetryClient","Connection state - All connections have succeeded since the previous period."
"17-08-2026 14:06:34","27","Information","Microsoft-Windows-UniversalTelemetryClient","Connection state - All connections have succeeded since the previous period."
"17-08-2026 14:02:39","27","Information","Microsoft-Windows-UniversalTelemetryClient","Connection state - All connections have succeeded since the previous period."
"17-08-2026 13:57:39","27","Information","Microsoft-Windows-UniversalTelemetryClient","Connection state - All connections have succeeded since the previous period."
"17-08-2026 13:52:39","27","Information","Microsoft-Windows-UniversalTelemetryClient","Connection state - All connections have succeeded since the previous period."
"17-08-2026 13:47:39","27","Information","Microsoft-Windows-UniversalTelemetryClient","Connection state - All connections have succeeded since the previous period."
"17-08-2026 13:43:49","1","Information","Microsoft-Windows-UniversalTelemetryClient","Tenant P-ARIA-af397ef28e484961ba48646a5d38cf54-77418283-d6f6-4a90-b0c8-37e0f5e7b087-7425 has been registered for telemetry usage."
"17-08-2026 13:37:39","27","Information","Microsoft-Windows-UniversalTelemetryClient","Connection state - All connections have succeeded since the previous period."
"17-08-2026 13:36:34","27","Information","Microsoft-Windows-UniversalTelemetryClient","Connection state - All connections have succeeded since the previous period."
"17-08-2026 13:32:55","1","Information","Microsoft-Windows-UniversalTelemetryClient","Tenant P-ARIA-7005b72804a64fa4b2138faab88f877b-14cf798a-05a4-4b7b-9d02-4d99259ebd4a-7553 has been registered for telemetry usage."
"17-08-2026 13:27:39","27","Information","Microsoft-Windows-UniversalTelemetryClient","Connection state - All connections have succeeded since the previous period."
"17-08-2026 13:07:39","27","Information","Microsoft-Windows-UniversalTelemetryClient","Connection state - All connections have succeeded since the previous period."
"17-08-2026 13:06:34","27","Information","Microsoft-Windows-UniversalTelemetryClient","Connection state - All connections have succeeded since the previous period."
"17-08-2026 13:02:39","27","Information","Microsoft-Windows-UniversalTelemetryClient","Connection state - All connections have succeeded since the previous period."
"17-08-2026 12:52:39","27","Information","Microsoft-Windows-UniversalTelemetryClient","Connection state - All connections have succeeded since the previous period."
"17-08-2026 12:46:39","27","Information","Microsoft-Windows-UniversalTelemetryClient","Connection state - All connections have succeeded since the previous period."
"17-08-2026 12:38:34","27","Information","Microsoft-Windows-UniversalTelemetryClient","Connection state - All connections have succeeded since the previous period."
"17-08-2026 12:36:34","27","Information","Microsoft-Windows-UniversalTelemetryClient","Connection state - All connections have succeeded since the previous period."
"17-08-2026 12:26:39","27","Information","Microsoft-Windows-UniversalTelemetryClient","Connection state - All connections have succeeded since the previous period."
"17-08-2026 12:11:39","27","Information","Microsoft-Windows-UniversalTelemetryClient","Connection state - All connections have succeeded since the previous period."
"17-08-2026 12:08:34","27","Information","Microsoft-Windows-UniversalTelemetryClient","Connection state - All connections have succeeded since the previous period."
"17-08-2026 12:06:34","27","Information","Microsoft-Windows-UniversalTelemetryClient","Connection state - All connections have succeeded since the previous period."
"17-08-2026 12:03:03","22","Information","Microsoft-Windows-UniversalTelemetryClient","The daily upload quota for SENSE has crossed into a new tier."
"17-08-2026 11:56:39","27","Information","Microsoft-Windows-UniversalTelemetryClient","Connection state - All connections have succeeded since the previous period."
"17-08-2026 11:38:34","27","Information","Microsoft-Windows-UniversalTelemetryClient","Connection state - All connections have succeeded since the previous period."
"17-08-2026 11:36:34","27","Information","Microsoft-Windows-UniversalTelemetryClient","Connection state - All connections have succeeded since the previous period."
"17-08-2026 11:31:39","27","Information","Microsoft-Windows-UniversalTelemetryClient","Connection state - All connections have succeeded since the previous period."
"17-08-2026 11:16:39","27","Information","Microsoft-Windows-UniversalTelemetryClient","Connection state - All connections have succeeded since the previous period."
"17-08-2026 11:08:34","27","Information","Microsoft-Windows-UniversalTelemetryClient","Connection state - All connections have succeeded since the previous period."
"17-08-2026 11:06:34","27","Information","Microsoft-Windows-UniversalTelemetryClient","Connection state - All connections have succeeded since the previous period."
"17-08-2026 10:56:39","27","Information","Microsoft-Windows-UniversalTelemetryClient","Connection state - All connections have succeeded since the previous period."
"17-08-2026 10:38:34","27","Information","Microsoft-Windows-UniversalTelemetryClient","Connection state - All connections have succeeded since the previous period."
"17-08-2026 10:36:34","27","Information","Microsoft-Windows-UniversalTelemetryClient","Connection state - All connections have succeeded since the previous period."
"17-08-2026 10:26:39","27","Information","Microsoft-Windows-UniversalTelemetryClient","Connection state - All connections have succeeded since the previous period."
"17-08-2026 10:14:50","22","Information","Microsoft-Windows-UniversalTelemetryClient","The daily upload quota for SENSE has crossed into a new tier."
"17-08-2026 10:08:34","27","Information","Microsoft-Windows-UniversalTelemetryClient","Connection state - All connections have succeeded since the previous period."
"17-08-2026 10:06:39","27","Information","Microsoft-Windows-UniversalTelemetryClient","Connection state - All connections have succeeded since the previous period."
"17-08-2026 10:06:34","28","Warning","Microsoft-Windows-UniversalTelemetryClient","Connection state - Some connections have failed since the previous period."
"17-08-2026 10:06:07","1","Information","Microsoft-Windows-UniversalTelemetryClient","Tenant P-ARIA-6660cc65b74b4291b30536aea7ed6ead-5a228f6e-723e-4098-8ed2-3554f184fd67-7451 has been registered for telemetry usage."
"17-08-2026 09:56:39","27","Information","Microsoft-Windows-UniversalTelemetryClient","Connection state - All connections have succeeded since the previous period."
"17-08-2026 09:46:39","28","Warning","Microsoft-Windows-UniversalTelemetryClient","Connection state - Some connections have failed since the previous period."
"17-08-2026 09:46:33","1","Information","Microsoft-Windows-UniversalTelemetryClient","Tenant P-ARIA-af397ef28e484961ba48646a5d38cf54-77418283-d6f6-4a90-b0c8-37e0f5e7b087-7425 has been registered for telemetry usage."
"17-08-2026 09:42:40","1","Information","Microsoft-Windows-UniversalTelemetryClient","Tenant P-ARIA-5476d0c4a7a347909c4b8a13078d4390-f8bdcecf-243f-40f8-b7c3-b9c44a57dead-7230 has been registered for telemetry usage."
"17-08-2026 09:42:37","22","Information","Microsoft-Windows-UniversalTelemetryClient","The daily upload quota for SENSE has crossed into a new tier."
"17-08-2026 09:42:35","1","Information","Microsoft-Windows-UniversalTelemetryClient","Tenant P-ARIA-4bb4d6f7cafc4e9292f972dca2dcde42-bd019ee8-e59c-4b0f-a02c-84e72157a3ef-7485 has been registered for telemetry usage."
"17-08-2026 09:41:37","61","Information","Microsoft-Windows-UniversalTelemetryClient","Is the Battery Saver state enabled: false"
"17-08-2026 09:38:34","28","Warning","Microsoft-Windows-UniversalTelemetryClient","Connection state - Some connections have failed since the previous period."
"17-08-2026 09:38:09","1","Information","Microsoft-Windows-UniversalTelemetryClient","Tenant P-ARIA-af397ef28e484961ba48646a5d38cf54-77418283-d6f6-4a90-b0c8-37e0f5e7b087-7425 has been registered for telemetry usage."
"17-08-2026 09:38:02","1","Information","Microsoft-Windows-UniversalTelemetryClient","Tenant P-ARIA-af397ef28e484961ba48646a5d38cf54-77418283-d6f6-4a90-b0c8-37e0f5e7b087-7425 has been registered for telemetry usage."
"17-08-2026 09:37:48","22","Information","Microsoft-Windows-UniversalTelemetryClient","The daily upload quota for SENSE has crossed into a new tier."
"17-08-2026 09:37:44","1","Information","Microsoft-Windows-UniversalTelemetryClient","Tenant P-ARIA-af397ef28e484961ba48646a5d38cf54-77418283-d6f6-4a90-b0c8-37e0f5e7b087-7425 has been registered for telemetry usage."
"17-08-2026 09:36:46","55","Information","Microsoft-Windows-UniversalTelemetryClient","Is the Internet available: true"
"17-08-2026 09:36:46","56","Information","Microsoft-Windows-UniversalTelemetryClient","Is a free network available: true"
"17-08-2026 09:36:45","56","Information","Microsoft-Windows-UniversalTelemetryClient","Is a free network available: true"
"17-08-2026 09:36:45","55","Information","Microsoft-Windows-UniversalTelemetryClient","Is the Internet available: true"
"17-08-2026 09:36:45","55","Information","Microsoft-Windows-UniversalTelemetryClient","Is the Internet available: true"
"17-08-2026 09:36:45","56","Information","Microsoft-Windows-UniversalTelemetryClient","Is a free network available: false"
"17-08-2026 09:36:39","29","Error","Microsoft-Windows-UniversalTelemetryClient","Connection state - Some connections have failed since the previous period."
"17-08-2026 09:36:37","61","Information","Microsoft-Windows-UniversalTelemetryClient","Is the Battery Saver state enabled: false"
"17-08-2026 09:36:37","55","Information","Microsoft-Windows-UniversalTelemetryClient","Is the Internet available: true"
"17-08-2026 09:36:37","56","Information","Microsoft-Windows-UniversalTelemetryClient","Is a free network available: false"
"17-08-2026 09:36:37","55","Information","Microsoft-Windows-UniversalTelemetryClient","Is the Internet available: false"
"17-08-2026 09:36:37","56","Information","Microsoft-Windows-UniversalTelemetryClient","Is a free network available: false"
"17-08-2026 09:36:35","61","Information","Microsoft-Windows-UniversalTelemetryClient","Is the Battery Saver state enabled: false"
"17-08-2026 09:36:35","60","Information","Microsoft-Windows-UniversalTelemetryClient","Is device on battery power: false"
"17-08-2026 09:36:35","60","Information","Microsoft-Windows-UniversalTelemetryClient","Is device on battery power: false"
"15-08-2026 05:11:33","55","Information","Microsoft-Windows-UniversalTelemetryClient","Is the Internet available: true"
"15-08-2026 05:11:33","56","Information","Microsoft-Windows-UniversalTelemetryClient","Is a free network available: true"
"15-08-2026 05:11:33","55","Information","Microsoft-Windows-UniversalTelemetryClient","Is the Internet available: true"
"15-08-2026 05:11:33","56","Information","Microsoft-Windows-UniversalTelemetryClient","Is a free network available: true"
"15-08-2026 05:11:32","55","Information","Microsoft-Windows-UniversalTelemetryClient","Is the Internet available: true"
"15-08-2026 05:11:32","56","Information","Microsoft-Windows-UniversalTelemetryClient","Is a free network available: false"
"15-08-2026 05:11:29","61","Information","Microsoft-Windows-UniversalTelemetryClient","Is the Battery Saver state enabled: false"
"15-08-2026 05:11:29","62","Information","Microsoft-Windows-UniversalTelemetryClient","Is the device in connected standby: false"
"15-08-2026 05:11:29","61","Information","Microsoft-Windows-UniversalTelemetryClient","Is the Battery Saver state enabled: false"
"15-08-2026 05:11:29","60","Information","Microsoft-Windows-UniversalTelemetryClient","Is device on battery power: true"
"14-08-2026 20:08:39","61","Information","Microsoft-Windows-UniversalTelemetryClient","Is the Battery Saver state enabled: false"
"14-08-2026 20:08:39","60","Information","Microsoft-Windows-UniversalTelemetryClient","Is device on battery power: true"
"14-08-2026 20:08:39","62","Information","Microsoft-Windows-UniversalTelemetryClient","Is the device in connected standby: true"
"14-08-2026 20:08:39","61","Information","Microsoft-Windows-UniversalTelemetryClient","Is the Battery Saver state enabled: false"
"14-08-2026 20:08:33","61","Information","Microsoft-Windows-UniversalTelemetryClient","Is the Battery Saver state enabled: false"
"14-08-2026 20:08:33","27","Information","Microsoft-Windows-UniversalTelemetryClient","Connection state - All connections have succeeded since the previous period."
"14-08-2026 20:08:33","61","Information","Microsoft-Windows-UniversalTelemetryClient","Is the Battery Saver state enabled: true"
"14-08-2026 20:08:33","61","Information","Microsoft-Windows-UniversalTelemetryClient","Is the Battery Saver state enabled: false"
"14-08-2026 20:08:33","60","Information","Microsoft-Windows-UniversalTelemetryClient","Is device on battery power: true"
"14-08-2026 20:08:33","62","Information","Microsoft-Windows-UniversalTelemetryClient","Is the device in connected standby: false"
"14-08-2026 20:08:33","61","Information","Microsoft-Windows-UniversalTelemetryClient","Is the Battery Saver state enabled: true"
"14-08-2026 20:08:33","60","Information","Microsoft-Windows-UniversalTelemetryClient","Is device on battery power: true"
"14-08-2026 20:02:32","27","Information","Microsoft-Windows-UniversalTelemetryClient","Connection state - All connections have succeeded since the previous period."
"14-08-2026 19:43:02","55","Information","Microsoft-Windows-UniversalTelemetryClient","Is the Internet available: true"
"14-08-2026 19:43:02","56","Information","Microsoft-Windows-UniversalTelemetryClient","Is a free network available: false"
"14-08-2026 19:43:02","56","Information","Microsoft-Windows-UniversalTelemetryClient","Is a free network available: false"
"14-08-2026 19:43:02","55","Information","Microsoft-Windows-UniversalTelemetryClient","Is the Internet available: false"
"14-08-2026 19:42:57","61","Information","Microsoft-Windows-UniversalTelemetryClient","Is the Battery Saver state enabled: true"
"14-08-2026 19:42:57","61","Information","Microsoft-Windows-UniversalTelemetryClient","Is the Battery Saver state enabled: true"
"14-08-2026 19:42:57","61","Information","Microsoft-Windows-UniversalTelemetryClient","Is the Battery Saver state enabled: true"
"14-08-2026 19:42:57","60","Information","Microsoft-Windows-UniversalTelemetryClient","Is device on battery power: true"
"14-08-2026 19:42:57","61","Information","Microsoft-Windows-UniversalTelemetryClient","Is the Battery Saver state enabled: true"
"14-08-2026 19:42:57","60","Information","Microsoft-Windows-UniversalTelemetryClient","Is device on battery power: true"
"14-08-2026 19:42:57","62","Information","Microsoft-Windows-UniversalTelemetryClient","Is the device in connected standby: true"
"14-08-2026 19:42:52","61","Information","Microsoft-Windows-UniversalTelemetryClient","Is the Battery Saver state enabled: false"
"14-08-2026 19:42:52","60","Information","Microsoft-Windows-UniversalTelemetryClient","Is device on battery power: true"
"14-08-2026 19:42:51","61","Information","Microsoft-Windows-UniversalTelemetryClient","Is the Battery Saver state enabled: false"
"14-08-2026 19:42:51","61","Information","Microsoft-Windows-UniversalTelemetryClient","Is the Battery Saver state enabled: true"
"14-08-2026 19:42:51","60","Information","Microsoft-Windows-UniversalTelemetryClient","Is device on battery power: true"
"14-08-2026 19:42:51","62","Information","Microsoft-Windows-UniversalTelemetryClient","Is the device in connected standby: false"
"14-08-2026 19:42:51","61","Information","Microsoft-Windows-UniversalTelemetryClient","Is the Battery Saver state enabled: true"
"14-08-2026 19:42:47","61","Information","Microsoft-Windows-UniversalTelemetryClient","Is the Battery Saver state enabled: true"
"14-08-2026 19:42:47","62","Information","Microsoft-Windows-UniversalTelemetryClient","Is the device in connected standby: true"
"14-08-2026 19:42:47","61","Information","Microsoft-Windows-UniversalTelemetryClient","Is the Battery Saver state enabled: true"
"14-08-2026 19:42:47","60","Information","Microsoft-Windows-UniversalTelemetryClient","Is device on battery power: true"
"14-08-2026 19:42:47","61","Information","Microsoft-Windows-UniversalTelemetryClient","Is the Battery Saver state enabled: true"
"14-08-2026 19:42:47","60","Information","Microsoft-Windows-UniversalTelemetryClient","Is device on battery power: true"
"14-08-2026 19:42:46","61","Information","Microsoft-Windows-UniversalTelemetryClient","Is the Battery Saver state enabled: false"
"14-08-2026 19:42:46","60","Information","Microsoft-Windows-UniversalTelemetryClient","Is device on battery power: true"
"14-08-2026 19:42:46","60","Information","Microsoft-Windows-UniversalTelemetryClient","Is device on battery power: true"
"14-08-2026 19:33:52","27","Information","Microsoft-Windows-UniversalTelemetryClient","Connection state - All connections have succeeded since the previous period."
"14-08-2026 19:23:52","27","Information","Microsoft-Windows-UniversalTelemetryClient","Connection state - All connections have succeeded since the previous period."
"14-08-2026 19:22:26","27","Information","Microsoft-Windows-UniversalTelemetryClient","Connection state - All connections have succeeded since the previous period."
"14-08-2026 19:13:52","27","Information","Microsoft-Windows-UniversalTelemetryClient","Connection state - All connections have succeeded since the previous period."
"14-08-2026 18:58:52","27","Information","Microsoft-Windows-UniversalTelemetryClient","Connection state - All connections have succeeded since the previous period."
"14-08-2026 18:53:52","27","Information","Microsoft-Windows-UniversalTelemetryClient","Connection state - All connections have succeeded since the previous period."
"14-08-2026 18:52:26","27","Information","Microsoft-Windows-UniversalTelemetryClient","Connection state - All connections have succeeded since the previous period."
"14-08-2026 18:43:52","27","Information","Microsoft-Windows-UniversalTelemetryClient","Connection state - All connections have succeeded since the previous period."
"14-08-2026 18:39:39","22","Information","Microsoft-Windows-UniversalTelemetryClient","The daily upload quota for SENSE has crossed into a new tier."
"14-08-2026 18:38:52","27","Information","Microsoft-Windows-UniversalTelemetryClient","Connection state - All connections have succeeded since the previous period."
"14-08-2026 18:23:52","27","Information","Microsoft-Windows-UniversalTelemetryClient","Connection state - All connections have succeeded since the previous period."
"14-08-2026 18:22:26","27","Information","Microsoft-Windows-UniversalTelemetryClient","Connection state - All connections have succeeded since the previous period."
"14-08-2026 18:08:52","27","Information","Microsoft-Windows-UniversalTelemetryClient","Connection state - All connections have succeeded since the previous period."
"14-08-2026 18:03:52","27","Information","Microsoft-Windows-UniversalTelemetryClient","Connection state - All connections have succeeded since the previous period."
"14-08-2026 17:53:52","27","Information","Microsoft-Windows-UniversalTelemetryClient","Connection state - All connections have succeeded since the previous period."
"14-08-2026 17:52:26","27","Information","Microsoft-Windows-UniversalTelemetryClient","Connection state - All connections have succeeded since the previous period."
"14-08-2026 17:43:52","27","Information","Microsoft-Windows-UniversalTelemetryClient","Connection state - All connections have succeeded since the previous period."
"14-08-2026 17:38:52","27","Information","Microsoft-Windows-UniversalTelemetryClient","Connection state - All connections have succeeded since the previous period."
"14-08-2026 17:23:52","27","Information","Microsoft-Windows-UniversalTelemetryClient","Connection state - All connections have succeeded since the previous period."
"14-08-2026 17:22:26","27","Information","Microsoft-Windows-UniversalTelemetryClient","Connection state - All connections have succeeded since the previous period."
"14-08-2026 17:03:52","27","Information","Microsoft-Windows-UniversalTelemetryClient","Connection state - All connections have succeeded since the previous period."
"14-08-2026 16:53:52","27","Information","Microsoft-Windows-UniversalTelemetryClient","Connection state - All connections have succeeded since the previous period."
"14-08-2026 16:52:26","27","Information","Microsoft-Windows-UniversalTelemetryClient","Connection state - All connections have succeeded since the previous period."
"14-08-2026 16:43:52","27","Information","Microsoft-Windows-UniversalTelemetryClient","Connection state - All connections have succeeded since the previous period."
"14-08-2026 16:38:52","27","Information","Microsoft-Windows-UniversalTelemetryClient","Connection state - All connections have succeeded since the previous period."
"14-08-2026 16:27:52","27","Information","Microsoft-Windows-UniversalTelemetryClient","Connection state - All connections have succeeded since the previous period."
"14-08-2026 16:22:52","27","Information","Microsoft-Windows-UniversalTelemetryClient","Connection state - All connections have succeeded since the previous period."
"14-08-2026 16:22:26","27","Information","Microsoft-Windows-UniversalTelemetryClient","Connection state - All connections have succeeded since the previous period."
"14-08-2026 16:07:52","27","Information","Microsoft-Windows-UniversalTelemetryClient","Connection state - All connections have succeeded since the previous period."
"14-08-2026 16:05:19","1","Information","Microsoft-Windows-UniversalTelemetryClient","Tenant P-ARIA-5476d0c4a7a347909c4b8a13078d4390-f8bdcecf-243f-40f8-b7c3-b9c44a57dead-7230 has been registered for telemetry usage."
"14-08-2026 16:05:14","1","Information","Microsoft-Windows-UniversalTelemetryClient","Tenant P-ARIA-4bb4d6f7cafc4e9292f972dca2dcde42-bd019ee8-e59c-4b0f-a02c-84e72157a3ef-7485 has been registered for telemetry usage."
"14-08-2026 16:02:52","27","Information","Microsoft-Windows-UniversalTelemetryClient","Connection state - All connections have succeeded since the previous period."
"14-08-2026 15:57:52","27","Information","Microsoft-Windows-UniversalTelemetryClient","Connection state - All connections have succeeded since the previous period."
"14-08-2026 15:52:52","27","Information","Microsoft-Windows-UniversalTelemetryClient","Connection state - All connections have succeeded since the previous period."
"14-08-2026 15:52:26","27","Information","Microsoft-Windows-UniversalTelemetryClient","Connection state - All connections have succeeded since the previous period."
"14-08-2026 15:42:52","27","Information","Microsoft-Windows-UniversalTelemetryClient","Connection state - All connections have succeeded since the previous period."
"14-08-2026 15:37:52","27","Information","Microsoft-Windows-UniversalTelemetryClient","Connection state - All connections have succeeded since the previous period."
"14-08-2026 15:29:01","1","Information","Microsoft-Windows-UniversalTelemetryClient","Tenant P-ARIA-af397ef28e484961ba48646a5d38cf54-77418283-d6f6-4a90-b0c8-37e0f5e7b087-7425 has been registered for telemetry usage."
"14-08-2026 15:29:00","1","Information","Microsoft-Windows-UniversalTelemetryClient","Tenant P-ARIA-af397ef28e484961ba48646a5d38cf54-77418283-d6f6-4a90-b0c8-37e0f5e7b087-7425 has been registered for telemetry usage."
"14-08-2026 15:27:52","27","Information","Microsoft-Windows-UniversalTelemetryClient","Connection state - All connections have succeeded since the previous period."
"14-08-2026 15:22:52","22","Information","Microsoft-Windows-UniversalTelemetryClient","The daily upload quota for SENSE has crossed into a new tier."
"14-08-2026 15:22:52","27","Information","Microsoft-Windows-UniversalTelemetryClient","Connection state - All connections have succeeded since the previous period."
"14-08-2026 15:22:26","27","Information","Microsoft-Windows-UniversalTelemetryClient","Connection state - All connections have succeeded since the previous period."
"14-08-2026 15:02:52","27","Information","Microsoft-Windows-UniversalTelemetryClient","Connection state - All connections have succeeded since the previous period."
"14-08-2026 14:57:52","27","Information","Microsoft-Windows-UniversalTelemetryClient","Connection state - All connections have succeeded since the previous period."
"14-08-2026 14:52:26","27","Information","Microsoft-Windows-UniversalTelemetryClient","Connection state - All connections have succeeded since the previous period."
"14-08-2026 14:45:53","27","Information","Microsoft-Windows-UniversalTelemetryClient","Connection state - All connections have succeeded since the previous period."
"14-08-2026 14:42:52","27","Information","Microsoft-Windows-UniversalTelemetryClient","Connection state - All connections have succeeded since the previous period."
"14-08-2026 14:29:24","1","Information","Microsoft-Windows-UniversalTelemetryClient","Tenant P-ARIA-af397ef28e484961ba48646a5d38cf54-77418283-d6f6-4a90-b0c8-37e0f5e7b087-7425 has been registered for telemetry usage."
"14-08-2026 14:27:52","27","Information","Microsoft-Windows-UniversalTelemetryClient","Connection state - All connections have succeeded since the previous period."
"14-08-2026 14:22:26","27","Information","Microsoft-Windows-UniversalTelemetryClient","Connection state - All connections have succeeded since the previous period."
"14-08-2026 14:07:52","27","Information","Microsoft-Windows-UniversalTelemetryClient","Connection state - All connections have succeeded since the previous period."
"14-08-2026 14:02:52","27","Information","Microsoft-Windows-UniversalTelemetryClient","Connection state - All connections have succeeded since the previous period."
"14-08-2026 13:57:52","27","Information","Microsoft-Windows-UniversalTelemetryClient","Connection state - All connections have succeeded since the previous period."
"14-08-2026 13:52:52","27","Information","Microsoft-Windows-UniversalTelemetryClient","Connection state - All connections have succeeded since the previous period."
"14-08-2026 13:52:26","27","Information","Microsoft-Windows-UniversalTelemetryClient","Connection state - All connections have succeeded since the previous period."
"14-08-2026 13:42:51","27","Information","Microsoft-Windows-UniversalTelemetryClient","Connection state - All connections have succeeded since the previous period."
"14-08-2026 13:38:32","22","Information","Microsoft-Windows-UniversalTelemetryClient","The daily upload quota for SENSE has crossed into a new tier."
"14-08-2026 13:37:51","27","Information","Microsoft-Windows-UniversalTelemetryClient","Connection state - All connections have succeeded since the previous period."
"14-08-2026 13:34:33","1","Information","Microsoft-Windows-UniversalTelemetryClient","Tenant P-ARIA-7005b72804a64fa4b2138faab88f877b-14cf798a-05a4-4b7b-9d02-4d99259ebd4a-7553 has been registered for telemetry usage."
"14-08-2026 13:32:52","27","Information","Microsoft-Windows-UniversalTelemetryClient","Connection state - All connections have succeeded since the previous period."
"14-08-2026 13:32:31","1","Information","Microsoft-Windows-UniversalTelemetryClient","Tenant P-ARIA-6660cc65b74b4291b30536aea7ed6ead-5a228f6e-723e-4098-8ed2-3554f184fd67-7451 has been registered for telemetry usage."
"14-08-2026 13:27:51","27","Information","Microsoft-Windows-UniversalTelemetryClient","Connection state - All connections have succeeded since the previous period."
"14-08-2026 13:27:08","61","Information","Microsoft-Windows-UniversalTelemetryClient","Is the Battery Saver state enabled: false"
"14-08-2026 13:23:59","22","Information","Microsoft-Windows-UniversalTelemetryClient","The daily upload quota for SENSE has crossed into a new tier."
"14-08-2026 13:22:52","29","Error","Microsoft-Windows-UniversalTelemetryClient","Connection state - Some connections have failed since the previous period."
"14-08-2026 13:22:37","55","Information","Microsoft-Windows-UniversalTelemetryClient","Is the Internet available: true"
"14-08-2026 13:22:37","56","Information","Microsoft-Windows-UniversalTelemetryClient","Is a free network available: true"
"14-08-2026 13:22:37","56","Information","Microsoft-Windows-UniversalTelemetryClient","Is a free network available: true"
"14-08-2026 13:22:37","55","Information","Microsoft-Windows-UniversalTelemetryClient","Is the Internet available: true"
"14-08-2026 13:22:36","55","Information","Microsoft-Windows-UniversalTelemetryClient","Is the Internet available: true"
"14-08-2026 13:22:36","56","Information","Microsoft-Windows-UniversalTelemetryClient","Is a free network available: false"
"14-08-2026 13:22:29","55","Information","Microsoft-Windows-UniversalTelemetryClient","Is the Internet available: true"
"14-08-2026 13:22:29","56","Information","Microsoft-Windows-UniversalTelemetryClient","Is a free network available: false"
"14-08-2026 13:22:29","61","Information","Microsoft-Windows-UniversalTelemetryClient","Is the Battery Saver state enabled: false"
"14-08-2026 13:22:29","56","Information","Microsoft-Windows-UniversalTelemetryClient","Is a free network available: false"
"14-08-2026 13:22:29","55","Information","Microsoft-Windows-UniversalTelemetryClient","Is the Internet available: false"
"14-08-2026 13:22:27","60","Information","Microsoft-Windows-UniversalTelemetryClient","Is device on battery power: false"
"14-08-2026 13:22:27","61","Information","Microsoft-Windows-UniversalTelemetryClient","Is the Battery Saver state enabled: false"
"14-08-2026 13:22:27","60","Information","Microsoft-Windows-UniversalTelemetryClient","Is device on battery power: false"
"14-08-2026 13:22:27","28","Warning","Microsoft-Windows-UniversalTelemetryClient","Connection state - Some connections have failed since the previous period."
"14-08-2026 04:14:21","55","Information","Microsoft-Windows-UniversalTelemetryClient","Is the Internet available: true"
"14-08-2026 04:14:21","56","Information","Microsoft-Windows-UniversalTelemetryClient","Is a free network available: true"
"14-08-2026 04:14:21","56","Information","Microsoft-Windows-UniversalTelemetryClient","Is a free network available: true"
"14-08-2026 04:14:21","55","Information","Microsoft-Windows-UniversalTelemetryClient","Is the Internet available: true"
"14-08-2026 04:14:19","55","Information","Microsoft-Windows-UniversalTelemetryClient","Is the Internet available: true"
"14-08-2026 04:14:19","56","Information","Microsoft-Windows-UniversalTelemetryClient","Is a free network available: false"
"14-08-2026 04:14:16","61","Information","Microsoft-Windows-UniversalTelemetryClient","Is the Battery Saver state enabled: false"
"14-08-2026 04:14:16","60","Information","Microsoft-Windows-UniversalTelemetryClient","Is device on battery power: true"
"14-08-2026 04:14:16","61","Information","Microsoft-Windows-UniversalTelemetryClient","Is the Battery Saver state enabled: false"
"14-08-2026 04:14:16","62","Information","Microsoft-Windows-UniversalTelemetryClient","Is the device in connected standby: false"
"13-08-2026 19:09:56","61","Information","Microsoft-Windows-UniversalTelemetryClient","Is the Battery Saver state enabled: false"
"13-08-2026 19:09:56","60","Information","Microsoft-Windows-UniversalTelemetryClient","Is device on battery power: true"
"13-08-2026 19:09:56","61","Information","Microsoft-Windows-UniversalTelemetryClient","Is the Battery Saver state enabled: false"
"13-08-2026 19:09:56","62","Information","Microsoft-Windows-UniversalTelemetryClient","Is the device in connected standby: true"
"13-08-2026 19:09:51","61","Information","Microsoft-Windows-UniversalTelemetryClient","Is the Battery Saver state enabled: false"
"13-08-2026 19:09:51","61","Information","Microsoft-Windows-UniversalTelemetryClient","Is the Battery Saver state enabled: false"
"13-08-2026 19:09:51","62","Information","Microsoft-Windows-UniversalTelemetryClient","Is the device in connected standby: false"
"13-08-2026 19:09:51","61","Information","Microsoft-Windows-UniversalTelemetryClient","Is the Battery Saver state enabled: false"
"13-08-2026 19:09:51","60","Information","Microsoft-Windows-UniversalTelemetryClient","Is device on battery power: true"
"13-08-2026 19:09:51","61","Information","Microsoft-Windows-UniversalTelemetryClient","Is the Battery Saver state enabled: false"
"13-08-2026 19:09:51","60","Information","Microsoft-Windows-UniversalTelemetryClient","Is device on battery power: true"
"13-08-2026 18:43:33","27","Information","Microsoft-Windows-UniversalTelemetryClient","Connection state - All connections have succeeded since the previous period."
"13-08-2026 18:37:10","61","Information","Microsoft-Windows-UniversalTelemetryClient","Is the Battery Saver state enabled: true"
"13-08-2026 18:37:10","61","Information","Microsoft-Windows-UniversalTelemetryClient","Is the Battery Saver state enabled: true"
"13-08-2026 18:37:10","61","Information","Microsoft-Windows-UniversalTelemetryClient","Is the Battery Saver state enabled: true"
"13-08-2026 18:37:10","60","Information","Microsoft-Windows-UniversalTelemetryClient","Is device on battery power: true"
"13-08-2026 18:37:10","61","Information","Microsoft-Windows-UniversalTelemetryClient","Is the Battery Saver state enabled: true"
"13-08-2026 18:37:10","60","Information","Microsoft-Windows-UniversalTelemetryClient","Is device on battery power: true"
"13-08-2026 18:37:10","62","Information","Microsoft-Windows-UniversalTelemetryClient","Is the device in connected standby: true"
"13-08-2026 18:37:05","61","Information","Microsoft-Windows-UniversalTelemetryClient","Is the Battery Saver state enabled: false"
"13-08-2026 18:37:05","61","Information","Microsoft-Windows-UniversalTelemetryClient","Is the Battery Saver state enabled: false"
"13-08-2026 18:37:05","61","Information","Microsoft-Windows-UniversalTelemetryClient","Is the Battery Saver state enabled: false"
"13-08-2026 18:37:05","60","Information","Microsoft-Windows-UniversalTelemetryClient","Is device on battery power: true"
"13-08-2026 18:37:05","61","Information","Microsoft-Windows-UniversalTelemetryClient","Is the Battery Saver state enabled: false"
"13-08-2026 18:37:05","60","Information","Microsoft-Windows-UniversalTelemetryClient","Is device on battery power: true"
"13-08-2026 18:37:05","62","Information","Microsoft-Windows-UniversalTelemetryClient","Is the device in connected standby: false"
"13-08-2026 18:37:04","55","Information","Microsoft-Windows-UniversalTelemetryClient","Is the Internet available: true"
"13-08-2026 18:37:04","56","Information","Microsoft-Windows-UniversalTelemetryClient","Is a free network available: false"
"13-08-2026 18:37:04","56","Information","Microsoft-Windows-UniversalTelemetryClient","Is a free network available: false"
"13-08-2026 18:37:04","55","Information","Microsoft-Windows-UniversalTelemetryClient","Is the Internet available: false"
"13-08-2026 18:36:58","61","Information","Microsoft-Windows-UniversalTelemetryClient","Is the Battery Saver state enabled: true"
"13-08-2026 18:36:58","61","Information","Microsoft-Windows-UniversalTelemetryClient","Is the Battery Saver state enabled: true"
"13-08-2026 18:36:58","61","Information","Microsoft-Windows-UniversalTelemetryClient","Is the Battery Saver state enabled: true"
"13-08-2026 18:36:58","60","Information","Microsoft-Windows-UniversalTelemetryClient","Is device on battery power: true"
"13-08-2026 18:36:58","61","Information","Microsoft-Windows-UniversalTelemetryClient","Is the Battery Saver state enabled: true"
"13-08-2026 18:36:58","60","Information","Microsoft-Windows-UniversalTelemetryClient","Is device on battery power: true"
"13-08-2026 18:36:58","62","Information","Microsoft-Windows-UniversalTelemetryClient","Is the device in connected standby: true"
"13-08-2026 18:36:53","61","Information","Microsoft-Windows-UniversalTelemetryClient","Is the Battery Saver state enabled: false"
"13-08-2026 18:36:53","60","Information","Microsoft-Windows-UniversalTelemetryClient","Is device on battery power: true"
"13-08-2026 18:36:53","62","Information","Microsoft-Windows-UniversalTelemetryClient","Is the device in connected standby: false"
"13-08-2026 18:36:53","61","Information","Microsoft-Windows-UniversalTelemetryClient","Is the Battery Saver state enabled: false"
"13-08-2026 18:36:53","60","Information","Microsoft-Windows-UniversalTelemetryClient","Is device on battery power: true"
"13-08-2026 18:36:53","61","Information","Microsoft-Windows-UniversalTelemetryClient","Is the Battery Saver state enabled: false"
"13-08-2026 18:36:53","60","Information","Microsoft-Windows-UniversalTelemetryClient","Is device on battery power: true"
"13-08-2026 18:36:48","61","Information","Microsoft-Windows-UniversalTelemetryClient","Is the Battery Saver state enabled: false"
"13-08-2026 18:36:48","60","Information","Microsoft-Windows-UniversalTelemetryClient","Is device on battery power: false"
"13-08-2026 18:36:48","62","Information","Microsoft-Windows-UniversalTelemetryClient","Is the device in connected standby: true"
"13-08-2026 18:33:35","27","Information","Microsoft-Windows-UniversalTelemetryClient","Connection state - All connections have succeeded since the previous period."
"13-08-2026 18:30:34","27","Information","Microsoft-Windows-UniversalTelemetryClient","Connection state - All connections have succeeded since the previous period."
"13-08-2026 18:25:34","27","Information","Microsoft-Windows-UniversalTelemetryClient","Connection state - All connections have succeeded since the previous period."
"13-08-2026 18:13:33","27","Information","Microsoft-Windows-UniversalTelemetryClient","Connection state - All connections have succeeded since the previous period."
"13-08-2026 18:10:34","27","Information","Microsoft-Windows-UniversalTelemetryClient","Connection state - All connections have succeeded since the previous period."
"13-08-2026 18:00:34","27","Information","Microsoft-Windows-UniversalTelemetryClient","Connection state - All connections have succeeded since the previous period."
"13-08-2026 17:45:34","27","Information","Microsoft-Windows-UniversalTelemetryClient","Connection state - All connections have succeeded since the previous period."
"13-08-2026 17:43:33","27","Information","Microsoft-Windows-UniversalTelemetryClient","Connection state - All connections have succeeded since the previous period."
"13-08-2026 17:33:00","1","Information","Microsoft-Windows-UniversalTelemetryClient","Tenant P-ARIA-7005b72804a64fa4b2138faab88f877b-14cf798a-05a4-4b7b-9d02-4d99259ebd4a-7553 has been registered for telemetry usage."
"13-08-2026 17:30:34","27","Information","Microsoft-Windows-UniversalTelemetryClient","Connection state - All connections have succeeded since the previous period."
"13-08-2026 17:20:34","27","Information","Microsoft-Windows-UniversalTelemetryClient","Connection state - All connections have succeeded since the previous period."
"13-08-2026 17:15:34","27","Information","Microsoft-Windows-UniversalTelemetryClient","Connection state - All connections have succeeded since the previous period."
"13-08-2026 17:13:33","27","Information","Microsoft-Windows-UniversalTelemetryClient","Connection state - All connections have succeeded since the previous period."
"13-08-2026 17:00:34","27","Information","Microsoft-Windows-UniversalTelemetryClient","Connection state - All connections have succeeded since the previous period."
"13-08-2026 16:55:34","27","Information","Microsoft-Windows-UniversalTelemetryClient","Connection state - All connections have succeeded since the previous period."
"13-08-2026 16:43:32","27","Information","Microsoft-Windows-UniversalTelemetryClient","Connection state - All connections have succeeded since the previous period."
"13-08-2026 16:39:34","27","Information","Microsoft-Windows-UniversalTelemetryClient","Connection state - All connections have succeeded since the previous period."
"13-08-2026 16:35:25","22","Information","Microsoft-Windows-UniversalTelemetryClient","The daily upload quota for SENSE has crossed into a new tier."
"13-08-2026 16:33:35","27","Information","Microsoft-Windows-UniversalTelemetryClient","Connection state - All connections have succeeded since the previous period."
"13-08-2026 16:19:34","27","Information","Microsoft-Windows-UniversalTelemetryClient","Connection state - All connections have succeeded since the previous period."
"13-08-2026 16:13:32","27","Information","Microsoft-Windows-UniversalTelemetryClient","Connection state - All connections have succeeded since the previous period."
"13-08-2026 16:03:35","27","Information","Microsoft-Windows-UniversalTelemetryClient","Connection state - All connections have succeeded since the previous period."
"13-08-2026 15:59:34","27","Information","Microsoft-Windows-UniversalTelemetryClient","Connection state - All connections have succeeded since the previous period."
"13-08-2026 15:43:32","27","Information","Microsoft-Windows-UniversalTelemetryClient","Connection state - All connections have succeeded since the previous period."
"13-08-2026 15:39:34","27","Information","Microsoft-Windows-UniversalTelemetryClient","Connection state - All connections have succeeded since the previous period."
"13-08-2026 15:33:35","27","Information","Microsoft-Windows-UniversalTelemetryClient","Connection state - All connections have succeeded since the previous period."
"13-08-2026 15:29:34","27","Information","Microsoft-Windows-UniversalTelemetryClient","Connection state - All connections have succeeded since the previous period."
"13-08-2026 15:19:34","27","Information","Microsoft-Windows-UniversalTelemetryClient","Connection state - All connections have succeeded since the previous period."
"13-08-2026 15:13:32","27","Information","Microsoft-Windows-UniversalTelemetryClient","Connection state - All connections have succeeded since the previous period."
"13-08-2026 15:03:35","27","Information","Microsoft-Windows-UniversalTelemetryClient","Connection state - All connections have succeeded since the previous period."
"13-08-2026 14:44:33","27","Information","Microsoft-Windows-UniversalTelemetryClient","Connection state - All connections have succeeded since the previous period."
"13-08-2026 14:43:32","27","Information","Microsoft-Windows-UniversalTelemetryClient","Connection state - All connections have succeeded since the previous period."
"13-08-2026 14:33:35","27","Information","Microsoft-Windows-UniversalTelemetryClient","Connection state - All connections have succeeded since the previous period."
"13-08-2026 14:24:33","27","Information","Microsoft-Windows-UniversalTelemetryClient","Connection state - All connections have succeeded since the previous period."
"13-08-2026 14:15:08","22","Information","Microsoft-Windows-UniversalTelemetryClient","The daily upload quota for SENSE has crossed into a new tier."
"13-08-2026 14:13:32","27","Information","Microsoft-Windows-UniversalTelemetryClient","Connection state - All connections have succeeded since the previous period."
"13-08-2026 14:09:33","27","Information","Microsoft-Windows-UniversalTelemetryClient","Connection state - All connections have succeeded since the previous period."
"13-08-2026 14:03:35","27","Information","Microsoft-Windows-UniversalTelemetryClient","Connection state - All connections have succeeded since the previous period."
"13-08-2026 13:54:33","27","Information","Microsoft-Windows-UniversalTelemetryClient","Connection state - All connections have succeeded since the previous period."
"13-08-2026 13:49:33","27","Information","Microsoft-Windows-UniversalTelemetryClient","Connection state - All connections have succeeded since the previous period."
"13-08-2026 13:43:32","27","Information","Microsoft-Windows-UniversalTelemetryClient","Connection state - All connections have succeeded since the previous period."
"13-08-2026 13:34:33","27","Information","Microsoft-Windows-UniversalTelemetryClient","Connection state - All connections have succeeded since the previous period."
"13-08-2026 13:33:35","27","Information","Microsoft-Windows-UniversalTelemetryClient","Connection state - All connections have succeeded since the previous period."
"13-08-2026 13:19:33","27","Information","Microsoft-Windows-UniversalTelemetryClient","Connection state - All connections have succeeded since the previous period."
"13-08-2026 13:13:32","27","Information","Microsoft-Windows-UniversalTelemetryClient","Connection state - All connections have succeeded since the previous period."
"13-08-2026 12:59:33","27","Information","Microsoft-Windows-UniversalTelemetryClient","Connection state - All connections have succeeded since the previous period."
"13-08-2026 12:46:41","1","Information","Microsoft-Windows-UniversalTelemetryClient","Tenant P-ARIA-af397ef28e484961ba48646a5d38cf54-77418283-d6f6-4a90-b0c8-37e0f5e7b087-7425 has been registered for telemetry usage."
"13-08-2026 12:44:33","27","Information","Microsoft-Windows-UniversalTelemetryClient","Connection state - All connections have succeeded since the previous period."
"13-08-2026 12:43:32","27","Information","Microsoft-Windows-UniversalTelemetryClient","Connection state - All connections have succeeded since the previous period."
"13-08-2026 12:33:34","27","Information","Microsoft-Windows-UniversalTelemetryClient","Connection state - All connections have succeeded since the previous period."
"13-08-2026 12:29:33","27","Information","Microsoft-Windows-UniversalTelemetryClient","Connection state - All connections have succeeded since the previous period."
"13-08-2026 12:29:23","61","Information","Microsoft-Windows-UniversalTelemetryClient","Is the Battery Saver state enabled: false"
