"18-08-2026 16:04:06","2010","Information","Microsoft-Windows-StorageManagement-WSP-Spaces","The Windows Storage Spaces and Disk provider was loaded.             
Load time (milliseconds): 16             
Miresult: 0"
"18-08-2026 16:04:06","2023","Information","Microsoft-Windows-StorageManagement-WSP-Spaces","Successfully initialized the Storage Management Provider.             
Function: CSpProvider::Initialize             
Duration (milliseconds): 10"
"18-08-2026 16:04:06","2027","Information","Microsoft-Windows-StorageManagement-WSP-Spaces","Successfully initialized Extended Storage Spaces API.             
Function: SuInitializeEx             
Duration (milliseconds): 0"
"18-08-2026 16:04:06","8","Information","Microsoft-Windows-StorageManagement","The Windows Storage Management WMI Provider was loaded.                    
Load time (milliseconds): 0"
"18-08-2026 15:49:07","1003","Information","Microsoft-Windows-StorageManagement-WSP-Host","Shutdown for the Windows Storage Provider host service has been completed."
"18-08-2026 15:49:07","2025","Information","Microsoft-Windows-StorageManagement-WSP-Spaces","Successfully cleaned up the Storage Management Provider.             
Function: CSpProvider::Cleanup             
Duration (milliseconds): 4"
"18-08-2026 15:49:07","2029","Information","Microsoft-Windows-StorageManagement-WSP-Spaces","Successfully cleaned up Extended Storage Spaces API.             
Function: SuCleanupEx             
Duration (milliseconds): 0"
"18-08-2026 15:49:06","9","Information","Microsoft-Windows-StorageManagement","A Windows Storage Management WMI enumeration operation was performed.                   
Class: MSFT_PhysicalDisk                   
ResultCount: 0                   
Operation time (milliseconds): 47"
"18-08-2026 15:49:06","2007","Error","Microsoft-Windows-StorageManagement-WSP-Spaces","An error occurred during object enumeration.             
Class: SPACES_PhysicalDisk             
Error Code: 28"
"18-08-2026 15:49:06","1002","Information","Microsoft-Windows-StorageManagement-WSP-Host","Shutdown has been initiated for the Windows Storage Provider host service."
"18-08-2026 15:49:06","8","Information","Microsoft-Windows-StorageManagement","The Windows Storage Management WMI Provider was loaded.                    
Load time (milliseconds): 0"
"18-08-2026 15:34:06","9","Information","Microsoft-Windows-StorageManagement","A Windows Storage Management WMI enumeration operation was performed.                   
Class: MSFT_PhysicalDisk                   
ResultCount: 1                   
Operation time (milliseconds): 63"
"18-08-2026 15:34:06","8","Information","Microsoft-Windows-StorageManagement","The Windows Storage Management WMI Provider was loaded.                    
Load time (milliseconds): 0"
"18-08-2026 15:19:07","9","Information","Microsoft-Windows-StorageManagement","A Windows Storage Management WMI enumeration operation was performed.                   
Class: MSFT_PhysicalDisk                   
ResultCount: 1                   
Operation time (milliseconds): 79"
"18-08-2026 15:19:07","7","Information","Microsoft-Windows-StorageManagement","The Windows Storage Provider host service was started successfully.                    
Start time (milliseconds): 125"
"18-08-2026 15:19:07","1001","Information","Microsoft-Windows-StorageManagement-WSP-Host","A Windows Storage Provider was loaded successfully.             
Provider: wsp_health             
Provider DLL: wsp_health.dll"
"18-08-2026 15:19:06","1001","Information","Microsoft-Windows-StorageManagement-WSP-Host","A Windows Storage Provider was loaded successfully.             
Provider: wsp_sr             
Provider DLL: wsp_sr.dll"
"18-08-2026 15:19:06","1001","Information","Microsoft-Windows-StorageManagement-WSP-Host","A Windows Storage Provider was loaded successfully.             
Provider: wsp_fs             
Provider DLL: wsp_fs.dll"
"18-08-2026 15:19:06","1001","Information","Microsoft-Windows-StorageManagement-WSP-Host","A Windows Storage Provider was loaded successfully.             
Provider: MISpace             
Provider DLL: mispace.dll"
"18-08-2026 15:19:06","2010","Information","Microsoft-Windows-StorageManagement-WSP-Spaces","The Windows Storage Spaces and Disk provider was loaded.             
Load time (milliseconds): 16             
Miresult: 0"
"18-08-2026 15:19:06","2023","Information","Microsoft-Windows-StorageManagement-WSP-Spaces","Successfully initialized the Storage Management Provider.             
Function: CSpProvider::Initialize             
Duration (milliseconds): 7"
"18-08-2026 15:19:06","2027","Information","Microsoft-Windows-StorageManagement-WSP-Spaces","Successfully initialized Extended Storage Spaces API.             
Function: SuInitializeEx             
Duration (milliseconds): 0"
"18-08-2026 15:19:06","8","Information","Microsoft-Windows-StorageManagement","The Windows Storage Management WMI Provider was loaded.                    
Load time (milliseconds): 0"
"18-08-2026 15:04:07","1003","Information","Microsoft-Windows-StorageManagement-WSP-Host","Shutdown for the Windows Storage Provider host service has been completed."
"18-08-2026 15:04:07","2025","Information","Microsoft-Windows-StorageManagement-WSP-Spaces","Successfully cleaned up the Storage Management Provider.             
Function: CSpProvider::Cleanup             
Duration (milliseconds): 4"
"18-08-2026 15:04:07","2029","Information","Microsoft-Windows-StorageManagement-WSP-Spaces","Successfully cleaned up Extended Storage Spaces API.             
Function: SuCleanupEx             
Duration (milliseconds): 0"
"18-08-2026 15:04:06","9","Information","Microsoft-Windows-StorageManagement","A Windows Storage Management WMI enumeration operation was performed.                   
Class: MSFT_PhysicalDisk                   
ResultCount: 0                   
Operation time (milliseconds): 47"
"18-08-2026 15:04:06","2007","Error","Microsoft-Windows-StorageManagement-WSP-Spaces","An error occurred during object enumeration.             
Class: SPACES_PhysicalDisk             
Error Code: 28"
"18-08-2026 15:04:06","1002","Information","Microsoft-Windows-StorageManagement-WSP-Host","Shutdown has been initiated for the Windows Storage Provider host service."
"18-08-2026 15:04:06","8","Information","Microsoft-Windows-StorageManagement","The Windows Storage Management WMI Provider was loaded.                    
Load time (milliseconds): 0"
"18-08-2026 14:49:06","9","Information","Microsoft-Windows-StorageManagement","A Windows Storage Management WMI enumeration operation was performed.                   
Class: MSFT_PhysicalDisk                   
ResultCount: 1                   
Operation time (milliseconds): 78"
"18-08-2026 14:49:06","8","Information","Microsoft-Windows-StorageManagement","The Windows Storage Management WMI Provider was loaded.                    
Load time (milliseconds): 0"
"18-08-2026 14:35:01","9","Information","Microsoft-Windows-StorageManagement","A Windows Storage Management WMI enumeration operation was performed.                   
Class: MSFT_Partition                   
ResultCount: 4                   
Operation time (milliseconds): 47"
"18-08-2026 14:34:07","9","Information","Microsoft-Windows-StorageManagement","A Windows Storage Management WMI enumeration operation was performed.                   
Class: MSFT_PhysicalDisk                   
ResultCount: 1                   
Operation time (milliseconds): 109"
"18-08-2026 14:33:59","9","Information","Microsoft-Windows-StorageManagement","A Windows Storage Management WMI enumeration operation was performed.                   
Class: MSFT_PhysicalDisk                   
ResultCount: 1                   
Operation time (milliseconds): 235"
"18-08-2026 14:33:58","8","Information","Microsoft-Windows-StorageManagement","The Windows Storage Management WMI Provider was loaded.                    
Load time (milliseconds): 0"
"18-08-2026 14:33:45","10","Information","Microsoft-Windows-StorageManagement","A Windows Storage Management WMI get instance operation was performed.                   
Class: WSP_Volume                   
Operation time (milliseconds): 47"
"18-08-2026 14:33:45","10","Information","Microsoft-Windows-StorageManagement","A Windows Storage Management WMI get instance operation was performed.                   
Class: WSP_Partition                   
Operation time (milliseconds): 46"
"18-08-2026 14:33:45","10","Information","Microsoft-Windows-StorageManagement","A Windows Storage Management WMI get instance operation was performed.                   
Class: WSP_Partition                   
Operation time (milliseconds): 31"
"18-08-2026 14:33:45","10","Information","Microsoft-Windows-StorageManagement","A Windows Storage Management WMI get instance operation was performed.                   
Class: WSP_Partition                   
Operation time (milliseconds): 15"
"18-08-2026 14:33:45","9","Information","Microsoft-Windows-StorageManagement","A Windows Storage Management WMI enumeration operation was performed.                   
Class: MSFT_PartitionToVolume                   
ResultCount: 3                   
Operation time (milliseconds): 141"
"18-08-2026 14:33:45","10","Information","Microsoft-Windows-StorageManagement","A Windows Storage Management WMI get instance operation was performed.                   
Class: WSP_Volume                   
Operation time (milliseconds): 78"
"18-08-2026 14:33:45","10","Information","Microsoft-Windows-StorageManagement","A Windows Storage Management WMI get instance operation was performed.                   
Class: WSP_Partition                   
Operation time (milliseconds): 32"
"18-08-2026 14:33:45","10","Information","Microsoft-Windows-StorageManagement","A Windows Storage Management WMI get instance operation was performed.                   
Class: WSP_Partition                   
Operation time (milliseconds): 16"
"18-08-2026 14:33:45","10","Information","Microsoft-Windows-StorageManagement","A Windows Storage Management WMI get instance operation was performed.                   
Class: WSP_Partition                   
Operation time (milliseconds): 31"
"18-08-2026 14:33:45","9","Information","Microsoft-Windows-StorageManagement","A Windows Storage Management WMI enumeration operation was performed.                   
Class: MSFT_PartitionToVolume                   
ResultCount: 3                   
Operation time (milliseconds): 125"
"18-08-2026 14:33:44","9","Information","Microsoft-Windows-StorageManagement","A Windows Storage Management WMI enumeration operation was performed.                   
Class: MSFT_Partition                   
ResultCount: 4                   
Operation time (milliseconds): 125"
"18-08-2026 14:33:44","10","Information","Microsoft-Windows-StorageManagement","A Windows Storage Management WMI get instance operation was performed.                   
Class: WSP_Partition                   
Operation time (milliseconds): 47"
"18-08-2026 14:33:44","10","Information","Microsoft-Windows-StorageManagement","A Windows Storage Management WMI get instance operation was performed.                   
Class: WSP_Partition                   
Operation time (milliseconds): 47"
"18-08-2026 14:33:44","10","Information","Microsoft-Windows-StorageManagement","A Windows Storage Management WMI get instance operation was performed.                   
Class: WSP_Partition                   
Operation time (milliseconds): 141"
"18-08-2026 14:33:44","9","Information","Microsoft-Windows-StorageManagement","A Windows Storage Management WMI enumeration operation was performed.                   
Class: MSFT_PartitionToVolume                   
ResultCount: 3                   
Operation time (milliseconds): 797"
"18-08-2026 14:33:43","8","Information","Microsoft-Windows-StorageManagement","The Windows Storage Management WMI Provider was loaded.                    
Load time (milliseconds): 0"
"18-08-2026 14:32:07","9","Information","Microsoft-Windows-StorageManagement","A Windows Storage Management WMI enumeration operation was performed.                   
Class: MSFT_PhysicalDisk                   
ResultCount: 1                   
Operation time (milliseconds): 47"
"18-08-2026 14:32:07","7","Information","Microsoft-Windows-StorageManagement","The Windows Storage Provider host service was started successfully.                    
Start time (milliseconds): 250"
"18-08-2026 14:32:07","1001","Information","Microsoft-Windows-StorageManagement-WSP-Host","A Windows Storage Provider was loaded successfully.             
Provider: wsp_health             
Provider DLL: wsp_health.dll"
"18-08-2026 14:32:07","1001","Information","Microsoft-Windows-StorageManagement-WSP-Host","A Windows Storage Provider was loaded successfully.             
Provider: wsp_sr             
Provider DLL: wsp_sr.dll"
"18-08-2026 14:32:07","1001","Information","Microsoft-Windows-StorageManagement-WSP-Host","A Windows Storage Provider was loaded successfully.             
Provider: wsp_fs             
Provider DLL: wsp_fs.dll"
"18-08-2026 14:32:07","1001","Information","Microsoft-Windows-StorageManagement-WSP-Host","A Windows Storage Provider was loaded successfully.             
Provider: MISpace             
Provider DLL: mispace.dll"
"18-08-2026 14:32:07","2010","Information","Microsoft-Windows-StorageManagement-WSP-Spaces","The Windows Storage Spaces and Disk provider was loaded.             
Load time (milliseconds): 0             
Miresult: 0"
"18-08-2026 14:32:07","2023","Information","Microsoft-Windows-StorageManagement-WSP-Spaces","Successfully initialized the Storage Management Provider.             
Function: CSpProvider::Initialize             
Duration (milliseconds): 11"
"18-08-2026 14:32:07","2027","Information","Microsoft-Windows-StorageManagement-WSP-Spaces","Successfully initialized Extended Storage Spaces API.             
Function: SuInitializeEx             
Duration (milliseconds): 1"
"18-08-2026 14:32:07","8","Information","Microsoft-Windows-StorageManagement","The Windows Storage Management WMI Provider was loaded.                    
Load time (milliseconds): 0"
"18-08-2026 14:07:48","9","Information","Microsoft-Windows-StorageManagement","A Windows Storage Management WMI enumeration operation was performed.                   
Class: MSFT_PhysicalDisk                   
ResultCount: 1                   
Operation time (milliseconds): 62"
"18-08-2026 14:07:48","8","Information","Microsoft-Windows-StorageManagement","The Windows Storage Management WMI Provider was loaded.                    
Load time (milliseconds): 0"
"18-08-2026 13:52:48","9","Information","Microsoft-Windows-StorageManagement","A Windows Storage Management WMI enumeration operation was performed.                   
Class: MSFT_PhysicalDisk                   
ResultCount: 1                   
Operation time (milliseconds): 47"
"18-08-2026 13:52:48","7","Information","Microsoft-Windows-StorageManagement","The Windows Storage Provider host service was started successfully.                    
Start time (milliseconds): 172"
"18-08-2026 13:52:48","1001","Information","Microsoft-Windows-StorageManagement-WSP-Host","A Windows Storage Provider was loaded successfully.             
Provider: wsp_health             
Provider DLL: wsp_health.dll"
"18-08-2026 13:52:48","1001","Information","Microsoft-Windows-StorageManagement-WSP-Host","A Windows Storage Provider was loaded successfully.             
Provider: wsp_sr             
Provider DLL: wsp_sr.dll"
"18-08-2026 13:52:48","1001","Information","Microsoft-Windows-StorageManagement-WSP-Host","A Windows Storage Provider was loaded successfully.             
Provider: wsp_fs             
Provider DLL: wsp_fs.dll"
"18-08-2026 13:52:48","1001","Information","Microsoft-Windows-StorageManagement-WSP-Host","A Windows Storage Provider was loaded successfully.             
Provider: MISpace             
Provider DLL: mispace.dll"
"18-08-2026 13:52:48","2010","Information","Microsoft-Windows-StorageManagement-WSP-Spaces","The Windows Storage Spaces and Disk provider was loaded.             
Load time (milliseconds): 0             
Miresult: 0"
"18-08-2026 13:52:48","2023","Information","Microsoft-Windows-StorageManagement-WSP-Spaces","Successfully initialized the Storage Management Provider.             
Function: CSpProvider::Initialize             
Duration (milliseconds): 4"
"18-08-2026 13:52:48","2027","Information","Microsoft-Windows-StorageManagement-WSP-Spaces","Successfully initialized Extended Storage Spaces API.             
Function: SuInitializeEx             
Duration (milliseconds): 0"
"18-08-2026 13:52:48","8","Information","Microsoft-Windows-StorageManagement","The Windows Storage Management WMI Provider was loaded.                    
Load time (milliseconds): 0"
"18-08-2026 13:37:48","1003","Information","Microsoft-Windows-StorageManagement-WSP-Host","Shutdown for the Windows Storage Provider host service has been completed."
"18-08-2026 13:37:48","2025","Information","Microsoft-Windows-StorageManagement-WSP-Spaces","Successfully cleaned up the Storage Management Provider.             
Function: CSpProvider::Cleanup             
Duration (milliseconds): 1"
"18-08-2026 13:37:48","2029","Information","Microsoft-Windows-StorageManagement-WSP-Spaces","Successfully cleaned up Extended Storage Spaces API.             
Function: SuCleanupEx             
Duration (milliseconds): 0"
"18-08-2026 13:37:48","9","Information","Microsoft-Windows-StorageManagement","A Windows Storage Management WMI enumeration operation was performed.                   
Class: MSFT_PhysicalDisk                   
ResultCount: 0                   
Operation time (milliseconds): 46"
"18-08-2026 13:37:48","2007","Error","Microsoft-Windows-StorageManagement-WSP-Spaces","An error occurred during object enumeration.             
Class: SPACES_PhysicalDisk             
Error Code: 28"
"18-08-2026 13:37:48","1002","Information","Microsoft-Windows-StorageManagement-WSP-Host","Shutdown has been initiated for the Windows Storage Provider host service."
"18-08-2026 13:37:48","8","Information","Microsoft-Windows-StorageManagement","The Windows Storage Management WMI Provider was loaded.                    
Load time (milliseconds): 0"
"18-08-2026 13:22:48","9","Information","Microsoft-Windows-StorageManagement","A Windows Storage Management WMI enumeration operation was performed.                   
Class: MSFT_PhysicalDisk                   
ResultCount: 1                   
Operation time (milliseconds): 47"
"18-08-2026 13:22:48","8","Information","Microsoft-Windows-StorageManagement","The Windows Storage Management WMI Provider was loaded.                    
Load time (milliseconds): 0"
"18-08-2026 13:13:14","9","Information","Microsoft-Windows-StorageManagement","A Windows Storage Management WMI enumeration operation was performed.                   
Class: MSFT_Partition                   
ResultCount: 4                   
Operation time (milliseconds): 78"
"18-08-2026 13:13:14","8","Information","Microsoft-Windows-StorageManagement","The Windows Storage Management WMI Provider was loaded.                    
Load time (milliseconds): 0"
"18-08-2026 13:02:14","9","Information","Microsoft-Windows-StorageManagement","A Windows Storage Management WMI enumeration operation was performed.                   
Class: MSFT_PhysicalDisk                   
ResultCount: 1                   
Operation time (milliseconds): 62"
"18-08-2026 13:02:14","8","Information","Microsoft-Windows-StorageManagement","The Windows Storage Management WMI Provider was loaded.                    
Load time (milliseconds): 0"
"18-08-2026 12:47:14","9","Information","Microsoft-Windows-StorageManagement","A Windows Storage Management WMI enumeration operation was performed.                   
Class: MSFT_PhysicalDisk                   
ResultCount: 1                   
Operation time (milliseconds): 62"
"18-08-2026 12:47:14","8","Information","Microsoft-Windows-StorageManagement","The Windows Storage Management WMI Provider was loaded.                    
Load time (milliseconds): 0"
"18-08-2026 12:32:14","9","Information","Microsoft-Windows-StorageManagement","A Windows Storage Management WMI enumeration operation was performed.                   
Class: MSFT_PhysicalDisk                   
ResultCount: 1                   
Operation time (milliseconds): 62"
"18-08-2026 12:32:14","8","Information","Microsoft-Windows-StorageManagement","The Windows Storage Management WMI Provider was loaded.                    
Load time (milliseconds): 0"
"18-08-2026 12:17:14","9","Information","Microsoft-Windows-StorageManagement","A Windows Storage Management WMI enumeration operation was performed.                   
Class: MSFT_PhysicalDisk                   
ResultCount: 1                   
Operation time (milliseconds): 63"
"18-08-2026 12:17:14","7","Information","Microsoft-Windows-StorageManagement","The Windows Storage Provider host service was started successfully.                    
Start time (milliseconds): 140"
"18-08-2026 12:17:14","1001","Information","Microsoft-Windows-StorageManagement-WSP-Host","A Windows Storage Provider was loaded successfully.             
Provider: wsp_health             
Provider DLL: wsp_health.dll"
"18-08-2026 12:17:14","1001","Information","Microsoft-Windows-StorageManagement-WSP-Host","A Windows Storage Provider was loaded successfully.             
Provider: wsp_sr             
Provider DLL: wsp_sr.dll"
"18-08-2026 12:17:14","1001","Information","Microsoft-Windows-StorageManagement-WSP-Host","A Windows Storage Provider was loaded successfully.             
Provider: wsp_fs             
Provider DLL: wsp_fs.dll"
"18-08-2026 12:17:14","1001","Information","Microsoft-Windows-StorageManagement-WSP-Host","A Windows Storage Provider was loaded successfully.             
Provider: MISpace             
Provider DLL: mispace.dll"
"18-08-2026 12:17:14","2010","Information","Microsoft-Windows-StorageManagement-WSP-Spaces","The Windows Storage Spaces and Disk provider was loaded.             
Load time (milliseconds): 16             
Miresult: 0"
"18-08-2026 12:17:14","2023","Information","Microsoft-Windows-StorageManagement-WSP-Spaces","Successfully initialized the Storage Management Provider.             
Function: CSpProvider::Initialize             
Duration (milliseconds): 5"
"18-08-2026 12:17:14","2027","Information","Microsoft-Windows-StorageManagement-WSP-Spaces","Successfully initialized Extended Storage Spaces API.             
Function: SuInitializeEx             
Duration (milliseconds): 0"
"18-08-2026 12:17:14","1003","Information","Microsoft-Windows-StorageManagement-WSP-Host","Shutdown for the Windows Storage Provider host service has been completed."
"18-08-2026 12:17:14","2025","Information","Microsoft-Windows-StorageManagement-WSP-Spaces","Successfully cleaned up the Storage Management Provider.             
Function: CSpProvider::Cleanup             
Duration (milliseconds): 1"
"18-08-2026 12:17:14","2029","Information","Microsoft-Windows-StorageManagement-WSP-Spaces","Successfully cleaned up Extended Storage Spaces API.             
Function: SuCleanupEx             
Duration (milliseconds): 0"
"18-08-2026 12:17:14","8","Information","Microsoft-Windows-StorageManagement","The Windows Storage Management WMI Provider was loaded.                    
Load time (milliseconds): 0"
"18-08-2026 12:17:14","1002","Information","Microsoft-Windows-StorageManagement-WSP-Host","Shutdown has been initiated for the Windows Storage Provider host service."
"18-08-2026 12:02:14","9","Information","Microsoft-Windows-StorageManagement","A Windows Storage Management WMI enumeration operation was performed.                   
Class: MSFT_PhysicalDisk                   
ResultCount: 1                   
Operation time (milliseconds): 15"
"18-08-2026 12:01:58","9","Information","Microsoft-Windows-StorageManagement","A Windows Storage Management WMI enumeration operation was performed.                   
Class: MSFT_PhysicalDisk                   
ResultCount: 1                   
Operation time (milliseconds): 93"
"18-08-2026 12:01:58","8","Information","Microsoft-Windows-StorageManagement","The Windows Storage Management WMI Provider was loaded.                    
Load time (milliseconds): 0"
"18-08-2026 11:47:14","9","Information","Microsoft-Windows-StorageManagement","A Windows Storage Management WMI enumeration operation was performed.                   
Class: MSFT_PhysicalDisk                   
ResultCount: 1                   
Operation time (milliseconds): 47"
"18-08-2026 11:46:18","10","Information","Microsoft-Windows-StorageManagement","A Windows Storage Management WMI get instance operation was performed.                   
Class: WSP_Volume                   
Operation time (milliseconds): 16"
"18-08-2026 11:46:18","10","Information","Microsoft-Windows-StorageManagement","A Windows Storage Management WMI get instance operation was performed.                   
Class: WSP_Partition                   
Operation time (milliseconds): 15"
"18-08-2026 11:46:18","10","Information","Microsoft-Windows-StorageManagement","A Windows Storage Management WMI get instance operation was performed.                   
Class: WSP_Partition                   
Operation time (milliseconds): 16"
"18-08-2026 11:46:18","10","Information","Microsoft-Windows-StorageManagement","A Windows Storage Management WMI get instance operation was performed.                   
Class: WSP_Partition                   
Operation time (milliseconds): 16"
"18-08-2026 11:46:18","9","Information","Microsoft-Windows-StorageManagement","A Windows Storage Management WMI enumeration operation was performed.                   
Class: MSFT_PartitionToVolume                   
ResultCount: 3                   
Operation time (milliseconds): 47"
"18-08-2026 11:46:18","10","Information","Microsoft-Windows-StorageManagement","A Windows Storage Management WMI get instance operation was performed.                   
Class: WSP_Volume                   
Operation time (milliseconds): 16"
"18-08-2026 11:46:18","10","Information","Microsoft-Windows-StorageManagement","A Windows Storage Management WMI get instance operation was performed.                   
Class: WSP_Partition                   
Operation time (milliseconds): 31"
"18-08-2026 11:46:18","10","Information","Microsoft-Windows-StorageManagement","A Windows Storage Management WMI get instance operation was performed.                   
Class: WSP_Partition                   
Operation time (milliseconds): 15"
"18-08-2026 11:46:18","10","Information","Microsoft-Windows-StorageManagement","A Windows Storage Management WMI get instance operation was performed.                   
Class: WSP_Partition                   
Operation time (milliseconds): 16"
"18-08-2026 11:46:17","9","Information","Microsoft-Windows-StorageManagement","A Windows Storage Management WMI enumeration operation was performed.                   
Class: MSFT_PartitionToVolume                   
ResultCount: 3                   
Operation time (milliseconds): 47"
"18-08-2026 11:46:17","9","Information","Microsoft-Windows-StorageManagement","A Windows Storage Management WMI enumeration operation was performed.                   
Class: MSFT_Partition                   
ResultCount: 4                   
Operation time (milliseconds): 31"
"18-08-2026 11:46:17","10","Information","Microsoft-Windows-StorageManagement","A Windows Storage Management WMI get instance operation was performed.                   
Class: WSP_Partition                   
Operation time (milliseconds): 31"
"18-08-2026 11:46:17","10","Information","Microsoft-Windows-StorageManagement","A Windows Storage Management WMI get instance operation was performed.                   
Class: WSP_Partition                   
Operation time (milliseconds): 16"
"18-08-2026 11:46:17","10","Information","Microsoft-Windows-StorageManagement","A Windows Storage Management WMI get instance operation was performed.                   
Class: WSP_Partition                   
Operation time (milliseconds): 0"
"18-08-2026 11:46:17","9","Information","Microsoft-Windows-StorageManagement","A Windows Storage Management WMI enumeration operation was performed.                   
Class: MSFT_PartitionToVolume                   
ResultCount: 3                   
Operation time (milliseconds): 140"
"18-08-2026 11:46:17","8","Information","Microsoft-Windows-StorageManagement","The Windows Storage Management WMI Provider was loaded.                    
Load time (milliseconds): 0"
"18-08-2026 11:32:14","9","Information","Microsoft-Windows-StorageManagement","A Windows Storage Management WMI enumeration operation was performed.                   
Class: MSFT_PhysicalDisk                   
ResultCount: 1                   
Operation time (milliseconds): 47"
"18-08-2026 11:32:14","8","Information","Microsoft-Windows-StorageManagement","The Windows Storage Management WMI Provider was loaded.                    
Load time (milliseconds): 0"
"18-08-2026 11:17:14","9","Information","Microsoft-Windows-StorageManagement","A Windows Storage Management WMI enumeration operation was performed.                   
Class: MSFT_PhysicalDisk                   
ResultCount: 1                   
Operation time (milliseconds): 62"
"18-08-2026 11:17:14","8","Information","Microsoft-Windows-StorageManagement","The Windows Storage Management WMI Provider was loaded.                    
Load time (milliseconds): 0"
"18-08-2026 11:02:14","9","Information","Microsoft-Windows-StorageManagement","A Windows Storage Management WMI enumeration operation was performed.                   
Class: MSFT_PhysicalDisk                   
ResultCount: 1                   
Operation time (milliseconds): 63"
"18-08-2026 11:02:14","7","Information","Microsoft-Windows-StorageManagement","The Windows Storage Provider host service was started successfully.                    
Start time (milliseconds): 156"
"18-08-2026 11:02:14","1001","Information","Microsoft-Windows-StorageManagement-WSP-Host","A Windows Storage Provider was loaded successfully.             
Provider: wsp_health             
Provider DLL: wsp_health.dll"
"18-08-2026 11:02:14","1001","Information","Microsoft-Windows-StorageManagement-WSP-Host","A Windows Storage Provider was loaded successfully.             
Provider: wsp_sr             
Provider DLL: wsp_sr.dll"
"18-08-2026 11:02:14","1001","Information","Microsoft-Windows-StorageManagement-WSP-Host","A Windows Storage Provider was loaded successfully.             
Provider: wsp_fs             
Provider DLL: wsp_fs.dll"
"18-08-2026 11:02:14","1001","Information","Microsoft-Windows-StorageManagement-WSP-Host","A Windows Storage Provider was loaded successfully.             
Provider: MISpace             
Provider DLL: mispace.dll"
"18-08-2026 11:02:14","2010","Information","Microsoft-Windows-StorageManagement-WSP-Spaces","The Windows Storage Spaces and Disk provider was loaded.             
Load time (milliseconds): 16             
Miresult: 0"
"18-08-2026 11:02:14","2023","Information","Microsoft-Windows-StorageManagement-WSP-Spaces","Successfully initialized the Storage Management Provider.             
Function: CSpProvider::Initialize             
Duration (milliseconds): 8"
"18-08-2026 11:02:14","2027","Information","Microsoft-Windows-StorageManagement-WSP-Spaces","Successfully initialized Extended Storage Spaces API.             
Function: SuInitializeEx             
Duration (milliseconds): 0"
"18-08-2026 11:02:14","1003","Information","Microsoft-Windows-StorageManagement-WSP-Host","Shutdown for the Windows Storage Provider host service has been completed."
"18-08-2026 11:02:14","2025","Information","Microsoft-Windows-StorageManagement-WSP-Spaces","Successfully cleaned up the Storage Management Provider.             
Function: CSpProvider::Cleanup             
Duration (milliseconds): 5"
"18-08-2026 11:02:14","2029","Information","Microsoft-Windows-StorageManagement-WSP-Spaces","Successfully cleaned up Extended Storage Spaces API.             
Function: SuCleanupEx             
Duration (milliseconds): 0"
"18-08-2026 11:02:14","8","Information","Microsoft-Windows-StorageManagement","The Windows Storage Management WMI Provider was loaded.                    
Load time (milliseconds): 0"
"18-08-2026 11:02:14","1002","Information","Microsoft-Windows-StorageManagement-WSP-Host","Shutdown has been initiated for the Windows Storage Provider host service."
"18-08-2026 10:47:14","9","Information","Microsoft-Windows-StorageManagement","A Windows Storage Management WMI enumeration operation was performed.                   
Class: MSFT_PhysicalDisk                   
ResultCount: 1                   
Operation time (milliseconds): 47"
"18-08-2026 10:47:03","9","Information","Microsoft-Windows-StorageManagement","A Windows Storage Management WMI enumeration operation was performed.                   
Class: MSFT_Volume                   
ResultCount: 3                   
Operation time (milliseconds): 47"
"18-08-2026 10:47:01","9","Information","Microsoft-Windows-StorageManagement","A Windows Storage Management WMI enumeration operation was performed.                   
Class: MSFT_Volume                   
ResultCount: 3                   
Operation time (milliseconds): 31"
"18-08-2026 10:47:00","9","Information","Microsoft-Windows-StorageManagement","A Windows Storage Management WMI enumeration operation was performed.                   
Class: MSFT_Volume                   
ResultCount: 3                   
Operation time (milliseconds): 94"
"18-08-2026 10:47:00","8","Information","Microsoft-Windows-StorageManagement","The Windows Storage Management WMI Provider was loaded.                    
Load time (milliseconds): 0"
"18-08-2026 10:35:57","10","Information","Microsoft-Windows-StorageManagement","A Windows Storage Management WMI get instance operation was performed.                   
Class: WSP_Volume                   
Operation time (milliseconds): 15"
"18-08-2026 10:35:57","10","Information","Microsoft-Windows-StorageManagement","A Windows Storage Management WMI get instance operation was performed.                   
Class: WSP_Partition                   
Operation time (milliseconds): 32"
"18-08-2026 10:35:57","10","Information","Microsoft-Windows-StorageManagement","A Windows Storage Management WMI get instance operation was performed.                   
Class: WSP_Partition                   
Operation time (milliseconds): 31"
"18-08-2026 10:35:57","10","Information","Microsoft-Windows-StorageManagement","A Windows Storage Management WMI get instance operation was performed.                   
Class: WSP_Partition                   
Operation time (milliseconds): 31"
"18-08-2026 10:35:57","9","Information","Microsoft-Windows-StorageManagement","A Windows Storage Management WMI enumeration operation was performed.                   
Class: MSFT_PartitionToVolume                   
ResultCount: 3                   
Operation time (milliseconds): 62"
"18-08-2026 10:35:57","10","Information","Microsoft-Windows-StorageManagement","A Windows Storage Management WMI get instance operation was performed.                   
Class: WSP_Volume                   
Operation time (milliseconds): 15"
"18-08-2026 10:35:57","10","Information","Microsoft-Windows-StorageManagement","A Windows Storage Management WMI get instance operation was performed.                   
Class: WSP_Partition                   
Operation time (milliseconds): 16"
"18-08-2026 10:35:57","10","Information","Microsoft-Windows-StorageManagement","A Windows Storage Management WMI get instance operation was performed.                   
Class: WSP_Partition                   
Operation time (milliseconds): 16"
"18-08-2026 10:35:57","10","Information","Microsoft-Windows-StorageManagement","A Windows Storage Management WMI get instance operation was performed.                   
Class: WSP_Partition                   
Operation time (milliseconds): 31"
"18-08-2026 10:35:57","9","Information","Microsoft-Windows-StorageManagement","A Windows Storage Management WMI enumeration operation was performed.                   
Class: MSFT_PartitionToVolume                   
ResultCount: 3                   
Operation time (milliseconds): 63"
"18-08-2026 10:35:57","9","Information","Microsoft-Windows-StorageManagement","A Windows Storage Management WMI enumeration operation was performed.                   
Class: MSFT_Partition                   
ResultCount: 4                   
Operation time (milliseconds): 31"
"18-08-2026 10:35:57","10","Information","Microsoft-Windows-StorageManagement","A Windows Storage Management WMI get instance operation was performed.                   
Class: WSP_Partition                   
Operation time (milliseconds): 16"
"18-08-2026 10:35:57","10","Information","Microsoft-Windows-StorageManagement","A Windows Storage Management WMI get instance operation was performed.                   
Class: WSP_Partition                   
Operation time (milliseconds): 31"
"18-08-2026 10:35:57","10","Information","Microsoft-Windows-StorageManagement","A Windows Storage Management WMI get instance operation was performed.                   
Class: WSP_Partition                   
Operation time (milliseconds): 16"
"18-08-2026 10:35:57","9","Information","Microsoft-Windows-StorageManagement","A Windows Storage Management WMI enumeration operation was performed.                   
Class: MSFT_PartitionToVolume                   
ResultCount: 3                   
Operation time (milliseconds): 125"
"18-08-2026 10:35:57","8","Information","Microsoft-Windows-StorageManagement","The Windows Storage Management WMI Provider was loaded.                    
Load time (milliseconds): 0"
"18-08-2026 10:33:37","10","Information","Microsoft-Windows-StorageManagement","A Windows Storage Management WMI get instance operation was performed.                   
Class: WSP_Volume                   
Operation time (milliseconds): 62"
"18-08-2026 10:33:37","10","Information","Microsoft-Windows-StorageManagement","A Windows Storage Management WMI get instance operation was performed.                   
Class: WSP_Partition                   
Operation time (milliseconds): 62"
"18-08-2026 10:33:37","10","Information","Microsoft-Windows-StorageManagement","A Windows Storage Management WMI get instance operation was performed.                   
Class: WSP_Partition                   
Operation time (milliseconds): 62"
"18-08-2026 10:33:37","10","Information","Microsoft-Windows-StorageManagement","A Windows Storage Management WMI get instance operation was performed.                   
Class: WSP_Partition                   
Operation time (milliseconds): 93"
"18-08-2026 10:33:37","9","Information","Microsoft-Windows-StorageManagement","A Windows Storage Management WMI enumeration operation was performed.                   
Class: MSFT_PartitionToVolume                   
ResultCount: 3                   
Operation time (milliseconds): 110"
"18-08-2026 10:33:37","9","Information","Microsoft-Windows-StorageManagement","A Windows Storage Management WMI enumeration operation was performed.                   
Class: MSFT_Partition                   
ResultCount: 4                   
Operation time (milliseconds): 46"
"18-08-2026 10:33:37","10","Information","Microsoft-Windows-StorageManagement","A Windows Storage Management WMI get instance operation was performed.                   
Class: WSP_Partition                   
Operation time (milliseconds): 31"
"18-08-2026 10:33:37","10","Information","Microsoft-Windows-StorageManagement","A Windows Storage Management WMI get instance operation was performed.                   
Class: WSP_Partition                   
Operation time (milliseconds): 16"
"18-08-2026 10:33:37","10","Information","Microsoft-Windows-StorageManagement","A Windows Storage Management WMI get instance operation was performed.                   
Class: WSP_Partition                   
Operation time (milliseconds): 31"
"18-08-2026 10:33:36","9","Information","Microsoft-Windows-StorageManagement","A Windows Storage Management WMI enumeration operation was performed.                   
Class: MSFT_PartitionToVolume                   
ResultCount: 3                   
Operation time (milliseconds): 94"
"18-08-2026 10:33:01","9","Information","Microsoft-Windows-StorageManagement","A Windows Storage Management WMI enumeration operation was performed.                   
Class: MSFT_Partition                   
ResultCount: 4                   
Operation time (milliseconds): 31"
"18-08-2026 10:32:14","9","Information","Microsoft-Windows-StorageManagement","A Windows Storage Management WMI enumeration operation was performed.                   
Class: MSFT_PhysicalDisk                   
ResultCount: 1                   
Operation time (milliseconds): 94"
"18-08-2026 10:32:04","9","Information","Microsoft-Windows-StorageManagement","A Windows Storage Management WMI enumeration operation was performed.                   
Class: MSFT_PhysicalDisk                   
ResultCount: 1                   
Operation time (milliseconds): 31"
"18-08-2026 10:32:01","9","Information","Microsoft-Windows-StorageManagement","A Windows Storage Management WMI enumeration operation was performed.                   
Class: MSFT_PhysicalDisk                   
ResultCount: 1                   
Operation time (milliseconds): 157"
"18-08-2026 10:32:01","8","Information","Microsoft-Windows-StorageManagement","The Windows Storage Management WMI Provider was loaded.                    
Load time (milliseconds): 0"
"18-08-2026 10:31:50","10","Information","Microsoft-Windows-StorageManagement","A Windows Storage Management WMI get instance operation was performed.                   
Class: WSP_Volume                   
Operation time (milliseconds): 16"
"18-08-2026 10:31:50","10","Information","Microsoft-Windows-StorageManagement","A Windows Storage Management WMI get instance operation was performed.                   
Class: WSP_Partition                   
Operation time (milliseconds): 16"
"18-08-2026 10:31:50","10","Information","Microsoft-Windows-StorageManagement","A Windows Storage Management WMI get instance operation was performed.                   
Class: WSP_Partition                   
Operation time (milliseconds): 31"
"18-08-2026 10:31:50","10","Information","Microsoft-Windows-StorageManagement","A Windows Storage Management WMI get instance operation was performed.                   
Class: WSP_Partition                   
Operation time (milliseconds): 15"
"18-08-2026 10:31:50","9","Information","Microsoft-Windows-StorageManagement","A Windows Storage Management WMI enumeration operation was performed.                   
Class: MSFT_PartitionToVolume                   
ResultCount: 3                   
Operation time (milliseconds): 63"
"18-08-2026 10:31:50","10","Information","Microsoft-Windows-StorageManagement","A Windows Storage Management WMI get instance operation was performed.                   
Class: WSP_Volume                   
Operation time (milliseconds): 15"
"18-08-2026 10:31:50","10","Information","Microsoft-Windows-StorageManagement","A Windows Storage Management WMI get instance operation was performed.                   
Class: WSP_Partition                   
Operation time (milliseconds): 15"
"18-08-2026 10:31:50","10","Information","Microsoft-Windows-StorageManagement","A Windows Storage Management WMI get instance operation was performed.                   
Class: WSP_Partition                   
Operation time (milliseconds): 31"
"18-08-2026 10:31:50","10","Information","Microsoft-Windows-StorageManagement","A Windows Storage Management WMI get instance operation was performed.                   
Class: WSP_Partition                   
Operation time (milliseconds): 16"
"18-08-2026 10:31:50","9","Information","Microsoft-Windows-StorageManagement","A Windows Storage Management WMI enumeration operation was performed.                   
Class: MSFT_PartitionToVolume                   
ResultCount: 3                   
Operation time (milliseconds): 47"
"18-08-2026 10:31:50","9","Information","Microsoft-Windows-StorageManagement","A Windows Storage Management WMI enumeration operation was performed.                   
Class: MSFT_Partition                   
ResultCount: 4                   
Operation time (milliseconds): 47"
"18-08-2026 10:31:50","10","Information","Microsoft-Windows-StorageManagement","A Windows Storage Management WMI get instance operation was performed.                   
Class: WSP_Partition                   
Operation time (milliseconds): 31"
"18-08-2026 10:31:50","10","Information","Microsoft-Windows-StorageManagement","A Windows Storage Management WMI get instance operation was performed.                   
Class: WSP_Partition                   
Operation time (milliseconds): 31"
"18-08-2026 10:31:49","10","Information","Microsoft-Windows-StorageManagement","A Windows Storage Management WMI get instance operation was performed.                   
Class: WSP_Partition                   
Operation time (milliseconds): 31"
"18-08-2026 10:31:49","9","Information","Microsoft-Windows-StorageManagement","A Windows Storage Management WMI enumeration operation was performed.                   
Class: MSFT_PartitionToVolume                   
ResultCount: 3                   
Operation time (milliseconds): 157"
"18-08-2026 10:31:49","8","Information","Microsoft-Windows-StorageManagement","The Windows Storage Management WMI Provider was loaded.                    
Load time (milliseconds): 0"
"18-08-2026 10:30:24","9","Information","Microsoft-Windows-StorageManagement","A Windows Storage Management WMI enumeration operation was performed.                   
Class: MSFT_PhysicalDisk                   
ResultCount: 1                   
Operation time (milliseconds): 94"
"18-08-2026 10:30:24","7","Information","Microsoft-Windows-StorageManagement","The Windows Storage Provider host service was started successfully.                    
Start time (milliseconds): 234"
"18-08-2026 10:30:24","1001","Information","Microsoft-Windows-StorageManagement-WSP-Host","A Windows Storage Provider was loaded successfully.             
Provider: wsp_health             
Provider DLL: wsp_health.dll"
"18-08-2026 10:30:24","1001","Information","Microsoft-Windows-StorageManagement-WSP-Host","A Windows Storage Provider was loaded successfully.             
Provider: wsp_sr             
Provider DLL: wsp_sr.dll"
"18-08-2026 10:30:24","1001","Information","Microsoft-Windows-StorageManagement-WSP-Host","A Windows Storage Provider was loaded successfully.             
Provider: wsp_fs             
Provider DLL: wsp_fs.dll"
"18-08-2026 10:30:24","1001","Information","Microsoft-Windows-StorageManagement-WSP-Host","A Windows Storage Provider was loaded successfully.             
Provider: MISpace             
Provider DLL: mispace.dll"
"18-08-2026 10:30:24","2010","Information","Microsoft-Windows-StorageManagement-WSP-Spaces","The Windows Storage Spaces and Disk provider was loaded.             
Load time (milliseconds): 0             
Miresult: 0"
"18-08-2026 10:30:24","2023","Information","Microsoft-Windows-StorageManagement-WSP-Spaces","Successfully initialized the Storage Management Provider.             
Function: CSpProvider::Initialize             
Duration (milliseconds): 8"
"18-08-2026 10:30:24","2027","Information","Microsoft-Windows-StorageManagement-WSP-Spaces","Successfully initialized Extended Storage Spaces API.             
Function: SuInitializeEx             
Duration (milliseconds): 0"
"18-08-2026 10:30:24","8","Information","Microsoft-Windows-StorageManagement","The Windows Storage Management WMI Provider was loaded.                    
Load time (milliseconds): 0"
"18-08-2026 10:20:02","9","Information","Microsoft-Windows-StorageManagement","A Windows Storage Management WMI enumeration operation was performed.                   
Class: MSFT_PhysicalDisk                   
ResultCount: 1                   
Operation time (milliseconds): 62"
"18-08-2026 10:20:02","8","Information","Microsoft-Windows-StorageManagement","The Windows Storage Management WMI Provider was loaded.                    
Load time (milliseconds): 0"
"18-08-2026 10:18:50","9","Information","Microsoft-Windows-StorageManagement","A Windows Storage Management WMI enumeration operation was performed.                   
Class: MSFT_PhysicalDisk                   
ResultCount: 1                   
Operation time (milliseconds): 62"
"18-08-2026 10:18:50","8","Information","Microsoft-Windows-StorageManagement","The Windows Storage Management WMI Provider was loaded.                    
Load time (milliseconds): 0"
"18-08-2026 10:03:51","9","Information","Microsoft-Windows-StorageManagement","A Windows Storage Management WMI enumeration operation was performed.                   
Class: MSFT_PhysicalDisk                   
ResultCount: 1                   
Operation time (milliseconds): 78"
"18-08-2026 10:03:50","8","Information","Microsoft-Windows-StorageManagement","The Windows Storage Management WMI Provider was loaded.                    
Load time (milliseconds): 0"
"18-08-2026 09:49:16","9","Information","Microsoft-Windows-StorageManagement","A Windows Storage Management WMI enumeration operation was performed.                   
Class: MSFT_PhysicalDisk                   
ResultCount: 1                   
Operation time (milliseconds): 15"
"18-08-2026 09:48:51","9","Information","Microsoft-Windows-StorageManagement","A Windows Storage Management WMI enumeration operation was performed.                   
Class: MSFT_PhysicalDisk                   
ResultCount: 1                   
Operation time (milliseconds): 94"
