"20-07-2026 10:58:55","142","Information","Microsoft-Windows-Ntfs","Summary of disk space usage, since last event:

           Available space was between 85.05 GB and 95.67 GB
           Change in available space: 10.63 GB
           
           Available clusters were between: 22294195 and 25078757
           Reserved clusters were between: 767838 and 777486
           Txf abort reserved clusters were between: 1024 and 1024
           
           Elapsed seconds: 3602
           
           Pagefile size: 22.27 GB
           Volume size: 235.88 GB
           Bytes per cluster: 4096
           
           Volume guid: {c5c572ba-c5d0-47f6-864e-13eb05e6d46c}
           Volume name: C:
           Is boot volume: true
           
           Cached runs miss counts:
               For MFT: 0
               For MFT zone: 0
               Everything else: 0
"
"20-07-2026 10:00:07","147","Warning","Microsoft-Windows-Ntfs","An IO took more than 30000 ms to complete:

           Process Id: 4836
           Process name: spksvc.exe
           File name: \Windows\SpkData\execlib.db-journal
           IO Type: File flush
           Latency: 41954 ms

           Volume Id: {c5c572ba-c5d0-47f6-864e-13eb05e6d46c}
           Volume name: C:
           Is boot volume: true

           Device GUID: {0d0616a1-3adc-3de7-d9a2-784fe4e2d52a}
           Device manufacturer: NVMe
           Device model: PM9C1b Samsung 256GB
           Device revision: 58330109
           Device serial number: 0025_38F6_5106_1623.
           Bus type: NVMe
           Native NVMe: 0

           Adapter serial number: 
"
"20-07-2026 10:00:06","147","Warning","Microsoft-Windows-Ntfs","An IO took more than 30000 ms to complete:

           Process Id: 4836
           Process name: spksvc.exe
           File name: \Windows\SpkData\execlib.db-journal
           File offset: 0
           IO Type: Write: Paging, NonCached, Sync
           IO Size: 12824 bytes
           1 cluster(s) starting at cluster 150355
           Latency: 41794 ms

           Volume Id: {c5c572ba-c5d0-47f6-864e-13eb05e6d46c}
           Volume name: C:
           Is boot volume: true

           Device GUID: {0d0616a1-3adc-3de7-d9a2-784fe4e2d52a}
           Device manufacturer: NVMe
           Device model: PM9C1b Samsung 256GB
           Device revision: 58330109
           Device serial number: 0025_38F6_5106_1623.
           Bus type: NVMe
           Native NVMe: 0

           Adapter serial number: 
"
"20-07-2026 10:00:06","147","Warning","Microsoft-Windows-Ntfs","An IO took more than 30000 ms to complete:

           Process Id: 13176
           Process name: MsMpEng.exe
           File name: \ProgramData\Microsoft\Windows Defender\Definition Updates\{8679E388-082B-4A0A-B7D1-227BFA418A92}\mpengine.dll
           File offset: 7159808
           IO Type: Read: Paging, NonCached, Sync
           IO Size: 32768 bytes
           8 cluster(s) starting at cluster 30057602
           Latency: 41000 ms

           Volume Id: {c5c572ba-c5d0-47f6-864e-13eb05e6d46c}
           Volume name: C:
           Is boot volume: true

           Device GUID: {0d0616a1-3adc-3de7-d9a2-784fe4e2d52a}
           Device manufacturer: NVMe
           Device model: PM9C1b Samsung 256GB
           Device revision: 58330109
           Device serial number: 0025_38F6_5106_1623.
           Bus type: NVMe
           Native NVMe: 0

           Adapter serial number: 
"
"20-07-2026 10:00:06","147","Warning","Microsoft-Windows-Ntfs","An IO took more than 30000 ms to complete:

           Process Id: 4836
           Process name: spksvc.exe
           File name: \Program Files\Spektion\Spektion Sensor\sqlite3.dll
           File offset: 1111040
           IO Type: Read: Paging, NonCached, Sync
           IO Size: 13824 bytes
           4 cluster(s) starting at cluster 4914160
           Latency: 41005 ms

           Volume Id: {c5c572ba-c5d0-47f6-864e-13eb05e6d46c}
           Volume name: C:
           Is boot volume: true

           Device GUID: {0d0616a1-3adc-3de7-d9a2-784fe4e2d52a}
           Device manufacturer: NVMe
           Device model: PM9C1b Samsung 256GB
           Device revision: 58330109
           Device serial number: 0025_38F6_5106_1623.
           Bus type: NVMe
           Native NVMe: 0

           Adapter serial number: 
"
"20-07-2026 10:00:06","147","Warning","Microsoft-Windows-Ntfs","An IO took more than 30000 ms to complete:

           Process Id: 11136
           Process name: StartMenuExper
           File name: \Windows\System32\DriverStore\FileRepository\iigd_dch.inf_amd64_890a08c3df64cf6a\igd12um64xeh.dll
           File offset: 17187840
           IO Type: Read: Paging, NonCached, Sync
           IO Size: 32768 bytes
           9 cluster(s) starting at cluster 19783407
           Latency: 31009 ms

           Volume Id: {c5c572ba-c5d0-47f6-864e-13eb05e6d46c}
           Volume name: C:
           Is boot volume: true

           Device GUID: {0d0616a1-3adc-3de7-d9a2-784fe4e2d52a}
           Device manufacturer: NVMe
           Device model: PM9C1b Samsung 256GB
           Device revision: 58330109
           Device serial number: 0025_38F6_5106_1623.
           Bus type: NVMe
           Native NVMe: 0

           Adapter serial number: 
"
"20-07-2026 10:00:06","147","Warning","Microsoft-Windows-Ntfs","An IO took more than 30000 ms to complete:

           Process Id: 32180
           Process name: msedge.exe
           File name: \Program Files (x86)\Microsoft\EdgeWebView\Application\150.0.4078.65\msedge.dll
           File offset: 20370944
           IO Type: Read: Paging, NonCached, Sync
           IO Size: 4096 bytes
           2 cluster(s) starting at cluster 39474391
           Latency: 41001 ms

           Volume Id: {c5c572ba-c5d0-47f6-864e-13eb05e6d46c}
           Volume name: C:
           Is boot volume: true

           Device GUID: {0d0616a1-3adc-3de7-d9a2-784fe4e2d52a}
           Device manufacturer: NVMe
           Device model: PM9C1b Samsung 256GB
           Device revision: 58330109
           Device serial number: 0025_38F6_5106_1623.
           Bus type: NVMe
           Native NVMe: 0

           Adapter serial number: 
"
"20-07-2026 10:00:06","147","Warning","Microsoft-Windows-Ntfs","An IO took more than 30000 ms to complete:

           Process Id: 32448
           Process name: msedge.exe
           File name: \Program Files (x86)\Microsoft\EdgeWebView\Application\150.0.4078.65\msedge.dll
           File offset: 74962432
           IO Type: Read: Paging, NonCached, Sync
           IO Size: 4096 bytes
           2 cluster(s) starting at cluster 39487719
           Latency: 40973 ms

           Volume Id: {c5c572ba-c5d0-47f6-864e-13eb05e6d46c}
           Volume name: C:
           Is boot volume: true

           Device GUID: {0d0616a1-3adc-3de7-d9a2-784fe4e2d52a}
           Device manufacturer: NVMe
           Device model: PM9C1b Samsung 256GB
           Device revision: 58330109
           Device serial number: 0025_38F6_5106_1623.
           Bus type: NVMe
           Native NVMe: 0

           Adapter serial number: 
"
"20-07-2026 09:58:52","142","Information","Microsoft-Windows-Ntfs","Summary of disk space usage, since last event:

           Available space was between 85.03 GB and 94.31 GB
           Change in available space: 9.29 GB
           
           Available clusters were between: 22288933 and 24722398
           Reserved clusters were between: 767630 and 768142
           Txf abort reserved clusters were between: 1024 and 1024
           
           Elapsed seconds: 371212
           
           Pagefile size: 22.27 GB
           Volume size: 235.88 GB
           Bytes per cluster: 4096
           
           Volume guid: {c5c572ba-c5d0-47f6-864e-13eb05e6d46c}
           Volume name: C:
           Is boot volume: true
           
           Cached runs miss counts:
               For MFT: 0
               For MFT zone: 0
               Everything else: 0
"
"15-07-2026 22:36:37","142","Information","Microsoft-Windows-Ntfs","Summary of disk space usage, since last event:

           Available space was between 94.31 GB and 94.31 GB
           Change in available space: 256 KB
           
           Available clusters were between: 24721547 and 24721611
           Reserved clusters were between: 768094 and 768094
           Txf abort reserved clusters were between: 1024 and 1024
           
           Elapsed seconds: 5464
           
           Pagefile size: 22.27 GB
           Volume size: 235.88 GB
           Bytes per cluster: 4096
           
           Volume guid: {c5c572ba-c5d0-47f6-864e-13eb05e6d46c}
           Volume name: C:
           Is boot volume: true
           
           Cached runs miss counts:
               For MFT: 0
               For MFT zone: 0
               Everything else: 0
"
"15-07-2026 20:00:38","142","Information","Microsoft-Windows-Ntfs","Summary of disk space usage, since last event:

           Available space was between 94.31 GB and 94.31 GB
           Change in available space: 1008 KB
           
           Available clusters were between: 24721391 and 24721643
           Reserved clusters were between: 768094 and 768158
           Txf abort reserved clusters were between: 1024 and 1024
           
           Elapsed seconds: 5955
           
           Pagefile size: 22.27 GB
           Volume size: 235.88 GB
           Bytes per cluster: 4096
           
           Volume guid: {c5c572ba-c5d0-47f6-864e-13eb05e6d46c}
           Volume name: C:
           Is boot volume: true
           
           Cached runs miss counts:
               For MFT: 0
               For MFT zone: 0
               Everything else: 0
"
"15-07-2026 18:21:23","142","Information","Microsoft-Windows-Ntfs","Summary of disk space usage, since last event:

           Available space was between 94.24 GB and 94.35 GB
           Change in available space: 119.68 MB
           
           Available clusters were between: 24701954 and 24732591
           Reserved clusters were between: 767950 and 776238
           Txf abort reserved clusters were between: 1024 and 1024
           
           Elapsed seconds: 3912
           
           Pagefile size: 22.27 GB
           Volume size: 235.88 GB
           Bytes per cluster: 4096
           
           Volume guid: {c5c572ba-c5d0-47f6-864e-13eb05e6d46c}
           Volume name: C:
           Is boot volume: true
           
           Cached runs miss counts:
               For MFT: 0
               For MFT zone: 0
               Everything else: 0
"
"15-07-2026 17:16:10","142","Information","Microsoft-Windows-Ntfs","Summary of disk space usage, since last event:

           Available space was between 93.83 GB and 94.45 GB
           Change in available space: 636.83 MB
           
           Available clusters were between: 24595170 and 24758196
           Reserved clusters were between: 768990 and 769694
           Txf abort reserved clusters were between: 1024 and 1024
           
           Elapsed seconds: 3600
           
           Pagefile size: 22.27 GB
           Volume size: 235.88 GB
           Bytes per cluster: 4096
           
           Volume guid: {c5c572ba-c5d0-47f6-864e-13eb05e6d46c}
           Volume name: C:
           Is boot volume: true
           
           Cached runs miss counts:
               For MFT: 0
               For MFT zone: 0
               Everything else: 0
"
"15-07-2026 16:16:10","142","Information","Microsoft-Windows-Ntfs","Summary of disk space usage, since last event:

           Available space was between 94.28 GB and 94.36 GB
           Change in available space: 78.25 MB
           
           Available clusters were between: 24714221 and 24734253
           Reserved clusters were between: 768990 and 777438
           Txf abort reserved clusters were between: 1024 and 1024
           
           Elapsed seconds: 3602
           
           Pagefile size: 22.27 GB
           Volume size: 235.88 GB
           Bytes per cluster: 4096
           
           Volume guid: {c5c572ba-c5d0-47f6-864e-13eb05e6d46c}
           Volume name: C:
           Is boot volume: true
           
           Cached runs miss counts:
               For MFT: 0
               For MFT zone: 0
               Everything else: 0
"
"15-07-2026 15:16:08","142","Information","Microsoft-Windows-Ntfs","Summary of disk space usage, since last event:

           Available space was between 93.95 GB and 94.37 GB
           Change in available space: 427.78 MB
           
           Available clusters were between: 24628107 and 24737618
           Reserved clusters were between: 768846 and 777182
           Txf abort reserved clusters were between: 1024 and 1024
           
           Elapsed seconds: 3602
           
           Pagefile size: 22.27 GB
           Volume size: 235.88 GB
           Bytes per cluster: 4096
           
           Volume guid: {c5c572ba-c5d0-47f6-864e-13eb05e6d46c}
           Volume name: C:
           Is boot volume: true
           
           Cached runs miss counts:
               For MFT: 0
               For MFT zone: 0
               Everything else: 0
"
"15-07-2026 14:16:05","142","Information","Microsoft-Windows-Ntfs","Summary of disk space usage, since last event:

           Available space was between 92.70 GB and 94.92 GB
           Change in available space: 2.23 GB
           
           Available clusters were between: 24299125 and 24882006
           Reserved clusters were between: 768702 and 776974
           Txf abort reserved clusters were between: 1024 and 1024
           
           Elapsed seconds: 3604
           
           Pagefile size: 22.27 GB
           Volume size: 235.88 GB
           Bytes per cluster: 4096
           
           Volume guid: {c5c572ba-c5d0-47f6-864e-13eb05e6d46c}
           Volume name: C:
           Is boot volume: true
           
           Cached runs miss counts:
               For MFT: 0
               For MFT zone: 0
               Everything else: 0
"
"15-07-2026 13:16:01","142","Information","Microsoft-Windows-Ntfs","Summary of disk space usage, since last event:

           Available space was between 89.94 GB and 94.91 GB
           Change in available space: 4.97 GB
           
           Available clusters were between: 23577229 and 24878458
           Reserved clusters were between: 768414 and 776766
           Txf abort reserved clusters were between: 1024 and 1024
           
           Elapsed seconds: 3601
           
           Pagefile size: 22.27 GB
           Volume size: 235.88 GB
           Bytes per cluster: 4096
           
           Volume guid: {c5c572ba-c5d0-47f6-864e-13eb05e6d46c}
           Volume name: C:
           Is boot volume: true
           
           Cached runs miss counts:
               For MFT: 0
               For MFT zone: 0
               Everything else: 0
"
"15-07-2026 12:16:00","142","Information","Microsoft-Windows-Ntfs","Summary of disk space usage, since last event:

           Available space was between 94.20 GB and 94.39 GB
           Change in available space: 194.54 MB
           
           Available clusters were between: 24693100 and 24742900
           Reserved clusters were between: 768302 and 776558
           Txf abort reserved clusters were between: 1024 and 1024
           
           Elapsed seconds: 3604
           
           Pagefile size: 22.27 GB
           Volume size: 235.88 GB
           Bytes per cluster: 4096
           
           Volume guid: {c5c572ba-c5d0-47f6-864e-13eb05e6d46c}
           Volume name: C:
           Is boot volume: true
           
           Cached runs miss counts:
               For MFT: 0
               For MFT zone: 0
               Everything else: 0
"
"15-07-2026 11:15:55","142","Information","Microsoft-Windows-Ntfs","Summary of disk space usage, since last event:

           Available space was between 93.84 GB and 94.92 GB
           Change in available space: 1.08 GB
           
           Available clusters were between: 24598390 and 24880991
           Reserved clusters were between: 768734 and 777038
           Txf abort reserved clusters were between: 1024 and 1024
           
           Elapsed seconds: 3600
           
           Pagefile size: 22.27 GB
           Volume size: 235.88 GB
           Bytes per cluster: 4096
           
           Volume guid: {c5c572ba-c5d0-47f6-864e-13eb05e6d46c}
           Volume name: C:
           Is boot volume: true
           
           Cached runs miss counts:
               For MFT: 0
               For MFT zone: 0
               Everything else: 0
"
"15-07-2026 10:15:55","142","Information","Microsoft-Windows-Ntfs","Summary of disk space usage, since last event:

           Available space was between 85.08 GB and 95.52 GB
           Change in available space: 10.45 GB
           
           Available clusters were between: 22302484 and 25039842
           Reserved clusters were between: 768494 and 777326
           Txf abort reserved clusters were between: 1024 and 1024
           
           Elapsed seconds: 3604
           
           Pagefile size: 22.27 GB
           Volume size: 235.88 GB
           Bytes per cluster: 4096
           
           Volume guid: {c5c572ba-c5d0-47f6-864e-13eb05e6d46c}
           Volume name: C:
           Is boot volume: true
           
           Cached runs miss counts:
               For MFT: 0
               For MFT zone: 0
               Everything else: 0
"
"15-07-2026 09:15:51","142","Information","Microsoft-Windows-Ntfs","Summary of disk space usage, since last event:

           Available space was between 85.08 GB and 94.37 GB
           Change in available space: 9.29 GB
           
           Available clusters were between: 22303071 and 24738353
           Reserved clusters were between: 768350 and 768510
           Txf abort reserved clusters were between: 1024 and 1024
           
           Elapsed seconds: 13967
           
           Pagefile size: 22.27 GB
           Volume size: 235.88 GB
           Bytes per cluster: 4096
           
           Volume guid: {c5c572ba-c5d0-47f6-864e-13eb05e6d46c}
           Volume name: C:
           Is boot volume: true
           
           Cached runs miss counts:
               For MFT: 0
               For MFT zone: 0
               Everything else: 0
"
"14-07-2026 22:05:36","142","Information","Microsoft-Windows-Ntfs","Summary of disk space usage, since last event:

           Available space was between 94.37 GB and 94.37 GB
           Change in available space: 7.70 MB
           
           Available clusters were between: 24736426 and 24738397
           Reserved clusters were between: 768302 and 768350
           Txf abort reserved clusters were between: 1024 and 1024
           
           Elapsed seconds: 4590
           
           Pagefile size: 22.27 GB
           Volume size: 235.88 GB
           Bytes per cluster: 4096
           
           Volume guid: {c5c572ba-c5d0-47f6-864e-13eb05e6d46c}
           Volume name: C:
           Is boot volume: true
           
           Cached runs miss counts:
               For MFT: 0
               For MFT zone: 0
               Everything else: 0
"
"14-07-2026 20:49:06","142","Information","Microsoft-Windows-Ntfs","Summary of disk space usage, since last event:

           Available space was between 93.99 GB and 94.38 GB
           Change in available space: 397.47 MB
           
           Available clusters were between: 24637856 and 24739608
           Reserved clusters were between: 767934 and 776606
           Txf abort reserved clusters were between: 1024 and 1024
           
           Elapsed seconds: 4303
           
           Pagefile size: 22.27 GB
           Volume size: 235.88 GB
           Bytes per cluster: 4096
           
           Volume guid: {c5c572ba-c5d0-47f6-864e-13eb05e6d46c}
           Volume name: C:
           Is boot volume: true
           
           Cached runs miss counts:
               For MFT: 0
               For MFT zone: 0
               Everything else: 0
"
"14-07-2026 19:37:22","142","Information","Microsoft-Windows-Ntfs","Summary of disk space usage, since last event:

           Available space was between 93.45 GB and 95.73 GB
           Change in available space: 2.29 GB
           
           Available clusters were between: 24496628 and 25095012
           Reserved clusters were between: 767486 and 777198
           Txf abort reserved clusters were between: 1024 and 1024
           
           Elapsed seconds: 3603
           
           Pagefile size: 22.27 GB
           Volume size: 235.88 GB
           Bytes per cluster: 4096
           
           Volume guid: {c5c572ba-c5d0-47f6-864e-13eb05e6d46c}
           Volume name: C:
           Is boot volume: true
           
           Cached runs miss counts:
               For MFT: 0
               For MFT zone: 0
               Everything else: 0
"
"14-07-2026 18:37:19","142","Information","Microsoft-Windows-Ntfs","Summary of disk space usage, since last event:

           Available space was between 95.73 GB and 96.43 GB
           Change in available space: 711.88 MB
           
           Available clusters were between: 25095010 and 25277250
           Reserved clusters were between: 767390 and 777102
           Txf abort reserved clusters were between: 1024 and 1024
           
           Elapsed seconds: 3602
           
           Pagefile size: 22.27 GB
           Volume size: 235.88 GB
           Bytes per cluster: 4096
           
           Volume guid: {c5c572ba-c5d0-47f6-864e-13eb05e6d46c}
           Volume name: C:
           Is boot volume: true
           
           Cached runs miss counts:
               For MFT: 0
               For MFT zone: 0
               Everything else: 0
"
"14-07-2026 17:37:16","142","Information","Microsoft-Windows-Ntfs","Summary of disk space usage, since last event:

           Available space was between 96.39 GB and 96.44 GB
           Change in available space: 46.11 MB
           
           Available clusters were between: 25267025 and 25278828
           Reserved clusters were between: 768478 and 776798
           Txf abort reserved clusters were between: 1024 and 1024
           
           Elapsed seconds: 3604
           
           Pagefile size: 22.27 GB
           Volume size: 235.88 GB
           Bytes per cluster: 4096
           
           Volume guid: {c5c572ba-c5d0-47f6-864e-13eb05e6d46c}
           Volume name: C:
           Is boot volume: true
           
           Cached runs miss counts:
               For MFT: 0
               For MFT zone: 0
               Everything else: 0
"
"14-07-2026 16:37:12","142","Information","Microsoft-Windows-Ntfs","Summary of disk space usage, since last event:

           Available space was between 91.46 GB and 96.43 GB
           Change in available space: 4.97 GB
           
           Available clusters were between: 23973610 and 25276181
           Reserved clusters were between: 768462 and 776974
           Txf abort reserved clusters were between: 1024 and 1024
           
           Elapsed seconds: 3604
           
           Pagefile size: 22.27 GB
           Volume size: 235.88 GB
           Bytes per cluster: 4096
           
           Volume guid: {c5c572ba-c5d0-47f6-864e-13eb05e6d46c}
           Volume name: C:
           Is boot volume: true
           
           Cached runs miss counts:
               For MFT: 0
               For MFT zone: 0
               Everything else: 1
"
"14-07-2026 15:37:08","142","Information","Microsoft-Windows-Ntfs","Summary of disk space usage, since last event:

           Available space was between 95.87 GB and 95.98 GB
           Change in available space: 118.40 MB
           
           Available clusters were between: 25130008 and 25160317
           Reserved clusters were between: 768174 and 776590
           Txf abort reserved clusters were between: 1024 and 1024
           
           Elapsed seconds: 3601
           
           Pagefile size: 22.02 GB
           Volume size: 235.88 GB
           Bytes per cluster: 4096
           
           Volume guid: {c5c572ba-c5d0-47f6-864e-13eb05e6d46c}
           Volume name: C:
           Is boot volume: true
           
           Cached runs miss counts:
               For MFT: 0
               For MFT zone: 0
               Everything else: 0
"
"14-07-2026 14:37:06","142","Information","Microsoft-Windows-Ntfs","Summary of disk space usage, since last event:

           Available space was between 95.58 GB and 96 GB
           Change in available space: 428.30 MB
           
           Available clusters were between: 25054527 and 25164171
           Reserved clusters were between: 767822 and 776510
           Txf abort reserved clusters were between: 1024 and 1024
           
           Elapsed seconds: 3604
           
           Pagefile size: 22.02 GB
           Volume size: 235.88 GB
           Bytes per cluster: 4096
           
           Volume guid: {c5c572ba-c5d0-47f6-864e-13eb05e6d46c}
           Volume name: C:
           Is boot volume: true
           
           Cached runs miss counts:
               For MFT: 0
               For MFT zone: 0
               Everything else: 0
"
"14-07-2026 13:37:02","142","Information","Microsoft-Windows-Ntfs","Summary of disk space usage, since last event:

           Available space was between 95.94 GB and 97.12 GB
           Change in available space: 1.18 GB
           
           Available clusters were between: 25149599 and 25457879
           Reserved clusters were between: 767678 and 776846
           Txf abort reserved clusters were between: 1024 and 1024
           
           Elapsed seconds: 3602
           
           Pagefile size: 22.02 GB
           Volume size: 235.88 GB
           Bytes per cluster: 4096
           
           Volume guid: {c5c572ba-c5d0-47f6-864e-13eb05e6d46c}
           Volume name: C:
           Is boot volume: true
           
           Cached runs miss counts:
               For MFT: 0
               For MFT zone: 0
               Everything else: 0
"
"14-07-2026 12:36:59","142","Information","Microsoft-Windows-Ntfs","Summary of disk space usage, since last event:

           Available space was between 92.18 GB and 97.12 GB
           Change in available space: 4.95 GB
           
           Available clusters were between: 24161853 and 25458217
           Reserved clusters were between: 768558 and 776894
           Txf abort reserved clusters were between: 1024 and 1024
           
           Elapsed seconds: 3602
           
           Pagefile size: 22.02 GB
           Volume size: 235.88 GB
           Bytes per cluster: 4096
           
           Volume guid: {c5c572ba-c5d0-47f6-864e-13eb05e6d46c}
           Volume name: C:
           Is boot volume: true
           
           Cached runs miss counts:
               For MFT: 0
               For MFT zone: 0
               Everything else: 0
"
"14-07-2026 11:36:56","142","Information","Microsoft-Windows-Ntfs","Summary of disk space usage, since last event:

           Available space was between 95.67 GB and 95.76 GB
           Change in available space: 91.81 MB
           
           Available clusters were between: 25077656 and 25101159
           Reserved clusters were between: 768590 and 776830
           Txf abort reserved clusters were between: 1024 and 1024
           
           Elapsed seconds: 3600
           
           Pagefile size: 22.02 GB
           Volume size: 235.88 GB
           Bytes per cluster: 4096
           
           Volume guid: {c5c572ba-c5d0-47f6-864e-13eb05e6d46c}
           Volume name: C:
           Is boot volume: true
           
           Cached runs miss counts:
               For MFT: 0
               For MFT zone: 0
               Everything else: 0
"
"14-07-2026 10:36:56","142","Information","Microsoft-Windows-Ntfs","Summary of disk space usage, since last event:

           Available space was between 87.05 GB and 96.36 GB
           Change in available space: 9.31 GB
           
           Available clusters were between: 22819387 and 25258398
           Reserved clusters were between: 767774 and 776702
           Txf abort reserved clusters were between: 1024 and 1024
           
           Elapsed seconds: 3604
           
           Pagefile size: 22.02 GB
           Volume size: 235.88 GB
           Bytes per cluster: 4096
           
           Volume guid: {c5c572ba-c5d0-47f6-864e-13eb05e6d46c}
           Volume name: C:
           Is boot volume: true
           
           Cached runs miss counts:
               For MFT: 0
               For MFT zone: 0
               Everything else: 0
"
"14-07-2026 09:36:51","142","Information","Microsoft-Windows-Ntfs","Summary of disk space usage, since last event:

           Available space was between 87.08 GB and 96.36 GB
           Change in available space: 9.29 GB
           
           Available clusters were between: 22826239 and 25259087
           Reserved clusters were between: 767694 and 767838
           Txf abort reserved clusters were between: 1024 and 1024
           
           Elapsed seconds: 13181
           
           Pagefile size: 22.02 GB
           Volume size: 235.88 GB
           Bytes per cluster: 4096
           
           Volume guid: {c5c572ba-c5d0-47f6-864e-13eb05e6d46c}
           Volume name: C:
           Is boot volume: true
           
           Cached runs miss counts:
               For MFT: 0
               For MFT zone: 0
               Everything else: 0
"
"14-07-2026 05:57:10","142","Information","Microsoft-Windows-Ntfs","Summary of disk space usage, since last event:

           Available space was between 96.33 GB and 96.38 GB
           Change in available space: 53 MB
           
           Available clusters were between: 25250777 and 25264343
           Reserved clusters were between: 767646 and 767694
           Txf abort reserved clusters were between: 1024 and 1024
           
           Elapsed seconds: 3738
           
           Pagefile size: 22.02 GB
           Volume size: 235.88 GB
           Bytes per cluster: 4096
           
           Volume guid: {c5c572ba-c5d0-47f6-864e-13eb05e6d46c}
           Volume name: C:
           Is boot volume: true
           
           Cached runs miss counts:
               For MFT: 0
               For MFT zone: 0
               Everything else: 0
"
"13-07-2026 22:36:53","142","Information","Microsoft-Windows-Ntfs","Summary of disk space usage, since last event:

           Available space was between 96.35 GB and 96.35 GB
           Change in available space: 2.49 MB
           
           Available clusters were between: 25255120 and 25255756
           Reserved clusters were between: 767646 and 767646
           Txf abort reserved clusters were between: 1024 and 1024
           
           Elapsed seconds: 5966
           
           Pagefile size: 22.02 GB
           Volume size: 235.88 GB
           Bytes per cluster: 4096
           
           Volume guid: {c5c572ba-c5d0-47f6-864e-13eb05e6d46c}
           Volume name: C:
           Is boot volume: true
           
           Cached runs miss counts:
               For MFT: 0
               For MFT zone: 0
               Everything else: 0
"
"13-07-2026 20:57:26","142","Information","Microsoft-Windows-Ntfs","Summary of disk space usage, since last event:

           Available space was between 96.16 GB and 96.75 GB
           Change in available space: 606.63 MB
           
           Available clusters were between: 25205680 and 25360975
           Reserved clusters were between: 767614 and 767838
           Txf abort reserved clusters were between: 1024 and 1024
           
           Elapsed seconds: 4697
           
           Pagefile size: 22.02 GB
           Volume size: 235.88 GB
           Bytes per cluster: 4096
           
           Volume guid: {c5c572ba-c5d0-47f6-864e-13eb05e6d46c}
           Volume name: C:
           Is boot volume: true
           
           Cached runs miss counts:
               For MFT: 0
               For MFT zone: 0
               Everything else: 0
"
"13-07-2026 19:39:09","142","Information","Microsoft-Windows-Ntfs","Summary of disk space usage, since last event:

           Available space was between 96.33 GB and 96.60 GB
           Change in available space: 279.11 MB
           
           Available clusters were between: 25250144 and 25321596
           Reserved clusters were between: 767630 and 775998
           Txf abort reserved clusters were between: 1024 and 1024
           
           Elapsed seconds: 3601
           
           Pagefile size: 22.02 GB
           Volume size: 235.88 GB
           Bytes per cluster: 4096
           
           Volume guid: {c5c572ba-c5d0-47f6-864e-13eb05e6d46c}
           Volume name: C:
           Is boot volume: true
           
           Cached runs miss counts:
               For MFT: 0
               For MFT zone: 0
               Everything else: 0
"
"13-07-2026 18:39:07","142","Information","Microsoft-Windows-Ntfs","Summary of disk space usage, since last event:

           Available space was between 91.56 GB and 96.56 GB
           Change in available space: 5 GB
           
           Available clusters were between: 24001182 and 25311196
           Reserved clusters were between: 767662 and 778382
           Txf abort reserved clusters were between: 1024 and 1024
           
           Elapsed seconds: 3604
           
           Pagefile size: 22.02 GB
           Volume size: 235.88 GB
           Bytes per cluster: 4096
           
           Volume guid: {c5c572ba-c5d0-47f6-864e-13eb05e6d46c}
           Volume name: C:
           Is boot volume: true
           
           Cached runs miss counts:
               For MFT: 0
               For MFT zone: 0
               Everything else: 0
"
"13-07-2026 17:39:03","142","Information","Microsoft-Windows-Ntfs","Summary of disk space usage, since last event:

           Available space was between 95.09 GB and 95.57 GB
           Change in available space: 492.74 MB
           
           Available clusters were between: 24925896 and 25052036
           Reserved clusters were between: 769950 and 778350
           Txf abort reserved clusters were between: 1024 and 1024
           
           Elapsed seconds: 3603
           
           Pagefile size: 22.02 GB
           Volume size: 235.88 GB
           Bytes per cluster: 4096
           
           Volume guid: {c5c572ba-c5d0-47f6-864e-13eb05e6d46c}
           Volume name: C:
           Is boot volume: true
           
           Cached runs miss counts:
               For MFT: 0
               For MFT zone: 0
               Everything else: 0
"
"13-07-2026 16:38:59","142","Information","Microsoft-Windows-Ntfs","Summary of disk space usage, since last event:

           Available space was between 95.54 GB and 95.77 GB
           Change in available space: 232.03 MB
           
           Available clusters were between: 25045149 and 25104547
           Reserved clusters were between: 769646 and 778238
           Txf abort reserved clusters were between: 1024 and 1024
           
           Elapsed seconds: 3604
           
           Pagefile size: 22.02 GB
           Volume size: 235.88 GB
           Bytes per cluster: 4096
           
           Volume guid: {c5c572ba-c5d0-47f6-864e-13eb05e6d46c}
           Volume name: C:
           Is boot volume: true
           
           Cached runs miss counts:
               For MFT: 0
               For MFT zone: 0
               Everything else: 0
"
"13-07-2026 15:38:55","142","Information","Microsoft-Windows-Ntfs","Summary of disk space usage, since last event:

           Available space was between 95.77 GB and 96.68 GB
           Change in available space: 934.24 MB
           
           Available clusters were between: 25104546 and 25343710
           Reserved clusters were between: 769646 and 778222
           Txf abort reserved clusters were between: 1024 and 1024
           
           Elapsed seconds: 3603
           
           Pagefile size: 22.02 GB
           Volume size: 235.88 GB
           Bytes per cluster: 4096
           
           Volume guid: {c5c572ba-c5d0-47f6-864e-13eb05e6d46c}
           Volume name: C:
           Is boot volume: true
           
           Cached runs miss counts:
               For MFT: 0
               For MFT zone: 0
               Everything else: 0
"
"13-07-2026 14:38:52","142","Information","Microsoft-Windows-Ntfs","Summary of disk space usage, since last event:

           Available space was between 96.65 GB and 96.73 GB
           Change in available space: 80.07 MB
           
           Available clusters were between: 25335340 and 25355837
           Reserved clusters were between: 769838 and 770014
           Txf abort reserved clusters were between: 1024 and 1024
           
           Elapsed seconds: 3603
           
           Pagefile size: 22.02 GB
           Volume size: 235.88 GB
           Bytes per cluster: 4096
           
           Volume guid: {c5c572ba-c5d0-47f6-864e-13eb05e6d46c}
           Volume name: C:
           Is boot volume: true
           
           Cached runs miss counts:
               For MFT: 0
               For MFT zone: 0
               Everything else: 0
"
"13-07-2026 13:38:49","142","Information","Microsoft-Windows-Ntfs","Summary of disk space usage, since last event:

           Available space was between 96.46 GB and 96.90 GB
           Change in available space: 445.49 MB
           
           Available clusters were between: 25286162 and 25400206
           Reserved clusters were between: 769790 and 778206
           Txf abort reserved clusters were between: 1024 and 1024
           
           Elapsed seconds: 3602
           
           Pagefile size: 22.02 GB
           Volume size: 235.88 GB
           Bytes per cluster: 4096
           
           Volume guid: {c5c572ba-c5d0-47f6-864e-13eb05e6d46c}
           Volume name: C:
           Is boot volume: true
           
           Cached runs miss counts:
               For MFT: 0
               For MFT zone: 0
               Everything else: 0
"
"13-07-2026 12:38:47","142","Information","Microsoft-Windows-Ntfs","Summary of disk space usage, since last event:

           Available space was between 96.30 GB and 97.44 GB
           Change in available space: 1.15 GB
           
           Available clusters were between: 25241885 and 25543178
           Reserved clusters were between: 769166 and 777982
           Txf abort reserved clusters were between: 1024 and 1024
           
           Elapsed seconds: 3602
           
           Pagefile size: 22.02 GB
           Volume size: 235.88 GB
           Bytes per cluster: 4096
           
           Volume guid: {c5c572ba-c5d0-47f6-864e-13eb05e6d46c}
           Volume name: C:
           Is boot volume: true
           
           Cached runs miss counts:
               For MFT: 0
               For MFT zone: 0
               Everything else: 0
"
"13-07-2026 11:38:44","142","Information","Microsoft-Windows-Ntfs","Summary of disk space usage, since last event:

           Available space was between 93.61 GB and 97.56 GB
           Change in available space: 3.95 GB
           
           Available clusters were between: 24538597 and 25572634
           Reserved clusters were between: 768894 and 777278
           Txf abort reserved clusters were between: 1024 and 1024
           
           Elapsed seconds: 3600
           
           Pagefile size: 22.02 GB
           Volume size: 235.88 GB
           Bytes per cluster: 4096
           
           Volume guid: {c5c572ba-c5d0-47f6-864e-13eb05e6d46c}
           Volume name: C:
           Is boot volume: true
           
           Cached runs miss counts:
               For MFT: 0
               For MFT zone: 0
               Everything else: 0
"
"13-07-2026 10:38:44","142","Information","Microsoft-Windows-Ntfs","Summary of disk space usage, since last event:

           Available space was between 88.56 GB and 98.39 GB
           Change in available space: 9.83 GB
           
           Available clusters were between: 23213765 and 25789843
           Reserved clusters were between: 768190 and 778238
           Txf abort reserved clusters were between: 1024 and 1024
           
           Elapsed seconds: 3602
           
           Pagefile size: 22.02 GB
           Volume size: 235.88 GB
           Bytes per cluster: 4096
           
           Volume guid: {c5c572ba-c5d0-47f6-864e-13eb05e6d46c}
           Volume name: C:
           Is boot volume: true
           
           Cached runs miss counts:
               For MFT: 0
               For MFT zone: 0
               Everything else: 0
"
"13-07-2026 09:38:42","142","Information","Microsoft-Windows-Ntfs","Summary of disk space usage, since last event:

           Available space was between 88.68 GB and 98.45 GB
           Change in available space: 9.78 GB
           
           Available clusters were between: 23245369 and 25807540
           Reserved clusters were between: 768142 and 768414
           Txf abort reserved clusters were between: 1024 and 1024
           
           Elapsed seconds: 31422
           
           Pagefile size: 22.02 GB
           Volume size: 235.88 GB
           Bytes per cluster: 4096
           
           Volume guid: {c5c572ba-c5d0-47f6-864e-13eb05e6d46c}
           Volume name: C:
           Is boot volume: true
           
           Cached runs miss counts:
               For MFT: 0
               For MFT zone: 0
               Everything else: 0
"
"13-07-2026 00:55:00","142","Information","Microsoft-Windows-Ntfs","Summary of disk space usage, since last event:

           Available space was between 98.44 GB and 98.45 GB
           Change in available space: 6.43 MB
           
           Available clusters were between: 25805131 and 25806775
           Reserved clusters were between: 768318 and 768590
           Txf abort reserved clusters were between: 1024 and 1024
           
           Elapsed seconds: 3795
           
           Pagefile size: 22.02 GB
           Volume size: 235.88 GB
           Bytes per cluster: 4096
           
           Volume guid: {c5c572ba-c5d0-47f6-864e-13eb05e6d46c}
           Volume name: C:
           Is boot volume: true
           
           Cached runs miss counts:
               For MFT: 0
               For MFT zone: 0
               Everything else: 0
"
"12-07-2026 23:51:44","142","Information","Microsoft-Windows-Ntfs","Summary of disk space usage, since last event:

           Available space was between 98.41 GB and 98.45 GB
           Change in available space: 39.17 MB
           
           Available clusters were between: 25795621 and 25805647
           Reserved clusters were between: 768318 and 768494
           Txf abort reserved clusters were between: 1024 and 1024
           
           Elapsed seconds: 4739
           
           Pagefile size: 22.02 GB
           Volume size: 235.88 GB
           Bytes per cluster: 4096
           
           Volume guid: {c5c572ba-c5d0-47f6-864e-13eb05e6d46c}
           Volume name: C:
           Is boot volume: true
           
           Cached runs miss counts:
               For MFT: 0
               For MFT zone: 0
               Everything else: 0
"
"12-07-2026 22:32:45","142","Information","Microsoft-Windows-Ntfs","Summary of disk space usage, since last event:

           Available space was between 98.41 GB and 98.48 GB
           Change in available space: 66 MB
           
           Available clusters were between: 25796693 and 25813589
           Reserved clusters were between: 768046 and 768334
           Txf abort reserved clusters were between: 1024 and 1024
           
           Elapsed seconds: 3615
           
           Pagefile size: 22.02 GB
           Volume size: 235.88 GB
           Bytes per cluster: 4096
           
           Volume guid: {c5c572ba-c5d0-47f6-864e-13eb05e6d46c}
           Volume name: C:
           Is boot volume: true
           
           Cached runs miss counts:
               For MFT: 0
               For MFT zone: 0
               Everything else: 0
"
"12-07-2026 21:32:30","142","Information","Microsoft-Windows-Ntfs","Summary of disk space usage, since last event:

           Available space was between 98.08 GB and 98.49 GB
           Change in available space: 417.05 MB
           
           Available clusters were between: 25710751 and 25817515
           Reserved clusters were between: 767918 and 768286
           Txf abort reserved clusters were between: 1024 and 1024
           
           Elapsed seconds: 3631
           
           Pagefile size: 22.02 GB
           Volume size: 235.88 GB
           Bytes per cluster: 4096
           
           Volume guid: {c5c572ba-c5d0-47f6-864e-13eb05e6d46c}
           Volume name: C:
           Is boot volume: true
           
           Cached runs miss counts:
               For MFT: 0
               For MFT zone: 0
               Everything else: 0
"
"12-07-2026 20:31:58","142","Information","Microsoft-Windows-Ntfs","Summary of disk space usage, since last event:

           Available space was between 98.36 GB and 98.64 GB
           Change in available space: 292.44 MB
           
           Available clusters were between: 25782990 and 25857854
           Reserved clusters were between: 768126 and 776446
           Txf abort reserved clusters were between: 1024 and 1024
           
           Elapsed seconds: 3603
           
           Pagefile size: 22.02 GB
           Volume size: 235.88 GB
           Bytes per cluster: 4096
           
           Volume guid: {c5c572ba-c5d0-47f6-864e-13eb05e6d46c}
           Volume name: C:
           Is boot volume: true
           
           Cached runs miss counts:
               For MFT: 0
               For MFT zone: 0
               Everything else: 0
"
"12-07-2026 19:31:54","142","Information","Microsoft-Windows-Ntfs","Summary of disk space usage, since last event:

           Available space was between 93.17 GB and 98.86 GB
           Change in available space: 5.69 GB
           
           Available clusters were between: 24423238 and 25914456
           Reserved clusters were between: 765342 and 776062
           Txf abort reserved clusters were between: 1024 and 1024
           
           Elapsed seconds: 3601
           
           Pagefile size: 22.02 GB
           Volume size: 235.88 GB
           Bytes per cluster: 4096
           
           Volume guid: {c5c572ba-c5d0-47f6-864e-13eb05e6d46c}
           Volume name: C:
           Is boot volume: true
           
           Cached runs miss counts:
               For MFT: 0
               For MFT zone: 0
               Everything else: 0
"
"12-07-2026 18:32:15","501","Information","Microsoft-Windows-Ntfs","A process has deleted a USN journal on a volume.

           Process: SearchIndexer.
           Volume Id: {c5c572ba-c5d0-47f6-864e-13eb05e6d46c}
           Volume Name: C:
           Journal Id: 0x1DC11A038CEB841
           Current USN: 0x0
"
"12-07-2026 18:31:52","10","Information","Microsoft-Windows-Ntfs","NTFS cached runs statistics.

           Volume correlation Id: {effcabed-bb48-44d2-a9ca-b0bdf73688b0}
           Volume name: \\?\Volume{effcabed-bb48-44d2-a9ca-b0bdf73688b0}
           Volume label: WINRETOOLS

           Device name: \Device\HarddiskVolume4
           Device GUID: {0d0616a1-3adc-3de7-d9a2-784fe4e2d52a}
           Device manufacturer: NVMe
           Device model: PM9C1b Samsung 256GB
           Device revision: 58330109
           Device serial number: 0025_38F6_5106_1623.
           Bus type: NVMe
           Native NVMe: false

           Adapter serial number: 

           Media type: Hard disk
           Runs cached: 4
           Longest run cached: 128.55 MB
           Most populated bin Count: 1
           Most populated bin's minimum length: 0 Bytes
           Most populated bin's maximum length: 4 KB
"
"12-07-2026 18:31:52","9","Information","Microsoft-Windows-Ntfs","NTFS scanned entire volume bitmap.

           Volume correlation Id: {effcabed-bb48-44d2-a9ca-b0bdf73688b0}
           Volume name: \\?\Volume{effcabed-bb48-44d2-a9ca-b0bdf73688b0}
           Volume label: WINRETOOLS

           Device name: \Device\HarddiskVolume4
           Device GUID: {0d0616a1-3adc-3de7-d9a2-784fe4e2d52a}
           Device manufacturer: NVMe
           Device model: PM9C1b Samsung 256GB
           Device revision: 58330109
           Device serial number: 0025_38F6_5106_1623.
           Bus type: NVMe
           Native NVMe: false

           Adapter serial number: 

           Duration (micro seconds): 35
           InputFlags: 0x10
           Reason: Proactive background scan to repopulate cached runs
           Flags: 0x10
"
"12-07-2026 18:31:52","10","Information","Microsoft-Windows-Ntfs","NTFS cached runs statistics.

           Volume correlation Id: {c5c572ba-c5d0-47f6-864e-13eb05e6d46c}
           Volume name: C:
           Volume label: OS

           Device name: \Device\HarddiskVolume3
           Device GUID: {0d0616a1-3adc-3de7-d9a2-784fe4e2d52a}
           Device manufacturer: NVMe
           Device model: PM9C1b Samsung 256GB
           Device revision: 58330109
           Device serial number: 0025_38F6_5106_1623.
           Bus type: NVMe
           Native NVMe: false

           Adapter serial number: 

           Media type: Hard disk
           Runs cached: 4140
           Longest run cached: 19.81 GB
           Most populated bin Count: 587
           Most populated bin's minimum length: 0 Bytes
           Most populated bin's maximum length: 4 KB
"
