"12-08-2026 17:13:56","102","Information","Microsoft-Windows-Kernel-Cache","Global Periodic Cache Information:

                       Period Duration (microseconds): 3644143175
                       Number of NUMA Nodes: 80719
                       Event Samples: 44
                       Total Number of Mapped VACBs: 693393
                       Total Partition Samples: 44
                       Total Volume Samples: 176
                       Total Pages Yet to Write: 14048
                       Total Dirty Pages: 17413
                       Total Available Pages: 34683907
                       Total Physical Pages: 178294512
                       Total Number of Worker Threads: 704
                       Total Number of Active Worker Threads: 0
                       Total Average Available Pages: 151650117
                       Total Average Dirty Pages: 18259
                       CopyRead Calls: 2515863
                       AsyncCopyRead Calls: 577
                       CopyWriteCalls: 517360
                       SetValidData Calls: 27664
                       FlushCache Calls: 80719"
"12-08-2026 16:13:12","105","Information","Microsoft-Windows-Kernel-Cache","Volume Periodic Cache Write Latency Information:

                       Device GUID: {f06ef650-de5a-4a43-abb8-73f2ff6a56fd}
                       Period Duration (microseconds): 3644143609

                       Latency Bucket Values:  [256us, 1ms, 4ms, 16ms, 64ms, 128ms, 256ms, 2000ms, 6000ms, 10000ms, 20000ms, 20000+ms]

                       Synchronous Write IO Counts: [0, 0, 0, 0, 0, 0, 0, 0, 0, 0, 0, 0]
                       Synchronous Write IO Total Latencies (us): [0, 0, 0, 0, 0, 0, 0, 0, 0, 0, 0, 0]
                       Synchronous Write Non-Blocking IO Counts: [0, 0, 0, 0, 0, 0, 0, 0, 0, 0, 0, 0]
                       Synchronous Write Non-Blocking IO Total Latencies (us): [0, 0, 0, 0, 0, 0, 0, 0, 0, 0, 0, 0]"
"12-08-2026 16:13:12","104","Information","Microsoft-Windows-Kernel-Cache","Volume Periodic Cache Read Latency Information:

                       Device GUID: {f06ef650-de5a-4a43-abb8-73f2ff6a56fd}
                       Period Duration (microseconds): 3644143609

                       Latency Bucket Values:  [256us, 1ms, 4ms, 16ms, 64ms, 128ms, 256ms, 2000ms, 6000ms, 10000ms, 20000ms, 20000+ms]

                       Synchronous Read IO Counts: [195, 52, 17, 1, 0, 0, 0, 0, 0, 0, 0, 0]
                       Synchronous Read IO Total Latencies (us): [5260, 22265, 28912, 4299, 0, 0, 0, 0, 0, 0, 0, 0]
                       Synchronous Read Non-Blocking IO Counts: [0, 0, 0, 0, 0, 0, 0, 0, 0, 0, 0, 0]
                       Synchronous Read Non-Blocking IO Total Latencies (us): [0, 0, 0, 0, 0, 0, 0, 0, 0, 0, 0, 0]
                       Asynchronous Read IO Counts: [0, 0, 0, 0, 0, 0, 0, 0, 0, 0, 0, 0]
                       Asynchronous Read IO Total Latencies (us): [0, 0, 0, 0, 0, 0, 0, 0, 0, 0, 0, 0]"
"12-08-2026 16:13:12","103","Information","Microsoft-Windows-Kernel-Cache","Volume Periodic Cache Information:

                       Device GUID: {f06ef650-de5a-4a43-abb8-73f2ff6a56fd}
                       Period Duration (microseconds): 3644143609
                       Total Dirty Pages: 0
                       Maximum Dirty Pages: 0
                       Total Dirty Page Threshold: 0
                       Top Dirty Page Threshold: 0
                       Bottom Dirty Page Threshold: 0
                       Dirty Page Samples: 0
                       Total Lazy Writer Calls: 0
                       Total Lazy Writer Latency: 0
                       Total Lazy Writer Pages Flushed: 0
                       Lazy Writer Average Pages Per Second: 0
                       Total Pages Queued to Disk: 0
                       Maximum Pages Queued to Disk: 0
                       Pages Queued to Disk Samples: 10
                       Total Metadata Pages Queued to Disk: 0
                       Maximum Metadata Pages Queued to Disk: 0
                       Metadata Pages Queued to Disk Samples: 10
                       Read Total Bytes: 78245888
                       Read Paged-In Total Bytes: 15835136
                       Read-Ahead Total Bytes: 0
                       Cache Hit Ratio (%): 79
                       Total Writes: 0
                       Total Hard-Throttle Writes: 0
                       Total Soft-Throttle Writes: 0
                       Total Synchronous Read IO Count: 265
                       Total Synchronous Non-Blocking Read IO Count: 0
                       Total Failed Synchronous Non-Blocking Read IO Count: 0
                       Synchronous Read IO Maximum Latency (us): 4299
                       Synchronous Read IO Non-Blocking Maximum Latency (us): 0
                       Total Synchronous Write IO Count: 0
                       Total Synchronous Non-Blocking Write IO Count: 0
                       Total Failed Synchronous Non-Blocking Write IO Count: 0
                       Synchronous Write IO Maximum Latency (us): 0
                       Synchronous Write IO Non-Blockinig Maximum Latency (us): 0
                       Total Asynchronous Read IO Count: 0
                       Asynchronous Read IO Maximum Latency (us): 0"
"12-08-2026 16:13:12","105","Information","Microsoft-Windows-Kernel-Cache","Volume Periodic Cache Write Latency Information:

                       Device GUID: {00000000-0000-0000-0000-000000000000}
                       Period Duration (microseconds): 3644143609

                       Latency Bucket Values:  [256us, 1ms, 4ms, 16ms, 64ms, 128ms, 256ms, 2000ms, 6000ms, 10000ms, 20000ms, 20000+ms]

                       Synchronous Write IO Counts: [0, 0, 0, 0, 0, 0, 0, 0, 0, 0, 0, 0]
                       Synchronous Write IO Total Latencies (us): [0, 0, 0, 0, 0, 0, 0, 0, 0, 0, 0, 0]
                       Synchronous Write Non-Blocking IO Counts: [0, 0, 0, 0, 0, 0, 0, 0, 0, 0, 0, 0]
                       Synchronous Write Non-Blocking IO Total Latencies (us): [0, 0, 0, 0, 0, 0, 0, 0, 0, 0, 0, 0]"
"12-08-2026 16:13:12","104","Information","Microsoft-Windows-Kernel-Cache","Volume Periodic Cache Read Latency Information:

                       Device GUID: {00000000-0000-0000-0000-000000000000}
                       Period Duration (microseconds): 3644143609

                       Latency Bucket Values:  [256us, 1ms, 4ms, 16ms, 64ms, 128ms, 256ms, 2000ms, 6000ms, 10000ms, 20000ms, 20000+ms]

                       Synchronous Read IO Counts: [7, 1, 0, 0, 0, 0, 0, 0, 0, 0, 0, 0]
                       Synchronous Read IO Total Latencies (us): [423, 358, 0, 0, 0, 0, 0, 0, 0, 0, 0, 0]
                       Synchronous Read Non-Blocking IO Counts: [0, 0, 0, 0, 0, 0, 0, 0, 0, 0, 0, 0]
                       Synchronous Read Non-Blocking IO Total Latencies (us): [0, 0, 0, 0, 0, 0, 0, 0, 0, 0, 0, 0]
                       Asynchronous Read IO Counts: [0, 0, 0, 0, 0, 0, 0, 0, 0, 0, 0, 0]
                       Asynchronous Read IO Total Latencies (us): [0, 0, 0, 0, 0, 0, 0, 0, 0, 0, 0, 0]"
"12-08-2026 16:13:12","103","Information","Microsoft-Windows-Kernel-Cache","Volume Periodic Cache Information:

                       Device GUID: {00000000-0000-0000-0000-000000000000}
                       Period Duration (microseconds): 3644143609
                       Total Dirty Pages: 0
                       Maximum Dirty Pages: 0
                       Total Dirty Page Threshold: 0
                       Top Dirty Page Threshold: 0
                       Bottom Dirty Page Threshold: 0
                       Dirty Page Samples: 0
                       Total Lazy Writer Calls: 0
                       Total Lazy Writer Latency: 0
                       Total Lazy Writer Pages Flushed: 0
                       Lazy Writer Average Pages Per Second: 0
                       Total Pages Queued to Disk: 0
                       Maximum Pages Queued to Disk: 0
                       Pages Queued to Disk Samples: 0
                       Total Metadata Pages Queued to Disk: 0
                       Maximum Metadata Pages Queued to Disk: 0
                       Metadata Pages Queued to Disk Samples: 0
                       Read Total Bytes: 2097152
                       Read Paged-In Total Bytes: 1048576
                       Read-Ahead Total Bytes: 0
                       Cache Hit Ratio (%): 50
                       Total Writes: 0
                       Total Hard-Throttle Writes: 0
                       Total Soft-Throttle Writes: 0
                       Total Synchronous Read IO Count: 8
                       Total Synchronous Non-Blocking Read IO Count: 0
                       Total Failed Synchronous Non-Blocking Read IO Count: 0
                       Synchronous Read IO Maximum Latency (us): 358
                       Synchronous Read IO Non-Blocking Maximum Latency (us): 0
                       Total Synchronous Write IO Count: 0
                       Total Synchronous Non-Blocking Write IO Count: 0
                       Total Failed Synchronous Non-Blocking Write IO Count: 0
                       Synchronous Write IO Maximum Latency (us): 0
                       Synchronous Write IO Non-Blockinig Maximum Latency (us): 0
                       Total Asynchronous Read IO Count: 0
                       Asynchronous Read IO Maximum Latency (us): 0"
"12-08-2026 16:13:12","105","Information","Microsoft-Windows-Kernel-Cache","Volume Periodic Cache Write Latency Information:

                       Device GUID: {c5c572ba-c5d0-47f6-864e-13eb05e6d46c}
                       Period Duration (microseconds): 3644143609

                       Latency Bucket Values:  [256us, 1ms, 4ms, 16ms, 64ms, 128ms, 256ms, 2000ms, 6000ms, 10000ms, 20000ms, 20000+ms]

                       Synchronous Write IO Counts: [301586, 3427, 817, 257, 11, 4, 0, 0, 0, 0, 0, 0]
                       Synchronous Write IO Total Latencies (us): [998522, 1713903, 1300681, 1330078, 376977, 363840, 0, 0, 0, 0, 0, 0]
                       Synchronous Write Non-Blocking IO Counts: [3175, 0, 0, 0, 0, 0, 0, 0, 0, 0, 0, 0]
                       Synchronous Write Non-Blocking IO Total Latencies (us): [0, 0, 0, 0, 0, 0, 0, 0, 0, 0, 0, 0]"
"12-08-2026 16:13:12","104","Information","Microsoft-Windows-Kernel-Cache","Volume Periodic Cache Read Latency Information:

                       Device GUID: {c5c572ba-c5d0-47f6-864e-13eb05e6d46c}
                       Period Duration (microseconds): 3644143609

                       Latency Bucket Values:  [256us, 1ms, 4ms, 16ms, 64ms, 128ms, 256ms, 2000ms, 6000ms, 10000ms, 20000ms, 20000+ms]

                       Synchronous Read IO Counts: [2603834, 4817, 922, 250, 9, 0, 0, 0, 0, 0, 0, 0]
                       Synchronous Read IO Total Latencies (us): [420462, 2190650, 1402628, 2002236, 195201, 0, 0, 0, 0, 0, 0, 0]
                       Synchronous Read Non-Blocking IO Counts: [13025, 0, 0, 0, 0, 0, 0, 0, 0, 0, 0, 0]
                       Synchronous Read Non-Blocking IO Total Latencies (us): [0, 0, 0, 0, 0, 0, 0, 0, 0, 0, 0, 0]
                       Asynchronous Read IO Counts: [422, 897, 166, 69, 13, 3, 0, 0, 0, 0, 0, 0]
                       Asynchronous Read IO Total Latencies (us): [79740, 417656, 273373, 361236, 358086, 242560, 0, 0, 0, 0, 0, 0]"
"12-08-2026 16:13:12","103","Information","Microsoft-Windows-Kernel-Cache","Volume Periodic Cache Information:

                       Device GUID: {c5c572ba-c5d0-47f6-864e-13eb05e6d46c}
                       Period Duration (microseconds): 3644143609
                       Total Dirty Pages: 92185774
                       Maximum Dirty Pages: 5448
                       Total Dirty Page Threshold: 11077239931
                       Top Dirty Page Threshold: 506518
                       Bottom Dirty Page Threshold: 506518
                       Dirty Page Samples: 232116
                       Total Lazy Writer Calls: 17410
                       Total Lazy Writer Latency: 46770712
                       Total Lazy Writer Pages Flushed: 57517
                       Lazy Writer Average Pages Per Second: 190
                       Total Pages Queued to Disk: 7708407
                       Maximum Pages Queued to Disk: 4219
                       Pages Queued to Disk Samples: 85553
                       Total Metadata Pages Queued to Disk: 6791095
                       Maximum Metadata Pages Queued to Disk: 1420
                       Metadata Pages Queued to Disk Samples: 85553
                       Read Total Bytes: 384316724166
                       Read Paged-In Total Bytes: 1616158576
                       Read-Ahead Total Bytes: 0
                       Cache Hit Ratio (%): 99
                       Total Writes: 313319
                       Total Hard-Throttle Writes: 0
                       Total Soft-Throttle Writes: 0
                       Total Synchronous Read IO Count: 2609842
                       Total Synchronous Non-Blocking Read IO Count: 13025
                       Total Failed Synchronous Non-Blocking Read IO Count: 1570
                       Synchronous Read IO Maximum Latency (us): 42108
                       Synchronous Read IO Non-Blocking Maximum Latency (us): 0
                       Total Synchronous Write IO Count: 306104
                       Total Synchronous Non-Blocking Write IO Count: 3175
                       Total Failed Synchronous Non-Blocking Write IO Count: 63
                       Synchronous Write IO Maximum Latency (us): 110651
                       Synchronous Write IO Non-Blockinig Maximum Latency (us): 0
                       Total Asynchronous Read IO Count: 1570
                       Asynchronous Read IO Maximum Latency (us): 95378"
"12-08-2026 16:13:12","102","Information","Microsoft-Windows-Kernel-Cache","Global Periodic Cache Information:

                       Period Duration (microseconds): 3644143609
                       Number of NUMA Nodes: 87467
                       Event Samples: 49
                       Total Number of Mapped VACBs: 730973
                       Total Partition Samples: 49
                       Total Volume Samples: 196
                       Total Pages Yet to Write: 11875
                       Total Dirty Pages: 10704
                       Total Available Pages: 49398833
                       Total Physical Pages: 198555252
                       Total Number of Worker Threads: 784
                       Total Number of Active Worker Threads: 0
                       Total Average Available Pages: 178898738
                       Total Average Dirty Pages: 11600
                       CopyRead Calls: 2625189
                       AsyncCopyRead Calls: 1570
                       CopyWriteCalls: 318873
                       SetValidData Calls: 21265
                       FlushCache Calls: 87467"
"12-08-2026 15:12:28","105","Information","Microsoft-Windows-Kernel-Cache","Volume Periodic Cache Write Latency Information:

                       Device GUID: {f06ef650-de5a-4a43-abb8-73f2ff6a56fd}
                       Period Duration (microseconds): 3645188022

                       Latency Bucket Values:  [256us, 1ms, 4ms, 16ms, 64ms, 128ms, 256ms, 2000ms, 6000ms, 10000ms, 20000ms, 20000+ms]

                       Synchronous Write IO Counts: [0, 0, 0, 0, 0, 0, 0, 0, 0, 0, 0, 0]
                       Synchronous Write IO Total Latencies (us): [0, 0, 0, 0, 0, 0, 0, 0, 0, 0, 0, 0]
                       Synchronous Write Non-Blocking IO Counts: [0, 0, 0, 0, 0, 0, 0, 0, 0, 0, 0, 0]
                       Synchronous Write Non-Blocking IO Total Latencies (us): [0, 0, 0, 0, 0, 0, 0, 0, 0, 0, 0, 0]"
"12-08-2026 15:12:28","104","Information","Microsoft-Windows-Kernel-Cache","Volume Periodic Cache Read Latency Information:

                       Device GUID: {f06ef650-de5a-4a43-abb8-73f2ff6a56fd}
                       Period Duration (microseconds): 3645188022

                       Latency Bucket Values:  [256us, 1ms, 4ms, 16ms, 64ms, 128ms, 256ms, 2000ms, 6000ms, 10000ms, 20000ms, 20000+ms]

                       Synchronous Read IO Counts: [1390, 88, 50, 14, 0, 0, 0, 0, 0, 0, 0, 0]
                       Synchronous Read IO Total Latencies (us): [8843, 35850, 97575, 68249, 0, 0, 0, 0, 0, 0, 0, 0]
                       Synchronous Read Non-Blocking IO Counts: [0, 0, 0, 0, 0, 0, 0, 0, 0, 0, 0, 0]
                       Synchronous Read Non-Blocking IO Total Latencies (us): [0, 0, 0, 0, 0, 0, 0, 0, 0, 0, 0, 0]
                       Asynchronous Read IO Counts: [0, 0, 0, 0, 0, 0, 0, 0, 0, 0, 0, 0]
                       Asynchronous Read IO Total Latencies (us): [0, 0, 0, 0, 0, 0, 0, 0, 0, 0, 0, 0]"
"12-08-2026 15:12:28","103","Information","Microsoft-Windows-Kernel-Cache","Volume Periodic Cache Information:

                       Device GUID: {f06ef650-de5a-4a43-abb8-73f2ff6a56fd}
                       Period Duration (microseconds): 3645188022
                       Total Dirty Pages: 0
                       Maximum Dirty Pages: 0
                       Total Dirty Page Threshold: 0
                       Top Dirty Page Threshold: 0
                       Bottom Dirty Page Threshold: 0
                       Dirty Page Samples: 0
                       Total Lazy Writer Calls: 0
                       Total Lazy Writer Latency: 0
                       Total Lazy Writer Pages Flushed: 0
                       Lazy Writer Average Pages Per Second: 0
                       Total Pages Queued to Disk: 0
                       Maximum Pages Queued to Disk: 0
                       Pages Queued to Disk Samples: 80
                       Total Metadata Pages Queued to Disk: 0
                       Maximum Metadata Pages Queued to Disk: 0
                       Metadata Pages Queued to Disk Samples: 80
                       Read Total Bytes: 435843072
                       Read Paged-In Total Bytes: 31670272
                       Read-Ahead Total Bytes: 0
                       Cache Hit Ratio (%): 92
                       Total Writes: 0
                       Total Hard-Throttle Writes: 0
                       Total Soft-Throttle Writes: 0
                       Total Synchronous Read IO Count: 1542
                       Total Synchronous Non-Blocking Read IO Count: 0
                       Total Failed Synchronous Non-Blocking Read IO Count: 0
                       Synchronous Read IO Maximum Latency (us): 7413
                       Synchronous Read IO Non-Blocking Maximum Latency (us): 0
                       Total Synchronous Write IO Count: 0
                       Total Synchronous Non-Blocking Write IO Count: 0
                       Total Failed Synchronous Non-Blocking Write IO Count: 0
                       Synchronous Write IO Maximum Latency (us): 0
                       Synchronous Write IO Non-Blockinig Maximum Latency (us): 0
                       Total Asynchronous Read IO Count: 0
                       Asynchronous Read IO Maximum Latency (us): 0"
"12-08-2026 15:12:28","105","Information","Microsoft-Windows-Kernel-Cache","Volume Periodic Cache Write Latency Information:

                       Device GUID: {00000000-0000-0000-0000-000000000000}
                       Period Duration (microseconds): 3645188022

                       Latency Bucket Values:  [256us, 1ms, 4ms, 16ms, 64ms, 128ms, 256ms, 2000ms, 6000ms, 10000ms, 20000ms, 20000+ms]

                       Synchronous Write IO Counts: [0, 0, 0, 0, 0, 0, 0, 0, 0, 0, 0, 0]
                       Synchronous Write IO Total Latencies (us): [0, 0, 0, 0, 0, 0, 0, 0, 0, 0, 0, 0]
                       Synchronous Write Non-Blocking IO Counts: [0, 0, 0, 0, 0, 0, 0, 0, 0, 0, 0, 0]
                       Synchronous Write Non-Blocking IO Total Latencies (us): [0, 0, 0, 0, 0, 0, 0, 0, 0, 0, 0, 0]"
"12-08-2026 15:12:28","104","Information","Microsoft-Windows-Kernel-Cache","Volume Periodic Cache Read Latency Information:

                       Device GUID: {00000000-0000-0000-0000-000000000000}
                       Period Duration (microseconds): 3645188022

                       Latency Bucket Values:  [256us, 1ms, 4ms, 16ms, 64ms, 128ms, 256ms, 2000ms, 6000ms, 10000ms, 20000ms, 20000+ms]

                       Synchronous Read IO Counts: [3, 1, 0, 0, 0, 0, 0, 0, 0, 0, 0, 0]
                       Synchronous Read IO Total Latencies (us): [124, 347, 0, 0, 0, 0, 0, 0, 0, 0, 0, 0]
                       Synchronous Read Non-Blocking IO Counts: [0, 0, 0, 0, 0, 0, 0, 0, 0, 0, 0, 0]
                       Synchronous Read Non-Blocking IO Total Latencies (us): [0, 0, 0, 0, 0, 0, 0, 0, 0, 0, 0, 0]
                       Asynchronous Read IO Counts: [0, 0, 0, 0, 0, 0, 0, 0, 0, 0, 0, 0]
                       Asynchronous Read IO Total Latencies (us): [0, 0, 0, 0, 0, 0, 0, 0, 0, 0, 0, 0]"
"12-08-2026 15:12:28","103","Information","Microsoft-Windows-Kernel-Cache","Volume Periodic Cache Information:

                       Device GUID: {00000000-0000-0000-0000-000000000000}
                       Period Duration (microseconds): 3645188022
                       Total Dirty Pages: 0
                       Maximum Dirty Pages: 0
                       Total Dirty Page Threshold: 0
                       Top Dirty Page Threshold: 0
                       Bottom Dirty Page Threshold: 0
                       Dirty Page Samples: 0
                       Total Lazy Writer Calls: 0
                       Total Lazy Writer Latency: 0
                       Total Lazy Writer Pages Flushed: 0
                       Lazy Writer Average Pages Per Second: 0
                       Total Pages Queued to Disk: 0
                       Maximum Pages Queued to Disk: 0
                       Pages Queued to Disk Samples: 0
                       Total Metadata Pages Queued to Disk: 0
                       Maximum Metadata Pages Queued to Disk: 0
                       Metadata Pages Queued to Disk Samples: 0
                       Read Total Bytes: 1048576
                       Read Paged-In Total Bytes: 524288
                       Read-Ahead Total Bytes: 0
                       Cache Hit Ratio (%): 50
                       Total Writes: 0
                       Total Hard-Throttle Writes: 0
                       Total Soft-Throttle Writes: 0
                       Total Synchronous Read IO Count: 4
                       Total Synchronous Non-Blocking Read IO Count: 0
                       Total Failed Synchronous Non-Blocking Read IO Count: 0
                       Synchronous Read IO Maximum Latency (us): 347
                       Synchronous Read IO Non-Blocking Maximum Latency (us): 0
                       Total Synchronous Write IO Count: 0
                       Total Synchronous Non-Blocking Write IO Count: 0
                       Total Failed Synchronous Non-Blocking Write IO Count: 0
                       Synchronous Write IO Maximum Latency (us): 0
                       Synchronous Write IO Non-Blockinig Maximum Latency (us): 0
                       Total Asynchronous Read IO Count: 0
                       Asynchronous Read IO Maximum Latency (us): 0"
"12-08-2026 15:12:28","105","Information","Microsoft-Windows-Kernel-Cache","Volume Periodic Cache Write Latency Information:

                       Device GUID: {c5c572ba-c5d0-47f6-864e-13eb05e6d46c}
                       Period Duration (microseconds): 3645188022

                       Latency Bucket Values:  [256us, 1ms, 4ms, 16ms, 64ms, 128ms, 256ms, 2000ms, 6000ms, 10000ms, 20000ms, 20000+ms]

                       Synchronous Write IO Counts: [270377, 2995, 743, 221, 7, 0, 1, 0, 0, 0, 0, 0]
                       Synchronous Write IO Total Latencies (us): [556559, 1435957, 1211020, 1133207, 272711, 0, 130343, 0, 0, 0, 0, 0]
                       Synchronous Write Non-Blocking IO Counts: [5695, 0, 0, 0, 0, 0, 0, 0, 0, 0, 0, 0]
                       Synchronous Write Non-Blocking IO Total Latencies (us): [0, 0, 0, 0, 0, 0, 0, 0, 0, 0, 0, 0]"
"12-08-2026 15:12:28","104","Information","Microsoft-Windows-Kernel-Cache","Volume Periodic Cache Read Latency Information:

                       Device GUID: {c5c572ba-c5d0-47f6-864e-13eb05e6d46c}
                       Period Duration (microseconds): 3645188022

                       Latency Bucket Values:  [256us, 1ms, 4ms, 16ms, 64ms, 128ms, 256ms, 2000ms, 6000ms, 10000ms, 20000ms, 20000+ms]

                       Synchronous Read IO Counts: [4125638, 4482, 2559, 1962, 13, 1, 0, 0, 0, 0, 0, 0]
                       Synchronous Read IO Total Latencies (us): [506538, 2372131, 4286787, 9722073, 277479, 68389, 0, 0, 0, 0, 0, 0]
                       Synchronous Read Non-Blocking IO Counts: [156296, 0, 0, 0, 0, 0, 0, 0, 0, 0, 0, 0]
                       Synchronous Read Non-Blocking IO Total Latencies (us): [0, 0, 0, 0, 0, 0, 0, 0, 0, 0, 0, 0]
                       Asynchronous Read IO Counts: [347, 1928, 2046, 198, 12, 3, 0, 0, 0, 0, 0, 0]
                       Asynchronous Read IO Total Latencies (us): [63738, 1239253, 3294721, 1152991, 422796, 222644, 0, 0, 0, 0, 0, 0]"
"12-08-2026 15:12:28","103","Information","Microsoft-Windows-Kernel-Cache","Volume Periodic Cache Information:

                       Device GUID: {c5c572ba-c5d0-47f6-864e-13eb05e6d46c}
                       Period Duration (microseconds): 3645188022
                       Total Dirty Pages: 1265866426
                       Maximum Dirty Pages: 74170
                       Total Dirty Page Threshold: 12997663205
                       Top Dirty Page Threshold: 506518
                       Bottom Dirty Page Threshold: 506518
                       Dirty Page Samples: 268342
                       Total Lazy Writer Calls: 20635
                       Total Lazy Writer Latency: 60101231
                       Total Lazy Writer Pages Flushed: 190676
                       Lazy Writer Average Pages Per Second: 1045
                       Total Pages Queued to Disk: 5848433
                       Maximum Pages Queued to Disk: 13342
                       Pages Queued to Disk Samples: 96438
                       Total Metadata Pages Queued to Disk: 2950332
                       Maximum Metadata Pages Queued to Disk: 1837
                       Metadata Pages Queued to Disk Samples: 96429
                       Read Total Bytes: 810301030100
                       Read Paged-In Total Bytes: 2258082067
                       Read-Ahead Total Bytes: 0
                       Cache Hit Ratio (%): 99
                       Total Writes: 282967
                       Total Hard-Throttle Writes: 0
                       Total Soft-Throttle Writes: 0
                       Total Synchronous Read IO Count: 4134664
                       Total Synchronous Non-Blocking Read IO Count: 156296
                       Total Failed Synchronous Non-Blocking Read IO Count: 4534
                       Synchronous Read IO Maximum Latency (us): 68389
                       Synchronous Read IO Non-Blocking Maximum Latency (us): 0
                       Total Synchronous Write IO Count: 274342
                       Total Synchronous Non-Blocking Write IO Count: 5695
                       Total Failed Synchronous Non-Blocking Write IO Count: 74
                       Synchronous Write IO Maximum Latency (us): 130343
                       Synchronous Write IO Non-Blockinig Maximum Latency (us): 0
                       Total Asynchronous Read IO Count: 4534
                       Asynchronous Read IO Maximum Latency (us): 85365"
"12-08-2026 15:12:28","102","Information","Microsoft-Windows-Kernel-Cache","Global Periodic Cache Information:

                       Period Duration (microseconds): 3645188022
                       Number of NUMA Nodes: 91184
                       Event Samples: 48
                       Total Number of Mapped VACBs: 770493
                       Total Partition Samples: 48
                       Total Volume Samples: 192
                       Total Pages Yet to Write: 14914
                       Total Dirty Pages: 46598
                       Total Available Pages: 36337977
                       Total Physical Pages: 194503104
                       Total Number of Worker Threads: 768
                       Total Number of Active Worker Threads: 0
                       Total Average Available Pages: 170156163
                       Total Average Dirty Pages: 72535
                       CopyRead Calls: 4297381
                       AsyncCopyRead Calls: 4534
                       CopyWriteCalls: 285889
                       SetValidData Calls: 23954
                       FlushCache Calls: 91184"
"12-08-2026 14:11:43","105","Information","Microsoft-Windows-Kernel-Cache","Volume Periodic Cache Write Latency Information:

                       Device GUID: {f06ef650-de5a-4a43-abb8-73f2ff6a56fd}
                       Period Duration (microseconds): 3718515796

                       Latency Bucket Values:  [256us, 1ms, 4ms, 16ms, 64ms, 128ms, 256ms, 2000ms, 6000ms, 10000ms, 20000ms, 20000+ms]

                       Synchronous Write IO Counts: [2, 7, 1, 0, 0, 0, 0, 0, 0, 0, 0, 0]
                       Synchronous Write IO Total Latencies (us): [325, 4273, 2162, 0, 0, 0, 0, 0, 0, 0, 0, 0]
                       Synchronous Write Non-Blocking IO Counts: [2, 0, 0, 0, 0, 0, 0, 0, 0, 0, 0, 0]
                       Synchronous Write Non-Blocking IO Total Latencies (us): [0, 0, 0, 0, 0, 0, 0, 0, 0, 0, 0, 0]"
"12-08-2026 14:11:43","104","Information","Microsoft-Windows-Kernel-Cache","Volume Periodic Cache Read Latency Information:

                       Device GUID: {f06ef650-de5a-4a43-abb8-73f2ff6a56fd}
                       Period Duration (microseconds): 3718515796

                       Latency Bucket Values:  [256us, 1ms, 4ms, 16ms, 64ms, 128ms, 256ms, 2000ms, 6000ms, 10000ms, 20000ms, 20000+ms]

                       Synchronous Read IO Counts: [0, 0, 0, 0, 0, 0, 0, 0, 0, 0, 0, 0]
                       Synchronous Read IO Total Latencies (us): [0, 0, 0, 0, 0, 0, 0, 0, 0, 0, 0, 0]
                       Synchronous Read Non-Blocking IO Counts: [0, 0, 0, 0, 0, 0, 0, 0, 0, 0, 0, 0]
                       Synchronous Read Non-Blocking IO Total Latencies (us): [0, 0, 0, 0, 0, 0, 0, 0, 0, 0, 0, 0]
                       Asynchronous Read IO Counts: [0, 0, 0, 0, 0, 0, 0, 0, 0, 0, 0, 0]
                       Asynchronous Read IO Total Latencies (us): [0, 0, 0, 0, 0, 0, 0, 0, 0, 0, 0, 0]"
"12-08-2026 14:11:43","103","Information","Microsoft-Windows-Kernel-Cache","Volume Periodic Cache Information:

                       Device GUID: {f06ef650-de5a-4a43-abb8-73f2ff6a56fd}
                       Period Duration (microseconds): 3718515796
                       Total Dirty Pages: 96
                       Maximum Dirty Pages: 11
                       Total Dirty Page Threshold: 491520
                       Top Dirty Page Threshold: 506518
                       Bottom Dirty Page Threshold: 506518
                       Dirty Page Samples: 48
                       Total Lazy Writer Calls: 0
                       Total Lazy Writer Latency: 0
                       Total Lazy Writer Pages Flushed: 0
                       Lazy Writer Average Pages Per Second: 0
                       Total Pages Queued to Disk: 1
                       Maximum Pages Queued to Disk: 1
                       Pages Queued to Disk Samples: 2
                       Total Metadata Pages Queued to Disk: 0
                       Maximum Metadata Pages Queued to Disk: 0
                       Metadata Pages Queued to Disk Samples: 2
                       Read Total Bytes: 0
                       Read Paged-In Total Bytes: 0
                       Read-Ahead Total Bytes: 0
                       Cache Hit Ratio (%): 0
                       Total Writes: 22
                       Total Hard-Throttle Writes: 0
                       Total Soft-Throttle Writes: 0
                       Total Synchronous Read IO Count: 0
                       Total Synchronous Non-Blocking Read IO Count: 0
                       Total Failed Synchronous Non-Blocking Read IO Count: 0
                       Synchronous Read IO Maximum Latency (us): 0
                       Synchronous Read IO Non-Blocking Maximum Latency (us): 0
                       Total Synchronous Write IO Count: 10
                       Total Synchronous Non-Blocking Write IO Count: 2
                       Total Failed Synchronous Non-Blocking Write IO Count: 0
                       Synchronous Write IO Maximum Latency (us): 2162
                       Synchronous Write IO Non-Blockinig Maximum Latency (us): 0
                       Total Asynchronous Read IO Count: 0
                       Asynchronous Read IO Maximum Latency (us): 0"
"12-08-2026 14:11:43","105","Information","Microsoft-Windows-Kernel-Cache","Volume Periodic Cache Write Latency Information:

                       Device GUID: {00000000-0000-0000-0000-000000000000}
                       Period Duration (microseconds): 3718515796

                       Latency Bucket Values:  [256us, 1ms, 4ms, 16ms, 64ms, 128ms, 256ms, 2000ms, 6000ms, 10000ms, 20000ms, 20000+ms]

                       Synchronous Write IO Counts: [0, 0, 0, 0, 0, 0, 0, 0, 0, 0, 0, 0]
                       Synchronous Write IO Total Latencies (us): [0, 0, 0, 0, 0, 0, 0, 0, 0, 0, 0, 0]
                       Synchronous Write Non-Blocking IO Counts: [0, 0, 0, 0, 0, 0, 0, 0, 0, 0, 0, 0]
                       Synchronous Write Non-Blocking IO Total Latencies (us): [0, 0, 0, 0, 0, 0, 0, 0, 0, 0, 0, 0]"
"12-08-2026 14:11:43","104","Information","Microsoft-Windows-Kernel-Cache","Volume Periodic Cache Read Latency Information:

                       Device GUID: {00000000-0000-0000-0000-000000000000}
                       Period Duration (microseconds): 3718515796

                       Latency Bucket Values:  [256us, 1ms, 4ms, 16ms, 64ms, 128ms, 256ms, 2000ms, 6000ms, 10000ms, 20000ms, 20000+ms]

                       Synchronous Read IO Counts: [23, 5, 0, 0, 0, 0, 0, 0, 0, 0, 0, 0]
                       Synchronous Read IO Total Latencies (us): [1427, 2246, 0, 0, 0, 0, 0, 0, 0, 0, 0, 0]
                       Synchronous Read Non-Blocking IO Counts: [0, 0, 0, 0, 0, 0, 0, 0, 0, 0, 0, 0]
                       Synchronous Read Non-Blocking IO Total Latencies (us): [0, 0, 0, 0, 0, 0, 0, 0, 0, 0, 0, 0]
                       Asynchronous Read IO Counts: [0, 0, 0, 0, 0, 0, 0, 0, 0, 0, 0, 0]
                       Asynchronous Read IO Total Latencies (us): [0, 0, 0, 0, 0, 0, 0, 0, 0, 0, 0, 0]"
"12-08-2026 14:11:43","103","Information","Microsoft-Windows-Kernel-Cache","Volume Periodic Cache Information:

                       Device GUID: {00000000-0000-0000-0000-000000000000}
                       Period Duration (microseconds): 3718515796
                       Total Dirty Pages: 0
                       Maximum Dirty Pages: 0
                       Total Dirty Page Threshold: 0
                       Top Dirty Page Threshold: 0
                       Bottom Dirty Page Threshold: 0
                       Dirty Page Samples: 0
                       Total Lazy Writer Calls: 0
                       Total Lazy Writer Latency: 0
                       Total Lazy Writer Pages Flushed: 0
                       Lazy Writer Average Pages Per Second: 0
                       Total Pages Queued to Disk: 0
                       Maximum Pages Queued to Disk: 0
                       Pages Queued to Disk Samples: 0
                       Total Metadata Pages Queued to Disk: 0
                       Maximum Metadata Pages Queued to Disk: 0
                       Metadata Pages Queued to Disk Samples: 0
                       Read Total Bytes: 7340032
                       Read Paged-In Total Bytes: 3670016
                       Read-Ahead Total Bytes: 0
                       Cache Hit Ratio (%): 50
                       Total Writes: 0
                       Total Hard-Throttle Writes: 0
                       Total Soft-Throttle Writes: 0
                       Total Synchronous Read IO Count: 28
                       Total Synchronous Non-Blocking Read IO Count: 0
                       Total Failed Synchronous Non-Blocking Read IO Count: 0
                       Synchronous Read IO Maximum Latency (us): 618
                       Synchronous Read IO Non-Blocking Maximum Latency (us): 0
                       Total Synchronous Write IO Count: 0
                       Total Synchronous Non-Blocking Write IO Count: 0
                       Total Failed Synchronous Non-Blocking Write IO Count: 0
                       Synchronous Write IO Maximum Latency (us): 0
                       Synchronous Write IO Non-Blockinig Maximum Latency (us): 0
                       Total Asynchronous Read IO Count: 0
                       Asynchronous Read IO Maximum Latency (us): 0"
"12-08-2026 14:11:43","105","Information","Microsoft-Windows-Kernel-Cache","Volume Periodic Cache Write Latency Information:

                       Device GUID: {c5c572ba-c5d0-47f6-864e-13eb05e6d46c}
                       Period Duration (microseconds): 3718515796

                       Latency Bucket Values:  [256us, 1ms, 4ms, 16ms, 64ms, 128ms, 256ms, 2000ms, 6000ms, 10000ms, 20000ms, 20000+ms]

                       Synchronous Write IO Counts: [349048, 4521, 1096, 944, 71, 1, 0, 2, 0, 0, 0, 0]
                       Synchronous Write IO Total Latencies (us): [964850, 2145100, 1857224, 7552606, 1514851, 74088, 0, 664283, 0, 0, 0, 0]
                       Synchronous Write Non-Blocking IO Counts: [8473, 0, 0, 0, 0, 0, 0, 0, 0, 0, 0, 0]
                       Synchronous Write Non-Blocking IO Total Latencies (us): [0, 0, 0, 0, 0, 0, 0, 0, 0, 0, 0, 0]"
"12-08-2026 14:11:43","104","Information","Microsoft-Windows-Kernel-Cache","Volume Periodic Cache Read Latency Information:

                       Device GUID: {c5c572ba-c5d0-47f6-864e-13eb05e6d46c}
                       Period Duration (microseconds): 3718515796

                       Latency Bucket Values:  [256us, 1ms, 4ms, 16ms, 64ms, 128ms, 256ms, 2000ms, 6000ms, 10000ms, 20000ms, 20000+ms]

                       Synchronous Read IO Counts: [2827892, 3424, 654, 93, 45, 6, 3, 0, 0, 0, 0, 0]
                       Synchronous Read IO Total Latencies (us): [985098, 1461316, 1052382, 619793, 1836964, 541659, 534398, 0, 0, 0, 0, 0]
                       Synchronous Read Non-Blocking IO Counts: [51442, 0, 0, 0, 0, 0, 0, 0, 0, 0, 0, 0]
                       Synchronous Read Non-Blocking IO Total Latencies (us): [0, 0, 0, 0, 0, 0, 0, 0, 0, 0, 0, 0]
                       Asynchronous Read IO Counts: [343, 1061, 296, 58, 15, 2, 0, 0, 0, 0, 0, 0]
                       Asynchronous Read IO Total Latencies (us): [61848, 528993, 514063, 311044, 670432, 151175, 0, 0, 0, 0, 0, 0]"
"12-08-2026 14:11:43","103","Information","Microsoft-Windows-Kernel-Cache","Volume Periodic Cache Information:

                       Device GUID: {c5c572ba-c5d0-47f6-864e-13eb05e6d46c}
                       Period Duration (microseconds): 3718515796
                       Total Dirty Pages: 2653231122
                       Maximum Dirty Pages: 68541
                       Total Dirty Page Threshold: 21557199203
                       Top Dirty Page Threshold: 506518
                       Bottom Dirty Page Threshold: 506518
                       Dirty Page Samples: 393701
                       Total Lazy Writer Calls: 26700
                       Total Lazy Writer Latency: 75897019
                       Total Lazy Writer Pages Flushed: 206492
                       Lazy Writer Average Pages Per Second: 164
                       Total Pages Queued to Disk: 11752431
                       Maximum Pages Queued to Disk: 5524
                       Pages Queued to Disk Samples: 116145
                       Total Metadata Pages Queued to Disk: 3747487
                       Maximum Metadata Pages Queued to Disk: 1835
                       Metadata Pages Queued to Disk Samples: 116141
                       Read Total Bytes: 402745546553
                       Read Paged-In Total Bytes: 1598186511
                       Read-Ahead Total Bytes: 0
                       Cache Hit Ratio (%): 99
                       Total Writes: 381500
                       Total Hard-Throttle Writes: 0
                       Total Soft-Throttle Writes: 0
                       Total Synchronous Read IO Count: 2832144
                       Total Synchronous Non-Blocking Read IO Count: 51442
                       Total Failed Synchronous Non-Blocking Read IO Count: 1775
                       Synchronous Read IO Maximum Latency (us): 243750
                       Synchronous Read IO Non-Blocking Maximum Latency (us): 0
                       Total Synchronous Write IO Count: 355683
                       Total Synchronous Non-Blocking Write IO Count: 8473
                       Total Failed Synchronous Non-Blocking Write IO Count: 79
                       Synchronous Write IO Maximum Latency (us): 352683
                       Synchronous Write IO Non-Blockinig Maximum Latency (us): 0
                       Total Asynchronous Read IO Count: 1775
                       Asynchronous Read IO Maximum Latency (us): 84290"
"12-08-2026 14:11:43","102","Information","Microsoft-Windows-Kernel-Cache","Global Periodic Cache Information:

                       Period Duration (microseconds): 3718515796
                       Number of NUMA Nodes: 140895
                       Event Samples: 46
                       Total Number of Mapped VACBs: 450079
                       Total Partition Samples: 46
                       Total Volume Samples: 184
                       Total Pages Yet to Write: 24223
                       Total Dirty Pages: 16338
                       Total Available Pages: 42045674
                       Total Physical Pages: 186398808
                       Total Number of Worker Threads: 736
                       Total Number of Active Worker Threads: 0
                       Total Average Available Pages: 172001156
                       Total Average Dirty Pages: 33213
                       CopyRead Calls: 2885678
                       AsyncCopyRead Calls: 1775
                       CopyWriteCalls: 371388
                       SetValidData Calls: 30820
                       FlushCache Calls: 140895"
"12-08-2026 13:09:44","105","Information","Microsoft-Windows-Kernel-Cache","Volume Periodic Cache Write Latency Information:

                       Device GUID: {f06ef650-de5a-4a43-abb8-73f2ff6a56fd}
                       Period Duration (microseconds): 3644153154

                       Latency Bucket Values:  [256us, 1ms, 4ms, 16ms, 64ms, 128ms, 256ms, 2000ms, 6000ms, 10000ms, 20000ms, 20000+ms]

                       Synchronous Write IO Counts: [0, 0, 0, 0, 0, 0, 0, 0, 0, 0, 0, 0]
                       Synchronous Write IO Total Latencies (us): [0, 0, 0, 0, 0, 0, 0, 0, 0, 0, 0, 0]
                       Synchronous Write Non-Blocking IO Counts: [0, 0, 0, 0, 0, 0, 0, 0, 0, 0, 0, 0]
                       Synchronous Write Non-Blocking IO Total Latencies (us): [0, 0, 0, 0, 0, 0, 0, 0, 0, 0, 0, 0]"
"12-08-2026 13:09:44","104","Information","Microsoft-Windows-Kernel-Cache","Volume Periodic Cache Read Latency Information:

                       Device GUID: {f06ef650-de5a-4a43-abb8-73f2ff6a56fd}
                       Period Duration (microseconds): 3644153154

                       Latency Bucket Values:  [256us, 1ms, 4ms, 16ms, 64ms, 128ms, 256ms, 2000ms, 6000ms, 10000ms, 20000ms, 20000+ms]

                       Synchronous Read IO Counts: [208, 50, 7, 0, 0, 0, 0, 0, 0, 0, 0, 0]
                       Synchronous Read IO Total Latencies (us): [4785, 20253, 9943, 0, 0, 0, 0, 0, 0, 0, 0, 0]
                       Synchronous Read Non-Blocking IO Counts: [0, 0, 0, 0, 0, 0, 0, 0, 0, 0, 0, 0]
                       Synchronous Read Non-Blocking IO Total Latencies (us): [0, 0, 0, 0, 0, 0, 0, 0, 0, 0, 0, 0]
                       Asynchronous Read IO Counts: [0, 0, 0, 0, 0, 0, 0, 0, 0, 0, 0, 0]
                       Asynchronous Read IO Total Latencies (us): [0, 0, 0, 0, 0, 0, 0, 0, 0, 0, 0, 0]"
"12-08-2026 13:09:44","103","Information","Microsoft-Windows-Kernel-Cache","Volume Periodic Cache Information:

                       Device GUID: {f06ef650-de5a-4a43-abb8-73f2ff6a56fd}
                       Period Duration (microseconds): 3644153154
                       Total Dirty Pages: 0
                       Maximum Dirty Pages: 0
                       Total Dirty Page Threshold: 0
                       Top Dirty Page Threshold: 0
                       Bottom Dirty Page Threshold: 0
                       Dirty Page Samples: 0
                       Total Lazy Writer Calls: 0
                       Total Lazy Writer Latency: 0
                       Total Lazy Writer Pages Flushed: 0
                       Lazy Writer Average Pages Per Second: 0
                       Total Pages Queued to Disk: 0
                       Maximum Pages Queued to Disk: 0
                       Pages Queued to Disk Samples: 10
                       Total Metadata Pages Queued to Disk: 0
                       Maximum Metadata Pages Queued to Disk: 0
                       Metadata Pages Queued to Disk Samples: 10
                       Read Total Bytes: 78245888
                       Read Paged-In Total Bytes: 13475840
                       Read-Ahead Total Bytes: 0
                       Cache Hit Ratio (%): 82
                       Total Writes: 0
                       Total Hard-Throttle Writes: 0
                       Total Soft-Throttle Writes: 0
                       Total Synchronous Read IO Count: 265
                       Total Synchronous Non-Blocking Read IO Count: 0
                       Total Failed Synchronous Non-Blocking Read IO Count: 0
                       Synchronous Read IO Maximum Latency (us): 1882
                       Synchronous Read IO Non-Blocking Maximum Latency (us): 0
                       Total Synchronous Write IO Count: 0
                       Total Synchronous Non-Blocking Write IO Count: 0
                       Total Failed Synchronous Non-Blocking Write IO Count: 0
                       Synchronous Write IO Maximum Latency (us): 0
                       Synchronous Write IO Non-Blockinig Maximum Latency (us): 0
                       Total Asynchronous Read IO Count: 0
                       Asynchronous Read IO Maximum Latency (us): 0"
"12-08-2026 13:09:44","105","Information","Microsoft-Windows-Kernel-Cache","Volume Periodic Cache Write Latency Information:

                       Device GUID: {00000000-0000-0000-0000-000000000000}
                       Period Duration (microseconds): 3644153154

                       Latency Bucket Values:  [256us, 1ms, 4ms, 16ms, 64ms, 128ms, 256ms, 2000ms, 6000ms, 10000ms, 20000ms, 20000+ms]

                       Synchronous Write IO Counts: [0, 0, 0, 0, 0, 0, 0, 0, 0, 0, 0, 0]
                       Synchronous Write IO Total Latencies (us): [0, 0, 0, 0, 0, 0, 0, 0, 0, 0, 0, 0]
                       Synchronous Write Non-Blocking IO Counts: [0, 0, 0, 0, 0, 0, 0, 0, 0, 0, 0, 0]
                       Synchronous Write Non-Blocking IO Total Latencies (us): [0, 0, 0, 0, 0, 0, 0, 0, 0, 0, 0, 0]"
"12-08-2026 13:09:44","104","Information","Microsoft-Windows-Kernel-Cache","Volume Periodic Cache Read Latency Information:

                       Device GUID: {00000000-0000-0000-0000-000000000000}
                       Period Duration (microseconds): 3644153154

                       Latency Bucket Values:  [256us, 1ms, 4ms, 16ms, 64ms, 128ms, 256ms, 2000ms, 6000ms, 10000ms, 20000ms, 20000+ms]

                       Synchronous Read IO Counts: [4, 0, 0, 0, 0, 0, 0, 0, 0, 0, 0, 0]
                       Synchronous Read IO Total Latencies (us): [199, 0, 0, 0, 0, 0, 0, 0, 0, 0, 0, 0]
                       Synchronous Read Non-Blocking IO Counts: [0, 0, 0, 0, 0, 0, 0, 0, 0, 0, 0, 0]
                       Synchronous Read Non-Blocking IO Total Latencies (us): [0, 0, 0, 0, 0, 0, 0, 0, 0, 0, 0, 0]
                       Asynchronous Read IO Counts: [0, 0, 0, 0, 0, 0, 0, 0, 0, 0, 0, 0]
                       Asynchronous Read IO Total Latencies (us): [0, 0, 0, 0, 0, 0, 0, 0, 0, 0, 0, 0]"
