"13-08-2026 13:38:35","100","Information","Microsoft-Windows-Diagnosis-DPS","Diagnostic module {45de1ea9-10bc-4f96-9b21-4b6b83dbf476} (%windir%\system32\radardt.dll) detected a problem for scenario {180b3a99-8c39-4f12-b631-2031998efe45}, instance {0892620b-5d67-45dc-9f05-73a5d414300a}, original activity ID {00000000-0000-0000-0000-000000000000}."
"13-08-2026 13:33:35","105","Information","Microsoft-Windows-Diagnosis-DPS","Diagnostic module {45de1ea9-10bc-4f96-9b21-4b6b83dbf476} (%windir%\system32\radardt.dll) started troubleshooting scenario {180b3a99-8c39-4f12-b631-2031998efe45}, instance {9b5bbfd8-ce9e-4657-866a-54c927e7f444}, original activity ID {00000000-0000-0000-0000-000000000000}."
"13-08-2026 13:33:35","100","Information","Microsoft-Windows-Diagnosis-DPS","Diagnostic module {45de1ea9-10bc-4f96-9b21-4b6b83dbf476} (%windir%\system32\radardt.dll) detected a problem for scenario {180b3a99-8c39-4f12-b631-2031998efe45}, instance {9b5bbfd8-ce9e-4657-866a-54c927e7f444}, original activity ID {00000000-0000-0000-0000-000000000000}."
"13-08-2026 13:28:35","105","Information","Microsoft-Windows-Diagnosis-DPS","Diagnostic module {45de1ea9-10bc-4f96-9b21-4b6b83dbf476} (%windir%\system32\radardt.dll) started troubleshooting scenario {180b3a99-8c39-4f12-b631-2031998efe45}, instance {60f8ec86-46b2-4c59-8e1b-d450215c0ad7}, original activity ID {00000000-0000-0000-0000-000000000000}."
"13-08-2026 13:28:35","100","Information","Microsoft-Windows-Diagnosis-DPS","Diagnostic module {45de1ea9-10bc-4f96-9b21-4b6b83dbf476} (%windir%\system32\radardt.dll) detected a problem for scenario {180b3a99-8c39-4f12-b631-2031998efe45}, instance {60f8ec86-46b2-4c59-8e1b-d450215c0ad7}, original activity ID {00000000-0000-0000-0000-000000000000}."
"13-08-2026 13:23:35","105","Information","Microsoft-Windows-Diagnosis-DPS","Diagnostic module {45de1ea9-10bc-4f96-9b21-4b6b83dbf476} (%windir%\system32\radardt.dll) started troubleshooting scenario {180b3a99-8c39-4f12-b631-2031998efe45}, instance {d1a93452-6ea1-4655-85bf-fb87f5799546}, original activity ID {00000000-0000-0000-0000-000000000000}."
"13-08-2026 13:23:35","100","Information","Microsoft-Windows-Diagnosis-DPS","Diagnostic module {45de1ea9-10bc-4f96-9b21-4b6b83dbf476} (%windir%\system32\radardt.dll) detected a problem for scenario {180b3a99-8c39-4f12-b631-2031998efe45}, instance {d1a93452-6ea1-4655-85bf-fb87f5799546}, original activity ID {00000000-0000-0000-0000-000000000000}."
"13-08-2026 13:18:35","105","Information","Microsoft-Windows-Diagnosis-DPS","Diagnostic module {45de1ea9-10bc-4f96-9b21-4b6b83dbf476} (%windir%\system32\radardt.dll) started troubleshooting scenario {180b3a99-8c39-4f12-b631-2031998efe45}, instance {73a64ffd-4138-41d7-8777-59dbe26ff35c}, original activity ID {00000000-0000-0000-0000-000000000000}."
"13-08-2026 13:18:35","100","Information","Microsoft-Windows-Diagnosis-DPS","Diagnostic module {45de1ea9-10bc-4f96-9b21-4b6b83dbf476} (%windir%\system32\radardt.dll) detected a problem for scenario {180b3a99-8c39-4f12-b631-2031998efe45}, instance {73a64ffd-4138-41d7-8777-59dbe26ff35c}, original activity ID {00000000-0000-0000-0000-000000000000}."
"13-08-2026 13:13:35","105","Information","Microsoft-Windows-Diagnosis-DPS","Diagnostic module {45de1ea9-10bc-4f96-9b21-4b6b83dbf476} (%windir%\system32\radardt.dll) started troubleshooting scenario {180b3a99-8c39-4f12-b631-2031998efe45}, instance {5168aa55-53f4-4d7e-a86a-81bcb3fede95}, original activity ID {00000000-0000-0000-0000-000000000000}."
"13-08-2026 13:13:35","100","Information","Microsoft-Windows-Diagnosis-DPS","Diagnostic module {45de1ea9-10bc-4f96-9b21-4b6b83dbf476} (%windir%\system32\radardt.dll) detected a problem for scenario {180b3a99-8c39-4f12-b631-2031998efe45}, instance {5168aa55-53f4-4d7e-a86a-81bcb3fede95}, original activity ID {00000000-0000-0000-0000-000000000000}."
"11-08-2026 12:09:07","110","Information","Microsoft-Windows-Diagnosis-DPS","Diagnostic module {c8544339-5be9-4f25-862e-485f1b1a6935} (%SystemRoot%\system32\diagperf.dll) finished troubleshooting scenario {86432a0b-3c7d-4ddf-a89c-172faa90485d}, instance {5bcf796c-5d5e-4e48-aabc-3ec122ddf633}, original activity ID {86432a0b-3c7d-4ddf-a89c-172faa90485d}.  No resolution was set by the diagnostic module."
"11-08-2026 12:09:07","120","Information","Microsoft-Windows-Diagnosis-DPS","Diagnostic module {b171ab1c-60e9-4301-a338-beab1c70b3e9} (%SystemRoot%\system32\diagperf.dll) finished troubleshooting scenario {3a5d4378-9d2f-4393-b1e5-34f5fa9a1140}, instance {42f05dca-29b5-42d0-9401-2563dfcefbbd}, original activity ID {5bcf796c-5d5e-4e48-aabc-3ec122ddf633}.  It set resolution {b171ab1c-60e9-4301-a338-beab1c70b3e9} for user S-1-1-0 in session 0 with expiration date ‎2026‎-‎11‎-‎09T06:39:07.571186700Z.  The resolution was queued to start later."
"11-08-2026 12:09:07","105","Information","Microsoft-Windows-Diagnosis-DPS","Diagnostic module {b171ab1c-60e9-4301-a338-beab1c70b3e9} (%SystemRoot%\system32\diagperf.dll) started troubleshooting scenario {3a5d4378-9d2f-4393-b1e5-34f5fa9a1140}, instance {42f05dca-29b5-42d0-9401-2563dfcefbbd}, original activity ID {5bcf796c-5d5e-4e48-aabc-3ec122ddf633}."
"11-08-2026 12:09:07","100","Information","Microsoft-Windows-Diagnosis-DPS","Diagnostic module {b171ab1c-60e9-4301-a338-beab1c70b3e9} (%SystemRoot%\system32\diagperf.dll) detected a problem for scenario {3a5d4378-9d2f-4393-b1e5-34f5fa9a1140}, instance {42f05dca-29b5-42d0-9401-2563dfcefbbd}, original activity ID {5bcf796c-5d5e-4e48-aabc-3ec122ddf633}."
"11-08-2026 12:08:40","110","Information","Microsoft-Windows-Diagnosis-DPS","Diagnostic module {15fba3b8-a37a-4f91-bdba-fbb98fe804bf} (%SystemRoot%\system32\diagperf.dll) finished troubleshooting scenario {2698178d-fdad-40ae-9d3c-1371703adc5b}, instance {6358bb4a-b3d2-4249-a115-f159403a2a17}, original activity ID {2698178d-fdad-40ae-9d3c-1371703adc5b}.  No resolution was set by the diagnostic module."
"11-08-2026 12:08:39","105","Information","Microsoft-Windows-Diagnosis-DPS","Diagnostic module {c8544339-5be9-4f25-862e-485f1b1a6935} (%SystemRoot%\system32\diagperf.dll) started troubleshooting scenario {86432a0b-3c7d-4ddf-a89c-172faa90485d}, instance {5bcf796c-5d5e-4e48-aabc-3ec122ddf633}, original activity ID {86432a0b-3c7d-4ddf-a89c-172faa90485d}."
"11-08-2026 12:08:39","100","Information","Microsoft-Windows-Diagnosis-DPS","Diagnostic module {c8544339-5be9-4f25-862e-485f1b1a6935} (%SystemRoot%\system32\diagperf.dll) detected a problem for scenario {86432a0b-3c7d-4ddf-a89c-172faa90485d}, instance {5bcf796c-5d5e-4e48-aabc-3ec122ddf633}, original activity ID {86432a0b-3c7d-4ddf-a89c-172faa90485d}."
"11-08-2026 12:02:32","105","Information","Microsoft-Windows-Diagnosis-DPS","Diagnostic module {15fba3b8-a37a-4f91-bdba-fbb98fe804bf} (%SystemRoot%\system32\diagperf.dll) started troubleshooting scenario {2698178d-fdad-40ae-9d3c-1371703adc5b}, instance {6358bb4a-b3d2-4249-a115-f159403a2a17}, original activity ID {2698178d-fdad-40ae-9d3c-1371703adc5b}."
"11-08-2026 12:02:32","100","Information","Microsoft-Windows-Diagnosis-DPS","Diagnostic module {15fba3b8-a37a-4f91-bdba-fbb98fe804bf} (%SystemRoot%\system32\diagperf.dll) detected a problem for scenario {2698178d-fdad-40ae-9d3c-1371703adc5b}, instance {6358bb4a-b3d2-4249-a115-f159403a2a17}, original activity ID {2698178d-fdad-40ae-9d3c-1371703adc5b}."
"10-08-2026 09:51:06","105","Information","Microsoft-Windows-Diagnosis-DPS","Diagnostic module {45de1ea9-10bc-4f96-9b21-4b6b83dbf476} (%windir%\system32\radardt.dll) started troubleshooting scenario {180b3a99-8c39-4f12-b631-2031998efe45}, instance {25eef47a-969e-4760-bfd1-311d8a370044}, original activity ID {00000000-0000-0000-0000-000000000000}."
"10-08-2026 09:51:06","100","Information","Microsoft-Windows-Diagnosis-DPS","Diagnostic module {45de1ea9-10bc-4f96-9b21-4b6b83dbf476} (%windir%\system32\radardt.dll) detected a problem for scenario {180b3a99-8c39-4f12-b631-2031998efe45}, instance {25eef47a-969e-4760-bfd1-311d8a370044}, original activity ID {00000000-0000-0000-0000-000000000000}."
"10-08-2026 09:43:25","120","Information","Microsoft-Windows-Diagnosis-DPS","Diagnostic module {b171ab1c-60e9-4301-a338-beab1c70b3e9} (%SystemRoot%\system32\diagperf.dll) finished troubleshooting scenario {3a5d4378-9d2f-4393-b1e5-34f5fa9a1140}, instance {f9221b6d-c6ad-4ba6-ac9e-a240326e5540}, original activity ID {8df1118c-e01d-4c74-ae71-fa3c0bfe7eed}.  It set resolution {b171ab1c-60e9-4301-a338-beab1c70b3e9} for user S-1-1-0 in session 0 with expiration date ‎2026‎-‎11‎-‎08T04:13:25.939541200Z.  The resolution was queued to start later."
"10-08-2026 09:43:25","105","Information","Microsoft-Windows-Diagnosis-DPS","Diagnostic module {b171ab1c-60e9-4301-a338-beab1c70b3e9} (%SystemRoot%\system32\diagperf.dll) started troubleshooting scenario {3a5d4378-9d2f-4393-b1e5-34f5fa9a1140}, instance {f9221b6d-c6ad-4ba6-ac9e-a240326e5540}, original activity ID {8df1118c-e01d-4c74-ae71-fa3c0bfe7eed}."
"10-08-2026 09:43:25","100","Information","Microsoft-Windows-Diagnosis-DPS","Diagnostic module {b171ab1c-60e9-4301-a338-beab1c70b3e9} (%SystemRoot%\system32\diagperf.dll) detected a problem for scenario {3a5d4378-9d2f-4393-b1e5-34f5fa9a1140}, instance {f9221b6d-c6ad-4ba6-ac9e-a240326e5540}, original activity ID {8df1118c-e01d-4c74-ae71-fa3c0bfe7eed}."
"10-08-2026 09:43:25","110","Information","Microsoft-Windows-Diagnosis-DPS","Diagnostic module {c8544339-5be9-4f25-862e-485f1b1a6935} (%SystemRoot%\system32\diagperf.dll) finished troubleshooting scenario {86432a0b-3c7d-4ddf-a89c-172faa90485d}, instance {8df1118c-e01d-4c74-ae71-fa3c0bfe7eed}, original activity ID {86432a0b-3c7d-4ddf-a89c-172faa90485d}.  No resolution was set by the diagnostic module."
"10-08-2026 09:43:02","105","Information","Microsoft-Windows-Diagnosis-DPS","Diagnostic module {c8544339-5be9-4f25-862e-485f1b1a6935} (%SystemRoot%\system32\diagperf.dll) started troubleshooting scenario {86432a0b-3c7d-4ddf-a89c-172faa90485d}, instance {8df1118c-e01d-4c74-ae71-fa3c0bfe7eed}, original activity ID {86432a0b-3c7d-4ddf-a89c-172faa90485d}."
"10-08-2026 09:43:02","100","Information","Microsoft-Windows-Diagnosis-DPS","Diagnostic module {c8544339-5be9-4f25-862e-485f1b1a6935} (%SystemRoot%\system32\diagperf.dll) detected a problem for scenario {86432a0b-3c7d-4ddf-a89c-172faa90485d}, instance {8df1118c-e01d-4c74-ae71-fa3c0bfe7eed}, original activity ID {86432a0b-3c7d-4ddf-a89c-172faa90485d}."
"07-08-2026 18:22:23","135","Error","Microsoft-Windows-Diagnosis-DPS","The Diagnostic Policy Service could not create a diagnostic module host instance for diagnostic module {8d39bd5b-81f8-4b94-a608-6a50bbff5d15} (%windir%\system32\fthsvc.dll).  The error code was 2147943855.  The scenario {dc42ff48-e40d-4a60-8675-e71f7e64aa9a}, instance {5922999e-d0d3-483a-8e69-cc2e39b1a0ec}, original activity ID {00000000-0000-0000-0000-000000000000} will be discarded."
"07-08-2026 18:21:23","110","Information","Microsoft-Windows-Diagnosis-DPS","Diagnostic module {c0f51d84-11b9-4e74-b083-99f11ba2db0a} (%windir%\system32\radardt.dll) finished troubleshooting scenario {739ff6cf-5033-428c-9e2f-582096482dd5}, instance {d386ec12-31dc-4e99-9198-5165e64ac644}, original activity ID {00000000-0000-0000-0000-000000000000}.  No resolution was set by the diagnostic module."
"07-08-2026 18:21:22","105","Information","Microsoft-Windows-Diagnosis-DPS","Diagnostic module {c0f51d84-11b9-4e74-b083-99f11ba2db0a} (%windir%\system32\radardt.dll) started troubleshooting scenario {739ff6cf-5033-428c-9e2f-582096482dd5}, instance {d386ec12-31dc-4e99-9198-5165e64ac644}, original activity ID {00000000-0000-0000-0000-000000000000}."
"07-08-2026 18:21:22","100","Information","Microsoft-Windows-Diagnosis-DPS","Diagnostic module {c0f51d84-11b9-4e74-b083-99f11ba2db0a} (%windir%\system32\radardt.dll) detected a problem for scenario {739ff6cf-5033-428c-9e2f-582096482dd5}, instance {d386ec12-31dc-4e99-9198-5165e64ac644}, original activity ID {00000000-0000-0000-0000-000000000000}."
"07-08-2026 18:21:08","105","Information","Microsoft-Windows-Diagnosis-DPS","Diagnostic module {45de1ea9-10bc-4f96-9b21-4b6b83dbf476} (%windir%\system32\radardt.dll) started troubleshooting scenario {180b3a99-8c39-4f12-b631-2031998efe45}, instance {60498970-68ad-4925-aef2-0810f31fdc7a}, original activity ID {00000000-0000-0000-0000-000000000000}."
"07-08-2026 18:21:08","100","Information","Microsoft-Windows-Diagnosis-DPS","Diagnostic module {45de1ea9-10bc-4f96-9b21-4b6b83dbf476} (%windir%\system32\radardt.dll) detected a problem for scenario {180b3a99-8c39-4f12-b631-2031998efe45}, instance {60498970-68ad-4925-aef2-0810f31fdc7a}, original activity ID {00000000-0000-0000-0000-000000000000}."
"07-08-2026 18:20:23","130","Information","Microsoft-Windows-Diagnosis-DPS","Diagnostic module {5ee64afb-398d-4edb-af71-3b830219abf7} (%windir%\system32\radarrs.dll) finished resolving scenario {739ff6cf-5033-428c-9e2f-582096482dd5}, instance {68f20f06-5809-449f-9016-ec2a61cf5e7f}, original activity ID {00000000-0000-0000-0000-000000000000}."
"07-08-2026 18:20:23","125","Information","Microsoft-Windows-Diagnosis-DPS","Diagnostic module {5ee64afb-398d-4edb-af71-3b830219abf7} (%windir%\system32\radarrs.dll) started resolving scenario {739ff6cf-5033-428c-9e2f-582096482dd5}, instance {68f20f06-5809-449f-9016-ec2a61cf5e7f}, original activity ID {00000000-0000-0000-0000-000000000000}."
"07-08-2026 18:20:23","115","Information","Microsoft-Windows-Diagnosis-DPS","Diagnostic module {c0f51d84-11b9-4e74-b083-99f11ba2db0a} (%windir%\system32\radardt.dll) finished troubleshooting scenario {739ff6cf-5033-428c-9e2f-582096482dd5}, instance {68f20f06-5809-449f-9016-ec2a61cf5e7f}, original activity ID {00000000-0000-0000-0000-000000000000}.  It set resolution {5ee64afb-398d-4edb-af71-3b830219abf7} for user S-1-12-1-2357405129-1281513531-255772574-1816207334 in session 1 with expiration date ‎1601‎-‎01‎-‎01T00:00:00.000000000Z.  The resolution will be started immediately."
"07-08-2026 18:20:23","105","Information","Microsoft-Windows-Diagnosis-DPS","Diagnostic module {c0f51d84-11b9-4e74-b083-99f11ba2db0a} (%windir%\system32\radardt.dll) started troubleshooting scenario {739ff6cf-5033-428c-9e2f-582096482dd5}, instance {68f20f06-5809-449f-9016-ec2a61cf5e7f}, original activity ID {00000000-0000-0000-0000-000000000000}."
"07-08-2026 18:20:23","100","Information","Microsoft-Windows-Diagnosis-DPS","Diagnostic module {c0f51d84-11b9-4e74-b083-99f11ba2db0a} (%windir%\system32\radardt.dll) detected a problem for scenario {739ff6cf-5033-428c-9e2f-582096482dd5}, instance {68f20f06-5809-449f-9016-ec2a61cf5e7f}, original activity ID {00000000-0000-0000-0000-000000000000}."
"07-08-2026 18:16:08","105","Information","Microsoft-Windows-Diagnosis-DPS","Diagnostic module {45de1ea9-10bc-4f96-9b21-4b6b83dbf476} (%windir%\system32\radardt.dll) started troubleshooting scenario {180b3a99-8c39-4f12-b631-2031998efe45}, instance {878ce59a-b5bb-4600-be72-eab4ed1f327d}, original activity ID {00000000-0000-0000-0000-000000000000}."
"07-08-2026 18:16:08","100","Information","Microsoft-Windows-Diagnosis-DPS","Diagnostic module {45de1ea9-10bc-4f96-9b21-4b6b83dbf476} (%windir%\system32\radardt.dll) detected a problem for scenario {180b3a99-8c39-4f12-b631-2031998efe45}, instance {878ce59a-b5bb-4600-be72-eab4ed1f327d}, original activity ID {00000000-0000-0000-0000-000000000000}."
"07-08-2026 18:11:08","105","Information","Microsoft-Windows-Diagnosis-DPS","Diagnostic module {45de1ea9-10bc-4f96-9b21-4b6b83dbf476} (%windir%\system32\radardt.dll) started troubleshooting scenario {180b3a99-8c39-4f12-b631-2031998efe45}, instance {37632463-7102-44cb-a3a5-a8dcd9bb5ffb}, original activity ID {00000000-0000-0000-0000-000000000000}."
"07-08-2026 18:11:08","100","Information","Microsoft-Windows-Diagnosis-DPS","Diagnostic module {45de1ea9-10bc-4f96-9b21-4b6b83dbf476} (%windir%\system32\radardt.dll) detected a problem for scenario {180b3a99-8c39-4f12-b631-2031998efe45}, instance {37632463-7102-44cb-a3a5-a8dcd9bb5ffb}, original activity ID {00000000-0000-0000-0000-000000000000}."
"07-08-2026 18:06:08","105","Information","Microsoft-Windows-Diagnosis-DPS","Diagnostic module {45de1ea9-10bc-4f96-9b21-4b6b83dbf476} (%windir%\system32\radardt.dll) started troubleshooting scenario {180b3a99-8c39-4f12-b631-2031998efe45}, instance {52543031-30ed-402b-a383-60afcd8965fe}, original activity ID {00000000-0000-0000-0000-000000000000}."
"07-08-2026 18:06:08","100","Information","Microsoft-Windows-Diagnosis-DPS","Diagnostic module {45de1ea9-10bc-4f96-9b21-4b6b83dbf476} (%windir%\system32\radardt.dll) detected a problem for scenario {180b3a99-8c39-4f12-b631-2031998efe45}, instance {52543031-30ed-402b-a383-60afcd8965fe}, original activity ID {00000000-0000-0000-0000-000000000000}."
"07-08-2026 18:01:08","105","Information","Microsoft-Windows-Diagnosis-DPS","Diagnostic module {45de1ea9-10bc-4f96-9b21-4b6b83dbf476} (%windir%\system32\radardt.dll) started troubleshooting scenario {180b3a99-8c39-4f12-b631-2031998efe45}, instance {cff524ca-bea7-419b-b8f8-ef547944fc46}, original activity ID {00000000-0000-0000-0000-000000000000}."
"07-08-2026 18:01:08","100","Information","Microsoft-Windows-Diagnosis-DPS","Diagnostic module {45de1ea9-10bc-4f96-9b21-4b6b83dbf476} (%windir%\system32\radardt.dll) detected a problem for scenario {180b3a99-8c39-4f12-b631-2031998efe45}, instance {cff524ca-bea7-419b-b8f8-ef547944fc46}, original activity ID {00000000-0000-0000-0000-000000000000}."
"07-08-2026 17:56:08","105","Information","Microsoft-Windows-Diagnosis-DPS","Diagnostic module {45de1ea9-10bc-4f96-9b21-4b6b83dbf476} (%windir%\system32\radardt.dll) started troubleshooting scenario {180b3a99-8c39-4f12-b631-2031998efe45}, instance {b23c78b3-af1b-4482-9dbc-1b41cf2deccd}, original activity ID {00000000-0000-0000-0000-000000000000}."
"07-08-2026 17:56:08","100","Information","Microsoft-Windows-Diagnosis-DPS","Diagnostic module {45de1ea9-10bc-4f96-9b21-4b6b83dbf476} (%windir%\system32\radardt.dll) detected a problem for scenario {180b3a99-8c39-4f12-b631-2031998efe45}, instance {b23c78b3-af1b-4482-9dbc-1b41cf2deccd}, original activity ID {00000000-0000-0000-0000-000000000000}."
"07-08-2026 17:51:08","105","Information","Microsoft-Windows-Diagnosis-DPS","Diagnostic module {45de1ea9-10bc-4f96-9b21-4b6b83dbf476} (%windir%\system32\radardt.dll) started troubleshooting scenario {180b3a99-8c39-4f12-b631-2031998efe45}, instance {e4c64261-3105-4998-a549-45e18393eef3}, original activity ID {00000000-0000-0000-0000-000000000000}."
"07-08-2026 17:51:08","100","Information","Microsoft-Windows-Diagnosis-DPS","Diagnostic module {45de1ea9-10bc-4f96-9b21-4b6b83dbf476} (%windir%\system32\radardt.dll) detected a problem for scenario {180b3a99-8c39-4f12-b631-2031998efe45}, instance {e4c64261-3105-4998-a549-45e18393eef3}, original activity ID {00000000-0000-0000-0000-000000000000}."
"07-08-2026 17:46:08","105","Information","Microsoft-Windows-Diagnosis-DPS","Diagnostic module {45de1ea9-10bc-4f96-9b21-4b6b83dbf476} (%windir%\system32\radardt.dll) started troubleshooting scenario {180b3a99-8c39-4f12-b631-2031998efe45}, instance {8fdb06ea-d96d-4801-ac4d-e4352506f54a}, original activity ID {00000000-0000-0000-0000-000000000000}."
"07-08-2026 17:46:08","100","Information","Microsoft-Windows-Diagnosis-DPS","Diagnostic module {45de1ea9-10bc-4f96-9b21-4b6b83dbf476} (%windir%\system32\radardt.dll) detected a problem for scenario {180b3a99-8c39-4f12-b631-2031998efe45}, instance {8fdb06ea-d96d-4801-ac4d-e4352506f54a}, original activity ID {00000000-0000-0000-0000-000000000000}."
"07-08-2026 17:41:08","105","Information","Microsoft-Windows-Diagnosis-DPS","Diagnostic module {45de1ea9-10bc-4f96-9b21-4b6b83dbf476} (%windir%\system32\radardt.dll) started troubleshooting scenario {180b3a99-8c39-4f12-b631-2031998efe45}, instance {41108827-02db-46a1-aa3b-7762cba44eee}, original activity ID {00000000-0000-0000-0000-000000000000}."
"07-08-2026 17:41:08","100","Information","Microsoft-Windows-Diagnosis-DPS","Diagnostic module {45de1ea9-10bc-4f96-9b21-4b6b83dbf476} (%windir%\system32\radardt.dll) detected a problem for scenario {180b3a99-8c39-4f12-b631-2031998efe45}, instance {41108827-02db-46a1-aa3b-7762cba44eee}, original activity ID {00000000-0000-0000-0000-000000000000}."
"07-08-2026 17:36:08","105","Information","Microsoft-Windows-Diagnosis-DPS","Diagnostic module {45de1ea9-10bc-4f96-9b21-4b6b83dbf476} (%windir%\system32\radardt.dll) started troubleshooting scenario {180b3a99-8c39-4f12-b631-2031998efe45}, instance {0c4b5b10-0267-4d50-93e8-0ce569ebaa28}, original activity ID {00000000-0000-0000-0000-000000000000}."
"07-08-2026 17:36:08","100","Information","Microsoft-Windows-Diagnosis-DPS","Diagnostic module {45de1ea9-10bc-4f96-9b21-4b6b83dbf476} (%windir%\system32\radardt.dll) detected a problem for scenario {180b3a99-8c39-4f12-b631-2031998efe45}, instance {0c4b5b10-0267-4d50-93e8-0ce569ebaa28}, original activity ID {00000000-0000-0000-0000-000000000000}."
"07-08-2026 17:31:08","105","Information","Microsoft-Windows-Diagnosis-DPS","Diagnostic module {45de1ea9-10bc-4f96-9b21-4b6b83dbf476} (%windir%\system32\radardt.dll) started troubleshooting scenario {180b3a99-8c39-4f12-b631-2031998efe45}, instance {4d21bf58-b4fa-43a7-b054-c422a89b2873}, original activity ID {00000000-0000-0000-0000-000000000000}."
"07-08-2026 17:31:08","100","Information","Microsoft-Windows-Diagnosis-DPS","Diagnostic module {45de1ea9-10bc-4f96-9b21-4b6b83dbf476} (%windir%\system32\radardt.dll) detected a problem for scenario {180b3a99-8c39-4f12-b631-2031998efe45}, instance {4d21bf58-b4fa-43a7-b054-c422a89b2873}, original activity ID {00000000-0000-0000-0000-000000000000}."
"07-08-2026 17:26:08","105","Information","Microsoft-Windows-Diagnosis-DPS","Diagnostic module {45de1ea9-10bc-4f96-9b21-4b6b83dbf476} (%windir%\system32\radardt.dll) started troubleshooting scenario {180b3a99-8c39-4f12-b631-2031998efe45}, instance {2a926934-2285-4545-a11e-bb09be21a5b3}, original activity ID {00000000-0000-0000-0000-000000000000}."
"07-08-2026 17:26:08","100","Information","Microsoft-Windows-Diagnosis-DPS","Diagnostic module {45de1ea9-10bc-4f96-9b21-4b6b83dbf476} (%windir%\system32\radardt.dll) detected a problem for scenario {180b3a99-8c39-4f12-b631-2031998efe45}, instance {2a926934-2285-4545-a11e-bb09be21a5b3}, original activity ID {00000000-0000-0000-0000-000000000000}."
"07-08-2026 17:21:08","105","Information","Microsoft-Windows-Diagnosis-DPS","Diagnostic module {45de1ea9-10bc-4f96-9b21-4b6b83dbf476} (%windir%\system32\radardt.dll) started troubleshooting scenario {180b3a99-8c39-4f12-b631-2031998efe45}, instance {846f2abf-d7e7-44c1-b391-a5e01034132d}, original activity ID {00000000-0000-0000-0000-000000000000}."
"07-08-2026 17:21:08","100","Information","Microsoft-Windows-Diagnosis-DPS","Diagnostic module {45de1ea9-10bc-4f96-9b21-4b6b83dbf476} (%windir%\system32\radardt.dll) detected a problem for scenario {180b3a99-8c39-4f12-b631-2031998efe45}, instance {846f2abf-d7e7-44c1-b391-a5e01034132d}, original activity ID {00000000-0000-0000-0000-000000000000}."
"07-08-2026 17:16:08","105","Information","Microsoft-Windows-Diagnosis-DPS","Diagnostic module {45de1ea9-10bc-4f96-9b21-4b6b83dbf476} (%windir%\system32\radardt.dll) started troubleshooting scenario {180b3a99-8c39-4f12-b631-2031998efe45}, instance {a8504885-9df3-4027-b698-03b503c72265}, original activity ID {00000000-0000-0000-0000-000000000000}."
"07-08-2026 17:16:08","100","Information","Microsoft-Windows-Diagnosis-DPS","Diagnostic module {45de1ea9-10bc-4f96-9b21-4b6b83dbf476} (%windir%\system32\radardt.dll) detected a problem for scenario {180b3a99-8c39-4f12-b631-2031998efe45}, instance {a8504885-9df3-4027-b698-03b503c72265}, original activity ID {00000000-0000-0000-0000-000000000000}."
"07-08-2026 17:11:08","105","Information","Microsoft-Windows-Diagnosis-DPS","Diagnostic module {45de1ea9-10bc-4f96-9b21-4b6b83dbf476} (%windir%\system32\radardt.dll) started troubleshooting scenario {180b3a99-8c39-4f12-b631-2031998efe45}, instance {7df9630c-64f9-4855-8e1a-e78fa0fe8f32}, original activity ID {00000000-0000-0000-0000-000000000000}."
"07-08-2026 17:11:08","100","Information","Microsoft-Windows-Diagnosis-DPS","Diagnostic module {45de1ea9-10bc-4f96-9b21-4b6b83dbf476} (%windir%\system32\radardt.dll) detected a problem for scenario {180b3a99-8c39-4f12-b631-2031998efe45}, instance {7df9630c-64f9-4855-8e1a-e78fa0fe8f32}, original activity ID {00000000-0000-0000-0000-000000000000}."
"07-08-2026 17:06:08","105","Information","Microsoft-Windows-Diagnosis-DPS","Diagnostic module {45de1ea9-10bc-4f96-9b21-4b6b83dbf476} (%windir%\system32\radardt.dll) started troubleshooting scenario {180b3a99-8c39-4f12-b631-2031998efe45}, instance {57a211fa-4c9a-4d52-b5dd-f7fd5669fc38}, original activity ID {00000000-0000-0000-0000-000000000000}."
"07-08-2026 17:06:08","100","Information","Microsoft-Windows-Diagnosis-DPS","Diagnostic module {45de1ea9-10bc-4f96-9b21-4b6b83dbf476} (%windir%\system32\radardt.dll) detected a problem for scenario {180b3a99-8c39-4f12-b631-2031998efe45}, instance {57a211fa-4c9a-4d52-b5dd-f7fd5669fc38}, original activity ID {00000000-0000-0000-0000-000000000000}."
"07-08-2026 17:01:08","105","Information","Microsoft-Windows-Diagnosis-DPS","Diagnostic module {45de1ea9-10bc-4f96-9b21-4b6b83dbf476} (%windir%\system32\radardt.dll) started troubleshooting scenario {180b3a99-8c39-4f12-b631-2031998efe45}, instance {85adbbf1-5890-4a2a-8c38-cb59de889fc5}, original activity ID {00000000-0000-0000-0000-000000000000}."
"07-08-2026 17:01:08","100","Information","Microsoft-Windows-Diagnosis-DPS","Diagnostic module {45de1ea9-10bc-4f96-9b21-4b6b83dbf476} (%windir%\system32\radardt.dll) detected a problem for scenario {180b3a99-8c39-4f12-b631-2031998efe45}, instance {85adbbf1-5890-4a2a-8c38-cb59de889fc5}, original activity ID {00000000-0000-0000-0000-000000000000}."
"07-08-2026 16:56:08","105","Information","Microsoft-Windows-Diagnosis-DPS","Diagnostic module {45de1ea9-10bc-4f96-9b21-4b6b83dbf476} (%windir%\system32\radardt.dll) started troubleshooting scenario {180b3a99-8c39-4f12-b631-2031998efe45}, instance {7f207126-37ca-437a-b4bd-94bcc898c73a}, original activity ID {00000000-0000-0000-0000-000000000000}."
"07-08-2026 16:56:08","100","Information","Microsoft-Windows-Diagnosis-DPS","Diagnostic module {45de1ea9-10bc-4f96-9b21-4b6b83dbf476} (%windir%\system32\radardt.dll) detected a problem for scenario {180b3a99-8c39-4f12-b631-2031998efe45}, instance {7f207126-37ca-437a-b4bd-94bcc898c73a}, original activity ID {00000000-0000-0000-0000-000000000000}."
"07-08-2026 16:51:08","105","Information","Microsoft-Windows-Diagnosis-DPS","Diagnostic module {45de1ea9-10bc-4f96-9b21-4b6b83dbf476} (%windir%\system32\radardt.dll) started troubleshooting scenario {180b3a99-8c39-4f12-b631-2031998efe45}, instance {825c3834-b3b7-4397-89cd-edaa4278c85f}, original activity ID {00000000-0000-0000-0000-000000000000}."
"07-08-2026 16:51:08","100","Information","Microsoft-Windows-Diagnosis-DPS","Diagnostic module {45de1ea9-10bc-4f96-9b21-4b6b83dbf476} (%windir%\system32\radardt.dll) detected a problem for scenario {180b3a99-8c39-4f12-b631-2031998efe45}, instance {825c3834-b3b7-4397-89cd-edaa4278c85f}, original activity ID {00000000-0000-0000-0000-000000000000}."
"07-08-2026 16:46:08","105","Information","Microsoft-Windows-Diagnosis-DPS","Diagnostic module {45de1ea9-10bc-4f96-9b21-4b6b83dbf476} (%windir%\system32\radardt.dll) started troubleshooting scenario {180b3a99-8c39-4f12-b631-2031998efe45}, instance {19ca09ae-5836-494e-b541-fd2c2d937312}, original activity ID {00000000-0000-0000-0000-000000000000}."
"07-08-2026 16:46:08","100","Information","Microsoft-Windows-Diagnosis-DPS","Diagnostic module {45de1ea9-10bc-4f96-9b21-4b6b83dbf476} (%windir%\system32\radardt.dll) detected a problem for scenario {180b3a99-8c39-4f12-b631-2031998efe45}, instance {19ca09ae-5836-494e-b541-fd2c2d937312}, original activity ID {00000000-0000-0000-0000-000000000000}."
"07-08-2026 16:41:07","105","Information","Microsoft-Windows-Diagnosis-DPS","Diagnostic module {45de1ea9-10bc-4f96-9b21-4b6b83dbf476} (%windir%\system32\radardt.dll) started troubleshooting scenario {180b3a99-8c39-4f12-b631-2031998efe45}, instance {b26402b9-cda3-471d-bac2-633ba46a9ef5}, original activity ID {00000000-0000-0000-0000-000000000000}."
"07-08-2026 16:41:07","100","Information","Microsoft-Windows-Diagnosis-DPS","Diagnostic module {45de1ea9-10bc-4f96-9b21-4b6b83dbf476} (%windir%\system32\radardt.dll) detected a problem for scenario {180b3a99-8c39-4f12-b631-2031998efe45}, instance {b26402b9-cda3-471d-bac2-633ba46a9ef5}, original activity ID {00000000-0000-0000-0000-000000000000}."
"07-08-2026 16:36:08","105","Information","Microsoft-Windows-Diagnosis-DPS","Diagnostic module {45de1ea9-10bc-4f96-9b21-4b6b83dbf476} (%windir%\system32\radardt.dll) started troubleshooting scenario {180b3a99-8c39-4f12-b631-2031998efe45}, instance {33d7ba3d-48ac-4c94-8898-cbe3608d671a}, original activity ID {00000000-0000-0000-0000-000000000000}."
"07-08-2026 16:36:08","100","Information","Microsoft-Windows-Diagnosis-DPS","Diagnostic module {45de1ea9-10bc-4f96-9b21-4b6b83dbf476} (%windir%\system32\radardt.dll) detected a problem for scenario {180b3a99-8c39-4f12-b631-2031998efe45}, instance {33d7ba3d-48ac-4c94-8898-cbe3608d671a}, original activity ID {00000000-0000-0000-0000-000000000000}."
"07-08-2026 16:31:08","105","Information","Microsoft-Windows-Diagnosis-DPS","Diagnostic module {45de1ea9-10bc-4f96-9b21-4b6b83dbf476} (%windir%\system32\radardt.dll) started troubleshooting scenario {180b3a99-8c39-4f12-b631-2031998efe45}, instance {95c2b42c-c7ea-4777-bb4b-17f7e4859137}, original activity ID {00000000-0000-0000-0000-000000000000}."
"07-08-2026 16:31:08","100","Information","Microsoft-Windows-Diagnosis-DPS","Diagnostic module {45de1ea9-10bc-4f96-9b21-4b6b83dbf476} (%windir%\system32\radardt.dll) detected a problem for scenario {180b3a99-8c39-4f12-b631-2031998efe45}, instance {95c2b42c-c7ea-4777-bb4b-17f7e4859137}, original activity ID {00000000-0000-0000-0000-000000000000}."
"07-08-2026 16:26:08","105","Information","Microsoft-Windows-Diagnosis-DPS","Diagnostic module {45de1ea9-10bc-4f96-9b21-4b6b83dbf476} (%windir%\system32\radardt.dll) started troubleshooting scenario {180b3a99-8c39-4f12-b631-2031998efe45}, instance {7ed408b7-0baf-4a36-be5f-3cab821ba309}, original activity ID {00000000-0000-0000-0000-000000000000}."
"07-08-2026 16:26:08","100","Information","Microsoft-Windows-Diagnosis-DPS","Diagnostic module {45de1ea9-10bc-4f96-9b21-4b6b83dbf476} (%windir%\system32\radardt.dll) detected a problem for scenario {180b3a99-8c39-4f12-b631-2031998efe45}, instance {7ed408b7-0baf-4a36-be5f-3cab821ba309}, original activity ID {00000000-0000-0000-0000-000000000000}."
"07-08-2026 16:21:08","105","Information","Microsoft-Windows-Diagnosis-DPS","Diagnostic module {45de1ea9-10bc-4f96-9b21-4b6b83dbf476} (%windir%\system32\radardt.dll) started troubleshooting scenario {180b3a99-8c39-4f12-b631-2031998efe45}, instance {4dfc91e1-b6d3-435f-a1d2-299516895f01}, original activity ID {00000000-0000-0000-0000-000000000000}."
"07-08-2026 16:21:08","100","Information","Microsoft-Windows-Diagnosis-DPS","Diagnostic module {45de1ea9-10bc-4f96-9b21-4b6b83dbf476} (%windir%\system32\radardt.dll) detected a problem for scenario {180b3a99-8c39-4f12-b631-2031998efe45}, instance {4dfc91e1-b6d3-435f-a1d2-299516895f01}, original activity ID {00000000-0000-0000-0000-000000000000}."
"07-08-2026 16:16:08","105","Information","Microsoft-Windows-Diagnosis-DPS","Diagnostic module {45de1ea9-10bc-4f96-9b21-4b6b83dbf476} (%windir%\system32\radardt.dll) started troubleshooting scenario {180b3a99-8c39-4f12-b631-2031998efe45}, instance {e2dddd58-d561-40cb-8ccd-3a8192f4ee40}, original activity ID {00000000-0000-0000-0000-000000000000}."
"07-08-2026 16:16:08","100","Information","Microsoft-Windows-Diagnosis-DPS","Diagnostic module {45de1ea9-10bc-4f96-9b21-4b6b83dbf476} (%windir%\system32\radardt.dll) detected a problem for scenario {180b3a99-8c39-4f12-b631-2031998efe45}, instance {e2dddd58-d561-40cb-8ccd-3a8192f4ee40}, original activity ID {00000000-0000-0000-0000-000000000000}."
"07-08-2026 16:11:08","105","Information","Microsoft-Windows-Diagnosis-DPS","Diagnostic module {45de1ea9-10bc-4f96-9b21-4b6b83dbf476} (%windir%\system32\radardt.dll) started troubleshooting scenario {180b3a99-8c39-4f12-b631-2031998efe45}, instance {c54dedea-8bf8-46b0-8f50-7a5d3907fe21}, original activity ID {00000000-0000-0000-0000-000000000000}."
"07-08-2026 16:11:08","100","Information","Microsoft-Windows-Diagnosis-DPS","Diagnostic module {45de1ea9-10bc-4f96-9b21-4b6b83dbf476} (%windir%\system32\radardt.dll) detected a problem for scenario {180b3a99-8c39-4f12-b631-2031998efe45}, instance {c54dedea-8bf8-46b0-8f50-7a5d3907fe21}, original activity ID {00000000-0000-0000-0000-000000000000}."
"07-08-2026 16:06:08","105","Information","Microsoft-Windows-Diagnosis-DPS","Diagnostic module {45de1ea9-10bc-4f96-9b21-4b6b83dbf476} (%windir%\system32\radardt.dll) started troubleshooting scenario {180b3a99-8c39-4f12-b631-2031998efe45}, instance {9e01c15c-7ea4-4972-94e3-231615b8ebf7}, original activity ID {00000000-0000-0000-0000-000000000000}."
"07-08-2026 16:06:08","100","Information","Microsoft-Windows-Diagnosis-DPS","Diagnostic module {45de1ea9-10bc-4f96-9b21-4b6b83dbf476} (%windir%\system32\radardt.dll) detected a problem for scenario {180b3a99-8c39-4f12-b631-2031998efe45}, instance {9e01c15c-7ea4-4972-94e3-231615b8ebf7}, original activity ID {00000000-0000-0000-0000-000000000000}."
"07-08-2026 16:01:08","105","Information","Microsoft-Windows-Diagnosis-DPS","Diagnostic module {45de1ea9-10bc-4f96-9b21-4b6b83dbf476} (%windir%\system32\radardt.dll) started troubleshooting scenario {180b3a99-8c39-4f12-b631-2031998efe45}, instance {1268b54b-2053-4278-91c1-070a933f7481}, original activity ID {00000000-0000-0000-0000-000000000000}."
"07-08-2026 16:01:08","100","Information","Microsoft-Windows-Diagnosis-DPS","Diagnostic module {45de1ea9-10bc-4f96-9b21-4b6b83dbf476} (%windir%\system32\radardt.dll) detected a problem for scenario {180b3a99-8c39-4f12-b631-2031998efe45}, instance {1268b54b-2053-4278-91c1-070a933f7481}, original activity ID {00000000-0000-0000-0000-000000000000}."
"07-08-2026 15:56:08","105","Information","Microsoft-Windows-Diagnosis-DPS","Diagnostic module {45de1ea9-10bc-4f96-9b21-4b6b83dbf476} (%windir%\system32\radardt.dll) started troubleshooting scenario {180b3a99-8c39-4f12-b631-2031998efe45}, instance {02f3ab7d-f390-41ab-995d-b49147469039}, original activity ID {00000000-0000-0000-0000-000000000000}."
"07-08-2026 15:56:08","100","Information","Microsoft-Windows-Diagnosis-DPS","Diagnostic module {45de1ea9-10bc-4f96-9b21-4b6b83dbf476} (%windir%\system32\radardt.dll) detected a problem for scenario {180b3a99-8c39-4f12-b631-2031998efe45}, instance {02f3ab7d-f390-41ab-995d-b49147469039}, original activity ID {00000000-0000-0000-0000-000000000000}."
"07-08-2026 15:51:08","105","Information","Microsoft-Windows-Diagnosis-DPS","Diagnostic module {45de1ea9-10bc-4f96-9b21-4b6b83dbf476} (%windir%\system32\radardt.dll) started troubleshooting scenario {180b3a99-8c39-4f12-b631-2031998efe45}, instance {b833d1e2-afed-4264-99d0-91c06ebf614d}, original activity ID {00000000-0000-0000-0000-000000000000}."
"07-08-2026 15:51:08","100","Information","Microsoft-Windows-Diagnosis-DPS","Diagnostic module {45de1ea9-10bc-4f96-9b21-4b6b83dbf476} (%windir%\system32\radardt.dll) detected a problem for scenario {180b3a99-8c39-4f12-b631-2031998efe45}, instance {b833d1e2-afed-4264-99d0-91c06ebf614d}, original activity ID {00000000-0000-0000-0000-000000000000}."
"07-08-2026 15:46:08","105","Information","Microsoft-Windows-Diagnosis-DPS","Diagnostic module {45de1ea9-10bc-4f96-9b21-4b6b83dbf476} (%windir%\system32\radardt.dll) started troubleshooting scenario {180b3a99-8c39-4f12-b631-2031998efe45}, instance {8d720877-144a-4835-88b9-7b32d0725fcc}, original activity ID {00000000-0000-0000-0000-000000000000}."
"07-08-2026 15:46:08","100","Information","Microsoft-Windows-Diagnosis-DPS","Diagnostic module {45de1ea9-10bc-4f96-9b21-4b6b83dbf476} (%windir%\system32\radardt.dll) detected a problem for scenario {180b3a99-8c39-4f12-b631-2031998efe45}, instance {8d720877-144a-4835-88b9-7b32d0725fcc}, original activity ID {00000000-0000-0000-0000-000000000000}."
"07-08-2026 15:41:08","105","Information","Microsoft-Windows-Diagnosis-DPS","Diagnostic module {45de1ea9-10bc-4f96-9b21-4b6b83dbf476} (%windir%\system32\radardt.dll) started troubleshooting scenario {180b3a99-8c39-4f12-b631-2031998efe45}, instance {8273fa40-7e15-4f52-a915-678f78352c06}, original activity ID {00000000-0000-0000-0000-000000000000}."
"07-08-2026 15:41:08","100","Information","Microsoft-Windows-Diagnosis-DPS","Diagnostic module {45de1ea9-10bc-4f96-9b21-4b6b83dbf476} (%windir%\system32\radardt.dll) detected a problem for scenario {180b3a99-8c39-4f12-b631-2031998efe45}, instance {8273fa40-7e15-4f52-a915-678f78352c06}, original activity ID {00000000-0000-0000-0000-000000000000}."
"07-08-2026 15:36:08","105","Information","Microsoft-Windows-Diagnosis-DPS","Diagnostic module {45de1ea9-10bc-4f96-9b21-4b6b83dbf476} (%windir%\system32\radardt.dll) started troubleshooting scenario {180b3a99-8c39-4f12-b631-2031998efe45}, instance {91aabae4-c343-4ea1-a3fa-682c34b5a31b}, original activity ID {00000000-0000-0000-0000-000000000000}."
"07-08-2026 15:36:08","100","Information","Microsoft-Windows-Diagnosis-DPS","Diagnostic module {45de1ea9-10bc-4f96-9b21-4b6b83dbf476} (%windir%\system32\radardt.dll) detected a problem for scenario {180b3a99-8c39-4f12-b631-2031998efe45}, instance {91aabae4-c343-4ea1-a3fa-682c34b5a31b}, original activity ID {00000000-0000-0000-0000-000000000000}."
"07-08-2026 15:31:08","105","Information","Microsoft-Windows-Diagnosis-DPS","Diagnostic module {45de1ea9-10bc-4f96-9b21-4b6b83dbf476} (%windir%\system32\radardt.dll) started troubleshooting scenario {180b3a99-8c39-4f12-b631-2031998efe45}, instance {a5140664-272d-478a-960b-62e397f50778}, original activity ID {00000000-0000-0000-0000-000000000000}."
"07-08-2026 15:31:08","100","Information","Microsoft-Windows-Diagnosis-DPS","Diagnostic module {45de1ea9-10bc-4f96-9b21-4b6b83dbf476} (%windir%\system32\radardt.dll) detected a problem for scenario {180b3a99-8c39-4f12-b631-2031998efe45}, instance {a5140664-272d-478a-960b-62e397f50778}, original activity ID {00000000-0000-0000-0000-000000000000}."
"07-08-2026 15:26:08","105","Information","Microsoft-Windows-Diagnosis-DPS","Diagnostic module {45de1ea9-10bc-4f96-9b21-4b6b83dbf476} (%windir%\system32\radardt.dll) started troubleshooting scenario {180b3a99-8c39-4f12-b631-2031998efe45}, instance {a24dddde-76a6-489c-b2a3-66bbe0330c09}, original activity ID {00000000-0000-0000-0000-000000000000}."
"07-08-2026 15:26:08","100","Information","Microsoft-Windows-Diagnosis-DPS","Diagnostic module {45de1ea9-10bc-4f96-9b21-4b6b83dbf476} (%windir%\system32\radardt.dll) detected a problem for scenario {180b3a99-8c39-4f12-b631-2031998efe45}, instance {a24dddde-76a6-489c-b2a3-66bbe0330c09}, original activity ID {00000000-0000-0000-0000-000000000000}."
"07-08-2026 15:21:08","105","Information","Microsoft-Windows-Diagnosis-DPS","Diagnostic module {45de1ea9-10bc-4f96-9b21-4b6b83dbf476} (%windir%\system32\radardt.dll) started troubleshooting scenario {180b3a99-8c39-4f12-b631-2031998efe45}, instance {af4b860c-3b14-40a1-94d8-90585f799ae3}, original activity ID {00000000-0000-0000-0000-000000000000}."
"07-08-2026 15:21:08","100","Information","Microsoft-Windows-Diagnosis-DPS","Diagnostic module {45de1ea9-10bc-4f96-9b21-4b6b83dbf476} (%windir%\system32\radardt.dll) detected a problem for scenario {180b3a99-8c39-4f12-b631-2031998efe45}, instance {af4b860c-3b14-40a1-94d8-90585f799ae3}, original activity ID {00000000-0000-0000-0000-000000000000}."
"07-08-2026 15:16:08","105","Information","Microsoft-Windows-Diagnosis-DPS","Diagnostic module {45de1ea9-10bc-4f96-9b21-4b6b83dbf476} (%windir%\system32\radardt.dll) started troubleshooting scenario {180b3a99-8c39-4f12-b631-2031998efe45}, instance {35c1e422-f8a2-4300-9a9a-bc7882f3030d}, original activity ID {00000000-0000-0000-0000-000000000000}."
"07-08-2026 15:16:08","100","Information","Microsoft-Windows-Diagnosis-DPS","Diagnostic module {45de1ea9-10bc-4f96-9b21-4b6b83dbf476} (%windir%\system32\radardt.dll) detected a problem for scenario {180b3a99-8c39-4f12-b631-2031998efe45}, instance {35c1e422-f8a2-4300-9a9a-bc7882f3030d}, original activity ID {00000000-0000-0000-0000-000000000000}."
"07-08-2026 15:11:08","105","Information","Microsoft-Windows-Diagnosis-DPS","Diagnostic module {45de1ea9-10bc-4f96-9b21-4b6b83dbf476} (%windir%\system32\radardt.dll) started troubleshooting scenario {180b3a99-8c39-4f12-b631-2031998efe45}, instance {45e4a40c-5715-4033-8ffc-9646b92dfbc3}, original activity ID {00000000-0000-0000-0000-000000000000}."
"07-08-2026 15:11:08","100","Information","Microsoft-Windows-Diagnosis-DPS","Diagnostic module {45de1ea9-10bc-4f96-9b21-4b6b83dbf476} (%windir%\system32\radardt.dll) detected a problem for scenario {180b3a99-8c39-4f12-b631-2031998efe45}, instance {45e4a40c-5715-4033-8ffc-9646b92dfbc3}, original activity ID {00000000-0000-0000-0000-000000000000}."
"07-08-2026 15:06:07","105","Information","Microsoft-Windows-Diagnosis-DPS","Diagnostic module {45de1ea9-10bc-4f96-9b21-4b6b83dbf476} (%windir%\system32\radardt.dll) started troubleshooting scenario {180b3a99-8c39-4f12-b631-2031998efe45}, instance {093da50b-7080-4432-bb09-4ff36ac57281}, original activity ID {00000000-0000-0000-0000-000000000000}."
"07-08-2026 15:06:07","100","Information","Microsoft-Windows-Diagnosis-DPS","Diagnostic module {45de1ea9-10bc-4f96-9b21-4b6b83dbf476} (%windir%\system32\radardt.dll) detected a problem for scenario {180b3a99-8c39-4f12-b631-2031998efe45}, instance {093da50b-7080-4432-bb09-4ff36ac57281}, original activity ID {00000000-0000-0000-0000-000000000000}."
"07-08-2026 15:01:07","105","Information","Microsoft-Windows-Diagnosis-DPS","Diagnostic module {45de1ea9-10bc-4f96-9b21-4b6b83dbf476} (%windir%\system32\radardt.dll) started troubleshooting scenario {180b3a99-8c39-4f12-b631-2031998efe45}, instance {1c46500d-4e5c-4678-a35f-ffc155526231}, original activity ID {00000000-0000-0000-0000-000000000000}."
"07-08-2026 15:01:07","100","Information","Microsoft-Windows-Diagnosis-DPS","Diagnostic module {45de1ea9-10bc-4f96-9b21-4b6b83dbf476} (%windir%\system32\radardt.dll) detected a problem for scenario {180b3a99-8c39-4f12-b631-2031998efe45}, instance {1c46500d-4e5c-4678-a35f-ffc155526231}, original activity ID {00000000-0000-0000-0000-000000000000}."
"07-08-2026 14:56:07","105","Information","Microsoft-Windows-Diagnosis-DPS","Diagnostic module {45de1ea9-10bc-4f96-9b21-4b6b83dbf476} (%windir%\system32\radardt.dll) started troubleshooting scenario {180b3a99-8c39-4f12-b631-2031998efe45}, instance {587abfde-66d2-45d7-8ca3-858ec6c2e45b}, original activity ID {00000000-0000-0000-0000-000000000000}."
"07-08-2026 14:56:07","100","Information","Microsoft-Windows-Diagnosis-DPS","Diagnostic module {45de1ea9-10bc-4f96-9b21-4b6b83dbf476} (%windir%\system32\radardt.dll) detected a problem for scenario {180b3a99-8c39-4f12-b631-2031998efe45}, instance {587abfde-66d2-45d7-8ca3-858ec6c2e45b}, original activity ID {00000000-0000-0000-0000-000000000000}."
"07-08-2026 14:51:07","105","Information","Microsoft-Windows-Diagnosis-DPS","Diagnostic module {45de1ea9-10bc-4f96-9b21-4b6b83dbf476} (%windir%\system32\radardt.dll) started troubleshooting scenario {180b3a99-8c39-4f12-b631-2031998efe45}, instance {53f27331-678b-4f29-a367-fa02796efc93}, original activity ID {00000000-0000-0000-0000-000000000000}."
"07-08-2026 14:51:07","100","Information","Microsoft-Windows-Diagnosis-DPS","Diagnostic module {45de1ea9-10bc-4f96-9b21-4b6b83dbf476} (%windir%\system32\radardt.dll) detected a problem for scenario {180b3a99-8c39-4f12-b631-2031998efe45}, instance {53f27331-678b-4f29-a367-fa02796efc93}, original activity ID {00000000-0000-0000-0000-000000000000}."
"07-08-2026 14:46:07","105","Information","Microsoft-Windows-Diagnosis-DPS","Diagnostic module {45de1ea9-10bc-4f96-9b21-4b6b83dbf476} (%windir%\system32\radardt.dll) started troubleshooting scenario {180b3a99-8c39-4f12-b631-2031998efe45}, instance {b60afc7f-20a8-4b6f-924a-e1f6b1fd40a2}, original activity ID {00000000-0000-0000-0000-000000000000}."
"07-08-2026 14:46:07","100","Information","Microsoft-Windows-Diagnosis-DPS","Diagnostic module {45de1ea9-10bc-4f96-9b21-4b6b83dbf476} (%windir%\system32\radardt.dll) detected a problem for scenario {180b3a99-8c39-4f12-b631-2031998efe45}, instance {b60afc7f-20a8-4b6f-924a-e1f6b1fd40a2}, original activity ID {00000000-0000-0000-0000-000000000000}."
"07-08-2026 14:41:07","105","Information","Microsoft-Windows-Diagnosis-DPS","Diagnostic module {45de1ea9-10bc-4f96-9b21-4b6b83dbf476} (%windir%\system32\radardt.dll) started troubleshooting scenario {180b3a99-8c39-4f12-b631-2031998efe45}, instance {cf5869cf-dd68-4fd5-a503-6e838423b637}, original activity ID {00000000-0000-0000-0000-000000000000}."
"07-08-2026 14:41:07","100","Information","Microsoft-Windows-Diagnosis-DPS","Diagnostic module {45de1ea9-10bc-4f96-9b21-4b6b83dbf476} (%windir%\system32\radardt.dll) detected a problem for scenario {180b3a99-8c39-4f12-b631-2031998efe45}, instance {cf5869cf-dd68-4fd5-a503-6e838423b637}, original activity ID {00000000-0000-0000-0000-000000000000}."
"07-08-2026 14:36:07","105","Information","Microsoft-Windows-Diagnosis-DPS","Diagnostic module {45de1ea9-10bc-4f96-9b21-4b6b83dbf476} (%windir%\system32\radardt.dll) started troubleshooting scenario {180b3a99-8c39-4f12-b631-2031998efe45}, instance {7c21fed5-8554-46af-802c-7fc37360983d}, original activity ID {00000000-0000-0000-0000-000000000000}."
"07-08-2026 14:36:07","100","Information","Microsoft-Windows-Diagnosis-DPS","Diagnostic module {45de1ea9-10bc-4f96-9b21-4b6b83dbf476} (%windir%\system32\radardt.dll) detected a problem for scenario {180b3a99-8c39-4f12-b631-2031998efe45}, instance {7c21fed5-8554-46af-802c-7fc37360983d}, original activity ID {00000000-0000-0000-0000-000000000000}."
"07-08-2026 14:31:07","105","Information","Microsoft-Windows-Diagnosis-DPS","Diagnostic module {45de1ea9-10bc-4f96-9b21-4b6b83dbf476} (%windir%\system32\radardt.dll) started troubleshooting scenario {180b3a99-8c39-4f12-b631-2031998efe45}, instance {ca9f4f77-fb69-446f-971e-936b4330a778}, original activity ID {00000000-0000-0000-0000-000000000000}."
"07-08-2026 14:31:07","100","Information","Microsoft-Windows-Diagnosis-DPS","Diagnostic module {45de1ea9-10bc-4f96-9b21-4b6b83dbf476} (%windir%\system32\radardt.dll) detected a problem for scenario {180b3a99-8c39-4f12-b631-2031998efe45}, instance {ca9f4f77-fb69-446f-971e-936b4330a778}, original activity ID {00000000-0000-0000-0000-000000000000}."
"07-08-2026 14:26:07","105","Information","Microsoft-Windows-Diagnosis-DPS","Diagnostic module {45de1ea9-10bc-4f96-9b21-4b6b83dbf476} (%windir%\system32\radardt.dll) started troubleshooting scenario {180b3a99-8c39-4f12-b631-2031998efe45}, instance {23a00c36-ea68-40b2-81cb-7814ade3912f}, original activity ID {00000000-0000-0000-0000-000000000000}."
"07-08-2026 14:26:07","100","Information","Microsoft-Windows-Diagnosis-DPS","Diagnostic module {45de1ea9-10bc-4f96-9b21-4b6b83dbf476} (%windir%\system32\radardt.dll) detected a problem for scenario {180b3a99-8c39-4f12-b631-2031998efe45}, instance {23a00c36-ea68-40b2-81cb-7814ade3912f}, original activity ID {00000000-0000-0000-0000-000000000000}."
"07-08-2026 14:21:07","105","Information","Microsoft-Windows-Diagnosis-DPS","Diagnostic module {45de1ea9-10bc-4f96-9b21-4b6b83dbf476} (%windir%\system32\radardt.dll) started troubleshooting scenario {180b3a99-8c39-4f12-b631-2031998efe45}, instance {f9448a12-1f8b-49d5-9c74-d72f01b3137f}, original activity ID {00000000-0000-0000-0000-000000000000}."
"07-08-2026 14:21:07","100","Information","Microsoft-Windows-Diagnosis-DPS","Diagnostic module {45de1ea9-10bc-4f96-9b21-4b6b83dbf476} (%windir%\system32\radardt.dll) detected a problem for scenario {180b3a99-8c39-4f12-b631-2031998efe45}, instance {f9448a12-1f8b-49d5-9c74-d72f01b3137f}, original activity ID {00000000-0000-0000-0000-000000000000}."
"07-08-2026 14:16:07","105","Information","Microsoft-Windows-Diagnosis-DPS","Diagnostic module {45de1ea9-10bc-4f96-9b21-4b6b83dbf476} (%windir%\system32\radardt.dll) started troubleshooting scenario {180b3a99-8c39-4f12-b631-2031998efe45}, instance {cd9ac9e9-202c-4c01-bcdf-73aa3eadbf1e}, original activity ID {00000000-0000-0000-0000-000000000000}."
"07-08-2026 14:16:07","100","Information","Microsoft-Windows-Diagnosis-DPS","Diagnostic module {45de1ea9-10bc-4f96-9b21-4b6b83dbf476} (%windir%\system32\radardt.dll) detected a problem for scenario {180b3a99-8c39-4f12-b631-2031998efe45}, instance {cd9ac9e9-202c-4c01-bcdf-73aa3eadbf1e}, original activity ID {00000000-0000-0000-0000-000000000000}."
"07-08-2026 14:11:07","105","Information","Microsoft-Windows-Diagnosis-DPS","Diagnostic module {45de1ea9-10bc-4f96-9b21-4b6b83dbf476} (%windir%\system32\radardt.dll) started troubleshooting scenario {180b3a99-8c39-4f12-b631-2031998efe45}, instance {3007ffb4-7b77-4480-aad9-2e29b656b3ca}, original activity ID {00000000-0000-0000-0000-000000000000}."
"07-08-2026 14:11:07","100","Information","Microsoft-Windows-Diagnosis-DPS","Diagnostic module {45de1ea9-10bc-4f96-9b21-4b6b83dbf476} (%windir%\system32\radardt.dll) detected a problem for scenario {180b3a99-8c39-4f12-b631-2031998efe45}, instance {3007ffb4-7b77-4480-aad9-2e29b656b3ca}, original activity ID {00000000-0000-0000-0000-000000000000}."
"07-08-2026 14:06:07","105","Information","Microsoft-Windows-Diagnosis-DPS","Diagnostic module {45de1ea9-10bc-4f96-9b21-4b6b83dbf476} (%windir%\system32\radardt.dll) started troubleshooting scenario {180b3a99-8c39-4f12-b631-2031998efe45}, instance {64c21d22-a032-46db-aa45-205f3d5047fe}, original activity ID {00000000-0000-0000-0000-000000000000}."
