"13-08-2026 12:29:23","60","Information","Microsoft-Windows-UniversalTelemetryClient","Is device on battery power: false"
"13-08-2026 12:29:23","60","Information","Microsoft-Windows-UniversalTelemetryClient","Is device on battery power: false"
"13-08-2026 12:28:58","55","Information","Microsoft-Windows-UniversalTelemetryClient","Is the Internet available: true"
"13-08-2026 12:28:58","56","Information","Microsoft-Windows-UniversalTelemetryClient","Is a free network available: true"
"13-08-2026 12:28:58","56","Information","Microsoft-Windows-UniversalTelemetryClient","Is a free network available: true"
"13-08-2026 12:28:58","55","Information","Microsoft-Windows-UniversalTelemetryClient","Is the Internet available: true"
"13-08-2026 12:28:57","55","Information","Microsoft-Windows-UniversalTelemetryClient","Is the Internet available: true"
"13-08-2026 12:28:57","56","Information","Microsoft-Windows-UniversalTelemetryClient","Is a free network available: false"
"13-08-2026 12:28:40","55","Information","Microsoft-Windows-UniversalTelemetryClient","Is the Internet available: true"
"13-08-2026 12:28:40","56","Information","Microsoft-Windows-UniversalTelemetryClient","Is a free network available: false"
"13-08-2026 12:28:40","56","Information","Microsoft-Windows-UniversalTelemetryClient","Is a free network available: false"
"13-08-2026 12:28:40","55","Information","Microsoft-Windows-UniversalTelemetryClient","Is the Internet available: false"
"13-08-2026 12:13:32","27","Information","Microsoft-Windows-UniversalTelemetryClient","Connection state - All connections have succeeded since the previous period."
"13-08-2026 12:04:17","22","Information","Microsoft-Windows-UniversalTelemetryClient","The daily upload quota for SENSE has crossed into a new tier."
"13-08-2026 12:03:34","27","Information","Microsoft-Windows-UniversalTelemetryClient","Connection state - All connections have succeeded since the previous period."
"13-08-2026 11:59:33","27","Information","Microsoft-Windows-UniversalTelemetryClient","Connection state - All connections have succeeded since the previous period."
"13-08-2026 11:58:13","55","Information","Microsoft-Windows-UniversalTelemetryClient","Is the Internet available: true"
"13-08-2026 11:58:13","56","Information","Microsoft-Windows-UniversalTelemetryClient","Is a free network available: true"
"13-08-2026 11:58:13","56","Information","Microsoft-Windows-UniversalTelemetryClient","Is a free network available: true"
"13-08-2026 11:58:13","55","Information","Microsoft-Windows-UniversalTelemetryClient","Is the Internet available: true"
"13-08-2026 11:58:10","55","Information","Microsoft-Windows-UniversalTelemetryClient","Is the Internet available: true"
"13-08-2026 11:58:10","56","Information","Microsoft-Windows-UniversalTelemetryClient","Is a free network available: false"
"13-08-2026 11:57:51","55","Information","Microsoft-Windows-UniversalTelemetryClient","Is the Internet available: true"
"13-08-2026 11:57:51","56","Information","Microsoft-Windows-UniversalTelemetryClient","Is a free network available: false"
"13-08-2026 11:57:51","55","Information","Microsoft-Windows-UniversalTelemetryClient","Is the Internet available: false"
"13-08-2026 11:57:51","56","Information","Microsoft-Windows-UniversalTelemetryClient","Is a free network available: false"
"13-08-2026 11:56:06","61","Information","Microsoft-Windows-UniversalTelemetryClient","Is the Battery Saver state enabled: false"
"13-08-2026 11:56:06","60","Information","Microsoft-Windows-UniversalTelemetryClient","Is device on battery power: true"
"13-08-2026 11:56:06","60","Information","Microsoft-Windows-UniversalTelemetryClient","Is device on battery power: true"
"13-08-2026 11:49:33","27","Information","Microsoft-Windows-UniversalTelemetryClient","Connection state - All connections have succeeded since the previous period."
"13-08-2026 11:44:33","27","Information","Microsoft-Windows-UniversalTelemetryClient","Connection state - All connections have succeeded since the previous period."
"13-08-2026 11:43:32","27","Information","Microsoft-Windows-UniversalTelemetryClient","Connection state - All connections have succeeded since the previous period."
"13-08-2026 11:34:33","27","Information","Microsoft-Windows-UniversalTelemetryClient","Connection state - All connections have succeeded since the previous period."
"13-08-2026 11:29:33","27","Information","Microsoft-Windows-UniversalTelemetryClient","Connection state - All connections have succeeded since the previous period."
"13-08-2026 11:19:33","27","Information","Microsoft-Windows-UniversalTelemetryClient","Connection state - All connections have succeeded since the previous period."
"13-08-2026 11:14:51","22","Information","Microsoft-Windows-UniversalTelemetryClient","The daily upload quota for SENSE has crossed into a new tier."
"13-08-2026 11:14:33","27","Information","Microsoft-Windows-UniversalTelemetryClient","Connection state - All connections have succeeded since the previous period."
"13-08-2026 11:13:32","27","Information","Microsoft-Windows-UniversalTelemetryClient","Connection state - All connections have succeeded since the previous period."
"13-08-2026 11:03:34","27","Information","Microsoft-Windows-UniversalTelemetryClient","Connection state - All connections have succeeded since the previous period."
"13-08-2026 10:49:33","27","Information","Microsoft-Windows-UniversalTelemetryClient","Connection state - All connections have succeeded since the previous period."
"13-08-2026 10:44:33","27","Information","Microsoft-Windows-UniversalTelemetryClient","Connection state - All connections have succeeded since the previous period."
"13-08-2026 10:43:32","27","Information","Microsoft-Windows-UniversalTelemetryClient","Connection state - All connections have succeeded since the previous period."
"13-08-2026 10:33:34","27","Information","Microsoft-Windows-UniversalTelemetryClient","Connection state - All connections have succeeded since the previous period."
"13-08-2026 10:24:33","27","Information","Microsoft-Windows-UniversalTelemetryClient","Connection state - All connections have succeeded since the previous period."
"13-08-2026 10:14:33","27","Information","Microsoft-Windows-UniversalTelemetryClient","Connection state - All connections have succeeded since the previous period."
"13-08-2026 10:13:32","27","Information","Microsoft-Windows-UniversalTelemetryClient","Connection state - All connections have succeeded since the previous period."
"13-08-2026 10:09:33","27","Information","Microsoft-Windows-UniversalTelemetryClient","Connection state - All connections have succeeded since the previous period."
"13-08-2026 09:49:33","27","Information","Microsoft-Windows-UniversalTelemetryClient","Connection state - All connections have succeeded since the previous period."
"13-08-2026 09:44:33","27","Information","Microsoft-Windows-UniversalTelemetryClient","Connection state - All connections have succeeded since the previous period."
"13-08-2026 09:43:32","27","Information","Microsoft-Windows-UniversalTelemetryClient","Connection state - All connections have succeeded since the previous period."
"13-08-2026 09:33:34","27","Information","Microsoft-Windows-UniversalTelemetryClient","Connection state - All connections have succeeded since the previous period."
"13-08-2026 09:29:33","27","Information","Microsoft-Windows-UniversalTelemetryClient","Connection state - All connections have succeeded since the previous period."
"13-08-2026 09:19:33","27","Information","Microsoft-Windows-UniversalTelemetryClient","Connection state - All connections have succeeded since the previous period."
"13-08-2026 09:17:33","61","Information","Microsoft-Windows-UniversalTelemetryClient","Is the Battery Saver state enabled: false"
"13-08-2026 09:14:33","27","Information","Microsoft-Windows-UniversalTelemetryClient","Connection state - All connections have succeeded since the previous period."
"13-08-2026 09:13:57","55","Information","Microsoft-Windows-UniversalTelemetryClient","Is the Internet available: true"
"13-08-2026 09:13:57","56","Information","Microsoft-Windows-UniversalTelemetryClient","Is a free network available: false"
"13-08-2026 09:13:57","56","Information","Microsoft-Windows-UniversalTelemetryClient","Is a free network available: true"
"13-08-2026 09:13:57","55","Information","Microsoft-Windows-UniversalTelemetryClient","Is the Internet available: true"
"13-08-2026 09:13:56","55","Information","Microsoft-Windows-UniversalTelemetryClient","Is the Internet available: true"
"13-08-2026 09:13:56","56","Information","Microsoft-Windows-UniversalTelemetryClient","Is a free network available: false"
"13-08-2026 09:13:50","55","Information","Microsoft-Windows-UniversalTelemetryClient","Is the Internet available: true"
"13-08-2026 09:13:50","56","Information","Microsoft-Windows-UniversalTelemetryClient","Is a free network available: false"
"13-08-2026 09:13:39","55","Information","Microsoft-Windows-UniversalTelemetryClient","Is the Internet available: true"
"13-08-2026 09:13:39","56","Information","Microsoft-Windows-UniversalTelemetryClient","Is a free network available: false"
"13-08-2026 09:13:35","60","Information","Microsoft-Windows-UniversalTelemetryClient","Is device on battery power: false"
"13-08-2026 09:13:35","61","Information","Microsoft-Windows-UniversalTelemetryClient","Is the Battery Saver state enabled: false"
"13-08-2026 09:13:35","60","Information","Microsoft-Windows-UniversalTelemetryClient","Is device on battery power: false"
"13-08-2026 09:13:34","61","Information","Microsoft-Windows-UniversalTelemetryClient","Is the Battery Saver state enabled: false"
"13-08-2026 05:30:19","55","Information","Microsoft-Windows-UniversalTelemetryClient","Is the Internet available: true"
"13-08-2026 05:30:19","56","Information","Microsoft-Windows-UniversalTelemetryClient","Is a free network available: false"
"13-08-2026 05:30:17","61","Information","Microsoft-Windows-UniversalTelemetryClient","Is the Battery Saver state enabled: false"
"13-08-2026 05:30:17","62","Information","Microsoft-Windows-UniversalTelemetryClient","Is the device in connected standby: false"
"13-08-2026 05:30:17","61","Information","Microsoft-Windows-UniversalTelemetryClient","Is the Battery Saver state enabled: false"
"13-08-2026 05:30:17","60","Information","Microsoft-Windows-UniversalTelemetryClient","Is device on battery power: true"
"12-08-2026 21:16:11","61","Information","Microsoft-Windows-UniversalTelemetryClient","Is the Battery Saver state enabled: false"
"12-08-2026 21:16:11","62","Information","Microsoft-Windows-UniversalTelemetryClient","Is the device in connected standby: true"
"12-08-2026 21:16:11","61","Information","Microsoft-Windows-UniversalTelemetryClient","Is the Battery Saver state enabled: false"
"12-08-2026 21:16:11","60","Information","Microsoft-Windows-UniversalTelemetryClient","Is device on battery power: true"
"12-08-2026 21:16:06","61","Information","Microsoft-Windows-UniversalTelemetryClient","Is the Battery Saver state enabled: false"
"12-08-2026 21:16:06","61","Information","Microsoft-Windows-UniversalTelemetryClient","Is the Battery Saver state enabled: false"
"12-08-2026 21:16:06","62","Information","Microsoft-Windows-UniversalTelemetryClient","Is the device in connected standby: false"
"12-08-2026 21:16:06","27","Information","Microsoft-Windows-UniversalTelemetryClient","Connection state - All connections have succeeded since the previous period."
"12-08-2026 21:16:06","61","Information","Microsoft-Windows-UniversalTelemetryClient","Is the Battery Saver state enabled: false"
"12-08-2026 21:16:06","60","Information","Microsoft-Windows-UniversalTelemetryClient","Is device on battery power: true"
"12-08-2026 21:16:06","61","Information","Microsoft-Windows-UniversalTelemetryClient","Is the Battery Saver state enabled: false"
"12-08-2026 21:16:06","60","Information","Microsoft-Windows-UniversalTelemetryClient","Is device on battery power: true"
"12-08-2026 20:24:47","55","Information","Microsoft-Windows-UniversalTelemetryClient","Is the Internet available: true"
"12-08-2026 20:24:47","56","Information","Microsoft-Windows-UniversalTelemetryClient","Is a free network available: false"
"12-08-2026 20:24:47","55","Information","Microsoft-Windows-UniversalTelemetryClient","Is the Internet available: false"
"12-08-2026 20:24:47","56","Information","Microsoft-Windows-UniversalTelemetryClient","Is a free network available: false"
"12-08-2026 20:24:40","61","Information","Microsoft-Windows-UniversalTelemetryClient","Is the Battery Saver state enabled: true"
"12-08-2026 20:24:40","62","Information","Microsoft-Windows-UniversalTelemetryClient","Is the device in connected standby: true"
"12-08-2026 20:24:40","61","Information","Microsoft-Windows-UniversalTelemetryClient","Is the Battery Saver state enabled: true"
"12-08-2026 20:24:40","60","Information","Microsoft-Windows-UniversalTelemetryClient","Is device on battery power: true"
"12-08-2026 20:24:40","61","Information","Microsoft-Windows-UniversalTelemetryClient","Is the Battery Saver state enabled: false"
"12-08-2026 20:24:40","60","Information","Microsoft-Windows-UniversalTelemetryClient","Is device on battery power: true"
"12-08-2026 20:12:13","22","Information","Microsoft-Windows-UniversalTelemetryClient","The daily upload quota for SENSE has crossed into a new tier."
"12-08-2026 19:55:21","27","Information","Microsoft-Windows-UniversalTelemetryClient","Connection state - All connections have succeeded since the previous period."
"12-08-2026 19:25:21","27","Information","Microsoft-Windows-UniversalTelemetryClient","Connection state - All connections have succeeded since the previous period."
"12-08-2026 18:56:00","60","Information","Microsoft-Windows-UniversalTelemetryClient","Is device on battery power: true"
"12-08-2026 18:56:00","61","Information","Microsoft-Windows-UniversalTelemetryClient","Is the Battery Saver state enabled: false"
"12-08-2026 18:56:00","60","Information","Microsoft-Windows-UniversalTelemetryClient","Is device on battery power: true"
"12-08-2026 18:55:21","27","Information","Microsoft-Windows-UniversalTelemetryClient","Connection state - All connections have succeeded since the previous period."
"12-08-2026 18:51:18","27","Information","Microsoft-Windows-UniversalTelemetryClient","Connection state - All connections have succeeded since the previous period."
"12-08-2026 18:41:18","27","Information","Microsoft-Windows-UniversalTelemetryClient","Connection state - All connections have succeeded since the previous period."
"12-08-2026 18:40:14","61","Information","Microsoft-Windows-UniversalTelemetryClient","Is the Battery Saver state enabled: false"
"12-08-2026 18:40:14","60","Information","Microsoft-Windows-UniversalTelemetryClient","Is device on battery power: false"
"12-08-2026 18:40:14","60","Information","Microsoft-Windows-UniversalTelemetryClient","Is device on battery power: false"
"12-08-2026 18:38:38","61","Information","Microsoft-Windows-UniversalTelemetryClient","Is the Battery Saver state enabled: false"
"12-08-2026 18:38:38","60","Information","Microsoft-Windows-UniversalTelemetryClient","Is device on battery power: true"
"12-08-2026 18:38:38","60","Information","Microsoft-Windows-UniversalTelemetryClient","Is device on battery power: true"
"12-08-2026 18:36:18","27","Information","Microsoft-Windows-UniversalTelemetryClient","Connection state - All connections have succeeded since the previous period."
"12-08-2026 18:35:10","60","Information","Microsoft-Windows-UniversalTelemetryClient","Is device on battery power: false"
"12-08-2026 18:35:10","61","Information","Microsoft-Windows-UniversalTelemetryClient","Is the Battery Saver state enabled: false"
"12-08-2026 18:35:10","60","Information","Microsoft-Windows-UniversalTelemetryClient","Is device on battery power: false"
"12-08-2026 18:31:18","27","Information","Microsoft-Windows-UniversalTelemetryClient","Connection state - All connections have succeeded since the previous period."
"12-08-2026 18:25:21","27","Information","Microsoft-Windows-UniversalTelemetryClient","Connection state - All connections have succeeded since the previous period."
"12-08-2026 18:01:18","27","Information","Microsoft-Windows-UniversalTelemetryClient","Connection state - All connections have succeeded since the previous period."
"12-08-2026 17:55:21","27","Information","Microsoft-Windows-UniversalTelemetryClient","Connection state - All connections have succeeded since the previous period."
"12-08-2026 17:25:21","27","Information","Microsoft-Windows-UniversalTelemetryClient","Connection state - All connections have succeeded since the previous period."
"12-08-2026 17:01:17","27","Information","Microsoft-Windows-UniversalTelemetryClient","Connection state - All connections have succeeded since the previous period."
"12-08-2026 16:55:21","27","Information","Microsoft-Windows-UniversalTelemetryClient","Connection state - All connections have succeeded since the previous period."
"12-08-2026 16:51:17","27","Information","Microsoft-Windows-UniversalTelemetryClient","Connection state - All connections have succeeded since the previous period."
"12-08-2026 16:31:17","27","Information","Microsoft-Windows-UniversalTelemetryClient","Connection state - All connections have succeeded since the previous period."
"12-08-2026 16:25:21","27","Information","Microsoft-Windows-UniversalTelemetryClient","Connection state - All connections have succeeded since the previous period."
"12-08-2026 15:55:21","27","Information","Microsoft-Windows-UniversalTelemetryClient","Connection state - All connections have succeeded since the previous period."
"12-08-2026 15:36:17","27","Information","Microsoft-Windows-UniversalTelemetryClient","Connection state - All connections have succeeded since the previous period."
"12-08-2026 15:25:21","27","Information","Microsoft-Windows-UniversalTelemetryClient","Connection state - All connections have succeeded since the previous period."
"12-08-2026 15:08:41","22","Information","Microsoft-Windows-UniversalTelemetryClient","The daily upload quota for SENSE has crossed into a new tier."
"12-08-2026 14:55:20","27","Information","Microsoft-Windows-UniversalTelemetryClient","Connection state - All connections have succeeded since the previous period."
"12-08-2026 14:51:16","27","Information","Microsoft-Windows-UniversalTelemetryClient","Connection state - All connections have succeeded since the previous period."
"12-08-2026 14:31:16","27","Information","Microsoft-Windows-UniversalTelemetryClient","Connection state - All connections have succeeded since the previous period."
"12-08-2026 14:25:19","27","Information","Microsoft-Windows-UniversalTelemetryClient","Connection state - All connections have succeeded since the previous period."
"12-08-2026 13:55:19","27","Information","Microsoft-Windows-UniversalTelemetryClient","Connection state - All connections have succeeded since the previous period."
"12-08-2026 13:52:53","1","Information","Microsoft-Windows-UniversalTelemetryClient","Tenant P-ARIA-5476d0c4a7a347909c4b8a13078d4390-f8bdcecf-243f-40f8-b7c3-b9c44a57dead-7230 has been registered for telemetry usage."
"12-08-2026 13:52:15","1","Information","Microsoft-Windows-UniversalTelemetryClient","Tenant P-ARIA-5476d0c4a7a347909c4b8a13078d4390-f8bdcecf-243f-40f8-b7c3-b9c44a57dead-7230 has been registered for telemetry usage."
"12-08-2026 13:52:15","1","Information","Microsoft-Windows-UniversalTelemetryClient","Tenant P-ARIA-4bb4d6f7cafc4e9292f972dca2dcde42-bd019ee8-e59c-4b0f-a02c-84e72157a3ef-7485 has been registered for telemetry usage."
"12-08-2026 13:52:14","1","Information","Microsoft-Windows-UniversalTelemetryClient","Tenant P-ARIA-4bb4d6f7cafc4e9292f972dca2dcde42-bd019ee8-e59c-4b0f-a02c-84e72157a3ef-7485 has been registered for telemetry usage."
"12-08-2026 13:51:50","1","Information","Microsoft-Windows-UniversalTelemetryClient","Tenant P-ARIA-5476d0c4a7a347909c4b8a13078d4390-f8bdcecf-243f-40f8-b7c3-b9c44a57dead-7230 has been registered for telemetry usage."
"12-08-2026 13:51:44","1","Information","Microsoft-Windows-UniversalTelemetryClient","Tenant P-ARIA-4bb4d6f7cafc4e9292f972dca2dcde42-bd019ee8-e59c-4b0f-a02c-84e72157a3ef-7485 has been registered for telemetry usage."
"12-08-2026 13:47:33","1","Information","Microsoft-Windows-UniversalTelemetryClient","Tenant P-ARIA-6660cc65b74b4291b30536aea7ed6ead-5a228f6e-723e-4098-8ed2-3554f184fd67-7451 has been registered for telemetry usage."
"12-08-2026 13:32:26","1","Information","Microsoft-Windows-UniversalTelemetryClient","Tenant P-ARIA-6660cc65b74b4291b30536aea7ed6ead-5a228f6e-723e-4098-8ed2-3554f184fd67-7451 has been registered for telemetry usage."
"12-08-2026 13:25:19","27","Information","Microsoft-Windows-UniversalTelemetryClient","Connection state - All connections have succeeded since the previous period."
"12-08-2026 13:17:17","1","Information","Microsoft-Windows-UniversalTelemetryClient","Tenant P-ARIA-6660cc65b74b4291b30536aea7ed6ead-5a228f6e-723e-4098-8ed2-3554f184fd67-7451 has been registered for telemetry usage."
"12-08-2026 13:02:16","1","Information","Microsoft-Windows-UniversalTelemetryClient","Tenant P-ARIA-6660cc65b74b4291b30536aea7ed6ead-5a228f6e-723e-4098-8ed2-3554f184fd67-7451 has been registered for telemetry usage."
"12-08-2026 12:55:19","27","Information","Microsoft-Windows-UniversalTelemetryClient","Connection state - All connections have succeeded since the previous period."
"12-08-2026 12:52:35","60","Information","Microsoft-Windows-UniversalTelemetryClient","Is device on battery power: true"
"12-08-2026 12:52:35","61","Information","Microsoft-Windows-UniversalTelemetryClient","Is the Battery Saver state enabled: false"
"12-08-2026 12:52:35","60","Information","Microsoft-Windows-UniversalTelemetryClient","Is device on battery power: true"
"12-08-2026 12:51:16","28","Warning","Microsoft-Windows-UniversalTelemetryClient","Connection state - Some connections have failed since the previous period."
"12-08-2026 12:47:08","1","Information","Microsoft-Windows-UniversalTelemetryClient","Tenant P-ARIA-6660cc65b74b4291b30536aea7ed6ead-5a228f6e-723e-4098-8ed2-3554f184fd67-7451 has been registered for telemetry usage."
"12-08-2026 12:36:16","27","Information","Microsoft-Windows-UniversalTelemetryClient","Connection state - All connections have succeeded since the previous period."
"12-08-2026 12:32:02","1","Information","Microsoft-Windows-UniversalTelemetryClient","Tenant P-ARIA-6660cc65b74b4291b30536aea7ed6ead-5a228f6e-723e-4098-8ed2-3554f184fd67-7451 has been registered for telemetry usage."
"12-08-2026 12:31:16","27","Information","Microsoft-Windows-UniversalTelemetryClient","Connection state - All connections have succeeded since the previous period."
"12-08-2026 12:26:16","27","Information","Microsoft-Windows-UniversalTelemetryClient","Connection state - All connections have succeeded since the previous period."
"12-08-2026 12:25:19","27","Information","Microsoft-Windows-UniversalTelemetryClient","Connection state - All connections have succeeded since the previous period."
"12-08-2026 12:21:16","27","Information","Microsoft-Windows-UniversalTelemetryClient","Connection state - All connections have succeeded since the previous period."
"12-08-2026 12:16:57","1","Information","Microsoft-Windows-UniversalTelemetryClient","Tenant P-ARIA-6660cc65b74b4291b30536aea7ed6ead-5a228f6e-723e-4098-8ed2-3554f184fd67-7451 has been registered for telemetry usage."
"12-08-2026 12:15:16","27","Information","Microsoft-Windows-UniversalTelemetryClient","Connection state - All connections have succeeded since the previous period."
"12-08-2026 12:06:16","27","Information","Microsoft-Windows-UniversalTelemetryClient","Connection state - All connections have succeeded since the previous period."
"12-08-2026 12:04:03","22","Information","Microsoft-Windows-UniversalTelemetryClient","The daily upload quota for SENSE has crossed into a new tier."
"12-08-2026 12:01:54","1","Information","Microsoft-Windows-UniversalTelemetryClient","Tenant P-ARIA-6660cc65b74b4291b30536aea7ed6ead-5a228f6e-723e-4098-8ed2-3554f184fd67-7451 has been registered for telemetry usage."
"12-08-2026 11:55:19","27","Information","Microsoft-Windows-UniversalTelemetryClient","Connection state - All connections have succeeded since the previous period."
"12-08-2026 11:51:15","27","Information","Microsoft-Windows-UniversalTelemetryClient","Connection state - All connections have succeeded since the previous period."
"12-08-2026 11:46:44","1","Information","Microsoft-Windows-UniversalTelemetryClient","Tenant P-ARIA-6660cc65b74b4291b30536aea7ed6ead-5a228f6e-723e-4098-8ed2-3554f184fd67-7451 has been registered for telemetry usage."
"12-08-2026 11:46:28","1","Information","Microsoft-Windows-UniversalTelemetryClient","Tenant P-ARIA-af397ef28e484961ba48646a5d38cf54-77418283-d6f6-4a90-b0c8-37e0f5e7b087-7425 has been registered for telemetry usage."
"12-08-2026 11:37:32","1","Information","Microsoft-Windows-UniversalTelemetryClient","Tenant P-ARIA-5476d0c4a7a347909c4b8a13078d4390-f8bdcecf-243f-40f8-b7c3-b9c44a57dead-7230 has been registered for telemetry usage."
"12-08-2026 11:37:27","1","Information","Microsoft-Windows-UniversalTelemetryClient","Tenant P-ARIA-4bb4d6f7cafc4e9292f972dca2dcde42-bd019ee8-e59c-4b0f-a02c-84e72157a3ef-7485 has been registered for telemetry usage."
"12-08-2026 11:36:15","27","Information","Microsoft-Windows-UniversalTelemetryClient","Connection state - All connections have succeeded since the previous period."
"12-08-2026 11:31:36","1","Information","Microsoft-Windows-UniversalTelemetryClient","Tenant P-ARIA-6660cc65b74b4291b30536aea7ed6ead-5a228f6e-723e-4098-8ed2-3554f184fd67-7451 has been registered for telemetry usage."
"12-08-2026 11:26:15","27","Information","Microsoft-Windows-UniversalTelemetryClient","Connection state - All connections have succeeded since the previous period."
"12-08-2026 11:25:19","27","Information","Microsoft-Windows-UniversalTelemetryClient","Connection state - All connections have succeeded since the previous period."
"12-08-2026 11:21:15","27","Information","Microsoft-Windows-UniversalTelemetryClient","Connection state - All connections have succeeded since the previous period."
"12-08-2026 11:16:34","1","Information","Microsoft-Windows-UniversalTelemetryClient","Tenant P-ARIA-6660cc65b74b4291b30536aea7ed6ead-5a228f6e-723e-4098-8ed2-3554f184fd67-7451 has been registered for telemetry usage."
"12-08-2026 11:15:16","27","Information","Microsoft-Windows-UniversalTelemetryClient","Connection state - All connections have succeeded since the previous period."
"12-08-2026 11:01:21","1","Information","Microsoft-Windows-UniversalTelemetryClient","Tenant P-ARIA-6660cc65b74b4291b30536aea7ed6ead-5a228f6e-723e-4098-8ed2-3554f184fd67-7451 has been registered for telemetry usage."
"12-08-2026 11:01:15","27","Information","Microsoft-Windows-UniversalTelemetryClient","Connection state - All connections have succeeded since the previous period."
"12-08-2026 10:56:15","27","Information","Microsoft-Windows-UniversalTelemetryClient","Connection state - All connections have succeeded since the previous period."
"12-08-2026 10:55:19","27","Information","Microsoft-Windows-UniversalTelemetryClient","Connection state - All connections have succeeded since the previous period."
"12-08-2026 10:51:15","27","Information","Microsoft-Windows-UniversalTelemetryClient","Connection state - All connections have succeeded since the previous period."
"12-08-2026 10:46:20","1","Information","Microsoft-Windows-UniversalTelemetryClient","Tenant P-ARIA-6660cc65b74b4291b30536aea7ed6ead-5a228f6e-723e-4098-8ed2-3554f184fd67-7451 has been registered for telemetry usage."
"12-08-2026 10:46:15","27","Information","Microsoft-Windows-UniversalTelemetryClient","Connection state - All connections have succeeded since the previous period."
"12-08-2026 10:45:15","27","Information","Microsoft-Windows-UniversalTelemetryClient","Connection state - All connections have succeeded since the previous period."
"12-08-2026 10:44:41","22","Information","Microsoft-Windows-UniversalTelemetryClient","The daily upload quota for SENSE has crossed into a new tier."
"12-08-2026 10:41:15","27","Information","Microsoft-Windows-UniversalTelemetryClient","Connection state - All connections have succeeded since the previous period."
"12-08-2026 10:31:15","27","Information","Microsoft-Windows-UniversalTelemetryClient","Connection state - All connections have succeeded since the previous period."
"12-08-2026 10:31:11","1","Information","Microsoft-Windows-UniversalTelemetryClient","Tenant P-ARIA-6660cc65b74b4291b30536aea7ed6ead-5a228f6e-723e-4098-8ed2-3554f184fd67-7451 has been registered for telemetry usage."
"12-08-2026 10:26:15","27","Information","Microsoft-Windows-UniversalTelemetryClient","Connection state - All connections have succeeded since the previous period."
"12-08-2026 10:25:19","27","Information","Microsoft-Windows-UniversalTelemetryClient","Connection state - All connections have succeeded since the previous period."
"12-08-2026 10:24:36","60","Information","Microsoft-Windows-UniversalTelemetryClient","Is device on battery power: false"
"12-08-2026 10:24:36","61","Information","Microsoft-Windows-UniversalTelemetryClient","Is the Battery Saver state enabled: false"
"12-08-2026 10:24:36","60","Information","Microsoft-Windows-UniversalTelemetryClient","Is device on battery power: false"
"12-08-2026 10:01:03","1","Information","Microsoft-Windows-UniversalTelemetryClient","Tenant P-ARIA-6660cc65b74b4291b30536aea7ed6ead-5a228f6e-723e-4098-8ed2-3554f184fd67-7451 has been registered for telemetry usage."
"12-08-2026 09:55:19","27","Information","Microsoft-Windows-UniversalTelemetryClient","Connection state - All connections have succeeded since the previous period."
"12-08-2026 09:51:15","27","Information","Microsoft-Windows-UniversalTelemetryClient","Connection state - All connections have succeeded since the previous period."
"12-08-2026 09:47:27","1","Information","Microsoft-Windows-UniversalTelemetryClient","Tenant P-ARIA-af397ef28e484961ba48646a5d38cf54-77418283-d6f6-4a90-b0c8-37e0f5e7b087-7425 has been registered for telemetry usage."
"12-08-2026 09:45:56","1","Information","Microsoft-Windows-UniversalTelemetryClient","Tenant P-ARIA-6660cc65b74b4291b30536aea7ed6ead-5a228f6e-723e-4098-8ed2-3554f184fd67-7451 has been registered for telemetry usage."
"12-08-2026 09:30:49","1","Information","Microsoft-Windows-UniversalTelemetryClient","Tenant P-ARIA-6660cc65b74b4291b30536aea7ed6ead-5a228f6e-723e-4098-8ed2-3554f184fd67-7451 has been registered for telemetry usage."
"12-08-2026 09:25:19","27","Information","Microsoft-Windows-UniversalTelemetryClient","Connection state - All connections have succeeded since the previous period."
"12-08-2026 09:23:32","1","Information","Microsoft-Windows-UniversalTelemetryClient","Tenant P-ARIA-7005b72804a64fa4b2138faab88f877b-14cf798a-05a4-4b7b-9d02-4d99259ebd4a-7553 has been registered for telemetry usage."
"12-08-2026 09:22:41","60","Information","Microsoft-Windows-UniversalTelemetryClient","Is device on battery power: true"
"12-08-2026 09:22:41","61","Information","Microsoft-Windows-UniversalTelemetryClient","Is the Battery Saver state enabled: false"
"12-08-2026 09:22:41","60","Information","Microsoft-Windows-UniversalTelemetryClient","Is device on battery power: true"
"12-08-2026 09:20:00","1","Information","Microsoft-Windows-UniversalTelemetryClient","Tenant P-ARIA-7005b72804a64fa4b2138faab88f877b-14cf798a-05a4-4b7b-9d02-4d99259ebd4a-7553 has been registered for telemetry usage."
"12-08-2026 09:18:43","1","Information","Microsoft-Windows-UniversalTelemetryClient","Tenant P-ARIA-7005b72804a64fa4b2138faab88f877b-14cf798a-05a4-4b7b-9d02-4d99259ebd4a-7553 has been registered for telemetry usage."
"12-08-2026 09:15:15","27","Information","Microsoft-Windows-UniversalTelemetryClient","Connection state - All connections have succeeded since the previous period."
"12-08-2026 09:11:15","27","Information","Microsoft-Windows-UniversalTelemetryClient","Connection state - All connections have succeeded since the previous period."
"12-08-2026 09:01:15","27","Information","Microsoft-Windows-UniversalTelemetryClient","Connection state - All connections have succeeded since the previous period."
"12-08-2026 08:57:22","22","Information","Microsoft-Windows-UniversalTelemetryClient","The daily upload quota for SENSE has crossed into a new tier."
"12-08-2026 08:56:30","1","Information","Microsoft-Windows-UniversalTelemetryClient","Tenant P-ARIA-7005b72804a64fa4b2138faab88f877b-14cf798a-05a4-4b7b-9d02-4d99259ebd4a-7553 has been registered for telemetry usage."
"12-08-2026 08:56:15","27","Information","Microsoft-Windows-UniversalTelemetryClient","Connection state - All connections have succeeded since the previous period."
"12-08-2026 08:56:14","1","Information","Microsoft-Windows-UniversalTelemetryClient","Tenant P-ARIA-af397ef28e484961ba48646a5d38cf54-77418283-d6f6-4a90-b0c8-37e0f5e7b087-7425 has been registered for telemetry usage."
"12-08-2026 08:55:21","1","Information","Microsoft-Windows-UniversalTelemetryClient","Tenant P-ARIA-7005b72804a64fa4b2138faab88f877b-14cf798a-05a4-4b7b-9d02-4d99259ebd4a-7553 has been registered for telemetry usage."
"12-08-2026 08:55:20","55","Information","Microsoft-Windows-UniversalTelemetryClient","Is the Internet available: true"
"12-08-2026 08:55:20","56","Information","Microsoft-Windows-UniversalTelemetryClient","Is a free network available: true"
"12-08-2026 08:55:20","56","Information","Microsoft-Windows-UniversalTelemetryClient","Is a free network available: true"
"12-08-2026 08:55:20","55","Information","Microsoft-Windows-UniversalTelemetryClient","Is the Internet available: true"
"12-08-2026 08:55:19","62","Information","Microsoft-Windows-UniversalTelemetryClient","Is the device in connected standby: false"
"12-08-2026 08:55:19","61","Information","Microsoft-Windows-UniversalTelemetryClient","Is the Battery Saver state enabled: false"
"12-08-2026 08:55:19","60","Information","Microsoft-Windows-UniversalTelemetryClient","Is device on battery power: false"
"12-08-2026 08:08:34","27","Information","Microsoft-Windows-UniversalTelemetryClient","Connection state - All connections have succeeded since the previous period."
"12-08-2026 03:32:17","27","Information","Microsoft-Windows-UniversalTelemetryClient","Connection state - All connections have succeeded since the previous period."
"12-08-2026 03:29:20","55","Information","Microsoft-Windows-UniversalTelemetryClient","Is the Internet available: true"
"12-08-2026 03:29:20","56","Information","Microsoft-Windows-UniversalTelemetryClient","Is a free network available: false"
"12-08-2026 03:29:19","55","Information","Microsoft-Windows-UniversalTelemetryClient","Is the Internet available: false"
"12-08-2026 03:29:19","56","Information","Microsoft-Windows-UniversalTelemetryClient","Is a free network available: false"
"12-08-2026 03:27:38","61","Information","Microsoft-Windows-UniversalTelemetryClient","Is the Battery Saver state enabled: false"
"12-08-2026 03:27:38","60","Information","Microsoft-Windows-UniversalTelemetryClient","Is device on battery power: false"
"12-08-2026 03:27:38","62","Information","Microsoft-Windows-UniversalTelemetryClient","Is the device in connected standby: true"
"12-08-2026 03:27:18","55","Information","Microsoft-Windows-UniversalTelemetryClient","Is the Internet available: true"
"12-08-2026 03:27:18","56","Information","Microsoft-Windows-UniversalTelemetryClient","Is a free network available: true"
"12-08-2026 03:27:17","56","Information","Microsoft-Windows-UniversalTelemetryClient","Is a free network available: true"
"12-08-2026 03:27:17","55","Information","Microsoft-Windows-UniversalTelemetryClient","Is the Internet available: true"
"12-08-2026 03:27:17","62","Information","Microsoft-Windows-UniversalTelemetryClient","Is the device in connected standby: false"
"12-08-2026 03:27:17","61","Information","Microsoft-Windows-UniversalTelemetryClient","Is the Battery Saver state enabled: false"
"12-08-2026 03:27:17","60","Information","Microsoft-Windows-UniversalTelemetryClient","Is device on battery power: false"
"11-08-2026 23:34:21","27","Information","Microsoft-Windows-UniversalTelemetryClient","Connection state - All connections have succeeded since the previous period."
"11-08-2026 19:07:12","28","Warning","Microsoft-Windows-UniversalTelemetryClient","Connection state - Some connections have failed since the previous period."
"11-08-2026 19:04:33","55","Information","Microsoft-Windows-UniversalTelemetryClient","Is the Internet available: true"
"11-08-2026 19:04:33","56","Information","Microsoft-Windows-UniversalTelemetryClient","Is a free network available: false"
"11-08-2026 19:04:33","55","Information","Microsoft-Windows-UniversalTelemetryClient","Is the Internet available: false"
"11-08-2026 19:04:33","56","Information","Microsoft-Windows-UniversalTelemetryClient","Is a free network available: false"
"11-08-2026 19:04:27","62","Information","Microsoft-Windows-UniversalTelemetryClient","Is the device in connected standby: true"
"11-08-2026 19:04:27","61","Information","Microsoft-Windows-UniversalTelemetryClient","Is the Battery Saver state enabled: false"
"11-08-2026 19:04:27","60","Information","Microsoft-Windows-UniversalTelemetryClient","Is device on battery power: false"
"11-08-2026 19:03:23","1","Information","Microsoft-Windows-UniversalTelemetryClient","Tenant P-ARIA-7005b72804a64fa4b2138faab88f877b-14cf798a-05a4-4b7b-9d02-4d99259ebd4a-7553 has been registered for telemetry usage."
"11-08-2026 19:02:43","27","Information","Microsoft-Windows-UniversalTelemetryClient","Connection state - All connections have succeeded since the previous period."
"11-08-2026 19:02:12","55","Information","Microsoft-Windows-UniversalTelemetryClient","Is the Internet available: true"
"11-08-2026 19:02:12","56","Information","Microsoft-Windows-UniversalTelemetryClient","Is a free network available: true"
"11-08-2026 19:02:12","56","Information","Microsoft-Windows-UniversalTelemetryClient","Is a free network available: true"
"11-08-2026 19:02:12","55","Information","Microsoft-Windows-UniversalTelemetryClient","Is the Internet available: true"
"11-08-2026 19:02:12","61","Information","Microsoft-Windows-UniversalTelemetryClient","Is the Battery Saver state enabled: false"
"11-08-2026 19:02:12","60","Information","Microsoft-Windows-UniversalTelemetryClient","Is device on battery power: false"
"11-08-2026 19:02:12","62","Information","Microsoft-Windows-UniversalTelemetryClient","Is the device in connected standby: false"
"11-08-2026 18:34:31","55","Information","Microsoft-Windows-UniversalTelemetryClient","Is the Internet available: true"
"11-08-2026 18:34:31","56","Information","Microsoft-Windows-UniversalTelemetryClient","Is a free network available: false"
"11-08-2026 18:34:30","55","Information","Microsoft-Windows-UniversalTelemetryClient","Is the Internet available: false"
"11-08-2026 18:34:30","56","Information","Microsoft-Windows-UniversalTelemetryClient","Is a free network available: false"
"11-08-2026 18:34:24","61","Information","Microsoft-Windows-UniversalTelemetryClient","Is the Battery Saver state enabled: false"
"11-08-2026 18:34:24","60","Information","Microsoft-Windows-UniversalTelemetryClient","Is device on battery power: false"
"11-08-2026 18:34:24","62","Information","Microsoft-Windows-UniversalTelemetryClient","Is the device in connected standby: true"
"11-08-2026 18:33:42","27","Information","Microsoft-Windows-UniversalTelemetryClient","Connection state - All connections have succeeded since the previous period."
"11-08-2026 18:32:43","27","Information","Microsoft-Windows-UniversalTelemetryClient","Connection state - All connections have succeeded since the previous period."
"11-08-2026 18:23:42","27","Information","Microsoft-Windows-UniversalTelemetryClient","Connection state - All connections have succeeded since the previous period."
"11-08-2026 18:18:42","27","Information","Microsoft-Windows-UniversalTelemetryClient","Connection state - All connections have succeeded since the previous period."
"11-08-2026 18:13:42","27","Information","Microsoft-Windows-UniversalTelemetryClient","Connection state - All connections have succeeded since the previous period."
"11-08-2026 18:08:42","27","Information","Microsoft-Windows-UniversalTelemetryClient","Connection state - All connections have succeeded since the previous period."
"11-08-2026 18:03:42","27","Information","Microsoft-Windows-UniversalTelemetryClient","Connection state - All connections have succeeded since the previous period."
"11-08-2026 18:02:43","27","Information","Microsoft-Windows-UniversalTelemetryClient","Connection state - All connections have succeeded since the previous period."
"11-08-2026 17:52:42","27","Information","Microsoft-Windows-UniversalTelemetryClient","Connection state - All connections have succeeded since the previous period."
"11-08-2026 17:37:42","27","Information","Microsoft-Windows-UniversalTelemetryClient","Connection state - All connections have succeeded since the previous period."
"11-08-2026 17:34:17","61","Information","Microsoft-Windows-UniversalTelemetryClient","Is the Battery Saver state enabled: false"
"11-08-2026 17:34:17","60","Information","Microsoft-Windows-UniversalTelemetryClient","Is device on battery power: false"
"11-08-2026 17:34:17","60","Information","Microsoft-Windows-UniversalTelemetryClient","Is device on battery power: false"
"11-08-2026 17:34:05","61","Information","Microsoft-Windows-UniversalTelemetryClient","Is the Battery Saver state enabled: false"
"11-08-2026 17:34:05","60","Information","Microsoft-Windows-UniversalTelemetryClient","Is device on battery power: true"
"11-08-2026 17:34:05","60","Information","Microsoft-Windows-UniversalTelemetryClient","Is device on battery power: true"
"11-08-2026 17:32:43","27","Information","Microsoft-Windows-UniversalTelemetryClient","Connection state - All connections have succeeded since the previous period."
"11-08-2026 17:32:42","27","Information","Microsoft-Windows-UniversalTelemetryClient","Connection state - All connections have succeeded since the previous period."
"11-08-2026 17:27:42","27","Information","Microsoft-Windows-UniversalTelemetryClient","Connection state - All connections have succeeded since the previous period."
"11-08-2026 17:22:42","27","Information","Microsoft-Windows-UniversalTelemetryClient","Connection state - All connections have succeeded since the previous period."
"11-08-2026 17:18:18","1","Information","Microsoft-Windows-UniversalTelemetryClient","Tenant P-ARIA-7005b72804a64fa4b2138faab88f877b-14cf798a-05a4-4b7b-9d02-4d99259ebd4a-7553 has been registered for telemetry usage."
"11-08-2026 17:12:42","27","Information","Microsoft-Windows-UniversalTelemetryClient","Connection state - All connections have succeeded since the previous period."
"11-08-2026 17:02:43","27","Information","Microsoft-Windows-UniversalTelemetryClient","Connection state - All connections have succeeded since the previous period."
"11-08-2026 16:57:42","27","Information","Microsoft-Windows-UniversalTelemetryClient","Connection state - All connections have succeeded since the previous period."
"11-08-2026 16:57:18","60","Information","Microsoft-Windows-UniversalTelemetryClient","Is device on battery power: false"
"11-08-2026 16:57:18","61","Information","Microsoft-Windows-UniversalTelemetryClient","Is the Battery Saver state enabled: false"
"11-08-2026 16:57:18","60","Information","Microsoft-Windows-UniversalTelemetryClient","Is device on battery power: false"
"11-08-2026 16:32:43","27","Information","Microsoft-Windows-UniversalTelemetryClient","Connection state - All connections have succeeded since the previous period."
"11-08-2026 16:17:42","27","Information","Microsoft-Windows-UniversalTelemetryClient","Connection state - All connections have succeeded since the previous period."
"11-08-2026 16:12:42","27","Information","Microsoft-Windows-UniversalTelemetryClient","Connection state - All connections have succeeded since the previous period."
"11-08-2026 16:07:42","27","Information","Microsoft-Windows-UniversalTelemetryClient","Connection state - All connections have succeeded since the previous period."
"11-08-2026 16:02:43","27","Information","Microsoft-Windows-UniversalTelemetryClient","Connection state - All connections have succeeded since the previous period."
"11-08-2026 15:32:43","27","Information","Microsoft-Windows-UniversalTelemetryClient","Connection state - All connections have succeeded since the previous period."
"11-08-2026 15:02:43","27","Information","Microsoft-Windows-UniversalTelemetryClient","Connection state - All connections have succeeded since the previous period."
"11-08-2026 14:52:42","27","Information","Microsoft-Windows-UniversalTelemetryClient","Connection state - All connections have succeeded since the previous period."
"11-08-2026 14:46:24","22","Information","Microsoft-Windows-UniversalTelemetryClient","The daily upload quota for SENSE has crossed into a new tier."
"11-08-2026 14:32:43","27","Information","Microsoft-Windows-UniversalTelemetryClient","Connection state - All connections have succeeded since the previous period."
"11-08-2026 14:32:42","27","Information","Microsoft-Windows-UniversalTelemetryClient","Connection state - All connections have succeeded since the previous period."
"11-08-2026 14:17:41","27","Information","Microsoft-Windows-UniversalTelemetryClient","Connection state - All connections have succeeded since the previous period."
"11-08-2026 14:02:43","27","Information","Microsoft-Windows-UniversalTelemetryClient","Connection state - All connections have succeeded since the previous period."
"11-08-2026 13:32:43","27","Information","Microsoft-Windows-UniversalTelemetryClient","Connection state - All connections have succeeded since the previous period."
"11-08-2026 13:02:43","27","Information","Microsoft-Windows-UniversalTelemetryClient","Connection state - All connections have succeeded since the previous period."
"11-08-2026 12:32:43","28","Warning","Microsoft-Windows-UniversalTelemetryClient","Connection state - Some connections have failed since the previous period."
"11-08-2026 12:32:41","27","Information","Microsoft-Windows-UniversalTelemetryClient","Connection state - All connections have succeeded since the previous period."
"11-08-2026 12:17:41","27","Information","Microsoft-Windows-UniversalTelemetryClient","Connection state - All connections have succeeded since the previous period."
"11-08-2026 12:12:54","22","Information","Microsoft-Windows-UniversalTelemetryClient","The daily upload quota for SENSE has crossed into a new tier."
"11-08-2026 12:12:41","27","Information","Microsoft-Windows-UniversalTelemetryClient","Connection state - All connections have succeeded since the previous period."
"11-08-2026 12:12:09","61","Information","Microsoft-Windows-UniversalTelemetryClient","Is the Battery Saver state enabled: false"
"11-08-2026 12:11:41","1","Information","Microsoft-Windows-UniversalTelemetryClient","Tenant P-ARIA-6660cc65b74b4291b30536aea7ed6ead-5a228f6e-723e-4098-8ed2-3554f184fd67-7451 has been registered for telemetry usage."
"11-08-2026 12:11:30","1","Information","Microsoft-Windows-UniversalTelemetryClient","Tenant P-ARIA-6660cc65b74b4291b30536aea7ed6ead-5a228f6e-723e-4098-8ed2-3554f184fd67-7451 has been registered for telemetry usage."
"11-08-2026 12:11:09","1","Information","Microsoft-Windows-UniversalTelemetryClient","Tenant P-ARIA-6660cc65b74b4291b30536aea7ed6ead-5a228f6e-723e-4098-8ed2-3554f184fd67-7451 has been registered for telemetry usage."
"11-08-2026 12:10:05","55","Information","Microsoft-Windows-UniversalTelemetryClient","Is the Internet available: true"
"11-08-2026 12:10:05","56","Information","Microsoft-Windows-UniversalTelemetryClient","Is a free network available: true"
"11-08-2026 12:10:05","55","Information","Microsoft-Windows-UniversalTelemetryClient","Is the Internet available: true"
"11-08-2026 12:10:05","56","Information","Microsoft-Windows-UniversalTelemetryClient","Is a free network available: true"
"11-08-2026 12:10:03","55","Information","Microsoft-Windows-UniversalTelemetryClient","Is the Internet available: true"
"11-08-2026 12:10:03","56","Information","Microsoft-Windows-UniversalTelemetryClient","Is a free network available: false"
"11-08-2026 12:09:27","55","Information","Microsoft-Windows-UniversalTelemetryClient","Is the Internet available: true"
"11-08-2026 12:09:27","56","Information","Microsoft-Windows-UniversalTelemetryClient","Is a free network available: false"
"11-08-2026 12:09:27","56","Information","Microsoft-Windows-UniversalTelemetryClient","Is a free network available: false"
"11-08-2026 12:09:27","55","Information","Microsoft-Windows-UniversalTelemetryClient","Is the Internet available: false"
"11-08-2026 12:09:23","1","Information","Microsoft-Windows-UniversalTelemetryClient","Tenant P-ARIA-7005b72804a64fa4b2138faab88f877b-14cf798a-05a4-4b7b-9d02-4d99259ebd4a-7553 has been registered for telemetry usage."
"11-08-2026 12:08:13","1","Information","Microsoft-Windows-UniversalTelemetryClient","Tenant P-ARIA-6660cc65b74b4291b30536aea7ed6ead-5a228f6e-723e-4098-8ed2-3554f184fd67-7451 has been registered for telemetry usage."
"11-08-2026 12:07:09","61","Information","Microsoft-Windows-UniversalTelemetryClient","Is the Battery Saver state enabled: false"
"11-08-2026 12:04:39","22","Information","Microsoft-Windows-UniversalTelemetryClient","The daily upload quota for SENSE has crossed into a new tier."
"11-08-2026 12:03:31","61","Information","Microsoft-Windows-UniversalTelemetryClient","Is the Battery Saver state enabled: false"
"11-08-2026 12:02:44","55","Information","Microsoft-Windows-UniversalTelemetryClient","Is the Internet available: true"
