"06-08-2026 11:58:59","4","Information","Microsoft-Windows-Bits-Client","The transfer job is complete.
User: ENTERPRISE\arjo5004
Transfer job: NucleusUpdateRingConfigJSON
Job ID: {1416087c-2fa9-4550-8ce1-a2838e1d1de2}
Owner: ENTERPRISE\arjo5004
File count: 1"
"06-08-2026 11:58:59","60","Information","Microsoft-Windows-Bits-Client","BITS stopped transferring the NucleusUpdateRingConfigJSON transfer job that is associated with the https://g.live.com/odclientsettings/ProdV2?OneDriveUpdate=8943c652e04a9a1a5de6a537f8a URL. The status code is 0x0."
"06-08-2026 11:58:59","59","Information","Microsoft-Windows-Bits-Client","BITS started the NucleusUpdateRingConfigJSON transfer job that is associated with the https://g.live.com/odclientsettings/ProdV2?OneDriveUpdate=8943c652e04a9a1a5de6a537f8a URL."
"06-08-2026 11:58:59","16403","Information","Microsoft-Windows-Bits-Client",
"06-08-2026 11:58:59","3","Information","Microsoft-Windows-Bits-Client","The BITS service created a new job.
Transfer job: NucleusUpdateRingConfigJSON
Job ID: {1416087c-2fa9-4550-8ce1-a2838e1d1de2}
Owner: ENTERPRISE\arjo5004
Process Path: C:\Program Files\Microsoft OneDrive\26.134.0713.0003\OneDrive.Sync.Service.exe
Process ID: 38072"
"06-08-2026 11:58:51","4","Information","Microsoft-Windows-Bits-Client","The transfer job is complete.
User: ENTERPRISE\arjo5004
Transfer job: UpdateXml
Job ID: {c16495ea-700e-4344-bdc4-3f5e4b215947}
Owner: ENTERPRISE\arjo5004
File count: 1"
"06-08-2026 11:58:51","60","Information","Microsoft-Windows-Bits-Client","BITS stopped transferring the UpdateXml transfer job that is associated with the https://g.live.com/1rewlive5skydrive/OneDriveProductionV2?OneDriveUpdate=77e8c8456087b9d1d98f3477890 URL. The status code is 0x0."
"06-08-2026 11:58:51","59","Information","Microsoft-Windows-Bits-Client","BITS started the UpdateXml transfer job that is associated with the https://g.live.com/1rewlive5skydrive/OneDriveProductionV2?OneDriveUpdate=77e8c8456087b9d1d98f3477890 URL."
"06-08-2026 11:58:51","16403","Information","Microsoft-Windows-Bits-Client",
"06-08-2026 11:58:51","3","Information","Microsoft-Windows-Bits-Client","The BITS service created a new job.
Transfer job: UpdateXml
Job ID: {c16495ea-700e-4344-bdc4-3f5e4b215947}
Owner: ENTERPRISE\arjo5004
Process Path: C:\Program Files\Microsoft OneDrive\OneDrive.exe
Process ID: 37924"
"06-08-2026 09:57:11","4","Information","Microsoft-Windows-Bits-Client","The transfer job is complete.
User: ENTERPRISE\arjo5004
Transfer job: Microsoft Outlook Offline Address Book f6f4885c16aaa24380920210d426fdcc
Job ID: {53739fa8-7389-47f7-8ce9-e895eeb983bd}
Owner: ENTERPRISE\arjo5004
File count: 4"
"06-08-2026 09:57:11","60","Information","Microsoft-Windows-Bits-Client","BITS stopped transferring the Microsoft Outlook Offline Address Book f6f4885c16aaa24380920210d426fdcc transfer job that is associated with the https://outlook.office365.com/OWS/BETA/OAB/a9053b48-6105-4f36-b0f9-85fa6e19d837/ad404fb7-55ce-4457-96ad-a4d6639a1303-binpatch-6805.lzx URL. The status code is 0x0."
"06-08-2026 09:57:11","59","Information","Microsoft-Windows-Bits-Client","BITS started the Microsoft Outlook Offline Address Book f6f4885c16aaa24380920210d426fdcc transfer job that is associated with the https://outlook.office365.com/OWS/BETA/OAB/a9053b48-6105-4f36-b0f9-85fa6e19d837/ad404fb7-55ce-4457-96ad-a4d6639a1303-binpatch-6805.lzx URL."
"06-08-2026 09:57:11","60","Information","Microsoft-Windows-Bits-Client","BITS stopped transferring the Microsoft Outlook Offline Address Book f6f4885c16aaa24380920210d426fdcc transfer job that is associated with the https://outlook.office365.com/OWS/BETA/OAB/a9053b48-6105-4f36-b0f9-85fa6e19d837/ad404fb7-55ce-4457-96ad-a4d6639a1303-binpatch-6804.lzx URL. The status code is 0x0."
"06-08-2026 09:57:10","59","Information","Microsoft-Windows-Bits-Client","BITS started the Microsoft Outlook Offline Address Book f6f4885c16aaa24380920210d426fdcc transfer job that is associated with the https://outlook.office365.com/OWS/BETA/OAB/a9053b48-6105-4f36-b0f9-85fa6e19d837/ad404fb7-55ce-4457-96ad-a4d6639a1303-binpatch-6804.lzx URL."
"06-08-2026 09:57:10","60","Information","Microsoft-Windows-Bits-Client","BITS stopped transferring the Microsoft Outlook Offline Address Book f6f4885c16aaa24380920210d426fdcc transfer job that is associated with the https://outlook.office365.com/OWS/BETA/OAB/a9053b48-6105-4f36-b0f9-85fa6e19d837/ad404fb7-55ce-4457-96ad-a4d6639a1303-binpatch-6803.lzx URL. The status code is 0x0."
"06-08-2026 09:57:10","59","Information","Microsoft-Windows-Bits-Client","BITS started the Microsoft Outlook Offline Address Book f6f4885c16aaa24380920210d426fdcc transfer job that is associated with the https://outlook.office365.com/OWS/BETA/OAB/a9053b48-6105-4f36-b0f9-85fa6e19d837/ad404fb7-55ce-4457-96ad-a4d6639a1303-binpatch-6803.lzx URL."
"06-08-2026 09:57:10","60","Information","Microsoft-Windows-Bits-Client","BITS stopped transferring the Microsoft Outlook Offline Address Book f6f4885c16aaa24380920210d426fdcc transfer job that is associated with the https://outlook.office365.com/OWS/BETA/OAB/a9053b48-6105-4f36-b0f9-85fa6e19d837/ad404fb7-55ce-4457-96ad-a4d6639a1303-binpatch-6802.lzx URL. The status code is 0x0."
"06-08-2026 09:57:09","59","Information","Microsoft-Windows-Bits-Client","BITS started the Microsoft Outlook Offline Address Book f6f4885c16aaa24380920210d426fdcc transfer job that is associated with the https://outlook.office365.com/OWS/BETA/OAB/a9053b48-6105-4f36-b0f9-85fa6e19d837/ad404fb7-55ce-4457-96ad-a4d6639a1303-binpatch-6802.lzx URL."
"06-08-2026 09:57:06","61","Warning","Microsoft-Windows-Bits-Client","BITS stopped transferring the Microsoft Outlook Offline Address Book f6f4885c16aaa24380920210d426fdcc transfer job that is associated with the https://outlook.office365.com/OWS/BETA/OAB/a9053b48-6105-4f36-b0f9-85fa6e19d837/ad404fb7-55ce-4457-96ad-a4d6639a1303-binpatch-6802.lzx URL. The status code is 0x80190191."
"06-08-2026 09:57:06","204","Error","Microsoft-Windows-Bits-Client","The BITS service provided job credentials in response to the UNIDENTIFIED authentication challenge from the outlook.office365.com server for the Microsoft Outlook Offline Address Book f6f4885c16aaa24380920210d426fdcc transfer job that is associated with the following URL: /OWS/BETA/OAB/a9053b48-6105-4f36-b0f9-85fa6e19d837/ad404fb7-55ce-4457-96ad-a4d6639a1303-binpatch-6802.lzx.
 The credentials for the S-1-12-1-2357405129-1281513531-255772574-1816207334 user were rejected."
"06-08-2026 09:57:05","16403","Information","Microsoft-Windows-Bits-Client",
"06-08-2026 09:57:05","16403","Information","Microsoft-Windows-Bits-Client",
"06-08-2026 09:57:05","16403","Information","Microsoft-Windows-Bits-Client",
"06-08-2026 09:57:05","16403","Information","Microsoft-Windows-Bits-Client",
"06-08-2026 09:57:05","3","Information","Microsoft-Windows-Bits-Client","The BITS service created a new job.
Transfer job: Microsoft Outlook Offline Address Book f6f4885c16aaa24380920210d426fdcc
Job ID: {53739fa8-7389-47f7-8ce9-e895eeb983bd}
Owner: ENTERPRISE\arjo5004
Process Path: C:\Program Files\Microsoft Office\root\Office16\OUTLOOK.EXE
Process ID: 12956"
"06-08-2026 09:55:07","4","Information","Microsoft-Windows-Bits-Client","The transfer job is complete.
User: ENTERPRISE\arjo5004
Transfer job: Microsoft Outlook Offline Address Book f6f4885c16aaa24380920210d426fdcc
Job ID: {e86a7eea-fafa-4f84-ab30-58f2430a2a23}
Owner: ENTERPRISE\arjo5004
File count: 1"
"06-08-2026 09:55:06","60","Information","Microsoft-Windows-Bits-Client","BITS stopped transferring the Microsoft Outlook Offline Address Book f6f4885c16aaa24380920210d426fdcc transfer job that is associated with the https://outlook.office365.com/OWS/BETA/OAB/a9053b48-6105-4f36-b0f9-85fa6e19d837/Templates/lng0409-1.lzx URL. The status code is 0x0."
"06-08-2026 09:55:06","59","Information","Microsoft-Windows-Bits-Client","BITS started the Microsoft Outlook Offline Address Book f6f4885c16aaa24380920210d426fdcc transfer job that is associated with the https://outlook.office365.com/OWS/BETA/OAB/a9053b48-6105-4f36-b0f9-85fa6e19d837/Templates/lng0409-1.lzx URL."
"06-08-2026 09:55:03","61","Warning","Microsoft-Windows-Bits-Client","BITS stopped transferring the Microsoft Outlook Offline Address Book f6f4885c16aaa24380920210d426fdcc transfer job that is associated with the https://outlook.office365.com/OWS/BETA/OAB/a9053b48-6105-4f36-b0f9-85fa6e19d837/Templates/lng0409-1.lzx URL. The status code is 0x80190191."
"06-08-2026 09:55:03","204","Error","Microsoft-Windows-Bits-Client","The BITS service provided job credentials in response to the UNIDENTIFIED authentication challenge from the outlook.office365.com server for the Microsoft Outlook Offline Address Book f6f4885c16aaa24380920210d426fdcc transfer job that is associated with the following URL: /OWS/BETA/OAB/a9053b48-6105-4f36-b0f9-85fa6e19d837/Templates/lng0409-1.lzx.
 The credentials for the S-1-12-1-2357405129-1281513531-255772574-1816207334 user were rejected."
"06-08-2026 09:55:03","16403","Information","Microsoft-Windows-Bits-Client",
"06-08-2026 09:55:03","3","Information","Microsoft-Windows-Bits-Client","The BITS service created a new job.
Transfer job: Microsoft Outlook Offline Address Book f6f4885c16aaa24380920210d426fdcc
Job ID: {e86a7eea-fafa-4f84-ab30-58f2430a2a23}
Owner: ENTERPRISE\arjo5004
Process Path: C:\Program Files\Microsoft Office\root\Office16\OUTLOOK.EXE
Process ID: 12956"
"06-08-2026 09:55:02","4","Information","Microsoft-Windows-Bits-Client","The transfer job is complete.
User: ENTERPRISE\arjo5004
Transfer job: Microsoft Outlook Offline Address Book f6f4885c16aaa24380920210d426fdcc
Job ID: {360f8822-6257-40ac-b169-1a94ef707fbc}
Owner: ENTERPRISE\arjo5004
File count: 1"
"06-08-2026 09:55:01","60","Information","Microsoft-Windows-Bits-Client","BITS stopped transferring the Microsoft Outlook Offline Address Book f6f4885c16aaa24380920210d426fdcc transfer job that is associated with the https://outlook.office365.com/OWS/BETA/OAB/a9053b48-6105-4f36-b0f9-85fa6e19d837/oab.xml URL. The status code is 0x0."
"06-08-2026 09:54:50","59","Information","Microsoft-Windows-Bits-Client","BITS started the Microsoft Outlook Offline Address Book f6f4885c16aaa24380920210d426fdcc transfer job that is associated with the https://outlook.office365.com/OWS/BETA/OAB/a9053b48-6105-4f36-b0f9-85fa6e19d837/oab.xml URL."
"06-08-2026 09:54:48","61","Warning","Microsoft-Windows-Bits-Client","BITS stopped transferring the Microsoft Outlook Offline Address Book f6f4885c16aaa24380920210d426fdcc transfer job that is associated with the https://outlook.office365.com/OWS/BETA/OAB/a9053b48-6105-4f36-b0f9-85fa6e19d837/oab.xml URL. The status code is 0x80190191."
"06-08-2026 09:54:48","204","Error","Microsoft-Windows-Bits-Client","The BITS service provided job credentials in response to the UNIDENTIFIED authentication challenge from the outlook.office365.com server for the Microsoft Outlook Offline Address Book f6f4885c16aaa24380920210d426fdcc transfer job that is associated with the following URL: /OWS/BETA/OAB/a9053b48-6105-4f36-b0f9-85fa6e19d837/oab.xml.
 The credentials for the S-1-12-1-2357405129-1281513531-255772574-1816207334 user were rejected."
"06-08-2026 09:54:48","16403","Information","Microsoft-Windows-Bits-Client",
"06-08-2026 09:54:48","3","Information","Microsoft-Windows-Bits-Client","The BITS service created a new job.
Transfer job: Microsoft Outlook Offline Address Book f6f4885c16aaa24380920210d426fdcc
Job ID: {360f8822-6257-40ac-b169-1a94ef707fbc}
Owner: ENTERPRISE\arjo5004
Process Path: C:\Program Files\Microsoft Office\root\Office16\OUTLOOK.EXE
Process ID: 12956"
"06-08-2026 09:41:31","4","Information","Microsoft-Windows-Bits-Client","The transfer job is complete.
User: ENTERPRISE\arjo5004
Transfer job: PreSignInSettingsConfigJSON
Job ID: {9966dda8-1c96-4226-b761-0b5486fe8f48}
Owner: ENTERPRISE\arjo5004
File count: 1"
"06-08-2026 09:41:31","60","Information","Microsoft-Windows-Bits-Client","BITS stopped transferring the PreSignInSettingsConfigJSON transfer job that is associated with the https://g.live.com/odclientsettings/ProdV2?OneDriveUpdate=722397c8104b89acd74badacb613 URL. The status code is 0x0."
"06-08-2026 09:41:31","59","Information","Microsoft-Windows-Bits-Client","BITS started the PreSignInSettingsConfigJSON transfer job that is associated with the https://g.live.com/odclientsettings/ProdV2?OneDriveUpdate=722397c8104b89acd74badacb613 URL."
"06-08-2026 09:41:30","16403","Information","Microsoft-Windows-Bits-Client",
"06-08-2026 09:41:30","3","Information","Microsoft-Windows-Bits-Client","The BITS service created a new job.
Transfer job: PreSignInSettingsConfigJSON
Job ID: {9966dda8-1c96-4226-b761-0b5486fe8f48}
Owner: ENTERPRISE\arjo5004
Process Path: C:\Program Files\Microsoft OneDrive\OneDrive.exe
Process ID: 37924"
"06-08-2026 08:56:33","4","Information","Microsoft-Windows-Bits-Client","The transfer job is complete.
User: NT AUTHORITY\SYSTEM
Transfer job: Dell_Asimov.E422669DD99F344CC9E7665BBC190CECFBB49DE2
Job ID: {ee9dd8b0-6d21-4861-b0b8-85cbd201b3ed}
Owner: NT AUTHORITY\SYSTEM
File count: 1"
"06-08-2026 08:56:33","60","Information","Microsoft-Windows-Bits-Client","BITS stopped transferring the Dell_Asimov.E422669DD99F344CC9E7665BBC190CECFBB49DE2 transfer job that is associated with the https://dellupdater.dell.com/non_du/ClientService/Catalog/Platform/PrecedenceCatalog.cab URL. The status code is 0x0."
"06-08-2026 08:56:33","59","Information","Microsoft-Windows-Bits-Client","BITS started the Dell_Asimov.E422669DD99F344CC9E7665BBC190CECFBB49DE2 transfer job that is associated with the https://dellupdater.dell.com/non_du/ClientService/Catalog/Platform/PrecedenceCatalog.cab URL."
"06-08-2026 08:56:33","16403","Information","Microsoft-Windows-Bits-Client",
"06-08-2026 08:56:33","3","Information","Microsoft-Windows-Bits-Client","The BITS service created a new job.
Transfer job: Dell_Asimov.E422669DD99F344CC9E7665BBC190CECFBB49DE2
Job ID: {ee9dd8b0-6d21-4861-b0b8-85cbd201b3ed}
Owner: NT AUTHORITY\SYSTEM
Process Path: C:\Program Files (x86)\Dell\UpdateService\ServiceShell.exe
Process ID: 6392"
"06-08-2026 08:55:51","4","Information","Microsoft-Windows-Bits-Client","The transfer job is complete.
User: NT AUTHORITY\SYSTEM
Transfer job: Dell_Asimov.9950724ADD0159EA819FB647232E02B7DA993667
Job ID: {325284b8-34ea-49c1-863f-954607e31f2d}
Owner: NT AUTHORITY\SYSTEM
File count: 1"
"06-08-2026 08:55:51","60","Information","Microsoft-Windows-Bits-Client","BITS stopped transferring the Dell_Asimov.9950724ADD0159EA819FB647232E02B7DA993667 transfer job that is associated with the https://downloads.dell.com/FOLDER14857946M/1/Dell_Pro_Laptops_0CE8.cab URL. The status code is 0x0."
"06-08-2026 08:55:51","59","Information","Microsoft-Windows-Bits-Client","BITS started the Dell_Asimov.9950724ADD0159EA819FB647232E02B7DA993667 transfer job that is associated with the https://downloads.dell.com/FOLDER14857946M/1/Dell_Pro_Laptops_0CE8.cab URL."
"06-08-2026 08:55:51","16403","Information","Microsoft-Windows-Bits-Client",
"06-08-2026 08:55:51","3","Information","Microsoft-Windows-Bits-Client","The BITS service created a new job.
Transfer job: Dell_Asimov.9950724ADD0159EA819FB647232E02B7DA993667
Job ID: {325284b8-34ea-49c1-863f-954607e31f2d}
Owner: NT AUTHORITY\SYSTEM
Process Path: C:\Program Files (x86)\Dell\UpdateService\ServiceShell.exe
Process ID: 6392"
"06-08-2026 08:55:49","4","Information","Microsoft-Windows-Bits-Client","The transfer job is complete.
User: NT AUTHORITY\SYSTEM
Transfer job: Dell_Asimov.61300EBB06DFB7DE924CE829DD1DD2852A14AB06
Job ID: {260e8c06-a4b4-4f3f-be2b-935332413cb8}
Owner: NT AUTHORITY\SYSTEM
File count: 1"
"06-08-2026 08:55:49","60","Information","Microsoft-Windows-Bits-Client","BITS stopped transferring the Dell_Asimov.61300EBB06DFB7DE924CE829DD1DD2852A14AB06 transfer job that is associated with the https://downloads.dell.com/catalog/CatalogIndexPC.cab URL. The status code is 0x0."
"06-08-2026 08:55:49","59","Information","Microsoft-Windows-Bits-Client","BITS started the Dell_Asimov.61300EBB06DFB7DE924CE829DD1DD2852A14AB06 transfer job that is associated with the https://downloads.dell.com/catalog/CatalogIndexPC.cab URL."
"06-08-2026 08:55:49","16403","Information","Microsoft-Windows-Bits-Client",
"06-08-2026 08:55:48","3","Information","Microsoft-Windows-Bits-Client","The BITS service created a new job.
Transfer job: Dell_Asimov.61300EBB06DFB7DE924CE829DD1DD2852A14AB06
Job ID: {260e8c06-a4b4-4f3f-be2b-935332413cb8}
Owner: NT AUTHORITY\SYSTEM
Process Path: C:\Program Files (x86)\Dell\UpdateService\ServiceShell.exe
Process ID: 6392"
"06-08-2026 05:13:17","5","Information","Microsoft-Windows-Bits-Client","Job cancelled. User: ENTERPRISE\arjo5004, job: Microsoft Outlook Offline Address Book f6f4885c16aaa24380920210d426fdcc, jobID: {d036f016-3156-41f9-b6a6-f4b355dbe310}, owner: ENTERPRISE\arjo5004, filecount: 1"
"05-08-2026 20:40:17","16403","Information","Microsoft-Windows-Bits-Client",
"05-08-2026 20:40:17","3","Information","Microsoft-Windows-Bits-Client","The BITS service created a new job.
Transfer job: Microsoft Outlook Offline Address Book f6f4885c16aaa24380920210d426fdcc
Job ID: {d036f016-3156-41f9-b6a6-f4b355dbe310}
Owner: ENTERPRISE\arjo5004
Process Path: C:\Program Files\Microsoft Office\root\Office16\OUTLOOK.EXE
Process ID: 12956"
"05-08-2026 16:39:35","5","Information","Microsoft-Windows-Bits-Client","Job cancelled. User: ENTERPRISE\arjo5004, job: Microsoft Outlook Offline Address Book f6f4885c16aaa24380920210d426fdcc, jobID: {a10ee78b-797e-4efe-955b-b6f041b9e2e3}, owner: ENTERPRISE\arjo5004, filecount: 1"
"05-08-2026 15:39:34","16403","Information","Microsoft-Windows-Bits-Client",
"05-08-2026 15:39:34","3","Information","Microsoft-Windows-Bits-Client","The BITS service created a new job.
Transfer job: Microsoft Outlook Offline Address Book f6f4885c16aaa24380920210d426fdcc
Job ID: {a10ee78b-797e-4efe-955b-b6f041b9e2e3}
Owner: ENTERPRISE\arjo5004
Process Path: C:\Program Files\Microsoft Office\root\Office16\OUTLOOK.EXE
Process ID: 12956"
"05-08-2026 12:58:44","5","Information","Microsoft-Windows-Bits-Client","Job cancelled. User: ENTERPRISE\arjo5004, job: PreSignInSettingsConfigJSON, jobID: {1dcebb95-fc06-41ec-ad0a-4d09bf7437dd}, owner: ENTERPRISE\arjo5004, filecount: 1"
"05-08-2026 12:55:44","16403","Information","Microsoft-Windows-Bits-Client",
"05-08-2026 12:55:44","3","Information","Microsoft-Windows-Bits-Client","The BITS service created a new job.
Transfer job: PreSignInSettingsConfigJSON
Job ID: {1dcebb95-fc06-41ec-ad0a-4d09bf7437dd}
Owner: ENTERPRISE\arjo5004
Process Path: C:\Program Files\Microsoft OneDrive\OneDriveStandaloneUpdater.exe
Process ID: 26188"
"05-08-2026 11:58:58","5","Information","Microsoft-Windows-Bits-Client","Job cancelled. User: ENTERPRISE\arjo5004, job: NucleusUpdateRingConfigJSON, jobID: {ceba4fc8-e74b-4e41-8800-8520276f36d0}, owner: ENTERPRISE\arjo5004, filecount: 1"
"05-08-2026 11:58:50","5","Information","Microsoft-Windows-Bits-Client","Job cancelled. User: ENTERPRISE\arjo5004, job: UpdateXml, jobID: {62fe444a-a098-4895-8e4e-08aad0596732}, owner: ENTERPRISE\arjo5004, filecount: 1"
"05-08-2026 11:55:58","16403","Information","Microsoft-Windows-Bits-Client",
"05-08-2026 11:55:58","3","Information","Microsoft-Windows-Bits-Client","The BITS service created a new job.
Transfer job: NucleusUpdateRingConfigJSON
Job ID: {ceba4fc8-e74b-4e41-8800-8520276f36d0}
Owner: ENTERPRISE\arjo5004
Process Path: C:\Program Files\Microsoft OneDrive\26.134.0713.0003\OneDrive.Sync.Service.exe
Process ID: 38072"
"05-08-2026 11:55:50","16403","Information","Microsoft-Windows-Bits-Client",
"05-08-2026 11:55:50","3","Information","Microsoft-Windows-Bits-Client","The BITS service created a new job.
Transfer job: UpdateXml
Job ID: {62fe444a-a098-4895-8e4e-08aad0596732}
Owner: ENTERPRISE\arjo5004
Process Path: C:\Program Files\Microsoft OneDrive\OneDrive.exe
Process ID: 37924"
"05-08-2026 11:55:03","16403","Information","Microsoft-Windows-Bits-Client",
"05-08-2026 11:55:03","3","Information","Microsoft-Windows-Bits-Client","The BITS service created a new job.
Transfer job: PreSignInSettingsConfigJSON
Job ID: {a41c3d5b-6f44-49bc-b79d-bb080098612d}
Owner: NT AUTHORITY\SYSTEM
Process Path: C:\Program Files\Microsoft OneDrive\Update\OneDriveSetup.exe
Process ID: 3232"
"05-08-2026 11:55:03","5","Information","Microsoft-Windows-Bits-Client","Job cancelled. User: NT AUTHORITY\SYSTEM, job: PreSignInSettingsConfigJSON, jobID: {38424f80-06ef-4444-8d1a-8b42365e6b1c}, owner: NT AUTHORITY\SYSTEM, filecount: 1"
"05-08-2026 11:55:01","5","Information","Microsoft-Windows-Bits-Client","Job cancelled. User: NT AUTHORITY\SYSTEM, job: CodecPayload, jobID: {0b341c8c-385e-49fe-bb00-94398d038ecf}, owner: NT AUTHORITY\SYSTEM, filecount: 1"
"05-08-2026 11:52:01","16403","Information","Microsoft-Windows-Bits-Client",
"05-08-2026 11:52:01","3","Information","Microsoft-Windows-Bits-Client","The BITS service created a new job.
Transfer job: CodecPayload
Job ID: {0b341c8c-385e-49fe-bb00-94398d038ecf}
Owner: NT AUTHORITY\SYSTEM
Process Path: C:\Program Files\Microsoft OneDrive\26.129.0706.0003\OneDriveUpdaterService.exe
Process ID: 21672"
"05-08-2026 11:51:48","5","Information","Microsoft-Windows-Bits-Client","Job cancelled. User: NT AUTHORITY\SYSTEM, job: UpdateBinary, jobID: {7f807c8e-7165-47a8-a463-8a4bb2439c75}, owner: NT AUTHORITY\SYSTEM, filecount: 1"
"05-08-2026 11:48:48","16403","Information","Microsoft-Windows-Bits-Client",
"05-08-2026 11:48:48","3","Information","Microsoft-Windows-Bits-Client","The BITS service created a new job.
Transfer job: UpdateBinary
Job ID: {7f807c8e-7165-47a8-a463-8a4bb2439c75}
Owner: NT AUTHORITY\SYSTEM
Process Path: C:\Program Files\Microsoft OneDrive\26.129.0706.0003\OneDriveUpdaterService.exe
Process ID: 21672"
"05-08-2026 11:48:47","5","Information","Microsoft-Windows-Bits-Client","Job cancelled. User: NT AUTHORITY\SYSTEM, job: UpdateXml, jobID: {918310fe-9bd9-4cfe-bd47-6c56fd6cb16c}, owner: NT AUTHORITY\SYSTEM, filecount: 1"
"05-08-2026 11:45:47","16403","Information","Microsoft-Windows-Bits-Client",
"05-08-2026 11:45:47","3","Information","Microsoft-Windows-Bits-Client","The BITS service created a new job.
Transfer job: UpdateXml
Job ID: {918310fe-9bd9-4cfe-bd47-6c56fd6cb16c}
Owner: NT AUTHORITY\SYSTEM
Process Path: C:\Program Files\Microsoft OneDrive\26.129.0706.0003\OneDriveUpdaterService.exe
Process ID: 21672"
"05-08-2026 11:45:31","16403","Information","Microsoft-Windows-Bits-Client",
"05-08-2026 11:45:31","3","Information","Microsoft-Windows-Bits-Client","The BITS service created a new job.
Transfer job: PreSignInSettingsConfigJSON
Job ID: {38424f80-06ef-4444-8d1a-8b42365e6b1c}
Owner: NT AUTHORITY\SYSTEM
Process Path: C:\Program Files\Microsoft OneDrive\26.129.0706.0003\OneDriveUpdaterService.exe
Process ID: 21672"
"05-08-2026 11:37:47","5","Information","Microsoft-Windows-Bits-Client","Job cancelled. User: NT AUTHORITY\SYSTEM, job: Microsoft Office Click-to-Run, jobID: {7aa89bd7-90b2-4ed1-b0cf-1909c5c2843d}, owner: NT AUTHORITY\SYSTEM, filecount: 1"
"05-08-2026 11:37:17","16403","Information","Microsoft-Windows-Bits-Client",
"05-08-2026 11:37:17","3","Information","Microsoft-Windows-Bits-Client","The BITS service created a new job.
Transfer job: Microsoft Office Click-to-Run
Job ID: {7aa89bd7-90b2-4ed1-b0cf-1909c5c2843d}
Owner: NT AUTHORITY\SYSTEM
Process Path: C:\Program Files\Common Files\microsoft shared\ClickToRun\OfficeClickToRun.exe
Process ID: 4716"
"05-08-2026 10:42:14","5","Information","Microsoft-Windows-Bits-Client","Job cancelled. User: ENTERPRISE\arjo5004, job: Microsoft Outlook Offline Address Book f6f4885c16aaa24380920210d426fdcc, jobID: {e3698dfb-5d69-4acb-bbec-3998d734f58b}, owner: ENTERPRISE\arjo5004, filecount: 1"
