"24-07-2026 16:59:10","102","Error","Microsoft-Windows-CoreSystem-SmsRouter","[SmsRouter::CSmsDeviceManager::Uninitialize:0x6D2] Error The device is not ready.: UninitializeWwanWatcher"
"24-07-2026 16:59:10","102","Error","Microsoft-Windows-CoreSystem-SmsRouter","[SmsRouter::CSmsDeviceManager::UninitializeWwanWatcher:0x324] Error The device is not ready.: WwanRegisterNotification(WwanNotificationSourceNone) failed"
"24-07-2026 16:56:10","102","Error","Microsoft-Windows-CoreSystem-SmsRouter","[SmsRouter::CSmsDeviceManager::UninitializeWwanWatcher:0x324] Error The device is not ready.: WwanRegisterNotification(WwanNotificationSourceNone) failed"
"24-07-2026 16:56:10","102","Error","Microsoft-Windows-CoreSystem-SmsRouter","[SmsRouter::CSmsDeviceManager::Initialize:0x647] Error Invalid class string: Failed to load CLSIDFromProgID(""CellularAPI""), Ignoring the error"
"24-07-2026 16:56:10","200","Information","Microsoft-Windows-CoreSystem-SmsRouter","[SmsRouter] SmsBroker is started"
"24-07-2026 16:56:10","100","Information","Microsoft-Windows-CoreSystem-SmsRouter","[SmsRouter] SmsRouter is started"
"24-07-2026 13:17:14","101","Information","Microsoft-Windows-CoreSystem-SmsRouter","[SmsRouter] SmsRouter is stoped"
"24-07-2026 13:17:14","201","Information","Microsoft-Windows-CoreSystem-SmsRouter","[SmsRouter] SmsBroker is stoped"
"24-07-2026 13:17:14","102","Error","Microsoft-Windows-CoreSystem-SmsRouter","[SmsRouter::CSmsDeviceManager::Uninitialize:0x6D2] Error The device is not ready.: UninitializeWwanWatcher"
"24-07-2026 13:17:14","102","Error","Microsoft-Windows-CoreSystem-SmsRouter","[SmsRouter::CSmsDeviceManager::UninitializeWwanWatcher:0x324] Error The device is not ready.: WwanRegisterNotification(WwanNotificationSourceNone) failed"
"24-07-2026 13:15:14","102","Error","Microsoft-Windows-CoreSystem-SmsRouter","[SmsRouter::_BriDeleteEvent2:0x22B] Error The parameter is incorrect.: Unable to find client context for handle=1."
"24-07-2026 13:15:14","102","Error","Microsoft-Windows-CoreSystem-SmsRouter","[SmsRouter::CSmsDeviceManager::UninitializeWwanWatcher:0x324] Error The device is not ready.: WwanRegisterNotification(WwanNotificationSourceNone) failed"
"24-07-2026 13:15:14","102","Error","Microsoft-Windows-CoreSystem-SmsRouter","[SmsRouter::CSmsDeviceManager::Initialize:0x647] Error Invalid class string: Failed to load CLSIDFromProgID(""CellularAPI""), Ignoring the error"
"24-07-2026 13:15:14","200","Information","Microsoft-Windows-CoreSystem-SmsRouter","[SmsRouter] SmsBroker is started"
"24-07-2026 13:15:14","100","Information","Microsoft-Windows-CoreSystem-SmsRouter","[SmsRouter] SmsRouter is started"
"24-07-2026 13:14:14","101","Information","Microsoft-Windows-CoreSystem-SmsRouter","[SmsRouter] SmsRouter is stoped"
"24-07-2026 13:14:14","201","Information","Microsoft-Windows-CoreSystem-SmsRouter","[SmsRouter] SmsBroker is stoped"
"24-07-2026 13:14:14","102","Error","Microsoft-Windows-CoreSystem-SmsRouter","[SmsRouter::CSmsDeviceManager::Uninitialize:0x6D2] Error The device is not ready.: UninitializeWwanWatcher"
"24-07-2026 13:14:14","102","Error","Microsoft-Windows-CoreSystem-SmsRouter","[SmsRouter::CSmsDeviceManager::UninitializeWwanWatcher:0x324] Error The device is not ready.: WwanRegisterNotification(WwanNotificationSourceNone) failed"
"24-07-2026 13:10:16","102","Error","Microsoft-Windows-CoreSystem-SmsRouter","[SmsRouter::_BriDeleteEvent2:0x22B] Error The parameter is incorrect.: Unable to find client context for handle=1."
"24-07-2026 13:10:16","102","Error","Microsoft-Windows-CoreSystem-SmsRouter","[SmsRouter::CSmsDeviceManager::UninitializeWwanWatcher:0x324] Error The device is not ready.: WwanRegisterNotification(WwanNotificationSourceNone) failed"
"24-07-2026 13:10:16","102","Error","Microsoft-Windows-CoreSystem-SmsRouter","[SmsRouter::CSmsDeviceManager::Initialize:0x647] Error Invalid class string: Failed to load CLSIDFromProgID(""CellularAPI""), Ignoring the error"
"24-07-2026 13:10:16","200","Information","Microsoft-Windows-CoreSystem-SmsRouter","[SmsRouter] SmsBroker is started"
"24-07-2026 13:10:16","100","Information","Microsoft-Windows-CoreSystem-SmsRouter","[SmsRouter] SmsRouter is started"
"24-07-2026 13:09:16","101","Information","Microsoft-Windows-CoreSystem-SmsRouter","[SmsRouter] SmsRouter is stoped"
"24-07-2026 13:09:16","201","Information","Microsoft-Windows-CoreSystem-SmsRouter","[SmsRouter] SmsBroker is stoped"
"24-07-2026 13:09:16","102","Error","Microsoft-Windows-CoreSystem-SmsRouter","[SmsRouter::CSmsDeviceManager::Uninitialize:0x6D2] Error The device is not ready.: UninitializeWwanWatcher"
"24-07-2026 13:09:16","102","Error","Microsoft-Windows-CoreSystem-SmsRouter","[SmsRouter::CSmsDeviceManager::UninitializeWwanWatcher:0x324] Error The device is not ready.: WwanRegisterNotification(WwanNotificationSourceNone) failed"
"24-07-2026 13:06:16","102","Error","Microsoft-Windows-CoreSystem-SmsRouter","[SmsRouter::CSmsDeviceManager::UninitializeWwanWatcher:0x324] Error The device is not ready.: WwanRegisterNotification(WwanNotificationSourceNone) failed"
"24-07-2026 13:06:16","102","Error","Microsoft-Windows-CoreSystem-SmsRouter","[SmsRouter::CSmsDeviceManager::Initialize:0x647] Error Invalid class string: Failed to load CLSIDFromProgID(""CellularAPI""), Ignoring the error"
"24-07-2026 13:06:16","200","Information","Microsoft-Windows-CoreSystem-SmsRouter","[SmsRouter] SmsBroker is started"
"24-07-2026 13:06:16","100","Information","Microsoft-Windows-CoreSystem-SmsRouter","[SmsRouter] SmsRouter is started"
"24-07-2026 09:43:43","101","Information","Microsoft-Windows-CoreSystem-SmsRouter","[SmsRouter] SmsRouter is stoped"
"24-07-2026 09:43:43","201","Information","Microsoft-Windows-CoreSystem-SmsRouter","[SmsRouter] SmsBroker is stoped"
"24-07-2026 09:43:43","102","Error","Microsoft-Windows-CoreSystem-SmsRouter","[SmsRouter::CSmsDeviceManager::Uninitialize:0x6D2] Error The device is not ready.: UninitializeWwanWatcher"
"24-07-2026 09:43:43","102","Error","Microsoft-Windows-CoreSystem-SmsRouter","[SmsRouter::CSmsDeviceManager::UninitializeWwanWatcher:0x324] Error The device is not ready.: WwanRegisterNotification(WwanNotificationSourceNone) failed"
"24-07-2026 09:41:43","102","Error","Microsoft-Windows-CoreSystem-SmsRouter","[SmsRouter::_BriDeleteEvent2:0x22B] Error The parameter is incorrect.: Unable to find client context for handle=1."
"24-07-2026 09:41:43","102","Error","Microsoft-Windows-CoreSystem-SmsRouter","[SmsRouter::CSmsDeviceManager::UninitializeWwanWatcher:0x324] Error The device is not ready.: WwanRegisterNotification(WwanNotificationSourceNone) failed"
"24-07-2026 09:41:43","102","Error","Microsoft-Windows-CoreSystem-SmsRouter","[SmsRouter::CSmsDeviceManager::Initialize:0x647] Error Invalid class string: Failed to load CLSIDFromProgID(""CellularAPI""), Ignoring the error"
"24-07-2026 09:41:43","200","Information","Microsoft-Windows-CoreSystem-SmsRouter","[SmsRouter] SmsBroker is started"
"24-07-2026 09:41:43","100","Information","Microsoft-Windows-CoreSystem-SmsRouter","[SmsRouter] SmsRouter is started"
"24-07-2026 09:38:43","101","Information","Microsoft-Windows-CoreSystem-SmsRouter","[SmsRouter] SmsRouter is stoped"
"24-07-2026 09:38:43","201","Information","Microsoft-Windows-CoreSystem-SmsRouter","[SmsRouter] SmsBroker is stoped"
"24-07-2026 09:38:43","102","Error","Microsoft-Windows-CoreSystem-SmsRouter","[SmsRouter::CSmsDeviceManager::Uninitialize:0x6D2] Error The device is not ready.: UninitializeWwanWatcher"
"24-07-2026 09:38:43","102","Error","Microsoft-Windows-CoreSystem-SmsRouter","[SmsRouter::CSmsDeviceManager::UninitializeWwanWatcher:0x324] Error The device is not ready.: WwanRegisterNotification(WwanNotificationSourceNone) failed"
"24-07-2026 09:35:43","102","Error","Microsoft-Windows-CoreSystem-SmsRouter","[SmsRouter::CSmsDeviceManager::UninitializeWwanWatcher:0x324] Error The device is not ready.: WwanRegisterNotification(WwanNotificationSourceNone) failed"
"24-07-2026 09:35:43","102","Error","Microsoft-Windows-CoreSystem-SmsRouter","[SmsRouter::CSmsDeviceManager::Initialize:0x647] Error Invalid class string: Failed to load CLSIDFromProgID(""CellularAPI""), Ignoring the error"
"24-07-2026 09:35:43","200","Information","Microsoft-Windows-CoreSystem-SmsRouter","[SmsRouter] SmsBroker is started"
"24-07-2026 09:35:43","100","Information","Microsoft-Windows-CoreSystem-SmsRouter","[SmsRouter] SmsRouter is started"
"24-07-2026 09:35:40","101","Information","Microsoft-Windows-CoreSystem-SmsRouter","[SmsRouter] SmsRouter is stoped"
"24-07-2026 09:35:40","201","Information","Microsoft-Windows-CoreSystem-SmsRouter","[SmsRouter] SmsBroker is stoped"
"24-07-2026 09:35:40","102","Error","Microsoft-Windows-CoreSystem-SmsRouter","[SmsRouter::CSmsDeviceManager::Uninitialize:0x6D2] Error The device is not ready.: UninitializeWwanWatcher"
"24-07-2026 09:35:40","102","Error","Microsoft-Windows-CoreSystem-SmsRouter","[SmsRouter::CSmsDeviceManager::UninitializeWwanWatcher:0x324] Error The device is not ready.: WwanRegisterNotification(WwanNotificationSourceNone) failed"
"24-07-2026 09:33:40","102","Error","Microsoft-Windows-CoreSystem-SmsRouter","[SmsRouter::_BriDeleteEvent2:0x22B] Error The parameter is incorrect.: Unable to find client context for handle=1."
"24-07-2026 09:33:40","102","Error","Microsoft-Windows-CoreSystem-SmsRouter","[SmsRouter::CSmsDeviceManager::UninitializeWwanWatcher:0x324] Error The device is not ready.: WwanRegisterNotification(WwanNotificationSourceNone) failed"
"24-07-2026 09:33:40","102","Error","Microsoft-Windows-CoreSystem-SmsRouter","[SmsRouter::CSmsDeviceManager::Initialize:0x647] Error Invalid class string: Failed to load CLSIDFromProgID(""CellularAPI""), Ignoring the error"
"24-07-2026 09:33:40","200","Information","Microsoft-Windows-CoreSystem-SmsRouter","[SmsRouter] SmsBroker is started"
"24-07-2026 09:33:40","100","Information","Microsoft-Windows-CoreSystem-SmsRouter","[SmsRouter] SmsRouter is started"
"24-07-2026 09:32:10","101","Information","Microsoft-Windows-CoreSystem-SmsRouter","[SmsRouter] SmsRouter is stoped"
"24-07-2026 09:32:09","201","Information","Microsoft-Windows-CoreSystem-SmsRouter","[SmsRouter] SmsBroker is stoped"
"24-07-2026 09:32:09","102","Error","Microsoft-Windows-CoreSystem-SmsRouter","[SmsRouter::CSmsDeviceManager::Uninitialize:0x6D2] Error The device is not ready.: UninitializeWwanWatcher"
"24-07-2026 09:32:09","102","Error","Microsoft-Windows-CoreSystem-SmsRouter","[SmsRouter::CSmsDeviceManager::UninitializeWwanWatcher:0x324] Error The device is not ready.: WwanRegisterNotification(WwanNotificationSourceNone) failed"
"24-07-2026 03:22:29","102","Error","Microsoft-Windows-CoreSystem-SmsRouter","[SmsRouter::CSmsDeviceManager::UninitializeWwanWatcher:0x324] Error The device is not ready.: WwanRegisterNotification(WwanNotificationSourceNone) failed"
"24-07-2026 03:22:29","102","Error","Microsoft-Windows-CoreSystem-SmsRouter","[SmsRouter::CSmsDeviceManager::Initialize:0x647] Error Invalid class string: Failed to load CLSIDFromProgID(""CellularAPI""), Ignoring the error"
"24-07-2026 03:22:29","200","Information","Microsoft-Windows-CoreSystem-SmsRouter","[SmsRouter] SmsBroker is started"
"24-07-2026 03:22:29","100","Information","Microsoft-Windows-CoreSystem-SmsRouter","[SmsRouter] SmsRouter is started"
"23-07-2026 14:12:14","101","Information","Microsoft-Windows-CoreSystem-SmsRouter","[SmsRouter] SmsRouter is stoped"
"23-07-2026 14:12:14","201","Information","Microsoft-Windows-CoreSystem-SmsRouter","[SmsRouter] SmsBroker is stoped"
"23-07-2026 14:12:14","102","Error","Microsoft-Windows-CoreSystem-SmsRouter","[SmsRouter::CSmsDeviceManager::Uninitialize:0x6D2] Error The device is not ready.: UninitializeWwanWatcher"
"23-07-2026 14:12:14","102","Error","Microsoft-Windows-CoreSystem-SmsRouter","[SmsRouter::CSmsDeviceManager::UninitializeWwanWatcher:0x324] Error The device is not ready.: WwanRegisterNotification(WwanNotificationSourceNone) failed"
"23-07-2026 14:10:14","102","Error","Microsoft-Windows-CoreSystem-SmsRouter","[SmsRouter::CSmsDeviceManager::UninitializeWwanWatcher:0x324] Error The device is not ready.: WwanRegisterNotification(WwanNotificationSourceNone) failed"
"23-07-2026 14:10:14","102","Error","Microsoft-Windows-CoreSystem-SmsRouter","[SmsRouter::_BriDeleteEvent2:0x22B] Error The parameter is incorrect.: Unable to find client context for handle=1."
"23-07-2026 14:10:14","102","Error","Microsoft-Windows-CoreSystem-SmsRouter","[SmsRouter::CSmsDeviceManager::Initialize:0x647] Error Invalid class string: Failed to load CLSIDFromProgID(""CellularAPI""), Ignoring the error"
"23-07-2026 14:10:14","200","Information","Microsoft-Windows-CoreSystem-SmsRouter","[SmsRouter] SmsBroker is started"
"23-07-2026 14:10:14","100","Information","Microsoft-Windows-CoreSystem-SmsRouter","[SmsRouter] SmsRouter is started"
"23-07-2026 14:09:14","101","Information","Microsoft-Windows-CoreSystem-SmsRouter","[SmsRouter] SmsRouter is stoped"
"23-07-2026 14:09:14","201","Information","Microsoft-Windows-CoreSystem-SmsRouter","[SmsRouter] SmsBroker is stoped"
"23-07-2026 14:09:14","102","Error","Microsoft-Windows-CoreSystem-SmsRouter","[SmsRouter::CSmsDeviceManager::Uninitialize:0x6D2] Error The device is not ready.: UninitializeWwanWatcher"
"23-07-2026 14:09:14","102","Error","Microsoft-Windows-CoreSystem-SmsRouter","[SmsRouter::CSmsDeviceManager::UninitializeWwanWatcher:0x324] Error The device is not ready.: WwanRegisterNotification(WwanNotificationSourceNone) failed"
"23-07-2026 14:06:14","102","Error","Microsoft-Windows-CoreSystem-SmsRouter","[SmsRouter::CSmsDeviceManager::UninitializeWwanWatcher:0x324] Error The device is not ready.: WwanRegisterNotification(WwanNotificationSourceNone) failed"
"23-07-2026 14:06:14","102","Error","Microsoft-Windows-CoreSystem-SmsRouter","[SmsRouter::CSmsDeviceManager::Initialize:0x647] Error Invalid class string: Failed to load CLSIDFromProgID(""CellularAPI""), Ignoring the error"
"23-07-2026 14:06:14","200","Information","Microsoft-Windows-CoreSystem-SmsRouter","[SmsRouter] SmsBroker is started"
"23-07-2026 14:06:14","100","Information","Microsoft-Windows-CoreSystem-SmsRouter","[SmsRouter] SmsRouter is started"
"23-07-2026 13:17:18","101","Information","Microsoft-Windows-CoreSystem-SmsRouter","[SmsRouter] SmsRouter is stoped"
"23-07-2026 13:17:18","201","Information","Microsoft-Windows-CoreSystem-SmsRouter","[SmsRouter] SmsBroker is stoped"
"23-07-2026 13:17:18","102","Error","Microsoft-Windows-CoreSystem-SmsRouter","[SmsRouter::CSmsDeviceManager::Uninitialize:0x6D2] Error The device is not ready.: UninitializeWwanWatcher"
"23-07-2026 13:17:18","102","Error","Microsoft-Windows-CoreSystem-SmsRouter","[SmsRouter::CSmsDeviceManager::UninitializeWwanWatcher:0x324] Error The device is not ready.: WwanRegisterNotification(WwanNotificationSourceNone) failed"
"23-07-2026 13:15:18","102","Error","Microsoft-Windows-CoreSystem-SmsRouter","[SmsRouter::_BriDeleteEvent2:0x22B] Error The parameter is incorrect.: Unable to find client context for handle=1."
"23-07-2026 13:15:18","102","Error","Microsoft-Windows-CoreSystem-SmsRouter","[SmsRouter::CSmsDeviceManager::UninitializeWwanWatcher:0x324] Error The device is not ready.: WwanRegisterNotification(WwanNotificationSourceNone) failed"
"23-07-2026 13:15:18","102","Error","Microsoft-Windows-CoreSystem-SmsRouter","[SmsRouter::CSmsDeviceManager::Initialize:0x647] Error Invalid class string: Failed to load CLSIDFromProgID(""CellularAPI""), Ignoring the error"
"23-07-2026 13:15:18","200","Information","Microsoft-Windows-CoreSystem-SmsRouter","[SmsRouter] SmsBroker is started"
"23-07-2026 13:15:18","100","Information","Microsoft-Windows-CoreSystem-SmsRouter","[SmsRouter] SmsRouter is started"
"23-07-2026 13:14:18","101","Information","Microsoft-Windows-CoreSystem-SmsRouter","[SmsRouter] SmsRouter is stoped"
"23-07-2026 13:14:18","201","Information","Microsoft-Windows-CoreSystem-SmsRouter","[SmsRouter] SmsBroker is stoped"
"23-07-2026 13:14:18","102","Error","Microsoft-Windows-CoreSystem-SmsRouter","[SmsRouter::CSmsDeviceManager::Uninitialize:0x6D2] Error The device is not ready.: UninitializeWwanWatcher"
"23-07-2026 13:14:18","102","Error","Microsoft-Windows-CoreSystem-SmsRouter","[SmsRouter::CSmsDeviceManager::UninitializeWwanWatcher:0x324] Error The device is not ready.: WwanRegisterNotification(WwanNotificationSourceNone) failed"
"23-07-2026 13:11:18","102","Error","Microsoft-Windows-CoreSystem-SmsRouter","[SmsRouter::CSmsDeviceManager::UninitializeWwanWatcher:0x324] Error The device is not ready.: WwanRegisterNotification(WwanNotificationSourceNone) failed"
"23-07-2026 13:11:18","102","Error","Microsoft-Windows-CoreSystem-SmsRouter","[SmsRouter::CSmsDeviceManager::Initialize:0x647] Error Invalid class string: Failed to load CLSIDFromProgID(""CellularAPI""), Ignoring the error"
"23-07-2026 13:11:18","200","Information","Microsoft-Windows-CoreSystem-SmsRouter","[SmsRouter] SmsBroker is started"
"23-07-2026 13:11:18","100","Information","Microsoft-Windows-CoreSystem-SmsRouter","[SmsRouter] SmsRouter is started"
"23-07-2026 10:22:16","101","Information","Microsoft-Windows-CoreSystem-SmsRouter","[SmsRouter] SmsRouter is stoped"
"23-07-2026 10:22:16","201","Information","Microsoft-Windows-CoreSystem-SmsRouter","[SmsRouter] SmsBroker is stoped"
"23-07-2026 10:22:16","102","Error","Microsoft-Windows-CoreSystem-SmsRouter","[SmsRouter::CSmsDeviceManager::Uninitialize:0x6D2] Error The device is not ready.: UninitializeWwanWatcher"
"23-07-2026 10:22:16","102","Error","Microsoft-Windows-CoreSystem-SmsRouter","[SmsRouter::CSmsDeviceManager::UninitializeWwanWatcher:0x324] Error The device is not ready.: WwanRegisterNotification(WwanNotificationSourceNone) failed"
"23-07-2026 10:20:16","102","Error","Microsoft-Windows-CoreSystem-SmsRouter","[SmsRouter::_BriDeleteEvent2:0x22B] Error The parameter is incorrect.: Unable to find client context for handle=1."
"23-07-2026 10:20:16","102","Error","Microsoft-Windows-CoreSystem-SmsRouter","[SmsRouter::CSmsDeviceManager::UninitializeWwanWatcher:0x324] Error The device is not ready.: WwanRegisterNotification(WwanNotificationSourceNone) failed"
"23-07-2026 10:20:16","102","Error","Microsoft-Windows-CoreSystem-SmsRouter","[SmsRouter::CSmsDeviceManager::Initialize:0x647] Error Invalid class string: Failed to load CLSIDFromProgID(""CellularAPI""), Ignoring the error"
"23-07-2026 10:20:16","200","Information","Microsoft-Windows-CoreSystem-SmsRouter","[SmsRouter] SmsBroker is started"
"23-07-2026 10:20:16","100","Information","Microsoft-Windows-CoreSystem-SmsRouter","[SmsRouter] SmsRouter is started"
"23-07-2026 10:19:16","101","Information","Microsoft-Windows-CoreSystem-SmsRouter","[SmsRouter] SmsRouter is stoped"
"23-07-2026 10:19:16","201","Information","Microsoft-Windows-CoreSystem-SmsRouter","[SmsRouter] SmsBroker is stoped"
"23-07-2026 10:19:16","102","Error","Microsoft-Windows-CoreSystem-SmsRouter","[SmsRouter::CSmsDeviceManager::Uninitialize:0x6D2] Error The device is not ready.: UninitializeWwanWatcher"
"23-07-2026 10:19:16","102","Error","Microsoft-Windows-CoreSystem-SmsRouter","[SmsRouter::CSmsDeviceManager::UninitializeWwanWatcher:0x324] Error The device is not ready.: WwanRegisterNotification(WwanNotificationSourceNone) failed"
"23-07-2026 10:16:16","102","Error","Microsoft-Windows-CoreSystem-SmsRouter","[SmsRouter::CSmsDeviceManager::UninitializeWwanWatcher:0x324] Error The device is not ready.: WwanRegisterNotification(WwanNotificationSourceNone) failed"
"23-07-2026 10:16:16","102","Error","Microsoft-Windows-CoreSystem-SmsRouter","[SmsRouter::CSmsDeviceManager::Initialize:0x647] Error Invalid class string: Failed to load CLSIDFromProgID(""CellularAPI""), Ignoring the error"
"23-07-2026 10:16:16","200","Information","Microsoft-Windows-CoreSystem-SmsRouter","[SmsRouter] SmsBroker is started"
"23-07-2026 10:16:16","100","Information","Microsoft-Windows-CoreSystem-SmsRouter","[SmsRouter] SmsRouter is started"
"23-07-2026 09:47:14","101","Information","Microsoft-Windows-CoreSystem-SmsRouter","[SmsRouter] SmsRouter is stoped"
"23-07-2026 09:47:14","201","Information","Microsoft-Windows-CoreSystem-SmsRouter","[SmsRouter] SmsBroker is stoped"
"23-07-2026 09:47:14","102","Error","Microsoft-Windows-CoreSystem-SmsRouter","[SmsRouter::CSmsDeviceManager::Uninitialize:0x6D2] Error The device is not ready.: UninitializeWwanWatcher"
"23-07-2026 09:47:14","102","Error","Microsoft-Windows-CoreSystem-SmsRouter","[SmsRouter::CSmsDeviceManager::UninitializeWwanWatcher:0x324] Error The device is not ready.: WwanRegisterNotification(WwanNotificationSourceNone) failed"
"23-07-2026 09:45:14","102","Error","Microsoft-Windows-CoreSystem-SmsRouter","[SmsRouter::_BriDeleteEvent2:0x22B] Error The parameter is incorrect.: Unable to find client context for handle=1."
"23-07-2026 09:45:14","102","Error","Microsoft-Windows-CoreSystem-SmsRouter","[SmsRouter::CSmsDeviceManager::UninitializeWwanWatcher:0x324] Error The device is not ready.: WwanRegisterNotification(WwanNotificationSourceNone) failed"
"23-07-2026 09:45:14","102","Error","Microsoft-Windows-CoreSystem-SmsRouter","[SmsRouter::CSmsDeviceManager::Initialize:0x647] Error Invalid class string: Failed to load CLSIDFromProgID(""CellularAPI""), Ignoring the error"
"23-07-2026 09:45:14","200","Information","Microsoft-Windows-CoreSystem-SmsRouter","[SmsRouter] SmsBroker is started"
"23-07-2026 09:45:14","100","Information","Microsoft-Windows-CoreSystem-SmsRouter","[SmsRouter] SmsRouter is started"
"23-07-2026 09:40:14","101","Information","Microsoft-Windows-CoreSystem-SmsRouter","[SmsRouter] SmsRouter is stoped"
"23-07-2026 09:40:14","201","Information","Microsoft-Windows-CoreSystem-SmsRouter","[SmsRouter] SmsBroker is stoped"
"23-07-2026 09:40:14","102","Error","Microsoft-Windows-CoreSystem-SmsRouter","[SmsRouter::CSmsDeviceManager::Uninitialize:0x6D2] Error The device is not ready.: UninitializeWwanWatcher"
"23-07-2026 09:40:14","102","Error","Microsoft-Windows-CoreSystem-SmsRouter","[SmsRouter::CSmsDeviceManager::UninitializeWwanWatcher:0x324] Error The device is not ready.: WwanRegisterNotification(WwanNotificationSourceNone) failed"
"23-07-2026 09:37:14","102","Error","Microsoft-Windows-CoreSystem-SmsRouter","[SmsRouter::CSmsDeviceManager::UninitializeWwanWatcher:0x324] Error The device is not ready.: WwanRegisterNotification(WwanNotificationSourceNone) failed"
"23-07-2026 09:37:14","102","Error","Microsoft-Windows-CoreSystem-SmsRouter","[SmsRouter::CSmsDeviceManager::Initialize:0x647] Error Invalid class string: Failed to load CLSIDFromProgID(""CellularAPI""), Ignoring the error"
"23-07-2026 09:37:14","200","Information","Microsoft-Windows-CoreSystem-SmsRouter","[SmsRouter] SmsBroker is started"
"23-07-2026 09:37:14","100","Information","Microsoft-Windows-CoreSystem-SmsRouter","[SmsRouter] SmsRouter is started"
"22-07-2026 15:12:11","101","Information","Microsoft-Windows-CoreSystem-SmsRouter","[SmsRouter] SmsRouter is stoped"
"22-07-2026 15:12:11","201","Information","Microsoft-Windows-CoreSystem-SmsRouter","[SmsRouter] SmsBroker is stoped"
"22-07-2026 15:12:11","102","Error","Microsoft-Windows-CoreSystem-SmsRouter","[SmsRouter::CSmsDeviceManager::Uninitialize:0x6D2] Error The device is not ready.: UninitializeWwanWatcher"
"22-07-2026 15:12:11","102","Error","Microsoft-Windows-CoreSystem-SmsRouter","[SmsRouter::CSmsDeviceManager::UninitializeWwanWatcher:0x324] Error The device is not ready.: WwanRegisterNotification(WwanNotificationSourceNone) failed"
"22-07-2026 15:10:11","102","Error","Microsoft-Windows-CoreSystem-SmsRouter","[SmsRouter::CSmsDeviceManager::UninitializeWwanWatcher:0x324] Error The device is not ready.: WwanRegisterNotification(WwanNotificationSourceNone) failed"
"22-07-2026 15:10:11","102","Error","Microsoft-Windows-CoreSystem-SmsRouter","[SmsRouter::_BriDeleteEvent2:0x22B] Error The parameter is incorrect.: Unable to find client context for handle=1."
"22-07-2026 15:10:11","102","Error","Microsoft-Windows-CoreSystem-SmsRouter","[SmsRouter::CSmsDeviceManager::Initialize:0x647] Error Invalid class string: Failed to load CLSIDFromProgID(""CellularAPI""), Ignoring the error"
"22-07-2026 15:10:11","200","Information","Microsoft-Windows-CoreSystem-SmsRouter","[SmsRouter] SmsBroker is started"
"22-07-2026 15:10:11","100","Information","Microsoft-Windows-CoreSystem-SmsRouter","[SmsRouter] SmsRouter is started"
"22-07-2026 15:09:11","101","Information","Microsoft-Windows-CoreSystem-SmsRouter","[SmsRouter] SmsRouter is stoped"
"22-07-2026 15:09:11","201","Information","Microsoft-Windows-CoreSystem-SmsRouter","[SmsRouter] SmsBroker is stoped"
"22-07-2026 15:09:11","102","Error","Microsoft-Windows-CoreSystem-SmsRouter","[SmsRouter::CSmsDeviceManager::Uninitialize:0x6D2] Error The device is not ready.: UninitializeWwanWatcher"
"22-07-2026 15:09:11","102","Error","Microsoft-Windows-CoreSystem-SmsRouter","[SmsRouter::CSmsDeviceManager::UninitializeWwanWatcher:0x324] Error The device is not ready.: WwanRegisterNotification(WwanNotificationSourceNone) failed"
"22-07-2026 15:06:11","102","Error","Microsoft-Windows-CoreSystem-SmsRouter","[SmsRouter::CSmsDeviceManager::UninitializeWwanWatcher:0x324] Error The device is not ready.: WwanRegisterNotification(WwanNotificationSourceNone) failed"
"22-07-2026 15:06:11","102","Error","Microsoft-Windows-CoreSystem-SmsRouter","[SmsRouter::CSmsDeviceManager::Initialize:0x647] Error Invalid class string: Failed to load CLSIDFromProgID(""CellularAPI""), Ignoring the error"
"22-07-2026 15:06:11","200","Information","Microsoft-Windows-CoreSystem-SmsRouter","[SmsRouter] SmsBroker is started"
"22-07-2026 15:06:11","100","Information","Microsoft-Windows-CoreSystem-SmsRouter","[SmsRouter] SmsRouter is started"
"22-07-2026 13:17:16","101","Information","Microsoft-Windows-CoreSystem-SmsRouter","[SmsRouter] SmsRouter is stoped"
"22-07-2026 13:17:16","201","Information","Microsoft-Windows-CoreSystem-SmsRouter","[SmsRouter] SmsBroker is stoped"
"22-07-2026 13:17:16","102","Error","Microsoft-Windows-CoreSystem-SmsRouter","[SmsRouter::CSmsDeviceManager::Uninitialize:0x6D2] Error The device is not ready.: UninitializeWwanWatcher"
"22-07-2026 13:17:16","102","Error","Microsoft-Windows-CoreSystem-SmsRouter","[SmsRouter::CSmsDeviceManager::UninitializeWwanWatcher:0x324] Error The device is not ready.: WwanRegisterNotification(WwanNotificationSourceNone) failed"
"22-07-2026 13:15:16","102","Error","Microsoft-Windows-CoreSystem-SmsRouter","[SmsRouter::_BriDeleteEvent2:0x22B] Error The parameter is incorrect.: Unable to find client context for handle=1."
"22-07-2026 13:15:16","102","Error","Microsoft-Windows-CoreSystem-SmsRouter","[SmsRouter::CSmsDeviceManager::UninitializeWwanWatcher:0x324] Error The device is not ready.: WwanRegisterNotification(WwanNotificationSourceNone) failed"
"22-07-2026 13:15:16","102","Error","Microsoft-Windows-CoreSystem-SmsRouter","[SmsRouter::CSmsDeviceManager::Initialize:0x647] Error Invalid class string: Failed to load CLSIDFromProgID(""CellularAPI""), Ignoring the error"
"22-07-2026 13:15:16","200","Information","Microsoft-Windows-CoreSystem-SmsRouter","[SmsRouter] SmsBroker is started"
"22-07-2026 13:15:16","100","Information","Microsoft-Windows-CoreSystem-SmsRouter","[SmsRouter] SmsRouter is started"
"22-07-2026 13:14:16","101","Information","Microsoft-Windows-CoreSystem-SmsRouter","[SmsRouter] SmsRouter is stoped"
"22-07-2026 13:14:16","201","Information","Microsoft-Windows-CoreSystem-SmsRouter","[SmsRouter] SmsBroker is stoped"
"22-07-2026 13:14:16","102","Error","Microsoft-Windows-CoreSystem-SmsRouter","[SmsRouter::CSmsDeviceManager::Uninitialize:0x6D2] Error The device is not ready.: UninitializeWwanWatcher"
"22-07-2026 13:14:16","102","Error","Microsoft-Windows-CoreSystem-SmsRouter","[SmsRouter::CSmsDeviceManager::UninitializeWwanWatcher:0x324] Error The device is not ready.: WwanRegisterNotification(WwanNotificationSourceNone) failed"
"22-07-2026 13:11:16","102","Error","Microsoft-Windows-CoreSystem-SmsRouter","[SmsRouter::CSmsDeviceManager::UninitializeWwanWatcher:0x324] Error The device is not ready.: WwanRegisterNotification(WwanNotificationSourceNone) failed"
"22-07-2026 13:11:16","102","Error","Microsoft-Windows-CoreSystem-SmsRouter","[SmsRouter::CSmsDeviceManager::Initialize:0x647] Error Invalid class string: Failed to load CLSIDFromProgID(""CellularAPI""), Ignoring the error"
"22-07-2026 13:11:16","200","Information","Microsoft-Windows-CoreSystem-SmsRouter","[SmsRouter] SmsBroker is started"
"22-07-2026 13:11:16","100","Information","Microsoft-Windows-CoreSystem-SmsRouter","[SmsRouter] SmsRouter is started"
"22-07-2026 11:22:16","101","Information","Microsoft-Windows-CoreSystem-SmsRouter","[SmsRouter] SmsRouter is stoped"
"22-07-2026 11:22:16","201","Information","Microsoft-Windows-CoreSystem-SmsRouter","[SmsRouter] SmsBroker is stoped"
"22-07-2026 11:22:16","102","Error","Microsoft-Windows-CoreSystem-SmsRouter","[SmsRouter::CSmsDeviceManager::Uninitialize:0x6D2] Error The device is not ready.: UninitializeWwanWatcher"
"22-07-2026 11:22:16","102","Error","Microsoft-Windows-CoreSystem-SmsRouter","[SmsRouter::CSmsDeviceManager::UninitializeWwanWatcher:0x324] Error The device is not ready.: WwanRegisterNotification(WwanNotificationSourceNone) failed"
"22-07-2026 11:20:16","102","Error","Microsoft-Windows-CoreSystem-SmsRouter","[SmsRouter::_BriDeleteEvent2:0x22B] Error The parameter is incorrect.: Unable to find client context for handle=1."
"22-07-2026 11:20:16","102","Error","Microsoft-Windows-CoreSystem-SmsRouter","[SmsRouter::CSmsDeviceManager::UninitializeWwanWatcher:0x324] Error The device is not ready.: WwanRegisterNotification(WwanNotificationSourceNone) failed"
"22-07-2026 11:20:16","102","Error","Microsoft-Windows-CoreSystem-SmsRouter","[SmsRouter::CSmsDeviceManager::Initialize:0x647] Error Invalid class string: Failed to load CLSIDFromProgID(""CellularAPI""), Ignoring the error"
"22-07-2026 11:20:16","200","Information","Microsoft-Windows-CoreSystem-SmsRouter","[SmsRouter] SmsBroker is started"
"22-07-2026 11:20:16","100","Information","Microsoft-Windows-CoreSystem-SmsRouter","[SmsRouter] SmsRouter is started"
"22-07-2026 11:19:16","101","Information","Microsoft-Windows-CoreSystem-SmsRouter","[SmsRouter] SmsRouter is stoped"
"22-07-2026 11:19:16","201","Information","Microsoft-Windows-CoreSystem-SmsRouter","[SmsRouter] SmsBroker is stoped"
"22-07-2026 11:19:16","102","Error","Microsoft-Windows-CoreSystem-SmsRouter","[SmsRouter::CSmsDeviceManager::Uninitialize:0x6D2] Error The device is not ready.: UninitializeWwanWatcher"
"22-07-2026 11:19:16","102","Error","Microsoft-Windows-CoreSystem-SmsRouter","[SmsRouter::CSmsDeviceManager::UninitializeWwanWatcher:0x324] Error The device is not ready.: WwanRegisterNotification(WwanNotificationSourceNone) failed"
"22-07-2026 11:16:16","102","Error","Microsoft-Windows-CoreSystem-SmsRouter","[SmsRouter::CSmsDeviceManager::UninitializeWwanWatcher:0x324] Error The device is not ready.: WwanRegisterNotification(WwanNotificationSourceNone) failed"
"22-07-2026 11:16:16","102","Error","Microsoft-Windows-CoreSystem-SmsRouter","[SmsRouter::CSmsDeviceManager::Initialize:0x647] Error Invalid class string: Failed to load CLSIDFromProgID(""CellularAPI""), Ignoring the error"
"22-07-2026 11:16:16","200","Information","Microsoft-Windows-CoreSystem-SmsRouter","[SmsRouter] SmsBroker is started"
"22-07-2026 11:16:16","100","Information","Microsoft-Windows-CoreSystem-SmsRouter","[SmsRouter] SmsRouter is started"
"22-07-2026 09:57:11","101","Information","Microsoft-Windows-CoreSystem-SmsRouter","[SmsRouter] SmsRouter is stoped"
"22-07-2026 09:57:11","201","Information","Microsoft-Windows-CoreSystem-SmsRouter","[SmsRouter] SmsBroker is stoped"
"22-07-2026 09:57:11","102","Error","Microsoft-Windows-CoreSystem-SmsRouter","[SmsRouter::CSmsDeviceManager::Uninitialize:0x6D2] Error The device is not ready.: UninitializeWwanWatcher"
"22-07-2026 09:57:11","102","Error","Microsoft-Windows-CoreSystem-SmsRouter","[SmsRouter::CSmsDeviceManager::UninitializeWwanWatcher:0x324] Error The device is not ready.: WwanRegisterNotification(WwanNotificationSourceNone) failed"
"22-07-2026 09:55:11","102","Error","Microsoft-Windows-CoreSystem-SmsRouter","[SmsRouter::_BriDeleteEvent2:0x22B] Error The parameter is incorrect.: Unable to find client context for handle=1."
"22-07-2026 09:55:11","102","Error","Microsoft-Windows-CoreSystem-SmsRouter","[SmsRouter::CSmsDeviceManager::UninitializeWwanWatcher:0x324] Error The device is not ready.: WwanRegisterNotification(WwanNotificationSourceNone) failed"
"22-07-2026 09:55:11","102","Error","Microsoft-Windows-CoreSystem-SmsRouter","[SmsRouter::CSmsDeviceManager::Initialize:0x647] Error Invalid class string: Failed to load CLSIDFromProgID(""CellularAPI""), Ignoring the error"
"22-07-2026 09:55:11","200","Information","Microsoft-Windows-CoreSystem-SmsRouter","[SmsRouter] SmsBroker is started"
"22-07-2026 09:55:11","100","Information","Microsoft-Windows-CoreSystem-SmsRouter","[SmsRouter] SmsRouter is started"
"22-07-2026 09:51:41","101","Information","Microsoft-Windows-CoreSystem-SmsRouter","[SmsRouter] SmsRouter is stoped"
"22-07-2026 09:51:41","201","Information","Microsoft-Windows-CoreSystem-SmsRouter","[SmsRouter] SmsBroker is stoped"
"22-07-2026 09:51:41","102","Error","Microsoft-Windows-CoreSystem-SmsRouter","[SmsRouter::CSmsDeviceManager::Uninitialize:0x6D2] Error The device is not ready.: UninitializeWwanWatcher"
"22-07-2026 09:51:41","102","Error","Microsoft-Windows-CoreSystem-SmsRouter","[SmsRouter::CSmsDeviceManager::UninitializeWwanWatcher:0x324] Error The device is not ready.: WwanRegisterNotification(WwanNotificationSourceNone) failed"
"22-07-2026 09:48:41","102","Error","Microsoft-Windows-CoreSystem-SmsRouter","[SmsRouter::_BriDeleteEvent2:0x22B] Error The parameter is incorrect.: Unable to find client context for handle=1."
"22-07-2026 09:48:41","102","Error","Microsoft-Windows-CoreSystem-SmsRouter","[SmsRouter::CSmsDeviceManager::UninitializeWwanWatcher:0x324] Error The device is not ready.: WwanRegisterNotification(WwanNotificationSourceNone) failed"
"22-07-2026 09:48:41","102","Error","Microsoft-Windows-CoreSystem-SmsRouter","[SmsRouter::CSmsDeviceManager::Initialize:0x647] Error Invalid class string: Failed to load CLSIDFromProgID(""CellularAPI""), Ignoring the error"
"22-07-2026 09:48:41","200","Information","Microsoft-Windows-CoreSystem-SmsRouter","[SmsRouter] SmsBroker is started"
"22-07-2026 09:48:41","100","Information","Microsoft-Windows-CoreSystem-SmsRouter","[SmsRouter] SmsRouter is started"
"22-07-2026 09:45:11","101","Information","Microsoft-Windows-CoreSystem-SmsRouter","[SmsRouter] SmsRouter is stoped"
"22-07-2026 09:45:11","201","Information","Microsoft-Windows-CoreSystem-SmsRouter","[SmsRouter] SmsBroker is stoped"
"22-07-2026 09:45:11","102","Error","Microsoft-Windows-CoreSystem-SmsRouter","[SmsRouter::CSmsDeviceManager::Uninitialize:0x6D2] Error The device is not ready.: UninitializeWwanWatcher"
"22-07-2026 09:45:11","102","Error","Microsoft-Windows-CoreSystem-SmsRouter","[SmsRouter::CSmsDeviceManager::UninitializeWwanWatcher:0x324] Error The device is not ready.: WwanRegisterNotification(WwanNotificationSourceNone) failed"
"22-07-2026 04:23:13","102","Error","Microsoft-Windows-CoreSystem-SmsRouter","[SmsRouter::CSmsDeviceManager::UninitializeWwanWatcher:0x324] Error The device is not ready.: WwanRegisterNotification(WwanNotificationSourceNone) failed"
"22-07-2026 04:23:13","102","Error","Microsoft-Windows-CoreSystem-SmsRouter","[SmsRouter::CSmsDeviceManager::Initialize:0x647] Error Invalid class string: Failed to load CLSIDFromProgID(""CellularAPI""), Ignoring the error"
"22-07-2026 04:23:13","200","Information","Microsoft-Windows-CoreSystem-SmsRouter","[SmsRouter] SmsBroker is started"
"22-07-2026 04:23:13","100","Information","Microsoft-Windows-CoreSystem-SmsRouter","[SmsRouter] SmsRouter is started"
"21-07-2026 16:12:15","101","Information","Microsoft-Windows-CoreSystem-SmsRouter","[SmsRouter] SmsRouter is stoped"
"21-07-2026 16:12:15","201","Information","Microsoft-Windows-CoreSystem-SmsRouter","[SmsRouter] SmsBroker is stoped"
"21-07-2026 16:12:15","102","Error","Microsoft-Windows-CoreSystem-SmsRouter","[SmsRouter::CSmsDeviceManager::Uninitialize:0x6D2] Error The device is not ready.: UninitializeWwanWatcher"
"21-07-2026 16:12:15","102","Error","Microsoft-Windows-CoreSystem-SmsRouter","[SmsRouter::CSmsDeviceManager::UninitializeWwanWatcher:0x324] Error The device is not ready.: WwanRegisterNotification(WwanNotificationSourceNone) failed"
"21-07-2026 16:10:15","102","Error","Microsoft-Windows-CoreSystem-SmsRouter","[SmsRouter::_BriDeleteEvent2:0x22B] Error The parameter is incorrect.: Unable to find client context for handle=1."
"21-07-2026 16:10:15","102","Error","Microsoft-Windows-CoreSystem-SmsRouter","[SmsRouter::CSmsDeviceManager::UninitializeWwanWatcher:0x324] Error The device is not ready.: WwanRegisterNotification(WwanNotificationSourceNone) failed"
"21-07-2026 16:10:15","102","Error","Microsoft-Windows-CoreSystem-SmsRouter","[SmsRouter::CSmsDeviceManager::Initialize:0x647] Error Invalid class string: Failed to load CLSIDFromProgID(""CellularAPI""), Ignoring the error"
"21-07-2026 16:10:15","200","Information","Microsoft-Windows-CoreSystem-SmsRouter","[SmsRouter] SmsBroker is started"
"21-07-2026 16:10:15","100","Information","Microsoft-Windows-CoreSystem-SmsRouter","[SmsRouter] SmsRouter is started"
"21-07-2026 16:09:15","101","Information","Microsoft-Windows-CoreSystem-SmsRouter","[SmsRouter] SmsRouter is stoped"
"21-07-2026 16:09:14","201","Information","Microsoft-Windows-CoreSystem-SmsRouter","[SmsRouter] SmsBroker is stoped"
"21-07-2026 16:09:14","102","Error","Microsoft-Windows-CoreSystem-SmsRouter","[SmsRouter::CSmsDeviceManager::Uninitialize:0x6D2] Error The device is not ready.: UninitializeWwanWatcher"
"21-07-2026 16:09:14","102","Error","Microsoft-Windows-CoreSystem-SmsRouter","[SmsRouter::CSmsDeviceManager::UninitializeWwanWatcher:0x324] Error The device is not ready.: WwanRegisterNotification(WwanNotificationSourceNone) failed"
"21-07-2026 16:06:15","102","Error","Microsoft-Windows-CoreSystem-SmsRouter","[SmsRouter::CSmsDeviceManager::UninitializeWwanWatcher:0x324] Error The device is not ready.: WwanRegisterNotification(WwanNotificationSourceNone) failed"
"21-07-2026 16:06:15","102","Error","Microsoft-Windows-CoreSystem-SmsRouter","[SmsRouter::CSmsDeviceManager::Initialize:0x647] Error Invalid class string: Failed to load CLSIDFromProgID(""CellularAPI""), Ignoring the error"
"21-07-2026 16:06:15","200","Information","Microsoft-Windows-CoreSystem-SmsRouter","[SmsRouter] SmsBroker is started"
"21-07-2026 16:06:15","100","Information","Microsoft-Windows-CoreSystem-SmsRouter","[SmsRouter] SmsRouter is started"
"21-07-2026 13:17:19","101","Information","Microsoft-Windows-CoreSystem-SmsRouter","[SmsRouter] SmsRouter is stoped"
"21-07-2026 13:17:19","201","Information","Microsoft-Windows-CoreSystem-SmsRouter","[SmsRouter] SmsBroker is stoped"
"21-07-2026 13:17:19","102","Error","Microsoft-Windows-CoreSystem-SmsRouter","[SmsRouter::CSmsDeviceManager::Uninitialize:0x6D2] Error The device is not ready.: UninitializeWwanWatcher"
"21-07-2026 13:17:19","102","Error","Microsoft-Windows-CoreSystem-SmsRouter","[SmsRouter::CSmsDeviceManager::UninitializeWwanWatcher:0x324] Error The device is not ready.: WwanRegisterNotification(WwanNotificationSourceNone) failed"
"21-07-2026 13:15:19","102","Error","Microsoft-Windows-CoreSystem-SmsRouter","[SmsRouter::_BriDeleteEvent2:0x22B] Error The parameter is incorrect.: Unable to find client context for handle=1."
"21-07-2026 13:15:19","102","Error","Microsoft-Windows-CoreSystem-SmsRouter","[SmsRouter::CSmsDeviceManager::UninitializeWwanWatcher:0x324] Error The device is not ready.: WwanRegisterNotification(WwanNotificationSourceNone) failed"
"21-07-2026 13:15:19","102","Error","Microsoft-Windows-CoreSystem-SmsRouter","[SmsRouter::CSmsDeviceManager::Initialize:0x647] Error Invalid class string: Failed to load CLSIDFromProgID(""CellularAPI""), Ignoring the error"
