"13-08-2026 10:07:51","203","Information","Microsoft-Windows-USBVideo","Stop of PowerDownDevice"
"13-08-2026 10:07:51","202","Information","Microsoft-Windows-USBVideo","Start of PowerDownDevice"
"13-08-2026 10:07:51","201","Information","Microsoft-Windows-USBVideo","Stop of PowerUpDevice"
"13-08-2026 10:07:51","200","Information","Microsoft-Windows-USBVideo","Start of PowerUpDevice"
"13-08-2026 09:14:57","203","Information","Microsoft-Windows-USBVideo","Stop of PowerDownDevice"
"13-08-2026 09:14:57","202","Information","Microsoft-Windows-USBVideo","Start of PowerDownDevice"
"13-08-2026 09:14:57","201","Information","Microsoft-Windows-USBVideo","Stop of PowerUpDevice"
"13-08-2026 09:14:57","200","Information","Microsoft-Windows-USBVideo","Start of PowerUpDevice"
"13-08-2026 09:13:33","205","Information","Microsoft-Windows-USBVideo","Stop of StartUSBVideoDevice"
"13-08-2026 09:13:33","204","Information","Microsoft-Windows-USBVideo","Start of StartUSBVideoDevice"
"13-08-2026 05:30:23","207","Information","Microsoft-Windows-USBVideo","Stop of StopUSBVideoDevice"
"13-08-2026 05:30:23","206","Information","Microsoft-Windows-USBVideo","Start of StopUSBVideoDevice"
"13-08-2026 05:30:17","230","Information","Microsoft-Windows-USBVideo","PowerIrp_PassiveWakeupCompleted"
"13-08-2026 05:30:17","216","Information","Microsoft-Windows-USBVideo","Stop of PowerIrpCompletion"
"13-08-2026 05:30:17","220","Information","Microsoft-Windows-USBVideo","PowerIrp_CheckingPLFRegistry"
"13-08-2026 05:30:17","215","Information","Microsoft-Windows-USBVideo","Start of PowerIrpCompletion"
"13-08-2026 05:30:17","205","Information","Microsoft-Windows-USBVideo","Stop of StartUSBVideoDevice"
"13-08-2026 05:30:17","204","Information","Microsoft-Windows-USBVideo","Start of StartUSBVideoDevice"
"13-08-2026 05:30:17","214","Information","Microsoft-Windows-USBVideo","ConnectedStandbyHandler_Stop"
"13-08-2026 05:30:17","201","Information","Microsoft-Windows-USBVideo","Stop of PowerUpDevice"
"13-08-2026 05:30:17","200","Information","Microsoft-Windows-USBVideo","Start of PowerUpDevice"
"12-08-2026 21:16:11","216","Information","Microsoft-Windows-USBVideo","Stop of PowerIrpCompletion"
"12-08-2026 21:16:11","215","Information","Microsoft-Windows-USBVideo","Start of PowerIrpCompletion"
"12-08-2026 21:16:11","207","Information","Microsoft-Windows-USBVideo","Stop of StopUSBVideoDevice"
"12-08-2026 21:16:11","206","Information","Microsoft-Windows-USBVideo","Start of StopUSBVideoDevice"
"12-08-2026 21:16:11","213","Information","Microsoft-Windows-USBVideo","ConnectedStandbyHandler_Start"
"12-08-2026 21:16:11","203","Information","Microsoft-Windows-USBVideo","Stop of PowerDownDevice"
"12-08-2026 21:16:11","202","Information","Microsoft-Windows-USBVideo","Start of PowerDownDevice"
"12-08-2026 21:16:06","230","Information","Microsoft-Windows-USBVideo","PowerIrp_PassiveWakeupCompleted"
"12-08-2026 21:16:06","216","Information","Microsoft-Windows-USBVideo","Stop of PowerIrpCompletion"
"12-08-2026 21:16:06","220","Information","Microsoft-Windows-USBVideo","PowerIrp_CheckingPLFRegistry"
"12-08-2026 21:16:06","215","Information","Microsoft-Windows-USBVideo","Start of PowerIrpCompletion"
"12-08-2026 21:16:06","205","Information","Microsoft-Windows-USBVideo","Stop of StartUSBVideoDevice"
"12-08-2026 21:16:06","204","Information","Microsoft-Windows-USBVideo","Start of StartUSBVideoDevice"
"12-08-2026 21:16:06","214","Information","Microsoft-Windows-USBVideo","ConnectedStandbyHandler_Stop"
"12-08-2026 21:16:06","201","Information","Microsoft-Windows-USBVideo","Stop of PowerUpDevice"
"12-08-2026 21:16:06","200","Information","Microsoft-Windows-USBVideo","Start of PowerUpDevice"
"12-08-2026 20:24:40","216","Information","Microsoft-Windows-USBVideo","Stop of PowerIrpCompletion"
"12-08-2026 20:24:40","215","Information","Microsoft-Windows-USBVideo","Start of PowerIrpCompletion"
"12-08-2026 20:24:40","207","Information","Microsoft-Windows-USBVideo","Stop of StopUSBVideoDevice"
"12-08-2026 20:24:40","206","Information","Microsoft-Windows-USBVideo","Start of StopUSBVideoDevice"
"12-08-2026 20:24:40","213","Information","Microsoft-Windows-USBVideo","ConnectedStandbyHandler_Start"
"12-08-2026 20:24:40","203","Information","Microsoft-Windows-USBVideo","Stop of PowerDownDevice"
"12-08-2026 20:24:40","202","Information","Microsoft-Windows-USBVideo","Start of PowerDownDevice"
"12-08-2026 18:55:35","203","Information","Microsoft-Windows-USBVideo","Stop of PowerDownDevice"
"12-08-2026 18:55:35","202","Information","Microsoft-Windows-USBVideo","Start of PowerDownDevice"
"12-08-2026 17:30:12","201","Information","Microsoft-Windows-USBVideo","Stop of PowerUpDevice"
"12-08-2026 17:30:12","200","Information","Microsoft-Windows-USBVideo","Start of PowerUpDevice"
"12-08-2026 12:01:23","203","Information","Microsoft-Windows-USBVideo","Stop of PowerDownDevice"
"12-08-2026 12:01:23","202","Information","Microsoft-Windows-USBVideo","Start of PowerDownDevice"
"12-08-2026 12:01:23","201","Information","Microsoft-Windows-USBVideo","Stop of PowerUpDevice"
"12-08-2026 12:01:23","200","Information","Microsoft-Windows-USBVideo","Start of PowerUpDevice"
"12-08-2026 10:25:04","203","Information","Microsoft-Windows-USBVideo","Stop of PowerDownDevice"
"12-08-2026 10:25:04","202","Information","Microsoft-Windows-USBVideo","Start of PowerDownDevice"
"12-08-2026 10:25:04","201","Information","Microsoft-Windows-USBVideo","Stop of PowerUpDevice"
"12-08-2026 10:25:04","200","Information","Microsoft-Windows-USBVideo","Start of PowerUpDevice"
"12-08-2026 08:56:44","203","Information","Microsoft-Windows-USBVideo","Stop of PowerDownDevice"
"12-08-2026 08:56:44","202","Information","Microsoft-Windows-USBVideo","Start of PowerDownDevice"
"12-08-2026 08:56:44","201","Information","Microsoft-Windows-USBVideo","Stop of PowerUpDevice"
"12-08-2026 08:56:44","200","Information","Microsoft-Windows-USBVideo","Start of PowerUpDevice"
"12-08-2026 08:55:19","230","Information","Microsoft-Windows-USBVideo","PowerIrp_PassiveWakeupCompleted"
"12-08-2026 08:55:19","216","Information","Microsoft-Windows-USBVideo","Stop of PowerIrpCompletion"
"12-08-2026 08:55:19","220","Information","Microsoft-Windows-USBVideo","PowerIrp_CheckingPLFRegistry"
"12-08-2026 08:55:19","215","Information","Microsoft-Windows-USBVideo","Start of PowerIrpCompletion"
"12-08-2026 08:55:19","205","Information","Microsoft-Windows-USBVideo","Stop of StartUSBVideoDevice"
"12-08-2026 08:55:19","204","Information","Microsoft-Windows-USBVideo","Start of StartUSBVideoDevice"
"12-08-2026 08:55:19","214","Information","Microsoft-Windows-USBVideo","ConnectedStandbyHandler_Stop"
"12-08-2026 08:55:19","201","Information","Microsoft-Windows-USBVideo","Stop of PowerUpDevice"
"12-08-2026 08:55:19","200","Information","Microsoft-Windows-USBVideo","Start of PowerUpDevice"
"12-08-2026 03:27:38","216","Information","Microsoft-Windows-USBVideo","Stop of PowerIrpCompletion"
"12-08-2026 03:27:38","215","Information","Microsoft-Windows-USBVideo","Start of PowerIrpCompletion"
"12-08-2026 03:27:38","207","Information","Microsoft-Windows-USBVideo","Stop of StopUSBVideoDevice"
"12-08-2026 03:27:38","206","Information","Microsoft-Windows-USBVideo","Start of StopUSBVideoDevice"
"12-08-2026 03:27:38","213","Information","Microsoft-Windows-USBVideo","ConnectedStandbyHandler_Start"
"12-08-2026 03:27:38","203","Information","Microsoft-Windows-USBVideo","Stop of PowerDownDevice"
"12-08-2026 03:27:38","202","Information","Microsoft-Windows-USBVideo","Start of PowerDownDevice"
"12-08-2026 03:27:17","230","Information","Microsoft-Windows-USBVideo","PowerIrp_PassiveWakeupCompleted"
"12-08-2026 03:27:17","216","Information","Microsoft-Windows-USBVideo","Stop of PowerIrpCompletion"
"12-08-2026 03:27:17","220","Information","Microsoft-Windows-USBVideo","PowerIrp_CheckingPLFRegistry"
"12-08-2026 03:27:17","215","Information","Microsoft-Windows-USBVideo","Start of PowerIrpCompletion"
"12-08-2026 03:27:17","205","Information","Microsoft-Windows-USBVideo","Stop of StartUSBVideoDevice"
"12-08-2026 03:27:17","204","Information","Microsoft-Windows-USBVideo","Start of StartUSBVideoDevice"
"12-08-2026 03:27:17","214","Information","Microsoft-Windows-USBVideo","ConnectedStandbyHandler_Stop"
"12-08-2026 03:27:17","201","Information","Microsoft-Windows-USBVideo","Stop of PowerUpDevice"
"12-08-2026 03:27:17","200","Information","Microsoft-Windows-USBVideo","Start of PowerUpDevice"
"11-08-2026 19:04:27","216","Information","Microsoft-Windows-USBVideo","Stop of PowerIrpCompletion"
"11-08-2026 19:04:27","215","Information","Microsoft-Windows-USBVideo","Start of PowerIrpCompletion"
"11-08-2026 19:04:27","207","Information","Microsoft-Windows-USBVideo","Stop of StopUSBVideoDevice"
"11-08-2026 19:04:27","206","Information","Microsoft-Windows-USBVideo","Start of StopUSBVideoDevice"
"11-08-2026 19:04:27","213","Information","Microsoft-Windows-USBVideo","ConnectedStandbyHandler_Start"
"11-08-2026 19:04:27","203","Information","Microsoft-Windows-USBVideo","Stop of PowerDownDevice"
"11-08-2026 19:04:27","202","Information","Microsoft-Windows-USBVideo","Start of PowerDownDevice"
"11-08-2026 19:02:12","230","Information","Microsoft-Windows-USBVideo","PowerIrp_PassiveWakeupCompleted"
"11-08-2026 19:02:12","216","Information","Microsoft-Windows-USBVideo","Stop of PowerIrpCompletion"
"11-08-2026 19:02:12","220","Information","Microsoft-Windows-USBVideo","PowerIrp_CheckingPLFRegistry"
"11-08-2026 19:02:12","215","Information","Microsoft-Windows-USBVideo","Start of PowerIrpCompletion"
"11-08-2026 19:02:12","205","Information","Microsoft-Windows-USBVideo","Stop of StartUSBVideoDevice"
"11-08-2026 19:02:12","204","Information","Microsoft-Windows-USBVideo","Start of StartUSBVideoDevice"
"11-08-2026 19:02:12","214","Information","Microsoft-Windows-USBVideo","ConnectedStandbyHandler_Stop"
"11-08-2026 19:02:12","201","Information","Microsoft-Windows-USBVideo","Stop of PowerUpDevice"
"11-08-2026 19:02:12","200","Information","Microsoft-Windows-USBVideo","Start of PowerUpDevice"
"11-08-2026 18:34:24","203","Information","Microsoft-Windows-USBVideo","Stop of PowerDownDevice"
"11-08-2026 18:34:24","202","Information","Microsoft-Windows-USBVideo","Start of PowerDownDevice"
"11-08-2026 18:34:24","216","Information","Microsoft-Windows-USBVideo","Stop of PowerIrpCompletion"
"11-08-2026 18:34:24","215","Information","Microsoft-Windows-USBVideo","Start of PowerIrpCompletion"
"11-08-2026 18:34:24","207","Information","Microsoft-Windows-USBVideo","Stop of StopUSBVideoDevice"
"11-08-2026 18:34:24","206","Information","Microsoft-Windows-USBVideo","Start of StopUSBVideoDevice"
"11-08-2026 18:34:24","213","Information","Microsoft-Windows-USBVideo","ConnectedStandbyHandler_Start"
"11-08-2026 18:34:24","203","Information","Microsoft-Windows-USBVideo","Stop of PowerDownDevice"
"11-08-2026 18:34:24","202","Information","Microsoft-Windows-USBVideo","Start of PowerDownDevice"
"11-08-2026 12:10:30","201","Information","Microsoft-Windows-USBVideo","Stop of PowerUpDevice"
"11-08-2026 12:10:30","200","Information","Microsoft-Windows-USBVideo","Start of PowerUpDevice"
"11-08-2026 12:10:29","230","Information","Microsoft-Windows-USBVideo","PowerIrp_PassiveWakeupCompleted"
"11-08-2026 12:10:29","218","Information","Microsoft-Windows-USBVideo","FilterIrp Completed"
"11-08-2026 12:10:29","218","Information","Microsoft-Windows-USBVideo","FilterIrp Completed"
"11-08-2026 12:10:29","216","Information","Microsoft-Windows-USBVideo","Stop of PowerIrpCompletion"
"11-08-2026 12:10:29","220","Information","Microsoft-Windows-USBVideo","PowerIrp_CheckingPLFRegistry"
"11-08-2026 12:10:29","215","Information","Microsoft-Windows-USBVideo","Start of PowerIrpCompletion"
"11-08-2026 12:10:29","205","Information","Microsoft-Windows-USBVideo","Stop of StartUSBVideoDevice"
"11-08-2026 12:10:29","204","Information","Microsoft-Windows-USBVideo","Start of StartUSBVideoDevice"
"11-08-2026 12:10:29","217","Information","Microsoft-Windows-USBVideo","FilterIrp Pending"
"11-08-2026 12:10:29","201","Information","Microsoft-Windows-USBVideo","Stop of PowerUpDevice"
"11-08-2026 12:10:29","200","Information","Microsoft-Windows-USBVideo","Start of PowerUpDevice"
"11-08-2026 12:02:32","216","Information","Microsoft-Windows-USBVideo","Stop of PowerIrpCompletion"
"11-08-2026 12:02:32","215","Information","Microsoft-Windows-USBVideo","Start of PowerIrpCompletion"
"11-08-2026 12:02:32","207","Information","Microsoft-Windows-USBVideo","Stop of StopUSBVideoDevice"
"11-08-2026 12:02:32","206","Information","Microsoft-Windows-USBVideo","Start of StopUSBVideoDevice"
"11-08-2026 12:02:32","203","Information","Microsoft-Windows-USBVideo","Stop of PowerDownDevice"
"11-08-2026 12:02:32","202","Information","Microsoft-Windows-USBVideo","Start of PowerDownDevice"
"11-08-2026 12:02:32","223","Information","Microsoft-Windows-USBVideo","Stop of RestoreDefaults"
"11-08-2026 12:02:32","222","Information","Microsoft-Windows-USBVideo","Start of RestoreDefaults"
"11-08-2026 12:02:32","230","Information","Microsoft-Windows-USBVideo","PowerIrp_PassiveWakeupCompleted"
"11-08-2026 12:02:32","218","Information","Microsoft-Windows-USBVideo","FilterIrp Completed"
"11-08-2026 12:02:32","218","Information","Microsoft-Windows-USBVideo","FilterIrp Completed"
"11-08-2026 12:02:32","216","Information","Microsoft-Windows-USBVideo","Stop of PowerIrpCompletion"
"11-08-2026 12:02:32","220","Information","Microsoft-Windows-USBVideo","PowerIrp_CheckingPLFRegistry"
"11-08-2026 12:02:32","215","Information","Microsoft-Windows-USBVideo","Start of PowerIrpCompletion"
"11-08-2026 12:02:32","205","Information","Microsoft-Windows-USBVideo","Stop of StartUSBVideoDevice"
"11-08-2026 12:02:32","204","Information","Microsoft-Windows-USBVideo","Start of StartUSBVideoDevice"
"11-08-2026 12:02:32","217","Information","Microsoft-Windows-USBVideo","FilterIrp Pending"
"11-08-2026 12:02:32","201","Information","Microsoft-Windows-USBVideo","Stop of PowerUpDevice"
"11-08-2026 12:02:32","200","Information","Microsoft-Windows-USBVideo","Start of PowerUpDevice"
"11-08-2026 12:02:29","216","Information","Microsoft-Windows-USBVideo","Stop of PowerIrpCompletion"
"11-08-2026 12:02:29","215","Information","Microsoft-Windows-USBVideo","Start of PowerIrpCompletion"
"11-08-2026 12:02:29","207","Information","Microsoft-Windows-USBVideo","Stop of StopUSBVideoDevice"
"11-08-2026 12:02:29","206","Information","Microsoft-Windows-USBVideo","Start of StopUSBVideoDevice"
"11-08-2026 12:02:29","205","Information","Microsoft-Windows-USBVideo","Stop of StartUSBVideoDevice"
"11-08-2026 12:02:29","227","Information","Microsoft-Windows-USBVideo","UsbVideo camera has valid configuration"
"11-08-2026 12:02:29","204","Information","Microsoft-Windows-USBVideo","Start of StartUSBVideoDevice"
"11-08-2026 12:01:32","216","Information","Microsoft-Windows-USBVideo","Stop of PowerIrpCompletion"
"11-08-2026 12:01:32","215","Information","Microsoft-Windows-USBVideo","Start of PowerIrpCompletion"
"11-08-2026 12:01:32","207","Information","Microsoft-Windows-USBVideo","Stop of StopUSBVideoDevice"
"11-08-2026 12:01:32","206","Information","Microsoft-Windows-USBVideo","Start of StopUSBVideoDevice"
"11-08-2026 12:01:32","203","Information","Microsoft-Windows-USBVideo","Stop of PowerDownDevice"
"11-08-2026 12:01:32","202","Information","Microsoft-Windows-USBVideo","Start of PowerDownDevice"
"11-08-2026 12:01:32","223","Information","Microsoft-Windows-USBVideo","Stop of RestoreDefaults"
"11-08-2026 12:01:32","222","Information","Microsoft-Windows-USBVideo","Start of RestoreDefaults"
"11-08-2026 09:11:19","203","Information","Microsoft-Windows-USBVideo","Stop of PowerDownDevice"
"11-08-2026 09:11:19","202","Information","Microsoft-Windows-USBVideo","Start of PowerDownDevice"
"11-08-2026 09:11:19","201","Information","Microsoft-Windows-USBVideo","Stop of PowerUpDevice"
"11-08-2026 09:11:19","200","Information","Microsoft-Windows-USBVideo","Start of PowerUpDevice"
"11-08-2026 09:10:46","216","Information","Microsoft-Windows-USBVideo","Stop of PowerIrpCompletion"
"11-08-2026 09:10:46","230","Information","Microsoft-Windows-USBVideo","PowerIrp_PassiveWakeupCompleted"
"11-08-2026 09:10:46","220","Information","Microsoft-Windows-USBVideo","PowerIrp_CheckingPLFRegistry"
"11-08-2026 09:10:46","215","Information","Microsoft-Windows-USBVideo","Start of PowerIrpCompletion"
"11-08-2026 09:10:46","205","Information","Microsoft-Windows-USBVideo","Stop of StartUSBVideoDevice"
"11-08-2026 09:10:46","204","Information","Microsoft-Windows-USBVideo","Start of StartUSBVideoDevice"
"11-08-2026 09:10:46","214","Information","Microsoft-Windows-USBVideo","ConnectedStandbyHandler_Stop"
"11-08-2026 09:10:46","201","Information","Microsoft-Windows-USBVideo","Stop of PowerUpDevice"
"11-08-2026 09:10:46","200","Information","Microsoft-Windows-USBVideo","Start of PowerUpDevice"
"11-08-2026 06:06:52","216","Information","Microsoft-Windows-USBVideo","Stop of PowerIrpCompletion"
"11-08-2026 06:06:52","215","Information","Microsoft-Windows-USBVideo","Start of PowerIrpCompletion"
"11-08-2026 06:06:52","207","Information","Microsoft-Windows-USBVideo","Stop of StopUSBVideoDevice"
"11-08-2026 06:06:52","206","Information","Microsoft-Windows-USBVideo","Start of StopUSBVideoDevice"
"11-08-2026 06:06:52","213","Information","Microsoft-Windows-USBVideo","ConnectedStandbyHandler_Start"
"11-08-2026 06:06:52","203","Information","Microsoft-Windows-USBVideo","Stop of PowerDownDevice"
"11-08-2026 06:06:52","202","Information","Microsoft-Windows-USBVideo","Start of PowerDownDevice"
"11-08-2026 06:06:51","203","Information","Microsoft-Windows-USBVideo","Stop of PowerDownDevice"
"11-08-2026 06:06:51","202","Information","Microsoft-Windows-USBVideo","Start of PowerDownDevice"
"11-08-2026 06:06:51","201","Information","Microsoft-Windows-USBVideo","Stop of PowerUpDevice"
"11-08-2026 06:06:51","200","Information","Microsoft-Windows-USBVideo","Start of PowerUpDevice"
"11-08-2026 06:06:51","203","Information","Microsoft-Windows-USBVideo","Stop of PowerDownDevice"
"11-08-2026 06:06:51","202","Information","Microsoft-Windows-USBVideo","Start of PowerDownDevice"
"11-08-2026 06:06:51","201","Information","Microsoft-Windows-USBVideo","Stop of PowerUpDevice"
"11-08-2026 06:06:51","200","Information","Microsoft-Windows-USBVideo","Start of PowerUpDevice"
"11-08-2026 06:06:51","203","Information","Microsoft-Windows-USBVideo","Stop of PowerDownDevice"
"11-08-2026 06:06:51","202","Information","Microsoft-Windows-USBVideo","Start of PowerDownDevice"
"11-08-2026 06:06:51","201","Information","Microsoft-Windows-USBVideo","Stop of PowerUpDevice"
"11-08-2026 06:06:51","200","Information","Microsoft-Windows-USBVideo","Start of PowerUpDevice"
"11-08-2026 06:06:51","203","Information","Microsoft-Windows-USBVideo","Stop of PowerDownDevice"
"11-08-2026 06:06:51","202","Information","Microsoft-Windows-USBVideo","Start of PowerDownDevice"
"11-08-2026 06:06:51","201","Information","Microsoft-Windows-USBVideo","Stop of PowerUpDevice"
"11-08-2026 06:06:51","200","Information","Microsoft-Windows-USBVideo","Start of PowerUpDevice"
"11-08-2026 06:06:48","203","Information","Microsoft-Windows-USBVideo","Stop of PowerDownDevice"
"11-08-2026 06:06:48","202","Information","Microsoft-Windows-USBVideo","Start of PowerDownDevice"
"11-08-2026 06:06:48","201","Information","Microsoft-Windows-USBVideo","Stop of PowerUpDevice"
"11-08-2026 06:06:48","200","Information","Microsoft-Windows-USBVideo","Start of PowerUpDevice"
"11-08-2026 06:06:48","203","Information","Microsoft-Windows-USBVideo","Stop of PowerDownDevice"
"11-08-2026 06:06:48","202","Information","Microsoft-Windows-USBVideo","Start of PowerDownDevice"
"11-08-2026 06:06:48","201","Information","Microsoft-Windows-USBVideo","Stop of PowerUpDevice"
"11-08-2026 06:06:48","200","Information","Microsoft-Windows-USBVideo","Start of PowerUpDevice"
"11-08-2026 06:06:46","230","Information","Microsoft-Windows-USBVideo","PowerIrp_PassiveWakeupCompleted"
"11-08-2026 06:06:46","216","Information","Microsoft-Windows-USBVideo","Stop of PowerIrpCompletion"
"11-08-2026 06:06:46","220","Information","Microsoft-Windows-USBVideo","PowerIrp_CheckingPLFRegistry"
"11-08-2026 06:06:46","215","Information","Microsoft-Windows-USBVideo","Start of PowerIrpCompletion"
"11-08-2026 06:06:46","205","Information","Microsoft-Windows-USBVideo","Stop of StartUSBVideoDevice"
"11-08-2026 06:06:46","204","Information","Microsoft-Windows-USBVideo","Start of StartUSBVideoDevice"
"11-08-2026 06:06:46","214","Information","Microsoft-Windows-USBVideo","ConnectedStandbyHandler_Stop"
"11-08-2026 06:06:46","201","Information","Microsoft-Windows-USBVideo","Stop of PowerUpDevice"
"11-08-2026 06:06:46","200","Information","Microsoft-Windows-USBVideo","Start of PowerUpDevice"
"11-08-2026 06:06:44","216","Information","Microsoft-Windows-USBVideo","Stop of PowerIrpCompletion"
"11-08-2026 06:06:44","215","Information","Microsoft-Windows-USBVideo","Start of PowerIrpCompletion"
"11-08-2026 06:06:44","207","Information","Microsoft-Windows-USBVideo","Stop of StopUSBVideoDevice"
"11-08-2026 06:06:44","206","Information","Microsoft-Windows-USBVideo","Start of StopUSBVideoDevice"
"11-08-2026 06:06:44","213","Information","Microsoft-Windows-USBVideo","ConnectedStandbyHandler_Start"
"11-08-2026 06:06:44","203","Information","Microsoft-Windows-USBVideo","Stop of PowerDownDevice"
"11-08-2026 06:06:44","202","Information","Microsoft-Windows-USBVideo","Start of PowerDownDevice"
"11-08-2026 06:06:43","230","Information","Microsoft-Windows-USBVideo","PowerIrp_PassiveWakeupCompleted"
"11-08-2026 06:06:43","216","Information","Microsoft-Windows-USBVideo","Stop of PowerIrpCompletion"
"11-08-2026 06:06:43","220","Information","Microsoft-Windows-USBVideo","PowerIrp_CheckingPLFRegistry"
"11-08-2026 06:06:43","215","Information","Microsoft-Windows-USBVideo","Start of PowerIrpCompletion"
"11-08-2026 06:06:43","205","Information","Microsoft-Windows-USBVideo","Stop of StartUSBVideoDevice"
"11-08-2026 06:06:43","204","Information","Microsoft-Windows-USBVideo","Start of StartUSBVideoDevice"
"11-08-2026 06:06:43","214","Information","Microsoft-Windows-USBVideo","ConnectedStandbyHandler_Stop"
"11-08-2026 06:06:43","201","Information","Microsoft-Windows-USBVideo","Stop of PowerUpDevice"
"11-08-2026 06:06:43","200","Information","Microsoft-Windows-USBVideo","Start of PowerUpDevice"
"11-08-2026 06:04:32","216","Information","Microsoft-Windows-USBVideo","Stop of PowerIrpCompletion"
"11-08-2026 06:04:32","215","Information","Microsoft-Windows-USBVideo","Start of PowerIrpCompletion"
"11-08-2026 06:04:32","207","Information","Microsoft-Windows-USBVideo","Stop of StopUSBVideoDevice"
"11-08-2026 06:04:32","206","Information","Microsoft-Windows-USBVideo","Start of StopUSBVideoDevice"
"11-08-2026 06:04:32","213","Information","Microsoft-Windows-USBVideo","ConnectedStandbyHandler_Start"
"11-08-2026 06:04:32","203","Information","Microsoft-Windows-USBVideo","Stop of PowerDownDevice"
"11-08-2026 06:04:32","202","Information","Microsoft-Windows-USBVideo","Start of PowerDownDevice"
"11-08-2026 06:04:13","230","Information","Microsoft-Windows-USBVideo","PowerIrp_PassiveWakeupCompleted"
"11-08-2026 06:04:13","216","Information","Microsoft-Windows-USBVideo","Stop of PowerIrpCompletion"
"11-08-2026 06:04:13","220","Information","Microsoft-Windows-USBVideo","PowerIrp_CheckingPLFRegistry"
"11-08-2026 06:04:13","215","Information","Microsoft-Windows-USBVideo","Start of PowerIrpCompletion"
"11-08-2026 06:04:13","205","Information","Microsoft-Windows-USBVideo","Stop of StartUSBVideoDevice"
"11-08-2026 06:04:13","204","Information","Microsoft-Windows-USBVideo","Start of StartUSBVideoDevice"
"11-08-2026 06:04:13","214","Information","Microsoft-Windows-USBVideo","ConnectedStandbyHandler_Stop"
"11-08-2026 06:04:13","201","Information","Microsoft-Windows-USBVideo","Stop of PowerUpDevice"
"11-08-2026 06:04:13","200","Information","Microsoft-Windows-USBVideo","Start of PowerUpDevice"
"10-08-2026 18:56:57","216","Information","Microsoft-Windows-USBVideo","Stop of PowerIrpCompletion"
"10-08-2026 18:56:57","215","Information","Microsoft-Windows-USBVideo","Start of PowerIrpCompletion"
"10-08-2026 18:56:57","207","Information","Microsoft-Windows-USBVideo","Stop of StopUSBVideoDevice"
"10-08-2026 18:56:57","206","Information","Microsoft-Windows-USBVideo","Start of StopUSBVideoDevice"
"10-08-2026 18:56:57","213","Information","Microsoft-Windows-USBVideo","ConnectedStandbyHandler_Start"
"10-08-2026 18:56:57","203","Information","Microsoft-Windows-USBVideo","Stop of PowerDownDevice"
"10-08-2026 18:56:57","202","Information","Microsoft-Windows-USBVideo","Start of PowerDownDevice"
"10-08-2026 18:55:50","230","Information","Microsoft-Windows-USBVideo","PowerIrp_PassiveWakeupCompleted"
"10-08-2026 18:55:50","216","Information","Microsoft-Windows-USBVideo","Stop of PowerIrpCompletion"
"10-08-2026 18:55:50","220","Information","Microsoft-Windows-USBVideo","PowerIrp_CheckingPLFRegistry"
"10-08-2026 18:55:50","215","Information","Microsoft-Windows-USBVideo","Start of PowerIrpCompletion"
"10-08-2026 18:55:50","205","Information","Microsoft-Windows-USBVideo","Stop of StartUSBVideoDevice"
"10-08-2026 18:55:50","204","Information","Microsoft-Windows-USBVideo","Start of StartUSBVideoDevice"
"10-08-2026 18:55:50","214","Information","Microsoft-Windows-USBVideo","ConnectedStandbyHandler_Stop"
"10-08-2026 18:55:50","201","Information","Microsoft-Windows-USBVideo","Stop of PowerUpDevice"
"10-08-2026 18:55:50","200","Information","Microsoft-Windows-USBVideo","Start of PowerUpDevice"
"10-08-2026 18:55:49","216","Information","Microsoft-Windows-USBVideo","Stop of PowerIrpCompletion"
"10-08-2026 18:55:49","215","Information","Microsoft-Windows-USBVideo","Start of PowerIrpCompletion"
"10-08-2026 18:55:49","207","Information","Microsoft-Windows-USBVideo","Stop of StopUSBVideoDevice"
"10-08-2026 18:55:49","206","Information","Microsoft-Windows-USBVideo","Start of StopUSBVideoDevice"
"10-08-2026 18:55:49","213","Information","Microsoft-Windows-USBVideo","ConnectedStandbyHandler_Start"
"10-08-2026 18:55:49","203","Information","Microsoft-Windows-USBVideo","Stop of PowerDownDevice"
"10-08-2026 18:55:49","202","Information","Microsoft-Windows-USBVideo","Start of PowerDownDevice"
"10-08-2026 18:55:49","230","Information","Microsoft-Windows-USBVideo","PowerIrp_PassiveWakeupCompleted"
"10-08-2026 18:55:49","216","Information","Microsoft-Windows-USBVideo","Stop of PowerIrpCompletion"
"10-08-2026 18:55:49","220","Information","Microsoft-Windows-USBVideo","PowerIrp_CheckingPLFRegistry"
"10-08-2026 18:55:49","215","Information","Microsoft-Windows-USBVideo","Start of PowerIrpCompletion"
"10-08-2026 18:55:49","205","Information","Microsoft-Windows-USBVideo","Stop of StartUSBVideoDevice"
"10-08-2026 18:55:49","204","Information","Microsoft-Windows-USBVideo","Start of StartUSBVideoDevice"
"10-08-2026 18:55:49","214","Information","Microsoft-Windows-USBVideo","ConnectedStandbyHandler_Stop"
"10-08-2026 18:55:49","201","Information","Microsoft-Windows-USBVideo","Stop of PowerUpDevice"
"10-08-2026 18:55:49","200","Information","Microsoft-Windows-USBVideo","Start of PowerUpDevice"
"10-08-2026 18:55:48","216","Information","Microsoft-Windows-USBVideo","Stop of PowerIrpCompletion"
"10-08-2026 18:55:48","215","Information","Microsoft-Windows-USBVideo","Start of PowerIrpCompletion"
"10-08-2026 18:55:48","207","Information","Microsoft-Windows-USBVideo","Stop of StopUSBVideoDevice"
"10-08-2026 18:55:48","206","Information","Microsoft-Windows-USBVideo","Start of StopUSBVideoDevice"
"10-08-2026 18:55:48","213","Information","Microsoft-Windows-USBVideo","ConnectedStandbyHandler_Start"
"10-08-2026 18:55:48","203","Information","Microsoft-Windows-USBVideo","Stop of PowerDownDevice"
"10-08-2026 18:55:48","202","Information","Microsoft-Windows-USBVideo","Start of PowerDownDevice"
"10-08-2026 18:50:36","230","Information","Microsoft-Windows-USBVideo","PowerIrp_PassiveWakeupCompleted"
"10-08-2026 18:50:36","216","Information","Microsoft-Windows-USBVideo","Stop of PowerIrpCompletion"
"10-08-2026 18:50:36","220","Information","Microsoft-Windows-USBVideo","PowerIrp_CheckingPLFRegistry"
"10-08-2026 18:50:36","215","Information","Microsoft-Windows-USBVideo","Start of PowerIrpCompletion"
"10-08-2026 18:50:36","205","Information","Microsoft-Windows-USBVideo","Stop of StartUSBVideoDevice"
"10-08-2026 18:50:36","204","Information","Microsoft-Windows-USBVideo","Start of StartUSBVideoDevice"
"10-08-2026 18:50:36","214","Information","Microsoft-Windows-USBVideo","ConnectedStandbyHandler_Stop"
"10-08-2026 18:50:36","201","Information","Microsoft-Windows-USBVideo","Stop of PowerUpDevice"
"10-08-2026 18:50:36","200","Information","Microsoft-Windows-USBVideo","Start of PowerUpDevice"
"10-08-2026 18:50:36","203","Information","Microsoft-Windows-USBVideo","Stop of PowerDownDevice"
"10-08-2026 18:50:36","202","Information","Microsoft-Windows-USBVideo","Start of PowerDownDevice"
"10-08-2026 18:50:36","216","Information","Microsoft-Windows-USBVideo","Stop of PowerIrpCompletion"
"10-08-2026 18:50:36","215","Information","Microsoft-Windows-USBVideo","Start of PowerIrpCompletion"
"10-08-2026 18:50:36","207","Information","Microsoft-Windows-USBVideo","Stop of StopUSBVideoDevice"
"10-08-2026 18:50:36","206","Information","Microsoft-Windows-USBVideo","Start of StopUSBVideoDevice"
"10-08-2026 18:50:36","213","Information","Microsoft-Windows-USBVideo","ConnectedStandbyHandler_Start"
"10-08-2026 18:50:36","203","Information","Microsoft-Windows-USBVideo","Stop of PowerDownDevice"
"10-08-2026 18:50:36","202","Information","Microsoft-Windows-USBVideo","Start of PowerDownDevice"
"10-08-2026 12:21:16","211","Warning","Microsoft-Windows-USBVideo","CaptureEjectAcquireDataFrame: Frame dropped due to error in the data"
"10-08-2026 09:44:28","201","Information","Microsoft-Windows-USBVideo","Stop of PowerUpDevice"
"10-08-2026 09:44:28","200","Information","Microsoft-Windows-USBVideo","Start of PowerUpDevice"
"10-08-2026 09:44:28","230","Information","Microsoft-Windows-USBVideo","PowerIrp_PassiveWakeupCompleted"
"10-08-2026 09:44:28","218","Information","Microsoft-Windows-USBVideo","FilterIrp Completed"
"10-08-2026 09:44:28","218","Information","Microsoft-Windows-USBVideo","FilterIrp Completed"
"10-08-2026 09:44:28","216","Information","Microsoft-Windows-USBVideo","Stop of PowerIrpCompletion"
"10-08-2026 09:44:28","220","Information","Microsoft-Windows-USBVideo","PowerIrp_CheckingPLFRegistry"
"10-08-2026 09:44:28","215","Information","Microsoft-Windows-USBVideo","Start of PowerIrpCompletion"
"10-08-2026 09:44:28","205","Information","Microsoft-Windows-USBVideo","Stop of StartUSBVideoDevice"
"10-08-2026 09:44:28","204","Information","Microsoft-Windows-USBVideo","Start of StartUSBVideoDevice"
"10-08-2026 09:44:28","217","Information","Microsoft-Windows-USBVideo","FilterIrp Pending"
"10-08-2026 09:44:28","201","Information","Microsoft-Windows-USBVideo","Stop of PowerUpDevice"
"10-08-2026 09:44:28","200","Information","Microsoft-Windows-USBVideo","Start of PowerUpDevice"
"10-08-2026 09:40:26","216","Information","Microsoft-Windows-USBVideo","Stop of PowerIrpCompletion"
"10-08-2026 09:40:26","215","Information","Microsoft-Windows-USBVideo","Start of PowerIrpCompletion"
"10-08-2026 09:40:26","207","Information","Microsoft-Windows-USBVideo","Stop of StopUSBVideoDevice"
"10-08-2026 09:40:26","206","Information","Microsoft-Windows-USBVideo","Start of StopUSBVideoDevice"
"10-08-2026 09:40:26","203","Information","Microsoft-Windows-USBVideo","Stop of PowerDownDevice"
"10-08-2026 09:40:26","202","Information","Microsoft-Windows-USBVideo","Start of PowerDownDevice"
"10-08-2026 09:40:26","223","Information","Microsoft-Windows-USBVideo","Stop of RestoreDefaults"
"10-08-2026 09:40:26","222","Information","Microsoft-Windows-USBVideo","Start of RestoreDefaults"
"10-08-2026 09:40:26","230","Information","Microsoft-Windows-USBVideo","PowerIrp_PassiveWakeupCompleted"
"10-08-2026 09:40:26","218","Information","Microsoft-Windows-USBVideo","FilterIrp Completed"
"10-08-2026 09:40:26","218","Information","Microsoft-Windows-USBVideo","FilterIrp Completed"
"10-08-2026 09:40:26","216","Information","Microsoft-Windows-USBVideo","Stop of PowerIrpCompletion"
"10-08-2026 09:40:26","220","Information","Microsoft-Windows-USBVideo","PowerIrp_CheckingPLFRegistry"
"10-08-2026 09:40:26","215","Information","Microsoft-Windows-USBVideo","Start of PowerIrpCompletion"
"10-08-2026 09:40:26","205","Information","Microsoft-Windows-USBVideo","Stop of StartUSBVideoDevice"
"10-08-2026 09:40:26","204","Information","Microsoft-Windows-USBVideo","Start of StartUSBVideoDevice"
"10-08-2026 09:40:26","217","Information","Microsoft-Windows-USBVideo","FilterIrp Pending"
"10-08-2026 09:40:26","201","Information","Microsoft-Windows-USBVideo","Stop of PowerUpDevice"
"10-08-2026 09:40:26","200","Information","Microsoft-Windows-USBVideo","Start of PowerUpDevice"
"10-08-2026 09:35:58","216","Information","Microsoft-Windows-USBVideo","Stop of PowerIrpCompletion"
"10-08-2026 09:35:58","215","Information","Microsoft-Windows-USBVideo","Start of PowerIrpCompletion"
"10-08-2026 09:35:58","207","Information","Microsoft-Windows-USBVideo","Stop of StopUSBVideoDevice"
"10-08-2026 09:35:58","206","Information","Microsoft-Windows-USBVideo","Start of StopUSBVideoDevice"
"10-08-2026 09:35:58","205","Information","Microsoft-Windows-USBVideo","Stop of StartUSBVideoDevice"
"10-08-2026 09:35:58","227","Information","Microsoft-Windows-USBVideo","UsbVideo camera has valid configuration"
"10-08-2026 09:35:58","204","Information","Microsoft-Windows-USBVideo","Start of StartUSBVideoDevice"
"07-08-2026 18:23:42","216","Information","Microsoft-Windows-USBVideo","Stop of PowerIrpCompletion"
"07-08-2026 18:23:42","215","Information","Microsoft-Windows-USBVideo","Start of PowerIrpCompletion"
"07-08-2026 18:23:42","207","Information","Microsoft-Windows-USBVideo","Stop of StopUSBVideoDevice"
"07-08-2026 18:23:42","206","Information","Microsoft-Windows-USBVideo","Start of StopUSBVideoDevice"
"07-08-2026 18:23:42","203","Information","Microsoft-Windows-USBVideo","Stop of PowerDownDevice"
"07-08-2026 18:23:42","202","Information","Microsoft-Windows-USBVideo","Start of PowerDownDevice"
"07-08-2026 18:23:42","223","Information","Microsoft-Windows-USBVideo","Stop of RestoreDefaults"
"07-08-2026 18:23:42","222","Information","Microsoft-Windows-USBVideo","Start of RestoreDefaults"
"07-08-2026 18:23:42","203","Information","Microsoft-Windows-USBVideo","Stop of PowerDownDevice"
"07-08-2026 18:23:42","202","Information","Microsoft-Windows-USBVideo","Start of PowerDownDevice"
"07-08-2026 18:22:40","201","Information","Microsoft-Windows-USBVideo","Stop of PowerUpDevice"
"07-08-2026 18:22:40","200","Information","Microsoft-Windows-USBVideo","Start of PowerUpDevice"
"07-08-2026 18:22:40","230","Information","Microsoft-Windows-USBVideo","PowerIrp_PassiveWakeupCompleted"
"07-08-2026 18:22:40","218","Information","Microsoft-Windows-USBVideo","FilterIrp Completed"
"07-08-2026 18:22:40","218","Information","Microsoft-Windows-USBVideo","FilterIrp Completed"
"07-08-2026 18:22:40","216","Information","Microsoft-Windows-USBVideo","Stop of PowerIrpCompletion"
"07-08-2026 18:22:40","220","Information","Microsoft-Windows-USBVideo","PowerIrp_CheckingPLFRegistry"
"07-08-2026 18:22:40","215","Information","Microsoft-Windows-USBVideo","Start of PowerIrpCompletion"
"07-08-2026 18:22:40","205","Information","Microsoft-Windows-USBVideo","Stop of StartUSBVideoDevice"
"07-08-2026 18:22:40","204","Information","Microsoft-Windows-USBVideo","Start of StartUSBVideoDevice"
"07-08-2026 18:22:40","217","Information","Microsoft-Windows-USBVideo","FilterIrp Pending"
"07-08-2026 18:22:40","201","Information","Microsoft-Windows-USBVideo","Stop of PowerUpDevice"
"07-08-2026 18:22:40","200","Information","Microsoft-Windows-USBVideo","Start of PowerUpDevice"
"07-08-2026 18:22:03","216","Information","Microsoft-Windows-USBVideo","Stop of PowerIrpCompletion"
"07-08-2026 18:22:03","215","Information","Microsoft-Windows-USBVideo","Start of PowerIrpCompletion"
"07-08-2026 18:22:03","207","Information","Microsoft-Windows-USBVideo","Stop of StopUSBVideoDevice"
"07-08-2026 18:22:03","206","Information","Microsoft-Windows-USBVideo","Start of StopUSBVideoDevice"
"07-08-2026 18:22:03","203","Information","Microsoft-Windows-USBVideo","Stop of PowerDownDevice"
"07-08-2026 18:22:03","202","Information","Microsoft-Windows-USBVideo","Start of PowerDownDevice"
"07-08-2026 18:22:03","223","Information","Microsoft-Windows-USBVideo","Stop of RestoreDefaults"
"07-08-2026 18:22:03","222","Information","Microsoft-Windows-USBVideo","Start of RestoreDefaults"
"07-08-2026 18:22:03","203","Information","Microsoft-Windows-USBVideo","Stop of PowerDownDevice"
"07-08-2026 18:22:03","202","Information","Microsoft-Windows-USBVideo","Start of PowerDownDevice"
"07-08-2026 18:18:36","201","Information","Microsoft-Windows-USBVideo","Stop of PowerUpDevice"
"07-08-2026 18:18:36","200","Information","Microsoft-Windows-USBVideo","Start of PowerUpDevice"
"07-08-2026 18:18:36","230","Information","Microsoft-Windows-USBVideo","PowerIrp_PassiveWakeupCompleted"
"07-08-2026 18:18:36","218","Information","Microsoft-Windows-USBVideo","FilterIrp Completed"
"07-08-2026 18:18:36","218","Information","Microsoft-Windows-USBVideo","FilterIrp Completed"
"07-08-2026 18:18:36","216","Information","Microsoft-Windows-USBVideo","Stop of PowerIrpCompletion"
"07-08-2026 18:18:36","220","Information","Microsoft-Windows-USBVideo","PowerIrp_CheckingPLFRegistry"
"07-08-2026 18:18:36","215","Information","Microsoft-Windows-USBVideo","Start of PowerIrpCompletion"
"07-08-2026 18:18:36","205","Information","Microsoft-Windows-USBVideo","Stop of StartUSBVideoDevice"
"07-08-2026 18:18:36","204","Information","Microsoft-Windows-USBVideo","Start of StartUSBVideoDevice"
"07-08-2026 18:18:36","217","Information","Microsoft-Windows-USBVideo","FilterIrp Pending"
"07-08-2026 18:18:36","201","Information","Microsoft-Windows-USBVideo","Stop of PowerUpDevice"
"07-08-2026 18:18:36","200","Information","Microsoft-Windows-USBVideo","Start of PowerUpDevice"
"07-08-2026 18:18:09","216","Information","Microsoft-Windows-USBVideo","Stop of PowerIrpCompletion"
"07-08-2026 18:18:09","215","Information","Microsoft-Windows-USBVideo","Start of PowerIrpCompletion"
"07-08-2026 18:18:09","207","Information","Microsoft-Windows-USBVideo","Stop of StopUSBVideoDevice"
"07-08-2026 18:18:09","206","Information","Microsoft-Windows-USBVideo","Start of StopUSBVideoDevice"
"07-08-2026 18:18:09","203","Information","Microsoft-Windows-USBVideo","Stop of PowerDownDevice"
"07-08-2026 18:18:09","202","Information","Microsoft-Windows-USBVideo","Start of PowerDownDevice"
"07-08-2026 18:18:09","223","Information","Microsoft-Windows-USBVideo","Stop of RestoreDefaults"
"07-08-2026 18:18:09","222","Information","Microsoft-Windows-USBVideo","Start of RestoreDefaults"
"07-08-2026 12:01:33","203","Information","Microsoft-Windows-USBVideo","Stop of PowerDownDevice"
"07-08-2026 12:01:33","202","Information","Microsoft-Windows-USBVideo","Start of PowerDownDevice"
"07-08-2026 12:01:32","201","Information","Microsoft-Windows-USBVideo","Stop of PowerUpDevice"
"07-08-2026 12:01:32","200","Information","Microsoft-Windows-USBVideo","Start of PowerUpDevice"
"07-08-2026 09:18:47","203","Information","Microsoft-Windows-USBVideo","Stop of PowerDownDevice"
"07-08-2026 09:18:47","202","Information","Microsoft-Windows-USBVideo","Start of PowerDownDevice"
"07-08-2026 09:18:47","201","Information","Microsoft-Windows-USBVideo","Stop of PowerUpDevice"
"07-08-2026 09:18:47","200","Information","Microsoft-Windows-USBVideo","Start of PowerUpDevice"
"07-08-2026 09:16:33","205","Information","Microsoft-Windows-USBVideo","Stop of StartUSBVideoDevice"
"07-08-2026 09:16:33","204","Information","Microsoft-Windows-USBVideo","Start of StartUSBVideoDevice"
"07-08-2026 04:02:22","207","Information","Microsoft-Windows-USBVideo","Stop of StopUSBVideoDevice"
"07-08-2026 04:02:22","206","Information","Microsoft-Windows-USBVideo","Start of StopUSBVideoDevice"
"07-08-2026 04:02:00","230","Information","Microsoft-Windows-USBVideo","PowerIrp_PassiveWakeupCompleted"
"07-08-2026 04:02:00","216","Information","Microsoft-Windows-USBVideo","Stop of PowerIrpCompletion"
"07-08-2026 04:02:00","220","Information","Microsoft-Windows-USBVideo","PowerIrp_CheckingPLFRegistry"
"07-08-2026 04:02:00","215","Information","Microsoft-Windows-USBVideo","Start of PowerIrpCompletion"
"07-08-2026 04:02:00","205","Information","Microsoft-Windows-USBVideo","Stop of StartUSBVideoDevice"
"07-08-2026 04:02:00","204","Information","Microsoft-Windows-USBVideo","Start of StartUSBVideoDevice"
"07-08-2026 04:01:59","214","Information","Microsoft-Windows-USBVideo","ConnectedStandbyHandler_Stop"
"07-08-2026 04:01:59","201","Information","Microsoft-Windows-USBVideo","Stop of PowerUpDevice"
"07-08-2026 04:01:59","200","Information","Microsoft-Windows-USBVideo","Start of PowerUpDevice"
"06-08-2026 19:03:16","216","Information","Microsoft-Windows-USBVideo","Stop of PowerIrpCompletion"
"06-08-2026 19:03:16","215","Information","Microsoft-Windows-USBVideo","Start of PowerIrpCompletion"
"06-08-2026 19:03:16","207","Information","Microsoft-Windows-USBVideo","Stop of StopUSBVideoDevice"
"06-08-2026 19:03:16","206","Information","Microsoft-Windows-USBVideo","Start of StopUSBVideoDevice"
"06-08-2026 19:03:16","213","Information","Microsoft-Windows-USBVideo","ConnectedStandbyHandler_Start"
"06-08-2026 19:03:16","203","Information","Microsoft-Windows-USBVideo","Stop of PowerDownDevice"
"06-08-2026 19:03:16","202","Information","Microsoft-Windows-USBVideo","Start of PowerDownDevice"
"06-08-2026 19:03:12","216","Information","Microsoft-Windows-USBVideo","Stop of PowerIrpCompletion"
"06-08-2026 19:03:12","230","Information","Microsoft-Windows-USBVideo","PowerIrp_PassiveWakeupCompleted"
"06-08-2026 19:03:12","220","Information","Microsoft-Windows-USBVideo","PowerIrp_CheckingPLFRegistry"
"06-08-2026 19:03:12","215","Information","Microsoft-Windows-USBVideo","Start of PowerIrpCompletion"
"06-08-2026 19:03:12","205","Information","Microsoft-Windows-USBVideo","Stop of StartUSBVideoDevice"
"06-08-2026 19:03:12","204","Information","Microsoft-Windows-USBVideo","Start of StartUSBVideoDevice"
"06-08-2026 19:03:11","214","Information","Microsoft-Windows-USBVideo","ConnectedStandbyHandler_Stop"
"06-08-2026 19:03:11","201","Information","Microsoft-Windows-USBVideo","Stop of PowerUpDevice"
"06-08-2026 19:03:11","200","Information","Microsoft-Windows-USBVideo","Start of PowerUpDevice"
"06-08-2026 19:02:53","216","Information","Microsoft-Windows-USBVideo","Stop of PowerIrpCompletion"
"06-08-2026 19:02:53","215","Information","Microsoft-Windows-USBVideo","Start of PowerIrpCompletion"
"06-08-2026 19:02:53","207","Information","Microsoft-Windows-USBVideo","Stop of StopUSBVideoDevice"
"06-08-2026 19:02:53","206","Information","Microsoft-Windows-USBVideo","Start of StopUSBVideoDevice"
"06-08-2026 19:02:53","213","Information","Microsoft-Windows-USBVideo","ConnectedStandbyHandler_Start"
"06-08-2026 19:02:53","203","Information","Microsoft-Windows-USBVideo","Stop of PowerDownDevice"
"06-08-2026 19:02:53","202","Information","Microsoft-Windows-USBVideo","Start of PowerDownDevice"
"06-08-2026 19:02:48","230","Information","Microsoft-Windows-USBVideo","PowerIrp_PassiveWakeupCompleted"
"06-08-2026 19:02:48","216","Information","Microsoft-Windows-USBVideo","Stop of PowerIrpCompletion"
"06-08-2026 19:02:48","220","Information","Microsoft-Windows-USBVideo","PowerIrp_CheckingPLFRegistry"
"06-08-2026 19:02:48","215","Information","Microsoft-Windows-USBVideo","Start of PowerIrpCompletion"
"06-08-2026 19:02:48","205","Information","Microsoft-Windows-USBVideo","Stop of StartUSBVideoDevice"
"06-08-2026 19:02:48","204","Information","Microsoft-Windows-USBVideo","Start of StartUSBVideoDevice"
"06-08-2026 19:02:48","214","Information","Microsoft-Windows-USBVideo","ConnectedStandbyHandler_Stop"
"06-08-2026 19:02:48","201","Information","Microsoft-Windows-USBVideo","Stop of PowerUpDevice"
"06-08-2026 19:02:48","200","Information","Microsoft-Windows-USBVideo","Start of PowerUpDevice"
"06-08-2026 19:02:48","216","Information","Microsoft-Windows-USBVideo","Stop of PowerIrpCompletion"
"06-08-2026 19:02:48","215","Information","Microsoft-Windows-USBVideo","Start of PowerIrpCompletion"
"06-08-2026 19:02:48","207","Information","Microsoft-Windows-USBVideo","Stop of StopUSBVideoDevice"
"06-08-2026 19:02:48","206","Information","Microsoft-Windows-USBVideo","Start of StopUSBVideoDevice"
"06-08-2026 19:02:48","213","Information","Microsoft-Windows-USBVideo","ConnectedStandbyHandler_Start"
"06-08-2026 19:02:48","203","Information","Microsoft-Windows-USBVideo","Stop of PowerDownDevice"
"06-08-2026 19:02:48","202","Information","Microsoft-Windows-USBVideo","Start of PowerDownDevice"
"06-08-2026 19:01:04","230","Information","Microsoft-Windows-USBVideo","PowerIrp_PassiveWakeupCompleted"
"06-08-2026 19:01:04","216","Information","Microsoft-Windows-USBVideo","Stop of PowerIrpCompletion"
"06-08-2026 19:01:04","220","Information","Microsoft-Windows-USBVideo","PowerIrp_CheckingPLFRegistry"
"06-08-2026 19:01:04","215","Information","Microsoft-Windows-USBVideo","Start of PowerIrpCompletion"
"06-08-2026 19:01:04","205","Information","Microsoft-Windows-USBVideo","Stop of StartUSBVideoDevice"
"06-08-2026 19:01:04","204","Information","Microsoft-Windows-USBVideo","Start of StartUSBVideoDevice"
"06-08-2026 19:01:04","214","Information","Microsoft-Windows-USBVideo","ConnectedStandbyHandler_Stop"
"06-08-2026 19:01:04","201","Information","Microsoft-Windows-USBVideo","Stop of PowerUpDevice"
"06-08-2026 19:01:04","200","Information","Microsoft-Windows-USBVideo","Start of PowerUpDevice"
"06-08-2026 19:01:02","216","Information","Microsoft-Windows-USBVideo","Stop of PowerIrpCompletion"
"06-08-2026 19:01:02","215","Information","Microsoft-Windows-USBVideo","Start of PowerIrpCompletion"
"06-08-2026 19:01:02","207","Information","Microsoft-Windows-USBVideo","Stop of StopUSBVideoDevice"
"06-08-2026 19:01:02","206","Information","Microsoft-Windows-USBVideo","Start of StopUSBVideoDevice"
"06-08-2026 19:01:02","213","Information","Microsoft-Windows-USBVideo","ConnectedStandbyHandler_Start"
"06-08-2026 19:01:02","203","Information","Microsoft-Windows-USBVideo","Stop of PowerDownDevice"
"06-08-2026 19:01:02","202","Information","Microsoft-Windows-USBVideo","Start of PowerDownDevice"
"06-08-2026 19:00:01","203","Information","Microsoft-Windows-USBVideo","Stop of PowerDownDevice"
"06-08-2026 19:00:01","202","Information","Microsoft-Windows-USBVideo","Start of PowerDownDevice"
"06-08-2026 19:00:01","201","Information","Microsoft-Windows-USBVideo","Stop of PowerUpDevice"
"06-08-2026 19:00:01","200","Information","Microsoft-Windows-USBVideo","Start of PowerUpDevice"
"06-08-2026 19:00:01","203","Information","Microsoft-Windows-USBVideo","Stop of PowerDownDevice"
"06-08-2026 19:00:01","202","Information","Microsoft-Windows-USBVideo","Start of PowerDownDevice"
"06-08-2026 17:37:53","201","Information","Microsoft-Windows-USBVideo","Stop of PowerUpDevice"
"06-08-2026 17:37:53","200","Information","Microsoft-Windows-USBVideo","Start of PowerUpDevice"
"06-08-2026 16:33:14","203","Information","Microsoft-Windows-USBVideo","Stop of PowerDownDevice"
"06-08-2026 16:33:14","202","Information","Microsoft-Windows-USBVideo","Start of PowerDownDevice"
"06-08-2026 16:33:14","201","Information","Microsoft-Windows-USBVideo","Stop of PowerUpDevice"
"06-08-2026 16:33:14","200","Information","Microsoft-Windows-USBVideo","Start of PowerUpDevice"
"06-08-2026 16:33:14","203","Information","Microsoft-Windows-USBVideo","Stop of PowerDownDevice"
"06-08-2026 16:33:14","202","Information","Microsoft-Windows-USBVideo","Start of PowerDownDevice"
"06-08-2026 16:31:10","201","Information","Microsoft-Windows-USBVideo","Stop of PowerUpDevice"
"06-08-2026 16:31:10","200","Information","Microsoft-Windows-USBVideo","Start of PowerUpDevice"
"06-08-2026 12:01:46","203","Information","Microsoft-Windows-USBVideo","Stop of PowerDownDevice"
"06-08-2026 12:01:46","202","Information","Microsoft-Windows-USBVideo","Start of PowerDownDevice"
"06-08-2026 12:01:46","201","Information","Microsoft-Windows-USBVideo","Stop of PowerUpDevice"
"06-08-2026 12:01:46","200","Information","Microsoft-Windows-USBVideo","Start of PowerUpDevice"
"06-08-2026 11:54:50","203","Information","Microsoft-Windows-USBVideo","Stop of PowerDownDevice"
"06-08-2026 11:54:50","202","Information","Microsoft-Windows-USBVideo","Start of PowerDownDevice"
"06-08-2026 11:54:50","201","Information","Microsoft-Windows-USBVideo","Stop of PowerUpDevice"
"06-08-2026 11:54:50","200","Information","Microsoft-Windows-USBVideo","Start of PowerUpDevice"
"06-08-2026 11:54:48","203","Information","Microsoft-Windows-USBVideo","Stop of PowerDownDevice"
"06-08-2026 11:54:48","202","Information","Microsoft-Windows-USBVideo","Start of PowerDownDevice"
"06-08-2026 11:54:48","201","Information","Microsoft-Windows-USBVideo","Stop of PowerUpDevice"
"06-08-2026 11:54:48","200","Information","Microsoft-Windows-USBVideo","Start of PowerUpDevice"
"06-08-2026 08:57:23","203","Information","Microsoft-Windows-USBVideo","Stop of PowerDownDevice"
"06-08-2026 08:57:23","202","Information","Microsoft-Windows-USBVideo","Start of PowerDownDevice"
"06-08-2026 08:57:23","201","Information","Microsoft-Windows-USBVideo","Stop of PowerUpDevice"
"06-08-2026 08:57:23","200","Information","Microsoft-Windows-USBVideo","Start of PowerUpDevice"
"06-08-2026 08:54:46","205","Information","Microsoft-Windows-USBVideo","Stop of StartUSBVideoDevice"
"06-08-2026 08:54:46","204","Information","Microsoft-Windows-USBVideo","Start of StartUSBVideoDevice"
"06-08-2026 05:13:31","207","Information","Microsoft-Windows-USBVideo","Stop of StopUSBVideoDevice"
