"TimeCreated","Id","LevelDisplayName","ProviderName","Message"
"19-08-2026 09:59:05","2153","Information","Microsoft-Windows-ShellCommon-StartLayoutPopulation","Install completed for package:Microsoft.WindowsAppRuntime.2_8wekyb3d8bbwe with state: 4."
"19-08-2026 09:58:05","2152","Information","Microsoft-Windows-ShellCommon-StartLayoutPopulation","Install progress state changed for package:Microsoft.WindowsAppRuntime.2_8wekyb3d8bbwe to state:0."
"19-08-2026 09:58:05","2152","Information","Microsoft-Windows-ShellCommon-StartLayoutPopulation","Install progress state changed for package:Microsoft.WindowsAppRuntime.2_8wekyb3d8bbwe to state:0."
"18-08-2026 10:40:54","2153","Information","Microsoft-Windows-ShellCommon-StartLayoutPopulation","Install completed for package:Microsoft.WindowsAppRuntime.2_8wekyb3d8bbwe with state: 4."
"18-08-2026 10:40:14","2152","Information","Microsoft-Windows-ShellCommon-StartLayoutPopulation","Install progress state changed for package:Microsoft.WindowsAppRuntime.2_8wekyb3d8bbwe to state:0."
"18-08-2026 10:40:13","2152","Information","Microsoft-Windows-ShellCommon-StartLayoutPopulation","Install progress state changed for package:Microsoft.WindowsAppRuntime.2_8wekyb3d8bbwe to state:0."
"17-08-2026 09:46:24","2153","Information","Microsoft-Windows-ShellCommon-StartLayoutPopulation","Install completed for package:Microsoft.WindowsAppRuntime.2_8wekyb3d8bbwe with state: 4."
"17-08-2026 09:46:14","2152","Information","Microsoft-Windows-ShellCommon-StartLayoutPopulation","Install progress state changed for package:Microsoft.WindowsAppRuntime.2_8wekyb3d8bbwe to state:0."
"17-08-2026 09:46:14","2152","Information","Microsoft-Windows-ShellCommon-StartLayoutPopulation","Install progress state changed for package:Microsoft.WindowsAppRuntime.2_8wekyb3d8bbwe to state:0."
"17-08-2026 09:45:56","2153","Information","Microsoft-Windows-ShellCommon-StartLayoutPopulation","Install completed for package:Microsoft.WindowsAppRuntime.2_8wekyb3d8bbwe with state: 4."
"17-08-2026 09:45:37","2152","Information","Microsoft-Windows-ShellCommon-StartLayoutPopulation","Install progress state changed for package:Microsoft.WindowsAppRuntime.2_8wekyb3d8bbwe to state:0."
"17-08-2026 09:45:37","2152","Information","Microsoft-Windows-ShellCommon-StartLayoutPopulation","Install progress state changed for package:Microsoft.WindowsAppRuntime.2_8wekyb3d8bbwe to state:0."
"13-08-2026 09:16:52","2153","Information","Microsoft-Windows-ShellCommon-StartLayoutPopulation","Install completed for package:Microsoft.WindowsAppRuntime.2_8wekyb3d8bbwe with state: 4."
"13-08-2026 09:16:18","2152","Information","Microsoft-Windows-ShellCommon-StartLayoutPopulation","Install progress state changed for package:Microsoft.WindowsAppRuntime.2_8wekyb3d8bbwe to state:0."
"13-08-2026 09:16:18","2152","Information","Microsoft-Windows-ShellCommon-StartLayoutPopulation","Install progress state changed for package:Microsoft.WindowsAppRuntime.2_8wekyb3d8bbwe to state:0."
"12-08-2026 09:48:14","2153","Information","Microsoft-Windows-ShellCommon-StartLayoutPopulation","Install completed for package:Microsoft.WindowsAppRuntime.2_8wekyb3d8bbwe with state: 4."
"12-08-2026 09:47:10","2152","Information","Microsoft-Windows-ShellCommon-StartLayoutPopulation","Install progress state changed for package:Microsoft.WindowsAppRuntime.2_8wekyb3d8bbwe to state:0."
"12-08-2026 09:47:10","2152","Information","Microsoft-Windows-ShellCommon-StartLayoutPopulation","Install progress state changed for package:Microsoft.WindowsAppRuntime.2_8wekyb3d8bbwe to state:0."
"12-08-2026 08:56:40","2153","Information","Microsoft-Windows-ShellCommon-StartLayoutPopulation","Install completed for package:Microsoft.WindowsAppRuntime.2_8wekyb3d8bbwe with state: 4."
"12-08-2026 08:55:58","2152","Information","Microsoft-Windows-ShellCommon-StartLayoutPopulation","Install progress state changed for package:Microsoft.WindowsAppRuntime.2_8wekyb3d8bbwe to state:0."
"12-08-2026 08:55:58","2152","Information","Microsoft-Windows-ShellCommon-StartLayoutPopulation","Install progress state changed for package:Microsoft.WindowsAppRuntime.2_8wekyb3d8bbwe to state:0."
"11-08-2026 09:11:43","2153","Information","Microsoft-Windows-ShellCommon-StartLayoutPopulation","Install completed for package:Microsoft.WindowsAppRuntime.2_8wekyb3d8bbwe with state: 4."
"11-08-2026 09:11:31","2152","Information","Microsoft-Windows-ShellCommon-StartLayoutPopulation","Install progress state changed for package:Microsoft.WindowsAppRuntime.2_8wekyb3d8bbwe to state:0."
"11-08-2026 09:11:31","2152","Information","Microsoft-Windows-ShellCommon-StartLayoutPopulation","Install progress state changed for package:Microsoft.WindowsAppRuntime.2_8wekyb3d8bbwe to state:0."
"10-08-2026 09:49:26","2153","Information","Microsoft-Windows-ShellCommon-StartLayoutPopulation","Install completed for package:Microsoft.WindowsAppRuntime.2_8wekyb3d8bbwe with state: 4."
"10-08-2026 09:49:17","2152","Information","Microsoft-Windows-ShellCommon-StartLayoutPopulation","Install progress state changed for package:Microsoft.WindowsAppRuntime.2_8wekyb3d8bbwe to state:0."
"10-08-2026 09:49:17","2152","Information","Microsoft-Windows-ShellCommon-StartLayoutPopulation","Install progress state changed for package:Microsoft.WindowsAppRuntime.2_8wekyb3d8bbwe to state:0."
"10-08-2026 09:48:30","2153","Information","Microsoft-Windows-ShellCommon-StartLayoutPopulation","Install completed for package:Microsoft.WindowsAppRuntime.2_8wekyb3d8bbwe with state: 4."
"10-08-2026 09:48:08","2152","Information","Microsoft-Windows-ShellCommon-StartLayoutPopulation","Install progress state changed for package:Microsoft.WindowsAppRuntime.2_8wekyb3d8bbwe to state:0."
"10-08-2026 09:48:08","2152","Information","Microsoft-Windows-ShellCommon-StartLayoutPopulation","Install progress state changed for package:Microsoft.WindowsAppRuntime.2_8wekyb3d8bbwe to state:0."
"05-08-2026 10:41:33","2153","Information","Microsoft-Windows-ShellCommon-StartLayoutPopulation","Install completed for package:Microsoft.WindowsAppRuntime.2_8wekyb3d8bbwe with state: 4."
"05-08-2026 10:41:23","2152","Information","Microsoft-Windows-ShellCommon-StartLayoutPopulation","Install progress state changed for package:Microsoft.WindowsAppRuntime.2_8wekyb3d8bbwe to state:0."
"05-08-2026 10:41:23","2152","Information","Microsoft-Windows-ShellCommon-StartLayoutPopulation","Install progress state changed for package:Microsoft.WindowsAppRuntime.2_8wekyb3d8bbwe to state:0."
"05-08-2026 09:40:32","2153","Information","Microsoft-Windows-ShellCommon-StartLayoutPopulation","Install completed for package:Microsoft.WindowsAppRuntime.2_8wekyb3d8bbwe with state: 4."
"05-08-2026 09:40:17","2152","Information","Microsoft-Windows-ShellCommon-StartLayoutPopulation","Install progress state changed for package:Microsoft.WindowsAppRuntime.2_8wekyb3d8bbwe to state:0."
"05-08-2026 09:40:17","2152","Information","Microsoft-Windows-ShellCommon-StartLayoutPopulation","Install progress state changed for package:Microsoft.WindowsAppRuntime.2_8wekyb3d8bbwe to state:0."
"03-08-2026 09:43:36","2153","Information","Microsoft-Windows-ShellCommon-StartLayoutPopulation","Install completed for package:Microsoft.WindowsAppRuntime.2_8wekyb3d8bbwe with state: 4."
"03-08-2026 09:43:02","2152","Information","Microsoft-Windows-ShellCommon-StartLayoutPopulation","Install progress state changed for package:Microsoft.WindowsAppRuntime.2_8wekyb3d8bbwe to state:0."
"03-08-2026 09:43:02","2152","Information","Microsoft-Windows-ShellCommon-StartLayoutPopulation","Install progress state changed for package:Microsoft.WindowsAppRuntime.2_8wekyb3d8bbwe to state:0."
"30-07-2026 09:39:11","2153","Information","Microsoft-Windows-ShellCommon-StartLayoutPopulation","Install completed for package:Microsoft.WindowsAppRuntime.2_8wekyb3d8bbwe with state: 4."
"30-07-2026 09:38:58","2152","Information","Microsoft-Windows-ShellCommon-StartLayoutPopulation","Install progress state changed for package:Microsoft.WindowsAppRuntime.2_8wekyb3d8bbwe to state:0."
"30-07-2026 09:38:58","2152","Information","Microsoft-Windows-ShellCommon-StartLayoutPopulation","Install progress state changed for package:Microsoft.WindowsAppRuntime.2_8wekyb3d8bbwe to state:0."
"29-07-2026 13:13:03","2153","Information","Microsoft-Windows-ShellCommon-StartLayoutPopulation","Install completed for package:Microsoft.WindowsAppRuntime.2_8wekyb3d8bbwe with state: 4."
"29-07-2026 13:12:40","2152","Information","Microsoft-Windows-ShellCommon-StartLayoutPopulation","Install progress state changed for package:Microsoft.WindowsAppRuntime.2_8wekyb3d8bbwe to state:0."
"29-07-2026 13:12:40","2152","Information","Microsoft-Windows-ShellCommon-StartLayoutPopulation","Install progress state changed for package:Microsoft.WindowsAppRuntime.2_8wekyb3d8bbwe to state:0."
"29-07-2026 09:27:21","2153","Information","Microsoft-Windows-ShellCommon-StartLayoutPopulation","Install completed for package:Microsoft.WindowsAppRuntime.2_8wekyb3d8bbwe with state: 4."
"29-07-2026 09:27:04","2152","Information","Microsoft-Windows-ShellCommon-StartLayoutPopulation","Install progress state changed for package:Microsoft.WindowsAppRuntime.2_8wekyb3d8bbwe to state:0."
"29-07-2026 09:27:04","2152","Information","Microsoft-Windows-ShellCommon-StartLayoutPopulation","Install progress state changed for package:Microsoft.WindowsAppRuntime.2_8wekyb3d8bbwe to state:0."
"28-07-2026 09:26:00","2153","Information","Microsoft-Windows-ShellCommon-StartLayoutPopulation","Install completed for package:Microsoft.WindowsAppRuntime.2_8wekyb3d8bbwe with state: 4."
"28-07-2026 09:25:27","2152","Information","Microsoft-Windows-ShellCommon-StartLayoutPopulation","Install progress state changed for package:Microsoft.WindowsAppRuntime.2_8wekyb3d8bbwe to state:0."
"28-07-2026 09:25:27","2152","Information","Microsoft-Windows-ShellCommon-StartLayoutPopulation","Install progress state changed for package:Microsoft.WindowsAppRuntime.2_8wekyb3d8bbwe to state:0."
"27-07-2026 09:20:11","2153","Information","Microsoft-Windows-ShellCommon-StartLayoutPopulation","Install completed for package:Microsoft.WindowsAppRuntime.2_8wekyb3d8bbwe with state: 4."
"27-07-2026 09:20:02","2152","Information","Microsoft-Windows-ShellCommon-StartLayoutPopulation","Install progress state changed for package:Microsoft.WindowsAppRuntime.2_8wekyb3d8bbwe to state:0."
"27-07-2026 09:20:02","2152","Information","Microsoft-Windows-ShellCommon-StartLayoutPopulation","Install progress state changed for package:Microsoft.WindowsAppRuntime.2_8wekyb3d8bbwe to state:0."
"27-07-2026 09:19:36","2153","Information","Microsoft-Windows-ShellCommon-StartLayoutPopulation","Install completed for package:Microsoft.WindowsAppRuntime.2_8wekyb3d8bbwe with state: 4."
"27-07-2026 09:19:21","2152","Information","Microsoft-Windows-ShellCommon-StartLayoutPopulation","Install progress state changed for package:Microsoft.WindowsAppRuntime.2_8wekyb3d8bbwe to state:0."
"27-07-2026 09:19:21","2152","Information","Microsoft-Windows-ShellCommon-StartLayoutPopulation","Install progress state changed for package:Microsoft.WindowsAppRuntime.2_8wekyb3d8bbwe to state:0."
"23-07-2026 09:54:43","2153","Information","Microsoft-Windows-ShellCommon-StartLayoutPopulation","Install completed for package:Microsoft.WindowsAppRuntime.2_8wekyb3d8bbwe with state: 4."
"23-07-2026 09:54:29","2152","Information","Microsoft-Windows-ShellCommon-StartLayoutPopulation","Install progress state changed for package:Microsoft.WindowsAppRuntime.2_8wekyb3d8bbwe to state:0."
"23-07-2026 09:54:29","2152","Information","Microsoft-Windows-ShellCommon-StartLayoutPopulation","Install progress state changed for package:Microsoft.WindowsAppRuntime.2_8wekyb3d8bbwe to state:0."
"23-07-2026 09:46:37","2153","Information","Microsoft-Windows-ShellCommon-StartLayoutPopulation","Install completed for package:Microsoft.WindowsAppRuntime.2_8wekyb3d8bbwe with state: 4."
"23-07-2026 09:46:18","2152","Information","Microsoft-Windows-ShellCommon-StartLayoutPopulation","Install progress state changed for package:Microsoft.WindowsAppRuntime.2_8wekyb3d8bbwe to state:0."
"23-07-2026 09:46:18","2152","Information","Microsoft-Windows-ShellCommon-StartLayoutPopulation","Install progress state changed for package:Microsoft.WindowsAppRuntime.2_8wekyb3d8bbwe to state:0."
"21-07-2026 08:49:06","2153","Information","Microsoft-Windows-ShellCommon-StartLayoutPopulation","Install completed for package:Microsoft.WindowsAppRuntime.2_8wekyb3d8bbwe with state: 4."
"21-07-2026 08:48:45","2152","Information","Microsoft-Windows-ShellCommon-StartLayoutPopulation","Install progress state changed for package:Microsoft.WindowsAppRuntime.2_8wekyb3d8bbwe to state:0."
"21-07-2026 08:48:45","2152","Information","Microsoft-Windows-ShellCommon-StartLayoutPopulation","Install progress state changed for package:Microsoft.WindowsAppRuntime.2_8wekyb3d8bbwe to state:0."
"21-07-2026 08:43:19","2152","Information","Microsoft-Windows-ShellCommon-StartLayoutPopulation","Install progress state changed for package:Microsoft.WindowsAppRuntime.2_8wekyb3d8bbwe to state:0."
"21-07-2026 08:43:19","2152","Information","Microsoft-Windows-ShellCommon-StartLayoutPopulation","Install progress state changed for package:Microsoft.WindowsAppRuntime.2_8wekyb3d8bbwe to state:0."
"20-07-2026 10:10:33","2153","Information","Microsoft-Windows-ShellCommon-StartLayoutPopulation","Install completed for package:Microsoft.WindowsAppRuntime.2_8wekyb3d8bbwe with state: 4."
"20-07-2026 10:10:21","2152","Information","Microsoft-Windows-ShellCommon-StartLayoutPopulation","Install progress state changed for package:Microsoft.WindowsAppRuntime.2_8wekyb3d8bbwe to state:0."
"20-07-2026 10:10:21","2152","Information","Microsoft-Windows-ShellCommon-StartLayoutPopulation","Install progress state changed for package:Microsoft.WindowsAppRuntime.2_8wekyb3d8bbwe to state:0."
"20-07-2026 10:09:47","2153","Information","Microsoft-Windows-ShellCommon-StartLayoutPopulation","Install completed for package:Microsoft.WindowsAppRuntime.2_8wekyb3d8bbwe with state: 4."
"20-07-2026 10:09:31","2152","Information","Microsoft-Windows-ShellCommon-StartLayoutPopulation","Install progress state changed for package:Microsoft.WindowsAppRuntime.2_8wekyb3d8bbwe to state:0."
"20-07-2026 10:09:31","2152","Information","Microsoft-Windows-ShellCommon-StartLayoutPopulation","Install progress state changed for package:Microsoft.WindowsAppRuntime.2_8wekyb3d8bbwe to state:0."
"15-07-2026 13:23:03","2153","Information","Microsoft-Windows-ShellCommon-StartLayoutPopulation","Install completed for package:Microsoft.WindowsAppRuntime.2_8wekyb3d8bbwe with state: 4."
"15-07-2026 13:22:52","2152","Information","Microsoft-Windows-ShellCommon-StartLayoutPopulation","Install progress state changed for package:Microsoft.WindowsAppRuntime.2_8wekyb3d8bbwe to state:0."
"15-07-2026 13:22:52","2152","Information","Microsoft-Windows-ShellCommon-StartLayoutPopulation","Install progress state changed for package:Microsoft.WindowsAppRuntime.2_8wekyb3d8bbwe to state:0."
"13-07-2026 10:04:42","2153","Information","Microsoft-Windows-ShellCommon-StartLayoutPopulation","Install completed for package:Microsoft.WindowsAppRuntime.2_8wekyb3d8bbwe with state: 4."
"13-07-2026 10:04:34","2152","Information","Microsoft-Windows-ShellCommon-StartLayoutPopulation","Install progress state changed for package:Microsoft.WindowsAppRuntime.2_8wekyb3d8bbwe to state:0."
"13-07-2026 10:04:34","2152","Information","Microsoft-Windows-ShellCommon-StartLayoutPopulation","Install progress state changed for package:Microsoft.WindowsAppRuntime.2_8wekyb3d8bbwe to state:0."
"11-07-2026 17:22:11","2153","Information","Microsoft-Windows-ShellCommon-StartLayoutPopulation","Install completed for package:Microsoft.WindowsAppRuntime.2_8wekyb3d8bbwe with state: 4."
"11-07-2026 17:21:48","2152","Information","Microsoft-Windows-ShellCommon-StartLayoutPopulation","Install progress state changed for package:Microsoft.WindowsAppRuntime.2_8wekyb3d8bbwe to state:0."
"11-07-2026 17:21:48","2152","Information","Microsoft-Windows-ShellCommon-StartLayoutPopulation","Install progress state changed for package:Microsoft.WindowsAppRuntime.2_8wekyb3d8bbwe to state:0."
"11-07-2026 09:12:54","2153","Information","Microsoft-Windows-ShellCommon-StartLayoutPopulation","Install completed for package:Microsoft.WindowsAppRuntime.2_8wekyb3d8bbwe with state: 4."
"11-07-2026 09:12:44","2152","Information","Microsoft-Windows-ShellCommon-StartLayoutPopulation","Install progress state changed for package:Microsoft.WindowsAppRuntime.2_8wekyb3d8bbwe to state:0."
"11-07-2026 09:12:44","2152","Information","Microsoft-Windows-ShellCommon-StartLayoutPopulation","Install progress state changed for package:Microsoft.WindowsAppRuntime.2_8wekyb3d8bbwe to state:0."
"09-07-2026 09:10:16","2153","Information","Microsoft-Windows-ShellCommon-StartLayoutPopulation","Install completed for package:Microsoft.WindowsAppRuntime.2_8wekyb3d8bbwe with state: 4."
"09-07-2026 09:10:11","2152","Information","Microsoft-Windows-ShellCommon-StartLayoutPopulation","Install progress state changed for package:Microsoft.WindowsAppRuntime.2_8wekyb3d8bbwe to state:0."
"09-07-2026 09:10:11","2152","Information","Microsoft-Windows-ShellCommon-StartLayoutPopulation","Install progress state changed for package:Microsoft.WindowsAppRuntime.2_8wekyb3d8bbwe to state:0."
"07-07-2026 09:35:38","2153","Information","Microsoft-Windows-ShellCommon-StartLayoutPopulation","Install completed for package:Microsoft.WindowsAppRuntime.2_8wekyb3d8bbwe with state: 4."
"07-07-2026 09:35:33","2152","Information","Microsoft-Windows-ShellCommon-StartLayoutPopulation","Install progress state changed for package:Microsoft.WindowsAppRuntime.2_8wekyb3d8bbwe to state:0."
"07-07-2026 09:35:33","2152","Information","Microsoft-Windows-ShellCommon-StartLayoutPopulation","Install progress state changed for package:Microsoft.WindowsAppRuntime.2_8wekyb3d8bbwe to state:0."
"04-07-2026 14:01:08","2153","Information","Microsoft-Windows-ShellCommon-StartLayoutPopulation","Install completed for package:Microsoft.WindowsAppRuntime.2_8wekyb3d8bbwe with state: 4."
"04-07-2026 14:00:57","2152","Information","Microsoft-Windows-ShellCommon-StartLayoutPopulation","Install progress state changed for package:Microsoft.WindowsAppRuntime.2_8wekyb3d8bbwe to state:0."
"04-07-2026 14:00:57","2152","Information","Microsoft-Windows-ShellCommon-StartLayoutPopulation","Install progress state changed for package:Microsoft.WindowsAppRuntime.2_8wekyb3d8bbwe to state:0."
"02-07-2026 11:18:11","2153","Information","Microsoft-Windows-ShellCommon-StartLayoutPopulation","Install completed for package:MicrosoftCorporationII.WinAppRuntime.Main.1.8_8wekyb3d8bbwe with state: 4."
"02-07-2026 11:18:02","2152","Information","Microsoft-Windows-ShellCommon-StartLayoutPopulation","Install progress state changed for package:MicrosoftCorporationII.WinAppRuntime.Main.1.8_8wekyb3d8bbwe to state:0."
"02-07-2026 11:18:02","2152","Information","Microsoft-Windows-ShellCommon-StartLayoutPopulation","Install progress state changed for package:MicrosoftCorporationII.WinAppRuntime.Main.1.8_8wekyb3d8bbwe to state:0."
"29-06-2026 09:08:47","2153","Information","Microsoft-Windows-ShellCommon-StartLayoutPopulation","Install completed for package:MicrosoftCorporationII.WinAppRuntime.Main.1.8_8wekyb3d8bbwe with state: 4."
"29-06-2026 09:08:41","2152","Information","Microsoft-Windows-ShellCommon-StartLayoutPopulation","Install progress state changed for package:MicrosoftCorporationII.WinAppRuntime.Main.1.8_8wekyb3d8bbwe to state:0."
"29-06-2026 09:08:41","2152","Information","Microsoft-Windows-ShellCommon-StartLayoutPopulation","Install progress state changed for package:MicrosoftCorporationII.WinAppRuntime.Main.1.8_8wekyb3d8bbwe to state:0."
"29-06-2026 09:08:10","2153","Information","Microsoft-Windows-ShellCommon-StartLayoutPopulation","Install completed for package:MicrosoftCorporationII.WinAppRuntime.Main.1.8_8wekyb3d8bbwe with state: 4."
"29-06-2026 09:08:03","2152","Information","Microsoft-Windows-ShellCommon-StartLayoutPopulation","Install progress state changed for package:MicrosoftCorporationII.WinAppRuntime.Main.1.8_8wekyb3d8bbwe to state:0."
"29-06-2026 09:08:03","2152","Information","Microsoft-Windows-ShellCommon-StartLayoutPopulation","Install progress state changed for package:MicrosoftCorporationII.WinAppRuntime.Main.1.8_8wekyb3d8bbwe to state:0."
"26-06-2026 17:41:42","2153","Information","Microsoft-Windows-ShellCommon-StartLayoutPopulation","Install completed for package:MicrosoftCorporationII.WinAppRuntime.Main.1.8_8wekyb3d8bbwe with state: 4."
"26-06-2026 17:41:36","2152","Information","Microsoft-Windows-ShellCommon-StartLayoutPopulation","Install progress state changed for package:MicrosoftCorporationII.WinAppRuntime.Main.1.8_8wekyb3d8bbwe to state:0."
"26-06-2026 17:41:36","2152","Information","Microsoft-Windows-ShellCommon-StartLayoutPopulation","Install progress state changed for package:MicrosoftCorporationII.WinAppRuntime.Main.1.8_8wekyb3d8bbwe to state:0."
"26-06-2026 14:50:49","2153","Information","Microsoft-Windows-ShellCommon-StartLayoutPopulation","Install completed for package:MicrosoftCorporationII.WinAppRuntime.Main.1.8_8wekyb3d8bbwe with state: 4."
"26-06-2026 14:50:40","2152","Information","Microsoft-Windows-ShellCommon-StartLayoutPopulation","Install progress state changed for package:MicrosoftCorporationII.WinAppRuntime.Main.1.8_8wekyb3d8bbwe to state:0."
"26-06-2026 14:50:40","2152","Information","Microsoft-Windows-ShellCommon-StartLayoutPopulation","Install progress state changed for package:MicrosoftCorporationII.WinAppRuntime.Main.1.8_8wekyb3d8bbwe to state:0."
"23-06-2026 09:06:47","2153","Information","Microsoft-Windows-ShellCommon-StartLayoutPopulation","Install completed for package:MicrosoftCorporationII.WinAppRuntime.Main.1.8_8wekyb3d8bbwe with state: 4."
"23-06-2026 09:06:37","2152","Information","Microsoft-Windows-ShellCommon-StartLayoutPopulation","Install progress state changed for package:MicrosoftCorporationII.WinAppRuntime.Main.1.8_8wekyb3d8bbwe to state:0."
"23-06-2026 09:06:37","2152","Information","Microsoft-Windows-ShellCommon-StartLayoutPopulation","Install progress state changed for package:MicrosoftCorporationII.WinAppRuntime.Main.1.8_8wekyb3d8bbwe to state:0."
"22-06-2026 08:53:17","2153","Information","Microsoft-Windows-ShellCommon-StartLayoutPopulation","Install completed for package:MicrosoftCorporationII.WinAppRuntime.Main.1.8_8wekyb3d8bbwe with state: 4."
"22-06-2026 08:53:07","2152","Information","Microsoft-Windows-ShellCommon-StartLayoutPopulation","Install progress state changed for package:MicrosoftCorporationII.WinAppRuntime.Main.1.8_8wekyb3d8bbwe to state:0."
"22-06-2026 08:53:07","2152","Information","Microsoft-Windows-ShellCommon-StartLayoutPopulation","Install progress state changed for package:MicrosoftCorporationII.WinAppRuntime.Main.1.8_8wekyb3d8bbwe to state:0."
"19-06-2026 13:00:35","2153","Information","Microsoft-Windows-ShellCommon-StartLayoutPopulation","Install completed for package:MicrosoftCorporationII.WinAppRuntime.Main.1.8_8wekyb3d8bbwe with state: 4."
"19-06-2026 13:00:26","2152","Information","Microsoft-Windows-ShellCommon-StartLayoutPopulation","Install progress state changed for package:MicrosoftCorporationII.WinAppRuntime.Main.1.8_8wekyb3d8bbwe to state:0."
"19-06-2026 13:00:26","2152","Information","Microsoft-Windows-ShellCommon-StartLayoutPopulation","Install progress state changed for package:MicrosoftCorporationII.WinAppRuntime.Main.1.8_8wekyb3d8bbwe to state:0."
"18-06-2026 09:16:00","2153","Information","Microsoft-Windows-ShellCommon-StartLayoutPopulation","Install completed for package:MicrosoftCorporationII.WinAppRuntime.Main.1.8_8wekyb3d8bbwe with state: 4."
"18-06-2026 09:15:52","2152","Information","Microsoft-Windows-ShellCommon-StartLayoutPopulation","Install progress state changed for package:MicrosoftCorporationII.WinAppRuntime.Main.1.8_8wekyb3d8bbwe to state:0."
"18-06-2026 09:15:52","2152","Information","Microsoft-Windows-ShellCommon-StartLayoutPopulation","Install progress state changed for package:MicrosoftCorporationII.WinAppRuntime.Main.1.8_8wekyb3d8bbwe to state:0."
"16-06-2026 09:46:18","2153","Information","Microsoft-Windows-ShellCommon-StartLayoutPopulation","Install completed for package:MicrosoftCorporationII.WinAppRuntime.Main.1.8_8wekyb3d8bbwe with state: 4."
"16-06-2026 09:23:08","2153","Information","Microsoft-Windows-ShellCommon-StartLayoutPopulation","Install completed for package:MicrosoftCorporationII.WinAppRuntime.Main.1.8_8wekyb3d8bbwe with state: 5."
"15-06-2026 09:30:48","2152","Information","Microsoft-Windows-ShellCommon-StartLayoutPopulation","Install progress state changed for package:MicrosoftCorporationII.WinAppRuntime.Main.1.8_8wekyb3d8bbwe to state:12."
"15-06-2026 09:30:34","2152","Information","Microsoft-Windows-ShellCommon-StartLayoutPopulation","Install progress state changed for package:MicrosoftCorporationII.WinAppRuntime.Main.1.8_8wekyb3d8bbwe to state:0."
"15-06-2026 09:30:34","2152","Information","Microsoft-Windows-ShellCommon-StartLayoutPopulation","Install progress state changed for package:MicrosoftCorporationII.WinAppRuntime.Main.1.8_8wekyb3d8bbwe to state:0."
"15-06-2026 09:02:04","2153","Information","Microsoft-Windows-ShellCommon-StartLayoutPopulation","Install completed for package:MicrosoftCorporationII.WinAppRuntime.Main.1.8_8wekyb3d8bbwe with state: 4."
"15-06-2026 09:01:58","2152","Information","Microsoft-Windows-ShellCommon-StartLayoutPopulation","Install progress state changed for package:MicrosoftCorporationII.WinAppRuntime.Main.1.8_8wekyb3d8bbwe to state:0."
"15-06-2026 09:01:58","2152","Information","Microsoft-Windows-ShellCommon-StartLayoutPopulation","Install progress state changed for package:MicrosoftCorporationII.WinAppRuntime.Main.1.8_8wekyb3d8bbwe to state:0."
"15-06-2026 09:01:33","2153","Information","Microsoft-Windows-ShellCommon-StartLayoutPopulation","Install completed for package:MicrosoftCorporationII.WinAppRuntime.Main.1.8_8wekyb3d8bbwe with state: 4."
"15-06-2026 09:01:24","2152","Information","Microsoft-Windows-ShellCommon-StartLayoutPopulation","Install progress state changed for package:MicrosoftCorporationII.WinAppRuntime.Main.1.8_8wekyb3d8bbwe to state:0."
"15-06-2026 09:01:24","2152","Information","Microsoft-Windows-ShellCommon-StartLayoutPopulation","Install progress state changed for package:MicrosoftCorporationII.WinAppRuntime.Main.1.8_8wekyb3d8bbwe to state:0."
"11-06-2026 08:50:18","2153","Information","Microsoft-Windows-ShellCommon-StartLayoutPopulation","Install completed for package:MicrosoftCorporationII.WinAppRuntime.Main.1.8_8wekyb3d8bbwe with state: 4."
"11-06-2026 08:50:13","2152","Information","Microsoft-Windows-ShellCommon-StartLayoutPopulation","Install progress state changed for package:MicrosoftCorporationII.WinAppRuntime.Main.1.8_8wekyb3d8bbwe to state:0."
"11-06-2026 08:50:13","2152","Information","Microsoft-Windows-ShellCommon-StartLayoutPopulation","Install progress state changed for package:MicrosoftCorporationII.WinAppRuntime.Main.1.8_8wekyb3d8bbwe to state:0."
"10-06-2026 10:55:23","2153","Information","Microsoft-Windows-ShellCommon-StartLayoutPopulation","Install completed for package:MicrosoftCorporationII.WinAppRuntime.Main.1.8_8wekyb3d8bbwe with state: 4."
"10-06-2026 10:53:46","2152","Information","Microsoft-Windows-ShellCommon-StartLayoutPopulation","Install progress state changed for package:MicrosoftCorporationII.WinAppRuntime.Main.1.8_8wekyb3d8bbwe to state:0."
"10-06-2026 10:53:46","2152","Information","Microsoft-Windows-ShellCommon-StartLayoutPopulation","Install progress state changed for package:MicrosoftCorporationII.WinAppRuntime.Main.1.8_8wekyb3d8bbwe to state:0."
"09-06-2026 11:42:25","2153","Information","Microsoft-Windows-ShellCommon-StartLayoutPopulation","Install completed for package:MicrosoftCorporationII.WinAppRuntime.Main.1.8_8wekyb3d8bbwe with state: 4."
"09-06-2026 11:42:08","2152","Information","Microsoft-Windows-ShellCommon-StartLayoutPopulation","Install progress state changed for package:MicrosoftCorporationII.WinAppRuntime.Main.1.8_8wekyb3d8bbwe to state:0."
"09-06-2026 11:42:08","2152","Information","Microsoft-Windows-ShellCommon-StartLayoutPopulation","Install progress state changed for package:MicrosoftCorporationII.WinAppRuntime.Main.1.8_8wekyb3d8bbwe to state:0."
"09-06-2026 09:48:42","2153","Information","Microsoft-Windows-ShellCommon-StartLayoutPopulation","Install completed for package:MicrosoftCorporationII.WinAppRuntime.Main.1.8_8wekyb3d8bbwe with state: 4."
"09-06-2026 09:48:29","2152","Information","Microsoft-Windows-ShellCommon-StartLayoutPopulation","Install progress state changed for package:MicrosoftCorporationII.WinAppRuntime.Main.1.8_8wekyb3d8bbwe to state:0."
"09-06-2026 09:48:29","2152","Information","Microsoft-Windows-ShellCommon-StartLayoutPopulation","Install progress state changed for package:MicrosoftCorporationII.WinAppRuntime.Main.1.8_8wekyb3d8bbwe to state:0."
"06-06-2026 03:59:42","2153","Information","Microsoft-Windows-ShellCommon-StartLayoutPopulation","Install completed for package:MicrosoftCorporationII.WinAppRuntime.Main.1.8_8wekyb3d8bbwe with state: 4."
"06-06-2026 03:59:31","2152","Information","Microsoft-Windows-ShellCommon-StartLayoutPopulation","Install progress state changed for package:MicrosoftCorporationII.WinAppRuntime.Main.1.8_8wekyb3d8bbwe to state:0."
"06-06-2026 03:59:31","2152","Information","Microsoft-Windows-ShellCommon-StartLayoutPopulation","Install progress state changed for package:MicrosoftCorporationII.WinAppRuntime.Main.1.8_8wekyb3d8bbwe to state:0."
"03-06-2026 10:41:12","2153","Information","Microsoft-Windows-ShellCommon-StartLayoutPopulation","Install completed for package:MicrosoftCorporationII.WinAppRuntime.Main.1.8_8wekyb3d8bbwe with state: 4."
"03-06-2026 10:40:59","2152","Information","Microsoft-Windows-ShellCommon-StartLayoutPopulation","Install progress state changed for package:MicrosoftCorporationII.WinAppRuntime.Main.1.8_8wekyb3d8bbwe to state:0."
"03-06-2026 10:40:59","2152","Information","Microsoft-Windows-ShellCommon-StartLayoutPopulation","Install progress state changed for package:MicrosoftCorporationII.WinAppRuntime.Main.1.8_8wekyb3d8bbwe to state:0."
"31-05-2026 11:14:18","2153","Information","Microsoft-Windows-ShellCommon-StartLayoutPopulation","Install completed for package:MicrosoftCorporationII.WinAppRuntime.Main.1.8_8wekyb3d8bbwe with state: 4."
"31-05-2026 11:13:42","2152","Information","Microsoft-Windows-ShellCommon-StartLayoutPopulation","Install progress state changed for package:MicrosoftCorporationII.WinAppRuntime.Main.1.8_8wekyb3d8bbwe to state:0."
"31-05-2026 11:13:42","2152","Information","Microsoft-Windows-ShellCommon-StartLayoutPopulation","Install progress state changed for package:MicrosoftCorporationII.WinAppRuntime.Main.1.8_8wekyb3d8bbwe to state:0."
"29-05-2026 16:22:24","2153","Information","Microsoft-Windows-ShellCommon-StartLayoutPopulation","Install completed for package:MicrosoftCorporationII.WinAppRuntime.Main.1.8_8wekyb3d8bbwe with state: 4."
"29-05-2026 16:22:11","2152","Information","Microsoft-Windows-ShellCommon-StartLayoutPopulation","Install progress state changed for package:MicrosoftCorporationII.WinAppRuntime.Main.1.8_8wekyb3d8bbwe to state:0."
"29-05-2026 16:22:11","2152","Information","Microsoft-Windows-ShellCommon-StartLayoutPopulation","Install progress state changed for package:MicrosoftCorporationII.WinAppRuntime.Main.1.8_8wekyb3d8bbwe to state:0."
"23-05-2026 13:12:57","1102","Information","Microsoft-Windows-ShellCommon-StartLayoutPopulation","Created tile identifier:P~Microsoft.Windows.DevHome_8wekyb3d8bbwe!App and guid:{24541292-d7a4-416d-a1a0-1ce447e9047b} and added it to parent: {00000000-0000-0000-0000-000000000000} in collection: LockScreenPinnedTiles."
"23-05-2026 13:12:52","1403","Information","Microsoft-Windows-ShellCommon-StartLayoutPopulation","Data Store Cache secondary data reconciliation end."
"23-05-2026 13:12:52","1402","Information","Microsoft-Windows-ShellCommon-StartLayoutPopulation","Data Store Cache secondary data reconciliation start."
"23-05-2026 13:12:51","1102","Information","Microsoft-Windows-ShellCommon-StartLayoutPopulation","Created tile identifier:P~microsoft.windowscommunicationsapps_8wekyb3d8bbwe!microsoft.windowslive.calendar and guid:{93f8678a-92f8-4be4-9cd5-b0d9c2363823} and added it to parent: {00000000-0000-0000-0000-000000000000} in collection: LockScreenPinnedTiles."
"23-05-2026 13:12:51","1102","Information","Microsoft-Windows-ShellCommon-StartLayoutPopulation","Created tile identifier:P~Microsoft.SkypeApp_kzf8qxf38zg5c!App and guid:{9f09479e-4853-4a90-90fd-c2df7d9e74df} and added it to parent: {00000000-0000-0000-0000-000000000000} in collection: LockScreenPinnedTiles."
"23-05-2026 13:12:51","1102","Information","Microsoft-Windows-ShellCommon-StartLayoutPopulation","Created tile identifier:P~microsoft.windowscommunicationsapps_8wekyb3d8bbwe!microsoft.windowslive.mail and guid:{8fc7ff34-f6f8-4afb-9e43-5eef1313639a} and added it to parent: {00000000-0000-0000-0000-000000000000} in collection: LockScreenPinnedTiles."
"23-05-2026 13:12:51","1254","Information","Microsoft-Windows-ShellCommon-StartLayoutPopulation","An update to the root container was saved to CDS."
"23-05-2026 13:12:51","18","Information","Microsoft-Windows-ShellCommon-StartLayoutPopulation","The collection initialization pipeline has finished writing the collection data to permanent storage."
"23-05-2026 13:12:51","1106","Information","Microsoft-Windows-ShellCommon-StartLayoutPopulation","Item added to root named:LockScreenPinnedTiles."
"23-05-2026 13:12:51","14","Information","Microsoft-Windows-ShellCommon-StartLayoutPopulation","The collection initialization pipeline is starting to write the collection data to permanent storage."
"23-05-2026 13:12:51","13","Information","Microsoft-Windows-ShellCommon-StartLayoutPopulation","Post processing of the selection initial collection complete."
"23-05-2026 13:12:51","10","Information","Microsoft-Windows-ShellCommon-StartLayoutPopulation","Starting post processing of the selected initial collection."
"23-05-2026 13:12:51","6","Information","Microsoft-Windows-ShellCommon-StartLayoutPopulation","The collection initialization pipeline is attempting to find an initial collection."
"23-05-2026 13:12:51","3","Information","Microsoft-Windows-ShellCommon-StartLayoutPopulation","The following selection data was used to choose an initial collection: 
Region Codes:IN 
SKUs:3 
Office SKUs: <not set>
Group Cell Width: <not set>
PreInstalledAppsEnabled: 0
TargetedContentTilesEnabled: 1
EducationModeEnabled: 0
CommercialDevice: 1
"
"23-05-2026 13:12:51","1","Information","Microsoft-Windows-ShellCommon-StartLayoutPopulation","Initialization of collection: LockScreenPinnedTiles has started.  Reason: 0"
"23-05-2026 13:12:51","63","Information","Microsoft-Windows-ShellCommon-StartLayoutPopulation","GetCollection was called for collection LockScreenPinnedTiles which does not exist and will be initialized."
"23-05-2026 13:05:49","2153","Information","Microsoft-Windows-ShellCommon-StartLayoutPopulation","Install completed for package:Microsoft.LanguageExperiencePacken-GB_8wekyb3d8bbwe with state: 4."
"23-05-2026 13:05:32","2152","Information","Microsoft-Windows-ShellCommon-StartLayoutPopulation","Install progress state changed for package:Microsoft.LanguageExperiencePacken-GB_8wekyb3d8bbwe to state:0."
"23-05-2026 13:05:32","2151","Information","Microsoft-Windows-ShellCommon-StartLayoutPopulation","An image asset was successfully download to the following location: C:\Users\arjo5004\AppData\Local\PlaceholderTileLogoFolder\9NT52VQ39BVN\044X044.png."
"23-05-2026 13:05:32","2151","Information","Microsoft-Windows-ShellCommon-StartLayoutPopulation","An image asset was successfully download to the following location: C:\Users\arjo5004\AppData\Local\PlaceholderTileLogoFolder\9NT52VQ39BVN\150X150.png."
"23-05-2026 13:05:32","2152","Information","Microsoft-Windows-ShellCommon-StartLayoutPopulation","Install progress state changed for package:Microsoft.LanguageExperiencePacken-GB_8wekyb3d8bbwe to state:0."
"23-05-2026 11:24:56","2153","Information","Microsoft-Windows-ShellCommon-StartLayoutPopulation","Install completed for package:Microsoft.CompanyPortal_8wekyb3d8bbwe with state: 4."
"23-05-2026 11:24:31","2152","Information","Microsoft-Windows-ShellCommon-StartLayoutPopulation","Install progress state changed for package:Microsoft.CompanyPortal_8wekyb3d8bbwe to state:0."
"23-05-2026 11:24:31","2151","Information","Microsoft-Windows-ShellCommon-StartLayoutPopulation","An image asset was successfully download to the following location: C:\Users\arjo5004\AppData\Local\PlaceholderTileLogoFolder\9WZDNCRFJ3PZ\310X150.png."
"23-05-2026 11:24:31","2151","Information","Microsoft-Windows-ShellCommon-StartLayoutPopulation","An image asset was successfully download to the following location: C:\Users\arjo5004\AppData\Local\PlaceholderTileLogoFolder\9WZDNCRFJ3PZ\071X071.png."
"23-05-2026 11:24:31","2151","Information","Microsoft-Windows-ShellCommon-StartLayoutPopulation","An image asset was successfully download to the following location: C:\Users\arjo5004\AppData\Local\PlaceholderTileLogoFolder\9WZDNCRFJ3PZ\044X044.png."
"23-05-2026 11:24:31","2151","Information","Microsoft-Windows-ShellCommon-StartLayoutPopulation","An image asset was successfully download to the following location: C:\Users\arjo5004\AppData\Local\PlaceholderTileLogoFolder\9WZDNCRFJ3PZ\300X300.png."
"23-05-2026 11:24:31","2151","Information","Microsoft-Windows-ShellCommon-StartLayoutPopulation","An image asset was successfully download to the following location: C:\Users\arjo5004\AppData\Local\PlaceholderTileLogoFolder\9WZDNCRFJ3PZ\150X150.png."
"23-05-2026 11:24:30","2152","Information","Microsoft-Windows-ShellCommon-StartLayoutPopulation","Install progress state changed for package:Microsoft.CompanyPortal_8wekyb3d8bbwe to state:0."
"23-05-2026 11:07:08","2153","Information","Microsoft-Windows-ShellCommon-StartLayoutPopulation","Install completed for package:MicrosoftCorporationII.WinAppRuntime.Main.1.8_8wekyb3d8bbwe with state: 4."
"23-05-2026 11:06:51","2152","Information","Microsoft-Windows-ShellCommon-StartLayoutPopulation","Install progress state changed for package:MicrosoftCorporationII.WinAppRuntime.Main.1.8_8wekyb3d8bbwe to state:0."
"23-05-2026 11:06:51","2152","Information","Microsoft-Windows-ShellCommon-StartLayoutPopulation","Install progress state changed for package:MicrosoftCorporationII.WinAppRuntime.Main.1.8_8wekyb3d8bbwe to state:0."
"23-05-2026 11:06:41","48","Information","Microsoft-Windows-ShellCommon-StartLayoutPopulation","The collection initialization background task has completed processing."
"23-05-2026 11:06:41","27","Information","Microsoft-Windows-ShellCommon-StartLayoutPopulation","The automatic installation of placeholder tiles is complete."
"23-05-2026 11:06:41","31","Information","Microsoft-Windows-ShellCommon-StartLayoutPopulation","0 apps have been queued for auto-install."
"23-05-2026 11:06:41","26","Information","Microsoft-Windows-ShellCommon-StartLayoutPopulation","The automatic installation of placeholder tiles has started."
"23-05-2026 11:06:41","47","Information","Microsoft-Windows-ShellCommon-StartLayoutPopulation","The collection initialization background task has started processing."
"23-05-2026 11:06:21","2153","Information","Microsoft-Windows-ShellCommon-StartLayoutPopulation","Install completed for package:MicrosoftCorporationII.WinAppRuntime.Main.1.8_8wekyb3d8bbwe with state: 4."
"23-05-2026 11:06:15","2152","Information","Microsoft-Windows-ShellCommon-StartLayoutPopulation","Install progress state changed for package:MicrosoftCorporationII.WinAppRuntime.Main.1.8_8wekyb3d8bbwe to state:0."
"23-05-2026 11:06:15","2152","Information","Microsoft-Windows-ShellCommon-StartLayoutPopulation","Install progress state changed for package:MicrosoftCorporationII.WinAppRuntime.Main.1.8_8wekyb3d8bbwe to state:0."
"23-05-2026 11:05:24","18","Information","Microsoft-Windows-ShellCommon-StartLayoutPopulation","The collection initialization pipeline has finished writing the collection data to permanent storage."
"23-05-2026 11:05:24","14","Information","Microsoft-Windows-ShellCommon-StartLayoutPopulation","The collection initialization pipeline is starting to write the collection data to permanent storage."
"23-05-2026 11:05:24","13","Information","Microsoft-Windows-ShellCommon-StartLayoutPopulation","Post processing of the selection initial collection complete."
"23-05-2026 11:05:24","11","Information","Microsoft-Windows-ShellCommon-StartLayoutPopulation","The MfuModificationPostProcessor post processor has succesfully completed its post processing of the initial collection."
"23-05-2026 11:05:24","11","Information","Microsoft-Windows-ShellCommon-StartLayoutPopulation","The StartCollectionPropertyPostProcessor post processor has succesfully completed its post processing of the initial collection."
"23-05-2026 11:05:24","11","Information","Microsoft-Windows-ShellCommon-StartLayoutPopulation","The ResourceTranslationPostProcessor post processor has succesfully completed its post processing of the initial collection."
"23-05-2026 11:05:24","11","Information","Microsoft-Windows-ShellCommon-StartLayoutPopulation","The RequiredOemTilePostProcessor post processor has succesfully completed its post processing of the initial collection."
"23-05-2026 11:05:24","11","Information","Microsoft-Windows-ShellCommon-StartLayoutPopulation","The LocalXmlDefaultLayoutPostProcessor post processor has succesfully completed its post processing of the initial collection."
"23-05-2026 11:05:24","10","Information","Microsoft-Windows-ShellCommon-StartLayoutPopulation","Starting post processing of the selected initial collection."
"23-05-2026 11:05:24","8","Information","Microsoft-Windows-ShellCommon-StartLayoutPopulation","The collection initialization pipeline got an initial collection from the following provider: LocalXmlStartCollectionProvider"
"23-05-2026 11:05:24","6","Information","Microsoft-Windows-ShellCommon-StartLayoutPopulation","The collection initialization pipeline is attempting to find an initial collection."
"23-05-2026 11:05:24","3","Information","Microsoft-Windows-ShellCommon-StartLayoutPopulation","The following selection data was used to choose an initial collection: 
Region Codes:IN 
SKUs:3 
Office SKUs: <not set>
Group Cell Width: <not set>
PreInstalledAppsEnabled: 0
TargetedContentTilesEnabled: 0
EducationModeEnabled: 0
CommercialDevice: 1
"
"23-05-2026 11:05:24","1","Information","Microsoft-Windows-ShellCommon-StartLayoutPopulation","Initialization of collection: In-memory Start.TileGrid has started.  Reason: 1"
"23-05-2026 10:54:34","2153","Information","Microsoft-Windows-ShellCommon-StartLayoutPopulation","Install completed for package:AppUp.IntelArcSoftware_8j3eq9eme6ctt with state: 4."
"23-05-2026 10:54:32","2152","Information","Microsoft-Windows-ShellCommon-StartLayoutPopulation","Install progress state changed for package:AppUp.IntelArcSoftware_8j3eq9eme6ctt to state:0."
"23-05-2026 10:54:32","2152","Information","Microsoft-Windows-ShellCommon-StartLayoutPopulation","Install progress state changed for package:AppUp.IntelArcSoftware_8j3eq9eme6ctt to state:0."
"23-05-2026 10:54:31","2153","Information","Microsoft-Windows-ShellCommon-StartLayoutPopulation","Install completed for package:AppUp.IntelArcSoftware_8j3eq9eme6ctt with state: 4."
"23-05-2026 10:53:53","2152","Information","Microsoft-Windows-ShellCommon-StartLayoutPopulation","Install progress state changed for package:AppUp.IntelArcSoftware_8j3eq9eme6ctt to state:0."
"23-05-2026 10:53:53","2152","Information","Microsoft-Windows-ShellCommon-StartLayoutPopulation","Install progress state changed for package:AppUp.IntelArcSoftware_8j3eq9eme6ctt to state:0."
