"03-07-2026 10:38:17","260","Information","Microsoft-Windows-Time-Service","W32time Service periodic configuration and status message
Configuration:
EventLogFlags: 2 (Local)
AnnounceFlags: 10 (Local)
TimeJumpAuditOffset: 28800 (Local)
MinPollInterval: 10 (Local)
MaxPollInterval: 15 (Local)
MaxNegPhaseCorrection: 54000 (Local)
MaxPosPhaseCorrection: 54000 (Local)
MaxAllowedPhaseOffset: 1 (Local)

FrequencyCorrectRate: 4 (Local)
PollAdjustFactor: 5 (Local)
LargePhaseOffset: 50000000 (Local)
SpikeWatchPeriod: 900 (Local)
LocalClockDispersion: 10 (Local)
HoldPeriod: 5 (Local)
PhaseCorrectRate: 1 (Local)
UpdateInterval: 360000 (Local)

FileLogName:  (Local)
FileLogEntries:  (Local)
FileLogSize: 0 (Local)
FileLogFlags: 0 (Undefined or not used)

UtilizeSslTimeData: 1 (Local)

[Leap Seconds]
Enabled: 1 (Local)
Total Leap Seconds (after June 2018): 0 (Local)
Current UTC offset: 0 (Local)

Time Providers:
NtpClient (Local)
DllName: C:\Windows\system32\w32time.dll (Local)
Enabled: 1 (Local)
InputProvider: 1 (Local)
CrossSiteSyncFlags: 0 (Undefined or not used)
AllowNonstandardModeCombinations: 1 (Local)
ResolvePeerBackoffMinutes: 15 (Local)
ResolvePeerBackoffMaxTimes: 7 (Local)
CompatibilityFlags: 2147483648 (Local)
EventLogFlags: 1 (Local)
LargeSampleSkew: 3 (Local)
SpecialPollInterval: 16384 (Local)
Type: NTP (Local)
NtpServer: time.windows.com,0x9 (Local)

NtpServer (Local)
DllName: C:\Windows\system32\w32time.dll (Local)
Enabled: 0 (Local)
InputProvider: 0 (Local)



Current Status:
Leap Indicator: 3
Stratum: 0
Precision: -23
RootDelay: 0.0000000s
RootDispersion: 0.0000000s
ReferenceId: 0x00000000
Last Successful Sync Time: 1601-01-01T00:00:00.0Z (UTC)
Source: Local CMOS Clock
Poll Interval: 10
Phase Offset: 0.0000000s
Clock Rate: 156250
State Machine: 0
Time Source Flags: 0
Server Role: 0
Last Sync Error: 1
Time Since Last Good Sync: 1039.9997933s
System Tick Count: 174612187
For more information, see https://go.microsoft.com/fwlink/?linkid=845961."
"03-07-2026 10:38:17","259","Information","Microsoft-Windows-Time-Service","NTP Client provider periodic status:
Ntp Client is receiving time data from the following NTP Servers: ;  and the chosen reference time server is . System Tick Count 174612187. IFTSTMP:1.
For more information, see https://go.microsoft.com/fwlink/?linkid=845961."
"03-07-2026 10:20:57","264","Information","Microsoft-Windows-Time-Service","NTP Client observed a change peer reachability. Ntp Client is now receiving time data from the following NTP Servers: time.windows.com,0x9 (ntp.m|0x9|0.0.0.0:123->40.81.94.65:123);. System Tick Count: 173572234.
For more information, see https://go.microsoft.com/fwlink/?linkid=845961."
"03-07-2026 10:20:57","257","Information","Microsoft-Windows-Time-Service","W32time service has started at 2026-07-03T04:50:57.357Z (UTC), System Tick Count 173572140.
Configuration:
EventLogFlags: 2 (Local)
AnnounceFlags: 10 (Local)
TimeJumpAuditOffset: 28800 (Local)
MinPollInterval: 10 (Local)
MaxPollInterval: 15 (Local)
MaxNegPhaseCorrection: 54000 (Local)
MaxPosPhaseCorrection: 54000 (Local)
MaxAllowedPhaseOffset: 1 (Local)

FrequencyCorrectRate: 4 (Local)
PollAdjustFactor: 5 (Local)
LargePhaseOffset: 50000000 (Local)
SpikeWatchPeriod: 900 (Local)
LocalClockDispersion: 10 (Local)
HoldPeriod: 5 (Local)
PhaseCorrectRate: 1 (Local)
UpdateInterval: 360000 (Local)

FileLogName:  (Local)
FileLogEntries:  (Local)
FileLogSize: 0 (Local)
FileLogFlags: 0 (Undefined or not used)

UtilizeSslTimeData: 1 (Local)

[Leap Seconds]
Enabled: 1 (Local)
Total Leap Seconds (after June 2018): 0 (Local)
Current UTC offset: 0 (Local)

Time Providers:
NtpClient (Local)
DllName: C:\Windows\system32\w32time.dll (Local)
Enabled: 1 (Local)
InputProvider: 1 (Local)
CrossSiteSyncFlags: 0 (Undefined or not used)
AllowNonstandardModeCombinations: 1 (Local)
ResolvePeerBackoffMinutes: 15 (Local)
ResolvePeerBackoffMaxTimes: 7 (Local)
CompatibilityFlags: 2147483648 (Local)
EventLogFlags: 1 (Local)
LargeSampleSkew: 3 (Local)
SpecialPollInterval: 16384 (Local)
Type: NTP (Local)
NtpServer: time.windows.com,0x9 (Local)

NtpServer (Local)
DllName: C:\Windows\system32\w32time.dll (Local)
Enabled: 0 (Local)
InputProvider: 0 (Local)


Clock Rate:156250
For more information, see https://go.microsoft.com/fwlink/?linkid=845961."
"03-07-2026 10:20:57","272","Information","Microsoft-Windows-Time-Service","Leap second configuration:
Enabled: 1 (Local)
Count: 0 (Local)
Current Offset from UTC(Seconds): 0 (Local)
Runtime state consistent with settings: 1
Newest Leap Seconds List (Local):

System Tick Count: 173572140.

For more information, see https://go.microsoft.com/fwlink/?linkid=845961."
"02-07-2026 13:55:16","258","Information","Microsoft-Windows-Time-Service","W32time service is stopping at 2026-07-02T08:25:16.90Z (UTC), System Tick Count 100030921 with return code: 0x00000000: Success.
For more information, see https://go.microsoft.com/fwlink/?linkid=845961."
"02-07-2026 13:55:16","261","Information","Microsoft-Windows-Time-Service","W32time service has set the system time to 2026-07-02T08:25:16.84Z(UTC). Previous system time was 2026-07-02T08:25:16.82Z(UTC). System Tick Count: 100030906
For more information, see https://go.microsoft.com/fwlink/?linkid=845961."
"02-07-2026 13:55:16","265","Information","Microsoft-Windows-Time-Service","The time service is now synchronizing the system time with the reference time source time.windows.com,0x9 (ntp.m|0x9|0.0.0.0:123->40.81.94.65:123) with reference id 0x28515E41. Current local stratum number is 5, System Tick Count: 100030906.
For more information, see https://go.microsoft.com/fwlink/?linkid=845961."
"02-07-2026 13:55:16","264","Information","Microsoft-Windows-Time-Service","NTP Client observed a change peer reachability. Ntp Client is now receiving time data from the following NTP Servers: time.windows.com,0x9 (ntp.m|0x9|0.0.0.0:123->40.81.94.65:123);. System Tick Count: 100030890.
For more information, see https://go.microsoft.com/fwlink/?linkid=845961."
"02-07-2026 10:30:44","263","Information","Microsoft-Windows-Time-Service","W32time Service configuration parameters have been updated. This may impact the fine-grained time synchronization accuracy.
Updated Configuration:
EventLogFlags: 2 (Local)
AnnounceFlags: 10 (Local)
TimeJumpAuditOffset: 28800 (Local)
MinPollInterval: 10 (Local)
MaxPollInterval: 15 (Local)
MaxNegPhaseCorrection: 54000 (Local)
MaxPosPhaseCorrection: 54000 (Local)
MaxAllowedPhaseOffset: 1 (Local)

FrequencyCorrectRate: 4 (Local)
PollAdjustFactor: 5 (Local)
LargePhaseOffset: 50000000 (Local)
SpikeWatchPeriod: 900 (Local)
LocalClockDispersion: 10 (Local)
HoldPeriod: 5 (Local)
PhaseCorrectRate: 1 (Local)
UpdateInterval: 360000 (Local)

FileLogName:  (Local)
FileLogEntries:  (Local)
FileLogSize: 0 (Local)
FileLogFlags: 0 (Undefined or not used)

UtilizeSslTimeData: 1 (Local)

[Leap Seconds]
Enabled: 1 (Local)
Total Leap Seconds (after June 2018): 0 (Local)
Current UTC offset: 0 (Local)

Updated Time Providers:
NtpClient (Local)
DllName: C:\Windows\system32\w32time.dll (Local)
Enabled: 1 (Local)
InputProvider: 1 (Local)
CrossSiteSyncFlags: 0 (Undefined or not used)
AllowNonstandardModeCombinations: 1 (Local)
ResolvePeerBackoffMinutes: 15 (Local)
ResolvePeerBackoffMaxTimes: 7 (Local)
CompatibilityFlags: 2147483648 (Local)
EventLogFlags: 1 (Local)
LargeSampleSkew: 3 (Local)
SpecialPollInterval: 16384 (Local)
Type: NTP (Local)
NtpServer: time.windows.com,0x9 (Local)

NtpServer (Local)
DllName: C:\Windows\system32\w32time.dll (Local)
Enabled: 0 (Local)
InputProvider: 0 (Local)


System Tick Count: 87758890
For more information, see https://go.microsoft.com/fwlink/?linkid=845961."
"02-07-2026 10:30:44","272","Information","Microsoft-Windows-Time-Service","Leap second configuration:
Enabled: 1 (Local)
Count: 0 (Local)
Current Offset from UTC(Seconds): 0 (Local)
Runtime state consistent with settings: 1
Newest Leap Seconds List (Local):

System Tick Count: 87758890.

For more information, see https://go.microsoft.com/fwlink/?linkid=845961."
"02-07-2026 10:13:40","263","Information","Microsoft-Windows-Time-Service","W32time Service configuration parameters have been updated. This may impact the fine-grained time synchronization accuracy.
Updated Configuration:
EventLogFlags: 2 (Local)
AnnounceFlags: 10 (Local)
TimeJumpAuditOffset: 28800 (Local)
MinPollInterval: 10 (Local)
MaxPollInterval: 15 (Local)
MaxNegPhaseCorrection: 54000 (Local)
MaxPosPhaseCorrection: 54000 (Local)
MaxAllowedPhaseOffset: 1 (Local)

FrequencyCorrectRate: 4 (Local)
PollAdjustFactor: 5 (Local)
LargePhaseOffset: 50000000 (Local)
SpikeWatchPeriod: 900 (Local)
LocalClockDispersion: 10 (Local)
HoldPeriod: 5 (Local)
PhaseCorrectRate: 1 (Local)
UpdateInterval: 360000 (Local)

FileLogName:  (Local)
FileLogEntries:  (Local)
FileLogSize: 0 (Local)
FileLogFlags: 0 (Undefined or not used)

UtilizeSslTimeData: 1 (Local)

[Leap Seconds]
Enabled: 1 (Local)
Total Leap Seconds (after June 2018): 0 (Local)
Current UTC offset: 0 (Local)

Updated Time Providers:
NtpClient (Local)
DllName: C:\Windows\system32\w32time.dll (Local)
Enabled: 1 (Local)
InputProvider: 1 (Local)
CrossSiteSyncFlags: 0 (Undefined or not used)
AllowNonstandardModeCombinations: 1 (Local)
ResolvePeerBackoffMinutes: 15 (Local)
ResolvePeerBackoffMaxTimes: 7 (Local)
CompatibilityFlags: 2147483648 (Local)
EventLogFlags: 1 (Local)
LargeSampleSkew: 3 (Local)
SpecialPollInterval: 16384 (Local)
Type: NTP (Local)
NtpServer: time.windows.com,0x9 (Local)

NtpServer (Local)
DllName: C:\Windows\system32\w32time.dll (Local)
Enabled: 0 (Local)
InputProvider: 0 (Local)


System Tick Count: 86734859
For more information, see https://go.microsoft.com/fwlink/?linkid=845961."
"02-07-2026 10:13:40","272","Information","Microsoft-Windows-Time-Service","Leap second configuration:
Enabled: 1 (Local)
Count: 0 (Local)
Current Offset from UTC(Seconds): 0 (Local)
Runtime state consistent with settings: 1
Newest Leap Seconds List (Local):

System Tick Count: 86734859.

For more information, see https://go.microsoft.com/fwlink/?linkid=845961."
"02-07-2026 09:56:36","263","Information","Microsoft-Windows-Time-Service","W32time Service configuration parameters have been updated. This may impact the fine-grained time synchronization accuracy.
Updated Configuration:
EventLogFlags: 2 (Local)
AnnounceFlags: 10 (Local)
TimeJumpAuditOffset: 28800 (Local)
MinPollInterval: 10 (Local)
MaxPollInterval: 15 (Local)
MaxNegPhaseCorrection: 54000 (Local)
MaxPosPhaseCorrection: 54000 (Local)
MaxAllowedPhaseOffset: 1 (Local)

FrequencyCorrectRate: 4 (Local)
PollAdjustFactor: 5 (Local)
LargePhaseOffset: 50000000 (Local)
SpikeWatchPeriod: 900 (Local)
LocalClockDispersion: 10 (Local)
HoldPeriod: 5 (Local)
PhaseCorrectRate: 1 (Local)
UpdateInterval: 360000 (Local)

FileLogName:  (Local)
FileLogEntries:  (Local)
FileLogSize: 0 (Local)
FileLogFlags: 0 (Undefined or not used)

UtilizeSslTimeData: 1 (Local)

[Leap Seconds]
Enabled: 1 (Local)
Total Leap Seconds (after June 2018): 0 (Local)
Current UTC offset: 0 (Local)

Updated Time Providers:
NtpClient (Local)
DllName: C:\Windows\system32\w32time.dll (Local)
Enabled: 1 (Local)
InputProvider: 1 (Local)
CrossSiteSyncFlags: 0 (Undefined or not used)
AllowNonstandardModeCombinations: 1 (Local)
ResolvePeerBackoffMinutes: 15 (Local)
ResolvePeerBackoffMaxTimes: 7 (Local)
CompatibilityFlags: 2147483648 (Local)
EventLogFlags: 1 (Local)
LargeSampleSkew: 3 (Local)
SpecialPollInterval: 16384 (Local)
Type: NTP (Local)
NtpServer: time.windows.com,0x9 (Local)

NtpServer (Local)
DllName: C:\Windows\system32\w32time.dll (Local)
Enabled: 0 (Local)
InputProvider: 0 (Local)


System Tick Count: 85710843
For more information, see https://go.microsoft.com/fwlink/?linkid=845961."
"02-07-2026 09:56:36","272","Information","Microsoft-Windows-Time-Service","Leap second configuration:
Enabled: 1 (Local)
Count: 0 (Local)
Current Offset from UTC(Seconds): 0 (Local)
Runtime state consistent with settings: 1
Newest Leap Seconds List (Local):

System Tick Count: 85710843.

For more information, see https://go.microsoft.com/fwlink/?linkid=845961."
"02-07-2026 09:39:32","263","Information","Microsoft-Windows-Time-Service","W32time Service configuration parameters have been updated. This may impact the fine-grained time synchronization accuracy.
Updated Configuration:
EventLogFlags: 2 (Local)
AnnounceFlags: 10 (Local)
TimeJumpAuditOffset: 28800 (Local)
MinPollInterval: 10 (Local)
MaxPollInterval: 15 (Local)
MaxNegPhaseCorrection: 54000 (Local)
MaxPosPhaseCorrection: 54000 (Local)
MaxAllowedPhaseOffset: 1 (Local)

FrequencyCorrectRate: 4 (Local)
PollAdjustFactor: 5 (Local)
LargePhaseOffset: 50000000 (Local)
SpikeWatchPeriod: 900 (Local)
LocalClockDispersion: 10 (Local)
HoldPeriod: 5 (Local)
PhaseCorrectRate: 1 (Local)
UpdateInterval: 360000 (Local)

FileLogName:  (Local)
FileLogEntries:  (Local)
FileLogSize: 0 (Local)
FileLogFlags: 0 (Undefined or not used)

UtilizeSslTimeData: 1 (Local)

[Leap Seconds]
Enabled: 1 (Local)
Total Leap Seconds (after June 2018): 0 (Local)
Current UTC offset: 0 (Local)

Updated Time Providers:
NtpClient (Local)
DllName: C:\Windows\system32\w32time.dll (Local)
Enabled: 1 (Local)
InputProvider: 1 (Local)
CrossSiteSyncFlags: 0 (Undefined or not used)
AllowNonstandardModeCombinations: 1 (Local)
ResolvePeerBackoffMinutes: 15 (Local)
ResolvePeerBackoffMaxTimes: 7 (Local)
CompatibilityFlags: 2147483648 (Local)
EventLogFlags: 1 (Local)
LargeSampleSkew: 3 (Local)
SpecialPollInterval: 16384 (Local)
Type: NTP (Local)
NtpServer: time.windows.com,0x9 (Local)

NtpServer (Local)
DllName: C:\Windows\system32\w32time.dll (Local)
Enabled: 0 (Local)
InputProvider: 0 (Local)


System Tick Count: 84686828
For more information, see https://go.microsoft.com/fwlink/?linkid=845961."
"02-07-2026 09:39:32","272","Information","Microsoft-Windows-Time-Service","Leap second configuration:
Enabled: 1 (Local)
Count: 0 (Local)
Current Offset from UTC(Seconds): 0 (Local)
Runtime state consistent with settings: 1
Newest Leap Seconds List (Local):

System Tick Count: 84686828.

For more information, see https://go.microsoft.com/fwlink/?linkid=845961."
"02-07-2026 09:39:32","260","Information","Microsoft-Windows-Time-Service","W32time Service periodic configuration and status message
Configuration:
EventLogFlags: 2 (Local)
AnnounceFlags: 10 (Local)
TimeJumpAuditOffset: 28800 (Local)
MinPollInterval: 10 (Local)
MaxPollInterval: 15 (Local)
MaxNegPhaseCorrection: 54000 (Local)
MaxPosPhaseCorrection: 54000 (Local)
MaxAllowedPhaseOffset: 1 (Local)

FrequencyCorrectRate: 4 (Local)
PollAdjustFactor: 5 (Local)
LargePhaseOffset: 50000000 (Local)
SpikeWatchPeriod: 900 (Local)
LocalClockDispersion: 10 (Local)
HoldPeriod: 5 (Local)
PhaseCorrectRate: 1 (Local)
UpdateInterval: 360000 (Local)

FileLogName:  (Local)
FileLogEntries:  (Local)
FileLogSize: 0 (Local)
FileLogFlags: 0 (Undefined or not used)

UtilizeSslTimeData: 1 (Local)

[Leap Seconds]
Enabled: 1 (Local)
Total Leap Seconds (after June 2018): 0 (Local)
Current UTC offset: 0 (Local)

Time Providers:
NtpClient (Local)
DllName: C:\Windows\system32\w32time.dll (Local)
Enabled: 1 (Local)
InputProvider: 1 (Local)
CrossSiteSyncFlags: 0 (Undefined or not used)
AllowNonstandardModeCombinations: 1 (Local)
ResolvePeerBackoffMinutes: 15 (Local)
ResolvePeerBackoffMaxTimes: 7 (Local)
CompatibilityFlags: 2147483648 (Local)
EventLogFlags: 1 (Local)
LargeSampleSkew: 3 (Local)
SpecialPollInterval: 16384 (Local)
Type: NTP (Local)
NtpServer: time.windows.com,0x9 (Local)

NtpServer (Local)
DllName: C:\Windows\system32\w32time.dll (Local)
Enabled: 0 (Local)
InputProvider: 0 (Local)



Current Status:
Leap Indicator: 3
Stratum: 0
Precision: -23
RootDelay: 0.0000000s
RootDispersion: 0.0000000s
ReferenceId: 0x00000000
Last Successful Sync Time: 1601-01-01T00:00:00.0Z (UTC)
Source: Local CMOS Clock
Poll Interval: 10
Phase Offset: 0.0000000s
Clock Rate: 156250
State Machine: 0
Time Source Flags: 0
Server Role: 0
Last Sync Error: 1
Time Since Last Good Sync: 1040.0151611s
System Tick Count: 84686828
For more information, see https://go.microsoft.com/fwlink/?linkid=845961."
"02-07-2026 09:39:32","259","Information","Microsoft-Windows-Time-Service","NTP Client provider periodic status:
Ntp Client is receiving time data from the following NTP Servers: ;  and the chosen reference time server is . System Tick Count 84686828. IFTSTMP:1.
For more information, see https://go.microsoft.com/fwlink/?linkid=845961."
"02-07-2026 09:22:12","264","Information","Microsoft-Windows-Time-Service","NTP Client observed a change peer reachability. Ntp Client is now receiving time data from the following NTP Servers: time.windows.com,0x9 (ntp.m|0x9|0.0.0.0:123->40.81.94.65:123);. System Tick Count: 83646859.
For more information, see https://go.microsoft.com/fwlink/?linkid=845961."
"02-07-2026 09:22:11","257","Information","Microsoft-Windows-Time-Service","W32time service has started at 2026-07-02T03:52:11.989Z (UTC), System Tick Count 83646781.
Configuration:
EventLogFlags: 2 (Local)
AnnounceFlags: 10 (Local)
TimeJumpAuditOffset: 28800 (Local)
MinPollInterval: 10 (Local)
MaxPollInterval: 15 (Local)
MaxNegPhaseCorrection: 54000 (Local)
MaxPosPhaseCorrection: 54000 (Local)
MaxAllowedPhaseOffset: 1 (Local)

FrequencyCorrectRate: 4 (Local)
PollAdjustFactor: 5 (Local)
LargePhaseOffset: 50000000 (Local)
SpikeWatchPeriod: 900 (Local)
LocalClockDispersion: 10 (Local)
HoldPeriod: 5 (Local)
PhaseCorrectRate: 1 (Local)
UpdateInterval: 360000 (Local)

FileLogName:  (Local)
FileLogEntries:  (Local)
FileLogSize: 0 (Local)
FileLogFlags: 0 (Undefined or not used)

UtilizeSslTimeData: 1 (Local)

[Leap Seconds]
Enabled: 1 (Local)
Total Leap Seconds (after June 2018): 0 (Local)
Current UTC offset: 0 (Local)

Time Providers:
NtpClient (Local)
DllName: C:\Windows\system32\w32time.dll (Local)
Enabled: 1 (Local)
InputProvider: 1 (Local)
CrossSiteSyncFlags: 0 (Undefined or not used)
AllowNonstandardModeCombinations: 1 (Local)
ResolvePeerBackoffMinutes: 15 (Local)
ResolvePeerBackoffMaxTimes: 7 (Local)
CompatibilityFlags: 2147483648 (Local)
EventLogFlags: 1 (Local)
LargeSampleSkew: 3 (Local)
SpecialPollInterval: 16384 (Local)
Type: NTP (Local)
NtpServer: time.windows.com,0x9 (Local)

NtpServer (Local)
DllName: C:\Windows\system32\w32time.dll (Local)
Enabled: 0 (Local)
InputProvider: 0 (Local)


Clock Rate:156250
For more information, see https://go.microsoft.com/fwlink/?linkid=845961."
"02-07-2026 09:22:11","272","Information","Microsoft-Windows-Time-Service","Leap second configuration:
Enabled: 1 (Local)
Count: 0 (Local)
Current Offset from UTC(Seconds): 0 (Local)
Runtime state consistent with settings: 1
Newest Leap Seconds List (Local):

System Tick Count: 83646781.

For more information, see https://go.microsoft.com/fwlink/?linkid=845961."
"01-07-2026 16:29:48","258","Information","Microsoft-Windows-Time-Service","W32time service is stopping at 2026-07-01T10:59:48.763Z (UTC), System Tick Count 22903593 with return code: 0x00000000: Success.
For more information, see https://go.microsoft.com/fwlink/?linkid=845961."
"01-07-2026 16:29:48","261","Information","Microsoft-Windows-Time-Service","W32time service has set the system time to 2026-07-01T10:59:48.756Z(UTC). Previous system time was 2026-07-01T10:59:48.756Z(UTC). System Tick Count: 22903578
For more information, see https://go.microsoft.com/fwlink/?linkid=845961."
"01-07-2026 16:29:48","265","Information","Microsoft-Windows-Time-Service","The time service is now synchronizing the system time with the reference time source time.windows.com,0x9 (ntp.m|0x9|0.0.0.0:123->40.81.94.65:123) with reference id 0x28515E41. Current local stratum number is 5, System Tick Count: 22903578.
For more information, see https://go.microsoft.com/fwlink/?linkid=845961."
"01-07-2026 16:29:48","264","Information","Microsoft-Windows-Time-Service","NTP Client observed a change peer reachability. Ntp Client is now receiving time data from the following NTP Servers: time.windows.com,0x9 (ntp.m|0x9|0.0.0.0:123->40.81.94.65:123);. System Tick Count: 22903562.
For more information, see https://go.microsoft.com/fwlink/?linkid=845961."
"01-07-2026 14:10:06","266","Information","Microsoft-Windows-Time-Service","W32time Service received notification to rediscover its time sources and/or resynchronize time. Reason Code:2 System Tick Count: 14521031
Reason code description:
0 : An explicit time resynchronization request from an administrator
1 : Power state changes on this machine
2 : Changes to the network interface or to the network topology
3 : State changes within W32time that require time synchronization
The actions that follow this notifcation may impact fine-grained time synchronization accuracy.For more information, see https://go.microsoft.com/fwlink/?linkid=845961."
"01-07-2026 13:27:40","266","Information","Microsoft-Windows-Time-Service","W32time Service received notification to rediscover its time sources and/or resynchronize time. Reason Code:2 System Tick Count: 11975750
Reason code description:
0 : An explicit time resynchronization request from an administrator
1 : Power state changes on this machine
2 : Changes to the network interface or to the network topology
3 : State changes within W32time that require time synchronization
The actions that follow this notifcation may impact fine-grained time synchronization accuracy.For more information, see https://go.microsoft.com/fwlink/?linkid=845961."
"01-07-2026 13:05:16","263","Information","Microsoft-Windows-Time-Service","W32time Service configuration parameters have been updated. This may impact the fine-grained time synchronization accuracy.
Updated Configuration:
EventLogFlags: 2 (Local)
AnnounceFlags: 10 (Local)
TimeJumpAuditOffset: 28800 (Local)
MinPollInterval: 10 (Local)
MaxPollInterval: 15 (Local)
MaxNegPhaseCorrection: 54000 (Local)
MaxPosPhaseCorrection: 54000 (Local)
MaxAllowedPhaseOffset: 1 (Local)

FrequencyCorrectRate: 4 (Local)
PollAdjustFactor: 5 (Local)
LargePhaseOffset: 50000000 (Local)
SpikeWatchPeriod: 900 (Local)
LocalClockDispersion: 10 (Local)
HoldPeriod: 5 (Local)
PhaseCorrectRate: 1 (Local)
UpdateInterval: 360000 (Local)

FileLogName:  (Local)
FileLogEntries:  (Local)
FileLogSize: 0 (Local)
FileLogFlags: 0 (Undefined or not used)

UtilizeSslTimeData: 1 (Local)

[Leap Seconds]
Enabled: 1 (Local)
Total Leap Seconds (after June 2018): 0 (Local)
Current UTC offset: 0 (Local)

Updated Time Providers:
NtpClient (Local)
DllName: C:\Windows\system32\w32time.dll (Local)
Enabled: 1 (Local)
InputProvider: 1 (Local)
CrossSiteSyncFlags: 0 (Undefined or not used)
AllowNonstandardModeCombinations: 1 (Local)
ResolvePeerBackoffMinutes: 15 (Local)
ResolvePeerBackoffMaxTimes: 7 (Local)
CompatibilityFlags: 2147483648 (Local)
EventLogFlags: 1 (Local)
LargeSampleSkew: 3 (Local)
SpecialPollInterval: 16384 (Local)
Type: NTP (Local)
NtpServer: time.windows.com,0x9 (Local)

NtpServer (Local)
DllName: C:\Windows\system32\w32time.dll (Local)
Enabled: 0 (Local)
InputProvider: 0 (Local)


System Tick Count: 10631515
For more information, see https://go.microsoft.com/fwlink/?linkid=845961."
"01-07-2026 13:05:16","272","Information","Microsoft-Windows-Time-Service","Leap second configuration:
Enabled: 1 (Local)
Count: 0 (Local)
Current Offset from UTC(Seconds): 0 (Local)
Runtime state consistent with settings: 1
Newest Leap Seconds List (Local):

System Tick Count: 10631515.

For more information, see https://go.microsoft.com/fwlink/?linkid=845961."
"01-07-2026 12:48:12","263","Information","Microsoft-Windows-Time-Service","W32time Service configuration parameters have been updated. This may impact the fine-grained time synchronization accuracy.
Updated Configuration:
EventLogFlags: 2 (Local)
AnnounceFlags: 10 (Local)
TimeJumpAuditOffset: 28800 (Local)
MinPollInterval: 10 (Local)
MaxPollInterval: 15 (Local)
MaxNegPhaseCorrection: 54000 (Local)
MaxPosPhaseCorrection: 54000 (Local)
MaxAllowedPhaseOffset: 1 (Local)

FrequencyCorrectRate: 4 (Local)
PollAdjustFactor: 5 (Local)
LargePhaseOffset: 50000000 (Local)
SpikeWatchPeriod: 900 (Local)
LocalClockDispersion: 10 (Local)
HoldPeriod: 5 (Local)
PhaseCorrectRate: 1 (Local)
UpdateInterval: 360000 (Local)

FileLogName:  (Local)
FileLogEntries:  (Local)
FileLogSize: 0 (Local)
FileLogFlags: 0 (Undefined or not used)

UtilizeSslTimeData: 1 (Local)

[Leap Seconds]
Enabled: 1 (Local)
Total Leap Seconds (after June 2018): 0 (Local)
Current UTC offset: 0 (Local)

Updated Time Providers:
NtpClient (Local)
DllName: C:\Windows\system32\w32time.dll (Local)
Enabled: 1 (Local)
InputProvider: 1 (Local)
CrossSiteSyncFlags: 0 (Undefined or not used)
AllowNonstandardModeCombinations: 1 (Local)
ResolvePeerBackoffMinutes: 15 (Local)
ResolvePeerBackoffMaxTimes: 7 (Local)
CompatibilityFlags: 2147483648 (Local)
EventLogFlags: 1 (Local)
LargeSampleSkew: 3 (Local)
SpecialPollInterval: 16384 (Local)
Type: NTP (Local)
NtpServer: time.windows.com,0x9 (Local)

NtpServer (Local)
DllName: C:\Windows\system32\w32time.dll (Local)
Enabled: 0 (Local)
InputProvider: 0 (Local)


System Tick Count: 9607500
For more information, see https://go.microsoft.com/fwlink/?linkid=845961."
"01-07-2026 12:48:12","272","Information","Microsoft-Windows-Time-Service","Leap second configuration:
Enabled: 1 (Local)
Count: 0 (Local)
Current Offset from UTC(Seconds): 0 (Local)
Runtime state consistent with settings: 1
Newest Leap Seconds List (Local):

System Tick Count: 9607500.

For more information, see https://go.microsoft.com/fwlink/?linkid=845961."
"01-07-2026 12:31:08","263","Information","Microsoft-Windows-Time-Service","W32time Service configuration parameters have been updated. This may impact the fine-grained time synchronization accuracy.
Updated Configuration:
EventLogFlags: 2 (Local)
AnnounceFlags: 10 (Local)
TimeJumpAuditOffset: 28800 (Local)
MinPollInterval: 10 (Local)
MaxPollInterval: 15 (Local)
MaxNegPhaseCorrection: 54000 (Local)
MaxPosPhaseCorrection: 54000 (Local)
MaxAllowedPhaseOffset: 1 (Local)

FrequencyCorrectRate: 4 (Local)
PollAdjustFactor: 5 (Local)
LargePhaseOffset: 50000000 (Local)
SpikeWatchPeriod: 900 (Local)
LocalClockDispersion: 10 (Local)
HoldPeriod: 5 (Local)
PhaseCorrectRate: 1 (Local)
UpdateInterval: 360000 (Local)

FileLogName:  (Local)
FileLogEntries:  (Local)
FileLogSize: 0 (Local)
FileLogFlags: 0 (Undefined or not used)

UtilizeSslTimeData: 1 (Local)

[Leap Seconds]
Enabled: 1 (Local)
Total Leap Seconds (after June 2018): 0 (Local)
Current UTC offset: 0 (Local)

Updated Time Providers:
NtpClient (Local)
DllName: C:\Windows\system32\w32time.dll (Local)
Enabled: 1 (Local)
InputProvider: 1 (Local)
CrossSiteSyncFlags: 0 (Undefined or not used)
AllowNonstandardModeCombinations: 1 (Local)
ResolvePeerBackoffMinutes: 15 (Local)
ResolvePeerBackoffMaxTimes: 7 (Local)
CompatibilityFlags: 2147483648 (Local)
EventLogFlags: 1 (Local)
LargeSampleSkew: 3 (Local)
SpecialPollInterval: 16384 (Local)
Type: NTP (Local)
NtpServer: time.windows.com,0x9 (Local)

NtpServer (Local)
DllName: C:\Windows\system32\w32time.dll (Local)
Enabled: 0 (Local)
InputProvider: 0 (Local)


System Tick Count: 8583484
For more information, see https://go.microsoft.com/fwlink/?linkid=845961."
"01-07-2026 12:31:08","272","Information","Microsoft-Windows-Time-Service","Leap second configuration:
Enabled: 1 (Local)
Count: 0 (Local)
Current Offset from UTC(Seconds): 0 (Local)
Runtime state consistent with settings: 1
Newest Leap Seconds List (Local):

System Tick Count: 8583484.

For more information, see https://go.microsoft.com/fwlink/?linkid=845961."
"01-07-2026 12:14:04","263","Information","Microsoft-Windows-Time-Service","W32time Service configuration parameters have been updated. This may impact the fine-grained time synchronization accuracy.
Updated Configuration:
EventLogFlags: 2 (Local)
AnnounceFlags: 10 (Local)
TimeJumpAuditOffset: 28800 (Local)
MinPollInterval: 10 (Local)
MaxPollInterval: 15 (Local)
MaxNegPhaseCorrection: 54000 (Local)
MaxPosPhaseCorrection: 54000 (Local)
MaxAllowedPhaseOffset: 1 (Local)

FrequencyCorrectRate: 4 (Local)
PollAdjustFactor: 5 (Local)
LargePhaseOffset: 50000000 (Local)
SpikeWatchPeriod: 900 (Local)
LocalClockDispersion: 10 (Local)
HoldPeriod: 5 (Local)
PhaseCorrectRate: 1 (Local)
UpdateInterval: 360000 (Local)

FileLogName:  (Local)
FileLogEntries:  (Local)
FileLogSize: 0 (Local)
FileLogFlags: 0 (Undefined or not used)

UtilizeSslTimeData: 1 (Local)

[Leap Seconds]
Enabled: 1 (Local)
Total Leap Seconds (after June 2018): 0 (Local)
Current UTC offset: 0 (Local)

Updated Time Providers:
NtpClient (Local)
DllName: C:\Windows\system32\w32time.dll (Local)
Enabled: 1 (Local)
InputProvider: 1 (Local)
CrossSiteSyncFlags: 0 (Undefined or not used)
AllowNonstandardModeCombinations: 1 (Local)
ResolvePeerBackoffMinutes: 15 (Local)
ResolvePeerBackoffMaxTimes: 7 (Local)
CompatibilityFlags: 2147483648 (Local)
EventLogFlags: 1 (Local)
LargeSampleSkew: 3 (Local)
SpecialPollInterval: 16384 (Local)
Type: NTP (Local)
NtpServer: time.windows.com,0x9 (Local)

NtpServer (Local)
DllName: C:\Windows\system32\w32time.dll (Local)
Enabled: 0 (Local)
InputProvider: 0 (Local)


System Tick Count: 7559484
For more information, see https://go.microsoft.com/fwlink/?linkid=845961."
"01-07-2026 12:14:04","272","Information","Microsoft-Windows-Time-Service","Leap second configuration:
Enabled: 1 (Local)
Count: 0 (Local)
Current Offset from UTC(Seconds): 0 (Local)
Runtime state consistent with settings: 1
Newest Leap Seconds List (Local):

System Tick Count: 7559468.

For more information, see https://go.microsoft.com/fwlink/?linkid=845961."
"01-07-2026 12:14:04","260","Information","Microsoft-Windows-Time-Service","W32time Service periodic configuration and status message
Configuration:
EventLogFlags: 2 (Local)
AnnounceFlags: 10 (Local)
TimeJumpAuditOffset: 28800 (Local)
MinPollInterval: 10 (Local)
MaxPollInterval: 15 (Local)
MaxNegPhaseCorrection: 54000 (Local)
MaxPosPhaseCorrection: 54000 (Local)
MaxAllowedPhaseOffset: 1 (Local)

FrequencyCorrectRate: 4 (Local)
PollAdjustFactor: 5 (Local)
LargePhaseOffset: 50000000 (Local)
SpikeWatchPeriod: 900 (Local)
LocalClockDispersion: 10 (Local)
HoldPeriod: 5 (Local)
PhaseCorrectRate: 1 (Local)
UpdateInterval: 360000 (Local)

FileLogName:  (Local)
FileLogEntries:  (Local)
FileLogSize: 0 (Local)
FileLogFlags: 0 (Undefined or not used)

UtilizeSslTimeData: 1 (Local)

[Leap Seconds]
Enabled: 1 (Local)
Total Leap Seconds (after June 2018): 0 (Local)
Current UTC offset: 0 (Local)

Time Providers:
NtpClient (Local)
DllName: C:\Windows\system32\w32time.dll (Local)
Enabled: 1 (Local)
InputProvider: 1 (Local)
CrossSiteSyncFlags: 0 (Undefined or not used)
AllowNonstandardModeCombinations: 1 (Local)
ResolvePeerBackoffMinutes: 15 (Local)
ResolvePeerBackoffMaxTimes: 7 (Local)
CompatibilityFlags: 2147483648 (Local)
EventLogFlags: 1 (Local)
LargeSampleSkew: 3 (Local)
SpecialPollInterval: 16384 (Local)
Type: NTP (Local)
NtpServer: time.windows.com,0x9 (Local)

NtpServer (Local)
DllName: C:\Windows\system32\w32time.dll (Local)
Enabled: 0 (Local)
InputProvider: 0 (Local)



Current Status:
Leap Indicator: 3
Stratum: 0
Precision: -23
RootDelay: 0.0000000s
RootDispersion: 0.0000000s
ReferenceId: 0x00000000
Last Successful Sync Time: 1601-01-01T00:00:00.0Z (UTC)
Source: Local CMOS Clock
Poll Interval: 10
Phase Offset: 0.0000000s
Clock Rate: 156250
State Machine: 0
Time Source Flags: 0
Server Role: 0
Last Sync Error: 1
Time Since Last Good Sync: 1040.0159863s
System Tick Count: 7559468
For more information, see https://go.microsoft.com/fwlink/?linkid=845961."
"01-07-2026 12:14:04","259","Information","Microsoft-Windows-Time-Service","NTP Client provider periodic status:
Ntp Client is receiving time data from the following NTP Servers: ;  and the chosen reference time server is . System Tick Count 7559468. IFTSTMP:1.
For more information, see https://go.microsoft.com/fwlink/?linkid=845961."
"01-07-2026 11:56:44","264","Information","Microsoft-Windows-Time-Service","NTP Client observed a change peer reachability. Ntp Client is now receiving time data from the following NTP Servers: time.windows.com,0x9 (ntp.m|0x9|0.0.0.0:123->40.81.94.65:123);. System Tick Count: 6519640.
For more information, see https://go.microsoft.com/fwlink/?linkid=845961."
"01-07-2026 11:56:44","257","Information","Microsoft-Windows-Time-Service","W32time service has started at 2026-07-01T06:26:44.629Z (UTC), System Tick Count 6519437.
Configuration:
EventLogFlags: 2 (Local)
AnnounceFlags: 10 (Local)
TimeJumpAuditOffset: 28800 (Local)
MinPollInterval: 10 (Local)
MaxPollInterval: 15 (Local)
MaxNegPhaseCorrection: 54000 (Local)
MaxPosPhaseCorrection: 54000 (Local)
MaxAllowedPhaseOffset: 1 (Local)

FrequencyCorrectRate: 4 (Local)
PollAdjustFactor: 5 (Local)
LargePhaseOffset: 50000000 (Local)
SpikeWatchPeriod: 900 (Local)
LocalClockDispersion: 10 (Local)
HoldPeriod: 5 (Local)
PhaseCorrectRate: 1 (Local)
UpdateInterval: 360000 (Local)

FileLogName:  (Local)
FileLogEntries:  (Local)
FileLogSize: 0 (Local)
FileLogFlags: 0 (Undefined or not used)

UtilizeSslTimeData: 1 (Local)

[Leap Seconds]
Enabled: 1 (Local)
Total Leap Seconds (after June 2018): 0 (Local)
Current UTC offset: 0 (Local)

Time Providers:
NtpClient (Local)
DllName: C:\Windows\system32\w32time.dll (Local)
Enabled: 1 (Local)
InputProvider: 1 (Local)
CrossSiteSyncFlags: 0 (Undefined or not used)
AllowNonstandardModeCombinations: 1 (Local)
ResolvePeerBackoffMinutes: 15 (Local)
ResolvePeerBackoffMaxTimes: 7 (Local)
CompatibilityFlags: 2147483648 (Local)
EventLogFlags: 1 (Local)
LargeSampleSkew: 3 (Local)
SpecialPollInterval: 16384 (Local)
Type: NTP (Local)
NtpServer: time.windows.com,0x9 (Local)

NtpServer (Local)
DllName: C:\Windows\system32\w32time.dll (Local)
Enabled: 0 (Local)
InputProvider: 0 (Local)


Clock Rate:156250
For more information, see https://go.microsoft.com/fwlink/?linkid=845961."
"01-07-2026 11:56:44","272","Information","Microsoft-Windows-Time-Service","Leap second configuration:
Enabled: 1 (Local)
Count: 0 (Local)
Current Offset from UTC(Seconds): 0 (Local)
Runtime state consistent with settings: 1
Newest Leap Seconds List (Local):

System Tick Count: 6519437.

For more information, see https://go.microsoft.com/fwlink/?linkid=845961."
"30-06-2026 14:08:34","258","Information","Microsoft-Windows-Time-Service","W32time service is stopping at 2026-06-30T08:38:34.310Z (UTC), System Tick Count 99869109 with return code: 0x00000000: Success.
For more information, see https://go.microsoft.com/fwlink/?linkid=845961."
"30-06-2026 14:08:34","261","Information","Microsoft-Windows-Time-Service","W32time service has set the system time to 2026-06-30T08:38:34.289Z(UTC). Previous system time was 2026-06-30T08:38:34.286Z(UTC). System Tick Count: 99869078
For more information, see https://go.microsoft.com/fwlink/?linkid=845961."
"30-06-2026 14:08:34","265","Information","Microsoft-Windows-Time-Service","The time service is now synchronizing the system time with the reference time source time.windows.com,0x9 (ntp.m|0x9|0.0.0.0:123->40.81.94.65:123) with reference id 0x28515E41. Current local stratum number is 5, System Tick Count: 99869078.
For more information, see https://go.microsoft.com/fwlink/?linkid=845961."
"30-06-2026 14:08:34","264","Information","Microsoft-Windows-Time-Service","NTP Client observed a change peer reachability. Ntp Client is now receiving time data from the following NTP Servers: time.windows.com,0x9 (ntp.m|0x9|0.0.0.0:123->40.81.94.65:123);. System Tick Count: 99869062.
For more information, see https://go.microsoft.com/fwlink/?linkid=845961."
"30-06-2026 10:44:02","263","Information","Microsoft-Windows-Time-Service","W32time Service configuration parameters have been updated. This may impact the fine-grained time synchronization accuracy.
Updated Configuration:
EventLogFlags: 2 (Local)
AnnounceFlags: 10 (Local)
TimeJumpAuditOffset: 28800 (Local)
MinPollInterval: 10 (Local)
MaxPollInterval: 15 (Local)
MaxNegPhaseCorrection: 54000 (Local)
MaxPosPhaseCorrection: 54000 (Local)
MaxAllowedPhaseOffset: 1 (Local)

FrequencyCorrectRate: 4 (Local)
PollAdjustFactor: 5 (Local)
LargePhaseOffset: 50000000 (Local)
SpikeWatchPeriod: 900 (Local)
LocalClockDispersion: 10 (Local)
HoldPeriod: 5 (Local)
PhaseCorrectRate: 1 (Local)
UpdateInterval: 360000 (Local)

FileLogName:  (Local)
FileLogEntries:  (Local)
FileLogSize: 0 (Local)
FileLogFlags: 0 (Undefined or not used)

UtilizeSslTimeData: 1 (Local)

[Leap Seconds]
Enabled: 1 (Local)
Total Leap Seconds (after June 2018): 0 (Local)
Current UTC offset: 0 (Local)

Updated Time Providers:
NtpClient (Local)
DllName: C:\Windows\system32\w32time.dll (Local)
Enabled: 1 (Local)
InputProvider: 1 (Local)
CrossSiteSyncFlags: 0 (Undefined or not used)
AllowNonstandardModeCombinations: 1 (Local)
ResolvePeerBackoffMinutes: 15 (Local)
ResolvePeerBackoffMaxTimes: 7 (Local)
CompatibilityFlags: 2147483648 (Local)
EventLogFlags: 1 (Local)
LargeSampleSkew: 3 (Local)
SpecialPollInterval: 16384 (Local)
Type: NTP (Local)
NtpServer: time.windows.com,0x9 (Local)

NtpServer (Local)
DllName: C:\Windows\system32\w32time.dll (Local)
Enabled: 0 (Local)
InputProvider: 0 (Local)


System Tick Count: 87597062
For more information, see https://go.microsoft.com/fwlink/?linkid=845961."
"30-06-2026 10:44:02","272","Information","Microsoft-Windows-Time-Service","Leap second configuration:
Enabled: 1 (Local)
Count: 0 (Local)
Current Offset from UTC(Seconds): 0 (Local)
Runtime state consistent with settings: 1
Newest Leap Seconds List (Local):

System Tick Count: 87597046.

For more information, see https://go.microsoft.com/fwlink/?linkid=845961."
"30-06-2026 10:26:58","263","Information","Microsoft-Windows-Time-Service","W32time Service configuration parameters have been updated. This may impact the fine-grained time synchronization accuracy.
Updated Configuration:
EventLogFlags: 2 (Local)
AnnounceFlags: 10 (Local)
TimeJumpAuditOffset: 28800 (Local)
MinPollInterval: 10 (Local)
MaxPollInterval: 15 (Local)
MaxNegPhaseCorrection: 54000 (Local)
MaxPosPhaseCorrection: 54000 (Local)
MaxAllowedPhaseOffset: 1 (Local)

FrequencyCorrectRate: 4 (Local)
PollAdjustFactor: 5 (Local)
LargePhaseOffset: 50000000 (Local)
SpikeWatchPeriod: 900 (Local)
LocalClockDispersion: 10 (Local)
HoldPeriod: 5 (Local)
PhaseCorrectRate: 1 (Local)
UpdateInterval: 360000 (Local)

FileLogName:  (Local)
FileLogEntries:  (Local)
FileLogSize: 0 (Local)
FileLogFlags: 0 (Undefined or not used)

UtilizeSslTimeData: 1 (Local)

[Leap Seconds]
Enabled: 1 (Local)
Total Leap Seconds (after June 2018): 0 (Local)
Current UTC offset: 0 (Local)

Updated Time Providers:
NtpClient (Local)
DllName: C:\Windows\system32\w32time.dll (Local)
Enabled: 1 (Local)
InputProvider: 1 (Local)
CrossSiteSyncFlags: 0 (Undefined or not used)
AllowNonstandardModeCombinations: 1 (Local)
ResolvePeerBackoffMinutes: 15 (Local)
ResolvePeerBackoffMaxTimes: 7 (Local)
CompatibilityFlags: 2147483648 (Local)
EventLogFlags: 1 (Local)
LargeSampleSkew: 3 (Local)
SpecialPollInterval: 16384 (Local)
Type: NTP (Local)
NtpServer: time.windows.com,0x9 (Local)

NtpServer (Local)
DllName: C:\Windows\system32\w32time.dll (Local)
Enabled: 0 (Local)
InputProvider: 0 (Local)


System Tick Count: 86573031
For more information, see https://go.microsoft.com/fwlink/?linkid=845961."
"30-06-2026 10:26:58","272","Information","Microsoft-Windows-Time-Service","Leap second configuration:
Enabled: 1 (Local)
Count: 0 (Local)
Current Offset from UTC(Seconds): 0 (Local)
Runtime state consistent with settings: 1
Newest Leap Seconds List (Local):

System Tick Count: 86573015.

For more information, see https://go.microsoft.com/fwlink/?linkid=845961."
"30-06-2026 10:09:54","263","Information","Microsoft-Windows-Time-Service","W32time Service configuration parameters have been updated. This may impact the fine-grained time synchronization accuracy.
Updated Configuration:
EventLogFlags: 2 (Local)
AnnounceFlags: 10 (Local)
TimeJumpAuditOffset: 28800 (Local)
MinPollInterval: 10 (Local)
MaxPollInterval: 15 (Local)
MaxNegPhaseCorrection: 54000 (Local)
MaxPosPhaseCorrection: 54000 (Local)
MaxAllowedPhaseOffset: 1 (Local)

FrequencyCorrectRate: 4 (Local)
PollAdjustFactor: 5 (Local)
LargePhaseOffset: 50000000 (Local)
SpikeWatchPeriod: 900 (Local)
LocalClockDispersion: 10 (Local)
HoldPeriod: 5 (Local)
PhaseCorrectRate: 1 (Local)
UpdateInterval: 360000 (Local)

FileLogName:  (Local)
FileLogEntries:  (Local)
FileLogSize: 0 (Local)
FileLogFlags: 0 (Undefined or not used)

UtilizeSslTimeData: 1 (Local)

[Leap Seconds]
Enabled: 1 (Local)
Total Leap Seconds (after June 2018): 0 (Local)
Current UTC offset: 0 (Local)

Updated Time Providers:
NtpClient (Local)
DllName: C:\Windows\system32\w32time.dll (Local)
Enabled: 1 (Local)
InputProvider: 1 (Local)
CrossSiteSyncFlags: 0 (Undefined or not used)
AllowNonstandardModeCombinations: 1 (Local)
ResolvePeerBackoffMinutes: 15 (Local)
ResolvePeerBackoffMaxTimes: 7 (Local)
CompatibilityFlags: 2147483648 (Local)
EventLogFlags: 1 (Local)
LargeSampleSkew: 3 (Local)
SpecialPollInterval: 16384 (Local)
Type: NTP (Local)
NtpServer: time.windows.com,0x9 (Local)

NtpServer (Local)
DllName: C:\Windows\system32\w32time.dll (Local)
Enabled: 0 (Local)
InputProvider: 0 (Local)


System Tick Count: 85549000
For more information, see https://go.microsoft.com/fwlink/?linkid=845961."
"30-06-2026 10:09:54","272","Information","Microsoft-Windows-Time-Service","Leap second configuration:
Enabled: 1 (Local)
Count: 0 (Local)
Current Offset from UTC(Seconds): 0 (Local)
Runtime state consistent with settings: 1
Newest Leap Seconds List (Local):

System Tick Count: 85549000.

For more information, see https://go.microsoft.com/fwlink/?linkid=845961."
"30-06-2026 09:52:50","263","Information","Microsoft-Windows-Time-Service","W32time Service configuration parameters have been updated. This may impact the fine-grained time synchronization accuracy.
Updated Configuration:
EventLogFlags: 2 (Local)
AnnounceFlags: 10 (Local)
TimeJumpAuditOffset: 28800 (Local)
MinPollInterval: 10 (Local)
MaxPollInterval: 15 (Local)
MaxNegPhaseCorrection: 54000 (Local)
MaxPosPhaseCorrection: 54000 (Local)
MaxAllowedPhaseOffset: 1 (Local)

FrequencyCorrectRate: 4 (Local)
PollAdjustFactor: 5 (Local)
LargePhaseOffset: 50000000 (Local)
SpikeWatchPeriod: 900 (Local)
LocalClockDispersion: 10 (Local)
HoldPeriod: 5 (Local)
PhaseCorrectRate: 1 (Local)
UpdateInterval: 360000 (Local)

FileLogName:  (Local)
FileLogEntries:  (Local)
FileLogSize: 0 (Local)
FileLogFlags: 0 (Undefined or not used)

UtilizeSslTimeData: 1 (Local)

[Leap Seconds]
Enabled: 1 (Local)
Total Leap Seconds (after June 2018): 0 (Local)
Current UTC offset: 0 (Local)

Updated Time Providers:
NtpClient (Local)
DllName: C:\Windows\system32\w32time.dll (Local)
Enabled: 1 (Local)
InputProvider: 1 (Local)
CrossSiteSyncFlags: 0 (Undefined or not used)
AllowNonstandardModeCombinations: 1 (Local)
ResolvePeerBackoffMinutes: 15 (Local)
ResolvePeerBackoffMaxTimes: 7 (Local)
CompatibilityFlags: 2147483648 (Local)
EventLogFlags: 1 (Local)
LargeSampleSkew: 3 (Local)
SpecialPollInterval: 16384 (Local)
Type: NTP (Local)
NtpServer: time.windows.com,0x9 (Local)

NtpServer (Local)
DllName: C:\Windows\system32\w32time.dll (Local)
Enabled: 0 (Local)
InputProvider: 0 (Local)


System Tick Count: 84525000
For more information, see https://go.microsoft.com/fwlink/?linkid=845961."
"30-06-2026 09:52:50","272","Information","Microsoft-Windows-Time-Service","Leap second configuration:
Enabled: 1 (Local)
Count: 0 (Local)
Current Offset from UTC(Seconds): 0 (Local)
Runtime state consistent with settings: 1
Newest Leap Seconds List (Local):

System Tick Count: 84524984.

For more information, see https://go.microsoft.com/fwlink/?linkid=845961."
"30-06-2026 09:52:50","260","Information","Microsoft-Windows-Time-Service","W32time Service periodic configuration and status message
Configuration:
EventLogFlags: 2 (Local)
AnnounceFlags: 10 (Local)
TimeJumpAuditOffset: 28800 (Local)
MinPollInterval: 10 (Local)
MaxPollInterval: 15 (Local)
MaxNegPhaseCorrection: 54000 (Local)
MaxPosPhaseCorrection: 54000 (Local)
MaxAllowedPhaseOffset: 1 (Local)

FrequencyCorrectRate: 4 (Local)
PollAdjustFactor: 5 (Local)
LargePhaseOffset: 50000000 (Local)
SpikeWatchPeriod: 900 (Local)
LocalClockDispersion: 10 (Local)
HoldPeriod: 5 (Local)
PhaseCorrectRate: 1 (Local)
UpdateInterval: 360000 (Local)

FileLogName:  (Local)
FileLogEntries:  (Local)
FileLogSize: 0 (Local)
FileLogFlags: 0 (Undefined or not used)

UtilizeSslTimeData: 1 (Local)

[Leap Seconds]
Enabled: 1 (Local)
Total Leap Seconds (after June 2018): 0 (Local)
Current UTC offset: 0 (Local)

Time Providers:
NtpClient (Local)
DllName: C:\Windows\system32\w32time.dll (Local)
Enabled: 1 (Local)
InputProvider: 1 (Local)
CrossSiteSyncFlags: 0 (Undefined or not used)
AllowNonstandardModeCombinations: 1 (Local)
ResolvePeerBackoffMinutes: 15 (Local)
ResolvePeerBackoffMaxTimes: 7 (Local)
CompatibilityFlags: 2147483648 (Local)
EventLogFlags: 1 (Local)
LargeSampleSkew: 3 (Local)
SpecialPollInterval: 16384 (Local)
Type: NTP (Local)
NtpServer: time.windows.com,0x9 (Local)

NtpServer (Local)
DllName: C:\Windows\system32\w32time.dll (Local)
Enabled: 0 (Local)
InputProvider: 0 (Local)



Current Status:
Leap Indicator: 3
Stratum: 0
Precision: -23
RootDelay: 0.0000000s
RootDispersion: 0.0000000s
ReferenceId: 0x00000000
Last Successful Sync Time: 1601-01-01T00:00:00.0Z (UTC)
Source: Local CMOS Clock
Poll Interval: 10
Phase Offset: 0.0000000s
Clock Rate: 156250
State Machine: 0
Time Source Flags: 0
Server Role: 0
Last Sync Error: 1
Time Since Last Good Sync: 1040.0217091s
System Tick Count: 84524984
For more information, see https://go.microsoft.com/fwlink/?linkid=845961."
"30-06-2026 09:52:50","259","Information","Microsoft-Windows-Time-Service","NTP Client provider periodic status:
Ntp Client is receiving time data from the following NTP Servers: ;  and the chosen reference time server is . System Tick Count 84524984. IFTSTMP:1.
For more information, see https://go.microsoft.com/fwlink/?linkid=845961."
"30-06-2026 09:35:30","264","Information","Microsoft-Windows-Time-Service","NTP Client observed a change peer reachability. Ntp Client is now receiving time data from the following NTP Servers: time.windows.com,0x9 (ntp.m|0x9|0.0.0.0:123->40.81.94.65:123);. System Tick Count: 83485000.
For more information, see https://go.microsoft.com/fwlink/?linkid=845961."
"30-06-2026 09:35:30","257","Information","Microsoft-Windows-Time-Service","W32time service has started at 2026-06-30T04:05:30.162Z (UTC), System Tick Count 83484937.
Configuration:
EventLogFlags: 2 (Local)
AnnounceFlags: 10 (Local)
TimeJumpAuditOffset: 28800 (Local)
MinPollInterval: 10 (Local)
MaxPollInterval: 15 (Local)
MaxNegPhaseCorrection: 54000 (Local)
MaxPosPhaseCorrection: 54000 (Local)
MaxAllowedPhaseOffset: 1 (Local)

FrequencyCorrectRate: 4 (Local)
PollAdjustFactor: 5 (Local)
LargePhaseOffset: 50000000 (Local)
SpikeWatchPeriod: 900 (Local)
LocalClockDispersion: 10 (Local)
HoldPeriod: 5 (Local)
PhaseCorrectRate: 1 (Local)
UpdateInterval: 360000 (Local)

FileLogName:  (Local)
FileLogEntries:  (Local)
FileLogSize: 0 (Local)
FileLogFlags: 0 (Undefined or not used)

UtilizeSslTimeData: 1 (Local)

[Leap Seconds]
Enabled: 1 (Local)
Total Leap Seconds (after June 2018): 0 (Local)
Current UTC offset: 0 (Local)

Time Providers:
NtpClient (Local)
DllName: C:\Windows\system32\w32time.dll (Local)
Enabled: 1 (Local)
InputProvider: 1 (Local)
CrossSiteSyncFlags: 0 (Undefined or not used)
AllowNonstandardModeCombinations: 1 (Local)
ResolvePeerBackoffMinutes: 15 (Local)
ResolvePeerBackoffMaxTimes: 7 (Local)
CompatibilityFlags: 2147483648 (Local)
EventLogFlags: 1 (Local)
LargeSampleSkew: 3 (Local)
SpecialPollInterval: 16384 (Local)
Type: NTP (Local)
NtpServer: time.windows.com,0x9 (Local)

NtpServer (Local)
DllName: C:\Windows\system32\w32time.dll (Local)
Enabled: 0 (Local)
InputProvider: 0 (Local)


Clock Rate:156250
For more information, see https://go.microsoft.com/fwlink/?linkid=845961."
"30-06-2026 09:35:30","272","Information","Microsoft-Windows-Time-Service","Leap second configuration:
Enabled: 1 (Local)
Count: 0 (Local)
Current Offset from UTC(Seconds): 0 (Local)
Runtime state consistent with settings: 1
Newest Leap Seconds List (Local):

System Tick Count: 83484937.

For more information, see https://go.microsoft.com/fwlink/?linkid=845961."
