"05-08-2026 14:14:52","5002","Information","Microsoft-Windows-HelloForBusiness","A user is signing into the device with the following gesture information:

Type: Invalid
Subtype: No Bio"
"05-08-2026 13:50:28","5001","Information","Microsoft-Windows-HelloForBusiness","A user signed into the device with the following information:

Username: SYSTEM
User SID: S-1-5-18
Credential Type: Software Key
Deployment Type: Key Trust"
"05-08-2026 13:50:28","5702","Information","Microsoft-Windows-HelloForBusiness","Windows Hello wrote following protector properties to disk: HResult = 0x0, PIN protector = true, Bio protector = false, Secure Bio Protector = false, Recovery protector = true, Preboot protector = false"
"05-08-2026 13:50:27","5002","Information","Microsoft-Windows-HelloForBusiness","A user is signing into the device with the following gesture information:

Type: Invalid
Subtype: No Bio"
"05-08-2026 11:51:18","5001","Information","Microsoft-Windows-HelloForBusiness","A user signed into the device with the following information:

Username: SYSTEM
User SID: S-1-5-18
Credential Type: Software Key
Deployment Type: Key Trust"
"05-08-2026 11:51:18","5702","Information","Microsoft-Windows-HelloForBusiness","Windows Hello wrote following protector properties to disk: HResult = 0x0, PIN protector = true, Bio protector = false, Secure Bio Protector = false, Recovery protector = true, Preboot protector = false"
"05-08-2026 11:51:18","5002","Information","Microsoft-Windows-HelloForBusiness","A user is signing into the device with the following gesture information:

Type: Invalid
Subtype: No Bio"
"05-08-2026 11:18:27","5702","Information","Microsoft-Windows-HelloForBusiness","Windows Hello wrote following protector properties to disk: HResult = 0x0, PIN protector = true, Bio protector = false, Secure Bio Protector = false, Recovery protector = true, Preboot protector = false"
"05-08-2026 11:18:27","5002","Information","Microsoft-Windows-HelloForBusiness","A user is signing into the device with the following gesture information:

Type: Invalid
Subtype: No Bio"
"05-08-2026 11:18:20","5702","Information","Microsoft-Windows-HelloForBusiness","Windows Hello wrote following protector properties to disk: HResult = 0x0, PIN protector = true, Bio protector = false, Secure Bio Protector = false, Recovery protector = true, Preboot protector = false"
"05-08-2026 11:18:20","5002","Information","Microsoft-Windows-HelloForBusiness","A user is signing into the device with the following gesture information:

Type: Invalid
Subtype: No Bio"
"05-08-2026 09:38:50","5001","Information","Microsoft-Windows-HelloForBusiness","A user signed into the device with the following information:

Username: SYSTEM
User SID: S-1-5-18
Credential Type: Software Key
Deployment Type: Key Trust"
"05-08-2026 09:38:49","5702","Information","Microsoft-Windows-HelloForBusiness","Windows Hello wrote following protector properties to disk: HResult = 0x0, PIN protector = true, Bio protector = false, Secure Bio Protector = false, Recovery protector = true, Preboot protector = false"
"05-08-2026 09:38:49","5002","Information","Microsoft-Windows-HelloForBusiness","A user is signing into the device with the following gesture information:

Type: Invalid
Subtype: No Bio"
"04-08-2026 18:33:01","5001","Information","Microsoft-Windows-HelloForBusiness","A user signed into the device with the following information:

Username: SYSTEM
User SID: S-1-5-18
Credential Type: Software Key
Deployment Type: Key Trust"
"04-08-2026 18:33:00","5702","Information","Microsoft-Windows-HelloForBusiness","Windows Hello wrote following protector properties to disk: HResult = 0x0, PIN protector = true, Bio protector = false, Secure Bio Protector = false, Recovery protector = true, Preboot protector = false"
"04-08-2026 18:33:00","5002","Information","Microsoft-Windows-HelloForBusiness","A user is signing into the device with the following gesture information:

Type: Invalid
Subtype: No Bio"
"04-08-2026 17:51:53","5001","Information","Microsoft-Windows-HelloForBusiness","A user signed into the device with the following information:

Username: SYSTEM
User SID: S-1-5-18
Credential Type: Software Key
Deployment Type: Key Trust"
"04-08-2026 17:51:53","5702","Information","Microsoft-Windows-HelloForBusiness","Windows Hello wrote following protector properties to disk: HResult = 0x0, PIN protector = true, Bio protector = false, Secure Bio Protector = false, Recovery protector = true, Preboot protector = false"
"04-08-2026 17:51:53","5002","Information","Microsoft-Windows-HelloForBusiness","A user is signing into the device with the following gesture information:

Type: Invalid
Subtype: No Bio"
"04-08-2026 17:27:45","5001","Information","Microsoft-Windows-HelloForBusiness","A user signed into the device with the following information:

Username: SYSTEM
User SID: S-1-5-18
Credential Type: Software Key
Deployment Type: Key Trust"
"04-08-2026 17:27:45","5702","Information","Microsoft-Windows-HelloForBusiness","Windows Hello wrote following protector properties to disk: HResult = 0x0, PIN protector = true, Bio protector = false, Secure Bio Protector = false, Recovery protector = true, Preboot protector = false"
"04-08-2026 17:27:45","5002","Information","Microsoft-Windows-HelloForBusiness","A user is signing into the device with the following gesture information:

Type: Invalid
Subtype: No Bio"
"04-08-2026 17:08:28","5001","Information","Microsoft-Windows-HelloForBusiness","A user signed into the device with the following information:

Username: SYSTEM
User SID: S-1-5-18
Credential Type: Software Key
Deployment Type: Key Trust"
"04-08-2026 17:08:28","5702","Information","Microsoft-Windows-HelloForBusiness","Windows Hello wrote following protector properties to disk: HResult = 0x0, PIN protector = true, Bio protector = false, Secure Bio Protector = false, Recovery protector = true, Preboot protector = false"
"04-08-2026 17:08:28","5002","Information","Microsoft-Windows-HelloForBusiness","A user is signing into the device with the following gesture information:

Type: Invalid
Subtype: No Bio"
"04-08-2026 16:48:19","5001","Information","Microsoft-Windows-HelloForBusiness","A user signed into the device with the following information:

Username: SYSTEM
User SID: S-1-5-18
Credential Type: Software Key
Deployment Type: Key Trust"
"04-08-2026 16:48:19","5702","Information","Microsoft-Windows-HelloForBusiness","Windows Hello wrote following protector properties to disk: HResult = 0x0, PIN protector = true, Bio protector = false, Secure Bio Protector = false, Recovery protector = true, Preboot protector = false"
"04-08-2026 16:48:18","5002","Information","Microsoft-Windows-HelloForBusiness","A user is signing into the device with the following gesture information:

Type: Invalid
Subtype: No Bio"
"04-08-2026 16:21:50","5205","Information","Microsoft-Windows-HelloForBusiness","Windows Hello for Business On-Premise authentication configurations: 

Certificate Enrollment Method: None
Certificate Required for On-Premise Auth: false
Use Cloud Trust for On-Premise Auth: false
Account has Cloud TGT: false"
"04-08-2026 15:26:26","5001","Information","Microsoft-Windows-HelloForBusiness","A user signed into the device with the following information:

Username: SYSTEM
User SID: S-1-5-18
Credential Type: Software Key
Deployment Type: Key Trust"
"04-08-2026 15:26:26","5702","Information","Microsoft-Windows-HelloForBusiness","Windows Hello wrote following protector properties to disk: HResult = 0x0, PIN protector = true, Bio protector = false, Secure Bio Protector = false, Recovery protector = true, Preboot protector = false"
"04-08-2026 15:26:26","5002","Information","Microsoft-Windows-HelloForBusiness","A user is signing into the device with the following gesture information:

Type: Invalid
Subtype: No Bio"
"04-08-2026 14:11:06","5001","Information","Microsoft-Windows-HelloForBusiness","A user signed into the device with the following information:

Username: SYSTEM
User SID: S-1-5-18
Credential Type: Software Key
Deployment Type: Key Trust"
"04-08-2026 14:11:06","5702","Information","Microsoft-Windows-HelloForBusiness","Windows Hello wrote following protector properties to disk: HResult = 0x0, PIN protector = true, Bio protector = false, Secure Bio Protector = false, Recovery protector = true, Preboot protector = false"
"04-08-2026 14:11:06","5002","Information","Microsoft-Windows-HelloForBusiness","A user is signing into the device with the following gesture information:

Type: Invalid
Subtype: No Bio"
"04-08-2026 11:44:14","5001","Information","Microsoft-Windows-HelloForBusiness","A user signed into the device with the following information:

Username: SYSTEM
User SID: S-1-5-18
Credential Type: Software Key
Deployment Type: Key Trust"
"04-08-2026 11:44:14","5702","Information","Microsoft-Windows-HelloForBusiness","Windows Hello wrote following protector properties to disk: HResult = 0x0, PIN protector = true, Bio protector = false, Secure Bio Protector = false, Recovery protector = true, Preboot protector = false"
"04-08-2026 11:44:13","5002","Information","Microsoft-Windows-HelloForBusiness","A user is signing into the device with the following gesture information:

Type: Invalid
Subtype: No Bio"
"04-08-2026 09:35:52","5001","Information","Microsoft-Windows-HelloForBusiness","A user signed into the device with the following information:

Username: SYSTEM
User SID: S-1-5-18
Credential Type: Software Key
Deployment Type: Key Trust"
"04-08-2026 09:35:52","5702","Information","Microsoft-Windows-HelloForBusiness","Windows Hello wrote following protector properties to disk: HResult = 0x0, PIN protector = true, Bio protector = false, Secure Bio Protector = false, Recovery protector = true, Preboot protector = false"
"04-08-2026 09:35:52","5002","Information","Microsoft-Windows-HelloForBusiness","A user is signing into the device with the following gesture information:

Type: Invalid
Subtype: No Bio"
"03-08-2026 18:21:21","5001","Information","Microsoft-Windows-HelloForBusiness","A user signed into the device with the following information:

Username: SYSTEM
User SID: S-1-5-18
Credential Type: Software Key
Deployment Type: Key Trust"
"03-08-2026 18:21:21","5702","Information","Microsoft-Windows-HelloForBusiness","Windows Hello wrote following protector properties to disk: HResult = 0x0, PIN protector = true, Bio protector = false, Secure Bio Protector = false, Recovery protector = true, Preboot protector = false"
"03-08-2026 18:21:21","5002","Information","Microsoft-Windows-HelloForBusiness","A user is signing into the device with the following gesture information:

Type: Invalid
Subtype: No Bio"
"03-08-2026 17:44:50","5001","Information","Microsoft-Windows-HelloForBusiness","A user signed into the device with the following information:

Username: SYSTEM
User SID: S-1-5-18
Credential Type: Software Key
Deployment Type: Key Trust"
"03-08-2026 17:44:49","5702","Information","Microsoft-Windows-HelloForBusiness","Windows Hello wrote following protector properties to disk: HResult = 0x0, PIN protector = true, Bio protector = false, Secure Bio Protector = false, Recovery protector = true, Preboot protector = false"
"03-08-2026 17:44:49","5002","Information","Microsoft-Windows-HelloForBusiness","A user is signing into the device with the following gesture information:

Type: Invalid
Subtype: No Bio"
"03-08-2026 17:23:15","5001","Information","Microsoft-Windows-HelloForBusiness","A user signed into the device with the following information:

Username: SYSTEM
User SID: S-1-5-18
Credential Type: Software Key
Deployment Type: Key Trust"
"03-08-2026 17:23:15","5702","Information","Microsoft-Windows-HelloForBusiness","Windows Hello wrote following protector properties to disk: HResult = 0x0, PIN protector = true, Bio protector = false, Secure Bio Protector = false, Recovery protector = true, Preboot protector = false"
"03-08-2026 17:23:15","5002","Information","Microsoft-Windows-HelloForBusiness","A user is signing into the device with the following gesture information:

Type: Invalid
Subtype: No Bio"
"03-08-2026 16:54:40","5001","Information","Microsoft-Windows-HelloForBusiness","A user signed into the device with the following information:

Username: SYSTEM
User SID: S-1-5-18
Credential Type: Software Key
Deployment Type: Key Trust"
"03-08-2026 16:54:40","5702","Information","Microsoft-Windows-HelloForBusiness","Windows Hello wrote following protector properties to disk: HResult = 0x0, PIN protector = true, Bio protector = false, Secure Bio Protector = false, Recovery protector = true, Preboot protector = false"
"03-08-2026 16:54:40","5002","Information","Microsoft-Windows-HelloForBusiness","A user is signing into the device with the following gesture information:

Type: Invalid
Subtype: No Bio"
"03-08-2026 16:34:25","5001","Information","Microsoft-Windows-HelloForBusiness","A user signed into the device with the following information:

Username: SYSTEM
User SID: S-1-5-18
Credential Type: Software Key
Deployment Type: Key Trust"
"03-08-2026 16:34:25","5702","Information","Microsoft-Windows-HelloForBusiness","Windows Hello wrote following protector properties to disk: HResult = 0x0, PIN protector = true, Bio protector = false, Secure Bio Protector = false, Recovery protector = true, Preboot protector = false"
"03-08-2026 16:34:25","5002","Information","Microsoft-Windows-HelloForBusiness","A user is signing into the device with the following gesture information:

Type: Invalid
Subtype: No Bio"
"03-08-2026 16:15:56","5001","Information","Microsoft-Windows-HelloForBusiness","A user signed into the device with the following information:

Username: SYSTEM
User SID: S-1-5-18
Credential Type: Software Key
Deployment Type: Key Trust"
"03-08-2026 16:15:56","5702","Information","Microsoft-Windows-HelloForBusiness","Windows Hello wrote following protector properties to disk: HResult = 0x0, PIN protector = true, Bio protector = false, Secure Bio Protector = false, Recovery protector = true, Preboot protector = false"
"03-08-2026 16:15:56","5002","Information","Microsoft-Windows-HelloForBusiness","A user is signing into the device with the following gesture information:

Type: Invalid
Subtype: No Bio"
"03-08-2026 15:54:23","5001","Information","Microsoft-Windows-HelloForBusiness","A user signed into the device with the following information:

Username: SYSTEM
User SID: S-1-5-18
Credential Type: Software Key
Deployment Type: Key Trust"
"03-08-2026 15:54:23","5702","Information","Microsoft-Windows-HelloForBusiness","Windows Hello wrote following protector properties to disk: HResult = 0x0, PIN protector = true, Bio protector = false, Secure Bio Protector = false, Recovery protector = true, Preboot protector = false"
"03-08-2026 15:54:23","5002","Information","Microsoft-Windows-HelloForBusiness","A user is signing into the device with the following gesture information:

Type: Invalid
Subtype: No Bio"
"03-08-2026 14:41:43","5001","Information","Microsoft-Windows-HelloForBusiness","A user signed into the device with the following information:

Username: SYSTEM
User SID: S-1-5-18
Credential Type: Software Key
Deployment Type: Key Trust"
"03-08-2026 14:41:43","5702","Information","Microsoft-Windows-HelloForBusiness","Windows Hello wrote following protector properties to disk: HResult = 0x0, PIN protector = true, Bio protector = false, Secure Bio Protector = false, Recovery protector = true, Preboot protector = false"
"03-08-2026 14:41:43","5002","Information","Microsoft-Windows-HelloForBusiness","A user is signing into the device with the following gesture information:

Type: Invalid
Subtype: No Bio"
"03-08-2026 14:20:37","5001","Information","Microsoft-Windows-HelloForBusiness","A user signed into the device with the following information:

Username: SYSTEM
User SID: S-1-5-18
Credential Type: Software Key
Deployment Type: Key Trust"
"03-08-2026 14:20:37","5702","Information","Microsoft-Windows-HelloForBusiness","Windows Hello wrote following protector properties to disk: HResult = 0x0, PIN protector = true, Bio protector = false, Secure Bio Protector = false, Recovery protector = true, Preboot protector = false"
"03-08-2026 14:20:37","5002","Information","Microsoft-Windows-HelloForBusiness","A user is signing into the device with the following gesture information:

Type: Invalid
Subtype: No Bio"
"03-08-2026 13:19:02","5001","Information","Microsoft-Windows-HelloForBusiness","A user signed into the device with the following information:

Username: SYSTEM
User SID: S-1-5-18
Credential Type: Software Key
Deployment Type: Key Trust"
"03-08-2026 13:19:02","5702","Information","Microsoft-Windows-HelloForBusiness","Windows Hello wrote following protector properties to disk: HResult = 0x0, PIN protector = true, Bio protector = false, Secure Bio Protector = false, Recovery protector = true, Preboot protector = false"
"03-08-2026 13:19:02","5002","Information","Microsoft-Windows-HelloForBusiness","A user is signing into the device with the following gesture information:

Type: Invalid
Subtype: No Bio"
"03-08-2026 12:33:45","5001","Information","Microsoft-Windows-HelloForBusiness","A user signed into the device with the following information:

Username: SYSTEM
User SID: S-1-5-18
Credential Type: Software Key
Deployment Type: Key Trust"
"03-08-2026 12:33:45","5702","Information","Microsoft-Windows-HelloForBusiness","Windows Hello wrote following protector properties to disk: HResult = 0x0, PIN protector = true, Bio protector = false, Secure Bio Protector = false, Recovery protector = true, Preboot protector = false"
"03-08-2026 12:33:45","5002","Information","Microsoft-Windows-HelloForBusiness","A user is signing into the device with the following gesture information:

Type: Invalid
Subtype: No Bio"
"03-08-2026 11:04:29","5001","Information","Microsoft-Windows-HelloForBusiness","A user signed into the device with the following information:

Username: SYSTEM
User SID: S-1-5-18
Credential Type: Software Key
Deployment Type: Key Trust"
"03-08-2026 11:04:29","5702","Information","Microsoft-Windows-HelloForBusiness","Windows Hello wrote following protector properties to disk: HResult = 0x0, PIN protector = true, Bio protector = false, Secure Bio Protector = false, Recovery protector = true, Preboot protector = false"
"03-08-2026 11:04:29","5002","Information","Microsoft-Windows-HelloForBusiness","A user is signing into the device with the following gesture information:

Type: Invalid
Subtype: No Bio"
"03-08-2026 10:17:06","5001","Information","Microsoft-Windows-HelloForBusiness","A user signed into the device with the following information:

Username: SYSTEM
User SID: S-1-5-18
Credential Type: Software Key
Deployment Type: Key Trust"
"03-08-2026 10:17:06","5702","Information","Microsoft-Windows-HelloForBusiness","Windows Hello wrote following protector properties to disk: HResult = 0x0, PIN protector = true, Bio protector = false, Secure Bio Protector = false, Recovery protector = true, Preboot protector = false"
"03-08-2026 10:17:06","5002","Information","Microsoft-Windows-HelloForBusiness","A user is signing into the device with the following gesture information:

Type: Invalid
Subtype: No Bio"
"03-08-2026 09:52:21","5001","Information","Microsoft-Windows-HelloForBusiness","A user signed into the device with the following information:

Username: SYSTEM
User SID: S-1-5-18
Credential Type: Software Key
Deployment Type: Key Trust"
"03-08-2026 09:52:21","5702","Information","Microsoft-Windows-HelloForBusiness","Windows Hello wrote following protector properties to disk: HResult = 0x0, PIN protector = true, Bio protector = false, Secure Bio Protector = false, Recovery protector = true, Preboot protector = false"
"03-08-2026 09:52:20","5002","Information","Microsoft-Windows-HelloForBusiness","A user is signing into the device with the following gesture information:

Type: Invalid
Subtype: No Bio"
"03-08-2026 09:38:28","5205","Information","Microsoft-Windows-HelloForBusiness","Windows Hello for Business On-Premise authentication configurations: 

Certificate Enrollment Method: None
Certificate Required for On-Premise Auth: false
Use Cloud Trust for On-Premise Auth: false
Account has Cloud TGT: false"
"03-08-2026 09:33:14","5000","Information","Microsoft-Windows-HelloForBusiness","TPM Manufacturer: ST Microelectronics
Version: 2.0
Firmware Version: 1.769.0.0
Is Ready: true"
"03-08-2026 09:33:14","8025","Success","Microsoft-Windows-HelloForBusiness","The Microsoft Passport service started successfully."
"03-08-2026 09:26:38","5205","Information","Microsoft-Windows-HelloForBusiness","Windows Hello for Business On-Premise authentication configurations: 

Certificate Enrollment Method: None
Certificate Required for On-Premise Auth: false
Use Cloud Trust for On-Premise Auth: false
Account has Cloud TGT: false"
"03-08-2026 09:26:06","8025","Success","Microsoft-Windows-HelloForBusiness","The Microsoft Passport Container service started successfully."
"03-08-2026 09:26:06","8002","Success","Microsoft-Windows-HelloForBusiness","Successfully loaded an existing hardware Windows Hello container.

ID: {dc3bf01d-2dbb-4626-b5cb-24709c65303f}
Version: 2
Has Cached Logon Key: true
State: Okay"
"03-08-2026 09:26:06","5701","Information","Microsoft-Windows-HelloForBusiness","Windows Hello read following protector properties from disk: HResult = 0x0, PIN protector = true, Bio protector = false, Secure Bio Protector = false, Recovery protector = true, Preboot protector = false"
"03-08-2026 09:26:05","5000","Information","Microsoft-Windows-HelloForBusiness","TPM Manufacturer: ST Microelectronics
Version: 2.0
Firmware Version: 1.769.0.0
Is Ready: true"
"03-08-2026 09:26:05","8025","Success","Microsoft-Windows-HelloForBusiness","The Microsoft Passport service started successfully."
"31-07-2026 18:27:24","5001","Information","Microsoft-Windows-HelloForBusiness","A user signed into the device with the following information:

Username: SYSTEM
User SID: S-1-5-18
Credential Type: Software Key
Deployment Type: Key Trust"
"31-07-2026 18:27:24","5702","Information","Microsoft-Windows-HelloForBusiness","Windows Hello wrote following protector properties to disk: HResult = 0x0, PIN protector = true, Bio protector = false, Secure Bio Protector = false, Recovery protector = true, Preboot protector = false"
"31-07-2026 18:27:23","5002","Information","Microsoft-Windows-HelloForBusiness","A user is signing into the device with the following gesture information:

Type: Invalid
Subtype: No Bio"
"31-07-2026 15:56:24","5001","Information","Microsoft-Windows-HelloForBusiness","A user signed into the device with the following information:

Username: SYSTEM
User SID: S-1-5-18
Credential Type: Software Key
Deployment Type: Key Trust"
"31-07-2026 15:56:24","5702","Information","Microsoft-Windows-HelloForBusiness","Windows Hello wrote following protector properties to disk: HResult = 0x0, PIN protector = true, Bio protector = false, Secure Bio Protector = false, Recovery protector = true, Preboot protector = false"
"31-07-2026 15:56:24","5002","Information","Microsoft-Windows-HelloForBusiness","A user is signing into the device with the following gesture information:

Type: Invalid
Subtype: No Bio"
"31-07-2026 15:13:14","5001","Information","Microsoft-Windows-HelloForBusiness","A user signed into the device with the following information:

Username: SYSTEM
User SID: S-1-5-18
Credential Type: Software Key
Deployment Type: Key Trust"
"31-07-2026 15:13:13","5702","Information","Microsoft-Windows-HelloForBusiness","Windows Hello wrote following protector properties to disk: HResult = 0x0, PIN protector = true, Bio protector = false, Secure Bio Protector = false, Recovery protector = true, Preboot protector = false"
"31-07-2026 15:13:13","5002","Information","Microsoft-Windows-HelloForBusiness","A user is signing into the device with the following gesture information:

Type: Invalid
Subtype: No Bio"
"31-07-2026 14:56:19","5001","Information","Microsoft-Windows-HelloForBusiness","A user signed into the device with the following information:

Username: SYSTEM
User SID: S-1-5-18
Credential Type: Software Key
Deployment Type: Key Trust"
"31-07-2026 14:56:19","5702","Information","Microsoft-Windows-HelloForBusiness","Windows Hello wrote following protector properties to disk: HResult = 0x0, PIN protector = true, Bio protector = false, Secure Bio Protector = false, Recovery protector = true, Preboot protector = false"
"31-07-2026 14:56:18","5002","Information","Microsoft-Windows-HelloForBusiness","A user is signing into the device with the following gesture information:

Type: Invalid
Subtype: No Bio"
"31-07-2026 13:30:01","5001","Information","Microsoft-Windows-HelloForBusiness","A user signed into the device with the following information:

Username: SYSTEM
User SID: S-1-5-18
Credential Type: Software Key
Deployment Type: Key Trust"
"31-07-2026 13:30:01","5702","Information","Microsoft-Windows-HelloForBusiness","Windows Hello wrote following protector properties to disk: HResult = 0x0, PIN protector = true, Bio protector = false, Secure Bio Protector = false, Recovery protector = true, Preboot protector = false"
"31-07-2026 13:30:01","5002","Information","Microsoft-Windows-HelloForBusiness","A user is signing into the device with the following gesture information:

Type: Invalid
Subtype: No Bio"
"31-07-2026 12:07:11","5001","Information","Microsoft-Windows-HelloForBusiness","A user signed into the device with the following information:

Username: SYSTEM
User SID: S-1-5-18
Credential Type: Software Key
Deployment Type: Key Trust"
"31-07-2026 12:07:11","5702","Information","Microsoft-Windows-HelloForBusiness","Windows Hello wrote following protector properties to disk: HResult = 0x0, PIN protector = true, Bio protector = false, Secure Bio Protector = false, Recovery protector = true, Preboot protector = false"
"31-07-2026 12:07:11","5002","Information","Microsoft-Windows-HelloForBusiness","A user is signing into the device with the following gesture information:

Type: Invalid
Subtype: No Bio"
"31-07-2026 11:17:05","5001","Information","Microsoft-Windows-HelloForBusiness","A user signed into the device with the following information:

Username: SYSTEM
User SID: S-1-5-18
Credential Type: Software Key
Deployment Type: Key Trust"
"31-07-2026 11:17:05","5702","Information","Microsoft-Windows-HelloForBusiness","Windows Hello wrote following protector properties to disk: HResult = 0x0, PIN protector = true, Bio protector = false, Secure Bio Protector = false, Recovery protector = true, Preboot protector = false"
"31-07-2026 11:17:05","5002","Information","Microsoft-Windows-HelloForBusiness","A user is signing into the device with the following gesture information:

Type: Invalid
Subtype: No Bio"
"31-07-2026 10:43:02","5001","Information","Microsoft-Windows-HelloForBusiness","A user signed into the device with the following information:

Username: SYSTEM
User SID: S-1-5-18
Credential Type: Software Key
Deployment Type: Key Trust"
"31-07-2026 10:43:02","5702","Information","Microsoft-Windows-HelloForBusiness","Windows Hello wrote following protector properties to disk: HResult = 0x0, PIN protector = true, Bio protector = false, Secure Bio Protector = false, Recovery protector = true, Preboot protector = false"
"31-07-2026 10:43:02","5002","Information","Microsoft-Windows-HelloForBusiness","A user is signing into the device with the following gesture information:

Type: Invalid
Subtype: No Bio"
"31-07-2026 10:25:59","5001","Information","Microsoft-Windows-HelloForBusiness","A user signed into the device with the following information:

Username: SYSTEM
User SID: S-1-5-18
Credential Type: Software Key
Deployment Type: Key Trust"
"31-07-2026 10:25:59","5702","Information","Microsoft-Windows-HelloForBusiness","Windows Hello wrote following protector properties to disk: HResult = 0x0, PIN protector = true, Bio protector = false, Secure Bio Protector = false, Recovery protector = true, Preboot protector = false"
"31-07-2026 10:25:59","5002","Information","Microsoft-Windows-HelloForBusiness","A user is signing into the device with the following gesture information:

Type: Invalid
Subtype: No Bio"
"31-07-2026 10:22:00","5000","Information","Microsoft-Windows-HelloForBusiness","TPM Manufacturer: ST Microelectronics
Version: 2.0
Firmware Version: 1.769.0.0
Is Ready: true"
"31-07-2026 10:22:00","8025","Success","Microsoft-Windows-HelloForBusiness","The Microsoft Passport service started successfully."
"31-07-2026 10:12:38","5000","Information","Microsoft-Windows-HelloForBusiness","TPM Manufacturer: ST Microelectronics
Version: 2.0
Firmware Version: 1.769.0.0
Is Ready: true"
"31-07-2026 10:12:38","8025","Success","Microsoft-Windows-HelloForBusiness","The Microsoft Passport service started successfully."
"31-07-2026 10:08:15","5000","Information","Microsoft-Windows-HelloForBusiness","TPM Manufacturer: ST Microelectronics
Version: 2.0
Firmware Version: 1.769.0.0
Is Ready: true"
"31-07-2026 10:08:15","8025","Success","Microsoft-Windows-HelloForBusiness","The Microsoft Passport service started successfully."
"31-07-2026 10:02:39","5000","Information","Microsoft-Windows-HelloForBusiness","TPM Manufacturer: ST Microelectronics
Version: 2.0
Firmware Version: 1.769.0.0
Is Ready: true"
"31-07-2026 10:02:39","8025","Success","Microsoft-Windows-HelloForBusiness","The Microsoft Passport service started successfully."
"31-07-2026 09:58:16","5205","Information","Microsoft-Windows-HelloForBusiness","Windows Hello for Business On-Premise authentication configurations: 

Certificate Enrollment Method: None
Certificate Required for On-Premise Auth: false
Use Cloud Trust for On-Premise Auth: false
Account has Cloud TGT: false"
"31-07-2026 09:55:51","5000","Information","Microsoft-Windows-HelloForBusiness","TPM Manufacturer: ST Microelectronics
Version: 2.0
Firmware Version: 1.769.0.0
Is Ready: true"
"31-07-2026 09:55:51","8025","Success","Microsoft-Windows-HelloForBusiness","The Microsoft Passport service started successfully."
"31-07-2026 09:45:15","5205","Information","Microsoft-Windows-HelloForBusiness","Windows Hello for Business On-Premise authentication configurations: 

Certificate Enrollment Method: None
Certificate Required for On-Premise Auth: false
Use Cloud Trust for On-Premise Auth: false
Account has Cloud TGT: false"
"31-07-2026 09:44:26","8025","Success","Microsoft-Windows-HelloForBusiness","The Microsoft Passport Container service started successfully."
"31-07-2026 09:44:25","8002","Success","Microsoft-Windows-HelloForBusiness","Successfully loaded an existing hardware Windows Hello container.

ID: {dc3bf01d-2dbb-4626-b5cb-24709c65303f}
Version: 2
Has Cached Logon Key: true
State: Okay"
"31-07-2026 09:44:25","5701","Information","Microsoft-Windows-HelloForBusiness","Windows Hello read following protector properties from disk: HResult = 0x0, PIN protector = true, Bio protector = false, Secure Bio Protector = false, Recovery protector = true, Preboot protector = false"
"31-07-2026 09:44:25","5000","Information","Microsoft-Windows-HelloForBusiness","TPM Manufacturer: ST Microelectronics
Version: 2.0
Firmware Version: 1.769.0.0
Is Ready: true"
"31-07-2026 09:44:25","8025","Success","Microsoft-Windows-HelloForBusiness","The Microsoft Passport service started successfully."
"31-07-2026 09:32:00","5001","Information","Microsoft-Windows-HelloForBusiness","A user signed into the device with the following information:

Username: SYSTEM
User SID: S-1-5-18
Credential Type: Software Key
Deployment Type: Key Trust"
"31-07-2026 09:32:00","5702","Information","Microsoft-Windows-HelloForBusiness","Windows Hello wrote following protector properties to disk: HResult = 0x0, PIN protector = true, Bio protector = false, Secure Bio Protector = false, Recovery protector = true, Preboot protector = false"
"31-07-2026 09:32:00","5002","Information","Microsoft-Windows-HelloForBusiness","A user is signing into the device with the following gesture information:

Type: Invalid
Subtype: No Bio"
"30-07-2026 18:17:25","5001","Information","Microsoft-Windows-HelloForBusiness","A user signed into the device with the following information:

Username: SYSTEM
User SID: S-1-5-18
Credential Type: Software Key
Deployment Type: Key Trust"
"30-07-2026 18:17:25","5702","Information","Microsoft-Windows-HelloForBusiness","Windows Hello wrote following protector properties to disk: HResult = 0x0, PIN protector = true, Bio protector = false, Secure Bio Protector = false, Recovery protector = true, Preboot protector = false"
"30-07-2026 18:17:24","5002","Information","Microsoft-Windows-HelloForBusiness","A user is signing into the device with the following gesture information:

Type: Invalid
Subtype: No Bio"
"30-07-2026 15:45:14","5001","Information","Microsoft-Windows-HelloForBusiness","A user signed into the device with the following information:

Username: SYSTEM
User SID: S-1-5-18
Credential Type: Software Key
Deployment Type: Key Trust"
"30-07-2026 15:45:14","5702","Information","Microsoft-Windows-HelloForBusiness","Windows Hello wrote following protector properties to disk: HResult = 0x0, PIN protector = true, Bio protector = false, Secure Bio Protector = false, Recovery protector = true, Preboot protector = false"
"30-07-2026 15:45:14","5002","Information","Microsoft-Windows-HelloForBusiness","A user is signing into the device with the following gesture information:

Type: Invalid
Subtype: No Bio"
"30-07-2026 14:46:57","5702","Information","Microsoft-Windows-HelloForBusiness","Windows Hello wrote following protector properties to disk: HResult = 0x0, PIN protector = true, Bio protector = false, Secure Bio Protector = false, Recovery protector = true, Preboot protector = false"
"30-07-2026 14:46:57","8060","Success","Microsoft-Windows-HelloForBusiness","Windows Hello successfully created a PIN recovery key for user S-1-12-1-2357405129-1281513531-255772574-1816207334.
Processing time: 0 seconds"
"30-07-2026 14:46:57","5001","Information","Microsoft-Windows-HelloForBusiness","A user signed into the device with the following information:

Username: SYSTEM
User SID: S-1-5-18
Credential Type: Software Key
Deployment Type: Key Trust"
"30-07-2026 14:46:56","5702","Information","Microsoft-Windows-HelloForBusiness","Windows Hello wrote following protector properties to disk: HResult = 0x0, PIN protector = true, Bio protector = false, Secure Bio Protector = false, Recovery protector = true, Preboot protector = false"
"30-07-2026 14:46:56","5702","Information","Microsoft-Windows-HelloForBusiness","Windows Hello wrote following protector properties to disk: HResult = 0x0, PIN protector = true, Bio protector = false, Secure Bio Protector = false, Recovery protector = false, Preboot protector = false"
"30-07-2026 14:46:56","5002","Information","Microsoft-Windows-HelloForBusiness","A user is signing into the device with the following gesture information:

Type: Invalid
Subtype: No Bio"
"30-07-2026 14:17:53","5702","Information","Microsoft-Windows-HelloForBusiness","Windows Hello wrote following protector properties to disk: HResult = 0x0, PIN protector = true, Bio protector = false, Secure Bio Protector = false, Recovery protector = false, Preboot protector = false"
"30-07-2026 14:17:53","7060","Error","Microsoft-Windows-HelloForBusiness","Windows Hello failed to create a PIN recovery key for user S-1-12-1-2357405129-1281513531-255772574-1816207334.
Error: Unknown error 0x80072EE7 (0x80072EE7)
Correlation vector: oh9WLmviw06kHgO1cy7tcA.0
Processing time: 12 seconds."
"30-07-2026 14:17:41","5702","Information","Microsoft-Windows-HelloForBusiness","Windows Hello wrote following protector properties to disk: HResult = 0x0, PIN protector = true, Bio protector = false, Secure Bio Protector = false, Recovery protector = true, Preboot protector = false"
"30-07-2026 14:17:41","5702","Information","Microsoft-Windows-HelloForBusiness","Windows Hello wrote following protector properties to disk: HResult = 0x0, PIN protector = true, Bio protector = false, Secure Bio Protector = false, Recovery protector = false, Preboot protector = false"
"30-07-2026 14:17:29","5001","Information","Microsoft-Windows-HelloForBusiness","A user signed into the device with the following information:

Username: SYSTEM
User SID: S-1-5-18
Credential Type: Software Key
Deployment Type: Key Trust"
"30-07-2026 14:17:29","5702","Information","Microsoft-Windows-HelloForBusiness","Windows Hello wrote following protector properties to disk: HResult = 0x0, PIN protector = true, Bio protector = false, Secure Bio Protector = false, Recovery protector = true, Preboot protector = false"
"30-07-2026 14:17:28","5002","Information","Microsoft-Windows-HelloForBusiness","A user is signing into the device with the following gesture information:

Type: Invalid
Subtype: No Bio"
"30-07-2026 13:03:46","5205","Information","Microsoft-Windows-HelloForBusiness","Windows Hello for Business On-Premise authentication configurations: 

Certificate Enrollment Method: None
Certificate Required for On-Premise Auth: false
Use Cloud Trust for On-Premise Auth: false
Account has Cloud TGT: false"
"30-07-2026 12:20:37","5001","Information","Microsoft-Windows-HelloForBusiness","A user signed into the device with the following information:

Username: SYSTEM
User SID: S-1-5-18
Credential Type: Software Key
Deployment Type: Key Trust"
"30-07-2026 12:20:37","5702","Information","Microsoft-Windows-HelloForBusiness","Windows Hello wrote following protector properties to disk: HResult = 0x0, PIN protector = true, Bio protector = false, Secure Bio Protector = false, Recovery protector = true, Preboot protector = false"
"30-07-2026 12:20:37","5002","Information","Microsoft-Windows-HelloForBusiness","A user is signing into the device with the following gesture information:

Type: Invalid
Subtype: No Bio"
"30-07-2026 11:25:29","5001","Information","Microsoft-Windows-HelloForBusiness","A user signed into the device with the following information:

Username: SYSTEM
User SID: S-1-5-18
Credential Type: Software Key
Deployment Type: Key Trust"
"30-07-2026 11:25:29","5702","Information","Microsoft-Windows-HelloForBusiness","Windows Hello wrote following protector properties to disk: HResult = 0x0, PIN protector = true, Bio protector = false, Secure Bio Protector = false, Recovery protector = true, Preboot protector = false"
"30-07-2026 11:25:29","5002","Information","Microsoft-Windows-HelloForBusiness","A user is signing into the device with the following gesture information:

Type: Invalid
Subtype: No Bio"
"30-07-2026 09:46:56","5001","Information","Microsoft-Windows-HelloForBusiness","A user signed into the device with the following information:

Username: SYSTEM
User SID: S-1-5-18
Credential Type: Software Key
Deployment Type: Key Trust"
"30-07-2026 09:46:56","5702","Information","Microsoft-Windows-HelloForBusiness","Windows Hello wrote following protector properties to disk: HResult = 0x0, PIN protector = true, Bio protector = false, Secure Bio Protector = false, Recovery protector = true, Preboot protector = false"
"30-07-2026 09:46:56","5002","Information","Microsoft-Windows-HelloForBusiness","A user is signing into the device with the following gesture information:

Type: Invalid
Subtype: No Bio"
"30-07-2026 09:34:44","5001","Information","Microsoft-Windows-HelloForBusiness","A user signed into the device with the following information:

Username: SYSTEM
User SID: S-1-5-18
Credential Type: Software Key
Deployment Type: Key Trust"
"30-07-2026 09:34:44","5702","Information","Microsoft-Windows-HelloForBusiness","Windows Hello wrote following protector properties to disk: HResult = 0x0, PIN protector = true, Bio protector = false, Secure Bio Protector = false, Recovery protector = true, Preboot protector = false"
"30-07-2026 09:34:44","5002","Information","Microsoft-Windows-HelloForBusiness","A user is signing into the device with the following gesture information:

Type: Invalid
Subtype: No Bio"
"29-07-2026 17:59:59","5001","Information","Microsoft-Windows-HelloForBusiness","A user signed into the device with the following information:

Username: SYSTEM
User SID: S-1-5-18
Credential Type: Software Key
Deployment Type: Key Trust"
"29-07-2026 17:59:59","5702","Information","Microsoft-Windows-HelloForBusiness","Windows Hello wrote following protector properties to disk: HResult = 0x0, PIN protector = true, Bio protector = false, Secure Bio Protector = false, Recovery protector = true, Preboot protector = false"
"29-07-2026 17:59:59","5002","Information","Microsoft-Windows-HelloForBusiness","A user is signing into the device with the following gesture information:

Type: Invalid
Subtype: No Bio"
"29-07-2026 16:46:45","5001","Information","Microsoft-Windows-HelloForBusiness","A user signed into the device with the following information:

Username: SYSTEM
User SID: S-1-5-18
Credential Type: Software Key
Deployment Type: Key Trust"
"29-07-2026 16:46:45","5702","Information","Microsoft-Windows-HelloForBusiness","Windows Hello wrote following protector properties to disk: HResult = 0x0, PIN protector = true, Bio protector = false, Secure Bio Protector = false, Recovery protector = true, Preboot protector = false"
"29-07-2026 16:46:45","5002","Information","Microsoft-Windows-HelloForBusiness","A user is signing into the device with the following gesture information:

Type: Invalid
Subtype: No Bio"
"29-07-2026 16:00:46","5001","Information","Microsoft-Windows-HelloForBusiness","A user signed into the device with the following information:

Username: SYSTEM
User SID: S-1-5-18
Credential Type: Software Key
Deployment Type: Key Trust"
"29-07-2026 16:00:46","5702","Information","Microsoft-Windows-HelloForBusiness","Windows Hello wrote following protector properties to disk: HResult = 0x0, PIN protector = true, Bio protector = false, Secure Bio Protector = false, Recovery protector = true, Preboot protector = false"
"29-07-2026 16:00:46","5002","Information","Microsoft-Windows-HelloForBusiness","A user is signing into the device with the following gesture information:

Type: Invalid
Subtype: No Bio"
"29-07-2026 15:52:49","5205","Information","Microsoft-Windows-HelloForBusiness","Windows Hello for Business On-Premise authentication configurations: 

Certificate Enrollment Method: None
Certificate Required for On-Premise Auth: false
Use Cloud Trust for On-Premise Auth: false
Account has Cloud TGT: false"
"29-07-2026 15:21:05","5001","Information","Microsoft-Windows-HelloForBusiness","A user signed into the device with the following information:

Username: SYSTEM
User SID: S-1-5-18
Credential Type: Software Key
Deployment Type: Key Trust"
"29-07-2026 15:21:04","5702","Information","Microsoft-Windows-HelloForBusiness","Windows Hello wrote following protector properties to disk: HResult = 0x0, PIN protector = true, Bio protector = false, Secure Bio Protector = false, Recovery protector = true, Preboot protector = false"
"29-07-2026 15:21:04","5002","Information","Microsoft-Windows-HelloForBusiness","A user is signing into the device with the following gesture information:

Type: Invalid
Subtype: No Bio"
"29-07-2026 14:03:53","5001","Information","Microsoft-Windows-HelloForBusiness","A user signed into the device with the following information:

Username: SYSTEM
User SID: S-1-5-18
Credential Type: Software Key
Deployment Type: Key Trust"
"29-07-2026 14:03:53","5702","Information","Microsoft-Windows-HelloForBusiness","Windows Hello wrote following protector properties to disk: HResult = 0x0, PIN protector = true, Bio protector = false, Secure Bio Protector = false, Recovery protector = true, Preboot protector = false"
"29-07-2026 14:03:53","5002","Information","Microsoft-Windows-HelloForBusiness","A user is signing into the device with the following gesture information:

Type: Invalid
Subtype: No Bio"
"29-07-2026 11:40:53","5001","Information","Microsoft-Windows-HelloForBusiness","A user signed into the device with the following information:

Username: SYSTEM
User SID: S-1-5-18
Credential Type: Software Key
Deployment Type: Key Trust"
"29-07-2026 11:40:53","5702","Information","Microsoft-Windows-HelloForBusiness","Windows Hello wrote following protector properties to disk: HResult = 0x0, PIN protector = true, Bio protector = false, Secure Bio Protector = false, Recovery protector = true, Preboot protector = false"
"29-07-2026 11:40:53","5002","Information","Microsoft-Windows-HelloForBusiness","A user is signing into the device with the following gesture information:

Type: Invalid
Subtype: No Bio"
"29-07-2026 09:24:54","5001","Information","Microsoft-Windows-HelloForBusiness","A user signed into the device with the following information:

Username: SYSTEM
User SID: S-1-5-18
Credential Type: Software Key
Deployment Type: Key Trust"
"29-07-2026 09:24:54","5702","Information","Microsoft-Windows-HelloForBusiness","Windows Hello wrote following protector properties to disk: HResult = 0x0, PIN protector = true, Bio protector = false, Secure Bio Protector = false, Recovery protector = true, Preboot protector = false"
"29-07-2026 09:24:53","5002","Information","Microsoft-Windows-HelloForBusiness","A user is signing into the device with the following gesture information:

Type: Invalid
Subtype: No Bio"
"28-07-2026 18:53:13","5001","Information","Microsoft-Windows-HelloForBusiness","A user signed into the device with the following information:

Username: SYSTEM
User SID: S-1-5-18
Credential Type: Software Key
Deployment Type: Key Trust"
"28-07-2026 18:53:13","5702","Information","Microsoft-Windows-HelloForBusiness","Windows Hello wrote following protector properties to disk: HResult = 0x0, PIN protector = true, Bio protector = false, Secure Bio Protector = false, Recovery protector = true, Preboot protector = false"
"28-07-2026 18:53:13","5002","Information","Microsoft-Windows-HelloForBusiness","A user is signing into the device with the following gesture information:

Type: Invalid
Subtype: No Bio"
"28-07-2026 16:22:22","5001","Information","Microsoft-Windows-HelloForBusiness","A user signed into the device with the following information:

Username: SYSTEM
User SID: S-1-5-18
Credential Type: Software Key
Deployment Type: Key Trust"
"28-07-2026 16:22:21","5702","Information","Microsoft-Windows-HelloForBusiness","Windows Hello wrote following protector properties to disk: HResult = 0x0, PIN protector = true, Bio protector = false, Secure Bio Protector = false, Recovery protector = true, Preboot protector = false"
"28-07-2026 16:22:21","5002","Information","Microsoft-Windows-HelloForBusiness","A user is signing into the device with the following gesture information:

Type: Invalid
Subtype: No Bio"
"28-07-2026 14:53:28","5001","Information","Microsoft-Windows-HelloForBusiness","A user signed into the device with the following information:

Username: SYSTEM
User SID: S-1-5-18
Credential Type: Software Key
Deployment Type: Key Trust"
"28-07-2026 14:53:28","5702","Information","Microsoft-Windows-HelloForBusiness","Windows Hello wrote following protector properties to disk: HResult = 0x0, PIN protector = true, Bio protector = false, Secure Bio Protector = false, Recovery protector = true, Preboot protector = false"
"28-07-2026 14:53:28","5002","Information","Microsoft-Windows-HelloForBusiness","A user is signing into the device with the following gesture information:

Type: Invalid
Subtype: No Bio"
"28-07-2026 11:31:03","5001","Information","Microsoft-Windows-HelloForBusiness","A user signed into the device with the following information:

Username: SYSTEM
User SID: S-1-5-18
Credential Type: Software Key
Deployment Type: Key Trust"
"28-07-2026 11:31:03","5702","Information","Microsoft-Windows-HelloForBusiness","Windows Hello wrote following protector properties to disk: HResult = 0x0, PIN protector = true, Bio protector = false, Secure Bio Protector = false, Recovery protector = true, Preboot protector = false"
"28-07-2026 11:31:03","5002","Information","Microsoft-Windows-HelloForBusiness","A user is signing into the device with the following gesture information:

Type: Invalid
Subtype: No Bio"
"28-07-2026 10:40:23","5001","Information","Microsoft-Windows-HelloForBusiness","A user signed into the device with the following information:

Username: SYSTEM
User SID: S-1-5-18
Credential Type: Software Key
Deployment Type: Key Trust"
"28-07-2026 10:40:23","5702","Information","Microsoft-Windows-HelloForBusiness","Windows Hello wrote following protector properties to disk: HResult = 0x0, PIN protector = true, Bio protector = false, Secure Bio Protector = false, Recovery protector = true, Preboot protector = false"
"28-07-2026 10:40:23","5002","Information","Microsoft-Windows-HelloForBusiness","A user is signing into the device with the following gesture information:

Type: Invalid
Subtype: No Bio"
"28-07-2026 10:27:30","5205","Information","Microsoft-Windows-HelloForBusiness","Windows Hello for Business On-Premise authentication configurations: 

Certificate Enrollment Method: None
Certificate Required for On-Premise Auth: false
Use Cloud Trust for On-Premise Auth: false
Account has Cloud TGT: false"
"28-07-2026 09:23:07","5001","Information","Microsoft-Windows-HelloForBusiness","A user signed into the device with the following information:

Username: SYSTEM
User SID: S-1-5-18
Credential Type: Software Key
Deployment Type: Key Trust"
"28-07-2026 09:22:43","5702","Information","Microsoft-Windows-HelloForBusiness","Windows Hello wrote following protector properties to disk: HResult = 0x0, PIN protector = true, Bio protector = false, Secure Bio Protector = false, Recovery protector = true, Preboot protector = false"
"28-07-2026 09:22:43","5002","Information","Microsoft-Windows-HelloForBusiness","A user is signing into the device with the following gesture information:

Type: Invalid
Subtype: No Bio"
