"18-08-2026 10:32:26","1098","Error","Microsoft-Windows-AAD","Error: 0xCAA2000C The request requires user interaction.
Code: interaction_required
Description: SubError: basic_action V2Error: invalid_grant AADSTS50076: Due to a configuration change made by your administrator, or because you moved to a new location, you must use multi-factor authentication to access '6a9b9266-8161-4a7b-913a-a9eda19da220'. Trace ID: 3684c0e0-5c49-4700-9583-6bed1fc6d000 Correlation ID: 7e6793c4-6729-427c-b7cc-0aad49f9aac1 Timestamp: 2026-08-18 05:02:26Z
TokenEndpoint: https://login.microsoftonline.com/6ac7a1f4-5fb1-4153-bb4f-12d2020a1f7d/oauth2/token
Logged at OAuthTokenRequestBase.cpp, line: 518, method: OAuthTokenRequestBase::ProcessOAuthResponse.

Request: authority: https://login.microsoftonline.com/6ac7a1f4-5fb1-4153-bb4f-12d2020a1f7d, client: ab9b8c07-8f02-4f72-87fa-80105867a763, redirect URI: ms-appx-web://Microsoft.AAD.BrokerPlugin/ab9b8c07-8f02-4f72-87fa-80105867a763, resource: , correlation ID (request): 7e6793c4-6729-427c-b7cc-0aad49f9aac1"
"18-08-2026 10:32:07","1097","Warning","Microsoft-Windows-AAD","Error: 0xCAA90056 Renew token by the primary refresh token failed.
Logged at RefreshTokenRequest.cpp, line: 149, method: RefreshTokenRequest::AcquireToken.

Request: authority: https://login.microsoftonline.com/6ac7a1f4-5fb1-4153-bb4f-12d2020a1f7d, client: ab9b8c07-8f02-4f72-87fa-80105867a763, redirect URI: ms-appx-web://Microsoft.AAD.BrokerPlugin/ab9b8c07-8f02-4f72-87fa-80105867a763, resource: , correlation ID (request): 6ad73aeb-d6f6-4703-91fe-a95db7c5ad73"
"18-08-2026 10:32:07","1098","Error","Microsoft-Windows-AAD","Error: 0xCAA2000C The request requires user interaction.
Code: interaction_required
Description: SubError: basic_action V2Error: invalid_grant AADSTS50076: Due to a configuration change made by your administrator, or because you moved to a new location, you must use multi-factor authentication to access '00000003-0000-0000-c000-000000000000'. Trace ID: 1cd403ef-1edb-412d-8cee-f3ef36200301 Correlation ID: 6ad73aeb-d6f6-4703-91fe-a95db7c5ad73 Timestamp: 2026-08-18 05:02:06Z
TokenEndpoint: https://login.microsoftonline.com/6ac7a1f4-5fb1-4153-bb4f-12d2020a1f7d/oauth2/token
Logged at OAuthTokenRequestBase.cpp, line: 518, method: OAuthTokenRequestBase::ProcessOAuthResponse.

Request: authority: https://login.microsoftonline.com/6ac7a1f4-5fb1-4153-bb4f-12d2020a1f7d, client: ab9b8c07-8f02-4f72-87fa-80105867a763, redirect URI: ms-appx-web://Microsoft.AAD.BrokerPlugin/ab9b8c07-8f02-4f72-87fa-80105867a763, resource: , correlation ID (request): 6ad73aeb-d6f6-4703-91fe-a95db7c5ad73"
"18-08-2026 10:32:06","1097","Warning","Microsoft-Windows-AAD","Error: 0xCAA90056 Renew token by the primary refresh token failed.
Logged at RefreshTokenRequest.cpp, line: 149, method: RefreshTokenRequest::AcquireToken.

Request: authority: https://login.microsoftonline.com/6ac7a1f4-5fb1-4153-bb4f-12d2020a1f7d, client: ab9b8c07-8f02-4f72-87fa-80105867a763, redirect URI: ms-appx-web://Microsoft.AAD.BrokerPlugin/ab9b8c07-8f02-4f72-87fa-80105867a763, resource: , correlation ID (request): b5a9aa98-ecc2-495e-8083-d4b14f2615f1"
"18-08-2026 10:32:06","1098","Error","Microsoft-Windows-AAD","Error: 0xCAA2000C The request requires user interaction.
Code: interaction_required
Description: SubError: basic_action V2Error: invalid_grant AADSTS50076: Due to a configuration change made by your administrator, or because you moved to a new location, you must use multi-factor authentication to access '00000003-0000-0000-c000-000000000000'. Trace ID: 8f45da93-1bcd-48cd-a6cb-48f8b836be00 Correlation ID: b5a9aa98-ecc2-495e-8083-d4b14f2615f1 Timestamp: 2026-08-18 05:02:06Z
TokenEndpoint: https://login.microsoftonline.com/6ac7a1f4-5fb1-4153-bb4f-12d2020a1f7d/oauth2/token
Logged at OAuthTokenRequestBase.cpp, line: 518, method: OAuthTokenRequestBase::ProcessOAuthResponse.

Request: authority: https://login.microsoftonline.com/6ac7a1f4-5fb1-4153-bb4f-12d2020a1f7d, client: ab9b8c07-8f02-4f72-87fa-80105867a763, redirect URI: ms-appx-web://Microsoft.AAD.BrokerPlugin/ab9b8c07-8f02-4f72-87fa-80105867a763, resource: , correlation ID (request): b5a9aa98-ecc2-495e-8083-d4b14f2615f1"
"18-08-2026 10:31:58","1097","Warning","Microsoft-Windows-AAD","Error: 0xCAA90056 Renew token by the primary refresh token failed.
Logged at RefreshTokenRequest.cpp, line: 149, method: RefreshTokenRequest::AcquireToken.

Request: authority: https://login.microsoftonline.com/6ac7a1f4-5fb1-4153-bb4f-12d2020a1f7d, client: ab9b8c07-8f02-4f72-87fa-80105867a763, redirect URI: ms-appx-web://Microsoft.AAD.BrokerPlugin/ab9b8c07-8f02-4f72-87fa-80105867a763, resource: , correlation ID (request): 694eb6c0-b922-40b3-a8f2-1fd7f2753669"
"18-08-2026 10:31:58","1098","Error","Microsoft-Windows-AAD","Error: 0xCAA2000C The request requires user interaction.
Code: interaction_required
Description: SubError: basic_action V2Error: invalid_grant AADSTS50076: Due to a configuration change made by your administrator, or because you moved to a new location, you must use multi-factor authentication to access '9e4a5442-a5c9-4f6f-b03f-5b9fcaaf24b1'. Trace ID: 903ee77b-8091-43f4-bae8-0ef4625eb800 Correlation ID: 694eb6c0-b922-40b3-a8f2-1fd7f2753669 Timestamp: 2026-08-18 05:01:58Z
TokenEndpoint: https://login.microsoftonline.com/6ac7a1f4-5fb1-4153-bb4f-12d2020a1f7d/oauth2/token
Logged at OAuthTokenRequestBase.cpp, line: 518, method: OAuthTokenRequestBase::ProcessOAuthResponse.

Request: authority: https://login.microsoftonline.com/6ac7a1f4-5fb1-4153-bb4f-12d2020a1f7d, client: ab9b8c07-8f02-4f72-87fa-80105867a763, redirect URI: ms-appx-web://Microsoft.AAD.BrokerPlugin/ab9b8c07-8f02-4f72-87fa-80105867a763, resource: , correlation ID (request): 694eb6c0-b922-40b3-a8f2-1fd7f2753669"
"18-08-2026 10:31:37","1097","Warning","Microsoft-Windows-AAD","Error: 0xCAA90056 Renew token by the primary refresh token failed.
Logged at RefreshTokenRequest.cpp, line: 149, method: RefreshTokenRequest::AcquireToken.

Request: authority: https://login.microsoftonline.com/6ac7a1f4-5fb1-4153-bb4f-12d2020a1f7d, client: ab9b8c07-8f02-4f72-87fa-80105867a763, redirect URI: ms-appx-web://Microsoft.AAD.BrokerPlugin/ab9b8c07-8f02-4f72-87fa-80105867a763, resource: , correlation ID (request): 052ac19f-bde3-426f-b60a-849715f407ed"
"18-08-2026 10:31:37","1098","Error","Microsoft-Windows-AAD","Error: 0xCAA2000C The request requires user interaction.
Code: interaction_required
Description: SubError: basic_action V2Error: invalid_grant AADSTS50076: Due to a configuration change made by your administrator, or because you moved to a new location, you must use multi-factor authentication to access '9e4a5442-a5c9-4f6f-b03f-5b9fcaaf24b1'. Trace ID: 7c6cb2c5-f9e0-49e5-b9c1-2f534f01d000 Correlation ID: 052ac19f-bde3-426f-b60a-849715f407ed Timestamp: 2026-08-18 05:01:37Z
TokenEndpoint: https://login.microsoftonline.com/6ac7a1f4-5fb1-4153-bb4f-12d2020a1f7d/oauth2/token
Logged at OAuthTokenRequestBase.cpp, line: 518, method: OAuthTokenRequestBase::ProcessOAuthResponse.

Request: authority: https://login.microsoftonline.com/6ac7a1f4-5fb1-4153-bb4f-12d2020a1f7d, client: ab9b8c07-8f02-4f72-87fa-80105867a763, redirect URI: ms-appx-web://Microsoft.AAD.BrokerPlugin/ab9b8c07-8f02-4f72-87fa-80105867a763, resource: , correlation ID (request): 052ac19f-bde3-426f-b60a-849715f407ed"
"18-08-2026 10:31:37","1097","Warning","Microsoft-Windows-AAD","Error: 0xCAA90056 Renew token by the primary refresh token failed.
Logged at RefreshTokenRequest.cpp, line: 149, method: RefreshTokenRequest::AcquireToken.

Request: authority: https://login.microsoftonline.com/6ac7a1f4-5fb1-4153-bb4f-12d2020a1f7d, client: ab9b8c07-8f02-4f72-87fa-80105867a763, redirect URI: ms-appx-web://Microsoft.AAD.BrokerPlugin/ab9b8c07-8f02-4f72-87fa-80105867a763, resource: , correlation ID (request): b7d399ea-c178-4ef6-8fc2-176f034ac05b"
"18-08-2026 10:31:37","1098","Error","Microsoft-Windows-AAD","Error: 0xCAA2000C The request requires user interaction.
Code: interaction_required
Description: SubError: basic_action V2Error: invalid_grant AADSTS50076: Due to a configuration change made by your administrator, or because you moved to a new location, you must use multi-factor authentication to access '9e4a5442-a5c9-4f6f-b03f-5b9fcaaf24b1'. Trace ID: 7f5f5266-9359-4b1d-ab61-24cd3e7ed200 Correlation ID: b7d399ea-c178-4ef6-8fc2-176f034ac05b Timestamp: 2026-08-18 05:01:37Z
TokenEndpoint: https://login.microsoftonline.com/6ac7a1f4-5fb1-4153-bb4f-12d2020a1f7d/oauth2/token
Logged at OAuthTokenRequestBase.cpp, line: 518, method: OAuthTokenRequestBase::ProcessOAuthResponse.

Request: authority: https://login.microsoftonline.com/6ac7a1f4-5fb1-4153-bb4f-12d2020a1f7d, client: ab9b8c07-8f02-4f72-87fa-80105867a763, redirect URI: ms-appx-web://Microsoft.AAD.BrokerPlugin/ab9b8c07-8f02-4f72-87fa-80105867a763, resource: , correlation ID (request): b7d399ea-c178-4ef6-8fc2-176f034ac05b"
"18-08-2026 10:31:01","1097","Warning","Microsoft-Windows-AAD","Error: 0xCAA90056 Renew token by the primary refresh token failed.
Logged at RefreshTokenRequest.cpp, line: 149, method: RefreshTokenRequest::AcquireToken.

Request: authority: https://login.microsoftonline.com/6ac7a1f4-5fb1-4153-bb4f-12d2020a1f7d, client: d3590ed6-52b3-4102-aeff-aad2292ab01c, redirect URI: ms-appx-web://Microsoft.AAD.BrokerPlugin/d3590ed6-52b3-4102-aeff-aad2292ab01c, resource: , correlation ID (request): 64abdecc-2575-4a32-8bab-e9ca6f6bd771"
"18-08-2026 10:31:01","1098","Error","Microsoft-Windows-AAD","Error: 0xCAA2000C The request requires user interaction.
Code: interaction_required
Description: SubError: basic_action V2Error: invalid_grant AADSTS50076: Due to a configuration change made by your administrator, or because you moved to a new location, you must use multi-factor authentication to access 'https://api.diagnostics-eudb.office.com/'. Trace ID: 9f35a525-d238-4c41-9e19-f2d780bab500 Correlation ID: 64abdecc-2575-4a32-8bab-e9ca6f6bd771 Timestamp: 2026-08-18 05:01:00Z
TokenEndpoint: https://login.microsoftonline.com/6ac7a1f4-5fb1-4153-bb4f-12d2020a1f7d/oauth2/token
Logged at OAuthTokenRequestBase.cpp, line: 518, method: OAuthTokenRequestBase::ProcessOAuthResponse.

Request: authority: https://login.microsoftonline.com/6ac7a1f4-5fb1-4153-bb4f-12d2020a1f7d, client: d3590ed6-52b3-4102-aeff-aad2292ab01c, redirect URI: ms-appx-web://Microsoft.AAD.BrokerPlugin/d3590ed6-52b3-4102-aeff-aad2292ab01c, resource: , correlation ID (request): 64abdecc-2575-4a32-8bab-e9ca6f6bd771"
"18-08-2026 10:31:00","1097","Warning","Microsoft-Windows-AAD","Error: 0x8AA9004C Acquire token by refresh token failed, trying PRT.
Logged at RefreshTokenRequest.cpp, line: 110, method: RefreshTokenRequest::AcquireToken.

Request: authority: https://login.microsoftonline.com/6ac7a1f4-5fb1-4153-bb4f-12d2020a1f7d, client: d3590ed6-52b3-4102-aeff-aad2292ab01c, redirect URI: ms-appx-web://Microsoft.AAD.BrokerPlugin/d3590ed6-52b3-4102-aeff-aad2292ab01c, resource: , correlation ID (request): 64abdecc-2575-4a32-8bab-e9ca6f6bd771"
"18-08-2026 10:31:00","1098","Error","Microsoft-Windows-AAD","Error: 0xCAA20003 Authorization grant failed for this assertion.
Code: invalid_grant
Description: V2Error: invalid_grant AADSTS50173: The provided grant has expired due to it being revoked, a fresh auth token is needed. The user might have changed or reset their password. The grant was issued on '2026-07-27T04:19:45.8223635Z' and the TokensValidFrom date (before which tokens are not valid) for this user is '2026-08-12T03:47:35.0000000Z'. Trace ID: df33cea1-9808-44d1-9edc-11318072c000 Correlation ID: 64abdecc-2575-4a32-8bab-e9ca6f6bd771 Timestamp: 2026-08-18 05:01:00Z
TokenEndpoint: https://login.microsoftonline.com/6ac7a1f4-5fb1-4153-bb4f-12d2020a1f7d/oauth2/token
Logged at OAuthTokenRequestBase.cpp, line: 518, method: OAuthTokenRequestBase::ProcessOAuthResponse.

Request: authority: https://login.microsoftonline.com/6ac7a1f4-5fb1-4153-bb4f-12d2020a1f7d, client: d3590ed6-52b3-4102-aeff-aad2292ab01c, redirect URI: ms-appx-web://Microsoft.AAD.BrokerPlugin/d3590ed6-52b3-4102-aeff-aad2292ab01c, resource: , correlation ID (request): 64abdecc-2575-4a32-8bab-e9ca6f6bd771"
"18-08-2026 10:30:57","1097","Warning","Microsoft-Windows-AAD","Error: 0xCAA90056 Renew token by the primary refresh token failed.
Logged at RefreshTokenRequest.cpp, line: 149, method: RefreshTokenRequest::AcquireToken.

Request: authority: https://login.microsoftonline.com/6ac7a1f4-5fb1-4153-bb4f-12d2020a1f7d, client: d3590ed6-52b3-4102-aeff-aad2292ab01c, redirect URI: ms-appx-web://Microsoft.AAD.BrokerPlugin/d3590ed6-52b3-4102-aeff-aad2292ab01c, resource: , correlation ID (request): 7717e2e3-1371-49e7-a92c-52ead09038d7"
"18-08-2026 10:30:57","1098","Error","Microsoft-Windows-AAD","Error: 0xCAA2000C The request requires user interaction.
Code: interaction_required
Description: SubError: basic_action V2Error: invalid_grant AADSTS50076: Due to a configuration change made by your administrator, or because you moved to a new location, you must use multi-factor authentication to access 'https://api.diagnostics-eudb.office.com/'. Trace ID: 9e478576-3d23-44ea-83df-e0998c4bc600 Correlation ID: 7717e2e3-1371-49e7-a92c-52ead09038d7 Timestamp: 2026-08-18 05:00:57Z
TokenEndpoint: https://login.microsoftonline.com/6ac7a1f4-5fb1-4153-bb4f-12d2020a1f7d/oauth2/token
Logged at OAuthTokenRequestBase.cpp, line: 518, method: OAuthTokenRequestBase::ProcessOAuthResponse.

Request: authority: https://login.microsoftonline.com/6ac7a1f4-5fb1-4153-bb4f-12d2020a1f7d, client: d3590ed6-52b3-4102-aeff-aad2292ab01c, redirect URI: ms-appx-web://Microsoft.AAD.BrokerPlugin/d3590ed6-52b3-4102-aeff-aad2292ab01c, resource: , correlation ID (request): 7717e2e3-1371-49e7-a92c-52ead09038d7"
"18-08-2026 10:30:57","1097","Warning","Microsoft-Windows-AAD","Error: 0x8AA9004C Acquire token by refresh token failed, trying PRT.
Logged at RefreshTokenRequest.cpp, line: 110, method: RefreshTokenRequest::AcquireToken.

Request: authority: https://login.microsoftonline.com/6ac7a1f4-5fb1-4153-bb4f-12d2020a1f7d, client: d3590ed6-52b3-4102-aeff-aad2292ab01c, redirect URI: ms-appx-web://Microsoft.AAD.BrokerPlugin/d3590ed6-52b3-4102-aeff-aad2292ab01c, resource: , correlation ID (request): 7717e2e3-1371-49e7-a92c-52ead09038d7"
"18-08-2026 10:30:57","1098","Error","Microsoft-Windows-AAD","Error: 0xCAA20003 Authorization grant failed for this assertion.
Code: invalid_grant
Description: V2Error: invalid_grant AADSTS50173: The provided grant has expired due to it being revoked, a fresh auth token is needed. The user might have changed or reset their password. The grant was issued on '2026-07-27T04:19:45.8223635Z' and the TokensValidFrom date (before which tokens are not valid) for this user is '2026-08-12T03:47:35.0000000Z'. Trace ID: 091214c2-cdd3-4edb-83b0-11c8a245c700 Correlation ID: 7717e2e3-1371-49e7-a92c-52ead09038d7 Timestamp: 2026-08-18 05:00:57Z
TokenEndpoint: https://login.microsoftonline.com/6ac7a1f4-5fb1-4153-bb4f-12d2020a1f7d/oauth2/token
Logged at OAuthTokenRequestBase.cpp, line: 518, method: OAuthTokenRequestBase::ProcessOAuthResponse.

Request: authority: https://login.microsoftonline.com/6ac7a1f4-5fb1-4153-bb4f-12d2020a1f7d, client: d3590ed6-52b3-4102-aeff-aad2292ab01c, redirect URI: ms-appx-web://Microsoft.AAD.BrokerPlugin/d3590ed6-52b3-4102-aeff-aad2292ab01c, resource: , correlation ID (request): 7717e2e3-1371-49e7-a92c-52ead09038d7"
"18-08-2026 10:30:45","1097","Warning","Microsoft-Windows-AAD","Error: 0xCAA90056 Renew token by the primary refresh token failed.
Logged at RefreshTokenRequest.cpp, line: 149, method: RefreshTokenRequest::AcquireToken.

Request: authority: https://login.microsoftonline.com/6ac7a1f4-5fb1-4153-bb4f-12d2020a1f7d, client: 1fec8e78-bce4-4aaf-ab1b-5451cc387264, redirect URI: ms-appx-web://Microsoft.AAD.BrokerPlugin/1fec8e78-bce4-4aaf-ab1b-5451cc387264, resource: , correlation ID (request): f195609d-e215-4450-b8f0-76569525fe2c"
"18-08-2026 10:30:45","1098","Error","Microsoft-Windows-AAD","Error: 0xCAA2000C The request requires user interaction.
Code: interaction_required
Description: SubError: basic_action V2Error: invalid_grant AADSTS50076: Due to a configuration change made by your administrator, or because you moved to a new location, you must use multi-factor authentication to access 'cc15fd57-2c6c-4117-a88c-83b1d56b4bbe'. Trace ID: 7c15429f-e284-44cf-9fc2-ba5dfb1ec900 Correlation ID: f195609d-e215-4450-b8f0-76569525fe2c Timestamp: 2026-08-18 05:00:45Z
TokenEndpoint: https://login.microsoftonline.com/6ac7a1f4-5fb1-4153-bb4f-12d2020a1f7d/oauth2/token
Logged at OAuthTokenRequestBase.cpp, line: 518, method: OAuthTokenRequestBase::ProcessOAuthResponse.

Request: authority: https://login.microsoftonline.com/6ac7a1f4-5fb1-4153-bb4f-12d2020a1f7d, client: 1fec8e78-bce4-4aaf-ab1b-5451cc387264, redirect URI: ms-appx-web://Microsoft.AAD.BrokerPlugin/1fec8e78-bce4-4aaf-ab1b-5451cc387264, resource: , correlation ID (request): f195609d-e215-4450-b8f0-76569525fe2c"
"18-08-2026 10:30:02","1097","Warning","Microsoft-Windows-AAD","Error: 0xCAA90056 Renew token by the primary refresh token failed.
Logged at RefreshTokenRequest.cpp, line: 149, method: RefreshTokenRequest::AcquireToken.

Request: authority: https://login.microsoftonline.com/common, client: c98e5057-edde-4666-b301-186a01b4dc58, redirect URI: ms-appx-web://Microsoft.AAD.BrokerPlugin/c98e5057-edde-4666-b301-186a01b4dc58, resource: https://syncservice.o365syncservice.com/, correlation ID (request): 152f61f4-c38e-4ab1-a865-c2c917a3e3e1"
"18-08-2026 10:30:02","1098","Error","Microsoft-Windows-AAD","Error: 0xCAA2000C The request requires user interaction.
Code: interaction_required
Description: AADSTS50076: Due to a configuration change made by your administrator, or because you moved to a new location, you must use multi-factor authentication to access '870c4f2e-85b6-4d43-bdda-6ed9a579b725'. Trace ID: 0b29a573-3596-43f7-99d1-169b1455b600 Correlation ID: 152f61f4-c38e-4ab1-a865-c2c917a3e3e1 Timestamp: 2026-08-18 05:00:02Z
TokenEndpoint: https://login.microsoftonline.com/common/oauth2/token
Logged at OAuthTokenRequestBase.cpp, line: 518, method: OAuthTokenRequestBase::ProcessOAuthResponse.

Request: authority: https://login.microsoftonline.com/common, client: c98e5057-edde-4666-b301-186a01b4dc58, redirect URI: ms-appx-web://Microsoft.AAD.BrokerPlugin/c98e5057-edde-4666-b301-186a01b4dc58, resource: https://syncservice.o365syncservice.com/, correlation ID (request): 152f61f4-c38e-4ab1-a865-c2c917a3e3e1"
"18-08-2026 10:29:51","1097","Warning","Microsoft-Windows-AAD","Error: 0xCAA90056 Renew token by the primary refresh token failed.
Logged at RefreshTokenRequest.cpp, line: 149, method: RefreshTokenRequest::AcquireToken.

Request: authority: https://login.microsoftonline.com/6ac7a1f4-5fb1-4153-bb4f-12d2020a1f7d, client: ecd6b820-32c2-49b6-98a6-444530e5a77a, redirect URI: ms-appx-web://Microsoft.AAD.BrokerPlugin/S-1-15-2-283421221-3183566570-1718213290-751554359-3541592344-2312209569-3374928651, resource: , correlation ID (request): 00e61e0f-70c5-4728-ad1b-7bdc257d06fd"
"18-08-2026 10:29:51","1098","Error","Microsoft-Windows-AAD","Error: 0xCAA2000C The request requires user interaction.
Code: interaction_required
Description: SubError: basic_action V2Error: invalid_grant AADSTS50076: Due to a configuration change made by your administrator, or because you moved to a new location, you must use multi-factor authentication to access '00000003-0000-0000-c000-000000000000'. Trace ID: f8b99f29-59ed-411f-831c-d08f0073c100 Correlation ID: 00e61e0f-70c5-4728-ad1b-7bdc257d06fd Timestamp: 2026-08-18 04:59:50Z
TokenEndpoint: https://login.microsoftonline.com/6ac7a1f4-5fb1-4153-bb4f-12d2020a1f7d/oauth2/token
Logged at OAuthTokenRequestBase.cpp, line: 518, method: OAuthTokenRequestBase::ProcessOAuthResponse.

Request: authority: https://login.microsoftonline.com/6ac7a1f4-5fb1-4153-bb4f-12d2020a1f7d, client: ecd6b820-32c2-49b6-98a6-444530e5a77a, redirect URI: ms-appx-web://Microsoft.AAD.BrokerPlugin/S-1-15-2-283421221-3183566570-1718213290-751554359-3541592344-2312209569-3374928651, resource: , correlation ID (request): 00e61e0f-70c5-4728-ad1b-7bdc257d06fd"
"18-08-2026 10:29:51","1097","Warning","Microsoft-Windows-AAD","Error: 0xCAA90056 Renew token by the primary refresh token failed.
Logged at RefreshTokenRequest.cpp, line: 149, method: RefreshTokenRequest::AcquireToken.

Request: authority: https://login.microsoftonline.com/6ac7a1f4-5fb1-4153-bb4f-12d2020a1f7d, client: 82864fa0-ed49-4711-8395-a0e6003dca1f, redirect URI: ms-appx-web://Microsoft.AAD.BrokerPlugin/S-1-15-2-283421221-3183566570-1718213290-751554359-3541592344-2312209569-3374928651, resource: , correlation ID (request): 00e61e0f-70c5-4728-ad1b-7bdc257d06fd"
"18-08-2026 10:29:51","1098","Error","Microsoft-Windows-AAD","Error: 0xCAA2000C The request requires user interaction.
Code: interaction_required
Description: SubError: basic_action V2Error: invalid_grant AADSTS50076: Due to a configuration change made by your administrator, or because you moved to a new location, you must use multi-factor authentication to access '00000003-0000-0000-c000-000000000000'. Trace ID: c6f2a85a-b115-44be-ad5a-d3668d24d100 Correlation ID: 00e61e0f-70c5-4728-ad1b-7bdc257d06fd Timestamp: 2026-08-18 04:59:50Z
TokenEndpoint: https://login.microsoftonline.com/6ac7a1f4-5fb1-4153-bb4f-12d2020a1f7d/oauth2/token
Logged at OAuthTokenRequestBase.cpp, line: 518, method: OAuthTokenRequestBase::ProcessOAuthResponse.

Request: authority: https://login.microsoftonline.com/6ac7a1f4-5fb1-4153-bb4f-12d2020a1f7d, client: 82864fa0-ed49-4711-8395-a0e6003dca1f, redirect URI: ms-appx-web://Microsoft.AAD.BrokerPlugin/S-1-15-2-283421221-3183566570-1718213290-751554359-3541592344-2312209569-3374928651, resource: , correlation ID (request): 00e61e0f-70c5-4728-ad1b-7bdc257d06fd"
"18-08-2026 10:29:50","1097","Warning","Microsoft-Windows-AAD","Error: 0xCAA90056 Renew token by the primary refresh token failed.
Logged at RefreshTokenRequest.cpp, line: 149, method: RefreshTokenRequest::AcquireToken.

Request: authority: https://login.microsoftonline.com/common, client: 7fba38f4-ec1f-458d-906c-f4e3c4f41335, redirect URI: ms-appx-web://Microsoft.AAD.BrokerPlugin/S-1-15-2-3539788797-2700867667-1432428195-1581642-2885308443-3834444517-2495346167, resource: https://outlook.office365.com, correlation ID (request): 7db62301-9d5f-4d4b-a6c2-27eda10e1b5f"
"18-08-2026 10:29:50","1098","Error","Microsoft-Windows-AAD","Error: 0xCAA2000C The request requires user interaction.
Code: interaction_required
Description: AADSTS50076: Due to a configuration change made by your administrator, or because you moved to a new location, you must use multi-factor authentication to access '00000002-0000-0ff1-ce00-000000000000'. Trace ID: 5b4de8a9-a9ea-4111-bd41-7cc4b9b7cb00 Correlation ID: 7db62301-9d5f-4d4b-a6c2-27eda10e1b5f Timestamp: 2026-08-18 04:59:49Z
TokenEndpoint: https://login.microsoftonline.com/common/oauth2/token
Logged at OAuthTokenRequestBase.cpp, line: 518, method: OAuthTokenRequestBase::ProcessOAuthResponse.

Request: authority: https://login.microsoftonline.com/common, client: 7fba38f4-ec1f-458d-906c-f4e3c4f41335, redirect URI: ms-appx-web://Microsoft.AAD.BrokerPlugin/S-1-15-2-3539788797-2700867667-1432428195-1581642-2885308443-3834444517-2495346167, resource: https://outlook.office365.com, correlation ID (request): 7db62301-9d5f-4d4b-a6c2-27eda10e1b5f"
"18-08-2026 10:29:49","1097","Warning","Microsoft-Windows-AAD","Error: 0xCAA90056 Renew token by the primary refresh token failed.
Logged at RefreshTokenRequest.cpp, line: 149, method: RefreshTokenRequest::AcquireToken.

Request: authority: https://login.microsoftonline.com/common, client: cab96880-db5b-4e15-90a7-f3f1d62ffe39, redirect URI: ms-appx-web://Microsoft.AAD.BrokerPlugin/cab96880-db5b-4e15-90a7-f3f1d62ffe39, resource: https://graph.microsoft.com, correlation ID (request): ec6ffc9b-a24c-4c6c-a7f5-4867d7b98fe9"
"18-08-2026 10:29:49","1098","Error","Microsoft-Windows-AAD","Error: 0xCAA2000C The request requires user interaction.
Code: interaction_required
Description: AADSTS50076: Due to a configuration change made by your administrator, or because you moved to a new location, you must use multi-factor authentication to access '00000003-0000-0000-c000-000000000000'. Trace ID: f47fe05a-4e7f-4c98-9520-19eaf9fcc800 Correlation ID: ec6ffc9b-a24c-4c6c-a7f5-4867d7b98fe9 Timestamp: 2026-08-18 04:59:48Z
TokenEndpoint: https://login.microsoftonline.com/common/oauth2/token
Logged at OAuthTokenRequestBase.cpp, line: 518, method: OAuthTokenRequestBase::ProcessOAuthResponse.

Request: authority: https://login.microsoftonline.com/common, client: cab96880-db5b-4e15-90a7-f3f1d62ffe39, redirect URI: ms-appx-web://Microsoft.AAD.BrokerPlugin/cab96880-db5b-4e15-90a7-f3f1d62ffe39, resource: https://graph.microsoft.com, correlation ID (request): ec6ffc9b-a24c-4c6c-a7f5-4867d7b98fe9"
"18-08-2026 10:29:48","1097","Warning","Microsoft-Windows-AAD","Error: 0xCAA90056 Renew token by the primary refresh token failed.
Logged at RefreshTokenRequest.cpp, line: 149, method: RefreshTokenRequest::AcquireToken.

Request: authority: https://login.microsoftonline.com/common, client: 6f7e0f60-9401-4f5b-98e2-cf15bd5fd5e3, redirect URI: ms-appx-web://Microsoft.AAD.BrokerPlugin/{6F7E0F60-9401-4F5b-98E2-CF15BD5Fd5E3}, resource: https://cs.dds.microsoft.com, correlation ID (request): 6c855e90-315e-4146-92ad-a6ef69f2a606"
"18-08-2026 10:29:48","1098","Error","Microsoft-Windows-AAD","Error: 0xCAA2000C The request requires user interaction.
Code: interaction_required
Description: AADSTS50076: Due to a configuration change made by your administrator, or because you moved to a new location, you must use multi-factor authentication to access '8f41dc7c-542c-4bdd-8eb3-e60543f607ca'. Trace ID: 649dd2b3-80b5-43e2-a5fa-308cb807cd00 Correlation ID: 6c855e90-315e-4146-92ad-a6ef69f2a606 Timestamp: 2026-08-18 04:59:48Z
TokenEndpoint: https://login.microsoftonline.com/common/oauth2/token
Logged at OAuthTokenRequestBase.cpp, line: 518, method: OAuthTokenRequestBase::ProcessOAuthResponse.

Request: authority: https://login.microsoftonline.com/common, client: 6f7e0f60-9401-4f5b-98e2-cf15bd5fd5e3, redirect URI: ms-appx-web://Microsoft.AAD.BrokerPlugin/{6F7E0F60-9401-4F5b-98E2-CF15BD5Fd5E3}, resource: https://cs.dds.microsoft.com, correlation ID (request): 6c855e90-315e-4146-92ad-a6ef69f2a606"
"18-08-2026 10:29:48","1097","Warning","Microsoft-Windows-AAD","Error: 0x8AA9004C Acquire token by refresh token failed, trying PRT.
Logged at RefreshTokenRequest.cpp, line: 110, method: RefreshTokenRequest::AcquireToken.

Request: authority: https://login.microsoftonline.com/common, client: cab96880-db5b-4e15-90a7-f3f1d62ffe39, redirect URI: ms-appx-web://Microsoft.AAD.BrokerPlugin/cab96880-db5b-4e15-90a7-f3f1d62ffe39, resource: https://graph.microsoft.com, correlation ID (request): ec6ffc9b-a24c-4c6c-a7f5-4867d7b98fe9"
"18-08-2026 10:29:48","1098","Error","Microsoft-Windows-AAD","Error: 0xCAA20003 Authorization grant failed for this assertion.
Code: invalid_grant
Description: AADSTS50173: The provided grant has expired due to it being revoked, a fresh auth token is needed. The user might have changed or reset their password. The grant was issued on '2026-07-27T04:19:45.8223635Z' and the TokensValidFrom date (before which tokens are not valid) for this user is '2026-08-12T03:47:35.0000000Z'. Trace ID: 528eb66a-09c2-4b5e-a0e8-a693527fb200 Correlation ID: ec6ffc9b-a24c-4c6c-a7f5-4867d7b98fe9 Timestamp: 2026-08-18 04:59:48Z
TokenEndpoint: https://login.microsoftonline.com/common/oauth2/token
Logged at OAuthTokenRequestBase.cpp, line: 518, method: OAuthTokenRequestBase::ProcessOAuthResponse.

Request: authority: https://login.microsoftonline.com/common, client: cab96880-db5b-4e15-90a7-f3f1d62ffe39, redirect URI: ms-appx-web://Microsoft.AAD.BrokerPlugin/cab96880-db5b-4e15-90a7-f3f1d62ffe39, resource: https://graph.microsoft.com, correlation ID (request): ec6ffc9b-a24c-4c6c-a7f5-4867d7b98fe9"
"18-08-2026 10:29:41","1097","Warning","Microsoft-Windows-AAD","Error: 0xCAA90056 Renew token by the primary refresh token failed.
Logged at RefreshTokenRequest.cpp, line: 149, method: RefreshTokenRequest::AcquireToken.

Request: authority: https://login.microsoftonline.com/common, client: cab96880-db5b-4e15-90a7-f3f1d62ffe39, redirect URI: ms-appx-web://Microsoft.AAD.BrokerPlugin/cab96880-db5b-4e15-90a7-f3f1d62ffe39, resource: https://graph.microsoft.com, correlation ID (request): e910ae96-aeda-44c6-8722-eb135303d67f"
"18-08-2026 10:29:41","1098","Error","Microsoft-Windows-AAD","Error: 0xCAA2000C The request requires user interaction.
Code: interaction_required
Description: AADSTS50076: Due to a configuration change made by your administrator, or because you moved to a new location, you must use multi-factor authentication to access '00000003-0000-0000-c000-000000000000'. Trace ID: c96aff5e-3f25-4f25-9c15-5b80bcdd0a01 Correlation ID: e910ae96-aeda-44c6-8722-eb135303d67f Timestamp: 2026-08-18 04:59:41Z
TokenEndpoint: https://login.microsoftonline.com/common/oauth2/token
Logged at OAuthTokenRequestBase.cpp, line: 518, method: OAuthTokenRequestBase::ProcessOAuthResponse.

Request: authority: https://login.microsoftonline.com/common, client: cab96880-db5b-4e15-90a7-f3f1d62ffe39, redirect URI: ms-appx-web://Microsoft.AAD.BrokerPlugin/cab96880-db5b-4e15-90a7-f3f1d62ffe39, resource: https://graph.microsoft.com, correlation ID (request): e910ae96-aeda-44c6-8722-eb135303d67f"
"18-08-2026 10:29:41","1097","Warning","Microsoft-Windows-AAD","Error: 0x8AA9004C Acquire token by refresh token failed, trying PRT.
Logged at RefreshTokenRequest.cpp, line: 110, method: RefreshTokenRequest::AcquireToken.

Request: authority: https://login.microsoftonline.com/common, client: cab96880-db5b-4e15-90a7-f3f1d62ffe39, redirect URI: ms-appx-web://Microsoft.AAD.BrokerPlugin/cab96880-db5b-4e15-90a7-f3f1d62ffe39, resource: https://graph.microsoft.com, correlation ID (request): e910ae96-aeda-44c6-8722-eb135303d67f"
"18-08-2026 10:29:41","1098","Error","Microsoft-Windows-AAD","Error: 0xCAA20003 Authorization grant failed for this assertion.
Code: invalid_grant
Description: AADSTS50173: The provided grant has expired due to it being revoked, a fresh auth token is needed. The user might have changed or reset their password. The grant was issued on '2026-07-27T04:19:45.8223635Z' and the TokensValidFrom date (before which tokens are not valid) for this user is '2026-08-12T03:47:35.0000000Z'. Trace ID: 8899e17c-a186-4a8b-91ce-f91f7087ce00 Correlation ID: e910ae96-aeda-44c6-8722-eb135303d67f Timestamp: 2026-08-18 04:59:41Z
TokenEndpoint: https://login.microsoftonline.com/common/oauth2/token
Logged at OAuthTokenRequestBase.cpp, line: 518, method: OAuthTokenRequestBase::ProcessOAuthResponse.

Request: authority: https://login.microsoftonline.com/common, client: cab96880-db5b-4e15-90a7-f3f1d62ffe39, redirect URI: ms-appx-web://Microsoft.AAD.BrokerPlugin/cab96880-db5b-4e15-90a7-f3f1d62ffe39, resource: https://graph.microsoft.com, correlation ID (request): e910ae96-aeda-44c6-8722-eb135303d67f"
"18-08-2026 10:29:41","1097","Warning","Microsoft-Windows-AAD","Error: 0xCAA90056 Renew token by the primary refresh token failed.
Logged at RefreshTokenRequest.cpp, line: 149, method: RefreshTokenRequest::AcquireToken.

Request: authority: https://login.microsoftonline.com/organizations, client: d3590ed6-52b3-4102-aeff-aad2292ab01c, redirect URI: ms-appx-web://Microsoft.AAD.BrokerPlugin/d3590ed6-52b3-4102-aeff-aad2292ab01c, resource: https://dataservice.o365filtering.com, correlation ID (request): d531841a-f7c9-45fa-96c0-20b9f9c0de00"
"18-08-2026 10:29:41","1098","Error","Microsoft-Windows-AAD","Error: 0xCAA2000C The request requires user interaction.
Code: interaction_required
Description: AADSTS50076: Due to a configuration change made by your administrator, or because you moved to a new location, you must use multi-factor authentication to access '00000007-0000-0ff1-ce00-000000000000'. Trace ID: 9c0f5012-7187-4be9-bdbb-0597c29cc600 Correlation ID: d531841a-f7c9-45fa-96c0-20b9f9c0de00 Timestamp: 2026-08-18 04:59:41Z
TokenEndpoint: https://login.microsoftonline.com/organizations/oauth2/token
Logged at OAuthTokenRequestBase.cpp, line: 518, method: OAuthTokenRequestBase::ProcessOAuthResponse.

Request: authority: https://login.microsoftonline.com/organizations, client: d3590ed6-52b3-4102-aeff-aad2292ab01c, redirect URI: ms-appx-web://Microsoft.AAD.BrokerPlugin/d3590ed6-52b3-4102-aeff-aad2292ab01c, resource: https://dataservice.o365filtering.com, correlation ID (request): d531841a-f7c9-45fa-96c0-20b9f9c0de00"
"18-08-2026 10:29:39","1241","Information","Microsoft-Windows-AAD","On-prem tgt error: On-prem configuration is missing"
"18-08-2026 10:29:38","1241","Information","Microsoft-Windows-AAD","On-prem tgt error: On-prem configuration is missing"
"18-08-2026 10:29:36","1251","Information","Microsoft-Windows-AAD","DoGetEnterpriseToken Diagnostic Event:
Result: 0xC0000250
User Identity: joe.prakash@nielseniq.com
Credential Type: 1
Correlation ID: c0206d72-60ec-4db2-9533-6ca4e3cbabb8
Endpoint Uri: https://sts.nielseniq.com/adfs/oauth2/token/
HTTP Status: POST
HTTP Method: The operation completed successfully.
ErrorCode: 401
Error Description: interaction_required"
"18-08-2026 10:29:36","1118","Error","Microsoft-Windows-AAD","Enterprise STS Logon failure. Status: 0xC0000250 Correlation ID: c0206d72-60ec-4db2-9533-6ca4e3cbabb8"
"18-08-2026 10:29:36","1081","Error","Microsoft-Windows-AAD","OAuth response error: interaction_required
Error description: MSIS9699: GlobalAuthenticationPolicy on the Server doesn't allow this OAuth JWT Bearer request. Please contact the administrator to update the GlobalAuthenticationPolicy.
CorrelationID: "
"18-08-2026 10:29:36","1025","Error","Microsoft-Windows-AAD","Http request status: 401. Method: POST Endpoint Uri: https://sts.nielseniq.com/adfs/oauth2/token/ Correlation ID: c0206d72-60ec-4db2-9533-6ca4e3cbabb8"
"18-08-2026 10:29:35","1241","Information","Microsoft-Windows-AAD","On-prem tgt error: On-prem configuration is missing"
"18-08-2026 10:29:32","1280","Information","Microsoft-Windows-AAD","PRT session key needs to be rolled.
Reason: VSM key rollover"
"18-08-2026 10:29:22","1160","Error","Microsoft-Windows-AAD","Logon failure. Status: 0xC000006A Correlation ID: 4ec8594f-3c11-45c1-90cb-5a49f48758ac"
"18-08-2026 10:29:22","1250","Information","Microsoft-Windows-AAD","DoGetToken Diagnostic Event:
Result: 0xC000006A
User Identity: joe.prakash@nielseniq.com
Credential Type: 1
Correlation ID: 4ec8594f-3c11-45c1-90cb-5a49f48758ac
Endpoint Uri: https://sts.nielseniq.com/adfs/services/trust/13/usernamemixed
HTTP Status: POST
HTTP Method: The operation completed successfully.
ErrorCode: 500
Error Description: "
"18-08-2026 10:29:22","1085","Error","Microsoft-Windows-AAD","Logon failure. Status: 0xC000006A Correlation ID: 4ec8594f-3c11-45c1-90cb-5a49f48758ac"
"18-08-2026 10:29:22","1088","Error","Microsoft-Windows-AAD","WSTrust response error: FailedAuthentication
Error description: <s:Text xml:lang=""en-US"" xmlns:s=""http://www.w3.org/2003/05/soap-envelope"">ID3242: The security token could not be authenticated or authorized.</s:Text>"
"18-08-2026 10:29:22","1025","Error","Microsoft-Windows-AAD","Http request status: 500. Method: POST Endpoint Uri: https://sts.nielseniq.com/adfs/services/trust/13/usernamemixed Correlation ID: 4ec8594f-3c11-45c1-90cb-5a49f48758ac"
"18-08-2026 10:22:54","1241","Information","Microsoft-Windows-AAD","On-prem tgt error: On-prem configuration is missing"
"18-08-2026 10:09:18","1241","Information","Microsoft-Windows-AAD","On-prem tgt error: On-prem configuration is missing"
"18-08-2026 10:09:17","1104","Error","Microsoft-Windows-AAD","AAD Cloud AP plugin call Post logon processing returned error: 0xC000006D"
"18-08-2026 10:09:17","1159","Warning","Microsoft-Windows-AAD","AadCloudAPPlugin S4U logon failed. Status: 0xC000006D"
"18-08-2026 10:09:15","1241","Information","Microsoft-Windows-AAD","On-prem tgt error: On-prem configuration is missing"
"18-08-2026 10:09:13","1251","Information","Microsoft-Windows-AAD","DoGetEnterpriseToken Diagnostic Event:
Result: 0xC0000250
User Identity: joe.prakash@nielseniq.com
Credential Type: 2
Correlation ID: c16c02b6-f469-4d36-9946-22e66f1be754
Endpoint Uri: https://sts.nielseniq.com/adfs/oauth2/token/
HTTP Status: POST
HTTP Method: The operation completed successfully.
ErrorCode: 401
Error Description: interaction_required"
"18-08-2026 10:09:13","1118","Error","Microsoft-Windows-AAD","Enterprise STS Logon failure. Status: 0xC0000250 Correlation ID: c16c02b6-f469-4d36-9946-22e66f1be754"
"18-08-2026 10:09:13","1081","Error","Microsoft-Windows-AAD","OAuth response error: interaction_required
Error description: MSIS9699: GlobalAuthenticationPolicy on the Server doesn't allow this OAuth JWT Bearer request. Please contact the administrator to update the GlobalAuthenticationPolicy.
CorrelationID: "
"18-08-2026 10:09:13","1025","Error","Microsoft-Windows-AAD","Http request status: 401. Method: POST Endpoint Uri: https://sts.nielseniq.com/adfs/oauth2/token/ Correlation ID: c16c02b6-f469-4d36-9946-22e66f1be754"
"18-08-2026 10:09:13","1241","Information","Microsoft-Windows-AAD","On-prem tgt error: On-prem configuration is missing"
"18-08-2026 10:09:12","1241","Information","Microsoft-Windows-AAD","On-prem tgt error: On-prem configuration is missing"
"18-08-2026 10:09:11","1241","Information","Microsoft-Windows-AAD","On-prem tgt error: On-prem configuration is missing"
"18-08-2026 10:09:11","1241","Information","Microsoft-Windows-AAD","On-prem tgt error: On-prem configuration is missing"
"18-08-2026 09:41:06","1104","Error","Microsoft-Windows-AAD","AAD Cloud AP plugin call Post logon processing returned error: 0xC000006D"
"18-08-2026 09:41:06","1159","Warning","Microsoft-Windows-AAD","AadCloudAPPlugin S4U logon failed. Status: 0xC000006D"
"18-08-2026 09:41:04","1241","Information","Microsoft-Windows-AAD","On-prem tgt error: On-prem configuration is missing"
"18-08-2026 09:41:02","1251","Information","Microsoft-Windows-AAD","DoGetEnterpriseToken Diagnostic Event:
Result: 0xC0000250
User Identity: joe.prakash@nielseniq.com
Credential Type: 2
Correlation ID: 2fb5293d-c3aa-4949-9f3b-47b1bed9e4a8
Endpoint Uri: https://sts.nielseniq.com/adfs/oauth2/token/
HTTP Status: POST
HTTP Method: The operation completed successfully.
ErrorCode: 401
Error Description: interaction_required"
"18-08-2026 09:41:02","1118","Error","Microsoft-Windows-AAD","Enterprise STS Logon failure. Status: 0xC0000250 Correlation ID: 2fb5293d-c3aa-4949-9f3b-47b1bed9e4a8"
"18-08-2026 09:41:02","1081","Error","Microsoft-Windows-AAD","OAuth response error: interaction_required
Error description: MSIS9699: GlobalAuthenticationPolicy on the Server doesn't allow this OAuth JWT Bearer request. Please contact the administrator to update the GlobalAuthenticationPolicy.
CorrelationID: "
"18-08-2026 09:41:02","1025","Error","Microsoft-Windows-AAD","Http request status: 401. Method: POST Endpoint Uri: https://sts.nielseniq.com/adfs/oauth2/token/ Correlation ID: 2fb5293d-c3aa-4949-9f3b-47b1bed9e4a8"
"18-08-2026 09:41:00","1241","Information","Microsoft-Windows-AAD","On-prem tgt error: On-prem configuration is missing"
"18-08-2026 09:40:48","1104","Error","Microsoft-Windows-AAD","AAD Cloud AP plugin call GenericCallPkg returned error: 0xC000023C"
"18-08-2026 09:40:48","1084","Error","Microsoft-Windows-AAD","Http transport error. Status: Unknown HResult Error code: 0x80072ee7 Correlation ID: {0082FA50-429E-4ABC-A78F-7BEDB183255C}"
"18-08-2026 06:22:57","1241","Information","Microsoft-Windows-AAD","On-prem tgt error: On-prem configuration is missing"
"18-08-2026 06:22:56","1241","Information","Microsoft-Windows-AAD","On-prem tgt error: On-prem configuration is missing"
"18-08-2026 06:22:51","1241","Information","Microsoft-Windows-AAD","On-prem tgt error: On-prem configuration is missing"
"18-08-2026 06:22:51","1241","Information","Microsoft-Windows-AAD","On-prem tgt error: On-prem configuration is missing"
"18-08-2026 06:22:49","1098","Error","Microsoft-Windows-AAD","Error: 0xCAA5001C Token broker operation failed.
Operation name: GetTokenSilently, Error: -895025148 (0xcaa70004), Description: The server or proxy was not found.
Logged at WebAccountProcessor.cpp, line: 723, method: AAD::Core::WebAccountProcessor::ReportOperationError."
"18-08-2026 06:22:49","1097","Warning","Microsoft-Windows-AAD","Error: 0xCAA90056 Renew token by the primary refresh token failed.
Logged at RefreshTokenRequest.cpp, line: 149, method: RefreshTokenRequest::AcquireToken.

Request: authority: https://login.microsoftonline.com/6ac7a1f4-5fb1-4153-bb4f-12d2020a1f7d, client: 0ec893e0-5785-4de6-99da-4ed124e5296c, redirect URI: ms-appx-web://Microsoft.AAD.BrokerPlugin/0ec893e0-5785-4de6-99da-4ed124e5296c, resource: , correlation ID (request): 01a0125b-42d2-7756-9a0a-b317b224305d"
"18-08-2026 06:22:49","1098","Error","Microsoft-Windows-AAD","Error: 0xCAA70004 The server or proxy was not found.
Code: authentication_failed
Description: The server or proxy was not found.
TokenEndpoint: https://login.microsoftonline.com/6ac7a1f4-5fb1-4153-bb4f-12d2020a1f7d/oauth2/token
Logged at OAuthTokenRequestBase.cpp, line: 323, method: OAuthTokenRequestBase::SendRequest.

Request: authority: https://login.microsoftonline.com/6ac7a1f4-5fb1-4153-bb4f-12d2020a1f7d, client: 0ec893e0-5785-4de6-99da-4ed124e5296c, redirect URI: ms-appx-web://Microsoft.AAD.BrokerPlugin/0ec893e0-5785-4de6-99da-4ed124e5296c, resource: , correlation ID (request): 01a0125b-42d2-7756-9a0a-b317b224305d"
"18-08-2026 06:22:49","1098","Error","Microsoft-Windows-AAD","Error: 0xCAA70004 The server or proxy was not found.
Exception of type 'class HttpException' at XMLHTTPWebRequest.cpp, line: 184, method: XMLHTTPWebRequest::ReceiveResponse.

Log: 0xcaa90051 Sending OAuth request failed.
Logged at OAuthTokenRequestBase.cpp, line: 323, method: OAuthTokenRequestBase::SendRequest.

Request: authority: https://login.microsoftonline.com/6ac7a1f4-5fb1-4153-bb4f-12d2020a1f7d, client: 0ec893e0-5785-4de6-99da-4ed124e5296c, redirect URI: ms-appx-web://Microsoft.AAD.BrokerPlugin/0ec893e0-5785-4de6-99da-4ed124e5296c, resource: , correlation ID (request): 01a0125b-42d2-7756-9a0a-b317b224305d"
"18-08-2026 06:22:49","1161","Error","Microsoft-Windows-AAD","Logon failure. Status: 0xC000023C Correlation ID: ea91d2db-88b4-49ed-ad22-fa039a854c00"
"18-08-2026 06:22:49","1252","Information","Microsoft-Windows-AAD","DoRefreshToken Diagnostic Event:
Result: 0xC000023C
User Identity: joe.prakash@nielseniq.com
Credential Type: 2
Correlation ID: false
Endpoint Uri: ea91d2db-88b4-49ed-ad22-fa039a854c00
HTTP Status: https://login.microsoftonline.com/6ac7a1f4-5fb1-4153-bb4f-12d2020a1f7d/oauth2/token
HTTP Method: 
ErrorCode: Unknown HResult Error code: 0x80072efd
Error Description: 0"
"18-08-2026 06:22:49","1094","Error","Microsoft-Windows-AAD","Refresh token failure. Status: 0xC000023C Correlation ID: ea91d2db-88b4-49ed-ad22-fa039a854c00"
"18-08-2026 06:22:49","1084","Error","Microsoft-Windows-AAD","Http transport error. Status: Unknown HResult Error code: 0x80072efd Correlation ID: ea91d2db-88b4-49ed-ad22-fa039a854c00"
"18-08-2026 06:22:49","1098","Error","Microsoft-Windows-AAD","Error: 0xCAA5001C Token broker operation failed.
Operation name: GetTokenSilently, Error: -895025148 (0xcaa70004), Description: The server or proxy was not found.
Logged at WebAccountProcessor.cpp, line: 723, method: AAD::Core::WebAccountProcessor::ReportOperationError."
"18-08-2026 06:22:49","1098","Error","Microsoft-Windows-AAD","Error: 0xCAA5001C Token broker operation failed.
Operation name: GetTokenSilently, Error: -895025148 (0xcaa70004), Description: The server or proxy was not found.
Logged at WebAccountProcessor.cpp, line: 723, method: AAD::Core::WebAccountProcessor::ReportOperationError."
"18-08-2026 06:22:49","1098","Error","Microsoft-Windows-AAD","Error: 0xCAA5001C Token broker operation failed.
Operation name: GetTokenSilently, Error: -895025148 (0xcaa70004), Description: The server or proxy was not found.
Logged at WebAccountProcessor.cpp, line: 723, method: AAD::Core::WebAccountProcessor::ReportOperationError."
"18-08-2026 06:22:49","1097","Warning","Microsoft-Windows-AAD","Error: 0xCAA90056 Renew token by the primary refresh token failed.
Logged at RefreshTokenRequest.cpp, line: 149, method: RefreshTokenRequest::AcquireToken.

Request: authority: https://login.microsoftonline.com/6ac7a1f4-5fb1-4153-bb4f-12d2020a1f7d, client: d3590ed6-52b3-4102-aeff-aad2292ab01c, redirect URI: ms-appx-web://Microsoft.AAD.BrokerPlugin/d3590ed6-52b3-4102-aeff-aad2292ab01c, resource: , correlation ID (request): ccb8af94-01e7-4b9d-a9af-e5879e6fb007"
"18-08-2026 06:22:49","1098","Error","Microsoft-Windows-AAD","Error: 0xCAA70004 The server or proxy was not found.
Code: authentication_failed
Description: The server or proxy was not found.
TokenEndpoint: https://login.microsoftonline.com/6ac7a1f4-5fb1-4153-bb4f-12d2020a1f7d/oauth2/token
Logged at OAuthTokenRequestBase.cpp, line: 323, method: OAuthTokenRequestBase::SendRequest.

Request: authority: https://login.microsoftonline.com/6ac7a1f4-5fb1-4153-bb4f-12d2020a1f7d, client: d3590ed6-52b3-4102-aeff-aad2292ab01c, redirect URI: ms-appx-web://Microsoft.AAD.BrokerPlugin/d3590ed6-52b3-4102-aeff-aad2292ab01c, resource: , correlation ID (request): ccb8af94-01e7-4b9d-a9af-e5879e6fb007"
"18-08-2026 06:22:49","1098","Error","Microsoft-Windows-AAD","Error: 0xCAA70004 The server or proxy was not found.
Exception of type 'class HttpException' at XMLHTTPWebRequest.cpp, line: 184, method: XMLHTTPWebRequest::ReceiveResponse.

Log: 0xcaa90051 Sending OAuth request failed.
Logged at OAuthTokenRequestBase.cpp, line: 323, method: OAuthTokenRequestBase::SendRequest.

Request: authority: https://login.microsoftonline.com/6ac7a1f4-5fb1-4153-bb4f-12d2020a1f7d, client: d3590ed6-52b3-4102-aeff-aad2292ab01c, redirect URI: ms-appx-web://Microsoft.AAD.BrokerPlugin/d3590ed6-52b3-4102-aeff-aad2292ab01c, resource: , correlation ID (request): ccb8af94-01e7-4b9d-a9af-e5879e6fb007"
"18-08-2026 06:22:49","1097","Warning","Microsoft-Windows-AAD","Error: 0xCAA90056 Renew token by the primary refresh token failed.
Logged at RefreshTokenRequest.cpp, line: 149, method: RefreshTokenRequest::AcquireToken.

Request: authority: https://login.microsoftonline.com/6ac7a1f4-5fb1-4153-bb4f-12d2020a1f7d, client: ab9b8c07-8f02-4f72-87fa-80105867a763, redirect URI: ms-appx-web://Microsoft.AAD.BrokerPlugin/ab9b8c07-8f02-4f72-87fa-80105867a763, resource: , correlation ID (request): aeae4162-2383-4571-adde-01480d8595e5"
"18-08-2026 06:22:49","1098","Error","Microsoft-Windows-AAD","Error: 0xCAA70004 The server or proxy was not found.
Code: authentication_failed
Description: The server or proxy was not found.
TokenEndpoint: https://login.microsoftonline.com/6ac7a1f4-5fb1-4153-bb4f-12d2020a1f7d/oauth2/token
Logged at OAuthTokenRequestBase.cpp, line: 323, method: OAuthTokenRequestBase::SendRequest.

Request: authority: https://login.microsoftonline.com/6ac7a1f4-5fb1-4153-bb4f-12d2020a1f7d, client: ab9b8c07-8f02-4f72-87fa-80105867a763, redirect URI: ms-appx-web://Microsoft.AAD.BrokerPlugin/ab9b8c07-8f02-4f72-87fa-80105867a763, resource: , correlation ID (request): aeae4162-2383-4571-adde-01480d8595e5"
"18-08-2026 06:22:49","1098","Error","Microsoft-Windows-AAD","Error: 0xCAA70004 The server or proxy was not found.
Exception of type 'class HttpException' at XMLHTTPWebRequest.cpp, line: 184, method: XMLHTTPWebRequest::ReceiveResponse.

Log: 0xcaa90051 Sending OAuth request failed.
Logged at OAuthTokenRequestBase.cpp, line: 323, method: OAuthTokenRequestBase::SendRequest.

Request: authority: https://login.microsoftonline.com/6ac7a1f4-5fb1-4153-bb4f-12d2020a1f7d, client: ab9b8c07-8f02-4f72-87fa-80105867a763, redirect URI: ms-appx-web://Microsoft.AAD.BrokerPlugin/ab9b8c07-8f02-4f72-87fa-80105867a763, resource: , correlation ID (request): aeae4162-2383-4571-adde-01480d8595e5"
"18-08-2026 06:22:49","1097","Warning","Microsoft-Windows-AAD","Error: 0xCAA90056 Renew token by the primary refresh token failed.
Logged at RefreshTokenRequest.cpp, line: 149, method: RefreshTokenRequest::AcquireToken.

Request: authority: https://login.microsoftonline.com/6ac7a1f4-5fb1-4153-bb4f-12d2020a1f7d, client: d3590ed6-52b3-4102-aeff-aad2292ab01c, redirect URI: ms-appx-web://Microsoft.AAD.BrokerPlugin/d3590ed6-52b3-4102-aeff-aad2292ab01c, resource: , correlation ID (request): b5c0b76f-d683-4525-85b7-75db022e7145"
"18-08-2026 06:22:49","1098","Error","Microsoft-Windows-AAD","Error: 0xCAA70004 The server or proxy was not found.
Code: authentication_failed
Description: The server or proxy was not found.
TokenEndpoint: https://login.microsoftonline.com/6ac7a1f4-5fb1-4153-bb4f-12d2020a1f7d/oauth2/token
Logged at OAuthTokenRequestBase.cpp, line: 323, method: OAuthTokenRequestBase::SendRequest.

Request: authority: https://login.microsoftonline.com/6ac7a1f4-5fb1-4153-bb4f-12d2020a1f7d, client: d3590ed6-52b3-4102-aeff-aad2292ab01c, redirect URI: ms-appx-web://Microsoft.AAD.BrokerPlugin/d3590ed6-52b3-4102-aeff-aad2292ab01c, resource: , correlation ID (request): b5c0b76f-d683-4525-85b7-75db022e7145"
