"03-08-2026 09:45:24","271","Verbose","Microsoft-Windows-StateRepository","SRCache successfully updated [Options=0x0]"
"03-08-2026 09:45:23","271","Verbose","Microsoft-Windows-StateRepository","SRCache successfully updated [Options=0x0]"
"03-08-2026 09:45:23","100","Error","Microsoft-Windows-StateRepository","Error 0x15: misuse at line 185353 of [737ae4a347]"
"03-08-2026 09:45:22","271","Verbose","Microsoft-Windows-StateRepository","SRCache successfully updated [Options=0x0]"
"03-08-2026 09:45:22","271","Verbose","Microsoft-Windows-StateRepository","SRCache successfully updated [Options=0x0]"
"03-08-2026 09:45:21","271","Verbose","Microsoft-Windows-StateRepository","SRCache successfully updated [Options=0x0]"
"03-08-2026 09:45:20","271","Verbose","Microsoft-Windows-StateRepository","SRCache successfully updated [Options=0x0]"
"03-08-2026 09:44:48","271","Verbose","Microsoft-Windows-StateRepository","SRCache successfully updated [Options=0x0]"
"03-08-2026 09:44:48","271","Verbose","Microsoft-Windows-StateRepository","SRCache successfully updated [Options=0x0]"
"03-08-2026 09:44:44","271","Verbose","Microsoft-Windows-StateRepository","SRCache successfully updated [Options=0x0]"
"03-08-2026 09:44:44","271","Verbose","Microsoft-Windows-StateRepository","SRCache successfully updated [Options=0x0]"
"03-08-2026 09:44:44","221","Verbose","Microsoft-Windows-StateRepository","ANALYZE command has run; database statistics are updated [Partition=2, ProcessId=9112, Scope=(database)]"
"03-08-2026 09:44:44","221","Verbose","Microsoft-Windows-StateRepository","ANALYZE command has run; database statistics are updated [Partition=1, ProcessId=9112, Scope=(database)]"
"03-08-2026 09:44:21","271","Verbose","Microsoft-Windows-StateRepository","SRCache successfully updated [Options=0x0]"
"03-08-2026 09:44:20","271","Verbose","Microsoft-Windows-StateRepository","SRCache successfully updated [Options=0x0]"
"03-08-2026 09:44:16","271","Verbose","Microsoft-Windows-StateRepository","SRCache successfully updated [Options=0x0]"
"03-08-2026 09:44:15","271","Verbose","Microsoft-Windows-StateRepository","SRCache successfully updated [Options=0x0]"
"03-08-2026 09:43:35","271","Verbose","Microsoft-Windows-StateRepository","SRCache successfully updated [Options=0x0]"
"03-08-2026 09:43:34","271","Verbose","Microsoft-Windows-StateRepository","SRCache successfully updated [Options=0x0]"
"03-08-2026 09:43:34","221","Verbose","Microsoft-Windows-StateRepository","ANALYZE command has run; database statistics are updated [Partition=2, ProcessId=9112, Scope=(database)]"
"03-08-2026 09:43:34","221","Verbose","Microsoft-Windows-StateRepository","ANALYZE command has run; database statistics are updated [Partition=1, ProcessId=9112, Scope=(database)]"
"03-08-2026 09:40:01","221","Verbose","Microsoft-Windows-StateRepository","ANALYZE command has run; database statistics are updated [Partition=2, ProcessId=1052, Scope=(database)]"
"03-08-2026 09:40:01","221","Verbose","Microsoft-Windows-StateRepository","ANALYZE command has run; database statistics are updated [Partition=1, ProcessId=1052, Scope=(database)]"
"03-08-2026 09:40:01","284","Verbose","Microsoft-Windows-StateRepository","REINDEX command has run; database indices are updated [Partition=2, ProcessId=1052, Scope=(database)]"
"03-08-2026 09:39:51","284","Verbose","Microsoft-Windows-StateRepository","REINDEX command has run; database indices are updated [Partition=1, ProcessId=1052, Scope=(database)]"
"03-08-2026 09:28:54","100","Error","Microsoft-Windows-StateRepository","Error 0x15: misuse at line 185353 of [737ae4a347]"
"03-08-2026 09:28:54","271","Verbose","Microsoft-Windows-StateRepository","SRCache successfully updated [Options=0x0]"
"03-08-2026 09:28:54","271","Verbose","Microsoft-Windows-StateRepository","SRCache successfully updated [Options=0x0]"
"03-08-2026 09:28:54","271","Verbose","Microsoft-Windows-StateRepository","SRCache successfully updated [Options=0x0]"
"03-08-2026 09:28:54","271","Verbose","Microsoft-Windows-StateRepository","SRCache successfully updated [Options=0x0]"
"03-08-2026 09:28:54","271","Verbose","Microsoft-Windows-StateRepository","SRCache successfully updated [Options=0x0]"
"03-08-2026 09:28:54","221","Verbose","Microsoft-Windows-StateRepository","ANALYZE command has run; database statistics are updated [Partition=2, ProcessId=9112, Scope=(database)]"
"03-08-2026 09:28:54","221","Verbose","Microsoft-Windows-StateRepository","ANALYZE command has run; database statistics are updated [Partition=1, ProcessId=9112, Scope=(database)]"
"03-08-2026 09:27:30","271","Verbose","Microsoft-Windows-StateRepository","SRCache successfully updated [Options=0x0]"
"03-08-2026 09:27:29","271","Verbose","Microsoft-Windows-StateRepository","SRCache successfully updated [Options=0x0]"
"03-08-2026 09:27:29","271","Verbose","Microsoft-Windows-StateRepository","SRCache successfully updated [Options=0x0]"
"03-08-2026 09:27:29","271","Verbose","Microsoft-Windows-StateRepository","SRCache successfully updated [Options=0x0]"
"03-08-2026 09:27:29","221","Verbose","Microsoft-Windows-StateRepository","ANALYZE command has run; database statistics are updated [Partition=2, ProcessId=9112, Scope=(database)]"
"03-08-2026 09:27:29","221","Verbose","Microsoft-Windows-StateRepository","ANALYZE command has run; database statistics are updated [Partition=1, ProcessId=9112, Scope=(database)]"
"03-08-2026 09:27:27","271","Verbose","Microsoft-Windows-StateRepository","SRCache successfully updated [Options=0x0]"
"03-08-2026 09:27:27","100","Error","Microsoft-Windows-StateRepository","Error 0x15: misuse at line 185353 of [737ae4a347]"
"03-08-2026 09:27:03","271","Verbose","Microsoft-Windows-StateRepository","SRCache successfully updated [Options=0x0]"
"03-08-2026 09:27:03","271","Verbose","Microsoft-Windows-StateRepository","SRCache successfully updated [Options=0x0]"
"03-08-2026 09:26:22","271","Verbose","Microsoft-Windows-StateRepository","SRCache successfully updated [Options=0x0]"
"03-08-2026 09:26:22","100","Error","Microsoft-Windows-StateRepository","Error 0x15: misuse at line 185353 of [737ae4a347]"
"03-08-2026 09:26:22","271","Verbose","Microsoft-Windows-StateRepository","SRCache successfully updated [Options=0x0]"
"03-08-2026 09:26:22","271","Verbose","Microsoft-Windows-StateRepository","SRCache successfully updated [Options=0x0]"
"03-08-2026 09:26:11","271","Verbose","Microsoft-Windows-StateRepository","SRCache successfully updated [Options=0x0]"
"03-08-2026 09:26:10","271","Verbose","Microsoft-Windows-StateRepository","SRCache successfully updated [Options=0x0]"
"03-08-2026 09:26:10","271","Verbose","Microsoft-Windows-StateRepository","SRCache successfully updated [Options=0x0]"
"03-08-2026 09:26:10","221","Verbose","Microsoft-Windows-StateRepository","ANALYZE command has run; database statistics are updated [Partition=2, ProcessId=9112, Scope=(database)]"
"03-08-2026 09:26:09","221","Verbose","Microsoft-Windows-StateRepository","ANALYZE command has run; database statistics are updated [Partition=1, ProcessId=9112, Scope=(database)]"
"03-08-2026 09:26:08","231","Verbose","Microsoft-Windows-StateRepository","RepositoryManagerServerUpgrade with options: 0x1"
"03-08-2026 09:26:08","100","Error","Microsoft-Windows-StateRepository","Error 0x15: misuse at line 185353 of [737ae4a347]"
"03-08-2026 09:26:08","287","Information","Microsoft-Windows-StateRepository","StateRepository lifecycle transition to Running [ProcessId=1052, ThreadId=2068] [ElapsedMS: RegisterService=0, StateRepository=0 AccessControl=0 Upgrade=784 Cache=3695 Module=0 CoRegisterServerShutdown=0 RegisterDisconnectableContext=4 RPC=0"
"03-08-2026 09:26:08","269","Verbose","Microsoft-Windows-StateRepository","SRCache successfully initialized [Options=0x0]"
"03-08-2026 09:26:04","245","Verbose","Microsoft-Windows-StateRepository","Maintenance has been performed"
"03-08-2026 09:26:04","265","Verbose","Microsoft-Windows-StateRepository","Checkpoint has been performed"
"03-08-2026 09:26:04","284","Verbose","Microsoft-Windows-StateRepository","REINDEX command has run; database indices are updated [Partition=2, ProcessId=1052, Scope=NULL]"
"03-08-2026 09:26:04","284","Verbose","Microsoft-Windows-StateRepository","REINDEX command has run; database indices are updated [Partition=2, ProcessId=1052, Scope=PackageSourceUri]"
"03-08-2026 09:26:04","284","Verbose","Microsoft-Windows-StateRepository","REINDEX command has run; database indices are updated [Partition=2, ProcessId=1052, Scope=PackageAppInstaller]"
"03-08-2026 09:26:04","284","Verbose","Microsoft-Windows-StateRepository","REINDEX command has run; database indices are updated [Partition=2, ProcessId=1052, Scope=File]"
"03-08-2026 09:26:04","284","Verbose","Microsoft-Windows-StateRepository","REINDEX command has run; database indices are updated [Partition=2, ProcessId=1052, Scope=ContentGroupFile]"
"03-08-2026 09:26:04","284","Verbose","Microsoft-Windows-StateRepository","REINDEX command has run; database indices are updated [Partition=2, ProcessId=1052, Scope=ContentGroup]"
"03-08-2026 09:26:04","284","Verbose","Microsoft-Windows-StateRepository","REINDEX command has run; database indices are updated [Partition=2, ProcessId=1052, Scope=AutoUpdatePackage]"
"03-08-2026 09:26:04","284","Verbose","Microsoft-Windows-StateRepository","REINDEX command has run; database indices are updated [Partition=2, ProcessId=1052, Scope=AppxManifest]"
"03-08-2026 09:26:04","284","Verbose","Microsoft-Windows-StateRepository","REINDEX command has run; database indices are updated [Partition=2, ProcessId=1052, Scope=AppInstallerUri]"
"03-08-2026 09:26:04","284","Verbose","Microsoft-Windows-StateRepository","REINDEX command has run; database indices are updated [Partition=2, ProcessId=1052, Scope=AppInstaller]"
"03-08-2026 09:26:04","105","Information","Microsoft-Windows-StateRepository","Info 0x11B: recovered 186 frames from WAL file C:\ProgramData\Microsoft\Windows\AppRepository\StateRepository-Machine.srd-wal"
"03-08-2026 09:26:04","223","Information","Microsoft-Windows-StateRepository","StateRepository partition 2 exists and ready for use [SchemaVersion=30208]"
"03-08-2026 09:26:04","223","Information","Microsoft-Windows-StateRepository","StateRepository partition 1 exists and ready for use [SchemaVersion=30208]"
"03-08-2026 09:26:04","105","Information","Microsoft-Windows-StateRepository","Info 0x11B: recovered 186 frames from WAL file C:\ProgramData\Microsoft\Windows\AppRepository\StateRepository-Machine.srd-wal"
"03-08-2026 09:26:04","100","Error","Microsoft-Windows-StateRepository","Error 0x15: misuse at line 185353 of [737ae4a347]"
"31-07-2026 18:35:40","271","Verbose","Microsoft-Windows-StateRepository","SRCache successfully updated [Options=0x0]"
"31-07-2026 18:31:47","231","Verbose","Microsoft-Windows-StateRepository","RepositoryManagerServerUpgrade with options: 0x1"
"31-07-2026 18:29:39","100","Error","Microsoft-Windows-StateRepository","Error 0x15: misuse at line 185353 of [737ae4a347]"
"31-07-2026 17:42:04","231","Verbose","Microsoft-Windows-StateRepository","RepositoryManagerServerUpgrade with options: 0x1"
"31-07-2026 17:42:04","100","Error","Microsoft-Windows-StateRepository","Error 0x15: misuse at line 185353 of [737ae4a347]"
"31-07-2026 17:30:54","231","Verbose","Microsoft-Windows-StateRepository","RepositoryManagerServerUpgrade with options: 0x1"
"31-07-2026 17:30:54","100","Error","Microsoft-Windows-StateRepository","Error 0x15: misuse at line 185353 of [737ae4a347]"
"31-07-2026 17:01:16","100","Error","Microsoft-Windows-StateRepository","Error 0x15: misuse at line 185353 of [737ae4a347]"
"31-07-2026 16:06:17","231","Verbose","Microsoft-Windows-StateRepository","RepositoryManagerServerUpgrade with options: 0x1"
"31-07-2026 16:06:17","100","Error","Microsoft-Windows-StateRepository","Error 0x15: misuse at line 185353 of [737ae4a347]"
"31-07-2026 15:44:28","231","Verbose","Microsoft-Windows-StateRepository","RepositoryManagerServerUpgrade with options: 0x1"
"31-07-2026 15:44:28","100","Error","Microsoft-Windows-StateRepository","Error 0x15: misuse at line 185353 of [737ae4a347]"
"31-07-2026 14:44:28","231","Verbose","Microsoft-Windows-StateRepository","RepositoryManagerServerUpgrade with options: 0x1"
"31-07-2026 14:44:28","100","Error","Microsoft-Windows-StateRepository","Error 0x15: misuse at line 185353 of [737ae4a347]"
"31-07-2026 13:40:16","271","Verbose","Microsoft-Windows-StateRepository","SRCache successfully updated [Options=0x0]"
"31-07-2026 13:34:15","231","Verbose","Microsoft-Windows-StateRepository","RepositoryManagerServerUpgrade with options: 0x1"
"31-07-2026 13:34:15","100","Error","Microsoft-Windows-StateRepository","Error 0x15: misuse at line 185353 of [737ae4a347]"
"31-07-2026 13:11:02","100","Error","Microsoft-Windows-StateRepository","Error 0x15: misuse at line 185353 of [737ae4a347]"
"31-07-2026 12:44:28","231","Verbose","Microsoft-Windows-StateRepository","RepositoryManagerServerUpgrade with options: 0x1"
"31-07-2026 12:44:28","100","Error","Microsoft-Windows-StateRepository","Error 0x15: misuse at line 185353 of [737ae4a347]"
"31-07-2026 12:07:12","100","Error","Microsoft-Windows-StateRepository","Error 0x15: misuse at line 185353 of [737ae4a347]"
"31-07-2026 11:54:39","271","Verbose","Microsoft-Windows-StateRepository","SRCache successfully updated [Options=0x0]"
"31-07-2026 11:54:39","271","Verbose","Microsoft-Windows-StateRepository","SRCache successfully updated [Options=0x0]"
"31-07-2026 11:54:38","271","Verbose","Microsoft-Windows-StateRepository","SRCache successfully updated [Options=0x0]"
"31-07-2026 11:54:38","271","Verbose","Microsoft-Windows-StateRepository","SRCache successfully updated [Options=0x0]"
"31-07-2026 11:54:38","271","Verbose","Microsoft-Windows-StateRepository","SRCache successfully updated [Options=0x0]"
"31-07-2026 11:54:37","271","Verbose","Microsoft-Windows-StateRepository","SRCache successfully updated [Options=0x0]"
"31-07-2026 11:54:37","271","Verbose","Microsoft-Windows-StateRepository","SRCache successfully updated [Options=0x0]"
"31-07-2026 11:54:36","221","Verbose","Microsoft-Windows-StateRepository","ANALYZE command has run; database statistics are updated [Partition=2, ProcessId=34460, Scope=(database)]"
"31-07-2026 11:54:36","221","Verbose","Microsoft-Windows-StateRepository","ANALYZE command has run; database statistics are updated [Partition=1, ProcessId=34460, Scope=(database)]"
"31-07-2026 11:54:07","271","Verbose","Microsoft-Windows-StateRepository","SRCache successfully updated [Options=0x0]"
"31-07-2026 11:54:06","271","Verbose","Microsoft-Windows-StateRepository","SRCache successfully updated [Options=0x0]"
"31-07-2026 11:53:59","271","Verbose","Microsoft-Windows-StateRepository","SRCache successfully updated [Options=0x0]"
"31-07-2026 11:53:59","271","Verbose","Microsoft-Windows-StateRepository","SRCache successfully updated [Options=0x0]"
"31-07-2026 11:53:54","271","Verbose","Microsoft-Windows-StateRepository","SRCache successfully updated [Options=0x0]"
"31-07-2026 11:53:53","271","Verbose","Microsoft-Windows-StateRepository","SRCache successfully updated [Options=0x0]"
"31-07-2026 11:53:53","271","Verbose","Microsoft-Windows-StateRepository","SRCache successfully updated [Options=0x0]"
"31-07-2026 11:53:52","271","Verbose","Microsoft-Windows-StateRepository","SRCache successfully updated [Options=0x0]"
"31-07-2026 11:53:52","100","Error","Microsoft-Windows-StateRepository","Error 0x15: misuse at line 185353 of [737ae4a347]"
"31-07-2026 11:53:51","271","Verbose","Microsoft-Windows-StateRepository","SRCache successfully updated [Options=0x0]"
"31-07-2026 11:53:51","271","Verbose","Microsoft-Windows-StateRepository","SRCache successfully updated [Options=0x0]"
"31-07-2026 11:53:49","271","Verbose","Microsoft-Windows-StateRepository","SRCache successfully updated [Options=0x0]"
"31-07-2026 11:53:49","271","Verbose","Microsoft-Windows-StateRepository","SRCache successfully updated [Options=0x0]"
"31-07-2026 11:53:38","271","Verbose","Microsoft-Windows-StateRepository","SRCache successfully updated [Options=0x0]"
"31-07-2026 11:53:38","271","Verbose","Microsoft-Windows-StateRepository","SRCache successfully updated [Options=0x0]"
"31-07-2026 11:53:36","271","Verbose","Microsoft-Windows-StateRepository","SRCache successfully updated [Options=0x0]"
"31-07-2026 11:53:36","271","Verbose","Microsoft-Windows-StateRepository","SRCache successfully updated [Options=0x0]"
"31-07-2026 11:53:35","221","Verbose","Microsoft-Windows-StateRepository","ANALYZE command has run; database statistics are updated [Partition=2, ProcessId=34460, Scope=(database)]"
"31-07-2026 11:53:35","221","Verbose","Microsoft-Windows-StateRepository","ANALYZE command has run; database statistics are updated [Partition=1, ProcessId=34460, Scope=(database)]"
"31-07-2026 11:50:25","271","Verbose","Microsoft-Windows-StateRepository","SRCache successfully updated [Options=0x0]"
"31-07-2026 11:50:25","271","Verbose","Microsoft-Windows-StateRepository","SRCache successfully updated [Options=0x0]"
"31-07-2026 11:50:25","271","Verbose","Microsoft-Windows-StateRepository","SRCache successfully updated [Options=0x0]"
"31-07-2026 11:50:25","271","Verbose","Microsoft-Windows-StateRepository","SRCache successfully updated [Options=0x0]"
"31-07-2026 11:50:25","221","Verbose","Microsoft-Windows-StateRepository","ANALYZE command has run; database statistics are updated [Partition=2, ProcessId=34460, Scope=(database)]"
"31-07-2026 11:50:24","221","Verbose","Microsoft-Windows-StateRepository","ANALYZE command has run; database statistics are updated [Partition=1, ProcessId=34460, Scope=(database)]"
"31-07-2026 11:44:28","231","Verbose","Microsoft-Windows-StateRepository","RepositoryManagerServerUpgrade with options: 0x1"
"31-07-2026 11:44:28","100","Error","Microsoft-Windows-StateRepository","Error 0x15: misuse at line 185353 of [737ae4a347]"
"31-07-2026 10:48:23","271","Verbose","Microsoft-Windows-StateRepository","SRCache successfully updated [Options=0x0]"
"31-07-2026 10:48:22","271","Verbose","Microsoft-Windows-StateRepository","SRCache successfully updated [Options=0x0]"
"31-07-2026 10:48:22","271","Verbose","Microsoft-Windows-StateRepository","SRCache successfully updated [Options=0x0]"
"31-07-2026 10:48:22","271","Verbose","Microsoft-Windows-StateRepository","SRCache successfully updated [Options=0x0]"
"31-07-2026 10:48:22","100","Error","Microsoft-Windows-StateRepository","Error 0x15: misuse at line 185353 of [737ae4a347]"
"31-07-2026 10:48:21","271","Verbose","Microsoft-Windows-StateRepository","SRCache successfully updated [Options=0x0]"
"31-07-2026 10:48:21","271","Verbose","Microsoft-Windows-StateRepository","SRCache successfully updated [Options=0x0]"
"31-07-2026 10:48:16","271","Verbose","Microsoft-Windows-StateRepository","SRCache successfully updated [Options=0x0]"
"31-07-2026 10:48:16","271","Verbose","Microsoft-Windows-StateRepository","SRCache successfully updated [Options=0x0]"
"31-07-2026 10:47:58","271","Verbose","Microsoft-Windows-StateRepository","SRCache successfully updated [Options=0x0]"
"31-07-2026 10:47:58","271","Verbose","Microsoft-Windows-StateRepository","SRCache successfully updated [Options=0x0]"
"31-07-2026 10:47:58","221","Verbose","Microsoft-Windows-StateRepository","ANALYZE command has run; database statistics are updated [Partition=2, ProcessId=14692, Scope=(database)]"
"31-07-2026 10:47:57","221","Verbose","Microsoft-Windows-StateRepository","ANALYZE command has run; database statistics are updated [Partition=1, ProcessId=14692, Scope=(database)]"
"31-07-2026 10:44:28","231","Verbose","Microsoft-Windows-StateRepository","RepositoryManagerServerUpgrade with options: 0x1"
"31-07-2026 10:44:28","100","Error","Microsoft-Windows-StateRepository","Error 0x15: misuse at line 185353 of [737ae4a347]"
"31-07-2026 10:03:12","271","Verbose","Microsoft-Windows-StateRepository","SRCache successfully updated [Options=0x0]"
"31-07-2026 10:03:12","271","Verbose","Microsoft-Windows-StateRepository","SRCache successfully updated [Options=0x0]"
"31-07-2026 10:03:12","271","Verbose","Microsoft-Windows-StateRepository","SRCache successfully updated [Options=0x0]"
"31-07-2026 10:03:12","271","Verbose","Microsoft-Windows-StateRepository","SRCache successfully updated [Options=0x0]"
"31-07-2026 10:03:12","100","Error","Microsoft-Windows-StateRepository","Error 0x15: misuse at line 185353 of [737ae4a347]"
"31-07-2026 10:03:11","271","Verbose","Microsoft-Windows-StateRepository","SRCache successfully updated [Options=0x0]"
"31-07-2026 10:03:11","271","Verbose","Microsoft-Windows-StateRepository","SRCache successfully updated [Options=0x0]"
"31-07-2026 10:03:10","271","Verbose","Microsoft-Windows-StateRepository","SRCache successfully updated [Options=0x0]"
"31-07-2026 10:03:10","271","Verbose","Microsoft-Windows-StateRepository","SRCache successfully updated [Options=0x0]"
"31-07-2026 10:03:10","271","Verbose","Microsoft-Windows-StateRepository","SRCache successfully updated [Options=0x0]"
"31-07-2026 10:03:09","271","Verbose","Microsoft-Windows-StateRepository","SRCache successfully updated [Options=0x0]"
"31-07-2026 10:03:09","271","Verbose","Microsoft-Windows-StateRepository","SRCache successfully updated [Options=0x0]"
"31-07-2026 10:03:09","271","Verbose","Microsoft-Windows-StateRepository","SRCache successfully updated [Options=0x0]"
"31-07-2026 10:03:09","271","Verbose","Microsoft-Windows-StateRepository","SRCache successfully updated [Options=0x0]"
"31-07-2026 10:03:09","271","Verbose","Microsoft-Windows-StateRepository","SRCache successfully updated [Options=0x0]"
"31-07-2026 10:03:09","271","Verbose","Microsoft-Windows-StateRepository","SRCache successfully updated [Options=0x0]"
"31-07-2026 10:03:09","271","Verbose","Microsoft-Windows-StateRepository","SRCache successfully updated [Options=0x0]"
"31-07-2026 10:03:09","271","Verbose","Microsoft-Windows-StateRepository","SRCache successfully updated [Options=0x0]"
"31-07-2026 10:03:09","271","Verbose","Microsoft-Windows-StateRepository","SRCache successfully updated [Options=0x0]"
"31-07-2026 10:03:09","271","Verbose","Microsoft-Windows-StateRepository","SRCache successfully updated [Options=0x0]"
"31-07-2026 10:03:09","271","Verbose","Microsoft-Windows-StateRepository","SRCache successfully updated [Options=0x0]"
"31-07-2026 10:03:09","271","Verbose","Microsoft-Windows-StateRepository","SRCache successfully updated [Options=0x0]"
"31-07-2026 10:03:09","271","Verbose","Microsoft-Windows-StateRepository","SRCache successfully updated [Options=0x0]"
"31-07-2026 10:03:08","271","Verbose","Microsoft-Windows-StateRepository","SRCache successfully updated [Options=0x0]"
"31-07-2026 10:03:08","271","Verbose","Microsoft-Windows-StateRepository","SRCache successfully updated [Options=0x0]"
"31-07-2026 10:03:08","271","Verbose","Microsoft-Windows-StateRepository","SRCache successfully updated [Options=0x0]"
"31-07-2026 10:03:08","271","Verbose","Microsoft-Windows-StateRepository","SRCache successfully updated [Options=0x0]"
"31-07-2026 10:03:08","271","Verbose","Microsoft-Windows-StateRepository","SRCache successfully updated [Options=0x0]"
"31-07-2026 10:03:08","271","Verbose","Microsoft-Windows-StateRepository","SRCache successfully updated [Options=0x0]"
"31-07-2026 10:03:08","271","Verbose","Microsoft-Windows-StateRepository","SRCache successfully updated [Options=0x0]"
"31-07-2026 10:03:08","271","Verbose","Microsoft-Windows-StateRepository","SRCache successfully updated [Options=0x0]"
"31-07-2026 10:03:08","271","Verbose","Microsoft-Windows-StateRepository","SRCache successfully updated [Options=0x0]"
"31-07-2026 10:03:08","271","Verbose","Microsoft-Windows-StateRepository","SRCache successfully updated [Options=0x0]"
"31-07-2026 10:03:08","271","Verbose","Microsoft-Windows-StateRepository","SRCache successfully updated [Options=0x0]"
"31-07-2026 10:03:08","271","Verbose","Microsoft-Windows-StateRepository","SRCache successfully updated [Options=0x0]"
"31-07-2026 10:03:08","271","Verbose","Microsoft-Windows-StateRepository","SRCache successfully updated [Options=0x0]"
"31-07-2026 10:03:08","271","Verbose","Microsoft-Windows-StateRepository","SRCache successfully updated [Options=0x0]"
"31-07-2026 10:03:08","271","Verbose","Microsoft-Windows-StateRepository","SRCache successfully updated [Options=0x0]"
"31-07-2026 10:03:08","271","Verbose","Microsoft-Windows-StateRepository","SRCache successfully updated [Options=0x0]"
"31-07-2026 10:03:08","271","Verbose","Microsoft-Windows-StateRepository","SRCache successfully updated [Options=0x0]"
"31-07-2026 10:03:08","271","Verbose","Microsoft-Windows-StateRepository","SRCache successfully updated [Options=0x0]"
"31-07-2026 10:03:08","271","Verbose","Microsoft-Windows-StateRepository","SRCache successfully updated [Options=0x0]"
"31-07-2026 10:03:08","271","Verbose","Microsoft-Windows-StateRepository","SRCache successfully updated [Options=0x0]"
"31-07-2026 10:03:08","271","Verbose","Microsoft-Windows-StateRepository","SRCache successfully updated [Options=0x0]"
"31-07-2026 10:02:38","221","Verbose","Microsoft-Windows-StateRepository","ANALYZE command has run; database statistics are updated [Partition=2, ProcessId=2008, Scope=(database)]"
"31-07-2026 10:02:38","221","Verbose","Microsoft-Windows-StateRepository","ANALYZE command has run; database statistics are updated [Partition=1, ProcessId=2008, Scope=(database)]"
"31-07-2026 10:02:38","284","Verbose","Microsoft-Windows-StateRepository","REINDEX command has run; database indices are updated [Partition=2, ProcessId=2008, Scope=(database)]"
"31-07-2026 10:02:37","284","Verbose","Microsoft-Windows-StateRepository","REINDEX command has run; database indices are updated [Partition=1, ProcessId=2008, Scope=(database)]"
"31-07-2026 09:48:30","271","Verbose","Microsoft-Windows-StateRepository","SRCache successfully updated [Options=0x0]"
"31-07-2026 09:48:30","271","Verbose","Microsoft-Windows-StateRepository","SRCache successfully updated [Options=0x0]"
"31-07-2026 09:48:30","221","Verbose","Microsoft-Windows-StateRepository","ANALYZE command has run; database statistics are updated [Partition=2, ProcessId=10028, Scope=(database)]"
"31-07-2026 09:48:29","221","Verbose","Microsoft-Windows-StateRepository","ANALYZE command has run; database statistics are updated [Partition=1, ProcessId=10028, Scope=(database)]"
"31-07-2026 09:46:39","100","Error","Microsoft-Windows-StateRepository","Error 0x15: misuse at line 185353 of [737ae4a347]"
"31-07-2026 09:46:39","271","Verbose","Microsoft-Windows-StateRepository","SRCache successfully updated [Options=0x0]"
"31-07-2026 09:46:39","271","Verbose","Microsoft-Windows-StateRepository","SRCache successfully updated [Options=0x0]"
"31-07-2026 09:46:36","271","Verbose","Microsoft-Windows-StateRepository","SRCache successfully updated [Options=0x0]"
"31-07-2026 09:46:36","271","Verbose","Microsoft-Windows-StateRepository","SRCache successfully updated [Options=0x0]"
"31-07-2026 09:46:36","271","Verbose","Microsoft-Windows-StateRepository","SRCache successfully updated [Options=0x0]"
"31-07-2026 09:45:55","271","Verbose","Microsoft-Windows-StateRepository","SRCache successfully updated [Options=0x0]"
"31-07-2026 09:45:54","271","Verbose","Microsoft-Windows-StateRepository","SRCache successfully updated [Options=0x0]"
"31-07-2026 09:45:54","271","Verbose","Microsoft-Windows-StateRepository","SRCache successfully updated [Options=0x0]"
"31-07-2026 09:45:54","271","Verbose","Microsoft-Windows-StateRepository","SRCache successfully updated [Options=0x0]"
"31-07-2026 09:45:53","271","Verbose","Microsoft-Windows-StateRepository","SRCache successfully updated [Options=0x0]"
"31-07-2026 09:45:53","271","Verbose","Microsoft-Windows-StateRepository","SRCache successfully updated [Options=0x0]"
"31-07-2026 09:45:53","271","Verbose","Microsoft-Windows-StateRepository","SRCache successfully updated [Options=0x0]"
"31-07-2026 09:45:52","271","Verbose","Microsoft-Windows-StateRepository","SRCache successfully updated [Options=0x0]"
"31-07-2026 09:45:51","271","Verbose","Microsoft-Windows-StateRepository","SRCache successfully updated [Options=0x0]"
"31-07-2026 09:45:51","271","Verbose","Microsoft-Windows-StateRepository","SRCache successfully updated [Options=0x0]"
"31-07-2026 09:45:51","271","Verbose","Microsoft-Windows-StateRepository","SRCache successfully updated [Options=0x0]"
"31-07-2026 09:45:50","271","Verbose","Microsoft-Windows-StateRepository","SRCache successfully updated [Options=0x0]"
"31-07-2026 09:45:47","271","Verbose","Microsoft-Windows-StateRepository","SRCache successfully updated [Options=0x0]"
"31-07-2026 09:45:47","271","Verbose","Microsoft-Windows-StateRepository","SRCache successfully updated [Options=0x0]"
"31-07-2026 09:45:46","271","Verbose","Microsoft-Windows-StateRepository","SRCache successfully updated [Options=0x0]"
"31-07-2026 09:45:42","271","Verbose","Microsoft-Windows-StateRepository","SRCache successfully updated [Options=0x0]"
"31-07-2026 09:45:42","271","Verbose","Microsoft-Windows-StateRepository","SRCache successfully updated [Options=0x0]"
"31-07-2026 09:45:42","271","Verbose","Microsoft-Windows-StateRepository","SRCache successfully updated [Options=0x0]"
"31-07-2026 09:45:41","221","Verbose","Microsoft-Windows-StateRepository","ANALYZE command has run; database statistics are updated [Partition=2, ProcessId=10028, Scope=(database)]"
"31-07-2026 09:45:41","221","Verbose","Microsoft-Windows-StateRepository","ANALYZE command has run; database statistics are updated [Partition=1, ProcessId=10028, Scope=(database)]"
"31-07-2026 09:45:40","271","Verbose","Microsoft-Windows-StateRepository","SRCache successfully updated [Options=0x0]"
"31-07-2026 09:45:39","100","Error","Microsoft-Windows-StateRepository","Error 0x15: misuse at line 185353 of [737ae4a347]"
"31-07-2026 09:45:26","271","Verbose","Microsoft-Windows-StateRepository","SRCache successfully updated [Options=0x0]"
"31-07-2026 09:45:26","271","Verbose","Microsoft-Windows-StateRepository","SRCache successfully updated [Options=0x0]"
"31-07-2026 09:45:13","271","Verbose","Microsoft-Windows-StateRepository","SRCache successfully updated [Options=0x0]"
"31-07-2026 09:45:12","271","Verbose","Microsoft-Windows-StateRepository","SRCache successfully updated [Options=0x0]"
"31-07-2026 09:45:12","100","Error","Microsoft-Windows-StateRepository","Error 0x15: misuse at line 185353 of [737ae4a347]"
"31-07-2026 09:45:12","271","Verbose","Microsoft-Windows-StateRepository","SRCache successfully updated [Options=0x0]"
"31-07-2026 09:44:30","271","Verbose","Microsoft-Windows-StateRepository","SRCache successfully updated [Options=0x0]"
"31-07-2026 09:44:29","271","Verbose","Microsoft-Windows-StateRepository","SRCache successfully updated [Options=0x0]"
"31-07-2026 09:44:29","271","Verbose","Microsoft-Windows-StateRepository","SRCache successfully updated [Options=0x0]"
"31-07-2026 09:44:29","221","Verbose","Microsoft-Windows-StateRepository","ANALYZE command has run; database statistics are updated [Partition=2, ProcessId=10028, Scope=(database)]"
"31-07-2026 09:44:29","221","Verbose","Microsoft-Windows-StateRepository","ANALYZE command has run; database statistics are updated [Partition=1, ProcessId=10028, Scope=(database)]"
"31-07-2026 09:44:28","231","Verbose","Microsoft-Windows-StateRepository","RepositoryManagerServerUpgrade with options: 0x1"
"31-07-2026 09:44:27","100","Error","Microsoft-Windows-StateRepository","Error 0x15: misuse at line 185353 of [737ae4a347]"
"31-07-2026 09:44:27","287","Information","Microsoft-Windows-StateRepository","StateRepository lifecycle transition to Running [ProcessId=2008, ThreadId=832] [ElapsedMS: RegisterService=0, StateRepository=0 AccessControl=0 Upgrade=788 Cache=3401 Module=0 CoRegisterServerShutdown=0 RegisterDisconnectableContext=10 RPC=2"
"31-07-2026 09:44:27","269","Verbose","Microsoft-Windows-StateRepository","SRCache successfully initialized [Options=0x0]"
"31-07-2026 09:44:24","245","Verbose","Microsoft-Windows-StateRepository","Maintenance has been performed"
"31-07-2026 09:44:24","265","Verbose","Microsoft-Windows-StateRepository","Checkpoint has been performed"
"31-07-2026 09:44:24","284","Verbose","Microsoft-Windows-StateRepository","REINDEX command has run; database indices are updated [Partition=2, ProcessId=2008, Scope=NULL]"
"31-07-2026 09:44:24","284","Verbose","Microsoft-Windows-StateRepository","REINDEX command has run; database indices are updated [Partition=2, ProcessId=2008, Scope=PackageSourceUri]"
"31-07-2026 09:44:24","284","Verbose","Microsoft-Windows-StateRepository","REINDEX command has run; database indices are updated [Partition=2, ProcessId=2008, Scope=PackageAppInstaller]"
"31-07-2026 09:44:24","284","Verbose","Microsoft-Windows-StateRepository","REINDEX command has run; database indices are updated [Partition=2, ProcessId=2008, Scope=File]"
"31-07-2026 09:44:23","284","Verbose","Microsoft-Windows-StateRepository","REINDEX command has run; database indices are updated [Partition=2, ProcessId=2008, Scope=ContentGroupFile]"
"31-07-2026 09:44:23","284","Verbose","Microsoft-Windows-StateRepository","REINDEX command has run; database indices are updated [Partition=2, ProcessId=2008, Scope=ContentGroup]"
"31-07-2026 09:44:23","284","Verbose","Microsoft-Windows-StateRepository","REINDEX command has run; database indices are updated [Partition=2, ProcessId=2008, Scope=AutoUpdatePackage]"
"31-07-2026 09:44:23","284","Verbose","Microsoft-Windows-StateRepository","REINDEX command has run; database indices are updated [Partition=2, ProcessId=2008, Scope=AppxManifest]"
"31-07-2026 09:44:23","284","Verbose","Microsoft-Windows-StateRepository","REINDEX command has run; database indices are updated [Partition=2, ProcessId=2008, Scope=AppInstallerUri]"
"31-07-2026 09:44:23","284","Verbose","Microsoft-Windows-StateRepository","REINDEX command has run; database indices are updated [Partition=2, ProcessId=2008, Scope=AppInstaller]"
"31-07-2026 09:44:23","223","Information","Microsoft-Windows-StateRepository","StateRepository partition 2 exists and ready for use [SchemaVersion=30208]"
"31-07-2026 09:44:23","223","Information","Microsoft-Windows-StateRepository","StateRepository partition 1 exists and ready for use [SchemaVersion=30208]"
"31-07-2026 09:44:23","100","Error","Microsoft-Windows-StateRepository","Error 0x15: misuse at line 185353 of [737ae4a347]"
"31-07-2026 09:43:45","243","Verbose","Microsoft-Windows-StateRepository","Waited 0msec for requests in progress to complete"
"31-07-2026 09:43:45","242","Verbose","Microsoft-Windows-StateRepository","Waiting 5000msec for requests in progress to complete"
"31-07-2026 09:43:45","289","Information","Microsoft-Windows-StateRepository","StateRepository lifecycle transition to Stopping [ProcessId=2036, Checkpoint=42972]"
"31-07-2026 09:43:45","289","Information","Microsoft-Windows-StateRepository","StateRepository lifecycle transition to Stopping [ProcessId=2036, Checkpoint=2044]"
"31-07-2026 09:43:08","271","Verbose","Microsoft-Windows-StateRepository","SRCache successfully updated [Options=0x0]"
"31-07-2026 09:43:08","271","Verbose","Microsoft-Windows-StateRepository","SRCache successfully updated [Options=0x0]"
"31-07-2026 09:32:37","271","Verbose","Microsoft-Windows-StateRepository","SRCache successfully updated [Options=0x0]"
"31-07-2026 09:32:37","271","Verbose","Microsoft-Windows-StateRepository","SRCache successfully updated [Options=0x0]"
"31-07-2026 09:32:37","271","Verbose","Microsoft-Windows-StateRepository","SRCache successfully updated [Options=0x0]"
"31-07-2026 09:32:37","271","Verbose","Microsoft-Windows-StateRepository","SRCache successfully updated [Options=0x0]"
"31-07-2026 09:32:37","271","Verbose","Microsoft-Windows-StateRepository","SRCache successfully updated [Options=0x0]"
"31-07-2026 09:32:37","271","Verbose","Microsoft-Windows-StateRepository","SRCache successfully updated [Options=0x0]"
"31-07-2026 09:32:37","271","Verbose","Microsoft-Windows-StateRepository","SRCache successfully updated [Options=0x0]"
"31-07-2026 09:32:37","271","Verbose","Microsoft-Windows-StateRepository","SRCache successfully updated [Options=0x0]"
"31-07-2026 09:32:37","100","Error","Microsoft-Windows-StateRepository","Error 0x15: misuse at line 185353 of [737ae4a347]"
"31-07-2026 09:32:37","271","Verbose","Microsoft-Windows-StateRepository","SRCache successfully updated [Options=0x0]"
"31-07-2026 09:32:37","271","Verbose","Microsoft-Windows-StateRepository","SRCache successfully updated [Options=0x0]"
"31-07-2026 09:32:37","271","Verbose","Microsoft-Windows-StateRepository","SRCache successfully updated [Options=0x0]"
"31-07-2026 09:32:37","271","Verbose","Microsoft-Windows-StateRepository","SRCache successfully updated [Options=0x0]"
"31-07-2026 09:32:37","271","Verbose","Microsoft-Windows-StateRepository","SRCache successfully updated [Options=0x0]"
"31-07-2026 09:32:36","271","Verbose","Microsoft-Windows-StateRepository","SRCache successfully updated [Options=0x0]"
"31-07-2026 09:32:36","271","Verbose","Microsoft-Windows-StateRepository","SRCache successfully updated [Options=0x0]"
"31-07-2026 09:32:36","271","Verbose","Microsoft-Windows-StateRepository","SRCache successfully updated [Options=0x0]"
"31-07-2026 09:32:36","271","Verbose","Microsoft-Windows-StateRepository","SRCache successfully updated [Options=0x0]"
"31-07-2026 09:32:36","271","Verbose","Microsoft-Windows-StateRepository","SRCache successfully updated [Options=0x0]"
"31-07-2026 09:32:36","271","Verbose","Microsoft-Windows-StateRepository","SRCache successfully updated [Options=0x0]"
"31-07-2026 09:32:36","271","Verbose","Microsoft-Windows-StateRepository","SRCache successfully updated [Options=0x0]"
"31-07-2026 09:32:36","271","Verbose","Microsoft-Windows-StateRepository","SRCache successfully updated [Options=0x0]"
"31-07-2026 09:32:36","221","Verbose","Microsoft-Windows-StateRepository","ANALYZE command has run; database statistics are updated [Partition=2, ProcessId=7900, Scope=(database)]"
"31-07-2026 09:32:35","221","Verbose","Microsoft-Windows-StateRepository","ANALYZE command has run; database statistics are updated [Partition=1, ProcessId=7900, Scope=(database)]"
"30-07-2026 19:44:00","231","Verbose","Microsoft-Windows-StateRepository","RepositoryManagerServerUpgrade with options: 0x1"
"30-07-2026 19:44:00","100","Error","Microsoft-Windows-StateRepository","Error 0x15: misuse at line 185353 of [737ae4a347]"
"30-07-2026 18:51:18","231","Verbose","Microsoft-Windows-StateRepository","RepositoryManagerServerUpgrade with options: 0x1"
"30-07-2026 18:51:18","100","Error","Microsoft-Windows-StateRepository","Error 0x15: misuse at line 185353 of [737ae4a347]"
"30-07-2026 18:35:23","231","Verbose","Microsoft-Windows-StateRepository","RepositoryManagerServerUpgrade with options: 0x1"
"30-07-2026 18:35:23","100","Error","Microsoft-Windows-StateRepository","Error 0x15: misuse at line 185353 of [737ae4a347]"
"30-07-2026 17:57:08","231","Verbose","Microsoft-Windows-StateRepository","RepositoryManagerServerUpgrade with options: 0x1"
"30-07-2026 17:57:08","100","Error","Microsoft-Windows-StateRepository","Error 0x15: misuse at line 185353 of [737ae4a347]"
"30-07-2026 16:34:10","231","Verbose","Microsoft-Windows-StateRepository","RepositoryManagerServerUpgrade with options: 0x1"
"30-07-2026 16:34:10","100","Error","Microsoft-Windows-StateRepository","Error 0x15: misuse at line 185353 of [737ae4a347]"
"30-07-2026 16:27:20","231","Verbose","Microsoft-Windows-StateRepository","RepositoryManagerServerUpgrade with options: 0x1"
"30-07-2026 16:27:20","100","Error","Microsoft-Windows-StateRepository","Error 0x15: misuse at line 185353 of [737ae4a347]"
"30-07-2026 16:11:33","231","Verbose","Microsoft-Windows-StateRepository","RepositoryManagerServerUpgrade with options: 0x1"
"30-07-2026 16:11:33","100","Error","Microsoft-Windows-StateRepository","Error 0x15: misuse at line 185353 of [737ae4a347]"
"30-07-2026 15:57:08","231","Verbose","Microsoft-Windows-StateRepository","RepositoryManagerServerUpgrade with options: 0x1"
"30-07-2026 15:57:08","100","Error","Microsoft-Windows-StateRepository","Error 0x15: misuse at line 185353 of [737ae4a347]"
"30-07-2026 15:48:30","231","Verbose","Microsoft-Windows-StateRepository","RepositoryManagerServerUpgrade with options: 0x1"
"30-07-2026 15:48:30","100","Error","Microsoft-Windows-StateRepository","Error 0x15: misuse at line 185353 of [737ae4a347]"
"30-07-2026 15:31:24","231","Verbose","Microsoft-Windows-StateRepository","RepositoryManagerServerUpgrade with options: 0x1"
"30-07-2026 15:31:24","100","Error","Microsoft-Windows-StateRepository","Error 0x15: misuse at line 185353 of [737ae4a347]"
"30-07-2026 14:57:08","231","Verbose","Microsoft-Windows-StateRepository","RepositoryManagerServerUpgrade with options: 0x1"
"30-07-2026 14:57:08","100","Error","Microsoft-Windows-StateRepository","Error 0x15: misuse at line 185353 of [737ae4a347]"
"30-07-2026 14:46:02","100","Error","Microsoft-Windows-StateRepository","Error 0x15: misuse at line 185353 of [737ae4a347]"
"30-07-2026 14:27:01","231","Verbose","Microsoft-Windows-StateRepository","RepositoryManagerServerUpgrade with options: 0x1"
"30-07-2026 14:27:01","100","Error","Microsoft-Windows-StateRepository","Error 0x15: misuse at line 185353 of [737ae4a347]"
"30-07-2026 13:50:26","231","Verbose","Microsoft-Windows-StateRepository","RepositoryManagerServerUpgrade with options: 0x1"
"30-07-2026 13:50:26","100","Error","Microsoft-Windows-StateRepository","Error 0x15: misuse at line 185353 of [737ae4a347]"
"30-07-2026 12:57:43","231","Verbose","Microsoft-Windows-StateRepository","RepositoryManagerServerUpgrade with options: 0x1"
"30-07-2026 12:57:43","100","Error","Microsoft-Windows-StateRepository","Error 0x15: misuse at line 185353 of [737ae4a347]"
"30-07-2026 12:51:24","271","Verbose","Microsoft-Windows-StateRepository","SRCache successfully updated [Options=0x0]"
"30-07-2026 12:45:23","231","Verbose","Microsoft-Windows-StateRepository","RepositoryManagerServerUpgrade with options: 0x1"
"30-07-2026 12:45:23","100","Error","Microsoft-Windows-StateRepository","Error 0x15: misuse at line 185353 of [737ae4a347]"
"30-07-2026 12:20:38","100","Error","Microsoft-Windows-StateRepository","Error 0x15: misuse at line 185353 of [737ae4a347]"
"30-07-2026 11:48:28","271","Verbose","Microsoft-Windows-StateRepository","SRCache successfully updated [Options=0x0]"
"30-07-2026 11:48:28","271","Verbose","Microsoft-Windows-StateRepository","SRCache successfully updated [Options=0x0]"
"30-07-2026 11:48:28","271","Verbose","Microsoft-Windows-StateRepository","SRCache successfully updated [Options=0x0]"
"30-07-2026 11:48:28","271","Verbose","Microsoft-Windows-StateRepository","SRCache successfully updated [Options=0x0]"
"30-07-2026 11:48:26","271","Verbose","Microsoft-Windows-StateRepository","SRCache successfully updated [Options=0x0]"
"30-07-2026 11:48:26","271","Verbose","Microsoft-Windows-StateRepository","SRCache successfully updated [Options=0x0]"
"30-07-2026 11:48:26","271","Verbose","Microsoft-Windows-StateRepository","SRCache successfully updated [Options=0x0]"
"30-07-2026 11:48:26","271","Verbose","Microsoft-Windows-StateRepository","SRCache successfully updated [Options=0x0]"
"30-07-2026 11:48:26","271","Verbose","Microsoft-Windows-StateRepository","SRCache successfully updated [Options=0x0]"
"30-07-2026 11:48:26","271","Verbose","Microsoft-Windows-StateRepository","SRCache successfully updated [Options=0x0]"
"30-07-2026 11:48:24","271","Verbose","Microsoft-Windows-StateRepository","SRCache successfully updated [Options=0x0]"
"30-07-2026 11:48:24","271","Verbose","Microsoft-Windows-StateRepository","SRCache successfully updated [Options=0x0]"
"30-07-2026 11:48:15","271","Verbose","Microsoft-Windows-StateRepository","SRCache successfully updated [Options=0x0]"
"30-07-2026 11:48:14","271","Verbose","Microsoft-Windows-StateRepository","SRCache successfully updated [Options=0x0]"
"30-07-2026 11:48:08","271","Verbose","Microsoft-Windows-StateRepository","SRCache successfully updated [Options=0x0]"
"30-07-2026 11:48:07","271","Verbose","Microsoft-Windows-StateRepository","SRCache successfully updated [Options=0x0]"
"30-07-2026 11:47:54","271","Verbose","Microsoft-Windows-StateRepository","SRCache successfully updated [Options=0x0]"
"30-07-2026 11:47:54","271","Verbose","Microsoft-Windows-StateRepository","SRCache successfully updated [Options=0x0]"
"30-07-2026 11:47:48","271","Verbose","Microsoft-Windows-StateRepository","SRCache successfully updated [Options=0x0]"
"30-07-2026 11:47:48","271","Verbose","Microsoft-Windows-StateRepository","SRCache successfully updated [Options=0x0]"
"30-07-2026 11:47:48","271","Verbose","Microsoft-Windows-StateRepository","SRCache successfully updated [Options=0x0]"
"30-07-2026 11:47:48","271","Verbose","Microsoft-Windows-StateRepository","SRCache successfully updated [Options=0x0]"
"30-07-2026 11:47:46","271","Verbose","Microsoft-Windows-StateRepository","SRCache successfully updated [Options=0x0]"
"30-07-2026 11:47:46","271","Verbose","Microsoft-Windows-StateRepository","SRCache successfully updated [Options=0x0]"
"30-07-2026 11:47:43","271","Verbose","Microsoft-Windows-StateRepository","SRCache successfully updated [Options=0x0]"
"30-07-2026 11:47:43","271","Verbose","Microsoft-Windows-StateRepository","SRCache successfully updated [Options=0x0]"
"30-07-2026 11:47:43","221","Verbose","Microsoft-Windows-StateRepository","ANALYZE command has run; database statistics are updated [Partition=2, ProcessId=26980, Scope=(database)]"
"30-07-2026 11:47:42","221","Verbose","Microsoft-Windows-StateRepository","ANALYZE command has run; database statistics are updated [Partition=1, ProcessId=26980, Scope=(database)]"
"30-07-2026 11:44:52","231","Verbose","Microsoft-Windows-StateRepository","RepositoryManagerServerUpgrade with options: 0x1"
"30-07-2026 11:44:52","100","Error","Microsoft-Windows-StateRepository","Error 0x15: misuse at line 185353 of [737ae4a347]"
"30-07-2026 10:50:26","231","Verbose","Microsoft-Windows-StateRepository","RepositoryManagerServerUpgrade with options: 0x1"
"30-07-2026 10:50:26","100","Error","Microsoft-Windows-StateRepository","Error 0x15: misuse at line 185353 of [737ae4a347]"
"30-07-2026 09:44:51","221","Verbose","Microsoft-Windows-StateRepository","ANALYZE command has run; database statistics are updated [Partition=2, ProcessId=2036, Scope=(database)]"
"30-07-2026 09:44:51","221","Verbose","Microsoft-Windows-StateRepository","ANALYZE command has run; database statistics are updated [Partition=1, ProcessId=2036, Scope=(database)]"
"30-07-2026 09:44:51","284","Verbose","Microsoft-Windows-StateRepository","REINDEX command has run; database indices are updated [Partition=2, ProcessId=2036, Scope=(database)]"
"30-07-2026 09:44:50","284","Verbose","Microsoft-Windows-StateRepository","REINDEX command has run; database indices are updated [Partition=1, ProcessId=2036, Scope=(database)]"
"30-07-2026 09:39:10","271","Verbose","Microsoft-Windows-StateRepository","SRCache successfully updated [Options=0x0]"
"30-07-2026 09:39:10","271","Verbose","Microsoft-Windows-StateRepository","SRCache successfully updated [Options=0x0]"
"30-07-2026 09:39:10","221","Verbose","Microsoft-Windows-StateRepository","ANALYZE command has run; database statistics are updated [Partition=2, ProcessId=31360, Scope=(database)]"
"30-07-2026 09:39:09","221","Verbose","Microsoft-Windows-StateRepository","ANALYZE command has run; database statistics are updated [Partition=1, ProcessId=31360, Scope=(database)]"
"30-07-2026 06:32:28","231","Verbose","Microsoft-Windows-StateRepository","RepositoryManagerServerUpgrade with options: 0x1"
"30-07-2026 06:32:08","100","Error","Microsoft-Windows-StateRepository","Error 0x15: misuse at line 185353 of [737ae4a347]"
"29-07-2026 19:39:37","231","Verbose","Microsoft-Windows-StateRepository","RepositoryManagerServerUpgrade with options: 0x1"
"29-07-2026 19:36:03","100","Error","Microsoft-Windows-StateRepository","Error 0x15: misuse at line 185353 of [737ae4a347]"
"29-07-2026 19:22:12","100","Error","Microsoft-Windows-StateRepository","Error 0x15: misuse at line 185353 of [737ae4a347]"
"29-07-2026 19:14:01","231","Verbose","Microsoft-Windows-StateRepository","RepositoryManagerServerUpgrade with options: 0x1"
"29-07-2026 19:14:01","100","Error","Microsoft-Windows-StateRepository","Error 0x15: misuse at line 185353 of [737ae4a347]"
"29-07-2026 18:54:14","231","Verbose","Microsoft-Windows-StateRepository","RepositoryManagerServerUpgrade with options: 0x1"
"29-07-2026 18:54:14","100","Error","Microsoft-Windows-StateRepository","Error 0x15: misuse at line 185353 of [737ae4a347]"
"29-07-2026 18:39:37","231","Verbose","Microsoft-Windows-StateRepository","RepositoryManagerServerUpgrade with options: 0x1"
"29-07-2026 18:39:37","100","Error","Microsoft-Windows-StateRepository","Error 0x15: misuse at line 185353 of [737ae4a347]"
"29-07-2026 18:16:12","231","Verbose","Microsoft-Windows-StateRepository","RepositoryManagerServerUpgrade with options: 0x1"
"29-07-2026 18:16:12","100","Error","Microsoft-Windows-StateRepository","Error 0x15: misuse at line 185353 of [737ae4a347]"
"29-07-2026 17:59:52","231","Verbose","Microsoft-Windows-StateRepository","RepositoryManagerServerUpgrade with options: 0x1"
"29-07-2026 17:59:52","100","Error","Microsoft-Windows-StateRepository","Error 0x15: misuse at line 185353 of [737ae4a347]"
"29-07-2026 17:39:37","231","Verbose","Microsoft-Windows-StateRepository","RepositoryManagerServerUpgrade with options: 0x1"
"29-07-2026 17:39:37","100","Error","Microsoft-Windows-StateRepository","Error 0x15: misuse at line 185353 of [737ae4a347]"
"29-07-2026 16:55:30","231","Verbose","Microsoft-Windows-StateRepository","RepositoryManagerServerUpgrade with options: 0x1"
