"17-08-2026 09:48:32","300","Information","Microsoft-Windows-Ntfs","NTFS volume dismount has started.

           Volume correlation Id: {00000000-0000-0000-0000-000000000000}
           Volume name: 
           Volume label: OS

           Device name: \Device\HarddiskVolumeShadowCopy8
           Device GUID: {00000000-0000-0000-0000-000000000000}
           Device manufacturer: 
           Device model: 
           Device revision: 
           Device serial number: 
           Bus type: <unknown>
           Native NVMe: false
           
           Adapter serial number: 
           
           Process Id: 41356
           Process name: svchost.exe
           
           Reason: User request
"
"17-08-2026 09:48:31","4","Information","Microsoft-Windows-Ntfs","The NTFS volume has been successfully mounted.

           Volume correlation Id: {00000000-0000-0000-0000-000000000000}
           Volume name: OS
           Volume label: OS

           Device name: \Device\HarddiskVolumeShadowCopy8
           Device GUID: {00000000-0000-0000-0000-000000000000}
           Device manufacturer: 
           Device model: 
           Device revision: 
           Device serial number: 
           Bus type: <unknown>
           Device number: 4294967295
           Boot partition: false

           Native NVMe: false

           Adapter serial number: 
           
           Total mount duration: 31 ms
           Longest stage: 7. Duration 26 ms (83% of the total)
           Second longest stage: 8. Duration 2 ms (6% of the total)
           Volume restart applied: false
"
"17-08-2026 09:48:31","10","Information","Microsoft-Windows-Ntfs","NTFS cached runs statistics.

           Volume correlation Id: {00000000-0000-0000-0000-000000000000}
           Volume name: 
           Volume label: OS

           Device name: \Device\HarddiskVolumeShadowCopy8
           Device GUID: {00000000-0000-0000-0000-000000000000}
           Device manufacturer: 
           Device model: 
           Device revision: 
           Device serial number: 
           Bus type: <unknown>
           Native NVMe: false

           Adapter serial number: 

           Media type: Hard disk
           Runs cached: 1891
           Longest run cached: 21.67 GB
           Most populated bin Count: 75
           Most populated bin's minimum length: 7.51 MB
           Most populated bin's maximum length: 7.75 MB
"
"17-08-2026 09:48:31","9","Information","Microsoft-Windows-Ntfs","NTFS scanned entire volume bitmap.

           Volume correlation Id: {00000000-0000-0000-0000-000000000000}
           Volume name: 
           Volume label: OS

           Device name: \Device\HarddiskVolumeShadowCopy8
           Device GUID: {00000000-0000-0000-0000-000000000000}
           Device manufacturer: 
           Device model: 
           Device revision: 
           Device serial number: 
           Bus type: <unknown>
           Native NVMe: false

           Adapter serial number: 

           Duration (micro seconds): 24800
           InputFlags: 0xE
           Reason: Mount
           Flags: 0x10
"
"17-08-2026 09:48:31","303","Information","Microsoft-Windows-Ntfs","The NTFS volume has successfully dismounted.

           Volume correlation Id: {00000000-0000-0000-0000-000000000000}
           Volume name: OS
           Volume label: OS

           Device name: \Device\HarddiskVolumeShadowCopy8
           Device GUID: {00000000-0000-0000-0000-000000000000}
           Device manufacturer: 
           Device model: 
           Device revision: 
           Device serial number: 
           Bus type: <unknown>
           Native NVMe: false

           Adapter serial number: 
           
           Process Id: 41356
           Process name: svchost.exe
           
           Reason: User request
"
"17-08-2026 09:48:31","300","Information","Microsoft-Windows-Ntfs","NTFS volume dismount has started.

           Volume correlation Id: {00000000-0000-0000-0000-000000000000}
           Volume name: 
           Volume label: OS

           Device name: \Device\HarddiskVolumeShadowCopy8
           Device GUID: {00000000-0000-0000-0000-000000000000}
           Device manufacturer: 
           Device model: 
           Device revision: 
           Device serial number: 
           Bus type: <unknown>
           Native NVMe: false
           
           Adapter serial number: 
           
           Process Id: 41356
           Process name: svchost.exe
           
           Reason: User request
"
"17-08-2026 09:48:31","4","Information","Microsoft-Windows-Ntfs","The NTFS volume has been successfully mounted.

           Volume correlation Id: {00000000-0000-0000-0000-000000000000}
           Volume name: OS
           Volume label: OS

           Device name: \Device\HarddiskVolumeShadowCopy8
           Device GUID: {00000000-0000-0000-0000-000000000000}
           Device manufacturer: 
           Device model: 
           Device revision: 
           Device serial number: 
           Bus type: <unknown>
           Device number: 4294967295
           Boot partition: false

           Native NVMe: false

           Adapter serial number: 
           
           Total mount duration: 33 ms
           Longest stage: 7. Duration 27 ms (82% of the total)
           Second longest stage: 8. Duration 3 ms (9% of the total)
           Volume restart applied: false
"
"17-08-2026 09:48:31","10","Information","Microsoft-Windows-Ntfs","NTFS cached runs statistics.

           Volume correlation Id: {00000000-0000-0000-0000-000000000000}
           Volume name: 
           Volume label: OS

           Device name: \Device\HarddiskVolumeShadowCopy8
           Device GUID: {00000000-0000-0000-0000-000000000000}
           Device manufacturer: 
           Device model: 
           Device revision: 
           Device serial number: 
           Bus type: <unknown>
           Native NVMe: false

           Adapter serial number: 

           Media type: Hard disk
           Runs cached: 1891
           Longest run cached: 21.67 GB
           Most populated bin Count: 75
           Most populated bin's minimum length: 7.51 MB
           Most populated bin's maximum length: 7.75 MB
"
"17-08-2026 09:48:31","9","Information","Microsoft-Windows-Ntfs","NTFS scanned entire volume bitmap.

           Volume correlation Id: {00000000-0000-0000-0000-000000000000}
           Volume name: 
           Volume label: OS

           Device name: \Device\HarddiskVolumeShadowCopy8
           Device GUID: {00000000-0000-0000-0000-000000000000}
           Device manufacturer: 
           Device model: 
           Device revision: 
           Device serial number: 
           Bus type: <unknown>
           Native NVMe: false

           Adapter serial number: 

           Duration (micro seconds): 25754
           InputFlags: 0xE
           Reason: Mount
           Flags: 0x10
"
"17-08-2026 09:38:32","303","Information","Microsoft-Windows-Ntfs","The NTFS volume has successfully dismounted.

           Volume correlation Id: {00000000-0000-0000-0000-000000000000}
           Volume name: OS
           Volume label: OS

           Device name: \Device\HarddiskVolumeShadowCopy7
           Device GUID: {00000000-0000-0000-0000-000000000000}
           Device manufacturer: 
           Device model: 
           Device revision: 
           Device serial number: 
           Bus type: <unknown>
           Native NVMe: false

           Adapter serial number: 
           
           Process Id: 41356
           Process name: svchost.exe
           
           Reason: User request
"
"17-08-2026 09:38:32","300","Information","Microsoft-Windows-Ntfs","NTFS volume dismount has started.

           Volume correlation Id: {00000000-0000-0000-0000-000000000000}
           Volume name: 
           Volume label: OS

           Device name: \Device\HarddiskVolumeShadowCopy7
           Device GUID: {00000000-0000-0000-0000-000000000000}
           Device manufacturer: 
           Device model: 
           Device revision: 
           Device serial number: 
           Bus type: <unknown>
           Native NVMe: false
           
           Adapter serial number: 
           
           Process Id: 41356
           Process name: svchost.exe
           
           Reason: User request
"
"17-08-2026 09:38:32","10","Information","Microsoft-Windows-Ntfs","NTFS cached runs statistics.

           Volume correlation Id: {c5c572ba-c5d0-47f6-864e-13eb05e6d46c}
           Volume name: C:
           Volume label: OS

           Device name: \Device\HarddiskVolume3
           Device GUID: {0d0616a1-3adc-3de7-d9a2-784fe4e2d52a}
           Device manufacturer: NVMe
           Device model: PM9C1b Samsung 256GB
           Device revision: 58330109
           Device serial number: 0025_38F6_5106_1623.
           Bus type: NVMe
           Native NVMe: false

           Adapter serial number: 

           Media type: Hard disk
           Runs cached: 7278
           Longest run cached: 21.67 GB
           Most populated bin Count: 2354
           Most populated bin's minimum length: 16 KB
           Most populated bin's maximum length: 16 KB
"
"17-08-2026 09:38:32","9","Information","Microsoft-Windows-Ntfs","NTFS scanned entire volume bitmap.

           Volume correlation Id: {c5c572ba-c5d0-47f6-864e-13eb05e6d46c}
           Volume name: C:
           Volume label: OS

           Device name: \Device\HarddiskVolume3
           Device GUID: {0d0616a1-3adc-3de7-d9a2-784fe4e2d52a}
           Device manufacturer: NVMe
           Device model: PM9C1b Samsung 256GB
           Device revision: 58330109
           Device serial number: 0025_38F6_5106_1623.
           Bus type: NVMe
           Native NVMe: false

           Adapter serial number: 

           Duration (micro seconds): 48680
           InputFlags: 0xA
           Reason: Reload requested because of an exception or configuration change
           Flags: 0x10
"
"17-08-2026 09:38:31","4","Information","Microsoft-Windows-Ntfs","The NTFS volume has been successfully mounted.

           Volume correlation Id: {00000000-0000-0000-0000-000000000000}
           Volume name: OS
           Volume label: OS

           Device name: \Device\HarddiskVolumeShadowCopy7
           Device GUID: {00000000-0000-0000-0000-000000000000}
           Device manufacturer: 
           Device model: 
           Device revision: 
           Device serial number: 
           Bus type: <unknown>
           Device number: 4294967295
           Boot partition: false

           Native NVMe: false

           Adapter serial number: 
           
           Total mount duration: 45 ms
           Longest stage: 7. Duration 32 ms (71% of the total)
           Second longest stage: 8. Duration 8 ms (19% of the total)
           Volume restart applied: false
"
"17-08-2026 09:38:31","10","Information","Microsoft-Windows-Ntfs","NTFS cached runs statistics.

           Volume correlation Id: {00000000-0000-0000-0000-000000000000}
           Volume name: 
           Volume label: OS

           Device name: \Device\HarddiskVolumeShadowCopy7
           Device GUID: {00000000-0000-0000-0000-000000000000}
           Device manufacturer: 
           Device model: 
           Device revision: 
           Device serial number: 
           Bus type: <unknown>
           Native NVMe: false

           Adapter serial number: 

           Media type: Hard disk
           Runs cached: 4972
           Longest run cached: 21.67 GB
           Most populated bin Count: 74
           Most populated bin's minimum length: 7.51 MB
           Most populated bin's maximum length: 7.75 MB
"
"17-08-2026 09:38:31","9","Information","Microsoft-Windows-Ntfs","NTFS scanned entire volume bitmap.

           Volume correlation Id: {00000000-0000-0000-0000-000000000000}
           Volume name: 
           Volume label: OS

           Device name: \Device\HarddiskVolumeShadowCopy7
           Device GUID: {00000000-0000-0000-0000-000000000000}
           Device manufacturer: 
           Device model: 
           Device revision: 
           Device serial number: 
           Bus type: <unknown>
           Native NVMe: false

           Adapter serial number: 

           Duration (micro seconds): 35138
           InputFlags: 0xE
           Reason: Mount
           Flags: 0x10
"
"17-08-2026 09:38:31","303","Information","Microsoft-Windows-Ntfs","The NTFS volume has successfully dismounted.

           Volume correlation Id: {00000000-0000-0000-0000-000000000000}
           Volume name: OS
           Volume label: OS

           Device name: \Device\HarddiskVolumeShadowCopy7
           Device GUID: {00000000-0000-0000-0000-000000000000}
           Device manufacturer: 
           Device model: 
           Device revision: 
           Device serial number: 
           Bus type: <unknown>
           Native NVMe: false

           Adapter serial number: 
           
           Process Id: 41356
           Process name: svchost.exe
           
           Reason: User request
"
"17-08-2026 09:38:31","300","Information","Microsoft-Windows-Ntfs","NTFS volume dismount has started.

           Volume correlation Id: {00000000-0000-0000-0000-000000000000}
           Volume name: 
           Volume label: OS

           Device name: \Device\HarddiskVolumeShadowCopy7
           Device GUID: {00000000-0000-0000-0000-000000000000}
           Device manufacturer: 
           Device model: 
           Device revision: 
           Device serial number: 
           Bus type: <unknown>
           Native NVMe: false
           
           Adapter serial number: 
           
           Process Id: 41356
           Process name: svchost.exe
           
           Reason: User request
"
"17-08-2026 09:38:31","10","Information","Microsoft-Windows-Ntfs","NTFS cached runs statistics.

           Volume correlation Id: {c5c572ba-c5d0-47f6-864e-13eb05e6d46c}
           Volume name: C:
           Volume label: OS

           Device name: \Device\HarddiskVolume3
           Device GUID: {0d0616a1-3adc-3de7-d9a2-784fe4e2d52a}
           Device manufacturer: NVMe
           Device model: PM9C1b Samsung 256GB
           Device revision: 58330109
           Device serial number: 0025_38F6_5106_1623.
           Bus type: NVMe
           Native NVMe: false

           Adapter serial number: 

           Media type: Hard disk
           Runs cached: 7239
           Longest run cached: 21.67 GB
           Most populated bin Count: 2370
           Most populated bin's minimum length: 16 KB
           Most populated bin's maximum length: 16 KB
"
"17-08-2026 09:38:31","9","Information","Microsoft-Windows-Ntfs","NTFS scanned entire volume bitmap.

           Volume correlation Id: {c5c572ba-c5d0-47f6-864e-13eb05e6d46c}
           Volume name: C:
           Volume label: OS

           Device name: \Device\HarddiskVolume3
           Device GUID: {0d0616a1-3adc-3de7-d9a2-784fe4e2d52a}
           Device manufacturer: NVMe
           Device model: PM9C1b Samsung 256GB
           Device revision: 58330109
           Device serial number: 0025_38F6_5106_1623.
           Bus type: NVMe
           Native NVMe: false

           Adapter serial number: 

           Duration (micro seconds): 16852
           InputFlags: 0xA
           Reason: Reload requested because of an exception or configuration change
           Flags: 0x10
"
"17-08-2026 09:38:31","4","Information","Microsoft-Windows-Ntfs","The NTFS volume has been successfully mounted.

           Volume correlation Id: {00000000-0000-0000-0000-000000000000}
           Volume name: OS
           Volume label: OS

           Device name: \Device\HarddiskVolumeShadowCopy7
           Device GUID: {00000000-0000-0000-0000-000000000000}
           Device manufacturer: 
           Device model: 
           Device revision: 
           Device serial number: 
           Bus type: <unknown>
           Device number: 4294967295
           Boot partition: false

           Native NVMe: false

           Adapter serial number: 
           
           Total mount duration: 42 ms
           Longest stage: 7. Duration 36 ms (85% of the total)
           Second longest stage: 8. Duration 3 ms (7% of the total)
           Volume restart applied: false
"
"17-08-2026 09:38:31","10","Information","Microsoft-Windows-Ntfs","NTFS cached runs statistics.

           Volume correlation Id: {00000000-0000-0000-0000-000000000000}
           Volume name: 
           Volume label: OS

           Device name: \Device\HarddiskVolumeShadowCopy7
           Device GUID: {00000000-0000-0000-0000-000000000000}
           Device manufacturer: 
           Device model: 
           Device revision: 
           Device serial number: 
           Bus type: <unknown>
           Native NVMe: false

           Adapter serial number: 

           Media type: Hard disk
           Runs cached: 3434
           Longest run cached: 21.67 GB
           Most populated bin Count: 75
           Most populated bin's minimum length: 7.51 MB
           Most populated bin's maximum length: 7.75 MB
"
"17-08-2026 09:38:31","9","Information","Microsoft-Windows-Ntfs","NTFS scanned entire volume bitmap.

           Volume correlation Id: {00000000-0000-0000-0000-000000000000}
           Volume name: 
           Volume label: OS

           Device name: \Device\HarddiskVolumeShadowCopy7
           Device GUID: {00000000-0000-0000-0000-000000000000}
           Device manufacturer: 
           Device model: 
           Device revision: 
           Device serial number: 
           Bus type: <unknown>
           Native NVMe: false

           Adapter serial number: 

           Duration (micro seconds): 33618
           InputFlags: 0xE
           Reason: Mount
           Flags: 0x10
"
"17-08-2026 09:38:31","303","Information","Microsoft-Windows-Ntfs","The NTFS volume has successfully dismounted.

           Volume correlation Id: {00000000-0000-0000-0000-000000000000}
           Volume name: OS
           Volume label: OS

           Device name: \Device\HarddiskVolumeShadowCopy7
           Device GUID: {00000000-0000-0000-0000-000000000000}
           Device manufacturer: 
           Device model: 
           Device revision: 
           Device serial number: 
           Bus type: <unknown>
           Native NVMe: false

           Adapter serial number: 
           
           Process Id: 41356
           Process name: svchost.exe
           
           Reason: User request
"
"17-08-2026 09:38:31","300","Information","Microsoft-Windows-Ntfs","NTFS volume dismount has started.

           Volume correlation Id: {00000000-0000-0000-0000-000000000000}
           Volume name: 
           Volume label: OS

           Device name: \Device\HarddiskVolumeShadowCopy7
           Device GUID: {00000000-0000-0000-0000-000000000000}
           Device manufacturer: 
           Device model: 
           Device revision: 
           Device serial number: 
           Bus type: <unknown>
           Native NVMe: false
           
           Adapter serial number: 
           
           Process Id: 41356
           Process name: svchost.exe
           
           Reason: User request
"
"17-08-2026 09:38:30","4","Information","Microsoft-Windows-Ntfs","The NTFS volume has been successfully mounted.

           Volume correlation Id: {00000000-0000-0000-0000-000000000000}
           Volume name: OS
           Volume label: OS

           Device name: \Device\HarddiskVolumeShadowCopy7
           Device GUID: {00000000-0000-0000-0000-000000000000}
           Device manufacturer: 
           Device model: 
           Device revision: 
           Device serial number: 
           Bus type: <unknown>
           Device number: 4294967295
           Boot partition: false

           Native NVMe: false

           Adapter serial number: 
           
           Total mount duration: 43 ms
           Longest stage: 7. Duration 32 ms (74% of the total)
           Second longest stage: 5. Duration 5 ms (13% of the total)
           Volume restart applied: false
"
"17-08-2026 09:38:30","10","Information","Microsoft-Windows-Ntfs","NTFS cached runs statistics.

           Volume correlation Id: {00000000-0000-0000-0000-000000000000}
           Volume name: 
           Volume label: OS

           Device name: \Device\HarddiskVolumeShadowCopy7
           Device GUID: {00000000-0000-0000-0000-000000000000}
           Device manufacturer: 
           Device model: 
           Device revision: 
           Device serial number: 
           Bus type: <unknown>
           Native NVMe: false

           Adapter serial number: 

           Media type: Hard disk
           Runs cached: 3434
           Longest run cached: 21.67 GB
           Most populated bin Count: 75
           Most populated bin's minimum length: 7.51 MB
           Most populated bin's maximum length: 7.75 MB
"
"17-08-2026 09:38:30","9","Information","Microsoft-Windows-Ntfs","NTFS scanned entire volume bitmap.

           Volume correlation Id: {00000000-0000-0000-0000-000000000000}
           Volume name: 
           Volume label: OS

           Device name: \Device\HarddiskVolumeShadowCopy7
           Device GUID: {00000000-0000-0000-0000-000000000000}
           Device manufacturer: 
           Device model: 
           Device revision: 
           Device serial number: 
           Bus type: <unknown>
           Native NVMe: false

           Adapter serial number: 

           Duration (micro seconds): 30181
           InputFlags: 0xE
           Reason: Mount
           Flags: 0x10
"
"17-08-2026 09:36:35","142","Information","Microsoft-Windows-Ntfs","Summary of disk space usage, since last event:

           Available space was between 75.61 GB and 84.92 GB
           Change in available space: 9.31 GB
           
           Available clusters were between: 19819544 and 22259541
           Reserved clusters were between: 1316747 and 1316795
           Txf abort reserved clusters were between: 1024 and 1024
           
           Elapsed seconds: 188701
           
           Pagefile size: 23.02 GB
           Volume size: 235.88 GB
           Bytes per cluster: 4096
           
           Volume guid: {c5c572ba-c5d0-47f6-864e-13eb05e6d46c}
           Volume name: C:
           Is boot volume: true
           
           Cached runs miss counts:
               For MFT: 0
               For MFT zone: 0
               Everything else: 0
"
"15-08-2026 05:11:34","142","Information","Microsoft-Windows-Ntfs","Summary of disk space usage, since last event:

           Available space was between 84.91 GB and 84.92 GB
           Change in available space: 9.13 MB
           
           Available clusters were between: 22256919 and 22259255
           Reserved clusters were between: 1316699 and 1316891
           Txf abort reserved clusters were between: 1024 and 1024
           
           Elapsed seconds: 3948
           
           Pagefile size: 23.02 GB
           Volume size: 235.88 GB
           Bytes per cluster: 4096
           
           Volume guid: {c5c572ba-c5d0-47f6-864e-13eb05e6d46c}
           Volume name: C:
           Is boot volume: true
           
           Cached runs miss counts:
               For MFT: 0
               For MFT zone: 0
               Everything else: 0
"
"14-08-2026 23:47:09","142","Information","Microsoft-Windows-Ntfs","Summary of disk space usage, since last event:

           Available space was between 84.91 GB and 84.91 GB
           Change in available space: 128 KB
           
           Available clusters were between: 22258010 and 22258042
           Reserved clusters were between: 1316843 and 1316843
           Txf abort reserved clusters were between: 1024 and 1024
           
           Elapsed seconds: 5964
           
           Pagefile size: 23.02 GB
           Volume size: 235.88 GB
           Bytes per cluster: 4096
           
           Volume guid: {c5c572ba-c5d0-47f6-864e-13eb05e6d46c}
           Volume name: C:
           Is boot volume: true
           
           Cached runs miss counts:
               For MFT: 0
               For MFT zone: 0
               Everything else: 0
"
"14-08-2026 22:07:45","142","Information","Microsoft-Windows-Ntfs","Summary of disk space usage, since last event:

           Available space was between 84.91 GB and 84.91 GB
           Change in available space: 3.18 MB
           
           Available clusters were between: 22257230 and 22258042
           Reserved clusters were between: 1316843 and 1316843
           Txf abort reserved clusters were between: 1024 and 1024
           
           Elapsed seconds: 4766
           
           Pagefile size: 23.02 GB
           Volume size: 235.88 GB
           Bytes per cluster: 4096
           
           Volume guid: {c5c572ba-c5d0-47f6-864e-13eb05e6d46c}
           Volume name: C:
           Is boot volume: true
           
           Cached runs miss counts:
               For MFT: 0
               For MFT zone: 0
               Everything else: 0
"
"14-08-2026 20:48:19","142","Information","Microsoft-Windows-Ntfs","Summary of disk space usage, since last event:

           Available space was between 84.90 GB and 84.93 GB
           Change in available space: 29.10 MB
           
           Available clusters were between: 22254645 and 22262093
           Reserved clusters were between: 1316763 and 1317307
           Txf abort reserved clusters were between: 1024 and 1024
           
           Elapsed seconds: 5129
           
           Pagefile size: 23.02 GB
           Volume size: 235.88 GB
           Bytes per cluster: 4096
           
           Volume guid: {c5c572ba-c5d0-47f6-864e-13eb05e6d46c}
           Volume name: C:
           Is boot volume: true
           
           Cached runs miss counts:
               For MFT: 0
               For MFT zone: 0
               Everything else: 0
"
"14-08-2026 19:22:49","142","Information","Microsoft-Windows-Ntfs","Summary of disk space usage, since last event:

           Available space was between 84.89 GB and 84.94 GB
           Change in available space: 60.50 MB
           
           Available clusters were between: 22250920 and 22266408
           Reserved clusters were between: 1316491 and 1325131
           Txf abort reserved clusters were between: 1024 and 1024
           
           Elapsed seconds: 3601
           
           Pagefile size: 23.02 GB
           Volume size: 235.88 GB
           Bytes per cluster: 4096
           
           Volume guid: {c5c572ba-c5d0-47f6-864e-13eb05e6d46c}
           Volume name: C:
           Is boot volume: true
           
           Cached runs miss counts:
               For MFT: 0
               For MFT zone: 0
               Everything else: 0
"
"14-08-2026 18:22:48","142","Information","Microsoft-Windows-Ntfs","Summary of disk space usage, since last event:

           Available space was between 84.87 GB and 85.05 GB
           Change in available space: 180.50 MB
           
           Available clusters were between: 22246571 and 22292777
           Reserved clusters were between: 1316683 and 1317563
           Txf abort reserved clusters were between: 1024 and 1024
           
           Elapsed seconds: 3602
           
           Pagefile size: 23.02 GB
           Volume size: 235.88 GB
           Bytes per cluster: 4096
           
           Volume guid: {c5c572ba-c5d0-47f6-864e-13eb05e6d46c}
           Volume name: C:
           Is boot volume: true
           
           Cached runs miss counts:
               For MFT: 0
               For MFT zone: 0
               Everything else: 0
"
"14-08-2026 17:22:45","142","Information","Microsoft-Windows-Ntfs","Summary of disk space usage, since last event:

           Available space was between 84.99 GB and 85.05 GB
           Change in available space: 59.83 MB
           
           Available clusters were between: 22278462 and 22293778
           Reserved clusters were between: 1317371 and 1326299
           Txf abort reserved clusters were between: 1024 and 1024
           
           Elapsed seconds: 3603
           
           Pagefile size: 23.02 GB
           Volume size: 235.88 GB
           Bytes per cluster: 4096
           
           Volume guid: {c5c572ba-c5d0-47f6-864e-13eb05e6d46c}
           Volume name: C:
           Is boot volume: true
           
           Cached runs miss counts:
               For MFT: 0
               For MFT zone: 0
               Everything else: 0
"
"14-08-2026 16:22:41","142","Information","Microsoft-Windows-Ntfs","Summary of disk space usage, since last event:

           Available space was between 84.73 GB and 85.06 GB
           Change in available space: 331.52 MB
           
           Available clusters were between: 22210763 and 22295630
           Reserved clusters were between: 1317611 and 1326107
           Txf abort reserved clusters were between: 1024 and 1024
           
           Elapsed seconds: 3604
           
           Pagefile size: 23.02 GB
           Volume size: 235.88 GB
           Bytes per cluster: 4096
           
           Volume guid: {c5c572ba-c5d0-47f6-864e-13eb05e6d46c}
           Volume name: C:
           Is boot volume: true
           
           Cached runs miss counts:
               For MFT: 0
               For MFT zone: 0
               Everything else: 0
"
"14-08-2026 15:22:36","142","Information","Microsoft-Windows-Ntfs","Summary of disk space usage, since last event:

           Available space was between 84.85 GB and 85.58 GB
           Change in available space: 751.91 MB
           
           Available clusters were between: 22240892 and 22433380
           Reserved clusters were between: 1317291 and 1319147
           Txf abort reserved clusters were between: 1024 and 1024
           
           Elapsed seconds: 3603
           
           Pagefile size: 23.02 GB
           Volume size: 235.88 GB
           Bytes per cluster: 4096
           
           Volume guid: {c5c572ba-c5d0-47f6-864e-13eb05e6d46c}
           Volume name: C:
           Is boot volume: true
           
           Cached runs miss counts:
               For MFT: 0
               For MFT zone: 0
               Everything else: 0
"
"14-08-2026 14:22:33","142","Information","Microsoft-Windows-Ntfs","Summary of disk space usage, since last event:

           Available space was between 80.64 GB and 85.86 GB
           Change in available space: 5.22 GB
           
           Available clusters were between: 21138568 and 22506397
           Reserved clusters were between: 1317051 and 1326187
           Txf abort reserved clusters were between: 1024 and 1024
           
           Elapsed seconds: 3603
           
           Pagefile size: 23.02 GB
           Volume size: 235.88 GB
           Bytes per cluster: 4096
           
           Volume guid: {c5c572ba-c5d0-47f6-864e-13eb05e6d46c}
           Volume name: C:
           Is boot volume: true
           
           Cached runs miss counts:
               For MFT: 0
               For MFT zone: 0
               Everything else: 0
"
"14-08-2026 13:40:55","303","Information","Microsoft-Windows-Ntfs","The NTFS volume has successfully dismounted.

           Volume correlation Id: {00000000-0000-0000-0000-000000000000}
           Volume name: OS
           Volume label: OS

           Device name: \Device\HarddiskVolumeShadowCopy6
           Device GUID: {00000000-0000-0000-0000-000000000000}
           Device manufacturer: 
           Device model: 
           Device revision: 
           Device serial number: 
           Bus type: <unknown>
           Native NVMe: false

           Adapter serial number: 
           
           Process Id: 23848
           Process name: svchost.exe
           
           Reason: User request
"
"14-08-2026 13:40:55","300","Information","Microsoft-Windows-Ntfs","NTFS volume dismount has started.

           Volume correlation Id: {00000000-0000-0000-0000-000000000000}
           Volume name: 
           Volume label: OS

           Device name: \Device\HarddiskVolumeShadowCopy6
           Device GUID: {00000000-0000-0000-0000-000000000000}
           Device manufacturer: 
           Device model: 
           Device revision: 
           Device serial number: 
           Bus type: <unknown>
           Native NVMe: false
           
           Adapter serial number: 
           
           Process Id: 23848
           Process name: svchost.exe
           
           Reason: User request
"
"14-08-2026 13:40:55","10","Information","Microsoft-Windows-Ntfs","NTFS cached runs statistics.

           Volume correlation Id: {c5c572ba-c5d0-47f6-864e-13eb05e6d46c}
           Volume name: C:
           Volume label: OS

           Device name: \Device\HarddiskVolume3
           Device GUID: {0d0616a1-3adc-3de7-d9a2-784fe4e2d52a}
           Device manufacturer: NVMe
           Device model: PM9C1b Samsung 256GB
           Device revision: 58330109
           Device serial number: 0025_38F6_5106_1623.
           Bus type: NVMe
           Native NVMe: false

           Adapter serial number: 

           Media type: Hard disk
           Runs cached: 6427
           Longest run cached: 21.67 GB
           Most populated bin Count: 2454
           Most populated bin's minimum length: 16 KB
           Most populated bin's maximum length: 16 KB
"
"14-08-2026 13:40:55","9","Information","Microsoft-Windows-Ntfs","NTFS scanned entire volume bitmap.

           Volume correlation Id: {c5c572ba-c5d0-47f6-864e-13eb05e6d46c}
           Volume name: C:
           Volume label: OS

           Device name: \Device\HarddiskVolume3
           Device GUID: {0d0616a1-3adc-3de7-d9a2-784fe4e2d52a}
           Device manufacturer: NVMe
           Device model: PM9C1b Samsung 256GB
           Device revision: 58330109
           Device serial number: 0025_38F6_5106_1623.
           Bus type: NVMe
           Native NVMe: false

           Adapter serial number: 

           Duration (micro seconds): 70625
           InputFlags: 0xA
           Reason: Reload requested because of an exception or configuration change
           Flags: 0x10
"
"14-08-2026 13:40:54","10","Information","Microsoft-Windows-Ntfs","NTFS cached runs statistics.

           Volume correlation Id: {00000000-0000-0000-0000-000000000000}
           Volume name: 
           Volume label: OS

           Device name: \Device\HarddiskVolumeShadowCopy6
           Device GUID: {00000000-0000-0000-0000-000000000000}
           Device manufacturer: 
           Device model: 
           Device revision: 
           Device serial number: 
           Bus type: <unknown>
           Native NVMe: false

           Adapter serial number: 

           Media type: Hard disk
           Runs cached: 4523
           Longest run cached: 21.67 GB
           Most populated bin Count: 69
           Most populated bin's minimum length: 580 KB
           Most populated bin's maximum length: 608 KB
"
"14-08-2026 13:40:54","9","Information","Microsoft-Windows-Ntfs","NTFS scanned entire volume bitmap.

           Volume correlation Id: {00000000-0000-0000-0000-000000000000}
           Volume name: 
           Volume label: OS

           Device name: \Device\HarddiskVolumeShadowCopy6
           Device GUID: {00000000-0000-0000-0000-000000000000}
           Device manufacturer: 
           Device model: 
           Device revision: 
           Device serial number: 
           Bus type: <unknown>
           Native NVMe: false

           Adapter serial number: 

           Duration (micro seconds): 31234
           InputFlags: 0xE
           Reason: Mount
           Flags: 0x10
"
"14-08-2026 13:40:54","4","Information","Microsoft-Windows-Ntfs","The NTFS volume has been successfully mounted.

           Volume correlation Id: {00000000-0000-0000-0000-000000000000}
           Volume name: OS
           Volume label: OS

           Device name: \Device\HarddiskVolumeShadowCopy6
           Device GUID: {00000000-0000-0000-0000-000000000000}
           Device manufacturer: 
           Device model: 
           Device revision: 
           Device serial number: 
           Bus type: <unknown>
           Device number: 4294967295
           Boot partition: false

           Native NVMe: false

           Adapter serial number: 
           
           Total mount duration: 35 ms
           Longest stage: 7. Duration 33 ms (92% of the total)
           Second longest stage: 6. Duration 2 ms (6% of the total)
           Volume restart applied: false
"
"14-08-2026 13:40:54","303","Information","Microsoft-Windows-Ntfs","The NTFS volume has successfully dismounted.

           Volume correlation Id: {00000000-0000-0000-0000-000000000000}
           Volume name: OS
           Volume label: OS

           Device name: \Device\HarddiskVolumeShadowCopy6
           Device GUID: {00000000-0000-0000-0000-000000000000}
           Device manufacturer: 
           Device model: 
           Device revision: 
           Device serial number: 
           Bus type: <unknown>
           Native NVMe: false

           Adapter serial number: 
           
           Process Id: 23848
           Process name: svchost.exe
           
           Reason: User request
"
"14-08-2026 13:40:54","300","Information","Microsoft-Windows-Ntfs","NTFS volume dismount has started.

           Volume correlation Id: {00000000-0000-0000-0000-000000000000}
           Volume name: 
           Volume label: OS

           Device name: \Device\HarddiskVolumeShadowCopy6
           Device GUID: {00000000-0000-0000-0000-000000000000}
           Device manufacturer: 
           Device model: 
           Device revision: 
           Device serial number: 
           Bus type: <unknown>
           Native NVMe: false
           
           Adapter serial number: 
           
           Process Id: 23848
           Process name: svchost.exe
           
           Reason: User request
"
"14-08-2026 13:40:54","10","Information","Microsoft-Windows-Ntfs","NTFS cached runs statistics.

           Volume correlation Id: {c5c572ba-c5d0-47f6-864e-13eb05e6d46c}
           Volume name: C:
           Volume label: OS

           Device name: \Device\HarddiskVolume3
           Device GUID: {0d0616a1-3adc-3de7-d9a2-784fe4e2d52a}
           Device manufacturer: NVMe
           Device model: PM9C1b Samsung 256GB
           Device revision: 58330109
           Device serial number: 0025_38F6_5106_1623.
           Bus type: NVMe
           Native NVMe: false

           Adapter serial number: 

           Media type: Hard disk
           Runs cached: 6403
           Longest run cached: 21.67 GB
           Most populated bin Count: 2470
           Most populated bin's minimum length: 16 KB
           Most populated bin's maximum length: 16 KB
"
"14-08-2026 13:40:54","9","Information","Microsoft-Windows-Ntfs","NTFS scanned entire volume bitmap.

           Volume correlation Id: {c5c572ba-c5d0-47f6-864e-13eb05e6d46c}
           Volume name: C:
           Volume label: OS

           Device name: \Device\HarddiskVolume3
           Device GUID: {0d0616a1-3adc-3de7-d9a2-784fe4e2d52a}
           Device manufacturer: NVMe
           Device model: PM9C1b Samsung 256GB
           Device revision: 58330109
           Device serial number: 0025_38F6_5106_1623.
           Bus type: NVMe
           Native NVMe: false

           Adapter serial number: 

           Duration (micro seconds): 66902
           InputFlags: 0xA
           Reason: Reload requested because of an exception or configuration change
           Flags: 0x10
"
"14-08-2026 13:40:53","4","Information","Microsoft-Windows-Ntfs","The NTFS volume has been successfully mounted.

           Volume correlation Id: {00000000-0000-0000-0000-000000000000}
           Volume name: OS
           Volume label: OS

           Device name: \Device\HarddiskVolumeShadowCopy6
           Device GUID: {00000000-0000-0000-0000-000000000000}
           Device manufacturer: 
           Device model: 
           Device revision: 
           Device serial number: 
           Bus type: <unknown>
           Device number: 4294967295
           Boot partition: false

           Native NVMe: false

           Adapter serial number: 
           
           Total mount duration: 47 ms
           Longest stage: 7. Duration 29 ms (61% of the total)
           Second longest stage: 5. Duration 15 ms (33% of the total)
           Volume restart applied: false
"
"14-08-2026 13:40:53","10","Information","Microsoft-Windows-Ntfs","NTFS cached runs statistics.

           Volume correlation Id: {00000000-0000-0000-0000-000000000000}
           Volume name: 
           Volume label: OS

           Device name: \Device\HarddiskVolumeShadowCopy6
           Device GUID: {00000000-0000-0000-0000-000000000000}
           Device manufacturer: 
           Device model: 
           Device revision: 
           Device serial number: 
           Bus type: <unknown>
           Native NVMe: false

           Adapter serial number: 

           Media type: Hard disk
           Runs cached: 2645
           Longest run cached: 21.67 GB
           Most populated bin Count: 69
           Most populated bin's minimum length: 7.51 MB
           Most populated bin's maximum length: 7.75 MB
"
"14-08-2026 13:40:53","9","Information","Microsoft-Windows-Ntfs","NTFS scanned entire volume bitmap.

           Volume correlation Id: {00000000-0000-0000-0000-000000000000}
           Volume name: 
           Volume label: OS

           Device name: \Device\HarddiskVolumeShadowCopy6
           Device GUID: {00000000-0000-0000-0000-000000000000}
           Device manufacturer: 
           Device model: 
           Device revision: 
           Device serial number: 
           Bus type: <unknown>
           Native NVMe: false

           Adapter serial number: 

           Duration (micro seconds): 26260
           InputFlags: 0xE
           Reason: Mount
           Flags: 0x10
"
"14-08-2026 13:40:53","303","Information","Microsoft-Windows-Ntfs","The NTFS volume has successfully dismounted.

           Volume correlation Id: {00000000-0000-0000-0000-000000000000}
           Volume name: OS
           Volume label: OS

           Device name: \Device\HarddiskVolumeShadowCopy6
           Device GUID: {00000000-0000-0000-0000-000000000000}
           Device manufacturer: 
           Device model: 
           Device revision: 
           Device serial number: 
           Bus type: <unknown>
           Native NVMe: false

           Adapter serial number: 
           
           Process Id: 23848
           Process name: svchost.exe
           
           Reason: User request
"
"14-08-2026 13:40:53","300","Information","Microsoft-Windows-Ntfs","NTFS volume dismount has started.

           Volume correlation Id: {00000000-0000-0000-0000-000000000000}
           Volume name: 
           Volume label: OS

           Device name: \Device\HarddiskVolumeShadowCopy6
           Device GUID: {00000000-0000-0000-0000-000000000000}
           Device manufacturer: 
           Device model: 
           Device revision: 
           Device serial number: 
           Bus type: <unknown>
           Native NVMe: false
           
           Adapter serial number: 
           
           Process Id: 23848
           Process name: svchost.exe
           
           Reason: User request
"
"14-08-2026 13:40:53","4","Information","Microsoft-Windows-Ntfs","The NTFS volume has been successfully mounted.

           Volume correlation Id: {00000000-0000-0000-0000-000000000000}
           Volume name: OS
           Volume label: OS

           Device name: \Device\HarddiskVolumeShadowCopy6
           Device GUID: {00000000-0000-0000-0000-000000000000}
           Device manufacturer: 
           Device model: 
           Device revision: 
           Device serial number: 
           Bus type: <unknown>
           Device number: 4294967295
           Boot partition: false

           Native NVMe: false

           Adapter serial number: 
           
           Total mount duration: 22 ms
           Longest stage: 7. Duration 18 ms (82% of the total)
           Second longest stage: 6. Duration 2 ms (9% of the total)
           Volume restart applied: false
"
"14-08-2026 13:40:53","10","Information","Microsoft-Windows-Ntfs","NTFS cached runs statistics.

           Volume correlation Id: {00000000-0000-0000-0000-000000000000}
           Volume name: 
           Volume label: OS

           Device name: \Device\HarddiskVolumeShadowCopy6
           Device GUID: {00000000-0000-0000-0000-000000000000}
           Device manufacturer: 
           Device model: 
           Device revision: 
           Device serial number: 
           Bus type: <unknown>
           Native NVMe: false

           Adapter serial number: 

           Media type: Hard disk
           Runs cached: 2645
           Longest run cached: 21.67 GB
           Most populated bin Count: 69
           Most populated bin's minimum length: 7.51 MB
           Most populated bin's maximum length: 7.75 MB
"
"14-08-2026 13:40:53","9","Information","Microsoft-Windows-Ntfs","NTFS scanned entire volume bitmap.

           Volume correlation Id: {00000000-0000-0000-0000-000000000000}
           Volume name: 
           Volume label: OS

           Device name: \Device\HarddiskVolumeShadowCopy6
           Device GUID: {00000000-0000-0000-0000-000000000000}
           Device manufacturer: 
           Device model: 
           Device revision: 
           Device serial number: 
           Bus type: <unknown>
           Native NVMe: false

           Adapter serial number: 

           Duration (micro seconds): 26596
           InputFlags: 0xE
           Reason: Mount
           Flags: 0x10
"
"14-08-2026 13:23:55","303","Information","Microsoft-Windows-Ntfs","The NTFS volume has successfully dismounted.

           Volume correlation Id: {00000000-0000-0000-0000-000000000000}
           Volume name: OS
           Volume label: OS

           Device name: \Device\HarddiskVolumeShadowCopy5
           Device GUID: {00000000-0000-0000-0000-000000000000}
           Device manufacturer: 
           Device model: 
           Device revision: 
           Device serial number: 
           Bus type: <unknown>
           Native NVMe: false

           Adapter serial number: 
           
           Process Id: 38692
           Process name: svchost.exe
           
           Reason: User request
"
"14-08-2026 13:23:55","300","Information","Microsoft-Windows-Ntfs","NTFS volume dismount has started.

           Volume correlation Id: {00000000-0000-0000-0000-000000000000}
           Volume name: 
           Volume label: OS

           Device name: \Device\HarddiskVolumeShadowCopy5
           Device GUID: {00000000-0000-0000-0000-000000000000}
           Device manufacturer: 
           Device model: 
           Device revision: 
           Device serial number: 
           Bus type: <unknown>
           Native NVMe: false
           
           Adapter serial number: 
           
           Process Id: 38692
           Process name: svchost.exe
           
           Reason: User request
"
"14-08-2026 13:23:54","10","Information","Microsoft-Windows-Ntfs","NTFS cached runs statistics.

           Volume correlation Id: {c5c572ba-c5d0-47f6-864e-13eb05e6d46c}
           Volume name: C:
           Volume label: OS

           Device name: \Device\HarddiskVolume3
           Device GUID: {0d0616a1-3adc-3de7-d9a2-784fe4e2d52a}
           Device manufacturer: NVMe
           Device model: PM9C1b Samsung 256GB
           Device revision: 58330109
           Device serial number: 0025_38F6_5106_1623.
           Bus type: NVMe
           Native NVMe: false

           Adapter serial number: 

           Media type: Hard disk
           Runs cached: 6505
           Longest run cached: 21.67 GB
           Most populated bin Count: 2544
           Most populated bin's minimum length: 16 KB
           Most populated bin's maximum length: 16 KB
"
"14-08-2026 13:23:54","9","Information","Microsoft-Windows-Ntfs","NTFS scanned entire volume bitmap.

           Volume correlation Id: {c5c572ba-c5d0-47f6-864e-13eb05e6d46c}
           Volume name: C:
           Volume label: OS

           Device name: \Device\HarddiskVolume3
           Device GUID: {0d0616a1-3adc-3de7-d9a2-784fe4e2d52a}
           Device manufacturer: NVMe
           Device model: PM9C1b Samsung 256GB
           Device revision: 58330109
           Device serial number: 0025_38F6_5106_1623.
           Bus type: NVMe
           Native NVMe: false

           Adapter serial number: 

           Duration (micro seconds): 13437
           InputFlags: 0xA
           Reason: Reload requested because of an exception or configuration change
           Flags: 0x10
"
"14-08-2026 13:23:54","4","Information","Microsoft-Windows-Ntfs","The NTFS volume has been successfully mounted.

           Volume correlation Id: {00000000-0000-0000-0000-000000000000}
           Volume name: OS
           Volume label: OS

           Device name: \Device\HarddiskVolumeShadowCopy5
           Device GUID: {00000000-0000-0000-0000-000000000000}
           Device manufacturer: 
           Device model: 
           Device revision: 
           Device serial number: 
           Bus type: <unknown>
           Device number: 4294967295
           Boot partition: false

           Native NVMe: false

           Adapter serial number: 
           
           Total mount duration: 25 ms
           Longest stage: 7. Duration 23 ms (92% of the total)
           Second longest stage: 6. Duration 2 ms (8% of the total)
           Volume restart applied: false
"
