"11-08-2026 12:02:44","56","Information","Microsoft-Windows-UniversalTelemetryClient","Is a free network available: true"
"11-08-2026 12:02:44","56","Information","Microsoft-Windows-UniversalTelemetryClient","Is a free network available: true"
"11-08-2026 12:02:44","55","Information","Microsoft-Windows-UniversalTelemetryClient","Is the Internet available: true"
"11-08-2026 12:02:43","55","Information","Microsoft-Windows-UniversalTelemetryClient","Is the Internet available: true"
"11-08-2026 12:02:43","56","Information","Microsoft-Windows-UniversalTelemetryClient","Is a free network available: false"
"11-08-2026 12:02:43","62","Information","Microsoft-Windows-UniversalTelemetryClient","Is the device in connected standby: false"
"11-08-2026 12:02:43","55","Information","Microsoft-Windows-UniversalTelemetryClient","Is the Internet available: true"
"11-08-2026 12:02:43","56","Information","Microsoft-Windows-UniversalTelemetryClient","Is a free network available: false"
"11-08-2026 12:02:43","61","Information","Microsoft-Windows-UniversalTelemetryClient","Is the Battery Saver state enabled: false"
"11-08-2026 12:02:43","60","Information","Microsoft-Windows-UniversalTelemetryClient","Is device on battery power: true"
"11-08-2026 12:02:40","62","Information","Microsoft-Windows-UniversalTelemetryClient","Is the device in connected standby: false"
"11-08-2026 12:02:40","56","Information","Microsoft-Windows-UniversalTelemetryClient","Is a free network available: false"
"11-08-2026 12:02:40","55","Information","Microsoft-Windows-UniversalTelemetryClient","Is the Internet available: false"
"11-08-2026 12:02:40","61","Information","Microsoft-Windows-UniversalTelemetryClient","Is the Battery Saver state enabled: false"
"11-08-2026 12:02:39","50","Information","Microsoft-Windows-UniversalTelemetryClient","The service has been started to the following state: Shutdown."
"11-08-2026 12:01:58","55","Information","Microsoft-Windows-UniversalTelemetryClient","Is the Internet available: true"
"11-08-2026 12:01:58","56","Information","Microsoft-Windows-UniversalTelemetryClient","Is a free network available: false"
"11-08-2026 12:01:02","27","Information","Microsoft-Windows-UniversalTelemetryClient","Connection state - All connections have succeeded since the previous period."
"11-08-2026 11:57:08","1","Information","Microsoft-Windows-UniversalTelemetryClient","Tenant P-ARIA-5476d0c4a7a347909c4b8a13078d4390-f8bdcecf-243f-40f8-b7c3-b9c44a57dead-7230 has been registered for telemetry usage."
"11-08-2026 11:54:07","1","Information","Microsoft-Windows-UniversalTelemetryClient","Tenant P-ARIA-4bb4d6f7cafc4e9292f972dca2dcde42-bd019ee8-e59c-4b0f-a02c-84e72157a3ef-7485 has been registered for telemetry usage."
"11-08-2026 11:40:46","27","Information","Microsoft-Windows-UniversalTelemetryClient","Connection state - All connections have succeeded since the previous period."
"11-08-2026 11:16:51","22","Information","Microsoft-Windows-UniversalTelemetryClient","The daily upload quota for SENSE has crossed into a new tier."
"11-08-2026 11:10:46","27","Information","Microsoft-Windows-UniversalTelemetryClient","Connection state - All connections have succeeded since the previous period."
"11-08-2026 11:06:01","27","Information","Microsoft-Windows-UniversalTelemetryClient","Connection state - All connections have succeeded since the previous period."
"11-08-2026 11:02:38","1","Information","Microsoft-Windows-UniversalTelemetryClient","Tenant P-ARIA-6660cc65b74b4291b30536aea7ed6ead-5a228f6e-723e-4098-8ed2-3554f184fd67-7451 has been registered for telemetry usage."
"11-08-2026 10:52:36","1","Information","Microsoft-Windows-UniversalTelemetryClient","Tenant P-ARIA-6660cc65b74b4291b30536aea7ed6ead-5a228f6e-723e-4098-8ed2-3554f184fd67-7451 has been registered for telemetry usage."
"11-08-2026 10:46:01","27","Information","Microsoft-Windows-UniversalTelemetryClient","Connection state - All connections have succeeded since the previous period."
"11-08-2026 10:45:51","1","Information","Microsoft-Windows-UniversalTelemetryClient","Tenant P-ARIA-af397ef28e484961ba48646a5d38cf54-77418283-d6f6-4a90-b0c8-37e0f5e7b087-7425 has been registered for telemetry usage."
"11-08-2026 10:40:46","27","Information","Microsoft-Windows-UniversalTelemetryClient","Connection state - All connections have succeeded since the previous period."
"11-08-2026 10:40:18","60","Information","Microsoft-Windows-UniversalTelemetryClient","Is device on battery power: true"
"11-08-2026 10:40:18","61","Information","Microsoft-Windows-UniversalTelemetryClient","Is the Battery Saver state enabled: false"
"11-08-2026 10:40:18","60","Information","Microsoft-Windows-UniversalTelemetryClient","Is device on battery power: true"
"11-08-2026 10:36:01","27","Information","Microsoft-Windows-UniversalTelemetryClient","Connection state - All connections have succeeded since the previous period."
"11-08-2026 10:31:01","27","Information","Microsoft-Windows-UniversalTelemetryClient","Connection state - All connections have succeeded since the previous period."
"11-08-2026 10:26:13","1","Information","Microsoft-Windows-UniversalTelemetryClient","Tenant P-ARIA-7005b72804a64fa4b2138faab88f877b-14cf798a-05a4-4b7b-9d02-4d99259ebd4a-7553 has been registered for telemetry usage."
"11-08-2026 10:22:22","1","Information","Microsoft-Windows-UniversalTelemetryClient","Tenant P-ARIA-6660cc65b74b4291b30536aea7ed6ead-5a228f6e-723e-4098-8ed2-3554f184fd67-7451 has been registered for telemetry usage."
"11-08-2026 10:16:01","27","Information","Microsoft-Windows-UniversalTelemetryClient","Connection state - All connections have succeeded since the previous period."
"11-08-2026 10:10:46","27","Information","Microsoft-Windows-UniversalTelemetryClient","Connection state - All connections have succeeded since the previous period."
"11-08-2026 10:01:01","27","Information","Microsoft-Windows-UniversalTelemetryClient","Connection state - All connections have succeeded since the previous period."
"11-08-2026 09:59:04","1","Information","Microsoft-Windows-UniversalTelemetryClient","Tenant P-ARIA-7005b72804a64fa4b2138faab88f877b-14cf798a-05a4-4b7b-9d02-4d99259ebd4a-7553 has been registered for telemetry usage."
"11-08-2026 09:46:01","27","Information","Microsoft-Windows-UniversalTelemetryClient","Connection state - All connections have succeeded since the previous period."
"11-08-2026 09:41:01","27","Information","Microsoft-Windows-UniversalTelemetryClient","Connection state - All connections have succeeded since the previous period."
"11-08-2026 09:40:46","27","Information","Microsoft-Windows-UniversalTelemetryClient","Connection state - All connections have succeeded since the previous period."
"11-08-2026 09:36:21","22","Information","Microsoft-Windows-UniversalTelemetryClient","The daily upload quota for SENSE has crossed into a new tier."
"11-08-2026 09:32:57","22","Information","Microsoft-Windows-UniversalTelemetryClient","The daily upload quota for SENSE has crossed into a new tier."
"11-08-2026 09:31:01","27","Information","Microsoft-Windows-UniversalTelemetryClient","Connection state - All connections have succeeded since the previous period."
"11-08-2026 09:26:01","27","Information","Microsoft-Windows-UniversalTelemetryClient","Connection state - All connections have succeeded since the previous period."
"11-08-2026 09:21:59","1","Information","Microsoft-Windows-UniversalTelemetryClient","Tenant P-ARIA-6660cc65b74b4291b30536aea7ed6ead-5a228f6e-723e-4098-8ed2-3554f184fd67-7451 has been registered for telemetry usage."
"11-08-2026 09:16:01","27","Information","Microsoft-Windows-UniversalTelemetryClient","Connection state - All connections have succeeded since the previous period."
"11-08-2026 09:11:01","28","Warning","Microsoft-Windows-UniversalTelemetryClient","Connection state - Some connections have failed since the previous period."
"11-08-2026 09:10:46","61","Information","Microsoft-Windows-UniversalTelemetryClient","Is the Battery Saver state enabled: false"
"11-08-2026 09:10:46","60","Information","Microsoft-Windows-UniversalTelemetryClient","Is device on battery power: false"
"11-08-2026 09:10:46","62","Information","Microsoft-Windows-UniversalTelemetryClient","Is the device in connected standby: false"
"11-08-2026 09:10:46","55","Information","Microsoft-Windows-UniversalTelemetryClient","Is the Internet available: true"
"11-08-2026 09:10:46","56","Information","Microsoft-Windows-UniversalTelemetryClient","Is a free network available: true"
"11-08-2026 09:10:46","56","Information","Microsoft-Windows-UniversalTelemetryClient","Is a free network available: true"
"11-08-2026 09:10:46","55","Information","Microsoft-Windows-UniversalTelemetryClient","Is the Internet available: true"
"11-08-2026 09:10:46","27","Information","Microsoft-Windows-UniversalTelemetryClient","Connection state - All connections have succeeded since the previous period."
"11-08-2026 06:09:13","27","Information","Microsoft-Windows-UniversalTelemetryClient","Connection state - All connections have succeeded since the previous period."
"11-08-2026 06:06:59","55","Information","Microsoft-Windows-UniversalTelemetryClient","Is the Internet available: true"
"11-08-2026 06:06:59","56","Information","Microsoft-Windows-UniversalTelemetryClient","Is a free network available: false"
"11-08-2026 06:06:59","56","Information","Microsoft-Windows-UniversalTelemetryClient","Is a free network available: false"
"11-08-2026 06:06:59","55","Information","Microsoft-Windows-UniversalTelemetryClient","Is the Internet available: false"
"11-08-2026 06:06:52","62","Information","Microsoft-Windows-UniversalTelemetryClient","Is the device in connected standby: true"
"11-08-2026 06:06:52","61","Information","Microsoft-Windows-UniversalTelemetryClient","Is the Battery Saver state enabled: false"
"11-08-2026 06:06:52","60","Information","Microsoft-Windows-UniversalTelemetryClient","Is device on battery power: false"
"11-08-2026 06:06:46","62","Information","Microsoft-Windows-UniversalTelemetryClient","Is the device in connected standby: false"
"11-08-2026 06:06:46","61","Information","Microsoft-Windows-UniversalTelemetryClient","Is the Battery Saver state enabled: false"
"11-08-2026 06:06:46","60","Information","Microsoft-Windows-UniversalTelemetryClient","Is device on battery power: false"
"11-08-2026 06:06:44","62","Information","Microsoft-Windows-UniversalTelemetryClient","Is the device in connected standby: true"
"11-08-2026 06:06:44","61","Information","Microsoft-Windows-UniversalTelemetryClient","Is the Battery Saver state enabled: false"
"11-08-2026 06:06:44","60","Information","Microsoft-Windows-UniversalTelemetryClient","Is device on battery power: false"
"11-08-2026 06:06:43","1","Information","Microsoft-Windows-UniversalTelemetryClient","Tenant P-ARIA-6660cc65b74b4291b30536aea7ed6ead-5a228f6e-723e-4098-8ed2-3554f184fd67-7451 has been registered for telemetry usage."
"11-08-2026 06:06:43","61","Information","Microsoft-Windows-UniversalTelemetryClient","Is the Battery Saver state enabled: false"
"11-08-2026 06:06:43","60","Information","Microsoft-Windows-UniversalTelemetryClient","Is device on battery power: false"
"11-08-2026 06:06:43","62","Information","Microsoft-Windows-UniversalTelemetryClient","Is the device in connected standby: false"
"11-08-2026 06:04:32","62","Information","Microsoft-Windows-UniversalTelemetryClient","Is the device in connected standby: true"
"11-08-2026 06:04:32","61","Information","Microsoft-Windows-UniversalTelemetryClient","Is the Battery Saver state enabled: false"
"11-08-2026 06:04:32","60","Information","Microsoft-Windows-UniversalTelemetryClient","Is device on battery power: false"
"11-08-2026 06:04:13","55","Information","Microsoft-Windows-UniversalTelemetryClient","Is the Internet available: true"
"11-08-2026 06:04:13","56","Information","Microsoft-Windows-UniversalTelemetryClient","Is a free network available: true"
"11-08-2026 06:04:13","56","Information","Microsoft-Windows-UniversalTelemetryClient","Is a free network available: true"
"11-08-2026 06:04:13","55","Information","Microsoft-Windows-UniversalTelemetryClient","Is the Internet available: true"
"11-08-2026 06:04:13","61","Information","Microsoft-Windows-UniversalTelemetryClient","Is the Battery Saver state enabled: false"
"11-08-2026 06:04:13","60","Information","Microsoft-Windows-UniversalTelemetryClient","Is device on battery power: false"
"11-08-2026 06:04:13","62","Information","Microsoft-Windows-UniversalTelemetryClient","Is the device in connected standby: false"
"10-08-2026 19:11:31","27","Information","Microsoft-Windows-UniversalTelemetryClient","Connection state - All connections have succeeded since the previous period."
"10-08-2026 19:01:26","27","Information","Microsoft-Windows-UniversalTelemetryClient","Connection state - All connections have succeeded since the previous period."
"10-08-2026 18:57:04","55","Information","Microsoft-Windows-UniversalTelemetryClient","Is the Internet available: true"
"10-08-2026 18:57:04","56","Information","Microsoft-Windows-UniversalTelemetryClient","Is a free network available: false"
"10-08-2026 18:57:04","55","Information","Microsoft-Windows-UniversalTelemetryClient","Is the Internet available: false"
"10-08-2026 18:57:04","56","Information","Microsoft-Windows-UniversalTelemetryClient","Is a free network available: false"
"10-08-2026 18:56:57","61","Information","Microsoft-Windows-UniversalTelemetryClient","Is the Battery Saver state enabled: false"
"10-08-2026 18:56:57","60","Information","Microsoft-Windows-UniversalTelemetryClient","Is device on battery power: false"
"10-08-2026 18:56:57","62","Information","Microsoft-Windows-UniversalTelemetryClient","Is the device in connected standby: true"
"10-08-2026 18:56:09","27","Information","Microsoft-Windows-UniversalTelemetryClient","Connection state - All connections have succeeded since the previous period."
"10-08-2026 18:55:50","61","Information","Microsoft-Windows-UniversalTelemetryClient","Is the Battery Saver state enabled: false"
"10-08-2026 18:55:50","60","Information","Microsoft-Windows-UniversalTelemetryClient","Is device on battery power: false"
"10-08-2026 18:55:50","62","Information","Microsoft-Windows-UniversalTelemetryClient","Is the device in connected standby: false"
"10-08-2026 18:55:49","61","Information","Microsoft-Windows-UniversalTelemetryClient","Is the Battery Saver state enabled: false"
"10-08-2026 18:55:49","60","Information","Microsoft-Windows-UniversalTelemetryClient","Is device on battery power: false"
"10-08-2026 18:55:49","62","Information","Microsoft-Windows-UniversalTelemetryClient","Is the device in connected standby: true"
"10-08-2026 18:55:49","62","Information","Microsoft-Windows-UniversalTelemetryClient","Is the device in connected standby: false"
"10-08-2026 18:55:49","61","Information","Microsoft-Windows-UniversalTelemetryClient","Is the Battery Saver state enabled: false"
"10-08-2026 18:55:49","60","Information","Microsoft-Windows-UniversalTelemetryClient","Is device on battery power: false"
"10-08-2026 18:55:48","62","Information","Microsoft-Windows-UniversalTelemetryClient","Is the device in connected standby: true"
"10-08-2026 18:55:48","61","Information","Microsoft-Windows-UniversalTelemetryClient","Is the Battery Saver state enabled: false"
"10-08-2026 18:55:48","60","Information","Microsoft-Windows-UniversalTelemetryClient","Is device on battery power: false"
"10-08-2026 18:50:36","62","Information","Microsoft-Windows-UniversalTelemetryClient","Is the device in connected standby: false"
"10-08-2026 18:50:36","61","Information","Microsoft-Windows-UniversalTelemetryClient","Is the Battery Saver state enabled: false"
"10-08-2026 18:50:36","60","Information","Microsoft-Windows-UniversalTelemetryClient","Is device on battery power: false"
"10-08-2026 18:50:36","61","Information","Microsoft-Windows-UniversalTelemetryClient","Is the Battery Saver state enabled: false"
"10-08-2026 18:50:36","60","Information","Microsoft-Windows-UniversalTelemetryClient","Is device on battery power: false"
"10-08-2026 18:50:36","62","Information","Microsoft-Windows-UniversalTelemetryClient","Is the device in connected standby: true"
"10-08-2026 18:46:09","27","Information","Microsoft-Windows-UniversalTelemetryClient","Connection state - All connections have succeeded since the previous period."
"10-08-2026 18:41:55","61","Information","Microsoft-Windows-UniversalTelemetryClient","Is the Battery Saver state enabled: false"
"10-08-2026 18:41:55","60","Information","Microsoft-Windows-UniversalTelemetryClient","Is device on battery power: false"
"10-08-2026 18:41:55","60","Information","Microsoft-Windows-UniversalTelemetryClient","Is device on battery power: false"
"10-08-2026 18:36:13","27","Information","Microsoft-Windows-UniversalTelemetryClient","Connection state - All connections have succeeded since the previous period."
"10-08-2026 18:35:18","1","Information","Microsoft-Windows-UniversalTelemetryClient","Tenant P-ARIA-6660cc65b74b4291b30536aea7ed6ead-5a228f6e-723e-4098-8ed2-3554f184fd67-7451 has been registered for telemetry usage."
"10-08-2026 18:20:16","1","Information","Microsoft-Windows-UniversalTelemetryClient","Tenant P-ARIA-6660cc65b74b4291b30536aea7ed6ead-5a228f6e-723e-4098-8ed2-3554f184fd67-7451 has been registered for telemetry usage."
"10-08-2026 18:06:13","27","Information","Microsoft-Windows-UniversalTelemetryClient","Connection state - All connections have succeeded since the previous period."
"10-08-2026 18:05:03","1","Information","Microsoft-Windows-UniversalTelemetryClient","Tenant P-ARIA-6660cc65b74b4291b30536aea7ed6ead-5a228f6e-723e-4098-8ed2-3554f184fd67-7451 has been registered for telemetry usage."
"10-08-2026 17:51:08","27","Information","Microsoft-Windows-UniversalTelemetryClient","Connection state - All connections have succeeded since the previous period."
"10-08-2026 17:50:02","1","Information","Microsoft-Windows-UniversalTelemetryClient","Tenant P-ARIA-6660cc65b74b4291b30536aea7ed6ead-5a228f6e-723e-4098-8ed2-3554f184fd67-7451 has been registered for telemetry usage."
"10-08-2026 17:36:15","27","Information","Microsoft-Windows-UniversalTelemetryClient","Connection state - All connections have succeeded since the previous period."
"10-08-2026 17:34:59","1","Information","Microsoft-Windows-UniversalTelemetryClient","Tenant P-ARIA-6660cc65b74b4291b30536aea7ed6ead-5a228f6e-723e-4098-8ed2-3554f184fd67-7451 has been registered for telemetry usage."
"10-08-2026 17:19:50","1","Information","Microsoft-Windows-UniversalTelemetryClient","Tenant P-ARIA-6660cc65b74b4291b30536aea7ed6ead-5a228f6e-723e-4098-8ed2-3554f184fd67-7451 has been registered for telemetry usage."
"10-08-2026 17:06:15","27","Information","Microsoft-Windows-UniversalTelemetryClient","Connection state - All connections have succeeded since the previous period."
"10-08-2026 17:04:45","1","Information","Microsoft-Windows-UniversalTelemetryClient","Tenant P-ARIA-6660cc65b74b4291b30536aea7ed6ead-5a228f6e-723e-4098-8ed2-3554f184fd67-7451 has been registered for telemetry usage."
"10-08-2026 16:49:40","1","Information","Microsoft-Windows-UniversalTelemetryClient","Tenant P-ARIA-6660cc65b74b4291b30536aea7ed6ead-5a228f6e-723e-4098-8ed2-3554f184fd67-7451 has been registered for telemetry usage."
"10-08-2026 16:36:15","27","Information","Microsoft-Windows-UniversalTelemetryClient","Connection state - All connections have succeeded since the previous period."
"10-08-2026 16:34:31","1","Information","Microsoft-Windows-UniversalTelemetryClient","Tenant P-ARIA-6660cc65b74b4291b30536aea7ed6ead-5a228f6e-723e-4098-8ed2-3554f184fd67-7451 has been registered for telemetry usage."
"10-08-2026 16:16:16","1","Information","Microsoft-Windows-UniversalTelemetryClient","Tenant P-ARIA-7005b72804a64fa4b2138faab88f877b-14cf798a-05a4-4b7b-9d02-4d99259ebd4a-7553 has been registered for telemetry usage."
"10-08-2026 16:06:15","27","Information","Microsoft-Windows-UniversalTelemetryClient","Connection state - All connections have succeeded since the previous period."
"10-08-2026 15:51:10","27","Information","Microsoft-Windows-UniversalTelemetryClient","Connection state - All connections have succeeded since the previous period."
"10-08-2026 15:48:28","61","Information","Microsoft-Windows-UniversalTelemetryClient","Is the Battery Saver state enabled: false"
"10-08-2026 15:48:28","60","Information","Microsoft-Windows-UniversalTelemetryClient","Is device on battery power: true"
"10-08-2026 15:48:28","60","Information","Microsoft-Windows-UniversalTelemetryClient","Is device on battery power: true"
"10-08-2026 15:41:10","27","Information","Microsoft-Windows-UniversalTelemetryClient","Connection state - All connections have succeeded since the previous period."
"10-08-2026 15:36:15","27","Information","Microsoft-Windows-UniversalTelemetryClient","Connection state - All connections have succeeded since the previous period."
"10-08-2026 15:31:10","27","Information","Microsoft-Windows-UniversalTelemetryClient","Connection state - All connections have succeeded since the previous period."
"10-08-2026 15:26:10","27","Information","Microsoft-Windows-UniversalTelemetryClient","Connection state - All connections have succeeded since the previous period."
"10-08-2026 15:25:57","60","Information","Microsoft-Windows-UniversalTelemetryClient","Is device on battery power: false"
"10-08-2026 15:25:57","61","Information","Microsoft-Windows-UniversalTelemetryClient","Is the Battery Saver state enabled: false"
"10-08-2026 15:25:57","60","Information","Microsoft-Windows-UniversalTelemetryClient","Is device on battery power: false"
"10-08-2026 15:16:10","27","Information","Microsoft-Windows-UniversalTelemetryClient","Connection state - All connections have succeeded since the previous period."
"10-08-2026 15:06:15","27","Information","Microsoft-Windows-UniversalTelemetryClient","Connection state - All connections have succeeded since the previous period."
"10-08-2026 14:36:15","27","Information","Microsoft-Windows-UniversalTelemetryClient","Connection state - All connections have succeeded since the previous period."
"10-08-2026 14:14:07","1","Information","Microsoft-Windows-UniversalTelemetryClient","Tenant P-ARIA-7005b72804a64fa4b2138faab88f877b-14cf798a-05a4-4b7b-9d02-4d99259ebd4a-7553 has been registered for telemetry usage."
"10-08-2026 14:06:15","27","Information","Microsoft-Windows-UniversalTelemetryClient","Connection state - All connections have succeeded since the previous period."
"10-08-2026 13:51:09","27","Information","Microsoft-Windows-UniversalTelemetryClient","Connection state - All connections have succeeded since the previous period."
"10-08-2026 13:36:15","27","Information","Microsoft-Windows-UniversalTelemetryClient","Connection state - All connections have succeeded since the previous period."
"10-08-2026 13:32:28","1","Information","Microsoft-Windows-UniversalTelemetryClient","Tenant P-ARIA-6660cc65b74b4291b30536aea7ed6ead-5a228f6e-723e-4098-8ed2-3554f184fd67-7451 has been registered for telemetry usage."
"10-08-2026 13:26:09","27","Information","Microsoft-Windows-UniversalTelemetryClient","Connection state - All connections have succeeded since the previous period."
"10-08-2026 13:25:08","61","Information","Microsoft-Windows-UniversalTelemetryClient","Is the Battery Saver state enabled: false"
"10-08-2026 13:25:08","60","Information","Microsoft-Windows-UniversalTelemetryClient","Is device on battery power: true"
"10-08-2026 13:25:08","60","Information","Microsoft-Windows-UniversalTelemetryClient","Is device on battery power: true"
"10-08-2026 13:11:09","27","Information","Microsoft-Windows-UniversalTelemetryClient","Connection state - All connections have succeeded since the previous period."
"10-08-2026 13:06:14","27","Information","Microsoft-Windows-UniversalTelemetryClient","Connection state - All connections have succeeded since the previous period."
"10-08-2026 13:06:09","27","Information","Microsoft-Windows-UniversalTelemetryClient","Connection state - All connections have succeeded since the previous period."
"10-08-2026 13:01:09","27","Information","Microsoft-Windows-UniversalTelemetryClient","Connection state - All connections have succeeded since the previous period."
"10-08-2026 12:56:09","27","Information","Microsoft-Windows-UniversalTelemetryClient","Connection state - All connections have succeeded since the previous period."
"10-08-2026 12:46:36","1","Information","Microsoft-Windows-UniversalTelemetryClient","Tenant P-ARIA-af397ef28e484961ba48646a5d38cf54-77418283-d6f6-4a90-b0c8-37e0f5e7b087-7425 has been registered for telemetry usage."
"10-08-2026 12:41:09","27","Information","Microsoft-Windows-UniversalTelemetryClient","Connection state - All connections have succeeded since the previous period."
"10-08-2026 12:36:14","27","Information","Microsoft-Windows-UniversalTelemetryClient","Connection state - All connections have succeeded since the previous period."
"10-08-2026 12:36:09","27","Information","Microsoft-Windows-UniversalTelemetryClient","Connection state - All connections have succeeded since the previous period."
"10-08-2026 12:21:09","27","Information","Microsoft-Windows-UniversalTelemetryClient","Connection state - All connections have succeeded since the previous period."
"10-08-2026 12:06:14","27","Information","Microsoft-Windows-UniversalTelemetryClient","Connection state - All connections have succeeded since the previous period."
"10-08-2026 12:06:09","27","Information","Microsoft-Windows-UniversalTelemetryClient","Connection state - All connections have succeeded since the previous period."
"10-08-2026 12:02:01","22","Information","Microsoft-Windows-UniversalTelemetryClient","The daily upload quota for SENSE has crossed into a new tier."
"10-08-2026 12:01:32","61","Information","Microsoft-Windows-UniversalTelemetryClient","Is the Battery Saver state enabled: false"
"10-08-2026 12:01:32","60","Information","Microsoft-Windows-UniversalTelemetryClient","Is device on battery power: false"
"10-08-2026 12:01:32","60","Information","Microsoft-Windows-UniversalTelemetryClient","Is device on battery power: false"
"10-08-2026 11:51:09","27","Information","Microsoft-Windows-UniversalTelemetryClient","Connection state - All connections have succeeded since the previous period."
"10-08-2026 11:36:14","27","Information","Microsoft-Windows-UniversalTelemetryClient","Connection state - All connections have succeeded since the previous period."
"10-08-2026 11:06:14","27","Information","Microsoft-Windows-UniversalTelemetryClient","Connection state - All connections have succeeded since the previous period."
"10-08-2026 11:06:09","27","Information","Microsoft-Windows-UniversalTelemetryClient","Connection state - All connections have succeeded since the previous period."
"10-08-2026 11:05:48","1","Information","Microsoft-Windows-UniversalTelemetryClient","Tenant P-ARIA-5476d0c4a7a347909c4b8a13078d4390-f8bdcecf-243f-40f8-b7c3-b9c44a57dead-7230 has been registered for telemetry usage."
"10-08-2026 11:05:07","1","Information","Microsoft-Windows-UniversalTelemetryClient","Tenant P-ARIA-5476d0c4a7a347909c4b8a13078d4390-f8bdcecf-243f-40f8-b7c3-b9c44a57dead-7230 has been registered for telemetry usage."
"10-08-2026 11:05:07","1","Information","Microsoft-Windows-UniversalTelemetryClient","Tenant P-ARIA-4bb4d6f7cafc4e9292f972dca2dcde42-bd019ee8-e59c-4b0f-a02c-84e72157a3ef-7485 has been registered for telemetry usage."
"10-08-2026 11:05:06","1","Information","Microsoft-Windows-UniversalTelemetryClient","Tenant P-ARIA-4bb4d6f7cafc4e9292f972dca2dcde42-bd019ee8-e59c-4b0f-a02c-84e72157a3ef-7485 has been registered for telemetry usage."
"10-08-2026 11:04:42","1","Information","Microsoft-Windows-UniversalTelemetryClient","Tenant P-ARIA-5476d0c4a7a347909c4b8a13078d4390-f8bdcecf-243f-40f8-b7c3-b9c44a57dead-7230 has been registered for telemetry usage."
"10-08-2026 11:04:37","1","Information","Microsoft-Windows-UniversalTelemetryClient","Tenant P-ARIA-4bb4d6f7cafc4e9292f972dca2dcde42-bd019ee8-e59c-4b0f-a02c-84e72157a3ef-7485 has been registered for telemetry usage."
"10-08-2026 10:36:14","27","Information","Microsoft-Windows-UniversalTelemetryClient","Connection state - All connections have succeeded since the previous period."
"10-08-2026 10:26:09","27","Information","Microsoft-Windows-UniversalTelemetryClient","Connection state - All connections have succeeded since the previous period."
"10-08-2026 10:22:18","61","Information","Microsoft-Windows-UniversalTelemetryClient","Is the Battery Saver state enabled: false"
"10-08-2026 10:22:18","60","Information","Microsoft-Windows-UniversalTelemetryClient","Is device on battery power: true"
"10-08-2026 10:22:18","60","Information","Microsoft-Windows-UniversalTelemetryClient","Is device on battery power: true"
"10-08-2026 10:16:09","28","Warning","Microsoft-Windows-UniversalTelemetryClient","Connection state - Some connections have failed since the previous period."
"10-08-2026 10:14:06","1","Information","Microsoft-Windows-UniversalTelemetryClient","Tenant P-ARIA-7005b72804a64fa4b2138faab88f877b-14cf798a-05a4-4b7b-9d02-4d99259ebd4a-7553 has been registered for telemetry usage."
"10-08-2026 10:12:32","22","Information","Microsoft-Windows-UniversalTelemetryClient","The daily upload quota for SENSE has crossed into a new tier."
"10-08-2026 10:06:14","27","Information","Microsoft-Windows-UniversalTelemetryClient","Connection state - All connections have succeeded since the previous period."
"10-08-2026 10:01:09","27","Information","Microsoft-Windows-UniversalTelemetryClient","Connection state - All connections have succeeded since the previous period."
"10-08-2026 09:56:09","27","Information","Microsoft-Windows-UniversalTelemetryClient","Connection state - All connections have succeeded since the previous period."
"10-08-2026 09:51:09","27","Information","Microsoft-Windows-UniversalTelemetryClient","Connection state - All connections have succeeded since the previous period."
"10-08-2026 09:49:47","22","Information","Microsoft-Windows-UniversalTelemetryClient","The daily upload quota for SENSE has crossed into a new tier."
"10-08-2026 09:49:34","1","Information","Microsoft-Windows-UniversalTelemetryClient","Tenant P-ARIA-af397ef28e484961ba48646a5d38cf54-77418283-d6f6-4a90-b0c8-37e0f5e7b087-7425 has been registered for telemetry usage."
"10-08-2026 09:49:11","1","Information","Microsoft-Windows-UniversalTelemetryClient","Tenant P-ARIA-6660cc65b74b4291b30536aea7ed6ead-5a228f6e-723e-4098-8ed2-3554f184fd67-7451 has been registered for telemetry usage."
"10-08-2026 09:48:02","1","Information","Microsoft-Windows-UniversalTelemetryClient","Tenant P-ARIA-7005b72804a64fa4b2138faab88f877b-14cf798a-05a4-4b7b-9d02-4d99259ebd4a-7553 has been registered for telemetry usage."
"10-08-2026 09:47:42","22","Information","Microsoft-Windows-UniversalTelemetryClient","The daily upload quota for SENSE has crossed into a new tier."
"10-08-2026 09:46:29","61","Information","Microsoft-Windows-UniversalTelemetryClient","Is the Battery Saver state enabled: false"
"10-08-2026 09:46:09","27","Information","Microsoft-Windows-UniversalTelemetryClient","Connection state - All connections have succeeded since the previous period."
"10-08-2026 09:46:02","1","Information","Microsoft-Windows-UniversalTelemetryClient","Tenant P-ARIA-7005b72804a64fa4b2138faab88f877b-14cf798a-05a4-4b7b-9d02-4d99259ebd4a-7553 has been registered for telemetry usage."
"10-08-2026 09:45:40","1","Information","Microsoft-Windows-UniversalTelemetryClient","Tenant P-ARIA-6660cc65b74b4291b30536aea7ed6ead-5a228f6e-723e-4098-8ed2-3554f184fd67-7451 has been registered for telemetry usage."
"10-08-2026 09:45:05","1","Information","Microsoft-Windows-UniversalTelemetryClient","Tenant P-ARIA-6660cc65b74b4291b30536aea7ed6ead-5a228f6e-723e-4098-8ed2-3554f184fd67-7451 has been registered for telemetry usage."
"10-08-2026 09:43:29","1","Information","Microsoft-Windows-UniversalTelemetryClient","Tenant P-ARIA-7005b72804a64fa4b2138faab88f877b-14cf798a-05a4-4b7b-9d02-4d99259ebd4a-7553 has been registered for telemetry usage."
"10-08-2026 09:42:37","1","Information","Microsoft-Windows-UniversalTelemetryClient","Tenant P-ARIA-6660cc65b74b4291b30536aea7ed6ead-5a228f6e-723e-4098-8ed2-3554f184fd67-7451 has been registered for telemetry usage."
"10-08-2026 09:41:29","61","Information","Microsoft-Windows-UniversalTelemetryClient","Is the Battery Saver state enabled: false"
"10-08-2026 09:41:19","1","Information","Microsoft-Windows-UniversalTelemetryClient","Tenant P-ARIA-5476d0c4a7a347909c4b8a13078d4390-f8bdcecf-243f-40f8-b7c3-b9c44a57dead-7230 has been registered for telemetry usage."
"10-08-2026 09:41:17","1","Information","Microsoft-Windows-UniversalTelemetryClient","Tenant P-ARIA-4bb4d6f7cafc4e9292f972dca2dcde42-bd019ee8-e59c-4b0f-a02c-84e72157a3ef-7485 has been registered for telemetry usage."
"10-08-2026 09:41:09","27","Information","Microsoft-Windows-UniversalTelemetryClient","Connection state - All connections have succeeded since the previous period."
"10-08-2026 09:40:44","1","Information","Microsoft-Windows-UniversalTelemetryClient","Tenant P-ARIA-af397ef28e484961ba48646a5d38cf54-77418283-d6f6-4a90-b0c8-37e0f5e7b087-7425 has been registered for telemetry usage."
"10-08-2026 09:40:43","1","Information","Microsoft-Windows-UniversalTelemetryClient","Tenant P-ARIA-af397ef28e484961ba48646a5d38cf54-77418283-d6f6-4a90-b0c8-37e0f5e7b087-7425 has been registered for telemetry usage."
"10-08-2026 09:40:43","1","Information","Microsoft-Windows-UniversalTelemetryClient","Tenant P-ARIA-af397ef28e484961ba48646a5d38cf54-77418283-d6f6-4a90-b0c8-37e0f5e7b087-7425 has been registered for telemetry usage."
"10-08-2026 09:38:31","22","Information","Microsoft-Windows-UniversalTelemetryClient","The daily upload quota for SENSE has crossed into a new tier."
"10-08-2026 09:37:53","61","Information","Microsoft-Windows-UniversalTelemetryClient","Is the Battery Saver state enabled: false"
"10-08-2026 09:36:14","62","Information","Microsoft-Windows-UniversalTelemetryClient","Is the device in connected standby: false"
"10-08-2026 09:36:14","55","Information","Microsoft-Windows-UniversalTelemetryClient","Is the Internet available: true"
"10-08-2026 09:36:14","56","Information","Microsoft-Windows-UniversalTelemetryClient","Is a free network available: true"
"10-08-2026 09:36:14","61","Information","Microsoft-Windows-UniversalTelemetryClient","Is the Battery Saver state enabled: false"
"10-08-2026 09:36:14","60","Information","Microsoft-Windows-UniversalTelemetryClient","Is device on battery power: false"
"10-08-2026 09:36:11","56","Information","Microsoft-Windows-UniversalTelemetryClient","Is a free network available: true"
"10-08-2026 09:36:11","55","Information","Microsoft-Windows-UniversalTelemetryClient","Is the Internet available: true"
"10-08-2026 09:36:08","62","Information","Microsoft-Windows-UniversalTelemetryClient","Is the device in connected standby: false"
"10-08-2026 09:36:08","56","Information","Microsoft-Windows-UniversalTelemetryClient","Is a free network available: false"
"10-08-2026 09:36:08","55","Information","Microsoft-Windows-UniversalTelemetryClient","Is the Internet available: false"
"10-08-2026 09:36:08","61","Information","Microsoft-Windows-UniversalTelemetryClient","Is the Battery Saver state enabled: false"
"10-08-2026 09:36:07","68","Information","Microsoft-Windows-UniversalTelemetryClient","Invalid Processor mode configuration."
"10-08-2026 09:36:06","50","Information","Microsoft-Windows-UniversalTelemetryClient","The service has been started to the following state: Running."
"07-08-2026 18:23:24","1","Information","Microsoft-Windows-UniversalTelemetryClient","Tenant P-ARIA-6660cc65b74b4291b30536aea7ed6ead-5a228f6e-723e-4098-8ed2-3554f184fd67-7451 has been registered for telemetry usage."
"07-08-2026 18:22:00","22","Information","Microsoft-Windows-UniversalTelemetryClient","The daily upload quota for SENSE has crossed into a new tier."
"07-08-2026 18:21:56","60","Information","Microsoft-Windows-UniversalTelemetryClient","Is device on battery power: true"
"07-08-2026 18:21:56","61","Information","Microsoft-Windows-UniversalTelemetryClient","Is the Battery Saver state enabled: false"
"07-08-2026 18:21:56","60","Information","Microsoft-Windows-UniversalTelemetryClient","Is device on battery power: true"
"07-08-2026 18:20:25","27","Information","Microsoft-Windows-UniversalTelemetryClient","Connection state - All connections have succeeded since the previous period."
"07-08-2026 18:19:16","1","Information","Microsoft-Windows-UniversalTelemetryClient","Tenant P-ARIA-6660cc65b74b4291b30536aea7ed6ead-5a228f6e-723e-4098-8ed2-3554f184fd67-7451 has been registered for telemetry usage."
"07-08-2026 18:17:58","55","Information","Microsoft-Windows-UniversalTelemetryClient","Is the Internet available: true"
"07-08-2026 18:17:58","56","Information","Microsoft-Windows-UniversalTelemetryClient","Is a free network available: true"
"07-08-2026 18:17:58","55","Information","Microsoft-Windows-UniversalTelemetryClient","Is the Internet available: true"
"07-08-2026 18:17:58","56","Information","Microsoft-Windows-UniversalTelemetryClient","Is a free network available: true"
"07-08-2026 18:17:57","55","Information","Microsoft-Windows-UniversalTelemetryClient","Is the Internet available: true"
"07-08-2026 18:17:57","56","Information","Microsoft-Windows-UniversalTelemetryClient","Is a free network available: false"
"07-08-2026 18:17:50","55","Information","Microsoft-Windows-UniversalTelemetryClient","Is the Internet available: true"
"07-08-2026 18:17:50","56","Information","Microsoft-Windows-UniversalTelemetryClient","Is a free network available: false"
"07-08-2026 18:17:23","61","Information","Microsoft-Windows-UniversalTelemetryClient","Is the Battery Saver state enabled: false"
"07-08-2026 18:17:23","60","Information","Microsoft-Windows-UniversalTelemetryClient","Is device on battery power: false"
"07-08-2026 18:17:23","60","Information","Microsoft-Windows-UniversalTelemetryClient","Is device on battery power: false"
"07-08-2026 18:17:18","55","Information","Microsoft-Windows-UniversalTelemetryClient","Is the Internet available: true"
"07-08-2026 18:17:18","56","Information","Microsoft-Windows-UniversalTelemetryClient","Is a free network available: false"
"07-08-2026 18:17:18","56","Information","Microsoft-Windows-UniversalTelemetryClient","Is a free network available: false"
"07-08-2026 18:17:18","55","Information","Microsoft-Windows-UniversalTelemetryClient","Is the Internet available: false"
"07-08-2026 18:16:51","55","Information","Microsoft-Windows-UniversalTelemetryClient","Is the Internet available: true"
"07-08-2026 18:16:51","56","Information","Microsoft-Windows-UniversalTelemetryClient","Is a free network available: true"
"07-08-2026 18:16:51","56","Information","Microsoft-Windows-UniversalTelemetryClient","Is a free network available: true"
"07-08-2026 18:16:51","55","Information","Microsoft-Windows-UniversalTelemetryClient","Is the Internet available: true"
"07-08-2026 18:16:33","28","Warning","Microsoft-Windows-UniversalTelemetryClient","Connection state - Some connections have failed since the previous period."
"07-08-2026 18:15:48","55","Information","Microsoft-Windows-UniversalTelemetryClient","Is the Internet available: true"
"07-08-2026 18:15:48","56","Information","Microsoft-Windows-UniversalTelemetryClient","Is a free network available: false"
"07-08-2026 18:15:48","56","Information","Microsoft-Windows-UniversalTelemetryClient","Is a free network available: false"
"07-08-2026 18:15:48","55","Information","Microsoft-Windows-UniversalTelemetryClient","Is the Internet available: false"
"07-08-2026 18:10:25","27","Information","Microsoft-Windows-UniversalTelemetryClient","Connection state - All connections have succeeded since the previous period."
"07-08-2026 17:46:33","27","Information","Microsoft-Windows-UniversalTelemetryClient","Connection state - All connections have succeeded since the previous period."
"07-08-2026 17:20:32","1","Information","Microsoft-Windows-UniversalTelemetryClient","Tenant P-ARIA-5476d0c4a7a347909c4b8a13078d4390-f8bdcecf-243f-40f8-b7c3-b9c44a57dead-7230 has been registered for telemetry usage."
"07-08-2026 17:20:31","1","Information","Microsoft-Windows-UniversalTelemetryClient","Tenant P-ARIA-4bb4d6f7cafc4e9292f972dca2dcde42-bd019ee8-e59c-4b0f-a02c-84e72157a3ef-7485 has been registered for telemetry usage."
"07-08-2026 17:16:33","27","Information","Microsoft-Windows-UniversalTelemetryClient","Connection state - All connections have succeeded since the previous period."
"07-08-2026 16:50:25","27","Information","Microsoft-Windows-UniversalTelemetryClient","Connection state - All connections have succeeded since the previous period."
"07-08-2026 16:46:33","27","Information","Microsoft-Windows-UniversalTelemetryClient","Connection state - All connections have succeeded since the previous period."
"07-08-2026 16:40:25","27","Information","Microsoft-Windows-UniversalTelemetryClient","Connection state - All connections have succeeded since the previous period."
"07-08-2026 16:16:33","27","Information","Microsoft-Windows-UniversalTelemetryClient","Connection state - All connections have succeeded since the previous period."
"07-08-2026 15:46:33","27","Information","Microsoft-Windows-UniversalTelemetryClient","Connection state - All connections have succeeded since the previous period."
"07-08-2026 15:16:33","27","Information","Microsoft-Windows-UniversalTelemetryClient","Connection state - All connections have succeeded since the previous period."
"07-08-2026 15:06:54","22","Information","Microsoft-Windows-UniversalTelemetryClient","The daily upload quota for SENSE has crossed into a new tier."
"07-08-2026 14:46:33","27","Information","Microsoft-Windows-UniversalTelemetryClient","Connection state - All connections have succeeded since the previous period."
"07-08-2026 14:40:43","1","Information","Microsoft-Windows-UniversalTelemetryClient","Tenant P-ARIA-af397ef28e484961ba48646a5d38cf54-77418283-d6f6-4a90-b0c8-37e0f5e7b087-7425 has been registered for telemetry usage."
"07-08-2026 14:40:24","27","Information","Microsoft-Windows-UniversalTelemetryClient","Connection state - All connections have succeeded since the previous period."
"07-08-2026 14:20:24","27","Information","Microsoft-Windows-UniversalTelemetryClient","Connection state - All connections have succeeded since the previous period."
"07-08-2026 14:16:33","27","Information","Microsoft-Windows-UniversalTelemetryClient","Connection state - All connections have succeeded since the previous period."
"07-08-2026 14:10:24","27","Information","Microsoft-Windows-UniversalTelemetryClient","Connection state - All connections have succeeded since the previous period."
"07-08-2026 13:55:24","27","Information","Microsoft-Windows-UniversalTelemetryClient","Connection state - All connections have succeeded since the previous period."
"07-08-2026 13:46:33","27","Information","Microsoft-Windows-UniversalTelemetryClient","Connection state - All connections have succeeded since the previous period."
"07-08-2026 13:16:33","27","Information","Microsoft-Windows-UniversalTelemetryClient","Connection state - All connections have succeeded since the previous period."
"07-08-2026 12:46:33","27","Information","Microsoft-Windows-UniversalTelemetryClient","Connection state - All connections have succeeded since the previous period."
"07-08-2026 12:40:24","27","Information","Microsoft-Windows-UniversalTelemetryClient","Connection state - All connections have succeeded since the previous period."
"07-08-2026 12:16:33","27","Information","Microsoft-Windows-UniversalTelemetryClient","Connection state - All connections have succeeded since the previous period."
"07-08-2026 11:46:33","27","Information","Microsoft-Windows-UniversalTelemetryClient","Connection state - All connections have succeeded since the previous period."
"07-08-2026 11:16:33","27","Information","Microsoft-Windows-UniversalTelemetryClient","Connection state - All connections have succeeded since the previous period."
"07-08-2026 11:08:49","22","Information","Microsoft-Windows-UniversalTelemetryClient","The daily upload quota for SENSE has crossed into a new tier."
"07-08-2026 10:46:33","27","Information","Microsoft-Windows-UniversalTelemetryClient","Connection state - All connections have succeeded since the previous period."
"07-08-2026 10:40:24","27","Information","Microsoft-Windows-UniversalTelemetryClient","Connection state - All connections have succeeded since the previous period."
"07-08-2026 10:30:24","27","Information","Microsoft-Windows-UniversalTelemetryClient","Connection state - All connections have succeeded since the previous period."
"07-08-2026 10:25:24","27","Information","Microsoft-Windows-UniversalTelemetryClient","Connection state - All connections have succeeded since the previous period."
"07-08-2026 10:20:24","27","Information","Microsoft-Windows-UniversalTelemetryClient","Connection state - All connections have succeeded since the previous period."
"07-08-2026 10:18:23","61","Information","Microsoft-Windows-UniversalTelemetryClient","Is the Battery Saver state enabled: false"
"07-08-2026 10:18:23","60","Information","Microsoft-Windows-UniversalTelemetryClient","Is device on battery power: true"
"07-08-2026 10:18:23","60","Information","Microsoft-Windows-UniversalTelemetryClient","Is device on battery power: true"
"07-08-2026 10:16:33","27","Information","Microsoft-Windows-UniversalTelemetryClient","Connection state - All connections have succeeded since the previous period."
"07-08-2026 10:10:24","27","Information","Microsoft-Windows-UniversalTelemetryClient","Connection state - All connections have succeeded since the previous period."
"07-08-2026 09:50:24","27","Information","Microsoft-Windows-UniversalTelemetryClient","Connection state - All connections have succeeded since the previous period."
"07-08-2026 09:46:33","27","Information","Microsoft-Windows-UniversalTelemetryClient","Connection state - All connections have succeeded since the previous period."
"07-08-2026 09:35:24","27","Information","Microsoft-Windows-UniversalTelemetryClient","Connection state - All connections have succeeded since the previous period."
"07-08-2026 09:26:36","22","Information","Microsoft-Windows-UniversalTelemetryClient","The daily upload quota for SENSE has crossed into a new tier."
"07-08-2026 09:21:34","61","Information","Microsoft-Windows-UniversalTelemetryClient","Is the Battery Saver state enabled: false"
"07-08-2026 09:20:24","28","Warning","Microsoft-Windows-UniversalTelemetryClient","Connection state - Some connections have failed since the previous period."
"07-08-2026 09:16:35","27","Information","Microsoft-Windows-UniversalTelemetryClient","Connection state - All connections have succeeded since the previous period."
"07-08-2026 09:16:34","61","Information","Microsoft-Windows-UniversalTelemetryClient","Is the Battery Saver state enabled: false"
"07-08-2026 09:16:33","60","Information","Microsoft-Windows-UniversalTelemetryClient","Is device on battery power: false"
"07-08-2026 09:16:33","61","Information","Microsoft-Windows-UniversalTelemetryClient","Is the Battery Saver state enabled: false"
"07-08-2026 09:16:33","60","Information","Microsoft-Windows-UniversalTelemetryClient","Is device on battery power: false"
"07-08-2026 04:02:04","55","Information","Microsoft-Windows-UniversalTelemetryClient","Is the Internet available: true"
"07-08-2026 04:02:04","56","Information","Microsoft-Windows-UniversalTelemetryClient","Is a free network available: true"
"07-08-2026 04:02:04","56","Information","Microsoft-Windows-UniversalTelemetryClient","Is a free network available: true"
"07-08-2026 04:02:04","55","Information","Microsoft-Windows-UniversalTelemetryClient","Is the Internet available: true"
"07-08-2026 04:02:03","55","Information","Microsoft-Windows-UniversalTelemetryClient","Is the Internet available: true"
"07-08-2026 04:02:03","56","Information","Microsoft-Windows-UniversalTelemetryClient","Is a free network available: false"
"07-08-2026 04:02:00","27","Information","Microsoft-Windows-UniversalTelemetryClient","Connection state - All connections have succeeded since the previous period."
"07-08-2026 04:02:00","27","Information","Microsoft-Windows-UniversalTelemetryClient","Connection state - All connections have succeeded since the previous period."
"07-08-2026 04:02:00","61","Information","Microsoft-Windows-UniversalTelemetryClient","Is the Battery Saver state enabled: false"
"07-08-2026 04:02:00","60","Information","Microsoft-Windows-UniversalTelemetryClient","Is device on battery power: true"
"07-08-2026 04:01:59","61","Information","Microsoft-Windows-UniversalTelemetryClient","Is the Battery Saver state enabled: false"
"07-08-2026 04:01:59","62","Information","Microsoft-Windows-UniversalTelemetryClient","Is the device in connected standby: false"
"06-08-2026 19:03:16","61","Information","Microsoft-Windows-UniversalTelemetryClient","Is the Battery Saver state enabled: false"
"06-08-2026 19:03:16","60","Information","Microsoft-Windows-UniversalTelemetryClient","Is device on battery power: true"
"06-08-2026 19:03:16","61","Information","Microsoft-Windows-UniversalTelemetryClient","Is the Battery Saver state enabled: false"
"06-08-2026 19:03:16","62","Information","Microsoft-Windows-UniversalTelemetryClient","Is the device in connected standby: true"
"06-08-2026 19:03:11","61","Information","Microsoft-Windows-UniversalTelemetryClient","Is the Battery Saver state enabled: false"
"06-08-2026 19:03:11","61","Information","Microsoft-Windows-UniversalTelemetryClient","Is the Battery Saver state enabled: false"
"06-08-2026 19:03:11","61","Information","Microsoft-Windows-UniversalTelemetryClient","Is the Battery Saver state enabled: false"
