"TimeCreated","Id","LevelDisplayName","ProviderName","Message"
"19-08-2026 14:54:23","1002","Warning","Microsoft-Windows-KnownFolders","Error 0x80070005 occurred while verifying known folder {f1b32785-6fba-4fcf-9d55-7b8e7f157091} with path 'C:\Users\arjo5004\AppData\Local'."
"19-08-2026 14:54:23","1002","Warning","Microsoft-Windows-KnownFolders","Error 0x80070005 occurred while verifying known folder {a520a1a4-1780-4ff6-bd18-167343c5af16} with path 'C:\Users\arjo5004\AppData\LocalLow'."
"19-08-2026 14:46:22","1002","Warning","Microsoft-Windows-KnownFolders","Error 0x80070005 occurred while verifying known folder {62ab5d82-fdc1-4dc3-a9dd-070d1d495d97} with path 'C:\ProgramData'."
"19-08-2026 14:37:13","1002","Warning","Microsoft-Windows-KnownFolders","Error 0x80070005 occurred while verifying known folder {f1b32785-6fba-4fcf-9d55-7b8e7f157091} with path 'C:\Users\arjo5004\AppData\Local'."
"19-08-2026 14:37:13","1002","Warning","Microsoft-Windows-KnownFolders","Error 0x80070005 occurred while verifying known folder {a520a1a4-1780-4ff6-bd18-167343c5af16} with path 'C:\Users\arjo5004\AppData\LocalLow'."
"19-08-2026 14:09:05","1002","Warning","Microsoft-Windows-KnownFolders","Error 0x80070005 occurred while verifying known folder {62ab5d82-fdc1-4dc3-a9dd-070d1d495d97} with path 'C:\ProgramData'."
"19-08-2026 14:09:05","1002","Warning","Microsoft-Windows-KnownFolders","Error 0x80070005 occurred while verifying known folder {62ab5d82-fdc1-4dc3-a9dd-070d1d495d97} with path 'C:\ProgramData'."
"19-08-2026 13:44:18","1002","Warning","Microsoft-Windows-KnownFolders","Error 0x80070005 occurred while verifying known folder {62ab5d82-fdc1-4dc3-a9dd-070d1d495d97} with path 'C:\ProgramData'."
"19-08-2026 13:28:42","1002","Warning","Microsoft-Windows-KnownFolders","Error 0x80070002 occurred while verifying known folder {18989b1d-99b5-455b-841c-ab7c74e4ddfc} with path 'C:\Windows\system32\config\systemprofile\Videos'."
"19-08-2026 13:23:23","1000","Warning","Microsoft-Windows-KnownFolders","Error 0x80070005 occurred while creating known folder {3eb685db-65f9-4cf6-a03a-e3ef65729f3d} with path 'C:\Windows\system32\config\systemprofile\AppData\Roaming'."
"19-08-2026 12:50:57","1002","Warning","Microsoft-Windows-KnownFolders","Error 0x80070005 occurred while verifying known folder {62ab5d82-fdc1-4dc3-a9dd-070d1d495d97} with path 'C:\ProgramData'."
"19-08-2026 11:58:48","1002","Warning","Microsoft-Windows-KnownFolders","Error 0x80070002 occurred while verifying known folder {18989b1d-99b5-455b-841c-ab7c74e4ddfc} with path 'C:\Windows\system32\config\systemprofile\Videos'."
"19-08-2026 11:56:18","1002","Warning","Microsoft-Windows-KnownFolders","Error 0x80070005 occurred while verifying known folder {62ab5d82-fdc1-4dc3-a9dd-070d1d495d97} with path 'C:\ProgramData'."
"19-08-2026 11:56:18","1002","Warning","Microsoft-Windows-KnownFolders","Error 0x80070005 occurred while verifying known folder {62ab5d82-fdc1-4dc3-a9dd-070d1d495d97} with path 'C:\ProgramData'."
"19-08-2026 11:50:57","1002","Warning","Microsoft-Windows-KnownFolders","Error 0x80070005 occurred while verifying known folder {62ab5d82-fdc1-4dc3-a9dd-070d1d495d97} with path 'C:\ProgramData'."
"19-08-2026 11:35:32","1002","Warning","Microsoft-Windows-KnownFolders","Error 0x80070002 occurred while verifying known folder {e25b5812-be88-4bd9-94b0-29233477b6c3} with path 'C:\Users\arjo5004\AppData\Roaming\Microsoft\Windows\Libraries\SavedPictures.library-ms'."
"19-08-2026 11:35:32","1002","Warning","Microsoft-Windows-KnownFolders","Error 0x80070002 occurred while verifying known folder {2b20df75-1eda-4039-8097-38798227d5b7} with path 'C:\Users\arjo5004\AppData\Roaming\Microsoft\Windows\Libraries\CameraRoll.library-ms'."
"19-08-2026 11:34:54","1002","Warning","Microsoft-Windows-KnownFolders","Error 0x80070005 occurred while verifying known folder {62ab5d82-fdc1-4dc3-a9dd-070d1d495d97} with path 'C:\ProgramData'."
"19-08-2026 11:23:24","1000","Warning","Microsoft-Windows-KnownFolders","Error 0x80070005 occurred while creating known folder {3eb685db-65f9-4cf6-a03a-e3ef65729f3d} with path 'C:\Windows\system32\config\systemprofile\AppData\Roaming'."
"19-08-2026 10:50:58","1002","Warning","Microsoft-Windows-KnownFolders","Error 0x80070005 occurred while verifying known folder {62ab5d82-fdc1-4dc3-a9dd-070d1d495d97} with path 'C:\ProgramData'."
"19-08-2026 10:46:06","1000","Warning","Microsoft-Windows-KnownFolders","Error 0x80070005 occurred while creating known folder {3eb685db-65f9-4cf6-a03a-e3ef65729f3d} with path 'C:\Windows\system32\config\systemprofile\AppData\Roaming'."
"19-08-2026 10:46:06","1000","Warning","Microsoft-Windows-KnownFolders","Error 0x80070005 occurred while creating known folder {5e6c858f-0e22-4760-9afe-ea3317b67173} with path 'C:\Windows\system32\config\systemprofile'."
"19-08-2026 10:46:06","1000","Warning","Microsoft-Windows-KnownFolders","Error 0x80070005 occurred while creating known folder {3eb685db-65f9-4cf6-a03a-e3ef65729f3d} with path 'C:\Windows\system32\config\systemprofile\AppData\Roaming'."
"19-08-2026 10:46:06","1000","Warning","Microsoft-Windows-KnownFolders","Error 0x80070005 occurred while creating known folder {5e6c858f-0e22-4760-9afe-ea3317b67173} with path 'C:\Windows\system32\config\systemprofile'."
"19-08-2026 10:03:59","1002","Warning","Microsoft-Windows-KnownFolders","Error 0x80070005 occurred while verifying known folder {62ab5d82-fdc1-4dc3-a9dd-070d1d495d97} with path 'C:\ProgramData'."
"19-08-2026 10:03:59","1002","Warning","Microsoft-Windows-KnownFolders","Error 0x80070005 occurred while verifying known folder {62ab5d82-fdc1-4dc3-a9dd-070d1d495d97} with path 'C:\ProgramData'."
"19-08-2026 10:03:59","1002","Warning","Microsoft-Windows-KnownFolders","Error 0x80070005 occurred while verifying known folder {62ab5d82-fdc1-4dc3-a9dd-070d1d495d97} with path 'C:\ProgramData'."
"19-08-2026 10:01:49","1002","Warning","Microsoft-Windows-KnownFolders","Error 0x80070002 occurred while verifying known folder {18989b1d-99b5-455b-841c-ab7c74e4ddfc} with path 'C:\Windows\system32\config\systemprofile\Videos'."
"18-08-2026 19:05:58","1002","Warning","Microsoft-Windows-KnownFolders","Error 0x80070002 occurred while verifying known folder {18989b1d-99b5-455b-841c-ab7c74e4ddfc} with path 'C:\Windows\system32\config\systemprofile\Videos'."
"18-08-2026 18:45:54","1002","Warning","Microsoft-Windows-KnownFolders","Error 0x80070005 occurred while verifying known folder {62ab5d82-fdc1-4dc3-a9dd-070d1d495d97} with path 'C:\ProgramData'."
"18-08-2026 18:36:27","1002","Warning","Microsoft-Windows-KnownFolders","Error 0x80070002 occurred while verifying known folder {18989b1d-99b5-455b-841c-ab7c74e4ddfc} with path 'C:\Windows\system32\config\systemprofile\Videos'."
"18-08-2026 18:34:40","1002","Warning","Microsoft-Windows-KnownFolders","Error 0x80070003 occurred while verifying known folder {bcbd3057-ca5c-4622-b42d-bc56db0ae516} with path 'C:\Windows\ServiceProfiles\NetworkService\AppData\Local\Programs\Common'."
"18-08-2026 18:34:40","1002","Warning","Microsoft-Windows-KnownFolders","Error 0x80070002 occurred while verifying known folder {5cd7aee2-2219-4a67-b85d-6c9ce15660cb} with path 'C:\Windows\ServiceProfiles\NetworkService\AppData\Local\Programs'."
"18-08-2026 18:34:40","1002","Warning","Microsoft-Windows-KnownFolders","Error 0x80070003 occurred while verifying known folder {339719b5-8c47-4894-94c2-d8f77add44a6} with path 'C:\Windows\ServiceProfiles\NetworkService\OneDrive\Pictures'."
"18-08-2026 18:34:40","1002","Warning","Microsoft-Windows-KnownFolders","Error 0x80070003 occurred while verifying known folder {24d89e24-2f19-4534-9dde-6a6671fbb8fe} with path 'C:\Windows\ServiceProfiles\NetworkService\OneDrive\Documents'."
"18-08-2026 18:34:40","1002","Warning","Microsoft-Windows-KnownFolders","Error 0x80070002 occurred while verifying known folder {a52bba46-e9e1-435f-b3d9-28daa648c0f6} with path 'C:\Windows\ServiceProfiles\NetworkService\OneDrive'."
"18-08-2026 18:34:40","1002","Warning","Microsoft-Windows-KnownFolders","Error 0x80070002 occurred while verifying known folder {56784854-c6cb-462b-8169-88e350acb882} with path 'C:\Windows\ServiceProfiles\NetworkService\Contacts'."
"18-08-2026 18:34:40","1002","Warning","Microsoft-Windows-KnownFolders","Error 0x80070003 occurred while verifying known folder {9e52ab10-f80d-49df-acb8-4330f5687855} with path 'C:\Windows\ServiceProfiles\NetworkService\AppData\Local\Microsoft\Windows\Burn\Burn'."
"18-08-2026 18:34:40","1002","Warning","Microsoft-Windows-KnownFolders","Error 0x80070002 occurred while verifying known folder {724ef170-a42d-4fef-9f26-b60e846fba4f} with path 'C:\Windows\ServiceProfiles\NetworkService\AppData\Roaming\Microsoft\Windows\Start Menu\Programs\Administrative Tools'."
"18-08-2026 18:34:40","1002","Warning","Microsoft-Windows-KnownFolders","Error 0x80070002 occurred while verifying known folder {b97d20bb-f46a-4c97-ba10-5e3608430854} with path 'C:\Windows\ServiceProfiles\NetworkService\AppData\Roaming\Microsoft\Windows\Start Menu\Programs\Startup'."
"18-08-2026 18:34:20","1002","Warning","Microsoft-Windows-KnownFolders","Error 0x80070002 occurred while verifying known folder {18989b1d-99b5-455b-841c-ab7c74e4ddfc} with path 'C:\Windows\system32\config\systemprofile\Videos'."
"18-08-2026 18:33:53","1000","Warning","Microsoft-Windows-KnownFolders","Error 0x80070005 occurred while creating known folder {3eb685db-65f9-4cf6-a03a-e3ef65729f3d} with path 'C:\Windows\system32\config\systemprofile\AppData\Roaming'."
"18-08-2026 18:33:00","1002","Warning","Microsoft-Windows-KnownFolders","Error 0x80070003 occurred while verifying known folder {bcbd3057-ca5c-4622-b42d-bc56db0ae516} with path 'C:\Windows\ServiceProfiles\LocalService\AppData\Local\Programs\Common'."
"18-08-2026 18:33:00","1002","Warning","Microsoft-Windows-KnownFolders","Error 0x80070002 occurred while verifying known folder {5cd7aee2-2219-4a67-b85d-6c9ce15660cb} with path 'C:\Windows\ServiceProfiles\LocalService\AppData\Local\Programs'."
"18-08-2026 18:33:00","1002","Warning","Microsoft-Windows-KnownFolders","Error 0x80070003 occurred while verifying known folder {339719b5-8c47-4894-94c2-d8f77add44a6} with path 'C:\Windows\ServiceProfiles\LocalService\OneDrive\Pictures'."
"18-08-2026 18:33:00","1002","Warning","Microsoft-Windows-KnownFolders","Error 0x80070003 occurred while verifying known folder {24d89e24-2f19-4534-9dde-6a6671fbb8fe} with path 'C:\Windows\ServiceProfiles\LocalService\OneDrive\Documents'."
"18-08-2026 18:33:00","1002","Warning","Microsoft-Windows-KnownFolders","Error 0x80070002 occurred while verifying known folder {a52bba46-e9e1-435f-b3d9-28daa648c0f6} with path 'C:\Windows\ServiceProfiles\LocalService\OneDrive'."
"18-08-2026 18:33:00","1002","Warning","Microsoft-Windows-KnownFolders","Error 0x80070002 occurred while verifying known folder {56784854-c6cb-462b-8169-88e350acb882} with path 'C:\Windows\ServiceProfiles\LocalService\Contacts'."
"18-08-2026 18:33:00","1002","Warning","Microsoft-Windows-KnownFolders","Error 0x80070003 occurred while verifying known folder {9e52ab10-f80d-49df-acb8-4330f5687855} with path 'C:\Windows\ServiceProfiles\LocalService\AppData\Local\Microsoft\Windows\Burn\Burn'."
"18-08-2026 18:33:00","1002","Warning","Microsoft-Windows-KnownFolders","Error 0x80070002 occurred while verifying known folder {724ef170-a42d-4fef-9f26-b60e846fba4f} with path 'C:\Windows\ServiceProfiles\LocalService\AppData\Roaming\Microsoft\Windows\Start Menu\Programs\Administrative Tools'."
"18-08-2026 18:33:00","1002","Warning","Microsoft-Windows-KnownFolders","Error 0x80070002 occurred while verifying known folder {b97d20bb-f46a-4c97-ba10-5e3608430854} with path 'C:\Windows\ServiceProfiles\LocalService\AppData\Roaming\Microsoft\Windows\Start Menu\Programs\Startup'."
"18-08-2026 18:31:27","1002","Warning","Microsoft-Windows-KnownFolders","Error 0x80070002 occurred while verifying known folder {339719b5-8c47-4894-94c2-d8f77add44a6} with path 'C:\Users\arjo5004\OneDrive\Pictures'."
"18-08-2026 18:31:27","1002","Warning","Microsoft-Windows-KnownFolders","Error 0x80070002 occurred while verifying known folder {24d89e24-2f19-4534-9dde-6a6671fbb8fe} with path 'C:\Users\arjo5004\OneDrive\Documents'."
"18-08-2026 17:57:26","1000","Warning","Microsoft-Windows-KnownFolders","Error 0x80070005 occurred while creating known folder {3eb685db-65f9-4cf6-a03a-e3ef65729f3d} with path 'C:\Windows\system32\config\systemprofile\AppData\Roaming'."
"18-08-2026 17:57:26","1000","Warning","Microsoft-Windows-KnownFolders","Error 0x80070005 occurred while creating known folder {5e6c858f-0e22-4760-9afe-ea3317b67173} with path 'C:\Windows\system32\config\systemprofile'."
"18-08-2026 17:57:26","1000","Warning","Microsoft-Windows-KnownFolders","Error 0x80070005 occurred while creating known folder {3eb685db-65f9-4cf6-a03a-e3ef65729f3d} with path 'C:\Windows\system32\config\systemprofile\AppData\Roaming'."
"18-08-2026 17:57:26","1000","Warning","Microsoft-Windows-KnownFolders","Error 0x80070005 occurred while creating known folder {5e6c858f-0e22-4760-9afe-ea3317b67173} with path 'C:\Windows\system32\config\systemprofile'."
"18-08-2026 17:54:02","1002","Warning","Microsoft-Windows-KnownFolders","Error 0x80070005 occurred while verifying known folder {62ab5d82-fdc1-4dc3-a9dd-070d1d495d97} with path 'C:\ProgramData'."
"18-08-2026 17:54:02","1002","Warning","Microsoft-Windows-KnownFolders","Error 0x80070005 occurred while verifying known folder {62ab5d82-fdc1-4dc3-a9dd-070d1d495d97} with path 'C:\ProgramData'."
"18-08-2026 17:45:53","1002","Warning","Microsoft-Windows-KnownFolders","Error 0x80070005 occurred while verifying known folder {62ab5d82-fdc1-4dc3-a9dd-070d1d495d97} with path 'C:\ProgramData'."
"18-08-2026 17:34:39","1002","Warning","Microsoft-Windows-KnownFolders","Error 0x80070003 occurred while verifying known folder {bcbd3057-ca5c-4622-b42d-bc56db0ae516} with path 'C:\Windows\ServiceProfiles\NetworkService\AppData\Local\Programs\Common'."
"18-08-2026 17:34:39","1002","Warning","Microsoft-Windows-KnownFolders","Error 0x80070002 occurred while verifying known folder {5cd7aee2-2219-4a67-b85d-6c9ce15660cb} with path 'C:\Windows\ServiceProfiles\NetworkService\AppData\Local\Programs'."
"18-08-2026 17:34:39","1002","Warning","Microsoft-Windows-KnownFolders","Error 0x80070003 occurred while verifying known folder {339719b5-8c47-4894-94c2-d8f77add44a6} with path 'C:\Windows\ServiceProfiles\NetworkService\OneDrive\Pictures'."
"18-08-2026 17:34:39","1002","Warning","Microsoft-Windows-KnownFolders","Error 0x80070003 occurred while verifying known folder {24d89e24-2f19-4534-9dde-6a6671fbb8fe} with path 'C:\Windows\ServiceProfiles\NetworkService\OneDrive\Documents'."
"18-08-2026 17:34:39","1002","Warning","Microsoft-Windows-KnownFolders","Error 0x80070002 occurred while verifying known folder {a52bba46-e9e1-435f-b3d9-28daa648c0f6} with path 'C:\Windows\ServiceProfiles\NetworkService\OneDrive'."
"18-08-2026 17:34:39","1002","Warning","Microsoft-Windows-KnownFolders","Error 0x80070002 occurred while verifying known folder {56784854-c6cb-462b-8169-88e350acb882} with path 'C:\Windows\ServiceProfiles\NetworkService\Contacts'."
"18-08-2026 17:34:39","1002","Warning","Microsoft-Windows-KnownFolders","Error 0x80070003 occurred while verifying known folder {9e52ab10-f80d-49df-acb8-4330f5687855} with path 'C:\Windows\ServiceProfiles\NetworkService\AppData\Local\Microsoft\Windows\Burn\Burn'."
"18-08-2026 17:34:39","1002","Warning","Microsoft-Windows-KnownFolders","Error 0x80070002 occurred while verifying known folder {724ef170-a42d-4fef-9f26-b60e846fba4f} with path 'C:\Windows\ServiceProfiles\NetworkService\AppData\Roaming\Microsoft\Windows\Start Menu\Programs\Administrative Tools'."
"18-08-2026 17:34:39","1002","Warning","Microsoft-Windows-KnownFolders","Error 0x80070002 occurred while verifying known folder {b97d20bb-f46a-4c97-ba10-5e3608430854} with path 'C:\Windows\ServiceProfiles\NetworkService\AppData\Roaming\Microsoft\Windows\Start Menu\Programs\Startup'."
"18-08-2026 17:32:40","1002","Warning","Microsoft-Windows-KnownFolders","Error 0x80070003 occurred while verifying known folder {bcbd3057-ca5c-4622-b42d-bc56db0ae516} with path 'C:\Windows\ServiceProfiles\LocalService\AppData\Local\Programs\Common'."
"18-08-2026 17:32:40","1002","Warning","Microsoft-Windows-KnownFolders","Error 0x80070002 occurred while verifying known folder {5cd7aee2-2219-4a67-b85d-6c9ce15660cb} with path 'C:\Windows\ServiceProfiles\LocalService\AppData\Local\Programs'."
"18-08-2026 17:32:40","1002","Warning","Microsoft-Windows-KnownFolders","Error 0x80070003 occurred while verifying known folder {339719b5-8c47-4894-94c2-d8f77add44a6} with path 'C:\Windows\ServiceProfiles\LocalService\OneDrive\Pictures'."
"18-08-2026 17:32:40","1002","Warning","Microsoft-Windows-KnownFolders","Error 0x80070003 occurred while verifying known folder {24d89e24-2f19-4534-9dde-6a6671fbb8fe} with path 'C:\Windows\ServiceProfiles\LocalService\OneDrive\Documents'."
"18-08-2026 17:32:40","1002","Warning","Microsoft-Windows-KnownFolders","Error 0x80070002 occurred while verifying known folder {a52bba46-e9e1-435f-b3d9-28daa648c0f6} with path 'C:\Windows\ServiceProfiles\LocalService\OneDrive'."
"18-08-2026 17:32:40","1002","Warning","Microsoft-Windows-KnownFolders","Error 0x80070002 occurred while verifying known folder {56784854-c6cb-462b-8169-88e350acb882} with path 'C:\Windows\ServiceProfiles\LocalService\Contacts'."
"18-08-2026 17:32:40","1002","Warning","Microsoft-Windows-KnownFolders","Error 0x80070003 occurred while verifying known folder {9e52ab10-f80d-49df-acb8-4330f5687855} with path 'C:\Windows\ServiceProfiles\LocalService\AppData\Local\Microsoft\Windows\Burn\Burn'."
"18-08-2026 17:32:40","1002","Warning","Microsoft-Windows-KnownFolders","Error 0x80070002 occurred while verifying known folder {724ef170-a42d-4fef-9f26-b60e846fba4f} with path 'C:\Windows\ServiceProfiles\LocalService\AppData\Roaming\Microsoft\Windows\Start Menu\Programs\Administrative Tools'."
"18-08-2026 17:32:40","1002","Warning","Microsoft-Windows-KnownFolders","Error 0x80070002 occurred while verifying known folder {b97d20bb-f46a-4c97-ba10-5e3608430854} with path 'C:\Windows\ServiceProfiles\LocalService\AppData\Roaming\Microsoft\Windows\Start Menu\Programs\Startup'."
"18-08-2026 17:31:27","1002","Warning","Microsoft-Windows-KnownFolders","Error 0x80070002 occurred while verifying known folder {339719b5-8c47-4894-94c2-d8f77add44a6} with path 'C:\Users\arjo5004\OneDrive\Pictures'."
"18-08-2026 17:31:27","1002","Warning","Microsoft-Windows-KnownFolders","Error 0x80070002 occurred while verifying known folder {24d89e24-2f19-4534-9dde-6a6671fbb8fe} with path 'C:\Users\arjo5004\OneDrive\Documents'."
"18-08-2026 17:31:05","1002","Warning","Microsoft-Windows-KnownFolders","Error 0x80070003 occurred while verifying known folder {bcbd3057-ca5c-4622-b42d-bc56db0ae516} with path 'C:\Windows\system32\config\systemprofile\AppData\Local\Programs\Common'."
"18-08-2026 17:31:05","1002","Warning","Microsoft-Windows-KnownFolders","Error 0x80070002 occurred while verifying known folder {5cd7aee2-2219-4a67-b85d-6c9ce15660cb} with path 'C:\Windows\system32\config\systemprofile\AppData\Local\Programs'."
"18-08-2026 17:31:05","1002","Warning","Microsoft-Windows-KnownFolders","Error 0x80070003 occurred while verifying known folder {339719b5-8c47-4894-94c2-d8f77add44a6} with path 'C:\Windows\system32\config\systemprofile\OneDrive\Pictures'."
"18-08-2026 17:31:05","1002","Warning","Microsoft-Windows-KnownFolders","Error 0x80070003 occurred while verifying known folder {24d89e24-2f19-4534-9dde-6a6671fbb8fe} with path 'C:\Windows\system32\config\systemprofile\OneDrive\Documents'."
"18-08-2026 17:31:05","1002","Warning","Microsoft-Windows-KnownFolders","Error 0x80070002 occurred while verifying known folder {a52bba46-e9e1-435f-b3d9-28daa648c0f6} with path 'C:\Windows\system32\config\systemprofile\OneDrive'."
"18-08-2026 17:31:05","1002","Warning","Microsoft-Windows-KnownFolders","Error 0x80070002 occurred while verifying known folder {56784854-c6cb-462b-8169-88e350acb882} with path 'C:\Windows\system32\config\systemprofile\Contacts'."
"18-08-2026 17:31:05","1002","Warning","Microsoft-Windows-KnownFolders","Error 0x80070002 occurred while verifying known folder {374de290-123f-4565-9164-39c4925e467b} with path 'C:\Windows\system32\config\systemprofile\Downloads'."
"18-08-2026 17:31:05","1002","Warning","Microsoft-Windows-KnownFolders","Error 0x80070003 occurred while verifying known folder {9e52ab10-f80d-49df-acb8-4330f5687855} with path 'C:\Windows\system32\config\systemprofile\AppData\Local\Microsoft\Windows\Burn\Burn'."
"18-08-2026 17:31:05","1002","Warning","Microsoft-Windows-KnownFolders","Error 0x80070003 occurred while verifying known folder {724ef170-a42d-4fef-9f26-b60e846fba4f} with path 'C:\Windows\system32\config\systemprofile\AppData\Roaming\Microsoft\Windows\Start Menu\Programs\Administrative Tools'."
"18-08-2026 17:31:05","1002","Warning","Microsoft-Windows-KnownFolders","Error 0x80070002 occurred while verifying known folder {33e28130-4e1e-4676-835a-98395c3bc3bb} with path 'C:\Windows\system32\config\systemprofile\Pictures'."
"18-08-2026 17:31:05","1002","Warning","Microsoft-Windows-KnownFolders","Error 0x80070003 occurred while verifying known folder {9274bd8d-cfd1-41c3-b35e-b13f55a758f4} with path 'C:\Windows\system32\config\systemprofile\AppData\Roaming\Microsoft\Windows\Printer Shortcuts'."
"18-08-2026 17:31:05","1002","Warning","Microsoft-Windows-KnownFolders","Error 0x80070003 occurred while verifying known folder {a63293e8-664e-48db-a079-df759e0509f7} with path 'C:\Windows\system32\config\systemprofile\AppData\Roaming\Microsoft\Windows\Templates'."
"18-08-2026 17:31:05","1002","Warning","Microsoft-Windows-KnownFolders","Error 0x80070003 occurred while verifying known folder {c5abbf53-e17f-4121-8900-86626fc2c973} with path 'C:\Windows\system32\config\systemprofile\AppData\Roaming\Microsoft\Windows\Network Shortcuts'."
"18-08-2026 17:31:05","1002","Warning","Microsoft-Windows-KnownFolders","Error 0x80070002 occurred while verifying known folder {b4bfcc3a-db2c-424c-b029-7fe99a87c641} with path 'C:\Windows\system32\config\systemprofile\Desktop'."
"18-08-2026 17:31:05","1002","Warning","Microsoft-Windows-KnownFolders","Error 0x80070002 occurred while verifying known folder {18989b1d-99b5-455b-841c-ab7c74e4ddfc} with path 'C:\Windows\system32\config\systemprofile\Videos'."
"18-08-2026 17:31:05","1002","Warning","Microsoft-Windows-KnownFolders","Error 0x80070002 occurred while verifying known folder {4bd8d571-6d19-48d3-be97-422220080e43} with path 'C:\Windows\system32\config\systemprofile\Music'."
"18-08-2026 17:31:05","1002","Warning","Microsoft-Windows-KnownFolders","Error 0x80070003 occurred while verifying known folder {625b53c3-ab48-4ec1-ba1f-a1ef4146fc19} with path 'C:\Windows\system32\config\systemprofile\AppData\Roaming\Microsoft\Windows\Start Menu'."
"18-08-2026 17:31:05","1002","Warning","Microsoft-Windows-KnownFolders","Error 0x80070003 occurred while verifying known folder {8983036c-27c0-404b-8f08-102d10dcfd74} with path 'C:\Windows\system32\config\systemprofile\AppData\Roaming\Microsoft\Windows\SendTo'."
"18-08-2026 17:31:05","1002","Warning","Microsoft-Windows-KnownFolders","Error 0x80070003 occurred while verifying known folder {ae50c081-ebd2-438a-8655-8a092e34987a} with path 'C:\Windows\system32\config\systemprofile\AppData\Roaming\Microsoft\Windows\Recent'."
"18-08-2026 17:31:05","1002","Warning","Microsoft-Windows-KnownFolders","Error 0x80070003 occurred while verifying known folder {b97d20bb-f46a-4c97-ba10-5e3608430854} with path 'C:\Windows\system32\config\systemprofile\AppData\Roaming\Microsoft\Windows\Start Menu\Programs\Startup'."
"18-08-2026 17:31:05","1002","Warning","Microsoft-Windows-KnownFolders","Error 0x80070002 occurred while verifying known folder {1777f761-68ad-4d8a-87bd-30b759fa33dd} with path 'C:\Windows\system32\config\systemprofile\Favorites'."
"18-08-2026 17:31:05","1002","Warning","Microsoft-Windows-KnownFolders","Error 0x80070003 occurred while verifying known folder {a77f5d77-2e2b-44c3-a6a2-aba601054a51} with path 'C:\Windows\system32\config\systemprofile\AppData\Roaming\Microsoft\Windows\Start Menu\Programs'."
"18-08-2026 16:45:53","1002","Warning","Microsoft-Windows-KnownFolders","Error 0x80070005 occurred while verifying known folder {62ab5d82-fdc1-4dc3-a9dd-070d1d495d97} with path 'C:\ProgramData'."
"18-08-2026 16:34:39","1002","Warning","Microsoft-Windows-KnownFolders","Error 0x80070003 occurred while verifying known folder {bcbd3057-ca5c-4622-b42d-bc56db0ae516} with path 'C:\Windows\ServiceProfiles\NetworkService\AppData\Local\Programs\Common'."
"18-08-2026 16:34:39","1002","Warning","Microsoft-Windows-KnownFolders","Error 0x80070002 occurred while verifying known folder {5cd7aee2-2219-4a67-b85d-6c9ce15660cb} with path 'C:\Windows\ServiceProfiles\NetworkService\AppData\Local\Programs'."
"18-08-2026 16:34:39","1002","Warning","Microsoft-Windows-KnownFolders","Error 0x80070003 occurred while verifying known folder {339719b5-8c47-4894-94c2-d8f77add44a6} with path 'C:\Windows\ServiceProfiles\NetworkService\OneDrive\Pictures'."
"18-08-2026 16:34:39","1002","Warning","Microsoft-Windows-KnownFolders","Error 0x80070003 occurred while verifying known folder {24d89e24-2f19-4534-9dde-6a6671fbb8fe} with path 'C:\Windows\ServiceProfiles\NetworkService\OneDrive\Documents'."
"18-08-2026 16:34:39","1002","Warning","Microsoft-Windows-KnownFolders","Error 0x80070002 occurred while verifying known folder {a52bba46-e9e1-435f-b3d9-28daa648c0f6} with path 'C:\Windows\ServiceProfiles\NetworkService\OneDrive'."
"18-08-2026 16:34:39","1002","Warning","Microsoft-Windows-KnownFolders","Error 0x80070002 occurred while verifying known folder {56784854-c6cb-462b-8169-88e350acb882} with path 'C:\Windows\ServiceProfiles\NetworkService\Contacts'."
"18-08-2026 16:34:39","1002","Warning","Microsoft-Windows-KnownFolders","Error 0x80070003 occurred while verifying known folder {9e52ab10-f80d-49df-acb8-4330f5687855} with path 'C:\Windows\ServiceProfiles\NetworkService\AppData\Local\Microsoft\Windows\Burn\Burn'."
"18-08-2026 16:34:39","1002","Warning","Microsoft-Windows-KnownFolders","Error 0x80070002 occurred while verifying known folder {724ef170-a42d-4fef-9f26-b60e846fba4f} with path 'C:\Windows\ServiceProfiles\NetworkService\AppData\Roaming\Microsoft\Windows\Start Menu\Programs\Administrative Tools'."
"18-08-2026 16:34:39","1002","Warning","Microsoft-Windows-KnownFolders","Error 0x80070002 occurred while verifying known folder {b97d20bb-f46a-4c97-ba10-5e3608430854} with path 'C:\Windows\ServiceProfiles\NetworkService\AppData\Roaming\Microsoft\Windows\Start Menu\Programs\Startup'."
"18-08-2026 16:33:53","1000","Warning","Microsoft-Windows-KnownFolders","Error 0x80070005 occurred while creating known folder {3eb685db-65f9-4cf6-a03a-e3ef65729f3d} with path 'C:\Windows\system32\config\systemprofile\AppData\Roaming'."
"18-08-2026 16:31:24","1002","Warning","Microsoft-Windows-KnownFolders","Error 0x80070002 occurred while verifying known folder {339719b5-8c47-4894-94c2-d8f77add44a6} with path 'C:\Users\arjo5004\OneDrive\Pictures'."
"18-08-2026 16:31:24","1002","Warning","Microsoft-Windows-KnownFolders","Error 0x80070002 occurred while verifying known folder {24d89e24-2f19-4534-9dde-6a6671fbb8fe} with path 'C:\Users\arjo5004\OneDrive\Documents'."
"18-08-2026 16:31:12","1002","Warning","Microsoft-Windows-KnownFolders","Error 0x80070003 occurred while verifying known folder {339719b5-8c47-4894-94c2-d8f77add44a6} with path 'C:\Windows\ServiceProfiles\LocalService\OneDrive\Pictures'."
"18-08-2026 16:31:12","1002","Warning","Microsoft-Windows-KnownFolders","Error 0x80070003 occurred while verifying known folder {24d89e24-2f19-4534-9dde-6a6671fbb8fe} with path 'C:\Windows\ServiceProfiles\LocalService\OneDrive\Documents'."
"18-08-2026 16:31:12","1002","Warning","Microsoft-Windows-KnownFolders","Error 0x80070002 occurred while verifying known folder {a52bba46-e9e1-435f-b3d9-28daa648c0f6} with path 'C:\Windows\ServiceProfiles\LocalService\OneDrive'."
"18-08-2026 16:31:12","1002","Warning","Microsoft-Windows-KnownFolders","Error 0x80070002 occurred while verifying known folder {56784854-c6cb-462b-8169-88e350acb882} with path 'C:\Windows\ServiceProfiles\LocalService\Contacts'."
"18-08-2026 16:31:12","1002","Warning","Microsoft-Windows-KnownFolders","Error 0x80070002 occurred while verifying known folder {724ef170-a42d-4fef-9f26-b60e846fba4f} with path 'C:\Windows\ServiceProfiles\LocalService\AppData\Roaming\Microsoft\Windows\Start Menu\Programs\Administrative Tools'."
"18-08-2026 16:31:12","1002","Warning","Microsoft-Windows-KnownFolders","Error 0x80070002 occurred while verifying known folder {b97d20bb-f46a-4c97-ba10-5e3608430854} with path 'C:\Windows\ServiceProfiles\LocalService\AppData\Roaming\Microsoft\Windows\Start Menu\Programs\Startup'."
"18-08-2026 16:31:04","1002","Warning","Microsoft-Windows-KnownFolders","Error 0x80070003 occurred while verifying known folder {bcbd3057-ca5c-4622-b42d-bc56db0ae516} with path 'C:\Windows\system32\config\systemprofile\AppData\Local\Programs\Common'."
"18-08-2026 16:31:04","1002","Warning","Microsoft-Windows-KnownFolders","Error 0x80070002 occurred while verifying known folder {5cd7aee2-2219-4a67-b85d-6c9ce15660cb} with path 'C:\Windows\system32\config\systemprofile\AppData\Local\Programs'."
"18-08-2026 16:31:04","1002","Warning","Microsoft-Windows-KnownFolders","Error 0x80070003 occurred while verifying known folder {339719b5-8c47-4894-94c2-d8f77add44a6} with path 'C:\Windows\system32\config\systemprofile\OneDrive\Pictures'."
"18-08-2026 16:31:04","1002","Warning","Microsoft-Windows-KnownFolders","Error 0x80070003 occurred while verifying known folder {24d89e24-2f19-4534-9dde-6a6671fbb8fe} with path 'C:\Windows\system32\config\systemprofile\OneDrive\Documents'."
"18-08-2026 16:31:04","1002","Warning","Microsoft-Windows-KnownFolders","Error 0x80070002 occurred while verifying known folder {a52bba46-e9e1-435f-b3d9-28daa648c0f6} with path 'C:\Windows\system32\config\systemprofile\OneDrive'."
"18-08-2026 16:31:04","1002","Warning","Microsoft-Windows-KnownFolders","Error 0x80070002 occurred while verifying known folder {56784854-c6cb-462b-8169-88e350acb882} with path 'C:\Windows\system32\config\systemprofile\Contacts'."
"18-08-2026 16:31:04","1002","Warning","Microsoft-Windows-KnownFolders","Error 0x80070002 occurred while verifying known folder {374de290-123f-4565-9164-39c4925e467b} with path 'C:\Windows\system32\config\systemprofile\Downloads'."
"18-08-2026 16:31:04","1002","Warning","Microsoft-Windows-KnownFolders","Error 0x80070003 occurred while verifying known folder {9e52ab10-f80d-49df-acb8-4330f5687855} with path 'C:\Windows\system32\config\systemprofile\AppData\Local\Microsoft\Windows\Burn\Burn'."
"18-08-2026 16:31:04","1002","Warning","Microsoft-Windows-KnownFolders","Error 0x80070003 occurred while verifying known folder {724ef170-a42d-4fef-9f26-b60e846fba4f} with path 'C:\Windows\system32\config\systemprofile\AppData\Roaming\Microsoft\Windows\Start Menu\Programs\Administrative Tools'."
"18-08-2026 16:31:04","1002","Warning","Microsoft-Windows-KnownFolders","Error 0x80070002 occurred while verifying known folder {33e28130-4e1e-4676-835a-98395c3bc3bb} with path 'C:\Windows\system32\config\systemprofile\Pictures'."
"18-08-2026 16:31:04","1002","Warning","Microsoft-Windows-KnownFolders","Error 0x80070003 occurred while verifying known folder {9274bd8d-cfd1-41c3-b35e-b13f55a758f4} with path 'C:\Windows\system32\config\systemprofile\AppData\Roaming\Microsoft\Windows\Printer Shortcuts'."
"18-08-2026 16:31:04","1002","Warning","Microsoft-Windows-KnownFolders","Error 0x80070003 occurred while verifying known folder {a63293e8-664e-48db-a079-df759e0509f7} with path 'C:\Windows\system32\config\systemprofile\AppData\Roaming\Microsoft\Windows\Templates'."
"18-08-2026 16:31:04","1002","Warning","Microsoft-Windows-KnownFolders","Error 0x80070003 occurred while verifying known folder {c5abbf53-e17f-4121-8900-86626fc2c973} with path 'C:\Windows\system32\config\systemprofile\AppData\Roaming\Microsoft\Windows\Network Shortcuts'."
"18-08-2026 16:31:04","1002","Warning","Microsoft-Windows-KnownFolders","Error 0x80070002 occurred while verifying known folder {b4bfcc3a-db2c-424c-b029-7fe99a87c641} with path 'C:\Windows\system32\config\systemprofile\Desktop'."
"18-08-2026 16:31:04","1002","Warning","Microsoft-Windows-KnownFolders","Error 0x80070002 occurred while verifying known folder {18989b1d-99b5-455b-841c-ab7c74e4ddfc} with path 'C:\Windows\system32\config\systemprofile\Videos'."
"18-08-2026 16:31:04","1002","Warning","Microsoft-Windows-KnownFolders","Error 0x80070002 occurred while verifying known folder {4bd8d571-6d19-48d3-be97-422220080e43} with path 'C:\Windows\system32\config\systemprofile\Music'."
"18-08-2026 16:31:04","1002","Warning","Microsoft-Windows-KnownFolders","Error 0x80070003 occurred while verifying known folder {625b53c3-ab48-4ec1-ba1f-a1ef4146fc19} with path 'C:\Windows\system32\config\systemprofile\AppData\Roaming\Microsoft\Windows\Start Menu'."
"18-08-2026 16:31:04","1002","Warning","Microsoft-Windows-KnownFolders","Error 0x80070003 occurred while verifying known folder {8983036c-27c0-404b-8f08-102d10dcfd74} with path 'C:\Windows\system32\config\systemprofile\AppData\Roaming\Microsoft\Windows\SendTo'."
"18-08-2026 16:31:04","1002","Warning","Microsoft-Windows-KnownFolders","Error 0x80070003 occurred while verifying known folder {ae50c081-ebd2-438a-8655-8a092e34987a} with path 'C:\Windows\system32\config\systemprofile\AppData\Roaming\Microsoft\Windows\Recent'."
"18-08-2026 16:31:04","1002","Warning","Microsoft-Windows-KnownFolders","Error 0x80070003 occurred while verifying known folder {b97d20bb-f46a-4c97-ba10-5e3608430854} with path 'C:\Windows\system32\config\systemprofile\AppData\Roaming\Microsoft\Windows\Start Menu\Programs\Startup'."
"18-08-2026 16:31:04","1002","Warning","Microsoft-Windows-KnownFolders","Error 0x80070002 occurred while verifying known folder {1777f761-68ad-4d8a-87bd-30b759fa33dd} with path 'C:\Windows\system32\config\systemprofile\Favorites'."
"18-08-2026 16:31:04","1002","Warning","Microsoft-Windows-KnownFolders","Error 0x80070003 occurred while verifying known folder {a77f5d77-2e2b-44c3-a6a2-aba601054a51} with path 'C:\Windows\system32\config\systemprofile\AppData\Roaming\Microsoft\Windows\Start Menu\Programs'."
"18-08-2026 15:58:15","1002","Warning","Microsoft-Windows-KnownFolders","Error 0x80070005 occurred while verifying known folder {62ab5d82-fdc1-4dc3-a9dd-070d1d495d97} with path 'C:\ProgramData'."
"18-08-2026 15:58:15","1002","Warning","Microsoft-Windows-KnownFolders","Error 0x80070005 occurred while verifying known folder {62ab5d82-fdc1-4dc3-a9dd-070d1d495d97} with path 'C:\ProgramData'."
"18-08-2026 15:44:25","1002","Warning","Microsoft-Windows-KnownFolders","Error 0x80070005 occurred while verifying known folder {62ab5d82-fdc1-4dc3-a9dd-070d1d495d97} with path 'C:\ProgramData'."
"18-08-2026 15:36:23","1002","Warning","Microsoft-Windows-KnownFolders","Error 0x80070002 occurred while verifying known folder {18989b1d-99b5-455b-841c-ab7c74e4ddfc} with path 'C:\Windows\system32\config\systemprofile\Videos'."
"18-08-2026 15:34:28","1002","Warning","Microsoft-Windows-KnownFolders","Error 0x80070003 occurred while verifying known folder {bcbd3057-ca5c-4622-b42d-bc56db0ae516} with path 'C:\Windows\ServiceProfiles\NetworkService\AppData\Local\Programs\Common'."
"18-08-2026 15:34:28","1002","Warning","Microsoft-Windows-KnownFolders","Error 0x80070002 occurred while verifying known folder {5cd7aee2-2219-4a67-b85d-6c9ce15660cb} with path 'C:\Windows\ServiceProfiles\NetworkService\AppData\Local\Programs'."
"18-08-2026 15:34:28","1002","Warning","Microsoft-Windows-KnownFolders","Error 0x80070003 occurred while verifying known folder {339719b5-8c47-4894-94c2-d8f77add44a6} with path 'C:\Windows\ServiceProfiles\NetworkService\OneDrive\Pictures'."
"18-08-2026 15:34:28","1002","Warning","Microsoft-Windows-KnownFolders","Error 0x80070003 occurred while verifying known folder {24d89e24-2f19-4534-9dde-6a6671fbb8fe} with path 'C:\Windows\ServiceProfiles\NetworkService\OneDrive\Documents'."
"18-08-2026 15:34:28","1002","Warning","Microsoft-Windows-KnownFolders","Error 0x80070002 occurred while verifying known folder {a52bba46-e9e1-435f-b3d9-28daa648c0f6} with path 'C:\Windows\ServiceProfiles\NetworkService\OneDrive'."
"18-08-2026 15:34:28","1002","Warning","Microsoft-Windows-KnownFolders","Error 0x80070002 occurred while verifying known folder {56784854-c6cb-462b-8169-88e350acb882} with path 'C:\Windows\ServiceProfiles\NetworkService\Contacts'."
"18-08-2026 15:34:28","1002","Warning","Microsoft-Windows-KnownFolders","Error 0x80070003 occurred while verifying known folder {9e52ab10-f80d-49df-acb8-4330f5687855} with path 'C:\Windows\ServiceProfiles\NetworkService\AppData\Local\Microsoft\Windows\Burn\Burn'."
"18-08-2026 15:34:28","1002","Warning","Microsoft-Windows-KnownFolders","Error 0x80070002 occurred while verifying known folder {724ef170-a42d-4fef-9f26-b60e846fba4f} with path 'C:\Windows\ServiceProfiles\NetworkService\AppData\Roaming\Microsoft\Windows\Start Menu\Programs\Administrative Tools'."
"18-08-2026 15:34:28","1002","Warning","Microsoft-Windows-KnownFolders","Error 0x80070002 occurred while verifying known folder {b97d20bb-f46a-4c97-ba10-5e3608430854} with path 'C:\Windows\ServiceProfiles\NetworkService\AppData\Roaming\Microsoft\Windows\Start Menu\Programs\Startup'."
"18-08-2026 15:34:24","1002","Warning","Microsoft-Windows-KnownFolders","Error 0x80070002 occurred while verifying known folder {b4bfcc3a-db2c-424c-b029-7fe99a87c641} with path 'C:\Windows\system32\config\systemprofile\Desktop'."
"18-08-2026 15:34:24","1002","Warning","Microsoft-Windows-KnownFolders","Error 0x80070002 occurred while verifying known folder {33e28130-4e1e-4676-835a-98395c3bc3bb} with path 'C:\Windows\system32\config\systemprofile\Pictures'."
"18-08-2026 15:31:22","1002","Warning","Microsoft-Windows-KnownFolders","Error 0x80070002 occurred while verifying known folder {339719b5-8c47-4894-94c2-d8f77add44a6} with path 'C:\Users\arjo5004\OneDrive\Pictures'."
"18-08-2026 15:31:22","1002","Warning","Microsoft-Windows-KnownFolders","Error 0x80070002 occurred while verifying known folder {24d89e24-2f19-4534-9dde-6a6671fbb8fe} with path 'C:\Users\arjo5004\OneDrive\Documents'."
"18-08-2026 15:31:09","1002","Warning","Microsoft-Windows-KnownFolders","Error 0x80070002 occurred while verifying known folder {18989b1d-99b5-455b-841c-ab7c74e4ddfc} with path 'C:\Windows\system32\config\systemprofile\Videos'."
"18-08-2026 15:31:04","1002","Warning","Microsoft-Windows-KnownFolders","Error 0x80070003 occurred while verifying known folder {bcbd3057-ca5c-4622-b42d-bc56db0ae516} with path 'C:\Windows\ServiceProfiles\LocalService\AppData\Local\Programs\Common'."
"18-08-2026 15:31:04","1002","Warning","Microsoft-Windows-KnownFolders","Error 0x80070002 occurred while verifying known folder {5cd7aee2-2219-4a67-b85d-6c9ce15660cb} with path 'C:\Windows\ServiceProfiles\LocalService\AppData\Local\Programs'."
"18-08-2026 15:31:04","1002","Warning","Microsoft-Windows-KnownFolders","Error 0x80070003 occurred while verifying known folder {339719b5-8c47-4894-94c2-d8f77add44a6} with path 'C:\Windows\ServiceProfiles\LocalService\OneDrive\Pictures'."
"18-08-2026 15:31:04","1002","Warning","Microsoft-Windows-KnownFolders","Error 0x80070003 occurred while verifying known folder {24d89e24-2f19-4534-9dde-6a6671fbb8fe} with path 'C:\Windows\ServiceProfiles\LocalService\OneDrive\Documents'."
"18-08-2026 15:31:04","1002","Warning","Microsoft-Windows-KnownFolders","Error 0x80070002 occurred while verifying known folder {a52bba46-e9e1-435f-b3d9-28daa648c0f6} with path 'C:\Windows\ServiceProfiles\LocalService\OneDrive'."
"18-08-2026 15:31:04","1002","Warning","Microsoft-Windows-KnownFolders","Error 0x80070002 occurred while verifying known folder {56784854-c6cb-462b-8169-88e350acb882} with path 'C:\Windows\ServiceProfiles\LocalService\Contacts'."
"18-08-2026 15:31:04","1002","Warning","Microsoft-Windows-KnownFolders","Error 0x80070003 occurred while verifying known folder {9e52ab10-f80d-49df-acb8-4330f5687855} with path 'C:\Windows\ServiceProfiles\LocalService\AppData\Local\Microsoft\Windows\Burn\Burn'."
"18-08-2026 15:31:04","1002","Warning","Microsoft-Windows-KnownFolders","Error 0x80070002 occurred while verifying known folder {724ef170-a42d-4fef-9f26-b60e846fba4f} with path 'C:\Windows\ServiceProfiles\LocalService\AppData\Roaming\Microsoft\Windows\Start Menu\Programs\Administrative Tools'."
"18-08-2026 15:31:04","1002","Warning","Microsoft-Windows-KnownFolders","Error 0x80070002 occurred while verifying known folder {b97d20bb-f46a-4c97-ba10-5e3608430854} with path 'C:\Windows\ServiceProfiles\LocalService\AppData\Roaming\Microsoft\Windows\Start Menu\Programs\Startup'."
"18-08-2026 15:31:04","1002","Warning","Microsoft-Windows-KnownFolders","Error 0x80070003 occurred while verifying known folder {bcbd3057-ca5c-4622-b42d-bc56db0ae516} with path 'C:\Windows\system32\config\systemprofile\AppData\Local\Programs\Common'."
"18-08-2026 15:31:04","1002","Warning","Microsoft-Windows-KnownFolders","Error 0x80070002 occurred while verifying known folder {5cd7aee2-2219-4a67-b85d-6c9ce15660cb} with path 'C:\Windows\system32\config\systemprofile\AppData\Local\Programs'."
"18-08-2026 15:31:04","1002","Warning","Microsoft-Windows-KnownFolders","Error 0x80070003 occurred while verifying known folder {339719b5-8c47-4894-94c2-d8f77add44a6} with path 'C:\Windows\system32\config\systemprofile\OneDrive\Pictures'."
"18-08-2026 15:31:04","1002","Warning","Microsoft-Windows-KnownFolders","Error 0x80070003 occurred while verifying known folder {24d89e24-2f19-4534-9dde-6a6671fbb8fe} with path 'C:\Windows\system32\config\systemprofile\OneDrive\Documents'."
"18-08-2026 15:31:04","1002","Warning","Microsoft-Windows-KnownFolders","Error 0x80070002 occurred while verifying known folder {a52bba46-e9e1-435f-b3d9-28daa648c0f6} with path 'C:\Windows\system32\config\systemprofile\OneDrive'."
"18-08-2026 15:31:04","1002","Warning","Microsoft-Windows-KnownFolders","Error 0x80070002 occurred while verifying known folder {56784854-c6cb-462b-8169-88e350acb882} with path 'C:\Windows\system32\config\systemprofile\Contacts'."
"18-08-2026 15:31:04","1002","Warning","Microsoft-Windows-KnownFolders","Error 0x80070002 occurred while verifying known folder {374de290-123f-4565-9164-39c4925e467b} with path 'C:\Windows\system32\config\systemprofile\Downloads'."
"18-08-2026 15:31:04","1002","Warning","Microsoft-Windows-KnownFolders","Error 0x80070003 occurred while verifying known folder {9e52ab10-f80d-49df-acb8-4330f5687855} with path 'C:\Windows\system32\config\systemprofile\AppData\Local\Microsoft\Windows\Burn\Burn'."
"18-08-2026 15:31:04","1002","Warning","Microsoft-Windows-KnownFolders","Error 0x80070003 occurred while verifying known folder {724ef170-a42d-4fef-9f26-b60e846fba4f} with path 'C:\Windows\system32\config\systemprofile\AppData\Roaming\Microsoft\Windows\Start Menu\Programs\Administrative Tools'."
"18-08-2026 15:31:04","1002","Warning","Microsoft-Windows-KnownFolders","Error 0x80070002 occurred while verifying known folder {33e28130-4e1e-4676-835a-98395c3bc3bb} with path 'C:\Windows\system32\config\systemprofile\Pictures'."
"18-08-2026 15:31:04","1002","Warning","Microsoft-Windows-KnownFolders","Error 0x80070003 occurred while verifying known folder {9274bd8d-cfd1-41c3-b35e-b13f55a758f4} with path 'C:\Windows\system32\config\systemprofile\AppData\Roaming\Microsoft\Windows\Printer Shortcuts'."
"18-08-2026 15:31:04","1002","Warning","Microsoft-Windows-KnownFolders","Error 0x80070003 occurred while verifying known folder {a63293e8-664e-48db-a079-df759e0509f7} with path 'C:\Windows\system32\config\systemprofile\AppData\Roaming\Microsoft\Windows\Templates'."
"18-08-2026 15:31:04","1002","Warning","Microsoft-Windows-KnownFolders","Error 0x80070003 occurred while verifying known folder {c5abbf53-e17f-4121-8900-86626fc2c973} with path 'C:\Windows\system32\config\systemprofile\AppData\Roaming\Microsoft\Windows\Network Shortcuts'."
"18-08-2026 15:31:04","1002","Warning","Microsoft-Windows-KnownFolders","Error 0x80070002 occurred while verifying known folder {b4bfcc3a-db2c-424c-b029-7fe99a87c641} with path 'C:\Windows\system32\config\systemprofile\Desktop'."
"18-08-2026 15:31:04","1002","Warning","Microsoft-Windows-KnownFolders","Error 0x80070002 occurred while verifying known folder {18989b1d-99b5-455b-841c-ab7c74e4ddfc} with path 'C:\Windows\system32\config\systemprofile\Videos'."
"18-08-2026 15:31:04","1002","Warning","Microsoft-Windows-KnownFolders","Error 0x80070002 occurred while verifying known folder {4bd8d571-6d19-48d3-be97-422220080e43} with path 'C:\Windows\system32\config\systemprofile\Music'."
"18-08-2026 15:31:04","1002","Warning","Microsoft-Windows-KnownFolders","Error 0x80070003 occurred while verifying known folder {625b53c3-ab48-4ec1-ba1f-a1ef4146fc19} with path 'C:\Windows\system32\config\systemprofile\AppData\Roaming\Microsoft\Windows\Start Menu'."
"18-08-2026 15:31:04","1002","Warning","Microsoft-Windows-KnownFolders","Error 0x80070003 occurred while verifying known folder {8983036c-27c0-404b-8f08-102d10dcfd74} with path 'C:\Windows\system32\config\systemprofile\AppData\Roaming\Microsoft\Windows\SendTo'."
"18-08-2026 15:31:04","1002","Warning","Microsoft-Windows-KnownFolders","Error 0x80070003 occurred while verifying known folder {ae50c081-ebd2-438a-8655-8a092e34987a} with path 'C:\Windows\system32\config\systemprofile\AppData\Roaming\Microsoft\Windows\Recent'."
"18-08-2026 15:31:04","1002","Warning","Microsoft-Windows-KnownFolders","Error 0x80070003 occurred while verifying known folder {b97d20bb-f46a-4c97-ba10-5e3608430854} with path 'C:\Windows\system32\config\systemprofile\AppData\Roaming\Microsoft\Windows\Start Menu\Programs\Startup'."
"18-08-2026 15:31:04","1002","Warning","Microsoft-Windows-KnownFolders","Error 0x80070002 occurred while verifying known folder {1777f761-68ad-4d8a-87bd-30b759fa33dd} with path 'C:\Windows\system32\config\systemprofile\Favorites'."
"18-08-2026 15:31:04","1002","Warning","Microsoft-Windows-KnownFolders","Error 0x80070003 occurred while verifying known folder {a77f5d77-2e2b-44c3-a6a2-aba601054a51} with path 'C:\Windows\system32\config\systemprofile\AppData\Roaming\Microsoft\Windows\Start Menu\Programs'."
"18-08-2026 15:29:33","1002","Warning","Microsoft-Windows-KnownFolders","Error 0x80070002 occurred while verifying known folder {18989b1d-99b5-455b-841c-ab7c74e4ddfc} with path 'C:\Windows\system32\config\systemprofile\Videos'."
"18-08-2026 15:06:47","1002","Warning","Microsoft-Windows-KnownFolders","Error 0x80070002 occurred while verifying known folder {18989b1d-99b5-455b-841c-ab7c74e4ddfc} with path 'C:\Windows\system32\config\systemprofile\Videos'."
"18-08-2026 14:45:53","1002","Warning","Microsoft-Windows-KnownFolders","Error 0x80070005 occurred while verifying known folder {62ab5d82-fdc1-4dc3-a9dd-070d1d495d97} with path 'C:\ProgramData'."
"18-08-2026 14:44:26","1002","Warning","Microsoft-Windows-KnownFolders","Error 0x80070002 occurred while verifying known folder {c1bae2d0-10df-4334-bedd-7aa20b227a9d} with path 'C:\ProgramData\OEM Links'."
"18-08-2026 14:44:26","1002","Warning","Microsoft-Windows-KnownFolders","Error 0x80070002 occurred while verifying known folder {a440879f-87a0-4f7d-b700-0207b966194a} with path 'C:\ProgramData\Microsoft\Windows\Start Menu Places'."
"18-08-2026 14:44:26","1002","Warning","Microsoft-Windows-KnownFolders","Error 0x80070002 occurred while verifying known folder {12d4c69e-24ad-4923-be19-31321c43a767} with path 'C:\ProgramData\Microsoft\Windows\RetailDemo'."
"18-08-2026 14:44:26","1002","Warning","Microsoft-Windows-KnownFolders","Error 0x80070002 occurred while verifying known folder {859ead94-2e85-48ad-a71a-0969cb56a6cd} with path 'C:\Users\Public\Videos\Sample Videos'."
"18-08-2026 14:44:26","1002","Warning","Microsoft-Windows-KnownFolders","Error 0x80070002 occurred while verifying known folder {b250c668-f57d-4ee1-a63c-290ee7d1aa1f} with path 'C:\Users\Public\Music\Sample Music'."
"18-08-2026 14:44:26","1002","Warning","Microsoft-Windows-KnownFolders","Error 0x80070002 occurred while verifying known folder {2a00375e-224c-49de-b8d1-440df7ef3ddc} with path 'C:\Windows\resources\0409'."
"18-08-2026 14:44:26","1002","Warning","Microsoft-Windows-KnownFolders","Error 0x80070002 occurred while verifying known folder {c4900540-2379-4c75-844b-64e6faf8716b} with path 'C:\Users\Public\Pictures\Sample Pictures'."
"18-08-2026 14:44:26","1002","Warning","Microsoft-Windows-KnownFolders","Error 0x80070002 occurred while verifying known folder {c1bae2d0-10df-4334-bedd-7aa20b227a9d} with path 'C:\ProgramData\OEM Links'."
"18-08-2026 14:44:26","1002","Warning","Microsoft-Windows-KnownFolders","Error 0x80070002 occurred while verifying known folder {a440879f-87a0-4f7d-b700-0207b966194a} with path 'C:\ProgramData\Microsoft\Windows\Start Menu Places'."
"18-08-2026 14:44:26","1002","Warning","Microsoft-Windows-KnownFolders","Error 0x80070002 occurred while verifying known folder {12d4c69e-24ad-4923-be19-31321c43a767} with path 'C:\ProgramData\Microsoft\Windows\RetailDemo'."
"18-08-2026 14:44:26","1002","Warning","Microsoft-Windows-KnownFolders","Error 0x80070002 occurred while verifying known folder {859ead94-2e85-48ad-a71a-0969cb56a6cd} with path 'C:\Users\Public\Videos\Sample Videos'."
"18-08-2026 14:44:26","1002","Warning","Microsoft-Windows-KnownFolders","Error 0x80070002 occurred while verifying known folder {b250c668-f57d-4ee1-a63c-290ee7d1aa1f} with path 'C:\Users\Public\Music\Sample Music'."
