"02-06-2026 23:58:48","410","Information","Microsoft-Windows-Kernel-PnP","Device HID\VID_046D&PID_C534&MI_01&Col03\7&e77a003&0&0002 was started.

Driver Name: input.inf
Class GUID: {745a17a0-74d3-11d0-b6fe-00a0c90f57da}
Service: 
Lower Filters: 
Upper Filters: "
"02-06-2026 23:58:48","410","Information","Microsoft-Windows-Kernel-PnP","Device HID\VID_046D&PID_C534&MI_01&Col02\7&e77a003&0&0001 was started.

Driver Name: hidserv.inf
Class GUID: {745a17a0-74d3-11d0-b6fe-00a0c90f57da}
Service: 
Lower Filters: 
Upper Filters: "
"02-06-2026 23:58:48","400","Information","Microsoft-Windows-Kernel-PnP","Device HID\VID_046D&PID_C534&MI_01&Col05\7&e77a003&0&0004 was configured.

Driver Name: input.inf
Driver Package ID: input.inf_amd64_b70b241e639b0256
Class GUID: {745a17a0-74d3-11d0-b6fe-00a0c90f57da}
Driver Date: 06/21/2006
Driver Version: 10.0.26100.8115
Driver Provider: Microsoft
Driver Section: HID_Raw_Inst.NT
Driver Rank: 0xFF1004
Matching Device ID: HID_DEVICE_UPR:FF00-FFFF
Outranked Drivers: input.inf:HID_DEVICE:00FF1005
Device Updated: false
Parent Device: USB\VID_046D&PID_C534&MI_01\6&20a717c4&0&0001"
"02-06-2026 23:58:48","400","Information","Microsoft-Windows-Kernel-PnP","Device HID\VID_046D&PID_C534&MI_01&Col04\7&e77a003&0&0003 was configured.

Driver Name: input.inf
Driver Package ID: input.inf_amd64_b70b241e639b0256
Class GUID: {745a17a0-74d3-11d0-b6fe-00a0c90f57da}
Driver Date: 06/21/2006
Driver Version: 10.0.26100.8115
Driver Provider: Microsoft
Driver Section: HID_Raw_Inst.NT
Driver Rank: 0xFF1004
Matching Device ID: HID_DEVICE_UPR:FF00-FFFF
Outranked Drivers: input.inf:HID_DEVICE:00FF1005
Device Updated: false
Parent Device: USB\VID_046D&PID_C534&MI_01\6&20a717c4&0&0001"
"02-06-2026 23:58:48","400","Information","Microsoft-Windows-Kernel-PnP","Device HID\VID_046D&PID_C534&MI_01&Col03\7&e77a003&0&0002 was configured.

Driver Name: input.inf
Driver Package ID: input.inf_amd64_b70b241e639b0256
Class GUID: {745a17a0-74d3-11d0-b6fe-00a0c90f57da}
Driver Date: 06/21/2006
Driver Version: 10.0.26100.8115
Driver Provider: Microsoft
Driver Section: HID_Raw_Inst.NT
Driver Rank: 0xFF1004
Matching Device ID: HID_DEVICE_UP:0001_U:0080
Outranked Drivers: input.inf:HID_DEVICE:00FF1005
Device Updated: false
Parent Device: USB\VID_046D&PID_C534&MI_01\6&20a717c4&0&0001"
"02-06-2026 23:58:48","400","Information","Microsoft-Windows-Kernel-PnP","Device HID\VID_046D&PID_C534&MI_01&Col02\7&e77a003&0&0001 was configured.

Driver Name: hidserv.inf
Driver Package ID: hidserv.inf_amd64_3111b4bfb553788d
Class GUID: {745a17a0-74d3-11d0-b6fe-00a0c90f57da}
Driver Date: 06/21/2006
Driver Version: 10.0.26100.1
Driver Provider: Microsoft
Driver Section: HIDSystemConsumerDevice
Driver Rank: 0xFF0004
Matching Device ID: HID_DEVICE_UP:000C_U:0001
Outranked Drivers: input.inf:HID_DEVICE:00FF1005
Device Updated: false
Parent Device: USB\VID_046D&PID_C534&MI_01\6&20a717c4&0&0001"
"02-06-2026 23:58:48","400","Information","Microsoft-Windows-Kernel-PnP","Device HID\VID_046D&PID_C534&MI_01&Col01\7&e77a003&0&0000 was configured.

Driver Name: msmouse.inf
Driver Package ID: msmouse.inf_amd64_097bbd709f0c4972
Class GUID: {4d36e96f-e325-11ce-bfc1-08002be10318}
Driver Date: 06/21/2006
Driver Version: 10.0.26100.1150
Driver Provider: Microsoft
Driver Section: HID_Mouse_Inst.NT
Driver Rank: 0xFF1003
Matching Device ID: HID_DEVICE_SYSTEM_MOUSE
Outranked Drivers: input.inf:HID_DEVICE:00FF1005
Device Updated: false
Parent Device: USB\VID_046D&PID_C534&MI_01\6&20a717c4&0&0001"
"02-06-2026 23:58:48","410","Information","Microsoft-Windows-Kernel-PnP","Device USB\VID_046D&PID_C534&MI_01\6&20a717c4&0&0001 was started.

Driver Name: input.inf
Class GUID: {745a17a0-74d3-11d0-b6fe-00a0c90f57da}
Service: HidUsb
Lower Filters: 
Upper Filters: "
"02-06-2026 23:58:48","400","Information","Microsoft-Windows-Kernel-PnP","Device HID\VID_046D&PID_C534&MI_00\7&324eddc5&0&0000 was configured.

Driver Name: keyboard.inf
Driver Package ID: keyboard.inf_amd64_c56788078819b951
Class GUID: {4d36e96b-e325-11ce-bfc1-08002be10318}
Driver Date: 06/21/2006
Driver Version: 10.0.26100.1882
Driver Provider: Microsoft
Driver Section: HID_Keyboard_Inst.NT
Driver Rank: 0xFF1003
Matching Device ID: HID_DEVICE_SYSTEM_KEYBOARD
Outranked Drivers: input.inf:HID_DEVICE:00FF1005
Device Updated: false
Parent Device: USB\VID_046D&PID_C534&MI_00\6&20a717c4&0&0000"
"02-06-2026 23:58:48","410","Information","Microsoft-Windows-Kernel-PnP","Device USB\VID_046D&PID_C534&MI_00\6&20a717c4&0&0000 was started.

Driver Name: input.inf
Class GUID: {745a17a0-74d3-11d0-b6fe-00a0c90f57da}
Service: HidUsb
Lower Filters: 
Upper Filters: "
"02-06-2026 23:58:48","400","Information","Microsoft-Windows-Kernel-PnP","Device USB\VID_046D&PID_C534&MI_01\6&20a717c4&0&0001 was configured.

Driver Name: input.inf
Driver Package ID: input.inf_amd64_b70b241e639b0256
Class GUID: {745a17a0-74d3-11d0-b6fe-00a0c90f57da}
Driver Date: 06/21/2006
Driver Version: 10.0.26100.8115
Driver Provider: Microsoft
Driver Section: HID_Inst.NT
Driver Rank: 0xFF3104
Matching Device ID: USB\Class_03&SubClass_01
Outranked Drivers: input.inf:USB\Class_03:00FF3205
Device Updated: false
Parent Device: USB\VID_046D&PID_C534\5&2dc84fba&0&7"
"02-06-2026 23:58:48","400","Information","Microsoft-Windows-Kernel-PnP","Device USB\VID_046D&PID_C534&MI_00\6&20a717c4&0&0000 was configured.

Driver Name: input.inf
Driver Package ID: input.inf_amd64_b70b241e639b0256
Class GUID: {745a17a0-74d3-11d0-b6fe-00a0c90f57da}
Driver Date: 06/21/2006
Driver Version: 10.0.26100.8115
Driver Provider: Microsoft
Driver Section: HID_Inst.NT
Driver Rank: 0xFF3104
Matching Device ID: USB\Class_03&SubClass_01
Outranked Drivers: input.inf:USB\Class_03:00FF3205
Device Updated: false
Parent Device: USB\VID_046D&PID_C534\5&2dc84fba&0&7"
"02-06-2026 23:58:48","410","Information","Microsoft-Windows-Kernel-PnP","Device USB\VID_046D&PID_C534\5&2dc84fba&0&7 was started.

Driver Name: usb.inf
Class GUID: {36fc9e60-c465-11cf-8056-444553540000}
Service: usbccgp
Lower Filters: 
Upper Filters: "
"02-06-2026 23:58:44","400","Information","Microsoft-Windows-Kernel-PnP","Device USB\VID_046D&PID_C534\5&2dc84fba&0&7 was configured.

Driver Name: usb.inf
Driver Package ID: usb.inf_amd64_ca05aed6371fe9f7
Class GUID: {36fc9e60-c465-11cf-8056-444553540000}
Driver Date: 06/21/2006
Driver Version: 10.0.26100.8115
Driver Provider: Microsoft
Driver Section: Composite.Dev.NT
Driver Rank: 0xFF2006
Matching Device ID: USB\COMPOSITE
Outranked Drivers: 
Device Updated: false
Parent Device: USB\ROOT_HUB30\4&2169287b&0&0"
"02-06-2026 12:16:43","410","Information","Microsoft-Windows-Kernel-PnP","Device SWD\MMDEVAPI\{0.0.0.00000000}.{d9730b53-de8f-416a-85f6-57ebf60c3b82} was started.

Driver Name: audioendpoint.inf
Class GUID: {c166523c-fe0c-4a94-a586-f1a80cfbbf3e}
Service: 
Lower Filters: 
Upper Filters: "
"02-06-2026 12:16:43","400","Information","Microsoft-Windows-Kernel-PnP","Device SWD\MMDEVAPI\{0.0.0.00000000}.{d9730b53-de8f-416a-85f6-57ebf60c3b82} was configured.

Driver Name: audioendpoint.inf
Driver Package ID: audioendpoint.inf_amd64_271c4d03bad18da8
Class GUID: {c166523c-fe0c-4a94-a586-f1a80cfbbf3e}
Driver Date: 03/31/2024
Driver Version: 10.0.26100.1
Driver Provider: Microsoft
Driver Section: NO_DRV
Driver Rank: 0xFF0000
Matching Device ID: MMDEVAPI\AudioEndpoints
Outranked Drivers: c_swdevice.inf:SWD\GenericRaw:00FF3001
Device Updated: false
Parent Device: HDAUDIO\SUBFUNC_01&VEN_8086&DEV_281D&NID_0001&SUBSYS_00000000&REV_1000\6&2d9a5e4c&0&0002&00000029"
"02-06-2026 12:16:42","410","Information","Microsoft-Windows-Kernel-PnP","Device HDAUDIO\SUBFUNC_01&VEN_8086&DEV_281D&NID_0001&SUBSYS_00000000&REV_1000\6&2d9a5e4c&0&0002&00000029 was started.

Driver Name: oem484.inf
Class GUID: {4d36e96c-e325-11ce-bfc1-08002be10318}
Service: 
Lower Filters: 
Upper Filters: "
"02-06-2026 12:16:42","400","Information","Microsoft-Windows-Kernel-PnP","Device HDAUDIO\SUBFUNC_01&VEN_8086&DEV_281D&NID_0001&SUBSYS_00000000&REV_1000\6&2d9a5e4c&0&0002&00000029 was configured.

Driver Name: oem484.inf
Driver Package ID: mshdadac.inf_amd64_f90ac2a0d84df747
Class GUID: {4d36e96c-e325-11ce-bfc1-08002be10318}
Driver Date: 01/30/2026
Driver Version: 32.0.101.8508
Driver Provider: Intel Corporation
Driver Section: Audio_Child_Device_Wrapper.NT
Driver Rank: 0xFF3008
Matching Device ID: HDAUDIO\SUBFUNC_01&VEN_8086&DEV_281D
Outranked Drivers: oem27.inf:HDAUDIO\SUBFUNC_01&VEN_8086&DEV_281D:00FF3008
Device Updated: false
Parent Device: INTELAUDIO\SGPC_FUNC_01&VEN_8086&DEV_281D&SUBSYS_80860101&REV_1000\5&32640736&0&0201DIF_000B&UIF_0000"
"02-06-2026 12:16:41","410","Information","Microsoft-Windows-Kernel-PnP","Device DISPLAY\DELA1B9\4&20b8d095&0&UID24648 was started.

Driver Name: oem462.inf
Class GUID: {4d36e96e-e325-11ce-bfc1-08002be10318}
Service: monitor
Lower Filters: 
Upper Filters: "
"02-06-2026 12:16:41","400","Information","Microsoft-Windows-Kernel-PnP","Device DISPLAY\DELA1B9\4&20b8d095&0&UID24648 was configured.

Driver Name: oem462.inf
Driver Package ID: u2422he.inf_amd64_977e0d0232dac0e1
Class GUID: {4d36e96e-e325-11ce-bfc1-08002be10318}
Driver Date: 10/02/2020
Driver Version: 1.0.0.0
Driver Provider: Dell Inc.
Driver Section: U2422HE_USB_TypeC.Install
Driver Rank: 0xFF0000
Matching Device ID: MONITOR\DELA1B9
Outranked Drivers: monitor.inf:*PNP09FF:00FF2000
Device Updated: false
Parent Device: PCI\VEN_8086&DEV_7D41&SUBSYS_0CE81028&REV_00\3&11583659&0&10"
"02-06-2026 12:16:39","410","Information","Microsoft-Windows-Kernel-PnP","Device USB\VID_0424&PID_7240\7&25713747&0&4 was started.

Driver Name: winusb.inf
Class GUID: {88bae032-5a81-49f0-bc3d-a4ff138216d6}
Service: WINUSB
Lower Filters: 
Upper Filters: "
"02-06-2026 12:16:39","400","Information","Microsoft-Windows-Kernel-PnP","Device USB\VID_0424&PID_7240\7&25713747&0&4 was configured.

Driver Name: winusb.inf
Driver Package ID: winusb.inf_amd64_e3d2ed0c43a36b9a
Class GUID: {88bae032-5a81-49f0-bc3d-a4ff138216d6}
Driver Date: 06/21/2006
Driver Version: 10.0.26100.1150
Driver Provider: Microsoft
Driver Section: WINUSB.NT
Driver Rank: 0xFF2000
Matching Device ID: USB\MS_COMP_WINUSB
Outranked Drivers: 
Device Updated: false
Parent Device: USB\VID_0424&PID_4216\6&3a827133&0&4"
"02-06-2026 12:16:39","410","Information","Microsoft-Windows-Kernel-PnP","Device USB\VID_0424&PID_7216\6&1c6daa9c&0&4 was started.

Driver Name: usbhub3.inf
Class GUID: {36fc9e60-c465-11cf-8056-444553540000}
Service: USBHUB3
Lower Filters: 
Upper Filters: "
"02-06-2026 12:16:39","400","Information","Microsoft-Windows-Kernel-PnP","Device USB\VID_0424&PID_7216\6&1c6daa9c&0&4 was configured.

Driver Name: usbhub3.inf
Driver Package ID: usbhub3.inf_amd64_df35544dedc4d060
Class GUID: {36fc9e60-c465-11cf-8056-444553540000}
Driver Date: 03/20/2026
Driver Version: 10.0.26100.8115
Driver Provider: Microsoft
Driver Section: Generic.Install.NT
Driver Rank: 0x802000
Matching Device ID: USB\USB30_HUB
Outranked Drivers: 
Device Updated: false
Parent Device: USB\VID_0424&PID_7206\5&266331bc&0&5"
"02-06-2026 12:16:39","410","Information","Microsoft-Windows-Kernel-PnP","Device USB\VID_0424&PID_7206\5&266331bc&0&5 was started.

Driver Name: usbhub3.inf
Class GUID: {36fc9e60-c465-11cf-8056-444553540000}
Service: USBHUB3
Lower Filters: 
Upper Filters: "
"02-06-2026 12:16:39","400","Information","Microsoft-Windows-Kernel-PnP","Device USB\VID_0424&PID_7206\5&266331bc&0&5 was configured.

Driver Name: usbhub3.inf
Driver Package ID: usbhub3.inf_amd64_df35544dedc4d060
Class GUID: {36fc9e60-c465-11cf-8056-444553540000}
Driver Date: 03/20/2026
Driver Version: 10.0.26100.8115
Driver Provider: Microsoft
Driver Section: Generic.Install.NT
Driver Rank: 0x802000
Matching Device ID: USB\USB30_HUB
Outranked Drivers: 
Device Updated: false
Parent Device: USB\ROOT_HUB30\4&2855494a&0&0"
"02-06-2026 12:16:39","410","Information","Microsoft-Windows-Kernel-PnP","Device HID\VID_0424&PID_7260&MI_01\8&1f985819&0&0000 was started.

Driver Name: input.inf
Class GUID: {745a17a0-74d3-11d0-b6fe-00a0c90f57da}
Service: 
Lower Filters: 
Upper Filters: "
"02-06-2026 12:16:39","410","Information","Microsoft-Windows-Kernel-PnP","Device USB\VID_0424&PID_7260&MI_00\7&2e6901d8&0&0000 was started.

Driver Name: winusb.inf
Class GUID: {88bae032-5a81-49f0-bc3d-a4ff138216d6}
Service: WINUSB
Lower Filters: 
Upper Filters: "
"02-06-2026 12:16:39","400","Information","Microsoft-Windows-Kernel-PnP","Device HID\VID_0424&PID_7260&MI_01\8&1f985819&0&0000 was configured.

Driver Name: input.inf
Driver Package ID: input.inf_amd64_b70b241e639b0256
Class GUID: {745a17a0-74d3-11d0-b6fe-00a0c90f57da}
Driver Date: 06/21/2006
Driver Version: 10.0.26100.8115
Driver Provider: Microsoft
Driver Section: HID_Raw_Inst.NT
Driver Rank: 0xFF1004
Matching Device ID: HID_DEVICE
Outranked Drivers: 
Device Updated: false
Parent Device: USB\VID_0424&PID_7260&MI_01\7&2e6901d8&0&0001"
"02-06-2026 12:16:39","410","Information","Microsoft-Windows-Kernel-PnP","Device USB\VID_0424&PID_7260&MI_01\7&2e6901d8&0&0001 was started.

Driver Name: input.inf
Class GUID: {745a17a0-74d3-11d0-b6fe-00a0c90f57da}
Service: HidUsb
Lower Filters: 
Upper Filters: "
"02-06-2026 12:16:39","410","Information","Microsoft-Windows-Kernel-PnP","Device USB\VID_0424&PID_4216\6&3a827133&0&4 was started.

Driver Name: usbhub3.inf
Class GUID: {36fc9e60-c465-11cf-8056-444553540000}
Service: USBHUB3
Lower Filters: 
Upper Filters: "
"02-06-2026 12:16:39","400","Information","Microsoft-Windows-Kernel-PnP","Device USB\VID_0424&PID_7260&MI_01\7&2e6901d8&0&0001 was configured.

Driver Name: input.inf
Driver Package ID: input.inf_amd64_b70b241e639b0256
Class GUID: {745a17a0-74d3-11d0-b6fe-00a0c90f57da}
Driver Date: 06/21/2006
Driver Version: 10.0.26100.8115
Driver Provider: Microsoft
Driver Section: HID_Inst.NT
Driver Rank: 0xFF3205
Matching Device ID: USB\Class_03
Outranked Drivers: 
Device Updated: false
Parent Device: USB\VID_0424&PID_7260\6&3a827133&0&5"
"02-06-2026 12:16:39","400","Information","Microsoft-Windows-Kernel-PnP","Device USB\VID_0424&PID_7260&MI_00\7&2e6901d8&0&0000 was configured.

Driver Name: winusb.inf
Driver Package ID: winusb.inf_amd64_e3d2ed0c43a36b9a
Class GUID: {88bae032-5a81-49f0-bc3d-a4ff138216d6}
Driver Date: 06/21/2006
Driver Version: 10.0.26100.1150
Driver Provider: Microsoft
Driver Section: WINUSB.NT
Driver Rank: 0xFF2000
Matching Device ID: USB\MS_COMP_WINUSB
Outranked Drivers: 
Device Updated: false
Parent Device: USB\VID_0424&PID_7260\6&3a827133&0&5"
"02-06-2026 12:16:39","410","Information","Microsoft-Windows-Kernel-PnP","Device USB\VID_0424&PID_7260\6&3a827133&0&5 was started.

Driver Name: usb.inf
Class GUID: {36fc9e60-c465-11cf-8056-444553540000}
Service: usbccgp
Lower Filters: 
Upper Filters: "
"02-06-2026 12:16:38","400","Information","Microsoft-Windows-Kernel-PnP","Device USB\VID_0424&PID_7260\6&3a827133&0&5 was configured.

Driver Name: usb.inf
Driver Package ID: usb.inf_amd64_ca05aed6371fe9f7
Class GUID: {36fc9e60-c465-11cf-8056-444553540000}
Driver Date: 06/21/2006
Driver Version: 10.0.26100.8115
Driver Provider: Microsoft
Driver Section: Composite.Dev.NT
Driver Rank: 0xFF2006
Matching Device ID: USB\COMPOSITE
Outranked Drivers: 
Device Updated: false
Parent Device: USB\VID_0424&PID_4206\5&2dc84fba&0&2"
"02-06-2026 12:16:37","400","Information","Microsoft-Windows-Kernel-PnP","Device USB\VID_0424&PID_4216\6&3a827133&0&4 was configured.

Driver Name: usbhub3.inf
Driver Package ID: usbhub3.inf_amd64_df35544dedc4d060
Class GUID: {36fc9e60-c465-11cf-8056-444553540000}
Driver Date: 03/20/2026
Driver Version: 10.0.26100.8115
Driver Provider: Microsoft
Driver Section: Generic.Install.NT
Driver Rank: 0x802000
Matching Device ID: USB\USB20_HUB
Outranked Drivers: 
Device Updated: false
Parent Device: USB\VID_0424&PID_4206\5&2dc84fba&0&2"
"02-06-2026 12:16:37","410","Information","Microsoft-Windows-Kernel-PnP","Device USB\VID_0424&PID_4206\5&2dc84fba&0&2 was started.

Driver Name: usbhub3.inf
Class GUID: {36fc9e60-c465-11cf-8056-444553540000}
Service: USBHUB3
Lower Filters: 
Upper Filters: "
"02-06-2026 12:16:37","400","Information","Microsoft-Windows-Kernel-PnP","Device USB\VID_0424&PID_4206\5&2dc84fba&0&2 was configured.

Driver Name: usbhub3.inf
Driver Package ID: usbhub3.inf_amd64_df35544dedc4d060
Class GUID: {36fc9e60-c465-11cf-8056-444553540000}
Driver Date: 03/20/2026
Driver Version: 10.0.26100.8115
Driver Provider: Microsoft
Driver Section: Generic.Install.NT
Driver Rank: 0x802000
Matching Device ID: USB\USB20_HUB
Outranked Drivers: 
Device Updated: false
Parent Device: USB\ROOT_HUB30\4&2169287b&0&0"
"02-06-2026 12:16:03","430","Information","Microsoft-Windows-Kernel-PnP","Device USB\VID_0E8D&PID_0003\5&2dc84fba&0&1 requires further installation."
"01-06-2026 11:14:45","410","Information","Microsoft-Windows-Kernel-PnP","Device HID\VID_248D&PID_8003\7&49d9a0d&0&0000 was started.

Driver Name: keyboard.inf
Class GUID: {4d36e96b-e325-11ce-bfc1-08002be10318}
Service: kbdhid
Lower Filters: 
Upper Filters: "
"01-06-2026 11:14:45","400","Information","Microsoft-Windows-Kernel-PnP","Device HID\VID_248D&PID_8003\7&49d9a0d&0&0000 was configured.

Driver Name: keyboard.inf
Driver Package ID: keyboard.inf_amd64_c56788078819b951
Class GUID: {4d36e96b-e325-11ce-bfc1-08002be10318}
Driver Date: 06/21/2006
Driver Version: 10.0.26100.1882
Driver Provider: Microsoft
Driver Section: HID_Keyboard_Inst.NT
Driver Rank: 0xFF1003
Matching Device ID: HID_DEVICE_SYSTEM_KEYBOARD
Outranked Drivers: input.inf:HID_DEVICE:00FF1005
Device Updated: false
Parent Device: USB\VID_248D&PID_8003\6&6a9522f&0&3"
"01-06-2026 11:14:45","410","Information","Microsoft-Windows-Kernel-PnP","Device USB\VID_248D&PID_8003\6&6a9522f&0&3 was started.

Driver Name: input.inf
Class GUID: {745a17a0-74d3-11d0-b6fe-00a0c90f57da}
Service: HidUsb
Lower Filters: 
Upper Filters: "
"01-06-2026 11:14:45","400","Information","Microsoft-Windows-Kernel-PnP","Device USB\VID_248D&PID_8003\6&6a9522f&0&3 was configured.

Driver Name: input.inf
Driver Package ID: input.inf_amd64_b70b241e639b0256
Class GUID: {745a17a0-74d3-11d0-b6fe-00a0c90f57da}
Driver Date: 06/21/2006
Driver Version: 10.0.26100.8115
Driver Provider: Microsoft
Driver Section: HID_Inst.NT
Driver Rank: 0xFF3104
Matching Device ID: USB\Class_03&SubClass_01
Outranked Drivers: input.inf:USB\Class_03:00FF3205
Device Updated: false
Parent Device: USB\VID_1D5C&PID_5510\5&2dc84fba&0&2"
"01-06-2026 09:53:37","430","Information","Microsoft-Windows-Kernel-PnP","Device USB\VID_0E8D&PID_0003\6&6a9522f&0&2 requires further installation."
"31-05-2026 18:14:17","410","Information","Microsoft-Windows-Kernel-PnP","Device DISPLAY\HWP3183\4&20b8d095&0&UID4145 was started.

Driver Name: monitor.inf
Class GUID: {4d36e96e-e325-11ce-bfc1-08002be10318}
Service: monitor
Lower Filters: 
Upper Filters: "
"31-05-2026 18:14:17","400","Information","Microsoft-Windows-Kernel-PnP","Device DISPLAY\HWP3183\4&20b8d095&0&UID4145 was configured.

Driver Name: monitor.inf
Driver Package ID: monitor.inf_amd64_f34c845bb3958726
Class GUID: {4d36e96e-e325-11ce-bfc1-08002be10318}
Driver Date: 06/21/2006
Driver Version: 10.0.26100.7309
Driver Provider: Microsoft
Driver Section: PnPMonitor.Install
Driver Rank: 0xFF2000
Matching Device ID: *PNP09FF
Outranked Drivers: 
Device Updated: true
Parent Device: PCI\VEN_8086&DEV_7D41&SUBSYS_0CE81028&REV_00\3&11583659&0&10"
"29-05-2026 15:05:17","410","Information","Microsoft-Windows-Kernel-PnP","Device SWD\MMDEVAPI\{0.0.0.00000000}.{bc42209b-3f5b-415a-b455-b15988168434} was started.

Driver Name: audioendpoint.inf
Class GUID: {c166523c-fe0c-4a94-a586-f1a80cfbbf3e}
Service: 
Lower Filters: 
Upper Filters: "
"29-05-2026 15:05:17","400","Information","Microsoft-Windows-Kernel-PnP","Device SWD\MMDEVAPI\{0.0.0.00000000}.{bc42209b-3f5b-415a-b455-b15988168434} was configured.

Driver Name: audioendpoint.inf
Driver Package ID: audioendpoint.inf_amd64_271c4d03bad18da8
Class GUID: {c166523c-fe0c-4a94-a586-f1a80cfbbf3e}
Driver Date: 03/31/2024
Driver Version: 10.0.26100.1
Driver Provider: Microsoft
Driver Section: NO_DRV
Driver Rank: 0xFF0000
Matching Device ID: MMDEVAPI\AudioEndpoints
Outranked Drivers: c_swdevice.inf:SWD\GenericRaw:00FF3001
Device Updated: false
Parent Device: USB\VID_413C&PID_A524&MI_00\6&f3c4e&0&0000"
"29-05-2026 15:05:17","410","Information","Microsoft-Windows-Kernel-PnP","Device SWD\MMDEVAPI\{0.0.1.00000000}.{6590eab2-2fdf-4b57-93f0-5c213138b6b4} was started.

Driver Name: audioendpoint.inf
Class GUID: {c166523c-fe0c-4a94-a586-f1a80cfbbf3e}
Service: 
Lower Filters: 
Upper Filters: "
"29-05-2026 15:05:17","400","Information","Microsoft-Windows-Kernel-PnP","Device SWD\MMDEVAPI\{0.0.1.00000000}.{6590eab2-2fdf-4b57-93f0-5c213138b6b4} was configured.

Driver Name: audioendpoint.inf
Driver Package ID: audioendpoint.inf_amd64_271c4d03bad18da8
Class GUID: {c166523c-fe0c-4a94-a586-f1a80cfbbf3e}
Driver Date: 03/31/2024
Driver Version: 10.0.26100.1
Driver Provider: Microsoft
Driver Section: NO_DRV
Driver Rank: 0xFF0000
Matching Device ID: MMDEVAPI\AudioEndpoints
Outranked Drivers: c_swdevice.inf:SWD\GenericRaw:00FF3001
Device Updated: false
Parent Device: USB\VID_413C&PID_A524&MI_00\6&f3c4e&0&0000"
"29-05-2026 15:05:15","430","Information","Microsoft-Windows-Kernel-PnP","Device USB\VID_0E8D&PID_0003\6&6a9522f&0&4 requires further installation."
"29-05-2026 15:05:05","410","Information","Microsoft-Windows-Kernel-PnP","Device SWD\DRIVERENUM\DPMAutoInstallDriver_Device_component&9&2e13a1c2&0 was started.

Driver Name: oem425.inf
Class GUID: {5c4c3332-344d-483c-8739-259e934c9cc8}
Service: 
Lower Filters: 
Upper Filters: "
"29-05-2026 15:05:05","410","Information","Microsoft-Windows-Kernel-PnP","Device HID\VID_413C&PID_2514&MI_01&Col01\8&4955910&0&0000 was started.

Driver Name: msmouse.inf
Class GUID: {4d36e96f-e325-11ce-bfc1-08002be10318}
Service: mouhid
Lower Filters: 
Upper Filters: "
"29-05-2026 15:05:05","410","Information","Microsoft-Windows-Kernel-PnP","Device HID\VID_413C&PID_2514&MI_00\8&1c58e555&0&0000 was started.

Driver Name: keyboard.inf
Class GUID: {4d36e96b-e325-11ce-bfc1-08002be10318}
Service: kbdhid
Lower Filters: 
Upper Filters: "
"29-05-2026 15:05:05","400","Information","Microsoft-Windows-Kernel-PnP","Device SWD\DRIVERENUM\DPMAutoInstallDriver_Device_component&9&2e13a1c2&0 was configured.

Driver Name: oem425.inf
Driver Package ID: ddpmsoftwareinstall_component.inf_amd64_3d39f607b80ee919
Class GUID: {5c4c3332-344d-483c-8739-259e934c9cc8}
Driver Date: 03/03/2025
Driver Version: 1.0.0.8
Driver Provider: Dell Technologies Inc.
Driver Section: DDPMSoftwareInstall_Device_component.NTamd64
Driver Rank: 0xFF0000
Matching Device ID: SWC\DELL_DDPM0001
Outranked Drivers: c_swcomponent.inf:SWC\Generic:00FF3000 c_swdevice.inf:SWD\GenericRaw:00FF3001
Device Updated: false
Parent Device: HID\VID_413C&PID_2514&MI_02&Col02\8&24c30b19&0&0001"
"29-05-2026 15:05:05","410","Information","Microsoft-Windows-Kernel-PnP","Device HID\VID_413C&PID_2514&MI_02&Col02\8&24c30b19&0&0001 was started.

Driver Name: oem135.inf
Class GUID: {745a17a0-74d3-11d0-b6fe-00a0c90f57da}
Service: 
Lower Filters: 
Upper Filters: "
"29-05-2026 15:05:05","410","Information","Microsoft-Windows-Kernel-PnP","Device HID\VID_413C&PID_2514&MI_02&Col01\8&24c30b19&0&0000 was started.

Driver Name: input.inf
Class GUID: {745a17a0-74d3-11d0-b6fe-00a0c90f57da}
Service: 
Lower Filters: 
Upper Filters: "
"29-05-2026 15:05:05","410","Information","Microsoft-Windows-Kernel-PnP","Device HID\VID_413C&PID_2514&MI_01&Col03\8&4955910&0&0002 was started.

Driver Name: input.inf
Class GUID: {745a17a0-74d3-11d0-b6fe-00a0c90f57da}
Service: 
Lower Filters: 
Upper Filters: "
"29-05-2026 15:05:05","410","Information","Microsoft-Windows-Kernel-PnP","Device HID\VID_413C&PID_2514&MI_01&Col02\8&4955910&0&0001 was started.

Driver Name: hidserv.inf
Class GUID: {745a17a0-74d3-11d0-b6fe-00a0c90f57da}
Service: 
Lower Filters: 
Upper Filters: "
"29-05-2026 15:05:05","400","Information","Microsoft-Windows-Kernel-PnP","Device HID\VID_413C&PID_2514&MI_02&Col02\8&24c30b19&0&0001 was configured.

Driver Name: oem135.inf
Driver Package ID: dpmautoinstalldriver.inf_amd64_412d7d28a0358c95
Class GUID: {745a17a0-74d3-11d0-b6fe-00a0c90f57da}
Driver Date: 12/03/2025
Driver Version: 2.2.0.0
Driver Provider: Dell Inc.
Driver Section: DPMAutoInstallDriver_Device.NT
Driver Rank: 0xFF0001
Matching Device ID: HID\VID_413C&PID_2514&MI_02&Col02
Outranked Drivers: oem68.inf:HID\VID_413C&PID_2514&MI_02&Col02:00FF0001 input.inf:HID_DEVICE_UPR:FF00-FFFF:00FF1004 input.inf:HID_DEVICE:00FF1005
Device Updated: false
Parent Device: USB\VID_413C&PID_2514&MI_02\7&2e598572&0&0002"
"29-05-2026 15:05:05","400","Information","Microsoft-Windows-Kernel-PnP","Device HID\VID_413C&PID_2514&MI_02&Col01\8&24c30b19&0&0000 was configured.

Driver Name: input.inf
Driver Package ID: input.inf_amd64_b70b241e639b0256
Class GUID: {745a17a0-74d3-11d0-b6fe-00a0c90f57da}
Driver Date: 06/21/2006
Driver Version: 10.0.26100.8115
Driver Provider: Microsoft
Driver Section: HID_Raw_Inst.NT
Driver Rank: 0xFF1004
Matching Device ID: HID_DEVICE_UPR:FF00-FFFF
Outranked Drivers: input.inf:HID_DEVICE:00FF1005
Device Updated: false
Parent Device: USB\VID_413C&PID_2514&MI_02\7&2e598572&0&0002"
"29-05-2026 15:05:05","410","Information","Microsoft-Windows-Kernel-PnP","Device USB\VID_413C&PID_2514&MI_02\7&2e598572&0&0002 was started.

Driver Name: input.inf
Class GUID: {745a17a0-74d3-11d0-b6fe-00a0c90f57da}
Service: HidUsb
Lower Filters: 
Upper Filters: "
"29-05-2026 15:05:05","400","Information","Microsoft-Windows-Kernel-PnP","Device HID\VID_413C&PID_2514&MI_01&Col03\8&4955910&0&0002 was configured.

Driver Name: input.inf
Driver Package ID: input.inf_amd64_b70b241e639b0256
Class GUID: {745a17a0-74d3-11d0-b6fe-00a0c90f57da}
Driver Date: 06/21/2006
Driver Version: 10.0.26100.8115
Driver Provider: Microsoft
Driver Section: HID_Raw_Inst.NT
Driver Rank: 0xFF1004
Matching Device ID: HID_DEVICE_UP:0001_U:0080
Outranked Drivers: input.inf:HID_DEVICE:00FF1005
Device Updated: false
Parent Device: USB\VID_413C&PID_2514&MI_01\7&2e598572&0&0001"
"29-05-2026 15:05:05","400","Information","Microsoft-Windows-Kernel-PnP","Device HID\VID_413C&PID_2514&MI_01&Col02\8&4955910&0&0001 was configured.

Driver Name: hidserv.inf
Driver Package ID: hidserv.inf_amd64_3111b4bfb553788d
Class GUID: {745a17a0-74d3-11d0-b6fe-00a0c90f57da}
Driver Date: 06/21/2006
Driver Version: 10.0.26100.1
Driver Provider: Microsoft
Driver Section: HIDSystemConsumerDevice
Driver Rank: 0xFF0004
Matching Device ID: HID_DEVICE_UP:000C_U:0001
Outranked Drivers: input.inf:HID_DEVICE:00FF1005
Device Updated: false
Parent Device: USB\VID_413C&PID_2514&MI_01\7&2e598572&0&0001"
"29-05-2026 15:05:05","400","Information","Microsoft-Windows-Kernel-PnP","Device HID\VID_413C&PID_2514&MI_01&Col01\8&4955910&0&0000 was configured.

Driver Name: msmouse.inf
Driver Package ID: msmouse.inf_amd64_097bbd709f0c4972
Class GUID: {4d36e96f-e325-11ce-bfc1-08002be10318}
Driver Date: 06/21/2006
Driver Version: 10.0.26100.1150
Driver Provider: Microsoft
Driver Section: HID_Mouse_Inst.NT
Driver Rank: 0xFF1003
Matching Device ID: HID_DEVICE_SYSTEM_MOUSE
Outranked Drivers: input.inf:HID_DEVICE:00FF1005
Device Updated: false
Parent Device: USB\VID_413C&PID_2514&MI_01\7&2e598572&0&0001"
"29-05-2026 15:05:05","410","Information","Microsoft-Windows-Kernel-PnP","Device USB\VID_413C&PID_2514&MI_01\7&2e598572&0&0001 was started.

Driver Name: input.inf
Class GUID: {745a17a0-74d3-11d0-b6fe-00a0c90f57da}
Service: HidUsb
Lower Filters: 
Upper Filters: "
"29-05-2026 15:05:05","400","Information","Microsoft-Windows-Kernel-PnP","Device HID\VID_413C&PID_2514&MI_00\8&1c58e555&0&0000 was configured.

Driver Name: keyboard.inf
Driver Package ID: keyboard.inf_amd64_c56788078819b951
Class GUID: {4d36e96b-e325-11ce-bfc1-08002be10318}
Driver Date: 06/21/2006
Driver Version: 10.0.26100.1882
Driver Provider: Microsoft
Driver Section: HID_Keyboard_Inst.NT
Driver Rank: 0xFF1003
Matching Device ID: HID_DEVICE_SYSTEM_KEYBOARD
Outranked Drivers: input.inf:HID_DEVICE:00FF1005
Device Updated: false
Parent Device: USB\VID_413C&PID_2514&MI_00\7&2e598572&0&0000"
"29-05-2026 15:05:05","410","Information","Microsoft-Windows-Kernel-PnP","Device USB\VID_413C&PID_2514&MI_00\7&2e598572&0&0000 was started.

Driver Name: input.inf
Class GUID: {745a17a0-74d3-11d0-b6fe-00a0c90f57da}
Service: HidUsb
Lower Filters: 
Upper Filters: "
"29-05-2026 15:05:05","400","Information","Microsoft-Windows-Kernel-PnP","Device USB\VID_413C&PID_2514&MI_02\7&2e598572&0&0002 was configured.

Driver Name: input.inf
Driver Package ID: input.inf_amd64_b70b241e639b0256
Class GUID: {745a17a0-74d3-11d0-b6fe-00a0c90f57da}
Driver Date: 06/21/2006
Driver Version: 10.0.26100.8115
Driver Provider: Microsoft
Driver Section: HID_Inst.NT
Driver Rank: 0xFF3205
Matching Device ID: USB\Class_03
Outranked Drivers: 
Device Updated: false
Parent Device: USB\VID_413C&PID_2514\6&6a9522f&0&2"
"29-05-2026 15:05:05","400","Information","Microsoft-Windows-Kernel-PnP","Device USB\VID_413C&PID_2514&MI_01\7&2e598572&0&0001 was configured.

Driver Name: input.inf
Driver Package ID: input.inf_amd64_b70b241e639b0256
Class GUID: {745a17a0-74d3-11d0-b6fe-00a0c90f57da}
Driver Date: 06/21/2006
Driver Version: 10.0.26100.8115
Driver Provider: Microsoft
Driver Section: HID_Inst.NT
Driver Rank: 0xFF3104
Matching Device ID: USB\Class_03&SubClass_01
Outranked Drivers: input.inf:USB\Class_03:00FF3205
Device Updated: false
Parent Device: USB\VID_413C&PID_2514\6&6a9522f&0&2"
"29-05-2026 15:05:05","400","Information","Microsoft-Windows-Kernel-PnP","Device USB\VID_413C&PID_2514&MI_00\7&2e598572&0&0000 was configured.

Driver Name: input.inf
Driver Package ID: input.inf_amd64_b70b241e639b0256
Class GUID: {745a17a0-74d3-11d0-b6fe-00a0c90f57da}
Driver Date: 06/21/2006
Driver Version: 10.0.26100.8115
Driver Provider: Microsoft
Driver Section: HID_Inst.NT
Driver Rank: 0xFF3104
Matching Device ID: USB\Class_03&SubClass_01
Outranked Drivers: input.inf:USB\Class_03:00FF3205
Device Updated: false
Parent Device: USB\VID_413C&PID_2514\6&6a9522f&0&2"
"29-05-2026 15:05:05","410","Information","Microsoft-Windows-Kernel-PnP","Device USB\VID_413C&PID_2514\6&6a9522f&0&2 was started.

Driver Name: usb.inf
Class GUID: {36fc9e60-c465-11cf-8056-444553540000}
Service: usbccgp
Lower Filters: 
Upper Filters: "
"29-05-2026 15:05:05","400","Information","Microsoft-Windows-Kernel-PnP","Device USB\VID_413C&PID_2514\6&6a9522f&0&2 was configured.

Driver Name: usb.inf
Driver Package ID: usb.inf_amd64_ca05aed6371fe9f7
Class GUID: {36fc9e60-c465-11cf-8056-444553540000}
Driver Date: 06/21/2006
Driver Version: 10.0.26100.8115
Driver Provider: Microsoft
Driver Section: Composite.Dev.NT
Driver Rank: 0xFF2006
Matching Device ID: USB\COMPOSITE
Outranked Drivers: 
Device Updated: false
Parent Device: USB\VID_1D5C&PID_5510\5&2dc84fba&0&2"
"29-05-2026 15:05:01","410","Information","Microsoft-Windows-Kernel-PnP","Device USB\VID_413C&PID_C010&MI_01\7&34e192f8&0&0001 was started.

Driver Name: winusb.inf
Class GUID: {88bae032-5a81-49f0-bc3d-a4ff138216d6}
Service: WINUSB
Lower Filters: 
Upper Filters: "
"29-05-2026 15:05:01","410","Information","Microsoft-Windows-Kernel-PnP","Device USB\VID_413C&PID_C010&MI_00\7&34e192f8&0&0000 was started.

Driver Name: winusb.inf
Class GUID: {88bae032-5a81-49f0-bc3d-a4ff138216d6}
Service: WINUSB
Lower Filters: 
Upper Filters: "
"29-05-2026 15:05:01","400","Information","Microsoft-Windows-Kernel-PnP","Device USB\VID_413C&PID_C010&MI_01\7&34e192f8&0&0001 was configured.

Driver Name: winusb.inf
Driver Package ID: winusb.inf_amd64_e3d2ed0c43a36b9a
Class GUID: {88bae032-5a81-49f0-bc3d-a4ff138216d6}
Driver Date: 06/21/2006
Driver Version: 10.0.26100.1150
Driver Provider: Microsoft
Driver Section: WINUSB.NT
Driver Rank: 0xFF2000
Matching Device ID: USB\MS_COMP_WINUSB
Outranked Drivers: 
Device Updated: false
Parent Device: USB\VID_413C&PID_C010\11AD1D0A92AE3E070A1F0B00"
"29-05-2026 15:05:01","400","Information","Microsoft-Windows-Kernel-PnP","Device USB\VID_413C&PID_C010&MI_00\7&34e192f8&0&0000 was configured.

Driver Name: winusb.inf
Driver Package ID: winusb.inf_amd64_e3d2ed0c43a36b9a
Class GUID: {88bae032-5a81-49f0-bc3d-a4ff138216d6}
Driver Date: 06/21/2006
Driver Version: 10.0.26100.1150
Driver Provider: Microsoft
Driver Section: BILLBOARD.NT
Driver Rank: 0xFF2003
Matching Device ID: USB\Class_11&SubClass_00&Prot_00
Outranked Drivers: 
Device Updated: false
Parent Device: USB\VID_413C&PID_C010\11AD1D0A92AE3E070A1F0B00"
"29-05-2026 15:05:00","410","Information","Microsoft-Windows-Kernel-PnP","Device USB\VID_413C&PID_C010\11AD1D0A92AE3E070A1F0B00 was started.

Driver Name: usb.inf
Class GUID: {36fc9e60-c465-11cf-8056-444553540000}
Service: usbccgp
Lower Filters: 
Upper Filters: "
"29-05-2026 15:05:00","400","Information","Microsoft-Windows-Kernel-PnP","Device USB\VID_413C&PID_C010\11AD1D0A92AE3E070A1F0B00 was configured.

Driver Name: usb.inf
Driver Package ID: usb.inf_amd64_ca05aed6371fe9f7
Class GUID: {36fc9e60-c465-11cf-8056-444553540000}
Driver Date: 06/21/2006
Driver Version: 10.0.26100.8115
Driver Provider: Microsoft
Driver Section: Composite.Dev.NT
Driver Rank: 0xFF2006
Matching Device ID: USB\COMPOSITE
Outranked Drivers: 
Device Updated: false
Parent Device: USB\VID_1D5C&PID_5510\5&2dc84fba&0&2"
"29-05-2026 15:05:00","410","Information","Microsoft-Windows-Kernel-PnP","Device USB\VID_1D5C&PID_5510\5&2dc84fba&0&2 was started.

Driver Name: usbhub3.inf
Class GUID: {36fc9e60-c465-11cf-8056-444553540000}
Service: USBHUB3
Lower Filters: 
Upper Filters: "
"29-05-2026 15:05:00","400","Information","Microsoft-Windows-Kernel-PnP","Device USB\VID_1D5C&PID_5510\5&2dc84fba&0&2 was configured.

Driver Name: usbhub3.inf
Driver Package ID: usbhub3.inf_amd64_df35544dedc4d060
Class GUID: {36fc9e60-c465-11cf-8056-444553540000}
Driver Date: 03/20/2026
Driver Version: 10.0.26100.8115
Driver Provider: Microsoft
Driver Section: Generic.Install.NT
Driver Rank: 0x802000
Matching Device ID: USB\USB20_HUB
Outranked Drivers: 
Device Updated: false
Parent Device: USB\ROOT_HUB30\4&2169287b&0&0"
"29-05-2026 15:05:00","410","Information","Microsoft-Windows-Kernel-PnP","Device USB\VID_1D5C&PID_5500\5&266331bc&0&5 was started.

Driver Name: usbhub3.inf
Class GUID: {36fc9e60-c465-11cf-8056-444553540000}
Service: USBHUB3
Lower Filters: 
Upper Filters: "
"29-05-2026 15:05:00","400","Information","Microsoft-Windows-Kernel-PnP","Device USB\VID_1D5C&PID_5500\5&266331bc&0&5 was configured.

Driver Name: usbhub3.inf
Driver Package ID: usbhub3.inf_amd64_df35544dedc4d060
Class GUID: {36fc9e60-c465-11cf-8056-444553540000}
Driver Date: 03/20/2026
Driver Version: 10.0.26100.8115
Driver Provider: Microsoft
Driver Section: Generic.Install.NT
Driver Rank: 0x802000
Matching Device ID: USB\USB30_HUB
Outranked Drivers: 
Device Updated: false
Parent Device: USB\ROOT_HUB30\4&2855494a&0&0"
"28-05-2026 15:42:19","430","Information","Microsoft-Windows-Kernel-PnP","Device USB\VID_0E8D&PID_0003\5&2dc84fba&0&2 requires further installation."
"28-05-2026 14:54:41","410","Information","Microsoft-Windows-Kernel-PnP","Device DISPLAY\DELA1B9\4&20b8d095&0&UID8263 was started.

Driver Name: oem462.inf
Class GUID: {4d36e96e-e325-11ce-bfc1-08002be10318}
Service: monitor
Lower Filters: 
Upper Filters: "
"28-05-2026 14:54:41","400","Information","Microsoft-Windows-Kernel-PnP","Device DISPLAY\DELA1B9\4&20b8d095&0&UID8263 was configured.

Driver Name: oem462.inf
Driver Package ID: u2422he.inf_amd64_977e0d0232dac0e1
Class GUID: {4d36e96e-e325-11ce-bfc1-08002be10318}
Driver Date: 10/02/2020
Driver Version: 1.0.0.0
Driver Provider: Dell Inc.
Driver Section: U2422HE_USB_TypeC.Install
Driver Rank: 0xFF0000
Matching Device ID: MONITOR\DELA1B9
Outranked Drivers: monitor.inf:*PNP09FF:00FF2000
Device Updated: true
Parent Device: PCI\VEN_8086&DEV_7D41&SUBSYS_0CE81028&REV_00\3&11583659&0&10"
"28-05-2026 14:09:31","410","Information","Microsoft-Windows-Kernel-PnP","Device USB\VID_0BDA&PID_8153\001000001 was started.

Driver Name: oem262.inf
Class GUID: {4d36e972-e325-11ce-bfc1-08002be10318}
Service: rtu53cx22x64
Lower Filters: 
Upper Filters: "
"28-05-2026 14:09:31","410","Information","Microsoft-Windows-Kernel-PnP","Device DISPLAY\DELA1C6\4&20b8d095&0&UID8263 was started.

Driver Name: oem181.inf
Class GUID: {4d36e96e-e325-11ce-bfc1-08002be10318}
Service: monitor
Lower Filters: 
Upper Filters: "
"28-05-2026 14:09:31","400","Information","Microsoft-Windows-Kernel-PnP","Device DISPLAY\DELA1C6\4&20b8d095&0&UID8263 was configured.

Driver Name: oem181.inf
Driver Package ID: p2422he.inf_amd64_a24c8afa3c6a0ece
Class GUID: {4d36e96e-e325-11ce-bfc1-08002be10318}
Driver Date: 01/28/2021
Driver Version: 1.0.0.0
Driver Provider: Dell Inc.
Driver Section: P2422HE_USB_TypeC.Install
Driver Rank: 0xFF0000
Matching Device ID: MONITOR\DELA1C6
Outranked Drivers: monitor.inf:*PNP09FF:00FF2000
Device Updated: false
Parent Device: PCI\VEN_8086&DEV_7D41&SUBSYS_0CE81028&REV_00\3&11583659&0&10"
"28-05-2026 14:09:31","400","Information","Microsoft-Windows-Kernel-PnP","Device USB\VID_0BDA&PID_8153\001000001 was configured.

Driver Name: oem262.inf
Driver Package ID: rtu53cx22x64sta.inf_amd64_61e57456ee42ec28
Class GUID: {4d36e972-e325-11ce-bfc1-08002be10318}
Driver Date: 10/09/2025
Driver Version: 1153.21.20.1009
Driver Provider: Realtek
Driver Section: RTL8153BCx64.ndi.NT
Driver Rank: 0xFF0000
Matching Device ID: USB\VID_0BDA&PID_8153&REV_3100
Outranked Drivers: rtucx21x64.inf:USB\VID_0BDA&PID_8153&REV_3100:00FF1000 rtux64w10.inf:USB\VID_0BDA&PID_8153&REV_3100:00FF1000 oem105.inf:USB\VID_0BDA&PID_8153&REV_3100:00FF0000 oem383.inf:USB\VID_0BDA&PID_8153&REV_3100:00FF0000 rtucx21x64.inf:USB\VID_0BDA&PID_8153:00FF1001 rtux64w10.inf:USB\VID_0BDA&PID_8153:00FF1001 oem105.inf:USB\VID_0BDA&PID_8153:00FF0001 oem262.inf:USB\VID_0BDA&PID_8153:00FF0001 oem383.inf:USB\VID_0BDA&PID_8153:00FF0001
Device Updated: false
Parent Device: USB\VID_0424&PID_5806\5&266331bc&0&4"
"28-05-2026 14:09:26","430","Information","Microsoft-Windows-Kernel-PnP","Device DISPLAY\DELA1C6\4&20b8d095&0&UID8263 requires further installation."
"28-05-2026 14:09:25","410","Information","Microsoft-Windows-Kernel-PnP","Device HID\VID_0424&PID_284C&MI_01\8&2024ec15&0&0000 was started.

Driver Name: input.inf
Class GUID: {745a17a0-74d3-11d0-b6fe-00a0c90f57da}
Service: 
Lower Filters: 
Upper Filters: "
"28-05-2026 14:09:25","410","Information","Microsoft-Windows-Kernel-PnP","Device USB\VID_0424&PID_284C&MI_00\7&b6967d7&0&0000 was started.

Driver Name: winusb.inf
Class GUID: {88bae032-5a81-49f0-bc3d-a4ff138216d6}
Service: WINUSB
Lower Filters: 
Upper Filters: "
"28-05-2026 14:09:25","400","Information","Microsoft-Windows-Kernel-PnP","Device HID\VID_0424&PID_284C&MI_01\8&2024ec15&0&0000 was configured.

Driver Name: input.inf
Driver Package ID: input.inf_amd64_b70b241e639b0256
Class GUID: {745a17a0-74d3-11d0-b6fe-00a0c90f57da}
Driver Date: 06/21/2006
Driver Version: 10.0.26100.8115
Driver Provider: Microsoft
Driver Section: HID_Raw_Inst.NT
Driver Rank: 0xFF1004
Matching Device ID: HID_DEVICE_UPR:FF00-FFFF
Outranked Drivers: input.inf:HID_DEVICE:00FF1005
Device Updated: false
Parent Device: USB\VID_0424&PID_284C&MI_01\7&b6967d7&0&0001"
"28-05-2026 14:09:25","410","Information","Microsoft-Windows-Kernel-PnP","Device USB\VID_0424&PID_284C&MI_01\7&b6967d7&0&0001 was started.

Driver Name: input.inf
Class GUID: {745a17a0-74d3-11d0-b6fe-00a0c90f57da}
Service: HidUsb
Lower Filters: 
Upper Filters: "
"28-05-2026 14:09:25","400","Information","Microsoft-Windows-Kernel-PnP","Device USB\VID_0424&PID_284C&MI_01\7&b6967d7&0&0001 was configured.

Driver Name: input.inf
Driver Package ID: input.inf_amd64_b70b241e639b0256
Class GUID: {745a17a0-74d3-11d0-b6fe-00a0c90f57da}
Driver Date: 06/21/2006
Driver Version: 10.0.26100.8115
Driver Provider: Microsoft
Driver Section: HID_Inst.NT
Driver Rank: 0xFF3205
Matching Device ID: USB\Class_03
Outranked Drivers: 
Device Updated: false
Parent Device: USB\VID_0424&PID_284C\6&8542bea&0&6"
"28-05-2026 14:09:25","400","Information","Microsoft-Windows-Kernel-PnP","Device USB\VID_0424&PID_284C&MI_00\7&b6967d7&0&0000 was configured.

Driver Name: winusb.inf
Driver Package ID: winusb.inf_amd64_e3d2ed0c43a36b9a
Class GUID: {88bae032-5a81-49f0-bc3d-a4ff138216d6}
Driver Date: 06/21/2006
Driver Version: 10.0.26100.1150
Driver Provider: Microsoft
Driver Section: WINUSB.NT
Driver Rank: 0xFF2000
Matching Device ID: USB\MS_COMP_WINUSB
Outranked Drivers: 
Device Updated: false
Parent Device: USB\VID_0424&PID_284C\6&8542bea&0&6"
"28-05-2026 14:09:25","410","Information","Microsoft-Windows-Kernel-PnP","Device USB\VID_0424&PID_284C\6&8542bea&0&6 was started.

Driver Name: usb.inf
Class GUID: {36fc9e60-c465-11cf-8056-444553540000}
Service: usbccgp
Lower Filters: 
Upper Filters: "
"28-05-2026 14:09:25","400","Information","Microsoft-Windows-Kernel-PnP","Device USB\VID_0424&PID_284C\6&8542bea&0&6 was configured.

Driver Name: usb.inf
Driver Package ID: usb.inf_amd64_ca05aed6371fe9f7
Class GUID: {36fc9e60-c465-11cf-8056-444553540000}
Driver Date: 06/21/2006
Driver Version: 10.0.26100.8115
Driver Provider: Microsoft
Driver Section: Composite.Dev.NT
Driver Rank: 0xFF2006
Matching Device ID: USB\COMPOSITE
Outranked Drivers: 
Device Updated: false
Parent Device: USB\VID_0424&PID_2806\5&2dc84fba&0&1"
"28-05-2026 14:09:25","430","Information","Microsoft-Windows-Kernel-PnP","Device USB\VID_0BDA&PID_8153\001000001 requires further installation."
"28-05-2026 14:09:25","410","Information","Microsoft-Windows-Kernel-PnP","Device USB\VID_0424&PID_2806\5&2dc84fba&0&1 was started.

Driver Name: usbhub3.inf
Class GUID: {36fc9e60-c465-11cf-8056-444553540000}
Service: USBHUB3
Lower Filters: 
Upper Filters: "
"28-05-2026 14:09:25","400","Information","Microsoft-Windows-Kernel-PnP","Device USB\VID_0424&PID_2806\5&2dc84fba&0&1 was configured.

Driver Name: usbhub3.inf
Driver Package ID: usbhub3.inf_amd64_df35544dedc4d060
Class GUID: {36fc9e60-c465-11cf-8056-444553540000}
Driver Date: 03/20/2026
Driver Version: 10.0.26100.8115
Driver Provider: Microsoft
Driver Section: Generic.Install.NT
Driver Rank: 0x802000
Matching Device ID: USB\USB20_HUB
Outranked Drivers: 
Device Updated: false
Parent Device: USB\ROOT_HUB30\4&2169287b&0&0"
"28-05-2026 14:09:25","411","Error","Microsoft-Windows-Kernel-PnP","Device USB\VID_0424&PID_5806\5&266331bc&0&4 had a problem starting.

Driver Name: usbhub3.inf
Class GUID: {36fc9e60-c465-11cf-8056-444553540000}
Service: USBHUB3
Lower Filters: 
Upper Filters: 
Problem: 0xA
Problem Status: 0xC0000001"
"28-05-2026 14:09:25","400","Information","Microsoft-Windows-Kernel-PnP","Device USB\VID_0424&PID_5806\5&266331bc&0&4 was configured.

Driver Name: usbhub3.inf
Driver Package ID: usbhub3.inf_amd64_df35544dedc4d060
Class GUID: {36fc9e60-c465-11cf-8056-444553540000}
Driver Date: 03/20/2026
Driver Version: 10.0.26100.8115
Driver Provider: Microsoft
Driver Section: Generic.Install.NT
Driver Rank: 0x802000
Matching Device ID: USB\USB30_HUB
Outranked Drivers: 
Device Updated: false
Parent Device: USB\ROOT_HUB30\4&2855494a&0&0"
"28-05-2026 10:37:22","410","Information","Microsoft-Windows-Kernel-PnP","Device SWD\MMDEVAPI\{0.0.0.00000000}.{f401b7ef-bd2a-4659-b59b-9219752dab13} was started.

Driver Name: audioendpoint.inf
Class GUID: {c166523c-fe0c-4a94-a586-f1a80cfbbf3e}
Service: 
Lower Filters: 
Upper Filters: "
"28-05-2026 10:37:22","400","Information","Microsoft-Windows-Kernel-PnP","Device SWD\MMDEVAPI\{0.0.0.00000000}.{f401b7ef-bd2a-4659-b59b-9219752dab13} was configured.

Driver Name: audioendpoint.inf
Driver Package ID: audioendpoint.inf_amd64_271c4d03bad18da8
Class GUID: {c166523c-fe0c-4a94-a586-f1a80cfbbf3e}
Driver Date: 03/31/2024
Driver Version: 10.0.26100.1
Driver Provider: Microsoft
Driver Section: NO_DRV
Driver Rank: 0xFF0000
Matching Device ID: MMDEVAPI\AudioEndpoints
Outranked Drivers: c_swdevice.inf:SWD\GenericRaw:00FF3001
Device Updated: false
Parent Device: USB\VID_413C&PID_A524&MI_00\6&f3c4e&0&0000"
"28-05-2026 10:37:22","410","Information","Microsoft-Windows-Kernel-PnP","Device SWD\MMDEVAPI\{0.0.1.00000000}.{98a19c9d-efa0-40eb-8907-8db9cd2f7d05} was started.

Driver Name: audioendpoint.inf
Class GUID: {c166523c-fe0c-4a94-a586-f1a80cfbbf3e}
Service: 
Lower Filters: 
Upper Filters: "
"28-05-2026 10:37:22","400","Information","Microsoft-Windows-Kernel-PnP","Device SWD\MMDEVAPI\{0.0.1.00000000}.{98a19c9d-efa0-40eb-8907-8db9cd2f7d05} was configured.

Driver Name: audioendpoint.inf
Driver Package ID: audioendpoint.inf_amd64_271c4d03bad18da8
Class GUID: {c166523c-fe0c-4a94-a586-f1a80cfbbf3e}
Driver Date: 03/31/2024
Driver Version: 10.0.26100.1
Driver Provider: Microsoft
Driver Section: NO_DRV
Driver Rank: 0xFF0000
Matching Device ID: MMDEVAPI\AudioEndpoints
Outranked Drivers: c_swdevice.inf:SWD\GenericRaw:00FF3001
Device Updated: false
Parent Device: USB\VID_413C&PID_A524&MI_00\6&f3c4e&0&0000"
"28-05-2026 10:37:18","410","Information","Microsoft-Windows-Kernel-PnP","Device SWD\DRIVERENUM\DPMAutoInstallDriver_Device_component&8&1fe6394f&0 was started.

Driver Name: oem425.inf
Class GUID: {5c4c3332-344d-483c-8739-259e934c9cc8}
Service: 
Lower Filters: 
Upper Filters: "
"28-05-2026 10:37:18","410","Information","Microsoft-Windows-Kernel-PnP","Device HID\VID_413C&PID_A524&MI_03&Col04\7&2893bdb8&0&0003 was started.

Driver Name: hidtelephonydriver.inf
Class GUID: {745a17a0-74d3-11d0-b6fe-00a0c90f57da}
Service: WUDFRd
Lower Filters: 
Upper Filters: "
"28-05-2026 10:37:18","410","Information","Microsoft-Windows-Kernel-PnP","Device HID\VID_413C&PID_A524&MI_03&Col05\7&2893bdb8&0&0004 was started.

Driver Name: input.inf
Class GUID: {745a17a0-74d3-11d0-b6fe-00a0c90f57da}
Service: 
Lower Filters: 
Upper Filters: "
"28-05-2026 10:37:18","410","Information","Microsoft-Windows-Kernel-PnP","Device HID\VID_413C&PID_A524&MI_03&Col03\7&2893bdb8&0&0002 was started.

Driver Name: input.inf
Class GUID: {745a17a0-74d3-11d0-b6fe-00a0c90f57da}
Service: 
Lower Filters: 
Upper Filters: "
"28-05-2026 10:37:18","410","Information","Microsoft-Windows-Kernel-PnP","Device HID\VID_413C&PID_A524&MI_03&Col02\7&2893bdb8&0&0001 was started.

Driver Name: hidserv.inf
Class GUID: {745a17a0-74d3-11d0-b6fe-00a0c90f57da}
Service: 
Lower Filters: 
Upper Filters: "
"28-05-2026 10:37:18","400","Information","Microsoft-Windows-Kernel-PnP","Device SWD\DRIVERENUM\DPMAutoInstallDriver_Device_component&8&1fe6394f&0 was configured.

Driver Name: oem425.inf
Driver Package ID: ddpmsoftwareinstall_component.inf_amd64_3d39f607b80ee919
Class GUID: {5c4c3332-344d-483c-8739-259e934c9cc8}
Driver Date: 03/03/2025
Driver Version: 1.0.0.8
Driver Provider: Dell Technologies Inc.
Driver Section: DDPMSoftwareInstall_Device_component.NTamd64
Driver Rank: 0xFF0000
Matching Device ID: SWC\DELL_DDPM0001
Outranked Drivers: c_swcomponent.inf:SWC\Generic:00FF3000 c_swdevice.inf:SWD\GenericRaw:00FF3001
Device Updated: false
Parent Device: HID\VID_413C&PID_A524&MI_03&Col01\7&2893bdb8&0&0000"
"28-05-2026 10:37:18","410","Information","Microsoft-Windows-Kernel-PnP","Device HID\VID_413C&PID_A524&MI_03&Col01\7&2893bdb8&0&0000 was started.

Driver Name: oem135.inf
Class GUID: {745a17a0-74d3-11d0-b6fe-00a0c90f57da}
Service: 
Lower Filters: 
Upper Filters: "
"28-05-2026 10:37:18","400","Information","Microsoft-Windows-Kernel-PnP","Device HID\VID_413C&PID_A524&MI_03&Col05\7&2893bdb8&0&0004 was configured.

Driver Name: input.inf
Driver Package ID: input.inf_amd64_b70b241e639b0256
Class GUID: {745a17a0-74d3-11d0-b6fe-00a0c90f57da}
Driver Date: 06/21/2006
Driver Version: 10.0.26100.8115
Driver Provider: Microsoft
Driver Section: HID_Raw_Inst.NT
Driver Rank: 0xFF1004
Matching Device ID: HID_DEVICE_UPR:FF00-FFFF
Outranked Drivers: input.inf:HID_DEVICE:00FF1005
Device Updated: false
Parent Device: USB\VID_413C&PID_A524&MI_03\6&f3c4e&0&0003"
"28-05-2026 10:37:18","400","Information","Microsoft-Windows-Kernel-PnP","Device HID\VID_413C&PID_A524&MI_03&Col04\7&2893bdb8&0&0003 was configured.

Driver Name: hidtelephonydriver.inf
Driver Package ID: hidtelephonydriver.inf_amd64_4d87f0bd77d9889a
Class GUID: {745a17a0-74d3-11d0-b6fe-00a0c90f57da}
Driver Date: 04/21/2009
Driver Version: 10.0.26100.8115
Driver Provider: Microsoft
Driver Section: HidTelephony_Install.NT
Driver Rank: 0xFF0003
Matching Device ID: HID_DEVICE_UP:000B_U:0005
Outranked Drivers: input.inf:HID_DEVICE_UP:000B_U:0005:00FF1003 input.inf:HID_DEVICE:00FF1004
Device Updated: false
Parent Device: USB\VID_413C&PID_A524&MI_03\6&f3c4e&0&0003"
"28-05-2026 10:37:18","400","Information","Microsoft-Windows-Kernel-PnP","Device HID\VID_413C&PID_A524&MI_03&Col03\7&2893bdb8&0&0002 was configured.

Driver Name: input.inf
Driver Package ID: input.inf_amd64_b70b241e639b0256
Class GUID: {745a17a0-74d3-11d0-b6fe-00a0c90f57da}
Driver Date: 06/21/2006
Driver Version: 10.0.26100.8115
Driver Provider: Microsoft
Driver Section: HID_Raw_Inst.NT
Driver Rank: 0xFF1004
Matching Device ID: HID_DEVICE_UPR:FF00-FFFF
Outranked Drivers: input.inf:HID_DEVICE:00FF1005
Device Updated: false
Parent Device: USB\VID_413C&PID_A524&MI_03\6&f3c4e&0&0003"
"28-05-2026 10:37:18","400","Information","Microsoft-Windows-Kernel-PnP","Device HID\VID_413C&PID_A524&MI_03&Col02\7&2893bdb8&0&0001 was configured.

Driver Name: hidserv.inf
Driver Package ID: hidserv.inf_amd64_3111b4bfb553788d
Class GUID: {745a17a0-74d3-11d0-b6fe-00a0c90f57da}
Driver Date: 06/21/2006
Driver Version: 10.0.26100.1
Driver Provider: Microsoft
Driver Section: HIDSystemConsumerDevice
Driver Rank: 0xFF0004
Matching Device ID: HID_DEVICE_UP:000C_U:0001
Outranked Drivers: input.inf:HID_DEVICE:00FF1005
Device Updated: false
Parent Device: USB\VID_413C&PID_A524&MI_03\6&f3c4e&0&0003"
