"28-07-2026 09:44:12","24","Information","Microsoft-Windows-Audio","Stream started.
App Id: Microsoft.Windows.ShellExperienceHost_cw5n1h2txyewy!App
PID: 26480
Audio Stream Category: 5"
"28-07-2026 09:43:25","25","Information","Microsoft-Windows-Audio","Stream stopped.
App Id: Microsoft.Windows.ShellExperienceHost_cw5n1h2txyewy!App
PID: 26480
Audio Stream Category: 5"
"28-07-2026 09:43:23","24","Information","Microsoft-Windows-Audio","Stream started.
App Id: Microsoft.Windows.ShellExperienceHost_cw5n1h2txyewy!App
PID: 26480
Audio Stream Category: 5"
"28-07-2026 09:42:15","25","Information","Microsoft-Windows-Audio","Stream stopped.
App Id: Microsoft.Windows.ShellExperienceHost_cw5n1h2txyewy!App
PID: 26480
Audio Stream Category: 5"
"28-07-2026 09:42:13","24","Information","Microsoft-Windows-Audio","Stream started.
App Id: Microsoft.Windows.ShellExperienceHost_cw5n1h2txyewy!App
PID: 26480
Audio Stream Category: 5"
"28-07-2026 09:37:24","25","Information","Microsoft-Windows-Audio","Stream stopped.
App Id: Microsoft.Windows.ShellExperienceHost_cw5n1h2txyewy!App
PID: 26480
Audio Stream Category: 5"
"28-07-2026 09:37:22","24","Information","Microsoft-Windows-Audio","Stream started.
App Id: Microsoft.Windows.ShellExperienceHost_cw5n1h2txyewy!App
PID: 26480
Audio Stream Category: 5"
"28-07-2026 09:30:18","25","Information","Microsoft-Windows-Audio","Stream stopped.
App Id: Microsoft.Windows.ShellExperienceHost_cw5n1h2txyewy!App
PID: 26480
Audio Stream Category: 5"
"28-07-2026 09:30:16","24","Information","Microsoft-Windows-Audio","Stream started.
App Id: Microsoft.Windows.ShellExperienceHost_cw5n1h2txyewy!App
PID: 26480
Audio Stream Category: 5"
"28-07-2026 09:24:55","25","Information","Microsoft-Windows-Audio","Stream stopped.
App Id: Microsoft.Windows.ShellExperienceHost_cw5n1h2txyewy!App
PID: 26480
Audio Stream Category: 5"
"28-07-2026 09:24:54","24","Information","Microsoft-Windows-Audio","Stream started.
App Id: Microsoft.Windows.ShellExperienceHost_cw5n1h2txyewy!App
PID: 26480
Audio Stream Category: 5"
"27-07-2026 18:47:11","25","Information","Microsoft-Windows-Audio","Stream stopped.
App Id: Microsoft.Windows.ShellExperienceHost_cw5n1h2txyewy!App
PID: 26480
Audio Stream Category: 5"
"27-07-2026 18:47:09","24","Information","Microsoft-Windows-Audio","Stream started.
App Id: Microsoft.Windows.ShellExperienceHost_cw5n1h2txyewy!App
PID: 26480
Audio Stream Category: 5"
"27-07-2026 16:18:12","25","Information","Microsoft-Windows-Audio","Stream stopped.
App Id: Microsoft.Windows.ShellExperienceHost_cw5n1h2txyewy!App
PID: 26480
Audio Stream Category: 5"
"27-07-2026 16:18:10","24","Information","Microsoft-Windows-Audio","Stream started.
App Id: Microsoft.Windows.ShellExperienceHost_cw5n1h2txyewy!App
PID: 26480
Audio Stream Category: 5"
"27-07-2026 16:17:53","25","Information","Microsoft-Windows-Audio","Stream stopped.
App Id: Microsoft.Windows.ShellExperienceHost_cw5n1h2txyewy!App
PID: 26480
Audio Stream Category: 5"
"27-07-2026 16:17:51","24","Information","Microsoft-Windows-Audio","Stream started.
App Id: Microsoft.Windows.ShellExperienceHost_cw5n1h2txyewy!App
PID: 26480
Audio Stream Category: 5"
"27-07-2026 14:30:30","25","Information","Microsoft-Windows-Audio","Stream stopped.
App Id: Microsoft.Windows.ShellExperienceHost_cw5n1h2txyewy!App
PID: 26480
Audio Stream Category: 5"
"27-07-2026 14:30:28","24","Information","Microsoft-Windows-Audio","Stream started.
App Id: Microsoft.Windows.ShellExperienceHost_cw5n1h2txyewy!App
PID: 26480
Audio Stream Category: 5"
"27-07-2026 12:50:15","25","Information","Microsoft-Windows-Audio","Stream stopped.
App Id: Microsoft.Windows.ShellExperienceHost_cw5n1h2txyewy!App
PID: 26480
Audio Stream Category: 5"
"27-07-2026 12:50:13","24","Information","Microsoft-Windows-Audio","Stream started.
App Id: Microsoft.Windows.ShellExperienceHost_cw5n1h2txyewy!App
PID: 26480
Audio Stream Category: 5"
"27-07-2026 11:09:50","25","Information","Microsoft-Windows-Audio","Stream stopped.
App Id: Microsoft.Windows.ShellExperienceHost_cw5n1h2txyewy!App
PID: 2600
Audio Stream Category: 5"
"27-07-2026 11:09:48","24","Information","Microsoft-Windows-Audio","Stream started.
App Id: Microsoft.Windows.ShellExperienceHost_cw5n1h2txyewy!App
PID: 2600
Audio Stream Category: 5"
"27-07-2026 11:07:56","25","Information","Microsoft-Windows-Audio","Stream stopped.
App Id: Microsoft.Windows.ShellExperienceHost_cw5n1h2txyewy!App
PID: 2600
Audio Stream Category: 5"
"27-07-2026 11:07:54","24","Information","Microsoft-Windows-Audio","Stream started.
App Id: Microsoft.Windows.ShellExperienceHost_cw5n1h2txyewy!App
PID: 2600
Audio Stream Category: 5"
"27-07-2026 09:55:15","25","Information","Microsoft-Windows-Audio","Stream stopped.
App Id: Microsoft.Windows.ShellExperienceHost_cw5n1h2txyewy!App
PID: 2600
Audio Stream Category: 5"
"27-07-2026 09:55:13","24","Information","Microsoft-Windows-Audio","Stream started.
App Id: Microsoft.Windows.ShellExperienceHost_cw5n1h2txyewy!App
PID: 2600
Audio Stream Category: 5"
"27-07-2026 09:46:39","22","Information","Microsoft-Windows-Audio","Suspended: false"
"27-07-2026 09:46:39","22","Information","Microsoft-Windows-Audio","Suspended: true"
"27-07-2026 09:46:33","25","Information","Microsoft-Windows-Audio","Stream stopped.
App Id: Microsoft.Windows.ShellExperienceHost_cw5n1h2txyewy!App
PID: 2600
Audio Stream Category: 5"
"27-07-2026 09:46:32","24","Information","Microsoft-Windows-Audio","Stream started.
App Id: Microsoft.Windows.ShellExperienceHost_cw5n1h2txyewy!App
PID: 2600
Audio Stream Category: 5"
"27-07-2026 09:45:37","25","Information","Microsoft-Windows-Audio","Stream stopped.
App Id: Microsoft.Windows.ShellExperienceHost_cw5n1h2txyewy!App
PID: 2600
Audio Stream Category: 5"
"27-07-2026 09:45:36","24","Information","Microsoft-Windows-Audio","Stream started.
App Id: Microsoft.Windows.ShellExperienceHost_cw5n1h2txyewy!App
PID: 2600
Audio Stream Category: 5"
"27-07-2026 09:45:28","25","Information","Microsoft-Windows-Audio","Stream stopped.
App Id: Microsoft.Windows.ShellExperienceHost_cw5n1h2txyewy!App
PID: 2600
Audio Stream Category: 5"
"27-07-2026 09:45:26","24","Information","Microsoft-Windows-Audio","Stream started.
App Id: Microsoft.Windows.ShellExperienceHost_cw5n1h2txyewy!App
PID: 2600
Audio Stream Category: 5"
"27-07-2026 09:15:43","25","Information","Microsoft-Windows-Audio","Stream stopped.
App Id: Microsoft.Windows.ShellExperienceHost_cw5n1h2txyewy!App
PID: 13252
Audio Stream Category: 5"
"27-07-2026 09:15:41","24","Information","Microsoft-Windows-Audio","Stream started.
App Id: Microsoft.Windows.ShellExperienceHost_cw5n1h2txyewy!App
PID: 13252
Audio Stream Category: 5"
"27-07-2026 09:14:43","25","Information","Microsoft-Windows-Audio","Stream stopped.
App Id: Microsoft.Windows.ShellExperienceHost_cw5n1h2txyewy!App
PID: 13252
Audio Stream Category: 5"
"27-07-2026 09:14:41","24","Information","Microsoft-Windows-Audio","Stream started.
App Id: Microsoft.Windows.ShellExperienceHost_cw5n1h2txyewy!App
PID: 13252
Audio Stream Category: 5"
"24-07-2026 18:21:25","25","Information","Microsoft-Windows-Audio","Stream stopped.
App Id: Microsoft.Windows.ShellExperienceHost_cw5n1h2txyewy!App
PID: 13252
Audio Stream Category: 5"
"24-07-2026 18:21:24","24","Information","Microsoft-Windows-Audio","Stream started.
App Id: Microsoft.Windows.ShellExperienceHost_cw5n1h2txyewy!App
PID: 13252
Audio Stream Category: 5"
"24-07-2026 17:55:22","25","Information","Microsoft-Windows-Audio","Stream stopped.
App Id: Microsoft.Windows.ShellExperienceHost_cw5n1h2txyewy!App
PID: 13252
Audio Stream Category: 5"
"24-07-2026 17:55:21","24","Information","Microsoft-Windows-Audio","Stream started.
App Id: Microsoft.Windows.ShellExperienceHost_cw5n1h2txyewy!App
PID: 13252
Audio Stream Category: 5"
"24-07-2026 17:12:18","23","Information","Microsoft-Windows-Audio","Released exclusive mode resource false
Released offload mode resource false"
"24-07-2026 17:12:17","23","Information","Microsoft-Windows-Audio","Released exclusive mode resource false
Released offload mode resource false"
"24-07-2026 17:12:17","23","Information","Microsoft-Windows-Audio","Released exclusive mode resource false
Released offload mode resource false"
"24-07-2026 15:14:44","25","Information","Microsoft-Windows-Audio","Stream stopped.
App Id: Microsoft.Windows.ShellExperienceHost_cw5n1h2txyewy!App
PID: 13252
Audio Stream Category: 5"
"24-07-2026 15:14:42","24","Information","Microsoft-Windows-Audio","Stream started.
App Id: Microsoft.Windows.ShellExperienceHost_cw5n1h2txyewy!App
PID: 13252
Audio Stream Category: 5"
"24-07-2026 14:56:17","25","Information","Microsoft-Windows-Audio","Stream stopped.
App Id: Microsoft.Windows.ShellExperienceHost_cw5n1h2txyewy!App
PID: 13252
Audio Stream Category: 5"
"24-07-2026 14:56:15","24","Information","Microsoft-Windows-Audio","Stream started.
App Id: Microsoft.Windows.ShellExperienceHost_cw5n1h2txyewy!App
PID: 13252
Audio Stream Category: 5"
"24-07-2026 14:33:27","25","Information","Microsoft-Windows-Audio","Stream stopped.
App Id: Microsoft.Windows.ShellExperienceHost_cw5n1h2txyewy!App
PID: 13252
Audio Stream Category: 5"
"24-07-2026 14:33:25","24","Information","Microsoft-Windows-Audio","Stream started.
App Id: Microsoft.Windows.ShellExperienceHost_cw5n1h2txyewy!App
PID: 13252
Audio Stream Category: 5"
"24-07-2026 14:27:17","25","Information","Microsoft-Windows-Audio","Stream stopped.
App Id: Microsoft.Windows.ShellExperienceHost_cw5n1h2txyewy!App
PID: 13252
Audio Stream Category: 5"
"24-07-2026 14:27:15","24","Information","Microsoft-Windows-Audio","Stream started.
App Id: Microsoft.Windows.ShellExperienceHost_cw5n1h2txyewy!App
PID: 13252
Audio Stream Category: 5"
"24-07-2026 12:54:47","25","Information","Microsoft-Windows-Audio","Stream stopped.
App Id: Microsoft.Windows.ShellExperienceHost_cw5n1h2txyewy!App
PID: 13252
Audio Stream Category: 5"
"24-07-2026 12:54:45","24","Information","Microsoft-Windows-Audio","Stream started.
App Id: Microsoft.Windows.ShellExperienceHost_cw5n1h2txyewy!App
PID: 13252
Audio Stream Category: 5"
"24-07-2026 12:42:35","25","Information","Microsoft-Windows-Audio","Stream stopped.
App Id: Microsoft.Windows.ShellExperienceHost_cw5n1h2txyewy!App
PID: 13252
Audio Stream Category: 5"
"24-07-2026 12:42:33","24","Information","Microsoft-Windows-Audio","Stream started.
App Id: Microsoft.Windows.ShellExperienceHost_cw5n1h2txyewy!App
PID: 13252
Audio Stream Category: 5"
"24-07-2026 12:31:27","25","Information","Microsoft-Windows-Audio","Stream stopped.
App Id: Microsoft.Windows.ShellExperienceHost_cw5n1h2txyewy!App
PID: 13252
Audio Stream Category: 5"
"24-07-2026 12:31:25","24","Information","Microsoft-Windows-Audio","Stream started.
App Id: Microsoft.Windows.ShellExperienceHost_cw5n1h2txyewy!App
PID: 13252
Audio Stream Category: 5"
"24-07-2026 11:55:03","25","Information","Microsoft-Windows-Audio","Stream stopped.
App Id: Microsoft.Windows.ShellExperienceHost_cw5n1h2txyewy!App
PID: 13252
Audio Stream Category: 5"
"24-07-2026 11:55:01","24","Information","Microsoft-Windows-Audio","Stream started.
App Id: Microsoft.Windows.ShellExperienceHost_cw5n1h2txyewy!App
PID: 13252
Audio Stream Category: 5"
"24-07-2026 11:39:30","25","Information","Microsoft-Windows-Audio","Stream stopped.
App Id: Microsoft.Windows.ShellExperienceHost_cw5n1h2txyewy!App
PID: 13252
Audio Stream Category: 5"
"24-07-2026 11:39:28","24","Information","Microsoft-Windows-Audio","Stream started.
App Id: Microsoft.Windows.ShellExperienceHost_cw5n1h2txyewy!App
PID: 13252
Audio Stream Category: 5"
"24-07-2026 10:04:17","25","Information","Microsoft-Windows-Audio","Stream stopped.
App Id: Microsoft.Windows.ShellExperienceHost_cw5n1h2txyewy!App
PID: 13252
Audio Stream Category: 5"
"24-07-2026 10:04:15","24","Information","Microsoft-Windows-Audio","Stream started.
App Id: Microsoft.Windows.ShellExperienceHost_cw5n1h2txyewy!App
PID: 13252
Audio Stream Category: 5"
"24-07-2026 09:33:44","25","Information","Microsoft-Windows-Audio","Stream stopped.
App Id: Microsoft.Windows.ShellExperienceHost_cw5n1h2txyewy!App
PID: 13252
Audio Stream Category: 5"
"24-07-2026 09:33:42","24","Information","Microsoft-Windows-Audio","Stream started.
App Id: Microsoft.Windows.ShellExperienceHost_cw5n1h2txyewy!App
PID: 13252
Audio Stream Category: 5"
"24-07-2026 09:31:18","25","Information","Microsoft-Windows-Audio","Stream stopped.
App Id: Microsoft.Windows.ShellExperienceHost_cw5n1h2txyewy!App
PID: 13252
Audio Stream Category: 5"
"24-07-2026 09:31:17","24","Information","Microsoft-Windows-Audio","Stream started.
App Id: Microsoft.Windows.ShellExperienceHost_cw5n1h2txyewy!App
PID: 13252
Audio Stream Category: 5"
"23-07-2026 18:44:36","25","Information","Microsoft-Windows-Audio","Stream stopped.
App Id: Microsoft.Windows.ShellExperienceHost_cw5n1h2txyewy!App
PID: 13252
Audio Stream Category: 5"
"23-07-2026 18:44:34","24","Information","Microsoft-Windows-Audio","Stream started.
App Id: Microsoft.Windows.ShellExperienceHost_cw5n1h2txyewy!App
PID: 13252
Audio Stream Category: 5"
"23-07-2026 18:40:15","25","Information","Microsoft-Windows-Audio","Stream stopped.
App Id: Microsoft.Windows.ShellExperienceHost_cw5n1h2txyewy!App
PID: 13252
Audio Stream Category: 5"
"23-07-2026 18:40:13","24","Information","Microsoft-Windows-Audio","Stream started.
App Id: Microsoft.Windows.ShellExperienceHost_cw5n1h2txyewy!App
PID: 13252
Audio Stream Category: 5"
"23-07-2026 18:22:03","25","Information","Microsoft-Windows-Audio","Stream stopped.
App Id: Microsoft.Windows.ShellExperienceHost_cw5n1h2txyewy!App
PID: 13252
Audio Stream Category: 5"
"23-07-2026 18:22:02","24","Information","Microsoft-Windows-Audio","Stream started.
App Id: Microsoft.Windows.ShellExperienceHost_cw5n1h2txyewy!App
PID: 13252
Audio Stream Category: 5"
"23-07-2026 18:21:09","25","Information","Microsoft-Windows-Audio","Stream stopped.
App Id: Microsoft.Windows.ShellExperienceHost_cw5n1h2txyewy!App
PID: 13252
Audio Stream Category: 5"
"23-07-2026 18:21:07","24","Information","Microsoft-Windows-Audio","Stream started.
App Id: Microsoft.Windows.ShellExperienceHost_cw5n1h2txyewy!App
PID: 13252
Audio Stream Category: 5"
"23-07-2026 18:21:05","25","Information","Microsoft-Windows-Audio","Stream stopped.
App Id: Microsoft.Windows.ShellExperienceHost_cw5n1h2txyewy!App
PID: 13252
Audio Stream Category: 5"
"23-07-2026 18:21:03","24","Information","Microsoft-Windows-Audio","Stream started.
App Id: Microsoft.Windows.ShellExperienceHost_cw5n1h2txyewy!App
PID: 13252
Audio Stream Category: 5"
"23-07-2026 18:21:02","25","Information","Microsoft-Windows-Audio","Stream stopped.
App Id: Microsoft.Windows.ShellExperienceHost_cw5n1h2txyewy!App
PID: 13252
Audio Stream Category: 5"
"23-07-2026 18:21:00","24","Information","Microsoft-Windows-Audio","Stream started.
App Id: Microsoft.Windows.ShellExperienceHost_cw5n1h2txyewy!App
PID: 13252
Audio Stream Category: 5"
"23-07-2026 18:20:55","25","Information","Microsoft-Windows-Audio","Stream stopped.
App Id: Microsoft.Windows.ShellExperienceHost_cw5n1h2txyewy!App
PID: 13252
Audio Stream Category: 5"
"23-07-2026 18:20:53","24","Information","Microsoft-Windows-Audio","Stream started.
App Id: Microsoft.Windows.ShellExperienceHost_cw5n1h2txyewy!App
PID: 13252
Audio Stream Category: 5"
"23-07-2026 12:59:43","25","Information","Microsoft-Windows-Audio","Stream stopped.
App Id: Microsoft.Windows.ShellExperienceHost_cw5n1h2txyewy!App
PID: 13252
Audio Stream Category: 5"
"23-07-2026 12:59:42","24","Information","Microsoft-Windows-Audio","Stream started.
App Id: Microsoft.Windows.ShellExperienceHost_cw5n1h2txyewy!App
PID: 13252
Audio Stream Category: 5"
"23-07-2026 11:00:08","25","Information","Microsoft-Windows-Audio","Stream stopped.
App Id: Microsoft.Windows.ShellExperienceHost_cw5n1h2txyewy!App
PID: 13252
Audio Stream Category: 5"
"23-07-2026 11:00:07","24","Information","Microsoft-Windows-Audio","Stream started.
App Id: Microsoft.Windows.ShellExperienceHost_cw5n1h2txyewy!App
PID: 13252
Audio Stream Category: 5"
"23-07-2026 10:03:55","25","Information","Microsoft-Windows-Audio","Stream stopped.
App Id: Microsoft.Windows.ShellExperienceHost_cw5n1h2txyewy!App
PID: 13252
Audio Stream Category: 5"
"23-07-2026 10:03:53","24","Information","Microsoft-Windows-Audio","Stream started.
App Id: Microsoft.Windows.ShellExperienceHost_cw5n1h2txyewy!App
PID: 13252
Audio Stream Category: 5"
"23-07-2026 09:37:42","25","Information","Microsoft-Windows-Audio","Stream stopped.
App Id: Microsoft.Windows.ShellExperienceHost_cw5n1h2txyewy!App
PID: 13252
Audio Stream Category: 5"
"23-07-2026 09:37:40","24","Information","Microsoft-Windows-Audio","Stream started.
App Id: Microsoft.Windows.ShellExperienceHost_cw5n1h2txyewy!App
PID: 13252
Audio Stream Category: 5"
"23-07-2026 09:37:37","25","Information","Microsoft-Windows-Audio","Stream stopped.
App Id: Microsoft.Windows.ShellExperienceHost_cw5n1h2txyewy!App
PID: 13252
Audio Stream Category: 5"
"23-07-2026 09:37:35","24","Information","Microsoft-Windows-Audio","Stream started.
App Id: Microsoft.Windows.ShellExperienceHost_cw5n1h2txyewy!App
PID: 13252
Audio Stream Category: 5"
"23-07-2026 09:37:31","25","Information","Microsoft-Windows-Audio","Stream stopped.
App Id: Microsoft.Windows.ShellExperienceHost_cw5n1h2txyewy!App
PID: 13252
Audio Stream Category: 5"
"23-07-2026 09:37:29","24","Information","Microsoft-Windows-Audio","Stream started.
App Id: Microsoft.Windows.ShellExperienceHost_cw5n1h2txyewy!App
PID: 13252
Audio Stream Category: 5"
"22-07-2026 17:08:44","25","Information","Microsoft-Windows-Audio","Stream stopped.
App Id: Microsoft.Windows.ShellExperienceHost_cw5n1h2txyewy!App
PID: 13252
Audio Stream Category: 5"
"22-07-2026 17:08:42","24","Information","Microsoft-Windows-Audio","Stream started.
App Id: Microsoft.Windows.ShellExperienceHost_cw5n1h2txyewy!App
PID: 13252
Audio Stream Category: 5"
"22-07-2026 16:59:34","25","Information","Microsoft-Windows-Audio","Stream stopped.
App Id: Microsoft.Windows.ShellExperienceHost_cw5n1h2txyewy!App
PID: 13252
Audio Stream Category: 5"
"22-07-2026 16:59:32","24","Information","Microsoft-Windows-Audio","Stream started.
App Id: Microsoft.Windows.ShellExperienceHost_cw5n1h2txyewy!App
PID: 13252
Audio Stream Category: 5"
"22-07-2026 12:08:51","25","Information","Microsoft-Windows-Audio","Stream stopped.
App Id: Microsoft.Windows.ShellExperienceHost_cw5n1h2txyewy!App
PID: 13252
Audio Stream Category: 5"
"22-07-2026 12:08:49","24","Information","Microsoft-Windows-Audio","Stream started.
App Id: Microsoft.Windows.ShellExperienceHost_cw5n1h2txyewy!App
PID: 13252
Audio Stream Category: 5"
"22-07-2026 11:37:22","25","Information","Microsoft-Windows-Audio","Stream stopped.
App Id: Microsoft.Windows.ShellExperienceHost_cw5n1h2txyewy!App
PID: 13252
Audio Stream Category: 5"
"22-07-2026 11:37:21","24","Information","Microsoft-Windows-Audio","Stream started.
App Id: Microsoft.Windows.ShellExperienceHost_cw5n1h2txyewy!App
PID: 13252
Audio Stream Category: 5"
"22-07-2026 11:21:16","25","Information","Microsoft-Windows-Audio","Stream stopped.
App Id: Microsoft.Windows.ShellExperienceHost_cw5n1h2txyewy!App
PID: 13252
Audio Stream Category: 5"
"22-07-2026 11:21:14","24","Information","Microsoft-Windows-Audio","Stream started.
App Id: Microsoft.Windows.ShellExperienceHost_cw5n1h2txyewy!App
PID: 13252
Audio Stream Category: 5"
"22-07-2026 11:09:04","25","Information","Microsoft-Windows-Audio","Stream stopped.
App Id: Microsoft.Windows.ShellExperienceHost_cw5n1h2txyewy!App
PID: 13252
Audio Stream Category: 5"
"22-07-2026 11:09:03","24","Information","Microsoft-Windows-Audio","Stream started.
App Id: Microsoft.Windows.ShellExperienceHost_cw5n1h2txyewy!App
PID: 13252
Audio Stream Category: 5"
"22-07-2026 11:07:47","25","Information","Microsoft-Windows-Audio","Stream stopped.
App Id: Microsoft.Windows.ShellExperienceHost_cw5n1h2txyewy!App
PID: 13252
Audio Stream Category: 5"
"22-07-2026 11:07:46","24","Information","Microsoft-Windows-Audio","Stream started.
App Id: Microsoft.Windows.ShellExperienceHost_cw5n1h2txyewy!App
PID: 13252
Audio Stream Category: 5"
"22-07-2026 11:05:24","22","Information","Microsoft-Windows-Audio","Suspended: false"
"22-07-2026 11:05:24","22","Information","Microsoft-Windows-Audio","Suspended: true"
"22-07-2026 11:05:21","25","Information","Microsoft-Windows-Audio","Stream stopped.
App Id: Microsoft.Windows.ShellExperienceHost_cw5n1h2txyewy!App
PID: 13252
Audio Stream Category: 5"
"22-07-2026 11:05:19","24","Information","Microsoft-Windows-Audio","Stream started.
App Id: Microsoft.Windows.ShellExperienceHost_cw5n1h2txyewy!App
PID: 13252
Audio Stream Category: 5"
"22-07-2026 11:04:41","25","Information","Microsoft-Windows-Audio","Stream stopped.
App Id: Microsoft.Windows.ShellExperienceHost_cw5n1h2txyewy!App
PID: 13252
Audio Stream Category: 5"
"22-07-2026 11:04:39","24","Information","Microsoft-Windows-Audio","Stream started.
App Id: Microsoft.Windows.ShellExperienceHost_cw5n1h2txyewy!App
PID: 13252
Audio Stream Category: 5"
"22-07-2026 10:54:26","25","Information","Microsoft-Windows-Audio","Stream stopped.
App Id: Microsoft.Windows.ShellExperienceHost_cw5n1h2txyewy!App
PID: 13252
Audio Stream Category: 5"
"22-07-2026 10:54:25","24","Information","Microsoft-Windows-Audio","Stream started.
App Id: Microsoft.Windows.ShellExperienceHost_cw5n1h2txyewy!App
PID: 13252
Audio Stream Category: 5"
"22-07-2026 10:53:22","25","Information","Microsoft-Windows-Audio","Stream stopped.
App Id: Microsoft.Windows.ShellExperienceHost_cw5n1h2txyewy!App
PID: 13252
Audio Stream Category: 5"
"22-07-2026 10:53:21","24","Information","Microsoft-Windows-Audio","Stream started.
App Id: Microsoft.Windows.ShellExperienceHost_cw5n1h2txyewy!App
PID: 13252
Audio Stream Category: 5"
"22-07-2026 10:52:50","25","Information","Microsoft-Windows-Audio","Stream stopped.
App Id: Microsoft.Windows.ShellExperienceHost_cw5n1h2txyewy!App
PID: 13252
Audio Stream Category: 5"
"22-07-2026 10:52:49","24","Information","Microsoft-Windows-Audio","Stream started.
App Id: Microsoft.Windows.ShellExperienceHost_cw5n1h2txyewy!App
PID: 13252
Audio Stream Category: 5"
"22-07-2026 10:51:31","25","Information","Microsoft-Windows-Audio","Stream stopped.
App Id: Microsoft.Windows.ShellExperienceHost_cw5n1h2txyewy!App
PID: 13252
Audio Stream Category: 5"
"22-07-2026 10:51:30","24","Information","Microsoft-Windows-Audio","Stream started.
App Id: Microsoft.Windows.ShellExperienceHost_cw5n1h2txyewy!App
PID: 13252
Audio Stream Category: 5"
"22-07-2026 10:46:00","25","Information","Microsoft-Windows-Audio","Stream stopped.
App Id: Microsoft.Windows.ShellExperienceHost_cw5n1h2txyewy!App
PID: 13252
Audio Stream Category: 5"
"22-07-2026 10:45:58","24","Information","Microsoft-Windows-Audio","Stream started.
App Id: Microsoft.Windows.ShellExperienceHost_cw5n1h2txyewy!App
PID: 13252
Audio Stream Category: 5"
"22-07-2026 10:33:49","25","Information","Microsoft-Windows-Audio","Stream stopped.
App Id: Microsoft.Windows.ShellExperienceHost_cw5n1h2txyewy!App
PID: 13252
Audio Stream Category: 5"
"22-07-2026 10:33:47","24","Information","Microsoft-Windows-Audio","Stream started.
App Id: Microsoft.Windows.ShellExperienceHost_cw5n1h2txyewy!App
PID: 13252
Audio Stream Category: 5"
"22-07-2026 10:28:55","25","Information","Microsoft-Windows-Audio","Stream stopped.
App Id: Microsoft.Windows.ShellExperienceHost_cw5n1h2txyewy!App
PID: 13252
Audio Stream Category: 5"
"22-07-2026 10:28:53","24","Information","Microsoft-Windows-Audio","Stream started.
App Id: Microsoft.Windows.ShellExperienceHost_cw5n1h2txyewy!App
PID: 13252
Audio Stream Category: 5"
"22-07-2026 10:04:22","25","Information","Microsoft-Windows-Audio","Stream stopped.
App Id: Microsoft.Windows.ShellExperienceHost_cw5n1h2txyewy!App
PID: 13252
Audio Stream Category: 5"
"22-07-2026 10:04:20","24","Information","Microsoft-Windows-Audio","Stream started.
App Id: Microsoft.Windows.ShellExperienceHost_cw5n1h2txyewy!App
PID: 13252
Audio Stream Category: 5"
"22-07-2026 10:02:22","25","Information","Microsoft-Windows-Audio","Stream stopped.
App Id: Microsoft.Windows.ShellExperienceHost_cw5n1h2txyewy!App
PID: 13252
Audio Stream Category: 5"
"22-07-2026 10:02:20","24","Information","Microsoft-Windows-Audio","Stream started.
App Id: Microsoft.Windows.ShellExperienceHost_cw5n1h2txyewy!App
PID: 13252
Audio Stream Category: 5"
"22-07-2026 10:02:16","25","Information","Microsoft-Windows-Audio","Stream stopped.
App Id: Microsoft.Windows.ShellExperienceHost_cw5n1h2txyewy!App
PID: 13252
Audio Stream Category: 5"
"22-07-2026 10:02:14","24","Information","Microsoft-Windows-Audio","Stream started.
App Id: Microsoft.Windows.ShellExperienceHost_cw5n1h2txyewy!App
PID: 13252
Audio Stream Category: 5"
"22-07-2026 09:50:55","25","Information","Microsoft-Windows-Audio","Stream stopped.
App Id: Microsoft.Windows.ShellExperienceHost_cw5n1h2txyewy!App
PID: 13252
Audio Stream Category: 5"
"22-07-2026 09:50:53","24","Information","Microsoft-Windows-Audio","Stream started.
App Id: Microsoft.Windows.ShellExperienceHost_cw5n1h2txyewy!App
PID: 13252
Audio Stream Category: 5"
"22-07-2026 09:43:49","25","Information","Microsoft-Windows-Audio","Stream stopped.
App Id: Microsoft.Windows.ShellExperienceHost_cw5n1h2txyewy!App
PID: 13252
Audio Stream Category: 5"
"22-07-2026 09:43:47","24","Information","Microsoft-Windows-Audio","Stream started.
App Id: Microsoft.Windows.ShellExperienceHost_cw5n1h2txyewy!App
PID: 13252
Audio Stream Category: 5"
"22-07-2026 09:43:42","25","Information","Microsoft-Windows-Audio","Stream stopped.
App Id: Microsoft.Windows.ShellExperienceHost_cw5n1h2txyewy!App
PID: 13252
Audio Stream Category: 5"
"22-07-2026 09:43:40","24","Information","Microsoft-Windows-Audio","Stream started.
App Id: Microsoft.Windows.ShellExperienceHost_cw5n1h2txyewy!App
PID: 13252
Audio Stream Category: 5"
"22-07-2026 09:43:35","25","Information","Microsoft-Windows-Audio","Stream stopped.
App Id: Microsoft.Windows.ShellExperienceHost_cw5n1h2txyewy!App
PID: 13252
Audio Stream Category: 5"
"22-07-2026 09:43:33","24","Information","Microsoft-Windows-Audio","Stream started.
App Id: Microsoft.Windows.ShellExperienceHost_cw5n1h2txyewy!App
PID: 13252
Audio Stream Category: 5"
"21-07-2026 18:44:23","25","Information","Microsoft-Windows-Audio","Stream stopped.
App Id: Microsoft.Windows.ShellExperienceHost_cw5n1h2txyewy!App
PID: 13252
Audio Stream Category: 5"
"21-07-2026 18:44:21","24","Information","Microsoft-Windows-Audio","Stream started.
App Id: Microsoft.Windows.ShellExperienceHost_cw5n1h2txyewy!App
PID: 13252
Audio Stream Category: 5"
"21-07-2026 17:42:23","25","Information","Microsoft-Windows-Audio","Stream stopped.
App Id: Microsoft.Windows.ShellExperienceHost_cw5n1h2txyewy!App
PID: 13252
Audio Stream Category: 5"
"21-07-2026 17:42:22","24","Information","Microsoft-Windows-Audio","Stream started.
App Id: Microsoft.Windows.ShellExperienceHost_cw5n1h2txyewy!App
PID: 13252
Audio Stream Category: 5"
"21-07-2026 17:04:17","25","Information","Microsoft-Windows-Audio","Stream stopped.
App Id: Microsoft.Windows.ShellExperienceHost_cw5n1h2txyewy!App
PID: 13252
Audio Stream Category: 5"
"21-07-2026 17:04:15","24","Information","Microsoft-Windows-Audio","Stream started.
App Id: Microsoft.Windows.ShellExperienceHost_cw5n1h2txyewy!App
PID: 13252
Audio Stream Category: 5"
"21-07-2026 16:02:23","25","Information","Microsoft-Windows-Audio","Stream stopped.
App Id: Microsoft.Windows.ShellExperienceHost_cw5n1h2txyewy!App
PID: 13252
Audio Stream Category: 5"
"21-07-2026 16:02:21","24","Information","Microsoft-Windows-Audio","Stream started.
App Id: Microsoft.Windows.ShellExperienceHost_cw5n1h2txyewy!App
PID: 13252
Audio Stream Category: 5"
"21-07-2026 15:01:22","25","Information","Microsoft-Windows-Audio","Stream stopped.
App Id: Microsoft.Windows.ShellExperienceHost_cw5n1h2txyewy!App
PID: 13252
Audio Stream Category: 5"
"21-07-2026 15:01:20","24","Information","Microsoft-Windows-Audio","Stream started.
App Id: Microsoft.Windows.ShellExperienceHost_cw5n1h2txyewy!App
PID: 13252
Audio Stream Category: 5"
"21-07-2026 12:39:03","25","Information","Microsoft-Windows-Audio","Stream stopped.
App Id: Microsoft.Windows.ShellExperienceHost_cw5n1h2txyewy!App
PID: 13252
Audio Stream Category: 5"
"21-07-2026 12:39:01","24","Information","Microsoft-Windows-Audio","Stream started.
App Id: Microsoft.Windows.ShellExperienceHost_cw5n1h2txyewy!App
PID: 13252
Audio Stream Category: 5"
"21-07-2026 12:31:06","25","Information","Microsoft-Windows-Audio","Stream stopped.
App Id: Microsoft.Windows.ShellExperienceHost_cw5n1h2txyewy!App
PID: 13252
Audio Stream Category: 5"
"21-07-2026 12:31:04","24","Information","Microsoft-Windows-Audio","Stream started.
App Id: Microsoft.Windows.ShellExperienceHost_cw5n1h2txyewy!App
PID: 13252
Audio Stream Category: 5"
"21-07-2026 12:05:04","25","Information","Microsoft-Windows-Audio","Stream stopped.
App Id: Microsoft.Windows.ShellExperienceHost_cw5n1h2txyewy!App
PID: 13252
Audio Stream Category: 5"
"21-07-2026 12:05:02","24","Information","Microsoft-Windows-Audio","Stream started.
App Id: Microsoft.Windows.ShellExperienceHost_cw5n1h2txyewy!App
PID: 13252
Audio Stream Category: 5"
"21-07-2026 12:03:16","25","Information","Microsoft-Windows-Audio","Stream stopped.
App Id: Microsoft.Windows.ShellExperienceHost_cw5n1h2txyewy!App
PID: 13252
Audio Stream Category: 5"
"21-07-2026 12:03:14","24","Information","Microsoft-Windows-Audio","Stream started.
App Id: Microsoft.Windows.ShellExperienceHost_cw5n1h2txyewy!App
PID: 13252
Audio Stream Category: 5"
"21-07-2026 12:03:09","25","Information","Microsoft-Windows-Audio","Stream stopped.
App Id: Microsoft.Windows.ShellExperienceHost_cw5n1h2txyewy!App
PID: 13252
Audio Stream Category: 5"
"21-07-2026 12:03:07","24","Information","Microsoft-Windows-Audio","Stream started.
App Id: Microsoft.Windows.ShellExperienceHost_cw5n1h2txyewy!App
PID: 13252
Audio Stream Category: 5"
"21-07-2026 11:03:15","25","Information","Microsoft-Windows-Audio","Stream stopped.
App Id: Microsoft.Windows.ShellExperienceHost_cw5n1h2txyewy!App
PID: 13252
Audio Stream Category: 5"
"21-07-2026 11:03:13","24","Information","Microsoft-Windows-Audio","Stream started.
App Id: Microsoft.Windows.ShellExperienceHost_cw5n1h2txyewy!App
PID: 13252
Audio Stream Category: 5"
"21-07-2026 08:55:40","25","Information","Microsoft-Windows-Audio","Stream stopped.
App Id: Microsoft.Windows.ShellExperienceHost_cw5n1h2txyewy!App
PID: 13252
Audio Stream Category: 5"
"21-07-2026 08:55:39","24","Information","Microsoft-Windows-Audio","Stream started.
App Id: Microsoft.Windows.ShellExperienceHost_cw5n1h2txyewy!App
PID: 13252
Audio Stream Category: 5"
"21-07-2026 08:48:52","25","Information","Microsoft-Windows-Audio","Stream stopped.
App Id: Microsoft.Windows.ShellExperienceHost_cw5n1h2txyewy!App
PID: 13252
Audio Stream Category: 5"
"21-07-2026 08:48:51","24","Information","Microsoft-Windows-Audio","Stream started.
App Id: Microsoft.Windows.ShellExperienceHost_cw5n1h2txyewy!App
PID: 13252
Audio Stream Category: 5"
"21-07-2026 08:48:38","25","Information","Microsoft-Windows-Audio","Stream stopped.
App Id: Microsoft.Windows.ShellExperienceHost_cw5n1h2txyewy!App
PID: 13252
Audio Stream Category: 5"
"21-07-2026 08:48:36","24","Information","Microsoft-Windows-Audio","Stream started.
App Id: Microsoft.Windows.ShellExperienceHost_cw5n1h2txyewy!App
PID: 13252
Audio Stream Category: 5"
"20-07-2026 16:15:01","25","Information","Microsoft-Windows-Audio","Stream stopped.
App Id: Microsoft.Windows.ShellExperienceHost_cw5n1h2txyewy!App
PID: 20468
Audio Stream Category: 5"
"20-07-2026 16:14:59","24","Information","Microsoft-Windows-Audio","Stream started.
App Id: Microsoft.Windows.ShellExperienceHost_cw5n1h2txyewy!App
PID: 20468
Audio Stream Category: 5"
"20-07-2026 16:09:08","25","Information","Microsoft-Windows-Audio","Stream stopped.
App Id: Microsoft.Windows.ShellExperienceHost_cw5n1h2txyewy!App
PID: 20468
Audio Stream Category: 5"
"20-07-2026 16:09:06","24","Information","Microsoft-Windows-Audio","Stream started.
App Id: Microsoft.Windows.ShellExperienceHost_cw5n1h2txyewy!App
PID: 20468
Audio Stream Category: 5"
"20-07-2026 16:05:46","25","Information","Microsoft-Windows-Audio","Stream stopped.
App Id: Microsoft.Windows.ShellExperienceHost_cw5n1h2txyewy!App
PID: 20468
Audio Stream Category: 5"
"20-07-2026 16:05:44","24","Information","Microsoft-Windows-Audio","Stream started.
App Id: Microsoft.Windows.ShellExperienceHost_cw5n1h2txyewy!App
PID: 20468
Audio Stream Category: 5"
"20-07-2026 15:08:11","25","Information","Microsoft-Windows-Audio","Stream stopped.
App Id: Microsoft.Windows.ShellExperienceHost_cw5n1h2txyewy!App
PID: 20468
Audio Stream Category: 5"
"20-07-2026 15:08:09","24","Information","Microsoft-Windows-Audio","Stream started.
App Id: Microsoft.Windows.ShellExperienceHost_cw5n1h2txyewy!App
PID: 20468
Audio Stream Category: 5"
"20-07-2026 15:05:11","22","Information","Microsoft-Windows-Audio","Suspended: false"
"20-07-2026 15:05:11","22","Information","Microsoft-Windows-Audio","Suspended: true"
"20-07-2026 15:05:06","25","Information","Microsoft-Windows-Audio","Stream stopped.
App Id: Microsoft.Windows.ShellExperienceHost_cw5n1h2txyewy!App
PID: 20468
Audio Stream Category: 5"
"20-07-2026 15:05:04","24","Information","Microsoft-Windows-Audio","Stream started.
App Id: Microsoft.Windows.ShellExperienceHost_cw5n1h2txyewy!App
PID: 20468
Audio Stream Category: 5"
"20-07-2026 15:04:59","25","Information","Microsoft-Windows-Audio","Stream stopped.
App Id: Microsoft.Windows.ShellExperienceHost_cw5n1h2txyewy!App
PID: 20468
Audio Stream Category: 5"
"20-07-2026 15:04:58","24","Information","Microsoft-Windows-Audio","Stream started.
App Id: Microsoft.Windows.ShellExperienceHost_cw5n1h2txyewy!App
PID: 20468
Audio Stream Category: 5"
"20-07-2026 12:31:41","25","Information","Microsoft-Windows-Audio","Stream stopped.
App Id: Microsoft.Windows.ShellExperienceHost_cw5n1h2txyewy!App
PID: 18304
Audio Stream Category: 5"
"20-07-2026 12:31:39","24","Information","Microsoft-Windows-Audio","Stream started.
App Id: Microsoft.Windows.ShellExperienceHost_cw5n1h2txyewy!App
PID: 18304
Audio Stream Category: 5"
"20-07-2026 12:28:55","25","Information","Microsoft-Windows-Audio","Stream stopped.
App Id: Microsoft.Windows.ShellExperienceHost_cw5n1h2txyewy!App
PID: 18304
Audio Stream Category: 5"
"20-07-2026 12:28:54","24","Information","Microsoft-Windows-Audio","Stream started.
App Id: Microsoft.Windows.ShellExperienceHost_cw5n1h2txyewy!App
PID: 18304
Audio Stream Category: 5"
"20-07-2026 12:24:37","25","Information","Microsoft-Windows-Audio","Stream stopped.
App Id: Microsoft.Windows.ShellExperienceHost_cw5n1h2txyewy!App
PID: 18304
Audio Stream Category: 5"
"20-07-2026 12:24:35","24","Information","Microsoft-Windows-Audio","Stream started.
App Id: Microsoft.Windows.ShellExperienceHost_cw5n1h2txyewy!App
PID: 18304
Audio Stream Category: 5"
"20-07-2026 12:12:46","25","Information","Microsoft-Windows-Audio","Stream stopped.
App Id: Microsoft.Windows.ShellExperienceHost_cw5n1h2txyewy!App
PID: 18304
Audio Stream Category: 5"
"20-07-2026 12:12:44","24","Information","Microsoft-Windows-Audio","Stream started.
App Id: Microsoft.Windows.ShellExperienceHost_cw5n1h2txyewy!App
PID: 18304
Audio Stream Category: 5"
"20-07-2026 12:10:48","25","Information","Microsoft-Windows-Audio","Stream stopped.
App Id: Microsoft.Windows.ShellExperienceHost_cw5n1h2txyewy!App
PID: 18304
Audio Stream Category: 5"
"20-07-2026 12:10:46","24","Information","Microsoft-Windows-Audio","Stream started.
App Id: Microsoft.Windows.ShellExperienceHost_cw5n1h2txyewy!App
PID: 18304
Audio Stream Category: 5"
"20-07-2026 12:09:36","25","Information","Microsoft-Windows-Audio","Stream stopped.
App Id: Microsoft.Windows.ShellExperienceHost_cw5n1h2txyewy!App
PID: 18304
Audio Stream Category: 5"
"20-07-2026 12:09:34","24","Information","Microsoft-Windows-Audio","Stream started.
App Id: Microsoft.Windows.ShellExperienceHost_cw5n1h2txyewy!App
PID: 18304
Audio Stream Category: 5"
"20-07-2026 11:59:53","25","Information","Microsoft-Windows-Audio","Stream stopped.
App Id: Microsoft.Windows.ShellExperienceHost_cw5n1h2txyewy!App
PID: 18304
Audio Stream Category: 5"
"20-07-2026 11:59:51","24","Information","Microsoft-Windows-Audio","Stream started.
App Id: Microsoft.Windows.ShellExperienceHost_cw5n1h2txyewy!App
PID: 18304
Audio Stream Category: 5"
"20-07-2026 11:17:42","25","Information","Microsoft-Windows-Audio","Stream stopped.
App Id: Microsoft.Windows.ShellExperienceHost_cw5n1h2txyewy!App
PID: 18304
Audio Stream Category: 5"
"20-07-2026 11:17:40","24","Information","Microsoft-Windows-Audio","Stream started.
App Id: Microsoft.Windows.ShellExperienceHost_cw5n1h2txyewy!App
PID: 18304
Audio Stream Category: 5"
"20-07-2026 11:17:23","25","Information","Microsoft-Windows-Audio","Stream stopped.
App Id: Microsoft.Windows.ShellExperienceHost_cw5n1h2txyewy!App
PID: 18304
Audio Stream Category: 5"
"20-07-2026 11:17:21","24","Information","Microsoft-Windows-Audio","Stream started.
App Id: Microsoft.Windows.ShellExperienceHost_cw5n1h2txyewy!App
PID: 18304
Audio Stream Category: 5"
"20-07-2026 11:14:38","25","Information","Microsoft-Windows-Audio","Stream stopped.
App Id: Microsoft.Windows.ShellExperienceHost_cw5n1h2txyewy!App
PID: 18304
Audio Stream Category: 5"
"20-07-2026 11:14:36","24","Information","Microsoft-Windows-Audio","Stream started.
App Id: Microsoft.Windows.ShellExperienceHost_cw5n1h2txyewy!App
PID: 18304
Audio Stream Category: 5"
"20-07-2026 11:05:08","25","Information","Microsoft-Windows-Audio","Stream stopped.
App Id: Microsoft.Windows.ShellExperienceHost_cw5n1h2txyewy!App
PID: 18304
Audio Stream Category: 5"
"20-07-2026 11:05:06","24","Information","Microsoft-Windows-Audio","Stream started.
App Id: Microsoft.Windows.ShellExperienceHost_cw5n1h2txyewy!App
PID: 18304
Audio Stream Category: 5"
"20-07-2026 10:32:21","25","Information","Microsoft-Windows-Audio","Stream stopped.
App Id: Microsoft.Windows.ShellExperienceHost_cw5n1h2txyewy!App
PID: 18304
Audio Stream Category: 5"
"20-07-2026 10:32:20","24","Information","Microsoft-Windows-Audio","Stream started.
App Id: Microsoft.Windows.ShellExperienceHost_cw5n1h2txyewy!App
PID: 18304
Audio Stream Category: 5"
"20-07-2026 10:22:27","25","Information","Microsoft-Windows-Audio","Stream stopped.
App Id: Microsoft.Windows.ShellExperienceHost_cw5n1h2txyewy!App
PID: 18304
Audio Stream Category: 5"
"20-07-2026 10:22:25","24","Information","Microsoft-Windows-Audio","Stream started.
App Id: Microsoft.Windows.ShellExperienceHost_cw5n1h2txyewy!App
PID: 18304
Audio Stream Category: 5"
"20-07-2026 09:59:51","25","Information","Microsoft-Windows-Audio","Stream stopped.
App Id: Microsoft.Windows.ShellExperienceHost_cw5n1h2txyewy!App
PID: 18304
Audio Stream Category: 5"
"20-07-2026 09:59:49","24","Information","Microsoft-Windows-Audio","Stream started.
App Id: Microsoft.Windows.ShellExperienceHost_cw5n1h2txyewy!App
PID: 18304
Audio Stream Category: 5"
"15-07-2026 17:59:52","23","Information","Microsoft-Windows-Audio","Released exclusive mode resource false
Released offload mode resource false"
"15-07-2026 16:34:32","25","Information","Microsoft-Windows-Audio","Stream stopped.
App Id: Microsoft.Windows.ShellExperienceHost_cw5n1h2txyewy!App
PID: 18304
Audio Stream Category: 5"
"15-07-2026 16:34:30","24","Information","Microsoft-Windows-Audio","Stream started.
App Id: Microsoft.Windows.ShellExperienceHost_cw5n1h2txyewy!App
PID: 18304
Audio Stream Category: 5"
"15-07-2026 14:45:14","25","Information","Microsoft-Windows-Audio","Stream stopped.
App Id: Microsoft.Windows.ShellExperienceHost_cw5n1h2txyewy!App
PID: 18304
Audio Stream Category: 5"
"15-07-2026 14:45:12","24","Information","Microsoft-Windows-Audio","Stream started.
App Id: Microsoft.Windows.ShellExperienceHost_cw5n1h2txyewy!App
PID: 18304
Audio Stream Category: 5"
"15-07-2026 14:42:54","25","Information","Microsoft-Windows-Audio","Stream stopped.
App Id: Microsoft.Windows.ShellExperienceHost_cw5n1h2txyewy!App
PID: 18304
Audio Stream Category: 5"
"15-07-2026 14:42:52","24","Information","Microsoft-Windows-Audio","Stream started.
App Id: Microsoft.Windows.ShellExperienceHost_cw5n1h2txyewy!App
PID: 18304
Audio Stream Category: 5"
"15-07-2026 14:37:28","25","Information","Microsoft-Windows-Audio","Stream stopped.
App Id: Microsoft.Windows.ShellExperienceHost_cw5n1h2txyewy!App
PID: 18304
Audio Stream Category: 5"
"15-07-2026 14:37:26","24","Information","Microsoft-Windows-Audio","Stream started.
App Id: Microsoft.Windows.ShellExperienceHost_cw5n1h2txyewy!App
PID: 18304
Audio Stream Category: 5"
"15-07-2026 13:04:04","25","Information","Microsoft-Windows-Audio","Stream stopped.
App Id: Microsoft.Windows.ShellExperienceHost_cw5n1h2txyewy!App
PID: 18304
Audio Stream Category: 5"
"15-07-2026 13:04:02","24","Information","Microsoft-Windows-Audio","Stream started.
App Id: Microsoft.Windows.ShellExperienceHost_cw5n1h2txyewy!App
PID: 18304
Audio Stream Category: 5"
"15-07-2026 12:34:06","25","Information","Microsoft-Windows-Audio","Stream stopped.
App Id: Microsoft.Windows.ShellExperienceHost_cw5n1h2txyewy!App
PID: 18304
Audio Stream Category: 5"
"15-07-2026 12:34:05","24","Information","Microsoft-Windows-Audio","Stream started.
App Id: Microsoft.Windows.ShellExperienceHost_cw5n1h2txyewy!App
PID: 18304
Audio Stream Category: 5"
"15-07-2026 12:29:08","25","Information","Microsoft-Windows-Audio","Stream stopped.
App Id: Microsoft.Windows.ShellExperienceHost_cw5n1h2txyewy!App
PID: 18304
Audio Stream Category: 5"
"15-07-2026 12:29:06","24","Information","Microsoft-Windows-Audio","Stream started.
App Id: Microsoft.Windows.ShellExperienceHost_cw5n1h2txyewy!App
PID: 18304
Audio Stream Category: 5"
"15-07-2026 12:12:58","25","Information","Microsoft-Windows-Audio","Stream stopped.
App Id: Microsoft.Windows.ShellExperienceHost_cw5n1h2txyewy!App
PID: 18304
Audio Stream Category: 5"
"15-07-2026 12:12:56","24","Information","Microsoft-Windows-Audio","Stream started.
App Id: Microsoft.Windows.ShellExperienceHost_cw5n1h2txyewy!App
PID: 18304
Audio Stream Category: 5"
"15-07-2026 11:26:15","25","Information","Microsoft-Windows-Audio","Stream stopped.
App Id: Microsoft.Windows.ShellExperienceHost_cw5n1h2txyewy!App
PID: 18304
Audio Stream Category: 5"
"15-07-2026 11:26:13","24","Information","Microsoft-Windows-Audio","Stream started.
App Id: Microsoft.Windows.ShellExperienceHost_cw5n1h2txyewy!App
PID: 18304
Audio Stream Category: 5"
"15-07-2026 11:23:21","25","Information","Microsoft-Windows-Audio","Stream stopped.
App Id: Microsoft.Windows.ShellExperienceHost_cw5n1h2txyewy!App
PID: 18304
Audio Stream Category: 5"
"15-07-2026 11:23:19","24","Information","Microsoft-Windows-Audio","Stream started.
App Id: Microsoft.Windows.ShellExperienceHost_cw5n1h2txyewy!App
PID: 18304
Audio Stream Category: 5"
"15-07-2026 11:22:23","25","Information","Microsoft-Windows-Audio","Stream stopped.
App Id: Microsoft.Windows.ShellExperienceHost_cw5n1h2txyewy!App
PID: 18304
Audio Stream Category: 5"
"15-07-2026 11:22:21","24","Information","Microsoft-Windows-Audio","Stream started.
App Id: Microsoft.Windows.ShellExperienceHost_cw5n1h2txyewy!App
PID: 18304
Audio Stream Category: 5"
"15-07-2026 11:04:02","25","Information","Microsoft-Windows-Audio","Stream stopped.
App Id: Microsoft.Windows.ShellExperienceHost_cw5n1h2txyewy!App
PID: 18304
Audio Stream Category: 5"
"15-07-2026 11:04:00","24","Information","Microsoft-Windows-Audio","Stream started.
App Id: Microsoft.Windows.ShellExperienceHost_cw5n1h2txyewy!App
PID: 18304
Audio Stream Category: 5"
"15-07-2026 11:00:32","25","Information","Microsoft-Windows-Audio","Stream stopped.
App Id: Microsoft.Windows.ShellExperienceHost_cw5n1h2txyewy!App
PID: 18304
Audio Stream Category: 5"
"15-07-2026 11:00:30","24","Information","Microsoft-Windows-Audio","Stream started.
App Id: Microsoft.Windows.ShellExperienceHost_cw5n1h2txyewy!App
PID: 18304
Audio Stream Category: 5"
"15-07-2026 09:47:09","25","Information","Microsoft-Windows-Audio","Stream stopped.
App Id: Microsoft.Windows.ShellExperienceHost_cw5n1h2txyewy!App
PID: 18304
Audio Stream Category: 5"
"15-07-2026 09:47:07","24","Information","Microsoft-Windows-Audio","Stream started.
App Id: Microsoft.Windows.ShellExperienceHost_cw5n1h2txyewy!App
PID: 18304
Audio Stream Category: 5"
"15-07-2026 09:45:25","25","Information","Microsoft-Windows-Audio","Stream stopped.
App Id: Microsoft.Windows.ShellExperienceHost_cw5n1h2txyewy!App
PID: 18304
Audio Stream Category: 5"
"15-07-2026 09:45:23","24","Information","Microsoft-Windows-Audio","Stream started.
App Id: Microsoft.Windows.ShellExperienceHost_cw5n1h2txyewy!App
PID: 18304
Audio Stream Category: 5"
"15-07-2026 09:45:08","25","Information","Microsoft-Windows-Audio","Stream stopped.
App Id: Microsoft.Windows.ShellExperienceHost_cw5n1h2txyewy!App
PID: 18304
Audio Stream Category: 5"
"15-07-2026 09:45:06","24","Information","Microsoft-Windows-Audio","Stream started.
App Id: Microsoft.Windows.ShellExperienceHost_cw5n1h2txyewy!App
PID: 18304
Audio Stream Category: 5"
"15-07-2026 09:44:04","25","Information","Microsoft-Windows-Audio","Stream stopped.
App Id: Microsoft.Windows.ShellExperienceHost_cw5n1h2txyewy!App
PID: 18304
Audio Stream Category: 5"
"15-07-2026 09:44:02","24","Information","Microsoft-Windows-Audio","Stream started.
App Id: Microsoft.Windows.ShellExperienceHost_cw5n1h2txyewy!App
PID: 18304
Audio Stream Category: 5"
"14-07-2026 18:28:32","25","Information","Microsoft-Windows-Audio","Stream stopped.
App Id: Microsoft.Windows.ShellExperienceHost_cw5n1h2txyewy!App
PID: 18304
Audio Stream Category: 5"
"14-07-2026 18:28:30","24","Information","Microsoft-Windows-Audio","Stream started.
App Id: Microsoft.Windows.ShellExperienceHost_cw5n1h2txyewy!App
PID: 18304
Audio Stream Category: 5"
"14-07-2026 17:28:32","25","Information","Microsoft-Windows-Audio","Stream stopped.
App Id: Microsoft.Windows.ShellExperienceHost_cw5n1h2txyewy!App
PID: 18304
Audio Stream Category: 5"
"14-07-2026 17:28:31","24","Information","Microsoft-Windows-Audio","Stream started.
App Id: Microsoft.Windows.ShellExperienceHost_cw5n1h2txyewy!App
PID: 18304
Audio Stream Category: 5"
"14-07-2026 15:53:50","25","Information","Microsoft-Windows-Audio","Stream stopped.
App Id: Microsoft.Windows.ShellExperienceHost_cw5n1h2txyewy!App
PID: 18304
Audio Stream Category: 5"
"14-07-2026 15:53:49","24","Information","Microsoft-Windows-Audio","Stream started.
App Id: Microsoft.Windows.ShellExperienceHost_cw5n1h2txyewy!App
PID: 18304
Audio Stream Category: 5"
"14-07-2026 15:37:47","25","Information","Microsoft-Windows-Audio","Stream stopped.
App Id: Microsoft.Windows.ShellExperienceHost_cw5n1h2txyewy!App
PID: 18304
Audio Stream Category: 5"
"14-07-2026 15:37:45","24","Information","Microsoft-Windows-Audio","Stream started.
App Id: Microsoft.Windows.ShellExperienceHost_cw5n1h2txyewy!App
PID: 18304
Audio Stream Category: 5"
"14-07-2026 14:57:42","25","Information","Microsoft-Windows-Audio","Stream stopped.
App Id: Microsoft.Windows.ShellExperienceHost_cw5n1h2txyewy!App
PID: 18304
Audio Stream Category: 5"
"14-07-2026 14:57:40","24","Information","Microsoft-Windows-Audio","Stream started.
App Id: Microsoft.Windows.ShellExperienceHost_cw5n1h2txyewy!App
PID: 18304
Audio Stream Category: 5"
"14-07-2026 14:27:37","25","Information","Microsoft-Windows-Audio","Stream stopped.
App Id: Microsoft.Windows.ShellExperienceHost_cw5n1h2txyewy!App
PID: 18304
Audio Stream Category: 5"
"14-07-2026 14:27:35","24","Information","Microsoft-Windows-Audio","Stream started.
App Id: Microsoft.Windows.ShellExperienceHost_cw5n1h2txyewy!App
PID: 18304
Audio Stream Category: 5"
"14-07-2026 13:04:55","25","Information","Microsoft-Windows-Audio","Stream stopped.
App Id: Microsoft.Windows.ShellExperienceHost_cw5n1h2txyewy!App
PID: 18304
Audio Stream Category: 5"
"14-07-2026 13:04:53","24","Information","Microsoft-Windows-Audio","Stream started.
App Id: Microsoft.Windows.ShellExperienceHost_cw5n1h2txyewy!App
PID: 18304
Audio Stream Category: 5"
"14-07-2026 11:57:00","25","Information","Microsoft-Windows-Audio","Stream stopped.
App Id: Microsoft.Windows.ShellExperienceHost_cw5n1h2txyewy!App
PID: 18304
Audio Stream Category: 5"
"14-07-2026 11:56:58","24","Information","Microsoft-Windows-Audio","Stream started.
App Id: Microsoft.Windows.ShellExperienceHost_cw5n1h2txyewy!App
PID: 18304
Audio Stream Category: 5"
"14-07-2026 10:23:47","25","Information","Microsoft-Windows-Audio","Stream stopped.
App Id: Microsoft.Windows.ShellExperienceHost_cw5n1h2txyewy!App
PID: 18304
Audio Stream Category: 5"
"14-07-2026 10:23:45","24","Information","Microsoft-Windows-Audio","Stream started.
App Id: Microsoft.Windows.ShellExperienceHost_cw5n1h2txyewy!App
PID: 18304
Audio Stream Category: 5"
"14-07-2026 10:23:25","25","Information","Microsoft-Windows-Audio","Stream stopped.
App Id: Microsoft.Windows.ShellExperienceHost_cw5n1h2txyewy!App
PID: 18304
Audio Stream Category: 5"
"14-07-2026 10:23:24","24","Information","Microsoft-Windows-Audio","Stream started.
App Id: Microsoft.Windows.ShellExperienceHost_cw5n1h2txyewy!App
PID: 18304
Audio Stream Category: 5"
"14-07-2026 10:19:34","25","Information","Microsoft-Windows-Audio","Stream stopped.
App Id: Microsoft.Windows.ShellExperienceHost_cw5n1h2txyewy!App
PID: 18304
Audio Stream Category: 5"
"14-07-2026 10:19:32","24","Information","Microsoft-Windows-Audio","Stream started.
App Id: Microsoft.Windows.ShellExperienceHost_cw5n1h2txyewy!App
PID: 18304
Audio Stream Category: 5"
"14-07-2026 10:17:55","25","Information","Microsoft-Windows-Audio","Stream stopped.
App Id: Microsoft.Windows.ShellExperienceHost_cw5n1h2txyewy!App
PID: 18304
Audio Stream Category: 5"
"14-07-2026 10:17:53","24","Information","Microsoft-Windows-Audio","Stream started.
App Id: Microsoft.Windows.ShellExperienceHost_cw5n1h2txyewy!App
PID: 18304
Audio Stream Category: 5"
"14-07-2026 10:15:40","25","Information","Microsoft-Windows-Audio","Stream stopped.
App Id: Microsoft.Windows.ShellExperienceHost_cw5n1h2txyewy!App
PID: 18304
Audio Stream Category: 5"
