"TimeCreated","Id","LevelDisplayName","ProviderName","Message"
"19-08-2026 15:02:01","4009","Information","Microsoft-Windows-DeviceManagement-Enterprise-Diagnostics-Provider","DcSvc: Service status updated. Current state: (0x1), Exit code: (0x0), Wait hint: (0x0)."
"19-08-2026 15:02:01","4009","Information","Microsoft-Windows-DeviceManagement-Enterprise-Diagnostics-Provider","DcSvc: Service status updated. Current state: (0x3), Exit code: (0x0), Wait hint: (0x0)."
"19-08-2026 15:00:02","2530","Information","Microsoft-Windows-DeviceManagement-Enterprise-Diagnostics-Provider","MDM Declared Configuration: EndProcessing Eventname: (ProcessConfigDC), RequestKey: (AF09BE5C-0C38-4096-BAFE-F56230936714), requestType: (0x0), requestPriority: (0x9), requestNumber: (0x3), activityType: (0x9), StateMachineType: (0x1), state: (0x2), notificationState: (0x0), enrollmentId: (BE5150A3-9E69-42C0-A229-7ADD75D044D9), userId: (Device), docId: (C9589FC3-AB85-4007-820E-7813F81771C2), docVersion: (dc7327f4-8cf9-7021-7f1a-731c74a11777), target: (Host), result: (The operation completed successfully.)"
"19-08-2026 15:00:02","2456","Information","Microsoft-Windows-DeviceManagement-Enterprise-Diagnostics-Provider","MDM Declared Configuration: Set document, Document Id: (C9589FC3-AB85-4007-820E-7813F81771C2), Version: (dc7327f4-8cf9-7021-7f1a-731c74a11777), Enrollment ID: (BE5150A3-9E69-42C0-A229-7ADD75D044D9), Current User: (Device), schema: (1.0), Scope: (0x0), Enroll Type: (0x3F)."
"19-08-2026 15:00:02","2530","Information","Microsoft-Windows-DeviceManagement-Enterprise-Diagnostics-Provider","MDM Declared Configuration: EndProcessing Eventname: (ProcessConfigDC), RequestKey: (572175EC-40F6-4C04-BBC0-944A9088782D), requestType: (0x0), requestPriority: (0x9), requestNumber: (0x2), activityType: (0x9), StateMachineType: (0x1), state: (0x2), notificationState: (0x0), enrollmentId: (BE5150A3-9E69-42C0-A229-7ADD75D044D9), userId: (Device), docId: (DEDB184C-C8BD-4A55-A0A5-3198B4CAD42D), docVersion: (cc04bd0f-b5a9-5905-9c5f-185a6e71dd22), target: (Host), result: (The operation completed successfully.)"
"19-08-2026 15:00:02","2456","Information","Microsoft-Windows-DeviceManagement-Enterprise-Diagnostics-Provider","MDM Declared Configuration: Set document, Document Id: (DEDB184C-C8BD-4A55-A0A5-3198B4CAD42D), Version: (cc04bd0f-b5a9-5905-9c5f-185a6e71dd22), Enrollment ID: (BE5150A3-9E69-42C0-A229-7ADD75D044D9), Current User: (Device), schema: (1.0), Scope: (0x0), Enroll Type: (0x3F)."
"19-08-2026 15:00:01","2530","Information","Microsoft-Windows-DeviceManagement-Enterprise-Diagnostics-Provider","MDM Declared Configuration: EndProcessing Eventname: (ProcessConfigDC), RequestKey: (007A90A9-3AA8-48B0-A112-D5F9D5BA887C), requestType: (0x0), requestPriority: (0x4), requestNumber: (0x1), activityType: (0x9), StateMachineType: (0x2), state: (0x2), notificationState: (0x0), enrollmentId: (BE5150A3-9E69-42C0-A229-7ADD75D044D9), userId: (Device), docId: (7657FCD1-340F-4026-86DC-77C4AE356D02), docVersion: (432751fd-07d0-cf68-1f69-bbbaaa4fba5a), target: (Host), result: (The operation completed successfully.)"
"19-08-2026 15:00:01","2456","Information","Microsoft-Windows-DeviceManagement-Enterprise-Diagnostics-Provider","MDM Declared Configuration: Set document, Document Id: (7657FCD1-340F-4026-86DC-77C4AE356D02), Version: (432751fd-07d0-cf68-1f69-bbbaaa4fba5a), Enrollment ID: (BE5150A3-9E69-42C0-A229-7ADD75D044D9), Current User: (Device), schema: (1.0), Scope: (0x0), Enroll Type: (0x3F)."
"19-08-2026 15:00:01","4009","Information","Microsoft-Windows-DeviceManagement-Enterprise-Diagnostics-Provider","DcSvc: Service status updated. Current state: (0x4), Exit code: (0x0), Wait hint: (0x0)."
"19-08-2026 15:00:01","4000","Information","Microsoft-Windows-DeviceManagement-Enterprise-Diagnostics-Provider","DcSvc: Successfully initialized service. Result: (The operation completed successfully.)."
"19-08-2026 15:00:01","4009","Information","Microsoft-Windows-DeviceManagement-Enterprise-Diagnostics-Provider","DcSvc: Service status updated. Current state: (0x2), Exit code: (0x0), Wait hint: (0x64)."
"19-08-2026 15:00:01","4019","Information","Microsoft-Windows-DeviceManagement-Enterprise-Diagnostics-Provider","DcSvc: Service is being initialized."
"19-08-2026 14:58:55","4009","Information","Microsoft-Windows-DeviceManagement-Enterprise-Diagnostics-Provider","DcSvc: Service status updated. Current state: (0x1), Exit code: (0x0), Wait hint: (0x0)."
"19-08-2026 14:58:55","4009","Information","Microsoft-Windows-DeviceManagement-Enterprise-Diagnostics-Provider","DcSvc: Service status updated. Current state: (0x3), Exit code: (0x0), Wait hint: (0x0)."
"19-08-2026 14:56:55","4009","Information","Microsoft-Windows-DeviceManagement-Enterprise-Diagnostics-Provider","DcSvc: Service status updated. Current state: (0x4), Exit code: (0x0), Wait hint: (0x0)."
"19-08-2026 14:56:55","4000","Information","Microsoft-Windows-DeviceManagement-Enterprise-Diagnostics-Provider","DcSvc: Successfully initialized service. Result: (The operation completed successfully.)."
"19-08-2026 14:56:55","4009","Information","Microsoft-Windows-DeviceManagement-Enterprise-Diagnostics-Provider","DcSvc: Service status updated. Current state: (0x2), Exit code: (0x0), Wait hint: (0x64)."
"19-08-2026 14:56:55","4019","Information","Microsoft-Windows-DeviceManagement-Enterprise-Diagnostics-Provider","DcSvc: Service is being initialized."
"19-08-2026 14:03:49","4009","Information","Microsoft-Windows-DeviceManagement-Enterprise-Diagnostics-Provider","DcSvc: Service status updated. Current state: (0x1), Exit code: (0x0), Wait hint: (0x0)."
"19-08-2026 14:03:49","4009","Information","Microsoft-Windows-DeviceManagement-Enterprise-Diagnostics-Provider","DcSvc: Service status updated. Current state: (0x3), Exit code: (0x0), Wait hint: (0x0)."
"19-08-2026 14:01:49","4009","Information","Microsoft-Windows-DeviceManagement-Enterprise-Diagnostics-Provider","DcSvc: Service status updated. Current state: (0x4), Exit code: (0x0), Wait hint: (0x0)."
"19-08-2026 14:01:49","4000","Information","Microsoft-Windows-DeviceManagement-Enterprise-Diagnostics-Provider","DcSvc: Successfully initialized service. Result: (The operation completed successfully.)."
"19-08-2026 14:01:49","4009","Information","Microsoft-Windows-DeviceManagement-Enterprise-Diagnostics-Provider","DcSvc: Service status updated. Current state: (0x2), Exit code: (0x0), Wait hint: (0x64)."
"19-08-2026 14:01:49","4019","Information","Microsoft-Windows-DeviceManagement-Enterprise-Diagnostics-Provider","DcSvc: Service is being initialized."
"19-08-2026 14:00:12","514","Information","Microsoft-Windows-DeviceManagement-Pushrouter","DmWapPushService: Service status updated. Current state: (0x1), Exit code: (0x0), Wait hint: (0x0)."
"19-08-2026 14:00:12","520","Information","Microsoft-Windows-DeviceManagement-Pushrouter","DmWapPushService: Successfully uninitialized service. Result: (The operation completed successfully.)."
"19-08-2026 14:00:12","513","Information","Microsoft-Windows-DeviceManagement-Pushrouter","DmWapPushService: Initialized idle stop-start for DmWapPushService."
"19-08-2026 14:00:12","522","Information","Microsoft-Windows-DeviceManagement-Pushrouter","DmWapPushService: Successfully unregistered service's RPC interface. Result: (The operation completed successfully.)."
"19-08-2026 14:00:12","108","Information","Microsoft-Windows-DeviceManagement-Pushrouter","MDM PushRouter Service: Successfully closed RPC Server Interface group. Result: (The operation completed successfully.)."
"19-08-2026 14:00:12","106","Information","Microsoft-Windows-DeviceManagement-Pushrouter","MDM PushRouter Service: Successfully deactivated RPC Server Interface group. Result: (The operation completed successfully.)."
"19-08-2026 14:00:12","514","Information","Microsoft-Windows-DeviceManagement-Pushrouter","DmWapPushService: Service status updated. Current state: (0x3), Exit code: (0x0), Wait hint: (0x0)."
"19-08-2026 14:00:12","510","Information","Microsoft-Windows-DeviceManagement-Pushrouter","DmWapPushService: No pending RPC clients remain."
"19-08-2026 14:00:12","111","Information","Microsoft-Windows-DeviceManagement-Pushrouter","MDM PushRouter Service: Number of PushRouter clients remaining: (0x0). Operation: (Checking if all clients are handled)."
"19-08-2026 13:58:26","112","Information","Microsoft-Windows-DeviceManagement-Pushrouter","MDM PushRouter Service: All clients handled. Number of PushRouter clients remaining: (0x0)."
"19-08-2026 13:58:26","110","Information","Microsoft-Windows-DeviceManagement-Pushrouter","MDM PushRouter Service: PushRouter RPC interface Idle status changed. Is group idle: (0x1)."
"19-08-2026 13:58:15","4009","Information","Microsoft-Windows-DeviceManagement-Enterprise-Diagnostics-Provider","DcSvc: Service status updated. Current state: (0x1), Exit code: (0x0), Wait hint: (0x0)."
"19-08-2026 13:58:15","4009","Information","Microsoft-Windows-DeviceManagement-Enterprise-Diagnostics-Provider","DcSvc: Service status updated. Current state: (0x3), Exit code: (0x0), Wait hint: (0x0)."
"19-08-2026 13:58:12","511","Information","Microsoft-Windows-DeviceManagement-Pushrouter","DmWapPushService: Setting the timer to check if all RPC clients are handled to fire after (0x78) seconds."
"19-08-2026 13:58:12","509","Information","Microsoft-Windows-DeviceManagement-Pushrouter","DmWapPushService: There are pending RPC clients currently."
"19-08-2026 13:58:12","111","Information","Microsoft-Windows-DeviceManagement-Pushrouter","MDM PushRouter Service: Number of PushRouter clients remaining: (0x1). Operation: (Checking if all clients are handled)."
"19-08-2026 13:56:26","129","Information","Microsoft-Windows-DeviceManagement-Pushrouter","MDM PushRouter Service: PushRouter close called by a client interacting with it succeeded. Client id: (PC5), Result: (The operation completed successfully.)."
"19-08-2026 13:56:16","131","Information","Microsoft-Windows-DeviceManagement-Pushrouter","MDM PushRouter Service: A client initiated a get message operation from PushRouter."
"19-08-2026 13:56:16","265","Information","Microsoft-Windows-DeviceManagement-Enterprise-Diagnostics-Provider","MDM Session: OMA-DM sessions triggered: User SID (NULL), Account ID(BE5150A3-9E69-42C0-A229-7ADD75D044D9), Initiation ID(Software\Microsoft\Provisioning\OMADM\Sessions\BE5150A3-9E69-42C0-A229-7ADD75D044D9\{8927447F-4B4C-4F67-B924-38B6199F9812}), Parent Initiation ID(NULL), Origin(3), Session ID(0), Sessions Queued (0), Session Result (The operation completed successfully.), Result(The operation completed successfully.)."
"19-08-2026 13:56:15","4009","Information","Microsoft-Windows-DeviceManagement-Enterprise-Diagnostics-Provider","DcSvc: Service status updated. Current state: (0x4), Exit code: (0x0), Wait hint: (0x0)."
"19-08-2026 13:56:15","4000","Information","Microsoft-Windows-DeviceManagement-Enterprise-Diagnostics-Provider","DcSvc: Successfully initialized service. Result: (The operation completed successfully.)."
"19-08-2026 13:56:15","4009","Information","Microsoft-Windows-DeviceManagement-Enterprise-Diagnostics-Provider","DcSvc: Service status updated. Current state: (0x2), Exit code: (0x0), Wait hint: (0x64)."
"19-08-2026 13:56:15","4019","Information","Microsoft-Windows-DeviceManagement-Enterprise-Diagnostics-Provider","DcSvc: Service is being initialized."
"19-08-2026 13:56:14","2406","Information","Microsoft-Windows-DeviceManagement-Enterprise-Diagnostics-Provider","MDM Declared Configuration: Document Summary due to Alert: Enrollment Id: (BE5150A3-9E69-42C0-A229-7ADD75D044D9), Current User: (S-1-12-1-2357405129-1281513531-255772574-1816207334), Alert data: (&lt;DeclaredConfigurations schema=""1.0""&gt;&lt;DeclaredConfiguration context=""Device"" id=""672B4D5D-14A4-4B4C-B2CC-0BDB50CC01EC"" checksum=""d07ad676-8b80-cdb1-63b7-df7ebfd786f8"" result_checksum=""EEDB90638832198A4F391F0DAFA28D8B9BA2F9384AECE4C1EF756172585457A3"" state=""63""&gt;&lt;ReflectedProperties&gt;&lt;Property name=""MeId;MeType;MeVersion;IntentId"" type=""chr""&gt;00000000-0000-0000-0000-000000000000;1;0;00000000-0000-0000-0000-000000000000&lt;/Property&gt;&lt;Property name=""NamespaceName"" type=""chr""&gt;DmSessionActions&lt;/Property&gt;&lt;Property name=""IntentPriority"" type=""chr""&gt;10&lt;/Property&gt;&lt;Property name=""ConfigDocumentType"" type=""chr""&gt;1&lt;/Property&gt;&lt;/ReflectedProperties&gt;&lt;/DeclaredConfiguration&gt;&lt;DeclaredConfiguration context=""Device"" id=""7657FCD1-340F-4026-86DC-77C4AE356D02"" checksum=""432751fd-07d0-cf68-1f69-bbbaaa4fba5a"" result_checksum=""6F3C9CB7FDCF3025CD9156852EE01296883CF9C5D2E2B8D6E5C6AB349DCF04DC"" state=""60""&gt;&lt;ReflectedProperties&gt;&lt;Property name=""MeId;MeType;MeVersion;IntentId"" type=""chr""&gt;00000000-0000-0000-0000-000000000000;1;0;00000000-0000-0000-0000-000000000000&lt;/Property&gt;&lt;Property name=""NamespaceName"" type=""chr""&gt;DmSessionActions&lt;/Property&gt;&lt;Property name=""IntentPriority"" type=""chr""&gt;10&lt;/Property&gt;&lt;Property name=""ConfigDocumentType"" type=""chr""&gt;1&lt;/Property&gt;&lt;/ReflectedProperties&gt;&lt;/DeclaredConfiguration&gt;&lt;DeclaredConfiguration context=""Device"" id=""C9589FC3-AB85-4007-820E-7813F81771C2"" checksum=""dc7327f4-8cf9-7021-7f1a-731c74a11777"" result_checksum=""48EF49EAFEF4012A925147A69F07470B607C3889B86B41D446C54DC51A761533"" state=""60""&gt;&lt;ReflectedProperties&gt;&lt;Property name=""MeId;MeType;MeVersion;IntentId"" type=""chr""&gt;00000000-0000-0000-0000-000000000000;1;0;00000000-0000-0000-0000-000000000000&lt;/Property&gt;&lt;Property name=""NamespaceName"" type=""chr""&gt;DmSessionActions&lt;/Property&gt;&lt;Property name=""IntentPriority"" type=""chr""&gt;10&lt;/Property&gt;&lt;Property name=""ConfigDocumentType"" type=""chr""&gt;1&lt;/Property&gt;&lt;/ReflectedProperties&gt;&lt;/DeclaredConfiguration&gt;&lt;DeclaredConfiguration context=""Device"" id=""DEDB184C-C8BD-4A55-A0A5-3198B4CAD42D"" checksum=""cc04bd0f-b5a9-5905-9c5f-185a6e71dd22"" result_checksum=""0B8AADF7D8E1520E9080FF3840160858CA328CD0C0E0DECE095F40E31E9E2E53"" state=""60""&gt;&lt;ReflectedProperties&gt;&lt;Property name=""MeId;MeType;MeVersion;IntentId"" type=""chr""&gt;00000000-0000-0000-0000-000000000000;1;0;00000000-0000-0000-0000-000000000000&lt;/Property&gt;&lt;Property name=""NamespaceName"" type=""chr""&gt;DmSessionActions&lt;/Property&gt;&lt;Property name=""IntentPriority"" type=""chr""&gt;10&lt;/Property&gt;&lt;Property name=""ConfigDocumentType"" type=""chr""&gt;1&lt;/Property&gt;&lt;/ReflectedProperties&gt;&lt;/DeclaredConfiguration&gt;&lt;/DeclaredConfigurations&gt;), Enroll type: (0x1A)."
"19-08-2026 13:56:14","300","Information","Microsoft-Windows-DeviceManagement-Pushrouter","MDM Common Utility for Policies: Policy query. Policy ID: (0x1022), Policy Value: (0x0), Result: (The operation completed successfully.)."
"19-08-2026 13:56:12","132","Information","Microsoft-Windows-DeviceManagement-Pushrouter","MDM PushRouter Service: A client was able to successfully get a message from PushRouter. Content Type: (application/vnd.syncml.notification), App Id: (NULL), Source Address: (), Client ID: (PC5), Security Account: (OmaDmClient_Enterprise), Message origin: (0x3), Result: (The operation completed successfully.)."
"19-08-2026 13:56:12","131","Information","Microsoft-Windows-DeviceManagement-Pushrouter","MDM PushRouter Service: A client initiated a get message operation from PushRouter."
"19-08-2026 13:56:12","116","Information","Microsoft-Windows-DeviceManagement-Pushrouter","MDM PushRouter Service: PushRouter::Open called by a client needing to interact with PushRouter succeeded. Client id: (PC5), Content Type: (application/vnd.syncml.notification):, App Id: (x-wap-application:syncml.dm), Result: (The operation completed successfully.)."
"19-08-2026 13:56:12","123","Information","Microsoft-Windows-DeviceManagement-Pushrouter","MDM PushRouter Service: PushRouter was created successfully. Result: (The operation completed successfully.)."
"19-08-2026 13:56:12","115","Information","Microsoft-Windows-DeviceManagement-Pushrouter","MDM PushRouter Service: PushRouter::Open called by a client needing a handle to PushRouter."
"19-08-2026 13:56:12","150","Information","Microsoft-Windows-DeviceManagement-Pushrouter","MDM PushRouter Service: Successfully routed a new message. Result: (The operation completed successfully.)."
"19-08-2026 13:56:12","147","Information","Microsoft-Windows-DeviceManagement-Pushrouter","MDM PushRouter Service: Message routed successfully. Content: (application/vnd.syncml.notification), Application: (NULL), Sender: (NULL), Client: (PC5), Queue Id: (1), Result: (The operation completed successfully.)."
"19-08-2026 13:56:12","145","Information","Microsoft-Windows-DeviceManagement-Pushrouter","MDM PushRouter Service: PushRouter started routing a message."
"19-08-2026 13:56:12","155","Information","Microsoft-Windows-DeviceManagement-Pushrouter","MDM PushRouter Authentication: Message authenticated successfully. Name: (SecProviders.SyncMLSecProvider), Security account name: (OmaDmClient_Enterprise), Message headers: (Content-Type: application/vnd.syncml.notification
X-Wap-Application-Id: x-wap-application:syncml.dm), Sender address: (NULL), Role: (0x20), Result: (The operation completed successfully.)."
"19-08-2026 13:56:12","167","Information","Microsoft-Windows-DeviceManagement-Pushrouter","MDM PushRouter Authentication: SyncMl Authentication succeeded. Headers: (Content-Type: application/vnd.syncml.notification
X-Wap-Application-Id: x-wap-application:syncml.dm), Message Body size: (0x3C), Result: (The operation completed successfully.)."
"19-08-2026 13:56:12","169","Information","Microsoft-Windows-DeviceManagement-Pushrouter","MDM PushRouter Authentication: Getting ServerID from the trigger succeeded. Result: (The operation completed successfully.)."
"19-08-2026 13:56:12","171","Information","Microsoft-Windows-DeviceManagement-Pushrouter","MDM PushRouter Authentication: Validating trigger succeeded. Result: (The operation completed successfully.)."
"19-08-2026 13:56:12","173","Information","Microsoft-Windows-DeviceManagement-Pushrouter","MDM PushRouter Authentication: Validating nonce succeeded. Type of nonce: (Regular), Result: (The operation completed successfully.)."
"19-08-2026 13:56:12","169","Information","Microsoft-Windows-DeviceManagement-Pushrouter","MDM PushRouter Authentication: Getting ServerID from the trigger succeeded. Result: (The operation completed successfully.)."
"19-08-2026 13:56:12","152","Information","Microsoft-Windows-DeviceManagement-Pushrouter","MDM PushRouter Authentication: Loaded an authentication provider. Name: (SecProviders.SyncMLSecProvider)."
"19-08-2026 13:56:12","148","Information","Microsoft-Windows-DeviceManagement-Pushrouter","MDM PushRouter Service: PushRouter started routing a new message."
"19-08-2026 13:56:12","121","Information","Microsoft-Windows-DeviceManagement-Pushrouter","MDM PushRouter Service: PushRouter was submitted a message by a RPC client. Message submission succeeded. Message origin: (0x3), Result: (The operation completed successfully.)."
"19-08-2026 13:56:12","119","Information","Microsoft-Windows-DeviceManagement-Pushrouter","MDM PushRouter Service: PushRouter was submitted a message from the same service PushRouter is running in. Message submission succeeded. Sender Address: (NULL), Content Type: (application/vnd.syncml.notification), App Id: (NULL), Result: (The operation completed successfully.)."
"19-08-2026 13:56:12","123","Information","Microsoft-Windows-DeviceManagement-Pushrouter","MDM PushRouter Service: PushRouter was created successfully. Result: (The operation completed successfully.)."
"19-08-2026 13:56:12","134","Information","Microsoft-Windows-DeviceManagement-Pushrouter","MDM PushRouter Service: PushRouter was instantiated."
"19-08-2026 13:56:12","144","Information","Microsoft-Windows-DeviceManagement-Pushrouter","MDM Message Persistence: Successfully processed persisted messages. Result: (The operation completed successfully.)."
"19-08-2026 13:56:12","141","Information","Microsoft-Windows-DeviceManagement-Pushrouter","MDM Message Persistence: No persisted message found.Location: (C:\Windows\system32\config\systemprofile\AppData\Local\PushRouter\1.queue)."
"19-08-2026 13:56:12","135","Information","Microsoft-Windows-DeviceManagement-Pushrouter","MDM Message Persistence: Persisted message found. Location: (C:\Windows\system32\config\systemprofile\AppData\Local\PushRouter\1.queue)."
"19-08-2026 13:56:12","118","Information","Microsoft-Windows-DeviceManagement-Pushrouter","MDM PushRouter Service: PushRouter was submitted a message from the same service PushRouter is running in. Message origin: (0x3)."
"19-08-2026 13:56:12","514","Information","Microsoft-Windows-DeviceManagement-Pushrouter","DmWapPushService: Service status updated. Current state: (0x4), Exit code: (0x0), Wait hint: (0x0)."
"19-08-2026 13:56:12","525","Information","Microsoft-Windows-DeviceManagement-Pushrouter","DmWapPushService: Stop Service handler registered. Status: (0x0), Result: (The operation completed successfully.)."
"19-08-2026 13:56:12","518","Information","Microsoft-Windows-DeviceManagement-Pushrouter","DmWapPushService: Successfully registered service's RPC interface. Result: (The operation completed successfully.)."
"19-08-2026 13:56:12","104","Information","Microsoft-Windows-DeviceManagement-Pushrouter","MDM PushRouter Service: Successfully activated RPC Server Interface group. Result: (The operation completed successfully.)."
"19-08-2026 13:56:12","111","Information","Microsoft-Windows-DeviceManagement-Pushrouter","MDM PushRouter Service: Number of PushRouter clients remaining: (0x1). Operation: (Incremented active client count successfully)."
"19-08-2026 13:56:12","101","Information","Microsoft-Windows-DeviceManagement-Pushrouter","MDM PushRouter Service: Successfully created RPC Server Interface group. Result: (The operation completed successfully.)."
"19-08-2026 13:56:12","516","Information","Microsoft-Windows-DeviceManagement-Pushrouter","DmWapPushService: Successfully initialized service. Result: (The operation completed successfully.)."
"19-08-2026 13:56:12","507","Information","Microsoft-Windows-DeviceManagement-Pushrouter","DmWapPushService: Successfully registered WNF with EventAggregator for WAP messages received by SMS Router. Result: (0x0)."
"19-08-2026 13:56:12","144","Information","Microsoft-Windows-DeviceManagement-Pushrouter","MDM Message Persistence: Successfully processed persisted messages. Result: (The operation completed successfully.)."
"19-08-2026 13:56:12","141","Information","Microsoft-Windows-DeviceManagement-Pushrouter","MDM Message Persistence: No persisted message found.Location: (C:\Windows\system32\config\systemprofile\AppData\Local\PushRouter\1.queue)."
"19-08-2026 13:56:12","135","Information","Microsoft-Windows-DeviceManagement-Pushrouter","MDM Message Persistence: Persisted message found. Location: (C:\Windows\system32\config\systemprofile\AppData\Local\PushRouter\1.queue)."
"19-08-2026 13:56:12","511","Information","Microsoft-Windows-DeviceManagement-Pushrouter","DmWapPushService: Setting the timer to check if all RPC clients are handled to fire after (0x78) seconds."
"19-08-2026 13:56:12","111","Information","Microsoft-Windows-DeviceManagement-Pushrouter","MDM PushRouter Service: Number of PushRouter clients remaining: (0x0). Operation: (Incremented active client count)."
"19-08-2026 13:56:12","512","Information","Microsoft-Windows-DeviceManagement-Pushrouter","DmWapPushService: Idle timeout of DmWapPushService is currently set to (0x78) seconds."
"19-08-2026 13:56:12","514","Information","Microsoft-Windows-DeviceManagement-Pushrouter","DmWapPushService: Service status updated. Current state: (0x2), Exit code: (0x0), Wait hint: (0x64)."
"19-08-2026 13:56:12","524","Information","Microsoft-Windows-DeviceManagement-Pushrouter","DmWapPushService: DmWapPushService is being initialized."
"19-08-2026 13:56:12","800","Information","Microsoft-Windows-DeviceManagement-Enterprise-Diagnostics-Provider","MDM PolicyManager: Dedicated notification (WNF): (0xA3809065, 0x41C64E6D) published for Policy: (Power/Policy/Settings/Processor/SchemePersonality/ded574b5-45a0-4f42-8737-46345c09c238/DefaultPowerSchemeValues/PerfLatencyHint1/DcValue)."
"19-08-2026 13:56:12","800","Information","Microsoft-Windows-DeviceManagement-Enterprise-Diagnostics-Provider","MDM PolicyManager: Dedicated notification (WNF): (0xA3808865, 0x41C64E6D) published for Policy: (Power/Policy/Settings/Processor/SchemePersonality/ded574b5-45a0-4f42-8737-46345c09c238/DefaultPowerSchemeValues/PerfLatencyHint1/AcValue)."
"19-08-2026 13:56:12","800","Information","Microsoft-Windows-DeviceManagement-Enterprise-Diagnostics-Provider","MDM PolicyManager: Dedicated notification (WNF): (0xA3808065, 0x41C64E6D) published for Policy: (Power/Policy/Settings/Processor/SchemePersonality/ded574b5-45a0-4f42-8737-46345c09c238/DefaultPowerSchemeValues/PerfLatencyHint/DcValue)."
"19-08-2026 13:56:12","800","Information","Microsoft-Windows-DeviceManagement-Enterprise-Diagnostics-Provider","MDM PolicyManager: Dedicated notification (WNF): (0xA3807865, 0x41C64E6D) published for Policy: (Power/Policy/Settings/Processor/SchemePersonality/ded574b5-45a0-4f42-8737-46345c09c238/DefaultPowerSchemeValues/PerfLatencyHint/AcValue)."
"19-08-2026 13:56:12","800","Information","Microsoft-Windows-DeviceManagement-Enterprise-Diagnostics-Provider","MDM PolicyManager: Dedicated notification (WNF): (0xA3889865, 0x41C64E6D) published for Policy: (Power/Policy/Settings/Processor/SchemePersonality/ded574b5-45a0-4f42-8737-46345c09c238/DefaultPowerSchemeValues/PerfIncreaseThreshold/DcValue)."
"19-08-2026 13:56:12","800","Information","Microsoft-Windows-DeviceManagement-Enterprise-Diagnostics-Provider","MDM PolicyManager: Dedicated notification (WNF): (0xA388B065, 0x41C64E6D) published for Policy: (Power/Policy/Settings/Processor/SchemePersonality/ded574b5-45a0-4f42-8737-46345c09c238/DefaultPowerSchemeValues/PerfIncreaseThreshold/AcValue)."
"19-08-2026 13:56:12","800","Information","Microsoft-Windows-DeviceManagement-Enterprise-Diagnostics-Provider","MDM PolicyManager: Dedicated notification (WNF): (0xA3807065, 0x41C64E6D) published for Policy: (Power/Policy/Settings/Processor/SchemePersonality/ded574b5-45a0-4f42-8737-46345c09c238/DefaultPowerSchemeValues/PerfEnergyPreference1/DcValue)."
"19-08-2026 13:56:12","800","Information","Microsoft-Windows-DeviceManagement-Enterprise-Diagnostics-Provider","MDM PolicyManager: Dedicated notification (WNF): (0xA3806865, 0x41C64E6D) published for Policy: (Power/Policy/Settings/Processor/SchemePersonality/ded574b5-45a0-4f42-8737-46345c09c238/DefaultPowerSchemeValues/PerfEnergyPreference1/AcValue)."
"19-08-2026 13:56:12","800","Information","Microsoft-Windows-DeviceManagement-Enterprise-Diagnostics-Provider","MDM PolicyManager: Dedicated notification (WNF): (0xA3806065, 0x41C64E6D) published for Policy: (Power/Policy/Settings/Processor/SchemePersonality/ded574b5-45a0-4f42-8737-46345c09c238/DefaultPowerSchemeValues/PerfEnergyPreference/DcValue)."
"19-08-2026 13:56:12","800","Information","Microsoft-Windows-DeviceManagement-Enterprise-Diagnostics-Provider","MDM PolicyManager: Dedicated notification (WNF): (0xA3805865, 0x41C64E6D) published for Policy: (Power/Policy/Settings/Processor/SchemePersonality/ded574b5-45a0-4f42-8737-46345c09c238/DefaultPowerSchemeValues/PerfEnergyPreference/AcValue)."
"19-08-2026 13:56:12","800","Information","Microsoft-Windows-DeviceManagement-Enterprise-Diagnostics-Provider","MDM PolicyManager: Dedicated notification (WNF): (0xA3888865, 0x41C64E6D) published for Policy: (Power/Policy/Settings/Processor/SchemePersonality/ded574b5-45a0-4f42-8737-46345c09c238/DefaultPowerSchemeValues/PerfDecreaseThreshold/DcValue)."
"19-08-2026 13:56:12","800","Information","Microsoft-Windows-DeviceManagement-Enterprise-Diagnostics-Provider","MDM PolicyManager: Dedicated notification (WNF): (0xA388A065, 0x41C64E6D) published for Policy: (Power/Policy/Settings/Processor/SchemePersonality/ded574b5-45a0-4f42-8737-46345c09c238/DefaultPowerSchemeValues/PerfDecreaseThreshold/AcValue)."
"19-08-2026 13:56:12","800","Information","Microsoft-Windows-DeviceManagement-Enterprise-Diagnostics-Provider","MDM PolicyManager: Dedicated notification (WNF): (0xA3805065, 0x41C64E6D) published for Policy: (Power/Policy/Settings/Processor/SchemePersonality/ded574b5-45a0-4f42-8737-46345c09c238/DefaultPowerSchemeValues/HeteroIncreaseThreshold/DcValue)."
"19-08-2026 13:56:12","800","Information","Microsoft-Windows-DeviceManagement-Enterprise-Diagnostics-Provider","MDM PolicyManager: Dedicated notification (WNF): (0xA3804865, 0x41C64E6D) published for Policy: (Power/Policy/Settings/Processor/SchemePersonality/ded574b5-45a0-4f42-8737-46345c09c238/DefaultPowerSchemeValues/HeteroIncreaseThreshold/AcValue)."
"19-08-2026 13:56:12","800","Information","Microsoft-Windows-DeviceManagement-Enterprise-Diagnostics-Provider","MDM PolicyManager: Dedicated notification (WNF): (0xA3804065, 0x41C64E6D) published for Policy: (Power/Policy/Settings/Processor/SchemePersonality/ded574b5-45a0-4f42-8737-46345c09c238/DefaultPowerSchemeValues/HeteroDecreaseThreshold/DcValue)."
"19-08-2026 13:56:12","800","Information","Microsoft-Windows-DeviceManagement-Enterprise-Diagnostics-Provider","MDM PolicyManager: Dedicated notification (WNF): (0xA3803865, 0x41C64E6D) published for Policy: (Power/Policy/Settings/Processor/SchemePersonality/ded574b5-45a0-4f42-8737-46345c09c238/DefaultPowerSchemeValues/HeteroDecreaseThreshold/AcValue)."
"19-08-2026 13:56:12","800","Information","Microsoft-Windows-DeviceManagement-Enterprise-Diagnostics-Provider","MDM PolicyManager: Dedicated notification (WNF): (0xA3803065, 0x41C64E6D) published for Policy: (Power/Policy/Settings/Processor/SchemePersonality/ded574b5-45a0-4f42-8737-46345c09c238/DefaultPowerSchemeValues/HeteroClass1InitialPerf/DcValue)."
"19-08-2026 13:56:12","800","Information","Microsoft-Windows-DeviceManagement-Enterprise-Diagnostics-Provider","MDM PolicyManager: Dedicated notification (WNF): (0xA3802865, 0x41C64E6D) published for Policy: (Power/Policy/Settings/Processor/SchemePersonality/ded574b5-45a0-4f42-8737-46345c09c238/DefaultPowerSchemeValues/HeteroClass1InitialPerf/AcValue)."
"19-08-2026 13:56:12","800","Information","Microsoft-Windows-DeviceManagement-Enterprise-Diagnostics-Provider","MDM PolicyManager: Dedicated notification (WNF): (0xA3802065, 0x41C64E6D) published for Policy: (Power/Policy/Settings/Processor/SchemePersonality/ded574b5-45a0-4f42-8737-46345c09c238/DefaultPowerSchemeValues/CPMinCores/DcValue)."
"19-08-2026 13:56:12","800","Information","Microsoft-Windows-DeviceManagement-Enterprise-Diagnostics-Provider","MDM PolicyManager: Dedicated notification (WNF): (0xA3801865, 0x41C64E6D) published for Policy: (Power/Policy/Settings/Processor/SchemePersonality/ded574b5-45a0-4f42-8737-46345c09c238/DefaultPowerSchemeValues/CPMinCores/AcValue)."
"19-08-2026 13:56:12","800","Information","Microsoft-Windows-DeviceManagement-Enterprise-Diagnostics-Provider","MDM PolicyManager: Dedicated notification (WNF): (0xA3801065, 0x41C64E6D) published for Policy: (Power/Policy/Settings/Processor/SchemePersonality/ded574b5-45a0-4f42-8737-46345c09c238/DefaultPowerSchemeValues/CpLatencyHintUnpark1/DcValue)."
"19-08-2026 13:56:12","800","Information","Microsoft-Windows-DeviceManagement-Enterprise-Diagnostics-Provider","MDM PolicyManager: Dedicated notification (WNF): (0xA3800865, 0x41C64E6D) published for Policy: (Power/Policy/Settings/Processor/SchemePersonality/ded574b5-45a0-4f42-8737-46345c09c238/DefaultPowerSchemeValues/CpLatencyHintUnpark1/AcValue)."
"19-08-2026 13:56:12","800","Information","Microsoft-Windows-DeviceManagement-Enterprise-Diagnostics-Provider","MDM PolicyManager: Dedicated notification (WNF): (0xA3800065, 0x41C64E6D) published for Policy: (Power/Policy/Settings/Processor/SchemePersonality/ded574b5-45a0-4f42-8737-46345c09c238/DefaultPowerSchemeValues/CPIncreaseTime/DcValue)."
"19-08-2026 13:56:12","800","Information","Microsoft-Windows-DeviceManagement-Enterprise-Diagnostics-Provider","MDM PolicyManager: Dedicated notification (WNF): (0xA387F865, 0x41C64E6D) published for Policy: (Power/Policy/Settings/Processor/SchemePersonality/ded574b5-45a0-4f42-8737-46345c09c238/DefaultPowerSchemeValues/CPIncreaseTime/AcValue)."
"19-08-2026 13:56:12","800","Information","Microsoft-Windows-DeviceManagement-Enterprise-Diagnostics-Provider","MDM PolicyManager: Dedicated notification (WNF): (0xA387F065, 0x41C64E6D) published for Policy: (Power/Policy/Settings/Processor/SchemePersonality/ded574b5-45a0-4f42-8737-46345c09c238/DefaultPowerSchemeValues/CPHeadroom/DcValue)."
"19-08-2026 13:56:12","800","Information","Microsoft-Windows-DeviceManagement-Enterprise-Diagnostics-Provider","MDM PolicyManager: Dedicated notification (WNF): (0xA387E865, 0x41C64E6D) published for Policy: (Power/Policy/Settings/Processor/SchemePersonality/ded574b5-45a0-4f42-8737-46345c09c238/DefaultPowerSchemeValues/CPHeadroom/AcValue)."
"19-08-2026 13:56:12","800","Information","Microsoft-Windows-DeviceManagement-Enterprise-Diagnostics-Provider","MDM PolicyManager: Dedicated notification (WNF): (0xA387E065, 0x41C64E6D) published for Policy: (Power/Policy/Settings/Processor/SchemePersonality/ded574b5-45a0-4f42-8737-46345c09c238/DefaultPowerSchemeValues/CPDecreaseTime/DcValue)."
"19-08-2026 13:56:12","800","Information","Microsoft-Windows-DeviceManagement-Enterprise-Diagnostics-Provider","MDM PolicyManager: Dedicated notification (WNF): (0xA387D865, 0x41C64E6D) published for Policy: (Power/Policy/Settings/Processor/SchemePersonality/ded574b5-45a0-4f42-8737-46345c09c238/DefaultPowerSchemeValues/CPDecreaseTime/AcValue)."
"19-08-2026 13:56:12","800","Information","Microsoft-Windows-DeviceManagement-Enterprise-Diagnostics-Provider","MDM PolicyManager: Dedicated notification (WNF): (0xA387D065, 0x41C64E6D) published for Policy: (Power/Policy/Settings/Processor/SchemePersonality/ded574b5-45a0-4f42-8737-46345c09c238/DefaultPowerSchemeValues/CPConcurrency/DcValue)."
"19-08-2026 13:56:12","800","Information","Microsoft-Windows-DeviceManagement-Enterprise-Diagnostics-Provider","MDM PolicyManager: Dedicated notification (WNF): (0xA387C865, 0x41C64E6D) published for Policy: (Power/Policy/Settings/Processor/SchemePersonality/ded574b5-45a0-4f42-8737-46345c09c238/DefaultPowerSchemeValues/CPConcurrency/AcValue)."
"19-08-2026 13:56:12","800","Information","Microsoft-Windows-DeviceManagement-Enterprise-Diagnostics-Provider","MDM PolicyManager: Dedicated notification (WNF): (0xA380B065, 0x41C64E6D) published for Policy: (Power/Policy/Settings/Processor/SchemePersonality/ded574b5-45a0-4f42-8737-46345c09c238/c04a802d-2205-4910-ae98-3b51e3bb72f2/PerfEnergyPreference1/DcValue)."
"19-08-2026 13:56:12","800","Information","Microsoft-Windows-DeviceManagement-Enterprise-Diagnostics-Provider","MDM PolicyManager: Dedicated notification (WNF): (0xA380A865, 0x41C64E6D) published for Policy: (Power/Policy/Settings/Processor/SchemePersonality/ded574b5-45a0-4f42-8737-46345c09c238/c04a802d-2205-4910-ae98-3b51e3bb72f2/PerfEnergyPreference1/AcValue)."
"19-08-2026 13:56:12","800","Information","Microsoft-Windows-DeviceManagement-Enterprise-Diagnostics-Provider","MDM PolicyManager: Dedicated notification (WNF): (0xA380A065, 0x41C64E6D) published for Policy: (Power/Policy/Settings/Processor/SchemePersonality/ded574b5-45a0-4f42-8737-46345c09c238/c04a802d-2205-4910-ae98-3b51e3bb72f2/PerfEnergyPreference/DcValue)."
"19-08-2026 13:56:12","800","Information","Microsoft-Windows-DeviceManagement-Enterprise-Diagnostics-Provider","MDM PolicyManager: Dedicated notification (WNF): (0xA3809865, 0x41C64E6D) published for Policy: (Power/Policy/Settings/Processor/SchemePersonality/ded574b5-45a0-4f42-8737-46345c09c238/c04a802d-2205-4910-ae98-3b51e3bb72f2/PerfEnergyPreference/AcValue)."
"19-08-2026 13:56:12","800","Information","Microsoft-Windows-DeviceManagement-Enterprise-Diagnostics-Provider","MDM PolicyManager: Dedicated notification (WNF): (0xA387C065, 0x41C64E6D) published for Policy: (Power/Policy/Settings/Processor/SchemePersonality/ded574b5-45a0-4f42-8737-46345c09c238/33cc3a0d-45ee-43ca-86c4-695bfc9a313b/PerfEnergyPreference1/DcValue)."
"19-08-2026 13:56:12","800","Information","Microsoft-Windows-DeviceManagement-Enterprise-Diagnostics-Provider","MDM PolicyManager: Dedicated notification (WNF): (0xA387B865, 0x41C64E6D) published for Policy: (Power/Policy/Settings/Processor/SchemePersonality/ded574b5-45a0-4f42-8737-46345c09c238/33cc3a0d-45ee-43ca-86c4-695bfc9a313b/PerfEnergyPreference1/AcValue)."
"19-08-2026 13:56:12","800","Information","Microsoft-Windows-DeviceManagement-Enterprise-Diagnostics-Provider","MDM PolicyManager: Dedicated notification (WNF): (0xA387B065, 0x41C64E6D) published for Policy: (Power/Policy/Settings/Processor/SchemePersonality/ded574b5-45a0-4f42-8737-46345c09c238/33cc3a0d-45ee-43ca-86c4-695bfc9a313b/PerfEnergyPreference/DcValue)."
"19-08-2026 13:56:12","800","Information","Microsoft-Windows-DeviceManagement-Enterprise-Diagnostics-Provider","MDM PolicyManager: Dedicated notification (WNF): (0xA387A865, 0x41C64E6D) published for Policy: (Power/Policy/Settings/Processor/SchemePersonality/ded574b5-45a0-4f42-8737-46345c09c238/33cc3a0d-45ee-43ca-86c4-695bfc9a313b/PerfEnergyPreference/AcValue)."
"19-08-2026 13:56:12","800","Information","Microsoft-Windows-DeviceManagement-Enterprise-Diagnostics-Provider","MDM PolicyManager: Dedicated notification (WNF): (0xA387A065, 0x41C64E6D) published for Policy: (Power/Policy/Settings/Processor/SchemePersonality/ded574b5-45a0-4f42-8737-46345c09c238/336c7511-f109-4172-bb3a-3ea51f815ada/PerfEnergyPreference1/DcValue)."
"19-08-2026 13:56:12","800","Information","Microsoft-Windows-DeviceManagement-Enterprise-Diagnostics-Provider","MDM PolicyManager: Dedicated notification (WNF): (0xA3879865, 0x41C64E6D) published for Policy: (Power/Policy/Settings/Processor/SchemePersonality/ded574b5-45a0-4f42-8737-46345c09c238/336c7511-f109-4172-bb3a-3ea51f815ada/PerfEnergyPreference1/AcValue)."
"19-08-2026 13:56:12","800","Information","Microsoft-Windows-DeviceManagement-Enterprise-Diagnostics-Provider","MDM PolicyManager: Dedicated notification (WNF): (0xA3879065, 0x41C64E6D) published for Policy: (Power/Policy/Settings/Processor/SchemePersonality/ded574b5-45a0-4f42-8737-46345c09c238/336c7511-f109-4172-bb3a-3ea51f815ada/PerfEnergyPreference/DcValue)."
"19-08-2026 13:56:12","800","Information","Microsoft-Windows-DeviceManagement-Enterprise-Diagnostics-Provider","MDM PolicyManager: Dedicated notification (WNF): (0xA3878865, 0x41C64E6D) published for Policy: (Power/Policy/Settings/Processor/SchemePersonality/ded574b5-45a0-4f42-8737-46345c09c238/336c7511-f109-4172-bb3a-3ea51f815ada/PerfEnergyPreference/AcValue)."
"19-08-2026 13:56:12","800","Information","Microsoft-Windows-DeviceManagement-Enterprise-Diagnostics-Provider","MDM PolicyManager: Dedicated notification (WNF): (0xA3878065, 0x41C64E6D) published for Policy: (Power/Policy/Settings/Processor/SchemePersonality/ded574b5-45a0-4f42-8737-46345c09c238/0da965dc-8fcf-4c0b-8efe-8dd5e7bc959a/PerfEnergyPreference1/DcValue)."
"19-08-2026 13:56:12","800","Information","Microsoft-Windows-DeviceManagement-Enterprise-Diagnostics-Provider","MDM PolicyManager: Dedicated notification (WNF): (0xA3877865, 0x41C64E6D) published for Policy: (Power/Policy/Settings/Processor/SchemePersonality/ded574b5-45a0-4f42-8737-46345c09c238/0da965dc-8fcf-4c0b-8efe-8dd5e7bc959a/PerfEnergyPreference1/AcValue)."
"19-08-2026 13:56:12","800","Information","Microsoft-Windows-DeviceManagement-Enterprise-Diagnostics-Provider","MDM PolicyManager: Dedicated notification (WNF): (0xA3877065, 0x41C64E6D) published for Policy: (Power/Policy/Settings/Processor/SchemePersonality/ded574b5-45a0-4f42-8737-46345c09c238/0da965dc-8fcf-4c0b-8efe-8dd5e7bc959a/PerfEnergyPreference/DcValue)."
"19-08-2026 13:56:12","800","Information","Microsoft-Windows-DeviceManagement-Enterprise-Diagnostics-Provider","MDM PolicyManager: Dedicated notification (WNF): (0xA3876865, 0x41C64E6D) published for Policy: (Power/Policy/Settings/Processor/SchemePersonality/ded574b5-45a0-4f42-8737-46345c09c238/0da965dc-8fcf-4c0b-8efe-8dd5e7bc959a/PerfEnergyPreference/AcValue)."
"19-08-2026 13:56:12","800","Information","Microsoft-Windows-DeviceManagement-Enterprise-Diagnostics-Provider","MDM PolicyManager: Dedicated notification (WNF): (0xA3876065, 0x41C64E6D) published for Policy: (Power/Policy/Settings/Processor/SchemePersonality/ded574b5-45a0-4f42-8737-46345c09c238/0da965dc-8fcf-4c0b-8efe-8dd5e7bc959a/CPMinCores/DcValue)."
"19-08-2026 13:56:12","800","Information","Microsoft-Windows-DeviceManagement-Enterprise-Diagnostics-Provider","MDM PolicyManager: Dedicated notification (WNF): (0xA3875865, 0x41C64E6D) published for Policy: (Power/Policy/Settings/Processor/SchemePersonality/ded574b5-45a0-4f42-8737-46345c09c238/0da965dc-8fcf-4c0b-8efe-8dd5e7bc959a/CPMinCores/AcValue)."
"19-08-2026 13:56:11","800","Information","Microsoft-Windows-DeviceManagement-Enterprise-Diagnostics-Provider","MDM PolicyManager: Dedicated notification (WNF): (0xA3873065, 0x41C64E6D) published for Policy: (Power/Policy/Settings/Processor/SchemePersonality/ded574b5-45a0-4f42-8737-46345c09c238/0c3d5326-944b-4aab-8ad8-fe422a0e50e0/PerfEnergyPreference1/DcValue)."
"19-08-2026 13:56:11","800","Information","Microsoft-Windows-DeviceManagement-Enterprise-Diagnostics-Provider","MDM PolicyManager: Dedicated notification (WNF): (0xA3872865, 0x41C64E6D) published for Policy: (Power/Policy/Settings/Processor/SchemePersonality/ded574b5-45a0-4f42-8737-46345c09c238/0c3d5326-944b-4aab-8ad8-fe422a0e50e0/PerfEnergyPreference1/AcValue)."
"19-08-2026 13:56:11","800","Information","Microsoft-Windows-DeviceManagement-Enterprise-Diagnostics-Provider","MDM PolicyManager: Dedicated notification (WNF): (0xA3872065, 0x41C64E6D) published for Policy: (Power/Policy/Settings/Processor/SchemePersonality/ded574b5-45a0-4f42-8737-46345c09c238/0c3d5326-944b-4aab-8ad8-fe422a0e50e0/PerfEnergyPreference/DcValue)."
"19-08-2026 13:56:11","800","Information","Microsoft-Windows-DeviceManagement-Enterprise-Diagnostics-Provider","MDM PolicyManager: Dedicated notification (WNF): (0xA3871865, 0x41C64E6D) published for Policy: (Power/Policy/Settings/Processor/SchemePersonality/ded574b5-45a0-4f42-8737-46345c09c238/0c3d5326-944b-4aab-8ad8-fe422a0e50e0/PerfEnergyPreference/AcValue)."
"19-08-2026 13:56:11","800","Information","Microsoft-Windows-DeviceManagement-Enterprise-Diagnostics-Provider","MDM PolicyManager: Dedicated notification (WNF): (0xA3871065, 0x41C64E6D) published for Policy: (Power/Policy/Settings/Processor/SchemePersonality/ded574b5-45a0-4f42-8737-46345c09c238/0c3d5326-944b-4aab-8ad8-fe422a0e50e0/LatencyHintEpp1/DcValue)."
"19-08-2026 13:56:11","800","Information","Microsoft-Windows-DeviceManagement-Enterprise-Diagnostics-Provider","MDM PolicyManager: Dedicated notification (WNF): (0xA3870865, 0x41C64E6D) published for Policy: (Power/Policy/Settings/Processor/SchemePersonality/ded574b5-45a0-4f42-8737-46345c09c238/0c3d5326-944b-4aab-8ad8-fe422a0e50e0/LatencyHintEpp1/AcValue)."
"19-08-2026 13:56:11","800","Information","Microsoft-Windows-DeviceManagement-Enterprise-Diagnostics-Provider","MDM PolicyManager: Dedicated notification (WNF): (0xA3870065, 0x41C64E6D) published for Policy: (Power/Policy/Settings/Processor/SchemePersonality/ded574b5-45a0-4f42-8737-46345c09c238/0c3d5326-944b-4aab-8ad8-fe422a0e50e0/LatencyHintEpp/DcValue)."
"19-08-2026 13:56:11","800","Information","Microsoft-Windows-DeviceManagement-Enterprise-Diagnostics-Provider","MDM PolicyManager: Dedicated notification (WNF): (0xA386F865, 0x41C64E6D) published for Policy: (Power/Policy/Settings/Processor/SchemePersonality/ded574b5-45a0-4f42-8737-46345c09c238/0c3d5326-944b-4aab-8ad8-fe422a0e50e0/LatencyHintEpp/AcValue)."
"19-08-2026 13:56:11","800","Information","Microsoft-Windows-DeviceManagement-Enterprise-Diagnostics-Provider","MDM PolicyManager: Dedicated notification (WNF): (0xA386F065, 0x41C64E6D) published for Policy: (Power/Policy/Settings/Processor/SchemePersonality/a1841308-3541-4fab-bc81-f71556f20b4a/DefaultPowerSchemeValues/PerfLatencyHint1/DcValue)."
"19-08-2026 13:56:11","800","Information","Microsoft-Windows-DeviceManagement-Enterprise-Diagnostics-Provider","MDM PolicyManager: Dedicated notification (WNF): (0xA386E865, 0x41C64E6D) published for Policy: (Power/Policy/Settings/Processor/SchemePersonality/a1841308-3541-4fab-bc81-f71556f20b4a/DefaultPowerSchemeValues/PerfLatencyHint1/AcValue)."
"19-08-2026 13:56:11","800","Information","Microsoft-Windows-DeviceManagement-Enterprise-Diagnostics-Provider","MDM PolicyManager: Dedicated notification (WNF): (0xA386E065, 0x41C64E6D) published for Policy: (Power/Policy/Settings/Processor/SchemePersonality/a1841308-3541-4fab-bc81-f71556f20b4a/DefaultPowerSchemeValues/PerfLatencyHint/DcValue)."
"19-08-2026 13:56:11","800","Information","Microsoft-Windows-DeviceManagement-Enterprise-Diagnostics-Provider","MDM PolicyManager: Dedicated notification (WNF): (0xA386D865, 0x41C64E6D) published for Policy: (Power/Policy/Settings/Processor/SchemePersonality/a1841308-3541-4fab-bc81-f71556f20b4a/DefaultPowerSchemeValues/PerfLatencyHint/AcValue)."
"19-08-2026 13:56:11","800","Information","Microsoft-Windows-DeviceManagement-Enterprise-Diagnostics-Provider","MDM PolicyManager: Dedicated notification (WNF): (0xA386D065, 0x41C64E6D) published for Policy: (Power/Policy/Settings/Processor/SchemePersonality/a1841308-3541-4fab-bc81-f71556f20b4a/DefaultPowerSchemeValues/PerfEnergyPreference1/DcValue)."
"19-08-2026 13:56:11","800","Information","Microsoft-Windows-DeviceManagement-Enterprise-Diagnostics-Provider","MDM PolicyManager: Dedicated notification (WNF): (0xA386C865, 0x41C64E6D) published for Policy: (Power/Policy/Settings/Processor/SchemePersonality/a1841308-3541-4fab-bc81-f71556f20b4a/DefaultPowerSchemeValues/PerfEnergyPreference1/AcValue)."
"19-08-2026 13:56:11","800","Information","Microsoft-Windows-DeviceManagement-Enterprise-Diagnostics-Provider","MDM PolicyManager: Dedicated notification (WNF): (0xA386C065, 0x41C64E6D) published for Policy: (Power/Policy/Settings/Processor/SchemePersonality/a1841308-3541-4fab-bc81-f71556f20b4a/DefaultPowerSchemeValues/PerfEnergyPreference/DcValue)."
"19-08-2026 13:56:11","800","Information","Microsoft-Windows-DeviceManagement-Enterprise-Diagnostics-Provider","MDM PolicyManager: Dedicated notification (WNF): (0xA386B865, 0x41C64E6D) published for Policy: (Power/Policy/Settings/Processor/SchemePersonality/a1841308-3541-4fab-bc81-f71556f20b4a/DefaultPowerSchemeValues/PerfEnergyPreference/AcValue)."
"19-08-2026 13:56:11","800","Information","Microsoft-Windows-DeviceManagement-Enterprise-Diagnostics-Provider","MDM PolicyManager: Dedicated notification (WNF): (0xA3886065, 0x41C64E6D) published for Policy: (Power/Policy/Settings/Processor/SchemePersonality/a1841308-3541-4fab-bc81-f71556f20b4a/DefaultPowerSchemeValues/PerfAutonomousMode/DcValue)."
"19-08-2026 13:56:11","800","Information","Microsoft-Windows-DeviceManagement-Enterprise-Diagnostics-Provider","MDM PolicyManager: Dedicated notification (WNF): (0xA3885865, 0x41C64E6D) published for Policy: (Power/Policy/Settings/Processor/SchemePersonality/a1841308-3541-4fab-bc81-f71556f20b4a/DefaultPowerSchemeValues/PerfAutonomousMode/AcValue)."
"19-08-2026 13:56:11","800","Information","Microsoft-Windows-DeviceManagement-Enterprise-Diagnostics-Provider","MDM PolicyManager: Dedicated notification (WNF): (0xA386B065, 0x41C64E6D) published for Policy: (Power/Policy/Settings/Processor/SchemePersonality/a1841308-3541-4fab-bc81-f71556f20b4a/DefaultPowerSchemeValues/HeteroIncreaseTime/DcValue)."
"19-08-2026 13:56:11","800","Information","Microsoft-Windows-DeviceManagement-Enterprise-Diagnostics-Provider","MDM PolicyManager: Dedicated notification (WNF): (0xA386A865, 0x41C64E6D) published for Policy: (Power/Policy/Settings/Processor/SchemePersonality/a1841308-3541-4fab-bc81-f71556f20b4a/DefaultPowerSchemeValues/HeteroIncreaseThreshold/DcValue)."
"19-08-2026 13:56:11","800","Information","Microsoft-Windows-DeviceManagement-Enterprise-Diagnostics-Provider","MDM PolicyManager: Dedicated notification (WNF): (0xA386A065, 0x41C64E6D) published for Policy: (Power/Policy/Settings/Processor/SchemePersonality/a1841308-3541-4fab-bc81-f71556f20b4a/DefaultPowerSchemeValues/HeteroIncreaseThreshold/AcValue)."
"19-08-2026 13:56:11","800","Information","Microsoft-Windows-DeviceManagement-Enterprise-Diagnostics-Provider","MDM PolicyManager: Dedicated notification (WNF): (0xA3869865, 0x41C64E6D) published for Policy: (Power/Policy/Settings/Processor/SchemePersonality/a1841308-3541-4fab-bc81-f71556f20b4a/DefaultPowerSchemeValues/HeteroDecreaseTime/DcValue)."
"19-08-2026 13:56:11","800","Information","Microsoft-Windows-DeviceManagement-Enterprise-Diagnostics-Provider","MDM PolicyManager: Dedicated notification (WNF): (0xA3869065, 0x41C64E6D) published for Policy: (Power/Policy/Settings/Processor/SchemePersonality/a1841308-3541-4fab-bc81-f71556f20b4a/DefaultPowerSchemeValues/HeteroDecreaseThreshold/DcValue)."
"19-08-2026 13:56:11","800","Information","Microsoft-Windows-DeviceManagement-Enterprise-Diagnostics-Provider","MDM PolicyManager: Dedicated notification (WNF): (0xA3868865, 0x41C64E6D) published for Policy: (Power/Policy/Settings/Processor/SchemePersonality/a1841308-3541-4fab-bc81-f71556f20b4a/DefaultPowerSchemeValues/HeteroDecreaseThreshold/AcValue)."
