"19-08-2026 13:32:38","8002","Information","Microsoft-Windows-AppLocker","%SYSTEM32%\WEVTUTIL.EXE was allowed to run."
"19-08-2026 13:32:38","8002","Information","Microsoft-Windows-AppLocker","%SYSTEM32%\WEVTUTIL.EXE was allowed to run."
"19-08-2026 13:32:38","8002","Information","Microsoft-Windows-AppLocker","%SYSTEM32%\WEVTUTIL.EXE was allowed to run."
"19-08-2026 13:32:37","8002","Information","Microsoft-Windows-AppLocker","%SYSTEM32%\WEVTUTIL.EXE was allowed to run."
"19-08-2026 13:32:37","8002","Information","Microsoft-Windows-AppLocker","%SYSTEM32%\WEVTUTIL.EXE was allowed to run."
"19-08-2026 13:32:37","8002","Information","Microsoft-Windows-AppLocker","%SYSTEM32%\WEVTUTIL.EXE was allowed to run."
"19-08-2026 13:32:36","8002","Information","Microsoft-Windows-AppLocker","%SYSTEM32%\WEVTUTIL.EXE was allowed to run."
"19-08-2026 13:32:36","8002","Information","Microsoft-Windows-AppLocker","%SYSTEM32%\WEVTUTIL.EXE was allowed to run."
"19-08-2026 13:32:27","8002","Information","Microsoft-Windows-AppLocker","%SYSTEM32%\WEVTUTIL.EXE was allowed to run."
"19-08-2026 13:32:27","8002","Information","Microsoft-Windows-AppLocker","%SYSTEM32%\WEVTUTIL.EXE was allowed to run."
"19-08-2026 13:32:27","8002","Information","Microsoft-Windows-AppLocker","%SYSTEM32%\WEVTUTIL.EXE was allowed to run."
"19-08-2026 13:32:26","8002","Information","Microsoft-Windows-AppLocker","%SYSTEM32%\WEVTUTIL.EXE was allowed to run."
"19-08-2026 13:32:26","8002","Information","Microsoft-Windows-AppLocker","%SYSTEM32%\WEVTUTIL.EXE was allowed to run."
"19-08-2026 13:32:23","8002","Information","Microsoft-Windows-AppLocker","%SYSTEM32%\WEVTUTIL.EXE was allowed to run."
"19-08-2026 13:32:16","8002","Information","Microsoft-Windows-AppLocker","%SYSTEM32%\WEVTUTIL.EXE was allowed to run."
"19-08-2026 13:32:16","8002","Information","Microsoft-Windows-AppLocker","%SYSTEM32%\WEVTUTIL.EXE was allowed to run."
"19-08-2026 13:32:16","8002","Information","Microsoft-Windows-AppLocker","%SYSTEM32%\WEVTUTIL.EXE was allowed to run."
"19-08-2026 13:32:16","8002","Information","Microsoft-Windows-AppLocker","%SYSTEM32%\WEVTUTIL.EXE was allowed to run."
"19-08-2026 13:32:16","8002","Information","Microsoft-Windows-AppLocker","%SYSTEM32%\WEVTUTIL.EXE was allowed to run."
"19-08-2026 13:32:15","8002","Information","Microsoft-Windows-AppLocker","%SYSTEM32%\WEVTUTIL.EXE was allowed to run."
"19-08-2026 13:32:14","8002","Information","Microsoft-Windows-AppLocker","%SYSTEM32%\WEVTUTIL.EXE was allowed to run."
"19-08-2026 13:32:14","8002","Information","Microsoft-Windows-AppLocker","%SYSTEM32%\WEVTUTIL.EXE was allowed to run."
"19-08-2026 13:32:12","8002","Information","Microsoft-Windows-AppLocker","%SYSTEM32%\WEVTUTIL.EXE was allowed to run."
"19-08-2026 13:32:12","8002","Information","Microsoft-Windows-AppLocker","%SYSTEM32%\WEVTUTIL.EXE was allowed to run."
"19-08-2026 13:32:11","8002","Information","Microsoft-Windows-AppLocker","%SYSTEM32%\WEVTUTIL.EXE was allowed to run."
"19-08-2026 13:32:05","8002","Information","Microsoft-Windows-AppLocker","%SYSTEM32%\WEVTUTIL.EXE was allowed to run."
"19-08-2026 13:32:03","8002","Information","Microsoft-Windows-AppLocker","%SYSTEM32%\WEVTUTIL.EXE was allowed to run."
"19-08-2026 13:31:57","8002","Information","Microsoft-Windows-AppLocker","%SYSTEM32%\WEVTUTIL.EXE was allowed to run."
"19-08-2026 13:31:57","8002","Information","Microsoft-Windows-AppLocker","%SYSTEM32%\WEVTUTIL.EXE was allowed to run."
"19-08-2026 13:31:56","8002","Information","Microsoft-Windows-AppLocker","%SYSTEM32%\WEVTUTIL.EXE was allowed to run."
"19-08-2026 13:31:52","8002","Information","Microsoft-Windows-AppLocker","%SYSTEM32%\WEVTUTIL.EXE was allowed to run."
"19-08-2026 13:31:51","8002","Information","Microsoft-Windows-AppLocker","%SYSTEM32%\WEVTUTIL.EXE was allowed to run."
"19-08-2026 13:31:51","8002","Information","Microsoft-Windows-AppLocker","%SYSTEM32%\WEVTUTIL.EXE was allowed to run."
"19-08-2026 13:31:51","8002","Information","Microsoft-Windows-AppLocker","%SYSTEM32%\WEVTUTIL.EXE was allowed to run."
"19-08-2026 13:31:50","8002","Information","Microsoft-Windows-AppLocker","%SYSTEM32%\WEVTUTIL.EXE was allowed to run."
"19-08-2026 13:31:49","8002","Information","Microsoft-Windows-AppLocker","%SYSTEM32%\WEVTUTIL.EXE was allowed to run."
"19-08-2026 13:31:00","8002","Information","Microsoft-Windows-AppLocker","%SYSTEM32%\WEVTUTIL.EXE was allowed to run."
"19-08-2026 13:30:56","8002","Information","Microsoft-Windows-AppLocker","%SYSTEM32%\WEVTUTIL.EXE was allowed to run."
"19-08-2026 13:30:47","8002","Information","Microsoft-Windows-AppLocker","%SYSTEM32%\WEVTUTIL.EXE was allowed to run."
"19-08-2026 13:30:04","8002","Information","Microsoft-Windows-AppLocker","%SYSTEM32%\CONHOST.EXE was allowed to run."
"19-08-2026 13:30:04","8002","Information","Microsoft-Windows-AppLocker","%SYSTEM32%\CERTUTIL.EXE was allowed to run."
"19-08-2026 13:30:03","8002","Information","Microsoft-Windows-AppLocker","%SYSTEM32%\CONHOST.EXE was allowed to run."
"19-08-2026 13:30:03","8002","Information","Microsoft-Windows-AppLocker","%SYSTEM32%\CERTUTIL.EXE was allowed to run."
"19-08-2026 13:30:02","8002","Information","Microsoft-Windows-AppLocker","%SYSTEM32%\DLLHOST.EXE was allowed to run."
"19-08-2026 13:30:01","8002","Information","Microsoft-Windows-AppLocker","%SYSTEM32%\CONHOST.EXE was allowed to run."
"19-08-2026 13:30:01","8002","Information","Microsoft-Windows-AppLocker","%SYSTEM32%\NETSH.EXE was allowed to run."
"19-08-2026 13:30:01","8002","Information","Microsoft-Windows-AppLocker","%SYSTEM32%\CONHOST.EXE was allowed to run."
"19-08-2026 13:30:01","8002","Information","Microsoft-Windows-AppLocker","%SYSTEM32%\IPCONFIG.EXE was allowed to run."
"19-08-2026 13:30:00","8002","Information","Microsoft-Windows-AppLocker","%SYSTEM32%\NETSH.EXE was allowed to run."
"19-08-2026 13:30:00","8002","Information","Microsoft-Windows-AppLocker","%SYSTEM32%\NETSH.EXE was allowed to run."
"19-08-2026 13:29:46","8002","Information","Microsoft-Windows-AppLocker","%SYSTEM32%\DLLHOST.EXE was allowed to run."
"19-08-2026 13:29:45","8002","Information","Microsoft-Windows-AppLocker","%SYSTEM32%\POWERCFG.EXE was allowed to run."
"19-08-2026 13:29:22","8002","Information","Microsoft-Windows-AppLocker","%SYSTEM32%\SECURITYHEALTH\10.0.29628.1000-0\SECURITYHEALTHHOST.EXE was allowed to run."
"19-08-2026 13:29:10","8002","Information","Microsoft-Windows-AppLocker","%SYSTEM32%\DLLHOST.EXE was allowed to run."
"19-08-2026 13:29:08","8002","Information","Microsoft-Windows-AppLocker","%SYSTEM32%\REG.EXE was allowed to run."
"19-08-2026 13:28:42","8002","Information","Microsoft-Windows-AppLocker","%PROGRAMFILES%\ZSCALER\ZSAHELPER\ZSAHELPER.EXE was allowed to run."
"19-08-2026 13:28:42","8002","Information","Microsoft-Windows-AppLocker","%SYSTEM32%\TASKHOSTW.EXE was allowed to run."
"19-08-2026 13:27:45","8002","Information","Microsoft-Windows-AppLocker","%PROGRAMFILES%\MICROSOFT VS CODE\CODE.EXE was allowed to run."
"19-08-2026 13:27:39","8002","Information","Microsoft-Windows-AppLocker","%SYSTEM32%\DLLHOST.EXE was allowed to run."
"19-08-2026 13:27:10","8002","Information","Microsoft-Windows-AppLocker","%SYSTEM32%\CONHOST.EXE was allowed to run."
"19-08-2026 13:27:10","8002","Information","Microsoft-Windows-AppLocker","%SYSTEM32%\WINDOWSPOWERSHELL\V1.0\POWERSHELL.EXE was allowed to run."
"19-08-2026 13:27:10","8002","Information","Microsoft-Windows-AppLocker","%SYSTEM32%\CONHOST.EXE was allowed to run."
"19-08-2026 13:27:10","8002","Information","Microsoft-Windows-AppLocker","%PROGRAMFILES%\MICROSOFT INTUNE MANAGEMENT EXTENSION\AGENTEXECUTOR.EXE was allowed to run."
"19-08-2026 13:27:04","8002","Information","Microsoft-Windows-AppLocker","%SYSTEM32%\WSL.EXE was allowed to run."
"19-08-2026 13:27:04","8002","Information","Microsoft-Windows-AppLocker","%SYSTEM32%\CONHOST.EXE was allowed to run."
"19-08-2026 13:27:04","8002","Information","Microsoft-Windows-AppLocker","%SYSTEM32%\CMD.EXE was allowed to run."
"19-08-2026 13:27:03","8002","Information","Microsoft-Windows-AppLocker","%SYSTEM32%\CONHOST.EXE was allowed to run."
"19-08-2026 13:27:03","8002","Information","Microsoft-Windows-AppLocker","%PROGRAMFILES%\MICROSOFT INTUNE MANAGEMENT EXTENSION\AGENTEXECUTOR.EXE was allowed to run."
"19-08-2026 13:26:59","8002","Information","Microsoft-Windows-AppLocker","%SYSTEM32%\CONHOST.EXE was allowed to run."
"19-08-2026 13:26:59","8002","Information","Microsoft-Windows-AppLocker","%PROGRAMFILES%\MICROSOFT INTUNE MANAGEMENT EXTENSION\AGENTEXECUTOR.EXE was allowed to run."
"19-08-2026 13:26:52","8002","Information","Microsoft-Windows-AppLocker","%SYSTEM32%\CONHOST.EXE was allowed to run."
"19-08-2026 13:26:52","8002","Information","Microsoft-Windows-AppLocker","%SYSTEM32%\WINDOWSPOWERSHELL\V1.0\POWERSHELL.EXE was allowed to run."
"19-08-2026 13:26:51","8002","Information","Microsoft-Windows-AppLocker","%SYSTEM32%\CONHOST.EXE was allowed to run."
"19-08-2026 13:26:51","8002","Information","Microsoft-Windows-AppLocker","%PROGRAMFILES%\MICROSOFT INTUNE MANAGEMENT EXTENSION\AGENTEXECUTOR.EXE was allowed to run."
"19-08-2026 13:26:34","8002","Information","Microsoft-Windows-AppLocker","%SYSTEM32%\CONHOST.EXE was allowed to run."
"19-08-2026 13:26:34","8002","Information","Microsoft-Windows-AppLocker","%SYSTEM32%\WINDOWSPOWERSHELL\V1.0\POWERSHELL.EXE was allowed to run."
"19-08-2026 13:26:34","8002","Information","Microsoft-Windows-AppLocker","%SYSTEM32%\CONHOST.EXE was allowed to run."
"19-08-2026 13:26:34","8002","Information","Microsoft-Windows-AppLocker","%PROGRAMFILES%\MICROSOFT INTUNE MANAGEMENT EXTENSION\AGENTEXECUTOR.EXE was allowed to run."
"19-08-2026 13:26:30","8002","Information","Microsoft-Windows-AppLocker","%SYSTEM32%\CONHOST.EXE was allowed to run."
"19-08-2026 13:26:30","8002","Information","Microsoft-Windows-AppLocker","%SYSTEM32%\WINDOWSPOWERSHELL\V1.0\POWERSHELL.EXE was allowed to run."
"19-08-2026 13:26:30","8002","Information","Microsoft-Windows-AppLocker","%SYSTEM32%\CONHOST.EXE was allowed to run."
"19-08-2026 13:26:30","8002","Information","Microsoft-Windows-AppLocker","%PROGRAMFILES%\MICROSOFT INTUNE MANAGEMENT EXTENSION\AGENTEXECUTOR.EXE was allowed to run."
"19-08-2026 13:26:27","8002","Information","Microsoft-Windows-AppLocker","%SYSTEM32%\CONHOST.EXE was allowed to run."
"19-08-2026 13:26:27","8002","Information","Microsoft-Windows-AppLocker","%PROGRAMFILES%\MICROSOFT INTUNE MANAGEMENT EXTENSION\AGENTEXECUTOR.EXE was allowed to run."
"19-08-2026 13:26:25","8002","Information","Microsoft-Windows-AppLocker","%SYSTEM32%\CONHOST.EXE was allowed to run."
"19-08-2026 13:26:25","8002","Information","Microsoft-Windows-AppLocker","%PROGRAMFILES%\MICROSOFT INTUNE MANAGEMENT EXTENSION\AGENTEXECUTOR.EXE was allowed to run."
"19-08-2026 13:26:21","8002","Information","Microsoft-Windows-AppLocker","%SYSTEM32%\CONHOST.EXE was allowed to run."
"19-08-2026 13:26:21","8002","Information","Microsoft-Windows-AppLocker","%SYSTEM32%\WINDOWSPOWERSHELL\V1.0\POWERSHELL.EXE was allowed to run."
"19-08-2026 13:26:21","8002","Information","Microsoft-Windows-AppLocker","%SYSTEM32%\CONHOST.EXE was allowed to run."
"19-08-2026 13:26:21","8002","Information","Microsoft-Windows-AppLocker","%PROGRAMFILES%\MICROSOFT INTUNE MANAGEMENT EXTENSION\AGENTEXECUTOR.EXE was allowed to run."
"19-08-2026 13:26:16","8002","Information","Microsoft-Windows-AppLocker","%SYSTEM32%\CONHOST.EXE was allowed to run."
"19-08-2026 13:26:16","8002","Information","Microsoft-Windows-AppLocker","%PROGRAMFILES%\MICROSOFT VS CODE\8761A5560C\RESOURCES\APP\NODE_MODULES\@VSCODE\VSCE-SIGN\BIN\VSCE-SIGN.EXE was allowed to run."
"19-08-2026 13:25:49","8002","Information","Microsoft-Windows-AppLocker","%SYSTEM32%\CONHOST.EXE was allowed to run."
"19-08-2026 13:25:49","8002","Information","Microsoft-Windows-AppLocker","%SYSTEM32%\WSL.EXE was allowed to run."
"19-08-2026 13:25:48","8002","Information","Microsoft-Windows-AppLocker","%PROGRAMFILES%\MICROSOFT VS CODE\CODE.EXE was allowed to run."
"19-08-2026 13:25:48","8002","Information","Microsoft-Windows-AppLocker","%SYSTEM32%\CONHOST.EXE was allowed to run."
"19-08-2026 13:25:48","8002","Information","Microsoft-Windows-AppLocker","%PROGRAMFILES%\MICROSOFT VS CODE\BIN\CODE-TUNNEL.EXE was allowed to run."
"19-08-2026 13:25:48","8002","Information","Microsoft-Windows-AppLocker","%SYSTEM32%\WSL.EXE was allowed to run."
"19-08-2026 13:25:48","8002","Information","Microsoft-Windows-AppLocker","%SYSTEM32%\CONHOST.EXE was allowed to run."
"19-08-2026 13:25:48","8002","Information","Microsoft-Windows-AppLocker","%SYSTEM32%\CMD.EXE was allowed to run."
"19-08-2026 13:25:46","8002","Information","Microsoft-Windows-AppLocker","%PROGRAMFILES%\MICROSOFT VS CODE\CODE.EXE was allowed to run."
"19-08-2026 13:25:46","8002","Information","Microsoft-Windows-AppLocker","%PROGRAMFILES%\MICROSOFT VS CODE\CODE.EXE was allowed to run."
"19-08-2026 13:25:46","8002","Information","Microsoft-Windows-AppLocker","%PROGRAMFILES%\MICROSOFT VS CODE\CODE.EXE was allowed to run."
"19-08-2026 13:25:45","8002","Information","Microsoft-Windows-AppLocker","%PROGRAMFILES%\MICROSOFT VS CODE\CODE.EXE was allowed to run."
"19-08-2026 13:25:45","8002","Information","Microsoft-Windows-AppLocker","%PROGRAMFILES%\MICROSOFT VS CODE\CODE.EXE was allowed to run."
"19-08-2026 13:25:45","8002","Information","Microsoft-Windows-AppLocker","%PROGRAMFILES%\MICROSOFT VS CODE\CODE.EXE was allowed to run."
"19-08-2026 13:25:45","8002","Information","Microsoft-Windows-AppLocker","%PROGRAMFILES%\MICROSOFT VS CODE\CODE.EXE was allowed to run."
"19-08-2026 13:25:44","8002","Information","Microsoft-Windows-AppLocker","%PROGRAMFILES%\MICROSOFT VS CODE\CODE.EXE was allowed to run."
"19-08-2026 13:25:35","8002","Information","Microsoft-Windows-AppLocker","%PROGRAMFILES%\MICROSOFT VS CODE\CODE.EXE was allowed to run."
"19-08-2026 13:25:15","8002","Information","Microsoft-Windows-AppLocker","%SYSTEM32%\WSL.EXE was allowed to run."
"19-08-2026 13:25:15","8002","Information","Microsoft-Windows-AppLocker","%SYSTEM32%\CONHOST.EXE was allowed to run."
"19-08-2026 13:25:15","8002","Information","Microsoft-Windows-AppLocker","%SYSTEM32%\CMD.EXE was allowed to run."
"19-08-2026 13:25:14","8002","Information","Microsoft-Windows-AppLocker","%SYSTEM32%\CONHOST.EXE was allowed to run."
"19-08-2026 13:25:14","8002","Information","Microsoft-Windows-AppLocker","%PROGRAMFILES%\MICROSOFT VS CODE\8761A5560C\RESOURCES\APP\NODE_MODULES\@VSCODE\VSCE-SIGN\BIN\VSCE-SIGN.EXE was allowed to run."
"19-08-2026 13:25:09","8002","Information","Microsoft-Windows-AppLocker","%SYSTEM32%\CONHOST.EXE was allowed to run."
"19-08-2026 13:25:09","8002","Information","Microsoft-Windows-AppLocker","%SYSTEM32%\WSL.EXE was allowed to run."
"19-08-2026 13:25:09","8002","Information","Microsoft-Windows-AppLocker","%PROGRAMFILES%\MICROSOFT VS CODE\CODE.EXE was allowed to run."
"19-08-2026 13:25:08","8002","Information","Microsoft-Windows-AppLocker","%SYSTEM32%\CONHOST.EXE was allowed to run."
"19-08-2026 13:25:08","8002","Information","Microsoft-Windows-AppLocker","%PROGRAMFILES%\MICROSOFT VS CODE\BIN\CODE-TUNNEL.EXE was allowed to run."
"19-08-2026 13:25:07","8002","Information","Microsoft-Windows-AppLocker","%SYSTEM32%\WSL.EXE was allowed to run."
"19-08-2026 13:25:07","8002","Information","Microsoft-Windows-AppLocker","%SYSTEM32%\CONHOST.EXE was allowed to run."
"19-08-2026 13:25:07","8002","Information","Microsoft-Windows-AppLocker","%SYSTEM32%\CMD.EXE was allowed to run."
"19-08-2026 13:25:07","8002","Information","Microsoft-Windows-AppLocker","%PROGRAMFILES%\MICROSOFT VS CODE\CODE.EXE was allowed to run."
"19-08-2026 13:25:07","8002","Information","Microsoft-Windows-AppLocker","%PROGRAMFILES%\MICROSOFT VS CODE\CODE.EXE was allowed to run."
"19-08-2026 13:25:07","8002","Information","Microsoft-Windows-AppLocker","%PROGRAMFILES%\MICROSOFT VS CODE\CODE.EXE was allowed to run."
"19-08-2026 13:25:06","8002","Information","Microsoft-Windows-AppLocker","%PROGRAMFILES%\MICROSOFT VS CODE\CODE.EXE was allowed to run."
"19-08-2026 13:25:05","8002","Information","Microsoft-Windows-AppLocker","%PROGRAMFILES%\MICROSOFT VS CODE\CODE.EXE was allowed to run."
"19-08-2026 13:25:05","8002","Information","Microsoft-Windows-AppLocker","%PROGRAMFILES%\MICROSOFT VS CODE\CODE.EXE was allowed to run."
"19-08-2026 13:25:05","8002","Information","Microsoft-Windows-AppLocker","%PROGRAMFILES%\MICROSOFT VS CODE\CODE.EXE was allowed to run."
"19-08-2026 13:25:04","8002","Information","Microsoft-Windows-AppLocker","%PROGRAMFILES%\MICROSOFT VS CODE\CODE.EXE was allowed to run."
"19-08-2026 13:24:37","8002","Information","Microsoft-Windows-AppLocker","%PROGRAMFILES%\WINDOWS DEFENDER ADVANCED THREAT PROTECTION\SENSEIMDSCOLLECTOR.EXE was allowed to run."
"19-08-2026 13:24:30","8002","Information","Microsoft-Windows-AppLocker","%SYSTEM32%\SHELLHOST.EXE was allowed to run."
"19-08-2026 13:24:16","8002","Information","Microsoft-Windows-AppLocker","%OSDRIVE%\USERS\ARJO5004\APPDATA\LOCAL\ANTHROPICCLAUDE\UPDATE.EXE was allowed to run."
"19-08-2026 13:24:01","8002","Information","Microsoft-Windows-AppLocker","%SYSTEM32%\TASKHOSTW.EXE was allowed to run."
"19-08-2026 13:23:23","8002","Information","Microsoft-Windows-AppLocker","%SYSTEM32%\CONHOST.EXE was allowed to run."
"19-08-2026 13:23:23","8002","Information","Microsoft-Windows-AppLocker","%PROGRAMFILES%\MICROSOFT INTUNE MANAGEMENT EXTENSION\AGENTEXECUTOR.EXE was allowed to run."
"19-08-2026 13:21:22","8002","Information","Microsoft-Windows-AppLocker","%SYSTEM32%\DLLHOST.EXE was allowed to run."
"19-08-2026 13:20:20","8002","Information","Microsoft-Windows-AppLocker","%PROGRAMFILES%\MICROSOFT ONEDRIVE\26.139.0720.0007\ONEDRIVE.SYNC.SERVICE.EXE was allowed to run."
"19-08-2026 13:19:20","8002","Information","Microsoft-Windows-AppLocker","%SYSTEM32%\SMARTSCREEN.EXE was allowed to run."
"19-08-2026 13:19:16","8002","Information","Microsoft-Windows-AppLocker","%SYSTEM32%\SEARCHPROTOCOLHOST.EXE was allowed to run."
"19-08-2026 13:16:50","8002","Information","Microsoft-Windows-AppLocker","%SYSTEM32%\SEARCHPROTOCOLHOST.EXE was allowed to run."
"19-08-2026 13:13:35","8002","Information","Microsoft-Windows-AppLocker","%PROGRAMFILES%\MICROSOFT\EDGE\APPLICATION\MSEDGE.EXE was allowed to run."
"19-08-2026 13:13:35","8002","Information","Microsoft-Windows-AppLocker","%PROGRAMFILES%\MICROSOFT\EDGE\APPLICATION\MSEDGE.EXE was allowed to run."
"19-08-2026 13:13:35","8002","Information","Microsoft-Windows-AppLocker","%PROGRAMFILES%\MICROSOFT\EDGE\APPLICATION\MSEDGE.EXE was allowed to run."
"19-08-2026 13:13:35","8002","Information","Microsoft-Windows-AppLocker","%PROGRAMFILES%\MICROSOFT\EDGE\APPLICATION\MSEDGE.EXE was allowed to run."
"19-08-2026 13:12:50","8002","Information","Microsoft-Windows-AppLocker","%SYSTEM32%\SEARCHPROTOCOLHOST.EXE was allowed to run."
"19-08-2026 13:11:02","8002","Information","Microsoft-Windows-AppLocker","%SYSTEM32%\TASKHOSTW.EXE was allowed to run."
"19-08-2026 13:09:01","8002","Information","Microsoft-Windows-AppLocker","%SYSTEM32%\TASKHOSTW.EXE was allowed to run."
"19-08-2026 13:06:18","8002","Information","Microsoft-Windows-AppLocker","%SYSTEM32%\SMARTSCREEN.EXE was allowed to run."
"19-08-2026 13:06:12","8002","Information","Microsoft-Windows-AppLocker","%SYSTEM32%\DLLHOST.EXE was allowed to run."
"19-08-2026 13:05:58","8002","Information","Microsoft-Windows-AppLocker","%SYSTEM32%\DLLHOST.EXE was allowed to run."
"19-08-2026 13:05:29","8002","Information","Microsoft-Windows-AppLocker","%SYSTEM32%\CONHOST.EXE was allowed to run."
"19-08-2026 13:05:29","8002","Information","Microsoft-Windows-AppLocker","%SYSTEM32%\WINDOWSPOWERSHELL\V1.0\POWERSHELL.EXE was allowed to run."
"19-08-2026 13:05:26","8002","Information","Microsoft-Windows-AppLocker","%SYSTEM32%\WINDOWSPOWERSHELL\V1.0\POWERSHELL.EXE was allowed to run."
"19-08-2026 13:05:06","8002","Information","Microsoft-Windows-AppLocker","%SYSTEM32%\SVCHOST.EXE was allowed to run."
"19-08-2026 13:05:06","8002","Information","Microsoft-Windows-AppLocker","%SYSTEM32%\SVCHOST.EXE was allowed to run."
"19-08-2026 13:05:05","8002","Information","Microsoft-Windows-AppLocker","%SYSTEM32%\SVCHOST.EXE was allowed to run."
"19-08-2026 12:54:01","8002","Information","Microsoft-Windows-AppLocker","%SYSTEM32%\TASKHOSTW.EXE was allowed to run."
"19-08-2026 12:49:17","8002","Information","Microsoft-Windows-AppLocker","%SYSTEM32%\SEARCHPROTOCOLHOST.EXE was allowed to run."
"19-08-2026 12:40:39","8002","Information","Microsoft-Windows-AppLocker","%SYSTEM32%\SEARCHPROTOCOLHOST.EXE was allowed to run."
"19-08-2026 12:39:01","8002","Information","Microsoft-Windows-AppLocker","%SYSTEM32%\TASKHOSTW.EXE was allowed to run."
"19-08-2026 12:38:47","8002","Information","Microsoft-Windows-AppLocker","%SYSTEM32%\SHELLHOST.EXE was allowed to run."
"19-08-2026 12:33:30","8002","Information","Microsoft-Windows-AppLocker","%PROGRAMFILES%\MICROSOFT OFFICE\ROOT\OFFICE16\SDXHELPER.EXE was allowed to run."
"19-08-2026 12:33:30","8002","Information","Microsoft-Windows-AppLocker","%PROGRAMFILES%\MICROSOFT OFFICE\ROOT\OFFICE16\SDXHELPER.EXE was allowed to run."
"19-08-2026 12:28:44","8002","Information","Microsoft-Windows-AppLocker","%SYSTEM32%\SVCHOST.EXE was allowed to run."
"19-08-2026 12:28:40","8002","Information","Microsoft-Windows-AppLocker","%OSDRIVE%\USERS\ARJO5004\APPDATA\LOCAL\ANTHROPICCLAUDE\APP-1.32885.1\CLAUDE.EXE was allowed to run."
"19-08-2026 12:28:40","8002","Information","Microsoft-Windows-AppLocker","%OSDRIVE%\USERS\ARJO5004\APPDATA\LOCAL\ANTHROPICCLAUDE\APP-1.32885.1\CLAUDE.EXE was allowed to run."
"19-08-2026 12:28:39","8002","Information","Microsoft-Windows-AppLocker","%OSDRIVE%\USERS\ARJO5004\APPDATA\LOCAL\ANTHROPICCLAUDE\APP-1.32885.1\CLAUDE.EXE was allowed to run."
"19-08-2026 12:28:38","8002","Information","Microsoft-Windows-AppLocker","%OSDRIVE%\USERS\ARJO5004\APPDATA\LOCAL\ANTHROPICCLAUDE\APP-1.32885.1\CLAUDE.EXE was allowed to run."
"19-08-2026 12:28:37","8002","Information","Microsoft-Windows-AppLocker","%OSDRIVE%\USERS\ARJO5004\APPDATA\LOCAL\ANTHROPICCLAUDE\CLAUDE.EXE was allowed to run."
"19-08-2026 12:28:37","8002","Information","Microsoft-Windows-AppLocker","%SYSTEM32%\SMARTSCREEN.EXE was allowed to run."
"19-08-2026 12:26:17","8002","Information","Microsoft-Windows-AppLocker","%OSDRIVE%\USERS\ARJO5004\APPDATA\LOCAL\ANTHROPICCLAUDE\APP-1.32885.1\CLAUDE.EXE was allowed to run."
"19-08-2026 12:24:51","8002","Information","Microsoft-Windows-AppLocker","%OSDRIVE%\USERS\ARJO5004\APPDATA\LOCAL\ANTHROPICCLAUDE\UPDATE.EXE was allowed to run."
"19-08-2026 12:24:43","8002","Information","Microsoft-Windows-AppLocker","%SYSTEM32%\SVCHOST.EXE was allowed to run."
"19-08-2026 12:24:38","8002","Information","Microsoft-Windows-AppLocker","%SYSTEM32%\SVCHOST.EXE was allowed to run."
"19-08-2026 12:24:23","8002","Information","Microsoft-Windows-AppLocker","%OSDRIVE%\USERS\ARJO5004\APPDATA\LOCAL\ANTHROPICCLAUDE\APP-1.32885.1\CLAUDE.EXE was allowed to run."
"19-08-2026 12:24:23","8002","Information","Microsoft-Windows-AppLocker","%OSDRIVE%\USERS\ARJO5004\APPDATA\LOCAL\ANTHROPICCLAUDE\APP-1.32885.1\CLAUDE.EXE was allowed to run."
"19-08-2026 12:24:20","8002","Information","Microsoft-Windows-AppLocker","%SYSTEM32%\SEARCHPROTOCOLHOST.EXE was allowed to run."
"19-08-2026 12:24:18","8002","Information","Microsoft-Windows-AppLocker","%OSDRIVE%\USERS\ARJO5004\APPDATA\LOCAL\ANTHROPICCLAUDE\APP-1.32885.1\CLAUDE.EXE was allowed to run."
"19-08-2026 12:24:18","8002","Information","Microsoft-Windows-AppLocker","%OSDRIVE%\USERS\ARJO5004\APPDATA\LOCAL\ANTHROPICCLAUDE\APP-1.32885.1\CLAUDE.EXE was allowed to run."
"19-08-2026 12:24:18","8002","Information","Microsoft-Windows-AppLocker","%OSDRIVE%\USERS\ARJO5004\APPDATA\LOCAL\ANTHROPICCLAUDE\APP-1.32885.1\CLAUDE.EXE was allowed to run."
"19-08-2026 12:24:17","8002","Information","Microsoft-Windows-AppLocker","%SYSTEM32%\CONHOST.EXE was allowed to run."
"19-08-2026 12:24:17","8002","Information","Microsoft-Windows-AppLocker","%SYSTEM32%\CONHOST.EXE was allowed to run."
"19-08-2026 12:24:17","8002","Information","Microsoft-Windows-AppLocker","%SYSTEM32%\REG.EXE was allowed to run."
"19-08-2026 12:24:17","8002","Information","Microsoft-Windows-AppLocker","%SYSTEM32%\REG.EXE was allowed to run."
"19-08-2026 12:24:17","8002","Information","Microsoft-Windows-AppLocker","%OSDRIVE%\USERS\ARJO5004\APPDATA\LOCAL\ANTHROPICCLAUDE\APP-1.32885.1\CLAUDE.EXE was allowed to run."
"19-08-2026 12:24:17","8002","Information","Microsoft-Windows-AppLocker","%OSDRIVE%\USERS\ARJO5004\APPDATA\LOCAL\ANTHROPICCLAUDE\APP-1.32885.1\CLAUDE.EXE was allowed to run."
"19-08-2026 12:24:16","8002","Information","Microsoft-Windows-AppLocker","%OSDRIVE%\USERS\ARJO5004\APPDATA\LOCAL\ANTHROPICCLAUDE\APP-1.32885.1\CLAUDE.EXE was allowed to run."
"19-08-2026 12:24:15","8002","Information","Microsoft-Windows-AppLocker","%OSDRIVE%\USERS\ARJO5004\APPDATA\LOCAL\ANTHROPICCLAUDE\APP-1.32885.1\CLAUDE.EXE was allowed to run."
"19-08-2026 12:24:13","8002","Information","Microsoft-Windows-AppLocker","%OSDRIVE%\USERS\ARJO5004\APPDATA\LOCAL\ANTHROPICCLAUDE\UPDATE.EXE was allowed to run."
"19-08-2026 12:24:12","8002","Information","Microsoft-Windows-AppLocker","%PROGRAMFILES%\WINDOWS DEFENDER ADVANCED THREAT PROTECTION\SENSEIMDSCOLLECTOR.EXE was allowed to run."
"19-08-2026 12:24:01","8002","Information","Microsoft-Windows-AppLocker","%SYSTEM32%\TASKHOSTW.EXE was allowed to run."
"19-08-2026 12:19:00","8002","Information","Microsoft-Windows-AppLocker","%SYSTEM32%\TASKHOSTW.EXE was allowed to run."
"19-08-2026 12:18:48","8002","Information","Microsoft-Windows-AppLocker","%SYSTEM32%\SEARCHPROTOCOLHOST.EXE was allowed to run."
"19-08-2026 12:18:40","8002","Information","Microsoft-Windows-AppLocker","%SYSTEM32%\SECURITYHEALTH\10.0.29628.1000-0\SECURITYHEALTHHOST.EXE was allowed to run."
"19-08-2026 12:18:40","8002","Information","Microsoft-Windows-AppLocker","%SYSTEM32%\SMARTSCREEN.EXE was allowed to run."
"19-08-2026 12:18:36","8002","Information","Microsoft-Windows-AppLocker","%PROGRAMFILES%\MICROSOFT\EDGE\APPLICATION\MSEDGE.EXE was allowed to run."
"19-08-2026 12:18:29","8002","Information","Microsoft-Windows-AppLocker","%PROGRAMFILES%\ZSCALER\ZSAHELPER\ZSAHELPER.EXE was allowed to run."
"19-08-2026 12:18:29","8002","Information","Microsoft-Windows-AppLocker","%SYSTEM32%\TASKHOSTW.EXE was allowed to run."
"19-08-2026 12:18:29","8002","Information","Microsoft-Windows-AppLocker","%SYSTEM32%\DLLHOST.EXE was allowed to run."
"19-08-2026 12:15:51","8002","Information","Microsoft-Windows-AppLocker","%SYSTEM32%\SEARCHPROTOCOLHOST.EXE was allowed to run."
"19-08-2026 12:09:01","8002","Information","Microsoft-Windows-AppLocker","%SYSTEM32%\TASKHOSTW.EXE was allowed to run."
"19-08-2026 12:06:24","8002","Information","Microsoft-Windows-AppLocker","%SYSTEM32%\SEARCHPROTOCOLHOST.EXE was allowed to run."
"19-08-2026 11:59:16","8002","Information","Microsoft-Windows-AppLocker","%SYSTEM32%\DLLHOST.EXE was allowed to run."
"19-08-2026 11:58:48","8002","Information","Microsoft-Windows-AppLocker","%PROGRAMFILES%\ZSCALER\ZSAHELPER\ZSAHELPER.EXE was allowed to run."
"19-08-2026 11:58:48","8002","Information","Microsoft-Windows-AppLocker","%SYSTEM32%\TASKHOSTW.EXE was allowed to run."
"19-08-2026 11:54:15","8002","Information","Microsoft-Windows-AppLocker","%PROGRAMFILES%\MICROSOFT OFFICE\ROOT\OFFICE16\SDXHELPER.EXE was allowed to run."
"19-08-2026 11:54:15","8002","Information","Microsoft-Windows-AppLocker","%PROGRAMFILES%\MICROSOFT OFFICE\ROOT\OFFICE16\SDXHELPER.EXE was allowed to run."
"19-08-2026 11:54:01","8002","Information","Microsoft-Windows-AppLocker","%SYSTEM32%\TASKHOSTW.EXE was allowed to run."
"19-08-2026 11:40:26","8002","Information","Microsoft-Windows-AppLocker","%OSDRIVE%\USERS\ARJO5004\APPDATA\LOCAL\ANTHROPICCLAUDE\APP-1.32352.0\CLAUDE.EXE was allowed to run."
"19-08-2026 11:40:21","8002","Information","Microsoft-Windows-AppLocker","%OSDRIVE%\USERS\ARJO5004\APPDATA\LOCAL\ANTHROPICCLAUDE\APP-1.30096.5\CLAUDE.EXE was allowed to run."
"19-08-2026 11:40:21","8002","Information","Microsoft-Windows-AppLocker","%OSDRIVE%\USERS\ARJO5004\APPDATA\LOCAL\ANTHROPICCLAUDE\APP-1.30096.5\CLAUDE.EXE was allowed to run."
"19-08-2026 11:40:20","8002","Information","Microsoft-Windows-AppLocker","%OSDRIVE%\USERS\ARJO5004\APPDATA\LOCAL\ANTHROPICCLAUDE\APP-1.30096.5\CLAUDE.EXE was allowed to run."
"19-08-2026 11:40:19","8002","Information","Microsoft-Windows-AppLocker","%OSDRIVE%\USERS\ARJO5004\APPDATA\LOCAL\ANTHROPICCLAUDE\APP-1.30096.5\CLAUDE.EXE was allowed to run."
"19-08-2026 11:40:16","8002","Information","Microsoft-Windows-AppLocker","%OSDRIVE%\USERS\ARJO5004\APPDATA\LOCAL\ANTHROPICCLAUDE\APP-1.32885.1\CLAUDE.EXE was allowed to run."
"19-08-2026 11:40:15","8002","Information","Microsoft-Windows-AppLocker","%OSDRIVE%\USERS\ARJO5004\APPDATA\LOCAL\ANTHROPICCLAUDE\APP-1.32885.1\CLAUDE.EXE was allowed to run."
"19-08-2026 11:40:15","8002","Information","Microsoft-Windows-AppLocker","%OSDRIVE%\USERS\ARJO5004\APPDATA\LOCAL\ANTHROPICCLAUDE\UPDATE.EXE was allowed to run."
"19-08-2026 11:40:14","8002","Information","Microsoft-Windows-AppLocker","%OSDRIVE%\USERS\ARJO5004\APPDATA\LOCAL\ANTHROPICCLAUDE\APP-1.32885.1\CLAUDE.EXE was allowed to run."
"19-08-2026 11:40:13","8002","Information","Microsoft-Windows-AppLocker","%OSDRIVE%\USERS\ARJO5004\APPDATA\LOCAL\ANTHROPICCLAUDE\APP-1.32885.1\CLAUDE.EXE was allowed to run."
"19-08-2026 11:40:12","8002","Information","Microsoft-Windows-AppLocker","%OSDRIVE%\USERS\ARJO5004\APPDATA\LOCAL\ANTHROPICCLAUDE\APP-1.32885.1\SQUIRREL.EXE was allowed to run."
"19-08-2026 11:39:01","8002","Information","Microsoft-Windows-AppLocker","%SYSTEM32%\TASKHOSTW.EXE was allowed to run."
"19-08-2026 11:39:00","8002","Information","Microsoft-Windows-AppLocker","%OSDRIVE%\USERS\ARJO5004\APPDATA\LOCAL\ANTHROPICCLAUDE\UPDATE.EXE was allowed to run."
"19-08-2026 11:38:59","8002","Information","Microsoft-Windows-AppLocker","%OSDRIVE%\USERS\ARJO5004\APPDATA\LOCAL\ANTHROPICCLAUDE\UPDATE.EXE was allowed to run."
"19-08-2026 11:38:31","8002","Information","Microsoft-Windows-AppLocker","%OSDRIVE%\USERS\ARJO5004\APPDATA\LOCAL\ANTHROPICCLAUDE\APP-1.32352.0\CLAUDE.EXE was allowed to run."
"19-08-2026 11:38:31","8002","Information","Microsoft-Windows-AppLocker","%OSDRIVE%\USERS\ARJO5004\APPDATA\LOCAL\ANTHROPICCLAUDE\APP-1.32352.0\CLAUDE.EXE was allowed to run."
"19-08-2026 11:38:27","8002","Information","Microsoft-Windows-AppLocker","%OSDRIVE%\USERS\ARJO5004\APPDATA\LOCAL\ANTHROPICCLAUDE\APP-1.32352.0\CLAUDE.EXE was allowed to run."
"19-08-2026 11:38:27","8002","Information","Microsoft-Windows-AppLocker","%OSDRIVE%\USERS\ARJO5004\APPDATA\LOCAL\ANTHROPICCLAUDE\APP-1.32352.0\CLAUDE.EXE was allowed to run."
"19-08-2026 11:38:27","8002","Information","Microsoft-Windows-AppLocker","%OSDRIVE%\USERS\ARJO5004\APPDATA\LOCAL\ANTHROPICCLAUDE\APP-1.32352.0\CLAUDE.EXE was allowed to run."
"19-08-2026 11:38:26","8002","Information","Microsoft-Windows-AppLocker","%SYSTEM32%\CONHOST.EXE was allowed to run."
"19-08-2026 11:38:26","8002","Information","Microsoft-Windows-AppLocker","%SYSTEM32%\REG.EXE was allowed to run."
"19-08-2026 11:38:26","8002","Information","Microsoft-Windows-AppLocker","%SYSTEM32%\CONHOST.EXE was allowed to run."
"19-08-2026 11:38:26","8002","Information","Microsoft-Windows-AppLocker","%SYSTEM32%\REG.EXE was allowed to run."
"19-08-2026 11:38:26","8002","Information","Microsoft-Windows-AppLocker","%OSDRIVE%\USERS\ARJO5004\APPDATA\LOCAL\ANTHROPICCLAUDE\APP-1.32352.0\CLAUDE.EXE was allowed to run."
"19-08-2026 11:38:26","8002","Information","Microsoft-Windows-AppLocker","%OSDRIVE%\USERS\ARJO5004\APPDATA\LOCAL\ANTHROPICCLAUDE\APP-1.32352.0\CLAUDE.EXE was allowed to run."
"19-08-2026 11:38:25","8002","Information","Microsoft-Windows-AppLocker","%OSDRIVE%\USERS\ARJO5004\APPDATA\LOCAL\ANTHROPICCLAUDE\APP-1.32352.0\CLAUDE.EXE was allowed to run."
"19-08-2026 11:38:24","8002","Information","Microsoft-Windows-AppLocker","%OSDRIVE%\USERS\ARJO5004\APPDATA\LOCAL\ANTHROPICCLAUDE\APP-1.32352.0\CLAUDE.EXE was allowed to run."
"19-08-2026 11:38:23","8002","Information","Microsoft-Windows-AppLocker","%OSDRIVE%\USERS\ARJO5004\APPDATA\LOCAL\ANTHROPICCLAUDE\CLAUDE.EXE was allowed to run."
"19-08-2026 11:38:23","8002","Information","Microsoft-Windows-AppLocker","%SYSTEM32%\SMARTSCREEN.EXE was allowed to run."
"19-08-2026 11:38:23","8002","Information","Microsoft-Windows-AppLocker","%SYSTEM32%\DLLHOST.EXE was allowed to run."
"19-08-2026 11:37:40","8002","Information","Microsoft-Windows-AppLocker","%SYSTEM32%\DLLHOST.EXE was allowed to run."
"19-08-2026 11:37:35","8002","Information","Microsoft-Windows-AppLocker","%SYSTEM32%\DLLHOST.EXE was allowed to run."
"19-08-2026 11:37:26","8002","Information","Microsoft-Windows-AppLocker","%SYSTEM32%\DLLHOST.EXE was allowed to run."
"19-08-2026 11:35:58","8002","Information","Microsoft-Windows-AppLocker","%SYSTEM32%\DLLHOST.EXE was allowed to run."
"19-08-2026 11:35:32","8002","Information","Microsoft-Windows-AppLocker","%SYSTEM32%\DLLHOST.EXE was allowed to run."
"19-08-2026 11:34:55","8002","Information","Microsoft-Windows-AppLocker","%WINDIR%\EXPLORER.EXE was allowed to run."
"19-08-2026 11:34:55","8002","Information","Microsoft-Windows-AppLocker","%SYSTEM32%\DLLHOST.EXE was allowed to run."
"19-08-2026 11:31:07","8002","Information","Microsoft-Windows-AppLocker","%SYSTEM32%\SEARCHPROTOCOLHOST.EXE was allowed to run."
"19-08-2026 11:25:26","8002","Information","Microsoft-Windows-AppLocker","%SYSTEM32%\SEARCHPROTOCOLHOST.EXE was allowed to run."
"19-08-2026 11:24:01","8002","Information","Microsoft-Windows-AppLocker","%SYSTEM32%\TASKHOSTW.EXE was allowed to run."
"19-08-2026 11:23:46","8002","Information","Microsoft-Windows-AppLocker","%PROGRAMFILES%\WINDOWS DEFENDER ADVANCED THREAT PROTECTION\SENSEIMDSCOLLECTOR.EXE was allowed to run."
"19-08-2026 11:23:23","8002","Information","Microsoft-Windows-AppLocker","%SYSTEM32%\CONHOST.EXE was allowed to run."
"19-08-2026 11:23:23","8002","Information","Microsoft-Windows-AppLocker","%PROGRAMFILES%\MICROSOFT INTUNE MANAGEMENT EXTENSION\AGENTEXECUTOR.EXE was allowed to run."
"19-08-2026 11:15:48","8002","Information","Microsoft-Windows-AppLocker","%SYSTEM32%\SEARCHPROTOCOLHOST.EXE was allowed to run."
"19-08-2026 11:15:39","8002","Information","Microsoft-Windows-AppLocker","%PROGRAMFILES%\MICROSOFT\EDGE\APPLICATION\MSEDGE.EXE was allowed to run."
"19-08-2026 11:15:37","8002","Information","Microsoft-Windows-AppLocker","%PROGRAMFILES%\MICROSOFT\EDGE\APPLICATION\MSEDGE.EXE was allowed to run."
"19-08-2026 11:15:37","8002","Information","Microsoft-Windows-AppLocker","%PROGRAMFILES%\MICROSOFT\EDGE\APPLICATION\MSEDGE.EXE was allowed to run."
"19-08-2026 11:09:01","8002","Information","Microsoft-Windows-AppLocker","%SYSTEM32%\TASKHOSTW.EXE was allowed to run."
"19-08-2026 11:07:34","8002","Information","Microsoft-Windows-AppLocker","%SYSTEM32%\SEARCHPROTOCOLHOST.EXE was allowed to run."
"19-08-2026 11:07:17","8002","Information","Microsoft-Windows-AppLocker","%SYSTEM32%\DLLHOST.EXE was allowed to run."
"19-08-2026 11:07:06","8002","Information","Microsoft-Windows-AppLocker","%SYSTEM32%\DLLHOST.EXE was allowed to run."
"19-08-2026 11:02:07","8002","Information","Microsoft-Windows-AppLocker","%SYSTEM32%\DLLHOST.EXE was allowed to run."
"19-08-2026 11:01:59","8002","Information","Microsoft-Windows-AppLocker","%SYSTEM32%\SEARCHPROTOCOLHOST.EXE was allowed to run."
"19-08-2026 10:54:01","8002","Information","Microsoft-Windows-AppLocker","%SYSTEM32%\TASKHOSTW.EXE was allowed to run."
"19-08-2026 10:47:18","8002","Information","Microsoft-Windows-AppLocker","%SYSTEM32%\SMARTSCREEN.EXE was allowed to run."
"19-08-2026 10:47:17","8002","Information","Microsoft-Windows-AppLocker","%SYSTEM32%\DLLHOST.EXE was allowed to run."
"19-08-2026 10:46:29","8002","Information","Microsoft-Windows-AppLocker","%SYSTEM32%\DLLHOST.EXE was allowed to run."
"19-08-2026 10:46:23","8002","Information","Microsoft-Windows-AppLocker","%SYSTEM32%\DLLHOST.EXE was allowed to run."
"19-08-2026 10:46:02","8002","Information","Microsoft-Windows-AppLocker","%SYSTEM32%\DLLHOST.EXE was allowed to run."
"19-08-2026 10:39:26","8002","Information","Microsoft-Windows-AppLocker","%SYSTEM32%\TASKHOSTW.EXE was allowed to run."
"19-08-2026 10:39:08","8002","Information","Microsoft-Windows-AppLocker","%SYSTEM32%\SEARCHPROTOCOLHOST.EXE was allowed to run."
"19-08-2026 10:39:01","8002","Information","Microsoft-Windows-AppLocker","%SYSTEM32%\TASKHOSTW.EXE was allowed to run."
"19-08-2026 10:38:20","8002","Information","Microsoft-Windows-AppLocker","%PROGRAMFILES%\MICROSOFT OFFICE\ROOT\OFFICE16\SDXHELPER.EXE was allowed to run."
"19-08-2026 10:38:19","8002","Information","Microsoft-Windows-AppLocker","%PROGRAMFILES%\MICROSOFT OFFICE\ROOT\OFFICE16\SDXHELPER.EXE was allowed to run."
"19-08-2026 10:37:23","8002","Information","Microsoft-Windows-AppLocker","%PROGRAMFILES%\GOOGLE\CHROME\APPLICATION\CHROME.EXE was allowed to run."
"19-08-2026 10:37:23","8002","Information","Microsoft-Windows-AppLocker","%PROGRAMFILES%\GOOGLE\CHROME\APPLICATION\CHROME.EXE was allowed to run."
"19-08-2026 10:37:23","8002","Information","Microsoft-Windows-AppLocker","%PROGRAMFILES%\GOOGLE\CHROME\APPLICATION\CHROME.EXE was allowed to run."
"19-08-2026 10:37:15","8002","Information","Microsoft-Windows-AppLocker","%PROGRAMFILES%\GOOGLE\CHROME\APPLICATION\CHROME.EXE was allowed to run."
"19-08-2026 10:37:15","8002","Information","Microsoft-Windows-AppLocker","%PROGRAMFILES%\GOOGLE\CHROME\APPLICATION\CHROME.EXE was allowed to run."
"19-08-2026 10:37:10","8002","Information","Microsoft-Windows-AppLocker","%PROGRAMFILES%\GOOGLE\CHROME\APPLICATION\CHROME.EXE was allowed to run."
"19-08-2026 10:37:09","8002","Information","Microsoft-Windows-AppLocker","%PROGRAMFILES%\GOOGLE\CHROME\APPLICATION\CHROME.EXE was allowed to run."
"19-08-2026 10:37:07","8002","Information","Microsoft-Windows-AppLocker","%PROGRAMFILES%\GOOGLE\CHROME\APPLICATION\CHROME.EXE was allowed to run."
"19-08-2026 10:37:03","8002","Information","Microsoft-Windows-AppLocker","%PROGRAMFILES%\GOOGLE\GOOGLEUPDATER\152.0.7933.0\UPDATER.EXE was allowed to run."
"19-08-2026 10:37:02","8002","Information","Microsoft-Windows-AppLocker","%PROGRAMFILES%\GOOGLE\GOOGLEUPDATER\152.0.7933.0\UPDATER.EXE was allowed to run."
"19-08-2026 10:37:02","8002","Information","Microsoft-Windows-AppLocker","%PROGRAMFILES%\GOOGLE\GOOGLEUPDATER\152.0.7933.0\UPDATER.EXE was allowed to run."
"19-08-2026 10:37:02","8002","Information","Microsoft-Windows-AppLocker","%PROGRAMFILES%\GOOGLE\GOOGLEUPDATER\152.0.7933.0\UPDATER.EXE was allowed to run."
"19-08-2026 10:37:02","8002","Information","Microsoft-Windows-AppLocker","%PROGRAMFILES%\GOOGLE\CHROME\APPLICATION\CHROME.EXE was allowed to run."
"19-08-2026 10:37:01","8002","Information","Microsoft-Windows-AppLocker","%PROGRAMFILES%\GOOGLE\CHROME\APPLICATION\CHROME.EXE was allowed to run."
"19-08-2026 10:37:01","8002","Information","Microsoft-Windows-AppLocker","%PROGRAMFILES%\GOOGLE\CHROME\APPLICATION\CHROME.EXE was allowed to run."
"19-08-2026 10:37:01","8002","Information","Microsoft-Windows-AppLocker","%PROGRAMFILES%\GOOGLE\CHROME\APPLICATION\CHROME.EXE was allowed to run."
"19-08-2026 10:37:00","8002","Information","Microsoft-Windows-AppLocker","%PROGRAMFILES%\GOOGLE\CHROME\APPLICATION\CHROME.EXE was allowed to run."
"19-08-2026 10:37:00","8002","Information","Microsoft-Windows-AppLocker","%PROGRAMFILES%\GOOGLE\CHROME\APPLICATION\CHROME.EXE was allowed to run."
"19-08-2026 10:35:43","8002","Information","Microsoft-Windows-AppLocker","%PROGRAMFILES%\WINDOWS DEFENDER ADVANCED THREAT PROTECTION\SENSENDR.EXE was allowed to run."
"19-08-2026 10:35:26","8002","Information","Microsoft-Windows-AppLocker","%PROGRAMFILES%\GOOGLE\CHROME\APPLICATION\CHROME.EXE was allowed to run."
"19-08-2026 10:35:26","8002","Information","Microsoft-Windows-AppLocker","%PROGRAMFILES%\GOOGLE\CHROME\APPLICATION\CHROME.EXE was allowed to run."
"19-08-2026 10:35:25","8002","Information","Microsoft-Windows-AppLocker","%PROGRAMFILES%\GOOGLE\CHROME\APPLICATION\CHROME.EXE was allowed to run."
"19-08-2026 10:35:25","8002","Information","Microsoft-Windows-AppLocker","%PROGRAMFILES%\GOOGLE\CHROME\APPLICATION\CHROME.EXE was allowed to run."
"19-08-2026 10:35:25","8002","Information","Microsoft-Windows-AppLocker","%PROGRAMFILES%\GOOGLE\CHROME\APPLICATION\CHROME.EXE was allowed to run."
"19-08-2026 10:35:25","8002","Information","Microsoft-Windows-AppLocker","%PROGRAMFILES%\GOOGLE\CHROME\APPLICATION\CHROME.EXE was allowed to run."
"19-08-2026 10:35:25","8002","Information","Microsoft-Windows-AppLocker","%PROGRAMFILES%\GOOGLE\CHROME\APPLICATION\CHROME.EXE was allowed to run."
"19-08-2026 10:35:25","8002","Information","Microsoft-Windows-AppLocker","%PROGRAMFILES%\GOOGLE\CHROME\APPLICATION\CHROME.EXE was allowed to run."
"19-08-2026 10:35:25","8002","Information","Microsoft-Windows-AppLocker","%PROGRAMFILES%\GOOGLE\CHROME\APPLICATION\CHROME.EXE was allowed to run."
"19-08-2026 10:35:25","8002","Information","Microsoft-Windows-AppLocker","%PROGRAMFILES%\GOOGLE\CHROME\APPLICATION\CHROME.EXE was allowed to run."
"19-08-2026 10:35:25","8002","Information","Microsoft-Windows-AppLocker","%PROGRAMFILES%\GOOGLE\CHROME\APPLICATION\CHROME.EXE was allowed to run."
"19-08-2026 10:35:25","8002","Information","Microsoft-Windows-AppLocker","%PROGRAMFILES%\GOOGLE\CHROME\APPLICATION\CHROME.EXE was allowed to run."
"19-08-2026 10:35:24","8002","Information","Microsoft-Windows-AppLocker","%PROGRAMFILES%\GOOGLE\CHROME\APPLICATION\CHROME.EXE was allowed to run."
"19-08-2026 10:35:22","8002","Information","Microsoft-Windows-AppLocker","%PROGRAMFILES%\GOOGLE\CHROME\APPLICATION\CHROME.EXE was allowed to run."
"19-08-2026 10:35:21","8002","Information","Microsoft-Windows-AppLocker","%PROGRAMFILES%\GOOGLE\CHROME\APPLICATION\CHROME.EXE was allowed to run."
"19-08-2026 10:35:21","8002","Information","Microsoft-Windows-AppLocker","%PROGRAMFILES%\GOOGLE\CHROME\APPLICATION\CHROME.EXE was allowed to run."
"19-08-2026 10:35:21","8002","Information","Microsoft-Windows-AppLocker","%PROGRAMFILES%\GOOGLE\CHROME\APPLICATION\CHROME.EXE was allowed to run."
"19-08-2026 10:35:21","8002","Information","Microsoft-Windows-AppLocker","%PROGRAMFILES%\GOOGLE\CHROME\APPLICATION\CHROME.EXE was allowed to run."
"19-08-2026 10:35:20","8002","Information","Microsoft-Windows-AppLocker","%PROGRAMFILES%\GOOGLE\CHROME\APPLICATION\CHROME.EXE was allowed to run."
"19-08-2026 10:35:19","8002","Information","Microsoft-Windows-AppLocker","%PROGRAMFILES%\GOOGLE\CHROME\APPLICATION\CHROME.EXE was allowed to run."
"19-08-2026 10:35:19","8002","Information","Microsoft-Windows-AppLocker","%PROGRAMFILES%\GOOGLE\CHROME\APPLICATION\CHROME.EXE was allowed to run."
"19-08-2026 10:35:19","8002","Information","Microsoft-Windows-AppLocker","%PROGRAMFILES%\GOOGLE\CHROME\APPLICATION\CHROME.EXE was allowed to run."
"19-08-2026 10:35:19","8002","Information","Microsoft-Windows-AppLocker","%PROGRAMFILES%\GOOGLE\CHROME\APPLICATION\CHROME.EXE was allowed to run."
"19-08-2026 10:35:18","8002","Information","Microsoft-Windows-AppLocker","%PROGRAMFILES%\GOOGLE\CHROME\APPLICATION\CHROME.EXE was allowed to run."
"19-08-2026 10:35:18","8002","Information","Microsoft-Windows-AppLocker","%PROGRAMFILES%\GOOGLE\CHROME\APPLICATION\CHROME.EXE was allowed to run."
"19-08-2026 10:35:16","8002","Information","Microsoft-Windows-AppLocker","%PROGRAMFILES%\GOOGLE\CHROME\APPLICATION\CHROME.EXE was allowed to run."
"19-08-2026 10:35:16","8002","Information","Microsoft-Windows-AppLocker","%PROGRAMFILES%\GOOGLE\CHROME\APPLICATION\CHROME.EXE was allowed to run."
"19-08-2026 10:35:16","8002","Information","Microsoft-Windows-AppLocker","%PROGRAMFILES%\GOOGLE\CHROME\APPLICATION\CHROME.EXE was allowed to run."
"19-08-2026 10:35:16","8002","Information","Microsoft-Windows-AppLocker","%SYSTEM32%\COMPPKGSRV.EXE was allowed to run."
"19-08-2026 10:35:15","8002","Information","Microsoft-Windows-AppLocker","%PROGRAMFILES%\GOOGLE\CHROME\APPLICATION\CHROME.EXE was allowed to run."
"19-08-2026 10:35:13","8002","Information","Microsoft-Windows-AppLocker","%PROGRAMFILES%\GOOGLE\CHROME\APPLICATION\CHROME.EXE was allowed to run."
"19-08-2026 10:35:12","8002","Information","Microsoft-Windows-AppLocker","%PROGRAMFILES%\GOOGLE\CHROME\APPLICATION\CHROME.EXE was allowed to run."
"19-08-2026 10:35:12","8002","Information","Microsoft-Windows-AppLocker","%PROGRAMFILES%\GOOGLE\CHROME\APPLICATION\CHROME.EXE was allowed to run."
"19-08-2026 10:35:11","8002","Information","Microsoft-Windows-AppLocker","%PROGRAMFILES%\GOOGLE\CHROME\APPLICATION\CHROME.EXE was allowed to run."
"19-08-2026 10:35:11","8002","Information","Microsoft-Windows-AppLocker","%PROGRAMFILES%\GOOGLE\CHROME\APPLICATION\CHROME.EXE was allowed to run."
"19-08-2026 10:35:10","8002","Information","Microsoft-Windows-AppLocker","%PROGRAMFILES%\GOOGLE\CHROME\APPLICATION\CHROME.EXE was allowed to run."
"19-08-2026 10:35:09","8002","Information","Microsoft-Windows-AppLocker","%PROGRAMFILES%\GOOGLE\CHROME\APPLICATION\CHROME.EXE was allowed to run."
"19-08-2026 10:35:09","8002","Information","Microsoft-Windows-AppLocker","%PROGRAMFILES%\GOOGLE\CHROME\APPLICATION\CHROME.EXE was allowed to run."
"19-08-2026 10:35:09","8002","Information","Microsoft-Windows-AppLocker","%PROGRAMFILES%\GOOGLE\CHROME\APPLICATION\CHROME.EXE was allowed to run."
"19-08-2026 10:35:07","8002","Information","Microsoft-Windows-AppLocker","%PROGRAMFILES%\GOOGLE\CHROME\APPLICATION\CHROME.EXE was allowed to run."
"19-08-2026 10:35:07","8002","Information","Microsoft-Windows-AppLocker","%PROGRAMFILES%\GOOGLE\CHROME\APPLICATION\CHROME.EXE was allowed to run."
"19-08-2026 10:35:07","8002","Information","Microsoft-Windows-AppLocker","%PROGRAMFILES%\GOOGLE\CHROME\APPLICATION\CHROME.EXE was allowed to run."
"19-08-2026 10:35:07","8002","Information","Microsoft-Windows-AppLocker","%PROGRAMFILES%\GOOGLE\CHROME\APPLICATION\CHROME.EXE was allowed to run."
"19-08-2026 10:35:07","8002","Information","Microsoft-Windows-AppLocker","%PROGRAMFILES%\GOOGLE\CHROME\APPLICATION\CHROME.EXE was allowed to run."
"19-08-2026 10:35:07","8002","Information","Microsoft-Windows-AppLocker","%PROGRAMFILES%\GOOGLE\CHROME\APPLICATION\CHROME.EXE was allowed to run."
"19-08-2026 10:35:06","8002","Information","Microsoft-Windows-AppLocker","%PROGRAMFILES%\GOOGLE\CHROME\APPLICATION\CHROME.EXE was allowed to run."
"19-08-2026 10:35:06","8002","Information","Microsoft-Windows-AppLocker","%PROGRAMFILES%\GOOGLE\CHROME\APPLICATION\CHROME.EXE was allowed to run."
"19-08-2026 10:35:06","8002","Information","Microsoft-Windows-AppLocker","%SYSTEM32%\SMARTSCREEN.EXE was allowed to run."
"19-08-2026 10:30:46","8002","Information","Microsoft-Windows-AppLocker","%SYSTEM32%\DLLHOST.EXE was allowed to run."
"19-08-2026 10:27:32","8002","Information","Microsoft-Windows-AppLocker","%SYSTEM32%\SEARCHPROTOCOLHOST.EXE was allowed to run."
"19-08-2026 10:24:01","8002","Information","Microsoft-Windows-AppLocker","%SYSTEM32%\TASKHOSTW.EXE was allowed to run."
"19-08-2026 10:23:49","8002","Information","Microsoft-Windows-AppLocker","%SYSTEM32%\TASKHOSTW.EXE was allowed to run."
"19-08-2026 10:23:41","8002","Information","Microsoft-Windows-AppLocker","%SYSTEM32%\SEARCHPROTOCOLHOST.EXE was allowed to run."
"19-08-2026 10:23:37","8002","Information","Microsoft-Windows-AppLocker","%PROGRAMFILES%\MICROSOFT\EDGEWEBVIEW\APPLICATION\151.0.4129.86\MSEDGEWEBVIEW2.EXE was allowed to run."
"19-08-2026 10:23:29","8002","Information","Microsoft-Windows-AppLocker","%SYSTEM32%\SECURITYHEALTH\10.0.29628.1000-0\SECURITYHEALTHHOST.EXE was allowed to run."
"19-08-2026 10:23:28","8002","Information","Microsoft-Windows-AppLocker","%SYSTEM32%\SMARTSCREEN.EXE was allowed to run."
"19-08-2026 10:23:20","8002","Information","Microsoft-Windows-AppLocker","%PROGRAMFILES%\WINDOWS DEFENDER ADVANCED THREAT PROTECTION\SENSEIMDSCOLLECTOR.EXE was allowed to run."
"19-08-2026 10:23:19","8002","Information","Microsoft-Windows-AppLocker","%PROGRAMFILES%\ZSCALER\ZSAHELPER\ZSAHELPER.EXE was allowed to run."
"19-08-2026 10:23:18","8002","Information","Microsoft-Windows-AppLocker","%SYSTEM32%\TASKHOSTW.EXE was allowed to run."
"19-08-2026 10:23:17","8002","Information","Microsoft-Windows-AppLocker","%SYSTEM32%\DLLHOST.EXE was allowed to run."
"19-08-2026 10:19:08","8002","Information","Microsoft-Windows-AppLocker","%SYSTEM32%\DLLHOST.EXE was allowed to run."
"19-08-2026 10:18:41","8002","Information","Microsoft-Windows-AppLocker","%SYSTEM32%\DLLHOST.EXE was allowed to run."
"19-08-2026 10:18:39","8002","Information","Microsoft-Windows-AppLocker","%WINDIR%\UUS\AMD64\MONOTIFICATIONUX.EXE was allowed to run."
"19-08-2026 10:18:39","8002","Information","Microsoft-Windows-AppLocker","%WINDIR%\UUS\AMD64\MONOTIFICATIONUX.EXE was allowed to run."
"19-08-2026 10:17:32","8002","Information","Microsoft-Windows-AppLocker","%WINDIR%\UUS\AMD64\MONOTIFICATIONUX.EXE was allowed to run."
"19-08-2026 10:16:26","8002","Information","Microsoft-Windows-AppLocker","%WINDIR%\UUS\AMD64\MONOTIFICATIONUX.EXE was allowed to run."
"19-08-2026 10:16:24","8002","Information","Microsoft-Windows-AppLocker","%WINDIR%\UUS\AMD64\MONOTIFICATIONUX.EXE was allowed to run."
"19-08-2026 10:15:18","8002","Information","Microsoft-Windows-AppLocker","%WINDIR%\UUS\AMD64\MONOTIFICATIONUX.EXE was allowed to run."
"19-08-2026 10:15:02","8002","Information","Microsoft-Windows-AppLocker","%SYSTEM32%\SEARCHPROTOCOLHOST.EXE was allowed to run."
"19-08-2026 10:14:41","8002","Information","Microsoft-Windows-AppLocker","%WINDIR%\UUS\AMD64\MONOTIFICATIONUX.EXE was allowed to run."
"19-08-2026 10:13:56","8002","Information","Microsoft-Windows-AppLocker","%WINDIR%\UUS\AMD64\MONOTIFICATIONUX.EXE was allowed to run."
"19-08-2026 10:13:55","8002","Information","Microsoft-Windows-AppLocker","%WINDIR%\UUS\AMD64\MONOTIFICATIONUX.EXE was allowed to run."
