"15-06-2026 10:00:21","3","Error","Microsoft-Windows-Kernel-EventTracing","Session ""EventLog-Intel-SST-OED-IntcOED_ETW_Telemetry"" stopped due to the following error: 0xC0000188"
"15-06-2026 10:00:21","4","Warning","Microsoft-Windows-Kernel-EventTracing","The maximum file size for session ""EventLog-Intel-SST-OED-IntcOED_ETW_Telemetry"" has been reached. As a result, events might be lost (not logged) to file ""C:\Windows\System32\Winevt\Logs\Intel-SST-OED0x8800081IntcOED_ETW_Telemetry.evtx"". The maximum files size is currently set to 1048576 bytes."
"12-06-2026 16:26:55","3","Error","Microsoft-Windows-Kernel-EventTracing","Session ""EventLog-Intel-SST-OED-IntcOED_ETW_Telemetry"" stopped due to the following error: 0xC0000188"
"12-06-2026 16:26:55","4","Warning","Microsoft-Windows-Kernel-EventTracing","The maximum file size for session ""EventLog-Intel-SST-OED-IntcOED_ETW_Telemetry"" has been reached. As a result, events might be lost (not logged) to file ""C:\Windows\System32\Winevt\Logs\Intel-SST-OED0x8800081IntcOED_ETW_Telemetry.evtx"". The maximum files size is currently set to 1048576 bytes."
"12-06-2026 09:55:38","2","Error","Microsoft-Windows-Kernel-EventTracing","Session ""Cloud Files Diagnostic Event Listener"" failed to start with the following error: 0xC0000022"
"12-06-2026 09:54:45","3","Error","Microsoft-Windows-Kernel-EventTracing","Session ""ReadyBoot"" stopped due to the following error: 0xC0000188"
"12-06-2026 09:54:45","4","Warning","Microsoft-Windows-Kernel-EventTracing","The maximum file size for session ""ReadyBoot"" has been reached. As a result, events might be lost (not logged) to file ""C:\Windows\Prefetch\ReadyBoot\ReadyBoot.etl"". The maximum files size is currently set to 20971520 bytes."
"12-06-2026 09:54:38","2","Error","Microsoft-Windows-Kernel-EventTracing","Session ""SenseEventLog"" failed to start with the following error: 0xC0000035"
"12-06-2026 09:23:15","2","Error","Microsoft-Windows-Kernel-EventTracing","Session ""DtpEnergyEstimationSession"" failed to start with the following error: 0xC0000035"
"12-06-2026 09:23:13","2","Error","Microsoft-Windows-Kernel-EventTracing","Session ""DtpKernalSession"" failed to start with the following error: 0xC0000035"
"12-06-2026 09:22:42","2","Error","Microsoft-Windows-Kernel-EventTracing","Session ""DtpSleepStudySession"" failed to start with the following error: 0xC0000035"
"12-06-2026 09:22:42","2","Error","Microsoft-Windows-Kernel-EventTracing","Session ""DtpMsbSession"" failed to start with the following error: 0xC0000035"
"11-06-2026 08:49:54","2","Error","Microsoft-Windows-Kernel-EventTracing","Session ""Cloud Files Diagnostic Event Listener"" failed to start with the following error: 0xC0000022"
"10-06-2026 13:06:30","3","Error","Microsoft-Windows-Kernel-EventTracing","Session ""PerfDiag Logger"" stopped due to the following error: 0xC0000188"
"10-06-2026 13:06:30","4","Warning","Microsoft-Windows-Kernel-EventTracing","The maximum file size for session ""PerfDiag Logger"" has been reached. As a result, events might be lost (not logged) to file ""C:\Windows\system32\WDI\LogFiles\ShutdownPerfDiagLogger.etl"". The maximum files size is currently set to 20971520 bytes."
"09-06-2026 11:11:45","3","Error","Microsoft-Windows-Kernel-EventTracing","Session ""EventLog-Intel-SST-OED-IntcOED_ETW_Telemetry"" stopped due to the following error: 0xC0000188"
"09-06-2026 11:11:45","4","Warning","Microsoft-Windows-Kernel-EventTracing","The maximum file size for session ""EventLog-Intel-SST-OED-IntcOED_ETW_Telemetry"" has been reached. As a result, events might be lost (not logged) to file ""C:\Windows\System32\Winevt\Logs\Intel-SST-OED0x8800081IntcOED_ETW_Telemetry.evtx"". The maximum files size is currently set to 1048576 bytes."
"08-06-2026 19:14:43","2","Error","Microsoft-Windows-Kernel-EventTracing","Session ""Cloud Files Diagnostic Event Listener"" failed to start with the following error: 0xC0000022"
"08-06-2026 19:14:02","3","Error","Microsoft-Windows-Kernel-EventTracing","Session ""ReadyBoot"" stopped due to the following error: 0xC0000188"
"08-06-2026 19:14:02","4","Warning","Microsoft-Windows-Kernel-EventTracing","The maximum file size for session ""ReadyBoot"" has been reached. As a result, events might be lost (not logged) to file ""C:\Windows\Prefetch\ReadyBoot\ReadyBoot.etl"". The maximum files size is currently set to 20971520 bytes."
"08-06-2026 19:13:56","2","Error","Microsoft-Windows-Kernel-EventTracing","Session ""SenseEventLog"" failed to start with the following error: 0xC0000035"
"08-06-2026 17:01:26","2","Error","Microsoft-Windows-Kernel-EventTracing","Session ""Cloud Files Diagnostic Event Listener"" failed to start with the following error: 0xC0000022"
"08-06-2026 15:59:14","3","Error","Microsoft-Windows-Kernel-EventTracing","Session ""EventLog-Intel-SST-OED-IntcOED_ETW_Telemetry"" stopped due to the following error: 0xC0000188"
"08-06-2026 15:59:14","4","Warning","Microsoft-Windows-Kernel-EventTracing","The maximum file size for session ""EventLog-Intel-SST-OED-IntcOED_ETW_Telemetry"" has been reached. As a result, events might be lost (not logged) to file ""C:\Windows\System32\Winevt\Logs\Intel-SST-OED0x8800081IntcOED_ETW_Telemetry.evtx"". The maximum files size is currently set to 1048576 bytes."
"08-06-2026 09:41:09","2","Error","Microsoft-Windows-Kernel-EventTracing","Session ""Cloud Files Diagnostic Event Listener"" failed to start with the following error: 0xC0000022"
"08-06-2026 09:40:16","3","Error","Microsoft-Windows-Kernel-EventTracing","Session ""ReadyBoot"" stopped due to the following error: 0xC0000188"
"08-06-2026 09:40:16","4","Warning","Microsoft-Windows-Kernel-EventTracing","The maximum file size for session ""ReadyBoot"" has been reached. As a result, events might be lost (not logged) to file ""C:\Windows\Prefetch\ReadyBoot\ReadyBoot.etl"". The maximum files size is currently set to 20971520 bytes."
"08-06-2026 09:40:11","2","Error","Microsoft-Windows-Kernel-EventTracing","Session ""SenseEventLog"" failed to start with the following error: 0xC0000035"
"04-06-2026 11:15:25","2","Error","Microsoft-Windows-Kernel-EventTracing","Session ""Cloud Files Diagnostic Event Listener"" failed to start with the following error: 0xC0000022"
"03-06-2026 12:30:58","3","Error","Microsoft-Windows-Kernel-EventTracing","Session ""EventLog-Intel-SST-OED-IntcOED_ETW_Telemetry"" stopped due to the following error: 0xC0000188"
"03-06-2026 12:30:58","4","Warning","Microsoft-Windows-Kernel-EventTracing","The maximum file size for session ""EventLog-Intel-SST-OED-IntcOED_ETW_Telemetry"" has been reached. As a result, events might be lost (not logged) to file ""C:\Windows\System32\Winevt\Logs\Intel-SST-OED0x8800081IntcOED_ETW_Telemetry.evtx"". The maximum files size is currently set to 1048576 bytes."
"03-06-2026 10:22:05","2","Error","Microsoft-Windows-Kernel-EventTracing","Session ""Cloud Files Diagnostic Event Listener"" failed to start with the following error: 0xC0000022"
"03-06-2026 10:16:36","2","Error","Microsoft-Windows-Kernel-EventTracing","Session ""SensorFramework-{92410660-c9bb-97e0-8602-f3e902e2933e}"" failed to start with the following error: 0xC0000035"
"03-06-2026 10:14:13","3","Error","Microsoft-Windows-Kernel-EventTracing","Session ""ReadyBoot"" stopped due to the following error: 0xC0000188"
"03-06-2026 10:14:13","4","Warning","Microsoft-Windows-Kernel-EventTracing","The maximum file size for session ""ReadyBoot"" has been reached. As a result, events might be lost (not logged) to file ""C:\Windows\Prefetch\ReadyBoot\ReadyBoot.etl"". The maximum files size is currently set to 20971520 bytes."
"03-06-2026 10:14:08","2","Error","Microsoft-Windows-Kernel-EventTracing","Session ""SenseEventLog"" failed to start with the following error: 0xC0000035"
"03-06-2026 00:14:50","2","Error","Microsoft-Windows-Kernel-EventTracing","Session ""Cloud Files Diagnostic Event Listener"" failed to start with the following error: 0xC0000022"
"03-06-2026 00:13:52","3","Error","Microsoft-Windows-Kernel-EventTracing","Session ""ReadyBoot"" stopped due to the following error: 0xC0000188"
"03-06-2026 00:13:52","4","Warning","Microsoft-Windows-Kernel-EventTracing","The maximum file size for session ""ReadyBoot"" has been reached. As a result, events might be lost (not logged) to file ""C:\Windows\Prefetch\ReadyBoot\ReadyBoot.etl"". The maximum files size is currently set to 20971520 bytes."
"03-06-2026 00:13:36","2","Error","Microsoft-Windows-Kernel-EventTracing","Session ""SenseEventLog"" failed to start with the following error: 0xC0000035"
"02-06-2026 16:11:55","3","Error","Microsoft-Windows-Kernel-EventTracing","Session ""EventLog-Intel-SST-OED-IntcOED_ETW_Telemetry"" stopped due to the following error: 0xC0000188"
"02-06-2026 16:11:55","4","Warning","Microsoft-Windows-Kernel-EventTracing","The maximum file size for session ""EventLog-Intel-SST-OED-IntcOED_ETW_Telemetry"" has been reached. As a result, events might be lost (not logged) to file ""C:\Windows\System32\Winevt\Logs\Intel-SST-OED0x8800081IntcOED_ETW_Telemetry.evtx"". The maximum files size is currently set to 1048576 bytes."
"02-06-2026 10:15:03","2","Error","Microsoft-Windows-Kernel-EventTracing","Session ""Cloud Files Diagnostic Event Listener"" failed to start with the following error: 0xC0000022"
"02-06-2026 10:14:25","3","Error","Microsoft-Windows-Kernel-EventTracing","Session ""ReadyBoot"" stopped due to the following error: 0xC0000188"
"02-06-2026 10:14:25","4","Warning","Microsoft-Windows-Kernel-EventTracing","The maximum file size for session ""ReadyBoot"" has been reached. As a result, events might be lost (not logged) to file ""C:\Windows\Prefetch\ReadyBoot\ReadyBoot.etl"". The maximum files size is currently set to 20971520 bytes."
"02-06-2026 10:14:14","2","Error","Microsoft-Windows-Kernel-EventTracing","Session ""SenseEventLog"" failed to start with the following error: 0xC0000035"
"01-06-2026 17:14:29","3","Error","Microsoft-Windows-Kernel-EventTracing","Session ""EventLog-Intel-SST-OED-IntcOED_ETW_Telemetry"" stopped due to the following error: 0xC0000188"
"01-06-2026 17:14:29","4","Warning","Microsoft-Windows-Kernel-EventTracing","The maximum file size for session ""EventLog-Intel-SST-OED-IntcOED_ETW_Telemetry"" has been reached. As a result, events might be lost (not logged) to file ""C:\Windows\System32\Winevt\Logs\Intel-SST-OED0x8800081IntcOED_ETW_Telemetry.evtx"". The maximum files size is currently set to 1048576 bytes."
"01-06-2026 09:28:22","2","Error","Microsoft-Windows-Kernel-EventTracing","Session ""Cloud Files Diagnostic Event Listener"" failed to start with the following error: 0xC0000022"
"01-06-2026 09:19:39","3","Error","Microsoft-Windows-Kernel-EventTracing","Session ""ReadyBoot"" stopped due to the following error: 0xC0000188"
"01-06-2026 09:19:39","4","Warning","Microsoft-Windows-Kernel-EventTracing","The maximum file size for session ""ReadyBoot"" has been reached. As a result, events might be lost (not logged) to file ""C:\Windows\Prefetch\ReadyBoot\ReadyBoot.etl"". The maximum files size is currently set to 20971520 bytes."
"01-06-2026 09:19:28","2","Error","Microsoft-Windows-Kernel-EventTracing","Session ""SenseEventLog"" failed to start with the following error: 0xC0000035"
"29-05-2026 11:55:44","2","Error","Microsoft-Windows-Kernel-EventTracing","Session ""Cloud Files Diagnostic Event Listener"" failed to start with the following error: 0xC0000022"
"28-05-2026 14:29:10","3","Error","Microsoft-Windows-Kernel-EventTracing","Session ""EventLog-Intel-SST-OED-IntcOED_ETW_Telemetry"" stopped due to the following error: 0xC0000188"
"28-05-2026 14:29:10","4","Warning","Microsoft-Windows-Kernel-EventTracing","The maximum file size for session ""EventLog-Intel-SST-OED-IntcOED_ETW_Telemetry"" has been reached. As a result, events might be lost (not logged) to file ""C:\Windows\System32\Winevt\Logs\Intel-SST-OED0x8800081IntcOED_ETW_Telemetry.evtx"". The maximum files size is currently set to 1048576 bytes."
"28-05-2026 10:22:33","2","Error","Microsoft-Windows-Kernel-EventTracing","Session ""Cloud Files Diagnostic Event Listener"" failed to start with the following error: 0xC0000022"
"28-05-2026 10:19:41","3","Error","Microsoft-Windows-Kernel-EventTracing","Session ""ReadyBoot"" stopped due to the following error: 0xC0000188"
"28-05-2026 10:19:41","4","Warning","Microsoft-Windows-Kernel-EventTracing","The maximum file size for session ""ReadyBoot"" has been reached. As a result, events might be lost (not logged) to file ""C:\Windows\Prefetch\ReadyBoot\ReadyBoot.etl"". The maximum files size is currently set to 20971520 bytes."
"28-05-2026 10:19:40","2","Error","Microsoft-Windows-Kernel-EventTracing","Session ""SenseEventLog"" failed to start with the following error: 0xC0000035"
"26-05-2026 09:46:27","2","Error","Microsoft-Windows-Kernel-EventTracing","Session ""Cloud Files Diagnostic Event Listener"" failed to start with the following error: 0xC0000022"
"25-05-2026 17:35:33","3","Error","Microsoft-Windows-Kernel-EventTracing","Session ""EventLog-Intel-SST-OED-IntcOED_ETW_Telemetry"" stopped due to the following error: 0xC0000188"
"25-05-2026 17:35:33","4","Warning","Microsoft-Windows-Kernel-EventTracing","The maximum file size for session ""EventLog-Intel-SST-OED-IntcOED_ETW_Telemetry"" has been reached. As a result, events might be lost (not logged) to file ""C:\Windows\System32\Winevt\Logs\Intel-SST-OED0x8800081IntcOED_ETW_Telemetry.evtx"". The maximum files size is currently set to 1048576 bytes."
"25-05-2026 09:08:12","1","Warning","Microsoft-Windows-Kernel-EventTracing","The backing-file for the real-time session ""PCA file tracing session"" has reached its maximum size. As a result, new events will not be logged to this session until space becomes available. This error is often caused by starting a trace session in real-time mode without having any real-time consumers."
"25-05-2026 09:06:18","2","Error","Microsoft-Windows-Kernel-EventTracing","Session ""Cloud Files Diagnostic Event Listener"" failed to start with the following error: 0xC0000022"
"25-05-2026 09:03:15","2","Error","Microsoft-Windows-Kernel-EventTracing","Session ""Cloud Files Diagnostic Event Listener"" failed to start with the following error: 0xC0000022"
"25-05-2026 09:00:33","3","Error","Microsoft-Windows-Kernel-EventTracing","Session ""ReadyBoot"" stopped due to the following error: 0xC0000188"
"25-05-2026 09:00:33","4","Warning","Microsoft-Windows-Kernel-EventTracing","The maximum file size for session ""ReadyBoot"" has been reached. As a result, events might be lost (not logged) to file ""C:\Windows\Prefetch\ReadyBoot\ReadyBoot.etl"". The maximum files size is currently set to 20971520 bytes."
"25-05-2026 09:00:05","2","Error","Microsoft-Windows-Kernel-EventTracing","Session ""SenseEventLog"" failed to start with the following error: 0xC0000035"
"23-05-2026 21:51:06","2","Error","Microsoft-Windows-Kernel-EventTracing","Session ""Cloud Files Diagnostic Event Listener"" failed to start with the following error: 0xC0000022"
"23-05-2026 21:48:36","2","Error","Microsoft-Windows-Kernel-EventTracing","Session ""SenseEventLog"" failed to start with the following error: 0xC0000035"
"23-05-2026 13:46:35","3","Error","Microsoft-Windows-Kernel-EventTracing","Session ""EventLog-Intel-SST-OED-IntcOED_ETW_Telemetry"" stopped due to the following error: 0xC0000188"
"23-05-2026 13:46:35","4","Warning","Microsoft-Windows-Kernel-EventTracing","The maximum file size for session ""EventLog-Intel-SST-OED-IntcOED_ETW_Telemetry"" has been reached. As a result, events might be lost (not logged) to file ""C:\Windows\System32\Winevt\Logs\Intel-SST-OED0x8800081IntcOED_ETW_Telemetry.evtx"". The maximum files size is currently set to 1048576 bytes."
"23-05-2026 13:38:42","2","Error","Microsoft-Windows-Kernel-EventTracing","Session ""Cloud Files Diagnostic Event Listener"" failed to start with the following error: 0xC0000022"
"23-05-2026 11:46:59","1","Warning","Microsoft-Windows-Kernel-EventTracing","The backing-file for the real-time session ""DefenderApiLogger"" has reached its maximum size. As a result, new events will not be logged to this session until space becomes available. This error is often caused by starting a trace session in real-time mode without having any real-time consumers."
"23-05-2026 11:01:40","2","Error","Microsoft-Windows-Kernel-EventTracing","Session ""SenseEventLog"" failed to start with the following error: 0xC0000035"
"23-05-2026 23:08:57","3","Error","Microsoft-Windows-Kernel-EventTracing","Session ""ReadyBoot"" stopped due to the following error: 0xC0000188"
"23-05-2026 23:08:57","4","Warning","Microsoft-Windows-Kernel-EventTracing","The maximum file size for session ""ReadyBoot"" has been reached. As a result, events might be lost (not logged) to file ""C:\Windows\Prefetch\ReadyBoot\ReadyBoot.etl"". The maximum files size is currently set to 20971520 bytes."
"23-05-2026 23:07:53","2","Error","Microsoft-Windows-Kernel-EventTracing","Session ""PerfDiag Logger"" failed to start with the following error: 0xC0000035"
