"14-08-2026 15:43:28","549","Error","Microsoft-Windows-StorPort","This is the first instance of the error seen during this time period                     
on Storport Device (Port = 0, Path = 0, Target = 0, Lun = 0) whose Corresponding Class Disk Device Guid is {00000000-0000-0000-0000-000000000000}:                     
The request opcode was 0xA0 and completed with SrbStatus 0x7 and ScsiStatus 0x0.                     
The sense code was (0x0,0x0,0x0).                     
The io latency was 0 ms."
"14-08-2026 15:42:30","549","Error","Microsoft-Windows-StorPort","This is the first instance of the error seen during this time period                     
on Storport Device (Port = 0, Path = 0, Target = 0, Lun = 0) whose Corresponding Class Disk Device Guid is {00000000-0000-0000-0000-000000000000}:                     
The request opcode was 0xA0 and completed with SrbStatus 0x7 and ScsiStatus 0x0.                     
The sense code was (0x0,0x0,0x0).                     
The io latency was 0 ms."
"14-08-2026 15:41:32","549","Error","Microsoft-Windows-StorPort","This is the first instance of the error seen during this time period                     
on Storport Device (Port = 0, Path = 0, Target = 0, Lun = 0) whose Corresponding Class Disk Device Guid is {00000000-0000-0000-0000-000000000000}:                     
The request opcode was 0xA0 and completed with SrbStatus 0x7 and ScsiStatus 0x0.                     
The sense code was (0x0,0x0,0x0).                     
The io latency was 0 ms."
"14-08-2026 15:40:34","549","Error","Microsoft-Windows-StorPort","This is the first instance of the error seen during this time period                     
on Storport Device (Port = 0, Path = 0, Target = 0, Lun = 0) whose Corresponding Class Disk Device Guid is {00000000-0000-0000-0000-000000000000}:                     
The request opcode was 0xA0 and completed with SrbStatus 0x7 and ScsiStatus 0x0.                     
The sense code was (0x0,0x0,0x0).                     
The io latency was 0 ms."
"14-08-2026 15:39:37","549","Error","Microsoft-Windows-StorPort","This is the first instance of the error seen during this time period                     
on Storport Device (Port = 0, Path = 0, Target = 0, Lun = 0) whose Corresponding Class Disk Device Guid is {00000000-0000-0000-0000-000000000000}:                     
The request opcode was 0xA0 and completed with SrbStatus 0x7 and ScsiStatus 0x0.                     
The sense code was (0x0,0x0,0x0).                     
The io latency was 0 ms."
"14-08-2026 15:38:39","549","Error","Microsoft-Windows-StorPort","This is the first instance of the error seen during this time period                     
on Storport Device (Port = 0, Path = 0, Target = 0, Lun = 0) whose Corresponding Class Disk Device Guid is {00000000-0000-0000-0000-000000000000}:                     
The request opcode was 0xA0 and completed with SrbStatus 0x7 and ScsiStatus 0x0.                     
The sense code was (0x0,0x0,0x0).                     
The io latency was 0 ms."
"14-08-2026 15:37:41","549","Error","Microsoft-Windows-StorPort","This is the first instance of the error seen during this time period                     
on Storport Device (Port = 0, Path = 0, Target = 0, Lun = 0) whose Corresponding Class Disk Device Guid is {00000000-0000-0000-0000-000000000000}:                     
The request opcode was 0xA0 and completed with SrbStatus 0x7 and ScsiStatus 0x0.                     
The sense code was (0x0,0x0,0x0).                     
The io latency was 0 ms."
"14-08-2026 15:36:43","549","Error","Microsoft-Windows-StorPort","This is the first instance of the error seen during this time period                     
on Storport Device (Port = 0, Path = 0, Target = 0, Lun = 0) whose Corresponding Class Disk Device Guid is {00000000-0000-0000-0000-000000000000}:                     
The request opcode was 0xA0 and completed with SrbStatus 0x7 and ScsiStatus 0x0.                     
The sense code was (0x0,0x0,0x0).                     
The io latency was 0 ms."
"14-08-2026 15:35:45","549","Error","Microsoft-Windows-StorPort","This is the first instance of the error seen during this time period                     
on Storport Device (Port = 0, Path = 0, Target = 0, Lun = 0) whose Corresponding Class Disk Device Guid is {00000000-0000-0000-0000-000000000000}:                     
The request opcode was 0xA0 and completed with SrbStatus 0x7 and ScsiStatus 0x0.                     
The sense code was (0x0,0x0,0x0).                     
The io latency was 0 ms."
"14-08-2026 15:34:48","549","Error","Microsoft-Windows-StorPort","This is the first instance of the error seen during this time period                     
on Storport Device (Port = 0, Path = 0, Target = 0, Lun = 0) whose Corresponding Class Disk Device Guid is {00000000-0000-0000-0000-000000000000}:                     
The request opcode was 0xA0 and completed with SrbStatus 0x7 and ScsiStatus 0x0.                     
The sense code was (0x0,0x0,0x0).                     
The io latency was 0 ms."
"14-08-2026 15:33:50","549","Error","Microsoft-Windows-StorPort","This is the first instance of the error seen during this time period                     
on Storport Device (Port = 0, Path = 0, Target = 0, Lun = 0) whose Corresponding Class Disk Device Guid is {00000000-0000-0000-0000-000000000000}:                     
The request opcode was 0xA0 and completed with SrbStatus 0x7 and ScsiStatus 0x0.                     
The sense code was (0x0,0x0,0x0).                     
The io latency was 0 ms."
"14-08-2026 15:32:52","549","Error","Microsoft-Windows-StorPort","This is the first instance of the error seen during this time period                     
on Storport Device (Port = 0, Path = 0, Target = 0, Lun = 0) whose Corresponding Class Disk Device Guid is {00000000-0000-0000-0000-000000000000}:                     
The request opcode was 0xA0 and completed with SrbStatus 0x7 and ScsiStatus 0x0.                     
The sense code was (0x0,0x0,0x0).                     
The io latency was 0 ms."
"14-08-2026 15:31:54","549","Error","Microsoft-Windows-StorPort","This is the first instance of the error seen during this time period                     
on Storport Device (Port = 0, Path = 0, Target = 0, Lun = 0) whose Corresponding Class Disk Device Guid is {00000000-0000-0000-0000-000000000000}:                     
The request opcode was 0xA0 and completed with SrbStatus 0x7 and ScsiStatus 0x0.                     
The sense code was (0x0,0x0,0x0).                     
The io latency was 0 ms."
"14-08-2026 15:30:58","549","Error","Microsoft-Windows-StorPort","This is the first instance of the error seen during this time period                     
on Storport Device (Port = 0, Path = 0, Target = 0, Lun = 0) whose Corresponding Class Disk Device Guid is {00000000-0000-0000-0000-000000000000}:                     
The request opcode was 0xA0 and completed with SrbStatus 0x7 and ScsiStatus 0x0.                     
The sense code was (0x0,0x0,0x0).                     
The io latency was 0 ms."
"14-08-2026 15:29:59","549","Error","Microsoft-Windows-StorPort","This is the first instance of the error seen during this time period                     
on Storport Device (Port = 0, Path = 0, Target = 0, Lun = 0) whose Corresponding Class Disk Device Guid is {00000000-0000-0000-0000-000000000000}:                     
The request opcode was 0xA0 and completed with SrbStatus 0x7 and ScsiStatus 0x0.                     
The sense code was (0x0,0x0,0x0).                     
The io latency was 0 ms."
"14-08-2026 15:29:01","549","Error","Microsoft-Windows-StorPort","This is the first instance of the error seen during this time period                     
on Storport Device (Port = 0, Path = 0, Target = 0, Lun = 0) whose Corresponding Class Disk Device Guid is {00000000-0000-0000-0000-000000000000}:                     
The request opcode was 0xA0 and completed with SrbStatus 0x7 and ScsiStatus 0x0.                     
The sense code was (0x0,0x0,0x0).                     
The io latency was 0 ms."
"14-08-2026 15:28:03","549","Error","Microsoft-Windows-StorPort","This is the first instance of the error seen during this time period                     
on Storport Device (Port = 0, Path = 0, Target = 0, Lun = 0) whose Corresponding Class Disk Device Guid is {00000000-0000-0000-0000-000000000000}:                     
The request opcode was 0xA0 and completed with SrbStatus 0x7 and ScsiStatus 0x0.                     
The sense code was (0x0,0x0,0x0).                     
The io latency was 0 ms."
"14-08-2026 15:27:05","549","Error","Microsoft-Windows-StorPort","This is the first instance of the error seen during this time period                     
on Storport Device (Port = 0, Path = 0, Target = 0, Lun = 0) whose Corresponding Class Disk Device Guid is {00000000-0000-0000-0000-000000000000}:                     
The request opcode was 0xA0 and completed with SrbStatus 0x7 and ScsiStatus 0x0.                     
The sense code was (0x0,0x0,0x0).                     
The io latency was 0 ms."
"14-08-2026 15:26:08","549","Error","Microsoft-Windows-StorPort","This is the first instance of the error seen during this time period                     
on Storport Device (Port = 0, Path = 0, Target = 0, Lun = 0) whose Corresponding Class Disk Device Guid is {00000000-0000-0000-0000-000000000000}:                     
The request opcode was 0xA0 and completed with SrbStatus 0x7 and ScsiStatus 0x0.                     
The sense code was (0x0,0x0,0x0).                     
The io latency was 0 ms."
"14-08-2026 15:25:10","549","Error","Microsoft-Windows-StorPort","This is the first instance of the error seen during this time period                     
on Storport Device (Port = 0, Path = 0, Target = 0, Lun = 0) whose Corresponding Class Disk Device Guid is {00000000-0000-0000-0000-000000000000}:                     
The request opcode was 0xA0 and completed with SrbStatus 0x7 and ScsiStatus 0x0.                     
The sense code was (0x0,0x0,0x0).                     
The io latency was 0 ms."
"14-08-2026 15:24:12","549","Error","Microsoft-Windows-StorPort","This is the first instance of the error seen during this time period                     
on Storport Device (Port = 0, Path = 0, Target = 0, Lun = 0) whose Corresponding Class Disk Device Guid is {00000000-0000-0000-0000-000000000000}:                     
The request opcode was 0xA0 and completed with SrbStatus 0x7 and ScsiStatus 0x0.                     
The sense code was (0x0,0x0,0x0).                     
The io latency was 0 ms."
"14-08-2026 15:23:14","549","Error","Microsoft-Windows-StorPort","This is the first instance of the error seen during this time period                     
on Storport Device (Port = 0, Path = 0, Target = 0, Lun = 0) whose Corresponding Class Disk Device Guid is {00000000-0000-0000-0000-000000000000}:                     
The request opcode was 0xA0 and completed with SrbStatus 0x7 and ScsiStatus 0x0.                     
The sense code was (0x0,0x0,0x0).                     
The io latency was 0 ms."
"14-08-2026 15:22:16","549","Error","Microsoft-Windows-StorPort","This is the first instance of the error seen during this time period                     
on Storport Device (Port = 0, Path = 0, Target = 0, Lun = 0) whose Corresponding Class Disk Device Guid is {00000000-0000-0000-0000-000000000000}:                     
The request opcode was 0xA0 and completed with SrbStatus 0x7 and ScsiStatus 0x0.                     
The sense code was (0x0,0x0,0x0).                     
The io latency was 0 ms."
"14-08-2026 15:21:18","549","Error","Microsoft-Windows-StorPort","This is the first instance of the error seen during this time period                     
on Storport Device (Port = 0, Path = 0, Target = 0, Lun = 0) whose Corresponding Class Disk Device Guid is {00000000-0000-0000-0000-000000000000}:                     
The request opcode was 0xA0 and completed with SrbStatus 0x7 and ScsiStatus 0x0.                     
The sense code was (0x0,0x0,0x0).                     
The io latency was 0 ms."
"14-08-2026 15:20:20","549","Error","Microsoft-Windows-StorPort","This is the first instance of the error seen during this time period                     
on Storport Device (Port = 0, Path = 0, Target = 0, Lun = 0) whose Corresponding Class Disk Device Guid is {00000000-0000-0000-0000-000000000000}:                     
The request opcode was 0xA0 and completed with SrbStatus 0x7 and ScsiStatus 0x0.                     
The sense code was (0x0,0x0,0x0).                     
The io latency was 0 ms."
"14-08-2026 15:19:23","549","Error","Microsoft-Windows-StorPort","This is the first instance of the error seen during this time period                     
on Storport Device (Port = 0, Path = 0, Target = 0, Lun = 0) whose Corresponding Class Disk Device Guid is {00000000-0000-0000-0000-000000000000}:                     
The request opcode was 0xA0 and completed with SrbStatus 0x7 and ScsiStatus 0x0.                     
The sense code was (0x0,0x0,0x0).                     
The io latency was 0 ms."
"14-08-2026 15:18:25","549","Error","Microsoft-Windows-StorPort","This is the first instance of the error seen during this time period                     
on Storport Device (Port = 0, Path = 0, Target = 0, Lun = 0) whose Corresponding Class Disk Device Guid is {00000000-0000-0000-0000-000000000000}:                     
The request opcode was 0xA0 and completed with SrbStatus 0x7 and ScsiStatus 0x0.                     
The sense code was (0x0,0x0,0x0).                     
The io latency was 0 ms."
"14-08-2026 15:17:27","549","Error","Microsoft-Windows-StorPort","This is the first instance of the error seen during this time period                     
on Storport Device (Port = 0, Path = 0, Target = 0, Lun = 0) whose Corresponding Class Disk Device Guid is {00000000-0000-0000-0000-000000000000}:                     
The request opcode was 0xA0 and completed with SrbStatus 0x7 and ScsiStatus 0x0.                     
The sense code was (0x0,0x0,0x0).                     
The io latency was 0 ms."
"14-08-2026 15:16:29","549","Error","Microsoft-Windows-StorPort","This is the first instance of the error seen during this time period                     
on Storport Device (Port = 0, Path = 0, Target = 0, Lun = 0) whose Corresponding Class Disk Device Guid is {00000000-0000-0000-0000-000000000000}:                     
The request opcode was 0xA0 and completed with SrbStatus 0x7 and ScsiStatus 0x0.                     
The sense code was (0x0,0x0,0x0).                     
The io latency was 0 ms."
"14-08-2026 15:15:31","549","Error","Microsoft-Windows-StorPort","This is the first instance of the error seen during this time period                     
on Storport Device (Port = 0, Path = 0, Target = 0, Lun = 0) whose Corresponding Class Disk Device Guid is {00000000-0000-0000-0000-000000000000}:                     
The request opcode was 0xA0 and completed with SrbStatus 0x7 and ScsiStatus 0x0.                     
The sense code was (0x0,0x0,0x0).                     
The io latency was 0 ms."
"14-08-2026 15:14:34","549","Error","Microsoft-Windows-StorPort","This is the first instance of the error seen during this time period                     
on Storport Device (Port = 0, Path = 0, Target = 0, Lun = 0) whose Corresponding Class Disk Device Guid is {00000000-0000-0000-0000-000000000000}:                     
The request opcode was 0xA0 and completed with SrbStatus 0x7 and ScsiStatus 0x0.                     
The sense code was (0x0,0x0,0x0).                     
The io latency was 0 ms."
"14-08-2026 15:13:36","549","Error","Microsoft-Windows-StorPort","This is the first instance of the error seen during this time period                     
on Storport Device (Port = 0, Path = 0, Target = 0, Lun = 0) whose Corresponding Class Disk Device Guid is {00000000-0000-0000-0000-000000000000}:                     
The request opcode was 0xA0 and completed with SrbStatus 0x7 and ScsiStatus 0x0.                     
The sense code was (0x0,0x0,0x0).                     
The io latency was 0 ms."
"14-08-2026 15:12:38","549","Error","Microsoft-Windows-StorPort","This is the first instance of the error seen during this time period                     
on Storport Device (Port = 0, Path = 0, Target = 0, Lun = 0) whose Corresponding Class Disk Device Guid is {00000000-0000-0000-0000-000000000000}:                     
The request opcode was 0xA0 and completed with SrbStatus 0x7 and ScsiStatus 0x0.                     
The sense code was (0x0,0x0,0x0).                     
The io latency was 0 ms."
"14-08-2026 15:11:40","549","Error","Microsoft-Windows-StorPort","This is the first instance of the error seen during this time period                     
on Storport Device (Port = 0, Path = 0, Target = 0, Lun = 0) whose Corresponding Class Disk Device Guid is {00000000-0000-0000-0000-000000000000}:                     
The request opcode was 0xA0 and completed with SrbStatus 0x7 and ScsiStatus 0x0.                     
The sense code was (0x0,0x0,0x0).                     
The io latency was 0 ms."
"14-08-2026 15:10:42","549","Error","Microsoft-Windows-StorPort","This is the first instance of the error seen during this time period                     
on Storport Device (Port = 0, Path = 0, Target = 0, Lun = 0) whose Corresponding Class Disk Device Guid is {00000000-0000-0000-0000-000000000000}:                     
The request opcode was 0xA0 and completed with SrbStatus 0x7 and ScsiStatus 0x0.                     
The sense code was (0x0,0x0,0x0).                     
The io latency was 0 ms."
"14-08-2026 15:09:46","549","Error","Microsoft-Windows-StorPort","This is the first instance of the error seen during this time period                     
on Storport Device (Port = 0, Path = 0, Target = 0, Lun = 0) whose Corresponding Class Disk Device Guid is {00000000-0000-0000-0000-000000000000}:                     
The request opcode was 0xA0 and completed with SrbStatus 0x7 and ScsiStatus 0x0.                     
The sense code was (0x0,0x0,0x0).                     
The io latency was 0 ms."
"14-08-2026 15:09:06","549","Error","Microsoft-Windows-StorPort","This is the first instance of the error seen during this time period                     
on Storport Device (Port = 0, Path = 2, Target = 0, Lun = 0) whose Corresponding Class Disk Device Guid is {0d0616a1-3adc-3de7-d9a2-784fe4e2d52a}:                     
The request opcode was 0x85 and completed with SrbStatus 0x6 and ScsiStatus 0x2.                     
The sense code was (0x5,0x20,0x0).                     
The io latency was 1 ms."
"14-08-2026 15:08:47","549","Error","Microsoft-Windows-StorPort","This is the first instance of the error seen during this time period                     
on Storport Device (Port = 0, Path = 0, Target = 0, Lun = 0) whose Corresponding Class Disk Device Guid is {00000000-0000-0000-0000-000000000000}:                     
The request opcode was 0xA0 and completed with SrbStatus 0x7 and ScsiStatus 0x0.                     
The sense code was (0x0,0x0,0x0).                     
The io latency was 0 ms."
"14-08-2026 15:07:49","549","Error","Microsoft-Windows-StorPort","This is the first instance of the error seen during this time period                     
on Storport Device (Port = 0, Path = 0, Target = 0, Lun = 0) whose Corresponding Class Disk Device Guid is {00000000-0000-0000-0000-000000000000}:                     
The request opcode was 0xA0 and completed with SrbStatus 0x7 and ScsiStatus 0x0.                     
The sense code was (0x0,0x0,0x0).                     
The io latency was 0 ms."
"14-08-2026 15:06:51","549","Error","Microsoft-Windows-StorPort","This is the first instance of the error seen during this time period                     
on Storport Device (Port = 0, Path = 0, Target = 0, Lun = 0) whose Corresponding Class Disk Device Guid is {00000000-0000-0000-0000-000000000000}:                     
The request opcode was 0xA0 and completed with SrbStatus 0x7 and ScsiStatus 0x0.                     
The sense code was (0x0,0x0,0x0).                     
The io latency was 0 ms."
"14-08-2026 15:06:19","504","Information","Microsoft-Windows-StorPort","Error summary for Storport Device (Port = 0, Path = 2, Target = 0, Lun = 0) whose Corresponding Class Disk Device Guid is {0d0616a1-3adc-3de7-d9a2-784fe4e2d52a}:                     
There were 12 total errors seen and 0 timeouts.                     
The last error seen had opcode 0x85 and completed with SrbStatus 0x6 and ScsiStatus 0x2.                     
The sense code was (0x5,0x20,0x0).                     
The latency was 1 ms."
"14-08-2026 15:06:19","505","Information","Microsoft-Windows-StorPort","Performance summary for Storport Device (Port = 0, Path = 2, Target = 0, Lun = 0) whose Corresponding Class Disk Device Guid is {0d0616a1-3adc-3de7-d9a2-784fe4e2d52a}:                 
Total IO:646844                 
For latency buckets of 128us, 256us, 512us, 1ms, 4ms, 16ms, 64ms, 128ms, 256ms, 512ms, 1000ms, 2000ms, 10000ms, 10000+ms,                 
The IO success counts are 403341, 146206, 36361, 22891, 32084, 4418, 1418, 125, 0, 0, 0, 0, 0, 0.                 
The IO failed counts are 0, 0, 0, 0, 0, 0, 0, 0, 0, 0, 0, 0, 0, 0.                 
The IO total latency (in 100ns) are 253589188, 260841694, 121225747, 171317517, 829815023, 314754370, 495290212, 87113463, 0, 0, 0, 0, 0, 0.                 
Total Bytes Read:14291059200                 
Total Bytes Written:8675366912"
"14-08-2026 15:05:54","549","Error","Microsoft-Windows-StorPort","This is the first instance of the error seen during this time period                     
on Storport Device (Port = 0, Path = 0, Target = 0, Lun = 0) whose Corresponding Class Disk Device Guid is {00000000-0000-0000-0000-000000000000}:                     
The request opcode was 0xA0 and completed with SrbStatus 0x7 and ScsiStatus 0x0.                     
The sense code was (0x0,0x0,0x0).                     
The io latency was 0 ms."
"14-08-2026 15:04:56","549","Error","Microsoft-Windows-StorPort","This is the first instance of the error seen during this time period                     
on Storport Device (Port = 0, Path = 0, Target = 0, Lun = 0) whose Corresponding Class Disk Device Guid is {00000000-0000-0000-0000-000000000000}:                     
The request opcode was 0xA0 and completed with SrbStatus 0x7 and ScsiStatus 0x0.                     
The sense code was (0x0,0x0,0x0).                     
The io latency was 0 ms."
"14-08-2026 15:03:58","549","Error","Microsoft-Windows-StorPort","This is the first instance of the error seen during this time period                     
on Storport Device (Port = 0, Path = 0, Target = 0, Lun = 0) whose Corresponding Class Disk Device Guid is {00000000-0000-0000-0000-000000000000}:                     
The request opcode was 0xA0 and completed with SrbStatus 0x7 and ScsiStatus 0x0.                     
The sense code was (0x0,0x0,0x0).                     
The io latency was 0 ms."
"14-08-2026 15:03:00","549","Error","Microsoft-Windows-StorPort","This is the first instance of the error seen during this time period                     
on Storport Device (Port = 0, Path = 0, Target = 0, Lun = 0) whose Corresponding Class Disk Device Guid is {00000000-0000-0000-0000-000000000000}:                     
The request opcode was 0xA0 and completed with SrbStatus 0x7 and ScsiStatus 0x0.                     
The sense code was (0x0,0x0,0x0).                     
The io latency was 0 ms."
"14-08-2026 15:02:02","549","Error","Microsoft-Windows-StorPort","This is the first instance of the error seen during this time period                     
on Storport Device (Port = 0, Path = 0, Target = 0, Lun = 0) whose Corresponding Class Disk Device Guid is {00000000-0000-0000-0000-000000000000}:                     
The request opcode was 0xA0 and completed with SrbStatus 0x7 and ScsiStatus 0x0.                     
The sense code was (0x0,0x0,0x0).                     
The io latency was 0 ms."
"14-08-2026 15:01:05","549","Error","Microsoft-Windows-StorPort","This is the first instance of the error seen during this time period                     
on Storport Device (Port = 0, Path = 0, Target = 0, Lun = 0) whose Corresponding Class Disk Device Guid is {00000000-0000-0000-0000-000000000000}:                     
The request opcode was 0xA0 and completed with SrbStatus 0x7 and ScsiStatus 0x0.                     
The sense code was (0x0,0x0,0x0).                     
The io latency was 0 ms."
"14-08-2026 15:00:07","549","Error","Microsoft-Windows-StorPort","This is the first instance of the error seen during this time period                     
on Storport Device (Port = 0, Path = 0, Target = 0, Lun = 0) whose Corresponding Class Disk Device Guid is {00000000-0000-0000-0000-000000000000}:                     
The request opcode was 0xA0 and completed with SrbStatus 0x7 and ScsiStatus 0x0.                     
The sense code was (0x0,0x0,0x0).                     
The io latency was 0 ms."
"14-08-2026 14:59:09","549","Error","Microsoft-Windows-StorPort","This is the first instance of the error seen during this time period                     
on Storport Device (Port = 0, Path = 0, Target = 0, Lun = 0) whose Corresponding Class Disk Device Guid is {00000000-0000-0000-0000-000000000000}:                     
The request opcode was 0xA0 and completed with SrbStatus 0x7 and ScsiStatus 0x0.                     
The sense code was (0x0,0x0,0x0).                     
The io latency was 0 ms."
"14-08-2026 14:58:11","549","Error","Microsoft-Windows-StorPort","This is the first instance of the error seen during this time period                     
on Storport Device (Port = 0, Path = 0, Target = 0, Lun = 0) whose Corresponding Class Disk Device Guid is {00000000-0000-0000-0000-000000000000}:                     
The request opcode was 0xA0 and completed with SrbStatus 0x7 and ScsiStatus 0x0.                     
The sense code was (0x0,0x0,0x0).                     
The io latency was 0 ms."
"14-08-2026 14:57:14","549","Error","Microsoft-Windows-StorPort","This is the first instance of the error seen during this time period                     
on Storport Device (Port = 0, Path = 0, Target = 0, Lun = 0) whose Corresponding Class Disk Device Guid is {00000000-0000-0000-0000-000000000000}:                     
The request opcode was 0xA0 and completed with SrbStatus 0x7 and ScsiStatus 0x0.                     
The sense code was (0x0,0x0,0x0).                     
The io latency was 0 ms."
"14-08-2026 14:56:16","549","Error","Microsoft-Windows-StorPort","This is the first instance of the error seen during this time period                     
on Storport Device (Port = 0, Path = 0, Target = 0, Lun = 0) whose Corresponding Class Disk Device Guid is {00000000-0000-0000-0000-000000000000}:                     
The request opcode was 0xA0 and completed with SrbStatus 0x7 and ScsiStatus 0x0.                     
The sense code was (0x0,0x0,0x0).                     
The io latency was 0 ms."
"14-08-2026 14:55:18","549","Error","Microsoft-Windows-StorPort","This is the first instance of the error seen during this time period                     
on Storport Device (Port = 0, Path = 0, Target = 0, Lun = 0) whose Corresponding Class Disk Device Guid is {00000000-0000-0000-0000-000000000000}:                     
The request opcode was 0xA0 and completed with SrbStatus 0x7 and ScsiStatus 0x0.                     
The sense code was (0x0,0x0,0x0).                     
The io latency was 0 ms."
"14-08-2026 14:54:20","549","Error","Microsoft-Windows-StorPort","This is the first instance of the error seen during this time period                     
on Storport Device (Port = 0, Path = 0, Target = 0, Lun = 0) whose Corresponding Class Disk Device Guid is {00000000-0000-0000-0000-000000000000}:                     
The request opcode was 0xA0 and completed with SrbStatus 0x7 and ScsiStatus 0x0.                     
The sense code was (0x0,0x0,0x0).                     
The io latency was 0 ms."
"14-08-2026 14:53:23","549","Error","Microsoft-Windows-StorPort","This is the first instance of the error seen during this time period                     
on Storport Device (Port = 0, Path = 0, Target = 0, Lun = 0) whose Corresponding Class Disk Device Guid is {00000000-0000-0000-0000-000000000000}:                     
The request opcode was 0xA0 and completed with SrbStatus 0x7 and ScsiStatus 0x0.                     
The sense code was (0x0,0x0,0x0).                     
The io latency was 0 ms."
"14-08-2026 14:52:25","549","Error","Microsoft-Windows-StorPort","This is the first instance of the error seen during this time period                     
on Storport Device (Port = 0, Path = 0, Target = 0, Lun = 0) whose Corresponding Class Disk Device Guid is {00000000-0000-0000-0000-000000000000}:                     
The request opcode was 0xA0 and completed with SrbStatus 0x7 and ScsiStatus 0x0.                     
The sense code was (0x0,0x0,0x0).                     
The io latency was 0 ms."
