"12-06-2026 12:53:38","1010","Information","Microsoft-Windows-Kernel-PnP","Device INTELAUDIO\SGPC_FUNC_01&VEN_8086&DEV_281D&SUBSYS_80860101&REV_1000\5&32640736&0&0201DIF_000B&UIF_0000 has been surprise removed as it is reported as missing on the bus.
Count of devices removed: 3"
"12-06-2026 11:34:04","1010","Information","Microsoft-Windows-Kernel-PnP","Device DISPLAY\DELA1B9\4&20b8d095&0&UID8263 has been surprise removed as it is reported as missing on the bus.
Count of devices removed: 1"
"12-06-2026 11:29:02","1010","Information","Microsoft-Windows-Kernel-PnP","Device INTELAUDIO\SGPC_FUNC_01&VEN_8086&DEV_281D&SUBSYS_80860101&REV_1000\5&32640736&0&0201DIF_000B&UIF_0000 has been surprise removed as it is reported as missing on the bus.
Count of devices removed: 3"
"12-06-2026 11:17:32","1010","Information","Microsoft-Windows-Kernel-PnP","Device USB\VID_1203&PID_0272\000001 has been surprise removed as it is reported as missing on the bus.
Count of devices removed: 3"
"12-06-2026 09:54:27","1010","Information","Microsoft-Windows-Kernel-PnP","Device ACPI\DLL0CE8\4&a107c53&0 has been surprise removed as it is reported as missing on the bus.
Count of devices removed: 1"
"12-06-2026 09:54:27","1010","Information","Microsoft-Windows-Kernel-PnP","Device ACPI\PNP0C0C\2&daba3ff&0 has been surprise removed as it is reported as missing on the bus.
Count of devices removed: 1"
"12-06-2026 09:53:58","1010","Information","Microsoft-Windows-Kernel-PnP","Device USB\VID_FFFF&PID_BACE&REV_0002\1 has been surprise removed as it is reported as missing on the bus.
Count of devices removed: 7"
"12-06-2026 09:53:58","1010","Information","Microsoft-Windows-Kernel-PnP","Device UMB\UMB\1&841921d&0&TERMINPUT_BUS has been surprise removed as it is reported as missing on the bus.
Count of devices removed: 1"
"12-06-2026 09:53:58","1010","Information","Microsoft-Windows-Kernel-PnP","Device SWD\MSDAS\{ce958e9a-424f-4c88-86f4-11314821e75a} has been surprise removed as it is reported as missing on the bus.
Count of devices removed: 1"
"12-06-2026 09:53:57","1010","Information","Microsoft-Windows-Kernel-PnP","Device SWD\MSRRAS\{5e259276-bc7e-40e3-b93b-8f89b5f3abc0} has been surprise removed as it is reported as missing on the bus.
Count of devices removed: 8"
"12-06-2026 09:53:57","1010","Information","Microsoft-Windows-Kernel-PnP","Device SWD\MSRRAS\MS_SSTPMINIPORT has been surprise removed as it is reported as missing on the bus.
Count of devices removed: 1"
"12-06-2026 09:36:52","1010","Information","Microsoft-Windows-Kernel-PnP","Device USB\VID_047F&PID_C058\EBFF498BA439F1488A177C405ACDFDF0 has been surprise removed as it is reported as missing on the bus.
Count of devices removed: 8"
"12-06-2026 09:23:27","1010","Information","Microsoft-Windows-Kernel-PnP","Device USB\VID_FFFF&PID_BACE&REV_0002\1 has been surprise removed as it is reported as missing on the bus.
Count of devices removed: 7"
"12-06-2026 09:22:46","1010","Information","Microsoft-Windows-Kernel-PnP","Device USB\VID_FFFF&PID_BACE&REV_0002\1 has been surprise removed as it is reported as missing on the bus.
Count of devices removed: 7"
"12-06-2026 09:19:57","1010","Information","Microsoft-Windows-Kernel-PnP","Device SWD\RADIO\{556D9BDF-D387-4AB9-BE4C-A7E220FAF218} has been surprise removed as it is reported as missing on the bus.
Count of devices removed: 1"
"11-06-2026 19:39:00","1010","Information","Microsoft-Windows-Kernel-PnP","Device USB\VID_413C&PID_2514\5&2dc84fba&0&6 has been surprise removed as it is reported as missing on the bus.
Count of devices removed: 11"
"11-06-2026 19:38:59","1010","Information","Microsoft-Windows-Kernel-PnP","Device INTELAUDIO\SGPC_FUNC_01&VEN_8086&DEV_281D&SUBSYS_80860101&REV_1000\5&32640736&0&0201DIF_000B&UIF_0000 has been surprise removed as it is reported as missing on the bus.
Count of devices removed: 3"
"11-06-2026 19:38:59","1010","Information","Microsoft-Windows-Kernel-PnP","Device USB\VID_047F&PID_C058\EBFF498BA439F1488A177C405ACDFDF0 has been surprise removed as it is reported as missing on the bus.
Count of devices removed: 8"
"11-06-2026 19:38:57","1010","Information","Microsoft-Windows-Kernel-PnP","Device USB\VID_0424&PID_7206\5&266331bc&0&4 has been surprise removed as it is reported as missing on the bus.
Count of devices removed: 3"
"11-06-2026 19:38:57","1010","Information","Microsoft-Windows-Kernel-PnP","Device DISPLAY\DELA1B9\4&20b8d095&0&UID8263 has been surprise removed as it is reported as missing on the bus.
Count of devices removed: 1"
"11-06-2026 19:38:54","1010","Information","Microsoft-Windows-Kernel-PnP","Device USB\VID_0424&PID_4206\5&2dc84fba&0&1 has been surprise removed as it is reported as missing on the bus.
Count of devices removed: 6"
"11-06-2026 19:38:54","1010","Information","Microsoft-Windows-Kernel-PnP","Device USB\VID_0424&PID_7240\7&a758d7d&0&4 has been surprise removed as it is reported as missing on the bus.
Count of devices removed: 1"
"11-06-2026 19:38:45","1010","Information","Microsoft-Windows-Kernel-PnP","Device INTELAUDIO\SGPC_FUNC_01&VEN_8086&DEV_281D&SUBSYS_80860101&REV_1000\5&32640736&0&0201DIF_000B&UIF_0000 has been surprise removed as it is reported as missing on the bus.
Count of devices removed: 3"
"11-06-2026 19:38:36","1010","Information","Microsoft-Windows-Kernel-PnP","Device DISPLAY\DELA1B9\4&20b8d095&0&UID8263 has been surprise removed as it is reported as missing on the bus.
Count of devices removed: 1"
"11-06-2026 19:37:50","1010","Information","Microsoft-Windows-Kernel-PnP","Device INTELAUDIO\SGPC_FUNC_01&VEN_8086&DEV_281D&SUBSYS_80860101&REV_1000\5&32640736&0&0201DIF_000B&UIF_0000 has been surprise removed as it is reported as missing on the bus.
Count of devices removed: 3"
"11-06-2026 19:32:56","1010","Information","Microsoft-Windows-Kernel-PnP","Device USB\VID_413C&PID_2514\5&2dc84fba&0&6 has been surprise removed as it is reported as missing on the bus.
Count of devices removed: 11"
"11-06-2026 18:16:08","1010","Information","Microsoft-Windows-Kernel-PnP","Device DISPLAY\DELA1B9\4&20b8d095&0&UID8263 has been surprise removed as it is reported as missing on the bus.
Count of devices removed: 1"
"11-06-2026 17:53:37","1010","Information","Microsoft-Windows-Kernel-PnP","Device INTELAUDIO\SGPC_FUNC_01&VEN_8086&DEV_281D&SUBSYS_80860101&REV_1000\5&32640736&0&0201DIF_000B&UIF_0000 has been surprise removed as it is reported as missing on the bus.
Count of devices removed: 3"
"11-06-2026 17:00:30","1010","Information","Microsoft-Windows-Kernel-PnP","Device DISPLAY\DELA1B9\4&20b8d095&0&UID8263 has been surprise removed as it is reported as missing on the bus.
Count of devices removed: 1"
"11-06-2026 16:59:37","1010","Information","Microsoft-Windows-Kernel-PnP","Device INTELAUDIO\SGPC_FUNC_01&VEN_8086&DEV_281D&SUBSYS_80860101&REV_1000\5&32640736&0&0201DIF_000B&UIF_0000 has been surprise removed as it is reported as missing on the bus.
Count of devices removed: 3"
"11-06-2026 16:48:08","1010","Information","Microsoft-Windows-Kernel-PnP","Device DISPLAY\DELA1B9\4&20b8d095&0&UID8263 has been surprise removed as it is reported as missing on the bus.
Count of devices removed: 1"
"11-06-2026 16:43:10","1010","Information","Microsoft-Windows-Kernel-PnP","Device INTELAUDIO\SGPC_FUNC_01&VEN_8086&DEV_281D&SUBSYS_80860101&REV_1000\5&32640736&0&0201DIF_000B&UIF_0000 has been surprise removed as it is reported as missing on the bus.
Count of devices removed: 3"
"11-06-2026 14:20:54","1010","Information","Microsoft-Windows-Kernel-PnP","Device DISPLAY\DELA1B9\4&20b8d095&0&UID8263 has been surprise removed as it is reported as missing on the bus.
Count of devices removed: 1"
"11-06-2026 13:21:05","1010","Information","Microsoft-Windows-Kernel-PnP","Device INTELAUDIO\SGPC_FUNC_01&VEN_8086&DEV_281D&SUBSYS_80860101&REV_1000\5&32640736&0&0201DIF_000B&UIF_0000 has been surprise removed as it is reported as missing on the bus.
Count of devices removed: 3"
"11-06-2026 13:19:16","1010","Information","Microsoft-Windows-Kernel-PnP","Device USB\VID_047F&PID_C058\EBFF498BA439F1488A177C405ACDFDF0 has been surprise removed as it is reported as missing on the bus.
Count of devices removed: 8"
"11-06-2026 12:21:03","1010","Information","Microsoft-Windows-Kernel-PnP","Device DISPLAY\DELA1B9\4&20b8d095&0&UID8263 has been surprise removed as it is reported as missing on the bus.
Count of devices removed: 1"
"11-06-2026 12:18:05","1010","Information","Microsoft-Windows-Kernel-PnP","Device INTELAUDIO\SGPC_FUNC_01&VEN_8086&DEV_281D&SUBSYS_80860101&REV_1000\5&32640736&0&0201DIF_000B&UIF_0000 has been surprise removed as it is reported as missing on the bus.
Count of devices removed: 3"
"11-06-2026 12:11:04","1010","Information","Microsoft-Windows-Kernel-PnP","Device DISPLAY\DELA1B9\4&20b8d095&0&UID8263 has been surprise removed as it is reported as missing on the bus.
Count of devices removed: 1"
"11-06-2026 11:53:44","1010","Information","Microsoft-Windows-Kernel-PnP","Device INTELAUDIO\SGPC_FUNC_01&VEN_8086&DEV_281D&SUBSYS_80860101&REV_1000\5&32640736&0&0201DIF_000B&UIF_0000 has been surprise removed as it is reported as missing on the bus.
Count of devices removed: 3"
"11-06-2026 11:41:59","1010","Information","Microsoft-Windows-Kernel-PnP","Device DISPLAY\DELA1B9\4&20b8d095&0&UID8263 has been surprise removed as it is reported as missing on the bus.
Count of devices removed: 1"
"11-06-2026 11:39:45","1010","Information","Microsoft-Windows-Kernel-PnP","Device INTELAUDIO\SGPC_FUNC_01&VEN_8086&DEV_281D&SUBSYS_80860101&REV_1000\5&32640736&0&0201DIF_000B&UIF_0000 has been surprise removed as it is reported as missing on the bus.
Count of devices removed: 3"
"11-06-2026 11:25:56","1010","Information","Microsoft-Windows-Kernel-PnP","Device DISPLAY\DELA1B9\4&20b8d095&0&UID8263 has been surprise removed as it is reported as missing on the bus.
Count of devices removed: 1"
"11-06-2026 11:18:54","1010","Information","Microsoft-Windows-Kernel-PnP","Device INTELAUDIO\SGPC_FUNC_01&VEN_8086&DEV_281D&SUBSYS_80860101&REV_1000\5&32640736&0&0201DIF_000B&UIF_0000 has been surprise removed as it is reported as missing on the bus.
Count of devices removed: 3"
"11-06-2026 11:08:52","1010","Information","Microsoft-Windows-Kernel-PnP","Device DISPLAY\DELA1B9\4&20b8d095&0&UID8263 has been surprise removed as it is reported as missing on the bus.
Count of devices removed: 1"
"11-06-2026 11:05:58","1010","Information","Microsoft-Windows-Kernel-PnP","Device INTELAUDIO\SGPC_FUNC_01&VEN_8086&DEV_281D&SUBSYS_80860101&REV_1000\5&32640736&0&0201DIF_000B&UIF_0000 has been surprise removed as it is reported as missing on the bus.
Count of devices removed: 3"
"11-06-2026 10:57:04","1010","Information","Microsoft-Windows-Kernel-PnP","Device USB\VID_047F&PID_C058\EBFF498BA439F1488A177C405ACDFDF0 has been surprise removed as it is reported as missing on the bus.
Count of devices removed: 8"
"11-06-2026 10:45:26","1010","Information","Microsoft-Windows-Kernel-PnP","Device DISPLAY\DELA1B9\4&20b8d095&0&UID8263 has been surprise removed as it is reported as missing on the bus.
Count of devices removed: 1"
"11-06-2026 10:45:09","1010","Information","Microsoft-Windows-Kernel-PnP","Device INTELAUDIO\SGPC_FUNC_01&VEN_8086&DEV_281D&SUBSYS_80860101&REV_1000\5&32640736&0&0201DIF_000B&UIF_0000 has been surprise removed as it is reported as missing on the bus.
Count of devices removed: 3"
"11-06-2026 10:44:45","1010","Information","Microsoft-Windows-Kernel-PnP","Device DISPLAY\DELA1B9\4&20b8d095&0&UID8263 has been surprise removed as it is reported as missing on the bus.
Count of devices removed: 1"
"11-06-2026 10:11:05","1010","Information","Microsoft-Windows-Kernel-PnP","Device INTELAUDIO\SGPC_FUNC_01&VEN_8086&DEV_281D&SUBSYS_80860101&REV_1000\5&32640736&0&0201DIF_000B&UIF_0000 has been surprise removed as it is reported as missing on the bus.
Count of devices removed: 3"
"11-06-2026 09:17:05","1010","Information","Microsoft-Windows-Kernel-PnP","Device INTELAUDIO\SGPC_FUNC_01&VEN_8086&DEV_281D&SUBSYS_80860101&REV_1000\5&32640736&0&0201DIF_000B&UIF_0000 has been surprise removed as it is reported as missing on the bus.
Count of devices removed: 3"
"11-06-2026 09:07:00","1010","Information","Microsoft-Windows-Kernel-PnP","Device DISPLAY\DELA1B9\4&20b8d095&0&UID8263 has been surprise removed as it is reported as missing on the bus.
Count of devices removed: 1"
"11-06-2026 08:50:14","1010","Information","Microsoft-Windows-Kernel-PnP","Device INTELAUDIO\SGPC_FUNC_01&VEN_8086&DEV_281D&SUBSYS_80860101&REV_1000\5&32640736&0&0201DIF_000B&UIF_0000 has been surprise removed as it is reported as missing on the bus.
Count of devices removed: 3"
"10-06-2026 19:12:30","1010","Information","Microsoft-Windows-Kernel-PnP","Device INTELAUDIO\SGPC_FUNC_01&VEN_8086&DEV_281D&SUBSYS_80860101&REV_1000\5&32640736&0&0201DIF_000B&UIF_0000 has been surprise removed as it is reported as missing on the bus.
Count of devices removed: 3"
"10-06-2026 19:12:30","1010","Information","Microsoft-Windows-Kernel-PnP","Device DISPLAY\DELA1B9\4&20b8d095&0&UID8263 has been surprise removed as it is reported as missing on the bus.
Count of devices removed: 1"
"10-06-2026 19:12:30","1010","Information","Microsoft-Windows-Kernel-PnP","Device USB\VID_0424&PID_4206\5&2dc84fba&0&1 has been surprise removed as it is reported as missing on the bus.
Count of devices removed: 6"
"10-06-2026 19:12:26","1010","Information","Microsoft-Windows-Kernel-PnP","Device USB\VID_0424&PID_7206\5&266331bc&0&4 has been surprise removed as it is reported as missing on the bus.
Count of devices removed: 3"
"10-06-2026 19:12:26","1010","Information","Microsoft-Windows-Kernel-PnP","Device USB\VID_0424&PID_7240\7&a758d7d&0&4 has been surprise removed as it is reported as missing on the bus.
Count of devices removed: 1"
"10-06-2026 19:12:21","1010","Information","Microsoft-Windows-Kernel-PnP","Device INTELAUDIO\SGPC_FUNC_01&VEN_8086&DEV_281D&SUBSYS_80860101&REV_1000\5&32640736&0&0201DIF_000B&UIF_0000 has been surprise removed as it is reported as missing on the bus.
Count of devices removed: 3"
"10-06-2026 19:12:12","1010","Information","Microsoft-Windows-Kernel-PnP","Device USB\VID_047F&PID_C058\EBFF498BA439F1488A177C405ACDFDF0 has been surprise removed as it is reported as missing on the bus.
Count of devices removed: 8"
"10-06-2026 19:12:10","1010","Information","Microsoft-Windows-Kernel-PnP","Device INTELAUDIO\SGPC_FUNC_01&VEN_8086&DEV_281D&SUBSYS_80860101&REV_1000\5&32640736&0&0201DIF_000B&UIF_0000 has been surprise removed as it is reported as missing on the bus.
Count of devices removed: 3"
"10-06-2026 18:38:34","1010","Information","Microsoft-Windows-Kernel-PnP","Device DISPLAY\DELA1B9\4&20b8d095&0&UID8263 has been surprise removed as it is reported as missing on the bus.
Count of devices removed: 1"
"10-06-2026 18:38:21","1010","Information","Microsoft-Windows-Kernel-PnP","Device INTELAUDIO\SGPC_FUNC_01&VEN_8086&DEV_281D&SUBSYS_80860101&REV_1000\5&32640736&0&0201DIF_000B&UIF_0000 has been surprise removed as it is reported as missing on the bus.
Count of devices removed: 3"
"10-06-2026 18:37:59","1010","Information","Microsoft-Windows-Kernel-PnP","Device DISPLAY\DELA1B9\4&20b8d095&0&UID8263 has been surprise removed as it is reported as missing on the bus.
Count of devices removed: 1"
"10-06-2026 18:37:09","1010","Information","Microsoft-Windows-Kernel-PnP","Device INTELAUDIO\SGPC_FUNC_01&VEN_8086&DEV_281D&SUBSYS_80860101&REV_1000\5&32640736&0&0201DIF_000B&UIF_0000 has been surprise removed as it is reported as missing on the bus.
Count of devices removed: 3"
"10-06-2026 18:36:44","1010","Information","Microsoft-Windows-Kernel-PnP","Device DISPLAY\DELA1B9\4&20b8d095&0&UID8263 has been surprise removed as it is reported as missing on the bus.
Count of devices removed: 1"
"10-06-2026 18:19:16","1010","Information","Microsoft-Windows-Kernel-PnP","Device INTELAUDIO\SGPC_FUNC_01&VEN_8086&DEV_281D&SUBSYS_80860101&REV_1000\5&32640736&0&0201DIF_000B&UIF_0000 has been surprise removed as it is reported as missing on the bus.
Count of devices removed: 3"
"10-06-2026 16:59:41","1010","Information","Microsoft-Windows-Kernel-PnP","Device DISPLAY\DELA1B9\4&20b8d095&0&UID8263 has been surprise removed as it is reported as missing on the bus.
Count of devices removed: 1"
"10-06-2026 16:56:53","1010","Information","Microsoft-Windows-Kernel-PnP","Device INTELAUDIO\SGPC_FUNC_01&VEN_8086&DEV_281D&SUBSYS_80860101&REV_1000\5&32640736&0&0201DIF_000B&UIF_0000 has been surprise removed as it is reported as missing on the bus.
Count of devices removed: 3"
"10-06-2026 16:00:44","1010","Information","Microsoft-Windows-Kernel-PnP","Device DISPLAY\DELA1B9\4&20b8d095&0&UID8263 has been surprise removed as it is reported as missing on the bus.
Count of devices removed: 1"
"10-06-2026 15:57:46","1010","Information","Microsoft-Windows-Kernel-PnP","Device INTELAUDIO\SGPC_FUNC_01&VEN_8086&DEV_281D&SUBSYS_80860101&REV_1000\5&32640736&0&0201DIF_000B&UIF_0000 has been surprise removed as it is reported as missing on the bus.
Count of devices removed: 3"
"10-06-2026 15:57:45","1010","Information","Microsoft-Windows-Kernel-PnP","Device USB\VID_0424&PID_7206\5&266331bc&0&4 has been surprise removed as it is reported as missing on the bus.
Count of devices removed: 3"
"10-06-2026 15:57:45","1010","Information","Microsoft-Windows-Kernel-PnP","Device DISPLAY\DELA1B9\4&20b8d095&0&UID8263 has been surprise removed as it is reported as missing on the bus.
Count of devices removed: 1"
"10-06-2026 15:57:41","1010","Information","Microsoft-Windows-Kernel-PnP","Device USB\VID_0424&PID_4206\5&2dc84fba&0&1 has been surprise removed as it is reported as missing on the bus.
Count of devices removed: 6"
"10-06-2026 15:57:41","1010","Information","Microsoft-Windows-Kernel-PnP","Device USB\VID_0424&PID_7240\7&a758d7d&0&4 has been surprise removed as it is reported as missing on the bus.
Count of devices removed: 1"
"10-06-2026 15:57:37","1010","Information","Microsoft-Windows-Kernel-PnP","Device USB\VID_047F&PID_C058\EBFF498BA439F1488A177C405ACDFDF0 has been surprise removed as it is reported as missing on the bus.
Count of devices removed: 8"
"10-06-2026 15:38:14","1010","Information","Microsoft-Windows-Kernel-PnP","Device USB\VID_047F&PID_C058\EBFF498BA439F1488A177C405ACDFDF0 has been surprise removed as it is reported as missing on the bus.
Count of devices removed: 8"
"10-06-2026 15:37:42","1010","Information","Microsoft-Windows-Kernel-PnP","Device DISPLAY\DELA1B9\4&20b8d095&0&UID8263 has been surprise removed as it is reported as missing on the bus.
Count of devices removed: 1"
"10-06-2026 15:32:04","1010","Information","Microsoft-Windows-Kernel-PnP","Device INTELAUDIO\SGPC_FUNC_01&VEN_8086&DEV_281D&SUBSYS_80860101&REV_1000\5&32640736&0&0201DIF_000B&UIF_0000 has been surprise removed as it is reported as missing on the bus.
Count of devices removed: 3"
"10-06-2026 14:28:56","1010","Information","Microsoft-Windows-Kernel-PnP","Device DISPLAY\DELA1B9\4&20b8d095&0&UID8263 has been surprise removed as it is reported as missing on the bus.
Count of devices removed: 1"
"10-06-2026 14:19:46","1041","Information","Microsoft-Windows-Kernel-PnP","Device USB\VID_0424&PID_7260\6&27c8c08e&0&5 has completed a platform-level device reset.

Status: 0
Veto type: 0
Vetoed By: "
"10-06-2026 14:19:46","1011","Warning","Microsoft-Windows-Kernel-PnP","Device USB\VID_0424&PID_7260\6&27c8c08e&0&5 has been surprise removed as it was reported to be failing.
Count of devices removed: 4"
"10-06-2026 14:19:46","1041","Information","Microsoft-Windows-Kernel-PnP","Device USB\VID_0424&PID_7240\7&a758d7d&0&4 has completed a platform-level device reset.

Status: 0
Veto type: 0
Vetoed By: "
"10-06-2026 14:19:46","1011","Warning","Microsoft-Windows-Kernel-PnP","Device USB\VID_0424&PID_7240\7&a758d7d&0&4 has been surprise removed as it was reported to be failing.
Count of devices removed: 1"
"10-06-2026 14:19:46","1040","Information","Microsoft-Windows-Kernel-PnP","Device USB\VID_0424&PID_7260\6&27c8c08e&0&5 has requested a platform-level device reset.

Flags: 0"
"10-06-2026 14:19:46","1040","Information","Microsoft-Windows-Kernel-PnP","Device USB\VID_0424&PID_7240\7&a758d7d&0&4 has requested a platform-level device reset.

Flags: 0"
"10-06-2026 13:19:00","1010","Information","Microsoft-Windows-Kernel-PnP","Device INTELAUDIO\SGPC_FUNC_01&VEN_8086&DEV_281D&SUBSYS_80860101&REV_1000\5&32640736&0&0201DIF_000B&UIF_0000 has been surprise removed as it is reported as missing on the bus.
Count of devices removed: 3"
"10-06-2026 13:01:25","1010","Information","Microsoft-Windows-Kernel-PnP","Device DISPLAY\DELA1B9\4&20b8d095&0&UID8263 has been surprise removed as it is reported as missing on the bus.
Count of devices removed: 1"
"10-06-2026 12:55:10","1010","Information","Microsoft-Windows-Kernel-PnP","Device INTELAUDIO\SGPC_FUNC_01&VEN_8086&DEV_281D&SUBSYS_80860101&REV_1000\5&32640736&0&0201DIF_000B&UIF_0000 has been surprise removed as it is reported as missing on the bus.
Count of devices removed: 3"
"10-06-2026 12:48:48","1010","Information","Microsoft-Windows-Kernel-PnP","Device USB\VID_047F&PID_C058\EBFF498BA439F1488A177C405ACDFDF0 has been surprise removed as it is reported as missing on the bus.
Count of devices removed: 8"
"10-06-2026 12:46:11","1010","Information","Microsoft-Windows-Kernel-PnP","Device USB\VID_047F&PID_C058\EBFF498BA439F1488A177C405ACDFDF0 has been surprise removed as it is reported as missing on the bus.
Count of devices removed: 8"
"10-06-2026 12:43:17","1010","Information","Microsoft-Windows-Kernel-PnP","Device DISPLAY\DELA1B9\4&20b8d095&0&UID8263 has been surprise removed as it is reported as missing on the bus.
Count of devices removed: 1"
"10-06-2026 12:37:26","1010","Information","Microsoft-Windows-Kernel-PnP","Device INTELAUDIO\SGPC_FUNC_01&VEN_8086&DEV_281D&SUBSYS_80860101&REV_1000\5&32640736&0&0201DIF_000B&UIF_0000 has been surprise removed as it is reported as missing on the bus.
Count of devices removed: 3"
"10-06-2026 11:39:56","1010","Information","Microsoft-Windows-Kernel-PnP","Device DISPLAY\DELA1B9\4&20b8d095&0&UID8263 has been surprise removed as it is reported as missing on the bus.
Count of devices removed: 1"
"10-06-2026 11:34:22","1010","Information","Microsoft-Windows-Kernel-PnP","Device INTELAUDIO\SGPC_FUNC_01&VEN_8086&DEV_281D&SUBSYS_80860101&REV_1000\5&32640736&0&0201DIF_000B&UIF_0000 has been surprise removed as it is reported as missing on the bus.
Count of devices removed: 3"
"10-06-2026 10:10:56","1010","Information","Microsoft-Windows-Kernel-PnP","Device INTELAUDIO\SGPC_FUNC_01&VEN_8086&DEV_281D&SUBSYS_80860101&REV_1000\5&32640736&0&0201DIF_000B&UIF_0000 has been surprise removed as it is reported as missing on the bus.
Count of devices removed: 2"
"10-06-2026 10:10:55","1010","Information","Microsoft-Windows-Kernel-PnP","Device USB\VID_0424&PID_7206\5&266331bc&0&4 has been surprise removed as it is reported as missing on the bus.
Count of devices removed: 3"
"10-06-2026 10:10:55","1010","Information","Microsoft-Windows-Kernel-PnP","Device DISPLAY\DELA1B9\4&20b8d095&0&UID8263 has been surprise removed as it is reported as missing on the bus.
Count of devices removed: 1"
"10-06-2026 10:10:51","1010","Information","Microsoft-Windows-Kernel-PnP","Device USB\VID_0424&PID_4206\5&2dc84fba&0&1 has been surprise removed as it is reported as missing on the bus.
Count of devices removed: 7"
"10-06-2026 09:53:50","1010","Information","Microsoft-Windows-Kernel-PnP","Device SWD\MMDEVAPI\{0.0.0.00000000}.{9a1bf29b-fac1-4738-a148-14e38c14a020} has been surprise removed as it is reported as missing on the bus.
Count of devices removed: 1"
"09-06-2026 19:41:43","1010","Information","Microsoft-Windows-Kernel-PnP","Device USB\VID_0424&PID_7206\5&266331bc&0&4 has been surprise removed as it is reported as missing on the bus.
Count of devices removed: 3"
"09-06-2026 19:41:43","1010","Information","Microsoft-Windows-Kernel-PnP","Device DISPLAY\DELA1B9\4&20b8d095&0&UID8263 has been surprise removed as it is reported as missing on the bus.
Count of devices removed: 1"
"09-06-2026 19:41:40","1010","Information","Microsoft-Windows-Kernel-PnP","Device USB\VID_0424&PID_4206\5&2dc84fba&0&1 has been surprise removed as it is reported as missing on the bus.
Count of devices removed: 7"
"09-06-2026 19:41:37","1010","Information","Microsoft-Windows-Kernel-PnP","Device INTELAUDIO\SGPC_FUNC_01&VEN_8086&DEV_281D&SUBSYS_80860101&REV_1000\5&32640736&0&0201DIF_000B&UIF_0000 has been surprise removed as it is reported as missing on the bus.
Count of devices removed: 3"
"09-06-2026 19:40:02","1010","Information","Microsoft-Windows-Kernel-PnP","Device USB\VID_047F&PID_C058\EBFF498BA439F1488A177C405ACDFDF0 has been surprise removed as it is reported as missing on the bus.
Count of devices removed: 8"
"09-06-2026 19:09:27","1010","Information","Microsoft-Windows-Kernel-PnP","Device DISPLAY\DELA1B9\4&20b8d095&0&UID8263 has been surprise removed as it is reported as missing on the bus.
Count of devices removed: 1"
"09-06-2026 18:57:59","1010","Information","Microsoft-Windows-Kernel-PnP","Device INTELAUDIO\SGPC_FUNC_01&VEN_8086&DEV_281D&SUBSYS_80860101&REV_1000\5&32640736&0&0201DIF_000B&UIF_0000 has been surprise removed as it is reported as missing on the bus.
Count of devices removed: 3"
"09-06-2026 18:24:13","1010","Information","Microsoft-Windows-Kernel-PnP","Device DISPLAY\DELA1B9\4&20b8d095&0&UID8263 has been surprise removed as it is reported as missing on the bus.
Count of devices removed: 1"
"09-06-2026 17:30:30","1010","Information","Microsoft-Windows-Kernel-PnP","Device INTELAUDIO\SGPC_FUNC_01&VEN_8086&DEV_281D&SUBSYS_80860101&REV_1000\5&32640736&0&0201DIF_000B&UIF_0000 has been surprise removed as it is reported as missing on the bus.
Count of devices removed: 3"
"09-06-2026 15:48:19","1010","Information","Microsoft-Windows-Kernel-PnP","Device INTELAUDIO\SGPC_FUNC_01&VEN_8086&DEV_281D&SUBSYS_80860101&REV_1000\5&32640736&0&0201DIF_000B&UIF_0000 has been surprise removed as it is reported as missing on the bus.
Count of devices removed: 3"
"09-06-2026 15:48:19","1010","Information","Microsoft-Windows-Kernel-PnP","Device USB\VID_047F&PID_C058\EBFF498BA439F1488A177C405ACDFDF0 has been surprise removed as it is reported as missing on the bus.
Count of devices removed: 8"
"09-06-2026 15:48:18","1010","Information","Microsoft-Windows-Kernel-PnP","Device USB\VID_0424&PID_7206\5&266331bc&0&4 has been surprise removed as it is reported as missing on the bus.
Count of devices removed: 3"
"09-06-2026 15:48:18","1010","Information","Microsoft-Windows-Kernel-PnP","Device DISPLAY\DELA1B9\4&20b8d095&0&UID8263 has been surprise removed as it is reported as missing on the bus.
Count of devices removed: 1"
"09-06-2026 15:48:14","1010","Information","Microsoft-Windows-Kernel-PnP","Device USB\VID_0424&PID_4206\5&2dc84fba&0&1 has been surprise removed as it is reported as missing on the bus.
Count of devices removed: 7"
"09-06-2026 15:47:00","1010","Information","Microsoft-Windows-Kernel-PnP","Device DISPLAY\DELA1B9\4&20b8d095&0&UID8263 has been surprise removed as it is reported as missing on the bus.
Count of devices removed: 1"
"09-06-2026 15:32:23","1010","Information","Microsoft-Windows-Kernel-PnP","Device INTELAUDIO\SGPC_FUNC_01&VEN_8086&DEV_281D&SUBSYS_80860101&REV_1000\5&32640736&0&0201DIF_000B&UIF_0000 has been surprise removed as it is reported as missing on the bus.
Count of devices removed: 3"
"09-06-2026 15:00:09","1011","Warning","Microsoft-Windows-Kernel-PnP","Device USB\VID_0000&PID_0002\5&2dc84fba&0&7 has been surprise removed as it was reported to be failing.
Count of devices removed: 1"
"09-06-2026 15:00:07","1010","Information","Microsoft-Windows-Kernel-PnP","Device USB\VID_047F&PID_C058\EBFF498BA439F1488A177C405ACDFDF0 has been surprise removed as it is reported as missing on the bus.
Count of devices removed: 8"
"09-06-2026 14:58:42","1010","Information","Microsoft-Windows-Kernel-PnP","Device DISPLAY\DELA1B9\4&20b8d095&0&UID8263 has been surprise removed as it is reported as missing on the bus.
Count of devices removed: 1"
"09-06-2026 14:55:29","1010","Information","Microsoft-Windows-Kernel-PnP","Device INTELAUDIO\SGPC_FUNC_01&VEN_8086&DEV_281D&SUBSYS_80860101&REV_1000\5&32640736&0&0201DIF_000B&UIF_0000 has been surprise removed as it is reported as missing on the bus.
Count of devices removed: 3"
"09-06-2026 14:44:49","1010","Information","Microsoft-Windows-Kernel-PnP","Device DISPLAY\DELA1B9\4&20b8d095&0&UID8263 has been surprise removed as it is reported as missing on the bus.
Count of devices removed: 1"
"09-06-2026 14:39:22","1010","Information","Microsoft-Windows-Kernel-PnP","Device INTELAUDIO\SGPC_FUNC_01&VEN_8086&DEV_281D&SUBSYS_80860101&REV_1000\5&32640736&0&0201DIF_000B&UIF_0000 has been surprise removed as it is reported as missing on the bus.
Count of devices removed: 3"
"09-06-2026 14:38:54","1010","Information","Microsoft-Windows-Kernel-PnP","Device DISPLAY\DELA1B9\4&20b8d095&0&UID8263 has been surprise removed as it is reported as missing on the bus.
Count of devices removed: 1"
"09-06-2026 14:28:45","1010","Information","Microsoft-Windows-Kernel-PnP","Device INTELAUDIO\SGPC_FUNC_01&VEN_8086&DEV_281D&SUBSYS_80860101&REV_1000\5&32640736&0&0201DIF_000B&UIF_0000 has been surprise removed as it is reported as missing on the bus.
Count of devices removed: 3"
"09-06-2026 11:31:27","1010","Information","Microsoft-Windows-Kernel-PnP","Device INTELAUDIO\SGPC_FUNC_01&VEN_8086&DEV_281D&SUBSYS_80860101&REV_1000\5&32640736&0&0201DIF_000B&UIF_0000 has been surprise removed as it is reported as missing on the bus.
Count of devices removed: 3"
"09-06-2026 11:31:27","1010","Information","Microsoft-Windows-Kernel-PnP","Device DISPLAY\TSB2345\4&20b8d095&0&UID4145 has been surprise removed as it is reported as missing on the bus.
Count of devices removed: 1"
"09-06-2026 11:22:37","1010","Information","Microsoft-Windows-Kernel-PnP","Device INTELAUDIO\SGPC_FUNC_01&VEN_8086&DEV_281D&SUBSYS_80860101&REV_1000\5&32640736&0&0201DIF_000B&UIF_0000 has been surprise removed as it is reported as missing on the bus.
Count of devices removed: 3"
"09-06-2026 10:29:36","1010","Information","Microsoft-Windows-Kernel-PnP","Device INTELAUDIO\SGPC_FUNC_01&VEN_8086&DEV_281D&SUBSYS_80860101&REV_1000\5&32640736&0&0201DIF_000B&UIF_0000 has been surprise removed as it is reported as missing on the bus.
Count of devices removed: 3"
"09-06-2026 10:29:35","1010","Information","Microsoft-Windows-Kernel-PnP","Device USB\VID_0424&PID_7206\5&266331bc&0&4 has been surprise removed as it is reported as missing on the bus.
Count of devices removed: 3"
"09-06-2026 10:29:35","1010","Information","Microsoft-Windows-Kernel-PnP","Device DISPLAY\DELA1B9\4&20b8d095&0&UID8263 has been surprise removed as it is reported as missing on the bus.
Count of devices removed: 1"
"09-06-2026 10:29:32","1010","Information","Microsoft-Windows-Kernel-PnP","Device USB\VID_0424&PID_4206\5&2dc84fba&0&1 has been surprise removed as it is reported as missing on the bus.
Count of devices removed: 9"
"09-06-2026 10:29:22","1010","Information","Microsoft-Windows-Kernel-PnP","Device DISPLAY\DELA1B9\4&20b8d095&0&UID8263 has been surprise removed as it is reported as missing on the bus.
Count of devices removed: 1"
"09-06-2026 10:28:43","1010","Information","Microsoft-Windows-Kernel-PnP","Device INTELAUDIO\SGPC_FUNC_01&VEN_8086&DEV_281D&SUBSYS_80860101&REV_1000\5&32640736&0&0201DIF_000B&UIF_0000 has been surprise removed as it is reported as missing on the bus.
Count of devices removed: 3"
"09-06-2026 09:46:11","1010","Information","Microsoft-Windows-Kernel-PnP","Device DISPLAY\DELA1B9\4&20b8d095&0&UID8263 has been surprise removed as it is reported as missing on the bus.
Count of devices removed: 1"
"09-06-2026 09:45:44","1010","Information","Microsoft-Windows-Kernel-PnP","Device INTELAUDIO\SGPC_FUNC_01&VEN_8086&DEV_281D&SUBSYS_80860101&REV_1000\5&32640736&0&0201DIF_000B&UIF_0000 has been surprise removed as it is reported as missing on the bus.
Count of devices removed: 2"
"08-06-2026 20:47:35","1010","Information","Microsoft-Windows-Kernel-PnP","Device USB\VID_046D&PID_C534\5&2dc84fba&0&7 has been surprise removed as it is reported as missing on the bus.
Count of devices removed: 9"
"08-06-2026 19:18:45","1010","Information","Microsoft-Windows-Kernel-PnP","Device USB\VID_413C&PID_2514\5&2dc84fba&0&6 has been surprise removed as it is reported as missing on the bus.
Count of devices removed: 11"
"08-06-2026 19:16:02","1010","Information","Microsoft-Windows-Kernel-PnP","Device USB\VID_0424&PID_7206\5&266331bc&0&4 has been surprise removed as it is reported as missing on the bus.
Count of devices removed: 3"
"08-06-2026 19:16:02","1010","Information","Microsoft-Windows-Kernel-PnP","Device DISPLAY\DELA1B9\4&20b8d095&0&UID8263 has been surprise removed as it is reported as missing on the bus.
Count of devices removed: 1"
"08-06-2026 19:15:55","1010","Information","Microsoft-Windows-Kernel-PnP","Device USB\VID_0424&PID_4206\5&2dc84fba&0&1 has been surprise removed as it is reported as missing on the bus.
Count of devices removed: 9"
"08-06-2026 19:15:54","1010","Information","Microsoft-Windows-Kernel-PnP","Device USB\VID_047F&PID_C058\EBFF498BA439F1488A177C405ACDFDF0 has been surprise removed as it is reported as missing on the bus.
Count of devices removed: 8"
"08-06-2026 19:15:53","1010","Information","Microsoft-Windows-Kernel-PnP","Device INTELAUDIO\SGPC_FUNC_01&VEN_8086&DEV_281D&SUBSYS_80860101&REV_1000\5&32640736&0&0201DIF_000B&UIF_0000 has been surprise removed as it is reported as missing on the bus.
Count of devices removed: 3"
"08-06-2026 19:13:45","1010","Information","Microsoft-Windows-Kernel-PnP","Device ACPI\DLL0CE8\4&a107c53&0 has been surprise removed as it is reported as missing on the bus.
Count of devices removed: 1"
"08-06-2026 19:13:44","1010","Information","Microsoft-Windows-Kernel-PnP","Device ACPI\PNP0C0C\2&daba3ff&0 has been surprise removed as it is reported as missing on the bus.
Count of devices removed: 1"
"08-06-2026 19:13:15","1010","Information","Microsoft-Windows-Kernel-PnP","Device USB\VID_FFFF&PID_BACE&REV_0002\1 has been surprise removed as it is reported as missing on the bus.
Count of devices removed: 7"
"08-06-2026 19:13:15","1010","Information","Microsoft-Windows-Kernel-PnP","Device UMB\UMB\1&841921d&0&TERMINPUT_BUS has been surprise removed as it is reported as missing on the bus.
Count of devices removed: 1"
"08-06-2026 19:13:14","1010","Information","Microsoft-Windows-Kernel-PnP","Device SWD\MSRRAS\{5e259276-bc7e-40e3-b93b-8f89b5f3abc0} has been surprise removed as it is reported as missing on the bus.
Count of devices removed: 8"
"08-06-2026 19:13:14","1010","Information","Microsoft-Windows-Kernel-PnP","Device SWD\MSDAS\{ce958e9a-424f-4c88-86f4-11314821e75a} has been surprise removed as it is reported as missing on the bus.
Count of devices removed: 1"
"08-06-2026 19:13:14","1010","Information","Microsoft-Windows-Kernel-PnP","Device SWD\MSRRAS\MS_SSTPMINIPORT has been surprise removed as it is reported as missing on the bus.
Count of devices removed: 1"
"08-06-2026 17:04:11","1065","Information","Microsoft-Windows-Kernel-PnP","Device PCI\VEN_8086&DEV_7D0B&SUBSYS_0CE81028&REV_00\3&11583659&0&70 with problem code 0 and problem status 0x0 requires the system to be rebooted.
Additional information:
0x1030000000"
"08-06-2026 17:04:11","1000","Warning","Microsoft-Windows-Kernel-PnP","Device PCI\VEN_8086&DEV_7D0B&SUBSYS_0CE81028&REV_00\3&11583659&0&70 could not be query removed as the removal was vetoed.

Veto Type: 6
Vetoed By: SCSI\Disk&Ven_NVMe&Prod_PM9C1b_Samsung_2\4&2f520e81&0&020000\Driver\disk"
"08-06-2026 17:03:48","1065","Information","Microsoft-Windows-Kernel-PnP","Device PCI\VEN_8086&DEV_7D0B&SUBSYS_0CE81028&REV_00\3&11583659&0&70 with problem code 0 and problem status 0x0 requires the system to be rebooted.
Additional information:
0x1020000000"
"08-06-2026 17:03:48","1000","Warning","Microsoft-Windows-Kernel-PnP","Device PCI\VEN_8086&DEV_7D0B&SUBSYS_0CE81028&REV_00\3&11583659&0&70 could not be query removed as the removal was vetoed.

Veto Type: 6
Vetoed By: SCSI\Disk&Ven_NVMe&Prod_PM9C1b_Samsung_2\4&2f520e81&0&020000\Driver\disk"
"08-06-2026 17:00:24","1010","Information","Microsoft-Windows-Kernel-PnP","Device INTELAUDIO\SGPC_FUNC_01&VEN_8086&DEV_281D&SUBSYS_80860101&REV_1000\5&32640736&0&0201DIF_000B&UIF_0000 has been surprise removed as it is reported as missing on the bus.
Count of devices removed: 3"
"08-06-2026 17:00:23","1010","Information","Microsoft-Windows-Kernel-PnP","Device USB\VID_0424&PID_7206\5&266331bc&0&4 has been surprise removed as it is reported as missing on the bus.
Count of devices removed: 3"
"08-06-2026 17:00:22","1010","Information","Microsoft-Windows-Kernel-PnP","Device DISPLAY\DELA1B9\4&20b8d095&0&UID8263 has been surprise removed as it is reported as missing on the bus.
Count of devices removed: 1"
"08-06-2026 17:00:19","1010","Information","Microsoft-Windows-Kernel-PnP","Device USB\VID_0424&PID_4206\5&2dc84fba&0&1 has been surprise removed as it is reported as missing on the bus.
Count of devices removed: 7"
"08-06-2026 16:59:28","1065","Information","Microsoft-Windows-Kernel-PnP","Device SWD\DRIVERENUM\{03849b83-de07-4366-addd-7b5dbb16ecfc}#IpfEfProviderComponent&4&23556e4&0 with problem code 0 and problem status 0x0 requires the system to be rebooted.
Additional information:
0x80020000000"
"08-06-2026 16:59:28","1000","Warning","Microsoft-Windows-Kernel-PnP","Device SWD\DRIVERENUM\{d10bfa0c-8cb5-4674-8428-3633604b8c33}#IpfEfProviderComponent&5&2c393730&0 could not be query removed as the removal was vetoed.

Veto Type: 1
Vetoed By: SWD\DRIVERENUM\{d10bfa0c-8cb5-4674-8428-3633604b8c33}#IpfEfProviderComponent&5&2c393730&0"
"08-06-2026 16:59:28","1000","Warning","Microsoft-Windows-Kernel-PnP","Device SWD\DRIVERENUM\{f7bc2682-70eb-4557-b9e0-86b069b3709c}#IpfEfProviderComponent&5&2c393730&0 could not be query removed as the removal was vetoed.

Veto Type: 1
Vetoed By: SWD\DRIVERENUM\{f7bc2682-70eb-4557-b9e0-86b069b3709c}#IpfEfProviderComponent&5&2c393730&0"
"08-06-2026 16:59:28","1000","Warning","Microsoft-Windows-Kernel-PnP","Device SWD\DRIVERENUM\{03849b83-de07-4366-addd-7b5dbb16ecfc}#IpfEfProviderComponent&4&23556e4&0 could not be query removed as the removal was vetoed.

Veto Type: 1
Vetoed By: SWD\DRIVERENUM\{03849b83-de07-4366-addd-7b5dbb16ecfc}#IpfEfProviderComponent&4&23556e4&0"
"08-06-2026 16:59:25","1065","Information","Microsoft-Windows-Kernel-PnP","Device SWD\DRIVERENUM\{943855cc-edb2-421e-bf96-9d11d12e7430}#IpfEfPMTProviderComponent&4&22e119fc&0 with problem code 0 and problem status 0x0 requires the system to be rebooted.
Additional information:
0x80020000000"
"08-06-2026 16:59:25","1000","Warning","Microsoft-Windows-Kernel-PnP","Device SWD\DRIVERENUM\{943855cc-edb2-421e-bf96-9d11d12e7430}#IpfEfPMTProviderComponent&4&22e119fc&0 could not be query removed as the removal was vetoed.

Veto Type: 1
Vetoed By: SWD\DRIVERENUM\{943855cc-edb2-421e-bf96-9d11d12e7430}#IpfEfPMTProviderComponent&4&22e119fc&0"
"08-06-2026 16:59:12","1065","Information","Microsoft-Windows-Kernel-PnP","Device SWD\DRIVERENUM\{f7bc2682-70eb-4557-b9e0-86b069b3709c}#IpfEfProviderComponent&5&2c393730&0 with problem code 0 and problem status 0x0 requires the system to be rebooted.
Additional information:
0x80020000000"
"08-06-2026 16:59:12","1000","Warning","Microsoft-Windows-Kernel-PnP","Device SWD\DRIVERENUM\{03849b83-de07-4366-addd-7b5dbb16ecfc}#IpfEfProviderComponent&4&23556e4&0 could not be query removed as the removal was vetoed.

Veto Type: 1
Vetoed By: SWD\DRIVERENUM\{03849b83-de07-4366-addd-7b5dbb16ecfc}#IpfEfProviderComponent&4&23556e4&0"
"08-06-2026 16:59:12","1000","Warning","Microsoft-Windows-Kernel-PnP","Device SWD\DRIVERENUM\{d10bfa0c-8cb5-4674-8428-3633604b8c33}#IpfEfProviderComponent&5&2c393730&0 could not be query removed as the removal was vetoed.

Veto Type: 1
Vetoed By: SWD\DRIVERENUM\{d10bfa0c-8cb5-4674-8428-3633604b8c33}#IpfEfProviderComponent&5&2c393730&0"
"08-06-2026 16:59:12","1000","Warning","Microsoft-Windows-Kernel-PnP","Device SWD\DRIVERENUM\{f7bc2682-70eb-4557-b9e0-86b069b3709c}#IpfEfProviderComponent&5&2c393730&0 could not be query removed as the removal was vetoed.

Veto Type: 1
Vetoed By: SWD\DRIVERENUM\{f7bc2682-70eb-4557-b9e0-86b069b3709c}#IpfEfProviderComponent&5&2c393730&0"
"08-06-2026 16:59:10","1065","Information","Microsoft-Windows-Kernel-PnP","Device SWD\DRIVERENUM\{d10bfa0c-8cb5-4674-8428-3633604b8c33}#IpfEfProviderComponent&5&2c393730&0 with problem code 0 and problem status 0x0 requires the system to be rebooted.
Additional information:
0x80020000000"
"08-06-2026 16:59:10","1000","Warning","Microsoft-Windows-Kernel-PnP","Device SWD\DRIVERENUM\{03849b83-de07-4366-addd-7b5dbb16ecfc}#IpfEfProviderComponent&4&23556e4&0 could not be query removed as the removal was vetoed.

Veto Type: 1
Vetoed By: SWD\DRIVERENUM\{03849b83-de07-4366-addd-7b5dbb16ecfc}#IpfEfProviderComponent&4&23556e4&0"
"08-06-2026 16:59:10","1000","Warning","Microsoft-Windows-Kernel-PnP","Device SWD\DRIVERENUM\{f7bc2682-70eb-4557-b9e0-86b069b3709c}#IpfEfProviderComponent&5&2c393730&0 could not be query removed as the removal was vetoed.

Veto Type: 1
Vetoed By: SWD\DRIVERENUM\{f7bc2682-70eb-4557-b9e0-86b069b3709c}#IpfEfProviderComponent&5&2c393730&0"
"08-06-2026 16:58:11","1065","Information","Microsoft-Windows-Kernel-PnP","Device SWD\DRIVERENUM\IpfEfExtComponent&4&23556e4&0 with problem code 0 and problem status 0x0 requires the system to be rebooted.
Additional information:
0x80010000000"
"08-06-2026 16:58:11","1000","Warning","Microsoft-Windows-Kernel-PnP","Device SWD\DRIVERENUM\IpfEfExtComponent&4&23556e4&0 could not be query removed as the removal was vetoed.

Veto Type: 1
Vetoed By: SWD\DRIVERENUM\{f7bc2682-70eb-4557-b9e0-86b069b3709c}#IpfEfProviderComponent&5&2c393730&0"
"08-06-2026 16:58:05","1065","Information","Microsoft-Windows-Kernel-PnP","Device PCI\VEN_8086&DEV_7D03&SUBSYS_0CE81028&REV_05\3&11583659&0&20 with problem code 0 and problem status 0x0 requires the system to be rebooted.
Additional information:
0x80020000000"
"08-06-2026 16:58:05","1000","Warning","Microsoft-Windows-Kernel-PnP","Device PCI\VEN_8086&DEV_7D03&SUBSYS_0CE81028&REV_05\3&11583659&0&20 could not be query removed as the removal was vetoed.

Veto Type: 1
Vetoed By: SWD\DRIVERENUM\{f7bc2682-70eb-4557-b9e0-86b069b3709c}#IpfEfProviderComponent&5&2c393730&0"
"08-06-2026 16:56:22","1010","Information","Microsoft-Windows-Kernel-PnP","Device DISPLAY\Default_Monitor\1&8713bca&0&UID0 has been surprise removed as it is reported as missing on the bus.
Count of devices removed: 1"
"08-06-2026 16:56:21","1010","Information","Microsoft-Windows-Kernel-PnP","Device INTELAUDIO\SGPC_FUNC_01&VEN_8086&DEV_281D&SUBSYS_80860101&REV_1000\5&32640736&0&0201DIF_000B&UIF_0000 has been surprise removed as it is reported as missing on the bus.
Count of devices removed: 3"
"08-06-2026 16:55:53","1010","Information","Microsoft-Windows-Kernel-PnP","Device SWD\MMDEVAPI\{0.0.0.00000000}.{d4c0d637-e785-4e7d-8537-761256ae3be0} has been surprise removed as it is reported as missing on the bus.
Count of devices removed: 1"
"08-06-2026 16:55:51","1010","Information","Microsoft-Windows-Kernel-PnP","Device SWD\MMDEVAPI\{0.0.0.00000000}.{d4c0d637-e785-4e7d-8537-761256ae3be0} has been surprise removed as it is reported as missing on the bus.
Count of devices removed: 1"
"08-06-2026 16:55:51","1010","Information","Microsoft-Windows-Kernel-PnP","Device SWD\MMDEVAPI\{0.0.1.00000000}.{775fccf5-6a61-4486-ac68-82c2e48691ca} has been surprise removed as it is reported as missing on the bus.
Count of devices removed: 1"
"08-06-2026 16:55:51","1010","Information","Microsoft-Windows-Kernel-PnP","Device SWD\MMDEVAPI\{0.0.0.00000000}.{5c509850-dbc3-4e8a-a765-a65342c4f9a0} has been surprise removed as it is reported as missing on the bus.
Count of devices removed: 1"
"08-06-2026 16:55:44","1065","Information","Microsoft-Windows-Kernel-PnP","Device PCI\VEN_8086&DEV_7728&SUBSYS_0CE81028&REV_00\3&11583659&0&FB with problem code 0 and problem status 0x0 requires the system to be rebooted.
Additional information:
0x4010000000"
"08-06-2026 16:55:42","1000","Warning","Microsoft-Windows-Kernel-PnP","Device PCI\VEN_8086&DEV_7728&SUBSYS_0CE81028&REV_00\3&11583659&0&FB could not be query removed as the removal was vetoed.

Veto Type: 5
Vetoed By: HDAUDIO\SUBFUNC_01&VEN_8086&DEV_281D&NID_0001&SUBSYS_00000000&REV_1000\6&2d9a5e4c&0&0002&00000025"
"08-06-2026 16:55:26","1010","Information","Microsoft-Windows-Kernel-PnP","Device DISPLAY\Default_Monitor\1&8713bca&0&UID0 has been surprise removed as it is reported as missing on the bus.
Count of devices removed: 1"
"08-06-2026 16:55:25","1010","Information","Microsoft-Windows-Kernel-PnP","Device INTELAUDIO\SGPC_FUNC_01&VEN_8086&DEV_281D&SUBSYS_80860101&REV_1000\5&32640736&0&0201DIF_000B&UIF_0000 has been surprise removed as it is reported as missing on the bus.
Count of devices removed: 3"
"08-06-2026 16:55:14","1010","Information","Microsoft-Windows-Kernel-PnP","Device SWD\MMDEVAPI\{0.0.0.00000000}.{d6bc8428-cf65-48fe-a3ee-5284246b7d12} has been surprise removed as it is reported as missing on the bus.
Count of devices removed: 1"
"08-06-2026 16:23:17","1010","Information","Microsoft-Windows-Kernel-PnP","Device USB\VID_047F&PID_C058\EBFF498BA439F1488A177C405ACDFDF0 has been surprise removed as it is reported as missing on the bus.
Count of devices removed: 8"
"08-06-2026 16:18:01","1010","Information","Microsoft-Windows-Kernel-PnP","Device DISPLAY\DELA1B9\4&20b8d095&0&UID8263 has been surprise removed as it is reported as missing on the bus.
Count of devices removed: 1"
"08-06-2026 16:17:43","1010","Information","Microsoft-Windows-Kernel-PnP","Device INTELAUDIO\SGPC_FUNC_01&VEN_8086&DEV_281D&SUBSYS_80860101&REV_1000\5&32640736&0&0201DIF_000B&UIF_0000 has been surprise removed as it is reported as missing on the bus.
Count of devices removed: 3"
"08-06-2026 16:11:31","1010","Information","Microsoft-Windows-Kernel-PnP","Device DISPLAY\DELA1B9\4&20b8d095&0&UID8263 has been surprise removed as it is reported as missing on the bus.
Count of devices removed: 1"
"08-06-2026 16:10:21","1010","Information","Microsoft-Windows-Kernel-PnP","Device INTELAUDIO\SGPC_FUNC_01&VEN_8086&DEV_281D&SUBSYS_80860101&REV_1000\5&32640736&0&0201DIF_000B&UIF_0000 has been surprise removed as it is reported as missing on the bus.
Count of devices removed: 3"
"08-06-2026 15:25:16","1010","Information","Microsoft-Windows-Kernel-PnP","Device DISPLAY\DELA1B9\4&20b8d095&0&UID8263 has been surprise removed as it is reported as missing on the bus.
Count of devices removed: 1"
"08-06-2026 15:08:46","1010","Information","Microsoft-Windows-Kernel-PnP","Device INTELAUDIO\SGPC_FUNC_01&VEN_8086&DEV_281D&SUBSYS_80860101&REV_1000\5&32640736&0&0201DIF_000B&UIF_0000 has been surprise removed as it is reported as missing on the bus.
Count of devices removed: 3"
"08-06-2026 14:16:55","1010","Information","Microsoft-Windows-Kernel-PnP","Device DISPLAY\DELA1B9\4&20b8d095&0&UID8263 has been surprise removed as it is reported as missing on the bus.
Count of devices removed: 1"
"08-06-2026 13:34:04","1010","Information","Microsoft-Windows-Kernel-PnP","Device INTELAUDIO\SGPC_FUNC_01&VEN_8086&DEV_281D&SUBSYS_80860101&REV_1000\5&32640736&0&0201DIF_000B&UIF_0000 has been surprise removed as it is reported as missing on the bus.
Count of devices removed: 3"
"08-06-2026 12:23:38","1010","Information","Microsoft-Windows-Kernel-PnP","Device DISPLAY\DELA1B9\4&20b8d095&0&UID8263 has been surprise removed as it is reported as missing on the bus.
Count of devices removed: 1"
"08-06-2026 12:19:31","1010","Information","Microsoft-Windows-Kernel-PnP","Device INTELAUDIO\SGPC_FUNC_01&VEN_8086&DEV_281D&SUBSYS_80860101&REV_1000\5&32640736&0&0201DIF_000B&UIF_0000 has been surprise removed as it is reported as missing on the bus.
Count of devices removed: 3"
"08-06-2026 10:28:41","1010","Information","Microsoft-Windows-Kernel-PnP","Device DISPLAY\DELA1B9\4&20b8d095&0&UID8263 has been surprise removed as it is reported as missing on the bus.
Count of devices removed: 1"
"08-06-2026 10:21:41","1010","Information","Microsoft-Windows-Kernel-PnP","Device INTELAUDIO\SGPC_FUNC_01&VEN_8086&DEV_281D&SUBSYS_80860101&REV_1000\5&32640736&0&0201DIF_000B&UIF_0000 has been surprise removed as it is reported as missing on the bus.
Count of devices removed: 3"
"08-06-2026 10:06:51","1010","Information","Microsoft-Windows-Kernel-PnP","Device DISPLAY\DELA1B9\4&20b8d095&0&UID8263 has been surprise removed as it is reported as missing on the bus.
Count of devices removed: 1"
"08-06-2026 09:58:12","1010","Information","Microsoft-Windows-Kernel-PnP","Device INTELAUDIO\SGPC_FUNC_01&VEN_8086&DEV_281D&SUBSYS_80860101&REV_1000\5&32640736&0&0201DIF_000B&UIF_0000 has been surprise removed as it is reported as missing on the bus.
Count of devices removed: 3"
"08-06-2026 09:40:01","1010","Information","Microsoft-Windows-Kernel-PnP","Device ACPI\DLL0CE8\4&a107c53&0 has been surprise removed as it is reported as missing on the bus.
Count of devices removed: 1"
"08-06-2026 09:40:01","1010","Information","Microsoft-Windows-Kernel-PnP","Device ACPI\PNP0C0C\2&daba3ff&0 has been surprise removed as it is reported as missing on the bus.
Count of devices removed: 1"
"08-06-2026 09:39:34","1010","Information","Microsoft-Windows-Kernel-PnP","Device UMB\UMB\1&841921d&0&TERMINPUT_BUS has been surprise removed as it is reported as missing on the bus.
Count of devices removed: 1"
"08-06-2026 09:39:34","1010","Information","Microsoft-Windows-Kernel-PnP","Device SWD\MSRRAS\{5e259276-bc7e-40e3-b93b-8f89b5f3abc0} has been surprise removed as it is reported as missing on the bus.
Count of devices removed: 1"
