"05-08-2026 11:38:02","157","Information","Microsoft-Windows-AppxPackagingOM","The app package signature was validated for core content of the app package published by CN=Microsoft Corporation, O=Microsoft Corporation, L=Redmond, S=Washington, C=US. Payload won't be validated until the files are read."
"05-08-2026 11:38:01","170","Information","Microsoft-Windows-AppxPackagingOM","The streaming reader was created successfully for app package MicrosoftCorporationII.QuickAssist_2.0.47.0_neutral_split.scale-150_8wekyb3d8bbwe."
"05-08-2026 11:38:01","157","Information","Microsoft-Windows-AppxPackagingOM","The app package signature was validated for core content of the app package published by CN=Microsoft Corporation, O=Microsoft Corporation, L=Redmond, S=Washington, C=US. Payload won't be validated until the files are read."
"05-08-2026 11:38:00","170","Information","Microsoft-Windows-AppxPackagingOM","The streaming reader was created successfully for app package MicrosoftCorporationII.QuickAssist_2.0.47.0_x64__8wekyb3d8bbwe."
"05-08-2026 11:38:00","216","Warning","Microsoft-Windows-AppxPackagingOM","App manifest validation warning: Declared namespace http://schemas.microsoft.com/appx/manifest/desktop/windows10/7 is inapplicable, it will be ignored during manifest processing."
"05-08-2026 11:38:00","216","Warning","Microsoft-Windows-AppxPackagingOM","App manifest validation warning: Declared namespace http://schemas.microsoft.com/developer/appx/2015/build is inapplicable, it will be ignored during manifest processing."
"05-08-2026 11:38:00","157","Information","Microsoft-Windows-AppxPackagingOM","The app package signature was validated for core content of the app package published by CN=Microsoft Corporation, O=Microsoft Corporation, L=Redmond, S=Washington, C=US. Payload won't be validated until the files are read."
"05-08-2026 11:38:00","170","Information","Microsoft-Windows-AppxPackagingOM","The streaming reader was created successfully for app package Microsoft.People_10.2202.100.0_neutral_split.scale-100_8wekyb3d8bbwe."
"05-08-2026 11:38:00","157","Information","Microsoft-Windows-AppxPackagingOM","The app package signature was validated for core content of the app package published by CN=Microsoft Corporation, O=Microsoft Corporation, L=Redmond, S=Washington, C=US. Payload won't be validated until the files are read."
"05-08-2026 11:37:59","391","Information","Microsoft-Windows-AppxPackagingOM","The bundle streaming reader was created successfully for bundle MicrosoftCorporationII.QuickAssist_2026.219.226.0_neutral_~_8wekyb3d8bbwe."
"05-08-2026 11:37:59","164","Information","Microsoft-Windows-AppxPackagingOM","The app bundle signature was validated for core content of the app bundle published by CN=Microsoft Corporation, O=Microsoft Corporation, L=Redmond, S=Washington, C=US. App packages won't be validated until they are read."
"05-08-2026 11:37:59","170","Information","Microsoft-Windows-AppxPackagingOM","The streaming reader was created successfully for app package Microsoft.People_10.2202.100.0_neutral_split.scale-150_8wekyb3d8bbwe."
"05-08-2026 11:37:59","157","Information","Microsoft-Windows-AppxPackagingOM","The app package signature was validated for core content of the app package published by CN=Microsoft Corporation, O=Microsoft Corporation, L=Redmond, S=Washington, C=US. Payload won't be validated until the files are read."
"05-08-2026 11:37:58","170","Information","Microsoft-Windows-AppxPackagingOM","The streaming reader was created successfully for app package Microsoft.People_10.2202.100.0_x64__8wekyb3d8bbwe."
"05-08-2026 11:37:58","216","Warning","Microsoft-Windows-AppxPackagingOM","App manifest validation warning: Declared namespace http://schemas.microsoft.com/developer/appx/2015/build is inapplicable, it will be ignored during manifest processing."
"05-08-2026 11:37:58","157","Information","Microsoft-Windows-AppxPackagingOM","The app package signature was validated for core content of the app package published by CN=Microsoft Corporation, O=Microsoft Corporation, L=Redmond, S=Washington, C=US. Payload won't be validated until the files are read."
"05-08-2026 11:37:58","170","Information","Microsoft-Windows-AppxPackagingOM","The streaming reader was created successfully for app package Microsoft.MicrosoftStickyNotes_6.1.4.0_neutral_split.scale-100_8wekyb3d8bbwe."
"05-08-2026 11:37:57","157","Information","Microsoft-Windows-AppxPackagingOM","The app package signature was validated for core content of the app package published by CN=Microsoft Corporation, O=Microsoft Corporation, L=Redmond, S=Washington, C=US. Payload won't be validated until the files are read."
"05-08-2026 11:37:57","391","Information","Microsoft-Windows-AppxPackagingOM","The bundle streaming reader was created successfully for bundle Microsoft.People_2021.2202.100.0_neutral_~_8wekyb3d8bbwe."
"05-08-2026 11:37:57","164","Information","Microsoft-Windows-AppxPackagingOM","The app bundle signature was validated for core content of the app bundle published by CN=Microsoft Corporation, O=Microsoft Corporation, L=Redmond, S=Washington, C=US. App packages won't be validated until they are read."
"05-08-2026 11:37:57","170","Information","Microsoft-Windows-AppxPackagingOM","The streaming reader was created successfully for app package Microsoft.MicrosoftStickyNotes_6.1.4.0_neutral_split.scale-150_8wekyb3d8bbwe."
"05-08-2026 11:37:57","157","Information","Microsoft-Windows-AppxPackagingOM","The app package signature was validated for core content of the app package published by CN=Microsoft Corporation, O=Microsoft Corporation, L=Redmond, S=Washington, C=US. Payload won't be validated until the files are read."
"05-08-2026 11:37:56","170","Information","Microsoft-Windows-AppxPackagingOM","The streaming reader was created successfully for app package Microsoft.MicrosoftStickyNotes_6.1.4.0_x64__8wekyb3d8bbwe."
"05-08-2026 11:37:56","216","Warning","Microsoft-Windows-AppxPackagingOM","App manifest validation warning: Declared namespace http://schemas.microsoft.com/developer/appx/2015/build is inapplicable, it will be ignored during manifest processing."
"05-08-2026 11:37:55","157","Information","Microsoft-Windows-AppxPackagingOM","The app package signature was validated for core content of the app package published by CN=Microsoft Corporation, O=Microsoft Corporation, L=Redmond, S=Washington, C=US. Payload won't be validated until the files are read."
"05-08-2026 11:37:55","391","Information","Microsoft-Windows-AppxPackagingOM","The bundle streaming reader was created successfully for bundle Microsoft.MicrosoftStickyNotes_6.1.4.0_neutral_~_8wekyb3d8bbwe."
"05-08-2026 11:37:55","164","Information","Microsoft-Windows-AppxPackagingOM","The app bundle signature was validated for core content of the app bundle published by CN=Microsoft Corporation, O=Microsoft Corporation, L=Redmond, S=Washington, C=US. App packages won't be validated until they are read."
"05-08-2026 11:37:45","170","Information","Microsoft-Windows-AppxPackagingOM","The streaming reader was created successfully for app package AppUp.IntelGraphicsExperience_1.100.5688.0_neutral_split.scale-100_8j3eq9eme6ctt."
"05-08-2026 11:37:44","157","Information","Microsoft-Windows-AppxPackagingOM","The app package signature was validated for core content of the app package published by CN=EB51A5DA-0E72-4863-82E4-EA21C1F8DFE3. Payload won't be validated until the files are read."
"05-08-2026 11:37:44","170","Information","Microsoft-Windows-AppxPackagingOM","The streaming reader was created successfully for app package AppUp.IntelGraphicsExperience_1.100.5688.0_neutral_split.scale-150_8j3eq9eme6ctt."
"05-08-2026 11:37:44","170","Information","Microsoft-Windows-AppxPackagingOM","The streaming reader was created successfully for app package Microsoft.WindowsCalculator_11.2606.0.0_neutral_split.scale-100_8wekyb3d8bbwe."
"05-08-2026 11:37:44","157","Information","Microsoft-Windows-AppxPackagingOM","The app package signature was validated for core content of the app package published by CN=EB51A5DA-0E72-4863-82E4-EA21C1F8DFE3. Payload won't be validated until the files are read."
"05-08-2026 11:37:44","157","Information","Microsoft-Windows-AppxPackagingOM","The app package signature was validated for core content of the app package published by CN=Microsoft Corporation, O=Microsoft Corporation, L=Redmond, S=Washington, C=US. Payload won't be validated until the files are read."
"05-08-2026 11:37:43","170","Information","Microsoft-Windows-AppxPackagingOM","The streaming reader was created successfully for app package AppUp.IntelGraphicsExperience_1.100.5688.0_x64__8j3eq9eme6ctt."
"05-08-2026 11:37:43","216","Warning","Microsoft-Windows-AppxPackagingOM","App manifest validation warning: Declared namespace http://schemas.microsoft.com/developer/appx/2015/build is inapplicable, it will be ignored during manifest processing."
"05-08-2026 11:37:43","157","Information","Microsoft-Windows-AppxPackagingOM","The app package signature was validated for core content of the app package published by CN=EB51A5DA-0E72-4863-82E4-EA21C1F8DFE3. Payload won't be validated until the files are read."
"05-08-2026 11:37:43","170","Information","Microsoft-Windows-AppxPackagingOM","The streaming reader was created successfully for app package Microsoft.WindowsCalculator_11.2606.0.0_neutral_split.scale-150_8wekyb3d8bbwe."
"05-08-2026 11:37:43","157","Information","Microsoft-Windows-AppxPackagingOM","The app package signature was validated for core content of the app package published by CN=Microsoft Corporation, O=Microsoft Corporation, L=Redmond, S=Washington, C=US. Payload won't be validated until the files are read."
"05-08-2026 11:37:42","170","Information","Microsoft-Windows-AppxPackagingOM","The streaming reader was created successfully for app package Microsoft.WindowsCalculator_11.2606.0.0_x64__8wekyb3d8bbwe."
"05-08-2026 11:37:42","216","Warning","Microsoft-Windows-AppxPackagingOM","App manifest validation warning: Declared namespace http://schemas.microsoft.com/developer/appx/2015/build is inapplicable, it will be ignored during manifest processing."
"05-08-2026 11:37:42","391","Information","Microsoft-Windows-AppxPackagingOM","The bundle streaming reader was created successfully for bundle AppUp.IntelGraphicsExperience_1.100.5688.0_neutral_~_8j3eq9eme6ctt."
"05-08-2026 11:37:42","157","Information","Microsoft-Windows-AppxPackagingOM","The app package signature was validated for core content of the app package published by CN=Microsoft Corporation, O=Microsoft Corporation, L=Redmond, S=Washington, C=US. Payload won't be validated until the files are read."
"05-08-2026 11:37:42","164","Information","Microsoft-Windows-AppxPackagingOM","The app bundle signature was validated for core content of the app bundle published by CN=EB51A5DA-0E72-4863-82E4-EA21C1F8DFE3. App packages won't be validated until they are read."
"05-08-2026 11:37:41","391","Information","Microsoft-Windows-AppxPackagingOM","The bundle streaming reader was created successfully for bundle Microsoft.WindowsCalculator_2021.2606.0.0_neutral_~_8wekyb3d8bbwe."
"05-08-2026 11:37:41","164","Information","Microsoft-Windows-AppxPackagingOM","The app bundle signature was validated for core content of the app bundle published by CN=Microsoft Corporation, O=Microsoft Corporation, L=Redmond, S=Washington, C=US. App packages won't be validated until they are read."
"05-08-2026 11:08:30","216","Warning","Microsoft-Windows-AppxPackagingOM","App manifest validation warning: Declared namespace http://schemas.microsoft.com/developer/appx/2015/build is inapplicable, it will be ignored during manifest processing."
"05-08-2026 10:41:31","170","Information","Microsoft-Windows-AppxPackagingOM","The streaming reader was created successfully for app package Microsoft.WindowsAppRuntime.2_2.2.0.0_x86__8wekyb3d8bbwe."
"05-08-2026 10:41:31","157","Information","Microsoft-Windows-AppxPackagingOM","The app package signature was validated for core content of the app package published by CN=Microsoft Corporation, O=Microsoft Corporation, L=Redmond, S=Washington, C=US. Payload won't be validated until the files are read."
"05-08-2026 10:21:15","181","Information","Microsoft-Windows-AppxPackagingOM","The reader was created successfully without manifest validation."
"05-08-2026 10:21:15","181","Information","Microsoft-Windows-AppxPackagingOM","The reader was created successfully without manifest validation."
"05-08-2026 10:21:15","181","Information","Microsoft-Windows-AppxPackagingOM","The reader was created successfully without manifest validation."
"05-08-2026 10:21:15","181","Information","Microsoft-Windows-AppxPackagingOM","The reader was created successfully without manifest validation."
"05-08-2026 10:14:21","171","Information","Microsoft-Windows-AppxPackagingOM","The reader was created successfully for app package inputsuggestions_8.1002.26138.1_neutral_neutral_8wekyb3d8bbwe."
"05-08-2026 10:08:30","216","Warning","Microsoft-Windows-AppxPackagingOM","App manifest validation warning: Declared namespace http://schemas.microsoft.com/developer/appx/2015/build is inapplicable, it will be ignored during manifest processing."
"05-08-2026 09:48:34","171","Information","Microsoft-Windows-AppxPackagingOM","The reader was created successfully for app package Microsoft.SecHealthUI_1000.29628.1000.0_x64__8wekyb3d8bbwe."
"05-08-2026 09:40:29","170","Information","Microsoft-Windows-AppxPackagingOM","The streaming reader was created successfully for app package Microsoft.WindowsAppRuntime.2_2.2.0.0_x86__8wekyb3d8bbwe."
"05-08-2026 09:40:29","157","Information","Microsoft-Windows-AppxPackagingOM","The app package signature was validated for core content of the app package published by CN=Microsoft Corporation, O=Microsoft Corporation, L=Redmond, S=Washington, C=US. Payload won't be validated until the files are read."
"04-08-2026 19:08:04","216","Warning","Microsoft-Windows-AppxPackagingOM","App manifest validation warning: Declared namespace http://schemas.microsoft.com/developer/appx/2015/build is inapplicable, it will be ignored during manifest processing."
"04-08-2026 18:33:14","171","Information","Microsoft-Windows-AppxPackagingOM","The reader was created successfully for app package Microsoft.SecHealthUI_1000.29628.1000.0_x64__8wekyb3d8bbwe."
"04-08-2026 18:08:03","216","Warning","Microsoft-Windows-AppxPackagingOM","App manifest validation warning: Declared namespace http://schemas.microsoft.com/developer/appx/2015/build is inapplicable, it will be ignored during manifest processing."
"04-08-2026 17:52:03","171","Information","Microsoft-Windows-AppxPackagingOM","The reader was created successfully for app package Microsoft.SecHealthUI_1000.29628.1000.0_x64__8wekyb3d8bbwe."
"04-08-2026 17:27:55","171","Information","Microsoft-Windows-AppxPackagingOM","The reader was created successfully for app package Microsoft.SecHealthUI_1000.29628.1000.0_x64__8wekyb3d8bbwe."
"04-08-2026 17:08:39","171","Information","Microsoft-Windows-AppxPackagingOM","The reader was created successfully for app package Microsoft.SecHealthUI_1000.29628.1000.0_x64__8wekyb3d8bbwe."
"04-08-2026 17:08:03","216","Warning","Microsoft-Windows-AppxPackagingOM","App manifest validation warning: Declared namespace http://schemas.microsoft.com/developer/appx/2015/build is inapplicable, it will be ignored during manifest processing."
"04-08-2026 16:48:29","171","Information","Microsoft-Windows-AppxPackagingOM","The reader was created successfully for app package Microsoft.SecHealthUI_1000.29628.1000.0_x64__8wekyb3d8bbwe."
"04-08-2026 16:08:02","216","Warning","Microsoft-Windows-AppxPackagingOM","App manifest validation warning: Declared namespace http://schemas.microsoft.com/developer/appx/2015/build is inapplicable, it will be ignored during manifest processing."
"04-08-2026 15:26:37","171","Information","Microsoft-Windows-AppxPackagingOM","The reader was created successfully for app package Microsoft.SecHealthUI_1000.29628.1000.0_x64__8wekyb3d8bbwe."
"04-08-2026 15:08:02","216","Warning","Microsoft-Windows-AppxPackagingOM","App manifest validation warning: Declared namespace http://schemas.microsoft.com/developer/appx/2015/build is inapplicable, it will be ignored during manifest processing."
"04-08-2026 14:11:16","171","Information","Microsoft-Windows-AppxPackagingOM","The reader was created successfully for app package Microsoft.SecHealthUI_1000.29628.1000.0_x64__8wekyb3d8bbwe."
"04-08-2026 14:08:01","216","Warning","Microsoft-Windows-AppxPackagingOM","App manifest validation warning: Declared namespace http://schemas.microsoft.com/developer/appx/2015/build is inapplicable, it will be ignored during manifest processing."
"04-08-2026 13:08:01","216","Warning","Microsoft-Windows-AppxPackagingOM","App manifest validation warning: Declared namespace http://schemas.microsoft.com/developer/appx/2015/build is inapplicable, it will be ignored during manifest processing."
"04-08-2026 12:08:00","216","Warning","Microsoft-Windows-AppxPackagingOM","App manifest validation warning: Declared namespace http://schemas.microsoft.com/developer/appx/2015/build is inapplicable, it will be ignored during manifest processing."
"04-08-2026 11:44:24","171","Information","Microsoft-Windows-AppxPackagingOM","The reader was created successfully for app package Microsoft.SecHealthUI_1000.29628.1000.0_x64__8wekyb3d8bbwe."
"04-08-2026 11:08:00","216","Warning","Microsoft-Windows-AppxPackagingOM","App manifest validation warning: Declared namespace http://schemas.microsoft.com/developer/appx/2015/build is inapplicable, it will be ignored during manifest processing."
"04-08-2026 10:14:30","170","Information","Microsoft-Windows-AppxPackagingOM","The streaming reader was created successfully for app package MicrosoftCorporationII.QuickAssist_2.0.47.0_neutral_split.scale-100_8wekyb3d8bbwe."
"04-08-2026 10:14:29","157","Information","Microsoft-Windows-AppxPackagingOM","The app package signature was validated for core content of the app package published by CN=Microsoft Corporation, O=Microsoft Corporation, L=Redmond, S=Washington, C=US. Payload won't be validated until the files are read."
"04-08-2026 10:14:29","170","Information","Microsoft-Windows-AppxPackagingOM","The streaming reader was created successfully for app package MicrosoftCorporationII.QuickAssist_2.0.47.0_neutral_split.scale-150_8wekyb3d8bbwe."
"04-08-2026 10:14:29","157","Information","Microsoft-Windows-AppxPackagingOM","The app package signature was validated for core content of the app package published by CN=Microsoft Corporation, O=Microsoft Corporation, L=Redmond, S=Washington, C=US. Payload won't be validated until the files are read."
"04-08-2026 10:14:27","170","Information","Microsoft-Windows-AppxPackagingOM","The streaming reader was created successfully for app package MicrosoftCorporationII.QuickAssist_2.0.47.0_x64__8wekyb3d8bbwe."
"04-08-2026 10:14:27","216","Warning","Microsoft-Windows-AppxPackagingOM","App manifest validation warning: Declared namespace http://schemas.microsoft.com/appx/manifest/desktop/windows10/7 is inapplicable, it will be ignored during manifest processing."
"04-08-2026 10:14:27","216","Warning","Microsoft-Windows-AppxPackagingOM","App manifest validation warning: Declared namespace http://schemas.microsoft.com/developer/appx/2015/build is inapplicable, it will be ignored during manifest processing."
"04-08-2026 10:14:27","157","Information","Microsoft-Windows-AppxPackagingOM","The app package signature was validated for core content of the app package published by CN=Microsoft Corporation, O=Microsoft Corporation, L=Redmond, S=Washington, C=US. Payload won't be validated until the files are read."
"04-08-2026 10:14:26","391","Information","Microsoft-Windows-AppxPackagingOM","The bundle streaming reader was created successfully for bundle MicrosoftCorporationII.QuickAssist_2026.219.226.0_neutral_~_8wekyb3d8bbwe."
"04-08-2026 10:14:26","164","Information","Microsoft-Windows-AppxPackagingOM","The app bundle signature was validated for core content of the app bundle published by CN=Microsoft Corporation, O=Microsoft Corporation, L=Redmond, S=Washington, C=US. App packages won't be validated until they are read."
"04-08-2026 10:14:21","170","Information","Microsoft-Windows-AppxPackagingOM","The streaming reader was created successfully for app package Microsoft.MicrosoftStickyNotes_6.1.4.0_neutral_split.scale-100_8wekyb3d8bbwe."
"04-08-2026 10:14:21","157","Information","Microsoft-Windows-AppxPackagingOM","The app package signature was validated for core content of the app package published by CN=Microsoft Corporation, O=Microsoft Corporation, L=Redmond, S=Washington, C=US. Payload won't be validated until the files are read."
"04-08-2026 10:14:20","170","Information","Microsoft-Windows-AppxPackagingOM","The streaming reader was created successfully for app package Microsoft.MicrosoftStickyNotes_6.1.4.0_neutral_split.scale-150_8wekyb3d8bbwe."
"04-08-2026 10:14:20","157","Information","Microsoft-Windows-AppxPackagingOM","The app package signature was validated for core content of the app package published by CN=Microsoft Corporation, O=Microsoft Corporation, L=Redmond, S=Washington, C=US. Payload won't be validated until the files are read."
"04-08-2026 10:14:19","170","Information","Microsoft-Windows-AppxPackagingOM","The streaming reader was created successfully for app package Microsoft.MicrosoftStickyNotes_6.1.4.0_x64__8wekyb3d8bbwe."
"04-08-2026 10:14:19","216","Warning","Microsoft-Windows-AppxPackagingOM","App manifest validation warning: Declared namespace http://schemas.microsoft.com/developer/appx/2015/build is inapplicable, it will be ignored during manifest processing."
"04-08-2026 10:14:19","157","Information","Microsoft-Windows-AppxPackagingOM","The app package signature was validated for core content of the app package published by CN=Microsoft Corporation, O=Microsoft Corporation, L=Redmond, S=Washington, C=US. Payload won't be validated until the files are read."
"04-08-2026 10:14:18","391","Information","Microsoft-Windows-AppxPackagingOM","The bundle streaming reader was created successfully for bundle Microsoft.MicrosoftStickyNotes_6.1.4.0_neutral_~_8wekyb3d8bbwe."
"04-08-2026 10:14:18","164","Information","Microsoft-Windows-AppxPackagingOM","The app bundle signature was validated for core content of the app bundle published by CN=Microsoft Corporation, O=Microsoft Corporation, L=Redmond, S=Washington, C=US. App packages won't be validated until they are read."
"04-08-2026 10:14:07","170","Information","Microsoft-Windows-AppxPackagingOM","The streaming reader was created successfully for app package Microsoft.WindowsStore_22606.1401.12.0_x64__8wekyb3d8bbwe."
"04-08-2026 10:14:07","216","Warning","Microsoft-Windows-AppxPackagingOM","App manifest validation warning: Declared namespace http://schemas.microsoft.com/developer/appx/2015/build is inapplicable, it will be ignored during manifest processing."
"04-08-2026 10:14:07","157","Information","Microsoft-Windows-AppxPackagingOM","The app package signature was validated for core content of the app package published by CN=Microsoft Corporation, O=Microsoft Corporation, L=Redmond, S=Washington, C=US. Payload won't be validated until the files are read."
"04-08-2026 10:14:06","391","Information","Microsoft-Windows-AppxPackagingOM","The bundle streaming reader was created successfully for bundle Microsoft.WindowsStore_22606.1401.12.0_neutral_~_8wekyb3d8bbwe."
"04-08-2026 10:14:06","164","Information","Microsoft-Windows-AppxPackagingOM","The app bundle signature was validated for core content of the app bundle published by CN=Microsoft Corporation, O=Microsoft Corporation, L=Redmond, S=Washington, C=US. App packages won't be validated until they are read."
"04-08-2026 10:14:03","170","Information","Microsoft-Windows-AppxPackagingOM","The streaming reader was created successfully for app package AppUp.IntelGraphicsExperience_1.100.5688.0_neutral_split.scale-100_8j3eq9eme6ctt."
"04-08-2026 10:14:03","157","Information","Microsoft-Windows-AppxPackagingOM","The app package signature was validated for core content of the app package published by CN=EB51A5DA-0E72-4863-82E4-EA21C1F8DFE3. Payload won't be validated until the files are read."
"04-08-2026 10:13:58","170","Information","Microsoft-Windows-AppxPackagingOM","The streaming reader was created successfully for app package Microsoft.People_10.2202.100.0_neutral_split.scale-100_8wekyb3d8bbwe."
"04-08-2026 10:13:57","157","Information","Microsoft-Windows-AppxPackagingOM","The app package signature was validated for core content of the app package published by CN=Microsoft Corporation, O=Microsoft Corporation, L=Redmond, S=Washington, C=US. Payload won't be validated until the files are read."
"04-08-2026 10:13:57","170","Information","Microsoft-Windows-AppxPackagingOM","The streaming reader was created successfully for app package Microsoft.People_10.2202.100.0_neutral_split.scale-150_8wekyb3d8bbwe."
"04-08-2026 10:13:57","157","Information","Microsoft-Windows-AppxPackagingOM","The app package signature was validated for core content of the app package published by CN=Microsoft Corporation, O=Microsoft Corporation, L=Redmond, S=Washington, C=US. Payload won't be validated until the files are read."
"04-08-2026 10:13:56","170","Information","Microsoft-Windows-AppxPackagingOM","The streaming reader was created successfully for app package Microsoft.People_10.2202.100.0_x64__8wekyb3d8bbwe."
"04-08-2026 10:13:56","216","Warning","Microsoft-Windows-AppxPackagingOM","App manifest validation warning: Declared namespace http://schemas.microsoft.com/developer/appx/2015/build is inapplicable, it will be ignored during manifest processing."
"04-08-2026 10:13:56","157","Information","Microsoft-Windows-AppxPackagingOM","The app package signature was validated for core content of the app package published by CN=Microsoft Corporation, O=Microsoft Corporation, L=Redmond, S=Washington, C=US. Payload won't be validated until the files are read."
"04-08-2026 10:13:55","391","Information","Microsoft-Windows-AppxPackagingOM","The bundle streaming reader was created successfully for bundle Microsoft.People_2021.2202.100.0_neutral_~_8wekyb3d8bbwe."
"04-08-2026 10:13:55","164","Information","Microsoft-Windows-AppxPackagingOM","The app bundle signature was validated for core content of the app bundle published by CN=Microsoft Corporation, O=Microsoft Corporation, L=Redmond, S=Washington, C=US. App packages won't be validated until they are read."
"04-08-2026 10:13:55","170","Information","Microsoft-Windows-AppxPackagingOM","The streaming reader was created successfully for app package AppUp.IntelGraphicsExperience_1.100.5688.0_neutral_split.scale-150_8j3eq9eme6ctt."
"04-08-2026 10:13:54","157","Information","Microsoft-Windows-AppxPackagingOM","The app package signature was validated for core content of the app package published by CN=EB51A5DA-0E72-4863-82E4-EA21C1F8DFE3. Payload won't be validated until the files are read."
"04-08-2026 10:13:54","170","Information","Microsoft-Windows-AppxPackagingOM","The streaming reader was created successfully for app package AppUp.IntelGraphicsExperience_1.100.5688.0_x64__8j3eq9eme6ctt."
"04-08-2026 10:13:54","216","Warning","Microsoft-Windows-AppxPackagingOM","App manifest validation warning: Declared namespace http://schemas.microsoft.com/developer/appx/2015/build is inapplicable, it will be ignored during manifest processing."
"04-08-2026 10:13:54","157","Information","Microsoft-Windows-AppxPackagingOM","The app package signature was validated for core content of the app package published by CN=EB51A5DA-0E72-4863-82E4-EA21C1F8DFE3. Payload won't be validated until the files are read."
"04-08-2026 10:13:52","391","Information","Microsoft-Windows-AppxPackagingOM","The bundle streaming reader was created successfully for bundle AppUp.IntelGraphicsExperience_1.100.5688.0_neutral_~_8j3eq9eme6ctt."
"04-08-2026 10:13:52","164","Information","Microsoft-Windows-AppxPackagingOM","The app bundle signature was validated for core content of the app bundle published by CN=EB51A5DA-0E72-4863-82E4-EA21C1F8DFE3. App packages won't be validated until they are read."
"04-08-2026 10:07:59","216","Warning","Microsoft-Windows-AppxPackagingOM","App manifest validation warning: Declared namespace http://schemas.microsoft.com/developer/appx/2015/build is inapplicable, it will be ignored during manifest processing."
"04-08-2026 09:36:03","171","Information","Microsoft-Windows-AppxPackagingOM","The reader was created successfully for app package Microsoft.SecHealthUI_1000.29628.1000.0_x64__8wekyb3d8bbwe."
"03-08-2026 19:03:13","216","Warning","Microsoft-Windows-AppxPackagingOM","App manifest validation warning: Declared namespace http://schemas.microsoft.com/developer/appx/2015/build is inapplicable, it will be ignored during manifest processing."
"03-08-2026 18:21:31","171","Information","Microsoft-Windows-AppxPackagingOM","The reader was created successfully for app package Microsoft.SecHealthUI_1000.29628.1000.0_x64__8wekyb3d8bbwe."
"03-08-2026 17:45:00","171","Information","Microsoft-Windows-AppxPackagingOM","The reader was created successfully for app package Microsoft.SecHealthUI_1000.29628.1000.0_x64__8wekyb3d8bbwe."
"03-08-2026 17:27:40","216","Warning","Microsoft-Windows-AppxPackagingOM","App manifest validation warning: Declared namespace http://schemas.microsoft.com/developer/appx/2015/build is inapplicable, it will be ignored during manifest processing."
"03-08-2026 17:23:26","171","Information","Microsoft-Windows-AppxPackagingOM","The reader was created successfully for app package Microsoft.SecHealthUI_1000.29628.1000.0_x64__8wekyb3d8bbwe."
"03-08-2026 16:54:51","171","Information","Microsoft-Windows-AppxPackagingOM","The reader was created successfully for app package Microsoft.SecHealthUI_1000.29628.1000.0_x64__8wekyb3d8bbwe."
"03-08-2026 16:34:35","171","Information","Microsoft-Windows-AppxPackagingOM","The reader was created successfully for app package Microsoft.SecHealthUI_1000.29628.1000.0_x64__8wekyb3d8bbwe."
"03-08-2026 16:27:39","216","Warning","Microsoft-Windows-AppxPackagingOM","App manifest validation warning: Declared namespace http://schemas.microsoft.com/developer/appx/2015/build is inapplicable, it will be ignored during manifest processing."
"03-08-2026 16:16:07","171","Information","Microsoft-Windows-AppxPackagingOM","The reader was created successfully for app package Microsoft.SecHealthUI_1000.29628.1000.0_x64__8wekyb3d8bbwe."
"03-08-2026 15:54:33","171","Information","Microsoft-Windows-AppxPackagingOM","The reader was created successfully for app package Microsoft.SecHealthUI_1000.29628.1000.0_x64__8wekyb3d8bbwe."
"03-08-2026 15:27:39","216","Warning","Microsoft-Windows-AppxPackagingOM","App manifest validation warning: Declared namespace http://schemas.microsoft.com/developer/appx/2015/build is inapplicable, it will be ignored during manifest processing."
"03-08-2026 14:41:53","171","Information","Microsoft-Windows-AppxPackagingOM","The reader was created successfully for app package Microsoft.SecHealthUI_1000.29628.1000.0_x64__8wekyb3d8bbwe."
"03-08-2026 14:27:38","216","Warning","Microsoft-Windows-AppxPackagingOM","App manifest validation warning: Declared namespace http://schemas.microsoft.com/developer/appx/2015/build is inapplicable, it will be ignored during manifest processing."
"03-08-2026 14:20:49","171","Information","Microsoft-Windows-AppxPackagingOM","The reader was created successfully for app package Microsoft.SecHealthUI_1000.29628.1000.0_x64__8wekyb3d8bbwe."
"03-08-2026 13:27:38","216","Warning","Microsoft-Windows-AppxPackagingOM","App manifest validation warning: Declared namespace http://schemas.microsoft.com/developer/appx/2015/build is inapplicable, it will be ignored during manifest processing."
"03-08-2026 13:19:13","171","Information","Microsoft-Windows-AppxPackagingOM","The reader was created successfully for app package Microsoft.SecHealthUI_1000.29628.1000.0_x64__8wekyb3d8bbwe."
"03-08-2026 12:33:55","171","Information","Microsoft-Windows-AppxPackagingOM","The reader was created successfully for app package Microsoft.SecHealthUI_1000.29628.1000.0_x64__8wekyb3d8bbwe."
"03-08-2026 12:27:38","216","Warning","Microsoft-Windows-AppxPackagingOM","App manifest validation warning: Declared namespace http://schemas.microsoft.com/developer/appx/2015/build is inapplicable, it will be ignored during manifest processing."
"03-08-2026 11:27:37","216","Warning","Microsoft-Windows-AppxPackagingOM","App manifest validation warning: Declared namespace http://schemas.microsoft.com/developer/appx/2015/build is inapplicable, it will be ignored during manifest processing."
"03-08-2026 11:15:34","170","Information","Microsoft-Windows-AppxPackagingOM","The streaming reader was created successfully for app package Microsoft.MicrosoftEdge.Stable_151.0.4129.59_neutral__8wekyb3d8bbwe."
"03-08-2026 11:15:34","157","Information","Microsoft-Windows-AppxPackagingOM","The app package signature was validated for core content of the app package published by CN=Microsoft Corporation, O=Microsoft Corporation, L=Redmond, S=Washington, C=US. Payload won't be validated until the files are read."
"03-08-2026 11:04:40","171","Information","Microsoft-Windows-AppxPackagingOM","The reader was created successfully for app package Microsoft.SecHealthUI_1000.29628.1000.0_x64__8wekyb3d8bbwe."
"03-08-2026 10:27:30","216","Warning","Microsoft-Windows-AppxPackagingOM","App manifest validation warning: Declared namespace http://schemas.microsoft.com/developer/appx/2015/build is inapplicable, it will be ignored during manifest processing."
"03-08-2026 10:17:17","171","Information","Microsoft-Windows-AppxPackagingOM","The reader was created successfully for app package Microsoft.SecHealthUI_1000.29628.1000.0_x64__8wekyb3d8bbwe."
"03-08-2026 09:52:31","171","Information","Microsoft-Windows-AppxPackagingOM","The reader was created successfully for app package Microsoft.SecHealthUI_1000.29628.1000.0_x64__8wekyb3d8bbwe."
"03-08-2026 09:44:50","170","Information","Microsoft-Windows-AppxPackagingOM","The streaming reader was created successfully for app package MicrosoftWindows.Client.WebExperience_526.17301.80.0_x64__cw5n1h2txyewy."
"03-08-2026 09:44:50","157","Information","Microsoft-Windows-AppxPackagingOM","The app package signature was validated for core content of the app package published by CN=Microsoft Windows, O=Microsoft Corporation, L=Redmond, S=Washington, C=US. Payload won't be validated until the files are read."
"03-08-2026 09:44:48","170","Information","Microsoft-Windows-AppxPackagingOM","The streaming reader was created successfully for app package AppUp.IntelGraphicsExperience_1.100.5688.0_neutral_split.scale-100_8j3eq9eme6ctt."
"03-08-2026 09:44:48","157","Information","Microsoft-Windows-AppxPackagingOM","The app package signature was validated for core content of the app package published by CN=EB51A5DA-0E72-4863-82E4-EA21C1F8DFE3. Payload won't be validated until the files are read."
"03-08-2026 09:44:43","170","Information","Microsoft-Windows-AppxPackagingOM","The streaming reader was created successfully for app package MicrosoftCorporationII.QuickAssist_2.0.47.0_neutral_split.scale-100_8wekyb3d8bbwe."
"03-08-2026 09:44:43","157","Information","Microsoft-Windows-AppxPackagingOM","The app package signature was validated for core content of the app package published by CN=Microsoft Corporation, O=Microsoft Corporation, L=Redmond, S=Washington, C=US. Payload won't be validated until the files are read."
"03-08-2026 09:44:42","170","Information","Microsoft-Windows-AppxPackagingOM","The streaming reader was created successfully for app package MicrosoftCorporationII.QuickAssist_2.0.47.0_neutral_split.scale-150_8wekyb3d8bbwe."
"03-08-2026 09:44:42","157","Information","Microsoft-Windows-AppxPackagingOM","The app package signature was validated for core content of the app package published by CN=Microsoft Corporation, O=Microsoft Corporation, L=Redmond, S=Washington, C=US. Payload won't be validated until the files are read."
"03-08-2026 09:44:33","391","Information","Microsoft-Windows-AppxPackagingOM","The bundle streaming reader was created successfully for bundle MicrosoftWindows.Client.WebExperience_526.17301.80.0_neutral_~_cw5n1h2txyewy."
"03-08-2026 09:44:33","164","Information","Microsoft-Windows-AppxPackagingOM","The app bundle signature was validated for core content of the app bundle published by CN=Microsoft Windows, O=Microsoft Corporation, L=Redmond, S=Washington, C=US. App packages won't be validated until they are read."
"03-08-2026 09:44:25","170","Information","Microsoft-Windows-AppxPackagingOM","The streaming reader was created successfully for app package MicrosoftCorporationII.QuickAssist_2.0.47.0_x64__8wekyb3d8bbwe."
"03-08-2026 09:44:25","216","Warning","Microsoft-Windows-AppxPackagingOM","App manifest validation warning: Declared namespace http://schemas.microsoft.com/appx/manifest/desktop/windows10/7 is inapplicable, it will be ignored during manifest processing."
"03-08-2026 09:44:25","216","Warning","Microsoft-Windows-AppxPackagingOM","App manifest validation warning: Declared namespace http://schemas.microsoft.com/developer/appx/2015/build is inapplicable, it will be ignored during manifest processing."
"03-08-2026 09:44:25","157","Information","Microsoft-Windows-AppxPackagingOM","The app package signature was validated for core content of the app package published by CN=Microsoft Corporation, O=Microsoft Corporation, L=Redmond, S=Washington, C=US. Payload won't be validated until the files are read."
"03-08-2026 09:44:25","170","Information","Microsoft-Windows-AppxPackagingOM","The streaming reader was created successfully for app package AppUp.IntelGraphicsExperience_1.100.5688.0_neutral_split.scale-150_8j3eq9eme6ctt."
"03-08-2026 09:44:25","157","Information","Microsoft-Windows-AppxPackagingOM","The app package signature was validated for core content of the app package published by CN=EB51A5DA-0E72-4863-82E4-EA21C1F8DFE3. Payload won't be validated until the files are read."
"03-08-2026 09:44:24","391","Information","Microsoft-Windows-AppxPackagingOM","The bundle streaming reader was created successfully for bundle MicrosoftCorporationII.QuickAssist_2026.219.226.0_neutral_~_8wekyb3d8bbwe."
"03-08-2026 09:44:24","164","Information","Microsoft-Windows-AppxPackagingOM","The app bundle signature was validated for core content of the app bundle published by CN=Microsoft Corporation, O=Microsoft Corporation, L=Redmond, S=Washington, C=US. App packages won't be validated until they are read."
"03-08-2026 09:44:24","170","Information","Microsoft-Windows-AppxPackagingOM","The streaming reader was created successfully for app package AppUp.IntelGraphicsExperience_1.100.5688.0_x64__8j3eq9eme6ctt."
"03-08-2026 09:44:24","216","Warning","Microsoft-Windows-AppxPackagingOM","App manifest validation warning: Declared namespace http://schemas.microsoft.com/developer/appx/2015/build is inapplicable, it will be ignored during manifest processing."
"03-08-2026 09:44:24","157","Information","Microsoft-Windows-AppxPackagingOM","The app package signature was validated for core content of the app package published by CN=EB51A5DA-0E72-4863-82E4-EA21C1F8DFE3. Payload won't be validated until the files are read."
"03-08-2026 09:44:20","170","Information","Microsoft-Windows-AppxPackagingOM","The streaming reader was created successfully for app package Microsoft.MicrosoftStickyNotes_6.1.4.0_neutral_split.scale-100_8wekyb3d8bbwe."
"03-08-2026 09:44:20","157","Information","Microsoft-Windows-AppxPackagingOM","The app package signature was validated for core content of the app package published by CN=Microsoft Corporation, O=Microsoft Corporation, L=Redmond, S=Washington, C=US. Payload won't be validated until the files are read."
"03-08-2026 09:44:20","170","Information","Microsoft-Windows-AppxPackagingOM","The streaming reader was created successfully for app package Microsoft.MicrosoftStickyNotes_6.1.4.0_neutral_split.scale-150_8wekyb3d8bbwe."
"03-08-2026 09:44:19","157","Information","Microsoft-Windows-AppxPackagingOM","The app package signature was validated for core content of the app package published by CN=Microsoft Corporation, O=Microsoft Corporation, L=Redmond, S=Washington, C=US. Payload won't be validated until the files are read."
"03-08-2026 09:44:19","170","Information","Microsoft-Windows-AppxPackagingOM","The streaming reader was created successfully for app package Microsoft.MicrosoftStickyNotes_6.1.4.0_x64__8wekyb3d8bbwe."
"03-08-2026 09:44:19","216","Warning","Microsoft-Windows-AppxPackagingOM","App manifest validation warning: Declared namespace http://schemas.microsoft.com/developer/appx/2015/build is inapplicable, it will be ignored during manifest processing."
"03-08-2026 09:44:19","157","Information","Microsoft-Windows-AppxPackagingOM","The app package signature was validated for core content of the app package published by CN=Microsoft Corporation, O=Microsoft Corporation, L=Redmond, S=Washington, C=US. Payload won't be validated until the files are read."
"03-08-2026 09:44:18","391","Information","Microsoft-Windows-AppxPackagingOM","The bundle streaming reader was created successfully for bundle Microsoft.MicrosoftStickyNotes_6.1.4.0_neutral_~_8wekyb3d8bbwe."
"03-08-2026 09:44:18","164","Information","Microsoft-Windows-AppxPackagingOM","The app bundle signature was validated for core content of the app bundle published by CN=Microsoft Corporation, O=Microsoft Corporation, L=Redmond, S=Washington, C=US. App packages won't be validated until they are read."
"03-08-2026 09:44:15","170","Information","Microsoft-Windows-AppxPackagingOM","The streaming reader was created successfully for app package Microsoft.People_10.2202.100.0_neutral_split.scale-100_8wekyb3d8bbwe."
"03-08-2026 09:44:15","157","Information","Microsoft-Windows-AppxPackagingOM","The app package signature was validated for core content of the app package published by CN=Microsoft Corporation, O=Microsoft Corporation, L=Redmond, S=Washington, C=US. Payload won't be validated until the files are read."
"03-08-2026 09:44:14","170","Information","Microsoft-Windows-AppxPackagingOM","The streaming reader was created successfully for app package Microsoft.People_10.2202.100.0_neutral_split.scale-150_8wekyb3d8bbwe."
"03-08-2026 09:44:14","157","Information","Microsoft-Windows-AppxPackagingOM","The app package signature was validated for core content of the app package published by CN=Microsoft Corporation, O=Microsoft Corporation, L=Redmond, S=Washington, C=US. Payload won't be validated until the files are read."
"03-08-2026 09:44:14","170","Information","Microsoft-Windows-AppxPackagingOM","The streaming reader was created successfully for app package Microsoft.People_10.2202.100.0_x64__8wekyb3d8bbwe."
"03-08-2026 09:44:14","216","Warning","Microsoft-Windows-AppxPackagingOM","App manifest validation warning: Declared namespace http://schemas.microsoft.com/developer/appx/2015/build is inapplicable, it will be ignored during manifest processing."
"03-08-2026 09:44:14","157","Information","Microsoft-Windows-AppxPackagingOM","The app package signature was validated for core content of the app package published by CN=Microsoft Corporation, O=Microsoft Corporation, L=Redmond, S=Washington, C=US. Payload won't be validated until the files are read."
"03-08-2026 09:44:13","391","Information","Microsoft-Windows-AppxPackagingOM","The bundle streaming reader was created successfully for bundle Microsoft.People_2021.2202.100.0_neutral_~_8wekyb3d8bbwe."
"03-08-2026 09:44:13","164","Information","Microsoft-Windows-AppxPackagingOM","The app bundle signature was validated for core content of the app bundle published by CN=Microsoft Corporation, O=Microsoft Corporation, L=Redmond, S=Washington, C=US. App packages won't be validated until they are read."
"03-08-2026 09:44:12","391","Information","Microsoft-Windows-AppxPackagingOM","The bundle streaming reader was created successfully for bundle AppUp.IntelGraphicsExperience_1.100.5688.0_neutral_~_8j3eq9eme6ctt."
"03-08-2026 09:44:12","164","Information","Microsoft-Windows-AppxPackagingOM","The app bundle signature was validated for core content of the app bundle published by CN=EB51A5DA-0E72-4863-82E4-EA21C1F8DFE3. App packages won't be validated until they are read."
"03-08-2026 09:43:34","170","Information","Microsoft-Windows-AppxPackagingOM","The streaming reader was created successfully for app package Microsoft.WindowsAppRuntime.2_2.2.0.0_x86__8wekyb3d8bbwe."
"03-08-2026 09:43:34","157","Information","Microsoft-Windows-AppxPackagingOM","The app package signature was validated for core content of the app package published by CN=Microsoft Corporation, O=Microsoft Corporation, L=Redmond, S=Washington, C=US. Payload won't be validated until the files are read."
"03-08-2026 09:28:53","170","Information","Microsoft-Windows-AppxPackagingOM","The streaming reader was created successfully for app package Microsoft.OneDriveSync_26129.706.3.0_neutral__8wekyb3d8bbwe."
"03-08-2026 09:28:53","157","Information","Microsoft-Windows-AppxPackagingOM","The app package signature was validated for core content of the app package published by CN=Microsoft Corporation, O=Microsoft Corporation, L=Redmond, S=Washington, C=US. Payload won't be validated until the files are read."
"03-08-2026 09:27:41","171","Information","Microsoft-Windows-AppxPackagingOM","The reader was created successfully for app package Microsoft.SecHealthUI_1000.29628.1000.0_x64__8wekyb3d8bbwe."
"03-08-2026 09:27:12","171","Information","Microsoft-Windows-AppxPackagingOM","The reader was created successfully for app package inputsuggestions_8.1002.26138.1_neutral_neutral_8wekyb3d8bbwe."
"03-08-2026 09:26:49","171","Information","Microsoft-Windows-AppxPackagingOM","The reader was created successfully for app package inputsuggestions_8.1002.26138.1_neutral_neutral_8wekyb3d8bbwe."
"03-08-2026 09:26:11","170","Information","Microsoft-Windows-AppxPackagingOM","The streaming reader was created successfully for app package MdOdrMcpFilterPackage_1.0.0.0_neutral__cw5n1h2txyewy."
"03-08-2026 09:26:11","157","Information","Microsoft-Windows-AppxPackagingOM","The app package signature was validated for core content of the app package published by CN=Microsoft Windows, O=Microsoft Corporation, L=Redmond, S=Washington, C=US. Payload won't be validated until the files are read."
"31-07-2026 18:27:34","171","Information","Microsoft-Windows-AppxPackagingOM","The reader was created successfully for app package Microsoft.SecHealthUI_1000.29628.1000.0_x64__8wekyb3d8bbwe."
"31-07-2026 17:44:35","216","Warning","Microsoft-Windows-AppxPackagingOM","App manifest validation warning: Declared namespace http://schemas.microsoft.com/developer/appx/2015/build is inapplicable, it will be ignored during manifest processing."
"31-07-2026 16:44:34","216","Warning","Microsoft-Windows-AppxPackagingOM","App manifest validation warning: Declared namespace http://schemas.microsoft.com/developer/appx/2015/build is inapplicable, it will be ignored during manifest processing."
"31-07-2026 15:56:35","171","Information","Microsoft-Windows-AppxPackagingOM","The reader was created successfully for app package Microsoft.SecHealthUI_1000.29628.1000.0_x64__8wekyb3d8bbwe."
"31-07-2026 15:44:33","216","Warning","Microsoft-Windows-AppxPackagingOM","App manifest validation warning: Declared namespace http://schemas.microsoft.com/developer/appx/2015/build is inapplicable, it will be ignored during manifest processing."
"31-07-2026 15:13:24","171","Information","Microsoft-Windows-AppxPackagingOM","The reader was created successfully for app package Microsoft.SecHealthUI_1000.29628.1000.0_x64__8wekyb3d8bbwe."
"31-07-2026 14:56:29","171","Information","Microsoft-Windows-AppxPackagingOM","The reader was created successfully for app package Microsoft.SecHealthUI_1000.29628.1000.0_x64__8wekyb3d8bbwe."
"31-07-2026 14:44:33","216","Warning","Microsoft-Windows-AppxPackagingOM","App manifest validation warning: Declared namespace http://schemas.microsoft.com/developer/appx/2015/build is inapplicable, it will be ignored during manifest processing."
"31-07-2026 13:44:32","216","Warning","Microsoft-Windows-AppxPackagingOM","App manifest validation warning: Declared namespace http://schemas.microsoft.com/developer/appx/2015/build is inapplicable, it will be ignored during manifest processing."
"31-07-2026 13:30:12","171","Information","Microsoft-Windows-AppxPackagingOM","The reader was created successfully for app package Microsoft.SecHealthUI_1000.29628.1000.0_x64__8wekyb3d8bbwe."
"31-07-2026 12:44:32","216","Warning","Microsoft-Windows-AppxPackagingOM","App manifest validation warning: Declared namespace http://schemas.microsoft.com/developer/appx/2015/build is inapplicable, it will be ignored during manifest processing."
"31-07-2026 12:07:22","171","Information","Microsoft-Windows-AppxPackagingOM","The reader was created successfully for app package Microsoft.SecHealthUI_1000.29628.1000.0_x64__8wekyb3d8bbwe."
"31-07-2026 11:54:10","170","Information","Microsoft-Windows-AppxPackagingOM","The streaming reader was created successfully for app package Microsoft.MicrosoftOfficeHub_19.2607.58021.0_neutral_split.scale-100_8wekyb3d8bbwe."
"31-07-2026 11:54:10","157","Information","Microsoft-Windows-AppxPackagingOM","The app package signature was validated for core content of the app package published by CN=Microsoft Corporation, O=Microsoft Corporation, L=Redmond, S=Washington, C=US. Payload won't be validated until the files are read."
"31-07-2026 11:54:09","170","Information","Microsoft-Windows-AppxPackagingOM","The streaming reader was created successfully for app package Microsoft.MicrosoftOfficeHub_19.2607.58021.0_neutral_split.scale-150_8wekyb3d8bbwe."
