"TimeCreated","Id","LevelDisplayName","ProviderName","Message"
"19-08-2026 13:56:03","1004","Information","Microsoft-Windows-Wcmsvc","A Group Policy change was processed"
"19-08-2026 13:56:03","1004","Information","Microsoft-Windows-Wcmsvc","A Group Policy change was processed"
"19-08-2026 13:56:01","1004","Information","Microsoft-Windows-Wcmsvc","A Group Policy change was processed"
"19-08-2026 13:56:01","1004","Information","Microsoft-Windows-Wcmsvc","A Group Policy change was processed"
"19-08-2026 13:11:03","1004","Information","Microsoft-Windows-Wcmsvc","A Group Policy change was processed"
"19-08-2026 13:11:03","1004","Information","Microsoft-Windows-Wcmsvc","A Group Policy change was processed"
"19-08-2026 13:11:02","1004","Information","Microsoft-Windows-Wcmsvc","A Group Policy change was processed"
"19-08-2026 13:11:02","1004","Information","Microsoft-Windows-Wcmsvc","A Group Policy change was processed"
"19-08-2026 12:28:01","1005","Information","Microsoft-Windows-Wcmsvc","A Power change was processed. 

 Reason: Power status has changed"
"19-08-2026 11:37:38","1005","Information","Microsoft-Windows-Wcmsvc","A Power change was processed. 

 Reason: Power status has changed"
"19-08-2026 11:37:35","1005","Information","Microsoft-Windows-Wcmsvc","A Power change was processed. 

 Reason: Power status has changed"
"19-08-2026 11:07:16","1005","Information","Microsoft-Windows-Wcmsvc","A Power change was processed. 

 Reason: Power status has changed"
"19-08-2026 10:06:03","1004","Information","Microsoft-Windows-Wcmsvc","A Group Policy change was processed"
"19-08-2026 10:06:03","1004","Information","Microsoft-Windows-Wcmsvc","A Group Policy change was processed"
"19-08-2026 10:06:01","1004","Information","Microsoft-Windows-Wcmsvc","A Group Policy change was processed"
"19-08-2026 10:06:01","1004","Information","Microsoft-Windows-Wcmsvc","A Group Policy change was processed"
"19-08-2026 10:02:36","1004","Information","Microsoft-Windows-Wcmsvc","A Group Policy change was processed"
"19-08-2026 10:02:36","1004","Information","Microsoft-Windows-Wcmsvc","A Group Policy change was processed"
"19-08-2026 10:02:33","1004","Information","Microsoft-Windows-Wcmsvc","A Group Policy change was processed"
"19-08-2026 10:02:33","1004","Information","Microsoft-Windows-Wcmsvc","A Group Policy change was processed"
"19-08-2026 09:56:33","1005","Information","Microsoft-Windows-Wcmsvc","A Power change was processed. 

 Reason: Power status has changed"
"19-08-2026 09:56:33","1005","Information","Microsoft-Windows-Wcmsvc","A Power change was processed. 

 Reason: Operation is resuming automatically from a low-power state"
"19-08-2026 09:56:33","1005","Information","Microsoft-Windows-Wcmsvc","A Power change was processed. 

 Reason: A resume was triggered by user input"
"19-08-2026 00:26:10","1004","Information","Microsoft-Windows-Wcmsvc","A Group Policy change was processed"
"19-08-2026 00:26:10","1004","Information","Microsoft-Windows-Wcmsvc","A Group Policy change was processed"
"19-08-2026 00:26:09","1004","Information","Microsoft-Windows-Wcmsvc","A Group Policy change was processed"
"19-08-2026 00:26:09","1004","Information","Microsoft-Windows-Wcmsvc","A Group Policy change was processed"
"19-08-2026 00:26:03","1005","Information","Microsoft-Windows-Wcmsvc","A Power change was processed. 

 Reason: System is suspending operation"
"19-08-2026 00:26:02","1023","Information","Microsoft-Windows-Wcmsvc","WCM exited connected standby"
"19-08-2026 00:26:02","1015","Information","Microsoft-Windows-Wcmsvc","Interface Token Applied

Interface: {556d9bdf-d387-4ab9-be4c-a7e220faf218}
Media Type: Wlan
Manual enabled: true
Auto enabled: true"
"19-08-2026 00:26:02","1029","Information","Microsoft-Windows-Wcmsvc","WCM exited net quiet mode"
"18-08-2026 19:08:26","1028","Information","Microsoft-Windows-Wcmsvc","WCM entered net quiet mode"
"18-08-2026 19:08:25","1015","Information","Microsoft-Windows-Wcmsvc","Interface Token Applied

Interface: {556d9bdf-d387-4ab9-be4c-a7e220faf218}
Media Type: Wlan
Manual enabled: false
Auto enabled: false"
"18-08-2026 19:08:25","1029","Information","Microsoft-Windows-Wcmsvc","WCM exited net quiet mode"
"18-08-2026 19:06:23","1028","Information","Microsoft-Windows-Wcmsvc","WCM entered net quiet mode"
"18-08-2026 19:06:22","1022","Information","Microsoft-Windows-Wcmsvc","WCM entered connected standby"
"18-08-2026 19:06:22","1023","Information","Microsoft-Windows-Wcmsvc","WCM exited connected standby"
"18-08-2026 19:06:22","1029","Information","Microsoft-Windows-Wcmsvc","WCM exited net quiet mode"
"18-08-2026 19:06:13","1005","Information","Microsoft-Windows-Wcmsvc","A Power change was processed. 

 Reason: Power status has changed"
"18-08-2026 19:06:10","1028","Information","Microsoft-Windows-Wcmsvc","WCM entered net quiet mode"
"18-08-2026 19:06:09","1022","Information","Microsoft-Windows-Wcmsvc","WCM entered connected standby"
"18-08-2026 19:06:09","1023","Information","Microsoft-Windows-Wcmsvc","WCM exited connected standby"
"18-08-2026 19:06:09","1029","Information","Microsoft-Windows-Wcmsvc","WCM exited net quiet mode"
"18-08-2026 19:06:09","1028","Information","Microsoft-Windows-Wcmsvc","WCM entered net quiet mode"
"18-08-2026 19:06:08","1022","Information","Microsoft-Windows-Wcmsvc","WCM entered connected standby"
"18-08-2026 18:46:09","1004","Information","Microsoft-Windows-Wcmsvc","A Group Policy change was processed"
"18-08-2026 18:46:09","1004","Information","Microsoft-Windows-Wcmsvc","A Group Policy change was processed"
"18-08-2026 18:46:04","1004","Information","Microsoft-Windows-Wcmsvc","A Group Policy change was processed"
"18-08-2026 18:46:04","1004","Information","Microsoft-Windows-Wcmsvc","A Group Policy change was processed"
"18-08-2026 14:56:02","1004","Information","Microsoft-Windows-Wcmsvc","A Group Policy change was processed"
"18-08-2026 14:56:02","1004","Information","Microsoft-Windows-Wcmsvc","A Group Policy change was processed"
"18-08-2026 14:56:01","1004","Information","Microsoft-Windows-Wcmsvc","A Group Policy change was processed"
"18-08-2026 14:56:01","1004","Information","Microsoft-Windows-Wcmsvc","A Group Policy change was processed"
"18-08-2026 14:31:46","1004","Information","Microsoft-Windows-Wcmsvc","A Group Policy change was processed"
"18-08-2026 14:31:46","1004","Information","Microsoft-Windows-Wcmsvc","A Group Policy change was processed"
"18-08-2026 14:31:42","1004","Information","Microsoft-Windows-Wcmsvc","A Group Policy change was processed"
"18-08-2026 14:31:42","1004","Information","Microsoft-Windows-Wcmsvc","A Group Policy change was processed"
"18-08-2026 14:31:21","1006","Information","Microsoft-Windows-Wcmsvc","A Terminal Services session change was processed. 

 Reason: A user has logged on to the session"
"18-08-2026 14:30:57","1015","Information","Microsoft-Windows-Wcmsvc","Interface Token Applied

Interface: {556d9bdf-d387-4ab9-be4c-a7e220faf218}
Media Type: Wlan
Manual enabled: true
Auto enabled: true"
"18-08-2026 14:30:57","1009","Information","Microsoft-Windows-Wcmsvc","CDE reported an L2 adapter arrival 

 Interface: {556d9bdf-d387-4ab9-be4c-a7e220faf218} 

 Type: Wlan"
"18-08-2026 14:30:56","1003","Information","Microsoft-Windows-Wcmsvc","CDE reported a state change 

 State: Connected. Service is running. 

 Name: Wlansvc."
"18-08-2026 14:30:54","1009","Information","Microsoft-Windows-Wcmsvc","CDE reported an L2 adapter arrival 

 Interface: {50b111d2-408a-4661-81de-9197fee6662c} 

 Type: Ethernet."
"18-08-2026 14:30:54","1009","Information","Microsoft-Windows-Wcmsvc","CDE reported an L2 adapter arrival 

 Interface: {f3ee0e1e-4745-4f87-ae39-b7b48921c065} 

 Type: Ethernet."
"18-08-2026 14:30:54","1009","Information","Microsoft-Windows-Wcmsvc","CDE reported an L2 adapter arrival 

 Interface: {9dd2647c-6c78-4a23-b861-c580fdec2864} 

 Type: Ethernet."
"18-08-2026 14:30:54","10002","Information","Microsoft-Windows-Wcmsvc","WCMSVC: Complete WCM Service Startup"
"18-08-2026 14:30:54","1009","Information","Microsoft-Windows-Wcmsvc","CDE reported an L2 adapter arrival 

 Interface: {6a4487bf-5a41-42e8-893a-9749e37014c0} 

 Type: Ethernet."
"18-08-2026 14:30:54","1003","Information","Microsoft-Windows-Wcmsvc","CDE reported a state change 

 State: Disconnected. Service is not started. 

 Name: Wlansvc."
"18-08-2026 14:30:54","1003","Information","Microsoft-Windows-Wcmsvc","CDE reported a state change 

 State: Disconnected. Service is not started. 

 Name: Wwansvc."
"18-08-2026 14:30:54","10001","Information","Microsoft-Windows-Wcmsvc","WCMSVC: Start WCM Service Startup"
"18-08-2026 14:20:33","10004","Information","Microsoft-Windows-Wcmsvc","WCMSVC: Complete Service Shutdown"
"18-08-2026 14:20:33","10003","Information","Microsoft-Windows-Wcmsvc","WCMSVC: Start Service Shutdown"
"18-08-2026 14:20:16","1006","Information","Microsoft-Windows-Wcmsvc","A Terminal Services session change was processed. 

 Reason: A user has logged off the session"
"18-08-2026 13:12:58","1004","Information","Microsoft-Windows-Wcmsvc","A Group Policy change was processed"
"18-08-2026 13:12:58","1004","Information","Microsoft-Windows-Wcmsvc","A Group Policy change was processed"
"18-08-2026 13:12:53","1004","Information","Microsoft-Windows-Wcmsvc","A Group Policy change was processed"
"18-08-2026 13:12:53","1004","Information","Microsoft-Windows-Wcmsvc","A Group Policy change was processed"
"18-08-2026 13:12:52","1023","Information","Microsoft-Windows-Wcmsvc","WCM exited connected standby"
"18-08-2026 13:12:52","1029","Information","Microsoft-Windows-Wcmsvc","WCM exited net quiet mode"
"18-08-2026 13:07:45","1028","Information","Microsoft-Windows-Wcmsvc","WCM entered net quiet mode"
"18-08-2026 13:07:44","1022","Information","Microsoft-Windows-Wcmsvc","WCM entered connected standby"
"18-08-2026 13:07:36","1023","Information","Microsoft-Windows-Wcmsvc","WCM exited connected standby"
"18-08-2026 13:07:36","1029","Information","Microsoft-Windows-Wcmsvc","WCM exited net quiet mode"
"18-08-2026 13:07:06","1028","Information","Microsoft-Windows-Wcmsvc","WCM entered net quiet mode"
"18-08-2026 13:07:05","1022","Information","Microsoft-Windows-Wcmsvc","WCM entered connected standby"
"18-08-2026 13:07:05","1023","Information","Microsoft-Windows-Wcmsvc","WCM exited connected standby"
"18-08-2026 13:07:05","1029","Information","Microsoft-Windows-Wcmsvc","WCM exited net quiet mode"
"18-08-2026 13:07:05","1028","Information","Microsoft-Windows-Wcmsvc","WCM entered net quiet mode"
"18-08-2026 13:07:04","1022","Information","Microsoft-Windows-Wcmsvc","WCM entered connected standby"
"18-08-2026 11:06:05","1004","Information","Microsoft-Windows-Wcmsvc","A Group Policy change was processed"
"18-08-2026 11:06:05","1004","Information","Microsoft-Windows-Wcmsvc","A Group Policy change was processed"
"18-08-2026 11:06:01","1004","Information","Microsoft-Windows-Wcmsvc","A Group Policy change was processed"
"18-08-2026 11:06:01","1004","Information","Microsoft-Windows-Wcmsvc","A Group Policy change was processed"
"18-08-2026 10:40:23","1005","Information","Microsoft-Windows-Wcmsvc","A Power change was processed. 

 Reason: Power status has changed"
"18-08-2026 10:30:02","1004","Information","Microsoft-Windows-Wcmsvc","A Group Policy change was processed"
"18-08-2026 10:30:02","1004","Information","Microsoft-Windows-Wcmsvc","A Group Policy change was processed"
"18-08-2026 10:29:51","1004","Information","Microsoft-Windows-Wcmsvc","A Group Policy change was processed"
"18-08-2026 10:29:51","1004","Information","Microsoft-Windows-Wcmsvc","A Group Policy change was processed"
"18-08-2026 10:29:37","1006","Information","Microsoft-Windows-Wcmsvc","A Terminal Services session change was processed. 

 Reason: A user has logged on to the session"
"18-08-2026 10:29:02","1015","Information","Microsoft-Windows-Wcmsvc","Interface Token Applied

Interface: {556d9bdf-d387-4ab9-be4c-a7e220faf218}
Media Type: Wlan
Manual enabled: true
Auto enabled: true"
"18-08-2026 10:29:01","1009","Information","Microsoft-Windows-Wcmsvc","CDE reported an L2 adapter arrival 

 Interface: {556d9bdf-d387-4ab9-be4c-a7e220faf218} 

 Type: Wlan"
"18-08-2026 10:29:01","1003","Information","Microsoft-Windows-Wcmsvc","CDE reported a state change 

 State: Connected. Service is running. 

 Name: Wlansvc."
"18-08-2026 10:28:57","1009","Information","Microsoft-Windows-Wcmsvc","CDE reported an L2 adapter arrival 

 Interface: {50b111d2-408a-4661-81de-9197fee6662c} 

 Type: Ethernet."
"18-08-2026 10:28:57","1009","Information","Microsoft-Windows-Wcmsvc","CDE reported an L2 adapter arrival 

 Interface: {f3ee0e1e-4745-4f87-ae39-b7b48921c065} 

 Type: Ethernet."
"18-08-2026 10:28:57","1009","Information","Microsoft-Windows-Wcmsvc","CDE reported an L2 adapter arrival 

 Interface: {9dd2647c-6c78-4a23-b861-c580fdec2864} 

 Type: Ethernet."
"18-08-2026 10:28:57","10002","Information","Microsoft-Windows-Wcmsvc","WCMSVC: Complete WCM Service Startup"
"18-08-2026 10:28:57","1009","Information","Microsoft-Windows-Wcmsvc","CDE reported an L2 adapter arrival 

 Interface: {6a4487bf-5a41-42e8-893a-9749e37014c0} 

 Type: Ethernet."
"18-08-2026 10:28:57","1003","Information","Microsoft-Windows-Wcmsvc","CDE reported a state change 

 State: Disconnected. Service is not started. 

 Name: Wlansvc."
"18-08-2026 10:28:57","1003","Information","Microsoft-Windows-Wcmsvc","CDE reported a state change 

 State: Disconnected. Service is not started. 

 Name: Wwansvc."
"18-08-2026 10:28:56","10001","Information","Microsoft-Windows-Wcmsvc","WCMSVC: Start WCM Service Startup"
"18-08-2026 10:28:21","10004","Information","Microsoft-Windows-Wcmsvc","WCMSVC: Complete Service Shutdown"
"18-08-2026 10:28:20","10003","Information","Microsoft-Windows-Wcmsvc","WCMSVC: Start Service Shutdown"
"18-08-2026 10:28:03","1006","Information","Microsoft-Windows-Wcmsvc","A Terminal Services session change was processed. 

 Reason: A user has logged off the session"
"18-08-2026 09:46:52","1004","Information","Microsoft-Windows-Wcmsvc","A Group Policy change was processed"
"18-08-2026 09:46:52","1004","Information","Microsoft-Windows-Wcmsvc","A Group Policy change was processed"
"18-08-2026 09:46:48","1004","Information","Microsoft-Windows-Wcmsvc","A Group Policy change was processed"
"18-08-2026 09:46:48","1004","Information","Microsoft-Windows-Wcmsvc","A Group Policy change was processed"
"18-08-2026 09:44:03","1004","Information","Microsoft-Windows-Wcmsvc","A Group Policy change was processed"
"18-08-2026 09:44:03","1004","Information","Microsoft-Windows-Wcmsvc","A Group Policy change was processed"
"18-08-2026 09:42:18","1004","Information","Microsoft-Windows-Wcmsvc","A Group Policy change was processed"
"18-08-2026 09:42:18","1004","Information","Microsoft-Windows-Wcmsvc","A Group Policy change was processed"
"18-08-2026 09:40:50","1005","Information","Microsoft-Windows-Wcmsvc","A Power change was processed. 

 Reason: Power status has changed"
"18-08-2026 09:40:50","1005","Information","Microsoft-Windows-Wcmsvc","A Power change was processed. 

 Reason: Operation is resuming automatically from a low-power state"
"18-08-2026 09:40:50","1005","Information","Microsoft-Windows-Wcmsvc","A Power change was processed. 

 Reason: A resume was triggered by user input"
"18-08-2026 09:40:48","1005","Information","Microsoft-Windows-Wcmsvc","A Power change was processed. 

 Reason: Power status has changed"
"18-08-2026 06:22:47","1005","Information","Microsoft-Windows-Wcmsvc","A Power change was processed. 

 Reason: System is suspending operation"
"18-08-2026 06:22:46","1023","Information","Microsoft-Windows-Wcmsvc","WCM exited connected standby"
"18-08-2026 06:22:45","1015","Information","Microsoft-Windows-Wcmsvc","Interface Token Applied

Interface: {556d9bdf-d387-4ab9-be4c-a7e220faf218}
Media Type: Wlan
Manual enabled: true
Auto enabled: true"
"18-08-2026 06:22:45","1029","Information","Microsoft-Windows-Wcmsvc","WCM exited net quiet mode"
"17-08-2026 21:28:03","1028","Information","Microsoft-Windows-Wcmsvc","WCM entered net quiet mode"
"17-08-2026 21:28:02","1015","Information","Microsoft-Windows-Wcmsvc","Interface Token Applied

Interface: {556d9bdf-d387-4ab9-be4c-a7e220faf218}
Media Type: Wlan
Manual enabled: false
Auto enabled: false"
"17-08-2026 21:28:02","1029","Information","Microsoft-Windows-Wcmsvc","WCM exited net quiet mode"
"17-08-2026 21:28:00","1004","Information","Microsoft-Windows-Wcmsvc","A Group Policy change was processed"
"17-08-2026 21:28:00","1004","Information","Microsoft-Windows-Wcmsvc","A Group Policy change was processed"
"17-08-2026 21:08:15","1028","Information","Microsoft-Windows-Wcmsvc","WCM entered net quiet mode"
"17-08-2026 21:08:15","1022","Information","Microsoft-Windows-Wcmsvc","WCM entered connected standby"
"17-08-2026 21:08:14","1023","Information","Microsoft-Windows-Wcmsvc","WCM exited connected standby"
"17-08-2026 21:08:14","1029","Information","Microsoft-Windows-Wcmsvc","WCM exited net quiet mode"
"17-08-2026 21:08:14","1028","Information","Microsoft-Windows-Wcmsvc","WCM entered net quiet mode"
"17-08-2026 21:08:13","1022","Information","Microsoft-Windows-Wcmsvc","WCM entered connected standby"
"17-08-2026 20:07:54","1005","Information","Microsoft-Windows-Wcmsvc","A Power change was processed. 

 Reason: Power status has changed"
"17-08-2026 20:07:53","1005","Information","Microsoft-Windows-Wcmsvc","A Power change was processed. 

 Reason: Power status has changed"
"17-08-2026 19:46:05","1004","Information","Microsoft-Windows-Wcmsvc","A Group Policy change was processed"
"17-08-2026 19:46:05","1004","Information","Microsoft-Windows-Wcmsvc","A Group Policy change was processed"
"17-08-2026 19:46:01","1004","Information","Microsoft-Windows-Wcmsvc","A Group Policy change was processed"
"17-08-2026 19:46:01","1004","Information","Microsoft-Windows-Wcmsvc","A Group Policy change was processed"
"17-08-2026 19:11:12","1005","Information","Microsoft-Windows-Wcmsvc","A Power change was processed. 

 Reason: Power status has changed"
"17-08-2026 19:11:08","1005","Information","Microsoft-Windows-Wcmsvc","A Power change was processed. 

 Reason: Power status has changed"
"17-08-2026 16:56:14","1005","Information","Microsoft-Windows-Wcmsvc","A Power change was processed. 

 Reason: Power status has changed"
"17-08-2026 15:56:04","1004","Information","Microsoft-Windows-Wcmsvc","A Group Policy change was processed"
"17-08-2026 15:56:04","1004","Information","Microsoft-Windows-Wcmsvc","A Group Policy change was processed"
"17-08-2026 15:56:01","1004","Information","Microsoft-Windows-Wcmsvc","A Group Policy change was processed"
"17-08-2026 15:56:01","1004","Information","Microsoft-Windows-Wcmsvc","A Group Policy change was processed"
"17-08-2026 13:11:03","1004","Information","Microsoft-Windows-Wcmsvc","A Group Policy change was processed"
"17-08-2026 13:11:03","1004","Information","Microsoft-Windows-Wcmsvc","A Group Policy change was processed"
"17-08-2026 13:11:01","1004","Information","Microsoft-Windows-Wcmsvc","A Group Policy change was processed"
"17-08-2026 13:11:01","1004","Information","Microsoft-Windows-Wcmsvc","A Group Policy change was processed"
"17-08-2026 12:06:05","1004","Information","Microsoft-Windows-Wcmsvc","A Group Policy change was processed"
"17-08-2026 12:06:05","1004","Information","Microsoft-Windows-Wcmsvc","A Group Policy change was processed"
"17-08-2026 12:06:02","1004","Information","Microsoft-Windows-Wcmsvc","A Group Policy change was processed"
"17-08-2026 12:06:02","1004","Information","Microsoft-Windows-Wcmsvc","A Group Policy change was processed"
"17-08-2026 10:30:38","1005","Information","Microsoft-Windows-Wcmsvc","A Power change was processed. 

 Reason: Power status has changed"
"17-08-2026 09:42:42","1004","Information","Microsoft-Windows-Wcmsvc","A Group Policy change was processed"
"17-08-2026 09:42:42","1004","Information","Microsoft-Windows-Wcmsvc","A Group Policy change was processed"
"17-08-2026 09:42:36","1004","Information","Microsoft-Windows-Wcmsvc","A Group Policy change was processed"
"17-08-2026 09:42:36","1004","Information","Microsoft-Windows-Wcmsvc","A Group Policy change was processed"
"17-08-2026 09:36:38","1005","Information","Microsoft-Windows-Wcmsvc","A Power change was processed. 

 Reason: Power status has changed"
"17-08-2026 09:36:38","1005","Information","Microsoft-Windows-Wcmsvc","A Power change was processed. 

 Reason: Operation is resuming automatically from a low-power state"
"17-08-2026 09:36:37","1005","Information","Microsoft-Windows-Wcmsvc","A Power change was processed. 

 Reason: A resume was triggered by user input"
"15-08-2026 05:11:48","1004","Information","Microsoft-Windows-Wcmsvc","A Group Policy change was processed"
"15-08-2026 05:11:48","1004","Information","Microsoft-Windows-Wcmsvc","A Group Policy change was processed"
"15-08-2026 05:11:30","1005","Information","Microsoft-Windows-Wcmsvc","A Power change was processed. 

 Reason: System is suspending operation"
"15-08-2026 05:11:29","1023","Information","Microsoft-Windows-Wcmsvc","WCM exited connected standby"
"15-08-2026 05:11:29","1015","Information","Microsoft-Windows-Wcmsvc","Interface Token Applied

Interface: {556d9bdf-d387-4ab9-be4c-a7e220faf218}
Media Type: Wlan
Manual enabled: true
Auto enabled: true"
"15-08-2026 05:11:29","1029","Information","Microsoft-Windows-Wcmsvc","WCM exited net quiet mode"
"14-08-2026 20:08:46","1028","Information","Microsoft-Windows-Wcmsvc","WCM entered net quiet mode"
"14-08-2026 20:08:45","1015","Information","Microsoft-Windows-Wcmsvc","Interface Token Applied

Interface: {556d9bdf-d387-4ab9-be4c-a7e220faf218}
Media Type: Wlan
Manual enabled: false
Auto enabled: false"
"14-08-2026 20:08:45","1029","Information","Microsoft-Windows-Wcmsvc","WCM exited net quiet mode"
"14-08-2026 19:43:03","1028","Information","Microsoft-Windows-Wcmsvc","WCM entered net quiet mode"
"14-08-2026 19:43:02","1022","Information","Microsoft-Windows-Wcmsvc","WCM entered connected standby"
"14-08-2026 19:43:02","1023","Information","Microsoft-Windows-Wcmsvc","WCM exited connected standby"
"14-08-2026 19:43:02","1022","Information","Microsoft-Windows-Wcmsvc","WCM entered connected standby"
"14-08-2026 19:42:47","1005","Information","Microsoft-Windows-Wcmsvc","A Power change was processed. 

 Reason: Power status has changed"
"14-08-2026 18:56:04","1004","Information","Microsoft-Windows-Wcmsvc","A Group Policy change was processed"
"14-08-2026 18:56:04","1004","Information","Microsoft-Windows-Wcmsvc","A Group Policy change was processed"
"14-08-2026 18:56:01","1004","Information","Microsoft-Windows-Wcmsvc","A Group Policy change was processed"
"14-08-2026 18:56:01","1004","Information","Microsoft-Windows-Wcmsvc","A Group Policy change was processed"
"14-08-2026 15:06:04","1004","Information","Microsoft-Windows-Wcmsvc","A Group Policy change was processed"
"14-08-2026 15:06:04","1004","Information","Microsoft-Windows-Wcmsvc","A Group Policy change was processed"
"14-08-2026 15:06:01","1004","Information","Microsoft-Windows-Wcmsvc","A Group Policy change was processed"
"14-08-2026 15:06:01","1004","Information","Microsoft-Windows-Wcmsvc","A Group Policy change was processed"
"14-08-2026 13:28:38","1004","Information","Microsoft-Windows-Wcmsvc","A Group Policy change was processed"
"14-08-2026 13:28:38","1004","Information","Microsoft-Windows-Wcmsvc","A Group Policy change was processed"
"14-08-2026 13:28:32","1004","Information","Microsoft-Windows-Wcmsvc","A Group Policy change was processed"
"14-08-2026 13:28:32","1004","Information","Microsoft-Windows-Wcmsvc","A Group Policy change was processed"
"14-08-2026 13:28:31","1004","Information","Microsoft-Windows-Wcmsvc","A Group Policy change was processed"
"14-08-2026 13:28:31","1004","Information","Microsoft-Windows-Wcmsvc","A Group Policy change was processed"
"14-08-2026 13:28:27","1004","Information","Microsoft-Windows-Wcmsvc","A Group Policy change was processed"
"14-08-2026 13:28:27","1004","Information","Microsoft-Windows-Wcmsvc","A Group Policy change was processed"
"14-08-2026 13:22:30","1005","Information","Microsoft-Windows-Wcmsvc","A Power change was processed. 

 Reason: Power status has changed"
"14-08-2026 13:22:29","1005","Information","Microsoft-Windows-Wcmsvc","A Power change was processed. 

 Reason: Operation is resuming automatically from a low-power state"
"14-08-2026 13:22:29","1005","Information","Microsoft-Windows-Wcmsvc","A Power change was processed. 

 Reason: A resume was triggered by user input"
"14-08-2026 04:14:41","1004","Information","Microsoft-Windows-Wcmsvc","A Group Policy change was processed"
"14-08-2026 04:14:41","1004","Information","Microsoft-Windows-Wcmsvc","A Group Policy change was processed"
"14-08-2026 04:14:18","1005","Information","Microsoft-Windows-Wcmsvc","A Power change was processed. 

 Reason: System is suspending operation"
"14-08-2026 04:14:16","1023","Information","Microsoft-Windows-Wcmsvc","WCM exited connected standby"
"14-08-2026 04:14:16","1015","Information","Microsoft-Windows-Wcmsvc","Interface Token Applied

Interface: {556d9bdf-d387-4ab9-be4c-a7e220faf218}
Media Type: Wlan
Manual enabled: true
Auto enabled: true"
"14-08-2026 04:14:16","1029","Information","Microsoft-Windows-Wcmsvc","WCM exited net quiet mode"
"13-08-2026 19:10:03","1028","Information","Microsoft-Windows-Wcmsvc","WCM entered net quiet mode"
"13-08-2026 19:10:02","1015","Information","Microsoft-Windows-Wcmsvc","Interface Token Applied

Interface: {556d9bdf-d387-4ab9-be4c-a7e220faf218}
Media Type: Wlan
Manual enabled: false
Auto enabled: false"
"13-08-2026 19:10:02","1029","Information","Microsoft-Windows-Wcmsvc","WCM exited net quiet mode"
"13-08-2026 18:37:18","1028","Information","Microsoft-Windows-Wcmsvc","WCM entered net quiet mode"
"13-08-2026 18:37:17","1022","Information","Microsoft-Windows-Wcmsvc","WCM entered connected standby"
"13-08-2026 18:37:17","1023","Information","Microsoft-Windows-Wcmsvc","WCM exited connected standby"
"13-08-2026 18:37:17","1029","Information","Microsoft-Windows-Wcmsvc","WCM exited net quiet mode"
"13-08-2026 18:37:05","1028","Information","Microsoft-Windows-Wcmsvc","WCM entered net quiet mode"
"13-08-2026 18:37:04","1022","Information","Microsoft-Windows-Wcmsvc","WCM entered connected standby"
"13-08-2026 18:37:04","1023","Information","Microsoft-Windows-Wcmsvc","WCM exited connected standby"
"13-08-2026 18:37:04","1029","Information","Microsoft-Windows-Wcmsvc","WCM exited net quiet mode"
"13-08-2026 18:37:04","1028","Information","Microsoft-Windows-Wcmsvc","WCM entered net quiet mode"
"13-08-2026 18:37:03","1022","Information","Microsoft-Windows-Wcmsvc","WCM entered connected standby"
"13-08-2026 18:36:53","1005","Information","Microsoft-Windows-Wcmsvc","A Power change was processed. 

 Reason: Power status has changed"
"13-08-2026 16:06:04","1004","Information","Microsoft-Windows-Wcmsvc","A Group Policy change was processed"
"13-08-2026 16:06:04","1004","Information","Microsoft-Windows-Wcmsvc","A Group Policy change was processed"
"13-08-2026 16:06:02","1004","Information","Microsoft-Windows-Wcmsvc","A Group Policy change was processed"
"13-08-2026 16:06:02","1004","Information","Microsoft-Windows-Wcmsvc","A Group Policy change was processed"
"13-08-2026 13:11:03","1004","Information","Microsoft-Windows-Wcmsvc","A Group Policy change was processed"
"13-08-2026 13:11:03","1004","Information","Microsoft-Windows-Wcmsvc","A Group Policy change was processed"
"13-08-2026 13:11:01","1004","Information","Microsoft-Windows-Wcmsvc","A Group Policy change was processed"
"13-08-2026 13:11:01","1004","Information","Microsoft-Windows-Wcmsvc","A Group Policy change was processed"
"13-08-2026 13:06:28","1005","Information","Microsoft-Windows-Wcmsvc","A Power change was processed. 

 Reason: Power status has changed"
"13-08-2026 12:29:26","1005","Information","Microsoft-Windows-Wcmsvc","A Power change was processed. 

 Reason: Power status has changed"
"13-08-2026 12:29:23","1005","Information","Microsoft-Windows-Wcmsvc","A Power change was processed. 

 Reason: Power status has changed"
"13-08-2026 12:16:03","1004","Information","Microsoft-Windows-Wcmsvc","A Group Policy change was processed"
"13-08-2026 12:16:03","1004","Information","Microsoft-Windows-Wcmsvc","A Group Policy change was processed"
"13-08-2026 12:16:02","1004","Information","Microsoft-Windows-Wcmsvc","A Group Policy change was processed"
"13-08-2026 12:16:02","1004","Information","Microsoft-Windows-Wcmsvc","A Group Policy change was processed"
"13-08-2026 11:56:06","1005","Information","Microsoft-Windows-Wcmsvc","A Power change was processed. 

 Reason: Power status has changed"
"13-08-2026 10:48:02","1005","Information","Microsoft-Windows-Wcmsvc","A Power change was processed. 

 Reason: Power status has changed"
"13-08-2026 09:19:35","1004","Information","Microsoft-Windows-Wcmsvc","A Group Policy change was processed"
"13-08-2026 09:19:35","1004","Information","Microsoft-Windows-Wcmsvc","A Group Policy change was processed"
"13-08-2026 09:19:33","1004","Information","Microsoft-Windows-Wcmsvc","A Group Policy change was processed"
"13-08-2026 09:19:33","1004","Information","Microsoft-Windows-Wcmsvc","A Group Policy change was processed"
"13-08-2026 09:13:52","1009","Information","Microsoft-Windows-Wcmsvc","CDE reported an L2 adapter arrival 

 Interface: {556d9bdf-d387-4ab9-be4c-a7e220faf218} 

 Type: Wlan"
"13-08-2026 09:13:50","1010","Information","Microsoft-Windows-Wcmsvc","CDE reported an L2 adapter removal 

 Interface: {556d9bdf-d387-4ab9-be4c-a7e220faf218} 

 Type: Wlan"
"13-08-2026 09:13:35","1005","Information","Microsoft-Windows-Wcmsvc","A Power change was processed. 

 Reason: Power status has changed"
"13-08-2026 09:13:34","1005","Information","Microsoft-Windows-Wcmsvc","A Power change was processed. 

 Reason: A resume was triggered by user input"
"13-08-2026 09:13:34","1005","Information","Microsoft-Windows-Wcmsvc","A Power change was processed. 

 Reason: Operation is resuming automatically from a low-power state"
"13-08-2026 09:13:34","1005","Information","Microsoft-Windows-Wcmsvc","A Power change was processed. 

 Reason: Power status has changed"
"13-08-2026 05:30:26","1004","Information","Microsoft-Windows-Wcmsvc","A Group Policy change was processed"
"13-08-2026 05:30:26","1004","Information","Microsoft-Windows-Wcmsvc","A Group Policy change was processed"
"13-08-2026 05:30:25","1004","Information","Microsoft-Windows-Wcmsvc","A Group Policy change was processed"
"13-08-2026 05:30:25","1004","Information","Microsoft-Windows-Wcmsvc","A Group Policy change was processed"
"13-08-2026 05:30:24","1004","Information","Microsoft-Windows-Wcmsvc","A Group Policy change was processed"
"13-08-2026 05:30:24","1004","Information","Microsoft-Windows-Wcmsvc","A Group Policy change was processed"
"13-08-2026 05:30:18","1005","Information","Microsoft-Windows-Wcmsvc","A Power change was processed. 

 Reason: System is suspending operation"
"13-08-2026 05:30:17","1023","Information","Microsoft-Windows-Wcmsvc","WCM exited connected standby"
"13-08-2026 05:30:17","1015","Information","Microsoft-Windows-Wcmsvc","Interface Token Applied

Interface: {556d9bdf-d387-4ab9-be4c-a7e220faf218}
Media Type: Wlan
Manual enabled: true
Auto enabled: true"
"13-08-2026 05:30:17","1029","Information","Microsoft-Windows-Wcmsvc","WCM exited net quiet mode"
"12-08-2026 21:16:18","1028","Information","Microsoft-Windows-Wcmsvc","WCM entered net quiet mode"
"12-08-2026 21:16:18","1004","Information","Microsoft-Windows-Wcmsvc","A Group Policy change was processed"
"12-08-2026 21:16:18","1004","Information","Microsoft-Windows-Wcmsvc","A Group Policy change was processed"
"12-08-2026 21:16:17","1015","Information","Microsoft-Windows-Wcmsvc","Interface Token Applied

Interface: {556d9bdf-d387-4ab9-be4c-a7e220faf218}
Media Type: Wlan
Manual enabled: false
Auto enabled: false"
"12-08-2026 21:16:17","1029","Information","Microsoft-Windows-Wcmsvc","WCM exited net quiet mode"
"12-08-2026 21:16:14","1004","Information","Microsoft-Windows-Wcmsvc","A Group Policy change was processed"
"12-08-2026 21:16:14","1004","Information","Microsoft-Windows-Wcmsvc","A Group Policy change was processed"
"12-08-2026 20:24:48","1028","Information","Microsoft-Windows-Wcmsvc","WCM entered net quiet mode"
"12-08-2026 20:24:47","1022","Information","Microsoft-Windows-Wcmsvc","WCM entered connected standby"
"12-08-2026 20:24:47","1023","Information","Microsoft-Windows-Wcmsvc","WCM exited connected standby"
"12-08-2026 20:24:47","1029","Information","Microsoft-Windows-Wcmsvc","WCM exited net quiet mode"
"12-08-2026 20:24:47","1028","Information","Microsoft-Windows-Wcmsvc","WCM entered net quiet mode"
"12-08-2026 20:24:45","1022","Information","Microsoft-Windows-Wcmsvc","WCM entered connected standby"
"12-08-2026 18:56:00","1005","Information","Microsoft-Windows-Wcmsvc","A Power change was processed. 

 Reason: Power status has changed"
"12-08-2026 18:55:59","1005","Information","Microsoft-Windows-Wcmsvc","A Power change was processed. 

 Reason: Power status has changed"
"12-08-2026 18:40:18","1005","Information","Microsoft-Windows-Wcmsvc","A Power change was processed. 

 Reason: Power status has changed"
"12-08-2026 18:40:14","1005","Information","Microsoft-Windows-Wcmsvc","A Power change was processed. 

 Reason: Power status has changed"
"12-08-2026 18:38:38","1005","Information","Microsoft-Windows-Wcmsvc","A Power change was processed. 

 Reason: Power status has changed"
"12-08-2026 18:38:37","1005","Information","Microsoft-Windows-Wcmsvc","A Power change was processed. 

 Reason: Power status has changed"
"12-08-2026 18:35:13","1005","Information","Microsoft-Windows-Wcmsvc","A Power change was processed. 

 Reason: Power status has changed"
"12-08-2026 18:35:10","1005","Information","Microsoft-Windows-Wcmsvc","A Power change was processed. 

 Reason: Power status has changed"
"12-08-2026 17:06:04","1004","Information","Microsoft-Windows-Wcmsvc","A Group Policy change was processed"
"12-08-2026 17:06:04","1004","Information","Microsoft-Windows-Wcmsvc","A Group Policy change was processed"
"12-08-2026 17:06:02","1004","Information","Microsoft-Windows-Wcmsvc","A Group Policy change was processed"
"12-08-2026 17:06:02","1004","Information","Microsoft-Windows-Wcmsvc","A Group Policy change was processed"
"12-08-2026 13:16:03","1004","Information","Microsoft-Windows-Wcmsvc","A Group Policy change was processed"
"12-08-2026 13:16:03","1004","Information","Microsoft-Windows-Wcmsvc","A Group Policy change was processed"
"12-08-2026 13:16:02","1004","Information","Microsoft-Windows-Wcmsvc","A Group Policy change was processed"
"12-08-2026 13:16:02","1004","Information","Microsoft-Windows-Wcmsvc","A Group Policy change was processed"
"12-08-2026 13:11:03","1004","Information","Microsoft-Windows-Wcmsvc","A Group Policy change was processed"
"12-08-2026 13:11:03","1004","Information","Microsoft-Windows-Wcmsvc","A Group Policy change was processed"
"12-08-2026 13:11:02","1004","Information","Microsoft-Windows-Wcmsvc","A Group Policy change was processed"
"12-08-2026 13:11:02","1004","Information","Microsoft-Windows-Wcmsvc","A Group Policy change was processed"
"12-08-2026 12:52:35","1005","Information","Microsoft-Windows-Wcmsvc","A Power change was processed. 

 Reason: Power status has changed"
"12-08-2026 12:00:33","1005","Information","Microsoft-Windows-Wcmsvc","A Power change was processed. 

 Reason: Power status has changed"
"12-08-2026 10:24:40","1005","Information","Microsoft-Windows-Wcmsvc","A Power change was processed. 

 Reason: Power status has changed"
"12-08-2026 10:24:36","1005","Information","Microsoft-Windows-Wcmsvc","A Power change was processed. 

 Reason: Power status has changed"
"12-08-2026 09:26:03","1004","Information","Microsoft-Windows-Wcmsvc","A Group Policy change was processed"
"12-08-2026 09:26:03","1004","Information","Microsoft-Windows-Wcmsvc","A Group Policy change was processed"
"12-08-2026 09:26:02","1004","Information","Microsoft-Windows-Wcmsvc","A Group Policy change was processed"
"12-08-2026 09:26:02","1004","Information","Microsoft-Windows-Wcmsvc","A Group Policy change was processed"
"12-08-2026 09:22:41","1005","Information","Microsoft-Windows-Wcmsvc","A Power change was processed. 

 Reason: Power status has changed"
"12-08-2026 08:55:42","1004","Information","Microsoft-Windows-Wcmsvc","A Group Policy change was processed"
"12-08-2026 08:55:42","1004","Information","Microsoft-Windows-Wcmsvc","A Group Policy change was processed"
"12-08-2026 08:55:28","1004","Information","Microsoft-Windows-Wcmsvc","A Group Policy change was processed"
"12-08-2026 08:55:28","1004","Information","Microsoft-Windows-Wcmsvc","A Group Policy change was processed"
"12-08-2026 08:55:19","1023","Information","Microsoft-Windows-Wcmsvc","WCM exited connected standby"
"12-08-2026 08:55:19","1029","Information","Microsoft-Windows-Wcmsvc","WCM exited net quiet mode"
"12-08-2026 03:29:20","1028","Information","Microsoft-Windows-Wcmsvc","WCM entered net quiet mode"
"12-08-2026 03:29:19","1022","Information","Microsoft-Windows-Wcmsvc","WCM entered connected standby"
"12-08-2026 03:27:35","1004","Information","Microsoft-Windows-Wcmsvc","A Group Policy change was processed"
"12-08-2026 03:27:35","1004","Information","Microsoft-Windows-Wcmsvc","A Group Policy change was processed"
"12-08-2026 03:27:17","1023","Information","Microsoft-Windows-Wcmsvc","WCM exited connected standby"
"12-08-2026 03:27:17","1029","Information","Microsoft-Windows-Wcmsvc","WCM exited net quiet mode"
"11-08-2026 23:34:22","1004","Information","Microsoft-Windows-Wcmsvc","A Group Policy change was processed"
"11-08-2026 23:34:22","1004","Information","Microsoft-Windows-Wcmsvc","A Group Policy change was processed"
"11-08-2026 19:04:34","1028","Information","Microsoft-Windows-Wcmsvc","WCM entered net quiet mode"
"11-08-2026 19:04:33","1022","Information","Microsoft-Windows-Wcmsvc","WCM entered connected standby"
"11-08-2026 19:04:33","1023","Information","Microsoft-Windows-Wcmsvc","WCM exited connected standby"
"11-08-2026 19:04:33","1029","Information","Microsoft-Windows-Wcmsvc","WCM exited net quiet mode"
"11-08-2026 19:04:33","1028","Information","Microsoft-Windows-Wcmsvc","WCM entered net quiet mode"
"11-08-2026 19:04:32","1022","Information","Microsoft-Windows-Wcmsvc","WCM entered connected standby"
"11-08-2026 19:02:12","1023","Information","Microsoft-Windows-Wcmsvc","WCM exited connected standby"
"11-08-2026 19:02:12","1029","Information","Microsoft-Windows-Wcmsvc","WCM exited net quiet mode"
"11-08-2026 18:34:31","1028","Information","Microsoft-Windows-Wcmsvc","WCM entered net quiet mode"
"11-08-2026 18:34:31","1022","Information","Microsoft-Windows-Wcmsvc","WCM entered connected standby"
"11-08-2026 18:34:30","1023","Information","Microsoft-Windows-Wcmsvc","WCM exited connected standby"
"11-08-2026 18:34:30","1029","Information","Microsoft-Windows-Wcmsvc","WCM exited net quiet mode"
"11-08-2026 18:34:30","1028","Information","Microsoft-Windows-Wcmsvc","WCM entered net quiet mode"
"11-08-2026 18:34:29","1022","Information","Microsoft-Windows-Wcmsvc","WCM entered connected standby"
"11-08-2026 18:06:03","1004","Information","Microsoft-Windows-Wcmsvc","A Group Policy change was processed"
"11-08-2026 18:06:03","1004","Information","Microsoft-Windows-Wcmsvc","A Group Policy change was processed"
"11-08-2026 18:06:01","1004","Information","Microsoft-Windows-Wcmsvc","A Group Policy change was processed"
"11-08-2026 18:06:01","1004","Information","Microsoft-Windows-Wcmsvc","A Group Policy change was processed"
"11-08-2026 17:34:20","1005","Information","Microsoft-Windows-Wcmsvc","A Power change was processed. 

 Reason: Power status has changed"
"11-08-2026 17:34:17","1005","Information","Microsoft-Windows-Wcmsvc","A Power change was processed. 

 Reason: Power status has changed"
"11-08-2026 17:34:05","1005","Information","Microsoft-Windows-Wcmsvc","A Power change was processed. 

 Reason: Power status has changed"
"11-08-2026 17:34:04","1005","Information","Microsoft-Windows-Wcmsvc","A Power change was processed. 

 Reason: Power status has changed"
"11-08-2026 16:57:21","1005","Information","Microsoft-Windows-Wcmsvc","A Power change was processed. 

 Reason: Power status has changed"
"11-08-2026 16:57:18","1005","Information","Microsoft-Windows-Wcmsvc","A Power change was processed. 

 Reason: Power status has changed"
"11-08-2026 14:16:02","1004","Information","Microsoft-Windows-Wcmsvc","A Group Policy change was processed"
"11-08-2026 14:16:02","1004","Information","Microsoft-Windows-Wcmsvc","A Group Policy change was processed"
"11-08-2026 14:16:02","1004","Information","Microsoft-Windows-Wcmsvc","A Group Policy change was processed"
"11-08-2026 14:16:02","1004","Information","Microsoft-Windows-Wcmsvc","A Group Policy change was processed"
"11-08-2026 13:11:02","1004","Information","Microsoft-Windows-Wcmsvc","A Group Policy change was processed"
"11-08-2026 13:11:02","1004","Information","Microsoft-Windows-Wcmsvc","A Group Policy change was processed"
"11-08-2026 13:11:01","1004","Information","Microsoft-Windows-Wcmsvc","A Group Policy change was processed"
"11-08-2026 13:11:01","1004","Information","Microsoft-Windows-Wcmsvc","A Group Policy change was processed"
"11-08-2026 12:07:21","1004","Information","Microsoft-Windows-Wcmsvc","A Group Policy change was processed"
"11-08-2026 12:07:21","1004","Information","Microsoft-Windows-Wcmsvc","A Group Policy change was processed"
"11-08-2026 12:07:10","1004","Information","Microsoft-Windows-Wcmsvc","A Group Policy change was processed"
"11-08-2026 12:07:10","1004","Information","Microsoft-Windows-Wcmsvc","A Group Policy change was processed"
"11-08-2026 12:07:09","1006","Information","Microsoft-Windows-Wcmsvc","A Terminal Services session change was processed. 

 Reason: A user has logged on to the session"
"11-08-2026 12:02:39","1015","Information","Microsoft-Windows-Wcmsvc","Interface Token Applied

Interface: {556d9bdf-d387-4ab9-be4c-a7e220faf218}
Media Type: Wlan
Manual enabled: true
Auto enabled: true"
"11-08-2026 12:02:39","1009","Information","Microsoft-Windows-Wcmsvc","CDE reported an L2 adapter arrival 

 Interface: {556d9bdf-d387-4ab9-be4c-a7e220faf218} 

 Type: Wlan"
"11-08-2026 12:02:39","1003","Information","Microsoft-Windows-Wcmsvc","CDE reported a state change 

 State: Connected. Service is running. 

 Name: Wlansvc."
"11-08-2026 12:02:32","1009","Information","Microsoft-Windows-Wcmsvc","CDE reported an L2 adapter arrival 

 Interface: {50b111d2-408a-4661-81de-9197fee6662c} 

 Type: Ethernet."
"11-08-2026 12:02:32","1009","Information","Microsoft-Windows-Wcmsvc","CDE reported an L2 adapter arrival 

 Interface: {f3ee0e1e-4745-4f87-ae39-b7b48921c065} 

 Type: Ethernet."
"11-08-2026 12:02:32","1009","Information","Microsoft-Windows-Wcmsvc","CDE reported an L2 adapter arrival 

 Interface: {9dd2647c-6c78-4a23-b861-c580fdec2864} 

 Type: Ethernet."
"11-08-2026 12:02:32","10002","Information","Microsoft-Windows-Wcmsvc","WCMSVC: Complete WCM Service Startup"
"11-08-2026 12:02:32","1009","Information","Microsoft-Windows-Wcmsvc","CDE reported an L2 adapter arrival 

 Interface: {6a4487bf-5a41-42e8-893a-9749e37014c0} 

 Type: Ethernet."
"11-08-2026 12:02:32","1003","Information","Microsoft-Windows-Wcmsvc","CDE reported a state change 

 State: Disconnected. Service is not started. 

 Name: Wlansvc."
"11-08-2026 12:02:32","1003","Information","Microsoft-Windows-Wcmsvc","CDE reported a state change 

 State: Disconnected. Service is not started. 

 Name: Wwansvc."
"11-08-2026 12:02:31","10001","Information","Microsoft-Windows-Wcmsvc","WCMSVC: Start WCM Service Startup"
"11-08-2026 12:01:58","10004","Information","Microsoft-Windows-Wcmsvc","WCMSVC: Complete Service Shutdown"
"11-08-2026 12:01:58","10003","Information","Microsoft-Windows-Wcmsvc","WCMSVC: Start Service Shutdown"
"11-08-2026 12:01:38","1006","Information","Microsoft-Windows-Wcmsvc","A Terminal Services session change was processed. 

 Reason: A user has logged off the session"
"11-08-2026 10:40:18","1005","Information","Microsoft-Windows-Wcmsvc","A Power change was processed. 

 Reason: Power status has changed"
"11-08-2026 10:26:05","1004","Information","Microsoft-Windows-Wcmsvc","A Group Policy change was processed"
"11-08-2026 10:26:05","1004","Information","Microsoft-Windows-Wcmsvc","A Group Policy change was processed"
"11-08-2026 10:26:02","1004","Information","Microsoft-Windows-Wcmsvc","A Group Policy change was processed"
"11-08-2026 10:26:02","1004","Information","Microsoft-Windows-Wcmsvc","A Group Policy change was processed"
"11-08-2026 09:11:11","1004","Information","Microsoft-Windows-Wcmsvc","A Group Policy change was processed"
"11-08-2026 09:11:11","1004","Information","Microsoft-Windows-Wcmsvc","A Group Policy change was processed"
"11-08-2026 09:11:03","1004","Information","Microsoft-Windows-Wcmsvc","A Group Policy change was processed"
"11-08-2026 09:11:03","1004","Information","Microsoft-Windows-Wcmsvc","A Group Policy change was processed"
"11-08-2026 09:10:46","1023","Information","Microsoft-Windows-Wcmsvc","WCM exited connected standby"
"11-08-2026 09:10:46","1029","Information","Microsoft-Windows-Wcmsvc","WCM exited net quiet mode"
"11-08-2026 06:07:00","1028","Information","Microsoft-Windows-Wcmsvc","WCM entered net quiet mode"
"11-08-2026 06:06:59","1022","Information","Microsoft-Windows-Wcmsvc","WCM entered connected standby"
"11-08-2026 06:06:59","1023","Information","Microsoft-Windows-Wcmsvc","WCM exited connected standby"
"11-08-2026 06:06:59","1029","Information","Microsoft-Windows-Wcmsvc","WCM exited net quiet mode"
"11-08-2026 06:06:59","1028","Information","Microsoft-Windows-Wcmsvc","WCM entered net quiet mode"
"11-08-2026 06:06:57","1022","Information","Microsoft-Windows-Wcmsvc","WCM entered connected standby"
"11-08-2026 06:04:13","1023","Information","Microsoft-Windows-Wcmsvc","WCM exited connected standby"
"11-08-2026 06:04:13","1029","Information","Microsoft-Windows-Wcmsvc","WCM exited net quiet mode"
"11-08-2026 06:04:13","1005","Information","Microsoft-Windows-Wcmsvc","A Power change was processed. 

 Reason: Power status has changed"
"11-08-2026 00:53:40","1004","Information","Microsoft-Windows-Wcmsvc","A Group Policy change was processed"
"11-08-2026 00:53:40","1004","Information","Microsoft-Windows-Wcmsvc","A Group Policy change was processed"
"11-08-2026 00:53:38","1004","Information","Microsoft-Windows-Wcmsvc","A Group Policy change was processed"
"11-08-2026 00:53:38","1004","Information","Microsoft-Windows-Wcmsvc","A Group Policy change was processed"
"10-08-2026 19:38:16","1004","Information","Microsoft-Windows-Wcmsvc","A Group Policy change was processed"
"10-08-2026 19:38:16","1004","Information","Microsoft-Windows-Wcmsvc","A Group Policy change was processed"
"10-08-2026 19:11:32","1004","Information","Microsoft-Windows-Wcmsvc","A Group Policy change was processed"
"10-08-2026 19:11:32","1004","Information","Microsoft-Windows-Wcmsvc","A Group Policy change was processed"
"10-08-2026 18:57:05","1028","Information","Microsoft-Windows-Wcmsvc","WCM entered net quiet mode"
"10-08-2026 18:57:04","1022","Information","Microsoft-Windows-Wcmsvc","WCM entered connected standby"
"10-08-2026 18:57:04","1023","Information","Microsoft-Windows-Wcmsvc","WCM exited connected standby"
"10-08-2026 18:57:04","1029","Information","Microsoft-Windows-Wcmsvc","WCM exited net quiet mode"
"10-08-2026 18:57:04","1028","Information","Microsoft-Windows-Wcmsvc","WCM entered net quiet mode"
"10-08-2026 18:57:03","1022","Information","Microsoft-Windows-Wcmsvc","WCM entered connected standby"
"10-08-2026 18:41:58","1005","Information","Microsoft-Windows-Wcmsvc","A Power change was processed. 

 Reason: Power status has changed"
"10-08-2026 18:41:55","1005","Information","Microsoft-Windows-Wcmsvc","A Power change was processed. 

 Reason: Power status has changed"
"10-08-2026 15:48:28","1005","Information","Microsoft-Windows-Wcmsvc","A Power change was processed. 

 Reason: Power status has changed"
"10-08-2026 15:48:27","1005","Information","Microsoft-Windows-Wcmsvc","A Power change was processed. 

 Reason: Power status has changed"
"10-08-2026 15:26:00","1005","Information","Microsoft-Windows-Wcmsvc","A Power change was processed. 

 Reason: Power status has changed"
"10-08-2026 15:25:57","1005","Information","Microsoft-Windows-Wcmsvc","A Power change was processed. 

 Reason: Power status has changed"
"10-08-2026 15:16:03","1004","Information","Microsoft-Windows-Wcmsvc","A Group Policy change was processed"
"10-08-2026 15:16:03","1004","Information","Microsoft-Windows-Wcmsvc","A Group Policy change was processed"
"10-08-2026 15:16:02","1004","Information","Microsoft-Windows-Wcmsvc","A Group Policy change was processed"
"10-08-2026 15:16:02","1004","Information","Microsoft-Windows-Wcmsvc","A Group Policy change was processed"
"10-08-2026 13:25:08","1005","Information","Microsoft-Windows-Wcmsvc","A Power change was processed. 

 Reason: Power status has changed"
"10-08-2026 13:16:11","1005","Information","Microsoft-Windows-Wcmsvc","A Power change was processed. 

 Reason: Power status has changed"
"10-08-2026 13:11:04","1004","Information","Microsoft-Windows-Wcmsvc","A Group Policy change was processed"
"10-08-2026 13:11:04","1004","Information","Microsoft-Windows-Wcmsvc","A Group Policy change was processed"
"10-08-2026 13:11:02","1004","Information","Microsoft-Windows-Wcmsvc","A Group Policy change was processed"
"10-08-2026 13:11:02","1004","Information","Microsoft-Windows-Wcmsvc","A Group Policy change was processed"
"10-08-2026 12:01:37","1005","Information","Microsoft-Windows-Wcmsvc","A Power change was processed. 

 Reason: Power status has changed"
"10-08-2026 12:01:32","1005","Information","Microsoft-Windows-Wcmsvc","A Power change was processed. 

 Reason: Power status has changed"
