"TimeCreated","Id","LevelDisplayName","ProviderName","Message"
"19-08-2026 11:04:15","5","Information","Microsoft-Windows-SenseIR","Windows Defender Advanced Threat Protection Incident Response executable terminated. Exit code: 0x0"
"19-08-2026 10:44:27","3","Information","Microsoft-Windows-SenseIR","Succeeded to run action RunPSScriptAction. Action ID: a391f42c-7e1a-4611-8494-1817d2420e09"
"19-08-2026 10:43:59","3","Information","Microsoft-Windows-SenseIR","Succeeded to run action RunPSScriptAction. Action ID: 1648ba23-91bf-4822-bd45-661d10a1ea81"
"19-08-2026 10:43:46","3","Information","Microsoft-Windows-SenseIR","Succeeded to run action RunPSScriptAction. Action ID: 3fa4876e-3ae5-4c59-9a4d-08a7400268a5"
"19-08-2026 10:43:31","3","Information","Microsoft-Windows-SenseIR","Succeeded to run action RunPSScriptAction. Action ID: 0e3d6d2d-06cc-486d-9465-9ef3bee75444"
"19-08-2026 10:43:14","1","Information","Microsoft-Windows-SenseIR","Starting action RunPSScriptAction. Action ID: 1648ba23-91bf-4822-bd45-661d10a1ea81"
"19-08-2026 10:43:06","3","Information","Microsoft-Windows-SenseIR","Succeeded to run action RunPSScriptAction. Action ID: 05f2c576-9ed5-41eb-9b1e-1b653eebfdff"
"19-08-2026 10:43:04","1","Information","Microsoft-Windows-SenseIR","Starting action RunPSScriptAction. Action ID: 05f2c576-9ed5-41eb-9b1e-1b653eebfdff"
"19-08-2026 10:43:04","1","Information","Microsoft-Windows-SenseIR","Starting action RunPSScriptAction. Action ID: a391f42c-7e1a-4611-8494-1817d2420e09"
"19-08-2026 10:43:04","1","Information","Microsoft-Windows-SenseIR","Starting action RunPSScriptAction. Action ID: 0e3d6d2d-06cc-486d-9465-9ef3bee75444"
"19-08-2026 10:43:03","3","Information","Microsoft-Windows-SenseIR","Succeeded to run action RunPSScriptAction. Action ID: 9e137068-a631-45e6-81aa-4adda242796e"
"19-08-2026 10:43:00","3","Information","Microsoft-Windows-SenseIR","Succeeded to run action RunPSScriptAction. Action ID: 8e0b85ee-da90-46d9-b939-75081a1ceb3a"
"19-08-2026 10:42:54","1","Information","Microsoft-Windows-SenseIR","Starting action RunPSScriptAction. Action ID: 8e0b85ee-da90-46d9-b939-75081a1ceb3a"
"19-08-2026 10:42:54","1","Information","Microsoft-Windows-SenseIR","Starting action RunPSScriptAction. Action ID: 9e137068-a631-45e6-81aa-4adda242796e"
"19-08-2026 10:42:54","1","Information","Microsoft-Windows-SenseIR","Starting action RunPSScriptAction. Action ID: 3fa4876e-3ae5-4c59-9a4d-08a7400268a5"
"19-08-2026 10:42:52","3","Information","Microsoft-Windows-SenseIR","Succeeded to run action RunPSScriptAction. Action ID: 2d76cc84-8291-481d-845d-62f59f16e445"
"19-08-2026 10:42:51","3","Information","Microsoft-Windows-SenseIR","Succeeded to run action RunPSScriptAction. Action ID: 36dc1ba5-2d7a-4cc0-8b07-8b26d1899492"
"19-08-2026 10:42:51","3","Information","Microsoft-Windows-SenseIR","Succeeded to run action RunPSScriptAction. Action ID: 211ef051-ecf9-4b99-9eed-76e45a831a19"
"19-08-2026 10:42:50","3","Information","Microsoft-Windows-SenseIR","Succeeded to run action RunPSScriptAction. Action ID: 100c7519-406d-49cb-b7eb-41ce85513276"
"19-08-2026 10:42:44","1","Information","Microsoft-Windows-SenseIR","Starting action RunPSScriptAction. Action ID: 211ef051-ecf9-4b99-9eed-76e45a831a19"
"19-08-2026 10:42:44","1","Information","Microsoft-Windows-SenseIR","Starting action RunPSScriptAction. Action ID: 100c7519-406d-49cb-b7eb-41ce85513276"
"19-08-2026 10:42:44","1","Information","Microsoft-Windows-SenseIR","Starting action RunPSScriptAction. Action ID: 2d76cc84-8291-481d-845d-62f59f16e445"
"19-08-2026 10:42:39","3","Information","Microsoft-Windows-SenseIR","Succeeded to run action RunPSScriptAction. Action ID: cfa5b5b7-e717-474f-ad6a-a99ebd513b5c"
"19-08-2026 10:42:38","3","Information","Microsoft-Windows-SenseIR","Succeeded to run action RunPSScriptAction. Action ID: aceb19ff-8484-4db4-b8f6-f5a8d03a8c4a"
"19-08-2026 10:42:37","3","Information","Microsoft-Windows-SenseIR","Succeeded to run action RunPSScriptAction. Action ID: 149ae17f-1c51-47e8-90b8-8175a782d62b"
"19-08-2026 10:42:34","1","Information","Microsoft-Windows-SenseIR","Starting action RunPSScriptAction. Action ID: 149ae17f-1c51-47e8-90b8-8175a782d62b"
"19-08-2026 10:42:34","1","Information","Microsoft-Windows-SenseIR","Starting action RunPSScriptAction. Action ID: aceb19ff-8484-4db4-b8f6-f5a8d03a8c4a"
"19-08-2026 10:42:34","1","Information","Microsoft-Windows-SenseIR","Starting action RunPSScriptAction. Action ID: 36dc1ba5-2d7a-4cc0-8b07-8b26d1899492"
"19-08-2026 10:42:32","3","Information","Microsoft-Windows-SenseIR","Succeeded to run action RunPSScriptAction. Action ID: 046a3caf-d9ec-4da6-a32a-fb148992596b"
"19-08-2026 10:42:29","3","Information","Microsoft-Windows-SenseIR","Succeeded to run action RunPSScriptAction. Action ID: cb7aec68-dfca-4632-88ad-5b019cb0957d"
"19-08-2026 10:42:24","1","Information","Microsoft-Windows-SenseIR","Starting action RunPSScriptAction. Action ID: cb7aec68-dfca-4632-88ad-5b019cb0957d"
"19-08-2026 10:42:24","1","Information","Microsoft-Windows-SenseIR","Starting action RunPSScriptAction. Action ID: cfa5b5b7-e717-474f-ad6a-a99ebd513b5c"
"19-08-2026 10:42:24","1","Information","Microsoft-Windows-SenseIR","Starting action RunPSScriptAction. Action ID: 046a3caf-d9ec-4da6-a32a-fb148992596b"
"19-08-2026 10:42:14","4","Information","Microsoft-Windows-SenseIR","Windows Defender Advanced Threat Protection Incident Response executable started."
"18-08-2026 18:36:02","5","Information","Microsoft-Windows-SenseIR","Windows Defender Advanced Threat Protection Incident Response executable terminated. Exit code: 0x0"
"18-08-2026 18:15:05","3","Information","Microsoft-Windows-SenseIR","Succeeded to run action RunPSScriptAction. Action ID: 93514365-7ff3-4f5e-9dfd-7eb9f6b779a7"
"18-08-2026 18:15:01","1","Information","Microsoft-Windows-SenseIR","Starting action RunPSScriptAction. Action ID: 93514365-7ff3-4f5e-9dfd-7eb9f6b779a7"
"18-08-2026 18:12:02","3","Information","Microsoft-Windows-SenseIR","Succeeded to run action RunPSScriptAction. Action ID: a391f42c-7e1a-4611-8494-1817d2420e09"
"18-08-2026 18:11:14","3","Information","Microsoft-Windows-SenseIR","Succeeded to run action RunPSScriptAction. Action ID: 9f2a6e93-4b3c-4a21-9d6a-879ebba4d64d"
"18-08-2026 18:11:11","1","Information","Microsoft-Windows-SenseIR","Starting action RunPSScriptAction. Action ID: 9f2a6e93-4b3c-4a21-9d6a-879ebba4d64d"
"18-08-2026 18:10:41","1","Information","Microsoft-Windows-SenseIR","Starting action RunPSScriptAction. Action ID: a391f42c-7e1a-4611-8494-1817d2420e09"
"18-08-2026 18:10:31","4","Information","Microsoft-Windows-SenseIR","Windows Defender Advanced Threat Protection Incident Response executable started."
"18-08-2026 18:09:47","5","Information","Microsoft-Windows-SenseIR","Windows Defender Advanced Threat Protection Incident Response executable terminated. Exit code: 0x0"
"18-08-2026 17:49:16","3","Information","Microsoft-Windows-SenseIR","Succeeded to run action RunPSScriptAction. Action ID: 0e3d6d2d-06cc-486d-9465-9ef3bee75444"
"18-08-2026 17:48:46","1","Information","Microsoft-Windows-SenseIR","Starting action RunPSScriptAction. Action ID: 0e3d6d2d-06cc-486d-9465-9ef3bee75444"
"18-08-2026 17:48:36","4","Information","Microsoft-Windows-SenseIR","Windows Defender Advanced Threat Protection Incident Response executable started."
"18-08-2026 17:37:35","5","Information","Microsoft-Windows-SenseIR","Windows Defender Advanced Threat Protection Incident Response executable terminated. Exit code: 0x0"
"18-08-2026 17:16:36","3","Information","Microsoft-Windows-SenseIR","Succeeded to run action RunPSScriptAction. Action ID: 9bde6f2a-afcb-4c11-b890-d6a1f78e5c4b"
"18-08-2026 17:16:34","1","Information","Microsoft-Windows-SenseIR","Starting action RunPSScriptAction. Action ID: 9bde6f2a-afcb-4c11-b890-d6a1f78e5c4b"
"18-08-2026 17:11:12","3","Information","Microsoft-Windows-SenseIR","Succeeded to run action RunPSScriptAction. Action ID: 211ef051-ecf9-4b99-9eed-76e45a831a19"
"18-08-2026 17:11:04","1","Information","Microsoft-Windows-SenseIR","Starting action RunPSScriptAction. Action ID: 211ef051-ecf9-4b99-9eed-76e45a831a19"
"18-08-2026 17:00:09","3","Information","Microsoft-Windows-SenseIR","Succeeded to run action RunPSScriptAction. Action ID: fc19515e-4fbb-46d1-b1f4-a28b394632fe"
"18-08-2026 17:00:03","1","Information","Microsoft-Windows-SenseIR","Starting action RunPSScriptAction. Action ID: fc19515e-4fbb-46d1-b1f4-a28b394632fe"
"18-08-2026 16:59:53","4","Information","Microsoft-Windows-SenseIR","Windows Defender Advanced Threat Protection Incident Response executable started."
"18-08-2026 16:47:24","5","Information","Microsoft-Windows-SenseIR","Windows Defender Advanced Threat Protection Incident Response executable terminated. Exit code: 0x0"
"18-08-2026 16:26:36","3","Information","Microsoft-Windows-SenseIR","Succeeded to run action RunPSScriptAction. Action ID: efc69106-6fc1-423a-94ef-221e65a28f09"
"18-08-2026 16:26:23","1","Information","Microsoft-Windows-SenseIR","Starting action RunPSScriptAction. Action ID: efc69106-6fc1-423a-94ef-221e65a28f09"
"18-08-2026 16:18:59","3","Information","Microsoft-Windows-SenseIR","Succeeded to run action RunPSScriptAction. Action ID: 53159fd8-6386-48c2-91e8-cf4860599c43"
"18-08-2026 16:18:43","1","Information","Microsoft-Windows-SenseIR","Starting action RunPSScriptAction. Action ID: 53159fd8-6386-48c2-91e8-cf4860599c43"
"18-08-2026 16:10:51","3","Information","Microsoft-Windows-SenseIR","Succeeded to run action RunPSScriptAction. Action ID: 1648ba23-91bf-4822-bd45-661d10a1ea81"
"18-08-2026 16:10:02","1","Information","Microsoft-Windows-SenseIR","Starting action RunPSScriptAction. Action ID: 1648ba23-91bf-4822-bd45-661d10a1ea81"
"18-08-2026 16:07:47","3","Information","Microsoft-Windows-SenseIR","Succeeded to run action RunPSScriptAction. Action ID: 3fa4876e-3ae5-4c59-9a4d-08a7400268a5"
"18-08-2026 16:06:52","1","Information","Microsoft-Windows-SenseIR","Starting action RunPSScriptAction. Action ID: 3fa4876e-3ae5-4c59-9a4d-08a7400268a5"
"18-08-2026 16:06:42","4","Information","Microsoft-Windows-SenseIR","Windows Defender Advanced Threat Protection Incident Response executable started."
"18-08-2026 15:47:05","5","Information","Microsoft-Windows-SenseIR","Windows Defender Advanced Threat Protection Incident Response executable terminated. Exit code: 0x0"
"18-08-2026 15:26:12","3","Information","Microsoft-Windows-SenseIR","Succeeded to run action RunPSScriptAction. Action ID: 0e371fa0-b3cb-4d76-93ad-467add004280"
"18-08-2026 15:26:04","1","Information","Microsoft-Windows-SenseIR","Starting action RunPSScriptAction. Action ID: 0e371fa0-b3cb-4d76-93ad-467add004280"
"18-08-2026 15:20:37","3","Information","Microsoft-Windows-SenseIR","Succeeded to run action RunPSScriptAction. Action ID: acd1e8f4-3c26-49a7-bec8-9d7a15e1a6d2"
"18-08-2026 15:20:33","1","Information","Microsoft-Windows-SenseIR","Starting action RunPSScriptAction. Action ID: acd1e8f4-3c26-49a7-bec8-9d7a15e1a6d2"
"18-08-2026 15:20:23","4","Information","Microsoft-Windows-SenseIR","Windows Defender Advanced Threat Protection Incident Response executable started."
"18-08-2026 14:53:23","5","Information","Microsoft-Windows-SenseIR","Windows Defender Advanced Threat Protection Incident Response executable terminated. Exit code: 0x0"
"18-08-2026 14:32:25","3","Information","Microsoft-Windows-SenseIR","Succeeded to run action RunPSScriptAction. Action ID: 05f2c576-9ed5-41eb-9b1e-1b653eebfdff"
"18-08-2026 14:32:22","1","Information","Microsoft-Windows-SenseIR","Starting action RunPSScriptAction. Action ID: 05f2c576-9ed5-41eb-9b1e-1b653eebfdff"
"18-08-2026 14:32:12","4","Information","Microsoft-Windows-SenseIR","Windows Defender Advanced Threat Protection Incident Response executable started."
"18-08-2026 14:05:37","3","Information","Microsoft-Windows-SenseIR","Succeeded to run action RunPSScriptAction. Action ID: aceb19ff-8484-4db4-b8f6-f5a8d03a8c4a"
"18-08-2026 14:05:32","1","Information","Microsoft-Windows-SenseIR","Starting action RunPSScriptAction. Action ID: aceb19ff-8484-4db4-b8f6-f5a8d03a8c4a"
"18-08-2026 13:46:49","3","Information","Microsoft-Windows-SenseIR","Succeeded to run action RunPSScriptAction. Action ID: 9e137068-a631-45e6-81aa-4adda242796e"
"18-08-2026 13:46:41","1","Information","Microsoft-Windows-SenseIR","Starting action RunPSScriptAction. Action ID: 9e137068-a631-45e6-81aa-4adda242796e"
"18-08-2026 13:32:47","3","Information","Microsoft-Windows-SenseIR","Succeeded to run action RunPSScriptAction. Action ID: 211ef051-ecf9-4b99-9eed-76e45a831a19"
"18-08-2026 13:32:43","3","Information","Microsoft-Windows-SenseIR","Succeeded to run action RunPSScriptAction. Action ID: 93514365-7ff3-4f5e-9dfd-7eb9f6b779a7"
"18-08-2026 13:32:40","1","Information","Microsoft-Windows-SenseIR","Starting action RunPSScriptAction. Action ID: 211ef051-ecf9-4b99-9eed-76e45a831a19"
"18-08-2026 13:32:40","1","Information","Microsoft-Windows-SenseIR","Starting action RunPSScriptAction. Action ID: 93514365-7ff3-4f5e-9dfd-7eb9f6b779a7"
"18-08-2026 13:32:30","4","Information","Microsoft-Windows-SenseIR","Windows Defender Advanced Threat Protection Incident Response executable started."
"18-08-2026 13:13:36","5","Information","Microsoft-Windows-SenseIR","Windows Defender Advanced Threat Protection Incident Response executable terminated. Exit code: 0x0"
"18-08-2026 12:53:03","3","Information","Microsoft-Windows-SenseIR","Succeeded to run action RunPSScriptAction. Action ID: 1648ba23-91bf-4822-bd45-661d10a1ea81"
"18-08-2026 12:52:31","1","Information","Microsoft-Windows-SenseIR","Starting action RunPSScriptAction. Action ID: 1648ba23-91bf-4822-bd45-661d10a1ea81"
"18-08-2026 12:42:50","3","Information","Microsoft-Windows-SenseIR","Succeeded to run action RunPSScriptAction. Action ID: 3fa4876e-3ae5-4c59-9a4d-08a7400268a5"
"18-08-2026 12:42:01","1","Information","Microsoft-Windows-SenseIR","Starting action RunPSScriptAction. Action ID: 3fa4876e-3ae5-4c59-9a4d-08a7400268a5"
"18-08-2026 12:41:51","4","Information","Microsoft-Windows-SenseIR","Windows Defender Advanced Threat Protection Incident Response executable started."
"18-08-2026 12:08:05","5","Information","Microsoft-Windows-SenseIR","Windows Defender Advanced Threat Protection Incident Response executable terminated. Exit code: 0x0"
"18-08-2026 11:47:06","3","Information","Microsoft-Windows-SenseIR","Succeeded to run action RunPSScriptAction. Action ID: cb7aec68-dfca-4632-88ad-5b019cb0957d"
"18-08-2026 11:47:04","1","Information","Microsoft-Windows-SenseIR","Starting action RunPSScriptAction. Action ID: cb7aec68-dfca-4632-88ad-5b019cb0957d"
"18-08-2026 11:46:54","4","Information","Microsoft-Windows-SenseIR","Windows Defender Advanced Threat Protection Incident Response executable started."
"18-08-2026 11:30:07","5","Information","Microsoft-Windows-SenseIR","Windows Defender Advanced Threat Protection Incident Response executable terminated. Exit code: 0x0"
"18-08-2026 11:09:30","3","Information","Microsoft-Windows-SenseIR","Succeeded to run action RunPSScriptAction. Action ID: 53159fd8-6386-48c2-91e8-cf4860599c43"
"18-08-2026 11:09:06","1","Information","Microsoft-Windows-SenseIR","Starting action RunPSScriptAction. Action ID: 53159fd8-6386-48c2-91e8-cf4860599c43"
"18-08-2026 11:08:56","4","Information","Microsoft-Windows-SenseIR","Windows Defender Advanced Threat Protection Incident Response executable started."
"18-08-2026 10:51:27","5","Information","Microsoft-Windows-SenseIR","Windows Defender Advanced Threat Protection Incident Response executable terminated. Exit code: 0x0"
"18-08-2026 10:30:29","3","Information","Microsoft-Windows-SenseIR","Succeeded to run action RunPSScriptAction. Action ID: 05f2c576-9ed5-41eb-9b1e-1b653eebfdff"
"18-08-2026 10:30:26","1","Information","Microsoft-Windows-SenseIR","Starting action RunPSScriptAction. Action ID: 05f2c576-9ed5-41eb-9b1e-1b653eebfdff"
"18-08-2026 10:30:16","4","Information","Microsoft-Windows-SenseIR","Windows Defender Advanced Threat Protection Incident Response executable started."
"18-08-2026 10:06:35","5","Information","Microsoft-Windows-SenseIR","Windows Defender Advanced Threat Protection Incident Response executable terminated. Exit code: 0x0"
"18-08-2026 09:46:02","3","Information","Microsoft-Windows-SenseIR","Succeeded to run action RunPSScriptAction. Action ID: a391f42c-7e1a-4611-8494-1817d2420e09"
"18-08-2026 09:46:00","3","Information","Microsoft-Windows-SenseIR","Succeeded to run action RunPSScriptAction. Action ID: 1648ba23-91bf-4822-bd45-661d10a1ea81"
"18-08-2026 09:45:48","3","Information","Microsoft-Windows-SenseIR","Succeeded to run action RunPSScriptAction. Action ID: 0e3d6d2d-06cc-486d-9465-9ef3bee75444"
"18-08-2026 09:45:47","3","Information","Microsoft-Windows-SenseIR","Succeeded to run action RunPSScriptAction. Action ID: 3fa4876e-3ae5-4c59-9a4d-08a7400268a5"
"18-08-2026 09:45:42","3","Information","Microsoft-Windows-SenseIR","Succeeded to run action RunPSScriptAction. Action ID: 9f2a6e93-4b3c-4a21-9d6a-879ebba4d64d"
"18-08-2026 09:45:41","3","Information","Microsoft-Windows-SenseIR","Succeeded to run action RunPSScriptAction. Action ID: 2d76cc84-8291-481d-845d-62f59f16e445"
"18-08-2026 09:45:40","3","Information","Microsoft-Windows-SenseIR","Succeeded to run action RunPSScriptAction. Action ID: 05f2c576-9ed5-41eb-9b1e-1b653eebfdff"
"18-08-2026 09:45:40","3","Information","Microsoft-Windows-SenseIR","Succeeded to run action RunPSScriptAction. Action ID: acd1e8f4-3c26-49a7-bec8-9d7a15e1a6d2"
"18-08-2026 09:45:35","3","Information","Microsoft-Windows-SenseIR","Succeeded to run action RunPSScriptAction. Action ID: 8e0b85ee-da90-46d9-b939-75081a1ceb3a"
"18-08-2026 09:45:34","1","Information","Microsoft-Windows-SenseIR","Starting action RunPSScriptAction. Action ID: 05f2c576-9ed5-41eb-9b1e-1b653eebfdff"
"18-08-2026 09:45:34","1","Information","Microsoft-Windows-SenseIR","Starting action RunPSScriptAction. Action ID: 9f2a6e93-4b3c-4a21-9d6a-879ebba4d64d"
"18-08-2026 09:45:34","3","Information","Microsoft-Windows-SenseIR","Succeeded to run action RunPSScriptAction. Action ID: 36dc1ba5-2d7a-4cc0-8b07-8b26d1899492"
"18-08-2026 09:45:32","3","Information","Microsoft-Windows-SenseIR","Succeeded to run action RunPSScriptAction. Action ID: cb7aec68-dfca-4632-88ad-5b019cb0957d"
"18-08-2026 09:45:30","3","Information","Microsoft-Windows-SenseIR","Succeeded to run action RunPSScriptAction. Action ID: 0e371fa0-b3cb-4d76-93ad-467add004280"
"18-08-2026 09:45:24","1","Information","Microsoft-Windows-SenseIR","Starting action RunPSScriptAction. Action ID: acd1e8f4-3c26-49a7-bec8-9d7a15e1a6d2"
"18-08-2026 09:45:24","1","Information","Microsoft-Windows-SenseIR","Starting action RunPSScriptAction. Action ID: cb7aec68-dfca-4632-88ad-5b019cb0957d"
"18-08-2026 09:45:24","1","Information","Microsoft-Windows-SenseIR","Starting action RunPSScriptAction. Action ID: 2d76cc84-8291-481d-845d-62f59f16e445"
"18-08-2026 09:45:15","3","Information","Microsoft-Windows-SenseIR","Succeeded to run action RunPSScriptAction. Action ID: aceb19ff-8484-4db4-b8f6-f5a8d03a8c4a"
"18-08-2026 09:45:14","1","Information","Microsoft-Windows-SenseIR","Starting action RunPSScriptAction. Action ID: 36dc1ba5-2d7a-4cc0-8b07-8b26d1899492"
"18-08-2026 09:45:14","1","Information","Microsoft-Windows-SenseIR","Starting action RunPSScriptAction. Action ID: 8e0b85ee-da90-46d9-b939-75081a1ceb3a"
"18-08-2026 09:45:14","1","Information","Microsoft-Windows-SenseIR","Starting action RunPSScriptAction. Action ID: 0e371fa0-b3cb-4d76-93ad-467add004280"
"18-08-2026 09:45:14","3","Information","Microsoft-Windows-SenseIR","Succeeded to run action RunPSScriptAction. Action ID: fc19515e-4fbb-46d1-b1f4-a28b394632fe"
"18-08-2026 09:45:11","3","Information","Microsoft-Windows-SenseIR","Succeeded to run action RunPSScriptAction. Action ID: efc69106-6fc1-423a-94ef-221e65a28f09"
"18-08-2026 09:45:04","1","Information","Microsoft-Windows-SenseIR","Starting action RunPSScriptAction. Action ID: fc19515e-4fbb-46d1-b1f4-a28b394632fe"
"18-08-2026 09:45:04","1","Information","Microsoft-Windows-SenseIR","Starting action RunPSScriptAction. Action ID: 0e3d6d2d-06cc-486d-9465-9ef3bee75444"
"18-08-2026 09:45:04","1","Information","Microsoft-Windows-SenseIR","Starting action RunPSScriptAction. Action ID: aceb19ff-8484-4db4-b8f6-f5a8d03a8c4a"
"18-08-2026 09:45:01","3","Information","Microsoft-Windows-SenseIR","Succeeded to run action RunPSScriptAction. Action ID: 211ef051-ecf9-4b99-9eed-76e45a831a19"
"18-08-2026 09:44:58","3","Information","Microsoft-Windows-SenseIR","Succeeded to run action RunPSScriptAction. Action ID: 149ae17f-1c51-47e8-90b8-8175a782d62b"
"18-08-2026 09:44:54","3","Information","Microsoft-Windows-SenseIR","Succeeded to run action RunPSScriptAction. Action ID: 9e137068-a631-45e6-81aa-4adda242796e"
"18-08-2026 09:44:54","1","Information","Microsoft-Windows-SenseIR","Starting action RunPSScriptAction. Action ID: efc69106-6fc1-423a-94ef-221e65a28f09"
"18-08-2026 09:44:54","1","Information","Microsoft-Windows-SenseIR","Starting action RunPSScriptAction. Action ID: 149ae17f-1c51-47e8-90b8-8175a782d62b"
"18-08-2026 09:44:54","1","Information","Microsoft-Windows-SenseIR","Starting action RunPSScriptAction. Action ID: 211ef051-ecf9-4b99-9eed-76e45a831a19"
"18-08-2026 09:44:49","3","Information","Microsoft-Windows-SenseIR","Succeeded to run action RunPSScriptAction. Action ID: 53159fd8-6386-48c2-91e8-cf4860599c43"
"18-08-2026 09:44:47","3","Information","Microsoft-Windows-SenseIR","Succeeded to run action RunPSScriptAction. Action ID: cfa5b5b7-e717-474f-ad6a-a99ebd513b5c"
"18-08-2026 09:44:44","1","Information","Microsoft-Windows-SenseIR","Starting action RunPSScriptAction. Action ID: 9e137068-a631-45e6-81aa-4adda242796e"
"18-08-2026 09:44:44","1","Information","Microsoft-Windows-SenseIR","Starting action RunPSScriptAction. Action ID: 3fa4876e-3ae5-4c59-9a4d-08a7400268a5"
"18-08-2026 09:44:44","1","Information","Microsoft-Windows-SenseIR","Starting action RunPSScriptAction. Action ID: 1648ba23-91bf-4822-bd45-661d10a1ea81"
"18-08-2026 09:44:34","1","Information","Microsoft-Windows-SenseIR","Starting action RunPSScriptAction. Action ID: a391f42c-7e1a-4611-8494-1817d2420e09"
"18-08-2026 09:44:34","1","Information","Microsoft-Windows-SenseIR","Starting action RunPSScriptAction. Action ID: cfa5b5b7-e717-474f-ad6a-a99ebd513b5c"
"18-08-2026 09:44:34","1","Information","Microsoft-Windows-SenseIR","Starting action RunPSScriptAction. Action ID: 53159fd8-6386-48c2-91e8-cf4860599c43"
"18-08-2026 09:44:32","3","Information","Microsoft-Windows-SenseIR","Succeeded to run action RunPSScriptAction. Action ID: 046a3caf-d9ec-4da6-a32a-fb148992596b"
"18-08-2026 09:44:28","3","Information","Microsoft-Windows-SenseIR","Succeeded to run action RunPSScriptAction. Action ID: 9bde6f2a-afcb-4c11-b890-d6a1f78e5c4b"
"18-08-2026 09:44:28","3","Information","Microsoft-Windows-SenseIR","Succeeded to run action RunPSScriptAction. Action ID: 93514365-7ff3-4f5e-9dfd-7eb9f6b779a7"
"18-08-2026 09:44:24","1","Information","Microsoft-Windows-SenseIR","Starting action RunPSScriptAction. Action ID: 9bde6f2a-afcb-4c11-b890-d6a1f78e5c4b"
"18-08-2026 09:44:24","1","Information","Microsoft-Windows-SenseIR","Starting action RunPSScriptAction. Action ID: 93514365-7ff3-4f5e-9dfd-7eb9f6b779a7"
"18-08-2026 09:44:24","1","Information","Microsoft-Windows-SenseIR","Starting action RunPSScriptAction. Action ID: 046a3caf-d9ec-4da6-a32a-fb148992596b"
"18-08-2026 09:44:13","4","Information","Microsoft-Windows-SenseIR","Windows Defender Advanced Threat Protection Incident Response executable started."
"17-08-2026 21:03:50","5","Information","Microsoft-Windows-SenseIR","Windows Defender Advanced Threat Protection Incident Response executable terminated. Exit code: 0x0"
"17-08-2026 20:42:58","3","Information","Microsoft-Windows-SenseIR","Succeeded to run action RunPSScriptAction. Action ID: 100c7519-406d-49cb-b7eb-41ce85513276"
"17-08-2026 20:42:49","1","Information","Microsoft-Windows-SenseIR","Starting action RunPSScriptAction. Action ID: 100c7519-406d-49cb-b7eb-41ce85513276"
"17-08-2026 20:42:39","4","Information","Microsoft-Windows-SenseIR","Windows Defender Advanced Threat Protection Incident Response executable started."
"17-08-2026 20:39:10","5","Information","Microsoft-Windows-SenseIR","Windows Defender Advanced Threat Protection Incident Response executable terminated. Exit code: 0x0"
"17-08-2026 20:18:15","3","Information","Microsoft-Windows-SenseIR","Succeeded to run action RunPSScriptAction. Action ID: 05f2c576-9ed5-41eb-9b1e-1b653eebfdff"
"17-08-2026 20:18:09","1","Information","Microsoft-Windows-SenseIR","Starting action RunPSScriptAction. Action ID: 05f2c576-9ed5-41eb-9b1e-1b653eebfdff"
"17-08-2026 20:17:58","4","Information","Microsoft-Windows-SenseIR","Windows Defender Advanced Threat Protection Incident Response executable started."
"17-08-2026 16:59:39","5","Information","Microsoft-Windows-SenseIR","Windows Defender Advanced Threat Protection Incident Response executable terminated. Exit code: 0x0"
"17-08-2026 16:39:00","3","Information","Microsoft-Windows-SenseIR","Succeeded to run action RunPSScriptAction. Action ID: 0e3d6d2d-06cc-486d-9465-9ef3bee75444"
"17-08-2026 16:38:38","1","Information","Microsoft-Windows-SenseIR","Starting action RunPSScriptAction. Action ID: 0e3d6d2d-06cc-486d-9465-9ef3bee75444"
"17-08-2026 16:31:17","3","Information","Microsoft-Windows-SenseIR","Succeeded to run action RunPSScriptAction. Action ID: 3fa4876e-3ae5-4c59-9a4d-08a7400268a5"
"17-08-2026 16:30:38","1","Information","Microsoft-Windows-SenseIR","Starting action RunPSScriptAction. Action ID: 3fa4876e-3ae5-4c59-9a4d-08a7400268a5"
"17-08-2026 16:18:54","3","Information","Microsoft-Windows-SenseIR","Succeeded to run action RunPSScriptAction. Action ID: a391f42c-7e1a-4611-8494-1817d2420e09"
"17-08-2026 16:17:47","1","Information","Microsoft-Windows-SenseIR","Starting action RunPSScriptAction. Action ID: a391f42c-7e1a-4611-8494-1817d2420e09"
"17-08-2026 16:17:37","4","Information","Microsoft-Windows-SenseIR","Windows Defender Advanced Threat Protection Incident Response executable started."
"17-08-2026 15:46:39","5","Information","Microsoft-Windows-SenseIR","Windows Defender Advanced Threat Protection Incident Response executable terminated. Exit code: 0x0"
"17-08-2026 15:25:47","3","Information","Microsoft-Windows-SenseIR","Succeeded to run action RunPSScriptAction. Action ID: 046a3caf-d9ec-4da6-a32a-fb148992596b"
"17-08-2026 15:25:38","1","Information","Microsoft-Windows-SenseIR","Starting action RunPSScriptAction. Action ID: 046a3caf-d9ec-4da6-a32a-fb148992596b"
"17-08-2026 15:12:55","3","Information","Microsoft-Windows-SenseIR","Succeeded to run action RunPSScriptAction. Action ID: 211ef051-ecf9-4b99-9eed-76e45a831a19"
"17-08-2026 15:12:47","1","Information","Microsoft-Windows-SenseIR","Starting action RunPSScriptAction. Action ID: 211ef051-ecf9-4b99-9eed-76e45a831a19"
"17-08-2026 15:12:37","4","Information","Microsoft-Windows-SenseIR","Windows Defender Advanced Threat Protection Incident Response executable started."
"17-08-2026 10:01:00","5","Information","Microsoft-Windows-SenseIR","Windows Defender Advanced Threat Protection Incident Response executable terminated. Exit code: 0x0"
"17-08-2026 09:41:04","3","Information","Microsoft-Windows-SenseIR","Succeeded to run action RunPSScriptAction. Action ID: 1648ba23-91bf-4822-bd45-661d10a1ea81"
"17-08-2026 09:40:27","3","Information","Microsoft-Windows-SenseIR","Succeeded to run action RunPSScriptAction. Action ID: a391f42c-7e1a-4611-8494-1817d2420e09"
"17-08-2026 09:40:14","3","Information","Microsoft-Windows-SenseIR","Succeeded to run action RunPSScriptAction. Action ID: 36dc1ba5-2d7a-4cc0-8b07-8b26d1899492"
"17-08-2026 09:40:08","3","Information","Microsoft-Windows-SenseIR","Succeeded to run action RunPSScriptAction. Action ID: 0e371fa0-b3cb-4d76-93ad-467add004280"
"17-08-2026 09:40:04","3","Information","Microsoft-Windows-SenseIR","Succeeded to run action RunPSScriptAction. Action ID: 9e137068-a631-45e6-81aa-4adda242796e"
"17-08-2026 09:40:03","3","Information","Microsoft-Windows-SenseIR","Succeeded to run action RunPSScriptAction. Action ID: cb7aec68-dfca-4632-88ad-5b019cb0957d"
"17-08-2026 09:39:59","1","Information","Microsoft-Windows-SenseIR","Starting action RunPSScriptAction. Action ID: 36dc1ba5-2d7a-4cc0-8b07-8b26d1899492"
"17-08-2026 09:39:59","1","Information","Microsoft-Windows-SenseIR","Starting action RunPSScriptAction. Action ID: 0e371fa0-b3cb-4d76-93ad-467add004280"
"17-08-2026 09:39:59","1","Information","Microsoft-Windows-SenseIR","Starting action RunPSScriptAction. Action ID: cb7aec68-dfca-4632-88ad-5b019cb0957d"
"17-08-2026 09:39:58","3","Information","Microsoft-Windows-SenseIR","Succeeded to run action RunPSScriptAction. Action ID: acd1e8f4-3c26-49a7-bec8-9d7a15e1a6d2"
"17-08-2026 09:39:57","3","Information","Microsoft-Windows-SenseIR","Succeeded to run action RunPSScriptAction. Action ID: fc19515e-4fbb-46d1-b1f4-a28b394632fe"
"17-08-2026 09:39:56","3","Information","Microsoft-Windows-SenseIR","Succeeded to run action RunPSScriptAction. Action ID: 0e3d6d2d-06cc-486d-9465-9ef3bee75444"
"17-08-2026 09:39:54","3","Information","Microsoft-Windows-SenseIR","Succeeded to run action RunPSScriptAction. Action ID: efc69106-6fc1-423a-94ef-221e65a28f09"
"17-08-2026 09:39:53","3","Information","Microsoft-Windows-SenseIR","Succeeded to run action RunPSScriptAction. Action ID: 53159fd8-6386-48c2-91e8-cf4860599c43"
"17-08-2026 09:39:49","1","Information","Microsoft-Windows-SenseIR","Starting action RunPSScriptAction. Action ID: acd1e8f4-3c26-49a7-bec8-9d7a15e1a6d2"
"17-08-2026 09:39:49","1","Information","Microsoft-Windows-SenseIR","Starting action RunPSScriptAction. Action ID: fc19515e-4fbb-46d1-b1f4-a28b394632fe"
"17-08-2026 09:39:49","1","Information","Microsoft-Windows-SenseIR","Starting action RunPSScriptAction. Action ID: 9e137068-a631-45e6-81aa-4adda242796e"
"17-08-2026 09:39:45","3","Information","Microsoft-Windows-SenseIR","Succeeded to run action RunPSScriptAction. Action ID: cfa5b5b7-e717-474f-ad6a-a99ebd513b5c"
"17-08-2026 09:39:42","3","Information","Microsoft-Windows-SenseIR","Succeeded to run action RunPSScriptAction. Action ID: 9bde6f2a-afcb-4c11-b890-d6a1f78e5c4b"
"17-08-2026 09:39:39","3","Information","Microsoft-Windows-SenseIR","Succeeded to run action RunPSScriptAction. Action ID: 2d76cc84-8291-481d-845d-62f59f16e445"
"17-08-2026 09:39:39","1","Information","Microsoft-Windows-SenseIR","Starting action RunPSScriptAction. Action ID: 53159fd8-6386-48c2-91e8-cf4860599c43"
"17-08-2026 09:39:39","1","Information","Microsoft-Windows-SenseIR","Starting action RunPSScriptAction. Action ID: efc69106-6fc1-423a-94ef-221e65a28f09"
"17-08-2026 09:39:39","1","Information","Microsoft-Windows-SenseIR","Starting action RunPSScriptAction. Action ID: 9bde6f2a-afcb-4c11-b890-d6a1f78e5c4b"
"17-08-2026 09:39:38","3","Information","Microsoft-Windows-SenseIR","Succeeded to run action RunPSScriptAction. Action ID: aceb19ff-8484-4db4-b8f6-f5a8d03a8c4a"
"17-08-2026 09:39:32","3","Information","Microsoft-Windows-SenseIR","Succeeded to run action RunPSScriptAction. Action ID: 3fa4876e-3ae5-4c59-9a4d-08a7400268a5"
"17-08-2026 09:39:28","1","Information","Microsoft-Windows-SenseIR","Starting action RunPSScriptAction. Action ID: aceb19ff-8484-4db4-b8f6-f5a8d03a8c4a"
"17-08-2026 09:39:28","1","Information","Microsoft-Windows-SenseIR","Starting action RunPSScriptAction. Action ID: cfa5b5b7-e717-474f-ad6a-a99ebd513b5c"
"17-08-2026 09:39:28","1","Information","Microsoft-Windows-SenseIR","Starting action RunPSScriptAction. Action ID: 2d76cc84-8291-481d-845d-62f59f16e445"
"17-08-2026 09:39:25","3","Information","Microsoft-Windows-SenseIR","Succeeded to run action RunPSScriptAction. Action ID: 046a3caf-d9ec-4da6-a32a-fb148992596b"
"17-08-2026 09:39:21","3","Information","Microsoft-Windows-SenseIR","Succeeded to run action RunPSScriptAction. Action ID: 05f2c576-9ed5-41eb-9b1e-1b653eebfdff"
"17-08-2026 09:39:18","1","Information","Microsoft-Windows-SenseIR","Starting action RunPSScriptAction. Action ID: 0e3d6d2d-06cc-486d-9465-9ef3bee75444"
"17-08-2026 09:39:18","1","Information","Microsoft-Windows-SenseIR","Starting action RunPSScriptAction. Action ID: 05f2c576-9ed5-41eb-9b1e-1b653eebfdff"
"17-08-2026 09:39:18","1","Information","Microsoft-Windows-SenseIR","Starting action RunPSScriptAction. Action ID: 046a3caf-d9ec-4da6-a32a-fb148992596b"
"17-08-2026 09:39:16","3","Information","Microsoft-Windows-SenseIR","Succeeded to run action RunPSScriptAction. Action ID: 211ef051-ecf9-4b99-9eed-76e45a831a19"
"17-08-2026 09:39:16","3","Information","Microsoft-Windows-SenseIR","Succeeded to run action RunPSScriptAction. Action ID: 100c7519-406d-49cb-b7eb-41ce85513276"
"17-08-2026 09:39:08","1","Information","Microsoft-Windows-SenseIR","Starting action RunPSScriptAction. Action ID: a391f42c-7e1a-4611-8494-1817d2420e09"
"17-08-2026 09:39:08","1","Information","Microsoft-Windows-SenseIR","Starting action RunPSScriptAction. Action ID: 211ef051-ecf9-4b99-9eed-76e45a831a19"
"17-08-2026 09:39:08","1","Information","Microsoft-Windows-SenseIR","Starting action RunPSScriptAction. Action ID: 100c7519-406d-49cb-b7eb-41ce85513276"
"17-08-2026 09:39:04","3","Information","Microsoft-Windows-SenseIR","Succeeded to run action RunPSScriptAction. Action ID: 149ae17f-1c51-47e8-90b8-8175a782d62b"
"17-08-2026 09:39:00","3","Information","Microsoft-Windows-SenseIR","Succeeded to run action RunPSScriptAction. Action ID: 8e0b85ee-da90-46d9-b939-75081a1ceb3a"
"17-08-2026 09:38:58","1","Information","Microsoft-Windows-SenseIR","Starting action RunPSScriptAction. Action ID: 3fa4876e-3ae5-4c59-9a4d-08a7400268a5"
"17-08-2026 09:38:58","1","Information","Microsoft-Windows-SenseIR","Starting action RunPSScriptAction. Action ID: 1648ba23-91bf-4822-bd45-661d10a1ea81"
"17-08-2026 09:38:58","1","Information","Microsoft-Windows-SenseIR","Starting action RunPSScriptAction. Action ID: 149ae17f-1c51-47e8-90b8-8175a782d62b"
"17-08-2026 09:38:53","3","Information","Microsoft-Windows-SenseIR","Succeeded to run action RunPSScriptAction. Action ID: 9f2a6e93-4b3c-4a21-9d6a-879ebba4d64d"
"17-08-2026 09:38:52","3","Information","Microsoft-Windows-SenseIR","Succeeded to run action RunPSScriptAction. Action ID: 93514365-7ff3-4f5e-9dfd-7eb9f6b779a7"
"17-08-2026 09:38:48","1","Information","Microsoft-Windows-SenseIR","Starting action RunPSScriptAction. Action ID: 9f2a6e93-4b3c-4a21-9d6a-879ebba4d64d"
"17-08-2026 09:38:48","1","Information","Microsoft-Windows-SenseIR","Starting action RunPSScriptAction. Action ID: 8e0b85ee-da90-46d9-b939-75081a1ceb3a"
"17-08-2026 09:38:48","1","Information","Microsoft-Windows-SenseIR","Starting action RunPSScriptAction. Action ID: 93514365-7ff3-4f5e-9dfd-7eb9f6b779a7"
"17-08-2026 09:38:38","4","Information","Microsoft-Windows-SenseIR","Windows Defender Advanced Threat Protection Incident Response executable started."
"15-08-2026 05:11:38","3","Information","Microsoft-Windows-SenseIR","Succeeded to run action RunPSScriptAction. Action ID: 046a3caf-d9ec-4da6-a32a-fb148992596b"
"14-08-2026 20:08:41","5","Information","Microsoft-Windows-SenseIR","Windows Defender Advanced Threat Protection Incident Response executable terminated. Exit code: 0x0"
"14-08-2026 19:43:12","1","Information","Microsoft-Windows-SenseIR","Starting action RunPSScriptAction. Action ID: 046a3caf-d9ec-4da6-a32a-fb148992596b"
"14-08-2026 19:43:01","4","Information","Microsoft-Windows-SenseIR","Windows Defender Advanced Threat Protection Incident Response executable started."
"14-08-2026 19:16:21","5","Information","Microsoft-Windows-SenseIR","Windows Defender Advanced Threat Protection Incident Response executable terminated. Exit code: 0x0"
"14-08-2026 18:55:53","3","Information","Microsoft-Windows-SenseIR","Succeeded to run action RunPSScriptAction. Action ID: 0e3d6d2d-06cc-486d-9465-9ef3bee75444"
"14-08-2026 18:55:20","1","Information","Microsoft-Windows-SenseIR","Starting action RunPSScriptAction. Action ID: 0e3d6d2d-06cc-486d-9465-9ef3bee75444"
"14-08-2026 18:55:10","4","Information","Microsoft-Windows-SenseIR","Windows Defender Advanced Threat Protection Incident Response executable started."
"14-08-2026 18:44:26","5","Information","Microsoft-Windows-SenseIR","Windows Defender Advanced Threat Protection Incident Response executable terminated. Exit code: 0x0"
"14-08-2026 18:23:35","3","Information","Microsoft-Windows-SenseIR","Succeeded to run action RunPSScriptAction. Action ID: 0e371fa0-b3cb-4d76-93ad-467add004280"
"14-08-2026 18:23:25","1","Information","Microsoft-Windows-SenseIR","Starting action RunPSScriptAction. Action ID: 0e371fa0-b3cb-4d76-93ad-467add004280"
"14-08-2026 18:08:07","3","Information","Microsoft-Windows-SenseIR","Succeeded to run action RunPSScriptAction. Action ID: fc19515e-4fbb-46d1-b1f4-a28b394632fe"
"14-08-2026 18:08:04","1","Information","Microsoft-Windows-SenseIR","Starting action RunPSScriptAction. Action ID: fc19515e-4fbb-46d1-b1f4-a28b394632fe"
"14-08-2026 18:06:33","3","Information","Microsoft-Windows-SenseIR","Succeeded to run action RunPSScriptAction. Action ID: 9e137068-a631-45e6-81aa-4adda242796e"
"14-08-2026 18:06:24","1","Information","Microsoft-Windows-SenseIR","Starting action RunPSScriptAction. Action ID: 9e137068-a631-45e6-81aa-4adda242796e"
"14-08-2026 18:02:07","3","Information","Microsoft-Windows-SenseIR","Succeeded to run action RunPSScriptAction. Action ID: aceb19ff-8484-4db4-b8f6-f5a8d03a8c4a"
"14-08-2026 18:02:04","1","Information","Microsoft-Windows-SenseIR","Starting action RunPSScriptAction. Action ID: aceb19ff-8484-4db4-b8f6-f5a8d03a8c4a"
"14-08-2026 18:01:36","3","Information","Microsoft-Windows-SenseIR","Succeeded to run action RunPSScriptAction. Action ID: cb7aec68-dfca-4632-88ad-5b019cb0957d"
"14-08-2026 18:01:33","1","Information","Microsoft-Windows-SenseIR","Starting action RunPSScriptAction. Action ID: cb7aec68-dfca-4632-88ad-5b019cb0957d"
"14-08-2026 17:58:22","3","Information","Microsoft-Windows-SenseIR","Succeeded to run action RunPSScriptAction. Action ID: 211ef051-ecf9-4b99-9eed-76e45a831a19"
"14-08-2026 17:58:13","1","Information","Microsoft-Windows-SenseIR","Starting action RunPSScriptAction. Action ID: 211ef051-ecf9-4b99-9eed-76e45a831a19"
"14-08-2026 17:58:03","4","Information","Microsoft-Windows-SenseIR","Windows Defender Advanced Threat Protection Incident Response executable started."
"14-08-2026 17:49:31","5","Information","Microsoft-Windows-SenseIR","Windows Defender Advanced Threat Protection Incident Response executable terminated. Exit code: 0x0"
"14-08-2026 17:28:42","3","Information","Microsoft-Windows-SenseIR","Succeeded to run action RunPSScriptAction. Action ID: cfa5b5b7-e717-474f-ad6a-a99ebd513b5c"
"14-08-2026 17:28:30","1","Information","Microsoft-Windows-SenseIR","Starting action RunPSScriptAction. Action ID: cfa5b5b7-e717-474f-ad6a-a99ebd513b5c"
"14-08-2026 17:28:20","4","Information","Microsoft-Windows-SenseIR","Windows Defender Advanced Threat Protection Incident Response executable started."
"14-08-2026 17:19:03","5","Information","Microsoft-Windows-SenseIR","Windows Defender Advanced Threat Protection Incident Response executable terminated. Exit code: 0x0"
"14-08-2026 16:59:34","3","Information","Microsoft-Windows-SenseIR","Succeeded to run action RunPSScriptAction. Action ID: a391f42c-7e1a-4611-8494-1817d2420e09"
"14-08-2026 16:58:02","1","Information","Microsoft-Windows-SenseIR","Starting action RunPSScriptAction. Action ID: a391f42c-7e1a-4611-8494-1817d2420e09"
"14-08-2026 16:37:10","3","Information","Microsoft-Windows-SenseIR","Succeeded to run action RunPSScriptAction. Action ID: acd1e8f4-3c26-49a7-bec8-9d7a15e1a6d2"
"14-08-2026 16:37:01","1","Information","Microsoft-Windows-SenseIR","Starting action RunPSScriptAction. Action ID: acd1e8f4-3c26-49a7-bec8-9d7a15e1a6d2"
"14-08-2026 16:25:45","3","Information","Microsoft-Windows-SenseIR","Succeeded to run action RunPSScriptAction. Action ID: 36dc1ba5-2d7a-4cc0-8b07-8b26d1899492"
"14-08-2026 16:25:31","1","Information","Microsoft-Windows-SenseIR","Starting action RunPSScriptAction. Action ID: 36dc1ba5-2d7a-4cc0-8b07-8b26d1899492"
"14-08-2026 16:23:01","3","Information","Microsoft-Windows-SenseIR","Succeeded to run action RunPSScriptAction. Action ID: efc69106-6fc1-423a-94ef-221e65a28f09"
"14-08-2026 16:22:40","1","Information","Microsoft-Windows-SenseIR","Starting action RunPSScriptAction. Action ID: efc69106-6fc1-423a-94ef-221e65a28f09"
"14-08-2026 16:22:30","4","Information","Microsoft-Windows-SenseIR","Windows Defender Advanced Threat Protection Incident Response executable started."
"14-08-2026 15:49:05","5","Information","Microsoft-Windows-SenseIR","Windows Defender Advanced Threat Protection Incident Response executable terminated. Exit code: 0x0"
"14-08-2026 15:28:58","3","Information","Microsoft-Windows-SenseIR","Succeeded to run action RunPSScriptAction. Action ID: 3fa4876e-3ae5-4c59-9a4d-08a7400268a5"
"14-08-2026 15:28:04","1","Information","Microsoft-Windows-SenseIR","Starting action RunPSScriptAction. Action ID: 3fa4876e-3ae5-4c59-9a4d-08a7400268a5"
"14-08-2026 15:22:33","3","Information","Microsoft-Windows-SenseIR","Succeeded to run action RunPSScriptAction. Action ID: 53159fd8-6386-48c2-91e8-cf4860599c43"
"14-08-2026 15:22:13","1","Information","Microsoft-Windows-SenseIR","Starting action RunPSScriptAction. Action ID: 53159fd8-6386-48c2-91e8-cf4860599c43"
"14-08-2026 15:06:33","3","Information","Microsoft-Windows-SenseIR","Succeeded to run action RunPSScriptAction. Action ID: 2d76cc84-8291-481d-845d-62f59f16e445"
"14-08-2026 15:06:22","1","Information","Microsoft-Windows-SenseIR","Starting action RunPSScriptAction. Action ID: 2d76cc84-8291-481d-845d-62f59f16e445"
"14-08-2026 15:06:12","4","Information","Microsoft-Windows-SenseIR","Windows Defender Advanced Threat Protection Incident Response executable started."
"14-08-2026 14:17:08","5","Information","Microsoft-Windows-SenseIR","Windows Defender Advanced Threat Protection Incident Response executable terminated. Exit code: 0x0"
"14-08-2026 13:56:12","3","Information","Microsoft-Windows-SenseIR","Succeeded to run action RunPSScriptAction. Action ID: 046a3caf-d9ec-4da6-a32a-fb148992596b"
"14-08-2026 13:56:08","1","Information","Microsoft-Windows-SenseIR","Starting action RunPSScriptAction. Action ID: 046a3caf-d9ec-4da6-a32a-fb148992596b"
"14-08-2026 13:52:41","3","Information","Microsoft-Windows-SenseIR","Succeeded to run action RunPSScriptAction. Action ID: 9bde6f2a-afcb-4c11-b890-d6a1f78e5c4b"
"14-08-2026 13:52:37","1","Information","Microsoft-Windows-SenseIR","Starting action RunPSScriptAction. Action ID: 9bde6f2a-afcb-4c11-b890-d6a1f78e5c4b"
"14-08-2026 13:52:27","4","Information","Microsoft-Windows-SenseIR","Windows Defender Advanced Threat Protection Incident Response executable started."
"14-08-2026 13:45:52","5","Information","Microsoft-Windows-SenseIR","Windows Defender Advanced Threat Protection Incident Response executable terminated. Exit code: 0x0"
"14-08-2026 13:24:53","3","Information","Microsoft-Windows-SenseIR","Succeeded to run action RunPSScriptAction. Action ID: 05f2c576-9ed5-41eb-9b1e-1b653eebfdff"
"14-08-2026 13:24:51","1","Information","Microsoft-Windows-SenseIR","Starting action RunPSScriptAction. Action ID: 05f2c576-9ed5-41eb-9b1e-1b653eebfdff"
"14-08-2026 13:24:41","4","Information","Microsoft-Windows-SenseIR","Windows Defender Advanced Threat Protection Incident Response executable started."
"13-08-2026 18:30:48","5","Information","Microsoft-Windows-SenseIR","Windows Defender Advanced Threat Protection Incident Response executable terminated. Exit code: 0x0"
"13-08-2026 18:09:56","3","Information","Microsoft-Windows-SenseIR","Succeeded to run action RunPSScriptAction. Action ID: 9e137068-a631-45e6-81aa-4adda242796e"
"13-08-2026 18:09:47","1","Information","Microsoft-Windows-SenseIR","Starting action RunPSScriptAction. Action ID: 9e137068-a631-45e6-81aa-4adda242796e"
"13-08-2026 18:03:24","3","Information","Microsoft-Windows-SenseIR","Succeeded to run action RunPSScriptAction. Action ID: 046a3caf-d9ec-4da6-a32a-fb148992596b"
"13-08-2026 18:03:17","1","Information","Microsoft-Windows-SenseIR","Starting action RunPSScriptAction. Action ID: 046a3caf-d9ec-4da6-a32a-fb148992596b"
"13-08-2026 17:54:48","3","Information","Microsoft-Windows-SenseIR","Succeeded to run action RunPSScriptAction. Action ID: 8e0b85ee-da90-46d9-b939-75081a1ceb3a"
"13-08-2026 17:54:37","1","Information","Microsoft-Windows-SenseIR","Starting action RunPSScriptAction. Action ID: 8e0b85ee-da90-46d9-b939-75081a1ceb3a"
"13-08-2026 17:54:26","4","Information","Microsoft-Windows-SenseIR","Windows Defender Advanced Threat Protection Incident Response executable started."
"13-08-2026 17:53:04","5","Information","Microsoft-Windows-SenseIR","Windows Defender Advanced Threat Protection Incident Response executable terminated. Exit code: 0x0"
"13-08-2026 17:32:08","3","Information","Microsoft-Windows-SenseIR","Succeeded to run action RunPSScriptAction. Action ID: fc19515e-4fbb-46d1-b1f4-a28b394632fe"
"13-08-2026 17:32:03","1","Information","Microsoft-Windows-SenseIR","Starting action RunPSScriptAction. Action ID: fc19515e-4fbb-46d1-b1f4-a28b394632fe"
"13-08-2026 17:31:52","4","Information","Microsoft-Windows-SenseIR","Windows Defender Advanced Threat Protection Incident Response executable started."
"13-08-2026 17:28:00","5","Information","Microsoft-Windows-SenseIR","Windows Defender Advanced Threat Protection Incident Response executable terminated. Exit code: 0x0"
"13-08-2026 17:07:08","3","Information","Microsoft-Windows-SenseIR","Succeeded to run action RunPSScriptAction. Action ID: 211ef051-ecf9-4b99-9eed-76e45a831a19"
"13-08-2026 17:07:00","1","Information","Microsoft-Windows-SenseIR","Starting action RunPSScriptAction. Action ID: 211ef051-ecf9-4b99-9eed-76e45a831a19"
"13-08-2026 17:06:49","4","Information","Microsoft-Windows-SenseIR","Windows Defender Advanced Threat Protection Incident Response executable started."
"13-08-2026 16:59:15","5","Information","Microsoft-Windows-SenseIR","Windows Defender Advanced Threat Protection Incident Response executable terminated. Exit code: 0x0"
"13-08-2026 16:38:23","3","Information","Microsoft-Windows-SenseIR","Succeeded to run action RunPSScriptAction. Action ID: 100c7519-406d-49cb-b7eb-41ce85513276"
"13-08-2026 16:38:15","1","Information","Microsoft-Windows-SenseIR","Starting action RunPSScriptAction. Action ID: 100c7519-406d-49cb-b7eb-41ce85513276"
"13-08-2026 16:38:04","4","Information","Microsoft-Windows-SenseIR","Windows Defender Advanced Threat Protection Incident Response executable started."
"13-08-2026 15:54:10","5","Information","Microsoft-Windows-SenseIR","Windows Defender Advanced Threat Protection Incident Response executable terminated. Exit code: 0x0"
"13-08-2026 15:33:40","3","Information","Microsoft-Windows-SenseIR","Succeeded to run action RunPSScriptAction. Action ID: 0e3d6d2d-06cc-486d-9465-9ef3bee75444"
"13-08-2026 15:33:10","1","Information","Microsoft-Windows-SenseIR","Starting action RunPSScriptAction. Action ID: 0e3d6d2d-06cc-486d-9465-9ef3bee75444"
"13-08-2026 15:32:59","4","Information","Microsoft-Windows-SenseIR","Windows Defender Advanced Threat Protection Incident Response executable started."
"13-08-2026 14:36:56","5","Information","Microsoft-Windows-SenseIR","Windows Defender Advanced Threat Protection Incident Response executable terminated. Exit code: 0x0"
"13-08-2026 14:15:58","3","Information","Microsoft-Windows-SenseIR","Succeeded to run action RunPSScriptAction. Action ID: 93514365-7ff3-4f5e-9dfd-7eb9f6b779a7"
"13-08-2026 14:15:55","1","Information","Microsoft-Windows-SenseIR","Starting action RunPSScriptAction. Action ID: 93514365-7ff3-4f5e-9dfd-7eb9f6b779a7"
"13-08-2026 14:08:14","3","Information","Microsoft-Windows-SenseIR","Succeeded to run action RunPSScriptAction. Action ID: 2d76cc84-8291-481d-845d-62f59f16e445"
"13-08-2026 14:08:05","1","Information","Microsoft-Windows-SenseIR","Starting action RunPSScriptAction. Action ID: 2d76cc84-8291-481d-845d-62f59f16e445"
"13-08-2026 14:07:54","4","Information","Microsoft-Windows-SenseIR","Windows Defender Advanced Threat Protection Incident Response executable started."
"13-08-2026 13:05:45","5","Information","Microsoft-Windows-SenseIR","Windows Defender Advanced Threat Protection Incident Response executable terminated. Exit code: 0x0"
"13-08-2026 12:44:57","3","Information","Microsoft-Windows-SenseIR","Succeeded to run action RunPSScriptAction. Action ID: efc69106-6fc1-423a-94ef-221e65a28f09"
"13-08-2026 12:44:45","1","Information","Microsoft-Windows-SenseIR","Starting action RunPSScriptAction. Action ID: efc69106-6fc1-423a-94ef-221e65a28f09"
"13-08-2026 12:44:34","4","Information","Microsoft-Windows-SenseIR","Windows Defender Advanced Threat Protection Incident Response executable started."
"13-08-2026 12:41:10","5","Information","Microsoft-Windows-SenseIR","Windows Defender Advanced Threat Protection Incident Response executable terminated. Exit code: 0x0"
"13-08-2026 12:21:13","3","Information","Microsoft-Windows-SenseIR","Succeeded to run action RunPSScriptAction. Action ID: 3fa4876e-3ae5-4c59-9a4d-08a7400268a5"
"13-08-2026 12:20:47","3","Information","Microsoft-Windows-SenseIR","Succeeded to run action RunPSScriptAction. Action ID: a391f42c-7e1a-4611-8494-1817d2420e09"
"13-08-2026 12:20:09","1","Information","Microsoft-Windows-SenseIR","Starting action RunPSScriptAction. Action ID: 3fa4876e-3ae5-4c59-9a4d-08a7400268a5"
"13-08-2026 12:19:09","1","Information","Microsoft-Windows-SenseIR","Starting action RunPSScriptAction. Action ID: a391f42c-7e1a-4611-8494-1817d2420e09"
"13-08-2026 12:16:30","3","Information","Microsoft-Windows-SenseIR","Succeeded to run action RunPSScriptAction. Action ID: 046a3caf-d9ec-4da6-a32a-fb148992596b"
"13-08-2026 12:16:19","1","Information","Microsoft-Windows-SenseIR","Starting action RunPSScriptAction. Action ID: 046a3caf-d9ec-4da6-a32a-fb148992596b"
