"19-08-2026 10:14:27","2006","Information","Microsoft-Windows-Install-Agent","[Telemetry]: ResumeInstallation :: _TlgCV_ = C2GP50Qp5keFT0qP.1.0  ProductId = 9PLFNLNT3G5G  PFN = AppUp.IntelGraphicsExperience_8j3eq9eme6ctt  CategoryId = e16735c5-32a5-4fc3-a094-7c4c073b30b8  BundleId =   IsUpdate = true  IsRemediation = false  IsInteractive = false  IsMandatory = false  IsRestore = false  AttemptNumber = 2  SystemAttemptNumber = 2  UserAttemptNumber = 0  IsUserRetry = false  ClientAppId = Update;MoUpdateOrchestratorDeviceScan-MoUsoCoreWorker-SearchForAllUpdatesWithUpdateOptionsAsync  ResumeClientId =   ParentBundleId =   IsBundle = false  WUContentId =   AggregatedPackageFullNames = AppUp.IntelGraphicsExperience_1.100.5688.0_neutral_~_8j3eq9eme6ctt  PreviousInstallState = 7  HResult = 0  PreviousHResult = 0  RelatedCV = C2GP50Qp5keFT0qP.1.0  
Error: Unknown HResult Error code: 0xefffffff
Function: LogTelemetryEvent
Source: onecoreuap\enduser\winstore\installservice\svc\logging.cpp (10)"
"19-08-2026 10:14:27","2006","Information","Microsoft-Windows-Install-Agent","UserOverrideRequestedForBlockedState status code = 1 for MoUsoCoreWorker
Error: Unknown HResult Error code: 0xefffffff
Function: InstallQueue2::Resume
Source: onecoreuap\enduser\winstore\installservice\libqueue2\installqueue2.cpp (764)"
"19-08-2026 10:14:27","2006","Information","Microsoft-Windows-Install-Agent","MoUsoCoreWorker is in the disallow list for Resume APIs setting userInteractive = false
Error: Unknown HResult Error code: 0xefffffff
Function: Utils::IsCallerInteractiveResume
Source: onecoreuap\enduser\winstore\installservice\lib\utils.cpp (445)"
"19-08-2026 10:14:27","2006","Information","Microsoft-Windows-Install-Agent","Checking interactive for resume caller: MoUsoCoreWorker
Error: Unknown HResult Error code: 0xefffffff
Function: Utils::IsCallerInteractiveResume
Source: onecoreuap\enduser\winstore\installservice\lib\utils.cpp (442)"
"19-08-2026 10:14:27","2006","Information","Microsoft-Windows-Install-Agent","[Start] Resume QueueItemId = {FCA5D78B-5197-453F-95F9-023E8703620C}  
Error: The operation completed successfully.
Function: InstallQueue2::Resume
Source: onecoreuap\enduser\winstore\installservice\libqueue2\installqueue2.cpp (735)"
"19-08-2026 10:14:27","2006","Information","Microsoft-Windows-Install-Agent","Queue State: Working = 1, Pending = 0, Idle = 3  
Error: The operation completed successfully.
Function: InstallQueue2::_FindNextPendingItem
Source: onecoreuap\enduser\winstore\installservice\libqueue2\installqueue2.cpp (4735)"
"19-08-2026 10:14:27","2006","Information","Microsoft-Windows-Install-Agent","Queue State: Working = 1, Pending = 0, Idle = 3  
Error: The operation completed successfully.
Function: InstallQueue2::_FindNextPendingItem
Source: onecoreuap\enduser\winstore\installservice\libqueue2\installqueue2.cpp (4735)"
"19-08-2026 10:14:27","2006","Information","Microsoft-Windows-Install-Agent","Received checkpoint data updateItem = 9PLFNLNT3G5G   
Error: The operation completed successfully.
Function: InstallQueue2::NotifyCheckpointChanged
Source: onecoreuap\enduser\winstore\installservice\libqueue2\installqueue2.cpp (3567)"
"19-08-2026 10:14:27","2006","Information","Microsoft-Windows-Install-Agent","[End] Creating UWA Work FulfillmentData = {""ProductId"":""9PLFNLNT3G5G"",""WuBundleId"":""c35e480e-6cac-4458-9595-68ff149e6e7a"",""WuCategoryId"":""e16735c5-32a5-4fc3-a094-7c4c073b30b8"",""PackageFamilyName"":""AppUp.IntelGraphicsExperience_8j3eq9eme6ctt"",""SkuId"":""0010"",""Content"":null,""PackageFeatures"":null}  
Error: The operation completed successfully.
Function: UWAInstallServiceWorkItem::UWAInstallServiceWorkItem
Source: onecoreuap\enduser\winstore\installservice\libqueue2\uwainstallworkbridge.cpp (494)"
"19-08-2026 10:14:27","2007","Warning","Microsoft-Windows-Install-Agent","Skipping fulfillment data map entry: PackageRank=15961307009224874972, PackageFullName=(empty)
Error: Unknown HResult Error code: 0xefffffff
Function: UWAInstallWork::UWAInstallWork
Source: onecoreuap\enduser\winstore\installservice\lib\uwainstallwork.cpp (619)"
"19-08-2026 10:14:27","2006","Information","Microsoft-Windows-Install-Agent","Update Work Flags: AutomaticallyDownloadAndInstallUpdateIfFound = false, IsSystemComponent = false, IsMandatory = false, IsAutoUpdateEnabled = true, IsMandatoryAllowed = false, IsUpdateNow = false 
Error: Unknown HResult Error code: 0xefffffff
Function: UWAInstallServiceWorkItem::UWAInstallServiceWorkItem
Source: onecoreuap\enduser\winstore\installservice\libqueue2\uwainstallworkbridge.cpp (629)"
"19-08-2026 10:14:27","2006","Information","Microsoft-Windows-Install-Agent","WU scan found 1 packages
Error: Unknown HResult Error code: 0xefffffff
Function: _PackagesFromSearchResult
Source: onecoreuap\enduser\winstore\installservice\lib\wuhelpers.cpp (157)"
"19-08-2026 10:14:25","2006","Information","Microsoft-Windows-Install-Agent","Queue State: Working = 1, Pending = 0, Idle = 3  
Error: The operation completed successfully.
Function: InstallQueue2::_FindNextPendingItem
Source: onecoreuap\enduser\winstore\installservice\libqueue2\installqueue2.cpp (4735)"
"19-08-2026 10:14:25","2006","Information","Microsoft-Windows-Install-Agent","[Telemetry]: InstallQueueHeartbeat :: ProductId = 9NBLGGH4QGHW  PFN = Microsoft.MicrosoftStickyNotes_8wekyb3d8bbwe  DownloadSize = 0  IsInteractive = 0  PreviousPercentDownloaded = 0  CurrentPercentDownloaded = 0  BytesDownloadedSinceLastProgress = 66560  TimeSinceLastProgressReported = 1040  ConcurrentWorkingItems = 1  __TlgCV__ = Xem5Ppz73UK1XOmr.4  
Error: Unknown HResult Error code: 0xefffffff
Function: LogTelemetryEvent
Source: onecoreuap\enduser\winstore\installservice\svc\logging.cpp (10)"
"19-08-2026 10:14:25","2005","Verbose","Microsoft-Windows-Install-Agent","UWAInstallWork::OnProgress Updating InstallAgentPdcActivation
Error: Unknown HResult Error code: 0xefffffff
Function: UWAInstallWork::OnProgress
Source: onecoreuap\enduser\winstore\installservice\lib\uwainstallwork.cpp (1285)"
"19-08-2026 10:14:24","2006","Information","Microsoft-Windows-Install-Agent","Queue State: Working = 1, Pending = 0, Idle = 3  
Error: The operation completed successfully.
Function: InstallQueue2::_FindNextPendingItem
Source: onecoreuap\enduser\winstore\installservice\libqueue2\installqueue2.cpp (4735)"
"19-08-2026 10:14:24","2006","Information","Microsoft-Windows-Install-Agent","[Telemetry]: InstallQueueHeartbeat :: ProductId = 9NBLGGH4QGHW  PFN = Microsoft.MicrosoftStickyNotes_8wekyb3d8bbwe  DownloadSize = 0  IsInteractive = 0  PreviousPercentDownloaded = 0  CurrentPercentDownloaded = 0  BytesDownloadedSinceLastProgress = 133120  TimeSinceLastProgressReported = 3649  ConcurrentWorkingItems = 1  __TlgCV__ = Xem5Ppz73UK1XOmr.4  
Error: Unknown HResult Error code: 0xefffffff
Function: LogTelemetryEvent
Source: onecoreuap\enduser\winstore\installservice\svc\logging.cpp (10)"
"19-08-2026 10:14:24","2005","Verbose","Microsoft-Windows-Install-Agent","UWAInstallWork::OnProgress Updating InstallAgentPdcActivation
Error: Unknown HResult Error code: 0xefffffff
Function: UWAInstallWork::OnProgress
Source: onecoreuap\enduser\winstore\installservice\lib\uwainstallwork.cpp (1285)"
"19-08-2026 10:14:24","2006","Information","Microsoft-Windows-Install-Agent","[Telemetry]: DownloadProgressHeartbeat :: _TlgCV_ = C2GP50Qp5keFT0qP.1.3  ClientAppId = Update;MoUpdateOrchestratorDeviceScan-MoUsoCoreWorker-SearchForAllUpdatesWithUpdateOptionsAsync  ProductId = 9NBLGGH4QGHW  PFN = Microsoft.MicrosoftStickyNotes_8wekyb3d8bbwe  DownloadSize = 0  IsInteractive = false  IsInstall = false  PreviousPercentDownloaded = 0  CurrentPercentDownloaded = 0  PreviousTotalBytesDownloaded = 133120  CurrentTotalBytesDownloaded = 133120  timeSinceLastProgressReported = 71028015  
Error: Unknown HResult Error code: 0xefffffff
Function: LogTelemetryEvent
Source: onecoreuap\enduser\winstore\installservice\svc\logging.cpp (10)"
"19-08-2026 10:14:24","2006","Information","Microsoft-Windows-Install-Agent","WU query: ""IsInstalled=0 AND AppCategoryIDs contains 'e16735c5-32a5-4fc3-a094-7c4c073b30b8'""
Error: Unknown HResult Error code: 0xefffffff
Function: SearchUpdatePackages
Source: onecoreuap\enduser\winstore\installservice\lib\wuhelpers.cpp (359)"
"19-08-2026 10:14:24","2006","Information","Microsoft-Windows-Install-Agent","UUS Version = 1508.2606.17012.0
Error: Unknown HResult Error code: 0xefffffff
Function: SearchUpdatePackages
Source: onecoreuap\enduser\winstore\installservice\lib\wuhelpers.cpp (286)"
"19-08-2026 10:14:24","2006","Information","Microsoft-Windows-Install-Agent","AppId = e16735c5-32a5-4fc3-a094-7c4c073b30b8, WU Installed Flag = 0, OnlineSearch = 0, Interactive = 0, Scope = 4, Client ID = Update;MoUpdateOrchestratorDeviceScan-MoUsoCoreWorker-SearchForAllUpdatesWithUpdateOptionsAsync
Error: Unknown HResult Error code: 0xefffffff
Function: SearchUpdatePackages
Source: onecoreuap\enduser\winstore\installservice\lib\wuhelpers.cpp (280)"
"19-08-2026 10:14:24","2006","Information","Microsoft-Windows-Install-Agent","[Start] Creating UWA Work FulfillmentData = {""ProductId"":""9PLFNLNT3G5G"",""WuBundleId"":""c35e480e-6cac-4458-9595-68ff149e6e7a"",""WuCategoryId"":""e16735c5-32a5-4fc3-a094-7c4c073b30b8"",""PackageFamilyName"":""AppUp.IntelGraphicsExperience_8j3eq9eme6ctt"",""SkuId"":""0010"",""Content"":null,""PackageFeatures"":null}  
Error: The operation completed successfully.
Function: UWAInstallServiceWorkItem::UWAInstallServiceWorkItem
Source: onecoreuap\enduser\winstore\installservice\libqueue2\uwainstallworkbridge.cpp (494)"
"19-08-2026 10:14:24","2006","Information","Microsoft-Windows-Install-Agent","[Start] ResumeWithFlags2 QueueItemId = {FCA5D78B-5197-453F-95F9-023E8703620C}  
Error: The operation completed successfully.
Function: InstallQueue2::ResumeWithFlags2
Source: onecoreuap\enduser\winstore\installservice\libqueue2\installqueue2.cpp (965)"
"19-08-2026 10:14:24","2006","Information","Microsoft-Windows-Install-Agent","[Telemetry]: ResumeOperationRequest :: __TlgCV__ = C2GP50Qp5keFT0qP.1  ProductId = 9PLFNLNT3G5G  
Error: Unknown HResult Error code: 0xefffffff
Function: LogTelemetryEvent
Source: onecoreuap\enduser\winstore\installservice\svc\logging.cpp (10)"
"19-08-2026 10:14:24","2006","Information","Microsoft-Windows-Install-Agent","ResumeWithFlags request: productId = 9PLFNLNT3G5G, clientAppId = MoUsoCoreWorker
Error: Unknown HResult Error code: 0xefffffff
Function: Windows::ApplicationModel::Store::Preview::InstallControl::AppInstallManagerImpl::ResumeWithFlags
Source: onecoreuap\enduser\winstore\installservice\lib\appinstallcontrol.cpp (1421)"
"19-08-2026 10:14:24","2006","Information","Microsoft-Windows-Install-Agent","IsBackgroundUpdateAllowed result: true
Error: Unknown HResult Error code: 0xefffffff
Function: Windows::ApplicationModel::Store::Preview::InstallControl::AppInstallManagerImpl::get_IsBackgroundUpdateAllowed
Source: onecoreuap\enduser\winstore\installservice\lib\appinstallcontrol.cpp (7817)"
"19-08-2026 10:14:24","2006","Information","Microsoft-Windows-Install-Agent","Windows Update Enabled = 1
Error: Unknown HResult Error code: 0xefffffff
Function: GetWindowsUpdateAllowed
Source: onecoreuap\enduser\winstore\installservice\lib\settings.cpp (148)"
"19-08-2026 10:14:23","2006","Information","Microsoft-Windows-Install-Agent","Queue State: Working = 1, Pending = 0, Idle = 3  
Error: The operation completed successfully.
Function: InstallQueue2::_FindNextPendingItem
Source: onecoreuap\enduser\winstore\installservice\libqueue2\installqueue2.cpp (4735)"
"19-08-2026 10:14:23","2006","Information","Microsoft-Windows-Install-Agent","Failure detected
Error: Unknown HResult Error code: 0x80240024
Function: 
Source: NULL (0)"
"19-08-2026 10:14:23","2006","Information","Microsoft-Windows-Install-Agent","winrt::hresult_error: onecoreuap\enduser\winstore\installservice\libqueue2\uwainstallworkbridge.cpp(569)\installservice.dll!00007FF9A1772BE7: (caller: 00007FF9A176FF6E) Exception(2) tid(6ee0) 80240024
Error: Unknown HResult Error code: 0x80240024
Function: 
Source: NULL (0)"
"19-08-2026 10:14:23","2008","Error","Microsoft-Windows-Install-Agent","[Error] ResumeWithFlags2 QueueItemId = {DF23FA3A-5C32-410A-9B71-7B7E2DA860D4}  
Error: The operation completed successfully.
Function: InstallQueue2::ResumeWithFlags2
Source: onecoreuap\enduser\winstore\installservice\libqueue2\installqueue2.cpp (965)"
"19-08-2026 10:14:23","2008","Error","Microsoft-Windows-Install-Agent","Error while creating new work in ResumeWithFlags HResult = -2145124316, Identifer = Error 
Error: The operation completed successfully.
Function: InstallQueue2::_ResumeWithFlagsWorker
Source: onecoreuap\enduser\winstore\installservice\libqueue2\installqueue2.cpp (905)"
"19-08-2026 10:14:23","2006","Information","Microsoft-Windows-Install-Agent","winrt::hresult_error: onecoreuap\enduser\winstore\installservice\libqueue2\uwainstallworkbridge.cpp(569)\installservice.dll!00007FF9A1772BE7: (caller: 00007FF9A176FF6E) Exception(2) tid(6ee0) 80240024
Error: Unknown HResult Error code: 0x80240024
Function: 
Source: NULL (0)"
"19-08-2026 10:14:23","2006","Information","Microsoft-Windows-Install-Agent","Failure detected
Error: Unknown HResult Error code: 0x80240024
Function: 
Source: NULL (0)"
"19-08-2026 10:14:23","2006","Information","Microsoft-Windows-Install-Agent","winrt::hresult_error: onecoreuap\enduser\winstore\installservice\libqueue2\uwainstallworkbridge.cpp(569)\installservice.dll!00007FF9A1772BE7: (caller: 00007FF9A176FF6E) Exception(2) tid(6ee0) 80240024
Error: Unknown HResult Error code: 0x80240024
Function: 
Source: NULL (0)"
"19-08-2026 10:14:23","2006","Information","Microsoft-Windows-Install-Agent","Failure detected
Error: Unknown HResult Error code: 0x80240024
Function: 
Source: NULL (0)"
"19-08-2026 10:14:23","2008","Error","Microsoft-Windows-Install-Agent","Error creating work item 
Error: Unknown HResult Error code: 0x80240024
Function: UWAInstallServiceWorkItem::UWAInstallServiceWorkItem
Source: onecoreuap\enduser\winstore\installservice\libqueue2\uwainstallworkbridge.cpp (652)"
"19-08-2026 10:14:23","2008","Error","Microsoft-Windows-Install-Agent","[Error] Creating UWA Work FulfillmentData = {""ProductId"":""9N3RK8ZV2ZR8"",""WuBundleId"":""aba068c1-d920-4ef3-b596-a34c969950df"",""WuCategoryId"":""2ff93c20-14ba-4cbd-bd81-0bc49484fdc6"",""PackageFamilyName"":""Microsoft.WidgetsPlatformRuntime_8wekyb3d8bbwe"",""SkuId"":""0010"",""Content"":null,""PackageFeatures"":null}  
Error: The operation completed successfully.
Function: UWAInstallServiceWorkItem::UWAInstallServiceWorkItem
Source: onecoreuap\enduser\winstore\installservice\libqueue2\uwainstallworkbridge.cpp (494)"
"19-08-2026 10:14:23","2007","Warning","Microsoft-Windows-Install-Agent","Failure detected
Error: Unknown HResult Error code: 0x80240024
Function: 
Source: onecoreuap\enduser\winstore\installservice\libqueue2\uwainstallworkbridge.cpp (569)"
"19-08-2026 10:14:23","2006","Information","Microsoft-Windows-Install-Agent","WU scan found 0 packages
Error: Unknown HResult Error code: 0xefffffff
Function: _PackagesFromSearchResult
Source: onecoreuap\enduser\winstore\installservice\lib\wuhelpers.cpp (157)"
"19-08-2026 10:14:23","2006","Information","Microsoft-Windows-Install-Agent","Queue State: Working = 1, Pending = 0, Idle = 3  
Error: The operation completed successfully.
Function: InstallQueue2::_FindNextPendingItem
Source: onecoreuap\enduser\winstore\installservice\libqueue2\installqueue2.cpp (4735)"
"19-08-2026 10:14:23","2006","Information","Microsoft-Windows-Install-Agent","Item execution complete Item = 9NBLGGH10PG8   
Error: The operation completed successfully.
Function: InstallQueue2::NotifyCompleted
Source: onecoreuap\enduser\winstore\installservice\libqueue2\installqueue2.cpp (3713)"
"19-08-2026 10:14:23","2006","Information","Microsoft-Windows-Install-Agent","[Telemetry]: FulfillmentComplete :: ProductId = 9NBLGGH10PG8  PFN = Microsoft.People_8wekyb3d8bbwe  CatalogId =   FailedRetry = 0  DownloadSize = 66560  IsInteractive = 0  ClientAppId = Update;MoUpdateOrchestratorDeviceScan-MoUsoCoreWorker-SearchForAllUpdatesWithUpdateOptionsAsync  HResult = 0  __TlgCV__ = C2GP50Qp5keFT0qP.0.0  
Error: Unknown HResult Error code: 0xefffffff
Function: LogTelemetryEvent
Source: onecoreuap\enduser\winstore\installservice\svc\logging.cpp (10)"
"19-08-2026 10:14:23","2006","Information","Microsoft-Windows-Install-Agent","[Telemetry]: StateTransition :: ProductId = 9NBLGGH10PG8  PFN = Microsoft.People_8wekyb3d8bbwe  CatalogId =   FulfillmentPluginId = WU  PluginTelemetryData = {""OperationType"":""Update"",""ClientAppId"":""Update;MoUpdateOrchestratorDeviceScan-MoUsoCoreWorker-SearchForAllUpdatesWithUpdateOptionsAsync"",""ContentId"":""Microsoft.People_2021.2202.100.0_neutral_~_8wekyb3d8bbwe"",""WUContentId"":""1fe89c0b-9bed-cc5d-7426-9e4025d6bdd9"",""IsRemediation"":0,""CategoryId"":""cfc4a10e-0356-451d-bb3e-c4fe5edfd20c"",""ParentBundleId"":"""",""DownloadSize"":66560,""SystemAttemptNumber"":2,""UserAttemptNumber"":0,""AttemptNumber"":2,""WorkProperties"":{""IsInteractive"":0,""CallerApplicationId"":""MoUpdateOrchestratorDeviceScan-MoUsoCoreWorker-SearchForAllUpdatesWithUpdateOptionsAsync"",""InstallForAllUsers"":0,""AllowDownloadOnAnyNetwork"":0,""ForceUseOfNonRemovableStorage"":0,""AllowForcedAppRestart"":0,""IsDiscInstall"":0,""IsRestore"":0,""Repair"":0,""StageButDoNotInstall"":0,""RequiresElevation"":0,""AutomaticallyDownloadAndInstallUpdateIfFound"":0,""AllowCachedResult"":0,""UserIdentityInfo"":"""",""VolumePath"":""""},""extendedErrorCode"":0}  PrevState = Working  NewState = Completed  PluginLastStage = 5  HResult = 0  __TlgCV__ = C2GP50Qp5keFT0qP.0.0  
Error: Unknown HResult Error code: 0xefffffff
Function: LogTelemetryEvent
Source: onecoreuap\enduser\winstore\installservice\svc\logging.cpp (10)"
"19-08-2026 10:14:23","2006","Information","Microsoft-Windows-Install-Agent","[Telemetry]: EndInstall :: _TlgCV_ = C2GP50Qp5keFT0qP.1.9  ProductId = 9NBLGGH10PG8  PFN = Microsoft.People_8wekyb3d8bbwe  CategoryId = cfc4a10e-0356-451d-bb3e-c4fe5edfd20c  UpdateId = 9c2dba42-41cc-48bf-b041-945a90986dd2  BundleId =   IsUpdate = true  IsRemediation = false  IsInteractive = false  IsMandatory = false  IsRestore = false  AttemptNumber = 2  SystemAttemptNumber = 2  UserAttemptNumber = 0  ClientAppId = Update;MoUpdateOrchestratorDeviceScan-MoUsoCoreWorker-SearchForAllUpdatesWithUpdateOptionsAsync  ParentBundleId =   IsBundle = false  WUContentId = 1fe89c0b-9bed-cc5d-7426-9e4025d6bdd9  AggregatedPackageFullNames = Microsoft.People_2021.2202.100.0_neutral_~_8wekyb3d8bbwe  StageDurationInMilliseconds = 6041  HResult = 0  ExtendedHResult = -2147023728  
Error: Unknown HResult Error code: 0xefffffff
Function: LogTelemetryEvent
Source: onecoreuap\enduser\winstore\installservice\svc\logging.cpp (10)"
"19-08-2026 10:14:23","2005","Verbose","Microsoft-Windows-Install-Agent","Releasing InstallAgentPdcActivation
Error: Unknown HResult Error code: 0xefffffff
Function: UWAInstallWork::_InstallCompleted
Source: onecoreuap\enduser\winstore\installservice\lib\uwainstallwork.cpp (7753)"
"19-08-2026 10:14:23","2006","Information","Microsoft-Windows-Install-Agent","Completed Register operation for 1 users
Error: Unknown HResult Error code: 0xefffffff
Function: UWAInstallWork::_DoInstallWorkForAllLoggedOnUsers
Source: onecoreuap\enduser\winstore\installservice\lib\uwainstallwork.cpp (7499)"
"19-08-2026 10:14:23","2006","Information","Microsoft-Windows-Install-Agent","Nothing to register for User: S-1-12-1-2357405129-1281513531-255772574-1816207334. Skipping Install
Error: Unknown HResult Error code: 0xefffffff
Function: UWAInstallWork::_DoInstallWorkForAllLoggedOnUsers
Source: onecoreuap\enduser\winstore\installservice\lib\uwainstallwork.cpp (7424)"
"19-08-2026 10:14:23","2006","Information","Microsoft-Windows-Install-Agent","WU scan found 0 packages
Error: Unknown HResult Error code: 0xefffffff
Function: _PackagesFromSearchResult
Source: onecoreuap\enduser\winstore\installservice\lib\wuhelpers.cpp (157)"
"19-08-2026 10:14:22","2006","Information","Microsoft-Windows-Install-Agent","WU query: ""IsInstalled=0 AND AppCategoryIDs contains '2ff93c20-14ba-4cbd-bd81-0bc49484fdc6'""
Error: Unknown HResult Error code: 0xefffffff
Function: SearchUpdatePackages
Source: onecoreuap\enduser\winstore\installservice\lib\wuhelpers.cpp (359)"
"19-08-2026 10:14:22","2006","Information","Microsoft-Windows-Install-Agent","UUS Version = 1508.2606.17012.0
Error: Unknown HResult Error code: 0xefffffff
Function: SearchUpdatePackages
Source: onecoreuap\enduser\winstore\installservice\lib\wuhelpers.cpp (286)"
"19-08-2026 10:14:22","2006","Information","Microsoft-Windows-Install-Agent","AppId = 2ff93c20-14ba-4cbd-bd81-0bc49484fdc6, WU Installed Flag = 0, OnlineSearch = 0, Interactive = 0, Scope = 4, Client ID = Update;MoUpdateOrchestratorDeviceScan-MoUsoCoreWorker-SearchForAllUpdatesWithUpdateOptionsAsync
Error: Unknown HResult Error code: 0xefffffff
Function: SearchUpdatePackages
Source: onecoreuap\enduser\winstore\installservice\lib\wuhelpers.cpp (280)"
"19-08-2026 10:14:22","2006","Information","Microsoft-Windows-Install-Agent","[Start] Creating UWA Work FulfillmentData = {""ProductId"":""9N3RK8ZV2ZR8"",""WuBundleId"":""aba068c1-d920-4ef3-b596-a34c969950df"",""WuCategoryId"":""2ff93c20-14ba-4cbd-bd81-0bc49484fdc6"",""PackageFamilyName"":""Microsoft.WidgetsPlatformRuntime_8wekyb3d8bbwe"",""SkuId"":""0010"",""Content"":null,""PackageFeatures"":null}  
Error: The operation completed successfully.
Function: UWAInstallServiceWorkItem::UWAInstallServiceWorkItem
Source: onecoreuap\enduser\winstore\installservice\libqueue2\uwainstallworkbridge.cpp (494)"
"19-08-2026 10:14:22","2006","Information","Microsoft-Windows-Install-Agent","[Start] ResumeWithFlags2 QueueItemId = {DF23FA3A-5C32-410A-9B71-7B7E2DA860D4}  
Error: The operation completed successfully.
Function: InstallQueue2::ResumeWithFlags2
Source: onecoreuap\enduser\winstore\installservice\libqueue2\installqueue2.cpp (965)"
"19-08-2026 10:14:22","2006","Information","Microsoft-Windows-Install-Agent","[Telemetry]: ResumeOperationRequest :: __TlgCV__ = C2GP50Qp5keFT0qP.1  ProductId = 9N3RK8ZV2ZR8  
Error: Unknown HResult Error code: 0xefffffff
Function: LogTelemetryEvent
Source: onecoreuap\enduser\winstore\installservice\svc\logging.cpp (10)"
"19-08-2026 10:14:22","2006","Information","Microsoft-Windows-Install-Agent","ResumeWithFlags request: productId = 9N3RK8ZV2ZR8, clientAppId = MoUsoCoreWorker
Error: Unknown HResult Error code: 0xefffffff
Function: Windows::ApplicationModel::Store::Preview::InstallControl::AppInstallManagerImpl::ResumeWithFlags
Source: onecoreuap\enduser\winstore\installservice\lib\appinstallcontrol.cpp (1421)"
"19-08-2026 10:14:22","2006","Information","Microsoft-Windows-Install-Agent","IsBackgroundUpdateAllowed result: true
Error: Unknown HResult Error code: 0xefffffff
Function: Windows::ApplicationModel::Store::Preview::InstallControl::AppInstallManagerImpl::get_IsBackgroundUpdateAllowed
Source: onecoreuap\enduser\winstore\installservice\lib\appinstallcontrol.cpp (7817)"
"19-08-2026 10:14:22","2006","Information","Microsoft-Windows-Install-Agent","Windows Update Enabled = 1
Error: Unknown HResult Error code: 0xefffffff
Function: GetWindowsUpdateAllowed
Source: onecoreuap\enduser\winstore\installservice\lib\settings.cpp (148)"
"19-08-2026 10:14:21","2006","Information","Microsoft-Windows-Install-Agent","Failure detected
Error: Unknown HResult Error code: 0x80240024
Function: 
Source: NULL (0)"
"19-08-2026 10:14:21","2006","Information","Microsoft-Windows-Install-Agent","Queue State: Working = 2, Pending = 0, Idle = 3  
Error: The operation completed successfully.
Function: InstallQueue2::_FindNextPendingItem
Source: onecoreuap\enduser\winstore\installservice\libqueue2\installqueue2.cpp (4735)"
"19-08-2026 10:14:21","2006","Information","Microsoft-Windows-Install-Agent","winrt::hresult_error: onecoreuap\enduser\winstore\installservice\libqueue2\uwainstallworkbridge.cpp(569)\installservice.dll!00007FF9A1772BE7: (caller: 00007FF9A176FF6E) Exception(1) tid(6ee0) 80240024
Error: Unknown HResult Error code: 0x80240024
Function: 
Source: NULL (0)"
"19-08-2026 10:14:21","2008","Error","Microsoft-Windows-Install-Agent","[Error] ResumeWithFlags2 QueueItemId = {C1A7E19E-247A-4A9D-954D-37534FC0B39A}  
Error: The operation completed successfully.
Function: InstallQueue2::ResumeWithFlags2
Source: onecoreuap\enduser\winstore\installservice\libqueue2\installqueue2.cpp (965)"
"19-08-2026 10:14:21","2008","Error","Microsoft-Windows-Install-Agent","Error while creating new work in ResumeWithFlags HResult = -2145124316, Identifer = Error 
Error: The operation completed successfully.
Function: InstallQueue2::_ResumeWithFlagsWorker
Source: onecoreuap\enduser\winstore\installservice\libqueue2\installqueue2.cpp (905)"
"19-08-2026 10:14:21","2006","Information","Microsoft-Windows-Install-Agent","winrt::hresult_error: onecoreuap\enduser\winstore\installservice\libqueue2\uwainstallworkbridge.cpp(569)\installservice.dll!00007FF9A1772BE7: (caller: 00007FF9A176FF6E) Exception(1) tid(6ee0) 80240024
Error: Unknown HResult Error code: 0x80240024
Function: 
Source: NULL (0)"
"19-08-2026 10:14:21","2006","Information","Microsoft-Windows-Install-Agent","Failure detected
Error: Unknown HResult Error code: 0x80240024
Function: 
Source: NULL (0)"
"19-08-2026 10:14:21","2006","Information","Microsoft-Windows-Install-Agent","winrt::hresult_error: onecoreuap\enduser\winstore\installservice\libqueue2\uwainstallworkbridge.cpp(569)\installservice.dll!00007FF9A1772BE7: (caller: 00007FF9A176FF6E) Exception(1) tid(6ee0) 80240024
Error: Unknown HResult Error code: 0x80240024
Function: 
Source: NULL (0)"
"19-08-2026 10:14:21","2006","Information","Microsoft-Windows-Install-Agent","Failure detected
Error: Unknown HResult Error code: 0x80240024
Function: 
Source: NULL (0)"
"19-08-2026 10:14:21","2008","Error","Microsoft-Windows-Install-Agent","Error creating work item 
Error: Unknown HResult Error code: 0x80240024
Function: UWAInstallServiceWorkItem::UWAInstallServiceWorkItem
Source: onecoreuap\enduser\winstore\installservice\libqueue2\uwainstallworkbridge.cpp (652)"
"19-08-2026 10:14:21","2008","Error","Microsoft-Windows-Install-Agent","[Error] Creating UWA Work FulfillmentData = {""ProductId"":""9PC1H9VN18CM"",""WuBundleId"":""6d2af963-f046-420f-a039-6cdec9fc6eff"",""WuCategoryId"":""17b81d1c-5988-43ea-8dfb-ed0bb1ac7162"",""PackageFamilyName"":""Microsoft.StartExperiencesApp_8wekyb3d8bbwe"",""SkuId"":""0010"",""Content"":null,""PackageFeatures"":null}  
Error: The operation completed successfully.
Function: UWAInstallServiceWorkItem::UWAInstallServiceWorkItem
Source: onecoreuap\enduser\winstore\installservice\libqueue2\uwainstallworkbridge.cpp (494)"
"19-08-2026 10:14:21","2007","Warning","Microsoft-Windows-Install-Agent","Failure detected
Error: Unknown HResult Error code: 0x80240024
Function: 
Source: onecoreuap\enduser\winstore\installservice\libqueue2\uwainstallworkbridge.cpp (569)"
"19-08-2026 10:14:21","2006","Information","Microsoft-Windows-Install-Agent","WU scan found 0 packages
Error: Unknown HResult Error code: 0xefffffff
Function: _PackagesFromSearchResult
Source: onecoreuap\enduser\winstore\installservice\lib\wuhelpers.cpp (157)"
"19-08-2026 10:14:21","2006","Information","Microsoft-Windows-Install-Agent","Queue State: Working = 2, Pending = 0, Idle = 3  
Error: The operation completed successfully.
Function: InstallQueue2::_FindNextPendingItem
Source: onecoreuap\enduser\winstore\installservice\libqueue2\installqueue2.cpp (4735)"
"19-08-2026 10:14:21","2005","Verbose","Microsoft-Windows-Install-Agent","Created task progress for Microsoft.MicrosoftStickyNotes_8wekyb3d8bbwe with parentbundleId 
Error: Unknown HResult Error code: 0xefffffff
Function: UWAInstallWork::_DoDownload
Source: onecoreuap\enduser\winstore\installservice\lib\uwainstallwork.cpp (5487)"
"19-08-2026 10:14:21","2006","Information","Microsoft-Windows-Install-Agent","[Telemetry]: BeginDownload :: _TlgCV_ = C2GP50Qp5keFT0qP.1.2  ProductId = 9NBLGGH4QGHW  PFN = Microsoft.MicrosoftStickyNotes_8wekyb3d8bbwe  CategoryId = b90f3a9a-c043-41a7-a774-e51f6069283b  BundleId =   IsUpdate = true  IsRemediation = false  IsInteractive = false  IsMandatory = false  IsRestore = false  AttemptNumber = 2  SystemAttemptNumber = 2  UserAttemptNumber = 0  ClientAppId = Update;MoUpdateOrchestratorDeviceScan-MoUsoCoreWorker-SearchForAllUpdatesWithUpdateOptionsAsync  ParentBundleId =   IsBundle = false  WUContentId = 68e019eb-0b92-5e08-5d86-9bfe6dba8517  AggregatedPackageFullNames = Microsoft.MicrosoftStickyNotes_6.1.4.0_neutral_~_8wekyb3d8bbwe  
Error: Unknown HResult Error code: 0xefffffff
Function: LogTelemetryEvent
Source: onecoreuap\enduser\winstore\installservice\svc\logging.cpp (10)"
"19-08-2026 10:14:21","2006","Information","Microsoft-Windows-Install-Agent","Progress Update: Item = 9NBLGGH4QGHW  Progress Stage = DownloadingProduct, Completed = 0, Total = 0, Total = 0   
Error: The operation completed successfully.
Function: InstallQueue2::NotifyWorkProgress
Source: onecoreuap\enduser\winstore\installservice\libqueue2\installqueue2.cpp (4055)"
"19-08-2026 10:14:21","2006","Information","Microsoft-Windows-Install-Agent","[Telemetry]: InstallQueueHeartbeat :: ProductId = 9NBLGGH4QGHW  PFN = Microsoft.MicrosoftStickyNotes_8wekyb3d8bbwe  DownloadSize = 0  IsInteractive = 0  PreviousPercentDownloaded = 0  CurrentPercentDownloaded = 0  BytesDownloadedSinceLastProgress = 0  TimeSinceLastProgressReported = 56154  ConcurrentWorkingItems = 2  __TlgCV__ = Xem5Ppz73UK1XOmr.4  
Error: Unknown HResult Error code: 0xefffffff
Function: LogTelemetryEvent
Source: onecoreuap\enduser\winstore\installservice\svc\logging.cpp (10)"
"19-08-2026 10:14:21","2006","Information","Microsoft-Windows-Install-Agent","[Telemetry]: EndAcquireLicense :: _TlgCV_ = C2GP50Qp5keFT0qP.1.1  ProductId = 9NBLGGH4QGHW  PFN = Microsoft.MicrosoftStickyNotes_8wekyb3d8bbwe  CategoryId = b90f3a9a-c043-41a7-a774-e51f6069283b  BundleId =   IsUpdate = true  IsRemediation = false  IsInteractive = false  IsMandatory = false  IsRestore = false  AttemptNumber = 2  SystemAttemptNumber = 2  UserAttemptNumber = 0  ClientAppId = Update;MoUpdateOrchestratorDeviceScan-MoUsoCoreWorker-SearchForAllUpdatesWithUpdateOptionsAsync  ParentBundleId =   IsBundle = false  WUContentId = 68e019eb-0b92-5e08-5d86-9bfe6dba8517  AggregatedPackageFullNames = Microsoft.MicrosoftStickyNotes_6.1.4.0_neutral_~_8wekyb3d8bbwe  StageDurationInMilliseconds = 17  HResult = 0  
Error: Unknown HResult Error code: 0xefffffff
Function: LogTelemetryEvent
Source: onecoreuap\enduser\winstore\installservice\svc\logging.cpp (10)"
"19-08-2026 10:14:21","8001","Information","Microsoft-Windows-Store","Set results for lease = 0x0, policy = 0, operation = 0, Leasebehavior = 0
Function: KeyMachine::DoSetResult
Source: onecoreuap\enduser\winstore\licensemanager\lib\keymachine.cpp (1520)"
"19-08-2026 10:14:21","8012","Verbose","Microsoft-Windows-Store","0x134d2856e80: 19900: Key:Initial Change: Key:Invalid => 68e019eb-0b92-5e08-5d86-9bfe6dba8517"
"19-08-2026 10:14:21","8011","Verbose","Microsoft-Windows-Store","0x134d2856e80: 19900: 68e019eb-0b92-5e08-5d86-9bfe6dba8517: Dispatch: Key:Unregistered => Key:Initial"
"19-08-2026 10:14:21","8001","Information","Microsoft-Windows-Store","Decoding: {""entitlementSatisfaction"":""Open"",""isOffline"":true,""leaseEnforcement"":""None"",""leaseUri"":""https://licensing.md.mp.microsoft.com/v7.0/licenses/?contentId=68e019eb-0b92-5e08-5d86-9bfe6dba8517&market=IN&policyType=Open&productId=9NBLGGH4QGHW&skuId=0010"",""keyIds"":[""8d56e57b-8663-136d-ff69-a004e217825a""],""kind"":""Content"",""packages"":[{""packageIdentifier"":""68e019eb-0b92-5e08-5d86-9bfe6dba8517"",""packageType"":""msix"",""productAddOns"":[],""productId"":""9NBLGGH4QGHW"",""skuId"":""0010""}],""pollAt"":""2026-08-20T09:05:13.4894481+00:00"",""refreshOnStartup"":false,""version"":7}
Function: DecodeCustomPolicy
Source: onecoreuap\enduser\winstore\licensemanager\lib\clipdocument.cpp (50)"
"19-08-2026 10:14:21","8001","Information","Microsoft-Windows-Store","Decoding: {""entitlementSatisfaction"":""Open"",""isOffline"":true,""leaseEnforcement"":""None"",""leaseUri"":""https://licensing.md.mp.microsoft.com/v7.0/licenses/?contentId=68e019eb-0b92-5e08-5d86-9bfe6dba8517&market=IN&policyType=Open&productId=9NBLGGH4QGHW&skuId=0010"",""keyIds"":[""8d56e57b-8663-136d-ff69-a004e217825a""],""kind"":""Content"",""packages"":[{""packageIdentifier"":""68e019eb-0b92-5e08-5d86-9bfe6dba8517"",""packageType"":""msix"",""productAddOns"":[],""productId"":""9NBLGGH4QGHW"",""skuId"":""0010""}],""pollAt"":""2026-08-20T09:05:13.4894481+00:00"",""refreshOnStartup"":false,""version"":7}
Function: DecodeCustomPolicy
Source: onecoreuap\enduser\winstore\licensemanager\lib\clipdocument.cpp (50)"
"19-08-2026 10:14:21","8001","Information","Microsoft-Windows-Store","Decoding: {""legacyProductId"":""8f4d77aa-c72e-4822-8299-a095932ee3dc""}
Function: DecodeCustomPolicy
Source: onecoreuap\enduser\winstore\licensemanager\lib\clipdocument.cpp (50)"
"19-08-2026 10:14:21","8012","Verbose","Microsoft-Windows-Store","0x134d2856e80: 19900: Key:NegotiatingInactive Change: Key:Initial => 68e019eb-0b92-5e08-5d86-9bfe6dba8517"
"19-08-2026 10:14:21","8001","Information","Microsoft-Windows-Store","Set results for lease = 0xd21eebf8, policy = 1, operation = 2, Leasebehavior = 0
Function: KeyMachine::DoSetResult
Source: onecoreuap\enduser\winstore\licensemanager\lib\keymachine.cpp (1520)"
"19-08-2026 10:14:21","8011","Verbose","Microsoft-Windows-Store","0x134d2856e80: 19900: 68e019eb-0b92-5e08-5d86-9bfe6dba8517: Dispatch: Key:@LicenseDone => Key:NegotiatingInactive"
"19-08-2026 10:14:21","8001","Information","Microsoft-Windows-Store","lease = 0xd21eebf8, usage = 0, policy = 1, operation = 2, leaseBehavior = 0, shouldContentBeDeactivated = 0
Function: KeyMachine::DoLicenseThreadProc
Source: onecoreuap\enduser\winstore\licensemanager\lib\keymachine.cpp (905)"
"19-08-2026 10:14:21","8001","Information","Microsoft-Windows-Store","Returning 1 lease documents for contentid 68E019EB-0B92-5E08-5D86-9BFE6DBA8517
Function: ClipStorage::GetLeaseDocumentsForKeyDocument
Source: onecoreuap\enduser\winstore\licensemanager\lib\clipstorage.cpp (460)"
"19-08-2026 10:14:21","8001","Information","Microsoft-Windows-Store","Adding lease {CB692946-A9F3-639D-1064-A6D75A01B9C3} to results
Function: ClipStorage::GetLeaseDocumentsForKeyDocument
Source: onecoreuap\enduser\winstore\licensemanager\lib\clipstorage.cpp (387)"
"19-08-2026 10:14:21","8001","Information","Microsoft-Windows-Store","Decoding: {""entitlementSatisfaction"":""Open"",""isOffline"":true,""leaseEnforcement"":""None"",""leaseUri"":""https://licensing.md.mp.microsoft.com/v7.0/licenses/?contentId=68e019eb-0b92-5e08-5d86-9bfe6dba8517&market=IN&policyType=Open&productId=9NBLGGH4QGHW&skuId=0010"",""keyIds"":[""8d56e57b-8663-136d-ff69-a004e217825a""],""kind"":""Content"",""packages"":[{""packageIdentifier"":""68e019eb-0b92-5e08-5d86-9bfe6dba8517"",""packageType"":""msix"",""productAddOns"":[],""productId"":""9NBLGGH4QGHW"",""skuId"":""0010""}],""pollAt"":""2026-08-20T09:05:13.4894481+00:00"",""refreshOnStartup"":false,""version"":7}
Function: DecodeCustomPolicy
Source: onecoreuap\enduser\winstore\licensemanager\lib\clipdocument.cpp (50)"
"19-08-2026 10:14:21","8001","Information","Microsoft-Windows-Store","Getting lease for 68e019eb-0b92-5e08-5d86-9bfe6dba8517
Function: LicenseManagerCore::GetExistingLeaseAndLicense
Source: onecoreuap\enduser\winstore\licensemanager\lib\managercore.cpp (415)"
"19-08-2026 10:14:21","8001","Information","Microsoft-Windows-Store","Returning key document for contentid 68e019eb-0b92-5e08-5d86-9bfe6dba8517
Function: ClipStorage::GetKeyDocumentForContentWithIdAndMinQuality
Source: onecoreuap\enduser\winstore\licensemanager\lib\clipstorage.cpp (262)"
"19-08-2026 10:14:21","8001","Information","Microsoft-Windows-Store","Accepting key with License ID {8D56E57B-8663-136D-FF69-A004E217825A} for Content ID 68e019eb-0b92-5e08-5d86-9bfe6dba8517 (first match)
Function: ClipStorage::GetKeyDocumentForContentWithIdAndMinQuality
Source: onecoreuap\enduser\winstore\licensemanager\lib\clipstorage.cpp (223)"
"19-08-2026 10:14:21","8001","Information","Microsoft-Windows-Store","Decoding: {""legacyProductId"":""8f4d77aa-c72e-4822-8299-a095932ee3dc""}
Function: DecodeCustomPolicy
Source: onecoreuap\enduser\winstore\licensemanager\lib\clipdocument.cpp (50)"
"19-08-2026 10:14:21","8001","Information","Microsoft-Windows-Store","Considering License ID {8D56E57B-8663-136D-FF69-A004E217825A} for content ID 68e019eb-0b92-5e08-5d86-9bfe6dba8517...
Function: ClipStorage::GetKeyDocumentForContentWithIdAndMinQuality
Source: onecoreuap\enduser\winstore\licensemanager\lib\clipstorage.cpp (192)"
"19-08-2026 10:14:21","8012","Verbose","Microsoft-Windows-Store","0x134d2856e80: 19900: Key:Initial Change: Key:NegotiatingInactive => 68e019eb-0b92-5e08-5d86-9bfe6dba8517"
"19-08-2026 10:14:21","8001","Information","Microsoft-Windows-Store","00000134D2856E60: BeginLicense: Operation 2, CachedLeaseOK true, RequireServiceValidation true
Function: KeyMachine::DoBeginLicense
Source: onecoreuap\enduser\winstore\licensemanager\lib\keymachine.cpp (819)"
"19-08-2026 10:14:21","8011","Verbose","Microsoft-Windows-Store","0x134d2856e80: 19900: 68e019eb-0b92-5e08-5d86-9bfe6dba8517: Dispatch: Key:Connect => Key:Initial"
"19-08-2026 10:14:21","8011","Verbose","Microsoft-Windows-Store","0x134d21364a8: 19900: RootMachine: Dispatch: Root:Connect => Root:Valid"
"19-08-2026 10:14:21","8001","Information","Microsoft-Windows-Store","00000134D2856E60: Key Machine for content: 68e019eb-0b92-5e08-5d86-9bfe6dba8517
Function: KeyMachine::KeyMachine
Source: onecoreuap\enduser\winstore\licensemanager\lib\keymachine.cpp (95)"
"19-08-2026 10:14:21","8002","Warning","Microsoft-Windows-Store","Capturing identity for LocalSystem, this probably isn't intended
Function: StoredIdentity::StoredIdentity
Source: onecoreuap\enduser\winstore\licensemanager\lib\identity.cpp (536)"
"19-08-2026 10:14:21","8001","Information","Microsoft-Windows-Store","Licensing 68e019eb-0b92-5e08-5d86-9bfe6dba8517 (Inactive)
Function: LicenseManager::GetInactiveLicenseForContentWithId
Source: onecoreuap\enduser\winstore\licensemanager\lib\manager.cpp (140)"
"19-08-2026 10:14:21","8002","Warning","Microsoft-Windows-Store","ContentId: 68e019eb-0b92-5e08-5d86-9bfe6dba8517, Salt: none, Payload: none
Function: ApplicationLicenseManager::EnsureLicenseForApplicationDeployment
Source: onecoreuap\enduser\winstore\licensemanager\lib\applicensemanager.cpp (212)"
"19-08-2026 10:14:21","2006","Information","Microsoft-Windows-Install-Agent","[Telemetry]: BeginAcquireLicense :: _TlgCV_ = C2GP50Qp5keFT0qP.1.1  ProductId = 9NBLGGH4QGHW  PFN = Microsoft.MicrosoftStickyNotes_8wekyb3d8bbwe  CategoryId = b90f3a9a-c043-41a7-a774-e51f6069283b  BundleId =   IsUpdate = true  IsRemediation = false  IsInteractive = false  IsMandatory = false  IsRestore = false  AttemptNumber = 2  SystemAttemptNumber = 2  UserAttemptNumber = 0  ClientAppId = Update;MoUpdateOrchestratorDeviceScan-MoUsoCoreWorker-SearchForAllUpdatesWithUpdateOptionsAsync  ParentBundleId =   IsBundle = false  WUContentId = 68e019eb-0b92-5e08-5d86-9bfe6dba8517  AggregatedPackageFullNames = Microsoft.MicrosoftStickyNotes_6.1.4.0_neutral_~_8wekyb3d8bbwe  
Error: Unknown HResult Error code: 0xefffffff
Function: LogTelemetryEvent
Source: onecoreuap\enduser\winstore\installservice\svc\logging.cpp (10)"
"19-08-2026 10:14:21","2006","Information","Microsoft-Windows-Install-Agent","Queue State: Working = 2, Pending = 0, Idle = 3  
Error: The operation completed successfully.
Function: InstallQueue2::_FindNextPendingItem
Source: onecoreuap\enduser\winstore\installservice\libqueue2\installqueue2.cpp (4735)"
"19-08-2026 10:14:21","2006","Information","Microsoft-Windows-Install-Agent","Queue State: Working = 2, Pending = 0, Idle = 3  
Error: The operation completed successfully.
Function: InstallQueue2::_FindNextPendingItem
Source: onecoreuap\enduser\winstore\installservice\libqueue2\installqueue2.cpp (4735)"
"19-08-2026 10:14:21","2006","Information","Microsoft-Windows-Install-Agent","Progress Update: Item = 9NBLGGH4QGHW  Progress Stage = AcquiringLicense, Completed = 0, Total = 0, Total = -1   
Error: The operation completed successfully.
Function: InstallQueue2::NotifyWorkProgress
Source: onecoreuap\enduser\winstore\installservice\libqueue2\installqueue2.cpp (4055)"
"19-08-2026 10:14:21","2006","Information","Microsoft-Windows-Install-Agent","Progress Update: Item = 9NBLGGH4QGHW  Progress Stage = Scanning, Completed = 0, Total = 0, Total = -1   
Error: The operation completed successfully.
Function: InstallQueue2::NotifyWorkProgress
Source: onecoreuap\enduser\winstore\installservice\libqueue2\installqueue2.cpp (4055)"
"19-08-2026 10:14:21","2006","Information","Microsoft-Windows-Install-Agent","Install Starting. Client Sid: S-1-5-18, User Sid: S-1-5-18
Error: Unknown HResult Error code: 0xefffffff
Function: UWAInstallWork::_DoNormalInstall
Source: onecoreuap\enduser\winstore\installservice\lib\uwainstallwork.cpp (3141)"
"19-08-2026 10:14:21","2006","Information","Microsoft-Windows-Install-Agent","DirectDownloadState determined: Disabled (matched disallow targeting)
Error: Unknown HResult Error code: 0xefffffff
Function: UWAInstallWork::_GetDirectDownloadState
Source: onecoreuap\enduser\winstore\installservice\lib\uwainstallwork.cpp (8305)"
"19-08-2026 10:14:21","2005","Verbose","Microsoft-Windows-Install-Agent","DirectDownloadState check parameters: clientId=MoUpdateOrchestratorDeviceScan, hresult=0x00000000, product=9NBLGGH4QGHW, region=IN, arch=amd64, installType=Update, errorStage=None
Error: Unknown HResult Error code: 0xefffffff
Function: UWAInstallWork::_GetDirectDownloadState
Source: onecoreuap\enduser\winstore\installservice\lib\uwainstallwork.cpp (8255)"
"19-08-2026 10:14:21","2006","Information","Microsoft-Windows-Install-Agent","Starting UWA Install Work
Error: Unknown HResult Error code: 0xefffffff
Function: UWAInstallWork::DoWork
Source: onecoreuap\enduser\winstore\installservice\lib\uwainstallwork.cpp (2013)"
"19-08-2026 10:14:21","2006","Information","Microsoft-Windows-Install-Agent","Raising State Change for Item = , InstallState = 7  
Error: The operation completed successfully.
Function: InstallQueue2::FlushEventQueue
Source: onecoreuap\enduser\winstore\installservice\libqueue2\installqueue2.cpp (3512)"
"19-08-2026 10:14:21","2006","Information","Microsoft-Windows-Install-Agent","Queue State: Working = 2, Pending = 0, Idle = 3  
Error: The operation completed successfully.
Function: InstallQueue2::_FindNextPendingItem
Source: onecoreuap\enduser\winstore\installservice\libqueue2\installqueue2.cpp (4735)"
"19-08-2026 10:14:21","2006","Information","Microsoft-Windows-Install-Agent","[End] SwitchState  Item = 9NBLGGH4QGHW  StateTransition = Pending -> Working  
Error: The operation completed successfully.
Function: InstallQueue2::_SwitchState
Source: onecoreuap\enduser\winstore\installservice\libqueue2\installqueue2.cpp (4886)"
"19-08-2026 10:14:21","2006","Information","Microsoft-Windows-Install-Agent","[Telemetry]: StateTransition :: ProductId = 9NBLGGH4QGHW  PFN = Microsoft.MicrosoftStickyNotes_8wekyb3d8bbwe  CatalogId =   FulfillmentPluginId = WU  PluginTelemetryData = {""WorkProperties"":{""IsInteractive"":0,""CallerApplicationId"":""MoUpdateOrchestratorDeviceScan-MoUsoCoreWorker-SearchForAllUpdatesWithUpdateOptionsAsync"",""InstallForAllUsers"":0,""AllowDownloadOnAnyNetwork"":0,""ForceUseOfNonRemovableStorage"":0,""AllowForcedAppRestart"":0,""IsDiscInstall"":0,""IsRestore"":0,""Repair"":0,""StageButDoNotInstall"":0,""RequiresElevation"":0,""AutomaticallyDownloadAndInstallUpdateIfFound"":0,""AllowCachedResult"":0,""UserIdentityInfo"":"""",""VolumePath"":""""},""extendedErrorCode"":0}  PrevState = Pending  NewState = Working  PluginLastStage = 0  HResult = 0  __TlgCV__ = C2GP50Qp5keFT0qP.0.0  
Error: Unknown HResult Error code: 0xefffffff
Function: LogTelemetryEvent
Source: onecoreuap\enduser\winstore\installservice\svc\logging.cpp (10)"
"19-08-2026 10:14:21","2006","Information","Microsoft-Windows-Install-Agent","[Start] SwitchState  Item = 9NBLGGH4QGHW  StateTransition = Pending -> Working  
Error: The operation completed successfully.
Function: InstallQueue2::_SwitchState
Source: onecoreuap\enduser\winstore\installservice\libqueue2\installqueue2.cpp (4886)"
"19-08-2026 10:14:21","2006","Information","Microsoft-Windows-Install-Agent","Queue State: Working = 1, Pending = 1, Idle = 3  
Error: The operation completed successfully.
Function: InstallQueue2::_FindNextPendingItem
Source: onecoreuap\enduser\winstore\installservice\libqueue2\installqueue2.cpp (4735)"
"19-08-2026 10:14:21","2006","Information","Microsoft-Windows-Install-Agent","[End] ResumeWithFlags2 QueueItemId = {E2B7A205-5DDA-4D0D-A66B-12CD7D4287CB}  
Error: The operation completed successfully.
Function: InstallQueue2::ResumeWithFlags2
Source: onecoreuap\enduser\winstore\installservice\libqueue2\installqueue2.cpp (965)"
"19-08-2026 10:14:21","2006","Information","Microsoft-Windows-Install-Agent","[End] Resume QueueItemId = {E2B7A205-5DDA-4D0D-A66B-12CD7D4287CB}  
Error: The operation completed successfully.
Function: InstallQueue2::Resume
Source: onecoreuap\enduser\winstore\installservice\libqueue2\installqueue2.cpp (735)"
"19-08-2026 10:14:21","2006","Information","Microsoft-Windows-Install-Agent","No other elements of similar priority found. Inserting default priority item either at the back of the list or before the first low priority itemItem = 9NBLGGH4QGHW  
Error: The operation completed successfully.
Function: InstallQueue2::NotifyPriorityChanged
Source: onecoreuap\enduser\winstore\installservice\libqueue2\installqueue2.cpp (3787)"
"19-08-2026 10:14:21","2006","Information","Microsoft-Windows-Install-Agent","Updating priority of qItemItem = 9NBLGGH4QGHW  Priority = 0  
Error: The operation completed successfully.
Function: InstallQueue2::NotifyPriorityChanged
Source: onecoreuap\enduser\winstore\installservice\libqueue2\installqueue2.cpp (3741)"
"19-08-2026 10:14:21","2006","Information","Microsoft-Windows-Install-Agent","Setting qitem priority to Default
Error: Unknown HResult Error code: 0xefffffff
Function: UWAInstallServiceWorkItem::UserOverrideRequestedForBlockedState
Source: onecoreuap\enduser\winstore\installservice\libqueue2\uwainstallworkbridge.cpp (982)"
"19-08-2026 10:14:21","2006","Information","Microsoft-Windows-Install-Agent","[Telemetry]: ResumeInstallation :: _TlgCV_ = C2GP50Qp5keFT0qP.1.0  ProductId = 9NBLGGH4QGHW  PFN = Microsoft.MicrosoftStickyNotes_8wekyb3d8bbwe  CategoryId = b90f3a9a-c043-41a7-a774-e51f6069283b  BundleId =   IsUpdate = true  IsRemediation = false  IsInteractive = false  IsMandatory = false  IsRestore = false  AttemptNumber = 2  SystemAttemptNumber = 2  UserAttemptNumber = 0  IsUserRetry = false  ClientAppId = Update;MoUpdateOrchestratorDeviceScan-MoUsoCoreWorker-SearchForAllUpdatesWithUpdateOptionsAsync  ResumeClientId =   ParentBundleId =   IsBundle = false  WUContentId =   AggregatedPackageFullNames = Microsoft.MicrosoftStickyNotes_6.1.4.0_neutral_~_8wekyb3d8bbwe  PreviousInstallState = 7  HResult = 0  PreviousHResult = 0  RelatedCV = C2GP50Qp5keFT0qP.1.0  
Error: Unknown HResult Error code: 0xefffffff
Function: LogTelemetryEvent
Source: onecoreuap\enduser\winstore\installservice\svc\logging.cpp (10)"
"19-08-2026 10:14:21","2006","Information","Microsoft-Windows-Install-Agent","UserOverrideRequestedForBlockedState status code = 1 for MoUsoCoreWorker
Error: Unknown HResult Error code: 0xefffffff
Function: InstallQueue2::Resume
Source: onecoreuap\enduser\winstore\installservice\libqueue2\installqueue2.cpp (764)"
"19-08-2026 10:14:21","2006","Information","Microsoft-Windows-Install-Agent","MoUsoCoreWorker is in the disallow list for Resume APIs setting userInteractive = false
Error: Unknown HResult Error code: 0xefffffff
Function: Utils::IsCallerInteractiveResume
Source: onecoreuap\enduser\winstore\installservice\lib\utils.cpp (445)"
"19-08-2026 10:14:21","2006","Information","Microsoft-Windows-Install-Agent","Checking interactive for resume caller: MoUsoCoreWorker
Error: Unknown HResult Error code: 0xefffffff
Function: Utils::IsCallerInteractiveResume
Source: onecoreuap\enduser\winstore\installservice\lib\utils.cpp (442)"
"19-08-2026 10:14:21","2006","Information","Microsoft-Windows-Install-Agent","[Start] Resume QueueItemId = {E2B7A205-5DDA-4D0D-A66B-12CD7D4287CB}  
Error: The operation completed successfully.
Function: InstallQueue2::Resume
Source: onecoreuap\enduser\winstore\installservice\libqueue2\installqueue2.cpp (735)"
"19-08-2026 10:14:21","2006","Information","Microsoft-Windows-Install-Agent","Queue State: Working = 1, Pending = 0, Idle = 4  
Error: The operation completed successfully.
Function: InstallQueue2::_FindNextPendingItem
Source: onecoreuap\enduser\winstore\installservice\libqueue2\installqueue2.cpp (4735)"
"19-08-2026 10:14:21","2006","Information","Microsoft-Windows-Install-Agent","Queue State: Working = 1, Pending = 0, Idle = 4  
Error: The operation completed successfully.
Function: InstallQueue2::_FindNextPendingItem
Source: onecoreuap\enduser\winstore\installservice\libqueue2\installqueue2.cpp (4735)"
"19-08-2026 10:14:21","2006","Information","Microsoft-Windows-Install-Agent","Received checkpoint data updateItem = 9NBLGGH4QGHW   
Error: The operation completed successfully.
Function: InstallQueue2::NotifyCheckpointChanged
Source: onecoreuap\enduser\winstore\installservice\libqueue2\installqueue2.cpp (3567)"
