"14-08-2026 13:52:49","808","Warning","Microsoft-Windows-AppXDeployment-Server","Deletion of registry key: Software\Microsoft\Windows\CurrentVersion\Appx\AppxAllUserStore\S-1-5-21-3608031908-443761264-1593342945-1000\Microsoft.WebpImageExtension_1.2.31.0_neutral_~_8wekyb3d8bbwe failed with error: 0x80070002."
"14-08-2026 13:52:49","813","Verbose","Microsoft-Windows-AppXDeployment-Server","Successfully updated all user store with package Microsoft.WebpImageExtension_1.2.31.0_neutral_~_8wekyb3d8bbwe."
"14-08-2026 13:52:49","822","Verbose","Microsoft-Windows-AppXDeployment-Server","Updating registry for package Microsoft.WebpImageExtension_1.2.31.0_neutral_~_8wekyb3d8bbwe completed with result: 0x0."
"14-08-2026 13:52:49","821","Verbose","Microsoft-Windows-AppXDeployment-Server","During-logon registration of package Microsoft.WebpImageExtension_1.2.31.0_neutral_~_8wekyb3d8bbwe for user S-1-12-1-2357405129-1281513531-255772574-1816207334 finished with result: 0x0; updating registry..."
"14-08-2026 13:52:49","5507","Verbose","Microsoft-Windows-AppXDeployment-Server","Microsoft.WebpImageExtension_1.2.31.0_x64__8wekyb3d8bbwe : C:\Program Files\WindowsApps\Microsoft.WebpImageExtension_1.2.31.0_x64__8wekyb3d8bbwe\microsoft.system.package.metadata\Resources.????????.pri : No shared merged files found"
"14-08-2026 13:52:49","5507","Verbose","Microsoft-Windows-AppXDeployment-Server","Microsoft.WebpImageExtension_1.2.31.0_x64__8wekyb3d8bbwe : C:\Program Files\WindowsApps\Microsoft.WebpImageExtension_1.2.31.0_x64__8wekyb3d8bbwe\microsoft.system.package.metadata\S-1-12-1-2357405129-1281513531-255772574-1816207334-MergedResources-*.pri : No user-specific merged files found"
"14-08-2026 13:52:49","5507","Verbose","Microsoft-Windows-AppXDeployment-Server","Microsoft.WebpImageExtension_1.2.31.0_x64__8wekyb3d8bbwe : C:\Program Files\WindowsApps\Microsoft.WebpImageExtension_1.2.31.0_x64__8wekyb3d8bbwe\microsoft.system.package.metadata\Resources.????????.pri : No shared merged files found"
"14-08-2026 13:52:49","5507","Verbose","Microsoft-Windows-AppXDeployment-Server","Microsoft.WebpImageExtension_1.2.31.0_x64__8wekyb3d8bbwe : C:\Program Files\WindowsApps\Microsoft.WebpImageExtension_1.2.31.0_x64__8wekyb3d8bbwe\microsoft.system.package.metadata\S-1-12-1-2357405129-1281513531-255772574-1816207334-MergedResources-*.pri : No user-specific merged files found"
"14-08-2026 13:52:49","617","Verbose","Microsoft-Windows-AppXDeployment-Server","Successfully updated the status for package Microsoft.WebpImageExtension_1.2.14.0_x64__8wekyb3d8bbwe and user S-1-12-1-2357405129-1281513531-255772574-1816207334 (Clear=0xFFFFFFFF, Set=0x0)."
"14-08-2026 13:52:48","617","Verbose","Microsoft-Windows-AppXDeployment-Server","Successfully updated the status for package Microsoft.WebpImageExtension_1.2.31.0_x64__8wekyb3d8bbwe and user S-1-12-1-2357405129-1281513531-255772574-1816207334 (Clear=0x0, Set=0x20)."
"14-08-2026 13:52:48","617","Verbose","Microsoft-Windows-AppXDeployment-Server","Successfully updated the status for package Microsoft.WebpImageExtension_1.2.31.0_x64__8wekyb3d8bbwe and user S-1-12-1-2357405129-1281513531-255772574-1816207334 (Clear=0x0, Set=0x20)."
"14-08-2026 13:52:48","617","Verbose","Microsoft-Windows-AppXDeployment-Server","Successfully updated the status for package Microsoft.WebpImageExtension_1.2.14.0_x64__8wekyb3d8bbwe and user S-1-12-1-2357405129-1281513531-255772574-1816207334 (Clear=0x0, Set=0x20)."
"14-08-2026 13:52:48","455","Verbose","Microsoft-Windows-AppXDeployment-Server","User S-1-5-21-3608031908-443761264-1593342945-1000 had outdated package Microsoft.WebpImageExtension_1.2.14.0_x64__8wekyb3d8bbwe, which will be updated to Microsoft.WebpImageExtension_1.2.31.0_x64__8wekyb3d8bbwe. User was online: false."
"14-08-2026 13:52:48","855","Information","Microsoft-Windows-AppXDeployment-Server","Finished resolving action lists. DeploymentRequest action lists: updateList: Microsoft.WebpImageExtension_1.2.14.0_neutral_~_8wekyb3d8bbwe is updating to Microsoft.WebpImageExtension_1.2.31.0_neutral_~_8wekyb3d8bbwe Microsoft.WebpImageExtension_1.2.14.0_x64__8wekyb3d8bbwe is updating to Microsoft.WebpImageExtension_1.2.31.0_x64__8wekyb3d8bbwe."
"14-08-2026 13:52:48","854","Information","Microsoft-Windows-AppXDeployment-Server","Successfully added the following uri(s) to be processed:  C:\Program Files\WindowsApps\Microsoft.WebpImageExtension_1.2.31.0_neutral_~_8wekyb3d8bbwe\AppxMetadata\AppxBundleManifest.xml C:\Program Files\WindowsApps\Microsoft.WebpImageExtension_1.2.31.0_x64__8wekyb3d8bbwe\AppxManifest.xml."
"14-08-2026 13:52:48","607","Information","Microsoft-Windows-AppXDeployment-Server","Deployment Register operation on package Microsoft.WebpImageExtension_1.2.31.0_neutral_~_8wekyb3d8bbwe has been de-queued and is running for user SID S-1-12-1-2357405129-1281513531-255772574-1816207334."
"14-08-2026 13:52:48","10002","Verbose","Microsoft-Windows-AppXDeployment-Server","Creating Resiliency File C:\ProgramData\Microsoft\Windows\AppRepository\b944a791-b606-47d3-9854-83c85437d99c_S-1-12-1-2357405129-1281513531-255772574-1816207334_16.rslc for Register Operation on Package Microsoft.WebpImageExtension_1.2.31.0_neutral_~_8wekyb3d8bbwe."
"14-08-2026 13:52:48","603","Information","Microsoft-Windows-AppXDeployment-Server","Started deployment RegisterByPackageFamilyName operation on a package with main parameter Microsoft.WebpImageExtension_8wekyb3d8bbwe and Options RegisterHighestVersion,FailIfNeedsRemediation,LowPriorityRequest and SkipDeploymentOperationRpcCallerIsAdminCheck. See http://go.microsoft.com/fwlink/?LinkId=235160 for help diagnosing app deployment issues."
"14-08-2026 13:52:48","471","Information","Microsoft-Windows-AppXDeployment-Server","error 0x5: Deleting file \\?\C:\Program Files\WindowsApps\Deleted\Microsoft.MicrosoftOfficeHub_19.2608.34011.0_x64__8wekyb3d8bbwee1b6bff2-7844-4ece-a5dd-799a5f0a66ff\resources.pri failed."
"14-08-2026 13:52:48","471","Information","Microsoft-Windows-AppXDeployment-Server","error 0x12C: Deleting file \\?\C:\Program Files\WindowsApps\Deleted\Microsoft.MicrosoftOfficeHub_19.2608.34011.0_x64__8wekyb3d8bbwee1b6bff2-7844-4ece-a5dd-799a5f0a66ff\NoiseAsset_256X256_PNG.png failed."
"14-08-2026 13:52:48","471","Information","Microsoft-Windows-AppXDeployment-Server","error 0x12C: Deleting file \\?\C:\Program Files\WindowsApps\Deleted\Microsoft.MicrosoftOfficeHub_19.2608.34011.0_x64__8wekyb3d8bbwee1b6bff2-7844-4ece-a5dd-799a5f0a66ff\Microsoft.UI.Xaml\Assets\NoiseAsset_256X256_PNG.png failed."
"14-08-2026 13:52:47","613","Information","Microsoft-Windows-AppXDeployment-Server","Performance summary of Deployment Stage operation on Package Microsoft.WebpImageExtension_1.2.31.0_neutral_~_8wekyb3d8bbwe: 
Overall time: 19750 ms (Active time: 19750 ms)
Enqueue cost: 1031 ms
Dequeue delay: 0 ms
Bundle processing cost: 844 ms
Indexing cost: 93 ms
Resolve dependency cost: 0 ms
Gap: 16 ms
Check approval cost: 0 ms
Evaluation cost: 2937 ms
Hardlinking evaluation cost: 94 ms
Stage required cost: 14329 ms
Flushing and closing files cost: 47 ms
Gap: 15 ms
Machine register cost: 110 ms
Stage user data cost: 0 ms
Registration cost: 0 ms
Repository commit transaction cost: 234 ms
Gap: 78 ms
Data flush cost: 0 ms
Post DeStage repository commit transaction cost: 16 ms
Remaining cost: 47 ms
"
"14-08-2026 13:52:47","478","Verbose","Microsoft-Windows-AppXDeployment-Server","Deployment Stage operation with target volume C: on Package Microsoft.WebpImageExtension_1.2.31.0_x64__8wekyb3d8bbwe from:  (dcf3512dd78ae56baaa50534252b06b01ffebcb3)  finished successfully."
"14-08-2026 13:52:47","400","Information","Microsoft-Windows-AppXDeployment-Server","Deployment Stage operation with target volume C: on Package Microsoft.WebpImageExtension_1.2.31.0_neutral_~_8wekyb3d8bbwe from:  (dcf3512dd78ae56baaa50534252b06b01ffebcb3)  finished successfully."
"14-08-2026 13:52:47","617","Verbose","Microsoft-Windows-AppXDeployment-Server","Successfully updated the status for package Microsoft.WebpImageExtension_1.2.31.0_x64__8wekyb3d8bbwe and user S-1-5-18 (Clear=0x10000C00, Set=0x0)."
"14-08-2026 13:52:47","617","Verbose","Microsoft-Windows-AppXDeployment-Server","Successfully updated the status for package Microsoft.WebpImageExtension_1.2.31.0_neutral_~_8wekyb3d8bbwe and user S-1-5-18 (Clear=0x10000C00, Set=0x0)."
"14-08-2026 13:52:47","8101","Verbose","Microsoft-Windows-AppXDeployment-Server","Finished validation and setting the Trust Label on package Microsoft.WebpImageExtension_1.2.31.0_x64__8wekyb3d8bbwe with flags 0x9."
"14-08-2026 13:52:47","8106","Verbose","Microsoft-Windows-AppXDeployment-Server","Package Microsoft.WebpImageExtension_1.2.31.0_x64__8wekyb3d8bbwe has Trust Label already. Flags: 0x9"
"14-08-2026 13:52:47","8100","Verbose","Microsoft-Windows-AppXDeployment-Server","Starting validation and setting the Trust Label on package Microsoft.WebpImageExtension_1.2.31.0_x64__8wekyb3d8bbwe with flags 0x9."
"14-08-2026 13:52:42","613","Information","Microsoft-Windows-AppXDeployment-Server","Performance summary of Deployment Register operation on Package Microsoft.HEIFImageExtension_1.2.48.0_neutral_~_8wekyb3d8bbwe: 
Overall time: 1828 ms (Active time: 1812 ms)
Enqueue cost: 31 ms
Dequeue delay: 16 ms
Bundle processing cost: 15 ms
Indexing cost: 47 ms
Resolve dependency cost: 16 ms
Gap: 15 ms
Check approval cost: 16 ms
Evaluation cost: 16 ms
Hardlinking evaluation cost: 0 ms
Stage required cost: 15 ms
Flushing and closing files cost: 0 ms
Gap: 297 ms
Machine register cost: 0 ms
Stage user data cost: 0 ms
Gap: 47 ms
Registration cost: 500 ms
Gap: 156 ms
Repository commit transaction cost: 391 ms
Gap: 125 ms
Data flush cost: 47 ms
Post DeStage repository commit transaction cost: 31 ms
Remaining cost: 47 ms
"
"14-08-2026 13:52:42","472","Verbose","Microsoft-Windows-AppXDeployment-Server","Moving package folder \\?\C:\Program Files\WindowsApps\Microsoft.HEIFImageExtension_1.2.36.0_x64__8wekyb3d8bbwe to \\?\C:\Program Files\WindowsApps\Deleted\Microsoft.HEIFImageExtension_1.2.36.0_x64__8wekyb3d8bbweae0db45f-cacf-4153-8406-e58a9728c1d6. Result: 0x0."
"14-08-2026 13:52:42","472","Verbose","Microsoft-Windows-AppXDeployment-Server","Moving package folder \\?\C:\Program Files\WindowsApps\Microsoft.HEIFImageExtension_1.2.36.0_neutral_~_8wekyb3d8bbwe to \\?\C:\Program Files\WindowsApps\Deleted\Microsoft.HEIFImageExtension_1.2.36.0_neutral_~_8wekyb3d8bbweea7f6946-fdc2-4905-a2a7-214052960539. Result: 0x0."
"14-08-2026 13:52:42","478","Verbose","Microsoft-Windows-AppXDeployment-Server","Deployment Register operation with target volume C: on Package Microsoft.HEIFImageExtension_1.2.48.0_x64__8wekyb3d8bbwe from:  (AppxBundleManifest.xml)  finished successfully."
"14-08-2026 13:52:42","400","Information","Microsoft-Windows-AppXDeployment-Server","Deployment Register operation with target volume C: on Package Microsoft.HEIFImageExtension_1.2.48.0_neutral_~_8wekyb3d8bbwe from:  (AppxBundleManifest.xml)  finished successfully."
"14-08-2026 13:52:42","617","Verbose","Microsoft-Windows-AppXDeployment-Server","Successfully updated the status for package Microsoft.HEIFImageExtension_1.2.48.0_x64__8wekyb3d8bbwe and user S-1-12-1-2357405129-1281513531-255772574-1816207334 (Clear=0x300, Set=0x0)."
"14-08-2026 13:52:42","617","Verbose","Microsoft-Windows-AppXDeployment-Server","Successfully updated the status for package Microsoft.HEIFImageExtension_1.2.48.0_neutral_~_8wekyb3d8bbwe and user S-1-12-1-2357405129-1281513531-255772574-1816207334 (Clear=0x300, Set=0x0)."
"14-08-2026 13:52:42","617","Verbose","Microsoft-Windows-AppXDeployment-Server","Successfully updated the status for package Microsoft.HEIFImageExtension_1.2.48.0_x64__8wekyb3d8bbwe and user S-1-12-1-2357405129-1281513531-255772574-1816207334 (Clear=0x10000C00, Set=0x0)."
"14-08-2026 13:52:42","617","Verbose","Microsoft-Windows-AppXDeployment-Server","Successfully updated the status for package Microsoft.HEIFImageExtension_1.2.48.0_neutral_~_8wekyb3d8bbwe and user S-1-12-1-2357405129-1281513531-255772574-1816207334 (Clear=0x10000C00, Set=0x0)."
"14-08-2026 13:52:42","617","Verbose","Microsoft-Windows-AppXDeployment-Server","Successfully updated the status for package Microsoft.HEIFImageExtension_1.2.48.0_x64__8wekyb3d8bbwe and user S-1-12-1-2357405129-1281513531-255772574-1816207334 (Clear=0x20, Set=0x0)."
"14-08-2026 13:52:42","617","Verbose","Microsoft-Windows-AppXDeployment-Server","Successfully updated the status for package Microsoft.HEIFImageExtension_1.2.48.0_neutral_~_8wekyb3d8bbwe and user S-1-12-1-2357405129-1281513531-255772574-1816207334 (Clear=0x20, Set=0x0)."
"14-08-2026 13:52:42","617","Verbose","Microsoft-Windows-AppXDeployment-Server","Successfully updated the status for package Microsoft.HEIFImageExtension_1.2.48.0_x64__8wekyb3d8bbwe and user S-1-12-1-2357405129-1281513531-255772574-1816207334 (Clear=0x20, Set=0x0)."
"14-08-2026 13:52:41","808","Warning","Microsoft-Windows-AppXDeployment-Server","Deletion of registry key: Software\Microsoft\Windows\CurrentVersion\Appx\AppxAllUserStore\S-1-5-21-3608031908-443761264-1593342945-1000\Microsoft.HEIFImageExtension_1.2.48.0_neutral_~_8wekyb3d8bbwe failed with error: 0x80070002."
"14-08-2026 13:52:41","813","Verbose","Microsoft-Windows-AppXDeployment-Server","Successfully updated all user store with package Microsoft.HEIFImageExtension_1.2.48.0_neutral_~_8wekyb3d8bbwe."
