"29-07-2026 21:39:54","202","Information","Microsoft-Windows-USBVideo","Start of PowerDownDevice"
"29-07-2026 21:39:46","216","Information","Microsoft-Windows-USBVideo","Stop of PowerIrpCompletion"
"29-07-2026 21:39:46","230","Information","Microsoft-Windows-USBVideo","PowerIrp_PassiveWakeupCompleted"
"29-07-2026 21:39:46","220","Information","Microsoft-Windows-USBVideo","PowerIrp_CheckingPLFRegistry"
"29-07-2026 21:39:46","215","Information","Microsoft-Windows-USBVideo","Start of PowerIrpCompletion"
"29-07-2026 21:39:46","205","Information","Microsoft-Windows-USBVideo","Stop of StartUSBVideoDevice"
"29-07-2026 21:39:46","204","Information","Microsoft-Windows-USBVideo","Start of StartUSBVideoDevice"
"29-07-2026 21:39:46","214","Information","Microsoft-Windows-USBVideo","ConnectedStandbyHandler_Stop"
"29-07-2026 21:39:46","201","Information","Microsoft-Windows-USBVideo","Stop of PowerUpDevice"
"29-07-2026 21:39:46","200","Information","Microsoft-Windows-USBVideo","Start of PowerUpDevice"
"29-07-2026 20:21:57","216","Information","Microsoft-Windows-USBVideo","Stop of PowerIrpCompletion"
"29-07-2026 20:21:57","215","Information","Microsoft-Windows-USBVideo","Start of PowerIrpCompletion"
"29-07-2026 20:21:57","207","Information","Microsoft-Windows-USBVideo","Stop of StopUSBVideoDevice"
"29-07-2026 20:21:57","206","Information","Microsoft-Windows-USBVideo","Start of StopUSBVideoDevice"
"29-07-2026 20:21:57","213","Information","Microsoft-Windows-USBVideo","ConnectedStandbyHandler_Start"
"29-07-2026 20:21:57","203","Information","Microsoft-Windows-USBVideo","Stop of PowerDownDevice"
"29-07-2026 20:21:57","202","Information","Microsoft-Windows-USBVideo","Start of PowerDownDevice"
"29-07-2026 19:21:17","230","Information","Microsoft-Windows-USBVideo","PowerIrp_PassiveWakeupCompleted"
"29-07-2026 19:21:17","216","Information","Microsoft-Windows-USBVideo","Stop of PowerIrpCompletion"
"29-07-2026 19:21:17","220","Information","Microsoft-Windows-USBVideo","PowerIrp_CheckingPLFRegistry"
"29-07-2026 19:21:17","215","Information","Microsoft-Windows-USBVideo","Start of PowerIrpCompletion"
"29-07-2026 19:21:17","205","Information","Microsoft-Windows-USBVideo","Stop of StartUSBVideoDevice"
"29-07-2026 19:21:17","204","Information","Microsoft-Windows-USBVideo","Start of StartUSBVideoDevice"
"29-07-2026 19:21:17","214","Information","Microsoft-Windows-USBVideo","ConnectedStandbyHandler_Stop"
"29-07-2026 19:21:17","201","Information","Microsoft-Windows-USBVideo","Stop of PowerUpDevice"
"29-07-2026 19:21:17","200","Information","Microsoft-Windows-USBVideo","Start of PowerUpDevice"
"29-07-2026 19:21:13","216","Information","Microsoft-Windows-USBVideo","Stop of PowerIrpCompletion"
"29-07-2026 19:21:13","215","Information","Microsoft-Windows-USBVideo","Start of PowerIrpCompletion"
"29-07-2026 19:21:13","207","Information","Microsoft-Windows-USBVideo","Stop of StopUSBVideoDevice"
"29-07-2026 19:21:13","206","Information","Microsoft-Windows-USBVideo","Start of StopUSBVideoDevice"
"29-07-2026 19:21:13","213","Information","Microsoft-Windows-USBVideo","ConnectedStandbyHandler_Start"
"29-07-2026 19:21:13","203","Information","Microsoft-Windows-USBVideo","Stop of PowerDownDevice"
"29-07-2026 19:21:13","202","Information","Microsoft-Windows-USBVideo","Start of PowerDownDevice"
"29-07-2026 16:45:08","203","Information","Microsoft-Windows-USBVideo","Stop of PowerDownDevice"
"29-07-2026 16:45:08","202","Information","Microsoft-Windows-USBVideo","Start of PowerDownDevice"
"29-07-2026 16:45:08","201","Information","Microsoft-Windows-USBVideo","Stop of PowerUpDevice"
"29-07-2026 16:45:08","200","Information","Microsoft-Windows-USBVideo","Start of PowerUpDevice"
"29-07-2026 16:45:08","203","Information","Microsoft-Windows-USBVideo","Stop of PowerDownDevice"
"29-07-2026 16:45:08","202","Information","Microsoft-Windows-USBVideo","Start of PowerDownDevice"
"29-07-2026 16:30:50","201","Information","Microsoft-Windows-USBVideo","Stop of PowerUpDevice"
"29-07-2026 16:30:50","200","Information","Microsoft-Windows-USBVideo","Start of PowerUpDevice"
"29-07-2026 16:29:42","203","Information","Microsoft-Windows-USBVideo","Stop of PowerDownDevice"
"29-07-2026 16:29:42","202","Information","Microsoft-Windows-USBVideo","Start of PowerDownDevice"
"29-07-2026 16:29:42","201","Information","Microsoft-Windows-USBVideo","Stop of PowerUpDevice"
"29-07-2026 16:29:42","200","Information","Microsoft-Windows-USBVideo","Start of PowerUpDevice"
"29-07-2026 16:29:42","203","Information","Microsoft-Windows-USBVideo","Stop of PowerDownDevice"
"29-07-2026 16:29:42","202","Information","Microsoft-Windows-USBVideo","Start of PowerDownDevice"
"29-07-2026 16:23:44","201","Information","Microsoft-Windows-USBVideo","Stop of PowerUpDevice"
"29-07-2026 16:23:44","200","Information","Microsoft-Windows-USBVideo","Start of PowerUpDevice"
"29-07-2026 16:23:36","203","Information","Microsoft-Windows-USBVideo","Stop of PowerDownDevice"
"29-07-2026 16:23:36","202","Information","Microsoft-Windows-USBVideo","Start of PowerDownDevice"
"29-07-2026 16:23:36","201","Information","Microsoft-Windows-USBVideo","Stop of PowerUpDevice"
"29-07-2026 16:23:36","200","Information","Microsoft-Windows-USBVideo","Start of PowerUpDevice"
"29-07-2026 16:23:36","203","Information","Microsoft-Windows-USBVideo","Stop of PowerDownDevice"
"29-07-2026 16:23:36","202","Information","Microsoft-Windows-USBVideo","Start of PowerDownDevice"
"29-07-2026 16:02:52","201","Information","Microsoft-Windows-USBVideo","Stop of PowerUpDevice"
"29-07-2026 16:02:52","200","Information","Microsoft-Windows-USBVideo","Start of PowerUpDevice"
"29-07-2026 13:00:29","203","Information","Microsoft-Windows-USBVideo","Stop of PowerDownDevice"
"29-07-2026 13:00:29","202","Information","Microsoft-Windows-USBVideo","Start of PowerDownDevice"
"29-07-2026 13:00:29","201","Information","Microsoft-Windows-USBVideo","Stop of PowerUpDevice"
"29-07-2026 13:00:29","200","Information","Microsoft-Windows-USBVideo","Start of PowerUpDevice"
"29-07-2026 13:00:29","203","Information","Microsoft-Windows-USBVideo","Stop of PowerDownDevice"
"29-07-2026 13:00:29","202","Information","Microsoft-Windows-USBVideo","Start of PowerDownDevice"
"29-07-2026 12:00:56","201","Information","Microsoft-Windows-USBVideo","Stop of PowerUpDevice"
"29-07-2026 12:00:56","200","Information","Microsoft-Windows-USBVideo","Start of PowerUpDevice"
"29-07-2026 09:25:57","203","Information","Microsoft-Windows-USBVideo","Stop of PowerDownDevice"
"29-07-2026 09:25:57","202","Information","Microsoft-Windows-USBVideo","Start of PowerDownDevice"
"29-07-2026 09:25:57","201","Information","Microsoft-Windows-USBVideo","Stop of PowerUpDevice"
"29-07-2026 09:25:57","200","Information","Microsoft-Windows-USBVideo","Start of PowerUpDevice"
"29-07-2026 09:24:45","205","Information","Microsoft-Windows-USBVideo","Stop of StartUSBVideoDevice"
"29-07-2026 09:24:45","204","Information","Microsoft-Windows-USBVideo","Start of StartUSBVideoDevice"
"29-07-2026 06:01:33","207","Information","Microsoft-Windows-USBVideo","Stop of StopUSBVideoDevice"
"29-07-2026 06:01:33","206","Information","Microsoft-Windows-USBVideo","Start of StopUSBVideoDevice"
"29-07-2026 06:01:15","230","Information","Microsoft-Windows-USBVideo","PowerIrp_PassiveWakeupCompleted"
"29-07-2026 06:01:15","216","Information","Microsoft-Windows-USBVideo","Stop of PowerIrpCompletion"
"29-07-2026 06:01:15","220","Information","Microsoft-Windows-USBVideo","PowerIrp_CheckingPLFRegistry"
"29-07-2026 06:01:15","215","Information","Microsoft-Windows-USBVideo","Start of PowerIrpCompletion"
"29-07-2026 06:01:15","205","Information","Microsoft-Windows-USBVideo","Stop of StartUSBVideoDevice"
"29-07-2026 06:01:15","204","Information","Microsoft-Windows-USBVideo","Start of StartUSBVideoDevice"
"29-07-2026 06:01:15","214","Information","Microsoft-Windows-USBVideo","ConnectedStandbyHandler_Stop"
"29-07-2026 06:01:15","201","Information","Microsoft-Windows-USBVideo","Stop of PowerUpDevice"
"29-07-2026 06:01:15","200","Information","Microsoft-Windows-USBVideo","Start of PowerUpDevice"
"28-07-2026 20:56:26","216","Information","Microsoft-Windows-USBVideo","Stop of PowerIrpCompletion"
"28-07-2026 20:56:26","215","Information","Microsoft-Windows-USBVideo","Start of PowerIrpCompletion"
"28-07-2026 20:56:26","207","Information","Microsoft-Windows-USBVideo","Stop of StopUSBVideoDevice"
"28-07-2026 20:56:26","206","Information","Microsoft-Windows-USBVideo","Start of StopUSBVideoDevice"
"28-07-2026 20:56:26","213","Information","Microsoft-Windows-USBVideo","ConnectedStandbyHandler_Start"
"28-07-2026 20:56:26","203","Information","Microsoft-Windows-USBVideo","Stop of PowerDownDevice"
"28-07-2026 20:56:26","202","Information","Microsoft-Windows-USBVideo","Start of PowerDownDevice"
"28-07-2026 20:56:21","216","Information","Microsoft-Windows-USBVideo","Stop of PowerIrpCompletion"
"28-07-2026 20:56:21","230","Information","Microsoft-Windows-USBVideo","PowerIrp_PassiveWakeupCompleted"
"28-07-2026 20:56:21","220","Information","Microsoft-Windows-USBVideo","PowerIrp_CheckingPLFRegistry"
"28-07-2026 20:56:21","215","Information","Microsoft-Windows-USBVideo","Start of PowerIrpCompletion"
"28-07-2026 20:56:21","205","Information","Microsoft-Windows-USBVideo","Stop of StartUSBVideoDevice"
"28-07-2026 20:56:21","204","Information","Microsoft-Windows-USBVideo","Start of StartUSBVideoDevice"
"28-07-2026 20:56:21","214","Information","Microsoft-Windows-USBVideo","ConnectedStandbyHandler_Stop"
"28-07-2026 20:56:21","201","Information","Microsoft-Windows-USBVideo","Stop of PowerUpDevice"
"28-07-2026 20:56:21","200","Information","Microsoft-Windows-USBVideo","Start of PowerUpDevice"
"28-07-2026 20:09:27","216","Information","Microsoft-Windows-USBVideo","Stop of PowerIrpCompletion"
"28-07-2026 20:09:27","215","Information","Microsoft-Windows-USBVideo","Start of PowerIrpCompletion"
"28-07-2026 20:09:27","207","Information","Microsoft-Windows-USBVideo","Stop of StopUSBVideoDevice"
"28-07-2026 20:09:27","206","Information","Microsoft-Windows-USBVideo","Start of StopUSBVideoDevice"
"28-07-2026 20:09:27","213","Information","Microsoft-Windows-USBVideo","ConnectedStandbyHandler_Start"
"28-07-2026 20:09:27","203","Information","Microsoft-Windows-USBVideo","Stop of PowerDownDevice"
"28-07-2026 20:09:27","202","Information","Microsoft-Windows-USBVideo","Start of PowerDownDevice"
"28-07-2026 19:09:17","230","Information","Microsoft-Windows-USBVideo","PowerIrp_PassiveWakeupCompleted"
"28-07-2026 19:09:17","216","Information","Microsoft-Windows-USBVideo","Stop of PowerIrpCompletion"
"28-07-2026 19:09:17","220","Information","Microsoft-Windows-USBVideo","PowerIrp_CheckingPLFRegistry"
"28-07-2026 19:09:17","215","Information","Microsoft-Windows-USBVideo","Start of PowerIrpCompletion"
"28-07-2026 19:09:17","205","Information","Microsoft-Windows-USBVideo","Stop of StartUSBVideoDevice"
"28-07-2026 19:09:17","204","Information","Microsoft-Windows-USBVideo","Start of StartUSBVideoDevice"
"28-07-2026 19:09:17","214","Information","Microsoft-Windows-USBVideo","ConnectedStandbyHandler_Stop"
"28-07-2026 19:09:17","201","Information","Microsoft-Windows-USBVideo","Stop of PowerUpDevice"
"28-07-2026 19:09:17","200","Information","Microsoft-Windows-USBVideo","Start of PowerUpDevice"
"28-07-2026 19:09:15","216","Information","Microsoft-Windows-USBVideo","Stop of PowerIrpCompletion"
"28-07-2026 19:09:15","215","Information","Microsoft-Windows-USBVideo","Start of PowerIrpCompletion"
"28-07-2026 19:09:15","207","Information","Microsoft-Windows-USBVideo","Stop of StopUSBVideoDevice"
"28-07-2026 19:09:15","206","Information","Microsoft-Windows-USBVideo","Start of StopUSBVideoDevice"
"28-07-2026 19:09:15","213","Information","Microsoft-Windows-USBVideo","ConnectedStandbyHandler_Start"
"28-07-2026 19:09:15","203","Information","Microsoft-Windows-USBVideo","Stop of PowerDownDevice"
"28-07-2026 19:09:15","202","Information","Microsoft-Windows-USBVideo","Start of PowerDownDevice"
"28-07-2026 18:53:08","230","Information","Microsoft-Windows-USBVideo","PowerIrp_PassiveWakeupCompleted"
"28-07-2026 18:53:08","216","Information","Microsoft-Windows-USBVideo","Stop of PowerIrpCompletion"
"28-07-2026 18:53:08","220","Information","Microsoft-Windows-USBVideo","PowerIrp_CheckingPLFRegistry"
"28-07-2026 18:53:08","215","Information","Microsoft-Windows-USBVideo","Start of PowerIrpCompletion"
"28-07-2026 18:53:08","205","Information","Microsoft-Windows-USBVideo","Stop of StartUSBVideoDevice"
"28-07-2026 18:53:08","204","Information","Microsoft-Windows-USBVideo","Start of StartUSBVideoDevice"
"28-07-2026 18:53:08","214","Information","Microsoft-Windows-USBVideo","ConnectedStandbyHandler_Stop"
"28-07-2026 18:53:08","201","Information","Microsoft-Windows-USBVideo","Stop of PowerUpDevice"
"28-07-2026 18:53:08","200","Information","Microsoft-Windows-USBVideo","Start of PowerUpDevice"
"28-07-2026 18:42:43","216","Information","Microsoft-Windows-USBVideo","Stop of PowerIrpCompletion"
"28-07-2026 18:42:43","215","Information","Microsoft-Windows-USBVideo","Start of PowerIrpCompletion"
"28-07-2026 18:42:43","207","Information","Microsoft-Windows-USBVideo","Stop of StopUSBVideoDevice"
"28-07-2026 18:42:43","206","Information","Microsoft-Windows-USBVideo","Start of StopUSBVideoDevice"
"28-07-2026 18:42:43","213","Information","Microsoft-Windows-USBVideo","ConnectedStandbyHandler_Start"
"28-07-2026 18:42:43","203","Information","Microsoft-Windows-USBVideo","Stop of PowerDownDevice"
"28-07-2026 18:42:43","202","Information","Microsoft-Windows-USBVideo","Start of PowerDownDevice"
"28-07-2026 17:42:15","203","Information","Microsoft-Windows-USBVideo","Stop of PowerDownDevice"
"28-07-2026 17:42:15","202","Information","Microsoft-Windows-USBVideo","Start of PowerDownDevice"
"28-07-2026 17:42:15","201","Information","Microsoft-Windows-USBVideo","Stop of PowerUpDevice"
"28-07-2026 17:42:15","200","Information","Microsoft-Windows-USBVideo","Start of PowerUpDevice"
"28-07-2026 17:42:14","203","Information","Microsoft-Windows-USBVideo","Stop of PowerDownDevice"
"28-07-2026 17:42:14","202","Information","Microsoft-Windows-USBVideo","Start of PowerDownDevice"
"28-07-2026 17:28:01","201","Information","Microsoft-Windows-USBVideo","Stop of PowerUpDevice"
"28-07-2026 17:28:01","200","Information","Microsoft-Windows-USBVideo","Start of PowerUpDevice"
"28-07-2026 15:56:37","203","Information","Microsoft-Windows-USBVideo","Stop of PowerDownDevice"
"28-07-2026 15:56:37","202","Information","Microsoft-Windows-USBVideo","Start of PowerDownDevice"
"28-07-2026 15:56:37","201","Information","Microsoft-Windows-USBVideo","Stop of PowerUpDevice"
"28-07-2026 15:56:37","200","Information","Microsoft-Windows-USBVideo","Start of PowerUpDevice"
"28-07-2026 15:56:37","203","Information","Microsoft-Windows-USBVideo","Stop of PowerDownDevice"
"28-07-2026 15:56:37","202","Information","Microsoft-Windows-USBVideo","Start of PowerDownDevice"
"28-07-2026 15:00:43","201","Information","Microsoft-Windows-USBVideo","Stop of PowerUpDevice"
"28-07-2026 15:00:43","200","Information","Microsoft-Windows-USBVideo","Start of PowerUpDevice"
"28-07-2026 12:26:24","203","Information","Microsoft-Windows-USBVideo","Stop of PowerDownDevice"
"28-07-2026 12:26:24","202","Information","Microsoft-Windows-USBVideo","Start of PowerDownDevice"
"28-07-2026 12:26:24","201","Information","Microsoft-Windows-USBVideo","Stop of PowerUpDevice"
"28-07-2026 12:26:24","200","Information","Microsoft-Windows-USBVideo","Start of PowerUpDevice"
"28-07-2026 12:26:24","203","Information","Microsoft-Windows-USBVideo","Stop of PowerDownDevice"
"28-07-2026 12:26:24","202","Information","Microsoft-Windows-USBVideo","Start of PowerDownDevice"
"28-07-2026 12:26:24","201","Information","Microsoft-Windows-USBVideo","Stop of PowerUpDevice"
"28-07-2026 12:26:24","200","Information","Microsoft-Windows-USBVideo","Start of PowerUpDevice"
"28-07-2026 12:25:57","203","Information","Microsoft-Windows-USBVideo","Stop of PowerDownDevice"
"28-07-2026 12:25:57","202","Information","Microsoft-Windows-USBVideo","Start of PowerDownDevice"
"28-07-2026 12:25:57","201","Information","Microsoft-Windows-USBVideo","Stop of PowerUpDevice"
"28-07-2026 12:25:57","200","Information","Microsoft-Windows-USBVideo","Start of PowerUpDevice"
"28-07-2026 12:25:57","203","Information","Microsoft-Windows-USBVideo","Stop of PowerDownDevice"
"28-07-2026 12:25:57","202","Information","Microsoft-Windows-USBVideo","Start of PowerDownDevice"
"28-07-2026 12:01:31","201","Information","Microsoft-Windows-USBVideo","Stop of PowerUpDevice"
"28-07-2026 12:01:31","200","Information","Microsoft-Windows-USBVideo","Start of PowerUpDevice"
"28-07-2026 12:01:23","203","Information","Microsoft-Windows-USBVideo","Stop of PowerDownDevice"
"28-07-2026 12:01:23","202","Information","Microsoft-Windows-USBVideo","Start of PowerDownDevice"
"28-07-2026 12:01:22","201","Information","Microsoft-Windows-USBVideo","Stop of PowerUpDevice"
"28-07-2026 12:01:22","200","Information","Microsoft-Windows-USBVideo","Start of PowerUpDevice"
"28-07-2026 11:53:36","203","Information","Microsoft-Windows-USBVideo","Stop of PowerDownDevice"
"28-07-2026 11:53:36","202","Information","Microsoft-Windows-USBVideo","Start of PowerDownDevice"
"28-07-2026 11:53:36","201","Information","Microsoft-Windows-USBVideo","Stop of PowerUpDevice"
"28-07-2026 11:53:36","200","Information","Microsoft-Windows-USBVideo","Start of PowerUpDevice"
"28-07-2026 11:00:51","203","Information","Microsoft-Windows-USBVideo","Stop of PowerDownDevice"
"28-07-2026 11:00:51","202","Information","Microsoft-Windows-USBVideo","Start of PowerDownDevice"
"28-07-2026 11:00:50","201","Information","Microsoft-Windows-USBVideo","Stop of PowerUpDevice"
"28-07-2026 11:00:50","200","Information","Microsoft-Windows-USBVideo","Start of PowerUpDevice"
"28-07-2026 11:00:49","203","Information","Microsoft-Windows-USBVideo","Stop of PowerDownDevice"
"28-07-2026 11:00:49","202","Information","Microsoft-Windows-USBVideo","Start of PowerDownDevice"
"28-07-2026 11:00:48","201","Information","Microsoft-Windows-USBVideo","Stop of PowerUpDevice"
"28-07-2026 11:00:48","200","Information","Microsoft-Windows-USBVideo","Start of PowerUpDevice"
"28-07-2026 10:50:24","203","Information","Microsoft-Windows-USBVideo","Stop of PowerDownDevice"
"28-07-2026 10:50:24","202","Information","Microsoft-Windows-USBVideo","Start of PowerDownDevice"
"28-07-2026 10:48:41","201","Information","Microsoft-Windows-USBVideo","Stop of PowerUpDevice"
"28-07-2026 10:48:41","200","Information","Microsoft-Windows-USBVideo","Start of PowerUpDevice"
"28-07-2026 10:48:40","203","Information","Microsoft-Windows-USBVideo","Stop of PowerDownDevice"
"28-07-2026 10:48:40","202","Information","Microsoft-Windows-USBVideo","Start of PowerDownDevice"
"28-07-2026 10:48:39","201","Information","Microsoft-Windows-USBVideo","Stop of PowerUpDevice"
"28-07-2026 10:48:39","200","Information","Microsoft-Windows-USBVideo","Start of PowerUpDevice"
"28-07-2026 10:48:05","203","Information","Microsoft-Windows-USBVideo","Stop of PowerDownDevice"
"28-07-2026 10:48:05","202","Information","Microsoft-Windows-USBVideo","Start of PowerDownDevice"
"28-07-2026 10:46:57","201","Information","Microsoft-Windows-USBVideo","Stop of PowerUpDevice"
"28-07-2026 10:46:57","200","Information","Microsoft-Windows-USBVideo","Start of PowerUpDevice"
"28-07-2026 10:46:57","203","Information","Microsoft-Windows-USBVideo","Stop of PowerDownDevice"
"28-07-2026 10:46:57","202","Information","Microsoft-Windows-USBVideo","Start of PowerDownDevice"
"28-07-2026 10:46:56","201","Information","Microsoft-Windows-USBVideo","Stop of PowerUpDevice"
"28-07-2026 10:46:56","200","Information","Microsoft-Windows-USBVideo","Start of PowerUpDevice"
"28-07-2026 10:25:42","203","Information","Microsoft-Windows-USBVideo","Stop of PowerDownDevice"
"28-07-2026 10:25:42","202","Information","Microsoft-Windows-USBVideo","Start of PowerDownDevice"
"28-07-2026 10:25:42","201","Information","Microsoft-Windows-USBVideo","Stop of PowerUpDevice"
"28-07-2026 10:25:42","200","Information","Microsoft-Windows-USBVideo","Start of PowerUpDevice"
"28-07-2026 09:29:56","203","Information","Microsoft-Windows-USBVideo","Stop of PowerDownDevice"
"28-07-2026 09:29:56","202","Information","Microsoft-Windows-USBVideo","Start of PowerDownDevice"
"28-07-2026 09:29:56","201","Information","Microsoft-Windows-USBVideo","Stop of PowerUpDevice"
"28-07-2026 09:29:56","200","Information","Microsoft-Windows-USBVideo","Start of PowerUpDevice"
"28-07-2026 09:24:17","203","Information","Microsoft-Windows-USBVideo","Stop of PowerDownDevice"
"28-07-2026 09:24:17","202","Information","Microsoft-Windows-USBVideo","Start of PowerDownDevice"
"28-07-2026 09:24:16","201","Information","Microsoft-Windows-USBVideo","Stop of PowerUpDevice"
"28-07-2026 09:24:16","200","Information","Microsoft-Windows-USBVideo","Start of PowerUpDevice"
"28-07-2026 09:22:31","205","Information","Microsoft-Windows-USBVideo","Stop of StartUSBVideoDevice"
"28-07-2026 09:22:31","204","Information","Microsoft-Windows-USBVideo","Start of StartUSBVideoDevice"
"28-07-2026 04:09:52","207","Information","Microsoft-Windows-USBVideo","Stop of StopUSBVideoDevice"
"28-07-2026 04:09:52","206","Information","Microsoft-Windows-USBVideo","Start of StopUSBVideoDevice"
"28-07-2026 04:09:48","230","Information","Microsoft-Windows-USBVideo","PowerIrp_PassiveWakeupCompleted"
"28-07-2026 04:09:48","216","Information","Microsoft-Windows-USBVideo","Stop of PowerIrpCompletion"
"28-07-2026 04:09:48","220","Information","Microsoft-Windows-USBVideo","PowerIrp_CheckingPLFRegistry"
"28-07-2026 04:09:48","215","Information","Microsoft-Windows-USBVideo","Start of PowerIrpCompletion"
"28-07-2026 04:09:48","205","Information","Microsoft-Windows-USBVideo","Stop of StartUSBVideoDevice"
"28-07-2026 04:09:48","204","Information","Microsoft-Windows-USBVideo","Start of StartUSBVideoDevice"
"28-07-2026 04:09:48","214","Information","Microsoft-Windows-USBVideo","ConnectedStandbyHandler_Stop"
"28-07-2026 04:09:48","201","Information","Microsoft-Windows-USBVideo","Stop of PowerUpDevice"
"28-07-2026 04:09:48","200","Information","Microsoft-Windows-USBVideo","Start of PowerUpDevice"
"27-07-2026 20:08:46","216","Information","Microsoft-Windows-USBVideo","Stop of PowerIrpCompletion"
"27-07-2026 20:08:46","215","Information","Microsoft-Windows-USBVideo","Start of PowerIrpCompletion"
"27-07-2026 20:08:46","207","Information","Microsoft-Windows-USBVideo","Stop of StopUSBVideoDevice"
"27-07-2026 20:08:46","206","Information","Microsoft-Windows-USBVideo","Start of StopUSBVideoDevice"
"27-07-2026 20:08:46","213","Information","Microsoft-Windows-USBVideo","ConnectedStandbyHandler_Start"
"27-07-2026 20:08:46","203","Information","Microsoft-Windows-USBVideo","Stop of PowerDownDevice"
"27-07-2026 20:08:46","202","Information","Microsoft-Windows-USBVideo","Start of PowerDownDevice"
"27-07-2026 20:08:37","230","Information","Microsoft-Windows-USBVideo","PowerIrp_PassiveWakeupCompleted"
"27-07-2026 20:08:37","216","Information","Microsoft-Windows-USBVideo","Stop of PowerIrpCompletion"
"27-07-2026 20:08:37","220","Information","Microsoft-Windows-USBVideo","PowerIrp_CheckingPLFRegistry"
"27-07-2026 20:08:37","215","Information","Microsoft-Windows-USBVideo","Start of PowerIrpCompletion"
"27-07-2026 20:08:37","205","Information","Microsoft-Windows-USBVideo","Stop of StartUSBVideoDevice"
"27-07-2026 20:08:37","204","Information","Microsoft-Windows-USBVideo","Start of StartUSBVideoDevice"
"27-07-2026 20:08:37","214","Information","Microsoft-Windows-USBVideo","ConnectedStandbyHandler_Stop"
"27-07-2026 20:08:37","201","Information","Microsoft-Windows-USBVideo","Stop of PowerUpDevice"
"27-07-2026 20:08:37","200","Information","Microsoft-Windows-USBVideo","Start of PowerUpDevice"
"27-07-2026 18:59:15","216","Information","Microsoft-Windows-USBVideo","Stop of PowerIrpCompletion"
"27-07-2026 18:59:15","215","Information","Microsoft-Windows-USBVideo","Start of PowerIrpCompletion"
"27-07-2026 18:59:15","207","Information","Microsoft-Windows-USBVideo","Stop of StopUSBVideoDevice"
"27-07-2026 18:59:15","206","Information","Microsoft-Windows-USBVideo","Start of StopUSBVideoDevice"
"27-07-2026 18:59:15","213","Information","Microsoft-Windows-USBVideo","ConnectedStandbyHandler_Start"
"27-07-2026 18:59:15","203","Information","Microsoft-Windows-USBVideo","Stop of PowerDownDevice"
"27-07-2026 18:59:15","202","Information","Microsoft-Windows-USBVideo","Start of PowerDownDevice"
"27-07-2026 18:58:53","230","Information","Microsoft-Windows-USBVideo","PowerIrp_PassiveWakeupCompleted"
"27-07-2026 18:58:53","216","Information","Microsoft-Windows-USBVideo","Stop of PowerIrpCompletion"
"27-07-2026 18:58:53","220","Information","Microsoft-Windows-USBVideo","PowerIrp_CheckingPLFRegistry"
"27-07-2026 18:58:53","215","Information","Microsoft-Windows-USBVideo","Start of PowerIrpCompletion"
"27-07-2026 18:58:53","205","Information","Microsoft-Windows-USBVideo","Stop of StartUSBVideoDevice"
"27-07-2026 18:58:53","204","Information","Microsoft-Windows-USBVideo","Start of StartUSBVideoDevice"
"27-07-2026 18:58:53","214","Information","Microsoft-Windows-USBVideo","ConnectedStandbyHandler_Stop"
"27-07-2026 18:58:53","201","Information","Microsoft-Windows-USBVideo","Stop of PowerUpDevice"
"27-07-2026 18:58:53","200","Information","Microsoft-Windows-USBVideo","Start of PowerUpDevice"
"27-07-2026 18:58:43","216","Information","Microsoft-Windows-USBVideo","Stop of PowerIrpCompletion"
"27-07-2026 18:58:43","215","Information","Microsoft-Windows-USBVideo","Start of PowerIrpCompletion"
"27-07-2026 18:58:43","207","Information","Microsoft-Windows-USBVideo","Stop of StopUSBVideoDevice"
"27-07-2026 18:58:43","206","Information","Microsoft-Windows-USBVideo","Start of StopUSBVideoDevice"
"27-07-2026 18:58:43","213","Information","Microsoft-Windows-USBVideo","ConnectedStandbyHandler_Start"
"27-07-2026 18:58:43","203","Information","Microsoft-Windows-USBVideo","Stop of PowerDownDevice"
"27-07-2026 18:58:43","202","Information","Microsoft-Windows-USBVideo","Start of PowerDownDevice"
"27-07-2026 14:02:28","230","Information","Microsoft-Windows-USBVideo","PowerIrp_PassiveWakeupCompleted"
"27-07-2026 14:02:28","216","Information","Microsoft-Windows-USBVideo","Stop of PowerIrpCompletion"
"27-07-2026 14:02:28","220","Information","Microsoft-Windows-USBVideo","PowerIrp_CheckingPLFRegistry"
"27-07-2026 14:02:28","215","Information","Microsoft-Windows-USBVideo","Start of PowerIrpCompletion"
"27-07-2026 14:02:28","205","Information","Microsoft-Windows-USBVideo","Stop of StartUSBVideoDevice"
"27-07-2026 14:02:28","204","Information","Microsoft-Windows-USBVideo","Start of StartUSBVideoDevice"
"27-07-2026 14:02:28","214","Information","Microsoft-Windows-USBVideo","ConnectedStandbyHandler_Stop"
"27-07-2026 14:02:28","201","Information","Microsoft-Windows-USBVideo","Stop of PowerUpDevice"
"27-07-2026 14:02:28","200","Information","Microsoft-Windows-USBVideo","Start of PowerUpDevice"
"27-07-2026 13:58:19","203","Information","Microsoft-Windows-USBVideo","Stop of PowerDownDevice"
"27-07-2026 13:58:19","202","Information","Microsoft-Windows-USBVideo","Start of PowerDownDevice"
"27-07-2026 13:58:19","216","Information","Microsoft-Windows-USBVideo","Stop of PowerIrpCompletion"
"27-07-2026 13:58:19","215","Information","Microsoft-Windows-USBVideo","Start of PowerIrpCompletion"
"27-07-2026 13:58:19","207","Information","Microsoft-Windows-USBVideo","Stop of StopUSBVideoDevice"
"27-07-2026 13:58:19","206","Information","Microsoft-Windows-USBVideo","Start of StopUSBVideoDevice"
"27-07-2026 13:58:19","213","Information","Microsoft-Windows-USBVideo","ConnectedStandbyHandler_Start"
"27-07-2026 13:58:19","203","Information","Microsoft-Windows-USBVideo","Stop of PowerDownDevice"
"27-07-2026 13:58:19","202","Information","Microsoft-Windows-USBVideo","Start of PowerDownDevice"
"27-07-2026 11:50:48","201","Information","Microsoft-Windows-USBVideo","Stop of PowerUpDevice"
"27-07-2026 11:50:48","200","Information","Microsoft-Windows-USBVideo","Start of PowerUpDevice"
"27-07-2026 11:50:47","230","Information","Microsoft-Windows-USBVideo","PowerIrp_PassiveWakeupCompleted"
"27-07-2026 11:50:47","218","Information","Microsoft-Windows-USBVideo","FilterIrp Completed"
"27-07-2026 11:50:47","218","Information","Microsoft-Windows-USBVideo","FilterIrp Completed"
"27-07-2026 11:50:47","216","Information","Microsoft-Windows-USBVideo","Stop of PowerIrpCompletion"
"27-07-2026 11:50:47","220","Information","Microsoft-Windows-USBVideo","PowerIrp_CheckingPLFRegistry"
"27-07-2026 11:50:47","215","Information","Microsoft-Windows-USBVideo","Start of PowerIrpCompletion"
"27-07-2026 11:50:47","205","Information","Microsoft-Windows-USBVideo","Stop of StartUSBVideoDevice"
"27-07-2026 11:50:47","204","Information","Microsoft-Windows-USBVideo","Start of StartUSBVideoDevice"
"27-07-2026 11:50:47","217","Information","Microsoft-Windows-USBVideo","FilterIrp Pending"
"27-07-2026 11:50:47","201","Information","Microsoft-Windows-USBVideo","Stop of PowerUpDevice"
"27-07-2026 11:50:47","200","Information","Microsoft-Windows-USBVideo","Start of PowerUpDevice"
"27-07-2026 11:49:17","216","Information","Microsoft-Windows-USBVideo","Stop of PowerIrpCompletion"
"27-07-2026 11:49:17","215","Information","Microsoft-Windows-USBVideo","Start of PowerIrpCompletion"
"27-07-2026 11:49:17","207","Information","Microsoft-Windows-USBVideo","Stop of StopUSBVideoDevice"
"27-07-2026 11:49:17","206","Information","Microsoft-Windows-USBVideo","Start of StopUSBVideoDevice"
"27-07-2026 11:49:17","203","Information","Microsoft-Windows-USBVideo","Stop of PowerDownDevice"
"27-07-2026 11:49:17","202","Information","Microsoft-Windows-USBVideo","Start of PowerDownDevice"
"27-07-2026 11:49:17","223","Information","Microsoft-Windows-USBVideo","Stop of RestoreDefaults"
"27-07-2026 11:49:17","222","Information","Microsoft-Windows-USBVideo","Start of RestoreDefaults"
"27-07-2026 11:49:17","230","Information","Microsoft-Windows-USBVideo","PowerIrp_PassiveWakeupCompleted"
"27-07-2026 11:49:17","218","Information","Microsoft-Windows-USBVideo","FilterIrp Completed"
"27-07-2026 11:49:17","218","Information","Microsoft-Windows-USBVideo","FilterIrp Completed"
"27-07-2026 11:49:17","216","Information","Microsoft-Windows-USBVideo","Stop of PowerIrpCompletion"
"27-07-2026 11:49:17","220","Information","Microsoft-Windows-USBVideo","PowerIrp_CheckingPLFRegistry"
"27-07-2026 11:49:17","215","Information","Microsoft-Windows-USBVideo","Start of PowerIrpCompletion"
"27-07-2026 11:49:17","205","Information","Microsoft-Windows-USBVideo","Stop of StartUSBVideoDevice"
"27-07-2026 11:49:17","204","Information","Microsoft-Windows-USBVideo","Start of StartUSBVideoDevice"
"27-07-2026 11:49:17","217","Information","Microsoft-Windows-USBVideo","FilterIrp Pending"
"27-07-2026 11:49:17","201","Information","Microsoft-Windows-USBVideo","Stop of PowerUpDevice"
"27-07-2026 11:49:17","200","Information","Microsoft-Windows-USBVideo","Start of PowerUpDevice"
"27-07-2026 11:49:15","216","Information","Microsoft-Windows-USBVideo","Stop of PowerIrpCompletion"
"27-07-2026 11:49:15","215","Information","Microsoft-Windows-USBVideo","Start of PowerIrpCompletion"
"27-07-2026 11:49:15","207","Information","Microsoft-Windows-USBVideo","Stop of StopUSBVideoDevice"
"27-07-2026 11:49:15","206","Information","Microsoft-Windows-USBVideo","Start of StopUSBVideoDevice"
"27-07-2026 11:49:15","205","Information","Microsoft-Windows-USBVideo","Stop of StartUSBVideoDevice"
"27-07-2026 11:49:15","227","Information","Microsoft-Windows-USBVideo","UsbVideo camera has valid configuration"
"27-07-2026 11:49:15","204","Information","Microsoft-Windows-USBVideo","Start of StartUSBVideoDevice"
"27-07-2026 11:47:54","216","Information","Microsoft-Windows-USBVideo","Stop of PowerIrpCompletion"
"27-07-2026 11:47:54","215","Information","Microsoft-Windows-USBVideo","Start of PowerIrpCompletion"
"27-07-2026 11:47:54","207","Information","Microsoft-Windows-USBVideo","Stop of StopUSBVideoDevice"
"27-07-2026 11:47:54","206","Information","Microsoft-Windows-USBVideo","Start of StopUSBVideoDevice"
"27-07-2026 11:47:54","203","Information","Microsoft-Windows-USBVideo","Stop of PowerDownDevice"
"27-07-2026 11:47:54","202","Information","Microsoft-Windows-USBVideo","Start of PowerDownDevice"
"27-07-2026 11:47:54","223","Information","Microsoft-Windows-USBVideo","Stop of RestoreDefaults"
"27-07-2026 11:47:54","222","Information","Microsoft-Windows-USBVideo","Start of RestoreDefaults"
"27-07-2026 11:47:54","203","Information","Microsoft-Windows-USBVideo","Stop of PowerDownDevice"
"27-07-2026 11:47:54","202","Information","Microsoft-Windows-USBVideo","Start of PowerDownDevice"
"27-07-2026 09:45:58","201","Information","Microsoft-Windows-USBVideo","Stop of PowerUpDevice"
"27-07-2026 09:45:58","200","Information","Microsoft-Windows-USBVideo","Start of PowerUpDevice"
"27-07-2026 09:45:57","230","Information","Microsoft-Windows-USBVideo","PowerIrp_PassiveWakeupCompleted"
"27-07-2026 09:45:57","218","Information","Microsoft-Windows-USBVideo","FilterIrp Completed"
"27-07-2026 09:45:57","218","Information","Microsoft-Windows-USBVideo","FilterIrp Completed"
"27-07-2026 09:45:57","216","Information","Microsoft-Windows-USBVideo","Stop of PowerIrpCompletion"
"27-07-2026 09:45:57","220","Information","Microsoft-Windows-USBVideo","PowerIrp_CheckingPLFRegistry"
"27-07-2026 09:45:57","215","Information","Microsoft-Windows-USBVideo","Start of PowerIrpCompletion"
"27-07-2026 09:45:57","205","Information","Microsoft-Windows-USBVideo","Stop of StartUSBVideoDevice"
"27-07-2026 09:45:57","204","Information","Microsoft-Windows-USBVideo","Start of StartUSBVideoDevice"
"27-07-2026 09:45:57","217","Information","Microsoft-Windows-USBVideo","FilterIrp Pending"
"27-07-2026 09:45:57","201","Information","Microsoft-Windows-USBVideo","Stop of PowerUpDevice"
"27-07-2026 09:45:57","200","Information","Microsoft-Windows-USBVideo","Start of PowerUpDevice"
"27-07-2026 09:37:10","216","Information","Microsoft-Windows-USBVideo","Stop of PowerIrpCompletion"
"27-07-2026 09:37:10","215","Information","Microsoft-Windows-USBVideo","Start of PowerIrpCompletion"
"27-07-2026 09:37:10","207","Information","Microsoft-Windows-USBVideo","Stop of StopUSBVideoDevice"
"27-07-2026 09:37:10","206","Information","Microsoft-Windows-USBVideo","Start of StopUSBVideoDevice"
"27-07-2026 09:37:10","203","Information","Microsoft-Windows-USBVideo","Stop of PowerDownDevice"
"27-07-2026 09:37:10","202","Information","Microsoft-Windows-USBVideo","Start of PowerDownDevice"
"27-07-2026 09:37:10","223","Information","Microsoft-Windows-USBVideo","Stop of RestoreDefaults"
"27-07-2026 09:37:10","222","Information","Microsoft-Windows-USBVideo","Start of RestoreDefaults"
"27-07-2026 09:37:10","230","Information","Microsoft-Windows-USBVideo","PowerIrp_PassiveWakeupCompleted"
"27-07-2026 09:37:10","218","Information","Microsoft-Windows-USBVideo","FilterIrp Completed"
"27-07-2026 09:37:10","218","Information","Microsoft-Windows-USBVideo","FilterIrp Completed"
"27-07-2026 09:37:10","216","Information","Microsoft-Windows-USBVideo","Stop of PowerIrpCompletion"
"27-07-2026 09:37:10","220","Information","Microsoft-Windows-USBVideo","PowerIrp_CheckingPLFRegistry"
"27-07-2026 09:37:10","215","Information","Microsoft-Windows-USBVideo","Start of PowerIrpCompletion"
"27-07-2026 09:37:10","205","Information","Microsoft-Windows-USBVideo","Stop of StartUSBVideoDevice"
"27-07-2026 09:37:10","204","Information","Microsoft-Windows-USBVideo","Start of StartUSBVideoDevice"
"27-07-2026 09:37:10","217","Information","Microsoft-Windows-USBVideo","FilterIrp Pending"
"27-07-2026 09:37:10","201","Information","Microsoft-Windows-USBVideo","Stop of PowerUpDevice"
"27-07-2026 09:37:10","200","Information","Microsoft-Windows-USBVideo","Start of PowerUpDevice"
"27-07-2026 09:37:06","216","Information","Microsoft-Windows-USBVideo","Stop of PowerIrpCompletion"
"27-07-2026 09:37:06","215","Information","Microsoft-Windows-USBVideo","Start of PowerIrpCompletion"
"27-07-2026 09:37:06","207","Information","Microsoft-Windows-USBVideo","Stop of StopUSBVideoDevice"
"27-07-2026 09:37:06","206","Information","Microsoft-Windows-USBVideo","Start of StopUSBVideoDevice"
"27-07-2026 09:37:06","205","Information","Microsoft-Windows-USBVideo","Stop of StartUSBVideoDevice"
"27-07-2026 09:37:06","227","Information","Microsoft-Windows-USBVideo","UsbVideo camera has valid configuration"
"27-07-2026 09:37:06","204","Information","Microsoft-Windows-USBVideo","Start of StartUSBVideoDevice"
"27-07-2026 09:34:36","216","Information","Microsoft-Windows-USBVideo","Stop of PowerIrpCompletion"
"27-07-2026 09:34:36","215","Information","Microsoft-Windows-USBVideo","Start of PowerIrpCompletion"
"27-07-2026 09:34:36","207","Information","Microsoft-Windows-USBVideo","Stop of StopUSBVideoDevice"
"27-07-2026 09:34:36","206","Information","Microsoft-Windows-USBVideo","Start of StopUSBVideoDevice"
"27-07-2026 09:34:36","203","Information","Microsoft-Windows-USBVideo","Stop of PowerDownDevice"
"27-07-2026 09:34:36","202","Information","Microsoft-Windows-USBVideo","Start of PowerDownDevice"
"27-07-2026 09:34:36","223","Information","Microsoft-Windows-USBVideo","Stop of RestoreDefaults"
"27-07-2026 09:34:36","222","Information","Microsoft-Windows-USBVideo","Start of RestoreDefaults"
"27-07-2026 09:34:36","230","Information","Microsoft-Windows-USBVideo","PowerIrp_PassiveWakeupCompleted"
"27-07-2026 09:34:36","218","Information","Microsoft-Windows-USBVideo","FilterIrp Completed"
"27-07-2026 09:34:36","218","Information","Microsoft-Windows-USBVideo","FilterIrp Completed"
"27-07-2026 09:34:36","216","Information","Microsoft-Windows-USBVideo","Stop of PowerIrpCompletion"
"27-07-2026 09:34:36","220","Information","Microsoft-Windows-USBVideo","PowerIrp_CheckingPLFRegistry"
"27-07-2026 09:34:36","215","Information","Microsoft-Windows-USBVideo","Start of PowerIrpCompletion"
"27-07-2026 09:34:36","205","Information","Microsoft-Windows-USBVideo","Stop of StartUSBVideoDevice"
"27-07-2026 09:34:36","204","Information","Microsoft-Windows-USBVideo","Start of StartUSBVideoDevice"
"27-07-2026 09:34:36","217","Information","Microsoft-Windows-USBVideo","FilterIrp Pending"
"27-07-2026 09:34:36","201","Information","Microsoft-Windows-USBVideo","Stop of PowerUpDevice"
"27-07-2026 09:34:36","200","Information","Microsoft-Windows-USBVideo","Start of PowerUpDevice"
"27-07-2026 09:34:19","216","Information","Microsoft-Windows-USBVideo","Stop of PowerIrpCompletion"
"27-07-2026 09:34:19","215","Information","Microsoft-Windows-USBVideo","Start of PowerIrpCompletion"
"27-07-2026 09:34:19","207","Information","Microsoft-Windows-USBVideo","Stop of StopUSBVideoDevice"
"27-07-2026 09:34:19","206","Information","Microsoft-Windows-USBVideo","Start of StopUSBVideoDevice"
"27-07-2026 09:34:19","205","Information","Microsoft-Windows-USBVideo","Stop of StartUSBVideoDevice"
"27-07-2026 09:34:19","227","Information","Microsoft-Windows-USBVideo","UsbVideo camera has valid configuration"
"27-07-2026 09:34:19","204","Information","Microsoft-Windows-USBVideo","Start of StartUSBVideoDevice"
"27-07-2026 09:31:33","216","Information","Microsoft-Windows-USBVideo","Stop of PowerIrpCompletion"
"27-07-2026 09:31:33","215","Information","Microsoft-Windows-USBVideo","Start of PowerIrpCompletion"
"27-07-2026 09:31:33","207","Information","Microsoft-Windows-USBVideo","Stop of StopUSBVideoDevice"
"27-07-2026 09:31:33","206","Information","Microsoft-Windows-USBVideo","Start of StopUSBVideoDevice"
"27-07-2026 09:31:33","203","Information","Microsoft-Windows-USBVideo","Stop of PowerDownDevice"
"27-07-2026 09:31:33","202","Information","Microsoft-Windows-USBVideo","Start of PowerDownDevice"
"27-07-2026 09:31:33","223","Information","Microsoft-Windows-USBVideo","Stop of RestoreDefaults"
"27-07-2026 09:31:33","222","Information","Microsoft-Windows-USBVideo","Start of RestoreDefaults"
"27-07-2026 09:31:32","230","Information","Microsoft-Windows-USBVideo","PowerIrp_PassiveWakeupCompleted"
"27-07-2026 09:31:32","218","Information","Microsoft-Windows-USBVideo","FilterIrp Completed"
"27-07-2026 09:31:32","218","Information","Microsoft-Windows-USBVideo","FilterIrp Completed"
"27-07-2026 09:31:32","216","Information","Microsoft-Windows-USBVideo","Stop of PowerIrpCompletion"
"27-07-2026 09:31:32","220","Information","Microsoft-Windows-USBVideo","PowerIrp_CheckingPLFRegistry"
"27-07-2026 09:31:32","215","Information","Microsoft-Windows-USBVideo","Start of PowerIrpCompletion"
"27-07-2026 09:31:32","205","Information","Microsoft-Windows-USBVideo","Stop of StartUSBVideoDevice"
"27-07-2026 09:31:32","204","Information","Microsoft-Windows-USBVideo","Start of StartUSBVideoDevice"
"27-07-2026 09:31:32","217","Information","Microsoft-Windows-USBVideo","FilterIrp Pending"
"27-07-2026 09:31:32","201","Information","Microsoft-Windows-USBVideo","Stop of PowerUpDevice"
"27-07-2026 09:31:32","200","Information","Microsoft-Windows-USBVideo","Start of PowerUpDevice"
"27-07-2026 09:29:51","216","Information","Microsoft-Windows-USBVideo","Stop of PowerIrpCompletion"
"27-07-2026 09:29:51","215","Information","Microsoft-Windows-USBVideo","Start of PowerIrpCompletion"
"27-07-2026 09:29:51","207","Information","Microsoft-Windows-USBVideo","Stop of StopUSBVideoDevice"
"27-07-2026 09:29:51","206","Information","Microsoft-Windows-USBVideo","Start of StopUSBVideoDevice"
"27-07-2026 09:29:51","203","Information","Microsoft-Windows-USBVideo","Stop of PowerDownDevice"
"27-07-2026 09:29:51","202","Information","Microsoft-Windows-USBVideo","Start of PowerDownDevice"
"27-07-2026 09:29:51","223","Information","Microsoft-Windows-USBVideo","Stop of RestoreDefaults"
"27-07-2026 09:29:51","222","Information","Microsoft-Windows-USBVideo","Start of RestoreDefaults"
"27-07-2026 09:14:32","205","Information","Microsoft-Windows-USBVideo","Stop of StartUSBVideoDevice"
"27-07-2026 09:14:32","204","Information","Microsoft-Windows-USBVideo","Start of StartUSBVideoDevice"
"24-07-2026 23:56:27","207","Information","Microsoft-Windows-USBVideo","Stop of StopUSBVideoDevice"
"24-07-2026 23:56:27","206","Information","Microsoft-Windows-USBVideo","Start of StopUSBVideoDevice"
"24-07-2026 23:55:46","230","Information","Microsoft-Windows-USBVideo","PowerIrp_PassiveWakeupCompleted"
"24-07-2026 23:55:46","216","Information","Microsoft-Windows-USBVideo","Stop of PowerIrpCompletion"
"24-07-2026 23:55:46","220","Information","Microsoft-Windows-USBVideo","PowerIrp_CheckingPLFRegistry"
"24-07-2026 23:55:46","215","Information","Microsoft-Windows-USBVideo","Start of PowerIrpCompletion"
"24-07-2026 23:55:46","205","Information","Microsoft-Windows-USBVideo","Stop of StartUSBVideoDevice"
"24-07-2026 23:55:46","204","Information","Microsoft-Windows-USBVideo","Start of StartUSBVideoDevice"
"24-07-2026 23:55:46","214","Information","Microsoft-Windows-USBVideo","ConnectedStandbyHandler_Stop"
"24-07-2026 23:55:46","201","Information","Microsoft-Windows-USBVideo","Stop of PowerUpDevice"
"24-07-2026 23:55:46","200","Information","Microsoft-Windows-USBVideo","Start of PowerUpDevice"
"24-07-2026 18:47:55","216","Information","Microsoft-Windows-USBVideo","Stop of PowerIrpCompletion"
"24-07-2026 18:47:55","215","Information","Microsoft-Windows-USBVideo","Start of PowerIrpCompletion"
"24-07-2026 18:47:55","207","Information","Microsoft-Windows-USBVideo","Stop of StopUSBVideoDevice"
"24-07-2026 18:47:55","206","Information","Microsoft-Windows-USBVideo","Start of StopUSBVideoDevice"
"24-07-2026 18:47:55","213","Information","Microsoft-Windows-USBVideo","ConnectedStandbyHandler_Start"
"24-07-2026 18:47:55","203","Information","Microsoft-Windows-USBVideo","Stop of PowerDownDevice"
"24-07-2026 18:47:55","202","Information","Microsoft-Windows-USBVideo","Start of PowerDownDevice"
"24-07-2026 18:47:46","230","Information","Microsoft-Windows-USBVideo","PowerIrp_PassiveWakeupCompleted"
"24-07-2026 18:47:46","216","Information","Microsoft-Windows-USBVideo","Stop of PowerIrpCompletion"
"24-07-2026 18:47:46","220","Information","Microsoft-Windows-USBVideo","PowerIrp_CheckingPLFRegistry"
"24-07-2026 18:47:46","215","Information","Microsoft-Windows-USBVideo","Start of PowerIrpCompletion"
"24-07-2026 18:47:46","205","Information","Microsoft-Windows-USBVideo","Stop of StartUSBVideoDevice"
"24-07-2026 18:47:46","204","Information","Microsoft-Windows-USBVideo","Start of StartUSBVideoDevice"
"24-07-2026 18:47:46","214","Information","Microsoft-Windows-USBVideo","ConnectedStandbyHandler_Stop"
"24-07-2026 18:47:46","201","Information","Microsoft-Windows-USBVideo","Stop of PowerUpDevice"
"24-07-2026 18:47:46","200","Information","Microsoft-Windows-USBVideo","Start of PowerUpDevice"
"24-07-2026 18:30:32","216","Information","Microsoft-Windows-USBVideo","Stop of PowerIrpCompletion"
"24-07-2026 18:30:32","215","Information","Microsoft-Windows-USBVideo","Start of PowerIrpCompletion"
"24-07-2026 18:30:31","207","Information","Microsoft-Windows-USBVideo","Stop of StopUSBVideoDevice"
"24-07-2026 18:30:31","206","Information","Microsoft-Windows-USBVideo","Start of StopUSBVideoDevice"
"24-07-2026 18:30:31","213","Information","Microsoft-Windows-USBVideo","ConnectedStandbyHandler_Start"
"24-07-2026 18:30:31","203","Information","Microsoft-Windows-USBVideo","Stop of PowerDownDevice"
"24-07-2026 18:30:31","202","Information","Microsoft-Windows-USBVideo","Start of PowerDownDevice"
"24-07-2026 18:30:23","230","Information","Microsoft-Windows-USBVideo","PowerIrp_PassiveWakeupCompleted"
"24-07-2026 18:30:23","216","Information","Microsoft-Windows-USBVideo","Stop of PowerIrpCompletion"
"24-07-2026 18:30:23","220","Information","Microsoft-Windows-USBVideo","PowerIrp_CheckingPLFRegistry"
"24-07-2026 18:30:23","215","Information","Microsoft-Windows-USBVideo","Start of PowerIrpCompletion"
"24-07-2026 18:30:23","205","Information","Microsoft-Windows-USBVideo","Stop of StartUSBVideoDevice"
"24-07-2026 18:30:23","204","Information","Microsoft-Windows-USBVideo","Start of StartUSBVideoDevice"
"24-07-2026 18:30:23","214","Information","Microsoft-Windows-USBVideo","ConnectedStandbyHandler_Stop"
"24-07-2026 18:30:23","201","Information","Microsoft-Windows-USBVideo","Stop of PowerUpDevice"
"24-07-2026 18:30:23","200","Information","Microsoft-Windows-USBVideo","Start of PowerUpDevice"
"24-07-2026 18:30:16","216","Information","Microsoft-Windows-USBVideo","Stop of PowerIrpCompletion"
"24-07-2026 18:30:16","215","Information","Microsoft-Windows-USBVideo","Start of PowerIrpCompletion"
"24-07-2026 18:30:16","207","Information","Microsoft-Windows-USBVideo","Stop of StopUSBVideoDevice"
"24-07-2026 18:30:16","206","Information","Microsoft-Windows-USBVideo","Start of StopUSBVideoDevice"
"24-07-2026 18:30:16","213","Information","Microsoft-Windows-USBVideo","ConnectedStandbyHandler_Start"
"24-07-2026 18:30:16","203","Information","Microsoft-Windows-USBVideo","Stop of PowerDownDevice"
"24-07-2026 18:30:16","202","Information","Microsoft-Windows-USBVideo","Start of PowerDownDevice"
"24-07-2026 17:32:32","203","Information","Microsoft-Windows-USBVideo","Stop of PowerDownDevice"
"24-07-2026 17:32:32","202","Information","Microsoft-Windows-USBVideo","Start of PowerDownDevice"
"24-07-2026 17:32:32","201","Information","Microsoft-Windows-USBVideo","Stop of PowerUpDevice"
"24-07-2026 17:32:32","200","Information","Microsoft-Windows-USBVideo","Start of PowerUpDevice"
"24-07-2026 17:32:32","203","Information","Microsoft-Windows-USBVideo","Stop of PowerDownDevice"
"24-07-2026 17:32:32","202","Information","Microsoft-Windows-USBVideo","Start of PowerDownDevice"
"24-07-2026 17:32:28","201","Information","Microsoft-Windows-USBVideo","Stop of PowerUpDevice"
"24-07-2026 17:32:28","200","Information","Microsoft-Windows-USBVideo","Start of PowerUpDevice"
