"18-08-2026 10:40:53","613","Information","Microsoft-Windows-AppXDeployment-Server","Performance summary of Deployment Stage operation on Package Microsoft.WindowsAppRuntime.2_2.3.1.0_x86__8wekyb3d8bbwe: 
Overall time: 27671 ms (Active time: 27655 ms)
Enqueue cost: 27421 ms
Dequeue delay: 16 ms
Bundle processing cost: 0 ms
Indexing cost: 0 ms
Resolve dependency cost: 16 ms
Check approval cost: 0 ms
Evaluation cost: 0 ms
Hardlinking evaluation cost: 0 ms
Stage required cost: 0 ms
Flushing and closing files cost: 0 ms
Machine register cost: 0 ms
Stage user data cost: 0 ms
Registration cost: 0 ms
Repository commit transaction cost: 156 ms
Gap: 47 ms
Data flush cost: 0 ms
Post DeStage repository commit transaction cost: 15 ms
Remaining cost: 0 ms
"
"18-08-2026 10:40:53","400","Information","Microsoft-Windows-AppXDeployment-Server","Deployment Stage operation with target volume C: on Package Microsoft.WindowsAppRuntime.2_2.3.1.0_x86__8wekyb3d8bbwe from:  (982f49f453baaf5bb770b874a98252627cb27280)  finished successfully."
"18-08-2026 10:40:52","735","Verbose","Microsoft-Windows-AppXDeployment-Server","Windows cannot install package Microsoft.WindowsAppRuntime.2 because it has version 2.3.1.0. A higher version 2.4.0.0 of this package is already installed."
"18-08-2026 10:40:52","854","Information","Microsoft-Windows-AppXDeployment-Server","Successfully added the following uri(s) to be processed:  x-windowsupdate://9B3E5436-E296-4C4F-8E21-7C866F7C745B/23F6AC41-7701-46EF-81FE-D3BC61D011BF/982f49f453baaf5bb770b874a98252627cb27280."
"18-08-2026 10:40:52","607","Information","Microsoft-Windows-AppXDeployment-Server","Deployment Stage operation on package Microsoft.WindowsAppRuntime.2_2.3.1.0_x86__8wekyb3d8bbwe has been de-queued and is running for user SID S-1-5-18."
"18-08-2026 10:40:52","10002","Verbose","Microsoft-Windows-AppXDeployment-Server","Creating Resiliency File C:\ProgramData\Microsoft\Windows\AppRepository\7ebe14bd-9ba0-4699-b026-07ab02b02c39_S-1-5-18_12.rslc for Stage Operation on Package Microsoft.WindowsAppRuntime.2_2.3.1.0_x86__8wekyb3d8bbwe."
"18-08-2026 10:40:25","603","Information","Microsoft-Windows-AppXDeployment-Server","Started deployment Stage operation on a package with main parameter 499a7671f11db7229f339ee4a8c28dcc4d3fb3e6 and Options BackgroundTaskOption,RequiredContentGroupOnly,LowPriorityRequest and StageAdditionalRelatedSetUpdateRequiredPackages. See http://go.microsoft.com/fwlink/?LinkId=235160 for help diagnosing app deployment issues."
"18-08-2026 10:40:25","603","Information","Microsoft-Windows-AppXDeployment-Server","Started deployment Stage operation on a package with main parameter 982f49f453baaf5bb770b874a98252627cb27280 and Options BackgroundTaskOption,RequiredContentGroupOnly,LowPriorityRequest and StageAdditionalRelatedSetUpdateRequiredPackages. See http://go.microsoft.com/fwlink/?LinkId=235160 for help diagnosing app deployment issues."
"18-08-2026 10:39:32","822","Verbose","Microsoft-Windows-AppXDeployment-Server","Updating registry for package Microsoft.OneDriveSync_26139.720.7.0_neutral__8wekyb3d8bbwe completed with result: 0x0."
"18-08-2026 10:39:32","821","Verbose","Microsoft-Windows-AppXDeployment-Server","During-logon registration of package Microsoft.OneDriveSync_26139.720.7.0_neutral__8wekyb3d8bbwe for user S-1-12-1-2357405129-1281513531-255772574-1816207334 finished with result: 0x0; updating registry..."
"18-08-2026 10:39:32","822","Verbose","Microsoft-Windows-AppXDeployment-Server","Updating registry for package MSTeams_26198.304.4946.9672_x64__8wekyb3d8bbwe completed with result: 0x0."
"18-08-2026 10:39:32","821","Verbose","Microsoft-Windows-AppXDeployment-Server","During-logon registration of package MSTeams_26198.304.4946.9672_x64__8wekyb3d8bbwe for user S-1-12-1-2357405129-1281513531-255772574-1816207334 finished with result: 0x0; updating registry..."
"18-08-2026 10:39:32","493","Warning","Microsoft-Windows-AppXDeployment-Server","There were 29 additional files that failed to be deleted under the folder \\?\C:\Program Files\WindowsApps\Deleted."
"18-08-2026 10:39:32","471","Information","Microsoft-Windows-AppXDeployment-Server","error 0x12C: Deleting file \\?\C:\Program Files\WindowsApps\Deleted\AppUp.IntelArcSoftware_26.18.2353.0_x64__8j3eq9eme6ctt15341d4f-2114-4ffa-9d3d-b3dd37a41fd1\VFS\ProgramFilesX64\Intel\Intel Graphics Software\Microsoft.Extensions.Configuration.CommandLine.dll failed."
"18-08-2026 10:39:32","471","Information","Microsoft-Windows-AppXDeployment-Server","error 0x12C: Deleting file \\?\C:\Program Files\WindowsApps\Deleted\AppUp.IntelArcSoftware_26.18.2353.0_x64__8j3eq9eme6ctt15341d4f-2114-4ffa-9d3d-b3dd37a41fd1\VFS\ProgramFilesX64\Intel\Intel Graphics Software\Microsoft.Extensions.Configuration.Binder.dll failed."
"18-08-2026 10:39:32","471","Information","Microsoft-Windows-AppXDeployment-Server","error 0x12C: Deleting file \\?\C:\Program Files\WindowsApps\Deleted\AppUp.IntelArcSoftware_26.18.2353.0_x64__8j3eq9eme6ctt15341d4f-2114-4ffa-9d3d-b3dd37a41fd1\VFS\ProgramFilesX64\Intel\Intel Graphics Software\Microsoft.Extensions.Configuration.Abstractions.dll failed."
"18-08-2026 10:39:32","400","Information","Microsoft-Windows-AppXDeployment-Server","Deployment OnDemandRegisterOperation operation with target volume C: on Package Microsoft.OneDriveSync_26139.720.7.0_neutral__8wekyb3d8bbwe from:   finished successfully."
"18-08-2026 10:39:32","679","Information","Microsoft-Windows-AppXDeployment-Server","OnDemandRegisterPackageList Microsoft.OneDriveSync_26139.720.7.0_neutral__8wekyb3d8bbwe MSTeams_26198.304.4946.9672_x64__8wekyb3d8bbwe ."
"18-08-2026 10:39:32","607","Information","Microsoft-Windows-AppXDeployment-Server","Deployment OnDemandRegisterOperation operation on package Microsoft.OneDriveSync_26139.720.7.0_neutral__8wekyb3d8bbwe has been de-queued and is running for user SID S-1-12-1-2357405129-1281513531-255772574-1816207334."
"18-08-2026 10:39:32","10002","Verbose","Microsoft-Windows-AppXDeployment-Server","Creating Resiliency File C:\ProgramData\Microsoft\Windows\AppRepository\7ebe14bd-9ba0-4699-b026-07ab02b02c39_S-1-12-1-2357405129-1281513531-255772574-1816207334_11.rslc for OnDemandRegisterOperation Operation on Package Microsoft.OneDriveSync_26139.720.7.0_neutral__8wekyb3d8bbwe."
"18-08-2026 10:39:32","493","Warning","Microsoft-Windows-AppXDeployment-Server","There were 26 additional files that failed to be deleted under the folder \\?\C:\Program Files\WindowsApps\Deleted."
"18-08-2026 10:39:32","604","Information","Microsoft-Windows-AppXDeployment-Server","Started deployment OnDemandRegisterOperation operation on a package with main parameter , dependency parameters Microsoft.OneDriveSync_26139.720.7.0_neutral__8wekyb3d8bbwe, and Options ImmediatePriorityRequest and 0. See http://go.microsoft.com/fwlink/?LinkId=235160 for help diagnosing app deployment issues."
"18-08-2026 10:39:32","471","Information","Microsoft-Windows-AppXDeployment-Server","error 0x12C: Deleting file \\?\C:\Program Files\WindowsApps\Deleted\AppUp.IntelArcSoftware_26.18.2353.0_x64__8j3eq9eme6ctt15341d4f-2114-4ffa-9d3d-b3dd37a41fd1\VFS\ProgramFilesX64\Intel\Intel Graphics Software\Microsoft.Extensions.Configuration.CommandLine.dll failed."
"18-08-2026 10:39:32","471","Information","Microsoft-Windows-AppXDeployment-Server","error 0x12C: Deleting file \\?\C:\Program Files\WindowsApps\Deleted\AppUp.IntelArcSoftware_26.18.2353.0_x64__8j3eq9eme6ctt15341d4f-2114-4ffa-9d3d-b3dd37a41fd1\VFS\ProgramFilesX64\Intel\Intel Graphics Software\Microsoft.Extensions.Configuration.Binder.dll failed."
"18-08-2026 10:39:32","471","Information","Microsoft-Windows-AppXDeployment-Server","error 0x12C: Deleting file \\?\C:\Program Files\WindowsApps\Deleted\AppUp.IntelArcSoftware_26.18.2353.0_x64__8j3eq9eme6ctt15341d4f-2114-4ffa-9d3d-b3dd37a41fd1\VFS\ProgramFilesX64\Intel\Intel Graphics Software\Microsoft.Extensions.Configuration.Abstractions.dll failed."
"18-08-2026 10:39:32","819","Verbose","Microsoft-Windows-AppXDeployment-Server","The following packages will be installed: Microsoft.OneDriveSync_26139.720.7.0_neutral__8wekyb3d8bbwe MSTeams_26198.304.4946.9672_x64__8wekyb3d8bbwe . The following packages will be removed: NULL"
"18-08-2026 10:39:32","400","Information","Microsoft-Windows-AppXDeployment-Server","Deployment ProvisionPackageOperation operation with target volume C: on Package Microsoft.OneDriveSync_26139.720.7.0_neutral__8wekyb3d8bbwe from:   finished successfully."
"18-08-2026 10:39:32","617","Verbose","Microsoft-Windows-AppXDeployment-Server","Successfully updated the status for package Microsoft.OneDriveSync_26139.720.7.0_neutral__8wekyb3d8bbwe and user S-1-5-18 (Clear=0x10000C00, Set=0x0)."
"18-08-2026 10:39:31","813","Verbose","Microsoft-Windows-AppXDeployment-Server","Successfully updated all user store with package Microsoft.OneDriveSync_26139.720.7.0_neutral__8wekyb3d8bbwe."
"18-08-2026 10:39:31","855","Information","Microsoft-Windows-AppXDeployment-Server","Finished resolving action lists. DeploymentRequest action lists: addPackageList: Microsoft.OneDriveSync_26139.720.7.0_neutral__8wekyb3d8bbwe."
"18-08-2026 10:39:31","607","Information","Microsoft-Windows-AppXDeployment-Server","Deployment ProvisionPackageOperation operation on package Microsoft.OneDriveSync_26139.720.7.0_neutral__8wekyb3d8bbwe has been de-queued and is running for user SID S-1-5-18."
"18-08-2026 10:39:31","10002","Verbose","Microsoft-Windows-AppXDeployment-Server","Creating Resiliency File C:\ProgramData\Microsoft\Windows\AppRepository\7ebe14bd-9ba0-4699-b026-07ab02b02c39_S-1-5-18_10.rslc for ProvisionPackageOperation Operation on Package Microsoft.OneDriveSync_26139.720.7.0_neutral__8wekyb3d8bbwe."
"18-08-2026 10:39:31","603","Information","Microsoft-Windows-AppXDeployment-Server","Started deployment ProvisionPackageOperation operation on a package with main parameter Microsoft.OneDriveSync_8wekyb3d8bbwe and Options 0 and 0. See http://go.microsoft.com/fwlink/?LinkId=235160 for help diagnosing app deployment issues."
"18-08-2026 10:39:31","613","Information","Microsoft-Windows-AppXDeployment-Server","Performance summary of Deployment Stage operation on Package Microsoft.OneDriveSync_26139.720.7.0_neutral__8wekyb3d8bbwe: 
Overall time: 2250 ms (Active time: 2250 ms)
Enqueue cost: 437 ms
Dequeue delay: 0 ms
Bundle processing cost: 0 ms
Indexing cost: 16 ms
Resolve dependency cost: 16 ms
Check approval cost: 15 ms
Evaluation cost: 16 ms
Hardlinking evaluation cost: 0 ms
Stage required cost: 0 ms
Flushing and closing files cost: 0 ms
Gap: 16 ms
Machine register cost: 0 ms
Stage user data cost: 0 ms
Registration cost: 0 ms
Repository commit transaction cost: 1671 ms
Gap: 16 ms
Data flush cost: 0 ms
Post DeStage repository commit transaction cost: 16 ms
Remaining cost: 31 ms
"
"18-08-2026 10:39:31","400","Information","Microsoft-Windows-AppXDeployment-Server","Deployment Stage operation with target volume C: on Package Microsoft.OneDriveSync_26139.720.7.0_neutral__8wekyb3d8bbwe from:  (OneDriveSync.msix)  finished successfully."
"18-08-2026 10:39:31","617","Verbose","Microsoft-Windows-AppXDeployment-Server","Successfully updated the status for package Microsoft.OneDriveSync_26139.720.7.0_neutral__8wekyb3d8bbwe and user S-1-5-18 (Clear=0x10000C00, Set=0x0)."
"18-08-2026 10:39:29","854","Information","Microsoft-Windows-AppXDeployment-Server","Successfully added the following uri(s) to be processed:  file:///C:/Program%20Files/Microsoft%20OneDrive/26.139.0720.0007/SparsePackage/OneDriveSync.msix."
"18-08-2026 10:39:29","607","Information","Microsoft-Windows-AppXDeployment-Server","Deployment Stage operation on package Microsoft.OneDriveSync_26139.720.7.0_neutral__8wekyb3d8bbwe has been de-queued and is running for user SID S-1-5-18."
"18-08-2026 10:39:29","10002","Verbose","Microsoft-Windows-AppXDeployment-Server","Creating Resiliency File C:\ProgramData\Microsoft\Windows\AppRepository\7ebe14bd-9ba0-4699-b026-07ab02b02c39_S-1-5-18_9.rslc for Stage Operation on Package Microsoft.OneDriveSync_26139.720.7.0_neutral__8wekyb3d8bbwe."
"18-08-2026 10:39:29","603","Information","Microsoft-Windows-AppXDeployment-Server","Started deployment Stage operation on a package with main parameter OneDriveSync.msix and Options NormalPriorityRequest and 0. See http://go.microsoft.com/fwlink/?LinkId=235160 for help diagnosing app deployment issues."
"18-08-2026 10:35:01","493","Warning","Microsoft-Windows-AppXDeployment-Server","There were 29 additional files that failed to be deleted under the folder \\?\C:\Program Files\WindowsApps\Deleted."
"18-08-2026 10:35:01","471","Information","Microsoft-Windows-AppXDeployment-Server","error 0x12C: Deleting file \\?\C:\Program Files\WindowsApps\Deleted\AppUp.IntelArcSoftware_26.18.2353.0_x64__8j3eq9eme6ctt15341d4f-2114-4ffa-9d3d-b3dd37a41fd1\VFS\ProgramFilesX64\Intel\Intel Graphics Software\Microsoft.Extensions.Configuration.CommandLine.dll failed."
"18-08-2026 10:35:01","471","Information","Microsoft-Windows-AppXDeployment-Server","error 0x12C: Deleting file \\?\C:\Program Files\WindowsApps\Deleted\AppUp.IntelArcSoftware_26.18.2353.0_x64__8j3eq9eme6ctt15341d4f-2114-4ffa-9d3d-b3dd37a41fd1\VFS\ProgramFilesX64\Intel\Intel Graphics Software\Microsoft.Extensions.Configuration.Binder.dll failed."
"18-08-2026 10:35:01","471","Information","Microsoft-Windows-AppXDeployment-Server","error 0x12C: Deleting file \\?\C:\Program Files\WindowsApps\Deleted\AppUp.IntelArcSoftware_26.18.2353.0_x64__8j3eq9eme6ctt15341d4f-2114-4ffa-9d3d-b3dd37a41fd1\VFS\ProgramFilesX64\Intel\Intel Graphics Software\Microsoft.Extensions.Configuration.Abstractions.dll failed."
"18-08-2026 10:33:47","8101","Verbose","Microsoft-Windows-AppXDeployment-Server","Finished validation and setting the Trust Label on package Microsoft.MicrosoftEdge.Stable_151.0.4129.86_neutral__8wekyb3d8bbwe with flags 0x122."
"18-08-2026 10:33:47","8100","Verbose","Microsoft-Windows-AppXDeployment-Server","Starting validation and setting the Trust Label on package Microsoft.MicrosoftEdge.Stable_151.0.4129.86_neutral__8wekyb3d8bbwe with flags 0x122."
"18-08-2026 10:33:47","8101","Verbose","Microsoft-Windows-AppXDeployment-Server","Finished validation and setting the Trust Label on package MSTeams_26198.304.4946.9672_x64__8wekyb3d8bbwe with flags 0x122."
"18-08-2026 10:33:47","8100","Verbose","Microsoft-Windows-AppXDeployment-Server","Starting validation and setting the Trust Label on package MSTeams_26198.304.4946.9672_x64__8wekyb3d8bbwe with flags 0x122."
"18-08-2026 10:33:47","8101","Verbose","Microsoft-Windows-AppXDeployment-Server","Finished validation and setting the Trust Label on package Microsoft.Office.ActionsServer_16.0.20228.20188_neutral__8wekyb3d8bbwe with flags 0x122."
"18-08-2026 10:33:47","8100","Verbose","Microsoft-Windows-AppXDeployment-Server","Starting validation and setting the Trust Label on package Microsoft.Office.ActionsServer_16.0.20228.20188_neutral__8wekyb3d8bbwe with flags 0x122."
"18-08-2026 10:33:47","8101","Verbose","Microsoft-Windows-AppXDeployment-Server","Finished validation and setting the Trust Label on package Microsoft.MicrosoftOfficeHub_19.2608.39011.0_x64__8wekyb3d8bbwe with flags 0x122."
"18-08-2026 10:33:47","8106","Verbose","Microsoft-Windows-AppXDeployment-Server","Package Microsoft.MicrosoftOfficeHub_19.2608.39011.0_x64__8wekyb3d8bbwe has Trust Label already. Flags: 0x122"
"18-08-2026 10:33:47","8100","Verbose","Microsoft-Windows-AppXDeployment-Server","Starting validation and setting the Trust Label on package Microsoft.MicrosoftOfficeHub_19.2608.39011.0_x64__8wekyb3d8bbwe with flags 0x122."
"18-08-2026 10:33:46","8101","Verbose","Microsoft-Windows-AppXDeployment-Server","Finished validation and setting the Trust Label on package Microsoft.OneDriveSync_26139.720.7.0_neutral__8wekyb3d8bbwe with flags 0x122."
"18-08-2026 10:33:46","8100","Verbose","Microsoft-Windows-AppXDeployment-Server","Starting validation and setting the Trust Label on package Microsoft.OneDriveSync_26139.720.7.0_neutral__8wekyb3d8bbwe with flags 0x122."
"18-08-2026 10:33:46","8101","Verbose","Microsoft-Windows-AppXDeployment-Server","Finished validation and setting the Trust Label on package Microsoft.Paint_11.2605.71.0_x64__8wekyb3d8bbwe with flags 0x122."
"18-08-2026 10:33:46","8106","Verbose","Microsoft-Windows-AppXDeployment-Server","Package Microsoft.Paint_11.2605.71.0_x64__8wekyb3d8bbwe has Trust Label already. Flags: 0x122"
"18-08-2026 10:33:46","8100","Verbose","Microsoft-Windows-AppXDeployment-Server","Starting validation and setting the Trust Label on package Microsoft.Paint_11.2605.71.0_x64__8wekyb3d8bbwe with flags 0x122."
"18-08-2026 10:33:46","8101","Verbose","Microsoft-Windows-AppXDeployment-Server","Finished validation and setting the Trust Label on package Microsoft.Windows.Photos_2026.11060.2004.0_x64__8wekyb3d8bbwe with flags 0x122."
"18-08-2026 10:33:46","8106","Verbose","Microsoft-Windows-AppXDeployment-Server","Package Microsoft.Windows.Photos_2026.11060.2004.0_x64__8wekyb3d8bbwe has Trust Label already. Flags: 0x122"
"18-08-2026 10:33:46","8100","Verbose","Microsoft-Windows-AppXDeployment-Server","Starting validation and setting the Trust Label on package Microsoft.Windows.Photos_2026.11060.2004.0_x64__8wekyb3d8bbwe with flags 0x122."
"18-08-2026 10:33:46","8101","Verbose","Microsoft-Windows-AppXDeployment-Server","Finished validation and setting the Trust Label on package Microsoft.AV1VideoExtension_2.0.24.0_x64__8wekyb3d8bbwe with flags 0x103."
"18-08-2026 10:33:46","8106","Verbose","Microsoft-Windows-AppXDeployment-Server","Package Microsoft.AV1VideoExtension_2.0.24.0_x64__8wekyb3d8bbwe has Trust Label already. Flags: 0x103"
"18-08-2026 10:33:46","8100","Verbose","Microsoft-Windows-AppXDeployment-Server","Starting validation and setting the Trust Label on package Microsoft.AV1VideoExtension_2.0.24.0_x64__8wekyb3d8bbwe with flags 0x103."
"18-08-2026 10:30:42","493","Warning","Microsoft-Windows-AppXDeployment-Server","There were 29 additional files that failed to be deleted under the folder \\?\C:\Program Files\WindowsApps\Deleted."
"18-08-2026 10:30:28","471","Information","Microsoft-Windows-AppXDeployment-Server","error 0x12C: Deleting file \\?\C:\Program Files\WindowsApps\Deleted\AppUp.IntelArcSoftware_26.18.2353.0_x64__8j3eq9eme6ctt15341d4f-2114-4ffa-9d3d-b3dd37a41fd1\VFS\ProgramFilesX64\Intel\Intel Graphics Software\Microsoft.Extensions.Configuration.CommandLine.dll failed."
"18-08-2026 10:30:28","471","Information","Microsoft-Windows-AppXDeployment-Server","error 0x12C: Deleting file \\?\C:\Program Files\WindowsApps\Deleted\AppUp.IntelArcSoftware_26.18.2353.0_x64__8j3eq9eme6ctt15341d4f-2114-4ffa-9d3d-b3dd37a41fd1\VFS\ProgramFilesX64\Intel\Intel Graphics Software\Microsoft.Extensions.Configuration.Binder.dll failed."
"18-08-2026 10:30:28","471","Information","Microsoft-Windows-AppXDeployment-Server","error 0x12C: Deleting file \\?\C:\Program Files\WindowsApps\Deleted\AppUp.IntelArcSoftware_26.18.2353.0_x64__8j3eq9eme6ctt15341d4f-2114-4ffa-9d3d-b3dd37a41fd1\VFS\ProgramFilesX64\Intel\Intel Graphics Software\Microsoft.Extensions.Configuration.Abstractions.dll failed."
"18-08-2026 10:30:27","822","Verbose","Microsoft-Windows-AppXDeployment-Server","Updating registry for package MicrosoftWindows.CrossDevice_1.26071.84.0_neutral_~_cw5n1h2txyewy completed with result: 0x0."
"18-08-2026 10:30:27","821","Verbose","Microsoft-Windows-AppXDeployment-Server","During-logon registration of package MicrosoftWindows.CrossDevice_1.26071.84.0_neutral_~_cw5n1h2txyewy for user S-1-12-1-2357405129-1281513531-255772574-1816207334 finished with result: 0x0; updating registry..."
"18-08-2026 10:30:27","613","Information","Microsoft-Windows-AppXDeployment-Server","Performance summary of Deployment Register operation on Package MicrosoftWindows.CrossDevice_1.26071.84.0_neutral_~_cw5n1h2txyewy: 
Overall time: 2843 ms (Active time: 2843 ms)
Gap: 31 ms
Enqueue cost: 31 ms
Dequeue delay: 0 ms
Gap: 16 ms
Bundle processing cost: 15 ms
Indexing cost: 125 ms
Resolve dependency cost: 125 ms
Gap: 32 ms
Check approval cost: 15 ms
Evaluation cost: 0 ms
Hardlinking evaluation cost: 0 ms
Stage required cost: 32 ms
Flushing and closing files cost: 0 ms
Gap: 109 ms
Machine register cost: 0 ms
Stage user data cost: 0 ms
Registration cost: 719 ms
Gap: 297 ms
Repository commit transaction cost: 640 ms
Gap: 547 ms
Data flush cost: 31 ms
Post DeStage repository commit transaction cost: 47 ms
Remaining cost: 31 ms
"
"18-08-2026 10:30:27","472","Verbose","Microsoft-Windows-AppXDeployment-Server","Moving package folder \\?\C:\Program Files\WindowsApps\MicrosoftWindows.CrossDevice_1.26062.105.0_neutral_~_cw5n1h2txyewy to \\?\C:\Program Files\WindowsApps\Deleted\MicrosoftWindows.CrossDevice_1.26062.105.0_neutral_~_cw5n1h2txyewyb17f246b-a617-4fc6-a745-1cc023d572a1. Result: 0x0."
"18-08-2026 10:30:27","472","Verbose","Microsoft-Windows-AppXDeployment-Server","Moving package folder \\?\C:\Program Files\WindowsApps\MicrosoftWindows.CrossDevice_1.26062.105.0_neutral_split.scale-100_cw5n1h2txyewy to \\?\C:\Program Files\WindowsApps\Deleted\MicrosoftWindows.CrossDevice_1.26062.105.0_neutral_split.scale-100_cw5n1h2txyewya29040dc-700a-46df-a859-f0a43c57577c. Result: 0x0."
"18-08-2026 10:30:27","472","Verbose","Microsoft-Windows-AppXDeployment-Server","Moving package folder \\?\C:\Program Files\WindowsApps\MicrosoftWindows.CrossDevice_1.26062.105.0_neutral_split.scale-150_cw5n1h2txyewy to \\?\C:\Program Files\WindowsApps\Deleted\MicrosoftWindows.CrossDevice_1.26062.105.0_neutral_split.scale-150_cw5n1h2txyewy86974699-7502-4852-9292-bb81879fd397. Result: 0x0."
"18-08-2026 10:30:27","472","Verbose","Microsoft-Windows-AppXDeployment-Server","Moving package folder \\?\C:\Program Files\WindowsApps\MicrosoftWindows.CrossDevice_1.26062.105.0_x64__cw5n1h2txyewy to \\?\C:\Program Files\WindowsApps\Deleted\MicrosoftWindows.CrossDevice_1.26062.105.0_x64__cw5n1h2txyewy76e5adb3-52af-4c3e-94ab-91ef6d08ac52. Result: 0x0."
"18-08-2026 10:30:26","478","Verbose","Microsoft-Windows-AppXDeployment-Server","Deployment Register operation with target volume C: on Package MicrosoftWindows.CrossDevice_1.26071.84.0_x64__cw5n1h2txyewy from:  (AppxBundleManifest.xml)  finished successfully."
"18-08-2026 10:30:26","400","Information","Microsoft-Windows-AppXDeployment-Server","Deployment Register operation with target volume C: on Package MicrosoftWindows.CrossDevice_1.26071.84.0_neutral_~_cw5n1h2txyewy from:  (AppxBundleManifest.xml)  finished successfully."
"18-08-2026 10:30:26","617","Verbose","Microsoft-Windows-AppXDeployment-Server","Successfully updated the status for package MicrosoftWindows.CrossDevice_1.26071.84.0_neutral_split.scale-100_cw5n1h2txyewy and user S-1-12-1-2357405129-1281513531-255772574-1816207334 (Clear=0x300, Set=0x0)."
"18-08-2026 10:30:26","617","Verbose","Microsoft-Windows-AppXDeployment-Server","Successfully updated the status for package MicrosoftWindows.CrossDevice_1.26071.84.0_neutral_split.scale-150_cw5n1h2txyewy and user S-1-12-1-2357405129-1281513531-255772574-1816207334 (Clear=0x300, Set=0x0)."
"18-08-2026 10:30:26","617","Verbose","Microsoft-Windows-AppXDeployment-Server","Successfully updated the status for package MicrosoftWindows.CrossDevice_1.26071.84.0_x64__cw5n1h2txyewy and user S-1-12-1-2357405129-1281513531-255772574-1816207334 (Clear=0x300, Set=0x0)."
"18-08-2026 10:30:26","617","Verbose","Microsoft-Windows-AppXDeployment-Server","Successfully updated the status for package MicrosoftWindows.CrossDevice_1.26071.84.0_neutral_~_cw5n1h2txyewy and user S-1-12-1-2357405129-1281513531-255772574-1816207334 (Clear=0x300, Set=0x0)."
"18-08-2026 10:30:26","617","Verbose","Microsoft-Windows-AppXDeployment-Server","Successfully updated the status for package MicrosoftWindows.CrossDevice_1.26071.84.0_neutral_~_cw5n1h2txyewy and user S-1-12-1-2357405129-1281513531-255772574-1816207334 (Clear=0x10000C00, Set=0x0)."
"18-08-2026 10:30:26","617","Verbose","Microsoft-Windows-AppXDeployment-Server","Successfully updated the status for package MicrosoftWindows.CrossDevice_1.26071.84.0_neutral_split.scale-100_cw5n1h2txyewy and user S-1-12-1-2357405129-1281513531-255772574-1816207334 (Clear=0x10000C00, Set=0x0)."
"18-08-2026 10:30:26","617","Verbose","Microsoft-Windows-AppXDeployment-Server","Successfully updated the status for package MicrosoftWindows.CrossDevice_1.26071.84.0_neutral_split.scale-150_cw5n1h2txyewy and user S-1-12-1-2357405129-1281513531-255772574-1816207334 (Clear=0x10000C00, Set=0x0)."
"18-08-2026 10:30:26","617","Verbose","Microsoft-Windows-AppXDeployment-Server","Successfully updated the status for package MicrosoftWindows.CrossDevice_1.26071.84.0_x64__cw5n1h2txyewy and user S-1-12-1-2357405129-1281513531-255772574-1816207334 (Clear=0x10000C00, Set=0x0)."
"18-08-2026 10:30:26","617","Verbose","Microsoft-Windows-AppXDeployment-Server","Successfully updated the status for package MicrosoftWindows.CrossDevice_1.26071.84.0_neutral_split.scale-100_cw5n1h2txyewy and user S-1-12-1-2357405129-1281513531-255772574-1816207334 (Clear=0x20, Set=0x0)."
"18-08-2026 10:30:26","617","Verbose","Microsoft-Windows-AppXDeployment-Server","Successfully updated the status for package MicrosoftWindows.CrossDevice_1.26071.84.0_neutral_split.scale-150_cw5n1h2txyewy and user S-1-12-1-2357405129-1281513531-255772574-1816207334 (Clear=0x20, Set=0x0)."
"18-08-2026 10:30:26","617","Verbose","Microsoft-Windows-AppXDeployment-Server","Successfully updated the status for package MicrosoftWindows.CrossDevice_1.26071.84.0_x64__cw5n1h2txyewy and user S-1-12-1-2357405129-1281513531-255772574-1816207334 (Clear=0x20, Set=0x0)."
"18-08-2026 10:30:26","617","Verbose","Microsoft-Windows-AppXDeployment-Server","Successfully updated the status for package MicrosoftWindows.CrossDevice_1.26071.84.0_neutral_~_cw5n1h2txyewy and user S-1-12-1-2357405129-1281513531-255772574-1816207334 (Clear=0x20, Set=0x0)."
"18-08-2026 10:30:26","617","Verbose","Microsoft-Windows-AppXDeployment-Server","Successfully updated the status for package MicrosoftWindows.CrossDevice_1.26071.84.0_x64__cw5n1h2txyewy and user S-1-12-1-2357405129-1281513531-255772574-1816207334 (Clear=0x20, Set=0x0)."
"18-08-2026 10:30:25","808","Warning","Microsoft-Windows-AppXDeployment-Server","Deletion of registry key: Software\Microsoft\Windows\CurrentVersion\Appx\AppxAllUserStore\S-1-5-21-3608031908-443761264-1593342945-1000\MicrosoftWindows.CrossDevice_1.26071.84.0_neutral_~_cw5n1h2txyewy failed with error: 0x80070002."
"18-08-2026 10:30:25","813","Verbose","Microsoft-Windows-AppXDeployment-Server","Successfully updated all user store with package MicrosoftWindows.CrossDevice_1.26071.84.0_neutral_~_cw5n1h2txyewy."
"18-08-2026 10:30:25","822","Verbose","Microsoft-Windows-AppXDeployment-Server","Updating registry for package MicrosoftWindows.CrossDevice_1.26071.84.0_neutral_~_cw5n1h2txyewy completed with result: 0x0."
"18-08-2026 10:30:25","821","Verbose","Microsoft-Windows-AppXDeployment-Server","During-logon registration of package MicrosoftWindows.CrossDevice_1.26071.84.0_neutral_~_cw5n1h2txyewy for user S-1-12-1-2357405129-1281513531-255772574-1816207334 finished with result: 0x0; updating registry..."
"18-08-2026 10:30:25","5507","Verbose","Microsoft-Windows-AppXDeployment-Server","MicrosoftWindows.CrossDevice_1.26071.84.0_x64__cw5n1h2txyewy : resources.372b7141.pri : Current shared merged PRI file ignored"
"18-08-2026 10:30:25","5507","Verbose","Microsoft-Windows-AppXDeployment-Server","MicrosoftWindows.CrossDevice_1.26071.84.0_x64__cw5n1h2txyewy : S-1-12-1-2357405129-1281513531-255772574-1816207334-MergedResources-7.pri : Current user-specific merged PRI file ignored"
"18-08-2026 10:30:25","5507","Verbose","Microsoft-Windows-AppXDeployment-Server","MicrosoftWindows.CrossDevice_1.26071.84.0_x64__cw5n1h2txyewy : resources.372b7141.pri : Current shared merged PRI file ignored"
"18-08-2026 10:30:25","5507","Verbose","Microsoft-Windows-AppXDeployment-Server","MicrosoftWindows.CrossDevice_1.26071.84.0_x64__cw5n1h2txyewy : S-1-12-1-2357405129-1281513531-255772574-1816207334-MergedResources-7.pri : Current user-specific merged PRI file ignored"
"18-08-2026 10:30:25","617","Verbose","Microsoft-Windows-AppXDeployment-Server","Successfully updated the status for package MicrosoftWindows.CrossDevice_1.26062.105.0_x64__cw5n1h2txyewy and user S-1-12-1-2357405129-1281513531-255772574-1816207334 (Clear=0xFFFFFFFF, Set=0x0)."
"18-08-2026 10:30:25","617","Verbose","Microsoft-Windows-AppXDeployment-Server","Successfully updated the status for package MicrosoftWindows.CrossDevice_1.26071.84.0_x64__cw5n1h2txyewy and user S-1-12-1-2357405129-1281513531-255772574-1816207334 (Clear=0x0, Set=0x10000820)."
"18-08-2026 10:30:25","5505","Verbose","Microsoft-Windows-AppXDeployment-Server","MicrosoftWindows.CrossDevice_1.26071.84.0_x64__cw5n1h2txyewy : C:\Program Files\WindowsApps\MicrosoftWindows.CrossDevice_1.26071.84.0_x64__cw5n1h2txyewy\microsoft.system.package.metadata\S-1-12-1-2357405129-1281513531-255772574-1816207334-MergedResources-7.pri : Linked user-specific merged PRI file"
"18-08-2026 10:30:25","647","Information","Microsoft-Windows-AppXDeployment-Server","Removing registrations for DownlevelInstalled package MicrosoftWindows.CrossDevice_1.26062.105.0_x64__cw5n1h2txyewy."
"18-08-2026 10:30:25","647","Information","Microsoft-Windows-AppXDeployment-Server","Removing registrations for DownlevelInstalled package MicrosoftWindows.CrossDevice_1.26062.105.0_x64__cw5n1h2txyewy."
"18-08-2026 10:30:25","647","Information","Microsoft-Windows-AppXDeployment-Server","Removing registrations for DownlevelInstalled package MicrosoftWindows.CrossDevice_1.26062.105.0_x64__cw5n1h2txyewy."
"18-08-2026 10:30:25","9643","Verbose","Microsoft-Windows-AppXDeployment-Server","0x0: TerminateApplications successful."
"18-08-2026 10:30:25","9643","Verbose","Microsoft-Windows-AppXDeployment-Server","0x0: TerminateApplications successful."
"18-08-2026 10:30:25","617","Verbose","Microsoft-Windows-AppXDeployment-Server","Successfully updated the status for package MicrosoftWindows.CrossDevice_1.26071.84.0_x64__cw5n1h2txyewy and user S-1-12-1-2357405129-1281513531-255772574-1816207334 (Clear=0x0, Set=0x20)."
"18-08-2026 10:30:25","617","Verbose","Microsoft-Windows-AppXDeployment-Server","Successfully updated the status for package MicrosoftWindows.CrossDevice_1.26062.105.0_x64__cw5n1h2txyewy and user S-1-12-1-2357405129-1281513531-255772574-1816207334 (Clear=0x0, Set=0x20)."
"18-08-2026 10:30:25","9643","Verbose","Microsoft-Windows-AppXDeployment-Server","0x0: TerminateApplications successful."
"18-08-2026 10:30:25","9643","Verbose","Microsoft-Windows-AppXDeployment-Server","0x0: TerminateApplications successful."
"18-08-2026 10:30:24","455","Verbose","Microsoft-Windows-AppXDeployment-Server","User S-1-5-21-3608031908-443761264-1593342945-1000 had outdated package MicrosoftWindows.CrossDevice_1.26062.105.0_x64__cw5n1h2txyewy, which will be updated to MicrosoftWindows.CrossDevice_1.26071.84.0_x64__cw5n1h2txyewy. User was online: false."
"18-08-2026 10:30:24","855","Information","Microsoft-Windows-AppXDeployment-Server","Finished resolving action lists. DeploymentRequest action lists: addPackageList: MicrosoftWindows.CrossDevice_1.26071.84.0_neutral_~_cw5n1h2txyewy updateList: MicrosoftWindows.CrossDevice_1.26062.105.0_x64__cw5n1h2txyewy is updating to MicrosoftWindows.CrossDevice_1.26071.84.0_x64__cw5n1h2txyewy MicrosoftWindows.CrossDevice_1.26062.105.0_neutral_split.scale-150_cw5n1h2txyewy is updating to MicrosoftWindows.CrossDevice_1.26071.84.0_neutral_split.scale-150_cw5n1h2txyewy MicrosoftWindows.CrossDevice_1.26062.105.0_neutral_split.scale-100_cw5n1h2txyewy is updating to MicrosoftWindows.CrossDevice_1.26071.84.0_neutral_split.scale-100_cw5n1h2txyewy destagePackageList: MicrosoftWindows.CrossDevice_1.26062.105.0_neutral_~_cw5n1h2txyewy."
"18-08-2026 10:30:24","854","Information","Microsoft-Windows-AppXDeployment-Server","Successfully added the following uri(s) to be processed:  C:\Program Files\WindowsApps\MicrosoftWindows.CrossDevice_1.26071.84.0_neutral_~_cw5n1h2txyewy\AppxMetadata\AppxBundleManifest.xml C:\Program Files\WindowsApps\MicrosoftWindows.CrossDevice_1.26071.84.0_x64__cw5n1h2txyewy\AppxManifest.xml C:\Program Files\WindowsApps\MicrosoftWindows.CrossDevice_1.26071.84.0_neutral_split.scale-150_cw5n1h2txyewy\AppxManifest.xml C:\Program Files\WindowsApps\MicrosoftWindows.CrossDevice_1.26071.84.0_neutral_split.scale-100_cw5n1h2txyewy\AppxManifest.xml."
"18-08-2026 10:30:24","607","Information","Microsoft-Windows-AppXDeployment-Server","Deployment Register operation on package MicrosoftWindows.CrossDevice_1.26071.84.0_neutral_~_cw5n1h2txyewy has been de-queued and is running for user SID S-1-12-1-2357405129-1281513531-255772574-1816207334."
"18-08-2026 10:30:24","10002","Verbose","Microsoft-Windows-AppXDeployment-Server","Creating Resiliency File C:\ProgramData\Microsoft\Windows\AppRepository\7ebe14bd-9ba0-4699-b026-07ab02b02c39_S-1-12-1-2357405129-1281513531-255772574-1816207334_8.rslc for Register Operation on Package MicrosoftWindows.CrossDevice_1.26071.84.0_neutral_~_cw5n1h2txyewy."
"18-08-2026 10:30:24","603","Information","Microsoft-Windows-AppXDeployment-Server","Started deployment Register operation on a package with main parameter AppxBundleManifest.xml and Options ForceTargetApplicationShutdownOption,SkipReregisterIfPackageStatusOk,LowPriorityRequest and SkipDeploymentOperationRpcCallerIsAdminCheck. See http://go.microsoft.com/fwlink/?LinkId=235160 for help diagnosing app deployment issues."
"18-08-2026 10:30:24","822","Verbose","Microsoft-Windows-AppXDeployment-Server","Updating registry for package AppUp.IntelArcSoftware_26.26.2459.0_x64__8j3eq9eme6ctt completed with result: 0x0."
"18-08-2026 10:30:24","821","Verbose","Microsoft-Windows-AppXDeployment-Server","During-logon registration of package AppUp.IntelArcSoftware_26.26.2459.0_x64__8j3eq9eme6ctt for user S-1-12-1-2357405129-1281513531-255772574-1816207334 finished with result: 0x0; updating registry..."
"18-08-2026 10:30:24","613","Information","Microsoft-Windows-AppXDeployment-Server","Performance summary of Deployment Register operation on Package AppUp.IntelArcSoftware_26.26.2459.0_x64__8j3eq9eme6ctt: 
Overall time: 6360 ms (Active time: 6344 ms)
Gap: 32 ms
Enqueue cost: 15 ms
Dequeue delay: 16 ms
Bundle processing cost: 0 ms
Indexing cost: 16 ms
Resolve dependency cost: 62 ms
Check approval cost: 16 ms
Evaluation cost: 0 ms
Hardlinking evaluation cost: 0 ms
Stage required cost: 15 ms
Flushing and closing files cost: 0 ms
Gap: 110 ms
Machine register cost: 0 ms
Stage user data cost: 0 ms
Gap: 203 ms
Registration cost: 390 ms
Gap: 110 ms
Repository commit transaction cost: 500 ms
Gap: 4750 ms
Data flush cost: 78 ms
Post DeStage repository commit transaction cost: 31 ms
Remaining cost: 16 ms
"
"18-08-2026 10:30:24","472","Verbose","Microsoft-Windows-AppXDeployment-Server","Moving package folder \\?\C:\Program Files\WindowsApps\AppUp.IntelArcSoftware_26.18.2353.0_x64__8j3eq9eme6ctt to \\?\C:\Program Files\WindowsApps\Deleted\AppUp.IntelArcSoftware_26.18.2353.0_x64__8j3eq9eme6ctt15341d4f-2114-4ffa-9d3d-b3dd37a41fd1. Result: 0x0."
"18-08-2026 10:30:24","400","Information","Microsoft-Windows-AppXDeployment-Server","Deployment Register operation with target volume C: on Package AppUp.IntelArcSoftware_26.26.2459.0_x64__8j3eq9eme6ctt from:  (AppxManifest.xml)  finished successfully."
"18-08-2026 10:30:19","617","Verbose","Microsoft-Windows-AppXDeployment-Server","Successfully updated the status for package AppUp.IntelArcSoftware_26.26.2459.0_x64__8j3eq9eme6ctt and user S-1-12-1-2357405129-1281513531-255772574-1816207334 (Clear=0x300, Set=0x0)."
"18-08-2026 10:30:19","617","Verbose","Microsoft-Windows-AppXDeployment-Server","Successfully updated the status for package AppUp.IntelArcSoftware_26.26.2459.0_x64__8j3eq9eme6ctt and user S-1-12-1-2357405129-1281513531-255772574-1816207334 (Clear=0x10000C00, Set=0x0)."
"18-08-2026 10:30:19","10007","Verbose","Microsoft-Windows-AppXDeployment-Server","Finished servicing singleton package AppUp.IntelArcSoftware_26.26.2459.0_x64__8j3eq9eme6ctt. Setting the singleton package state to enabled returned with 0x0."
"18-08-2026 10:30:19","617","Verbose","Microsoft-Windows-AppXDeployment-Server","Successfully updated the status for package AppUp.IntelArcSoftware_26.26.2459.0_x64__8j3eq9eme6ctt and user S-1-12-1-2357405129-1281513531-255772574-1816207334 (Clear=0x20, Set=0x0)."
"18-08-2026 10:30:19","10007","Verbose","Microsoft-Windows-AppXDeployment-Server","Finished servicing singleton package AppUp.IntelArcSoftware_26.26.2459.0_x64__8j3eq9eme6ctt. Setting the singleton package state to enabled returned with 0x0."
"18-08-2026 10:30:19","617","Verbose","Microsoft-Windows-AppXDeployment-Server","Successfully updated the status for package AppUp.IntelArcSoftware_26.26.2459.0_x64__8j3eq9eme6ctt and user S-1-12-1-2357405129-1281513531-255772574-1816207334 (Clear=0x20, Set=0x0)."
"18-08-2026 10:30:19","9625","Verbose","Microsoft-Windows-AppXDeployment-Server","0x0: PackagedServiceDEH RemoveRequest completed successfully"
"18-08-2026 10:30:19","9623","Verbose","Microsoft-Windows-AppXDeployment-Server","0x0: PackagedServiceDEH CommitRequest completed successfully"
"18-08-2026 10:30:19","9629","Verbose","Microsoft-Windows-AppXDeployment-Server","0x0: PackagedServiceDEH PostOsUpgradeEvaluateRequest completed successfully"
"18-08-2026 10:30:19","9622","Verbose","Microsoft-Windows-AppXDeployment-Server","0x0: PackagedServiceDEH EvaluateRequest completed successfully"
"18-08-2026 10:30:19","9627","Verbose","Microsoft-Windows-AppXDeployment-Server","AppUp.IntelArcSoftware_26.18.2353.0_x64__8j3eq9eme6ctt.xml(54,12): PackagedServiceDEH successfully parsed manifest for package AppUp.IntelArcSoftware_26.18.2353.0_x64__8j3eq9eme6ctt removal"
"18-08-2026 10:30:19","5507","Verbose","Microsoft-Windows-AppXDeployment-Server","AppUp.IntelArcSoftware_26.26.2459.0_x64__8j3eq9eme6ctt : C:\Program Files\WindowsApps\AppUp.IntelArcSoftware_26.26.2459.0_x64__8j3eq9eme6ctt\microsoft.system.package.metadata\Resources.????????.pri : No shared merged files found"
"18-08-2026 10:30:19","5507","Verbose","Microsoft-Windows-AppXDeployment-Server","AppUp.IntelArcSoftware_26.26.2459.0_x64__8j3eq9eme6ctt : C:\Program Files\WindowsApps\AppUp.IntelArcSoftware_26.26.2459.0_x64__8j3eq9eme6ctt\microsoft.system.package.metadata\S-1-12-1-2357405129-1281513531-255772574-1816207334-MergedResources-*.pri : No user-specific merged files found"
"18-08-2026 10:30:19","5507","Verbose","Microsoft-Windows-AppXDeployment-Server","AppUp.IntelArcSoftware_26.26.2459.0_x64__8j3eq9eme6ctt : C:\Program Files\WindowsApps\AppUp.IntelArcSoftware_26.26.2459.0_x64__8j3eq9eme6ctt\microsoft.system.package.metadata\Resources.????????.pri : No shared merged files found"
"18-08-2026 10:30:19","5507","Verbose","Microsoft-Windows-AppXDeployment-Server","AppUp.IntelArcSoftware_26.26.2459.0_x64__8j3eq9eme6ctt : C:\Program Files\WindowsApps\AppUp.IntelArcSoftware_26.26.2459.0_x64__8j3eq9eme6ctt\microsoft.system.package.metadata\S-1-12-1-2357405129-1281513531-255772574-1816207334-MergedResources-*.pri : No user-specific merged files found"
"18-08-2026 10:30:19","617","Verbose","Microsoft-Windows-AppXDeployment-Server","Successfully updated the status for package AppUp.IntelArcSoftware_26.18.2353.0_x64__8j3eq9eme6ctt and user S-1-12-1-2357405129-1281513531-255772574-1816207334 (Clear=0xFFFFFFFF, Set=0x0)."
"18-08-2026 10:30:18","617","Verbose","Microsoft-Windows-AppXDeployment-Server","Successfully updated the status for package AppUp.IntelArcSoftware_26.26.2459.0_x64__8j3eq9eme6ctt and user S-1-12-1-2357405129-1281513531-255772574-1816207334 (Clear=0x0, Set=0x10000820)."
"18-08-2026 10:30:18","647","Information","Microsoft-Windows-AppXDeployment-Server","Removing registrations for DownlevelInstalled package AppUp.IntelArcSoftware_26.18.2353.0_x64__8j3eq9eme6ctt."
"18-08-2026 10:30:18","9625","Verbose","Microsoft-Windows-AppXDeployment-Server","0x0: PackagedServiceDEH RemoveRequest completed successfully"
"18-08-2026 10:30:18","9623","Verbose","Microsoft-Windows-AppXDeployment-Server","0x0: PackagedServiceDEH CommitRequest completed successfully"
"18-08-2026 10:30:18","9629","Verbose","Microsoft-Windows-AppXDeployment-Server","0x0: PackagedServiceDEH PostOsUpgradeEvaluateRequest completed successfully"
"18-08-2026 10:30:18","9622","Verbose","Microsoft-Windows-AppXDeployment-Server","0x0: PackagedServiceDEH EvaluateRequest completed successfully"
"18-08-2026 10:30:18","9627","Verbose","Microsoft-Windows-AppXDeployment-Server","AppUp.IntelArcSoftware_26.18.2353.0_x64__8j3eq9eme6ctt.xml(54,12): PackagedServiceDEH successfully parsed manifest for package AppUp.IntelArcSoftware_26.18.2353.0_x64__8j3eq9eme6ctt removal"
"18-08-2026 10:30:18","9626","Verbose","Microsoft-Windows-AppXDeployment-Server","AppxManifest.xml(54,12): PackagedServiceDEH successfully parsed manifest for package AppUp.IntelArcSoftware_26.26.2459.0_x64__8j3eq9eme6ctt install"
"18-08-2026 10:30:18","9643","Verbose","Microsoft-Windows-AppXDeployment-Server","0x0: TerminateApplications successful."
"18-08-2026 10:30:18","9643","Verbose","Microsoft-Windows-AppXDeployment-Server","0x0: TerminateApplications successful."
"18-08-2026 10:30:18","10000","Verbose","Microsoft-Windows-AppXDeployment-Server","About to service package AppUp.IntelArcSoftware_26.26.2459.0_x64__8j3eq9eme6ctt. Setting the package state to disabled returned with 0x0."
"18-08-2026 10:30:18","617","Verbose","Microsoft-Windows-AppXDeployment-Server","Successfully updated the status for package AppUp.IntelArcSoftware_26.26.2459.0_x64__8j3eq9eme6ctt and user S-1-12-1-2357405129-1281513531-255772574-1816207334 (Clear=0x0, Set=0x20)."
"18-08-2026 10:30:18","10000","Verbose","Microsoft-Windows-AppXDeployment-Server","About to service package AppUp.IntelArcSoftware_26.18.2353.0_x64__8j3eq9eme6ctt. Setting the package state to disabled returned with 0x0."
"18-08-2026 10:30:18","617","Verbose","Microsoft-Windows-AppXDeployment-Server","Successfully updated the status for package AppUp.IntelArcSoftware_26.18.2353.0_x64__8j3eq9eme6ctt and user S-1-12-1-2357405129-1281513531-255772574-1816207334 (Clear=0x0, Set=0x20)."
"18-08-2026 10:30:18","9643","Verbose","Microsoft-Windows-AppXDeployment-Server","0x0: TerminateApplications successful."
"18-08-2026 10:30:18","9643","Verbose","Microsoft-Windows-AppXDeployment-Server","0x0: TerminateApplications successful."
"18-08-2026 10:30:18","455","Verbose","Microsoft-Windows-AppXDeployment-Server","User S-1-5-21-3608031908-443761264-1593342945-1000 had outdated package AppUp.IntelArcSoftware_26.18.2353.0_x64__8j3eq9eme6ctt, which will be updated to AppUp.IntelArcSoftware_26.26.2459.0_x64__8j3eq9eme6ctt. User was online: false."
"18-08-2026 10:30:18","855","Information","Microsoft-Windows-AppXDeployment-Server","Finished resolving action lists. DeploymentRequest action lists: updateList: AppUp.IntelArcSoftware_26.18.2353.0_x64__8j3eq9eme6ctt is updating to AppUp.IntelArcSoftware_26.26.2459.0_x64__8j3eq9eme6ctt."
"18-08-2026 10:30:18","672","Information","Microsoft-Windows-AppXDeployment-Server","Package Microsoft.VCLibs.140.00_14.0.30704.0_x64__8wekyb3d8bbwe does not satisfy a dependency for package AppUp.IntelArcSoftware_26.26.2459.0_x64__8j3eq9eme6ctt. Reason: The package's version is lower than the required MinVersion."
"18-08-2026 10:30:18","854","Information","Microsoft-Windows-AppXDeployment-Server","Successfully added the following uri(s) to be processed:  C:\Program Files\WindowsApps\AppUp.IntelArcSoftware_26.26.2459.0_x64__8j3eq9eme6ctt\AppxManifest.xml."
"18-08-2026 10:30:18","607","Information","Microsoft-Windows-AppXDeployment-Server","Deployment Register operation on package AppUp.IntelArcSoftware_26.26.2459.0_x64__8j3eq9eme6ctt has been de-queued and is running for user SID S-1-12-1-2357405129-1281513531-255772574-1816207334."
"18-08-2026 10:30:18","10002","Verbose","Microsoft-Windows-AppXDeployment-Server","Creating Resiliency File C:\ProgramData\Microsoft\Windows\AppRepository\7ebe14bd-9ba0-4699-b026-07ab02b02c39_S-1-12-1-2357405129-1281513531-255772574-1816207334_7.rslc for Register Operation on Package AppUp.IntelArcSoftware_26.26.2459.0_x64__8j3eq9eme6ctt."
"18-08-2026 10:30:18","603","Information","Microsoft-Windows-AppXDeployment-Server","Started deployment Register operation on a package with main parameter AppxManifest.xml and Options ForceTargetApplicationShutdownOption,SkipReregisterIfPackageStatusOk,LowPriorityRequest and SkipDeploymentOperationRpcCallerIsAdminCheck. See http://go.microsoft.com/fwlink/?LinkId=235160 for help diagnosing app deployment issues."
"18-08-2026 10:30:18","822","Verbose","Microsoft-Windows-AppXDeployment-Server","Updating registry for package MSTeams_26198.304.4946.9672_x64__8wekyb3d8bbwe completed with result: 0x0."
"18-08-2026 10:30:18","821","Verbose","Microsoft-Windows-AppXDeployment-Server","During-logon registration of package MSTeams_26198.304.4946.9672_x64__8wekyb3d8bbwe for user S-1-12-1-2357405129-1281513531-255772574-1816207334 finished with result: 0x0; updating registry..."
"18-08-2026 10:30:18","613","Information","Microsoft-Windows-AppXDeployment-Server","Performance summary of Deployment Register operation on Package MSTeams_26198.304.4946.9672_x64__8wekyb3d8bbwe: 
Overall time: 3719 ms (Active time: 3703 ms)
Gap: 32 ms
Enqueue cost: 31 ms
Dequeue delay: 16 ms
Bundle processing cost: 0 ms
Indexing cost: 15 ms
Resolve dependency cost: 47 ms
Gap: 16 ms
Check approval cost: 0 ms
Evaluation cost: 15 ms
Hardlinking evaluation cost: 0 ms
Stage required cost: 0 ms
Flushing and closing files cost: 0 ms
Gap: 94 ms
Machine register cost: 0 ms
Stage user data cost: 0 ms
Registration cost: 891 ms
Gap: 1078 ms
Repository commit transaction cost: 1031 ms
Gap: 313 ms
Data flush cost: 93 ms
Post DeStage repository commit transaction cost: 16 ms
Remaining cost: 31 ms
"
"18-08-2026 10:30:18","472","Verbose","Microsoft-Windows-AppXDeployment-Server","Moving package folder \\?\C:\Program Files\WindowsApps\MSTeams_26183.1903.4892.4448_x64__8wekyb3d8bbwe to \\?\C:\Program Files\WindowsApps\Deleted\MSTeams_26183.1903.4892.4448_x64__8wekyb3d8bbwe0b746f46-4408-47b8-8825-3c8770544c45. Result: 0x0."
"18-08-2026 10:30:17","400","Information","Microsoft-Windows-AppXDeployment-Server","Deployment Register operation with target volume C: on Package MSTeams_26198.304.4946.9672_x64__8wekyb3d8bbwe from:  (AppxManifest.xml)  finished successfully."
"18-08-2026 10:30:17","617","Verbose","Microsoft-Windows-AppXDeployment-Server","Successfully updated the status for package MSTeams_26198.304.4946.9672_x64__8wekyb3d8bbwe and user S-1-12-1-2357405129-1281513531-255772574-1816207334 (Clear=0x300, Set=0x0)."
"18-08-2026 10:30:17","617","Verbose","Microsoft-Windows-AppXDeployment-Server","Successfully updated the status for package MSTeams_26198.304.4946.9672_x64__8wekyb3d8bbwe and user S-1-12-1-2357405129-1281513531-255772574-1816207334 (Clear=0x10000C00, Set=0x0)."
"18-08-2026 10:30:17","617","Verbose","Microsoft-Windows-AppXDeployment-Server","Successfully updated the status for package MSTeams_26198.304.4946.9672_x64__8wekyb3d8bbwe and user S-1-12-1-2357405129-1281513531-255772574-1816207334 (Clear=0x20, Set=0x0)."
"18-08-2026 10:30:17","617","Verbose","Microsoft-Windows-AppXDeployment-Server","Successfully updated the status for package MSTeams_26198.304.4946.9672_x64__8wekyb3d8bbwe and user S-1-12-1-2357405129-1281513531-255772574-1816207334 (Clear=0x20, Set=0x0)."
"18-08-2026 10:30:15","808","Warning","Microsoft-Windows-AppXDeployment-Server","Deletion of registry key: Software\Microsoft\Windows\CurrentVersion\Appx\AppxAllUserStore\S-1-5-21-3608031908-443761264-1593342945-1000\MSTeams_26198.304.4946.9672_x64__8wekyb3d8bbwe failed with error: 0x80070002."
"18-08-2026 10:30:15","813","Verbose","Microsoft-Windows-AppXDeployment-Server","Successfully updated all user store with package MSTeams_26198.304.4946.9672_x64__8wekyb3d8bbwe."
"18-08-2026 10:30:15","5507","Verbose","Microsoft-Windows-AppXDeployment-Server","MSTeams_26198.304.4946.9672_x64__8wekyb3d8bbwe : C:\Program Files\WindowsApps\MSTeams_26198.304.4946.9672_x64__8wekyb3d8bbwe\microsoft.system.package.metadata\Resources.????????.pri : No shared merged files found"
"18-08-2026 10:30:15","5507","Verbose","Microsoft-Windows-AppXDeployment-Server","MSTeams_26198.304.4946.9672_x64__8wekyb3d8bbwe : C:\Program Files\WindowsApps\MSTeams_26198.304.4946.9672_x64__8wekyb3d8bbwe\microsoft.system.package.metadata\S-1-12-1-2357405129-1281513531-255772574-1816207334-MergedResources-*.pri : No user-specific merged files found"
"18-08-2026 10:30:15","5507","Verbose","Microsoft-Windows-AppXDeployment-Server","MSTeams_26198.304.4946.9672_x64__8wekyb3d8bbwe : C:\Program Files\WindowsApps\MSTeams_26198.304.4946.9672_x64__8wekyb3d8bbwe\microsoft.system.package.metadata\Resources.????????.pri : No shared merged files found"
"18-08-2026 10:30:15","5507","Verbose","Microsoft-Windows-AppXDeployment-Server","MSTeams_26198.304.4946.9672_x64__8wekyb3d8bbwe : C:\Program Files\WindowsApps\MSTeams_26198.304.4946.9672_x64__8wekyb3d8bbwe\microsoft.system.package.metadata\S-1-12-1-2357405129-1281513531-255772574-1816207334-MergedResources-*.pri : No user-specific merged files found"
"18-08-2026 10:30:15","617","Verbose","Microsoft-Windows-AppXDeployment-Server","Successfully updated the status for package MSTeams_26183.1903.4892.4448_x64__8wekyb3d8bbwe and user S-1-12-1-2357405129-1281513531-255772574-1816207334 (Clear=0xFFFFFFFF, Set=0x0)."
"18-08-2026 10:30:15","617","Verbose","Microsoft-Windows-AppXDeployment-Server","Successfully updated the status for package MSTeams_26198.304.4946.9672_x64__8wekyb3d8bbwe and user S-1-12-1-2357405129-1281513531-255772574-1816207334 (Clear=0x0, Set=0x10000820)."
