"18-08-2026 14:12:04","603","Information","Microsoft-Windows-AppXDeployment-Server","Started deployment Remove operation on a package with main parameter MdOdrMcpFilterPackage_1.0.0.0_neutral__cw5n1h2txyewy and Options RemoveForAllUsers and 0. See http://go.microsoft.com/fwlink/?LinkId=235160 for help diagnosing app deployment issues."
"18-08-2026 14:12:04","940","Information","Microsoft-Windows-AppXDeployment-Server","Appxsvc lifecycle transition to Running (Checkpoint=4)"
"18-08-2026 14:12:04","939","Information","Microsoft-Windows-AppXDeployment-Server","Appxsvc lifecycle transition to Starting (Checkpoint=2)"
"18-08-2026 14:08:19","942","Information","Microsoft-Windows-AppXDeployment-Server","Appxsvc lifecycle transition to Stopped (Checkpoint=8)"
"18-08-2026 14:08:19","941","Information","Microsoft-Windows-AppXDeployment-Server","Appxsvc lifecycle transition to Stopping (Checkpoint=5)"
"18-08-2026 14:02:33","940","Information","Microsoft-Windows-AppXDeployment-Server","Appxsvc lifecycle transition to Running (Checkpoint=4)"
"18-08-2026 14:02:33","939","Information","Microsoft-Windows-AppXDeployment-Server","Appxsvc lifecycle transition to Starting (Checkpoint=2)"
"18-08-2026 13:39:05","942","Information","Microsoft-Windows-AppXDeployment-Server","Appxsvc lifecycle transition to Stopped (Checkpoint=8)"
"18-08-2026 13:39:05","941","Information","Microsoft-Windows-AppXDeployment-Server","Appxsvc lifecycle transition to Stopping (Checkpoint=5)"
"18-08-2026 13:33:26","940","Information","Microsoft-Windows-AppXDeployment-Server","Appxsvc lifecycle transition to Running (Checkpoint=4)"
"18-08-2026 13:33:25","939","Information","Microsoft-Windows-AppXDeployment-Server","Appxsvc lifecycle transition to Starting (Checkpoint=2)"
"18-08-2026 13:23:54","942","Information","Microsoft-Windows-AppXDeployment-Server","Appxsvc lifecycle transition to Stopped (Checkpoint=7)"
"18-08-2026 13:23:54","941","Information","Microsoft-Windows-AppXDeployment-Server","Appxsvc lifecycle transition to Stopping (Checkpoint=4)"
"18-08-2026 13:18:54","493","Warning","Microsoft-Windows-AppXDeployment-Server","There were 29 additional files that failed to be deleted under the folder \\?\C:\Program Files\WindowsApps\Deleted."
"18-08-2026 13:18:54","471","Information","Microsoft-Windows-AppXDeployment-Server","error 0x12C: Deleting file \\?\C:\Program Files\WindowsApps\Deleted\AppUp.IntelArcSoftware_26.18.2353.0_x64__8j3eq9eme6ctt15341d4f-2114-4ffa-9d3d-b3dd37a41fd1\VFS\ProgramFilesX64\Intel\Intel Graphics Software\Microsoft.Extensions.Configuration.CommandLine.dll failed."
"18-08-2026 13:18:54","471","Information","Microsoft-Windows-AppXDeployment-Server","error 0x12C: Deleting file \\?\C:\Program Files\WindowsApps\Deleted\AppUp.IntelArcSoftware_26.18.2353.0_x64__8j3eq9eme6ctt15341d4f-2114-4ffa-9d3d-b3dd37a41fd1\VFS\ProgramFilesX64\Intel\Intel Graphics Software\Microsoft.Extensions.Configuration.Binder.dll failed."
"18-08-2026 13:18:54","471","Information","Microsoft-Windows-AppXDeployment-Server","error 0x12C: Deleting file \\?\C:\Program Files\WindowsApps\Deleted\AppUp.IntelArcSoftware_26.18.2353.0_x64__8j3eq9eme6ctt15341d4f-2114-4ffa-9d3d-b3dd37a41fd1\VFS\ProgramFilesX64\Intel\Intel Graphics Software\Microsoft.Extensions.Configuration.Abstractions.dll failed."
"18-08-2026 13:12:54","940","Information","Microsoft-Windows-AppXDeployment-Server","Appxsvc lifecycle transition to Running (Checkpoint=3)"
"18-08-2026 13:12:54","939","Information","Microsoft-Windows-AppXDeployment-Server","Appxsvc lifecycle transition to Starting (Checkpoint=2)"
"18-08-2026 12:58:27","942","Information","Microsoft-Windows-AppXDeployment-Server","Appxsvc lifecycle transition to Stopped (Checkpoint=8)"
"18-08-2026 12:58:27","941","Information","Microsoft-Windows-AppXDeployment-Server","Appxsvc lifecycle transition to Stopping (Checkpoint=5)"
"18-08-2026 12:52:57","940","Information","Microsoft-Windows-AppXDeployment-Server","Appxsvc lifecycle transition to Running (Checkpoint=4)"
"18-08-2026 12:52:57","939","Information","Microsoft-Windows-AppXDeployment-Server","Appxsvc lifecycle transition to Starting (Checkpoint=2)"
"18-08-2026 12:34:41","942","Information","Microsoft-Windows-AppXDeployment-Server","Appxsvc lifecycle transition to Stopped (Checkpoint=8)"
"18-08-2026 12:34:41","941","Information","Microsoft-Windows-AppXDeployment-Server","Appxsvc lifecycle transition to Stopping (Checkpoint=5)"
"18-08-2026 12:29:01","940","Information","Microsoft-Windows-AppXDeployment-Server","Appxsvc lifecycle transition to Running (Checkpoint=4)"
"18-08-2026 12:29:01","939","Information","Microsoft-Windows-AppXDeployment-Server","Appxsvc lifecycle transition to Starting (Checkpoint=2)"
"18-08-2026 12:10:17","942","Information","Microsoft-Windows-AppXDeployment-Server","Appxsvc lifecycle transition to Stopped (Checkpoint=7)"
"18-08-2026 12:10:17","941","Information","Microsoft-Windows-AppXDeployment-Server","Appxsvc lifecycle transition to Stopping (Checkpoint=4)"
"18-08-2026 12:05:17","493","Warning","Microsoft-Windows-AppXDeployment-Server","There were 29 additional files that failed to be deleted under the folder \\?\C:\Program Files\WindowsApps\Deleted."
"18-08-2026 12:05:17","471","Information","Microsoft-Windows-AppXDeployment-Server","error 0x12C: Deleting file \\?\C:\Program Files\WindowsApps\Deleted\AppUp.IntelArcSoftware_26.18.2353.0_x64__8j3eq9eme6ctt15341d4f-2114-4ffa-9d3d-b3dd37a41fd1\VFS\ProgramFilesX64\Intel\Intel Graphics Software\Microsoft.Extensions.Configuration.CommandLine.dll failed."
"18-08-2026 12:05:17","471","Information","Microsoft-Windows-AppXDeployment-Server","error 0x12C: Deleting file \\?\C:\Program Files\WindowsApps\Deleted\AppUp.IntelArcSoftware_26.18.2353.0_x64__8j3eq9eme6ctt15341d4f-2114-4ffa-9d3d-b3dd37a41fd1\VFS\ProgramFilesX64\Intel\Intel Graphics Software\Microsoft.Extensions.Configuration.Binder.dll failed."
"18-08-2026 12:05:17","471","Information","Microsoft-Windows-AppXDeployment-Server","error 0x12C: Deleting file \\?\C:\Program Files\WindowsApps\Deleted\AppUp.IntelArcSoftware_26.18.2353.0_x64__8j3eq9eme6ctt15341d4f-2114-4ffa-9d3d-b3dd37a41fd1\VFS\ProgramFilesX64\Intel\Intel Graphics Software\Microsoft.Extensions.Configuration.Abstractions.dll failed."
"18-08-2026 11:59:17","940","Information","Microsoft-Windows-AppXDeployment-Server","Appxsvc lifecycle transition to Running (Checkpoint=3)"
"18-08-2026 11:59:17","939","Information","Microsoft-Windows-AppXDeployment-Server","Appxsvc lifecycle transition to Starting (Checkpoint=2)"
"18-08-2026 11:53:02","942","Information","Microsoft-Windows-AppXDeployment-Server","Appxsvc lifecycle transition to Stopped (Checkpoint=7)"
"18-08-2026 11:53:02","941","Information","Microsoft-Windows-AppXDeployment-Server","Appxsvc lifecycle transition to Stopping (Checkpoint=4)"
"18-08-2026 11:48:02","493","Warning","Microsoft-Windows-AppXDeployment-Server","There were 29 additional files that failed to be deleted under the folder \\?\C:\Program Files\WindowsApps\Deleted."
"18-08-2026 11:48:02","471","Information","Microsoft-Windows-AppXDeployment-Server","error 0x12C: Deleting file \\?\C:\Program Files\WindowsApps\Deleted\AppUp.IntelArcSoftware_26.18.2353.0_x64__8j3eq9eme6ctt15341d4f-2114-4ffa-9d3d-b3dd37a41fd1\VFS\ProgramFilesX64\Intel\Intel Graphics Software\Microsoft.Extensions.Configuration.CommandLine.dll failed."
"18-08-2026 11:48:02","471","Information","Microsoft-Windows-AppXDeployment-Server","error 0x12C: Deleting file \\?\C:\Program Files\WindowsApps\Deleted\AppUp.IntelArcSoftware_26.18.2353.0_x64__8j3eq9eme6ctt15341d4f-2114-4ffa-9d3d-b3dd37a41fd1\VFS\ProgramFilesX64\Intel\Intel Graphics Software\Microsoft.Extensions.Configuration.Binder.dll failed."
"18-08-2026 11:48:02","471","Information","Microsoft-Windows-AppXDeployment-Server","error 0x12C: Deleting file \\?\C:\Program Files\WindowsApps\Deleted\AppUp.IntelArcSoftware_26.18.2353.0_x64__8j3eq9eme6ctt15341d4f-2114-4ffa-9d3d-b3dd37a41fd1\VFS\ProgramFilesX64\Intel\Intel Graphics Software\Microsoft.Extensions.Configuration.Abstractions.dll failed."
"18-08-2026 11:42:02","493","Warning","Microsoft-Windows-AppXDeployment-Server","There were 29 additional files that failed to be deleted under the folder \\?\C:\Program Files\WindowsApps\Deleted."
"18-08-2026 11:42:02","471","Information","Microsoft-Windows-AppXDeployment-Server","error 0x12C: Deleting file \\?\C:\Program Files\WindowsApps\Deleted\AppUp.IntelArcSoftware_26.18.2353.0_x64__8j3eq9eme6ctt15341d4f-2114-4ffa-9d3d-b3dd37a41fd1\VFS\ProgramFilesX64\Intel\Intel Graphics Software\Microsoft.Extensions.Configuration.CommandLine.dll failed."
"18-08-2026 11:42:02","471","Information","Microsoft-Windows-AppXDeployment-Server","error 0x12C: Deleting file \\?\C:\Program Files\WindowsApps\Deleted\AppUp.IntelArcSoftware_26.18.2353.0_x64__8j3eq9eme6ctt15341d4f-2114-4ffa-9d3d-b3dd37a41fd1\VFS\ProgramFilesX64\Intel\Intel Graphics Software\Microsoft.Extensions.Configuration.Binder.dll failed."
"18-08-2026 11:42:02","471","Information","Microsoft-Windows-AppXDeployment-Server","error 0x12C: Deleting file \\?\C:\Program Files\WindowsApps\Deleted\AppUp.IntelArcSoftware_26.18.2353.0_x64__8j3eq9eme6ctt15341d4f-2114-4ffa-9d3d-b3dd37a41fd1\VFS\ProgramFilesX64\Intel\Intel Graphics Software\Microsoft.Extensions.Configuration.Abstractions.dll failed."
"18-08-2026 11:36:02","493","Warning","Microsoft-Windows-AppXDeployment-Server","There were 29 additional files that failed to be deleted under the folder \\?\C:\Program Files\WindowsApps\Deleted."
"18-08-2026 11:36:02","471","Information","Microsoft-Windows-AppXDeployment-Server","error 0x12C: Deleting file \\?\C:\Program Files\WindowsApps\Deleted\AppUp.IntelArcSoftware_26.18.2353.0_x64__8j3eq9eme6ctt15341d4f-2114-4ffa-9d3d-b3dd37a41fd1\VFS\ProgramFilesX64\Intel\Intel Graphics Software\Microsoft.Extensions.Configuration.CommandLine.dll failed."
"18-08-2026 11:36:02","471","Information","Microsoft-Windows-AppXDeployment-Server","error 0x12C: Deleting file \\?\C:\Program Files\WindowsApps\Deleted\AppUp.IntelArcSoftware_26.18.2353.0_x64__8j3eq9eme6ctt15341d4f-2114-4ffa-9d3d-b3dd37a41fd1\VFS\ProgramFilesX64\Intel\Intel Graphics Software\Microsoft.Extensions.Configuration.Binder.dll failed."
"18-08-2026 11:36:02","471","Information","Microsoft-Windows-AppXDeployment-Server","error 0x12C: Deleting file \\?\C:\Program Files\WindowsApps\Deleted\AppUp.IntelArcSoftware_26.18.2353.0_x64__8j3eq9eme6ctt15341d4f-2114-4ffa-9d3d-b3dd37a41fd1\VFS\ProgramFilesX64\Intel\Intel Graphics Software\Microsoft.Extensions.Configuration.Abstractions.dll failed."
"18-08-2026 11:30:02","493","Warning","Microsoft-Windows-AppXDeployment-Server","There were 29 additional files that failed to be deleted under the folder \\?\C:\Program Files\WindowsApps\Deleted."
"18-08-2026 11:30:02","471","Information","Microsoft-Windows-AppXDeployment-Server","error 0x12C: Deleting file \\?\C:\Program Files\WindowsApps\Deleted\AppUp.IntelArcSoftware_26.18.2353.0_x64__8j3eq9eme6ctt15341d4f-2114-4ffa-9d3d-b3dd37a41fd1\VFS\ProgramFilesX64\Intel\Intel Graphics Software\Microsoft.Extensions.Configuration.CommandLine.dll failed."
"18-08-2026 11:30:02","471","Information","Microsoft-Windows-AppXDeployment-Server","error 0x12C: Deleting file \\?\C:\Program Files\WindowsApps\Deleted\AppUp.IntelArcSoftware_26.18.2353.0_x64__8j3eq9eme6ctt15341d4f-2114-4ffa-9d3d-b3dd37a41fd1\VFS\ProgramFilesX64\Intel\Intel Graphics Software\Microsoft.Extensions.Configuration.Binder.dll failed."
"18-08-2026 11:30:02","471","Information","Microsoft-Windows-AppXDeployment-Server","error 0x12C: Deleting file \\?\C:\Program Files\WindowsApps\Deleted\AppUp.IntelArcSoftware_26.18.2353.0_x64__8j3eq9eme6ctt15341d4f-2114-4ffa-9d3d-b3dd37a41fd1\VFS\ProgramFilesX64\Intel\Intel Graphics Software\Microsoft.Extensions.Configuration.Abstractions.dll failed."
"18-08-2026 11:24:02","493","Warning","Microsoft-Windows-AppXDeployment-Server","There were 29 additional files that failed to be deleted under the folder \\?\C:\Program Files\WindowsApps\Deleted."
"18-08-2026 11:24:02","471","Information","Microsoft-Windows-AppXDeployment-Server","error 0x12C: Deleting file \\?\C:\Program Files\WindowsApps\Deleted\AppUp.IntelArcSoftware_26.18.2353.0_x64__8j3eq9eme6ctt15341d4f-2114-4ffa-9d3d-b3dd37a41fd1\VFS\ProgramFilesX64\Intel\Intel Graphics Software\Microsoft.Extensions.Configuration.CommandLine.dll failed."
"18-08-2026 11:24:02","471","Information","Microsoft-Windows-AppXDeployment-Server","error 0x12C: Deleting file \\?\C:\Program Files\WindowsApps\Deleted\AppUp.IntelArcSoftware_26.18.2353.0_x64__8j3eq9eme6ctt15341d4f-2114-4ffa-9d3d-b3dd37a41fd1\VFS\ProgramFilesX64\Intel\Intel Graphics Software\Microsoft.Extensions.Configuration.Binder.dll failed."
"18-08-2026 11:24:02","471","Information","Microsoft-Windows-AppXDeployment-Server","error 0x12C: Deleting file \\?\C:\Program Files\WindowsApps\Deleted\AppUp.IntelArcSoftware_26.18.2353.0_x64__8j3eq9eme6ctt15341d4f-2114-4ffa-9d3d-b3dd37a41fd1\VFS\ProgramFilesX64\Intel\Intel Graphics Software\Microsoft.Extensions.Configuration.Abstractions.dll failed."
"18-08-2026 11:18:02","493","Warning","Microsoft-Windows-AppXDeployment-Server","There were 29 additional files that failed to be deleted under the folder \\?\C:\Program Files\WindowsApps\Deleted."
"18-08-2026 11:18:02","471","Information","Microsoft-Windows-AppXDeployment-Server","error 0x12C: Deleting file \\?\C:\Program Files\WindowsApps\Deleted\AppUp.IntelArcSoftware_26.18.2353.0_x64__8j3eq9eme6ctt15341d4f-2114-4ffa-9d3d-b3dd37a41fd1\VFS\ProgramFilesX64\Intel\Intel Graphics Software\Microsoft.Extensions.Configuration.CommandLine.dll failed."
"18-08-2026 11:18:02","471","Information","Microsoft-Windows-AppXDeployment-Server","error 0x12C: Deleting file \\?\C:\Program Files\WindowsApps\Deleted\AppUp.IntelArcSoftware_26.18.2353.0_x64__8j3eq9eme6ctt15341d4f-2114-4ffa-9d3d-b3dd37a41fd1\VFS\ProgramFilesX64\Intel\Intel Graphics Software\Microsoft.Extensions.Configuration.Binder.dll failed."
"18-08-2026 11:18:02","471","Information","Microsoft-Windows-AppXDeployment-Server","error 0x12C: Deleting file \\?\C:\Program Files\WindowsApps\Deleted\AppUp.IntelArcSoftware_26.18.2353.0_x64__8j3eq9eme6ctt15341d4f-2114-4ffa-9d3d-b3dd37a41fd1\VFS\ProgramFilesX64\Intel\Intel Graphics Software\Microsoft.Extensions.Configuration.Abstractions.dll failed."
"18-08-2026 11:12:02","493","Warning","Microsoft-Windows-AppXDeployment-Server","There were 29 additional files that failed to be deleted under the folder \\?\C:\Program Files\WindowsApps\Deleted."
"18-08-2026 11:12:02","471","Information","Microsoft-Windows-AppXDeployment-Server","error 0x12C: Deleting file \\?\C:\Program Files\WindowsApps\Deleted\AppUp.IntelArcSoftware_26.18.2353.0_x64__8j3eq9eme6ctt15341d4f-2114-4ffa-9d3d-b3dd37a41fd1\VFS\ProgramFilesX64\Intel\Intel Graphics Software\Microsoft.Extensions.Configuration.CommandLine.dll failed."
"18-08-2026 11:12:02","471","Information","Microsoft-Windows-AppXDeployment-Server","error 0x12C: Deleting file \\?\C:\Program Files\WindowsApps\Deleted\AppUp.IntelArcSoftware_26.18.2353.0_x64__8j3eq9eme6ctt15341d4f-2114-4ffa-9d3d-b3dd37a41fd1\VFS\ProgramFilesX64\Intel\Intel Graphics Software\Microsoft.Extensions.Configuration.Binder.dll failed."
"18-08-2026 11:12:02","471","Information","Microsoft-Windows-AppXDeployment-Server","error 0x12C: Deleting file \\?\C:\Program Files\WindowsApps\Deleted\AppUp.IntelArcSoftware_26.18.2353.0_x64__8j3eq9eme6ctt15341d4f-2114-4ffa-9d3d-b3dd37a41fd1\VFS\ProgramFilesX64\Intel\Intel Graphics Software\Microsoft.Extensions.Configuration.Abstractions.dll failed."
"18-08-2026 11:06:02","940","Information","Microsoft-Windows-AppXDeployment-Server","Appxsvc lifecycle transition to Running (Checkpoint=3)"
"18-08-2026 11:06:02","939","Information","Microsoft-Windows-AppXDeployment-Server","Appxsvc lifecycle transition to Starting (Checkpoint=2)"
"18-08-2026 10:58:01","942","Information","Microsoft-Windows-AppXDeployment-Server","Appxsvc lifecycle transition to Stopped (Checkpoint=8)"
"18-08-2026 10:58:01","941","Information","Microsoft-Windows-AppXDeployment-Server","Appxsvc lifecycle transition to Stopping (Checkpoint=5)"
"18-08-2026 10:53:01","493","Warning","Microsoft-Windows-AppXDeployment-Server","There were 29 additional files that failed to be deleted under the folder \\?\C:\Program Files\WindowsApps\Deleted."
"18-08-2026 10:53:01","471","Information","Microsoft-Windows-AppXDeployment-Server","error 0x12C: Deleting file \\?\C:\Program Files\WindowsApps\Deleted\AppUp.IntelArcSoftware_26.18.2353.0_x64__8j3eq9eme6ctt15341d4f-2114-4ffa-9d3d-b3dd37a41fd1\VFS\ProgramFilesX64\Intel\Intel Graphics Software\Microsoft.Extensions.Configuration.CommandLine.dll failed."
"18-08-2026 10:53:01","471","Information","Microsoft-Windows-AppXDeployment-Server","error 0x12C: Deleting file \\?\C:\Program Files\WindowsApps\Deleted\AppUp.IntelArcSoftware_26.18.2353.0_x64__8j3eq9eme6ctt15341d4f-2114-4ffa-9d3d-b3dd37a41fd1\VFS\ProgramFilesX64\Intel\Intel Graphics Software\Microsoft.Extensions.Configuration.Binder.dll failed."
"18-08-2026 10:53:01","471","Information","Microsoft-Windows-AppXDeployment-Server","error 0x12C: Deleting file \\?\C:\Program Files\WindowsApps\Deleted\AppUp.IntelArcSoftware_26.18.2353.0_x64__8j3eq9eme6ctt15341d4f-2114-4ffa-9d3d-b3dd37a41fd1\VFS\ProgramFilesX64\Intel\Intel Graphics Software\Microsoft.Extensions.Configuration.Abstractions.dll failed."
"18-08-2026 10:47:01","493","Warning","Microsoft-Windows-AppXDeployment-Server","There were 29 additional files that failed to be deleted under the folder \\?\C:\Program Files\WindowsApps\Deleted."
"18-08-2026 10:47:01","471","Information","Microsoft-Windows-AppXDeployment-Server","error 0x12C: Deleting file \\?\C:\Program Files\WindowsApps\Deleted\AppUp.IntelArcSoftware_26.18.2353.0_x64__8j3eq9eme6ctt15341d4f-2114-4ffa-9d3d-b3dd37a41fd1\VFS\ProgramFilesX64\Intel\Intel Graphics Software\Microsoft.Extensions.Configuration.CommandLine.dll failed."
"18-08-2026 10:47:01","471","Information","Microsoft-Windows-AppXDeployment-Server","error 0x12C: Deleting file \\?\C:\Program Files\WindowsApps\Deleted\AppUp.IntelArcSoftware_26.18.2353.0_x64__8j3eq9eme6ctt15341d4f-2114-4ffa-9d3d-b3dd37a41fd1\VFS\ProgramFilesX64\Intel\Intel Graphics Software\Microsoft.Extensions.Configuration.Binder.dll failed."
"18-08-2026 10:47:01","471","Information","Microsoft-Windows-AppXDeployment-Server","error 0x12C: Deleting file \\?\C:\Program Files\WindowsApps\Deleted\AppUp.IntelArcSoftware_26.18.2353.0_x64__8j3eq9eme6ctt15341d4f-2114-4ffa-9d3d-b3dd37a41fd1\VFS\ProgramFilesX64\Intel\Intel Graphics Software\Microsoft.Extensions.Configuration.Abstractions.dll failed."
"18-08-2026 10:44:10","493","Warning","Microsoft-Windows-AppXDeployment-Server","There were 29 additional files that failed to be deleted under the folder \\?\C:\Program Files\WindowsApps\Deleted."
"18-08-2026 10:44:10","822","Verbose","Microsoft-Windows-AppXDeployment-Server","Updating registry for package AppUp.IntelManagementandSecurityStatus_2543.9.0.0_neutral_~_8j3eq9eme6ctt completed with result: 0x0."
"18-08-2026 10:44:10","821","Verbose","Microsoft-Windows-AppXDeployment-Server","During-logon registration of package AppUp.IntelManagementandSecurityStatus_2543.9.0.0_neutral_~_8j3eq9eme6ctt for user S-1-12-1-2357405129-1281513531-255772574-1816207334 finished with result: 0x0; updating registry..."
"18-08-2026 10:44:10","471","Information","Microsoft-Windows-AppXDeployment-Server","error 0x12C: Deleting file \\?\C:\Program Files\WindowsApps\Deleted\AppUp.IntelArcSoftware_26.18.2353.0_x64__8j3eq9eme6ctt15341d4f-2114-4ffa-9d3d-b3dd37a41fd1\VFS\ProgramFilesX64\Intel\Intel Graphics Software\Microsoft.Extensions.Configuration.CommandLine.dll failed."
"18-08-2026 10:44:10","471","Information","Microsoft-Windows-AppXDeployment-Server","error 0x12C: Deleting file \\?\C:\Program Files\WindowsApps\Deleted\AppUp.IntelArcSoftware_26.18.2353.0_x64__8j3eq9eme6ctt15341d4f-2114-4ffa-9d3d-b3dd37a41fd1\VFS\ProgramFilesX64\Intel\Intel Graphics Software\Microsoft.Extensions.Configuration.Binder.dll failed."
"18-08-2026 10:44:10","471","Information","Microsoft-Windows-AppXDeployment-Server","error 0x12C: Deleting file \\?\C:\Program Files\WindowsApps\Deleted\AppUp.IntelArcSoftware_26.18.2353.0_x64__8j3eq9eme6ctt15341d4f-2114-4ffa-9d3d-b3dd37a41fd1\VFS\ProgramFilesX64\Intel\Intel Graphics Software\Microsoft.Extensions.Configuration.Abstractions.dll failed."
"18-08-2026 10:44:10","613","Information","Microsoft-Windows-AppXDeployment-Server","Performance summary of Deployment Register operation on Package AppUp.IntelManagementandSecurityStatus_2543.9.0.0_neutral_~_8j3eq9eme6ctt: 
Overall time: 1204 ms (Active time: 1204 ms)
Enqueue cost: 16 ms
Dequeue delay: 0 ms
Gap: 16 ms
Bundle processing cost: 0 ms
Indexing cost: 47 ms
Resolve dependency cost: 15 ms
Gap: 16 ms
Check approval cost: 15 ms
Evaluation cost: 16 ms
Hardlinking evaluation cost: 0 ms
Stage required cost: 0 ms
Flushing and closing files cost: 0 ms
Gap: 78 ms
Machine register cost: 0 ms
Stage user data cost: 0 ms
Registration cost: 438 ms
Gap: 172 ms
Repository commit transaction cost: 140 ms
Gap: 125 ms
Data flush cost: 0 ms
Gap: 63 ms
Post DeStage repository commit transaction cost: 15 ms
Remaining cost: 32 ms
"
"18-08-2026 10:44:10","472","Verbose","Microsoft-Windows-AppXDeployment-Server","Moving package folder \\?\C:\Program Files\WindowsApps\AppUp.IntelManagementandSecurityStatus_2537.8.7.0_x64__8j3eq9eme6ctt to \\?\C:\Program Files\WindowsApps\Deleted\AppUp.IntelManagementandSecurityStatus_2537.8.7.0_x64__8j3eq9eme6cttf28fc445-9796-48f4-ac11-4770aee0b218. Result: 0x0."
"18-08-2026 10:44:10","472","Verbose","Microsoft-Windows-AppXDeployment-Server","Moving package folder \\?\C:\Program Files\WindowsApps\AppUp.IntelManagementandSecurityStatus_2537.8.7.0_neutral_~_8j3eq9eme6ctt to \\?\C:\Program Files\WindowsApps\Deleted\AppUp.IntelManagementandSecurityStatus_2537.8.7.0_neutral_~_8j3eq9eme6cttdfc2bce3-4391-4107-be20-ea435eb92c26. Result: 0x80070002."
"18-08-2026 10:44:10","478","Verbose","Microsoft-Windows-AppXDeployment-Server","Deployment Register operation with target volume C: on Package AppUp.IntelManagementandSecurityStatus_2543.9.0.0_x64__8j3eq9eme6ctt from:  (AppxBundleManifest.xml)  finished successfully."
"18-08-2026 10:44:10","400","Information","Microsoft-Windows-AppXDeployment-Server","Deployment Register operation with target volume C: on Package AppUp.IntelManagementandSecurityStatus_2543.9.0.0_neutral_~_8j3eq9eme6ctt from:  (AppxBundleManifest.xml)  finished successfully."
"18-08-2026 10:44:10","617","Verbose","Microsoft-Windows-AppXDeployment-Server","Successfully updated the status for package AppUp.IntelManagementandSecurityStatus_2543.9.0.0_neutral_~_8j3eq9eme6ctt and user S-1-12-1-2357405129-1281513531-255772574-1816207334 (Clear=0x300, Set=0x0)."
"18-08-2026 10:44:10","617","Verbose","Microsoft-Windows-AppXDeployment-Server","Successfully updated the status for package AppUp.IntelManagementandSecurityStatus_2543.9.0.0_x64__8j3eq9eme6ctt and user S-1-12-1-2357405129-1281513531-255772574-1816207334 (Clear=0x300, Set=0x0)."
"18-08-2026 10:44:10","617","Verbose","Microsoft-Windows-AppXDeployment-Server","Successfully updated the status for package AppUp.IntelManagementandSecurityStatus_2543.9.0.0_neutral_split.scale-100_8j3eq9eme6ctt and user S-1-12-1-2357405129-1281513531-255772574-1816207334 (Clear=0x300, Set=0x0)."
"18-08-2026 10:44:10","617","Verbose","Microsoft-Windows-AppXDeployment-Server","Successfully updated the status for package AppUp.IntelManagementandSecurityStatus_2543.9.0.0_neutral_~_8j3eq9eme6ctt and user S-1-12-1-2357405129-1281513531-255772574-1816207334 (Clear=0x10000C00, Set=0x0)."
"18-08-2026 10:44:10","617","Verbose","Microsoft-Windows-AppXDeployment-Server","Successfully updated the status for package AppUp.IntelManagementandSecurityStatus_2543.9.0.0_x64__8j3eq9eme6ctt and user S-1-12-1-2357405129-1281513531-255772574-1816207334 (Clear=0x10000C00, Set=0x0)."
"18-08-2026 10:44:10","617","Verbose","Microsoft-Windows-AppXDeployment-Server","Successfully updated the status for package AppUp.IntelManagementandSecurityStatus_2543.9.0.0_neutral_split.scale-100_8j3eq9eme6ctt and user S-1-12-1-2357405129-1281513531-255772574-1816207334 (Clear=0x10000C00, Set=0x0)."
"18-08-2026 10:44:10","617","Verbose","Microsoft-Windows-AppXDeployment-Server","Successfully updated the status for package AppUp.IntelManagementandSecurityStatus_2543.9.0.0_neutral_~_8j3eq9eme6ctt and user S-1-12-1-2357405129-1281513531-255772574-1816207334 (Clear=0x20, Set=0x0)."
"18-08-2026 10:44:10","617","Verbose","Microsoft-Windows-AppXDeployment-Server","Successfully updated the status for package AppUp.IntelManagementandSecurityStatus_2543.9.0.0_x64__8j3eq9eme6ctt and user S-1-12-1-2357405129-1281513531-255772574-1816207334 (Clear=0x20, Set=0x0)."
"18-08-2026 10:44:10","617","Verbose","Microsoft-Windows-AppXDeployment-Server","Successfully updated the status for package AppUp.IntelManagementandSecurityStatus_2543.9.0.0_neutral_split.scale-100_8j3eq9eme6ctt and user S-1-12-1-2357405129-1281513531-255772574-1816207334 (Clear=0x20, Set=0x0)."
"18-08-2026 10:44:10","617","Verbose","Microsoft-Windows-AppXDeployment-Server","Successfully updated the status for package AppUp.IntelManagementandSecurityStatus_2543.9.0.0_x64__8j3eq9eme6ctt and user S-1-12-1-2357405129-1281513531-255772574-1816207334 (Clear=0x20, Set=0x0)."
"18-08-2026 10:44:09","808","Warning","Microsoft-Windows-AppXDeployment-Server","Deletion of registry key: Software\Microsoft\Windows\CurrentVersion\Appx\AppxAllUserStore\S-1-5-21-3608031908-443761264-1593342945-1000\AppUp.IntelManagementandSecurityStatus_2543.9.0.0_neutral_~_8j3eq9eme6ctt failed with error: 0x80070002."
"18-08-2026 10:44:09","813","Verbose","Microsoft-Windows-AppXDeployment-Server","Successfully updated all user store with package AppUp.IntelManagementandSecurityStatus_2543.9.0.0_neutral_~_8j3eq9eme6ctt."
"18-08-2026 10:44:09","5507","Verbose","Microsoft-Windows-AppXDeployment-Server","AppUp.IntelManagementandSecurityStatus_2543.9.0.0_x64__8j3eq9eme6ctt : resources.028cebca.pri : Current shared merged PRI file ignored"
"18-08-2026 10:44:09","5507","Verbose","Microsoft-Windows-AppXDeployment-Server","AppUp.IntelManagementandSecurityStatus_2543.9.0.0_x64__8j3eq9eme6ctt : S-1-12-1-2357405129-1281513531-255772574-1816207334-MergedResources-0.pri : Current user-specific merged PRI file ignored"
"18-08-2026 10:44:09","5508","Verbose","Microsoft-Windows-AppXDeployment-Server","AppUp.IntelManagementandSecurityStatus_2543.9.0.0_x64__8j3eq9eme6ctt : C:\Program Files\WindowsApps\AppUp.IntelManagementandSecurityStatus_2543.9.0.0_x64__8j3eq9eme6ctt\microsoft.system.package.metadata\resources.0bc49377.pri : Deleted"
"18-08-2026 10:44:09","5507","Verbose","Microsoft-Windows-AppXDeployment-Server","AppUp.IntelManagementandSecurityStatus_2543.9.0.0_x64__8j3eq9eme6ctt : resources.028cebca.pri : Current shared merged PRI file ignored"
"18-08-2026 10:44:09","5507","Verbose","Microsoft-Windows-AppXDeployment-Server","AppUp.IntelManagementandSecurityStatus_2543.9.0.0_x64__8j3eq9eme6ctt : S-1-12-1-2357405129-1281513531-255772574-1816207334-MergedResources-0.pri : Current user-specific merged PRI file ignored"
"18-08-2026 10:44:09","617","Verbose","Microsoft-Windows-AppXDeployment-Server","Successfully updated the status for package AppUp.IntelManagementandSecurityStatus_2543.9.0.0_x64__8j3eq9eme6ctt and user S-1-12-1-2357405129-1281513531-255772574-1816207334 (Clear=0x0, Set=0x10000820)."
"18-08-2026 10:44:09","5505","Verbose","Microsoft-Windows-AppXDeployment-Server","AppUp.IntelManagementandSecurityStatus_2543.9.0.0_x64__8j3eq9eme6ctt : C:\Program Files\WindowsApps\AppUp.IntelManagementandSecurityStatus_2543.9.0.0_x64__8j3eq9eme6ctt\microsoft.system.package.metadata\S-1-12-1-2357405129-1281513531-255772574-1816207334-MergedResources-0.pri : Linked user-specific merged PRI file"
"18-08-2026 10:44:09","5506","Verbose","Microsoft-Windows-AppXDeployment-Server","AppUp.IntelManagementandSecurityStatus_2543.9.0.0_x64__8j3eq9eme6ctt : C:\Program Files\WindowsApps\AppUp.IntelManagementandSecurityStatus_2543.9.0.0_x64__8j3eq9eme6ctt\microsoft.system.package.metadata\resources.028cebca.pri : Created shared merged PRI file"
"18-08-2026 10:44:09","9643","Verbose","Microsoft-Windows-AppXDeployment-Server","0x0: TerminateApplications successful."
"18-08-2026 10:44:09","9643","Verbose","Microsoft-Windows-AppXDeployment-Server","0x0: TerminateApplications successful."
"18-08-2026 10:44:09","617","Verbose","Microsoft-Windows-AppXDeployment-Server","Successfully updated the status for package AppUp.IntelManagementandSecurityStatus_2543.9.0.0_x64__8j3eq9eme6ctt and user S-1-12-1-2357405129-1281513531-255772574-1816207334 (Clear=0x0, Set=0x20)."
"18-08-2026 10:44:09","9643","Verbose","Microsoft-Windows-AppXDeployment-Server","0x0: TerminateApplications successful."
"18-08-2026 10:44:09","9643","Verbose","Microsoft-Windows-AppXDeployment-Server","0x0: TerminateApplications successful."
"18-08-2026 10:44:09","455","Verbose","Microsoft-Windows-AppXDeployment-Server","User S-1-5-21-3608031908-443761264-1593342945-1000 had outdated package AppUp.IntelManagementandSecurityStatus_2537.8.7.0_x64__8j3eq9eme6ctt, which will be updated to AppUp.IntelManagementandSecurityStatus_2543.9.0.0_x64__8j3eq9eme6ctt. User was online: false."
"18-08-2026 10:44:09","855","Information","Microsoft-Windows-AppXDeployment-Server","Finished resolving action lists. DeploymentRequest action lists: addPackageList: AppUp.IntelManagementandSecurityStatus_2543.9.0.0_neutral_split.scale-100_8j3eq9eme6ctt AppUp.IntelManagementandSecurityStatus_2543.9.0.0_x64__8j3eq9eme6ctt AppUp.IntelManagementandSecurityStatus_2543.9.0.0_neutral_~_8j3eq9eme6ctt."
"18-08-2026 10:44:09","854","Information","Microsoft-Windows-AppXDeployment-Server","Successfully added the following uri(s) to be processed:  C:\Program Files\WindowsApps\AppUp.IntelManagementandSecurityStatus_2543.9.0.0_neutral_~_8j3eq9eme6ctt\AppxMetadata\AppxBundleManifest.xml C:\Program Files\WindowsApps\AppUp.IntelManagementandSecurityStatus_2543.9.0.0_x64__8j3eq9eme6ctt\AppxManifest.xml C:\Program Files\WindowsApps\AppUp.IntelManagementandSecurityStatus_2543.9.0.0_neutral_split.scale-100_8j3eq9eme6ctt\AppxManifest.xml."
"18-08-2026 10:44:09","726","Warning","Microsoft-Windows-AppXDeployment-Server","Windows cannot find the resource package manifest in the bundle file: C:\Program Files\WindowsApps\AppUp.IntelManagementandSecurityStatus_2543.9.0.0_neutral_split.scale-150_8j3eq9eme6ctt\AppxManifest.xml."
"18-08-2026 10:44:09","607","Information","Microsoft-Windows-AppXDeployment-Server","Deployment Register operation on package AppUp.IntelManagementandSecurityStatus_2543.9.0.0_neutral_~_8j3eq9eme6ctt has been de-queued and is running for user SID S-1-12-1-2357405129-1281513531-255772574-1816207334."
"18-08-2026 10:44:09","10002","Verbose","Microsoft-Windows-AppXDeployment-Server","Creating Resiliency File C:\ProgramData\Microsoft\Windows\AppRepository\7ebe14bd-9ba0-4699-b026-07ab02b02c39_S-1-12-1-2357405129-1281513531-255772574-1816207334_16.rslc for Register Operation on Package AppUp.IntelManagementandSecurityStatus_2543.9.0.0_neutral_~_8j3eq9eme6ctt."
"18-08-2026 10:44:09","603","Information","Microsoft-Windows-AppXDeployment-Server","Started deployment RegisterByPackageFamilyName operation on a package with main parameter AppUp.IntelManagementandSecurityStatus_8j3eq9eme6ctt and Options ForceTargetApplicationShutdownOption,SkipReregisterIfPackageStatusOk,LowPriorityRequest and SkipDeploymentOperationRpcCallerIsAdminCheck. See http://go.microsoft.com/fwlink/?LinkId=235160 for help diagnosing app deployment issues."
"18-08-2026 10:44:09","493","Warning","Microsoft-Windows-AppXDeployment-Server","There were 29 additional files that failed to be deleted under the folder \\?\C:\Program Files\WindowsApps\Deleted."
"18-08-2026 10:44:09","471","Information","Microsoft-Windows-AppXDeployment-Server","error 0x12C: Deleting file \\?\C:\Program Files\WindowsApps\Deleted\AppUp.IntelArcSoftware_26.18.2353.0_x64__8j3eq9eme6ctt15341d4f-2114-4ffa-9d3d-b3dd37a41fd1\VFS\ProgramFilesX64\Intel\Intel Graphics Software\Microsoft.Extensions.Configuration.CommandLine.dll failed."
"18-08-2026 10:44:09","471","Information","Microsoft-Windows-AppXDeployment-Server","error 0x12C: Deleting file \\?\C:\Program Files\WindowsApps\Deleted\AppUp.IntelArcSoftware_26.18.2353.0_x64__8j3eq9eme6ctt15341d4f-2114-4ffa-9d3d-b3dd37a41fd1\VFS\ProgramFilesX64\Intel\Intel Graphics Software\Microsoft.Extensions.Configuration.Binder.dll failed."
"18-08-2026 10:44:09","471","Information","Microsoft-Windows-AppXDeployment-Server","error 0x12C: Deleting file \\?\C:\Program Files\WindowsApps\Deleted\AppUp.IntelArcSoftware_26.18.2353.0_x64__8j3eq9eme6ctt15341d4f-2114-4ffa-9d3d-b3dd37a41fd1\VFS\ProgramFilesX64\Intel\Intel Graphics Software\Microsoft.Extensions.Configuration.Abstractions.dll failed."
"18-08-2026 10:44:09","400","Information","Microsoft-Windows-AppXDeployment-Server","Deployment OnDemandRegisterOperation operation with target volume C: on Package AppUp.IntelManagementandSecurityStatus_2543.9.0.0_neutral_~_8j3eq9eme6ctt from:   finished successfully."
"18-08-2026 10:44:09","617","Verbose","Microsoft-Windows-AppXDeployment-Server","Successfully updated the status for package AppUp.IntelManagementandSecurityStatus_2543.9.0.0_x64__8j3eq9eme6ctt and user S-1-12-1-2357405129-1281513531-255772574-1816207334 (Clear=0x400, Set=0x10000800)."
"18-08-2026 10:44:09","643","Information","Microsoft-Windows-AppXDeployment-Server","OnDemandRegisterPackage AppUp.IntelManagementandSecurityStatus_2543.9.0.0_x64__8j3eq9eme6ctt add PackageUser row, Bundle:589, AppDataVolume:1"
"18-08-2026 10:44:09","679","Information","Microsoft-Windows-AppXDeployment-Server","OnDemandRegisterPackageList AppUp.IntelManagementandSecurityStatus_2543.9.0.0_neutral_~_8j3eq9eme6ctt ."
"18-08-2026 10:44:09","607","Information","Microsoft-Windows-AppXDeployment-Server","Deployment OnDemandRegisterOperation operation on package AppUp.IntelManagementandSecurityStatus_2543.9.0.0_neutral_~_8j3eq9eme6ctt has been de-queued and is running for user SID S-1-12-1-2357405129-1281513531-255772574-1816207334."
"18-08-2026 10:44:09","10002","Verbose","Microsoft-Windows-AppXDeployment-Server","Creating Resiliency File C:\ProgramData\Microsoft\Windows\AppRepository\7ebe14bd-9ba0-4699-b026-07ab02b02c39_S-1-12-1-2357405129-1281513531-255772574-1816207334_15.rslc for OnDemandRegisterOperation Operation on Package AppUp.IntelManagementandSecurityStatus_2543.9.0.0_neutral_~_8j3eq9eme6ctt."
"18-08-2026 10:44:09","604","Information","Microsoft-Windows-AppXDeployment-Server","Started deployment OnDemandRegisterOperation operation on a package with main parameter , dependency parameters AppUp.IntelManagementandSecurityStatus_2543.9.0.0_neutral_~_8j3eq9eme6ctt and Options ImmediatePriorityRequest and 0. See http://go.microsoft.com/fwlink/?LinkId=235160 for help diagnosing app deployment issues."
"18-08-2026 10:44:09","819","Verbose","Microsoft-Windows-AppXDeployment-Server","The following packages will be installed: AppUp.IntelManagementandSecurityStatus_2543.9.0.0_neutral_~_8j3eq9eme6ctt . The following packages will be removed: NULL"
"18-08-2026 10:44:08","493","Warning","Microsoft-Windows-AppXDeployment-Server","There were 29 additional files that failed to be deleted under the folder \\?\C:\Program Files\WindowsApps\Deleted."
"18-08-2026 10:44:08","471","Information","Microsoft-Windows-AppXDeployment-Server","error 0x12C: Deleting file \\?\C:\Program Files\WindowsApps\Deleted\AppUp.IntelArcSoftware_26.18.2353.0_x64__8j3eq9eme6ctt15341d4f-2114-4ffa-9d3d-b3dd37a41fd1\VFS\ProgramFilesX64\Intel\Intel Graphics Software\Microsoft.Extensions.Configuration.CommandLine.dll failed."
"18-08-2026 10:44:08","471","Information","Microsoft-Windows-AppXDeployment-Server","error 0x12C: Deleting file \\?\C:\Program Files\WindowsApps\Deleted\AppUp.IntelArcSoftware_26.18.2353.0_x64__8j3eq9eme6ctt15341d4f-2114-4ffa-9d3d-b3dd37a41fd1\VFS\ProgramFilesX64\Intel\Intel Graphics Software\Microsoft.Extensions.Configuration.Binder.dll failed."
"18-08-2026 10:44:08","471","Information","Microsoft-Windows-AppXDeployment-Server","error 0x12C: Deleting file \\?\C:\Program Files\WindowsApps\Deleted\AppUp.IntelArcSoftware_26.18.2353.0_x64__8j3eq9eme6ctt15341d4f-2114-4ffa-9d3d-b3dd37a41fd1\VFS\ProgramFilesX64\Intel\Intel Graphics Software\Microsoft.Extensions.Configuration.Abstractions.dll failed."
"18-08-2026 10:44:08","613","Information","Microsoft-Windows-AppXDeployment-Server","Performance summary of Deployment Stage operation on Package AppUp.IntelManagementandSecurityStatus_2543.9.0.0_neutral_~_8j3eq9eme6ctt: 
Overall time: 4125 ms (Active time: 4125 ms)
Enqueue cost: 47 ms
Dequeue delay: 0 ms
Bundle processing cost: 171 ms
Indexing cost: 79 ms
Resolve dependency cost: 0 ms
Gap: 15 ms
Check approval cost: 0 ms
Evaluation cost: 1469 ms
Hardlinking evaluation cost: 32 ms
Stage required cost: 1437 ms
Flushing and closing files cost: 31 ms
Machine register cost: 188 ms
Stage user data cost: 0 ms
Registration cost: 0 ms
Gap: 47 ms
Repository commit transaction cost: 578 ms
Gap: 16 ms
Data flush cost: 0 ms
Post DeStage repository commit transaction cost: 31 ms
Remaining cost: 47 ms
"
"18-08-2026 10:44:08","472","Verbose","Microsoft-Windows-AppXDeployment-Server","Moving package folder \\?\C:\Program Files\WindowsApps\AppUp.IntelManagementandSecurityStatus_2537.8.7.0_neutral_split.scale-125_8j3eq9eme6ctt to \\?\C:\Program Files\WindowsApps\Deleted\AppUp.IntelManagementandSecurityStatus_2537.8.7.0_neutral_split.scale-125_8j3eq9eme6ctta9474232-60f9-4f8f-bd19-a1ad7267a598. Result: 0x80070002."
"18-08-2026 10:44:08","472","Verbose","Microsoft-Windows-AppXDeployment-Server","Moving package folder \\?\C:\Program Files\WindowsApps\AppUp.IntelManagementandSecurityStatus_2537.8.7.0_neutral_split.scale-100_8j3eq9eme6ctt to \\?\C:\Program Files\WindowsApps\Deleted\AppUp.IntelManagementandSecurityStatus_2537.8.7.0_neutral_split.scale-100_8j3eq9eme6ctt530d4ea4-a54b-428b-8865-ab385b7cd128. Result: 0x80070002."
"18-08-2026 10:44:08","472","Verbose","Microsoft-Windows-AppXDeployment-Server","Moving package folder \\?\C:\Program Files\WindowsApps\AppUp.IntelManagementandSecurityStatus_2537.8.7.0_neutral_split.scale-150_8j3eq9eme6ctt to \\?\C:\Program Files\WindowsApps\Deleted\AppUp.IntelManagementandSecurityStatus_2537.8.7.0_neutral_split.scale-150_8j3eq9eme6ctt4f206962-4033-40f8-9d80-96d3bac11c06. Result: 0x0."
"18-08-2026 10:44:08","472","Verbose","Microsoft-Windows-AppXDeployment-Server","Moving package folder \\?\C:\Program Files\WindowsApps\AppUp.IntelManagementandSecurityStatus_2537.8.7.0_neutral_split.scale-125_8j3eq9eme6ctt to \\?\C:\Program Files\WindowsApps\Deleted\AppUp.IntelManagementandSecurityStatus_2537.8.7.0_neutral_split.scale-125_8j3eq9eme6cttfb17b246-2eca-40d5-b579-f0a995ef983a. Result: 0x0."
"18-08-2026 10:44:08","472","Verbose","Microsoft-Windows-AppXDeployment-Server","Moving package folder \\?\C:\Program Files\WindowsApps\AppUp.IntelManagementandSecurityStatus_2537.8.7.0_neutral_split.scale-100_8j3eq9eme6ctt to \\?\C:\Program Files\WindowsApps\Deleted\AppUp.IntelManagementandSecurityStatus_2537.8.7.0_neutral_split.scale-100_8j3eq9eme6ctt412f3587-8d8f-4881-adea-b8659b187b34. Result: 0x0."
"18-08-2026 10:44:08","478","Verbose","Microsoft-Windows-AppXDeployment-Server","Deployment Stage operation with target volume C: on Package AppUp.IntelManagementandSecurityStatus_2543.9.0.0_x64__8j3eq9eme6ctt from:  (6aa233405c3941df8618029db8ba4da3.appxbundle)  finished successfully."
"18-08-2026 10:44:08","400","Information","Microsoft-Windows-AppXDeployment-Server","Deployment Stage operation with target volume C: on Package AppUp.IntelManagementandSecurityStatus_2543.9.0.0_neutral_~_8j3eq9eme6ctt from:  (6aa233405c3941df8618029db8ba4da3.appxbundle)  finished successfully."
"18-08-2026 10:44:08","617","Verbose","Microsoft-Windows-AppXDeployment-Server","Successfully updated the status for package AppUp.IntelManagementandSecurityStatus_2543.9.0.0_neutral_split.scale-125_8j3eq9eme6ctt and user S-1-5-18 (Clear=0x10000C00, Set=0x0)."
"18-08-2026 10:44:08","617","Verbose","Microsoft-Windows-AppXDeployment-Server","Successfully updated the status for package AppUp.IntelManagementandSecurityStatus_2543.9.0.0_neutral_split.scale-100_8j3eq9eme6ctt and user S-1-5-18 (Clear=0x10000C00, Set=0x0)."
"18-08-2026 10:44:08","617","Verbose","Microsoft-Windows-AppXDeployment-Server","Successfully updated the status for package AppUp.IntelManagementandSecurityStatus_2543.9.0.0_x64__8j3eq9eme6ctt and user S-1-5-18 (Clear=0x10000C00, Set=0x0)."
"18-08-2026 10:44:08","617","Verbose","Microsoft-Windows-AppXDeployment-Server","Successfully updated the status for package AppUp.IntelManagementandSecurityStatus_2543.9.0.0_neutral_~_8j3eq9eme6ctt and user S-1-5-18 (Clear=0x10000C00, Set=0x0)."
"18-08-2026 10:44:08","8101","Verbose","Microsoft-Windows-AppXDeployment-Server","Finished validation and setting the Trust Label on package AppUp.IntelManagementandSecurityStatus_2543.9.0.0_neutral_split.scale-125_8j3eq9eme6ctt with flags 0x9."
"18-08-2026 10:44:08","8106","Verbose","Microsoft-Windows-AppXDeployment-Server","Package AppUp.IntelManagementandSecurityStatus_2543.9.0.0_neutral_split.scale-125_8j3eq9eme6ctt has Trust Label already. Flags: 0x9"
"18-08-2026 10:44:08","8100","Verbose","Microsoft-Windows-AppXDeployment-Server","Starting validation and setting the Trust Label on package AppUp.IntelManagementandSecurityStatus_2543.9.0.0_neutral_split.scale-125_8j3eq9eme6ctt with flags 0x9."
"18-08-2026 10:44:08","8101","Verbose","Microsoft-Windows-AppXDeployment-Server","Finished validation and setting the Trust Label on package AppUp.IntelManagementandSecurityStatus_2543.9.0.0_neutral_split.scale-100_8j3eq9eme6ctt with flags 0x9."
"18-08-2026 10:44:08","8106","Verbose","Microsoft-Windows-AppXDeployment-Server","Package AppUp.IntelManagementandSecurityStatus_2543.9.0.0_neutral_split.scale-100_8j3eq9eme6ctt has Trust Label already. Flags: 0x9"
"18-08-2026 10:44:08","8100","Verbose","Microsoft-Windows-AppXDeployment-Server","Starting validation and setting the Trust Label on package AppUp.IntelManagementandSecurityStatus_2543.9.0.0_neutral_split.scale-100_8j3eq9eme6ctt with flags 0x9."
"18-08-2026 10:44:08","8101","Verbose","Microsoft-Windows-AppXDeployment-Server","Finished validation and setting the Trust Label on package AppUp.IntelManagementandSecurityStatus_2543.9.0.0_x64__8j3eq9eme6ctt with flags 0x9."
"18-08-2026 10:44:08","8106","Verbose","Microsoft-Windows-AppXDeployment-Server","Package AppUp.IntelManagementandSecurityStatus_2543.9.0.0_x64__8j3eq9eme6ctt has Trust Label already. Flags: 0x9"
"18-08-2026 10:44:07","8100","Verbose","Microsoft-Windows-AppXDeployment-Server","Starting validation and setting the Trust Label on package AppUp.IntelManagementandSecurityStatus_2543.9.0.0_x64__8j3eq9eme6ctt with flags 0x9."
"18-08-2026 10:44:04","574","Information","Microsoft-Windows-AppXDeployment-Server","Preferred package version for package family is changing. Current preferred version is: AppUp.IntelManagementandSecurityStatus_2537.8.7.0_x64__8j3eq9eme6ctt. New preferred version will be: AppUp.IntelManagementandSecurityStatus_2543.9.0.0_x64__8j3eq9eme6ctt."
"18-08-2026 10:44:04","854","Information","Microsoft-Windows-AppXDeployment-Server","Successfully added the following uri(s) to be processed:  file:///C:/ProgramData/dell/drivers/7173b3d5-e444-4517-bc3c-a5aeb5084f8d/Appx/IMSS/6aa233405c3941df8618029db8ba4da3.appxbundle file:///C:/ProgramData/dell/drivers/7173b3d5-e444-4517-bc3c-a5aeb5084f8d/Appx/IMSS/6aa233405c3941df8618029db8ba4da3.appxbundle\PrivacyIconClientPackagingProject_2543.9.0.0_x64.appx file:///C:/ProgramData/dell/drivers/7173b3d5-e444-4517-bc3c-a5aeb5084f8d/Appx/IMSS/6aa233405c3941df8618029db8ba4da3.appxbundle\PrivacyIconClientPackagingProject_2543.9.0.0_scale-100.appx file:///C:/ProgramData/dell/drivers/7173b3d5-e444-4517-bc3c-a5aeb5084f8d/Appx/IMSS/6aa233405c3941df8618029db8ba4da3.appxbundle\PrivacyIconClientPackagingProject_2543.9.0.0_scale-125.appx."
"18-08-2026 10:44:04","607","Information","Microsoft-Windows-AppXDeployment-Server","Deployment Stage operation on package AppUp.IntelManagementandSecurityStatus_2543.9.0.0_neutral_~_8j3eq9eme6ctt has been de-queued and is running for user SID S-1-5-18."
"18-08-2026 10:44:04","10002","Verbose","Microsoft-Windows-AppXDeployment-Server","Creating Resiliency File C:\ProgramData\Microsoft\Windows\AppRepository\7ebe14bd-9ba0-4699-b026-07ab02b02c39_S-1-5-18_14.rslc for Stage Operation on Package AppUp.IntelManagementandSecurityStatus_2543.9.0.0_neutral_~_8j3eq9eme6ctt."
"18-08-2026 10:44:04","603","Information","Microsoft-Windows-AppXDeployment-Server","Started deployment Stage operation on a package with main parameter 6aa233405c3941df8618029db8ba4da3.appxbundle and Options 0 and 0. See http://go.microsoft.com/fwlink/?LinkId=235160 for help diagnosing app deployment issues."
"18-08-2026 10:41:01","493","Warning","Microsoft-Windows-AppXDeployment-Server","There were 29 additional files that failed to be deleted under the folder \\?\C:\Program Files\WindowsApps\Deleted."
"18-08-2026 10:41:01","471","Information","Microsoft-Windows-AppXDeployment-Server","error 0x12C: Deleting file \\?\C:\Program Files\WindowsApps\Deleted\AppUp.IntelArcSoftware_26.18.2353.0_x64__8j3eq9eme6ctt15341d4f-2114-4ffa-9d3d-b3dd37a41fd1\VFS\ProgramFilesX64\Intel\Intel Graphics Software\Microsoft.Extensions.Configuration.CommandLine.dll failed."
"18-08-2026 10:41:01","471","Information","Microsoft-Windows-AppXDeployment-Server","error 0x12C: Deleting file \\?\C:\Program Files\WindowsApps\Deleted\AppUp.IntelArcSoftware_26.18.2353.0_x64__8j3eq9eme6ctt15341d4f-2114-4ffa-9d3d-b3dd37a41fd1\VFS\ProgramFilesX64\Intel\Intel Graphics Software\Microsoft.Extensions.Configuration.Binder.dll failed."
"18-08-2026 10:41:01","471","Information","Microsoft-Windows-AppXDeployment-Server","error 0x12C: Deleting file \\?\C:\Program Files\WindowsApps\Deleted\AppUp.IntelArcSoftware_26.18.2353.0_x64__8j3eq9eme6ctt15341d4f-2114-4ffa-9d3d-b3dd37a41fd1\VFS\ProgramFilesX64\Intel\Intel Graphics Software\Microsoft.Extensions.Configuration.Abstractions.dll failed."
"18-08-2026 10:40:53","493","Warning","Microsoft-Windows-AppXDeployment-Server","There were 29 additional files that failed to be deleted under the folder \\?\C:\Program Files\WindowsApps\Deleted."
"18-08-2026 10:40:53","471","Information","Microsoft-Windows-AppXDeployment-Server","error 0x12C: Deleting file \\?\C:\Program Files\WindowsApps\Deleted\AppUp.IntelArcSoftware_26.18.2353.0_x64__8j3eq9eme6ctt15341d4f-2114-4ffa-9d3d-b3dd37a41fd1\VFS\ProgramFilesX64\Intel\Intel Graphics Software\Microsoft.Extensions.Configuration.CommandLine.dll failed."
"18-08-2026 10:40:53","471","Information","Microsoft-Windows-AppXDeployment-Server","error 0x12C: Deleting file \\?\C:\Program Files\WindowsApps\Deleted\AppUp.IntelArcSoftware_26.18.2353.0_x64__8j3eq9eme6ctt15341d4f-2114-4ffa-9d3d-b3dd37a41fd1\VFS\ProgramFilesX64\Intel\Intel Graphics Software\Microsoft.Extensions.Configuration.Binder.dll failed."
"18-08-2026 10:40:53","471","Information","Microsoft-Windows-AppXDeployment-Server","error 0x12C: Deleting file \\?\C:\Program Files\WindowsApps\Deleted\AppUp.IntelArcSoftware_26.18.2353.0_x64__8j3eq9eme6ctt15341d4f-2114-4ffa-9d3d-b3dd37a41fd1\VFS\ProgramFilesX64\Intel\Intel Graphics Software\Microsoft.Extensions.Configuration.Abstractions.dll failed."
"18-08-2026 10:40:53","613","Information","Microsoft-Windows-AppXDeployment-Server","Performance summary of Deployment Stage operation on Package Microsoft.WindowsAppRuntime.2_2.2.0.0_x86__8wekyb3d8bbwe: 
Overall time: 28109 ms (Active time: 28094 ms)
Enqueue cost: 28000 ms
Dequeue delay: 15 ms
Bundle processing cost: 0 ms
Indexing cost: 0 ms
Resolve dependency cost: 0 ms
Check approval cost: 0 ms
Evaluation cost: 0 ms
Hardlinking evaluation cost: 0 ms
Stage required cost: 0 ms
Flushing and closing files cost: 0 ms
Machine register cost: 0 ms
Stage user data cost: 0 ms
Registration cost: 0 ms
Repository commit transaction cost: 47 ms
Gap: 31 ms
Data flush cost: 0 ms
Post DeStage repository commit transaction cost: 16 ms
Remaining cost: 0 ms
"
"18-08-2026 10:40:53","400","Information","Microsoft-Windows-AppXDeployment-Server","Deployment Stage operation with target volume C: on Package Microsoft.WindowsAppRuntime.2_2.2.0.0_x86__8wekyb3d8bbwe from:  (499a7671f11db7229f339ee4a8c28dcc4d3fb3e6)  finished successfully."
"18-08-2026 10:40:53","735","Verbose","Microsoft-Windows-AppXDeployment-Server","Windows cannot install package Microsoft.WindowsAppRuntime.2 because it has version 2.2.0.0. A higher version 2.4.0.0 of this package is already installed."
"18-08-2026 10:40:53","854","Information","Microsoft-Windows-AppXDeployment-Server","Successfully added the following uri(s) to be processed:  x-windowsupdate://7827BDAC-95EA-43D3-8916-E53E4011E39A/23F6AC41-7701-46EF-81FE-D3BC61D011BF/499a7671f11db7229f339ee4a8c28dcc4d3fb3e6."
"18-08-2026 10:40:53","607","Information","Microsoft-Windows-AppXDeployment-Server","Deployment Stage operation on package Microsoft.WindowsAppRuntime.2_2.2.0.0_x86__8wekyb3d8bbwe has been de-queued and is running for user SID S-1-5-18."
"18-08-2026 10:40:53","10002","Verbose","Microsoft-Windows-AppXDeployment-Server","Creating Resiliency File C:\ProgramData\Microsoft\Windows\AppRepository\7ebe14bd-9ba0-4699-b026-07ab02b02c39_S-1-5-18_13.rslc for Stage Operation on Package Microsoft.WindowsAppRuntime.2_2.2.0.0_x86__8wekyb3d8bbwe."
