"TimeCreated","Id","LevelDisplayName","ProviderName","Message"
"25-05-2026 09:00:39","85","Information","Microsoft-Windows-DeviceManagement-Enterprise-Diagnostics-Provider","Should show EnrollmentStatusPage result. Device: (0x0) Result (0x0)."
"23-05-2026 21:49:54","85","Information","Microsoft-Windows-DeviceManagement-Enterprise-Diagnostics-Provider","Should show EnrollmentStatusPage result. Device: (0x0) Result (0x0)."
"23-05-2026 11:08:15","58","Information","Microsoft-Windows-DeviceManagement-Enterprise-Diagnostics-Provider","MDM Enroll: Provisioning succeeded."
"23-05-2026 11:08:15","3005","Information","Microsoft-Windows-DeviceManagement-Enterprise-Diagnostics-Provider","[MDM Schedule Enrollment Cert Renew Session End] Error: HRESULT: The operation completed successfully."
"23-05-2026 11:08:15","3004","Information","Microsoft-Windows-DeviceManagement-Enterprise-Diagnostics-Provider","[MDM Schedule Enrollment Cert Renew Session Start] EnrollmentId: 386F60E8-6817-4304-B348-3E8545F3B70A, Renew period: 41; Renew retry interval: 7; Robo mode: 1; Cert Expiration: 2027-05-20T14:05:02.00"
"23-05-2026 11:08:15","16","Information","Microsoft-Windows-DeviceManagement-Enterprise-Diagnostics-Provider","MDM Enroll: OMA-DM client configuration succeeds."
"23-05-2026 11:08:14","10","Information","Microsoft-Windows-DeviceManagement-Enterprise-Diagnostics-Provider","MDM Enroll: Certificate enrollment response parsed successfully."
"23-05-2026 11:08:14","8","Information","Microsoft-Windows-DeviceManagement-Enterprise-Diagnostics-Provider","MDM Enroll: Certificate enrollment request sent successfully."
"23-05-2026 11:08:11","3011","Information","Microsoft-Windows-DeviceManagement-Enterprise-Diagnostics-Provider","Creating key with crypto provider: (Microsoft Platform Crypto Provider) HRESULT: (The operation completed successfully.), failFunction: (), CryptoProvider index (0) of total (2)."
"23-05-2026 11:08:07","3012","Information","Microsoft-Windows-DeviceManagement-Enterprise-Diagnostics-Provider","TPM State: Version:(2) ReadyForStorage:(true) NotReadyReason:(None), ReadyForAttestation:(true), NotReadyReason:(None), isUnsatifactory:(false), hasVulnerability:(false), isLockedout:(false), AlgOidInUse:(1.2.840.113549.1.1.1), IsAlgOidInUseSupported:(true)."
"23-05-2026 11:08:07","6","Information","Microsoft-Windows-DeviceManagement-Enterprise-Diagnostics-Provider","MDM Enroll: Certificate policy response processed successfully."
"23-05-2026 11:08:07","4","Information","Microsoft-Windows-DeviceManagement-Enterprise-Diagnostics-Provider","MDM Enroll: Certificate policy request sent successfully."
"23-05-2026 11:05:28","3013","Error","Microsoft-Windows-DeviceManagement-Enterprise-Diagnostics-Provider","Function Name: (DmGenerateAttestationClaims: NCryptOpenKey(aik)) HRESULT:(Keyset does not exist)."
"23-05-2026 11:05:23","3013","Error","Microsoft-Windows-DeviceManagement-Enterprise-Diagnostics-Provider","Function Name: (DmGenerateAttestationClaims: NCryptOpenKey(aik)) HRESULT:(Keyset does not exist)."
"23-05-2026 11:05:08","3013","Error","Microsoft-Windows-DeviceManagement-Enterprise-Diagnostics-Provider","Function Name: (DmGenerateAttestationClaims: NCryptOpenKey(aik)) HRESULT:(Keyset does not exist)."
"23-05-2026 11:05:04","3013","Error","Microsoft-Windows-DeviceManagement-Enterprise-Diagnostics-Provider","Function Name: (DmGenerateAttestationClaims: NCryptOpenKey(aik)) HRESULT:(Keyset does not exist)."
"23-05-2026 11:03:54","3013","Error","Microsoft-Windows-DeviceManagement-Enterprise-Diagnostics-Provider","Function Name: (DmGenerateAttestationClaims: NCryptOpenKey(aik)) HRESULT:(Keyset does not exist)."
"23-05-2026 11:03:49","3013","Error","Microsoft-Windows-DeviceManagement-Enterprise-Diagnostics-Provider","Function Name: (DmGenerateAttestationClaims: NCryptOpenKey(aik)) HRESULT:(Keyset does not exist)."
"23-05-2026 11:03:37","3013","Error","Microsoft-Windows-DeviceManagement-Enterprise-Diagnostics-Provider","Function Name: (DmGenerateAttestationClaims: NCryptOpenKey(aik)) HRESULT:(Keyset does not exist)."
"23-05-2026 11:03:33","3013","Error","Microsoft-Windows-DeviceManagement-Enterprise-Diagnostics-Provider","Function Name: (DmGenerateAttestationClaims: NCryptOpenKey(aik)) HRESULT:(Keyset does not exist)."
"23-05-2026 11:03:17","3013","Error","Microsoft-Windows-DeviceManagement-Enterprise-Diagnostics-Provider","Function Name: (DmGenerateAttestationClaims: NCryptOpenKey(aik)) HRESULT:(Keyset does not exist)."
"23-05-2026 11:03:13","3013","Error","Microsoft-Windows-DeviceManagement-Enterprise-Diagnostics-Provider","Function Name: (DmGenerateAttestationClaims: NCryptOpenKey(aik)) HRESULT:(Keyset does not exist)."
"23-05-2026 11:03:02","3013","Error","Microsoft-Windows-DeviceManagement-Enterprise-Diagnostics-Provider","Function Name: (DmGenerateAttestationClaims: NCryptOpenKey(aik)) HRESULT:(Keyset does not exist)."
"23-05-2026 11:02:58","3013","Error","Microsoft-Windows-DeviceManagement-Enterprise-Diagnostics-Provider","Function Name: (DmGenerateAttestationClaims: NCryptOpenKey(aik)) HRESULT:(Keyset does not exist)."
"23-05-2026 11:02:46","3013","Error","Microsoft-Windows-DeviceManagement-Enterprise-Diagnostics-Provider","Function Name: (DmGenerateAttestationClaims: NCryptOpenKey(aik)) HRESULT:(Keyset does not exist)."
"23-05-2026 11:02:44","3013","Error","Microsoft-Windows-DeviceManagement-Enterprise-Diagnostics-Provider","Function Name: (DmGenerateAttestationClaims: NCryptOpenKey(aik)) HRESULT:(Keyset does not exist)."
"23-05-2026 11:02:35","3013","Error","Microsoft-Windows-DeviceManagement-Enterprise-Diagnostics-Provider","Function Name: (DmGenerateAttestationClaims: NCryptOpenKey(aik)) HRESULT:(Keyset does not exist)."
"23-05-2026 11:02:33","3013","Error","Microsoft-Windows-DeviceManagement-Enterprise-Diagnostics-Provider","Function Name: (DmGenerateAttestationClaims: NCryptOpenKey(aik)) HRESULT:(Keyset does not exist)."
"23-05-2026 11:02:23","3013","Error","Microsoft-Windows-DeviceManagement-Enterprise-Diagnostics-Provider","Function Name: (DmGenerateAttestationClaims: NCryptOpenKey(aik)) HRESULT:(Keyset does not exist)."
"23-05-2026 11:02:21","3013","Error","Microsoft-Windows-DeviceManagement-Enterprise-Diagnostics-Provider","Function Name: (DmGenerateAttestationClaims: NCryptOpenKey(aik)) HRESULT:(Keyset does not exist)."
"23-05-2026 11:02:11","3013","Error","Microsoft-Windows-DeviceManagement-Enterprise-Diagnostics-Provider","Function Name: (DmGenerateAttestationClaims: NCryptOpenKey(aik)) HRESULT:(Keyset does not exist)."
"23-05-2026 11:02:09","3013","Error","Microsoft-Windows-DeviceManagement-Enterprise-Diagnostics-Provider","Function Name: (DmGenerateAttestationClaims: NCryptOpenKey(aik)) HRESULT:(Keyset does not exist)."
"23-05-2026 11:01:57","3013","Error","Microsoft-Windows-DeviceManagement-Enterprise-Diagnostics-Provider","Function Name: (DmGenerateAttestationClaims: NCryptOpenKey(aik)) HRESULT:(Keyset does not exist)."
"23-05-2026 11:01:54","3013","Error","Microsoft-Windows-DeviceManagement-Enterprise-Diagnostics-Provider","Function Name: (DmGenerateAttestationClaims: NCryptOpenKey(aik)) HRESULT:(Keyset does not exist)."
"23-05-2026 11:01:45","85","Information","Microsoft-Windows-DeviceManagement-Enterprise-Diagnostics-Provider","Should show EnrollmentStatusPage result. Device: (0x1) Result (0x1)."
"23-05-2026 11:00:47","3013","Error","Microsoft-Windows-DeviceManagement-Enterprise-Diagnostics-Provider","Function Name: (DmGenerateAttestationClaims: NCryptOpenKey(aik)) HRESULT:(Keyset does not exist)."
"23-05-2026 11:00:45","3013","Error","Microsoft-Windows-DeviceManagement-Enterprise-Diagnostics-Provider","Function Name: (DmGenerateAttestationClaims: NCryptOpenKey(aik)) HRESULT:(Keyset does not exist)."
"23-05-2026 11:00:31","3013","Error","Microsoft-Windows-DeviceManagement-Enterprise-Diagnostics-Provider","Function Name: (DmGenerateAttestationClaims: NCryptOpenKey(aik)) HRESULT:(Keyset does not exist)."
"23-05-2026 11:00:26","3013","Error","Microsoft-Windows-DeviceManagement-Enterprise-Diagnostics-Provider","Function Name: (DmGenerateAttestationClaims: NCryptOpenKey(aik)) HRESULT:(Keyset does not exist)."
"23-05-2026 11:00:09","3013","Error","Microsoft-Windows-DeviceManagement-Enterprise-Diagnostics-Provider","Function Name: (DmGenerateAttestationClaims: NCryptOpenKey(aik)) HRESULT:(Keyset does not exist)."
"23-05-2026 11:00:05","3013","Error","Microsoft-Windows-DeviceManagement-Enterprise-Diagnostics-Provider","Function Name: (DmGenerateAttestationClaims: NCryptOpenKey(aik)) HRESULT:(Keyset does not exist)."
"23-05-2026 10:59:51","3013","Error","Microsoft-Windows-DeviceManagement-Enterprise-Diagnostics-Provider","Function Name: (DmGenerateAttestationClaims: NCryptOpenKey(aik)) HRESULT:(Keyset does not exist)."
"23-05-2026 10:59:47","3013","Error","Microsoft-Windows-DeviceManagement-Enterprise-Diagnostics-Provider","Function Name: (DmGenerateAttestationClaims: NCryptOpenKey(aik)) HRESULT:(Keyset does not exist)."
"23-05-2026 10:59:30","3013","Error","Microsoft-Windows-DeviceManagement-Enterprise-Diagnostics-Provider","Function Name: (DmGenerateAttestationClaims: NCryptOpenKey(aik)) HRESULT:(Keyset does not exist)."
"23-05-2026 10:59:25","3013","Error","Microsoft-Windows-DeviceManagement-Enterprise-Diagnostics-Provider","Function Name: (DmGenerateAttestationClaims: NCryptOpenKey(aik)) HRESULT:(Keyset does not exist)."
"23-05-2026 10:59:11","3013","Error","Microsoft-Windows-DeviceManagement-Enterprise-Diagnostics-Provider","Function Name: (DmGenerateAttestationClaims: NCryptOpenKey(aik)) HRESULT:(Keyset does not exist)."
"23-05-2026 10:59:06","3013","Error","Microsoft-Windows-DeviceManagement-Enterprise-Diagnostics-Provider","Function Name: (DmGenerateAttestationClaims: NCryptOpenKey(aik)) HRESULT:(Keyset does not exist)."
"23-05-2026 10:58:49","3013","Error","Microsoft-Windows-DeviceManagement-Enterprise-Diagnostics-Provider","Function Name: (DmGenerateAttestationClaims: NCryptOpenKey(aik)) HRESULT:(Keyset does not exist)."
"23-05-2026 10:58:45","3013","Error","Microsoft-Windows-DeviceManagement-Enterprise-Diagnostics-Provider","Function Name: (DmGenerateAttestationClaims: NCryptOpenKey(aik)) HRESULT:(Keyset does not exist)."
"23-05-2026 10:58:31","3013","Error","Microsoft-Windows-DeviceManagement-Enterprise-Diagnostics-Provider","Function Name: (DmGenerateAttestationClaims: NCryptOpenKey(aik)) HRESULT:(Keyset does not exist)."
"23-05-2026 10:58:26","3013","Error","Microsoft-Windows-DeviceManagement-Enterprise-Diagnostics-Provider","Function Name: (DmGenerateAttestationClaims: NCryptOpenKey(aik)) HRESULT:(Keyset does not exist)."
"23-05-2026 10:58:07","4023","Information","Microsoft-Windows-DeviceManagement-Enterprise-Diagnostics-Provider","Enroll MMP-C for dual enrollment mode succeeded."
"23-05-2026 10:58:07","58","Information","Microsoft-Windows-DeviceManagement-Enterprise-Diagnostics-Provider","MDM Enroll: Provisioning succeeded."
"23-05-2026 10:58:07","3005","Information","Microsoft-Windows-DeviceManagement-Enterprise-Diagnostics-Provider","[MDM Schedule Enrollment Cert Renew Session End] Error: HRESULT: The operation completed successfully."
"23-05-2026 10:58:07","3004","Information","Microsoft-Windows-DeviceManagement-Enterprise-Diagnostics-Provider","[MDM Schedule Enrollment Cert Renew Session Start] EnrollmentId: BE5150A3-9E69-42C0-A229-7ADD75D044D9, Renew period: 89; Renew retry interval: 2; Robo mode: 1; Cert Expiration: 2027-05-22T16:02:02.00"
"23-05-2026 10:58:07","16","Information","Microsoft-Windows-DeviceManagement-Enterprise-Diagnostics-Provider","MDM Enroll: OMA-DM client configuration succeeds."
"23-05-2026 10:58:06","3013","Error","Microsoft-Windows-DeviceManagement-Enterprise-Diagnostics-Provider","Function Name: (DmGenerateAttestationClaims: NCryptOpenKey(aik)) HRESULT:(Keyset does not exist)."
"23-05-2026 10:58:05","10","Information","Microsoft-Windows-DeviceManagement-Enterprise-Diagnostics-Provider","MDM Enroll: Certificate enrollment response parsed successfully."
"23-05-2026 10:58:05","8","Information","Microsoft-Windows-DeviceManagement-Enterprise-Diagnostics-Provider","MDM Enroll: Certificate enrollment request sent successfully."
"23-05-2026 10:58:02","6","Information","Microsoft-Windows-DeviceManagement-Enterprise-Diagnostics-Provider","MDM Enroll: Certificate policy response processed successfully."
"23-05-2026 10:58:02","4","Information","Microsoft-Windows-DeviceManagement-Enterprise-Diagnostics-Provider","MDM Enroll: Certificate policy request sent successfully."
"23-05-2026 10:58:01","3013","Error","Microsoft-Windows-DeviceManagement-Enterprise-Diagnostics-Provider","Function Name: (DmGenerateAttestationClaims: NCryptOpenKey(aik)) HRESULT:(Keyset does not exist)."
"23-05-2026 10:56:48","3013","Error","Microsoft-Windows-DeviceManagement-Enterprise-Diagnostics-Provider","Function Name: (DmGenerateAttestationClaims: NCryptOpenKey(aik)) HRESULT:(Keyset does not exist)."
"23-05-2026 10:56:44","3013","Error","Microsoft-Windows-DeviceManagement-Enterprise-Diagnostics-Provider","Function Name: (DmGenerateAttestationClaims: NCryptOpenKey(aik)) HRESULT:(Keyset does not exist)."
"23-05-2026 10:53:54","3013","Error","Microsoft-Windows-DeviceManagement-Enterprise-Diagnostics-Provider","Function Name: (DmGenerateAttestationClaims: NCryptOpenKey(aik)) HRESULT:(Keyset does not exist)."
"23-05-2026 10:53:38","85","Information","Microsoft-Windows-DeviceManagement-Enterprise-Diagnostics-Provider","Should show EnrollmentStatusPage result. Device: (0x1) Result (0x1)."
"23-05-2026 10:53:38","72","Information","Microsoft-Windows-DeviceManagement-Enterprise-Diagnostics-Provider","MDM Enroll: Succeeded"
"23-05-2026 10:53:38","58","Information","Microsoft-Windows-DeviceManagement-Enterprise-Diagnostics-Provider","MDM Enroll: Provisioning succeeded."
"23-05-2026 10:53:38","3005","Information","Microsoft-Windows-DeviceManagement-Enterprise-Diagnostics-Provider","[MDM Schedule Enrollment Cert Renew Session End] Error: HRESULT: The operation completed successfully."
"23-05-2026 10:53:38","3004","Information","Microsoft-Windows-DeviceManagement-Enterprise-Diagnostics-Provider","[MDM Schedule Enrollment Cert Renew Session Start] EnrollmentId: 386F60E8-6817-4304-B348-3E8545F3B70A, Renew period: 41; Renew retry interval: 7; Robo mode: 1; Cert Expiration: 2027-05-21T08:46:08.00"
"23-05-2026 10:53:38","16","Information","Microsoft-Windows-DeviceManagement-Enterprise-Diagnostics-Provider","MDM Enroll: OMA-DM client configuration succeeds."
"23-05-2026 10:53:36","10","Information","Microsoft-Windows-DeviceManagement-Enterprise-Diagnostics-Provider","MDM Enroll: Certificate enrollment response parsed successfully."
"23-05-2026 10:53:36","8","Information","Microsoft-Windows-DeviceManagement-Enterprise-Diagnostics-Provider","MDM Enroll: Certificate enrollment request sent successfully."
"23-05-2026 10:53:33","3011","Information","Microsoft-Windows-DeviceManagement-Enterprise-Diagnostics-Provider","Creating key with crypto provider: (Microsoft Platform Crypto Provider) HRESULT: (The operation completed successfully.), failFunction: (FetchLocalAikCert), CryptoProvider index (0) of total (2)."
"23-05-2026 10:53:32","3011","Information","Microsoft-Windows-DeviceManagement-Enterprise-Diagnostics-Provider","Creating key with crypto provider: (Microsoft Platform Crypto Provider) HRESULT: (Keyset does not exist), failFunction: (FetchLocalAikCert), CryptoProvider index (0) of total (2)."
"23-05-2026 10:53:32","3013","Error","Microsoft-Windows-DeviceManagement-Enterprise-Diagnostics-Provider","Function Name: (DmGetTargetAik can't find AIK cert for key attestation) HRESULT:(Keyset does not exist)."
"23-05-2026 10:53:32","3013","Error","Microsoft-Windows-DeviceManagement-Enterprise-Diagnostics-Provider","Function Name: (NCryptOpenKey(hAIK)) HRESULT:(Keyset does not exist)."
"23-05-2026 10:53:32","3011","Information","Microsoft-Windows-DeviceManagement-Enterprise-Diagnostics-Provider","Creating key with crypto provider: (Microsoft Platform Crypto Provider) HRESULT: (Keyset does not exist), failFunction: (GenerateAttestationClaims), CryptoProvider index (0) of total (2)."
"23-05-2026 10:53:32","3013","Error","Microsoft-Windows-DeviceManagement-Enterprise-Diagnostics-Provider","Function Name: (NCryptOpenKey(hAIK)) HRESULT:(Keyset does not exist)."
"23-05-2026 10:53:32","3011","Information","Microsoft-Windows-DeviceManagement-Enterprise-Diagnostics-Provider","Creating key with crypto provider: (Microsoft Platform Crypto Provider) HRESULT: (Incorrect function.), failFunction: (DmGetTargetAikWithRetry), CryptoProvider index (0) of total (2)."
"23-05-2026 10:53:02","3013","Error","Microsoft-Windows-DeviceManagement-Enterprise-Diagnostics-Provider","Function Name: (TPMTask prereqs not met) HRESULT:(Unspecified error)."
"23-05-2026 10:53:01","3013","Error","Microsoft-Windows-DeviceManagement-Enterprise-Diagnostics-Provider","Function Name: (Tpm Wnf Fired) HRESULT:(The operation completed successfully.)."
"23-05-2026 10:53:01","3013","Error","Microsoft-Windows-DeviceManagement-Enterprise-Diagnostics-Provider","Function Name: (TPMTask prereqs not met) HRESULT:(Unspecified error)."
"23-05-2026 10:53:01","3012","Information","Microsoft-Windows-DeviceManagement-Enterprise-Diagnostics-Provider","TPM State: Version:(2) ReadyForStorage:(true) NotReadyReason:(None), ReadyForAttestation:(false), NotReadyReason:(-NoValidEkCert-), isUnsatifactory:(false), hasVulnerability:(false), isLockedout:(false), AlgOidInUse:(1.2.840.113549.1.1.1), IsAlgOidInUseSupported:(true)."
"23-05-2026 10:53:01","6","Information","Microsoft-Windows-DeviceManagement-Enterprise-Diagnostics-Provider","MDM Enroll: Certificate policy response processed successfully."
"23-05-2026 10:53:01","4","Information","Microsoft-Windows-DeviceManagement-Enterprise-Diagnostics-Provider","MDM Enroll: Certificate policy request sent successfully."
