"12-08-2026 18:40:23","65","Information","Microsoft-Windows-Audio","MMDevAPI: Audio device state changed"
"12-08-2026 18:38:41","65","Information","Microsoft-Windows-Audio","MMDevAPI: Audio device state changed"
"12-08-2026 18:35:17","65","Information","Microsoft-Windows-Audio","MMDevAPI: Audio device state changed"
"12-08-2026 17:24:08","177","Information","Microsoft-Windows-Audio","Received console locked notification"
"12-08-2026 17:24:04","179","Information","Microsoft-Windows-Audio","Received session display notification"
"12-08-2026 17:08:35","179","Information","Microsoft-Windows-Audio","Received session display notification"
"12-08-2026 17:08:02","177","Information","Microsoft-Windows-Audio","Received console locked notification"
"12-08-2026 16:03:20","65","Information","Microsoft-Windows-Audio","MMDevAPI: Audio device state changed"
"12-08-2026 16:03:20","65","Information","Microsoft-Windows-Audio","MMDevAPI: Audio device state changed"
"12-08-2026 16:03:09","177","Information","Microsoft-Windows-Audio","Received console locked notification"
"12-08-2026 16:03:05","179","Information","Microsoft-Windows-Audio","Received session display notification"
"12-08-2026 16:00:34","179","Information","Microsoft-Windows-Audio","Received session display notification"
"12-08-2026 16:00:03","179","Information","Microsoft-Windows-Audio","Received session display notification"
"12-08-2026 15:59:34","179","Information","Microsoft-Windows-Audio","Received session display notification"
"12-08-2026 15:59:03","177","Information","Microsoft-Windows-Audio","Received console locked notification"
"12-08-2026 15:54:06","177","Information","Microsoft-Windows-Audio","Received console locked notification"
"12-08-2026 15:54:02","179","Information","Microsoft-Windows-Audio","Received session display notification"
"12-08-2026 15:24:06","179","Information","Microsoft-Windows-Audio","Received session display notification"
"12-08-2026 15:23:35","177","Information","Microsoft-Windows-Audio","Received console locked notification"
"12-08-2026 15:19:17","179","Information","Microsoft-Windows-Audio","Received session display notification"
"12-08-2026 15:10:39","179","Information","Microsoft-Windows-Audio","Received session display notification"
"12-08-2026 15:10:25","179","Information","Microsoft-Windows-Audio","Received session display notification"
"12-08-2026 15:05:38","177","Information","Microsoft-Windows-Audio","Received console locked notification"
"12-08-2026 15:05:35","179","Information","Microsoft-Windows-Audio","Received session display notification"
"12-08-2026 14:43:28","179","Information","Microsoft-Windows-Audio","Received session display notification"
"12-08-2026 14:42:57","177","Information","Microsoft-Windows-Audio","Received console locked notification"
"12-08-2026 14:42:57","179","Information","Microsoft-Windows-Audio","Received session display notification"
"12-08-2026 14:30:56","179","Information","Microsoft-Windows-Audio","Received session display notification"
"12-08-2026 14:30:41","179","Information","Microsoft-Windows-Audio","Received session display notification"
"12-08-2026 14:27:46","177","Information","Microsoft-Windows-Audio","Received console locked notification"
"12-08-2026 14:27:43","179","Information","Microsoft-Windows-Audio","Received session display notification"
"12-08-2026 13:36:59","179","Information","Microsoft-Windows-Audio","Received session display notification"
"12-08-2026 13:36:28","177","Information","Microsoft-Windows-Audio","Received console locked notification"
"12-08-2026 13:36:28","179","Information","Microsoft-Windows-Audio","Received session display notification"
"12-08-2026 13:24:28","179","Information","Microsoft-Windows-Audio","Received session display notification"
"12-08-2026 13:24:12","179","Information","Microsoft-Windows-Audio","Received session display notification"
"12-08-2026 13:21:12","177","Information","Microsoft-Windows-Audio","Received console locked notification"
"12-08-2026 13:21:05","177","Information","Microsoft-Windows-Audio","Received console locked notification"
"12-08-2026 13:21:05","179","Information","Microsoft-Windows-Audio","Received session display notification"
"12-08-2026 13:09:06","179","Information","Microsoft-Windows-Audio","Received session display notification"
"12-08-2026 13:08:49","179","Information","Microsoft-Windows-Audio","Received session display notification"
"12-08-2026 13:04:36","179","Information","Microsoft-Windows-Audio","Received session display notification"
"12-08-2026 12:55:22","179","Information","Microsoft-Windows-Audio","Received session display notification"
"12-08-2026 12:55:07","179","Information","Microsoft-Windows-Audio","Received session display notification"
"12-08-2026 12:52:13","177","Information","Microsoft-Windows-Audio","Received console locked notification"
"12-08-2026 12:52:10","179","Information","Microsoft-Windows-Audio","Received session display notification"
"12-08-2026 12:43:16","179","Information","Microsoft-Windows-Audio","Received session display notification"
"12-08-2026 12:42:46","177","Information","Microsoft-Windows-Audio","Received console locked notification"
"12-08-2026 12:42:46","179","Information","Microsoft-Windows-Audio","Received session display notification"
"12-08-2026 12:32:45","179","Information","Microsoft-Windows-Audio","Received session display notification"
"12-08-2026 12:32:30","179","Information","Microsoft-Windows-Audio","Received session display notification"
"12-08-2026 12:27:39","179","Information","Microsoft-Windows-Audio","Received session display notification"
"12-08-2026 12:22:51","179","Information","Microsoft-Windows-Audio","Received session display notification"
"12-08-2026 12:22:36","179","Information","Microsoft-Windows-Audio","Received session display notification"
"12-08-2026 12:16:46","177","Information","Microsoft-Windows-Audio","Received console locked notification"
"12-08-2026 12:16:42","179","Information","Microsoft-Windows-Audio","Received session display notification"
"12-08-2026 12:05:54","179","Information","Microsoft-Windows-Audio","Received session display notification"
"12-08-2026 12:05:06","177","Information","Microsoft-Windows-Audio","Received console locked notification"
"12-08-2026 12:05:06","179","Information","Microsoft-Windows-Audio","Received session display notification"
"12-08-2026 11:55:05","179","Information","Microsoft-Windows-Audio","Received session display notification"
"12-08-2026 11:54:50","179","Information","Microsoft-Windows-Audio","Received session display notification"
"12-08-2026 11:49:57","177","Information","Microsoft-Windows-Audio","Received console locked notification"
"12-08-2026 11:49:54","179","Information","Microsoft-Windows-Audio","Received session display notification"
"12-08-2026 11:31:50","179","Information","Microsoft-Windows-Audio","Received session display notification"
"12-08-2026 11:31:19","177","Information","Microsoft-Windows-Audio","Received console locked notification"
"12-08-2026 11:26:27","177","Information","Microsoft-Windows-Audio","Received console locked notification"
"12-08-2026 11:25:53","177","Information","Microsoft-Windows-Audio","Received console locked notification"
"12-08-2026 11:25:40","177","Information","Microsoft-Windows-Audio","Received console locked notification"
"12-08-2026 11:25:36","179","Information","Microsoft-Windows-Audio","Received session display notification"
"12-08-2026 11:08:43","179","Information","Microsoft-Windows-Audio","Received session display notification"
"12-08-2026 11:08:11","179","Information","Microsoft-Windows-Audio","Received session display notification"
"12-08-2026 10:44:38","179","Information","Microsoft-Windows-Audio","Received session display notification"
"12-08-2026 10:44:06","177","Information","Microsoft-Windows-Audio","Received console locked notification"
"12-08-2026 10:37:45","179","Information","Microsoft-Windows-Audio","Received session display notification"
"12-08-2026 10:30:11","179","Information","Microsoft-Windows-Audio","Received session display notification"
"12-08-2026 10:29:57","179","Information","Microsoft-Windows-Audio","Received session display notification"
"12-08-2026 10:23:59","179","Information","Microsoft-Windows-Audio","Received session display notification"
"12-08-2026 10:22:16","179","Information","Microsoft-Windows-Audio","Received session display notification"
"12-08-2026 10:22:01","179","Information","Microsoft-Windows-Audio","Received session display notification"
"12-08-2026 10:16:53","179","Information","Microsoft-Windows-Audio","Received session display notification"
"12-08-2026 10:16:50","179","Information","Microsoft-Windows-Audio","Received session display notification"
"12-08-2026 10:12:55","177","Information","Microsoft-Windows-Audio","Received console locked notification"
"12-08-2026 10:12:52","179","Information","Microsoft-Windows-Audio","Received session display notification"
"12-08-2026 10:04:07","179","Information","Microsoft-Windows-Audio","Received session display notification"
"12-08-2026 10:03:35","177","Information","Microsoft-Windows-Audio","Received console locked notification"
"12-08-2026 10:03:24","177","Information","Microsoft-Windows-Audio","Received console locked notification"
"12-08-2026 10:03:21","179","Information","Microsoft-Windows-Audio","Received session display notification"
"12-08-2026 09:53:13","177","Information","Microsoft-Windows-Audio","Received console locked notification"
"12-08-2026 09:41:14","179","Information","Microsoft-Windows-Audio","Received session display notification"
"12-08-2026 09:40:58","179","Information","Microsoft-Windows-Audio","Received session display notification"
"12-08-2026 09:38:12","179","Information","Microsoft-Windows-Audio","Received session display notification"
"12-08-2026 09:27:22","179","Information","Microsoft-Windows-Audio","Received session display notification"
"12-08-2026 09:27:07","179","Information","Microsoft-Windows-Audio","Received session display notification"
"12-08-2026 09:22:45","65","Information","Microsoft-Windows-Audio","MMDevAPI: Audio device state changed"
"12-08-2026 08:55:34","177","Information","Microsoft-Windows-Audio","Received console locked notification"
"12-08-2026 08:55:23","65","Information","Microsoft-Windows-Audio","MMDevAPI: Audio device state changed"
"12-08-2026 08:55:20","179","Information","Microsoft-Windows-Audio","Received session display notification"
"12-08-2026 08:55:19","180","Information","Microsoft-Windows-Audio","Received Po AudioStandby request"
"12-08-2026 03:27:38","180","Information","Microsoft-Windows-Audio","Received Po AudioStandby request"
"12-08-2026 03:27:17","180","Information","Microsoft-Windows-Audio","Received Po AudioStandby request"
"11-08-2026 19:04:26","180","Information","Microsoft-Windows-Audio","Received Po AudioStandby request"
"11-08-2026 19:04:26","179","Information","Microsoft-Windows-Audio","Received session display notification"
"11-08-2026 19:04:26","65","Information","Microsoft-Windows-Audio","MMDevAPI: Audio device state changed"
"11-08-2026 19:04:22","177","Information","Microsoft-Windows-Audio","Received console locked notification"
"11-08-2026 19:02:19","177","Information","Microsoft-Windows-Audio","Received console locked notification"
"11-08-2026 19:02:16","65","Information","Microsoft-Windows-Audio","MMDevAPI: Audio device state changed"
"11-08-2026 19:02:13","179","Information","Microsoft-Windows-Audio","Received session display notification"
"11-08-2026 19:02:12","180","Information","Microsoft-Windows-Audio","Received Po AudioStandby request"
"11-08-2026 18:34:24","180","Information","Microsoft-Windows-Audio","Received Po AudioStandby request"
"11-08-2026 17:34:43","179","Information","Microsoft-Windows-Audio","Received session display notification"
"11-08-2026 17:34:38","65","Information","Microsoft-Windows-Audio","MMDevAPI: Audio device state changed"
"11-08-2026 17:34:24","65","Information","Microsoft-Windows-Audio","MMDevAPI: Audio device state changed"
"11-08-2026 17:34:08","65","Information","Microsoft-Windows-Audio","MMDevAPI: Audio device state changed"
"11-08-2026 17:34:04","65","Information","Microsoft-Windows-Audio","MMDevAPI: Audio device state changed"
"11-08-2026 17:34:03","65","Information","Microsoft-Windows-Audio","MMDevAPI: Audio device state changed"
"11-08-2026 17:34:00","177","Information","Microsoft-Windows-Audio","Received console locked notification"
"11-08-2026 17:00:56","65","Information","Microsoft-Windows-Audio","MMDevAPI: Audio device state changed"
"11-08-2026 17:00:56","65","Information","Microsoft-Windows-Audio","MMDevAPI: Audio device state changed"
"11-08-2026 17:00:53","65","Information","Microsoft-Windows-Audio","MMDevAPI: Audio device state changed"
"11-08-2026 17:00:53","65","Information","Microsoft-Windows-Audio","MMDevAPI: Audio device state changed"
"11-08-2026 16:57:34","177","Information","Microsoft-Windows-Audio","Received console locked notification"
"11-08-2026 16:57:29","65","Information","Microsoft-Windows-Audio","MMDevAPI: Audio device state changed"
"11-08-2026 16:57:29","179","Information","Microsoft-Windows-Audio","Received session display notification"
"11-08-2026 16:57:26","65","Information","Microsoft-Windows-Audio","MMDevAPI: Audio device state changed"
"11-08-2026 16:57:26","65","Information","Microsoft-Windows-Audio","MMDevAPI: Audio device state changed"
"11-08-2026 16:57:25","179","Information","Microsoft-Windows-Audio","Received session display notification"
"11-08-2026 16:57:18","179","Information","Microsoft-Windows-Audio","Received session display notification"
"11-08-2026 16:36:44","179","Information","Microsoft-Windows-Audio","Received session display notification"
"11-08-2026 16:36:12","177","Information","Microsoft-Windows-Audio","Received console locked notification"
"11-08-2026 16:33:32","177","Information","Microsoft-Windows-Audio","Received console locked notification"
"11-08-2026 16:33:27","179","Information","Microsoft-Windows-Audio","Received session display notification"
"11-08-2026 16:28:24","177","Information","Microsoft-Windows-Audio","Received console locked notification"
"11-08-2026 16:16:24","179","Information","Microsoft-Windows-Audio","Received session display notification"
"11-08-2026 16:16:09","179","Information","Microsoft-Windows-Audio","Received session display notification"
"11-08-2026 16:11:04","179","Information","Microsoft-Windows-Audio","Received session display notification"
"11-08-2026 16:03:48","179","Information","Microsoft-Windows-Audio","Received session display notification"
"11-08-2026 16:03:33","179","Information","Microsoft-Windows-Audio","Received session display notification"
"11-08-2026 15:59:38","65","Information","Microsoft-Windows-Audio","MMDevAPI: Audio device state changed"
"11-08-2026 15:59:38","65","Information","Microsoft-Windows-Audio","MMDevAPI: Audio device state changed"
"11-08-2026 15:27:30","65","Information","Microsoft-Windows-Audio","MMDevAPI: Audio device state changed"
"11-08-2026 15:27:30","65","Information","Microsoft-Windows-Audio","MMDevAPI: Audio device state changed"
"11-08-2026 15:26:59","179","Information","Microsoft-Windows-Audio","Received session display notification"
"11-08-2026 15:16:12","179","Information","Microsoft-Windows-Audio","Received session display notification"
"11-08-2026 15:15:56","179","Information","Microsoft-Windows-Audio","Received session display notification"
"11-08-2026 15:07:11","179","Information","Microsoft-Windows-Audio","Received session display notification"
"11-08-2026 14:58:32","179","Information","Microsoft-Windows-Audio","Received session display notification"
"11-08-2026 14:58:17","179","Information","Microsoft-Windows-Audio","Received session display notification"
"11-08-2026 14:55:23","179","Information","Microsoft-Windows-Audio","Received session display notification"
"11-08-2026 14:49:29","179","Information","Microsoft-Windows-Audio","Received session display notification"
"11-08-2026 14:49:14","179","Information","Microsoft-Windows-Audio","Received session display notification"
"11-08-2026 14:45:26","179","Information","Microsoft-Windows-Audio","Received session display notification"
"11-08-2026 14:41:05","179","Information","Microsoft-Windows-Audio","Received session display notification"
"11-08-2026 14:40:50","179","Information","Microsoft-Windows-Audio","Received session display notification"
"11-08-2026 14:37:11","179","Information","Microsoft-Windows-Audio","Received session display notification"
"11-08-2026 14:25:28","179","Information","Microsoft-Windows-Audio","Received session display notification"
"11-08-2026 14:25:13","179","Information","Microsoft-Windows-Audio","Received session display notification"
"11-08-2026 14:22:03","179","Information","Microsoft-Windows-Audio","Received session display notification"
"11-08-2026 14:19:57","179","Information","Microsoft-Windows-Audio","Received session display notification"
"11-08-2026 14:19:42","179","Information","Microsoft-Windows-Audio","Received session display notification"
"11-08-2026 14:15:13","177","Information","Microsoft-Windows-Audio","Received console locked notification"
"11-08-2026 14:15:10","179","Information","Microsoft-Windows-Audio","Received session display notification"
"11-08-2026 13:55:54","179","Information","Microsoft-Windows-Audio","Received session display notification"
"11-08-2026 13:55:23","177","Information","Microsoft-Windows-Audio","Received console locked notification"
"11-08-2026 13:55:02","177","Information","Microsoft-Windows-Audio","Received console locked notification"
"11-08-2026 13:54:58","179","Information","Microsoft-Windows-Audio","Received session display notification"
"11-08-2026 13:12:26","179","Information","Microsoft-Windows-Audio","Received session display notification"
"11-08-2026 13:11:53","177","Information","Microsoft-Windows-Audio","Received console locked notification"
"11-08-2026 13:11:51","179","Information","Microsoft-Windows-Audio","Received session display notification"
"11-08-2026 13:10:18","179","Information","Microsoft-Windows-Audio","Received session display notification"
"11-08-2026 13:10:03","179","Information","Microsoft-Windows-Audio","Received session display notification"
"11-08-2026 13:07:09","179","Information","Microsoft-Windows-Audio","Received session display notification"
"11-08-2026 13:06:18","179","Information","Microsoft-Windows-Audio","Received session display notification"
"11-08-2026 13:06:03","179","Information","Microsoft-Windows-Audio","Received session display notification"
"11-08-2026 13:03:07","179","Information","Microsoft-Windows-Audio","Received session display notification"
"11-08-2026 12:59:10","179","Information","Microsoft-Windows-Audio","Received session display notification"
"11-08-2026 12:58:55","179","Information","Microsoft-Windows-Audio","Received session display notification"
"11-08-2026 12:56:09","179","Information","Microsoft-Windows-Audio","Received session display notification"
"11-08-2026 12:55:57","179","Information","Microsoft-Windows-Audio","Received session display notification"
"11-08-2026 12:51:44","179","Information","Microsoft-Windows-Audio","Received session display notification"
"11-08-2026 12:49:04","179","Information","Microsoft-Windows-Audio","Received session display notification"
"11-08-2026 12:48:49","179","Information","Microsoft-Windows-Audio","Received session display notification"
"11-08-2026 12:43:44","179","Information","Microsoft-Windows-Audio","Received session display notification"
"11-08-2026 12:32:09","179","Information","Microsoft-Windows-Audio","Received session display notification"
"11-08-2026 12:31:54","179","Information","Microsoft-Windows-Audio","Received session display notification"
"11-08-2026 12:28:13","179","Information","Microsoft-Windows-Audio","Received session display notification"
"11-08-2026 12:27:17","179","Information","Microsoft-Windows-Audio","Received session display notification"
"11-08-2026 12:27:02","179","Information","Microsoft-Windows-Audio","Received session display notification"
"11-08-2026 12:23:58","179","Information","Microsoft-Windows-Audio","Received session display notification"
"11-08-2026 12:23:49","179","Information","Microsoft-Windows-Audio","Received session display notification"
"11-08-2026 12:17:06","179","Information","Microsoft-Windows-Audio","Received session display notification"
"11-08-2026 12:15:17","179","Information","Microsoft-Windows-Audio","Received session display notification"
"11-08-2026 12:07:08","179","Information","Microsoft-Windows-Audio","Received session display notification"
"11-08-2026 12:07:08","178","Information","Microsoft-Windows-Audio","Global user presence detected"
"11-08-2026 12:02:32","65","Information","Microsoft-Windows-Audio","MMDevAPI: Audio device state changed"
"11-08-2026 12:02:32","65","Information","Microsoft-Windows-Audio","MMDevAPI: Audio device state changed"
"11-08-2026 12:02:32","180","Information","Microsoft-Windows-Audio","Received Po AudioStandby request"
"11-08-2026 12:02:32","65","Information","Microsoft-Windows-Audio","MMDevAPI: Audio device state changed"
"11-08-2026 12:02:32","65","Information","Microsoft-Windows-Audio","MMDevAPI: Audio device state changed"
"11-08-2026 12:02:32","65","Information","Microsoft-Windows-Audio","MMDevAPI: Audio device state changed"
"11-08-2026 12:02:32","65","Information","Microsoft-Windows-Audio","MMDevAPI: Audio device state changed"
"11-08-2026 12:02:32","65","Information","Microsoft-Windows-Audio","MMDevAPI: Audio device state changed"
"11-08-2026 12:02:32","65","Information","Microsoft-Windows-Audio","MMDevAPI: Audio device state changed"
"11-08-2026 12:01:18","179","Information","Microsoft-Windows-Audio","Received session display notification"
"11-08-2026 11:50:53","179","Information","Microsoft-Windows-Audio","Received session display notification"
"11-08-2026 11:50:38","179","Information","Microsoft-Windows-Audio","Received session display notification"
"11-08-2026 11:43:11","177","Information","Microsoft-Windows-Audio","Received console locked notification"
"11-08-2026 11:43:07","179","Information","Microsoft-Windows-Audio","Received session display notification"
"11-08-2026 11:27:41","179","Information","Microsoft-Windows-Audio","Received session display notification"
"11-08-2026 11:27:10","177","Information","Microsoft-Windows-Audio","Received console locked notification"
"11-08-2026 11:23:16","179","Information","Microsoft-Windows-Audio","Received session display notification"
"11-08-2026 11:15:48","179","Information","Microsoft-Windows-Audio","Received session display notification"
"11-08-2026 11:15:33","179","Information","Microsoft-Windows-Audio","Received session display notification"
"11-08-2026 11:12:31","179","Information","Microsoft-Windows-Audio","Received session display notification"
"11-08-2026 11:10:05","179","Information","Microsoft-Windows-Audio","Received session display notification"
"11-08-2026 11:09:50","179","Information","Microsoft-Windows-Audio","Received session display notification"
"11-08-2026 11:07:00","177","Information","Microsoft-Windows-Audio","Received console locked notification"
"11-08-2026 11:06:57","179","Information","Microsoft-Windows-Audio","Received session display notification"
"11-08-2026 11:02:34","179","Information","Microsoft-Windows-Audio","Received session display notification"
"11-08-2026 11:02:03","177","Information","Microsoft-Windows-Audio","Received console locked notification"
"11-08-2026 11:01:35","177","Information","Microsoft-Windows-Audio","Received console locked notification"
"11-08-2026 11:01:31","179","Information","Microsoft-Windows-Audio","Received session display notification"
"11-08-2026 10:40:52","179","Information","Microsoft-Windows-Audio","Received session display notification"
"11-08-2026 10:40:22","65","Information","Microsoft-Windows-Audio","MMDevAPI: Audio device state changed"
"11-08-2026 10:40:17","177","Information","Microsoft-Windows-Audio","Received console locked notification"
"11-08-2026 09:32:33","177","Information","Microsoft-Windows-Audio","Received console locked notification"
"11-08-2026 09:32:32","65","Information","Microsoft-Windows-Audio","MMDevAPI: Audio device state changed"
"11-08-2026 09:32:30","179","Information","Microsoft-Windows-Audio","Received session display notification"
"11-08-2026 09:11:54","179","Information","Microsoft-Windows-Audio","Received session display notification"
"11-08-2026 09:11:49","65","Information","Microsoft-Windows-Audio","MMDevAPI: Audio device state changed"
"11-08-2026 09:11:22","177","Information","Microsoft-Windows-Audio","Received console locked notification"
"11-08-2026 09:10:55","177","Information","Microsoft-Windows-Audio","Received console locked notification"
"11-08-2026 09:10:51","65","Information","Microsoft-Windows-Audio","MMDevAPI: Audio device state changed"
"11-08-2026 09:10:46","179","Information","Microsoft-Windows-Audio","Received session display notification"
"11-08-2026 09:10:46","180","Information","Microsoft-Windows-Audio","Received Po AudioStandby request"
"11-08-2026 06:06:52","180","Information","Microsoft-Windows-Audio","Received Po AudioStandby request"
"11-08-2026 06:06:46","180","Information","Microsoft-Windows-Audio","Received Po AudioStandby request"
"11-08-2026 06:06:44","180","Information","Microsoft-Windows-Audio","Received Po AudioStandby request"
"11-08-2026 06:06:43","180","Information","Microsoft-Windows-Audio","Received Po AudioStandby request"
"11-08-2026 06:04:32","180","Information","Microsoft-Windows-Audio","Received Po AudioStandby request"
"11-08-2026 06:04:13","180","Information","Microsoft-Windows-Audio","Received Po AudioStandby request"
"10-08-2026 18:56:57","180","Information","Microsoft-Windows-Audio","Received Po AudioStandby request"
"10-08-2026 18:55:50","180","Information","Microsoft-Windows-Audio","Received Po AudioStandby request"
"10-08-2026 18:55:49","180","Information","Microsoft-Windows-Audio","Received Po AudioStandby request"
"10-08-2026 18:55:49","180","Information","Microsoft-Windows-Audio","Received Po AudioStandby request"
"10-08-2026 18:55:48","180","Information","Microsoft-Windows-Audio","Received Po AudioStandby request"
"10-08-2026 18:50:36","180","Information","Microsoft-Windows-Audio","Received Po AudioStandby request"
"10-08-2026 18:50:36","180","Information","Microsoft-Windows-Audio","Received Po AudioStandby request"
"10-08-2026 18:50:35","179","Information","Microsoft-Windows-Audio","Received session display notification"
"10-08-2026 18:50:35","65","Information","Microsoft-Windows-Audio","MMDevAPI: Audio device state changed"
"10-08-2026 18:50:32","177","Information","Microsoft-Windows-Audio","Received console locked notification"
"10-08-2026 18:42:02","65","Information","Microsoft-Windows-Audio","MMDevAPI: Audio device state changed"
"10-08-2026 18:40:20","177","Information","Microsoft-Windows-Audio","Received console locked notification"
"10-08-2026 18:40:16","179","Information","Microsoft-Windows-Audio","Received session display notification"
"10-08-2026 17:46:37","179","Information","Microsoft-Windows-Audio","Received session display notification"
"10-08-2026 17:46:07","179","Information","Microsoft-Windows-Audio","Received session display notification"
"10-08-2026 17:16:53","179","Information","Microsoft-Windows-Audio","Received session display notification"
"10-08-2026 17:16:22","177","Information","Microsoft-Windows-Audio","Received console locked notification"
"10-08-2026 17:14:41","177","Information","Microsoft-Windows-Audio","Received console locked notification"
"10-08-2026 17:14:37","179","Information","Microsoft-Windows-Audio","Received session display notification"
"10-08-2026 17:03:16","179","Information","Microsoft-Windows-Audio","Received session display notification"
"10-08-2026 17:02:45","177","Information","Microsoft-Windows-Audio","Received console locked notification"
"10-08-2026 16:59:57","179","Information","Microsoft-Windows-Audio","Received session display notification"
"10-08-2026 16:59:40","179","Information","Microsoft-Windows-Audio","Received session display notification"
"10-08-2026 16:56:39","179","Information","Microsoft-Windows-Audio","Received session display notification"
"10-08-2026 16:44:45","179","Information","Microsoft-Windows-Audio","Received session display notification"
"10-08-2026 16:44:30","179","Information","Microsoft-Windows-Audio","Received session display notification"
"10-08-2026 16:38:19","179","Information","Microsoft-Windows-Audio","Received session display notification"
"10-08-2026 16:27:14","179","Information","Microsoft-Windows-Audio","Received session display notification"
"10-08-2026 16:26:59","179","Information","Microsoft-Windows-Audio","Received session display notification"
"10-08-2026 16:24:13","179","Information","Microsoft-Windows-Audio","Received session display notification"
"10-08-2026 16:24:01","179","Information","Microsoft-Windows-Audio","Received session display notification"
"10-08-2026 16:21:02","179","Information","Microsoft-Windows-Audio","Received session display notification"
"10-08-2026 16:19:19","179","Information","Microsoft-Windows-Audio","Received session display notification"
"10-08-2026 16:19:04","179","Information","Microsoft-Windows-Audio","Received session display notification"
"10-08-2026 16:12:30","179","Information","Microsoft-Windows-Audio","Received session display notification"
"10-08-2026 16:10:43","179","Information","Microsoft-Windows-Audio","Received session display notification"
"10-08-2026 16:10:28","179","Information","Microsoft-Windows-Audio","Received session display notification"
"10-08-2026 16:00:49","179","Information","Microsoft-Windows-Audio","Received session display notification"
"10-08-2026 15:53:44","179","Information","Microsoft-Windows-Audio","Received session display notification"
"10-08-2026 15:53:29","179","Information","Microsoft-Windows-Audio","Received session display notification"
"10-08-2026 15:48:32","65","Information","Microsoft-Windows-Audio","MMDevAPI: Audio device state changed"
"10-08-2026 15:48:26","65","Information","Microsoft-Windows-Audio","MMDevAPI: Audio device state changed"
"10-08-2026 15:48:26","65","Information","Microsoft-Windows-Audio","MMDevAPI: Audio device state changed"
"10-08-2026 15:26:09","177","Information","Microsoft-Windows-Audio","Received console locked notification"
"10-08-2026 15:26:03","65","Information","Microsoft-Windows-Audio","MMDevAPI: Audio device state changed"
"10-08-2026 15:25:57","179","Information","Microsoft-Windows-Audio","Received session display notification"
"10-08-2026 15:25:24","65","Information","Microsoft-Windows-Audio","MMDevAPI: Audio device state changed"
"10-08-2026 15:25:24","65","Information","Microsoft-Windows-Audio","MMDevAPI: Audio device state changed"
"10-08-2026 15:03:36","179","Information","Microsoft-Windows-Audio","Received session display notification"
"10-08-2026 15:03:05","177","Information","Microsoft-Windows-Audio","Received console locked notification"
"10-08-2026 14:59:19","179","Information","Microsoft-Windows-Audio","Received session display notification"
"10-08-2026 14:56:56","179","Information","Microsoft-Windows-Audio","Received session display notification"
"10-08-2026 14:56:41","179","Information","Microsoft-Windows-Audio","Received session display notification"
"10-08-2026 14:53:54","179","Information","Microsoft-Windows-Audio","Received session display notification"
"10-08-2026 14:51:44","179","Information","Microsoft-Windows-Audio","Received session display notification"
"10-08-2026 14:51:29","179","Information","Microsoft-Windows-Audio","Received session display notification"
"10-08-2026 14:48:41","179","Information","Microsoft-Windows-Audio","Received session display notification"
"10-08-2026 14:46:05","179","Information","Microsoft-Windows-Audio","Received session display notification"
"10-08-2026 14:45:50","179","Information","Microsoft-Windows-Audio","Received session display notification"
"10-08-2026 14:43:01","177","Information","Microsoft-Windows-Audio","Received console locked notification"
"10-08-2026 14:42:56","179","Information","Microsoft-Windows-Audio","Received session display notification"
"10-08-2026 14:35:07","179","Information","Microsoft-Windows-Audio","Received session display notification"
"10-08-2026 14:34:36","177","Information","Microsoft-Windows-Audio","Received console locked notification"
"10-08-2026 14:34:07","179","Information","Microsoft-Windows-Audio","Received session display notification"
"10-08-2026 14:22:36","179","Information","Microsoft-Windows-Audio","Received session display notification"
"10-08-2026 14:22:22","179","Information","Microsoft-Windows-Audio","Received session display notification"
"10-08-2026 14:19:35","179","Information","Microsoft-Windows-Audio","Received session display notification"
"10-08-2026 14:19:23","179","Information","Microsoft-Windows-Audio","Received session display notification"
"10-08-2026 14:16:37","179","Information","Microsoft-Windows-Audio","Received session display notification"
"10-08-2026 14:16:27","179","Information","Microsoft-Windows-Audio","Received session display notification"
"10-08-2026 14:13:37","179","Information","Microsoft-Windows-Audio","Received session display notification"
"10-08-2026 14:07:40","179","Information","Microsoft-Windows-Audio","Received session display notification"
"10-08-2026 14:07:25","179","Information","Microsoft-Windows-Audio","Received session display notification"
"10-08-2026 14:04:36","179","Information","Microsoft-Windows-Audio","Received session display notification"
"10-08-2026 13:59:14","179","Information","Microsoft-Windows-Audio","Received session display notification"
"10-08-2026 13:58:59","179","Information","Microsoft-Windows-Audio","Received session display notification"
"10-08-2026 13:56:07","179","Information","Microsoft-Windows-Audio","Received session display notification"
"10-08-2026 13:46:26","179","Information","Microsoft-Windows-Audio","Received session display notification"
"10-08-2026 13:46:11","179","Information","Microsoft-Windows-Audio","Received session display notification"
"10-08-2026 13:43:23","179","Information","Microsoft-Windows-Audio","Received session display notification"
"10-08-2026 13:36:39","179","Information","Microsoft-Windows-Audio","Received session display notification"
"10-08-2026 13:36:24","179","Information","Microsoft-Windows-Audio","Received session display notification"
"10-08-2026 13:31:07","179","Information","Microsoft-Windows-Audio","Received session display notification"
"10-08-2026 13:28:42","179","Information","Microsoft-Windows-Audio","Received session display notification"
"10-08-2026 13:28:26","179","Information","Microsoft-Windows-Audio","Received session display notification"
"10-08-2026 13:25:16","177","Information","Microsoft-Windows-Audio","Received console locked notification"
"10-08-2026 13:25:12","179","Information","Microsoft-Windows-Audio","Received session display notification"
"10-08-2026 13:13:33","179","Information","Microsoft-Windows-Audio","Received session display notification"
"10-08-2026 13:13:28","65","Information","Microsoft-Windows-Audio","MMDevAPI: Audio device state changed"
"10-08-2026 13:13:21","65","Information","Microsoft-Windows-Audio","MMDevAPI: Audio device state changed"
"10-08-2026 13:13:21","65","Information","Microsoft-Windows-Audio","MMDevAPI: Audio device state changed"
"10-08-2026 13:13:02","177","Information","Microsoft-Windows-Audio","Received console locked notification"
"10-08-2026 12:37:11","177","Information","Microsoft-Windows-Audio","Received console locked notification"
"10-08-2026 12:34:38","177","Information","Microsoft-Windows-Audio","Received console locked notification"
"10-08-2026 12:06:57","65","Information","Microsoft-Windows-Audio","MMDevAPI: Audio device state changed"
"10-08-2026 12:06:57","65","Information","Microsoft-Windows-Audio","MMDevAPI: Audio device state changed"
"10-08-2026 12:06:21","65","Information","Microsoft-Windows-Audio","MMDevAPI: Audio device state changed"
"10-08-2026 12:06:21","65","Information","Microsoft-Windows-Audio","MMDevAPI: Audio device state changed"
"10-08-2026 12:01:59","65","Information","Microsoft-Windows-Audio","MMDevAPI: Audio device state changed"
"10-08-2026 12:01:20","65","Information","Microsoft-Windows-Audio","MMDevAPI: Audio device state changed"
"10-08-2026 12:01:20","65","Information","Microsoft-Windows-Audio","MMDevAPI: Audio device state changed"
"10-08-2026 11:58:53","179","Information","Microsoft-Windows-Audio","Received session display notification"
"10-08-2026 11:58:10","179","Information","Microsoft-Windows-Audio","Received session display notification"
"10-08-2026 11:57:55","179","Information","Microsoft-Windows-Audio","Received session display notification"
"10-08-2026 11:54:48","177","Information","Microsoft-Windows-Audio","Received console locked notification"
"10-08-2026 11:54:44","177","Information","Microsoft-Windows-Audio","Received console locked notification"
"10-08-2026 11:54:44","179","Information","Microsoft-Windows-Audio","Received session display notification"
"10-08-2026 11:42:44","179","Information","Microsoft-Windows-Audio","Received session display notification"
"10-08-2026 11:42:29","179","Information","Microsoft-Windows-Audio","Received session display notification"
"10-08-2026 11:39:43","177","Information","Microsoft-Windows-Audio","Received console locked notification"
"10-08-2026 11:39:39","179","Information","Microsoft-Windows-Audio","Received session display notification"
"10-08-2026 11:37:00","179","Information","Microsoft-Windows-Audio","Received session display notification"
"10-08-2026 11:36:30","177","Information","Microsoft-Windows-Audio","Received console locked notification"
"10-08-2026 11:18:53","177","Information","Microsoft-Windows-Audio","Received console locked notification"
"10-08-2026 11:18:50","179","Information","Microsoft-Windows-Audio","Received session display notification"
"10-08-2026 11:04:02","179","Information","Microsoft-Windows-Audio","Received session display notification"
"10-08-2026 11:03:31","177","Information","Microsoft-Windows-Audio","Received console locked notification"
"10-08-2026 11:03:31","179","Information","Microsoft-Windows-Audio","Received session display notification"
"10-08-2026 10:51:31","179","Information","Microsoft-Windows-Audio","Received session display notification"
"10-08-2026 10:51:15","179","Information","Microsoft-Windows-Audio","Received session display notification"
"10-08-2026 10:44:18","177","Information","Microsoft-Windows-Audio","Received console locked notification"
"10-08-2026 10:44:12","179","Information","Microsoft-Windows-Audio","Received session display notification"
"10-08-2026 10:37:52","177","Information","Microsoft-Windows-Audio","Received console locked notification"
"10-08-2026 10:25:51","179","Information","Microsoft-Windows-Audio","Received session display notification"
"10-08-2026 10:25:36","179","Information","Microsoft-Windows-Audio","Received session display notification"
"10-08-2026 10:22:40","177","Information","Microsoft-Windows-Audio","Received console locked notification"
"10-08-2026 10:22:34","179","Information","Microsoft-Windows-Audio","Received session display notification"
"10-08-2026 10:21:28","179","Information","Microsoft-Windows-Audio","Received session display notification"
"10-08-2026 10:21:23","65","Information","Microsoft-Windows-Audio","MMDevAPI: Audio device state changed"
"10-08-2026 10:20:57","177","Information","Microsoft-Windows-Audio","Received console locked notification"
"10-08-2026 09:41:29","179","Information","Microsoft-Windows-Audio","Received session display notification"
"10-08-2026 09:41:29","178","Information","Microsoft-Windows-Audio","Global user presence detected"
"10-08-2026 09:36:04","65","Information","Microsoft-Windows-Audio","MMDevAPI: Audio device state changed"
"10-08-2026 09:36:03","65","Information","Microsoft-Windows-Audio","MMDevAPI: Audio device state changed"
"10-08-2026 09:36:03","65","Information","Microsoft-Windows-Audio","MMDevAPI: Audio device state changed"
"10-08-2026 09:36:03","180","Information","Microsoft-Windows-Audio","Received Po AudioStandby request"
"10-08-2026 09:36:03","65","Information","Microsoft-Windows-Audio","MMDevAPI: Audio device state changed"
"10-08-2026 09:36:03","65","Information","Microsoft-Windows-Audio","MMDevAPI: Audio device state changed"
"10-08-2026 09:36:03","65","Information","Microsoft-Windows-Audio","MMDevAPI: Audio device state changed"
"10-08-2026 09:36:03","65","Information","Microsoft-Windows-Audio","MMDevAPI: Audio device state changed"
"10-08-2026 09:36:03","65","Information","Microsoft-Windows-Audio","MMDevAPI: Audio device state changed"
"10-08-2026 09:36:03","65","Information","Microsoft-Windows-Audio","MMDevAPI: Audio device state changed"
"07-08-2026 18:21:58","65","Information","Microsoft-Windows-Audio","MMDevAPI: Audio device state changed"
"07-08-2026 18:21:24","65","Information","Microsoft-Windows-Audio","MMDevAPI: Audio device state changed"
"07-08-2026 18:21:24","65","Information","Microsoft-Windows-Audio","MMDevAPI: Audio device state changed"
"07-08-2026 18:17:35","65","Information","Microsoft-Windows-Audio","MMDevAPI: Audio device state changed"
"07-08-2026 18:17:34","65","Information","Microsoft-Windows-Audio","MMDevAPI: Audio device state changed"
"07-08-2026 18:17:32","65","Information","Microsoft-Windows-Audio","MMDevAPI: Audio device state changed"
"07-08-2026 18:07:18","179","Information","Microsoft-Windows-Audio","Received session display notification"
"07-08-2026 17:58:03","179","Information","Microsoft-Windows-Audio","Received session display notification"
"07-08-2026 17:57:48","179","Information","Microsoft-Windows-Audio","Received session display notification"
"07-08-2026 17:55:01","179","Information","Microsoft-Windows-Audio","Received session display notification"
"07-08-2026 17:45:02","179","Information","Microsoft-Windows-Audio","Received session display notification"
"07-08-2026 17:44:47","179","Information","Microsoft-Windows-Audio","Received session display notification"
"07-08-2026 17:41:59","179","Information","Microsoft-Windows-Audio","Received session display notification"
"07-08-2026 17:40:45","179","Information","Microsoft-Windows-Audio","Received session display notification"
"07-08-2026 17:40:29","179","Information","Microsoft-Windows-Audio","Received session display notification"
"07-08-2026 17:37:39","179","Information","Microsoft-Windows-Audio","Received session display notification"
"07-08-2026 17:32:36","179","Information","Microsoft-Windows-Audio","Received session display notification"
"07-08-2026 17:32:21","179","Information","Microsoft-Windows-Audio","Received session display notification"
"07-08-2026 17:28:03","177","Information","Microsoft-Windows-Audio","Received console locked notification"
"07-08-2026 17:27:54","179","Information","Microsoft-Windows-Audio","Received session display notification"
"07-08-2026 17:27:53","177","Information","Microsoft-Windows-Audio","Received console locked notification"
"07-08-2026 17:15:53","179","Information","Microsoft-Windows-Audio","Received session display notification"
"07-08-2026 17:15:37","179","Information","Microsoft-Windows-Audio","Received session display notification"
"07-08-2026 17:12:44","179","Information","Microsoft-Windows-Audio","Received session display notification"
"07-08-2026 17:12:34","179","Information","Microsoft-Windows-Audio","Received session display notification"
"07-08-2026 17:12:19","179","Information","Microsoft-Windows-Audio","Received session display notification"
"07-08-2026 17:09:15","179","Information","Microsoft-Windows-Audio","Received session display notification"
"07-08-2026 17:04:59","179","Information","Microsoft-Windows-Audio","Received session display notification"
"07-08-2026 17:04:44","179","Information","Microsoft-Windows-Audio","Received session display notification"
"07-08-2026 17:01:43","177","Information","Microsoft-Windows-Audio","Received console locked notification"
"07-08-2026 17:01:39","177","Information","Microsoft-Windows-Audio","Received console locked notification"
"07-08-2026 17:01:39","179","Information","Microsoft-Windows-Audio","Received session display notification"
"07-08-2026 16:49:39","179","Information","Microsoft-Windows-Audio","Received session display notification"
"07-08-2026 16:49:24","179","Information","Microsoft-Windows-Audio","Received session display notification"
"07-08-2026 16:45:30","179","Information","Microsoft-Windows-Audio","Received session display notification"
"07-08-2026 16:41:05","179","Information","Microsoft-Windows-Audio","Received session display notification"
"07-08-2026 16:40:50","179","Information","Microsoft-Windows-Audio","Received session display notification"
"07-08-2026 16:30:53","177","Information","Microsoft-Windows-Audio","Received console locked notification"
"07-08-2026 16:30:50","179","Information","Microsoft-Windows-Audio","Received session display notification"
"07-08-2026 16:04:00","179","Information","Microsoft-Windows-Audio","Received session display notification"
"07-08-2026 16:03:30","177","Information","Microsoft-Windows-Audio","Received console locked notification"
"07-08-2026 16:03:14","177","Information","Microsoft-Windows-Audio","Received console locked notification"
"07-08-2026 16:03:09","177","Information","Microsoft-Windows-Audio","Received console locked notification"
"07-08-2026 16:03:09","179","Information","Microsoft-Windows-Audio","Received session display notification"
"07-08-2026 15:51:08","179","Information","Microsoft-Windows-Audio","Received session display notification"
"07-08-2026 15:50:53","179","Information","Microsoft-Windows-Audio","Received session display notification"
"07-08-2026 15:46:35","179","Information","Microsoft-Windows-Audio","Received session display notification"
"07-08-2026 15:38:42","179","Information","Microsoft-Windows-Audio","Received session display notification"
"07-08-2026 15:38:26","179","Information","Microsoft-Windows-Audio","Received session display notification"
"07-08-2026 15:35:28","179","Information","Microsoft-Windows-Audio","Received session display notification"
"07-08-2026 15:30:22","179","Information","Microsoft-Windows-Audio","Received session display notification"
"07-08-2026 15:30:07","179","Information","Microsoft-Windows-Audio","Received session display notification"
"07-08-2026 15:27:09","177","Information","Microsoft-Windows-Audio","Received console locked notification"
"07-08-2026 15:26:58","177","Information","Microsoft-Windows-Audio","Received console locked notification"
"07-08-2026 15:26:58","179","Information","Microsoft-Windows-Audio","Received session display notification"
"07-08-2026 15:14:58","179","Information","Microsoft-Windows-Audio","Received session display notification"
"07-08-2026 15:14:42","179","Information","Microsoft-Windows-Audio","Received session display notification"
"07-08-2026 15:11:55","179","Information","Microsoft-Windows-Audio","Received session display notification"
"07-08-2026 15:11:22","179","Information","Microsoft-Windows-Audio","Received session display notification"
"07-08-2026 15:11:07","179","Information","Microsoft-Windows-Audio","Received session display notification"
"07-08-2026 15:08:20","179","Information","Microsoft-Windows-Audio","Received session display notification"
"07-08-2026 15:08:15","179","Information","Microsoft-Windows-Audio","Received session display notification"
"07-08-2026 15:08:00","179","Information","Microsoft-Windows-Audio","Received session display notification"
"07-08-2026 15:04:53","179","Information","Microsoft-Windows-Audio","Received session display notification"
"07-08-2026 15:04:43","179","Information","Microsoft-Windows-Audio","Received session display notification"
"07-08-2026 15:01:54","179","Information","Microsoft-Windows-Audio","Received session display notification"
"07-08-2026 14:58:50","179","Information","Microsoft-Windows-Audio","Received session display notification"
"07-08-2026 14:58:35","179","Information","Microsoft-Windows-Audio","Received session display notification"
"07-08-2026 14:54:30","179","Information","Microsoft-Windows-Audio","Received session display notification"
"07-08-2026 14:54:00","179","Information","Microsoft-Windows-Audio","Received session display notification"
"07-08-2026 14:53:45","179","Information","Microsoft-Windows-Audio","Received session display notification"
"07-08-2026 14:50:51","179","Information","Microsoft-Windows-Audio","Received session display notification"
"07-08-2026 14:50:40","179","Information","Microsoft-Windows-Audio","Received session display notification"
"07-08-2026 14:44:10","179","Information","Microsoft-Windows-Audio","Received session display notification"
"07-08-2026 14:43:58","179","Information","Microsoft-Windows-Audio","Received session display notification"
"07-08-2026 14:40:53","177","Information","Microsoft-Windows-Audio","Received console locked notification"
"07-08-2026 14:40:49","179","Information","Microsoft-Windows-Audio","Received session display notification"
"07-08-2026 14:27:30","179","Information","Microsoft-Windows-Audio","Received session display notification"
"07-08-2026 14:26:59","177","Information","Microsoft-Windows-Audio","Received console locked notification"
"07-08-2026 14:26:59","179","Information","Microsoft-Windows-Audio","Received session display notification"
"07-08-2026 14:14:58","179","Information","Microsoft-Windows-Audio","Received session display notification"
"07-08-2026 14:14:43","179","Information","Microsoft-Windows-Audio","Received session display notification"
"07-08-2026 14:11:56","179","Information","Microsoft-Windows-Audio","Received session display notification"
"07-08-2026 14:11:15","179","Information","Microsoft-Windows-Audio","Received session display notification"
