"23-07-2026 10:17:13","11010","Information","Microsoft-Windows-WLAN-AutoConfig","Wireless security started.

Network Adapter: Intel(R) Wi-Fi 7 BE201 320MHz
Interface GUID: {556d9bdf-d387-4ab9-be4c-a7e220faf218}
Local MAC Address: C0:A8:10:9D:15:AC
Network SSID: NIQ
BSS Type: Infrastructure
Authentication: WPA2-Enterprise
Encryption: AES-GCMP-128
FIPS Mode: Disabled
802.1x Enabled: Yes
"
"23-07-2026 10:17:13","11004","Information","Microsoft-Windows-WLAN-AutoConfig","Wireless security stopped.

Network Adapter: Intel(R) Wi-Fi 7 BE201 320MHz
Interface GUID: {556d9bdf-d387-4ab9-be4c-a7e220faf218}
Local MAC Address: C0:A8:10:9D:15:AC
Network SSID: NIQ
BSS Type: Infrastructure
Security Hint: The operation was successful.
"
"23-07-2026 10:05:34","11005","Information","Microsoft-Windows-WLAN-AutoConfig","Wireless security succeeded.

Network Adapter: Intel(R) Wi-Fi 7 BE201 320MHz
Interface GUID: {556d9bdf-d387-4ab9-be4c-a7e220faf218}
Local MAC Address: C0:A8:10:9D:15:AC
Network SSID: NIQ
BSS Type: Infrastructure
"
"23-07-2026 10:05:34","11010","Information","Microsoft-Windows-WLAN-AutoConfig","Wireless security started.

Network Adapter: Intel(R) Wi-Fi 7 BE201 320MHz
Interface GUID: {556d9bdf-d387-4ab9-be4c-a7e220faf218}
Local MAC Address: C0:A8:10:9D:15:AC
Network SSID: NIQ
BSS Type: Infrastructure
Authentication: WPA2-Enterprise
Encryption: AES-GCMP-128
FIPS Mode: Disabled
802.1x Enabled: Yes
"
"23-07-2026 10:05:33","11004","Information","Microsoft-Windows-WLAN-AutoConfig","Wireless security stopped.

Network Adapter: Intel(R) Wi-Fi 7 BE201 320MHz
Interface GUID: {556d9bdf-d387-4ab9-be4c-a7e220faf218}
Local MAC Address: C0:A8:10:9D:15:AC
Network SSID: NIQ
BSS Type: Infrastructure
Security Hint: The operation was successful.
"
"23-07-2026 09:36:28","11005","Information","Microsoft-Windows-WLAN-AutoConfig","Wireless security succeeded.

Network Adapter: Intel(R) Wi-Fi 7 BE201 320MHz
Interface GUID: {556d9bdf-d387-4ab9-be4c-a7e220faf218}
Local MAC Address: C0:A8:10:9D:15:AC
Network SSID: NIQ
BSS Type: Infrastructure
"
"23-07-2026 09:36:28","12012","Information","Microsoft-Windows-WLAN-AutoConfig","Wireless 802.1x authentication succeeded.

Network Adapter: Intel(R) Wi-Fi 7 BE201 320MHz
Interface GUID: {556d9bdf-d387-4ab9-be4c-a7e220faf218}
Local MAC Address: C0:A8:10:9D:15:AC
Network SSID: NIQ
BSS Type: Infrastructure
Identity: host/LIND55MBVC4.enterprisenet.org
User: 
Domain: 
"
"23-07-2026 09:36:24","12011","Information","Microsoft-Windows-WLAN-AutoConfig","Wireless 802.1x authentication started.

Network Adapter: Intel(R) Wi-Fi 7 BE201 320MHz
Interface GUID: {556d9bdf-d387-4ab9-be4c-a7e220faf218}
Local MAC Address: C0:A8:10:9D:15:AC
Network SSID: NIQ
BSS Type: Infrastructure
Eap Information: Type 13, Vendor ID 0, Vendor Type 0, Author ID 0
"
"23-07-2026 09:36:24","12014","Information","Microsoft-Windows-WLAN-AutoConfig","Wireless 802.1x authentication was restarted.

Network Adapter: Intel(R) Wi-Fi 7 BE201 320MHz
Interface GUID: {556d9bdf-d387-4ab9-be4c-a7e220faf218}
Local MAC Address: C0:A8:10:9D:15:AC
Network SSID: NIQ
BSS Type: Infrastructure
Eap Information: Type 13, Vendor ID 0, Vendor Type 0, Author ID 0
Restart Reason: Peer Initiated
"
"23-07-2026 09:36:24","12014","Information","Microsoft-Windows-WLAN-AutoConfig","Wireless 802.1x authentication was restarted.

Network Adapter: Intel(R) Wi-Fi 7 BE201 320MHz
Interface GUID: {556d9bdf-d387-4ab9-be4c-a7e220faf218}
Local MAC Address: C0:A8:10:9D:15:AC
Network SSID: NIQ
BSS Type: Infrastructure
Eap Information: Type 13, Vendor ID 0, Vendor Type 0, Author ID 0
Restart Reason: Peer Initiated
"
"23-07-2026 09:36:23","11010","Information","Microsoft-Windows-WLAN-AutoConfig","Wireless security started.

Network Adapter: Intel(R) Wi-Fi 7 BE201 320MHz
Interface GUID: {556d9bdf-d387-4ab9-be4c-a7e220faf218}
Local MAC Address: C0:A8:10:9D:15:AC
Network SSID: NIQ
BSS Type: Infrastructure
Authentication: WPA2-Enterprise
Encryption: AES-GCMP-128
FIPS Mode: Disabled
802.1x Enabled: Yes
"
"23-07-2026 04:35:40","11004","Information","Microsoft-Windows-WLAN-AutoConfig","Wireless security stopped.

Network Adapter: Intel(R) Wi-Fi 7 BE201 320MHz
Interface GUID: {556d9bdf-d387-4ab9-be4c-a7e220faf218}
Local MAC Address: C0:A8:10:9D:15:AC
Network SSID: NIQ
BSS Type: Infrastructure
Security Hint: The operation was successful.
"
"23-07-2026 04:35:34","8001","Information","Microsoft-Windows-WLAN-AutoConfig","WLAN AutoConfig service has successfully connected to a wireless network.

Network Adapter: Intel(R) Wi-Fi 7 BE201 320MHz
Interface GUID: {556d9bdf-d387-4ab9-be4c-a7e220faf218}
Connection Mode: Automatic connection with a profile
Profile Name: NIQ
SSID: NIQ
BSS Type: Infrastructure
PHY Type: 802.11ax
Authentication: WPA2-Enterprise
Encryption: AES-CCMP
802.1x Enabled: Yes
Hidden: true
"
"23-07-2026 04:35:34","11005","Information","Microsoft-Windows-WLAN-AutoConfig","Wireless security succeeded.

Network Adapter: Intel(R) Wi-Fi 7 BE201 320MHz
Interface GUID: {556d9bdf-d387-4ab9-be4c-a7e220faf218}
Local MAC Address: C0:A8:10:9D:15:AC
Network SSID: NIQ
BSS Type: Infrastructure
"
"23-07-2026 04:35:34","12012","Information","Microsoft-Windows-WLAN-AutoConfig","Wireless 802.1x authentication succeeded.

Network Adapter: Intel(R) Wi-Fi 7 BE201 320MHz
Interface GUID: {556d9bdf-d387-4ab9-be4c-a7e220faf218}
Local MAC Address: C0:A8:10:9D:15:AC
Network SSID: NIQ
BSS Type: Infrastructure
Identity: host/LIND55MBVC4.enterprisenet.org
User: 
Domain: 
"
"23-07-2026 04:35:33","12011","Information","Microsoft-Windows-WLAN-AutoConfig","Wireless 802.1x authentication started.

Network Adapter: Intel(R) Wi-Fi 7 BE201 320MHz
Interface GUID: {556d9bdf-d387-4ab9-be4c-a7e220faf218}
Local MAC Address: C0:A8:10:9D:15:AC
Network SSID: NIQ
BSS Type: Infrastructure
Eap Information: Type 13, Vendor ID 0, Vendor Type 0, Author ID 0
"
"23-07-2026 04:35:33","11010","Information","Microsoft-Windows-WLAN-AutoConfig","Wireless security started.

Network Adapter: Intel(R) Wi-Fi 7 BE201 320MHz
Interface GUID: {556d9bdf-d387-4ab9-be4c-a7e220faf218}
Local MAC Address: C0:A8:10:9D:15:AC
Network SSID: NIQ
BSS Type: Infrastructure
Authentication: WPA2-Enterprise
Encryption: AES-GCMP-128
FIPS Mode: Disabled
802.1x Enabled: Yes
"
"23-07-2026 04:35:33","11001","Information","Microsoft-Windows-WLAN-AutoConfig","Wireless network association succeeded.

Network Adapter: Intel(R) Wi-Fi 7 BE201 320MHz
Interface GUID: {556d9bdf-d387-4ab9-be4c-a7e220faf218}
Local MAC Address: C0:A8:10:9D:15:AC
Network SSID: NIQ
BSS Type: Infrastructure
Management Frame Protection Enabled: 0x800000000
"
"23-07-2026 04:35:32","11000","Information","Microsoft-Windows-WLAN-AutoConfig","Wireless network association started.

Network Adapter: Intel(R) Wi-Fi 7 BE201 320MHz
Interface GUID: {556d9bdf-d387-4ab9-be4c-a7e220faf218}
Local MAC Address: C0:A8:10:9D:15:AC
Network SSID: NIQ
BSS Type: Infrastructure
Authentication: WPA2-Enterprise
Encryption: AES-GCMP-128
802.1X Enabled: Yes
"
"23-07-2026 04:35:32","8000","Information","Microsoft-Windows-WLAN-AutoConfig","WLAN AutoConfig service started a connection to a wireless network.

Network Adapter: Intel(R) Wi-Fi 7 BE201 320MHz
Interface GUID: {556d9bdf-d387-4ab9-be4c-a7e220faf218}
Connection Mode: Automatic connection with a profile
Profile Name: NIQ
SSID: NIQ
BSS Type: Infrastructure
"
"23-07-2026 04:35:32","8011","Information","Microsoft-Windows-WLAN-AutoConfig","Connect to last good network 

Network Adapter: Intel(R) Wi-Fi 7 BE201 320MHz
Interface GUID: {556d9bdf-d387-4ab9-be4c-a7e220faf218}
 Profile Name: NIQ
SSID: NIQ
BSS type: infrastructure
"
"22-07-2026 19:19:41","8003","Information","Microsoft-Windows-WLAN-AutoConfig","WLAN AutoConfig service has successfully disconnected from a wireless network.

Network Adapter: Intel(R) Wi-Fi 7 BE201 320MHz
Interface GUID: {556d9bdf-d387-4ab9-be4c-a7e220faf218}
Connection Mode: Automatic connection with a profile
Profile Name: NIQ
SSID: NIQ
BSS Type: Infrastructure
Reason: The network is disconnected due to a policy disabling auto connect on this interface.
"
"22-07-2026 19:19:41","11004","Information","Microsoft-Windows-WLAN-AutoConfig","Wireless security stopped.

Network Adapter: Intel(R) Wi-Fi 7 BE201 320MHz
Interface GUID: {556d9bdf-d387-4ab9-be4c-a7e220faf218}
Local MAC Address: C0:A8:10:9D:15:AC
Network SSID: NIQ
BSS Type: Infrastructure
Security Hint: The operation was successful.
"
"22-07-2026 18:31:21","11005","Information","Microsoft-Windows-WLAN-AutoConfig","Wireless security succeeded.

Network Adapter: Intel(R) Wi-Fi 7 BE201 320MHz
Interface GUID: {556d9bdf-d387-4ab9-be4c-a7e220faf218}
Local MAC Address: C0:A8:10:9D:15:AC
Network SSID: NIQ
BSS Type: Infrastructure
"
"22-07-2026 18:31:21","11010","Information","Microsoft-Windows-WLAN-AutoConfig","Wireless security started.

Network Adapter: Intel(R) Wi-Fi 7 BE201 320MHz
Interface GUID: {556d9bdf-d387-4ab9-be4c-a7e220faf218}
Local MAC Address: C0:A8:10:9D:15:AC
Network SSID: NIQ
BSS Type: Infrastructure
Authentication: WPA2-Enterprise
Encryption: AES-GCMP-128
FIPS Mode: Disabled
802.1x Enabled: Yes
"
"22-07-2026 18:31:21","11004","Information","Microsoft-Windows-WLAN-AutoConfig","Wireless security stopped.

Network Adapter: Intel(R) Wi-Fi 7 BE201 320MHz
Interface GUID: {556d9bdf-d387-4ab9-be4c-a7e220faf218}
Local MAC Address: C0:A8:10:9D:15:AC
Network SSID: NIQ
BSS Type: Infrastructure
Security Hint: The operation was successful.
"
"22-07-2026 18:27:30","11005","Information","Microsoft-Windows-WLAN-AutoConfig","Wireless security succeeded.

Network Adapter: Intel(R) Wi-Fi 7 BE201 320MHz
Interface GUID: {556d9bdf-d387-4ab9-be4c-a7e220faf218}
Local MAC Address: C0:A8:10:9D:15:AC
Network SSID: NIQ
BSS Type: Infrastructure
"
"22-07-2026 18:27:29","11010","Information","Microsoft-Windows-WLAN-AutoConfig","Wireless security started.

Network Adapter: Intel(R) Wi-Fi 7 BE201 320MHz
Interface GUID: {556d9bdf-d387-4ab9-be4c-a7e220faf218}
Local MAC Address: C0:A8:10:9D:15:AC
Network SSID: NIQ
BSS Type: Infrastructure
Authentication: WPA2-Enterprise
Encryption: AES-GCMP-128
FIPS Mode: Disabled
802.1x Enabled: Yes
"
"22-07-2026 18:27:29","11004","Information","Microsoft-Windows-WLAN-AutoConfig","Wireless security stopped.

Network Adapter: Intel(R) Wi-Fi 7 BE201 320MHz
Interface GUID: {556d9bdf-d387-4ab9-be4c-a7e220faf218}
Local MAC Address: C0:A8:10:9D:15:AC
Network SSID: NIQ
BSS Type: Infrastructure
Security Hint: The operation was successful.
"
"22-07-2026 18:05:48","11005","Information","Microsoft-Windows-WLAN-AutoConfig","Wireless security succeeded.

Network Adapter: Intel(R) Wi-Fi 7 BE201 320MHz
Interface GUID: {556d9bdf-d387-4ab9-be4c-a7e220faf218}
Local MAC Address: C0:A8:10:9D:15:AC
Network SSID: NIQ
BSS Type: Infrastructure
"
"22-07-2026 18:05:48","11010","Information","Microsoft-Windows-WLAN-AutoConfig","Wireless security started.

Network Adapter: Intel(R) Wi-Fi 7 BE201 320MHz
Interface GUID: {556d9bdf-d387-4ab9-be4c-a7e220faf218}
Local MAC Address: C0:A8:10:9D:15:AC
Network SSID: NIQ
BSS Type: Infrastructure
Authentication: WPA2-Enterprise
Encryption: AES-GCMP-128
FIPS Mode: Disabled
802.1x Enabled: Yes
"
"22-07-2026 18:05:48","11004","Information","Microsoft-Windows-WLAN-AutoConfig","Wireless security stopped.

Network Adapter: Intel(R) Wi-Fi 7 BE201 320MHz
Interface GUID: {556d9bdf-d387-4ab9-be4c-a7e220faf218}
Local MAC Address: C0:A8:10:9D:15:AC
Network SSID: NIQ
BSS Type: Infrastructure
Security Hint: The operation was successful.
"
"22-07-2026 17:43:56","11005","Information","Microsoft-Windows-WLAN-AutoConfig","Wireless security succeeded.

Network Adapter: Intel(R) Wi-Fi 7 BE201 320MHz
Interface GUID: {556d9bdf-d387-4ab9-be4c-a7e220faf218}
Local MAC Address: C0:A8:10:9D:15:AC
Network SSID: NIQ
BSS Type: Infrastructure
"
"22-07-2026 17:43:56","11010","Information","Microsoft-Windows-WLAN-AutoConfig","Wireless security started.

Network Adapter: Intel(R) Wi-Fi 7 BE201 320MHz
Interface GUID: {556d9bdf-d387-4ab9-be4c-a7e220faf218}
Local MAC Address: C0:A8:10:9D:15:AC
Network SSID: NIQ
BSS Type: Infrastructure
Authentication: WPA2-Enterprise
Encryption: AES-GCMP-128
FIPS Mode: Disabled
802.1x Enabled: Yes
"
"22-07-2026 17:43:56","11004","Information","Microsoft-Windows-WLAN-AutoConfig","Wireless security stopped.

Network Adapter: Intel(R) Wi-Fi 7 BE201 320MHz
Interface GUID: {556d9bdf-d387-4ab9-be4c-a7e220faf218}
Local MAC Address: C0:A8:10:9D:15:AC
Network SSID: NIQ
BSS Type: Infrastructure
Security Hint: The operation was successful.
"
"22-07-2026 17:35:47","11005","Information","Microsoft-Windows-WLAN-AutoConfig","Wireless security succeeded.

Network Adapter: Intel(R) Wi-Fi 7 BE201 320MHz
Interface GUID: {556d9bdf-d387-4ab9-be4c-a7e220faf218}
Local MAC Address: C0:A8:10:9D:15:AC
Network SSID: NIQ
BSS Type: Infrastructure
"
"22-07-2026 17:35:47","11010","Information","Microsoft-Windows-WLAN-AutoConfig","Wireless security started.

Network Adapter: Intel(R) Wi-Fi 7 BE201 320MHz
Interface GUID: {556d9bdf-d387-4ab9-be4c-a7e220faf218}
Local MAC Address: C0:A8:10:9D:15:AC
Network SSID: NIQ
BSS Type: Infrastructure
Authentication: WPA2-Enterprise
Encryption: AES-GCMP-128
FIPS Mode: Disabled
802.1x Enabled: Yes
"
"22-07-2026 17:35:47","11004","Information","Microsoft-Windows-WLAN-AutoConfig","Wireless security stopped.

Network Adapter: Intel(R) Wi-Fi 7 BE201 320MHz
Interface GUID: {556d9bdf-d387-4ab9-be4c-a7e220faf218}
Local MAC Address: C0:A8:10:9D:15:AC
Network SSID: NIQ
BSS Type: Infrastructure
Security Hint: The operation was successful.
"
"22-07-2026 17:31:54","11005","Information","Microsoft-Windows-WLAN-AutoConfig","Wireless security succeeded.

Network Adapter: Intel(R) Wi-Fi 7 BE201 320MHz
Interface GUID: {556d9bdf-d387-4ab9-be4c-a7e220faf218}
Local MAC Address: C0:A8:10:9D:15:AC
Network SSID: NIQ
BSS Type: Infrastructure
"
"22-07-2026 17:31:54","11010","Information","Microsoft-Windows-WLAN-AutoConfig","Wireless security started.

Network Adapter: Intel(R) Wi-Fi 7 BE201 320MHz
Interface GUID: {556d9bdf-d387-4ab9-be4c-a7e220faf218}
Local MAC Address: C0:A8:10:9D:15:AC
Network SSID: NIQ
BSS Type: Infrastructure
Authentication: WPA2-Enterprise
Encryption: AES-GCMP-128
FIPS Mode: Disabled
802.1x Enabled: Yes
"
"22-07-2026 17:31:54","11004","Information","Microsoft-Windows-WLAN-AutoConfig","Wireless security stopped.

Network Adapter: Intel(R) Wi-Fi 7 BE201 320MHz
Interface GUID: {556d9bdf-d387-4ab9-be4c-a7e220faf218}
Local MAC Address: C0:A8:10:9D:15:AC
Network SSID: NIQ
BSS Type: Infrastructure
Security Hint: The operation was successful.
"
"22-07-2026 17:17:46","11005","Information","Microsoft-Windows-WLAN-AutoConfig","Wireless security succeeded.

Network Adapter: Intel(R) Wi-Fi 7 BE201 320MHz
Interface GUID: {556d9bdf-d387-4ab9-be4c-a7e220faf218}
Local MAC Address: C0:A8:10:9D:15:AC
Network SSID: NIQ
BSS Type: Infrastructure
"
"22-07-2026 17:17:46","11010","Information","Microsoft-Windows-WLAN-AutoConfig","Wireless security started.

Network Adapter: Intel(R) Wi-Fi 7 BE201 320MHz
Interface GUID: {556d9bdf-d387-4ab9-be4c-a7e220faf218}
Local MAC Address: C0:A8:10:9D:15:AC
Network SSID: NIQ
BSS Type: Infrastructure
Authentication: WPA2-Enterprise
Encryption: AES-GCMP-128
FIPS Mode: Disabled
802.1x Enabled: Yes
"
"22-07-2026 17:17:46","11004","Information","Microsoft-Windows-WLAN-AutoConfig","Wireless security stopped.

Network Adapter: Intel(R) Wi-Fi 7 BE201 320MHz
Interface GUID: {556d9bdf-d387-4ab9-be4c-a7e220faf218}
Local MAC Address: C0:A8:10:9D:15:AC
Network SSID: NIQ
BSS Type: Infrastructure
Security Hint: The operation was successful.
"
"22-07-2026 17:06:21","11005","Information","Microsoft-Windows-WLAN-AutoConfig","Wireless security succeeded.

Network Adapter: Intel(R) Wi-Fi 7 BE201 320MHz
Interface GUID: {556d9bdf-d387-4ab9-be4c-a7e220faf218}
Local MAC Address: C0:A8:10:9D:15:AC
Network SSID: NIQ
BSS Type: Infrastructure
"
"22-07-2026 17:06:21","11010","Information","Microsoft-Windows-WLAN-AutoConfig","Wireless security started.

Network Adapter: Intel(R) Wi-Fi 7 BE201 320MHz
Interface GUID: {556d9bdf-d387-4ab9-be4c-a7e220faf218}
Local MAC Address: C0:A8:10:9D:15:AC
Network SSID: NIQ
BSS Type: Infrastructure
Authentication: WPA2-Enterprise
Encryption: AES-GCMP-128
FIPS Mode: Disabled
802.1x Enabled: Yes
"
"22-07-2026 17:06:21","11004","Information","Microsoft-Windows-WLAN-AutoConfig","Wireless security stopped.

Network Adapter: Intel(R) Wi-Fi 7 BE201 320MHz
Interface GUID: {556d9bdf-d387-4ab9-be4c-a7e220faf218}
Local MAC Address: C0:A8:10:9D:15:AC
Network SSID: NIQ
BSS Type: Infrastructure
Security Hint: The operation was successful.
"
"22-07-2026 16:56:45","11005","Information","Microsoft-Windows-WLAN-AutoConfig","Wireless security succeeded.

Network Adapter: Intel(R) Wi-Fi 7 BE201 320MHz
Interface GUID: {556d9bdf-d387-4ab9-be4c-a7e220faf218}
Local MAC Address: C0:A8:10:9D:15:AC
Network SSID: NIQ
BSS Type: Infrastructure
"
"22-07-2026 16:56:45","11010","Information","Microsoft-Windows-WLAN-AutoConfig","Wireless security started.

Network Adapter: Intel(R) Wi-Fi 7 BE201 320MHz
Interface GUID: {556d9bdf-d387-4ab9-be4c-a7e220faf218}
Local MAC Address: C0:A8:10:9D:15:AC
Network SSID: NIQ
BSS Type: Infrastructure
Authentication: WPA2-Enterprise
Encryption: AES-GCMP-128
FIPS Mode: Disabled
802.1x Enabled: Yes
"
"22-07-2026 16:56:45","11004","Information","Microsoft-Windows-WLAN-AutoConfig","Wireless security stopped.

Network Adapter: Intel(R) Wi-Fi 7 BE201 320MHz
Interface GUID: {556d9bdf-d387-4ab9-be4c-a7e220faf218}
Local MAC Address: C0:A8:10:9D:15:AC
Network SSID: NIQ
BSS Type: Infrastructure
Security Hint: The operation was successful.
"
"22-07-2026 16:27:16","11005","Information","Microsoft-Windows-WLAN-AutoConfig","Wireless security succeeded.

Network Adapter: Intel(R) Wi-Fi 7 BE201 320MHz
Interface GUID: {556d9bdf-d387-4ab9-be4c-a7e220faf218}
Local MAC Address: C0:A8:10:9D:15:AC
Network SSID: NIQ
BSS Type: Infrastructure
"
"22-07-2026 16:27:16","11010","Information","Microsoft-Windows-WLAN-AutoConfig","Wireless security started.

Network Adapter: Intel(R) Wi-Fi 7 BE201 320MHz
Interface GUID: {556d9bdf-d387-4ab9-be4c-a7e220faf218}
Local MAC Address: C0:A8:10:9D:15:AC
Network SSID: NIQ
BSS Type: Infrastructure
Authentication: WPA2-Enterprise
Encryption: AES-GCMP-128
FIPS Mode: Disabled
802.1x Enabled: Yes
"
"22-07-2026 16:27:16","11004","Information","Microsoft-Windows-WLAN-AutoConfig","Wireless security stopped.

Network Adapter: Intel(R) Wi-Fi 7 BE201 320MHz
Interface GUID: {556d9bdf-d387-4ab9-be4c-a7e220faf218}
Local MAC Address: C0:A8:10:9D:15:AC
Network SSID: NIQ
BSS Type: Infrastructure
Security Hint: The operation was successful.
"
"22-07-2026 15:52:11","11005","Information","Microsoft-Windows-WLAN-AutoConfig","Wireless security succeeded.

Network Adapter: Intel(R) Wi-Fi 7 BE201 320MHz
Interface GUID: {556d9bdf-d387-4ab9-be4c-a7e220faf218}
Local MAC Address: C0:A8:10:9D:15:AC
Network SSID: NIQ
BSS Type: Infrastructure
"
"22-07-2026 15:52:11","11010","Information","Microsoft-Windows-WLAN-AutoConfig","Wireless security started.

Network Adapter: Intel(R) Wi-Fi 7 BE201 320MHz
Interface GUID: {556d9bdf-d387-4ab9-be4c-a7e220faf218}
Local MAC Address: C0:A8:10:9D:15:AC
Network SSID: NIQ
BSS Type: Infrastructure
Authentication: WPA2-Enterprise
Encryption: AES-GCMP-128
FIPS Mode: Disabled
802.1x Enabled: Yes
"
"22-07-2026 15:52:11","11004","Information","Microsoft-Windows-WLAN-AutoConfig","Wireless security stopped.

Network Adapter: Intel(R) Wi-Fi 7 BE201 320MHz
Interface GUID: {556d9bdf-d387-4ab9-be4c-a7e220faf218}
Local MAC Address: C0:A8:10:9D:15:AC
Network SSID: NIQ
BSS Type: Infrastructure
Security Hint: The operation was successful.
"
"22-07-2026 15:15:10","11005","Information","Microsoft-Windows-WLAN-AutoConfig","Wireless security succeeded.

Network Adapter: Intel(R) Wi-Fi 7 BE201 320MHz
Interface GUID: {556d9bdf-d387-4ab9-be4c-a7e220faf218}
Local MAC Address: C0:A8:10:9D:15:AC
Network SSID: NIQ
BSS Type: Infrastructure
"
"22-07-2026 15:15:10","11010","Information","Microsoft-Windows-WLAN-AutoConfig","Wireless security started.

Network Adapter: Intel(R) Wi-Fi 7 BE201 320MHz
Interface GUID: {556d9bdf-d387-4ab9-be4c-a7e220faf218}
Local MAC Address: C0:A8:10:9D:15:AC
Network SSID: NIQ
BSS Type: Infrastructure
Authentication: WPA2-Enterprise
Encryption: AES-GCMP-128
FIPS Mode: Disabled
802.1x Enabled: Yes
"
"22-07-2026 15:15:10","11004","Information","Microsoft-Windows-WLAN-AutoConfig","Wireless security stopped.

Network Adapter: Intel(R) Wi-Fi 7 BE201 320MHz
Interface GUID: {556d9bdf-d387-4ab9-be4c-a7e220faf218}
Local MAC Address: C0:A8:10:9D:15:AC
Network SSID: NIQ
BSS Type: Infrastructure
Security Hint: The operation was successful.
"
"22-07-2026 15:04:08","11005","Information","Microsoft-Windows-WLAN-AutoConfig","Wireless security succeeded.

Network Adapter: Intel(R) Wi-Fi 7 BE201 320MHz
Interface GUID: {556d9bdf-d387-4ab9-be4c-a7e220faf218}
Local MAC Address: C0:A8:10:9D:15:AC
Network SSID: NIQ
BSS Type: Infrastructure
"
"22-07-2026 15:04:08","11010","Information","Microsoft-Windows-WLAN-AutoConfig","Wireless security started.

Network Adapter: Intel(R) Wi-Fi 7 BE201 320MHz
Interface GUID: {556d9bdf-d387-4ab9-be4c-a7e220faf218}
Local MAC Address: C0:A8:10:9D:15:AC
Network SSID: NIQ
BSS Type: Infrastructure
Authentication: WPA2-Enterprise
Encryption: AES-GCMP-128
FIPS Mode: Disabled
802.1x Enabled: Yes
"
"22-07-2026 15:04:08","11004","Information","Microsoft-Windows-WLAN-AutoConfig","Wireless security stopped.

Network Adapter: Intel(R) Wi-Fi 7 BE201 320MHz
Interface GUID: {556d9bdf-d387-4ab9-be4c-a7e220faf218}
Local MAC Address: C0:A8:10:9D:15:AC
Network SSID: NIQ
BSS Type: Infrastructure
Security Hint: The operation was successful.
"
"22-07-2026 14:43:36","11005","Information","Microsoft-Windows-WLAN-AutoConfig","Wireless security succeeded.

Network Adapter: Intel(R) Wi-Fi 7 BE201 320MHz
Interface GUID: {556d9bdf-d387-4ab9-be4c-a7e220faf218}
Local MAC Address: C0:A8:10:9D:15:AC
Network SSID: NIQ
BSS Type: Infrastructure
"
"22-07-2026 14:43:36","11010","Information","Microsoft-Windows-WLAN-AutoConfig","Wireless security started.

Network Adapter: Intel(R) Wi-Fi 7 BE201 320MHz
Interface GUID: {556d9bdf-d387-4ab9-be4c-a7e220faf218}
Local MAC Address: C0:A8:10:9D:15:AC
Network SSID: NIQ
BSS Type: Infrastructure
Authentication: WPA2-Enterprise
Encryption: AES-GCMP-128
FIPS Mode: Disabled
802.1x Enabled: Yes
"
"22-07-2026 14:43:36","11004","Information","Microsoft-Windows-WLAN-AutoConfig","Wireless security stopped.

Network Adapter: Intel(R) Wi-Fi 7 BE201 320MHz
Interface GUID: {556d9bdf-d387-4ab9-be4c-a7e220faf218}
Local MAC Address: C0:A8:10:9D:15:AC
Network SSID: NIQ
BSS Type: Infrastructure
Security Hint: The operation was successful.
"
"22-07-2026 14:41:24","11005","Information","Microsoft-Windows-WLAN-AutoConfig","Wireless security succeeded.

Network Adapter: Intel(R) Wi-Fi 7 BE201 320MHz
Interface GUID: {556d9bdf-d387-4ab9-be4c-a7e220faf218}
Local MAC Address: C0:A8:10:9D:15:AC
Network SSID: NIQ
BSS Type: Infrastructure
"
"22-07-2026 14:41:24","11010","Information","Microsoft-Windows-WLAN-AutoConfig","Wireless security started.

Network Adapter: Intel(R) Wi-Fi 7 BE201 320MHz
Interface GUID: {556d9bdf-d387-4ab9-be4c-a7e220faf218}
Local MAC Address: C0:A8:10:9D:15:AC
Network SSID: NIQ
BSS Type: Infrastructure
Authentication: WPA2-Enterprise
Encryption: AES-GCMP-128
FIPS Mode: Disabled
802.1x Enabled: Yes
"
"22-07-2026 14:41:24","11004","Information","Microsoft-Windows-WLAN-AutoConfig","Wireless security stopped.

Network Adapter: Intel(R) Wi-Fi 7 BE201 320MHz
Interface GUID: {556d9bdf-d387-4ab9-be4c-a7e220faf218}
Local MAC Address: C0:A8:10:9D:15:AC
Network SSID: NIQ
BSS Type: Infrastructure
Security Hint: The operation was successful.
"
"22-07-2026 14:27:05","11005","Information","Microsoft-Windows-WLAN-AutoConfig","Wireless security succeeded.

Network Adapter: Intel(R) Wi-Fi 7 BE201 320MHz
Interface GUID: {556d9bdf-d387-4ab9-be4c-a7e220faf218}
Local MAC Address: C0:A8:10:9D:15:AC
Network SSID: NIQ
BSS Type: Infrastructure
"
"22-07-2026 14:27:04","11010","Information","Microsoft-Windows-WLAN-AutoConfig","Wireless security started.

Network Adapter: Intel(R) Wi-Fi 7 BE201 320MHz
Interface GUID: {556d9bdf-d387-4ab9-be4c-a7e220faf218}
Local MAC Address: C0:A8:10:9D:15:AC
Network SSID: NIQ
BSS Type: Infrastructure
Authentication: WPA2-Enterprise
Encryption: AES-GCMP-128
FIPS Mode: Disabled
802.1x Enabled: Yes
"
"22-07-2026 14:27:04","11004","Information","Microsoft-Windows-WLAN-AutoConfig","Wireless security stopped.

Network Adapter: Intel(R) Wi-Fi 7 BE201 320MHz
Interface GUID: {556d9bdf-d387-4ab9-be4c-a7e220faf218}
Local MAC Address: C0:A8:10:9D:15:AC
Network SSID: NIQ
BSS Type: Infrastructure
Security Hint: The operation was successful.
"
"22-07-2026 14:22:00","11005","Information","Microsoft-Windows-WLAN-AutoConfig","Wireless security succeeded.

Network Adapter: Intel(R) Wi-Fi 7 BE201 320MHz
Interface GUID: {556d9bdf-d387-4ab9-be4c-a7e220faf218}
Local MAC Address: C0:A8:10:9D:15:AC
Network SSID: NIQ
BSS Type: Infrastructure
"
"22-07-2026 14:22:00","11010","Information","Microsoft-Windows-WLAN-AutoConfig","Wireless security started.

Network Adapter: Intel(R) Wi-Fi 7 BE201 320MHz
Interface GUID: {556d9bdf-d387-4ab9-be4c-a7e220faf218}
Local MAC Address: C0:A8:10:9D:15:AC
Network SSID: NIQ
BSS Type: Infrastructure
Authentication: WPA2-Enterprise
Encryption: AES-GCMP-128
FIPS Mode: Disabled
802.1x Enabled: Yes
"
"22-07-2026 14:22:00","11004","Information","Microsoft-Windows-WLAN-AutoConfig","Wireless security stopped.

Network Adapter: Intel(R) Wi-Fi 7 BE201 320MHz
Interface GUID: {556d9bdf-d387-4ab9-be4c-a7e220faf218}
Local MAC Address: C0:A8:10:9D:15:AC
Network SSID: NIQ
BSS Type: Infrastructure
Security Hint: The operation was successful.
"
"22-07-2026 14:16:26","11005","Information","Microsoft-Windows-WLAN-AutoConfig","Wireless security succeeded.

Network Adapter: Intel(R) Wi-Fi 7 BE201 320MHz
Interface GUID: {556d9bdf-d387-4ab9-be4c-a7e220faf218}
Local MAC Address: C0:A8:10:9D:15:AC
Network SSID: NIQ
BSS Type: Infrastructure
"
"22-07-2026 14:16:26","11010","Information","Microsoft-Windows-WLAN-AutoConfig","Wireless security started.

Network Adapter: Intel(R) Wi-Fi 7 BE201 320MHz
Interface GUID: {556d9bdf-d387-4ab9-be4c-a7e220faf218}
Local MAC Address: C0:A8:10:9D:15:AC
Network SSID: NIQ
BSS Type: Infrastructure
Authentication: WPA2-Enterprise
Encryption: AES-GCMP-128
FIPS Mode: Disabled
802.1x Enabled: Yes
"
"22-07-2026 14:16:26","11004","Information","Microsoft-Windows-WLAN-AutoConfig","Wireless security stopped.

Network Adapter: Intel(R) Wi-Fi 7 BE201 320MHz
Interface GUID: {556d9bdf-d387-4ab9-be4c-a7e220faf218}
Local MAC Address: C0:A8:10:9D:15:AC
Network SSID: NIQ
BSS Type: Infrastructure
Security Hint: The operation was successful.
"
"22-07-2026 14:16:19","11005","Information","Microsoft-Windows-WLAN-AutoConfig","Wireless security succeeded.

Network Adapter: Intel(R) Wi-Fi 7 BE201 320MHz
Interface GUID: {556d9bdf-d387-4ab9-be4c-a7e220faf218}
Local MAC Address: C0:A8:10:9D:15:AC
Network SSID: NIQ
BSS Type: Infrastructure
"
"22-07-2026 14:16:19","11010","Information","Microsoft-Windows-WLAN-AutoConfig","Wireless security started.

Network Adapter: Intel(R) Wi-Fi 7 BE201 320MHz
Interface GUID: {556d9bdf-d387-4ab9-be4c-a7e220faf218}
Local MAC Address: C0:A8:10:9D:15:AC
Network SSID: NIQ
BSS Type: Infrastructure
Authentication: WPA2-Enterprise
Encryption: AES-GCMP-128
FIPS Mode: Disabled
802.1x Enabled: Yes
"
"22-07-2026 14:16:19","11004","Information","Microsoft-Windows-WLAN-AutoConfig","Wireless security stopped.

Network Adapter: Intel(R) Wi-Fi 7 BE201 320MHz
Interface GUID: {556d9bdf-d387-4ab9-be4c-a7e220faf218}
Local MAC Address: C0:A8:10:9D:15:AC
Network SSID: NIQ
BSS Type: Infrastructure
Security Hint: The operation was successful.
"
"22-07-2026 14:16:10","11005","Information","Microsoft-Windows-WLAN-AutoConfig","Wireless security succeeded.

Network Adapter: Intel(R) Wi-Fi 7 BE201 320MHz
Interface GUID: {556d9bdf-d387-4ab9-be4c-a7e220faf218}
Local MAC Address: C0:A8:10:9D:15:AC
Network SSID: NIQ
BSS Type: Infrastructure
"
"22-07-2026 14:16:10","11010","Information","Microsoft-Windows-WLAN-AutoConfig","Wireless security started.

Network Adapter: Intel(R) Wi-Fi 7 BE201 320MHz
Interface GUID: {556d9bdf-d387-4ab9-be4c-a7e220faf218}
Local MAC Address: C0:A8:10:9D:15:AC
Network SSID: NIQ
BSS Type: Infrastructure
Authentication: WPA2-Enterprise
Encryption: AES-GCMP-128
FIPS Mode: Disabled
802.1x Enabled: Yes
"
"22-07-2026 14:16:10","11004","Information","Microsoft-Windows-WLAN-AutoConfig","Wireless security stopped.

Network Adapter: Intel(R) Wi-Fi 7 BE201 320MHz
Interface GUID: {556d9bdf-d387-4ab9-be4c-a7e220faf218}
Local MAC Address: C0:A8:10:9D:15:AC
Network SSID: NIQ
BSS Type: Infrastructure
Security Hint: The operation was successful.
"
"22-07-2026 14:15:52","8001","Information","Microsoft-Windows-WLAN-AutoConfig","WLAN AutoConfig service has successfully connected to a wireless network.

Network Adapter: Intel(R) Wi-Fi 7 BE201 320MHz
Interface GUID: {556d9bdf-d387-4ab9-be4c-a7e220faf218}
Connection Mode: Automatic connection with a profile
Profile Name: NIQ
SSID: NIQ
BSS Type: Infrastructure
PHY Type: 802.11ax
Authentication: WPA2-Enterprise
Encryption: AES-CCMP
802.1x Enabled: Yes
Hidden: true
"
"22-07-2026 14:15:52","11005","Information","Microsoft-Windows-WLAN-AutoConfig","Wireless security succeeded.

Network Adapter: Intel(R) Wi-Fi 7 BE201 320MHz
Interface GUID: {556d9bdf-d387-4ab9-be4c-a7e220faf218}
Local MAC Address: C0:A8:10:9D:15:AC
Network SSID: NIQ
BSS Type: Infrastructure
"
"22-07-2026 14:15:52","12012","Information","Microsoft-Windows-WLAN-AutoConfig","Wireless 802.1x authentication succeeded.

Network Adapter: Intel(R) Wi-Fi 7 BE201 320MHz
Interface GUID: {556d9bdf-d387-4ab9-be4c-a7e220faf218}
Local MAC Address: C0:A8:10:9D:15:AC
Network SSID: NIQ
BSS Type: Infrastructure
Identity: host/LIND55MBVC4.enterprisenet.org
User: 
Domain: 
"
"22-07-2026 14:15:51","12011","Information","Microsoft-Windows-WLAN-AutoConfig","Wireless 802.1x authentication started.

Network Adapter: Intel(R) Wi-Fi 7 BE201 320MHz
Interface GUID: {556d9bdf-d387-4ab9-be4c-a7e220faf218}
Local MAC Address: C0:A8:10:9D:15:AC
Network SSID: NIQ
BSS Type: Infrastructure
Eap Information: Type 13, Vendor ID 0, Vendor Type 0, Author ID 0
"
"22-07-2026 14:15:51","11010","Information","Microsoft-Windows-WLAN-AutoConfig","Wireless security started.

Network Adapter: Intel(R) Wi-Fi 7 BE201 320MHz
Interface GUID: {556d9bdf-d387-4ab9-be4c-a7e220faf218}
Local MAC Address: C0:A8:10:9D:15:AC
Network SSID: NIQ
BSS Type: Infrastructure
Authentication: WPA2-Enterprise
Encryption: AES-GCMP-128
FIPS Mode: Disabled
802.1x Enabled: Yes
"
"22-07-2026 14:15:51","11001","Information","Microsoft-Windows-WLAN-AutoConfig","Wireless network association succeeded.

Network Adapter: Intel(R) Wi-Fi 7 BE201 320MHz
Interface GUID: {556d9bdf-d387-4ab9-be4c-a7e220faf218}
Local MAC Address: C0:A8:10:9D:15:AC
Network SSID: NIQ
BSS Type: Infrastructure
Management Frame Protection Enabled: 0x700000000
"
"22-07-2026 14:15:47","11000","Information","Microsoft-Windows-WLAN-AutoConfig","Wireless network association started.

Network Adapter: Intel(R) Wi-Fi 7 BE201 320MHz
Interface GUID: {556d9bdf-d387-4ab9-be4c-a7e220faf218}
Local MAC Address: C0:A8:10:9D:15:AC
Network SSID: NIQ
BSS Type: Infrastructure
Authentication: WPA2-Enterprise
Encryption: AES-GCMP-128
802.1X Enabled: Yes
"
"22-07-2026 14:15:47","8000","Information","Microsoft-Windows-WLAN-AutoConfig","WLAN AutoConfig service started a connection to a wireless network.

Network Adapter: Intel(R) Wi-Fi 7 BE201 320MHz
Interface GUID: {556d9bdf-d387-4ab9-be4c-a7e220faf218}
Connection Mode: Automatic connection with a profile
Profile Name: NIQ
SSID: NIQ
BSS Type: Infrastructure
"
"22-07-2026 14:15:47","8011","Information","Microsoft-Windows-WLAN-AutoConfig","Connect to last good network 

Network Adapter: Intel(R) Wi-Fi 7 BE201 320MHz
Interface GUID: {556d9bdf-d387-4ab9-be4c-a7e220faf218}
 Profile Name: NIQ
SSID: NIQ
BSS type: infrastructure
"
"22-07-2026 14:15:47","8002","Error","Microsoft-Windows-WLAN-AutoConfig","WLAN AutoConfig service failed to connect to a wireless network.

Network Adapter: Intel(R) Wi-Fi 7 BE201 320MHz
Interface GUID: {556d9bdf-d387-4ab9-be4c-a7e220faf218}
Connection Mode: Automatic connection with a profile
Profile Name: NIQ
SSID: NIQ
BSS Type: Infrastructure
Failure Reason:The driver disconnected while associating.
RSSI: 255
"
"22-07-2026 14:15:37","11000","Information","Microsoft-Windows-WLAN-AutoConfig","Wireless network association started.

Network Adapter: Intel(R) Wi-Fi 7 BE201 320MHz
Interface GUID: {556d9bdf-d387-4ab9-be4c-a7e220faf218}
Local MAC Address: C0:A8:10:9D:15:AC
Network SSID: NIQ
BSS Type: Infrastructure
Authentication: WPA2-Enterprise
Encryption: AES-GCMP-128
802.1X Enabled: Yes
"
"22-07-2026 14:15:37","8000","Information","Microsoft-Windows-WLAN-AutoConfig","WLAN AutoConfig service started a connection to a wireless network.

Network Adapter: Intel(R) Wi-Fi 7 BE201 320MHz
Interface GUID: {556d9bdf-d387-4ab9-be4c-a7e220faf218}
Connection Mode: Automatic connection with a profile
Profile Name: NIQ
SSID: NIQ
BSS Type: Infrastructure
"
"22-07-2026 14:15:36","8003","Information","Microsoft-Windows-WLAN-AutoConfig","WLAN AutoConfig service has successfully disconnected from a wireless network.

Network Adapter: Intel(R) Wi-Fi 7 BE201 320MHz
Interface GUID: {556d9bdf-d387-4ab9-be4c-a7e220faf218}
Connection Mode: Automatic connection with a profile
Profile Name: NIQ
SSID: NIQ
BSS Type: Infrastructure
Reason: The network is disconnected by the driver.
"
"22-07-2026 14:15:23","11004","Information","Microsoft-Windows-WLAN-AutoConfig","Wireless security stopped.

Network Adapter: Intel(R) Wi-Fi 7 BE201 320MHz
Interface GUID: {556d9bdf-d387-4ab9-be4c-a7e220faf218}
Local MAC Address: C0:A8:10:9D:15:AC
Network SSID: NIQ
BSS Type: Infrastructure
Security Hint: The operation was successful.
"
"22-07-2026 14:15:14","11005","Information","Microsoft-Windows-WLAN-AutoConfig","Wireless security succeeded.

Network Adapter: Intel(R) Wi-Fi 7 BE201 320MHz
Interface GUID: {556d9bdf-d387-4ab9-be4c-a7e220faf218}
Local MAC Address: C0:A8:10:9D:15:AC
Network SSID: NIQ
BSS Type: Infrastructure
"
"22-07-2026 14:15:14","11010","Information","Microsoft-Windows-WLAN-AutoConfig","Wireless security started.

Network Adapter: Intel(R) Wi-Fi 7 BE201 320MHz
Interface GUID: {556d9bdf-d387-4ab9-be4c-a7e220faf218}
Local MAC Address: C0:A8:10:9D:15:AC
Network SSID: NIQ
BSS Type: Infrastructure
Authentication: WPA2-Enterprise
Encryption: AES-GCMP-128
FIPS Mode: Disabled
802.1x Enabled: Yes
"
"22-07-2026 14:15:14","11004","Information","Microsoft-Windows-WLAN-AutoConfig","Wireless security stopped.

Network Adapter: Intel(R) Wi-Fi 7 BE201 320MHz
Interface GUID: {556d9bdf-d387-4ab9-be4c-a7e220faf218}
Local MAC Address: C0:A8:10:9D:15:AC
Network SSID: NIQ
BSS Type: Infrastructure
Security Hint: The operation was successful.
"
"22-07-2026 14:09:17","11005","Information","Microsoft-Windows-WLAN-AutoConfig","Wireless security succeeded.

Network Adapter: Intel(R) Wi-Fi 7 BE201 320MHz
Interface GUID: {556d9bdf-d387-4ab9-be4c-a7e220faf218}
Local MAC Address: C0:A8:10:9D:15:AC
Network SSID: NIQ
BSS Type: Infrastructure
"
"22-07-2026 14:09:17","11010","Information","Microsoft-Windows-WLAN-AutoConfig","Wireless security started.

Network Adapter: Intel(R) Wi-Fi 7 BE201 320MHz
Interface GUID: {556d9bdf-d387-4ab9-be4c-a7e220faf218}
Local MAC Address: C0:A8:10:9D:15:AC
Network SSID: NIQ
BSS Type: Infrastructure
Authentication: WPA2-Enterprise
Encryption: AES-GCMP-128
FIPS Mode: Disabled
802.1x Enabled: Yes
"
"22-07-2026 14:09:17","11004","Information","Microsoft-Windows-WLAN-AutoConfig","Wireless security stopped.

Network Adapter: Intel(R) Wi-Fi 7 BE201 320MHz
Interface GUID: {556d9bdf-d387-4ab9-be4c-a7e220faf218}
Local MAC Address: C0:A8:10:9D:15:AC
Network SSID: NIQ
BSS Type: Infrastructure
Security Hint: The operation was successful.
"
"22-07-2026 14:09:17","11005","Information","Microsoft-Windows-WLAN-AutoConfig","Wireless security succeeded.

Network Adapter: Intel(R) Wi-Fi 7 BE201 320MHz
Interface GUID: {556d9bdf-d387-4ab9-be4c-a7e220faf218}
Local MAC Address: C0:A8:10:9D:15:AC
Network SSID: NIQ
BSS Type: Infrastructure
"
"22-07-2026 14:09:16","11010","Information","Microsoft-Windows-WLAN-AutoConfig","Wireless security started.

Network Adapter: Intel(R) Wi-Fi 7 BE201 320MHz
Interface GUID: {556d9bdf-d387-4ab9-be4c-a7e220faf218}
Local MAC Address: C0:A8:10:9D:15:AC
Network SSID: NIQ
BSS Type: Infrastructure
Authentication: WPA2-Enterprise
Encryption: AES-GCMP-128
FIPS Mode: Disabled
802.1x Enabled: Yes
"
"22-07-2026 14:09:16","11004","Information","Microsoft-Windows-WLAN-AutoConfig","Wireless security stopped.

Network Adapter: Intel(R) Wi-Fi 7 BE201 320MHz
Interface GUID: {556d9bdf-d387-4ab9-be4c-a7e220faf218}
Local MAC Address: C0:A8:10:9D:15:AC
Network SSID: NIQ
BSS Type: Infrastructure
Security Hint: The operation was successful.
"
"22-07-2026 13:55:53","11005","Information","Microsoft-Windows-WLAN-AutoConfig","Wireless security succeeded.

Network Adapter: Intel(R) Wi-Fi 7 BE201 320MHz
Interface GUID: {556d9bdf-d387-4ab9-be4c-a7e220faf218}
Local MAC Address: C0:A8:10:9D:15:AC
Network SSID: NIQ
BSS Type: Infrastructure
"
"22-07-2026 13:55:53","11010","Information","Microsoft-Windows-WLAN-AutoConfig","Wireless security started.

Network Adapter: Intel(R) Wi-Fi 7 BE201 320MHz
Interface GUID: {556d9bdf-d387-4ab9-be4c-a7e220faf218}
Local MAC Address: C0:A8:10:9D:15:AC
Network SSID: NIQ
BSS Type: Infrastructure
Authentication: WPA2-Enterprise
Encryption: AES-GCMP-128
FIPS Mode: Disabled
802.1x Enabled: Yes
"
"22-07-2026 13:55:53","11004","Information","Microsoft-Windows-WLAN-AutoConfig","Wireless security stopped.

Network Adapter: Intel(R) Wi-Fi 7 BE201 320MHz
Interface GUID: {556d9bdf-d387-4ab9-be4c-a7e220faf218}
Local MAC Address: C0:A8:10:9D:15:AC
Network SSID: NIQ
BSS Type: Infrastructure
Security Hint: The operation was successful.
"
"22-07-2026 13:53:21","11005","Information","Microsoft-Windows-WLAN-AutoConfig","Wireless security succeeded.

Network Adapter: Intel(R) Wi-Fi 7 BE201 320MHz
Interface GUID: {556d9bdf-d387-4ab9-be4c-a7e220faf218}
Local MAC Address: C0:A8:10:9D:15:AC
Network SSID: NIQ
BSS Type: Infrastructure
"
"22-07-2026 13:53:21","11010","Information","Microsoft-Windows-WLAN-AutoConfig","Wireless security started.

Network Adapter: Intel(R) Wi-Fi 7 BE201 320MHz
Interface GUID: {556d9bdf-d387-4ab9-be4c-a7e220faf218}
Local MAC Address: C0:A8:10:9D:15:AC
Network SSID: NIQ
BSS Type: Infrastructure
Authentication: WPA2-Enterprise
Encryption: AES-GCMP-128
FIPS Mode: Disabled
802.1x Enabled: Yes
"
"22-07-2026 13:53:21","11004","Information","Microsoft-Windows-WLAN-AutoConfig","Wireless security stopped.

Network Adapter: Intel(R) Wi-Fi 7 BE201 320MHz
Interface GUID: {556d9bdf-d387-4ab9-be4c-a7e220faf218}
Local MAC Address: C0:A8:10:9D:15:AC
Network SSID: NIQ
BSS Type: Infrastructure
Security Hint: The operation was successful.
"
"22-07-2026 13:48:22","11005","Information","Microsoft-Windows-WLAN-AutoConfig","Wireless security succeeded.

Network Adapter: Intel(R) Wi-Fi 7 BE201 320MHz
Interface GUID: {556d9bdf-d387-4ab9-be4c-a7e220faf218}
Local MAC Address: C0:A8:10:9D:15:AC
Network SSID: NIQ
BSS Type: Infrastructure
"
"22-07-2026 13:48:21","11010","Information","Microsoft-Windows-WLAN-AutoConfig","Wireless security started.

Network Adapter: Intel(R) Wi-Fi 7 BE201 320MHz
Interface GUID: {556d9bdf-d387-4ab9-be4c-a7e220faf218}
Local MAC Address: C0:A8:10:9D:15:AC
Network SSID: NIQ
BSS Type: Infrastructure
Authentication: WPA2-Enterprise
Encryption: AES-GCMP-128
FIPS Mode: Disabled
802.1x Enabled: Yes
"
"22-07-2026 13:48:21","11004","Information","Microsoft-Windows-WLAN-AutoConfig","Wireless security stopped.

Network Adapter: Intel(R) Wi-Fi 7 BE201 320MHz
Interface GUID: {556d9bdf-d387-4ab9-be4c-a7e220faf218}
Local MAC Address: C0:A8:10:9D:15:AC
Network SSID: NIQ
BSS Type: Infrastructure
Security Hint: The operation was successful.
"
"22-07-2026 13:47:08","11005","Information","Microsoft-Windows-WLAN-AutoConfig","Wireless security succeeded.

Network Adapter: Intel(R) Wi-Fi 7 BE201 320MHz
Interface GUID: {556d9bdf-d387-4ab9-be4c-a7e220faf218}
Local MAC Address: C0:A8:10:9D:15:AC
Network SSID: NIQ
BSS Type: Infrastructure
"
"22-07-2026 13:47:08","11010","Information","Microsoft-Windows-WLAN-AutoConfig","Wireless security started.

Network Adapter: Intel(R) Wi-Fi 7 BE201 320MHz
Interface GUID: {556d9bdf-d387-4ab9-be4c-a7e220faf218}
Local MAC Address: C0:A8:10:9D:15:AC
Network SSID: NIQ
BSS Type: Infrastructure
Authentication: WPA2-Enterprise
Encryption: AES-GCMP-128
FIPS Mode: Disabled
802.1x Enabled: Yes
"
"22-07-2026 13:47:07","11004","Information","Microsoft-Windows-WLAN-AutoConfig","Wireless security stopped.

Network Adapter: Intel(R) Wi-Fi 7 BE201 320MHz
Interface GUID: {556d9bdf-d387-4ab9-be4c-a7e220faf218}
Local MAC Address: C0:A8:10:9D:15:AC
Network SSID: NIQ
BSS Type: Infrastructure
Security Hint: The operation was successful.
"
"22-07-2026 13:46:57","11005","Information","Microsoft-Windows-WLAN-AutoConfig","Wireless security succeeded.

Network Adapter: Intel(R) Wi-Fi 7 BE201 320MHz
Interface GUID: {556d9bdf-d387-4ab9-be4c-a7e220faf218}
Local MAC Address: C0:A8:10:9D:15:AC
Network SSID: NIQ
BSS Type: Infrastructure
"
"22-07-2026 13:46:57","11010","Information","Microsoft-Windows-WLAN-AutoConfig","Wireless security started.

Network Adapter: Intel(R) Wi-Fi 7 BE201 320MHz
Interface GUID: {556d9bdf-d387-4ab9-be4c-a7e220faf218}
Local MAC Address: C0:A8:10:9D:15:AC
Network SSID: NIQ
BSS Type: Infrastructure
Authentication: WPA2-Enterprise
Encryption: AES-GCMP-128
FIPS Mode: Disabled
802.1x Enabled: Yes
"
"22-07-2026 13:46:57","11004","Information","Microsoft-Windows-WLAN-AutoConfig","Wireless security stopped.

Network Adapter: Intel(R) Wi-Fi 7 BE201 320MHz
Interface GUID: {556d9bdf-d387-4ab9-be4c-a7e220faf218}
Local MAC Address: C0:A8:10:9D:15:AC
Network SSID: NIQ
BSS Type: Infrastructure
Security Hint: The operation was successful.
"
"22-07-2026 13:38:17","11005","Information","Microsoft-Windows-WLAN-AutoConfig","Wireless security succeeded.

Network Adapter: Intel(R) Wi-Fi 7 BE201 320MHz
Interface GUID: {556d9bdf-d387-4ab9-be4c-a7e220faf218}
Local MAC Address: C0:A8:10:9D:15:AC
Network SSID: NIQ
BSS Type: Infrastructure
"
"22-07-2026 13:38:17","11010","Information","Microsoft-Windows-WLAN-AutoConfig","Wireless security started.

Network Adapter: Intel(R) Wi-Fi 7 BE201 320MHz
Interface GUID: {556d9bdf-d387-4ab9-be4c-a7e220faf218}
Local MAC Address: C0:A8:10:9D:15:AC
Network SSID: NIQ
BSS Type: Infrastructure
Authentication: WPA2-Enterprise
Encryption: AES-GCMP-128
FIPS Mode: Disabled
802.1x Enabled: Yes
"
"22-07-2026 13:38:17","11004","Information","Microsoft-Windows-WLAN-AutoConfig","Wireless security stopped.

Network Adapter: Intel(R) Wi-Fi 7 BE201 320MHz
Interface GUID: {556d9bdf-d387-4ab9-be4c-a7e220faf218}
Local MAC Address: C0:A8:10:9D:15:AC
Network SSID: NIQ
BSS Type: Infrastructure
Security Hint: The operation was successful.
"
"22-07-2026 13:00:42","11005","Information","Microsoft-Windows-WLAN-AutoConfig","Wireless security succeeded.

Network Adapter: Intel(R) Wi-Fi 7 BE201 320MHz
Interface GUID: {556d9bdf-d387-4ab9-be4c-a7e220faf218}
Local MAC Address: C0:A8:10:9D:15:AC
Network SSID: NIQ
BSS Type: Infrastructure
"
"22-07-2026 13:00:42","11010","Information","Microsoft-Windows-WLAN-AutoConfig","Wireless security started.

Network Adapter: Intel(R) Wi-Fi 7 BE201 320MHz
Interface GUID: {556d9bdf-d387-4ab9-be4c-a7e220faf218}
Local MAC Address: C0:A8:10:9D:15:AC
Network SSID: NIQ
BSS Type: Infrastructure
Authentication: WPA2-Enterprise
Encryption: AES-GCMP-128
FIPS Mode: Disabled
802.1x Enabled: Yes
"
"22-07-2026 13:00:42","11004","Information","Microsoft-Windows-WLAN-AutoConfig","Wireless security stopped.

Network Adapter: Intel(R) Wi-Fi 7 BE201 320MHz
Interface GUID: {556d9bdf-d387-4ab9-be4c-a7e220faf218}
Local MAC Address: C0:A8:10:9D:15:AC
Network SSID: NIQ
BSS Type: Infrastructure
Security Hint: The operation was successful.
"
"22-07-2026 12:52:01","11005","Information","Microsoft-Windows-WLAN-AutoConfig","Wireless security succeeded.

Network Adapter: Intel(R) Wi-Fi 7 BE201 320MHz
Interface GUID: {556d9bdf-d387-4ab9-be4c-a7e220faf218}
Local MAC Address: C0:A8:10:9D:15:AC
Network SSID: NIQ
BSS Type: Infrastructure
"
"22-07-2026 12:52:01","11010","Information","Microsoft-Windows-WLAN-AutoConfig","Wireless security started.

Network Adapter: Intel(R) Wi-Fi 7 BE201 320MHz
Interface GUID: {556d9bdf-d387-4ab9-be4c-a7e220faf218}
Local MAC Address: C0:A8:10:9D:15:AC
Network SSID: NIQ
BSS Type: Infrastructure
Authentication: WPA2-Enterprise
Encryption: AES-GCMP-128
FIPS Mode: Disabled
802.1x Enabled: Yes
"
"22-07-2026 12:52:01","11004","Information","Microsoft-Windows-WLAN-AutoConfig","Wireless security stopped.

Network Adapter: Intel(R) Wi-Fi 7 BE201 320MHz
Interface GUID: {556d9bdf-d387-4ab9-be4c-a7e220faf218}
Local MAC Address: C0:A8:10:9D:15:AC
Network SSID: NIQ
BSS Type: Infrastructure
Security Hint: The operation was successful.
"
"22-07-2026 12:51:46","8001","Information","Microsoft-Windows-WLAN-AutoConfig","WLAN AutoConfig service has successfully connected to a wireless network.

Network Adapter: Intel(R) Wi-Fi 7 BE201 320MHz
Interface GUID: {556d9bdf-d387-4ab9-be4c-a7e220faf218}
Connection Mode: Automatic connection with a profile
Profile Name: NIQ
SSID: NIQ
BSS Type: Infrastructure
PHY Type: 802.11ax
Authentication: WPA2-Enterprise
Encryption: AES-CCMP
802.1x Enabled: Yes
Hidden: true
"
"22-07-2026 12:51:46","11005","Information","Microsoft-Windows-WLAN-AutoConfig","Wireless security succeeded.

Network Adapter: Intel(R) Wi-Fi 7 BE201 320MHz
Interface GUID: {556d9bdf-d387-4ab9-be4c-a7e220faf218}
Local MAC Address: C0:A8:10:9D:15:AC
Network SSID: NIQ
BSS Type: Infrastructure
"
"22-07-2026 12:51:46","12012","Information","Microsoft-Windows-WLAN-AutoConfig","Wireless 802.1x authentication succeeded.

Network Adapter: Intel(R) Wi-Fi 7 BE201 320MHz
Interface GUID: {556d9bdf-d387-4ab9-be4c-a7e220faf218}
Local MAC Address: C0:A8:10:9D:15:AC
Network SSID: NIQ
BSS Type: Infrastructure
Identity: host/LIND55MBVC4.enterprisenet.org
User: 
Domain: 
"
"22-07-2026 12:51:45","12011","Information","Microsoft-Windows-WLAN-AutoConfig","Wireless 802.1x authentication started.

Network Adapter: Intel(R) Wi-Fi 7 BE201 320MHz
Interface GUID: {556d9bdf-d387-4ab9-be4c-a7e220faf218}
Local MAC Address: C0:A8:10:9D:15:AC
Network SSID: NIQ
BSS Type: Infrastructure
Eap Information: Type 13, Vendor ID 0, Vendor Type 0, Author ID 0
"
"22-07-2026 12:51:45","11010","Information","Microsoft-Windows-WLAN-AutoConfig","Wireless security started.

Network Adapter: Intel(R) Wi-Fi 7 BE201 320MHz
Interface GUID: {556d9bdf-d387-4ab9-be4c-a7e220faf218}
Local MAC Address: C0:A8:10:9D:15:AC
Network SSID: NIQ
BSS Type: Infrastructure
Authentication: WPA2-Enterprise
Encryption: AES-GCMP-128
FIPS Mode: Disabled
802.1x Enabled: Yes
"
"22-07-2026 12:51:45","11001","Information","Microsoft-Windows-WLAN-AutoConfig","Wireless network association succeeded.

Network Adapter: Intel(R) Wi-Fi 7 BE201 320MHz
Interface GUID: {556d9bdf-d387-4ab9-be4c-a7e220faf218}
Local MAC Address: C0:A8:10:9D:15:AC
Network SSID: NIQ
BSS Type: Infrastructure
Management Frame Protection Enabled: 0x500000000
"
"22-07-2026 12:51:44","11000","Information","Microsoft-Windows-WLAN-AutoConfig","Wireless network association started.

Network Adapter: Intel(R) Wi-Fi 7 BE201 320MHz
Interface GUID: {556d9bdf-d387-4ab9-be4c-a7e220faf218}
Local MAC Address: C0:A8:10:9D:15:AC
Network SSID: NIQ
BSS Type: Infrastructure
Authentication: WPA2-Enterprise
Encryption: AES-GCMP-128
802.1X Enabled: Yes
"
"22-07-2026 12:51:44","8000","Information","Microsoft-Windows-WLAN-AutoConfig","WLAN AutoConfig service started a connection to a wireless network.

Network Adapter: Intel(R) Wi-Fi 7 BE201 320MHz
Interface GUID: {556d9bdf-d387-4ab9-be4c-a7e220faf218}
Connection Mode: Automatic connection with a profile
Profile Name: NIQ
SSID: NIQ
BSS Type: Infrastructure
"
"22-07-2026 12:51:38","8002","Error","Microsoft-Windows-WLAN-AutoConfig","WLAN AutoConfig service failed to connect to a wireless network.

Network Adapter: Intel(R) Wi-Fi 7 BE201 320MHz
Interface GUID: {556d9bdf-d387-4ab9-be4c-a7e220faf218}
Connection Mode: Automatic connection with a profile
Profile Name: NIQ
SSID: NIQ
BSS Type: Infrastructure
Failure Reason:The driver disconnected while associating.
RSSI: 255
"
"22-07-2026 12:51:27","11000","Information","Microsoft-Windows-WLAN-AutoConfig","Wireless network association started.

Network Adapter: Intel(R) Wi-Fi 7 BE201 320MHz
Interface GUID: {556d9bdf-d387-4ab9-be4c-a7e220faf218}
Local MAC Address: C0:A8:10:9D:15:AC
Network SSID: NIQ
BSS Type: Infrastructure
Authentication: WPA2-Enterprise
Encryption: AES-GCMP-128
802.1X Enabled: Yes
"
"22-07-2026 12:51:27","8000","Information","Microsoft-Windows-WLAN-AutoConfig","WLAN AutoConfig service started a connection to a wireless network.

Network Adapter: Intel(R) Wi-Fi 7 BE201 320MHz
Interface GUID: {556d9bdf-d387-4ab9-be4c-a7e220faf218}
Connection Mode: Automatic connection with a profile
Profile Name: NIQ
SSID: NIQ
BSS Type: Infrastructure
"
"22-07-2026 12:51:27","8011","Information","Microsoft-Windows-WLAN-AutoConfig","Connect to last good network 

Network Adapter: Intel(R) Wi-Fi 7 BE201 320MHz
Interface GUID: {556d9bdf-d387-4ab9-be4c-a7e220faf218}
 Profile Name: NIQ
SSID: NIQ
BSS type: infrastructure
"
