"11-08-2026 12:07:08","811","Information","Microsoft-Windows-Winlogon","The winlogon notification subscriber <SessionEnv> began handling the notification event (2)."
"11-08-2026 12:07:08","2","Information","Microsoft-Windows-Winlogon","Authentication stopped. Result 0"
"11-08-2026 12:07:08","1","Information","Microsoft-Windows-Winlogon","Authentication started."
"11-08-2026 12:02:31","812","Information","Microsoft-Windows-Winlogon","The winlogon notification subscriber <TermSrv> finished handling the notification event (0)."
"11-08-2026 12:02:31","811","Information","Microsoft-Windows-Winlogon","The winlogon notification subscriber <TermSrv> began handling the notification event (0)."
"11-08-2026 12:02:31","812","Information","Microsoft-Windows-Winlogon","The winlogon notification subscriber <GPClient> finished handling the notification event (0)."
"11-08-2026 12:02:31","811","Information","Microsoft-Windows-Winlogon","The winlogon notification subscriber <GPClient> began handling the notification event (0)."
"11-08-2026 12:01:39","812","Information","Microsoft-Windows-Winlogon","The winlogon notification subscriber <TermSrv> finished handling the notification event (1)."
"11-08-2026 12:01:39","811","Information","Microsoft-Windows-Winlogon","The winlogon notification subscriber <TermSrv> began handling the notification event (1)."
"11-08-2026 12:01:39","812","Information","Microsoft-Windows-Winlogon","The winlogon notification subscriber <Dot3svc> finished handling the notification event (3)."
"11-08-2026 12:01:39","811","Information","Microsoft-Windows-Winlogon","The winlogon notification subscriber <Dot3svc> began handling the notification event (3)."
"11-08-2026 12:01:39","812","Information","Microsoft-Windows-Winlogon","The winlogon notification subscriber <Wlansvc> finished handling the notification event (3)."
"11-08-2026 12:01:39","811","Information","Microsoft-Windows-Winlogon","The winlogon notification subscriber <Wlansvc> began handling the notification event (3)."
"11-08-2026 12:01:39","812","Information","Microsoft-Windows-Winlogon","The winlogon notification subscriber <SessionEnv> finished handling the notification event (3)."
"11-08-2026 12:01:39","811","Information","Microsoft-Windows-Winlogon","The winlogon notification subscriber <SessionEnv> began handling the notification event (3)."
"11-08-2026 12:01:39","812","Information","Microsoft-Windows-Winlogon","The winlogon notification subscriber <Profiles> finished handling the notification event (3)."
"11-08-2026 12:01:39","811","Information","Microsoft-Windows-Winlogon","The winlogon notification subscriber <Profiles> began handling the notification event (3)."
"11-08-2026 12:01:38","812","Information","Microsoft-Windows-Winlogon","The winlogon notification subscriber <GPClient> finished handling the notification event (3)."
"11-08-2026 12:01:38","811","Information","Microsoft-Windows-Winlogon","The winlogon notification subscriber <GPClient> began handling the notification event (3)."
"11-08-2026 12:01:38","812","Information","Microsoft-Windows-Winlogon","The winlogon notification subscriber <TermSrv> finished handling the notification event (3)."
"11-08-2026 12:01:38","811","Information","Microsoft-Windows-Winlogon","The winlogon notification subscriber <TermSrv> began handling the notification event (3)."
"11-08-2026 12:01:38","812","Information","Microsoft-Windows-Winlogon","The winlogon notification subscriber <Sens> finished handling the notification event (3)."
"11-08-2026 12:01:38","811","Information","Microsoft-Windows-Winlogon","The winlogon notification subscriber <Sens> began handling the notification event (3)."
"11-08-2026 12:01:38","812","Information","Microsoft-Windows-Winlogon","The winlogon notification subscriber <TermSrv> finished handling the notification event (13)."
"11-08-2026 12:01:38","811","Information","Microsoft-Windows-Winlogon","The winlogon notification subscriber <TermSrv> began handling the notification event (13)."
"11-08-2026 12:01:38","812","Information","Microsoft-Windows-Winlogon","The winlogon notification subscriber <GPClient> finished handling the notification event (13)."
"11-08-2026 12:01:38","811","Information","Microsoft-Windows-Winlogon","The winlogon notification subscriber <GPClient> began handling the notification event (13)."
"11-08-2026 12:01:38","812","Information","Microsoft-Windows-Winlogon","The winlogon notification subscriber <GPClient> finished handling the notification event (13)."
"11-08-2026 12:01:38","811","Information","Microsoft-Windows-Winlogon","The winlogon notification subscriber <GPClient> began handling the notification event (13)."
"11-08-2026 11:43:11","812","Information","Microsoft-Windows-Winlogon","The winlogon notification subscriber <TermSrv> finished handling the notification event (5)."
"11-08-2026 11:43:11","811","Information","Microsoft-Windows-Winlogon","The winlogon notification subscriber <TermSrv> began handling the notification event (5)."
"11-08-2026 11:43:11","812","Information","Microsoft-Windows-Winlogon","The winlogon notification subscriber <Sens> finished handling the notification event (5)."
"11-08-2026 11:43:11","811","Information","Microsoft-Windows-Winlogon","The winlogon notification subscriber <Sens> began handling the notification event (5)."
"11-08-2026 11:27:10","812","Information","Microsoft-Windows-Winlogon","The winlogon notification subscriber <TermSrv> finished handling the notification event (4)."
"11-08-2026 11:27:10","811","Information","Microsoft-Windows-Winlogon","The winlogon notification subscriber <TermSrv> began handling the notification event (4)."
"11-08-2026 11:27:10","812","Information","Microsoft-Windows-Winlogon","The winlogon notification subscriber <Sens> finished handling the notification event (4)."
"11-08-2026 11:27:10","811","Information","Microsoft-Windows-Winlogon","The winlogon notification subscriber <Sens> began handling the notification event (4)."
"11-08-2026 11:07:00","812","Information","Microsoft-Windows-Winlogon","The winlogon notification subscriber <TermSrv> finished handling the notification event (5)."
"11-08-2026 11:07:00","811","Information","Microsoft-Windows-Winlogon","The winlogon notification subscriber <TermSrv> began handling the notification event (5)."
"11-08-2026 11:07:00","812","Information","Microsoft-Windows-Winlogon","The winlogon notification subscriber <Sens> finished handling the notification event (5)."
"11-08-2026 11:07:00","811","Information","Microsoft-Windows-Winlogon","The winlogon notification subscriber <Sens> began handling the notification event (5)."
"11-08-2026 11:02:03","812","Information","Microsoft-Windows-Winlogon","The winlogon notification subscriber <TermSrv> finished handling the notification event (4)."
"11-08-2026 11:02:03","811","Information","Microsoft-Windows-Winlogon","The winlogon notification subscriber <TermSrv> began handling the notification event (4)."
"11-08-2026 11:02:03","812","Information","Microsoft-Windows-Winlogon","The winlogon notification subscriber <Sens> finished handling the notification event (4)."
"11-08-2026 11:02:03","811","Information","Microsoft-Windows-Winlogon","The winlogon notification subscriber <Sens> began handling the notification event (4)."
"11-08-2026 11:01:34","812","Information","Microsoft-Windows-Winlogon","The winlogon notification subscriber <TermSrv> finished handling the notification event (5)."
"11-08-2026 11:01:34","811","Information","Microsoft-Windows-Winlogon","The winlogon notification subscriber <TermSrv> began handling the notification event (5)."
"11-08-2026 11:01:34","812","Information","Microsoft-Windows-Winlogon","The winlogon notification subscriber <Sens> finished handling the notification event (5)."
"11-08-2026 11:01:34","811","Information","Microsoft-Windows-Winlogon","The winlogon notification subscriber <Sens> began handling the notification event (5)."
"11-08-2026 10:40:17","812","Information","Microsoft-Windows-Winlogon","The winlogon notification subscriber <TermSrv> finished handling the notification event (4)."
"11-08-2026 10:40:17","811","Information","Microsoft-Windows-Winlogon","The winlogon notification subscriber <TermSrv> began handling the notification event (4)."
"11-08-2026 10:40:17","812","Information","Microsoft-Windows-Winlogon","The winlogon notification subscriber <Sens> finished handling the notification event (4)."
"11-08-2026 10:40:17","811","Information","Microsoft-Windows-Winlogon","The winlogon notification subscriber <Sens> began handling the notification event (4)."
"11-08-2026 09:32:32","812","Information","Microsoft-Windows-Winlogon","The winlogon notification subscriber <TermSrv> finished handling the notification event (5)."
"11-08-2026 09:32:32","811","Information","Microsoft-Windows-Winlogon","The winlogon notification subscriber <TermSrv> began handling the notification event (5)."
"11-08-2026 09:32:32","812","Information","Microsoft-Windows-Winlogon","The winlogon notification subscriber <Sens> finished handling the notification event (5)."
"11-08-2026 09:32:32","811","Information","Microsoft-Windows-Winlogon","The winlogon notification subscriber <Sens> began handling the notification event (5)."
"11-08-2026 09:11:22","812","Information","Microsoft-Windows-Winlogon","The winlogon notification subscriber <TermSrv> finished handling the notification event (4)."
"11-08-2026 09:11:22","811","Information","Microsoft-Windows-Winlogon","The winlogon notification subscriber <TermSrv> began handling the notification event (4)."
"11-08-2026 09:11:22","812","Information","Microsoft-Windows-Winlogon","The winlogon notification subscriber <Sens> finished handling the notification event (4)."
"11-08-2026 09:11:22","811","Information","Microsoft-Windows-Winlogon","The winlogon notification subscriber <Sens> began handling the notification event (4)."
"11-08-2026 09:10:54","812","Information","Microsoft-Windows-Winlogon","The winlogon notification subscriber <TermSrv> finished handling the notification event (5)."
"11-08-2026 09:10:54","811","Information","Microsoft-Windows-Winlogon","The winlogon notification subscriber <TermSrv> began handling the notification event (5)."
"11-08-2026 09:10:54","812","Information","Microsoft-Windows-Winlogon","The winlogon notification subscriber <Sens> finished handling the notification event (5)."
"11-08-2026 09:10:54","811","Information","Microsoft-Windows-Winlogon","The winlogon notification subscriber <Sens> began handling the notification event (5)."
"10-08-2026 18:50:32","812","Information","Microsoft-Windows-Winlogon","The winlogon notification subscriber <TermSrv> finished handling the notification event (4)."
"10-08-2026 18:50:32","811","Information","Microsoft-Windows-Winlogon","The winlogon notification subscriber <TermSrv> began handling the notification event (4)."
"10-08-2026 18:50:32","812","Information","Microsoft-Windows-Winlogon","The winlogon notification subscriber <Sens> finished handling the notification event (4)."
"10-08-2026 18:50:32","811","Information","Microsoft-Windows-Winlogon","The winlogon notification subscriber <Sens> began handling the notification event (4)."
"10-08-2026 18:40:19","812","Information","Microsoft-Windows-Winlogon","The winlogon notification subscriber <TermSrv> finished handling the notification event (5)."
"10-08-2026 18:40:19","811","Information","Microsoft-Windows-Winlogon","The winlogon notification subscriber <TermSrv> began handling the notification event (5)."
"10-08-2026 18:40:19","812","Information","Microsoft-Windows-Winlogon","The winlogon notification subscriber <Sens> finished handling the notification event (5)."
"10-08-2026 18:40:19","811","Information","Microsoft-Windows-Winlogon","The winlogon notification subscriber <Sens> began handling the notification event (5)."
"10-08-2026 17:16:22","812","Information","Microsoft-Windows-Winlogon","The winlogon notification subscriber <TermSrv> finished handling the notification event (4)."
"10-08-2026 17:16:22","811","Information","Microsoft-Windows-Winlogon","The winlogon notification subscriber <TermSrv> began handling the notification event (4)."
"10-08-2026 17:16:22","812","Information","Microsoft-Windows-Winlogon","The winlogon notification subscriber <Sens> finished handling the notification event (4)."
"10-08-2026 17:16:22","811","Information","Microsoft-Windows-Winlogon","The winlogon notification subscriber <Sens> began handling the notification event (4)."
"10-08-2026 17:14:40","812","Information","Microsoft-Windows-Winlogon","The winlogon notification subscriber <TermSrv> finished handling the notification event (5)."
"10-08-2026 17:14:40","811","Information","Microsoft-Windows-Winlogon","The winlogon notification subscriber <TermSrv> began handling the notification event (5)."
"10-08-2026 17:14:40","812","Information","Microsoft-Windows-Winlogon","The winlogon notification subscriber <Sens> finished handling the notification event (5)."
"10-08-2026 17:14:40","811","Information","Microsoft-Windows-Winlogon","The winlogon notification subscriber <Sens> began handling the notification event (5)."
"10-08-2026 17:02:45","812","Information","Microsoft-Windows-Winlogon","The winlogon notification subscriber <TermSrv> finished handling the notification event (4)."
"10-08-2026 17:02:45","811","Information","Microsoft-Windows-Winlogon","The winlogon notification subscriber <TermSrv> began handling the notification event (4)."
"10-08-2026 17:02:45","812","Information","Microsoft-Windows-Winlogon","The winlogon notification subscriber <Sens> finished handling the notification event (4)."
"10-08-2026 17:02:45","811","Information","Microsoft-Windows-Winlogon","The winlogon notification subscriber <Sens> began handling the notification event (4)."
"10-08-2026 15:26:09","812","Information","Microsoft-Windows-Winlogon","The winlogon notification subscriber <TermSrv> finished handling the notification event (5)."
"10-08-2026 15:26:09","811","Information","Microsoft-Windows-Winlogon","The winlogon notification subscriber <TermSrv> began handling the notification event (5)."
"10-08-2026 15:26:09","812","Information","Microsoft-Windows-Winlogon","The winlogon notification subscriber <Sens> finished handling the notification event (5)."
"10-08-2026 15:26:09","811","Information","Microsoft-Windows-Winlogon","The winlogon notification subscriber <Sens> began handling the notification event (5)."
"10-08-2026 15:03:05","812","Information","Microsoft-Windows-Winlogon","The winlogon notification subscriber <TermSrv> finished handling the notification event (4)."
"10-08-2026 15:03:05","811","Information","Microsoft-Windows-Winlogon","The winlogon notification subscriber <TermSrv> began handling the notification event (4)."
"10-08-2026 15:03:05","812","Information","Microsoft-Windows-Winlogon","The winlogon notification subscriber <Sens> finished handling the notification event (4)."
"10-08-2026 15:03:05","811","Information","Microsoft-Windows-Winlogon","The winlogon notification subscriber <Sens> began handling the notification event (4)."
"10-08-2026 14:43:00","812","Information","Microsoft-Windows-Winlogon","The winlogon notification subscriber <TermSrv> finished handling the notification event (5)."
"10-08-2026 14:43:00","811","Information","Microsoft-Windows-Winlogon","The winlogon notification subscriber <TermSrv> began handling the notification event (5)."
"10-08-2026 14:43:00","812","Information","Microsoft-Windows-Winlogon","The winlogon notification subscriber <Sens> finished handling the notification event (5)."
"10-08-2026 14:43:00","811","Information","Microsoft-Windows-Winlogon","The winlogon notification subscriber <Sens> began handling the notification event (5)."
"10-08-2026 14:34:36","812","Information","Microsoft-Windows-Winlogon","The winlogon notification subscriber <TermSrv> finished handling the notification event (4)."
"10-08-2026 14:34:36","811","Information","Microsoft-Windows-Winlogon","The winlogon notification subscriber <TermSrv> began handling the notification event (4)."
"10-08-2026 14:34:36","812","Information","Microsoft-Windows-Winlogon","The winlogon notification subscriber <Sens> finished handling the notification event (4)."
"10-08-2026 14:34:36","811","Information","Microsoft-Windows-Winlogon","The winlogon notification subscriber <Sens> began handling the notification event (4)."
"10-08-2026 13:25:16","812","Information","Microsoft-Windows-Winlogon","The winlogon notification subscriber <TermSrv> finished handling the notification event (5)."
"10-08-2026 13:25:16","811","Information","Microsoft-Windows-Winlogon","The winlogon notification subscriber <TermSrv> began handling the notification event (5)."
"10-08-2026 13:25:16","812","Information","Microsoft-Windows-Winlogon","The winlogon notification subscriber <Sens> finished handling the notification event (5)."
"10-08-2026 13:25:16","811","Information","Microsoft-Windows-Winlogon","The winlogon notification subscriber <Sens> began handling the notification event (5)."
"10-08-2026 13:13:01","812","Information","Microsoft-Windows-Winlogon","The winlogon notification subscriber <TermSrv> finished handling the notification event (4)."
"10-08-2026 13:13:01","811","Information","Microsoft-Windows-Winlogon","The winlogon notification subscriber <TermSrv> began handling the notification event (4)."
"10-08-2026 13:13:01","812","Information","Microsoft-Windows-Winlogon","The winlogon notification subscriber <Sens> finished handling the notification event (4)."
"10-08-2026 13:13:01","811","Information","Microsoft-Windows-Winlogon","The winlogon notification subscriber <Sens> began handling the notification event (4)."
"10-08-2026 12:37:10","812","Information","Microsoft-Windows-Winlogon","The winlogon notification subscriber <TermSrv> finished handling the notification event (5)."
"10-08-2026 12:37:10","811","Information","Microsoft-Windows-Winlogon","The winlogon notification subscriber <TermSrv> began handling the notification event (5)."
"10-08-2026 12:37:10","812","Information","Microsoft-Windows-Winlogon","The winlogon notification subscriber <Sens> finished handling the notification event (5)."
"10-08-2026 12:37:10","811","Information","Microsoft-Windows-Winlogon","The winlogon notification subscriber <Sens> began handling the notification event (5)."
"10-08-2026 12:34:38","812","Information","Microsoft-Windows-Winlogon","The winlogon notification subscriber <TermSrv> finished handling the notification event (4)."
"10-08-2026 12:34:38","811","Information","Microsoft-Windows-Winlogon","The winlogon notification subscriber <TermSrv> began handling the notification event (4)."
"10-08-2026 12:34:38","812","Information","Microsoft-Windows-Winlogon","The winlogon notification subscriber <Sens> finished handling the notification event (4)."
"10-08-2026 12:34:38","811","Information","Microsoft-Windows-Winlogon","The winlogon notification subscriber <Sens> began handling the notification event (4)."
"10-08-2026 11:54:48","812","Information","Microsoft-Windows-Winlogon","The winlogon notification subscriber <TermSrv> finished handling the notification event (5)."
"10-08-2026 11:54:48","811","Information","Microsoft-Windows-Winlogon","The winlogon notification subscriber <TermSrv> began handling the notification event (5)."
"10-08-2026 11:54:48","812","Information","Microsoft-Windows-Winlogon","The winlogon notification subscriber <Sens> finished handling the notification event (5)."
"10-08-2026 11:54:48","811","Information","Microsoft-Windows-Winlogon","The winlogon notification subscriber <Sens> began handling the notification event (5)."
"10-08-2026 11:54:44","812","Information","Microsoft-Windows-Winlogon","The winlogon notification subscriber <TermSrv> finished handling the notification event (4)."
"10-08-2026 11:54:44","811","Information","Microsoft-Windows-Winlogon","The winlogon notification subscriber <TermSrv> began handling the notification event (4)."
"10-08-2026 11:54:44","812","Information","Microsoft-Windows-Winlogon","The winlogon notification subscriber <Sens> finished handling the notification event (4)."
"10-08-2026 11:54:44","811","Information","Microsoft-Windows-Winlogon","The winlogon notification subscriber <Sens> began handling the notification event (4)."
"10-08-2026 11:39:43","812","Information","Microsoft-Windows-Winlogon","The winlogon notification subscriber <TermSrv> finished handling the notification event (5)."
"10-08-2026 11:39:43","811","Information","Microsoft-Windows-Winlogon","The winlogon notification subscriber <TermSrv> began handling the notification event (5)."
"10-08-2026 11:39:43","812","Information","Microsoft-Windows-Winlogon","The winlogon notification subscriber <Sens> finished handling the notification event (5)."
"10-08-2026 11:39:43","811","Information","Microsoft-Windows-Winlogon","The winlogon notification subscriber <Sens> began handling the notification event (5)."
"10-08-2026 11:36:30","812","Information","Microsoft-Windows-Winlogon","The winlogon notification subscriber <TermSrv> finished handling the notification event (4)."
"10-08-2026 11:36:30","811","Information","Microsoft-Windows-Winlogon","The winlogon notification subscriber <TermSrv> began handling the notification event (4)."
"10-08-2026 11:36:30","812","Information","Microsoft-Windows-Winlogon","The winlogon notification subscriber <Sens> finished handling the notification event (4)."
"10-08-2026 11:36:30","811","Information","Microsoft-Windows-Winlogon","The winlogon notification subscriber <Sens> began handling the notification event (4)."
"10-08-2026 11:18:53","812","Information","Microsoft-Windows-Winlogon","The winlogon notification subscriber <TermSrv> finished handling the notification event (5)."
"10-08-2026 11:18:53","811","Information","Microsoft-Windows-Winlogon","The winlogon notification subscriber <TermSrv> began handling the notification event (5)."
"10-08-2026 11:18:53","812","Information","Microsoft-Windows-Winlogon","The winlogon notification subscriber <Sens> finished handling the notification event (5)."
"10-08-2026 11:18:53","811","Information","Microsoft-Windows-Winlogon","The winlogon notification subscriber <Sens> began handling the notification event (5)."
"10-08-2026 11:03:31","812","Information","Microsoft-Windows-Winlogon","The winlogon notification subscriber <TermSrv> finished handling the notification event (4)."
"10-08-2026 11:03:31","811","Information","Microsoft-Windows-Winlogon","The winlogon notification subscriber <TermSrv> began handling the notification event (4)."
"10-08-2026 11:03:31","812","Information","Microsoft-Windows-Winlogon","The winlogon notification subscriber <Sens> finished handling the notification event (4)."
"10-08-2026 11:03:31","811","Information","Microsoft-Windows-Winlogon","The winlogon notification subscriber <Sens> began handling the notification event (4)."
"10-08-2026 10:44:18","812","Information","Microsoft-Windows-Winlogon","The winlogon notification subscriber <TermSrv> finished handling the notification event (5)."
"10-08-2026 10:44:18","811","Information","Microsoft-Windows-Winlogon","The winlogon notification subscriber <TermSrv> began handling the notification event (5)."
"10-08-2026 10:44:18","812","Information","Microsoft-Windows-Winlogon","The winlogon notification subscriber <Sens> finished handling the notification event (5)."
"10-08-2026 10:44:18","811","Information","Microsoft-Windows-Winlogon","The winlogon notification subscriber <Sens> began handling the notification event (5)."
"10-08-2026 10:37:52","812","Information","Microsoft-Windows-Winlogon","The winlogon notification subscriber <TermSrv> finished handling the notification event (4)."
"10-08-2026 10:37:52","811","Information","Microsoft-Windows-Winlogon","The winlogon notification subscriber <TermSrv> began handling the notification event (4)."
"10-08-2026 10:37:52","812","Information","Microsoft-Windows-Winlogon","The winlogon notification subscriber <Sens> finished handling the notification event (4)."
"10-08-2026 10:37:52","811","Information","Microsoft-Windows-Winlogon","The winlogon notification subscriber <Sens> began handling the notification event (4)."
"10-08-2026 10:22:39","812","Information","Microsoft-Windows-Winlogon","The winlogon notification subscriber <TermSrv> finished handling the notification event (5)."
"10-08-2026 10:22:39","811","Information","Microsoft-Windows-Winlogon","The winlogon notification subscriber <TermSrv> began handling the notification event (5)."
"10-08-2026 10:22:39","812","Information","Microsoft-Windows-Winlogon","The winlogon notification subscriber <Sens> finished handling the notification event (5)."
"10-08-2026 10:22:39","811","Information","Microsoft-Windows-Winlogon","The winlogon notification subscriber <Sens> began handling the notification event (5)."
"10-08-2026 10:20:57","812","Information","Microsoft-Windows-Winlogon","The winlogon notification subscriber <TermSrv> finished handling the notification event (4)."
"10-08-2026 10:20:57","811","Information","Microsoft-Windows-Winlogon","The winlogon notification subscriber <TermSrv> began handling the notification event (4)."
"10-08-2026 10:20:57","812","Information","Microsoft-Windows-Winlogon","The winlogon notification subscriber <Sens> finished handling the notification event (4)."
"10-08-2026 10:20:57","811","Information","Microsoft-Windows-Winlogon","The winlogon notification subscriber <Sens> began handling the notification event (4)."
"10-08-2026 09:41:34","812","Information","Microsoft-Windows-Winlogon","The winlogon notification subscriber <TermSrv> finished handling the notification event (14)."
"10-08-2026 09:41:34","811","Information","Microsoft-Windows-Winlogon","The winlogon notification subscriber <TermSrv> began handling the notification event (14)."
"10-08-2026 09:41:29","812","Information","Microsoft-Windows-Winlogon","The winlogon notification subscriber <TermSrv> finished handling the notification event (12)."
"10-08-2026 09:41:29","811","Information","Microsoft-Windows-Winlogon","The winlogon notification subscriber <TermSrv> began handling the notification event (12)."
"10-08-2026 09:41:29","812","Information","Microsoft-Windows-Winlogon","The winlogon notification subscriber <Sens> finished handling the notification event (12)."
"10-08-2026 09:41:29","811","Information","Microsoft-Windows-Winlogon","The winlogon notification subscriber <Sens> began handling the notification event (12)."
"10-08-2026 09:41:29","812","Information","Microsoft-Windows-Winlogon","The winlogon notification subscriber <GPClient> finished handling the notification event (12)."
"10-08-2026 09:41:29","811","Information","Microsoft-Windows-Winlogon","The winlogon notification subscriber <GPClient> began handling the notification event (12)."
"10-08-2026 09:41:29","812","Information","Microsoft-Windows-Winlogon","The winlogon notification subscriber <SessionEnv> finished handling the notification event (12)."
"10-08-2026 09:41:29","811","Information","Microsoft-Windows-Winlogon","The winlogon notification subscriber <SessionEnv> began handling the notification event (12)."
"10-08-2026 09:41:29","812","Information","Microsoft-Windows-Winlogon","The winlogon notification subscriber <Sens> finished handling the notification event (2)."
"10-08-2026 09:41:29","811","Information","Microsoft-Windows-Winlogon","The winlogon notification subscriber <Sens> began handling the notification event (2)."
"10-08-2026 09:41:29","812","Information","Microsoft-Windows-Winlogon","The winlogon notification subscriber <TermSrv> finished handling the notification event (2)."
"10-08-2026 09:41:29","811","Information","Microsoft-Windows-Winlogon","The winlogon notification subscriber <TermSrv> began handling the notification event (2)."
"10-08-2026 09:41:29","812","Information","Microsoft-Windows-Winlogon","The winlogon notification subscriber <GPClient> finished handling the notification event (2)."
"10-08-2026 09:41:29","811","Information","Microsoft-Windows-Winlogon","The winlogon notification subscriber <GPClient> began handling the notification event (2)."
"10-08-2026 09:41:29","812","Information","Microsoft-Windows-Winlogon","The winlogon notification subscriber <Profiles> finished handling the notification event (2)."
"10-08-2026 09:41:29","811","Information","Microsoft-Windows-Winlogon","The winlogon notification subscriber <Profiles> began handling the notification event (2)."
"10-08-2026 09:41:29","812","Information","Microsoft-Windows-Winlogon","The winlogon notification subscriber <SessionEnv> finished handling the notification event (2)."
"10-08-2026 09:41:29","811","Information","Microsoft-Windows-Winlogon","The winlogon notification subscriber <SessionEnv> began handling the notification event (2)."
"10-08-2026 09:41:29","2","Information","Microsoft-Windows-Winlogon","Authentication stopped. Result 0"
"10-08-2026 09:41:29","1","Information","Microsoft-Windows-Winlogon","Authentication started."
"10-08-2026 09:41:24","2","Information","Microsoft-Windows-Winlogon","Authentication stopped. Result 1326"
"10-08-2026 09:41:22","1","Information","Microsoft-Windows-Winlogon","Authentication started."
"10-08-2026 09:36:03","812","Information","Microsoft-Windows-Winlogon","The winlogon notification subscriber <TermSrv> finished handling the notification event (0)."
"10-08-2026 09:36:03","811","Information","Microsoft-Windows-Winlogon","The winlogon notification subscriber <TermSrv> began handling the notification event (0)."
"10-08-2026 09:36:03","812","Information","Microsoft-Windows-Winlogon","The winlogon notification subscriber <GPClient> finished handling the notification event (0)."
"10-08-2026 09:36:03","811","Information","Microsoft-Windows-Winlogon","The winlogon notification subscriber <GPClient> began handling the notification event (0)."
"07-08-2026 17:28:02","812","Information","Microsoft-Windows-Winlogon","The winlogon notification subscriber <TermSrv> finished handling the notification event (5)."
"07-08-2026 17:28:02","811","Information","Microsoft-Windows-Winlogon","The winlogon notification subscriber <TermSrv> began handling the notification event (5)."
"07-08-2026 17:28:02","812","Information","Microsoft-Windows-Winlogon","The winlogon notification subscriber <Sens> finished handling the notification event (5)."
"07-08-2026 17:28:02","811","Information","Microsoft-Windows-Winlogon","The winlogon notification subscriber <Sens> began handling the notification event (5)."
"07-08-2026 17:27:53","812","Information","Microsoft-Windows-Winlogon","The winlogon notification subscriber <TermSrv> finished handling the notification event (4)."
"07-08-2026 17:27:53","811","Information","Microsoft-Windows-Winlogon","The winlogon notification subscriber <TermSrv> began handling the notification event (4)."
"07-08-2026 17:27:53","812","Information","Microsoft-Windows-Winlogon","The winlogon notification subscriber <Sens> finished handling the notification event (4)."
"07-08-2026 17:27:53","811","Information","Microsoft-Windows-Winlogon","The winlogon notification subscriber <Sens> began handling the notification event (4)."
"07-08-2026 17:01:42","812","Information","Microsoft-Windows-Winlogon","The winlogon notification subscriber <TermSrv> finished handling the notification event (5)."
"07-08-2026 17:01:42","811","Information","Microsoft-Windows-Winlogon","The winlogon notification subscriber <TermSrv> began handling the notification event (5)."
"07-08-2026 17:01:42","812","Information","Microsoft-Windows-Winlogon","The winlogon notification subscriber <Sens> finished handling the notification event (5)."
"07-08-2026 17:01:42","811","Information","Microsoft-Windows-Winlogon","The winlogon notification subscriber <Sens> began handling the notification event (5)."
"07-08-2026 17:01:39","812","Information","Microsoft-Windows-Winlogon","The winlogon notification subscriber <TermSrv> finished handling the notification event (4)."
"07-08-2026 17:01:39","811","Information","Microsoft-Windows-Winlogon","The winlogon notification subscriber <TermSrv> began handling the notification event (4)."
"07-08-2026 17:01:39","812","Information","Microsoft-Windows-Winlogon","The winlogon notification subscriber <Sens> finished handling the notification event (4)."
"07-08-2026 17:01:39","811","Information","Microsoft-Windows-Winlogon","The winlogon notification subscriber <Sens> began handling the notification event (4)."
"07-08-2026 16:30:53","812","Information","Microsoft-Windows-Winlogon","The winlogon notification subscriber <TermSrv> finished handling the notification event (5)."
"07-08-2026 16:30:53","811","Information","Microsoft-Windows-Winlogon","The winlogon notification subscriber <TermSrv> began handling the notification event (5)."
"07-08-2026 16:30:53","812","Information","Microsoft-Windows-Winlogon","The winlogon notification subscriber <Sens> finished handling the notification event (5)."
"07-08-2026 16:30:53","811","Information","Microsoft-Windows-Winlogon","The winlogon notification subscriber <Sens> began handling the notification event (5)."
"07-08-2026 16:03:30","812","Information","Microsoft-Windows-Winlogon","The winlogon notification subscriber <TermSrv> finished handling the notification event (4)."
"07-08-2026 16:03:30","811","Information","Microsoft-Windows-Winlogon","The winlogon notification subscriber <TermSrv> began handling the notification event (4)."
"07-08-2026 16:03:30","812","Information","Microsoft-Windows-Winlogon","The winlogon notification subscriber <Sens> finished handling the notification event (4)."
"07-08-2026 16:03:30","811","Information","Microsoft-Windows-Winlogon","The winlogon notification subscriber <Sens> began handling the notification event (4)."
"07-08-2026 16:03:14","812","Information","Microsoft-Windows-Winlogon","The winlogon notification subscriber <TermSrv> finished handling the notification event (5)."
"07-08-2026 16:03:14","811","Information","Microsoft-Windows-Winlogon","The winlogon notification subscriber <TermSrv> began handling the notification event (5)."
"07-08-2026 16:03:14","812","Information","Microsoft-Windows-Winlogon","The winlogon notification subscriber <Sens> finished handling the notification event (5)."
"07-08-2026 16:03:14","811","Information","Microsoft-Windows-Winlogon","The winlogon notification subscriber <Sens> began handling the notification event (5)."
"07-08-2026 16:03:09","812","Information","Microsoft-Windows-Winlogon","The winlogon notification subscriber <TermSrv> finished handling the notification event (4)."
"07-08-2026 16:03:09","811","Information","Microsoft-Windows-Winlogon","The winlogon notification subscriber <TermSrv> began handling the notification event (4)."
"07-08-2026 16:03:09","812","Information","Microsoft-Windows-Winlogon","The winlogon notification subscriber <Sens> finished handling the notification event (4)."
"07-08-2026 16:03:09","811","Information","Microsoft-Windows-Winlogon","The winlogon notification subscriber <Sens> began handling the notification event (4)."
"07-08-2026 15:27:08","812","Information","Microsoft-Windows-Winlogon","The winlogon notification subscriber <TermSrv> finished handling the notification event (5)."
"07-08-2026 15:27:08","811","Information","Microsoft-Windows-Winlogon","The winlogon notification subscriber <TermSrv> began handling the notification event (5)."
"07-08-2026 15:27:08","812","Information","Microsoft-Windows-Winlogon","The winlogon notification subscriber <Sens> finished handling the notification event (5)."
"07-08-2026 15:27:08","811","Information","Microsoft-Windows-Winlogon","The winlogon notification subscriber <Sens> began handling the notification event (5)."
"07-08-2026 15:26:58","812","Information","Microsoft-Windows-Winlogon","The winlogon notification subscriber <TermSrv> finished handling the notification event (4)."
"07-08-2026 15:26:58","811","Information","Microsoft-Windows-Winlogon","The winlogon notification subscriber <TermSrv> began handling the notification event (4)."
"07-08-2026 15:26:58","812","Information","Microsoft-Windows-Winlogon","The winlogon notification subscriber <Sens> finished handling the notification event (4)."
"07-08-2026 15:26:58","811","Information","Microsoft-Windows-Winlogon","The winlogon notification subscriber <Sens> began handling the notification event (4)."
"07-08-2026 14:40:52","812","Information","Microsoft-Windows-Winlogon","The winlogon notification subscriber <TermSrv> finished handling the notification event (5)."
"07-08-2026 14:40:52","811","Information","Microsoft-Windows-Winlogon","The winlogon notification subscriber <TermSrv> began handling the notification event (5)."
"07-08-2026 14:40:52","812","Information","Microsoft-Windows-Winlogon","The winlogon notification subscriber <Sens> finished handling the notification event (5)."
"07-08-2026 14:40:52","811","Information","Microsoft-Windows-Winlogon","The winlogon notification subscriber <Sens> began handling the notification event (5)."
"07-08-2026 14:26:59","812","Information","Microsoft-Windows-Winlogon","The winlogon notification subscriber <TermSrv> finished handling the notification event (4)."
"07-08-2026 14:26:59","811","Information","Microsoft-Windows-Winlogon","The winlogon notification subscriber <TermSrv> began handling the notification event (4)."
"07-08-2026 14:26:59","812","Information","Microsoft-Windows-Winlogon","The winlogon notification subscriber <Sens> finished handling the notification event (4)."
"07-08-2026 14:26:59","811","Information","Microsoft-Windows-Winlogon","The winlogon notification subscriber <Sens> began handling the notification event (4)."
"07-08-2026 14:08:06","812","Information","Microsoft-Windows-Winlogon","The winlogon notification subscriber <TermSrv> finished handling the notification event (5)."
"07-08-2026 14:08:06","811","Information","Microsoft-Windows-Winlogon","The winlogon notification subscriber <TermSrv> began handling the notification event (5)."
"07-08-2026 14:08:06","812","Information","Microsoft-Windows-Winlogon","The winlogon notification subscriber <Sens> finished handling the notification event (5)."
"07-08-2026 14:08:06","811","Information","Microsoft-Windows-Winlogon","The winlogon notification subscriber <Sens> began handling the notification event (5)."
"07-08-2026 13:17:47","812","Information","Microsoft-Windows-Winlogon","The winlogon notification subscriber <TermSrv> finished handling the notification event (4)."
"07-08-2026 13:17:47","811","Information","Microsoft-Windows-Winlogon","The winlogon notification subscriber <TermSrv> began handling the notification event (4)."
"07-08-2026 13:17:47","812","Information","Microsoft-Windows-Winlogon","The winlogon notification subscriber <Sens> finished handling the notification event (4)."
"07-08-2026 13:17:47","811","Information","Microsoft-Windows-Winlogon","The winlogon notification subscriber <Sens> began handling the notification event (4)."
"07-08-2026 13:09:17","812","Information","Microsoft-Windows-Winlogon","The winlogon notification subscriber <TermSrv> finished handling the notification event (5)."
"07-08-2026 13:09:17","811","Information","Microsoft-Windows-Winlogon","The winlogon notification subscriber <TermSrv> began handling the notification event (5)."
"07-08-2026 13:09:17","812","Information","Microsoft-Windows-Winlogon","The winlogon notification subscriber <Sens> finished handling the notification event (5)."
"07-08-2026 13:09:17","811","Information","Microsoft-Windows-Winlogon","The winlogon notification subscriber <Sens> began handling the notification event (5)."
"07-08-2026 13:04:41","812","Information","Microsoft-Windows-Winlogon","The winlogon notification subscriber <TermSrv> finished handling the notification event (4)."
"07-08-2026 13:04:41","811","Information","Microsoft-Windows-Winlogon","The winlogon notification subscriber <TermSrv> began handling the notification event (4)."
"07-08-2026 13:04:41","812","Information","Microsoft-Windows-Winlogon","The winlogon notification subscriber <Sens> finished handling the notification event (4)."
"07-08-2026 13:04:41","811","Information","Microsoft-Windows-Winlogon","The winlogon notification subscriber <Sens> began handling the notification event (4)."
"07-08-2026 12:35:21","812","Information","Microsoft-Windows-Winlogon","The winlogon notification subscriber <TermSrv> finished handling the notification event (5)."
"07-08-2026 12:35:21","811","Information","Microsoft-Windows-Winlogon","The winlogon notification subscriber <TermSrv> began handling the notification event (5)."
"07-08-2026 12:35:21","812","Information","Microsoft-Windows-Winlogon","The winlogon notification subscriber <Sens> finished handling the notification event (5)."
"07-08-2026 12:35:21","811","Information","Microsoft-Windows-Winlogon","The winlogon notification subscriber <Sens> began handling the notification event (5)."
"07-08-2026 12:33:02","812","Information","Microsoft-Windows-Winlogon","The winlogon notification subscriber <TermSrv> finished handling the notification event (4)."
"07-08-2026 12:33:02","811","Information","Microsoft-Windows-Winlogon","The winlogon notification subscriber <TermSrv> began handling the notification event (4)."
"07-08-2026 12:33:02","812","Information","Microsoft-Windows-Winlogon","The winlogon notification subscriber <Sens> finished handling the notification event (4)."
"07-08-2026 12:33:02","811","Information","Microsoft-Windows-Winlogon","The winlogon notification subscriber <Sens> began handling the notification event (4)."
"07-08-2026 12:04:34","812","Information","Microsoft-Windows-Winlogon","The winlogon notification subscriber <TermSrv> finished handling the notification event (5)."
"07-08-2026 12:04:34","811","Information","Microsoft-Windows-Winlogon","The winlogon notification subscriber <TermSrv> began handling the notification event (5)."
"07-08-2026 12:04:34","812","Information","Microsoft-Windows-Winlogon","The winlogon notification subscriber <Sens> finished handling the notification event (5)."
"07-08-2026 12:04:34","811","Information","Microsoft-Windows-Winlogon","The winlogon notification subscriber <Sens> began handling the notification event (5)."
"07-08-2026 11:54:12","812","Information","Microsoft-Windows-Winlogon","The winlogon notification subscriber <TermSrv> finished handling the notification event (4)."
"07-08-2026 11:54:12","811","Information","Microsoft-Windows-Winlogon","The winlogon notification subscriber <TermSrv> began handling the notification event (4)."
"07-08-2026 11:54:12","812","Information","Microsoft-Windows-Winlogon","The winlogon notification subscriber <Sens> finished handling the notification event (4)."
"07-08-2026 11:54:12","811","Information","Microsoft-Windows-Winlogon","The winlogon notification subscriber <Sens> began handling the notification event (4)."
"07-08-2026 11:28:07","812","Information","Microsoft-Windows-Winlogon","The winlogon notification subscriber <TermSrv> finished handling the notification event (5)."
"07-08-2026 11:28:07","811","Information","Microsoft-Windows-Winlogon","The winlogon notification subscriber <TermSrv> began handling the notification event (5)."
"07-08-2026 11:28:07","812","Information","Microsoft-Windows-Winlogon","The winlogon notification subscriber <Sens> finished handling the notification event (5)."
"07-08-2026 11:28:07","811","Information","Microsoft-Windows-Winlogon","The winlogon notification subscriber <Sens> began handling the notification event (5)."
"07-08-2026 11:19:48","812","Information","Microsoft-Windows-Winlogon","The winlogon notification subscriber <TermSrv> finished handling the notification event (4)."
"07-08-2026 11:19:48","811","Information","Microsoft-Windows-Winlogon","The winlogon notification subscriber <TermSrv> began handling the notification event (4)."
"07-08-2026 11:19:48","812","Information","Microsoft-Windows-Winlogon","The winlogon notification subscriber <Sens> finished handling the notification event (4)."
"07-08-2026 11:19:48","811","Information","Microsoft-Windows-Winlogon","The winlogon notification subscriber <Sens> began handling the notification event (4)."
"07-08-2026 10:54:58","812","Information","Microsoft-Windows-Winlogon","The winlogon notification subscriber <TermSrv> finished handling the notification event (5)."
"07-08-2026 10:54:58","811","Information","Microsoft-Windows-Winlogon","The winlogon notification subscriber <TermSrv> began handling the notification event (5)."
"07-08-2026 10:54:58","812","Information","Microsoft-Windows-Winlogon","The winlogon notification subscriber <Sens> finished handling the notification event (5)."
"07-08-2026 10:54:58","811","Information","Microsoft-Windows-Winlogon","The winlogon notification subscriber <Sens> began handling the notification event (5)."
"07-08-2026 10:46:42","812","Information","Microsoft-Windows-Winlogon","The winlogon notification subscriber <TermSrv> finished handling the notification event (4)."
"07-08-2026 10:46:42","811","Information","Microsoft-Windows-Winlogon","The winlogon notification subscriber <TermSrv> began handling the notification event (4)."
"07-08-2026 10:46:42","812","Information","Microsoft-Windows-Winlogon","The winlogon notification subscriber <Sens> finished handling the notification event (4)."
"07-08-2026 10:46:42","811","Information","Microsoft-Windows-Winlogon","The winlogon notification subscriber <Sens> began handling the notification event (4)."
"07-08-2026 10:38:13","812","Information","Microsoft-Windows-Winlogon","The winlogon notification subscriber <TermSrv> finished handling the notification event (5)."
"07-08-2026 10:38:13","811","Information","Microsoft-Windows-Winlogon","The winlogon notification subscriber <TermSrv> began handling the notification event (5)."
"07-08-2026 10:38:13","812","Information","Microsoft-Windows-Winlogon","The winlogon notification subscriber <Sens> finished handling the notification event (5)."
"07-08-2026 10:38:13","811","Information","Microsoft-Windows-Winlogon","The winlogon notification subscriber <Sens> began handling the notification event (5)."
"07-08-2026 10:36:16","812","Information","Microsoft-Windows-Winlogon","The winlogon notification subscriber <TermSrv> finished handling the notification event (4)."
"07-08-2026 10:36:16","811","Information","Microsoft-Windows-Winlogon","The winlogon notification subscriber <TermSrv> began handling the notification event (4)."
"07-08-2026 10:36:16","812","Information","Microsoft-Windows-Winlogon","The winlogon notification subscriber <Sens> finished handling the notification event (4)."
"07-08-2026 10:36:16","811","Information","Microsoft-Windows-Winlogon","The winlogon notification subscriber <Sens> began handling the notification event (4)."
"07-08-2026 10:08:17","812","Information","Microsoft-Windows-Winlogon","The winlogon notification subscriber <TermSrv> finished handling the notification event (5)."
"07-08-2026 10:08:17","811","Information","Microsoft-Windows-Winlogon","The winlogon notification subscriber <TermSrv> began handling the notification event (5)."
"07-08-2026 10:08:17","812","Information","Microsoft-Windows-Winlogon","The winlogon notification subscriber <Sens> finished handling the notification event (5)."
"07-08-2026 10:08:17","811","Information","Microsoft-Windows-Winlogon","The winlogon notification subscriber <Sens> began handling the notification event (5)."
"07-08-2026 09:52:29","812","Information","Microsoft-Windows-Winlogon","The winlogon notification subscriber <TermSrv> finished handling the notification event (4)."
"07-08-2026 09:52:29","811","Information","Microsoft-Windows-Winlogon","The winlogon notification subscriber <TermSrv> began handling the notification event (4)."
"07-08-2026 09:52:29","812","Information","Microsoft-Windows-Winlogon","The winlogon notification subscriber <Sens> finished handling the notification event (4)."
"07-08-2026 09:52:29","811","Information","Microsoft-Windows-Winlogon","The winlogon notification subscriber <Sens> began handling the notification event (4)."
"07-08-2026 09:16:40","812","Information","Microsoft-Windows-Winlogon","The winlogon notification subscriber <TermSrv> finished handling the notification event (5)."
"07-08-2026 09:16:40","811","Information","Microsoft-Windows-Winlogon","The winlogon notification subscriber <TermSrv> began handling the notification event (5)."
"07-08-2026 09:16:40","812","Information","Microsoft-Windows-Winlogon","The winlogon notification subscriber <Sens> finished handling the notification event (5)."
"07-08-2026 09:16:40","811","Information","Microsoft-Windows-Winlogon","The winlogon notification subscriber <Sens> began handling the notification event (5)."
"06-08-2026 19:00:56","812","Information","Microsoft-Windows-Winlogon","The winlogon notification subscriber <TermSrv> finished handling the notification event (4)."
"06-08-2026 19:00:56","811","Information","Microsoft-Windows-Winlogon","The winlogon notification subscriber <TermSrv> began handling the notification event (4)."
"06-08-2026 19:00:56","812","Information","Microsoft-Windows-Winlogon","The winlogon notification subscriber <Sens> finished handling the notification event (4)."
"06-08-2026 19:00:56","811","Information","Microsoft-Windows-Winlogon","The winlogon notification subscriber <Sens> began handling the notification event (4)."
"06-08-2026 16:58:28","812","Information","Microsoft-Windows-Winlogon","The winlogon notification subscriber <TermSrv> finished handling the notification event (5)."
"06-08-2026 16:58:28","811","Information","Microsoft-Windows-Winlogon","The winlogon notification subscriber <TermSrv> began handling the notification event (5)."
"06-08-2026 16:58:28","812","Information","Microsoft-Windows-Winlogon","The winlogon notification subscriber <Sens> finished handling the notification event (5)."
