"24-06-2026 14:06:53","272","Information","Microsoft-Windows-Time-Service","Leap second configuration:
Enabled: 1 (Local)
Count: 0 (Local)
Current Offset from UTC(Seconds): 0 (Local)
Runtime state consistent with settings: 1
Newest Leap Seconds List (Local):

System Tick Count: 536489671.

For more information, see https://go.microsoft.com/fwlink/?linkid=845961."
"24-06-2026 13:49:49","263","Information","Microsoft-Windows-Time-Service","W32time Service configuration parameters have been updated. This may impact the fine-grained time synchronization accuracy.
Updated Configuration:
EventLogFlags: 2 (Local)
AnnounceFlags: 10 (Local)
TimeJumpAuditOffset: 28800 (Local)
MinPollInterval: 10 (Local)
MaxPollInterval: 15 (Local)
MaxNegPhaseCorrection: 54000 (Local)
MaxPosPhaseCorrection: 54000 (Local)
MaxAllowedPhaseOffset: 1 (Local)

FrequencyCorrectRate: 4 (Local)
PollAdjustFactor: 5 (Local)
LargePhaseOffset: 50000000 (Local)
SpikeWatchPeriod: 900 (Local)
LocalClockDispersion: 10 (Local)
HoldPeriod: 5 (Local)
PhaseCorrectRate: 1 (Local)
UpdateInterval: 360000 (Local)

FileLogName:  (Local)
FileLogEntries:  (Local)
FileLogSize: 0 (Local)
FileLogFlags: 0 (Undefined or not used)

UtilizeSslTimeData: 1 (Local)

[Leap Seconds]
Enabled: 1 (Local)
Total Leap Seconds (after June 2018): 0 (Local)
Current UTC offset: 0 (Local)

Updated Time Providers:
NtpClient (Local)
DllName: C:\Windows\system32\w32time.dll (Local)
Enabled: 1 (Local)
InputProvider: 1 (Local)
CrossSiteSyncFlags: 0 (Undefined or not used)
AllowNonstandardModeCombinations: 1 (Local)
ResolvePeerBackoffMinutes: 15 (Local)
ResolvePeerBackoffMaxTimes: 7 (Local)
CompatibilityFlags: 2147483648 (Local)
EventLogFlags: 1 (Local)
LargeSampleSkew: 3 (Local)
SpecialPollInterval: 16384 (Local)
Type: NTP (Local)
NtpServer: time.windows.com,0x9 (Local)

NtpServer (Local)
DllName: C:\Windows\system32\w32time.dll (Local)
Enabled: 0 (Local)
InputProvider: 0 (Local)


System Tick Count: 535465656
For more information, see https://go.microsoft.com/fwlink/?linkid=845961."
"24-06-2026 13:49:49","272","Information","Microsoft-Windows-Time-Service","Leap second configuration:
Enabled: 1 (Local)
Count: 0 (Local)
Current Offset from UTC(Seconds): 0 (Local)
Runtime state consistent with settings: 1
Newest Leap Seconds List (Local):

System Tick Count: 535465656.

For more information, see https://go.microsoft.com/fwlink/?linkid=845961."
"24-06-2026 13:49:49","260","Information","Microsoft-Windows-Time-Service","W32time Service periodic configuration and status message
Configuration:
EventLogFlags: 2 (Local)
AnnounceFlags: 10 (Local)
TimeJumpAuditOffset: 28800 (Local)
MinPollInterval: 10 (Local)
MaxPollInterval: 15 (Local)
MaxNegPhaseCorrection: 54000 (Local)
MaxPosPhaseCorrection: 54000 (Local)
MaxAllowedPhaseOffset: 1 (Local)

FrequencyCorrectRate: 4 (Local)
PollAdjustFactor: 5 (Local)
LargePhaseOffset: 50000000 (Local)
SpikeWatchPeriod: 900 (Local)
LocalClockDispersion: 10 (Local)
HoldPeriod: 5 (Local)
PhaseCorrectRate: 1 (Local)
UpdateInterval: 360000 (Local)

FileLogName:  (Local)
FileLogEntries:  (Local)
FileLogSize: 0 (Local)
FileLogFlags: 0 (Undefined or not used)

UtilizeSslTimeData: 1 (Local)

[Leap Seconds]
Enabled: 1 (Local)
Total Leap Seconds (after June 2018): 0 (Local)
Current UTC offset: 0 (Local)

Time Providers:
NtpClient (Local)
DllName: C:\Windows\system32\w32time.dll (Local)
Enabled: 1 (Local)
InputProvider: 1 (Local)
CrossSiteSyncFlags: 0 (Undefined or not used)
AllowNonstandardModeCombinations: 1 (Local)
ResolvePeerBackoffMinutes: 15 (Local)
ResolvePeerBackoffMaxTimes: 7 (Local)
CompatibilityFlags: 2147483648 (Local)
EventLogFlags: 1 (Local)
LargeSampleSkew: 3 (Local)
SpecialPollInterval: 16384 (Local)
Type: NTP (Local)
NtpServer: time.windows.com,0x9 (Local)

NtpServer (Local)
DllName: C:\Windows\system32\w32time.dll (Local)
Enabled: 0 (Local)
InputProvider: 0 (Local)



Current Status:
Leap Indicator: 3
Stratum: 0
Precision: -23
RootDelay: 0.0000000s
RootDispersion: 0.0000000s
ReferenceId: 0x00000000
Last Successful Sync Time: 1601-01-01T00:00:00.0Z (UTC)
Source: Local CMOS Clock
Poll Interval: 10
Phase Offset: 0.0000000s
Clock Rate: 156250
State Machine: 0
Time Source Flags: 0
Server Role: 0
Last Sync Error: 1
Time Since Last Good Sync: 1040.0264915s
System Tick Count: 535465656
For more information, see https://go.microsoft.com/fwlink/?linkid=845961."
"24-06-2026 13:49:49","259","Information","Microsoft-Windows-Time-Service","NTP Client provider periodic status:
Ntp Client is receiving time data from the following NTP Servers: ;  and the chosen reference time server is . System Tick Count 535465656. IFTSTMP:1.
For more information, see https://go.microsoft.com/fwlink/?linkid=845961."
"24-06-2026 13:32:29","264","Information","Microsoft-Windows-Time-Service","NTP Client observed a change peer reachability. Ntp Client is now receiving time data from the following NTP Servers: time.windows.com,0x9 (ntp.m|0x9|0.0.0.0:123->40.81.94.65:123);. System Tick Count: 534425781.
For more information, see https://go.microsoft.com/fwlink/?linkid=845961."
"24-06-2026 13:32:29","257","Information","Microsoft-Windows-Time-Service","W32time service has started at 2026-06-24T08:02:29.836Z (UTC), System Tick Count 534425593.
Configuration:
EventLogFlags: 2 (Local)
AnnounceFlags: 10 (Local)
TimeJumpAuditOffset: 28800 (Local)
MinPollInterval: 10 (Local)
MaxPollInterval: 15 (Local)
MaxNegPhaseCorrection: 54000 (Local)
MaxPosPhaseCorrection: 54000 (Local)
MaxAllowedPhaseOffset: 1 (Local)

FrequencyCorrectRate: 4 (Local)
PollAdjustFactor: 5 (Local)
LargePhaseOffset: 50000000 (Local)
SpikeWatchPeriod: 900 (Local)
LocalClockDispersion: 10 (Local)
HoldPeriod: 5 (Local)
PhaseCorrectRate: 1 (Local)
UpdateInterval: 360000 (Local)

FileLogName:  (Local)
FileLogEntries:  (Local)
FileLogSize: 0 (Local)
FileLogFlags: 0 (Undefined or not used)

UtilizeSslTimeData: 1 (Local)

[Leap Seconds]
Enabled: 1 (Local)
Total Leap Seconds (after June 2018): 0 (Local)
Current UTC offset: 0 (Local)

Time Providers:
NtpClient (Local)
DllName: C:\Windows\system32\w32time.dll (Local)
Enabled: 1 (Local)
InputProvider: 1 (Local)
CrossSiteSyncFlags: 0 (Undefined or not used)
AllowNonstandardModeCombinations: 1 (Local)
ResolvePeerBackoffMinutes: 15 (Local)
ResolvePeerBackoffMaxTimes: 7 (Local)
CompatibilityFlags: 2147483648 (Local)
EventLogFlags: 1 (Local)
LargeSampleSkew: 3 (Local)
SpecialPollInterval: 16384 (Local)
Type: NTP (Local)
NtpServer: time.windows.com,0x9 (Local)

NtpServer (Local)
DllName: C:\Windows\system32\w32time.dll (Local)
Enabled: 0 (Local)
InputProvider: 0 (Local)


Clock Rate:156250
For more information, see https://go.microsoft.com/fwlink/?linkid=845961."
"24-06-2026 13:32:29","272","Information","Microsoft-Windows-Time-Service","Leap second configuration:
Enabled: 1 (Local)
Count: 0 (Local)
Current Offset from UTC(Seconds): 0 (Local)
Runtime state consistent with settings: 1
Newest Leap Seconds List (Local):

System Tick Count: 534425593.

For more information, see https://go.microsoft.com/fwlink/?linkid=845961."
"23-06-2026 14:05:27","258","Information","Microsoft-Windows-Time-Service","W32time service is stopping at 2026-06-23T08:35:27.143Z (UTC), System Tick Count 450002937 with return code: 0x00000000: Success.
For more information, see https://go.microsoft.com/fwlink/?linkid=845961."
"23-06-2026 14:05:27","261","Information","Microsoft-Windows-Time-Service","W32time service has set the system time to 2026-06-23T08:35:27.111Z(UTC). Previous system time was 2026-06-23T08:35:27.110Z(UTC). System Tick Count: 450002906
For more information, see https://go.microsoft.com/fwlink/?linkid=845961."
"23-06-2026 14:05:27","261","Information","Microsoft-Windows-Time-Service","W32time service has set the system time to 2026-06-23T08:35:27.102Z(UTC). Previous system time was 2026-06-23T08:35:27.101Z(UTC). System Tick Count: 450002890
For more information, see https://go.microsoft.com/fwlink/?linkid=845961."
"23-06-2026 14:05:27","266","Information","Microsoft-Windows-Time-Service","W32time Service received notification to rediscover its time sources and/or resynchronize time. Reason Code:3 System Tick Count: 450002890
Reason code description:
0 : An explicit time resynchronization request from an administrator
1 : Power state changes on this machine
2 : Changes to the network interface or to the network topology
3 : State changes within W32time that require time synchronization
The actions that follow this notifcation may impact fine-grained time synchronization accuracy.For more information, see https://go.microsoft.com/fwlink/?linkid=845961."
"23-06-2026 14:05:27","265","Information","Microsoft-Windows-Time-Service","The time service is now synchronizing the system time with the reference time source time.windows.com,0x9 (ntp.m|0x9|0.0.0.0:123->40.81.94.65:123) with reference id 0x28515E41. Current local stratum number is 5, System Tick Count: 450002890.
For more information, see https://go.microsoft.com/fwlink/?linkid=845961."
"23-06-2026 14:05:27","261","Information","Microsoft-Windows-Time-Service","W32time service has set the system time to 2026-06-23T08:35:27.92Z(UTC). Previous system time was 2026-06-23T08:35:26.83Z(UTC). System Tick Count: 450002890
For more information, see https://go.microsoft.com/fwlink/?linkid=845961."
"23-06-2026 14:05:26","264","Information","Microsoft-Windows-Time-Service","NTP Client observed a change peer reachability. Ntp Client is now receiving time data from the following NTP Servers: time.windows.com,0x9 (ntp.m|0x9|0.0.0.0:123->40.81.94.65:123);. System Tick Count: 450002859.
For more information, see https://go.microsoft.com/fwlink/?linkid=845961."
"23-06-2026 12:16:09","266","Information","Microsoft-Windows-Time-Service","W32time Service received notification to rediscover its time sources and/or resynchronize time. Reason Code:2 System Tick Count: 443445968
Reason code description:
0 : An explicit time resynchronization request from an administrator
1 : Power state changes on this machine
2 : Changes to the network interface or to the network topology
3 : State changes within W32time that require time synchronization
The actions that follow this notifcation may impact fine-grained time synchronization accuracy.For more information, see https://go.microsoft.com/fwlink/?linkid=845961."
"23-06-2026 12:15:17","266","Information","Microsoft-Windows-Time-Service","W32time Service received notification to rediscover its time sources and/or resynchronize time. Reason Code:2 System Tick Count: 443394640
Reason code description:
0 : An explicit time resynchronization request from an administrator
1 : Power state changes on this machine
2 : Changes to the network interface or to the network topology
3 : State changes within W32time that require time synchronization
The actions that follow this notifcation may impact fine-grained time synchronization accuracy.For more information, see https://go.microsoft.com/fwlink/?linkid=845961."
"23-06-2026 10:52:28","266","Information","Microsoft-Windows-Time-Service","W32time Service received notification to rediscover its time sources and/or resynchronize time. Reason Code:2 System Tick Count: 438425750
Reason code description:
0 : An explicit time resynchronization request from an administrator
1 : Power state changes on this machine
2 : Changes to the network interface or to the network topology
3 : State changes within W32time that require time synchronization
The actions that follow this notifcation may impact fine-grained time synchronization accuracy.For more information, see https://go.microsoft.com/fwlink/?linkid=845961."
"23-06-2026 10:40:54","263","Information","Microsoft-Windows-Time-Service","W32time Service configuration parameters have been updated. This may impact the fine-grained time synchronization accuracy.
Updated Configuration:
EventLogFlags: 2 (Local)
AnnounceFlags: 10 (Local)
TimeJumpAuditOffset: 28800 (Local)
MinPollInterval: 10 (Local)
MaxPollInterval: 15 (Local)
MaxNegPhaseCorrection: 54000 (Local)
MaxPosPhaseCorrection: 54000 (Local)
MaxAllowedPhaseOffset: 1 (Local)

FrequencyCorrectRate: 4 (Local)
PollAdjustFactor: 5 (Local)
LargePhaseOffset: 50000000 (Local)
SpikeWatchPeriod: 900 (Local)
LocalClockDispersion: 10 (Local)
HoldPeriod: 5 (Local)
PhaseCorrectRate: 1 (Local)
UpdateInterval: 360000 (Local)

FileLogName:  (Local)
FileLogEntries:  (Local)
FileLogSize: 0 (Local)
FileLogFlags: 0 (Undefined or not used)

UtilizeSslTimeData: 1 (Local)

[Leap Seconds]
Enabled: 1 (Local)
Total Leap Seconds (after June 2018): 0 (Local)
Current UTC offset: 0 (Local)

Updated Time Providers:
NtpClient (Local)
DllName: C:\Windows\system32\w32time.dll (Local)
Enabled: 1 (Local)
InputProvider: 1 (Local)
CrossSiteSyncFlags: 0 (Undefined or not used)
AllowNonstandardModeCombinations: 1 (Local)
ResolvePeerBackoffMinutes: 15 (Local)
ResolvePeerBackoffMaxTimes: 7 (Local)
CompatibilityFlags: 2147483648 (Local)
EventLogFlags: 1 (Local)
LargeSampleSkew: 3 (Local)
SpecialPollInterval: 16384 (Local)
Type: NTP (Local)
NtpServer: time.windows.com,0x9 (Local)

NtpServer (Local)
DllName: C:\Windows\system32\w32time.dll (Local)
Enabled: 0 (Local)
InputProvider: 0 (Local)


System Tick Count: 437730796
For more information, see https://go.microsoft.com/fwlink/?linkid=845961."
"23-06-2026 10:40:53","272","Information","Microsoft-Windows-Time-Service","Leap second configuration:
Enabled: 1 (Local)
Count: 0 (Local)
Current Offset from UTC(Seconds): 0 (Local)
Runtime state consistent with settings: 1
Newest Leap Seconds List (Local):

System Tick Count: 437730796.

For more information, see https://go.microsoft.com/fwlink/?linkid=845961."
"23-06-2026 10:23:49","263","Information","Microsoft-Windows-Time-Service","W32time Service configuration parameters have been updated. This may impact the fine-grained time synchronization accuracy.
Updated Configuration:
EventLogFlags: 2 (Local)
AnnounceFlags: 10 (Local)
TimeJumpAuditOffset: 28800 (Local)
MinPollInterval: 10 (Local)
MaxPollInterval: 15 (Local)
MaxNegPhaseCorrection: 54000 (Local)
MaxPosPhaseCorrection: 54000 (Local)
MaxAllowedPhaseOffset: 1 (Local)

FrequencyCorrectRate: 4 (Local)
PollAdjustFactor: 5 (Local)
LargePhaseOffset: 50000000 (Local)
SpikeWatchPeriod: 900 (Local)
LocalClockDispersion: 10 (Local)
HoldPeriod: 5 (Local)
PhaseCorrectRate: 1 (Local)
UpdateInterval: 360000 (Local)

FileLogName:  (Local)
FileLogEntries:  (Local)
FileLogSize: 0 (Local)
FileLogFlags: 0 (Undefined or not used)

UtilizeSslTimeData: 1 (Local)

[Leap Seconds]
Enabled: 1 (Local)
Total Leap Seconds (after June 2018): 0 (Local)
Current UTC offset: 0 (Local)

Updated Time Providers:
NtpClient (Local)
DllName: C:\Windows\system32\w32time.dll (Local)
Enabled: 1 (Local)
InputProvider: 1 (Local)
CrossSiteSyncFlags: 0 (Undefined or not used)
AllowNonstandardModeCombinations: 1 (Local)
ResolvePeerBackoffMinutes: 15 (Local)
ResolvePeerBackoffMaxTimes: 7 (Local)
CompatibilityFlags: 2147483648 (Local)
EventLogFlags: 1 (Local)
LargeSampleSkew: 3 (Local)
SpecialPollInterval: 16384 (Local)
Type: NTP (Local)
NtpServer: time.windows.com,0x9 (Local)

NtpServer (Local)
DllName: C:\Windows\system32\w32time.dll (Local)
Enabled: 0 (Local)
InputProvider: 0 (Local)


System Tick Count: 436706781
For more information, see https://go.microsoft.com/fwlink/?linkid=845961."
"23-06-2026 10:23:49","272","Information","Microsoft-Windows-Time-Service","Leap second configuration:
Enabled: 1 (Local)
Count: 0 (Local)
Current Offset from UTC(Seconds): 0 (Local)
Runtime state consistent with settings: 1
Newest Leap Seconds List (Local):

System Tick Count: 436706781.

For more information, see https://go.microsoft.com/fwlink/?linkid=845961."
"23-06-2026 10:06:45","263","Information","Microsoft-Windows-Time-Service","W32time Service configuration parameters have been updated. This may impact the fine-grained time synchronization accuracy.
Updated Configuration:
EventLogFlags: 2 (Local)
AnnounceFlags: 10 (Local)
TimeJumpAuditOffset: 28800 (Local)
MinPollInterval: 10 (Local)
MaxPollInterval: 15 (Local)
MaxNegPhaseCorrection: 54000 (Local)
MaxPosPhaseCorrection: 54000 (Local)
MaxAllowedPhaseOffset: 1 (Local)

FrequencyCorrectRate: 4 (Local)
PollAdjustFactor: 5 (Local)
LargePhaseOffset: 50000000 (Local)
SpikeWatchPeriod: 900 (Local)
LocalClockDispersion: 10 (Local)
HoldPeriod: 5 (Local)
PhaseCorrectRate: 1 (Local)
UpdateInterval: 360000 (Local)

FileLogName:  (Local)
FileLogEntries:  (Local)
FileLogSize: 0 (Local)
FileLogFlags: 0 (Undefined or not used)

UtilizeSslTimeData: 1 (Local)

[Leap Seconds]
Enabled: 1 (Local)
Total Leap Seconds (after June 2018): 0 (Local)
Current UTC offset: 0 (Local)

Updated Time Providers:
NtpClient (Local)
DllName: C:\Windows\system32\w32time.dll (Local)
Enabled: 1 (Local)
InputProvider: 1 (Local)
CrossSiteSyncFlags: 0 (Undefined or not used)
AllowNonstandardModeCombinations: 1 (Local)
ResolvePeerBackoffMinutes: 15 (Local)
ResolvePeerBackoffMaxTimes: 7 (Local)
CompatibilityFlags: 2147483648 (Local)
EventLogFlags: 1 (Local)
LargeSampleSkew: 3 (Local)
SpecialPollInterval: 16384 (Local)
Type: NTP (Local)
NtpServer: time.windows.com,0x9 (Local)

NtpServer (Local)
DllName: C:\Windows\system32\w32time.dll (Local)
Enabled: 0 (Local)
InputProvider: 0 (Local)


System Tick Count: 435682781
For more information, see https://go.microsoft.com/fwlink/?linkid=845961."
"23-06-2026 10:06:45","272","Information","Microsoft-Windows-Time-Service","Leap second configuration:
Enabled: 1 (Local)
Count: 0 (Local)
Current Offset from UTC(Seconds): 0 (Local)
Runtime state consistent with settings: 1
Newest Leap Seconds List (Local):

System Tick Count: 435682781.

For more information, see https://go.microsoft.com/fwlink/?linkid=845961."
"23-06-2026 09:49:41","263","Information","Microsoft-Windows-Time-Service","W32time Service configuration parameters have been updated. This may impact the fine-grained time synchronization accuracy.
Updated Configuration:
EventLogFlags: 2 (Local)
AnnounceFlags: 10 (Local)
TimeJumpAuditOffset: 28800 (Local)
MinPollInterval: 10 (Local)
MaxPollInterval: 15 (Local)
MaxNegPhaseCorrection: 54000 (Local)
MaxPosPhaseCorrection: 54000 (Local)
MaxAllowedPhaseOffset: 1 (Local)

FrequencyCorrectRate: 4 (Local)
PollAdjustFactor: 5 (Local)
LargePhaseOffset: 50000000 (Local)
SpikeWatchPeriod: 900 (Local)
LocalClockDispersion: 10 (Local)
HoldPeriod: 5 (Local)
PhaseCorrectRate: 1 (Local)
UpdateInterval: 360000 (Local)

FileLogName:  (Local)
FileLogEntries:  (Local)
FileLogSize: 0 (Local)
FileLogFlags: 0 (Undefined or not used)

UtilizeSslTimeData: 1 (Local)

[Leap Seconds]
Enabled: 1 (Local)
Total Leap Seconds (after June 2018): 0 (Local)
Current UTC offset: 0 (Local)

Updated Time Providers:
NtpClient (Local)
DllName: C:\Windows\system32\w32time.dll (Local)
Enabled: 1 (Local)
InputProvider: 1 (Local)
CrossSiteSyncFlags: 0 (Undefined or not used)
AllowNonstandardModeCombinations: 1 (Local)
ResolvePeerBackoffMinutes: 15 (Local)
ResolvePeerBackoffMaxTimes: 7 (Local)
CompatibilityFlags: 2147483648 (Local)
EventLogFlags: 1 (Local)
LargeSampleSkew: 3 (Local)
SpecialPollInterval: 16384 (Local)
Type: NTP (Local)
NtpServer: time.windows.com,0x9 (Local)

NtpServer (Local)
DllName: C:\Windows\system32\w32time.dll (Local)
Enabled: 0 (Local)
InputProvider: 0 (Local)


System Tick Count: 434658765
For more information, see https://go.microsoft.com/fwlink/?linkid=845961."
