"18-08-2026 09:48:50","8","Information","Microsoft-Windows-StorageManagement","The Windows Storage Management WMI Provider was loaded.                    
Load time (milliseconds): 0"
"18-08-2026 09:42:51","9","Information","Microsoft-Windows-StorageManagement","A Windows Storage Management WMI enumeration operation was performed.                   
Class: MSFT_PhysicalDisk                   
ResultCount: 1                   
Operation time (milliseconds): 157"
"18-08-2026 09:41:28","9","Information","Microsoft-Windows-StorageManagement","A Windows Storage Management WMI enumeration operation was performed.                   
Class: MSFT_Partition                   
ResultCount: 4                   
Operation time (milliseconds): 2500"
"18-08-2026 09:40:50","9","Information","Microsoft-Windows-StorageManagement","A Windows Storage Management WMI enumeration operation was performed.                   
Class: MSFT_Partition                   
ResultCount: 4                   
Operation time (milliseconds): 282"
"18-08-2026 06:22:56","9","Information","Microsoft-Windows-StorageManagement","A Windows Storage Management WMI enumeration operation was performed.                   
Class: MSFT_Partition                   
ResultCount: 4                   
Operation time (milliseconds): 172"
"18-08-2026 06:22:56","8","Information","Microsoft-Windows-StorageManagement","The Windows Storage Management WMI Provider was loaded.                    
Load time (milliseconds): 0"
"17-08-2026 21:01:52","9","Information","Microsoft-Windows-StorageManagement","A Windows Storage Management WMI enumeration operation was performed.                   
Class: MSFT_PhysicalDisk                   
ResultCount: 1                   
Operation time (milliseconds): 110"
"17-08-2026 21:01:52","7","Information","Microsoft-Windows-StorageManagement","The Windows Storage Provider host service was started successfully.                    
Start time (milliseconds): 438"
"17-08-2026 21:01:52","1001","Information","Microsoft-Windows-StorageManagement-WSP-Host","A Windows Storage Provider was loaded successfully.             
Provider: wsp_health             
Provider DLL: wsp_health.dll"
"17-08-2026 21:01:52","1001","Information","Microsoft-Windows-StorageManagement-WSP-Host","A Windows Storage Provider was loaded successfully.             
Provider: wsp_sr             
Provider DLL: wsp_sr.dll"
"17-08-2026 21:01:52","1001","Information","Microsoft-Windows-StorageManagement-WSP-Host","A Windows Storage Provider was loaded successfully.             
Provider: wsp_fs             
Provider DLL: wsp_fs.dll"
"17-08-2026 21:01:52","1001","Information","Microsoft-Windows-StorageManagement-WSP-Host","A Windows Storage Provider was loaded successfully.             
Provider: MISpace             
Provider DLL: mispace.dll"
"17-08-2026 21:01:52","2010","Information","Microsoft-Windows-StorageManagement-WSP-Spaces","The Windows Storage Spaces and Disk provider was loaded.             
Load time (milliseconds): 15             
Miresult: 0"
"17-08-2026 21:01:52","2023","Information","Microsoft-Windows-StorageManagement-WSP-Spaces","Successfully initialized the Storage Management Provider.             
Function: CSpProvider::Initialize             
Duration (milliseconds): 20"
"17-08-2026 21:01:52","2027","Information","Microsoft-Windows-StorageManagement-WSP-Spaces","Successfully initialized Extended Storage Spaces API.             
Function: SuInitializeEx             
Duration (milliseconds): 1"
"17-08-2026 21:01:52","8","Information","Microsoft-Windows-StorageManagement","The Windows Storage Management WMI Provider was loaded.                    
Load time (milliseconds): 0"
"17-08-2026 20:46:52","1003","Information","Microsoft-Windows-StorageManagement-WSP-Host","Shutdown for the Windows Storage Provider host service has been completed."
"17-08-2026 20:46:52","2025","Information","Microsoft-Windows-StorageManagement-WSP-Spaces","Successfully cleaned up the Storage Management Provider.             
Function: CSpProvider::Cleanup             
Duration (milliseconds): 2"
"17-08-2026 20:46:52","2029","Information","Microsoft-Windows-StorageManagement-WSP-Spaces","Successfully cleaned up Extended Storage Spaces API.             
Function: SuCleanupEx             
Duration (milliseconds): 0"
"17-08-2026 20:46:52","9","Information","Microsoft-Windows-StorageManagement","A Windows Storage Management WMI enumeration operation was performed.                   
Class: MSFT_PhysicalDisk                   
ResultCount: 0                   
Operation time (milliseconds): 125"
"17-08-2026 20:46:52","2007","Error","Microsoft-Windows-StorageManagement-WSP-Spaces","An error occurred during object enumeration.             
Class: SPACES_PhysicalDisk             
Error Code: 28"
"17-08-2026 20:46:52","1002","Information","Microsoft-Windows-StorageManagement-WSP-Host","Shutdown has been initiated for the Windows Storage Provider host service."
"17-08-2026 20:46:52","8","Information","Microsoft-Windows-StorageManagement","The Windows Storage Management WMI Provider was loaded.                    
Load time (milliseconds): 0"
"17-08-2026 20:31:52","9","Information","Microsoft-Windows-StorageManagement","A Windows Storage Management WMI enumeration operation was performed.                   
Class: MSFT_PhysicalDisk                   
ResultCount: 1                   
Operation time (milliseconds): 109"
"17-08-2026 20:31:51","8","Information","Microsoft-Windows-StorageManagement","The Windows Storage Management WMI Provider was loaded.                    
Load time (milliseconds): 0"
"17-08-2026 20:16:52","9","Information","Microsoft-Windows-StorageManagement","A Windows Storage Management WMI enumeration operation was performed.                   
Class: MSFT_PhysicalDisk                   
ResultCount: 1                   
Operation time (milliseconds): 109"
"17-08-2026 20:16:52","7","Information","Microsoft-Windows-StorageManagement","The Windows Storage Provider host service was started successfully.                    
Start time (milliseconds): 344"
"17-08-2026 20:16:52","1001","Information","Microsoft-Windows-StorageManagement-WSP-Host","A Windows Storage Provider was loaded successfully.             
Provider: wsp_health             
Provider DLL: wsp_health.dll"
"17-08-2026 20:16:52","1001","Information","Microsoft-Windows-StorageManagement-WSP-Host","A Windows Storage Provider was loaded successfully.             
Provider: wsp_sr             
Provider DLL: wsp_sr.dll"
"17-08-2026 20:16:52","1001","Information","Microsoft-Windows-StorageManagement-WSP-Host","A Windows Storage Provider was loaded successfully.             
Provider: wsp_fs             
Provider DLL: wsp_fs.dll"
"17-08-2026 20:16:52","1001","Information","Microsoft-Windows-StorageManagement-WSP-Host","A Windows Storage Provider was loaded successfully.             
Provider: MISpace             
Provider DLL: mispace.dll"
"17-08-2026 20:16:52","2010","Information","Microsoft-Windows-StorageManagement-WSP-Spaces","The Windows Storage Spaces and Disk provider was loaded.             
Load time (milliseconds): 0             
Miresult: 0"
"17-08-2026 20:16:52","2023","Information","Microsoft-Windows-StorageManagement-WSP-Spaces","Successfully initialized the Storage Management Provider.             
Function: CSpProvider::Initialize             
Duration (milliseconds): 13"
"17-08-2026 20:16:52","2027","Information","Microsoft-Windows-StorageManagement-WSP-Spaces","Successfully initialized Extended Storage Spaces API.             
Function: SuInitializeEx             
Duration (milliseconds): 0"
"17-08-2026 20:16:52","1003","Information","Microsoft-Windows-StorageManagement-WSP-Host","Shutdown for the Windows Storage Provider host service has been completed."
"17-08-2026 20:16:52","2025","Information","Microsoft-Windows-StorageManagement-WSP-Spaces","Successfully cleaned up the Storage Management Provider.             
Function: CSpProvider::Cleanup             
Duration (milliseconds): 6"
"17-08-2026 20:16:52","2029","Information","Microsoft-Windows-StorageManagement-WSP-Spaces","Successfully cleaned up Extended Storage Spaces API.             
Function: SuCleanupEx             
Duration (milliseconds): 0"
"17-08-2026 20:16:52","1002","Information","Microsoft-Windows-StorageManagement-WSP-Host","Shutdown has been initiated for the Windows Storage Provider host service."
"17-08-2026 20:16:52","8","Information","Microsoft-Windows-StorageManagement","The Windows Storage Management WMI Provider was loaded.                    
Load time (milliseconds): 0"
"17-08-2026 20:01:52","9","Information","Microsoft-Windows-StorageManagement","A Windows Storage Management WMI enumeration operation was performed.                   
Class: MSFT_PhysicalDisk                   
ResultCount: 1                   
Operation time (milliseconds): 46"
"17-08-2026 20:01:52","7","Information","Microsoft-Windows-StorageManagement","The Windows Storage Provider host service was started successfully.                    
Start time (milliseconds): 172"
"17-08-2026 20:01:52","1001","Information","Microsoft-Windows-StorageManagement-WSP-Host","A Windows Storage Provider was loaded successfully.             
Provider: wsp_health             
Provider DLL: wsp_health.dll"
"17-08-2026 20:01:52","1001","Information","Microsoft-Windows-StorageManagement-WSP-Host","A Windows Storage Provider was loaded successfully.             
Provider: wsp_sr             
Provider DLL: wsp_sr.dll"
"17-08-2026 20:01:52","1001","Information","Microsoft-Windows-StorageManagement-WSP-Host","A Windows Storage Provider was loaded successfully.             
Provider: wsp_fs             
Provider DLL: wsp_fs.dll"
"17-08-2026 20:01:52","1001","Information","Microsoft-Windows-StorageManagement-WSP-Host","A Windows Storage Provider was loaded successfully.             
Provider: MISpace             
Provider DLL: mispace.dll"
"17-08-2026 20:01:52","2010","Information","Microsoft-Windows-StorageManagement-WSP-Spaces","The Windows Storage Spaces and Disk provider was loaded.             
Load time (milliseconds): 16             
Miresult: 0"
"17-08-2026 20:01:52","2023","Information","Microsoft-Windows-StorageManagement-WSP-Spaces","Successfully initialized the Storage Management Provider.             
Function: CSpProvider::Initialize             
Duration (milliseconds): 10"
"17-08-2026 20:01:52","2027","Information","Microsoft-Windows-StorageManagement-WSP-Spaces","Successfully initialized Extended Storage Spaces API.             
Function: SuInitializeEx             
Duration (milliseconds): 0"
"17-08-2026 20:01:51","8","Information","Microsoft-Windows-StorageManagement","The Windows Storage Management WMI Provider was loaded.                    
Load time (milliseconds): 0"
"17-08-2026 19:46:52","1003","Information","Microsoft-Windows-StorageManagement-WSP-Host","Shutdown for the Windows Storage Provider host service has been completed."
"17-08-2026 19:46:52","2025","Information","Microsoft-Windows-StorageManagement-WSP-Spaces","Successfully cleaned up the Storage Management Provider.             
Function: CSpProvider::Cleanup             
Duration (milliseconds): 8"
"17-08-2026 19:46:52","2029","Information","Microsoft-Windows-StorageManagement-WSP-Spaces","Successfully cleaned up Extended Storage Spaces API.             
Function: SuCleanupEx             
Duration (milliseconds): 0"
"17-08-2026 19:46:51","9","Information","Microsoft-Windows-StorageManagement","A Windows Storage Management WMI enumeration operation was performed.                   
Class: MSFT_PhysicalDisk                   
ResultCount: 0                   
Operation time (milliseconds): 63"
"17-08-2026 19:46:51","2007","Error","Microsoft-Windows-StorageManagement-WSP-Spaces","An error occurred during object enumeration.             
Class: SPACES_PhysicalDisk             
Error Code: 28"
"17-08-2026 19:46:51","1002","Information","Microsoft-Windows-StorageManagement-WSP-Host","Shutdown has been initiated for the Windows Storage Provider host service."
"17-08-2026 19:46:51","8","Information","Microsoft-Windows-StorageManagement","The Windows Storage Management WMI Provider was loaded.                    
Load time (milliseconds): 0"
"17-08-2026 19:31:51","9","Information","Microsoft-Windows-StorageManagement","A Windows Storage Management WMI enumeration operation was performed.                   
Class: MSFT_PhysicalDisk                   
ResultCount: 1                   
Operation time (milliseconds): 63"
"17-08-2026 19:31:51","8","Information","Microsoft-Windows-StorageManagement","The Windows Storage Management WMI Provider was loaded.                    
Load time (milliseconds): 0"
"17-08-2026 19:16:52","9","Information","Microsoft-Windows-StorageManagement","A Windows Storage Management WMI enumeration operation was performed.                   
Class: MSFT_PhysicalDisk                   
ResultCount: 1                   
Operation time (milliseconds): 109"
"17-08-2026 19:16:51","8","Information","Microsoft-Windows-StorageManagement","The Windows Storage Management WMI Provider was loaded.                    
Load time (milliseconds): 0"
"17-08-2026 19:01:52","9","Information","Microsoft-Windows-StorageManagement","A Windows Storage Management WMI enumeration operation was performed.                   
Class: MSFT_PhysicalDisk                   
ResultCount: 1                   
Operation time (milliseconds): 94"
"17-08-2026 19:01:51","8","Information","Microsoft-Windows-StorageManagement","The Windows Storage Management WMI Provider was loaded.                    
Load time (milliseconds): 0"
"17-08-2026 18:46:52","9","Information","Microsoft-Windows-StorageManagement","A Windows Storage Management WMI enumeration operation was performed.                   
Class: MSFT_PhysicalDisk                   
ResultCount: 1                   
Operation time (milliseconds): 109"
"17-08-2026 18:46:51","8","Information","Microsoft-Windows-StorageManagement","The Windows Storage Management WMI Provider was loaded.                    
Load time (milliseconds): 0"
"17-08-2026 18:31:52","9","Information","Microsoft-Windows-StorageManagement","A Windows Storage Management WMI enumeration operation was performed.                   
Class: MSFT_PhysicalDisk                   
ResultCount: 1                   
Operation time (milliseconds): 218"
"17-08-2026 18:31:52","7","Information","Microsoft-Windows-StorageManagement","The Windows Storage Provider host service was started successfully.                    
Start time (milliseconds): 422"
"17-08-2026 18:31:52","1001","Information","Microsoft-Windows-StorageManagement-WSP-Host","A Windows Storage Provider was loaded successfully.             
Provider: wsp_health             
Provider DLL: wsp_health.dll"
"17-08-2026 18:31:52","1001","Information","Microsoft-Windows-StorageManagement-WSP-Host","A Windows Storage Provider was loaded successfully.             
Provider: wsp_sr             
Provider DLL: wsp_sr.dll"
"17-08-2026 18:31:52","1001","Information","Microsoft-Windows-StorageManagement-WSP-Host","A Windows Storage Provider was loaded successfully.             
Provider: wsp_fs             
Provider DLL: wsp_fs.dll"
"17-08-2026 18:31:52","1001","Information","Microsoft-Windows-StorageManagement-WSP-Host","A Windows Storage Provider was loaded successfully.             
Provider: MISpace             
Provider DLL: mispace.dll"
"17-08-2026 18:31:52","2010","Information","Microsoft-Windows-StorageManagement-WSP-Spaces","The Windows Storage Spaces and Disk provider was loaded.             
Load time (milliseconds): 16             
Miresult: 0"
"17-08-2026 18:31:52","2023","Information","Microsoft-Windows-StorageManagement-WSP-Spaces","Successfully initialized the Storage Management Provider.             
Function: CSpProvider::Initialize             
Duration (milliseconds): 22"
"17-08-2026 18:31:52","2027","Information","Microsoft-Windows-StorageManagement-WSP-Spaces","Successfully initialized Extended Storage Spaces API.             
Function: SuInitializeEx             
Duration (milliseconds): 1"
"17-08-2026 18:31:52","1003","Information","Microsoft-Windows-StorageManagement-WSP-Host","Shutdown for the Windows Storage Provider host service has been completed."
"17-08-2026 18:31:52","2025","Information","Microsoft-Windows-StorageManagement-WSP-Spaces","Successfully cleaned up the Storage Management Provider.             
Function: CSpProvider::Cleanup             
Duration (milliseconds): 6"
"17-08-2026 18:31:52","2029","Information","Microsoft-Windows-StorageManagement-WSP-Spaces","Successfully cleaned up Extended Storage Spaces API.             
Function: SuCleanupEx             
Duration (milliseconds): 0"
"17-08-2026 18:31:52","8","Information","Microsoft-Windows-StorageManagement","The Windows Storage Management WMI Provider was loaded.                    
Load time (milliseconds): 0"
"17-08-2026 18:31:52","1002","Information","Microsoft-Windows-StorageManagement-WSP-Host","Shutdown has been initiated for the Windows Storage Provider host service."
"17-08-2026 18:16:52","9","Information","Microsoft-Windows-StorageManagement","A Windows Storage Management WMI enumeration operation was performed.                   
Class: MSFT_PhysicalDisk                   
ResultCount: 1                   
Operation time (milliseconds): 140"
"17-08-2026 18:16:51","8","Information","Microsoft-Windows-StorageManagement","The Windows Storage Management WMI Provider was loaded.                    
Load time (milliseconds): 0"
"17-08-2026 18:01:53","9","Information","Microsoft-Windows-StorageManagement","A Windows Storage Management WMI enumeration operation was performed.                   
Class: MSFT_PhysicalDisk                   
ResultCount: 1                   
Operation time (milliseconds): 156"
"17-08-2026 18:01:52","7","Information","Microsoft-Windows-StorageManagement","The Windows Storage Provider host service was started successfully.                    
Start time (milliseconds): 453"
"17-08-2026 18:01:52","1001","Information","Microsoft-Windows-StorageManagement-WSP-Host","A Windows Storage Provider was loaded successfully.             
Provider: wsp_health             
Provider DLL: wsp_health.dll"
"17-08-2026 18:01:52","1001","Information","Microsoft-Windows-StorageManagement-WSP-Host","A Windows Storage Provider was loaded successfully.             
Provider: wsp_sr             
Provider DLL: wsp_sr.dll"
"17-08-2026 18:01:52","1001","Information","Microsoft-Windows-StorageManagement-WSP-Host","A Windows Storage Provider was loaded successfully.             
Provider: wsp_fs             
Provider DLL: wsp_fs.dll"
"17-08-2026 18:01:52","1001","Information","Microsoft-Windows-StorageManagement-WSP-Host","A Windows Storage Provider was loaded successfully.             
Provider: MISpace             
Provider DLL: mispace.dll"
"17-08-2026 18:01:52","2010","Information","Microsoft-Windows-StorageManagement-WSP-Spaces","The Windows Storage Spaces and Disk provider was loaded.             
Load time (milliseconds): 31             
Miresult: 0"
"17-08-2026 18:01:52","2023","Information","Microsoft-Windows-StorageManagement-WSP-Spaces","Successfully initialized the Storage Management Provider.             
Function: CSpProvider::Initialize             
Duration (milliseconds): 23"
"17-08-2026 18:01:52","2027","Information","Microsoft-Windows-StorageManagement-WSP-Spaces","Successfully initialized Extended Storage Spaces API.             
Function: SuInitializeEx             
Duration (milliseconds): 1"
"17-08-2026 18:01:52","1003","Information","Microsoft-Windows-StorageManagement-WSP-Host","Shutdown for the Windows Storage Provider host service has been completed."
"17-08-2026 18:01:52","2025","Information","Microsoft-Windows-StorageManagement-WSP-Spaces","Successfully cleaned up the Storage Management Provider.             
Function: CSpProvider::Cleanup             
Duration (milliseconds): 9"
"17-08-2026 18:01:52","2029","Information","Microsoft-Windows-StorageManagement-WSP-Spaces","Successfully cleaned up Extended Storage Spaces API.             
Function: SuCleanupEx             
Duration (milliseconds): 0"
"17-08-2026 18:01:52","8","Information","Microsoft-Windows-StorageManagement","The Windows Storage Management WMI Provider was loaded.                    
Load time (milliseconds): 0"
"17-08-2026 18:01:51","1002","Information","Microsoft-Windows-StorageManagement-WSP-Host","Shutdown has been initiated for the Windows Storage Provider host service."
"17-08-2026 17:46:51","9","Information","Microsoft-Windows-StorageManagement","A Windows Storage Management WMI enumeration operation was performed.                   
Class: MSFT_PhysicalDisk                   
ResultCount: 1                   
Operation time (milliseconds): 78"
"17-08-2026 17:46:51","8","Information","Microsoft-Windows-StorageManagement","The Windows Storage Management WMI Provider was loaded.                    
Load time (milliseconds): 0"
"17-08-2026 17:31:52","9","Information","Microsoft-Windows-StorageManagement","A Windows Storage Management WMI enumeration operation was performed.                   
Class: MSFT_PhysicalDisk                   
ResultCount: 1                   
Operation time (milliseconds): 94"
"17-08-2026 17:31:52","7","Information","Microsoft-Windows-StorageManagement","The Windows Storage Provider host service was started successfully.                    
Start time (milliseconds): 360"
"17-08-2026 17:31:52","1001","Information","Microsoft-Windows-StorageManagement-WSP-Host","A Windows Storage Provider was loaded successfully.             
Provider: wsp_health             
Provider DLL: wsp_health.dll"
"17-08-2026 17:31:52","1001","Information","Microsoft-Windows-StorageManagement-WSP-Host","A Windows Storage Provider was loaded successfully.             
Provider: wsp_sr             
Provider DLL: wsp_sr.dll"
"17-08-2026 17:31:52","1001","Information","Microsoft-Windows-StorageManagement-WSP-Host","A Windows Storage Provider was loaded successfully.             
Provider: wsp_fs             
Provider DLL: wsp_fs.dll"
"17-08-2026 17:31:52","1001","Information","Microsoft-Windows-StorageManagement-WSP-Host","A Windows Storage Provider was loaded successfully.             
Provider: MISpace             
Provider DLL: mispace.dll"
"17-08-2026 17:31:52","2010","Information","Microsoft-Windows-StorageManagement-WSP-Spaces","The Windows Storage Spaces and Disk provider was loaded.             
Load time (milliseconds): 32             
Miresult: 0"
"17-08-2026 17:31:52","2023","Information","Microsoft-Windows-StorageManagement-WSP-Spaces","Successfully initialized the Storage Management Provider.             
Function: CSpProvider::Initialize             
Duration (milliseconds): 26"
"17-08-2026 17:31:52","2027","Information","Microsoft-Windows-StorageManagement-WSP-Spaces","Successfully initialized Extended Storage Spaces API.             
Function: SuInitializeEx             
Duration (milliseconds): 1"
"17-08-2026 17:31:52","1003","Information","Microsoft-Windows-StorageManagement-WSP-Host","Shutdown for the Windows Storage Provider host service has been completed."
"17-08-2026 17:31:52","2025","Information","Microsoft-Windows-StorageManagement-WSP-Spaces","Successfully cleaned up the Storage Management Provider.             
Function: CSpProvider::Cleanup             
Duration (milliseconds): 9"
"17-08-2026 17:31:52","2029","Information","Microsoft-Windows-StorageManagement-WSP-Spaces","Successfully cleaned up Extended Storage Spaces API.             
Function: SuCleanupEx             
Duration (milliseconds): 0"
"17-08-2026 17:31:51","8","Information","Microsoft-Windows-StorageManagement","The Windows Storage Management WMI Provider was loaded.                    
Load time (milliseconds): 0"
"17-08-2026 17:31:51","1002","Information","Microsoft-Windows-StorageManagement-WSP-Host","Shutdown has been initiated for the Windows Storage Provider host service."
"17-08-2026 17:16:51","9","Information","Microsoft-Windows-StorageManagement","A Windows Storage Management WMI enumeration operation was performed.                   
Class: MSFT_PhysicalDisk                   
ResultCount: 1                   
Operation time (milliseconds): 63"
"17-08-2026 17:16:51","8","Information","Microsoft-Windows-StorageManagement","The Windows Storage Management WMI Provider was loaded.                    
Load time (milliseconds): 0"
"17-08-2026 17:01:52","9","Information","Microsoft-Windows-StorageManagement","A Windows Storage Management WMI enumeration operation was performed.                   
Class: MSFT_PhysicalDisk                   
ResultCount: 1                   
Operation time (milliseconds): 94"
"17-08-2026 17:01:52","7","Information","Microsoft-Windows-StorageManagement","The Windows Storage Provider host service was started successfully.                    
Start time (milliseconds): 391"
"17-08-2026 17:01:52","1001","Information","Microsoft-Windows-StorageManagement-WSP-Host","A Windows Storage Provider was loaded successfully.             
Provider: wsp_health             
Provider DLL: wsp_health.dll"
"17-08-2026 17:01:52","1001","Information","Microsoft-Windows-StorageManagement-WSP-Host","A Windows Storage Provider was loaded successfully.             
Provider: wsp_sr             
Provider DLL: wsp_sr.dll"
"17-08-2026 17:01:52","1001","Information","Microsoft-Windows-StorageManagement-WSP-Host","A Windows Storage Provider was loaded successfully.             
Provider: wsp_fs             
Provider DLL: wsp_fs.dll"
"17-08-2026 17:01:52","1001","Information","Microsoft-Windows-StorageManagement-WSP-Host","A Windows Storage Provider was loaded successfully.             
Provider: MISpace             
Provider DLL: mispace.dll"
"17-08-2026 17:01:52","2010","Information","Microsoft-Windows-StorageManagement-WSP-Spaces","The Windows Storage Spaces and Disk provider was loaded.             
Load time (milliseconds): 16             
Miresult: 0"
"17-08-2026 17:01:52","2023","Information","Microsoft-Windows-StorageManagement-WSP-Spaces","Successfully initialized the Storage Management Provider.             
Function: CSpProvider::Initialize             
Duration (milliseconds): 17"
"17-08-2026 17:01:52","2027","Information","Microsoft-Windows-StorageManagement-WSP-Spaces","Successfully initialized Extended Storage Spaces API.             
Function: SuInitializeEx             
Duration (milliseconds): 1"
"17-08-2026 17:01:52","1003","Information","Microsoft-Windows-StorageManagement-WSP-Host","Shutdown for the Windows Storage Provider host service has been completed."
"17-08-2026 17:01:52","2025","Information","Microsoft-Windows-StorageManagement-WSP-Spaces","Successfully cleaned up the Storage Management Provider.             
Function: CSpProvider::Cleanup             
Duration (milliseconds): 18"
"17-08-2026 17:01:52","2029","Information","Microsoft-Windows-StorageManagement-WSP-Spaces","Successfully cleaned up Extended Storage Spaces API.             
Function: SuCleanupEx             
Duration (milliseconds): 0"
"17-08-2026 17:01:51","8","Information","Microsoft-Windows-StorageManagement","The Windows Storage Management WMI Provider was loaded.                    
Load time (milliseconds): 0"
"17-08-2026 17:01:51","1002","Information","Microsoft-Windows-StorageManagement-WSP-Host","Shutdown has been initiated for the Windows Storage Provider host service."
"17-08-2026 16:46:51","9","Information","Microsoft-Windows-StorageManagement","A Windows Storage Management WMI enumeration operation was performed.                   
Class: MSFT_PhysicalDisk                   
ResultCount: 1                   
Operation time (milliseconds): 63"
"17-08-2026 16:46:51","8","Information","Microsoft-Windows-StorageManagement","The Windows Storage Management WMI Provider was loaded.                    
Load time (milliseconds): 0"
"17-08-2026 16:31:52","9","Information","Microsoft-Windows-StorageManagement","A Windows Storage Management WMI enumeration operation was performed.                   
Class: MSFT_PhysicalDisk                   
ResultCount: 1                   
Operation time (milliseconds): 46"
"17-08-2026 16:31:51","7","Information","Microsoft-Windows-StorageManagement","The Windows Storage Provider host service was started successfully.                    
Start time (milliseconds): 141"
"17-08-2026 16:31:51","1001","Information","Microsoft-Windows-StorageManagement-WSP-Host","A Windows Storage Provider was loaded successfully.             
Provider: wsp_health             
Provider DLL: wsp_health.dll"
"17-08-2026 16:31:51","1001","Information","Microsoft-Windows-StorageManagement-WSP-Host","A Windows Storage Provider was loaded successfully.             
Provider: wsp_sr             
Provider DLL: wsp_sr.dll"
"17-08-2026 16:31:51","1001","Information","Microsoft-Windows-StorageManagement-WSP-Host","A Windows Storage Provider was loaded successfully.             
Provider: wsp_fs             
Provider DLL: wsp_fs.dll"
"17-08-2026 16:31:51","1001","Information","Microsoft-Windows-StorageManagement-WSP-Host","A Windows Storage Provider was loaded successfully.             
Provider: MISpace             
Provider DLL: mispace.dll"
"17-08-2026 16:31:51","2010","Information","Microsoft-Windows-StorageManagement-WSP-Spaces","The Windows Storage Spaces and Disk provider was loaded.             
Load time (milliseconds): 0             
Miresult: 0"
"17-08-2026 16:31:51","2023","Information","Microsoft-Windows-StorageManagement-WSP-Spaces","Successfully initialized the Storage Management Provider.             
Function: CSpProvider::Initialize             
Duration (milliseconds): 5"
"17-08-2026 16:31:51","2027","Information","Microsoft-Windows-StorageManagement-WSP-Spaces","Successfully initialized Extended Storage Spaces API.             
Function: SuInitializeEx             
Duration (milliseconds): 0"
"17-08-2026 16:31:51","8","Information","Microsoft-Windows-StorageManagement","The Windows Storage Management WMI Provider was loaded.                    
Load time (milliseconds): 0"
"17-08-2026 16:16:51","1003","Information","Microsoft-Windows-StorageManagement-WSP-Host","Shutdown for the Windows Storage Provider host service has been completed."
"17-08-2026 16:16:51","2025","Information","Microsoft-Windows-StorageManagement-WSP-Spaces","Successfully cleaned up the Storage Management Provider.             
Function: CSpProvider::Cleanup             
Duration (milliseconds): 6"
"17-08-2026 16:16:51","2029","Information","Microsoft-Windows-StorageManagement-WSP-Spaces","Successfully cleaned up Extended Storage Spaces API.             
Function: SuCleanupEx             
Duration (milliseconds): 0"
"17-08-2026 16:16:51","9","Information","Microsoft-Windows-StorageManagement","A Windows Storage Management WMI enumeration operation was performed.                   
Class: MSFT_PhysicalDisk                   
ResultCount: 0                   
Operation time (milliseconds): 31"
"17-08-2026 16:16:51","2007","Error","Microsoft-Windows-StorageManagement-WSP-Spaces","An error occurred during object enumeration.             
Class: SPACES_PhysicalDisk             
Error Code: 28"
"17-08-2026 16:16:51","1002","Information","Microsoft-Windows-StorageManagement-WSP-Host","Shutdown has been initiated for the Windows Storage Provider host service."
"17-08-2026 16:16:51","8","Information","Microsoft-Windows-StorageManagement","The Windows Storage Management WMI Provider was loaded.                    
Load time (milliseconds): 0"
"17-08-2026 16:01:51","9","Information","Microsoft-Windows-StorageManagement","A Windows Storage Management WMI enumeration operation was performed.                   
Class: MSFT_PhysicalDisk                   
ResultCount: 1                   
Operation time (milliseconds): 47"
"17-08-2026 16:01:49","9","Information","Microsoft-Windows-StorageManagement","A Windows Storage Management WMI enumeration operation was performed.                   
Class: MSFT_Volume                   
ResultCount: 3                   
Operation time (milliseconds): 31"
"17-08-2026 16:01:47","9","Information","Microsoft-Windows-StorageManagement","A Windows Storage Management WMI enumeration operation was performed.                   
Class: MSFT_Volume                   
ResultCount: 3                   
Operation time (milliseconds): 47"
"17-08-2026 16:01:47","9","Information","Microsoft-Windows-StorageManagement","A Windows Storage Management WMI enumeration operation was performed.                   
Class: MSFT_Volume                   
ResultCount: 3                   
Operation time (milliseconds): 94"
"17-08-2026 16:01:46","8","Information","Microsoft-Windows-StorageManagement","The Windows Storage Management WMI Provider was loaded.                    
Load time (milliseconds): 0"
"17-08-2026 15:54:17","10","Information","Microsoft-Windows-StorageManagement","A Windows Storage Management WMI get instance operation was performed.                   
Class: WSP_Volume                   
Operation time (milliseconds): 32"
"17-08-2026 15:54:17","10","Information","Microsoft-Windows-StorageManagement","A Windows Storage Management WMI get instance operation was performed.                   
Class: WSP_Partition                   
Operation time (milliseconds): 15"
"17-08-2026 15:54:17","10","Information","Microsoft-Windows-StorageManagement","A Windows Storage Management WMI get instance operation was performed.                   
Class: WSP_Partition                   
Operation time (milliseconds): 16"
"17-08-2026 15:54:17","10","Information","Microsoft-Windows-StorageManagement","A Windows Storage Management WMI get instance operation was performed.                   
Class: WSP_Partition                   
Operation time (milliseconds): 15"
"17-08-2026 15:54:17","9","Information","Microsoft-Windows-StorageManagement","A Windows Storage Management WMI enumeration operation was performed.                   
Class: MSFT_PartitionToVolume                   
ResultCount: 3                   
Operation time (milliseconds): 47"
"17-08-2026 15:54:17","10","Information","Microsoft-Windows-StorageManagement","A Windows Storage Management WMI get instance operation was performed.                   
Class: WSP_Volume                   
Operation time (milliseconds): 16"
"17-08-2026 15:54:17","10","Information","Microsoft-Windows-StorageManagement","A Windows Storage Management WMI get instance operation was performed.                   
Class: WSP_Partition                   
Operation time (milliseconds): 16"
"17-08-2026 15:54:17","10","Information","Microsoft-Windows-StorageManagement","A Windows Storage Management WMI get instance operation was performed.                   
Class: WSP_Partition                   
Operation time (milliseconds): 31"
"17-08-2026 15:54:17","10","Information","Microsoft-Windows-StorageManagement","A Windows Storage Management WMI get instance operation was performed.                   
Class: WSP_Partition                   
Operation time (milliseconds): 16"
"17-08-2026 15:54:17","9","Information","Microsoft-Windows-StorageManagement","A Windows Storage Management WMI enumeration operation was performed.                   
Class: MSFT_PartitionToVolume                   
ResultCount: 3                   
Operation time (milliseconds): 47"
"17-08-2026 15:54:17","9","Information","Microsoft-Windows-StorageManagement","A Windows Storage Management WMI enumeration operation was performed.                   
Class: MSFT_Partition                   
ResultCount: 4                   
Operation time (milliseconds): 47"
"17-08-2026 15:54:17","10","Information","Microsoft-Windows-StorageManagement","A Windows Storage Management WMI get instance operation was performed.                   
Class: WSP_Partition                   
Operation time (milliseconds): 16"
"17-08-2026 15:54:17","10","Information","Microsoft-Windows-StorageManagement","A Windows Storage Management WMI get instance operation was performed.                   
Class: WSP_Partition                   
Operation time (milliseconds): 15"
"17-08-2026 15:54:16","10","Information","Microsoft-Windows-StorageManagement","A Windows Storage Management WMI get instance operation was performed.                   
Class: WSP_Partition                   
Operation time (milliseconds): 31"
"17-08-2026 15:54:16","9","Information","Microsoft-Windows-StorageManagement","A Windows Storage Management WMI enumeration operation was performed.                   
Class: MSFT_PartitionToVolume                   
ResultCount: 3                   
Operation time (milliseconds): 94"
"17-08-2026 15:54:16","8","Information","Microsoft-Windows-StorageManagement","The Windows Storage Management WMI Provider was loaded.                    
Load time (milliseconds): 0"
"17-08-2026 15:52:02","10","Information","Microsoft-Windows-StorageManagement","A Windows Storage Management WMI get instance operation was performed.                   
Class: WSP_Volume                   
Operation time (milliseconds): 31"
"17-08-2026 15:52:02","10","Information","Microsoft-Windows-StorageManagement","A Windows Storage Management WMI get instance operation was performed.                   
Class: WSP_Partition                   
Operation time (milliseconds): 15"
"17-08-2026 15:52:02","10","Information","Microsoft-Windows-StorageManagement","A Windows Storage Management WMI get instance operation was performed.                   
Class: WSP_Partition                   
Operation time (milliseconds): 47"
"17-08-2026 15:52:02","10","Information","Microsoft-Windows-StorageManagement","A Windows Storage Management WMI get instance operation was performed.                   
Class: WSP_Partition                   
Operation time (milliseconds): 16"
"17-08-2026 15:52:02","9","Information","Microsoft-Windows-StorageManagement","A Windows Storage Management WMI enumeration operation was performed.                   
Class: MSFT_PartitionToVolume                   
ResultCount: 3                   
Operation time (milliseconds): 31"
"17-08-2026 15:52:02","10","Information","Microsoft-Windows-StorageManagement","A Windows Storage Management WMI get instance operation was performed.                   
Class: WSP_Volume                   
Operation time (milliseconds): 16"
"17-08-2026 15:52:02","10","Information","Microsoft-Windows-StorageManagement","A Windows Storage Management WMI get instance operation was performed.                   
Class: WSP_Partition                   
Operation time (milliseconds): 16"
"17-08-2026 15:52:02","10","Information","Microsoft-Windows-StorageManagement","A Windows Storage Management WMI get instance operation was performed.                   
Class: WSP_Partition                   
Operation time (milliseconds): 15"
"17-08-2026 15:52:02","10","Information","Microsoft-Windows-StorageManagement","A Windows Storage Management WMI get instance operation was performed.                   
Class: WSP_Partition                   
Operation time (milliseconds): 15"
"17-08-2026 15:52:02","9","Information","Microsoft-Windows-StorageManagement","A Windows Storage Management WMI enumeration operation was performed.                   
Class: MSFT_PartitionToVolume                   
ResultCount: 3                   
Operation time (milliseconds): 32"
"17-08-2026 15:52:02","9","Information","Microsoft-Windows-StorageManagement","A Windows Storage Management WMI enumeration operation was performed.                   
Class: MSFT_Partition                   
ResultCount: 4                   
Operation time (milliseconds): 47"
"17-08-2026 15:52:02","10","Information","Microsoft-Windows-StorageManagement","A Windows Storage Management WMI get instance operation was performed.                   
Class: WSP_Partition                   
Operation time (milliseconds): 16"
"17-08-2026 15:52:02","10","Information","Microsoft-Windows-StorageManagement","A Windows Storage Management WMI get instance operation was performed.                   
Class: WSP_Partition                   
Operation time (milliseconds): 31"
"17-08-2026 15:52:01","10","Information","Microsoft-Windows-StorageManagement","A Windows Storage Management WMI get instance operation was performed.                   
Class: WSP_Partition                   
Operation time (milliseconds): 15"
"17-08-2026 15:52:01","9","Information","Microsoft-Windows-StorageManagement","A Windows Storage Management WMI enumeration operation was performed.                   
Class: MSFT_PartitionToVolume                   
ResultCount: 3                   
Operation time (milliseconds): 157"
"17-08-2026 15:52:01","8","Information","Microsoft-Windows-StorageManagement","The Windows Storage Management WMI Provider was loaded.                    
Load time (milliseconds): 0"
"17-08-2026 15:46:51","9","Information","Microsoft-Windows-StorageManagement","A Windows Storage Management WMI enumeration operation was performed.                   
Class: MSFT_PhysicalDisk                   
ResultCount: 1                   
Operation time (milliseconds): 78"
"17-08-2026 15:46:51","8","Information","Microsoft-Windows-StorageManagement","The Windows Storage Management WMI Provider was loaded.                    
Load time (milliseconds): 0"
"17-08-2026 15:31:51","9","Information","Microsoft-Windows-StorageManagement","A Windows Storage Management WMI enumeration operation was performed.                   
Class: MSFT_PhysicalDisk                   
ResultCount: 1                   
Operation time (milliseconds): 78"
"17-08-2026 15:31:51","8","Information","Microsoft-Windows-StorageManagement","The Windows Storage Management WMI Provider was loaded.                    
Load time (milliseconds): 0"
"17-08-2026 15:16:52","9","Information","Microsoft-Windows-StorageManagement","A Windows Storage Management WMI enumeration operation was performed.                   
Class: MSFT_PhysicalDisk                   
ResultCount: 1                   
Operation time (milliseconds): 78"
"17-08-2026 15:16:52","7","Information","Microsoft-Windows-StorageManagement","The Windows Storage Provider host service was started successfully.                    
Start time (milliseconds): 172"
"17-08-2026 15:16:52","1001","Information","Microsoft-Windows-StorageManagement-WSP-Host","A Windows Storage Provider was loaded successfully.             
Provider: wsp_health             
Provider DLL: wsp_health.dll"
"17-08-2026 15:16:52","1001","Information","Microsoft-Windows-StorageManagement-WSP-Host","A Windows Storage Provider was loaded successfully.             
Provider: wsp_sr             
Provider DLL: wsp_sr.dll"
"17-08-2026 15:16:52","1001","Information","Microsoft-Windows-StorageManagement-WSP-Host","A Windows Storage Provider was loaded successfully.             
Provider: wsp_fs             
Provider DLL: wsp_fs.dll"
"17-08-2026 15:16:52","1001","Information","Microsoft-Windows-StorageManagement-WSP-Host","A Windows Storage Provider was loaded successfully.             
Provider: MISpace             
Provider DLL: mispace.dll"
"17-08-2026 15:16:52","2010","Information","Microsoft-Windows-StorageManagement-WSP-Spaces","The Windows Storage Spaces and Disk provider was loaded.             
Load time (milliseconds): 0             
Miresult: 0"
"17-08-2026 15:16:52","2023","Information","Microsoft-Windows-StorageManagement-WSP-Spaces","Successfully initialized the Storage Management Provider.             
Function: CSpProvider::Initialize             
Duration (milliseconds): 7"
"17-08-2026 15:16:52","2027","Information","Microsoft-Windows-StorageManagement-WSP-Spaces","Successfully initialized Extended Storage Spaces API.             
Function: SuInitializeEx             
Duration (milliseconds): 0"
"17-08-2026 15:16:52","1003","Information","Microsoft-Windows-StorageManagement-WSP-Host","Shutdown for the Windows Storage Provider host service has been completed."
"17-08-2026 15:16:51","2025","Information","Microsoft-Windows-StorageManagement-WSP-Spaces","Successfully cleaned up the Storage Management Provider.             
Function: CSpProvider::Cleanup             
Duration (milliseconds): 9"
"17-08-2026 15:16:51","2029","Information","Microsoft-Windows-StorageManagement-WSP-Spaces","Successfully cleaned up Extended Storage Spaces API.             
Function: SuCleanupEx             
Duration (milliseconds): 0"
"17-08-2026 15:16:51","1002","Information","Microsoft-Windows-StorageManagement-WSP-Host","Shutdown has been initiated for the Windows Storage Provider host service."
"17-08-2026 15:16:51","8","Information","Microsoft-Windows-StorageManagement","The Windows Storage Management WMI Provider was loaded.                    
Load time (milliseconds): 0"
"17-08-2026 15:01:51","9","Information","Microsoft-Windows-StorageManagement","A Windows Storage Management WMI enumeration operation was performed.                   
Class: MSFT_PhysicalDisk                   
ResultCount: 1                   
Operation time (milliseconds): 78"
"17-08-2026 15:01:51","8","Information","Microsoft-Windows-StorageManagement","The Windows Storage Management WMI Provider was loaded.                    
Load time (milliseconds): 0"
"17-08-2026 14:46:51","9","Information","Microsoft-Windows-StorageManagement","A Windows Storage Management WMI enumeration operation was performed.                   
Class: MSFT_PhysicalDisk                   
ResultCount: 1                   
Operation time (milliseconds): 78"
"17-08-2026 14:46:51","8","Information","Microsoft-Windows-StorageManagement","The Windows Storage Management WMI Provider was loaded.                    
Load time (milliseconds): 0"
"17-08-2026 14:31:53","9","Information","Microsoft-Windows-StorageManagement","A Windows Storage Management WMI enumeration operation was performed.                   
Class: MSFT_PhysicalDisk                   
ResultCount: 1                   
Operation time (milliseconds): 63"
"17-08-2026 14:31:53","7","Information","Microsoft-Windows-StorageManagement","The Windows Storage Provider host service was started successfully.                    
Start time (milliseconds): 203"
"17-08-2026 14:31:53","1001","Information","Microsoft-Windows-StorageManagement-WSP-Host","A Windows Storage Provider was loaded successfully.             
Provider: wsp_health             
Provider DLL: wsp_health.dll"
"17-08-2026 14:31:53","1001","Information","Microsoft-Windows-StorageManagement-WSP-Host","A Windows Storage Provider was loaded successfully.             
Provider: wsp_sr             
Provider DLL: wsp_sr.dll"
"17-08-2026 14:31:53","1001","Information","Microsoft-Windows-StorageManagement-WSP-Host","A Windows Storage Provider was loaded successfully.             
Provider: wsp_fs             
Provider DLL: wsp_fs.dll"
"17-08-2026 14:31:53","1001","Information","Microsoft-Windows-StorageManagement-WSP-Host","A Windows Storage Provider was loaded successfully.             
Provider: MISpace             
Provider DLL: mispace.dll"
"17-08-2026 14:31:53","2010","Information","Microsoft-Windows-StorageManagement-WSP-Spaces","The Windows Storage Spaces and Disk provider was loaded.             
Load time (milliseconds): 16             
Miresult: 0"
"17-08-2026 14:31:53","2023","Information","Microsoft-Windows-StorageManagement-WSP-Spaces","Successfully initialized the Storage Management Provider.             
Function: CSpProvider::Initialize             
Duration (milliseconds): 10"
"17-08-2026 14:31:53","2027","Information","Microsoft-Windows-StorageManagement-WSP-Spaces","Successfully initialized Extended Storage Spaces API.             
Function: SuInitializeEx             
Duration (milliseconds): 0"
"17-08-2026 14:31:52","8","Information","Microsoft-Windows-StorageManagement","The Windows Storage Management WMI Provider was loaded.                    
Load time (milliseconds): 0"
"17-08-2026 14:16:53","1003","Information","Microsoft-Windows-StorageManagement-WSP-Host","Shutdown for the Windows Storage Provider host service has been completed."
"17-08-2026 14:16:53","2025","Information","Microsoft-Windows-StorageManagement-WSP-Spaces","Successfully cleaned up the Storage Management Provider.             
Function: CSpProvider::Cleanup             
Duration (milliseconds): 5"
"17-08-2026 14:16:53","2029","Information","Microsoft-Windows-StorageManagement-WSP-Spaces","Successfully cleaned up Extended Storage Spaces API.             
Function: SuCleanupEx             
Duration (milliseconds): 0"
"17-08-2026 14:16:53","9","Information","Microsoft-Windows-StorageManagement","A Windows Storage Management WMI enumeration operation was performed.                   
Class: MSFT_PhysicalDisk                   
ResultCount: 0                   
Operation time (milliseconds): 63"
"17-08-2026 14:16:52","2007","Error","Microsoft-Windows-StorageManagement-WSP-Spaces","An error occurred during object enumeration.             
Class: SPACES_PhysicalDisk             
Error Code: 28"
"17-08-2026 14:16:52","1002","Information","Microsoft-Windows-StorageManagement-WSP-Host","Shutdown has been initiated for the Windows Storage Provider host service."
"17-08-2026 14:16:52","8","Information","Microsoft-Windows-StorageManagement","The Windows Storage Management WMI Provider was loaded.                    
Load time (milliseconds): 0"
"17-08-2026 14:01:53","9","Information","Microsoft-Windows-StorageManagement","A Windows Storage Management WMI enumeration operation was performed.                   
Class: MSFT_PhysicalDisk                   
ResultCount: 1                   
Operation time (milliseconds): 62"
"17-08-2026 14:01:52","8","Information","Microsoft-Windows-StorageManagement","The Windows Storage Management WMI Provider was loaded.                    
Load time (milliseconds): 0"
