"14-08-2026 18:44:19","30830","Information","Microsoft-Windows-SMBClient","The SMB redirector selected the connection initiated with the following parameters:

Server name: gfk-fra2netapp01cifs.gfk.com
Server socket address: 10.2.97.21:445
Client socket address: 
Connection ID: 
Client certificate thumbprint: 
Transport: TCPIP
Instance Name: \Device\LanmanRedirector
Port Origin: The port was selected from the global registry settings."
"14-08-2026 18:44:18","30833","Information","Microsoft-Windows-SMBClient","The initial connection to the share was established.

Share name: \lhrnetapp05cifs1\IPC$
Server address: 10.90.39.20:445
Session ID: 0xC8E7000001BFEB89
Tree ID: 0x1
Transport type: TCPIP
Signing used: false
Encryption used: false
Compression requested: false
NTLM blocked: false

"
"14-08-2026 18:44:17","30830","Information","Microsoft-Windows-SMBClient","The SMB redirector selected the connection initiated with the following parameters:

Server name: lhrnetapp05cifs1
Server socket address: 10.90.39.20:445
Client socket address: 
Connection ID: 
Client certificate thumbprint: 
Transport: TCPIP
Instance Name: \Device\LanmanRedirector
Port Origin: The port was selected from the global registry settings."
"14-08-2026 18:39:09","30833","Information","Microsoft-Windows-SMBClient","The initial connection to the share was established.

Share name: \gfk-fra2netapp01cifs.gfk.com\IPC$
Server address: 10.2.97.21:445
Session ID: 0xC036000012BC962F
Tree ID: 0x1
Transport type: TCPIP
Signing used: false
Encryption used: false
Compression requested: false
NTLM blocked: false

"
"14-08-2026 18:39:08","30830","Information","Microsoft-Windows-SMBClient","The SMB redirector selected the connection initiated with the following parameters:

Server name: gfk-fra2netapp01cifs.gfk.com
Server socket address: 10.2.97.21:445
Client socket address: 
Connection ID: 
Client certificate thumbprint: 
Transport: TCPIP
Instance Name: \Device\LanmanRedirector
Port Origin: The port was selected from the global registry settings."
"14-08-2026 18:39:07","30833","Information","Microsoft-Windows-SMBClient","The initial connection to the share was established.

Share name: \lhrnetapp05cifs1\IPC$
Server address: 10.90.39.31:445
Session ID: 0x441200000213CF1F
Tree ID: 0x1
Transport type: TCPIP
Signing used: false
Encryption used: false
Compression requested: false
NTLM blocked: false

"
"14-08-2026 18:39:06","30830","Information","Microsoft-Windows-SMBClient","The SMB redirector selected the connection initiated with the following parameters:

Server name: lhrnetapp05cifs1
Server socket address: 10.90.39.31:445
Client socket address: 
Connection ID: 
Client certificate thumbprint: 
Transport: TCPIP
Instance Name: \Device\LanmanRedirector
Port Origin: The port was selected from the global registry settings."
"14-08-2026 18:24:09","30833","Information","Microsoft-Windows-SMBClient","The initial connection to the share was established.

Share name: \gfk-fra2netapp01cifs.gfk.com\IPC$
Server address: 10.2.97.21:445
Session ID: 0xC036000012BBFCDB
Tree ID: 0x1
Transport type: TCPIP
Signing used: false
Encryption used: false
Compression requested: false
NTLM blocked: false

"
"14-08-2026 18:24:08","30830","Information","Microsoft-Windows-SMBClient","The SMB redirector selected the connection initiated with the following parameters:

Server name: gfk-fra2netapp01cifs.gfk.com
Server socket address: 10.2.97.21:445
Client socket address: 
Connection ID: 
Client certificate thumbprint: 
Transport: TCPIP
Instance Name: \Device\LanmanRedirector
Port Origin: The port was selected from the global registry settings."
"14-08-2026 18:24:07","30833","Information","Microsoft-Windows-SMBClient","The initial connection to the share was established.

Share name: \lhrnetapp05cifs1\IPC$
Server address: 10.90.39.22:445
Session ID: 0x28D6000001DD5EED
Tree ID: 0x1
Transport type: TCPIP
Signing used: false
Encryption used: false
Compression requested: false
NTLM blocked: false

"
"14-08-2026 18:24:06","30830","Information","Microsoft-Windows-SMBClient","The SMB redirector selected the connection initiated with the following parameters:

Server name: lhrnetapp05cifs1
Server socket address: 10.90.39.22:445
Client socket address: 
Connection ID: 
Client certificate thumbprint: 
Transport: TCPIP
Instance Name: \Device\LanmanRedirector
Port Origin: The port was selected from the global registry settings."
"14-08-2026 17:39:09","30833","Information","Microsoft-Windows-SMBClient","The initial connection to the share was established.

Share name: \gfk-fra2netapp01cifs.gfk.com\IPC$
Server address: 10.2.97.21:445
Session ID: 0xC036000012BA2C0F
Tree ID: 0x1
Transport type: TCPIP
Signing used: false
Encryption used: false
Compression requested: false
NTLM blocked: false

"
"14-08-2026 17:39:08","30830","Information","Microsoft-Windows-SMBClient","The SMB redirector selected the connection initiated with the following parameters:

Server name: gfk-fra2netapp01cifs.gfk.com
Server socket address: 10.2.97.21:445
Client socket address: 
Connection ID: 
Client certificate thumbprint: 
Transport: TCPIP
Instance Name: \Device\LanmanRedirector
Port Origin: The port was selected from the global registry settings."
"14-08-2026 17:39:07","30833","Information","Microsoft-Windows-SMBClient","The initial connection to the share was established.

Share name: \lhrnetapp05cifs1\IPC$
Server address: 10.90.39.22:445
Session ID: 0x28D6000001DD3B00
Tree ID: 0x1
Transport type: TCPIP
Signing used: false
Encryption used: false
Compression requested: false
NTLM blocked: false

"
"14-08-2026 17:39:06","30830","Information","Microsoft-Windows-SMBClient","The SMB redirector selected the connection initiated with the following parameters:

Server name: lhrnetapp05cifs1
Server socket address: 10.90.39.22:445
Client socket address: 
Connection ID: 
Client certificate thumbprint: 
Transport: TCPIP
Instance Name: \Device\LanmanRedirector
Port Origin: The port was selected from the global registry settings."
"14-08-2026 16:24:09","30833","Information","Microsoft-Windows-SMBClient","The initial connection to the share was established.

Share name: \gfk-fra2netapp01cifs.gfk.com\IPC$
Server address: 10.2.97.21:445
Session ID: 0xC036000012B72DA6
Tree ID: 0x1
Transport type: TCPIP
Signing used: false
Encryption used: false
Compression requested: false
NTLM blocked: false

"
"14-08-2026 16:24:08","30830","Information","Microsoft-Windows-SMBClient","The SMB redirector selected the connection initiated with the following parameters:

Server name: gfk-fra2netapp01cifs.gfk.com
Server socket address: 10.2.97.21:445
Client socket address: 
Connection ID: 
Client certificate thumbprint: 
Transport: TCPIP
Instance Name: \Device\LanmanRedirector
Port Origin: The port was selected from the global registry settings."
"14-08-2026 16:24:07","30833","Information","Microsoft-Windows-SMBClient","The initial connection to the share was established.

Share name: \lhrnetapp05cifs1\IPC$
Server address: 10.90.39.31:445
Session ID: 0x4412000002138C1F
Tree ID: 0x1
Transport type: TCPIP
Signing used: false
Encryption used: false
Compression requested: false
NTLM blocked: false

"
"14-08-2026 16:24:06","30830","Information","Microsoft-Windows-SMBClient","The SMB redirector selected the connection initiated with the following parameters:

Server name: lhrnetapp05cifs1
Server socket address: 10.90.39.31:445
Client socket address: 
Connection ID: 
Client certificate thumbprint: 
Transport: TCPIP
Instance Name: \Device\LanmanRedirector
Port Origin: The port was selected from the global registry settings."
"14-08-2026 16:02:38","30833","Information","Microsoft-Windows-SMBClient","The initial connection to the share was established.

Share name: \gfk-fra2netapp01cifs.gfk.com\IPC$
Server address: 10.2.97.21:445
Session ID: 0xC036000012B6672F
Tree ID: 0x1
Transport type: TCPIP
Signing used: false
Encryption used: false
Compression requested: false
NTLM blocked: false

"
"14-08-2026 16:02:37","30830","Information","Microsoft-Windows-SMBClient","The SMB redirector selected the connection initiated with the following parameters:

Server name: gfk-fra2netapp01cifs.gfk.com
Server socket address: 10.2.97.21:445
Client socket address: 
Connection ID: 
Client certificate thumbprint: 
Transport: TCPIP
Instance Name: \Device\LanmanRedirector
Port Origin: The port was selected from the global registry settings."
"14-08-2026 16:02:35","30833","Information","Microsoft-Windows-SMBClient","The initial connection to the share was established.

Share name: \lhrnetapp05cifs1\IPC$
Server address: 10.90.39.29:445
Session ID: 0x3666000001FE309E
Tree ID: 0x1
Transport type: TCPIP
Signing used: false
Encryption used: false
Compression requested: false
NTLM blocked: false

"
"14-08-2026 16:02:34","30830","Information","Microsoft-Windows-SMBClient","The SMB redirector selected the connection initiated with the following parameters:

Server name: lhrnetapp05cifs1
Server socket address: 10.90.39.29:445
Client socket address: 
Connection ID: 
Client certificate thumbprint: 
Transport: TCPIP
Instance Name: \Device\LanmanRedirector
Port Origin: The port was selected from the global registry settings."
"14-08-2026 15:57:27","30833","Information","Microsoft-Windows-SMBClient","The initial connection to the share was established.

Share name: \localhost\C$
Server address: [::1]:445
Session ID: 0x880000000009
Tree ID: 0x5
Transport type: TCPIP
Signing used: true
Encryption used: false
Compression requested: false
NTLM blocked: false

"
"14-08-2026 15:57:27","30833","Information","Microsoft-Windows-SMBClient","The initial connection to the share was established.

Share name: \localhost\IPC$
Server address: [::1]:445
Session ID: 0x880000000009
Tree ID: 0x1
Transport type: TCPIP
Signing used: true
Encryption used: false
Compression requested: false
NTLM blocked: false

"
"14-08-2026 15:57:27","30830","Information","Microsoft-Windows-SMBClient","The SMB redirector selected the connection initiated with the following parameters:

Server name: localhost
Server socket address: [::1]:445
Client socket address: 
Connection ID: 
Client certificate thumbprint: 
Transport: TCPIP
Instance Name: \Device\LanmanRedirector
Port Origin: The port was selected from the global registry settings."
"14-08-2026 15:54:09","30833","Information","Microsoft-Windows-SMBClient","The initial connection to the share was established.

Share name: \gfk-fra2netapp01cifs.gfk.com\IPC$
Server address: 10.2.97.21:445
Session ID: 0xC036000012B60C98
Tree ID: 0x1
Transport type: TCPIP
Signing used: false
Encryption used: false
Compression requested: false
NTLM blocked: false

"
"14-08-2026 15:54:08","30830","Information","Microsoft-Windows-SMBClient","The SMB redirector selected the connection initiated with the following parameters:

Server name: gfk-fra2netapp01cifs.gfk.com
Server socket address: 10.2.97.21:445
Client socket address: 
Connection ID: 
Client certificate thumbprint: 
Transport: TCPIP
Instance Name: \Device\LanmanRedirector
Port Origin: The port was selected from the global registry settings."
"14-08-2026 15:54:07","30833","Information","Microsoft-Windows-SMBClient","The initial connection to the share was established.

Share name: \lhrnetapp05cifs1\IPC$
Server address: 10.90.39.31:445
Session ID: 0x4412000002137C8F
Tree ID: 0x1
Transport type: TCPIP
Signing used: false
Encryption used: false
Compression requested: false
NTLM blocked: false

"
"14-08-2026 15:54:06","30830","Information","Microsoft-Windows-SMBClient","The SMB redirector selected the connection initiated with the following parameters:

Server name: lhrnetapp05cifs1
Server socket address: 10.90.39.31:445
Client socket address: 
Connection ID: 
Client certificate thumbprint: 
Transport: TCPIP
Instance Name: \Device\LanmanRedirector
Port Origin: The port was selected from the global registry settings."
"14-08-2026 15:06:05","30833","Information","Microsoft-Windows-SMBClient","The initial connection to the share was established.

Share name: \gfk-fra2netapp01cifs.gfk.com\IPC$
Server address: 10.2.97.21:445
Session ID: 0xC036000012B3DC54
Tree ID: 0x1
Transport type: TCPIP
Signing used: false
Encryption used: false
Compression requested: false
NTLM blocked: false

"
"14-08-2026 15:06:04","30830","Information","Microsoft-Windows-SMBClient","The SMB redirector selected the connection initiated with the following parameters:

Server name: gfk-fra2netapp01cifs.gfk.com
Server socket address: 10.2.97.21:445
Client socket address: 
Connection ID: 
Client certificate thumbprint: 
Transport: TCPIP
Instance Name: \Device\LanmanRedirector
Port Origin: The port was selected from the global registry settings."
"14-08-2026 15:06:03","30833","Information","Microsoft-Windows-SMBClient","The initial connection to the share was established.

Share name: \lhrnetapp05cifs1\IPC$
Server address: 10.90.39.29:445
Session ID: 0x3666000001FDE6B0
Tree ID: 0x1
Transport type: TCPIP
Signing used: false
Encryption used: false
Compression requested: false
NTLM blocked: false

"
"14-08-2026 15:06:03","30830","Information","Microsoft-Windows-SMBClient","The SMB redirector selected the connection initiated with the following parameters:

Server name: lhrnetapp05cifs1
Server socket address: 10.90.39.29:445
Client socket address: 
Connection ID: 
Client certificate thumbprint: 
Transport: TCPIP
Instance Name: \Device\LanmanRedirector
Port Origin: The port was selected from the global registry settings."
"14-08-2026 15:02:37","30833","Information","Microsoft-Windows-SMBClient","The initial connection to the share was established.

Share name: \gfk-fra2netapp01cifs.gfk.com\IPC$
Server address: 10.2.97.21:445
Session ID: 0xC036000012B3B836
Tree ID: 0x1
Transport type: TCPIP
Signing used: false
Encryption used: false
Compression requested: false
NTLM blocked: false

"
"14-08-2026 15:02:36","30830","Information","Microsoft-Windows-SMBClient","The SMB redirector selected the connection initiated with the following parameters:

Server name: gfk-fra2netapp01cifs.gfk.com
Server socket address: 10.2.97.21:445
Client socket address: 
Connection ID: 
Client certificate thumbprint: 
Transport: TCPIP
Instance Name: \Device\LanmanRedirector
Port Origin: The port was selected from the global registry settings."
"14-08-2026 15:02:35","30833","Information","Microsoft-Windows-SMBClient","The initial connection to the share was established.

Share name: \lhrnetapp05cifs1\IPC$
Server address: 10.90.39.20:445
Session ID: 0xC8E7000001BF7CAC
Tree ID: 0x1
Transport type: TCPIP
Signing used: false
Encryption used: false
Compression requested: false
NTLM blocked: false

"
"14-08-2026 15:02:34","30830","Information","Microsoft-Windows-SMBClient","The SMB redirector selected the connection initiated with the following parameters:

Server name: lhrnetapp05cifs1
Server socket address: 10.90.39.20:445
Client socket address: 
Connection ID: 
Client certificate thumbprint: 
Transport: TCPIP
Instance Name: \Device\LanmanRedirector
Port Origin: The port was selected from the global registry settings."
"14-08-2026 14:16:33","30833","Information","Microsoft-Windows-SMBClient","The initial connection to the share was established.

Share name: \hkgwindcbp002.enterprisenet.org\IPC$
Server address: 10.250.27.11:445
Session ID: 0x13850A0000E91
Tree ID: 0x1
Transport type: TCPIP
Signing used: true
Encryption used: false
Compression requested: false
NTLM blocked: false

"
"14-08-2026 14:16:33","30830","Information","Microsoft-Windows-SMBClient","The SMB redirector selected the connection initiated with the following parameters:

Server name: hkgwindcbp002.enterprisenet.org
Server socket address: 10.250.27.11:445
Client socket address: 
Connection ID: 
Client certificate thumbprint: 
Transport: TCPIP
Instance Name: \Device\LanmanRedirector
Port Origin: The port was selected from the global registry settings."
"14-08-2026 14:16:29","30833","Information","Microsoft-Windows-SMBClient","The initial connection to the share was established.

Share name: \daywindcbp004.enterprisenet.org\IPC$
Server address: 10.7.179.216:445
Session ID: 0x13067E4000681
Tree ID: 0x1
Transport type: TCPIP
Signing used: true
Encryption used: false
Compression requested: false
NTLM blocked: false

"
"14-08-2026 14:16:28","30830","Information","Microsoft-Windows-SMBClient","The SMB redirector selected the connection initiated with the following parameters:

Server name: daywindcbp004.enterprisenet.org
Server socket address: 10.7.179.216:445
Client socket address: 
Connection ID: 
Client certificate thumbprint: 
Transport: TCPIP
Instance Name: \Device\LanmanRedirector
Port Origin: The port was selected from the global registry settings."
"14-08-2026 14:02:36","30833","Information","Microsoft-Windows-SMBClient","The initial connection to the share was established.

Share name: \gfk-fra2netapp01cifs.gfk.com\IPC$
Server address: 10.2.97.21:445
Session ID: 0xC036000012B07C30
Tree ID: 0x1
Transport type: TCPIP
Signing used: false
Encryption used: false
Compression requested: false
NTLM blocked: false

"
"14-08-2026 14:02:35","30830","Information","Microsoft-Windows-SMBClient","The SMB redirector selected the connection initiated with the following parameters:

Server name: gfk-fra2netapp01cifs.gfk.com
Server socket address: 10.2.97.21:445
Client socket address: 
Connection ID: 
Client certificate thumbprint: 
Transport: TCPIP
Instance Name: \Device\LanmanRedirector
Port Origin: The port was selected from the global registry settings."
"14-08-2026 14:02:35","30833","Information","Microsoft-Windows-SMBClient","The initial connection to the share was established.

Share name: \lhrnetapp05cifs1\IPC$
Server address: 10.90.39.29:445
Session ID: 0x3666000001FD97EE
Tree ID: 0x1
Transport type: TCPIP
Signing used: false
Encryption used: false
Compression requested: false
NTLM blocked: false

"
"14-08-2026 14:02:34","30830","Information","Microsoft-Windows-SMBClient","The SMB redirector selected the connection initiated with the following parameters:

Server name: lhrnetapp05cifs1
Server socket address: 10.90.39.29:445
Client socket address: 
Connection ID: 
Client certificate thumbprint: 
Transport: TCPIP
Instance Name: \Device\LanmanRedirector
Port Origin: The port was selected from the global registry settings."
"14-08-2026 13:54:09","30833","Information","Microsoft-Windows-SMBClient","The initial connection to the share was established.

Share name: \gfk-fra2netapp01cifs.gfk.com\IPC$
Server address: 10.2.97.21:445
Session ID: 0xC036000012B00009
Tree ID: 0x1
Transport type: TCPIP
Signing used: false
Encryption used: false
Compression requested: false
NTLM blocked: false

"
"14-08-2026 13:54:08","30830","Information","Microsoft-Windows-SMBClient","The SMB redirector selected the connection initiated with the following parameters:

Server name: gfk-fra2netapp01cifs.gfk.com
Server socket address: 10.2.97.21:445
Client socket address: 
Connection ID: 
Client certificate thumbprint: 
Transport: TCPIP
Instance Name: \Device\LanmanRedirector
Port Origin: The port was selected from the global registry settings."
"14-08-2026 13:54:07","30833","Information","Microsoft-Windows-SMBClient","The initial connection to the share was established.

Share name: \lhrnetapp05cifs1\IPC$
Server address: 10.90.39.20:445
Session ID: 0xC8E7000001BF52ED
Tree ID: 0x1
Transport type: TCPIP
Signing used: false
Encryption used: false
Compression requested: false
NTLM blocked: false

"
"14-08-2026 13:54:06","30830","Information","Microsoft-Windows-SMBClient","The SMB redirector selected the connection initiated with the following parameters:

Server name: lhrnetapp05cifs1
Server socket address: 10.90.39.20:445
Client socket address: 
Connection ID: 
Client certificate thumbprint: 
Transport: TCPIP
Instance Name: \Device\LanmanRedirector
Port Origin: The port was selected from the global registry settings."
"14-08-2026 13:51:52","30833","Information","Microsoft-Windows-SMBClient","The initial connection to the share was established.

Share name: \gfk-fra2netapp01cifs.gfk.com\IPC$
Server address: 10.2.97.21:445
Session ID: 0xC036000012AFE3C8
Tree ID: 0x1
Transport type: TCPIP
Signing used: false
Encryption used: false
Compression requested: false
NTLM blocked: false

"
"14-08-2026 13:51:51","30830","Information","Microsoft-Windows-SMBClient","The SMB redirector selected the connection initiated with the following parameters:

Server name: gfk-fra2netapp01cifs.gfk.com
Server socket address: 10.2.97.21:445
Client socket address: 
Connection ID: 
Client certificate thumbprint: 
Transport: TCPIP
Instance Name: \Device\LanmanRedirector
Port Origin: The port was selected from the global registry settings."
"14-08-2026 13:51:50","30833","Information","Microsoft-Windows-SMBClient","The initial connection to the share was established.

Share name: \lhrnetapp05cifs1\IPC$
Server address: 10.90.39.29:445
Session ID: 0x3666000001FD8B7C
Tree ID: 0x1
Transport type: TCPIP
Signing used: false
Encryption used: false
Compression requested: false
NTLM blocked: false

"
"14-08-2026 13:51:50","30830","Information","Microsoft-Windows-SMBClient","The SMB redirector selected the connection initiated with the following parameters:

Server name: lhrnetapp05cifs1
Server socket address: 10.90.39.29:445
Client socket address: 
Connection ID: 
Client certificate thumbprint: 
Transport: TCPIP
Instance Name: \Device\LanmanRedirector
Port Origin: The port was selected from the global registry settings."
"14-08-2026 13:43:00","30833","Information","Microsoft-Windows-SMBClient","The initial connection to the share was established.

Share name: \gfk-fra2netapp01cifs.gfk.com\IPC$
Server address: 10.2.97.21:445
Session ID: 0xC036000012AF7C4C
Tree ID: 0x1
Transport type: TCPIP
Signing used: false
Encryption used: false
Compression requested: false
NTLM blocked: false

"
"14-08-2026 13:42:59","30830","Information","Microsoft-Windows-SMBClient","The SMB redirector selected the connection initiated with the following parameters:

Server name: gfk-fra2netapp01cifs.gfk.com
Server socket address: 10.2.97.21:445
Client socket address: 
Connection ID: 
Client certificate thumbprint: 
Transport: TCPIP
Instance Name: \Device\LanmanRedirector
Port Origin: The port was selected from the global registry settings."
"14-08-2026 13:42:58","30833","Information","Microsoft-Windows-SMBClient","The initial connection to the share was established.

Share name: \lhrnetapp05cifs1\IPC$
Server address: 10.90.39.31:445
Session ID: 0x44120000021321A7
Tree ID: 0x1
Transport type: TCPIP
Signing used: false
Encryption used: false
Compression requested: false
NTLM blocked: false

"
"14-08-2026 13:42:57","30830","Information","Microsoft-Windows-SMBClient","The SMB redirector selected the connection initiated with the following parameters:

Server name: lhrnetapp05cifs1
Server socket address: 10.90.39.31:445
Client socket address: 
Connection ID: 
Client certificate thumbprint: 
Transport: TCPIP
Instance Name: \Device\LanmanRedirector
Port Origin: The port was selected from the global registry settings."
"14-08-2026 13:40:52","30833","Information","Microsoft-Windows-SMBClient","The initial connection to the share was established.

Share name: \gfk-fra2netapp01cifs.gfk.com\IPC$
Server address: 10.2.97.21:445
Session ID: 0xC036000012AF604B
Tree ID: 0x1
Transport type: TCPIP
Signing used: false
Encryption used: false
Compression requested: false
NTLM blocked: false

"
"14-08-2026 13:40:51","30830","Information","Microsoft-Windows-SMBClient","The SMB redirector selected the connection initiated with the following parameters:

Server name: gfk-fra2netapp01cifs.gfk.com
Server socket address: 10.2.97.21:445
Client socket address: 
Connection ID: 
Client certificate thumbprint: 
Transport: TCPIP
Instance Name: \Device\LanmanRedirector
Port Origin: The port was selected from the global registry settings."
"14-08-2026 13:40:49","30833","Information","Microsoft-Windows-SMBClient","The initial connection to the share was established.

Share name: \lhrnetapp05cifs1\IPC$
Server address: 10.90.39.31:445
Session ID: 0x441200000213200B
Tree ID: 0x1
Transport type: TCPIP
Signing used: false
Encryption used: false
Compression requested: false
NTLM blocked: false

"
"14-08-2026 13:40:49","30830","Information","Microsoft-Windows-SMBClient","The SMB redirector selected the connection initiated with the following parameters:

Server name: lhrnetapp05cifs1
Server socket address: 10.90.39.31:445
Client socket address: 
Connection ID: 
Client certificate thumbprint: 
Transport: TCPIP
Instance Name: \Device\LanmanRedirector
Port Origin: The port was selected from the global registry settings."
"14-08-2026 13:28:31","30833","Information","Microsoft-Windows-SMBClient","The initial connection to the share was established.

Share name: \gfk-fra2netapp01cifs.gfk.com\IPC$
Server address: 10.2.97.21:445
Session ID: 0xC036000012AED3E1
Tree ID: 0x1
Transport type: TCPIP
Signing used: false
Encryption used: false
Compression requested: false
NTLM blocked: false

"
"14-08-2026 13:28:30","30830","Information","Microsoft-Windows-SMBClient","The SMB redirector selected the connection initiated with the following parameters:

Server name: gfk-fra2netapp01cifs.gfk.com
Server socket address: 10.2.97.21:445
Client socket address: 
Connection ID: 
Client certificate thumbprint: 
Transport: TCPIP
Instance Name: \Device\LanmanRedirector
Port Origin: The port was selected from the global registry settings."
"14-08-2026 13:28:29","30833","Information","Microsoft-Windows-SMBClient","The initial connection to the share was established.

Share name: \lhrnetapp05cifs1\IPC$
Server address: 10.90.39.20:445
Session ID: 0xC8E7000001BF44E1
Tree ID: 0x1
Transport type: TCPIP
Signing used: false
Encryption used: false
Compression requested: false
NTLM blocked: false

"
"14-08-2026 13:28:28","30830","Information","Microsoft-Windows-SMBClient","The SMB redirector selected the connection initiated with the following parameters:

Server name: lhrnetapp05cifs1
Server socket address: 10.90.39.20:445
Client socket address: 
Connection ID: 
Client certificate thumbprint: 
Transport: TCPIP
Instance Name: \Device\LanmanRedirector
Port Origin: The port was selected from the global registry settings."
"14-08-2026 13:24:26","30810","Information","Microsoft-Windows-SMBClient","Added a TCP/IP transport interface.

Name: Local Area Connection* 5
InterfaceIndex: 0x6

Guidance:
A TCP/IP binding was added to the specified network adapter for the SMB client. The SMB client can now send and receive SMB traffic on this network adapter using TCP/IP. You should expect this event when a computer restarts or when a previously disabled network adaptor is re-enabled. No user action is required."
"14-08-2026 13:24:20","30810","Information","Microsoft-Windows-SMBClient","Added a TCP/IP transport interface.

Name: Local Area Connection* 5
InterfaceIndex: 0x6

Guidance:
A TCP/IP binding was added to the specified network adapter for the SMB client. The SMB client can now send and receive SMB traffic on this network adapter using TCP/IP. You should expect this event when a computer restarts or when a previously disabled network adaptor is re-enabled. No user action is required."
"14-08-2026 13:22:40","30810","Information","Microsoft-Windows-SMBClient","Added a TCP/IP transport interface.

Name: Ethernet 3
InterfaceIndex: 0x12

Guidance:
A TCP/IP binding was added to the specified network adapter for the SMB client. The SMB client can now send and receive SMB traffic on this network adapter using TCP/IP. You should expect this event when a computer restarts or when a previously disabled network adaptor is re-enabled. No user action is required."
"14-08-2026 13:22:38","30810","Information","Microsoft-Windows-SMBClient","Added a TCP/IP transport interface.

Name: Local Area Connection* 2
InterfaceIndex: 0x2

Guidance:
A TCP/IP binding was added to the specified network adapter for the SMB client. The SMB client can now send and receive SMB traffic on this network adapter using TCP/IP. You should expect this event when a computer restarts or when a previously disabled network adaptor is re-enabled. No user action is required."
"14-08-2026 13:22:36","30812","Information","Microsoft-Windows-SMBClient","Added a TDI transport interface.

Name: \Device\NetBT_Tcpip_{556D9BDF-D387-4AB9-BE4C-A7E220FAF218}

Guidance:
A TDI (NetBIOS) binding was added to the specified network adapter for the SMB client. The SMB client can now send and receive SMB traffic on this network adapter using TDI. You should expect this event when a computer restarts or when a previously disabled network adaptor is re-enabled. No user action is required."
"14-08-2026 13:22:36","30810","Information","Microsoft-Windows-SMBClient","Added a TCP/IP transport interface.

Name: Wi-Fi
InterfaceIndex: 0xC

Guidance:
A TCP/IP binding was added to the specified network adapter for the SMB client. The SMB client can now send and receive SMB traffic on this network adapter using TCP/IP. You should expect this event when a computer restarts or when a previously disabled network adaptor is re-enabled. No user action is required."
"14-08-2026 13:22:36","30811","Information","Microsoft-Windows-SMBClient","Deleted a TCP/IP transport interface.

Name: Wi-Fi
InterfaceIndex: 0xC

Guidance:
A TCP/IP binding was removed from the specified network adapter for the SMB client. You should expect this event when a computer shuts down or when a previously enabled network adaptor is disabled. No user action is required."
"14-08-2026 13:22:34","30810","Information","Microsoft-Windows-SMBClient","Added a TCP/IP transport interface.

Name: Ethernet 3
InterfaceIndex: 0x12

Guidance:
A TCP/IP binding was added to the specified network adapter for the SMB client. The SMB client can now send and receive SMB traffic on this network adapter using TCP/IP. You should expect this event when a computer restarts or when a previously disabled network adaptor is re-enabled. No user action is required."
"14-08-2026 13:22:33","30810","Information","Microsoft-Windows-SMBClient","Added a TCP/IP transport interface.

Name: Ethernet 2
InterfaceIndex: 0x7

Guidance:
A TCP/IP binding was added to the specified network adapter for the SMB client. The SMB client can now send and receive SMB traffic on this network adapter using TCP/IP. You should expect this event when a computer restarts or when a previously disabled network adaptor is re-enabled. No user action is required."
"14-08-2026 13:22:32","30810","Information","Microsoft-Windows-SMBClient","Added a TCP/IP transport interface.

Name: Local Area Connection* 2
InterfaceIndex: 0x2

Guidance:
A TCP/IP binding was added to the specified network adapter for the SMB client. The SMB client can now send and receive SMB traffic on this network adapter using TCP/IP. You should expect this event when a computer restarts or when a previously disabled network adaptor is re-enabled. No user action is required."
"14-08-2026 13:22:28","30813","Information","Microsoft-Windows-SMBClient","Deleted a TDI transport interface.

Name: \Device\NetBT_Tcpip_{556D9BDF-D387-4AB9-BE4C-A7E220FAF218}

Guidance:
A TDI (NetBIOS) binding was removed from the specified network adapter for the SMB client. You should expect this event when a computer shuts down or when a previously enabled network adaptor is disabled. No user action is required."
"14-08-2026 13:22:27","30810","Information","Microsoft-Windows-SMBClient","Added a TCP/IP transport interface.

Name: Ethernet 2
InterfaceIndex: 0x7

Guidance:
A TCP/IP binding was added to the specified network adapter for the SMB client. The SMB client can now send and receive SMB traffic on this network adapter using TCP/IP. You should expect this event when a computer restarts or when a previously disabled network adaptor is re-enabled. No user action is required."
"14-08-2026 04:14:40","30811","Information","Microsoft-Windows-SMBClient","Deleted a TCP/IP transport interface.

Name: Local Area Connection* 2
InterfaceIndex: 0x2

Guidance:
A TCP/IP binding was removed from the specified network adapter for the SMB client. You should expect this event when a computer shuts down or when a previously enabled network adaptor is disabled. No user action is required."
"14-08-2026 04:14:40","30811","Information","Microsoft-Windows-SMBClient","Deleted a TCP/IP transport interface.

Name: Local Area Connection* 2
InterfaceIndex: 0x2

Guidance:
A TCP/IP binding was removed from the specified network adapter for the SMB client. You should expect this event when a computer shuts down or when a previously enabled network adaptor is disabled. No user action is required."
"14-08-2026 04:14:40","30811","Information","Microsoft-Windows-SMBClient","Deleted a TCP/IP transport interface.

Name: Local Area Connection* 5
InterfaceIndex: 0x6

Guidance:
A TCP/IP binding was removed from the specified network adapter for the SMB client. You should expect this event when a computer shuts down or when a previously enabled network adaptor is disabled. No user action is required."
"14-08-2026 04:14:40","30811","Information","Microsoft-Windows-SMBClient","Deleted a TCP/IP transport interface.

Name: Local Area Connection* 5
InterfaceIndex: 0x6

Guidance:
A TCP/IP binding was removed from the specified network adapter for the SMB client. You should expect this event when a computer shuts down or when a previously enabled network adaptor is disabled. No user action is required."
"14-08-2026 04:14:39","30811","Information","Microsoft-Windows-SMBClient","Deleted a TCP/IP transport interface.

Name: Ethernet 2
InterfaceIndex: 0x7

Guidance:
A TCP/IP binding was removed from the specified network adapter for the SMB client. You should expect this event when a computer shuts down or when a previously enabled network adaptor is disabled. No user action is required."
"14-08-2026 04:14:39","30811","Information","Microsoft-Windows-SMBClient","Deleted a TCP/IP transport interface.

Name: Ethernet 2
InterfaceIndex: 0x7

Guidance:
A TCP/IP binding was removed from the specified network adapter for the SMB client. You should expect this event when a computer shuts down or when a previously enabled network adaptor is disabled. No user action is required."
"14-08-2026 04:14:31","30800","Error","Microsoft-Windows-SMBClient","The server name cannot be resolved.

Error: The object was not found.

Server name: gfk-fra2netapp01cifs.gfk.com

Guidance:
The client cannot resolve the server address in DNS or WINS. This issue often manifests immediately after joining a computer to the domain, when the client's DNS registration may not yet have propagated to all DNS servers. You should also expect this event at system startup on a DNS server (such as a domain controller) that points to itself for the primary DNS. You should validate the DNS client settings on this computer using IPCONFIG /ALL and NSLOOKUP."
"14-08-2026 04:14:30","30800","Error","Microsoft-Windows-SMBClient","The server name cannot be resolved.

Error: The object was not found.

Server name: lhrnetapp05cifs1

Guidance:
The client cannot resolve the server address in DNS or WINS. This issue often manifests immediately after joining a computer to the domain, when the client's DNS registration may not yet have propagated to all DNS servers. You should also expect this event at system startup on a DNS server (such as a domain controller) that points to itself for the primary DNS. You should validate the DNS client settings on this computer using IPCONFIG /ALL and NSLOOKUP."
"14-08-2026 04:14:20","30812","Information","Microsoft-Windows-SMBClient","Added a TDI transport interface.

Name: \Device\NetBT_Tcpip_{556D9BDF-D387-4AB9-BE4C-A7E220FAF218}

Guidance:
A TDI (NetBIOS) binding was added to the specified network adapter for the SMB client. The SMB client can now send and receive SMB traffic on this network adapter using TDI. You should expect this event when a computer restarts or when a previously disabled network adaptor is re-enabled. No user action is required."
"14-08-2026 04:14:20","30810","Information","Microsoft-Windows-SMBClient","Added a TCP/IP transport interface.

Name: Wi-Fi
InterfaceIndex: 0xC

Guidance:
A TCP/IP binding was added to the specified network adapter for the SMB client. The SMB client can now send and receive SMB traffic on this network adapter using TCP/IP. You should expect this event when a computer restarts or when a previously disabled network adaptor is re-enabled. No user action is required."
"14-08-2026 04:14:19","30811","Information","Microsoft-Windows-SMBClient","Deleted a TCP/IP transport interface.

Name: Wi-Fi
InterfaceIndex: 0xC

Guidance:
A TCP/IP binding was removed from the specified network adapter for the SMB client. You should expect this event when a computer shuts down or when a previously enabled network adaptor is disabled. No user action is required."
"13-08-2026 18:44:22","30813","Information","Microsoft-Windows-SMBClient","Deleted a TDI transport interface.

Name: \Device\NetBT_Tcpip_{556D9BDF-D387-4AB9-BE4C-A7E220FAF218}

Guidance:
A TDI (NetBIOS) binding was removed from the specified network adapter for the SMB client. You should expect this event when a computer shuts down or when a previously enabled network adaptor is disabled. No user action is required."
"13-08-2026 18:36:54","30811","Information","Microsoft-Windows-SMBClient","Deleted a TCP/IP transport interface.

Name: Ethernet 3
InterfaceIndex: 0x12

Guidance:
A TCP/IP binding was removed from the specified network adapter for the SMB client. You should expect this event when a computer shuts down or when a previously enabled network adaptor is disabled. No user action is required."
"13-08-2026 18:36:54","30811","Information","Microsoft-Windows-SMBClient","Deleted a TCP/IP transport interface.

Name: Ethernet 3
InterfaceIndex: 0x12

Guidance:
A TCP/IP binding was removed from the specified network adapter for the SMB client. You should expect this event when a computer shuts down or when a previously enabled network adaptor is disabled. No user action is required."
"13-08-2026 18:13:10","30833","Information","Microsoft-Windows-SMBClient","The initial connection to the share was established.

Share name: \localhost\C$
Server address: [::1]:445
Session ID: 0x880000000005
Tree ID: 0x5
Transport type: TCPIP
Signing used: true
Encryption used: false
Compression requested: false
NTLM blocked: false

"
"13-08-2026 18:13:10","30833","Information","Microsoft-Windows-SMBClient","The initial connection to the share was established.

Share name: \localhost\IPC$
Server address: [::1]:445
Session ID: 0x880000000005
Tree ID: 0x1
Transport type: TCPIP
Signing used: true
Encryption used: false
Compression requested: false
NTLM blocked: false

"
"13-08-2026 18:13:10","30830","Information","Microsoft-Windows-SMBClient","The SMB redirector selected the connection initiated with the following parameters:

Server name: localhost
Server socket address: [::1]:445
Client socket address: 
Connection ID: 
Client certificate thumbprint: 
Transport: TCPIP
Instance Name: \Device\LanmanRedirector
Port Origin: The port was selected from the global registry settings."
"13-08-2026 17:54:52","30833","Information","Microsoft-Windows-SMBClient","The initial connection to the share was established.

Share name: \gfk-fra2netapp01cifs.gfk.com\IPC$
Server address: 10.2.97.21:445
Session ID: 0xC0360000129DC5AC
Tree ID: 0x1
Transport type: TCPIP
Signing used: false
Encryption used: false
Compression requested: false
NTLM blocked: false

"
"13-08-2026 17:54:51","30830","Information","Microsoft-Windows-SMBClient","The SMB redirector selected the connection initiated with the following parameters:

Server name: gfk-fra2netapp01cifs.gfk.com
Server socket address: 10.2.97.21:445
Client socket address: 
Connection ID: 
Client certificate thumbprint: 
Transport: TCPIP
Instance Name: \Device\LanmanRedirector
Port Origin: The port was selected from the global registry settings."
"13-08-2026 17:54:50","30833","Information","Microsoft-Windows-SMBClient","The initial connection to the share was established.

Share name: \lhrnetapp05cifs1\IPC$
Server address: 10.90.39.31:445
Session ID: 0x441200000211C66F
Tree ID: 0x1
Transport type: TCPIP
Signing used: false
Encryption used: false
Compression requested: false
NTLM blocked: false

"
"13-08-2026 17:54:50","30830","Information","Microsoft-Windows-SMBClient","The SMB redirector selected the connection initiated with the following parameters:

Server name: lhrnetapp05cifs1
Server socket address: 10.90.39.31:445
Client socket address: 
Connection ID: 
Client certificate thumbprint: 
Transport: TCPIP
Instance Name: \Device\LanmanRedirector
Port Origin: The port was selected from the global registry settings."
"13-08-2026 17:24:52","30833","Information","Microsoft-Windows-SMBClient","The initial connection to the share was established.

Share name: \gfk-fra2netapp01cifs.gfk.com\IPC$
Server address: 10.2.97.21:445
Session ID: 0xC0360000129CE6BB
Tree ID: 0x1
Transport type: TCPIP
Signing used: false
Encryption used: false
Compression requested: false
NTLM blocked: false

"
"13-08-2026 17:24:51","30830","Information","Microsoft-Windows-SMBClient","The SMB redirector selected the connection initiated with the following parameters:

Server name: gfk-fra2netapp01cifs.gfk.com
Server socket address: 10.2.97.21:445
Client socket address: 
Connection ID: 
Client certificate thumbprint: 
Transport: TCPIP
Instance Name: \Device\LanmanRedirector
Port Origin: The port was selected from the global registry settings."
"13-08-2026 17:24:50","30833","Information","Microsoft-Windows-SMBClient","The initial connection to the share was established.

Share name: \lhrnetapp05cifs1\IPC$
Server address: 10.90.39.31:445
Session ID: 0x441200000211B338
Tree ID: 0x1
Transport type: TCPIP
Signing used: false
Encryption used: false
Compression requested: false
NTLM blocked: false

"
"13-08-2026 17:24:49","30830","Information","Microsoft-Windows-SMBClient","The SMB redirector selected the connection initiated with the following parameters:

Server name: lhrnetapp05cifs1
Server socket address: 10.90.39.31:445
Client socket address: 
Connection ID: 
Client certificate thumbprint: 
Transport: TCPIP
Instance Name: \Device\LanmanRedirector
Port Origin: The port was selected from the global registry settings."
"13-08-2026 16:54:52","30833","Information","Microsoft-Windows-SMBClient","The initial connection to the share was established.

Share name: \gfk-fra2netapp01cifs.gfk.com\IPC$
Server address: 10.2.97.21:445
Session ID: 0xC0360000129BDCF3
Tree ID: 0x1
Transport type: TCPIP
Signing used: false
Encryption used: false
Compression requested: false
NTLM blocked: false

"
"13-08-2026 16:54:51","30830","Information","Microsoft-Windows-SMBClient","The SMB redirector selected the connection initiated with the following parameters:

Server name: gfk-fra2netapp01cifs.gfk.com
Server socket address: 10.2.97.21:445
Client socket address: 
Connection ID: 
Client certificate thumbprint: 
Transport: TCPIP
Instance Name: \Device\LanmanRedirector
Port Origin: The port was selected from the global registry settings."
"13-08-2026 16:54:50","30833","Information","Microsoft-Windows-SMBClient","The initial connection to the share was established.

Share name: \lhrnetapp05cifs1\IPC$
Server address: 10.90.39.29:445
Session ID: 0x3666000001FB398C
Tree ID: 0x1
Transport type: TCPIP
Signing used: false
Encryption used: false
Compression requested: false
NTLM blocked: false

"
"13-08-2026 16:54:50","30830","Information","Microsoft-Windows-SMBClient","The SMB redirector selected the connection initiated with the following parameters:

Server name: lhrnetapp05cifs1
Server socket address: 10.90.39.29:445
Client socket address: 
Connection ID: 
Client certificate thumbprint: 
Transport: TCPIP
Instance Name: \Device\LanmanRedirector
Port Origin: The port was selected from the global registry settings."
"13-08-2026 16:06:06","30833","Information","Microsoft-Windows-SMBClient","The initial connection to the share was established.

Share name: \gfk-fra2netapp01cifs.gfk.com\IPC$
Server address: 10.2.97.21:445
Session ID: 0xC0360000129A2080
Tree ID: 0x1
Transport type: TCPIP
Signing used: false
Encryption used: false
Compression requested: false
NTLM blocked: false

"
"13-08-2026 16:06:05","30830","Information","Microsoft-Windows-SMBClient","The SMB redirector selected the connection initiated with the following parameters:

Server name: gfk-fra2netapp01cifs.gfk.com
Server socket address: 10.2.97.21:445
Client socket address: 
Connection ID: 
Client certificate thumbprint: 
Transport: TCPIP
Instance Name: \Device\LanmanRedirector
Port Origin: The port was selected from the global registry settings."
"13-08-2026 16:06:04","30833","Information","Microsoft-Windows-SMBClient","The initial connection to the share was established.

Share name: \lhrnetapp05cifs1\IPC$
Server address: 10.90.39.20:445
Session ID: 0xC8E7000001BDC0FC
Tree ID: 0x1
Transport type: TCPIP
Signing used: false
Encryption used: false
Compression requested: false
NTLM blocked: false

"
"13-08-2026 16:06:03","30830","Information","Microsoft-Windows-SMBClient","The SMB redirector selected the connection initiated with the following parameters:

Server name: lhrnetapp05cifs1
Server socket address: 10.90.39.20:445
Client socket address: 
Connection ID: 
Client certificate thumbprint: 
Transport: TCPIP
Instance Name: \Device\LanmanRedirector
Port Origin: The port was selected from the global registry settings."
"13-08-2026 15:51:52","30833","Information","Microsoft-Windows-SMBClient","The initial connection to the share was established.

Share name: \gfk-fra2netapp01cifs.gfk.com\IPC$
Server address: 10.2.97.21:445
Session ID: 0xC03600001299A23B
Tree ID: 0x1
Transport type: TCPIP
Signing used: false
Encryption used: false
Compression requested: false
NTLM blocked: false

"
"13-08-2026 15:51:52","30830","Information","Microsoft-Windows-SMBClient","The SMB redirector selected the connection initiated with the following parameters:

Server name: gfk-fra2netapp01cifs.gfk.com
Server socket address: 10.2.97.21:445
Client socket address: 
Connection ID: 
Client certificate thumbprint: 
Transport: TCPIP
Instance Name: \Device\LanmanRedirector
Port Origin: The port was selected from the global registry settings."
"13-08-2026 15:51:51","30833","Information","Microsoft-Windows-SMBClient","The initial connection to the share was established.

Share name: \lhrnetapp05cifs1\IPC$
Server address: 10.90.39.31:445
Session ID: 0x441200000211791C
Tree ID: 0x1
Transport type: TCPIP
Signing used: false
Encryption used: false
Compression requested: false
NTLM blocked: false

"
"13-08-2026 15:51:50","30830","Information","Microsoft-Windows-SMBClient","The SMB redirector selected the connection initiated with the following parameters:

Server name: lhrnetapp05cifs1
Server socket address: 10.90.39.31:445
Client socket address: 
Connection ID: 
Client certificate thumbprint: 
Transport: TCPIP
Instance Name: \Device\LanmanRedirector
Port Origin: The port was selected from the global registry settings."
"13-08-2026 15:37:06","30833","Information","Microsoft-Windows-SMBClient","The initial connection to the share was established.

Share name: \gfk-fra2netapp01cifs.gfk.com\IPC$
Server address: 10.2.97.21:445
Session ID: 0xC03600001299187E
Tree ID: 0x1
Transport type: TCPIP
Signing used: false
Encryption used: false
Compression requested: false
NTLM blocked: false

"
"13-08-2026 15:37:05","30830","Information","Microsoft-Windows-SMBClient","The SMB redirector selected the connection initiated with the following parameters:

Server name: gfk-fra2netapp01cifs.gfk.com
Server socket address: 10.2.97.21:445
Client socket address: 
Connection ID: 
Client certificate thumbprint: 
Transport: TCPIP
Instance Name: \Device\LanmanRedirector
Port Origin: The port was selected from the global registry settings."
"13-08-2026 15:37:04","30833","Information","Microsoft-Windows-SMBClient","The initial connection to the share was established.

Share name: \lhrnetapp05cifs1\IPC$
Server address: 10.90.39.29:445
Session ID: 0x3666000001FAF64B
Tree ID: 0x1
Transport type: TCPIP
Signing used: false
Encryption used: false
Compression requested: false
NTLM blocked: false

"
"13-08-2026 15:37:03","30830","Information","Microsoft-Windows-SMBClient","The SMB redirector selected the connection initiated with the following parameters:

Server name: lhrnetapp05cifs1
Server socket address: 10.90.39.29:445
Client socket address: 
Connection ID: 
Client certificate thumbprint: 
Transport: TCPIP
Instance Name: \Device\LanmanRedirector
Port Origin: The port was selected from the global registry settings."
"13-08-2026 15:09:52","30833","Information","Microsoft-Windows-SMBClient","The initial connection to the share was established.

Share name: \gfk-fra2netapp01cifs.gfk.com\IPC$
Server address: 10.2.97.21:445
Session ID: 0xC03600001298162F
Tree ID: 0x1
Transport type: TCPIP
Signing used: false
Encryption used: false
Compression requested: false
NTLM blocked: false

"
"13-08-2026 15:09:52","30830","Information","Microsoft-Windows-SMBClient","The SMB redirector selected the connection initiated with the following parameters:

Server name: gfk-fra2netapp01cifs.gfk.com
Server socket address: 10.2.97.21:445
Client socket address: 
Connection ID: 
Client certificate thumbprint: 
Transport: TCPIP
Instance Name: \Device\LanmanRedirector
Port Origin: The port was selected from the global registry settings."
"13-08-2026 15:09:50","30833","Information","Microsoft-Windows-SMBClient","The initial connection to the share was established.

Share name: \lhrnetapp05cifs1\IPC$
Server address: 10.90.39.31:445
Session ID: 0x4412000002116172
Tree ID: 0x1
Transport type: TCPIP
Signing used: false
Encryption used: false
Compression requested: false
NTLM blocked: false

"
