"03-08-2026 15:41:56","811","Information","Microsoft-Windows-Winlogon","The winlogon notification subscriber <TermSrv> began handling the notification event (4)."
"03-08-2026 15:41:56","812","Information","Microsoft-Windows-Winlogon","The winlogon notification subscriber <Sens> finished handling the notification event (4)."
"03-08-2026 15:41:56","811","Information","Microsoft-Windows-Winlogon","The winlogon notification subscriber <Sens> began handling the notification event (4)."
"03-08-2026 14:41:43","812","Information","Microsoft-Windows-Winlogon","The winlogon notification subscriber <TermSrv> finished handling the notification event (5)."
"03-08-2026 14:41:43","811","Information","Microsoft-Windows-Winlogon","The winlogon notification subscriber <TermSrv> began handling the notification event (5)."
"03-08-2026 14:41:43","812","Information","Microsoft-Windows-Winlogon","The winlogon notification subscriber <Sens> finished handling the notification event (5)."
"03-08-2026 14:41:43","811","Information","Microsoft-Windows-Winlogon","The winlogon notification subscriber <Sens> began handling the notification event (5)."
"03-08-2026 14:35:39","812","Information","Microsoft-Windows-Winlogon","The winlogon notification subscriber <TermSrv> finished handling the notification event (4)."
"03-08-2026 14:35:39","811","Information","Microsoft-Windows-Winlogon","The winlogon notification subscriber <TermSrv> began handling the notification event (4)."
"03-08-2026 14:35:39","812","Information","Microsoft-Windows-Winlogon","The winlogon notification subscriber <Sens> finished handling the notification event (4)."
"03-08-2026 14:35:39","811","Information","Microsoft-Windows-Winlogon","The winlogon notification subscriber <Sens> began handling the notification event (4)."
"03-08-2026 14:20:37","812","Information","Microsoft-Windows-Winlogon","The winlogon notification subscriber <TermSrv> finished handling the notification event (5)."
"03-08-2026 14:20:37","811","Information","Microsoft-Windows-Winlogon","The winlogon notification subscriber <TermSrv> began handling the notification event (5)."
"03-08-2026 14:20:37","812","Information","Microsoft-Windows-Winlogon","The winlogon notification subscriber <Sens> finished handling the notification event (5)."
"03-08-2026 14:20:37","811","Information","Microsoft-Windows-Winlogon","The winlogon notification subscriber <Sens> began handling the notification event (5)."
"03-08-2026 13:19:31","812","Information","Microsoft-Windows-Winlogon","The winlogon notification subscriber <TermSrv> finished handling the notification event (4)."
"03-08-2026 13:19:31","811","Information","Microsoft-Windows-Winlogon","The winlogon notification subscriber <TermSrv> began handling the notification event (4)."
"03-08-2026 13:19:31","812","Information","Microsoft-Windows-Winlogon","The winlogon notification subscriber <Sens> finished handling the notification event (4)."
"03-08-2026 13:19:31","811","Information","Microsoft-Windows-Winlogon","The winlogon notification subscriber <Sens> began handling the notification event (4)."
"03-08-2026 13:19:02","812","Information","Microsoft-Windows-Winlogon","The winlogon notification subscriber <TermSrv> finished handling the notification event (5)."
"03-08-2026 13:19:02","811","Information","Microsoft-Windows-Winlogon","The winlogon notification subscriber <TermSrv> began handling the notification event (5)."
"03-08-2026 13:19:02","812","Information","Microsoft-Windows-Winlogon","The winlogon notification subscriber <Sens> finished handling the notification event (5)."
"03-08-2026 13:19:02","811","Information","Microsoft-Windows-Winlogon","The winlogon notification subscriber <Sens> began handling the notification event (5)."
"03-08-2026 13:18:55","812","Information","Microsoft-Windows-Winlogon","The winlogon notification subscriber <TermSrv> finished handling the notification event (4)."
"03-08-2026 13:18:55","811","Information","Microsoft-Windows-Winlogon","The winlogon notification subscriber <TermSrv> began handling the notification event (4)."
"03-08-2026 13:18:55","812","Information","Microsoft-Windows-Winlogon","The winlogon notification subscriber <Sens> finished handling the notification event (4)."
"03-08-2026 13:18:55","811","Information","Microsoft-Windows-Winlogon","The winlogon notification subscriber <Sens> began handling the notification event (4)."
"03-08-2026 12:33:45","812","Information","Microsoft-Windows-Winlogon","The winlogon notification subscriber <TermSrv> finished handling the notification event (5)."
"03-08-2026 12:33:45","811","Information","Microsoft-Windows-Winlogon","The winlogon notification subscriber <TermSrv> began handling the notification event (5)."
"03-08-2026 12:33:45","812","Information","Microsoft-Windows-Winlogon","The winlogon notification subscriber <Sens> finished handling the notification event (5)."
"03-08-2026 12:33:45","811","Information","Microsoft-Windows-Winlogon","The winlogon notification subscriber <Sens> began handling the notification event (5)."
"03-08-2026 11:53:29","812","Information","Microsoft-Windows-Winlogon","The winlogon notification subscriber <TermSrv> finished handling the notification event (4)."
"03-08-2026 11:53:29","811","Information","Microsoft-Windows-Winlogon","The winlogon notification subscriber <TermSrv> began handling the notification event (4)."
"03-08-2026 11:53:29","812","Information","Microsoft-Windows-Winlogon","The winlogon notification subscriber <Sens> finished handling the notification event (4)."
"03-08-2026 11:53:29","811","Information","Microsoft-Windows-Winlogon","The winlogon notification subscriber <Sens> began handling the notification event (4)."
"03-08-2026 11:04:29","812","Information","Microsoft-Windows-Winlogon","The winlogon notification subscriber <TermSrv> finished handling the notification event (5)."
"03-08-2026 11:04:29","811","Information","Microsoft-Windows-Winlogon","The winlogon notification subscriber <TermSrv> began handling the notification event (5)."
"03-08-2026 11:04:29","812","Information","Microsoft-Windows-Winlogon","The winlogon notification subscriber <Sens> finished handling the notification event (5)."
"03-08-2026 11:04:29","811","Information","Microsoft-Windows-Winlogon","The winlogon notification subscriber <Sens> began handling the notification event (5)."
"03-08-2026 10:31:32","812","Information","Microsoft-Windows-Winlogon","The winlogon notification subscriber <TermSrv> finished handling the notification event (4)."
"03-08-2026 10:31:32","811","Information","Microsoft-Windows-Winlogon","The winlogon notification subscriber <TermSrv> began handling the notification event (4)."
"03-08-2026 10:31:32","812","Information","Microsoft-Windows-Winlogon","The winlogon notification subscriber <Sens> finished handling the notification event (4)."
"03-08-2026 10:31:32","811","Information","Microsoft-Windows-Winlogon","The winlogon notification subscriber <Sens> began handling the notification event (4)."
"03-08-2026 10:17:06","812","Information","Microsoft-Windows-Winlogon","The winlogon notification subscriber <TermSrv> finished handling the notification event (5)."
"03-08-2026 10:17:06","811","Information","Microsoft-Windows-Winlogon","The winlogon notification subscriber <TermSrv> began handling the notification event (5)."
"03-08-2026 10:17:06","812","Information","Microsoft-Windows-Winlogon","The winlogon notification subscriber <Sens> finished handling the notification event (5)."
"03-08-2026 10:17:06","811","Information","Microsoft-Windows-Winlogon","The winlogon notification subscriber <Sens> began handling the notification event (5)."
"03-08-2026 10:16:05","812","Information","Microsoft-Windows-Winlogon","The winlogon notification subscriber <TermSrv> finished handling the notification event (4)."
"03-08-2026 10:16:05","811","Information","Microsoft-Windows-Winlogon","The winlogon notification subscriber <TermSrv> began handling the notification event (4)."
"03-08-2026 10:16:05","812","Information","Microsoft-Windows-Winlogon","The winlogon notification subscriber <Sens> finished handling the notification event (4)."
"03-08-2026 10:16:05","811","Information","Microsoft-Windows-Winlogon","The winlogon notification subscriber <Sens> began handling the notification event (4)."
"03-08-2026 09:52:21","812","Information","Microsoft-Windows-Winlogon","The winlogon notification subscriber <TermSrv> finished handling the notification event (5)."
"03-08-2026 09:52:21","811","Information","Microsoft-Windows-Winlogon","The winlogon notification subscriber <TermSrv> began handling the notification event (5)."
"03-08-2026 09:52:21","812","Information","Microsoft-Windows-Winlogon","The winlogon notification subscriber <Sens> finished handling the notification event (5)."
"03-08-2026 09:52:21","811","Information","Microsoft-Windows-Winlogon","The winlogon notification subscriber <Sens> began handling the notification event (5)."
"03-08-2026 09:33:12","812","Information","Microsoft-Windows-Winlogon","The winlogon notification subscriber <TermSrv> finished handling the notification event (4)."
"03-08-2026 09:33:12","811","Information","Microsoft-Windows-Winlogon","The winlogon notification subscriber <TermSrv> began handling the notification event (4)."
"03-08-2026 09:33:12","812","Information","Microsoft-Windows-Winlogon","The winlogon notification subscriber <Sens> finished handling the notification event (4)."
"03-08-2026 09:33:12","811","Information","Microsoft-Windows-Winlogon","The winlogon notification subscriber <Sens> began handling the notification event (4)."
"03-08-2026 09:26:40","812","Information","Microsoft-Windows-Winlogon","The winlogon notification subscriber <TermSrv> finished handling the notification event (14)."
"03-08-2026 09:26:40","811","Information","Microsoft-Windows-Winlogon","The winlogon notification subscriber <TermSrv> began handling the notification event (14)."
"03-08-2026 09:26:19","812","Information","Microsoft-Windows-Winlogon","The winlogon notification subscriber <TermSrv> finished handling the notification event (12)."
"03-08-2026 09:26:19","811","Information","Microsoft-Windows-Winlogon","The winlogon notification subscriber <TermSrv> began handling the notification event (12)."
"03-08-2026 09:26:19","812","Information","Microsoft-Windows-Winlogon","The winlogon notification subscriber <Sens> finished handling the notification event (12)."
"03-08-2026 09:26:19","811","Information","Microsoft-Windows-Winlogon","The winlogon notification subscriber <Sens> began handling the notification event (12)."
"03-08-2026 09:26:19","812","Information","Microsoft-Windows-Winlogon","The winlogon notification subscriber <GPClient> finished handling the notification event (12)."
"03-08-2026 09:26:19","811","Information","Microsoft-Windows-Winlogon","The winlogon notification subscriber <GPClient> began handling the notification event (12)."
"03-08-2026 09:26:19","812","Information","Microsoft-Windows-Winlogon","The winlogon notification subscriber <SessionEnv> finished handling the notification event (12)."
"03-08-2026 09:26:19","811","Information","Microsoft-Windows-Winlogon","The winlogon notification subscriber <SessionEnv> began handling the notification event (12)."
"03-08-2026 09:26:19","812","Information","Microsoft-Windows-Winlogon","The winlogon notification subscriber <Sens> finished handling the notification event (2)."
"03-08-2026 09:26:19","811","Information","Microsoft-Windows-Winlogon","The winlogon notification subscriber <Sens> began handling the notification event (2)."
"03-08-2026 09:26:19","812","Information","Microsoft-Windows-Winlogon","The winlogon notification subscriber <TermSrv> finished handling the notification event (2)."
"03-08-2026 09:26:19","811","Information","Microsoft-Windows-Winlogon","The winlogon notification subscriber <TermSrv> began handling the notification event (2)."
"03-08-2026 09:26:19","812","Information","Microsoft-Windows-Winlogon","The winlogon notification subscriber <GPClient> finished handling the notification event (2)."
"03-08-2026 09:26:19","811","Information","Microsoft-Windows-Winlogon","The winlogon notification subscriber <GPClient> began handling the notification event (2)."
"03-08-2026 09:26:19","812","Information","Microsoft-Windows-Winlogon","The winlogon notification subscriber <Profiles> finished handling the notification event (2)."
"03-08-2026 09:26:19","811","Information","Microsoft-Windows-Winlogon","The winlogon notification subscriber <Profiles> began handling the notification event (2)."
"03-08-2026 09:26:19","812","Information","Microsoft-Windows-Winlogon","The winlogon notification subscriber <SessionEnv> finished handling the notification event (2)."
"03-08-2026 09:26:19","811","Information","Microsoft-Windows-Winlogon","The winlogon notification subscriber <SessionEnv> began handling the notification event (2)."
"03-08-2026 09:26:19","2","Information","Microsoft-Windows-Winlogon","Authentication stopped. Result 0"
"03-08-2026 09:26:19","1","Information","Microsoft-Windows-Winlogon","Authentication started."
"03-08-2026 09:26:04","812","Information","Microsoft-Windows-Winlogon","The winlogon notification subscriber <TermSrv> finished handling the notification event (0)."
"03-08-2026 09:26:04","811","Information","Microsoft-Windows-Winlogon","The winlogon notification subscriber <TermSrv> began handling the notification event (0)."
"03-08-2026 09:26:04","812","Information","Microsoft-Windows-Winlogon","The winlogon notification subscriber <GPClient> finished handling the notification event (0)."
"03-08-2026 09:26:04","811","Information","Microsoft-Windows-Winlogon","The winlogon notification subscriber <GPClient> began handling the notification event (0)."
"31-07-2026 18:35:43","812","Information","Microsoft-Windows-Winlogon","The winlogon notification subscriber <TermSrv> finished handling the notification event (1)."
"31-07-2026 18:35:43","811","Information","Microsoft-Windows-Winlogon","The winlogon notification subscriber <TermSrv> began handling the notification event (1)."
"31-07-2026 18:35:43","812","Information","Microsoft-Windows-Winlogon","The winlogon notification subscriber <Dot3svc> finished handling the notification event (3)."
"31-07-2026 18:35:43","811","Information","Microsoft-Windows-Winlogon","The winlogon notification subscriber <Dot3svc> began handling the notification event (3)."
"31-07-2026 18:35:43","812","Information","Microsoft-Windows-Winlogon","The winlogon notification subscriber <Wlansvc> finished handling the notification event (3)."
"31-07-2026 18:35:43","811","Information","Microsoft-Windows-Winlogon","The winlogon notification subscriber <Wlansvc> began handling the notification event (3)."
"31-07-2026 18:35:43","812","Information","Microsoft-Windows-Winlogon","The winlogon notification subscriber <SessionEnv> finished handling the notification event (3)."
"31-07-2026 18:35:43","811","Information","Microsoft-Windows-Winlogon","The winlogon notification subscriber <SessionEnv> began handling the notification event (3)."
"31-07-2026 18:35:43","812","Information","Microsoft-Windows-Winlogon","The winlogon notification subscriber <Profiles> finished handling the notification event (3)."
"31-07-2026 18:35:43","811","Information","Microsoft-Windows-Winlogon","The winlogon notification subscriber <Profiles> began handling the notification event (3)."
"31-07-2026 18:35:43","812","Information","Microsoft-Windows-Winlogon","The winlogon notification subscriber <GPClient> finished handling the notification event (3)."
"31-07-2026 18:35:43","811","Information","Microsoft-Windows-Winlogon","The winlogon notification subscriber <GPClient> began handling the notification event (3)."
"31-07-2026 18:35:43","812","Information","Microsoft-Windows-Winlogon","The winlogon notification subscriber <TermSrv> finished handling the notification event (3)."
"31-07-2026 18:35:43","811","Information","Microsoft-Windows-Winlogon","The winlogon notification subscriber <TermSrv> began handling the notification event (3)."
"31-07-2026 18:35:43","812","Information","Microsoft-Windows-Winlogon","The winlogon notification subscriber <Sens> finished handling the notification event (3)."
"31-07-2026 18:35:43","811","Information","Microsoft-Windows-Winlogon","The winlogon notification subscriber <Sens> began handling the notification event (3)."
"31-07-2026 18:35:42","812","Information","Microsoft-Windows-Winlogon","The winlogon notification subscriber <TermSrv> finished handling the notification event (13)."
"31-07-2026 18:35:42","811","Information","Microsoft-Windows-Winlogon","The winlogon notification subscriber <TermSrv> began handling the notification event (13)."
"31-07-2026 18:35:42","812","Information","Microsoft-Windows-Winlogon","The winlogon notification subscriber <GPClient> finished handling the notification event (13)."
"31-07-2026 18:35:42","811","Information","Microsoft-Windows-Winlogon","The winlogon notification subscriber <GPClient> began handling the notification event (13)."
"31-07-2026 18:35:42","812","Information","Microsoft-Windows-Winlogon","The winlogon notification subscriber <GPClient> finished handling the notification event (13)."
"31-07-2026 18:35:42","811","Information","Microsoft-Windows-Winlogon","The winlogon notification subscriber <GPClient> began handling the notification event (13)."
"31-07-2026 18:35:37","812","Information","Microsoft-Windows-Winlogon","The winlogon notification subscriber <TermSrv> finished handling the notification event (0)."
"31-07-2026 18:35:37","811","Information","Microsoft-Windows-Winlogon","The winlogon notification subscriber <TermSrv> began handling the notification event (0)."
"31-07-2026 18:35:37","812","Information","Microsoft-Windows-Winlogon","The winlogon notification subscriber <GPClient> finished handling the notification event (0)."
"31-07-2026 18:35:37","811","Information","Microsoft-Windows-Winlogon","The winlogon notification subscriber <GPClient> began handling the notification event (0)."
"31-07-2026 18:27:24","812","Information","Microsoft-Windows-Winlogon","The winlogon notification subscriber <TermSrv> finished handling the notification event (5)."
"31-07-2026 18:27:24","811","Information","Microsoft-Windows-Winlogon","The winlogon notification subscriber <TermSrv> began handling the notification event (5)."
"31-07-2026 18:27:24","812","Information","Microsoft-Windows-Winlogon","The winlogon notification subscriber <Sens> finished handling the notification event (5)."
"31-07-2026 18:27:24","811","Information","Microsoft-Windows-Winlogon","The winlogon notification subscriber <Sens> began handling the notification event (5)."
"31-07-2026 18:00:46","812","Information","Microsoft-Windows-Winlogon","The winlogon notification subscriber <TermSrv> finished handling the notification event (4)."
"31-07-2026 18:00:46","811","Information","Microsoft-Windows-Winlogon","The winlogon notification subscriber <TermSrv> began handling the notification event (4)."
"31-07-2026 18:00:46","812","Information","Microsoft-Windows-Winlogon","The winlogon notification subscriber <Sens> finished handling the notification event (4)."
"31-07-2026 18:00:46","811","Information","Microsoft-Windows-Winlogon","The winlogon notification subscriber <Sens> began handling the notification event (4)."
"31-07-2026 15:56:24","812","Information","Microsoft-Windows-Winlogon","The winlogon notification subscriber <TermSrv> finished handling the notification event (5)."
"31-07-2026 15:56:24","811","Information","Microsoft-Windows-Winlogon","The winlogon notification subscriber <TermSrv> began handling the notification event (5)."
"31-07-2026 15:56:24","812","Information","Microsoft-Windows-Winlogon","The winlogon notification subscriber <Sens> finished handling the notification event (5)."
"31-07-2026 15:56:24","811","Information","Microsoft-Windows-Winlogon","The winlogon notification subscriber <Sens> began handling the notification event (5)."
"31-07-2026 15:28:14","812","Information","Microsoft-Windows-Winlogon","The winlogon notification subscriber <TermSrv> finished handling the notification event (4)."
"31-07-2026 15:28:14","811","Information","Microsoft-Windows-Winlogon","The winlogon notification subscriber <TermSrv> began handling the notification event (4)."
"31-07-2026 15:28:14","812","Information","Microsoft-Windows-Winlogon","The winlogon notification subscriber <Sens> finished handling the notification event (4)."
"31-07-2026 15:28:14","811","Information","Microsoft-Windows-Winlogon","The winlogon notification subscriber <Sens> began handling the notification event (4)."
"31-07-2026 15:13:14","812","Information","Microsoft-Windows-Winlogon","The winlogon notification subscriber <TermSrv> finished handling the notification event (5)."
"31-07-2026 15:13:14","811","Information","Microsoft-Windows-Winlogon","The winlogon notification subscriber <TermSrv> began handling the notification event (5)."
"31-07-2026 15:13:14","812","Information","Microsoft-Windows-Winlogon","The winlogon notification subscriber <Sens> finished handling the notification event (5)."
"31-07-2026 15:13:14","811","Information","Microsoft-Windows-Winlogon","The winlogon notification subscriber <Sens> began handling the notification event (5)."
"31-07-2026 15:12:43","812","Information","Microsoft-Windows-Winlogon","The winlogon notification subscriber <TermSrv> finished handling the notification event (4)."
"31-07-2026 15:12:43","811","Information","Microsoft-Windows-Winlogon","The winlogon notification subscriber <TermSrv> began handling the notification event (4)."
"31-07-2026 15:12:43","812","Information","Microsoft-Windows-Winlogon","The winlogon notification subscriber <Sens> finished handling the notification event (4)."
"31-07-2026 15:12:43","811","Information","Microsoft-Windows-Winlogon","The winlogon notification subscriber <Sens> began handling the notification event (4)."
"31-07-2026 14:56:19","812","Information","Microsoft-Windows-Winlogon","The winlogon notification subscriber <TermSrv> finished handling the notification event (5)."
"31-07-2026 14:56:19","811","Information","Microsoft-Windows-Winlogon","The winlogon notification subscriber <TermSrv> began handling the notification event (5)."
"31-07-2026 14:56:19","812","Information","Microsoft-Windows-Winlogon","The winlogon notification subscriber <Sens> finished handling the notification event (5)."
"31-07-2026 14:56:19","811","Information","Microsoft-Windows-Winlogon","The winlogon notification subscriber <Sens> began handling the notification event (5)."
"31-07-2026 13:56:16","812","Information","Microsoft-Windows-Winlogon","The winlogon notification subscriber <TermSrv> finished handling the notification event (4)."
"31-07-2026 13:56:16","811","Information","Microsoft-Windows-Winlogon","The winlogon notification subscriber <TermSrv> began handling the notification event (4)."
"31-07-2026 13:56:16","812","Information","Microsoft-Windows-Winlogon","The winlogon notification subscriber <Sens> finished handling the notification event (4)."
"31-07-2026 13:56:16","811","Information","Microsoft-Windows-Winlogon","The winlogon notification subscriber <Sens> began handling the notification event (4)."
"31-07-2026 13:30:01","812","Information","Microsoft-Windows-Winlogon","The winlogon notification subscriber <TermSrv> finished handling the notification event (5)."
"31-07-2026 13:30:01","811","Information","Microsoft-Windows-Winlogon","The winlogon notification subscriber <TermSrv> began handling the notification event (5)."
"31-07-2026 13:30:01","812","Information","Microsoft-Windows-Winlogon","The winlogon notification subscriber <Sens> finished handling the notification event (5)."
"31-07-2026 13:30:01","811","Information","Microsoft-Windows-Winlogon","The winlogon notification subscriber <Sens> began handling the notification event (5)."
"31-07-2026 12:36:06","812","Information","Microsoft-Windows-Winlogon","The winlogon notification subscriber <TermSrv> finished handling the notification event (4)."
"31-07-2026 12:36:06","811","Information","Microsoft-Windows-Winlogon","The winlogon notification subscriber <TermSrv> began handling the notification event (4)."
"31-07-2026 12:36:06","812","Information","Microsoft-Windows-Winlogon","The winlogon notification subscriber <Sens> finished handling the notification event (4)."
"31-07-2026 12:36:06","811","Information","Microsoft-Windows-Winlogon","The winlogon notification subscriber <Sens> began handling the notification event (4)."
"31-07-2026 12:07:11","812","Information","Microsoft-Windows-Winlogon","The winlogon notification subscriber <TermSrv> finished handling the notification event (5)."
"31-07-2026 12:07:11","811","Information","Microsoft-Windows-Winlogon","The winlogon notification subscriber <TermSrv> began handling the notification event (5)."
"31-07-2026 12:07:11","812","Information","Microsoft-Windows-Winlogon","The winlogon notification subscriber <Sens> finished handling the notification event (5)."
"31-07-2026 12:07:11","811","Information","Microsoft-Windows-Winlogon","The winlogon notification subscriber <Sens> began handling the notification event (5)."
"31-07-2026 11:17:08","812","Information","Microsoft-Windows-Winlogon","The winlogon notification subscriber <TermSrv> finished handling the notification event (4)."
"31-07-2026 11:17:08","811","Information","Microsoft-Windows-Winlogon","The winlogon notification subscriber <TermSrv> began handling the notification event (4)."
"31-07-2026 11:17:08","812","Information","Microsoft-Windows-Winlogon","The winlogon notification subscriber <Sens> finished handling the notification event (4)."
"31-07-2026 11:17:08","811","Information","Microsoft-Windows-Winlogon","The winlogon notification subscriber <Sens> began handling the notification event (4)."
"31-07-2026 11:17:05","812","Information","Microsoft-Windows-Winlogon","The winlogon notification subscriber <TermSrv> finished handling the notification event (5)."
"31-07-2026 11:17:05","811","Information","Microsoft-Windows-Winlogon","The winlogon notification subscriber <TermSrv> began handling the notification event (5)."
"31-07-2026 11:17:05","812","Information","Microsoft-Windows-Winlogon","The winlogon notification subscriber <Sens> finished handling the notification event (5)."
"31-07-2026 11:17:05","811","Information","Microsoft-Windows-Winlogon","The winlogon notification subscriber <Sens> began handling the notification event (5)."
"31-07-2026 11:17:01","812","Information","Microsoft-Windows-Winlogon","The winlogon notification subscriber <TermSrv> finished handling the notification event (4)."
"31-07-2026 11:17:01","811","Information","Microsoft-Windows-Winlogon","The winlogon notification subscriber <TermSrv> began handling the notification event (4)."
"31-07-2026 11:17:01","812","Information","Microsoft-Windows-Winlogon","The winlogon notification subscriber <Sens> finished handling the notification event (4)."
"31-07-2026 11:17:01","811","Information","Microsoft-Windows-Winlogon","The winlogon notification subscriber <Sens> began handling the notification event (4)."
"31-07-2026 10:43:02","812","Information","Microsoft-Windows-Winlogon","The winlogon notification subscriber <TermSrv> finished handling the notification event (5)."
"31-07-2026 10:43:02","811","Information","Microsoft-Windows-Winlogon","The winlogon notification subscriber <TermSrv> began handling the notification event (5)."
"31-07-2026 10:43:02","812","Information","Microsoft-Windows-Winlogon","The winlogon notification subscriber <Sens> finished handling the notification event (5)."
"31-07-2026 10:43:02","811","Information","Microsoft-Windows-Winlogon","The winlogon notification subscriber <Sens> began handling the notification event (5)."
"31-07-2026 10:42:36","812","Information","Microsoft-Windows-Winlogon","The winlogon notification subscriber <TermSrv> finished handling the notification event (4)."
"31-07-2026 10:42:36","811","Information","Microsoft-Windows-Winlogon","The winlogon notification subscriber <TermSrv> began handling the notification event (4)."
"31-07-2026 10:42:36","812","Information","Microsoft-Windows-Winlogon","The winlogon notification subscriber <Sens> finished handling the notification event (4)."
"31-07-2026 10:42:36","811","Information","Microsoft-Windows-Winlogon","The winlogon notification subscriber <Sens> began handling the notification event (4)."
"31-07-2026 10:25:59","812","Information","Microsoft-Windows-Winlogon","The winlogon notification subscriber <TermSrv> finished handling the notification event (5)."
"31-07-2026 10:25:59","811","Information","Microsoft-Windows-Winlogon","The winlogon notification subscriber <TermSrv> began handling the notification event (5)."
"31-07-2026 10:25:59","812","Information","Microsoft-Windows-Winlogon","The winlogon notification subscriber <Sens> finished handling the notification event (5)."
"31-07-2026 10:25:59","811","Information","Microsoft-Windows-Winlogon","The winlogon notification subscriber <Sens> began handling the notification event (5)."
"31-07-2026 10:21:59","812","Information","Microsoft-Windows-Winlogon","The winlogon notification subscriber <TermSrv> finished handling the notification event (4)."
"31-07-2026 10:21:59","811","Information","Microsoft-Windows-Winlogon","The winlogon notification subscriber <TermSrv> began handling the notification event (4)."
"31-07-2026 10:21:59","812","Information","Microsoft-Windows-Winlogon","The winlogon notification subscriber <Sens> finished handling the notification event (4)."
"31-07-2026 10:21:59","811","Information","Microsoft-Windows-Winlogon","The winlogon notification subscriber <Sens> began handling the notification event (4)."
"31-07-2026 09:45:20","812","Information","Microsoft-Windows-Winlogon","The winlogon notification subscriber <TermSrv> finished handling the notification event (14)."
"31-07-2026 09:45:20","811","Information","Microsoft-Windows-Winlogon","The winlogon notification subscriber <TermSrv> began handling the notification event (14)."
"31-07-2026 09:45:09","812","Information","Microsoft-Windows-Winlogon","The winlogon notification subscriber <TermSrv> finished handling the notification event (12)."
"31-07-2026 09:45:09","811","Information","Microsoft-Windows-Winlogon","The winlogon notification subscriber <TermSrv> began handling the notification event (12)."
"31-07-2026 09:45:09","812","Information","Microsoft-Windows-Winlogon","The winlogon notification subscriber <Sens> finished handling the notification event (12)."
"31-07-2026 09:45:09","811","Information","Microsoft-Windows-Winlogon","The winlogon notification subscriber <Sens> began handling the notification event (12)."
"31-07-2026 09:45:09","812","Information","Microsoft-Windows-Winlogon","The winlogon notification subscriber <GPClient> finished handling the notification event (12)."
"31-07-2026 09:45:09","811","Information","Microsoft-Windows-Winlogon","The winlogon notification subscriber <GPClient> began handling the notification event (12)."
"31-07-2026 09:45:09","812","Information","Microsoft-Windows-Winlogon","The winlogon notification subscriber <SessionEnv> finished handling the notification event (12)."
"31-07-2026 09:45:09","811","Information","Microsoft-Windows-Winlogon","The winlogon notification subscriber <SessionEnv> began handling the notification event (12)."
"31-07-2026 09:45:09","812","Information","Microsoft-Windows-Winlogon","The winlogon notification subscriber <Sens> finished handling the notification event (2)."
"31-07-2026 09:45:09","811","Information","Microsoft-Windows-Winlogon","The winlogon notification subscriber <Sens> began handling the notification event (2)."
"31-07-2026 09:45:09","812","Information","Microsoft-Windows-Winlogon","The winlogon notification subscriber <TermSrv> finished handling the notification event (2)."
"31-07-2026 09:45:09","811","Information","Microsoft-Windows-Winlogon","The winlogon notification subscriber <TermSrv> began handling the notification event (2)."
"31-07-2026 09:45:09","812","Information","Microsoft-Windows-Winlogon","The winlogon notification subscriber <GPClient> finished handling the notification event (2)."
"31-07-2026 09:45:09","811","Information","Microsoft-Windows-Winlogon","The winlogon notification subscriber <GPClient> began handling the notification event (2)."
"31-07-2026 09:45:09","812","Information","Microsoft-Windows-Winlogon","The winlogon notification subscriber <Profiles> finished handling the notification event (2)."
"31-07-2026 09:45:09","811","Information","Microsoft-Windows-Winlogon","The winlogon notification subscriber <Profiles> began handling the notification event (2)."
"31-07-2026 09:45:09","812","Information","Microsoft-Windows-Winlogon","The winlogon notification subscriber <SessionEnv> finished handling the notification event (2)."
"31-07-2026 09:45:09","811","Information","Microsoft-Windows-Winlogon","The winlogon notification subscriber <SessionEnv> began handling the notification event (2)."
"31-07-2026 09:45:09","2","Information","Microsoft-Windows-Winlogon","Authentication stopped. Result 0"
"31-07-2026 09:45:09","1","Information","Microsoft-Windows-Winlogon","Authentication started."
"31-07-2026 09:45:01","2","Information","Microsoft-Windows-Winlogon","Authentication stopped. Result 1326"
"31-07-2026 09:45:00","1","Information","Microsoft-Windows-Winlogon","Authentication started."
"31-07-2026 09:44:23","812","Information","Microsoft-Windows-Winlogon","The winlogon notification subscriber <TermSrv> finished handling the notification event (0)."
"31-07-2026 09:44:23","811","Information","Microsoft-Windows-Winlogon","The winlogon notification subscriber <TermSrv> began handling the notification event (0)."
"31-07-2026 09:44:23","812","Information","Microsoft-Windows-Winlogon","The winlogon notification subscriber <GPClient> finished handling the notification event (0)."
"31-07-2026 09:44:23","811","Information","Microsoft-Windows-Winlogon","The winlogon notification subscriber <GPClient> began handling the notification event (0)."
"31-07-2026 09:43:17","812","Information","Microsoft-Windows-Winlogon","The winlogon notification subscriber <TermSrv> finished handling the notification event (1)."
"31-07-2026 09:43:17","811","Information","Microsoft-Windows-Winlogon","The winlogon notification subscriber <TermSrv> began handling the notification event (1)."
"31-07-2026 09:43:17","812","Information","Microsoft-Windows-Winlogon","The winlogon notification subscriber <Dot3svc> finished handling the notification event (3)."
"31-07-2026 09:43:17","811","Information","Microsoft-Windows-Winlogon","The winlogon notification subscriber <Dot3svc> began handling the notification event (3)."
"31-07-2026 09:43:17","812","Information","Microsoft-Windows-Winlogon","The winlogon notification subscriber <Wlansvc> finished handling the notification event (3)."
"31-07-2026 09:43:17","811","Information","Microsoft-Windows-Winlogon","The winlogon notification subscriber <Wlansvc> began handling the notification event (3)."
"31-07-2026 09:43:17","812","Information","Microsoft-Windows-Winlogon","The winlogon notification subscriber <SessionEnv> finished handling the notification event (3)."
"31-07-2026 09:43:16","811","Information","Microsoft-Windows-Winlogon","The winlogon notification subscriber <SessionEnv> began handling the notification event (3)."
"31-07-2026 09:43:16","812","Information","Microsoft-Windows-Winlogon","The winlogon notification subscriber <Profiles> finished handling the notification event (3)."
"31-07-2026 09:43:16","811","Information","Microsoft-Windows-Winlogon","The winlogon notification subscriber <Profiles> began handling the notification event (3)."
"31-07-2026 09:43:16","812","Information","Microsoft-Windows-Winlogon","The winlogon notification subscriber <GPClient> finished handling the notification event (3)."
"31-07-2026 09:43:16","811","Information","Microsoft-Windows-Winlogon","The winlogon notification subscriber <GPClient> began handling the notification event (3)."
"31-07-2026 09:43:16","812","Information","Microsoft-Windows-Winlogon","The winlogon notification subscriber <TermSrv> finished handling the notification event (3)."
"31-07-2026 09:43:16","811","Information","Microsoft-Windows-Winlogon","The winlogon notification subscriber <TermSrv> began handling the notification event (3)."
"31-07-2026 09:43:16","812","Information","Microsoft-Windows-Winlogon","The winlogon notification subscriber <Sens> finished handling the notification event (3)."
"31-07-2026 09:43:16","811","Information","Microsoft-Windows-Winlogon","The winlogon notification subscriber <Sens> began handling the notification event (3)."
"31-07-2026 09:43:15","812","Information","Microsoft-Windows-Winlogon","The winlogon notification subscriber <TermSrv> finished handling the notification event (13)."
"31-07-2026 09:43:15","811","Information","Microsoft-Windows-Winlogon","The winlogon notification subscriber <TermSrv> began handling the notification event (13)."
"31-07-2026 09:43:15","812","Information","Microsoft-Windows-Winlogon","The winlogon notification subscriber <GPClient> finished handling the notification event (13)."
"31-07-2026 09:43:15","811","Information","Microsoft-Windows-Winlogon","The winlogon notification subscriber <GPClient> began handling the notification event (13)."
"31-07-2026 09:43:15","812","Information","Microsoft-Windows-Winlogon","The winlogon notification subscriber <GPClient> finished handling the notification event (13)."
"31-07-2026 09:43:15","811","Information","Microsoft-Windows-Winlogon","The winlogon notification subscriber <GPClient> began handling the notification event (13)."
"31-07-2026 09:32:00","812","Information","Microsoft-Windows-Winlogon","The winlogon notification subscriber <TermSrv> finished handling the notification event (5)."
"31-07-2026 09:32:00","811","Information","Microsoft-Windows-Winlogon","The winlogon notification subscriber <TermSrv> began handling the notification event (5)."
"31-07-2026 09:32:00","812","Information","Microsoft-Windows-Winlogon","The winlogon notification subscriber <Sens> finished handling the notification event (5)."
"31-07-2026 09:32:00","811","Information","Microsoft-Windows-Winlogon","The winlogon notification subscriber <Sens> began handling the notification event (5)."
"30-07-2026 18:46:45","812","Information","Microsoft-Windows-Winlogon","The winlogon notification subscriber <TermSrv> finished handling the notification event (4)."
"30-07-2026 18:46:45","811","Information","Microsoft-Windows-Winlogon","The winlogon notification subscriber <TermSrv> began handling the notification event (4)."
"30-07-2026 18:46:45","812","Information","Microsoft-Windows-Winlogon","The winlogon notification subscriber <Sens> finished handling the notification event (4)."
"30-07-2026 18:46:45","811","Information","Microsoft-Windows-Winlogon","The winlogon notification subscriber <Sens> began handling the notification event (4)."
"30-07-2026 18:17:25","812","Information","Microsoft-Windows-Winlogon","The winlogon notification subscriber <TermSrv> finished handling the notification event (5)."
"30-07-2026 18:17:25","811","Information","Microsoft-Windows-Winlogon","The winlogon notification subscriber <TermSrv> began handling the notification event (5)."
"30-07-2026 18:17:25","812","Information","Microsoft-Windows-Winlogon","The winlogon notification subscriber <Sens> finished handling the notification event (5)."
"30-07-2026 18:17:25","811","Information","Microsoft-Windows-Winlogon","The winlogon notification subscriber <Sens> began handling the notification event (5)."
"30-07-2026 17:15:48","812","Information","Microsoft-Windows-Winlogon","The winlogon notification subscriber <TermSrv> finished handling the notification event (4)."
"30-07-2026 17:15:48","811","Information","Microsoft-Windows-Winlogon","The winlogon notification subscriber <TermSrv> began handling the notification event (4)."
"30-07-2026 17:15:48","812","Information","Microsoft-Windows-Winlogon","The winlogon notification subscriber <Sens> finished handling the notification event (4)."
"30-07-2026 17:15:48","811","Information","Microsoft-Windows-Winlogon","The winlogon notification subscriber <Sens> began handling the notification event (4)."
"30-07-2026 15:45:14","812","Information","Microsoft-Windows-Winlogon","The winlogon notification subscriber <TermSrv> finished handling the notification event (5)."
"30-07-2026 15:45:14","811","Information","Microsoft-Windows-Winlogon","The winlogon notification subscriber <TermSrv> began handling the notification event (5)."
"30-07-2026 15:45:14","812","Information","Microsoft-Windows-Winlogon","The winlogon notification subscriber <Sens> finished handling the notification event (5)."
"30-07-2026 15:45:14","811","Information","Microsoft-Windows-Winlogon","The winlogon notification subscriber <Sens> began handling the notification event (5)."
"30-07-2026 15:19:39","812","Information","Microsoft-Windows-Winlogon","The winlogon notification subscriber <TermSrv> finished handling the notification event (4)."
"30-07-2026 15:19:39","811","Information","Microsoft-Windows-Winlogon","The winlogon notification subscriber <TermSrv> began handling the notification event (4)."
"30-07-2026 15:19:39","812","Information","Microsoft-Windows-Winlogon","The winlogon notification subscriber <Sens> finished handling the notification event (4)."
"30-07-2026 15:19:39","811","Information","Microsoft-Windows-Winlogon","The winlogon notification subscriber <Sens> began handling the notification event (4)."
"30-07-2026 14:46:57","812","Information","Microsoft-Windows-Winlogon","The winlogon notification subscriber <TermSrv> finished handling the notification event (5)."
"30-07-2026 14:46:57","811","Information","Microsoft-Windows-Winlogon","The winlogon notification subscriber <TermSrv> began handling the notification event (5)."
"30-07-2026 14:46:57","812","Information","Microsoft-Windows-Winlogon","The winlogon notification subscriber <Sens> finished handling the notification event (5)."
"30-07-2026 14:46:57","811","Information","Microsoft-Windows-Winlogon","The winlogon notification subscriber <Sens> began handling the notification event (5)."
"30-07-2026 14:29:01","812","Information","Microsoft-Windows-Winlogon","The winlogon notification subscriber <TermSrv> finished handling the notification event (4)."
"30-07-2026 14:29:01","811","Information","Microsoft-Windows-Winlogon","The winlogon notification subscriber <TermSrv> began handling the notification event (4)."
"30-07-2026 14:29:01","812","Information","Microsoft-Windows-Winlogon","The winlogon notification subscriber <Sens> finished handling the notification event (4)."
"30-07-2026 14:29:01","811","Information","Microsoft-Windows-Winlogon","The winlogon notification subscriber <Sens> began handling the notification event (4)."
"30-07-2026 14:17:29","812","Information","Microsoft-Windows-Winlogon","The winlogon notification subscriber <TermSrv> finished handling the notification event (5)."
"30-07-2026 14:17:29","811","Information","Microsoft-Windows-Winlogon","The winlogon notification subscriber <TermSrv> began handling the notification event (5)."
"30-07-2026 14:17:29","812","Information","Microsoft-Windows-Winlogon","The winlogon notification subscriber <Sens> finished handling the notification event (5)."
"30-07-2026 14:17:29","811","Information","Microsoft-Windows-Winlogon","The winlogon notification subscriber <Sens> began handling the notification event (5)."
"30-07-2026 13:06:38","812","Information","Microsoft-Windows-Winlogon","The winlogon notification subscriber <TermSrv> finished handling the notification event (4)."
"30-07-2026 13:06:38","811","Information","Microsoft-Windows-Winlogon","The winlogon notification subscriber <TermSrv> began handling the notification event (4)."
"30-07-2026 13:06:38","812","Information","Microsoft-Windows-Winlogon","The winlogon notification subscriber <Sens> finished handling the notification event (4)."
"30-07-2026 13:06:38","811","Information","Microsoft-Windows-Winlogon","The winlogon notification subscriber <Sens> began handling the notification event (4)."
"30-07-2026 12:20:37","812","Information","Microsoft-Windows-Winlogon","The winlogon notification subscriber <TermSrv> finished handling the notification event (5)."
"30-07-2026 12:20:37","811","Information","Microsoft-Windows-Winlogon","The winlogon notification subscriber <TermSrv> began handling the notification event (5)."
"30-07-2026 12:20:37","812","Information","Microsoft-Windows-Winlogon","The winlogon notification subscriber <Sens> finished handling the notification event (5)."
"30-07-2026 12:20:37","811","Information","Microsoft-Windows-Winlogon","The winlogon notification subscriber <Sens> began handling the notification event (5)."
"30-07-2026 11:44:17","812","Information","Microsoft-Windows-Winlogon","The winlogon notification subscriber <TermSrv> finished handling the notification event (4)."
"30-07-2026 11:44:17","811","Information","Microsoft-Windows-Winlogon","The winlogon notification subscriber <TermSrv> began handling the notification event (4)."
"30-07-2026 11:44:17","812","Information","Microsoft-Windows-Winlogon","The winlogon notification subscriber <Sens> finished handling the notification event (4)."
"30-07-2026 11:44:17","811","Information","Microsoft-Windows-Winlogon","The winlogon notification subscriber <Sens> began handling the notification event (4)."
"30-07-2026 11:25:29","812","Information","Microsoft-Windows-Winlogon","The winlogon notification subscriber <TermSrv> finished handling the notification event (5)."
"30-07-2026 11:25:29","811","Information","Microsoft-Windows-Winlogon","The winlogon notification subscriber <TermSrv> began handling the notification event (5)."
"30-07-2026 11:25:29","812","Information","Microsoft-Windows-Winlogon","The winlogon notification subscriber <Sens> finished handling the notification event (5)."
"30-07-2026 11:25:29","811","Information","Microsoft-Windows-Winlogon","The winlogon notification subscriber <Sens> began handling the notification event (5)."
"30-07-2026 11:04:52","812","Information","Microsoft-Windows-Winlogon","The winlogon notification subscriber <TermSrv> finished handling the notification event (4)."
"30-07-2026 11:04:52","811","Information","Microsoft-Windows-Winlogon","The winlogon notification subscriber <TermSrv> began handling the notification event (4)."
"30-07-2026 11:04:52","812","Information","Microsoft-Windows-Winlogon","The winlogon notification subscriber <Sens> finished handling the notification event (4)."
"30-07-2026 11:04:52","811","Information","Microsoft-Windows-Winlogon","The winlogon notification subscriber <Sens> began handling the notification event (4)."
"30-07-2026 09:46:56","812","Information","Microsoft-Windows-Winlogon","The winlogon notification subscriber <TermSrv> finished handling the notification event (5)."
"30-07-2026 09:46:56","811","Information","Microsoft-Windows-Winlogon","The winlogon notification subscriber <TermSrv> began handling the notification event (5)."
"30-07-2026 09:46:56","812","Information","Microsoft-Windows-Winlogon","The winlogon notification subscriber <Sens> finished handling the notification event (5)."
"30-07-2026 09:46:56","811","Information","Microsoft-Windows-Winlogon","The winlogon notification subscriber <Sens> began handling the notification event (5)."
"30-07-2026 09:41:51","812","Information","Microsoft-Windows-Winlogon","The winlogon notification subscriber <TermSrv> finished handling the notification event (4)."
"30-07-2026 09:41:51","811","Information","Microsoft-Windows-Winlogon","The winlogon notification subscriber <TermSrv> began handling the notification event (4)."
"30-07-2026 09:41:51","812","Information","Microsoft-Windows-Winlogon","The winlogon notification subscriber <Sens> finished handling the notification event (4)."
"30-07-2026 09:41:51","811","Information","Microsoft-Windows-Winlogon","The winlogon notification subscriber <Sens> began handling the notification event (4)."
"30-07-2026 09:34:44","812","Information","Microsoft-Windows-Winlogon","The winlogon notification subscriber <TermSrv> finished handling the notification event (5)."
"30-07-2026 09:34:44","811","Information","Microsoft-Windows-Winlogon","The winlogon notification subscriber <TermSrv> began handling the notification event (5)."
"30-07-2026 09:34:44","812","Information","Microsoft-Windows-Winlogon","The winlogon notification subscriber <Sens> finished handling the notification event (5)."
"30-07-2026 09:34:44","811","Information","Microsoft-Windows-Winlogon","The winlogon notification subscriber <Sens> began handling the notification event (5)."
"29-07-2026 19:21:24","812","Information","Microsoft-Windows-Winlogon","The winlogon notification subscriber <TermSrv> finished handling the notification event (4)."
"29-07-2026 19:21:24","811","Information","Microsoft-Windows-Winlogon","The winlogon notification subscriber <TermSrv> began handling the notification event (4)."
"29-07-2026 19:21:24","812","Information","Microsoft-Windows-Winlogon","The winlogon notification subscriber <Sens> finished handling the notification event (4)."
"29-07-2026 19:21:24","811","Information","Microsoft-Windows-Winlogon","The winlogon notification subscriber <Sens> began handling the notification event (4)."
"29-07-2026 17:59:59","812","Information","Microsoft-Windows-Winlogon","The winlogon notification subscriber <TermSrv> finished handling the notification event (5)."
"29-07-2026 17:59:59","811","Information","Microsoft-Windows-Winlogon","The winlogon notification subscriber <TermSrv> began handling the notification event (5)."
