"18-08-2026 15:05:47","30830","Information","Microsoft-Windows-SMBClient","The SMB redirector selected the connection initiated with the following parameters:

Server name: gfk-fra2netapp01cifs.gfk.com
Server socket address: 10.2.97.21:445
Client socket address: 
Connection ID: 
Client certificate thumbprint: 
Transport: TCPIP
Instance Name: \Device\LanmanRedirector
Port Origin: The port was selected from the global registry settings."
"18-08-2026 15:05:22","30833","Information","Microsoft-Windows-SMBClient","The initial connection to the share was established.

Share name: \gfk-fra2netapp01cifs.gfk.com\IPC$
Server address: 10.2.97.21:445
Session ID: 0xC036000012F2595E
Tree ID: 0x1
Transport type: TCPIP
Signing used: false
Encryption used: false
Compression requested: false
NTLM blocked: false

"
"18-08-2026 15:05:21","30830","Information","Microsoft-Windows-SMBClient","The SMB redirector selected the connection initiated with the following parameters:

Server name: gfk-fra2netapp01cifs.gfk.com
Server socket address: 10.2.97.21:445
Client socket address: 
Connection ID: 
Client certificate thumbprint: 
Transport: TCPIP
Instance Name: \Device\LanmanRedirector
Port Origin: The port was selected from the global registry settings."
"18-08-2026 15:05:21","30833","Information","Microsoft-Windows-SMBClient","The initial connection to the share was established.

Share name: \lhrnetapp05cifs1\IPC$
Server address: 10.90.39.31:445
Session ID: 0x44120000021CEDF3
Tree ID: 0x1
Transport type: TCPIP
Signing used: false
Encryption used: false
Compression requested: false
NTLM blocked: false

"
"18-08-2026 15:05:20","30830","Information","Microsoft-Windows-SMBClient","The SMB redirector selected the connection initiated with the following parameters:

Server name: lhrnetapp05cifs1
Server socket address: 10.90.39.31:445
Client socket address: 
Connection ID: 
Client certificate thumbprint: 
Transport: TCPIP
Instance Name: \Device\LanmanRedirector
Port Origin: The port was selected from the global registry settings."
"18-08-2026 14:56:05","30833","Information","Microsoft-Windows-SMBClient","The initial connection to the share was established.

Share name: \gfk-fra2netapp01cifs.gfk.com\IPC$
Server address: 10.2.97.21:445
Session ID: 0xC036000012F1EB51
Tree ID: 0x1
Transport type: TCPIP
Signing used: false
Encryption used: false
Compression requested: false
NTLM blocked: false

"
"18-08-2026 14:56:04","30830","Information","Microsoft-Windows-SMBClient","The SMB redirector selected the connection initiated with the following parameters:

Server name: gfk-fra2netapp01cifs.gfk.com
Server socket address: 10.2.97.21:445
Client socket address: 
Connection ID: 
Client certificate thumbprint: 
Transport: TCPIP
Instance Name: \Device\LanmanRedirector
Port Origin: The port was selected from the global registry settings."
"18-08-2026 14:56:03","30833","Information","Microsoft-Windows-SMBClient","The initial connection to the share was established.

Share name: \lhrnetapp05cifs1\IPC$
Server address: 10.90.39.29:445
Session ID: 0x366600000209DAA3
Tree ID: 0x1
Transport type: TCPIP
Signing used: false
Encryption used: false
Compression requested: false
NTLM blocked: false

"
"18-08-2026 14:56:03","30830","Information","Microsoft-Windows-SMBClient","The SMB redirector selected the connection initiated with the following parameters:

Server name: lhrnetapp05cifs1
Server socket address: 10.90.39.29:445
Client socket address: 
Connection ID: 
Client certificate thumbprint: 
Transport: TCPIP
Instance Name: \Device\LanmanRedirector
Port Origin: The port was selected from the global registry settings."
"18-08-2026 14:49:10","30833","Information","Microsoft-Windows-SMBClient","The initial connection to the share was established.

Share name: \gfk-fra2netapp01cifs.gfk.com\IPC$
Server address: 10.2.97.21:445
Session ID: 0xC036000012F19C0B
Tree ID: 0x1
Transport type: TCPIP
Signing used: false
Encryption used: false
Compression requested: false
NTLM blocked: false

"
"18-08-2026 14:49:09","30830","Information","Microsoft-Windows-SMBClient","The SMB redirector selected the connection initiated with the following parameters:

Server name: gfk-fra2netapp01cifs.gfk.com
Server socket address: 10.2.97.21:445
Client socket address: 
Connection ID: 
Client certificate thumbprint: 
Transport: TCPIP
Instance Name: \Device\LanmanRedirector
Port Origin: The port was selected from the global registry settings."
"18-08-2026 14:49:07","30833","Information","Microsoft-Windows-SMBClient","The initial connection to the share was established.

Share name: \lhrnetapp05cifs1\IPC$
Server address: 10.90.39.20:445
Session ID: 0xC8E7000001C7A14A
Tree ID: 0x1
Transport type: TCPIP
Signing used: false
Encryption used: false
Compression requested: false
NTLM blocked: false

"
"18-08-2026 14:49:07","30830","Information","Microsoft-Windows-SMBClient","The SMB redirector selected the connection initiated with the following parameters:

Server name: lhrnetapp05cifs1
Server socket address: 10.90.39.20:445
Client socket address: 
Connection ID: 
Client certificate thumbprint: 
Transport: TCPIP
Instance Name: \Device\LanmanRedirector
Port Origin: The port was selected from the global registry settings."
"18-08-2026 14:43:02","30833","Information","Microsoft-Windows-SMBClient","The initial connection to the share was established.

Share name: \gfk-fra2netapp01cifs.gfk.com\IPC$
Server address: 10.2.97.21:445
Session ID: 0xC036000012F15E0B
Tree ID: 0x1
Transport type: TCPIP
Signing used: false
Encryption used: false
Compression requested: false
NTLM blocked: false

"
"18-08-2026 14:43:01","30830","Information","Microsoft-Windows-SMBClient","The SMB redirector selected the connection initiated with the following parameters:

Server name: gfk-fra2netapp01cifs.gfk.com
Server socket address: 10.2.97.21:445
Client socket address: 
Connection ID: 
Client certificate thumbprint: 
Transport: TCPIP
Instance Name: \Device\LanmanRedirector
Port Origin: The port was selected from the global registry settings."
"18-08-2026 14:43:00","30833","Information","Microsoft-Windows-SMBClient","The initial connection to the share was established.

Share name: \lhrnetapp05cifs1\IPC$
Server address: 10.90.39.20:445
Session ID: 0xC8E7000001C79BDD
Tree ID: 0x1
Transport type: TCPIP
Signing used: false
Encryption used: false
Compression requested: false
NTLM blocked: false

"
"18-08-2026 14:42:59","30830","Information","Microsoft-Windows-SMBClient","The SMB redirector selected the connection initiated with the following parameters:

Server name: lhrnetapp05cifs1
Server socket address: 10.90.39.20:445
Client socket address: 
Connection ID: 
Client certificate thumbprint: 
Transport: TCPIP
Instance Name: \Device\LanmanRedirector
Port Origin: The port was selected from the global registry settings."
"18-08-2026 14:36:16","30833","Information","Microsoft-Windows-SMBClient","The initial connection to the share was established.

Share name: \gfk-fra2netapp01cifs.gfk.com\IPC$
Server address: 10.2.97.21:445
Session ID: 0xC036000012F10F75
Tree ID: 0x1
Transport type: TCPIP
Signing used: false
Encryption used: false
Compression requested: false
NTLM blocked: false

"
"18-08-2026 14:36:15","30830","Information","Microsoft-Windows-SMBClient","The SMB redirector selected the connection initiated with the following parameters:

Server name: gfk-fra2netapp01cifs.gfk.com
Server socket address: 10.2.97.21:445
Client socket address: 
Connection ID: 
Client certificate thumbprint: 
Transport: TCPIP
Instance Name: \Device\LanmanRedirector
Port Origin: The port was selected from the global registry settings."
"18-08-2026 14:36:15","30833","Information","Microsoft-Windows-SMBClient","The initial connection to the share was established.

Share name: \lhrnetapp05cifs1\IPC$
Server address: 10.90.39.20:445
Session ID: 0xC8E7000001C7953C
Tree ID: 0x1
Transport type: TCPIP
Signing used: false
Encryption used: false
Compression requested: false
NTLM blocked: false

"
"18-08-2026 14:36:14","30830","Information","Microsoft-Windows-SMBClient","The SMB redirector selected the connection initiated with the following parameters:

Server name: lhrnetapp05cifs1
Server socket address: 10.90.39.20:445
Client socket address: 
Connection ID: 
Client certificate thumbprint: 
Transport: TCPIP
Instance Name: \Device\LanmanRedirector
Port Origin: The port was selected from the global registry settings."
"18-08-2026 14:32:51","30810","Information","Microsoft-Windows-SMBClient","Added a TCP/IP transport interface.

Name: Local Area Connection* 5
InterfaceIndex: 0x6

Guidance:
A TCP/IP binding was added to the specified network adapter for the SMB client. The SMB client can now send and receive SMB traffic on this network adapter using TCP/IP. You should expect this event when a computer restarts or when a previously disabled network adaptor is re-enabled. No user action is required."
"18-08-2026 14:32:45","30810","Information","Microsoft-Windows-SMBClient","Added a TCP/IP transport interface.

Name: Local Area Connection* 5
InterfaceIndex: 0x6

Guidance:
A TCP/IP binding was added to the specified network adapter for the SMB client. The SMB client can now send and receive SMB traffic on this network adapter using TCP/IP. You should expect this event when a computer restarts or when a previously disabled network adaptor is re-enabled. No user action is required."
"18-08-2026 14:31:24","30833","Information","Microsoft-Windows-SMBClient","The initial connection to the share was established.

Share name: \hkgwindcbp002.enterprisenet.org\IPC$
Server address: 10.250.27.11:445
Session ID: 0x1386E0400080D
Tree ID: 0x1
Transport type: TCPIP
Signing used: true
Encryption used: false
Compression requested: false
NTLM blocked: false

"
"18-08-2026 14:31:21","30830","Information","Microsoft-Windows-SMBClient","The SMB redirector selected the connection initiated with the following parameters:

Server name: hkgwindcbp002.enterprisenet.org
Server socket address: 10.250.27.11:445
Client socket address: 
Connection ID: 
Client certificate thumbprint: 
Transport: TCPIP
Instance Name: \Device\LanmanRedirector
Port Origin: The port was selected from the global registry settings."
"18-08-2026 14:31:09","30800","Error","Microsoft-Windows-SMBClient","The server name cannot be resolved.

Error: The object was not found.

Server name: LIND55MBVC4$

Guidance:
The client cannot resolve the server address in DNS or WINS. This issue often manifests immediately after joining a computer to the domain, when the client's DNS registration may not yet have propagated to all DNS servers. You should also expect this event at system startup on a DNS server (such as a domain controller) that points to itself for the primary DNS. You should validate the DNS client settings on this computer using IPCONFIG /ALL and NSLOOKUP."
"18-08-2026 14:31:06","30810","Information","Microsoft-Windows-SMBClient","Added a TCP/IP transport interface.

Name: Local Area Connection* 2
InterfaceIndex: 0x2

Guidance:
A TCP/IP binding was added to the specified network adapter for the SMB client. The SMB client can now send and receive SMB traffic on this network adapter using TCP/IP. You should expect this event when a computer restarts or when a previously disabled network adaptor is re-enabled. No user action is required."
"18-08-2026 14:31:04","30833","Information","Microsoft-Windows-SMBClient","The initial connection to the share was established.

Share name: \lhrnetapp05cifs1\IPC$
Server address: 10.90.39.29:445
Session ID: 0x366600000209C55B
Tree ID: 0x1
Transport type: TCPIP
Signing used: false
Encryption used: false
Compression requested: false
NTLM blocked: false

"
"18-08-2026 14:31:03","30830","Information","Microsoft-Windows-SMBClient","The SMB redirector selected the connection initiated with the following parameters:

Server name: lhrnetapp05cifs1
Server socket address: 10.90.39.29:445
Client socket address: 
Connection ID: 
Client certificate thumbprint: 
Transport: TCPIP
Instance Name: \Device\LanmanRedirector
Port Origin: The port was selected from the global registry settings."
"18-08-2026 14:31:03","30833","Information","Microsoft-Windows-SMBClient","The initial connection to the share was established.

Share name: \gfk-fra2netapp01cifs.gfk.com\IPC$
Server address: 10.2.97.21:445
Session ID: 0xC036000012F0DA4A
Tree ID: 0x1
Transport type: TCPIP
Signing used: false
Encryption used: false
Compression requested: false
NTLM blocked: false

"
"18-08-2026 14:31:02","30830","Information","Microsoft-Windows-SMBClient","The SMB redirector selected the connection initiated with the following parameters:

Server name: gfk-fra2netapp01cifs.gfk.com
Server socket address: 10.2.97.21:445
Client socket address: 
Connection ID: 
Client certificate thumbprint: 
Transport: TCPIP
Instance Name: \Device\LanmanRedirector
Port Origin: The port was selected from the global registry settings."
"18-08-2026 14:31:01","30812","Information","Microsoft-Windows-SMBClient","Added a TDI transport interface.

Name: \Device\NetBT_Tcpip_{556D9BDF-D387-4AB9-BE4C-A7E220FAF218}

Guidance:
A TDI (NetBIOS) binding was added to the specified network adapter for the SMB client. The SMB client can now send and receive SMB traffic on this network adapter using TDI. You should expect this event when a computer restarts or when a previously disabled network adaptor is re-enabled. No user action is required."
"18-08-2026 14:31:01","30810","Information","Microsoft-Windows-SMBClient","Added a TCP/IP transport interface.

Name: Wi-Fi
InterfaceIndex: 0xC

Guidance:
A TCP/IP binding was added to the specified network adapter for the SMB client. The SMB client can now send and receive SMB traffic on this network adapter using TCP/IP. You should expect this event when a computer restarts or when a previously disabled network adaptor is re-enabled. No user action is required."
"18-08-2026 14:31:01","30811","Information","Microsoft-Windows-SMBClient","Deleted a TCP/IP transport interface.

Name: Wi-Fi
InterfaceIndex: 0xC

Guidance:
A TCP/IP binding was removed from the specified network adapter for the SMB client. You should expect this event when a computer shuts down or when a previously enabled network adaptor is disabled. No user action is required."
"18-08-2026 14:31:00","30810","Information","Microsoft-Windows-SMBClient","Added a TCP/IP transport interface.

Name: Wi-Fi
InterfaceIndex: 0xC

Guidance:
A TCP/IP binding was added to the specified network adapter for the SMB client. The SMB client can now send and receive SMB traffic on this network adapter using TCP/IP. You should expect this event when a computer restarts or when a previously disabled network adaptor is re-enabled. No user action is required."
"18-08-2026 14:31:00","30810","Information","Microsoft-Windows-SMBClient","Added a TCP/IP transport interface.

Name: Local Area Connection* 2
InterfaceIndex: 0x2

Guidance:
A TCP/IP binding was added to the specified network adapter for the SMB client. The SMB client can now send and receive SMB traffic on this network adapter using TCP/IP. You should expect this event when a computer restarts or when a previously disabled network adaptor is re-enabled. No user action is required."
"18-08-2026 14:30:54","30810","Information","Microsoft-Windows-SMBClient","Added a TCP/IP transport interface.

Name: Ethernet 3
InterfaceIndex: 0x12

Guidance:
A TCP/IP binding was added to the specified network adapter for the SMB client. The SMB client can now send and receive SMB traffic on this network adapter using TCP/IP. You should expect this event when a computer restarts or when a previously disabled network adaptor is re-enabled. No user action is required."
"18-08-2026 14:30:54","30810","Information","Microsoft-Windows-SMBClient","Added a TCP/IP transport interface.

Name: Ethernet 3
InterfaceIndex: 0x12

Guidance:
A TCP/IP binding was added to the specified network adapter for the SMB client. The SMB client can now send and receive SMB traffic on this network adapter using TCP/IP. You should expect this event when a computer restarts or when a previously disabled network adaptor is re-enabled. No user action is required."
"18-08-2026 14:30:54","30810","Information","Microsoft-Windows-SMBClient","Added a TCP/IP transport interface.

Name: Ethernet 2
InterfaceIndex: 0x7

Guidance:
A TCP/IP binding was added to the specified network adapter for the SMB client. The SMB client can now send and receive SMB traffic on this network adapter using TCP/IP. You should expect this event when a computer restarts or when a previously disabled network adaptor is re-enabled. No user action is required."
"18-08-2026 14:30:54","30810","Information","Microsoft-Windows-SMBClient","Added a TCP/IP transport interface.

Name: Ethernet 2
InterfaceIndex: 0x7

Guidance:
A TCP/IP binding was added to the specified network adapter for the SMB client. The SMB client can now send and receive SMB traffic on this network adapter using TCP/IP. You should expect this event when a computer restarts or when a previously disabled network adaptor is re-enabled. No user action is required."
"18-08-2026 14:30:54","30810","Information","Microsoft-Windows-SMBClient","Added a TCP/IP transport interface.

Name: Ethernet
InterfaceIndex: 0xE

Guidance:
A TCP/IP binding was added to the specified network adapter for the SMB client. The SMB client can now send and receive SMB traffic on this network adapter using TCP/IP. You should expect this event when a computer restarts or when a previously disabled network adaptor is re-enabled. No user action is required."
"18-08-2026 14:20:34","30811","Information","Microsoft-Windows-SMBClient","Deleted a TCP/IP transport interface.

Name: Local Area Connection* 2
InterfaceIndex: 0x2

Guidance:
A TCP/IP binding was removed from the specified network adapter for the SMB client. You should expect this event when a computer shuts down or when a previously enabled network adaptor is disabled. No user action is required."
"18-08-2026 14:20:34","30811","Information","Microsoft-Windows-SMBClient","Deleted a TCP/IP transport interface.

Name: Local Area Connection* 2
InterfaceIndex: 0x2

Guidance:
A TCP/IP binding was removed from the specified network adapter for the SMB client. You should expect this event when a computer shuts down or when a previously enabled network adaptor is disabled. No user action is required."
"18-08-2026 14:20:34","30811","Information","Microsoft-Windows-SMBClient","Deleted a TCP/IP transport interface.

Name: Local Area Connection* 5
InterfaceIndex: 0x6

Guidance:
A TCP/IP binding was removed from the specified network adapter for the SMB client. You should expect this event when a computer shuts down or when a previously enabled network adaptor is disabled. No user action is required."
"18-08-2026 14:20:34","30811","Information","Microsoft-Windows-SMBClient","Deleted a TCP/IP transport interface.

Name: Local Area Connection* 5
InterfaceIndex: 0x6

Guidance:
A TCP/IP binding was removed from the specified network adapter for the SMB client. You should expect this event when a computer shuts down or when a previously enabled network adaptor is disabled. No user action is required."
"18-08-2026 14:20:33","30813","Information","Microsoft-Windows-SMBClient","Deleted a TDI transport interface.

Name: \Device\NetBT_Tcpip_{556D9BDF-D387-4AB9-BE4C-A7E220FAF218}

Guidance:
A TDI (NetBIOS) binding was removed from the specified network adapter for the SMB client. You should expect this event when a computer shuts down or when a previously enabled network adaptor is disabled. No user action is required."
"18-08-2026 14:20:19","30833","Information","Microsoft-Windows-SMBClient","The initial connection to the share was established.

Share name: \gfk-fra2netapp01cifs.gfk.com\IPC$
Server address: 10.2.97.21:445
Session ID: 0xC036000012F04C04
Tree ID: 0x1
Transport type: TCPIP
Signing used: false
Encryption used: false
Compression requested: false
NTLM blocked: false

"
"18-08-2026 14:20:18","30830","Information","Microsoft-Windows-SMBClient","The SMB redirector selected the connection initiated with the following parameters:

Server name: gfk-fra2netapp01cifs.gfk.com
Server socket address: 10.2.97.21:445
Client socket address: 
Connection ID: 
Client certificate thumbprint: 
Transport: TCPIP
Instance Name: \Device\LanmanRedirector
Port Origin: The port was selected from the global registry settings."
"18-08-2026 14:20:17","30833","Information","Microsoft-Windows-SMBClient","The initial connection to the share was established.

Share name: \lhrnetapp05cifs1\IPC$
Server address: 10.90.39.22:445
Session ID: 0x28D6000001E6CEA3
Tree ID: 0x1
Transport type: TCPIP
Signing used: false
Encryption used: false
Compression requested: false
NTLM blocked: false

"
"18-08-2026 14:20:17","30830","Information","Microsoft-Windows-SMBClient","The SMB redirector selected the connection initiated with the following parameters:

Server name: lhrnetapp05cifs1
Server socket address: 10.90.39.22:445
Client socket address: 
Connection ID: 
Client certificate thumbprint: 
Transport: TCPIP
Instance Name: \Device\LanmanRedirector
Port Origin: The port was selected from the global registry settings."
"18-08-2026 14:13:12","30833","Information","Microsoft-Windows-SMBClient","The initial connection to the share was established.

Share name: \gfk-fra2netapp01cifs.gfk.com\IPC$
Server address: 10.2.97.21:445
Session ID: 0xC036000012EFFBB7
Tree ID: 0x1
Transport type: TCPIP
Signing used: false
Encryption used: false
Compression requested: false
NTLM blocked: false

"
"18-08-2026 14:13:11","30830","Information","Microsoft-Windows-SMBClient","The SMB redirector selected the connection initiated with the following parameters:

Server name: gfk-fra2netapp01cifs.gfk.com
Server socket address: 10.2.97.21:445
Client socket address: 
Connection ID: 
Client certificate thumbprint: 
Transport: TCPIP
Instance Name: \Device\LanmanRedirector
Port Origin: The port was selected from the global registry settings."
"18-08-2026 14:13:10","30833","Information","Microsoft-Windows-SMBClient","The initial connection to the share was established.

Share name: \lhrnetapp05cifs1\IPC$
Server address: 10.90.39.29:445
Session ID: 0x366600000209B797
Tree ID: 0x1
Transport type: TCPIP
Signing used: false
Encryption used: false
Compression requested: false
NTLM blocked: false

"
"18-08-2026 14:13:10","30830","Information","Microsoft-Windows-SMBClient","The SMB redirector selected the connection initiated with the following parameters:

Server name: lhrnetapp05cifs1
Server socket address: 10.90.39.29:445
Client socket address: 
Connection ID: 
Client certificate thumbprint: 
Transport: TCPIP
Instance Name: \Device\LanmanRedirector
Port Origin: The port was selected from the global registry settings."
"18-08-2026 14:12:24","30833","Information","Microsoft-Windows-SMBClient","The initial connection to the share was established.

Share name: \gfk-fra2netapp01cifs.gfk.com\IPC$
Server address: 10.2.97.21:445
Session ID: 0xC036000012EFF25E
Tree ID: 0x1
Transport type: TCPIP
Signing used: false
Encryption used: false
Compression requested: false
NTLM blocked: false

"
"18-08-2026 14:12:23","30830","Information","Microsoft-Windows-SMBClient","The SMB redirector selected the connection initiated with the following parameters:

Server name: gfk-fra2netapp01cifs.gfk.com
Server socket address: 10.2.97.21:445
Client socket address: 
Connection ID: 
Client certificate thumbprint: 
Transport: TCPIP
Instance Name: \Device\LanmanRedirector
Port Origin: The port was selected from the global registry settings."
"18-08-2026 14:12:16","30800","Error","Microsoft-Windows-SMBClient","The server name cannot be resolved.

Error: The object was not found.

Server name: LIND55MBVC4$

Guidance:
The client cannot resolve the server address in DNS or WINS. This issue often manifests immediately after joining a computer to the domain, when the client's DNS registration may not yet have propagated to all DNS servers. You should also expect this event at system startup on a DNS server (such as a domain controller) that points to itself for the primary DNS. You should validate the DNS client settings on this computer using IPCONFIG /ALL and NSLOOKUP."
"18-08-2026 14:12:08","30833","Information","Microsoft-Windows-SMBClient","The initial connection to the share was established.

Share name: \lhrnetapp05cifs1\IPC$
Server address: 10.90.39.22:445
Session ID: 0x28D6000001E6C82E
Tree ID: 0x1
Transport type: TCPIP
Signing used: false
Encryption used: false
Compression requested: false
NTLM blocked: false

"
"18-08-2026 14:12:08","30830","Information","Microsoft-Windows-SMBClient","The SMB redirector selected the connection initiated with the following parameters:

Server name: lhrnetapp05cifs1
Server socket address: 10.90.39.22:445
Client socket address: 
Connection ID: 
Client certificate thumbprint: 
Transport: TCPIP
Instance Name: \Device\LanmanRedirector
Port Origin: The port was selected from the global registry settings."
"18-08-2026 14:12:07","30833","Information","Microsoft-Windows-SMBClient","The initial connection to the share was established.

Share name: \gfk-fra2netapp01cifs.gfk.com\IPC$
Server address: 10.2.97.21:445
Session ID: 0xC036000012EFED6A
Tree ID: 0x1
Transport type: TCPIP
Signing used: false
Encryption used: false
Compression requested: false
NTLM blocked: false

"
"18-08-2026 14:12:06","30830","Information","Microsoft-Windows-SMBClient","The SMB redirector selected the connection initiated with the following parameters:

Server name: gfk-fra2netapp01cifs.gfk.com
Server socket address: 10.2.97.21:445
Client socket address: 
Connection ID: 
Client certificate thumbprint: 
Transport: TCPIP
Instance Name: \Device\LanmanRedirector
Port Origin: The port was selected from the global registry settings."
"18-08-2026 14:11:43","30833","Information","Microsoft-Windows-SMBClient","The initial connection to the share was established.

Share name: \gfk-fra2netapp01cifs.gfk.com\IPC$
Server address: 10.2.97.21:445
Session ID: 0xC036000012EFE825
Tree ID: 0x1
Transport type: TCPIP
Signing used: false
Encryption used: false
Compression requested: false
NTLM blocked: false

"
"18-08-2026 14:11:43","30830","Information","Microsoft-Windows-SMBClient","The SMB redirector selected the connection initiated with the following parameters:

Server name: gfk-fra2netapp01cifs.gfk.com
Server socket address: 10.2.97.21:445
Client socket address: 
Connection ID: 
Client certificate thumbprint: 
Transport: TCPIP
Instance Name: \Device\LanmanRedirector
Port Origin: The port was selected from the global registry settings."
"18-08-2026 14:11:42","30833","Information","Microsoft-Windows-SMBClient","The initial connection to the share was established.

Share name: \lhrnetapp05cifs1\IPC$
Server address: 10.90.39.31:445
Session ID: 0x44120000021CB732
Tree ID: 0x1
Transport type: TCPIP
Signing used: false
Encryption used: false
Compression requested: false
NTLM blocked: false

"
"18-08-2026 14:11:41","30830","Information","Microsoft-Windows-SMBClient","The SMB redirector selected the connection initiated with the following parameters:

Server name: lhrnetapp05cifs1
Server socket address: 10.90.39.31:445
Client socket address: 
Connection ID: 
Client certificate thumbprint: 
Transport: TCPIP
Instance Name: \Device\LanmanRedirector
Port Origin: The port was selected from the global registry settings."
"18-08-2026 14:07:50","30833","Information","Microsoft-Windows-SMBClient","The initial connection to the share was established.

Share name: \gfk-fra2netapp01cifs.gfk.com\IPC$
Server address: 10.2.97.21:445
Session ID: 0xC036000012EFBAE2
Tree ID: 0x1
Transport type: TCPIP
Signing used: false
Encryption used: false
Compression requested: false
NTLM blocked: false

"
"18-08-2026 14:07:50","30830","Information","Microsoft-Windows-SMBClient","The SMB redirector selected the connection initiated with the following parameters:

Server name: gfk-fra2netapp01cifs.gfk.com
Server socket address: 10.2.97.21:445
Client socket address: 
Connection ID: 
Client certificate thumbprint: 
Transport: TCPIP
Instance Name: \Device\LanmanRedirector
Port Origin: The port was selected from the global registry settings."
"18-08-2026 14:07:49","30833","Information","Microsoft-Windows-SMBClient","The initial connection to the share was established.

Share name: \lhrnetapp05cifs1\IPC$
Server address: 10.90.39.31:445
Session ID: 0x44120000021CB254
Tree ID: 0x1
Transport type: TCPIP
Signing used: false
Encryption used: false
Compression requested: false
NTLM blocked: false

"
"18-08-2026 14:07:48","30830","Information","Microsoft-Windows-SMBClient","The SMB redirector selected the connection initiated with the following parameters:

Server name: lhrnetapp05cifs1
Server socket address: 10.90.39.31:445
Client socket address: 
Connection ID: 
Client certificate thumbprint: 
Transport: TCPIP
Instance Name: \Device\LanmanRedirector
Port Origin: The port was selected from the global registry settings."
"18-08-2026 14:02:48","30803","Error","Microsoft-Windows-SMBClient","Failed to establish a network connection.

Error: The QUIC connection was idle.

Server name: lhrnetapp05cifs1
Server address: 10.90.39.22:443
Instance name: \Device\LanmanRedirector
Connection type: Quic
Port origin: The port was selected from the global registry settings.
Connection ID: 0x0E22D50572A714EB
Client certificate thumbprint: 0x0000000000000000000000000000000000000000

Guidance:
This indicates a problem with the underlying network or transport, such as with TCP/IP or QUIC/UDP, and not with SMB. A firewall that blocks the TCP or UDP port listed in the Server Address field can also cause this issue."
"18-08-2026 14:02:40","30833","Information","Microsoft-Windows-SMBClient","The initial connection to the share was established.

Share name: \gfk-fra2netapp01cifs.gfk.com\IPC$
Server address: 10.2.97.21:445
Session ID: 0xC036000012EF84F5
Tree ID: 0x1
Transport type: TCPIP
Signing used: false
Encryption used: false
Compression requested: false
NTLM blocked: false

"
"18-08-2026 14:02:39","30830","Information","Microsoft-Windows-SMBClient","The SMB redirector selected the connection initiated with the following parameters:

Server name: gfk-fra2netapp01cifs.gfk.com
Server socket address: 10.2.97.21:445
Client socket address: 
Connection ID: 
Client certificate thumbprint: 
Transport: TCPIP
Instance Name: \Device\LanmanRedirector
Port Origin: The port was selected from the global registry settings."
"18-08-2026 14:02:38","30833","Information","Microsoft-Windows-SMBClient","The initial connection to the share was established.

Share name: \lhrnetapp05cifs1\IPC$
Server address: 10.90.39.22:445
Session ID: 0x28D6000001E6BFF0
Tree ID: 0x1
Transport type: TCPIP
Signing used: false
Encryption used: false
Compression requested: false
NTLM blocked: false

"
"18-08-2026 14:02:38","30830","Information","Microsoft-Windows-SMBClient","The SMB redirector selected the connection initiated with the following parameters:

Server name: lhrnetapp05cifs1
Server socket address: 10.90.39.22:445
Client socket address: 
Connection ID: 
Client certificate thumbprint: 
Transport: TCPIP
Instance Name: \Device\LanmanRedirector
Port Origin: The port was selected from the global registry settings."
"18-08-2026 14:02:38","30827","Information","Microsoft-Windows-SMBClient","Could not find a certificate mapping that matches the server name. 

Connection type: Quic
Server name: lhrnetapp05cifs1.
"
"18-08-2026 13:32:48","30833","Information","Microsoft-Windows-SMBClient","The initial connection to the share was established.

Share name: \gfk-fra2netapp01cifs.gfk.com\IPC$
Server address: 10.2.97.21:445
Session ID: 0xC036000012EDC699
Tree ID: 0x1
Transport type: TCPIP
Signing used: false
Encryption used: false
Compression requested: false
NTLM blocked: false

"
"18-08-2026 13:32:48","30830","Information","Microsoft-Windows-SMBClient","The SMB redirector selected the connection initiated with the following parameters:

Server name: gfk-fra2netapp01cifs.gfk.com
Server socket address: 10.2.97.21:445
Client socket address: 
Connection ID: 
Client certificate thumbprint: 
Transport: TCPIP
Instance Name: \Device\LanmanRedirector
Port Origin: The port was selected from the global registry settings."
"18-08-2026 13:32:47","30833","Information","Microsoft-Windows-SMBClient","The initial connection to the share was established.

Share name: \lhrnetapp05cifs1\IPC$
Server address: 10.90.39.29:445
Session ID: 0x366600000209989F
Tree ID: 0x1
Transport type: TCPIP
Signing used: false
Encryption used: false
Compression requested: false
NTLM blocked: false

"
"18-08-2026 13:32:46","30830","Information","Microsoft-Windows-SMBClient","The SMB redirector selected the connection initiated with the following parameters:

Server name: lhrnetapp05cifs1
Server socket address: 10.90.39.29:445
Client socket address: 
Connection ID: 
Client certificate thumbprint: 
Transport: TCPIP
Instance Name: \Device\LanmanRedirector
Port Origin: The port was selected from the global registry settings."
"18-08-2026 13:12:57","30833","Information","Microsoft-Windows-SMBClient","The initial connection to the share was established.

Share name: \gfk-fra2netapp01cifs.gfk.com\IPC$
Server address: 10.2.97.21:445
Session ID: 0xC036000012EBFEE7
Tree ID: 0x1
Transport type: TCPIP
Signing used: false
Encryption used: false
Compression requested: false
NTLM blocked: false

"
"18-08-2026 13:12:57","30830","Information","Microsoft-Windows-SMBClient","The SMB redirector selected the connection initiated with the following parameters:

Server name: gfk-fra2netapp01cifs.gfk.com
Server socket address: 10.2.97.21:445
Client socket address: 
Connection ID: 
Client certificate thumbprint: 
Transport: TCPIP
Instance Name: \Device\LanmanRedirector
Port Origin: The port was selected from the global registry settings."
"18-08-2026 13:12:56","30833","Information","Microsoft-Windows-SMBClient","The initial connection to the share was established.

Share name: \lhrnetapp05cifs1\IPC$
Server address: 10.90.39.31:445
Session ID: 0x44120000021C76D9
Tree ID: 0x1
Transport type: TCPIP
Signing used: false
Encryption used: false
Compression requested: false
NTLM blocked: false

"
"18-08-2026 13:12:55","30830","Information","Microsoft-Windows-SMBClient","The SMB redirector selected the connection initiated with the following parameters:

Server name: lhrnetapp05cifs1
Server socket address: 10.90.39.31:445
Client socket address: 
Connection ID: 
Client certificate thumbprint: 
Transport: TCPIP
Instance Name: \Device\LanmanRedirector
Port Origin: The port was selected from the global registry settings."
"18-08-2026 12:52:37","30833","Information","Microsoft-Windows-SMBClient","The initial connection to the share was established.

Share name: \gfk-fra2netapp01cifs.gfk.com\IPC$
Server address: 10.2.97.21:445
Session ID: 0xC036000012EA2B3B
Tree ID: 0x1
Transport type: TCPIP
Signing used: false
Encryption used: false
Compression requested: false
NTLM blocked: false

"
"18-08-2026 12:52:36","30830","Information","Microsoft-Windows-SMBClient","The SMB redirector selected the connection initiated with the following parameters:

Server name: gfk-fra2netapp01cifs.gfk.com
Server socket address: 10.2.97.21:445
Client socket address: 
Connection ID: 
Client certificate thumbprint: 
Transport: TCPIP
Instance Name: \Device\LanmanRedirector
Port Origin: The port was selected from the global registry settings."
"18-08-2026 12:52:35","30833","Information","Microsoft-Windows-SMBClient","The initial connection to the share was established.

Share name: \lhrnetapp05cifs1\IPC$
Server address: 10.90.39.31:445
Session ID: 0x44120000021C65A2
Tree ID: 0x1
Transport type: TCPIP
Signing used: false
Encryption used: false
Compression requested: false
NTLM blocked: false

"
"18-08-2026 12:52:35","30830","Information","Microsoft-Windows-SMBClient","The SMB redirector selected the connection initiated with the following parameters:

Server name: lhrnetapp05cifs1
Server socket address: 10.90.39.31:445
Client socket address: 
Connection ID: 
Client certificate thumbprint: 
Transport: TCPIP
Instance Name: \Device\LanmanRedirector
Port Origin: The port was selected from the global registry settings."
"18-08-2026 12:39:12","30833","Information","Microsoft-Windows-SMBClient","The initial connection to the share was established.

Share name: \gfk-fra2netapp01cifs.gfk.com\IPC$
Server address: 10.2.97.21:445
Session ID: 0xC036000012E99E20
Tree ID: 0x1
Transport type: TCPIP
Signing used: false
Encryption used: false
Compression requested: false
NTLM blocked: false

"
"18-08-2026 12:39:11","30830","Information","Microsoft-Windows-SMBClient","The SMB redirector selected the connection initiated with the following parameters:

Server name: gfk-fra2netapp01cifs.gfk.com
Server socket address: 10.2.97.21:445
Client socket address: 
Connection ID: 
Client certificate thumbprint: 
Transport: TCPIP
Instance Name: \Device\LanmanRedirector
Port Origin: The port was selected from the global registry settings."
"18-08-2026 12:39:10","30833","Information","Microsoft-Windows-SMBClient","The initial connection to the share was established.

Share name: \lhrnetapp05cifs1\IPC$
Server address: 10.90.39.22:445
Session ID: 0x28D6000001E6762F
Tree ID: 0x1
Transport type: TCPIP
Signing used: false
Encryption used: false
Compression requested: false
NTLM blocked: false

"
"18-08-2026 12:39:09","30830","Information","Microsoft-Windows-SMBClient","The SMB redirector selected the connection initiated with the following parameters:

Server name: lhrnetapp05cifs1
Server socket address: 10.90.39.22:445
Client socket address: 
Connection ID: 
Client certificate thumbprint: 
Transport: TCPIP
Instance Name: \Device\LanmanRedirector
Port Origin: The port was selected from the global registry settings."
"18-08-2026 12:29:40","30833","Information","Microsoft-Windows-SMBClient","The initial connection to the share was established.

Share name: \gfk-fra2netapp01cifs.gfk.com\IPC$
Server address: 10.2.97.21:445
Session ID: 0xC036000012E92E32
Tree ID: 0x1
Transport type: TCPIP
Signing used: false
Encryption used: false
Compression requested: false
NTLM blocked: false

"
"18-08-2026 12:29:39","30830","Information","Microsoft-Windows-SMBClient","The SMB redirector selected the connection initiated with the following parameters:

Server name: gfk-fra2netapp01cifs.gfk.com
Server socket address: 10.2.97.21:445
Client socket address: 
Connection ID: 
Client certificate thumbprint: 
Transport: TCPIP
Instance Name: \Device\LanmanRedirector
Port Origin: The port was selected from the global registry settings."
"18-08-2026 12:29:38","30833","Information","Microsoft-Windows-SMBClient","The initial connection to the share was established.

Share name: \lhrnetapp05cifs1\IPC$
Server address: 10.90.39.29:445
Session ID: 0x36660000020961B4
Tree ID: 0x1
Transport type: TCPIP
Signing used: false
Encryption used: false
Compression requested: false
NTLM blocked: false

"
"18-08-2026 12:29:38","30830","Information","Microsoft-Windows-SMBClient","The SMB redirector selected the connection initiated with the following parameters:

Server name: lhrnetapp05cifs1
Server socket address: 10.90.39.29:445
Client socket address: 
Connection ID: 
Client certificate thumbprint: 
Transport: TCPIP
Instance Name: \Device\LanmanRedirector
Port Origin: The port was selected from the global registry settings."
"18-08-2026 12:29:14","30833","Information","Microsoft-Windows-SMBClient","The initial connection to the share was established.

Share name: \gfk-fra2netapp01cifs.gfk.com\IPC$
Server address: 10.2.97.21:445
Session ID: 0xC036000012E929CD
Tree ID: 0x1
Transport type: TCPIP
Signing used: false
Encryption used: false
Compression requested: false
NTLM blocked: false

"
"18-08-2026 12:29:13","30830","Information","Microsoft-Windows-SMBClient","The SMB redirector selected the connection initiated with the following parameters:

Server name: gfk-fra2netapp01cifs.gfk.com
Server socket address: 10.2.97.21:445
Client socket address: 
Connection ID: 
Client certificate thumbprint: 
Transport: TCPIP
Instance Name: \Device\LanmanRedirector
Port Origin: The port was selected from the global registry settings."
"18-08-2026 12:29:12","30833","Information","Microsoft-Windows-SMBClient","The initial connection to the share was established.

Share name: \lhrnetapp05cifs1\IPC$
Server address: 10.90.39.20:445
Session ID: 0xC8E7000001C72836
Tree ID: 0x1
Transport type: TCPIP
Signing used: false
Encryption used: false
Compression requested: false
NTLM blocked: false

"
"18-08-2026 12:29:12","30830","Information","Microsoft-Windows-SMBClient","The SMB redirector selected the connection initiated with the following parameters:

Server name: lhrnetapp05cifs1
Server socket address: 10.90.39.20:445
Client socket address: 
Connection ID: 
Client certificate thumbprint: 
Transport: TCPIP
Instance Name: \Device\LanmanRedirector
Port Origin: The port was selected from the global registry settings."
"18-08-2026 12:17:16","30833","Information","Microsoft-Windows-SMBClient","The initial connection to the share was established.

Share name: \gfk-fra2netapp01cifs.gfk.com\IPC$
Server address: 10.2.97.21:445
Session ID: 0xC036000012E8B054
Tree ID: 0x1
Transport type: TCPIP
Signing used: false
Encryption used: false
Compression requested: false
NTLM blocked: false

"
"18-08-2026 12:17:16","30830","Information","Microsoft-Windows-SMBClient","The SMB redirector selected the connection initiated with the following parameters:

Server name: gfk-fra2netapp01cifs.gfk.com
Server socket address: 10.2.97.21:445
Client socket address: 
Connection ID: 
Client certificate thumbprint: 
Transport: TCPIP
Instance Name: \Device\LanmanRedirector
Port Origin: The port was selected from the global registry settings."
"18-08-2026 12:17:15","30833","Information","Microsoft-Windows-SMBClient","The initial connection to the share was established.

Share name: \lhrnetapp05cifs1\IPC$
Server address: 10.90.39.22:445
Session ID: 0x28D6000001E661D8
Tree ID: 0x1
Transport type: TCPIP
Signing used: false
Encryption used: false
Compression requested: false
NTLM blocked: false

"
"18-08-2026 12:17:14","30830","Information","Microsoft-Windows-SMBClient","The SMB redirector selected the connection initiated with the following parameters:

Server name: lhrnetapp05cifs1
Server socket address: 10.90.39.22:445
Client socket address: 
Connection ID: 
Client certificate thumbprint: 
Transport: TCPIP
Instance Name: \Device\LanmanRedirector
Port Origin: The port was selected from the global registry settings."
"18-08-2026 11:41:31","30833","Information","Microsoft-Windows-SMBClient","The initial connection to the share was established.

Share name: \gfk-fra2netapp01cifs.gfk.com\IPC$
Server address: 10.2.97.21:445
Session ID: 0xC036000012E7A82B
Tree ID: 0x1
Transport type: TCPIP
Signing used: false
Encryption used: false
Compression requested: false
NTLM blocked: false

"
"18-08-2026 11:41:30","30830","Information","Microsoft-Windows-SMBClient","The SMB redirector selected the connection initiated with the following parameters:

Server name: gfk-fra2netapp01cifs.gfk.com
Server socket address: 10.2.97.21:445
Client socket address: 
Connection ID: 
Client certificate thumbprint: 
Transport: TCPIP
Instance Name: \Device\LanmanRedirector
Port Origin: The port was selected from the global registry settings."
"18-08-2026 11:41:29","30833","Information","Microsoft-Windows-SMBClient","The initial connection to the share was established.

Share name: \lhrnetapp05cifs1\IPC$
Server address: 10.90.39.29:445
Session ID: 0x3666000002093358
Tree ID: 0x1
Transport type: TCPIP
Signing used: false
Encryption used: false
Compression requested: false
NTLM blocked: false

"
"18-08-2026 11:41:29","30830","Information","Microsoft-Windows-SMBClient","The SMB redirector selected the connection initiated with the following parameters:

Server name: lhrnetapp05cifs1
Server socket address: 10.90.39.29:445
Client socket address: 
Connection ID: 
Client certificate thumbprint: 
Transport: TCPIP
Instance Name: \Device\LanmanRedirector
Port Origin: The port was selected from the global registry settings."
"18-08-2026 11:24:33","30833","Information","Microsoft-Windows-SMBClient","The initial connection to the share was established.

Share name: \localhost\C$
Server address: [::1]:445
Session ID: 0x8C0000000001
Tree ID: 0x5
Transport type: TCPIP
Signing used: true
Encryption used: false
Compression requested: false
NTLM blocked: false

"
"18-08-2026 11:24:33","30833","Information","Microsoft-Windows-SMBClient","The initial connection to the share was established.

Share name: \localhost\IPC$
Server address: [::1]:445
Session ID: 0x8C0000000001
Tree ID: 0x1
Transport type: TCPIP
Signing used: true
Encryption used: false
Compression requested: false
NTLM blocked: false

"
"18-08-2026 11:24:33","30830","Information","Microsoft-Windows-SMBClient","The SMB redirector selected the connection initiated with the following parameters:

Server name: localhost
Server socket address: [::1]:445
Client socket address: 
Connection ID: 
Client certificate thumbprint: 
Transport: TCPIP
Instance Name: \Device\LanmanRedirector
Port Origin: The port was selected from the global registry settings."
"18-08-2026 11:06:05","30833","Information","Microsoft-Windows-SMBClient","The initial connection to the share was established.

Share name: \gfk-fra2netapp01cifs.gfk.com\IPC$
Server address: 10.2.97.21:445
Session ID: 0xC036000012E6F464
Tree ID: 0x1
Transport type: TCPIP
Signing used: false
Encryption used: false
Compression requested: false
NTLM blocked: false

"
"18-08-2026 11:06:04","30830","Information","Microsoft-Windows-SMBClient","The SMB redirector selected the connection initiated with the following parameters:

Server name: gfk-fra2netapp01cifs.gfk.com
Server socket address: 10.2.97.21:445
Client socket address: 
Connection ID: 
Client certificate thumbprint: 
Transport: TCPIP
Instance Name: \Device\LanmanRedirector
Port Origin: The port was selected from the global registry settings."
"18-08-2026 11:06:03","30833","Information","Microsoft-Windows-SMBClient","The initial connection to the share was established.

Share name: \lhrnetapp05cifs1\IPC$
Server address: 10.90.39.29:445
Session ID: 0x366600000209198D
Tree ID: 0x1
Transport type: TCPIP
Signing used: false
Encryption used: false
Compression requested: false
NTLM blocked: false

"
"18-08-2026 11:06:02","30830","Information","Microsoft-Windows-SMBClient","The SMB redirector selected the connection initiated with the following parameters:

Server name: lhrnetapp05cifs1
Server socket address: 10.90.39.29:445
Client socket address: 
Connection ID: 
Client certificate thumbprint: 
Transport: TCPIP
Instance Name: \Device\LanmanRedirector
Port Origin: The port was selected from the global registry settings."
"18-08-2026 10:49:33","30833","Information","Microsoft-Windows-SMBClient","The initial connection to the share was established.

Share name: \gfk-fra2netapp01cifs.gfk.com\IPC$
Server address: 10.2.97.21:445
Session ID: 0xC036000012E6B41E
Tree ID: 0x1
Transport type: TCPIP
Signing used: false
Encryption used: false
Compression requested: false
NTLM blocked: false

"
"18-08-2026 10:49:32","30830","Information","Microsoft-Windows-SMBClient","The SMB redirector selected the connection initiated with the following parameters:

Server name: gfk-fra2netapp01cifs.gfk.com
Server socket address: 10.2.97.21:445
Client socket address: 
Connection ID: 
Client certificate thumbprint: 
Transport: TCPIP
Instance Name: \Device\LanmanRedirector
Port Origin: The port was selected from the global registry settings."
"18-08-2026 10:49:31","30833","Information","Microsoft-Windows-SMBClient","The initial connection to the share was established.

Share name: \lhrnetapp05cifs1\IPC$
Server address: 10.90.39.31:445
Session ID: 0x44120000021C0862
Tree ID: 0x1
Transport type: TCPIP
Signing used: false
Encryption used: false
Compression requested: false
NTLM blocked: false

"
"18-08-2026 10:49:31","30830","Information","Microsoft-Windows-SMBClient","The SMB redirector selected the connection initiated with the following parameters:

Server name: lhrnetapp05cifs1
Server socket address: 10.90.39.31:445
Client socket address: 
Connection ID: 
Client certificate thumbprint: 
Transport: TCPIP
Instance Name: \Device\LanmanRedirector
Port Origin: The port was selected from the global registry settings."
"18-08-2026 10:44:29","30810","Information","Microsoft-Windows-SMBClient","Added a TCP/IP transport interface.

Name: Ethernet
InterfaceIndex: 0xE

Guidance:
A TCP/IP binding was added to the specified network adapter for the SMB client. The SMB client can now send and receive SMB traffic on this network adapter using TCP/IP. You should expect this event when a computer restarts or when a previously disabled network adaptor is re-enabled. No user action is required."
"18-08-2026 10:44:20","30811","Information","Microsoft-Windows-SMBClient","Deleted a TCP/IP transport interface.

Name: Ethernet
InterfaceIndex: 0xE

Guidance:
A TCP/IP binding was removed from the specified network adapter for the SMB client. You should expect this event when a computer shuts down or when a previously enabled network adaptor is disabled. No user action is required."
"18-08-2026 10:30:56","30810","Information","Microsoft-Windows-SMBClient","Added a TCP/IP transport interface.

Name: Local Area Connection* 5
InterfaceIndex: 0x6

Guidance:
A TCP/IP binding was added to the specified network adapter for the SMB client. The SMB client can now send and receive SMB traffic on this network adapter using TCP/IP. You should expect this event when a computer restarts or when a previously disabled network adaptor is re-enabled. No user action is required."
