"19-08-2026 13:24:37","1","Error","Microsoft-Windows-Security-LessPrivilegedAppContainer","Access to the a resource has been denied for a less privileged app container at ‎2026‎-‎08‎-‎19T07:54:37.717099100Z (StackHash: 0x4201D9B0)."
"19-08-2026 13:24:37","1","Error","Microsoft-Windows-Security-LessPrivilegedAppContainer","Access to the a resource has been denied for a less privileged app container at ‎2026‎-‎08‎-‎19T07:54:37.717095300Z (StackHash: 0x41C6F2FA)."
"19-08-2026 13:24:37","1","Error","Microsoft-Windows-Security-LessPrivilegedAppContainer","Access to the a resource has been denied for a less privileged app container at ‎2026‎-‎08‎-‎19T07:54:37.717091500Z (StackHash: 0x420E937F)."
"19-08-2026 13:24:37","1","Error","Microsoft-Windows-Security-LessPrivilegedAppContainer","Access to the a resource has been denied for a less privileged app container at ‎2026‎-‎08‎-‎19T07:54:37.717087700Z (StackHash: 0x41DBD4FB)."
"19-08-2026 13:24:37","1","Error","Microsoft-Windows-Security-LessPrivilegedAppContainer","Access to the a resource has been denied for a less privileged app container at ‎2026‎-‎08‎-‎19T07:54:37.717084000Z (StackHash: 0x4201D9B0)."
"19-08-2026 13:24:37","1","Error","Microsoft-Windows-Security-LessPrivilegedAppContainer","Access to the a resource has been denied for a less privileged app container at ‎2026‎-‎08‎-‎19T07:54:37.717080300Z (StackHash: 0x41C6F2FA)."
"19-08-2026 13:24:37","1","Error","Microsoft-Windows-Security-LessPrivilegedAppContainer","Access to the a resource has been denied for a less privileged app container at ‎2026‎-‎08‎-‎19T07:54:37.717076500Z (StackHash: 0x420E937F)."
"19-08-2026 13:24:37","1","Error","Microsoft-Windows-Security-LessPrivilegedAppContainer","Access to the a resource has been denied for a less privileged app container at ‎2026‎-‎08‎-‎19T07:54:37.717072700Z (StackHash: 0x41DBD4FB)."
"19-08-2026 13:24:37","1","Error","Microsoft-Windows-Security-LessPrivilegedAppContainer","Access to the a resource has been denied for a less privileged app container at ‎2026‎-‎08‎-‎19T07:54:37.717068900Z (StackHash: 0x4201D9B0)."
"19-08-2026 13:24:37","1","Error","Microsoft-Windows-Security-LessPrivilegedAppContainer","Access to the a resource has been denied for a less privileged app container at ‎2026‎-‎08‎-‎19T07:54:37.717065200Z (StackHash: 0x41C6F2FA)."
"19-08-2026 13:24:37","1","Error","Microsoft-Windows-Security-LessPrivilegedAppContainer","Access to the a resource has been denied for a less privileged app container at ‎2026‎-‎08‎-‎19T07:54:37.717061300Z (StackHash: 0x420E937F)."
"19-08-2026 13:24:37","1","Error","Microsoft-Windows-Security-LessPrivilegedAppContainer","Access to the a resource has been denied for a less privileged app container at ‎2026‎-‎08‎-‎19T07:54:37.717057500Z (StackHash: 0x41DBD4FB)."
"19-08-2026 13:24:37","1","Error","Microsoft-Windows-Security-LessPrivilegedAppContainer","Access to the a resource has been denied for a less privileged app container at ‎2026‎-‎08‎-‎19T07:54:37.717053700Z (StackHash: 0x4201D9B0)."
"19-08-2026 13:24:37","1","Error","Microsoft-Windows-Security-LessPrivilegedAppContainer","Access to the a resource has been denied for a less privileged app container at ‎2026‎-‎08‎-‎19T07:54:37.717049900Z (StackHash: 0x41C6F2FA)."
"19-08-2026 13:24:37","1","Error","Microsoft-Windows-Security-LessPrivilegedAppContainer","Access to the a resource has been denied for a less privileged app container at ‎2026‎-‎08‎-‎19T07:54:37.717046200Z (StackHash: 0x420E937F)."
"19-08-2026 13:24:37","1","Error","Microsoft-Windows-Security-LessPrivilegedAppContainer","Access to the a resource has been denied for a less privileged app container at ‎2026‎-‎08‎-‎19T07:54:37.717042400Z (StackHash: 0x41DBD4FB)."
"19-08-2026 13:24:37","1","Error","Microsoft-Windows-Security-LessPrivilegedAppContainer","Access to the a resource has been denied for a less privileged app container at ‎2026‎-‎08‎-‎19T07:54:37.717038600Z (StackHash: 0x4201D9B0)."
"19-08-2026 13:24:37","1","Error","Microsoft-Windows-Security-LessPrivilegedAppContainer","Access to the a resource has been denied for a less privileged app container at ‎2026‎-‎08‎-‎19T07:54:37.717035000Z (StackHash: 0x41C6F2FA)."
"19-08-2026 13:24:37","1","Error","Microsoft-Windows-Security-LessPrivilegedAppContainer","Access to the a resource has been denied for a less privileged app container at ‎2026‎-‎08‎-‎19T07:54:37.717031100Z (StackHash: 0x420E937F)."
"19-08-2026 13:24:37","1","Error","Microsoft-Windows-Security-LessPrivilegedAppContainer","Access to the a resource has been denied for a less privileged app container at ‎2026‎-‎08‎-‎19T07:54:37.717027400Z (StackHash: 0x41DBD4FB)."
"19-08-2026 13:24:37","1","Error","Microsoft-Windows-Security-LessPrivilegedAppContainer","Access to the a resource has been denied for a less privileged app container at ‎2026‎-‎08‎-‎19T07:54:37.717023600Z (StackHash: 0x4201D9B0)."
"19-08-2026 13:24:37","1","Error","Microsoft-Windows-Security-LessPrivilegedAppContainer","Access to the a resource has been denied for a less privileged app container at ‎2026‎-‎08‎-‎19T07:54:37.717019900Z (StackHash: 0x41C6F2FA)."
"19-08-2026 13:24:37","1","Error","Microsoft-Windows-Security-LessPrivilegedAppContainer","Access to the a resource has been denied for a less privileged app container at ‎2026‎-‎08‎-‎19T07:54:37.717016000Z (StackHash: 0x420E937F)."
"19-08-2026 13:24:37","1","Error","Microsoft-Windows-Security-LessPrivilegedAppContainer","Access to the a resource has been denied for a less privileged app container at ‎2026‎-‎08‎-‎19T07:54:37.717012200Z (StackHash: 0x41DBD4FB)."
"19-08-2026 13:24:37","1","Error","Microsoft-Windows-Security-LessPrivilegedAppContainer","Access to the a resource has been denied for a less privileged app container at ‎2026‎-‎08‎-‎19T07:54:37.717008500Z (StackHash: 0x4201D9B0)."
"19-08-2026 13:24:37","1","Error","Microsoft-Windows-Security-LessPrivilegedAppContainer","Access to the a resource has been denied for a less privileged app container at ‎2026‎-‎08‎-‎19T07:54:37.717004800Z (StackHash: 0x41C6F2FA)."
"19-08-2026 13:24:37","1","Error","Microsoft-Windows-Security-LessPrivilegedAppContainer","Access to the a resource has been denied for a less privileged app container at ‎2026‎-‎08‎-‎19T07:54:37.717000900Z (StackHash: 0x420E937F)."
"19-08-2026 13:24:37","1","Error","Microsoft-Windows-Security-LessPrivilegedAppContainer","Access to the a resource has been denied for a less privileged app container at ‎2026‎-‎08‎-‎19T07:54:37.716997200Z (StackHash: 0x41DBD4FB)."
"19-08-2026 13:24:37","1","Error","Microsoft-Windows-Security-LessPrivilegedAppContainer","Access to the a resource has been denied for a less privileged app container at ‎2026‎-‎08‎-‎19T07:54:37.716993400Z (StackHash: 0x4201D9B0)."
"19-08-2026 13:24:37","1","Error","Microsoft-Windows-Security-LessPrivilegedAppContainer","Access to the a resource has been denied for a less privileged app container at ‎2026‎-‎08‎-‎19T07:54:37.716989700Z (StackHash: 0x41C6F2FA)."
"19-08-2026 13:24:37","1","Error","Microsoft-Windows-Security-LessPrivilegedAppContainer","Access to the a resource has been denied for a less privileged app container at ‎2026‎-‎08‎-‎19T07:54:37.716985800Z (StackHash: 0x420E937F)."
"19-08-2026 13:24:37","1","Error","Microsoft-Windows-Security-LessPrivilegedAppContainer","Access to the a resource has been denied for a less privileged app container at ‎2026‎-‎08‎-‎19T07:54:37.716982100Z (StackHash: 0x41DBD4FB)."
"19-08-2026 13:24:37","1","Error","Microsoft-Windows-Security-LessPrivilegedAppContainer","Access to the a resource has been denied for a less privileged app container at ‎2026‎-‎08‎-‎19T07:54:37.716978300Z (StackHash: 0x4201D9B0)."
"19-08-2026 13:24:37","1","Error","Microsoft-Windows-Security-LessPrivilegedAppContainer","Access to the a resource has been denied for a less privileged app container at ‎2026‎-‎08‎-‎19T07:54:37.716974400Z (StackHash: 0x41C6F2FA)."
"19-08-2026 13:24:37","1","Error","Microsoft-Windows-Security-LessPrivilegedAppContainer","Access to the a resource has been denied for a less privileged app container at ‎2026‎-‎08‎-‎19T07:54:37.716970600Z (StackHash: 0x420E937F)."
"19-08-2026 13:24:37","1","Error","Microsoft-Windows-Security-LessPrivilegedAppContainer","Access to the a resource has been denied for a less privileged app container at ‎2026‎-‎08‎-‎19T07:54:37.716966800Z (StackHash: 0x41DBD4FB)."
"19-08-2026 13:24:37","1","Error","Microsoft-Windows-Security-LessPrivilegedAppContainer","Access to the a resource has been denied for a less privileged app container at ‎2026‎-‎08‎-‎19T07:54:37.716963000Z (StackHash: 0x4201D9B0)."
"19-08-2026 13:24:37","1","Error","Microsoft-Windows-Security-LessPrivilegedAppContainer","Access to the a resource has been denied for a less privileged app container at ‎2026‎-‎08‎-‎19T07:54:37.716959300Z (StackHash: 0x41C6F2FA)."
"19-08-2026 13:24:37","1","Error","Microsoft-Windows-Security-LessPrivilegedAppContainer","Access to the a resource has been denied for a less privileged app container at ‎2026‎-‎08‎-‎19T07:54:37.716955500Z (StackHash: 0x420E937F)."
"19-08-2026 13:24:37","1","Error","Microsoft-Windows-Security-LessPrivilegedAppContainer","Access to the a resource has been denied for a less privileged app container at ‎2026‎-‎08‎-‎19T07:54:37.716951700Z (StackHash: 0x41DBD4FB)."
"19-08-2026 13:24:37","1","Error","Microsoft-Windows-Security-LessPrivilegedAppContainer","Access to the a resource has been denied for a less privileged app container at ‎2026‎-‎08‎-‎19T07:54:37.716947900Z (StackHash: 0x4201D9B0)."
"19-08-2026 13:24:37","1","Error","Microsoft-Windows-Security-LessPrivilegedAppContainer","Access to the a resource has been denied for a less privileged app container at ‎2026‎-‎08‎-‎19T07:54:37.716944200Z (StackHash: 0x41C6F2FA)."
"19-08-2026 13:24:37","1","Error","Microsoft-Windows-Security-LessPrivilegedAppContainer","Access to the a resource has been denied for a less privileged app container at ‎2026‎-‎08‎-‎19T07:54:37.716940300Z (StackHash: 0x420E937F)."
"19-08-2026 13:24:37","1","Error","Microsoft-Windows-Security-LessPrivilegedAppContainer","Access to the a resource has been denied for a less privileged app container at ‎2026‎-‎08‎-‎19T07:54:37.716936500Z (StackHash: 0x41DBD4FB)."
"19-08-2026 13:24:37","1","Error","Microsoft-Windows-Security-LessPrivilegedAppContainer","Access to the a resource has been denied for a less privileged app container at ‎2026‎-‎08‎-‎19T07:54:37.716932700Z (StackHash: 0x4201D9B0)."
"19-08-2026 13:24:37","1","Error","Microsoft-Windows-Security-LessPrivilegedAppContainer","Access to the a resource has been denied for a less privileged app container at ‎2026‎-‎08‎-‎19T07:54:37.716929000Z (StackHash: 0x41C6F2FA)."
"19-08-2026 13:24:37","1","Error","Microsoft-Windows-Security-LessPrivilegedAppContainer","Access to the a resource has been denied for a less privileged app container at ‎2026‎-‎08‎-‎19T07:54:37.716925200Z (StackHash: 0x420E937F)."
"19-08-2026 13:24:37","1","Error","Microsoft-Windows-Security-LessPrivilegedAppContainer","Access to the a resource has been denied for a less privileged app container at ‎2026‎-‎08‎-‎19T07:54:37.716921400Z (StackHash: 0x41DBD4FB)."
"19-08-2026 13:24:37","1","Error","Microsoft-Windows-Security-LessPrivilegedAppContainer","Access to the a resource has been denied for a less privileged app container at ‎2026‎-‎08‎-‎19T07:54:37.716917600Z (StackHash: 0x4201D9B0)."
"19-08-2026 13:24:37","1","Error","Microsoft-Windows-Security-LessPrivilegedAppContainer","Access to the a resource has been denied for a less privileged app container at ‎2026‎-‎08‎-‎19T07:54:37.716913800Z (StackHash: 0x41C6F2FA)."
"19-08-2026 13:24:37","1","Error","Microsoft-Windows-Security-LessPrivilegedAppContainer","Access to the a resource has been denied for a less privileged app container at ‎2026‎-‎08‎-‎19T07:54:37.716910100Z (StackHash: 0x420E937F)."
"19-08-2026 13:24:37","1","Error","Microsoft-Windows-Security-LessPrivilegedAppContainer","Access to the a resource has been denied for a less privileged app container at ‎2026‎-‎08‎-‎19T07:54:37.716906300Z (StackHash: 0x41DBD4FB)."
"19-08-2026 13:24:37","1","Error","Microsoft-Windows-Security-LessPrivilegedAppContainer","Access to the a resource has been denied for a less privileged app container at ‎2026‎-‎08‎-‎19T07:54:37.716902400Z (StackHash: 0x4201D9B0)."
"19-08-2026 13:24:37","1","Error","Microsoft-Windows-Security-LessPrivilegedAppContainer","Access to the a resource has been denied for a less privileged app container at ‎2026‎-‎08‎-‎19T07:54:37.716898800Z (StackHash: 0x41C6F2FA)."
"19-08-2026 13:24:37","1","Error","Microsoft-Windows-Security-LessPrivilegedAppContainer","Access to the a resource has been denied for a less privileged app container at ‎2026‎-‎08‎-‎19T07:54:37.716894900Z (StackHash: 0x420E937F)."
"19-08-2026 13:24:37","1","Error","Microsoft-Windows-Security-LessPrivilegedAppContainer","Access to the a resource has been denied for a less privileged app container at ‎2026‎-‎08‎-‎19T07:54:37.716891200Z (StackHash: 0x41DBD4FB)."
"19-08-2026 13:24:37","1","Error","Microsoft-Windows-Security-LessPrivilegedAppContainer","Access to the a resource has been denied for a less privileged app container at ‎2026‎-‎08‎-‎19T07:54:37.716887300Z (StackHash: 0x4201D9B0)."
"19-08-2026 13:24:37","1","Error","Microsoft-Windows-Security-LessPrivilegedAppContainer","Access to the a resource has been denied for a less privileged app container at ‎2026‎-‎08‎-‎19T07:54:37.716883600Z (StackHash: 0x41C6F2FA)."
"19-08-2026 13:24:37","1","Error","Microsoft-Windows-Security-LessPrivilegedAppContainer","Access to the a resource has been denied for a less privileged app container at ‎2026‎-‎08‎-‎19T07:54:37.716879800Z (StackHash: 0x420E937F)."
"19-08-2026 13:24:37","1","Error","Microsoft-Windows-Security-LessPrivilegedAppContainer","Access to the a resource has been denied for a less privileged app container at ‎2026‎-‎08‎-‎19T07:54:37.716876100Z (StackHash: 0x41DBD4FB)."
"19-08-2026 13:24:37","1","Error","Microsoft-Windows-Security-LessPrivilegedAppContainer","Access to the a resource has been denied for a less privileged app container at ‎2026‎-‎08‎-‎19T07:54:37.716872200Z (StackHash: 0x4201D9B0)."
"19-08-2026 13:24:37","1","Error","Microsoft-Windows-Security-LessPrivilegedAppContainer","Access to the a resource has been denied for a less privileged app container at ‎2026‎-‎08‎-‎19T07:54:37.716868500Z (StackHash: 0x41C6F2FA)."
"19-08-2026 13:24:37","1","Error","Microsoft-Windows-Security-LessPrivilegedAppContainer","Access to the a resource has been denied for a less privileged app container at ‎2026‎-‎08‎-‎19T07:54:37.716864600Z (StackHash: 0x420E937F)."
"19-08-2026 13:24:37","1","Error","Microsoft-Windows-Security-LessPrivilegedAppContainer","Access to the a resource has been denied for a less privileged app container at ‎2026‎-‎08‎-‎19T07:54:37.716860800Z (StackHash: 0x41DBD4FB)."
"19-08-2026 13:24:37","1","Error","Microsoft-Windows-Security-LessPrivilegedAppContainer","Access to the a resource has been denied for a less privileged app container at ‎2026‎-‎08‎-‎19T07:54:37.716857100Z (StackHash: 0x4201D9B0)."
"19-08-2026 13:24:37","1","Error","Microsoft-Windows-Security-LessPrivilegedAppContainer","Access to the a resource has been denied for a less privileged app container at ‎2026‎-‎08‎-‎19T07:54:37.716853400Z (StackHash: 0x41C6F2FA)."
"19-08-2026 13:24:37","1","Error","Microsoft-Windows-Security-LessPrivilegedAppContainer","Access to the a resource has been denied for a less privileged app container at ‎2026‎-‎08‎-‎19T07:54:37.716849600Z (StackHash: 0x420E937F)."
"19-08-2026 13:24:37","1","Error","Microsoft-Windows-Security-LessPrivilegedAppContainer","Access to the a resource has been denied for a less privileged app container at ‎2026‎-‎08‎-‎19T07:54:37.716845900Z (StackHash: 0x41DBD4FB)."
"19-08-2026 13:24:37","1","Error","Microsoft-Windows-Security-LessPrivilegedAppContainer","Access to the a resource has been denied for a less privileged app container at ‎2026‎-‎08‎-‎19T07:54:37.716841900Z (StackHash: 0x4201D9B0)."
"19-08-2026 13:24:37","1","Error","Microsoft-Windows-Security-LessPrivilegedAppContainer","Access to the a resource has been denied for a less privileged app container at ‎2026‎-‎08‎-‎19T07:54:37.716838300Z (StackHash: 0x41C6F2FA)."
"19-08-2026 13:24:37","1","Error","Microsoft-Windows-Security-LessPrivilegedAppContainer","Access to the a resource has been denied for a less privileged app container at ‎2026‎-‎08‎-‎19T07:54:37.716834400Z (StackHash: 0x420E937F)."
"19-08-2026 13:24:37","1","Error","Microsoft-Windows-Security-LessPrivilegedAppContainer","Access to the a resource has been denied for a less privileged app container at ‎2026‎-‎08‎-‎19T07:54:37.716830700Z (StackHash: 0x41DBD4FB)."
"19-08-2026 13:24:37","1","Error","Microsoft-Windows-Security-LessPrivilegedAppContainer","Access to the a resource has been denied for a less privileged app container at ‎2026‎-‎08‎-‎19T07:54:37.716827000Z (StackHash: 0x4201D9B0)."
"19-08-2026 13:24:37","1","Error","Microsoft-Windows-Security-LessPrivilegedAppContainer","Access to the a resource has been denied for a less privileged app container at ‎2026‎-‎08‎-‎19T07:54:37.716823300Z (StackHash: 0x41C6F2FA)."
