"29-05-2026 15:05:02","112","Information","Microsoft-Windows-DeviceSetupManager","Device container 'Realtek USB GbE Family Controller #2' ({12140715-210c-0102-0c00-004e34524b34}) has been serviced, processed 3 tasks, and wrote 35 properties in 13 ms."
"29-05-2026 15:05:02","190","Information","Microsoft-Windows-DeviceSetupManager","Property heuristics for device container 'Realtek USB GbE Family Controller #2' ({12140715-210c-0102-0c00-004e34524b34}) completed in 13 ms."
"29-05-2026 15:05:01","11","Information","Microsoft-Windows-DeviceSetupManager","DSM service is idle and waiting for stop."
"29-05-2026 15:05:01","112","Information","Microsoft-Windows-DeviceSetupManager","Device container 'Dell DA310' ({e5afc831-8d4b-5898-99c8-bc24c65ded28}) has been serviced, processed 7 tasks, and wrote 35 properties in 36 ms."
"29-05-2026 15:05:01","190","Information","Microsoft-Windows-DeviceSetupManager","Property heuristics for device container 'Dell DA310' ({e5afc831-8d4b-5898-99c8-bc24c65ded28}) completed in 10 ms."
"29-05-2026 15:05:01","190","Information","Microsoft-Windows-DeviceSetupManager","Property heuristics for device container 'Dell DA310' ({e5afc831-8d4b-5898-99c8-bc24c65ded28}) completed in 12 ms."
"29-05-2026 15:05:01","112","Information","Microsoft-Windows-DeviceSetupManager","Device container 'Dell DA310' ({e5afc831-8d4b-5898-99c8-bc24c65ded28}) has been serviced, processed 5 tasks, and wrote 44 properties in 24 ms."
"29-05-2026 15:05:01","190","Information","Microsoft-Windows-DeviceSetupManager","Property heuristics for device container 'Dell DA310' ({e5afc831-8d4b-5898-99c8-bc24c65ded28}) completed in 11 ms."
"29-05-2026 15:05:00","112","Information","Microsoft-Windows-DeviceSetupManager","Device container 'Frescologic USB3.1Gen2 HUB' ({12140715-210c-0102-0c00-004e34524b34}) has been serviced, processed 3 tasks, and wrote 35 properties in 16 ms."
"29-05-2026 15:05:00","190","Information","Microsoft-Windows-DeviceSetupManager","Property heuristics for device container 'Frescologic USB3.1Gen2 HUB' ({12140715-210c-0102-0c00-004e34524b34}) completed in 15 ms."
"29-05-2026 15:05:00","30","Information","Microsoft-Windows-DeviceSetupManager","Device container {e5afc831-8d4b-5898-99c8-bc24c65ded28} is queued for setup."
"29-05-2026 15:05:00","11","Information","Microsoft-Windows-DeviceSetupManager","DSM service is idle and waiting for stop."
"29-05-2026 15:05:00","112","Information","Microsoft-Windows-DeviceSetupManager","Device container 'Frescologic USB3.1Gen2 HUB' ({12140715-210c-0102-0c00-004e34524b34}) has been serviced, processed 6 tasks, and wrote 44 properties in 131 ms."
"29-05-2026 15:05:00","190","Information","Microsoft-Windows-DeviceSetupManager","Property heuristics for device container 'Frescologic USB3.1Gen2 HUB' ({12140715-210c-0102-0c00-004e34524b34}) completed in 14 ms."
"29-05-2026 15:05:00","30","Information","Microsoft-Windows-DeviceSetupManager","Device container {12140715-210c-0102-0c00-004e34524b34} is queued for setup."
"29-05-2026 15:05:00","100","Information","Microsoft-Windows-DeviceSetupManager","DSM service started, mode is Normal, last session (or boot) was 72337 seconds ago."
"28-05-2026 18:59:23","107","Information","Microsoft-Windows-DeviceSetupManager","DSM service has shut down."
"28-05-2026 18:59:23","101","Information","Microsoft-Windows-DeviceSetupManager","DSM Service is shutting down. Service uptime was 51 seconds, active worktime was 131 ms."
"28-05-2026 18:58:38","11","Information","Microsoft-Windows-DeviceSetupManager","DSM service is idle and waiting for stop."
"28-05-2026 18:58:38","112","Information","Microsoft-Windows-DeviceSetupManager","Device container 'Hub Feature Controller' ({00000000-0000-0000-0000-006c7259556b}) has been serviced, processed 4 tasks, and wrote 35 properties in 32 ms."
"28-05-2026 18:58:38","190","Information","Microsoft-Windows-DeviceSetupManager","Property heuristics for device container 'Hub Feature Controller' ({00000000-0000-0000-0000-006c7259556b}) completed in 29 ms."
"28-05-2026 18:58:32","11","Information","Microsoft-Windows-DeviceSetupManager","DSM service is idle and waiting for stop."
"28-05-2026 18:58:32","112","Information","Microsoft-Windows-DeviceSetupManager","Device container 'USB5806 Smart Hub' ({00000000-0000-0000-0000-006c7259556b}) has been serviced, processed 3 tasks, and wrote 44 properties in 89 ms."
"28-05-2026 18:58:31","190","Information","Microsoft-Windows-DeviceSetupManager","Property heuristics for device container 'USB5806 Smart Hub' ({00000000-0000-0000-0000-006c7259556b}) completed in 16 ms."
"28-05-2026 18:58:31","30","Information","Microsoft-Windows-DeviceSetupManager","Device container {00000000-0000-0000-0000-006c7259556b} is queued for setup."
"28-05-2026 18:58:31","100","Information","Microsoft-Windows-DeviceSetupManager","DSM service started, mode is Normal, last session (or boot) was 11726 seconds ago."
"28-05-2026 15:43:05","107","Information","Microsoft-Windows-DeviceSetupManager","DSM service has shut down."
"28-05-2026 15:43:05","101","Information","Microsoft-Windows-DeviceSetupManager","DSM Service is shutting down. Service uptime was 45 seconds, active worktime was 122 ms."
"28-05-2026 15:42:20","11","Information","Microsoft-Windows-DeviceSetupManager","DSM service is idle and waiting for stop."
"28-05-2026 15:42:20","112","Information","Microsoft-Windows-DeviceSetupManager","Device container 'USB Serial Device (COM3)' ({98759751-5a50-11f1-a272-54582d32ed0c}) has been serviced, processed 3 tasks, and wrote 35 properties in 9 ms."
"28-05-2026 15:42:20","190","Information","Microsoft-Windows-DeviceSetupManager","Property heuristics for device container 'USB Serial Device (COM3)' ({98759751-5a50-11f1-a272-54582d32ed0c}) completed in 8 ms."
"28-05-2026 15:42:20","11","Information","Microsoft-Windows-DeviceSetupManager","DSM service is idle and waiting for stop."
"28-05-2026 15:42:20","112","Information","Microsoft-Windows-DeviceSetupManager","Device container 'USB Serial Device' ({98759751-5a50-11f1-a272-54582d32ed0c}) has been serviced, processed 3 tasks, and wrote 35 properties in 9 ms."
"28-05-2026 15:42:20","190","Information","Microsoft-Windows-DeviceSetupManager","Property heuristics for device container 'USB Serial Device' ({98759751-5a50-11f1-a272-54582d32ed0c}) completed in 6 ms."
"28-05-2026 15:42:20","11","Information","Microsoft-Windows-DeviceSetupManager","DSM service is idle and waiting for stop."
"28-05-2026 15:42:20","112","Information","Microsoft-Windows-DeviceSetupManager","Device container 'USB Serial Device' ({98759751-5a50-11f1-a272-54582d32ed0c}) has been serviced, processed 3 tasks, and wrote 35 properties in 7 ms."
"28-05-2026 15:42:20","190","Information","Microsoft-Windows-DeviceSetupManager","Property heuristics for device container 'USB Serial Device' ({98759751-5a50-11f1-a272-54582d32ed0c}) completed in 5 ms."
"28-05-2026 15:42:20","11","Information","Microsoft-Windows-DeviceSetupManager","DSM service is idle and waiting for stop."
"28-05-2026 15:42:20","112","Information","Microsoft-Windows-DeviceSetupManager","Device container 'Unknown Device' ({98759751-5a50-11f1-a272-54582d32ed0c}) has been serviced, processed 3 tasks, and wrote 35 properties in 5 ms."
"28-05-2026 15:42:20","190","Information","Microsoft-Windows-DeviceSetupManager","Property heuristics for device container 'Unknown Device' ({98759751-5a50-11f1-a272-54582d32ed0c}) completed in 4 ms."
"28-05-2026 15:42:20","11","Information","Microsoft-Windows-DeviceSetupManager","DSM service is idle and waiting for stop."
"28-05-2026 15:42:20","112","Information","Microsoft-Windows-DeviceSetupManager","Device container 'Unknown Device' ({98759751-5a50-11f1-a272-54582d32ed0c}) has been serviced, processed 3 tasks, and wrote 35 properties in 88 ms."
"28-05-2026 15:42:20","190","Information","Microsoft-Windows-DeviceSetupManager","Property heuristics for device container 'Unknown Device' ({98759751-5a50-11f1-a272-54582d32ed0c}) completed in 12 ms."
"28-05-2026 15:42:20","30","Information","Microsoft-Windows-DeviceSetupManager","Device container {98759751-5a50-11f1-a272-54582d32ed0c} is queued for setup."
"28-05-2026 15:42:20","100","Information","Microsoft-Windows-DeviceSetupManager","DSM service started, mode is Normal, last session (or boot) was 2813 seconds ago."
"28-05-2026 14:55:26","107","Information","Microsoft-Windows-DeviceSetupManager","DSM service has shut down."
"28-05-2026 14:55:26","101","Information","Microsoft-Windows-DeviceSetupManager","DSM Service is shutting down. Service uptime was 45 seconds, active worktime was 62 ms."
"28-05-2026 14:54:41","11","Information","Microsoft-Windows-DeviceSetupManager","DSM service is idle and waiting for stop."
"28-05-2026 14:54:41","112","Information","Microsoft-Windows-DeviceSetupManager","Device container 'Dell U2422HE(USB Type_C)' ({1a280936-c6ed-5221-9721-f685a263cb13}) has been serviced, processed 3 tasks, and wrote 35 properties in 61 ms."
"28-05-2026 14:54:41","190","Information","Microsoft-Windows-DeviceSetupManager","Property heuristics for device container 'Dell U2422HE(USB Type_C)' ({1a280936-c6ed-5221-9721-f685a263cb13}) completed in 12 ms."
"28-05-2026 14:54:41","30","Information","Microsoft-Windows-DeviceSetupManager","Device container {1a280936-c6ed-5221-9721-f685a263cb13} is queued for setup."
"28-05-2026 14:54:41","100","Information","Microsoft-Windows-DeviceSetupManager","DSM service started, mode is Normal, last session (or boot) was 2640 seconds ago."
"28-05-2026 14:10:41","107","Information","Microsoft-Windows-DeviceSetupManager","DSM service has shut down."
"28-05-2026 14:10:41","101","Information","Microsoft-Windows-DeviceSetupManager","DSM Service is shutting down. Service uptime was 76 seconds, active worktime was 31028 ms."
"28-05-2026 14:09:56","11","Information","Microsoft-Windows-DeviceSetupManager","DSM service is idle and waiting for stop."
"28-05-2026 14:09:56","112","Information","Microsoft-Windows-DeviceSetupManager","Device container 'Hub Feature Controller' ({00000000-0000-0000-0000-005c6dd8fa1b}) has been serviced, processed 11 tasks, and wrote 35 properties in 30854 ms."
"28-05-2026 14:09:56","190","Information","Microsoft-Windows-DeviceSetupManager","Property heuristics for device container 'Hub Feature Controller' ({00000000-0000-0000-0000-005c6dd8fa1b}) completed in 32 ms."
"28-05-2026 14:09:56","127","Information","Microsoft-Windows-DeviceSetupManager","Device 'USB\VID_0424&PID_284C&MI_01\7&b6967d7&0&0001' does not match any driver updates that are not optional."
"28-05-2026 14:09:56","127","Information","Microsoft-Windows-DeviceSetupManager","Device 'HID\VID_0424&PID_284C&MI_01\8&2024ec15&0&0000' does not match any driver updates that are not optional."
"28-05-2026 14:09:56","41","Information","Microsoft-Windows-DeviceSetupManager","WU search completed."
"28-05-2026 14:09:31","112","Information","Microsoft-Windows-DeviceSetupManager","Device container 'Dell P2422HE(USB Type_C)' ({9875a84b-5a50-11f1-a272-54582d32ed0c}) has been serviced, processed 6 tasks, and wrote 44 properties in 5826 ms."
"28-05-2026 14:09:31","190","Information","Microsoft-Windows-DeviceSetupManager","Property heuristics for device container 'Dell P2422HE(USB Type_C)' ({9875a84b-5a50-11f1-a272-54582d32ed0c}) completed in 17 ms."
"28-05-2026 14:09:26","30","Information","Microsoft-Windows-DeviceSetupManager","Device container {9875a84b-5a50-11f1-a272-54582d32ed0c} is queued for setup."
"28-05-2026 14:09:25","11","Information","Microsoft-Windows-DeviceSetupManager","DSM service is idle and waiting for stop."
"28-05-2026 14:09:25","112","Information","Microsoft-Windows-DeviceSetupManager","Device container 'USB2806 Smart Hub' ({00000000-0000-0000-0000-005c6dd8fa1b}) has been serviced, processed 8 tasks, and wrote 35 properties in 116 ms."
"28-05-2026 14:09:25","190","Information","Microsoft-Windows-DeviceSetupManager","Property heuristics for device container 'USB2806 Smart Hub' ({00000000-0000-0000-0000-005c6dd8fa1b}) completed in 11 ms."
"28-05-2026 14:09:25","11","Information","Microsoft-Windows-DeviceSetupManager","DSM service is idle and waiting for stop."
"28-05-2026 14:09:25","112","Information","Microsoft-Windows-DeviceSetupManager","Device container 'USB5806 Smart Hub' ({00000000-0000-0000-0000-005c6dd8fa1b}) has been serviced, processed 2 tasks, and wrote 44 properties in 26 ms."
"28-05-2026 14:09:25","190","Information","Microsoft-Windows-DeviceSetupManager","Property heuristics for device container 'USB5806 Smart Hub' ({00000000-0000-0000-0000-005c6dd8fa1b}) completed in 20 ms."
"28-05-2026 14:09:25","30","Information","Microsoft-Windows-DeviceSetupManager","Device container {00000000-0000-0000-0000-005c6dd8fa1b} is queued for setup."
"28-05-2026 14:09:25","100","Information","Microsoft-Windows-DeviceSetupManager","DSM service started, mode is Normal, last session (or boot) was 12504 seconds ago."
"28-05-2026 10:41:00","107","Information","Microsoft-Windows-DeviceSetupManager","DSM service has shut down."
"28-05-2026 10:41:00","101","Information","Microsoft-Windows-DeviceSetupManager","DSM Service is shutting down. Service uptime was 223 seconds, active worktime was 178362 ms."
"28-05-2026 10:40:15","11","Information","Microsoft-Windows-DeviceSetupManager","DSM service is idle and waiting for stop."
"28-05-2026 10:40:15","112","Information","Microsoft-Windows-DeviceSetupManager","Device container 'Dell WH3024 Headset' ({e71cf5ff-7cee-527d-9ebc-544d6c2f24f5}) has been serviced, processed 26 tasks, and wrote 44 properties in 177213 ms."
"28-05-2026 10:40:15","112","Information","Microsoft-Windows-DeviceSetupManager","Device container 'LIND55MBVC4' ({00000000-0000-0000-ffff-ffffffffffff}) has been serviced, processed 12 tasks, and wrote 52 properties in 176944 ms."
"28-05-2026 10:40:15","190","Information","Microsoft-Windows-DeviceSetupManager","Property heuristics for device container 'LIND55MBVC4' ({00000000-0000-0000-ffff-ffffffffffff}) completed in 341 ms."
"28-05-2026 10:40:15","190","Information","Microsoft-Windows-DeviceSetupManager","Property heuristics for device container 'Dell WH3024 Headset' ({e71cf5ff-7cee-527d-9ebc-544d6c2f24f5}) completed in 28 ms."
"28-05-2026 10:40:15","190","Information","Microsoft-Windows-DeviceSetupManager","Property heuristics for device container 'Dell WH3024 Headset' ({e71cf5ff-7cee-527d-9ebc-544d6c2f24f5}) completed in 28 ms."
"28-05-2026 10:40:15","160","Information","Microsoft-Windows-DeviceSetupManager","Software DDPMSoftwareInstall_Device_component_software was installed for device 'SWD\DRIVERENUM\DPMAutoInstallDriver_Device_component&8&1fe6394f&0' in 175 ms."
"28-05-2026 10:40:15","165","Information","Microsoft-Windows-DeviceSetupManager","Software DDPMSoftwareInstall_Device_component_software is being launched with command line: '""C:\Windows\System32\DriverStore\FileRepository\ddpmsoftwareinstall_component.inf_amd64_3d39f607b80ee919\DDPMDownloader.exe"" /InstallFromDriver /RecommendedFlow /DeviceInstanceID=SWD\DRIVERENUM\DPMAutoInstallDriver_Device_component&8&1fe6394f&0'."
"28-05-2026 10:40:15","112","Information","Microsoft-Windows-DeviceSetupManager","Device container 'Unknown Device' ({98759751-5a50-11f1-a272-54582d32ed0c}) has been serviced, processed 4 tasks, and wrote 44 properties in 177933 ms."
"28-05-2026 10:40:14","127","Information","Microsoft-Windows-DeviceSetupManager","Device 'HID\VID_413C&PID_A524&MI_03&Col05\7&2893bdb8&0&0004' does not match any driver updates that are not optional."
"28-05-2026 10:40:14","190","Information","Microsoft-Windows-DeviceSetupManager","Property heuristics for device container 'Unknown Device' ({98759751-5a50-11f1-a272-54582d32ed0c}) completed in 17 ms."
"28-05-2026 10:40:14","127","Information","Microsoft-Windows-DeviceSetupManager","Device 'HID\VID_413C&PID_A524&MI_03&Col03\7&2893bdb8&0&0002' does not match any driver updates that are not optional."
"28-05-2026 10:40:14","127","Information","Microsoft-Windows-DeviceSetupManager","Device 'HID\VID_413C&PID_A524&MI_03&Col02\7&2893bdb8&0&0001' does not match any driver updates that are not optional."
"28-05-2026 10:40:14","127","Information","Microsoft-Windows-DeviceSetupManager","Device 'USB\VID_413C&PID_A524&MI_00\6&f3c4e&0&0000' does not match any driver updates that are not optional."
"28-05-2026 10:40:14","127","Information","Microsoft-Windows-DeviceSetupManager","Device 'USB\VID_413C&PID_A524&MI_03\6&f3c4e&0&0003' does not match any driver updates that are not optional."
"28-05-2026 10:40:14","127","Information","Microsoft-Windows-DeviceSetupManager","Device 'HID\VID_413C&PID_A524&MI_03&Col03\7&2893bdb8&0&0002' does not match any driver updates that are not optional."
"28-05-2026 10:40:14","127","Information","Microsoft-Windows-DeviceSetupManager","Device 'USB\VID_413C&PID_A524&MI_00\6&f3c4e&0&0000' does not match any driver updates that are not optional."
"28-05-2026 10:40:14","127","Information","Microsoft-Windows-DeviceSetupManager","Device 'USB\VID_0E8D&PID_0003\5&2dc84fba&0&2' does not match any driver updates that are not optional."
"28-05-2026 10:40:14","127","Information","Microsoft-Windows-DeviceSetupManager","Device 'HID\VID_413C&PID_A524&MI_03&Col02\7&2893bdb8&0&0001' does not match any driver updates that are not optional."
"28-05-2026 10:40:14","127","Information","Microsoft-Windows-DeviceSetupManager","Device 'USB\VID_413C&PID_A524&MI_03\6&f3c4e&0&0003' does not match any driver updates that are not optional."
"28-05-2026 10:40:14","41","Information","Microsoft-Windows-DeviceSetupManager","WU search completed."
"28-05-2026 10:40:01","41","Information","Microsoft-Windows-DeviceSetupManager","WU search completed."
"28-05-2026 10:37:25","190","Information","Microsoft-Windows-DeviceSetupManager","Property heuristics for device container 'LIND55MBVC4' ({00000000-0000-0000-ffff-ffffffffffff}) completed in 6571 ms."
"28-05-2026 10:37:18","190","Information","Microsoft-Windows-DeviceSetupManager","Property heuristics for device container 'Dell WH3024 Headset' ({e71cf5ff-7cee-527d-9ebc-544d6c2f24f5}) completed in 254 ms."
"28-05-2026 10:37:18","30","Information","Microsoft-Windows-DeviceSetupManager","Device container {00000000-0000-0000-ffff-ffffffffffff} is queued for setup."
"28-05-2026 10:37:18","30","Information","Microsoft-Windows-DeviceSetupManager","Device container {e71cf5ff-7cee-527d-9ebc-544d6c2f24f5} is queued for setup."
"28-05-2026 10:37:16","30","Information","Microsoft-Windows-DeviceSetupManager","Device container {98759751-5a50-11f1-a272-54582d32ed0c} is queued for setup."
"28-05-2026 10:37:16","100","Information","Microsoft-Windows-DeviceSetupManager","DSM service started, mode is Normal, last session (or boot) was 888 seconds ago."
"28-05-2026 10:22:28","107","Information","Microsoft-Windows-DeviceSetupManager","DSM service has shut down."
"28-05-2026 10:22:28","101","Information","Microsoft-Windows-DeviceSetupManager","DSM Service is shutting down. Service uptime was 45 seconds, active worktime was 234 ms."
"28-05-2026 10:21:43","11","Information","Microsoft-Windows-DeviceSetupManager","DSM service is idle and waiting for stop."
"28-05-2026 10:21:43","112","Information","Microsoft-Windows-DeviceSetupManager","Device container 'OneNote (Desktop)' ({056018f3-ea11-de01-11c1-516050c076bc}) has been serviced, processed 4 tasks, and wrote 44 properties in 228 ms."
"28-05-2026 10:21:42","190","Information","Microsoft-Windows-DeviceSetupManager","Property heuristics for device container 'OneNote (Desktop)' ({056018f3-ea11-de01-11c1-516050c076bc}) completed in 25 ms."
"28-05-2026 10:21:42","30","Information","Microsoft-Windows-DeviceSetupManager","Device container {056018f3-ea11-de01-11c1-516050c076bc} is queued for setup."
"28-05-2026 10:21:42","100","Information","Microsoft-Windows-DeviceSetupManager","DSM service started, mode is Normal, last session (or boot) was 140 seconds ago."
"28-05-2026 10:15:40","107","Information","Microsoft-Windows-DeviceSetupManager","DSM service has shut down."
"28-05-2026 10:15:40","101","Information","Microsoft-Windows-DeviceSetupManager","DSM Service is shutting down. Service uptime was 45 seconds, active worktime was 199 ms."
"28-05-2026 10:14:55","11","Information","Microsoft-Windows-DeviceSetupManager","DSM service is idle and waiting for stop."
"28-05-2026 10:14:55","112","Information","Microsoft-Windows-DeviceSetupManager","Device container 'TSC TE244 #2' ({2db29114-824e-9ff5-50a6-0054a5c85008}) has been serviced, processed 4 tasks, and wrote 44 properties in 194 ms."
"28-05-2026 10:14:55","190","Information","Microsoft-Windows-DeviceSetupManager","Property heuristics for device container 'TSC TE244 #2' ({2db29114-824e-9ff5-50a6-0054a5c85008}) completed in 20 ms."
"28-05-2026 10:14:55","30","Information","Microsoft-Windows-DeviceSetupManager","Device container {2db29114-824e-9ff5-50a6-0054a5c85008} is queued for setup."
"28-05-2026 10:14:55","100","Information","Microsoft-Windows-DeviceSetupManager","DSM service started, mode is Normal, last session (or boot) was 1355 seconds ago."
"28-05-2026 09:52:19","107","Information","Microsoft-Windows-DeviceSetupManager","DSM service has shut down."
"28-05-2026 09:52:19","101","Information","Microsoft-Windows-DeviceSetupManager","DSM Service is shutting down. Service uptime was 51 seconds, active worktime was 5998 ms."
"28-05-2026 09:51:34","11","Information","Microsoft-Windows-DeviceSetupManager","DSM service is idle and waiting for stop."
"28-05-2026 09:51:34","112","Information","Microsoft-Windows-DeviceSetupManager","Device container 'TSC TE244' ({66d57f75-1acf-5fa1-888e-b7e753613c0f}) has been serviced, processed 8 tasks, and wrote 44 properties in 5993 ms."
