"18-08-2026 10:49:31","2006","Information","Microsoft-Windows-Install-Agent","Updating Task Definition for : SmartRetry
Error: Unknown HResult Error code: 0xefffffff
Function: ScheduledTask::CommitChanges
Source: onecoreuap\enduser\winstore\installservice\lib\TaskHelpers.h (192)"
"18-08-2026 10:49:31","2006","Information","Microsoft-Windows-Install-Agent","Queue State: Working = 0, Pending = 0, Idle = 0  
Error: The operation completed successfully.
Function: InstallQueue2::_FindNextPendingItem
Source: onecoreuap\enduser\winstore\installservice\libqueue2\installqueue2.cpp (4735)"
"18-08-2026 10:49:31","2006","Information","Microsoft-Windows-Install-Agent","Retrying items. Items to retry = 0  
Error: The operation completed successfully.
Function: InstallQueue2::SmartRetry
Source: onecoreuap\enduser\winstore\installservice\libqueue2\installqueue2.cpp (5900)"
"18-08-2026 10:49:31","2005","Verbose","Microsoft-Windows-Install-Agent","oneSettingsconcurrentDefaultInstalls = 3, oneSettingsconcurrentMinInstalls = 3
Error: Unknown HResult Error code: 0xefffffff
Function: GetConcurrentInstallsFromOneSettings
Source: onecoreuap\enduser\winstore\installservice\lib\settings.cpp (846)"
"18-08-2026 10:49:30","2006","Information","Microsoft-Windows-Install-Agent","Calling IInstallControl::SmartRetryAsync with stableNetwork = false, and scheduledRetry = false
Error: Unknown HResult Error code: 0xefffffff
Function: CSmartRetryTaskHandler::Worker
Source: onecoreuap\enduser\winstore\installservice\tasksdll\installservicetasks.cpp (309)"
"18-08-2026 10:49:30","2006","Information","Microsoft-Windows-Install-Agent","Starting InstallService to perform SmartRetry of blocked queued items.
Error: Unknown HResult Error code: 0xefffffff
Function: CSmartRetryTaskHandler::Worker
Source: onecoreuap\enduser\winstore\installservice\tasksdll\installservicetasks.cpp (297)"
"18-08-2026 10:49:30","2006","Information","Microsoft-Windows-Install-Agent","Setting MSA Client Id for Token requests: {f0c62012-2cef-4831-b1f7-930682874c86}
Error: Unspecified error
Function: 
Source: onecoreuap\enduser\winstore\auth\lib\winstoreauth.cpp (206)"
"18-08-2026 10:49:30","2000","Information","Microsoft-Windows-Install-Agent","Process Name: C:\Windows\system32\taskhostw.exe
Module Name: C:\Windows\System32\InstallServiceTasks.dll
Build: 26100.1.amd64fre.ge_release.240331-1435, UBR: 8893
"
"18-08-2026 10:46:03","8001","Information","Microsoft-Windows-Store","Skipping license manager: PFN DellInc.DellCommandUpdate_5.7.28.0_x86__htrsf667h5kn2
Function: InvokeLicenseManagerRequired
Source: onecoreuap\enduser\winstore\licensemanager\apisethost\activationapis.cpp (373)"
"18-08-2026 10:46:03","8001","Information","Microsoft-Windows-Store","Skipping license manager: PFN DellInc.DellCommandUpdate_5.7.28.0_x86__htrsf667h5kn2
Function: InvokeLicenseManagerRequired
Source: onecoreuap\enduser\winstore\licensemanager\apisethost\activationapis.cpp (373)"
"18-08-2026 10:46:03","8001","Information","Microsoft-Windows-Store","Skipping license manager: PFN DellInc.DellCommandUpdate_5.7.28.0_x86__htrsf667h5kn2
Function: InvokeLicenseManagerRequired
Source: onecoreuap\enduser\winstore\licensemanager\apisethost\activationapis.cpp (373)"
"18-08-2026 10:46:03","8001","Information","Microsoft-Windows-Store","canDisableApps value is 1
Function: InitStoreAppsAreDisabled
Source: onecoreuap\enduser\winstore\licensemanager\apisethost\activationapis.cpp (195)"
"18-08-2026 10:46:02","8000","Information","Microsoft-Windows-Store","Process Name: C:\Windows\System32\WindowsPowerShell\v1.0\powershell.exe
Module Name: C:\Windows\SYSTEM32\licensemanagerapi.dll
Build: 26100.1.amd64fre.ge_release.240331-1435
"
"18-08-2026 10:45:42","8001","Information","Microsoft-Windows-Store","Skipping license manager: PFN Microsoft.WindowsStore_22607.1401.3.0_x64__8wekyb3d8bbwe
Function: InvokeLicenseManagerRequired
Source: onecoreuap\enduser\winstore\licensemanager\apisethost\activationapis.cpp (373)"
"18-08-2026 10:44:38","8001","Information","Microsoft-Windows-Store","Skipping license manager: PFN Microsoft.WindowsStore_22607.1401.3.0_x64__8wekyb3d8bbwe
Function: InvokeLicenseManagerRequired
Source: onecoreuap\enduser\winstore\licensemanager\apisethost\activationapis.cpp (373)"
"18-08-2026 10:44:38","8001","Information","Microsoft-Windows-Store","Skipping license manager: PFN Microsoft.WindowsStore_22607.1401.3.0_x64__8wekyb3d8bbwe
Function: InvokeLicenseManagerRequired
Source: onecoreuap\enduser\winstore\licensemanager\apisethost\activationapis.cpp (373)"
"18-08-2026 10:43:07","8001","Information","Microsoft-Windows-Store","Skipping license manager: PFN Microsoft.Todos_2.176.7601.0_x64__8wekyb3d8bbwe
Function: InvokeLicenseManagerRequired
Source: onecoreuap\enduser\winstore\licensemanager\apisethost\activationapis.cpp (373)"
"18-08-2026 10:43:07","8001","Information","Microsoft-Windows-Store","Skipping license manager: PFN Microsoft.Todos_2.176.7601.0_x64__8wekyb3d8bbwe
Function: InvokeLicenseManagerRequired
Source: onecoreuap\enduser\winstore\licensemanager\apisethost\activationapis.cpp (373)"
"18-08-2026 10:40:54","2006","Information","Microsoft-Windows-Install-Agent","request: ProductId = (vector), checkApplicability = false, CV = z80wYnsXnU6MOUK8.0
Error: Unknown HResult Error code: 0xefffffff
Function: Windows::ApplicationModel::Store::Preview::InstallControl::AppInstallManagerImpl::GetAppDataForUserAsync
Source: onecoreuap\enduser\winstore\installservice\lib\appinstallcontrol.cpp (3802)"
"18-08-2026 10:40:54","2007","Warning","Microsoft-Windows-Install-Agent","No CV passed in - generating a new one.
Error: The operation completed successfully.
Function: WindowsUpdate::CommonTelemetry::GenerateIfMissingCorrelationVector
Source: onecoreuap\enduser\winstore\installservice\libqueue2\commontelemetry.cpp (375)"
"18-08-2026 10:40:54","2006","Information","Microsoft-Windows-Install-Agent","Queue State: Working = 0, Pending = 0, Idle = 0  
Error: The operation completed successfully.
Function: InstallQueue2::_FindNextPendingItem
Source: onecoreuap\enduser\winstore\installservice\libqueue2\installqueue2.cpp (4735)"
"18-08-2026 10:40:54","2006","Information","Microsoft-Windows-Install-Agent","Item execution complete Item = 9NRZT3Q9R3DL   
Error: The operation completed successfully.
Function: InstallQueue2::NotifyCompleted
Source: onecoreuap\enduser\winstore\installservice\libqueue2\installqueue2.cpp (3713)"
"18-08-2026 10:40:54","2006","Information","Microsoft-Windows-Install-Agent","[Telemetry]: FulfillmentComplete :: ProductId = 9NRZT3Q9R3DL  PFN = Microsoft.WindowsAppRuntime.2_8wekyb3d8bbwe  CatalogId =   FailedRetry = 0  DownloadSize = 0  IsInteractive = 0  ClientAppId = Acquisition;setup-StartProductInstallWithOptionsAsync  HResult = 0  __TlgCV__ = HBsPL2QgAEyd3am4.0.3  
Error: Unknown HResult Error code: 0xefffffff
Function: LogTelemetryEvent
Source: onecoreuap\enduser\winstore\installservice\svc\logging.cpp (10)"
"18-08-2026 10:40:54","2006","Information","Microsoft-Windows-Install-Agent","[Telemetry]: StateTransition :: ProductId = 9NRZT3Q9R3DL  PFN = Microsoft.WindowsAppRuntime.2_8wekyb3d8bbwe  CatalogId =   FulfillmentPluginId = WU  PluginTelemetryData = {""OperationType"":""Acquisition"",""ClientAppId"":""Acquisition;setup-StartProductInstallWithOptionsAsync"",""ContentId"":"""",""WUContentId"":"""",""IsRemediation"":0,""CategoryId"":""23f6ac41-7701-46ef-81fe-d3bc61d011bf"",""ParentBundleId"":"""",""DownloadSize"":0,""SystemAttemptNumber"":1,""UserAttemptNumber"":0,""AttemptNumber"":1,""WorkProperties"":{""IsInteractive"":0,""CallerApplicationId"":""setup-StartProductInstallWithOptionsAsync"",""InstallForAllUsers"":1,""AllowDownloadOnAnyNetwork"":0,""ForceUseOfNonRemovableStorage"":0,""AllowForcedAppRestart"":0,""IsDiscInstall"":0,""IsRestore"":0,""Repair"":0,""StageButDoNotInstall"":0,""RequiresElevation"":0,""AutomaticallyDownloadAndInstallUpdateIfFound"":1,""AllowCachedResult"":0,""UserIdentityInfo"":"""",""VolumePath"":""""},""extendedErrorCode"":0}  PrevState = Working  NewState = Completed  PluginLastStage = 5  HResult = 0  __TlgCV__ = HBsPL2QgAEyd3am4.0.3  
Error: Unknown HResult Error code: 0xefffffff
Function: LogTelemetryEvent
Source: onecoreuap\enduser\winstore\installservice\svc\logging.cpp (10)"
"18-08-2026 10:40:54","2006","Information","Microsoft-Windows-Install-Agent","[Telemetry]: EndInstall :: _TlgCV_ = HBsPL2QgAEyd3am4.0.10  ProductId = 9NRZT3Q9R3DL  PFN = Microsoft.WindowsAppRuntime.2_8wekyb3d8bbwe  CategoryId = 23f6ac41-7701-46ef-81fe-d3bc61d011bf  UpdateId =   BundleId =   IsUpdate = false  IsRemediation = false  IsInteractive = false  IsMandatory = false  IsRestore = false  AttemptNumber = 1  SystemAttemptNumber = 1  UserAttemptNumber = 0  ClientAppId = Acquisition;setup-StartProductInstallWithOptionsAsync  ParentBundleId =   IsBundle = false  WUContentId =   AggregatedPackageFullNames =   StageDurationInMilliseconds = 1028  HResult = 0  ExtendedHResult = 0  
Error: Unknown HResult Error code: 0xefffffff
Function: LogTelemetryEvent
Source: onecoreuap\enduser\winstore\installservice\svc\logging.cpp (10)"
"18-08-2026 10:40:54","2005","Verbose","Microsoft-Windows-Install-Agent","Releasing InstallAgentPdcActivation
Error: Unknown HResult Error code: 0xefffffff
Function: UWAInstallWork::_InstallCompleted
Source: onecoreuap\enduser\winstore\installservice\lib\uwainstallwork.cpp (7753)"
"18-08-2026 10:40:54","2006","Information","Microsoft-Windows-Install-Agent","Queue State: Working = 1, Pending = 0, Idle = 0  
Error: The operation completed successfully.
Function: InstallQueue2::_FindNextPendingItem
Source: onecoreuap\enduser\winstore\installservice\libqueue2\installqueue2.cpp (4735)"
"18-08-2026 10:40:54","2005","Verbose","Microsoft-Windows-Install-Agent","UWAInstallWork::OnProgress Updating InstallAgentPdcActivation
Error: Unknown HResult Error code: 0xefffffff
Function: UWAInstallWork::OnProgress
Source: onecoreuap\enduser\winstore\installservice\lib\uwainstallwork.cpp (1285)"
"18-08-2026 10:40:54","2006","Information","Microsoft-Windows-Install-Agent","Queue State: Working = 1, Pending = 0, Idle = 0  
Error: The operation completed successfully.
Function: InstallQueue2::_FindNextPendingItem
Source: onecoreuap\enduser\winstore\installservice\libqueue2\installqueue2.cpp (4735)"
"18-08-2026 10:40:54","2005","Verbose","Microsoft-Windows-Install-Agent","UWAInstallWork::OnProgress Updating InstallAgentPdcActivation
Error: Unknown HResult Error code: 0xefffffff
Function: UWAInstallWork::OnProgress
Source: onecoreuap\enduser\winstore\installservice\lib\uwainstallwork.cpp (1285)"
"18-08-2026 10:40:53","2006","Information","Microsoft-Windows-Install-Agent","Queue State: Working = 1, Pending = 0, Idle = 0  
Error: The operation completed successfully.
Function: InstallQueue2::_FindNextPendingItem
Source: onecoreuap\enduser\winstore\installservice\libqueue2\installqueue2.cpp (4735)"
"18-08-2026 10:40:53","2006","Information","Microsoft-Windows-Install-Agent","[Telemetry]: BeginInstall :: _TlgCV_ = HBsPL2QgAEyd3am4.0.10  ProductId = 9NRZT3Q9R3DL  PFN = Microsoft.WindowsAppRuntime.2_8wekyb3d8bbwe  CategoryId = 23f6ac41-7701-46ef-81fe-d3bc61d011bf  BundleId =   IsUpdate = false  IsRemediation = false  IsInteractive = false  IsMandatory = false  IsRestore = false  AttemptNumber = 1  SystemAttemptNumber = 1  UserAttemptNumber = 0  ClientAppId = Acquisition;setup-StartProductInstallWithOptionsAsync  ParentBundleId =   IsBundle = false  WUContentId =   AggregatedPackageFullNames =   
Error: Unknown HResult Error code: 0xefffffff
Function: LogTelemetryEvent
Source: onecoreuap\enduser\winstore\installservice\svc\logging.cpp (10)"
"18-08-2026 10:40:53","2006","Information","Microsoft-Windows-Install-Agent","Progress Update: Item = 9NRZT3Q9R3DL  Progress Stage = Installing, Completed = 0, Total = 0, Total = 90   
Error: The operation completed successfully.
Function: InstallQueue2::NotifyWorkProgress
Source: onecoreuap\enduser\winstore\installservice\libqueue2\installqueue2.cpp (4055)"
"18-08-2026 10:40:53","2006","Information","Microsoft-Windows-Install-Agent","Stage User Data for Remediation or Restore scenario
Error: Unknown HResult Error code: 0xefffffff
Function: UWAInstallWork::_DoNormalInstall
Source: onecoreuap\enduser\winstore\installservice\lib\uwainstallwork.cpp (3227)"
"18-08-2026 10:40:53","2006","Information","Microsoft-Windows-Install-Agent","[Telemetry]: EndDownload :: _TlgCV_ = HBsPL2QgAEyd3am4.0.5  ProductId = 9NRZT3Q9R3DL  PFN = Microsoft.WindowsAppRuntime.2_8wekyb3d8bbwe  CategoryId = 23f6ac41-7701-46ef-81fe-d3bc61d011bf  UpdateId =   BundleId =   IsUpdate = false  IsRemediation = false  IsInteractive = false  IsMandatory = false  IsRestore = false  AttemptNumber = 1  SystemAttemptNumber = 1  UserAttemptNumber = 0  ClientAppId = Acquisition;setup-StartProductInstallWithOptionsAsync;;AllContent  DownloadSize = 0  ParentBundleId =   IsBundle = false  WUContentId =   AggregatedPackageFullNames =   StageDurationInMilliseconds = 29466  HResult = 0  ExtendedHResult = 0  
Error: Unknown HResult Error code: 0xefffffff
Function: LogTelemetryEvent
Source: onecoreuap\enduser\winstore\installservice\svc\logging.cpp (10)"
"18-08-2026 10:40:53","2006","Information","Microsoft-Windows-Install-Agent","Queue State: Working = 1, Pending = 0, Idle = 0  
Error: The operation completed successfully.
Function: InstallQueue2::_FindNextPendingItem
Source: onecoreuap\enduser\winstore\installservice\libqueue2\installqueue2.cpp (4735)"
"18-08-2026 10:40:53","2006","Information","Microsoft-Windows-Install-Agent","Progress Update: Item = 9NRZT3Q9R3DL  Progress Stage = DownloadingProduct, Completed = 0, Total = 0, Total = 90   
Error: The operation completed successfully.
Function: InstallQueue2::NotifyWorkProgress
Source: onecoreuap\enduser\winstore\installservice\libqueue2\installqueue2.cpp (4055)"
"18-08-2026 10:40:53","2006","Information","Microsoft-Windows-Install-Agent","[Telemetry]: InstallQueueHeartbeat :: ProductId = 9NRZT3Q9R3DL  PFN = Microsoft.WindowsAppRuntime.2_8wekyb3d8bbwe  DownloadSize = 0  IsInteractive = 0  PreviousPercentDownloaded = 0  CurrentPercentDownloaded = 90  BytesDownloadedSinceLastProgress = 18446744073709485056  TimeSinceLastProgressReported = 625  ConcurrentWorkingItems = 1  __TlgCV__ = /8vdami7NUG7H/wN.2  
Error: Unknown HResult Error code: 0xefffffff
Function: LogTelemetryEvent
Source: onecoreuap\enduser\winstore\installservice\svc\logging.cpp (10)"
"18-08-2026 10:40:53","2005","Verbose","Microsoft-Windows-Install-Agent","UWAInstallWork::OnProgress Updating InstallAgentPdcActivation
Error: Unknown HResult Error code: 0xefffffff
Function: UWAInstallWork::OnProgress
Source: onecoreuap\enduser\winstore\installservice\lib\uwainstallwork.cpp (1285)"
"18-08-2026 10:40:53","2006","Information","Microsoft-Windows-Install-Agent","[Telemetry]: DownloadProgressHeartbeat :: _TlgCV_ = HBsPL2QgAEyd3am4.0.9  ClientAppId = Acquisition;setup-StartProductInstallWithOptionsAsync  ProductId = 9NRZT3Q9R3DL  PFN = Microsoft.WindowsAppRuntime.2_8wekyb3d8bbwe  DownloadSize = 0  IsInteractive = false  IsInstall = true  PreviousPercentDownloaded = 0  CurrentPercentDownloaded = 90  PreviousTotalBytesDownloaded = 0  CurrentTotalBytesDownloaded = 0  timeSinceLastProgressReported = 625  
Error: Unknown HResult Error code: 0xefffffff
Function: LogTelemetryEvent
Source: onecoreuap\enduser\winstore\installservice\svc\logging.cpp (10)"
"18-08-2026 10:40:53","2008","Error","Microsoft-Windows-Install-Agent","Assert (cbTotal.Lo64 > 0): Download is complete, but no bytes have been downloaded!
Error: Unknown HResult Error code: 0xefffffff
Function: WUProgressBase<struct IDownloadProgressChangedCallback,struct IDownloadCompletedCallback,struct IDownloadJob,struct IDownloadProgress,struct IDownloadProgressChangedCallbackArgs,struct IDownloadCompletedCallbackArgs,struct IUpdateDownloadResult>::Invoke
Source: onecoreuap\enduser\winstore\installservice\lib\progress.h (165)"
"18-08-2026 10:40:53","2008","Error","Microsoft-Windows-Install-Agent","Assert (0): Received Completed Callback (for download), and Streaming Type has not been determined!
Error: Unknown HResult Error code: 0xefffffff
Function: WUProgressBase<struct IDownloadProgressChangedCallback,struct IDownloadCompletedCallback,struct IDownloadJob,struct IDownloadProgress,struct IDownloadProgressChangedCallbackArgs,struct IDownloadCompletedCallbackArgs,struct IUpdateDownloadResult>::Invoke
Source: onecoreuap\enduser\winstore\installservice\lib\progress.h (149)"
"18-08-2026 10:40:53","2006","Information","Microsoft-Windows-Install-Agent","Queue State: Working = 1, Pending = 0, Idle = 0  
Error: The operation completed successfully.
Function: InstallQueue2::_FindNextPendingItem
Source: onecoreuap\enduser\winstore\installservice\libqueue2\installqueue2.cpp (4735)"
"18-08-2026 10:40:53","2006","Information","Microsoft-Windows-Install-Agent","[Telemetry]: InstallQueueHeartbeat :: ProductId = 9NRZT3Q9R3DL  PFN = Microsoft.WindowsAppRuntime.2_8wekyb3d8bbwe  DownloadSize = 0  IsInteractive = 0  PreviousPercentDownloaded = 0  CurrentPercentDownloaded = 0  BytesDownloadedSinceLastProgress = 18446744073709485056  TimeSinceLastProgressReported = 390  ConcurrentWorkingItems = 1  __TlgCV__ = /8vdami7NUG7H/wN.2  
Error: Unknown HResult Error code: 0xefffffff
Function: LogTelemetryEvent
Source: onecoreuap\enduser\winstore\installservice\svc\logging.cpp (10)"
"18-08-2026 10:40:53","2005","Verbose","Microsoft-Windows-Install-Agent","UWAInstallWork::OnProgress Updating InstallAgentPdcActivation
Error: Unknown HResult Error code: 0xefffffff
Function: UWAInstallWork::OnProgress
Source: onecoreuap\enduser\winstore\installservice\lib\uwainstallwork.cpp (1285)"
"18-08-2026 10:40:52","2006","Information","Microsoft-Windows-Install-Agent","Queue State: Working = 1, Pending = 0, Idle = 0  
Error: The operation completed successfully.
Function: InstallQueue2::_FindNextPendingItem
Source: onecoreuap\enduser\winstore\installservice\libqueue2\installqueue2.cpp (4735)"
"18-08-2026 10:40:52","2006","Information","Microsoft-Windows-Install-Agent","[Telemetry]: InstallQueueHeartbeat :: ProductId = 9NRZT3Q9R3DL  PFN = Microsoft.WindowsAppRuntime.2_8wekyb3d8bbwe  DownloadSize = 0  IsInteractive = 0  PreviousPercentDownloaded = 0  CurrentPercentDownloaded = 0  BytesDownloadedSinceLastProgress = 66560  TimeSinceLastProgressReported = 743  ConcurrentWorkingItems = 1  __TlgCV__ = /8vdami7NUG7H/wN.2  
Error: Unknown HResult Error code: 0xefffffff
Function: LogTelemetryEvent
Source: onecoreuap\enduser\winstore\installservice\svc\logging.cpp (10)"
"18-08-2026 10:40:52","2005","Verbose","Microsoft-Windows-Install-Agent","UWAInstallWork::OnProgress Updating InstallAgentPdcActivation
Error: Unknown HResult Error code: 0xefffffff
Function: UWAInstallWork::OnProgress
Source: onecoreuap\enduser\winstore\installservice\lib\uwainstallwork.cpp (1285)"
"18-08-2026 10:40:52","2006","Information","Microsoft-Windows-Install-Agent","Queue State: Working = 1, Pending = 0, Idle = 0  
Error: The operation completed successfully.
Function: InstallQueue2::_FindNextPendingItem
Source: onecoreuap\enduser\winstore\installservice\libqueue2\installqueue2.cpp (4735)"
"18-08-2026 10:40:52","2006","Information","Microsoft-Windows-Install-Agent","[Telemetry]: InstallQueueHeartbeat :: ProductId = 9NRZT3Q9R3DL  PFN = Microsoft.WindowsAppRuntime.2_8wekyb3d8bbwe  DownloadSize = 0  IsInteractive = 0  PreviousPercentDownloaded = 0  CurrentPercentDownloaded = 0  BytesDownloadedSinceLastProgress = 66560  TimeSinceLastProgressReported = 27705  ConcurrentWorkingItems = 1  __TlgCV__ = /8vdami7NUG7H/wN.2  
Error: Unknown HResult Error code: 0xefffffff
Function: LogTelemetryEvent
Source: onecoreuap\enduser\winstore\installservice\svc\logging.cpp (10)"
"18-08-2026 10:40:52","2005","Verbose","Microsoft-Windows-Install-Agent","UWAInstallWork::OnProgress Updating InstallAgentPdcActivation
Error: Unknown HResult Error code: 0xefffffff
Function: UWAInstallWork::OnProgress
Source: onecoreuap\enduser\winstore\installservice\lib\uwainstallwork.cpp (1285)"
"18-08-2026 10:40:52","2006","Information","Microsoft-Windows-Install-Agent","[Telemetry]: DownloadProgressHeartbeat :: _TlgCV_ = HBsPL2QgAEyd3am4.0.6  ClientAppId = Acquisition;setup-StartProductInstallWithOptionsAsync  ProductId = 9NRZT3Q9R3DL  PFN = Microsoft.WindowsAppRuntime.2_8wekyb3d8bbwe  DownloadSize = 0  IsInteractive = false  IsInstall = true  PreviousPercentDownloaded = 0  CurrentPercentDownloaded = 0  PreviousTotalBytesDownloaded = 66560  CurrentTotalBytesDownloaded = 66560  timeSinceLastProgressReported = 728918  
Error: Unknown HResult Error code: 0xefffffff
Function: LogTelemetryEvent
Source: onecoreuap\enduser\winstore\installservice\svc\logging.cpp (10)"
"18-08-2026 10:40:24","2006","Information","Microsoft-Windows-Install-Agent","Queue State: Working = 1, Pending = 0, Idle = 0  
Error: The operation completed successfully.
Function: InstallQueue2::_FindNextPendingItem
Source: onecoreuap\enduser\winstore\installservice\libqueue2\installqueue2.cpp (4735)"
"18-08-2026 10:40:24","2005","Verbose","Microsoft-Windows-Install-Agent","Created task progress for Microsoft.WindowsAppRuntime.2_8wekyb3d8bbwe with parentbundleId 
Error: Unknown HResult Error code: 0xefffffff
Function: UWAInstallWork::_DoDownload
Source: onecoreuap\enduser\winstore\installservice\lib\uwainstallwork.cpp (5487)"
"18-08-2026 10:40:24","2006","Information","Microsoft-Windows-Install-Agent","[Telemetry]: BeginDownload :: _TlgCV_ = HBsPL2QgAEyd3am4.0.5  ProductId = 9NRZT3Q9R3DL  PFN = Microsoft.WindowsAppRuntime.2_8wekyb3d8bbwe  CategoryId = 23f6ac41-7701-46ef-81fe-d3bc61d011bf  BundleId =   IsUpdate = false  IsRemediation = false  IsInteractive = false  IsMandatory = false  IsRestore = false  AttemptNumber = 1  SystemAttemptNumber = 1  UserAttemptNumber = 0  ClientAppId = Acquisition;setup-StartProductInstallWithOptionsAsync  ParentBundleId =   IsBundle = false  WUContentId =   AggregatedPackageFullNames =   
Error: Unknown HResult Error code: 0xefffffff
Function: LogTelemetryEvent
Source: onecoreuap\enduser\winstore\installservice\svc\logging.cpp (10)"
"18-08-2026 10:40:24","2006","Information","Microsoft-Windows-Install-Agent","Queue State: Working = 1, Pending = 0, Idle = 0  
Error: The operation completed successfully.
Function: InstallQueue2::_FindNextPendingItem
Source: onecoreuap\enduser\winstore\installservice\libqueue2\installqueue2.cpp (4735)"
"18-08-2026 10:40:24","2006","Information","Microsoft-Windows-Install-Agent","Progress Update: Item = 9NRZT3Q9R3DL  Progress Stage = DownloadingProduct, Completed = 0, Total = 0, Total = 0   
Error: The operation completed successfully.
Function: InstallQueue2::NotifyWorkProgress
Source: onecoreuap\enduser\winstore\installservice\libqueue2\installqueue2.cpp (4055)"
"18-08-2026 10:40:24","2006","Information","Microsoft-Windows-Install-Agent","[Telemetry]: InstallQueueHeartbeat :: ProductId = 9NRZT3Q9R3DL  PFN = Microsoft.WindowsAppRuntime.2_8wekyb3d8bbwe  DownloadSize = 0  IsInteractive = 0  PreviousPercentDownloaded = 0  CurrentPercentDownloaded = 0  BytesDownloadedSinceLastProgress = 0  TimeSinceLastProgressReported = 10414  ConcurrentWorkingItems = 1  __TlgCV__ = /8vdami7NUG7H/wN.2  
Error: Unknown HResult Error code: 0xefffffff
Function: LogTelemetryEvent
Source: onecoreuap\enduser\winstore\installservice\svc\logging.cpp (10)"
"18-08-2026 10:40:24","2006","Information","Microsoft-Windows-Install-Agent","Queue State: Working = 1, Pending = 0, Idle = 0  
Error: The operation completed successfully.
Function: InstallQueue2::_FindNextPendingItem
Source: onecoreuap\enduser\winstore\installservice\libqueue2\installqueue2.cpp (4735)"
"18-08-2026 10:40:24","2006","Information","Microsoft-Windows-Install-Agent","Progress Update: Item = 9NRZT3Q9R3DL  Progress Stage = AcquiringLicense, Completed = 0, Total = 0, Total = -1   
Error: The operation completed successfully.
Function: InstallQueue2::NotifyWorkProgress
Source: onecoreuap\enduser\winstore\installservice\libqueue2\installqueue2.cpp (4055)"
"18-08-2026 10:40:24","2006","Information","Microsoft-Windows-Install-Agent","[Telemetry]: EndSearchUpdatePackages :: _TlgCV_ = HBsPL2QgAEyd3am4.0.4  ProductId = 9NRZT3Q9R3DL  PFN = Microsoft.WindowsAppRuntime.2_8wekyb3d8bbwe  CategoryId = 23f6ac41-7701-46ef-81fe-d3bc61d011bf  UpdateId =   BundleId =   IsUpdate = false  IsRemediation = false  IsInteractive = false  IsMandatory = false  IsRestore = false  AttemptNumber = 1  SystemAttemptNumber = 1  UserAttemptNumber = 0  ClientAppId = Acquisition;setup-StartProductInstallWithOptionsAsync  ParentBundleId =   IsBundle = false  WUContentId =   AggregatedPackageFullNames =   StageDurationInMilliseconds = 10346  HResult = 0  
Error: Unknown HResult Error code: 0xefffffff
Function: LogTelemetryEvent
Source: onecoreuap\enduser\winstore\installservice\svc\logging.cpp (10)"
"18-08-2026 10:40:24","2008","Error","Microsoft-Windows-Install-Agent","(null)
Error: Unspecified error
Function: UWAInstallWork::_DoScan
Source: onecoreuap\enduser\winstore\installservice\lib\uwainstallwork.cpp (3718)"
"18-08-2026 10:40:24","2006","Information","Microsoft-Windows-Install-Agent","WU scan found 2 packages
Error: Unknown HResult Error code: 0xefffffff
Function: _PackagesFromSearchResult
Source: onecoreuap\enduser\winstore\installservice\lib\wuhelpers.cpp (157)"
"18-08-2026 10:40:14","2006","Information","Microsoft-Windows-Install-Agent","WU query: ""IsInstalled=0 AND AppCategoryIDs contains '23f6ac41-7701-46ef-81fe-d3bc61d011bf'""
Error: Unknown HResult Error code: 0xefffffff
Function: SearchUpdatePackages
Source: onecoreuap\enduser\winstore\installservice\lib\wuhelpers.cpp (359)"
"18-08-2026 10:40:14","2006","Information","Microsoft-Windows-Install-Agent","UUS Version = 1508.2606.17012.0
Error: Unknown HResult Error code: 0xefffffff
Function: SearchUpdatePackages
Source: onecoreuap\enduser\winstore\installservice\lib\wuhelpers.cpp (286)"
"18-08-2026 10:40:14","2006","Information","Microsoft-Windows-Install-Agent","AppId = 23f6ac41-7701-46ef-81fe-d3bc61d011bf, WU Installed Flag = 0, OnlineSearch = 1, Interactive = 0, Scope = 4, Client ID = Acquisition;setup-StartProductInstallWithOptionsAsync
Error: Unknown HResult Error code: 0xefffffff
Function: SearchUpdatePackages
Source: onecoreuap\enduser\winstore\installservice\lib\wuhelpers.cpp (280)"
"18-08-2026 10:40:14","2006","Information","Microsoft-Windows-Install-Agent","[Telemetry]: BeginSearchUpdatePackages :: _TlgCV_ = HBsPL2QgAEyd3am4.0.4  ProductId = 9NRZT3Q9R3DL  PFN = Microsoft.WindowsAppRuntime.2_8wekyb3d8bbwe  CategoryId = 23f6ac41-7701-46ef-81fe-d3bc61d011bf  BundleId =   IsUpdate = false  IsRemediation = false  IsInteractive = false  IsMandatory = false  IsRestore = false  AttemptNumber = 1  SystemAttemptNumber = 1  UserAttemptNumber = 0  ClientAppId = Acquisition;setup-StartProductInstallWithOptionsAsync  ParentBundleId =   IsBundle = false  WUContentId =   
Error: Unknown HResult Error code: 0xefffffff
Function: LogTelemetryEvent
Source: onecoreuap\enduser\winstore\installservice\svc\logging.cpp (10)"
"18-08-2026 10:40:14","2006","Information","Microsoft-Windows-Install-Agent","Queue State: Working = 1, Pending = 0, Idle = 0  
Error: The operation completed successfully.
Function: InstallQueue2::_FindNextPendingItem
Source: onecoreuap\enduser\winstore\installservice\libqueue2\installqueue2.cpp (4735)"
"18-08-2026 10:40:13","2006","Information","Microsoft-Windows-Install-Agent","request: ProductId = (vector), checkApplicability = false, CV = 19YClUAzDE6xMfYV.0
Error: Unknown HResult Error code: 0xefffffff
Function: Windows::ApplicationModel::Store::Preview::InstallControl::AppInstallManagerImpl::GetAppDataForUserAsync
Source: onecoreuap\enduser\winstore\installservice\lib\appinstallcontrol.cpp (3802)"
"18-08-2026 10:40:13","2007","Warning","Microsoft-Windows-Install-Agent","No CV passed in - generating a new one.
Error: The operation completed successfully.
Function: WindowsUpdate::CommonTelemetry::GenerateIfMissingCorrelationVector
Source: onecoreuap\enduser\winstore\installservice\libqueue2\commontelemetry.cpp (375)"
"18-08-2026 10:40:13","2006","Information","Microsoft-Windows-Install-Agent","Queue State: Working = 1, Pending = 0, Idle = 0  
Error: The operation completed successfully.
Function: InstallQueue2::_FindNextPendingItem
Source: onecoreuap\enduser\winstore\installservice\libqueue2\installqueue2.cpp (4735)"
"18-08-2026 10:40:13","2006","Information","Microsoft-Windows-Install-Agent","Progress Update: Item = 9NRZT3Q9R3DL  Progress Stage = Scanning, Completed = 0, Total = 0, Total = -1   
Error: The operation completed successfully.
Function: InstallQueue2::NotifyWorkProgress
Source: onecoreuap\enduser\winstore\installservice\libqueue2\installqueue2.cpp (4055)"
"18-08-2026 10:40:13","2006","Information","Microsoft-Windows-Install-Agent","Install Starting. Client Sid: S-1-5-18, User Sid: S-1-5-18
Error: Unknown HResult Error code: 0xefffffff
Function: UWAInstallWork::_DoNormalInstall
Source: onecoreuap\enduser\winstore\installservice\lib\uwainstallwork.cpp (3141)"
"18-08-2026 10:40:13","2006","Information","Microsoft-Windows-Install-Agent","DirectDownloadState determined: Disabled (InstallForAllUsers flag is set and is not supported for direct workflow)
Error: Unknown HResult Error code: 0xefffffff
Function: UWAInstallWork::_GetDirectDownloadState
Source: onecoreuap\enduser\winstore\installservice\lib\uwainstallwork.cpp (8163)"
"18-08-2026 10:40:13","2006","Information","Microsoft-Windows-Install-Agent","Starting UWA Install Work
Error: Unknown HResult Error code: 0xefffffff
Function: UWAInstallWork::DoWork
Source: onecoreuap\enduser\winstore\installservice\lib\uwainstallwork.cpp (2013)"
"18-08-2026 10:40:13","2006","Information","Microsoft-Windows-Install-Agent","Raising State Change for Item = , InstallState = 0  
Error: The operation completed successfully.
Function: InstallQueue2::FlushEventQueue
Source: onecoreuap\enduser\winstore\installservice\libqueue2\installqueue2.cpp (3512)"
"18-08-2026 10:40:13","2006","Information","Microsoft-Windows-Install-Agent","Queue State: Working = 1, Pending = 0, Idle = 0  
Error: The operation completed successfully.
Function: InstallQueue2::_FindNextPendingItem
Source: onecoreuap\enduser\winstore\installservice\libqueue2\installqueue2.cpp (4735)"
"18-08-2026 10:40:13","2006","Information","Microsoft-Windows-Install-Agent","[End] SwitchState  Item = 9NRZT3Q9R3DL  StateTransition = Pending -> Working  
Error: The operation completed successfully.
Function: InstallQueue2::_SwitchState
Source: onecoreuap\enduser\winstore\installservice\libqueue2\installqueue2.cpp (4886)"
"18-08-2026 10:40:13","2006","Information","Microsoft-Windows-Install-Agent","[Telemetry]: StateTransition :: ProductId = 9NRZT3Q9R3DL  PFN = Microsoft.WindowsAppRuntime.2_8wekyb3d8bbwe  CatalogId =   FulfillmentPluginId = WU  PluginTelemetryData = {""WorkProperties"":{""IsInteractive"":0,""CallerApplicationId"":""setup-StartProductInstallWithOptionsAsync"",""InstallForAllUsers"":1,""AllowDownloadOnAnyNetwork"":0,""ForceUseOfNonRemovableStorage"":0,""AllowForcedAppRestart"":0,""IsDiscInstall"":0,""IsRestore"":0,""Repair"":0,""StageButDoNotInstall"":0,""RequiresElevation"":0,""AutomaticallyDownloadAndInstallUpdateIfFound"":1,""AllowCachedResult"":0,""UserIdentityInfo"":"""",""VolumePath"":""""},""extendedErrorCode"":0}  PrevState = Pending  NewState = Working  PluginLastStage = 0  HResult = 0  __TlgCV__ = HBsPL2QgAEyd3am4.0.3  
Error: Unknown HResult Error code: 0xefffffff
Function: LogTelemetryEvent
Source: onecoreuap\enduser\winstore\installservice\svc\logging.cpp (10)"
"18-08-2026 10:40:13","2006","Information","Microsoft-Windows-Install-Agent","[Start] SwitchState  Item = 9NRZT3Q9R3DL  StateTransition = Pending -> Working  
Error: The operation completed successfully.
Function: InstallQueue2::_SwitchState
Source: onecoreuap\enduser\winstore\installservice\libqueue2\installqueue2.cpp (4886)"
"18-08-2026 10:40:13","2006","Information","Microsoft-Windows-Install-Agent","Queue State: Working = 0, Pending = 1, Idle = 0  
Error: The operation completed successfully.
Function: InstallQueue2::_FindNextPendingItem
Source: onecoreuap\enduser\winstore\installservice\libqueue2\installqueue2.cpp (4735)"
"18-08-2026 10:40:13","2006","Information","Microsoft-Windows-Install-Agent","[Telemetry]: FulfillmentInitiate :: ProductId = 9NRZT3Q9R3DL  PFN = Microsoft.WindowsAppRuntime.2_8wekyb3d8bbwe  InstalledPFuN = (null)  CatalogId =   FulfillmentPluginId = WU  PluginTelemetryData =   PluginWorkCreationHr = 0  ClientAppId = Acquisition;setup-StartProductInstallWithOptionsAsync  QueueItemsTotal = 1  QueueItemsWorking = 0  QueueItemsPending = 1  QueueItemsIdle = 0  QueueOpenSlots = 3  __TlgCV__ = HBsPL2QgAEyd3am4.0.3  
Error: Unknown HResult Error code: 0xefffffff
Function: LogTelemetryEvent
Source: onecoreuap\enduser\winstore\installservice\svc\logging.cpp (10)"
"18-08-2026 10:40:13","2006","Information","Microsoft-Windows-Install-Agent","Raising State Change for Item = , InstallState = 0  
Error: The operation completed successfully.
Function: InstallQueue2::FlushEventQueue
Source: onecoreuap\enduser\winstore\installservice\libqueue2\installqueue2.cpp (3512)"
"18-08-2026 10:40:13","2006","Information","Microsoft-Windows-Install-Agent","Received checkpoint data updateItem = 9NRZT3Q9R3DL   
Error: The operation completed successfully.
Function: InstallQueue2::NotifyCheckpointChanged
Source: onecoreuap\enduser\winstore\installservice\libqueue2\installqueue2.cpp (3567)"
"18-08-2026 10:40:13","2006","Information","Microsoft-Windows-Install-Agent","[End] Item inserted into the queue. Attempting to create progresstrackersItem = 9NRZT3Q9R3DL  
Error: The operation completed successfully.
Function: InstallQueue2::_EnqueueWork
Source: onecoreuap\enduser\winstore\installservice\libqueue2\installqueue2.cpp (2300)"
"18-08-2026 10:40:13","2006","Information","Microsoft-Windows-Install-Agent","[Start] Item inserted into the queue. Attempting to create progresstrackersItem = 9NRZT3Q9R3DL  
Error: The operation completed successfully.
Function: InstallQueue2::_EnqueueWork
Source: onecoreuap\enduser\winstore\installservice\libqueue2\installqueue2.cpp (2300)"
"18-08-2026 10:40:13","2006","Information","Microsoft-Windows-Install-Agent","[End] Creating Queue Item for the workCatalogId = PackageFamilyName:Microsoft.WindowsAppRuntime.2_8wekyb3d8bbwe  
Error: The operation completed successfully.
Function: InstallQueue2::_EnqueueWork
Source: onecoreuap\enduser\winstore\installservice\libqueue2\installqueue2.cpp (2209)"
"18-08-2026 10:40:13","2006","Information","Microsoft-Windows-Install-Agent","[Start] Creating Queue Item for the workCatalogId = PackageFamilyName:Microsoft.WindowsAppRuntime.2_8wekyb3d8bbwe  
Error: The operation completed successfully.
Function: InstallQueue2::_EnqueueWork
Source: onecoreuap\enduser\winstore\installservice\libqueue2\installqueue2.cpp (2209)"
"18-08-2026 10:40:13","2006","Information","Microsoft-Windows-Install-Agent","[End] Plugin available, Creating Work for Catalog Item UserSID = S-1-5-18  CatalogId = StoreId:9NRZT3Q9R3DL  properties = {""UserIdentityInfo"":"""",""VolumePath"":"""",""CallerApplicationId"":""setup-StartProductInstallWithOptionsAsync"",""IsInteractive"":false,""AllowDownloadOnAnyNetwork"":false,""Repair"":false,""AllowForcedAppRestart"":false,""ForceUseOfNonRemovableStorage"":false,""InstallForAllUsers"":true,""StageButDoNotInstall"":false,""CatalogId"":"""",""RequiresElevation"":false,""LaunchAfterInstall"":false,""ParentBundleId"":""""}  
Error: The operation completed successfully.
Function: InstallQueue2::CreateWorkForCatalogItem
Source: onecoreuap\enduser\winstore\installservice\libqueue2\installqueue2.cpp (1696)"
"18-08-2026 10:40:13","2006","Information","Microsoft-Windows-Install-Agent","[End] Creating UWA Work FulfillmentData = {""ProductId"":""9NRZT3Q9R3DL"",""WuBundleId"":""3d8652ea-6aa8-4b54-af49-27591858b754"",""WuCategoryId"":""23f6ac41-7701-46ef-81fe-d3bc61d011bf"",""PackageFamilyName"":""Microsoft.WindowsAppRuntime.2_8wekyb3d8bbwe"",""SkuId"":""0010"",""Content"":null,""PackageFeatures"":null,""PackageRankId"":""100"",""PackageFullNameId"":""Microsoft.WindowsAppRuntime.2_2.4.0.0_x64__8wekyb3d8bbwe"",""ParentBundleId"":""""}  
Error: The operation completed successfully.
Function: UWAInstallServiceWorkItem::UWAInstallServiceWorkItem
Source: onecoreuap\enduser\winstore\installservice\libqueue2\uwainstallworkbridge.cpp (312)"
"18-08-2026 10:40:13","2005","Verbose","Microsoft-Windows-Install-Agent","Processing fulfillment data: PackageRank=100, PackageFullName=Microsoft.WindowsAppRuntime.2_2.4.0.0_x64__8wekyb3d8bbwe
Error: Unknown HResult Error code: 0xefffffff
Function: UWAInstallWork::UWAInstallWork
Source: onecoreuap\enduser\winstore\installservice\lib\uwainstallwork.cpp (613)"
"18-08-2026 10:40:13","2006","Information","Microsoft-Windows-Install-Agent","[Start] Creating UWA Work FulfillmentData = {""ProductId"":""9NRZT3Q9R3DL"",""WuBundleId"":""3d8652ea-6aa8-4b54-af49-27591858b754"",""WuCategoryId"":""23f6ac41-7701-46ef-81fe-d3bc61d011bf"",""PackageFamilyName"":""Microsoft.WindowsAppRuntime.2_8wekyb3d8bbwe"",""SkuId"":""0010"",""Content"":null,""PackageFeatures"":null,""PackageRankId"":""100"",""PackageFullNameId"":""Microsoft.WindowsAppRuntime.2_2.4.0.0_x64__8wekyb3d8bbwe"",""ParentBundleId"":""""}  
Error: The operation completed successfully.
Function: UWAInstallServiceWorkItem::UWAInstallServiceWorkItem
Source: onecoreuap\enduser\winstore\installservice\libqueue2\uwainstallworkbridge.cpp (312)"
"18-08-2026 10:40:13","2006","Information","Microsoft-Windows-Install-Agent","[Start] Plugin available, Creating Work for Catalog Item UserSID = S-1-5-18  CatalogId = StoreId:9NRZT3Q9R3DL  properties = {""UserIdentityInfo"":"""",""VolumePath"":"""",""CallerApplicationId"":""setup-StartProductInstallWithOptionsAsync"",""IsInteractive"":false,""AllowDownloadOnAnyNetwork"":false,""Repair"":false,""AllowForcedAppRestart"":false,""ForceUseOfNonRemovableStorage"":false,""InstallForAllUsers"":true,""StageButDoNotInstall"":false,""CatalogId"":"""",""RequiresElevation"":false,""LaunchAfterInstall"":false,""ParentBundleId"":""""}  
Error: The operation completed successfully.
Function: InstallQueue2::CreateWorkForCatalogItem
Source: onecoreuap\enduser\winstore\installservice\libqueue2\installqueue2.cpp (1696)"
"18-08-2026 10:40:13","2005","Verbose","Microsoft-Windows-Install-Agent","Device Info: DeviceFamily = Windows.Desktop, Version = 2814751477605053, Arch = AMD64 (K8) 
Error: The operation completed successfully.
Function: FindFulfillmentInfo
Source: onecoreuap\enduser\winstore\installservice\libqueue2\productdocument2helper.cpp (380)"
"18-08-2026 10:40:13","2006","Information","Microsoft-Windows-Install-Agent","Http GET response: https://displaycatalog.mp.microsoft.com/v7.0/products/9NRZT3Q9R3DL/?fieldsTemplate=InstallAgent&market=IN&languages=en-IN,en,neutral
Error: The operation completed successfully.
Function: FetchUriResponseWithAuthTicket
Source: onecoreuap\enduser\winstore\installservice\lib\httphelpers.cpp (369)"
"18-08-2026 10:40:13","2006","Information","Microsoft-Windows-Install-Agent","[Telemetry]: DownloadUrl :: __TlgCV__ = HBsPL2QgAEyd3am4.0.2.3  PartB_Ms.Qos.OutgoingServiceRequest = 14  operationName = DownloadUrl  targetUri = https://displaycatalog.mp.microsoft.com/v7.0/products/9NRZT3Q9R3DL/?fieldsTemplate=InstallAgent&market=IN&languages=en-IN,en,neutral  latencyMs = 172  serviceErrorCode = 0  succeeded = true  requestMethod = GET  responseContentType = JSON  protocol = HTTP  protocolStatusCode = 200  dependencyOperationName =   dependencyOperationVersion =   dependencyName =   dependencyType =   responseSizeBytes = 44249  HResult = 0  
Error: Unknown HResult Error code: 0xefffffff
Function: LogTelemetryEvent
Source: onecoreuap\enduser\winstore\installservice\svc\logging.cpp (10)"
"18-08-2026 10:40:13","2006","Information","Microsoft-Windows-Install-Agent","Cannot get any user tickets. Using device ticket
Error: The operation completed successfully.
Function: TryGetTickets
Source: onecoreuap\enduser\winstore\installservice\lib\storeappinfo.cpp (1319)"
"18-08-2026 10:40:12","2007","Warning","Microsoft-Windows-Install-Agent","No tickets found for the current user.
Error: A specified logon session does not exist. It may already have been terminated.
Function: TryGetTickets
Source: onecoreuap\enduser\winstore\installservice\lib\storeappinfo.cpp (1294)"
"18-08-2026 10:40:12","2006","Information","Microsoft-Windows-Install-Agent","Failure detected
Error: A specified logon session does not exist. It may already have been terminated.
Function: 
Source: onecoreuap\enduser\winstore\auth\lib\winstoreauthstatics.cpp (134)"
"18-08-2026 10:40:12","2006","Information","Microsoft-Windows-Install-Agent","Failure detected
Error: A specified logon session does not exist. It may already have been terminated.
Function: 
Source: onecoreuap\enduser\winstore\auth\lib\winstoreauth.cpp (477)"
"18-08-2026 10:40:12","2006","Information","Microsoft-Windows-Install-Agent","Failure detected
Error: A specified logon session does not exist. It may already have been terminated.
Function: 
Source: onecoreuap\enduser\winstore\auth\lib\winstoreauth.cpp (751)"
"18-08-2026 10:40:12","2006","Information","Microsoft-Windows-Install-Agent","Failure detected
Error: A specified logon session does not exist. It may already have been terminated.
Function: 
Source: onecoreuap\enduser\winstore\auth\lib\winstoreauth.cpp (564)"
"18-08-2026 10:40:12","2006","Information","Microsoft-Windows-Install-Agent","Failure detected
Error: A specified logon session does not exist. It may already have been terminated.
Function: 
Source: onecoreuap\enduser\winstore\auth\lib\winstoreauth.cpp (1862)"
"18-08-2026 10:40:12","2007","Warning","Microsoft-Windows-Install-Agent","No tickets found for the store primary acount.
Error: A specified logon session does not exist. It may already have been terminated.
Function: TryGetTickets
Source: onecoreuap\enduser\winstore\installservice\lib\storeappinfo.cpp (1223)"
"18-08-2026 10:40:12","2006","Information","Microsoft-Windows-Install-Agent","Failure detected
Error: A specified logon session does not exist. It may already have been terminated.
Function: 
Source: onecoreuap\enduser\winstore\auth\lib\winstoreauth.cpp (334)"
"18-08-2026 10:40:12","2006","Information","Microsoft-Windows-Install-Agent","Failure detected
Error: A specified logon session does not exist. It may already have been terminated.
Function: 
Source: onecoreuap\enduser\winstore\auth\lib\winstoreauth.cpp (2576)"
"18-08-2026 10:40:12","2006","Information","Microsoft-Windows-Install-Agent","Failure detected
Error: A specified logon session does not exist. It may already have been terminated.
Function: 
Source: onecoreuap\enduser\winstore\auth\lib\winstoreauth.cpp (1882)"
"18-08-2026 10:40:12","2006","Information","Microsoft-Windows-Install-Agent","Failure detected
Error: A specified logon session does not exist. It may already have been terminated.
Function: 
Source: onecoreuap\enduser\winstore\auth\lib\winstoreauth.cpp (1792)"
"18-08-2026 10:40:12","2006","Information","Microsoft-Windows-Install-Agent","Failure detected
Error: The system cannot find the file specified.
Function: 
Source: onecoreuap\enduser\winstore\auth\lib\winstoreauth.cpp (2614)"
"18-08-2026 10:40:12","2006","Information","Microsoft-Windows-Install-Agent","Catalog Cache items read from disk into memory. Loaded item count:  = 43  Deleted item count:  = 1  
Error: The operation completed successfully.
Function: CatalogDataStore::_ReadCacheFromDisk
Source: onecoreuap\enduser\winstore\installservice\libqueue2\catalogdatastore.cpp (503)"
"18-08-2026 10:40:12","2006","Information","Microsoft-Windows-Install-Agent","Queueing Work for Catalog Item
Error: The operation completed successfully.
Function: InstallQueue2::CreateWork
Source: onecoreuap\enduser\winstore\installservice\libqueue2\installqueue2.cpp (1514)"
"18-08-2026 10:40:12","2006","Information","Microsoft-Windows-Install-Agent","Creating work for InstallQueue2 CatalogId = StoreId:9NRZT3Q9R3DL   
Error: The operation completed successfully.
Function: InstallQueue2::CreateWork
Source: onecoreuap\enduser\winstore\installservice\libqueue2\installqueue2.cpp (1489)"
"18-08-2026 10:40:12","2006","Information","Microsoft-Windows-Install-Agent","Creating InstallServiceWork StoreId = 9NRZT3Q9R3DL   
Error: The operation completed successfully.
Function: winrt::Windows::Internal::InstallService::Control::implementation::InstallServiceControl::CreateInstallServiceWork
Source: onecoreuap\enduser\winstore\installservice\libqueue2\windows.internal.installservice.control.installservicecontrol.cpp (57)"
"18-08-2026 10:40:12","2006","Information","Microsoft-Windows-Install-Agent","[Telemetry]: InstallOperationRequest :: __TlgCV__ = HBsPL2QgAEyd3am4.0  ProductId = 9NRZT3Q9R3DL  SkuId =   CatalogId =   BundleId =   VolumePath =   
Error: Unknown HResult Error code: 0xefffffff
Function: LogTelemetryEvent
Source: onecoreuap\enduser\winstore\installservice\svc\logging.cpp (10)"
"18-08-2026 10:40:12","2006","Information","Microsoft-Windows-Install-Agent","request: productId = 9NRZT3Q9R3DL, skuId = , catalogId = , flightId = , volumePath = , CV = HBsPL2QgAEyd3am4.0, repair = false, userInteractive = false, allowDownloadOnAnyNetwork = false, forceUseOfNonRemovableStorage = false, allowForcedAppRestart = false, launchAfterInstall = false
Error: Unknown HResult Error code: 0xefffffff
Function: Windows::ApplicationModel::Store::Preview::InstallControl::AppInstallManagerImpl::_StartBundleProductInstallAsync
Source: onecoreuap\enduser\winstore\installservice\lib\appinstallcontrol.cpp (5357)"
"18-08-2026 10:40:12","2006","Information","Microsoft-Windows-Install-Agent","setup-StartProductInstallWithOptionsAsync is in the disallow list, setting userInteractive = false
Error: Unknown HResult Error code: 0xefffffff
Function: Utils::IsCallerInteractive
Source: onecoreuap\enduser\winstore\installservice\lib\utils.cpp (374)"
"18-08-2026 10:40:12","2006","Information","Microsoft-Windows-Install-Agent","Update block list not found or empty in OneSettings
Error: Unknown HResult Error code: 0xefffffff
Function: DoInitializeOneSettingsConfiguration
Source: onecoreuap\enduser\winstore\installservice\lib\settings.cpp (2735)"
"18-08-2026 10:40:12","2006","Information","Microsoft-Windows-Install-Agent","Failure detected
Error: JSON value not found.
Function: 
Source: onecoreuap\enduser\winstore\installservice\lib\settings.cpp (578)"
"18-08-2026 10:40:12","2006","Information","Microsoft-Windows-Install-Agent","Failure detected
Error: JSON value not found.
Function: 
Source: onecoreuap\enduser\winstore\installservice\lib\settings.cpp (558)"
"18-08-2026 10:40:12","2005","Verbose","Microsoft-Windows-Install-Agent","CheckpointAbandonmentRules fetched from OneSettings payload: [{""callerApplicationIdKeyword"":""WindowsStore"",""systemAttemptCountThreshold"":5,""creationTimestampThresholdInDays"":2},{""callerApplicationIdKeyword"":""MoUsoCoreWorker"",""systemAttemptCountThreshold"":2,""creationTimestampThresholdInDays"":2}]
Error: Unknown HResult Error code: 0xefffffff
Function: _ReadCheckpointAbandonmentRules
Source: onecoreuap\enduser\winstore\installservice\lib\settings.cpp (4907)"
"18-08-2026 10:40:12","2005","Verbose","Microsoft-Windows-Install-Agent","SfEdgeFallbackEndpointUrl fetched from cache: https://sfdataservice.microsoft.com/package-retrieval
Error: Unknown HResult Error code: 0xefffffff
Function: _ReadSfEdgeFallbackEndpointUrl
Source: onecoreuap\enduser\winstore\installservice\lib\settings.cpp (4660)"
"18-08-2026 10:40:12","2005","Verbose","Microsoft-Windows-Install-Agent","ProductCatalogUrl fetched from cache: https://fe3cr.delivery.mp.microsoft.com/ClientWebService/client.asmx/secured
Error: Unknown HResult Error code: 0xefffffff
Function: _ReadProductCatalogUrl
Source: onecoreuap\enduser\winstore\installservice\lib\settings.cpp (4639)"
