"13-08-2026 13:28:36","5321","Information","Microsoft-Windows-GroupPolicy","A previous instance of the Group Policy Client Service was detected. Parameter: 02bb1022-ef04-4d0e-b9d1-1a2b6724ae58"
"13-08-2026 13:28:36","5320","Information","Microsoft-Windows-GroupPolicy","Initializing service instance state to detect previous instances of the service."
"13-08-2026 13:28:36","5320","Information","Microsoft-Windows-GroupPolicy","Initializing and reading current service configuration for the Group Policy Client service."
"13-08-2026 13:28:36","5320","Information","Microsoft-Windows-GroupPolicy","The Group Policy Client service is currently configured as a standalone service."
"13-08-2026 13:28:36","5117","Information","Microsoft-Windows-GroupPolicy","Group policy session completed successfully."
"13-08-2026 13:28:36","5116","Information","Microsoft-Windows-GroupPolicy","Successfully completed the Group Policy Service initialization phase."
"13-08-2026 13:28:36","4117","Information","Microsoft-Windows-GroupPolicy","Group Policy Session started."
"13-08-2026 13:28:36","5351","Information","Microsoft-Windows-GroupPolicy","Group policy session returned to winlogon."
"13-08-2026 13:28:36","4117","Information","Microsoft-Windows-GroupPolicy","Group Policy Session started."
"13-08-2026 13:28:36","5351","Information","Microsoft-Windows-GroupPolicy","Group policy session returned to winlogon."
"13-08-2026 13:28:36","5324","Information","Microsoft-Windows-GroupPolicy","Group Policy received the notification CreateSession from Winlogon for session 0."
"13-08-2026 13:28:36","4115","Information","Microsoft-Windows-GroupPolicy","Group Policy Service started."
"13-08-2026 13:28:36","4116","Information","Microsoft-Windows-GroupPolicy","Started the Group Policy service initialization phase."
"13-08-2026 12:58:36","5117","Information","Microsoft-Windows-GroupPolicy","Group policy session completed successfully."
"13-08-2026 12:58:36","5321","Information","Microsoft-Windows-GroupPolicy","A previous instance of the Group Policy Client Service was detected. Parameter: ada6791f-dcfd-4b7d-9ddd-457176c2b174"
"13-08-2026 12:58:36","5320","Information","Microsoft-Windows-GroupPolicy","Initializing service instance state to detect previous instances of the service."
"13-08-2026 12:58:36","5320","Information","Microsoft-Windows-GroupPolicy","Initializing and reading current service configuration for the Group Policy Client service."
"13-08-2026 12:58:36","5320","Information","Microsoft-Windows-GroupPolicy","The Group Policy Client service is currently configured as a standalone service."
"13-08-2026 12:58:36","5117","Information","Microsoft-Windows-GroupPolicy","Group policy session completed successfully."
"13-08-2026 12:58:36","5116","Information","Microsoft-Windows-GroupPolicy","Successfully completed the Group Policy Service initialization phase."
"13-08-2026 12:58:36","4117","Information","Microsoft-Windows-GroupPolicy","Group Policy Session started."
"13-08-2026 12:58:36","5351","Information","Microsoft-Windows-GroupPolicy","Group policy session returned to winlogon."
"13-08-2026 12:58:36","4117","Information","Microsoft-Windows-GroupPolicy","Group Policy Session started."
"13-08-2026 12:58:36","5351","Information","Microsoft-Windows-GroupPolicy","Group policy session returned to winlogon."
"13-08-2026 12:58:36","5324","Information","Microsoft-Windows-GroupPolicy","Group Policy received the notification CreateSession from Winlogon for session 0."
"13-08-2026 12:58:36","4115","Information","Microsoft-Windows-GroupPolicy","Group Policy Service started."
"13-08-2026 12:58:36","4116","Information","Microsoft-Windows-GroupPolicy","Started the Group Policy service initialization phase."
"13-08-2026 12:46:39","5117","Information","Microsoft-Windows-GroupPolicy","Group policy session completed successfully."
"13-08-2026 12:46:39","5321","Information","Microsoft-Windows-GroupPolicy","A previous instance of the Group Policy Client Service was detected. Parameter: 19171d69-c27a-4adf-9ba6-eae48cf408f6"
"13-08-2026 12:46:39","5320","Information","Microsoft-Windows-GroupPolicy","Initializing service instance state to detect previous instances of the service."
"13-08-2026 12:46:39","5320","Information","Microsoft-Windows-GroupPolicy","Initializing and reading current service configuration for the Group Policy Client service."
"13-08-2026 12:46:39","5320","Information","Microsoft-Windows-GroupPolicy","The Group Policy Client service is currently configured as a standalone service."
"13-08-2026 12:46:39","5117","Information","Microsoft-Windows-GroupPolicy","Group policy session completed successfully."
"13-08-2026 12:46:39","5116","Information","Microsoft-Windows-GroupPolicy","Successfully completed the Group Policy Service initialization phase."
"13-08-2026 12:46:39","4117","Information","Microsoft-Windows-GroupPolicy","Group Policy Session started."
"13-08-2026 12:46:39","5351","Information","Microsoft-Windows-GroupPolicy","Group policy session returned to winlogon."
"13-08-2026 12:46:39","4117","Information","Microsoft-Windows-GroupPolicy","Group Policy Session started."
"13-08-2026 12:46:39","5351","Information","Microsoft-Windows-GroupPolicy","Group policy session returned to winlogon."
"13-08-2026 12:46:39","5324","Information","Microsoft-Windows-GroupPolicy","Group Policy received the notification CreateSession from Winlogon for session 0."
"13-08-2026 12:46:39","4115","Information","Microsoft-Windows-GroupPolicy","Group Policy Service started."
"13-08-2026 12:46:39","4116","Information","Microsoft-Windows-GroupPolicy","Started the Group Policy service initialization phase."
"13-08-2026 12:36:37","5117","Information","Microsoft-Windows-GroupPolicy","Group policy session completed successfully."
"13-08-2026 12:36:37","5321","Information","Microsoft-Windows-GroupPolicy","A previous instance of the Group Policy Client Service was detected. Parameter: 05132b50-af30-4a29-a1dc-ef3424b65421"
"13-08-2026 12:36:37","5320","Information","Microsoft-Windows-GroupPolicy","Initializing service instance state to detect previous instances of the service."
"13-08-2026 12:36:37","5320","Information","Microsoft-Windows-GroupPolicy","Initializing and reading current service configuration for the Group Policy Client service."
"13-08-2026 12:36:37","5117","Information","Microsoft-Windows-GroupPolicy","Group policy session completed successfully."
"13-08-2026 12:36:37","5320","Information","Microsoft-Windows-GroupPolicy","The Group Policy Client service is currently configured as a standalone service."
"13-08-2026 12:36:37","5116","Information","Microsoft-Windows-GroupPolicy","Successfully completed the Group Policy Service initialization phase."
"13-08-2026 12:36:37","4117","Information","Microsoft-Windows-GroupPolicy","Group Policy Session started."
"13-08-2026 12:36:37","5351","Information","Microsoft-Windows-GroupPolicy","Group policy session returned to winlogon."
"13-08-2026 12:36:37","4117","Information","Microsoft-Windows-GroupPolicy","Group Policy Session started."
"13-08-2026 12:36:37","5351","Information","Microsoft-Windows-GroupPolicy","Group policy session returned to winlogon."
"13-08-2026 12:36:37","5324","Information","Microsoft-Windows-GroupPolicy","Group Policy received the notification CreateSession from Winlogon for session 0."
"13-08-2026 12:36:37","4115","Information","Microsoft-Windows-GroupPolicy","Group Policy Service started."
"13-08-2026 12:36:37","4116","Information","Microsoft-Windows-GroupPolicy","Started the Group Policy service initialization phase."
"13-08-2026 12:13:36","5117","Information","Microsoft-Windows-GroupPolicy","Group policy session completed successfully."
"13-08-2026 12:13:36","5321","Information","Microsoft-Windows-GroupPolicy","A previous instance of the Group Policy Client Service was detected. Parameter: 3331eb01-e506-43e1-939a-a42fed9d6922"
"13-08-2026 12:13:36","5320","Information","Microsoft-Windows-GroupPolicy","Initializing service instance state to detect previous instances of the service."
"13-08-2026 12:13:36","5320","Information","Microsoft-Windows-GroupPolicy","Initializing and reading current service configuration for the Group Policy Client service."
"13-08-2026 12:13:36","5320","Information","Microsoft-Windows-GroupPolicy","The Group Policy Client service is currently configured as a standalone service."
"13-08-2026 12:13:36","5117","Information","Microsoft-Windows-GroupPolicy","Group policy session completed successfully."
"13-08-2026 12:13:36","5116","Information","Microsoft-Windows-GroupPolicy","Successfully completed the Group Policy Service initialization phase."
"13-08-2026 12:13:36","4117","Information","Microsoft-Windows-GroupPolicy","Group Policy Session started."
"13-08-2026 12:13:36","5351","Information","Microsoft-Windows-GroupPolicy","Group policy session returned to winlogon."
"13-08-2026 12:13:36","4117","Information","Microsoft-Windows-GroupPolicy","Group Policy Session started."
"13-08-2026 12:13:36","5351","Information","Microsoft-Windows-GroupPolicy","Group policy session returned to winlogon."
"13-08-2026 12:13:36","5324","Information","Microsoft-Windows-GroupPolicy","Group Policy received the notification CreateSession from Winlogon for session 0."
"13-08-2026 12:13:36","4115","Information","Microsoft-Windows-GroupPolicy","Group Policy Service started."
"13-08-2026 12:13:36","4116","Information","Microsoft-Windows-GroupPolicy","Started the Group Policy service initialization phase."
"13-08-2026 12:03:28","5117","Information","Microsoft-Windows-GroupPolicy","Group policy session completed successfully."
"13-08-2026 12:03:28","5321","Information","Microsoft-Windows-GroupPolicy","A previous instance of the Group Policy Client Service was detected. Parameter: 7f650210-1f73-4235-8f87-7bf4e1a86351"
"13-08-2026 12:03:28","5320","Information","Microsoft-Windows-GroupPolicy","Initializing service instance state to detect previous instances of the service."
"13-08-2026 12:03:28","5320","Information","Microsoft-Windows-GroupPolicy","Initializing and reading current service configuration for the Group Policy Client service."
"13-08-2026 12:03:28","5320","Information","Microsoft-Windows-GroupPolicy","The Group Policy Client service is currently configured as a standalone service."
"13-08-2026 12:03:28","5117","Information","Microsoft-Windows-GroupPolicy","Group policy session completed successfully."
"13-08-2026 12:03:28","5116","Information","Microsoft-Windows-GroupPolicy","Successfully completed the Group Policy Service initialization phase."
"13-08-2026 12:03:28","4117","Information","Microsoft-Windows-GroupPolicy","Group Policy Session started."
"13-08-2026 12:03:28","5351","Information","Microsoft-Windows-GroupPolicy","Group policy session returned to winlogon."
"13-08-2026 12:03:28","4117","Information","Microsoft-Windows-GroupPolicy","Group Policy Session started."
"13-08-2026 12:03:28","5351","Information","Microsoft-Windows-GroupPolicy","Group policy session returned to winlogon."
"13-08-2026 12:03:28","5324","Information","Microsoft-Windows-GroupPolicy","Group Policy received the notification CreateSession from Winlogon for session 0."
"13-08-2026 12:03:28","4115","Information","Microsoft-Windows-GroupPolicy","Group Policy Service started."
"13-08-2026 12:03:28","4116","Information","Microsoft-Windows-GroupPolicy","Started the Group Policy service initialization phase."
"13-08-2026 11:50:59","5117","Information","Microsoft-Windows-GroupPolicy","Group policy session completed successfully."
"13-08-2026 11:50:59","5321","Information","Microsoft-Windows-GroupPolicy","A previous instance of the Group Policy Client Service was detected. Parameter: a5775852-7a1d-40b2-bc60-eef9957b8b74"
"13-08-2026 11:50:59","5320","Information","Microsoft-Windows-GroupPolicy","Initializing service instance state to detect previous instances of the service."
"13-08-2026 11:50:59","5320","Information","Microsoft-Windows-GroupPolicy","Initializing and reading current service configuration for the Group Policy Client service."
"13-08-2026 11:50:59","5320","Information","Microsoft-Windows-GroupPolicy","The Group Policy Client service is currently configured as a standalone service."
"13-08-2026 11:50:59","5117","Information","Microsoft-Windows-GroupPolicy","Group policy session completed successfully."
"13-08-2026 11:50:59","5116","Information","Microsoft-Windows-GroupPolicy","Successfully completed the Group Policy Service initialization phase."
"13-08-2026 11:50:59","4117","Information","Microsoft-Windows-GroupPolicy","Group Policy Session started."
"13-08-2026 11:50:59","5351","Information","Microsoft-Windows-GroupPolicy","Group policy session returned to winlogon."
"13-08-2026 11:50:59","4117","Information","Microsoft-Windows-GroupPolicy","Group Policy Session started."
"13-08-2026 11:50:59","5351","Information","Microsoft-Windows-GroupPolicy","Group policy session returned to winlogon."
"13-08-2026 11:50:59","5324","Information","Microsoft-Windows-GroupPolicy","Group Policy received the notification CreateSession from Winlogon for session 0."
"13-08-2026 11:50:59","4115","Information","Microsoft-Windows-GroupPolicy","Group Policy Service started."
"13-08-2026 11:50:59","4116","Information","Microsoft-Windows-GroupPolicy","Started the Group Policy service initialization phase."
"13-08-2026 11:37:43","5117","Information","Microsoft-Windows-GroupPolicy","Group policy session completed successfully."
"13-08-2026 11:37:43","5117","Information","Microsoft-Windows-GroupPolicy","Group policy session completed successfully."
"13-08-2026 11:37:43","5321","Information","Microsoft-Windows-GroupPolicy","A previous instance of the Group Policy Client Service was detected. Parameter: 2e9b0cc1-ea66-4bcf-af1e-7b1e1892012a"
"13-08-2026 11:37:43","5320","Information","Microsoft-Windows-GroupPolicy","Initializing service instance state to detect previous instances of the service."
"13-08-2026 11:37:43","5320","Information","Microsoft-Windows-GroupPolicy","Initializing and reading current service configuration for the Group Policy Client service."
"13-08-2026 11:37:43","5320","Information","Microsoft-Windows-GroupPolicy","The Group Policy Client service is currently configured as a standalone service."
"13-08-2026 11:37:43","5116","Information","Microsoft-Windows-GroupPolicy","Successfully completed the Group Policy Service initialization phase."
"13-08-2026 11:37:43","4117","Information","Microsoft-Windows-GroupPolicy","Group Policy Session started."
"13-08-2026 11:37:43","5351","Information","Microsoft-Windows-GroupPolicy","Group policy session returned to winlogon."
"13-08-2026 11:37:43","4117","Information","Microsoft-Windows-GroupPolicy","Group Policy Session started."
"13-08-2026 11:37:43","5351","Information","Microsoft-Windows-GroupPolicy","Group policy session returned to winlogon."
"13-08-2026 11:37:43","5324","Information","Microsoft-Windows-GroupPolicy","Group Policy received the notification CreateSession from Winlogon for session 0."
"13-08-2026 11:37:43","4115","Information","Microsoft-Windows-GroupPolicy","Group Policy Service started."
"13-08-2026 11:37:43","4116","Information","Microsoft-Windows-GroupPolicy","Started the Group Policy service initialization phase."
"13-08-2026 11:13:35","5117","Information","Microsoft-Windows-GroupPolicy","Group policy session completed successfully."
"13-08-2026 11:13:35","5321","Information","Microsoft-Windows-GroupPolicy","A previous instance of the Group Policy Client Service was detected. Parameter: 29888b82-7539-4f4a-ab74-36d4402fa721"
"13-08-2026 11:13:35","5320","Information","Microsoft-Windows-GroupPolicy","Initializing service instance state to detect previous instances of the service."
"13-08-2026 11:13:35","5320","Information","Microsoft-Windows-GroupPolicy","Initializing and reading current service configuration for the Group Policy Client service."
"13-08-2026 11:13:35","5320","Information","Microsoft-Windows-GroupPolicy","The Group Policy Client service is currently configured as a standalone service."
"13-08-2026 11:13:35","5117","Information","Microsoft-Windows-GroupPolicy","Group policy session completed successfully."
"13-08-2026 11:13:35","5116","Information","Microsoft-Windows-GroupPolicy","Successfully completed the Group Policy Service initialization phase."
"13-08-2026 11:13:35","4117","Information","Microsoft-Windows-GroupPolicy","Group Policy Session started."
"13-08-2026 11:13:35","5351","Information","Microsoft-Windows-GroupPolicy","Group policy session returned to winlogon."
"13-08-2026 11:13:35","4117","Information","Microsoft-Windows-GroupPolicy","Group Policy Session started."
"13-08-2026 11:13:35","5351","Information","Microsoft-Windows-GroupPolicy","Group policy session returned to winlogon."
"13-08-2026 11:13:35","5324","Information","Microsoft-Windows-GroupPolicy","Group Policy received the notification CreateSession from Winlogon for session 0."
"13-08-2026 11:13:35","4115","Information","Microsoft-Windows-GroupPolicy","Group Policy Service started."
"13-08-2026 11:13:35","4116","Information","Microsoft-Windows-GroupPolicy","Started the Group Policy service initialization phase."
"13-08-2026 10:50:59","5117","Information","Microsoft-Windows-GroupPolicy","Group policy session completed successfully."
"13-08-2026 10:50:59","5321","Information","Microsoft-Windows-GroupPolicy","A previous instance of the Group Policy Client Service was detected. Parameter: 98cd6403-1905-48a0-abca-5aa48471fc0b"
"13-08-2026 10:50:59","5320","Information","Microsoft-Windows-GroupPolicy","Initializing service instance state to detect previous instances of the service."
"13-08-2026 10:50:59","5320","Information","Microsoft-Windows-GroupPolicy","Initializing and reading current service configuration for the Group Policy Client service."
"13-08-2026 10:50:59","5320","Information","Microsoft-Windows-GroupPolicy","The Group Policy Client service is currently configured as a standalone service."
"13-08-2026 10:50:59","5117","Information","Microsoft-Windows-GroupPolicy","Group policy session completed successfully."
"13-08-2026 10:50:59","5116","Information","Microsoft-Windows-GroupPolicy","Successfully completed the Group Policy Service initialization phase."
"13-08-2026 10:50:59","4117","Information","Microsoft-Windows-GroupPolicy","Group Policy Session started."
"13-08-2026 10:50:59","5351","Information","Microsoft-Windows-GroupPolicy","Group policy session returned to winlogon."
"13-08-2026 10:50:59","4117","Information","Microsoft-Windows-GroupPolicy","Group Policy Session started."
"13-08-2026 10:50:59","5351","Information","Microsoft-Windows-GroupPolicy","Group policy session returned to winlogon."
"13-08-2026 10:50:59","5324","Information","Microsoft-Windows-GroupPolicy","Group Policy received the notification CreateSession from Winlogon for session 0."
"13-08-2026 10:50:59","4115","Information","Microsoft-Windows-GroupPolicy","Group Policy Service started."
"13-08-2026 10:50:59","4116","Information","Microsoft-Windows-GroupPolicy","Started the Group Policy service initialization phase."
"13-08-2026 10:37:43","5117","Information","Microsoft-Windows-GroupPolicy","Group policy session completed successfully."
"13-08-2026 10:37:43","5321","Information","Microsoft-Windows-GroupPolicy","A previous instance of the Group Policy Client Service was detected. Parameter: 448f7445-b037-4f3e-b47f-7ec0e56dada9"
"13-08-2026 10:37:43","5320","Information","Microsoft-Windows-GroupPolicy","Initializing service instance state to detect previous instances of the service."
"13-08-2026 10:37:43","5320","Information","Microsoft-Windows-GroupPolicy","Initializing and reading current service configuration for the Group Policy Client service."
"13-08-2026 10:37:43","5320","Information","Microsoft-Windows-GroupPolicy","The Group Policy Client service is currently configured as a standalone service."
"13-08-2026 10:37:43","5117","Information","Microsoft-Windows-GroupPolicy","Group policy session completed successfully."
"13-08-2026 10:37:43","5116","Information","Microsoft-Windows-GroupPolicy","Successfully completed the Group Policy Service initialization phase."
"13-08-2026 10:37:43","4117","Information","Microsoft-Windows-GroupPolicy","Group Policy Session started."
"13-08-2026 10:37:43","5351","Information","Microsoft-Windows-GroupPolicy","Group policy session returned to winlogon."
"13-08-2026 10:37:43","4117","Information","Microsoft-Windows-GroupPolicy","Group Policy Session started."
"13-08-2026 10:37:43","5351","Information","Microsoft-Windows-GroupPolicy","Group policy session returned to winlogon."
"13-08-2026 10:37:43","5324","Information","Microsoft-Windows-GroupPolicy","Group Policy received the notification CreateSession from Winlogon for session 0."
"13-08-2026 10:37:43","4115","Information","Microsoft-Windows-GroupPolicy","Group Policy Service started."
"13-08-2026 10:37:43","4116","Information","Microsoft-Windows-GroupPolicy","Started the Group Policy service initialization phase."
"13-08-2026 10:22:43","5117","Information","Microsoft-Windows-GroupPolicy","Group policy session completed successfully."
"13-08-2026 10:22:43","5321","Information","Microsoft-Windows-GroupPolicy","A previous instance of the Group Policy Client Service was detected. Parameter: efa3d764-2bb9-4c74-98e5-a0a81cec4b23"
"13-08-2026 10:22:43","5320","Information","Microsoft-Windows-GroupPolicy","Initializing service instance state to detect previous instances of the service."
"13-08-2026 10:22:43","5320","Information","Microsoft-Windows-GroupPolicy","Initializing and reading current service configuration for the Group Policy Client service."
"13-08-2026 10:22:43","5320","Information","Microsoft-Windows-GroupPolicy","The Group Policy Client service is currently configured as a standalone service."
"13-08-2026 10:22:43","5117","Information","Microsoft-Windows-GroupPolicy","Group policy session completed successfully."
"13-08-2026 10:22:43","5116","Information","Microsoft-Windows-GroupPolicy","Successfully completed the Group Policy Service initialization phase."
"13-08-2026 10:22:43","4117","Information","Microsoft-Windows-GroupPolicy","Group Policy Session started."
"13-08-2026 10:22:43","5351","Information","Microsoft-Windows-GroupPolicy","Group policy session returned to winlogon."
"13-08-2026 10:22:43","4117","Information","Microsoft-Windows-GroupPolicy","Group Policy Session started."
"13-08-2026 10:22:43","5351","Information","Microsoft-Windows-GroupPolicy","Group policy session returned to winlogon."
"13-08-2026 10:22:43","5324","Information","Microsoft-Windows-GroupPolicy","Group Policy received the notification CreateSession from Winlogon for session 0."
"13-08-2026 10:22:43","4115","Information","Microsoft-Windows-GroupPolicy","Group Policy Service started."
"13-08-2026 10:22:42","4116","Information","Microsoft-Windows-GroupPolicy","Started the Group Policy service initialization phase."
"13-08-2026 09:58:35","5117","Information","Microsoft-Windows-GroupPolicy","Group policy session completed successfully."
"13-08-2026 09:58:35","5321","Information","Microsoft-Windows-GroupPolicy","A previous instance of the Group Policy Client Service was detected. Parameter: 90c1f826-f900-4944-95b0-4f0554fb6ef8"
"13-08-2026 09:58:35","5320","Information","Microsoft-Windows-GroupPolicy","Initializing service instance state to detect previous instances of the service."
"13-08-2026 09:58:35","5320","Information","Microsoft-Windows-GroupPolicy","Initializing and reading current service configuration for the Group Policy Client service."
"13-08-2026 09:58:35","5320","Information","Microsoft-Windows-GroupPolicy","The Group Policy Client service is currently configured as a standalone service."
"13-08-2026 09:58:35","5117","Information","Microsoft-Windows-GroupPolicy","Group policy session completed successfully."
"13-08-2026 09:58:35","5116","Information","Microsoft-Windows-GroupPolicy","Successfully completed the Group Policy Service initialization phase."
"13-08-2026 09:58:35","4117","Information","Microsoft-Windows-GroupPolicy","Group Policy Session started."
"13-08-2026 09:58:35","5351","Information","Microsoft-Windows-GroupPolicy","Group policy session returned to winlogon."
"13-08-2026 09:58:35","4117","Information","Microsoft-Windows-GroupPolicy","Group Policy Session started."
"13-08-2026 09:58:35","5351","Information","Microsoft-Windows-GroupPolicy","Group policy session returned to winlogon."
"13-08-2026 09:58:35","5324","Information","Microsoft-Windows-GroupPolicy","Group Policy received the notification CreateSession from Winlogon for session 0."
"13-08-2026 09:58:35","4115","Information","Microsoft-Windows-GroupPolicy","Group Policy Service started."
"13-08-2026 09:58:35","4116","Information","Microsoft-Windows-GroupPolicy","Started the Group Policy service initialization phase."
"13-08-2026 09:43:35","5117","Information","Microsoft-Windows-GroupPolicy","Group policy session completed successfully."
"13-08-2026 09:43:35","5321","Information","Microsoft-Windows-GroupPolicy","A previous instance of the Group Policy Client Service was detected. Parameter: 438f38d2-7ebf-4f2a-b623-82673ba1134f"
"13-08-2026 09:43:35","5320","Information","Microsoft-Windows-GroupPolicy","Initializing service instance state to detect previous instances of the service."
"13-08-2026 09:43:35","5320","Information","Microsoft-Windows-GroupPolicy","Initializing and reading current service configuration for the Group Policy Client service."
"13-08-2026 09:43:35","5320","Information","Microsoft-Windows-GroupPolicy","The Group Policy Client service is currently configured as a standalone service."
"13-08-2026 09:43:35","5117","Information","Microsoft-Windows-GroupPolicy","Group policy session completed successfully."
