"05-08-2026 11:23:11","100","Information","Microsoft-Windows-Diagnosis-DPS","Diagnostic module {45de1ea9-10bc-4f96-9b21-4b6b83dbf476} (%windir%\system32\radardt.dll) detected a problem for scenario {180b3a99-8c39-4f12-b631-2031998efe45}, instance {e0f17395-d78a-4916-8a65-6d40acc6b9a8}, original activity ID {00000000-0000-0000-0000-000000000000}."
"05-08-2026 11:18:11","105","Information","Microsoft-Windows-Diagnosis-DPS","Diagnostic module {45de1ea9-10bc-4f96-9b21-4b6b83dbf476} (%windir%\system32\radardt.dll) started troubleshooting scenario {180b3a99-8c39-4f12-b631-2031998efe45}, instance {b4734e7e-2990-4ff3-867e-5d6afb7d8b97}, original activity ID {00000000-0000-0000-0000-000000000000}."
"05-08-2026 11:18:11","100","Information","Microsoft-Windows-Diagnosis-DPS","Diagnostic module {45de1ea9-10bc-4f96-9b21-4b6b83dbf476} (%windir%\system32\radardt.dll) detected a problem for scenario {180b3a99-8c39-4f12-b631-2031998efe45}, instance {b4734e7e-2990-4ff3-867e-5d6afb7d8b97}, original activity ID {00000000-0000-0000-0000-000000000000}."
"05-08-2026 11:13:11","105","Information","Microsoft-Windows-Diagnosis-DPS","Diagnostic module {45de1ea9-10bc-4f96-9b21-4b6b83dbf476} (%windir%\system32\radardt.dll) started troubleshooting scenario {180b3a99-8c39-4f12-b631-2031998efe45}, instance {eaa10363-b01b-4e4b-94cc-e0afa08359d5}, original activity ID {00000000-0000-0000-0000-000000000000}."
"05-08-2026 11:13:11","100","Information","Microsoft-Windows-Diagnosis-DPS","Diagnostic module {45de1ea9-10bc-4f96-9b21-4b6b83dbf476} (%windir%\system32\radardt.dll) detected a problem for scenario {180b3a99-8c39-4f12-b631-2031998efe45}, instance {eaa10363-b01b-4e4b-94cc-e0afa08359d5}, original activity ID {00000000-0000-0000-0000-000000000000}."
"05-08-2026 11:08:11","105","Information","Microsoft-Windows-Diagnosis-DPS","Diagnostic module {45de1ea9-10bc-4f96-9b21-4b6b83dbf476} (%windir%\system32\radardt.dll) started troubleshooting scenario {180b3a99-8c39-4f12-b631-2031998efe45}, instance {8637a8ba-e145-4a24-9699-ded8e6feec52}, original activity ID {00000000-0000-0000-0000-000000000000}."
"05-08-2026 11:08:11","100","Information","Microsoft-Windows-Diagnosis-DPS","Diagnostic module {45de1ea9-10bc-4f96-9b21-4b6b83dbf476} (%windir%\system32\radardt.dll) detected a problem for scenario {180b3a99-8c39-4f12-b631-2031998efe45}, instance {8637a8ba-e145-4a24-9699-ded8e6feec52}, original activity ID {00000000-0000-0000-0000-000000000000}."
"05-08-2026 10:58:11","105","Information","Microsoft-Windows-Diagnosis-DPS","Diagnostic module {45de1ea9-10bc-4f96-9b21-4b6b83dbf476} (%windir%\system32\radardt.dll) started troubleshooting scenario {180b3a99-8c39-4f12-b631-2031998efe45}, instance {df8053d0-e06f-4315-82f3-9b149118e417}, original activity ID {00000000-0000-0000-0000-000000000000}."
"05-08-2026 10:58:11","100","Information","Microsoft-Windows-Diagnosis-DPS","Diagnostic module {45de1ea9-10bc-4f96-9b21-4b6b83dbf476} (%windir%\system32\radardt.dll) detected a problem for scenario {180b3a99-8c39-4f12-b631-2031998efe45}, instance {df8053d0-e06f-4315-82f3-9b149118e417}, original activity ID {00000000-0000-0000-0000-000000000000}."
"05-08-2026 10:53:11","105","Information","Microsoft-Windows-Diagnosis-DPS","Diagnostic module {45de1ea9-10bc-4f96-9b21-4b6b83dbf476} (%windir%\system32\radardt.dll) started troubleshooting scenario {180b3a99-8c39-4f12-b631-2031998efe45}, instance {b281d8e7-440b-4397-97d2-3f0db8c7b614}, original activity ID {00000000-0000-0000-0000-000000000000}."
"05-08-2026 10:53:11","100","Information","Microsoft-Windows-Diagnosis-DPS","Diagnostic module {45de1ea9-10bc-4f96-9b21-4b6b83dbf476} (%windir%\system32\radardt.dll) detected a problem for scenario {180b3a99-8c39-4f12-b631-2031998efe45}, instance {b281d8e7-440b-4397-97d2-3f0db8c7b614}, original activity ID {00000000-0000-0000-0000-000000000000}."
"05-08-2026 10:48:11","105","Information","Microsoft-Windows-Diagnosis-DPS","Diagnostic module {45de1ea9-10bc-4f96-9b21-4b6b83dbf476} (%windir%\system32\radardt.dll) started troubleshooting scenario {180b3a99-8c39-4f12-b631-2031998efe45}, instance {428cd516-0639-4d58-83a1-d9f87da0d506}, original activity ID {00000000-0000-0000-0000-000000000000}."
"05-08-2026 10:48:11","100","Information","Microsoft-Windows-Diagnosis-DPS","Diagnostic module {45de1ea9-10bc-4f96-9b21-4b6b83dbf476} (%windir%\system32\radardt.dll) detected a problem for scenario {180b3a99-8c39-4f12-b631-2031998efe45}, instance {428cd516-0639-4d58-83a1-d9f87da0d506}, original activity ID {00000000-0000-0000-0000-000000000000}."
"05-08-2026 10:28:10","105","Information","Microsoft-Windows-Diagnosis-DPS","Diagnostic module {45de1ea9-10bc-4f96-9b21-4b6b83dbf476} (%windir%\system32\radardt.dll) started troubleshooting scenario {180b3a99-8c39-4f12-b631-2031998efe45}, instance {062cd23d-5197-45c7-a05b-b7b6b25dd84f}, original activity ID {00000000-0000-0000-0000-000000000000}."
"05-08-2026 10:28:10","100","Information","Microsoft-Windows-Diagnosis-DPS","Diagnostic module {45de1ea9-10bc-4f96-9b21-4b6b83dbf476} (%windir%\system32\radardt.dll) detected a problem for scenario {180b3a99-8c39-4f12-b631-2031998efe45}, instance {062cd23d-5197-45c7-a05b-b7b6b25dd84f}, original activity ID {00000000-0000-0000-0000-000000000000}."
"05-08-2026 10:23:10","105","Information","Microsoft-Windows-Diagnosis-DPS","Diagnostic module {45de1ea9-10bc-4f96-9b21-4b6b83dbf476} (%windir%\system32\radardt.dll) started troubleshooting scenario {180b3a99-8c39-4f12-b631-2031998efe45}, instance {7da21e30-b510-43c9-9de4-b82a9819f787}, original activity ID {00000000-0000-0000-0000-000000000000}."
"05-08-2026 10:23:10","100","Information","Microsoft-Windows-Diagnosis-DPS","Diagnostic module {45de1ea9-10bc-4f96-9b21-4b6b83dbf476} (%windir%\system32\radardt.dll) detected a problem for scenario {180b3a99-8c39-4f12-b631-2031998efe45}, instance {7da21e30-b510-43c9-9de4-b82a9819f787}, original activity ID {00000000-0000-0000-0000-000000000000}."
"05-08-2026 10:18:10","105","Information","Microsoft-Windows-Diagnosis-DPS","Diagnostic module {45de1ea9-10bc-4f96-9b21-4b6b83dbf476} (%windir%\system32\radardt.dll) started troubleshooting scenario {180b3a99-8c39-4f12-b631-2031998efe45}, instance {5ebeaddf-f439-4533-a954-b0d5fe78b5ca}, original activity ID {00000000-0000-0000-0000-000000000000}."
"05-08-2026 10:18:10","100","Information","Microsoft-Windows-Diagnosis-DPS","Diagnostic module {45de1ea9-10bc-4f96-9b21-4b6b83dbf476} (%windir%\system32\radardt.dll) detected a problem for scenario {180b3a99-8c39-4f12-b631-2031998efe45}, instance {5ebeaddf-f439-4533-a954-b0d5fe78b5ca}, original activity ID {00000000-0000-0000-0000-000000000000}."
"05-08-2026 10:13:10","105","Information","Microsoft-Windows-Diagnosis-DPS","Diagnostic module {45de1ea9-10bc-4f96-9b21-4b6b83dbf476} (%windir%\system32\radardt.dll) started troubleshooting scenario {180b3a99-8c39-4f12-b631-2031998efe45}, instance {b6ce19e5-1daf-4fb0-a832-5dfe8fbd5ce6}, original activity ID {00000000-0000-0000-0000-000000000000}."
"05-08-2026 10:13:10","100","Information","Microsoft-Windows-Diagnosis-DPS","Diagnostic module {45de1ea9-10bc-4f96-9b21-4b6b83dbf476} (%windir%\system32\radardt.dll) detected a problem for scenario {180b3a99-8c39-4f12-b631-2031998efe45}, instance {b6ce19e5-1daf-4fb0-a832-5dfe8fbd5ce6}, original activity ID {00000000-0000-0000-0000-000000000000}."
"05-08-2026 10:08:10","105","Information","Microsoft-Windows-Diagnosis-DPS","Diagnostic module {45de1ea9-10bc-4f96-9b21-4b6b83dbf476} (%windir%\system32\radardt.dll) started troubleshooting scenario {180b3a99-8c39-4f12-b631-2031998efe45}, instance {40fa9bf6-1c1c-4c92-b0a4-ab5abc528dbd}, original activity ID {00000000-0000-0000-0000-000000000000}."
"05-08-2026 10:08:10","100","Information","Microsoft-Windows-Diagnosis-DPS","Diagnostic module {45de1ea9-10bc-4f96-9b21-4b6b83dbf476} (%windir%\system32\radardt.dll) detected a problem for scenario {180b3a99-8c39-4f12-b631-2031998efe45}, instance {40fa9bf6-1c1c-4c92-b0a4-ab5abc528dbd}, original activity ID {00000000-0000-0000-0000-000000000000}."
"05-08-2026 10:03:10","105","Information","Microsoft-Windows-Diagnosis-DPS","Diagnostic module {45de1ea9-10bc-4f96-9b21-4b6b83dbf476} (%windir%\system32\radardt.dll) started troubleshooting scenario {180b3a99-8c39-4f12-b631-2031998efe45}, instance {7ea00a50-5139-42b8-a047-55beff3e1f8b}, original activity ID {00000000-0000-0000-0000-000000000000}."
"05-08-2026 10:03:10","100","Information","Microsoft-Windows-Diagnosis-DPS","Diagnostic module {45de1ea9-10bc-4f96-9b21-4b6b83dbf476} (%windir%\system32\radardt.dll) detected a problem for scenario {180b3a99-8c39-4f12-b631-2031998efe45}, instance {7ea00a50-5139-42b8-a047-55beff3e1f8b}, original activity ID {00000000-0000-0000-0000-000000000000}."
"05-08-2026 09:58:10","105","Information","Microsoft-Windows-Diagnosis-DPS","Diagnostic module {45de1ea9-10bc-4f96-9b21-4b6b83dbf476} (%windir%\system32\radardt.dll) started troubleshooting scenario {180b3a99-8c39-4f12-b631-2031998efe45}, instance {a2d3aaa3-f848-4f06-8a06-2559398b9438}, original activity ID {00000000-0000-0000-0000-000000000000}."
"05-08-2026 09:58:10","100","Information","Microsoft-Windows-Diagnosis-DPS","Diagnostic module {45de1ea9-10bc-4f96-9b21-4b6b83dbf476} (%windir%\system32\radardt.dll) detected a problem for scenario {180b3a99-8c39-4f12-b631-2031998efe45}, instance {a2d3aaa3-f848-4f06-8a06-2559398b9438}, original activity ID {00000000-0000-0000-0000-000000000000}."
"05-08-2026 09:53:10","105","Information","Microsoft-Windows-Diagnosis-DPS","Diagnostic module {45de1ea9-10bc-4f96-9b21-4b6b83dbf476} (%windir%\system32\radardt.dll) started troubleshooting scenario {180b3a99-8c39-4f12-b631-2031998efe45}, instance {4b6ee761-e8cc-4ae9-97be-1bf6f6585aac}, original activity ID {00000000-0000-0000-0000-000000000000}."
"05-08-2026 09:53:10","100","Information","Microsoft-Windows-Diagnosis-DPS","Diagnostic module {45de1ea9-10bc-4f96-9b21-4b6b83dbf476} (%windir%\system32\radardt.dll) detected a problem for scenario {180b3a99-8c39-4f12-b631-2031998efe45}, instance {4b6ee761-e8cc-4ae9-97be-1bf6f6585aac}, original activity ID {00000000-0000-0000-0000-000000000000}."
"05-08-2026 09:48:10","105","Information","Microsoft-Windows-Diagnosis-DPS","Diagnostic module {45de1ea9-10bc-4f96-9b21-4b6b83dbf476} (%windir%\system32\radardt.dll) started troubleshooting scenario {180b3a99-8c39-4f12-b631-2031998efe45}, instance {9e2a648b-54ac-4d82-808b-cd23c7b42903}, original activity ID {00000000-0000-0000-0000-000000000000}."
"05-08-2026 09:48:10","100","Information","Microsoft-Windows-Diagnosis-DPS","Diagnostic module {45de1ea9-10bc-4f96-9b21-4b6b83dbf476} (%windir%\system32\radardt.dll) detected a problem for scenario {180b3a99-8c39-4f12-b631-2031998efe45}, instance {9e2a648b-54ac-4d82-808b-cd23c7b42903}, original activity ID {00000000-0000-0000-0000-000000000000}."
"05-08-2026 09:43:10","105","Information","Microsoft-Windows-Diagnosis-DPS","Diagnostic module {45de1ea9-10bc-4f96-9b21-4b6b83dbf476} (%windir%\system32\radardt.dll) started troubleshooting scenario {180b3a99-8c39-4f12-b631-2031998efe45}, instance {ded4c0cb-f6bd-499b-ad73-9ebd44940bf7}, original activity ID {00000000-0000-0000-0000-000000000000}."
"05-08-2026 09:43:10","100","Information","Microsoft-Windows-Diagnosis-DPS","Diagnostic module {45de1ea9-10bc-4f96-9b21-4b6b83dbf476} (%windir%\system32\radardt.dll) detected a problem for scenario {180b3a99-8c39-4f12-b631-2031998efe45}, instance {ded4c0cb-f6bd-499b-ad73-9ebd44940bf7}, original activity ID {00000000-0000-0000-0000-000000000000}."
"04-08-2026 19:33:37","105","Information","Microsoft-Windows-Diagnosis-DPS","Diagnostic module {45de1ea9-10bc-4f96-9b21-4b6b83dbf476} (%windir%\system32\radardt.dll) started troubleshooting scenario {180b3a99-8c39-4f12-b631-2031998efe45}, instance {4ec1002a-7694-42a4-b867-67906552e2b9}, original activity ID {00000000-0000-0000-0000-000000000000}."
"04-08-2026 19:33:37","100","Information","Microsoft-Windows-Diagnosis-DPS","Diagnostic module {45de1ea9-10bc-4f96-9b21-4b6b83dbf476} (%windir%\system32\radardt.dll) detected a problem for scenario {180b3a99-8c39-4f12-b631-2031998efe45}, instance {4ec1002a-7694-42a4-b867-67906552e2b9}, original activity ID {00000000-0000-0000-0000-000000000000}."
"04-08-2026 19:28:37","105","Information","Microsoft-Windows-Diagnosis-DPS","Diagnostic module {45de1ea9-10bc-4f96-9b21-4b6b83dbf476} (%windir%\system32\radardt.dll) started troubleshooting scenario {180b3a99-8c39-4f12-b631-2031998efe45}, instance {2b0e293e-8871-49c7-ad5b-1b810d2f9358}, original activity ID {00000000-0000-0000-0000-000000000000}."
"04-08-2026 19:28:37","100","Information","Microsoft-Windows-Diagnosis-DPS","Diagnostic module {45de1ea9-10bc-4f96-9b21-4b6b83dbf476} (%windir%\system32\radardt.dll) detected a problem for scenario {180b3a99-8c39-4f12-b631-2031998efe45}, instance {2b0e293e-8871-49c7-ad5b-1b810d2f9358}, original activity ID {00000000-0000-0000-0000-000000000000}."
"04-08-2026 19:23:37","105","Information","Microsoft-Windows-Diagnosis-DPS","Diagnostic module {45de1ea9-10bc-4f96-9b21-4b6b83dbf476} (%windir%\system32\radardt.dll) started troubleshooting scenario {180b3a99-8c39-4f12-b631-2031998efe45}, instance {59e22b33-cc8e-4517-ad58-36ec62ae0a10}, original activity ID {00000000-0000-0000-0000-000000000000}."
"04-08-2026 19:23:37","100","Information","Microsoft-Windows-Diagnosis-DPS","Diagnostic module {45de1ea9-10bc-4f96-9b21-4b6b83dbf476} (%windir%\system32\radardt.dll) detected a problem for scenario {180b3a99-8c39-4f12-b631-2031998efe45}, instance {59e22b33-cc8e-4517-ad58-36ec62ae0a10}, original activity ID {00000000-0000-0000-0000-000000000000}."
"04-08-2026 19:18:37","105","Information","Microsoft-Windows-Diagnosis-DPS","Diagnostic module {45de1ea9-10bc-4f96-9b21-4b6b83dbf476} (%windir%\system32\radardt.dll) started troubleshooting scenario {180b3a99-8c39-4f12-b631-2031998efe45}, instance {f1b4d355-4ac9-44a0-b4a3-67b013f2c1cd}, original activity ID {00000000-0000-0000-0000-000000000000}."
"04-08-2026 19:18:37","100","Information","Microsoft-Windows-Diagnosis-DPS","Diagnostic module {45de1ea9-10bc-4f96-9b21-4b6b83dbf476} (%windir%\system32\radardt.dll) detected a problem for scenario {180b3a99-8c39-4f12-b631-2031998efe45}, instance {f1b4d355-4ac9-44a0-b4a3-67b013f2c1cd}, original activity ID {00000000-0000-0000-0000-000000000000}."
"04-08-2026 19:13:37","105","Information","Microsoft-Windows-Diagnosis-DPS","Diagnostic module {45de1ea9-10bc-4f96-9b21-4b6b83dbf476} (%windir%\system32\radardt.dll) started troubleshooting scenario {180b3a99-8c39-4f12-b631-2031998efe45}, instance {80dbb77f-1706-4726-a2d0-54d18bd1fde2}, original activity ID {00000000-0000-0000-0000-000000000000}."
"04-08-2026 19:13:37","100","Information","Microsoft-Windows-Diagnosis-DPS","Diagnostic module {45de1ea9-10bc-4f96-9b21-4b6b83dbf476} (%windir%\system32\radardt.dll) detected a problem for scenario {180b3a99-8c39-4f12-b631-2031998efe45}, instance {80dbb77f-1706-4726-a2d0-54d18bd1fde2}, original activity ID {00000000-0000-0000-0000-000000000000}."
"04-08-2026 19:08:37","105","Information","Microsoft-Windows-Diagnosis-DPS","Diagnostic module {45de1ea9-10bc-4f96-9b21-4b6b83dbf476} (%windir%\system32\radardt.dll) started troubleshooting scenario {180b3a99-8c39-4f12-b631-2031998efe45}, instance {2886c662-ce1b-42d9-af08-1a4b166212c1}, original activity ID {00000000-0000-0000-0000-000000000000}."
"04-08-2026 19:08:37","100","Information","Microsoft-Windows-Diagnosis-DPS","Diagnostic module {45de1ea9-10bc-4f96-9b21-4b6b83dbf476} (%windir%\system32\radardt.dll) detected a problem for scenario {180b3a99-8c39-4f12-b631-2031998efe45}, instance {2886c662-ce1b-42d9-af08-1a4b166212c1}, original activity ID {00000000-0000-0000-0000-000000000000}."
"04-08-2026 19:03:37","105","Information","Microsoft-Windows-Diagnosis-DPS","Diagnostic module {45de1ea9-10bc-4f96-9b21-4b6b83dbf476} (%windir%\system32\radardt.dll) started troubleshooting scenario {180b3a99-8c39-4f12-b631-2031998efe45}, instance {ecea0dd1-9f52-4cfc-b585-e466bbcd666c}, original activity ID {00000000-0000-0000-0000-000000000000}."
"04-08-2026 19:03:37","100","Information","Microsoft-Windows-Diagnosis-DPS","Diagnostic module {45de1ea9-10bc-4f96-9b21-4b6b83dbf476} (%windir%\system32\radardt.dll) detected a problem for scenario {180b3a99-8c39-4f12-b631-2031998efe45}, instance {ecea0dd1-9f52-4cfc-b585-e466bbcd666c}, original activity ID {00000000-0000-0000-0000-000000000000}."
"04-08-2026 18:58:37","105","Information","Microsoft-Windows-Diagnosis-DPS","Diagnostic module {45de1ea9-10bc-4f96-9b21-4b6b83dbf476} (%windir%\system32\radardt.dll) started troubleshooting scenario {180b3a99-8c39-4f12-b631-2031998efe45}, instance {6d31d16d-9c00-40b3-a801-694017831ea2}, original activity ID {00000000-0000-0000-0000-000000000000}."
"04-08-2026 18:58:37","100","Information","Microsoft-Windows-Diagnosis-DPS","Diagnostic module {45de1ea9-10bc-4f96-9b21-4b6b83dbf476} (%windir%\system32\radardt.dll) detected a problem for scenario {180b3a99-8c39-4f12-b631-2031998efe45}, instance {6d31d16d-9c00-40b3-a801-694017831ea2}, original activity ID {00000000-0000-0000-0000-000000000000}."
"04-08-2026 18:53:37","105","Information","Microsoft-Windows-Diagnosis-DPS","Diagnostic module {45de1ea9-10bc-4f96-9b21-4b6b83dbf476} (%windir%\system32\radardt.dll) started troubleshooting scenario {180b3a99-8c39-4f12-b631-2031998efe45}, instance {0454da95-cacc-450c-bc73-b97a1b5436b5}, original activity ID {00000000-0000-0000-0000-000000000000}."
"04-08-2026 18:53:37","100","Information","Microsoft-Windows-Diagnosis-DPS","Diagnostic module {45de1ea9-10bc-4f96-9b21-4b6b83dbf476} (%windir%\system32\radardt.dll) detected a problem for scenario {180b3a99-8c39-4f12-b631-2031998efe45}, instance {0454da95-cacc-450c-bc73-b97a1b5436b5}, original activity ID {00000000-0000-0000-0000-000000000000}."
"04-08-2026 18:48:37","105","Information","Microsoft-Windows-Diagnosis-DPS","Diagnostic module {45de1ea9-10bc-4f96-9b21-4b6b83dbf476} (%windir%\system32\radardt.dll) started troubleshooting scenario {180b3a99-8c39-4f12-b631-2031998efe45}, instance {67c6c05c-6e44-49d2-855a-e42d01b21f4d}, original activity ID {00000000-0000-0000-0000-000000000000}."
"04-08-2026 18:48:37","100","Information","Microsoft-Windows-Diagnosis-DPS","Diagnostic module {45de1ea9-10bc-4f96-9b21-4b6b83dbf476} (%windir%\system32\radardt.dll) detected a problem for scenario {180b3a99-8c39-4f12-b631-2031998efe45}, instance {67c6c05c-6e44-49d2-855a-e42d01b21f4d}, original activity ID {00000000-0000-0000-0000-000000000000}."
"04-08-2026 18:43:37","105","Information","Microsoft-Windows-Diagnosis-DPS","Diagnostic module {45de1ea9-10bc-4f96-9b21-4b6b83dbf476} (%windir%\system32\radardt.dll) started troubleshooting scenario {180b3a99-8c39-4f12-b631-2031998efe45}, instance {1e0a905b-0ba2-4d66-939b-e0e14b1e0593}, original activity ID {00000000-0000-0000-0000-000000000000}."
"04-08-2026 18:43:37","100","Information","Microsoft-Windows-Diagnosis-DPS","Diagnostic module {45de1ea9-10bc-4f96-9b21-4b6b83dbf476} (%windir%\system32\radardt.dll) detected a problem for scenario {180b3a99-8c39-4f12-b631-2031998efe45}, instance {1e0a905b-0ba2-4d66-939b-e0e14b1e0593}, original activity ID {00000000-0000-0000-0000-000000000000}."
"04-08-2026 18:38:37","105","Information","Microsoft-Windows-Diagnosis-DPS","Diagnostic module {45de1ea9-10bc-4f96-9b21-4b6b83dbf476} (%windir%\system32\radardt.dll) started troubleshooting scenario {180b3a99-8c39-4f12-b631-2031998efe45}, instance {3757b6d9-887b-4866-b14d-0dc4a49d02e2}, original activity ID {00000000-0000-0000-0000-000000000000}."
"04-08-2026 18:38:37","100","Information","Microsoft-Windows-Diagnosis-DPS","Diagnostic module {45de1ea9-10bc-4f96-9b21-4b6b83dbf476} (%windir%\system32\radardt.dll) detected a problem for scenario {180b3a99-8c39-4f12-b631-2031998efe45}, instance {3757b6d9-887b-4866-b14d-0dc4a49d02e2}, original activity ID {00000000-0000-0000-0000-000000000000}."
"04-08-2026 18:33:37","105","Information","Microsoft-Windows-Diagnosis-DPS","Diagnostic module {45de1ea9-10bc-4f96-9b21-4b6b83dbf476} (%windir%\system32\radardt.dll) started troubleshooting scenario {180b3a99-8c39-4f12-b631-2031998efe45}, instance {0fc5baf2-af24-479b-a361-95d912d9b4af}, original activity ID {00000000-0000-0000-0000-000000000000}."
"04-08-2026 18:33:37","100","Information","Microsoft-Windows-Diagnosis-DPS","Diagnostic module {45de1ea9-10bc-4f96-9b21-4b6b83dbf476} (%windir%\system32\radardt.dll) detected a problem for scenario {180b3a99-8c39-4f12-b631-2031998efe45}, instance {0fc5baf2-af24-479b-a361-95d912d9b4af}, original activity ID {00000000-0000-0000-0000-000000000000}."
"04-08-2026 18:28:37","105","Information","Microsoft-Windows-Diagnosis-DPS","Diagnostic module {45de1ea9-10bc-4f96-9b21-4b6b83dbf476} (%windir%\system32\radardt.dll) started troubleshooting scenario {180b3a99-8c39-4f12-b631-2031998efe45}, instance {ad56aedf-ee77-4139-be37-3c64ad958095}, original activity ID {00000000-0000-0000-0000-000000000000}."
"04-08-2026 18:28:37","100","Information","Microsoft-Windows-Diagnosis-DPS","Diagnostic module {45de1ea9-10bc-4f96-9b21-4b6b83dbf476} (%windir%\system32\radardt.dll) detected a problem for scenario {180b3a99-8c39-4f12-b631-2031998efe45}, instance {ad56aedf-ee77-4139-be37-3c64ad958095}, original activity ID {00000000-0000-0000-0000-000000000000}."
"04-08-2026 18:23:37","105","Information","Microsoft-Windows-Diagnosis-DPS","Diagnostic module {45de1ea9-10bc-4f96-9b21-4b6b83dbf476} (%windir%\system32\radardt.dll) started troubleshooting scenario {180b3a99-8c39-4f12-b631-2031998efe45}, instance {2eca0fc8-f248-4066-8632-9dffdb6859a1}, original activity ID {00000000-0000-0000-0000-000000000000}."
"04-08-2026 18:23:37","100","Information","Microsoft-Windows-Diagnosis-DPS","Diagnostic module {45de1ea9-10bc-4f96-9b21-4b6b83dbf476} (%windir%\system32\radardt.dll) detected a problem for scenario {180b3a99-8c39-4f12-b631-2031998efe45}, instance {2eca0fc8-f248-4066-8632-9dffdb6859a1}, original activity ID {00000000-0000-0000-0000-000000000000}."
"04-08-2026 18:18:37","105","Information","Microsoft-Windows-Diagnosis-DPS","Diagnostic module {45de1ea9-10bc-4f96-9b21-4b6b83dbf476} (%windir%\system32\radardt.dll) started troubleshooting scenario {180b3a99-8c39-4f12-b631-2031998efe45}, instance {ee81c071-a4c4-4af5-8dbc-5ca0ca171f33}, original activity ID {00000000-0000-0000-0000-000000000000}."
"04-08-2026 18:18:37","100","Information","Microsoft-Windows-Diagnosis-DPS","Diagnostic module {45de1ea9-10bc-4f96-9b21-4b6b83dbf476} (%windir%\system32\radardt.dll) detected a problem for scenario {180b3a99-8c39-4f12-b631-2031998efe45}, instance {ee81c071-a4c4-4af5-8dbc-5ca0ca171f33}, original activity ID {00000000-0000-0000-0000-000000000000}."
"04-08-2026 18:13:37","105","Information","Microsoft-Windows-Diagnosis-DPS","Diagnostic module {45de1ea9-10bc-4f96-9b21-4b6b83dbf476} (%windir%\system32\radardt.dll) started troubleshooting scenario {180b3a99-8c39-4f12-b631-2031998efe45}, instance {285ebf7a-3441-4041-9caf-65f05057ebb0}, original activity ID {00000000-0000-0000-0000-000000000000}."
"04-08-2026 18:13:37","100","Information","Microsoft-Windows-Diagnosis-DPS","Diagnostic module {45de1ea9-10bc-4f96-9b21-4b6b83dbf476} (%windir%\system32\radardt.dll) detected a problem for scenario {180b3a99-8c39-4f12-b631-2031998efe45}, instance {285ebf7a-3441-4041-9caf-65f05057ebb0}, original activity ID {00000000-0000-0000-0000-000000000000}."
"04-08-2026 18:08:37","105","Information","Microsoft-Windows-Diagnosis-DPS","Diagnostic module {45de1ea9-10bc-4f96-9b21-4b6b83dbf476} (%windir%\system32\radardt.dll) started troubleshooting scenario {180b3a99-8c39-4f12-b631-2031998efe45}, instance {26156d38-5e55-412c-bc00-506140bd7e91}, original activity ID {00000000-0000-0000-0000-000000000000}."
"04-08-2026 18:08:37","100","Information","Microsoft-Windows-Diagnosis-DPS","Diagnostic module {45de1ea9-10bc-4f96-9b21-4b6b83dbf476} (%windir%\system32\radardt.dll) detected a problem for scenario {180b3a99-8c39-4f12-b631-2031998efe45}, instance {26156d38-5e55-412c-bc00-506140bd7e91}, original activity ID {00000000-0000-0000-0000-000000000000}."
"04-08-2026 18:03:37","105","Information","Microsoft-Windows-Diagnosis-DPS","Diagnostic module {45de1ea9-10bc-4f96-9b21-4b6b83dbf476} (%windir%\system32\radardt.dll) started troubleshooting scenario {180b3a99-8c39-4f12-b631-2031998efe45}, instance {5e77951f-c2e3-4cd0-a692-ca43a51b9c17}, original activity ID {00000000-0000-0000-0000-000000000000}."
"04-08-2026 18:03:37","100","Information","Microsoft-Windows-Diagnosis-DPS","Diagnostic module {45de1ea9-10bc-4f96-9b21-4b6b83dbf476} (%windir%\system32\radardt.dll) detected a problem for scenario {180b3a99-8c39-4f12-b631-2031998efe45}, instance {5e77951f-c2e3-4cd0-a692-ca43a51b9c17}, original activity ID {00000000-0000-0000-0000-000000000000}."
"04-08-2026 17:58:37","105","Information","Microsoft-Windows-Diagnosis-DPS","Diagnostic module {45de1ea9-10bc-4f96-9b21-4b6b83dbf476} (%windir%\system32\radardt.dll) started troubleshooting scenario {180b3a99-8c39-4f12-b631-2031998efe45}, instance {fb263772-9ef5-431f-a854-1d42d60d0922}, original activity ID {00000000-0000-0000-0000-000000000000}."
"04-08-2026 17:58:37","100","Information","Microsoft-Windows-Diagnosis-DPS","Diagnostic module {45de1ea9-10bc-4f96-9b21-4b6b83dbf476} (%windir%\system32\radardt.dll) detected a problem for scenario {180b3a99-8c39-4f12-b631-2031998efe45}, instance {fb263772-9ef5-431f-a854-1d42d60d0922}, original activity ID {00000000-0000-0000-0000-000000000000}."
"04-08-2026 17:53:37","105","Information","Microsoft-Windows-Diagnosis-DPS","Diagnostic module {45de1ea9-10bc-4f96-9b21-4b6b83dbf476} (%windir%\system32\radardt.dll) started troubleshooting scenario {180b3a99-8c39-4f12-b631-2031998efe45}, instance {b9a12348-9ee7-47e5-bc72-43d2d1e2ae0d}, original activity ID {00000000-0000-0000-0000-000000000000}."
"04-08-2026 17:53:37","100","Information","Microsoft-Windows-Diagnosis-DPS","Diagnostic module {45de1ea9-10bc-4f96-9b21-4b6b83dbf476} (%windir%\system32\radardt.dll) detected a problem for scenario {180b3a99-8c39-4f12-b631-2031998efe45}, instance {b9a12348-9ee7-47e5-bc72-43d2d1e2ae0d}, original activity ID {00000000-0000-0000-0000-000000000000}."
"04-08-2026 17:48:37","105","Information","Microsoft-Windows-Diagnosis-DPS","Diagnostic module {45de1ea9-10bc-4f96-9b21-4b6b83dbf476} (%windir%\system32\radardt.dll) started troubleshooting scenario {180b3a99-8c39-4f12-b631-2031998efe45}, instance {ae524eb4-586b-4a1f-bcf5-e68326da6b22}, original activity ID {00000000-0000-0000-0000-000000000000}."
"04-08-2026 17:48:37","100","Information","Microsoft-Windows-Diagnosis-DPS","Diagnostic module {45de1ea9-10bc-4f96-9b21-4b6b83dbf476} (%windir%\system32\radardt.dll) detected a problem for scenario {180b3a99-8c39-4f12-b631-2031998efe45}, instance {ae524eb4-586b-4a1f-bcf5-e68326da6b22}, original activity ID {00000000-0000-0000-0000-000000000000}."
"04-08-2026 17:43:37","105","Information","Microsoft-Windows-Diagnosis-DPS","Diagnostic module {45de1ea9-10bc-4f96-9b21-4b6b83dbf476} (%windir%\system32\radardt.dll) started troubleshooting scenario {180b3a99-8c39-4f12-b631-2031998efe45}, instance {1db1c377-7875-4ba7-9331-eb849074055d}, original activity ID {00000000-0000-0000-0000-000000000000}."
"04-08-2026 17:43:37","100","Information","Microsoft-Windows-Diagnosis-DPS","Diagnostic module {45de1ea9-10bc-4f96-9b21-4b6b83dbf476} (%windir%\system32\radardt.dll) detected a problem for scenario {180b3a99-8c39-4f12-b631-2031998efe45}, instance {1db1c377-7875-4ba7-9331-eb849074055d}, original activity ID {00000000-0000-0000-0000-000000000000}."
"04-08-2026 17:38:37","105","Information","Microsoft-Windows-Diagnosis-DPS","Diagnostic module {45de1ea9-10bc-4f96-9b21-4b6b83dbf476} (%windir%\system32\radardt.dll) started troubleshooting scenario {180b3a99-8c39-4f12-b631-2031998efe45}, instance {c076f411-d7e3-4717-83f4-edbaf6e050bd}, original activity ID {00000000-0000-0000-0000-000000000000}."
"04-08-2026 17:38:37","100","Information","Microsoft-Windows-Diagnosis-DPS","Diagnostic module {45de1ea9-10bc-4f96-9b21-4b6b83dbf476} (%windir%\system32\radardt.dll) detected a problem for scenario {180b3a99-8c39-4f12-b631-2031998efe45}, instance {c076f411-d7e3-4717-83f4-edbaf6e050bd}, original activity ID {00000000-0000-0000-0000-000000000000}."
"04-08-2026 17:33:37","105","Information","Microsoft-Windows-Diagnosis-DPS","Diagnostic module {45de1ea9-10bc-4f96-9b21-4b6b83dbf476} (%windir%\system32\radardt.dll) started troubleshooting scenario {180b3a99-8c39-4f12-b631-2031998efe45}, instance {070f168b-c89c-4661-9f50-88f754c18b3f}, original activity ID {00000000-0000-0000-0000-000000000000}."
"04-08-2026 17:33:37","100","Information","Microsoft-Windows-Diagnosis-DPS","Diagnostic module {45de1ea9-10bc-4f96-9b21-4b6b83dbf476} (%windir%\system32\radardt.dll) detected a problem for scenario {180b3a99-8c39-4f12-b631-2031998efe45}, instance {070f168b-c89c-4661-9f50-88f754c18b3f}, original activity ID {00000000-0000-0000-0000-000000000000}."
"04-08-2026 17:28:37","105","Information","Microsoft-Windows-Diagnosis-DPS","Diagnostic module {45de1ea9-10bc-4f96-9b21-4b6b83dbf476} (%windir%\system32\radardt.dll) started troubleshooting scenario {180b3a99-8c39-4f12-b631-2031998efe45}, instance {ad08f5ce-8e57-4cb9-95f3-4a45404b3f17}, original activity ID {00000000-0000-0000-0000-000000000000}."
"04-08-2026 17:28:37","100","Information","Microsoft-Windows-Diagnosis-DPS","Diagnostic module {45de1ea9-10bc-4f96-9b21-4b6b83dbf476} (%windir%\system32\radardt.dll) detected a problem for scenario {180b3a99-8c39-4f12-b631-2031998efe45}, instance {ad08f5ce-8e57-4cb9-95f3-4a45404b3f17}, original activity ID {00000000-0000-0000-0000-000000000000}."
"04-08-2026 17:23:37","105","Information","Microsoft-Windows-Diagnosis-DPS","Diagnostic module {45de1ea9-10bc-4f96-9b21-4b6b83dbf476} (%windir%\system32\radardt.dll) started troubleshooting scenario {180b3a99-8c39-4f12-b631-2031998efe45}, instance {c75d5e0c-fb55-4a01-becd-24e2224ebc5e}, original activity ID {00000000-0000-0000-0000-000000000000}."
"04-08-2026 17:23:37","100","Information","Microsoft-Windows-Diagnosis-DPS","Diagnostic module {45de1ea9-10bc-4f96-9b21-4b6b83dbf476} (%windir%\system32\radardt.dll) detected a problem for scenario {180b3a99-8c39-4f12-b631-2031998efe45}, instance {c75d5e0c-fb55-4a01-becd-24e2224ebc5e}, original activity ID {00000000-0000-0000-0000-000000000000}."
"04-08-2026 17:18:37","105","Information","Microsoft-Windows-Diagnosis-DPS","Diagnostic module {45de1ea9-10bc-4f96-9b21-4b6b83dbf476} (%windir%\system32\radardt.dll) started troubleshooting scenario {180b3a99-8c39-4f12-b631-2031998efe45}, instance {704f87e4-4ffc-4b7d-ab78-c9626b96a078}, original activity ID {00000000-0000-0000-0000-000000000000}."
"04-08-2026 17:18:37","100","Information","Microsoft-Windows-Diagnosis-DPS","Diagnostic module {45de1ea9-10bc-4f96-9b21-4b6b83dbf476} (%windir%\system32\radardt.dll) detected a problem for scenario {180b3a99-8c39-4f12-b631-2031998efe45}, instance {704f87e4-4ffc-4b7d-ab78-c9626b96a078}, original activity ID {00000000-0000-0000-0000-000000000000}."
"04-08-2026 17:13:37","105","Information","Microsoft-Windows-Diagnosis-DPS","Diagnostic module {45de1ea9-10bc-4f96-9b21-4b6b83dbf476} (%windir%\system32\radardt.dll) started troubleshooting scenario {180b3a99-8c39-4f12-b631-2031998efe45}, instance {d0ed2394-d5cd-4a00-b05d-b3fb25ec5f30}, original activity ID {00000000-0000-0000-0000-000000000000}."
"04-08-2026 17:13:37","100","Information","Microsoft-Windows-Diagnosis-DPS","Diagnostic module {45de1ea9-10bc-4f96-9b21-4b6b83dbf476} (%windir%\system32\radardt.dll) detected a problem for scenario {180b3a99-8c39-4f12-b631-2031998efe45}, instance {d0ed2394-d5cd-4a00-b05d-b3fb25ec5f30}, original activity ID {00000000-0000-0000-0000-000000000000}."
"04-08-2026 17:08:37","105","Information","Microsoft-Windows-Diagnosis-DPS","Diagnostic module {45de1ea9-10bc-4f96-9b21-4b6b83dbf476} (%windir%\system32\radardt.dll) started troubleshooting scenario {180b3a99-8c39-4f12-b631-2031998efe45}, instance {faa293c2-7a1b-4bcb-ac97-c821fe855742}, original activity ID {00000000-0000-0000-0000-000000000000}."
"04-08-2026 17:08:37","100","Information","Microsoft-Windows-Diagnosis-DPS","Diagnostic module {45de1ea9-10bc-4f96-9b21-4b6b83dbf476} (%windir%\system32\radardt.dll) detected a problem for scenario {180b3a99-8c39-4f12-b631-2031998efe45}, instance {faa293c2-7a1b-4bcb-ac97-c821fe855742}, original activity ID {00000000-0000-0000-0000-000000000000}."
"04-08-2026 17:03:37","105","Information","Microsoft-Windows-Diagnosis-DPS","Diagnostic module {45de1ea9-10bc-4f96-9b21-4b6b83dbf476} (%windir%\system32\radardt.dll) started troubleshooting scenario {180b3a99-8c39-4f12-b631-2031998efe45}, instance {a74701a5-9cf6-42ba-8f9b-7da62e687b28}, original activity ID {00000000-0000-0000-0000-000000000000}."
"04-08-2026 17:03:37","100","Information","Microsoft-Windows-Diagnosis-DPS","Diagnostic module {45de1ea9-10bc-4f96-9b21-4b6b83dbf476} (%windir%\system32\radardt.dll) detected a problem for scenario {180b3a99-8c39-4f12-b631-2031998efe45}, instance {a74701a5-9cf6-42ba-8f9b-7da62e687b28}, original activity ID {00000000-0000-0000-0000-000000000000}."
"04-08-2026 16:58:37","105","Information","Microsoft-Windows-Diagnosis-DPS","Diagnostic module {45de1ea9-10bc-4f96-9b21-4b6b83dbf476} (%windir%\system32\radardt.dll) started troubleshooting scenario {180b3a99-8c39-4f12-b631-2031998efe45}, instance {b454ba4b-4bff-4664-a7b5-1d727e296a6d}, original activity ID {00000000-0000-0000-0000-000000000000}."
"04-08-2026 16:58:37","100","Information","Microsoft-Windows-Diagnosis-DPS","Diagnostic module {45de1ea9-10bc-4f96-9b21-4b6b83dbf476} (%windir%\system32\radardt.dll) detected a problem for scenario {180b3a99-8c39-4f12-b631-2031998efe45}, instance {b454ba4b-4bff-4664-a7b5-1d727e296a6d}, original activity ID {00000000-0000-0000-0000-000000000000}."
"04-08-2026 16:53:37","105","Information","Microsoft-Windows-Diagnosis-DPS","Diagnostic module {45de1ea9-10bc-4f96-9b21-4b6b83dbf476} (%windir%\system32\radardt.dll) started troubleshooting scenario {180b3a99-8c39-4f12-b631-2031998efe45}, instance {80dd71c0-45af-4b2f-aa72-a72bf0185047}, original activity ID {00000000-0000-0000-0000-000000000000}."
"04-08-2026 16:53:37","100","Information","Microsoft-Windows-Diagnosis-DPS","Diagnostic module {45de1ea9-10bc-4f96-9b21-4b6b83dbf476} (%windir%\system32\radardt.dll) detected a problem for scenario {180b3a99-8c39-4f12-b631-2031998efe45}, instance {80dd71c0-45af-4b2f-aa72-a72bf0185047}, original activity ID {00000000-0000-0000-0000-000000000000}."
"04-08-2026 16:48:37","105","Information","Microsoft-Windows-Diagnosis-DPS","Diagnostic module {45de1ea9-10bc-4f96-9b21-4b6b83dbf476} (%windir%\system32\radardt.dll) started troubleshooting scenario {180b3a99-8c39-4f12-b631-2031998efe45}, instance {172b236c-0017-4736-aa04-b23e6566117c}, original activity ID {00000000-0000-0000-0000-000000000000}."
"04-08-2026 16:48:37","100","Information","Microsoft-Windows-Diagnosis-DPS","Diagnostic module {45de1ea9-10bc-4f96-9b21-4b6b83dbf476} (%windir%\system32\radardt.dll) detected a problem for scenario {180b3a99-8c39-4f12-b631-2031998efe45}, instance {172b236c-0017-4736-aa04-b23e6566117c}, original activity ID {00000000-0000-0000-0000-000000000000}."
"04-08-2026 16:43:37","105","Information","Microsoft-Windows-Diagnosis-DPS","Diagnostic module {45de1ea9-10bc-4f96-9b21-4b6b83dbf476} (%windir%\system32\radardt.dll) started troubleshooting scenario {180b3a99-8c39-4f12-b631-2031998efe45}, instance {163dd6a0-3ca4-42c0-b534-0c53ec62689f}, original activity ID {00000000-0000-0000-0000-000000000000}."
"04-08-2026 16:43:37","100","Information","Microsoft-Windows-Diagnosis-DPS","Diagnostic module {45de1ea9-10bc-4f96-9b21-4b6b83dbf476} (%windir%\system32\radardt.dll) detected a problem for scenario {180b3a99-8c39-4f12-b631-2031998efe45}, instance {163dd6a0-3ca4-42c0-b534-0c53ec62689f}, original activity ID {00000000-0000-0000-0000-000000000000}."
"04-08-2026 16:38:37","105","Information","Microsoft-Windows-Diagnosis-DPS","Diagnostic module {45de1ea9-10bc-4f96-9b21-4b6b83dbf476} (%windir%\system32\radardt.dll) started troubleshooting scenario {180b3a99-8c39-4f12-b631-2031998efe45}, instance {efdc625e-9e17-4aad-8ff0-2d17ddc094c2}, original activity ID {00000000-0000-0000-0000-000000000000}."
"04-08-2026 16:38:37","100","Information","Microsoft-Windows-Diagnosis-DPS","Diagnostic module {45de1ea9-10bc-4f96-9b21-4b6b83dbf476} (%windir%\system32\radardt.dll) detected a problem for scenario {180b3a99-8c39-4f12-b631-2031998efe45}, instance {efdc625e-9e17-4aad-8ff0-2d17ddc094c2}, original activity ID {00000000-0000-0000-0000-000000000000}."
"04-08-2026 16:33:36","105","Information","Microsoft-Windows-Diagnosis-DPS","Diagnostic module {45de1ea9-10bc-4f96-9b21-4b6b83dbf476} (%windir%\system32\radardt.dll) started troubleshooting scenario {180b3a99-8c39-4f12-b631-2031998efe45}, instance {a26675c6-b944-4bcc-9264-a443ea1f6feb}, original activity ID {00000000-0000-0000-0000-000000000000}."
"04-08-2026 16:33:36","100","Information","Microsoft-Windows-Diagnosis-DPS","Diagnostic module {45de1ea9-10bc-4f96-9b21-4b6b83dbf476} (%windir%\system32\radardt.dll) detected a problem for scenario {180b3a99-8c39-4f12-b631-2031998efe45}, instance {a26675c6-b944-4bcc-9264-a443ea1f6feb}, original activity ID {00000000-0000-0000-0000-000000000000}."
"04-08-2026 16:28:36","105","Information","Microsoft-Windows-Diagnosis-DPS","Diagnostic module {45de1ea9-10bc-4f96-9b21-4b6b83dbf476} (%windir%\system32\radardt.dll) started troubleshooting scenario {180b3a99-8c39-4f12-b631-2031998efe45}, instance {0d1123d5-c7fd-4676-a34c-9db234559d10}, original activity ID {00000000-0000-0000-0000-000000000000}."
"04-08-2026 16:28:36","100","Information","Microsoft-Windows-Diagnosis-DPS","Diagnostic module {45de1ea9-10bc-4f96-9b21-4b6b83dbf476} (%windir%\system32\radardt.dll) detected a problem for scenario {180b3a99-8c39-4f12-b631-2031998efe45}, instance {0d1123d5-c7fd-4676-a34c-9db234559d10}, original activity ID {00000000-0000-0000-0000-000000000000}."
"04-08-2026 16:23:36","105","Information","Microsoft-Windows-Diagnosis-DPS","Diagnostic module {45de1ea9-10bc-4f96-9b21-4b6b83dbf476} (%windir%\system32\radardt.dll) started troubleshooting scenario {180b3a99-8c39-4f12-b631-2031998efe45}, instance {53c081dc-7881-4502-9337-d0c47d2f82bb}, original activity ID {00000000-0000-0000-0000-000000000000}."
"04-08-2026 16:23:36","100","Information","Microsoft-Windows-Diagnosis-DPS","Diagnostic module {45de1ea9-10bc-4f96-9b21-4b6b83dbf476} (%windir%\system32\radardt.dll) detected a problem for scenario {180b3a99-8c39-4f12-b631-2031998efe45}, instance {53c081dc-7881-4502-9337-d0c47d2f82bb}, original activity ID {00000000-0000-0000-0000-000000000000}."
"04-08-2026 16:18:36","105","Information","Microsoft-Windows-Diagnosis-DPS","Diagnostic module {45de1ea9-10bc-4f96-9b21-4b6b83dbf476} (%windir%\system32\radardt.dll) started troubleshooting scenario {180b3a99-8c39-4f12-b631-2031998efe45}, instance {cae9ef18-64dd-4da4-b282-85cf482ca31c}, original activity ID {00000000-0000-0000-0000-000000000000}."
"04-08-2026 16:18:36","100","Information","Microsoft-Windows-Diagnosis-DPS","Diagnostic module {45de1ea9-10bc-4f96-9b21-4b6b83dbf476} (%windir%\system32\radardt.dll) detected a problem for scenario {180b3a99-8c39-4f12-b631-2031998efe45}, instance {cae9ef18-64dd-4da4-b282-85cf482ca31c}, original activity ID {00000000-0000-0000-0000-000000000000}."
"04-08-2026 16:13:36","105","Information","Microsoft-Windows-Diagnosis-DPS","Diagnostic module {45de1ea9-10bc-4f96-9b21-4b6b83dbf476} (%windir%\system32\radardt.dll) started troubleshooting scenario {180b3a99-8c39-4f12-b631-2031998efe45}, instance {67c49ac6-42b1-4cc5-a199-b31433760634}, original activity ID {00000000-0000-0000-0000-000000000000}."
"04-08-2026 16:13:36","100","Information","Microsoft-Windows-Diagnosis-DPS","Diagnostic module {45de1ea9-10bc-4f96-9b21-4b6b83dbf476} (%windir%\system32\radardt.dll) detected a problem for scenario {180b3a99-8c39-4f12-b631-2031998efe45}, instance {67c49ac6-42b1-4cc5-a199-b31433760634}, original activity ID {00000000-0000-0000-0000-000000000000}."
"04-08-2026 16:08:36","105","Information","Microsoft-Windows-Diagnosis-DPS","Diagnostic module {45de1ea9-10bc-4f96-9b21-4b6b83dbf476} (%windir%\system32\radardt.dll) started troubleshooting scenario {180b3a99-8c39-4f12-b631-2031998efe45}, instance {f25534cb-829e-437d-bbfb-b76e0fc2adf4}, original activity ID {00000000-0000-0000-0000-000000000000}."
"04-08-2026 16:08:36","100","Information","Microsoft-Windows-Diagnosis-DPS","Diagnostic module {45de1ea9-10bc-4f96-9b21-4b6b83dbf476} (%windir%\system32\radardt.dll) detected a problem for scenario {180b3a99-8c39-4f12-b631-2031998efe45}, instance {f25534cb-829e-437d-bbfb-b76e0fc2adf4}, original activity ID {00000000-0000-0000-0000-000000000000}."
"04-08-2026 16:03:36","105","Information","Microsoft-Windows-Diagnosis-DPS","Diagnostic module {45de1ea9-10bc-4f96-9b21-4b6b83dbf476} (%windir%\system32\radardt.dll) started troubleshooting scenario {180b3a99-8c39-4f12-b631-2031998efe45}, instance {e8b1bae0-93df-4e35-a143-4e81e25b305c}, original activity ID {00000000-0000-0000-0000-000000000000}."
"04-08-2026 16:03:36","100","Information","Microsoft-Windows-Diagnosis-DPS","Diagnostic module {45de1ea9-10bc-4f96-9b21-4b6b83dbf476} (%windir%\system32\radardt.dll) detected a problem for scenario {180b3a99-8c39-4f12-b631-2031998efe45}, instance {e8b1bae0-93df-4e35-a143-4e81e25b305c}, original activity ID {00000000-0000-0000-0000-000000000000}."
"04-08-2026 15:58:36","105","Information","Microsoft-Windows-Diagnosis-DPS","Diagnostic module {45de1ea9-10bc-4f96-9b21-4b6b83dbf476} (%windir%\system32\radardt.dll) started troubleshooting scenario {180b3a99-8c39-4f12-b631-2031998efe45}, instance {a2c53e07-0a19-4c9f-aad6-15c8f4b08da5}, original activity ID {00000000-0000-0000-0000-000000000000}."
"04-08-2026 15:58:36","100","Information","Microsoft-Windows-Diagnosis-DPS","Diagnostic module {45de1ea9-10bc-4f96-9b21-4b6b83dbf476} (%windir%\system32\radardt.dll) detected a problem for scenario {180b3a99-8c39-4f12-b631-2031998efe45}, instance {a2c53e07-0a19-4c9f-aad6-15c8f4b08da5}, original activity ID {00000000-0000-0000-0000-000000000000}."
"04-08-2026 15:53:36","105","Information","Microsoft-Windows-Diagnosis-DPS","Diagnostic module {45de1ea9-10bc-4f96-9b21-4b6b83dbf476} (%windir%\system32\radardt.dll) started troubleshooting scenario {180b3a99-8c39-4f12-b631-2031998efe45}, instance {ed83af56-fd6a-4614-8d6e-59373a7d4ba6}, original activity ID {00000000-0000-0000-0000-000000000000}."
"04-08-2026 15:53:36","100","Information","Microsoft-Windows-Diagnosis-DPS","Diagnostic module {45de1ea9-10bc-4f96-9b21-4b6b83dbf476} (%windir%\system32\radardt.dll) detected a problem for scenario {180b3a99-8c39-4f12-b631-2031998efe45}, instance {ed83af56-fd6a-4614-8d6e-59373a7d4ba6}, original activity ID {00000000-0000-0000-0000-000000000000}."
"04-08-2026 15:48:36","105","Information","Microsoft-Windows-Diagnosis-DPS","Diagnostic module {45de1ea9-10bc-4f96-9b21-4b6b83dbf476} (%windir%\system32\radardt.dll) started troubleshooting scenario {180b3a99-8c39-4f12-b631-2031998efe45}, instance {9a369baa-2866-4e61-9f07-66e10c0b7e15}, original activity ID {00000000-0000-0000-0000-000000000000}."
"04-08-2026 15:48:36","100","Information","Microsoft-Windows-Diagnosis-DPS","Diagnostic module {45de1ea9-10bc-4f96-9b21-4b6b83dbf476} (%windir%\system32\radardt.dll) detected a problem for scenario {180b3a99-8c39-4f12-b631-2031998efe45}, instance {9a369baa-2866-4e61-9f07-66e10c0b7e15}, original activity ID {00000000-0000-0000-0000-000000000000}."
"04-08-2026 15:43:36","105","Information","Microsoft-Windows-Diagnosis-DPS","Diagnostic module {45de1ea9-10bc-4f96-9b21-4b6b83dbf476} (%windir%\system32\radardt.dll) started troubleshooting scenario {180b3a99-8c39-4f12-b631-2031998efe45}, instance {893d7897-d6dc-46f9-b660-7b31803b4fc2}, original activity ID {00000000-0000-0000-0000-000000000000}."
"04-08-2026 15:43:36","100","Information","Microsoft-Windows-Diagnosis-DPS","Diagnostic module {45de1ea9-10bc-4f96-9b21-4b6b83dbf476} (%windir%\system32\radardt.dll) detected a problem for scenario {180b3a99-8c39-4f12-b631-2031998efe45}, instance {893d7897-d6dc-46f9-b660-7b31803b4fc2}, original activity ID {00000000-0000-0000-0000-000000000000}."
"04-08-2026 15:38:36","105","Information","Microsoft-Windows-Diagnosis-DPS","Diagnostic module {45de1ea9-10bc-4f96-9b21-4b6b83dbf476} (%windir%\system32\radardt.dll) started troubleshooting scenario {180b3a99-8c39-4f12-b631-2031998efe45}, instance {94feabd9-6518-41b2-8345-c5c4d1dc26ec}, original activity ID {00000000-0000-0000-0000-000000000000}."
"04-08-2026 15:38:36","100","Information","Microsoft-Windows-Diagnosis-DPS","Diagnostic module {45de1ea9-10bc-4f96-9b21-4b6b83dbf476} (%windir%\system32\radardt.dll) detected a problem for scenario {180b3a99-8c39-4f12-b631-2031998efe45}, instance {94feabd9-6518-41b2-8345-c5c4d1dc26ec}, original activity ID {00000000-0000-0000-0000-000000000000}."
"04-08-2026 15:33:36","105","Information","Microsoft-Windows-Diagnosis-DPS","Diagnostic module {45de1ea9-10bc-4f96-9b21-4b6b83dbf476} (%windir%\system32\radardt.dll) started troubleshooting scenario {180b3a99-8c39-4f12-b631-2031998efe45}, instance {15e9d575-5763-4c94-a2ee-933246fd9801}, original activity ID {00000000-0000-0000-0000-000000000000}."
"04-08-2026 15:33:36","100","Information","Microsoft-Windows-Diagnosis-DPS","Diagnostic module {45de1ea9-10bc-4f96-9b21-4b6b83dbf476} (%windir%\system32\radardt.dll) detected a problem for scenario {180b3a99-8c39-4f12-b631-2031998efe45}, instance {15e9d575-5763-4c94-a2ee-933246fd9801}, original activity ID {00000000-0000-0000-0000-000000000000}."
"04-08-2026 15:28:36","105","Information","Microsoft-Windows-Diagnosis-DPS","Diagnostic module {45de1ea9-10bc-4f96-9b21-4b6b83dbf476} (%windir%\system32\radardt.dll) started troubleshooting scenario {180b3a99-8c39-4f12-b631-2031998efe45}, instance {27e72734-7ff6-43ef-af77-2f7214045397}, original activity ID {00000000-0000-0000-0000-000000000000}."
"04-08-2026 15:28:36","100","Information","Microsoft-Windows-Diagnosis-DPS","Diagnostic module {45de1ea9-10bc-4f96-9b21-4b6b83dbf476} (%windir%\system32\radardt.dll) detected a problem for scenario {180b3a99-8c39-4f12-b631-2031998efe45}, instance {27e72734-7ff6-43ef-af77-2f7214045397}, original activity ID {00000000-0000-0000-0000-000000000000}."
"04-08-2026 15:23:36","105","Information","Microsoft-Windows-Diagnosis-DPS","Diagnostic module {45de1ea9-10bc-4f96-9b21-4b6b83dbf476} (%windir%\system32\radardt.dll) started troubleshooting scenario {180b3a99-8c39-4f12-b631-2031998efe45}, instance {eb918299-34bf-43d5-8720-78535813f44c}, original activity ID {00000000-0000-0000-0000-000000000000}."
"04-08-2026 15:23:36","100","Information","Microsoft-Windows-Diagnosis-DPS","Diagnostic module {45de1ea9-10bc-4f96-9b21-4b6b83dbf476} (%windir%\system32\radardt.dll) detected a problem for scenario {180b3a99-8c39-4f12-b631-2031998efe45}, instance {eb918299-34bf-43d5-8720-78535813f44c}, original activity ID {00000000-0000-0000-0000-000000000000}."
"04-08-2026 15:18:36","105","Information","Microsoft-Windows-Diagnosis-DPS","Diagnostic module {45de1ea9-10bc-4f96-9b21-4b6b83dbf476} (%windir%\system32\radardt.dll) started troubleshooting scenario {180b3a99-8c39-4f12-b631-2031998efe45}, instance {3d8a305e-e8bc-4a9f-9f52-8ac3cbfd901e}, original activity ID {00000000-0000-0000-0000-000000000000}."
"04-08-2026 15:18:36","100","Information","Microsoft-Windows-Diagnosis-DPS","Diagnostic module {45de1ea9-10bc-4f96-9b21-4b6b83dbf476} (%windir%\system32\radardt.dll) detected a problem for scenario {180b3a99-8c39-4f12-b631-2031998efe45}, instance {3d8a305e-e8bc-4a9f-9f52-8ac3cbfd901e}, original activity ID {00000000-0000-0000-0000-000000000000}."
"04-08-2026 15:13:36","105","Information","Microsoft-Windows-Diagnosis-DPS","Diagnostic module {45de1ea9-10bc-4f96-9b21-4b6b83dbf476} (%windir%\system32\radardt.dll) started troubleshooting scenario {180b3a99-8c39-4f12-b631-2031998efe45}, instance {ab07f6a1-2bf3-4670-bca2-5bd3d717c0f8}, original activity ID {00000000-0000-0000-0000-000000000000}."
"04-08-2026 15:13:36","100","Information","Microsoft-Windows-Diagnosis-DPS","Diagnostic module {45de1ea9-10bc-4f96-9b21-4b6b83dbf476} (%windir%\system32\radardt.dll) detected a problem for scenario {180b3a99-8c39-4f12-b631-2031998efe45}, instance {ab07f6a1-2bf3-4670-bca2-5bd3d717c0f8}, original activity ID {00000000-0000-0000-0000-000000000000}."
"04-08-2026 15:08:36","105","Information","Microsoft-Windows-Diagnosis-DPS","Diagnostic module {45de1ea9-10bc-4f96-9b21-4b6b83dbf476} (%windir%\system32\radardt.dll) started troubleshooting scenario {180b3a99-8c39-4f12-b631-2031998efe45}, instance {59910ec0-47fa-46a6-a0fb-2a18a3ef7743}, original activity ID {00000000-0000-0000-0000-000000000000}."
"04-08-2026 15:08:36","100","Information","Microsoft-Windows-Diagnosis-DPS","Diagnostic module {45de1ea9-10bc-4f96-9b21-4b6b83dbf476} (%windir%\system32\radardt.dll) detected a problem for scenario {180b3a99-8c39-4f12-b631-2031998efe45}, instance {59910ec0-47fa-46a6-a0fb-2a18a3ef7743}, original activity ID {00000000-0000-0000-0000-000000000000}."
"04-08-2026 15:03:36","105","Information","Microsoft-Windows-Diagnosis-DPS","Diagnostic module {45de1ea9-10bc-4f96-9b21-4b6b83dbf476} (%windir%\system32\radardt.dll) started troubleshooting scenario {180b3a99-8c39-4f12-b631-2031998efe45}, instance {835705ce-3ed5-46e1-aae9-b10e40c45952}, original activity ID {00000000-0000-0000-0000-000000000000}."
"04-08-2026 15:03:36","100","Information","Microsoft-Windows-Diagnosis-DPS","Diagnostic module {45de1ea9-10bc-4f96-9b21-4b6b83dbf476} (%windir%\system32\radardt.dll) detected a problem for scenario {180b3a99-8c39-4f12-b631-2031998efe45}, instance {835705ce-3ed5-46e1-aae9-b10e40c45952}, original activity ID {00000000-0000-0000-0000-000000000000}."
