"18-08-2026 13:07:41","1223","Verbose","Microsoft-Windows-PushNotifications-Platform","WNP Transport Layer sent command: ATH, Trid: 2, Namespace: CON\DEVICE, CV: EEnbxEfVnUmgYtO+.2 containing 1334 bytes of payload: 0x436F6E746578743A20396539666539393333336434636636380D0A0D0A3C6465766963653E3C636F6D706163742D7469636B65743E743D45774359412B704942414155316244476664617A69446658706A4E354E36635968543177626D5141415148745A546578654276376D6C717774457A35302B5A324A753849476649695A6171456A4936795257476C544E475930512B32373538426D317A546374744B71653262565954626A436F68484A48634E6976302B4D3739504E35763949384753726D4A626C584D4F4F4E722F6F784C49672F56517575634F72763666786B6F552F67593543654A4A7251615246674949756A3945664E32374E6634457464357932596B7678595A7243787A6B7A424B576950627A4934426B4A453754654D694B3752353835347041666E6B743077365461584761686A30322F334174783163646B794853706664425152694676477A494E744A7767312F765473354F776B344844435574565353647155554C536352627142534144593034324B595076774A684977347054676849704E6538666C496648656F673954756D507A32766F374F6D4734477849674D304E575A73464A4E31425534665A55515A674141454A684D64416A634C31667576583149752F4C3033567467416E63377273477054575175727258336C6B5051323649443654444C4F42524F3068356E5A724171336A62597772306E39504B6937466F2F6E30352F794E4B6E742B365066787537492F4F39516F564B4C472B48366375686D46753134744F454B4B4F796951622B42597957736F634249766E43357962474670454E55497A444B6343596A3278702B70614A31423937305869664848756D636779643768353876515A4836575336787674727955753732707861654176364169786D307A55616571394158733332662F7861704C475948694F36564349464A67566E7A5973676F66704B2F61532F4A43595A523276427461615A7658586163613571576E5A36474F6D4B696452374E634776782B3737694C4F3467666146516C73314C516A684A4F72482F56336B476D49393274666C464748342F4D652F4C5072314E453366766554754C574D6E473733755973516C39515473303178737458434537325234634B433369622B784732494F6F737077703837303075584D6938716E446A42645852564454594C432F4A3655306E4B4F2B71716A734E544C6E4D4A517A3536706E66525A414F4959714C654F39716E77357862386E4D313466667061496A61627277702F4F577A6178794E742B4234417745616C707A4F71655A55537162674C4F69664637786975632B56474D51325833772F6D4646765537553847562F6D65304874623053424E774C71744B632F616A715A63346D73746C745068683279427534317442636E7247334A4A796B5379774E6B527A677A535A6D76536949577573663652376931616837316258544F6133654A516A6863534E69427675666C4E664C3764683938374C716E48303648454177785754477A59597855754F7A7A4333344E52727631326C783754363643345172513547726D7A58526B71454E342B6553343945684C685743767375446B6F6F4B3243334976625355706765435645413567764B4A4532502F435031596455736669374275524C694D794A69616D74376E765A764B593575456543784D75766B45794D30417A30765242316653423635316474485268386D476D6233726A39684B48736338494E7844304445485A50766C697A5A2B624D2B4435726B77493D3C2F636F6D706163742D7469636B65743E3C69643E303031383830313734444536463746453C2F69643E3C2F6465766963653E. IsLongRunning: Data Connection."
"18-08-2026 13:07:41","1267","Verbose","Microsoft-Windows-PushNotifications-Platform","WNP Transport Layer sent command: CNT, Trid: 1, Namespace: CON, CV: EEnbxEfVnUmgYtO+.1 containing 363 bytes of payload only. However, full payload including header is: 0x434E54203120434F4E203334380D0A4D532D43563A2045456E62784566566E556D6759744F2B2E310D0A436F6E746578743A20396539666539393333336434636636380D0A0D0A3C636F6E6E6563743E3C7665723E323C2F7665723E3C6167656E743E3C6F733E57696E646F77733C2F6F733E3C6F735665723E31302E302E302E302E32363130302E383839333C2F6F735665723E3C70726F633E7836343C2F70726F633E3C6C6369643E656E2D494E3C2F6C6369643E3C67656F49643E3131333C2F67656F49643E3C616F61633E313C2F616F61633E3C646576696365547970653E323C2F646576696365547970653E3C6465766963654E616D653E303031383830313734444536463746453C2F6465766963654E616D653E3C666F6C6C6F7752657472793E747275653C2F666F6C6C6F7752657472793E3C2F6167656E743E3C6E6574776F726B3E3C776966693E3C2F776966693E3C2F6E6574776F726B3E3C2F636F6E6E6563743E. IsLongRunning: Data Connection."
"18-08-2026 13:07:41","1223","Verbose","Microsoft-Windows-PushNotifications-Platform","WNP Transport Layer sent command: CNT, Trid: 1, Namespace: CON, CV: EEnbxEfVnUmgYtO+.1 containing 321 bytes of payload: 0x436F6E746578743A20396539666539393333336434636636380D0A0D0A3C636F6E6E6563743E3C7665723E323C2F7665723E3C6167656E743E3C6F733E57696E646F77733C2F6F733E3C6F735665723E31302E302E302E302E32363130302E383839333C2F6F735665723E3C70726F633E7836343C2F70726F633E3C6C6369643E656E2D494E3C2F6C6369643E3C67656F49643E3131333C2F67656F49643E3C616F61633E313C2F616F61633E3C646576696365547970653E323C2F646576696365547970653E3C6465766963654E616D653E303031383830313734444536463746453C2F6465766963654E616D653E3C666F6C6C6F7752657472793E747275653C2F666F6C6C6F7752657472793E3C2F6167656E743E3C6E6574776F726B3E3C776966693E3C2F776966693E3C2F6E6574776F726B3E3C2F636F6E6E6563743E. IsLongRunning: Data Connection."
"18-08-2026 13:07:41","1113","Information","Microsoft-Windows-PushNotifications-Platform","Device Compact Ticket request completed with Device Id 001880174DE6F7FE for the Data Connection."
"18-08-2026 13:07:41","1218","Information","Microsoft-Windows-PushNotifications-Platform","WNP Transport Layer TLS negotiation completed for the Data Connection with code The operation completed successfully.."
"18-08-2026 13:07:41","1257","Information","Microsoft-Windows-PushNotifications-Platform","WNP Transport Layer for Data Connection called InitializeSecurityContext and got return code 0x0."
"18-08-2026 13:07:41","1257","Information","Microsoft-Windows-PushNotifications-Platform","WNP Transport Layer for Data Connection called InitializeSecurityContext and got return code 0x90312."
"18-08-2026 13:07:41","1257","Information","Microsoft-Windows-PushNotifications-Platform","WNP Transport Layer for Data Connection called InitializeSecurityContext and got return code 0x80090318."
"18-08-2026 13:07:40","1257","Information","Microsoft-Windows-PushNotifications-Platform","WNP Transport Layer for Data Connection called InitializeSecurityContext and got return code 0x90312."
"18-08-2026 13:07:40","1217","Information","Microsoft-Windows-PushNotifications-Platform","WNP Transport Layer TLS negotiation initiated for the Data Connection."
"18-08-2026 13:07:40","1212","Information","Microsoft-Windows-PushNotifications-Platform","WNP Transport Layer initial server connection completed to server client.wns.windows.com on port 443 for the Data Connection."
"18-08-2026 13:07:40","1211","Information","Microsoft-Windows-PushNotifications-Platform","WNP Transport Layer initial server connection initiated to server client.wns.windows.com on port 443 for the Data Connection."
"18-08-2026 13:07:40","1208","Information","Microsoft-Windows-PushNotifications-Platform","WNP Transport Layer resolving DNS completed for the Data Connection with code The operation completed successfully.."
"18-08-2026 13:07:36","1207","Information","Microsoft-Windows-PushNotifications-Platform","WNP Transport Layer resolving DNS initiated for host client.wns.windows.com for the Data Connection."
"18-08-2026 13:07:36","1254","Information","Microsoft-Windows-PushNotifications-Platform","WNP Transport Layer for Data Connection detected preferred interface change. Old index 0, old address family 0. New index 12, new address family 2, NDIS_PHYSICAL_MEDIUM 9."
"18-08-2026 13:07:36","1113","Information","Microsoft-Windows-PushNotifications-Platform","Device Compact Ticket request completed with Device Id 001880174DE6F7FE for the Data Connection."
"18-08-2026 13:07:36","1022","Information","Microsoft-Windows-PushNotifications-Platform","ConnectWork is requesting ConnectionManager to connect."
"18-08-2026 13:07:36","42","Information","Microsoft-Windows-PushNotifications-Platform","Cloud Notifications must be enabled in GP and MDM to receive push notifications. GroupPolicyValue: true, MDMPolicyValue: true."
"18-08-2026 13:07:36","1024","Information","Microsoft-Windows-PushNotifications-Platform","Internet connection status changed to true, submitting pending workitems: count = 1."
"18-08-2026 13:07:36","1022","Information","Microsoft-Windows-PushNotifications-Platform","ConnectWork is requesting ConnectionManager to connect."
"18-08-2026 13:07:36","1239","Information","Microsoft-Windows-PushNotifications-Platform","WNP Keep Alive Detector starting KA measurement with value: 1560 seconds; type: Converged; Min Limit: 60 seconds"
"18-08-2026 13:07:36","1024","Information","Microsoft-Windows-PushNotifications-Platform","Internet connection status changed to true, submitting pending workitems: count = 1."
"18-08-2026 13:07:05","1240","Information","Microsoft-Windows-PushNotifications-Platform","WNP Keep Alive Detector stopping KA measurement"
"18-08-2026 13:07:05","1024","Information","Microsoft-Windows-PushNotifications-Platform","Internet connection status changed to false, submitting pending workitems: count = 1."
"18-08-2026 13:07:05","1024","Information","Microsoft-Windows-PushNotifications-Platform","Internet connection status changed to false, submitting pending workitems: count = 1."
"18-08-2026 13:07:05","1254","Information","Microsoft-Windows-PushNotifications-Platform","WNP Transport Layer for Data Connection detected preferred interface change. Old index 12, old address family 2. New index 0, new address family 0, NDIS_PHYSICAL_MEDIUM 0."
"18-08-2026 13:07:05","1023","Information","Microsoft-Windows-PushNotifications-Platform","No internet connection available, ConnectWork is queued for next network status change."
"18-08-2026 13:07:05","37","Information","Microsoft-Windows-PushNotifications-Platform","The Windows Push Notification Platform is required to connect on startup, ValidChannelsExist : true."
"18-08-2026 13:07:05","42","Information","Microsoft-Windows-PushNotifications-Platform","Cloud Notifications must be enabled in GP and MDM to receive push notifications. GroupPolicyValue: true, MDMPolicyValue: true."
"18-08-2026 13:07:05","1005","Information","Microsoft-Windows-PushNotifications-Platform","The Connection Provider status changed to Disconnected."
"18-08-2026 13:07:05","1023","Information","Microsoft-Windows-PushNotifications-Platform","No internet connection available, ConnectWork is queued for next network status change."
"18-08-2026 13:07:05","37","Information","Microsoft-Windows-PushNotifications-Platform","The Windows Push Notification Platform is required to connect on startup, ValidChannelsExist : true."
"18-08-2026 13:07:05","42","Information","Microsoft-Windows-PushNotifications-Platform","Cloud Notifications must be enabled in GP and MDM to receive push notifications. GroupPolicyValue: true, MDMPolicyValue: true."
"18-08-2026 13:07:05","1005","Information","Microsoft-Windows-PushNotifications-Platform","The Connection Provider status changed to Disconnected."
"18-08-2026 13:07:05","1258","Information","Microsoft-Windows-PushNotifications-Platform","WNP Transport Layer for Data Connection received asynchronous connection error 10053."
"18-08-2026 13:03:31","1268","Verbose","Microsoft-Windows-PushNotifications-Platform","WNP Transport Layer received command: PNG, Trid: 13, Namespace: CON, CV: ZrgWRluAhkWGlBog.13.0 containing 126 bytes of payload only. However, full payload including header is: 0x504E4720313320434F4E003132360D0A4D532D43563A205A726757526C7541686B57476C426F672E31332E300D0A0D0A3C70696E672D726573706F6E73653E3C776169743E34363C2F776169743E3C636F6E6E656374696F6E2D7374617475733E436F6E6E65637465643C2F636F6E6E656374696F6E2D7374617475733E. IsLongRunning: Data Connection."
"18-08-2026 13:03:31","1225","Verbose","Microsoft-Windows-PushNotifications-Platform","WNP Transport Layer received command: PNG, Trid: 13, Namespace: CON, CV: ZrgWRluAhkWGlBog.13.0 containing 126 bytes of payload: 0x4D532D43563A205A726757526C7541686B57476C426F672E31332E300D0A0D0A3C70696E672D726573706F6E73653E3C776169743E34363C2F776169743E3C636F6E6E656374696F6E2D7374617475733E436F6E6E65637465643C2F636F6E6E656374696F6E2D7374617475733E3C2F70696E672D726573706F6E73653E. IsLongRunning: Data Connection."
"18-08-2026 13:03:31","1267","Verbose","Microsoft-Windows-PushNotifications-Platform","WNP Transport Layer sent command: PNG, Trid: 13, Namespace: CON, CV: ZrgWRluAhkWGlBog.13 containing 72 bytes of payload only. However, full payload including header is: 0x504E4720313320434F4E2035370D0A4D532D43563A205A726757526C7541686B57476C426F672E31330D0A436F6E746578743A20313265616364303236636463386230320D0A0D0A. IsLongRunning: Data Connection."
"18-08-2026 13:03:31","1223","Verbose","Microsoft-Windows-PushNotifications-Platform","WNP Transport Layer sent command: PNG, Trid: 13, Namespace: CON, CV: ZrgWRluAhkWGlBog.13 containing 29 bytes of payload: 0x436F6E746578743A20313265616364303236636463386230320D0A0D0A. IsLongRunning: Data Connection."
"18-08-2026 12:59:00","3053","Information","Microsoft-Windows-PushNotifications-Platform","badge with notification tracking id 8089 is being delivered to Microsoft.Todos_8wekyb3d8bbwe!App."
"18-08-2026 12:59:00","2418","Information","Microsoft-Windows-PushNotifications-Platform","A local notification was submitted to threadpool: Microsoft.Todos_8wekyb3d8bbwe!App [AppUserModelId] badge [NotificationType] 8089 [NotificationTrackingId] Local [NotificationSource]."
"18-08-2026 12:59:00","2416","Information","Microsoft-Windows-PushNotifications-Platform","A local notification was received from Microsoft.Todos_8wekyb3d8bbwe!App [AppUserModelId] with a 0 [NotificationId] through an application endpoint."
"18-08-2026 12:59:00","2418","Information","Microsoft-Windows-PushNotifications-Platform","A local notification was submitted to threadpool: Microsoft.Todos_8wekyb3d8bbwe!App [AppUserModelId] tile [NotificationType] 8088 [NotificationTrackingId] Local [NotificationSource]."
"18-08-2026 12:59:00","2416","Information","Microsoft-Windows-PushNotifications-Platform","A local notification was received from Microsoft.Todos_8wekyb3d8bbwe!App [AppUserModelId] with a 0 [NotificationId] through an application endpoint."
"18-08-2026 12:43:10","3053","Information","Microsoft-Windows-PushNotifications-Platform","badge with notification tracking id 8087 is being delivered to Microsoft.Todos_8wekyb3d8bbwe!App."
"18-08-2026 12:43:10","2418","Information","Microsoft-Windows-PushNotifications-Platform","A local notification was submitted to threadpool: Microsoft.Todos_8wekyb3d8bbwe!App [AppUserModelId] badge [NotificationType] 8087 [NotificationTrackingId] Local [NotificationSource]."
"18-08-2026 12:43:10","2416","Information","Microsoft-Windows-PushNotifications-Platform","A local notification was received from Microsoft.Todos_8wekyb3d8bbwe!App [AppUserModelId] with a 0 [NotificationId] through an application endpoint."
"18-08-2026 12:43:10","2418","Information","Microsoft-Windows-PushNotifications-Platform","A local notification was submitted to threadpool: Microsoft.Todos_8wekyb3d8bbwe!App [AppUserModelId] tile [NotificationType] 8086 [NotificationTrackingId] Local [NotificationSource]."
"18-08-2026 12:43:10","2416","Information","Microsoft-Windows-PushNotifications-Platform","A local notification was received from Microsoft.Todos_8wekyb3d8bbwe!App [AppUserModelId] with a 0 [NotificationId] through an application endpoint."
"18-08-2026 12:37:31","1268","Verbose","Microsoft-Windows-PushNotifications-Platform","WNP Transport Layer received command: PNG, Trid: 12, Namespace: CON, CV: ZrgWRluAhkWGlBog.12.0 containing 126 bytes of payload only. However, full payload including header is: 0x504E4720313220434F4E003132360D0A4D532D43563A205A726757526C7541686B57476C426F672E31322E300D0A0D0A3C70696E672D726573706F6E73653E3C776169743E34373C2F776169743E3C636F6E6E656374696F6E2D7374617475733E436F6E6E65637465643C2F636F6E6E656374696F6E2D7374617475733E. IsLongRunning: Data Connection."
"18-08-2026 12:37:31","1225","Verbose","Microsoft-Windows-PushNotifications-Platform","WNP Transport Layer received command: PNG, Trid: 12, Namespace: CON, CV: ZrgWRluAhkWGlBog.12.0 containing 126 bytes of payload: 0x4D532D43563A205A726757526C7541686B57476C426F672E31322E300D0A0D0A3C70696E672D726573706F6E73653E3C776169743E34373C2F776169743E3C636F6E6E656374696F6E2D7374617475733E436F6E6E65637465643C2F636F6E6E656374696F6E2D7374617475733E3C2F70696E672D726573706F6E73653E. IsLongRunning: Data Connection."
"18-08-2026 12:37:31","1267","Verbose","Microsoft-Windows-PushNotifications-Platform","WNP Transport Layer sent command: PNG, Trid: 12, Namespace: CON, CV: ZrgWRluAhkWGlBog.12 containing 72 bytes of payload only. However, full payload including header is: 0x504E4720313220434F4E2035370D0A4D532D43563A205A726757526C7541686B57476C426F672E31320D0A436F6E746578743A20363661306564326533363466663833390D0A0D0A. IsLongRunning: Data Connection."
"18-08-2026 12:37:31","1223","Verbose","Microsoft-Windows-PushNotifications-Platform","WNP Transport Layer sent command: PNG, Trid: 12, Namespace: CON, CV: ZrgWRluAhkWGlBog.12 containing 29 bytes of payload: 0x436F6E746578743A20363661306564326533363466663833390D0A0D0A. IsLongRunning: Data Connection."
"18-08-2026 12:28:59","3053","Information","Microsoft-Windows-PushNotifications-Platform","badge with notification tracking id 8085 is being delivered to Microsoft.Todos_8wekyb3d8bbwe!App."
"18-08-2026 12:28:59","2418","Information","Microsoft-Windows-PushNotifications-Platform","A local notification was submitted to threadpool: Microsoft.Todos_8wekyb3d8bbwe!App [AppUserModelId] badge [NotificationType] 8085 [NotificationTrackingId] Local [NotificationSource]."
"18-08-2026 12:28:59","2416","Information","Microsoft-Windows-PushNotifications-Platform","A local notification was received from Microsoft.Todos_8wekyb3d8bbwe!App [AppUserModelId] with a 0 [NotificationId] through an application endpoint."
"18-08-2026 12:28:59","2418","Information","Microsoft-Windows-PushNotifications-Platform","A local notification was submitted to threadpool: Microsoft.Todos_8wekyb3d8bbwe!App [AppUserModelId] tile [NotificationType] 8084 [NotificationTrackingId] Local [NotificationSource]."
"18-08-2026 12:28:59","2416","Information","Microsoft-Windows-PushNotifications-Platform","A local notification was received from Microsoft.Todos_8wekyb3d8bbwe!App [AppUserModelId] with a 0 [NotificationId] through an application endpoint."
"18-08-2026 12:14:00","3053","Information","Microsoft-Windows-PushNotifications-Platform","badge with notification tracking id 8083 is being delivered to Microsoft.Todos_8wekyb3d8bbwe!App."
"18-08-2026 12:14:00","2418","Information","Microsoft-Windows-PushNotifications-Platform","A local notification was submitted to threadpool: Microsoft.Todos_8wekyb3d8bbwe!App [AppUserModelId] badge [NotificationType] 8083 [NotificationTrackingId] Local [NotificationSource]."
"18-08-2026 12:14:00","2416","Information","Microsoft-Windows-PushNotifications-Platform","A local notification was received from Microsoft.Todos_8wekyb3d8bbwe!App [AppUserModelId] with a 0 [NotificationId] through an application endpoint."
"18-08-2026 12:14:00","2418","Information","Microsoft-Windows-PushNotifications-Platform","A local notification was submitted to threadpool: Microsoft.Todos_8wekyb3d8bbwe!App [AppUserModelId] tile [NotificationType] 8082 [NotificationTrackingId] Local [NotificationSource]."
"18-08-2026 12:14:00","2416","Information","Microsoft-Windows-PushNotifications-Platform","A local notification was received from Microsoft.Todos_8wekyb3d8bbwe!App [AppUserModelId] with a 0 [NotificationId] through an application endpoint."
"18-08-2026 12:11:31","1268","Verbose","Microsoft-Windows-PushNotifications-Platform","WNP Transport Layer received command: PNG, Trid: 11, Namespace: CON, CV: ZrgWRluAhkWGlBog.11.0 containing 126 bytes of payload only. However, full payload including header is: 0x504E4720313120434F4E003132360D0A4D532D43563A205A726757526C7541686B57476C426F672E31312E300D0A0D0A3C70696E672D726573706F6E73653E3C776169743E34393C2F776169743E3C636F6E6E656374696F6E2D7374617475733E436F6E6E65637465643C2F636F6E6E656374696F6E2D7374617475733E. IsLongRunning: Data Connection."
"18-08-2026 12:11:31","1225","Verbose","Microsoft-Windows-PushNotifications-Platform","WNP Transport Layer received command: PNG, Trid: 11, Namespace: CON, CV: ZrgWRluAhkWGlBog.11.0 containing 126 bytes of payload: 0x4D532D43563A205A726757526C7541686B57476C426F672E31312E300D0A0D0A3C70696E672D726573706F6E73653E3C776169743E34393C2F776169743E3C636F6E6E656374696F6E2D7374617475733E436F6E6E65637465643C2F636F6E6E656374696F6E2D7374617475733E3C2F70696E672D726573706F6E73653E. IsLongRunning: Data Connection."
"18-08-2026 12:11:31","1267","Verbose","Microsoft-Windows-PushNotifications-Platform","WNP Transport Layer sent command: PNG, Trid: 11, Namespace: CON, CV: ZrgWRluAhkWGlBog.11 containing 72 bytes of payload only. However, full payload including header is: 0x504E4720313120434F4E2035370D0A4D532D43563A205A726757526C7541686B57476C426F672E31310D0A436F6E746578743A20356336303633623963323065303466320D0A0D0A. IsLongRunning: Data Connection."
"18-08-2026 12:11:31","1223","Verbose","Microsoft-Windows-PushNotifications-Platform","WNP Transport Layer sent command: PNG, Trid: 11, Namespace: CON, CV: ZrgWRluAhkWGlBog.11 containing 29 bytes of payload: 0x436F6E746578743A20356336303633623963323065303466320D0A0D0A. IsLongRunning: Data Connection."
"18-08-2026 12:07:13","1025","Information","Microsoft-Windows-PushNotifications-Platform","A Power event was fired: MonitorSettingChange [PowerEventType] false [Enabled]."
"18-08-2026 12:07:13","1025","Information","Microsoft-Windows-PushNotifications-Platform","A Power event was fired: MonitorSettingChange [PowerEventType] false [Enabled]."
"18-08-2026 12:01:13","3049","Information","Microsoft-Windows-PushNotifications-Platform","Endpoint 0x0 is being cleanedup"
"18-08-2026 12:01:13","3153","Information","Microsoft-Windows-PushNotifications-Platform","Toast with notification tracking id 8081 is delivered to Microsoft.ScreenSketch_8wekyb3d8bbwe!App on session 1."
"18-08-2026 12:01:13","3052","Information","Microsoft-Windows-PushNotifications-Platform","Toast with notification tracking id 8081 is being delivered to Microsoft.ScreenSketch_8wekyb3d8bbwe!App on session 1."
"18-08-2026 12:01:13","2418","Information","Microsoft-Windows-PushNotifications-Platform","A local notification was submitted to threadpool: Microsoft.ScreenSketch_8wekyb3d8bbwe!App [AppUserModelId] toast [NotificationType] 8081 [NotificationTrackingId] Local [NotificationSource]."
"18-08-2026 12:01:13","2416","Information","Microsoft-Windows-PushNotifications-Platform","A local notification was received from Microsoft.ScreenSketch_8wekyb3d8bbwe!App [AppUserModelId] with a 0 [NotificationId] through an application endpoint."
"18-08-2026 12:01:12","3055","Information","Microsoft-Windows-PushNotifications-Platform","Some toast notifications have been cleared - informed session 1."
"18-08-2026 12:00:32","42","Information","Microsoft-Windows-PushNotifications-Platform","Cloud Notifications must be enabled in GP and MDM to receive push notifications. GroupPolicyValue: true, MDMPolicyValue: true."
"18-08-2026 11:59:07","42","Information","Microsoft-Windows-PushNotifications-Platform","Cloud Notifications must be enabled in GP and MDM to receive push notifications. GroupPolicyValue: true, MDMPolicyValue: true."
"18-08-2026 11:59:00","3053","Information","Microsoft-Windows-PushNotifications-Platform","badge with notification tracking id 8080 is being delivered to Microsoft.Todos_8wekyb3d8bbwe!App."
"18-08-2026 11:59:00","2418","Information","Microsoft-Windows-PushNotifications-Platform","A local notification was submitted to threadpool: Microsoft.Todos_8wekyb3d8bbwe!App [AppUserModelId] badge [NotificationType] 8080 [NotificationTrackingId] Local [NotificationSource]."
"18-08-2026 11:59:00","2416","Information","Microsoft-Windows-PushNotifications-Platform","A local notification was received from Microsoft.Todos_8wekyb3d8bbwe!App [AppUserModelId] with a 0 [NotificationId] through an application endpoint."
"18-08-2026 11:59:00","2418","Information","Microsoft-Windows-PushNotifications-Platform","A local notification was submitted to threadpool: Microsoft.Todos_8wekyb3d8bbwe!App [AppUserModelId] tile [NotificationType] 8079 [NotificationTrackingId] Local [NotificationSource]."
"18-08-2026 11:59:00","2416","Information","Microsoft-Windows-PushNotifications-Platform","A local notification was received from Microsoft.Todos_8wekyb3d8bbwe!App [AppUserModelId] with a 0 [NotificationId] through an application endpoint."
"18-08-2026 11:51:23","3049","Information","Microsoft-Windows-PushNotifications-Platform","Endpoint 0x0 is being cleanedup"
"18-08-2026 11:51:23","3153","Information","Microsoft-Windows-PushNotifications-Platform","Toast with notification tracking id 8078 is delivered to Microsoft.ScreenSketch_8wekyb3d8bbwe!App on session 1."
"18-08-2026 11:51:23","3052","Information","Microsoft-Windows-PushNotifications-Platform","Toast with notification tracking id 8078 is being delivered to Microsoft.ScreenSketch_8wekyb3d8bbwe!App on session 1."
"18-08-2026 11:51:23","2418","Information","Microsoft-Windows-PushNotifications-Platform","A local notification was submitted to threadpool: Microsoft.ScreenSketch_8wekyb3d8bbwe!App [AppUserModelId] toast [NotificationType] 8078 [NotificationTrackingId] Local [NotificationSource]."
"18-08-2026 11:51:23","2416","Information","Microsoft-Windows-PushNotifications-Platform","A local notification was received from Microsoft.ScreenSketch_8wekyb3d8bbwe!App [AppUserModelId] with a 0 [NotificationId] through an application endpoint."
"18-08-2026 11:45:31","1268","Verbose","Microsoft-Windows-PushNotifications-Platform","WNP Transport Layer received command: PNG, Trid: 10, Namespace: CON, CV: ZrgWRluAhkWGlBog.10.0 containing 126 bytes of payload only. However, full payload including header is: 0x504E4720313020434F4E003132360D0A4D532D43563A205A726757526C7541686B57476C426F672E31302E300D0A0D0A3C70696E672D726573706F6E73653E3C776169743E34393C2F776169743E3C636F6E6E656374696F6E2D7374617475733E436F6E6E65637465643C2F636F6E6E656374696F6E2D7374617475733E. IsLongRunning: Data Connection."
"18-08-2026 11:45:31","1225","Verbose","Microsoft-Windows-PushNotifications-Platform","WNP Transport Layer received command: PNG, Trid: 10, Namespace: CON, CV: ZrgWRluAhkWGlBog.10.0 containing 126 bytes of payload: 0x4D532D43563A205A726757526C7541686B57476C426F672E31302E300D0A0D0A3C70696E672D726573706F6E73653E3C776169743E34393C2F776169743E3C636F6E6E656374696F6E2D7374617475733E436F6E6E65637465643C2F636F6E6E656374696F6E2D7374617475733E3C2F70696E672D726573706F6E73653E. IsLongRunning: Data Connection."
"18-08-2026 11:45:31","1267","Verbose","Microsoft-Windows-PushNotifications-Platform","WNP Transport Layer sent command: PNG, Trid: 10, Namespace: CON, CV: ZrgWRluAhkWGlBog.10 containing 72 bytes of payload only. However, full payload including header is: 0x504E4720313020434F4E2035370D0A4D532D43563A205A726757526C7541686B57476C426F672E31300D0A436F6E746578743A20386466373530396366663337313036340D0A0D0A. IsLongRunning: Data Connection."
"18-08-2026 11:45:31","1223","Verbose","Microsoft-Windows-PushNotifications-Platform","WNP Transport Layer sent command: PNG, Trid: 10, Namespace: CON, CV: ZrgWRluAhkWGlBog.10 containing 29 bytes of payload: 0x436F6E746578743A20386466373530396366663337313036340D0A0D0A. IsLongRunning: Data Connection."
"18-08-2026 11:43:29","42","Information","Microsoft-Windows-PushNotifications-Platform","Cloud Notifications must be enabled in GP and MDM to receive push notifications. GroupPolicyValue: true, MDMPolicyValue: true."
"18-08-2026 11:43:12","3053","Information","Microsoft-Windows-PushNotifications-Platform","badge with notification tracking id 8077 is being delivered to Microsoft.Todos_8wekyb3d8bbwe!App."
"18-08-2026 11:43:12","2418","Information","Microsoft-Windows-PushNotifications-Platform","A local notification was submitted to threadpool: Microsoft.Todos_8wekyb3d8bbwe!App [AppUserModelId] badge [NotificationType] 8077 [NotificationTrackingId] Local [NotificationSource]."
"18-08-2026 11:43:12","2416","Information","Microsoft-Windows-PushNotifications-Platform","A local notification was received from Microsoft.Todos_8wekyb3d8bbwe!App [AppUserModelId] with a 0 [NotificationId] through an application endpoint."
"18-08-2026 11:43:12","2418","Information","Microsoft-Windows-PushNotifications-Platform","A local notification was submitted to threadpool: Microsoft.Todos_8wekyb3d8bbwe!App [AppUserModelId] tile [NotificationType] 8076 [NotificationTrackingId] Local [NotificationSource]."
"18-08-2026 11:43:12","2416","Information","Microsoft-Windows-PushNotifications-Platform","A local notification was received from Microsoft.Todos_8wekyb3d8bbwe!App [AppUserModelId] with a 0 [NotificationId] through an application endpoint."
"18-08-2026 11:39:01","42","Information","Microsoft-Windows-PushNotifications-Platform","Cloud Notifications must be enabled in GP and MDM to receive push notifications. GroupPolicyValue: true, MDMPolicyValue: true."
"18-08-2026 11:30:42","3049","Information","Microsoft-Windows-PushNotifications-Platform","Endpoint 0x0 is being cleanedup"
"18-08-2026 11:30:42","3153","Information","Microsoft-Windows-PushNotifications-Platform","Toast with notification tracking id 8075 is delivered to Microsoft.Office.OUTLOOK.EXE.15 on session 1."
"18-08-2026 11:30:42","3052","Information","Microsoft-Windows-PushNotifications-Platform","Toast with notification tracking id 8075 is being delivered to Microsoft.Office.OUTLOOK.EXE.15 on session 1."
"18-08-2026 11:30:42","2418","Information","Microsoft-Windows-PushNotifications-Platform","A local notification was submitted to threadpool: Microsoft.Office.OUTLOOK.EXE.15 [AppUserModelId] toast [NotificationType] 8075 [NotificationTrackingId] Local [NotificationSource]."
"18-08-2026 11:30:42","2416","Information","Microsoft-Windows-PushNotifications-Platform","A local notification was received from Microsoft.Office.OUTLOOK.EXE.15 [AppUserModelId] with a 0 [NotificationId] through an application endpoint."
"18-08-2026 11:29:00","3053","Information","Microsoft-Windows-PushNotifications-Platform","badge with notification tracking id 8074 is being delivered to Microsoft.Todos_8wekyb3d8bbwe!App."
"18-08-2026 11:29:00","2418","Information","Microsoft-Windows-PushNotifications-Platform","A local notification was submitted to threadpool: Microsoft.Todos_8wekyb3d8bbwe!App [AppUserModelId] badge [NotificationType] 8074 [NotificationTrackingId] Local [NotificationSource]."
"18-08-2026 11:29:00","2416","Information","Microsoft-Windows-PushNotifications-Platform","A local notification was received from Microsoft.Todos_8wekyb3d8bbwe!App [AppUserModelId] with a 0 [NotificationId] through an application endpoint."
"18-08-2026 11:29:00","2418","Information","Microsoft-Windows-PushNotifications-Platform","A local notification was submitted to threadpool: Microsoft.Todos_8wekyb3d8bbwe!App [AppUserModelId] tile [NotificationType] 8073 [NotificationTrackingId] Local [NotificationSource]."
"18-08-2026 11:29:00","2416","Information","Microsoft-Windows-PushNotifications-Platform","A local notification was received from Microsoft.Todos_8wekyb3d8bbwe!App [AppUserModelId] with a 0 [NotificationId] through an application endpoint."
"18-08-2026 11:19:31","1268","Verbose","Microsoft-Windows-PushNotifications-Platform","WNP Transport Layer received command: PNG, Trid: 9, Namespace: CON, CV: ZrgWRluAhkWGlBog.9.0 containing 125 bytes of payload only. However, full payload including header is: 0x504E47203920434F4E003132350D0A4D532D43563A205A726757526C7541686B57476C426F672E392E300D0A0D0A3C70696E672D726573706F6E73653E3C776169743E34383C2F776169743E3C636F6E6E656374696F6E2D7374617475733E436F6E6E65637465643C2F636F6E6E656374696F6E2D7374617475733E3C. IsLongRunning: Data Connection."
"18-08-2026 11:19:31","1225","Verbose","Microsoft-Windows-PushNotifications-Platform","WNP Transport Layer received command: PNG, Trid: 9, Namespace: CON, CV: ZrgWRluAhkWGlBog.9.0 containing 125 bytes of payload: 0x4D532D43563A205A726757526C7541686B57476C426F672E392E300D0A0D0A3C70696E672D726573706F6E73653E3C776169743E34383C2F776169743E3C636F6E6E656374696F6E2D7374617475733E436F6E6E65637465643C2F636F6E6E656374696F6E2D7374617475733E3C2F70696E672D726573706F6E73653E. IsLongRunning: Data Connection."
"18-08-2026 11:19:31","1267","Verbose","Microsoft-Windows-PushNotifications-Platform","WNP Transport Layer sent command: PNG, Trid: 9, Namespace: CON, CV: ZrgWRluAhkWGlBog.9 containing 70 bytes of payload only. However, full payload including header is: 0x504E47203920434F4E2035360D0A4D532D43563A205A726757526C7541686B57476C426F672E390D0A436F6E746578743A20376430326666373232306163626530370D0A0D0A. IsLongRunning: Data Connection."
"18-08-2026 11:19:31","1223","Verbose","Microsoft-Windows-PushNotifications-Platform","WNP Transport Layer sent command: PNG, Trid: 9, Namespace: CON, CV: ZrgWRluAhkWGlBog.9 containing 29 bytes of payload: 0x436F6E746578743A20376430326666373232306163626530370D0A0D0A. IsLongRunning: Data Connection."
"18-08-2026 11:14:01","3053","Information","Microsoft-Windows-PushNotifications-Platform","badge with notification tracking id 8072 is being delivered to Microsoft.Todos_8wekyb3d8bbwe!App."
"18-08-2026 11:14:01","2418","Information","Microsoft-Windows-PushNotifications-Platform","A local notification was submitted to threadpool: Microsoft.Todos_8wekyb3d8bbwe!App [AppUserModelId] badge [NotificationType] 8072 [NotificationTrackingId] Local [NotificationSource]."
"18-08-2026 11:14:01","2416","Information","Microsoft-Windows-PushNotifications-Platform","A local notification was received from Microsoft.Todos_8wekyb3d8bbwe!App [AppUserModelId] with a 0 [NotificationId] through an application endpoint."
"18-08-2026 11:14:01","2418","Information","Microsoft-Windows-PushNotifications-Platform","A local notification was submitted to threadpool: Microsoft.Todos_8wekyb3d8bbwe!App [AppUserModelId] tile [NotificationType] 8071 [NotificationTrackingId] Local [NotificationSource]."
"18-08-2026 11:14:01","2416","Information","Microsoft-Windows-PushNotifications-Platform","A local notification was received from Microsoft.Todos_8wekyb3d8bbwe!App [AppUserModelId] with a 0 [NotificationId] through an application endpoint."
"18-08-2026 11:08:29","42","Information","Microsoft-Windows-PushNotifications-Platform","Cloud Notifications must be enabled in GP and MDM to receive push notifications. GroupPolicyValue: true, MDMPolicyValue: true."
"18-08-2026 11:06:22","42","Information","Microsoft-Windows-PushNotifications-Platform","Cloud Notifications must be enabled in GP and MDM to receive push notifications. GroupPolicyValue: true, MDMPolicyValue: true."
"18-08-2026 11:04:12","42","Information","Microsoft-Windows-PushNotifications-Platform","Cloud Notifications must be enabled in GP and MDM to receive push notifications. GroupPolicyValue: true, MDMPolicyValue: true."
"18-08-2026 11:03:33","42","Information","Microsoft-Windows-PushNotifications-Platform","Cloud Notifications must be enabled in GP and MDM to receive push notifications. GroupPolicyValue: true, MDMPolicyValue: true."
"18-08-2026 11:02:56","1025","Information","Microsoft-Windows-PushNotifications-Platform","A Power event was fired: MonitorSettingChange [PowerEventType] true [Enabled]."
"18-08-2026 11:02:56","1025","Information","Microsoft-Windows-PushNotifications-Platform","A Power event was fired: MonitorSettingChange [PowerEventType] true [Enabled]."
"18-08-2026 11:01:27","42","Information","Microsoft-Windows-PushNotifications-Platform","Cloud Notifications must be enabled in GP and MDM to receive push notifications. GroupPolicyValue: true, MDMPolicyValue: true."
"18-08-2026 10:59:42","1025","Information","Microsoft-Windows-PushNotifications-Platform","A Power event was fired: MonitorSettingChange [PowerEventType] false [Enabled]."
"18-08-2026 10:59:42","1025","Information","Microsoft-Windows-PushNotifications-Platform","A Power event was fired: MonitorSettingChange [PowerEventType] false [Enabled]."
"18-08-2026 10:59:04","3053","Information","Microsoft-Windows-PushNotifications-Platform","badge with notification tracking id 8070 is being delivered to Microsoft.Todos_8wekyb3d8bbwe!App."
"18-08-2026 10:59:04","2418","Information","Microsoft-Windows-PushNotifications-Platform","A local notification was submitted to threadpool: Microsoft.Todos_8wekyb3d8bbwe!App [AppUserModelId] badge [NotificationType] 8070 [NotificationTrackingId] Local [NotificationSource]."
"18-08-2026 10:59:04","2416","Information","Microsoft-Windows-PushNotifications-Platform","A local notification was received from Microsoft.Todos_8wekyb3d8bbwe!App [AppUserModelId] with a 0 [NotificationId] through an application endpoint."
"18-08-2026 10:59:04","2418","Information","Microsoft-Windows-PushNotifications-Platform","A local notification was submitted to threadpool: Microsoft.Todos_8wekyb3d8bbwe!App [AppUserModelId] tile [NotificationType] 8069 [NotificationTrackingId] Local [NotificationSource]."
"18-08-2026 10:59:04","2416","Information","Microsoft-Windows-PushNotifications-Platform","A local notification was received from Microsoft.Todos_8wekyb3d8bbwe!App [AppUserModelId] with a 0 [NotificationId] through an application endpoint."
"18-08-2026 10:59:00","1268","Verbose","Microsoft-Windows-PushNotifications-Platform","WNP Transport Layer received command: PNG, Trid: 8, Namespace: CON, CV: ZrgWRluAhkWGlBog.8.0 containing 125 bytes of payload only. However, full payload including header is: 0x504E47203820434F4E003132350D0A4D532D43563A205A726757526C7541686B57476C426F672E382E300D0A0D0A3C70696E672D726573706F6E73653E3C776169743E34323C2F776169743E3C636F6E6E656374696F6E2D7374617475733E436F6E6E65637465643C2F636F6E6E656374696F6E2D7374617475733E3C. IsLongRunning: Data Connection."
"18-08-2026 10:59:00","1225","Verbose","Microsoft-Windows-PushNotifications-Platform","WNP Transport Layer received command: PNG, Trid: 8, Namespace: CON, CV: ZrgWRluAhkWGlBog.8.0 containing 125 bytes of payload: 0x4D532D43563A205A726757526C7541686B57476C426F672E382E300D0A0D0A3C70696E672D726573706F6E73653E3C776169743E34323C2F776169743E3C636F6E6E656374696F6E2D7374617475733E436F6E6E65637465643C2F636F6E6E656374696F6E2D7374617475733E3C2F70696E672D726573706F6E73653E. IsLongRunning: Data Connection."
"18-08-2026 10:59:00","1267","Verbose","Microsoft-Windows-PushNotifications-Platform","WNP Transport Layer sent command: PNG, Trid: 8, Namespace: CON, CV: ZrgWRluAhkWGlBog.8 containing 70 bytes of payload only. However, full payload including header is: 0x504E47203820434F4E2035360D0A4D532D43563A205A726757526C7541686B57476C426F672E380D0A436F6E746578743A20353937626165666437333432333431310D0A0D0A. IsLongRunning: Data Connection."
"18-08-2026 10:59:00","1223","Verbose","Microsoft-Windows-PushNotifications-Platform","WNP Transport Layer sent command: PNG, Trid: 8, Namespace: CON, CV: ZrgWRluAhkWGlBog.8 containing 29 bytes of payload: 0x436F6E746578743A20353937626165666437333432333431310D0A0D0A. IsLongRunning: Data Connection."
"18-08-2026 10:59:00","1259","Information","Microsoft-Windows-PushNotifications-Platform","WNP Transport Layer for the Data Connection sending out of band keep alive (PNG) request."
"18-08-2026 10:59:00","1315","Information","Microsoft-Windows-PushNotifications-Platform","WNP Transport Layer detected a change in WIFI interface connectivity status (event 6); and hence sending out of band keep alive (PNG) request."
"18-08-2026 10:59:00","42","Information","Microsoft-Windows-PushNotifications-Platform","Cloud Notifications must be enabled in GP and MDM to receive push notifications. GroupPolicyValue: true, MDMPolicyValue: true."
"18-08-2026 10:58:50","1025","Information","Microsoft-Windows-PushNotifications-Platform","A Power event was fired: MonitorSettingChange [PowerEventType] true [Enabled]."
"18-08-2026 10:58:50","1025","Information","Microsoft-Windows-PushNotifications-Platform","A Power event was fired: MonitorSettingChange [PowerEventType] true [Enabled]."
"18-08-2026 10:57:02","3153","Information","Microsoft-Windows-PushNotifications-Platform","Toast with notification tracking id 8068 is delivered to Microsoft.Office.OUTLOOK.EXE.15 on session 1."
"18-08-2026 10:57:02","3052","Information","Microsoft-Windows-PushNotifications-Platform","Toast with notification tracking id 8068 is being delivered to Microsoft.Office.OUTLOOK.EXE.15 on session 1."
"18-08-2026 10:57:02","2418","Information","Microsoft-Windows-PushNotifications-Platform","A local notification was submitted to threadpool: Microsoft.Office.OUTLOOK.EXE.15 [AppUserModelId] toast [NotificationType] 8068 [NotificationTrackingId] Local [NotificationSource]."
"18-08-2026 10:57:02","2416","Information","Microsoft-Windows-PushNotifications-Platform","A local notification was received from Microsoft.Office.OUTLOOK.EXE.15 [AppUserModelId] with a 0 [NotificationId] through an application endpoint."
"18-08-2026 10:55:32","1025","Information","Microsoft-Windows-PushNotifications-Platform","A Power event was fired: MonitorSettingChange [PowerEventType] false [Enabled]."
"18-08-2026 10:55:32","1025","Information","Microsoft-Windows-PushNotifications-Platform","A Power event was fired: MonitorSettingChange [PowerEventType] false [Enabled]."
"18-08-2026 10:54:22","1268","Verbose","Microsoft-Windows-PushNotifications-Platform","WNP Transport Layer received command: PNG, Trid: 7, Namespace: CON, CV: ZrgWRluAhkWGlBog.7.0 containing 125 bytes of payload only. However, full payload including header is: 0x504E47203720434F4E003132350D0A4D532D43563A205A726757526C7541686B57476C426F672E372E300D0A0D0A3C70696E672D726573706F6E73653E3C776169743E34373C2F776169743E3C636F6E6E656374696F6E2D7374617475733E436F6E6E65637465643C2F636F6E6E656374696F6E2D7374617475733E3C. IsLongRunning: Data Connection."
"18-08-2026 10:54:22","1225","Verbose","Microsoft-Windows-PushNotifications-Platform","WNP Transport Layer received command: PNG, Trid: 7, Namespace: CON, CV: ZrgWRluAhkWGlBog.7.0 containing 125 bytes of payload: 0x4D532D43563A205A726757526C7541686B57476C426F672E372E300D0A0D0A3C70696E672D726573706F6E73653E3C776169743E34373C2F776169743E3C636F6E6E656374696F6E2D7374617475733E436F6E6E65637465643C2F636F6E6E656374696F6E2D7374617475733E3C2F70696E672D726573706F6E73653E. IsLongRunning: Data Connection."
"18-08-2026 10:54:22","1267","Verbose","Microsoft-Windows-PushNotifications-Platform","WNP Transport Layer sent command: PNG, Trid: 7, Namespace: CON, CV: ZrgWRluAhkWGlBog.7 containing 70 bytes of payload only. However, full payload including header is: 0x504E47203720434F4E2035360D0A4D532D43563A205A726757526C7541686B57476C426F672E370D0A436F6E746578743A20313730343265303736643438346366340D0A0D0A. IsLongRunning: Data Connection."
"18-08-2026 10:54:22","1223","Verbose","Microsoft-Windows-PushNotifications-Platform","WNP Transport Layer sent command: PNG, Trid: 7, Namespace: CON, CV: ZrgWRluAhkWGlBog.7 containing 29 bytes of payload: 0x436F6E746578743A20313730343265303736643438346366340D0A0D0A. IsLongRunning: Data Connection."
"18-08-2026 10:50:16","2003","Information","Microsoft-Windows-PushNotifications-Platform","The channel table has updated a channel mapping: 1;17547562317691844441 [ChannelId] MicrosoftWindows.CrossDevice_cw5n1h2txyewy!App [AppUserModelId] The operation completed successfully. [ErrorCode]."
"18-08-2026 10:50:16","1268","Verbose","Microsoft-Windows-PushNotifications-Platform","WNP Transport Layer received command: GET, Trid: 6, Namespace: WNS, CV: ZrgWRluAhkWGlBog.6.0 containing 380 bytes of payload only. However, full payload including header is: 0x474554203620574E53003338300D0A436F6E746578743A20343237333162613263326230363439380D0A4D532D43563A205A726757526C7541686B57476C426F672E362E300D0A0D0A3C6368616E6E656C2D726573706F6E73653E3C69643E313B31373534373536323331373639313834343434313C2F69643E3C6578703E323032362D30392D31375430353A32303A31365A3C2F6578703E3C75726C3E68747470733A2F2F776E73322D706E31702E6E6F746966792E77696E646F77732E636F6D2F3F746F6B656E3D417759414141424A392532663150737435687462773334534B6D53496E48345A4D674D566F716A494F3536656F6B6D4A344D3132614366626237634F704A6D624D7658644725326653672532622532664A513178253266664B563436485073567349374D4E6F4148786F5975614F534859716E5A43794A7A79746379364235764552383263356844627A4E567A4D253266375774634978316D645878473242705051746E6C6B644F3C2F75726C3E3C2F6368. IsLongRunning: Data Connection."
"18-08-2026 10:50:16","1225","Verbose","Microsoft-Windows-PushNotifications-Platform","WNP Transport Layer received command: GET, Trid: 6, Namespace: WNS, CV: ZrgWRluAhkWGlBog.6.0 containing 380 bytes of payload: 0x436F6E746578743A20343237333162613263326230363439380D0A4D532D43563A205A726757526C7541686B57476C426F672E362E300D0A0D0A3C6368616E6E656C2D726573706F6E73653E3C69643E313B31373534373536323331373639313834343434313C2F69643E3C6578703E323032362D30392D31375430353A32303A31365A3C2F6578703E3C75726C3E68747470733A2F2F776E73322D706E31702E6E6F746966792E77696E646F77732E636F6D2F3F746F6B656E3D417759414141424A392532663150737435687462773334534B6D53496E48345A4D674D566F716A494F3536656F6B6D4A344D3132614366626237634F704A6D624D7658644725326653672532622532664A513178253266664B563436485073567349374D4E6F4148786F5975614F534859716E5A43794A7A79746379364235764552383263356844627A4E567A4D253266375774634978316D645878473242705051746E6C6B644F3C2F75726C3E3C2F6368616E6E656C2D726573706F6E73653E. IsLongRunning: Data Connection."
"18-08-2026 10:50:16","1267","Verbose","Microsoft-Windows-PushNotifications-Platform","WNP Transport Layer sent command: GET, Trid: 6, Namespace: WNS\CHANNEL 1044479, CV: ZrgWRluAhkWGlBog.6 containing 222 bytes of payload only. However, full payload including header is: 0x474554203620574E535C4348414E4E454C2031303434343739203139310D0A4D532D43563A205A726757526C7541686B57476C426F672E360D0A436F6E746578743A20343237333162613263326230363439380D0A0D0A3C6368616E6E656C3E3C69643E313B31373534373536323331373639313834343434313C2F69643E3C6170706B65793E6D6963726F736F667477696E646F77732E63726F73736465766963655F6377356E3168327478796577793C2F6170706B65793E3C70726F706572746965733E303C2F70726F706572746965733E3C2F6368616E6E656C3E. IsLongRunning: Data Connection."
"18-08-2026 10:50:16","1223","Verbose","Microsoft-Windows-PushNotifications-Platform","WNP Transport Layer sent command: GET, Trid: 6, Namespace: WNS\CHANNEL 1044479, CV: ZrgWRluAhkWGlBog.6 containing 164 bytes of payload: 0x436F6E746578743A20343237333162613263326230363439380D0A0D0A3C6368616E6E656C3E3C69643E313B31373534373536323331373639313834343434313C2F69643E3C6170706B65793E6D6963726F736F667477696E646F77732E63726F73736465766963655F6377356E3168327478796577793C2F6170706B65793E3C70726F706572746965733E303C2F70726F706572746965733E3C2F6368616E6E656C3E. IsLongRunning: Data Connection."
"18-08-2026 10:50:16","1005","Information","Microsoft-Windows-PushNotifications-Platform","The Connection Provider status changed to Connected."
"18-08-2026 10:50:16","42","Information","Microsoft-Windows-PushNotifications-Platform","Cloud Notifications must be enabled in GP and MDM to receive push notifications. GroupPolicyValue: true, MDMPolicyValue: true."
"18-08-2026 10:50:07","1025","Information","Microsoft-Windows-PushNotifications-Platform","A Power event was fired: MonitorSettingChange [PowerEventType] true [Enabled]."
"18-08-2026 10:50:07","1025","Information","Microsoft-Windows-PushNotifications-Platform","A Power event was fired: MonitorSettingChange [PowerEventType] true [Enabled]."
"18-08-2026 10:50:03","1025","Information","Microsoft-Windows-PushNotifications-Platform","A Power event was fired: MonitorSettingChange [PowerEventType] false [Enabled]."
"18-08-2026 10:50:03","1025","Information","Microsoft-Windows-PushNotifications-Platform","A Power event was fired: MonitorSettingChange [PowerEventType] false [Enabled]."
"18-08-2026 10:45:52","3049","Information","Microsoft-Windows-PushNotifications-Platform","Endpoint 0x0 is being cleanedup"
"18-08-2026 10:45:51","3153","Information","Microsoft-Windows-PushNotifications-Platform","Toast with notification tracking id 8067 is delivered to windows.immersivecontrolpanel_cw5n1h2txyewy!microsoft.windows.immersivecontrolpanel on session 1."
"18-08-2026 10:45:51","3052","Information","Microsoft-Windows-PushNotifications-Platform","Toast with notification tracking id 8067 is being delivered to windows.immersivecontrolpanel_cw5n1h2txyewy!microsoft.windows.immersivecontrolpanel on session 1."
"18-08-2026 10:45:51","2418","Information","Microsoft-Windows-PushNotifications-Platform","A local notification was submitted to threadpool: windows.immersivecontrolpanel_cw5n1h2txyewy!microsoft.windows.immersivecontrolpanel [AppUserModelId] toast [NotificationType] 8067 [NotificationTrackingId] Local [NotificationSource]."
"18-08-2026 10:44:09","2413","Information","Microsoft-Windows-PushNotifications-Platform","An application was registered with the following parameters: AppUp.IntelManagementandSecurityStatus_2543.9.0.0_x64__8j3eq9eme6ctt [PackageFullName] AppUp.IntelManagementandSecurityStatus_8j3eq9eme6ctt!App [AppUserModelId] 0x4007F00 [Settings] 268435456 [AppType] The operation completed successfully. [ErrorCode]."
"18-08-2026 10:43:29","42","Information","Microsoft-Windows-PushNotifications-Platform","Cloud Notifications must be enabled in GP and MDM to receive push notifications. GroupPolicyValue: true, MDMPolicyValue: true."
"18-08-2026 10:43:11","3053","Information","Microsoft-Windows-PushNotifications-Platform","badge with notification tracking id 8066 is being delivered to Microsoft.Todos_8wekyb3d8bbwe!App."
"18-08-2026 10:43:11","2418","Information","Microsoft-Windows-PushNotifications-Platform","A local notification was submitted to threadpool: Microsoft.Todos_8wekyb3d8bbwe!App [AppUserModelId] badge [NotificationType] 8066 [NotificationTrackingId] Local [NotificationSource]."
