"30-06-2026 10:09:31","26","Information","Microsoft-Windows-WindowsUpdateClient","Windows Update successfully found 0 updates."
"30-06-2026 09:53:02","26","Information","Microsoft-Windows-WindowsUpdateClient","Windows Update successfully found 0 updates."
"30-06-2026 09:53:02","26","Information","Microsoft-Windows-WindowsUpdateClient","Windows Update successfully found 0 updates."
"30-06-2026 09:47:37","41","Information","Microsoft-Windows-WindowsUpdateClient","An update was downloaded."
"30-06-2026 09:47:24","41","Information","Microsoft-Windows-WindowsUpdateClient","An update was downloaded."
"30-06-2026 09:47:24","41","Information","Microsoft-Windows-WindowsUpdateClient","An update was downloaded."
"30-06-2026 09:47:18","41","Information","Microsoft-Windows-WindowsUpdateClient","An update was downloaded."
"30-06-2026 09:47:01","41","Information","Microsoft-Windows-WindowsUpdateClient","An update was downloaded."
"30-06-2026 09:46:56","41","Information","Microsoft-Windows-WindowsUpdateClient","An update was downloaded."
"30-06-2026 09:46:46","41","Information","Microsoft-Windows-WindowsUpdateClient","An update was downloaded."
"30-06-2026 09:46:46","41","Information","Microsoft-Windows-WindowsUpdateClient","An update was downloaded."
"30-06-2026 09:46:43","41","Information","Microsoft-Windows-WindowsUpdateClient","An update was downloaded."
"30-06-2026 09:23:47","26","Information","Microsoft-Windows-WindowsUpdateClient","Windows Update successfully found 1 updates."
"30-06-2026 09:23:32","41","Information","Microsoft-Windows-WindowsUpdateClient","An update was downloaded."
"30-06-2026 09:22:26","41","Information","Microsoft-Windows-WindowsUpdateClient","An update was downloaded."
"30-06-2026 09:22:20","26","Information","Microsoft-Windows-WindowsUpdateClient","Windows Update successfully found 1 updates."
"30-06-2026 09:22:20","26","Information","Microsoft-Windows-WindowsUpdateClient","Windows Update successfully found 2 updates."
"30-06-2026 09:21:58","26","Information","Microsoft-Windows-WindowsUpdateClient","Windows Update successfully found 34 updates."
"30-06-2026 09:21:48","26","Information","Microsoft-Windows-WindowsUpdateClient","Windows Update successfully found 1 updates."
"30-06-2026 09:21:27","26","Information","Microsoft-Windows-WindowsUpdateClient","Windows Update successfully found 13 updates."
"29-06-2026 18:34:44","41","Information","Microsoft-Windows-WindowsUpdateClient","An update was downloaded."
"29-06-2026 18:34:44","26","Information","Microsoft-Windows-WindowsUpdateClient","Windows Update successfully found 0 updates."
"29-06-2026 18:34:44","26","Information","Microsoft-Windows-WindowsUpdateClient","Windows Update successfully found 1 updates."
"29-06-2026 16:35:34","26","Information","Microsoft-Windows-WindowsUpdateClient","Windows Update successfully found 0 updates."
"29-06-2026 16:35:34","25","Error","Microsoft-Windows-WindowsUpdateClient","Windows Update failed to check for updates with error 0x8024402F."
"29-06-2026 14:35:03","41","Information","Microsoft-Windows-WindowsUpdateClient","An update was downloaded."
"29-06-2026 14:35:03","26","Information","Microsoft-Windows-WindowsUpdateClient","Windows Update successfully found 0 updates."
"29-06-2026 14:35:03","26","Information","Microsoft-Windows-WindowsUpdateClient","Windows Update successfully found 1 updates."
"29-06-2026 12:47:51","26","Information","Microsoft-Windows-WindowsUpdateClient","Windows Update successfully found 0 updates."
"29-06-2026 12:47:51","26","Information","Microsoft-Windows-WindowsUpdateClient","Windows Update successfully found 0 updates."
"29-06-2026 12:43:25","26","Information","Microsoft-Windows-WindowsUpdateClient","Windows Update successfully found 0 updates."
"29-06-2026 12:43:15","26","Information","Microsoft-Windows-WindowsUpdateClient","Windows Update successfully found 0 updates."
"29-06-2026 12:34:57","41","Information","Microsoft-Windows-WindowsUpdateClient","An update was downloaded."
"29-06-2026 12:34:57","26","Information","Microsoft-Windows-WindowsUpdateClient","Windows Update successfully found 0 updates."
"29-06-2026 12:34:57","26","Information","Microsoft-Windows-WindowsUpdateClient","Windows Update successfully found 1 updates."
"29-06-2026 10:34:40","26","Information","Microsoft-Windows-WindowsUpdateClient","Windows Update successfully found 0 updates."
"29-06-2026 10:34:40","26","Information","Microsoft-Windows-WindowsUpdateClient","Windows Update successfully found 0 updates."
"29-06-2026 09:24:09","41","Information","Microsoft-Windows-WindowsUpdateClient","An update was downloaded."
"29-06-2026 09:23:18","41","Information","Microsoft-Windows-WindowsUpdateClient","An update was downloaded."
"29-06-2026 09:22:20","41","Information","Microsoft-Windows-WindowsUpdateClient","An update was downloaded."
"29-06-2026 09:22:12","41","Information","Microsoft-Windows-WindowsUpdateClient","An update was downloaded."
"29-06-2026 09:22:12","41","Information","Microsoft-Windows-WindowsUpdateClient","An update was downloaded."
"29-06-2026 09:21:35","41","Information","Microsoft-Windows-WindowsUpdateClient","An update was downloaded."
"29-06-2026 09:21:27","41","Information","Microsoft-Windows-WindowsUpdateClient","An update was downloaded."
"29-06-2026 09:21:27","41","Information","Microsoft-Windows-WindowsUpdateClient","An update was downloaded."
"29-06-2026 09:21:22","41","Information","Microsoft-Windows-WindowsUpdateClient","An update was downloaded."
"29-06-2026 09:20:29","26","Information","Microsoft-Windows-WindowsUpdateClient","Windows Update successfully found 1 updates."
"29-06-2026 09:20:29","41","Information","Microsoft-Windows-WindowsUpdateClient","An update was downloaded."
"29-06-2026 09:19:04","26","Information","Microsoft-Windows-WindowsUpdateClient","Windows Update successfully found 1 updates."
"29-06-2026 09:18:49","26","Information","Microsoft-Windows-WindowsUpdateClient","Windows Update successfully found 34 updates."
"29-06-2026 09:18:29","26","Information","Microsoft-Windows-WindowsUpdateClient","Windows Update successfully found 13 updates."
"29-06-2026 09:18:29","26","Information","Microsoft-Windows-WindowsUpdateClient","Windows Update successfully found 3 updates."
"29-06-2026 09:18:16","26","Information","Microsoft-Windows-WindowsUpdateClient","Windows Update successfully found 0 updates."
"29-06-2026 09:13:38","41","Information","Microsoft-Windows-WindowsUpdateClient","An update was downloaded."
"29-06-2026 09:13:32","26","Information","Microsoft-Windows-WindowsUpdateClient","Windows Update successfully found 0 updates."
"29-06-2026 09:13:32","26","Information","Microsoft-Windows-WindowsUpdateClient","Windows Update successfully found 1 updates."
"29-06-2026 09:08:51","26","Information","Microsoft-Windows-WindowsUpdateClient","Windows Update successfully found 0 updates."
"29-06-2026 09:08:14","26","Information","Microsoft-Windows-WindowsUpdateClient","Windows Update successfully found 0 updates."
"29-06-2026 09:06:26","26","Information","Microsoft-Windows-WindowsUpdateClient","Windows Update successfully found 0 updates."
"26-06-2026 17:41:47","26","Information","Microsoft-Windows-WindowsUpdateClient","Windows Update successfully found 0 updates."
"26-06-2026 17:41:40","26","Information","Microsoft-Windows-WindowsUpdateClient","Windows Update successfully found 0 updates."
"26-06-2026 17:41:40","26","Information","Microsoft-Windows-WindowsUpdateClient","Windows Update successfully found 0 updates."
"26-06-2026 16:01:25","26","Information","Microsoft-Windows-WindowsUpdateClient","Windows Update successfully found 0 updates."
"26-06-2026 16:01:25","26","Information","Microsoft-Windows-WindowsUpdateClient","Windows Update successfully found 0 updates."
"26-06-2026 15:59:28","26","Information","Microsoft-Windows-WindowsUpdateClient","Windows Update successfully found 0 updates."
"26-06-2026 15:59:28","26","Information","Microsoft-Windows-WindowsUpdateClient","Windows Update successfully found 0 updates."
"26-06-2026 15:10:23","41","Information","Microsoft-Windows-WindowsUpdateClient","An update was downloaded."
"26-06-2026 15:10:23","26","Information","Microsoft-Windows-WindowsUpdateClient","Windows Update successfully found 0 updates."
"26-06-2026 15:10:23","26","Information","Microsoft-Windows-WindowsUpdateClient","Windows Update successfully found 1 updates."
"26-06-2026 14:50:53","26","Information","Microsoft-Windows-WindowsUpdateClient","Windows Update successfully found 0 updates."
"26-06-2026 13:14:31","41","Information","Microsoft-Windows-WindowsUpdateClient","An update was downloaded."
"26-06-2026 13:14:11","41","Information","Microsoft-Windows-WindowsUpdateClient","An update was downloaded."
"26-06-2026 13:13:47","41","Information","Microsoft-Windows-WindowsUpdateClient","An update was downloaded."
"26-06-2026 13:13:47","41","Information","Microsoft-Windows-WindowsUpdateClient","An update was downloaded."
"26-06-2026 13:13:39","41","Information","Microsoft-Windows-WindowsUpdateClient","An update was downloaded."
"26-06-2026 13:13:33","41","Information","Microsoft-Windows-WindowsUpdateClient","An update was downloaded."
"26-06-2026 13:13:26","41","Information","Microsoft-Windows-WindowsUpdateClient","An update was downloaded."
"26-06-2026 13:13:15","41","Information","Microsoft-Windows-WindowsUpdateClient","An update was downloaded."
"26-06-2026 13:13:15","41","Information","Microsoft-Windows-WindowsUpdateClient","An update was downloaded."
"26-06-2026 13:13:07","41","Information","Microsoft-Windows-WindowsUpdateClient","An update was downloaded."
"26-06-2026 13:13:03","41","Information","Microsoft-Windows-WindowsUpdateClient","An update was downloaded."
"26-06-2026 13:12:55","41","Information","Microsoft-Windows-WindowsUpdateClient","An update was downloaded."
"26-06-2026 13:12:55","41","Information","Microsoft-Windows-WindowsUpdateClient","An update was downloaded."
"26-06-2026 13:12:52","41","Information","Microsoft-Windows-WindowsUpdateClient","An update was downloaded."
"26-06-2026 13:12:31","26","Information","Microsoft-Windows-WindowsUpdateClient","Windows Update successfully found 4 updates."
"26-06-2026 13:12:09","41","Information","Microsoft-Windows-WindowsUpdateClient","An update was downloaded."
"26-06-2026 13:10:58","26","Information","Microsoft-Windows-WindowsUpdateClient","Windows Update successfully found 4 updates."
"26-06-2026 13:10:43","26","Information","Microsoft-Windows-WindowsUpdateClient","Windows Update successfully found 34 updates."
"26-06-2026 13:10:37","41","Information","Microsoft-Windows-WindowsUpdateClient","An update was downloaded."
"26-06-2026 13:10:35","26","Information","Microsoft-Windows-WindowsUpdateClient","Windows Update successfully found 0 updates."
"26-06-2026 13:10:35","26","Information","Microsoft-Windows-WindowsUpdateClient","Windows Update successfully found 1 updates."
"26-06-2026 13:10:24","26","Information","Microsoft-Windows-WindowsUpdateClient","Windows Update successfully found 17 updates."
"26-06-2026 11:06:45","26","Information","Microsoft-Windows-WindowsUpdateClient","Windows Update successfully found 0 updates."
"26-06-2026 11:06:45","26","Information","Microsoft-Windows-WindowsUpdateClient","Windows Update successfully found 0 updates."
"26-06-2026 10:05:18","26","Information","Microsoft-Windows-WindowsUpdateClient","Windows Update successfully found 0 updates."
"26-06-2026 10:05:09","26","Information","Microsoft-Windows-WindowsUpdateClient","Windows Update successfully found 0 updates."
"26-06-2026 09:59:39","41","Information","Microsoft-Windows-WindowsUpdateClient","An update was downloaded."
"26-06-2026 09:59:37","26","Information","Microsoft-Windows-WindowsUpdateClient","Windows Update successfully found 3 updates."
"26-06-2026 09:59:23","26","Information","Microsoft-Windows-WindowsUpdateClient","Windows Update successfully found 1 updates."
"25-06-2026 18:05:58","26","Information","Microsoft-Windows-WindowsUpdateClient","Windows Update successfully found 0 updates."
"25-06-2026 18:05:41","26","Information","Microsoft-Windows-WindowsUpdateClient","Windows Update successfully found 0 updates."
"25-06-2026 17:46:44","41","Information","Microsoft-Windows-WindowsUpdateClient","An update was downloaded."
"25-06-2026 17:46:44","26","Information","Microsoft-Windows-WindowsUpdateClient","Windows Update successfully found 0 updates."
"25-06-2026 17:46:44","26","Information","Microsoft-Windows-WindowsUpdateClient","Windows Update successfully found 1 updates."
"25-06-2026 15:46:26","26","Information","Microsoft-Windows-WindowsUpdateClient","Windows Update successfully found 0 updates."
"25-06-2026 15:46:26","26","Information","Microsoft-Windows-WindowsUpdateClient","Windows Update successfully found 0 updates."
"25-06-2026 13:46:28","41","Information","Microsoft-Windows-WindowsUpdateClient","An update was downloaded."
"25-06-2026 13:46:28","26","Information","Microsoft-Windows-WindowsUpdateClient","Windows Update successfully found 0 updates."
"25-06-2026 13:46:28","26","Information","Microsoft-Windows-WindowsUpdateClient","Windows Update successfully found 1 updates."
"25-06-2026 12:52:31","41","Information","Microsoft-Windows-WindowsUpdateClient","An update was downloaded."
"25-06-2026 12:52:17","41","Information","Microsoft-Windows-WindowsUpdateClient","An update was downloaded."
"25-06-2026 12:52:07","41","Information","Microsoft-Windows-WindowsUpdateClient","An update was downloaded."
"25-06-2026 12:51:57","41","Information","Microsoft-Windows-WindowsUpdateClient","An update was downloaded."
"25-06-2026 12:51:57","41","Information","Microsoft-Windows-WindowsUpdateClient","An update was downloaded."
"25-06-2026 12:51:50","41","Information","Microsoft-Windows-WindowsUpdateClient","An update was downloaded."
"25-06-2026 12:51:41","41","Information","Microsoft-Windows-WindowsUpdateClient","An update was downloaded."
"25-06-2026 12:51:34","41","Information","Microsoft-Windows-WindowsUpdateClient","An update was downloaded."
"25-06-2026 12:51:27","41","Information","Microsoft-Windows-WindowsUpdateClient","An update was downloaded."
"25-06-2026 12:51:13","41","Information","Microsoft-Windows-WindowsUpdateClient","An update was downloaded."
"25-06-2026 12:50:56","26","Information","Microsoft-Windows-WindowsUpdateClient","Windows Update successfully found 1 updates."
"25-06-2026 12:50:33","41","Information","Microsoft-Windows-WindowsUpdateClient","An update was downloaded."
"25-06-2026 12:49:20","26","Information","Microsoft-Windows-WindowsUpdateClient","Windows Update successfully found 1 updates."
"25-06-2026 12:49:05","26","Information","Microsoft-Windows-WindowsUpdateClient","Windows Update successfully found 33 updates."
"25-06-2026 12:48:46","26","Information","Microsoft-Windows-WindowsUpdateClient","Windows Update successfully found 14 updates."
"25-06-2026 12:07:21","26","Information","Microsoft-Windows-WindowsUpdateClient","Windows Update successfully found 0 updates."
"25-06-2026 12:07:21","26","Information","Microsoft-Windows-WindowsUpdateClient","Windows Update successfully found 0 updates."
"25-06-2026 11:46:46","41","Information","Microsoft-Windows-WindowsUpdateClient","An update was downloaded."
"25-06-2026 11:46:46","26","Information","Microsoft-Windows-WindowsUpdateClient","Windows Update successfully found 0 updates."
"25-06-2026 11:46:46","26","Information","Microsoft-Windows-WindowsUpdateClient","Windows Update successfully found 1 updates."
"25-06-2026 09:46:22","26","Information","Microsoft-Windows-WindowsUpdateClient","Windows Update successfully found 0 updates."
"25-06-2026 09:46:22","26","Information","Microsoft-Windows-WindowsUpdateClient","Windows Update successfully found 0 updates."
"25-06-2026 09:41:05","26","Information","Microsoft-Windows-WindowsUpdateClient","Windows Update successfully found 0 updates."
"25-06-2026 09:36:32","26","Information","Microsoft-Windows-WindowsUpdateClient","Windows Update successfully found 0 updates."
"25-06-2026 09:36:26","26","Information","Microsoft-Windows-WindowsUpdateClient","Windows Update successfully found 0 updates."
"25-06-2026 09:34:44","26","Information","Microsoft-Windows-WindowsUpdateClient","Windows Update successfully found 0 updates."
"25-06-2026 09:33:55","41","Information","Microsoft-Windows-WindowsUpdateClient","An update was downloaded."
"25-06-2026 09:33:52","26","Information","Microsoft-Windows-WindowsUpdateClient","Windows Update successfully found 3 updates."
"25-06-2026 09:33:37","26","Information","Microsoft-Windows-WindowsUpdateClient","Windows Update successfully found 1 updates."
"24-06-2026 18:05:06","26","Information","Microsoft-Windows-WindowsUpdateClient","Windows Update successfully found 0 updates."
"24-06-2026 18:05:06","26","Information","Microsoft-Windows-WindowsUpdateClient","Windows Update successfully found 0 updates."
"24-06-2026 17:40:56","26","Information","Microsoft-Windows-WindowsUpdateClient","Windows Update successfully found 0 updates."
"24-06-2026 17:40:44","26","Information","Microsoft-Windows-WindowsUpdateClient","Windows Update successfully found 0 updates."
"24-06-2026 16:05:14","41","Information","Microsoft-Windows-WindowsUpdateClient","An update was downloaded."
"24-06-2026 16:05:10","26","Information","Microsoft-Windows-WindowsUpdateClient","Windows Update successfully found 0 updates."
"24-06-2026 16:05:10","26","Information","Microsoft-Windows-WindowsUpdateClient","Windows Update successfully found 1 updates."
"24-06-2026 15:29:03","26","Information","Microsoft-Windows-WindowsUpdateClient","Windows Update successfully found 0 updates."
"24-06-2026 15:28:52","26","Information","Microsoft-Windows-WindowsUpdateClient","Windows Update successfully found 0 updates."
"24-06-2026 15:28:47","26","Information","Microsoft-Windows-WindowsUpdateClient","Windows Update successfully found 0 updates."
"24-06-2026 15:28:36","26","Information","Microsoft-Windows-WindowsUpdateClient","Windows Update successfully found 0 updates."
"24-06-2026 15:18:37","26","Information","Microsoft-Windows-WindowsUpdateClient","Windows Update successfully found 0 updates."
"24-06-2026 15:18:22","26","Information","Microsoft-Windows-WindowsUpdateClient","Windows Update successfully found 0 updates."
"24-06-2026 15:18:17","26","Information","Microsoft-Windows-WindowsUpdateClient","Windows Update successfully found 0 updates."
"24-06-2026 15:18:05","26","Information","Microsoft-Windows-WindowsUpdateClient","Windows Update successfully found 0 updates."
"24-06-2026 15:17:46","26","Information","Microsoft-Windows-WindowsUpdateClient","Windows Update successfully found 0 updates."
"24-06-2026 15:17:34","26","Information","Microsoft-Windows-WindowsUpdateClient","Windows Update successfully found 0 updates."
"24-06-2026 13:35:44","41","Information","Microsoft-Windows-WindowsUpdateClient","An update was downloaded."
"24-06-2026 13:35:09","41","Information","Microsoft-Windows-WindowsUpdateClient","An update was downloaded."
"24-06-2026 13:34:10","41","Information","Microsoft-Windows-WindowsUpdateClient","An update was downloaded."
"24-06-2026 13:34:02","41","Information","Microsoft-Windows-WindowsUpdateClient","An update was downloaded."
"24-06-2026 13:33:57","41","Information","Microsoft-Windows-WindowsUpdateClient","An update was downloaded."
"24-06-2026 13:33:43","41","Information","Microsoft-Windows-WindowsUpdateClient","An update was downloaded."
"24-06-2026 13:33:32","41","Information","Microsoft-Windows-WindowsUpdateClient","An update was downloaded."
"24-06-2026 13:33:27","41","Information","Microsoft-Windows-WindowsUpdateClient","An update was downloaded."
"24-06-2026 13:33:27","41","Information","Microsoft-Windows-WindowsUpdateClient","An update was downloaded."
"24-06-2026 13:33:17","41","Information","Microsoft-Windows-WindowsUpdateClient","An update was downloaded."
"24-06-2026 13:33:17","41","Information","Microsoft-Windows-WindowsUpdateClient","An update was downloaded."
"24-06-2026 13:32:52","41","Information","Microsoft-Windows-WindowsUpdateClient","An update was downloaded."
"24-06-2026 13:21:21","26","Information","Microsoft-Windows-WindowsUpdateClient","Windows Update successfully found 0 updates."
"24-06-2026 13:21:21","26","Information","Microsoft-Windows-WindowsUpdateClient","Windows Update successfully found 0 updates."
"24-06-2026 12:04:13","26","Information","Microsoft-Windows-WindowsUpdateClient","Windows Update successfully found 2 updates."
"24-06-2026 12:04:13","41","Information","Microsoft-Windows-WindowsUpdateClient","An update was downloaded."
"24-06-2026 12:02:19","26","Information","Microsoft-Windows-WindowsUpdateClient","Windows Update successfully found 2 updates."
"24-06-2026 12:02:00","26","Information","Microsoft-Windows-WindowsUpdateClient","Windows Update successfully found 32 updates."
"24-06-2026 12:01:38","26","Information","Microsoft-Windows-WindowsUpdateClient","Windows Update successfully found 15 updates."
"24-06-2026 11:21:33","41","Information","Microsoft-Windows-WindowsUpdateClient","An update was downloaded."
"24-06-2026 11:21:19","26","Information","Microsoft-Windows-WindowsUpdateClient","Windows Update successfully found 0 updates."
"24-06-2026 11:21:19","26","Information","Microsoft-Windows-WindowsUpdateClient","Windows Update successfully found 1 updates."
"24-06-2026 10:45:06","41","Information","Microsoft-Windows-WindowsUpdateClient","An update was downloaded."
"24-06-2026 10:44:24","26","Information","Microsoft-Windows-WindowsUpdateClient","Windows Update successfully found 4 updates."
"24-06-2026 10:44:05","26","Information","Microsoft-Windows-WindowsUpdateClient","Windows Update successfully found 1 updates."
"23-06-2026 14:16:09","41","Information","Microsoft-Windows-WindowsUpdateClient","An update was downloaded."
"23-06-2026 14:16:09","26","Information","Microsoft-Windows-WindowsUpdateClient","Windows Update successfully found 0 updates."
"23-06-2026 14:16:09","26","Information","Microsoft-Windows-WindowsUpdateClient","Windows Update successfully found 1 updates."
"23-06-2026 12:38:57","41","Information","Microsoft-Windows-WindowsUpdateClient","An update was downloaded."
"23-06-2026 12:38:44","26","Information","Microsoft-Windows-WindowsUpdateClient","Windows Update successfully found 0 updates."
"23-06-2026 12:38:44","26","Information","Microsoft-Windows-WindowsUpdateClient","Windows Update successfully found 1 updates."
"23-06-2026 12:18:52","41","Information","Microsoft-Windows-WindowsUpdateClient","An update was downloaded."
"23-06-2026 12:18:41","41","Information","Microsoft-Windows-WindowsUpdateClient","An update was downloaded."
"23-06-2026 12:18:29","41","Information","Microsoft-Windows-WindowsUpdateClient","An update was downloaded."
"23-06-2026 12:16:17","26","Information","Microsoft-Windows-WindowsUpdateClient","Windows Update successfully found 0 updates."
"23-06-2026 12:16:17","25","Error","Microsoft-Windows-WindowsUpdateClient","Windows Update failed to check for updates with error 0x80240438."
"23-06-2026 12:13:41","41","Information","Microsoft-Windows-WindowsUpdateClient","An update was downloaded."
"23-06-2026 12:13:34","41","Information","Microsoft-Windows-WindowsUpdateClient","An update was downloaded."
"23-06-2026 12:13:28","41","Information","Microsoft-Windows-WindowsUpdateClient","An update was downloaded."
"23-06-2026 12:13:19","41","Information","Microsoft-Windows-WindowsUpdateClient","An update was downloaded."
"23-06-2026 12:13:13","41","Information","Microsoft-Windows-WindowsUpdateClient","An update was downloaded."
"23-06-2026 12:13:01","41","Information","Microsoft-Windows-WindowsUpdateClient","An update was downloaded."
"23-06-2026 12:13:01","41","Information","Microsoft-Windows-WindowsUpdateClient","An update was downloaded."
"23-06-2026 10:16:08","26","Information","Microsoft-Windows-WindowsUpdateClient","Windows Update successfully found 0 updates."
"23-06-2026 10:16:08","26","Information","Microsoft-Windows-WindowsUpdateClient","Windows Update successfully found 0 updates."
"23-06-2026 10:07:10","26","Information","Microsoft-Windows-WindowsUpdateClient","Windows Update successfully found 1 updates."
"23-06-2026 10:07:01","41","Information","Microsoft-Windows-WindowsUpdateClient","An update was downloaded."
"23-06-2026 10:05:15","26","Information","Microsoft-Windows-WindowsUpdateClient","Windows Update successfully found 1 updates."
"23-06-2026 10:04:52","26","Information","Microsoft-Windows-WindowsUpdateClient","Windows Update successfully found 31 updates."
"23-06-2026 10:04:27","26","Information","Microsoft-Windows-WindowsUpdateClient","Windows Update successfully found 14 updates."
"23-06-2026 09:57:16","26","Information","Microsoft-Windows-WindowsUpdateClient","Windows Update successfully found 0 updates."
"23-06-2026 09:57:07","26","Information","Microsoft-Windows-WindowsUpdateClient","Windows Update successfully found 0 updates."
"23-06-2026 09:16:06","41","Information","Microsoft-Windows-WindowsUpdateClient","An update was downloaded."
"23-06-2026 09:16:03","26","Information","Microsoft-Windows-WindowsUpdateClient","Windows Update successfully found 2 updates."
"23-06-2026 09:15:48","26","Information","Microsoft-Windows-WindowsUpdateClient","Windows Update successfully found 1 updates."
"23-06-2026 09:06:51","26","Information","Microsoft-Windows-WindowsUpdateClient","Windows Update successfully found 0 updates."
"23-06-2026 09:03:49","26","Information","Microsoft-Windows-WindowsUpdateClient","Windows Update successfully found 0 updates."
"22-06-2026 17:12:58","41","Information","Microsoft-Windows-WindowsUpdateClient","An update was downloaded."
"22-06-2026 17:12:58","26","Information","Microsoft-Windows-WindowsUpdateClient","Windows Update successfully found 0 updates."
"22-06-2026 17:12:58","26","Information","Microsoft-Windows-WindowsUpdateClient","Windows Update successfully found 1 updates."
"22-06-2026 15:30:42","26","Information","Microsoft-Windows-WindowsUpdateClient","Windows Update successfully found 0 updates."
"22-06-2026 15:30:42","26","Information","Microsoft-Windows-WindowsUpdateClient","Windows Update successfully found 0 updates."
"22-06-2026 15:22:56","26","Information","Microsoft-Windows-WindowsUpdateClient","Windows Update successfully found 0 updates."
"22-06-2026 15:22:56","26","Information","Microsoft-Windows-WindowsUpdateClient","Windows Update successfully found 0 updates."
"22-06-2026 15:13:26","41","Information","Microsoft-Windows-WindowsUpdateClient","An update was downloaded."
"22-06-2026 15:13:26","26","Information","Microsoft-Windows-WindowsUpdateClient","Windows Update successfully found 0 updates."
"22-06-2026 15:13:26","26","Information","Microsoft-Windows-WindowsUpdateClient","Windows Update successfully found 1 updates."
"22-06-2026 11:04:25","41","Information","Microsoft-Windows-WindowsUpdateClient","An update was downloaded."
"22-06-2026 11:03:43","41","Information","Microsoft-Windows-WindowsUpdateClient","An update was downloaded."
"22-06-2026 11:03:32","41","Information","Microsoft-Windows-WindowsUpdateClient","An update was downloaded."
"22-06-2026 11:03:28","41","Information","Microsoft-Windows-WindowsUpdateClient","An update was downloaded."
"22-06-2026 11:03:28","41","Information","Microsoft-Windows-WindowsUpdateClient","An update was downloaded."
"22-06-2026 10:43:35","26","Information","Microsoft-Windows-WindowsUpdateClient","Windows Update successfully found 0 updates."
"22-06-2026 10:43:22","26","Information","Microsoft-Windows-WindowsUpdateClient","Windows Update successfully found 0 updates."
"22-06-2026 10:36:48","26","Information","Microsoft-Windows-WindowsUpdateClient","Windows Update successfully found 0 updates."
"22-06-2026 10:36:48","26","Information","Microsoft-Windows-WindowsUpdateClient","Windows Update successfully found 0 updates."
"22-06-2026 10:00:05","41","Information","Microsoft-Windows-WindowsUpdateClient","An update was downloaded."
"22-06-2026 10:00:05","41","Information","Microsoft-Windows-WindowsUpdateClient","An update was downloaded."
"22-06-2026 09:59:46","41","Information","Microsoft-Windows-WindowsUpdateClient","An update was downloaded."
"22-06-2026 09:59:31","41","Information","Microsoft-Windows-WindowsUpdateClient","An update was downloaded."
"22-06-2026 09:59:05","41","Information","Microsoft-Windows-WindowsUpdateClient","An update was downloaded."
"22-06-2026 09:58:56","41","Information","Microsoft-Windows-WindowsUpdateClient","An update was downloaded."
"22-06-2026 09:58:24","41","Information","Microsoft-Windows-WindowsUpdateClient","An update was downloaded."
"22-06-2026 09:58:19","26","Information","Microsoft-Windows-WindowsUpdateClient","Windows Update successfully found 2 updates."
"22-06-2026 09:56:17","26","Information","Microsoft-Windows-WindowsUpdateClient","Windows Update successfully found 2 updates."
"22-06-2026 09:55:55","26","Information","Microsoft-Windows-WindowsUpdateClient","Windows Update successfully found 31 updates."
"22-06-2026 09:55:27","26","Information","Microsoft-Windows-WindowsUpdateClient","Windows Update successfully found 2 updates."
"22-06-2026 09:55:27","26","Information","Microsoft-Windows-WindowsUpdateClient","Windows Update successfully found 15 updates."
"22-06-2026 09:55:17","26","Information","Microsoft-Windows-WindowsUpdateClient","Windows Update successfully found 0 updates."
"22-06-2026 09:06:20","41","Information","Microsoft-Windows-WindowsUpdateClient","An update was downloaded."
"22-06-2026 09:05:58","26","Information","Microsoft-Windows-WindowsUpdateClient","Windows Update successfully found 0 updates."
"22-06-2026 09:05:58","26","Information","Microsoft-Windows-WindowsUpdateClient","Windows Update successfully found 1 updates."
"22-06-2026 08:53:41","26","Information","Microsoft-Windows-WindowsUpdateClient","Windows Update successfully found 0 updates."
"22-06-2026 08:53:30","26","Information","Microsoft-Windows-WindowsUpdateClient","Windows Update successfully found 0 updates."
"22-06-2026 08:53:20","26","Information","Microsoft-Windows-WindowsUpdateClient","Windows Update successfully found 0 updates."
"22-06-2026 08:53:20","26","Information","Microsoft-Windows-WindowsUpdateClient","Windows Update successfully found 0 updates."
"22-06-2026 08:53:05","26","Information","Microsoft-Windows-WindowsUpdateClient","Windows Update successfully found 0 updates."
"19-06-2026 19:10:50","41","Information","Microsoft-Windows-WindowsUpdateClient","An update was downloaded."
"19-06-2026 19:10:50","26","Information","Microsoft-Windows-WindowsUpdateClient","Windows Update successfully found 0 updates."
"19-06-2026 19:10:50","26","Information","Microsoft-Windows-WindowsUpdateClient","Windows Update successfully found 1 updates."
"19-06-2026 17:10:55","41","Information","Microsoft-Windows-WindowsUpdateClient","An update was downloaded."
"19-06-2026 17:10:55","26","Information","Microsoft-Windows-WindowsUpdateClient","Windows Update successfully found 0 updates."
"19-06-2026 17:10:55","26","Information","Microsoft-Windows-WindowsUpdateClient","Windows Update successfully found 1 updates."
"19-06-2026 15:10:50","41","Information","Microsoft-Windows-WindowsUpdateClient","An update was downloaded."
"19-06-2026 15:10:50","26","Information","Microsoft-Windows-WindowsUpdateClient","Windows Update successfully found 0 updates."
"19-06-2026 15:10:50","26","Information","Microsoft-Windows-WindowsUpdateClient","Windows Update successfully found 1 updates."
"19-06-2026 13:29:33","26","Information","Microsoft-Windows-WindowsUpdateClient","Windows Update successfully found 0 updates."
"19-06-2026 13:29:33","26","Information","Microsoft-Windows-WindowsUpdateClient","Windows Update successfully found 0 updates."
"19-06-2026 13:10:49","26","Information","Microsoft-Windows-WindowsUpdateClient","Windows Update successfully found 0 updates."
"19-06-2026 13:10:49","26","Information","Microsoft-Windows-WindowsUpdateClient","Windows Update successfully found 0 updates."
"19-06-2026 13:00:39","26","Information","Microsoft-Windows-WindowsUpdateClient","Windows Update successfully found 0 updates."
"19-06-2026 11:36:16","41","Information","Microsoft-Windows-WindowsUpdateClient","An update was downloaded."
"19-06-2026 11:35:59","41","Information","Microsoft-Windows-WindowsUpdateClient","An update was downloaded."
"19-06-2026 11:35:59","41","Information","Microsoft-Windows-WindowsUpdateClient","An update was downloaded."
"19-06-2026 11:35:42","41","Information","Microsoft-Windows-WindowsUpdateClient","An update was downloaded."
"19-06-2026 11:35:35","41","Information","Microsoft-Windows-WindowsUpdateClient","An update was downloaded."
"19-06-2026 11:35:28","41","Information","Microsoft-Windows-WindowsUpdateClient","An update was downloaded."
"19-06-2026 11:35:23","41","Information","Microsoft-Windows-WindowsUpdateClient","An update was downloaded."
"19-06-2026 11:35:23","41","Information","Microsoft-Windows-WindowsUpdateClient","An update was downloaded."
"19-06-2026 11:35:06","41","Information","Microsoft-Windows-WindowsUpdateClient","An update was downloaded."
"19-06-2026 11:35:06","41","Information","Microsoft-Windows-WindowsUpdateClient","An update was downloaded."
"19-06-2026 11:10:52","41","Information","Microsoft-Windows-WindowsUpdateClient","An update was downloaded."
"19-06-2026 11:10:49","26","Information","Microsoft-Windows-WindowsUpdateClient","Windows Update successfully found 0 updates."
"19-06-2026 11:10:49","26","Information","Microsoft-Windows-WindowsUpdateClient","Windows Update successfully found 1 updates."
"19-06-2026 10:54:46","26","Information","Microsoft-Windows-WindowsUpdateClient","Windows Update successfully found 1 updates."
"19-06-2026 10:54:46","41","Information","Microsoft-Windows-WindowsUpdateClient","An update was downloaded."
"19-06-2026 10:53:28","26","Information","Microsoft-Windows-WindowsUpdateClient","Windows Update successfully found 1 updates."
"19-06-2026 10:53:12","26","Information","Microsoft-Windows-WindowsUpdateClient","Windows Update successfully found 30 updates."
"19-06-2026 10:52:54","26","Information","Microsoft-Windows-WindowsUpdateClient","Windows Update successfully found 14 updates."
"19-06-2026 10:09:44","26","Information","Microsoft-Windows-WindowsUpdateClient","Windows Update successfully found 0 updates."
"19-06-2026 10:09:35","26","Information","Microsoft-Windows-WindowsUpdateClient","Windows Update successfully found 0 updates."
"19-06-2026 09:16:04","26","Information","Microsoft-Windows-WindowsUpdateClient","Windows Update successfully found 2 updates."
"19-06-2026 09:15:51","26","Information","Microsoft-Windows-WindowsUpdateClient","Windows Update successfully found 0 updates."
"19-06-2026 09:11:53","41","Information","Microsoft-Windows-WindowsUpdateClient","An update was downloaded."
"19-06-2026 09:11:53","26","Information","Microsoft-Windows-WindowsUpdateClient","Windows Update successfully found 0 updates."
"19-06-2026 09:11:53","26","Information","Microsoft-Windows-WindowsUpdateClient","Windows Update successfully found 1 updates."
"19-06-2026 09:02:51","26","Information","Microsoft-Windows-WindowsUpdateClient","Windows Update successfully found 0 updates."
"18-06-2026 17:16:32","26","Information","Microsoft-Windows-WindowsUpdateClient","Windows Update successfully found 0 updates."
"18-06-2026 17:16:32","26","Information","Microsoft-Windows-WindowsUpdateClient","Windows Update successfully found 0 updates."
"18-06-2026 15:15:58","41","Information","Microsoft-Windows-WindowsUpdateClient","An update was downloaded."
"18-06-2026 15:15:58","26","Information","Microsoft-Windows-WindowsUpdateClient","Windows Update successfully found 0 updates."
"18-06-2026 15:15:58","26","Information","Microsoft-Windows-WindowsUpdateClient","Windows Update successfully found 1 updates."
"18-06-2026 14:06:09","26","Information","Microsoft-Windows-WindowsUpdateClient","Windows Update successfully found 0 updates."
"18-06-2026 14:05:59","26","Information","Microsoft-Windows-WindowsUpdateClient","Windows Update successfully found 0 updates."
"18-06-2026 13:37:18","26","Information","Microsoft-Windows-WindowsUpdateClient","Windows Update successfully found 0 updates."
"18-06-2026 13:37:18","26","Information","Microsoft-Windows-WindowsUpdateClient","Windows Update successfully found 0 updates."
"18-06-2026 13:16:07","41","Information","Microsoft-Windows-WindowsUpdateClient","An update was downloaded."
"18-06-2026 13:16:07","26","Information","Microsoft-Windows-WindowsUpdateClient","Windows Update successfully found 0 updates."
"18-06-2026 13:16:07","26","Information","Microsoft-Windows-WindowsUpdateClient","Windows Update successfully found 1 updates."
"18-06-2026 11:16:16","41","Information","Microsoft-Windows-WindowsUpdateClient","An update was downloaded."
"18-06-2026 11:16:16","26","Information","Microsoft-Windows-WindowsUpdateClient","Windows Update successfully found 0 updates."
"18-06-2026 11:16:16","26","Information","Microsoft-Windows-WindowsUpdateClient","Windows Update successfully found 1 updates."
"18-06-2026 11:13:34","41","Information","Microsoft-Windows-WindowsUpdateClient","An update was downloaded."
"18-06-2026 11:13:17","41","Information","Microsoft-Windows-WindowsUpdateClient","An update was downloaded."
"18-06-2026 11:13:03","41","Information","Microsoft-Windows-WindowsUpdateClient","An update was downloaded."
"18-06-2026 11:12:56","41","Information","Microsoft-Windows-WindowsUpdateClient","An update was downloaded."
"18-06-2026 11:12:51","41","Information","Microsoft-Windows-WindowsUpdateClient","An update was downloaded."
"18-06-2026 11:12:46","41","Information","Microsoft-Windows-WindowsUpdateClient","An update was downloaded."
"18-06-2026 11:12:42","41","Information","Microsoft-Windows-WindowsUpdateClient","An update was downloaded."
"18-06-2026 10:57:37","41","Information","Microsoft-Windows-WindowsUpdateClient","An update was downloaded."
"18-06-2026 10:57:32","41","Information","Microsoft-Windows-WindowsUpdateClient","An update was downloaded."
"18-06-2026 10:57:32","41","Information","Microsoft-Windows-WindowsUpdateClient","An update was downloaded."
"18-06-2026 10:23:46","26","Information","Microsoft-Windows-WindowsUpdateClient","Windows Update successfully found 1 updates."
"18-06-2026 10:23:46","41","Information","Microsoft-Windows-WindowsUpdateClient","An update was downloaded."
"18-06-2026 10:22:18","26","Information","Microsoft-Windows-WindowsUpdateClient","Windows Update successfully found 1 updates."
"18-06-2026 10:22:02","26","Information","Microsoft-Windows-WindowsUpdateClient","Windows Update successfully found 30 updates."
"18-06-2026 10:21:42","26","Information","Microsoft-Windows-WindowsUpdateClient","Windows Update successfully found 14 updates."
"18-06-2026 09:22:44","41","Information","Microsoft-Windows-WindowsUpdateClient","An update was downloaded."
"18-06-2026 09:22:34","26","Information","Microsoft-Windows-WindowsUpdateClient","Windows Update successfully found 3 updates."
"18-06-2026 09:22:21","26","Information","Microsoft-Windows-WindowsUpdateClient","Windows Update successfully found 0 updates."
"18-06-2026 09:16:22","41","Information","Microsoft-Windows-WindowsUpdateClient","An update was downloaded."
"18-06-2026 09:16:19","26","Information","Microsoft-Windows-WindowsUpdateClient","Windows Update successfully found 0 updates."
"18-06-2026 09:16:19","26","Information","Microsoft-Windows-WindowsUpdateClient","Windows Update successfully found 1 updates."
"18-06-2026 09:16:04","26","Information","Microsoft-Windows-WindowsUpdateClient","Windows Update successfully found 0 updates."
"18-06-2026 09:10:30","26","Information","Microsoft-Windows-WindowsUpdateClient","Windows Update successfully found 0 updates."
"17-06-2026 17:06:19","41","Information","Microsoft-Windows-WindowsUpdateClient","An update was downloaded."
"17-06-2026 17:06:05","26","Information","Microsoft-Windows-WindowsUpdateClient","Windows Update successfully found 0 updates."
"17-06-2026 17:06:05","26","Information","Microsoft-Windows-WindowsUpdateClient","Windows Update successfully found 1 updates."
"17-06-2026 15:09:49","26","Information","Microsoft-Windows-WindowsUpdateClient","Windows Update successfully found 0 updates."
"17-06-2026 15:09:49","26","Information","Microsoft-Windows-WindowsUpdateClient","Windows Update successfully found 0 updates."
"17-06-2026 15:06:35","41","Information","Microsoft-Windows-WindowsUpdateClient","An update was downloaded."
"17-06-2026 15:06:30","26","Information","Microsoft-Windows-WindowsUpdateClient","Windows Update successfully found 0 updates."
"17-06-2026 15:06:30","26","Information","Microsoft-Windows-WindowsUpdateClient","Windows Update successfully found 1 updates."
"17-06-2026 12:24:09","41","Information","Microsoft-Windows-WindowsUpdateClient","An update was downloaded."
"17-06-2026 12:24:05","26","Information","Microsoft-Windows-WindowsUpdateClient","Windows Update successfully found 0 updates."
"17-06-2026 12:24:05","26","Information","Microsoft-Windows-WindowsUpdateClient","Windows Update successfully found 1 updates."
"17-06-2026 10:26:15","41","Information","Microsoft-Windows-WindowsUpdateClient","An update was downloaded."
"17-06-2026 10:25:57","26","Information","Microsoft-Windows-WindowsUpdateClient","Windows Update successfully found 0 updates."
"17-06-2026 10:25:57","26","Information","Microsoft-Windows-WindowsUpdateClient","Windows Update successfully found 0 updates."
"17-06-2026 10:15:06","41","Information","Microsoft-Windows-WindowsUpdateClient","An update was downloaded."
"17-06-2026 10:15:03","41","Information","Microsoft-Windows-WindowsUpdateClient","An update was downloaded."
"17-06-2026 10:13:50","41","Information","Microsoft-Windows-WindowsUpdateClient","An update was downloaded."
"17-06-2026 10:13:37","41","Information","Microsoft-Windows-WindowsUpdateClient","An update was downloaded."
"17-06-2026 10:13:37","41","Information","Microsoft-Windows-WindowsUpdateClient","An update was downloaded."
"17-06-2026 10:13:32","41","Information","Microsoft-Windows-WindowsUpdateClient","An update was downloaded."
"17-06-2026 10:12:28","41","Information","Microsoft-Windows-WindowsUpdateClient","An update was downloaded."
"17-06-2026 10:12:21","41","Information","Microsoft-Windows-WindowsUpdateClient","An update was downloaded."
"17-06-2026 10:12:15","41","Information","Microsoft-Windows-WindowsUpdateClient","An update was downloaded."
"17-06-2026 10:12:03","41","Information","Microsoft-Windows-WindowsUpdateClient","An update was downloaded."
"17-06-2026 10:12:03","41","Information","Microsoft-Windows-WindowsUpdateClient","An update was downloaded."
"17-06-2026 10:12:00","41","Information","Microsoft-Windows-WindowsUpdateClient","An update was downloaded."
"17-06-2026 10:11:55","41","Information","Microsoft-Windows-WindowsUpdateClient","An update was downloaded."
"17-06-2026 10:11:29","26","Information","Microsoft-Windows-WindowsUpdateClient","Windows Update successfully found 2 updates."
"17-06-2026 10:09:56","41","Information","Microsoft-Windows-WindowsUpdateClient","An update was downloaded."
"17-06-2026 10:09:39","26","Information","Microsoft-Windows-WindowsUpdateClient","Windows Update successfully found 2 updates."
"17-06-2026 10:09:39","41","Information","Microsoft-Windows-WindowsUpdateClient","An update was downloaded."
"17-06-2026 10:09:39","41","Information","Microsoft-Windows-WindowsUpdateClient","An update was downloaded."
"17-06-2026 10:09:39","26","Information","Microsoft-Windows-WindowsUpdateClient","Windows Update successfully found 30 updates."
"17-06-2026 10:09:22","41","Information","Microsoft-Windows-WindowsUpdateClient","An update was downloaded."
"17-06-2026 10:09:21","26","Information","Microsoft-Windows-WindowsUpdateClient","Windows Update successfully found 16 updates."
"17-06-2026 10:09:08","26","Information","Microsoft-Windows-WindowsUpdateClient","Windows Update successfully found 5 updates."
"17-06-2026 10:08:58","26","Information","Microsoft-Windows-WindowsUpdateClient","Windows Update successfully found 3 updates."
"17-06-2026 09:47:38","26","Information","Microsoft-Windows-WindowsUpdateClient","Windows Update successfully found 2 updates."
"17-06-2026 09:47:30","26","Information","Microsoft-Windows-WindowsUpdateClient","Windows Update successfully found 3 updates."
"17-06-2026 09:37:25","26","Information","Microsoft-Windows-WindowsUpdateClient","Windows Update successfully found 1 updates."
"17-06-2026 09:37:10","26","Information","Microsoft-Windows-WindowsUpdateClient","Windows Update successfully found 0 updates."
"17-06-2026 09:33:52","25","Error","Microsoft-Windows-WindowsUpdateClient","Windows Update failed to check for updates with error 0x8024402C."
"17-06-2026 09:33:52","25","Error","Microsoft-Windows-WindowsUpdateClient","Windows Update failed to check for updates with error 0x80240438."
"16-06-2026 18:10:17","41","Information","Microsoft-Windows-WindowsUpdateClient","An update was downloaded."
"16-06-2026 18:10:16","26","Information","Microsoft-Windows-WindowsUpdateClient","Windows Update successfully found 0 updates."
"16-06-2026 18:10:16","26","Information","Microsoft-Windows-WindowsUpdateClient","Windows Update successfully found 1 updates."
"16-06-2026 16:10:16","26","Information","Microsoft-Windows-WindowsUpdateClient","Windows Update successfully found 0 updates."
"16-06-2026 16:10:16","26","Information","Microsoft-Windows-WindowsUpdateClient","Windows Update successfully found 0 updates."
"16-06-2026 14:09:46","26","Information","Microsoft-Windows-WindowsUpdateClient","Windows Update successfully found 0 updates."
"16-06-2026 14:09:46","26","Information","Microsoft-Windows-WindowsUpdateClient","Windows Update successfully found 0 updates."
"16-06-2026 13:49:10","41","Information","Microsoft-Windows-WindowsUpdateClient","An update was downloaded."
"16-06-2026 13:49:09","26","Information","Microsoft-Windows-WindowsUpdateClient","Windows Update successfully found 0 updates."
"16-06-2026 13:49:09","26","Information","Microsoft-Windows-WindowsUpdateClient","Windows Update successfully found 1 updates."
"16-06-2026 12:10:06","41","Information","Microsoft-Windows-WindowsUpdateClient","An update was downloaded."
"16-06-2026 12:09:58","26","Information","Microsoft-Windows-WindowsUpdateClient","Windows Update successfully found 0 updates."
"16-06-2026 12:09:58","26","Information","Microsoft-Windows-WindowsUpdateClient","Windows Update successfully found 1 updates."
"16-06-2026 11:29:06","26","Information","Microsoft-Windows-WindowsUpdateClient","Windows Update successfully found 1 updates."
"16-06-2026 11:28:54","26","Information","Microsoft-Windows-WindowsUpdateClient","Windows Update successfully found 2 updates."
"16-06-2026 10:09:43","26","Information","Microsoft-Windows-WindowsUpdateClient","Windows Update successfully found 0 updates."
"16-06-2026 10:09:43","26","Information","Microsoft-Windows-WindowsUpdateClient","Windows Update successfully found 0 updates."
"16-06-2026 10:02:49","26","Information","Microsoft-Windows-WindowsUpdateClient","Windows Update successfully found 1 updates."
"16-06-2026 10:02:43","26","Information","Microsoft-Windows-WindowsUpdateClient","Windows Update successfully found 0 updates."
"16-06-2026 10:02:43","26","Information","Microsoft-Windows-WindowsUpdateClient","Windows Update successfully found 0 updates."
"16-06-2026 10:02:36","26","Information","Microsoft-Windows-WindowsUpdateClient","Windows Update successfully found 1 updates."
"16-06-2026 10:01:51","26","Information","Microsoft-Windows-WindowsUpdateClient","Windows Update successfully found 0 updates."
"16-06-2026 09:46:23","41","Information","Microsoft-Windows-WindowsUpdateClient","An update was downloaded."
"16-06-2026 09:46:23","41","Information","Microsoft-Windows-WindowsUpdateClient","An update was downloaded."
"16-06-2026 09:46:16","26","Information","Microsoft-Windows-WindowsUpdateClient","Windows Update successfully found 0 updates."
"16-06-2026 09:46:12","41","Information","Microsoft-Windows-WindowsUpdateClient","An update was downloaded."
"16-06-2026 09:46:05","41","Information","Microsoft-Windows-WindowsUpdateClient","An update was downloaded."
"16-06-2026 09:45:53","41","Information","Microsoft-Windows-WindowsUpdateClient","An update was downloaded."
"16-06-2026 09:45:53","41","Information","Microsoft-Windows-WindowsUpdateClient","An update was downloaded."
"16-06-2026 09:45:46","41","Information","Microsoft-Windows-WindowsUpdateClient","An update was downloaded."
"16-06-2026 09:45:37","41","Information","Microsoft-Windows-WindowsUpdateClient","An update was downloaded."
"16-06-2026 09:41:29","41","Information","Microsoft-Windows-WindowsUpdateClient","An update was downloaded."
"16-06-2026 09:41:20","41","Information","Microsoft-Windows-WindowsUpdateClient","An update was downloaded."
"16-06-2026 09:41:20","41","Information","Microsoft-Windows-WindowsUpdateClient","An update was downloaded."
"16-06-2026 09:23:35","26","Information","Microsoft-Windows-WindowsUpdateClient","Windows Update successfully found 4 updates."
"16-06-2026 09:23:30","41","Information","Microsoft-Windows-WindowsUpdateClient","An update was downloaded."
"16-06-2026 09:22:00","26","Information","Microsoft-Windows-WindowsUpdateClient","Windows Update successfully found 5 updates."
"16-06-2026 09:21:45","26","Information","Microsoft-Windows-WindowsUpdateClient","Windows Update successfully found 31 updates."
"16-06-2026 09:21:24","26","Information","Microsoft-Windows-WindowsUpdateClient","Windows Update successfully found 19 updates."
"16-06-2026 09:21:24","41","Information","Microsoft-Windows-WindowsUpdateClient","An update was downloaded."
"16-06-2026 09:17:42","26","Information","Microsoft-Windows-WindowsUpdateClient","Windows Update successfully found 0 updates."
"16-06-2026 09:17:33","26","Information","Microsoft-Windows-WindowsUpdateClient","Windows Update successfully found 1 updates."
