"18-08-2026 14:32:18","1223","Verbose","Microsoft-Windows-PushNotifications-Platform","WNP Transport Layer sent command: ATH, Trid: 2, Namespace: CON\DEVICE, CV: xwChefcwBESL6GZS.2 containing 1334 bytes of payload: 0x436F6E746578743A20643636386630396333313735383966360D0A0D0A3C6465766963653E3C636F6D706163742D7469636B65743E743D45774359412B704942414155316244476664617A69446658706A4E354E36635968543177626D5141415148745A546578654276376D6C717774457A35302B5A324A753849476649695A6171456A4936795257476C544E475930512B32373538426D317A546374744B71653262565954626A436F68484A48634E6976302B4D3739504E35763949384753726D4A626C584D4F4F4E722F6F784C49672F56517575634F72763666786B6F552F67593543654A4A7251615246674949756A3945664E32374E6634457464357932596B7678595A7243787A6B7A424B576950627A4934426B4A453754654D694B3752353835347041666E6B743077365461584761686A30322F334174783163646B794853706664425152694676477A494E744A7767312F765473354F776B344844435574565353647155554C536352627142534144593034324B595076774A684977347054676849704E6538666C496648656F673954756D507A32766F374F6D4734477849674D304E575A73464A4E31425534665A55515A674141454A684D64416A634C31667576583149752F4C3033567467416E63377273477054575175727258336C6B5051323649443654444C4F42524F3068356E5A724171336A62597772306E39504B6937466F2F6E30352F794E4B6E742B365066787537492F4F39516F564B4C472B48366375686D46753134744F454B4B4F796951622B42597957736F634249766E43357962474670454E55497A444B6343596A3278702B70614A31423937305869664848756D636779643768353876515A4836575336787674727955753732707861654176364169786D307A55616571394158733332662F7861704C475948694F36564349464A67566E7A5973676F66704B2F61532F4A43595A523276427461615A7658586163613571576E5A36474F6D4B696452374E634776782B3737694C4F3467666146516C73314C516A684A4F72482F56336B476D49393274666C464748342F4D652F4C5072314E453366766554754C574D6E473733755973516C39515473303178737458434537325234634B433369622B784732494F6F737077703837303075584D6938716E446A42645852564454594C432F4A3655306E4B4F2B71716A734E544C6E4D4A517A3536706E66525A414F4959714C654F39716E77357862386E4D313466667061496A61627277702F4F577A6178794E742B4234417745616C707A4F71655A55537162674C4F69664637786975632B56474D51325833772F6D4646765537553847562F6D65304874623053424E774C71744B632F616A715A63346D73746C745068683279427534317442636E7247334A4A796B5379774E6B527A677A535A6D76536949577573663652376931616837316258544F6133654A516A6863534E69427675666C4E664C3764683938374C716E48303648454177785754477A59597855754F7A7A4333344E52727631326C783754363643345172513547726D7A58526B71454E342B6553343945684C685743767375446B6F6F4B3243334976625355706765435645413567764B4A4532502F435031596455736669374275524C694D794A69616D74376E765A764B593575456543784D75766B45794D30417A30765242316653423635316474485268386D476D6233726A39684B48736338494E7844304445485A50766C697A5A2B624D2B4435726B77493D3C2F636F6D706163742D7469636B65743E3C69643E303031383830313734444536463746453C2F69643E3C2F6465766963653E. IsLongRunning: Data Connection."
"18-08-2026 14:32:18","1267","Verbose","Microsoft-Windows-PushNotifications-Platform","WNP Transport Layer sent command: CNT, Trid: 1, Namespace: CON, CV: xwChefcwBESL6GZS.1 containing 363 bytes of payload only. However, full payload including header is: 0x434E54203120434F4E203334380D0A4D532D43563A2078774368656663774245534C36475A532E310D0A436F6E746578743A20643636386630396333313735383966360D0A0D0A3C636F6E6E6563743E3C7665723E323C2F7665723E3C6167656E743E3C6F733E57696E646F77733C2F6F733E3C6F735665723E31302E302E302E302E32363130302E383839333C2F6F735665723E3C70726F633E7836343C2F70726F633E3C6C6369643E656E2D494E3C2F6C6369643E3C67656F49643E3131333C2F67656F49643E3C616F61633E313C2F616F61633E3C646576696365547970653E323C2F646576696365547970653E3C6465766963654E616D653E303031383830313734444536463746453C2F6465766963654E616D653E3C666F6C6C6F7752657472793E747275653C2F666F6C6C6F7752657472793E3C2F6167656E743E3C6E6574776F726B3E3C776966693E3C2F776966693E3C2F6E6574776F726B3E3C2F636F6E6E6563743E. IsLongRunning: Data Connection."
"18-08-2026 14:32:18","1223","Verbose","Microsoft-Windows-PushNotifications-Platform","WNP Transport Layer sent command: CNT, Trid: 1, Namespace: CON, CV: xwChefcwBESL6GZS.1 containing 321 bytes of payload: 0x436F6E746578743A20643636386630396333313735383966360D0A0D0A3C636F6E6E6563743E3C7665723E323C2F7665723E3C6167656E743E3C6F733E57696E646F77733C2F6F733E3C6F735665723E31302E302E302E302E32363130302E383839333C2F6F735665723E3C70726F633E7836343C2F70726F633E3C6C6369643E656E2D494E3C2F6C6369643E3C67656F49643E3131333C2F67656F49643E3C616F61633E313C2F616F61633E3C646576696365547970653E323C2F646576696365547970653E3C6465766963654E616D653E303031383830313734444536463746453C2F6465766963654E616D653E3C666F6C6C6F7752657472793E747275653C2F666F6C6C6F7752657472793E3C2F6167656E743E3C6E6574776F726B3E3C776966693E3C2F776966693E3C2F6E6574776F726B3E3C2F636F6E6E6563743E. IsLongRunning: Data Connection."
"18-08-2026 14:32:18","1113","Information","Microsoft-Windows-PushNotifications-Platform","Device Compact Ticket request completed with Device Id 001880174DE6F7FE for the Data Connection."
"18-08-2026 14:32:18","1218","Information","Microsoft-Windows-PushNotifications-Platform","WNP Transport Layer TLS negotiation completed for the Data Connection with code The operation completed successfully.."
"18-08-2026 14:32:18","1257","Information","Microsoft-Windows-PushNotifications-Platform","WNP Transport Layer for Data Connection called InitializeSecurityContext and got return code 0x0."
"18-08-2026 14:32:18","1257","Information","Microsoft-Windows-PushNotifications-Platform","WNP Transport Layer for Data Connection called InitializeSecurityContext and got return code 0x90312."
"18-08-2026 14:32:18","1257","Information","Microsoft-Windows-PushNotifications-Platform","WNP Transport Layer for Data Connection called InitializeSecurityContext and got return code 0x80090318."
"18-08-2026 14:32:18","1257","Information","Microsoft-Windows-PushNotifications-Platform","WNP Transport Layer for Data Connection called InitializeSecurityContext and got return code 0x90312."
"18-08-2026 14:32:18","1217","Information","Microsoft-Windows-PushNotifications-Platform","WNP Transport Layer TLS negotiation initiated for the Data Connection."
"18-08-2026 14:32:18","1212","Information","Microsoft-Windows-PushNotifications-Platform","WNP Transport Layer initial server connection completed to server client.wns.windows.com on port 443 for the Data Connection."
"18-08-2026 14:32:18","1211","Information","Microsoft-Windows-PushNotifications-Platform","WNP Transport Layer initial server connection initiated to server client.wns.windows.com on port 443 for the Data Connection."
"18-08-2026 14:32:18","1208","Information","Microsoft-Windows-PushNotifications-Platform","WNP Transport Layer resolving DNS completed for the Data Connection with code The operation completed successfully.."
"18-08-2026 14:32:18","1207","Information","Microsoft-Windows-PushNotifications-Platform","WNP Transport Layer resolving DNS initiated for host client.wns.windows.com for the Data Connection."
"18-08-2026 14:32:17","1117","Information","Microsoft-Windows-PushNotifications-Platform","Windows Push Notification Service was disconnected due to error: 0x880403EF and will now enter reconnect mode."
"18-08-2026 14:32:17","1267","Verbose","Microsoft-Windows-PushNotifications-Platform","WNP Transport Layer sent command: OUT, Trid: 7, Namespace: CON, CV: EnH7lA6ppkiZTedi.7 containing 70 bytes of payload only. However, full payload including header is: 0x4F5554203720434F4E2035360D0A4D532D43563A20456E48376C413670706B695A546564692E370D0A436F6E746578743A20663535373332356266613631623839660D0A0D0A. IsLongRunning: Data Connection."
"18-08-2026 14:32:17","1223","Verbose","Microsoft-Windows-PushNotifications-Platform","WNP Transport Layer sent command: OUT, Trid: 7, Namespace: CON, CV: EnH7lA6ppkiZTedi.7 containing 29 bytes of payload: 0x436F6E746578743A20663535373332356266613631623839660D0A0D0A. IsLongRunning: Data Connection."
"18-08-2026 14:32:03","3049","Information","Microsoft-Windows-PushNotifications-Platform","Endpoint 0x0 is being cleanedup"
"18-08-2026 14:32:03","3049","Information","Microsoft-Windows-PushNotifications-Platform","Endpoint 0x0 is being cleanedup"
"18-08-2026 14:32:03","1239","Information","Microsoft-Windows-PushNotifications-Platform","WNP Keep Alive Detector starting KA measurement with value: 1560 seconds; type: Converged; Min Limit: 60 seconds"
"18-08-2026 14:31:52","1267","Verbose","Microsoft-Windows-PushNotifications-Platform","WNP Transport Layer sent command: PNG, Trid: 6, Namespace: CON, CV: EnH7lA6ppkiZTedi.6 containing 70 bytes of payload only. However, full payload including header is: 0x504E47203620434F4E2035360D0A4D532D43563A20456E48376C413670706B695A546564692E360D0A436F6E746578743A20666638626234366630386564363066390D0A0D0A. IsLongRunning: Data Connection."
"18-08-2026 14:31:52","1223","Verbose","Microsoft-Windows-PushNotifications-Platform","WNP Transport Layer sent command: PNG, Trid: 6, Namespace: CON, CV: EnH7lA6ppkiZTedi.6 containing 29 bytes of payload: 0x436F6E746578743A20666638626234366630386564363066390D0A0D0A. IsLongRunning: Data Connection."
"18-08-2026 14:31:41","42","Information","Microsoft-Windows-PushNotifications-Platform","Cloud Notifications must be enabled in GP and MDM to receive push notifications. GroupPolicyValue: true, MDMPolicyValue: true."
"18-08-2026 14:31:37","42","Information","Microsoft-Windows-PushNotifications-Platform","Cloud Notifications must be enabled in GP and MDM to receive push notifications. GroupPolicyValue: true, MDMPolicyValue: true."
"18-08-2026 14:31:37","42","Information","Microsoft-Windows-PushNotifications-Platform","Cloud Notifications must be enabled in GP and MDM to receive push notifications. GroupPolicyValue: true, MDMPolicyValue: true."
"18-08-2026 14:31:35","3049","Information","Microsoft-Windows-PushNotifications-Platform","Endpoint 0x0 is being cleanedup"
"18-08-2026 14:31:35","3049","Information","Microsoft-Windows-PushNotifications-Platform","Endpoint 0x0 is being cleanedup"
"18-08-2026 14:31:33","42","Information","Microsoft-Windows-PushNotifications-Platform","Cloud Notifications must be enabled in GP and MDM to receive push notifications. GroupPolicyValue: true, MDMPolicyValue: true."
"18-08-2026 14:31:29","3001","Information","Microsoft-Windows-PushNotifications-Platform","Tile session creation is finished for C:\Windows\explorer.exe from endpoint 0x0 with result The operation completed successfully., and 2 is assigned as session id. Queued Closes = 0, Queued Cleanups = 0"
"18-08-2026 14:31:29","3000","Information","Microsoft-Windows-PushNotifications-Platform","Tile session creation is requested for C:\Windows\explorer.exe endpoint 0x0."
"18-08-2026 14:31:28","42","Information","Microsoft-Windows-PushNotifications-Platform","Cloud Notifications must be enabled in GP and MDM to receive push notifications. GroupPolicyValue: true, MDMPolicyValue: true."
"18-08-2026 14:31:27","2413","Information","Microsoft-Windows-PushNotifications-Platform","An application was registered with the following parameters: System [PackageFullName] Windows.SystemToast.WindowsTip [AppUserModelId] 0x24FF [Settings] 1073741824 [AppType] The operation completed successfully. [ErrorCode]."
"18-08-2026 14:31:23","3049","Information","Microsoft-Windows-PushNotifications-Platform","Endpoint 0x0 is being cleanedup"
"18-08-2026 14:31:23","3049","Information","Microsoft-Windows-PushNotifications-Platform","Endpoint 0x0 is being cleanedup"
"18-08-2026 14:31:23","2413","Information","Microsoft-Windows-PushNotifications-Platform","An application was registered with the following parameters: windows.immersivecontrolpanel_cw5n1h2txyewy [PackageFullName] windows.immersivecontrolpanel_cw5n1h2txyewy!microsoft.windows.immersivecontrolpanel [AppUserModelId] 0x600 [Settings] 268435456 [AppType] The operation completed successfully. [ErrorCode]."
"18-08-2026 14:31:23","1005","Information","Microsoft-Windows-PushNotifications-Platform","The Connection Provider status changed to Connected."
"18-08-2026 14:31:23","1264","Information","Microsoft-Windows-PushNotifications-Platform","Adding new user to the Windows Push Notification Service completed. 001880174DE6F7FE [DeviceId] 17056889 [UserId] 0x0 [ErrorCode]."
"18-08-2026 14:31:23","1268","Verbose","Microsoft-Windows-PushNotifications-Platform","WNP Transport Layer received command: BND, Trid: 5, Namespace: CON, CV: EnH7lA6ppkiZTedi.5.0 containing 134 bytes of payload only. However, full payload including header is: 0x424E44203520434F4E003133340D0A436F6E746578743A20633830323134303963366466396465300D0A4D532D43563A20456E48376C413670706B695A546564692E352E300D0A0D0A3C776E732D726573706F6E73653E3C7665723E313C2F7665723E3C6E6F6E63653E31363639353730373839383231393034353937313C2F6E6F6E63653E. IsLongRunning: Data Connection."
"18-08-2026 14:31:23","1225","Verbose","Microsoft-Windows-PushNotifications-Platform","WNP Transport Layer received command: BND, Trid: 5, Namespace: CON, CV: EnH7lA6ppkiZTedi.5.0 containing 134 bytes of payload: 0x436F6E746578743A20633830323134303963366466396465300D0A4D532D43563A20456E48376C413670706B695A546564692E352E300D0A0D0A3C776E732D726573706F6E73653E3C7665723E313C2F7665723E3C6E6F6E63653E31363639353730373839383231393034353937313C2F6E6F6E63653E3C2F776E732D726573706F6E73653E. IsLongRunning: Data Connection."
"18-08-2026 14:31:23","3055","Information","Microsoft-Windows-PushNotifications-Platform","Some toast notifications have been cleared - informed session 1."
"18-08-2026 14:31:23","3049","Information","Microsoft-Windows-PushNotifications-Platform","Endpoint 0x0 is being cleanedup"
"18-08-2026 14:31:22","1267","Verbose","Microsoft-Windows-PushNotifications-Platform","WNP Transport Layer sent command: BND, Trid: 5, Namespace: CON\WNS 1044479, CV: EnH7lA6ppkiZTedi.5 containing 239 bytes of payload only. However, full payload including header is: 0x424E44203520434F4E5C574E532031303434343739203231320D0A4D532D43563A20456E48376C413670706B695A546564692E350D0A436F6E746578743A20633830323134303963366466396465300D0A0D0A3C776E733E3C7665723E313C2F7665723E3C636C69656E743E3C6E616D653E57504E3C2F6E616D653E3C7665723E312E303C2F7665723E3C2F636C69656E743E3C6F7074696F6E733E3C7077726D6F6465206D6F64653D2230223E3C2F7077726D6F64653E3C2F6F7074696F6E733E3C6C6173744D736749643E333734373866363634373365393164373C2F6C6173744D736749643E3C2F776E733E. IsLongRunning: Data Connection."
"18-08-2026 14:31:22","1223","Verbose","Microsoft-Windows-PushNotifications-Platform","WNP Transport Layer sent command: BND, Trid: 5, Namespace: CON\WNS 1044479, CV: EnH7lA6ppkiZTedi.5 containing 185 bytes of payload: 0x436F6E746578743A20633830323134303963366466396465300D0A0D0A3C776E733E3C7665723E313C2F7665723E3C636C69656E743E3C6E616D653E57504E3C2F6E616D653E3C7665723E312E303C2F7665723E3C2F636C69656E743E3C6F7074696F6E733E3C7077726D6F6465206D6F64653D2230223E3C2F7077726D6F64653E3C2F6F7074696F6E733E3C6C6173744D736749643E333734373866363634373365393164373C2F6C6173744D736749643E3C2F776E733E. IsLongRunning: Data Connection."
"18-08-2026 14:31:22","1261","Information","Microsoft-Windows-PushNotifications-Platform","Adding new user to the Windows Push Notification Service. 001880174DE6F7FE [DeviceId] 17056889 [UserId] 2 [UserType]."
"18-08-2026 14:31:22","3007","Information","Microsoft-Windows-PushNotifications-Platform","Toast session creation is finished for C:\Windows\System32\svchost.exe from endpoint 0x0 with result The operation completed successfully., and 1 is assigned as session id."
"18-08-2026 14:31:22","3006","Information","Microsoft-Windows-PushNotifications-Platform","Toast session creation is requested for C:\Windows\System32\svchost.exe from endpoint 0x0."
"18-08-2026 14:31:22","1022","Information","Microsoft-Windows-PushNotifications-Platform","ConnectWork is requesting ConnectionManager to connect."
"18-08-2026 14:31:22","1025","Information","Microsoft-Windows-PushNotifications-Platform","A Power event was fired: OpportunisticConnectedStandbyStateChange [PowerEventType] false [Enabled]."
"18-08-2026 14:31:22","1025","Information","Microsoft-Windows-PushNotifications-Platform","A Power event was fired: MonitorSettingChange [PowerEventType] true [Enabled]."
"18-08-2026 14:31:22","1025","Information","Microsoft-Windows-PushNotifications-Platform","A Power event was fired: ACPowerChange [PowerEventType] true [Enabled]."
"18-08-2026 14:31:22","1025","Information","Microsoft-Windows-PushNotifications-Platform","A Power event was fired: BatterySaverStateChange [PowerEventType] false [Enabled]."
"18-08-2026 14:31:22","37","Information","Microsoft-Windows-PushNotifications-Platform","The Windows Push Notification Platform is required to connect on startup, ValidChannelsExist : true."
"18-08-2026 14:31:22","42","Information","Microsoft-Windows-PushNotifications-Platform","Cloud Notifications must be enabled in GP and MDM to receive push notifications. GroupPolicyValue: true, MDMPolicyValue: true."
"18-08-2026 14:31:12","42","Information","Microsoft-Windows-PushNotifications-Platform","Cloud Notifications must be enabled in GP and MDM to receive push notifications. GroupPolicyValue: true, MDMPolicyValue: true."
"18-08-2026 14:31:03","1268","Verbose","Microsoft-Windows-PushNotifications-Platform","WNP Transport Layer received command: PUT, Trid: 4, Namespace: WNS, CV: EnH7lA6ppkiZTedi.4.0 containing 58 bytes of payload only. However, full payload including header is: 0x505554203420574E530035380D0A436F6E746578743A20656333626437316632613862396361650D0A4D532D43563A20456E48376C413670706B. IsLongRunning: Data Connection."
"18-08-2026 14:31:03","1225","Verbose","Microsoft-Windows-PushNotifications-Platform","WNP Transport Layer received command: PUT, Trid: 4, Namespace: WNS, CV: EnH7lA6ppkiZTedi.4.0 containing 58 bytes of payload: 0x436F6E746578743A20656333626437316632613862396361650D0A4D532D43563A20456E48376C413670706B695A546564692E342E300D0A0D0A. IsLongRunning: Data Connection."
"18-08-2026 14:31:03","1005","Information","Microsoft-Windows-PushNotifications-Platform","The Connection Provider status changed to Connected."
"18-08-2026 14:31:03","1267","Verbose","Microsoft-Windows-PushNotifications-Platform","WNP Transport Layer sent command: PUT, Trid: 4, Namespace: WNS\CHALLENGE 0, CV: EnH7lA6ppkiZTedi.4 containing 190 bytes of payload only. However, full payload including header is: 0x505554203420574E535C4348414C4C454E47452030203136330D0A4D532D43563A20456E48376C413670706B695A546564692E340D0A436F6E746578743A20656333626437316632613862396361650D0A0D0A3C6368616C6C656E67653E3C61707049643E50524F443031323050572143435639403C2F61707049643E3C726573706F6E73653E66646662666132383863373339343161666334316562383236323933383961643C2F726573706F6E73653E3C2F6368616C6C656E67653E. IsLongRunning: Data Connection."
"18-08-2026 14:31:03","1223","Verbose","Microsoft-Windows-PushNotifications-Platform","WNP Transport Layer sent command: PUT, Trid: 4, Namespace: WNS\CHALLENGE 0, CV: EnH7lA6ppkiZTedi.4 containing 136 bytes of payload: 0x436F6E746578743A20656333626437316632613862396361650D0A0D0A3C6368616C6C656E67653E3C61707049643E50524F443031323050572143435639403C2F61707049643E3C726573706F6E73653E66646662666132383863373339343161666334316562383236323933383961643C2F726573706F6E73653E3C2F6368616C6C656E67653E. IsLongRunning: Data Connection."
"18-08-2026 14:31:03","1005","Information","Microsoft-Windows-PushNotifications-Platform","The Connection Provider status changed to Connected."
"18-08-2026 14:31:03","1264","Information","Microsoft-Windows-PushNotifications-Platform","Adding new user to the Windows Push Notification Service completed. 001880174DE6F7FE [DeviceId] 0 [UserId] 0x0 [ErrorCode]."
"18-08-2026 14:31:03","1268","Verbose","Microsoft-Windows-PushNotifications-Platform","WNP Transport Layer received command: BND, Trid: 3, Namespace: CON, CV: EnH7lA6ppkiZTedi.3.0 containing 133 bytes of payload only. However, full payload including header is: 0x424E44203320434F4E003133330D0A436F6E746578743A206138323239656234643263356561370D0A4D532D43563A20456E48376C413670706B695A546564692E332E300D0A0D0A3C776E732D726573706F6E73653E3C7665723E313C2F7665723E3C6E6F6E63653E32313133323838323831303932393131303439323C2F6E6F6E63653E. IsLongRunning: Data Connection."
"18-08-2026 14:31:03","1225","Verbose","Microsoft-Windows-PushNotifications-Platform","WNP Transport Layer received command: BND, Trid: 3, Namespace: CON, CV: EnH7lA6ppkiZTedi.3.0 containing 133 bytes of payload: 0x436F6E746578743A206138323239656234643263356561370D0A4D532D43563A20456E48376C413670706B695A546564692E332E300D0A0D0A3C776E732D726573706F6E73653E3C7665723E313C2F7665723E3C6E6F6E63653E32313133323838323831303932393131303439323C2F6E6F6E63653E3C2F776E732D726573706F6E73653E. IsLongRunning: Data Connection."
"18-08-2026 14:31:03","1268","Verbose","Microsoft-Windows-PushNotifications-Platform","WNP Transport Layer received command: ATH, Trid: 2, Namespace: CON, CV: EnH7lA6ppkiZTedi.2.0 containing 57 bytes of payload only. However, full payload including header is: 0x415448203220434F4E0035370D0A436F6E746578743A206138323239656234643263356561370D0A4D532D43563A20456E48376C413670706B. IsLongRunning: Data Connection."
"18-08-2026 14:31:03","1225","Verbose","Microsoft-Windows-PushNotifications-Platform","WNP Transport Layer received command: ATH, Trid: 2, Namespace: CON, CV: EnH7lA6ppkiZTedi.2.0 containing 57 bytes of payload: 0x436F6E746578743A206138323239656234643263356561370D0A4D532D43563A20456E48376C413670706B695A546564692E322E300D0A0D0A. IsLongRunning: Data Connection."
"18-08-2026 14:31:03","1268","Verbose","Microsoft-Windows-PushNotifications-Platform","WNP Transport Layer received command: CNT, Trid: 1, Namespace: CON, CV: EnH7lA6ppkiZTedi.1.0 containing 234 bytes of payload only. However, full payload including header is: 0x434E54203120434F4E003233340D0A436F6E746578743A206138323239656234643263356561370D0A4D532D43563A20456E48376C413670706B695A546564692E312E300D0A0D0A3C636F6E6E6563742D726573706F6E73653E3C7665723E313C2F7665723E3C73657373696F6E3E3C69643E4D7470312E35342F33333934343337382E33633631646461362D306633662D616138652D363639312D3537653364656439343635663C2F69643E3C74696D656F75743E323030303C2F74696D656F75743E3C2F73657373696F6E3E3C716F73746573743E66616C73653C2F716F73746573743E3C2F636F. IsLongRunning: Data Connection."
"18-08-2026 14:31:03","1225","Verbose","Microsoft-Windows-PushNotifications-Platform","WNP Transport Layer received command: CNT, Trid: 1, Namespace: CON, CV: EnH7lA6ppkiZTedi.1.0 containing 234 bytes of payload: 0x436F6E746578743A206138323239656234643263356561370D0A4D532D43563A20456E48376C413670706B695A546564692E312E300D0A0D0A3C636F6E6E6563742D726573706F6E73653E3C7665723E313C2F7665723E3C73657373696F6E3E3C69643E4D7470312E35342F33333934343337382E33633631646461362D306633662D616138652D363639312D3537653364656439343635663C2F69643E3C74696D656F75743E323030303C2F74696D656F75743E3C2F73657373696F6E3E3C716F73746573743E66616C73653C2F716F73746573743E3C2F636F6E6E6563742D726573706F6E73653E. IsLongRunning: Data Connection."
"18-08-2026 14:31:03","1267","Verbose","Microsoft-Windows-PushNotifications-Platform","WNP Transport Layer sent command: BND, Trid: 3, Namespace: CON\WNS 0, CV: EnH7lA6ppkiZTedi.3 containing 232 bytes of payload only. However, full payload including header is: 0x424E44203320434F4E5C574E532030203231310D0A4D532D43563A20456E48376C413670706B695A546564692E330D0A436F6E746578743A206138323239656234643263356561370D0A0D0A3C776E733E3C7665723E313C2F7665723E3C636C69656E743E3C6E616D653E57504E3C2F6E616D653E3C7665723E312E303C2F7665723E3C2F636C69656E743E3C6F7074696F6E733E3C7077726D6F6465206D6F64653D2230223E3C2F7077726D6F64653E3C2F6F7074696F6E733E3C6C6173744D736749643E363434336438383934666563393937333C2F6C6173744D736749643E3C2F776E733E. IsLongRunning: Data Connection."
"18-08-2026 14:31:03","1223","Verbose","Microsoft-Windows-PushNotifications-Platform","WNP Transport Layer sent command: BND, Trid: 3, Namespace: CON\WNS 0, CV: EnH7lA6ppkiZTedi.3 containing 184 bytes of payload: 0x436F6E746578743A206138323239656234643263356561370D0A0D0A3C776E733E3C7665723E313C2F7665723E3C636C69656E743E3C6E616D653E57504E3C2F6E616D653E3C7665723E312E303C2F7665723E3C2F636C69656E743E3C6F7074696F6E733E3C7077726D6F6465206D6F64653D2230223E3C2F7077726D6F64653E3C2F6F7074696F6E733E3C6C6173744D736749643E363434336438383934666563393937333C2F6C6173744D736749643E3C2F776E733E. IsLongRunning: Data Connection."
"18-08-2026 14:31:03","1267","Verbose","Microsoft-Windows-PushNotifications-Platform","WNP Transport Layer sent command: ATH, Trid: 2, Namespace: CON\DEVICE, CV: EnH7lA6ppkiZTedi.2 containing 1383 bytes of payload only. However, full payload including header is: 0x415448203220434F4E5C44455649434520313336300D0A4D532D43563A20456E48376C413670706B695A546564692E320D0A436F6E746578743A206138323239656234643263356561370D0A0D0A3C6465766963653E3C636F6D706163742D7469636B65743E743D45774359412B704942414155316244476664617A69446658706A4E354E36635968543177626D5141415148745A546578654276376D6C717774457A35302B5A324A753849476649695A6171456A4936795257476C544E475930512B32373538426D317A546374744B71653262565954626A436F68484A48634E6976302B4D3739504E35763949384753726D4A626C584D4F4F4E722F6F784C49672F56517575634F72763666786B6F552F67593543654A4A7251615246674949756A3945664E32374E6634457464357932596B7678595A7243787A6B7A424B576950627A4934426B4A453754654D694B3752353835347041666E6B743077365461584761686A30322F334174783163646B794853706664425152694676477A494E744A7767312F765473354F776B344844435574565353647155554C536352627142534144593034324B595076774A684977347054676849704E6538666C496648656F673954756D507A32766F374F6D4734477849674D304E575A73464A4E31425534665A55515A674141454A684D64416A634C31667576583149752F4C3033567467416E63377273477054575175727258336C6B5051323649443654444C4F42524F3068356E5A724171336A62597772306E39504B6937466F2F6E30352F794E4B6E742B365066787537492F4F39516F564B4C472B48366375686D46753134744F454B4B4F796951622B42597957736F634249766E43357962474670454E55497A444B6343596A3278702B70614A31423937305869664848756D636779643768353876515A4836575336787674727955753732707861654176364169786D307A55616571394158733332662F7861704C475948694F36564349464A67566E7A5973676F66704B2F61532F4A43595A523276427461615A7658586163613571576E5A36474F6D4B696452374E634776782B3737694C4F3467666146516C73314C516A684A4F72482F56336B476D49393274666C464748342F4D652F4C5072314E453366766554754C574D6E473733755973516C39515473303178737458434537325234634B433369622B784732494F6F737077703837303075584D6938716E446A42645852564454594C432F4A3655306E4B4F2B71716A734E544C6E4D4A517A3536706E66525A414F4959714C654F39716E77357862386E4D313466667061496A61627277702F4F577A6178794E742B4234417745616C707A4F71655A55537162674C4F69664637786975632B56474D51325833772F6D4646765537553847562F6D65304874623053424E774C71744B632F616A715A63346D73746C745068683279427534317442636E7247334A4A796B5379774E6B527A677A535A6D76536949577573663652376931616837316258544F6133654A516A6863534E69427675666C4E664C3764683938374C716E48303648454177785754477A59597855754F7A7A4333344E52727631326C783754363643345172513547726D7A58526B71454E342B6553343945684C685743767375446B6F6F4B3243334976625355706765435645413567764B4A4532502F435031596455736669374275524C694D794A69616D74376E765A764B593575456543784D75766B45794D30417A30765242316653423635316474485268386D476D6233726A39684B48736338494E7844304445485A50766C697A5A2B624D2B4435726B77493D3C2F636F6D706163742D7469636B65743E3C69643E303031383830313734444536463746453C2F69643E3C2F6465766963653E. IsLongRunning: Data Connection."
"18-08-2026 14:31:03","1223","Verbose","Microsoft-Windows-PushNotifications-Platform","WNP Transport Layer sent command: ATH, Trid: 2, Namespace: CON\DEVICE, CV: EnH7lA6ppkiZTedi.2 containing 1333 bytes of payload: 0x436F6E746578743A206138323239656234643263356561370D0A0D0A3C6465766963653E3C636F6D706163742D7469636B65743E743D45774359412B704942414155316244476664617A69446658706A4E354E36635968543177626D5141415148745A546578654276376D6C717774457A35302B5A324A753849476649695A6171456A4936795257476C544E475930512B32373538426D317A546374744B71653262565954626A436F68484A48634E6976302B4D3739504E35763949384753726D4A626C584D4F4F4E722F6F784C49672F56517575634F72763666786B6F552F67593543654A4A7251615246674949756A3945664E32374E6634457464357932596B7678595A7243787A6B7A424B576950627A4934426B4A453754654D694B3752353835347041666E6B743077365461584761686A30322F334174783163646B794853706664425152694676477A494E744A7767312F765473354F776B344844435574565353647155554C536352627142534144593034324B595076774A684977347054676849704E6538666C496648656F673954756D507A32766F374F6D4734477849674D304E575A73464A4E31425534665A55515A674141454A684D64416A634C31667576583149752F4C3033567467416E63377273477054575175727258336C6B5051323649443654444C4F42524F3068356E5A724171336A62597772306E39504B6937466F2F6E30352F794E4B6E742B365066787537492F4F39516F564B4C472B48366375686D46753134744F454B4B4F796951622B42597957736F634249766E43357962474670454E55497A444B6343596A3278702B70614A31423937305869664848756D636779643768353876515A4836575336787674727955753732707861654176364169786D307A55616571394158733332662F7861704C475948694F36564349464A67566E7A5973676F66704B2F61532F4A43595A523276427461615A7658586163613571576E5A36474F6D4B696452374E634776782B3737694C4F3467666146516C73314C516A684A4F72482F56336B476D49393274666C464748342F4D652F4C5072314E453366766554754C574D6E473733755973516C39515473303178737458434537325234634B433369622B784732494F6F737077703837303075584D6938716E446A42645852564454594C432F4A3655306E4B4F2B71716A734E544C6E4D4A517A3536706E66525A414F4959714C654F39716E77357862386E4D313466667061496A61627277702F4F577A6178794E742B4234417745616C707A4F71655A55537162674C4F69664637786975632B56474D51325833772F6D4646765537553847562F6D65304874623053424E774C71744B632F616A715A63346D73746C745068683279427534317442636E7247334A4A796B5379774E6B527A677A535A6D76536949577573663652376931616837316258544F6133654A516A6863534E69427675666C4E664C3764683938374C716E48303648454177785754477A59597855754F7A7A4333344E52727631326C783754363643345172513547726D7A58526B71454E342B6553343945684C685743767375446B6F6F4B3243334976625355706765435645413567764B4A4532502F435031596455736669374275524C694D794A69616D74376E765A764B593575456543784D75766B45794D30417A30765242316653423635316474485268386D476D6233726A39684B48736338494E7844304445485A50766C697A5A2B624D2B4435726B77493D3C2F636F6D706163742D7469636B65743E3C69643E303031383830313734444536463746453C2F69643E3C2F6465766963653E. IsLongRunning: Data Connection."
"18-08-2026 14:31:03","1267","Verbose","Microsoft-Windows-PushNotifications-Platform","WNP Transport Layer sent command: CNT, Trid: 1, Namespace: CON, CV: EnH7lA6ppkiZTedi.1 containing 362 bytes of payload only. However, full payload including header is: 0x434E54203120434F4E203334370D0A4D532D43563A20456E48376C413670706B695A546564692E310D0A436F6E746578743A206138323239656234643263356561370D0A0D0A3C636F6E6E6563743E3C7665723E323C2F7665723E3C6167656E743E3C6F733E57696E646F77733C2F6F733E3C6F735665723E31302E302E302E302E32363130302E383839333C2F6F735665723E3C70726F633E7836343C2F70726F633E3C6C6369643E656E2D494E3C2F6C6369643E3C67656F49643E3131333C2F67656F49643E3C616F61633E313C2F616F61633E3C646576696365547970653E323C2F646576696365547970653E3C6465766963654E616D653E303031383830313734444536463746453C2F6465766963654E616D653E3C666F6C6C6F7752657472793E747275653C2F666F6C6C6F7752657472793E3C2F6167656E743E3C6E6574776F726B3E3C776966693E3C2F776966693E3C2F6E6574776F726B3E3C2F636F6E6E6563743E. IsLongRunning: Data Connection."
"18-08-2026 14:31:03","1223","Verbose","Microsoft-Windows-PushNotifications-Platform","WNP Transport Layer sent command: CNT, Trid: 1, Namespace: CON, CV: EnH7lA6ppkiZTedi.1 containing 320 bytes of payload: 0x436F6E746578743A206138323239656234643263356561370D0A0D0A3C636F6E6E6563743E3C7665723E323C2F7665723E3C6167656E743E3C6F733E57696E646F77733C2F6F733E3C6F735665723E31302E302E302E302E32363130302E383839333C2F6F735665723E3C70726F633E7836343C2F70726F633E3C6C6369643E656E2D494E3C2F6C6369643E3C67656F49643E3131333C2F67656F49643E3C616F61633E313C2F616F61633E3C646576696365547970653E323C2F646576696365547970653E3C6465766963654E616D653E303031383830313734444536463746453C2F6465766963654E616D653E3C666F6C6C6F7752657472793E747275653C2F666F6C6C6F7752657472793E3C2F6167656E743E3C6E6574776F726B3E3C776966693E3C2F776966693E3C2F6E6574776F726B3E3C2F636F6E6E6563743E. IsLongRunning: Data Connection."
"18-08-2026 14:31:03","1113","Information","Microsoft-Windows-PushNotifications-Platform","Device Compact Ticket request completed with Device Id 001880174DE6F7FE for the Data Connection."
"18-08-2026 14:31:03","1218","Information","Microsoft-Windows-PushNotifications-Platform","WNP Transport Layer TLS negotiation completed for the Data Connection with code The operation completed successfully.."
"18-08-2026 14:31:03","1257","Information","Microsoft-Windows-PushNotifications-Platform","WNP Transport Layer for Data Connection called InitializeSecurityContext and got return code 0x0."
"18-08-2026 14:31:03","1257","Information","Microsoft-Windows-PushNotifications-Platform","WNP Transport Layer for Data Connection called InitializeSecurityContext and got return code 0x90312."
"18-08-2026 14:31:03","1257","Information","Microsoft-Windows-PushNotifications-Platform","WNP Transport Layer for Data Connection called InitializeSecurityContext and got return code 0x80090318."
"18-08-2026 14:31:02","1257","Information","Microsoft-Windows-PushNotifications-Platform","WNP Transport Layer for Data Connection called InitializeSecurityContext and got return code 0x90312."
"18-08-2026 14:31:02","1217","Information","Microsoft-Windows-PushNotifications-Platform","WNP Transport Layer TLS negotiation initiated for the Data Connection."
"18-08-2026 14:31:02","1212","Information","Microsoft-Windows-PushNotifications-Platform","WNP Transport Layer initial server connection completed to server client.wns.windows.com on port 443 for the Data Connection."
"18-08-2026 14:31:02","42","Information","Microsoft-Windows-PushNotifications-Platform","Cloud Notifications must be enabled in GP and MDM to receive push notifications. GroupPolicyValue: true, MDMPolicyValue: true."
"18-08-2026 14:31:02","42","Information","Microsoft-Windows-PushNotifications-Platform","Cloud Notifications must be enabled in GP and MDM to receive push notifications. GroupPolicyValue: true, MDMPolicyValue: true."
"18-08-2026 14:31:02","1211","Information","Microsoft-Windows-PushNotifications-Platform","WNP Transport Layer initial server connection initiated to server client.wns.windows.com on port 443 for the Data Connection."
"18-08-2026 14:31:02","1208","Information","Microsoft-Windows-PushNotifications-Platform","WNP Transport Layer resolving DNS completed for the Data Connection with code The operation completed successfully.."
"18-08-2026 14:31:02","1207","Information","Microsoft-Windows-PushNotifications-Platform","WNP Transport Layer resolving DNS initiated for host client.wns.windows.com for the Data Connection."
"18-08-2026 14:31:02","1254","Information","Microsoft-Windows-PushNotifications-Platform","WNP Transport Layer for Data Connection detected preferred interface change. Old index 0, old address family 0. New index 12, new address family 2, NDIS_PHYSICAL_MEDIUM 9."
"18-08-2026 14:31:02","1113","Information","Microsoft-Windows-PushNotifications-Platform","Device Compact Ticket request completed with Device Id 001880174DE6F7FE for the Data Connection."
"18-08-2026 14:31:02","1022","Information","Microsoft-Windows-PushNotifications-Platform","ConnectWork is requesting ConnectionManager to connect."
"18-08-2026 14:31:02","1025","Information","Microsoft-Windows-PushNotifications-Platform","A Power event was fired: OpportunisticConnectedStandbyStateChange [PowerEventType] false [Enabled]."
"18-08-2026 14:31:02","1025","Information","Microsoft-Windows-PushNotifications-Platform","A Power event was fired: MonitorSettingChange [PowerEventType] true [Enabled]."
"18-08-2026 14:31:02","1025","Information","Microsoft-Windows-PushNotifications-Platform","A Power event was fired: ACPowerChange [PowerEventType] true [Enabled]."
"18-08-2026 14:31:02","1025","Information","Microsoft-Windows-PushNotifications-Platform","A Power event was fired: BatterySaverStateChange [PowerEventType] false [Enabled]."
"18-08-2026 14:31:02","37","Information","Microsoft-Windows-PushNotifications-Platform","The Windows Push Notification Platform is required to connect on startup, ValidChannelsExist : true."
"18-08-2026 14:31:02","42","Information","Microsoft-Windows-PushNotifications-Platform","Cloud Notifications must be enabled in GP and MDM to receive push notifications. GroupPolicyValue: true, MDMPolicyValue: true."
"18-08-2026 14:20:34","1024","Information","Microsoft-Windows-PushNotifications-Platform","Internet connection status changed to false, submitting pending workitems: count = 1."
"18-08-2026 14:20:34","1240","Information","Microsoft-Windows-PushNotifications-Platform","WNP Keep Alive Detector stopping KA measurement"
"18-08-2026 14:20:34","1024","Information","Microsoft-Windows-PushNotifications-Platform","Internet connection status changed to false, submitting pending workitems: count = 1."
"18-08-2026 14:20:34","1023","Information","Microsoft-Windows-PushNotifications-Platform","No internet connection available, ConnectWork is queued for next network status change."
"18-08-2026 14:20:34","37","Information","Microsoft-Windows-PushNotifications-Platform","The Windows Push Notification Platform is required to connect on startup, ValidChannelsExist : true."
"18-08-2026 14:20:34","42","Information","Microsoft-Windows-PushNotifications-Platform","Cloud Notifications must be enabled in GP and MDM to receive push notifications. GroupPolicyValue: true, MDMPolicyValue: true."
"18-08-2026 14:20:34","1005","Information","Microsoft-Windows-PushNotifications-Platform","The Connection Provider status changed to Disconnected."
"18-08-2026 14:20:33","1246","Warning","Microsoft-Windows-PushNotifications-Platform","WNP Transport Layer was disconnected from the Windows Push Notification Service due to a loss of network connectivity."
"18-08-2026 14:20:33","1254","Information","Microsoft-Windows-PushNotifications-Platform","WNP Transport Layer for Data Connection detected preferred interface change. Old index 12, old address family 2. New index 0, new address family 0, NDIS_PHYSICAL_MEDIUM 0."
"18-08-2026 14:20:16","1265","Information","Microsoft-Windows-PushNotifications-Platform","Removing existing user from the Windows Push Notification Service completed. 001880174DE6F7FE [DeviceId] 17056889 [UserId] 0x0 [ErrorCode]."
"18-08-2026 14:20:16","1268","Verbose","Microsoft-Windows-PushNotifications-Platform","WNP Transport Layer received command: UBD, Trid: 8, Namespace: CON, CV: WyWEORtIhkyPy3Co.8.0 containing 82 bytes of payload only. However, full payload including header is: 0x554244203820434F4E0038320D0A436F6E746578743A20313166313337366662323630663934390D0A4D532D43563A20577957454F527449686B79507933436F2E382E300D0A0D0A6D71547274564F6E6345. IsLongRunning: Data Connection."
"18-08-2026 14:20:16","1225","Verbose","Microsoft-Windows-PushNotifications-Platform","WNP Transport Layer received command: UBD, Trid: 8, Namespace: CON, CV: WyWEORtIhkyPy3Co.8.0 containing 82 bytes of payload: 0x436F6E746578743A20313166313337366662323630663934390D0A4D532D43563A20577957454F527449686B79507933436F2E382E300D0A0D0A6D71547274564F6E63454B31547956654E7A367471672E30. IsLongRunning: Data Connection."
"18-08-2026 14:20:16","1267","Verbose","Microsoft-Windows-PushNotifications-Platform","WNP Transport Layer sent command: UBD, Trid: 8, Namespace: CON\WNS 1044479, CV: WyWEORtIhkyPy3Co.8 containing 82 bytes of payload only. However, full payload including header is: 0x554244203820434F4E5C574E5320313034343437392035360D0A4D532D43563A20577957454F527449686B79507933436F2E380D0A436F6E746578743A20313166313337366662323630663934390D0A0D0A. IsLongRunning: Data Connection."
"18-08-2026 14:20:16","1223","Verbose","Microsoft-Windows-PushNotifications-Platform","WNP Transport Layer sent command: UBD, Trid: 8, Namespace: CON\WNS 1044479, CV: WyWEORtIhkyPy3Co.8 containing 29 bytes of payload: 0x436F6E746578743A20313166313337366662323630663934390D0A0D0A. IsLongRunning: Data Connection."
"18-08-2026 14:20:16","1262","Information","Microsoft-Windows-PushNotifications-Platform","Removing existing user from the Windows Push Notification Service. 001880174DE6F7FE [DeviceId] 17056889 [UserId] 2 [UserType]."
"18-08-2026 14:20:15","3049","Information","Microsoft-Windows-PushNotifications-Platform","Endpoint 0x0 is being cleanedup"
"18-08-2026 14:13:07","3049","Information","Microsoft-Windows-PushNotifications-Platform","Endpoint 0x0 is being cleanedup"
"18-08-2026 14:13:07","3049","Information","Microsoft-Windows-PushNotifications-Platform","Endpoint 0x0 is being cleanedup"
"18-08-2026 14:12:58","42","Information","Microsoft-Windows-PushNotifications-Platform","Cloud Notifications must be enabled in GP and MDM to receive push notifications. GroupPolicyValue: true, MDMPolicyValue: true."
"18-08-2026 14:12:56","3053","Information","Microsoft-Windows-PushNotifications-Platform","badge with notification tracking id 8100 is being delivered to Microsoft.Todos_8wekyb3d8bbwe!App."
"18-08-2026 14:12:56","2418","Information","Microsoft-Windows-PushNotifications-Platform","A local notification was submitted to threadpool: Microsoft.Todos_8wekyb3d8bbwe!App [AppUserModelId] badge [NotificationType] 8100 [NotificationTrackingId] Local [NotificationSource]."
"18-08-2026 14:12:56","2416","Information","Microsoft-Windows-PushNotifications-Platform","A local notification was received from Microsoft.Todos_8wekyb3d8bbwe!App [AppUserModelId] with a 0 [NotificationId] through an application endpoint."
"18-08-2026 14:12:56","2418","Information","Microsoft-Windows-PushNotifications-Platform","A local notification was submitted to threadpool: Microsoft.Todos_8wekyb3d8bbwe!App [AppUserModelId] tile [NotificationType] 8099 [NotificationTrackingId] Local [NotificationSource]."
"18-08-2026 14:12:56","2416","Information","Microsoft-Windows-PushNotifications-Platform","A local notification was received from Microsoft.Todos_8wekyb3d8bbwe!App [AppUserModelId] with a 0 [NotificationId] through an application endpoint."
"18-08-2026 14:12:17","42","Information","Microsoft-Windows-PushNotifications-Platform","Cloud Notifications must be enabled in GP and MDM to receive push notifications. GroupPolicyValue: true, MDMPolicyValue: true."
"18-08-2026 14:12:09","3056","Information","Microsoft-Windows-PushNotifications-Platform","Badge Notification are being cleared for Windows.Defender.MpUxDlp - informed session 2."
"18-08-2026 14:12:09","2415","Information","Microsoft-Windows-PushNotifications-Platform","An application was unregistered with the following parameters: Windows.Defender.MpUxDlp [AppUserModelId] The operation completed successfully. [ErrorCode]"
"18-08-2026 14:11:35","42","Information","Microsoft-Windows-PushNotifications-Platform","Cloud Notifications must be enabled in GP and MDM to receive push notifications. GroupPolicyValue: true, MDMPolicyValue: true."
"18-08-2026 14:11:11","42","Information","Microsoft-Windows-PushNotifications-Platform","Cloud Notifications must be enabled in GP and MDM to receive push notifications. GroupPolicyValue: true, MDMPolicyValue: true."
"18-08-2026 14:05:50","1025","Information","Microsoft-Windows-PushNotifications-Platform","A Power event was fired: MonitorSettingChange [PowerEventType] true [Enabled]."
"18-08-2026 14:05:50","1025","Information","Microsoft-Windows-PushNotifications-Platform","A Power event was fired: MonitorSettingChange [PowerEventType] true [Enabled]."
"18-08-2026 14:00:48","42","Information","Microsoft-Windows-PushNotifications-Platform","Cloud Notifications must be enabled in GP and MDM to receive push notifications. GroupPolicyValue: true, MDMPolicyValue: true."
"18-08-2026 13:59:32","1268","Verbose","Microsoft-Windows-PushNotifications-Platform","WNP Transport Layer received command: PNG, Trid: 7, Namespace: CON, CV: WyWEORtIhkyPy3Co.7.0 containing 125 bytes of payload only. However, full payload including header is: 0x504E47203720434F4E003132350D0A4D532D43563A20577957454F527449686B79507933436F2E372E300D0A0D0A3C70696E672D726573706F6E73653E3C776169743E34313C2F776169743E3C636F6E6E656374696F6E2D7374617475733E436F6E6E65637465643C2F636F6E6E656374696F6E2D7374617475733E3C. IsLongRunning: Data Connection."
"18-08-2026 13:59:32","1225","Verbose","Microsoft-Windows-PushNotifications-Platform","WNP Transport Layer received command: PNG, Trid: 7, Namespace: CON, CV: WyWEORtIhkyPy3Co.7.0 containing 125 bytes of payload: 0x4D532D43563A20577957454F527449686B79507933436F2E372E300D0A0D0A3C70696E672D726573706F6E73653E3C776169743E34313C2F776169743E3C636F6E6E656374696F6E2D7374617475733E436F6E6E65637465643C2F636F6E6E656374696F6E2D7374617475733E3C2F70696E672D726573706F6E73653E. IsLongRunning: Data Connection."
"18-08-2026 13:59:32","1267","Verbose","Microsoft-Windows-PushNotifications-Platform","WNP Transport Layer sent command: PNG, Trid: 7, Namespace: CON, CV: WyWEORtIhkyPy3Co.7 containing 70 bytes of payload only. However, full payload including header is: 0x504E47203720434F4E2035360D0A4D532D43563A20577957454F527449686B79507933436F2E370D0A436F6E746578743A20656137333339383231663435353437610D0A0D0A. IsLongRunning: Data Connection."
"18-08-2026 13:59:32","1223","Verbose","Microsoft-Windows-PushNotifications-Platform","WNP Transport Layer sent command: PNG, Trid: 7, Namespace: CON, CV: WyWEORtIhkyPy3Co.7 containing 29 bytes of payload: 0x436F6E746578743A20656137333339383231663435353437610D0A0D0A. IsLongRunning: Data Connection."
"18-08-2026 13:57:56","3053","Information","Microsoft-Windows-PushNotifications-Platform","badge with notification tracking id 8098 is being delivered to Microsoft.Todos_8wekyb3d8bbwe!App."
"18-08-2026 13:57:56","2418","Information","Microsoft-Windows-PushNotifications-Platform","A local notification was submitted to threadpool: Microsoft.Todos_8wekyb3d8bbwe!App [AppUserModelId] badge [NotificationType] 8098 [NotificationTrackingId] Local [NotificationSource]."
"18-08-2026 13:57:56","2416","Information","Microsoft-Windows-PushNotifications-Platform","A local notification was received from Microsoft.Todos_8wekyb3d8bbwe!App [AppUserModelId] with a 0 [NotificationId] through an application endpoint."
"18-08-2026 13:57:56","2418","Information","Microsoft-Windows-PushNotifications-Platform","A local notification was submitted to threadpool: Microsoft.Todos_8wekyb3d8bbwe!App [AppUserModelId] tile [NotificationType] 8097 [NotificationTrackingId] Local [NotificationSource]."
"18-08-2026 13:57:56","2416","Information","Microsoft-Windows-PushNotifications-Platform","A local notification was received from Microsoft.Todos_8wekyb3d8bbwe!App [AppUserModelId] with a 0 [NotificationId] through an application endpoint."
"18-08-2026 13:48:34","42","Information","Microsoft-Windows-PushNotifications-Platform","Cloud Notifications must be enabled in GP and MDM to receive push notifications. GroupPolicyValue: true, MDMPolicyValue: true."
"18-08-2026 13:42:55","3053","Information","Microsoft-Windows-PushNotifications-Platform","badge with notification tracking id 8096 is being delivered to Microsoft.Todos_8wekyb3d8bbwe!App."
"18-08-2026 13:42:55","2418","Information","Microsoft-Windows-PushNotifications-Platform","A local notification was submitted to threadpool: Microsoft.Todos_8wekyb3d8bbwe!App [AppUserModelId] badge [NotificationType] 8096 [NotificationTrackingId] Local [NotificationSource]."
"18-08-2026 13:42:55","2416","Information","Microsoft-Windows-PushNotifications-Platform","A local notification was received from Microsoft.Todos_8wekyb3d8bbwe!App [AppUserModelId] with a 0 [NotificationId] through an application endpoint."
"18-08-2026 13:42:55","2418","Information","Microsoft-Windows-PushNotifications-Platform","A local notification was submitted to threadpool: Microsoft.Todos_8wekyb3d8bbwe!App [AppUserModelId] tile [NotificationType] 8095 [NotificationTrackingId] Local [NotificationSource]."
"18-08-2026 13:42:55","2416","Information","Microsoft-Windows-PushNotifications-Platform","A local notification was received from Microsoft.Todos_8wekyb3d8bbwe!App [AppUserModelId] with a 0 [NotificationId] through an application endpoint."
"18-08-2026 13:33:32","1268","Verbose","Microsoft-Windows-PushNotifications-Platform","WNP Transport Layer received command: PNG, Trid: 6, Namespace: CON, CV: WyWEORtIhkyPy3Co.6.0 containing 125 bytes of payload only. However, full payload including header is: 0x504E47203620434F4E003132350D0A4D532D43563A20577957454F527449686B79507933436F2E362E300D0A0D0A3C70696E672D726573706F6E73653E3C776169743E34363C2F776169743E3C636F6E6E656374696F6E2D7374617475733E436F6E6E65637465643C2F636F6E6E656374696F6E2D7374617475733E3C. IsLongRunning: Data Connection."
"18-08-2026 13:33:32","1225","Verbose","Microsoft-Windows-PushNotifications-Platform","WNP Transport Layer received command: PNG, Trid: 6, Namespace: CON, CV: WyWEORtIhkyPy3Co.6.0 containing 125 bytes of payload: 0x4D532D43563A20577957454F527449686B79507933436F2E362E300D0A0D0A3C70696E672D726573706F6E73653E3C776169743E34363C2F776169743E3C636F6E6E656374696F6E2D7374617475733E436F6E6E65637465643C2F636F6E6E656374696F6E2D7374617475733E3C2F70696E672D726573706F6E73653E. IsLongRunning: Data Connection."
"18-08-2026 13:33:32","1267","Verbose","Microsoft-Windows-PushNotifications-Platform","WNP Transport Layer sent command: PNG, Trid: 6, Namespace: CON, CV: WyWEORtIhkyPy3Co.6 containing 70 bytes of payload only. However, full payload including header is: 0x504E47203620434F4E2035360D0A4D532D43563A20577957454F527449686B79507933436F2E360D0A436F6E746578743A20353938303135666236633666613464310D0A0D0A. IsLongRunning: Data Connection."
