"11-08-2026 18:06:12","259","Information","Microsoft-Windows-DeviceManagement-Enterprise-Diagnostics-Provider","MDM Session: OMA-DM session Handled: Account ID(BE5150A3-9E69-42C0-A229-7ADD75D044D9), Initiation ID(Software\Microsoft\Provisioning\OMADM\Sessions\BE5150A3-9E69-42C0-A229-7ADD75D044D9\{F8A95B9E-95AF-40C4-8856-6E983579CFE8}), Session ID(0), Initiator(0), Origin(3)."
"11-08-2026 18:06:12","256","Information","Microsoft-Windows-DeviceManagement-Enterprise-Diagnostics-Provider","OmaDmLogOmaDmApiInitiateSession: Result: (The operation completed successfully.), Account Id: (BE5150A3-9E69-42C0-A229-7ADD75D044D9), Initiation Id: ({F8A95B9E-95AF-40C4-8856-6E983579CFE8}), Mode: (2), Origin: (3), AutoDelete: (true), Alert Count: (0), First Alert Name: (NULL), User Sid: (NULL), User Only: (false), All Active Users: (false), Process Name: (C:\Windows\system32\deviceenroller.exe), System Or Admin: (true)."
"11-08-2026 14:16:18","209","Information","Microsoft-Windows-DeviceManagement-Enterprise-Diagnostics-Provider","MDM Session: OMA-DM session ended with status: (The operation completed successfully.)."
"11-08-2026 14:16:18","202","Information","Microsoft-Windows-DeviceManagement-Enterprise-Diagnostics-Provider","MDM Session: OMA-DM server message received and parsed successfully."
"11-08-2026 14:16:18","200","Information","Microsoft-Windows-DeviceManagement-Enterprise-Diagnostics-Provider","MDM Session: OMA-DM message sent."
"11-08-2026 14:16:17","202","Information","Microsoft-Windows-DeviceManagement-Enterprise-Diagnostics-Provider","MDM Session: OMA-DM server message received and parsed successfully."
"11-08-2026 14:16:17","200","Information","Microsoft-Windows-DeviceManagement-Enterprise-Diagnostics-Provider","MDM Session: OMA-DM message sent."
"11-08-2026 14:16:15","208","Information","Microsoft-Windows-DeviceManagement-Enterprise-Diagnostics-Provider","MDM Session: OMA-DM session started for EnrollmentID (BE5150A3-9E69-42C0-A229-7ADD75D044D9) with server: (Microsoft Device Management), Server version: (5.1), Client Version: (1.2), PushRouterOrigin: (0x3), UserAgentOrigin: (0x2), Initiator: (0x0), Mode: (0x2), SessionID: (0x175), Authentication Type: (0x1)."
"11-08-2026 14:16:15","206","Information","Microsoft-Windows-DeviceManagement-Enterprise-Diagnostics-Provider","MDM Session: OMA-DM session Init: UserSID(S-1-12-1-2357405129-1281513531-255772574-1816207334), EnrolledUser(1), UserToken(1), DeviceToken(0), EnrollmentType(26), SyncType(3)."
"11-08-2026 14:16:13","258","Information","Microsoft-Windows-DeviceManagement-Enterprise-Diagnostics-Provider","MDM Session: OMA-DM session Loaded: Initiation ID(Software\Microsoft\Provisioning\OMADM\Sessions\BE5150A3-9E69-42C0-A229-7ADD75D044D9\{8A6C87DF-D7A7-4BE1-B90A-987B2D5E0C17}), Status(The operation completed successfully.), Total Count(2), Orphaned Count(0), Loaded Count(1), Parent Initiation ID(NULL), Completed Count(0)."
"11-08-2026 14:16:13","257","Information","Microsoft-Windows-DeviceManagement-Enterprise-Diagnostics-Provider","MDM Session: OMA-DM session started: Session ID(373), Server ID(BE5150A3-9E69-42C0-A229-7ADD75D044D9), User SID(NULL), Initiation ID(Software\Microsoft\Provisioning\OMADM\Sessions\BE5150A3-9E69-42C0-A229-7ADD75D044D9\{8A6C87DF-D7A7-4BE1-B90A-987B2D5E0C17}), Origin(3)."
"11-08-2026 14:16:13","205","Information","Microsoft-Windows-DeviceManagement-Enterprise-Diagnostics-Provider","MDM Session: OMA-DM client started. CV: (WhvRb3UEMUywTehC.0.0.373)."
"11-08-2026 14:16:13","259","Information","Microsoft-Windows-DeviceManagement-Enterprise-Diagnostics-Provider","MDM Session: OMA-DM session Handled: Account ID(BE5150A3-9E69-42C0-A229-7ADD75D044D9), Initiation ID(Software\Microsoft\Provisioning\OMADM\Sessions\BE5150A3-9E69-42C0-A229-7ADD75D044D9\{8A6C87DF-D7A7-4BE1-B90A-987B2D5E0C17}), Session ID(0), Initiator(0), Origin(3)."
"11-08-2026 14:16:13","256","Information","Microsoft-Windows-DeviceManagement-Enterprise-Diagnostics-Provider","OmaDmLogOmaDmApiInitiateSession: Result: (The operation completed successfully.), Account Id: (BE5150A3-9E69-42C0-A229-7ADD75D044D9), Initiation Id: ({8A6C87DF-D7A7-4BE1-B90A-987B2D5E0C17}), Mode: (2), Origin: (3), AutoDelete: (true), Alert Count: (0), First Alert Name: (NULL), User Sid: (NULL), User Only: (false), All Active Users: (false), Process Name: (C:\Windows\system32\deviceenroller.exe), System Or Admin: (true)."
"11-08-2026 13:12:35","209","Information","Microsoft-Windows-DeviceManagement-Enterprise-Diagnostics-Provider","MDM Session: OMA-DM session ended with status: (The operation completed successfully.)."
"11-08-2026 13:12:35","202","Information","Microsoft-Windows-DeviceManagement-Enterprise-Diagnostics-Provider","MDM Session: OMA-DM server message received and parsed successfully."
"11-08-2026 13:12:35","200","Information","Microsoft-Windows-DeviceManagement-Enterprise-Diagnostics-Provider","MDM Session: OMA-DM message sent."
"11-08-2026 13:12:33","202","Information","Microsoft-Windows-DeviceManagement-Enterprise-Diagnostics-Provider","MDM Session: OMA-DM server message received and parsed successfully."
"11-08-2026 13:12:33","200","Information","Microsoft-Windows-DeviceManagement-Enterprise-Diagnostics-Provider","MDM Session: OMA-DM message sent."
"11-08-2026 13:12:30","202","Information","Microsoft-Windows-DeviceManagement-Enterprise-Diagnostics-Provider","MDM Session: OMA-DM server message received and parsed successfully."
"11-08-2026 13:12:30","200","Information","Microsoft-Windows-DeviceManagement-Enterprise-Diagnostics-Provider","MDM Session: OMA-DM message sent."
"11-08-2026 13:12:06","202","Information","Microsoft-Windows-DeviceManagement-Enterprise-Diagnostics-Provider","MDM Session: OMA-DM server message received and parsed successfully."
"11-08-2026 13:12:06","200","Information","Microsoft-Windows-DeviceManagement-Enterprise-Diagnostics-Provider","MDM Session: OMA-DM message sent."
"11-08-2026 13:12:03","202","Information","Microsoft-Windows-DeviceManagement-Enterprise-Diagnostics-Provider","MDM Session: OMA-DM server message received and parsed successfully."
"11-08-2026 13:12:03","200","Information","Microsoft-Windows-DeviceManagement-Enterprise-Diagnostics-Provider","MDM Session: OMA-DM message sent."
"11-08-2026 13:12:01","202","Information","Microsoft-Windows-DeviceManagement-Enterprise-Diagnostics-Provider","MDM Session: OMA-DM server message received and parsed successfully."
"11-08-2026 13:12:01","200","Information","Microsoft-Windows-DeviceManagement-Enterprise-Diagnostics-Provider","MDM Session: OMA-DM message sent."
"11-08-2026 13:11:56","202","Information","Microsoft-Windows-DeviceManagement-Enterprise-Diagnostics-Provider","MDM Session: OMA-DM server message received and parsed successfully."
"11-08-2026 13:11:56","200","Information","Microsoft-Windows-DeviceManagement-Enterprise-Diagnostics-Provider","MDM Session: OMA-DM message sent."
"11-08-2026 13:11:49","202","Information","Microsoft-Windows-DeviceManagement-Enterprise-Diagnostics-Provider","MDM Session: OMA-DM server message received and parsed successfully."
"11-08-2026 13:11:49","200","Information","Microsoft-Windows-DeviceManagement-Enterprise-Diagnostics-Provider","MDM Session: OMA-DM message sent."
"11-08-2026 13:11:18","202","Information","Microsoft-Windows-DeviceManagement-Enterprise-Diagnostics-Provider","MDM Session: OMA-DM server message received and parsed successfully."
"11-08-2026 13:11:18","200","Information","Microsoft-Windows-DeviceManagement-Enterprise-Diagnostics-Provider","MDM Session: OMA-DM message sent."
"11-08-2026 13:11:15","208","Information","Microsoft-Windows-DeviceManagement-Enterprise-Diagnostics-Provider","MDM Session: OMA-DM session started for EnrollmentID (386F60E8-6817-4304-B348-3E8545F3B70A) with server: (MS DM Server), Server version: (5.1), Client Version: (1.2), PushRouterOrigin: (0x3), UserAgentOrigin: (0x2), Initiator: (0x0), Mode: (0x2), SessionID: (0x13C), Authentication Type: (0x1)."
"11-08-2026 13:11:15","206","Information","Microsoft-Windows-DeviceManagement-Enterprise-Diagnostics-Provider","MDM Session: OMA-DM session Init: UserSID(S-1-12-1-2357405129-1281513531-255772574-1816207334), EnrolledUser(1), UserToken(1), DeviceToken(1), EnrollmentType(6), SyncType(3)."
"11-08-2026 13:11:14","258","Information","Microsoft-Windows-DeviceManagement-Enterprise-Diagnostics-Provider","MDM Session: OMA-DM session Loaded: Initiation ID(Software\Microsoft\Provisioning\OMADM\Sessions\386F60E8-6817-4304-B348-3E8545F3B70A\{00A1DD5E-0B11-4D82-AF87-235A87DCC8CE}), Status(The operation completed successfully.), Total Count(1), Orphaned Count(0), Loaded Count(1), Parent Initiation ID(NULL), Completed Count(0)."
"11-08-2026 13:11:14","257","Information","Microsoft-Windows-DeviceManagement-Enterprise-Diagnostics-Provider","MDM Session: OMA-DM session started: Session ID(316), Server ID(386F60E8-6817-4304-B348-3E8545F3B70A), User SID(NULL), Initiation ID(Software\Microsoft\Provisioning\OMADM\Sessions\386F60E8-6817-4304-B348-3E8545F3B70A\{00A1DD5E-0B11-4D82-AF87-235A87DCC8CE}), Origin(3)."
"11-08-2026 13:11:14","205","Information","Microsoft-Windows-DeviceManagement-Enterprise-Diagnostics-Provider","MDM Session: OMA-DM client started. CV: (y1uoCnTqAABhyqgKdOrcAQ.0.0.314)."
"11-08-2026 13:11:14","259","Information","Microsoft-Windows-DeviceManagement-Enterprise-Diagnostics-Provider","MDM Session: OMA-DM session Handled: Account ID(386F60E8-6817-4304-B348-3E8545F3B70A), Initiation ID(Software\Microsoft\Provisioning\OMADM\Sessions\386F60E8-6817-4304-B348-3E8545F3B70A\{00A1DD5E-0B11-4D82-AF87-235A87DCC8CE}), Session ID(0), Initiator(0), Origin(3)."
"11-08-2026 13:11:14","256","Information","Microsoft-Windows-DeviceManagement-Enterprise-Diagnostics-Provider","OmaDmLogOmaDmApiInitiateSession: Result: (The operation completed successfully.), Account Id: (386F60E8-6817-4304-B348-3E8545F3B70A), Initiation Id: ({00A1DD5E-0B11-4D82-AF87-235A87DCC8CE}), Mode: (2), Origin: (3), AutoDelete: (true), Alert Count: (0), First Alert Name: (NULL), User Sid: (NULL), User Only: (false), All Active Users: (false), Process Name: (C:\Windows\system32\deviceenroller.exe), System Or Admin: (true)."
"11-08-2026 12:10:52","209","Information","Microsoft-Windows-DeviceManagement-Enterprise-Diagnostics-Provider","MDM Session: OMA-DM session ended with status: (The operation completed successfully.)."
"11-08-2026 12:10:51","202","Information","Microsoft-Windows-DeviceManagement-Enterprise-Diagnostics-Provider","MDM Session: OMA-DM server message received and parsed successfully."
"11-08-2026 12:10:51","200","Information","Microsoft-Windows-DeviceManagement-Enterprise-Diagnostics-Provider","MDM Session: OMA-DM message sent."
"11-08-2026 12:10:42","202","Information","Microsoft-Windows-DeviceManagement-Enterprise-Diagnostics-Provider","MDM Session: OMA-DM server message received and parsed successfully."
"11-08-2026 12:10:42","200","Information","Microsoft-Windows-DeviceManagement-Enterprise-Diagnostics-Provider","MDM Session: OMA-DM message sent."
"11-08-2026 12:10:37","208","Information","Microsoft-Windows-DeviceManagement-Enterprise-Diagnostics-Provider","MDM Session: OMA-DM session started for EnrollmentID (BE5150A3-9E69-42C0-A229-7ADD75D044D9) with server: (Microsoft Device Management), Server version: (5.1), Client Version: (1.2), PushRouterOrigin: (0x2A), UserAgentOrigin: (0x4), Initiator: (0x0), Mode: (0x2), SessionID: (0x174), Authentication Type: (0x1)."
"11-08-2026 12:10:36","206","Information","Microsoft-Windows-DeviceManagement-Enterprise-Diagnostics-Provider","MDM Session: OMA-DM session Init: UserSID(S-1-12-1-2357405129-1281513531-255772574-1816207334), EnrolledUser(1), UserToken(1), DeviceToken(0), EnrollmentType(26), SyncType(3)."
"11-08-2026 12:10:36","289","Warning","Microsoft-Windows-DeviceManagement-Enterprise-Diagnostics-Provider","MDM Session: OMA-DM sessions wait for shell ready: Wait Time in Seconds: (52), Result (The operation completed successfully.), Original Result (Unknown Win32 Error code: 0xcaa70004)."
"11-08-2026 12:10:00","224","Warning","Microsoft-Windows-DeviceManagement-Enterprise-Diagnostics-Provider","MDM Session: DmGetAadUserTokenFailure. Interactive: (0x0), Device: (0x0), Request Status: (0x5), Error Code: (0xCAA70004), Result: (Unknown Win32 Error code: 0xcaa70004)."
"11-08-2026 12:09:52","224","Warning","Microsoft-Windows-DeviceManagement-Enterprise-Diagnostics-Provider","MDM Session: DmGetAadUserTokenFailure. Interactive: (0x0), Device: (0x0), Request Status: (0x5), Error Code: (0xCAA70004), Result: (Unknown Win32 Error code: 0xcaa70004)."
"11-08-2026 12:09:47","224","Warning","Microsoft-Windows-DeviceManagement-Enterprise-Diagnostics-Provider","MDM Session: DmGetAadUserTokenFailure. Interactive: (0x0), Device: (0x0), Request Status: (0x5), Error Code: (0xCAA70004), Result: (Unknown Win32 Error code: 0xcaa70004)."
"11-08-2026 12:09:44","224","Warning","Microsoft-Windows-DeviceManagement-Enterprise-Diagnostics-Provider","MDM Session: DmGetAadUserTokenFailure. Interactive: (0x0), Device: (0x0), Request Status: (0x5), Error Code: (0xCAA70004), Result: (Unknown Win32 Error code: 0xcaa70004)."
"11-08-2026 12:09:43","224","Warning","Microsoft-Windows-DeviceManagement-Enterprise-Diagnostics-Provider","MDM Session: DmGetAadUserTokenFailure. Interactive: (0x0), Device: (0x0), Request Status: (0x5), Error Code: (0xCAA70004), Result: (Unknown Win32 Error code: 0xcaa70004)."
"11-08-2026 12:09:42","258","Information","Microsoft-Windows-DeviceManagement-Enterprise-Diagnostics-Provider","MDM Session: OMA-DM session Loaded: Initiation ID(Software\Microsoft\Provisioning\OMADM\Sessions\BE5150A3-9E69-42C0-A229-7ADD75D044D9\{F989203C-099E-40FC-86AD-8F41E455352D}), Status(The operation completed successfully.), Total Count(2), Orphaned Count(0), Loaded Count(1), Parent Initiation ID(NULL), Completed Count(0)."
"11-08-2026 12:09:42","257","Information","Microsoft-Windows-DeviceManagement-Enterprise-Diagnostics-Provider","MDM Session: OMA-DM session started: Session ID(372), Server ID(BE5150A3-9E69-42C0-A229-7ADD75D044D9), User SID(NULL), Initiation ID(Software\Microsoft\Provisioning\OMADM\Sessions\BE5150A3-9E69-42C0-A229-7ADD75D044D9\{F989203C-099E-40FC-86AD-8F41E455352D}), Origin(42)."
"11-08-2026 12:09:42","205","Information","Microsoft-Windows-DeviceManagement-Enterprise-Diagnostics-Provider","MDM Session: OMA-DM client started. CV: (WhvRb3UEMUywTehC.0.0.372)."
"11-08-2026 12:09:42","259","Information","Microsoft-Windows-DeviceManagement-Enterprise-Diagnostics-Provider","MDM Session: OMA-DM session Handled: Account ID(BE5150A3-9E69-42C0-A229-7ADD75D044D9), Initiation ID(Software\Microsoft\Provisioning\OMADM\Sessions\BE5150A3-9E69-42C0-A229-7ADD75D044D9\{F989203C-099E-40FC-86AD-8F41E455352D}), Session ID(0), Initiator(0), Origin(42)."
"11-08-2026 12:09:42","209","Information","Microsoft-Windows-DeviceManagement-Enterprise-Diagnostics-Provider","MDM Session: OMA-DM session ended with status: (Unknown Win32 Error code: 0x80072f30)."
"11-08-2026 12:09:42","201","Error","Microsoft-Windows-DeviceManagement-Enterprise-Diagnostics-Provider","MDM Session: OMA-DM message failed to be sent. Result: (Unknown Win32 Error code: 0x80072ee7)."
"11-08-2026 12:09:11","202","Information","Microsoft-Windows-DeviceManagement-Enterprise-Diagnostics-Provider","MDM Session: OMA-DM server message received and parsed successfully."
"11-08-2026 12:09:11","200","Information","Microsoft-Windows-DeviceManagement-Enterprise-Diagnostics-Provider","MDM Session: OMA-DM message sent."
"11-08-2026 12:08:57","202","Information","Microsoft-Windows-DeviceManagement-Enterprise-Diagnostics-Provider","MDM Session: OMA-DM server message received and parsed successfully."
"11-08-2026 12:08:57","200","Information","Microsoft-Windows-DeviceManagement-Enterprise-Diagnostics-Provider","MDM Session: OMA-DM message sent."
"11-08-2026 12:08:49","202","Information","Microsoft-Windows-DeviceManagement-Enterprise-Diagnostics-Provider","MDM Session: OMA-DM server message received and parsed successfully."
"11-08-2026 12:08:43","200","Information","Microsoft-Windows-DeviceManagement-Enterprise-Diagnostics-Provider","MDM Session: OMA-DM message sent."
"11-08-2026 12:08:36","202","Information","Microsoft-Windows-DeviceManagement-Enterprise-Diagnostics-Provider","MDM Session: OMA-DM server message received and parsed successfully."
"11-08-2026 12:08:36","200","Information","Microsoft-Windows-DeviceManagement-Enterprise-Diagnostics-Provider","MDM Session: OMA-DM message sent."
"11-08-2026 12:08:27","202","Information","Microsoft-Windows-DeviceManagement-Enterprise-Diagnostics-Provider","MDM Session: OMA-DM server message received and parsed successfully."
"11-08-2026 12:08:27","200","Information","Microsoft-Windows-DeviceManagement-Enterprise-Diagnostics-Provider","MDM Session: OMA-DM message sent."
"11-08-2026 12:08:03","202","Information","Microsoft-Windows-DeviceManagement-Enterprise-Diagnostics-Provider","MDM Session: OMA-DM server message received and parsed successfully."
"11-08-2026 12:08:03","200","Information","Microsoft-Windows-DeviceManagement-Enterprise-Diagnostics-Provider","MDM Session: OMA-DM message sent."
"11-08-2026 12:08:00","208","Information","Microsoft-Windows-DeviceManagement-Enterprise-Diagnostics-Provider","MDM Session: OMA-DM session started for EnrollmentID (386F60E8-6817-4304-B348-3E8545F3B70A) with server: (MS DM Server), Server version: (5.1), Client Version: (1.2), PushRouterOrigin: (0x2A), UserAgentOrigin: (0x4), Initiator: (0x0), Mode: (0x2), SessionID: (0x13B), Authentication Type: (0x1)."
"11-08-2026 12:08:00","206","Information","Microsoft-Windows-DeviceManagement-Enterprise-Diagnostics-Provider","MDM Session: OMA-DM session Init: UserSID(S-1-12-1-2357405129-1281513531-255772574-1816207334), EnrolledUser(1), UserToken(1), DeviceToken(0), EnrollmentType(6), SyncType(3)."
"11-08-2026 12:08:00","224","Warning","Microsoft-Windows-DeviceManagement-Enterprise-Diagnostics-Provider","MDM Session: DmGetAadUserTokenFailure. Interactive: (0x0), Device: (0x1), Request Status: (0x5), Error Code: (0x800704CF), Result: (The network location cannot be reached. For information about network troubleshooting, see Windows Help.)."
"11-08-2026 12:07:39","258","Information","Microsoft-Windows-DeviceManagement-Enterprise-Diagnostics-Provider","MDM Session: OMA-DM session Loaded: Initiation ID(Software\Microsoft\Provisioning\OMADM\Sessions\386F60E8-6817-4304-B348-3E8545F3B70A\{A0C92D08-5CF7-4541-9751-B4F663F00628}), Status(The operation completed successfully.), Total Count(1), Orphaned Count(0), Loaded Count(1), Parent Initiation ID(NULL), Completed Count(0)."
"11-08-2026 12:07:39","257","Information","Microsoft-Windows-DeviceManagement-Enterprise-Diagnostics-Provider","MDM Session: OMA-DM session started: Session ID(315), Server ID(386F60E8-6817-4304-B348-3E8545F3B70A), User SID(NULL), Initiation ID(Software\Microsoft\Provisioning\OMADM\Sessions\386F60E8-6817-4304-B348-3E8545F3B70A\{A0C92D08-5CF7-4541-9751-B4F663F00628}), Origin(42)."
"11-08-2026 12:07:39","205","Information","Microsoft-Windows-DeviceManagement-Enterprise-Diagnostics-Provider","MDM Session: OMA-DM client started. CV: (y1uoCnTqAABhyqgKdOrcAQ.0.0.313)."
"11-08-2026 12:07:09","259","Information","Microsoft-Windows-DeviceManagement-Enterprise-Diagnostics-Provider","MDM Session: OMA-DM session Handled: Account ID(386F60E8-6817-4304-B348-3E8545F3B70A), Initiation ID(Software\Microsoft\Provisioning\OMADM\Sessions\386F60E8-6817-4304-B348-3E8545F3B70A\{A0C92D08-5CF7-4541-9751-B4F663F00628}), Session ID(0), Initiator(0), Origin(42)."
"11-08-2026 12:07:09","256","Information","Microsoft-Windows-DeviceManagement-Enterprise-Diagnostics-Provider","OmaDmLogOmaDmApiInitiateSession: Result: (The operation completed successfully.), Account Id: (BE5150A3-9E69-42C0-A229-7ADD75D044D9), Initiation Id: ({F989203C-099E-40FC-86AD-8F41E455352D}), Mode: (2), Origin: (42), AutoDelete: (false), Alert Count: (0), First Alert Name: (NULL), User Sid: (S-1-12-1-2357405129-1281513531-255772574-1816207334), User Only: (true), All Active Users: (false), Process Name: (C:\Windows\system32\svchost.exe), System Or Admin: (true)."
"11-08-2026 12:07:09","256","Information","Microsoft-Windows-DeviceManagement-Enterprise-Diagnostics-Provider","OmaDmLogOmaDmApiInitiateSession: Result: (The operation completed successfully.), Account Id: (386F60E8-6817-4304-B348-3E8545F3B70A), Initiation Id: ({A0C92D08-5CF7-4541-9751-B4F663F00628}), Mode: (2), Origin: (42), AutoDelete: (false), Alert Count: (0), First Alert Name: (NULL), User Sid: (S-1-12-1-2357405129-1281513531-255772574-1816207334), User Only: (true), All Active Users: (false), Process Name: (C:\Windows\system32\svchost.exe), System Or Admin: (true)."
"11-08-2026 12:02:44","45","Information","Microsoft-Windows-DeviceManagement-Enterprise-Diagnostics-Provider","MDM Push: Successfully renewed WNS Push Channel for MDM Push Sessions."
"11-08-2026 12:02:44","45","Information","Microsoft-Windows-DeviceManagement-Enterprise-Diagnostics-Provider","MDM Push: Successfully renewed WNS Push Channel for MDM Push Sessions."
"11-08-2026 10:26:21","209","Information","Microsoft-Windows-DeviceManagement-Enterprise-Diagnostics-Provider","MDM Session: OMA-DM session ended with status: (The operation completed successfully.)."
"11-08-2026 10:26:21","202","Information","Microsoft-Windows-DeviceManagement-Enterprise-Diagnostics-Provider","MDM Session: OMA-DM server message received and parsed successfully."
"11-08-2026 10:26:21","200","Information","Microsoft-Windows-DeviceManagement-Enterprise-Diagnostics-Provider","MDM Session: OMA-DM message sent."
"11-08-2026 10:26:21","202","Information","Microsoft-Windows-DeviceManagement-Enterprise-Diagnostics-Provider","MDM Session: OMA-DM server message received and parsed successfully."
"11-08-2026 10:26:21","200","Information","Microsoft-Windows-DeviceManagement-Enterprise-Diagnostics-Provider","MDM Session: OMA-DM message sent."
"11-08-2026 10:26:19","208","Information","Microsoft-Windows-DeviceManagement-Enterprise-Diagnostics-Provider","MDM Session: OMA-DM session started for EnrollmentID (BE5150A3-9E69-42C0-A229-7ADD75D044D9) with server: (Microsoft Device Management), Server version: (5.1), Client Version: (1.2), PushRouterOrigin: (0x3), UserAgentOrigin: (0x2), Initiator: (0x0), Mode: (0x2), SessionID: (0x173), Authentication Type: (0x1)."
"11-08-2026 10:26:19","206","Information","Microsoft-Windows-DeviceManagement-Enterprise-Diagnostics-Provider","MDM Session: OMA-DM session Init: UserSID(S-1-12-1-2357405129-1281513531-255772574-1816207334), EnrolledUser(1), UserToken(1), DeviceToken(0), EnrollmentType(26), SyncType(3)."
"11-08-2026 10:26:18","258","Information","Microsoft-Windows-DeviceManagement-Enterprise-Diagnostics-Provider","MDM Session: OMA-DM session Loaded: Initiation ID(Software\Microsoft\Provisioning\OMADM\Sessions\BE5150A3-9E69-42C0-A229-7ADD75D044D9\{0BCCF28B-707B-474A-BACC-E21BA48AA62C}), Status(The operation completed successfully.), Total Count(2), Orphaned Count(0), Loaded Count(1), Parent Initiation ID(NULL), Completed Count(0)."
"11-08-2026 10:26:18","257","Information","Microsoft-Windows-DeviceManagement-Enterprise-Diagnostics-Provider","MDM Session: OMA-DM session started: Session ID(371), Server ID(BE5150A3-9E69-42C0-A229-7ADD75D044D9), User SID(NULL), Initiation ID(Software\Microsoft\Provisioning\OMADM\Sessions\BE5150A3-9E69-42C0-A229-7ADD75D044D9\{0BCCF28B-707B-474A-BACC-E21BA48AA62C}), Origin(3)."
"11-08-2026 10:26:18","205","Information","Microsoft-Windows-DeviceManagement-Enterprise-Diagnostics-Provider","MDM Session: OMA-DM client started. CV: (WhvRb3UEMUywTehC.0.0.371)."
"11-08-2026 10:26:18","259","Information","Microsoft-Windows-DeviceManagement-Enterprise-Diagnostics-Provider","MDM Session: OMA-DM session Handled: Account ID(BE5150A3-9E69-42C0-A229-7ADD75D044D9), Initiation ID(Software\Microsoft\Provisioning\OMADM\Sessions\BE5150A3-9E69-42C0-A229-7ADD75D044D9\{0BCCF28B-707B-474A-BACC-E21BA48AA62C}), Session ID(0), Initiator(0), Origin(3)."
"11-08-2026 10:26:18","256","Information","Microsoft-Windows-DeviceManagement-Enterprise-Diagnostics-Provider","OmaDmLogOmaDmApiInitiateSession: Result: (The operation completed successfully.), Account Id: (BE5150A3-9E69-42C0-A229-7ADD75D044D9), Initiation Id: ({0BCCF28B-707B-474A-BACC-E21BA48AA62C}), Mode: (2), Origin: (3), AutoDelete: (true), Alert Count: (0), First Alert Name: (NULL), User Sid: (NULL), User Only: (false), All Active Users: (false), Process Name: (C:\Windows\system32\deviceenroller.exe), System Or Admin: (true)."
"11-08-2026 09:11:27","209","Information","Microsoft-Windows-DeviceManagement-Enterprise-Diagnostics-Provider","MDM Session: OMA-DM session ended with status: (The operation completed successfully.)."
"11-08-2026 09:11:27","202","Information","Microsoft-Windows-DeviceManagement-Enterprise-Diagnostics-Provider","MDM Session: OMA-DM server message received and parsed successfully."
"11-08-2026 09:11:27","200","Information","Microsoft-Windows-DeviceManagement-Enterprise-Diagnostics-Provider","MDM Session: OMA-DM message sent."
"11-08-2026 09:11:26","202","Information","Microsoft-Windows-DeviceManagement-Enterprise-Diagnostics-Provider","MDM Session: OMA-DM server message received and parsed successfully."
"11-08-2026 09:11:26","200","Information","Microsoft-Windows-DeviceManagement-Enterprise-Diagnostics-Provider","MDM Session: OMA-DM message sent."
"11-08-2026 09:11:25","208","Information","Microsoft-Windows-DeviceManagement-Enterprise-Diagnostics-Provider","MDM Session: OMA-DM session started for EnrollmentID (BE5150A3-9E69-42C0-A229-7ADD75D044D9) with server: (Microsoft Device Management), Server version: (5.1), Client Version: (1.2), PushRouterOrigin: (0x3), UserAgentOrigin: (0x2), Initiator: (0x0), Mode: (0x2), SessionID: (0x172), Authentication Type: (0x1)."
"11-08-2026 09:11:24","206","Information","Microsoft-Windows-DeviceManagement-Enterprise-Diagnostics-Provider","MDM Session: OMA-DM session Init: UserSID(S-1-12-1-2357405129-1281513531-255772574-1816207334), EnrolledUser(1), UserToken(1), DeviceToken(0), EnrollmentType(26), SyncType(3)."
"11-08-2026 09:11:24","258","Information","Microsoft-Windows-DeviceManagement-Enterprise-Diagnostics-Provider","MDM Session: OMA-DM session Loaded: Initiation ID(Software\Microsoft\Provisioning\OMADM\Sessions\BE5150A3-9E69-42C0-A229-7ADD75D044D9\{3136A49C-D049-4F43-B5AD-040D9F2E034B}), Status(The operation completed successfully.), Total Count(2), Orphaned Count(0), Loaded Count(1), Parent Initiation ID(NULL), Completed Count(0)."
"11-08-2026 09:11:24","257","Information","Microsoft-Windows-DeviceManagement-Enterprise-Diagnostics-Provider","MDM Session: OMA-DM session started: Session ID(370), Server ID(BE5150A3-9E69-42C0-A229-7ADD75D044D9), User SID(NULL), Initiation ID(Software\Microsoft\Provisioning\OMADM\Sessions\BE5150A3-9E69-42C0-A229-7ADD75D044D9\{3136A49C-D049-4F43-B5AD-040D9F2E034B}), Origin(3)."
"11-08-2026 09:11:24","205","Information","Microsoft-Windows-DeviceManagement-Enterprise-Diagnostics-Provider","MDM Session: OMA-DM client started. CV: (WhvRb3UEMUywTehC.0.0.370)."
"11-08-2026 09:11:23","259","Information","Microsoft-Windows-DeviceManagement-Enterprise-Diagnostics-Provider","MDM Session: OMA-DM session Handled: Account ID(BE5150A3-9E69-42C0-A229-7ADD75D044D9), Initiation ID(Software\Microsoft\Provisioning\OMADM\Sessions\BE5150A3-9E69-42C0-A229-7ADD75D044D9\{3136A49C-D049-4F43-B5AD-040D9F2E034B}), Session ID(0), Initiator(0), Origin(3)."
"11-08-2026 09:11:23","256","Information","Microsoft-Windows-DeviceManagement-Enterprise-Diagnostics-Provider","OmaDmLogOmaDmApiInitiateSession: Result: (The operation completed successfully.), Account Id: (BE5150A3-9E69-42C0-A229-7ADD75D044D9), Initiation Id: ({3136A49C-D049-4F43-B5AD-040D9F2E034B}), Mode: (2), Origin: (3), AutoDelete: (true), Alert Count: (0), First Alert Name: (NULL), User Sid: (NULL), User Only: (false), All Active Users: (false), Process Name: (C:\Windows\system32\deviceenroller.exe), System Or Admin: (true)."
"11-08-2026 09:11:10","209","Information","Microsoft-Windows-DeviceManagement-Enterprise-Diagnostics-Provider","MDM Session: OMA-DM session ended with status: (The operation completed successfully.)."
"11-08-2026 09:11:10","202","Information","Microsoft-Windows-DeviceManagement-Enterprise-Diagnostics-Provider","MDM Session: OMA-DM server message received and parsed successfully."
"11-08-2026 09:11:10","200","Information","Microsoft-Windows-DeviceManagement-Enterprise-Diagnostics-Provider","MDM Session: OMA-DM message sent."
"11-08-2026 09:11:06","202","Information","Microsoft-Windows-DeviceManagement-Enterprise-Diagnostics-Provider","MDM Session: OMA-DM server message received and parsed successfully."
"11-08-2026 09:11:06","200","Information","Microsoft-Windows-DeviceManagement-Enterprise-Diagnostics-Provider","MDM Session: OMA-DM message sent."
"11-08-2026 09:11:03","208","Information","Microsoft-Windows-DeviceManagement-Enterprise-Diagnostics-Provider","MDM Session: OMA-DM session started for EnrollmentID (BE5150A3-9E69-42C0-A229-7ADD75D044D9) with server: (Microsoft Device Management), Server version: (5.1), Client Version: (1.2), PushRouterOrigin: (0x1E), UserAgentOrigin: (0x7), Initiator: (0x0), Mode: (0x2), SessionID: (0x171), Authentication Type: (0x1)."
"11-08-2026 09:11:02","206","Information","Microsoft-Windows-DeviceManagement-Enterprise-Diagnostics-Provider","MDM Session: OMA-DM session Init: UserSID(S-1-12-1-2357405129-1281513531-255772574-1816207334), EnrolledUser(1), UserToken(1), DeviceToken(0), EnrollmentType(26), SyncType(3)."
"11-08-2026 09:10:54","258","Information","Microsoft-Windows-DeviceManagement-Enterprise-Diagnostics-Provider","MDM Session: OMA-DM session Loaded: Initiation ID(Software\Microsoft\Provisioning\OMADM\Sessions\BE5150A3-9E69-42C0-A229-7ADD75D044D9\{862BBF62-A6E3-3A2A-9CE7-63CE2EB9D65E}), Status(The operation completed successfully.), Total Count(3), Orphaned Count(0), Loaded Count(1), Parent Initiation ID(NULL), Completed Count(0)."
"11-08-2026 09:10:54","257","Information","Microsoft-Windows-DeviceManagement-Enterprise-Diagnostics-Provider","MDM Session: OMA-DM session started: Session ID(369), Server ID(BE5150A3-9E69-42C0-A229-7ADD75D044D9), User SID(NULL), Initiation ID(Software\Microsoft\Provisioning\OMADM\Sessions\BE5150A3-9E69-42C0-A229-7ADD75D044D9\{862BBF62-A6E3-3A2A-9CE7-63CE2EB9D65E}), Origin(30)."
"11-08-2026 09:10:54","205","Information","Microsoft-Windows-DeviceManagement-Enterprise-Diagnostics-Provider","MDM Session: OMA-DM client started. CV: (WhvRb3UEMUywTehC.0.0.369)."
"11-08-2026 09:10:52","259","Information","Microsoft-Windows-DeviceManagement-Enterprise-Diagnostics-Provider","MDM Session: OMA-DM session Handled: Account ID(BE5150A3-9E69-42C0-A229-7ADD75D044D9), Initiation ID(Software\Microsoft\Provisioning\OMADM\Sessions\BE5150A3-9E69-42C0-A229-7ADD75D044D9\{862BBF62-A6E3-3A2A-9CE7-63CE2EB9D65E}), Session ID(0), Initiator(0), Origin(30)."
"11-08-2026 09:10:52","256","Information","Microsoft-Windows-DeviceManagement-Enterprise-Diagnostics-Provider","OmaDmLogOmaDmApiInitiateSession: Result: (The operation completed successfully.), Account Id: (BE5150A3-9E69-42C0-A229-7ADD75D044D9), Initiation Id: ({862BBF62-A6E3-3A2A-9CE7-63CE2EB9D65E}), Mode: (2), Origin: (30), AutoDelete: (true), Alert Count: (0), First Alert Name: (NULL), User Sid: (NULL), User Only: (false), All Active Users: (false), Process Name: (C:\Windows\system32\deviceenroller.exe), System Or Admin: (true)."
"11-08-2026 06:05:46","209","Information","Microsoft-Windows-DeviceManagement-Enterprise-Diagnostics-Provider","MDM Session: OMA-DM session ended with status: (The operation completed successfully.)."
"11-08-2026 06:05:46","202","Information","Microsoft-Windows-DeviceManagement-Enterprise-Diagnostics-Provider","MDM Session: OMA-DM server message received and parsed successfully."
"11-08-2026 06:05:46","200","Information","Microsoft-Windows-DeviceManagement-Enterprise-Diagnostics-Provider","MDM Session: OMA-DM message sent."
"11-08-2026 06:05:44","202","Information","Microsoft-Windows-DeviceManagement-Enterprise-Diagnostics-Provider","MDM Session: OMA-DM server message received and parsed successfully."
"11-08-2026 06:05:44","200","Information","Microsoft-Windows-DeviceManagement-Enterprise-Diagnostics-Provider","MDM Session: OMA-DM message sent."
"11-08-2026 06:05:40","202","Information","Microsoft-Windows-DeviceManagement-Enterprise-Diagnostics-Provider","MDM Session: OMA-DM server message received and parsed successfully."
"11-08-2026 06:05:40","200","Information","Microsoft-Windows-DeviceManagement-Enterprise-Diagnostics-Provider","MDM Session: OMA-DM message sent."
"11-08-2026 06:05:18","202","Information","Microsoft-Windows-DeviceManagement-Enterprise-Diagnostics-Provider","MDM Session: OMA-DM server message received and parsed successfully."
"11-08-2026 06:05:18","200","Information","Microsoft-Windows-DeviceManagement-Enterprise-Diagnostics-Provider","MDM Session: OMA-DM message sent."
"11-08-2026 06:05:13","202","Information","Microsoft-Windows-DeviceManagement-Enterprise-Diagnostics-Provider","MDM Session: OMA-DM server message received and parsed successfully."
"11-08-2026 06:05:13","200","Information","Microsoft-Windows-DeviceManagement-Enterprise-Diagnostics-Provider","MDM Session: OMA-DM message sent."
"11-08-2026 06:05:05","202","Information","Microsoft-Windows-DeviceManagement-Enterprise-Diagnostics-Provider","MDM Session: OMA-DM server message received and parsed successfully."
"11-08-2026 06:05:04","200","Information","Microsoft-Windows-DeviceManagement-Enterprise-Diagnostics-Provider","MDM Session: OMA-DM message sent."
"11-08-2026 06:05:02","202","Information","Microsoft-Windows-DeviceManagement-Enterprise-Diagnostics-Provider","MDM Session: OMA-DM server message received and parsed successfully."
"11-08-2026 06:05:02","200","Information","Microsoft-Windows-DeviceManagement-Enterprise-Diagnostics-Provider","MDM Session: OMA-DM message sent."
"11-08-2026 06:04:52","256","Information","Microsoft-Windows-DeviceManagement-Enterprise-Diagnostics-Provider","OmaDmLogOmaDmApiInitiateSession: Result: (Unknown Win32 Error code: 0x82ac0204), Account Id: (BE5150A3-9E69-42C0-A229-7ADD75D044D9), Initiation Id: ({5CA464CB-BF90-4E7A-8111-E58A6F2A1D4A}), Mode: (2), Origin: (12), AutoDelete: (true), Alert Count: (1), First Alert Name: (com.microsoft:mdm.declaredconfiguration.processdoccomplete), User Sid: (NULL), User Only: (false), All Active Users: (false), Process Name: (C:\Windows\system32\svchost.exe), System Or Admin: (true)."
"11-08-2026 06:04:37","202","Information","Microsoft-Windows-DeviceManagement-Enterprise-Diagnostics-Provider","MDM Session: OMA-DM server message received and parsed successfully."
"11-08-2026 06:04:37","200","Information","Microsoft-Windows-DeviceManagement-Enterprise-Diagnostics-Provider","MDM Session: OMA-DM message sent."
"11-08-2026 06:04:33","208","Information","Microsoft-Windows-DeviceManagement-Enterprise-Diagnostics-Provider","MDM Session: OMA-DM session started for EnrollmentID (386F60E8-6817-4304-B348-3E8545F3B70A) with server: (MS DM Server), Server version: (5.1), Client Version: (1.2), PushRouterOrigin: (0x3), UserAgentOrigin: (0x2), Initiator: (0x0), Mode: (0x2), SessionID: (0x13A), Authentication Type: (0x1)."
"11-08-2026 06:04:33","206","Information","Microsoft-Windows-DeviceManagement-Enterprise-Diagnostics-Provider","MDM Session: OMA-DM session Init: UserSID(S-1-12-1-2357405129-1281513531-255772574-1816207334), EnrolledUser(1), UserToken(1), DeviceToken(1), EnrollmentType(6), SyncType(3)."
"11-08-2026 06:04:31","258","Information","Microsoft-Windows-DeviceManagement-Enterprise-Diagnostics-Provider","MDM Session: OMA-DM session Loaded: Initiation ID(Software\Microsoft\Provisioning\OMADM\Sessions\386F60E8-6817-4304-B348-3E8545F3B70A\{72B248D4-FFBC-489F-93CC-C7C108C4BAF2}), Status(The operation completed successfully.), Total Count(1), Orphaned Count(0), Loaded Count(1), Parent Initiation ID(NULL), Completed Count(0)."
"11-08-2026 06:04:31","257","Information","Microsoft-Windows-DeviceManagement-Enterprise-Diagnostics-Provider","MDM Session: OMA-DM session started: Session ID(314), Server ID(386F60E8-6817-4304-B348-3E8545F3B70A), User SID(NULL), Initiation ID(Software\Microsoft\Provisioning\OMADM\Sessions\386F60E8-6817-4304-B348-3E8545F3B70A\{72B248D4-FFBC-489F-93CC-C7C108C4BAF2}), Origin(3)."
"11-08-2026 06:04:31","205","Information","Microsoft-Windows-DeviceManagement-Enterprise-Diagnostics-Provider","MDM Session: OMA-DM client started. CV: (y1uoCnTqAABhyqgKdOrcAQ.0.0.312)."
"11-08-2026 06:04:31","259","Information","Microsoft-Windows-DeviceManagement-Enterprise-Diagnostics-Provider","MDM Session: OMA-DM session Handled: Account ID(386F60E8-6817-4304-B348-3E8545F3B70A), Initiation ID(Software\Microsoft\Provisioning\OMADM\Sessions\386F60E8-6817-4304-B348-3E8545F3B70A\{72B248D4-FFBC-489F-93CC-C7C108C4BAF2}), Session ID(0), Initiator(0), Origin(3)."
"11-08-2026 06:04:31","209","Information","Microsoft-Windows-DeviceManagement-Enterprise-Diagnostics-Provider","MDM Session: OMA-DM session ended with status: (The operation completed successfully.)."
"11-08-2026 06:04:31","202","Information","Microsoft-Windows-DeviceManagement-Enterprise-Diagnostics-Provider","MDM Session: OMA-DM server message received and parsed successfully."
"11-08-2026 06:04:31","200","Information","Microsoft-Windows-DeviceManagement-Enterprise-Diagnostics-Provider","MDM Session: OMA-DM message sent."
"11-08-2026 06:04:30","202","Information","Microsoft-Windows-DeviceManagement-Enterprise-Diagnostics-Provider","MDM Session: OMA-DM server message received and parsed successfully."
"11-08-2026 06:04:30","200","Information","Microsoft-Windows-DeviceManagement-Enterprise-Diagnostics-Provider","MDM Session: OMA-DM message sent."
"11-08-2026 06:04:27","208","Information","Microsoft-Windows-DeviceManagement-Enterprise-Diagnostics-Provider","MDM Session: OMA-DM session started for EnrollmentID (BE5150A3-9E69-42C0-A229-7ADD75D044D9) with server: (Microsoft Device Management), Server version: (5.1), Client Version: (1.2), PushRouterOrigin: (0x3), UserAgentOrigin: (0x2), Initiator: (0x0), Mode: (0x2), SessionID: (0x170), Authentication Type: (0x1)."
"11-08-2026 06:04:25","206","Information","Microsoft-Windows-DeviceManagement-Enterprise-Diagnostics-Provider","MDM Session: OMA-DM session Init: UserSID(S-1-12-1-2357405129-1281513531-255772574-1816207334), EnrolledUser(1), UserToken(1), DeviceToken(0), EnrollmentType(26), SyncType(3)."
"11-08-2026 06:04:17","258","Information","Microsoft-Windows-DeviceManagement-Enterprise-Diagnostics-Provider","MDM Session: OMA-DM session Loaded: Initiation ID(Software\Microsoft\Provisioning\OMADM\Sessions\BE5150A3-9E69-42C0-A229-7ADD75D044D9\{1239B9CF-8760-4496-9554-8E660D8053F4}), Status(The operation completed successfully.), Total Count(2), Orphaned Count(0), Loaded Count(1), Parent Initiation ID(NULL), Completed Count(0)."
"11-08-2026 06:04:16","257","Information","Microsoft-Windows-DeviceManagement-Enterprise-Diagnostics-Provider","MDM Session: OMA-DM session started: Session ID(368), Server ID(BE5150A3-9E69-42C0-A229-7ADD75D044D9), User SID(NULL), Initiation ID(Software\Microsoft\Provisioning\OMADM\Sessions\BE5150A3-9E69-42C0-A229-7ADD75D044D9\{1239B9CF-8760-4496-9554-8E660D8053F4}), Origin(3)."
"11-08-2026 06:04:16","205","Information","Microsoft-Windows-DeviceManagement-Enterprise-Diagnostics-Provider","MDM Session: OMA-DM client started. CV: (WhvRb3UEMUywTehC.0.0.368)."
"11-08-2026 06:04:15","259","Information","Microsoft-Windows-DeviceManagement-Enterprise-Diagnostics-Provider","MDM Session: OMA-DM session Handled: Account ID(BE5150A3-9E69-42C0-A229-7ADD75D044D9), Initiation ID(Software\Microsoft\Provisioning\OMADM\Sessions\BE5150A3-9E69-42C0-A229-7ADD75D044D9\{1239B9CF-8760-4496-9554-8E660D8053F4}), Session ID(0), Initiator(0), Origin(3)."
"11-08-2026 06:04:15","256","Information","Microsoft-Windows-DeviceManagement-Enterprise-Diagnostics-Provider","OmaDmLogOmaDmApiInitiateSession: Result: (The operation completed successfully.), Account Id: (386F60E8-6817-4304-B348-3E8545F3B70A), Initiation Id: ({72B248D4-FFBC-489F-93CC-C7C108C4BAF2}), Mode: (2), Origin: (3), AutoDelete: (true), Alert Count: (0), First Alert Name: (NULL), User Sid: (NULL), User Only: (false), All Active Users: (false), Process Name: (C:\Windows\system32\deviceenroller.exe), System Or Admin: (true)."
"11-08-2026 06:04:15","256","Information","Microsoft-Windows-DeviceManagement-Enterprise-Diagnostics-Provider","OmaDmLogOmaDmApiInitiateSession: Result: (The operation completed successfully.), Account Id: (BE5150A3-9E69-42C0-A229-7ADD75D044D9), Initiation Id: ({1239B9CF-8760-4496-9554-8E660D8053F4}), Mode: (2), Origin: (3), AutoDelete: (true), Alert Count: (0), First Alert Name: (NULL), User Sid: (NULL), User Only: (false), All Active Users: (false), Process Name: (C:\Windows\system32\deviceenroller.exe), System Or Admin: (true)."
"10-08-2026 15:16:18","209","Information","Microsoft-Windows-DeviceManagement-Enterprise-Diagnostics-Provider","MDM Session: OMA-DM session ended with status: (The operation completed successfully.)."
"10-08-2026 15:16:18","202","Information","Microsoft-Windows-DeviceManagement-Enterprise-Diagnostics-Provider","MDM Session: OMA-DM server message received and parsed successfully."
"10-08-2026 15:16:18","200","Information","Microsoft-Windows-DeviceManagement-Enterprise-Diagnostics-Provider","MDM Session: OMA-DM message sent."
"10-08-2026 15:16:17","202","Information","Microsoft-Windows-DeviceManagement-Enterprise-Diagnostics-Provider","MDM Session: OMA-DM server message received and parsed successfully."
"10-08-2026 15:16:17","200","Information","Microsoft-Windows-DeviceManagement-Enterprise-Diagnostics-Provider","MDM Session: OMA-DM message sent."
"10-08-2026 15:16:14","208","Information","Microsoft-Windows-DeviceManagement-Enterprise-Diagnostics-Provider","MDM Session: OMA-DM session started for EnrollmentID (BE5150A3-9E69-42C0-A229-7ADD75D044D9) with server: (Microsoft Device Management), Server version: (5.1), Client Version: (1.2), PushRouterOrigin: (0x3), UserAgentOrigin: (0x2), Initiator: (0x0), Mode: (0x2), SessionID: (0x16F), Authentication Type: (0x1)."
"10-08-2026 15:16:14","206","Information","Microsoft-Windows-DeviceManagement-Enterprise-Diagnostics-Provider","MDM Session: OMA-DM session Init: UserSID(S-1-12-1-2357405129-1281513531-255772574-1816207334), EnrolledUser(1), UserToken(1), DeviceToken(0), EnrollmentType(26), SyncType(3)."
"10-08-2026 15:16:13","258","Information","Microsoft-Windows-DeviceManagement-Enterprise-Diagnostics-Provider","MDM Session: OMA-DM session Loaded: Initiation ID(Software\Microsoft\Provisioning\OMADM\Sessions\BE5150A3-9E69-42C0-A229-7ADD75D044D9\{A57BB3AD-6E8B-4DF2-A18D-C60906FC6B1C}), Status(The operation completed successfully.), Total Count(2), Orphaned Count(0), Loaded Count(1), Parent Initiation ID(NULL), Completed Count(0)."
"10-08-2026 15:16:13","257","Information","Microsoft-Windows-DeviceManagement-Enterprise-Diagnostics-Provider","MDM Session: OMA-DM session started: Session ID(367), Server ID(BE5150A3-9E69-42C0-A229-7ADD75D044D9), User SID(NULL), Initiation ID(Software\Microsoft\Provisioning\OMADM\Sessions\BE5150A3-9E69-42C0-A229-7ADD75D044D9\{A57BB3AD-6E8B-4DF2-A18D-C60906FC6B1C}), Origin(3)."
"10-08-2026 15:16:13","205","Information","Microsoft-Windows-DeviceManagement-Enterprise-Diagnostics-Provider","MDM Session: OMA-DM client started. CV: (WhvRb3UEMUywTehC.0.0.367)."
"10-08-2026 15:16:12","259","Information","Microsoft-Windows-DeviceManagement-Enterprise-Diagnostics-Provider","MDM Session: OMA-DM session Handled: Account ID(BE5150A3-9E69-42C0-A229-7ADD75D044D9), Initiation ID(Software\Microsoft\Provisioning\OMADM\Sessions\BE5150A3-9E69-42C0-A229-7ADD75D044D9\{A57BB3AD-6E8B-4DF2-A18D-C60906FC6B1C}), Session ID(0), Initiator(0), Origin(3)."
"10-08-2026 15:16:12","256","Information","Microsoft-Windows-DeviceManagement-Enterprise-Diagnostics-Provider","OmaDmLogOmaDmApiInitiateSession: Result: (The operation completed successfully.), Account Id: (BE5150A3-9E69-42C0-A229-7ADD75D044D9), Initiation Id: ({A57BB3AD-6E8B-4DF2-A18D-C60906FC6B1C}), Mode: (2), Origin: (3), AutoDelete: (true), Alert Count: (0), First Alert Name: (NULL), User Sid: (NULL), User Only: (false), All Active Users: (false), Process Name: (C:\Windows\system32\deviceenroller.exe), System Or Admin: (true)."
"10-08-2026 13:11:18","209","Information","Microsoft-Windows-DeviceManagement-Enterprise-Diagnostics-Provider","MDM Session: OMA-DM session ended with status: (The operation completed successfully.)."
"10-08-2026 13:11:18","202","Information","Microsoft-Windows-DeviceManagement-Enterprise-Diagnostics-Provider","MDM Session: OMA-DM server message received and parsed successfully."
"10-08-2026 13:11:18","200","Information","Microsoft-Windows-DeviceManagement-Enterprise-Diagnostics-Provider","MDM Session: OMA-DM message sent."
"10-08-2026 13:11:16","208","Information","Microsoft-Windows-DeviceManagement-Enterprise-Diagnostics-Provider","MDM Session: OMA-DM session started for EnrollmentID (386F60E8-6817-4304-B348-3E8545F3B70A) with server: (MS DM Server), Server version: (5.1), Client Version: (1.2), PushRouterOrigin: (0x3), UserAgentOrigin: (0x2), Initiator: (0x0), Mode: (0x2), SessionID: (0x139), Authentication Type: (0x1)."
"10-08-2026 13:11:15","206","Information","Microsoft-Windows-DeviceManagement-Enterprise-Diagnostics-Provider","MDM Session: OMA-DM session Init: UserSID(S-1-12-1-2357405129-1281513531-255772574-1816207334), EnrolledUser(1), UserToken(1), DeviceToken(1), EnrollmentType(6), SyncType(3)."
"10-08-2026 13:11:14","258","Information","Microsoft-Windows-DeviceManagement-Enterprise-Diagnostics-Provider","MDM Session: OMA-DM session Loaded: Initiation ID(Software\Microsoft\Provisioning\OMADM\Sessions\386F60E8-6817-4304-B348-3E8545F3B70A\{1B5F79CC-BBF7-4604-AD0A-999AF672A60F}), Status(The operation completed successfully.), Total Count(1), Orphaned Count(0), Loaded Count(1), Parent Initiation ID(NULL), Completed Count(0)."
"10-08-2026 13:11:14","257","Information","Microsoft-Windows-DeviceManagement-Enterprise-Diagnostics-Provider","MDM Session: OMA-DM session started: Session ID(313), Server ID(386F60E8-6817-4304-B348-3E8545F3B70A), User SID(NULL), Initiation ID(Software\Microsoft\Provisioning\OMADM\Sessions\386F60E8-6817-4304-B348-3E8545F3B70A\{1B5F79CC-BBF7-4604-AD0A-999AF672A60F}), Origin(3)."
"10-08-2026 13:11:14","205","Information","Microsoft-Windows-DeviceManagement-Enterprise-Diagnostics-Provider","MDM Session: OMA-DM client started. CV: (y1uoCnTqAABhyqgKdOrcAQ.0.0.311)."
"10-08-2026 13:11:14","259","Information","Microsoft-Windows-DeviceManagement-Enterprise-Diagnostics-Provider","MDM Session: OMA-DM session Handled: Account ID(386F60E8-6817-4304-B348-3E8545F3B70A), Initiation ID(Software\Microsoft\Provisioning\OMADM\Sessions\386F60E8-6817-4304-B348-3E8545F3B70A\{1B5F79CC-BBF7-4604-AD0A-999AF672A60F}), Session ID(0), Initiator(0), Origin(3)."
"10-08-2026 13:11:14","256","Information","Microsoft-Windows-DeviceManagement-Enterprise-Diagnostics-Provider","OmaDmLogOmaDmApiInitiateSession: Result: (The operation completed successfully.), Account Id: (386F60E8-6817-4304-B348-3E8545F3B70A), Initiation Id: ({1B5F79CC-BBF7-4604-AD0A-999AF672A60F}), Mode: (2), Origin: (3), AutoDelete: (true), Alert Count: (0), First Alert Name: (NULL), User Sid: (NULL), User Only: (false), All Active Users: (false), Process Name: (C:\Windows\system32\deviceenroller.exe), System Or Admin: (true)."
"10-08-2026 11:26:23","209","Information","Microsoft-Windows-DeviceManagement-Enterprise-Diagnostics-Provider","MDM Session: OMA-DM session ended with status: (The operation completed successfully.)."
"10-08-2026 11:26:23","202","Information","Microsoft-Windows-DeviceManagement-Enterprise-Diagnostics-Provider","MDM Session: OMA-DM server message received and parsed successfully."
"10-08-2026 11:26:23","200","Information","Microsoft-Windows-DeviceManagement-Enterprise-Diagnostics-Provider","MDM Session: OMA-DM message sent."
"10-08-2026 11:26:22","202","Information","Microsoft-Windows-DeviceManagement-Enterprise-Diagnostics-Provider","MDM Session: OMA-DM server message received and parsed successfully."
"10-08-2026 11:26:22","200","Information","Microsoft-Windows-DeviceManagement-Enterprise-Diagnostics-Provider","MDM Session: OMA-DM message sent."
"10-08-2026 11:26:20","208","Information","Microsoft-Windows-DeviceManagement-Enterprise-Diagnostics-Provider","MDM Session: OMA-DM session started for EnrollmentID (BE5150A3-9E69-42C0-A229-7ADD75D044D9) with server: (Microsoft Device Management), Server version: (5.1), Client Version: (1.2), PushRouterOrigin: (0x3), UserAgentOrigin: (0x2), Initiator: (0x0), Mode: (0x2), SessionID: (0x16E), Authentication Type: (0x1)."
"10-08-2026 11:26:20","206","Information","Microsoft-Windows-DeviceManagement-Enterprise-Diagnostics-Provider","MDM Session: OMA-DM session Init: UserSID(S-1-12-1-2357405129-1281513531-255772574-1816207334), EnrolledUser(1), UserToken(1), DeviceToken(0), EnrollmentType(26), SyncType(3)."
"10-08-2026 11:26:18","258","Information","Microsoft-Windows-DeviceManagement-Enterprise-Diagnostics-Provider","MDM Session: OMA-DM session Loaded: Initiation ID(Software\Microsoft\Provisioning\OMADM\Sessions\BE5150A3-9E69-42C0-A229-7ADD75D044D9\{37D2C78F-4EF0-4CFC-BAC2-8C688E5BF2AA}), Status(The operation completed successfully.), Total Count(2), Orphaned Count(0), Loaded Count(1), Parent Initiation ID(NULL), Completed Count(0)."
