"23-05-2026 23:08:58","1006","Information","Microsoft-Windows-Privacy-Auditing","Allow access to location on this device default setting successfully created as Deny."
"23-05-2026 23:08:58","1006","Information","Microsoft-Windows-Privacy-Auditing","Allow access to humanInterfaceDevice on this device default setting successfully created as Allow."
"23-05-2026 23:08:58","1006","Information","Microsoft-Windows-Privacy-Auditing","Allow access to gazeInput on this device default setting successfully created as Allow."
"23-05-2026 23:08:58","1006","Information","Microsoft-Windows-Privacy-Auditing","Allow access to email on this device default setting successfully created as Allow."
"23-05-2026 23:08:58","1006","Information","Microsoft-Windows-Privacy-Auditing","Allow access to documentsLibrary on this device default setting successfully created as Allow."
"23-05-2026 23:08:58","1006","Information","Microsoft-Windows-Privacy-Auditing","Allow access to contacts on this device default setting successfully created as Allow."
"23-05-2026 23:08:58","1006","Information","Microsoft-Windows-Privacy-Auditing","Allow access to chat on this device default setting successfully created as Allow."
"23-05-2026 23:08:58","1006","Information","Microsoft-Windows-Privacy-Auditing","Allow access to cellularData on this device default setting successfully created as Allow."
"23-05-2026 23:08:58","1006","Information","Microsoft-Windows-Privacy-Auditing","Allow access to broadFileSystemAccess on this device default setting successfully created as Allow."
"23-05-2026 23:08:58","1006","Information","Microsoft-Windows-Privacy-Auditing","Allow access to bluetoothSync on this device default setting successfully created as Allow."
"23-05-2026 23:08:58","1006","Information","Microsoft-Windows-Privacy-Auditing","Allow access to bluetooth on this device default setting successfully created as Allow."
"23-05-2026 23:08:58","1006","Information","Microsoft-Windows-Privacy-Auditing","Allow access to appointments on this device default setting successfully created as Allow."
"23-05-2026 23:08:58","1006","Information","Microsoft-Windows-Privacy-Auditing","Allow access to appDiagnostics on this device default setting successfully created as Allow."
"23-05-2026 23:08:58","1006","Information","Microsoft-Windows-Privacy-Auditing","Allow access to activity on this device default setting successfully created as Allow."
"23-05-2026 23:08:56","1002","Information","Microsoft-Windows-Privacy-Auditing-CPSS","The User Setting {(Area) (SubArea) (ID)} for user S-1-5-21-3608031908-443761264-1593342945-1000 owned by TailoredExperiencesWithDiagnosticDataEnabled was changed from NULL to 2 by svchost.exe. Justification: Projection overrode CPSS value."
"23-05-2026 23:06:19","1006","Information","Microsoft-Windows-Privacy-Auditing","Allow access to phoneCall on this device default setting successfully created as Allow."
"23-05-2026 23:05:51","1006","Information","Microsoft-Windows-Privacy-Auditing","Allow access to microphone on this device default setting successfully created as Allow."
"23-05-2026 23:05:50","1000","Information","Microsoft-Windows-Privacy-Auditing-CPSS","The System Setting {(Area) (SubArea) (ID)} owned by TailoredExperiencesWithDiagnosticDataEnabled was changed from NULL to false by svchost.exe. Justification: Projection overrode CPSS value."
"23-05-2026 23:05:50","1018","Information","Microsoft-Windows-Privacy-Auditing","Compliance database successfully created at version 0x601. Creation took 0x0 UTC (unit 100NS)"
