"06-08-2026 08:58:47","1807","Verbose","Microsoft-Windows-SENSE","CSP: Get Onboarding value complete. Onboarding Blob Hash: (0x9DF75D74030C7DBF), IsDefault: (false), Onboarding State: (0x1), Onboarding State IsDefault: (false)"
"06-08-2026 08:58:47","1832","Verbose","Microsoft-Windows-SENSE","CSP: Get Device Tagging Group complete. Value: (Workstations), IsDefault: (false)."
"06-08-2026 08:58:39","1841","Verbose","Microsoft-Windows-SENSE","CSP: Get AadDeviceId complete. Value: (b0a5bc0f-7566-4771-a98b-e1b6a6bd0645), IsDefault: (false)."
"06-08-2026 08:58:39","1806","Verbose","Microsoft-Windows-SENSE","CSP: Get Onboarding State value complete. Result: (1), IsDefault: (false)."
"06-08-2026 08:58:39","1805","Verbose","Microsoft-Windows-SENSE","CSP: Get Sense Is Running value complete. Result: (0x1)."
"06-08-2026 08:58:37","1809","Verbose","Microsoft-Windows-SENSE","CSP: Get Sample Sharing value complete. Result: (1), IsDefault: (true)."
"06-08-2026 08:58:37","1807","Verbose","Microsoft-Windows-SENSE","CSP: Get Onboarding value complete. Onboarding Blob Hash: (0x9DF75D74030C7DBF), IsDefault: (false), Onboarding State: (0x1), Onboarding State IsDefault: (false)"
"06-08-2026 08:58:37","1832","Verbose","Microsoft-Windows-SENSE","CSP: Get Device Tagging Group complete. Value: (Workstations), IsDefault: (false)."
"06-08-2026 08:58:15","1841","Verbose","Microsoft-Windows-SENSE","CSP: Get AadDeviceId complete. Value: (b0a5bc0f-7566-4771-a98b-e1b6a6bd0645), IsDefault: (false)."
"06-08-2026 08:58:15","1806","Verbose","Microsoft-Windows-SENSE","CSP: Get Onboarding State value complete. Result: (1), IsDefault: (false)."
"06-08-2026 08:58:15","1805","Verbose","Microsoft-Windows-SENSE","CSP: Get Sense Is Running value complete. Result: (0x1)."
"06-08-2026 08:58:15","1809","Verbose","Microsoft-Windows-SENSE","CSP: Get Sample Sharing value complete. Result: (1), IsDefault: (true)."
"06-08-2026 08:58:15","1807","Verbose","Microsoft-Windows-SENSE","CSP: Get Onboarding value complete. Onboarding Blob Hash: (0x9DF75D74030C7DBF), IsDefault: (false), Onboarding State: (0x1), Onboarding State IsDefault: (false)"
"06-08-2026 08:58:15","1832","Verbose","Microsoft-Windows-SENSE","CSP: Get Device Tagging Group complete. Value: (Workstations), IsDefault: (false)."
"06-08-2026 08:58:05","1841","Verbose","Microsoft-Windows-SENSE","CSP: Get AadDeviceId complete. Value: (b0a5bc0f-7566-4771-a98b-e1b6a6bd0645), IsDefault: (false)."
"06-08-2026 08:58:05","1806","Verbose","Microsoft-Windows-SENSE","CSP: Get Onboarding State value complete. Result: (1), IsDefault: (false)."
"06-08-2026 08:58:05","1805","Verbose","Microsoft-Windows-SENSE","CSP: Get Sense Is Running value complete. Result: (0x1)."
"06-08-2026 08:58:03","1809","Verbose","Microsoft-Windows-SENSE","CSP: Get Sample Sharing value complete. Result: (1), IsDefault: (true)."
"06-08-2026 08:58:03","1807","Verbose","Microsoft-Windows-SENSE","CSP: Get Onboarding value complete. Onboarding Blob Hash: (0x9DF75D74030C7DBF), IsDefault: (false), Onboarding State: (0x1), Onboarding State IsDefault: (false)"
"06-08-2026 08:58:02","1832","Verbose","Microsoft-Windows-SENSE","CSP: Get Device Tagging Group complete. Value: (Workstations), IsDefault: (false)."
"06-08-2026 08:57:43","1841","Verbose","Microsoft-Windows-SENSE","CSP: Get AadDeviceId complete. Value: (b0a5bc0f-7566-4771-a98b-e1b6a6bd0645), IsDefault: (false)."
"06-08-2026 08:57:43","1806","Verbose","Microsoft-Windows-SENSE","CSP: Get Onboarding State value complete. Result: (1), IsDefault: (false)."
"06-08-2026 08:57:43","1805","Verbose","Microsoft-Windows-SENSE","CSP: Get Sense Is Running value complete. Result: (0x1)."
"06-08-2026 08:57:43","1809","Verbose","Microsoft-Windows-SENSE","CSP: Get Sample Sharing value complete. Result: (1), IsDefault: (true)."
"06-08-2026 08:57:43","1807","Verbose","Microsoft-Windows-SENSE","CSP: Get Onboarding value complete. Onboarding Blob Hash: (0x9DF75D74030C7DBF), IsDefault: (false), Onboarding State: (0x1), Onboarding State IsDefault: (false)"
"06-08-2026 08:57:43","1832","Verbose","Microsoft-Windows-SENSE","CSP: Get Device Tagging Group complete. Value: (Workstations), IsDefault: (false)."
"06-08-2026 08:57:31","1841","Verbose","Microsoft-Windows-SENSE","CSP: Get AadDeviceId complete. Value: (b0a5bc0f-7566-4771-a98b-e1b6a6bd0645), IsDefault: (false)."
"06-08-2026 08:57:31","1806","Verbose","Microsoft-Windows-SENSE","CSP: Get Onboarding State value complete. Result: (1), IsDefault: (false)."
"06-08-2026 08:57:31","1805","Verbose","Microsoft-Windows-SENSE","CSP: Get Sense Is Running value complete. Result: (0x1)."
"06-08-2026 08:57:29","1809","Verbose","Microsoft-Windows-SENSE","CSP: Get Sample Sharing value complete. Result: (1), IsDefault: (true)."
"06-08-2026 08:57:29","1807","Verbose","Microsoft-Windows-SENSE","CSP: Get Onboarding value complete. Onboarding Blob Hash: (0x9DF75D74030C7DBF), IsDefault: (false), Onboarding State: (0x1), Onboarding State IsDefault: (false)"
"06-08-2026 08:57:26","1832","Verbose","Microsoft-Windows-SENSE","CSP: Get Device Tagging Group complete. Value: (Workstations), IsDefault: (false)."
"06-08-2026 08:56:55","1841","Verbose","Microsoft-Windows-SENSE","CSP: Get AadDeviceId complete. Value: (b0a5bc0f-7566-4771-a98b-e1b6a6bd0645), IsDefault: (false)."
"06-08-2026 08:56:55","1806","Verbose","Microsoft-Windows-SENSE","CSP: Get Onboarding State value complete. Result: (1), IsDefault: (false)."
"06-08-2026 08:56:55","1805","Verbose","Microsoft-Windows-SENSE","CSP: Get Sense Is Running value complete. Result: (0x1)."
"06-08-2026 08:56:55","1809","Verbose","Microsoft-Windows-SENSE","CSP: Get Sample Sharing value complete. Result: (1), IsDefault: (true)."
"06-08-2026 08:56:55","1807","Verbose","Microsoft-Windows-SENSE","CSP: Get Onboarding value complete. Onboarding Blob Hash: (0x9DF75D74030C7DBF), IsDefault: (false), Onboarding State: (0x1), Onboarding State IsDefault: (false)"
"06-08-2026 08:56:55","1832","Verbose","Microsoft-Windows-SENSE","CSP: Get Device Tagging Group complete. Value: (Workstations), IsDefault: (false)."
"06-08-2026 08:56:41","1841","Verbose","Microsoft-Windows-SENSE","CSP: Get AadDeviceId complete. Value: (b0a5bc0f-7566-4771-a98b-e1b6a6bd0645), IsDefault: (false)."
"06-08-2026 08:56:40","1806","Verbose","Microsoft-Windows-SENSE","CSP: Get Onboarding State value complete. Result: (1), IsDefault: (false)."
"06-08-2026 08:56:40","1805","Verbose","Microsoft-Windows-SENSE","CSP: Get Sense Is Running value complete. Result: (0x1)."
"06-08-2026 08:56:38","1809","Verbose","Microsoft-Windows-SENSE","CSP: Get Sample Sharing value complete. Result: (1), IsDefault: (true)."
"06-08-2026 08:56:38","1807","Verbose","Microsoft-Windows-SENSE","CSP: Get Onboarding value complete. Onboarding Blob Hash: (0x9DF75D74030C7DBF), IsDefault: (false), Onboarding State: (0x1), Onboarding State IsDefault: (false)"
"06-08-2026 08:56:37","1832","Verbose","Microsoft-Windows-SENSE","CSP: Get Device Tagging Group complete. Value: (Workstations), IsDefault: (false)."
"06-08-2026 08:55:17","419","Information","Microsoft-Windows-SENSE","Windows Defender Advanced Threat Protection service authentication request signing completed successfully."
"06-08-2026 08:55:17","419","Information","Microsoft-Windows-SENSE","Windows Defender Advanced Threat Protection service authentication request signing completed successfully."
"06-08-2026 08:55:17","412","Information","Microsoft-Windows-SENSE","Cyber telemetry upload been resumed for Windows Defender Advanced Threat Protection service due to newly refreshed token."
"06-08-2026 08:55:16","419","Information","Microsoft-Windows-SENSE","Windows Defender Advanced Threat Protection service authentication request signing completed successfully."
"06-08-2026 08:54:48","41","Information","Microsoft-Windows-SENSE","Battery state is identified as normal. Windows Defender Advanced Threat Protection will contact the server every 300 seconds. AC state: true, battery saver mode : false, battery low state: false, battery critical state: false"
"06-08-2026 05:13:25","102","Information","Microsoft-Windows-SENSE","Windows Defender Advanced Threat Protection Network Detection and Response executable has started"
"06-08-2026 05:13:24","103","Information","Microsoft-Windows-SENSE","Windows Defender Advanced Threat Protection Network Detection and Response executable has ended"
"06-08-2026 05:13:23","102","Information","Microsoft-Windows-SENSE","Windows Defender Advanced Threat Protection Network Detection and Response executable has started"
"06-08-2026 05:13:21","39","Information","Microsoft-Windows-SENSE","Network connection is identified as normal. Windows Defender Advanced Threat Protection will contact the server every 300 seconds. Metered connection: false, internet available: true, free network available: true, proxy is defined by GP: false."
"06-08-2026 05:13:20","38","Information","Microsoft-Windows-SENSE","Network connection is identified as low. Windows Defender Advanced Threat Protection will contact the server every 300 seconds. Metered connection: false, internet available: false, free network available: false, proxy is defined by GP: false."
"06-08-2026 05:13:16","41","Information","Microsoft-Windows-SENSE","Battery state is identified as normal. Windows Defender Advanced Threat Protection will contact the server every 300 seconds. AC state: false, battery saver mode : false, battery low state: false, battery critical state: false"
"05-08-2026 20:55:37","41","Information","Microsoft-Windows-SENSE","Battery state is identified as normal. Windows Defender Advanced Threat Protection will contact the server every 300 seconds. AC state: false, battery saver mode : false, battery low state: false, battery critical state: false"
"05-08-2026 20:55:33","405","Error","Microsoft-Windows-SENSE","Failed to communicate with authentication service. ValidateToken request failed, hresult: 0x8000FFFF,  HTTP error code: 12007 ."
"05-08-2026 20:55:33","101","Error","Microsoft-Windows-SENSE","Windows Defender Advanced Threat Protection Network Detection and Response executable failed to start. Failure code: 0x80004002"
"05-08-2026 20:55:32","103","Information","Microsoft-Windows-SENSE","Windows Defender Advanced Threat Protection Network Detection and Response executable has ended"
"05-08-2026 20:55:32","419","Information","Microsoft-Windows-SENSE","Windows Defender Advanced Threat Protection service authentication request signing completed successfully."
"05-08-2026 20:55:32","41","Information","Microsoft-Windows-SENSE","Battery state is identified as normal. Windows Defender Advanced Threat Protection will contact the server every 300 seconds. AC state: false, battery saver mode : false, battery low state: false, battery critical state: false"
"05-08-2026 20:55:32","41","Information","Microsoft-Windows-SENSE","Battery state is identified as normal. Windows Defender Advanced Threat Protection will contact the server every 300 seconds. AC state: false, battery saver mode : false, battery low state: false, battery critical state: false"
"05-08-2026 20:51:57","38","Information","Microsoft-Windows-SENSE","Network connection is identified as low. Windows Defender Advanced Threat Protection will contact the server every 900 seconds. Metered connection: false, internet available: false, free network available: false, proxy is defined by GP: false."
"05-08-2026 20:51:50","411","Information","Microsoft-Windows-SENSE","Cyber telemetry upload has been suspended for Windows Defender Advanced Threat Protection service due to invalid/expired token."
"05-08-2026 20:51:50","40","Information","Microsoft-Windows-SENSE","Battery state is identified as low. Windows Defender Advanced Threat Protection will contact the server every 900 seconds. AC state: false, battery saver mode : true, battery low state: false, battery critical state: false"
"05-08-2026 20:51:50","40","Information","Microsoft-Windows-SENSE","Battery state is identified as low. Windows Defender Advanced Threat Protection will contact the server every 900 seconds. AC state: false, battery saver mode : true, battery low state: false, battery critical state: false"
"05-08-2026 20:38:31","419","Information","Microsoft-Windows-SENSE","Windows Defender Advanced Threat Protection service authentication request signing completed successfully."
"05-08-2026 20:08:31","419","Information","Microsoft-Windows-SENSE","Windows Defender Advanced Threat Protection service authentication request signing completed successfully."
"05-08-2026 19:38:31","419","Information","Microsoft-Windows-SENSE","Windows Defender Advanced Threat Protection service authentication request signing completed successfully."
"05-08-2026 19:08:31","419","Information","Microsoft-Windows-SENSE","Windows Defender Advanced Threat Protection service authentication request signing completed successfully."
"05-08-2026 18:38:31","419","Information","Microsoft-Windows-SENSE","Windows Defender Advanced Threat Protection service authentication request signing completed successfully."
"05-08-2026 18:10:22","4","Information","Microsoft-Windows-SENSE","Contacted server 48 times, all succeeded, URI: https://winatp-gw-weu.microsoft.com/."
"05-08-2026 18:08:31","419","Information","Microsoft-Windows-SENSE","Windows Defender Advanced Threat Protection service authentication request signing completed successfully."
"05-08-2026 17:38:31","419","Information","Microsoft-Windows-SENSE","Windows Defender Advanced Threat Protection service authentication request signing completed successfully."
"05-08-2026 17:08:30","419","Information","Microsoft-Windows-SENSE","Windows Defender Advanced Threat Protection service authentication request signing completed successfully."
"05-08-2026 16:38:30","419","Information","Microsoft-Windows-SENSE","Windows Defender Advanced Threat Protection service authentication request signing completed successfully."
"05-08-2026 16:08:32","419","Information","Microsoft-Windows-SENSE","Windows Defender Advanced Threat Protection service authentication request signing completed successfully."
"05-08-2026 15:38:32","419","Information","Microsoft-Windows-SENSE","Windows Defender Advanced Threat Protection service authentication request signing completed successfully."
"05-08-2026 15:08:32","419","Information","Microsoft-Windows-SENSE","Windows Defender Advanced Threat Protection service authentication request signing completed successfully."
"05-08-2026 14:38:32","419","Information","Microsoft-Windows-SENSE","Windows Defender Advanced Threat Protection service authentication request signing completed successfully."
"05-08-2026 14:28:02","41","Information","Microsoft-Windows-SENSE","Battery state is identified as normal. Windows Defender Advanced Threat Protection will contact the server every 300 seconds. AC state: false, battery saver mode : false, battery low state: false, battery critical state: false"
"05-08-2026 14:10:23","4","Information","Microsoft-Windows-SENSE","Contacted server 48 times, all succeeded, URI: https://winatp-gw-weu.microsoft.com/."
"05-08-2026 14:08:32","419","Information","Microsoft-Windows-SENSE","Windows Defender Advanced Threat Protection service authentication request signing completed successfully."
"05-08-2026 13:38:32","419","Information","Microsoft-Windows-SENSE","Windows Defender Advanced Threat Protection service authentication request signing completed successfully."
"05-08-2026 13:12:13","1841","Verbose","Microsoft-Windows-SENSE","CSP: Get AadDeviceId complete. Value: (b0a5bc0f-7566-4771-a98b-e1b6a6bd0645), IsDefault: (false)."
"05-08-2026 13:12:13","1806","Verbose","Microsoft-Windows-SENSE","CSP: Get Onboarding State value complete. Result: (1), IsDefault: (false)."
"05-08-2026 13:12:13","1805","Verbose","Microsoft-Windows-SENSE","CSP: Get Sense Is Running value complete. Result: (0x1)."
"05-08-2026 13:12:13","1809","Verbose","Microsoft-Windows-SENSE","CSP: Get Sample Sharing value complete. Result: (1), IsDefault: (true)."
"05-08-2026 13:12:13","1807","Verbose","Microsoft-Windows-SENSE","CSP: Get Onboarding value complete. Onboarding Blob Hash: (0x9DF75D74030C7DBF), IsDefault: (false), Onboarding State: (0x1), Onboarding State IsDefault: (false)"
"05-08-2026 13:12:13","1832","Verbose","Microsoft-Windows-SENSE","CSP: Get Device Tagging Group complete. Value: (Workstations), IsDefault: (false)."
"05-08-2026 13:12:04","1841","Verbose","Microsoft-Windows-SENSE","CSP: Get AadDeviceId complete. Value: (b0a5bc0f-7566-4771-a98b-e1b6a6bd0645), IsDefault: (false)."
"05-08-2026 13:12:04","1806","Verbose","Microsoft-Windows-SENSE","CSP: Get Onboarding State value complete. Result: (1), IsDefault: (false)."
"05-08-2026 13:12:04","1805","Verbose","Microsoft-Windows-SENSE","CSP: Get Sense Is Running value complete. Result: (0x1)."
"05-08-2026 13:12:02","1809","Verbose","Microsoft-Windows-SENSE","CSP: Get Sample Sharing value complete. Result: (1), IsDefault: (true)."
"05-08-2026 13:12:02","1807","Verbose","Microsoft-Windows-SENSE","CSP: Get Onboarding value complete. Onboarding Blob Hash: (0x9DF75D74030C7DBF), IsDefault: (false), Onboarding State: (0x1), Onboarding State IsDefault: (false)"
"05-08-2026 13:12:01","1832","Verbose","Microsoft-Windows-SENSE","CSP: Get Device Tagging Group complete. Value: (Workstations), IsDefault: (false)."
"05-08-2026 13:11:34","1841","Verbose","Microsoft-Windows-SENSE","CSP: Get AadDeviceId complete. Value: (b0a5bc0f-7566-4771-a98b-e1b6a6bd0645), IsDefault: (false)."
"05-08-2026 13:11:34","1806","Verbose","Microsoft-Windows-SENSE","CSP: Get Onboarding State value complete. Result: (1), IsDefault: (false)."
"05-08-2026 13:11:34","1805","Verbose","Microsoft-Windows-SENSE","CSP: Get Sense Is Running value complete. Result: (0x1)."
"05-08-2026 13:11:34","1809","Verbose","Microsoft-Windows-SENSE","CSP: Get Sample Sharing value complete. Result: (1), IsDefault: (true)."
"05-08-2026 13:11:34","1807","Verbose","Microsoft-Windows-SENSE","CSP: Get Onboarding value complete. Onboarding Blob Hash: (0x9DF75D74030C7DBF), IsDefault: (false), Onboarding State: (0x1), Onboarding State IsDefault: (false)"
"05-08-2026 13:11:34","1832","Verbose","Microsoft-Windows-SENSE","CSP: Get Device Tagging Group complete. Value: (Workstations), IsDefault: (false)."
"05-08-2026 13:11:22","1841","Verbose","Microsoft-Windows-SENSE","CSP: Get AadDeviceId complete. Value: (b0a5bc0f-7566-4771-a98b-e1b6a6bd0645), IsDefault: (false)."
"05-08-2026 13:11:22","1806","Verbose","Microsoft-Windows-SENSE","CSP: Get Onboarding State value complete. Result: (1), IsDefault: (false)."
"05-08-2026 13:11:22","1805","Verbose","Microsoft-Windows-SENSE","CSP: Get Sense Is Running value complete. Result: (0x1)."
"05-08-2026 13:11:20","1809","Verbose","Microsoft-Windows-SENSE","CSP: Get Sample Sharing value complete. Result: (1), IsDefault: (true)."
"05-08-2026 13:11:20","1807","Verbose","Microsoft-Windows-SENSE","CSP: Get Onboarding value complete. Onboarding Blob Hash: (0x9DF75D74030C7DBF), IsDefault: (false), Onboarding State: (0x1), Onboarding State IsDefault: (false)"
"05-08-2026 13:11:19","1832","Verbose","Microsoft-Windows-SENSE","CSP: Get Device Tagging Group complete. Value: (Workstations), IsDefault: (false)."
"05-08-2026 13:08:32","419","Information","Microsoft-Windows-SENSE","Windows Defender Advanced Threat Protection service authentication request signing completed successfully."
"05-08-2026 12:38:32","419","Information","Microsoft-Windows-SENSE","Windows Defender Advanced Threat Protection service authentication request signing completed successfully."
"05-08-2026 12:08:32","419","Information","Microsoft-Windows-SENSE","Windows Defender Advanced Threat Protection service authentication request signing completed successfully."
"05-08-2026 11:38:32","419","Information","Microsoft-Windows-SENSE","Windows Defender Advanced Threat Protection service authentication request signing completed successfully."
"05-08-2026 11:08:32","419","Information","Microsoft-Windows-SENSE","Windows Defender Advanced Threat Protection service authentication request signing completed successfully."
"05-08-2026 10:38:32","419","Information","Microsoft-Windows-SENSE","Windows Defender Advanced Threat Protection service authentication request signing completed successfully."
"05-08-2026 10:10:23","4","Information","Microsoft-Windows-SENSE","Contacted server 48 times, all succeeded, URI: https://winatp-gw-weu.microsoft.com/."
"05-08-2026 10:08:32","419","Information","Microsoft-Windows-SENSE","Windows Defender Advanced Threat Protection service authentication request signing completed successfully."
"05-08-2026 09:42:40","1841","Verbose","Microsoft-Windows-SENSE","CSP: Get AadDeviceId complete. Value: (b0a5bc0f-7566-4771-a98b-e1b6a6bd0645), IsDefault: (false)."
"05-08-2026 09:42:40","1806","Verbose","Microsoft-Windows-SENSE","CSP: Get Onboarding State value complete. Result: (1), IsDefault: (false)."
"05-08-2026 09:42:40","1805","Verbose","Microsoft-Windows-SENSE","CSP: Get Sense Is Running value complete. Result: (0x1)."
"05-08-2026 09:42:40","1809","Verbose","Microsoft-Windows-SENSE","CSP: Get Sample Sharing value complete. Result: (1), IsDefault: (true)."
"05-08-2026 09:42:40","1807","Verbose","Microsoft-Windows-SENSE","CSP: Get Onboarding value complete. Onboarding Blob Hash: (0x9DF75D74030C7DBF), IsDefault: (false), Onboarding State: (0x1), Onboarding State IsDefault: (false)"
"05-08-2026 09:42:40","1832","Verbose","Microsoft-Windows-SENSE","CSP: Get Device Tagging Group complete. Value: (Workstations), IsDefault: (false)."
"05-08-2026 09:42:29","1841","Verbose","Microsoft-Windows-SENSE","CSP: Get AadDeviceId complete. Value: (b0a5bc0f-7566-4771-a98b-e1b6a6bd0645), IsDefault: (false)."
"05-08-2026 09:42:29","1806","Verbose","Microsoft-Windows-SENSE","CSP: Get Onboarding State value complete. Result: (1), IsDefault: (false)."
"05-08-2026 09:42:29","1805","Verbose","Microsoft-Windows-SENSE","CSP: Get Sense Is Running value complete. Result: (0x1)."
"05-08-2026 09:42:26","1809","Verbose","Microsoft-Windows-SENSE","CSP: Get Sample Sharing value complete. Result: (1), IsDefault: (true)."
"05-08-2026 09:42:26","1807","Verbose","Microsoft-Windows-SENSE","CSP: Get Onboarding value complete. Onboarding Blob Hash: (0x9DF75D74030C7DBF), IsDefault: (false), Onboarding State: (0x1), Onboarding State IsDefault: (false)"
"05-08-2026 09:42:25","1832","Verbose","Microsoft-Windows-SENSE","CSP: Get Device Tagging Group complete. Value: (Workstations), IsDefault: (false)."
"05-08-2026 09:41:58","1841","Verbose","Microsoft-Windows-SENSE","CSP: Get AadDeviceId complete. Value: (b0a5bc0f-7566-4771-a98b-e1b6a6bd0645), IsDefault: (false)."
"05-08-2026 09:41:58","1806","Verbose","Microsoft-Windows-SENSE","CSP: Get Onboarding State value complete. Result: (1), IsDefault: (false)."
"05-08-2026 09:41:58","1805","Verbose","Microsoft-Windows-SENSE","CSP: Get Sense Is Running value complete. Result: (0x1)."
"05-08-2026 09:41:58","1809","Verbose","Microsoft-Windows-SENSE","CSP: Get Sample Sharing value complete. Result: (1), IsDefault: (true)."
"05-08-2026 09:41:58","1807","Verbose","Microsoft-Windows-SENSE","CSP: Get Onboarding value complete. Onboarding Blob Hash: (0x9DF75D74030C7DBF), IsDefault: (false), Onboarding State: (0x1), Onboarding State IsDefault: (false)"
"05-08-2026 09:41:58","1832","Verbose","Microsoft-Windows-SENSE","CSP: Get Device Tagging Group complete. Value: (Workstations), IsDefault: (false)."
"05-08-2026 09:41:45","1841","Verbose","Microsoft-Windows-SENSE","CSP: Get AadDeviceId complete. Value: (b0a5bc0f-7566-4771-a98b-e1b6a6bd0645), IsDefault: (false)."
"05-08-2026 09:41:45","1806","Verbose","Microsoft-Windows-SENSE","CSP: Get Onboarding State value complete. Result: (1), IsDefault: (false)."
"05-08-2026 09:41:45","1805","Verbose","Microsoft-Windows-SENSE","CSP: Get Sense Is Running value complete. Result: (0x1)."
"05-08-2026 09:41:40","1809","Verbose","Microsoft-Windows-SENSE","CSP: Get Sample Sharing value complete. Result: (1), IsDefault: (true)."
"05-08-2026 09:41:40","1807","Verbose","Microsoft-Windows-SENSE","CSP: Get Onboarding value complete. Onboarding Blob Hash: (0x9DF75D74030C7DBF), IsDefault: (false), Onboarding State: (0x1), Onboarding State IsDefault: (false)"
"05-08-2026 09:41:38","1832","Verbose","Microsoft-Windows-SENSE","CSP: Get Device Tagging Group complete. Value: (Workstations), IsDefault: (false)."
"05-08-2026 09:41:11","1841","Verbose","Microsoft-Windows-SENSE","CSP: Get AadDeviceId complete. Value: (b0a5bc0f-7566-4771-a98b-e1b6a6bd0645), IsDefault: (false)."
"05-08-2026 09:41:11","1806","Verbose","Microsoft-Windows-SENSE","CSP: Get Onboarding State value complete. Result: (1), IsDefault: (false)."
"05-08-2026 09:41:11","1805","Verbose","Microsoft-Windows-SENSE","CSP: Get Sense Is Running value complete. Result: (0x1)."
"05-08-2026 09:41:11","1809","Verbose","Microsoft-Windows-SENSE","CSP: Get Sample Sharing value complete. Result: (1), IsDefault: (true)."
"05-08-2026 09:41:11","1807","Verbose","Microsoft-Windows-SENSE","CSP: Get Onboarding value complete. Onboarding Blob Hash: (0x9DF75D74030C7DBF), IsDefault: (false), Onboarding State: (0x1), Onboarding State IsDefault: (false)"
"05-08-2026 09:41:11","1832","Verbose","Microsoft-Windows-SENSE","CSP: Get Device Tagging Group complete. Value: (Workstations), IsDefault: (false)."
"05-08-2026 09:40:56","1841","Verbose","Microsoft-Windows-SENSE","CSP: Get AadDeviceId complete. Value: (b0a5bc0f-7566-4771-a98b-e1b6a6bd0645), IsDefault: (false)."
"05-08-2026 09:40:56","1806","Verbose","Microsoft-Windows-SENSE","CSP: Get Onboarding State value complete. Result: (1), IsDefault: (false)."
"05-08-2026 09:40:56","1805","Verbose","Microsoft-Windows-SENSE","CSP: Get Sense Is Running value complete. Result: (0x1)."
"05-08-2026 09:40:54","1809","Verbose","Microsoft-Windows-SENSE","CSP: Get Sample Sharing value complete. Result: (1), IsDefault: (true)."
"05-08-2026 09:40:54","1807","Verbose","Microsoft-Windows-SENSE","CSP: Get Onboarding value complete. Onboarding Blob Hash: (0x9DF75D74030C7DBF), IsDefault: (false), Onboarding State: (0x1), Onboarding State IsDefault: (false)"
"05-08-2026 09:40:53","1832","Verbose","Microsoft-Windows-SENSE","CSP: Get Device Tagging Group complete. Value: (Workstations), IsDefault: (false)."
"05-08-2026 09:40:18","1841","Verbose","Microsoft-Windows-SENSE","CSP: Get AadDeviceId complete. Value: (b0a5bc0f-7566-4771-a98b-e1b6a6bd0645), IsDefault: (false)."
"05-08-2026 09:40:18","1806","Verbose","Microsoft-Windows-SENSE","CSP: Get Onboarding State value complete. Result: (1), IsDefault: (false)."
"05-08-2026 09:40:18","1805","Verbose","Microsoft-Windows-SENSE","CSP: Get Sense Is Running value complete. Result: (0x1)."
"05-08-2026 09:40:17","1809","Verbose","Microsoft-Windows-SENSE","CSP: Get Sample Sharing value complete. Result: (1), IsDefault: (true)."
"05-08-2026 09:40:17","1807","Verbose","Microsoft-Windows-SENSE","CSP: Get Onboarding value complete. Onboarding Blob Hash: (0x9DF75D74030C7DBF), IsDefault: (false), Onboarding State: (0x1), Onboarding State IsDefault: (false)"
"05-08-2026 09:40:17","1832","Verbose","Microsoft-Windows-SENSE","CSP: Get Device Tagging Group complete. Value: (Workstations), IsDefault: (false)."
"05-08-2026 09:39:53","1841","Verbose","Microsoft-Windows-SENSE","CSP: Get AadDeviceId complete. Value: (b0a5bc0f-7566-4771-a98b-e1b6a6bd0645), IsDefault: (false)."
"05-08-2026 09:39:53","1806","Verbose","Microsoft-Windows-SENSE","CSP: Get Onboarding State value complete. Result: (1), IsDefault: (false)."
"05-08-2026 09:39:53","1805","Verbose","Microsoft-Windows-SENSE","CSP: Get Sense Is Running value complete. Result: (0x1)."
"05-08-2026 09:39:49","1809","Verbose","Microsoft-Windows-SENSE","CSP: Get Sample Sharing value complete. Result: (1), IsDefault: (true)."
"05-08-2026 09:39:49","1807","Verbose","Microsoft-Windows-SENSE","CSP: Get Onboarding value complete. Onboarding Blob Hash: (0x9DF75D74030C7DBF), IsDefault: (false), Onboarding State: (0x1), Onboarding State IsDefault: (false)"
"05-08-2026 09:39:46","1832","Verbose","Microsoft-Windows-SENSE","CSP: Get Device Tagging Group complete. Value: (Workstations), IsDefault: (false)."
"05-08-2026 09:38:56","412","Information","Microsoft-Windows-SENSE","Cyber telemetry upload been resumed for Windows Defender Advanced Threat Protection service due to newly refreshed token."
"05-08-2026 09:38:56","419","Information","Microsoft-Windows-SENSE","Windows Defender Advanced Threat Protection service authentication request signing completed successfully."
"05-08-2026 09:38:56","419","Information","Microsoft-Windows-SENSE","Windows Defender Advanced Threat Protection service authentication request signing completed successfully."
"05-08-2026 09:38:55","419","Information","Microsoft-Windows-SENSE","Windows Defender Advanced Threat Protection service authentication request signing completed successfully."
"05-08-2026 09:38:36","102","Information","Microsoft-Windows-SENSE","Windows Defender Advanced Threat Protection Network Detection and Response executable has started"
"05-08-2026 09:38:33","103","Information","Microsoft-Windows-SENSE","Windows Defender Advanced Threat Protection Network Detection and Response executable has ended"
"05-08-2026 09:38:30","41","Information","Microsoft-Windows-SENSE","Battery state is identified as normal. Windows Defender Advanced Threat Protection will contact the server every 300 seconds. AC state: true, battery saver mode : false, battery low state: false, battery critical state: false"
"05-08-2026 06:30:33","102","Information","Microsoft-Windows-SENSE","Windows Defender Advanced Threat Protection Network Detection and Response executable has started"
"05-08-2026 06:30:30","103","Information","Microsoft-Windows-SENSE","Windows Defender Advanced Threat Protection Network Detection and Response executable has ended"
"05-08-2026 06:30:29","102","Information","Microsoft-Windows-SENSE","Windows Defender Advanced Threat Protection Network Detection and Response executable has started"
"05-08-2026 06:30:29","39","Information","Microsoft-Windows-SENSE","Network connection is identified as normal. Windows Defender Advanced Threat Protection will contact the server every 300 seconds. Metered connection: false, internet available: true, free network available: true, proxy is defined by GP: false."
"05-08-2026 06:30:29","38","Information","Microsoft-Windows-SENSE","Network connection is identified as low. Windows Defender Advanced Threat Protection will contact the server every 300 seconds. Metered connection: false, internet available: false, free network available: false, proxy is defined by GP: false."
"05-08-2026 06:30:29","39","Information","Microsoft-Windows-SENSE","Network connection is identified as normal. Windows Defender Advanced Threat Protection will contact the server every 300 seconds. Metered connection: false, internet available: true, free network available: true, proxy is defined by GP: false."
"05-08-2026 06:30:27","38","Information","Microsoft-Windows-SENSE","Network connection is identified as low. Windows Defender Advanced Threat Protection will contact the server every 300 seconds. Metered connection: false, internet available: false, free network available: false, proxy is defined by GP: false."
"05-08-2026 06:30:25","41","Information","Microsoft-Windows-SENSE","Battery state is identified as normal. Windows Defender Advanced Threat Protection will contact the server every 300 seconds. AC state: false, battery saver mode : false, battery low state: false, battery critical state: false"
"04-08-2026 21:28:44","41","Information","Microsoft-Windows-SENSE","Battery state is identified as normal. Windows Defender Advanced Threat Protection will contact the server every 300 seconds. AC state: false, battery saver mode : false, battery low state: false, battery critical state: false"
"04-08-2026 21:28:38","405","Error","Microsoft-Windows-SENSE","Failed to communicate with authentication service. ValidateToken request failed, hresult: 0x8000FFFF,  HTTP error code: 12007 ."
"04-08-2026 21:28:36","419","Information","Microsoft-Windows-SENSE","Windows Defender Advanced Threat Protection service authentication request signing completed successfully."
"04-08-2026 21:28:36","41","Information","Microsoft-Windows-SENSE","Battery state is identified as normal. Windows Defender Advanced Threat Protection will contact the server every 300 seconds. AC state: false, battery saver mode : false, battery low state: false, battery critical state: false"
"04-08-2026 21:28:36","41","Information","Microsoft-Windows-SENSE","Battery state is identified as normal. Windows Defender Advanced Threat Protection will contact the server every 300 seconds. AC state: false, battery saver mode : false, battery low state: false, battery critical state: false"
"04-08-2026 19:37:06","101","Error","Microsoft-Windows-SENSE","Windows Defender Advanced Threat Protection Network Detection and Response executable failed to start. Failure code: 0x80004002"
"04-08-2026 19:37:06","103","Information","Microsoft-Windows-SENSE","Windows Defender Advanced Threat Protection Network Detection and Response executable has ended"
"04-08-2026 19:37:05","38","Information","Microsoft-Windows-SENSE","Network connection is identified as low. Windows Defender Advanced Threat Protection will contact the server every 900 seconds. Metered connection: false, internet available: false, free network available: false, proxy is defined by GP: false."
"04-08-2026 19:36:58","411","Information","Microsoft-Windows-SENSE","Cyber telemetry upload has been suspended for Windows Defender Advanced Threat Protection service due to invalid/expired token."
"04-08-2026 19:36:58","40","Information","Microsoft-Windows-SENSE","Battery state is identified as low. Windows Defender Advanced Threat Protection will contact the server every 900 seconds. AC state: false, battery saver mode : true, battery low state: false, battery critical state: false"
"04-08-2026 19:36:58","40","Information","Microsoft-Windows-SENSE","Battery state is identified as low. Windows Defender Advanced Threat Protection will contact the server every 900 seconds. AC state: false, battery saver mode : true, battery low state: false, battery critical state: false"
"04-08-2026 19:08:57","419","Information","Microsoft-Windows-SENSE","Windows Defender Advanced Threat Protection service authentication request signing completed successfully."
"04-08-2026 18:38:57","419","Information","Microsoft-Windows-SENSE","Windows Defender Advanced Threat Protection service authentication request signing completed successfully."
"04-08-2026 18:36:21","41","Information","Microsoft-Windows-SENSE","Battery state is identified as normal. Windows Defender Advanced Threat Protection will contact the server every 300 seconds. AC state: false, battery saver mode : false, battery low state: false, battery critical state: false"
"04-08-2026 18:08:57","419","Information","Microsoft-Windows-SENSE","Windows Defender Advanced Threat Protection service authentication request signing completed successfully."
"04-08-2026 17:38:57","419","Information","Microsoft-Windows-SENSE","Windows Defender Advanced Threat Protection service authentication request signing completed successfully."
"04-08-2026 17:08:57","419","Information","Microsoft-Windows-SENSE","Windows Defender Advanced Threat Protection service authentication request signing completed successfully."
"04-08-2026 16:38:57","419","Information","Microsoft-Windows-SENSE","Windows Defender Advanced Threat Protection service authentication request signing completed successfully."
"04-08-2026 16:34:24","131","Information","Microsoft-Windows-SENSE","Completed processing DLP policy type: dlpsensitiveinfotypesconfiguration. Policy Hash: 639214380395077264-3cede045037cf8b0eda713883960c404544e0e49, Timestamp: 18446744072078305495"
"04-08-2026 16:34:24","96","Information","Microsoft-Windows-SENSE","Windows Defender Advanced Threat Protection Classification Engine Init has called. Result code: 0x0"
"04-08-2026 16:34:24","94","Information","Microsoft-Windows-SENSE","Windows Defender Advanced Threat Protection Classification Engine executable has started"
"04-08-2026 16:34:24","94","Information","Microsoft-Windows-SENSE","Windows Defender Advanced Threat Protection Classification Engine executable has started"
"04-08-2026 16:34:23","95","Information","Microsoft-Windows-SENSE","Windows Defender Advanced Threat Protection Classification Engine executable has ended"
"04-08-2026 16:34:23","96","Information","Microsoft-Windows-SENSE","Windows Defender Advanced Threat Protection Classification Engine Init has called. Result code: 0x0"
"04-08-2026 16:34:22","94","Information","Microsoft-Windows-SENSE","Windows Defender Advanced Threat Protection Classification Engine executable has started"
"04-08-2026 16:34:22","94","Information","Microsoft-Windows-SENSE","Windows Defender Advanced Threat Protection Classification Engine executable has started"
"04-08-2026 16:34:21","95","Information","Microsoft-Windows-SENSE","Windows Defender Advanced Threat Protection Classification Engine executable has ended"
"04-08-2026 16:34:21","130","Information","Microsoft-Windows-SENSE","Received DLP policy type: dlpsensitiveinfotypesconfiguration. Policy Hash: 639214380395077264-3cede045037cf8b0eda713883960c404544e0e49, Timestamp: 18446744072078305495"
"04-08-2026 16:09:36","4","Information","Microsoft-Windows-SENSE","Contacted server 48 times, all succeeded, URI: https://winatp-gw-weu.microsoft.com/."
"04-08-2026 16:08:57","419","Information","Microsoft-Windows-SENSE","Windows Defender Advanced Threat Protection service authentication request signing completed successfully."
"04-08-2026 15:38:57","419","Information","Microsoft-Windows-SENSE","Windows Defender Advanced Threat Protection service authentication request signing completed successfully."
"04-08-2026 15:08:57","419","Information","Microsoft-Windows-SENSE","Windows Defender Advanced Threat Protection service authentication request signing completed successfully."
"04-08-2026 14:38:57","419","Information","Microsoft-Windows-SENSE","Windows Defender Advanced Threat Protection service authentication request signing completed successfully."
"04-08-2026 14:08:57","419","Information","Microsoft-Windows-SENSE","Windows Defender Advanced Threat Protection service authentication request signing completed successfully."
"04-08-2026 13:38:57","419","Information","Microsoft-Windows-SENSE","Windows Defender Advanced Threat Protection service authentication request signing completed successfully."
"04-08-2026 13:12:09","1841","Verbose","Microsoft-Windows-SENSE","CSP: Get AadDeviceId complete. Value: (b0a5bc0f-7566-4771-a98b-e1b6a6bd0645), IsDefault: (false)."
"04-08-2026 13:12:09","1806","Verbose","Microsoft-Windows-SENSE","CSP: Get Onboarding State value complete. Result: (1), IsDefault: (false)."
"04-08-2026 13:12:09","1805","Verbose","Microsoft-Windows-SENSE","CSP: Get Sense Is Running value complete. Result: (0x1)."
"04-08-2026 13:12:09","1809","Verbose","Microsoft-Windows-SENSE","CSP: Get Sample Sharing value complete. Result: (1), IsDefault: (true)."
"04-08-2026 13:12:09","1807","Verbose","Microsoft-Windows-SENSE","CSP: Get Onboarding value complete. Onboarding Blob Hash: (0x9DF75D74030C7DBF), IsDefault: (false), Onboarding State: (0x1), Onboarding State IsDefault: (false)"
"04-08-2026 13:12:09","1832","Verbose","Microsoft-Windows-SENSE","CSP: Get Device Tagging Group complete. Value: (Workstations), IsDefault: (false)."
"04-08-2026 13:12:01","1841","Verbose","Microsoft-Windows-SENSE","CSP: Get AadDeviceId complete. Value: (b0a5bc0f-7566-4771-a98b-e1b6a6bd0645), IsDefault: (false)."
"04-08-2026 13:12:01","1806","Verbose","Microsoft-Windows-SENSE","CSP: Get Onboarding State value complete. Result: (1), IsDefault: (false)."
"04-08-2026 13:12:01","1805","Verbose","Microsoft-Windows-SENSE","CSP: Get Sense Is Running value complete. Result: (0x1)."
"04-08-2026 13:11:59","1809","Verbose","Microsoft-Windows-SENSE","CSP: Get Sample Sharing value complete. Result: (1), IsDefault: (true)."
"04-08-2026 13:11:59","1807","Verbose","Microsoft-Windows-SENSE","CSP: Get Onboarding value complete. Onboarding Blob Hash: (0x9DF75D74030C7DBF), IsDefault: (false), Onboarding State: (0x1), Onboarding State IsDefault: (false)"
"04-08-2026 13:11:58","1832","Verbose","Microsoft-Windows-SENSE","CSP: Get Device Tagging Group complete. Value: (Workstations), IsDefault: (false)."
"04-08-2026 13:11:34","1841","Verbose","Microsoft-Windows-SENSE","CSP: Get AadDeviceId complete. Value: (b0a5bc0f-7566-4771-a98b-e1b6a6bd0645), IsDefault: (false)."
"04-08-2026 13:11:34","1806","Verbose","Microsoft-Windows-SENSE","CSP: Get Onboarding State value complete. Result: (1), IsDefault: (false)."
"04-08-2026 13:11:34","1805","Verbose","Microsoft-Windows-SENSE","CSP: Get Sense Is Running value complete. Result: (0x1)."
"04-08-2026 13:11:34","1809","Verbose","Microsoft-Windows-SENSE","CSP: Get Sample Sharing value complete. Result: (1), IsDefault: (true)."
"04-08-2026 13:11:34","1807","Verbose","Microsoft-Windows-SENSE","CSP: Get Onboarding value complete. Onboarding Blob Hash: (0x9DF75D74030C7DBF), IsDefault: (false), Onboarding State: (0x1), Onboarding State IsDefault: (false)"
"04-08-2026 13:11:34","1832","Verbose","Microsoft-Windows-SENSE","CSP: Get Device Tagging Group complete. Value: (Workstations), IsDefault: (false)."
"04-08-2026 13:11:24","1841","Verbose","Microsoft-Windows-SENSE","CSP: Get AadDeviceId complete. Value: (b0a5bc0f-7566-4771-a98b-e1b6a6bd0645), IsDefault: (false)."
"04-08-2026 13:11:24","1806","Verbose","Microsoft-Windows-SENSE","CSP: Get Onboarding State value complete. Result: (1), IsDefault: (false)."
"04-08-2026 13:11:24","1805","Verbose","Microsoft-Windows-SENSE","CSP: Get Sense Is Running value complete. Result: (0x1)."
"04-08-2026 13:11:22","1809","Verbose","Microsoft-Windows-SENSE","CSP: Get Sample Sharing value complete. Result: (1), IsDefault: (true)."
"04-08-2026 13:11:22","1807","Verbose","Microsoft-Windows-SENSE","CSP: Get Onboarding value complete. Onboarding Blob Hash: (0x9DF75D74030C7DBF), IsDefault: (false), Onboarding State: (0x1), Onboarding State IsDefault: (false)"
"04-08-2026 13:11:21","1832","Verbose","Microsoft-Windows-SENSE","CSP: Get Device Tagging Group complete. Value: (Workstations), IsDefault: (false)."
"04-08-2026 13:08:57","419","Information","Microsoft-Windows-SENSE","Windows Defender Advanced Threat Protection service authentication request signing completed successfully."
"04-08-2026 12:38:57","419","Information","Microsoft-Windows-SENSE","Windows Defender Advanced Threat Protection service authentication request signing completed successfully."
"04-08-2026 12:09:36","4","Information","Microsoft-Windows-SENSE","Contacted server 47 times, all succeeded, URI: https://winatp-gw-weu.microsoft.com/."
"04-08-2026 12:08:57","419","Information","Microsoft-Windows-SENSE","Windows Defender Advanced Threat Protection service authentication request signing completed successfully."
"04-08-2026 11:53:25","41","Information","Microsoft-Windows-SENSE","Battery state is identified as normal. Windows Defender Advanced Threat Protection will contact the server every 300 seconds. AC state: true, battery saver mode : false, battery low state: false, battery critical state: false"
"04-08-2026 11:38:57","419","Information","Microsoft-Windows-SENSE","Windows Defender Advanced Threat Protection service authentication request signing completed successfully."
"04-08-2026 11:08:57","419","Information","Microsoft-Windows-SENSE","Windows Defender Advanced Threat Protection service authentication request signing completed successfully."
"04-08-2026 10:38:57","419","Information","Microsoft-Windows-SENSE","Windows Defender Advanced Threat Protection service authentication request signing completed successfully."
"04-08-2026 10:10:39","41","Information","Microsoft-Windows-SENSE","Battery state is identified as normal. Windows Defender Advanced Threat Protection will contact the server every 300 seconds. AC state: false, battery saver mode : false, battery low state: false, battery critical state: false"
"04-08-2026 10:08:57","419","Information","Microsoft-Windows-SENSE","Windows Defender Advanced Threat Protection service authentication request signing completed successfully."
"04-08-2026 10:07:26","102","Information","Microsoft-Windows-SENSE","Windows Defender Advanced Threat Protection Network Detection and Response executable has started"
"04-08-2026 10:07:24","103","Information","Microsoft-Windows-SENSE","Windows Defender Advanced Threat Protection Network Detection and Response executable has ended"
"04-08-2026 09:38:57","419","Information","Microsoft-Windows-SENSE","Windows Defender Advanced Threat Protection service authentication request signing completed successfully."
"04-08-2026 09:15:55","1841","Verbose","Microsoft-Windows-SENSE","CSP: Get AadDeviceId complete. Value: (b0a5bc0f-7566-4771-a98b-e1b6a6bd0645), IsDefault: (false)."
"04-08-2026 09:15:55","1806","Verbose","Microsoft-Windows-SENSE","CSP: Get Onboarding State value complete. Result: (1), IsDefault: (false)."
"04-08-2026 09:15:55","1805","Verbose","Microsoft-Windows-SENSE","CSP: Get Sense Is Running value complete. Result: (0x1)."
"04-08-2026 09:15:55","1809","Verbose","Microsoft-Windows-SENSE","CSP: Get Sample Sharing value complete. Result: (1), IsDefault: (true)."
"04-08-2026 09:15:55","1807","Verbose","Microsoft-Windows-SENSE","CSP: Get Onboarding value complete. Onboarding Blob Hash: (0x9DF75D74030C7DBF), IsDefault: (false), Onboarding State: (0x1), Onboarding State IsDefault: (false)"
"04-08-2026 09:15:55","1832","Verbose","Microsoft-Windows-SENSE","CSP: Get Device Tagging Group complete. Value: (Workstations), IsDefault: (false)."
"04-08-2026 09:15:46","1841","Verbose","Microsoft-Windows-SENSE","CSP: Get AadDeviceId complete. Value: (b0a5bc0f-7566-4771-a98b-e1b6a6bd0645), IsDefault: (false)."
"04-08-2026 09:15:46","1806","Verbose","Microsoft-Windows-SENSE","CSP: Get Onboarding State value complete. Result: (1), IsDefault: (false)."
"04-08-2026 09:15:46","1805","Verbose","Microsoft-Windows-SENSE","CSP: Get Sense Is Running value complete. Result: (0x1)."
"04-08-2026 09:15:45","1809","Verbose","Microsoft-Windows-SENSE","CSP: Get Sample Sharing value complete. Result: (1), IsDefault: (true)."
"04-08-2026 09:15:45","1807","Verbose","Microsoft-Windows-SENSE","CSP: Get Onboarding value complete. Onboarding Blob Hash: (0x9DF75D74030C7DBF), IsDefault: (false), Onboarding State: (0x1), Onboarding State IsDefault: (false)"
"04-08-2026 09:15:44","1832","Verbose","Microsoft-Windows-SENSE","CSP: Get Device Tagging Group complete. Value: (Workstations), IsDefault: (false)."
"04-08-2026 09:15:26","1841","Verbose","Microsoft-Windows-SENSE","CSP: Get AadDeviceId complete. Value: (b0a5bc0f-7566-4771-a98b-e1b6a6bd0645), IsDefault: (false)."
"04-08-2026 09:15:26","1806","Verbose","Microsoft-Windows-SENSE","CSP: Get Onboarding State value complete. Result: (1), IsDefault: (false)."
"04-08-2026 09:15:26","1805","Verbose","Microsoft-Windows-SENSE","CSP: Get Sense Is Running value complete. Result: (0x1)."
"04-08-2026 09:15:26","1809","Verbose","Microsoft-Windows-SENSE","CSP: Get Sample Sharing value complete. Result: (1), IsDefault: (true)."
"04-08-2026 09:15:26","1807","Verbose","Microsoft-Windows-SENSE","CSP: Get Onboarding value complete. Onboarding Blob Hash: (0x9DF75D74030C7DBF), IsDefault: (false), Onboarding State: (0x1), Onboarding State IsDefault: (false)"
"04-08-2026 09:15:26","1832","Verbose","Microsoft-Windows-SENSE","CSP: Get Device Tagging Group complete. Value: (Workstations), IsDefault: (false)."
"04-08-2026 09:15:16","1841","Verbose","Microsoft-Windows-SENSE","CSP: Get AadDeviceId complete. Value: (b0a5bc0f-7566-4771-a98b-e1b6a6bd0645), IsDefault: (false)."
"04-08-2026 09:15:16","1806","Verbose","Microsoft-Windows-SENSE","CSP: Get Onboarding State value complete. Result: (1), IsDefault: (false)."
"04-08-2026 09:15:16","1805","Verbose","Microsoft-Windows-SENSE","CSP: Get Sense Is Running value complete. Result: (0x1)."
"04-08-2026 09:15:15","1809","Verbose","Microsoft-Windows-SENSE","CSP: Get Sample Sharing value complete. Result: (1), IsDefault: (true)."
"04-08-2026 09:15:15","1807","Verbose","Microsoft-Windows-SENSE","CSP: Get Onboarding value complete. Onboarding Blob Hash: (0x9DF75D74030C7DBF), IsDefault: (false), Onboarding State: (0x1), Onboarding State IsDefault: (false)"
"04-08-2026 09:15:14","1832","Verbose","Microsoft-Windows-SENSE","CSP: Get Device Tagging Group complete. Value: (Workstations), IsDefault: (false)."
"04-08-2026 09:14:03","131","Information","Microsoft-Windows-SENSE","Completed processing DLP policy type: dlpsensitiveinfotypesconfiguration. Policy Hash: 639213730911762301-64d76c22e601e6d031878232f5e7c989115ffe2f, Timestamp: 1720468089"
"04-08-2026 09:14:03","96","Information","Microsoft-Windows-SENSE","Windows Defender Advanced Threat Protection Classification Engine Init has called. Result code: 0x0"
"04-08-2026 09:14:02","94","Information","Microsoft-Windows-SENSE","Windows Defender Advanced Threat Protection Classification Engine executable has started"
"04-08-2026 09:14:02","94","Information","Microsoft-Windows-SENSE","Windows Defender Advanced Threat Protection Classification Engine executable has started"
"04-08-2026 09:14:01","95","Information","Microsoft-Windows-SENSE","Windows Defender Advanced Threat Protection Classification Engine executable has ended"
"04-08-2026 09:14:01","96","Information","Microsoft-Windows-SENSE","Windows Defender Advanced Threat Protection Classification Engine Init has called. Result code: 0x0"
"04-08-2026 09:14:01","94","Information","Microsoft-Windows-SENSE","Windows Defender Advanced Threat Protection Classification Engine executable has started"
