"14-08-2026 15:17:00","105","Information","Microsoft-Windows-Diagnosis-DPS","Diagnostic module {45de1ea9-10bc-4f96-9b21-4b6b83dbf476} (%windir%\system32\radardt.dll) started troubleshooting scenario {180b3a99-8c39-4f12-b631-2031998efe45}, instance {bcfe8a3e-53e0-445d-953b-fb4018792d90}, original activity ID {00000000-0000-0000-0000-000000000000}."
"14-08-2026 15:17:00","100","Information","Microsoft-Windows-Diagnosis-DPS","Diagnostic module {45de1ea9-10bc-4f96-9b21-4b6b83dbf476} (%windir%\system32\radardt.dll) detected a problem for scenario {180b3a99-8c39-4f12-b631-2031998efe45}, instance {bcfe8a3e-53e0-445d-953b-fb4018792d90}, original activity ID {00000000-0000-0000-0000-000000000000}."
"14-08-2026 15:12:00","105","Information","Microsoft-Windows-Diagnosis-DPS","Diagnostic module {45de1ea9-10bc-4f96-9b21-4b6b83dbf476} (%windir%\system32\radardt.dll) started troubleshooting scenario {180b3a99-8c39-4f12-b631-2031998efe45}, instance {50e43c29-94e3-4b2a-924b-fda6f2297106}, original activity ID {00000000-0000-0000-0000-000000000000}."
"14-08-2026 15:12:00","100","Information","Microsoft-Windows-Diagnosis-DPS","Diagnostic module {45de1ea9-10bc-4f96-9b21-4b6b83dbf476} (%windir%\system32\radardt.dll) detected a problem for scenario {180b3a99-8c39-4f12-b631-2031998efe45}, instance {50e43c29-94e3-4b2a-924b-fda6f2297106}, original activity ID {00000000-0000-0000-0000-000000000000}."
"14-08-2026 15:07:00","105","Information","Microsoft-Windows-Diagnosis-DPS","Diagnostic module {45de1ea9-10bc-4f96-9b21-4b6b83dbf476} (%windir%\system32\radardt.dll) started troubleshooting scenario {180b3a99-8c39-4f12-b631-2031998efe45}, instance {377fa773-80d6-4802-a413-41906afd90ee}, original activity ID {00000000-0000-0000-0000-000000000000}."
"14-08-2026 15:07:00","100","Information","Microsoft-Windows-Diagnosis-DPS","Diagnostic module {45de1ea9-10bc-4f96-9b21-4b6b83dbf476} (%windir%\system32\radardt.dll) detected a problem for scenario {180b3a99-8c39-4f12-b631-2031998efe45}, instance {377fa773-80d6-4802-a413-41906afd90ee}, original activity ID {00000000-0000-0000-0000-000000000000}."
"14-08-2026 15:02:00","105","Information","Microsoft-Windows-Diagnosis-DPS","Diagnostic module {45de1ea9-10bc-4f96-9b21-4b6b83dbf476} (%windir%\system32\radardt.dll) started troubleshooting scenario {180b3a99-8c39-4f12-b631-2031998efe45}, instance {34679994-875f-4a17-96d1-01ebb228ea29}, original activity ID {00000000-0000-0000-0000-000000000000}."
"14-08-2026 15:02:00","100","Information","Microsoft-Windows-Diagnosis-DPS","Diagnostic module {45de1ea9-10bc-4f96-9b21-4b6b83dbf476} (%windir%\system32\radardt.dll) detected a problem for scenario {180b3a99-8c39-4f12-b631-2031998efe45}, instance {34679994-875f-4a17-96d1-01ebb228ea29}, original activity ID {00000000-0000-0000-0000-000000000000}."
"14-08-2026 14:57:00","105","Information","Microsoft-Windows-Diagnosis-DPS","Diagnostic module {45de1ea9-10bc-4f96-9b21-4b6b83dbf476} (%windir%\system32\radardt.dll) started troubleshooting scenario {180b3a99-8c39-4f12-b631-2031998efe45}, instance {9684a3cc-2cc6-4792-af74-9f96b09445ff}, original activity ID {00000000-0000-0000-0000-000000000000}."
"14-08-2026 14:57:00","100","Information","Microsoft-Windows-Diagnosis-DPS","Diagnostic module {45de1ea9-10bc-4f96-9b21-4b6b83dbf476} (%windir%\system32\radardt.dll) detected a problem for scenario {180b3a99-8c39-4f12-b631-2031998efe45}, instance {9684a3cc-2cc6-4792-af74-9f96b09445ff}, original activity ID {00000000-0000-0000-0000-000000000000}."
"14-08-2026 14:52:00","105","Information","Microsoft-Windows-Diagnosis-DPS","Diagnostic module {45de1ea9-10bc-4f96-9b21-4b6b83dbf476} (%windir%\system32\radardt.dll) started troubleshooting scenario {180b3a99-8c39-4f12-b631-2031998efe45}, instance {02565f24-f37c-4493-9769-4d03a79e2e81}, original activity ID {00000000-0000-0000-0000-000000000000}."
"14-08-2026 14:52:00","100","Information","Microsoft-Windows-Diagnosis-DPS","Diagnostic module {45de1ea9-10bc-4f96-9b21-4b6b83dbf476} (%windir%\system32\radardt.dll) detected a problem for scenario {180b3a99-8c39-4f12-b631-2031998efe45}, instance {02565f24-f37c-4493-9769-4d03a79e2e81}, original activity ID {00000000-0000-0000-0000-000000000000}."
"14-08-2026 14:47:00","105","Information","Microsoft-Windows-Diagnosis-DPS","Diagnostic module {45de1ea9-10bc-4f96-9b21-4b6b83dbf476} (%windir%\system32\radardt.dll) started troubleshooting scenario {180b3a99-8c39-4f12-b631-2031998efe45}, instance {3e6e6fd0-c5e6-4b8b-90cf-282640d05ef0}, original activity ID {00000000-0000-0000-0000-000000000000}."
"14-08-2026 14:47:00","100","Information","Microsoft-Windows-Diagnosis-DPS","Diagnostic module {45de1ea9-10bc-4f96-9b21-4b6b83dbf476} (%windir%\system32\radardt.dll) detected a problem for scenario {180b3a99-8c39-4f12-b631-2031998efe45}, instance {3e6e6fd0-c5e6-4b8b-90cf-282640d05ef0}, original activity ID {00000000-0000-0000-0000-000000000000}."
"14-08-2026 14:42:00","105","Information","Microsoft-Windows-Diagnosis-DPS","Diagnostic module {45de1ea9-10bc-4f96-9b21-4b6b83dbf476} (%windir%\system32\radardt.dll) started troubleshooting scenario {180b3a99-8c39-4f12-b631-2031998efe45}, instance {ffd2c3f8-4455-4214-a6fc-d03058708bd1}, original activity ID {00000000-0000-0000-0000-000000000000}."
"14-08-2026 14:42:00","100","Information","Microsoft-Windows-Diagnosis-DPS","Diagnostic module {45de1ea9-10bc-4f96-9b21-4b6b83dbf476} (%windir%\system32\radardt.dll) detected a problem for scenario {180b3a99-8c39-4f12-b631-2031998efe45}, instance {ffd2c3f8-4455-4214-a6fc-d03058708bd1}, original activity ID {00000000-0000-0000-0000-000000000000}."
"14-08-2026 14:37:00","105","Information","Microsoft-Windows-Diagnosis-DPS","Diagnostic module {45de1ea9-10bc-4f96-9b21-4b6b83dbf476} (%windir%\system32\radardt.dll) started troubleshooting scenario {180b3a99-8c39-4f12-b631-2031998efe45}, instance {6dd79c5c-b896-42fb-b31b-3b109125170c}, original activity ID {00000000-0000-0000-0000-000000000000}."
"14-08-2026 14:37:00","100","Information","Microsoft-Windows-Diagnosis-DPS","Diagnostic module {45de1ea9-10bc-4f96-9b21-4b6b83dbf476} (%windir%\system32\radardt.dll) detected a problem for scenario {180b3a99-8c39-4f12-b631-2031998efe45}, instance {6dd79c5c-b896-42fb-b31b-3b109125170c}, original activity ID {00000000-0000-0000-0000-000000000000}."
"14-08-2026 14:32:00","105","Information","Microsoft-Windows-Diagnosis-DPS","Diagnostic module {45de1ea9-10bc-4f96-9b21-4b6b83dbf476} (%windir%\system32\radardt.dll) started troubleshooting scenario {180b3a99-8c39-4f12-b631-2031998efe45}, instance {6533f418-a511-4b08-bd80-2b6dd7e9e59e}, original activity ID {00000000-0000-0000-0000-000000000000}."
"14-08-2026 14:32:00","100","Information","Microsoft-Windows-Diagnosis-DPS","Diagnostic module {45de1ea9-10bc-4f96-9b21-4b6b83dbf476} (%windir%\system32\radardt.dll) detected a problem for scenario {180b3a99-8c39-4f12-b631-2031998efe45}, instance {6533f418-a511-4b08-bd80-2b6dd7e9e59e}, original activity ID {00000000-0000-0000-0000-000000000000}."
"14-08-2026 14:27:00","105","Information","Microsoft-Windows-Diagnosis-DPS","Diagnostic module {45de1ea9-10bc-4f96-9b21-4b6b83dbf476} (%windir%\system32\radardt.dll) started troubleshooting scenario {180b3a99-8c39-4f12-b631-2031998efe45}, instance {70b7a7e7-1127-442c-bbcf-c972e7076b48}, original activity ID {00000000-0000-0000-0000-000000000000}."
"14-08-2026 14:27:00","100","Information","Microsoft-Windows-Diagnosis-DPS","Diagnostic module {45de1ea9-10bc-4f96-9b21-4b6b83dbf476} (%windir%\system32\radardt.dll) detected a problem for scenario {180b3a99-8c39-4f12-b631-2031998efe45}, instance {70b7a7e7-1127-442c-bbcf-c972e7076b48}, original activity ID {00000000-0000-0000-0000-000000000000}."
"14-08-2026 14:22:00","105","Information","Microsoft-Windows-Diagnosis-DPS","Diagnostic module {45de1ea9-10bc-4f96-9b21-4b6b83dbf476} (%windir%\system32\radardt.dll) started troubleshooting scenario {180b3a99-8c39-4f12-b631-2031998efe45}, instance {6319c9e2-c73a-450a-8d6e-b8ed8428e1f7}, original activity ID {00000000-0000-0000-0000-000000000000}."
"14-08-2026 14:22:00","100","Information","Microsoft-Windows-Diagnosis-DPS","Diagnostic module {45de1ea9-10bc-4f96-9b21-4b6b83dbf476} (%windir%\system32\radardt.dll) detected a problem for scenario {180b3a99-8c39-4f12-b631-2031998efe45}, instance {6319c9e2-c73a-450a-8d6e-b8ed8428e1f7}, original activity ID {00000000-0000-0000-0000-000000000000}."
"14-08-2026 14:17:00","105","Information","Microsoft-Windows-Diagnosis-DPS","Diagnostic module {45de1ea9-10bc-4f96-9b21-4b6b83dbf476} (%windir%\system32\radardt.dll) started troubleshooting scenario {180b3a99-8c39-4f12-b631-2031998efe45}, instance {de791c50-5122-46b3-a47c-7110efa5c99b}, original activity ID {00000000-0000-0000-0000-000000000000}."
"14-08-2026 14:17:00","100","Information","Microsoft-Windows-Diagnosis-DPS","Diagnostic module {45de1ea9-10bc-4f96-9b21-4b6b83dbf476} (%windir%\system32\radardt.dll) detected a problem for scenario {180b3a99-8c39-4f12-b631-2031998efe45}, instance {de791c50-5122-46b3-a47c-7110efa5c99b}, original activity ID {00000000-0000-0000-0000-000000000000}."
"14-08-2026 14:11:59","105","Information","Microsoft-Windows-Diagnosis-DPS","Diagnostic module {45de1ea9-10bc-4f96-9b21-4b6b83dbf476} (%windir%\system32\radardt.dll) started troubleshooting scenario {180b3a99-8c39-4f12-b631-2031998efe45}, instance {c91d8c32-c37e-4829-823b-aff26534e627}, original activity ID {00000000-0000-0000-0000-000000000000}."
"14-08-2026 14:11:59","100","Information","Microsoft-Windows-Diagnosis-DPS","Diagnostic module {45de1ea9-10bc-4f96-9b21-4b6b83dbf476} (%windir%\system32\radardt.dll) detected a problem for scenario {180b3a99-8c39-4f12-b631-2031998efe45}, instance {c91d8c32-c37e-4829-823b-aff26534e627}, original activity ID {00000000-0000-0000-0000-000000000000}."
"14-08-2026 14:06:59","105","Information","Microsoft-Windows-Diagnosis-DPS","Diagnostic module {45de1ea9-10bc-4f96-9b21-4b6b83dbf476} (%windir%\system32\radardt.dll) started troubleshooting scenario {180b3a99-8c39-4f12-b631-2031998efe45}, instance {cf78a4a7-f275-420f-9400-fb644b4c2f7c}, original activity ID {00000000-0000-0000-0000-000000000000}."
"14-08-2026 14:06:59","100","Information","Microsoft-Windows-Diagnosis-DPS","Diagnostic module {45de1ea9-10bc-4f96-9b21-4b6b83dbf476} (%windir%\system32\radardt.dll) detected a problem for scenario {180b3a99-8c39-4f12-b631-2031998efe45}, instance {cf78a4a7-f275-420f-9400-fb644b4c2f7c}, original activity ID {00000000-0000-0000-0000-000000000000}."
"14-08-2026 14:01:59","105","Information","Microsoft-Windows-Diagnosis-DPS","Diagnostic module {45de1ea9-10bc-4f96-9b21-4b6b83dbf476} (%windir%\system32\radardt.dll) started troubleshooting scenario {180b3a99-8c39-4f12-b631-2031998efe45}, instance {d9a8a149-7290-4145-926e-a4c2e4c3ef18}, original activity ID {00000000-0000-0000-0000-000000000000}."
"14-08-2026 14:01:59","100","Information","Microsoft-Windows-Diagnosis-DPS","Diagnostic module {45de1ea9-10bc-4f96-9b21-4b6b83dbf476} (%windir%\system32\radardt.dll) detected a problem for scenario {180b3a99-8c39-4f12-b631-2031998efe45}, instance {d9a8a149-7290-4145-926e-a4c2e4c3ef18}, original activity ID {00000000-0000-0000-0000-000000000000}."
"14-08-2026 13:56:59","105","Information","Microsoft-Windows-Diagnosis-DPS","Diagnostic module {45de1ea9-10bc-4f96-9b21-4b6b83dbf476} (%windir%\system32\radardt.dll) started troubleshooting scenario {180b3a99-8c39-4f12-b631-2031998efe45}, instance {a00ec4e2-3d91-4222-8f4f-5d6b40d69a90}, original activity ID {00000000-0000-0000-0000-000000000000}."
"14-08-2026 13:56:59","100","Information","Microsoft-Windows-Diagnosis-DPS","Diagnostic module {45de1ea9-10bc-4f96-9b21-4b6b83dbf476} (%windir%\system32\radardt.dll) detected a problem for scenario {180b3a99-8c39-4f12-b631-2031998efe45}, instance {a00ec4e2-3d91-4222-8f4f-5d6b40d69a90}, original activity ID {00000000-0000-0000-0000-000000000000}."
"14-08-2026 13:51:59","105","Information","Microsoft-Windows-Diagnosis-DPS","Diagnostic module {45de1ea9-10bc-4f96-9b21-4b6b83dbf476} (%windir%\system32\radardt.dll) started troubleshooting scenario {180b3a99-8c39-4f12-b631-2031998efe45}, instance {4c226c09-660e-4632-afe2-240e6ea3572f}, original activity ID {00000000-0000-0000-0000-000000000000}."
"14-08-2026 13:51:59","100","Information","Microsoft-Windows-Diagnosis-DPS","Diagnostic module {45de1ea9-10bc-4f96-9b21-4b6b83dbf476} (%windir%\system32\radardt.dll) detected a problem for scenario {180b3a99-8c39-4f12-b631-2031998efe45}, instance {4c226c09-660e-4632-afe2-240e6ea3572f}, original activity ID {00000000-0000-0000-0000-000000000000}."
"14-08-2026 13:46:59","105","Information","Microsoft-Windows-Diagnosis-DPS","Diagnostic module {45de1ea9-10bc-4f96-9b21-4b6b83dbf476} (%windir%\system32\radardt.dll) started troubleshooting scenario {180b3a99-8c39-4f12-b631-2031998efe45}, instance {99380b81-e9ac-48d7-b7b7-ce2427aa2081}, original activity ID {00000000-0000-0000-0000-000000000000}."
"14-08-2026 13:46:59","100","Information","Microsoft-Windows-Diagnosis-DPS","Diagnostic module {45de1ea9-10bc-4f96-9b21-4b6b83dbf476} (%windir%\system32\radardt.dll) detected a problem for scenario {180b3a99-8c39-4f12-b631-2031998efe45}, instance {99380b81-e9ac-48d7-b7b7-ce2427aa2081}, original activity ID {00000000-0000-0000-0000-000000000000}."
"14-08-2026 13:41:59","105","Information","Microsoft-Windows-Diagnosis-DPS","Diagnostic module {45de1ea9-10bc-4f96-9b21-4b6b83dbf476} (%windir%\system32\radardt.dll) started troubleshooting scenario {180b3a99-8c39-4f12-b631-2031998efe45}, instance {f46ce622-f27a-45a1-bed5-e02991846e77}, original activity ID {00000000-0000-0000-0000-000000000000}."
"14-08-2026 13:41:59","100","Information","Microsoft-Windows-Diagnosis-DPS","Diagnostic module {45de1ea9-10bc-4f96-9b21-4b6b83dbf476} (%windir%\system32\radardt.dll) detected a problem for scenario {180b3a99-8c39-4f12-b631-2031998efe45}, instance {f46ce622-f27a-45a1-bed5-e02991846e77}, original activity ID {00000000-0000-0000-0000-000000000000}."
"14-08-2026 13:36:59","105","Information","Microsoft-Windows-Diagnosis-DPS","Diagnostic module {45de1ea9-10bc-4f96-9b21-4b6b83dbf476} (%windir%\system32\radardt.dll) started troubleshooting scenario {180b3a99-8c39-4f12-b631-2031998efe45}, instance {53832ef2-a695-4626-bf94-7e76aea48bd3}, original activity ID {00000000-0000-0000-0000-000000000000}."
"14-08-2026 13:36:59","100","Information","Microsoft-Windows-Diagnosis-DPS","Diagnostic module {45de1ea9-10bc-4f96-9b21-4b6b83dbf476} (%windir%\system32\radardt.dll) detected a problem for scenario {180b3a99-8c39-4f12-b631-2031998efe45}, instance {53832ef2-a695-4626-bf94-7e76aea48bd3}, original activity ID {00000000-0000-0000-0000-000000000000}."
"14-08-2026 13:31:59","105","Information","Microsoft-Windows-Diagnosis-DPS","Diagnostic module {45de1ea9-10bc-4f96-9b21-4b6b83dbf476} (%windir%\system32\radardt.dll) started troubleshooting scenario {180b3a99-8c39-4f12-b631-2031998efe45}, instance {e3f685db-c7a3-472c-941a-f8cd83bb4b55}, original activity ID {00000000-0000-0000-0000-000000000000}."
"14-08-2026 13:31:59","100","Information","Microsoft-Windows-Diagnosis-DPS","Diagnostic module {45de1ea9-10bc-4f96-9b21-4b6b83dbf476} (%windir%\system32\radardt.dll) detected a problem for scenario {180b3a99-8c39-4f12-b631-2031998efe45}, instance {e3f685db-c7a3-472c-941a-f8cd83bb4b55}, original activity ID {00000000-0000-0000-0000-000000000000}."
"14-08-2026 13:26:59","105","Information","Microsoft-Windows-Diagnosis-DPS","Diagnostic module {45de1ea9-10bc-4f96-9b21-4b6b83dbf476} (%windir%\system32\radardt.dll) started troubleshooting scenario {180b3a99-8c39-4f12-b631-2031998efe45}, instance {a9b3e5cc-9c2f-49a7-b528-79c230ab1d9b}, original activity ID {00000000-0000-0000-0000-000000000000}."
"14-08-2026 13:26:59","100","Information","Microsoft-Windows-Diagnosis-DPS","Diagnostic module {45de1ea9-10bc-4f96-9b21-4b6b83dbf476} (%windir%\system32\radardt.dll) detected a problem for scenario {180b3a99-8c39-4f12-b631-2031998efe45}, instance {a9b3e5cc-9c2f-49a7-b528-79c230ab1d9b}, original activity ID {00000000-0000-0000-0000-000000000000}."
"13-08-2026 18:33:38","105","Information","Microsoft-Windows-Diagnosis-DPS","Diagnostic module {45de1ea9-10bc-4f96-9b21-4b6b83dbf476} (%windir%\system32\radardt.dll) started troubleshooting scenario {180b3a99-8c39-4f12-b631-2031998efe45}, instance {80d4dacd-1225-4e4b-9446-f0517e1faac0}, original activity ID {00000000-0000-0000-0000-000000000000}."
"13-08-2026 18:33:38","100","Information","Microsoft-Windows-Diagnosis-DPS","Diagnostic module {45de1ea9-10bc-4f96-9b21-4b6b83dbf476} (%windir%\system32\radardt.dll) detected a problem for scenario {180b3a99-8c39-4f12-b631-2031998efe45}, instance {80d4dacd-1225-4e4b-9446-f0517e1faac0}, original activity ID {00000000-0000-0000-0000-000000000000}."
"13-08-2026 18:28:38","105","Information","Microsoft-Windows-Diagnosis-DPS","Diagnostic module {45de1ea9-10bc-4f96-9b21-4b6b83dbf476} (%windir%\system32\radardt.dll) started troubleshooting scenario {180b3a99-8c39-4f12-b631-2031998efe45}, instance {bc9712f0-a4ad-4bb2-864e-48c9891db2d1}, original activity ID {00000000-0000-0000-0000-000000000000}."
"13-08-2026 18:28:38","100","Information","Microsoft-Windows-Diagnosis-DPS","Diagnostic module {45de1ea9-10bc-4f96-9b21-4b6b83dbf476} (%windir%\system32\radardt.dll) detected a problem for scenario {180b3a99-8c39-4f12-b631-2031998efe45}, instance {bc9712f0-a4ad-4bb2-864e-48c9891db2d1}, original activity ID {00000000-0000-0000-0000-000000000000}."
"13-08-2026 18:23:38","105","Information","Microsoft-Windows-Diagnosis-DPS","Diagnostic module {45de1ea9-10bc-4f96-9b21-4b6b83dbf476} (%windir%\system32\radardt.dll) started troubleshooting scenario {180b3a99-8c39-4f12-b631-2031998efe45}, instance {cdab3dd9-34e4-4522-80dd-73a6ec56ebf6}, original activity ID {00000000-0000-0000-0000-000000000000}."
"13-08-2026 18:23:38","100","Information","Microsoft-Windows-Diagnosis-DPS","Diagnostic module {45de1ea9-10bc-4f96-9b21-4b6b83dbf476} (%windir%\system32\radardt.dll) detected a problem for scenario {180b3a99-8c39-4f12-b631-2031998efe45}, instance {cdab3dd9-34e4-4522-80dd-73a6ec56ebf6}, original activity ID {00000000-0000-0000-0000-000000000000}."
"13-08-2026 18:18:38","105","Information","Microsoft-Windows-Diagnosis-DPS","Diagnostic module {45de1ea9-10bc-4f96-9b21-4b6b83dbf476} (%windir%\system32\radardt.dll) started troubleshooting scenario {180b3a99-8c39-4f12-b631-2031998efe45}, instance {a34d6390-64ac-4066-a136-9812efcb2579}, original activity ID {00000000-0000-0000-0000-000000000000}."
"13-08-2026 18:18:38","100","Information","Microsoft-Windows-Diagnosis-DPS","Diagnostic module {45de1ea9-10bc-4f96-9b21-4b6b83dbf476} (%windir%\system32\radardt.dll) detected a problem for scenario {180b3a99-8c39-4f12-b631-2031998efe45}, instance {a34d6390-64ac-4066-a136-9812efcb2579}, original activity ID {00000000-0000-0000-0000-000000000000}."
"13-08-2026 18:13:38","105","Information","Microsoft-Windows-Diagnosis-DPS","Diagnostic module {45de1ea9-10bc-4f96-9b21-4b6b83dbf476} (%windir%\system32\radardt.dll) started troubleshooting scenario {180b3a99-8c39-4f12-b631-2031998efe45}, instance {21e255ed-a636-47ef-a92e-9ddcd995419d}, original activity ID {00000000-0000-0000-0000-000000000000}."
"13-08-2026 18:13:38","100","Information","Microsoft-Windows-Diagnosis-DPS","Diagnostic module {45de1ea9-10bc-4f96-9b21-4b6b83dbf476} (%windir%\system32\radardt.dll) detected a problem for scenario {180b3a99-8c39-4f12-b631-2031998efe45}, instance {21e255ed-a636-47ef-a92e-9ddcd995419d}, original activity ID {00000000-0000-0000-0000-000000000000}."
"13-08-2026 18:08:38","105","Information","Microsoft-Windows-Diagnosis-DPS","Diagnostic module {45de1ea9-10bc-4f96-9b21-4b6b83dbf476} (%windir%\system32\radardt.dll) started troubleshooting scenario {180b3a99-8c39-4f12-b631-2031998efe45}, instance {06118f03-2075-4736-8e80-67383cfbdc9f}, original activity ID {00000000-0000-0000-0000-000000000000}."
"13-08-2026 18:08:38","100","Information","Microsoft-Windows-Diagnosis-DPS","Diagnostic module {45de1ea9-10bc-4f96-9b21-4b6b83dbf476} (%windir%\system32\radardt.dll) detected a problem for scenario {180b3a99-8c39-4f12-b631-2031998efe45}, instance {06118f03-2075-4736-8e80-67383cfbdc9f}, original activity ID {00000000-0000-0000-0000-000000000000}."
"13-08-2026 18:03:38","105","Information","Microsoft-Windows-Diagnosis-DPS","Diagnostic module {45de1ea9-10bc-4f96-9b21-4b6b83dbf476} (%windir%\system32\radardt.dll) started troubleshooting scenario {180b3a99-8c39-4f12-b631-2031998efe45}, instance {0e40c660-f99d-40cc-bec1-2693437f9763}, original activity ID {00000000-0000-0000-0000-000000000000}."
"13-08-2026 18:03:38","100","Information","Microsoft-Windows-Diagnosis-DPS","Diagnostic module {45de1ea9-10bc-4f96-9b21-4b6b83dbf476} (%windir%\system32\radardt.dll) detected a problem for scenario {180b3a99-8c39-4f12-b631-2031998efe45}, instance {0e40c660-f99d-40cc-bec1-2693437f9763}, original activity ID {00000000-0000-0000-0000-000000000000}."
"13-08-2026 17:58:38","105","Information","Microsoft-Windows-Diagnosis-DPS","Diagnostic module {45de1ea9-10bc-4f96-9b21-4b6b83dbf476} (%windir%\system32\radardt.dll) started troubleshooting scenario {180b3a99-8c39-4f12-b631-2031998efe45}, instance {13cd4c7e-e651-4415-aa66-8ed8fedb34f0}, original activity ID {00000000-0000-0000-0000-000000000000}."
"13-08-2026 17:58:38","100","Information","Microsoft-Windows-Diagnosis-DPS","Diagnostic module {45de1ea9-10bc-4f96-9b21-4b6b83dbf476} (%windir%\system32\radardt.dll) detected a problem for scenario {180b3a99-8c39-4f12-b631-2031998efe45}, instance {13cd4c7e-e651-4415-aa66-8ed8fedb34f0}, original activity ID {00000000-0000-0000-0000-000000000000}."
"13-08-2026 17:53:38","105","Information","Microsoft-Windows-Diagnosis-DPS","Diagnostic module {45de1ea9-10bc-4f96-9b21-4b6b83dbf476} (%windir%\system32\radardt.dll) started troubleshooting scenario {180b3a99-8c39-4f12-b631-2031998efe45}, instance {ef71af4c-9514-402e-bc45-e9c1914c867b}, original activity ID {00000000-0000-0000-0000-000000000000}."
"13-08-2026 17:53:38","100","Information","Microsoft-Windows-Diagnosis-DPS","Diagnostic module {45de1ea9-10bc-4f96-9b21-4b6b83dbf476} (%windir%\system32\radardt.dll) detected a problem for scenario {180b3a99-8c39-4f12-b631-2031998efe45}, instance {ef71af4c-9514-402e-bc45-e9c1914c867b}, original activity ID {00000000-0000-0000-0000-000000000000}."
"13-08-2026 17:48:38","105","Information","Microsoft-Windows-Diagnosis-DPS","Diagnostic module {45de1ea9-10bc-4f96-9b21-4b6b83dbf476} (%windir%\system32\radardt.dll) started troubleshooting scenario {180b3a99-8c39-4f12-b631-2031998efe45}, instance {52ebd775-6381-4627-9ee5-7dc1bab22f68}, original activity ID {00000000-0000-0000-0000-000000000000}."
"13-08-2026 17:48:38","100","Information","Microsoft-Windows-Diagnosis-DPS","Diagnostic module {45de1ea9-10bc-4f96-9b21-4b6b83dbf476} (%windir%\system32\radardt.dll) detected a problem for scenario {180b3a99-8c39-4f12-b631-2031998efe45}, instance {52ebd775-6381-4627-9ee5-7dc1bab22f68}, original activity ID {00000000-0000-0000-0000-000000000000}."
"13-08-2026 17:43:38","105","Information","Microsoft-Windows-Diagnosis-DPS","Diagnostic module {45de1ea9-10bc-4f96-9b21-4b6b83dbf476} (%windir%\system32\radardt.dll) started troubleshooting scenario {180b3a99-8c39-4f12-b631-2031998efe45}, instance {749df8f8-aa72-4998-b77a-09942a2407eb}, original activity ID {00000000-0000-0000-0000-000000000000}."
"13-08-2026 17:43:38","100","Information","Microsoft-Windows-Diagnosis-DPS","Diagnostic module {45de1ea9-10bc-4f96-9b21-4b6b83dbf476} (%windir%\system32\radardt.dll) detected a problem for scenario {180b3a99-8c39-4f12-b631-2031998efe45}, instance {749df8f8-aa72-4998-b77a-09942a2407eb}, original activity ID {00000000-0000-0000-0000-000000000000}."
"13-08-2026 17:38:38","105","Information","Microsoft-Windows-Diagnosis-DPS","Diagnostic module {45de1ea9-10bc-4f96-9b21-4b6b83dbf476} (%windir%\system32\radardt.dll) started troubleshooting scenario {180b3a99-8c39-4f12-b631-2031998efe45}, instance {5be55a63-d7bd-4c75-b50c-f796b15afc18}, original activity ID {00000000-0000-0000-0000-000000000000}."
"13-08-2026 17:38:38","100","Information","Microsoft-Windows-Diagnosis-DPS","Diagnostic module {45de1ea9-10bc-4f96-9b21-4b6b83dbf476} (%windir%\system32\radardt.dll) detected a problem for scenario {180b3a99-8c39-4f12-b631-2031998efe45}, instance {5be55a63-d7bd-4c75-b50c-f796b15afc18}, original activity ID {00000000-0000-0000-0000-000000000000}."
"13-08-2026 17:33:38","105","Information","Microsoft-Windows-Diagnosis-DPS","Diagnostic module {45de1ea9-10bc-4f96-9b21-4b6b83dbf476} (%windir%\system32\radardt.dll) started troubleshooting scenario {180b3a99-8c39-4f12-b631-2031998efe45}, instance {63627c6b-09ed-43ef-b7aa-c3323acbc8a4}, original activity ID {00000000-0000-0000-0000-000000000000}."
"13-08-2026 17:33:38","100","Information","Microsoft-Windows-Diagnosis-DPS","Diagnostic module {45de1ea9-10bc-4f96-9b21-4b6b83dbf476} (%windir%\system32\radardt.dll) detected a problem for scenario {180b3a99-8c39-4f12-b631-2031998efe45}, instance {63627c6b-09ed-43ef-b7aa-c3323acbc8a4}, original activity ID {00000000-0000-0000-0000-000000000000}."
"13-08-2026 17:28:38","105","Information","Microsoft-Windows-Diagnosis-DPS","Diagnostic module {45de1ea9-10bc-4f96-9b21-4b6b83dbf476} (%windir%\system32\radardt.dll) started troubleshooting scenario {180b3a99-8c39-4f12-b631-2031998efe45}, instance {028d20df-601b-459f-a5eb-fbc0d575f7fb}, original activity ID {00000000-0000-0000-0000-000000000000}."
"13-08-2026 17:28:38","100","Information","Microsoft-Windows-Diagnosis-DPS","Diagnostic module {45de1ea9-10bc-4f96-9b21-4b6b83dbf476} (%windir%\system32\radardt.dll) detected a problem for scenario {180b3a99-8c39-4f12-b631-2031998efe45}, instance {028d20df-601b-459f-a5eb-fbc0d575f7fb}, original activity ID {00000000-0000-0000-0000-000000000000}."
"13-08-2026 17:23:38","105","Information","Microsoft-Windows-Diagnosis-DPS","Diagnostic module {45de1ea9-10bc-4f96-9b21-4b6b83dbf476} (%windir%\system32\radardt.dll) started troubleshooting scenario {180b3a99-8c39-4f12-b631-2031998efe45}, instance {ad9934e3-4cbf-4b4a-87ed-1eea0a0243bf}, original activity ID {00000000-0000-0000-0000-000000000000}."
"13-08-2026 17:23:38","100","Information","Microsoft-Windows-Diagnosis-DPS","Diagnostic module {45de1ea9-10bc-4f96-9b21-4b6b83dbf476} (%windir%\system32\radardt.dll) detected a problem for scenario {180b3a99-8c39-4f12-b631-2031998efe45}, instance {ad9934e3-4cbf-4b4a-87ed-1eea0a0243bf}, original activity ID {00000000-0000-0000-0000-000000000000}."
"13-08-2026 17:18:38","105","Information","Microsoft-Windows-Diagnosis-DPS","Diagnostic module {45de1ea9-10bc-4f96-9b21-4b6b83dbf476} (%windir%\system32\radardt.dll) started troubleshooting scenario {180b3a99-8c39-4f12-b631-2031998efe45}, instance {029224d5-99ac-43ad-8bed-6c7695e86ff7}, original activity ID {00000000-0000-0000-0000-000000000000}."
"13-08-2026 17:18:38","100","Information","Microsoft-Windows-Diagnosis-DPS","Diagnostic module {45de1ea9-10bc-4f96-9b21-4b6b83dbf476} (%windir%\system32\radardt.dll) detected a problem for scenario {180b3a99-8c39-4f12-b631-2031998efe45}, instance {029224d5-99ac-43ad-8bed-6c7695e86ff7}, original activity ID {00000000-0000-0000-0000-000000000000}."
"13-08-2026 17:13:38","105","Information","Microsoft-Windows-Diagnosis-DPS","Diagnostic module {45de1ea9-10bc-4f96-9b21-4b6b83dbf476} (%windir%\system32\radardt.dll) started troubleshooting scenario {180b3a99-8c39-4f12-b631-2031998efe45}, instance {a53866f8-f9c5-4964-ae40-cdb255025cc7}, original activity ID {00000000-0000-0000-0000-000000000000}."
"13-08-2026 17:13:38","100","Information","Microsoft-Windows-Diagnosis-DPS","Diagnostic module {45de1ea9-10bc-4f96-9b21-4b6b83dbf476} (%windir%\system32\radardt.dll) detected a problem for scenario {180b3a99-8c39-4f12-b631-2031998efe45}, instance {a53866f8-f9c5-4964-ae40-cdb255025cc7}, original activity ID {00000000-0000-0000-0000-000000000000}."
"13-08-2026 17:08:38","105","Information","Microsoft-Windows-Diagnosis-DPS","Diagnostic module {45de1ea9-10bc-4f96-9b21-4b6b83dbf476} (%windir%\system32\radardt.dll) started troubleshooting scenario {180b3a99-8c39-4f12-b631-2031998efe45}, instance {73c61a86-f32c-4141-ba9b-044c9c86f266}, original activity ID {00000000-0000-0000-0000-000000000000}."
"13-08-2026 17:08:38","100","Information","Microsoft-Windows-Diagnosis-DPS","Diagnostic module {45de1ea9-10bc-4f96-9b21-4b6b83dbf476} (%windir%\system32\radardt.dll) detected a problem for scenario {180b3a99-8c39-4f12-b631-2031998efe45}, instance {73c61a86-f32c-4141-ba9b-044c9c86f266}, original activity ID {00000000-0000-0000-0000-000000000000}."
"13-08-2026 17:03:38","105","Information","Microsoft-Windows-Diagnosis-DPS","Diagnostic module {45de1ea9-10bc-4f96-9b21-4b6b83dbf476} (%windir%\system32\radardt.dll) started troubleshooting scenario {180b3a99-8c39-4f12-b631-2031998efe45}, instance {0e27dffb-0246-431c-a650-47b6bcecdc37}, original activity ID {00000000-0000-0000-0000-000000000000}."
"13-08-2026 17:03:38","100","Information","Microsoft-Windows-Diagnosis-DPS","Diagnostic module {45de1ea9-10bc-4f96-9b21-4b6b83dbf476} (%windir%\system32\radardt.dll) detected a problem for scenario {180b3a99-8c39-4f12-b631-2031998efe45}, instance {0e27dffb-0246-431c-a650-47b6bcecdc37}, original activity ID {00000000-0000-0000-0000-000000000000}."
"13-08-2026 16:58:38","105","Information","Microsoft-Windows-Diagnosis-DPS","Diagnostic module {45de1ea9-10bc-4f96-9b21-4b6b83dbf476} (%windir%\system32\radardt.dll) started troubleshooting scenario {180b3a99-8c39-4f12-b631-2031998efe45}, instance {22ad6c54-e2d4-4f26-9794-ff02cedcfa05}, original activity ID {00000000-0000-0000-0000-000000000000}."
"13-08-2026 16:58:38","100","Information","Microsoft-Windows-Diagnosis-DPS","Diagnostic module {45de1ea9-10bc-4f96-9b21-4b6b83dbf476} (%windir%\system32\radardt.dll) detected a problem for scenario {180b3a99-8c39-4f12-b631-2031998efe45}, instance {22ad6c54-e2d4-4f26-9794-ff02cedcfa05}, original activity ID {00000000-0000-0000-0000-000000000000}."
"13-08-2026 16:53:38","105","Information","Microsoft-Windows-Diagnosis-DPS","Diagnostic module {45de1ea9-10bc-4f96-9b21-4b6b83dbf476} (%windir%\system32\radardt.dll) started troubleshooting scenario {180b3a99-8c39-4f12-b631-2031998efe45}, instance {080547b4-89b1-41f6-a296-6020256d6c4c}, original activity ID {00000000-0000-0000-0000-000000000000}."
"13-08-2026 16:53:38","100","Information","Microsoft-Windows-Diagnosis-DPS","Diagnostic module {45de1ea9-10bc-4f96-9b21-4b6b83dbf476} (%windir%\system32\radardt.dll) detected a problem for scenario {180b3a99-8c39-4f12-b631-2031998efe45}, instance {080547b4-89b1-41f6-a296-6020256d6c4c}, original activity ID {00000000-0000-0000-0000-000000000000}."
"13-08-2026 16:48:38","105","Information","Microsoft-Windows-Diagnosis-DPS","Diagnostic module {45de1ea9-10bc-4f96-9b21-4b6b83dbf476} (%windir%\system32\radardt.dll) started troubleshooting scenario {180b3a99-8c39-4f12-b631-2031998efe45}, instance {b9af63de-6d83-44df-8c66-7ceae0494640}, original activity ID {00000000-0000-0000-0000-000000000000}."
"13-08-2026 16:48:38","100","Information","Microsoft-Windows-Diagnosis-DPS","Diagnostic module {45de1ea9-10bc-4f96-9b21-4b6b83dbf476} (%windir%\system32\radardt.dll) detected a problem for scenario {180b3a99-8c39-4f12-b631-2031998efe45}, instance {b9af63de-6d83-44df-8c66-7ceae0494640}, original activity ID {00000000-0000-0000-0000-000000000000}."
"13-08-2026 16:43:38","105","Information","Microsoft-Windows-Diagnosis-DPS","Diagnostic module {45de1ea9-10bc-4f96-9b21-4b6b83dbf476} (%windir%\system32\radardt.dll) started troubleshooting scenario {180b3a99-8c39-4f12-b631-2031998efe45}, instance {e2a5fcc7-ecb2-46bb-b18c-d214ebe5d3c2}, original activity ID {00000000-0000-0000-0000-000000000000}."
"13-08-2026 16:43:38","100","Information","Microsoft-Windows-Diagnosis-DPS","Diagnostic module {45de1ea9-10bc-4f96-9b21-4b6b83dbf476} (%windir%\system32\radardt.dll) detected a problem for scenario {180b3a99-8c39-4f12-b631-2031998efe45}, instance {e2a5fcc7-ecb2-46bb-b18c-d214ebe5d3c2}, original activity ID {00000000-0000-0000-0000-000000000000}."
"13-08-2026 16:38:38","105","Information","Microsoft-Windows-Diagnosis-DPS","Diagnostic module {45de1ea9-10bc-4f96-9b21-4b6b83dbf476} (%windir%\system32\radardt.dll) started troubleshooting scenario {180b3a99-8c39-4f12-b631-2031998efe45}, instance {7e59a8c7-153a-431b-b9ed-4b14b62ce650}, original activity ID {00000000-0000-0000-0000-000000000000}."
"13-08-2026 16:38:38","100","Information","Microsoft-Windows-Diagnosis-DPS","Diagnostic module {45de1ea9-10bc-4f96-9b21-4b6b83dbf476} (%windir%\system32\radardt.dll) detected a problem for scenario {180b3a99-8c39-4f12-b631-2031998efe45}, instance {7e59a8c7-153a-431b-b9ed-4b14b62ce650}, original activity ID {00000000-0000-0000-0000-000000000000}."
"13-08-2026 16:33:38","105","Information","Microsoft-Windows-Diagnosis-DPS","Diagnostic module {45de1ea9-10bc-4f96-9b21-4b6b83dbf476} (%windir%\system32\radardt.dll) started troubleshooting scenario {180b3a99-8c39-4f12-b631-2031998efe45}, instance {4fdea4aa-e41e-4370-9dd7-9e6a448efd4e}, original activity ID {00000000-0000-0000-0000-000000000000}."
"13-08-2026 16:33:38","100","Information","Microsoft-Windows-Diagnosis-DPS","Diagnostic module {45de1ea9-10bc-4f96-9b21-4b6b83dbf476} (%windir%\system32\radardt.dll) detected a problem for scenario {180b3a99-8c39-4f12-b631-2031998efe45}, instance {4fdea4aa-e41e-4370-9dd7-9e6a448efd4e}, original activity ID {00000000-0000-0000-0000-000000000000}."
"13-08-2026 16:28:38","105","Information","Microsoft-Windows-Diagnosis-DPS","Diagnostic module {45de1ea9-10bc-4f96-9b21-4b6b83dbf476} (%windir%\system32\radardt.dll) started troubleshooting scenario {180b3a99-8c39-4f12-b631-2031998efe45}, instance {f809a855-ea49-461c-8971-2cb8b0dfa8f5}, original activity ID {00000000-0000-0000-0000-000000000000}."
"13-08-2026 16:28:38","100","Information","Microsoft-Windows-Diagnosis-DPS","Diagnostic module {45de1ea9-10bc-4f96-9b21-4b6b83dbf476} (%windir%\system32\radardt.dll) detected a problem for scenario {180b3a99-8c39-4f12-b631-2031998efe45}, instance {f809a855-ea49-461c-8971-2cb8b0dfa8f5}, original activity ID {00000000-0000-0000-0000-000000000000}."
"13-08-2026 16:23:38","105","Information","Microsoft-Windows-Diagnosis-DPS","Diagnostic module {45de1ea9-10bc-4f96-9b21-4b6b83dbf476} (%windir%\system32\radardt.dll) started troubleshooting scenario {180b3a99-8c39-4f12-b631-2031998efe45}, instance {537478e2-b3a7-4702-be6e-1ce94e3c65b4}, original activity ID {00000000-0000-0000-0000-000000000000}."
"13-08-2026 16:23:38","100","Information","Microsoft-Windows-Diagnosis-DPS","Diagnostic module {45de1ea9-10bc-4f96-9b21-4b6b83dbf476} (%windir%\system32\radardt.dll) detected a problem for scenario {180b3a99-8c39-4f12-b631-2031998efe45}, instance {537478e2-b3a7-4702-be6e-1ce94e3c65b4}, original activity ID {00000000-0000-0000-0000-000000000000}."
"13-08-2026 16:18:38","105","Information","Microsoft-Windows-Diagnosis-DPS","Diagnostic module {45de1ea9-10bc-4f96-9b21-4b6b83dbf476} (%windir%\system32\radardt.dll) started troubleshooting scenario {180b3a99-8c39-4f12-b631-2031998efe45}, instance {1d8ba177-e7ba-4179-b77f-78434f55eed8}, original activity ID {00000000-0000-0000-0000-000000000000}."
"13-08-2026 16:18:38","100","Information","Microsoft-Windows-Diagnosis-DPS","Diagnostic module {45de1ea9-10bc-4f96-9b21-4b6b83dbf476} (%windir%\system32\radardt.dll) detected a problem for scenario {180b3a99-8c39-4f12-b631-2031998efe45}, instance {1d8ba177-e7ba-4179-b77f-78434f55eed8}, original activity ID {00000000-0000-0000-0000-000000000000}."
"13-08-2026 16:13:38","105","Information","Microsoft-Windows-Diagnosis-DPS","Diagnostic module {45de1ea9-10bc-4f96-9b21-4b6b83dbf476} (%windir%\system32\radardt.dll) started troubleshooting scenario {180b3a99-8c39-4f12-b631-2031998efe45}, instance {7add630b-e603-4771-9fe4-80f0fbda41d8}, original activity ID {00000000-0000-0000-0000-000000000000}."
"13-08-2026 16:13:38","100","Information","Microsoft-Windows-Diagnosis-DPS","Diagnostic module {45de1ea9-10bc-4f96-9b21-4b6b83dbf476} (%windir%\system32\radardt.dll) detected a problem for scenario {180b3a99-8c39-4f12-b631-2031998efe45}, instance {7add630b-e603-4771-9fe4-80f0fbda41d8}, original activity ID {00000000-0000-0000-0000-000000000000}."
"13-08-2026 16:08:38","105","Information","Microsoft-Windows-Diagnosis-DPS","Diagnostic module {45de1ea9-10bc-4f96-9b21-4b6b83dbf476} (%windir%\system32\radardt.dll) started troubleshooting scenario {180b3a99-8c39-4f12-b631-2031998efe45}, instance {733364aa-4c83-437d-83c6-177e97e4e1e2}, original activity ID {00000000-0000-0000-0000-000000000000}."
"13-08-2026 16:08:38","100","Information","Microsoft-Windows-Diagnosis-DPS","Diagnostic module {45de1ea9-10bc-4f96-9b21-4b6b83dbf476} (%windir%\system32\radardt.dll) detected a problem for scenario {180b3a99-8c39-4f12-b631-2031998efe45}, instance {733364aa-4c83-437d-83c6-177e97e4e1e2}, original activity ID {00000000-0000-0000-0000-000000000000}."
"13-08-2026 16:03:38","105","Information","Microsoft-Windows-Diagnosis-DPS","Diagnostic module {45de1ea9-10bc-4f96-9b21-4b6b83dbf476} (%windir%\system32\radardt.dll) started troubleshooting scenario {180b3a99-8c39-4f12-b631-2031998efe45}, instance {ff079172-4462-47a8-9f35-67a0190c3aa6}, original activity ID {00000000-0000-0000-0000-000000000000}."
"13-08-2026 16:03:38","100","Information","Microsoft-Windows-Diagnosis-DPS","Diagnostic module {45de1ea9-10bc-4f96-9b21-4b6b83dbf476} (%windir%\system32\radardt.dll) detected a problem for scenario {180b3a99-8c39-4f12-b631-2031998efe45}, instance {ff079172-4462-47a8-9f35-67a0190c3aa6}, original activity ID {00000000-0000-0000-0000-000000000000}."
"13-08-2026 15:58:38","105","Information","Microsoft-Windows-Diagnosis-DPS","Diagnostic module {45de1ea9-10bc-4f96-9b21-4b6b83dbf476} (%windir%\system32\radardt.dll) started troubleshooting scenario {180b3a99-8c39-4f12-b631-2031998efe45}, instance {4a9f693a-c639-4caf-a181-83c6db7a3c11}, original activity ID {00000000-0000-0000-0000-000000000000}."
"13-08-2026 15:58:38","100","Information","Microsoft-Windows-Diagnosis-DPS","Diagnostic module {45de1ea9-10bc-4f96-9b21-4b6b83dbf476} (%windir%\system32\radardt.dll) detected a problem for scenario {180b3a99-8c39-4f12-b631-2031998efe45}, instance {4a9f693a-c639-4caf-a181-83c6db7a3c11}, original activity ID {00000000-0000-0000-0000-000000000000}."
"13-08-2026 15:53:38","105","Information","Microsoft-Windows-Diagnosis-DPS","Diagnostic module {45de1ea9-10bc-4f96-9b21-4b6b83dbf476} (%windir%\system32\radardt.dll) started troubleshooting scenario {180b3a99-8c39-4f12-b631-2031998efe45}, instance {e052660e-d4bf-499e-9612-5872b8bb94a4}, original activity ID {00000000-0000-0000-0000-000000000000}."
"13-08-2026 15:53:38","100","Information","Microsoft-Windows-Diagnosis-DPS","Diagnostic module {45de1ea9-10bc-4f96-9b21-4b6b83dbf476} (%windir%\system32\radardt.dll) detected a problem for scenario {180b3a99-8c39-4f12-b631-2031998efe45}, instance {e052660e-d4bf-499e-9612-5872b8bb94a4}, original activity ID {00000000-0000-0000-0000-000000000000}."
"13-08-2026 15:48:38","105","Information","Microsoft-Windows-Diagnosis-DPS","Diagnostic module {45de1ea9-10bc-4f96-9b21-4b6b83dbf476} (%windir%\system32\radardt.dll) started troubleshooting scenario {180b3a99-8c39-4f12-b631-2031998efe45}, instance {2c070252-1282-4dc7-8e7a-117591c87526}, original activity ID {00000000-0000-0000-0000-000000000000}."
"13-08-2026 15:48:38","100","Information","Microsoft-Windows-Diagnosis-DPS","Diagnostic module {45de1ea9-10bc-4f96-9b21-4b6b83dbf476} (%windir%\system32\radardt.dll) detected a problem for scenario {180b3a99-8c39-4f12-b631-2031998efe45}, instance {2c070252-1282-4dc7-8e7a-117591c87526}, original activity ID {00000000-0000-0000-0000-000000000000}."
"13-08-2026 15:43:38","105","Information","Microsoft-Windows-Diagnosis-DPS","Diagnostic module {45de1ea9-10bc-4f96-9b21-4b6b83dbf476} (%windir%\system32\radardt.dll) started troubleshooting scenario {180b3a99-8c39-4f12-b631-2031998efe45}, instance {baef2c46-c997-4035-be6f-35a7a43fe65b}, original activity ID {00000000-0000-0000-0000-000000000000}."
"13-08-2026 15:43:38","100","Information","Microsoft-Windows-Diagnosis-DPS","Diagnostic module {45de1ea9-10bc-4f96-9b21-4b6b83dbf476} (%windir%\system32\radardt.dll) detected a problem for scenario {180b3a99-8c39-4f12-b631-2031998efe45}, instance {baef2c46-c997-4035-be6f-35a7a43fe65b}, original activity ID {00000000-0000-0000-0000-000000000000}."
"13-08-2026 15:38:38","105","Information","Microsoft-Windows-Diagnosis-DPS","Diagnostic module {45de1ea9-10bc-4f96-9b21-4b6b83dbf476} (%windir%\system32\radardt.dll) started troubleshooting scenario {180b3a99-8c39-4f12-b631-2031998efe45}, instance {2ea76775-a1bf-4858-8029-8e2f400ecc10}, original activity ID {00000000-0000-0000-0000-000000000000}."
"13-08-2026 15:38:38","100","Information","Microsoft-Windows-Diagnosis-DPS","Diagnostic module {45de1ea9-10bc-4f96-9b21-4b6b83dbf476} (%windir%\system32\radardt.dll) detected a problem for scenario {180b3a99-8c39-4f12-b631-2031998efe45}, instance {2ea76775-a1bf-4858-8029-8e2f400ecc10}, original activity ID {00000000-0000-0000-0000-000000000000}."
"13-08-2026 15:33:38","105","Information","Microsoft-Windows-Diagnosis-DPS","Diagnostic module {45de1ea9-10bc-4f96-9b21-4b6b83dbf476} (%windir%\system32\radardt.dll) started troubleshooting scenario {180b3a99-8c39-4f12-b631-2031998efe45}, instance {6f91c1cf-8ad8-4a76-8fb1-da25aefad53c}, original activity ID {00000000-0000-0000-0000-000000000000}."
"13-08-2026 15:33:38","100","Information","Microsoft-Windows-Diagnosis-DPS","Diagnostic module {45de1ea9-10bc-4f96-9b21-4b6b83dbf476} (%windir%\system32\radardt.dll) detected a problem for scenario {180b3a99-8c39-4f12-b631-2031998efe45}, instance {6f91c1cf-8ad8-4a76-8fb1-da25aefad53c}, original activity ID {00000000-0000-0000-0000-000000000000}."
"13-08-2026 15:23:37","105","Information","Microsoft-Windows-Diagnosis-DPS","Diagnostic module {45de1ea9-10bc-4f96-9b21-4b6b83dbf476} (%windir%\system32\radardt.dll) started troubleshooting scenario {180b3a99-8c39-4f12-b631-2031998efe45}, instance {aebcc1f8-1696-41ea-82c9-38dee112a425}, original activity ID {00000000-0000-0000-0000-000000000000}."
"13-08-2026 15:23:37","100","Information","Microsoft-Windows-Diagnosis-DPS","Diagnostic module {45de1ea9-10bc-4f96-9b21-4b6b83dbf476} (%windir%\system32\radardt.dll) detected a problem for scenario {180b3a99-8c39-4f12-b631-2031998efe45}, instance {aebcc1f8-1696-41ea-82c9-38dee112a425}, original activity ID {00000000-0000-0000-0000-000000000000}."
"13-08-2026 15:18:37","105","Information","Microsoft-Windows-Diagnosis-DPS","Diagnostic module {45de1ea9-10bc-4f96-9b21-4b6b83dbf476} (%windir%\system32\radardt.dll) started troubleshooting scenario {180b3a99-8c39-4f12-b631-2031998efe45}, instance {d690d97c-7ef3-4f22-ba9c-1fdad967f079}, original activity ID {00000000-0000-0000-0000-000000000000}."
"13-08-2026 15:18:37","100","Information","Microsoft-Windows-Diagnosis-DPS","Diagnostic module {45de1ea9-10bc-4f96-9b21-4b6b83dbf476} (%windir%\system32\radardt.dll) detected a problem for scenario {180b3a99-8c39-4f12-b631-2031998efe45}, instance {d690d97c-7ef3-4f22-ba9c-1fdad967f079}, original activity ID {00000000-0000-0000-0000-000000000000}."
"13-08-2026 14:23:35","105","Information","Microsoft-Windows-Diagnosis-DPS","Diagnostic module {45de1ea9-10bc-4f96-9b21-4b6b83dbf476} (%windir%\system32\radardt.dll) started troubleshooting scenario {180b3a99-8c39-4f12-b631-2031998efe45}, instance {c0e570ef-afcd-4f29-af98-aca2e30895b7}, original activity ID {00000000-0000-0000-0000-000000000000}."
"13-08-2026 14:23:35","100","Information","Microsoft-Windows-Diagnosis-DPS","Diagnostic module {45de1ea9-10bc-4f96-9b21-4b6b83dbf476} (%windir%\system32\radardt.dll) detected a problem for scenario {180b3a99-8c39-4f12-b631-2031998efe45}, instance {c0e570ef-afcd-4f29-af98-aca2e30895b7}, original activity ID {00000000-0000-0000-0000-000000000000}."
"13-08-2026 14:18:35","105","Information","Microsoft-Windows-Diagnosis-DPS","Diagnostic module {45de1ea9-10bc-4f96-9b21-4b6b83dbf476} (%windir%\system32\radardt.dll) started troubleshooting scenario {180b3a99-8c39-4f12-b631-2031998efe45}, instance {e913dd69-12b8-4ffe-841e-baa843e66ad1}, original activity ID {00000000-0000-0000-0000-000000000000}."
"13-08-2026 14:18:35","100","Information","Microsoft-Windows-Diagnosis-DPS","Diagnostic module {45de1ea9-10bc-4f96-9b21-4b6b83dbf476} (%windir%\system32\radardt.dll) detected a problem for scenario {180b3a99-8c39-4f12-b631-2031998efe45}, instance {e913dd69-12b8-4ffe-841e-baa843e66ad1}, original activity ID {00000000-0000-0000-0000-000000000000}."
"13-08-2026 14:13:35","105","Information","Microsoft-Windows-Diagnosis-DPS","Diagnostic module {45de1ea9-10bc-4f96-9b21-4b6b83dbf476} (%windir%\system32\radardt.dll) started troubleshooting scenario {180b3a99-8c39-4f12-b631-2031998efe45}, instance {b305a5f5-eb2b-403e-9632-ddbe985b3c2a}, original activity ID {00000000-0000-0000-0000-000000000000}."
"13-08-2026 14:13:35","100","Information","Microsoft-Windows-Diagnosis-DPS","Diagnostic module {45de1ea9-10bc-4f96-9b21-4b6b83dbf476} (%windir%\system32\radardt.dll) detected a problem for scenario {180b3a99-8c39-4f12-b631-2031998efe45}, instance {b305a5f5-eb2b-403e-9632-ddbe985b3c2a}, original activity ID {00000000-0000-0000-0000-000000000000}."
"13-08-2026 14:08:35","105","Information","Microsoft-Windows-Diagnosis-DPS","Diagnostic module {45de1ea9-10bc-4f96-9b21-4b6b83dbf476} (%windir%\system32\radardt.dll) started troubleshooting scenario {180b3a99-8c39-4f12-b631-2031998efe45}, instance {0bac1475-e64f-45bd-abfe-f8a56ad6b6ae}, original activity ID {00000000-0000-0000-0000-000000000000}."
"13-08-2026 14:08:35","100","Information","Microsoft-Windows-Diagnosis-DPS","Diagnostic module {45de1ea9-10bc-4f96-9b21-4b6b83dbf476} (%windir%\system32\radardt.dll) detected a problem for scenario {180b3a99-8c39-4f12-b631-2031998efe45}, instance {0bac1475-e64f-45bd-abfe-f8a56ad6b6ae}, original activity ID {00000000-0000-0000-0000-000000000000}."
"13-08-2026 14:03:35","105","Information","Microsoft-Windows-Diagnosis-DPS","Diagnostic module {45de1ea9-10bc-4f96-9b21-4b6b83dbf476} (%windir%\system32\radardt.dll) started troubleshooting scenario {180b3a99-8c39-4f12-b631-2031998efe45}, instance {3b389a18-bd41-447a-bf75-e0afcc12858c}, original activity ID {00000000-0000-0000-0000-000000000000}."
"13-08-2026 14:03:35","100","Information","Microsoft-Windows-Diagnosis-DPS","Diagnostic module {45de1ea9-10bc-4f96-9b21-4b6b83dbf476} (%windir%\system32\radardt.dll) detected a problem for scenario {180b3a99-8c39-4f12-b631-2031998efe45}, instance {3b389a18-bd41-447a-bf75-e0afcc12858c}, original activity ID {00000000-0000-0000-0000-000000000000}."
"13-08-2026 13:58:35","105","Information","Microsoft-Windows-Diagnosis-DPS","Diagnostic module {45de1ea9-10bc-4f96-9b21-4b6b83dbf476} (%windir%\system32\radardt.dll) started troubleshooting scenario {180b3a99-8c39-4f12-b631-2031998efe45}, instance {51bdce29-20c0-4497-86c3-3b84eb79ba2c}, original activity ID {00000000-0000-0000-0000-000000000000}."
"13-08-2026 13:58:35","100","Information","Microsoft-Windows-Diagnosis-DPS","Diagnostic module {45de1ea9-10bc-4f96-9b21-4b6b83dbf476} (%windir%\system32\radardt.dll) detected a problem for scenario {180b3a99-8c39-4f12-b631-2031998efe45}, instance {51bdce29-20c0-4497-86c3-3b84eb79ba2c}, original activity ID {00000000-0000-0000-0000-000000000000}."
"13-08-2026 13:53:35","105","Information","Microsoft-Windows-Diagnosis-DPS","Diagnostic module {45de1ea9-10bc-4f96-9b21-4b6b83dbf476} (%windir%\system32\radardt.dll) started troubleshooting scenario {180b3a99-8c39-4f12-b631-2031998efe45}, instance {a71da8e3-a202-4899-b824-4f0407a0e283}, original activity ID {00000000-0000-0000-0000-000000000000}."
"13-08-2026 13:53:35","100","Information","Microsoft-Windows-Diagnosis-DPS","Diagnostic module {45de1ea9-10bc-4f96-9b21-4b6b83dbf476} (%windir%\system32\radardt.dll) detected a problem for scenario {180b3a99-8c39-4f12-b631-2031998efe45}, instance {a71da8e3-a202-4899-b824-4f0407a0e283}, original activity ID {00000000-0000-0000-0000-000000000000}."
"13-08-2026 13:48:35","105","Information","Microsoft-Windows-Diagnosis-DPS","Diagnostic module {45de1ea9-10bc-4f96-9b21-4b6b83dbf476} (%windir%\system32\radardt.dll) started troubleshooting scenario {180b3a99-8c39-4f12-b631-2031998efe45}, instance {2eeb2061-9243-4468-85a1-70e613ebd033}, original activity ID {00000000-0000-0000-0000-000000000000}."
"13-08-2026 13:48:35","100","Information","Microsoft-Windows-Diagnosis-DPS","Diagnostic module {45de1ea9-10bc-4f96-9b21-4b6b83dbf476} (%windir%\system32\radardt.dll) detected a problem for scenario {180b3a99-8c39-4f12-b631-2031998efe45}, instance {2eeb2061-9243-4468-85a1-70e613ebd033}, original activity ID {00000000-0000-0000-0000-000000000000}."
"13-08-2026 13:43:35","105","Information","Microsoft-Windows-Diagnosis-DPS","Diagnostic module {45de1ea9-10bc-4f96-9b21-4b6b83dbf476} (%windir%\system32\radardt.dll) started troubleshooting scenario {180b3a99-8c39-4f12-b631-2031998efe45}, instance {6e3dfd20-25f6-49a6-8216-09cfab3423fd}, original activity ID {00000000-0000-0000-0000-000000000000}."
"13-08-2026 13:43:35","100","Information","Microsoft-Windows-Diagnosis-DPS","Diagnostic module {45de1ea9-10bc-4f96-9b21-4b6b83dbf476} (%windir%\system32\radardt.dll) detected a problem for scenario {180b3a99-8c39-4f12-b631-2031998efe45}, instance {6e3dfd20-25f6-49a6-8216-09cfab3423fd}, original activity ID {00000000-0000-0000-0000-000000000000}."
"13-08-2026 13:38:35","105","Information","Microsoft-Windows-Diagnosis-DPS","Diagnostic module {45de1ea9-10bc-4f96-9b21-4b6b83dbf476} (%windir%\system32\radardt.dll) started troubleshooting scenario {180b3a99-8c39-4f12-b631-2031998efe45}, instance {0892620b-5d67-45dc-9f05-73a5d414300a}, original activity ID {00000000-0000-0000-0000-000000000000}."
