"31-07-2026 04:44:38","15513","Information","Microsoft-Windows-Wired-AutoConfig","A network adapter was removed from the system.

	Network Adapter: Check Point Virtual Network Adapter For Endpoint VPN Client
	Interface GUID: "
"30-07-2026 18:40:49","15513","Information","Microsoft-Windows-Wired-AutoConfig","A network adapter was removed from the system.

	Network Adapter: Realtek USB GbE Family Controller
	Interface GUID: "
"30-07-2026 18:40:34","15510","Information","Microsoft-Windows-Wired-AutoConfig","A network adapter was added to the system.

	Network Adapter: Realtek USB GbE Family Controller
	Interface GUID: \DEVICE\{9DD2647C-6C78-4A23-B861-C580FDEC2864}"
"30-07-2026 18:40:34","15508","Information","Microsoft-Windows-Wired-AutoConfig","There has been an NDIS Port state change on this network adapter.

	Network Adapter: Realtek USB GbE Family Controller
	Interface GUID: {9dd2647c-6c78-4a23-b861-c580fdec2864}
	NDIS Control State: UnControlled
	NDIS Auth State: UnAuthorized"
"30-07-2026 18:40:34","15502","Information","Microsoft-Windows-Wired-AutoConfig","The profile was applied on the network adapter.

	Network Adapter: Realtek USB GbE Family Controller
	Interface GUID: {9dd2647c-6c78-4a23-b861-c580fdec2864}
	Profile Type: 2
	Profile Content: 
	AutoConfig Version: 1
	802.1x: Enabled
	802.1x: Not Enforced
	EAP type: Microsoft: Smart Card or other certificate (EAP-TLS)
	802.1X auth credential: Machine credential
	Cache user information: Yes"
"30-07-2026 18:40:26","15513","Information","Microsoft-Windows-Wired-AutoConfig","A network adapter was removed from the system.

	Network Adapter: Realtek USB GbE Family Controller
	Interface GUID: "
"30-07-2026 18:37:11","15510","Information","Microsoft-Windows-Wired-AutoConfig","A network adapter was added to the system.

	Network Adapter: Realtek USB GbE Family Controller
	Interface GUID: \DEVICE\{9DD2647C-6C78-4A23-B861-C580FDEC2864}"
"30-07-2026 18:37:11","15508","Information","Microsoft-Windows-Wired-AutoConfig","There has been an NDIS Port state change on this network adapter.

	Network Adapter: Realtek USB GbE Family Controller
	Interface GUID: {9dd2647c-6c78-4a23-b861-c580fdec2864}
	NDIS Control State: UnControlled
	NDIS Auth State: UnAuthorized"
"30-07-2026 18:37:11","15502","Information","Microsoft-Windows-Wired-AutoConfig","The profile was applied on the network adapter.

	Network Adapter: Realtek USB GbE Family Controller
	Interface GUID: {9dd2647c-6c78-4a23-b861-c580fdec2864}
	Profile Type: 2
	Profile Content: 
	AutoConfig Version: 1
	802.1x: Enabled
	802.1x: Not Enforced
	EAP type: Microsoft: Smart Card or other certificate (EAP-TLS)
	802.1X auth credential: Machine credential
	Cache user information: Yes"
"30-07-2026 17:33:39","15513","Information","Microsoft-Windows-Wired-AutoConfig","A network adapter was removed from the system.

	Network Adapter: Realtek USB GbE Family Controller
	Interface GUID: "
"30-07-2026 16:21:43","15510","Information","Microsoft-Windows-Wired-AutoConfig","A network adapter was added to the system.

	Network Adapter: Realtek USB GbE Family Controller
	Interface GUID: \DEVICE\{9DD2647C-6C78-4A23-B861-C580FDEC2864}"
"30-07-2026 16:21:43","15508","Information","Microsoft-Windows-Wired-AutoConfig","There has been an NDIS Port state change on this network adapter.

	Network Adapter: Realtek USB GbE Family Controller
	Interface GUID: {9dd2647c-6c78-4a23-b861-c580fdec2864}
	NDIS Control State: UnControlled
	NDIS Auth State: UnAuthorized"
"30-07-2026 16:21:43","15502","Information","Microsoft-Windows-Wired-AutoConfig","The profile was applied on the network adapter.

	Network Adapter: Realtek USB GbE Family Controller
	Interface GUID: {9dd2647c-6c78-4a23-b861-c580fdec2864}
	Profile Type: 2
	Profile Content: 
	AutoConfig Version: 1
	802.1x: Enabled
	802.1x: Not Enforced
	EAP type: Microsoft: Smart Card or other certificate (EAP-TLS)
	802.1X auth credential: Machine credential
	Cache user information: Yes"
"30-07-2026 14:52:08","15513","Information","Microsoft-Windows-Wired-AutoConfig","A network adapter was removed from the system.

	Network Adapter: Realtek USB GbE Family Controller
	Interface GUID: "
"30-07-2026 13:02:18","15510","Information","Microsoft-Windows-Wired-AutoConfig","A network adapter was added to the system.

	Network Adapter: Realtek USB GbE Family Controller
	Interface GUID: \DEVICE\{9DD2647C-6C78-4A23-B861-C580FDEC2864}"
"30-07-2026 13:02:18","15508","Information","Microsoft-Windows-Wired-AutoConfig","There has been an NDIS Port state change on this network adapter.

	Network Adapter: Realtek USB GbE Family Controller
	Interface GUID: {9dd2647c-6c78-4a23-b861-c580fdec2864}
	NDIS Control State: UnControlled
	NDIS Auth State: UnAuthorized"
"30-07-2026 13:02:17","15502","Information","Microsoft-Windows-Wired-AutoConfig","The profile was applied on the network adapter.

	Network Adapter: Realtek USB GbE Family Controller
	Interface GUID: {9dd2647c-6c78-4a23-b861-c580fdec2864}
	Profile Type: 2
	Profile Content: 
	AutoConfig Version: 1
	802.1x: Enabled
	802.1x: Not Enforced
	EAP type: Microsoft: Smart Card or other certificate (EAP-TLS)
	802.1X auth credential: Machine credential
	Cache user information: Yes"
"30-07-2026 13:00:07","15513","Information","Microsoft-Windows-Wired-AutoConfig","A network adapter was removed from the system.

	Network Adapter: Realtek USB GbE Family Controller
	Interface GUID: "
"30-07-2026 12:47:08","15510","Information","Microsoft-Windows-Wired-AutoConfig","A network adapter was added to the system.

	Network Adapter: Realtek USB GbE Family Controller
	Interface GUID: \DEVICE\{9DD2647C-6C78-4A23-B861-C580FDEC2864}"
"30-07-2026 12:47:08","15508","Information","Microsoft-Windows-Wired-AutoConfig","There has been an NDIS Port state change on this network adapter.

	Network Adapter: Realtek USB GbE Family Controller
	Interface GUID: {9dd2647c-6c78-4a23-b861-c580fdec2864}
	NDIS Control State: UnControlled
	NDIS Auth State: UnAuthorized"
"30-07-2026 12:47:08","15502","Information","Microsoft-Windows-Wired-AutoConfig","The profile was applied on the network adapter.

	Network Adapter: Realtek USB GbE Family Controller
	Interface GUID: {9dd2647c-6c78-4a23-b861-c580fdec2864}
	Profile Type: 2
	Profile Content: 
	AutoConfig Version: 1
	802.1x: Enabled
	802.1x: Not Enforced
	EAP type: Microsoft: Smart Card or other certificate (EAP-TLS)
	802.1X auth credential: Machine credential
	Cache user information: Yes"
"30-07-2026 11:29:25","15513","Information","Microsoft-Windows-Wired-AutoConfig","A network adapter was removed from the system.

	Network Adapter: Realtek USB GbE Family Controller
	Interface GUID: "
"30-07-2026 09:34:17","15510","Information","Microsoft-Windows-Wired-AutoConfig","A network adapter was added to the system.

	Network Adapter: Realtek USB GbE Family Controller
	Interface GUID: \DEVICE\{9DD2647C-6C78-4A23-B861-C580FDEC2864}"
"30-07-2026 09:34:17","15508","Information","Microsoft-Windows-Wired-AutoConfig","There has been an NDIS Port state change on this network adapter.

	Network Adapter: Realtek USB GbE Family Controller
	Interface GUID: {9dd2647c-6c78-4a23-b861-c580fdec2864}
	NDIS Control State: UnControlled
	NDIS Auth State: UnAuthorized"
"30-07-2026 09:34:17","15502","Information","Microsoft-Windows-Wired-AutoConfig","The profile was applied on the network adapter.

	Network Adapter: Realtek USB GbE Family Controller
	Interface GUID: {9dd2647c-6c78-4a23-b861-c580fdec2864}
	Profile Type: 2
	Profile Content: 
	AutoConfig Version: 1
	802.1x: Enabled
	802.1x: Not Enforced
	EAP type: Microsoft: Smart Card or other certificate (EAP-TLS)
	802.1X auth credential: Machine credential
	Cache user information: Yes"
"30-07-2026 09:33:59","15510","Information","Microsoft-Windows-Wired-AutoConfig","A network adapter was added to the system.

	Network Adapter: Check Point Virtual Network Adapter For Endpoint VPN Client
	Interface GUID: \DEVICE\{26CB5C5D-910C-487E-BBEE-B743191F35B5}"
"30-07-2026 09:33:59","15508","Information","Microsoft-Windows-Wired-AutoConfig","There has been an NDIS Port state change on this network adapter.

	Network Adapter: Check Point Virtual Network Adapter For Endpoint VPN Client
	Interface GUID: {26cb5c5d-910c-487e-bbee-b743191f35b5}
	NDIS Control State: UnControlled
	NDIS Auth State: UnAuthorized"
"30-07-2026 09:33:59","15502","Information","Microsoft-Windows-Wired-AutoConfig","The profile was applied on the network adapter.

	Network Adapter: Check Point Virtual Network Adapter For Endpoint VPN Client
	Interface GUID: {26cb5c5d-910c-487e-bbee-b743191f35b5}
	Profile Type: 2
	Profile Content: 
	AutoConfig Version: 1
	802.1x: Enabled
	802.1x: Not Enforced
	EAP type: Microsoft: Smart Card or other certificate (EAP-TLS)
	802.1X auth credential: Machine credential
	Cache user information: Yes"
"30-07-2026 09:33:58","15500","Information","Microsoft-Windows-Wired-AutoConfig","The network adapter has been unplugged.

	Network Adapter: Intel(R) Ethernet Connection (24) I219-LM
	Interface GUID: {6a4487bf-5a41-42e8-893a-9749e37014c0}"
"30-07-2026 06:32:29","15513","Information","Microsoft-Windows-Wired-AutoConfig","A network adapter was removed from the system.

	Network Adapter: Check Point Virtual Network Adapter For Endpoint VPN Client
	Interface GUID: "
"29-07-2026 19:21:17","15513","Information","Microsoft-Windows-Wired-AutoConfig","A network adapter was removed from the system.

	Network Adapter: Realtek USB GbE Family Controller
	Interface GUID: "
"29-07-2026 15:20:58","15510","Information","Microsoft-Windows-Wired-AutoConfig","A network adapter was added to the system.

	Network Adapter: Realtek USB GbE Family Controller
	Interface GUID: \DEVICE\{9DD2647C-6C78-4A23-B861-C580FDEC2864}"
"29-07-2026 15:20:58","15508","Information","Microsoft-Windows-Wired-AutoConfig","There has been an NDIS Port state change on this network adapter.

	Network Adapter: Realtek USB GbE Family Controller
	Interface GUID: {9dd2647c-6c78-4a23-b861-c580fdec2864}
	NDIS Control State: UnControlled
	NDIS Auth State: UnAuthorized"
"29-07-2026 15:20:58","15502","Information","Microsoft-Windows-Wired-AutoConfig","The profile was applied on the network adapter.

	Network Adapter: Realtek USB GbE Family Controller
	Interface GUID: {9dd2647c-6c78-4a23-b861-c580fdec2864}
	Profile Type: 2
	Profile Content: 
	AutoConfig Version: 1
	802.1x: Enabled
	802.1x: Not Enforced
	EAP type: Microsoft: Smart Card or other certificate (EAP-TLS)
	802.1X auth credential: Machine credential
	Cache user information: Yes"
"29-07-2026 15:01:42","15513","Information","Microsoft-Windows-Wired-AutoConfig","A network adapter was removed from the system.

	Network Adapter: Realtek USB GbE Family Controller
	Interface GUID: "
"29-07-2026 09:25:06","15510","Information","Microsoft-Windows-Wired-AutoConfig","A network adapter was added to the system.

	Network Adapter: Realtek USB GbE Family Controller
	Interface GUID: \DEVICE\{9DD2647C-6C78-4A23-B861-C580FDEC2864}"
"29-07-2026 09:25:06","15508","Information","Microsoft-Windows-Wired-AutoConfig","There has been an NDIS Port state change on this network adapter.

	Network Adapter: Realtek USB GbE Family Controller
	Interface GUID: {9dd2647c-6c78-4a23-b861-c580fdec2864}
	NDIS Control State: UnControlled
	NDIS Auth State: UnAuthorized"
"29-07-2026 09:25:06","15502","Information","Microsoft-Windows-Wired-AutoConfig","The profile was applied on the network adapter.

	Network Adapter: Realtek USB GbE Family Controller
	Interface GUID: {9dd2647c-6c78-4a23-b861-c580fdec2864}
	Profile Type: 2
	Profile Content: 
	AutoConfig Version: 1
	802.1x: Enabled
	802.1x: Not Enforced
	EAP type: Microsoft: Smart Card or other certificate (EAP-TLS)
	802.1X auth credential: Machine credential
	Cache user information: Yes"
"29-07-2026 09:24:46","15510","Information","Microsoft-Windows-Wired-AutoConfig","A network adapter was added to the system.

	Network Adapter: Check Point Virtual Network Adapter For Endpoint VPN Client
	Interface GUID: \DEVICE\{26CB5C5D-910C-487E-BBEE-B743191F35B5}"
"29-07-2026 09:24:46","15508","Information","Microsoft-Windows-Wired-AutoConfig","There has been an NDIS Port state change on this network adapter.

	Network Adapter: Check Point Virtual Network Adapter For Endpoint VPN Client
	Interface GUID: {26cb5c5d-910c-487e-bbee-b743191f35b5}
	NDIS Control State: UnControlled
	NDIS Auth State: UnAuthorized"
"29-07-2026 09:24:46","15502","Information","Microsoft-Windows-Wired-AutoConfig","The profile was applied on the network adapter.

	Network Adapter: Check Point Virtual Network Adapter For Endpoint VPN Client
	Interface GUID: {26cb5c5d-910c-487e-bbee-b743191f35b5}
	Profile Type: 2
	Profile Content: 
	AutoConfig Version: 1
	802.1x: Enabled
	802.1x: Not Enforced
	EAP type: Microsoft: Smart Card or other certificate (EAP-TLS)
	802.1X auth credential: Machine credential
	Cache user information: Yes"
"29-07-2026 09:24:44","15500","Information","Microsoft-Windows-Wired-AutoConfig","The network adapter has been unplugged.

	Network Adapter: Intel(R) Ethernet Connection (24) I219-LM
	Interface GUID: {6a4487bf-5a41-42e8-893a-9749e37014c0}"
"29-07-2026 06:01:33","15513","Information","Microsoft-Windows-Wired-AutoConfig","A network adapter was removed from the system.

	Network Adapter: Check Point Virtual Network Adapter For Endpoint VPN Client
	Interface GUID: "
"28-07-2026 19:09:24","15513","Information","Microsoft-Windows-Wired-AutoConfig","A network adapter was removed from the system.

	Network Adapter: Realtek USB GbE Family Controller
	Interface GUID: "
"28-07-2026 09:22:45","15510","Information","Microsoft-Windows-Wired-AutoConfig","A network adapter was added to the system.

	Network Adapter: Realtek USB GbE Family Controller
	Interface GUID: \DEVICE\{9DD2647C-6C78-4A23-B861-C580FDEC2864}"
"28-07-2026 09:22:45","15508","Information","Microsoft-Windows-Wired-AutoConfig","There has been an NDIS Port state change on this network adapter.

	Network Adapter: Realtek USB GbE Family Controller
	Interface GUID: {9dd2647c-6c78-4a23-b861-c580fdec2864}
	NDIS Control State: UnControlled
	NDIS Auth State: UnAuthorized"
"28-07-2026 09:22:45","15502","Information","Microsoft-Windows-Wired-AutoConfig","The profile was applied on the network adapter.

	Network Adapter: Realtek USB GbE Family Controller
	Interface GUID: {9dd2647c-6c78-4a23-b861-c580fdec2864}
	Profile Type: 2
	Profile Content: 
	AutoConfig Version: 1
	802.1x: Enabled
	802.1x: Not Enforced
	EAP type: Microsoft: Smart Card or other certificate (EAP-TLS)
	802.1X auth credential: Machine credential
	Cache user information: Yes"
"28-07-2026 09:22:32","15510","Information","Microsoft-Windows-Wired-AutoConfig","A network adapter was added to the system.

	Network Adapter: Check Point Virtual Network Adapter For Endpoint VPN Client
	Interface GUID: \DEVICE\{26CB5C5D-910C-487E-BBEE-B743191F35B5}"
"28-07-2026 09:22:32","15508","Information","Microsoft-Windows-Wired-AutoConfig","There has been an NDIS Port state change on this network adapter.

	Network Adapter: Check Point Virtual Network Adapter For Endpoint VPN Client
	Interface GUID: {26cb5c5d-910c-487e-bbee-b743191f35b5}
	NDIS Control State: UnControlled
	NDIS Auth State: UnAuthorized"
"28-07-2026 09:22:31","15502","Information","Microsoft-Windows-Wired-AutoConfig","The profile was applied on the network adapter.

	Network Adapter: Check Point Virtual Network Adapter For Endpoint VPN Client
	Interface GUID: {26cb5c5d-910c-487e-bbee-b743191f35b5}
	Profile Type: 2
	Profile Content: 
	AutoConfig Version: 1
	802.1x: Enabled
	802.1x: Not Enforced
	EAP type: Microsoft: Smart Card or other certificate (EAP-TLS)
	802.1X auth credential: Machine credential
	Cache user information: Yes"
"28-07-2026 09:22:31","15500","Information","Microsoft-Windows-Wired-AutoConfig","The network adapter has been unplugged.

	Network Adapter: Intel(R) Ethernet Connection (24) I219-LM
	Interface GUID: {6a4487bf-5a41-42e8-893a-9749e37014c0}"
"28-07-2026 04:09:52","15513","Information","Microsoft-Windows-Wired-AutoConfig","A network adapter was removed from the system.

	Network Adapter: Check Point Virtual Network Adapter For Endpoint VPN Client
	Interface GUID: "
"27-07-2026 11:49:18","15508","Information","Microsoft-Windows-Wired-AutoConfig","There has been an NDIS Port state change on this network adapter.

	Network Adapter: Check Point Virtual Network Adapter For Endpoint VPN Client
	Interface GUID: {26cb5c5d-910c-487e-bbee-b743191f35b5}
	NDIS Control State: UnControlled
	NDIS Auth State: UnAuthorized"
"27-07-2026 11:49:18","15502","Information","Microsoft-Windows-Wired-AutoConfig","The profile was applied on the network adapter.

	Network Adapter: Check Point Virtual Network Adapter For Endpoint VPN Client
	Interface GUID: {26cb5c5d-910c-487e-bbee-b743191f35b5}
	Profile Type: 2
	Profile Content: 
	AutoConfig Version: 1
	802.1x: Enabled
	802.1x: Not Enforced
	EAP type: Microsoft: Smart Card or other certificate (EAP-TLS)
	802.1X auth credential: Machine credential
	Cache user information: Yes"
"27-07-2026 11:49:18","15508","Information","Microsoft-Windows-Wired-AutoConfig","There has been an NDIS Port state change on this network adapter.

	Network Adapter: Intel(R) Ethernet Connection (24) I219-LM
	Interface GUID: {6a4487bf-5a41-42e8-893a-9749e37014c0}
	NDIS Control State: UnControlled
	NDIS Auth State: UnAuthorized"
"27-07-2026 11:49:18","15502","Information","Microsoft-Windows-Wired-AutoConfig","The profile was applied on the network adapter.

	Network Adapter: Intel(R) Ethernet Connection (24) I219-LM
	Interface GUID: {6a4487bf-5a41-42e8-893a-9749e37014c0}
	Profile Type: 2
	Profile Content: 
	AutoConfig Version: 1
	802.1x: Enabled
	802.1x: Not Enforced
	EAP type: Microsoft: Smart Card or other certificate (EAP-TLS)
	802.1X auth credential: Machine credential
	Cache user information: Yes"
"27-07-2026 11:49:17","15511","Information","Microsoft-Windows-Wired-AutoConfig","The Wired AutoConfig service entered the running state."
"27-07-2026 11:49:17","15515","Information","Microsoft-Windows-Wired-AutoConfig","The Wired AutoConfig service is starting."
"27-07-2026 11:48:44","15512","Information","Microsoft-Windows-Wired-AutoConfig","The Wired AutoConfig service entered the stopped state."
"27-07-2026 11:48:44","15516","Information","Microsoft-Windows-Wired-AutoConfig","The Wired AutoConfig service is stopping."
"27-07-2026 10:42:32","15513","Information","Microsoft-Windows-Wired-AutoConfig","A network adapter was removed from the system.

	Network Adapter: Realtek USB GbE Family Controller
	Interface GUID: "
"27-07-2026 09:37:10","15508","Information","Microsoft-Windows-Wired-AutoConfig","There has been an NDIS Port state change on this network adapter.

	Network Adapter: Intel(R) Ethernet Connection (24) I219-LM
	Interface GUID: {6a4487bf-5a41-42e8-893a-9749e37014c0}
	NDIS Control State: UnControlled
	NDIS Auth State: UnAuthorized"
"27-07-2026 09:37:10","15502","Information","Microsoft-Windows-Wired-AutoConfig","The profile was applied on the network adapter.

	Network Adapter: Intel(R) Ethernet Connection (24) I219-LM
	Interface GUID: {6a4487bf-5a41-42e8-893a-9749e37014c0}
	Profile Type: 2
	Profile Content: 
	AutoConfig Version: 1
	802.1x: Enabled
	802.1x: Not Enforced
	EAP type: Microsoft: Smart Card or other certificate (EAP-TLS)
	802.1X auth credential: Machine credential
	Cache user information: Yes"
"27-07-2026 09:37:10","15508","Information","Microsoft-Windows-Wired-AutoConfig","There has been an NDIS Port state change on this network adapter.

	Network Adapter: Check Point Virtual Network Adapter For Endpoint VPN Client
	Interface GUID: {26cb5c5d-910c-487e-bbee-b743191f35b5}
	NDIS Control State: UnControlled
	NDIS Auth State: UnAuthorized"
"27-07-2026 09:37:10","15502","Information","Microsoft-Windows-Wired-AutoConfig","The profile was applied on the network adapter.

	Network Adapter: Check Point Virtual Network Adapter For Endpoint VPN Client
	Interface GUID: {26cb5c5d-910c-487e-bbee-b743191f35b5}
	Profile Type: 2
	Profile Content: 
	AutoConfig Version: 1
	802.1x: Enabled
	802.1x: Not Enforced
	EAP type: Microsoft: Smart Card or other certificate (EAP-TLS)
	802.1X auth credential: Machine credential
	Cache user information: Yes"
"27-07-2026 09:37:10","15508","Information","Microsoft-Windows-Wired-AutoConfig","There has been an NDIS Port state change on this network adapter.

	Network Adapter: Realtek USB GbE Family Controller
	Interface GUID: {9dd2647c-6c78-4a23-b861-c580fdec2864}
	NDIS Control State: UnControlled
	NDIS Auth State: UnAuthorized"
"27-07-2026 09:37:10","15502","Information","Microsoft-Windows-Wired-AutoConfig","The profile was applied on the network adapter.

	Network Adapter: Realtek USB GbE Family Controller
	Interface GUID: {9dd2647c-6c78-4a23-b861-c580fdec2864}
	Profile Type: 2
	Profile Content: 
	AutoConfig Version: 1
	802.1x: Enabled
	802.1x: Not Enforced
	EAP type: Microsoft: Smart Card or other certificate (EAP-TLS)
	802.1X auth credential: Machine credential
	Cache user information: Yes"
"27-07-2026 09:37:10","15511","Information","Microsoft-Windows-Wired-AutoConfig","The Wired AutoConfig service entered the running state."
"27-07-2026 09:37:10","15515","Information","Microsoft-Windows-Wired-AutoConfig","The Wired AutoConfig service is starting."
"27-07-2026 09:36:34","15512","Information","Microsoft-Windows-Wired-AutoConfig","The Wired AutoConfig service entered the stopped state."
"27-07-2026 09:36:34","15516","Information","Microsoft-Windows-Wired-AutoConfig","The Wired AutoConfig service is stopping."
"27-07-2026 09:34:39","15508","Information","Microsoft-Windows-Wired-AutoConfig","There has been an NDIS Port state change on this network adapter.

	Network Adapter: Check Point Virtual Network Adapter For Endpoint VPN Client
	Interface GUID: {26cb5c5d-910c-487e-bbee-b743191f35b5}
	NDIS Control State: UnControlled
	NDIS Auth State: UnAuthorized"
"27-07-2026 09:34:39","15502","Information","Microsoft-Windows-Wired-AutoConfig","The profile was applied on the network adapter.

	Network Adapter: Check Point Virtual Network Adapter For Endpoint VPN Client
	Interface GUID: {26cb5c5d-910c-487e-bbee-b743191f35b5}
	Profile Type: 2
	Profile Content: 
	AutoConfig Version: 1
	802.1x: Enabled
	802.1x: Not Enforced
	EAP type: Microsoft: Smart Card or other certificate (EAP-TLS)
	802.1X auth credential: Machine credential
	Cache user information: Yes"
"27-07-2026 09:34:39","15508","Information","Microsoft-Windows-Wired-AutoConfig","There has been an NDIS Port state change on this network adapter.

	Network Adapter: Realtek USB GbE Family Controller
	Interface GUID: {9dd2647c-6c78-4a23-b861-c580fdec2864}
	NDIS Control State: UnControlled
	NDIS Auth State: UnAuthorized"
"27-07-2026 09:34:39","15502","Information","Microsoft-Windows-Wired-AutoConfig","The profile was applied on the network adapter.

	Network Adapter: Realtek USB GbE Family Controller
	Interface GUID: {9dd2647c-6c78-4a23-b861-c580fdec2864}
	Profile Type: 2
	Profile Content: 
	AutoConfig Version: 1
	802.1x: Enabled
	802.1x: Not Enforced
	EAP type: Microsoft: Smart Card or other certificate (EAP-TLS)
	802.1X auth credential: Machine credential
	Cache user information: Yes"
"27-07-2026 09:34:39","15510","Information","Microsoft-Windows-Wired-AutoConfig","A network adapter was added to the system.

	Network Adapter: Intel(R) Ethernet Connection (24) I219-LM
	Interface GUID: \DEVICE\{6A4487BF-5A41-42E8-893A-9749E37014C0}"
"27-07-2026 09:34:39","15508","Information","Microsoft-Windows-Wired-AutoConfig","There has been an NDIS Port state change on this network adapter.

	Network Adapter: Intel(R) Ethernet Connection (24) I219-LM
	Interface GUID: {6a4487bf-5a41-42e8-893a-9749e37014c0}
	NDIS Control State: UnControlled
	NDIS Auth State: UnAuthorized"
"27-07-2026 09:34:38","15502","Information","Microsoft-Windows-Wired-AutoConfig","The profile was applied on the network adapter.

	Network Adapter: Intel(R) Ethernet Connection (24) I219-LM
	Interface GUID: {6a4487bf-5a41-42e8-893a-9749e37014c0}
	Profile Type: 2
	Profile Content: 
	AutoConfig Version: 1
	802.1x: Enabled
	802.1x: Not Enforced
	EAP type: Microsoft: Smart Card or other certificate (EAP-TLS)
	802.1X auth credential: Machine credential
	Cache user information: Yes"
"27-07-2026 09:34:37","15511","Information","Microsoft-Windows-Wired-AutoConfig","The Wired AutoConfig service entered the running state."
"27-07-2026 09:34:37","15515","Information","Microsoft-Windows-Wired-AutoConfig","The Wired AutoConfig service is starting."
"27-07-2026 09:33:46","15512","Information","Microsoft-Windows-Wired-AutoConfig","The Wired AutoConfig service entered the stopped state."
"27-07-2026 09:33:46","15516","Information","Microsoft-Windows-Wired-AutoConfig","The Wired AutoConfig service is stopping."
"27-07-2026 09:14:36","15510","Information","Microsoft-Windows-Wired-AutoConfig","A network adapter was added to the system.

	Network Adapter: Realtek USB GbE Family Controller
	Interface GUID: \DEVICE\{9DD2647C-6C78-4A23-B861-C580FDEC2864}"
"27-07-2026 09:14:36","15508","Information","Microsoft-Windows-Wired-AutoConfig","There has been an NDIS Port state change on this network adapter.

	Network Adapter: Realtek USB GbE Family Controller
	Interface GUID: {9dd2647c-6c78-4a23-b861-c580fdec2864}
	NDIS Control State: UnControlled
	NDIS Auth State: UnAuthorized"
"27-07-2026 09:14:36","15502","Information","Microsoft-Windows-Wired-AutoConfig","The profile was applied on the network adapter.

	Network Adapter: Realtek USB GbE Family Controller
	Interface GUID: {9dd2647c-6c78-4a23-b861-c580fdec2864}
	Profile Type: 2
	Profile Content: 
	AutoConfig Version: 1
	802.1x: Enabled
	802.1x: Not Enforced
	EAP type: Microsoft: Smart Card or other certificate (EAP-TLS)
	802.1X auth credential: Machine credential
	Cache user information: Yes"
"27-07-2026 09:14:33","15510","Information","Microsoft-Windows-Wired-AutoConfig","A network adapter was added to the system.

	Network Adapter: Check Point Virtual Network Adapter For Endpoint VPN Client
	Interface GUID: \DEVICE\{26CB5C5D-910C-487E-BBEE-B743191F35B5}"
"27-07-2026 09:14:33","15508","Information","Microsoft-Windows-Wired-AutoConfig","There has been an NDIS Port state change on this network adapter.

	Network Adapter: Check Point Virtual Network Adapter For Endpoint VPN Client
	Interface GUID: {26cb5c5d-910c-487e-bbee-b743191f35b5}
	NDIS Control State: UnControlled
	NDIS Auth State: UnAuthorized"
"27-07-2026 09:14:32","15502","Information","Microsoft-Windows-Wired-AutoConfig","The profile was applied on the network adapter.

	Network Adapter: Check Point Virtual Network Adapter For Endpoint VPN Client
	Interface GUID: {26cb5c5d-910c-487e-bbee-b743191f35b5}
	Profile Type: 2
	Profile Content: 
	AutoConfig Version: 1
	802.1x: Enabled
	802.1x: Not Enforced
	EAP type: Microsoft: Smart Card or other certificate (EAP-TLS)
	802.1X auth credential: Machine credential
	Cache user information: Yes"
"24-07-2026 23:56:27","15513","Information","Microsoft-Windows-Wired-AutoConfig","A network adapter was removed from the system.

	Network Adapter: Check Point Virtual Network Adapter For Endpoint VPN Client
	Interface GUID: "
"24-07-2026 18:30:26","15513","Information","Microsoft-Windows-Wired-AutoConfig","A network adapter was removed from the system.

	Network Adapter: Realtek USB GbE Family Controller
	Interface GUID: "
"24-07-2026 18:24:35","15513","Information","Microsoft-Windows-Wired-AutoConfig","A network adapter was removed from the system.

	Network Adapter: Intel(R) Ethernet Connection (24) I219-LM
	Interface GUID: "
"24-07-2026 09:30:01","15510","Information","Microsoft-Windows-Wired-AutoConfig","A network adapter was added to the system.

	Network Adapter: Realtek USB GbE Family Controller
	Interface GUID: \DEVICE\{9DD2647C-6C78-4A23-B861-C580FDEC2864}"
"24-07-2026 09:30:01","15508","Information","Microsoft-Windows-Wired-AutoConfig","There has been an NDIS Port state change on this network adapter.

	Network Adapter: Realtek USB GbE Family Controller
	Interface GUID: {9dd2647c-6c78-4a23-b861-c580fdec2864}
	NDIS Control State: UnControlled
	NDIS Auth State: UnAuthorized"
"24-07-2026 09:30:01","15502","Information","Microsoft-Windows-Wired-AutoConfig","The profile was applied on the network adapter.

	Network Adapter: Realtek USB GbE Family Controller
	Interface GUID: {9dd2647c-6c78-4a23-b861-c580fdec2864}
	Profile Type: 2
	Profile Content: 
	AutoConfig Version: 1
	802.1x: Enabled
	802.1x: Not Enforced
	EAP type: Microsoft: Smart Card or other certificate (EAP-TLS)
	802.1X auth credential: Machine credential
	Cache user information: Yes"
"24-07-2026 09:29:44","15510","Information","Microsoft-Windows-Wired-AutoConfig","A network adapter was added to the system.

	Network Adapter: Check Point Virtual Network Adapter For Endpoint VPN Client
	Interface GUID: \DEVICE\{26CB5C5D-910C-487E-BBEE-B743191F35B5}"
"24-07-2026 09:29:44","15508","Information","Microsoft-Windows-Wired-AutoConfig","There has been an NDIS Port state change on this network adapter.

	Network Adapter: Check Point Virtual Network Adapter For Endpoint VPN Client
	Interface GUID: {26cb5c5d-910c-487e-bbee-b743191f35b5}
	NDIS Control State: UnControlled
	NDIS Auth State: UnAuthorized"
"24-07-2026 09:29:43","15502","Information","Microsoft-Windows-Wired-AutoConfig","The profile was applied on the network adapter.

	Network Adapter: Check Point Virtual Network Adapter For Endpoint VPN Client
	Interface GUID: {26cb5c5d-910c-487e-bbee-b743191f35b5}
	Profile Type: 2
	Profile Content: 
	AutoConfig Version: 1
	802.1x: Enabled
	802.1x: Not Enforced
	EAP type: Microsoft: Smart Card or other certificate (EAP-TLS)
	802.1X auth credential: Machine credential
	Cache user information: Yes"
"24-07-2026 09:29:43","15500","Information","Microsoft-Windows-Wired-AutoConfig","The network adapter has been unplugged.

	Network Adapter: Intel(R) Ethernet Connection (24) I219-LM
	Interface GUID: {6a4487bf-5a41-42e8-893a-9749e37014c0}"
"24-07-2026 03:22:30","15513","Information","Microsoft-Windows-Wired-AutoConfig","A network adapter was removed from the system.

	Network Adapter: Check Point Virtual Network Adapter For Endpoint VPN Client
	Interface GUID: "
"23-07-2026 10:24:16","15513","Information","Microsoft-Windows-Wired-AutoConfig","A network adapter was removed from the system.

	Network Adapter: Realtek USB GbE Family Controller
	Interface GUID: "
"23-07-2026 09:36:33","15510","Information","Microsoft-Windows-Wired-AutoConfig","A network adapter was added to the system.

	Network Adapter: Realtek USB GbE Family Controller
	Interface GUID: \DEVICE\{9DD2647C-6C78-4A23-B861-C580FDEC2864}"
"23-07-2026 09:36:33","15508","Information","Microsoft-Windows-Wired-AutoConfig","There has been an NDIS Port state change on this network adapter.

	Network Adapter: Realtek USB GbE Family Controller
	Interface GUID: {9dd2647c-6c78-4a23-b861-c580fdec2864}
	NDIS Control State: UnControlled
	NDIS Auth State: UnAuthorized"
"23-07-2026 09:36:33","15502","Information","Microsoft-Windows-Wired-AutoConfig","The profile was applied on the network adapter.

	Network Adapter: Realtek USB GbE Family Controller
	Interface GUID: {9dd2647c-6c78-4a23-b861-c580fdec2864}
	Profile Type: 2
	Profile Content: 
	AutoConfig Version: 1
	802.1x: Enabled
	802.1x: Not Enforced
	EAP type: Microsoft: Smart Card or other certificate (EAP-TLS)
	802.1X auth credential: Machine credential
	Cache user information: Yes"
"23-07-2026 09:36:23","15510","Information","Microsoft-Windows-Wired-AutoConfig","A network adapter was added to the system.

	Network Adapter: Check Point Virtual Network Adapter For Endpoint VPN Client
	Interface GUID: \DEVICE\{26CB5C5D-910C-487E-BBEE-B743191F35B5}"
"23-07-2026 09:36:23","15508","Information","Microsoft-Windows-Wired-AutoConfig","There has been an NDIS Port state change on this network adapter.

	Network Adapter: Check Point Virtual Network Adapter For Endpoint VPN Client
	Interface GUID: {26cb5c5d-910c-487e-bbee-b743191f35b5}
	NDIS Control State: UnControlled
	NDIS Auth State: UnAuthorized"
"23-07-2026 09:36:23","15502","Information","Microsoft-Windows-Wired-AutoConfig","The profile was applied on the network adapter.

	Network Adapter: Check Point Virtual Network Adapter For Endpoint VPN Client
	Interface GUID: {26cb5c5d-910c-487e-bbee-b743191f35b5}
	Profile Type: 2
	Profile Content: 
	AutoConfig Version: 1
	802.1x: Enabled
	802.1x: Not Enforced
	EAP type: Microsoft: Smart Card or other certificate (EAP-TLS)
	802.1X auth credential: Machine credential
	Cache user information: Yes"
"23-07-2026 09:36:22","15500","Information","Microsoft-Windows-Wired-AutoConfig","The network adapter has been unplugged.

	Network Adapter: Intel(R) Ethernet Connection (24) I219-LM
	Interface GUID: {6a4487bf-5a41-42e8-893a-9749e37014c0}"
"23-07-2026 04:35:40","15513","Information","Microsoft-Windows-Wired-AutoConfig","A network adapter was removed from the system.

	Network Adapter: Check Point Virtual Network Adapter For Endpoint VPN Client
	Interface GUID: "
"22-07-2026 18:49:35","15513","Information","Microsoft-Windows-Wired-AutoConfig","A network adapter was removed from the system.

	Network Adapter: Realtek USB GbE Family Controller
	Interface GUID: "
"22-07-2026 14:16:31","15510","Information","Microsoft-Windows-Wired-AutoConfig","A network adapter was added to the system.

	Network Adapter: Realtek USB GbE Family Controller
	Interface GUID: \DEVICE\{9DD2647C-6C78-4A23-B861-C580FDEC2864}"
"22-07-2026 14:16:31","15508","Information","Microsoft-Windows-Wired-AutoConfig","There has been an NDIS Port state change on this network adapter.

	Network Adapter: Realtek USB GbE Family Controller
	Interface GUID: {9dd2647c-6c78-4a23-b861-c580fdec2864}
	NDIS Control State: UnControlled
	NDIS Auth State: UnAuthorized"
"22-07-2026 14:16:31","15502","Information","Microsoft-Windows-Wired-AutoConfig","The profile was applied on the network adapter.

	Network Adapter: Realtek USB GbE Family Controller
	Interface GUID: {9dd2647c-6c78-4a23-b861-c580fdec2864}
	Profile Type: 2
	Profile Content: 
	AutoConfig Version: 1
	802.1x: Enabled
	802.1x: Not Enforced
	EAP type: Microsoft: Smart Card or other certificate (EAP-TLS)
	802.1X auth credential: Machine credential
	Cache user information: Yes"
"22-07-2026 12:50:16","15513","Information","Microsoft-Windows-Wired-AutoConfig","A network adapter was removed from the system.

	Network Adapter: Realtek USB GbE Family Controller
	Interface GUID: "
"22-07-2026 09:59:45","15510","Information","Microsoft-Windows-Wired-AutoConfig","A network adapter was added to the system.

	Network Adapter: Realtek USB GbE Family Controller
	Interface GUID: \DEVICE\{9DD2647C-6C78-4A23-B861-C580FDEC2864}"
"22-07-2026 09:59:45","15508","Information","Microsoft-Windows-Wired-AutoConfig","There has been an NDIS Port state change on this network adapter.

	Network Adapter: Realtek USB GbE Family Controller
	Interface GUID: {9dd2647c-6c78-4a23-b861-c580fdec2864}
	NDIS Control State: UnControlled
	NDIS Auth State: UnAuthorized"
"22-07-2026 09:59:45","15502","Information","Microsoft-Windows-Wired-AutoConfig","The profile was applied on the network adapter.

	Network Adapter: Realtek USB GbE Family Controller
	Interface GUID: {9dd2647c-6c78-4a23-b861-c580fdec2864}
	Profile Type: 2
	Profile Content: 
	AutoConfig Version: 1
	802.1x: Enabled
	802.1x: Not Enforced
	EAP type: Microsoft: Smart Card or other certificate (EAP-TLS)
	802.1X auth credential: Machine credential
	Cache user information: Yes"
"22-07-2026 09:58:35","15513","Information","Microsoft-Windows-Wired-AutoConfig","A network adapter was removed from the system.

	Network Adapter: Realtek USB GbE Family Controller
	Interface GUID: "
"22-07-2026 09:42:59","15510","Information","Microsoft-Windows-Wired-AutoConfig","A network adapter was added to the system.

	Network Adapter: Realtek USB GbE Family Controller
	Interface GUID: \DEVICE\{9DD2647C-6C78-4A23-B861-C580FDEC2864}"
"22-07-2026 09:42:59","15508","Information","Microsoft-Windows-Wired-AutoConfig","There has been an NDIS Port state change on this network adapter.

	Network Adapter: Realtek USB GbE Family Controller
	Interface GUID: {9dd2647c-6c78-4a23-b861-c580fdec2864}
	NDIS Control State: UnControlled
	NDIS Auth State: UnAuthorized"
"22-07-2026 09:42:59","15502","Information","Microsoft-Windows-Wired-AutoConfig","The profile was applied on the network adapter.

	Network Adapter: Realtek USB GbE Family Controller
	Interface GUID: {9dd2647c-6c78-4a23-b861-c580fdec2864}
	Profile Type: 2
	Profile Content: 
	AutoConfig Version: 1
	802.1x: Enabled
	802.1x: Not Enforced
	EAP type: Microsoft: Smart Card or other certificate (EAP-TLS)
	802.1X auth credential: Machine credential
	Cache user information: Yes"
"22-07-2026 09:42:51","15510","Information","Microsoft-Windows-Wired-AutoConfig","A network adapter was added to the system.

	Network Adapter: Check Point Virtual Network Adapter For Endpoint VPN Client
	Interface GUID: \DEVICE\{26CB5C5D-910C-487E-BBEE-B743191F35B5}"
"22-07-2026 09:42:51","15508","Information","Microsoft-Windows-Wired-AutoConfig","There has been an NDIS Port state change on this network adapter.

	Network Adapter: Check Point Virtual Network Adapter For Endpoint VPN Client
	Interface GUID: {26cb5c5d-910c-487e-bbee-b743191f35b5}
	NDIS Control State: UnControlled
	NDIS Auth State: UnAuthorized"
"22-07-2026 09:42:51","15502","Information","Microsoft-Windows-Wired-AutoConfig","The profile was applied on the network adapter.

	Network Adapter: Check Point Virtual Network Adapter For Endpoint VPN Client
	Interface GUID: {26cb5c5d-910c-487e-bbee-b743191f35b5}
	Profile Type: 2
	Profile Content: 
	AutoConfig Version: 1
	802.1x: Enabled
	802.1x: Not Enforced
	EAP type: Microsoft: Smart Card or other certificate (EAP-TLS)
	802.1X auth credential: Machine credential
	Cache user information: Yes"
"22-07-2026 09:42:51","15500","Information","Microsoft-Windows-Wired-AutoConfig","The network adapter has been unplugged.

	Network Adapter: Intel(R) Ethernet Connection (24) I219-LM
	Interface GUID: {6a4487bf-5a41-42e8-893a-9749e37014c0}"
"22-07-2026 04:23:17","15513","Information","Microsoft-Windows-Wired-AutoConfig","A network adapter was removed from the system.

	Network Adapter: Check Point Virtual Network Adapter For Endpoint VPN Client
	Interface GUID: "
"21-07-2026 18:50:28","15513","Information","Microsoft-Windows-Wired-AutoConfig","A network adapter was removed from the system.

	Network Adapter: Realtek USB GbE Family Controller
	Interface GUID: "
"21-07-2026 11:58:13","15510","Information","Microsoft-Windows-Wired-AutoConfig","A network adapter was added to the system.

	Network Adapter: Realtek USB GbE Family Controller
	Interface GUID: \DEVICE\{9DD2647C-6C78-4A23-B861-C580FDEC2864}"
"21-07-2026 11:58:13","15508","Information","Microsoft-Windows-Wired-AutoConfig","There has been an NDIS Port state change on this network adapter.

	Network Adapter: Realtek USB GbE Family Controller
	Interface GUID: {9dd2647c-6c78-4a23-b861-c580fdec2864}
	NDIS Control State: UnControlled
	NDIS Auth State: UnAuthorized"
"21-07-2026 11:58:13","15502","Information","Microsoft-Windows-Wired-AutoConfig","The profile was applied on the network adapter.

	Network Adapter: Realtek USB GbE Family Controller
	Interface GUID: {9dd2647c-6c78-4a23-b861-c580fdec2864}
	Profile Type: 2
	Profile Content: 
	AutoConfig Version: 1
	802.1x: Enabled
	802.1x: Not Enforced
	EAP type: Microsoft: Smart Card or other certificate (EAP-TLS)
	802.1X auth credential: Machine credential
	Cache user information: Yes"
"21-07-2026 09:12:24","15513","Information","Microsoft-Windows-Wired-AutoConfig","A network adapter was removed from the system.

	Network Adapter: Realtek USB GbE Family Controller
	Interface GUID: "
"21-07-2026 08:44:19","15508","Information","Microsoft-Windows-Wired-AutoConfig","There has been an NDIS Port state change on this network adapter.

	Network Adapter: Intel(R) Ethernet Connection (24) I219-LM
	Interface GUID: {6a4487bf-5a41-42e8-893a-9749e37014c0}
	NDIS Control State: UnControlled
	NDIS Auth State: UnAuthorized"
"21-07-2026 08:44:19","15502","Information","Microsoft-Windows-Wired-AutoConfig","The profile was applied on the network adapter.

	Network Adapter: Intel(R) Ethernet Connection (24) I219-LM
	Interface GUID: {6a4487bf-5a41-42e8-893a-9749e37014c0}
	Profile Type: 2
	Profile Content: 
	AutoConfig Version: 1
	802.1x: Enabled
	802.1x: Not Enforced
	EAP type: Microsoft: Smart Card or other certificate (EAP-TLS)
	802.1X auth credential: Machine credential
	Cache user information: Yes"
"21-07-2026 08:44:19","15508","Information","Microsoft-Windows-Wired-AutoConfig","There has been an NDIS Port state change on this network adapter.

	Network Adapter: Check Point Virtual Network Adapter For Endpoint VPN Client
	Interface GUID: {26cb5c5d-910c-487e-bbee-b743191f35b5}
	NDIS Control State: UnControlled
	NDIS Auth State: UnAuthorized"
"21-07-2026 08:44:19","15502","Information","Microsoft-Windows-Wired-AutoConfig","The profile was applied on the network adapter.

	Network Adapter: Check Point Virtual Network Adapter For Endpoint VPN Client
	Interface GUID: {26cb5c5d-910c-487e-bbee-b743191f35b5}
	Profile Type: 2
	Profile Content: 
	AutoConfig Version: 1
	802.1x: Enabled
	802.1x: Not Enforced
	EAP type: Microsoft: Smart Card or other certificate (EAP-TLS)
	802.1X auth credential: Machine credential
	Cache user information: Yes"
"21-07-2026 08:44:19","15508","Information","Microsoft-Windows-Wired-AutoConfig","There has been an NDIS Port state change on this network adapter.

	Network Adapter: Realtek USB GbE Family Controller
	Interface GUID: {9dd2647c-6c78-4a23-b861-c580fdec2864}
	NDIS Control State: UnControlled
	NDIS Auth State: UnAuthorized"
"21-07-2026 08:44:19","15502","Information","Microsoft-Windows-Wired-AutoConfig","The profile was applied on the network adapter.

	Network Adapter: Realtek USB GbE Family Controller
	Interface GUID: {9dd2647c-6c78-4a23-b861-c580fdec2864}
	Profile Type: 2
	Profile Content: 
	AutoConfig Version: 1
	802.1x: Enabled
	802.1x: Not Enforced
	EAP type: Microsoft: Smart Card or other certificate (EAP-TLS)
	802.1X auth credential: Machine credential
	Cache user information: Yes"
"21-07-2026 08:44:19","15511","Information","Microsoft-Windows-Wired-AutoConfig","The Wired AutoConfig service entered the running state."
"21-07-2026 08:44:19","15515","Information","Microsoft-Windows-Wired-AutoConfig","The Wired AutoConfig service is starting."
"21-07-2026 08:43:35","15512","Information","Microsoft-Windows-Wired-AutoConfig","The Wired AutoConfig service entered the stopped state."
"21-07-2026 08:43:35","15516","Information","Microsoft-Windows-Wired-AutoConfig","The Wired AutoConfig service is stopping."
"20-07-2026 10:29:14","15510","Information","Microsoft-Windows-Wired-AutoConfig","A network adapter was added to the system.

	Network Adapter: Realtek USB GbE Family Controller
	Interface GUID: \DEVICE\{9DD2647C-6C78-4A23-B861-C580FDEC2864}"
"20-07-2026 10:29:14","15508","Information","Microsoft-Windows-Wired-AutoConfig","There has been an NDIS Port state change on this network adapter.

	Network Adapter: Realtek USB GbE Family Controller
	Interface GUID: {9dd2647c-6c78-4a23-b861-c580fdec2864}
	NDIS Control State: UnControlled
	NDIS Auth State: UnAuthorized"
"20-07-2026 10:29:14","15502","Information","Microsoft-Windows-Wired-AutoConfig","The profile was applied on the network adapter.

	Network Adapter: Realtek USB GbE Family Controller
	Interface GUID: {9dd2647c-6c78-4a23-b861-c580fdec2864}
	Profile Type: 2
	Profile Content: 
	AutoConfig Version: 1
	802.1x: Enabled
	802.1x: Not Enforced
	EAP type: Microsoft: Smart Card or other certificate (EAP-TLS)
	802.1X auth credential: Machine credential
	Cache user information: Yes"
"20-07-2026 10:29:14","15513","Information","Microsoft-Windows-Wired-AutoConfig","A network adapter was removed from the system.

	Network Adapter: Realtek USB GbE Family Controller
	Interface GUID: "
"20-07-2026 10:29:13","15510","Information","Microsoft-Windows-Wired-AutoConfig","A network adapter was added to the system.

	Network Adapter: Intel(R) Ethernet Connection (24) I219-LM
	Interface GUID: \DEVICE\{6A4487BF-5A41-42E8-893A-9749E37014C0}"
"20-07-2026 10:29:13","15508","Information","Microsoft-Windows-Wired-AutoConfig","There has been an NDIS Port state change on this network adapter.

	Network Adapter: Intel(R) Ethernet Connection (24) I219-LM
	Interface GUID: {6a4487bf-5a41-42e8-893a-9749e37014c0}
	NDIS Control State: UnControlled
	NDIS Auth State: UnAuthorized"
"20-07-2026 10:29:13","15502","Information","Microsoft-Windows-Wired-AutoConfig","The profile was applied on the network adapter.

	Network Adapter: Intel(R) Ethernet Connection (24) I219-LM
	Interface GUID: {6a4487bf-5a41-42e8-893a-9749e37014c0}
	Profile Type: 2
	Profile Content: 
	AutoConfig Version: 1
	802.1x: Enabled
	802.1x: Not Enforced
	EAP type: Microsoft: Smart Card or other certificate (EAP-TLS)
	802.1X auth credential: Machine credential
	Cache user information: Yes"
"20-07-2026 10:29:12","15513","Information","Microsoft-Windows-Wired-AutoConfig","A network adapter was removed from the system.

	Network Adapter: Intel(R) Ethernet Connection (24) I219-LM
	Interface GUID: "
"20-07-2026 10:29:10","15510","Information","Microsoft-Windows-Wired-AutoConfig","A network adapter was added to the system.

	Network Adapter: Check Point Virtual Network Adapter For Endpoint VPN Client
	Interface GUID: \DEVICE\{26CB5C5D-910C-487E-BBEE-B743191F35B5}"
"20-07-2026 10:29:10","15508","Information","Microsoft-Windows-Wired-AutoConfig","There has been an NDIS Port state change on this network adapter.

	Network Adapter: Check Point Virtual Network Adapter For Endpoint VPN Client
	Interface GUID: {26cb5c5d-910c-487e-bbee-b743191f35b5}
	NDIS Control State: UnControlled
	NDIS Auth State: UnAuthorized"
"20-07-2026 10:29:09","15502","Information","Microsoft-Windows-Wired-AutoConfig","The profile was applied on the network adapter.

	Network Adapter: Check Point Virtual Network Adapter For Endpoint VPN Client
	Interface GUID: {26cb5c5d-910c-487e-bbee-b743191f35b5}
	Profile Type: 2
	Profile Content: 
	AutoConfig Version: 1
	802.1x: Enabled
	802.1x: Not Enforced
	EAP type: Microsoft: Smart Card or other certificate (EAP-TLS)
	802.1X auth credential: Machine credential
	Cache user information: Yes"
"20-07-2026 10:29:09","15513","Information","Microsoft-Windows-Wired-AutoConfig","A network adapter was removed from the system.

	Network Adapter: Check Point Virtual Network Adapter For Endpoint VPN Client
	Interface GUID: "
"20-07-2026 10:28:55","15510","Information","Microsoft-Windows-Wired-AutoConfig","A network adapter was added to the system.

	Network Adapter: Realtek USB GbE Family Controller
	Interface GUID: \DEVICE\{9DD2647C-6C78-4A23-B861-C580FDEC2864}"
"20-07-2026 10:28:55","15508","Information","Microsoft-Windows-Wired-AutoConfig","There has been an NDIS Port state change on this network adapter.

	Network Adapter: Realtek USB GbE Family Controller
	Interface GUID: {9dd2647c-6c78-4a23-b861-c580fdec2864}
	NDIS Control State: UnControlled
	NDIS Auth State: UnAuthorized"
"20-07-2026 10:28:55","15502","Information","Microsoft-Windows-Wired-AutoConfig","The profile was applied on the network adapter.

	Network Adapter: Realtek USB GbE Family Controller
	Interface GUID: {9dd2647c-6c78-4a23-b861-c580fdec2864}
	Profile Type: 2
	Profile Content: 
	AutoConfig Version: 1
	802.1x: Enabled
	802.1x: Not Enforced
	EAP type: Microsoft: Smart Card or other certificate (EAP-TLS)
	802.1X auth credential: Machine credential
	Cache user information: Yes"
"20-07-2026 10:28:55","15510","Information","Microsoft-Windows-Wired-AutoConfig","A network adapter was added to the system.

	Network Adapter: Intel(R) Ethernet Connection (24) I219-LM
	Interface GUID: \DEVICE\{6A4487BF-5A41-42E8-893A-9749E37014C0}"
"20-07-2026 10:28:55","15508","Information","Microsoft-Windows-Wired-AutoConfig","There has been an NDIS Port state change on this network adapter.

	Network Adapter: Intel(R) Ethernet Connection (24) I219-LM
	Interface GUID: {6a4487bf-5a41-42e8-893a-9749e37014c0}
	NDIS Control State: UnControlled
	NDIS Auth State: UnAuthorized"
"20-07-2026 10:28:55","15502","Information","Microsoft-Windows-Wired-AutoConfig","The profile was applied on the network adapter.

	Network Adapter: Intel(R) Ethernet Connection (24) I219-LM
	Interface GUID: {6a4487bf-5a41-42e8-893a-9749e37014c0}
	Profile Type: 2
	Profile Content: 
	AutoConfig Version: 1
	802.1x: Enabled
	802.1x: Not Enforced
	EAP type: Microsoft: Smart Card or other certificate (EAP-TLS)
	802.1X auth credential: Machine credential
	Cache user information: Yes"
"20-07-2026 10:28:54","15510","Information","Microsoft-Windows-Wired-AutoConfig","A network adapter was added to the system.

	Network Adapter: Check Point Virtual Network Adapter For Endpoint VPN Client
	Interface GUID: \DEVICE\{26CB5C5D-910C-487E-BBEE-B743191F35B5}"
"20-07-2026 10:28:54","15508","Information","Microsoft-Windows-Wired-AutoConfig","There has been an NDIS Port state change on this network adapter.

	Network Adapter: Check Point Virtual Network Adapter For Endpoint VPN Client
	Interface GUID: {26cb5c5d-910c-487e-bbee-b743191f35b5}
	NDIS Control State: UnControlled
	NDIS Auth State: UnAuthorized"
"20-07-2026 10:28:54","15502","Information","Microsoft-Windows-Wired-AutoConfig","The profile was applied on the network adapter.

	Network Adapter: Check Point Virtual Network Adapter For Endpoint VPN Client
	Interface GUID: {26cb5c5d-910c-487e-bbee-b743191f35b5}
	Profile Type: 2
	Profile Content: 
	AutoConfig Version: 1
	802.1x: Enabled
	802.1x: Not Enforced
	EAP type: Microsoft: Smart Card or other certificate (EAP-TLS)
	802.1X auth credential: Machine credential
	Cache user information: Yes"
