"11-08-2026 15:06:14","1002","Warning","Microsoft-Windows-KnownFolders","Error 0x80070003 occurred while verifying known folder {bcbd3057-ca5c-4622-b42d-bc56db0ae516} with path 'C:\Windows\ServiceProfiles\NetworkService\AppData\Local\Programs\Common'."
"11-08-2026 15:06:14","1002","Warning","Microsoft-Windows-KnownFolders","Error 0x80070002 occurred while verifying known folder {5cd7aee2-2219-4a67-b85d-6c9ce15660cb} with path 'C:\Windows\ServiceProfiles\NetworkService\AppData\Local\Programs'."
"11-08-2026 15:06:14","1002","Warning","Microsoft-Windows-KnownFolders","Error 0x80070003 occurred while verifying known folder {339719b5-8c47-4894-94c2-d8f77add44a6} with path 'C:\Windows\ServiceProfiles\NetworkService\OneDrive\Pictures'."
"11-08-2026 15:06:14","1002","Warning","Microsoft-Windows-KnownFolders","Error 0x80070003 occurred while verifying known folder {24d89e24-2f19-4534-9dde-6a6671fbb8fe} with path 'C:\Windows\ServiceProfiles\NetworkService\OneDrive\Documents'."
"11-08-2026 15:06:14","1002","Warning","Microsoft-Windows-KnownFolders","Error 0x80070002 occurred while verifying known folder {a52bba46-e9e1-435f-b3d9-28daa648c0f6} with path 'C:\Windows\ServiceProfiles\NetworkService\OneDrive'."
"11-08-2026 15:06:14","1002","Warning","Microsoft-Windows-KnownFolders","Error 0x80070002 occurred while verifying known folder {56784854-c6cb-462b-8169-88e350acb882} with path 'C:\Windows\ServiceProfiles\NetworkService\Contacts'."
"11-08-2026 15:06:14","1002","Warning","Microsoft-Windows-KnownFolders","Error 0x80070003 occurred while verifying known folder {9e52ab10-f80d-49df-acb8-4330f5687855} with path 'C:\Windows\ServiceProfiles\NetworkService\AppData\Local\Microsoft\Windows\Burn\Burn'."
"11-08-2026 15:06:14","1002","Warning","Microsoft-Windows-KnownFolders","Error 0x80070002 occurred while verifying known folder {724ef170-a42d-4fef-9f26-b60e846fba4f} with path 'C:\Windows\ServiceProfiles\NetworkService\AppData\Roaming\Microsoft\Windows\Start Menu\Programs\Administrative Tools'."
"11-08-2026 15:06:14","1002","Warning","Microsoft-Windows-KnownFolders","Error 0x80070002 occurred while verifying known folder {b97d20bb-f46a-4c97-ba10-5e3608430854} with path 'C:\Windows\ServiceProfiles\NetworkService\AppData\Roaming\Microsoft\Windows\Start Menu\Programs\Startup'."
"11-08-2026 15:04:44","1002","Warning","Microsoft-Windows-KnownFolders","Error 0x80070003 occurred while verifying known folder {bcbd3057-ca5c-4622-b42d-bc56db0ae516} with path 'C:\Windows\ServiceProfiles\LocalService\AppData\Local\Programs\Common'."
"11-08-2026 15:04:44","1002","Warning","Microsoft-Windows-KnownFolders","Error 0x80070002 occurred while verifying known folder {5cd7aee2-2219-4a67-b85d-6c9ce15660cb} with path 'C:\Windows\ServiceProfiles\LocalService\AppData\Local\Programs'."
"11-08-2026 15:04:44","1002","Warning","Microsoft-Windows-KnownFolders","Error 0x80070003 occurred while verifying known folder {339719b5-8c47-4894-94c2-d8f77add44a6} with path 'C:\Windows\ServiceProfiles\LocalService\OneDrive\Pictures'."
"11-08-2026 15:04:44","1002","Warning","Microsoft-Windows-KnownFolders","Error 0x80070003 occurred while verifying known folder {24d89e24-2f19-4534-9dde-6a6671fbb8fe} with path 'C:\Windows\ServiceProfiles\LocalService\OneDrive\Documents'."
"11-08-2026 15:04:44","1002","Warning","Microsoft-Windows-KnownFolders","Error 0x80070002 occurred while verifying known folder {a52bba46-e9e1-435f-b3d9-28daa648c0f6} with path 'C:\Windows\ServiceProfiles\LocalService\OneDrive'."
"11-08-2026 15:04:44","1002","Warning","Microsoft-Windows-KnownFolders","Error 0x80070002 occurred while verifying known folder {56784854-c6cb-462b-8169-88e350acb882} with path 'C:\Windows\ServiceProfiles\LocalService\Contacts'."
"11-08-2026 15:04:44","1002","Warning","Microsoft-Windows-KnownFolders","Error 0x80070003 occurred while verifying known folder {9e52ab10-f80d-49df-acb8-4330f5687855} with path 'C:\Windows\ServiceProfiles\LocalService\AppData\Local\Microsoft\Windows\Burn\Burn'."
"11-08-2026 15:04:44","1002","Warning","Microsoft-Windows-KnownFolders","Error 0x80070002 occurred while verifying known folder {724ef170-a42d-4fef-9f26-b60e846fba4f} with path 'C:\Windows\ServiceProfiles\LocalService\AppData\Roaming\Microsoft\Windows\Start Menu\Programs\Administrative Tools'."
"11-08-2026 15:04:44","1002","Warning","Microsoft-Windows-KnownFolders","Error 0x80070002 occurred while verifying known folder {b97d20bb-f46a-4c97-ba10-5e3608430854} with path 'C:\Windows\ServiceProfiles\LocalService\AppData\Roaming\Microsoft\Windows\Start Menu\Programs\Startup'."
"11-08-2026 15:02:43","1002","Warning","Microsoft-Windows-KnownFolders","Error 0x80070003 occurred while verifying known folder {bcbd3057-ca5c-4622-b42d-bc56db0ae516} with path 'C:\Windows\system32\config\systemprofile\AppData\Local\Programs\Common'."
"11-08-2026 15:02:43","1002","Warning","Microsoft-Windows-KnownFolders","Error 0x80070002 occurred while verifying known folder {5cd7aee2-2219-4a67-b85d-6c9ce15660cb} with path 'C:\Windows\system32\config\systemprofile\AppData\Local\Programs'."
"11-08-2026 15:02:43","1002","Warning","Microsoft-Windows-KnownFolders","Error 0x80070003 occurred while verifying known folder {339719b5-8c47-4894-94c2-d8f77add44a6} with path 'C:\Windows\system32\config\systemprofile\OneDrive\Pictures'."
"11-08-2026 15:02:43","1002","Warning","Microsoft-Windows-KnownFolders","Error 0x80070003 occurred while verifying known folder {24d89e24-2f19-4534-9dde-6a6671fbb8fe} with path 'C:\Windows\system32\config\systemprofile\OneDrive\Documents'."
"11-08-2026 15:02:43","1002","Warning","Microsoft-Windows-KnownFolders","Error 0x80070002 occurred while verifying known folder {a52bba46-e9e1-435f-b3d9-28daa648c0f6} with path 'C:\Windows\system32\config\systemprofile\OneDrive'."
"11-08-2026 15:02:43","1002","Warning","Microsoft-Windows-KnownFolders","Error 0x80070002 occurred while verifying known folder {56784854-c6cb-462b-8169-88e350acb882} with path 'C:\Windows\system32\config\systemprofile\Contacts'."
"11-08-2026 15:02:43","1002","Warning","Microsoft-Windows-KnownFolders","Error 0x80070002 occurred while verifying known folder {374de290-123f-4565-9164-39c4925e467b} with path 'C:\Windows\system32\config\systemprofile\Downloads'."
"11-08-2026 15:02:43","1002","Warning","Microsoft-Windows-KnownFolders","Error 0x80070003 occurred while verifying known folder {9e52ab10-f80d-49df-acb8-4330f5687855} with path 'C:\Windows\system32\config\systemprofile\AppData\Local\Microsoft\Windows\Burn\Burn'."
"11-08-2026 15:02:43","1002","Warning","Microsoft-Windows-KnownFolders","Error 0x80070003 occurred while verifying known folder {724ef170-a42d-4fef-9f26-b60e846fba4f} with path 'C:\Windows\system32\config\systemprofile\AppData\Roaming\Microsoft\Windows\Start Menu\Programs\Administrative Tools'."
"11-08-2026 15:02:43","1002","Warning","Microsoft-Windows-KnownFolders","Error 0x80070002 occurred while verifying known folder {33e28130-4e1e-4676-835a-98395c3bc3bb} with path 'C:\Windows\system32\config\systemprofile\Pictures'."
"11-08-2026 15:02:43","1002","Warning","Microsoft-Windows-KnownFolders","Error 0x80070003 occurred while verifying known folder {9274bd8d-cfd1-41c3-b35e-b13f55a758f4} with path 'C:\Windows\system32\config\systemprofile\AppData\Roaming\Microsoft\Windows\Printer Shortcuts'."
"11-08-2026 15:02:43","1002","Warning","Microsoft-Windows-KnownFolders","Error 0x80070003 occurred while verifying known folder {a63293e8-664e-48db-a079-df759e0509f7} with path 'C:\Windows\system32\config\systemprofile\AppData\Roaming\Microsoft\Windows\Templates'."
"11-08-2026 15:02:43","1002","Warning","Microsoft-Windows-KnownFolders","Error 0x80070003 occurred while verifying known folder {c5abbf53-e17f-4121-8900-86626fc2c973} with path 'C:\Windows\system32\config\systemprofile\AppData\Roaming\Microsoft\Windows\Network Shortcuts'."
"11-08-2026 15:02:43","1002","Warning","Microsoft-Windows-KnownFolders","Error 0x80070002 occurred while verifying known folder {b4bfcc3a-db2c-424c-b029-7fe99a87c641} with path 'C:\Windows\system32\config\systemprofile\Desktop'."
"11-08-2026 15:02:43","1002","Warning","Microsoft-Windows-KnownFolders","Error 0x80070002 occurred while verifying known folder {18989b1d-99b5-455b-841c-ab7c74e4ddfc} with path 'C:\Windows\system32\config\systemprofile\Videos'."
"11-08-2026 15:02:43","1002","Warning","Microsoft-Windows-KnownFolders","Error 0x80070002 occurred while verifying known folder {4bd8d571-6d19-48d3-be97-422220080e43} with path 'C:\Windows\system32\config\systemprofile\Music'."
"11-08-2026 15:02:43","1002","Warning","Microsoft-Windows-KnownFolders","Error 0x80070003 occurred while verifying known folder {625b53c3-ab48-4ec1-ba1f-a1ef4146fc19} with path 'C:\Windows\system32\config\systemprofile\AppData\Roaming\Microsoft\Windows\Start Menu'."
"11-08-2026 15:02:43","1002","Warning","Microsoft-Windows-KnownFolders","Error 0x80070003 occurred while verifying known folder {8983036c-27c0-404b-8f08-102d10dcfd74} with path 'C:\Windows\system32\config\systemprofile\AppData\Roaming\Microsoft\Windows\SendTo'."
"11-08-2026 15:02:43","1002","Warning","Microsoft-Windows-KnownFolders","Error 0x80070003 occurred while verifying known folder {ae50c081-ebd2-438a-8655-8a092e34987a} with path 'C:\Windows\system32\config\systemprofile\AppData\Roaming\Microsoft\Windows\Recent'."
"11-08-2026 15:02:43","1002","Warning","Microsoft-Windows-KnownFolders","Error 0x80070003 occurred while verifying known folder {b97d20bb-f46a-4c97-ba10-5e3608430854} with path 'C:\Windows\system32\config\systemprofile\AppData\Roaming\Microsoft\Windows\Start Menu\Programs\Startup'."
"11-08-2026 15:02:43","1002","Warning","Microsoft-Windows-KnownFolders","Error 0x80070002 occurred while verifying known folder {1777f761-68ad-4d8a-87bd-30b759fa33dd} with path 'C:\Windows\system32\config\systemprofile\Favorites'."
"11-08-2026 15:02:43","1002","Warning","Microsoft-Windows-KnownFolders","Error 0x80070003 occurred while verifying known folder {a77f5d77-2e2b-44c3-a6a2-aba601054a51} with path 'C:\Windows\system32\config\systemprofile\AppData\Roaming\Microsoft\Windows\Start Menu\Programs'."
"11-08-2026 14:22:05","1002","Warning","Microsoft-Windows-KnownFolders","Error 0x80070005 occurred while verifying known folder {62ab5d82-fdc1-4dc3-a9dd-070d1d495d97} with path 'C:\ProgramData'."
"11-08-2026 14:15:44","1002","Warning","Microsoft-Windows-KnownFolders","Error 0x80070005 occurred while verifying known folder {62ab5d82-fdc1-4dc3-a9dd-070d1d495d97} with path 'C:\ProgramData'."
"11-08-2026 14:07:36","1002","Warning","Microsoft-Windows-KnownFolders","Error 0x80070002 occurred while verifying known folder {339719b5-8c47-4894-94c2-d8f77add44a6} with path 'C:\Users\arjo5004\OneDrive\Pictures'."
"11-08-2026 14:07:36","1002","Warning","Microsoft-Windows-KnownFolders","Error 0x80070002 occurred while verifying known folder {24d89e24-2f19-4534-9dde-6a6671fbb8fe} with path 'C:\Users\arjo5004\OneDrive\Documents'."
"11-08-2026 14:05:44","1002","Warning","Microsoft-Windows-KnownFolders","Error 0x80070003 occurred while verifying known folder {bcbd3057-ca5c-4622-b42d-bc56db0ae516} with path 'C:\Windows\ServiceProfiles\NetworkService\AppData\Local\Programs\Common'."
"11-08-2026 14:05:44","1002","Warning","Microsoft-Windows-KnownFolders","Error 0x80070002 occurred while verifying known folder {5cd7aee2-2219-4a67-b85d-6c9ce15660cb} with path 'C:\Windows\ServiceProfiles\NetworkService\AppData\Local\Programs'."
"11-08-2026 14:05:44","1002","Warning","Microsoft-Windows-KnownFolders","Error 0x80070003 occurred while verifying known folder {339719b5-8c47-4894-94c2-d8f77add44a6} with path 'C:\Windows\ServiceProfiles\NetworkService\OneDrive\Pictures'."
"11-08-2026 14:05:44","1002","Warning","Microsoft-Windows-KnownFolders","Error 0x80070003 occurred while verifying known folder {24d89e24-2f19-4534-9dde-6a6671fbb8fe} with path 'C:\Windows\ServiceProfiles\NetworkService\OneDrive\Documents'."
"11-08-2026 14:05:44","1002","Warning","Microsoft-Windows-KnownFolders","Error 0x80070002 occurred while verifying known folder {a52bba46-e9e1-435f-b3d9-28daa648c0f6} with path 'C:\Windows\ServiceProfiles\NetworkService\OneDrive'."
"11-08-2026 14:05:44","1002","Warning","Microsoft-Windows-KnownFolders","Error 0x80070002 occurred while verifying known folder {56784854-c6cb-462b-8169-88e350acb882} with path 'C:\Windows\ServiceProfiles\NetworkService\Contacts'."
"11-08-2026 14:05:44","1002","Warning","Microsoft-Windows-KnownFolders","Error 0x80070003 occurred while verifying known folder {9e52ab10-f80d-49df-acb8-4330f5687855} with path 'C:\Windows\ServiceProfiles\NetworkService\AppData\Local\Microsoft\Windows\Burn\Burn'."
"11-08-2026 14:05:44","1002","Warning","Microsoft-Windows-KnownFolders","Error 0x80070002 occurred while verifying known folder {724ef170-a42d-4fef-9f26-b60e846fba4f} with path 'C:\Windows\ServiceProfiles\NetworkService\AppData\Roaming\Microsoft\Windows\Start Menu\Programs\Administrative Tools'."
"11-08-2026 14:05:43","1002","Warning","Microsoft-Windows-KnownFolders","Error 0x80070002 occurred while verifying known folder {b97d20bb-f46a-4c97-ba10-5e3608430854} with path 'C:\Windows\ServiceProfiles\NetworkService\AppData\Roaming\Microsoft\Windows\Start Menu\Programs\Startup'."
"11-08-2026 14:05:19","1000","Warning","Microsoft-Windows-KnownFolders","Error 0x80070005 occurred while creating known folder {3eb685db-65f9-4cf6-a03a-e3ef65729f3d} with path 'C:\Windows\system32\config\systemprofile\AppData\Roaming'."
"11-08-2026 14:04:01","1002","Warning","Microsoft-Windows-KnownFolders","Error 0x80070003 occurred while verifying known folder {bcbd3057-ca5c-4622-b42d-bc56db0ae516} with path 'C:\Windows\ServiceProfiles\LocalService\AppData\Local\Programs\Common'."
"11-08-2026 14:04:01","1002","Warning","Microsoft-Windows-KnownFolders","Error 0x80070002 occurred while verifying known folder {5cd7aee2-2219-4a67-b85d-6c9ce15660cb} with path 'C:\Windows\ServiceProfiles\LocalService\AppData\Local\Programs'."
"11-08-2026 14:04:01","1002","Warning","Microsoft-Windows-KnownFolders","Error 0x80070003 occurred while verifying known folder {339719b5-8c47-4894-94c2-d8f77add44a6} with path 'C:\Windows\ServiceProfiles\LocalService\OneDrive\Pictures'."
"11-08-2026 14:04:01","1002","Warning","Microsoft-Windows-KnownFolders","Error 0x80070003 occurred while verifying known folder {24d89e24-2f19-4534-9dde-6a6671fbb8fe} with path 'C:\Windows\ServiceProfiles\LocalService\OneDrive\Documents'."
"11-08-2026 14:04:01","1002","Warning","Microsoft-Windows-KnownFolders","Error 0x80070002 occurred while verifying known folder {a52bba46-e9e1-435f-b3d9-28daa648c0f6} with path 'C:\Windows\ServiceProfiles\LocalService\OneDrive'."
"11-08-2026 14:04:01","1002","Warning","Microsoft-Windows-KnownFolders","Error 0x80070002 occurred while verifying known folder {56784854-c6cb-462b-8169-88e350acb882} with path 'C:\Windows\ServiceProfiles\LocalService\Contacts'."
"11-08-2026 14:04:01","1002","Warning","Microsoft-Windows-KnownFolders","Error 0x80070003 occurred while verifying known folder {9e52ab10-f80d-49df-acb8-4330f5687855} with path 'C:\Windows\ServiceProfiles\LocalService\AppData\Local\Microsoft\Windows\Burn\Burn'."
"11-08-2026 14:04:01","1002","Warning","Microsoft-Windows-KnownFolders","Error 0x80070002 occurred while verifying known folder {724ef170-a42d-4fef-9f26-b60e846fba4f} with path 'C:\Windows\ServiceProfiles\LocalService\AppData\Roaming\Microsoft\Windows\Start Menu\Programs\Administrative Tools'."
"11-08-2026 14:04:01","1002","Warning","Microsoft-Windows-KnownFolders","Error 0x80070002 occurred while verifying known folder {b97d20bb-f46a-4c97-ba10-5e3608430854} with path 'C:\Windows\ServiceProfiles\LocalService\AppData\Roaming\Microsoft\Windows\Start Menu\Programs\Startup'."
"11-08-2026 14:02:43","1002","Warning","Microsoft-Windows-KnownFolders","Error 0x80070003 occurred while verifying known folder {bcbd3057-ca5c-4622-b42d-bc56db0ae516} with path 'C:\Windows\system32\config\systemprofile\AppData\Local\Programs\Common'."
"11-08-2026 14:02:43","1002","Warning","Microsoft-Windows-KnownFolders","Error 0x80070002 occurred while verifying known folder {5cd7aee2-2219-4a67-b85d-6c9ce15660cb} with path 'C:\Windows\system32\config\systemprofile\AppData\Local\Programs'."
"11-08-2026 14:02:43","1002","Warning","Microsoft-Windows-KnownFolders","Error 0x80070003 occurred while verifying known folder {339719b5-8c47-4894-94c2-d8f77add44a6} with path 'C:\Windows\system32\config\systemprofile\OneDrive\Pictures'."
"11-08-2026 14:02:43","1002","Warning","Microsoft-Windows-KnownFolders","Error 0x80070003 occurred while verifying known folder {24d89e24-2f19-4534-9dde-6a6671fbb8fe} with path 'C:\Windows\system32\config\systemprofile\OneDrive\Documents'."
"11-08-2026 14:02:43","1002","Warning","Microsoft-Windows-KnownFolders","Error 0x80070002 occurred while verifying known folder {a52bba46-e9e1-435f-b3d9-28daa648c0f6} with path 'C:\Windows\system32\config\systemprofile\OneDrive'."
"11-08-2026 14:02:43","1002","Warning","Microsoft-Windows-KnownFolders","Error 0x80070002 occurred while verifying known folder {56784854-c6cb-462b-8169-88e350acb882} with path 'C:\Windows\system32\config\systemprofile\Contacts'."
"11-08-2026 14:02:43","1002","Warning","Microsoft-Windows-KnownFolders","Error 0x80070002 occurred while verifying known folder {374de290-123f-4565-9164-39c4925e467b} with path 'C:\Windows\system32\config\systemprofile\Downloads'."
"11-08-2026 14:02:43","1002","Warning","Microsoft-Windows-KnownFolders","Error 0x80070003 occurred while verifying known folder {9e52ab10-f80d-49df-acb8-4330f5687855} with path 'C:\Windows\system32\config\systemprofile\AppData\Local\Microsoft\Windows\Burn\Burn'."
"11-08-2026 14:02:43","1002","Warning","Microsoft-Windows-KnownFolders","Error 0x80070003 occurred while verifying known folder {724ef170-a42d-4fef-9f26-b60e846fba4f} with path 'C:\Windows\system32\config\systemprofile\AppData\Roaming\Microsoft\Windows\Start Menu\Programs\Administrative Tools'."
"11-08-2026 14:02:43","1002","Warning","Microsoft-Windows-KnownFolders","Error 0x80070002 occurred while verifying known folder {33e28130-4e1e-4676-835a-98395c3bc3bb} with path 'C:\Windows\system32\config\systemprofile\Pictures'."
"11-08-2026 14:02:43","1002","Warning","Microsoft-Windows-KnownFolders","Error 0x80070003 occurred while verifying known folder {9274bd8d-cfd1-41c3-b35e-b13f55a758f4} with path 'C:\Windows\system32\config\systemprofile\AppData\Roaming\Microsoft\Windows\Printer Shortcuts'."
"11-08-2026 14:02:43","1002","Warning","Microsoft-Windows-KnownFolders","Error 0x80070003 occurred while verifying known folder {a63293e8-664e-48db-a079-df759e0509f7} with path 'C:\Windows\system32\config\systemprofile\AppData\Roaming\Microsoft\Windows\Templates'."
"11-08-2026 14:02:43","1002","Warning","Microsoft-Windows-KnownFolders","Error 0x80070003 occurred while verifying known folder {c5abbf53-e17f-4121-8900-86626fc2c973} with path 'C:\Windows\system32\config\systemprofile\AppData\Roaming\Microsoft\Windows\Network Shortcuts'."
"11-08-2026 14:02:43","1002","Warning","Microsoft-Windows-KnownFolders","Error 0x80070002 occurred while verifying known folder {b4bfcc3a-db2c-424c-b029-7fe99a87c641} with path 'C:\Windows\system32\config\systemprofile\Desktop'."
"11-08-2026 14:02:43","1002","Warning","Microsoft-Windows-KnownFolders","Error 0x80070002 occurred while verifying known folder {18989b1d-99b5-455b-841c-ab7c74e4ddfc} with path 'C:\Windows\system32\config\systemprofile\Videos'."
"11-08-2026 14:02:43","1002","Warning","Microsoft-Windows-KnownFolders","Error 0x80070002 occurred while verifying known folder {4bd8d571-6d19-48d3-be97-422220080e43} with path 'C:\Windows\system32\config\systemprofile\Music'."
"11-08-2026 14:02:43","1002","Warning","Microsoft-Windows-KnownFolders","Error 0x80070003 occurred while verifying known folder {625b53c3-ab48-4ec1-ba1f-a1ef4146fc19} with path 'C:\Windows\system32\config\systemprofile\AppData\Roaming\Microsoft\Windows\Start Menu'."
"11-08-2026 14:02:43","1002","Warning","Microsoft-Windows-KnownFolders","Error 0x80070003 occurred while verifying known folder {8983036c-27c0-404b-8f08-102d10dcfd74} with path 'C:\Windows\system32\config\systemprofile\AppData\Roaming\Microsoft\Windows\SendTo'."
"11-08-2026 14:02:43","1002","Warning","Microsoft-Windows-KnownFolders","Error 0x80070003 occurred while verifying known folder {ae50c081-ebd2-438a-8655-8a092e34987a} with path 'C:\Windows\system32\config\systemprofile\AppData\Roaming\Microsoft\Windows\Recent'."
"11-08-2026 14:02:43","1002","Warning","Microsoft-Windows-KnownFolders","Error 0x80070003 occurred while verifying known folder {b97d20bb-f46a-4c97-ba10-5e3608430854} with path 'C:\Windows\system32\config\systemprofile\AppData\Roaming\Microsoft\Windows\Start Menu\Programs\Startup'."
"11-08-2026 14:02:43","1002","Warning","Microsoft-Windows-KnownFolders","Error 0x80070002 occurred while verifying known folder {1777f761-68ad-4d8a-87bd-30b759fa33dd} with path 'C:\Windows\system32\config\systemprofile\Favorites'."
"11-08-2026 14:02:43","1002","Warning","Microsoft-Windows-KnownFolders","Error 0x80070003 occurred while verifying known folder {a77f5d77-2e2b-44c3-a6a2-aba601054a51} with path 'C:\Windows\system32\config\systemprofile\AppData\Roaming\Microsoft\Windows\Start Menu\Programs'."
"11-08-2026 13:55:32","1002","Warning","Microsoft-Windows-KnownFolders","Error 0x80070005 occurred while verifying known folder {62ab5d82-fdc1-4dc3-a9dd-070d1d495d97} with path 'C:\ProgramData'."
"11-08-2026 13:55:23","1002","Warning","Microsoft-Windows-KnownFolders","Error 0x80070002 occurred while verifying known folder {18989b1d-99b5-455b-841c-ab7c74e4ddfc} with path 'C:\Windows\system32\config\systemprofile\Videos'."
"11-08-2026 13:17:32","1002","Warning","Microsoft-Windows-KnownFolders","Error 0x80070005 occurred while verifying known folder {62ab5d82-fdc1-4dc3-a9dd-070d1d495d97} with path 'C:\ProgramData'."
"11-08-2026 13:11:54","1002","Warning","Microsoft-Windows-KnownFolders","Error 0x80070002 occurred while verifying known folder {18989b1d-99b5-455b-841c-ab7c74e4ddfc} with path 'C:\Windows\system32\config\systemprofile\Videos'."
"11-08-2026 13:07:10","1002","Warning","Microsoft-Windows-KnownFolders","Error 0x80070002 occurred while verifying known folder {339719b5-8c47-4894-94c2-d8f77add44a6} with path 'C:\Users\arjo5004\OneDrive\Pictures'."
"11-08-2026 13:07:10","1002","Warning","Microsoft-Windows-KnownFolders","Error 0x80070002 occurred while verifying known folder {24d89e24-2f19-4534-9dde-6a6671fbb8fe} with path 'C:\Users\arjo5004\OneDrive\Documents'."
"11-08-2026 13:05:38","1002","Warning","Microsoft-Windows-KnownFolders","Error 0x80070002 occurred while verifying known folder {b4bfcc3a-db2c-424c-b029-7fe99a87c641} with path 'C:\Windows\system32\config\systemprofile\Desktop'."
"11-08-2026 13:05:38","1002","Warning","Microsoft-Windows-KnownFolders","Error 0x80070002 occurred while verifying known folder {33e28130-4e1e-4676-835a-98395c3bc3bb} with path 'C:\Windows\system32\config\systemprofile\Pictures'."
"11-08-2026 13:05:35","1002","Warning","Microsoft-Windows-KnownFolders","Error 0x80070003 occurred while verifying known folder {bcbd3057-ca5c-4622-b42d-bc56db0ae516} with path 'C:\Windows\ServiceProfiles\NetworkService\AppData\Local\Programs\Common'."
"11-08-2026 13:05:35","1002","Warning","Microsoft-Windows-KnownFolders","Error 0x80070002 occurred while verifying known folder {5cd7aee2-2219-4a67-b85d-6c9ce15660cb} with path 'C:\Windows\ServiceProfiles\NetworkService\AppData\Local\Programs'."
"11-08-2026 13:05:35","1002","Warning","Microsoft-Windows-KnownFolders","Error 0x80070003 occurred while verifying known folder {339719b5-8c47-4894-94c2-d8f77add44a6} with path 'C:\Windows\ServiceProfiles\NetworkService\OneDrive\Pictures'."
"11-08-2026 13:05:35","1002","Warning","Microsoft-Windows-KnownFolders","Error 0x80070003 occurred while verifying known folder {24d89e24-2f19-4534-9dde-6a6671fbb8fe} with path 'C:\Windows\ServiceProfiles\NetworkService\OneDrive\Documents'."
"11-08-2026 13:05:35","1002","Warning","Microsoft-Windows-KnownFolders","Error 0x80070002 occurred while verifying known folder {a52bba46-e9e1-435f-b3d9-28daa648c0f6} with path 'C:\Windows\ServiceProfiles\NetworkService\OneDrive'."
"11-08-2026 13:05:35","1002","Warning","Microsoft-Windows-KnownFolders","Error 0x80070002 occurred while verifying known folder {56784854-c6cb-462b-8169-88e350acb882} with path 'C:\Windows\ServiceProfiles\NetworkService\Contacts'."
"11-08-2026 13:05:35","1002","Warning","Microsoft-Windows-KnownFolders","Error 0x80070003 occurred while verifying known folder {9e52ab10-f80d-49df-acb8-4330f5687855} with path 'C:\Windows\ServiceProfiles\NetworkService\AppData\Local\Microsoft\Windows\Burn\Burn'."
"11-08-2026 13:05:35","1002","Warning","Microsoft-Windows-KnownFolders","Error 0x80070002 occurred while verifying known folder {724ef170-a42d-4fef-9f26-b60e846fba4f} with path 'C:\Windows\ServiceProfiles\NetworkService\AppData\Roaming\Microsoft\Windows\Start Menu\Programs\Administrative Tools'."
"11-08-2026 13:05:35","1002","Warning","Microsoft-Windows-KnownFolders","Error 0x80070002 occurred while verifying known folder {b97d20bb-f46a-4c97-ba10-5e3608430854} with path 'C:\Windows\ServiceProfiles\NetworkService\AppData\Roaming\Microsoft\Windows\Start Menu\Programs\Startup'."
"11-08-2026 13:02:58","1002","Warning","Microsoft-Windows-KnownFolders","Error 0x80070003 occurred while verifying known folder {bcbd3057-ca5c-4622-b42d-bc56db0ae516} with path 'C:\Windows\ServiceProfiles\LocalService\AppData\Local\Programs\Common'."
"11-08-2026 13:02:58","1002","Warning","Microsoft-Windows-KnownFolders","Error 0x80070002 occurred while verifying known folder {5cd7aee2-2219-4a67-b85d-6c9ce15660cb} with path 'C:\Windows\ServiceProfiles\LocalService\AppData\Local\Programs'."
"11-08-2026 13:02:58","1002","Warning","Microsoft-Windows-KnownFolders","Error 0x80070003 occurred while verifying known folder {339719b5-8c47-4894-94c2-d8f77add44a6} with path 'C:\Windows\ServiceProfiles\LocalService\OneDrive\Pictures'."
"11-08-2026 13:02:58","1002","Warning","Microsoft-Windows-KnownFolders","Error 0x80070003 occurred while verifying known folder {24d89e24-2f19-4534-9dde-6a6671fbb8fe} with path 'C:\Windows\ServiceProfiles\LocalService\OneDrive\Documents'."
"11-08-2026 13:02:58","1002","Warning","Microsoft-Windows-KnownFolders","Error 0x80070002 occurred while verifying known folder {a52bba46-e9e1-435f-b3d9-28daa648c0f6} with path 'C:\Windows\ServiceProfiles\LocalService\OneDrive'."
"11-08-2026 13:02:58","1002","Warning","Microsoft-Windows-KnownFolders","Error 0x80070002 occurred while verifying known folder {56784854-c6cb-462b-8169-88e350acb882} with path 'C:\Windows\ServiceProfiles\LocalService\Contacts'."
"11-08-2026 13:02:58","1002","Warning","Microsoft-Windows-KnownFolders","Error 0x80070003 occurred while verifying known folder {9e52ab10-f80d-49df-acb8-4330f5687855} with path 'C:\Windows\ServiceProfiles\LocalService\AppData\Local\Microsoft\Windows\Burn\Burn'."
"11-08-2026 13:02:58","1002","Warning","Microsoft-Windows-KnownFolders","Error 0x80070002 occurred while verifying known folder {724ef170-a42d-4fef-9f26-b60e846fba4f} with path 'C:\Windows\ServiceProfiles\LocalService\AppData\Roaming\Microsoft\Windows\Start Menu\Programs\Administrative Tools'."
"11-08-2026 13:02:58","1002","Warning","Microsoft-Windows-KnownFolders","Error 0x80070002 occurred while verifying known folder {b97d20bb-f46a-4c97-ba10-5e3608430854} with path 'C:\Windows\ServiceProfiles\LocalService\AppData\Roaming\Microsoft\Windows\Start Menu\Programs\Startup'."
"11-08-2026 13:02:43","1002","Warning","Microsoft-Windows-KnownFolders","Error 0x80070003 occurred while verifying known folder {bcbd3057-ca5c-4622-b42d-bc56db0ae516} with path 'C:\Windows\system32\config\systemprofile\AppData\Local\Programs\Common'."
"11-08-2026 13:02:43","1002","Warning","Microsoft-Windows-KnownFolders","Error 0x80070002 occurred while verifying known folder {5cd7aee2-2219-4a67-b85d-6c9ce15660cb} with path 'C:\Windows\system32\config\systemprofile\AppData\Local\Programs'."
"11-08-2026 13:02:43","1002","Warning","Microsoft-Windows-KnownFolders","Error 0x80070003 occurred while verifying known folder {339719b5-8c47-4894-94c2-d8f77add44a6} with path 'C:\Windows\system32\config\systemprofile\OneDrive\Pictures'."
"11-08-2026 13:02:43","1002","Warning","Microsoft-Windows-KnownFolders","Error 0x80070003 occurred while verifying known folder {24d89e24-2f19-4534-9dde-6a6671fbb8fe} with path 'C:\Windows\system32\config\systemprofile\OneDrive\Documents'."
"11-08-2026 13:02:43","1002","Warning","Microsoft-Windows-KnownFolders","Error 0x80070002 occurred while verifying known folder {a52bba46-e9e1-435f-b3d9-28daa648c0f6} with path 'C:\Windows\system32\config\systemprofile\OneDrive'."
"11-08-2026 13:02:43","1002","Warning","Microsoft-Windows-KnownFolders","Error 0x80070002 occurred while verifying known folder {56784854-c6cb-462b-8169-88e350acb882} with path 'C:\Windows\system32\config\systemprofile\Contacts'."
"11-08-2026 13:02:43","1002","Warning","Microsoft-Windows-KnownFolders","Error 0x80070002 occurred while verifying known folder {374de290-123f-4565-9164-39c4925e467b} with path 'C:\Windows\system32\config\systemprofile\Downloads'."
"11-08-2026 13:02:43","1002","Warning","Microsoft-Windows-KnownFolders","Error 0x80070003 occurred while verifying known folder {9e52ab10-f80d-49df-acb8-4330f5687855} with path 'C:\Windows\system32\config\systemprofile\AppData\Local\Microsoft\Windows\Burn\Burn'."
"11-08-2026 13:02:43","1002","Warning","Microsoft-Windows-KnownFolders","Error 0x80070003 occurred while verifying known folder {724ef170-a42d-4fef-9f26-b60e846fba4f} with path 'C:\Windows\system32\config\systemprofile\AppData\Roaming\Microsoft\Windows\Start Menu\Programs\Administrative Tools'."
"11-08-2026 13:02:43","1002","Warning","Microsoft-Windows-KnownFolders","Error 0x80070002 occurred while verifying known folder {33e28130-4e1e-4676-835a-98395c3bc3bb} with path 'C:\Windows\system32\config\systemprofile\Pictures'."
"11-08-2026 13:02:43","1002","Warning","Microsoft-Windows-KnownFolders","Error 0x80070003 occurred while verifying known folder {9274bd8d-cfd1-41c3-b35e-b13f55a758f4} with path 'C:\Windows\system32\config\systemprofile\AppData\Roaming\Microsoft\Windows\Printer Shortcuts'."
"11-08-2026 13:02:43","1002","Warning","Microsoft-Windows-KnownFolders","Error 0x80070003 occurred while verifying known folder {a63293e8-664e-48db-a079-df759e0509f7} with path 'C:\Windows\system32\config\systemprofile\AppData\Roaming\Microsoft\Windows\Templates'."
"11-08-2026 13:02:43","1002","Warning","Microsoft-Windows-KnownFolders","Error 0x80070003 occurred while verifying known folder {c5abbf53-e17f-4121-8900-86626fc2c973} with path 'C:\Windows\system32\config\systemprofile\AppData\Roaming\Microsoft\Windows\Network Shortcuts'."
"11-08-2026 13:02:43","1002","Warning","Microsoft-Windows-KnownFolders","Error 0x80070002 occurred while verifying known folder {b4bfcc3a-db2c-424c-b029-7fe99a87c641} with path 'C:\Windows\system32\config\systemprofile\Desktop'."
"11-08-2026 13:02:43","1002","Warning","Microsoft-Windows-KnownFolders","Error 0x80070002 occurred while verifying known folder {18989b1d-99b5-455b-841c-ab7c74e4ddfc} with path 'C:\Windows\system32\config\systemprofile\Videos'."
"11-08-2026 13:02:43","1002","Warning","Microsoft-Windows-KnownFolders","Error 0x80070002 occurred while verifying known folder {4bd8d571-6d19-48d3-be97-422220080e43} with path 'C:\Windows\system32\config\systemprofile\Music'."
"11-08-2026 13:02:43","1002","Warning","Microsoft-Windows-KnownFolders","Error 0x80070003 occurred while verifying known folder {625b53c3-ab48-4ec1-ba1f-a1ef4146fc19} with path 'C:\Windows\system32\config\systemprofile\AppData\Roaming\Microsoft\Windows\Start Menu'."
"11-08-2026 13:02:43","1002","Warning","Microsoft-Windows-KnownFolders","Error 0x80070003 occurred while verifying known folder {8983036c-27c0-404b-8f08-102d10dcfd74} with path 'C:\Windows\system32\config\systemprofile\AppData\Roaming\Microsoft\Windows\SendTo'."
"11-08-2026 13:02:43","1002","Warning","Microsoft-Windows-KnownFolders","Error 0x80070003 occurred while verifying known folder {ae50c081-ebd2-438a-8655-8a092e34987a} with path 'C:\Windows\system32\config\systemprofile\AppData\Roaming\Microsoft\Windows\Recent'."
"11-08-2026 13:02:43","1002","Warning","Microsoft-Windows-KnownFolders","Error 0x80070003 occurred while verifying known folder {b97d20bb-f46a-4c97-ba10-5e3608430854} with path 'C:\Windows\system32\config\systemprofile\AppData\Roaming\Microsoft\Windows\Start Menu\Programs\Startup'."
"11-08-2026 13:02:43","1002","Warning","Microsoft-Windows-KnownFolders","Error 0x80070002 occurred while verifying known folder {1777f761-68ad-4d8a-87bd-30b759fa33dd} with path 'C:\Windows\system32\config\systemprofile\Favorites'."
"11-08-2026 13:02:43","1002","Warning","Microsoft-Windows-KnownFolders","Error 0x80070003 occurred while verifying known folder {a77f5d77-2e2b-44c3-a6a2-aba601054a51} with path 'C:\Windows\system32\config\systemprofile\AppData\Roaming\Microsoft\Windows\Start Menu\Programs'."
"11-08-2026 12:29:14","1002","Warning","Microsoft-Windows-KnownFolders","Error 0x80070005 occurred while verifying known folder {62ab5d82-fdc1-4dc3-a9dd-070d1d495d97} with path 'C:\ProgramData'."
"11-08-2026 12:17:10","1002","Warning","Microsoft-Windows-KnownFolders","Error 0x80070005 occurred while verifying known folder {62ab5d82-fdc1-4dc3-a9dd-070d1d495d97} with path 'C:\ProgramData'."
"11-08-2026 12:16:02","1000","Warning","Microsoft-Windows-KnownFolders","Error 0x80070005 occurred while creating known folder {3eb685db-65f9-4cf6-a03a-e3ef65729f3d} with path 'C:\Windows\system32\config\systemprofile\AppData\Roaming'."
"11-08-2026 12:12:22","1002","Warning","Microsoft-Windows-KnownFolders","Error 0x80070005 occurred while verifying known folder {62ab5d82-fdc1-4dc3-a9dd-070d1d495d97} with path 'C:\ProgramData'."
"11-08-2026 12:10:52","1002","Warning","Microsoft-Windows-KnownFolders","Error 0x80070002 occurred while verifying known folder {b4bfcc3a-db2c-424c-b029-7fe99a87c641} with path 'C:\Windows\system32\config\systemprofile\Desktop'."
"11-08-2026 12:10:52","1002","Warning","Microsoft-Windows-KnownFolders","Error 0x80070003 occurred while verifying known folder {625b53c3-ab48-4ec1-ba1f-a1ef4146fc19} with path 'C:\Windows\system32\config\systemprofile\AppData\Roaming\Microsoft\Windows\Start Menu'."
"11-08-2026 12:10:52","1002","Warning","Microsoft-Windows-KnownFolders","Error 0x80070002 occurred while verifying known folder {1777f761-68ad-4d8a-87bd-30b759fa33dd} with path 'C:\Windows\system32\config\systemprofile\Favorites'."
"11-08-2026 12:10:02","1002","Warning","Microsoft-Windows-KnownFolders","Error 0x80070002 occurred while verifying known folder {c1bae2d0-10df-4334-bedd-7aa20b227a9d} with path 'C:\ProgramData\OEM Links'."
"11-08-2026 12:10:02","1002","Warning","Microsoft-Windows-KnownFolders","Error 0x80070002 occurred while verifying known folder {a440879f-87a0-4f7d-b700-0207b966194a} with path 'C:\ProgramData\Microsoft\Windows\Start Menu Places'."
"11-08-2026 12:10:02","1002","Warning","Microsoft-Windows-KnownFolders","Error 0x80070002 occurred while verifying known folder {12d4c69e-24ad-4923-be19-31321c43a767} with path 'C:\ProgramData\Microsoft\Windows\RetailDemo'."
"11-08-2026 12:10:02","1002","Warning","Microsoft-Windows-KnownFolders","Error 0x80070002 occurred while verifying known folder {859ead94-2e85-48ad-a71a-0969cb56a6cd} with path 'C:\Users\Public\Videos\Sample Videos'."
"11-08-2026 12:10:02","1002","Warning","Microsoft-Windows-KnownFolders","Error 0x80070002 occurred while verifying known folder {b250c668-f57d-4ee1-a63c-290ee7d1aa1f} with path 'C:\Users\Public\Music\Sample Music'."
"11-08-2026 12:10:02","1002","Warning","Microsoft-Windows-KnownFolders","Error 0x80070002 occurred while verifying known folder {2a00375e-224c-49de-b8d1-440df7ef3ddc} with path 'C:\Windows\resources\0409'."
"11-08-2026 12:10:02","1002","Warning","Microsoft-Windows-KnownFolders","Error 0x80070002 occurred while verifying known folder {c4900540-2379-4c75-844b-64e6faf8716b} with path 'C:\Users\Public\Pictures\Sample Pictures'."
"11-08-2026 12:10:02","1002","Warning","Microsoft-Windows-KnownFolders","Error 0x80070002 occurred while verifying known folder {c1bae2d0-10df-4334-bedd-7aa20b227a9d} with path 'C:\ProgramData\OEM Links'."
"11-08-2026 12:10:02","1002","Warning","Microsoft-Windows-KnownFolders","Error 0x80070002 occurred while verifying known folder {a440879f-87a0-4f7d-b700-0207b966194a} with path 'C:\ProgramData\Microsoft\Windows\Start Menu Places'."
"11-08-2026 12:10:02","1002","Warning","Microsoft-Windows-KnownFolders","Error 0x80070002 occurred while verifying known folder {12d4c69e-24ad-4923-be19-31321c43a767} with path 'C:\ProgramData\Microsoft\Windows\RetailDemo'."
"11-08-2026 12:10:02","1002","Warning","Microsoft-Windows-KnownFolders","Error 0x80070002 occurred while verifying known folder {859ead94-2e85-48ad-a71a-0969cb56a6cd} with path 'C:\Users\Public\Videos\Sample Videos'."
"11-08-2026 12:10:02","1002","Warning","Microsoft-Windows-KnownFolders","Error 0x80070002 occurred while verifying known folder {b250c668-f57d-4ee1-a63c-290ee7d1aa1f} with path 'C:\Users\Public\Music\Sample Music'."
"11-08-2026 12:10:02","1002","Warning","Microsoft-Windows-KnownFolders","Error 0x80070002 occurred while verifying known folder {2a00375e-224c-49de-b8d1-440df7ef3ddc} with path 'C:\Windows\resources\0409'."
"11-08-2026 12:10:02","1002","Warning","Microsoft-Windows-KnownFolders","Error 0x80070002 occurred while verifying known folder {c4900540-2379-4c75-844b-64e6faf8716b} with path 'C:\Users\Public\Pictures\Sample Pictures'."
"11-08-2026 12:09:33","1000","Warning","Microsoft-Windows-KnownFolders","Error 0x80070005 occurred while creating known folder {3eb685db-65f9-4cf6-a03a-e3ef65729f3d} with path 'C:\Windows\system32\config\systemprofile\AppData\Roaming'."
"11-08-2026 12:09:33","1000","Warning","Microsoft-Windows-KnownFolders","Error 0x80070005 occurred while creating known folder {5e6c858f-0e22-4760-9afe-ea3317b67173} with path 'C:\Windows\system32\config\systemprofile'."
"11-08-2026 12:09:33","1000","Warning","Microsoft-Windows-KnownFolders","Error 0x80070005 occurred while creating known folder {3eb685db-65f9-4cf6-a03a-e3ef65729f3d} with path 'C:\Windows\system32\config\systemprofile\AppData\Roaming'."
"11-08-2026 12:09:33","1000","Warning","Microsoft-Windows-KnownFolders","Error 0x80070005 occurred while creating known folder {5e6c858f-0e22-4760-9afe-ea3317b67173} with path 'C:\Windows\system32\config\systemprofile'."
"11-08-2026 12:09:13","1002","Warning","Microsoft-Windows-KnownFolders","Error 0x80070005 occurred while verifying known folder {5e6c858f-0e22-4760-9afe-ea3317b67173} with path 'C:\Users\arjo5004'."
"11-08-2026 12:07:46","1002","Warning","Microsoft-Windows-KnownFolders","Error 0x80070005 occurred while verifying known folder {62ab5d82-fdc1-4dc3-a9dd-070d1d495d97} with path 'C:\ProgramData'."
"11-08-2026 12:07:43","1002","Warning","Microsoft-Windows-KnownFolders","Error 0x80070003 occurred while verifying known folder {bcbd3057-ca5c-4622-b42d-bc56db0ae516} with path 'C:\Windows\ServiceProfiles\SQLTELEMETRY$BARTENDER\AppData\Local\Programs\Common'."
"11-08-2026 12:07:43","1002","Warning","Microsoft-Windows-KnownFolders","Error 0x80070002 occurred while verifying known folder {5cd7aee2-2219-4a67-b85d-6c9ce15660cb} with path 'C:\Windows\ServiceProfiles\SQLTELEMETRY$BARTENDER\AppData\Local\Programs'."
"11-08-2026 12:07:43","1002","Warning","Microsoft-Windows-KnownFolders","Error 0x80070002 occurred while verifying known folder {339719b5-8c47-4894-94c2-d8f77add44a6} with path 'C:\Windows\ServiceProfiles\SQLTELEMETRY$BARTENDER\OneDrive\Pictures'."
"11-08-2026 12:07:43","1002","Warning","Microsoft-Windows-KnownFolders","Error 0x80070002 occurred while verifying known folder {24d89e24-2f19-4534-9dde-6a6671fbb8fe} with path 'C:\Windows\ServiceProfiles\SQLTELEMETRY$BARTENDER\OneDrive\Documents'."
"11-08-2026 12:07:43","1002","Warning","Microsoft-Windows-KnownFolders","Error 0x80070002 occurred while verifying known folder {56784854-c6cb-462b-8169-88e350acb882} with path 'C:\Windows\ServiceProfiles\SQLTELEMETRY$BARTENDER\Contacts'."
"11-08-2026 12:07:43","1002","Warning","Microsoft-Windows-KnownFolders","Error 0x80070003 occurred while verifying known folder {9e52ab10-f80d-49df-acb8-4330f5687855} with path 'C:\Windows\ServiceProfiles\SQLTELEMETRY$BARTENDER\AppData\Local\Microsoft\Windows\Burn\Burn'."
"11-08-2026 12:07:19","1002","Warning","Microsoft-Windows-KnownFolders","Error 0x80070005 occurred while verifying known folder {62ab5d82-fdc1-4dc3-a9dd-070d1d495d97} with path 'C:\ProgramData'."
"11-08-2026 12:07:13","1002","Warning","Microsoft-Windows-KnownFolders","Error 0x80070005 occurred while verifying known folder {5e6c858f-0e22-4760-9afe-ea3317b67173} with path 'C:\Users\arjo5004'."
"11-08-2026 12:07:13","1002","Warning","Microsoft-Windows-KnownFolders","Error 0x80070005 occurred while verifying known folder {b4bfcc3a-db2c-424c-b029-7fe99a87c641} with path 'C:\Users\arjo5004\Desktop'."
"11-08-2026 12:07:13","1002","Warning","Microsoft-Windows-KnownFolders","Error 0x80070005 occurred while verifying known folder {62ab5d82-fdc1-4dc3-a9dd-070d1d495d97} with path 'C:\ProgramData'."
"11-08-2026 12:07:13","1002","Warning","Microsoft-Windows-KnownFolders","Error 0x80070005 occurred while verifying known folder {62ab5d82-fdc1-4dc3-a9dd-070d1d495d97} with path 'C:\ProgramData'."
"11-08-2026 12:07:10","1002","Warning","Microsoft-Windows-KnownFolders","Error 0x80070002 occurred while verifying known folder {339719b5-8c47-4894-94c2-d8f77add44a6} with path 'C:\Users\arjo5004\OneDrive\Pictures'."
"11-08-2026 12:07:10","1002","Warning","Microsoft-Windows-KnownFolders","Error 0x80070002 occurred while verifying known folder {24d89e24-2f19-4534-9dde-6a6671fbb8fe} with path 'C:\Users\arjo5004\OneDrive\Documents'."
"11-08-2026 12:07:08","1000","Warning","Microsoft-Windows-KnownFolders","Error 0x80070005 occurred while creating known folder {f1b32785-6fba-4fcf-9d55-7b8e7f157091} with path 'C:\Windows\system32\config\systemprofile\AppData\Local'."
"11-08-2026 12:05:22","1002","Warning","Microsoft-Windows-KnownFolders","Error 0x80070002 occurred while verifying known folder {b4bfcc3a-db2c-424c-b029-7fe99a87c641} with path 'C:\Windows\system32\config\systemprofile\Desktop'."
"11-08-2026 12:05:22","1002","Warning","Microsoft-Windows-KnownFolders","Error 0x80070002 occurred while verifying known folder {33e28130-4e1e-4676-835a-98395c3bc3bb} with path 'C:\Windows\system32\config\systemprofile\Pictures'."
"11-08-2026 12:02:43","1002","Warning","Microsoft-Windows-KnownFolders","Error 0x80070003 occurred while verifying known folder {bcbd3057-ca5c-4622-b42d-bc56db0ae516} with path 'C:\Windows\ServiceProfiles\NetworkService\AppData\Local\Programs\Common'."
"11-08-2026 12:02:43","1002","Warning","Microsoft-Windows-KnownFolders","Error 0x80070002 occurred while verifying known folder {5cd7aee2-2219-4a67-b85d-6c9ce15660cb} with path 'C:\Windows\ServiceProfiles\NetworkService\AppData\Local\Programs'."
"11-08-2026 12:02:43","1002","Warning","Microsoft-Windows-KnownFolders","Error 0x80070003 occurred while verifying known folder {339719b5-8c47-4894-94c2-d8f77add44a6} with path 'C:\Windows\ServiceProfiles\NetworkService\OneDrive\Pictures'."
"11-08-2026 12:02:43","1002","Warning","Microsoft-Windows-KnownFolders","Error 0x80070003 occurred while verifying known folder {24d89e24-2f19-4534-9dde-6a6671fbb8fe} with path 'C:\Windows\ServiceProfiles\NetworkService\OneDrive\Documents'."
"11-08-2026 12:02:43","1002","Warning","Microsoft-Windows-KnownFolders","Error 0x80070002 occurred while verifying known folder {a52bba46-e9e1-435f-b3d9-28daa648c0f6} with path 'C:\Windows\ServiceProfiles\NetworkService\OneDrive'."
"11-08-2026 12:02:43","1002","Warning","Microsoft-Windows-KnownFolders","Error 0x80070002 occurred while verifying known folder {56784854-c6cb-462b-8169-88e350acb882} with path 'C:\Windows\ServiceProfiles\NetworkService\Contacts'."
"11-08-2026 12:02:43","1002","Warning","Microsoft-Windows-KnownFolders","Error 0x80070003 occurred while verifying known folder {9e52ab10-f80d-49df-acb8-4330f5687855} with path 'C:\Windows\ServiceProfiles\NetworkService\AppData\Local\Microsoft\Windows\Burn\Burn'."
"11-08-2026 12:02:43","1002","Warning","Microsoft-Windows-KnownFolders","Error 0x80070002 occurred while verifying known folder {724ef170-a42d-4fef-9f26-b60e846fba4f} with path 'C:\Windows\ServiceProfiles\NetworkService\AppData\Roaming\Microsoft\Windows\Start Menu\Programs\Administrative Tools'."
"11-08-2026 12:02:43","1002","Warning","Microsoft-Windows-KnownFolders","Error 0x80070002 occurred while verifying known folder {b97d20bb-f46a-4c97-ba10-5e3608430854} with path 'C:\Windows\ServiceProfiles\NetworkService\AppData\Roaming\Microsoft\Windows\Start Menu\Programs\Startup'."
"11-08-2026 12:02:42","1002","Warning","Microsoft-Windows-KnownFolders","Error 0x80070003 occurred while verifying known folder {bcbd3057-ca5c-4622-b42d-bc56db0ae516} with path 'C:\Windows\ServiceProfiles\LocalService\AppData\Local\Programs\Common'."
"11-08-2026 12:02:42","1002","Warning","Microsoft-Windows-KnownFolders","Error 0x80070002 occurred while verifying known folder {5cd7aee2-2219-4a67-b85d-6c9ce15660cb} with path 'C:\Windows\ServiceProfiles\LocalService\AppData\Local\Programs'."
"11-08-2026 12:02:42","1002","Warning","Microsoft-Windows-KnownFolders","Error 0x80070003 occurred while verifying known folder {339719b5-8c47-4894-94c2-d8f77add44a6} with path 'C:\Windows\ServiceProfiles\LocalService\OneDrive\Pictures'."
"11-08-2026 12:02:42","1002","Warning","Microsoft-Windows-KnownFolders","Error 0x80070003 occurred while verifying known folder {24d89e24-2f19-4534-9dde-6a6671fbb8fe} with path 'C:\Windows\ServiceProfiles\LocalService\OneDrive\Documents'."
"11-08-2026 12:02:42","1002","Warning","Microsoft-Windows-KnownFolders","Error 0x80070002 occurred while verifying known folder {a52bba46-e9e1-435f-b3d9-28daa648c0f6} with path 'C:\Windows\ServiceProfiles\LocalService\OneDrive'."
"11-08-2026 12:02:42","1002","Warning","Microsoft-Windows-KnownFolders","Error 0x80070002 occurred while verifying known folder {56784854-c6cb-462b-8169-88e350acb882} with path 'C:\Windows\ServiceProfiles\LocalService\Contacts'."
"11-08-2026 12:02:42","1002","Warning","Microsoft-Windows-KnownFolders","Error 0x80070003 occurred while verifying known folder {9e52ab10-f80d-49df-acb8-4330f5687855} with path 'C:\Windows\ServiceProfiles\LocalService\AppData\Local\Microsoft\Windows\Burn\Burn'."
"11-08-2026 12:02:42","1002","Warning","Microsoft-Windows-KnownFolders","Error 0x80070002 occurred while verifying known folder {724ef170-a42d-4fef-9f26-b60e846fba4f} with path 'C:\Windows\ServiceProfiles\LocalService\AppData\Roaming\Microsoft\Windows\Start Menu\Programs\Administrative Tools'."
"11-08-2026 12:02:42","1002","Warning","Microsoft-Windows-KnownFolders","Error 0x80070002 occurred while verifying known folder {b97d20bb-f46a-4c97-ba10-5e3608430854} with path 'C:\Windows\ServiceProfiles\LocalService\AppData\Roaming\Microsoft\Windows\Start Menu\Programs\Startup'."
"11-08-2026 12:02:42","1002","Warning","Microsoft-Windows-KnownFolders","Error 0x80070003 occurred while verifying known folder {bcbd3057-ca5c-4622-b42d-bc56db0ae516} with path 'C:\Windows\system32\config\systemprofile\AppData\Local\Programs\Common'."
"11-08-2026 12:02:42","1002","Warning","Microsoft-Windows-KnownFolders","Error 0x80070002 occurred while verifying known folder {5cd7aee2-2219-4a67-b85d-6c9ce15660cb} with path 'C:\Windows\system32\config\systemprofile\AppData\Local\Programs'."
"11-08-2026 12:02:42","1002","Warning","Microsoft-Windows-KnownFolders","Error 0x80070003 occurred while verifying known folder {339719b5-8c47-4894-94c2-d8f77add44a6} with path 'C:\Windows\system32\config\systemprofile\OneDrive\Pictures'."
"11-08-2026 12:02:42","1002","Warning","Microsoft-Windows-KnownFolders","Error 0x80070003 occurred while verifying known folder {24d89e24-2f19-4534-9dde-6a6671fbb8fe} with path 'C:\Windows\system32\config\systemprofile\OneDrive\Documents'."
"11-08-2026 12:02:42","1002","Warning","Microsoft-Windows-KnownFolders","Error 0x80070002 occurred while verifying known folder {a52bba46-e9e1-435f-b3d9-28daa648c0f6} with path 'C:\Windows\system32\config\systemprofile\OneDrive'."
"11-08-2026 12:02:42","1002","Warning","Microsoft-Windows-KnownFolders","Error 0x80070002 occurred while verifying known folder {56784854-c6cb-462b-8169-88e350acb882} with path 'C:\Windows\system32\config\systemprofile\Contacts'."
"11-08-2026 12:02:42","1002","Warning","Microsoft-Windows-KnownFolders","Error 0x80070002 occurred while verifying known folder {374de290-123f-4565-9164-39c4925e467b} with path 'C:\Windows\system32\config\systemprofile\Downloads'."
"11-08-2026 12:02:42","1002","Warning","Microsoft-Windows-KnownFolders","Error 0x80070003 occurred while verifying known folder {9e52ab10-f80d-49df-acb8-4330f5687855} with path 'C:\Windows\system32\config\systemprofile\AppData\Local\Microsoft\Windows\Burn\Burn'."
"11-08-2026 12:02:42","1002","Warning","Microsoft-Windows-KnownFolders","Error 0x80070003 occurred while verifying known folder {724ef170-a42d-4fef-9f26-b60e846fba4f} with path 'C:\Windows\system32\config\systemprofile\AppData\Roaming\Microsoft\Windows\Start Menu\Programs\Administrative Tools'."
"11-08-2026 12:02:42","1002","Warning","Microsoft-Windows-KnownFolders","Error 0x80070002 occurred while verifying known folder {33e28130-4e1e-4676-835a-98395c3bc3bb} with path 'C:\Windows\system32\config\systemprofile\Pictures'."
