"18-08-2026 11:52:35","549","Error","Microsoft-Windows-StorPort","This is the first instance of the error seen during this time period                     
on Storport Device (Port = 0, Path = 0, Target = 0, Lun = 0) whose Corresponding Class Disk Device Guid is {00000000-0000-0000-0000-000000000000}:                     
The request opcode was 0xA0 and completed with SrbStatus 0x7 and ScsiStatus 0x0.                     
The sense code was (0x0,0x0,0x0).                     
The io latency was 0 ms."
"18-08-2026 11:51:37","549","Error","Microsoft-Windows-StorPort","This is the first instance of the error seen during this time period                     
on Storport Device (Port = 0, Path = 0, Target = 0, Lun = 0) whose Corresponding Class Disk Device Guid is {00000000-0000-0000-0000-000000000000}:                     
The request opcode was 0xA0 and completed with SrbStatus 0x7 and ScsiStatus 0x0.                     
The sense code was (0x0,0x0,0x0).                     
The io latency was 0 ms."
"18-08-2026 11:50:39","549","Error","Microsoft-Windows-StorPort","This is the first instance of the error seen during this time period                     
on Storport Device (Port = 0, Path = 0, Target = 0, Lun = 0) whose Corresponding Class Disk Device Guid is {00000000-0000-0000-0000-000000000000}:                     
The request opcode was 0xA0 and completed with SrbStatus 0x7 and ScsiStatus 0x0.                     
The sense code was (0x0,0x0,0x0).                     
The io latency was 0 ms."
"18-08-2026 11:49:42","549","Error","Microsoft-Windows-StorPort","This is the first instance of the error seen during this time period                     
on Storport Device (Port = 0, Path = 0, Target = 0, Lun = 0) whose Corresponding Class Disk Device Guid is {00000000-0000-0000-0000-000000000000}:                     
The request opcode was 0xA0 and completed with SrbStatus 0x7 and ScsiStatus 0x0.                     
The sense code was (0x0,0x0,0x0).                     
The io latency was 0 ms."
"18-08-2026 11:48:44","549","Error","Microsoft-Windows-StorPort","This is the first instance of the error seen during this time period                     
on Storport Device (Port = 0, Path = 0, Target = 0, Lun = 0) whose Corresponding Class Disk Device Guid is {00000000-0000-0000-0000-000000000000}:                     
The request opcode was 0xA0 and completed with SrbStatus 0x7 and ScsiStatus 0x0.                     
The sense code was (0x0,0x0,0x0).                     
The io latency was 0 ms."
"18-08-2026 11:47:49","549","Error","Microsoft-Windows-StorPort","This is the first instance of the error seen during this time period                     
on Storport Device (Port = 0, Path = 0, Target = 0, Lun = 0) whose Corresponding Class Disk Device Guid is {00000000-0000-0000-0000-000000000000}:                     
The request opcode was 0xA0 and completed with SrbStatus 0x7 and ScsiStatus 0x0.                     
The sense code was (0x0,0x0,0x0).                     
The io latency was 0 ms."
"18-08-2026 11:47:14","549","Error","Microsoft-Windows-StorPort","This is the first instance of the error seen during this time period                     
on Storport Device (Port = 0, Path = 2, Target = 0, Lun = 0) whose Corresponding Class Disk Device Guid is {0d0616a1-3adc-3de7-d9a2-784fe4e2d52a}:                     
The request opcode was 0x85 and completed with SrbStatus 0x6 and ScsiStatus 0x2.                     
The sense code was (0x5,0x20,0x0).                     
The io latency was 1 ms."
"18-08-2026 11:46:48","549","Error","Microsoft-Windows-StorPort","This is the first instance of the error seen during this time period                     
on Storport Device (Port = 0, Path = 0, Target = 0, Lun = 0) whose Corresponding Class Disk Device Guid is {00000000-0000-0000-0000-000000000000}:                     
The request opcode was 0xA0 and completed with SrbStatus 0x7 and ScsiStatus 0x0.                     
The sense code was (0x0,0x0,0x0).                     
The io latency was 0 ms."
"18-08-2026 11:45:51","549","Error","Microsoft-Windows-StorPort","This is the first instance of the error seen during this time period                     
on Storport Device (Port = 0, Path = 0, Target = 0, Lun = 0) whose Corresponding Class Disk Device Guid is {00000000-0000-0000-0000-000000000000}:                     
The request opcode was 0xA0 and completed with SrbStatus 0x7 and ScsiStatus 0x0.                     
The sense code was (0x0,0x0,0x0).                     
The io latency was 0 ms."
"18-08-2026 11:44:53","549","Error","Microsoft-Windows-StorPort","This is the first instance of the error seen during this time period                     
on Storport Device (Port = 0, Path = 0, Target = 0, Lun = 0) whose Corresponding Class Disk Device Guid is {00000000-0000-0000-0000-000000000000}:                     
The request opcode was 0xA0 and completed with SrbStatus 0x7 and ScsiStatus 0x0.                     
The sense code was (0x0,0x0,0x0).                     
The io latency was 0 ms."
"18-08-2026 11:44:43","504","Information","Microsoft-Windows-StorPort","Error summary for Storport Device (Port = 0, Path = 2, Target = 0, Lun = 0) whose Corresponding Class Disk Device Guid is {0d0616a1-3adc-3de7-d9a2-784fe4e2d52a}:                     
There were 12 total errors seen and 0 timeouts.                     
The last error seen had opcode 0x85 and completed with SrbStatus 0x6 and ScsiStatus 0x2.                     
The sense code was (0x5,0x20,0x0).                     
The latency was 1 ms."
"18-08-2026 11:44:43","505","Information","Microsoft-Windows-StorPort","Performance summary for Storport Device (Port = 0, Path = 2, Target = 0, Lun = 0) whose Corresponding Class Disk Device Guid is {0d0616a1-3adc-3de7-d9a2-784fe4e2d52a}:                 
Total IO:941942                 
For latency buckets of 128us, 256us, 512us, 1ms, 4ms, 16ms, 64ms, 128ms, 256ms, 512ms, 1000ms, 2000ms, 10000ms, 10000+ms,                 
The IO success counts are 725209, 114071, 28821, 30055, 35423, 4774, 2646, 842, 101, 0, 0, 0, 0, 0.                 
The IO failed counts are 0, 0, 0, 0, 0, 0, 0, 0, 0, 0, 0, 0, 0, 0.                 
The IO total latency (in 100ns) are 425997049, 198600290, 101365818, 221177592, 926663346, 334615182, 1074859446, 663087022, 149126773, 0, 0, 0, 0, 0.                 
Total Bytes Read:14007178240                 
Total Bytes Written:11384504832"
"18-08-2026 11:43:55","549","Error","Microsoft-Windows-StorPort","This is the first instance of the error seen during this time period                     
on Storport Device (Port = 0, Path = 0, Target = 0, Lun = 0) whose Corresponding Class Disk Device Guid is {00000000-0000-0000-0000-000000000000}:                     
The request opcode was 0xA0 and completed with SrbStatus 0x7 and ScsiStatus 0x0.                     
The sense code was (0x0,0x0,0x0).                     
The io latency was 0 ms."
"18-08-2026 11:42:57","549","Error","Microsoft-Windows-StorPort","This is the first instance of the error seen during this time period                     
on Storport Device (Port = 0, Path = 0, Target = 0, Lun = 0) whose Corresponding Class Disk Device Guid is {00000000-0000-0000-0000-000000000000}:                     
The request opcode was 0xA0 and completed with SrbStatus 0x7 and ScsiStatus 0x0.                     
The sense code was (0x0,0x0,0x0).                     
The io latency was 0 ms."
"18-08-2026 11:41:59","549","Error","Microsoft-Windows-StorPort","This is the first instance of the error seen during this time period                     
on Storport Device (Port = 0, Path = 0, Target = 0, Lun = 0) whose Corresponding Class Disk Device Guid is {00000000-0000-0000-0000-000000000000}:                     
The request opcode was 0xA0 and completed with SrbStatus 0x7 and ScsiStatus 0x0.                     
The sense code was (0x0,0x0,0x0).                     
The io latency was 0 ms."
"18-08-2026 11:41:02","549","Error","Microsoft-Windows-StorPort","This is the first instance of the error seen during this time period                     
on Storport Device (Port = 0, Path = 0, Target = 0, Lun = 0) whose Corresponding Class Disk Device Guid is {00000000-0000-0000-0000-000000000000}:                     
The request opcode was 0xA0 and completed with SrbStatus 0x7 and ScsiStatus 0x0.                     
The sense code was (0x0,0x0,0x0).                     
The io latency was 0 ms."
"18-08-2026 11:40:04","549","Error","Microsoft-Windows-StorPort","This is the first instance of the error seen during this time period                     
on Storport Device (Port = 0, Path = 0, Target = 0, Lun = 0) whose Corresponding Class Disk Device Guid is {00000000-0000-0000-0000-000000000000}:                     
The request opcode was 0xA0 and completed with SrbStatus 0x7 and ScsiStatus 0x0.                     
The sense code was (0x0,0x0,0x0).                     
The io latency was 0 ms."
"18-08-2026 11:39:06","549","Error","Microsoft-Windows-StorPort","This is the first instance of the error seen during this time period                     
on Storport Device (Port = 0, Path = 0, Target = 0, Lun = 0) whose Corresponding Class Disk Device Guid is {00000000-0000-0000-0000-000000000000}:                     
The request opcode was 0xA0 and completed with SrbStatus 0x7 and ScsiStatus 0x0.                     
The sense code was (0x0,0x0,0x0).                     
The io latency was 0 ms."
"18-08-2026 11:38:09","549","Error","Microsoft-Windows-StorPort","This is the first instance of the error seen during this time period                     
on Storport Device (Port = 0, Path = 0, Target = 0, Lun = 0) whose Corresponding Class Disk Device Guid is {00000000-0000-0000-0000-000000000000}:                     
The request opcode was 0xA0 and completed with SrbStatus 0x7 and ScsiStatus 0x0.                     
The sense code was (0x0,0x0,0x0).                     
The io latency was 0 ms."
"18-08-2026 11:37:11","549","Error","Microsoft-Windows-StorPort","This is the first instance of the error seen during this time period                     
on Storport Device (Port = 0, Path = 0, Target = 0, Lun = 0) whose Corresponding Class Disk Device Guid is {00000000-0000-0000-0000-000000000000}:                     
The request opcode was 0xA0 and completed with SrbStatus 0x7 and ScsiStatus 0x0.                     
The sense code was (0x0,0x0,0x0).                     
The io latency was 0 ms."
"18-08-2026 11:36:13","549","Error","Microsoft-Windows-StorPort","This is the first instance of the error seen during this time period                     
on Storport Device (Port = 0, Path = 0, Target = 0, Lun = 0) whose Corresponding Class Disk Device Guid is {00000000-0000-0000-0000-000000000000}:                     
The request opcode was 0xA0 and completed with SrbStatus 0x7 and ScsiStatus 0x0.                     
The sense code was (0x0,0x0,0x0).                     
The io latency was 0 ms."
"18-08-2026 11:35:15","549","Error","Microsoft-Windows-StorPort","This is the first instance of the error seen during this time period                     
on Storport Device (Port = 0, Path = 0, Target = 0, Lun = 0) whose Corresponding Class Disk Device Guid is {00000000-0000-0000-0000-000000000000}:                     
The request opcode was 0xA0 and completed with SrbStatus 0x7 and ScsiStatus 0x0.                     
The sense code was (0x0,0x0,0x0).                     
The io latency was 0 ms."
"18-08-2026 11:34:17","549","Error","Microsoft-Windows-StorPort","This is the first instance of the error seen during this time period                     
on Storport Device (Port = 0, Path = 0, Target = 0, Lun = 0) whose Corresponding Class Disk Device Guid is {00000000-0000-0000-0000-000000000000}:                     
The request opcode was 0xA0 and completed with SrbStatus 0x7 and ScsiStatus 0x0.                     
The sense code was (0x0,0x0,0x0).                     
The io latency was 0 ms."
"18-08-2026 11:33:20","549","Error","Microsoft-Windows-StorPort","This is the first instance of the error seen during this time period                     
on Storport Device (Port = 0, Path = 0, Target = 0, Lun = 0) whose Corresponding Class Disk Device Guid is {00000000-0000-0000-0000-000000000000}:                     
The request opcode was 0xA0 and completed with SrbStatus 0x7 and ScsiStatus 0x0.                     
The sense code was (0x0,0x0,0x0).                     
The io latency was 0 ms."
"18-08-2026 11:32:22","549","Error","Microsoft-Windows-StorPort","This is the first instance of the error seen during this time period                     
on Storport Device (Port = 0, Path = 0, Target = 0, Lun = 0) whose Corresponding Class Disk Device Guid is {00000000-0000-0000-0000-000000000000}:                     
The request opcode was 0xA0 and completed with SrbStatus 0x7 and ScsiStatus 0x0.                     
The sense code was (0x0,0x0,0x0).                     
The io latency was 0 ms."
"18-08-2026 11:31:24","549","Error","Microsoft-Windows-StorPort","This is the first instance of the error seen during this time period                     
on Storport Device (Port = 0, Path = 0, Target = 0, Lun = 0) whose Corresponding Class Disk Device Guid is {00000000-0000-0000-0000-000000000000}:                     
The request opcode was 0xA0 and completed with SrbStatus 0x7 and ScsiStatus 0x0.                     
The sense code was (0x0,0x0,0x0).                     
The io latency was 0 ms."
"18-08-2026 11:30:27","549","Error","Microsoft-Windows-StorPort","This is the first instance of the error seen during this time period                     
on Storport Device (Port = 0, Path = 0, Target = 0, Lun = 0) whose Corresponding Class Disk Device Guid is {00000000-0000-0000-0000-000000000000}:                     
The request opcode was 0xA0 and completed with SrbStatus 0x7 and ScsiStatus 0x0.                     
The sense code was (0x0,0x0,0x0).                     
The io latency was 0 ms."
"18-08-2026 11:29:29","549","Error","Microsoft-Windows-StorPort","This is the first instance of the error seen during this time period                     
on Storport Device (Port = 0, Path = 0, Target = 0, Lun = 0) whose Corresponding Class Disk Device Guid is {00000000-0000-0000-0000-000000000000}:                     
The request opcode was 0xA0 and completed with SrbStatus 0x7 and ScsiStatus 0x0.                     
The sense code was (0x0,0x0,0x0).                     
The io latency was 0 ms."
"18-08-2026 11:28:31","549","Error","Microsoft-Windows-StorPort","This is the first instance of the error seen during this time period                     
on Storport Device (Port = 0, Path = 0, Target = 0, Lun = 0) whose Corresponding Class Disk Device Guid is {00000000-0000-0000-0000-000000000000}:                     
The request opcode was 0xA0 and completed with SrbStatus 0x7 and ScsiStatus 0x0.                     
The sense code was (0x0,0x0,0x0).                     
The io latency was 0 ms."
"18-08-2026 11:27:33","549","Error","Microsoft-Windows-StorPort","This is the first instance of the error seen during this time period                     
on Storport Device (Port = 0, Path = 0, Target = 0, Lun = 0) whose Corresponding Class Disk Device Guid is {00000000-0000-0000-0000-000000000000}:                     
The request opcode was 0xA0 and completed with SrbStatus 0x7 and ScsiStatus 0x0.                     
The sense code was (0x0,0x0,0x0).                     
The io latency was 0 ms."
"18-08-2026 11:26:35","549","Error","Microsoft-Windows-StorPort","This is the first instance of the error seen during this time period                     
on Storport Device (Port = 0, Path = 0, Target = 0, Lun = 0) whose Corresponding Class Disk Device Guid is {00000000-0000-0000-0000-000000000000}:                     
The request opcode was 0xA0 and completed with SrbStatus 0x7 and ScsiStatus 0x0.                     
The sense code was (0x0,0x0,0x0).                     
The io latency was 0 ms."
"18-08-2026 11:25:38","549","Error","Microsoft-Windows-StorPort","This is the first instance of the error seen during this time period                     
on Storport Device (Port = 0, Path = 0, Target = 0, Lun = 0) whose Corresponding Class Disk Device Guid is {00000000-0000-0000-0000-000000000000}:                     
The request opcode was 0xA0 and completed with SrbStatus 0x7 and ScsiStatus 0x0.                     
The sense code was (0x0,0x0,0x0).                     
The io latency was 0 ms."
"18-08-2026 11:24:40","549","Error","Microsoft-Windows-StorPort","This is the first instance of the error seen during this time period                     
on Storport Device (Port = 0, Path = 0, Target = 0, Lun = 0) whose Corresponding Class Disk Device Guid is {00000000-0000-0000-0000-000000000000}:                     
The request opcode was 0xA0 and completed with SrbStatus 0x7 and ScsiStatus 0x0.                     
The sense code was (0x0,0x0,0x0).                     
The io latency was 0 ms."
"18-08-2026 11:23:42","549","Error","Microsoft-Windows-StorPort","This is the first instance of the error seen during this time period                     
on Storport Device (Port = 0, Path = 0, Target = 0, Lun = 0) whose Corresponding Class Disk Device Guid is {00000000-0000-0000-0000-000000000000}:                     
The request opcode was 0xA0 and completed with SrbStatus 0x7 and ScsiStatus 0x0.                     
The sense code was (0x0,0x0,0x0).                     
The io latency was 0 ms."
"18-08-2026 11:22:44","549","Error","Microsoft-Windows-StorPort","This is the first instance of the error seen during this time period                     
on Storport Device (Port = 0, Path = 0, Target = 0, Lun = 0) whose Corresponding Class Disk Device Guid is {00000000-0000-0000-0000-000000000000}:                     
The request opcode was 0xA0 and completed with SrbStatus 0x7 and ScsiStatus 0x0.                     
The sense code was (0x0,0x0,0x0).                     
The io latency was 0 ms."
"18-08-2026 11:21:47","549","Error","Microsoft-Windows-StorPort","This is the first instance of the error seen during this time period                     
on Storport Device (Port = 0, Path = 0, Target = 0, Lun = 0) whose Corresponding Class Disk Device Guid is {00000000-0000-0000-0000-000000000000}:                     
The request opcode was 0xA0 and completed with SrbStatus 0x7 and ScsiStatus 0x0.                     
The sense code was (0x0,0x0,0x0).                     
The io latency was 0 ms."
"18-08-2026 11:20:49","549","Error","Microsoft-Windows-StorPort","This is the first instance of the error seen during this time period                     
on Storport Device (Port = 0, Path = 0, Target = 0, Lun = 0) whose Corresponding Class Disk Device Guid is {00000000-0000-0000-0000-000000000000}:                     
The request opcode was 0xA0 and completed with SrbStatus 0x7 and ScsiStatus 0x0.                     
The sense code was (0x0,0x0,0x0).                     
The io latency was 0 ms."
"18-08-2026 11:19:51","549","Error","Microsoft-Windows-StorPort","This is the first instance of the error seen during this time period                     
on Storport Device (Port = 0, Path = 0, Target = 0, Lun = 0) whose Corresponding Class Disk Device Guid is {00000000-0000-0000-0000-000000000000}:                     
The request opcode was 0xA0 and completed with SrbStatus 0x7 and ScsiStatus 0x0.                     
The sense code was (0x0,0x0,0x0).                     
The io latency was 0 ms."
"18-08-2026 11:18:53","549","Error","Microsoft-Windows-StorPort","This is the first instance of the error seen during this time period                     
on Storport Device (Port = 0, Path = 0, Target = 0, Lun = 0) whose Corresponding Class Disk Device Guid is {00000000-0000-0000-0000-000000000000}:                     
The request opcode was 0xA0 and completed with SrbStatus 0x7 and ScsiStatus 0x0.                     
The sense code was (0x0,0x0,0x0).                     
The io latency was 0 ms."
"18-08-2026 11:17:58","549","Error","Microsoft-Windows-StorPort","This is the first instance of the error seen during this time period                     
on Storport Device (Port = 0, Path = 0, Target = 0, Lun = 0) whose Corresponding Class Disk Device Guid is {00000000-0000-0000-0000-000000000000}:                     
The request opcode was 0xA0 and completed with SrbStatus 0x7 and ScsiStatus 0x0.                     
The sense code was (0x0,0x0,0x0).                     
The io latency was 0 ms."
"18-08-2026 11:16:57","549","Error","Microsoft-Windows-StorPort","This is the first instance of the error seen during this time period                     
on Storport Device (Port = 0, Path = 0, Target = 0, Lun = 0) whose Corresponding Class Disk Device Guid is {00000000-0000-0000-0000-000000000000}:                     
The request opcode was 0xA0 and completed with SrbStatus 0x7 and ScsiStatus 0x0.                     
The sense code was (0x0,0x0,0x0).                     
The io latency was 0 ms."
"18-08-2026 11:15:59","549","Error","Microsoft-Windows-StorPort","This is the first instance of the error seen during this time period                     
on Storport Device (Port = 0, Path = 0, Target = 0, Lun = 0) whose Corresponding Class Disk Device Guid is {00000000-0000-0000-0000-000000000000}:                     
The request opcode was 0xA0 and completed with SrbStatus 0x7 and ScsiStatus 0x0.                     
The sense code was (0x0,0x0,0x0).                     
The io latency was 0 ms."
"18-08-2026 11:15:01","549","Error","Microsoft-Windows-StorPort","This is the first instance of the error seen during this time period                     
on Storport Device (Port = 0, Path = 0, Target = 0, Lun = 0) whose Corresponding Class Disk Device Guid is {00000000-0000-0000-0000-000000000000}:                     
The request opcode was 0xA0 and completed with SrbStatus 0x7 and ScsiStatus 0x0.                     
The sense code was (0x0,0x0,0x0).                     
The io latency was 0 ms."
"18-08-2026 11:14:03","549","Error","Microsoft-Windows-StorPort","This is the first instance of the error seen during this time period                     
on Storport Device (Port = 0, Path = 0, Target = 0, Lun = 0) whose Corresponding Class Disk Device Guid is {00000000-0000-0000-0000-000000000000}:                     
The request opcode was 0xA0 and completed with SrbStatus 0x7 and ScsiStatus 0x0.                     
The sense code was (0x0,0x0,0x0).                     
The io latency was 0 ms."
"18-08-2026 11:13:06","549","Error","Microsoft-Windows-StorPort","This is the first instance of the error seen during this time period                     
on Storport Device (Port = 0, Path = 0, Target = 0, Lun = 0) whose Corresponding Class Disk Device Guid is {00000000-0000-0000-0000-000000000000}:                     
The request opcode was 0xA0 and completed with SrbStatus 0x7 and ScsiStatus 0x0.                     
The sense code was (0x0,0x0,0x0).                     
The io latency was 0 ms."
"18-08-2026 11:12:08","549","Error","Microsoft-Windows-StorPort","This is the first instance of the error seen during this time period                     
on Storport Device (Port = 0, Path = 0, Target = 0, Lun = 0) whose Corresponding Class Disk Device Guid is {00000000-0000-0000-0000-000000000000}:                     
The request opcode was 0xA0 and completed with SrbStatus 0x7 and ScsiStatus 0x0.                     
The sense code was (0x0,0x0,0x0).                     
The io latency was 0 ms."
"18-08-2026 11:11:10","549","Error","Microsoft-Windows-StorPort","This is the first instance of the error seen during this time period                     
on Storport Device (Port = 0, Path = 0, Target = 0, Lun = 0) whose Corresponding Class Disk Device Guid is {00000000-0000-0000-0000-000000000000}:                     
The request opcode was 0xA0 and completed with SrbStatus 0x7 and ScsiStatus 0x0.                     
The sense code was (0x0,0x0,0x0).                     
The io latency was 0 ms."
"18-08-2026 11:10:12","549","Error","Microsoft-Windows-StorPort","This is the first instance of the error seen during this time period                     
on Storport Device (Port = 0, Path = 0, Target = 0, Lun = 0) whose Corresponding Class Disk Device Guid is {00000000-0000-0000-0000-000000000000}:                     
The request opcode was 0xA0 and completed with SrbStatus 0x7 and ScsiStatus 0x0.                     
The sense code was (0x0,0x0,0x0).                     
The io latency was 0 ms."
"18-08-2026 11:09:14","549","Error","Microsoft-Windows-StorPort","This is the first instance of the error seen during this time period                     
on Storport Device (Port = 0, Path = 0, Target = 0, Lun = 0) whose Corresponding Class Disk Device Guid is {00000000-0000-0000-0000-000000000000}:                     
The request opcode was 0xA0 and completed with SrbStatus 0x7 and ScsiStatus 0x0.                     
The sense code was (0x0,0x0,0x0).                     
The io latency was 0 ms."
"18-08-2026 11:08:16","549","Error","Microsoft-Windows-StorPort","This is the first instance of the error seen during this time period                     
on Storport Device (Port = 0, Path = 0, Target = 0, Lun = 0) whose Corresponding Class Disk Device Guid is {00000000-0000-0000-0000-000000000000}:                     
The request opcode was 0xA0 and completed with SrbStatus 0x7 and ScsiStatus 0x0.                     
The sense code was (0x0,0x0,0x0).                     
The io latency was 0 ms."
"18-08-2026 11:07:18","549","Error","Microsoft-Windows-StorPort","This is the first instance of the error seen during this time period                     
on Storport Device (Port = 0, Path = 0, Target = 0, Lun = 0) whose Corresponding Class Disk Device Guid is {00000000-0000-0000-0000-000000000000}:                     
The request opcode was 0xA0 and completed with SrbStatus 0x7 and ScsiStatus 0x0.                     
The sense code was (0x0,0x0,0x0).                     
The io latency was 0 ms."
"18-08-2026 11:06:21","549","Error","Microsoft-Windows-StorPort","This is the first instance of the error seen during this time period                     
on Storport Device (Port = 0, Path = 0, Target = 0, Lun = 0) whose Corresponding Class Disk Device Guid is {00000000-0000-0000-0000-000000000000}:                     
The request opcode was 0xA0 and completed with SrbStatus 0x7 and ScsiStatus 0x0.                     
The sense code was (0x0,0x0,0x0).                     
The io latency was 0 ms."
"18-08-2026 11:05:23","549","Error","Microsoft-Windows-StorPort","This is the first instance of the error seen during this time period                     
on Storport Device (Port = 0, Path = 0, Target = 0, Lun = 0) whose Corresponding Class Disk Device Guid is {00000000-0000-0000-0000-000000000000}:                     
The request opcode was 0xA0 and completed with SrbStatus 0x7 and ScsiStatus 0x0.                     
The sense code was (0x0,0x0,0x0).                     
The io latency was 0 ms."
"18-08-2026 11:04:25","549","Error","Microsoft-Windows-StorPort","This is the first instance of the error seen during this time period                     
on Storport Device (Port = 0, Path = 0, Target = 0, Lun = 0) whose Corresponding Class Disk Device Guid is {00000000-0000-0000-0000-000000000000}:                     
The request opcode was 0xA0 and completed with SrbStatus 0x7 and ScsiStatus 0x0.                     
The sense code was (0x0,0x0,0x0).                     
The io latency was 0 ms."
"18-08-2026 11:03:27","549","Error","Microsoft-Windows-StorPort","This is the first instance of the error seen during this time period                     
on Storport Device (Port = 0, Path = 0, Target = 0, Lun = 0) whose Corresponding Class Disk Device Guid is {00000000-0000-0000-0000-000000000000}:                     
The request opcode was 0xA0 and completed with SrbStatus 0x7 and ScsiStatus 0x0.                     
The sense code was (0x0,0x0,0x0).                     
The io latency was 0 ms."
"18-08-2026 11:02:29","549","Error","Microsoft-Windows-StorPort","This is the first instance of the error seen during this time period                     
on Storport Device (Port = 0, Path = 0, Target = 0, Lun = 0) whose Corresponding Class Disk Device Guid is {00000000-0000-0000-0000-000000000000}:                     
The request opcode was 0xA0 and completed with SrbStatus 0x7 and ScsiStatus 0x0.                     
The sense code was (0x0,0x0,0x0).                     
The io latency was 0 ms."
"18-08-2026 11:01:31","549","Error","Microsoft-Windows-StorPort","This is the first instance of the error seen during this time period                     
on Storport Device (Port = 0, Path = 0, Target = 0, Lun = 0) whose Corresponding Class Disk Device Guid is {00000000-0000-0000-0000-000000000000}:                     
The request opcode was 0xA0 and completed with SrbStatus 0x7 and ScsiStatus 0x0.                     
The sense code was (0x0,0x0,0x0).                     
The io latency was 0 ms."
"18-08-2026 11:00:34","549","Error","Microsoft-Windows-StorPort","This is the first instance of the error seen during this time period                     
on Storport Device (Port = 0, Path = 0, Target = 0, Lun = 0) whose Corresponding Class Disk Device Guid is {00000000-0000-0000-0000-000000000000}:                     
The request opcode was 0xA0 and completed with SrbStatus 0x7 and ScsiStatus 0x0.                     
The sense code was (0x0,0x0,0x0).                     
The io latency was 0 ms."
"18-08-2026 10:59:36","549","Error","Microsoft-Windows-StorPort","This is the first instance of the error seen during this time period                     
on Storport Device (Port = 0, Path = 0, Target = 0, Lun = 0) whose Corresponding Class Disk Device Guid is {00000000-0000-0000-0000-000000000000}:                     
The request opcode was 0xA0 and completed with SrbStatus 0x7 and ScsiStatus 0x0.                     
The sense code was (0x0,0x0,0x0).                     
The io latency was 0 ms."
"18-08-2026 10:58:38","549","Error","Microsoft-Windows-StorPort","This is the first instance of the error seen during this time period                     
on Storport Device (Port = 0, Path = 0, Target = 0, Lun = 0) whose Corresponding Class Disk Device Guid is {00000000-0000-0000-0000-000000000000}:                     
The request opcode was 0xA0 and completed with SrbStatus 0x7 and ScsiStatus 0x0.                     
The sense code was (0x0,0x0,0x0).                     
The io latency was 0 ms."
"18-08-2026 10:57:40","549","Error","Microsoft-Windows-StorPort","This is the first instance of the error seen during this time period                     
on Storport Device (Port = 0, Path = 0, Target = 0, Lun = 0) whose Corresponding Class Disk Device Guid is {00000000-0000-0000-0000-000000000000}:                     
The request opcode was 0xA0 and completed with SrbStatus 0x7 and ScsiStatus 0x0.                     
The sense code was (0x0,0x0,0x0).                     
The io latency was 0 ms."
"18-08-2026 10:56:43","549","Error","Microsoft-Windows-StorPort","This is the first instance of the error seen during this time period                     
on Storport Device (Port = 0, Path = 0, Target = 0, Lun = 0) whose Corresponding Class Disk Device Guid is {00000000-0000-0000-0000-000000000000}:                     
The request opcode was 0xA0 and completed with SrbStatus 0x7 and ScsiStatus 0x0.                     
The sense code was (0x0,0x0,0x0).                     
The io latency was 0 ms."
"18-08-2026 10:55:45","549","Error","Microsoft-Windows-StorPort","This is the first instance of the error seen during this time period                     
on Storport Device (Port = 0, Path = 0, Target = 0, Lun = 0) whose Corresponding Class Disk Device Guid is {00000000-0000-0000-0000-000000000000}:                     
The request opcode was 0xA0 and completed with SrbStatus 0x7 and ScsiStatus 0x0.                     
The sense code was (0x0,0x0,0x0).                     
The io latency was 0 ms."
"18-08-2026 10:54:47","549","Error","Microsoft-Windows-StorPort","This is the first instance of the error seen during this time period                     
on Storport Device (Port = 0, Path = 0, Target = 0, Lun = 0) whose Corresponding Class Disk Device Guid is {00000000-0000-0000-0000-000000000000}:                     
The request opcode was 0xA0 and completed with SrbStatus 0x7 and ScsiStatus 0x0.                     
The sense code was (0x0,0x0,0x0).                     
The io latency was 0 ms."
"18-08-2026 10:53:49","549","Error","Microsoft-Windows-StorPort","This is the first instance of the error seen during this time period                     
on Storport Device (Port = 0, Path = 0, Target = 0, Lun = 0) whose Corresponding Class Disk Device Guid is {00000000-0000-0000-0000-000000000000}:                     
The request opcode was 0xA0 and completed with SrbStatus 0x7 and ScsiStatus 0x0.                     
The sense code was (0x0,0x0,0x0).                     
The io latency was 0 ms."
"18-08-2026 10:52:51","549","Error","Microsoft-Windows-StorPort","This is the first instance of the error seen during this time period                     
on Storport Device (Port = 0, Path = 0, Target = 0, Lun = 0) whose Corresponding Class Disk Device Guid is {00000000-0000-0000-0000-000000000000}:                     
The request opcode was 0xA0 and completed with SrbStatus 0x7 and ScsiStatus 0x0.                     
The sense code was (0x0,0x0,0x0).                     
The io latency was 0 ms."
"18-08-2026 10:51:54","549","Error","Microsoft-Windows-StorPort","This is the first instance of the error seen during this time period                     
on Storport Device (Port = 0, Path = 0, Target = 0, Lun = 0) whose Corresponding Class Disk Device Guid is {00000000-0000-0000-0000-000000000000}:                     
The request opcode was 0xA0 and completed with SrbStatus 0x7 and ScsiStatus 0x0.                     
The sense code was (0x0,0x0,0x0).                     
The io latency was 0 ms."
"18-08-2026 10:50:56","549","Error","Microsoft-Windows-StorPort","This is the first instance of the error seen during this time period                     
on Storport Device (Port = 0, Path = 0, Target = 0, Lun = 0) whose Corresponding Class Disk Device Guid is {00000000-0000-0000-0000-000000000000}:                     
The request opcode was 0xA0 and completed with SrbStatus 0x7 and ScsiStatus 0x0.                     
The sense code was (0x0,0x0,0x0).                     
The io latency was 0 ms."
"18-08-2026 10:49:58","549","Error","Microsoft-Windows-StorPort","This is the first instance of the error seen during this time period                     
on Storport Device (Port = 0, Path = 0, Target = 0, Lun = 0) whose Corresponding Class Disk Device Guid is {00000000-0000-0000-0000-000000000000}:                     
The request opcode was 0xA0 and completed with SrbStatus 0x7 and ScsiStatus 0x0.                     
The sense code was (0x0,0x0,0x0).                     
The io latency was 0 ms."
"18-08-2026 10:49:00","549","Error","Microsoft-Windows-StorPort","This is the first instance of the error seen during this time period                     
on Storport Device (Port = 0, Path = 0, Target = 0, Lun = 0) whose Corresponding Class Disk Device Guid is {00000000-0000-0000-0000-000000000000}:                     
The request opcode was 0xA0 and completed with SrbStatus 0x7 and ScsiStatus 0x0.                     
The sense code was (0x0,0x0,0x0).                     
The io latency was 0 ms."
"18-08-2026 10:48:03","549","Error","Microsoft-Windows-StorPort","This is the first instance of the error seen during this time period                     
on Storport Device (Port = 0, Path = 0, Target = 0, Lun = 0) whose Corresponding Class Disk Device Guid is {00000000-0000-0000-0000-000000000000}:                     
The request opcode was 0xA0 and completed with SrbStatus 0x7 and ScsiStatus 0x0.                     
The sense code was (0x0,0x0,0x0).                     
The io latency was 0 ms."
"18-08-2026 10:47:14","549","Error","Microsoft-Windows-StorPort","This is the first instance of the error seen during this time period                     
on Storport Device (Port = 0, Path = 2, Target = 0, Lun = 0) whose Corresponding Class Disk Device Guid is {0d0616a1-3adc-3de7-d9a2-784fe4e2d52a}:                     
The request opcode was 0x85 and completed with SrbStatus 0x6 and ScsiStatus 0x2.                     
The sense code was (0x5,0x20,0x0).                     
The io latency was 1 ms."
"18-08-2026 10:47:05","549","Error","Microsoft-Windows-StorPort","This is the first instance of the error seen during this time period                     
on Storport Device (Port = 0, Path = 0, Target = 0, Lun = 0) whose Corresponding Class Disk Device Guid is {00000000-0000-0000-0000-000000000000}:                     
The request opcode was 0xA0 and completed with SrbStatus 0x7 and ScsiStatus 0x0.                     
The sense code was (0x0,0x0,0x0).                     
The io latency was 0 ms."
"18-08-2026 10:46:07","549","Error","Microsoft-Windows-StorPort","This is the first instance of the error seen during this time period                     
on Storport Device (Port = 0, Path = 0, Target = 0, Lun = 0) whose Corresponding Class Disk Device Guid is {00000000-0000-0000-0000-000000000000}:                     
The request opcode was 0xA0 and completed with SrbStatus 0x7 and ScsiStatus 0x0.                     
The sense code was (0x0,0x0,0x0).                     
The io latency was 0 ms."
"18-08-2026 10:45:09","549","Error","Microsoft-Windows-StorPort","This is the first instance of the error seen during this time period                     
on Storport Device (Port = 0, Path = 0, Target = 0, Lun = 0) whose Corresponding Class Disk Device Guid is {00000000-0000-0000-0000-000000000000}:                     
The request opcode was 0xA0 and completed with SrbStatus 0x7 and ScsiStatus 0x0.                     
The sense code was (0x0,0x0,0x0).                     
The io latency was 0 ms."
"18-08-2026 10:44:12","549","Error","Microsoft-Windows-StorPort","This is the first instance of the error seen during this time period                     
on Storport Device (Port = 0, Path = 0, Target = 0, Lun = 0) whose Corresponding Class Disk Device Guid is {00000000-0000-0000-0000-000000000000}:                     
The request opcode was 0xA0 and completed with SrbStatus 0x7 and ScsiStatus 0x0.                     
The sense code was (0x0,0x0,0x0).                     
The io latency was 0 ms."
"18-08-2026 10:43:14","549","Error","Microsoft-Windows-StorPort","This is the first instance of the error seen during this time period                     
on Storport Device (Port = 0, Path = 0, Target = 0, Lun = 0) whose Corresponding Class Disk Device Guid is {00000000-0000-0000-0000-000000000000}:                     
The request opcode was 0xA0 and completed with SrbStatus 0x7 and ScsiStatus 0x0.                     
The sense code was (0x0,0x0,0x0).                     
The io latency was 0 ms."
"18-08-2026 10:42:16","549","Error","Microsoft-Windows-StorPort","This is the first instance of the error seen during this time period                     
on Storport Device (Port = 0, Path = 0, Target = 0, Lun = 0) whose Corresponding Class Disk Device Guid is {00000000-0000-0000-0000-000000000000}:                     
The request opcode was 0xA0 and completed with SrbStatus 0x7 and ScsiStatus 0x0.                     
The sense code was (0x0,0x0,0x0).                     
The io latency was 0 ms."
"18-08-2026 10:41:19","549","Error","Microsoft-Windows-StorPort","This is the first instance of the error seen during this time period                     
on Storport Device (Port = 0, Path = 0, Target = 0, Lun = 0) whose Corresponding Class Disk Device Guid is {00000000-0000-0000-0000-000000000000}:                     
The request opcode was 0xA0 and completed with SrbStatus 0x7 and ScsiStatus 0x0.                     
The sense code was (0x0,0x0,0x0).                     
The io latency was 0 ms."
"18-08-2026 10:40:21","549","Error","Microsoft-Windows-StorPort","This is the first instance of the error seen during this time period                     
on Storport Device (Port = 0, Path = 0, Target = 0, Lun = 0) whose Corresponding Class Disk Device Guid is {00000000-0000-0000-0000-000000000000}:                     
The request opcode was 0xA0 and completed with SrbStatus 0x7 and ScsiStatus 0x0.                     
The sense code was (0x0,0x0,0x0).                     
The io latency was 0 ms."
"18-08-2026 10:39:44","504","Information","Microsoft-Windows-StorPort","Error summary for Storport Device (Port = 0, Path = 2, Target = 0, Lun = 0) whose Corresponding Class Disk Device Guid is {0d0616a1-3adc-3de7-d9a2-784fe4e2d52a}:                     
There were 29 total errors seen and 0 timeouts.                     
The last error seen had opcode 0x85 and completed with SrbStatus 0x6 and ScsiStatus 0x2.                     
The sense code was (0x5,0x20,0x0).                     
The latency was 1 ms."
"18-08-2026 10:39:44","505","Information","Microsoft-Windows-StorPort","Performance summary for Storport Device (Port = 0, Path = 2, Target = 0, Lun = 0) whose Corresponding Class Disk Device Guid is {0d0616a1-3adc-3de7-d9a2-784fe4e2d52a}:                 
Total IO:761950                 
For latency buckets of 128us, 256us, 512us, 1ms, 4ms, 16ms, 64ms, 128ms, 256ms, 512ms, 1000ms, 2000ms, 10000ms, 10000+ms,                 
The IO success counts are 505470, 154077, 40611, 17974, 25160, 7589, 6133, 4414, 522, 0, 0, 0, 0, 0.                 
The IO failed counts are 0, 0, 0, 0, 0, 0, 0, 0, 0, 0, 0, 0, 0, 0.                 
The IO total latency (in 100ns) are 344873478, 259858242, 144945539, 129421504, 494872943, 649692398, 2548916490, 3336397649, 812958894, 0, 0, 0, 0, 0.                 
Total Bytes Read:26065336320                 
Total Bytes Written:10270137344"
"18-08-2026 10:39:23","549","Error","Microsoft-Windows-StorPort","This is the first instance of the error seen during this time period                     
on Storport Device (Port = 0, Path = 0, Target = 0, Lun = 0) whose Corresponding Class Disk Device Guid is {00000000-0000-0000-0000-000000000000}:                     
The request opcode was 0xA0 and completed with SrbStatus 0x7 and ScsiStatus 0x0.                     
The sense code was (0x0,0x0,0x0).                     
The io latency was 0 ms."
"18-08-2026 10:38:25","549","Error","Microsoft-Windows-StorPort","This is the first instance of the error seen during this time period                     
on Storport Device (Port = 0, Path = 0, Target = 0, Lun = 0) whose Corresponding Class Disk Device Guid is {00000000-0000-0000-0000-000000000000}:                     
The request opcode was 0xA0 and completed with SrbStatus 0x7 and ScsiStatus 0x0.                     
The sense code was (0x0,0x0,0x0).                     
The io latency was 0 ms."
"18-08-2026 10:37:27","549","Error","Microsoft-Windows-StorPort","This is the first instance of the error seen during this time period                     
on Storport Device (Port = 0, Path = 0, Target = 0, Lun = 0) whose Corresponding Class Disk Device Guid is {00000000-0000-0000-0000-000000000000}:                     
The request opcode was 0xA0 and completed with SrbStatus 0x7 and ScsiStatus 0x0.                     
The sense code was (0x0,0x0,0x0).                     
The io latency was 0 ms."
"18-08-2026 10:36:30","549","Error","Microsoft-Windows-StorPort","This is the first instance of the error seen during this time period                     
on Storport Device (Port = 0, Path = 0, Target = 0, Lun = 0) whose Corresponding Class Disk Device Guid is {00000000-0000-0000-0000-000000000000}:                     
The request opcode was 0xA0 and completed with SrbStatus 0x7 and ScsiStatus 0x0.                     
The sense code was (0x0,0x0,0x0).                     
The io latency was 0 ms."
"18-08-2026 10:35:32","549","Error","Microsoft-Windows-StorPort","This is the first instance of the error seen during this time period                     
on Storport Device (Port = 0, Path = 0, Target = 0, Lun = 0) whose Corresponding Class Disk Device Guid is {00000000-0000-0000-0000-000000000000}:                     
The request opcode was 0xA0 and completed with SrbStatus 0x7 and ScsiStatus 0x0.                     
The sense code was (0x0,0x0,0x0).                     
The io latency was 0 ms."
"18-08-2026 10:34:34","549","Error","Microsoft-Windows-StorPort","This is the first instance of the error seen during this time period                     
on Storport Device (Port = 0, Path = 0, Target = 0, Lun = 0) whose Corresponding Class Disk Device Guid is {00000000-0000-0000-0000-000000000000}:                     
The request opcode was 0xA0 and completed with SrbStatus 0x7 and ScsiStatus 0x0.                     
The sense code was (0x0,0x0,0x0).                     
The io latency was 0 ms."
"18-08-2026 10:33:37","549","Error","Microsoft-Windows-StorPort","This is the first instance of the error seen during this time period                     
on Storport Device (Port = 0, Path = 0, Target = 0, Lun = 0) whose Corresponding Class Disk Device Guid is {00000000-0000-0000-0000-000000000000}:                     
The request opcode was 0xA0 and completed with SrbStatus 0x7 and ScsiStatus 0x0.                     
The sense code was (0x0,0x0,0x0).                     
The io latency was 0 ms."
"18-08-2026 10:32:44","549","Error","Microsoft-Windows-StorPort","This is the first instance of the error seen during this time period                     
on Storport Device (Port = 0, Path = 0, Target = 0, Lun = 0) whose Corresponding Class Disk Device Guid is {00000000-0000-0000-0000-000000000000}:                     
The request opcode was 0xA0 and completed with SrbStatus 0x7 and ScsiStatus 0x0.                     
The sense code was (0x0,0x0,0x0).                     
The io latency was 0 ms."
"18-08-2026 10:32:14","549","Error","Microsoft-Windows-StorPort","This is the first instance of the error seen during this time period                     
on Storport Device (Port = 0, Path = 2, Target = 0, Lun = 0) whose Corresponding Class Disk Device Guid is {0d0616a1-3adc-3de7-d9a2-784fe4e2d52a}:                     
The request opcode was 0x85 and completed with SrbStatus 0x6 and ScsiStatus 0x2.                     
The sense code was (0x5,0x20,0x0).                     
The io latency was 1 ms."
"18-08-2026 10:31:41","549","Error","Microsoft-Windows-StorPort","This is the first instance of the error seen during this time period                     
on Storport Device (Port = 0, Path = 0, Target = 0, Lun = 0) whose Corresponding Class Disk Device Guid is {00000000-0000-0000-0000-000000000000}:                     
The request opcode was 0xA0 and completed with SrbStatus 0x7 and ScsiStatus 0x0.                     
The sense code was (0x0,0x0,0x0).                     
The io latency was 0 ms."
"18-08-2026 10:30:41","549","Error","Microsoft-Windows-StorPort","This is the first instance of the error seen during this time period                     
on Storport Device (Port = 0, Path = 0, Target = 0, Lun = 0) whose Corresponding Class Disk Device Guid is {00000000-0000-0000-0000-000000000000}:                     
The request opcode was 0xA0 and completed with SrbStatus 0x7 and ScsiStatus 0x0.                     
The sense code was (0x0,0x0,0x0).                     
The io latency was 0 ms."
"18-08-2026 10:29:42","549","Error","Microsoft-Windows-StorPort","This is the first instance of the error seen during this time period                     
on Storport Device (Port = 0, Path = 0, Target = 0, Lun = 0) whose Corresponding Class Disk Device Guid is {00000000-0000-0000-0000-000000000000}:                     
The request opcode was 0xA0 and completed with SrbStatus 0x7 and ScsiStatus 0x0.                     
The sense code was (0x0,0x0,0x0).                     
The io latency was 0 ms."
"18-08-2026 10:28:44","549","Error","Microsoft-Windows-StorPort","This is the first instance of the error seen during this time period                     
on Storport Device (Port = 0, Path = 0, Target = 0, Lun = 0) whose Corresponding Class Disk Device Guid is {00000000-0000-0000-0000-000000000000}:                     
The request opcode was 0xA0 and completed with SrbStatus 0x7 and ScsiStatus 0x0.                     
The sense code was (0x0,0x0,0x0).                     
The io latency was 0 ms."
"18-08-2026 10:28:44","553","Information","Microsoft-Windows-StorPort","Storport Device {31506413-56d6-11f1-a26a-806e6f6e6963} (Port = 0) was rescanned and changes were detected."
"18-08-2026 10:28:44","552","Information","Microsoft-Windows-StorPort","Storport Device (Port = 0, Path = 2, Target = 0, Lun = 0) has arrived."
"18-08-2026 10:28:44","549","Error","Microsoft-Windows-StorPort","This is the first instance of the error seen during this time period                     
on Storport Device (Port = 0, Path = 2, Target = 1, Lun = 0) whose Corresponding Class Disk Device Guid is {00000000-0000-0000-0000-000000000000}:                     
The request opcode was 0xA0 and completed with SrbStatus 0x7 and ScsiStatus 0x0.                     
The sense code was (0x0,0x0,0x0).                     
The io latency was 0 ms."
