"26-06-2026 09:42:40","15500","Information","Microsoft-Windows-Wired-AutoConfig","The network adapter has been unplugged.

	Network Adapter: Intel(R) Ethernet Connection (24) I219-LM
	Interface GUID: {6a4487bf-5a41-42e8-893a-9749e37014c0}"
"26-06-2026 04:04:08","15513","Information","Microsoft-Windows-Wired-AutoConfig","A network adapter was removed from the system.

	Network Adapter: Check Point Virtual Network Adapter For Endpoint VPN Client
	Interface GUID: "
"26-06-2026 04:03:59","15500","Information","Microsoft-Windows-Wired-AutoConfig","The network adapter has been unplugged.

	Network Adapter: Check Point Virtual Network Adapter For Endpoint VPN Client
	Interface GUID: {26cb5c5d-910c-487e-bbee-b743191f35b5}"
"25-06-2026 17:31:57","15513","Information","Microsoft-Windows-Wired-AutoConfig","A network adapter was removed from the system.

	Network Adapter: Realtek USB GbE Family Controller #2
	Interface GUID: "
"25-06-2026 09:40:40","15505","Information","Microsoft-Windows-Wired-AutoConfig","Wired 802.1X Authentication succeeded.

	Network Adapter: Check Point Virtual Network Adapter For Endpoint VPN Client
	Interface GUID: {26cb5c5d-910c-487e-bbee-b743191f35b5}
	Peer Address: 000000000000
	Local Address: 54582D32ED0C
	Connection ID: 0x1
	Identity: -
	User: -
	Domain: -
	Reason: 0x70003
	Reason Text: The network does not support authentication
	Error Code: 0x0"
"25-06-2026 09:40:25","15503","Information","Microsoft-Windows-Wired-AutoConfig","Wired 802.1X Authentication was started.

	Network Adapter: Check Point Virtual Network Adapter For Endpoint VPN Client
	Interface GUID: {26cb5c5d-910c-487e-bbee-b743191f35b5}
	Connection ID: 0x1"
"25-06-2026 09:40:24","15501","Information","Microsoft-Windows-Wired-AutoConfig","The network adapter has been connected.

	Network Adapter: Check Point Virtual Network Adapter For Endpoint VPN Client
	Interface GUID: {26cb5c5d-910c-487e-bbee-b743191f35b5}"
"25-06-2026 09:36:01","15508","Information","Microsoft-Windows-Wired-AutoConfig","There has been an NDIS Port state change on this network adapter.

	Network Adapter: Intel(R) Ethernet Connection (24) I219-LM
	Interface GUID: {6a4487bf-5a41-42e8-893a-9749e37014c0}
	NDIS Control State: UnControlled
	NDIS Auth State: UnAuthorized"
"25-06-2026 09:36:01","15502","Information","Microsoft-Windows-Wired-AutoConfig","The profile was applied on the network adapter.

	Network Adapter: Intel(R) Ethernet Connection (24) I219-LM
	Interface GUID: {6a4487bf-5a41-42e8-893a-9749e37014c0}
	Profile Type: 2
	Profile Content: 
	AutoConfig Version: 1
	802.1x: Enabled
	802.1x: Not Enforced
	EAP type: Microsoft: Smart Card or other certificate (EAP-TLS)
	802.1X auth credential: Machine credential
	Cache user information: Yes"
"25-06-2026 09:36:01","15508","Information","Microsoft-Windows-Wired-AutoConfig","There has been an NDIS Port state change on this network adapter.

	Network Adapter: Realtek USB GbE Family Controller #2
	Interface GUID: {f3ee0e1e-4745-4f87-ae39-b7b48921c065}
	NDIS Control State: UnControlled
	NDIS Auth State: UnAuthorized"
"25-06-2026 09:36:01","15502","Information","Microsoft-Windows-Wired-AutoConfig","The profile was applied on the network adapter.

	Network Adapter: Realtek USB GbE Family Controller #2
	Interface GUID: {f3ee0e1e-4745-4f87-ae39-b7b48921c065}
	Profile Type: 2
	Profile Content: 
	AutoConfig Version: 1
	802.1x: Enabled
	802.1x: Not Enforced
	EAP type: Microsoft: Smart Card or other certificate (EAP-TLS)
	802.1X auth credential: Machine credential
	Cache user information: Yes"
"25-06-2026 09:36:01","15508","Information","Microsoft-Windows-Wired-AutoConfig","There has been an NDIS Port state change on this network adapter.

	Network Adapter: Check Point Virtual Network Adapter For Endpoint VPN Client
	Interface GUID: {26cb5c5d-910c-487e-bbee-b743191f35b5}
	NDIS Control State: UnControlled
	NDIS Auth State: UnAuthorized"
"25-06-2026 09:36:01","15502","Information","Microsoft-Windows-Wired-AutoConfig","The profile was applied on the network adapter.

	Network Adapter: Check Point Virtual Network Adapter For Endpoint VPN Client
	Interface GUID: {26cb5c5d-910c-487e-bbee-b743191f35b5}
	Profile Type: 2
	Profile Content: 
	AutoConfig Version: 1
	802.1x: Enabled
	802.1x: Not Enforced
	EAP type: Microsoft: Smart Card or other certificate (EAP-TLS)
	802.1X auth credential: Machine credential
	Cache user information: Yes"
"25-06-2026 09:36:01","15511","Information","Microsoft-Windows-Wired-AutoConfig","The Wired AutoConfig service entered the running state."
"25-06-2026 09:36:00","15515","Information","Microsoft-Windows-Wired-AutoConfig","The Wired AutoConfig service is starting."
"25-06-2026 09:35:24","15512","Information","Microsoft-Windows-Wired-AutoConfig","The Wired AutoConfig service entered the stopped state."
"25-06-2026 09:35:24","15516","Information","Microsoft-Windows-Wired-AutoConfig","The Wired AutoConfig service is stopping."
"25-06-2026 09:32:04","15510","Information","Microsoft-Windows-Wired-AutoConfig","A network adapter was added to the system.

	Network Adapter: Realtek USB GbE Family Controller #2
	Interface GUID: \DEVICE\{F3EE0E1E-4745-4F87-AE39-B7B48921C065}"
"25-06-2026 09:32:04","15508","Information","Microsoft-Windows-Wired-AutoConfig","There has been an NDIS Port state change on this network adapter.

	Network Adapter: Realtek USB GbE Family Controller #2
	Interface GUID: {f3ee0e1e-4745-4f87-ae39-b7b48921c065}
	NDIS Control State: UnControlled
	NDIS Auth State: UnAuthorized"
"25-06-2026 09:32:02","15502","Information","Microsoft-Windows-Wired-AutoConfig","The profile was applied on the network adapter.

	Network Adapter: Realtek USB GbE Family Controller #2
	Interface GUID: {f3ee0e1e-4745-4f87-ae39-b7b48921c065}
	Profile Type: 2
	Profile Content: 
	AutoConfig Version: 1
	802.1x: Enabled
	802.1x: Not Enforced
	EAP type: Microsoft: Smart Card or other certificate (EAP-TLS)
	802.1X auth credential: Machine credential
	Cache user information: Yes"
"25-06-2026 09:31:48","15510","Information","Microsoft-Windows-Wired-AutoConfig","A network adapter was added to the system.

	Network Adapter: Check Point Virtual Network Adapter For Endpoint VPN Client
	Interface GUID: \DEVICE\{26CB5C5D-910C-487E-BBEE-B743191F35B5}"
"25-06-2026 09:31:48","15508","Information","Microsoft-Windows-Wired-AutoConfig","There has been an NDIS Port state change on this network adapter.

	Network Adapter: Check Point Virtual Network Adapter For Endpoint VPN Client
	Interface GUID: {26cb5c5d-910c-487e-bbee-b743191f35b5}
	NDIS Control State: UnControlled
	NDIS Auth State: UnAuthorized"
"25-06-2026 09:31:48","15502","Information","Microsoft-Windows-Wired-AutoConfig","The profile was applied on the network adapter.

	Network Adapter: Check Point Virtual Network Adapter For Endpoint VPN Client
	Interface GUID: {26cb5c5d-910c-487e-bbee-b743191f35b5}
	Profile Type: 2
	Profile Content: 
	AutoConfig Version: 1
	802.1x: Enabled
	802.1x: Not Enforced
	EAP type: Microsoft: Smart Card or other certificate (EAP-TLS)
	802.1X auth credential: Machine credential
	Cache user information: Yes"
"25-06-2026 09:31:46","15500","Information","Microsoft-Windows-Wired-AutoConfig","The network adapter has been unplugged.

	Network Adapter: Intel(R) Ethernet Connection (24) I219-LM
	Interface GUID: {6a4487bf-5a41-42e8-893a-9749e37014c0}"
"25-06-2026 03:16:53","15513","Information","Microsoft-Windows-Wired-AutoConfig","A network adapter was removed from the system.

	Network Adapter: Check Point Virtual Network Adapter For Endpoint VPN Client
	Interface GUID: "
"24-06-2026 19:40:44","15500","Information","Microsoft-Windows-Wired-AutoConfig","The network adapter has been unplugged.

	Network Adapter: Check Point Virtual Network Adapter For Endpoint VPN Client
	Interface GUID: {26cb5c5d-910c-487e-bbee-b743191f35b5}"
"24-06-2026 19:04:58","15513","Information","Microsoft-Windows-Wired-AutoConfig","A network adapter was removed from the system.

	Network Adapter: Realtek USB GbE Family Controller #2
	Interface GUID: "
"24-06-2026 15:48:19","15505","Information","Microsoft-Windows-Wired-AutoConfig","Wired 802.1X Authentication succeeded.

	Network Adapter: Check Point Virtual Network Adapter For Endpoint VPN Client
	Interface GUID: {26cb5c5d-910c-487e-bbee-b743191f35b5}
	Peer Address: 000000000000
	Local Address: 54582D32ED0C
	Connection ID: 0x1
	Identity: -
	User: -
	Domain: -
	Reason: 0x70003
	Reason Text: The network does not support authentication
	Error Code: 0x0"
"24-06-2026 15:48:04","15503","Information","Microsoft-Windows-Wired-AutoConfig","Wired 802.1X Authentication was started.

	Network Adapter: Check Point Virtual Network Adapter For Endpoint VPN Client
	Interface GUID: {26cb5c5d-910c-487e-bbee-b743191f35b5}
	Connection ID: 0x1"
"24-06-2026 15:48:04","15501","Information","Microsoft-Windows-Wired-AutoConfig","The network adapter has been connected.

	Network Adapter: Check Point Virtual Network Adapter For Endpoint VPN Client
	Interface GUID: {26cb5c5d-910c-487e-bbee-b743191f35b5}"
"24-06-2026 15:17:04","15510","Information","Microsoft-Windows-Wired-AutoConfig","A network adapter was added to the system.

	Network Adapter: Realtek USB GbE Family Controller #2
	Interface GUID: \DEVICE\{F3EE0E1E-4745-4F87-AE39-B7B48921C065}"
"24-06-2026 15:17:04","15508","Information","Microsoft-Windows-Wired-AutoConfig","There has been an NDIS Port state change on this network adapter.

	Network Adapter: Realtek USB GbE Family Controller #2
	Interface GUID: {f3ee0e1e-4745-4f87-ae39-b7b48921c065}
	NDIS Control State: UnControlled
	NDIS Auth State: UnAuthorized"
"24-06-2026 15:17:04","15502","Information","Microsoft-Windows-Wired-AutoConfig","The profile was applied on the network adapter.

	Network Adapter: Realtek USB GbE Family Controller #2
	Interface GUID: {f3ee0e1e-4745-4f87-ae39-b7b48921c065}
	Profile Type: 2
	Profile Content: 
	AutoConfig Version: 1
	802.1x: Enabled
	802.1x: Not Enforced
	EAP type: Microsoft: Smart Card or other certificate (EAP-TLS)
	802.1X auth credential: Machine credential
	Cache user information: Yes"
"24-06-2026 14:19:56","15513","Information","Microsoft-Windows-Wired-AutoConfig","A network adapter was removed from the system.

	Network Adapter: Realtek USB GbE Family Controller
	Interface GUID: "
"24-06-2026 13:03:04","15510","Information","Microsoft-Windows-Wired-AutoConfig","A network adapter was added to the system.

	Network Adapter: Realtek USB GbE Family Controller
	Interface GUID: \DEVICE\{9DD2647C-6C78-4A23-B861-C580FDEC2864}"
"24-06-2026 13:03:04","15508","Information","Microsoft-Windows-Wired-AutoConfig","There has been an NDIS Port state change on this network adapter.

	Network Adapter: Realtek USB GbE Family Controller
	Interface GUID: {9dd2647c-6c78-4a23-b861-c580fdec2864}
	NDIS Control State: UnControlled
	NDIS Auth State: UnAuthorized"
"24-06-2026 13:03:04","15502","Information","Microsoft-Windows-Wired-AutoConfig","The profile was applied on the network adapter.

	Network Adapter: Realtek USB GbE Family Controller
	Interface GUID: {9dd2647c-6c78-4a23-b861-c580fdec2864}
	Profile Type: 2
	Profile Content: 
	AutoConfig Version: 1
	802.1x: Enabled
	802.1x: Not Enforced
	EAP type: Microsoft: Smart Card or other certificate (EAP-TLS)
	802.1X auth credential: Machine credential
	Cache user information: Yes"
"24-06-2026 10:41:42","15510","Information","Microsoft-Windows-Wired-AutoConfig","A network adapter was added to the system.

	Network Adapter: Check Point Virtual Network Adapter For Endpoint VPN Client
	Interface GUID: \DEVICE\{26CB5C5D-910C-487E-BBEE-B743191F35B5}"
"24-06-2026 10:41:42","15508","Information","Microsoft-Windows-Wired-AutoConfig","There has been an NDIS Port state change on this network adapter.

	Network Adapter: Check Point Virtual Network Adapter For Endpoint VPN Client
	Interface GUID: {26cb5c5d-910c-487e-bbee-b743191f35b5}
	NDIS Control State: UnControlled
	NDIS Auth State: UnAuthorized"
"24-06-2026 10:41:40","15502","Information","Microsoft-Windows-Wired-AutoConfig","The profile was applied on the network adapter.

	Network Adapter: Check Point Virtual Network Adapter For Endpoint VPN Client
	Interface GUID: {26cb5c5d-910c-487e-bbee-b743191f35b5}
	Profile Type: 2
	Profile Content: 
	AutoConfig Version: 1
	802.1x: Enabled
	802.1x: Not Enforced
	EAP type: Microsoft: Smart Card or other certificate (EAP-TLS)
	802.1X auth credential: Machine credential
	Cache user information: Yes"
"24-06-2026 10:41:38","15500","Information","Microsoft-Windows-Wired-AutoConfig","The network adapter has been unplugged.

	Network Adapter: Intel(R) Ethernet Connection (24) I219-LM
	Interface GUID: {6a4487bf-5a41-42e8-893a-9749e37014c0}"
"23-06-2026 23:33:03","15513","Information","Microsoft-Windows-Wired-AutoConfig","A network adapter was removed from the system.

	Network Adapter: Check Point Virtual Network Adapter For Endpoint VPN Client
	Interface GUID: "
"23-06-2026 12:07:35","15513","Information","Microsoft-Windows-Wired-AutoConfig","A network adapter was removed from the system.

	Network Adapter: Realtek USB GbE Family Controller #2
	Interface GUID: "
"23-06-2026 11:51:05","15510","Information","Microsoft-Windows-Wired-AutoConfig","A network adapter was added to the system.

	Network Adapter: Realtek USB GbE Family Controller #2
	Interface GUID: \DEVICE\{F3EE0E1E-4745-4F87-AE39-B7B48921C065}"
"23-06-2026 11:51:05","15508","Information","Microsoft-Windows-Wired-AutoConfig","There has been an NDIS Port state change on this network adapter.

	Network Adapter: Realtek USB GbE Family Controller #2
	Interface GUID: {f3ee0e1e-4745-4f87-ae39-b7b48921c065}
	NDIS Control State: UnControlled
	NDIS Auth State: UnAuthorized"
"23-06-2026 11:51:05","15502","Information","Microsoft-Windows-Wired-AutoConfig","The profile was applied on the network adapter.

	Network Adapter: Realtek USB GbE Family Controller #2
	Interface GUID: {f3ee0e1e-4745-4f87-ae39-b7b48921c065}
	Profile Type: 2
	Profile Content: 
	AutoConfig Version: 1
	802.1x: Enabled
	802.1x: Not Enforced
	EAP type: Microsoft: Smart Card or other certificate (EAP-TLS)
	802.1X auth credential: Machine credential
	Cache user information: Yes"
"23-06-2026 11:51:03","15513","Information","Microsoft-Windows-Wired-AutoConfig","A network adapter was removed from the system.

	Network Adapter: Realtek USB GbE Family Controller #2
	Interface GUID: "
"23-06-2026 11:26:38","15510","Information","Microsoft-Windows-Wired-AutoConfig","A network adapter was added to the system.

	Network Adapter: Realtek USB GbE Family Controller #2
	Interface GUID: \DEVICE\{F3EE0E1E-4745-4F87-AE39-B7B48921C065}"
"23-06-2026 11:26:38","15508","Information","Microsoft-Windows-Wired-AutoConfig","There has been an NDIS Port state change on this network adapter.

	Network Adapter: Realtek USB GbE Family Controller #2
	Interface GUID: {f3ee0e1e-4745-4f87-ae39-b7b48921c065}
	NDIS Control State: UnControlled
	NDIS Auth State: UnAuthorized"
"23-06-2026 11:26:38","15502","Information","Microsoft-Windows-Wired-AutoConfig","The profile was applied on the network adapter.

	Network Adapter: Realtek USB GbE Family Controller #2
	Interface GUID: {f3ee0e1e-4745-4f87-ae39-b7b48921c065}
	Profile Type: 2
	Profile Content: 
	AutoConfig Version: 1
	802.1x: Enabled
	802.1x: Not Enforced
	EAP type: Microsoft: Smart Card or other certificate (EAP-TLS)
	802.1X auth credential: Machine credential
	Cache user information: Yes"
"23-06-2026 11:16:41","15513","Information","Microsoft-Windows-Wired-AutoConfig","A network adapter was removed from the system.

	Network Adapter: Realtek USB GbE Family Controller #2
	Interface GUID: "
"23-06-2026 10:54:10","15510","Information","Microsoft-Windows-Wired-AutoConfig","A network adapter was added to the system.

	Network Adapter: Realtek USB GbE Family Controller #2
	Interface GUID: \DEVICE\{F3EE0E1E-4745-4F87-AE39-B7B48921C065}"
"23-06-2026 10:54:10","15508","Information","Microsoft-Windows-Wired-AutoConfig","There has been an NDIS Port state change on this network adapter.

	Network Adapter: Realtek USB GbE Family Controller #2
	Interface GUID: {f3ee0e1e-4745-4f87-ae39-b7b48921c065}
	NDIS Control State: UnControlled
	NDIS Auth State: UnAuthorized"
"23-06-2026 10:54:10","15502","Information","Microsoft-Windows-Wired-AutoConfig","The profile was applied on the network adapter.

	Network Adapter: Realtek USB GbE Family Controller #2
	Interface GUID: {f3ee0e1e-4745-4f87-ae39-b7b48921c065}
	Profile Type: 2
	Profile Content: 
	AutoConfig Version: 1
	802.1x: Enabled
	802.1x: Not Enforced
	EAP type: Microsoft: Smart Card or other certificate (EAP-TLS)
	802.1X auth credential: Machine credential
	Cache user information: Yes"
"23-06-2026 10:02:06","15513","Information","Microsoft-Windows-Wired-AutoConfig","A network adapter was removed from the system.

	Network Adapter: Realtek USB GbE Family Controller #3
	Interface GUID: "
"23-06-2026 09:31:43","15510","Information","Microsoft-Windows-Wired-AutoConfig","A network adapter was added to the system.

	Network Adapter: Realtek USB GbE Family Controller #3
	Interface GUID: \DEVICE\{50B111D2-408A-4661-81DE-9197FEE6662C}"
"23-06-2026 09:31:43","15508","Information","Microsoft-Windows-Wired-AutoConfig","There has been an NDIS Port state change on this network adapter.

	Network Adapter: Realtek USB GbE Family Controller #3
	Interface GUID: {50b111d2-408a-4661-81de-9197fee6662c}
	NDIS Control State: UnControlled
	NDIS Auth State: UnAuthorized"
"23-06-2026 09:31:43","15502","Information","Microsoft-Windows-Wired-AutoConfig","The profile was applied on the network adapter.

	Network Adapter: Realtek USB GbE Family Controller #3
	Interface GUID: {50b111d2-408a-4661-81de-9197fee6662c}
	Profile Type: 2
	Profile Content: 
	AutoConfig Version: 1
	802.1x: Enabled
	802.1x: Not Enforced
	EAP type: Microsoft: Smart Card or other certificate (EAP-TLS)
	802.1X auth credential: Machine credential
	Cache user information: Yes"
"23-06-2026 08:59:42","15513","Information","Microsoft-Windows-Wired-AutoConfig","A network adapter was removed from the system.

	Network Adapter: Realtek USB GbE Family Controller #3
	Interface GUID: "
"23-06-2026 08:58:11","15510","Information","Microsoft-Windows-Wired-AutoConfig","A network adapter was added to the system.

	Network Adapter: Realtek USB GbE Family Controller #3
	Interface GUID: \DEVICE\{50B111D2-408A-4661-81DE-9197FEE6662C}"
"23-06-2026 08:58:11","15508","Information","Microsoft-Windows-Wired-AutoConfig","There has been an NDIS Port state change on this network adapter.

	Network Adapter: Realtek USB GbE Family Controller #3
	Interface GUID: {50b111d2-408a-4661-81de-9197fee6662c}
	NDIS Control State: UnControlled
	NDIS Auth State: UnAuthorized"
"23-06-2026 08:58:11","15502","Information","Microsoft-Windows-Wired-AutoConfig","The profile was applied on the network adapter.

	Network Adapter: Realtek USB GbE Family Controller #3
	Interface GUID: {50b111d2-408a-4661-81de-9197fee6662c}
	Profile Type: 2
	Profile Content: 
	AutoConfig Version: 1
	802.1x: Enabled
	802.1x: Not Enforced
	EAP type: Microsoft: Smart Card or other certificate (EAP-TLS)
	802.1X auth credential: Machine credential
	Cache user information: Yes"
"23-06-2026 08:58:07","15510","Information","Microsoft-Windows-Wired-AutoConfig","A network adapter was added to the system.

	Network Adapter: Check Point Virtual Network Adapter For Endpoint VPN Client
	Interface GUID: \DEVICE\{26CB5C5D-910C-487E-BBEE-B743191F35B5}"
"23-06-2026 08:58:07","15508","Information","Microsoft-Windows-Wired-AutoConfig","There has been an NDIS Port state change on this network adapter.

	Network Adapter: Check Point Virtual Network Adapter For Endpoint VPN Client
	Interface GUID: {26cb5c5d-910c-487e-bbee-b743191f35b5}
	NDIS Control State: UnControlled
	NDIS Auth State: UnAuthorized"
"23-06-2026 08:58:07","15502","Information","Microsoft-Windows-Wired-AutoConfig","The profile was applied on the network adapter.

	Network Adapter: Check Point Virtual Network Adapter For Endpoint VPN Client
	Interface GUID: {26cb5c5d-910c-487e-bbee-b743191f35b5}
	Profile Type: 2
	Profile Content: 
	AutoConfig Version: 1
	802.1x: Enabled
	802.1x: Not Enforced
	EAP type: Microsoft: Smart Card or other certificate (EAP-TLS)
	802.1X auth credential: Machine credential
	Cache user information: Yes"
"23-06-2026 08:58:07","15500","Information","Microsoft-Windows-Wired-AutoConfig","The network adapter has been unplugged.

	Network Adapter: Intel(R) Ethernet Connection (24) I219-LM
	Interface GUID: {6a4487bf-5a41-42e8-893a-9749e37014c0}"
"22-06-2026 18:15:39","15513","Information","Microsoft-Windows-Wired-AutoConfig","A network adapter was removed from the system.

	Network Adapter: Check Point Virtual Network Adapter For Endpoint VPN Client
	Interface GUID: "
"22-06-2026 17:53:12","15500","Information","Microsoft-Windows-Wired-AutoConfig","The network adapter has been unplugged.

	Network Adapter: Check Point Virtual Network Adapter For Endpoint VPN Client
	Interface GUID: {26cb5c5d-910c-487e-bbee-b743191f35b5}"
"22-06-2026 14:15:11","15505","Information","Microsoft-Windows-Wired-AutoConfig","Wired 802.1X Authentication succeeded.

	Network Adapter: Check Point Virtual Network Adapter For Endpoint VPN Client
	Interface GUID: {26cb5c5d-910c-487e-bbee-b743191f35b5}
	Peer Address: 000000000000
	Local Address: 54582D32ED0C
	Connection ID: 0x1
	Identity: -
	User: -
	Domain: -
	Reason: 0x70003
	Reason Text: The network does not support authentication
	Error Code: 0x0"
"22-06-2026 14:14:56","15503","Information","Microsoft-Windows-Wired-AutoConfig","Wired 802.1X Authentication was started.

	Network Adapter: Check Point Virtual Network Adapter For Endpoint VPN Client
	Interface GUID: {26cb5c5d-910c-487e-bbee-b743191f35b5}
	Connection ID: 0x1"
"22-06-2026 14:14:55","15501","Information","Microsoft-Windows-Wired-AutoConfig","The network adapter has been connected.

	Network Adapter: Check Point Virtual Network Adapter For Endpoint VPN Client
	Interface GUID: {26cb5c5d-910c-487e-bbee-b743191f35b5}"
"22-06-2026 11:11:57","15513","Information","Microsoft-Windows-Wired-AutoConfig","A network adapter was removed from the system.

	Network Adapter: Realtek USB GbE Family Controller #2
	Interface GUID: "
"22-06-2026 10:21:30","15510","Information","Microsoft-Windows-Wired-AutoConfig","A network adapter was added to the system.

	Network Adapter: Realtek USB GbE Family Controller #2
	Interface GUID: \DEVICE\{F3EE0E1E-4745-4F87-AE39-B7B48921C065}"
"22-06-2026 10:21:30","15508","Information","Microsoft-Windows-Wired-AutoConfig","There has been an NDIS Port state change on this network adapter.

	Network Adapter: Realtek USB GbE Family Controller #2
	Interface GUID: {f3ee0e1e-4745-4f87-ae39-b7b48921c065}
	NDIS Control State: UnControlled
	NDIS Auth State: UnAuthorized"
"22-06-2026 10:21:29","15502","Information","Microsoft-Windows-Wired-AutoConfig","The profile was applied on the network adapter.

	Network Adapter: Realtek USB GbE Family Controller #2
	Interface GUID: {f3ee0e1e-4745-4f87-ae39-b7b48921c065}
	Profile Type: 2
	Profile Content: 
	AutoConfig Version: 1
	802.1x: Enabled
	802.1x: Not Enforced
	EAP type: Microsoft: Smart Card or other certificate (EAP-TLS)
	802.1X auth credential: Machine credential
	Cache user information: Yes"
"22-06-2026 08:55:40","15513","Information","Microsoft-Windows-Wired-AutoConfig","A network adapter was removed from the system.

	Network Adapter: Realtek USB GbE Family Controller #2
	Interface GUID: "
"22-06-2026 08:51:40","15510","Information","Microsoft-Windows-Wired-AutoConfig","A network adapter was added to the system.

	Network Adapter: Realtek USB GbE Family Controller #2
	Interface GUID: \DEVICE\{F3EE0E1E-4745-4F87-AE39-B7B48921C065}"
"22-06-2026 08:51:40","15508","Information","Microsoft-Windows-Wired-AutoConfig","There has been an NDIS Port state change on this network adapter.

	Network Adapter: Realtek USB GbE Family Controller #2
	Interface GUID: {f3ee0e1e-4745-4f87-ae39-b7b48921c065}
	NDIS Control State: UnControlled
	NDIS Auth State: UnAuthorized"
"22-06-2026 08:51:39","15502","Information","Microsoft-Windows-Wired-AutoConfig","The profile was applied on the network adapter.

	Network Adapter: Realtek USB GbE Family Controller #2
	Interface GUID: {f3ee0e1e-4745-4f87-ae39-b7b48921c065}
	Profile Type: 2
	Profile Content: 
	AutoConfig Version: 1
	802.1x: Enabled
	802.1x: Not Enforced
	EAP type: Microsoft: Smart Card or other certificate (EAP-TLS)
	802.1X auth credential: Machine credential
	Cache user information: Yes"
"22-06-2026 08:45:33","15510","Information","Microsoft-Windows-Wired-AutoConfig","A network adapter was added to the system.

	Network Adapter: Check Point Virtual Network Adapter For Endpoint VPN Client
	Interface GUID: \DEVICE\{26CB5C5D-910C-487E-BBEE-B743191F35B5}"
"22-06-2026 08:45:33","15508","Information","Microsoft-Windows-Wired-AutoConfig","There has been an NDIS Port state change on this network adapter.

	Network Adapter: Check Point Virtual Network Adapter For Endpoint VPN Client
	Interface GUID: {26cb5c5d-910c-487e-bbee-b743191f35b5}
	NDIS Control State: UnControlled
	NDIS Auth State: UnAuthorized"
"22-06-2026 08:45:30","15502","Information","Microsoft-Windows-Wired-AutoConfig","The profile was applied on the network adapter.

	Network Adapter: Check Point Virtual Network Adapter For Endpoint VPN Client
	Interface GUID: {26cb5c5d-910c-487e-bbee-b743191f35b5}
	Profile Type: 2
	Profile Content: 
	AutoConfig Version: 1
	802.1x: Enabled
	802.1x: Not Enforced
	EAP type: Microsoft: Smart Card or other certificate (EAP-TLS)
	802.1X auth credential: Machine credential
	Cache user information: Yes"
"22-06-2026 08:45:30","15500","Information","Microsoft-Windows-Wired-AutoConfig","The network adapter has been unplugged.

	Network Adapter: Intel(R) Ethernet Connection (24) I219-LM
	Interface GUID: {6a4487bf-5a41-42e8-893a-9749e37014c0}"
"20-06-2026 05:23:12","15513","Information","Microsoft-Windows-Wired-AutoConfig","A network adapter was removed from the system.

	Network Adapter: Check Point Virtual Network Adapter For Endpoint VPN Client
	Interface GUID: "
"19-06-2026 19:06:46","15513","Information","Microsoft-Windows-Wired-AutoConfig","A network adapter was removed from the system.

	Network Adapter: Realtek USB GbE Family Controller
	Interface GUID: "
"19-06-2026 18:52:28","15510","Information","Microsoft-Windows-Wired-AutoConfig","A network adapter was added to the system.

	Network Adapter: Realtek USB GbE Family Controller
	Interface GUID: \DEVICE\{9DD2647C-6C78-4A23-B861-C580FDEC2864}"
"19-06-2026 18:52:28","15508","Information","Microsoft-Windows-Wired-AutoConfig","There has been an NDIS Port state change on this network adapter.

	Network Adapter: Realtek USB GbE Family Controller
	Interface GUID: {9dd2647c-6c78-4a23-b861-c580fdec2864}
	NDIS Control State: UnControlled
	NDIS Auth State: UnAuthorized"
"19-06-2026 18:52:27","15502","Information","Microsoft-Windows-Wired-AutoConfig","The profile was applied on the network adapter.

	Network Adapter: Realtek USB GbE Family Controller
	Interface GUID: {9dd2647c-6c78-4a23-b861-c580fdec2864}
	Profile Type: 2
	Profile Content: 
	AutoConfig Version: 1
	802.1x: Enabled
	802.1x: Not Enforced
	EAP type: Microsoft: Smart Card or other certificate (EAP-TLS)
	802.1X auth credential: Machine credential
	Cache user information: Yes"
"19-06-2026 17:58:27","15513","Information","Microsoft-Windows-Wired-AutoConfig","A network adapter was removed from the system.

	Network Adapter: Realtek USB GbE Family Controller
	Interface GUID: "
"19-06-2026 17:01:18","15510","Information","Microsoft-Windows-Wired-AutoConfig","A network adapter was added to the system.

	Network Adapter: Realtek USB GbE Family Controller
	Interface GUID: \DEVICE\{9DD2647C-6C78-4A23-B861-C580FDEC2864}"
"19-06-2026 17:01:18","15508","Information","Microsoft-Windows-Wired-AutoConfig","There has been an NDIS Port state change on this network adapter.

	Network Adapter: Realtek USB GbE Family Controller
	Interface GUID: {9dd2647c-6c78-4a23-b861-c580fdec2864}
	NDIS Control State: UnControlled
	NDIS Auth State: UnAuthorized"
"19-06-2026 17:01:18","15502","Information","Microsoft-Windows-Wired-AutoConfig","The profile was applied on the network adapter.

	Network Adapter: Realtek USB GbE Family Controller
	Interface GUID: {9dd2647c-6c78-4a23-b861-c580fdec2864}
	Profile Type: 2
	Profile Content: 
	AutoConfig Version: 1
	802.1x: Enabled
	802.1x: Not Enforced
	EAP type: Microsoft: Smart Card or other certificate (EAP-TLS)
	802.1X auth credential: Machine credential
	Cache user information: Yes"
"19-06-2026 16:45:44","15513","Information","Microsoft-Windows-Wired-AutoConfig","A network adapter was removed from the system.

	Network Adapter: Realtek USB GbE Family Controller
	Interface GUID: "
"19-06-2026 11:27:29","15510","Information","Microsoft-Windows-Wired-AutoConfig","A network adapter was added to the system.

	Network Adapter: Realtek USB GbE Family Controller
	Interface GUID: \DEVICE\{9DD2647C-6C78-4A23-B861-C580FDEC2864}"
"19-06-2026 11:27:29","15508","Information","Microsoft-Windows-Wired-AutoConfig","There has been an NDIS Port state change on this network adapter.

	Network Adapter: Realtek USB GbE Family Controller
	Interface GUID: {9dd2647c-6c78-4a23-b861-c580fdec2864}
	NDIS Control State: UnControlled
	NDIS Auth State: UnAuthorized"
"19-06-2026 11:27:29","15502","Information","Microsoft-Windows-Wired-AutoConfig","The profile was applied on the network adapter.

	Network Adapter: Realtek USB GbE Family Controller
	Interface GUID: {9dd2647c-6c78-4a23-b861-c580fdec2864}
	Profile Type: 2
	Profile Content: 
	AutoConfig Version: 1
	802.1x: Enabled
	802.1x: Not Enforced
	EAP type: Microsoft: Smart Card or other certificate (EAP-TLS)
	802.1X auth credential: Machine credential
	Cache user information: Yes"
"19-06-2026 11:27:24","15513","Information","Microsoft-Windows-Wired-AutoConfig","A network adapter was removed from the system.

	Network Adapter: Realtek USB GbE Family Controller
	Interface GUID: "
"19-06-2026 10:47:16","15510","Information","Microsoft-Windows-Wired-AutoConfig","A network adapter was added to the system.

	Network Adapter: Realtek USB GbE Family Controller
	Interface GUID: \DEVICE\{9DD2647C-6C78-4A23-B861-C580FDEC2864}"
"19-06-2026 10:47:16","15508","Information","Microsoft-Windows-Wired-AutoConfig","There has been an NDIS Port state change on this network adapter.

	Network Adapter: Realtek USB GbE Family Controller
	Interface GUID: {9dd2647c-6c78-4a23-b861-c580fdec2864}
	NDIS Control State: UnControlled
	NDIS Auth State: UnAuthorized"
"19-06-2026 10:47:16","15502","Information","Microsoft-Windows-Wired-AutoConfig","The profile was applied on the network adapter.

	Network Adapter: Realtek USB GbE Family Controller
	Interface GUID: {9dd2647c-6c78-4a23-b861-c580fdec2864}
	Profile Type: 2
	Profile Content: 
	AutoConfig Version: 1
	802.1x: Enabled
	802.1x: Not Enforced
	EAP type: Microsoft: Smart Card or other certificate (EAP-TLS)
	802.1X auth credential: Machine credential
	Cache user information: Yes"
"19-06-2026 10:32:59","15513","Information","Microsoft-Windows-Wired-AutoConfig","A network adapter was removed from the system.

	Network Adapter: Realtek USB GbE Family Controller
	Interface GUID: "
"19-06-2026 09:40:07","15510","Information","Microsoft-Windows-Wired-AutoConfig","A network adapter was added to the system.

	Network Adapter: Realtek USB GbE Family Controller
	Interface GUID: \DEVICE\{9DD2647C-6C78-4A23-B861-C580FDEC2864}"
"19-06-2026 09:40:07","15508","Information","Microsoft-Windows-Wired-AutoConfig","There has been an NDIS Port state change on this network adapter.

	Network Adapter: Realtek USB GbE Family Controller
	Interface GUID: {9dd2647c-6c78-4a23-b861-c580fdec2864}
	NDIS Control State: UnControlled
	NDIS Auth State: UnAuthorized"
"19-06-2026 09:40:07","15502","Information","Microsoft-Windows-Wired-AutoConfig","The profile was applied on the network adapter.

	Network Adapter: Realtek USB GbE Family Controller
	Interface GUID: {9dd2647c-6c78-4a23-b861-c580fdec2864}
	Profile Type: 2
	Profile Content: 
	AutoConfig Version: 1
	802.1x: Enabled
	802.1x: Not Enforced
	EAP type: Microsoft: Smart Card or other certificate (EAP-TLS)
	802.1X auth credential: Machine credential
	Cache user information: Yes"
"19-06-2026 09:40:07","15513","Information","Microsoft-Windows-Wired-AutoConfig","A network adapter was removed from the system.

	Network Adapter: Realtek USB GbE Family Controller
	Interface GUID: "
"19-06-2026 09:40:00","15510","Information","Microsoft-Windows-Wired-AutoConfig","A network adapter was added to the system.

	Network Adapter: Realtek USB GbE Family Controller
	Interface GUID: \DEVICE\{9DD2647C-6C78-4A23-B861-C580FDEC2864}"
"19-06-2026 09:40:00","15508","Information","Microsoft-Windows-Wired-AutoConfig","There has been an NDIS Port state change on this network adapter.

	Network Adapter: Realtek USB GbE Family Controller
	Interface GUID: {9dd2647c-6c78-4a23-b861-c580fdec2864}
	NDIS Control State: UnControlled
	NDIS Auth State: UnAuthorized"
"19-06-2026 09:40:00","15502","Information","Microsoft-Windows-Wired-AutoConfig","The profile was applied on the network adapter.

	Network Adapter: Realtek USB GbE Family Controller
	Interface GUID: {9dd2647c-6c78-4a23-b861-c580fdec2864}
	Profile Type: 2
	Profile Content: 
	AutoConfig Version: 1
	802.1x: Enabled
	802.1x: Not Enforced
	EAP type: Microsoft: Smart Card or other certificate (EAP-TLS)
	802.1X auth credential: Machine credential
	Cache user information: Yes"
"19-06-2026 09:40:00","15513","Information","Microsoft-Windows-Wired-AutoConfig","A network adapter was removed from the system.

	Network Adapter: Realtek USB GbE Family Controller
	Interface GUID: "
"19-06-2026 09:39:35","15510","Information","Microsoft-Windows-Wired-AutoConfig","A network adapter was added to the system.

	Network Adapter: Realtek USB GbE Family Controller
	Interface GUID: \DEVICE\{9DD2647C-6C78-4A23-B861-C580FDEC2864}"
"19-06-2026 09:39:35","15508","Information","Microsoft-Windows-Wired-AutoConfig","There has been an NDIS Port state change on this network adapter.

	Network Adapter: Realtek USB GbE Family Controller
	Interface GUID: {9dd2647c-6c78-4a23-b861-c580fdec2864}
	NDIS Control State: UnControlled
	NDIS Auth State: UnAuthorized"
"19-06-2026 09:39:34","15502","Information","Microsoft-Windows-Wired-AutoConfig","The profile was applied on the network adapter.

	Network Adapter: Realtek USB GbE Family Controller
	Interface GUID: {9dd2647c-6c78-4a23-b861-c580fdec2864}
	Profile Type: 2
	Profile Content: 
	AutoConfig Version: 1
	802.1x: Enabled
	802.1x: Not Enforced
	EAP type: Microsoft: Smart Card or other certificate (EAP-TLS)
	802.1X auth credential: Machine credential
	Cache user information: Yes"
"19-06-2026 09:39:31","15513","Information","Microsoft-Windows-Wired-AutoConfig","A network adapter was removed from the system.

	Network Adapter: Realtek USB GbE Family Controller
	Interface GUID: "
"19-06-2026 09:39:28","15510","Information","Microsoft-Windows-Wired-AutoConfig","A network adapter was added to the system.

	Network Adapter: Realtek USB GbE Family Controller
	Interface GUID: \DEVICE\{9DD2647C-6C78-4A23-B861-C580FDEC2864}"
"19-06-2026 09:39:28","15508","Information","Microsoft-Windows-Wired-AutoConfig","There has been an NDIS Port state change on this network adapter.

	Network Adapter: Realtek USB GbE Family Controller
	Interface GUID: {9dd2647c-6c78-4a23-b861-c580fdec2864}
	NDIS Control State: UnControlled
	NDIS Auth State: UnAuthorized"
"19-06-2026 09:39:28","15502","Information","Microsoft-Windows-Wired-AutoConfig","The profile was applied on the network adapter.

	Network Adapter: Realtek USB GbE Family Controller
	Interface GUID: {9dd2647c-6c78-4a23-b861-c580fdec2864}
	Profile Type: 2
	Profile Content: 
	AutoConfig Version: 1
	802.1x: Enabled
	802.1x: Not Enforced
	EAP type: Microsoft: Smart Card or other certificate (EAP-TLS)
	802.1X auth credential: Machine credential
	Cache user information: Yes"
"19-06-2026 09:39:27","15513","Information","Microsoft-Windows-Wired-AutoConfig","A network adapter was removed from the system.

	Network Adapter: Realtek USB GbE Family Controller
	Interface GUID: "
"19-06-2026 09:39:14","15510","Information","Microsoft-Windows-Wired-AutoConfig","A network adapter was added to the system.

	Network Adapter: Realtek USB GbE Family Controller
	Interface GUID: \DEVICE\{9DD2647C-6C78-4A23-B861-C580FDEC2864}"
"19-06-2026 09:39:14","15508","Information","Microsoft-Windows-Wired-AutoConfig","There has been an NDIS Port state change on this network adapter.

	Network Adapter: Realtek USB GbE Family Controller
	Interface GUID: {9dd2647c-6c78-4a23-b861-c580fdec2864}
	NDIS Control State: UnControlled
	NDIS Auth State: UnAuthorized"
"19-06-2026 09:39:14","15502","Information","Microsoft-Windows-Wired-AutoConfig","The profile was applied on the network adapter.

	Network Adapter: Realtek USB GbE Family Controller
	Interface GUID: {9dd2647c-6c78-4a23-b861-c580fdec2864}
	Profile Type: 2
	Profile Content: 
	AutoConfig Version: 1
	802.1x: Enabled
	802.1x: Not Enforced
	EAP type: Microsoft: Smart Card or other certificate (EAP-TLS)
	802.1X auth credential: Machine credential
	Cache user information: Yes"
"19-06-2026 09:37:57","15513","Information","Microsoft-Windows-Wired-AutoConfig","A network adapter was removed from the system.

	Network Adapter: Realtek USB GbE Family Controller #3
	Interface GUID: "
"19-06-2026 08:59:53","15510","Information","Microsoft-Windows-Wired-AutoConfig","A network adapter was added to the system.

	Network Adapter: Realtek USB GbE Family Controller #3
	Interface GUID: \DEVICE\{50B111D2-408A-4661-81DE-9197FEE6662C}"
"19-06-2026 08:59:53","15508","Information","Microsoft-Windows-Wired-AutoConfig","There has been an NDIS Port state change on this network adapter.

	Network Adapter: Realtek USB GbE Family Controller #3
	Interface GUID: {50b111d2-408a-4661-81de-9197fee6662c}
	NDIS Control State: UnControlled
	NDIS Auth State: UnAuthorized"
"19-06-2026 08:59:53","15502","Information","Microsoft-Windows-Wired-AutoConfig","The profile was applied on the network adapter.

	Network Adapter: Realtek USB GbE Family Controller #3
	Interface GUID: {50b111d2-408a-4661-81de-9197fee6662c}
	Profile Type: 2
	Profile Content: 
	AutoConfig Version: 1
	802.1x: Enabled
	802.1x: Not Enforced
	EAP type: Microsoft: Smart Card or other certificate (EAP-TLS)
	802.1X auth credential: Machine credential
	Cache user information: Yes"
"19-06-2026 08:59:33","15510","Information","Microsoft-Windows-Wired-AutoConfig","A network adapter was added to the system.

	Network Adapter: Check Point Virtual Network Adapter For Endpoint VPN Client
	Interface GUID: \DEVICE\{26CB5C5D-910C-487E-BBEE-B743191F35B5}"
"19-06-2026 08:59:33","15508","Information","Microsoft-Windows-Wired-AutoConfig","There has been an NDIS Port state change on this network adapter.

	Network Adapter: Check Point Virtual Network Adapter For Endpoint VPN Client
	Interface GUID: {26cb5c5d-910c-487e-bbee-b743191f35b5}
	NDIS Control State: UnControlled
	NDIS Auth State: UnAuthorized"
"19-06-2026 08:59:33","15502","Information","Microsoft-Windows-Wired-AutoConfig","The profile was applied on the network adapter.

	Network Adapter: Check Point Virtual Network Adapter For Endpoint VPN Client
	Interface GUID: {26cb5c5d-910c-487e-bbee-b743191f35b5}
	Profile Type: 2
	Profile Content: 
	AutoConfig Version: 1
	802.1x: Enabled
	802.1x: Not Enforced
	EAP type: Microsoft: Smart Card or other certificate (EAP-TLS)
	802.1X auth credential: Machine credential
	Cache user information: Yes"
"19-06-2026 08:59:32","15500","Information","Microsoft-Windows-Wired-AutoConfig","The network adapter has been unplugged.

	Network Adapter: Intel(R) Ethernet Connection (24) I219-LM
	Interface GUID: {6a4487bf-5a41-42e8-893a-9749e37014c0}"
"18-06-2026 19:04:43","15513","Information","Microsoft-Windows-Wired-AutoConfig","A network adapter was removed from the system.

	Network Adapter: Check Point Virtual Network Adapter For Endpoint VPN Client
	Interface GUID: "
"18-06-2026 19:04:23","15513","Information","Microsoft-Windows-Wired-AutoConfig","A network adapter was removed from the system.

	Network Adapter: Realtek USB GbE Family Controller #3
	Interface GUID: "
"18-06-2026 18:47:17","15510","Information","Microsoft-Windows-Wired-AutoConfig","A network adapter was added to the system.

	Network Adapter: Realtek USB GbE Family Controller #3
	Interface GUID: \DEVICE\{50B111D2-408A-4661-81DE-9197FEE6662C}"
"18-06-2026 18:47:17","15508","Information","Microsoft-Windows-Wired-AutoConfig","There has been an NDIS Port state change on this network adapter.

	Network Adapter: Realtek USB GbE Family Controller #3
	Interface GUID: {50b111d2-408a-4661-81de-9197fee6662c}
	NDIS Control State: UnControlled
	NDIS Auth State: UnAuthorized"
"18-06-2026 18:47:17","15502","Information","Microsoft-Windows-Wired-AutoConfig","The profile was applied on the network adapter.

	Network Adapter: Realtek USB GbE Family Controller #3
	Interface GUID: {50b111d2-408a-4661-81de-9197fee6662c}
	Profile Type: 2
	Profile Content: 
	AutoConfig Version: 1
	802.1x: Enabled
	802.1x: Not Enforced
	EAP type: Microsoft: Smart Card or other certificate (EAP-TLS)
	802.1X auth credential: Machine credential
	Cache user information: Yes"
"18-06-2026 18:20:35","15513","Information","Microsoft-Windows-Wired-AutoConfig","A network adapter was removed from the system.

	Network Adapter: Realtek USB GbE Family Controller #3
	Interface GUID: "
"18-06-2026 16:59:17","15510","Information","Microsoft-Windows-Wired-AutoConfig","A network adapter was added to the system.

	Network Adapter: Realtek USB GbE Family Controller #3
	Interface GUID: \DEVICE\{50B111D2-408A-4661-81DE-9197FEE6662C}"
"18-06-2026 16:59:17","15508","Information","Microsoft-Windows-Wired-AutoConfig","There has been an NDIS Port state change on this network adapter.

	Network Adapter: Realtek USB GbE Family Controller #3
	Interface GUID: {50b111d2-408a-4661-81de-9197fee6662c}
	NDIS Control State: UnControlled
	NDIS Auth State: UnAuthorized"
"18-06-2026 16:59:17","15502","Information","Microsoft-Windows-Wired-AutoConfig","The profile was applied on the network adapter.

	Network Adapter: Realtek USB GbE Family Controller #3
	Interface GUID: {50b111d2-408a-4661-81de-9197fee6662c}
	Profile Type: 2
	Profile Content: 
	AutoConfig Version: 1
	802.1x: Enabled
	802.1x: Not Enforced
	EAP type: Microsoft: Smart Card or other certificate (EAP-TLS)
	802.1X auth credential: Machine credential
	Cache user information: Yes"
"18-06-2026 16:15:33","15513","Information","Microsoft-Windows-Wired-AutoConfig","A network adapter was removed from the system.

	Network Adapter: Realtek USB GbE Family Controller #3
	Interface GUID: "
"18-06-2026 14:50:11","15510","Information","Microsoft-Windows-Wired-AutoConfig","A network adapter was added to the system.

	Network Adapter: Realtek USB GbE Family Controller #3
	Interface GUID: \DEVICE\{50B111D2-408A-4661-81DE-9197FEE6662C}"
"18-06-2026 14:50:11","15508","Information","Microsoft-Windows-Wired-AutoConfig","There has been an NDIS Port state change on this network adapter.

	Network Adapter: Realtek USB GbE Family Controller #3
	Interface GUID: {50b111d2-408a-4661-81de-9197fee6662c}
	NDIS Control State: UnControlled
	NDIS Auth State: UnAuthorized"
"18-06-2026 14:50:11","15502","Information","Microsoft-Windows-Wired-AutoConfig","The profile was applied on the network adapter.

	Network Adapter: Realtek USB GbE Family Controller #3
	Interface GUID: {50b111d2-408a-4661-81de-9197fee6662c}
	Profile Type: 2
	Profile Content: 
	AutoConfig Version: 1
	802.1x: Enabled
	802.1x: Not Enforced
	EAP type: Microsoft: Smart Card or other certificate (EAP-TLS)
	802.1X auth credential: Machine credential
	Cache user information: Yes"
"18-06-2026 14:16:48","15513","Information","Microsoft-Windows-Wired-AutoConfig","A network adapter was removed from the system.

	Network Adapter: Realtek USB GbE Family Controller
	Interface GUID: "
"18-06-2026 12:49:31","15510","Information","Microsoft-Windows-Wired-AutoConfig","A network adapter was added to the system.

	Network Adapter: Realtek USB GbE Family Controller
	Interface GUID: \DEVICE\{9DD2647C-6C78-4A23-B861-C580FDEC2864}"
"18-06-2026 12:49:31","15508","Information","Microsoft-Windows-Wired-AutoConfig","There has been an NDIS Port state change on this network adapter.

	Network Adapter: Realtek USB GbE Family Controller
	Interface GUID: {9dd2647c-6c78-4a23-b861-c580fdec2864}
	NDIS Control State: UnControlled
	NDIS Auth State: UnAuthorized"
"18-06-2026 12:49:31","15502","Information","Microsoft-Windows-Wired-AutoConfig","The profile was applied on the network adapter.

	Network Adapter: Realtek USB GbE Family Controller
	Interface GUID: {9dd2647c-6c78-4a23-b861-c580fdec2864}
	Profile Type: 2
	Profile Content: 
	AutoConfig Version: 1
	802.1x: Enabled
	802.1x: Not Enforced
	EAP type: Microsoft: Smart Card or other certificate (EAP-TLS)
	802.1X auth credential: Machine credential
	Cache user information: Yes"
"18-06-2026 11:49:40","15513","Information","Microsoft-Windows-Wired-AutoConfig","A network adapter was removed from the system.

	Network Adapter: Realtek USB GbE Family Controller
	Interface GUID: "
"18-06-2026 09:05:35","15508","Information","Microsoft-Windows-Wired-AutoConfig","There has been an NDIS Port state change on this network adapter.

	Network Adapter: Check Point Virtual Network Adapter For Endpoint VPN Client
	Interface GUID: {26cb5c5d-910c-487e-bbee-b743191f35b5}
	NDIS Control State: UnControlled
	NDIS Auth State: UnAuthorized"
"18-06-2026 09:05:35","15502","Information","Microsoft-Windows-Wired-AutoConfig","The profile was applied on the network adapter.

	Network Adapter: Check Point Virtual Network Adapter For Endpoint VPN Client
	Interface GUID: {26cb5c5d-910c-487e-bbee-b743191f35b5}
	Profile Type: 2
	Profile Content: 
	AutoConfig Version: 1
	802.1x: Enabled
	802.1x: Not Enforced
	EAP type: Microsoft: Smart Card or other certificate (EAP-TLS)
	802.1X auth credential: Machine credential
	Cache user information: Yes"
"18-06-2026 09:05:35","15508","Information","Microsoft-Windows-Wired-AutoConfig","There has been an NDIS Port state change on this network adapter.

	Network Adapter: Realtek USB GbE Family Controller
	Interface GUID: {9dd2647c-6c78-4a23-b861-c580fdec2864}
	NDIS Control State: UnControlled
	NDIS Auth State: UnAuthorized"
"18-06-2026 09:05:35","15502","Information","Microsoft-Windows-Wired-AutoConfig","The profile was applied on the network adapter.

	Network Adapter: Realtek USB GbE Family Controller
	Interface GUID: {9dd2647c-6c78-4a23-b861-c580fdec2864}
	Profile Type: 2
	Profile Content: 
	AutoConfig Version: 1
	802.1x: Enabled
	802.1x: Not Enforced
	EAP type: Microsoft: Smart Card or other certificate (EAP-TLS)
	802.1X auth credential: Machine credential
	Cache user information: Yes"
"18-06-2026 09:05:35","15508","Information","Microsoft-Windows-Wired-AutoConfig","There has been an NDIS Port state change on this network adapter.

	Network Adapter: Intel(R) Ethernet Connection (24) I219-LM
	Interface GUID: {6a4487bf-5a41-42e8-893a-9749e37014c0}
	NDIS Control State: UnControlled
	NDIS Auth State: UnAuthorized"
"18-06-2026 09:05:35","15502","Information","Microsoft-Windows-Wired-AutoConfig","The profile was applied on the network adapter.

	Network Adapter: Intel(R) Ethernet Connection (24) I219-LM
	Interface GUID: {6a4487bf-5a41-42e8-893a-9749e37014c0}
	Profile Type: 2
	Profile Content: 
	AutoConfig Version: 1
	802.1x: Enabled
	802.1x: Not Enforced
	EAP type: Microsoft: Smart Card or other certificate (EAP-TLS)
	802.1X auth credential: Machine credential
	Cache user information: Yes"
"18-06-2026 09:05:35","15511","Information","Microsoft-Windows-Wired-AutoConfig","The Wired AutoConfig service entered the running state."
"18-06-2026 09:05:35","15515","Information","Microsoft-Windows-Wired-AutoConfig","The Wired AutoConfig service is starting."
"17-06-2026 19:19:05","15512","Information","Microsoft-Windows-Wired-AutoConfig","The Wired AutoConfig service entered the stopped state."
"17-06-2026 19:19:05","15516","Information","Microsoft-Windows-Wired-AutoConfig","The Wired AutoConfig service is stopping."
"17-06-2026 19:18:10","15508","Information","Microsoft-Windows-Wired-AutoConfig","There has been an NDIS Port state change on this network adapter.

	Network Adapter: Intel(R) Ethernet Connection (24) I219-LM
	Interface GUID: {6a4487bf-5a41-42e8-893a-9749e37014c0}
	NDIS Control State: UnControlled
	NDIS Auth State: UnAuthorized"
"17-06-2026 19:18:10","15502","Information","Microsoft-Windows-Wired-AutoConfig","The profile was applied on the network adapter.

	Network Adapter: Intel(R) Ethernet Connection (24) I219-LM
	Interface GUID: {6a4487bf-5a41-42e8-893a-9749e37014c0}
	Profile Type: 2
	Profile Content: 
	AutoConfig Version: 1
	802.1x: Enabled
	802.1x: Not Enforced
	EAP type: Microsoft: Smart Card or other certificate (EAP-TLS)
	802.1X auth credential: Machine credential
	Cache user information: Yes"
"17-06-2026 19:18:10","15508","Information","Microsoft-Windows-Wired-AutoConfig","There has been an NDIS Port state change on this network adapter.

	Network Adapter: Check Point Virtual Network Adapter For Endpoint VPN Client
	Interface GUID: {26cb5c5d-910c-487e-bbee-b743191f35b5}
	NDIS Control State: UnControlled
	NDIS Auth State: UnAuthorized"
"17-06-2026 19:18:10","15502","Information","Microsoft-Windows-Wired-AutoConfig","The profile was applied on the network adapter.

	Network Adapter: Check Point Virtual Network Adapter For Endpoint VPN Client
	Interface GUID: {26cb5c5d-910c-487e-bbee-b743191f35b5}
	Profile Type: 2
	Profile Content: 
	AutoConfig Version: 1
	802.1x: Enabled
	802.1x: Not Enforced
	EAP type: Microsoft: Smart Card or other certificate (EAP-TLS)
	802.1X auth credential: Machine credential
	Cache user information: Yes"
