"10-08-2026 11:03:55","30833","Information","Microsoft-Windows-SMBClient","The initial connection to the share was established.

Share name: \gfk-fra2netapp01cifs.gfk.com\IPC$
Server address: 10.2.97.21:445
Session ID: 0xC03600001238684C
Tree ID: 0x1
Transport type: TCPIP
Signing used: false
Encryption used: false
Compression requested: false
NTLM blocked: false

"
"10-08-2026 11:03:54","30830","Information","Microsoft-Windows-SMBClient","The SMB redirector selected the connection initiated with the following parameters:

Server name: gfk-fra2netapp01cifs.gfk.com
Server socket address: 10.2.97.21:445
Client socket address: 
Connection ID: 
Client certificate thumbprint: 
Transport: TCPIP
Instance Name: \Device\LanmanRedirector
Port Origin: The port was selected from the global registry settings."
"10-08-2026 11:03:53","30833","Information","Microsoft-Windows-SMBClient","The initial connection to the share was established.

Share name: \lhrnetapp05cifs1\IPC$
Server address: 10.90.39.31:445
Session ID: 0x4412000002096EC1
Tree ID: 0x1
Transport type: TCPIP
Signing used: false
Encryption used: false
Compression requested: false
NTLM blocked: false

"
"10-08-2026 11:03:52","30830","Information","Microsoft-Windows-SMBClient","The SMB redirector selected the connection initiated with the following parameters:

Server name: lhrnetapp05cifs1
Server socket address: 10.90.39.31:445
Client socket address: 
Connection ID: 
Client certificate thumbprint: 
Transport: TCPIP
Instance Name: \Device\LanmanRedirector
Port Origin: The port was selected from the global registry settings."
"10-08-2026 10:36:24","30833","Information","Microsoft-Windows-SMBClient","The initial connection to the share was established.

Share name: \gfk-fra2netapp01cifs.gfk.com\IPC$
Server address: 10.2.97.21:445
Session ID: 0xC03600001237C45B
Tree ID: 0x1
Transport type: TCPIP
Signing used: false
Encryption used: false
Compression requested: false
NTLM blocked: false

"
"10-08-2026 10:36:23","30830","Information","Microsoft-Windows-SMBClient","The SMB redirector selected the connection initiated with the following parameters:

Server name: gfk-fra2netapp01cifs.gfk.com
Server socket address: 10.2.97.21:445
Client socket address: 
Connection ID: 
Client certificate thumbprint: 
Transport: TCPIP
Instance Name: \Device\LanmanRedirector
Port Origin: The port was selected from the global registry settings."
"10-08-2026 10:36:23","30833","Information","Microsoft-Windows-SMBClient","The initial connection to the share was established.

Share name: \lhrnetapp05cifs1\IPC$
Server address: 10.90.39.22:445
Session ID: 0x28D6000001D234A9
Tree ID: 0x1
Transport type: TCPIP
Signing used: false
Encryption used: false
Compression requested: false
NTLM blocked: false

"
"10-08-2026 10:36:22","30830","Information","Microsoft-Windows-SMBClient","The SMB redirector selected the connection initiated with the following parameters:

Server name: lhrnetapp05cifs1
Server socket address: 10.90.39.22:445
Client socket address: 
Connection ID: 
Client certificate thumbprint: 
Transport: TCPIP
Instance Name: \Device\LanmanRedirector
Port Origin: The port was selected from the global registry settings."
"10-08-2026 10:22:19","30811","Information","Microsoft-Windows-SMBClient","Deleted a TCP/IP transport interface.

Name: Ethernet 3
InterfaceIndex: 0x12

Guidance:
A TCP/IP binding was removed from the specified network adapter for the SMB client. You should expect this event when a computer shuts down or when a previously enabled network adaptor is disabled. No user action is required."
"10-08-2026 10:22:19","30811","Information","Microsoft-Windows-SMBClient","Deleted a TCP/IP transport interface.

Name: Ethernet 3
InterfaceIndex: 0x12

Guidance:
A TCP/IP binding was removed from the specified network adapter for the SMB client. You should expect this event when a computer shuts down or when a previously enabled network adaptor is disabled. No user action is required."
"10-08-2026 10:07:45","30833","Information","Microsoft-Windows-SMBClient","The initial connection to the share was established.

Share name: \gfk-fra2netapp01cifs.gfk.com\IPC$
Server address: 10.2.97.21:445
Session ID: 0xC036000012377874
Tree ID: 0x1
Transport type: TCPIP
Signing used: false
Encryption used: false
Compression requested: false
NTLM blocked: false

"
"10-08-2026 10:07:44","30830","Information","Microsoft-Windows-SMBClient","The SMB redirector selected the connection initiated with the following parameters:

Server name: gfk-fra2netapp01cifs.gfk.com
Server socket address: 10.2.97.21:445
Client socket address: 
Connection ID: 
Client certificate thumbprint: 
Transport: TCPIP
Instance Name: \Device\LanmanRedirector
Port Origin: The port was selected from the global registry settings."
"10-08-2026 10:07:43","30833","Information","Microsoft-Windows-SMBClient","The initial connection to the share was established.

Share name: \lhrnetapp05cifs1\IPC$
Server address: 10.90.39.22:445
Session ID: 0x28D6000001D2268C
Tree ID: 0x1
Transport type: TCPIP
Signing used: false
Encryption used: false
Compression requested: false
NTLM blocked: false

"
"10-08-2026 10:07:42","30830","Information","Microsoft-Windows-SMBClient","The SMB redirector selected the connection initiated with the following parameters:

Server name: lhrnetapp05cifs1
Server socket address: 10.90.39.22:445
Client socket address: 
Connection ID: 
Client certificate thumbprint: 
Transport: TCPIP
Instance Name: \Device\LanmanRedirector
Port Origin: The port was selected from the global registry settings."
"10-08-2026 09:42:06","30833","Information","Microsoft-Windows-SMBClient","The initial connection to the share was established.

Share name: \gfk-fra2netapp01cifs.gfk.com\IPC$
Server address: 10.2.97.21:445
Session ID: 0xC03600001237524E
Tree ID: 0x1
Transport type: TCPIP
Signing used: false
Encryption used: false
Compression requested: false
NTLM blocked: false

"
"10-08-2026 09:42:05","30830","Information","Microsoft-Windows-SMBClient","The SMB redirector selected the connection initiated with the following parameters:

Server name: gfk-fra2netapp01cifs.gfk.com
Server socket address: 10.2.97.21:445
Client socket address: 
Connection ID: 
Client certificate thumbprint: 
Transport: TCPIP
Instance Name: \Device\LanmanRedirector
Port Origin: The port was selected from the global registry settings."
"10-08-2026 09:42:04","30833","Information","Microsoft-Windows-SMBClient","The initial connection to the share was established.

Share name: \lhrnetapp05cifs1\IPC$
Server address: 10.90.39.29:445
Session ID: 0x3666000001F1DF92
Tree ID: 0x1
Transport type: TCPIP
Signing used: false
Encryption used: false
Compression requested: false
NTLM blocked: false

"
"10-08-2026 09:42:03","30830","Information","Microsoft-Windows-SMBClient","The SMB redirector selected the connection initiated with the following parameters:

Server name: lhrnetapp05cifs1
Server socket address: 10.90.39.29:445
Client socket address: 
Connection ID: 
Client certificate thumbprint: 
Transport: TCPIP
Instance Name: \Device\LanmanRedirector
Port Origin: The port was selected from the global registry settings."
"10-08-2026 09:41:32","30833","Information","Microsoft-Windows-SMBClient","The initial connection to the share was established.

Share name: \hkgwindcbp002.enterprisenet.org\IPC$
Server address: 10.250.27.11:445
Session ID: 0x1383594000609
Tree ID: 0x1
Transport type: TCPIP
Signing used: true
Encryption used: false
Compression requested: false
NTLM blocked: false

"
"10-08-2026 09:41:30","30830","Information","Microsoft-Windows-SMBClient","The SMB redirector selected the connection initiated with the following parameters:

Server name: hkgwindcbp002.enterprisenet.org
Server socket address: 10.250.27.11:445
Client socket address: 
Connection ID: 
Client certificate thumbprint: 
Transport: TCPIP
Instance Name: \Device\LanmanRedirector
Port Origin: The port was selected from the global registry settings."
"10-08-2026 09:38:00","30810","Information","Microsoft-Windows-SMBClient","Added a TCP/IP transport interface.

Name: Local Area Connection* 5
InterfaceIndex: 0x6

Guidance:
A TCP/IP binding was added to the specified network adapter for the SMB client. The SMB client can now send and receive SMB traffic on this network adapter using TCP/IP. You should expect this event when a computer restarts or when a previously disabled network adaptor is re-enabled. No user action is required."
"10-08-2026 09:37:54","30810","Information","Microsoft-Windows-SMBClient","Added a TCP/IP transport interface.

Name: Local Area Connection* 5
InterfaceIndex: 0x6

Guidance:
A TCP/IP binding was added to the specified network adapter for the SMB client. The SMB client can now send and receive SMB traffic on this network adapter using TCP/IP. You should expect this event when a computer restarts or when a previously disabled network adaptor is re-enabled. No user action is required."
"10-08-2026 09:36:39","30833","Information","Microsoft-Windows-SMBClient","The initial connection to the share was established.

Share name: \gfk-fra2netapp01cifs.gfk.com\IPC$
Server address: 10.2.97.21:445
Session ID: 0xC036000012374D51
Tree ID: 0x1
Transport type: TCPIP
Signing used: false
Encryption used: false
Compression requested: false
NTLM blocked: false

"
"10-08-2026 09:36:39","30830","Information","Microsoft-Windows-SMBClient","The SMB redirector selected the connection initiated with the following parameters:

Server name: gfk-fra2netapp01cifs.gfk.com
Server socket address: 10.2.97.21:445
Client socket address: 
Connection ID: 
Client certificate thumbprint: 
Transport: TCPIP
Instance Name: \Device\LanmanRedirector
Port Origin: The port was selected from the global registry settings."
"10-08-2026 09:36:38","30833","Information","Microsoft-Windows-SMBClient","The initial connection to the share was established.

Share name: \lhrnetapp05cifs1\IPC$
Server address: 10.90.39.22:445
Session ID: 0x28D6000001D21AD7
Tree ID: 0x1
Transport type: TCPIP
Signing used: false
Encryption used: false
Compression requested: false
NTLM blocked: false

"
"10-08-2026 09:36:37","30830","Information","Microsoft-Windows-SMBClient","The SMB redirector selected the connection initiated with the following parameters:

Server name: lhrnetapp05cifs1
Server socket address: 10.90.39.22:445
Client socket address: 
Connection ID: 
Client certificate thumbprint: 
Transport: TCPIP
Instance Name: \Device\LanmanRedirector
Port Origin: The port was selected from the global registry settings."
"10-08-2026 09:36:32","30800","Error","Microsoft-Windows-SMBClient","The server name cannot be resolved.

Error: The object was not found.

Server name: LIND55MBVC4$

Guidance:
The client cannot resolve the server address in DNS or WINS. This issue often manifests immediately after joining a computer to the domain, when the client's DNS registration may not yet have propagated to all DNS servers. You should also expect this event at system startup on a DNS server (such as a domain controller) that points to itself for the primary DNS. You should validate the DNS client settings on this computer using IPCONFIG /ALL and NSLOOKUP."
"10-08-2026 09:36:22","30833","Information","Microsoft-Windows-SMBClient","The initial connection to the share was established.

Share name: \lhrnetapp05cifs1\IPC$
Server address: 10.90.39.20:445
Session ID: 0xC8E7000001B69C96
Tree ID: 0x1
Transport type: TCPIP
Signing used: false
Encryption used: false
Compression requested: false
NTLM blocked: false

"
"10-08-2026 09:36:21","30830","Information","Microsoft-Windows-SMBClient","The SMB redirector selected the connection initiated with the following parameters:

Server name: lhrnetapp05cifs1
Server socket address: 10.90.39.20:445
Client socket address: 
Connection ID: 
Client certificate thumbprint: 
Transport: TCPIP
Instance Name: \Device\LanmanRedirector
Port Origin: The port was selected from the global registry settings."
"10-08-2026 09:36:21","30833","Information","Microsoft-Windows-SMBClient","The initial connection to the share was established.

Share name: \gfk-fra2netapp01cifs.gfk.com\IPC$
Server address: 10.2.97.21:445
Session ID: 0xC036000012374D10
Tree ID: 0x1
Transport type: TCPIP
Signing used: false
Encryption used: false
Compression requested: false
NTLM blocked: false

"
"10-08-2026 09:36:20","30830","Information","Microsoft-Windows-SMBClient","The SMB redirector selected the connection initiated with the following parameters:

Server name: gfk-fra2netapp01cifs.gfk.com
Server socket address: 10.2.97.21:445
Client socket address: 
Connection ID: 
Client certificate thumbprint: 
Transport: TCPIP
Instance Name: \Device\LanmanRedirector
Port Origin: The port was selected from the global registry settings."
"10-08-2026 09:36:15","30810","Information","Microsoft-Windows-SMBClient","Added a TCP/IP transport interface.

Name: Local Area Connection* 2
InterfaceIndex: 0x2

Guidance:
A TCP/IP binding was added to the specified network adapter for the SMB client. The SMB client can now send and receive SMB traffic on this network adapter using TCP/IP. You should expect this event when a computer restarts or when a previously disabled network adaptor is re-enabled. No user action is required."
"10-08-2026 09:36:10","30812","Information","Microsoft-Windows-SMBClient","Added a TDI transport interface.

Name: \Device\NetBT_Tcpip_{556D9BDF-D387-4AB9-BE4C-A7E220FAF218}

Guidance:
A TDI (NetBIOS) binding was added to the specified network adapter for the SMB client. The SMB client can now send and receive SMB traffic on this network adapter using TDI. You should expect this event when a computer restarts or when a previously disabled network adaptor is re-enabled. No user action is required."
"10-08-2026 09:36:10","30810","Information","Microsoft-Windows-SMBClient","Added a TCP/IP transport interface.

Name: Wi-Fi
InterfaceIndex: 0xC

Guidance:
A TCP/IP binding was added to the specified network adapter for the SMB client. The SMB client can now send and receive SMB traffic on this network adapter using TCP/IP. You should expect this event when a computer restarts or when a previously disabled network adaptor is re-enabled. No user action is required."
"10-08-2026 09:36:10","30811","Information","Microsoft-Windows-SMBClient","Deleted a TCP/IP transport interface.

Name: Wi-Fi
InterfaceIndex: 0xC

Guidance:
A TCP/IP binding was removed from the specified network adapter for the SMB client. You should expect this event when a computer shuts down or when a previously enabled network adaptor is disabled. No user action is required."
"10-08-2026 09:36:10","30810","Information","Microsoft-Windows-SMBClient","Added a TCP/IP transport interface.

Name: Wi-Fi
InterfaceIndex: 0xC

Guidance:
A TCP/IP binding was added to the specified network adapter for the SMB client. The SMB client can now send and receive SMB traffic on this network adapter using TCP/IP. You should expect this event when a computer restarts or when a previously disabled network adaptor is re-enabled. No user action is required."
"10-08-2026 09:36:09","30810","Information","Microsoft-Windows-SMBClient","Added a TCP/IP transport interface.

Name: Local Area Connection* 2
InterfaceIndex: 0x2

Guidance:
A TCP/IP binding was added to the specified network adapter for the SMB client. The SMB client can now send and receive SMB traffic on this network adapter using TCP/IP. You should expect this event when a computer restarts or when a previously disabled network adaptor is re-enabled. No user action is required."
"10-08-2026 09:36:05","30810","Information","Microsoft-Windows-SMBClient","Added a TCP/IP transport interface.

Name: Ethernet 3
InterfaceIndex: 0x12

Guidance:
A TCP/IP binding was added to the specified network adapter for the SMB client. The SMB client can now send and receive SMB traffic on this network adapter using TCP/IP. You should expect this event when a computer restarts or when a previously disabled network adaptor is re-enabled. No user action is required."
"10-08-2026 09:36:03","30810","Information","Microsoft-Windows-SMBClient","Added a TCP/IP transport interface.

Name: Ethernet 3
InterfaceIndex: 0x12

Guidance:
A TCP/IP binding was added to the specified network adapter for the SMB client. The SMB client can now send and receive SMB traffic on this network adapter using TCP/IP. You should expect this event when a computer restarts or when a previously disabled network adaptor is re-enabled. No user action is required."
"10-08-2026 09:36:03","30810","Information","Microsoft-Windows-SMBClient","Added a TCP/IP transport interface.

Name: Ethernet 2
InterfaceIndex: 0x7

Guidance:
A TCP/IP binding was added to the specified network adapter for the SMB client. The SMB client can now send and receive SMB traffic on this network adapter using TCP/IP. You should expect this event when a computer restarts or when a previously disabled network adaptor is re-enabled. No user action is required."
"10-08-2026 09:36:03","30810","Information","Microsoft-Windows-SMBClient","Added a TCP/IP transport interface.

Name: Ethernet 2
InterfaceIndex: 0x7

Guidance:
A TCP/IP binding was added to the specified network adapter for the SMB client. The SMB client can now send and receive SMB traffic on this network adapter using TCP/IP. You should expect this event when a computer restarts or when a previously disabled network adaptor is re-enabled. No user action is required."
"10-08-2026 09:36:03","30810","Information","Microsoft-Windows-SMBClient","Added a TCP/IP transport interface.

Name: Ethernet
InterfaceIndex: 0xE

Guidance:
A TCP/IP binding was added to the specified network adapter for the SMB client. The SMB client can now send and receive SMB traffic on this network adapter using TCP/IP. You should expect this event when a computer restarts or when a previously disabled network adaptor is re-enabled. No user action is required."
"07-08-2026 18:21:56","30811","Information","Microsoft-Windows-SMBClient","Deleted a TCP/IP transport interface.

Name: Ethernet 3
InterfaceIndex: 0x12

Guidance:
A TCP/IP binding was removed from the specified network adapter for the SMB client. You should expect this event when a computer shuts down or when a previously enabled network adaptor is disabled. No user action is required."
"07-08-2026 18:21:56","30811","Information","Microsoft-Windows-SMBClient","Deleted a TCP/IP transport interface.

Name: Ethernet 3
InterfaceIndex: 0x12

Guidance:
A TCP/IP binding was removed from the specified network adapter for the SMB client. You should expect this event when a computer shuts down or when a previously enabled network adaptor is disabled. No user action is required."
"07-08-2026 18:19:47","30810","Information","Microsoft-Windows-SMBClient","Added a TCP/IP transport interface.

Name: Local Area Connection* 5
InterfaceIndex: 0x6

Guidance:
A TCP/IP binding was added to the specified network adapter for the SMB client. The SMB client can now send and receive SMB traffic on this network adapter using TCP/IP. You should expect this event when a computer restarts or when a previously disabled network adaptor is re-enabled. No user action is required."
"07-08-2026 18:19:41","30810","Information","Microsoft-Windows-SMBClient","Added a TCP/IP transport interface.

Name: Local Area Connection* 5
InterfaceIndex: 0x6

Guidance:
A TCP/IP binding was added to the specified network adapter for the SMB client. The SMB client can now send and receive SMB traffic on this network adapter using TCP/IP. You should expect this event when a computer restarts or when a previously disabled network adaptor is re-enabled. No user action is required."
"07-08-2026 18:18:01","30810","Information","Microsoft-Windows-SMBClient","Added a TCP/IP transport interface.

Name: Local Area Connection* 2
InterfaceIndex: 0x2

Guidance:
A TCP/IP binding was added to the specified network adapter for the SMB client. The SMB client can now send and receive SMB traffic on this network adapter using TCP/IP. You should expect this event when a computer restarts or when a previously disabled network adaptor is re-enabled. No user action is required."
"07-08-2026 18:17:57","30812","Information","Microsoft-Windows-SMBClient","Added a TDI transport interface.

Name: \Device\NetBT_Tcpip_{556D9BDF-D387-4AB9-BE4C-A7E220FAF218}

Guidance:
A TDI (NetBIOS) binding was added to the specified network adapter for the SMB client. The SMB client can now send and receive SMB traffic on this network adapter using TDI. You should expect this event when a computer restarts or when a previously disabled network adaptor is re-enabled. No user action is required."
"07-08-2026 18:17:57","30810","Information","Microsoft-Windows-SMBClient","Added a TCP/IP transport interface.

Name: Wi-Fi
InterfaceIndex: 0xC

Guidance:
A TCP/IP binding was added to the specified network adapter for the SMB client. The SMB client can now send and receive SMB traffic on this network adapter using TCP/IP. You should expect this event when a computer restarts or when a previously disabled network adaptor is re-enabled. No user action is required."
"07-08-2026 18:17:55","30810","Information","Microsoft-Windows-SMBClient","Added a TCP/IP transport interface.

Name: Local Area Connection* 2
InterfaceIndex: 0x2

Guidance:
A TCP/IP binding was added to the specified network adapter for the SMB client. The SMB client can now send and receive SMB traffic on this network adapter using TCP/IP. You should expect this event when a computer restarts or when a previously disabled network adaptor is re-enabled. No user action is required."
"07-08-2026 18:17:50","30811","Information","Microsoft-Windows-SMBClient","Deleted a TCP/IP transport interface.

Name: Local Area Connection* 2
InterfaceIndex: 0x2

Guidance:
A TCP/IP binding was removed from the specified network adapter for the SMB client. You should expect this event when a computer shuts down or when a previously enabled network adaptor is disabled. No user action is required."
"07-08-2026 18:17:50","30811","Information","Microsoft-Windows-SMBClient","Deleted a TCP/IP transport interface.

Name: Local Area Connection* 2
InterfaceIndex: 0x2

Guidance:
A TCP/IP binding was removed from the specified network adapter for the SMB client. You should expect this event when a computer shuts down or when a previously enabled network adaptor is disabled. No user action is required."
"07-08-2026 18:17:50","30811","Information","Microsoft-Windows-SMBClient","Deleted a TCP/IP transport interface.

Name: Local Area Connection* 5
InterfaceIndex: 0x6

Guidance:
A TCP/IP binding was removed from the specified network adapter for the SMB client. You should expect this event when a computer shuts down or when a previously enabled network adaptor is disabled. No user action is required."
"07-08-2026 18:17:50","30813","Information","Microsoft-Windows-SMBClient","Deleted a TDI transport interface.

Name: \Device\NetBT_Tcpip_{556D9BDF-D387-4AB9-BE4C-A7E220FAF218}

Guidance:
A TDI (NetBIOS) binding was removed from the specified network adapter for the SMB client. You should expect this event when a computer shuts down or when a previously enabled network adaptor is disabled. No user action is required."
"07-08-2026 18:17:50","30811","Information","Microsoft-Windows-SMBClient","Deleted a TCP/IP transport interface.

Name: Wi-Fi
InterfaceIndex: 0xC

Guidance:
A TCP/IP binding was removed from the specified network adapter for the SMB client. You should expect this event when a computer shuts down or when a previously enabled network adaptor is disabled. No user action is required."
"07-08-2026 18:17:50","30811","Information","Microsoft-Windows-SMBClient","Deleted a TCP/IP transport interface.

Name: Local Area Connection* 5
InterfaceIndex: 0x6

Guidance:
A TCP/IP binding was removed from the specified network adapter for the SMB client. You should expect this event when a computer shuts down or when a previously enabled network adaptor is disabled. No user action is required."
"07-08-2026 18:17:33","30810","Information","Microsoft-Windows-SMBClient","Added a TCP/IP transport interface.

Name: Ethernet 3
InterfaceIndex: 0x12

Guidance:
A TCP/IP binding was added to the specified network adapter for the SMB client. The SMB client can now send and receive SMB traffic on this network adapter using TCP/IP. You should expect this event when a computer restarts or when a previously disabled network adaptor is re-enabled. No user action is required."
"07-08-2026 18:17:27","30810","Information","Microsoft-Windows-SMBClient","Added a TCP/IP transport interface.

Name: Ethernet 3
InterfaceIndex: 0x12

Guidance:
A TCP/IP binding was added to the specified network adapter for the SMB client. The SMB client can now send and receive SMB traffic on this network adapter using TCP/IP. You should expect this event when a computer restarts or when a previously disabled network adaptor is re-enabled. No user action is required."
"07-08-2026 18:16:43","30800","Error","Microsoft-Windows-SMBClient","The server name cannot be resolved.

Error: The object was not found.

Server name: gfk-fra2netapp01cifs.gfk.com

Guidance:
The client cannot resolve the server address in DNS or WINS. This issue often manifests immediately after joining a computer to the domain, when the client's DNS registration may not yet have propagated to all DNS servers. You should also expect this event at system startup on a DNS server (such as a domain controller) that points to itself for the primary DNS. You should validate the DNS client settings on this computer using IPCONFIG /ALL and NSLOOKUP."
"07-08-2026 18:16:36","30810","Information","Microsoft-Windows-SMBClient","Added a TCP/IP transport interface.

Name: Ethernet 2
InterfaceIndex: 0x7

Guidance:
A TCP/IP binding was added to the specified network adapter for the SMB client. The SMB client can now send and receive SMB traffic on this network adapter using TCP/IP. You should expect this event when a computer restarts or when a previously disabled network adaptor is re-enabled. No user action is required."
"07-08-2026 18:16:30","30810","Information","Microsoft-Windows-SMBClient","Added a TCP/IP transport interface.

Name: Ethernet 2
InterfaceIndex: 0x7

Guidance:
A TCP/IP binding was added to the specified network adapter for the SMB client. The SMB client can now send and receive SMB traffic on this network adapter using TCP/IP. You should expect this event when a computer restarts or when a previously disabled network adaptor is re-enabled. No user action is required."
"07-08-2026 18:16:29","30813","Information","Microsoft-Windows-SMBClient","Deleted a TDI transport interface.

Name: \Device\NetBT_Tcpip_{26CB5C5D-910C-487E-BBEE-B743191F35B5}

Guidance:
A TDI (NetBIOS) binding was removed from the specified network adapter for the SMB client. You should expect this event when a computer shuts down or when a previously enabled network adaptor is disabled. No user action is required."
"07-08-2026 18:16:29","30811","Information","Microsoft-Windows-SMBClient","Deleted a TCP/IP transport interface.

Name: Ethernet 2
InterfaceIndex: 0x7

Guidance:
A TCP/IP binding was removed from the specified network adapter for the SMB client. You should expect this event when a computer shuts down or when a previously enabled network adaptor is disabled. No user action is required."
"07-08-2026 18:16:18","30800","Error","Microsoft-Windows-SMBClient","The server name cannot be resolved.

Error: The object was not found.

Server name: lhrnetapp05cifs1

Guidance:
The client cannot resolve the server address in DNS or WINS. This issue often manifests immediately after joining a computer to the domain, when the client's DNS registration may not yet have propagated to all DNS servers. You should also expect this event at system startup on a DNS server (such as a domain controller) that points to itself for the primary DNS. You should validate the DNS client settings on this computer using IPCONFIG /ALL and NSLOOKUP."
"07-08-2026 18:15:06","30810","Information","Microsoft-Windows-SMBClient","Added a TCP/IP transport interface.

Name: Ethernet 2
InterfaceIndex: 0x7

Guidance:
A TCP/IP binding was added to the specified network adapter for the SMB client. The SMB client can now send and receive SMB traffic on this network adapter using TCP/IP. You should expect this event when a computer restarts or when a previously disabled network adaptor is re-enabled. No user action is required."
"07-08-2026 18:15:05","30812","Information","Microsoft-Windows-SMBClient","Added a TDI transport interface.

Name: \Device\NetBT_Tcpip_{26CB5C5D-910C-487E-BBEE-B743191F35B5}

Guidance:
A TDI (NetBIOS) binding was added to the specified network adapter for the SMB client. The SMB client can now send and receive SMB traffic on this network adapter using TDI. You should expect this event when a computer restarts or when a previously disabled network adaptor is re-enabled. No user action is required."
"07-08-2026 18:15:05","30810","Information","Microsoft-Windows-SMBClient","Added a TCP/IP transport interface.

Name: Ethernet 2
InterfaceIndex: 0x7

Guidance:
A TCP/IP binding was added to the specified network adapter for the SMB client. The SMB client can now send and receive SMB traffic on this network adapter using TCP/IP. You should expect this event when a computer restarts or when a previously disabled network adaptor is re-enabled. No user action is required."
"07-08-2026 18:15:05","30811","Information","Microsoft-Windows-SMBClient","Deleted a TCP/IP transport interface.

Name: Ethernet 2
InterfaceIndex: 0x7

Guidance:
A TCP/IP binding was removed from the specified network adapter for the SMB client. You should expect this event when a computer shuts down or when a previously enabled network adaptor is disabled. No user action is required."
"07-08-2026 18:11:57","30833","Information","Microsoft-Windows-SMBClient","The initial connection to the share was established.

Share name: \gfk-fra2netapp01cifs.gfk.com\IPC$
Server address: 10.2.97.21:445
Session ID: 0xC03600001224757D
Tree ID: 0x1
Transport type: TCPIP
Signing used: false
Encryption used: false
Compression requested: false
NTLM blocked: false

"
"07-08-2026 18:11:56","30830","Information","Microsoft-Windows-SMBClient","The SMB redirector selected the connection initiated with the following parameters:

Server name: gfk-fra2netapp01cifs.gfk.com
Server socket address: 10.2.97.21:445
Client socket address: 
Connection ID: 
Client certificate thumbprint: 
Transport: TCPIP
Instance Name: \Device\LanmanRedirector
Port Origin: The port was selected from the global registry settings."
"07-08-2026 18:11:55","30833","Information","Microsoft-Windows-SMBClient","The initial connection to the share was established.

Share name: \lhrnetapp05cifs1\IPC$
Server address: 10.90.39.31:445
Session ID: 0x44120000020716D4
Tree ID: 0x1
Transport type: TCPIP
Signing used: false
Encryption used: false
Compression requested: false
NTLM blocked: false

"
"07-08-2026 18:11:55","30830","Information","Microsoft-Windows-SMBClient","The SMB redirector selected the connection initiated with the following parameters:

Server name: lhrnetapp05cifs1
Server socket address: 10.90.39.31:445
Client socket address: 
Connection ID: 
Client certificate thumbprint: 
Transport: TCPIP
Instance Name: \Device\LanmanRedirector
Port Origin: The port was selected from the global registry settings."
"07-08-2026 17:56:58","30833","Information","Microsoft-Windows-SMBClient","The initial connection to the share was established.

Share name: \gfk-fra2netapp01cifs.gfk.com\IPC$
Server address: 10.2.97.21:445
Session ID: 0xC036000012241E06
Tree ID: 0x1
Transport type: TCPIP
Signing used: false
Encryption used: false
Compression requested: false
NTLM blocked: false

"
"07-08-2026 17:56:57","30830","Information","Microsoft-Windows-SMBClient","The SMB redirector selected the connection initiated with the following parameters:

Server name: gfk-fra2netapp01cifs.gfk.com
Server socket address: 10.2.97.21:445
Client socket address: 
Connection ID: 
Client certificate thumbprint: 
Transport: TCPIP
Instance Name: \Device\LanmanRedirector
Port Origin: The port was selected from the global registry settings."
"07-08-2026 17:56:56","30833","Information","Microsoft-Windows-SMBClient","The initial connection to the share was established.

Share name: \lhrnetapp05cifs1\IPC$
Server address: 10.90.39.22:445
Session ID: 0x28D6000001CE99AC
Tree ID: 0x1
Transport type: TCPIP
Signing used: false
Encryption used: false
Compression requested: false
NTLM blocked: false

"
"07-08-2026 17:56:54","30830","Information","Microsoft-Windows-SMBClient","The SMB redirector selected the connection initiated with the following parameters:

Server name: lhrnetapp05cifs1
Server socket address: 10.90.39.22:445
Client socket address: 
Connection ID: 
Client certificate thumbprint: 
Transport: TCPIP
Instance Name: \Device\LanmanRedirector
Port Origin: The port was selected from the global registry settings."
"07-08-2026 17:41:59","30833","Information","Microsoft-Windows-SMBClient","The initial connection to the share was established.

Share name: \gfk-fra2netapp01cifs.gfk.com\IPC$
Server address: 10.2.97.21:445
Session ID: 0xC03600001223AD9A
Tree ID: 0x1
Transport type: TCPIP
Signing used: false
Encryption used: false
Compression requested: false
NTLM blocked: false

"
"07-08-2026 17:41:57","30830","Information","Microsoft-Windows-SMBClient","The SMB redirector selected the connection initiated with the following parameters:

Server name: gfk-fra2netapp01cifs.gfk.com
Server socket address: 10.2.97.21:445
Client socket address: 
Connection ID: 
Client certificate thumbprint: 
Transport: TCPIP
Instance Name: \Device\LanmanRedirector
Port Origin: The port was selected from the global registry settings."
"07-08-2026 17:41:56","30833","Information","Microsoft-Windows-SMBClient","The initial connection to the share was established.

Share name: \lhrnetapp05cifs1\IPC$
Server address: 10.90.39.31:445
Session ID: 0x441200000207084E
Tree ID: 0x1
Transport type: TCPIP
Signing used: false
Encryption used: false
Compression requested: false
NTLM blocked: false

"
"07-08-2026 17:41:55","30830","Information","Microsoft-Windows-SMBClient","The SMB redirector selected the connection initiated with the following parameters:

Server name: lhrnetapp05cifs1
Server socket address: 10.90.39.31:445
Client socket address: 
Connection ID: 
Client certificate thumbprint: 
Transport: TCPIP
Instance Name: \Device\LanmanRedirector
Port Origin: The port was selected from the global registry settings."
"07-08-2026 17:26:39","30833","Information","Microsoft-Windows-SMBClient","The initial connection to the share was established.

Share name: \gfk-fra2netapp01cifs.gfk.com\IPC$
Server address: 10.2.97.21:445
Session ID: 0xC03600001223360E
Tree ID: 0x1
Transport type: TCPIP
Signing used: false
Encryption used: false
Compression requested: false
NTLM blocked: false

"
"07-08-2026 17:26:38","30830","Information","Microsoft-Windows-SMBClient","The SMB redirector selected the connection initiated with the following parameters:

Server name: gfk-fra2netapp01cifs.gfk.com
Server socket address: 10.2.97.21:445
Client socket address: 
Connection ID: 
Client certificate thumbprint: 
Transport: TCPIP
Instance Name: \Device\LanmanRedirector
Port Origin: The port was selected from the global registry settings."
"07-08-2026 17:26:37","30833","Information","Microsoft-Windows-SMBClient","The initial connection to the share was established.

Share name: \lhrnetapp05cifs1\IPC$
Server address: 10.90.39.29:445
Session ID: 0x3666000001EDC4D3
Tree ID: 0x1
Transport type: TCPIP
Signing used: false
Encryption used: false
Compression requested: false
NTLM blocked: false

"
"07-08-2026 17:26:36","30830","Information","Microsoft-Windows-SMBClient","The SMB redirector selected the connection initiated with the following parameters:

Server name: lhrnetapp05cifs1
Server socket address: 10.90.39.29:445
Client socket address: 
Connection ID: 
Client certificate thumbprint: 
Transport: TCPIP
Instance Name: \Device\LanmanRedirector
Port Origin: The port was selected from the global registry settings."
"07-08-2026 16:54:17","30833","Information","Microsoft-Windows-SMBClient","The initial connection to the share was established.

Share name: \gfk-fra2netapp01cifs.gfk.com\IPC$
Server address: 10.2.97.21:445
Session ID: 0xC036000012222251
Tree ID: 0x1
Transport type: TCPIP
Signing used: false
Encryption used: false
Compression requested: false
NTLM blocked: false

"
"07-08-2026 16:54:16","30830","Information","Microsoft-Windows-SMBClient","The SMB redirector selected the connection initiated with the following parameters:

Server name: gfk-fra2netapp01cifs.gfk.com
Server socket address: 10.2.97.21:445
Client socket address: 
Connection ID: 
Client certificate thumbprint: 
Transport: TCPIP
Instance Name: \Device\LanmanRedirector
Port Origin: The port was selected from the global registry settings."
"07-08-2026 16:54:15","30833","Information","Microsoft-Windows-SMBClient","The initial connection to the share was established.

Share name: \lhrnetapp05cifs1\IPC$
Server address: 10.90.39.29:445
Session ID: 0x3666000001EDADF1
Tree ID: 0x1
Transport type: TCPIP
Signing used: false
Encryption used: false
Compression requested: false
NTLM blocked: false

"
"07-08-2026 16:54:15","30830","Information","Microsoft-Windows-SMBClient","The SMB redirector selected the connection initiated with the following parameters:

Server name: lhrnetapp05cifs1
Server socket address: 10.90.39.29:445
Client socket address: 
Connection ID: 
Client certificate thumbprint: 
Transport: TCPIP
Instance Name: \Device\LanmanRedirector
Port Origin: The port was selected from the global registry settings."
"07-08-2026 16:41:59","30833","Information","Microsoft-Windows-SMBClient","The initial connection to the share was established.

Share name: \gfk-fra2netapp01cifs.gfk.com\IPC$
Server address: 10.2.97.21:445
Session ID: 0xC03600001221AAC4
Tree ID: 0x1
Transport type: TCPIP
Signing used: false
Encryption used: false
Compression requested: false
NTLM blocked: false

"
"07-08-2026 16:41:58","30830","Information","Microsoft-Windows-SMBClient","The SMB redirector selected the connection initiated with the following parameters:

Server name: gfk-fra2netapp01cifs.gfk.com
Server socket address: 10.2.97.21:445
Client socket address: 
Connection ID: 
Client certificate thumbprint: 
Transport: TCPIP
Instance Name: \Device\LanmanRedirector
Port Origin: The port was selected from the global registry settings."
"07-08-2026 16:41:55","30833","Information","Microsoft-Windows-SMBClient","The initial connection to the share was established.

Share name: \lhrnetapp05cifs1\IPC$
Server address: 10.90.39.29:445
Session ID: 0x3666000001EDA733
Tree ID: 0x1
Transport type: TCPIP
Signing used: false
Encryption used: false
Compression requested: false
NTLM blocked: false

"
"07-08-2026 16:41:55","30830","Information","Microsoft-Windows-SMBClient","The SMB redirector selected the connection initiated with the following parameters:

Server name: lhrnetapp05cifs1
Server socket address: 10.90.39.29:445
Client socket address: 
Connection ID: 
Client certificate thumbprint: 
Transport: TCPIP
Instance Name: \Device\LanmanRedirector
Port Origin: The port was selected from the global registry settings."
"07-08-2026 16:11:58","30833","Information","Microsoft-Windows-SMBClient","The initial connection to the share was established.

Share name: \gfk-fra2netapp01cifs.gfk.com\IPC$
Server address: 10.2.97.21:445
Session ID: 0xC03600001220A6DA
Tree ID: 0x1
Transport type: TCPIP
Signing used: false
Encryption used: false
Compression requested: false
NTLM blocked: false

"
"07-08-2026 16:11:57","30830","Information","Microsoft-Windows-SMBClient","The SMB redirector selected the connection initiated with the following parameters:

Server name: gfk-fra2netapp01cifs.gfk.com
Server socket address: 10.2.97.21:445
Client socket address: 
Connection ID: 
Client certificate thumbprint: 
Transport: TCPIP
Instance Name: \Device\LanmanRedirector
Port Origin: The port was selected from the global registry settings."
"07-08-2026 16:11:56","30833","Information","Microsoft-Windows-SMBClient","The initial connection to the share was established.

Share name: \lhrnetapp05cifs1\IPC$
Server address: 10.90.39.31:445
Session ID: 0x441200000206DCD8
Tree ID: 0x1
Transport type: TCPIP
Signing used: false
Encryption used: false
Compression requested: false
NTLM blocked: false

"
"07-08-2026 16:11:54","30830","Information","Microsoft-Windows-SMBClient","The SMB redirector selected the connection initiated with the following parameters:

Server name: lhrnetapp05cifs1
Server socket address: 10.90.39.31:445
Client socket address: 
Connection ID: 
Client certificate thumbprint: 
Transport: TCPIP
Instance Name: \Device\LanmanRedirector
Port Origin: The port was selected from the global registry settings."
"07-08-2026 15:11:58","30833","Information","Microsoft-Windows-SMBClient","The initial connection to the share was established.

Share name: \gfk-fra2netapp01cifs.gfk.com\IPC$
Server address: 10.2.97.21:445
Session ID: 0xC0360000121E98D1
Tree ID: 0x1
Transport type: TCPIP
Signing used: false
Encryption used: false
Compression requested: false
NTLM blocked: false

"
"07-08-2026 15:11:56","30830","Information","Microsoft-Windows-SMBClient","The SMB redirector selected the connection initiated with the following parameters:

Server name: gfk-fra2netapp01cifs.gfk.com
Server socket address: 10.2.97.21:445
Client socket address: 
Connection ID: 
Client certificate thumbprint: 
Transport: TCPIP
Instance Name: \Device\LanmanRedirector
Port Origin: The port was selected from the global registry settings."
"07-08-2026 15:11:56","30833","Information","Microsoft-Windows-SMBClient","The initial connection to the share was established.

Share name: \lhrnetapp05cifs1\IPC$
Server address: 10.90.39.20:445
Session ID: 0xC8E7000001B3B516
Tree ID: 0x1
Transport type: TCPIP
Signing used: false
Encryption used: false
Compression requested: false
NTLM blocked: false

"
"07-08-2026 15:11:54","30830","Information","Microsoft-Windows-SMBClient","The SMB redirector selected the connection initiated with the following parameters:

Server name: lhrnetapp05cifs1
Server socket address: 10.90.39.20:445
Client socket address: 
Connection ID: 
Client certificate thumbprint: 
Transport: TCPIP
Instance Name: \Device\LanmanRedirector
Port Origin: The port was selected from the global registry settings."
"07-08-2026 14:41:58","30833","Information","Microsoft-Windows-SMBClient","The initial connection to the share was established.

Share name: \gfk-fra2netapp01cifs.gfk.com\IPC$
Server address: 10.2.97.21:445
Session ID: 0xC0360000121D673E
Tree ID: 0x1
Transport type: TCPIP
Signing used: false
Encryption used: false
Compression requested: false
NTLM blocked: false

"
"07-08-2026 14:41:57","30830","Information","Microsoft-Windows-SMBClient","The SMB redirector selected the connection initiated with the following parameters:

Server name: gfk-fra2netapp01cifs.gfk.com
Server socket address: 10.2.97.21:445
Client socket address: 
Connection ID: 
Client certificate thumbprint: 
Transport: TCPIP
Instance Name: \Device\LanmanRedirector
Port Origin: The port was selected from the global registry settings."
"07-08-2026 14:41:56","30833","Information","Microsoft-Windows-SMBClient","The initial connection to the share was established.

Share name: \lhrnetapp05cifs1\IPC$
Server address: 10.90.39.29:445
Session ID: 0x3666000001ED5BFC
Tree ID: 0x1
Transport type: TCPIP
Signing used: false
Encryption used: false
Compression requested: false
NTLM blocked: false

"
"07-08-2026 14:41:55","30830","Information","Microsoft-Windows-SMBClient","The SMB redirector selected the connection initiated with the following parameters:

Server name: lhrnetapp05cifs1
Server socket address: 10.90.39.29:445
Client socket address: 
Connection ID: 
Client certificate thumbprint: 
Transport: TCPIP
Instance Name: \Device\LanmanRedirector
Port Origin: The port was selected from the global registry settings."
"07-08-2026 14:26:06","30833","Information","Microsoft-Windows-SMBClient","The initial connection to the share was established.

Share name: \gfk-fra2netapp01cifs.gfk.com\IPC$
Server address: 10.2.97.21:445
Session ID: 0xC0360000121CB827
Tree ID: 0x1
Transport type: TCPIP
Signing used: false
Encryption used: false
Compression requested: false
NTLM blocked: false

"
"07-08-2026 14:26:05","30830","Information","Microsoft-Windows-SMBClient","The SMB redirector selected the connection initiated with the following parameters:

Server name: gfk-fra2netapp01cifs.gfk.com
Server socket address: 10.2.97.21:445
Client socket address: 
Connection ID: 
Client certificate thumbprint: 
Transport: TCPIP
Instance Name: \Device\LanmanRedirector
Port Origin: The port was selected from the global registry settings."
"07-08-2026 14:26:04","30833","Information","Microsoft-Windows-SMBClient","The initial connection to the share was established.

Share name: \lhrnetapp05cifs1\IPC$
Server address: 10.90.39.31:445
Session ID: 0x441200000206A9F0
Tree ID: 0x1
Transport type: TCPIP
Signing used: false
Encryption used: false
Compression requested: false
NTLM blocked: false

"
"07-08-2026 14:26:03","30830","Information","Microsoft-Windows-SMBClient","The SMB redirector selected the connection initiated with the following parameters:

Server name: lhrnetapp05cifs1
Server socket address: 10.90.39.31:445
Client socket address: 
Connection ID: 
Client certificate thumbprint: 
Transport: TCPIP
Instance Name: \Device\LanmanRedirector
Port Origin: The port was selected from the global registry settings."
"07-08-2026 14:11:57","30833","Information","Microsoft-Windows-SMBClient","The initial connection to the share was established.

Share name: \gfk-fra2netapp01cifs.gfk.com\IPC$
Server address: 10.2.97.21:445
Session ID: 0xC0360000121BFD8F
Tree ID: 0x1
Transport type: TCPIP
Signing used: false
Encryption used: false
Compression requested: false
NTLM blocked: false

"
"07-08-2026 14:11:56","30830","Information","Microsoft-Windows-SMBClient","The SMB redirector selected the connection initiated with the following parameters:

Server name: gfk-fra2netapp01cifs.gfk.com
Server socket address: 10.2.97.21:445
Client socket address: 
Connection ID: 
Client certificate thumbprint: 
Transport: TCPIP
Instance Name: \Device\LanmanRedirector
Port Origin: The port was selected from the global registry settings."
"07-08-2026 14:11:55","30833","Information","Microsoft-Windows-SMBClient","The initial connection to the share was established.

Share name: \lhrnetapp05cifs1\IPC$
Server address: 10.90.39.31:445
Session ID: 0x441200000206A24B
Tree ID: 0x1
Transport type: TCPIP
Signing used: false
Encryption used: false
Compression requested: false
NTLM blocked: false

"
"07-08-2026 14:11:54","30830","Information","Microsoft-Windows-SMBClient","The SMB redirector selected the connection initiated with the following parameters:

Server name: lhrnetapp05cifs1
Server socket address: 10.90.39.31:445
Client socket address: 
Connection ID: 
Client certificate thumbprint: 
Transport: TCPIP
Instance Name: \Device\LanmanRedirector
Port Origin: The port was selected from the global registry settings."
"07-08-2026 13:11:06","30833","Information","Microsoft-Windows-SMBClient","The initial connection to the share was established.

Share name: \gfk-fra2netapp01cifs.gfk.com\IPC$
Server address: 10.2.97.21:445
Session ID: 0xC0360000121967E5
Tree ID: 0x1
Transport type: TCPIP
Signing used: false
Encryption used: false
Compression requested: false
NTLM blocked: false

"
"07-08-2026 13:11:05","30830","Information","Microsoft-Windows-SMBClient","The SMB redirector selected the connection initiated with the following parameters:

Server name: gfk-fra2netapp01cifs.gfk.com
Server socket address: 10.2.97.21:445
Client socket address: 
Connection ID: 
Client certificate thumbprint: 
Transport: TCPIP
Instance Name: \Device\LanmanRedirector
Port Origin: The port was selected from the global registry settings."
"07-08-2026 13:11:04","30833","Information","Microsoft-Windows-SMBClient","The initial connection to the share was established.

Share name: \lhrnetapp05cifs1\IPC$
Server address: 10.90.39.29:445
Session ID: 0x3666000001ED1C7B
Tree ID: 0x1
Transport type: TCPIP
Signing used: false
Encryption used: false
Compression requested: false
NTLM blocked: false

"
"07-08-2026 13:11:03","30830","Information","Microsoft-Windows-SMBClient","The SMB redirector selected the connection initiated with the following parameters:

Server name: lhrnetapp05cifs1
Server socket address: 10.90.39.29:445
Client socket address: 
Connection ID: 
Client certificate thumbprint: 
Transport: TCPIP
Instance Name: \Device\LanmanRedirector
Port Origin: The port was selected from the global registry settings."
"07-08-2026 12:56:58","30833","Information","Microsoft-Windows-SMBClient","The initial connection to the share was established.

Share name: \gfk-fra2netapp01cifs.gfk.com\IPC$
Server address: 10.2.97.21:445
Session ID: 0xC03600001218E0CF
Tree ID: 0x1
Transport type: TCPIP
Signing used: false
Encryption used: false
Compression requested: false
NTLM blocked: false

"
"07-08-2026 12:56:57","30830","Information","Microsoft-Windows-SMBClient","The SMB redirector selected the connection initiated with the following parameters:

Server name: gfk-fra2netapp01cifs.gfk.com
Server socket address: 10.2.97.21:445
Client socket address: 
Connection ID: 
Client certificate thumbprint: 
Transport: TCPIP
Instance Name: \Device\LanmanRedirector
Port Origin: The port was selected from the global registry settings."
