"08-06-2026 16:55:22","400","Information","Microsoft-Windows-Kernel-PnP","Device PCI\VEN_8086&DEV_7D41&SUBSYS_0CE81028&REV_00\3&11583659&0&10 was configured.

Driver Name: oem27.inf
Driver Package ID: iigd_dch.inf_amd64_890a08c3df64cf6a
Class GUID: {4d36e968-e325-11ce-bfc1-08002be10318}
Driver Date: 04/16/2026
Driver Version: 32.0.101.8724
Driver Provider: Intel Corporation
Driver Section: ARLH_IG_wNext
Driver Rank: 0xCF0001
Matching Device ID: PCI\VEN_8086&DEV_7D41&SUBSYS_0CE81028
Outranked Drivers: oem130.inf:PCI\VEN_8086&DEV_7D41&SUBSYS_0CE81028:00CF0001 oem130.inf:PCI\VEN_8086&DEV_7D41:00CF2001 oem27.inf:PCI\VEN_8086&DEV_7D41:00CF2001 display.inf:PCI\CC_0300:00FB2008
Device Updated: true
Parent Device: ACPI\PNP0A08\0"
"08-06-2026 16:55:17","410","Information","Microsoft-Windows-Kernel-PnP","Device INTELAUDIO\SGPC_FUNC_01&VEN_8086&DEV_281D&SUBSYS_80860101&REV_1000\5&32640736&0&0201DIF_000B&UIF_0000 was started.

Driver Name: oem346.inf
Class GUID: {4d36e96c-e325-11ce-bfc1-08002be10318}
Service: AcxHdAudio
Lower Filters: 
Upper Filters: "
"08-06-2026 16:55:16","400","Information","Microsoft-Windows-Kernel-PnP","Device INTELAUDIO\SGPC_FUNC_01&VEN_8086&DEV_281D&SUBSYS_80860101&REV_1000\5&32640736&0&0201DIF_000B&UIF_0000 was configured.

Driver Name: oem346.inf
Driver Package ID: mshdadac.inf_amd64_a75c1fc7e527ee75
Class GUID: {4d36e96c-e325-11ce-bfc1-08002be10318}
Driver Date: 04/16/2026
Driver Version: 32.0.101.8724
Driver Provider: Intel Corporation
Driver Section: Audio_Device_Wrapper.NT
Driver Rank: 0xF00001
Matching Device ID: INTELAUDIO\SGPC_FUNC_01&VEN_8086&DEV_281D&SUBSYS_80860101
Outranked Drivers: oem484.inf:INTELAUDIO\SGPC_FUNC_01&VEN_8086&DEV_281D&SUBSYS_80860101:00F00001 oem484.inf:INTELAUDIO\SGPC_FUNC_01&VEN_8086&DEV_281D:00F01003 oem346.inf:INTELAUDIO\SGPC_FUNC_01&VEN_8086&DEV_281D:00F01003
Device Updated: true
Parent Device: INTELAUDIO\DSP_CTLR_DEV_7728&VEN_8086&DEV_0222&SUBSYS_0CE81028&REV_0000\4&417d3cc&0&0800DIF_000B&UIF_0000"
"08-06-2026 16:55:15","410","Information","Microsoft-Windows-Kernel-PnP","Device SWD\MMDEVAPI\{0.0.0.00000000}.{6596372f-3207-4f21-9f3b-03157c68da27} was started.

Driver Name: audioendpoint.inf
Class GUID: {c166523c-fe0c-4a94-a586-f1a80cfbbf3e}
Service: 
Lower Filters: 
Upper Filters: "
"08-06-2026 16:55:15","400","Information","Microsoft-Windows-Kernel-PnP","Device SWD\MMDEVAPI\{0.0.0.00000000}.{6596372f-3207-4f21-9f3b-03157c68da27} was configured.

Driver Name: audioendpoint.inf
Driver Package ID: audioendpoint.inf_amd64_271c4d03bad18da8
Class GUID: {c166523c-fe0c-4a94-a586-f1a80cfbbf3e}
Driver Date: 03/31/2024
Driver Version: 10.0.26100.1
Driver Provider: Microsoft
Driver Section: NO_DRV
Driver Rank: 0xFF0000
Matching Device ID: MMDEVAPI\AudioEndpoints
Outranked Drivers: c_swdevice.inf:SWD\GenericRaw:00FF3001
Device Updated: false
Parent Device: HDAUDIO\SUBFUNC_01&VEN_8086&DEV_281D&NID_0001&SUBSYS_00000000&REV_1000\6&2d9a5e4c&0&0002&00000025"
"08-06-2026 16:55:14","420","Information","Microsoft-Windows-Kernel-PnP","Device SWD\MMDEVAPI\{0.0.0.00000000}.{D6BC8428-CF65-48FE-A3EE-5284246B7D12} was deleted.

Class GUID: {c166523c-fe0c-4a94-a586-f1a80cfbbf3e}"
"08-06-2026 16:55:13","410","Information","Microsoft-Windows-Kernel-PnP","Device HDAUDIO\SUBFUNC_01&VEN_8086&DEV_281D&NID_0001&SUBSYS_00000000&REV_1000\6&2d9a5e4c&0&0002&00000025 was started.

Driver Name: oem346.inf
Class GUID: {4d36e96c-e325-11ce-bfc1-08002be10318}
Service: 
Lower Filters: 
Upper Filters: "
"08-06-2026 16:55:13","400","Information","Microsoft-Windows-Kernel-PnP","Device HDAUDIO\SUBFUNC_01&VEN_8086&DEV_281D&NID_0001&SUBSYS_00000000&REV_1000\6&2d9a5e4c&0&0002&00000025 was configured.

Driver Name: oem346.inf
Driver Package ID: mshdadac.inf_amd64_a75c1fc7e527ee75
Class GUID: {4d36e96c-e325-11ce-bfc1-08002be10318}
Driver Date: 04/16/2026
Driver Version: 32.0.101.8724
Driver Provider: Intel Corporation
Driver Section: Audio_Child_Device_Wrapper.NT
Driver Rank: 0xFF3008
Matching Device ID: HDAUDIO\SUBFUNC_01&VEN_8086&DEV_281D
Outranked Drivers: oem484.inf:HDAUDIO\SUBFUNC_01&VEN_8086&DEV_281D:00FF3008
Device Updated: true
Parent Device: INTELAUDIO\SGPC_FUNC_01&VEN_8086&DEV_281D&SUBSYS_80860101&REV_1000\5&32640736&0&0201DIF_000B&UIF_0000"
"08-06-2026 16:50:04","410","Information","Microsoft-Windows-Kernel-PnP","Device SWD\DRIVERENUM\{bc7814a1-a80e-44b3-87c6-652eac676387}#DttExtComponent&4&23556e4&0 was started.

Driver Name: oem499.inf
Class GUID: {5c4c3332-344d-483c-8739-259e934c9cc8}
Service: WUDFRd
Lower Filters: 
Upper Filters: "
"08-06-2026 16:50:04","400","Information","Microsoft-Windows-Kernel-PnP","Device SWD\DRIVERENUM\{bc7814a1-a80e-44b3-87c6-652eac676387}#DttExtComponent&4&23556e4&0 was configured.

Driver Name: oem499.inf
Driver Package ID: dtt_sw.inf_amd64_4dcbabf4df6e73f7
Class GUID: {5c4c3332-344d-483c-8739-259e934c9cc8}
Driver Date: 03/11/2026
Driver Version: 9.1.10009.1745
Driver Provider: Intel
Driver Section: DttInstall_Win11_22621.NTamd64
Driver Rank: 0xFF0000
Matching Device ID: SWC\VID8086_DTT_1.0
Outranked Drivers: oem142.inf:SWC\VID8086_DTT_1.0:00FF0000 c_swcomponent.inf:SWC\Generic:00FF3000 c_swdevice.inf:SWD\GenericRaw:00FF3001
Device Updated: true
Parent Device: PCI\VEN_8086&DEV_7D03&SUBSYS_0CE81028&REV_05\3&11583659&0&20"
"08-06-2026 16:49:18","400","Information","Microsoft-Windows-Kernel-PnP","Device SWC\VID8086_PPM_Provisioning_B0650_1.0\00 was configured.

Driver Name: oem390.inf
Driver Package ID: ipfppm_sw.inf_amd64_020076bc4ee508ce
Class GUID: {5c4c3332-344d-483c-8739-259e934c9cc8}
Driver Date: 07/15/2025
Driver Version: 1.0.0.158
Driver Provider: Intel
Driver Section: IpfPpmInstall_Win11_24h2_ARL_H_U.NTamd64
Driver Rank: 0xFF0000
Matching Device ID: SWC\VID8086_PPM_Provisioning_B0650_1.0
Outranked Drivers: oem454.inf:SWC\VID8086_PPM_Provisioning_B0650_1.0:00FF0000
Device Updated: true
Parent Device: PCI\VEN_8086&DEV_7D03&SUBSYS_0CE81028&REV_05\3&11583659&0&20"
"08-06-2026 16:49:15","400","Information","Microsoft-Windows-Kernel-PnP","Device SWC\VID8086_PPM_Provisioning_B0650_1.0\00 was configured.

Driver Name: oem454.inf
Driver Package ID: ipfppm_sw.inf_amd64_ce63fd8b6da3decd
Class GUID: {5c4c3332-344d-483c-8739-259e934c9cc8}
Driver Date: 11/07/2024
Driver Version: 1.0.0.49
Driver Provider: Intel
Driver Section: IpfPpmInstall_Win11_24h2_ARL_ALL.NTamd64
Driver Rank: 0xFF0000
Matching Device ID: SWC\VID8086_PPM_Provisioning_B0650_1.0
Outranked Drivers: oem390.inf:SWC\VID8086_PPM_Provisioning_B0650_1.0:00FF0000
Device Updated: true
Parent Device: PCI\VEN_8086&DEV_7D03&SUBSYS_0CE81028&REV_05\3&11583659&0&20"
"08-06-2026 09:40:07","410","Information","Microsoft-Windows-Kernel-PnP","Device SWD\DRIVERENUM\{d10bfa0c-8cb5-4674-8428-3633604b8c33}#IpfEfProviderComponent&5&2c393730&0 was started.

Driver Name: c_swcomponent.inf
Class GUID: {5c4c3332-344d-483c-8739-259e934c9cc8}
Service: 
Lower Filters: 
Upper Filters: "
"08-06-2026 09:40:06","400","Information","Microsoft-Windows-Kernel-PnP","Device SWD\DRIVERENUM\{d10bfa0c-8cb5-4674-8428-3633604b8c33}#IpfEfProviderComponent&5&2c393730&0 was configured.

Driver Name: c_swcomponent.inf
Driver Package ID: c_swcomponent.inf_amd64_1536c854ab7bdc83
Class GUID: {5c4c3332-344d-483c-8739-259e934c9cc8}
Driver Date: 06/21/2006
Driver Version: 10.0.26100.1
Driver Provider: Microsoft
Driver Section: SoftwareComponent
Driver Rank: 0xFF3000
Matching Device ID: SWC\Generic
Outranked Drivers: c_swdevice.inf:SWD\GenericRaw:00FF3001
Device Updated: false
Parent Device: SWD\DRIVERENUM\IpfEfExtComponent&4&23556e4&0"
"05-06-2026 11:32:11","410","Information","Microsoft-Windows-Kernel-PnP","Device SWD\MMDEVAPI\{0.0.0.00000000}.{d6bc8428-cf65-48fe-a3ee-5284246b7d12} was started.

Driver Name: audioendpoint.inf
Class GUID: {c166523c-fe0c-4a94-a586-f1a80cfbbf3e}
Service: 
Lower Filters: 
Upper Filters: "
"05-06-2026 11:32:11","400","Information","Microsoft-Windows-Kernel-PnP","Device SWD\MMDEVAPI\{0.0.0.00000000}.{d6bc8428-cf65-48fe-a3ee-5284246b7d12} was configured.

Driver Name: audioendpoint.inf
Driver Package ID: audioendpoint.inf_amd64_271c4d03bad18da8
Class GUID: {c166523c-fe0c-4a94-a586-f1a80cfbbf3e}
Driver Date: 03/31/2024
Driver Version: 10.0.26100.1
Driver Provider: Microsoft
Driver Section: NO_DRV
Driver Rank: 0xFF0000
Matching Device ID: MMDEVAPI\AudioEndpoints
Outranked Drivers: c_swdevice.inf:SWD\GenericRaw:00FF3001
Device Updated: false
Parent Device: HDAUDIO\SUBFUNC_01&VEN_8086&DEV_281D&NID_0001&SUBSYS_00000000&REV_1000\6&2d9a5e4c&0&0002&00000025"
"05-06-2026 11:32:11","420","Information","Microsoft-Windows-Kernel-PnP","Device SWD\MMDEVAPI\{0.0.0.00000000}.{6444FE29-8655-4AEE-A4FE-5CF6B023032F} was deleted.

Class GUID: {c166523c-fe0c-4a94-a586-f1a80cfbbf3e}"
"05-06-2026 11:32:09","410","Information","Microsoft-Windows-Kernel-PnP","Device HDAUDIO\SUBFUNC_01&VEN_8086&DEV_281D&NID_0001&SUBSYS_00000000&REV_1000\6&2d9a5e4c&0&0002&00000025 was started.

Driver Name: oem484.inf
Class GUID: {4d36e96c-e325-11ce-bfc1-08002be10318}
Service: 
Lower Filters: 
Upper Filters: "
"05-06-2026 11:32:09","400","Information","Microsoft-Windows-Kernel-PnP","Device HDAUDIO\SUBFUNC_01&VEN_8086&DEV_281D&NID_0001&SUBSYS_00000000&REV_1000\6&2d9a5e4c&0&0002&00000025 was configured.

Driver Name: oem484.inf
Driver Package ID: mshdadac.inf_amd64_f90ac2a0d84df747
Class GUID: {4d36e96c-e325-11ce-bfc1-08002be10318}
Driver Date: 01/30/2026
Driver Version: 32.0.101.8508
Driver Provider: Intel Corporation
Driver Section: Audio_Child_Device_Wrapper.NT
Driver Rank: 0xFF3008
Matching Device ID: HDAUDIO\SUBFUNC_01&VEN_8086&DEV_281D
Outranked Drivers: oem27.inf:HDAUDIO\SUBFUNC_01&VEN_8086&DEV_281D:00FF3008
Device Updated: true
Parent Device: INTELAUDIO\SGPC_FUNC_01&VEN_8086&DEV_281D&SUBSYS_80860101&REV_1000\5&32640736&0&0201DIF_000B&UIF_0000"
"05-06-2026 11:32:09","410","Information","Microsoft-Windows-Kernel-PnP","Device INTELAUDIO\SGPC_FUNC_01&VEN_8086&DEV_281D&SUBSYS_80860101&REV_1000\5&32640736&0&0201DIF_000B&UIF_0000 was started.

Driver Name: oem484.inf
Class GUID: {4d36e96c-e325-11ce-bfc1-08002be10318}
Service: AcxHdAudio
Lower Filters: 
Upper Filters: "
"05-06-2026 11:32:09","400","Information","Microsoft-Windows-Kernel-PnP","Device INTELAUDIO\SGPC_FUNC_01&VEN_8086&DEV_281D&SUBSYS_80860101&REV_1000\5&32640736&0&0201DIF_000B&UIF_0000 was configured.

Driver Name: oem484.inf
Driver Package ID: mshdadac.inf_amd64_f90ac2a0d84df747
Class GUID: {4d36e96c-e325-11ce-bfc1-08002be10318}
Driver Date: 01/30/2026
Driver Version: 32.0.101.8508
Driver Provider: Intel Corporation
Driver Section: Audio_Device_Wrapper.NT
Driver Rank: 0xF00001
Matching Device ID: INTELAUDIO\SGPC_FUNC_01&VEN_8086&DEV_281D&SUBSYS_80860101
Outranked Drivers: oem27.inf:INTELAUDIO\SGPC_FUNC_01&VEN_8086&DEV_281D&SUBSYS_80860101:00F00001 oem27.inf:INTELAUDIO\SGPC_FUNC_01&VEN_8086&DEV_281D:00F01003 oem484.inf:INTELAUDIO\SGPC_FUNC_01&VEN_8086&DEV_281D:00F01003
Device Updated: true
Parent Device: INTELAUDIO\DSP_CTLR_DEV_7728&VEN_8086&DEV_0222&SUBSYS_0CE81028&REV_0000\4&417d3cc&0&0800DIF_000B&UIF_0000"
"05-06-2026 11:32:05","411","Error","Microsoft-Windows-Kernel-PnP","Device PCI\VEN_8086&DEV_7D41&SUBSYS_0CE81028&REV_00\3&11583659&0&10 had a problem starting.

Driver Name: oem130.inf
Class GUID: {4d36e968-e325-11ce-bfc1-08002be10318}
Service: igfxn
Lower Filters: 
Upper Filters: 
Problem: 0x0
Problem Status: 0xC00000E5"
"05-06-2026 11:32:05","410","Information","Microsoft-Windows-Kernel-PnP","Device DISPLAY\Default_Monitor\1&8713bca&0&UID0 was started.

Driver Name: monitor.inf
Class GUID: {4d36e96e-e325-11ce-bfc1-08002be10318}
Service: monitor
Lower Filters: 
Upper Filters: "
"05-06-2026 11:32:04","400","Information","Microsoft-Windows-Kernel-PnP","Device DISPLAY\Default_Monitor\1&8713bca&0&UID0 was configured.

Driver Name: monitor.inf
Driver Package ID: monitor.inf_amd64_f34c845bb3958726
Class GUID: {4d36e96e-e325-11ce-bfc1-08002be10318}
Driver Date: 06/21/2006
Driver Version: 10.0.26100.7309
Driver Provider: Microsoft
Driver Section: NonPnPMonitor.Install
Driver Rank: 0xFF0000
Matching Device ID: MONITOR\Default_Monitor
Outranked Drivers: monitor.inf:*PNP09FF:00FF2000
Device Updated: false
Parent Device: ROOT\BasicDisplay\0000"
"05-06-2026 11:32:01","400","Information","Microsoft-Windows-Kernel-PnP","Device PCI\VEN_8086&DEV_7D41&SUBSYS_0CE81028&REV_00\3&11583659&0&10 was configured.

Driver Name: oem496.inf
Driver Package ID: iigd_ext.inf_amd64_9bc87952f8489989
Class GUID: {e2f84ce7-8efa-411c-aa69-97454ca4cb57}
Driver Date: 04/16/2026
Driver Version: 32.0.101.8724
Driver Provider: Intel Corporation
Driver Section: ARLH_IG_wNext_Taroko14 ARL
Driver Rank: 0xFF0001
Matching Device ID: PCI\VEN_8086&DEV_7D41&SUBSYS_0CE81028
Outranked Drivers: 
Device Updated: true
Parent Device: ACPI\PNP0A08\0"
"05-06-2026 11:32:01","400","Information","Microsoft-Windows-Kernel-PnP","Device PCI\VEN_8086&DEV_7D41&SUBSYS_0CE81028&REV_00\3&11583659&0&10 was configured.

Driver Name: oem470.inf
Driver Package ID: iigd_ext.inf_amd64_33dadd3f6fdfacbf
Class GUID: {e2f84ce7-8efa-411c-aa69-97454ca4cb57}
Driver Date: 04/28/2025
Driver Version: 32.0.101.6790
Driver Provider: Intel Corporation
Driver Section: ARLH_IG_wNext_Taroko14 ARL
Driver Rank: 0xFF0001
Matching Device ID: PCI\VEN_8086&DEV_7D41&SUBSYS_0CE81028
Outranked Drivers: 
Device Updated: true
Parent Device: ACPI\PNP0A08\0"
"05-06-2026 11:32:01","400","Information","Microsoft-Windows-Kernel-PnP","Device PCI\VEN_8086&DEV_7D41&SUBSYS_0CE81028&REV_00\3&11583659&0&10 was configured.

Driver Name: oem437.inf
Driver Package ID: iigd_ext.inf_amd64_185caa84bd185eb8
Class GUID: {e2f84ce7-8efa-411c-aa69-97454ca4cb57}
Driver Date: 10/22/2025
Driver Version: 32.0.101.8247
Driver Provider: Intel Corporation
Driver Section: ARLH_IG_wNext_Taroko14 ARL
Driver Rank: 0xFF0001
Matching Device ID: PCI\VEN_8086&DEV_7D41&SUBSYS_0CE81028
Outranked Drivers: 
Device Updated: true
Parent Device: ACPI\PNP0A08\0"
"05-06-2026 11:32:01","400","Information","Microsoft-Windows-Kernel-PnP","Device PCI\VEN_8086&DEV_7D41&SUBSYS_0CE81028&REV_00\3&11583659&0&10 was configured.

Driver Name: oem417.inf
Driver Package ID: iigd_ext.inf_amd64_9dfde9747ed41b37
Class GUID: {e2f84ce7-8efa-411c-aa69-97454ca4cb57}
Driver Date: 01/30/2026
Driver Version: 32.0.101.8508
Driver Provider: Intel Corporation
Driver Section: ARLH_IG_wNext_Taroko14 ARL
Driver Rank: 0xFF0001
Matching Device ID: PCI\VEN_8086&DEV_7D41&SUBSYS_0CE81028
Outranked Drivers: 
Device Updated: true
Parent Device: ACPI\PNP0A08\0"
"05-06-2026 11:32:01","400","Information","Microsoft-Windows-Kernel-PnP","Device PCI\VEN_8086&DEV_7D41&SUBSYS_0CE81028&REV_00\3&11583659&0&10 was configured.

Driver Name: oem364.inf
Driver Package ID: iigd_ext.inf_amd64_cc3fbc28de8c73ea
Class GUID: {e2f84ce7-8efa-411c-aa69-97454ca4cb57}
Driver Date: 06/04/2025
Driver Version: 32.0.101.6881
Driver Provider: Intel Corporation
Driver Section: ARLH_IG_wNext_Taroko14 ARL
Driver Rank: 0xFF0001
Matching Device ID: PCI\VEN_8086&DEV_7D41&SUBSYS_0CE81028
Outranked Drivers: 
Device Updated: true
Parent Device: ACPI\PNP0A08\0"
"05-06-2026 11:32:01","400","Information","Microsoft-Windows-Kernel-PnP","Device PCI\VEN_8086&DEV_7D41&SUBSYS_0CE81028&REV_00\3&11583659&0&10 was configured.

Driver Name: oem355.inf
Driver Package ID: iigd_ext.inf_amd64_93eb2b76c219becf
Class GUID: {e2f84ce7-8efa-411c-aa69-97454ca4cb57}
Driver Date: 07/29/2025
Driver Version: 32.0.101.6987
Driver Provider: Intel Corporation
Driver Section: ARLH_IG_wNext_Taroko14 ARL
Driver Rank: 0xFF0001
Matching Device ID: PCI\VEN_8086&DEV_7D41&SUBSYS_0CE81028
Outranked Drivers: 
Device Updated: true
Parent Device: ACPI\PNP0A08\0"
"05-06-2026 11:32:01","400","Information","Microsoft-Windows-Kernel-PnP","Device PCI\VEN_8086&DEV_7D41&SUBSYS_0CE81028&REV_00\3&11583659&0&10 was configured.

Driver Name: oem338.inf
Driver Package ID: iigd_ext.inf_amd64_dd56c8496788d08d
Class GUID: {e2f84ce7-8efa-411c-aa69-97454ca4cb57}
Driver Date: 03/18/2025
Driver Version: 32.0.101.6651
Driver Provider: Intel Corporation
Driver Section: ARLH_IG_wNext_Taroko14 ARL
Driver Rank: 0xFF0001
Matching Device ID: PCI\VEN_8086&DEV_7D41&SUBSYS_0CE81028
Outranked Drivers: 
Device Updated: true
Parent Device: ACPI\PNP0A08\0"
"05-06-2026 11:32:01","400","Information","Microsoft-Windows-Kernel-PnP","Device PCI\VEN_8086&DEV_7D41&SUBSYS_0CE81028&REV_00\3&11583659&0&10 was configured.

Driver Name: oem216.inf
Driver Package ID: iigd_ext.inf_amd64_dd6d17ba618ad518
Class GUID: {e2f84ce7-8efa-411c-aa69-97454ca4cb57}
Driver Date: 11/26/2024
Driver Version: 32.0.101.6313
Driver Provider: Intel Corporation
Driver Section: ARLH_IG_wNext_Taroko14 ARL
Driver Rank: 0xFF0001
Matching Device ID: PCI\VEN_8086&DEV_7D41&SUBSYS_0CE81028
Outranked Drivers: 
Device Updated: true
Parent Device: ACPI\PNP0A08\0"
"05-06-2026 11:32:01","400","Information","Microsoft-Windows-Kernel-PnP","Device PCI\VEN_8086&DEV_7D41&SUBSYS_0CE81028&REV_00\3&11583659&0&10 was configured.

Driver Name: oem183.inf
Driver Package ID: iigd_ext.inf_amd64_118c128ade056bcf
Class GUID: {e2f84ce7-8efa-411c-aa69-97454ca4cb57}
Driver Date: 09/19/2025
Driver Version: 32.0.101.8132
Driver Provider: Intel Corporation
Driver Section: ARLH_IG_wNext_Taroko14 ARL
Driver Rank: 0xFF0001
Matching Device ID: PCI\VEN_8086&DEV_7D41&SUBSYS_0CE81028
Outranked Drivers: 
Device Updated: true
Parent Device: ACPI\PNP0A08\0"
"05-06-2026 11:32:01","400","Information","Microsoft-Windows-Kernel-PnP","Device PCI\VEN_8086&DEV_7D41&SUBSYS_0CE81028&REV_00\3&11583659&0&10 was configured.

Driver Name: oem130.inf
Driver Package ID: iigd_dch.inf_amd64_bc1f9fc13d339f3e
Class GUID: {4d36e968-e325-11ce-bfc1-08002be10318}
Driver Date: 01/30/2026
Driver Version: 32.0.101.8508
Driver Provider: Intel Corporation
Driver Section: ARLH_IG_wNext
Driver Rank: 0xCF0001
Matching Device ID: PCI\VEN_8086&DEV_7D41&SUBSYS_0CE81028
Outranked Drivers: oem346.inf:PCI\VEN_8086&DEV_7D41&SUBSYS_0CE81028:00CF0001 oem130.inf:PCI\VEN_8086&DEV_7D41:00CF2001 oem346.inf:PCI\VEN_8086&DEV_7D41:00CF2001 display.inf:PCI\CC_0300:00FB2008
Device Updated: true
Parent Device: ACPI\PNP0A08\0"
"04-06-2026 18:02:48","410","Information","Microsoft-Windows-Kernel-PnP","Device SWD\MMDEVAPI\{0.0.0.00000000}.{bdabf973-e957-482c-b18f-7ee0d853173b} was started.

Driver Name: audioendpoint.inf
Class GUID: {c166523c-fe0c-4a94-a586-f1a80cfbbf3e}
Service: 
Lower Filters: 
Upper Filters: "
"04-06-2026 18:02:48","400","Information","Microsoft-Windows-Kernel-PnP","Device SWD\MMDEVAPI\{0.0.0.00000000}.{bdabf973-e957-482c-b18f-7ee0d853173b} was configured.

Driver Name: audioendpoint.inf
Driver Package ID: audioendpoint.inf_amd64_271c4d03bad18da8
Class GUID: {c166523c-fe0c-4a94-a586-f1a80cfbbf3e}
Driver Date: 03/31/2024
Driver Version: 10.0.26100.1
Driver Provider: Microsoft
Driver Section: NO_DRV
Driver Rank: 0xFF0000
Matching Device ID: MMDEVAPI\AudioEndpoints
Outranked Drivers: c_swdevice.inf:SWD\GenericRaw:00FF3001
Device Updated: false
Parent Device: USB\VID_047F&PID_C058&MI_00\6&ba27757&0&0000"
"04-06-2026 18:02:48","410","Information","Microsoft-Windows-Kernel-PnP","Device SWD\MMDEVAPI\{0.0.1.00000000}.{323f7b54-b30b-4d80-b3b5-240bb16692ef} was started.

Driver Name: audioendpoint.inf
Class GUID: {c166523c-fe0c-4a94-a586-f1a80cfbbf3e}
Service: 
Lower Filters: 
Upper Filters: "
"04-06-2026 18:02:48","400","Information","Microsoft-Windows-Kernel-PnP","Device SWD\MMDEVAPI\{0.0.1.00000000}.{323f7b54-b30b-4d80-b3b5-240bb16692ef} was configured.

Driver Name: audioendpoint.inf
Driver Package ID: audioendpoint.inf_amd64_271c4d03bad18da8
Class GUID: {c166523c-fe0c-4a94-a586-f1a80cfbbf3e}
Driver Date: 03/31/2024
Driver Version: 10.0.26100.1
Driver Provider: Microsoft
Driver Section: NO_DRV
Driver Rank: 0xFF0000
Matching Device ID: MMDEVAPI\AudioEndpoints
Outranked Drivers: c_swdevice.inf:SWD\GenericRaw:00FF3001
Device Updated: false
Parent Device: USB\VID_047F&PID_C058&MI_00\6&ba27757&0&0000"
"04-06-2026 18:02:48","410","Information","Microsoft-Windows-Kernel-PnP","Device HID\VID_047F&PID_C058&MI_03&Col02\7&24d94f6a&0&0001 was started.

Driver Name: hidtelephonydriver.inf
Class GUID: {745a17a0-74d3-11d0-b6fe-00a0c90f57da}
Service: WUDFRd
Lower Filters: 
Upper Filters: "
"04-06-2026 18:02:48","410","Information","Microsoft-Windows-Kernel-PnP","Device HID\VID_047F&PID_C058&MI_03&Col03\7&24d94f6a&0&0002 was started.

Driver Name: input.inf
Class GUID: {745a17a0-74d3-11d0-b6fe-00a0c90f57da}
Service: 
Lower Filters: 
Upper Filters: "
"04-06-2026 18:02:47","410","Information","Microsoft-Windows-Kernel-PnP","Device HID\VID_047F&PID_C058&MI_03&Col01\7&24d94f6a&0&0000 was started.

Driver Name: hidserv.inf
Class GUID: {745a17a0-74d3-11d0-b6fe-00a0c90f57da}
Service: 
Lower Filters: 
Upper Filters: "
"04-06-2026 18:02:47","400","Information","Microsoft-Windows-Kernel-PnP","Device HID\VID_047F&PID_C058&MI_03&Col03\7&24d94f6a&0&0002 was configured.

Driver Name: input.inf
Driver Package ID: input.inf_amd64_b70b241e639b0256
Class GUID: {745a17a0-74d3-11d0-b6fe-00a0c90f57da}
Driver Date: 06/21/2006
Driver Version: 10.0.26100.8115
Driver Provider: Microsoft
Driver Section: HID_Raw_Inst.NT
Driver Rank: 0xFF1004
Matching Device ID: HID_DEVICE_UPR:FF00-FFFF
Outranked Drivers: input.inf:HID_DEVICE:00FF1005
Device Updated: false
Parent Device: USB\VID_047F&PID_C058&MI_03\6&ba27757&0&0003"
"04-06-2026 18:02:47","400","Information","Microsoft-Windows-Kernel-PnP","Device HID\VID_047F&PID_C058&MI_03&Col02\7&24d94f6a&0&0001 was configured.

Driver Name: hidtelephonydriver.inf
Driver Package ID: hidtelephonydriver.inf_amd64_4d87f0bd77d9889a
Class GUID: {745a17a0-74d3-11d0-b6fe-00a0c90f57da}
Driver Date: 04/21/2009
Driver Version: 10.0.26100.8115
Driver Provider: Microsoft
Driver Section: HidTelephony_Install.NT
Driver Rank: 0xFF0003
Matching Device ID: HID_DEVICE_UP:000B_U:0005
Outranked Drivers: input.inf:HID_DEVICE_UP:000B_U:0005:00FF1003 input.inf:HID_DEVICE:00FF1004
Device Updated: false
Parent Device: USB\VID_047F&PID_C058&MI_03\6&ba27757&0&0003"
"04-06-2026 18:02:47","400","Information","Microsoft-Windows-Kernel-PnP","Device HID\VID_047F&PID_C058&MI_03&Col01\7&24d94f6a&0&0000 was configured.

Driver Name: hidserv.inf
Driver Package ID: hidserv.inf_amd64_3111b4bfb553788d
Class GUID: {745a17a0-74d3-11d0-b6fe-00a0c90f57da}
Driver Date: 06/21/2006
Driver Version: 10.0.26100.1
Driver Provider: Microsoft
Driver Section: HIDSystemConsumerDevice
Driver Rank: 0xFF0004
Matching Device ID: HID_DEVICE_UP:000C_U:0001
Outranked Drivers: input.inf:HID_DEVICE:00FF1005
Device Updated: false
Parent Device: USB\VID_047F&PID_C058&MI_03\6&ba27757&0&0003"
"04-06-2026 18:02:47","410","Information","Microsoft-Windows-Kernel-PnP","Device USB\VID_047F&PID_C058&MI_03\6&ba27757&0&0003 was started.

Driver Name: input.inf
Class GUID: {745a17a0-74d3-11d0-b6fe-00a0c90f57da}
Service: HidUsb
Lower Filters: 
Upper Filters: "
"04-06-2026 18:02:47","410","Information","Microsoft-Windows-Kernel-PnP","Device USB\VID_047F&PID_C058&MI_00\6&ba27757&0&0000 was started.

Driver Name: wdma_usb.inf
Class GUID: {4d36e96c-e325-11ce-bfc1-08002be10318}
Service: usbaudio
Lower Filters: 
Upper Filters: "
"04-06-2026 18:02:47","400","Information","Microsoft-Windows-Kernel-PnP","Device USB\VID_047F&PID_C058&MI_03\6&ba27757&0&0003 was configured.

Driver Name: input.inf
Driver Package ID: input.inf_amd64_b70b241e639b0256
Class GUID: {745a17a0-74d3-11d0-b6fe-00a0c90f57da}
Driver Date: 06/21/2006
Driver Version: 10.0.26100.8115
Driver Provider: Microsoft
Driver Section: HID_Inst.NT
Driver Rank: 0xFF3205
Matching Device ID: USB\Class_03
Outranked Drivers: 
Device Updated: false
Parent Device: USB\VID_047F&PID_C058\EBFF498BA439F1488A177C405ACDFDF0"
"04-06-2026 18:02:47","400","Information","Microsoft-Windows-Kernel-PnP","Device USB\VID_047F&PID_C058&MI_00\6&ba27757&0&0000 was configured.

Driver Name: wdma_usb.inf
Driver Package ID: wdma_usb.inf_amd64_3bc69731ddebdfcf
Class GUID: {4d36e96c-e325-11ce-bfc1-08002be10318}
Driver Date: 03/21/2026
Driver Version: 10.0.26100.8115
Driver Provider: Microsoft
Driver Section: USBAudio
Driver Rank: 0xFF2005
Matching Device ID: USB\Class_01
Outranked Drivers: usbmidi2.inf:USB\Class_01:00FF3105
Device Updated: false
Parent Device: USB\VID_047F&PID_C058\EBFF498BA439F1488A177C405ACDFDF0"
"04-06-2026 18:02:47","410","Information","Microsoft-Windows-Kernel-PnP","Device USB\VID_047F&PID_C058\EBFF498BA439F1488A177C405ACDFDF0 was started.

Driver Name: usb.inf
Class GUID: {36fc9e60-c465-11cf-8056-444553540000}
Service: usbccgp
Lower Filters: 
Upper Filters: "
"04-06-2026 18:02:47","400","Information","Microsoft-Windows-Kernel-PnP","Device USB\VID_047F&PID_C058\EBFF498BA439F1488A177C405ACDFDF0 was configured.

Driver Name: usb.inf
Driver Package ID: usb.inf_amd64_ca05aed6371fe9f7
Class GUID: {36fc9e60-c465-11cf-8056-444553540000}
Driver Date: 06/21/2006
Driver Version: 10.0.26100.8115
Driver Provider: Microsoft
Driver Section: Composite.Dev.NT
Driver Rank: 0xFF2006
Matching Device ID: USB\COMPOSITE
Outranked Drivers: 
Device Updated: false
Parent Device: USB\ROOT_HUB30\4&2169287b&0&0"
"04-06-2026 17:58:23","410","Information","Microsoft-Windows-Kernel-PnP","Device USB\VID_1D5C&PID_5510\5&2dc84fba&0&1 was started.

Driver Name: usbhub3.inf
Class GUID: {36fc9e60-c465-11cf-8056-444553540000}
Service: USBHUB3
Lower Filters: 
Upper Filters: "
"04-06-2026 17:58:23","400","Information","Microsoft-Windows-Kernel-PnP","Device USB\VID_1D5C&PID_5510\5&2dc84fba&0&1 was configured.

Driver Name: usbhub3.inf
Driver Package ID: usbhub3.inf_amd64_df35544dedc4d060
Class GUID: {36fc9e60-c465-11cf-8056-444553540000}
Driver Date: 03/20/2026
Driver Version: 10.0.26100.8115
Driver Provider: Microsoft
Driver Section: Generic.Install.NT
Driver Rank: 0x802000
Matching Device ID: USB\USB20_HUB
Outranked Drivers: 
Device Updated: false
Parent Device: USB\ROOT_HUB30\4&2169287b&0&0"
"04-06-2026 17:58:23","410","Information","Microsoft-Windows-Kernel-PnP","Device USB\VID_1D5C&PID_5500\5&266331bc&0&4 was started.

Driver Name: usbhub3.inf
Class GUID: {36fc9e60-c465-11cf-8056-444553540000}
Service: USBHUB3
Lower Filters: 
Upper Filters: "
"04-06-2026 17:58:23","400","Information","Microsoft-Windows-Kernel-PnP","Device USB\VID_1D5C&PID_5500\5&266331bc&0&4 was configured.

Driver Name: usbhub3.inf
Driver Package ID: usbhub3.inf_amd64_df35544dedc4d060
Class GUID: {36fc9e60-c465-11cf-8056-444553540000}
Driver Date: 03/20/2026
Driver Version: 10.0.26100.8115
Driver Provider: Microsoft
Driver Section: Generic.Install.NT
Driver Rank: 0x802000
Matching Device ID: USB\USB30_HUB
Outranked Drivers: 
Device Updated: false
Parent Device: USB\ROOT_HUB30\4&2855494a&0&0"
"03-06-2026 10:36:57","410","Information","Microsoft-Windows-Kernel-PnP","Device SWD\DRIVERENUM\IpfEfExtComponent&4&23556e4&0 was started.

Driver Name: oem451.inf
Class GUID: {4d36e97d-e325-11ce-bfc1-08002be10318}
Service: 
Lower Filters: 
Upper Filters: "
"03-06-2026 10:36:56","410","Information","Microsoft-Windows-Kernel-PnP","Device PCI\VEN_8086&DEV_7D0D&SUBSYS_0CE81028&REV_01\3&11583659&0&50 was started.

Driver Name: oem308.inf
Class GUID: {4d36e97d-e325-11ce-bfc1-08002be10318}
Service: IntcPMT
Lower Filters: 
Upper Filters: "
"03-06-2026 10:36:55","410","Information","Microsoft-Windows-Kernel-PnP","Device PCI\VEN_8086&DEV_7D03&SUBSYS_0CE81028&REV_05\3&11583659&0&20 was started.

Driver Name: oem451.inf
Class GUID: {4d36e97d-e325-11ce-bfc1-08002be10318}
Service: ipf_cpu
Lower Filters: 
Upper Filters: ipf_lf WUDFRd"
"03-06-2026 10:36:46","400","Information","Microsoft-Windows-Kernel-PnP","Device PCI\VEN_8086&DEV_7D03&SUBSYS_0CE81028&REV_05\3&11583659&0&20 was configured.

Driver Name: oem495.inf
Driver Package ID: dtt_ext.inf_amd64_63332b0a44b6cf39
Class GUID: {e2f84ce7-8efa-411c-aa69-97454ca4cb57}
Driver Date: 03/11/2026
Driver Version: 9.1.10009.1745
Driver Provider: Intel
Driver Section: DttExtInstall.NTamd64
Driver Rank: 0xFF2001
Matching Device ID: PCI\VEN_8086&DEV_7D03
Outranked Drivers: 
Device Updated: true
Parent Device: ACPI\PNP0A08\0"
"03-06-2026 10:36:46","400","Information","Microsoft-Windows-Kernel-PnP","Device PCI\VEN_8086&DEV_7D03&SUBSYS_0CE81028&REV_05\3&11583659&0&20 was configured.

Driver Name: oem490.inf
Driver Package ID: socthermalprovider_ext.inf_amd64_5d11dab2092bf2b7
Class GUID: {e2f84ce7-8efa-411c-aa69-97454ca4cb57}
Driver Date: 02/16/2026
Driver Version: 3.4.1006.0
Driver Provider: Intel
Driver Section: IpfEfSOCThermalProviderInstall.NTamd64
Driver Rank: 0xFF2001
Matching Device ID: PCI\VEN_8086&DEV_7D03
Outranked Drivers: 
Device Updated: true
Parent Device: ACPI\PNP0A08\0"
"03-06-2026 10:36:46","400","Information","Microsoft-Windows-Kernel-PnP","Device PCI\VEN_8086&DEV_7D03&SUBSYS_0CE81028&REV_05\3&11583659&0&20 was configured.

Driver Name: oem451.inf
Driver Package ID: ipf_cpu.inf_amd64_049e38a37c46edc4
Class GUID: {4d36e97d-e325-11ce-bfc1-08002be10318}
Driver Date: 05/15/2025
Driver Version: 2.2.10205.3620
Driver Provider: Intel
Driver Section: IpfInstall_Win11_22621_EF.NTamd64
Driver Rank: 0xFF2001
Matching Device ID: PCI\VEN_8086&DEV_7D03
Outranked Drivers: oem144.inf:PCI\VEN_8086&DEV_7D03:00FF2001
Device Updated: true
Parent Device: ACPI\PNP0A08\0"
"03-06-2026 10:36:42","400","Information","Microsoft-Windows-Kernel-PnP","Device SWD\DRIVERENUM\IpfEfExtComponent&4&23556e4&0 was configured.

Driver Name: oem494.inf
Driver Package ID: pcdtelemetryprovider_ext.inf_amd64_0e67c963f1432d75
Class GUID: {e2f84ce7-8efa-411c-aa69-97454ca4cb57}
Driver Date: 10/28/2025
Driver Version: 1.2.1001.0
Driver Provider: Intel
Driver Section: IpfEfProviderInstall.NTamd64
Driver Rank: 0xFF0000
Matching Device ID: SWC\VID8086_IPFEF_1.0
Outranked Drivers: 
Device Updated: true
Parent Device: PCI\VEN_8086&DEV_7D03&SUBSYS_0CE81028&REV_05\3&11583659&0&20"
"03-06-2026 10:36:42","400","Information","Microsoft-Windows-Kernel-PnP","Device SWD\DRIVERENUM\IpfEfExtComponent&4&23556e4&0 was configured.

Driver Name: oem492.inf
Driver Package ID: modsprovider_ext.inf_amd64_b8da4a57908389ff
Class GUID: {e2f84ce7-8efa-411c-aa69-97454ca4cb57}
Driver Date: 01/17/2026
Driver Version: 3.4.1005.0
Driver Provider: Intel
Driver Section: IpfEfProviderInstall.NTamd64
Driver Rank: 0xFF0000
Matching Device ID: SWC\VID8086_IPFEF_1.0
Outranked Drivers: 
Device Updated: true
Parent Device: PCI\VEN_8086&DEV_7D03&SUBSYS_0CE81028&REV_05\3&11583659&0&20"
"03-06-2026 10:36:42","400","Information","Microsoft-Windows-Kernel-PnP","Device SWD\DRIVERENUM\IpfEfExtComponent&4&23556e4&0 was configured.

Driver Name: oem491.inf
Driver Package ID: systemconfigprovider_ext.inf_amd64_860761b962066acf
Class GUID: {e2f84ce7-8efa-411c-aa69-97454ca4cb57}
Driver Date: 01/17/2026
Driver Version: 3.4.1005.0
Driver Provider: Intel
Driver Section: IpfEfProviderInstall.NTamd64
Driver Rank: 0xFF0000
Matching Device ID: SWC\VID8086_IPFEF_1.0
Outranked Drivers: 
Device Updated: true
Parent Device: PCI\VEN_8086&DEV_7D03&SUBSYS_0CE81028&REV_05\3&11583659&0&20"
"03-06-2026 10:36:42","400","Information","Microsoft-Windows-Kernel-PnP","Device SWD\DRIVERENUM\IpfEfExtComponent&4&23556e4&0 was configured.

Driver Name: oem489.inf
Driver Package ID: perfmonprovider_ext.inf_amd64_956a25d81dae6813
Class GUID: {e2f84ce7-8efa-411c-aa69-97454ca4cb57}
Driver Date: 01/17/2026
Driver Version: 3.4.1005.0
Driver Provider: Intel
Driver Section: IpfEfProviderInstall.NTamd64
Driver Rank: 0xFF0000
Matching Device ID: SWC\VID8086_IPFEF_1.0
Outranked Drivers: 
Device Updated: true
Parent Device: PCI\VEN_8086&DEV_7D03&SUBSYS_0CE81028&REV_05\3&11583659&0&20"
"03-06-2026 10:36:42","400","Information","Microsoft-Windows-Kernel-PnP","Device SWD\DRIVERENUM\IpfEfExtComponent&4&23556e4&0 was configured.

Driver Name: oem488.inf
Driver Package ID: igcl_ipf_provider_ext.inf_amd64_3d8f0106e17ff721
Class GUID: {e2f84ce7-8efa-411c-aa69-97454ca4cb57}
Driver Date: 08/05/2025
Driver Version: 16.1.0.257
Driver Provider: Intel
Driver Section: IpfEfProviderInstall.NTamd64
Driver Rank: 0xFF0000
Matching Device ID: SWC\VID8086_IPFEF_1.0
Outranked Drivers: 
Device Updated: true
Parent Device: PCI\VEN_8086&DEV_7D03&SUBSYS_0CE81028&REV_05\3&11583659&0&20"
"03-06-2026 10:36:42","400","Information","Microsoft-Windows-Kernel-PnP","Device SWD\DRIVERENUM\IpfEfExtComponent&4&23556e4&0 was configured.

Driver Name: oem451.inf
Driver Package ID: ipf_cpu.inf_amd64_049e38a37c46edc4
Class GUID: {4d36e97d-e325-11ce-bfc1-08002be10318}
Driver Date: 05/15/2025
Driver Version: 2.2.10205.3620
Driver Provider: Intel
Driver Section: IpfEfInstall.NTamd64
Driver Rank: 0xFF0000
Matching Device ID: SWC\VID8086_IPFEF_1.0
Outranked Drivers: oem144.inf:SWC\VID8086_IPFEF_1.0:00FF0000 c_swcomponent.inf:SWC\Generic:00FF3000 c_swdevice.inf:SWD\GenericRaw:00FF3001
Device Updated: true
Parent Device: PCI\VEN_8086&DEV_7D03&SUBSYS_0CE81028&REV_05\3&11583659&0&20"
"03-06-2026 10:36:39","400","Information","Microsoft-Windows-Kernel-PnP","Device PCI\VEN_8086&DEV_7D0D&SUBSYS_0CE81028&REV_01\3&11583659&0&50 was configured.

Driver Name: oem493.inf
Driver Package ID: pmtprovider_ext.inf_amd64_00b291897a3bf18b
Class GUID: {e2f84ce7-8efa-411c-aa69-97454ca4cb57}
Driver Date: 02/16/2026
Driver Version: 3.4.1006.0
Driver Provider: Intel
Driver Section: IpfEfPmtProviderInstall.NTamd64
Driver Rank: 0xFF2001
Matching Device ID: PCI\VEN_8086&DEV_7D0D
Outranked Drivers: 
Device Updated: true
Parent Device: ACPI\PNP0A08\0"
"03-06-2026 10:36:39","400","Information","Microsoft-Windows-Kernel-PnP","Device PCI\VEN_8086&DEV_7D0D&SUBSYS_0CE81028&REV_01\3&11583659&0&50 was configured.

Driver Name: oem308.inf
Driver Package ID: intcpmt.inf_amd64_7a61591fddff4def
Class GUID: {4d36e97d-e325-11ce-bfc1-08002be10318}
Driver Date: 05/24/2024
Driver Version: 3.1.2.6
Driver Provider: Intel(R) Platform Monitoring Technology (PMT) Device
Driver Section: CPUPMT_Device
Driver Rank: 0xFF2001
Matching Device ID: PCI\VEN_8086&DEV_7D0D
Outranked Drivers: 
Device Updated: true
Parent Device: ACPI\PNP0A08\0"
"03-06-2026 10:36:37","400","Information","Microsoft-Windows-Kernel-PnP","Device SWD\DRIVERENUM\IpfEfExtComponent&4&23556e4&0 was configured.

Driver Name: oem492.inf
Driver Package ID: modsprovider_ext.inf_amd64_b8da4a57908389ff
Class GUID: {e2f84ce7-8efa-411c-aa69-97454ca4cb57}
Driver Date: 01/17/2026
Driver Version: 3.4.1005.0
Driver Provider: Intel
Driver Section: IpfEfProviderInstall.NTamd64
Driver Rank: 0xFF0000
Matching Device ID: SWC\VID8086_IPFEF_1.0
Outranked Drivers: 
Device Updated: true
Parent Device: PCI\VEN_8086&DEV_7D03&SUBSYS_0CE81028&REV_05\3&11583659&0&20"
"03-06-2026 10:36:37","400","Information","Microsoft-Windows-Kernel-PnP","Device SWD\DRIVERENUM\IpfEfExtComponent&4&23556e4&0 was configured.

Driver Name: oem491.inf
Driver Package ID: systemconfigprovider_ext.inf_amd64_860761b962066acf
Class GUID: {e2f84ce7-8efa-411c-aa69-97454ca4cb57}
Driver Date: 01/17/2026
Driver Version: 3.4.1005.0
Driver Provider: Intel
Driver Section: IpfEfProviderInstall.NTamd64
Driver Rank: 0xFF0000
Matching Device ID: SWC\VID8086_IPFEF_1.0
Outranked Drivers: 
Device Updated: true
Parent Device: PCI\VEN_8086&DEV_7D03&SUBSYS_0CE81028&REV_05\3&11583659&0&20"
"03-06-2026 10:36:37","400","Information","Microsoft-Windows-Kernel-PnP","Device SWD\DRIVERENUM\IpfEfExtComponent&4&23556e4&0 was configured.

Driver Name: oem489.inf
Driver Package ID: perfmonprovider_ext.inf_amd64_956a25d81dae6813
Class GUID: {e2f84ce7-8efa-411c-aa69-97454ca4cb57}
Driver Date: 01/17/2026
Driver Version: 3.4.1005.0
Driver Provider: Intel
Driver Section: IpfEfProviderInstall.NTamd64
Driver Rank: 0xFF0000
Matching Device ID: SWC\VID8086_IPFEF_1.0
Outranked Drivers: 
Device Updated: true
Parent Device: PCI\VEN_8086&DEV_7D03&SUBSYS_0CE81028&REV_05\3&11583659&0&20"
"03-06-2026 10:36:37","400","Information","Microsoft-Windows-Kernel-PnP","Device SWD\DRIVERENUM\IpfEfExtComponent&4&23556e4&0 was configured.

Driver Name: oem488.inf
Driver Package ID: igcl_ipf_provider_ext.inf_amd64_3d8f0106e17ff721
Class GUID: {e2f84ce7-8efa-411c-aa69-97454ca4cb57}
Driver Date: 08/05/2025
Driver Version: 16.1.0.257
Driver Provider: Intel
Driver Section: IpfEfProviderInstall.NTamd64
Driver Rank: 0xFF0000
Matching Device ID: SWC\VID8086_IPFEF_1.0
Outranked Drivers: 
Device Updated: true
Parent Device: PCI\VEN_8086&DEV_7D03&SUBSYS_0CE81028&REV_05\3&11583659&0&20"
"03-06-2026 10:36:37","400","Information","Microsoft-Windows-Kernel-PnP","Device SWD\DRIVERENUM\IpfEfExtComponent&4&23556e4&0 was configured.

Driver Name: oem451.inf
Driver Package ID: ipf_cpu.inf_amd64_049e38a37c46edc4
Class GUID: {4d36e97d-e325-11ce-bfc1-08002be10318}
Driver Date: 05/15/2025
Driver Version: 2.2.10205.3620
Driver Provider: Intel
Driver Section: IpfEfInstall.NTamd64
Driver Rank: 0xFF0000
Matching Device ID: SWC\VID8086_IPFEF_1.0
Outranked Drivers: oem144.inf:SWC\VID8086_IPFEF_1.0:00FF0000 c_swcomponent.inf:SWC\Generic:00FF3000 c_swdevice.inf:SWD\GenericRaw:00FF3001
Device Updated: true
Parent Device: PCI\VEN_8086&DEV_7D03&SUBSYS_0CE81028&REV_05\3&11583659&0&20"
"03-06-2026 10:36:32","400","Information","Microsoft-Windows-Kernel-PnP","Device SWD\DRIVERENUM\IpfEfExtComponent&4&23556e4&0 was configured.

Driver Name: oem491.inf
Driver Package ID: systemconfigprovider_ext.inf_amd64_860761b962066acf
Class GUID: {e2f84ce7-8efa-411c-aa69-97454ca4cb57}
Driver Date: 01/17/2026
Driver Version: 3.4.1005.0
Driver Provider: Intel
Driver Section: IpfEfProviderInstall.NTamd64
Driver Rank: 0xFF0000
Matching Device ID: SWC\VID8086_IPFEF_1.0
Outranked Drivers: 
Device Updated: true
Parent Device: PCI\VEN_8086&DEV_7D03&SUBSYS_0CE81028&REV_05\3&11583659&0&20"
"03-06-2026 10:36:32","400","Information","Microsoft-Windows-Kernel-PnP","Device SWD\DRIVERENUM\IpfEfExtComponent&4&23556e4&0 was configured.

Driver Name: oem489.inf
Driver Package ID: perfmonprovider_ext.inf_amd64_956a25d81dae6813
Class GUID: {e2f84ce7-8efa-411c-aa69-97454ca4cb57}
Driver Date: 01/17/2026
Driver Version: 3.4.1005.0
Driver Provider: Intel
Driver Section: IpfEfProviderInstall.NTamd64
Driver Rank: 0xFF0000
Matching Device ID: SWC\VID8086_IPFEF_1.0
Outranked Drivers: 
Device Updated: true
Parent Device: PCI\VEN_8086&DEV_7D03&SUBSYS_0CE81028&REV_05\3&11583659&0&20"
"03-06-2026 10:36:32","400","Information","Microsoft-Windows-Kernel-PnP","Device SWD\DRIVERENUM\IpfEfExtComponent&4&23556e4&0 was configured.

Driver Name: oem488.inf
Driver Package ID: igcl_ipf_provider_ext.inf_amd64_3d8f0106e17ff721
Class GUID: {e2f84ce7-8efa-411c-aa69-97454ca4cb57}
Driver Date: 08/05/2025
Driver Version: 16.1.0.257
Driver Provider: Intel
Driver Section: IpfEfProviderInstall.NTamd64
Driver Rank: 0xFF0000
Matching Device ID: SWC\VID8086_IPFEF_1.0
Outranked Drivers: 
Device Updated: true
Parent Device: PCI\VEN_8086&DEV_7D03&SUBSYS_0CE81028&REV_05\3&11583659&0&20"
"03-06-2026 10:36:32","400","Information","Microsoft-Windows-Kernel-PnP","Device SWD\DRIVERENUM\IpfEfExtComponent&4&23556e4&0 was configured.

Driver Name: oem88.inf
Driver Package ID: modsprovider_ext.inf_amd64_88e7f8b9f41f472b
Class GUID: {e2f84ce7-8efa-411c-aa69-97454ca4cb57}
Driver Date: 07/03/2025
Driver Version: 3.1.1002.0
Driver Provider: Intel
Driver Section: IpfEfProviderInstall.NTamd64
Driver Rank: 0xFF0000
Matching Device ID: SWC\VID8086_IPFEF_1.0
Outranked Drivers: 
Device Updated: true
Parent Device: PCI\VEN_8086&DEV_7D03&SUBSYS_0CE81028&REV_05\3&11583659&0&20"
"03-06-2026 10:36:32","400","Information","Microsoft-Windows-Kernel-PnP","Device SWD\DRIVERENUM\IpfEfExtComponent&4&23556e4&0 was configured.

Driver Name: oem451.inf
Driver Package ID: ipf_cpu.inf_amd64_049e38a37c46edc4
Class GUID: {4d36e97d-e325-11ce-bfc1-08002be10318}
Driver Date: 05/15/2025
Driver Version: 2.2.10205.3620
Driver Provider: Intel
Driver Section: IpfEfInstall.NTamd64
Driver Rank: 0xFF0000
Matching Device ID: SWC\VID8086_IPFEF_1.0
Outranked Drivers: oem144.inf:SWC\VID8086_IPFEF_1.0:00FF0000 c_swcomponent.inf:SWC\Generic:00FF3000 c_swdevice.inf:SWD\GenericRaw:00FF3001
Device Updated: true
Parent Device: PCI\VEN_8086&DEV_7D03&SUBSYS_0CE81028&REV_05\3&11583659&0&20"
"03-06-2026 10:36:29","400","Information","Microsoft-Windows-Kernel-PnP","Device PCI\VEN_8086&DEV_7D03&SUBSYS_0CE81028&REV_05\3&11583659&0&20 was configured.

Driver Name: oem490.inf
Driver Package ID: socthermalprovider_ext.inf_amd64_5d11dab2092bf2b7
Class GUID: {e2f84ce7-8efa-411c-aa69-97454ca4cb57}
Driver Date: 02/16/2026
Driver Version: 3.4.1006.0
Driver Provider: Intel
Driver Section: IpfEfSOCThermalProviderInstall.NTamd64
Driver Rank: 0xFF2001
Matching Device ID: PCI\VEN_8086&DEV_7D03
Outranked Drivers: 
Device Updated: true
Parent Device: ACPI\PNP0A08\0"
"03-06-2026 10:36:29","400","Information","Microsoft-Windows-Kernel-PnP","Device PCI\VEN_8086&DEV_7D03&SUBSYS_0CE81028&REV_05\3&11583659&0&20 was configured.

Driver Name: oem177.inf
Driver Package ID: dtt_ext.inf_amd64_090fc9a8ab90b3b4
Class GUID: {e2f84ce7-8efa-411c-aa69-97454ca4cb57}
Driver Date: 01/10/2025
Driver Version: 9.0.11906.54998
Driver Provider: Intel
Driver Section: DttExtInstall.NTamd64
Driver Rank: 0xFF2001
Matching Device ID: PCI\VEN_8086&DEV_7D03
Outranked Drivers: 
Device Updated: true
Parent Device: ACPI\PNP0A08\0"
"03-06-2026 10:36:29","400","Information","Microsoft-Windows-Kernel-PnP","Device PCI\VEN_8086&DEV_7D03&SUBSYS_0CE81028&REV_05\3&11583659&0&20 was configured.

Driver Name: oem451.inf
Driver Package ID: ipf_cpu.inf_amd64_049e38a37c46edc4
Class GUID: {4d36e97d-e325-11ce-bfc1-08002be10318}
Driver Date: 05/15/2025
Driver Version: 2.2.10205.3620
Driver Provider: Intel
Driver Section: IpfInstall_Win11_22621_EF.NTamd64
Driver Rank: 0xFF2001
Matching Device ID: PCI\VEN_8086&DEV_7D03
Outranked Drivers: oem144.inf:PCI\VEN_8086&DEV_7D03:00FF2001
Device Updated: true
Parent Device: ACPI\PNP0A08\0"
"03-06-2026 10:36:25","400","Information","Microsoft-Windows-Kernel-PnP","Device SWD\DRIVERENUM\IpfEfExtComponent&4&23556e4&0 was configured.

Driver Name: oem489.inf
Driver Package ID: perfmonprovider_ext.inf_amd64_956a25d81dae6813
Class GUID: {e2f84ce7-8efa-411c-aa69-97454ca4cb57}
Driver Date: 01/17/2026
Driver Version: 3.4.1005.0
Driver Provider: Intel
Driver Section: IpfEfProviderInstall.NTamd64
Driver Rank: 0xFF0000
Matching Device ID: SWC\VID8086_IPFEF_1.0
Outranked Drivers: 
Device Updated: true
Parent Device: PCI\VEN_8086&DEV_7D03&SUBSYS_0CE81028&REV_05\3&11583659&0&20"
"03-06-2026 10:36:25","400","Information","Microsoft-Windows-Kernel-PnP","Device SWD\DRIVERENUM\IpfEfExtComponent&4&23556e4&0 was configured.

Driver Name: oem488.inf
Driver Package ID: igcl_ipf_provider_ext.inf_amd64_3d8f0106e17ff721
Class GUID: {e2f84ce7-8efa-411c-aa69-97454ca4cb57}
Driver Date: 08/05/2025
Driver Version: 16.1.0.257
Driver Provider: Intel
Driver Section: IpfEfProviderInstall.NTamd64
Driver Rank: 0xFF0000
Matching Device ID: SWC\VID8086_IPFEF_1.0
Outranked Drivers: 
Device Updated: true
Parent Device: PCI\VEN_8086&DEV_7D03&SUBSYS_0CE81028&REV_05\3&11583659&0&20"
"03-06-2026 10:36:25","400","Information","Microsoft-Windows-Kernel-PnP","Device SWD\DRIVERENUM\IpfEfExtComponent&4&23556e4&0 was configured.

Driver Name: oem303.inf
Driver Package ID: systemconfigprovider_ext.inf_amd64_5f885e939b27cde5
Class GUID: {e2f84ce7-8efa-411c-aa69-97454ca4cb57}
Driver Date: 07/03/2025
Driver Version: 3.2.1002.0
Driver Provider: Intel
Driver Section: IpfEfProviderInstall.NTamd64
Driver Rank: 0xFF0000
Matching Device ID: SWC\VID8086_IPFEF_1.0
Outranked Drivers: 
Device Updated: true
Parent Device: PCI\VEN_8086&DEV_7D03&SUBSYS_0CE81028&REV_05\3&11583659&0&20"
"03-06-2026 10:36:25","400","Information","Microsoft-Windows-Kernel-PnP","Device SWD\DRIVERENUM\IpfEfExtComponent&4&23556e4&0 was configured.

Driver Name: oem88.inf
Driver Package ID: modsprovider_ext.inf_amd64_88e7f8b9f41f472b
Class GUID: {e2f84ce7-8efa-411c-aa69-97454ca4cb57}
Driver Date: 07/03/2025
Driver Version: 3.1.1002.0
Driver Provider: Intel
Driver Section: IpfEfProviderInstall.NTamd64
Driver Rank: 0xFF0000
Matching Device ID: SWC\VID8086_IPFEF_1.0
Outranked Drivers: 
Device Updated: true
Parent Device: PCI\VEN_8086&DEV_7D03&SUBSYS_0CE81028&REV_05\3&11583659&0&20"
"03-06-2026 10:36:25","400","Information","Microsoft-Windows-Kernel-PnP","Device SWD\DRIVERENUM\IpfEfExtComponent&4&23556e4&0 was configured.

Driver Name: oem451.inf
Driver Package ID: ipf_cpu.inf_amd64_049e38a37c46edc4
Class GUID: {4d36e97d-e325-11ce-bfc1-08002be10318}
Driver Date: 05/15/2025
Driver Version: 2.2.10205.3620
Driver Provider: Intel
Driver Section: IpfEfInstall.NTamd64
Driver Rank: 0xFF0000
Matching Device ID: SWC\VID8086_IPFEF_1.0
Outranked Drivers: oem144.inf:SWC\VID8086_IPFEF_1.0:00FF0000 c_swcomponent.inf:SWC\Generic:00FF3000 c_swdevice.inf:SWD\GenericRaw:00FF3001
Device Updated: true
Parent Device: PCI\VEN_8086&DEV_7D03&SUBSYS_0CE81028&REV_05\3&11583659&0&20"
"03-06-2026 10:36:21","400","Information","Microsoft-Windows-Kernel-PnP","Device SWD\DRIVERENUM\IpfEfExtComponent&4&23556e4&0 was configured.

Driver Name: oem488.inf
Driver Package ID: igcl_ipf_provider_ext.inf_amd64_3d8f0106e17ff721
Class GUID: {e2f84ce7-8efa-411c-aa69-97454ca4cb57}
Driver Date: 08/05/2025
Driver Version: 16.1.0.257
Driver Provider: Intel
Driver Section: IpfEfProviderInstall.NTamd64
Driver Rank: 0xFF0000
Matching Device ID: SWC\VID8086_IPFEF_1.0
Outranked Drivers: 
Device Updated: true
Parent Device: PCI\VEN_8086&DEV_7D03&SUBSYS_0CE81028&REV_05\3&11583659&0&20"
"03-06-2026 10:36:21","400","Information","Microsoft-Windows-Kernel-PnP","Device SWD\DRIVERENUM\IpfEfExtComponent&4&23556e4&0 was configured.

Driver Name: oem303.inf
Driver Package ID: systemconfigprovider_ext.inf_amd64_5f885e939b27cde5
Class GUID: {e2f84ce7-8efa-411c-aa69-97454ca4cb57}
Driver Date: 07/03/2025
Driver Version: 3.2.1002.0
Driver Provider: Intel
Driver Section: IpfEfProviderInstall.NTamd64
Driver Rank: 0xFF0000
Matching Device ID: SWC\VID8086_IPFEF_1.0
Outranked Drivers: 
Device Updated: true
Parent Device: PCI\VEN_8086&DEV_7D03&SUBSYS_0CE81028&REV_05\3&11583659&0&20"
"03-06-2026 10:36:21","400","Information","Microsoft-Windows-Kernel-PnP","Device SWD\DRIVERENUM\IpfEfExtComponent&4&23556e4&0 was configured.

Driver Name: oem175.inf
Driver Package ID: perfmonprovider_ext.inf_amd64_ef7004d63780a42a
Class GUID: {e2f84ce7-8efa-411c-aa69-97454ca4cb57}
Driver Date: 07/03/2025
Driver Version: 1.2.1003.0
Driver Provider: Intel
Driver Section: IpfEfProviderInstall.NTamd64
Driver Rank: 0xFF0000
Matching Device ID: SWC\VID8086_IPFEF_1.0
Outranked Drivers: 
Device Updated: true
Parent Device: PCI\VEN_8086&DEV_7D03&SUBSYS_0CE81028&REV_05\3&11583659&0&20"
"03-06-2026 10:36:21","400","Information","Microsoft-Windows-Kernel-PnP","Device SWD\DRIVERENUM\IpfEfExtComponent&4&23556e4&0 was configured.

Driver Name: oem88.inf
Driver Package ID: modsprovider_ext.inf_amd64_88e7f8b9f41f472b
Class GUID: {e2f84ce7-8efa-411c-aa69-97454ca4cb57}
Driver Date: 07/03/2025
Driver Version: 3.1.1002.0
Driver Provider: Intel
Driver Section: IpfEfProviderInstall.NTamd64
Driver Rank: 0xFF0000
Matching Device ID: SWC\VID8086_IPFEF_1.0
Outranked Drivers: 
Device Updated: true
Parent Device: PCI\VEN_8086&DEV_7D03&SUBSYS_0CE81028&REV_05\3&11583659&0&20"
"03-06-2026 10:36:21","400","Information","Microsoft-Windows-Kernel-PnP","Device SWD\DRIVERENUM\IpfEfExtComponent&4&23556e4&0 was configured.

Driver Name: oem451.inf
Driver Package ID: ipf_cpu.inf_amd64_049e38a37c46edc4
Class GUID: {4d36e97d-e325-11ce-bfc1-08002be10318}
Driver Date: 05/15/2025
Driver Version: 2.2.10205.3620
Driver Provider: Intel
Driver Section: IpfEfInstall.NTamd64
Driver Rank: 0xFF0000
Matching Device ID: SWC\VID8086_IPFEF_1.0
Outranked Drivers: oem144.inf:SWC\VID8086_IPFEF_1.0:00FF0000 c_swcomponent.inf:SWC\Generic:00FF3000 c_swdevice.inf:SWD\GenericRaw:00FF3001
Device Updated: true
Parent Device: PCI\VEN_8086&DEV_7D03&SUBSYS_0CE81028&REV_05\3&11583659&0&20"
"03-06-2026 00:21:31","410","Information","Microsoft-Windows-Kernel-PnP","Device SWD\PRINTENUM\{85E2E57D-8517-48E9-9C9B-352E95CCE8E2} was started.

Driver Name: printqueue.inf
Class GUID: {1ed2bbf9-11f0-4084-b21f-ad83a8e6dcdc}
Service: 
Lower Filters: 
Upper Filters: "
"03-06-2026 00:21:31","400","Information","Microsoft-Windows-Kernel-PnP","Device SWD\PRINTENUM\{85E2E57D-8517-48E9-9C9B-352E95CCE8E2} was configured.

Driver Name: printqueue.inf
Driver Package ID: printqueue.inf_amd64_044b5f13f940e7c8
Class GUID: {1ed2bbf9-11f0-4084-b21f-ad83a8e6dcdc}
Driver Date: 06/21/2006
Driver Version: 10.0.26100.1
Driver Provider: Microsoft
Driver Section: NO_DRV_LOCAL
Driver Rank: 0x1
Matching Device ID: PRINTENUM\LocalPrintQueue
Outranked Drivers: oem455.inf:{3ee39114-30b4-45a4-a109-19d4a40fcc22}:00FF0002 c_swdevice.inf:SWD\GenericRaw:00FF3001
Device Updated: false
Parent Device: SWD\PRINTENUM\PrintQueues"
"03-06-2026 00:21:30","420","Information","Microsoft-Windows-Kernel-PnP","Device SWD\PRINTENUM\{473AE46A-95E6-44E7-8E88-1BF2FAA0F887} was deleted.

Class GUID: {1ed2bbf9-11f0-4084-b21f-ad83a8e6dcdc}"
"02-06-2026 23:58:48","410","Information","Microsoft-Windows-Kernel-PnP","Device HID\VID_046D&PID_C534&MI_01&Col01\7&e77a003&0&0000 was started.

Driver Name: msmouse.inf
Class GUID: {4d36e96f-e325-11ce-bfc1-08002be10318}
Service: mouhid
Lower Filters: 
Upper Filters: "
"02-06-2026 23:58:48","410","Information","Microsoft-Windows-Kernel-PnP","Device HID\VID_046D&PID_C534&MI_00\7&324eddc5&0&0000 was started.

Driver Name: keyboard.inf
Class GUID: {4d36e96b-e325-11ce-bfc1-08002be10318}
Service: kbdhid
Lower Filters: 
Upper Filters: "
"02-06-2026 23:58:48","410","Information","Microsoft-Windows-Kernel-PnP","Device HID\VID_046D&PID_C534&MI_01&Col05\7&e77a003&0&0004 was started.

Driver Name: input.inf
Class GUID: {745a17a0-74d3-11d0-b6fe-00a0c90f57da}
Service: 
Lower Filters: 
Upper Filters: "
"02-06-2026 23:58:48","410","Information","Microsoft-Windows-Kernel-PnP","Device HID\VID_046D&PID_C534&MI_01&Col04\7&e77a003&0&0003 was started.

Driver Name: input.inf
Class GUID: {745a17a0-74d3-11d0-b6fe-00a0c90f57da}
Service: 
Lower Filters: 
Upper Filters: "
