"09-07-2026 09:21:09","800","Information","Microsoft-Windows-TaskScheduler","Maintenance state changed to 1 (Last Run: ‎7/‎9/‎2026 9:21 AM)."
"09-07-2026 09:20:00","800","Information","Microsoft-Windows-TaskScheduler","Maintenance state changed to 3 (Last Run: ‎7/‎9/‎2026 9:20 AM)."
"09-07-2026 09:19:59","800","Information","Microsoft-Windows-TaskScheduler","Maintenance state changed to 1 (Last Run: ‎7/‎9/‎2026 9:19 AM)."
"09-07-2026 09:19:59","800","Information","Microsoft-Windows-TaskScheduler","Maintenance state changed to 3 (Last Run: ‎7/‎9/‎2026 9:19 AM)."
"09-07-2026 09:19:58","800","Information","Microsoft-Windows-TaskScheduler","Maintenance state changed to 1 (Last Run: ‎7/‎9/‎2026 9:19 AM)."
"09-07-2026 09:19:50","800","Information","Microsoft-Windows-TaskScheduler","Maintenance state changed to 3 (Last Run: ‎7/‎9/‎2026 9:19 AM)."
"09-07-2026 09:19:20","800","Information","Microsoft-Windows-TaskScheduler","Maintenance state changed to 1 (Last Run: ‎7/‎9/‎2026 9:19 AM)."
"09-07-2026 09:19:19","800","Information","Microsoft-Windows-TaskScheduler","Maintenance state changed to 3 (Last Run: ‎7/‎9/‎2026 9:19 AM)."
"08-07-2026 14:46:10","800","Information","Microsoft-Windows-TaskScheduler","Maintenance state changed to 1 (Last Run: ‎7/‎8/‎2026 2:46 PM)."
"08-07-2026 14:38:10","800","Information","Microsoft-Windows-TaskScheduler","Maintenance state changed to 3 (Last Run: ‎7/‎8/‎2026 2:38 PM)."
"08-07-2026 08:30:04","800","Information","Microsoft-Windows-TaskScheduler","Maintenance state changed to 1 (Last Run: ‎7/‎8/‎2026 8:30 AM)."
"08-07-2026 08:28:50","800","Information","Microsoft-Windows-TaskScheduler","Maintenance state changed to 3 (Last Run: ‎7/‎8/‎2026 8:28 AM)."
"08-07-2026 08:28:49","800","Information","Microsoft-Windows-TaskScheduler","Maintenance state changed to 1 (Last Run: ‎7/‎8/‎2026 8:28 AM)."
"08-07-2026 08:28:29","800","Information","Microsoft-Windows-TaskScheduler","Maintenance state changed to 3 (Last Run: ‎7/‎8/‎2026 8:28 AM)."
"08-07-2026 08:28:26","800","Information","Microsoft-Windows-TaskScheduler","Maintenance state changed to 1 (Last Run: ‎7/‎8/‎2026 8:28 AM)."
"08-07-2026 08:28:16","800","Information","Microsoft-Windows-TaskScheduler","Maintenance state changed to 3 (Last Run: ‎7/‎8/‎2026 8:28 AM)."
"07-07-2026 19:35:22","800","Information","Microsoft-Windows-TaskScheduler","Maintenance state changed to 1 (Last Run: ‎7/‎7/‎2026 7:35 PM)."
"07-07-2026 19:35:22","800","Information","Microsoft-Windows-TaskScheduler","Maintenance state changed to 3 (Last Run: ‎7/‎7/‎2026 7:35 PM)."
"07-07-2026 13:53:40","800","Information","Microsoft-Windows-TaskScheduler","Maintenance state changed to 1 (Last Run: ‎7/‎7/‎2026 1:53 PM)."
"07-07-2026 13:51:40","800","Information","Microsoft-Windows-TaskScheduler","Maintenance state changed to 3 (Last Run: ‎7/‎7/‎2026 1:51 PM)."
"07-07-2026 13:11:19","800","Information","Microsoft-Windows-TaskScheduler","Maintenance state changed to 1 (Last Run: ‎7/‎7/‎2026 1:11 PM)."
"07-07-2026 13:11:13","800","Information","Microsoft-Windows-TaskScheduler","Maintenance state changed to 3 (Last Run: ‎7/‎7/‎2026 1:11 PM)."
"07-07-2026 13:11:12","800","Information","Microsoft-Windows-TaskScheduler","Maintenance state changed to 1 (Last Run: ‎7/‎7/‎2026 1:11 PM)."
"07-07-2026 13:10:04","800","Information","Microsoft-Windows-TaskScheduler","Maintenance state changed to 3 (Last Run: ‎7/‎7/‎2026 1:10 PM)."
"07-07-2026 13:10:03","800","Information","Microsoft-Windows-TaskScheduler","Maintenance state changed to 1 (Last Run: ‎7/‎7/‎2026 1:10 PM)."
"07-07-2026 13:10:02","800","Information","Microsoft-Windows-TaskScheduler","Maintenance state changed to 3 (Last Run: ‎7/‎7/‎2026 1:10 PM)."
"07-07-2026 13:10:01","800","Information","Microsoft-Windows-TaskScheduler","Maintenance state changed to 1 (Last Run: ‎7/‎7/‎2026 1:10 PM)."
"07-07-2026 13:09:57","800","Information","Microsoft-Windows-TaskScheduler","Maintenance state changed to 3 (Last Run: ‎7/‎7/‎2026 1:09 PM)."
"07-07-2026 11:28:38","800","Information","Microsoft-Windows-TaskScheduler","Maintenance state changed to 1 (Last Run: ‎7/‎7/‎2026 11:28 AM)."
"07-07-2026 11:28:38","800","Information","Microsoft-Windows-TaskScheduler","Maintenance state changed to 3 (Last Run: ‎7/‎7/‎2026 11:28 AM)."
"07-07-2026 09:07:31","800","Information","Microsoft-Windows-TaskScheduler","Maintenance state changed to 1 (Last Run: ‎7/‎7/‎2026 9:07 AM)."
"07-07-2026 09:07:30","800","Information","Microsoft-Windows-TaskScheduler","Maintenance state changed to 3 (Last Run: ‎7/‎7/‎2026 9:07 AM)."
"06-07-2026 15:12:37","800","Information","Microsoft-Windows-TaskScheduler","Maintenance state changed to 1 (Last Run: ‎7/‎6/‎2026 3:12 PM)."
"06-07-2026 15:11:36","800","Information","Microsoft-Windows-TaskScheduler","Maintenance state changed to 3 (Last Run: ‎7/‎6/‎2026 3:11 PM)."
"06-07-2026 13:22:06","800","Information","Microsoft-Windows-TaskScheduler","Maintenance state changed to 1 (Last Run: ‎7/‎6/‎2026 1:22 PM)."
"06-07-2026 13:20:58","800","Information","Microsoft-Windows-TaskScheduler","Maintenance state changed to 3 (Last Run: ‎7/‎6/‎2026 1:20 PM)."
"06-07-2026 13:20:57","800","Information","Microsoft-Windows-TaskScheduler","Maintenance state changed to 1 (Last Run: ‎7/‎6/‎2026 1:20 PM)."
"06-07-2026 13:20:57","800","Information","Microsoft-Windows-TaskScheduler","Maintenance state changed to 3 (Last Run: ‎7/‎6/‎2026 1:20 PM)."
"06-07-2026 13:20:56","800","Information","Microsoft-Windows-TaskScheduler","Maintenance state changed to 1 (Last Run: ‎7/‎6/‎2026 1:20 PM)."
"06-07-2026 13:08:26","800","Information","Microsoft-Windows-TaskScheduler","Maintenance state changed to 3 (Last Run: ‎7/‎6/‎2026 1:08 PM)."
"06-07-2026 13:03:46","800","Information","Microsoft-Windows-TaskScheduler","Maintenance state changed to 1 (Last Run: ‎7/‎6/‎2026 1:03 PM)."
"06-07-2026 13:03:01","800","Information","Microsoft-Windows-TaskScheduler","Maintenance state changed to 3 (Last Run: ‎7/‎6/‎2026 1:03 PM)."
"06-07-2026 09:36:19","800","Information","Microsoft-Windows-TaskScheduler","Maintenance state changed to 1 (Last Run: ‎7/‎6/‎2026 9:36 AM)."
"06-07-2026 09:34:26","800","Information","Microsoft-Windows-TaskScheduler","Maintenance state changed to 3 (Last Run: ‎7/‎6/‎2026 9:34 AM)."
"06-07-2026 09:34:01","800","Information","Microsoft-Windows-TaskScheduler","Maintenance state changed to 1 (Last Run: ‎7/‎6/‎2026 9:34 AM)."
"06-07-2026 09:34:00","800","Information","Microsoft-Windows-TaskScheduler","Maintenance state changed to 3 (Last Run: ‎7/‎6/‎2026 9:34 AM)."
"06-07-2026 09:15:10","800","Information","Microsoft-Windows-TaskScheduler","Maintenance state changed to 1 (Last Run: ‎7/‎6/‎2026 9:15 AM)."
"06-07-2026 09:14:09","800","Information","Microsoft-Windows-TaskScheduler","Maintenance state changed to 3 (Last Run: ‎7/‎6/‎2026 9:14 AM)."
"03-07-2026 16:54:50","800","Information","Microsoft-Windows-TaskScheduler","Maintenance state changed to 1 (Last Run: ‎7/‎3/‎2026 4:54 PM)."
"03-07-2026 16:53:50","800","Information","Microsoft-Windows-TaskScheduler","Maintenance state changed to 3 (Last Run: ‎7/‎3/‎2026 4:53 PM)."
"03-07-2026 16:31:27","800","Information","Microsoft-Windows-TaskScheduler","Maintenance state changed to 1 (Last Run: ‎7/‎3/‎2026 4:31 PM)."
"03-07-2026 16:30:22","800","Information","Microsoft-Windows-TaskScheduler","Maintenance state changed to 3 (Last Run: ‎7/‎3/‎2026 4:30 PM)."
"03-07-2026 16:21:52","800","Information","Microsoft-Windows-TaskScheduler","Maintenance state changed to 1 (Last Run: ‎7/‎3/‎2026 4:21 PM)."
"03-07-2026 16:20:50","800","Information","Microsoft-Windows-TaskScheduler","Maintenance state changed to 3 (Last Run: ‎7/‎3/‎2026 4:20 PM)."
"03-07-2026 10:26:34","800","Information","Microsoft-Windows-TaskScheduler","Maintenance state changed to 1 (Last Run: ‎7/‎3/‎2026 10:26 AM)."
"03-07-2026 10:25:26","800","Information","Microsoft-Windows-TaskScheduler","Maintenance state changed to 3 (Last Run: ‎7/‎3/‎2026 10:25 AM)."
"03-07-2026 10:23:00","800","Information","Microsoft-Windows-TaskScheduler","Maintenance state changed to 1 (Last Run: ‎7/‎3/‎2026 10:23 AM)."
"03-07-2026 10:22:15","800","Information","Microsoft-Windows-TaskScheduler","Maintenance state changed to 3 (Last Run: ‎7/‎3/‎2026 10:22 AM)."
"03-07-2026 10:22:14","800","Information","Microsoft-Windows-TaskScheduler","Maintenance state changed to 1 (Last Run: ‎7/‎3/‎2026 10:22 AM)."
"03-07-2026 10:21:06","800","Information","Microsoft-Windows-TaskScheduler","Maintenance state changed to 3 (Last Run: ‎7/‎3/‎2026 10:21 AM)."
"03-07-2026 10:21:05","800","Information","Microsoft-Windows-TaskScheduler","Maintenance state changed to 1 (Last Run: ‎7/‎3/‎2026 10:21 AM)."
"03-07-2026 10:20:56","800","Information","Microsoft-Windows-TaskScheduler","Maintenance state changed to 3 (Last Run: ‎7/‎3/‎2026 10:20 AM)."
"02-07-2026 14:36:00","800","Information","Microsoft-Windows-TaskScheduler","Maintenance state changed to 1 (Last Run: ‎7/‎2/‎2026 2:36 PM)."
"02-07-2026 14:33:59","800","Information","Microsoft-Windows-TaskScheduler","Maintenance state changed to 3 (Last Run: ‎7/‎2/‎2026 2:33 PM)."
"02-07-2026 09:23:30","800","Information","Microsoft-Windows-TaskScheduler","Maintenance state changed to 1 (Last Run: ‎7/‎2/‎2026 9:23 AM)."
"02-07-2026 09:22:21","800","Information","Microsoft-Windows-TaskScheduler","Maintenance state changed to 3 (Last Run: ‎7/‎2/‎2026 9:22 AM)."
"02-07-2026 09:22:20","800","Information","Microsoft-Windows-TaskScheduler","Maintenance state changed to 1 (Last Run: ‎7/‎2/‎2026 9:22 AM)."
"02-07-2026 09:22:20","800","Information","Microsoft-Windows-TaskScheduler","Maintenance state changed to 3 (Last Run: ‎7/‎2/‎2026 9:22 AM)."
"02-07-2026 09:22:19","800","Information","Microsoft-Windows-TaskScheduler","Maintenance state changed to 1 (Last Run: ‎7/‎2/‎2026 9:22 AM)."
"02-07-2026 09:22:11","800","Information","Microsoft-Windows-TaskScheduler","Maintenance state changed to 3 (Last Run: ‎7/‎2/‎2026 9:22 AM)."
"02-07-2026 09:22:10","800","Information","Microsoft-Windows-TaskScheduler","Maintenance state changed to 1 (Last Run: ‎7/‎2/‎2026 9:22 AM)."
"02-07-2026 09:22:10","800","Information","Microsoft-Windows-TaskScheduler","Maintenance state changed to 3 (Last Run: ‎7/‎2/‎2026 9:22 AM)."
"01-07-2026 15:34:12","800","Information","Microsoft-Windows-TaskScheduler","Maintenance state changed to 1 (Last Run: ‎7/‎1/‎2026 3:34 PM)."
"01-07-2026 15:33:12","800","Information","Microsoft-Windows-TaskScheduler","Maintenance state changed to 3 (Last Run: ‎7/‎1/‎2026 3:33 PM)."
"01-07-2026 15:32:42","800","Information","Microsoft-Windows-TaskScheduler","Maintenance state changed to 1 (Last Run: ‎7/‎1/‎2026 3:32 PM)."
"01-07-2026 15:31:42","800","Information","Microsoft-Windows-TaskScheduler","Maintenance state changed to 3 (Last Run: ‎7/‎1/‎2026 3:31 PM)."
"01-07-2026 15:29:24","800","Information","Microsoft-Windows-TaskScheduler","Maintenance state changed to 1 (Last Run: ‎7/‎1/‎2026 3:29 PM)."
"01-07-2026 15:29:11","800","Information","Microsoft-Windows-TaskScheduler","Maintenance state changed to 3 (Last Run: ‎7/‎1/‎2026 3:29 PM)."
"01-07-2026 15:16:48","800","Information","Microsoft-Windows-TaskScheduler","Maintenance state changed to 1 (Last Run: ‎7/‎1/‎2026 3:16 PM)."
"01-07-2026 15:15:48","800","Information","Microsoft-Windows-TaskScheduler","Maintenance state changed to 3 (Last Run: ‎7/‎1/‎2026 3:15 PM)."
"01-07-2026 14:12:19","800","Information","Microsoft-Windows-TaskScheduler","Maintenance state changed to 1 (Last Run: ‎7/‎1/‎2026 2:12 PM)."
"01-07-2026 14:11:47","800","Information","Microsoft-Windows-TaskScheduler","Maintenance state changed to 3 (Last Run: ‎7/‎1/‎2026 2:11 PM)."
"01-07-2026 13:09:37","800","Information","Microsoft-Windows-TaskScheduler","Maintenance state changed to 1 (Last Run: ‎7/‎1/‎2026 1:09 PM)."
"01-07-2026 13:08:29","800","Information","Microsoft-Windows-TaskScheduler","Maintenance state changed to 3 (Last Run: ‎7/‎1/‎2026 1:08 PM)."
"01-07-2026 11:57:57","800","Information","Microsoft-Windows-TaskScheduler","Maintenance state changed to 1 (Last Run: ‎7/‎1/‎2026 11:57 AM)."
"01-07-2026 11:56:49","800","Information","Microsoft-Windows-TaskScheduler","Maintenance state changed to 3 (Last Run: ‎7/‎1/‎2026 11:56 AM)."
"01-07-2026 11:56:48","800","Information","Microsoft-Windows-TaskScheduler","Maintenance state changed to 1 (Last Run: ‎7/‎1/‎2026 11:56 AM)."
"01-07-2026 11:56:44","800","Information","Microsoft-Windows-TaskScheduler","Maintenance state changed to 3 (Last Run: ‎7/‎1/‎2026 11:56 AM)."
"01-07-2026 11:55:45","800","Information","Microsoft-Windows-TaskScheduler","Maintenance state changed to 1 (Last Run: ‎7/‎1/‎2026 11:55 AM)."
"01-07-2026 11:55:45","800","Information","Microsoft-Windows-TaskScheduler","Maintenance state changed to 3 (Last Run: ‎7/‎1/‎2026 11:55 AM)."
"01-07-2026 11:55:44","800","Information","Microsoft-Windows-TaskScheduler","Maintenance state changed to 1 (Last Run: ‎7/‎1/‎2026 11:55 AM)."
"01-07-2026 11:55:44","800","Information","Microsoft-Windows-TaskScheduler","Maintenance state changed to 3 (Last Run: ‎7/‎1/‎2026 11:55 AM)."
"01-07-2026 11:55:43","800","Information","Microsoft-Windows-TaskScheduler","Maintenance state changed to 1 (Last Run: ‎7/‎1/‎2026 11:55 AM)."
"01-07-2026 11:55:43","800","Information","Microsoft-Windows-TaskScheduler","Maintenance state changed to 3 (Last Run: ‎7/‎1/‎2026 11:55 AM)."
"01-07-2026 11:55:28","800","Information","Microsoft-Windows-TaskScheduler","Maintenance state changed to 1 (Last Run: ‎7/‎1/‎2026 11:55 AM)."
"01-07-2026 11:55:21","800","Information","Microsoft-Windows-TaskScheduler","Maintenance state changed to 3 (Last Run: ‎7/‎1/‎2026 11:55 AM)."
"01-07-2026 11:54:46","800","Information","Microsoft-Windows-TaskScheduler","Maintenance state changed to 1 (Last Run: ‎7/‎1/‎2026 11:54 AM)."
"01-07-2026 11:54:44","800","Information","Microsoft-Windows-TaskScheduler","Maintenance state changed to 3 (Last Run: ‎7/‎1/‎2026 11:54 AM)."
"01-07-2026 11:54:43","800","Information","Microsoft-Windows-TaskScheduler","Maintenance state changed to 1 (Last Run: ‎7/‎1/‎2026 11:54 AM)."
"01-07-2026 11:54:43","800","Information","Microsoft-Windows-TaskScheduler","Maintenance state changed to 3 (Last Run: ‎7/‎1/‎2026 11:54 AM)."
"01-07-2026 10:52:38","800","Information","Microsoft-Windows-TaskScheduler","Maintenance state changed to 1 (Last Run: ‎7/‎1/‎2026 10:52 AM)."
"01-07-2026 10:52:36","800","Information","Microsoft-Windows-TaskScheduler","Maintenance state changed to 3 (Last Run: ‎7/‎1/‎2026 10:52 AM)."
"30-06-2026 19:16:00","800","Information","Microsoft-Windows-TaskScheduler","Maintenance state changed to 1 (Last Run: ‎6/‎30/‎2026 7:16 PM)."
"30-06-2026 19:15:59","800","Information","Microsoft-Windows-TaskScheduler","Maintenance state changed to 3 (Last Run: ‎6/‎30/‎2026 7:15 PM)."
"30-06-2026 13:43:57","800","Information","Microsoft-Windows-TaskScheduler","Maintenance state changed to 1 (Last Run: ‎6/‎30/‎2026 1:43 PM)."
"30-06-2026 13:42:57","800","Information","Microsoft-Windows-TaskScheduler","Maintenance state changed to 3 (Last Run: ‎6/‎30/‎2026 1:42 PM)."
"30-06-2026 13:42:56","800","Information","Microsoft-Windows-TaskScheduler","Maintenance state changed to 1 (Last Run: ‎6/‎30/‎2026 1:42 PM)."
"30-06-2026 13:40:56","800","Information","Microsoft-Windows-TaskScheduler","Maintenance state changed to 3 (Last Run: ‎6/‎30/‎2026 1:40 PM)."
"30-06-2026 09:37:08","800","Information","Microsoft-Windows-TaskScheduler","Maintenance state changed to 1 (Last Run: ‎6/‎30/‎2026 9:37 AM)."
"30-06-2026 09:36:00","800","Information","Microsoft-Windows-TaskScheduler","Maintenance state changed to 3 (Last Run: ‎6/‎30/‎2026 9:36 AM)."
"30-06-2026 09:35:59","800","Information","Microsoft-Windows-TaskScheduler","Maintenance state changed to 1 (Last Run: ‎6/‎30/‎2026 9:35 AM)."
"30-06-2026 09:35:56","800","Information","Microsoft-Windows-TaskScheduler","Maintenance state changed to 3 (Last Run: ‎6/‎30/‎2026 9:35 AM)."
"30-06-2026 09:35:40","800","Information","Microsoft-Windows-TaskScheduler","Maintenance state changed to 1 (Last Run: ‎6/‎30/‎2026 9:35 AM)."
"30-06-2026 09:35:28","800","Information","Microsoft-Windows-TaskScheduler","Maintenance state changed to 3 (Last Run: ‎6/‎30/‎2026 9:35 AM)."
"30-06-2026 09:15:49","800","Information","Microsoft-Windows-TaskScheduler","Maintenance state changed to 1 (Last Run: ‎6/‎30/‎2026 9:15 AM)."
"30-06-2026 09:15:46","800","Information","Microsoft-Windows-TaskScheduler","Maintenance state changed to 3 (Last Run: ‎6/‎30/‎2026 9:15 AM)."
"29-06-2026 13:34:07","800","Information","Microsoft-Windows-TaskScheduler","Maintenance state changed to 1 (Last Run: ‎6/‎29/‎2026 1:34 PM)."
"29-06-2026 13:33:07","800","Information","Microsoft-Windows-TaskScheduler","Maintenance state changed to 3 (Last Run: ‎6/‎29/‎2026 1:33 PM)."
"29-06-2026 11:28:53","800","Information","Microsoft-Windows-TaskScheduler","Maintenance state changed to 1 (Last Run: ‎6/‎29/‎2026 11:28 AM)."
"29-06-2026 11:28:53","800","Information","Microsoft-Windows-TaskScheduler","Maintenance state changed to 3 (Last Run: ‎6/‎29/‎2026 11:28 AM)."
"29-06-2026 11:18:08","800","Information","Microsoft-Windows-TaskScheduler","Maintenance state changed to 1 (Last Run: ‎6/‎29/‎2026 11:18 AM)."
"29-06-2026 11:18:07","800","Information","Microsoft-Windows-TaskScheduler","Maintenance state changed to 3 (Last Run: ‎6/‎29/‎2026 11:18 AM)."
"29-06-2026 10:08:02","800","Information","Microsoft-Windows-TaskScheduler","Maintenance state changed to 1 (Last Run: ‎6/‎29/‎2026 10:08 AM)."
"29-06-2026 10:08:02","800","Information","Microsoft-Windows-TaskScheduler","Maintenance state changed to 3 (Last Run: ‎6/‎29/‎2026 10:08 AM)."
"29-06-2026 09:27:10","800","Information","Microsoft-Windows-TaskScheduler","Maintenance state changed to 1 (Last Run: ‎6/‎29/‎2026 9:27 AM)."
"29-06-2026 09:26:03","800","Information","Microsoft-Windows-TaskScheduler","Maintenance state changed to 3 (Last Run: ‎6/‎29/‎2026 9:26 AM)."
"29-06-2026 09:26:02","800","Information","Microsoft-Windows-TaskScheduler","Maintenance state changed to 1 (Last Run: ‎6/‎29/‎2026 9:26 AM)."
"29-06-2026 09:26:01","800","Information","Microsoft-Windows-TaskScheduler","Maintenance state changed to 3 (Last Run: ‎6/‎29/‎2026 9:26 AM)."
"29-06-2026 09:26:00","800","Information","Microsoft-Windows-TaskScheduler","Maintenance state changed to 1 (Last Run: ‎6/‎29/‎2026 9:26 AM)."
"29-06-2026 09:24:00","800","Information","Microsoft-Windows-TaskScheduler","Maintenance state changed to 3 (Last Run: ‎6/‎29/‎2026 9:24 AM)."
"29-06-2026 09:23:41","800","Information","Microsoft-Windows-TaskScheduler","Maintenance state changed to 1 (Last Run: ‎6/‎29/‎2026 9:23 AM)."
"29-06-2026 09:23:41","800","Information","Microsoft-Windows-TaskScheduler","Maintenance state changed to 3 (Last Run: ‎6/‎29/‎2026 9:23 AM)."
"29-06-2026 09:23:29","800","Information","Microsoft-Windows-TaskScheduler","Maintenance state changed to 1 (Last Run: ‎6/‎29/‎2026 9:23 AM)."
"29-06-2026 09:23:00","800","Information","Microsoft-Windows-TaskScheduler","Maintenance state changed to 3 (Last Run: ‎6/‎29/‎2026 9:23 AM)."
"29-06-2026 09:22:41","800","Information","Microsoft-Windows-TaskScheduler","Maintenance state changed to 1 (Last Run: ‎6/‎29/‎2026 9:22 AM)."
"29-06-2026 09:22:41","800","Information","Microsoft-Windows-TaskScheduler","Maintenance state changed to 3 (Last Run: ‎6/‎29/‎2026 9:22 AM)."
"29-06-2026 09:04:00","800","Information","Microsoft-Windows-TaskScheduler","Maintenance state changed to 1 (Last Run: ‎6/‎29/‎2026 9:04 AM)."
"29-06-2026 09:03:00","800","Information","Microsoft-Windows-TaskScheduler","Maintenance state changed to 3 (Last Run: ‎6/‎29/‎2026 9:03 AM)."
"26-06-2026 17:54:54","800","Information","Microsoft-Windows-TaskScheduler","Maintenance state changed to 1 (Last Run: ‎6/‎26/‎2026 5:54 PM)."
"26-06-2026 17:54:48","800","Information","Microsoft-Windows-TaskScheduler","Maintenance state changed to 3 (Last Run: ‎6/‎26/‎2026 5:54 PM)."
"26-06-2026 13:38:13","800","Information","Microsoft-Windows-TaskScheduler","Maintenance state changed to 1 (Last Run: ‎6/‎26/‎2026 1:38 PM)."
"26-06-2026 13:37:13","800","Information","Microsoft-Windows-TaskScheduler","Maintenance state changed to 3 (Last Run: ‎6/‎26/‎2026 1:37 PM)."
"26-06-2026 09:58:06","800","Information","Microsoft-Windows-TaskScheduler","Maintenance state changed to 1 (Last Run: ‎6/‎26/‎2026 9:58 AM)."
"26-06-2026 09:56:57","800","Information","Microsoft-Windows-TaskScheduler","Maintenance state changed to 3 (Last Run: ‎6/‎26/‎2026 9:56 AM)."
"26-06-2026 09:56:56","800","Information","Microsoft-Windows-TaskScheduler","Maintenance state changed to 1 (Last Run: ‎6/‎26/‎2026 9:56 AM)."
"26-06-2026 09:56:49","800","Information","Microsoft-Windows-TaskScheduler","Maintenance state changed to 3 (Last Run: ‎6/‎26/‎2026 9:56 AM)."
"26-06-2026 09:56:49","800","Information","Microsoft-Windows-TaskScheduler","Maintenance state changed to 1 (Last Run: ‎6/‎26/‎2026 9:56 AM)."
"26-06-2026 09:56:48","800","Information","Microsoft-Windows-TaskScheduler","Maintenance state changed to 3 (Last Run: ‎6/‎26/‎2026 9:56 AM)."
"25-06-2026 13:59:01","800","Information","Microsoft-Windows-TaskScheduler","Maintenance state changed to 1 (Last Run: ‎6/‎25/‎2026 1:59 PM)."
"25-06-2026 13:58:00","800","Information","Microsoft-Windows-TaskScheduler","Maintenance state changed to 3 (Last Run: ‎6/‎25/‎2026 1:58 PM)."
"25-06-2026 13:53:59","800","Information","Microsoft-Windows-TaskScheduler","Maintenance state changed to 1 (Last Run: ‎6/‎25/‎2026 1:53 PM)."
"25-06-2026 13:53:18","800","Information","Microsoft-Windows-TaskScheduler","Maintenance state changed to 3 (Last Run: ‎6/‎25/‎2026 1:53 PM)."
"25-06-2026 13:45:13","800","Information","Microsoft-Windows-TaskScheduler","Maintenance state changed to 1 (Last Run: ‎6/‎25/‎2026 1:45 PM)."
"25-06-2026 13:44:27","800","Information","Microsoft-Windows-TaskScheduler","Maintenance state changed to 3 (Last Run: ‎6/‎25/‎2026 1:44 PM)."
"25-06-2026 12:50:16","800","Information","Microsoft-Windows-TaskScheduler","Maintenance state changed to 1 (Last Run: ‎6/‎25/‎2026 12:50 PM)."
"25-06-2026 12:49:09","800","Information","Microsoft-Windows-TaskScheduler","Maintenance state changed to 3 (Last Run: ‎6/‎25/‎2026 12:49 PM)."
"25-06-2026 12:49:08","800","Information","Microsoft-Windows-TaskScheduler","Maintenance state changed to 1 (Last Run: ‎6/‎25/‎2026 12:49 PM)."
"25-06-2026 12:48:00","800","Information","Microsoft-Windows-TaskScheduler","Maintenance state changed to 3 (Last Run: ‎6/‎25/‎2026 12:48 PM)."
"25-06-2026 10:29:17","800","Information","Microsoft-Windows-TaskScheduler","Maintenance state changed to 1 (Last Run: ‎6/‎25/‎2026 10:29 AM)."
"25-06-2026 10:28:34","800","Information","Microsoft-Windows-TaskScheduler","Maintenance state changed to 3 (Last Run: ‎6/‎25/‎2026 10:28 AM)."
"25-06-2026 10:28:33","800","Information","Microsoft-Windows-TaskScheduler","Maintenance state changed to 1 (Last Run: ‎6/‎25/‎2026 10:28 AM)."
"25-06-2026 10:28:33","800","Information","Microsoft-Windows-TaskScheduler","Maintenance state changed to 3 (Last Run: ‎6/‎25/‎2026 10:28 AM)."
"25-06-2026 10:28:32","800","Information","Microsoft-Windows-TaskScheduler","Maintenance state changed to 1 (Last Run: ‎6/‎25/‎2026 10:28 AM)."
"25-06-2026 10:27:32","800","Information","Microsoft-Windows-TaskScheduler","Maintenance state changed to 3 (Last Run: ‎6/‎25/‎2026 10:27 AM)."
"25-06-2026 10:27:31","800","Information","Microsoft-Windows-TaskScheduler","Maintenance state changed to 1 (Last Run: ‎6/‎25/‎2026 10:27 AM)."
"25-06-2026 10:27:31","800","Information","Microsoft-Windows-TaskScheduler","Maintenance state changed to 3 (Last Run: ‎6/‎25/‎2026 10:27 AM)."
"25-06-2026 10:27:00","800","Information","Microsoft-Windows-TaskScheduler","Maintenance state changed to 1 (Last Run: ‎6/‎25/‎2026 10:27 AM)."
"25-06-2026 10:27:00","800","Information","Microsoft-Windows-TaskScheduler","Maintenance state changed to 3 (Last Run: ‎6/‎25/‎2026 10:27 AM)."
"24-06-2026 13:41:41","800","Information","Microsoft-Windows-TaskScheduler","Maintenance state changed to 1 (Last Run: ‎6/‎24/‎2026 1:41 PM)."
"24-06-2026 13:40:33","800","Information","Microsoft-Windows-TaskScheduler","Maintenance state changed to 3 (Last Run: ‎6/‎24/‎2026 1:40 PM)."
"24-06-2026 13:40:32","800","Information","Microsoft-Windows-TaskScheduler","Maintenance state changed to 1 (Last Run: ‎6/‎24/‎2026 1:40 PM)."
"24-06-2026 13:32:29","800","Information","Microsoft-Windows-TaskScheduler","Maintenance state changed to 3 (Last Run: ‎6/‎24/‎2026 1:32 PM)."
"24-06-2026 13:04:02","800","Information","Microsoft-Windows-TaskScheduler","Maintenance state changed to 1 (Last Run: ‎6/‎24/‎2026 1:04 PM)."
"24-06-2026 13:03:02","800","Information","Microsoft-Windows-TaskScheduler","Maintenance state changed to 3 (Last Run: ‎6/‎24/‎2026 1:03 PM)."
"24-06-2026 11:08:17","800","Information","Microsoft-Windows-TaskScheduler","Maintenance state changed to 1 (Last Run: ‎6/‎24/‎2026 11:08 AM)."
"24-06-2026 11:08:17","800","Information","Microsoft-Windows-TaskScheduler","Maintenance state changed to 3 (Last Run: ‎6/‎24/‎2026 11:08 AM)."
"23-06-2026 09:35:56","800","Information","Microsoft-Windows-TaskScheduler","Maintenance state changed to 1 (Last Run: ‎6/‎23/‎2026 9:35 AM)."
"23-06-2026 09:34:49","800","Information","Microsoft-Windows-TaskScheduler","Maintenance state changed to 3 (Last Run: ‎6/‎23/‎2026 9:34 AM)."
"23-06-2026 09:34:48","800","Information","Microsoft-Windows-TaskScheduler","Maintenance state changed to 1 (Last Run: ‎6/‎23/‎2026 9:34 AM)."
"23-06-2026 09:34:48","800","Information","Microsoft-Windows-TaskScheduler","Maintenance state changed to 3 (Last Run: ‎6/‎23/‎2026 9:34 AM)."
"23-06-2026 09:34:47","800","Information","Microsoft-Windows-TaskScheduler","Maintenance state changed to 1 (Last Run: ‎6/‎23/‎2026 9:34 AM)."
"23-06-2026 09:34:44","800","Information","Microsoft-Windows-TaskScheduler","Maintenance state changed to 3 (Last Run: ‎6/‎23/‎2026 9:34 AM)."
"23-06-2026 09:34:43","800","Information","Microsoft-Windows-TaskScheduler","Maintenance state changed to 1 (Last Run: ‎6/‎23/‎2026 9:34 AM)."
"23-06-2026 09:34:42","800","Information","Microsoft-Windows-TaskScheduler","Maintenance state changed to 3 (Last Run: ‎6/‎23/‎2026 9:34 AM)."
"23-06-2026 09:34:41","800","Information","Microsoft-Windows-TaskScheduler","Maintenance state changed to 1 (Last Run: ‎6/‎23/‎2026 9:34 AM)."
"23-06-2026 09:32:19","800","Information","Microsoft-Windows-TaskScheduler","Maintenance state changed to 3 (Last Run: ‎6/‎23/‎2026 9:32 AM)."
"22-06-2026 10:22:29","800","Information","Microsoft-Windows-TaskScheduler","Maintenance state changed to 1 (Last Run: ‎6/‎22/‎2026 10:22 AM)."
"22-06-2026 10:21:27","800","Information","Microsoft-Windows-TaskScheduler","Maintenance state changed to 3 (Last Run: ‎6/‎22/‎2026 10:21 AM)."
"22-06-2026 09:06:02","800","Information","Microsoft-Windows-TaskScheduler","Maintenance state changed to 1 (Last Run: ‎6/‎22/‎2026 9:06 AM)."
"22-06-2026 09:05:57","800","Information","Microsoft-Windows-TaskScheduler","Maintenance state changed to 3 (Last Run: ‎6/‎22/‎2026 9:05 AM)."
"19-06-2026 13:32:37","800","Information","Microsoft-Windows-TaskScheduler","Maintenance state changed to 1 (Last Run: ‎6/‎19/‎2026 1:32 PM)."
"19-06-2026 13:30:37","800","Information","Microsoft-Windows-TaskScheduler","Maintenance state changed to 3 (Last Run: ‎6/‎19/‎2026 1:30 PM)."
"19-06-2026 09:11:32","800","Information","Microsoft-Windows-TaskScheduler","Maintenance state changed to 1 (Last Run: ‎6/‎19/‎2026 9:11 AM)."
"19-06-2026 09:10:25","800","Information","Microsoft-Windows-TaskScheduler","Maintenance state changed to 3 (Last Run: ‎6/‎19/‎2026 9:10 AM)."
"19-06-2026 09:10:24","800","Information","Microsoft-Windows-TaskScheduler","Maintenance state changed to 1 (Last Run: ‎6/‎19/‎2026 9:10 AM)."
"19-06-2026 09:10:18","800","Information","Microsoft-Windows-TaskScheduler","Maintenance state changed to 3 (Last Run: ‎6/‎19/‎2026 9:10 AM)."
"19-06-2026 09:10:17","800","Information","Microsoft-Windows-TaskScheduler","Maintenance state changed to 1 (Last Run: ‎6/‎19/‎2026 9:10 AM)."
"19-06-2026 09:10:17","800","Information","Microsoft-Windows-TaskScheduler","Maintenance state changed to 3 (Last Run: ‎6/‎19/‎2026 9:10 AM)."
"18-06-2026 13:28:26","800","Information","Microsoft-Windows-TaskScheduler","Maintenance state changed to 1 (Last Run: ‎6/‎18/‎2026 1:28 PM)."
"18-06-2026 13:26:26","800","Information","Microsoft-Windows-TaskScheduler","Maintenance state changed to 3 (Last Run: ‎6/‎18/‎2026 1:26 PM)."
"18-06-2026 10:10:45","800","Information","Microsoft-Windows-TaskScheduler","Maintenance state changed to 1 (Last Run: ‎6/‎18/‎2026 10:10 AM)."
"18-06-2026 10:10:45","800","Information","Microsoft-Windows-TaskScheduler","Maintenance state changed to 3 (Last Run: ‎6/‎18/‎2026 10:10 AM)."
"18-06-2026 09:22:42","800","Information","Microsoft-Windows-TaskScheduler","Maintenance state changed to 1 (Last Run: ‎6/‎18/‎2026 9:22 AM)."
"18-06-2026 09:22:42","800","Information","Microsoft-Windows-TaskScheduler","Maintenance state changed to 3 (Last Run: ‎6/‎18/‎2026 9:22 AM)."
"18-06-2026 09:21:56","800","Information","Microsoft-Windows-TaskScheduler","Maintenance state changed to 1 (Last Run: ‎6/‎18/‎2026 9:21 AM)."
"18-06-2026 09:20:49","800","Information","Microsoft-Windows-TaskScheduler","Maintenance state changed to 3 (Last Run: ‎6/‎18/‎2026 9:20 AM)."
"18-06-2026 09:20:48","800","Information","Microsoft-Windows-TaskScheduler","Maintenance state changed to 1 (Last Run: ‎6/‎18/‎2026 9:20 AM)."
"18-06-2026 09:20:48","800","Information","Microsoft-Windows-TaskScheduler","Maintenance state changed to 3 (Last Run: ‎6/‎18/‎2026 9:20 AM)."
"18-06-2026 09:20:47","800","Information","Microsoft-Windows-TaskScheduler","Maintenance state changed to 1 (Last Run: ‎6/‎18/‎2026 9:20 AM)."
"18-06-2026 09:18:06","800","Information","Microsoft-Windows-TaskScheduler","Maintenance state changed to 3 (Last Run: ‎6/‎18/‎2026 9:18 AM)."
"18-06-2026 09:17:53","800","Information","Microsoft-Windows-TaskScheduler","Maintenance state changed to 1 (Last Run: ‎6/‎18/‎2026 9:17 AM)."
"18-06-2026 09:17:52","800","Information","Microsoft-Windows-TaskScheduler","Maintenance state changed to 3 (Last Run: ‎6/‎18/‎2026 9:17 AM)."
"18-06-2026 09:06:13","800","Information","Microsoft-Windows-TaskScheduler","Maintenance state changed to 1 (Last Run: ‎6/‎18/‎2026 9:06 AM)."
"18-06-2026 09:06:13","808","Warning","Microsoft-Windows-TaskScheduler","Maintenance Task ""NT TASK\Microsoft\Windows\.NET Framework\.NET Framework NGEN v4.0.30319 64 Critical"" requests computer wakeup during next regular maintenance run."
"18-06-2026 09:06:05","800","Information","Microsoft-Windows-TaskScheduler","Maintenance state changed to 3 (Last Run: ‎6/‎18/‎2026 9:06 AM)."
"18-06-2026 09:05:41","808","Warning","Microsoft-Windows-TaskScheduler","Maintenance Task ""NT TASK\Microsoft\Windows\.NET Framework\.NET Framework NGEN v4.0.30319 64 Critical"" requests computer wakeup during next regular maintenance run."
"18-06-2026 09:05:41","808","Warning","Microsoft-Windows-TaskScheduler","Maintenance Task ""NT TASK\Microsoft\Windows\.NET Framework\.NET Framework NGEN v4.0.30319 64 Critical"" requests computer wakeup during next regular maintenance run."
"18-06-2026 09:05:41","808","Warning","Microsoft-Windows-TaskScheduler","Maintenance Task ""NT TASK\Microsoft\Windows\.NET Framework\.NET Framework NGEN v4.0.30319 64 Critical"" requests computer wakeup during next regular maintenance run."
"17-06-2026 19:18:20","808","Warning","Microsoft-Windows-TaskScheduler","Maintenance Task ""NT TASK\Microsoft\Windows\.NET Framework\.NET Framework NGEN v4.0.30319 64 Critical"" requests computer wakeup during next regular maintenance run."
"17-06-2026 19:18:20","808","Warning","Microsoft-Windows-TaskScheduler","Maintenance Task ""NT TASK\Microsoft\Windows\.NET Framework\.NET Framework NGEN v4.0.30319 64 Critical"" requests computer wakeup during next regular maintenance run."
"17-06-2026 19:18:20","808","Warning","Microsoft-Windows-TaskScheduler","Maintenance Task ""NT TASK\Microsoft\Windows\.NET Framework\.NET Framework NGEN v4.0.30319 64 Critical"" requests computer wakeup during next regular maintenance run."
"17-06-2026 19:16:52","808","Warning","Microsoft-Windows-TaskScheduler","Maintenance Task ""NT TASK\Microsoft\Windows\.NET Framework\.NET Framework NGEN v4.0.30319 64 Critical"" requests computer wakeup during next regular maintenance run."
"17-06-2026 19:16:52","808","Warning","Microsoft-Windows-TaskScheduler","Maintenance Task ""NT TASK\Microsoft\Windows\.NET Framework\.NET Framework NGEN v4.0.30319 64 Critical"" requests computer wakeup during next regular maintenance run."
"17-06-2026 19:16:52","808","Warning","Microsoft-Windows-TaskScheduler","Maintenance Task ""NT TASK\Microsoft\Windows\.NET Framework\.NET Framework NGEN v4.0.30319 64 Critical"" requests computer wakeup during next regular maintenance run."
"17-06-2026 19:15:33","800","Information","Microsoft-Windows-TaskScheduler","Maintenance state changed to 1 (Last Run: ‎6/‎17/‎2026 7:15 PM)."
"17-06-2026 19:14:43","800","Information","Microsoft-Windows-TaskScheduler","Maintenance state changed to 3 (Last Run: ‎6/‎17/‎2026 7:14 PM)."
"17-06-2026 19:14:42","808","Warning","Microsoft-Windows-TaskScheduler","Maintenance Task ""NT TASK\Microsoft\Windows\.NET Framework\.NET Framework NGEN v4.0.30319 64 Critical"" requests computer wakeup during next regular maintenance run."
"17-06-2026 19:14:42","808","Warning","Microsoft-Windows-TaskScheduler","Maintenance Task ""NT TASK\Microsoft\Windows\.NET Framework\.NET Framework NGEN v4.0.30319 Critical"" requests computer wakeup during next regular maintenance run."
"17-06-2026 14:04:15","800","Information","Microsoft-Windows-TaskScheduler","Maintenance state changed to 1 (Last Run: ‎6/‎17/‎2026 2:04 PM)."
"17-06-2026 14:03:15","800","Information","Microsoft-Windows-TaskScheduler","Maintenance state changed to 3 (Last Run: ‎6/‎17/‎2026 2:03 PM)."
"17-06-2026 10:15:35","800","Information","Microsoft-Windows-TaskScheduler","Maintenance state changed to 1 (Last Run: ‎6/‎17/‎2026 10:15 AM)."
"17-06-2026 10:14:27","800","Information","Microsoft-Windows-TaskScheduler","Maintenance state changed to 3 (Last Run: ‎6/‎17/‎2026 10:14 AM)."
"17-06-2026 10:14:26","800","Information","Microsoft-Windows-TaskScheduler","Maintenance state changed to 1 (Last Run: ‎6/‎17/‎2026 10:14 AM)."
"17-06-2026 10:13:17","800","Information","Microsoft-Windows-TaskScheduler","Maintenance state changed to 3 (Last Run: ‎6/‎17/‎2026 10:13 AM)."
"17-06-2026 10:13:15","800","Information","Microsoft-Windows-TaskScheduler","Maintenance state changed to 1 (Last Run: ‎6/‎17/‎2026 10:13 AM)."
"17-06-2026 10:13:08","800","Information","Microsoft-Windows-TaskScheduler","Maintenance state changed to 3 (Last Run: ‎6/‎17/‎2026 10:13 AM)."
"17-06-2026 10:09:43","800","Information","Microsoft-Windows-TaskScheduler","Maintenance state changed to 1 (Last Run: ‎6/‎17/‎2026 10:09 AM)."
"17-06-2026 10:09:42","800","Information","Microsoft-Windows-TaskScheduler","Maintenance state changed to 3 (Last Run: ‎6/‎17/‎2026 10:09 AM)."
"16-06-2026 17:23:10","800","Information","Microsoft-Windows-TaskScheduler","Maintenance state changed to 1 (Last Run: ‎6/‎16/‎2026 5:23 PM)."
"16-06-2026 17:22:03","800","Information","Microsoft-Windows-TaskScheduler","Maintenance state changed to 3 (Last Run: ‎6/‎16/‎2026 5:22 PM)."
"16-06-2026 16:42:31","800","Information","Microsoft-Windows-TaskScheduler","Maintenance state changed to 1 (Last Run: ‎6/‎16/‎2026 4:42 PM)."
"16-06-2026 16:42:06","800","Information","Microsoft-Windows-TaskScheduler","Maintenance state changed to 3 (Last Run: ‎6/‎16/‎2026 4:42 PM)."
"16-06-2026 16:42:05","800","Information","Microsoft-Windows-TaskScheduler","Maintenance state changed to 1 (Last Run: ‎6/‎16/‎2026 4:42 PM)."
"16-06-2026 16:40:05","800","Information","Microsoft-Windows-TaskScheduler","Maintenance state changed to 3 (Last Run: ‎6/‎16/‎2026 4:40 PM)."
"16-06-2026 16:40:04","800","Information","Microsoft-Windows-TaskScheduler","Maintenance state changed to 1 (Last Run: ‎6/‎16/‎2026 4:40 PM)."
"16-06-2026 16:40:03","800","Information","Microsoft-Windows-TaskScheduler","Maintenance state changed to 3 (Last Run: ‎6/‎16/‎2026 4:40 PM)."
"16-06-2026 16:39:39","800","Information","Microsoft-Windows-TaskScheduler","Maintenance state changed to 1 (Last Run: ‎6/‎16/‎2026 4:39 PM)."
"16-06-2026 16:39:32","800","Information","Microsoft-Windows-TaskScheduler","Maintenance state changed to 3 (Last Run: ‎6/‎16/‎2026 4:39 PM)."
"16-06-2026 16:24:15","800","Information","Microsoft-Windows-TaskScheduler","Maintenance state changed to 1 (Last Run: ‎6/‎16/‎2026 4:24 PM)."
"16-06-2026 16:24:14","800","Information","Microsoft-Windows-TaskScheduler","Maintenance state changed to 3 (Last Run: ‎6/‎16/‎2026 4:24 PM)."
"16-06-2026 11:59:22","800","Information","Microsoft-Windows-TaskScheduler","Maintenance state changed to 1 (Last Run: ‎6/‎16/‎2026 11:59 AM)."
"16-06-2026 11:59:22","800","Information","Microsoft-Windows-TaskScheduler","Maintenance state changed to 3 (Last Run: ‎6/‎16/‎2026 11:59 AM)."
"16-06-2026 11:16:37","800","Information","Microsoft-Windows-TaskScheduler","Maintenance state changed to 1 (Last Run: ‎6/‎16/‎2026 11:16 AM)."
"16-06-2026 11:16:37","800","Information","Microsoft-Windows-TaskScheduler","Maintenance state changed to 3 (Last Run: ‎6/‎16/‎2026 11:16 AM)."
"15-06-2026 17:51:14","800","Information","Microsoft-Windows-TaskScheduler","Maintenance state changed to 1 (Last Run: ‎6/‎15/‎2026 5:51 PM)."
"15-06-2026 17:50:13","800","Information","Microsoft-Windows-TaskScheduler","Maintenance state changed to 3 (Last Run: ‎6/‎15/‎2026 5:50 PM)."
"15-06-2026 10:58:45","800","Information","Microsoft-Windows-TaskScheduler","Maintenance state changed to 1 (Last Run: ‎6/‎15/‎2026 10:58 AM)."
"15-06-2026 10:57:36","800","Information","Microsoft-Windows-TaskScheduler","Maintenance state changed to 3 (Last Run: ‎6/‎15/‎2026 10:57 AM)."
"15-06-2026 10:57:35","800","Information","Microsoft-Windows-TaskScheduler","Maintenance state changed to 1 (Last Run: ‎6/‎15/‎2026 10:57 AM)."
"15-06-2026 10:57:35","800","Information","Microsoft-Windows-TaskScheduler","Maintenance state changed to 3 (Last Run: ‎6/‎15/‎2026 10:57 AM)."
"15-06-2026 10:57:34","800","Information","Microsoft-Windows-TaskScheduler","Maintenance state changed to 1 (Last Run: ‎6/‎15/‎2026 10:57 AM)."
"15-06-2026 10:55:28","800","Information","Microsoft-Windows-TaskScheduler","Maintenance state changed to 3 (Last Run: ‎6/‎15/‎2026 10:55 AM)."
"15-06-2026 10:29:12","800","Information","Microsoft-Windows-TaskScheduler","Maintenance state changed to 1 (Last Run: ‎6/‎15/‎2026 10:29 AM)."
"15-06-2026 10:29:12","800","Information","Microsoft-Windows-TaskScheduler","Maintenance state changed to 3 (Last Run: ‎6/‎15/‎2026 10:29 AM)."
"15-06-2026 09:54:58","800","Information","Microsoft-Windows-TaskScheduler","Maintenance state changed to 1 (Last Run: ‎6/‎15/‎2026 9:54 AM)."
"15-06-2026 09:54:57","800","Information","Microsoft-Windows-TaskScheduler","Maintenance state changed to 3 (Last Run: ‎6/‎15/‎2026 9:54 AM)."
"15-06-2026 09:08:25","800","Information","Microsoft-Windows-TaskScheduler","Maintenance state changed to 1 (Last Run: ‎6/‎15/‎2026 9:08 AM)."
"15-06-2026 09:08:25","800","Information","Microsoft-Windows-TaskScheduler","Maintenance state changed to 3 (Last Run: ‎6/‎15/‎2026 9:08 AM)."
"15-06-2026 09:04:40","800","Information","Microsoft-Windows-TaskScheduler","Maintenance state changed to 1 (Last Run: ‎6/‎15/‎2026 9:04 AM)."
"15-06-2026 09:03:40","800","Information","Microsoft-Windows-TaskScheduler","Maintenance state changed to 3 (Last Run: ‎6/‎15/‎2026 9:03 AM)."
"12-06-2026 15:31:25","800","Information","Microsoft-Windows-TaskScheduler","Maintenance state changed to 1 (Last Run: ‎6/‎12/‎2026 3:31 PM)."
"12-06-2026 15:30:25","800","Information","Microsoft-Windows-TaskScheduler","Maintenance state changed to 3 (Last Run: ‎6/‎12/‎2026 3:30 PM)."
"12-06-2026 11:31:24","800","Information","Microsoft-Windows-TaskScheduler","Maintenance state changed to 1 (Last Run: ‎6/‎12/‎2026 11:31 AM)."
"12-06-2026 11:31:21","800","Information","Microsoft-Windows-TaskScheduler","Maintenance state changed to 3 (Last Run: ‎6/‎12/‎2026 11:31 AM)."
"12-06-2026 11:31:20","800","Information","Microsoft-Windows-TaskScheduler","Maintenance state changed to 1 (Last Run: ‎6/‎12/‎2026 11:31 AM)."
"12-06-2026 11:30:13","800","Information","Microsoft-Windows-TaskScheduler","Maintenance state changed to 3 (Last Run: ‎6/‎12/‎2026 11:30 AM)."
"12-06-2026 11:30:12","800","Information","Microsoft-Windows-TaskScheduler","Maintenance state changed to 1 (Last Run: ‎6/‎12/‎2026 11:30 AM)."
"12-06-2026 11:30:07","800","Information","Microsoft-Windows-TaskScheduler","Maintenance state changed to 3 (Last Run: ‎6/‎12/‎2026 11:30 AM)."
"12-06-2026 11:29:09","800","Information","Microsoft-Windows-TaskScheduler","Maintenance state changed to 1 (Last Run: ‎6/‎12/‎2026 11:29 AM)."
"12-06-2026 11:29:07","800","Information","Microsoft-Windows-TaskScheduler","Maintenance state changed to 3 (Last Run: ‎6/‎12/‎2026 11:29 AM)."
"12-06-2026 11:29:04","800","Information","Microsoft-Windows-TaskScheduler","Maintenance state changed to 1 (Last Run: ‎6/‎12/‎2026 11:29 AM)."
"12-06-2026 11:29:02","800","Information","Microsoft-Windows-TaskScheduler","Maintenance state changed to 3 (Last Run: ‎6/‎12/‎2026 11:29 AM)."
"12-06-2026 10:54:17","800","Information","Microsoft-Windows-TaskScheduler","Maintenance state changed to 1 (Last Run: ‎6/‎12/‎2026 10:54 AM)."
"12-06-2026 10:54:16","800","Information","Microsoft-Windows-TaskScheduler","Maintenance state changed to 3 (Last Run: ‎6/‎12/‎2026 10:54 AM)."
"11-06-2026 16:45:43","800","Information","Microsoft-Windows-TaskScheduler","Maintenance state changed to 1 (Last Run: ‎6/‎11/‎2026 4:45 PM)."
"11-06-2026 16:43:42","800","Information","Microsoft-Windows-TaskScheduler","Maintenance state changed to 3 (Last Run: ‎6/‎11/‎2026 4:43 PM)."
"11-06-2026 15:19:50","800","Information","Microsoft-Windows-TaskScheduler","Maintenance state changed to 1 (Last Run: ‎6/‎11/‎2026 3:19 PM)."
"11-06-2026 15:18:50","800","Information","Microsoft-Windows-TaskScheduler","Maintenance state changed to 3 (Last Run: ‎6/‎11/‎2026 3:18 PM)."
"11-06-2026 09:01:36","800","Information","Microsoft-Windows-TaskScheduler","Maintenance state changed to 1 (Last Run: ‎6/‎11/‎2026 9:01 AM)."
"11-06-2026 09:00:30","800","Information","Microsoft-Windows-TaskScheduler","Maintenance state changed to 3 (Last Run: ‎6/‎11/‎2026 9:00 AM)."
"11-06-2026 09:00:29","800","Information","Microsoft-Windows-TaskScheduler","Maintenance state changed to 1 (Last Run: ‎6/‎11/‎2026 9:00 AM)."
"11-06-2026 08:59:21","800","Information","Microsoft-Windows-TaskScheduler","Maintenance state changed to 3 (Last Run: ‎6/‎11/‎2026 8:59 AM)."
"11-06-2026 08:59:20","800","Information","Microsoft-Windows-TaskScheduler","Maintenance state changed to 1 (Last Run: ‎6/‎11/‎2026 8:59 AM)."
"11-06-2026 08:59:20","800","Information","Microsoft-Windows-TaskScheduler","Maintenance state changed to 3 (Last Run: ‎6/‎11/‎2026 8:59 AM)."
"11-06-2026 08:59:19","800","Information","Microsoft-Windows-TaskScheduler","Maintenance state changed to 1 (Last Run: ‎6/‎11/‎2026 8:59 AM)."
"11-06-2026 08:59:08","800","Information","Microsoft-Windows-TaskScheduler","Maintenance state changed to 3 (Last Run: ‎6/‎11/‎2026 8:59 AM)."
"10-06-2026 13:24:22","800","Information","Microsoft-Windows-TaskScheduler","Maintenance state changed to 1 (Last Run: ‎6/‎10/‎2026 1:24 PM)."
"10-06-2026 13:23:21","800","Information","Microsoft-Windows-TaskScheduler","Maintenance state changed to 3 (Last Run: ‎6/‎10/‎2026 1:23 PM)."
"10-06-2026 11:35:53","800","Information","Microsoft-Windows-TaskScheduler","Maintenance state changed to 1 (Last Run: ‎6/‎10/‎2026 11:35 AM)."
"10-06-2026 11:34:46","800","Information","Microsoft-Windows-TaskScheduler","Maintenance state changed to 3 (Last Run: ‎6/‎10/‎2026 11:34 AM)."
"10-06-2026 11:34:45","800","Information","Microsoft-Windows-TaskScheduler","Maintenance state changed to 1 (Last Run: ‎6/‎10/‎2026 11:34 AM)."
"10-06-2026 11:33:37","800","Information","Microsoft-Windows-TaskScheduler","Maintenance state changed to 3 (Last Run: ‎6/‎10/‎2026 11:33 AM)."
"10-06-2026 11:33:36","800","Information","Microsoft-Windows-TaskScheduler","Maintenance state changed to 1 (Last Run: ‎6/‎10/‎2026 11:33 AM)."
"10-06-2026 11:33:35","800","Information","Microsoft-Windows-TaskScheduler","Maintenance state changed to 3 (Last Run: ‎6/‎10/‎2026 11:33 AM)."
"10-06-2026 11:33:34","800","Information","Microsoft-Windows-TaskScheduler","Maintenance state changed to 1 (Last Run: ‎6/‎10/‎2026 11:33 AM)."
"10-06-2026 11:33:27","800","Information","Microsoft-Windows-TaskScheduler","Maintenance state changed to 3 (Last Run: ‎6/‎10/‎2026 11:33 AM)."
"10-06-2026 09:53:40","800","Information","Microsoft-Windows-TaskScheduler","Maintenance state changed to 1 (Last Run: ‎6/‎10/‎2026 9:53 AM)."
"10-06-2026 09:53:39","800","Information","Microsoft-Windows-TaskScheduler","Maintenance state changed to 3 (Last Run: ‎6/‎10/‎2026 9:53 AM)."
"09-06-2026 14:42:00","800","Information","Microsoft-Windows-TaskScheduler","Maintenance state changed to 1 (Last Run: ‎6/‎9/‎2026 2:42 PM)."
"09-06-2026 14:40:54","800","Information","Microsoft-Windows-TaskScheduler","Maintenance state changed to 3 (Last Run: ‎6/‎9/‎2026 2:40 PM)."
"09-06-2026 14:38:51","800","Information","Microsoft-Windows-TaskScheduler","Maintenance state changed to 1 (Last Run: ‎6/‎9/‎2026 2:38 PM)."
"09-06-2026 14:37:53","800","Information","Microsoft-Windows-TaskScheduler","Maintenance state changed to 3 (Last Run: ‎6/‎9/‎2026 2:37 PM)."
"09-06-2026 14:37:52","800","Information","Microsoft-Windows-TaskScheduler","Maintenance state changed to 1 (Last Run: ‎6/‎9/‎2026 2:37 PM)."
"09-06-2026 14:27:52","800","Information","Microsoft-Windows-TaskScheduler","Maintenance state changed to 3 (Last Run: ‎6/‎9/‎2026 2:27 PM)."
"09-06-2026 12:24:52","800","Information","Microsoft-Windows-TaskScheduler","Maintenance state changed to 1 (Last Run: ‎6/‎9/‎2026 12:24 PM)."
"09-06-2026 12:24:44","800","Information","Microsoft-Windows-TaskScheduler","Maintenance state changed to 3 (Last Run: ‎6/‎9/‎2026 12:24 PM)."
"09-06-2026 10:29:20","800","Information","Microsoft-Windows-TaskScheduler","Maintenance state changed to 1 (Last Run: ‎6/‎9/‎2026 10:29 AM)."
"09-06-2026 10:28:28","800","Information","Microsoft-Windows-TaskScheduler","Maintenance state changed to 3 (Last Run: ‎6/‎9/‎2026 10:28 AM)."
"09-06-2026 10:28:27","800","Information","Microsoft-Windows-TaskScheduler","Maintenance state changed to 1 (Last Run: ‎6/‎9/‎2026 10:28 AM)."
"09-06-2026 10:28:19","800","Information","Microsoft-Windows-TaskScheduler","Maintenance state changed to 3 (Last Run: ‎6/‎9/‎2026 10:28 AM)."
"09-06-2026 10:27:50","800","Information","Microsoft-Windows-TaskScheduler","Maintenance state changed to 1 (Last Run: ‎6/‎9/‎2026 10:27 AM)."
"09-06-2026 10:27:48","800","Information","Microsoft-Windows-TaskScheduler","Maintenance state changed to 3 (Last Run: ‎6/‎9/‎2026 10:27 AM)."
"09-06-2026 10:01:54","800","Information","Microsoft-Windows-TaskScheduler","Maintenance state changed to 1 (Last Run: ‎6/‎9/‎2026 10:01 AM)."
"09-06-2026 10:01:54","800","Information","Microsoft-Windows-TaskScheduler","Maintenance state changed to 3 (Last Run: ‎6/‎9/‎2026 10:01 AM)."
"08-06-2026 13:36:10","800","Information","Microsoft-Windows-TaskScheduler","Maintenance state changed to 1 (Last Run: ‎6/‎8/‎2026 1:36 PM)."
"08-06-2026 13:34:09","800","Information","Microsoft-Windows-TaskScheduler","Maintenance state changed to 3 (Last Run: ‎6/‎8/‎2026 1:34 PM)."
"08-06-2026 11:33:22","800","Information","Microsoft-Windows-TaskScheduler","Maintenance state changed to 1 (Last Run: ‎6/‎8/‎2026 11:33 AM)."
"08-06-2026 11:33:22","800","Information","Microsoft-Windows-TaskScheduler","Maintenance state changed to 3 (Last Run: ‎6/‎8/‎2026 11:33 AM)."
"08-06-2026 10:00:14","800","Information","Microsoft-Windows-TaskScheduler","Maintenance state changed to 1 (Last Run: ‎6/‎8/‎2026 10:00 AM)."
"08-06-2026 10:00:14","800","Information","Microsoft-Windows-TaskScheduler","Maintenance state changed to 3 (Last Run: ‎6/‎8/‎2026 10:00 AM)."
"08-06-2026 09:59:14","800","Information","Microsoft-Windows-TaskScheduler","Maintenance state changed to 1 (Last Run: ‎6/‎8/‎2026 9:59 AM)."
"08-06-2026 09:59:13","800","Information","Microsoft-Windows-TaskScheduler","Maintenance state changed to 3 (Last Run: ‎6/‎8/‎2026 9:59 AM)."
"08-06-2026 04:49:31","800","Information","Microsoft-Windows-TaskScheduler","Maintenance state changed to 1 (Last Run: ‎6/‎8/‎2026 4:49 AM)."
"08-06-2026 04:48:22","800","Information","Microsoft-Windows-TaskScheduler","Maintenance state changed to 3 (Last Run: ‎6/‎8/‎2026 4:48 AM)."
"08-06-2026 04:48:21","800","Information","Microsoft-Windows-TaskScheduler","Maintenance state changed to 1 (Last Run: ‎6/‎8/‎2026 4:48 AM)."
"08-06-2026 04:46:44","800","Information","Microsoft-Windows-TaskScheduler","Maintenance state changed to 3 (Last Run: ‎6/‎8/‎2026 4:46 AM)."
"07-06-2026 04:55:03","800","Information","Microsoft-Windows-TaskScheduler","Maintenance state changed to 1 (Last Run: ‎6/‎7/‎2026 4:55 AM)."
"07-06-2026 04:55:02","800","Information","Microsoft-Windows-TaskScheduler","Maintenance state changed to 3 (Last Run: ‎6/‎7/‎2026 4:55 AM)."
"07-06-2026 04:55:01","800","Information","Microsoft-Windows-TaskScheduler","Maintenance state changed to 1 (Last Run: ‎6/‎7/‎2026 4:55 AM)."
"07-06-2026 04:53:52","800","Information","Microsoft-Windows-TaskScheduler","Maintenance state changed to 3 (Last Run: ‎6/‎7/‎2026 4:53 AM)."
"07-06-2026 04:53:51","800","Information","Microsoft-Windows-TaskScheduler","Maintenance state changed to 1 (Last Run: ‎6/‎7/‎2026 4:53 AM)."
