"25-06-2026 03:16:33","25","Information","Microsoft-Windows-Audio","Stream stopped.
App Id: Microsoft.Windows.ShellExperienceHost_cw5n1h2txyewy!App
PID: 31892
Audio Stream Category: 5"
"25-06-2026 03:16:31","24","Information","Microsoft-Windows-Audio","Stream started.
App Id: Microsoft.Windows.ShellExperienceHost_cw5n1h2txyewy!App
PID: 31892
Audio Stream Category: 5"
"24-06-2026 18:45:02","25","Information","Microsoft-Windows-Audio","Stream stopped.
App Id: Microsoft.Windows.ShellExperienceHost_cw5n1h2txyewy!App
PID: 31892
Audio Stream Category: 5"
"24-06-2026 18:45:00","24","Information","Microsoft-Windows-Audio","Stream started.
App Id: Microsoft.Windows.ShellExperienceHost_cw5n1h2txyewy!App
PID: 31892
Audio Stream Category: 5"
"24-06-2026 18:34:01","25","Information","Microsoft-Windows-Audio","Stream stopped.
App Id: Microsoft.Windows.ShellExperienceHost_cw5n1h2txyewy!App
PID: 31892
Audio Stream Category: 5"
"24-06-2026 18:33:59","24","Information","Microsoft-Windows-Audio","Stream started.
App Id: Microsoft.Windows.ShellExperienceHost_cw5n1h2txyewy!App
PID: 31892
Audio Stream Category: 5"
"24-06-2026 18:31:29","25","Information","Microsoft-Windows-Audio","Stream stopped.
App Id: Microsoft.Windows.ShellExperienceHost_cw5n1h2txyewy!App
PID: 31892
Audio Stream Category: 5"
"24-06-2026 18:31:27","24","Information","Microsoft-Windows-Audio","Stream started.
App Id: Microsoft.Windows.ShellExperienceHost_cw5n1h2txyewy!App
PID: 31892
Audio Stream Category: 5"
"24-06-2026 17:28:28","25","Information","Microsoft-Windows-Audio","Stream stopped.
App Id: Microsoft.Windows.ShellExperienceHost_cw5n1h2txyewy!App
PID: 31892
Audio Stream Category: 5"
"24-06-2026 17:28:26","24","Information","Microsoft-Windows-Audio","Stream started.
App Id: Microsoft.Windows.ShellExperienceHost_cw5n1h2txyewy!App
PID: 31892
Audio Stream Category: 5"
"24-06-2026 17:19:52","25","Information","Microsoft-Windows-Audio","Stream stopped.
App Id: Microsoft.Windows.ShellExperienceHost_cw5n1h2txyewy!App
PID: 31892
Audio Stream Category: 5"
"24-06-2026 17:19:50","24","Information","Microsoft-Windows-Audio","Stream started.
App Id: Microsoft.Windows.ShellExperienceHost_cw5n1h2txyewy!App
PID: 31892
Audio Stream Category: 5"
"24-06-2026 17:19:38","25","Information","Microsoft-Windows-Audio","Stream stopped.
App Id: Microsoft.Windows.ShellExperienceHost_cw5n1h2txyewy!App
PID: 31892
Audio Stream Category: 5"
"24-06-2026 17:19:36","24","Information","Microsoft-Windows-Audio","Stream started.
App Id: Microsoft.Windows.ShellExperienceHost_cw5n1h2txyewy!App
PID: 31892
Audio Stream Category: 5"
"24-06-2026 16:48:56","25","Information","Microsoft-Windows-Audio","Stream stopped.
App Id: Microsoft.Windows.ShellExperienceHost_cw5n1h2txyewy!App
PID: 31892
Audio Stream Category: 5"
"24-06-2026 16:48:54","24","Information","Microsoft-Windows-Audio","Stream started.
App Id: Microsoft.Windows.ShellExperienceHost_cw5n1h2txyewy!App
PID: 31892
Audio Stream Category: 5"
"24-06-2026 16:46:28","25","Information","Microsoft-Windows-Audio","Stream stopped.
App Id: Microsoft.Windows.ShellExperienceHost_cw5n1h2txyewy!App
PID: 31892
Audio Stream Category: 5"
"24-06-2026 16:46:26","24","Information","Microsoft-Windows-Audio","Stream started.
App Id: Microsoft.Windows.ShellExperienceHost_cw5n1h2txyewy!App
PID: 31892
Audio Stream Category: 5"
"24-06-2026 16:24:30","25","Information","Microsoft-Windows-Audio","Stream stopped.
App Id: Microsoft.Windows.ShellExperienceHost_cw5n1h2txyewy!App
PID: 31892
Audio Stream Category: 5"
"24-06-2026 16:24:28","24","Information","Microsoft-Windows-Audio","Stream started.
App Id: Microsoft.Windows.ShellExperienceHost_cw5n1h2txyewy!App
PID: 31892
Audio Stream Category: 5"
"24-06-2026 16:21:18","25","Information","Microsoft-Windows-Audio","Stream stopped.
App Id: Microsoft.Windows.ShellExperienceHost_cw5n1h2txyewy!App
PID: 31892
Audio Stream Category: 5"
"24-06-2026 16:21:16","24","Information","Microsoft-Windows-Audio","Stream started.
App Id: Microsoft.Windows.ShellExperienceHost_cw5n1h2txyewy!App
PID: 31892
Audio Stream Category: 5"
"24-06-2026 15:57:53","25","Information","Microsoft-Windows-Audio","Stream stopped.
App Id: Microsoft.Windows.ShellExperienceHost_cw5n1h2txyewy!App
PID: 31892
Audio Stream Category: 5"
"24-06-2026 15:57:51","24","Information","Microsoft-Windows-Audio","Stream started.
App Id: Microsoft.Windows.ShellExperienceHost_cw5n1h2txyewy!App
PID: 31892
Audio Stream Category: 5"
"24-06-2026 15:48:09","25","Information","Microsoft-Windows-Audio","Stream stopped.
App Id: Microsoft.Windows.ShellExperienceHost_cw5n1h2txyewy!App
PID: 31892
Audio Stream Category: 5"
"24-06-2026 15:48:08","24","Information","Microsoft-Windows-Audio","Stream started.
App Id: Microsoft.Windows.ShellExperienceHost_cw5n1h2txyewy!App
PID: 31892
Audio Stream Category: 5"
"24-06-2026 15:47:53","25","Information","Microsoft-Windows-Audio","Stream stopped.
App Id: Microsoft.Windows.ShellExperienceHost_cw5n1h2txyewy!App
PID: 31892
Audio Stream Category: 5"
"24-06-2026 15:47:51","24","Information","Microsoft-Windows-Audio","Stream started.
App Id: Microsoft.Windows.ShellExperienceHost_cw5n1h2txyewy!App
PID: 31892
Audio Stream Category: 5"
"24-06-2026 13:03:04","25","Information","Microsoft-Windows-Audio","Stream stopped.
App Id: Microsoft.Windows.ShellExperienceHost_cw5n1h2txyewy!App
PID: 31892
Audio Stream Category: 5"
"24-06-2026 13:03:03","24","Information","Microsoft-Windows-Audio","Stream started.
App Id: Microsoft.Windows.ShellExperienceHost_cw5n1h2txyewy!App
PID: 31892
Audio Stream Category: 5"
"24-06-2026 11:55:15","25","Information","Microsoft-Windows-Audio","Stream stopped.
App Id: Microsoft.Windows.ShellExperienceHost_cw5n1h2txyewy!App
PID: 31892
Audio Stream Category: 5"
"24-06-2026 11:55:14","24","Information","Microsoft-Windows-Audio","Stream started.
App Id: Microsoft.Windows.ShellExperienceHost_cw5n1h2txyewy!App
PID: 31892
Audio Stream Category: 5"
"24-06-2026 11:49:49","25","Information","Microsoft-Windows-Audio","Stream stopped.
App Id: Microsoft.Windows.ShellExperienceHost_cw5n1h2txyewy!App
PID: 31892
Audio Stream Category: 5"
"24-06-2026 11:49:47","24","Information","Microsoft-Windows-Audio","Stream started.
App Id: Microsoft.Windows.ShellExperienceHost_cw5n1h2txyewy!App
PID: 31892
Audio Stream Category: 5"
"24-06-2026 11:46:34","25","Information","Microsoft-Windows-Audio","Stream stopped.
App Id: Microsoft.Windows.ShellExperienceHost_cw5n1h2txyewy!App
PID: 31892
Audio Stream Category: 5"
"24-06-2026 11:46:32","24","Information","Microsoft-Windows-Audio","Stream started.
App Id: Microsoft.Windows.ShellExperienceHost_cw5n1h2txyewy!App
PID: 31892
Audio Stream Category: 5"
"24-06-2026 11:31:41","25","Information","Microsoft-Windows-Audio","Stream stopped.
App Id: Microsoft.Windows.ShellExperienceHost_cw5n1h2txyewy!App
PID: 31892
Audio Stream Category: 5"
"24-06-2026 11:31:39","24","Information","Microsoft-Windows-Audio","Stream started.
App Id: Microsoft.Windows.ShellExperienceHost_cw5n1h2txyewy!App
PID: 31892
Audio Stream Category: 5"
"24-06-2026 10:44:05","25","Information","Microsoft-Windows-Audio","Stream stopped.
App Id: Microsoft.Windows.ShellExperienceHost_cw5n1h2txyewy!App
PID: 31892
Audio Stream Category: 5"
"24-06-2026 10:44:04","24","Information","Microsoft-Windows-Audio","Stream started.
App Id: Microsoft.Windows.ShellExperienceHost_cw5n1h2txyewy!App
PID: 31892
Audio Stream Category: 5"
"24-06-2026 10:42:49","25","Information","Microsoft-Windows-Audio","Stream stopped.
App Id: Microsoft.Windows.ShellExperienceHost_cw5n1h2txyewy!App
PID: 31892
Audio Stream Category: 5"
"24-06-2026 10:42:47","24","Information","Microsoft-Windows-Audio","Stream started.
App Id: Microsoft.Windows.ShellExperienceHost_cw5n1h2txyewy!App
PID: 31892
Audio Stream Category: 5"
"24-06-2026 10:42:21","25","Information","Microsoft-Windows-Audio","Stream stopped.
App Id: Microsoft.Windows.ShellExperienceHost_cw5n1h2txyewy!App
PID: 31892
Audio Stream Category: 5"
"24-06-2026 10:42:19","24","Information","Microsoft-Windows-Audio","Stream started.
App Id: Microsoft.Windows.ShellExperienceHost_cw5n1h2txyewy!App
PID: 31892
Audio Stream Category: 5"
"23-06-2026 15:34:16","25","Information","Microsoft-Windows-Audio","Stream stopped.
App Id: Microsoft.Windows.ShellExperienceHost_cw5n1h2txyewy!App
PID: 31892
Audio Stream Category: 5"
"23-06-2026 15:34:14","24","Information","Microsoft-Windows-Audio","Stream started.
App Id: Microsoft.Windows.ShellExperienceHost_cw5n1h2txyewy!App
PID: 31892
Audio Stream Category: 5"
"23-06-2026 14:26:18","25","Information","Microsoft-Windows-Audio","Stream stopped.
App Id: Microsoft.Windows.ShellExperienceHost_cw5n1h2txyewy!App
PID: 31892
Audio Stream Category: 5"
"23-06-2026 14:26:16","24","Information","Microsoft-Windows-Audio","Stream started.
App Id: Microsoft.Windows.ShellExperienceHost_cw5n1h2txyewy!App
PID: 31892
Audio Stream Category: 5"
"23-06-2026 14:03:54","25","Information","Microsoft-Windows-Audio","Stream stopped.
App Id: Microsoft.Windows.ShellExperienceHost_cw5n1h2txyewy!App
PID: 31892
Audio Stream Category: 5"
"23-06-2026 14:03:52","24","Information","Microsoft-Windows-Audio","Stream started.
App Id: Microsoft.Windows.ShellExperienceHost_cw5n1h2txyewy!App
PID: 31892
Audio Stream Category: 5"
"23-06-2026 13:44:46","25","Information","Microsoft-Windows-Audio","Stream stopped.
App Id: Microsoft.Windows.ShellExperienceHost_cw5n1h2txyewy!App
PID: 31892
Audio Stream Category: 5"
"23-06-2026 13:44:45","24","Information","Microsoft-Windows-Audio","Stream started.
App Id: Microsoft.Windows.ShellExperienceHost_cw5n1h2txyewy!App
PID: 31892
Audio Stream Category: 5"
"23-06-2026 13:35:05","25","Information","Microsoft-Windows-Audio","Stream stopped.
App Id: Microsoft.Windows.ShellExperienceHost_cw5n1h2txyewy!App
PID: 31892
Audio Stream Category: 5"
"23-06-2026 13:35:03","24","Information","Microsoft-Windows-Audio","Stream started.
App Id: Microsoft.Windows.ShellExperienceHost_cw5n1h2txyewy!App
PID: 31892
Audio Stream Category: 5"
"23-06-2026 13:16:02","25","Information","Microsoft-Windows-Audio","Stream stopped.
App Id: Microsoft.Windows.ShellExperienceHost_cw5n1h2txyewy!App
PID: 31892
Audio Stream Category: 5"
"23-06-2026 13:16:00","24","Information","Microsoft-Windows-Audio","Stream started.
App Id: Microsoft.Windows.ShellExperienceHost_cw5n1h2txyewy!App
PID: 31892
Audio Stream Category: 5"
"23-06-2026 12:53:32","25","Information","Microsoft-Windows-Audio","Stream stopped.
App Id: Microsoft.Windows.ShellExperienceHost_cw5n1h2txyewy!App
PID: 31892
Audio Stream Category: 5"
"23-06-2026 12:53:31","24","Information","Microsoft-Windows-Audio","Stream started.
App Id: Microsoft.Windows.ShellExperienceHost_cw5n1h2txyewy!App
PID: 31892
Audio Stream Category: 5"
"23-06-2026 12:16:01","25","Information","Microsoft-Windows-Audio","Stream stopped.
App Id: Microsoft.Windows.ShellExperienceHost_cw5n1h2txyewy!App
PID: 31892
Audio Stream Category: 5"
"23-06-2026 12:15:59","24","Information","Microsoft-Windows-Audio","Stream started.
App Id: Microsoft.Windows.ShellExperienceHost_cw5n1h2txyewy!App
PID: 31892
Audio Stream Category: 5"
"23-06-2026 11:59:20","25","Information","Microsoft-Windows-Audio","Stream stopped.
App Id: Microsoft.Windows.ShellExperienceHost_cw5n1h2txyewy!App
PID: 31892
Audio Stream Category: 5"
"23-06-2026 11:59:19","24","Information","Microsoft-Windows-Audio","Stream started.
App Id: Microsoft.Windows.ShellExperienceHost_cw5n1h2txyewy!App
PID: 31892
Audio Stream Category: 5"
"23-06-2026 11:43:46","25","Information","Microsoft-Windows-Audio","Stream stopped.
App Id: Microsoft.Windows.ShellExperienceHost_cw5n1h2txyewy!App
PID: 31892
Audio Stream Category: 5"
"23-06-2026 11:43:44","24","Information","Microsoft-Windows-Audio","Stream started.
App Id: Microsoft.Windows.ShellExperienceHost_cw5n1h2txyewy!App
PID: 31892
Audio Stream Category: 5"
"23-06-2026 11:07:10","25","Information","Microsoft-Windows-Audio","Stream stopped.
App Id: Microsoft.Windows.ShellExperienceHost_cw5n1h2txyewy!App
PID: 31892
Audio Stream Category: 5"
"23-06-2026 11:07:08","24","Information","Microsoft-Windows-Audio","Stream started.
App Id: Microsoft.Windows.ShellExperienceHost_cw5n1h2txyewy!App
PID: 31892
Audio Stream Category: 5"
"23-06-2026 10:42:00","25","Information","Microsoft-Windows-Audio","Stream stopped.
App Id: Microsoft.Windows.ShellExperienceHost_cw5n1h2txyewy!App
PID: 31892
Audio Stream Category: 5"
"23-06-2026 10:41:58","24","Information","Microsoft-Windows-Audio","Stream started.
App Id: Microsoft.Windows.ShellExperienceHost_cw5n1h2txyewy!App
PID: 31892
Audio Stream Category: 5"
"23-06-2026 10:22:11","25","Information","Microsoft-Windows-Audio","Stream stopped.
App Id: Microsoft.Windows.ShellExperienceHost_cw5n1h2txyewy!App
PID: 31892
Audio Stream Category: 5"
"23-06-2026 10:22:09","24","Information","Microsoft-Windows-Audio","Stream started.
App Id: Microsoft.Windows.ShellExperienceHost_cw5n1h2txyewy!App
PID: 31892
Audio Stream Category: 5"
"23-06-2026 09:50:32","25","Information","Microsoft-Windows-Audio","Stream stopped.
App Id: Microsoft.Windows.ShellExperienceHost_cw5n1h2txyewy!App
PID: 31892
Audio Stream Category: 5"
"23-06-2026 09:50:30","24","Information","Microsoft-Windows-Audio","Stream started.
App Id: Microsoft.Windows.ShellExperienceHost_cw5n1h2txyewy!App
PID: 31892
Audio Stream Category: 5"
"23-06-2026 09:50:15","25","Information","Microsoft-Windows-Audio","Stream stopped.
App Id: Microsoft.Windows.ShellExperienceHost_cw5n1h2txyewy!App
PID: 31892
Audio Stream Category: 5"
"23-06-2026 09:50:13","24","Information","Microsoft-Windows-Audio","Stream started.
App Id: Microsoft.Windows.ShellExperienceHost_cw5n1h2txyewy!App
PID: 31892
Audio Stream Category: 5"
"23-06-2026 09:50:06","25","Information","Microsoft-Windows-Audio","Stream stopped.
App Id: Microsoft.Windows.ShellExperienceHost_cw5n1h2txyewy!App
PID: 31892
Audio Stream Category: 5"
"23-06-2026 09:50:04","24","Information","Microsoft-Windows-Audio","Stream started.
App Id: Microsoft.Windows.ShellExperienceHost_cw5n1h2txyewy!App
PID: 31892
Audio Stream Category: 5"
"23-06-2026 09:03:47","25","Information","Microsoft-Windows-Audio","Stream stopped.
App Id: Microsoft.Windows.ShellExperienceHost_cw5n1h2txyewy!App
PID: 31892
Audio Stream Category: 5"
"23-06-2026 09:03:45","24","Information","Microsoft-Windows-Audio","Stream started.
App Id: Microsoft.Windows.ShellExperienceHost_cw5n1h2txyewy!App
PID: 31892
Audio Stream Category: 5"
"23-06-2026 09:01:09","25","Information","Microsoft-Windows-Audio","Stream stopped.
App Id: Microsoft.Windows.ShellExperienceHost_cw5n1h2txyewy!App
PID: 21768
Audio Stream Category: 5"
"23-06-2026 09:01:08","24","Information","Microsoft-Windows-Audio","Stream started.
App Id: Microsoft.Windows.ShellExperienceHost_cw5n1h2txyewy!App
PID: 21768
Audio Stream Category: 5"
"22-06-2026 17:55:46","25","Information","Microsoft-Windows-Audio","Stream stopped.
App Id: Microsoft.Windows.ShellExperienceHost_cw5n1h2txyewy!App
PID: 19404
Audio Stream Category: 5"
"22-06-2026 17:55:44","24","Information","Microsoft-Windows-Audio","Stream started.
App Id: Microsoft.Windows.ShellExperienceHost_cw5n1h2txyewy!App
PID: 19404
Audio Stream Category: 5"
"22-06-2026 17:39:52","25","Information","Microsoft-Windows-Audio","Stream stopped.
App Id: Microsoft.Windows.ShellExperienceHost_cw5n1h2txyewy!App
PID: 19404
Audio Stream Category: 5"
"22-06-2026 17:39:51","24","Information","Microsoft-Windows-Audio","Stream started.
App Id: Microsoft.Windows.ShellExperienceHost_cw5n1h2txyewy!App
PID: 19404
Audio Stream Category: 5"
"22-06-2026 17:32:29","25","Information","Microsoft-Windows-Audio","Stream stopped.
App Id: Microsoft.Windows.ShellExperienceHost_cw5n1h2txyewy!App
PID: 19404
Audio Stream Category: 5"
"22-06-2026 17:32:27","24","Information","Microsoft-Windows-Audio","Stream started.
App Id: Microsoft.Windows.ShellExperienceHost_cw5n1h2txyewy!App
PID: 19404
Audio Stream Category: 5"
"22-06-2026 16:57:34","25","Information","Microsoft-Windows-Audio","Stream stopped.
App Id: Microsoft.Windows.ShellExperienceHost_cw5n1h2txyewy!App
PID: 19404
Audio Stream Category: 5"
"22-06-2026 16:57:32","24","Information","Microsoft-Windows-Audio","Stream started.
App Id: Microsoft.Windows.ShellExperienceHost_cw5n1h2txyewy!App
PID: 19404
Audio Stream Category: 5"
"22-06-2026 16:47:17","25","Information","Microsoft-Windows-Audio","Stream stopped.
App Id: Microsoft.Windows.ShellExperienceHost_cw5n1h2txyewy!App
PID: 19404
Audio Stream Category: 5"
"22-06-2026 16:47:15","24","Information","Microsoft-Windows-Audio","Stream started.
App Id: Microsoft.Windows.ShellExperienceHost_cw5n1h2txyewy!App
PID: 19404
Audio Stream Category: 5"
"22-06-2026 16:27:31","25","Information","Microsoft-Windows-Audio","Stream stopped.
App Id: Microsoft.Windows.ShellExperienceHost_cw5n1h2txyewy!App
PID: 19404
Audio Stream Category: 5"
"22-06-2026 16:27:29","24","Information","Microsoft-Windows-Audio","Stream started.
App Id: Microsoft.Windows.ShellExperienceHost_cw5n1h2txyewy!App
PID: 19404
Audio Stream Category: 5"
"22-06-2026 15:40:01","25","Information","Microsoft-Windows-Audio","Stream stopped.
App Id: Microsoft.Windows.ShellExperienceHost_cw5n1h2txyewy!App
PID: 19404
Audio Stream Category: 5"
"22-06-2026 15:39:59","24","Information","Microsoft-Windows-Audio","Stream started.
App Id: Microsoft.Windows.ShellExperienceHost_cw5n1h2txyewy!App
PID: 19404
Audio Stream Category: 5"
"22-06-2026 15:21:14","25","Information","Microsoft-Windows-Audio","Stream stopped.
App Id: Microsoft.Windows.ShellExperienceHost_cw5n1h2txyewy!App
PID: 19404
Audio Stream Category: 5"
"22-06-2026 15:21:12","24","Information","Microsoft-Windows-Audio","Stream started.
App Id: Microsoft.Windows.ShellExperienceHost_cw5n1h2txyewy!App
PID: 19404
Audio Stream Category: 5"
"22-06-2026 14:36:07","25","Information","Microsoft-Windows-Audio","Stream stopped.
App Id: Microsoft.Windows.ShellExperienceHost_cw5n1h2txyewy!App
PID: 19404
Audio Stream Category: 5"
"22-06-2026 14:36:05","24","Information","Microsoft-Windows-Audio","Stream started.
App Id: Microsoft.Windows.ShellExperienceHost_cw5n1h2txyewy!App
PID: 19404
Audio Stream Category: 5"
"22-06-2026 14:25:03","25","Information","Microsoft-Windows-Audio","Stream stopped.
App Id: Microsoft.Windows.ShellExperienceHost_cw5n1h2txyewy!App
PID: 19404
Audio Stream Category: 5"
"22-06-2026 14:25:01","24","Information","Microsoft-Windows-Audio","Stream started.
App Id: Microsoft.Windows.ShellExperienceHost_cw5n1h2txyewy!App
PID: 19404
Audio Stream Category: 5"
"22-06-2026 14:15:01","25","Information","Microsoft-Windows-Audio","Stream stopped.
App Id: Microsoft.Windows.ShellExperienceHost_cw5n1h2txyewy!App
PID: 19404
Audio Stream Category: 5"
"22-06-2026 14:15:00","24","Information","Microsoft-Windows-Audio","Stream started.
App Id: Microsoft.Windows.ShellExperienceHost_cw5n1h2txyewy!App
PID: 19404
Audio Stream Category: 5"
"22-06-2026 14:14:26","25","Information","Microsoft-Windows-Audio","Stream stopped.
App Id: Microsoft.Windows.ShellExperienceHost_cw5n1h2txyewy!App
PID: 19404
Audio Stream Category: 5"
"22-06-2026 14:14:26","24","Information","Microsoft-Windows-Audio","Stream started.
App Id: Microsoft.Windows.ShellExperienceHost_cw5n1h2txyewy!App
PID: 19404
Audio Stream Category: 5"
"22-06-2026 14:14:23","25","Information","Microsoft-Windows-Audio","Stream stopped.
App Id: Microsoft.Windows.ShellExperienceHost_cw5n1h2txyewy!App
PID: 19404
Audio Stream Category: 5"
"22-06-2026 14:14:23","24","Information","Microsoft-Windows-Audio","Stream started.
App Id: Microsoft.Windows.ShellExperienceHost_cw5n1h2txyewy!App
PID: 19404
Audio Stream Category: 5"
"22-06-2026 14:14:20","25","Information","Microsoft-Windows-Audio","Stream stopped.
App Id: Microsoft.Windows.ShellExperienceHost_cw5n1h2txyewy!App
PID: 19404
Audio Stream Category: 5"
"22-06-2026 14:14:19","24","Information","Microsoft-Windows-Audio","Stream started.
App Id: Microsoft.Windows.ShellExperienceHost_cw5n1h2txyewy!App
PID: 19404
Audio Stream Category: 5"
"22-06-2026 14:14:15","25","Information","Microsoft-Windows-Audio","Stream stopped.
App Id: Microsoft.Windows.ShellExperienceHost_cw5n1h2txyewy!App
PID: 19404
Audio Stream Category: 5"
"22-06-2026 14:14:14","24","Information","Microsoft-Windows-Audio","Stream started.
App Id: Microsoft.Windows.ShellExperienceHost_cw5n1h2txyewy!App
PID: 19404
Audio Stream Category: 5"
"22-06-2026 14:14:10","25","Information","Microsoft-Windows-Audio","Stream stopped.
App Id: Microsoft.Windows.ShellExperienceHost_cw5n1h2txyewy!App
PID: 19404
Audio Stream Category: 5"
"22-06-2026 14:14:10","24","Information","Microsoft-Windows-Audio","Stream started.
App Id: Microsoft.Windows.ShellExperienceHost_cw5n1h2txyewy!App
PID: 19404
Audio Stream Category: 5"
"22-06-2026 14:14:07","25","Information","Microsoft-Windows-Audio","Stream stopped.
App Id: Microsoft.Windows.ShellExperienceHost_cw5n1h2txyewy!App
PID: 19404
Audio Stream Category: 5"
"22-06-2026 14:14:07","24","Information","Microsoft-Windows-Audio","Stream started.
App Id: Microsoft.Windows.ShellExperienceHost_cw5n1h2txyewy!App
PID: 19404
Audio Stream Category: 5"
"22-06-2026 14:13:26","25","Information","Microsoft-Windows-Audio","Stream stopped.
App Id: Microsoft.Windows.ShellExperienceHost_cw5n1h2txyewy!App
PID: 19404
Audio Stream Category: 5"
"22-06-2026 14:13:24","24","Information","Microsoft-Windows-Audio","Stream started.
App Id: Microsoft.Windows.ShellExperienceHost_cw5n1h2txyewy!App
PID: 19404
Audio Stream Category: 5"
"22-06-2026 14:11:13","25","Information","Microsoft-Windows-Audio","Stream stopped.
App Id: Microsoft.Windows.ShellExperienceHost_cw5n1h2txyewy!App
PID: 19404
Audio Stream Category: 5"
"22-06-2026 14:11:12","24","Information","Microsoft-Windows-Audio","Stream started.
App Id: Microsoft.Windows.ShellExperienceHost_cw5n1h2txyewy!App
PID: 19404
Audio Stream Category: 5"
"22-06-2026 10:52:09","25","Information","Microsoft-Windows-Audio","Stream stopped.
App Id: Microsoft.Windows.ShellExperienceHost_cw5n1h2txyewy!App
PID: 19404
Audio Stream Category: 5"
"22-06-2026 10:52:07","24","Information","Microsoft-Windows-Audio","Stream started.
App Id: Microsoft.Windows.ShellExperienceHost_cw5n1h2txyewy!App
PID: 19404
Audio Stream Category: 5"
"22-06-2026 10:49:27","25","Information","Microsoft-Windows-Audio","Stream stopped.
App Id: Microsoft.Windows.ShellExperienceHost_cw5n1h2txyewy!App
PID: 19404
Audio Stream Category: 5"
"22-06-2026 10:49:25","24","Information","Microsoft-Windows-Audio","Stream started.
App Id: Microsoft.Windows.ShellExperienceHost_cw5n1h2txyewy!App
PID: 19404
Audio Stream Category: 5"
"22-06-2026 10:49:20","25","Information","Microsoft-Windows-Audio","Stream stopped.
App Id: Microsoft.Windows.ShellExperienceHost_cw5n1h2txyewy!App
PID: 19404
Audio Stream Category: 5"
"22-06-2026 10:49:18","24","Information","Microsoft-Windows-Audio","Stream started.
App Id: Microsoft.Windows.ShellExperienceHost_cw5n1h2txyewy!App
PID: 19404
Audio Stream Category: 5"
"22-06-2026 10:31:15","25","Information","Microsoft-Windows-Audio","Stream stopped.
App Id: Microsoft.Windows.ShellExperienceHost_cw5n1h2txyewy!App
PID: 19404
Audio Stream Category: 5"
"22-06-2026 10:31:13","24","Information","Microsoft-Windows-Audio","Stream started.
App Id: Microsoft.Windows.ShellExperienceHost_cw5n1h2txyewy!App
PID: 19404
Audio Stream Category: 5"
"22-06-2026 09:50:04","25","Information","Microsoft-Windows-Audio","Stream stopped.
App Id: Microsoft.Windows.ShellExperienceHost_cw5n1h2txyewy!App
PID: 19404
Audio Stream Category: 5"
"22-06-2026 09:50:03","24","Information","Microsoft-Windows-Audio","Stream started.
App Id: Microsoft.Windows.ShellExperienceHost_cw5n1h2txyewy!App
PID: 19404
Audio Stream Category: 5"
"22-06-2026 08:55:41","23","Information","Microsoft-Windows-Audio","Released exclusive mode resource false
Released offload mode resource false"
"22-06-2026 08:51:52","25","Information","Microsoft-Windows-Audio","Stream stopped.
App Id: Microsoft.Windows.ShellExperienceHost_cw5n1h2txyewy!App
PID: 19404
Audio Stream Category: 5"
"22-06-2026 08:51:51","24","Information","Microsoft-Windows-Audio","Stream started.
App Id: Microsoft.Windows.ShellExperienceHost_cw5n1h2txyewy!App
PID: 19404
Audio Stream Category: 5"
"19-06-2026 19:12:18","25","Information","Microsoft-Windows-Audio","Stream stopped.
App Id: Microsoft.Windows.ShellExperienceHost_cw5n1h2txyewy!App
PID: 19404
Audio Stream Category: 5"
"19-06-2026 19:12:16","24","Information","Microsoft-Windows-Audio","Stream started.
App Id: Microsoft.Windows.ShellExperienceHost_cw5n1h2txyewy!App
PID: 19404
Audio Stream Category: 5"
"19-06-2026 17:33:00","25","Information","Microsoft-Windows-Audio","Stream stopped.
App Id: Microsoft.Windows.ShellExperienceHost_cw5n1h2txyewy!App
PID: 19404
Audio Stream Category: 5"
"19-06-2026 17:32:58","24","Information","Microsoft-Windows-Audio","Stream started.
App Id: Microsoft.Windows.ShellExperienceHost_cw5n1h2txyewy!App
PID: 19404
Audio Stream Category: 5"
"19-06-2026 15:41:51","23","Information","Microsoft-Windows-Audio","Released exclusive mode resource false
Released offload mode resource false"
"19-06-2026 15:41:51","23","Information","Microsoft-Windows-Audio","Released exclusive mode resource false
Released offload mode resource false"
"19-06-2026 15:41:51","23","Information","Microsoft-Windows-Audio","Released exclusive mode resource false
Released offload mode resource false"
"19-06-2026 15:34:02","25","Information","Microsoft-Windows-Audio","Stream stopped.
App Id: Microsoft.Windows.ShellExperienceHost_cw5n1h2txyewy!App
PID: 19404
Audio Stream Category: 5"
"19-06-2026 15:34:00","24","Information","Microsoft-Windows-Audio","Stream started.
App Id: Microsoft.Windows.ShellExperienceHost_cw5n1h2txyewy!App
PID: 19404
Audio Stream Category: 5"
"19-06-2026 15:00:55","25","Information","Microsoft-Windows-Audio","Stream stopped.
App Id: Microsoft.Windows.ShellExperienceHost_cw5n1h2txyewy!App
PID: 19404
Audio Stream Category: 5"
"19-06-2026 15:00:53","24","Information","Microsoft-Windows-Audio","Stream started.
App Id: Microsoft.Windows.ShellExperienceHost_cw5n1h2txyewy!App
PID: 19404
Audio Stream Category: 5"
"19-06-2026 14:29:03","25","Information","Microsoft-Windows-Audio","Stream stopped.
App Id: Microsoft.Windows.ShellExperienceHost_cw5n1h2txyewy!App
PID: 19404
Audio Stream Category: 5"
"19-06-2026 14:29:01","24","Information","Microsoft-Windows-Audio","Stream started.
App Id: Microsoft.Windows.ShellExperienceHost_cw5n1h2txyewy!App
PID: 19404
Audio Stream Category: 5"
"19-06-2026 13:59:42","25","Information","Microsoft-Windows-Audio","Stream stopped.
App Id: Microsoft.Windows.ShellExperienceHost_cw5n1h2txyewy!App
PID: 19404
Audio Stream Category: 5"
"19-06-2026 13:59:40","24","Information","Microsoft-Windows-Audio","Stream started.
App Id: Microsoft.Windows.ShellExperienceHost_cw5n1h2txyewy!App
PID: 19404
Audio Stream Category: 5"
"19-06-2026 13:55:02","25","Information","Microsoft-Windows-Audio","Stream stopped.
App Id: Microsoft.Windows.ShellExperienceHost_cw5n1h2txyewy!App
PID: 19404
Audio Stream Category: 5"
"19-06-2026 13:55:00","24","Information","Microsoft-Windows-Audio","Stream started.
App Id: Microsoft.Windows.ShellExperienceHost_cw5n1h2txyewy!App
PID: 19404
Audio Stream Category: 5"
"19-06-2026 13:10:03","25","Information","Microsoft-Windows-Audio","Stream stopped.
App Id: Microsoft.Windows.ShellExperienceHost_cw5n1h2txyewy!App
PID: 19404
Audio Stream Category: 5"
"19-06-2026 13:10:01","24","Information","Microsoft-Windows-Audio","Stream started.
App Id: Microsoft.Windows.ShellExperienceHost_cw5n1h2txyewy!App
PID: 19404
Audio Stream Category: 5"
"19-06-2026 13:04:07","25","Information","Microsoft-Windows-Audio","Stream stopped.
App Id: Microsoft.Windows.ShellExperienceHost_cw5n1h2txyewy!App
PID: 19404
Audio Stream Category: 5"
"19-06-2026 13:04:05","24","Information","Microsoft-Windows-Audio","Stream started.
App Id: Microsoft.Windows.ShellExperienceHost_cw5n1h2txyewy!App
PID: 19404
Audio Stream Category: 5"
"19-06-2026 12:47:16","25","Information","Microsoft-Windows-Audio","Stream stopped.
App Id: Microsoft.Windows.ShellExperienceHost_cw5n1h2txyewy!App
PID: 19404
Audio Stream Category: 5"
"19-06-2026 12:47:15","24","Information","Microsoft-Windows-Audio","Stream started.
App Id: Microsoft.Windows.ShellExperienceHost_cw5n1h2txyewy!App
PID: 19404
Audio Stream Category: 5"
"19-06-2026 12:45:10","25","Information","Microsoft-Windows-Audio","Stream stopped.
App Id: Microsoft.Windows.ShellExperienceHost_cw5n1h2txyewy!App
PID: 19404
Audio Stream Category: 5"
"19-06-2026 12:45:09","24","Information","Microsoft-Windows-Audio","Stream started.
App Id: Microsoft.Windows.ShellExperienceHost_cw5n1h2txyewy!App
PID: 19404
Audio Stream Category: 5"
"19-06-2026 12:44:41","25","Information","Microsoft-Windows-Audio","Stream stopped.
App Id: Microsoft.Windows.ShellExperienceHost_cw5n1h2txyewy!App
PID: 19404
Audio Stream Category: 5"
"19-06-2026 12:44:40","24","Information","Microsoft-Windows-Audio","Stream started.
App Id: Microsoft.Windows.ShellExperienceHost_cw5n1h2txyewy!App
PID: 19404
Audio Stream Category: 5"
"19-06-2026 11:48:16","25","Information","Microsoft-Windows-Audio","Stream stopped.
App Id: Microsoft.Windows.ShellExperienceHost_cw5n1h2txyewy!App
PID: 19404
Audio Stream Category: 5"
"19-06-2026 11:48:14","24","Information","Microsoft-Windows-Audio","Stream started.
App Id: Microsoft.Windows.ShellExperienceHost_cw5n1h2txyewy!App
PID: 19404
Audio Stream Category: 5"
"19-06-2026 11:27:21","25","Information","Microsoft-Windows-Audio","Stream stopped.
App Id: Microsoft.Windows.ShellExperienceHost_cw5n1h2txyewy!App
PID: 19404
Audio Stream Category: 5"
"19-06-2026 11:27:19","24","Information","Microsoft-Windows-Audio","Stream started.
App Id: Microsoft.Windows.ShellExperienceHost_cw5n1h2txyewy!App
PID: 19404
Audio Stream Category: 5"
"19-06-2026 11:27:18","25","Information","Microsoft-Windows-Audio","Stream stopped.
App Id: Microsoft.Windows.ShellExperienceHost_cw5n1h2txyewy!App
PID: 19404
Audio Stream Category: 5"
"19-06-2026 11:27:16","24","Information","Microsoft-Windows-Audio","Stream started.
App Id: Microsoft.Windows.ShellExperienceHost_cw5n1h2txyewy!App
PID: 19404
Audio Stream Category: 5"
"19-06-2026 11:27:11","25","Information","Microsoft-Windows-Audio","Stream stopped.
App Id: Microsoft.Windows.ShellExperienceHost_cw5n1h2txyewy!App
PID: 19404
Audio Stream Category: 5"
"19-06-2026 11:27:09","24","Information","Microsoft-Windows-Audio","Stream started.
App Id: Microsoft.Windows.ShellExperienceHost_cw5n1h2txyewy!App
PID: 19404
Audio Stream Category: 5"
"19-06-2026 11:23:53","25","Information","Microsoft-Windows-Audio","Stream stopped.
App Id: Microsoft.Windows.ShellExperienceHost_cw5n1h2txyewy!App
PID: 19404
Audio Stream Category: 5"
"19-06-2026 11:23:51","24","Information","Microsoft-Windows-Audio","Stream started.
App Id: Microsoft.Windows.ShellExperienceHost_cw5n1h2txyewy!App
PID: 19404
Audio Stream Category: 5"
"19-06-2026 11:14:08","25","Information","Microsoft-Windows-Audio","Stream stopped.
App Id: Microsoft.Windows.ShellExperienceHost_cw5n1h2txyewy!App
PID: 19404
Audio Stream Category: 5"
"19-06-2026 11:14:07","24","Information","Microsoft-Windows-Audio","Stream started.
App Id: Microsoft.Windows.ShellExperienceHost_cw5n1h2txyewy!App
PID: 19404
Audio Stream Category: 5"
"19-06-2026 11:07:31","25","Information","Microsoft-Windows-Audio","Stream stopped.
App Id: Microsoft.Windows.ShellExperienceHost_cw5n1h2txyewy!App
PID: 19404
Audio Stream Category: 5"
"19-06-2026 11:07:29","24","Information","Microsoft-Windows-Audio","Stream started.
App Id: Microsoft.Windows.ShellExperienceHost_cw5n1h2txyewy!App
PID: 19404
Audio Stream Category: 5"
"19-06-2026 10:58:16","25","Information","Microsoft-Windows-Audio","Stream stopped.
App Id: Microsoft.Windows.ShellExperienceHost_cw5n1h2txyewy!App
PID: 19404
Audio Stream Category: 5"
"19-06-2026 10:58:14","24","Information","Microsoft-Windows-Audio","Stream started.
App Id: Microsoft.Windows.ShellExperienceHost_cw5n1h2txyewy!App
PID: 19404
Audio Stream Category: 5"
"19-06-2026 10:50:47","25","Information","Microsoft-Windows-Audio","Stream stopped.
App Id: Microsoft.Windows.ShellExperienceHost_cw5n1h2txyewy!App
PID: 19404
Audio Stream Category: 5"
"19-06-2026 10:50:45","24","Information","Microsoft-Windows-Audio","Stream started.
App Id: Microsoft.Windows.ShellExperienceHost_cw5n1h2txyewy!App
PID: 19404
Audio Stream Category: 5"
"19-06-2026 10:41:44","25","Information","Microsoft-Windows-Audio","Stream stopped.
App Id: Microsoft.Windows.ShellExperienceHost_cw5n1h2txyewy!App
PID: 19404
Audio Stream Category: 5"
"19-06-2026 10:41:42","24","Information","Microsoft-Windows-Audio","Stream started.
App Id: Microsoft.Windows.ShellExperienceHost_cw5n1h2txyewy!App
PID: 19404
Audio Stream Category: 5"
"19-06-2026 10:39:43","25","Information","Microsoft-Windows-Audio","Stream stopped.
App Id: Microsoft.Windows.ShellExperienceHost_cw5n1h2txyewy!App
PID: 19404
Audio Stream Category: 5"
"19-06-2026 10:39:41","24","Information","Microsoft-Windows-Audio","Stream started.
App Id: Microsoft.Windows.ShellExperienceHost_cw5n1h2txyewy!App
PID: 19404
Audio Stream Category: 5"
"19-06-2026 10:20:31","25","Information","Microsoft-Windows-Audio","Stream stopped.
App Id: Microsoft.Windows.ShellExperienceHost_cw5n1h2txyewy!App
PID: 19404
Audio Stream Category: 5"
"19-06-2026 10:20:29","24","Information","Microsoft-Windows-Audio","Stream started.
App Id: Microsoft.Windows.ShellExperienceHost_cw5n1h2txyewy!App
PID: 19404
Audio Stream Category: 5"
"19-06-2026 10:18:14","23","Information","Microsoft-Windows-Audio","Released exclusive mode resource false
Released offload mode resource false"
"19-06-2026 09:58:03","25","Information","Microsoft-Windows-Audio","Stream stopped.
App Id: Microsoft.Windows.ShellExperienceHost_cw5n1h2txyewy!App
PID: 19404
Audio Stream Category: 5"
"19-06-2026 09:58:01","24","Information","Microsoft-Windows-Audio","Stream started.
App Id: Microsoft.Windows.ShellExperienceHost_cw5n1h2txyewy!App
PID: 19404
Audio Stream Category: 5"
"19-06-2026 09:57:56","25","Information","Microsoft-Windows-Audio","Stream stopped.
App Id: Microsoft.Windows.ShellExperienceHost_cw5n1h2txyewy!App
PID: 19404
Audio Stream Category: 5"
"19-06-2026 09:57:54","24","Information","Microsoft-Windows-Audio","Stream started.
App Id: Microsoft.Windows.ShellExperienceHost_cw5n1h2txyewy!App
PID: 19404
Audio Stream Category: 5"
"19-06-2026 09:55:53","25","Information","Microsoft-Windows-Audio","Stream stopped.
App Id: Microsoft.Windows.ShellExperienceHost_cw5n1h2txyewy!App
PID: 19404
Audio Stream Category: 5"
"19-06-2026 09:55:51","24","Information","Microsoft-Windows-Audio","Stream started.
App Id: Microsoft.Windows.ShellExperienceHost_cw5n1h2txyewy!App
PID: 19404
Audio Stream Category: 5"
"19-06-2026 09:40:10","25","Information","Microsoft-Windows-Audio","Stream stopped.
App Id: Microsoft.Windows.ShellExperienceHost_cw5n1h2txyewy!App
PID: 19404
Audio Stream Category: 5"
"19-06-2026 09:40:08","24","Information","Microsoft-Windows-Audio","Stream started.
App Id: Microsoft.Windows.ShellExperienceHost_cw5n1h2txyewy!App
PID: 19404
Audio Stream Category: 5"
"18-06-2026 18:59:15","25","Information","Microsoft-Windows-Audio","Stream stopped.
App Id: Microsoft.Windows.ShellExperienceHost_cw5n1h2txyewy!App
PID: 18644
Audio Stream Category: 5"
"18-06-2026 18:59:13","24","Information","Microsoft-Windows-Audio","Stream started.
App Id: Microsoft.Windows.ShellExperienceHost_cw5n1h2txyewy!App
PID: 18644
Audio Stream Category: 5"
"18-06-2026 17:21:00","25","Information","Microsoft-Windows-Audio","Stream stopped.
App Id: Microsoft.Windows.ShellExperienceHost_cw5n1h2txyewy!App
PID: 18644
Audio Stream Category: 5"
"18-06-2026 17:20:58","24","Information","Microsoft-Windows-Audio","Stream started.
App Id: Microsoft.Windows.ShellExperienceHost_cw5n1h2txyewy!App
PID: 18644
Audio Stream Category: 5"
"18-06-2026 16:59:18","25","Information","Microsoft-Windows-Audio","Stream stopped.
App Id: Microsoft.Windows.ShellExperienceHost_cw5n1h2txyewy!App
PID: 18644
Audio Stream Category: 5"
"18-06-2026 16:59:17","24","Information","Microsoft-Windows-Audio","Stream started.
App Id: Microsoft.Windows.ShellExperienceHost_cw5n1h2txyewy!App
PID: 18644
Audio Stream Category: 5"
"18-06-2026 16:51:51","25","Information","Microsoft-Windows-Audio","Stream stopped.
App Id: Microsoft.Windows.ShellExperienceHost_cw5n1h2txyewy!App
PID: 18644
Audio Stream Category: 5"
"18-06-2026 16:51:51","24","Information","Microsoft-Windows-Audio","Stream started.
App Id: Microsoft.Windows.ShellExperienceHost_cw5n1h2txyewy!App
PID: 18644
Audio Stream Category: 5"
"18-06-2026 16:20:19","25","Information","Microsoft-Windows-Audio","Stream stopped.
App Id: Microsoft.Windows.ShellExperienceHost_cw5n1h2txyewy!App
PID: 18644
Audio Stream Category: 5"
"18-06-2026 16:20:17","24","Information","Microsoft-Windows-Audio","Stream started.
App Id: Microsoft.Windows.ShellExperienceHost_cw5n1h2txyewy!App
PID: 18644
Audio Stream Category: 5"
"18-06-2026 16:09:07","25","Information","Microsoft-Windows-Audio","Stream stopped.
App Id: Microsoft.Windows.ShellExperienceHost_cw5n1h2txyewy!App
PID: 18644
Audio Stream Category: 5"
"18-06-2026 16:09:05","24","Information","Microsoft-Windows-Audio","Stream started.
App Id: Microsoft.Windows.ShellExperienceHost_cw5n1h2txyewy!App
PID: 18644
Audio Stream Category: 5"
"18-06-2026 15:53:43","25","Information","Microsoft-Windows-Audio","Stream stopped.
App Id: Microsoft.Windows.ShellExperienceHost_cw5n1h2txyewy!App
PID: 18644
Audio Stream Category: 5"
"18-06-2026 15:53:41","24","Information","Microsoft-Windows-Audio","Stream started.
App Id: Microsoft.Windows.ShellExperienceHost_cw5n1h2txyewy!App
PID: 18644
Audio Stream Category: 5"
"18-06-2026 15:34:28","25","Information","Microsoft-Windows-Audio","Stream stopped.
App Id: Microsoft.Windows.ShellExperienceHost_cw5n1h2txyewy!App
PID: 18644
Audio Stream Category: 5"
"18-06-2026 15:34:26","24","Information","Microsoft-Windows-Audio","Stream started.
App Id: Microsoft.Windows.ShellExperienceHost_cw5n1h2txyewy!App
PID: 18644
Audio Stream Category: 5"
"18-06-2026 14:29:06","25","Information","Microsoft-Windows-Audio","Stream stopped.
App Id: Microsoft.Windows.ShellExperienceHost_cw5n1h2txyewy!App
PID: 18644
Audio Stream Category: 5"
"18-06-2026 14:29:04","24","Information","Microsoft-Windows-Audio","Stream started.
App Id: Microsoft.Windows.ShellExperienceHost_cw5n1h2txyewy!App
PID: 18644
Audio Stream Category: 5"
"18-06-2026 14:16:46","23","Information","Microsoft-Windows-Audio","Released exclusive mode resource false
Released offload mode resource false"
"18-06-2026 14:11:58","25","Information","Microsoft-Windows-Audio","Stream stopped.
App Id: Microsoft.Windows.ShellExperienceHost_cw5n1h2txyewy!App
PID: 18644
Audio Stream Category: 5"
"18-06-2026 14:11:56","24","Information","Microsoft-Windows-Audio","Stream started.
App Id: Microsoft.Windows.ShellExperienceHost_cw5n1h2txyewy!App
PID: 18644
Audio Stream Category: 5"
"18-06-2026 12:35:28","25","Information","Microsoft-Windows-Audio","Stream stopped.
App Id: Microsoft.Windows.ShellExperienceHost_cw5n1h2txyewy!App
PID: 18644
Audio Stream Category: 5"
"18-06-2026 12:35:26","24","Information","Microsoft-Windows-Audio","Stream started.
App Id: Microsoft.Windows.ShellExperienceHost_cw5n1h2txyewy!App
PID: 18644
Audio Stream Category: 5"
"18-06-2026 11:00:51","25","Information","Microsoft-Windows-Audio","Stream stopped.
App Id: Microsoft.Windows.ShellExperienceHost_cw5n1h2txyewy!App
PID: 18644
Audio Stream Category: 5"
"18-06-2026 11:00:49","24","Information","Microsoft-Windows-Audio","Stream started.
App Id: Microsoft.Windows.ShellExperienceHost_cw5n1h2txyewy!App
PID: 18644
Audio Stream Category: 5"
"18-06-2026 10:52:28","25","Information","Microsoft-Windows-Audio","Stream stopped.
App Id: Microsoft.Windows.ShellExperienceHost_cw5n1h2txyewy!App
PID: 18644
Audio Stream Category: 5"
"18-06-2026 10:52:26","24","Information","Microsoft-Windows-Audio","Stream started.
App Id: Microsoft.Windows.ShellExperienceHost_cw5n1h2txyewy!App
PID: 18644
Audio Stream Category: 5"
"18-06-2026 10:01:12","25","Information","Microsoft-Windows-Audio","Stream stopped.
App Id: Microsoft.Windows.ShellExperienceHost_cw5n1h2txyewy!App
PID: 18644
Audio Stream Category: 5"
"18-06-2026 10:01:10","24","Information","Microsoft-Windows-Audio","Stream started.
App Id: Microsoft.Windows.ShellExperienceHost_cw5n1h2txyewy!App
PID: 18644
Audio Stream Category: 5"
"18-06-2026 09:40:49","25","Information","Microsoft-Windows-Audio","Stream stopped.
App Id: Microsoft.Windows.ShellExperienceHost_cw5n1h2txyewy!App
PID: 18644
Audio Stream Category: 5"
"18-06-2026 09:40:47","24","Information","Microsoft-Windows-Audio","Stream started.
App Id: Microsoft.Windows.ShellExperienceHost_cw5n1h2txyewy!App
PID: 18644
Audio Stream Category: 5"
"18-06-2026 09:39:48","25","Information","Microsoft-Windows-Audio","Stream stopped.
App Id: Microsoft.Windows.ShellExperienceHost_cw5n1h2txyewy!App
PID: 18644
Audio Stream Category: 5"
"18-06-2026 09:39:46","24","Information","Microsoft-Windows-Audio","Stream started.
App Id: Microsoft.Windows.ShellExperienceHost_cw5n1h2txyewy!App
PID: 18644
Audio Stream Category: 5"
"18-06-2026 09:36:21","25","Information","Microsoft-Windows-Audio","Stream stopped.
App Id: Microsoft.Windows.ShellExperienceHost_cw5n1h2txyewy!App
PID: 18644
Audio Stream Category: 5"
"18-06-2026 09:36:19","24","Information","Microsoft-Windows-Audio","Stream started.
App Id: Microsoft.Windows.ShellExperienceHost_cw5n1h2txyewy!App
PID: 18644
Audio Stream Category: 5"
"18-06-2026 09:10:38","25","Information","Microsoft-Windows-Audio","Stream stopped.
App Id: Microsoft.Windows.ShellExperienceHost_cw5n1h2txyewy!App
PID: 18644
Audio Stream Category: 5"
"18-06-2026 09:10:37","24","Information","Microsoft-Windows-Audio","Stream started.
App Id: Microsoft.Windows.ShellExperienceHost_cw5n1h2txyewy!App
PID: 18644
Audio Stream Category: 5"
"18-06-2026 09:10:17","25","Information","Microsoft-Windows-Audio","Stream stopped.
App Id: Microsoft.Windows.ShellExperienceHost_cw5n1h2txyewy!App
PID: 18644
Audio Stream Category: 5"
"18-06-2026 09:10:15","24","Information","Microsoft-Windows-Audio","Stream started.
App Id: Microsoft.Windows.ShellExperienceHost_cw5n1h2txyewy!App
PID: 18644
Audio Stream Category: 5"
"18-06-2026 09:10:09","25","Information","Microsoft-Windows-Audio","Stream stopped.
App Id: Microsoft.Windows.ShellExperienceHost_cw5n1h2txyewy!App
PID: 18644
Audio Stream Category: 5"
"18-06-2026 09:10:08","24","Information","Microsoft-Windows-Audio","Stream started.
App Id: Microsoft.Windows.ShellExperienceHost_cw5n1h2txyewy!App
PID: 18644
Audio Stream Category: 5"
"17-06-2026 18:32:02","25","Information","Microsoft-Windows-Audio","Stream stopped.
App Id: Microsoft.Windows.ShellExperienceHost_cw5n1h2txyewy!App
PID: 19136
Audio Stream Category: 5"
"17-06-2026 18:32:01","24","Information","Microsoft-Windows-Audio","Stream started.
App Id: Microsoft.Windows.ShellExperienceHost_cw5n1h2txyewy!App
PID: 19136
Audio Stream Category: 5"
"17-06-2026 18:31:48","25","Information","Microsoft-Windows-Audio","Stream stopped.
App Id: Microsoft.Windows.ShellExperienceHost_cw5n1h2txyewy!App
PID: 19136
Audio Stream Category: 5"
"17-06-2026 18:31:47","24","Information","Microsoft-Windows-Audio","Stream started.
App Id: Microsoft.Windows.ShellExperienceHost_cw5n1h2txyewy!App
PID: 19136
Audio Stream Category: 5"
"17-06-2026 18:31:28","25","Information","Microsoft-Windows-Audio","Stream stopped.
App Id: Microsoft.Windows.ShellExperienceHost_cw5n1h2txyewy!App
PID: 19136
Audio Stream Category: 5"
"17-06-2026 18:31:27","24","Information","Microsoft-Windows-Audio","Stream started.
App Id: Microsoft.Windows.ShellExperienceHost_cw5n1h2txyewy!App
PID: 19136
Audio Stream Category: 5"
"17-06-2026 18:31:07","25","Information","Microsoft-Windows-Audio","Stream stopped.
App Id: Microsoft.Windows.ShellExperienceHost_cw5n1h2txyewy!App
PID: 19136
Audio Stream Category: 5"
"17-06-2026 18:31:06","24","Information","Microsoft-Windows-Audio","Stream started.
App Id: Microsoft.Windows.ShellExperienceHost_cw5n1h2txyewy!App
PID: 19136
Audio Stream Category: 5"
"17-06-2026 18:29:08","25","Information","Microsoft-Windows-Audio","Stream stopped.
App Id: Microsoft.Windows.ShellExperienceHost_cw5n1h2txyewy!App
PID: 19136
Audio Stream Category: 5"
"17-06-2026 18:29:07","24","Information","Microsoft-Windows-Audio","Stream started.
App Id: Microsoft.Windows.ShellExperienceHost_cw5n1h2txyewy!App
PID: 19136
Audio Stream Category: 5"
"17-06-2026 18:20:52","25","Information","Microsoft-Windows-Audio","Stream stopped.
App Id: Microsoft.Windows.ShellExperienceHost_cw5n1h2txyewy!App
PID: 19136
Audio Stream Category: 5"
"17-06-2026 18:20:51","24","Information","Microsoft-Windows-Audio","Stream started.
App Id: Microsoft.Windows.ShellExperienceHost_cw5n1h2txyewy!App
PID: 19136
Audio Stream Category: 5"
"17-06-2026 16:56:05","25","Information","Microsoft-Windows-Audio","Stream stopped.
App Id: Microsoft.Windows.ShellExperienceHost_cw5n1h2txyewy!App
PID: 19136
Audio Stream Category: 5"
"17-06-2026 16:56:03","24","Information","Microsoft-Windows-Audio","Stream started.
App Id: Microsoft.Windows.ShellExperienceHost_cw5n1h2txyewy!App
PID: 19136
Audio Stream Category: 5"
"17-06-2026 16:55:05","25","Information","Microsoft-Windows-Audio","Stream stopped.
App Id: Microsoft.Windows.ShellExperienceHost_cw5n1h2txyewy!App
PID: 19136
Audio Stream Category: 5"
"17-06-2026 16:55:03","24","Information","Microsoft-Windows-Audio","Stream started.
App Id: Microsoft.Windows.ShellExperienceHost_cw5n1h2txyewy!App
PID: 19136
Audio Stream Category: 5"
"17-06-2026 16:45:22","23","Information","Microsoft-Windows-Audio","Released exclusive mode resource false
Released offload mode resource false"
"17-06-2026 16:24:27","25","Information","Microsoft-Windows-Audio","Stream stopped.
App Id: Microsoft.Windows.ShellExperienceHost_cw5n1h2txyewy!App
PID: 19136
Audio Stream Category: 5"
"17-06-2026 16:24:25","24","Information","Microsoft-Windows-Audio","Stream started.
App Id: Microsoft.Windows.ShellExperienceHost_cw5n1h2txyewy!App
PID: 19136
Audio Stream Category: 5"
"17-06-2026 16:19:02","25","Information","Microsoft-Windows-Audio","Stream stopped.
App Id: Microsoft.Windows.ShellExperienceHost_cw5n1h2txyewy!App
PID: 19136
Audio Stream Category: 5"
"17-06-2026 16:19:00","24","Information","Microsoft-Windows-Audio","Stream started.
App Id: Microsoft.Windows.ShellExperienceHost_cw5n1h2txyewy!App
PID: 19136
Audio Stream Category: 5"
"17-06-2026 16:00:46","25","Information","Microsoft-Windows-Audio","Stream stopped.
App Id: Microsoft.Windows.ShellExperienceHost_cw5n1h2txyewy!App
PID: 19136
Audio Stream Category: 5"
"17-06-2026 16:00:44","24","Information","Microsoft-Windows-Audio","Stream started.
App Id: Microsoft.Windows.ShellExperienceHost_cw5n1h2txyewy!App
PID: 19136
Audio Stream Category: 5"
"17-06-2026 15:53:33","25","Information","Microsoft-Windows-Audio","Stream stopped.
App Id: Microsoft.Windows.ShellExperienceHost_cw5n1h2txyewy!App
PID: 19136
Audio Stream Category: 5"
"17-06-2026 15:53:32","24","Information","Microsoft-Windows-Audio","Stream started.
App Id: Microsoft.Windows.ShellExperienceHost_cw5n1h2txyewy!App
PID: 19136
Audio Stream Category: 5"
"17-06-2026 15:41:05","25","Information","Microsoft-Windows-Audio","Stream stopped.
App Id: Microsoft.Windows.ShellExperienceHost_cw5n1h2txyewy!App
PID: 19136
Audio Stream Category: 5"
"17-06-2026 15:41:03","24","Information","Microsoft-Windows-Audio","Stream started.
App Id: Microsoft.Windows.ShellExperienceHost_cw5n1h2txyewy!App
PID: 19136
Audio Stream Category: 5"
"17-06-2026 15:18:02","23","Information","Microsoft-Windows-Audio","Released exclusive mode resource false
Released offload mode resource false"
"17-06-2026 12:52:16","25","Information","Microsoft-Windows-Audio","Stream stopped.
App Id: Microsoft.Windows.ShellExperienceHost_cw5n1h2txyewy!App
PID: 19136
Audio Stream Category: 5"
"17-06-2026 12:52:14","24","Information","Microsoft-Windows-Audio","Stream started.
App Id: Microsoft.Windows.ShellExperienceHost_cw5n1h2txyewy!App
PID: 19136
Audio Stream Category: 5"
"17-06-2026 12:37:28","25","Information","Microsoft-Windows-Audio","Stream stopped.
App Id: Microsoft.Windows.ShellExperienceHost_cw5n1h2txyewy!App
PID: 19136
Audio Stream Category: 5"
"17-06-2026 12:37:27","24","Information","Microsoft-Windows-Audio","Stream started.
App Id: Microsoft.Windows.ShellExperienceHost_cw5n1h2txyewy!App
PID: 19136
Audio Stream Category: 5"
"17-06-2026 12:37:17","25","Information","Microsoft-Windows-Audio","Stream stopped.
App Id: Microsoft.Windows.ShellExperienceHost_cw5n1h2txyewy!App
PID: 19136
Audio Stream Category: 5"
"17-06-2026 12:37:15","24","Information","Microsoft-Windows-Audio","Stream started.
App Id: Microsoft.Windows.ShellExperienceHost_cw5n1h2txyewy!App
PID: 19136
Audio Stream Category: 5"
"17-06-2026 12:36:26","25","Information","Microsoft-Windows-Audio","Stream stopped.
App Id: Microsoft.Windows.ShellExperienceHost_cw5n1h2txyewy!App
PID: 19136
Audio Stream Category: 5"
"17-06-2026 12:36:25","24","Information","Microsoft-Windows-Audio","Stream started.
App Id: Microsoft.Windows.ShellExperienceHost_cw5n1h2txyewy!App
PID: 19136
Audio Stream Category: 5"
"17-06-2026 12:36:01","22","Information","Microsoft-Windows-Audio","Suspended: true"
"17-06-2026 12:35:51","25","Information","Microsoft-Windows-Audio","Stream stopped.
App Id: Microsoft.Windows.ShellExperienceHost_cw5n1h2txyewy!App
PID: 19136
Audio Stream Category: 5"
"17-06-2026 12:35:49","24","Information","Microsoft-Windows-Audio","Stream started.
App Id: Microsoft.Windows.ShellExperienceHost_cw5n1h2txyewy!App
PID: 19136
Audio Stream Category: 5"
"17-06-2026 12:32:19","25","Information","Microsoft-Windows-Audio","Stream stopped.
App Id: Microsoft.Windows.ShellExperienceHost_cw5n1h2txyewy!App
PID: 19136
Audio Stream Category: 5"
