"TimeCreated","Id","LevelDisplayName","ProviderName","Message"
"19-08-2026 14:25:28","1","Error","Microsoft-Windows-Security-LessPrivilegedAppContainer","Access to the a resource has been denied for a less privileged app container at ‎2026‎-‎08‎-‎19T08:55:28.920819100Z (StackHash: 0xD21382A1)."
"19-08-2026 14:25:28","1","Error","Microsoft-Windows-Security-LessPrivilegedAppContainer","Access to the a resource has been denied for a less privileged app container at ‎2026‎-‎08‎-‎19T08:55:28.920803000Z (StackHash: 0xD2138268)."
"19-08-2026 14:25:28","1","Error","Microsoft-Windows-Security-LessPrivilegedAppContainer","Access to the a resource has been denied for a less privileged app container at ‎2026‎-‎08‎-‎19T08:55:28.920776500Z (StackHash: 0x41A63EED)."
"19-08-2026 14:25:28","1","Error","Microsoft-Windows-Security-LessPrivilegedAppContainer","Access to the a resource has been denied for a less privileged app container at ‎2026‎-‎08‎-‎19T08:55:28.920493000Z (StackHash: 0xD23F06AD)."
"19-08-2026 14:25:28","1","Error","Microsoft-Windows-Security-LessPrivilegedAppContainer","Access to the a resource has been denied for a less privileged app container at ‎2026‎-‎08‎-‎19T08:55:28.920476200Z (StackHash: 0xD23F0684)."
"19-08-2026 14:25:28","1","Error","Microsoft-Windows-Security-LessPrivilegedAppContainer","Access to the a resource has been denied for a less privileged app container at ‎2026‎-‎08‎-‎19T08:55:28.920447700Z (StackHash: 0x41DAAEA3)."
"19-08-2026 14:25:28","1","Error","Microsoft-Windows-Security-LessPrivilegedAppContainer","Access to the a resource has been denied for a less privileged app container at ‎2026‎-‎08‎-‎19T08:55:28.919564900Z (StackHash: 0xD2118D9A)."
"19-08-2026 14:25:28","1","Error","Microsoft-Windows-Security-LessPrivilegedAppContainer","Access to the a resource has been denied for a less privileged app container at ‎2026‎-‎08‎-‎19T08:55:28.919548600Z (StackHash: 0xD2118D6B)."
"19-08-2026 14:25:28","1","Error","Microsoft-Windows-Security-LessPrivilegedAppContainer","Access to the a resource has been denied for a less privileged app container at ‎2026‎-‎08‎-‎19T08:55:28.919531600Z (StackHash: 0x41A14FAB)."
"19-08-2026 14:25:28","1","Error","Microsoft-Windows-Security-LessPrivilegedAppContainer","Access to the a resource has been denied for a less privileged app container at ‎2026‎-‎08‎-‎19T08:55:28.919077300Z (StackHash: 0x41D538D4)."
"19-08-2026 14:25:28","1","Error","Microsoft-Windows-Security-LessPrivilegedAppContainer","Access to the a resource has been denied for a less privileged app container at ‎2026‎-‎08‎-‎19T08:55:28.919071800Z (StackHash: 0x41D33E27)."
"19-08-2026 14:25:28","1","Error","Microsoft-Windows-Security-LessPrivilegedAppContainer","Access to the a resource has been denied for a less privileged app container at ‎2026‎-‎08‎-‎19T08:55:28.919066200Z (StackHash: 0x41D3440B)."
"19-08-2026 14:25:28","1","Error","Microsoft-Windows-Security-LessPrivilegedAppContainer","Access to the a resource has been denied for a less privileged app container at ‎2026‎-‎08‎-‎19T08:55:28.919060600Z (StackHash: 0x41D44D08)."
"19-08-2026 14:25:28","1","Error","Microsoft-Windows-Security-LessPrivilegedAppContainer","Access to the a resource has been denied for a less privileged app container at ‎2026‎-‎08‎-‎19T08:55:28.919055000Z (StackHash: 0x41D33D87)."
"19-08-2026 14:25:28","1","Error","Microsoft-Windows-Security-LessPrivilegedAppContainer","Access to the a resource has been denied for a less privileged app container at ‎2026‎-‎08‎-‎19T08:55:28.919049500Z (StackHash: 0x41D3436B)."
"19-08-2026 14:25:28","1","Error","Microsoft-Windows-Security-LessPrivilegedAppContainer","Access to the a resource has been denied for a less privileged app container at ‎2026‎-‎08‎-‎19T08:55:28.919044100Z (StackHash: 0x41D5402C)."
"19-08-2026 14:25:28","1","Error","Microsoft-Windows-Security-LessPrivilegedAppContainer","Access to the a resource has been denied for a less privileged app container at ‎2026‎-‎08‎-‎19T08:55:28.919038600Z (StackHash: 0x41C3A6F1)."
"19-08-2026 14:25:28","1","Error","Microsoft-Windows-Security-LessPrivilegedAppContainer","Access to the a resource has been denied for a less privileged app container at ‎2026‎-‎08‎-‎19T08:55:28.919033000Z (StackHash: 0x41D62E58)."
"19-08-2026 14:25:28","1","Error","Microsoft-Windows-Security-LessPrivilegedAppContainer","Access to the a resource has been denied for a less privileged app container at ‎2026‎-‎08‎-‎19T08:55:28.919027400Z (StackHash: 0x41D33E27)."
"19-08-2026 14:25:28","1","Error","Microsoft-Windows-Security-LessPrivilegedAppContainer","Access to the a resource has been denied for a less privileged app container at ‎2026‎-‎08‎-‎19T08:55:28.919021800Z (StackHash: 0x41D3440B)."
"19-08-2026 14:25:28","1","Error","Microsoft-Windows-Security-LessPrivilegedAppContainer","Access to the a resource has been denied for a less privileged app container at ‎2026‎-‎08‎-‎19T08:55:28.919016200Z (StackHash: 0x41D540B8)."
"19-08-2026 14:25:28","1","Error","Microsoft-Windows-Security-LessPrivilegedAppContainer","Access to the a resource has been denied for a less privileged app container at ‎2026‎-‎08‎-‎19T08:55:28.919010400Z (StackHash: 0x41D3421B)."
"19-08-2026 14:25:28","1","Error","Microsoft-Windows-Security-LessPrivilegedAppContainer","Access to the a resource has been denied for a less privileged app container at ‎2026‎-‎08‎-‎19T08:55:28.919004900Z (StackHash: 0x41D347FF)."
"19-08-2026 14:25:28","1","Error","Microsoft-Windows-Security-LessPrivilegedAppContainer","Access to the a resource has been denied for a less privileged app container at ‎2026‎-‎08‎-‎19T08:55:28.918999300Z (StackHash: 0x41D635B0)."
"19-08-2026 14:25:28","1","Error","Microsoft-Windows-Security-LessPrivilegedAppContainer","Access to the a resource has been denied for a less privileged app container at ‎2026‎-‎08‎-‎19T08:55:28.918993600Z (StackHash: 0x41B00D49)."
"19-08-2026 14:25:28","1","Error","Microsoft-Windows-Security-LessPrivilegedAppContainer","Access to the a resource has been denied for a less privileged app container at ‎2026‎-‎08‎-‎19T08:55:28.918987400Z (StackHash: 0x418DC4F1)."
"19-08-2026 14:25:28","1","Error","Microsoft-Windows-Security-LessPrivilegedAppContainer","Access to the a resource has been denied for a less privileged app container at ‎2026‎-‎08‎-‎19T08:55:28.918981000Z (StackHash: 0x41D538D4)."
"19-08-2026 14:25:28","1","Error","Microsoft-Windows-Security-LessPrivilegedAppContainer","Access to the a resource has been denied for a less privileged app container at ‎2026‎-‎08‎-‎19T08:55:28.918975400Z (StackHash: 0x41D33E27)."
"19-08-2026 14:25:28","1","Error","Microsoft-Windows-Security-LessPrivilegedAppContainer","Access to the a resource has been denied for a less privileged app container at ‎2026‎-‎08‎-‎19T08:55:28.918969900Z (StackHash: 0x41D3440B)."
"19-08-2026 14:25:28","1","Error","Microsoft-Windows-Security-LessPrivilegedAppContainer","Access to the a resource has been denied for a less privileged app container at ‎2026‎-‎08‎-‎19T08:55:28.918964400Z (StackHash: 0x41D44D08)."
"19-08-2026 14:25:28","1","Error","Microsoft-Windows-Security-LessPrivilegedAppContainer","Access to the a resource has been denied for a less privileged app container at ‎2026‎-‎08‎-‎19T08:55:28.918958900Z (StackHash: 0x41D33D87)."
"19-08-2026 14:25:28","1","Error","Microsoft-Windows-Security-LessPrivilegedAppContainer","Access to the a resource has been denied for a less privileged app container at ‎2026‎-‎08‎-‎19T08:55:28.918953300Z (StackHash: 0x41D3436B)."
"19-08-2026 14:25:28","1","Error","Microsoft-Windows-Security-LessPrivilegedAppContainer","Access to the a resource has been denied for a less privileged app container at ‎2026‎-‎08‎-‎19T08:55:28.918947800Z (StackHash: 0x41D5402C)."
"19-08-2026 14:25:28","1","Error","Microsoft-Windows-Security-LessPrivilegedAppContainer","Access to the a resource has been denied for a less privileged app container at ‎2026‎-‎08‎-‎19T08:55:28.918942200Z (StackHash: 0x41AF17B1)."
"19-08-2026 14:25:28","1","Error","Microsoft-Windows-Security-LessPrivilegedAppContainer","Access to the a resource has been denied for a less privileged app container at ‎2026‎-‎08‎-‎19T08:55:28.918936300Z (StackHash: 0x41D62ECC)."
"19-08-2026 14:25:28","1","Error","Microsoft-Windows-Security-LessPrivilegedAppContainer","Access to the a resource has been denied for a less privileged app container at ‎2026‎-‎08‎-‎19T08:55:28.918930600Z (StackHash: 0x41D33E27)."
"19-08-2026 14:25:28","1","Error","Microsoft-Windows-Security-LessPrivilegedAppContainer","Access to the a resource has been denied for a less privileged app container at ‎2026‎-‎08‎-‎19T08:55:28.918924800Z (StackHash: 0x41D3440B)."
"19-08-2026 14:25:28","1","Error","Microsoft-Windows-Security-LessPrivilegedAppContainer","Access to the a resource has been denied for a less privileged app container at ‎2026‎-‎08‎-‎19T08:55:28.918918900Z (StackHash: 0x41D540B8)."
"19-08-2026 14:25:28","1","Error","Microsoft-Windows-Security-LessPrivilegedAppContainer","Access to the a resource has been denied for a less privileged app container at ‎2026‎-‎08‎-‎19T08:55:28.918909900Z (StackHash: 0x41D3421B)."
"19-08-2026 14:25:28","1","Error","Microsoft-Windows-Security-LessPrivilegedAppContainer","Access to the a resource has been denied for a less privileged app container at ‎2026‎-‎08‎-‎19T08:55:28.918903200Z (StackHash: 0x41D347FF)."
"19-08-2026 14:25:28","1","Error","Microsoft-Windows-Security-LessPrivilegedAppContainer","Access to the a resource has been denied for a less privileged app container at ‎2026‎-‎08‎-‎19T08:55:28.918895200Z (StackHash: 0x41D63624)."
"19-08-2026 14:25:28","1","Error","Microsoft-Windows-Security-LessPrivilegedAppContainer","Access to the a resource has been denied for a less privileged app container at ‎2026‎-‎08‎-‎19T08:55:28.918883800Z (StackHash: 0x41A4C8F1)."
"19-08-2026 14:25:28","1","Error","Microsoft-Windows-Security-LessPrivilegedAppContainer","Access to the a resource has been denied for a less privileged app container at ‎2026‎-‎08‎-‎19T08:55:28.918859300Z (StackHash: 0x417BBCB9)."
"19-08-2026 14:25:24","1","Error","Microsoft-Windows-Security-LessPrivilegedAppContainer","Access to the a resource has been denied for a less privileged app container at ‎2026‎-‎08‎-‎19T08:55:24.851003600Z (StackHash: 0x622964BA)."
"19-08-2026 14:25:20","1","Error","Microsoft-Windows-Security-LessPrivilegedAppContainer","Access to the a resource has been denied for a less privileged app container at ‎2026‎-‎08‎-‎19T08:55:20.382500400Z (StackHash: 0x622964BA)."
"19-08-2026 14:25:16","1","Error","Microsoft-Windows-Security-LessPrivilegedAppContainer","Access to the a resource has been denied for a less privileged app container at ‎2026‎-‎08‎-‎19T08:55:16.118649000Z (StackHash: 0x622964BA)."
"19-08-2026 14:25:16","1","Error","Microsoft-Windows-Security-LessPrivilegedAppContainer","Access to the a resource has been denied for a less privileged app container at ‎2026‎-‎08‎-‎19T08:55:16.115068500Z (StackHash: 0x622964BA)."
"19-08-2026 14:25:15","1","Error","Microsoft-Windows-Security-LessPrivilegedAppContainer","Access to the a resource has been denied for a less privileged app container at ‎2026‎-‎08‎-‎19T08:55:15.699416100Z (StackHash: 0x622964BA)."
"19-08-2026 14:25:15","1","Error","Microsoft-Windows-Security-LessPrivilegedAppContainer","Access to the a resource has been denied for a less privileged app container at ‎2026‎-‎08‎-‎19T08:55:15.477691700Z (StackHash: 0x4191D4FF)."
"19-08-2026 14:25:15","1","Error","Microsoft-Windows-Security-LessPrivilegedAppContainer","Access to the a resource has been denied for a less privileged app container at ‎2026‎-‎08‎-‎19T08:55:15.477478900Z (StackHash: 0x417BEA5B)."
"19-08-2026 14:25:15","1","Error","Microsoft-Windows-Security-LessPrivilegedAppContainer","Access to the a resource has been denied for a less privileged app container at ‎2026‎-‎08‎-‎19T08:55:15.477420900Z (StackHash: 0x41663EAB)."
"19-08-2026 14:25:15","1","Error","Microsoft-Windows-Security-LessPrivilegedAppContainer","Access to the a resource has been denied for a less privileged app container at ‎2026‎-‎08‎-‎19T08:55:15.474480900Z (StackHash: 0x4191DE2E)."
"19-08-2026 14:25:15","1","Error","Microsoft-Windows-Security-LessPrivilegedAppContainer","Access to the a resource has been denied for a less privileged app container at ‎2026‎-‎08‎-‎19T08:55:15.474467200Z (StackHash: 0x4191DE29)."
"19-08-2026 14:25:15","1","Error","Microsoft-Windows-Security-LessPrivilegedAppContainer","Access to the a resource has been denied for a less privileged app container at ‎2026‎-‎08‎-‎19T08:55:15.474453200Z (StackHash: 0x4191DE24)."
"19-08-2026 14:25:15","1","Error","Microsoft-Windows-Security-LessPrivilegedAppContainer","Access to the a resource has been denied for a less privileged app container at ‎2026‎-‎08‎-‎19T08:55:15.474438600Z (StackHash: 0x4191DE12)."
"19-08-2026 14:25:15","1","Error","Microsoft-Windows-Security-LessPrivilegedAppContainer","Access to the a resource has been denied for a less privileged app container at ‎2026‎-‎08‎-‎19T08:55:15.474424700Z (StackHash: 0x4191DE00)."
"19-08-2026 14:25:15","1","Error","Microsoft-Windows-Security-LessPrivilegedAppContainer","Access to the a resource has been denied for a less privileged app container at ‎2026‎-‎08‎-‎19T08:55:15.474410900Z (StackHash: 0x4191DDEE)."
"19-08-2026 14:25:15","1","Error","Microsoft-Windows-Security-LessPrivilegedAppContainer","Access to the a resource has been denied for a less privileged app container at ‎2026‎-‎08‎-‎19T08:55:15.474397000Z (StackHash: 0x4191DDDC)."
"19-08-2026 14:25:15","1","Error","Microsoft-Windows-Security-LessPrivilegedAppContainer","Access to the a resource has been denied for a less privileged app container at ‎2026‎-‎08‎-‎19T08:55:15.474382700Z (StackHash: 0x4191DDCA)."
"19-08-2026 14:25:15","1","Error","Microsoft-Windows-Security-LessPrivilegedAppContainer","Access to the a resource has been denied for a less privileged app container at ‎2026‎-‎08‎-‎19T08:55:15.474368900Z (StackHash: 0x4191DDC5)."
"19-08-2026 14:25:15","1","Error","Microsoft-Windows-Security-LessPrivilegedAppContainer","Access to the a resource has been denied for a less privileged app container at ‎2026‎-‎08‎-‎19T08:55:15.474354400Z (StackHash: 0x4191DDB3)."
"19-08-2026 14:25:15","1","Error","Microsoft-Windows-Security-LessPrivilegedAppContainer","Access to the a resource has been denied for a less privileged app container at ‎2026‎-‎08‎-‎19T08:55:15.474340700Z (StackHash: 0x4193B62F)."
"19-08-2026 14:25:15","1","Error","Microsoft-Windows-Security-LessPrivilegedAppContainer","Access to the a resource has been denied for a less privileged app container at ‎2026‎-‎08‎-‎19T08:55:15.474326800Z (StackHash: 0x4191DDA1)."
"19-08-2026 14:25:15","1","Error","Microsoft-Windows-Security-LessPrivilegedAppContainer","Access to the a resource has been denied for a less privileged app container at ‎2026‎-‎08‎-‎19T08:55:15.474313500Z (StackHash: 0x4191DD8F)."
"19-08-2026 14:25:15","1","Error","Microsoft-Windows-Security-LessPrivilegedAppContainer","Access to the a resource has been denied for a less privileged app container at ‎2026‎-‎08‎-‎19T08:55:15.474299600Z (StackHash: 0x4193B60B)."
"19-08-2026 14:25:15","1","Error","Microsoft-Windows-Security-LessPrivilegedAppContainer","Access to the a resource has been denied for a less privileged app container at ‎2026‎-‎08‎-‎19T08:55:15.474285700Z (StackHash: 0x4191DD7D)."
"19-08-2026 14:25:15","1","Error","Microsoft-Windows-Security-LessPrivilegedAppContainer","Access to the a resource has been denied for a less privileged app container at ‎2026‎-‎08‎-‎19T08:55:15.474270800Z (StackHash: 0x4193B606)."
"19-08-2026 14:25:15","1","Error","Microsoft-Windows-Security-LessPrivilegedAppContainer","Access to the a resource has been denied for a less privileged app container at ‎2026‎-‎08‎-‎19T08:55:15.474257000Z (StackHash: 0x4191DD78)."
"19-08-2026 14:25:15","1","Error","Microsoft-Windows-Security-LessPrivilegedAppContainer","Access to the a resource has been denied for a less privileged app container at ‎2026‎-‎08‎-‎19T08:55:15.474241400Z (StackHash: 0x4191DD73)."
"19-08-2026 14:25:15","1","Error","Microsoft-Windows-Security-LessPrivilegedAppContainer","Access to the a resource has been denied for a less privileged app container at ‎2026‎-‎08‎-‎19T08:55:15.474227000Z (StackHash: 0x4191DD6E)."
"19-08-2026 14:25:15","1","Error","Microsoft-Windows-Security-LessPrivilegedAppContainer","Access to the a resource has been denied for a less privileged app container at ‎2026‎-‎08‎-‎19T08:55:15.474210000Z (StackHash: 0x4191DD5C)."
"19-08-2026 14:25:15","1","Error","Microsoft-Windows-Security-LessPrivilegedAppContainer","Access to the a resource has been denied for a less privileged app container at ‎2026‎-‎08‎-‎19T08:55:15.474195100Z (StackHash: 0x4191DD3E)."
"19-08-2026 14:25:15","1","Error","Microsoft-Windows-Security-LessPrivilegedAppContainer","Access to the a resource has been denied for a less privileged app container at ‎2026‎-‎08‎-‎19T08:55:15.474179800Z (StackHash: 0x4191DD2C)."
"19-08-2026 14:25:15","1","Error","Microsoft-Windows-Security-LessPrivilegedAppContainer","Access to the a resource has been denied for a less privileged app container at ‎2026‎-‎08‎-‎19T08:55:15.474162600Z (StackHash: 0x4191DD27)."
"19-08-2026 14:25:15","1","Error","Microsoft-Windows-Security-LessPrivilegedAppContainer","Access to the a resource has been denied for a less privileged app container at ‎2026‎-‎08‎-‎19T08:55:15.474146800Z (StackHash: 0x4191DD09)."
"19-08-2026 14:25:15","1","Error","Microsoft-Windows-Security-LessPrivilegedAppContainer","Access to the a resource has been denied for a less privileged app container at ‎2026‎-‎08‎-‎19T08:55:15.474131900Z (StackHash: 0x4191DCF1)."
"19-08-2026 14:25:15","1","Error","Microsoft-Windows-Security-LessPrivilegedAppContainer","Access to the a resource has been denied for a less privileged app container at ‎2026‎-‎08‎-‎19T08:55:15.474113500Z (StackHash: 0x4191DCD9)."
"19-08-2026 14:25:15","1","Error","Microsoft-Windows-Security-LessPrivilegedAppContainer","Access to the a resource has been denied for a less privileged app container at ‎2026‎-‎08‎-‎19T08:55:15.474099200Z (StackHash: 0x4193B555)."
"19-08-2026 14:25:15","1","Error","Microsoft-Windows-Security-LessPrivilegedAppContainer","Access to the a resource has been denied for a less privileged app container at ‎2026‎-‎08‎-‎19T08:55:15.474073200Z (StackHash: 0x4191DCC7)."
"19-08-2026 14:25:15","1","Error","Microsoft-Windows-Security-LessPrivilegedAppContainer","Access to the a resource has been denied for a less privileged app container at ‎2026‎-‎08‎-‎19T08:55:15.474030200Z (StackHash: 0x4191DCB3)."
"19-08-2026 14:25:15","1","Error","Microsoft-Windows-Security-LessPrivilegedAppContainer","Access to the a resource has been denied for a less privileged app container at ‎2026‎-‎08‎-‎19T08:55:15.470209900Z (StackHash: 0x622964BA)."
"19-08-2026 14:25:11","1","Error","Microsoft-Windows-Security-LessPrivilegedAppContainer","Access to the a resource has been denied for a less privileged app container at ‎2026‎-‎08‎-‎19T08:55:11.454522800Z (StackHash: 0x622964BA)."
"19-08-2026 14:25:07","1","Error","Microsoft-Windows-Security-LessPrivilegedAppContainer","Access to the a resource has been denied for a less privileged app container at ‎2026‎-‎08‎-‎19T08:55:07.454978900Z (StackHash: 0x622964BA)."
"19-08-2026 14:25:03","1","Error","Microsoft-Windows-Security-LessPrivilegedAppContainer","Access to the a resource has been denied for a less privileged app container at ‎2026‎-‎08‎-‎19T08:55:03.436130100Z (StackHash: 0x622964BA)."
"19-08-2026 14:25:03","1","Error","Microsoft-Windows-Security-LessPrivilegedAppContainer","Access to the a resource has been denied for a less privileged app container at ‎2026‎-‎08‎-‎19T08:55:03.434019900Z (StackHash: 0x41569BFE)."
"19-08-2026 14:25:03","1","Error","Microsoft-Windows-Security-LessPrivilegedAppContainer","Access to the a resource has been denied for a less privileged app container at ‎2026‎-‎08‎-‎19T08:55:03.432002900Z (StackHash: 0x41503518)."
"19-08-2026 14:25:03","1","Error","Microsoft-Windows-Security-LessPrivilegedAppContainer","Access to the a resource has been denied for a less privileged app container at ‎2026‎-‎08‎-‎19T08:55:03.429865800Z (StackHash: 0x415A2DB6)."
"19-08-2026 14:25:03","1","Error","Microsoft-Windows-Security-LessPrivilegedAppContainer","Access to the a resource has been denied for a less privileged app container at ‎2026‎-‎08‎-‎19T08:55:03.429861500Z (StackHash: 0x415A2DA8)."
"19-08-2026 14:25:03","1","Error","Microsoft-Windows-Security-LessPrivilegedAppContainer","Access to the a resource has been denied for a less privileged app container at ‎2026‎-‎08‎-‎19T08:55:03.429856900Z (StackHash: 0x416C27D1)."
"19-08-2026 14:25:03","1","Error","Microsoft-Windows-Security-LessPrivilegedAppContainer","Access to the a resource has been denied for a less privileged app container at ‎2026‎-‎08‎-‎19T08:55:03.429851500Z (StackHash: 0x415A2D9A)."
"19-08-2026 14:25:03","1","Error","Microsoft-Windows-Security-LessPrivilegedAppContainer","Access to the a resource has been denied for a less privileged app container at ‎2026‎-‎08‎-‎19T08:55:03.429845100Z (StackHash: 0x415A2D8C)."
"19-08-2026 14:25:03","1","Error","Microsoft-Windows-Security-LessPrivilegedAppContainer","Access to the a resource has been denied for a less privileged app container at ‎2026‎-‎08‎-‎19T08:55:03.429779700Z (StackHash: 0x415A1EF6)."
"19-08-2026 14:25:03","1","Error","Microsoft-Windows-Security-LessPrivilegedAppContainer","Access to the a resource has been denied for a less privileged app container at ‎2026‎-‎08‎-‎19T08:55:03.426736800Z (StackHash: 0x4153E78D)."
"19-08-2026 14:25:03","1","Error","Microsoft-Windows-Security-LessPrivilegedAppContainer","Access to the a resource has been denied for a less privileged app container at ‎2026‎-‎08‎-‎19T08:55:03.426196800Z (StackHash: 0x41806175)."
"19-08-2026 14:25:03","1","Error","Microsoft-Windows-Security-LessPrivilegedAppContainer","Access to the a resource has been denied for a less privileged app container at ‎2026‎-‎08‎-‎19T08:55:03.425484900Z (StackHash: 0x42051524)."
"19-08-2026 14:25:03","1","Error","Microsoft-Windows-Security-LessPrivilegedAppContainer","Access to the a resource has been denied for a less privileged app container at ‎2026‎-‎08‎-‎19T08:55:03.425481000Z (StackHash: 0x41D1A6D9)."
"19-08-2026 14:25:03","1","Error","Microsoft-Windows-Security-LessPrivilegedAppContainer","Access to the a resource has been denied for a less privileged app container at ‎2026‎-‎08‎-‎19T08:55:03.425476800Z (StackHash: 0x41F1138F)."
"19-08-2026 14:25:03","1","Error","Microsoft-Windows-Security-LessPrivilegedAppContainer","Access to the a resource has been denied for a less privileged app container at ‎2026‎-‎08‎-‎19T08:55:03.425472200Z (StackHash: 0x41BA5AD5)."
"19-08-2026 14:25:03","1","Error","Microsoft-Windows-Security-LessPrivilegedAppContainer","Access to the a resource has been denied for a less privileged app container at ‎2026‎-‎08‎-‎19T08:55:03.425467800Z (StackHash: 0x420E8271)."
"19-08-2026 14:25:03","1","Error","Microsoft-Windows-Security-LessPrivilegedAppContainer","Access to the a resource has been denied for a less privileged app container at ‎2026‎-‎08‎-‎19T08:55:03.425464100Z (StackHash: 0x420E8EA1)."
"19-08-2026 14:25:03","1","Error","Microsoft-Windows-Security-LessPrivilegedAppContainer","Access to the a resource has been denied for a less privileged app container at ‎2026‎-‎08‎-‎19T08:55:03.425460400Z (StackHash: 0x41FD1AA8)."
"19-08-2026 14:25:03","1","Error","Microsoft-Windows-Security-LessPrivilegedAppContainer","Access to the a resource has been denied for a less privileged app container at ‎2026‎-‎08‎-‎19T08:55:03.425456600Z (StackHash: 0x420F2A39)."
"19-08-2026 14:25:03","1","Error","Microsoft-Windows-Security-LessPrivilegedAppContainer","Access to the a resource has been denied for a less privileged app container at ‎2026‎-‎08‎-‎19T08:55:03.425452900Z (StackHash: 0x420F3669)."
"19-08-2026 14:25:03","1","Error","Microsoft-Windows-Security-LessPrivilegedAppContainer","Access to the a resource has been denied for a less privileged app container at ‎2026‎-‎08‎-‎19T08:55:03.425449100Z (StackHash: 0x41F11FD5)."
"19-08-2026 14:25:03","1","Error","Microsoft-Windows-Security-LessPrivilegedAppContainer","Access to the a resource has been denied for a less privileged app container at ‎2026‎-‎08‎-‎19T08:55:03.425445500Z (StackHash: 0x41BDB7BE)."
"19-08-2026 14:25:03","1","Error","Microsoft-Windows-Security-LessPrivilegedAppContainer","Access to the a resource has been denied for a less privileged app container at ‎2026‎-‎08‎-‎19T08:55:03.425441600Z (StackHash: 0x420E8271)."
"19-08-2026 14:25:03","1","Error","Microsoft-Windows-Security-LessPrivilegedAppContainer","Access to the a resource has been denied for a less privileged app container at ‎2026‎-‎08‎-‎19T08:55:03.425437900Z (StackHash: 0x420E8EA1)."
"19-08-2026 14:25:03","1","Error","Microsoft-Windows-Security-LessPrivilegedAppContainer","Access to the a resource has been denied for a less privileged app container at ‎2026‎-‎08‎-‎19T08:55:03.425434100Z (StackHash: 0x41F077F9)."
"19-08-2026 14:25:03","1","Error","Microsoft-Windows-Security-LessPrivilegedAppContainer","Access to the a resource has been denied for a less privileged app container at ‎2026‎-‎08‎-‎19T08:55:03.425430200Z (StackHash: 0x420F2AB1)."
"19-08-2026 14:25:03","1","Error","Microsoft-Windows-Security-LessPrivilegedAppContainer","Access to the a resource has been denied for a less privileged app container at ‎2026‎-‎08‎-‎19T08:55:03.425426500Z (StackHash: 0x420F36E1)."
"19-08-2026 14:25:03","1","Error","Microsoft-Windows-Security-LessPrivilegedAppContainer","Access to the a resource has been denied for a less privileged app container at ‎2026‎-‎08‎-‎19T08:55:03.425422700Z (StackHash: 0x41DD3570)."
"19-08-2026 14:25:03","1","Error","Microsoft-Windows-Security-LessPrivilegedAppContainer","Access to the a resource has been denied for a less privileged app container at ‎2026‎-‎08‎-‎19T08:55:03.425418900Z (StackHash: 0x41A682EA)."
"19-08-2026 14:25:03","1","Error","Microsoft-Windows-Security-LessPrivilegedAppContainer","Access to the a resource has been denied for a less privileged app container at ‎2026‎-‎08‎-‎19T08:55:03.425410100Z (StackHash: 0x420E8271)."
"19-08-2026 14:25:03","1","Error","Microsoft-Windows-Security-LessPrivilegedAppContainer","Access to the a resource has been denied for a less privileged app container at ‎2026‎-‎08‎-‎19T08:55:03.425406400Z (StackHash: 0x420E8EA1)."
"19-08-2026 14:25:03","1","Error","Microsoft-Windows-Security-LessPrivilegedAppContainer","Access to the a resource has been denied for a less privileged app container at ‎2026‎-‎08‎-‎19T08:55:03.425402700Z (StackHash: 0x41FD1AA8)."
"19-08-2026 14:25:03","1","Error","Microsoft-Windows-Security-LessPrivilegedAppContainer","Access to the a resource has been denied for a less privileged app container at ‎2026‎-‎08‎-‎19T08:55:03.425398900Z (StackHash: 0x420F2A39)."
"19-08-2026 14:25:03","1","Error","Microsoft-Windows-Security-LessPrivilegedAppContainer","Access to the a resource has been denied for a less privileged app container at ‎2026‎-‎08‎-‎19T08:55:03.425395000Z (StackHash: 0x420F3669)."
"19-08-2026 14:25:03","1","Error","Microsoft-Windows-Security-LessPrivilegedAppContainer","Access to the a resource has been denied for a less privileged app container at ‎2026‎-‎08‎-‎19T08:55:03.425391300Z (StackHash: 0x41FAACD8)."
"19-08-2026 14:25:03","1","Error","Microsoft-Windows-Security-LessPrivilegedAppContainer","Access to the a resource has been denied for a less privileged app container at ‎2026‎-‎08‎-‎19T08:55:03.425387700Z (StackHash: 0x41BD80E1)."
"19-08-2026 14:25:03","1","Error","Microsoft-Windows-Security-LessPrivilegedAppContainer","Access to the a resource has been denied for a less privileged app container at ‎2026‎-‎08‎-‎19T08:55:03.425383800Z (StackHash: 0x420E8271)."
"19-08-2026 14:25:03","1","Error","Microsoft-Windows-Security-LessPrivilegedAppContainer","Access to the a resource has been denied for a less privileged app container at ‎2026‎-‎08‎-‎19T08:55:03.425380100Z (StackHash: 0x420E8EA1)."
"19-08-2026 14:25:03","1","Error","Microsoft-Windows-Security-LessPrivilegedAppContainer","Access to the a resource has been denied for a less privileged app container at ‎2026‎-‎08‎-‎19T08:55:03.425376300Z (StackHash: 0x41FA04FC)."
"19-08-2026 14:25:03","1","Error","Microsoft-Windows-Security-LessPrivilegedAppContainer","Access to the a resource has been denied for a less privileged app container at ‎2026‎-‎08‎-‎19T08:55:03.425372500Z (StackHash: 0x420F2AB1)."
"19-08-2026 14:25:03","1","Error","Microsoft-Windows-Security-LessPrivilegedAppContainer","Access to the a resource has been denied for a less privileged app container at ‎2026‎-‎08‎-‎19T08:55:03.425368800Z (StackHash: 0x420F36E1)."
"19-08-2026 14:25:03","1","Error","Microsoft-Windows-Security-LessPrivilegedAppContainer","Access to the a resource has been denied for a less privileged app container at ‎2026‎-‎08‎-‎19T08:55:03.425365000Z (StackHash: 0x41E5C97E)."
"19-08-2026 14:25:03","1","Error","Microsoft-Windows-Security-LessPrivilegedAppContainer","Access to the a resource has been denied for a less privileged app container at ‎2026‎-‎08‎-‎19T08:55:03.425361300Z (StackHash: 0x41A8B62D)."
"19-08-2026 14:25:03","1","Error","Microsoft-Windows-Security-LessPrivilegedAppContainer","Access to the a resource has been denied for a less privileged app container at ‎2026‎-‎08‎-‎19T08:55:03.425357100Z (StackHash: 0x420E8271)."
"19-08-2026 14:25:03","1","Error","Microsoft-Windows-Security-LessPrivilegedAppContainer","Access to the a resource has been denied for a less privileged app container at ‎2026‎-‎08‎-‎19T08:55:03.425353300Z (StackHash: 0x420E8EA1)."
"19-08-2026 14:25:03","1","Error","Microsoft-Windows-Security-LessPrivilegedAppContainer","Access to the a resource has been denied for a less privileged app container at ‎2026‎-‎08‎-‎19T08:55:03.425349500Z (StackHash: 0x41FD1AA8)."
"19-08-2026 14:25:03","1","Error","Microsoft-Windows-Security-LessPrivilegedAppContainer","Access to the a resource has been denied for a less privileged app container at ‎2026‎-‎08‎-‎19T08:55:03.425345700Z (StackHash: 0x420F2A39)."
"19-08-2026 14:25:03","1","Error","Microsoft-Windows-Security-LessPrivilegedAppContainer","Access to the a resource has been denied for a less privileged app container at ‎2026‎-‎08‎-‎19T08:55:03.425341900Z (StackHash: 0x420F3669)."
"19-08-2026 14:25:03","1","Error","Microsoft-Windows-Security-LessPrivilegedAppContainer","Access to the a resource has been denied for a less privileged app container at ‎2026‎-‎08‎-‎19T08:55:03.425338200Z (StackHash: 0x41F01C4A)."
"19-08-2026 14:25:03","1","Error","Microsoft-Windows-Security-LessPrivilegedAppContainer","Access to the a resource has been denied for a less privileged app container at ‎2026‎-‎08‎-‎19T08:55:03.425334500Z (StackHash: 0x41B2F035)."
"19-08-2026 14:25:03","1","Error","Microsoft-Windows-Security-LessPrivilegedAppContainer","Access to the a resource has been denied for a less privileged app container at ‎2026‎-‎08‎-‎19T08:55:03.425330700Z (StackHash: 0x420E8271)."
"19-08-2026 14:25:03","1","Error","Microsoft-Windows-Security-LessPrivilegedAppContainer","Access to the a resource has been denied for a less privileged app container at ‎2026‎-‎08‎-‎19T08:55:03.425326900Z (StackHash: 0x420E8EA1)."
"19-08-2026 14:25:03","1","Error","Microsoft-Windows-Security-LessPrivilegedAppContainer","Access to the a resource has been denied for a less privileged app container at ‎2026‎-‎08‎-‎19T08:55:03.425323200Z (StackHash: 0x41EF746E)."
"19-08-2026 14:25:03","1","Error","Microsoft-Windows-Security-LessPrivilegedAppContainer","Access to the a resource has been denied for a less privileged app container at ‎2026‎-‎08‎-‎19T08:55:03.425319300Z (StackHash: 0x420F2AB1)."
"19-08-2026 14:25:03","1","Error","Microsoft-Windows-Security-LessPrivilegedAppContainer","Access to the a resource has been denied for a less privileged app container at ‎2026‎-‎08‎-‎19T08:55:03.425315500Z (StackHash: 0x420F36E1)."
"19-08-2026 14:25:03","1","Error","Microsoft-Windows-Security-LessPrivilegedAppContainer","Access to the a resource has been denied for a less privileged app container at ‎2026‎-‎08‎-‎19T08:55:03.425311700Z (StackHash: 0x41DB38D2)."
"19-08-2026 14:25:03","1","Error","Microsoft-Windows-Security-LessPrivilegedAppContainer","Access to the a resource has been denied for a less privileged app container at ‎2026‎-‎08‎-‎19T08:55:03.425307900Z (StackHash: 0x419E2581)."
"19-08-2026 14:25:03","1","Error","Microsoft-Windows-Security-LessPrivilegedAppContainer","Access to the a resource has been denied for a less privileged app container at ‎2026‎-‎08‎-‎19T08:55:03.425295000Z (StackHash: 0x420E8271)."
"19-08-2026 14:25:03","1","Error","Microsoft-Windows-Security-LessPrivilegedAppContainer","Access to the a resource has been denied for a less privileged app container at ‎2026‎-‎08‎-‎19T08:55:03.425291300Z (StackHash: 0x420E8EA1)."
"19-08-2026 14:25:03","1","Error","Microsoft-Windows-Security-LessPrivilegedAppContainer","Access to the a resource has been denied for a less privileged app container at ‎2026‎-‎08‎-‎19T08:55:03.425287600Z (StackHash: 0x41FD1AA8)."
"19-08-2026 14:25:03","1","Error","Microsoft-Windows-Security-LessPrivilegedAppContainer","Access to the a resource has been denied for a less privileged app container at ‎2026‎-‎08‎-‎19T08:55:03.425283700Z (StackHash: 0x420F2A39)."
"19-08-2026 14:25:03","1","Error","Microsoft-Windows-Security-LessPrivilegedAppContainer","Access to the a resource has been denied for a less privileged app container at ‎2026‎-‎08‎-‎19T08:55:03.425279900Z (StackHash: 0x420F3669)."
"19-08-2026 14:25:03","1","Error","Microsoft-Windows-Security-LessPrivilegedAppContainer","Access to the a resource has been denied for a less privileged app container at ‎2026‎-‎08‎-‎19T08:55:03.425276100Z (StackHash: 0x41FAACD8)."
"19-08-2026 14:25:03","1","Error","Microsoft-Windows-Security-LessPrivilegedAppContainer","Access to the a resource has been denied for a less privileged app container at ‎2026‎-‎08‎-‎19T08:55:03.425272200Z (StackHash: 0x41BD802D)."
"19-08-2026 14:25:03","1","Error","Microsoft-Windows-Security-LessPrivilegedAppContainer","Access to the a resource has been denied for a less privileged app container at ‎2026‎-‎08‎-‎19T08:55:03.425267900Z (StackHash: 0x420E8271)."
"19-08-2026 14:25:03","1","Error","Microsoft-Windows-Security-LessPrivilegedAppContainer","Access to the a resource has been denied for a less privileged app container at ‎2026‎-‎08‎-‎19T08:55:03.425264000Z (StackHash: 0x420E8EA1)."
"19-08-2026 14:25:03","1","Error","Microsoft-Windows-Security-LessPrivilegedAppContainer","Access to the a resource has been denied for a less privileged app container at ‎2026‎-‎08‎-‎19T08:55:03.425260200Z (StackHash: 0x41FA04FC)."
"19-08-2026 14:25:03","1","Error","Microsoft-Windows-Security-LessPrivilegedAppContainer","Access to the a resource has been denied for a less privileged app container at ‎2026‎-‎08‎-‎19T08:55:03.425255600Z (StackHash: 0x420F2AB1)."
"19-08-2026 14:25:03","1","Error","Microsoft-Windows-Security-LessPrivilegedAppContainer","Access to the a resource has been denied for a less privileged app container at ‎2026‎-‎08‎-‎19T08:55:03.425251200Z (StackHash: 0x420F36E1)."
"19-08-2026 14:25:03","1","Error","Microsoft-Windows-Security-LessPrivilegedAppContainer","Access to the a resource has been denied for a less privileged app container at ‎2026‎-‎08‎-‎19T08:55:03.425245900Z (StackHash: 0x41E5C97E)."
"19-08-2026 14:25:03","1","Error","Microsoft-Windows-Security-LessPrivilegedAppContainer","Access to the a resource has been denied for a less privileged app container at ‎2026‎-‎08‎-‎19T08:55:03.425238400Z (StackHash: 0x41A8B569)."
"19-08-2026 14:25:03","1","Error","Microsoft-Windows-Security-LessPrivilegedAppContainer","Access to the a resource has been denied for a less privileged app container at ‎2026‎-‎08‎-‎19T08:55:03.424340400Z (StackHash: 0x420E8271)."
"19-08-2026 14:25:03","1","Error","Microsoft-Windows-Security-LessPrivilegedAppContainer","Access to the a resource has been denied for a less privileged app container at ‎2026‎-‎08‎-‎19T08:55:03.424336600Z (StackHash: 0x420E8EA1)."
"19-08-2026 14:25:03","1","Error","Microsoft-Windows-Security-LessPrivilegedAppContainer","Access to the a resource has been denied for a less privileged app container at ‎2026‎-‎08‎-‎19T08:55:03.424332900Z (StackHash: 0x420AE1F4)."
"19-08-2026 14:25:03","1","Error","Microsoft-Windows-Security-LessPrivilegedAppContainer","Access to the a resource has been denied for a less privileged app container at ‎2026‎-‎08‎-‎19T08:55:03.424329000Z (StackHash: 0x420F2A39)."
"19-08-2026 14:25:03","1","Error","Microsoft-Windows-Security-LessPrivilegedAppContainer","Access to the a resource has been denied for a less privileged app container at ‎2026‎-‎08‎-‎19T08:55:03.424325100Z (StackHash: 0x420F3669)."
"19-08-2026 14:25:03","1","Error","Microsoft-Windows-Security-LessPrivilegedAppContainer","Access to the a resource has been denied for a less privileged app container at ‎2026‎-‎08‎-‎19T08:55:03.424320900Z (StackHash: 0x41F7F8E2)."
"19-08-2026 14:25:03","1","Error","Microsoft-Windows-Security-LessPrivilegedAppContainer","Access to the a resource has been denied for a less privileged app container at ‎2026‎-‎08‎-‎19T08:55:03.424316100Z (StackHash: 0x41C1F2A6)."
"19-08-2026 14:25:03","1","Error","Microsoft-Windows-Security-LessPrivilegedAppContainer","Access to the a resource has been denied for a less privileged app container at ‎2026‎-‎08‎-‎19T08:55:03.424312200Z (StackHash: 0x420E8271)."
"19-08-2026 14:25:03","1","Error","Microsoft-Windows-Security-LessPrivilegedAppContainer","Access to the a resource has been denied for a less privileged app container at ‎2026‎-‎08‎-‎19T08:55:03.424308400Z (StackHash: 0x420E8EA1)."
"19-08-2026 14:25:03","1","Error","Microsoft-Windows-Security-LessPrivilegedAppContainer","Access to the a resource has been denied for a less privileged app container at ‎2026‎-‎08‎-‎19T08:55:03.424304700Z (StackHash: 0x41F75106)."
"19-08-2026 14:25:03","1","Error","Microsoft-Windows-Security-LessPrivilegedAppContainer","Access to the a resource has been denied for a less privileged app container at ‎2026‎-‎08‎-‎19T08:55:03.424300900Z (StackHash: 0x420F2AB1)."
"19-08-2026 14:25:03","1","Error","Microsoft-Windows-Security-LessPrivilegedAppContainer","Access to the a resource has been denied for a less privileged app container at ‎2026‎-‎08‎-‎19T08:55:03.424297100Z (StackHash: 0x420F36E1)."
"19-08-2026 14:25:03","1","Error","Microsoft-Windows-Security-LessPrivilegedAppContainer","Access to the a resource has been denied for a less privileged app container at ‎2026‎-‎08‎-‎19T08:55:03.424293300Z (StackHash: 0x41EA52A8)."
"19-08-2026 14:25:03","1","Error","Microsoft-Windows-Security-LessPrivilegedAppContainer","Access to the a resource has been denied for a less privileged app container at ‎2026‎-‎08‎-‎19T08:55:03.424289600Z (StackHash: 0x41AD25DF)."
"19-08-2026 14:25:03","1","Error","Microsoft-Windows-Security-LessPrivilegedAppContainer","Access to the a resource has been denied for a less privileged app container at ‎2026‎-‎08‎-‎19T08:55:03.424285600Z (StackHash: 0x420E8271)."
"19-08-2026 14:25:03","1","Error","Microsoft-Windows-Security-LessPrivilegedAppContainer","Access to the a resource has been denied for a less privileged app container at ‎2026‎-‎08‎-‎19T08:55:03.424281800Z (StackHash: 0x420E8EA1)."
"19-08-2026 14:25:03","1","Error","Microsoft-Windows-Security-LessPrivilegedAppContainer","Access to the a resource has been denied for a less privileged app container at ‎2026‎-‎08‎-‎19T08:55:03.424278100Z (StackHash: 0x420AE19E)."
"19-08-2026 14:25:03","1","Error","Microsoft-Windows-Security-LessPrivilegedAppContainer","Access to the a resource has been denied for a less privileged app container at ‎2026‎-‎08‎-‎19T08:55:03.424274400Z (StackHash: 0x420F2A39)."
"19-08-2026 14:25:03","1","Error","Microsoft-Windows-Security-LessPrivilegedAppContainer","Access to the a resource has been denied for a less privileged app container at ‎2026‎-‎08‎-‎19T08:55:03.424270600Z (StackHash: 0x420F3669)."
"19-08-2026 14:25:03","1","Error","Microsoft-Windows-Security-LessPrivilegedAppContainer","Access to the a resource has been denied for a less privileged app container at ‎2026‎-‎08‎-‎19T08:55:03.424266800Z (StackHash: 0x41F7F88C)."
"19-08-2026 14:25:03","1","Error","Microsoft-Windows-Security-LessPrivilegedAppContainer","Access to the a resource has been denied for a less privileged app container at ‎2026‎-‎08‎-‎19T08:55:03.424263100Z (StackHash: 0x41C1F250)."
"19-08-2026 14:25:03","1","Error","Microsoft-Windows-Security-LessPrivilegedAppContainer","Access to the a resource has been denied for a less privileged app container at ‎2026‎-‎08‎-‎19T08:55:03.424259200Z (StackHash: 0x420E8271)."
"19-08-2026 14:25:03","1","Error","Microsoft-Windows-Security-LessPrivilegedAppContainer","Access to the a resource has been denied for a less privileged app container at ‎2026‎-‎08‎-‎19T08:55:03.424255400Z (StackHash: 0x420E8EA1)."
"19-08-2026 14:25:03","1","Error","Microsoft-Windows-Security-LessPrivilegedAppContainer","Access to the a resource has been denied for a less privileged app container at ‎2026‎-‎08‎-‎19T08:55:03.424251700Z (StackHash: 0x41F750B0)."
"19-08-2026 14:25:03","1","Error","Microsoft-Windows-Security-LessPrivilegedAppContainer","Access to the a resource has been denied for a less privileged app container at ‎2026‎-‎08‎-‎19T08:55:03.424247900Z (StackHash: 0x420F2AB1)."
"19-08-2026 14:25:03","1","Error","Microsoft-Windows-Security-LessPrivilegedAppContainer","Access to the a resource has been denied for a less privileged app container at ‎2026‎-‎08‎-‎19T08:55:03.424244100Z (StackHash: 0x420F36E1)."
"19-08-2026 14:25:03","1","Error","Microsoft-Windows-Security-LessPrivilegedAppContainer","Access to the a resource has been denied for a less privileged app container at ‎2026‎-‎08‎-‎19T08:55:03.424240300Z (StackHash: 0x41EA5252)."
"19-08-2026 14:25:03","1","Error","Microsoft-Windows-Security-LessPrivilegedAppContainer","Access to the a resource has been denied for a less privileged app container at ‎2026‎-‎08‎-‎19T08:55:03.424236500Z (StackHash: 0x41AD2589)."
"19-08-2026 14:25:03","1","Error","Microsoft-Windows-Security-LessPrivilegedAppContainer","Access to the a resource has been denied for a less privileged app container at ‎2026‎-‎08‎-‎19T08:55:03.424232100Z (StackHash: 0x420E8271)."
"19-08-2026 14:25:03","1","Error","Microsoft-Windows-Security-LessPrivilegedAppContainer","Access to the a resource has been denied for a less privileged app container at ‎2026‎-‎08‎-‎19T08:55:03.424228400Z (StackHash: 0x420E8EA1)."
"19-08-2026 14:25:03","1","Error","Microsoft-Windows-Security-LessPrivilegedAppContainer","Access to the a resource has been denied for a less privileged app container at ‎2026‎-‎08‎-‎19T08:55:03.424224600Z (StackHash: 0x41FD1AA8)."
"19-08-2026 14:25:03","1","Error","Microsoft-Windows-Security-LessPrivilegedAppContainer","Access to the a resource has been denied for a less privileged app container at ‎2026‎-‎08‎-‎19T08:55:03.424220700Z (StackHash: 0x420F2A39)."
"19-08-2026 14:25:03","1","Error","Microsoft-Windows-Security-LessPrivilegedAppContainer","Access to the a resource has been denied for a less privileged app container at ‎2026‎-‎08‎-‎19T08:55:03.424216900Z (StackHash: 0x420F3669)."
"19-08-2026 14:25:03","1","Error","Microsoft-Windows-Security-LessPrivilegedAppContainer","Access to the a resource has been denied for a less privileged app container at ‎2026‎-‎08‎-‎19T08:55:03.424213200Z (StackHash: 0x41F01C4A)."
"19-08-2026 14:25:03","1","Error","Microsoft-Windows-Security-LessPrivilegedAppContainer","Access to the a resource has been denied for a less privileged app container at ‎2026‎-‎08‎-‎19T08:55:03.424209400Z (StackHash: 0x41B2EF81)."
"19-08-2026 14:25:03","1","Error","Microsoft-Windows-Security-LessPrivilegedAppContainer","Access to the a resource has been denied for a less privileged app container at ‎2026‎-‎08‎-‎19T08:55:03.424205300Z (StackHash: 0x420E8271)."
"19-08-2026 14:25:03","1","Error","Microsoft-Windows-Security-LessPrivilegedAppContainer","Access to the a resource has been denied for a less privileged app container at ‎2026‎-‎08‎-‎19T08:55:03.424201600Z (StackHash: 0x420E8EA1)."
"19-08-2026 14:25:03","1","Error","Microsoft-Windows-Security-LessPrivilegedAppContainer","Access to the a resource has been denied for a less privileged app container at ‎2026‎-‎08‎-‎19T08:55:03.424197900Z (StackHash: 0x41EF746E)."
"19-08-2026 14:25:03","1","Error","Microsoft-Windows-Security-LessPrivilegedAppContainer","Access to the a resource has been denied for a less privileged app container at ‎2026‎-‎08‎-‎19T08:55:03.424193700Z (StackHash: 0x420F2AB1)."
"19-08-2026 14:25:03","1","Error","Microsoft-Windows-Security-LessPrivilegedAppContainer","Access to the a resource has been denied for a less privileged app container at ‎2026‎-‎08‎-‎19T08:55:03.424189800Z (StackHash: 0x420F36E1)."
"19-08-2026 14:25:03","1","Error","Microsoft-Windows-Security-LessPrivilegedAppContainer","Access to the a resource has been denied for a less privileged app container at ‎2026‎-‎08‎-‎19T08:55:03.424185500Z (StackHash: 0x41DB38D2)."
"19-08-2026 14:25:03","1","Error","Microsoft-Windows-Security-LessPrivilegedAppContainer","Access to the a resource has been denied for a less privileged app container at ‎2026‎-‎08‎-‎19T08:55:03.424180000Z (StackHash: 0x419E24BD)."
"19-08-2026 14:25:03","1","Error","Microsoft-Windows-Security-LessPrivilegedAppContainer","Access to the a resource has been denied for a less privileged app container at ‎2026‎-‎08‎-‎19T08:55:03.423532200Z (StackHash: 0x420CF483)."
"19-08-2026 14:25:03","1","Error","Microsoft-Windows-Security-LessPrivilegedAppContainer","Access to the a resource has been denied for a less privileged app container at ‎2026‎-‎08‎-‎19T08:55:03.423528500Z (StackHash: 0x420D0B0A)."
"19-08-2026 14:25:03","1","Error","Microsoft-Windows-Security-LessPrivilegedAppContainer","Access to the a resource has been denied for a less privileged app container at ‎2026‎-‎08‎-‎19T08:55:03.423524700Z (StackHash: 0x420D173A)."
"19-08-2026 14:25:03","1","Error","Microsoft-Windows-Security-LessPrivilegedAppContainer","Access to the a resource has been denied for a less privileged app container at ‎2026‎-‎08‎-‎19T08:55:03.423520900Z (StackHash: 0x420D2A63)."
"19-08-2026 14:25:03","1","Error","Microsoft-Windows-Security-LessPrivilegedAppContainer","Access to the a resource has been denied for a less privileged app container at ‎2026‎-‎08‎-‎19T08:55:03.423517100Z (StackHash: 0x420D09E6)."
"19-08-2026 14:25:03","1","Error","Microsoft-Windows-Security-LessPrivilegedAppContainer","Access to the a resource has been denied for a less privileged app container at ‎2026‎-‎08‎-‎19T08:55:03.423513300Z (StackHash: 0x420D1616)."
"19-08-2026 14:25:03","1","Error","Microsoft-Windows-Security-LessPrivilegedAppContainer","Access to the a resource has been denied for a less privileged app container at ‎2026‎-‎08‎-‎19T08:55:03.423509500Z (StackHash: 0x420D021B)."
"19-08-2026 14:25:03","1","Error","Microsoft-Windows-Security-LessPrivilegedAppContainer","Access to the a resource has been denied for a less privileged app container at ‎2026‎-‎08‎-‎19T08:55:03.423505700Z (StackHash: 0x41FCA6BB)."
"19-08-2026 14:25:03","1","Error","Microsoft-Windows-Security-LessPrivilegedAppContainer","Access to the a resource has been denied for a less privileged app container at ‎2026‎-‎08‎-‎19T08:55:03.423501900Z (StackHash: 0x420CEF1B)."
"19-08-2026 14:25:03","1","Error","Microsoft-Windows-Security-LessPrivilegedAppContainer","Access to the a resource has been denied for a less privileged app container at ‎2026‎-‎08‎-‎19T08:55:03.423497900Z (StackHash: 0x420D0B0A)."
"19-08-2026 14:25:03","1","Error","Microsoft-Windows-Security-LessPrivilegedAppContainer","Access to the a resource has been denied for a less privileged app container at ‎2026‎-‎08‎-‎19T08:55:03.423494200Z (StackHash: 0x420D173A)."
"19-08-2026 14:25:03","1","Error","Microsoft-Windows-Security-LessPrivilegedAppContainer","Access to the a resource has been denied for a less privileged app container at ‎2026‎-‎08‎-‎19T08:55:03.423490400Z (StackHash: 0x420D032B)."
"19-08-2026 14:25:03","1","Error","Microsoft-Windows-Security-LessPrivilegedAppContainer","Access to the a resource has been denied for a less privileged app container at ‎2026‎-‎08‎-‎19T08:55:03.423486500Z (StackHash: 0x420D0F82)."
"19-08-2026 14:25:03","1","Error","Microsoft-Windows-Security-LessPrivilegedAppContainer","Access to the a resource has been denied for a less privileged app container at ‎2026‎-‎08‎-‎19T08:55:03.423482800Z (StackHash: 0x420D1BB2)."
"19-08-2026 14:25:03","1","Error","Microsoft-Windows-Security-LessPrivilegedAppContainer","Access to the a resource has been denied for a less privileged app container at ‎2026‎-‎08‎-‎19T08:55:03.423479000Z (StackHash: 0x420CFCB3)."
"19-08-2026 14:25:03","1","Error","Microsoft-Windows-Security-LessPrivilegedAppContainer","Access to the a resource has been denied for a less privileged app container at ‎2026‎-‎08‎-‎19T08:55:03.423475100Z (StackHash: 0x41EC20C5)."
"19-08-2026 14:25:03","1","Error","Microsoft-Windows-Security-LessPrivilegedAppContainer","Access to the a resource has been denied for a less privileged app container at ‎2026‎-‎08‎-‎19T08:55:03.423471300Z (StackHash: 0x41B37832)."
"19-08-2026 14:25:03","1","Error","Microsoft-Windows-Security-LessPrivilegedAppContainer","Access to the a resource has been denied for a less privileged app container at ‎2026‎-‎08‎-‎19T08:55:03.423467500Z (StackHash: 0x420CF483)."
