"TimeCreated","Id","LevelDisplayName","ProviderName","Message"
"18-08-2026 14:32:20","104","Information","Microsoft-Windows-SmartCard-DeviceEnum","ScDeviceEnum service stopped."
"18-08-2026 14:31:20","101","Information","Microsoft-Windows-SmartCard-DeviceEnum","Created node SWD\ScDeviceEnum\1_Windows_Hello_for_Business_1 on session 1."
"18-08-2026 14:30:58","103","Information","Microsoft-Windows-SmartCard-DeviceEnum","ScDeviceEnum service started."
"18-08-2026 14:30:58","101","Information","Microsoft-Windows-SmartCard-DeviceEnum","Created node SWD\ScDeviceEnumBus\1 on session 0."
"18-08-2026 14:30:58","101","Information","Microsoft-Windows-SmartCard-DeviceEnum","Created node SWD\ScDeviceEnumBus\0 on session 0."
"18-08-2026 14:20:16","103","Information","Microsoft-Windows-SmartCard-DeviceEnum","ScDeviceEnum service started."
"18-08-2026 14:20:16","101","Information","Microsoft-Windows-SmartCard-DeviceEnum","Created node SWD\ScDeviceEnumBus\1 on session 0."
"18-08-2026 14:20:16","101","Information","Microsoft-Windows-SmartCard-DeviceEnum","Created node SWD\ScDeviceEnumBus\0 on session 0."
"18-08-2026 10:30:37","104","Information","Microsoft-Windows-SmartCard-DeviceEnum","ScDeviceEnum service stopped."
"18-08-2026 10:29:37","101","Information","Microsoft-Windows-SmartCard-DeviceEnum","Created node SWD\ScDeviceEnum\1_Windows_Hello_for_Business_1 on session 1."
"18-08-2026 10:28:59","103","Information","Microsoft-Windows-SmartCard-DeviceEnum","ScDeviceEnum service started."
"18-08-2026 10:28:59","101","Information","Microsoft-Windows-SmartCard-DeviceEnum","Created node SWD\ScDeviceEnumBus\1 on session 0."
"18-08-2026 10:28:59","101","Information","Microsoft-Windows-SmartCard-DeviceEnum","Created node SWD\ScDeviceEnumBus\0 on session 0."
"18-08-2026 10:28:03","103","Information","Microsoft-Windows-SmartCard-DeviceEnum","ScDeviceEnum service started."
"18-08-2026 10:28:03","101","Information","Microsoft-Windows-SmartCard-DeviceEnum","Created node SWD\ScDeviceEnumBus\1 on session 0."
"18-08-2026 10:28:03","101","Information","Microsoft-Windows-SmartCard-DeviceEnum","Created node SWD\ScDeviceEnumBus\0 on session 0."
"11-08-2026 12:08:08","104","Information","Microsoft-Windows-SmartCard-DeviceEnum","ScDeviceEnum service stopped."
"11-08-2026 12:07:08","101","Information","Microsoft-Windows-SmartCard-DeviceEnum","Created node SWD\ScDeviceEnum\1_Windows_Hello_for_Business_1 on session 1."
"11-08-2026 12:07:08","103","Information","Microsoft-Windows-SmartCard-DeviceEnum","ScDeviceEnum service started."
"11-08-2026 12:07:08","101","Information","Microsoft-Windows-SmartCard-DeviceEnum","Created node SWD\ScDeviceEnumBus\1 on session 0."
"11-08-2026 12:07:08","101","Information","Microsoft-Windows-SmartCard-DeviceEnum","Created node SWD\ScDeviceEnumBus\0 on session 0."
"11-08-2026 12:03:35","104","Information","Microsoft-Windows-SmartCard-DeviceEnum","ScDeviceEnum service stopped."
"11-08-2026 12:02:35","103","Information","Microsoft-Windows-SmartCard-DeviceEnum","ScDeviceEnum service started."
"11-08-2026 12:02:35","101","Information","Microsoft-Windows-SmartCard-DeviceEnum","Created node SWD\ScDeviceEnumBus\1 on session 0."
"11-08-2026 12:02:35","101","Information","Microsoft-Windows-SmartCard-DeviceEnum","Created node SWD\ScDeviceEnumBus\0 on session 0."
"11-08-2026 12:01:39","103","Information","Microsoft-Windows-SmartCard-DeviceEnum","ScDeviceEnum service started."
"11-08-2026 12:01:39","101","Information","Microsoft-Windows-SmartCard-DeviceEnum","Created node SWD\ScDeviceEnumBus\1 on session 0."
"11-08-2026 12:01:39","101","Information","Microsoft-Windows-SmartCard-DeviceEnum","Created node SWD\ScDeviceEnumBus\0 on session 0."
"10-08-2026 09:42:29","104","Information","Microsoft-Windows-SmartCard-DeviceEnum","ScDeviceEnum service stopped."
"10-08-2026 09:41:29","101","Information","Microsoft-Windows-SmartCard-DeviceEnum","Created node SWD\ScDeviceEnum\1_Windows_Hello_for_Business_1 on session 1."
"10-08-2026 09:41:29","103","Information","Microsoft-Windows-SmartCard-DeviceEnum","ScDeviceEnum service started."
"10-08-2026 09:41:29","101","Information","Microsoft-Windows-SmartCard-DeviceEnum","Created node SWD\ScDeviceEnumBus\0 on session 0."
"10-08-2026 09:41:29","101","Information","Microsoft-Windows-SmartCard-DeviceEnum","Created node SWD\ScDeviceEnumBus\1 on session 0."
"10-08-2026 09:37:05","104","Information","Microsoft-Windows-SmartCard-DeviceEnum","ScDeviceEnum service stopped."
"10-08-2026 09:36:05","103","Information","Microsoft-Windows-SmartCard-DeviceEnum","ScDeviceEnum service started."
"10-08-2026 09:36:05","101","Information","Microsoft-Windows-SmartCard-DeviceEnum","Created node SWD\ScDeviceEnumBus\1 on session 0."
"10-08-2026 09:36:05","101","Information","Microsoft-Windows-SmartCard-DeviceEnum","Created node SWD\ScDeviceEnumBus\0 on session 0."
"03-08-2026 09:27:19","104","Information","Microsoft-Windows-SmartCard-DeviceEnum","ScDeviceEnum service stopped."
"03-08-2026 09:26:19","101","Information","Microsoft-Windows-SmartCard-DeviceEnum","Created node SWD\ScDeviceEnum\1_Windows_Hello_for_Business_1 on session 1."
"03-08-2026 09:26:06","103","Information","Microsoft-Windows-SmartCard-DeviceEnum","ScDeviceEnum service started."
"03-08-2026 09:26:06","101","Information","Microsoft-Windows-SmartCard-DeviceEnum","Created node SWD\ScDeviceEnumBus\1 on session 0."
"03-08-2026 09:26:06","101","Information","Microsoft-Windows-SmartCard-DeviceEnum","Created node SWD\ScDeviceEnumBus\0 on session 0."
"31-07-2026 18:35:43","103","Information","Microsoft-Windows-SmartCard-DeviceEnum","ScDeviceEnum service started."
"31-07-2026 18:35:43","101","Information","Microsoft-Windows-SmartCard-DeviceEnum","Created node SWD\ScDeviceEnumBus\1 on session 0."
"31-07-2026 18:35:43","101","Information","Microsoft-Windows-SmartCard-DeviceEnum","Created node SWD\ScDeviceEnumBus\0 on session 0."
"31-07-2026 09:46:09","104","Information","Microsoft-Windows-SmartCard-DeviceEnum","ScDeviceEnum service stopped."
"31-07-2026 09:45:09","101","Information","Microsoft-Windows-SmartCard-DeviceEnum","Created node SWD\ScDeviceEnum\1_Windows_Hello_for_Business_1 on session 1."
"31-07-2026 09:44:25","103","Information","Microsoft-Windows-SmartCard-DeviceEnum","ScDeviceEnum service started."
"31-07-2026 09:44:25","101","Information","Microsoft-Windows-SmartCard-DeviceEnum","Created node SWD\ScDeviceEnumBus\1 on session 0."
"31-07-2026 09:44:25","101","Information","Microsoft-Windows-SmartCard-DeviceEnum","Created node SWD\ScDeviceEnumBus\0 on session 0."
"31-07-2026 09:43:16","103","Information","Microsoft-Windows-SmartCard-DeviceEnum","ScDeviceEnum service started."
"31-07-2026 09:43:16","101","Information","Microsoft-Windows-SmartCard-DeviceEnum","Created node SWD\ScDeviceEnumBus\1 on session 0."
"31-07-2026 09:43:16","101","Information","Microsoft-Windows-SmartCard-DeviceEnum","Created node SWD\ScDeviceEnumBus\0 on session 0."
"27-07-2026 11:50:35","104","Information","Microsoft-Windows-SmartCard-DeviceEnum","ScDeviceEnum service stopped."
"27-07-2026 11:49:35","101","Information","Microsoft-Windows-SmartCard-DeviceEnum","Created node SWD\ScDeviceEnum\1_Windows_Hello_for_Business_1 on session 1."
"27-07-2026 11:49:20","103","Information","Microsoft-Windows-SmartCard-DeviceEnum","ScDeviceEnum service started."
"27-07-2026 11:49:20","101","Information","Microsoft-Windows-SmartCard-DeviceEnum","Created node SWD\ScDeviceEnumBus\1 on session 0."
"27-07-2026 11:49:20","101","Information","Microsoft-Windows-SmartCard-DeviceEnum","Created node SWD\ScDeviceEnumBus\0 on session 0."
"27-07-2026 11:47:55","103","Information","Microsoft-Windows-SmartCard-DeviceEnum","ScDeviceEnum service started."
"27-07-2026 11:47:55","101","Information","Microsoft-Windows-SmartCard-DeviceEnum","Created node SWD\ScDeviceEnumBus\0 on session 0."
"27-07-2026 11:47:55","101","Information","Microsoft-Windows-SmartCard-DeviceEnum","Created node SWD\ScDeviceEnumBus\1 on session 0."
"27-07-2026 09:45:18","104","Information","Microsoft-Windows-SmartCard-DeviceEnum","ScDeviceEnum service stopped."
"27-07-2026 09:44:18","101","Information","Microsoft-Windows-SmartCard-DeviceEnum","Created node SWD\ScDeviceEnum\1_Windows_Hello_for_Business_1 on session 1."
"27-07-2026 09:44:18","103","Information","Microsoft-Windows-SmartCard-DeviceEnum","ScDeviceEnum service started."
"27-07-2026 09:44:18","101","Information","Microsoft-Windows-SmartCard-DeviceEnum","Created node SWD\ScDeviceEnumBus\0 on session 0."
"27-07-2026 09:44:18","101","Information","Microsoft-Windows-SmartCard-DeviceEnum","Created node SWD\ScDeviceEnumBus\1 on session 0."
"27-07-2026 09:38:18","104","Information","Microsoft-Windows-SmartCard-DeviceEnum","ScDeviceEnum service stopped."
"27-07-2026 09:37:18","103","Information","Microsoft-Windows-SmartCard-DeviceEnum","ScDeviceEnum service started."
"27-07-2026 09:37:18","101","Information","Microsoft-Windows-SmartCard-DeviceEnum","Created node SWD\ScDeviceEnumBus\1 on session 0."
"27-07-2026 09:37:18","101","Information","Microsoft-Windows-SmartCard-DeviceEnum","Created node SWD\ScDeviceEnumBus\0 on session 0."
"27-07-2026 09:35:48","104","Information","Microsoft-Windows-SmartCard-DeviceEnum","ScDeviceEnum service stopped."
"27-07-2026 09:34:48","103","Information","Microsoft-Windows-SmartCard-DeviceEnum","ScDeviceEnum service started."
"27-07-2026 09:34:48","101","Information","Microsoft-Windows-SmartCard-DeviceEnum","Created node SWD\ScDeviceEnumBus\1 on session 0."
"27-07-2026 09:34:48","101","Information","Microsoft-Windows-SmartCard-DeviceEnum","Created node SWD\ScDeviceEnumBus\0 on session 0."
"27-07-2026 09:31:07","104","Information","Microsoft-Windows-SmartCard-DeviceEnum","ScDeviceEnum service stopped."
"27-07-2026 09:30:07","103","Information","Microsoft-Windows-SmartCard-DeviceEnum","ScDeviceEnum service started."
"27-07-2026 09:30:07","101","Information","Microsoft-Windows-SmartCard-DeviceEnum","Created node SWD\ScDeviceEnumBus\0 on session 0."
"27-07-2026 09:30:07","101","Information","Microsoft-Windows-SmartCard-DeviceEnum","Created node SWD\ScDeviceEnumBus\1 on session 0."
"21-07-2026 08:45:54","104","Information","Microsoft-Windows-SmartCard-DeviceEnum","ScDeviceEnum service stopped."
"21-07-2026 08:44:54","101","Information","Microsoft-Windows-SmartCard-DeviceEnum","Created node SWD\ScDeviceEnum\1_Windows_Hello_for_Business_1 on session 1."
"21-07-2026 08:44:22","103","Information","Microsoft-Windows-SmartCard-DeviceEnum","ScDeviceEnum service started."
"21-07-2026 08:44:22","101","Information","Microsoft-Windows-SmartCard-DeviceEnum","Created node SWD\ScDeviceEnumBus\0 on session 0."
"21-07-2026 08:44:22","101","Information","Microsoft-Windows-SmartCard-DeviceEnum","Created node SWD\ScDeviceEnumBus\1 on session 0."
"21-07-2026 08:43:08","103","Information","Microsoft-Windows-SmartCard-DeviceEnum","ScDeviceEnum service started."
"21-07-2026 08:43:08","101","Information","Microsoft-Windows-SmartCard-DeviceEnum","Created node SWD\ScDeviceEnumBus\0 on session 0."
"21-07-2026 08:43:08","101","Information","Microsoft-Windows-SmartCard-DeviceEnum","Created node SWD\ScDeviceEnumBus\1 on session 0."
"12-07-2026 18:33:29","104","Information","Microsoft-Windows-SmartCard-DeviceEnum","ScDeviceEnum service stopped."
"12-07-2026 18:32:29","101","Information","Microsoft-Windows-SmartCard-DeviceEnum","Created node SWD\ScDeviceEnum\1_Windows_Hello_for_Business_1 on session 1."
"12-07-2026 18:31:58","103","Information","Microsoft-Windows-SmartCard-DeviceEnum","ScDeviceEnum service started."
"12-07-2026 18:31:58","101","Information","Microsoft-Windows-SmartCard-DeviceEnum","Created node SWD\ScDeviceEnumBus\1 on session 0."
"12-07-2026 18:31:58","101","Information","Microsoft-Windows-SmartCard-DeviceEnum","Created node SWD\ScDeviceEnumBus\0 on session 0."
"12-07-2026 18:30:41","103","Information","Microsoft-Windows-SmartCard-DeviceEnum","ScDeviceEnum service started."
"12-07-2026 18:30:41","101","Information","Microsoft-Windows-SmartCard-DeviceEnum","Created node SWD\ScDeviceEnumBus\1 on session 0."
"12-07-2026 18:30:41","101","Information","Microsoft-Windows-SmartCard-DeviceEnum","Created node SWD\ScDeviceEnumBus\0 on session 0."
"07-07-2026 09:29:38","104","Information","Microsoft-Windows-SmartCard-DeviceEnum","ScDeviceEnum service stopped."
"07-07-2026 09:28:38","101","Information","Microsoft-Windows-SmartCard-DeviceEnum","Created node SWD\ScDeviceEnum\1_Windows_Hello_for_Business_1 on session 1."
"07-07-2026 09:28:23","103","Information","Microsoft-Windows-SmartCard-DeviceEnum","ScDeviceEnum service started."
"07-07-2026 09:28:23","101","Information","Microsoft-Windows-SmartCard-DeviceEnum","Created node SWD\ScDeviceEnumBus\1 on session 0."
"07-07-2026 09:28:23","101","Information","Microsoft-Windows-SmartCard-DeviceEnum","Created node SWD\ScDeviceEnumBus\0 on session 0."
"07-07-2026 09:27:19","103","Information","Microsoft-Windows-SmartCard-DeviceEnum","ScDeviceEnum service started."
"07-07-2026 09:27:19","101","Information","Microsoft-Windows-SmartCard-DeviceEnum","Created node SWD\ScDeviceEnumBus\1 on session 0."
"07-07-2026 09:27:19","101","Information","Microsoft-Windows-SmartCard-DeviceEnum","Created node SWD\ScDeviceEnumBus\0 on session 0."
"04-07-2026 14:14:05","104","Information","Microsoft-Windows-SmartCard-DeviceEnum","ScDeviceEnum service stopped."
"04-07-2026 14:13:05","101","Information","Microsoft-Windows-SmartCard-DeviceEnum","Created node SWD\ScDeviceEnum\1_Windows_Hello_for_Business_1 on session 1."
"04-07-2026 14:12:42","103","Information","Microsoft-Windows-SmartCard-DeviceEnum","ScDeviceEnum service started."
"04-07-2026 14:12:42","101","Information","Microsoft-Windows-SmartCard-DeviceEnum","Created node SWD\ScDeviceEnumBus\1 on session 0."
"04-07-2026 14:12:42","101","Information","Microsoft-Windows-SmartCard-DeviceEnum","Created node SWD\ScDeviceEnumBus\0 on session 0."
"04-07-2026 14:11:44","103","Information","Microsoft-Windows-SmartCard-DeviceEnum","ScDeviceEnum service started."
"04-07-2026 14:11:44","101","Information","Microsoft-Windows-SmartCard-DeviceEnum","Created node SWD\ScDeviceEnumBus\1 on session 0."
"04-07-2026 14:11:44","101","Information","Microsoft-Windows-SmartCard-DeviceEnum","Created node SWD\ScDeviceEnumBus\0 on session 0."
"03-07-2026 11:23:26","104","Information","Microsoft-Windows-SmartCard-DeviceEnum","ScDeviceEnum service stopped."
"03-07-2026 11:22:26","101","Information","Microsoft-Windows-SmartCard-DeviceEnum","Created node SWD\ScDeviceEnum\1_Windows_Hello_for_Business_1 on session 1."
"03-07-2026 11:22:26","103","Information","Microsoft-Windows-SmartCard-DeviceEnum","ScDeviceEnum service started."
"03-07-2026 11:22:26","101","Information","Microsoft-Windows-SmartCard-DeviceEnum","Created node SWD\ScDeviceEnumBus\0 on session 0."
"03-07-2026 11:22:26","101","Information","Microsoft-Windows-SmartCard-DeviceEnum","Created node SWD\ScDeviceEnumBus\1 on session 0."
"03-07-2026 11:21:25","104","Information","Microsoft-Windows-SmartCard-DeviceEnum","ScDeviceEnum service stopped."
"03-07-2026 11:20:25","103","Information","Microsoft-Windows-SmartCard-DeviceEnum","ScDeviceEnum service started."
"03-07-2026 11:20:25","101","Information","Microsoft-Windows-SmartCard-DeviceEnum","Created node SWD\ScDeviceEnumBus\1 on session 0."
"03-07-2026 11:20:25","101","Information","Microsoft-Windows-SmartCard-DeviceEnum","Created node SWD\ScDeviceEnumBus\0 on session 0."
"03-07-2026 11:19:23","103","Information","Microsoft-Windows-SmartCard-DeviceEnum","ScDeviceEnum service started."
"03-07-2026 11:19:23","101","Information","Microsoft-Windows-SmartCard-DeviceEnum","Created node SWD\ScDeviceEnumBus\1 on session 0."
"03-07-2026 11:19:23","101","Information","Microsoft-Windows-SmartCard-DeviceEnum","Created node SWD\ScDeviceEnumBus\0 on session 0."
"01-07-2026 10:11:26","104","Information","Microsoft-Windows-SmartCard-DeviceEnum","ScDeviceEnum service stopped."
"01-07-2026 10:10:26","101","Information","Microsoft-Windows-SmartCard-DeviceEnum","Created node SWD\ScDeviceEnum\1_Windows_Hello_for_Business_1 on session 1."
"01-07-2026 10:10:25","103","Information","Microsoft-Windows-SmartCard-DeviceEnum","ScDeviceEnum service started."
"01-07-2026 10:10:25","101","Information","Microsoft-Windows-SmartCard-DeviceEnum","Created node SWD\ScDeviceEnumBus\0 on session 0."
"01-07-2026 10:10:25","101","Information","Microsoft-Windows-SmartCard-DeviceEnum","Created node SWD\ScDeviceEnumBus\1 on session 0."
"01-07-2026 10:09:18","104","Information","Microsoft-Windows-SmartCard-DeviceEnum","ScDeviceEnum service stopped."
"01-07-2026 10:08:18","103","Information","Microsoft-Windows-SmartCard-DeviceEnum","ScDeviceEnum service started."
"01-07-2026 10:08:18","101","Information","Microsoft-Windows-SmartCard-DeviceEnum","Created node SWD\ScDeviceEnumBus\1 on session 0."
"01-07-2026 10:08:18","101","Information","Microsoft-Windows-SmartCard-DeviceEnum","Created node SWD\ScDeviceEnumBus\0 on session 0."
"01-07-2026 10:07:19","103","Information","Microsoft-Windows-SmartCard-DeviceEnum","ScDeviceEnum service started."
"01-07-2026 10:07:19","101","Information","Microsoft-Windows-SmartCard-DeviceEnum","Created node SWD\ScDeviceEnumBus\1 on session 0."
"01-07-2026 10:07:19","101","Information","Microsoft-Windows-SmartCard-DeviceEnum","Created node SWD\ScDeviceEnumBus\0 on session 0."
"29-06-2026 10:25:37","104","Information","Microsoft-Windows-SmartCard-DeviceEnum","ScDeviceEnum service stopped."
"29-06-2026 10:24:37","101","Information","Microsoft-Windows-SmartCard-DeviceEnum","Created node SWD\ScDeviceEnum\1_Windows_Hello_for_Business_1 on session 1."
"29-06-2026 10:24:20","103","Information","Microsoft-Windows-SmartCard-DeviceEnum","ScDeviceEnum service started."
"29-06-2026 10:24:20","101","Information","Microsoft-Windows-SmartCard-DeviceEnum","Created node SWD\ScDeviceEnumBus\1 on session 0."
"29-06-2026 10:24:20","101","Information","Microsoft-Windows-SmartCard-DeviceEnum","Created node SWD\ScDeviceEnumBus\0 on session 0."
"29-06-2026 10:12:10","103","Information","Microsoft-Windows-SmartCard-DeviceEnum","ScDeviceEnum service started."
"29-06-2026 10:12:10","101","Information","Microsoft-Windows-SmartCard-DeviceEnum","Created node SWD\ScDeviceEnumBus\1 on session 0."
"29-06-2026 10:12:10","101","Information","Microsoft-Windows-SmartCard-DeviceEnum","Created node SWD\ScDeviceEnumBus\0 on session 0."
"29-06-2026 09:03:49","104","Information","Microsoft-Windows-SmartCard-DeviceEnum","ScDeviceEnum service stopped."
"29-06-2026 09:02:49","101","Information","Microsoft-Windows-SmartCard-DeviceEnum","Created node SWD\ScDeviceEnum\1_Windows_Hello_for_Business_1 on session 1."
"29-06-2026 09:02:31","103","Information","Microsoft-Windows-SmartCard-DeviceEnum","ScDeviceEnum service started."
"29-06-2026 09:02:31","101","Information","Microsoft-Windows-SmartCard-DeviceEnum","Created node SWD\ScDeviceEnumBus\1 on session 0."
"29-06-2026 09:02:31","101","Information","Microsoft-Windows-SmartCard-DeviceEnum","Created node SWD\ScDeviceEnumBus\0 on session 0."
"25-06-2026 09:39:23","104","Information","Microsoft-Windows-SmartCard-DeviceEnum","ScDeviceEnum service stopped."
"25-06-2026 09:38:23","101","Information","Microsoft-Windows-SmartCard-DeviceEnum","Created node SWD\ScDeviceEnum\1_Windows_Hello_for_Business_1 on session 1."
"25-06-2026 09:38:23","103","Information","Microsoft-Windows-SmartCard-DeviceEnum","ScDeviceEnum service started."
"25-06-2026 09:38:23","101","Information","Microsoft-Windows-SmartCard-DeviceEnum","Created node SWD\ScDeviceEnumBus\0 on session 0."
"25-06-2026 09:38:23","101","Information","Microsoft-Windows-SmartCard-DeviceEnum","Created node SWD\ScDeviceEnumBus\1 on session 0."
"25-06-2026 09:37:02","104","Information","Microsoft-Windows-SmartCard-DeviceEnum","ScDeviceEnum service stopped."
"25-06-2026 09:36:02","103","Information","Microsoft-Windows-SmartCard-DeviceEnum","ScDeviceEnum service started."
"25-06-2026 09:36:02","101","Information","Microsoft-Windows-SmartCard-DeviceEnum","Created node SWD\ScDeviceEnumBus\1 on session 0."
"25-06-2026 09:36:02","101","Information","Microsoft-Windows-SmartCard-DeviceEnum","Created node SWD\ScDeviceEnumBus\0 on session 0."
"25-06-2026 09:34:42","103","Information","Microsoft-Windows-SmartCard-DeviceEnum","ScDeviceEnum service started."
"25-06-2026 09:34:42","101","Information","Microsoft-Windows-SmartCard-DeviceEnum","Created node SWD\ScDeviceEnumBus\1 on session 0."
"25-06-2026 09:34:42","101","Information","Microsoft-Windows-SmartCard-DeviceEnum","Created node SWD\ScDeviceEnumBus\0 on session 0."
"23-06-2026 09:00:52","104","Information","Microsoft-Windows-SmartCard-DeviceEnum","ScDeviceEnum service stopped."
"23-06-2026 08:59:52","101","Information","Microsoft-Windows-SmartCard-DeviceEnum","Created node SWD\ScDeviceEnum\4_Windows_Hello_for_Business_1 on session 4."
"23-06-2026 08:59:48","103","Information","Microsoft-Windows-SmartCard-DeviceEnum","ScDeviceEnum service started."
"23-06-2026 08:59:48","101","Information","Microsoft-Windows-SmartCard-DeviceEnum","Created node SWD\ScDeviceEnumBus\0 on session 0."
"23-06-2026 08:59:48","101","Information","Microsoft-Windows-SmartCard-DeviceEnum","Created node SWD\ScDeviceEnumBus\1 on session 0."
"23-06-2026 08:58:55","104","Information","Microsoft-Windows-SmartCard-DeviceEnum","ScDeviceEnum service stopped."
"22-06-2026 18:15:29","103","Information","Microsoft-Windows-SmartCard-DeviceEnum","ScDeviceEnum service started."
"22-06-2026 18:15:29","101","Information","Microsoft-Windows-SmartCard-DeviceEnum","Created node SWD\ScDeviceEnumBus\1 on session 0."
"22-06-2026 18:15:29","101","Information","Microsoft-Windows-SmartCard-DeviceEnum","Created node SWD\ScDeviceEnumBus\0 on session 0."
"19-06-2026 09:01:32","104","Information","Microsoft-Windows-SmartCard-DeviceEnum","ScDeviceEnum service stopped."
"19-06-2026 09:00:32","101","Information","Microsoft-Windows-SmartCard-DeviceEnum","Created node SWD\ScDeviceEnum\3_Windows_Hello_for_Business_1 on session 3."
"19-06-2026 09:00:32","103","Information","Microsoft-Windows-SmartCard-DeviceEnum","ScDeviceEnum service started."
"19-06-2026 09:00:32","101","Information","Microsoft-Windows-SmartCard-DeviceEnum","Created node SWD\ScDeviceEnumBus\0 on session 0."
"19-06-2026 09:00:32","101","Information","Microsoft-Windows-SmartCard-DeviceEnum","Created node SWD\ScDeviceEnumBus\1 on session 0."
"19-06-2026 09:00:26","104","Information","Microsoft-Windows-SmartCard-DeviceEnum","ScDeviceEnum service stopped."
"18-06-2026 19:04:37","103","Information","Microsoft-Windows-SmartCard-DeviceEnum","ScDeviceEnum service started."
"18-06-2026 19:04:37","101","Information","Microsoft-Windows-SmartCard-DeviceEnum","Created node SWD\ScDeviceEnumBus\1 on session 0."
"18-06-2026 19:04:37","101","Information","Microsoft-Windows-SmartCard-DeviceEnum","Created node SWD\ScDeviceEnumBus\0 on session 0."
"18-06-2026 09:08:00","104","Information","Microsoft-Windows-SmartCard-DeviceEnum","ScDeviceEnum service stopped."
"18-06-2026 09:07:00","101","Information","Microsoft-Windows-SmartCard-DeviceEnum","Created node SWD\ScDeviceEnum\1_Windows_Hello_for_Business_1 on session 1."
"18-06-2026 09:07:00","103","Information","Microsoft-Windows-SmartCard-DeviceEnum","ScDeviceEnum service started."
"18-06-2026 09:07:00","101","Information","Microsoft-Windows-SmartCard-DeviceEnum","Created node SWD\ScDeviceEnumBus\0 on session 0."
"18-06-2026 09:07:00","101","Information","Microsoft-Windows-SmartCard-DeviceEnum","Created node SWD\ScDeviceEnumBus\1 on session 0."
"18-06-2026 09:06:37","104","Information","Microsoft-Windows-SmartCard-DeviceEnum","ScDeviceEnum service stopped."
"18-06-2026 09:05:37","103","Information","Microsoft-Windows-SmartCard-DeviceEnum","ScDeviceEnum service started."
"18-06-2026 09:05:37","101","Information","Microsoft-Windows-SmartCard-DeviceEnum","Created node SWD\ScDeviceEnumBus\1 on session 0."
"18-06-2026 09:05:37","101","Information","Microsoft-Windows-SmartCard-DeviceEnum","Created node SWD\ScDeviceEnumBus\0 on session 0."
"17-06-2026 19:18:22","103","Information","Microsoft-Windows-SmartCard-DeviceEnum","ScDeviceEnum service started."
"17-06-2026 19:18:22","101","Information","Microsoft-Windows-SmartCard-DeviceEnum","Created node SWD\ScDeviceEnumBus\1 on session 0."
"17-06-2026 19:18:22","101","Information","Microsoft-Windows-SmartCard-DeviceEnum","Created node SWD\ScDeviceEnumBus\0 on session 0."
"17-06-2026 19:16:54","103","Information","Microsoft-Windows-SmartCard-DeviceEnum","ScDeviceEnum service started."
"17-06-2026 19:16:54","101","Information","Microsoft-Windows-SmartCard-DeviceEnum","Created node SWD\ScDeviceEnumBus\1 on session 0."
"17-06-2026 19:16:54","101","Information","Microsoft-Windows-SmartCard-DeviceEnum","Created node SWD\ScDeviceEnumBus\0 on session 0."
"17-06-2026 19:14:50","104","Information","Microsoft-Windows-SmartCard-DeviceEnum","ScDeviceEnum service stopped."
"17-06-2026 19:13:50","103","Information","Microsoft-Windows-SmartCard-DeviceEnum","ScDeviceEnum service started."
"17-06-2026 19:13:50","101","Information","Microsoft-Windows-SmartCard-DeviceEnum","Created node SWD\ScDeviceEnumBus\0 on session 0."
"17-06-2026 19:13:50","101","Information","Microsoft-Windows-SmartCard-DeviceEnum","Created node SWD\ScDeviceEnumBus\1 on session 0."
"17-06-2026 19:11:45","104","Information","Microsoft-Windows-SmartCard-DeviceEnum","ScDeviceEnum service stopped."
"17-06-2026 19:10:45","103","Information","Microsoft-Windows-SmartCard-DeviceEnum","ScDeviceEnum service started."
"17-06-2026 19:10:45","101","Information","Microsoft-Windows-SmartCard-DeviceEnum","Created node SWD\ScDeviceEnumBus\1 on session 0."
"17-06-2026 19:10:45","101","Information","Microsoft-Windows-SmartCard-DeviceEnum","Created node SWD\ScDeviceEnumBus\0 on session 0."
"16-06-2026 10:00:46","104","Information","Microsoft-Windows-SmartCard-DeviceEnum","ScDeviceEnum service stopped."
"16-06-2026 09:59:46","101","Information","Microsoft-Windows-SmartCard-DeviceEnum","Created node SWD\ScDeviceEnum\1_Windows_Hello_for_Business_1 on session 1."
"16-06-2026 09:59:24","103","Information","Microsoft-Windows-SmartCard-DeviceEnum","ScDeviceEnum service started."
"16-06-2026 09:59:24","101","Information","Microsoft-Windows-SmartCard-DeviceEnum","Created node SWD\ScDeviceEnumBus\1 on session 0."
"16-06-2026 09:59:24","101","Information","Microsoft-Windows-SmartCard-DeviceEnum","Created node SWD\ScDeviceEnumBus\0 on session 0."
"16-06-2026 09:47:34","104","Information","Microsoft-Windows-SmartCard-DeviceEnum","ScDeviceEnum service stopped."
"16-06-2026 09:46:34","103","Information","Microsoft-Windows-SmartCard-DeviceEnum","ScDeviceEnum service started."
"16-06-2026 09:46:34","101","Information","Microsoft-Windows-SmartCard-DeviceEnum","Created node SWD\ScDeviceEnumBus\1 on session 0."
"16-06-2026 09:46:34","101","Information","Microsoft-Windows-SmartCard-DeviceEnum","Created node SWD\ScDeviceEnumBus\0 on session 0."
"12-06-2026 09:56:00","104","Information","Microsoft-Windows-SmartCard-DeviceEnum","ScDeviceEnum service stopped."
"12-06-2026 09:55:00","101","Information","Microsoft-Windows-SmartCard-DeviceEnum","Created node SWD\ScDeviceEnum\1_Windows_Hello_for_Business_1 on session 1."
"12-06-2026 09:54:37","103","Information","Microsoft-Windows-SmartCard-DeviceEnum","ScDeviceEnum service started."
"12-06-2026 09:54:37","101","Information","Microsoft-Windows-SmartCard-DeviceEnum","Created node SWD\ScDeviceEnumBus\1 on session 0."
"12-06-2026 09:54:37","101","Information","Microsoft-Windows-SmartCard-DeviceEnum","Created node SWD\ScDeviceEnumBus\0 on session 0."
"12-06-2026 09:53:32","103","Information","Microsoft-Windows-SmartCard-DeviceEnum","ScDeviceEnum service started."
"12-06-2026 09:53:32","101","Information","Microsoft-Windows-SmartCard-DeviceEnum","Created node SWD\ScDeviceEnumBus\1 on session 0."
"12-06-2026 09:53:32","101","Information","Microsoft-Windows-SmartCard-DeviceEnum","Created node SWD\ScDeviceEnumBus\0 on session 0."
"08-06-2026 19:15:16","104","Information","Microsoft-Windows-SmartCard-DeviceEnum","ScDeviceEnum service stopped."
"08-06-2026 19:14:16","101","Information","Microsoft-Windows-SmartCard-DeviceEnum","Created node SWD\ScDeviceEnum\1_Windows_Hello_for_Business_1 on session 1."
"08-06-2026 19:13:54","103","Information","Microsoft-Windows-SmartCard-DeviceEnum","ScDeviceEnum service started."
"08-06-2026 19:13:54","101","Information","Microsoft-Windows-SmartCard-DeviceEnum","Created node SWD\ScDeviceEnumBus\1 on session 0."
"08-06-2026 19:13:54","101","Information","Microsoft-Windows-SmartCard-DeviceEnum","Created node SWD\ScDeviceEnumBus\0 on session 0."
"08-06-2026 19:12:50","103","Information","Microsoft-Windows-SmartCard-DeviceEnum","ScDeviceEnum service started."
"08-06-2026 19:12:50","101","Information","Microsoft-Windows-SmartCard-DeviceEnum","Created node SWD\ScDeviceEnumBus\1 on session 0."
"08-06-2026 19:12:50","101","Information","Microsoft-Windows-SmartCard-DeviceEnum","Created node SWD\ScDeviceEnumBus\0 on session 0."
"08-06-2026 09:41:35","104","Information","Microsoft-Windows-SmartCard-DeviceEnum","ScDeviceEnum service stopped."
"08-06-2026 09:40:35","101","Information","Microsoft-Windows-SmartCard-DeviceEnum","Created node SWD\ScDeviceEnum\1_Windows_Hello_for_Business_1 on session 1."
"08-06-2026 09:40:09","103","Information","Microsoft-Windows-SmartCard-DeviceEnum","ScDeviceEnum service started."
"08-06-2026 09:40:09","101","Information","Microsoft-Windows-SmartCard-DeviceEnum","Created node SWD\ScDeviceEnumBus\1 on session 0."
"08-06-2026 09:40:09","101","Information","Microsoft-Windows-SmartCard-DeviceEnum","Created node SWD\ScDeviceEnumBus\0 on session 0."
"08-06-2026 09:39:06","103","Information","Microsoft-Windows-SmartCard-DeviceEnum","ScDeviceEnum service started."
"08-06-2026 09:39:06","101","Information","Microsoft-Windows-SmartCard-DeviceEnum","Created node SWD\ScDeviceEnumBus\1 on session 0."
"08-06-2026 09:39:06","101","Information","Microsoft-Windows-SmartCard-DeviceEnum","Created node SWD\ScDeviceEnumBus\0 on session 0."
"03-06-2026 10:22:08","104","Information","Microsoft-Windows-SmartCard-DeviceEnum","ScDeviceEnum service stopped."
"03-06-2026 10:21:08","101","Information","Microsoft-Windows-SmartCard-DeviceEnum","Created node SWD\ScDeviceEnum\1_Windows_Hello_for_Business_1 on session 1."
"03-06-2026 10:21:08","103","Information","Microsoft-Windows-SmartCard-DeviceEnum","ScDeviceEnum service started."
"03-06-2026 10:21:08","101","Information","Microsoft-Windows-SmartCard-DeviceEnum","Created node SWD\ScDeviceEnumBus\0 on session 0."
"03-06-2026 10:21:08","101","Information","Microsoft-Windows-SmartCard-DeviceEnum","Created node SWD\ScDeviceEnumBus\1 on session 0."
"03-06-2026 10:15:06","104","Information","Microsoft-Windows-SmartCard-DeviceEnum","ScDeviceEnum service stopped."
"03-06-2026 10:14:06","103","Information","Microsoft-Windows-SmartCard-DeviceEnum","ScDeviceEnum service started."
"03-06-2026 10:14:06","101","Information","Microsoft-Windows-SmartCard-DeviceEnum","Created node SWD\ScDeviceEnumBus\1 on session 0."
"03-06-2026 10:14:06","101","Information","Microsoft-Windows-SmartCard-DeviceEnum","Created node SWD\ScDeviceEnumBus\0 on session 0."
"03-06-2026 00:41:50","103","Information","Microsoft-Windows-SmartCard-DeviceEnum","ScDeviceEnum service started."
"03-06-2026 00:41:50","101","Information","Microsoft-Windows-SmartCard-DeviceEnum","Created node SWD\ScDeviceEnumBus\1 on session 0."
"03-06-2026 00:41:50","101","Information","Microsoft-Windows-SmartCard-DeviceEnum","Created node SWD\ScDeviceEnumBus\0 on session 0."
"03-06-2026 00:15:03","104","Information","Microsoft-Windows-SmartCard-DeviceEnum","ScDeviceEnum service stopped."
"03-06-2026 00:14:03","101","Information","Microsoft-Windows-SmartCard-DeviceEnum","Created node SWD\ScDeviceEnum\1_Windows_Hello_for_Business_1 on session 1."
"03-06-2026 00:13:34","103","Information","Microsoft-Windows-SmartCard-DeviceEnum","ScDeviceEnum service started."
"03-06-2026 00:13:34","101","Information","Microsoft-Windows-SmartCard-DeviceEnum","Created node SWD\ScDeviceEnumBus\1 on session 0."
"03-06-2026 00:13:34","101","Information","Microsoft-Windows-SmartCard-DeviceEnum","Created node SWD\ScDeviceEnumBus\0 on session 0."
"03-06-2026 00:12:33","103","Information","Microsoft-Windows-SmartCard-DeviceEnum","ScDeviceEnum service started."
"03-06-2026 00:12:33","101","Information","Microsoft-Windows-SmartCard-DeviceEnum","Created node SWD\ScDeviceEnumBus\1 on session 0."
"03-06-2026 00:12:33","101","Information","Microsoft-Windows-SmartCard-DeviceEnum","Created node SWD\ScDeviceEnumBus\0 on session 0."
"02-06-2026 10:15:35","104","Information","Microsoft-Windows-SmartCard-DeviceEnum","ScDeviceEnum service stopped."
"02-06-2026 10:14:35","101","Information","Microsoft-Windows-SmartCard-DeviceEnum","Created node SWD\ScDeviceEnum\1_Windows_Hello_for_Business_1 on session 1."
"02-06-2026 10:14:12","103","Information","Microsoft-Windows-SmartCard-DeviceEnum","ScDeviceEnum service started."
"02-06-2026 10:14:12","101","Information","Microsoft-Windows-SmartCard-DeviceEnum","Created node SWD\ScDeviceEnumBus\1 on session 0."
"02-06-2026 10:14:12","101","Information","Microsoft-Windows-SmartCard-DeviceEnum","Created node SWD\ScDeviceEnumBus\0 on session 0."
"02-06-2026 10:13:07","103","Information","Microsoft-Windows-SmartCard-DeviceEnum","ScDeviceEnum service started."
"02-06-2026 10:13:07","101","Information","Microsoft-Windows-SmartCard-DeviceEnum","Created node SWD\ScDeviceEnumBus\1 on session 0."
"02-06-2026 10:13:07","101","Information","Microsoft-Windows-SmartCard-DeviceEnum","Created node SWD\ScDeviceEnumBus\0 on session 0."
"01-06-2026 09:28:31","104","Information","Microsoft-Windows-SmartCard-DeviceEnum","ScDeviceEnum service stopped."
"01-06-2026 09:27:31","101","Information","Microsoft-Windows-SmartCard-DeviceEnum","Created node SWD\ScDeviceEnum\1_Windows_Hello_for_Business_1 on session 1."
"01-06-2026 09:27:31","103","Information","Microsoft-Windows-SmartCard-DeviceEnum","ScDeviceEnum service started."
"01-06-2026 09:27:31","101","Information","Microsoft-Windows-SmartCard-DeviceEnum","Created node SWD\ScDeviceEnumBus\0 on session 0."
"01-06-2026 09:27:31","101","Information","Microsoft-Windows-SmartCard-DeviceEnum","Created node SWD\ScDeviceEnumBus\1 on session 0."
"01-06-2026 09:20:27","104","Information","Microsoft-Windows-SmartCard-DeviceEnum","ScDeviceEnum service stopped."
"01-06-2026 09:19:27","103","Information","Microsoft-Windows-SmartCard-DeviceEnum","ScDeviceEnum service started."
"01-06-2026 09:19:27","101","Information","Microsoft-Windows-SmartCard-DeviceEnum","Created node SWD\ScDeviceEnumBus\1 on session 0."
"01-06-2026 09:19:27","101","Information","Microsoft-Windows-SmartCard-DeviceEnum","Created node SWD\ScDeviceEnumBus\0 on session 0."
"01-06-2026 09:18:21","103","Information","Microsoft-Windows-SmartCard-DeviceEnum","ScDeviceEnum service started."
"01-06-2026 09:18:21","101","Information","Microsoft-Windows-SmartCard-DeviceEnum","Created node SWD\ScDeviceEnumBus\1 on session 0."
"01-06-2026 09:18:21","101","Information","Microsoft-Windows-SmartCard-DeviceEnum","Created node SWD\ScDeviceEnumBus\0 on session 0."
"28-05-2026 10:21:09","104","Information","Microsoft-Windows-SmartCard-DeviceEnum","ScDeviceEnum service stopped."
"28-05-2026 10:20:09","101","Information","Microsoft-Windows-SmartCard-DeviceEnum","Created node SWD\ScDeviceEnum\1_Windows_Hello_for_Business_1 on session 1."
"28-05-2026 10:19:42","103","Information","Microsoft-Windows-SmartCard-DeviceEnum","ScDeviceEnum service started."
"28-05-2026 10:19:42","101","Information","Microsoft-Windows-SmartCard-DeviceEnum","Created node SWD\ScDeviceEnumBus\1 on session 0."
"28-05-2026 10:19:42","101","Information","Microsoft-Windows-SmartCard-DeviceEnum","Created node SWD\ScDeviceEnumBus\0 on session 0."
"28-05-2026 10:18:27","103","Information","Microsoft-Windows-SmartCard-DeviceEnum","ScDeviceEnum service started."
"28-05-2026 10:18:27","101","Information","Microsoft-Windows-SmartCard-DeviceEnum","Created node SWD\ScDeviceEnumBus\1 on session 0."
"28-05-2026 10:18:27","101","Information","Microsoft-Windows-SmartCard-DeviceEnum","Created node SWD\ScDeviceEnumBus\0 on session 0."
"25-05-2026 09:02:27","104","Information","Microsoft-Windows-SmartCard-DeviceEnum","ScDeviceEnum service stopped."
"25-05-2026 09:01:27","101","Information","Microsoft-Windows-SmartCard-DeviceEnum","Created node SWD\ScDeviceEnum\1_Windows_Hello_for_Business_1 on session 1."
"25-05-2026 09:01:27","103","Information","Microsoft-Windows-SmartCard-DeviceEnum","ScDeviceEnum service started."
"25-05-2026 09:01:27","101","Information","Microsoft-Windows-SmartCard-DeviceEnum","Created node SWD\ScDeviceEnumBus\1 on session 0."
"25-05-2026 09:01:27","101","Information","Microsoft-Windows-SmartCard-DeviceEnum","Created node SWD\ScDeviceEnumBus\0 on session 0."
