"14-08-2026 15:52:12","12","Information","Microsoft-Windows-MF-FrameServer","FrameServer WatchdogTimer Stop Event, TimerScope: FSStream, TimerScopeId: 1313087303008, WatchdogOperation: Stop, DurationToCompletionInHns: 2616510."
"14-08-2026 15:52:12","11","Information","Microsoft-Windows-MF-FrameServer","FrameServer WatchdogTimer Start Event, TimerScope: FSStream, TimerScopeId: 1313087303008, WatchdogOperation: Stop, DurationToTriggerInHns: 200000000, 
SymbolicLink: \\?\USB#VID_0BDA&PID_5599&MI_00#6&236e8108&0&0000#{e5323777-f976-4f5b-9b55-b94699c46e44}\Global."
"14-08-2026 15:10:44","5","Information","Microsoft-Windows-MF-FrameServer","FrameServer FsProxy D3dManager Stop, hr=0x0."
"14-08-2026 15:10:44","4","Information","Microsoft-Windows-MF-FrameServer","FrameServer FsProxy D3dManager Start, D3dDesc: Intel(R) Graphics, LUID: 0x10DFF, VendorId: 32902, DeviceId: 32065, SubSysId: 216535080."
"14-08-2026 15:10:44","3","Information","Microsoft-Windows-MF-FrameServer","FrameServer FsProxy SetOutputType Stop, hr=0x0."
"14-08-2026 15:10:44","2","Information","Microsoft-Windows-MF-FrameServer","FrameServer FsProxy SetOutputType Start, PinId: 0, MediaType: FrameSize=5497558139600 (1280,720),MajorType={73646976-0000-0010-8000-00AA00389B71},FrameRate=128849018881 (30,1),PixelAspectRatio=4294967297 (1,1),InterlacedMode=2,Subtype={32595559-0000-0010-8000-00AA00389B71}."
"14-08-2026 15:10:44","5","Information","Microsoft-Windows-MF-FrameServer","FrameServer FsProxy D3dManager Stop, hr=0x0."
"14-08-2026 15:10:44","4","Information","Microsoft-Windows-MF-FrameServer","FrameServer FsProxy D3dManager Start, D3dDesc: Intel(R) Graphics, LUID: 0x10DFF, VendorId: 32902, DeviceId: 32065, SubSysId: 216535080."
"14-08-2026 15:10:44","5","Information","Microsoft-Windows-MF-FrameServer","FrameServer FsProxy D3dManager Stop, hr=0x0."
"14-08-2026 15:10:44","4","Information","Microsoft-Windows-MF-FrameServer","FrameServer FsProxy D3dManager Start, D3dDesc: Intel(R) Graphics, LUID: 0x10DFF, VendorId: 32902, DeviceId: 32065, SubSysId: 216535080."
"14-08-2026 15:10:44","7","Information","Microsoft-Windows-MF-FrameServer","FrameServer FsProxy Initialization Stop, SymbolicLink: \\?\usb#vid_0bda&pid_5599&mi_00#6&236e8108&0&0000#{e5323777-f976-4f5b-9b55-b94699c46e44}\global, Devices: 1, Streams: 1, StreamType: MASTER, hr: 0x0."
"14-08-2026 15:10:44","12","Information","Microsoft-Windows-MF-FrameServer","FrameServer WatchdogTimer Stop Event, TimerScope: FSSource, TimerScopeId: 0, WatchdogOperation: Activate, DurationToCompletionInHns: 55."
"14-08-2026 15:10:44","11","Information","Microsoft-Windows-MF-FrameServer","FrameServer WatchdogTimer Start Event, TimerScope: FSSource, TimerScopeId: 0, WatchdogOperation: Activate, DurationToTriggerInHns: 200000000, 
SymbolicLink: <none>."
"14-08-2026 15:10:44","6","Information","Microsoft-Windows-MF-FrameServer","FrameServer FsProxy Initialization Start, SymbolicLink: \\?\usb#vid_0bda&pid_5599&mi_00#6&236e8108&0&0000#{e5323777-f976-4f5b-9b55-b94699c46e44}\global, Devices: 1, StreamType: MASTER."
"14-08-2026 15:10:44","5","Information","Microsoft-Windows-MF-FrameServer","FrameServer FsProxy D3dManager Stop, hr=0x0."
"14-08-2026 15:10:44","4","Information","Microsoft-Windows-MF-FrameServer","FrameServer FsProxy D3dManager Start, D3dDesc: Intel(R) Graphics, LUID: 0x10DFF, VendorId: 32902, DeviceId: 32065, SubSysId: 216535080."
"14-08-2026 15:10:44","3","Information","Microsoft-Windows-MF-FrameServer","FrameServer FsProxy SetOutputType Stop, hr=0x0."
"14-08-2026 15:10:44","2","Information","Microsoft-Windows-MF-FrameServer","FrameServer FsProxy SetOutputType Start, PinId: 0, MediaType: FrameSize=5497558139600 (1280,720),MajorType={73646976-0000-0010-8000-00AA00389B71},FrameRate=128849018881 (30,1),PixelAspectRatio=4294967297 (1,1),InterlacedMode=2,Subtype={32595559-0000-0010-8000-00AA00389B71}."
"14-08-2026 15:10:44","5","Information","Microsoft-Windows-MF-FrameServer","FrameServer FsProxy D3dManager Stop, hr=0x0."
"14-08-2026 15:10:44","4","Information","Microsoft-Windows-MF-FrameServer","FrameServer FsProxy D3dManager Start, D3dDesc: Intel(R) Graphics, LUID: 0x10DFF, VendorId: 32902, DeviceId: 32065, SubSysId: 216535080."
"14-08-2026 15:10:44","5","Information","Microsoft-Windows-MF-FrameServer","FrameServer FsProxy D3dManager Stop, hr=0x0."
"14-08-2026 15:10:44","4","Information","Microsoft-Windows-MF-FrameServer","FrameServer FsProxy D3dManager Start, D3dDesc: Intel(R) Graphics, LUID: 0x10DFF, VendorId: 32902, DeviceId: 32065, SubSysId: 216535080."
"14-08-2026 15:10:44","7","Information","Microsoft-Windows-MF-FrameServer","FrameServer FsProxy Initialization Stop, SymbolicLink: \\?\usb#vid_0bda&pid_5599&mi_00#6&236e8108&0&0000#{e5323777-f976-4f5b-9b55-b94699c46e44}\global, Devices: 1, Streams: 1, StreamType: MASTER, hr: 0x0."
"14-08-2026 15:10:44","12","Information","Microsoft-Windows-MF-FrameServer","FrameServer WatchdogTimer Stop Event, TimerScope: FSSource, TimerScopeId: 0, WatchdogOperation: Activate, DurationToCompletionInHns: 50."
"14-08-2026 15:10:44","11","Information","Microsoft-Windows-MF-FrameServer","FrameServer WatchdogTimer Start Event, TimerScope: FSSource, TimerScopeId: 0, WatchdogOperation: Activate, DurationToTriggerInHns: 200000000, 
SymbolicLink: <none>."
"14-08-2026 15:10:44","6","Information","Microsoft-Windows-MF-FrameServer","FrameServer FsProxy Initialization Start, SymbolicLink: \\?\usb#vid_0bda&pid_5599&mi_00#6&236e8108&0&0000#{e5323777-f976-4f5b-9b55-b94699c46e44}\global, Devices: 1, StreamType: MASTER."
"14-08-2026 15:10:44","5","Information","Microsoft-Windows-MF-FrameServer","FrameServer FsProxy D3dManager Stop, hr=0x0."
"14-08-2026 15:10:44","4","Information","Microsoft-Windows-MF-FrameServer","FrameServer FsProxy D3dManager Start, D3dDesc: Intel(R) Graphics, LUID: 0x10DFF, VendorId: 32902, DeviceId: 32065, SubSysId: 216535080."
"14-08-2026 15:10:44","3","Information","Microsoft-Windows-MF-FrameServer","FrameServer FsProxy SetOutputType Stop, hr=0x0."
"14-08-2026 15:10:44","2","Information","Microsoft-Windows-MF-FrameServer","FrameServer FsProxy SetOutputType Start, PinId: 0, MediaType: FrameSize=5497558139600 (1280,720),MajorType={73646976-0000-0010-8000-00AA00389B71},FrameRate=128849018881 (30,1),PixelAspectRatio=4294967297 (1,1),InterlacedMode=2,Subtype={32595559-0000-0010-8000-00AA00389B71}."
"14-08-2026 15:10:44","5","Information","Microsoft-Windows-MF-FrameServer","FrameServer FsProxy D3dManager Stop, hr=0x0."
"14-08-2026 15:10:44","4","Information","Microsoft-Windows-MF-FrameServer","FrameServer FsProxy D3dManager Start, D3dDesc: Intel(R) Graphics, LUID: 0x10DFF, VendorId: 32902, DeviceId: 32065, SubSysId: 216535080."
"14-08-2026 15:10:44","3","Information","Microsoft-Windows-MF-FrameServer","FrameServer FsProxy SetOutputType Stop, hr=0x0."
"14-08-2026 15:10:44","2","Information","Microsoft-Windows-MF-FrameServer","FrameServer FsProxy SetOutputType Start, PinId: 0, MediaType: FrameSize=5497558139600 (1280,720),MajorType={73646976-0000-0010-8000-00AA00389B71},FrameRate=128849018881 (30,1),PixelAspectRatio=4294967297 (1,1),InterlacedMode=2,Subtype={32595559-0000-0010-8000-00AA00389B71}."
"14-08-2026 15:10:44","5","Information","Microsoft-Windows-MF-FrameServer","FrameServer FsProxy D3dManager Stop, hr=0x0."
"14-08-2026 15:10:44","4","Information","Microsoft-Windows-MF-FrameServer","FrameServer FsProxy D3dManager Start, D3dDesc: Intel(R) Graphics, LUID: 0x10DFF, VendorId: 32902, DeviceId: 32065, SubSysId: 216535080."
"14-08-2026 15:10:44","5","Information","Microsoft-Windows-MF-FrameServer","FrameServer FsProxy D3dManager Stop, hr=0x0."
"14-08-2026 15:10:44","4","Information","Microsoft-Windows-MF-FrameServer","FrameServer FsProxy D3dManager Start, D3dDesc: Intel(R) Graphics, LUID: 0x10DFF, VendorId: 32902, DeviceId: 32065, SubSysId: 216535080."
"14-08-2026 15:10:44","5","Information","Microsoft-Windows-MF-FrameServer","FrameServer FsProxy D3dManager Stop, hr=0x0."
"14-08-2026 15:10:44","4","Information","Microsoft-Windows-MF-FrameServer","FrameServer FsProxy D3dManager Start, D3dDesc: Intel(R) Graphics, LUID: 0x10DFF, VendorId: 32902, DeviceId: 32065, SubSysId: 216535080."
"14-08-2026 15:10:44","5","Information","Microsoft-Windows-MF-FrameServer","FrameServer FsProxy D3dManager Stop, hr=0x0."
"14-08-2026 15:10:44","4","Information","Microsoft-Windows-MF-FrameServer","FrameServer FsProxy D3dManager Start, D3dDesc: Intel(R) Graphics, LUID: 0x10DFF, VendorId: 32902, DeviceId: 32065, SubSysId: 216535080."
"14-08-2026 15:10:44","7","Information","Microsoft-Windows-MF-FrameServer","FrameServer FsProxy Initialization Stop, SymbolicLink: \\?\usb#vid_0bda&pid_5599&mi_00#6&236e8108&0&0000#{e5323777-f976-4f5b-9b55-b94699c46e44}\global, Devices: 1, Streams: 1, StreamType: MASTER, hr: 0x0."
"14-08-2026 15:10:44","7","Information","Microsoft-Windows-MF-FrameServer","FrameServer FsProxy Initialization Stop, SymbolicLink: \\?\usb#vid_0bda&pid_5599&mi_00#6&236e8108&0&0000#{e5323777-f976-4f5b-9b55-b94699c46e44}\global, Devices: 1, Streams: 1, StreamType: MASTER, hr: 0x0."
"14-08-2026 15:10:44","12","Information","Microsoft-Windows-MF-FrameServer","FrameServer WatchdogTimer Stop Event, TimerScope: FSSource, TimerScopeId: 0, WatchdogOperation: Activate, DurationToCompletionInHns: 39."
"14-08-2026 15:10:44","11","Information","Microsoft-Windows-MF-FrameServer","FrameServer WatchdogTimer Start Event, TimerScope: FSSource, TimerScopeId: 0, WatchdogOperation: Activate, DurationToTriggerInHns: 200000000, 
SymbolicLink: <none>."
"14-08-2026 15:10:44","12","Information","Microsoft-Windows-MF-FrameServer","FrameServer WatchdogTimer Stop Event, TimerScope: FSSource, TimerScopeId: 0, WatchdogOperation: Activate, DurationToCompletionInHns: 39."
"14-08-2026 15:10:44","11","Information","Microsoft-Windows-MF-FrameServer","FrameServer WatchdogTimer Start Event, TimerScope: FSSource, TimerScopeId: 0, WatchdogOperation: Activate, DurationToTriggerInHns: 200000000, 
SymbolicLink: <none>."
"14-08-2026 15:10:44","6","Information","Microsoft-Windows-MF-FrameServer","FrameServer FsProxy Initialization Start, SymbolicLink: \\?\usb#vid_0bda&pid_5599&mi_00#6&236e8108&0&0000#{e5323777-f976-4f5b-9b55-b94699c46e44}\global, Devices: 1, StreamType: MASTER."
"14-08-2026 15:10:44","6","Information","Microsoft-Windows-MF-FrameServer","FrameServer FsProxy Initialization Start, SymbolicLink: \\?\usb#vid_0bda&pid_5599&mi_00#6&236e8108&0&0000#{e5323777-f976-4f5b-9b55-b94699c46e44}\global, Devices: 1, StreamType: MASTER."
"14-08-2026 15:10:44","12","Information","Microsoft-Windows-MF-FrameServer","FrameServer WatchdogTimer Stop Event, TimerScope: FSStream, TimerScopeId: 1313087303008, WatchdogOperation: Start, DurationToCompletionInHns: 57918."
"14-08-2026 15:10:44","11","Information","Microsoft-Windows-MF-FrameServer","FrameServer WatchdogTimer Start Event, TimerScope: FSStream, TimerScopeId: 1313087303008, WatchdogOperation: Start, DurationToTriggerInHns: 200000000, 
SymbolicLink: \\?\USB#VID_0BDA&PID_5599&MI_00#6&236e8108&0&0000#{e5323777-f976-4f5b-9b55-b94699c46e44}\Global."
"14-08-2026 15:10:44","3","Information","Microsoft-Windows-MF-FrameServer","FrameServer FsProxy SetOutputType Stop, hr=0x0."
"14-08-2026 15:10:44","2","Information","Microsoft-Windows-MF-FrameServer","FrameServer FsProxy SetOutputType Start, PinId: 0, MediaType: FrameSize=5497558139600 (1280,720),MajorType={73646976-0000-0010-8000-00AA00389B71},FrameRate=128849018881 (30,1),PixelAspectRatio=4294967297 (1,1),InterlacedMode=2,Subtype={32595559-0000-0010-8000-00AA00389B71}."
"14-08-2026 15:10:44","12","Information","Microsoft-Windows-MF-FrameServer","FrameServer WatchdogTimer Stop Event, TimerScope: FSStream, TimerScopeId: 1313087303008, WatchdogOperation: Stop, DurationToCompletionInHns: 2864228."
"14-08-2026 15:10:44","11","Information","Microsoft-Windows-MF-FrameServer","FrameServer WatchdogTimer Start Event, TimerScope: FSStream, TimerScopeId: 1313087303008, WatchdogOperation: Stop, DurationToTriggerInHns: 200000000, 
SymbolicLink: \\?\USB#VID_0BDA&PID_5599&MI_00#6&236e8108&0&0000#{e5323777-f976-4f5b-9b55-b94699c46e44}\Global."
"14-08-2026 15:10:42","5","Information","Microsoft-Windows-MF-FrameServer","FrameServer FsProxy D3dManager Stop, hr=0x0."
"14-08-2026 15:10:42","4","Information","Microsoft-Windows-MF-FrameServer","FrameServer FsProxy D3dManager Start, D3dDesc: Intel(R) Graphics, LUID: 0x10DFF, VendorId: 32902, DeviceId: 32065, SubSysId: 216535080."
"14-08-2026 15:10:42","3","Information","Microsoft-Windows-MF-FrameServer","FrameServer FsProxy SetOutputType Stop, hr=0x0."
"14-08-2026 15:10:42","2","Information","Microsoft-Windows-MF-FrameServer","FrameServer FsProxy SetOutputType Start, PinId: 0, MediaType: FrameSize=8246337209400 (1920,1080),MajorType={73646976-0000-0010-8000-00AA00389B71},FrameRate=128849018881 (30,1),PixelAspectRatio=4294967297 (1,1),InterlacedMode=2,Subtype={32595559-0000-0010-8000-00AA00389B71}."
"14-08-2026 15:10:42","5","Information","Microsoft-Windows-MF-FrameServer","FrameServer FsProxy D3dManager Stop, hr=0x0."
"14-08-2026 15:10:42","4","Information","Microsoft-Windows-MF-FrameServer","FrameServer FsProxy D3dManager Start, D3dDesc: Intel(R) Graphics, LUID: 0x10DFF, VendorId: 32902, DeviceId: 32065, SubSysId: 216535080."
"14-08-2026 15:10:42","5","Information","Microsoft-Windows-MF-FrameServer","FrameServer FsProxy D3dManager Stop, hr=0x0."
"14-08-2026 15:10:42","4","Information","Microsoft-Windows-MF-FrameServer","FrameServer FsProxy D3dManager Start, D3dDesc: Intel(R) Graphics, LUID: 0x10DFF, VendorId: 32902, DeviceId: 32065, SubSysId: 216535080."
"14-08-2026 15:10:42","3","Information","Microsoft-Windows-MF-FrameServer","FrameServer FsProxy SetOutputType Stop, hr=0x0."
"14-08-2026 15:10:42","2","Information","Microsoft-Windows-MF-FrameServer","FrameServer FsProxy SetOutputType Start, PinId: 0, MediaType: FrameSize=8246337209400 (1920,1080),MajorType={73646976-0000-0010-8000-00AA00389B71},FrameRate=128849018881 (30,1),PixelAspectRatio=4294967297 (1,1),InterlacedMode=2,Subtype={32595559-0000-0010-8000-00AA00389B71}."
"14-08-2026 15:10:42","5","Information","Microsoft-Windows-MF-FrameServer","FrameServer FsProxy D3dManager Stop, hr=0x0."
"14-08-2026 15:10:42","4","Information","Microsoft-Windows-MF-FrameServer","FrameServer FsProxy D3dManager Start, D3dDesc: Intel(R) Graphics, LUID: 0x10DFF, VendorId: 32902, DeviceId: 32065, SubSysId: 216535080."
"14-08-2026 15:10:42","5","Information","Microsoft-Windows-MF-FrameServer","FrameServer FsProxy D3dManager Stop, hr=0x0."
"14-08-2026 15:10:42","4","Information","Microsoft-Windows-MF-FrameServer","FrameServer FsProxy D3dManager Start, D3dDesc: Intel(R) Graphics, LUID: 0x10DFF, VendorId: 32902, DeviceId: 32065, SubSysId: 216535080."
"14-08-2026 15:10:42","5","Information","Microsoft-Windows-MF-FrameServer","FrameServer FsProxy D3dManager Stop, hr=0x0."
"14-08-2026 15:10:42","4","Information","Microsoft-Windows-MF-FrameServer","FrameServer FsProxy D3dManager Start, D3dDesc: Intel(R) Graphics, LUID: 0x10DFF, VendorId: 32902, DeviceId: 32065, SubSysId: 216535080."
"14-08-2026 15:10:42","7","Information","Microsoft-Windows-MF-FrameServer","FrameServer FsProxy Initialization Stop, SymbolicLink: \\?\usb#vid_0bda&pid_5599&mi_00#6&236e8108&0&0000#{e5323777-f976-4f5b-9b55-b94699c46e44}\global, Devices: 1, Streams: 1, StreamType: MASTER, hr: 0x0."
"14-08-2026 15:10:42","7","Information","Microsoft-Windows-MF-FrameServer","FrameServer FsProxy Initialization Stop, SymbolicLink: \\?\usb#vid_0bda&pid_5599&mi_00#6&236e8108&0&0000#{e5323777-f976-4f5b-9b55-b94699c46e44}\global, Devices: 1, Streams: 1, StreamType: MASTER, hr: 0x0."
"14-08-2026 15:10:42","12","Information","Microsoft-Windows-MF-FrameServer","FrameServer WatchdogTimer Stop Event, TimerScope: FSSource, TimerScopeId: 0, WatchdogOperation: Activate, DurationToCompletionInHns: 45."
"14-08-2026 15:10:42","11","Information","Microsoft-Windows-MF-FrameServer","FrameServer WatchdogTimer Start Event, TimerScope: FSSource, TimerScopeId: 0, WatchdogOperation: Activate, DurationToTriggerInHns: 200000000, 
SymbolicLink: <none>."
"14-08-2026 15:10:42","12","Information","Microsoft-Windows-MF-FrameServer","FrameServer WatchdogTimer Stop Event, TimerScope: FSSource, TimerScopeId: 0, WatchdogOperation: Activate, DurationToCompletionInHns: 57."
"14-08-2026 15:10:42","11","Information","Microsoft-Windows-MF-FrameServer","FrameServer WatchdogTimer Start Event, TimerScope: FSSource, TimerScopeId: 0, WatchdogOperation: Activate, DurationToTriggerInHns: 200000000, 
SymbolicLink: <none>."
"14-08-2026 15:10:42","6","Information","Microsoft-Windows-MF-FrameServer","FrameServer FsProxy Initialization Start, SymbolicLink: \\?\usb#vid_0bda&pid_5599&mi_00#6&236e8108&0&0000#{e5323777-f976-4f5b-9b55-b94699c46e44}\global, Devices: 1, StreamType: MASTER."
"14-08-2026 15:10:42","6","Information","Microsoft-Windows-MF-FrameServer","FrameServer FsProxy Initialization Start, SymbolicLink: \\?\usb#vid_0bda&pid_5599&mi_00#6&236e8108&0&0000#{e5323777-f976-4f5b-9b55-b94699c46e44}\global, Devices: 1, StreamType: MASTER."
"14-08-2026 15:10:42","12","Information","Microsoft-Windows-MF-FrameServer","FrameServer WatchdogTimer Stop Event, TimerScope: FSStream, TimerScopeId: 1313087303008, WatchdogOperation: Start, DurationToCompletionInHns: 319979."
"14-08-2026 15:10:42","11","Information","Microsoft-Windows-MF-FrameServer","FrameServer WatchdogTimer Start Event, TimerScope: FSStream, TimerScopeId: 1313087303008, WatchdogOperation: Start, DurationToTriggerInHns: 200000000, 
SymbolicLink: \\?\USB#VID_0BDA&PID_5599&MI_00#6&236e8108&0&0000#{e5323777-f976-4f5b-9b55-b94699c46e44}\Global."
"14-08-2026 15:10:42","3","Information","Microsoft-Windows-MF-FrameServer","FrameServer FsProxy SetOutputType Stop, hr=0x0."
"14-08-2026 15:10:42","2","Information","Microsoft-Windows-MF-FrameServer","FrameServer FsProxy SetOutputType Start, PinId: 0, MediaType: FrameSize=8246337209400 (1920,1080),MajorType={73646976-0000-0010-8000-00AA00389B71},FrameRate=128849018881 (30,1),PixelAspectRatio=4294967297 (1,1),InterlacedMode=2,Subtype={32595559-0000-0010-8000-00AA00389B71}."
"14-08-2026 15:10:42","7","Information","Microsoft-Windows-MF-FrameServer","FrameServer FsProxy Initialization Stop, SymbolicLink: \\?\usb#vid_0bda&pid_5599&mi_00#6&236e8108&0&0000#{e5323777-f976-4f5b-9b55-b94699c46e44}\global, Devices: 1, Streams: 1, StreamType: MASTER, hr: 0x0."
"14-08-2026 15:10:42","12","Information","Microsoft-Windows-MF-FrameServer","FrameServer WatchdogTimer Stop Event, TimerScope: FSSource, TimerScopeId: 0, WatchdogOperation: Initialize, DurationToCompletionInHns: 21406."
"14-08-2026 15:10:42","11","Information","Microsoft-Windows-MF-FrameServer","FrameServer WatchdogTimer Start Event, TimerScope: FSSource, TimerScopeId: 0, WatchdogOperation: Initialize, DurationToTriggerInHns: 249917639, 
SymbolicLink: \\?\USB#VID_0BDA&PID_5599&MI_00#6&236e8108&0&0000#{e5323777-f976-4f5b-9b55-b94699c46e44}\Global."
"14-08-2026 15:10:42","12","Information","Microsoft-Windows-MF-FrameServer","FrameServer WatchdogTimer Stop Event, TimerScope: FSSource, TimerScopeId: 0, WatchdogOperation: Initialize, DurationToCompletionInHns: 82254."
"14-08-2026 15:10:42","11","Information","Microsoft-Windows-MF-FrameServer","FrameServer WatchdogTimer Start Event, TimerScope: FSSource, TimerScopeId: 0, WatchdogOperation: Initialize, DurationToTriggerInHns: 250000000, 
SymbolicLink: \\?\USB#VID_0BDA&PID_5599&MI_00#6&236e8108&0&0000#{e5323777-f976-4f5b-9b55-b94699c46e44}\Global."
"14-08-2026 15:10:42","6","Information","Microsoft-Windows-MF-FrameServer","FrameServer FsProxy Initialization Start, SymbolicLink: \\?\usb#vid_0bda&pid_5599&mi_00#6&236e8108&0&0000#{e5323777-f976-4f5b-9b55-b94699c46e44}\global, Devices: 1, StreamType: MASTER."
"14-08-2026 13:38:49","12","Information","Microsoft-Windows-MF-FrameServer","FrameServer WatchdogTimer Stop Event, TimerScope: FSSource, TimerScopeId: 0, WatchdogOperation: 4, DurationToCompletionInHns: 3622."
"14-08-2026 13:38:49","11","Information","Microsoft-Windows-MF-FrameServer","FrameServer WatchdogTimer Start Event, TimerScope: FSSource, TimerScopeId: 0, WatchdogOperation: 4, DurationToTriggerInHns: 200000000, 
SymbolicLink: <none>."
"14-08-2026 13:38:49","5","Information","Microsoft-Windows-MF-FrameServer","FrameServer FsProxy D3dManager Stop, hr=0x0."
"14-08-2026 13:38:49","4","Information","Microsoft-Windows-MF-FrameServer","FrameServer FsProxy D3dManager Start, D3dDesc: Intel(R) Graphics, LUID: 0x10DFF, VendorId: 32902, DeviceId: 32065, SubSysId: 216535080."
"14-08-2026 13:38:49","3","Information","Microsoft-Windows-MF-FrameServer","FrameServer FsProxy SetOutputType Stop, hr=0x0."
"14-08-2026 13:38:49","2","Information","Microsoft-Windows-MF-FrameServer","FrameServer FsProxy SetOutputType Start, PinId: 0, MediaType: FrameSize=8246337209400 (1920,1080),MajorType={73646976-0000-0010-8000-00AA00389B71},FrameRate=128849018881 (30,1),PixelAspectRatio=4294967297 (1,1),InterlacedMode=2,Subtype={32595559-0000-0010-8000-00AA00389B71}."
"14-08-2026 13:38:49","7","Information","Microsoft-Windows-MF-FrameServer","FrameServer FsProxy Initialization Stop, SymbolicLink: \\?\usb#vid_0bda&pid_5599&mi_00#6&236e8108&0&0000#{e5323777-f976-4f5b-9b55-b94699c46e44}\global, Devices: 1, Streams: 1, StreamType: MASTER, hr: 0x0."
"14-08-2026 13:38:49","12","Information","Microsoft-Windows-MF-FrameServer","FrameServer WatchdogTimer Stop Event, TimerScope: FSSource, TimerScopeId: 0, WatchdogOperation: Initialize, DurationToCompletionInHns: 7949."
"14-08-2026 13:38:49","11","Information","Microsoft-Windows-MF-FrameServer","FrameServer WatchdogTimer Start Event, TimerScope: FSSource, TimerScopeId: 0, WatchdogOperation: Initialize, DurationToTriggerInHns: 249968075, 
SymbolicLink: \\?\USB#VID_0BDA&PID_5599&MI_00#6&236e8108&0&0000#{e5323777-f976-4f5b-9b55-b94699c46e44}\Global."
"14-08-2026 13:38:49","12","Information","Microsoft-Windows-MF-FrameServer","FrameServer WatchdogTimer Stop Event, TimerScope: FSSource, TimerScopeId: 0, WatchdogOperation: Initialize, DurationToCompletionInHns: 31863."
"14-08-2026 13:38:49","11","Information","Microsoft-Windows-MF-FrameServer","FrameServer WatchdogTimer Start Event, TimerScope: FSSource, TimerScopeId: 0, WatchdogOperation: Initialize, DurationToTriggerInHns: 250000000, 
SymbolicLink: \\?\USB#VID_0BDA&PID_5599&MI_00#6&236e8108&0&0000#{e5323777-f976-4f5b-9b55-b94699c46e44}\Global."
"14-08-2026 13:38:49","6","Information","Microsoft-Windows-MF-FrameServer","FrameServer FsProxy Initialization Start, SymbolicLink: \\?\usb#vid_0bda&pid_5599&mi_00#6&236e8108&0&0000#{e5323777-f976-4f5b-9b55-b94699c46e44}\global, Devices: 1, StreamType: MASTER."
"14-08-2026 13:23:42","12","Information","Microsoft-Windows-MF-FrameServer","FrameServer WatchdogTimer Stop Event, TimerScope: FSSource, TimerScopeId: 0, WatchdogOperation: 4, DurationToCompletionInHns: 5271."
"14-08-2026 13:23:42","11","Information","Microsoft-Windows-MF-FrameServer","FrameServer WatchdogTimer Start Event, TimerScope: FSSource, TimerScopeId: 0, WatchdogOperation: 4, DurationToTriggerInHns: 200000000, 
SymbolicLink: <none>."
"14-08-2026 13:23:42","5","Information","Microsoft-Windows-MF-FrameServer","FrameServer FsProxy D3dManager Stop, hr=0x0."
"14-08-2026 13:23:42","4","Information","Microsoft-Windows-MF-FrameServer","FrameServer FsProxy D3dManager Start, D3dDesc: Intel(R) Graphics, LUID: 0x10DFF, VendorId: 32902, DeviceId: 32065, SubSysId: 216535080."
"14-08-2026 13:23:42","3","Information","Microsoft-Windows-MF-FrameServer","FrameServer FsProxy SetOutputType Stop, hr=0x0."
"14-08-2026 13:23:42","2","Information","Microsoft-Windows-MF-FrameServer","FrameServer FsProxy SetOutputType Start, PinId: 0, MediaType: FrameSize=8246337209400 (1920,1080),MajorType={73646976-0000-0010-8000-00AA00389B71},FrameRate=128849018881 (30,1),PixelAspectRatio=4294967297 (1,1),InterlacedMode=2,Subtype={32595559-0000-0010-8000-00AA00389B71}."
"14-08-2026 13:23:42","7","Information","Microsoft-Windows-MF-FrameServer","FrameServer FsProxy Initialization Stop, SymbolicLink: \\?\usb#vid_0bda&pid_5599&mi_00#6&236e8108&0&0000#{e5323777-f976-4f5b-9b55-b94699c46e44}\global, Devices: 1, Streams: 1, StreamType: MASTER, hr: 0x0."
"14-08-2026 13:23:42","12","Information","Microsoft-Windows-MF-FrameServer","FrameServer WatchdogTimer Stop Event, TimerScope: FSSource, TimerScopeId: 0, WatchdogOperation: Initialize, DurationToCompletionInHns: 12499."
"14-08-2026 13:23:42","11","Information","Microsoft-Windows-MF-FrameServer","FrameServer WatchdogTimer Start Event, TimerScope: FSSource, TimerScopeId: 0, WatchdogOperation: Initialize, DurationToTriggerInHns: 249973438, 
SymbolicLink: \\?\USB#VID_0BDA&PID_5599&MI_00#6&236e8108&0&0000#{e5323777-f976-4f5b-9b55-b94699c46e44}\Global."
"14-08-2026 13:23:42","12","Information","Microsoft-Windows-MF-FrameServer","FrameServer WatchdogTimer Stop Event, TimerScope: FSSource, TimerScopeId: 0, WatchdogOperation: Initialize, DurationToCompletionInHns: 26505."
"14-08-2026 13:23:42","11","Information","Microsoft-Windows-MF-FrameServer","FrameServer WatchdogTimer Start Event, TimerScope: FSSource, TimerScopeId: 0, WatchdogOperation: Initialize, DurationToTriggerInHns: 250000000, 
SymbolicLink: \\?\USB#VID_0BDA&PID_5599&MI_00#6&236e8108&0&0000#{e5323777-f976-4f5b-9b55-b94699c46e44}\Global."
"14-08-2026 13:23:42","6","Information","Microsoft-Windows-MF-FrameServer","FrameServer FsProxy Initialization Start, SymbolicLink: \\?\usb#vid_0bda&pid_5599&mi_00#6&236e8108&0&0000#{e5323777-f976-4f5b-9b55-b94699c46e44}\global, Devices: 1, StreamType: MASTER."
"13-08-2026 16:13:35","12","Information","Microsoft-Windows-MF-FrameServer","FrameServer WatchdogTimer Stop Event, TimerScope: FSSource, TimerScopeId: 0, WatchdogOperation: 4, DurationToCompletionInHns: 2090."
"13-08-2026 16:13:35","11","Information","Microsoft-Windows-MF-FrameServer","FrameServer WatchdogTimer Start Event, TimerScope: FSSource, TimerScopeId: 0, WatchdogOperation: 4, DurationToTriggerInHns: 200000000, 
SymbolicLink: <none>."
"13-08-2026 16:13:35","5","Information","Microsoft-Windows-MF-FrameServer","FrameServer FsProxy D3dManager Stop, hr=0x0."
"13-08-2026 16:13:35","4","Information","Microsoft-Windows-MF-FrameServer","FrameServer FsProxy D3dManager Start, D3dDesc: Intel(R) Graphics, LUID: 0x10DFF, VendorId: 32902, DeviceId: 32065, SubSysId: 216535080."
"13-08-2026 16:13:35","3","Information","Microsoft-Windows-MF-FrameServer","FrameServer FsProxy SetOutputType Stop, hr=0x0."
"13-08-2026 16:13:35","2","Information","Microsoft-Windows-MF-FrameServer","FrameServer FsProxy SetOutputType Start, PinId: 0, MediaType: FrameSize=8246337209400 (1920,1080),MajorType={73646976-0000-0010-8000-00AA00389B71},FrameRate=128849018881 (30,1),PixelAspectRatio=4294967297 (1,1),InterlacedMode=2,Subtype={32595559-0000-0010-8000-00AA00389B71}."
"13-08-2026 16:13:35","5","Information","Microsoft-Windows-MF-FrameServer","FrameServer FsProxy D3dManager Stop, hr=0x0."
"13-08-2026 16:13:35","4","Information","Microsoft-Windows-MF-FrameServer","FrameServer FsProxy D3dManager Start, D3dDesc: Intel(R) Graphics, LUID: 0x10DFF, VendorId: 32902, DeviceId: 32065, SubSysId: 216535080."
"13-08-2026 16:13:35","5","Information","Microsoft-Windows-MF-FrameServer","FrameServer FsProxy D3dManager Stop, hr=0x0."
"13-08-2026 16:13:35","4","Information","Microsoft-Windows-MF-FrameServer","FrameServer FsProxy D3dManager Start, D3dDesc: Intel(R) Graphics, LUID: 0x10DFF, VendorId: 32902, DeviceId: 32065, SubSysId: 216535080."
"13-08-2026 16:13:35","7","Information","Microsoft-Windows-MF-FrameServer","FrameServer FsProxy Initialization Stop, SymbolicLink: \\?\usb#vid_0bda&pid_5599&mi_00#6&236e8108&0&0000#{e5323777-f976-4f5b-9b55-b94699c46e44}\global, Devices: 1, Streams: 1, StreamType: MASTER, hr: 0x0."
"13-08-2026 16:13:35","12","Information","Microsoft-Windows-MF-FrameServer","FrameServer WatchdogTimer Stop Event, TimerScope: FSSource, TimerScopeId: 0, WatchdogOperation: Initialize, DurationToCompletionInHns: 3022."
"13-08-2026 16:13:35","11","Information","Microsoft-Windows-MF-FrameServer","FrameServer WatchdogTimer Start Event, TimerScope: FSSource, TimerScopeId: 0, WatchdogOperation: Initialize, DurationToTriggerInHns: 249987099, 
SymbolicLink: \\?\USB#VID_0BDA&PID_5599&MI_00#6&236e8108&0&0000#{e5323777-f976-4f5b-9b55-b94699c46e44}\Global."
"13-08-2026 16:13:35","12","Information","Microsoft-Windows-MF-FrameServer","FrameServer WatchdogTimer Stop Event, TimerScope: FSSource, TimerScopeId: 0, WatchdogOperation: Initialize, DurationToCompletionInHns: 12636."
"13-08-2026 16:13:35","11","Information","Microsoft-Windows-MF-FrameServer","FrameServer WatchdogTimer Start Event, TimerScope: FSSource, TimerScopeId: 0, WatchdogOperation: Initialize, DurationToTriggerInHns: 250000000, 
SymbolicLink: \\?\USB#VID_0BDA&PID_5599&MI_00#6&236e8108&0&0000#{e5323777-f976-4f5b-9b55-b94699c46e44}\Global."
"13-08-2026 16:13:35","6","Information","Microsoft-Windows-MF-FrameServer","FrameServer FsProxy Initialization Start, SymbolicLink: \\?\usb#vid_0bda&pid_5599&mi_00#6&236e8108&0&0000#{e5323777-f976-4f5b-9b55-b94699c46e44}\global, Devices: 1, StreamType: MASTER."
"13-08-2026 16:13:33","12","Information","Microsoft-Windows-MF-FrameServer","FrameServer WatchdogTimer Stop Event, TimerScope: FSSource, TimerScopeId: 0, WatchdogOperation: 4, DurationToCompletionInHns: 7171."
"13-08-2026 16:13:33","11","Information","Microsoft-Windows-MF-FrameServer","FrameServer WatchdogTimer Start Event, TimerScope: FSSource, TimerScopeId: 0, WatchdogOperation: 4, DurationToTriggerInHns: 200000000, 
SymbolicLink: <none>."
"13-08-2026 16:13:33","5","Information","Microsoft-Windows-MF-FrameServer","FrameServer FsProxy D3dManager Stop, hr=0x0."
"13-08-2026 16:13:33","4","Information","Microsoft-Windows-MF-FrameServer","FrameServer FsProxy D3dManager Start, D3dDesc: Intel(R) Graphics, LUID: 0x10DFF, VendorId: 32902, DeviceId: 32065, SubSysId: 216535080."
"13-08-2026 16:13:33","3","Information","Microsoft-Windows-MF-FrameServer","FrameServer FsProxy SetOutputType Stop, hr=0x0."
"13-08-2026 16:13:33","2","Information","Microsoft-Windows-MF-FrameServer","FrameServer FsProxy SetOutputType Start, PinId: 0, MediaType: FrameSize=8246337209400 (1920,1080),MajorType={73646976-0000-0010-8000-00AA00389B71},FrameRate=128849018881 (30,1),PixelAspectRatio=4294967297 (1,1),InterlacedMode=2,Subtype={32595559-0000-0010-8000-00AA00389B71}."
"13-08-2026 16:13:33","5","Information","Microsoft-Windows-MF-FrameServer","FrameServer FsProxy D3dManager Stop, hr=0x0."
"13-08-2026 16:13:33","4","Information","Microsoft-Windows-MF-FrameServer","FrameServer FsProxy D3dManager Start, D3dDesc: Intel(R) Graphics, LUID: 0x10DFF, VendorId: 32902, DeviceId: 32065, SubSysId: 216535080."
"13-08-2026 16:13:33","5","Information","Microsoft-Windows-MF-FrameServer","FrameServer FsProxy D3dManager Stop, hr=0x0."
"13-08-2026 16:13:33","4","Information","Microsoft-Windows-MF-FrameServer","FrameServer FsProxy D3dManager Start, D3dDesc: Intel(R) Graphics, LUID: 0x10DFF, VendorId: 32902, DeviceId: 32065, SubSysId: 216535080."
"13-08-2026 16:13:33","7","Information","Microsoft-Windows-MF-FrameServer","FrameServer FsProxy Initialization Stop, SymbolicLink: \\?\usb#vid_0bda&pid_5599&mi_00#6&236e8108&0&0000#{e5323777-f976-4f5b-9b55-b94699c46e44}\global, Devices: 1, Streams: 1, StreamType: MASTER, hr: 0x0."
"13-08-2026 16:13:33","12","Information","Microsoft-Windows-MF-FrameServer","FrameServer WatchdogTimer Stop Event, TimerScope: FSSource, TimerScopeId: 0, WatchdogOperation: Initialize, DurationToCompletionInHns: 13426."
"13-08-2026 16:13:33","11","Information","Microsoft-Windows-MF-FrameServer","FrameServer WatchdogTimer Start Event, TimerScope: FSSource, TimerScopeId: 0, WatchdogOperation: Initialize, DurationToTriggerInHns: 249970934, 
SymbolicLink: \\?\USB#VID_0BDA&PID_5599&MI_00#6&236e8108&0&0000#{e5323777-f976-4f5b-9b55-b94699c46e44}\Global."
"13-08-2026 16:13:33","12","Information","Microsoft-Windows-MF-FrameServer","FrameServer WatchdogTimer Stop Event, TimerScope: FSSource, TimerScopeId: 0, WatchdogOperation: Initialize, DurationToCompletionInHns: 28996."
"13-08-2026 16:13:33","11","Information","Microsoft-Windows-MF-FrameServer","FrameServer WatchdogTimer Start Event, TimerScope: FSSource, TimerScopeId: 0, WatchdogOperation: Initialize, DurationToTriggerInHns: 250000000, 
SymbolicLink: \\?\USB#VID_0BDA&PID_5599&MI_00#6&236e8108&0&0000#{e5323777-f976-4f5b-9b55-b94699c46e44}\Global."
"13-08-2026 16:13:33","6","Information","Microsoft-Windows-MF-FrameServer","FrameServer FsProxy Initialization Start, SymbolicLink: \\?\usb#vid_0bda&pid_5599&mi_00#6&236e8108&0&0000#{e5323777-f976-4f5b-9b55-b94699c46e44}\global, Devices: 1, StreamType: MASTER."
"13-08-2026 15:13:35","12","Information","Microsoft-Windows-MF-FrameServer","FrameServer WatchdogTimer Stop Event, TimerScope: FSSource, TimerScopeId: 0, WatchdogOperation: 4, DurationToCompletionInHns: 1573."
"13-08-2026 15:13:35","11","Information","Microsoft-Windows-MF-FrameServer","FrameServer WatchdogTimer Start Event, TimerScope: FSSource, TimerScopeId: 0, WatchdogOperation: 4, DurationToTriggerInHns: 200000000, 
SymbolicLink: <none>."
"13-08-2026 15:13:35","5","Information","Microsoft-Windows-MF-FrameServer","FrameServer FsProxy D3dManager Stop, hr=0x0."
"13-08-2026 15:13:35","4","Information","Microsoft-Windows-MF-FrameServer","FrameServer FsProxy D3dManager Start, D3dDesc: Intel(R) Graphics, LUID: 0x10DFF, VendorId: 32902, DeviceId: 32065, SubSysId: 216535080."
"13-08-2026 15:13:35","3","Information","Microsoft-Windows-MF-FrameServer","FrameServer FsProxy SetOutputType Stop, hr=0x0."
"13-08-2026 15:13:35","2","Information","Microsoft-Windows-MF-FrameServer","FrameServer FsProxy SetOutputType Start, PinId: 0, MediaType: FrameSize=8246337209400 (1920,1080),MajorType={73646976-0000-0010-8000-00AA00389B71},FrameRate=128849018881 (30,1),PixelAspectRatio=4294967297 (1,1),InterlacedMode=2,Subtype={32595559-0000-0010-8000-00AA00389B71}."
"13-08-2026 15:13:35","5","Information","Microsoft-Windows-MF-FrameServer","FrameServer FsProxy D3dManager Stop, hr=0x0."
"13-08-2026 15:13:35","4","Information","Microsoft-Windows-MF-FrameServer","FrameServer FsProxy D3dManager Start, D3dDesc: Intel(R) Graphics, LUID: 0x10DFF, VendorId: 32902, DeviceId: 32065, SubSysId: 216535080."
"13-08-2026 15:13:35","5","Information","Microsoft-Windows-MF-FrameServer","FrameServer FsProxy D3dManager Stop, hr=0x0."
"13-08-2026 15:13:35","4","Information","Microsoft-Windows-MF-FrameServer","FrameServer FsProxy D3dManager Start, D3dDesc: Intel(R) Graphics, LUID: 0x10DFF, VendorId: 32902, DeviceId: 32065, SubSysId: 216535080."
"13-08-2026 15:13:35","7","Information","Microsoft-Windows-MF-FrameServer","FrameServer FsProxy Initialization Stop, SymbolicLink: \\?\usb#vid_0bda&pid_5599&mi_00#6&236e8108&0&0000#{e5323777-f976-4f5b-9b55-b94699c46e44}\global, Devices: 1, Streams: 1, StreamType: MASTER, hr: 0x0."
"13-08-2026 15:13:35","12","Information","Microsoft-Windows-MF-FrameServer","FrameServer WatchdogTimer Stop Event, TimerScope: FSSource, TimerScopeId: 0, WatchdogOperation: Initialize, DurationToCompletionInHns: 3332."
"13-08-2026 15:13:35","11","Information","Microsoft-Windows-MF-FrameServer","FrameServer WatchdogTimer Start Event, TimerScope: FSSource, TimerScopeId: 0, WatchdogOperation: Initialize, DurationToTriggerInHns: 249988927, 
SymbolicLink: \\?\USB#VID_0BDA&PID_5599&MI_00#6&236e8108&0&0000#{e5323777-f976-4f5b-9b55-b94699c46e44}\Global."
"13-08-2026 15:13:35","12","Information","Microsoft-Windows-MF-FrameServer","FrameServer WatchdogTimer Stop Event, TimerScope: FSSource, TimerScopeId: 0, WatchdogOperation: Initialize, DurationToCompletionInHns: 11051."
"13-08-2026 15:13:35","11","Information","Microsoft-Windows-MF-FrameServer","FrameServer WatchdogTimer Start Event, TimerScope: FSSource, TimerScopeId: 0, WatchdogOperation: Initialize, DurationToTriggerInHns: 250000000, 
SymbolicLink: \\?\USB#VID_0BDA&PID_5599&MI_00#6&236e8108&0&0000#{e5323777-f976-4f5b-9b55-b94699c46e44}\Global."
"13-08-2026 15:13:35","6","Information","Microsoft-Windows-MF-FrameServer","FrameServer FsProxy Initialization Start, SymbolicLink: \\?\usb#vid_0bda&pid_5599&mi_00#6&236e8108&0&0000#{e5323777-f976-4f5b-9b55-b94699c46e44}\global, Devices: 1, StreamType: MASTER."
"13-08-2026 15:13:33","12","Information","Microsoft-Windows-MF-FrameServer","FrameServer WatchdogTimer Stop Event, TimerScope: FSSource, TimerScopeId: 0, WatchdogOperation: 4, DurationToCompletionInHns: 4543."
"13-08-2026 15:13:33","11","Information","Microsoft-Windows-MF-FrameServer","FrameServer WatchdogTimer Start Event, TimerScope: FSSource, TimerScopeId: 0, WatchdogOperation: 4, DurationToTriggerInHns: 200000000, 
SymbolicLink: <none>."
"13-08-2026 15:13:33","5","Information","Microsoft-Windows-MF-FrameServer","FrameServer FsProxy D3dManager Stop, hr=0x0."
"13-08-2026 15:13:33","4","Information","Microsoft-Windows-MF-FrameServer","FrameServer FsProxy D3dManager Start, D3dDesc: Intel(R) Graphics, LUID: 0x10DFF, VendorId: 32902, DeviceId: 32065, SubSysId: 216535080."
"13-08-2026 15:13:33","3","Information","Microsoft-Windows-MF-FrameServer","FrameServer FsProxy SetOutputType Stop, hr=0x0."
"13-08-2026 15:13:33","2","Information","Microsoft-Windows-MF-FrameServer","FrameServer FsProxy SetOutputType Start, PinId: 0, MediaType: FrameSize=8246337209400 (1920,1080),MajorType={73646976-0000-0010-8000-00AA00389B71},FrameRate=128849018881 (30,1),PixelAspectRatio=4294967297 (1,1),InterlacedMode=2,Subtype={32595559-0000-0010-8000-00AA00389B71}."
"13-08-2026 15:13:33","5","Information","Microsoft-Windows-MF-FrameServer","FrameServer FsProxy D3dManager Stop, hr=0x0."
"13-08-2026 15:13:33","4","Information","Microsoft-Windows-MF-FrameServer","FrameServer FsProxy D3dManager Start, D3dDesc: Intel(R) Graphics, LUID: 0x10DFF, VendorId: 32902, DeviceId: 32065, SubSysId: 216535080."
"13-08-2026 15:13:33","5","Information","Microsoft-Windows-MF-FrameServer","FrameServer FsProxy D3dManager Stop, hr=0x0."
"13-08-2026 15:13:33","4","Information","Microsoft-Windows-MF-FrameServer","FrameServer FsProxy D3dManager Start, D3dDesc: Intel(R) Graphics, LUID: 0x10DFF, VendorId: 32902, DeviceId: 32065, SubSysId: 216535080."
"13-08-2026 15:13:33","7","Information","Microsoft-Windows-MF-FrameServer","FrameServer FsProxy Initialization Stop, SymbolicLink: \\?\usb#vid_0bda&pid_5599&mi_00#6&236e8108&0&0000#{e5323777-f976-4f5b-9b55-b94699c46e44}\global, Devices: 1, Streams: 1, StreamType: MASTER, hr: 0x0."
"13-08-2026 15:13:33","12","Information","Microsoft-Windows-MF-FrameServer","FrameServer WatchdogTimer Stop Event, TimerScope: FSSource, TimerScopeId: 0, WatchdogOperation: Initialize, DurationToCompletionInHns: 18128."
"13-08-2026 15:13:33","11","Information","Microsoft-Windows-MF-FrameServer","FrameServer WatchdogTimer Start Event, TimerScope: FSSource, TimerScopeId: 0, WatchdogOperation: Initialize, DurationToTriggerInHns: 249970382, 
SymbolicLink: \\?\USB#VID_0BDA&PID_5599&MI_00#6&236e8108&0&0000#{e5323777-f976-4f5b-9b55-b94699c46e44}\Global."
"13-08-2026 15:13:33","12","Information","Microsoft-Windows-MF-FrameServer","FrameServer WatchdogTimer Stop Event, TimerScope: FSSource, TimerScopeId: 0, WatchdogOperation: Initialize, DurationToCompletionInHns: 29553."
"13-08-2026 15:13:33","11","Information","Microsoft-Windows-MF-FrameServer","FrameServer WatchdogTimer Start Event, TimerScope: FSSource, TimerScopeId: 0, WatchdogOperation: Initialize, DurationToTriggerInHns: 250000000, 
SymbolicLink: \\?\USB#VID_0BDA&PID_5599&MI_00#6&236e8108&0&0000#{e5323777-f976-4f5b-9b55-b94699c46e44}\Global."
"13-08-2026 15:13:33","6","Information","Microsoft-Windows-MF-FrameServer","FrameServer FsProxy Initialization Start, SymbolicLink: \\?\usb#vid_0bda&pid_5599&mi_00#6&236e8108&0&0000#{e5323777-f976-4f5b-9b55-b94699c46e44}\global, Devices: 1, StreamType: MASTER."
"13-08-2026 14:17:07","12","Information","Microsoft-Windows-MF-FrameServer","FrameServer WatchdogTimer Stop Event, TimerScope: FSSource, TimerScopeId: 0, WatchdogOperation: 4, DurationToCompletionInHns: 3707."
"13-08-2026 14:17:07","11","Information","Microsoft-Windows-MF-FrameServer","FrameServer WatchdogTimer Start Event, TimerScope: FSSource, TimerScopeId: 0, WatchdogOperation: 4, DurationToTriggerInHns: 200000000, 
SymbolicLink: <none>."
"13-08-2026 14:17:07","5","Information","Microsoft-Windows-MF-FrameServer","FrameServer FsProxy D3dManager Stop, hr=0x0."
"13-08-2026 14:17:07","4","Information","Microsoft-Windows-MF-FrameServer","FrameServer FsProxy D3dManager Start, D3dDesc: Intel(R) Graphics, LUID: 0x10DFF, VendorId: 32902, DeviceId: 32065, SubSysId: 216535080."
"13-08-2026 14:17:07","3","Information","Microsoft-Windows-MF-FrameServer","FrameServer FsProxy SetOutputType Stop, hr=0x0."
"13-08-2026 14:17:07","2","Information","Microsoft-Windows-MF-FrameServer","FrameServer FsProxy SetOutputType Start, PinId: 0, MediaType: FrameSize=8246337209400 (1920,1080),MajorType={73646976-0000-0010-8000-00AA00389B71},FrameRate=128849018881 (30,1),PixelAspectRatio=4294967297 (1,1),InterlacedMode=2,Subtype={32595559-0000-0010-8000-00AA00389B71}."
"13-08-2026 14:17:07","5","Information","Microsoft-Windows-MF-FrameServer","FrameServer FsProxy D3dManager Stop, hr=0x0."
"13-08-2026 14:17:07","4","Information","Microsoft-Windows-MF-FrameServer","FrameServer FsProxy D3dManager Start, D3dDesc: Intel(R) Graphics, LUID: 0x10DFF, VendorId: 32902, DeviceId: 32065, SubSysId: 216535080."
"13-08-2026 14:17:07","5","Information","Microsoft-Windows-MF-FrameServer","FrameServer FsProxy D3dManager Stop, hr=0x0."
"13-08-2026 14:17:07","4","Information","Microsoft-Windows-MF-FrameServer","FrameServer FsProxy D3dManager Start, D3dDesc: Intel(R) Graphics, LUID: 0x10DFF, VendorId: 32902, DeviceId: 32065, SubSysId: 216535080."
"13-08-2026 14:17:07","7","Information","Microsoft-Windows-MF-FrameServer","FrameServer FsProxy Initialization Stop, SymbolicLink: \\?\usb#vid_0bda&pid_5599&mi_00#6&236e8108&0&0000#{e5323777-f976-4f5b-9b55-b94699c46e44}\global, Devices: 1, Streams: 1, StreamType: MASTER, hr: 0x0."
"13-08-2026 14:17:07","12","Information","Microsoft-Windows-MF-FrameServer","FrameServer WatchdogTimer Stop Event, TimerScope: FSSource, TimerScopeId: 0, WatchdogOperation: Initialize, DurationToCompletionInHns: 7813."
"13-08-2026 14:17:07","11","Information","Microsoft-Windows-MF-FrameServer","FrameServer WatchdogTimer Start Event, TimerScope: FSSource, TimerScopeId: 0, WatchdogOperation: Initialize, DurationToTriggerInHns: 249974262, 
SymbolicLink: \\?\USB#VID_0BDA&PID_5599&MI_00#6&236e8108&0&0000#{e5323777-f976-4f5b-9b55-b94699c46e44}\Global."
"13-08-2026 14:17:07","12","Information","Microsoft-Windows-MF-FrameServer","FrameServer WatchdogTimer Stop Event, TimerScope: FSSource, TimerScopeId: 0, WatchdogOperation: Initialize, DurationToCompletionInHns: 25664."
"13-08-2026 14:17:07","11","Information","Microsoft-Windows-MF-FrameServer","FrameServer WatchdogTimer Start Event, TimerScope: FSSource, TimerScopeId: 0, WatchdogOperation: Initialize, DurationToTriggerInHns: 250000000, 
SymbolicLink: \\?\USB#VID_0BDA&PID_5599&MI_00#6&236e8108&0&0000#{e5323777-f976-4f5b-9b55-b94699c46e44}\Global."
"13-08-2026 14:17:07","6","Information","Microsoft-Windows-MF-FrameServer","FrameServer FsProxy Initialization Start, SymbolicLink: \\?\usb#vid_0bda&pid_5599&mi_00#6&236e8108&0&0000#{e5323777-f976-4f5b-9b55-b94699c46e44}\global, Devices: 1, StreamType: MASTER."
"13-08-2026 14:13:34","12","Information","Microsoft-Windows-MF-FrameServer","FrameServer WatchdogTimer Stop Event, TimerScope: FSSource, TimerScopeId: 0, WatchdogOperation: 4, DurationToCompletionInHns: 1482."
"13-08-2026 14:13:34","11","Information","Microsoft-Windows-MF-FrameServer","FrameServer WatchdogTimer Start Event, TimerScope: FSSource, TimerScopeId: 0, WatchdogOperation: 4, DurationToTriggerInHns: 200000000, 
SymbolicLink: <none>."
"13-08-2026 14:13:34","5","Information","Microsoft-Windows-MF-FrameServer","FrameServer FsProxy D3dManager Stop, hr=0x0."
"13-08-2026 14:13:34","4","Information","Microsoft-Windows-MF-FrameServer","FrameServer FsProxy D3dManager Start, D3dDesc: Intel(R) Graphics, LUID: 0x10DFF, VendorId: 32902, DeviceId: 32065, SubSysId: 216535080."
"13-08-2026 14:13:34","3","Information","Microsoft-Windows-MF-FrameServer","FrameServer FsProxy SetOutputType Stop, hr=0x0."
"13-08-2026 14:13:34","2","Information","Microsoft-Windows-MF-FrameServer","FrameServer FsProxy SetOutputType Start, PinId: 0, MediaType: FrameSize=8246337209400 (1920,1080),MajorType={73646976-0000-0010-8000-00AA00389B71},FrameRate=128849018881 (30,1),PixelAspectRatio=4294967297 (1,1),InterlacedMode=2,Subtype={32595559-0000-0010-8000-00AA00389B71}."
"13-08-2026 14:13:34","5","Information","Microsoft-Windows-MF-FrameServer","FrameServer FsProxy D3dManager Stop, hr=0x0."
"13-08-2026 14:13:34","4","Information","Microsoft-Windows-MF-FrameServer","FrameServer FsProxy D3dManager Start, D3dDesc: Intel(R) Graphics, LUID: 0x10DFF, VendorId: 32902, DeviceId: 32065, SubSysId: 216535080."
"13-08-2026 14:13:34","5","Information","Microsoft-Windows-MF-FrameServer","FrameServer FsProxy D3dManager Stop, hr=0x0."
"13-08-2026 14:13:34","4","Information","Microsoft-Windows-MF-FrameServer","FrameServer FsProxy D3dManager Start, D3dDesc: Intel(R) Graphics, LUID: 0x10DFF, VendorId: 32902, DeviceId: 32065, SubSysId: 216535080."
"13-08-2026 14:13:34","7","Information","Microsoft-Windows-MF-FrameServer","FrameServer FsProxy Initialization Stop, SymbolicLink: \\?\usb#vid_0bda&pid_5599&mi_00#6&236e8108&0&0000#{e5323777-f976-4f5b-9b55-b94699c46e44}\global, Devices: 1, Streams: 1, StreamType: MASTER, hr: 0x0."
"13-08-2026 14:13:34","12","Information","Microsoft-Windows-MF-FrameServer","FrameServer WatchdogTimer Stop Event, TimerScope: FSSource, TimerScopeId: 0, WatchdogOperation: Initialize, DurationToCompletionInHns: 6312."
"13-08-2026 14:13:34","11","Information","Microsoft-Windows-MF-FrameServer","FrameServer WatchdogTimer Start Event, TimerScope: FSSource, TimerScopeId: 0, WatchdogOperation: Initialize, DurationToTriggerInHns: 249988763, 
SymbolicLink: \\?\USB#VID_0BDA&PID_5599&MI_00#6&236e8108&0&0000#{e5323777-f976-4f5b-9b55-b94699c46e44}\Global."
"13-08-2026 14:13:34","12","Information","Microsoft-Windows-MF-FrameServer","FrameServer WatchdogTimer Stop Event, TimerScope: FSSource, TimerScopeId: 0, WatchdogOperation: Initialize, DurationToCompletionInHns: 11207."
"13-08-2026 14:13:34","11","Information","Microsoft-Windows-MF-FrameServer","FrameServer WatchdogTimer Start Event, TimerScope: FSSource, TimerScopeId: 0, WatchdogOperation: Initialize, DurationToTriggerInHns: 250000000, 
SymbolicLink: \\?\USB#VID_0BDA&PID_5599&MI_00#6&236e8108&0&0000#{e5323777-f976-4f5b-9b55-b94699c46e44}\Global."
"13-08-2026 14:13:34","6","Information","Microsoft-Windows-MF-FrameServer","FrameServer FsProxy Initialization Start, SymbolicLink: \\?\usb#vid_0bda&pid_5599&mi_00#6&236e8108&0&0000#{e5323777-f976-4f5b-9b55-b94699c46e44}\global, Devices: 1, StreamType: MASTER."
"13-08-2026 14:13:33","12","Information","Microsoft-Windows-MF-FrameServer","FrameServer WatchdogTimer Stop Event, TimerScope: FSSource, TimerScopeId: 0, WatchdogOperation: 4, DurationToCompletionInHns: 2498."
"13-08-2026 14:13:33","11","Information","Microsoft-Windows-MF-FrameServer","FrameServer WatchdogTimer Start Event, TimerScope: FSSource, TimerScopeId: 0, WatchdogOperation: 4, DurationToTriggerInHns: 200000000, 
SymbolicLink: <none>."
"13-08-2026 14:13:33","5","Information","Microsoft-Windows-MF-FrameServer","FrameServer FsProxy D3dManager Stop, hr=0x0."
"13-08-2026 14:13:33","4","Information","Microsoft-Windows-MF-FrameServer","FrameServer FsProxy D3dManager Start, D3dDesc: Intel(R) Graphics, LUID: 0x10DFF, VendorId: 32902, DeviceId: 32065, SubSysId: 216535080."
"13-08-2026 14:13:33","3","Information","Microsoft-Windows-MF-FrameServer","FrameServer FsProxy SetOutputType Stop, hr=0x0."
"13-08-2026 14:13:33","2","Information","Microsoft-Windows-MF-FrameServer","FrameServer FsProxy SetOutputType Start, PinId: 0, MediaType: FrameSize=8246337209400 (1920,1080),MajorType={73646976-0000-0010-8000-00AA00389B71},FrameRate=128849018881 (30,1),PixelAspectRatio=4294967297 (1,1),InterlacedMode=2,Subtype={32595559-0000-0010-8000-00AA00389B71}."
"13-08-2026 14:13:33","5","Information","Microsoft-Windows-MF-FrameServer","FrameServer FsProxy D3dManager Stop, hr=0x0."
"13-08-2026 14:13:33","4","Information","Microsoft-Windows-MF-FrameServer","FrameServer FsProxy D3dManager Start, D3dDesc: Intel(R) Graphics, LUID: 0x10DFF, VendorId: 32902, DeviceId: 32065, SubSysId: 216535080."
"13-08-2026 14:13:33","5","Information","Microsoft-Windows-MF-FrameServer","FrameServer FsProxy D3dManager Stop, hr=0x0."
"13-08-2026 14:13:33","4","Information","Microsoft-Windows-MF-FrameServer","FrameServer FsProxy D3dManager Start, D3dDesc: Intel(R) Graphics, LUID: 0x10DFF, VendorId: 32902, DeviceId: 32065, SubSysId: 216535080."
"13-08-2026 14:13:33","7","Information","Microsoft-Windows-MF-FrameServer","FrameServer FsProxy Initialization Stop, SymbolicLink: \\?\usb#vid_0bda&pid_5599&mi_00#6&236e8108&0&0000#{e5323777-f976-4f5b-9b55-b94699c46e44}\global, Devices: 1, Streams: 1, StreamType: MASTER, hr: 0x0."
"13-08-2026 14:13:33","12","Information","Microsoft-Windows-MF-FrameServer","FrameServer WatchdogTimer Stop Event, TimerScope: FSSource, TimerScopeId: 0, WatchdogOperation: Initialize, DurationToCompletionInHns: 4440."
"13-08-2026 14:13:33","11","Information","Microsoft-Windows-MF-FrameServer","FrameServer WatchdogTimer Start Event, TimerScope: FSSource, TimerScopeId: 0, WatchdogOperation: Initialize, DurationToTriggerInHns: 249988883, 
SymbolicLink: \\?\USB#VID_0BDA&PID_5599&MI_00#6&236e8108&0&0000#{e5323777-f976-4f5b-9b55-b94699c46e44}\Global."
