"TimeCreated","Id","LevelDisplayName","ProviderName","Message"
"18-08-2026 14:30:42","207","Information","Microsoft-Windows-StorageSpaces-Driver","Physical disk {0d0616a1-3adc-3de7-d9a2-784fe4e2d52a} arrived.                  
Pool Id: {00000000-0000-0000-0000-000000000000}                  
Drive Number: 0                  
Drive Manufacturer: NVMe                  
Drive Model Number: PM9C1b Samsung 256GB                  
Drive Serial Number: 0025_38F6_5106_1623."
"18-08-2026 10:28:45","207","Information","Microsoft-Windows-StorageSpaces-Driver","Physical disk {0d0616a1-3adc-3de7-d9a2-784fe4e2d52a} arrived.                  
Pool Id: {00000000-0000-0000-0000-000000000000}                  
Drive Number: 0                  
Drive Manufacturer: NVMe                  
Drive Model Number: PM9C1b Samsung 256GB                  
Drive Serial Number: 0025_38F6_5106_1623."
"11-08-2026 12:02:21","207","Information","Microsoft-Windows-StorageSpaces-Driver","Physical disk {0d0616a1-3adc-3de7-d9a2-784fe4e2d52a} arrived.                  
Pool Id: {00000000-0000-0000-0000-000000000000}                  
Drive Number: 0                  
Drive Manufacturer: NVMe                  
Drive Model Number: PM9C1b Samsung 256GB                  
Drive Serial Number: 0025_38F6_5106_1623."
"10-08-2026 09:35:50","207","Information","Microsoft-Windows-StorageSpaces-Driver","Physical disk {0d0616a1-3adc-3de7-d9a2-784fe4e2d52a} arrived.                  
Pool Id: {00000000-0000-0000-0000-000000000000}                  
Drive Number: 0                  
Drive Manufacturer: NVMe                  
Drive Model Number: PM9C1b Samsung 256GB                  
Drive Serial Number: 0025_38F6_5106_1623."
"03-08-2026 09:25:53","207","Information","Microsoft-Windows-StorageSpaces-Driver","Physical disk {0d0616a1-3adc-3de7-d9a2-784fe4e2d52a} arrived.                  
Pool Id: {00000000-0000-0000-0000-000000000000}                  
Drive Number: 0                  
Drive Manufacturer: NVMe                  
Drive Model Number: PM9C1b Samsung 256GB                  
Drive Serial Number: 0025_38F6_5106_1623."
"31-07-2026 09:44:09","207","Information","Microsoft-Windows-StorageSpaces-Driver","Physical disk {0d0616a1-3adc-3de7-d9a2-784fe4e2d52a} arrived.                  
Pool Id: {00000000-0000-0000-0000-000000000000}                  
Drive Number: 0                  
Drive Manufacturer: NVMe                  
Drive Model Number: PM9C1b Samsung 256GB                  
Drive Serial Number: 0025_38F6_5106_1623."
"27-07-2026 11:49:07","207","Information","Microsoft-Windows-StorageSpaces-Driver","Physical disk {0d0616a1-3adc-3de7-d9a2-784fe4e2d52a} arrived.                  
Pool Id: {00000000-0000-0000-0000-000000000000}                  
Drive Number: 0                  
Drive Manufacturer: NVMe                  
Drive Model Number: PM9C1b Samsung 256GB                  
Drive Serial Number: 0025_38F6_5106_1623."
"27-07-2026 09:36:57","207","Information","Microsoft-Windows-StorageSpaces-Driver","Physical disk {0d0616a1-3adc-3de7-d9a2-784fe4e2d52a} arrived.                  
Pool Id: {00000000-0000-0000-0000-000000000000}                  
Drive Number: 0                  
Drive Manufacturer: NVMe                  
Drive Model Number: PM9C1b Samsung 256GB                  
Drive Serial Number: 0025_38F6_5106_1623."
"27-07-2026 09:34:09","207","Information","Microsoft-Windows-StorageSpaces-Driver","Physical disk {0d0616a1-3adc-3de7-d9a2-784fe4e2d52a} arrived.                  
Pool Id: {00000000-0000-0000-0000-000000000000}                  
Drive Number: 0                  
Drive Manufacturer: NVMe                  
Drive Model Number: PM9C1b Samsung 256GB                  
Drive Serial Number: 0025_38F6_5106_1623."
"21-07-2026 08:44:07","207","Information","Microsoft-Windows-StorageSpaces-Driver","Physical disk {0d0616a1-3adc-3de7-d9a2-784fe4e2d52a} arrived.                  
Pool Id: {00000000-0000-0000-0000-000000000000}                  
Drive Number: 0                  
Drive Manufacturer: NVMe                  
Drive Model Number: PM9C1b Samsung 256GB                  
Drive Serial Number: 0025_38F6_5106_1623."
"12-07-2026 18:31:47","207","Information","Microsoft-Windows-StorageSpaces-Driver","Physical disk {0d0616a1-3adc-3de7-d9a2-784fe4e2d52a} arrived.                  
Pool Id: {00000000-0000-0000-0000-000000000000}                  
Drive Number: 0                  
Drive Manufacturer: NVMe                  
Drive Model Number: PM9C1b Samsung 256GB                  
Drive Serial Number: 0025_38F6_5106_1623."
"07-07-2026 09:28:10","207","Information","Microsoft-Windows-StorageSpaces-Driver","Physical disk {0d0616a1-3adc-3de7-d9a2-784fe4e2d52a} arrived.                  
Pool Id: {00000000-0000-0000-0000-000000000000}                  
Drive Number: 0                  
Drive Manufacturer: NVMe                  
Drive Model Number: PM9C1b Samsung 256GB                  
Drive Serial Number: 0025_38F6_5106_1623."
"04-07-2026 14:12:30","207","Information","Microsoft-Windows-StorageSpaces-Driver","Physical disk {0d0616a1-3adc-3de7-d9a2-784fe4e2d52a} arrived.                  
Pool Id: {00000000-0000-0000-0000-000000000000}                  
Drive Number: 0                  
Drive Manufacturer: NVMe                  
Drive Model Number: PM9C1b Samsung 256GB                  
Drive Serial Number: 0025_38F6_5106_1623."
"03-07-2026 11:20:10","207","Information","Microsoft-Windows-StorageSpaces-Driver","Physical disk {0d0616a1-3adc-3de7-d9a2-784fe4e2d52a} arrived.                  
Pool Id: {00000000-0000-0000-0000-000000000000}                  
Drive Number: 0                  
Drive Manufacturer: NVMe                  
Drive Model Number: PM9C1b Samsung 256GB                  
Drive Serial Number: 0025_38F6_5106_1623."
"01-07-2026 10:08:07","207","Information","Microsoft-Windows-StorageSpaces-Driver","Physical disk {0d0616a1-3adc-3de7-d9a2-784fe4e2d52a} arrived.                  
Pool Id: {00000000-0000-0000-0000-000000000000}                  
Drive Number: 0                  
Drive Manufacturer: NVMe                  
Drive Model Number: PM9C1b Samsung 256GB                  
Drive Serial Number: 0025_38F6_5106_1623."
"29-06-2026 10:24:06","207","Information","Microsoft-Windows-StorageSpaces-Driver","Physical disk {0d0616a1-3adc-3de7-d9a2-784fe4e2d52a} arrived.                  
Pool Id: {00000000-0000-0000-0000-000000000000}                  
Drive Number: 0                  
Drive Manufacturer: NVMe                  
Drive Model Number: PM9C1b Samsung 256GB                  
Drive Serial Number: 0025_38F6_5106_1623."
"29-06-2026 09:02:17","207","Information","Microsoft-Windows-StorageSpaces-Driver","Physical disk {0d0616a1-3adc-3de7-d9a2-784fe4e2d52a} arrived.                  
Pool Id: {00000000-0000-0000-0000-000000000000}                  
Drive Number: 0                  
Drive Manufacturer: NVMe                  
Drive Model Number: PM9C1b Samsung 256GB                  
Drive Serial Number: 0025_38F6_5106_1623."
"25-06-2026 09:35:49","207","Information","Microsoft-Windows-StorageSpaces-Driver","Physical disk {0d0616a1-3adc-3de7-d9a2-784fe4e2d52a} arrived.                  
Pool Id: {00000000-0000-0000-0000-000000000000}                  
Drive Number: 0                  
Drive Manufacturer: NVMe                  
Drive Model Number: PM9C1b Samsung 256GB                  
Drive Serial Number: 0025_38F6_5106_1623."
"18-06-2026 09:05:24","207","Information","Microsoft-Windows-StorageSpaces-Driver","Physical disk {0d0616a1-3adc-3de7-d9a2-784fe4e2d52a} arrived.                  
Pool Id: {00000000-0000-0000-0000-000000000000}                  
Drive Number: 0                  
Drive Manufacturer: NVMe                  
Drive Model Number: PM9C1b Samsung 256GB                  
Drive Serial Number: 0025_38F6_5106_1623."
"17-06-2026 19:17:59","207","Information","Microsoft-Windows-StorageSpaces-Driver","Physical disk {0d0616a1-3adc-3de7-d9a2-784fe4e2d52a} arrived.                  
Pool Id: {00000000-0000-0000-0000-000000000000}                  
Drive Number: 0                  
Drive Manufacturer: NVMe                  
Drive Model Number: PM9C1b Samsung 256GB                  
Drive Serial Number: 0025_38F6_5106_1623."
"17-06-2026 19:16:31","207","Information","Microsoft-Windows-StorageSpaces-Driver","Physical disk {0d0616a1-3adc-3de7-d9a2-784fe4e2d52a} arrived.                  
Pool Id: {00000000-0000-0000-0000-000000000000}                  
Drive Number: 0                  
Drive Manufacturer: NVMe                  
Drive Model Number: PM9C1b Samsung 256GB                  
Drive Serial Number: 0025_38F6_5106_1623."
"17-06-2026 19:13:23","207","Information","Microsoft-Windows-StorageSpaces-Driver","Physical disk {0d0616a1-3adc-3de7-d9a2-784fe4e2d52a} arrived.                  
Pool Id: {00000000-0000-0000-0000-000000000000}                  
Drive Number: 0                  
Drive Manufacturer: NVMe                  
Drive Model Number: PM9C1b Samsung 256GB                  
Drive Serial Number: 0025_38F6_5106_1623."
"16-06-2026 09:59:11","207","Information","Microsoft-Windows-StorageSpaces-Driver","Physical disk {0d0616a1-3adc-3de7-d9a2-784fe4e2d52a} arrived.                  
Pool Id: {00000000-0000-0000-0000-000000000000}                  
Drive Number: 0                  
Drive Manufacturer: NVMe                  
Drive Model Number: PM9C1b Samsung 256GB                  
Drive Serial Number: 0025_38F6_5106_1623."
"12-06-2026 09:54:22","207","Information","Microsoft-Windows-StorageSpaces-Driver","Physical disk {0d0616a1-3adc-3de7-d9a2-784fe4e2d52a} arrived.                  
Pool Id: {00000000-0000-0000-0000-000000000000}                  
Drive Number: 0                  
Drive Manufacturer: NVMe                  
Drive Model Number: PM9C1b Samsung 256GB                  
Drive Serial Number: 0025_38F6_5106_1623."
"08-06-2026 19:13:39","207","Information","Microsoft-Windows-StorageSpaces-Driver","Physical disk {0d0616a1-3adc-3de7-d9a2-784fe4e2d52a} arrived.                  
Pool Id: {00000000-0000-0000-0000-000000000000}                  
Drive Number: 0                  
Drive Manufacturer: NVMe                  
Drive Model Number: PM9C1b Samsung 256GB                  
Drive Serial Number: 0025_38F6_5106_1623."
"08-06-2026 09:39:55","207","Information","Microsoft-Windows-StorageSpaces-Driver","Physical disk {0d0616a1-3adc-3de7-d9a2-784fe4e2d52a} arrived.                  
Pool Id: {00000000-0000-0000-0000-000000000000}                  
Drive Number: 0                  
Drive Manufacturer: NVMe                  
Drive Model Number: PM9C1b Samsung 256GB                  
Drive Serial Number: 0025_38F6_5106_1623."
"03-06-2026 10:13:53","207","Information","Microsoft-Windows-StorageSpaces-Driver","Physical disk {0d0616a1-3adc-3de7-d9a2-784fe4e2d52a} arrived.                  
Pool Id: {00000000-0000-0000-0000-000000000000}                  
Drive Number: 0                  
Drive Manufacturer: NVMe                  
Drive Model Number: PM9C1b Samsung 256GB                  
Drive Serial Number: 0025_38F6_5106_1623."
"03-06-2026 00:13:23","207","Information","Microsoft-Windows-StorageSpaces-Driver","Physical disk {0d0616a1-3adc-3de7-d9a2-784fe4e2d52a} arrived.                  
Pool Id: {00000000-0000-0000-0000-000000000000}                  
Drive Number: 0                  
Drive Manufacturer: NVMe                  
Drive Model Number: PM9C1b Samsung 256GB                  
Drive Serial Number: 0025_38F6_5106_1623."
"02-06-2026 10:13:54","207","Information","Microsoft-Windows-StorageSpaces-Driver","Physical disk {0d0616a1-3adc-3de7-d9a2-784fe4e2d52a} arrived.                  
Pool Id: {00000000-0000-0000-0000-000000000000}                  
Drive Number: 0                  
Drive Manufacturer: NVMe                  
Drive Model Number: PM9C1b Samsung 256GB                  
Drive Serial Number: 0025_38F6_5106_1623."
"01-06-2026 09:19:10","207","Information","Microsoft-Windows-StorageSpaces-Driver","Physical disk {0d0616a1-3adc-3de7-d9a2-784fe4e2d52a} arrived.                  
Pool Id: {00000000-0000-0000-0000-000000000000}                  
Drive Number: 0                  
Drive Manufacturer: NVMe                  
Drive Model Number: PM9C1b Samsung 256GB                  
Drive Serial Number: 0025_38F6_5106_1623."
"28-05-2026 10:19:23","207","Information","Microsoft-Windows-StorageSpaces-Driver","Physical disk {0d0616a1-3adc-3de7-d9a2-784fe4e2d52a} arrived.                  
Pool Id: {00000000-0000-0000-0000-000000000000}                  
Drive Number: 0                  
Drive Manufacturer: NVMe                  
Drive Model Number: PM9C1b Samsung 256GB                  
Drive Serial Number: 0025_38F6_5106_1623."
"25-05-2026 08:59:50","207","Information","Microsoft-Windows-StorageSpaces-Driver","Physical disk {0d0616a1-3adc-3de7-d9a2-784fe4e2d52a} arrived.                  
Pool Id: {00000000-0000-0000-0000-000000000000}                  
Drive Number: 0                  
Drive Manufacturer: NVMe                  
Drive Model Number: PM9C1b Samsung 256GB                  
Drive Serial Number: 0025_38F6_5106_1623."
"23-05-2026 21:48:21","207","Information","Microsoft-Windows-StorageSpaces-Driver","Physical disk {0d0616a1-3adc-3de7-d9a2-784fe4e2d52a} arrived.                  
Pool Id: {00000000-0000-0000-0000-000000000000}                  
Drive Number: 0                  
Drive Manufacturer: NVMe                  
Drive Model Number: PM9C1b Samsung 256GB                  
Drive Serial Number: 0025_38F6_5106_1623."
"23-05-2026 11:01:27","207","Information","Microsoft-Windows-StorageSpaces-Driver","Physical disk {0d0616a1-3adc-3de7-d9a2-784fe4e2d52a} arrived.                  
Pool Id: {00000000-0000-0000-0000-000000000000}                  
Drive Number: 0                  
Drive Manufacturer: NVMe                  
Drive Model Number: PM9C1b Samsung 256GB                  
Drive Serial Number: 0025_38F6_5106_1623."
"23-05-2026 10:51:43","207","Information","Microsoft-Windows-StorageSpaces-Driver","Physical disk {0d0616a1-3adc-3de7-d9a2-784fe4e2d52a} arrived.                  
Pool Id: {00000000-0000-0000-0000-000000000000}                  
Drive Number: 0                  
Drive Manufacturer: NVMe                  
Drive Model Number: PM9C1b Samsung 256GB                  
Drive Serial Number: 0025_38F6_5106_1623."
"23-05-2026 23:08:22","207","Information","Microsoft-Windows-StorageSpaces-Driver","Physical disk {0d0616a1-3adc-3de7-d9a2-784fe4e2d52a} arrived.                  
Pool Id: {00000000-0000-0000-0000-000000000000}                  
Drive Number: 0                  
Drive Manufacturer: NVMe                  
Drive Model Number: PM9C1b Samsung 256GB                  
Drive Serial Number: 0025_38F6_5106_1623."
"23-05-2026 23:05:39","207","Information","Microsoft-Windows-StorageSpaces-Driver","Physical disk {0d0616a1-3adc-3de7-d9a2-784fe4e2d52a} arrived.                  
Pool Id: {00000000-0000-0000-0000-000000000000}                  
Drive Number: 0                  
Drive Manufacturer: NVMe                  
Drive Model Number: PM9C1b Samsung 256GB                  
Drive Serial Number: 0025_38F6_5106_1623."
