"TimeCreated","Id","LevelDisplayName","ProviderName","Message"
"19-08-2026 14:33:04","2010","Information","Microsoft-Windows-Windows Defender","Microsoft Defender Antivirus used cloud protection to get additional security intelligence.
 	Current security intelligence Version: 1.457.239.0
 	Security intelligence Type: 
 	User: \
 	Current Engine Version: 1.1.26070.7
 	Cloud protection intelligence Type: Security intelligence update
 	Persistence Path: C:\ProgramData\Microsoft\Windows Defender\Scans\RtSigs\data\cef1f9e257ddf9415d14e798205cc5bec7a540dc
 	Cloud protection intelligence Version: 0.0.0.0
 	Cloud protection intelligence Compilation Timestamp: 19-08-2026 09:03:04
 	Persistence Limit Type: Duration
 	Persistence Limit: 432000000"
"19-08-2026 14:33:04","2010","Information","Microsoft-Windows-Windows Defender","Microsoft Defender Antivirus used cloud protection to get additional security intelligence.
 	Current security intelligence Version: 1.457.239.0
 	Security intelligence Type: 
 	User: \
 	Current Engine Version: 1.1.26070.7
 	Cloud protection intelligence Type: Security intelligence update
 	Persistence Path: C:\ProgramData\Microsoft\Windows Defender\Scans\RtSigs\data\73c233444d6b8ce9ee383a2e36becfad77096575
 	Cloud protection intelligence Version: 0.0.0.0
 	Cloud protection intelligence Compilation Timestamp: 19-08-2026 09:03:04
 	Persistence Limit Type: Duration
 	Persistence Limit: 432000000"
"19-08-2026 14:33:04","2010","Information","Microsoft-Windows-Windows Defender","Microsoft Defender Antivirus used cloud protection to get additional security intelligence.
 	Current security intelligence Version: 1.457.239.0
 	Security intelligence Type: 
 	User: \
 	Current Engine Version: 1.1.26070.7
 	Cloud protection intelligence Type: Security intelligence update
 	Persistence Path: C:\ProgramData\Microsoft\Windows Defender\Scans\RtSigs\data\7d45038eb072b97e7c80f3ecfa1dc275dba153ff
 	Cloud protection intelligence Version: 0.0.0.0
 	Cloud protection intelligence Compilation Timestamp: 19-08-2026 09:03:04
 	Persistence Limit Type: Duration
 	Persistence Limit: 432000000"
"19-08-2026 14:31:27","1124","Information","Microsoft-Windows-Windows Defender","C:\Program Files (x86)\ManageSoft\Security Agent\mgssecsvc.exe would have been blocked from modifying %userprofile%\Documents by Controlled Folder Access.
 	Detection time: 2026-08-19T09:01:27.141Z
 	User: NT AUTHORITY\SYSTEM
 	Path: %userprofile%\Documents
 	Process Name: C:\Program Files (x86)\ManageSoft\Security Agent\mgssecsvc.exe
 	Security intelligence Version: 1.457.239.0
 	Engine Version: 1.1.26070.7
 	Product Version: 4.18.26070.9
"
"19-08-2026 14:18:54","2010","Information","Microsoft-Windows-Windows Defender","Microsoft Defender Antivirus used cloud protection to get additional security intelligence.
 	Current security intelligence Version: 1.457.239.0
 	Security intelligence Type: 
 	User: \
 	Current Engine Version: 1.1.26070.7
 	Cloud protection intelligence Type: Security intelligence update
 	Persistence Path: C:\ProgramData\Microsoft\Windows Defender\Scans\RtSigs\data\a40675b74418e66aa3d298c50d89b0d8755f8103
 	Cloud protection intelligence Version: 0.0.0.0
 	Cloud protection intelligence Compilation Timestamp: 19-08-2026 08:48:54
 	Persistence Limit Type: Duration
 	Persistence Limit: 50065408"
"19-08-2026 14:09:08","5007","Information","Microsoft-Windows-Windows Defender","Microsoft Defender Antivirus Configuration has changed. If this is an unexpected event you should review the settings as this may be the result of malware.
 	Old value: HKLM\SOFTWARE\Microsoft\Windows Defender\UX Configuration\ToastOrSsoTrigger = 0x1
 	New value: HKLM\SOFTWARE\Microsoft\Windows Defender\UX Configuration\ToastOrSsoTrigger = 0x0"
"19-08-2026 14:09:08","5007","Information","Microsoft-Windows-Windows Defender","Microsoft Defender Antivirus Configuration has changed. If this is an unexpected event you should review the settings as this may be the result of malware.
 	Old value: HKLM\SOFTWARE\Microsoft\Windows Defender\UX Configuration\ToastOrSsoTrigger = 0x1
 	New value: HKLM\SOFTWARE\Microsoft\Windows Defender\UX Configuration\ToastOrSsoTrigger = 0x0"
"19-08-2026 14:06:24","5007","Information","Microsoft-Windows-Windows Defender","Microsoft Defender Antivirus Configuration has changed. If this is an unexpected event you should review the settings as this may be the result of malware.
 	Old value: HKLM\SOFTWARE\Microsoft\Windows Defender\DLP Configs\Tag\Tag = 0x2
 	New value: HKLM\SOFTWARE\Microsoft\Windows Defender\DLP Configs\Tag\Tag = 0x3"
"19-08-2026 14:06:24","5007","Information","Microsoft-Windows-Windows Defender","Microsoft Defender Antivirus Configuration has changed. If this is an unexpected event you should review the settings as this may be the result of malware.
 	Old value: HKLM\SOFTWARE\Microsoft\Windows Defender\DLP Configs\Tag\Tag = 0x2
 	New value: HKLM\SOFTWARE\Microsoft\Windows Defender\DLP Configs\Tag\Tag = 0x3"
"19-08-2026 14:06:24","5007","Information","Microsoft-Windows-Windows Defender","Microsoft Defender Antivirus Configuration has changed. If this is an unexpected event you should review the settings as this may be the result of malware.
 	Old value: HKLM\SOFTWARE\Microsoft\Windows Defender\CoreService\WdConfigHash = 0xBB9DD38D
 	New value: HKLM\SOFTWARE\Microsoft\Windows Defender\CoreService\WdConfigHash = 0x8F5F24ED"
"19-08-2026 14:06:24","5007","Information","Microsoft-Windows-Windows Defender","Microsoft Defender Antivirus Configuration has changed. If this is an unexpected event you should review the settings as this may be the result of malware.
 	Old value: HKLM\SOFTWARE\Microsoft\Windows Defender\CoreService\WdConfigHash = 0xBB9DD38D
 	New value: HKLM\SOFTWARE\Microsoft\Windows Defender\CoreService\WdConfigHash = 0x8F5F24ED"
"19-08-2026 14:06:23","2000","Information","Microsoft-Windows-Windows Defender","Microsoft Defender Antivirus security intelligence version updated.
 	Current security intelligence Version: 1.457.239.0
 	Previous security intelligence Version: 1.457.238.0
 	Security intelligence Type: AntiSpyware
 	Update Type: Delta
 	User: NT AUTHORITY\SYSTEM
 	Current Engine Version: 1.1.26070.7
 	Previous Engine Version: 1.1.26070.7"
"19-08-2026 14:06:23","2000","Information","Microsoft-Windows-Windows Defender","Microsoft Defender Antivirus security intelligence version updated.
 	Current security intelligence Version: 1.457.239.0
 	Previous security intelligence Version: 1.457.238.0
 	Security intelligence Type: AntiVirus
 	Update Type: Delta
 	User: NT AUTHORITY\SYSTEM
 	Current Engine Version: 1.1.26070.7
 	Previous Engine Version: 1.1.26070.7"
"19-08-2026 13:55:39","1151","Information","Microsoft-Windows-Windows Defender","Endpoint Protection client health report (time in UTC):
 	Platform version: 4.18.26070.9
 	Engine version: 1.1.26070.7
 	Network Realtime Inspection engine version: 1.1.26070.7
 	Antivirus security intelligence version: 1.457.238.0
 	Antispyware security intelligence version: 1.457.238.0
 	Network Realtime Inspection security intelligence version: 1.457.238.0
 	RTP state: Enabled
 	OA state: Enabled
 	IOAV state: Enabled
 	BM state: Enabled
 	Antivirus security intelligence age: 0
 	Antispyware security intelligence age: 0
 	Last quick scan age: 1
 	Last full scan age: 4294967295
 	Antivirus security intelligence creation time: 2026-08-18T23:57:46Z
 	Antispyware security intelligence creation time: 2026-08-18T23:57:47Z
 	Last quick scan start time: 2026-08-17T10:03:07Z
 	Last quick scan end time: 2026-08-17T10:11:48Z
 	Last quick scan source: 2
 	Last full scan start time: 1601-01-01T00:00:00Z
 	Last full scan end time: 1601-01-01T00:00:00Z
 	Last full scan source: 0
 	Product status: 0x00080000
"
"19-08-2026 13:55:39","1150","Information","Microsoft-Windows-Windows Defender","Endpoint Protection client is up and running in a healthy state.
 	Platform version: 4.18.26070.9
 	Engine version: 1.1.26070.7
 	Security intelligence version: 1.457.238.0
"
"19-08-2026 13:48:36","2010","Information","Microsoft-Windows-Windows Defender","Microsoft Defender Antivirus used cloud protection to get additional security intelligence.
 	Current security intelligence Version: 1.457.238.0
 	Security intelligence Type: 
 	User: \
 	Current Engine Version: 1.1.26070.7
 	Cloud protection intelligence Type: Security intelligence update
 	Persistence Path: C:\ProgramData\Microsoft\Windows Defender\Scans\RtSigs\data\3c59877706afb29c77a688626f7550b76b43639e
 	Cloud protection intelligence Version: 0.0.0.0
 	Cloud protection intelligence Compilation Timestamp: 19-08-2026 08:18:36
 	Persistence Limit Type: Duration
 	Persistence Limit: 1728000000"
"19-08-2026 13:48:13","2010","Information","Microsoft-Windows-Windows Defender","Microsoft Defender Antivirus used cloud protection to get additional security intelligence.
 	Current security intelligence Version: 1.457.238.0
 	Security intelligence Type: 
 	User: \
 	Current Engine Version: 1.1.26070.7
 	Cloud protection intelligence Type: Security intelligence update
 	Persistence Path: C:\ProgramData\Microsoft\Windows Defender\Scans\RtSigs\data\82daea706807adf80d7fb13aa41a5a4cf0dd95a6
 	Cloud protection intelligence Version: 0.0.0.0
 	Cloud protection intelligence Compilation Timestamp: 19-08-2026 08:18:13
 	Persistence Limit Type: Duration
 	Persistence Limit: 1728000000"
"19-08-2026 13:47:48","2010","Information","Microsoft-Windows-Windows Defender","Microsoft Defender Antivirus used cloud protection to get additional security intelligence.
 	Current security intelligence Version: 1.457.238.0
 	Security intelligence Type: 
 	User: \
 	Current Engine Version: 1.1.26070.7
 	Cloud protection intelligence Type: Security intelligence update
 	Persistence Path: C:\ProgramData\Microsoft\Windows Defender\Scans\RtSigs\data\7f4cc856ad3376e4cdcd9efe2a70676fa479b1bc
 	Cloud protection intelligence Version: 0.0.0.0
 	Cloud protection intelligence Compilation Timestamp: 19-08-2026 08:17:49
 	Persistence Limit Type: Duration
 	Persistence Limit: 72000000"
"19-08-2026 13:47:48","2010","Information","Microsoft-Windows-Windows Defender","Microsoft Defender Antivirus used cloud protection to get additional security intelligence.
 	Current security intelligence Version: 1.457.238.0
 	Security intelligence Type: 
 	User: \
 	Current Engine Version: 1.1.26070.7
 	Cloud protection intelligence Type: Security intelligence update
 	Persistence Path: C:\ProgramData\Microsoft\Windows Defender\Scans\RtSigs\data\ce65c3ac2f9787ea94d4dc8d8ca21feda483fe21
 	Cloud protection intelligence Version: 0.0.0.0
 	Cloud protection intelligence Compilation Timestamp: 19-08-2026 08:17:49
 	Persistence Limit Type: Duration
 	Persistence Limit: 432000000"
"19-08-2026 13:41:07","1124","Information","Microsoft-Windows-Windows Defender","C:\Program Files (x86)\ManageSoft\Tracker\ndtrack.exe would have been blocked from modifying %userprofile%\Documents by Controlled Folder Access.
 	Detection time: 2026-08-19T08:11:07.165Z
 	User: NT AUTHORITY\SYSTEM
 	Path: %userprofile%\Documents
 	Process Name: C:\Program Files (x86)\ManageSoft\Tracker\ndtrack.exe
 	Security intelligence Version: 1.457.238.0
 	Engine Version: 1.1.26070.7
 	Product Version: 4.18.26070.9
"
"19-08-2026 13:41:07","1124","Information","Microsoft-Windows-Windows Defender","C:\Program Files (x86)\ManageSoft\Schedule Agent\ndschedag.exe would have been blocked from modifying %userprofile%\Documents by Controlled Folder Access.
 	Detection time: 2026-08-19T08:11:07.122Z
 	User: NT AUTHORITY\SYSTEM
 	Path: %userprofile%\Documents
 	Process Name: C:\Program Files (x86)\ManageSoft\Schedule Agent\ndschedag.exe
 	Security intelligence Version: 1.457.238.0
 	Engine Version: 1.1.26070.7
 	Product Version: 4.18.26070.9
"
"19-08-2026 13:32:34","2010","Information","Microsoft-Windows-Windows Defender","Microsoft Defender Antivirus used cloud protection to get additional security intelligence.
 	Current security intelligence Version: 1.457.238.0
 	Security intelligence Type: 
 	User: \
 	Current Engine Version: 1.1.26070.7
 	Cloud protection intelligence Type: Security intelligence update
 	Persistence Path: C:\ProgramData\Microsoft\Windows Defender\Scans\RtSigs\data\50a92868c5a43750bf2d84b268d124c2542954a2
 	Cloud protection intelligence Version: 0.0.0.0
 	Cloud protection intelligence Compilation Timestamp: 19-08-2026 08:02:34
 	Persistence Limit Type: Duration
 	Persistence Limit: 50065408"
"19-08-2026 13:29:24","5007","Information","Microsoft-Windows-Windows Defender","Microsoft Defender Antivirus Configuration has changed. If this is an unexpected event you should review the settings as this may be the result of malware.
 	Old value: HKLM\SOFTWARE\Policies\Microsoft\Windows Defender\Policy Manager\Threats\ThreatSeverityDefaultAction\1 = 0x2
 	New value: N/A\Threats\ThreatSeverityDefaultAction\1 = "
"19-08-2026 13:29:24","5007","Information","Microsoft-Windows-Windows Defender","Microsoft Defender Antivirus Configuration has changed. If this is an unexpected event you should review the settings as this may be the result of malware.
 	Old value: HKLM\SOFTWARE\Policies\Microsoft\Windows Defender\Policy Manager\Threats\ThreatSeverityDefaultAction\2 = 0x2
 	New value: N/A\Threats\ThreatSeverityDefaultAction\2 = "
"19-08-2026 13:29:24","5007","Information","Microsoft-Windows-Windows Defender","Microsoft Defender Antivirus Configuration has changed. If this is an unexpected event you should review the settings as this may be the result of malware.
 	Old value: HKLM\SOFTWARE\Policies\Microsoft\Windows Defender\Policy Manager\Threats\ThreatSeverityDefaultAction\5 = 0x2
 	New value: N/A\Threats\ThreatSeverityDefaultAction\5 = "
"19-08-2026 13:29:24","5007","Information","Microsoft-Windows-Windows Defender","Microsoft Defender Antivirus Configuration has changed. If this is an unexpected event you should review the settings as this may be the result of malware.
 	Old value: HKLM\SOFTWARE\Policies\Microsoft\Windows Defender\Policy Manager\Threats\ThreatSeverityDefaultAction\4 = 0x2
 	New value: N/A\Threats\ThreatSeverityDefaultAction\4 = "
"19-08-2026 13:29:24","5007","Information","Microsoft-Windows-Windows Defender","Microsoft Defender Antivirus Configuration has changed. If this is an unexpected event you should review the settings as this may be the result of malware.
 	Old value: HKLM\SOFTWARE\Policies\Microsoft\Windows Defender\Policy Manager\Real-Time Protection\DisableScriptScanning = 0x0
 	New value: Default\Real-Time Protection\DisableScriptScanning = 0x0"
"19-08-2026 13:29:21","1013","Information","Microsoft-Windows-Windows Defender","Microsoft Defender Antivirus has removed history of malware and other potentially unwanted software.
 	Time: 2026-08-04T07:59:21Z
 	User: NT AUTHORITY\SYSTEM
"
"19-08-2026 12:55:39","1151","Information","Microsoft-Windows-Windows Defender","Endpoint Protection client health report (time in UTC):
 	Platform version: 4.18.26070.9
 	Engine version: 1.1.26070.7
 	Network Realtime Inspection engine version: 1.1.26070.7
 	Antivirus security intelligence version: 1.457.238.0
 	Antispyware security intelligence version: 1.457.238.0
 	Network Realtime Inspection security intelligence version: 1.457.238.0
 	RTP state: Enabled
 	OA state: Enabled
 	IOAV state: Enabled
 	BM state: Enabled
 	Antivirus security intelligence age: 0
 	Antispyware security intelligence age: 0
 	Last quick scan age: 1
 	Last full scan age: 4294967295
 	Antivirus security intelligence creation time: 2026-08-18T23:57:46Z
 	Antispyware security intelligence creation time: 2026-08-18T23:57:47Z
 	Last quick scan start time: 2026-08-17T10:03:07Z
 	Last quick scan end time: 2026-08-17T10:11:48Z
 	Last quick scan source: 2
 	Last full scan start time: 1601-01-01T00:00:00Z
 	Last full scan end time: 1601-01-01T00:00:00Z
 	Last full scan source: 0
 	Product status: 0x00080000
"
"19-08-2026 12:55:39","1150","Information","Microsoft-Windows-Windows Defender","Endpoint Protection client is up and running in a healthy state.
 	Platform version: 4.18.26070.9
 	Engine version: 1.1.26070.7
 	Security intelligence version: 1.457.238.0
"
"19-08-2026 12:37:06","1124","Information","Microsoft-Windows-Windows Defender","C:\Program Files (x86)\ManageSoft\Configuration\flxconfig.exe would have been blocked from modifying %userprofile%\Documents by Controlled Folder Access.
 	Detection time: 2026-08-19T07:07:06.501Z
 	User: (unknown user)
 	Path: %userprofile%\Documents
 	Process Name: C:\Program Files (x86)\ManageSoft\Configuration\flxconfig.exe
 	Security intelligence Version: 1.457.238.0
 	Engine Version: 1.1.26070.7
 	Product Version: 4.18.26070.9
"
"19-08-2026 12:37:06","1124","Information","Microsoft-Windows-Windows Defender","C:\Program Files (x86)\ManageSoft\Schedule Agent\ndschedag.exe would have been blocked from modifying %userprofile%\Documents by Controlled Folder Access.
 	Detection time: 2026-08-19T07:07:06.500Z
 	User: (unknown user)
 	Path: %userprofile%\Documents
 	Process Name: C:\Program Files (x86)\ManageSoft\Schedule Agent\ndschedag.exe
 	Security intelligence Version: 1.457.238.0
 	Engine Version: 1.1.26070.7
 	Product Version: 4.18.26070.9
"
"19-08-2026 12:37:06","1124","Information","Microsoft-Windows-Windows Defender","C:\Program Files (x86)\ManageSoft\Schedule Agent\ndschedag.exe would have been blocked from modifying %userprofile%\Documents by Controlled Folder Access.
 	Detection time: 2026-08-19T07:07:06.499Z
 	User: (unknown user)
 	Path: %userprofile%\Documents
 	Process Name: C:\Program Files (x86)\ManageSoft\Schedule Agent\ndschedag.exe
 	Security intelligence Version: 1.457.238.0
 	Engine Version: 1.1.26070.7
 	Product Version: 4.18.26070.9
"
"19-08-2026 12:33:06","1124","Information","Microsoft-Windows-Windows Defender","C:\Program Files (x86)\ManageSoft\Configuration\flxconfig.exe would have been blocked from modifying %userprofile%\Documents by Controlled Folder Access.
 	Detection time: 2026-08-19T07:03:06.636Z
 	User: (unknown user)
 	Path: %userprofile%\Documents
 	Process Name: C:\Program Files (x86)\ManageSoft\Configuration\flxconfig.exe
 	Security intelligence Version: 1.457.238.0
 	Engine Version: 1.1.26070.7
 	Product Version: 4.18.26070.9
"
"19-08-2026 12:33:06","1124","Information","Microsoft-Windows-Windows Defender","C:\Program Files (x86)\ManageSoft\Schedule Agent\ndschedag.exe would have been blocked from modifying %userprofile%\Documents by Controlled Folder Access.
 	Detection time: 2026-08-19T07:03:06.631Z
 	User: (unknown user)
 	Path: %userprofile%\Documents
 	Process Name: C:\Program Files (x86)\ManageSoft\Schedule Agent\ndschedag.exe
 	Security intelligence Version: 1.457.238.0
 	Engine Version: 1.1.26070.7
 	Product Version: 4.18.26070.9
"
"19-08-2026 12:33:06","1124","Information","Microsoft-Windows-Windows Defender","C:\Program Files (x86)\ManageSoft\Schedule Agent\ndschedag.exe would have been blocked from modifying %userprofile%\Documents by Controlled Folder Access.
 	Detection time: 2026-08-19T07:03:06.631Z
 	User: (unknown user)
 	Path: %userprofile%\Documents
 	Process Name: C:\Program Files (x86)\ManageSoft\Schedule Agent\ndschedag.exe
 	Security intelligence Version: 1.457.238.0
 	Engine Version: 1.1.26070.7
 	Product Version: 4.18.26070.9
"
"19-08-2026 12:32:24","2010","Information","Microsoft-Windows-Windows Defender","Microsoft Defender Antivirus used cloud protection to get additional security intelligence.
 	Current security intelligence Version: 1.457.238.0
 	Security intelligence Type: 
 	User: \
 	Current Engine Version: 1.1.26070.7
 	Cloud protection intelligence Type: Security intelligence update
 	Persistence Path: C:\ProgramData\Microsoft\Windows Defender\Scans\RtSigs\data\67a22eb746a2e559782b6cdb9ad3d0d65bbcd1b2
 	Cloud protection intelligence Version: 0.0.0.0
 	Cloud protection intelligence Compilation Timestamp: 19-08-2026 07:02:24
 	Persistence Limit Type: Duration
 	Persistence Limit: 72000000"
"19-08-2026 12:32:24","2010","Information","Microsoft-Windows-Windows Defender","Microsoft Defender Antivirus used cloud protection to get additional security intelligence.
 	Current security intelligence Version: 1.457.238.0
 	Security intelligence Type: 
 	User: \
 	Current Engine Version: 1.1.26070.7
 	Cloud protection intelligence Type: Security intelligence update
 	Persistence Path: C:\ProgramData\Microsoft\Windows Defender\Scans\RtSigs\data\19436ab5ae54251d144f346b911f34bae39b45f9
 	Cloud protection intelligence Version: 0.0.0.0
 	Cloud protection intelligence Compilation Timestamp: 19-08-2026 07:02:24
 	Persistence Limit Type: Duration
 	Persistence Limit: 432000000"
"19-08-2026 12:32:24","2010","Information","Microsoft-Windows-Windows Defender","Microsoft Defender Antivirus used cloud protection to get additional security intelligence.
 	Current security intelligence Version: 1.457.238.0
 	Security intelligence Type: 
 	User: \
 	Current Engine Version: 1.1.26070.7
 	Cloud protection intelligence Type: Security intelligence update
 	Persistence Path: C:\ProgramData\Microsoft\Windows Defender\Scans\RtSigs\data\c3c4fddb34264c8f1f88721c30012f0aac317b5c
 	Cloud protection intelligence Version: 0.0.0.0
 	Cloud protection intelligence Compilation Timestamp: 19-08-2026 07:02:24
 	Persistence Limit Type: Duration
 	Persistence Limit: 432000000"
"19-08-2026 12:32:24","2010","Information","Microsoft-Windows-Windows Defender","Microsoft Defender Antivirus used cloud protection to get additional security intelligence.
 	Current security intelligence Version: 1.457.238.0
 	Security intelligence Type: 
 	User: \
 	Current Engine Version: 1.1.26070.7
 	Cloud protection intelligence Type: Security intelligence update
 	Persistence Path: C:\ProgramData\Microsoft\Windows Defender\Scans\RtSigs\data\bb14b9096ee448c31bd480bbd00fe600e9ad9948
 	Cloud protection intelligence Version: 0.0.0.0
 	Cloud protection intelligence Compilation Timestamp: 19-08-2026 07:02:24
 	Persistence Limit Type: Duration
 	Persistence Limit: 432000000"
"19-08-2026 12:18:30","5007","Information","Microsoft-Windows-Windows Defender","Microsoft Defender Antivirus Configuration has changed. If this is an unexpected event you should review the settings as this may be the result of malware.
 	Old value: HKLM\SOFTWARE\Microsoft\Windows Defender\UX Configuration\ToastOrSsoTrigger = 0x0
 	New value: HKLM\SOFTWARE\Microsoft\Windows Defender\UX Configuration\ToastOrSsoTrigger = 0x1"
"19-08-2026 12:18:30","5007","Information","Microsoft-Windows-Windows Defender","Microsoft Defender Antivirus Configuration has changed. If this is an unexpected event you should review the settings as this may be the result of malware.
 	Old value: HKLM\SOFTWARE\Microsoft\Windows Defender\UX Configuration\ToastOrSsoTrigger = 0x0
 	New value: HKLM\SOFTWARE\Microsoft\Windows Defender\UX Configuration\ToastOrSsoTrigger = 0x1"
"19-08-2026 12:17:19","2010","Information","Microsoft-Windows-Windows Defender","Microsoft Defender Antivirus used cloud protection to get additional security intelligence.
 	Current security intelligence Version: 1.457.238.0
 	Security intelligence Type: 
 	User: \
 	Current Engine Version: 1.1.26070.7
 	Cloud protection intelligence Type: Security intelligence update
 	Persistence Path: C:\ProgramData\Microsoft\Windows Defender\Scans\RtSigs\data\350ad167831f26316048e72de36f045565740001
 	Cloud protection intelligence Version: 0.0.0.0
 	Cloud protection intelligence Compilation Timestamp: 19-08-2026 06:47:19
 	Persistence Limit Type: Duration
 	Persistence Limit: 432000000"
"19-08-2026 11:55:39","1151","Information","Microsoft-Windows-Windows Defender","Endpoint Protection client health report (time in UTC):
 	Platform version: 4.18.26070.9
 	Engine version: 1.1.26070.7
 	Network Realtime Inspection engine version: 1.1.26070.7
 	Antivirus security intelligence version: 1.457.238.0
 	Antispyware security intelligence version: 1.457.238.0
 	Network Realtime Inspection security intelligence version: 1.457.238.0
 	RTP state: Enabled
 	OA state: Enabled
 	IOAV state: Enabled
 	BM state: Enabled
 	Antivirus security intelligence age: 0
 	Antispyware security intelligence age: 0
 	Last quick scan age: 1
 	Last full scan age: 4294967295
 	Antivirus security intelligence creation time: 2026-08-18T23:57:46Z
 	Antispyware security intelligence creation time: 2026-08-18T23:57:47Z
 	Last quick scan start time: 2026-08-17T10:03:07Z
 	Last quick scan end time: 2026-08-17T10:11:48Z
 	Last quick scan source: 2
 	Last full scan start time: 1601-01-01T00:00:00Z
 	Last full scan end time: 1601-01-01T00:00:00Z
 	Last full scan source: 0
 	Product status: 0x00080000
"
"19-08-2026 11:55:39","1150","Information","Microsoft-Windows-Windows Defender","Endpoint Protection client is up and running in a healthy state.
 	Platform version: 4.18.26070.9
 	Engine version: 1.1.26070.7
 	Security intelligence version: 1.457.238.0
"
"19-08-2026 11:47:09","2010","Information","Microsoft-Windows-Windows Defender","Microsoft Defender Antivirus used cloud protection to get additional security intelligence.
 	Current security intelligence Version: 1.457.238.0
 	Security intelligence Type: 
 	User: \
 	Current Engine Version: 1.1.26070.7
 	Cloud protection intelligence Type: Security intelligence update
 	Persistence Path: C:\ProgramData\Microsoft\Windows Defender\Scans\RtSigs\data\4256d661ab8540d2cc0ddcc8f72b14ba41d007a7
 	Cloud protection intelligence Version: 0.0.0.0
 	Cloud protection intelligence Compilation Timestamp: 19-08-2026 06:17:09
 	Persistence Limit Type: Duration
 	Persistence Limit: 432000000"
"19-08-2026 11:32:04","2010","Information","Microsoft-Windows-Windows Defender","Microsoft Defender Antivirus used cloud protection to get additional security intelligence.
 	Current security intelligence Version: 1.457.238.0
 	Security intelligence Type: 
 	User: \
 	Current Engine Version: 1.1.26070.7
 	Cloud protection intelligence Type: Security intelligence update
 	Persistence Path: C:\ProgramData\Microsoft\Windows Defender\Scans\RtSigs\data\26a8c344ca37edc9d46996ce35cec7139383a1c4
 	Cloud protection intelligence Version: 0.0.0.0
 	Cloud protection intelligence Compilation Timestamp: 19-08-2026 06:02:04
 	Persistence Limit Type: Duration
 	Persistence Limit: 72000000"
"19-08-2026 11:01:53","2010","Information","Microsoft-Windows-Windows Defender","Microsoft Defender Antivirus used cloud protection to get additional security intelligence.
 	Current security intelligence Version: 1.457.238.0
 	Security intelligence Type: 
 	User: \
 	Current Engine Version: 1.1.26070.7
 	Cloud protection intelligence Type: Security intelligence update
 	Persistence Path: C:\ProgramData\Microsoft\Windows Defender\Scans\RtSigs\data\55c544efffc6b71b37f94f7b89b098d502fc961b
 	Cloud protection intelligence Version: 0.0.0.0
 	Cloud protection intelligence Compilation Timestamp: 19-08-2026 05:31:53
 	Persistence Limit Type: Duration
 	Persistence Limit: 432000000"
"19-08-2026 11:01:53","2010","Information","Microsoft-Windows-Windows Defender","Microsoft Defender Antivirus used cloud protection to get additional security intelligence.
 	Current security intelligence Version: 1.457.238.0
 	Security intelligence Type: 
 	User: \
 	Current Engine Version: 1.1.26070.7
 	Cloud protection intelligence Type: Security intelligence update
 	Persistence Path: C:\ProgramData\Microsoft\Windows Defender\Scans\RtSigs\data\817666687bf64bbef32a298620a92a586975384d
 	Cloud protection intelligence Version: 0.0.0.0
 	Cloud protection intelligence Compilation Timestamp: 19-08-2026 05:31:53
 	Persistence Limit Type: Duration
 	Persistence Limit: 432000000"
"19-08-2026 11:01:53","2010","Information","Microsoft-Windows-Windows Defender","Microsoft Defender Antivirus used cloud protection to get additional security intelligence.
 	Current security intelligence Version: 1.457.238.0
 	Security intelligence Type: 
 	User: \
 	Current Engine Version: 1.1.26070.7
 	Cloud protection intelligence Type: Security intelligence update
 	Persistence Path: C:\ProgramData\Microsoft\Windows Defender\Scans\RtSigs\data\08f4a57a45330c32f6c918668e5f39e137468ad2
 	Cloud protection intelligence Version: 0.0.0.0
 	Cloud protection intelligence Compilation Timestamp: 19-08-2026 05:31:53
 	Persistence Limit Type: Duration
 	Persistence Limit: 432000000"
"19-08-2026 10:55:39","1151","Information","Microsoft-Windows-Windows Defender","Endpoint Protection client health report (time in UTC):
 	Platform version: 4.18.26070.9
 	Engine version: 1.1.26070.7
 	Network Realtime Inspection engine version: 1.1.26070.7
 	Antivirus security intelligence version: 1.457.238.0
 	Antispyware security intelligence version: 1.457.238.0
 	Network Realtime Inspection security intelligence version: 1.457.238.0
 	RTP state: Enabled
 	OA state: Enabled
 	IOAV state: Enabled
 	BM state: Enabled
 	Antivirus security intelligence age: 0
 	Antispyware security intelligence age: 0
 	Last quick scan age: 1
 	Last full scan age: 4294967295
 	Antivirus security intelligence creation time: 2026-08-18T23:57:46Z
 	Antispyware security intelligence creation time: 2026-08-18T23:57:47Z
 	Last quick scan start time: 2026-08-17T10:03:07Z
 	Last quick scan end time: 2026-08-17T10:11:48Z
 	Last quick scan source: 2
 	Last full scan start time: 1601-01-01T00:00:00Z
 	Last full scan end time: 1601-01-01T00:00:00Z
 	Last full scan source: 0
 	Product status: 0x00080000
"
"19-08-2026 10:55:39","1150","Information","Microsoft-Windows-Windows Defender","Endpoint Protection client is up and running in a healthy state.
 	Platform version: 4.18.26070.9
 	Engine version: 1.1.26070.7
 	Security intelligence version: 1.457.238.0
"
"19-08-2026 10:46:48","2010","Information","Microsoft-Windows-Windows Defender","Microsoft Defender Antivirus used cloud protection to get additional security intelligence.
 	Current security intelligence Version: 1.457.238.0
 	Security intelligence Type: 
 	User: \
 	Current Engine Version: 1.1.26070.7
 	Cloud protection intelligence Type: Security intelligence update
 	Persistence Path: C:\ProgramData\Microsoft\Windows Defender\Scans\RtSigs\data\0988b76a373d6a5ba993aeb3da5b6f68f296c19a
 	Cloud protection intelligence Version: 0.0.0.0
 	Cloud protection intelligence Compilation Timestamp: 19-08-2026 05:16:48
 	Persistence Limit Type: Duration
 	Persistence Limit: 72000000"
"19-08-2026 10:46:48","2010","Information","Microsoft-Windows-Windows Defender","Microsoft Defender Antivirus used cloud protection to get additional security intelligence.
 	Current security intelligence Version: 1.457.238.0
 	Security intelligence Type: 
 	User: \
 	Current Engine Version: 1.1.26070.7
 	Cloud protection intelligence Type: Security intelligence update
 	Persistence Path: C:\ProgramData\Microsoft\Windows Defender\Scans\RtSigs\data\10abef9f0193daba1af17896f48324a5a7eee2be
 	Cloud protection intelligence Version: 0.0.0.0
 	Cloud protection intelligence Compilation Timestamp: 19-08-2026 05:16:48
 	Persistence Limit Type: Duration
 	Persistence Limit: 432000000"
"19-08-2026 10:46:48","2010","Information","Microsoft-Windows-Windows Defender","Microsoft Defender Antivirus used cloud protection to get additional security intelligence.
 	Current security intelligence Version: 1.457.238.0
 	Security intelligence Type: 
 	User: \
 	Current Engine Version: 1.1.26070.7
 	Cloud protection intelligence Type: Security intelligence update
 	Persistence Path: C:\ProgramData\Microsoft\Windows Defender\Scans\RtSigs\data\ebad2c39eee55d9e0ccae5713d99d15ebacc1ad7
 	Cloud protection intelligence Version: 0.0.0.0
 	Cloud protection intelligence Compilation Timestamp: 19-08-2026 05:16:48
 	Persistence Limit Type: Duration
 	Persistence Limit: 432000000"
"19-08-2026 10:46:48","2010","Information","Microsoft-Windows-Windows Defender","Microsoft Defender Antivirus used cloud protection to get additional security intelligence.
 	Current security intelligence Version: 1.457.238.0
 	Security intelligence Type: 
 	User: \
 	Current Engine Version: 1.1.26070.7
 	Cloud protection intelligence Type: Security intelligence update
 	Persistence Path: C:\ProgramData\Microsoft\Windows Defender\Scans\RtSigs\data\2cf21036d4c8154011fa0390da79966c702a07b0
 	Cloud protection intelligence Version: 0.0.0.0
 	Cloud protection intelligence Compilation Timestamp: 19-08-2026 05:16:48
 	Persistence Limit Type: Duration
 	Persistence Limit: 432000000"
"19-08-2026 10:42:44","2010","Information","Microsoft-Windows-Windows Defender","Microsoft Defender Antivirus used cloud protection to get additional security intelligence.
 	Current security intelligence Version: 1.457.238.0
 	Security intelligence Type: 
 	User: \
 	Current Engine Version: 1.1.26070.7
 	Cloud protection intelligence Type: Security intelligence update
 	Persistence Path: C:\ProgramData\Microsoft\Windows Defender\Scans\RtSigs\data\3ba3522d425886f8c5199a4cd756c0b80a3af146
 	Cloud protection intelligence Version: 0.0.0.0
 	Cloud protection intelligence Compilation Timestamp: 19-08-2026 05:12:44
 	Persistence Limit Type: Duration
 	Persistence Limit: 50065408"
"19-08-2026 10:31:43","2010","Information","Microsoft-Windows-Windows Defender","Microsoft Defender Antivirus used cloud protection to get additional security intelligence.
 	Current security intelligence Version: 1.457.238.0
 	Security intelligence Type: 
 	User: \
 	Current Engine Version: 1.1.26070.7
 	Cloud protection intelligence Type: Security intelligence update
 	Persistence Path: C:\ProgramData\Microsoft\Windows Defender\Scans\RtSigs\data\6dad5918a7fa09a9bbe76699116be6e2eec4fcf4
 	Cloud protection intelligence Version: 0.0.0.0
 	Cloud protection intelligence Compilation Timestamp: 19-08-2026 05:01:43
 	Persistence Limit Type: Duration
 	Persistence Limit: 72000000"
"19-08-2026 10:31:43","2010","Information","Microsoft-Windows-Windows Defender","Microsoft Defender Antivirus used cloud protection to get additional security intelligence.
 	Current security intelligence Version: 1.457.238.0
 	Security intelligence Type: 
 	User: \
 	Current Engine Version: 1.1.26070.7
 	Cloud protection intelligence Type: Security intelligence update
 	Persistence Path: C:\ProgramData\Microsoft\Windows Defender\Scans\RtSigs\data\d9a5d76f13e573cf8f5c2c6f596593d12b4c66c4
 	Cloud protection intelligence Version: 0.0.0.0
 	Cloud protection intelligence Compilation Timestamp: 19-08-2026 05:01:43
 	Persistence Limit Type: Duration
 	Persistence Limit: 432000000"
"19-08-2026 10:31:43","2010","Information","Microsoft-Windows-Windows Defender","Microsoft Defender Antivirus used cloud protection to get additional security intelligence.
 	Current security intelligence Version: 1.457.238.0
 	Security intelligence Type: 
 	User: \
 	Current Engine Version: 1.1.26070.7
 	Cloud protection intelligence Type: Security intelligence update
 	Persistence Path: C:\ProgramData\Microsoft\Windows Defender\Scans\RtSigs\data\4cfcf270a580071cc5c0001850d2be69c045de3c
 	Cloud protection intelligence Version: 0.0.0.0
 	Cloud protection intelligence Compilation Timestamp: 19-08-2026 05:01:43
 	Persistence Limit Type: Duration
 	Persistence Limit: 432000000"
"19-08-2026 10:31:43","2010","Information","Microsoft-Windows-Windows Defender","Microsoft Defender Antivirus used cloud protection to get additional security intelligence.
 	Current security intelligence Version: 1.457.238.0
 	Security intelligence Type: 
 	User: \
 	Current Engine Version: 1.1.26070.7
 	Cloud protection intelligence Type: Security intelligence update
 	Persistence Path: C:\ProgramData\Microsoft\Windows Defender\Scans\RtSigs\data\ea2e9bae9123441858ad9bcc42e66fbffad9e496
 	Cloud protection intelligence Version: 0.0.0.0
 	Cloud protection intelligence Compilation Timestamp: 19-08-2026 05:01:43
 	Persistence Limit Type: Duration
 	Persistence Limit: 432000000"
"19-08-2026 10:23:19","5007","Information","Microsoft-Windows-Windows Defender","Microsoft Defender Antivirus Configuration has changed. If this is an unexpected event you should review the settings as this may be the result of malware.
 	Old value: HKLM\SOFTWARE\Microsoft\Windows Defender\UX Configuration\ToastOrSsoTrigger = 0x1
 	New value: HKLM\SOFTWARE\Microsoft\Windows Defender\UX Configuration\ToastOrSsoTrigger = 0x0"
"19-08-2026 10:23:19","5007","Information","Microsoft-Windows-Windows Defender","Microsoft Defender Antivirus Configuration has changed. If this is an unexpected event you should review the settings as this may be the result of malware.
 	Old value: HKLM\SOFTWARE\Microsoft\Windows Defender\UX Configuration\ToastOrSsoTrigger = 0x1
 	New value: HKLM\SOFTWARE\Microsoft\Windows Defender\UX Configuration\ToastOrSsoTrigger = 0x0"
"19-08-2026 10:06:56","5007","Information","Microsoft-Windows-Windows Defender","Microsoft Defender Antivirus Configuration has changed. If this is an unexpected event you should review the settings as this may be the result of malware.
 	Old value: 
 	New value: HKLM\SOFTWARE\Microsoft\Windows Defender\Features\Controls\79 = 0x1"
"19-08-2026 10:06:56","5007","Information","Microsoft-Windows-Windows Defender","Microsoft Defender Antivirus Configuration has changed. If this is an unexpected event you should review the settings as this may be the result of malware.
 	Old value: 
 	New value: HKLM\SOFTWARE\Microsoft\Windows Defender\Features\Controls\80 = 0xF0"
"19-08-2026 10:06:56","5007","Information","Microsoft-Windows-Windows Defender","Microsoft Defender Antivirus Configuration has changed. If this is an unexpected event you should review the settings as this may be the result of malware.
 	Old value: 
 	New value: HKLM\SOFTWARE\Microsoft\Windows Defender\Features\Controls\79 = 0x1"
"19-08-2026 10:06:56","5007","Information","Microsoft-Windows-Windows Defender","Microsoft Defender Antivirus Configuration has changed. If this is an unexpected event you should review the settings as this may be the result of malware.
 	Old value: 
 	New value: HKLM\SOFTWARE\Microsoft\Windows Defender\Features\Controls\80 = 0xF0"
"19-08-2026 10:06:56","5007","Information","Microsoft-Windows-Windows Defender","Microsoft Defender Antivirus Configuration has changed. If this is an unexpected event you should review the settings as this may be the result of malware.
 	Old value: HKLM\SOFTWARE\Microsoft\Windows Defender\DLP Configs\Tag\Tag = 0x1
 	New value: HKLM\SOFTWARE\Microsoft\Windows Defender\DLP Configs\Tag\Tag = 0x2"
"19-08-2026 10:06:56","5007","Information","Microsoft-Windows-Windows Defender","Microsoft Defender Antivirus Configuration has changed. If this is an unexpected event you should review the settings as this may be the result of malware.
 	Old value: HKLM\SOFTWARE\Microsoft\Windows Defender\CoreService\WdConfigHash = 0xE95AB8D6
 	New value: HKLM\SOFTWARE\Microsoft\Windows Defender\CoreService\WdConfigHash = 0xBB9DD38D"
"19-08-2026 10:06:56","5007","Information","Microsoft-Windows-Windows Defender","Microsoft Defender Antivirus Configuration has changed. If this is an unexpected event you should review the settings as this may be the result of malware.
 	Old value: HKLM\SOFTWARE\Microsoft\Windows Defender\DLP Configs\Tag\Tag = 0x1
 	New value: HKLM\SOFTWARE\Microsoft\Windows Defender\DLP Configs\Tag\Tag = 0x2"
"19-08-2026 10:06:56","5007","Information","Microsoft-Windows-Windows Defender","Microsoft Defender Antivirus Configuration has changed. If this is an unexpected event you should review the settings as this may be the result of malware.
 	Old value: HKLM\SOFTWARE\Microsoft\Windows Defender\CoreService\WdConfigHash = 0xE95AB8D6
 	New value: HKLM\SOFTWARE\Microsoft\Windows Defender\CoreService\WdConfigHash = 0xBB9DD38D"
"19-08-2026 10:06:56","2000","Information","Microsoft-Windows-Windows Defender","Microsoft Defender Antivirus security intelligence version updated.
 	Current security intelligence Version: 1.457.238.0
 	Previous security intelligence Version: 1.457.222.0
 	Security intelligence Type: AntiSpyware
 	Update Type: Delta
 	User: NT AUTHORITY\SYSTEM
 	Current Engine Version: 1.1.26070.7
 	Previous Engine Version: 1.1.26070.7"
"19-08-2026 10:06:56","2000","Information","Microsoft-Windows-Windows Defender","Microsoft Defender Antivirus security intelligence version updated.
 	Current security intelligence Version: 1.457.238.0
 	Previous security intelligence Version: 1.457.222.0
 	Security intelligence Type: AntiVirus
 	Update Type: Delta
 	User: NT AUTHORITY\SYSTEM
 	Current Engine Version: 1.1.26070.7
 	Previous Engine Version: 1.1.26070.7"
"19-08-2026 10:06:32","5007","Information","Microsoft-Windows-Windows Defender","Microsoft Defender Antivirus Configuration has changed. If this is an unexpected event you should review the settings as this may be the result of malware.
 	Old value: HKLM\SOFTWARE\Policies\Microsoft\Windows Defender\Policy Manager\Scan\DisableArchiveScanning = 0x0
 	New value: Default\Scan\DisableArchiveScanning = 0x0"
"19-08-2026 10:03:33","2010","Information","Microsoft-Windows-Windows Defender","Microsoft Defender Antivirus used cloud protection to get additional security intelligence.
 	Current security intelligence Version: 1.457.222.0
 	Security intelligence Type: AntiSpyware
 	User: \
 	Current Engine Version: 1.1.26070.7
 	Cloud protection intelligence Type: Security intelligence update
 	Persistence Path: C:\ProgramData\Microsoft\Windows Defender\Scans\RtSigs\data\7971132160f01b71545c82df2b3814559bfe46af
 	Cloud protection intelligence Version: 0.0.0.0
 	Cloud protection intelligence Compilation Timestamp: 18-08-2026 11:47:13
 	Persistence Limit Type: Timestamp
 	Persistence Limit: 21-08-2026 11:47:13"
"19-08-2026 10:01:35","2010","Information","Microsoft-Windows-Windows Defender","Microsoft Defender Antivirus used cloud protection to get additional security intelligence.
 	Current security intelligence Version: 1.457.222.0
 	Security intelligence Type: 
 	User: \
 	Current Engine Version: 1.1.26070.7
 	Cloud protection intelligence Type: Security intelligence update
 	Persistence Path: C:\ProgramData\Microsoft\Windows Defender\Scans\RtSigs\data\0b94258086bca16d2a0ea0faf027009e3b0854ae
 	Cloud protection intelligence Version: 0.0.0.0
 	Cloud protection intelligence Compilation Timestamp: 19-08-2026 04:31:35
 	Persistence Limit Type: Duration
 	Persistence Limit: 288000000"
"19-08-2026 09:56:43","5007","Information","Microsoft-Windows-Windows Defender","Microsoft Defender Antivirus Configuration has changed. If this is an unexpected event you should review the settings as this may be the result of malware.
 	Old value: HKLM\SOFTWARE\Microsoft\Windows Defender\UX Configuration\ToastOrSsoTrigger = 0x0
 	New value: HKLM\SOFTWARE\Microsoft\Windows Defender\UX Configuration\ToastOrSsoTrigger = 0x1"
"19-08-2026 09:56:43","5007","Information","Microsoft-Windows-Windows Defender","Microsoft Defender Antivirus Configuration has changed. If this is an unexpected event you should review the settings as this may be the result of malware.
 	Old value: HKLM\SOFTWARE\Microsoft\Windows Defender\UX Configuration\ToastOrSsoTrigger = 0x0
 	New value: HKLM\SOFTWARE\Microsoft\Windows Defender\UX Configuration\ToastOrSsoTrigger = 0x1"
"19-08-2026 09:56:33","5007","Information","Microsoft-Windows-Windows Defender","Microsoft Defender Antivirus Configuration has changed. If this is an unexpected event you should review the settings as this may be the result of malware.
 	Old value: HKLM\SOFTWARE\Microsoft\Windows Defender\SpyNet\LastMAPSFailureTimeString = 2026-08-18T18:56:03Z
 	New value: HKLM\SOFTWARE\Microsoft\Windows Defender\SpyNet\LastMAPSFailureTimeString = 2026-08-19T04:26:33Z"
"19-08-2026 09:56:33","5007","Information","Microsoft-Windows-Windows Defender","Microsoft Defender Antivirus Configuration has changed. If this is an unexpected event you should review the settings as this may be the result of malware.
 	Old value: HKLM\SOFTWARE\Microsoft\Windows Defender\SpyNet\LastMAPSFailureTimeString = 2026-08-18T18:56:03Z
 	New value: HKLM\SOFTWARE\Microsoft\Windows Defender\SpyNet\LastMAPSFailureTimeString = 2026-08-19T04:26:33Z"
"19-08-2026 00:26:03","5007","Information","Microsoft-Windows-Windows Defender","Microsoft Defender Antivirus Configuration has changed. If this is an unexpected event you should review the settings as this may be the result of malware.
 	Old value: HKLM\SOFTWARE\Microsoft\Windows Defender\SpyNet\LastMAPSFailureTimeString = 2026-08-18T09:01:59Z
 	New value: HKLM\SOFTWARE\Microsoft\Windows Defender\SpyNet\LastMAPSFailureTimeString = 2026-08-18T18:56:03Z"
"19-08-2026 00:26:03","5007","Information","Microsoft-Windows-Windows Defender","Microsoft Defender Antivirus Configuration has changed. If this is an unexpected event you should review the settings as this may be the result of malware.
 	Old value: HKLM\SOFTWARE\Microsoft\Windows Defender\SpyNet\LastMAPSFailureTimeString = 2026-08-18T09:01:59Z
 	New value: HKLM\SOFTWARE\Microsoft\Windows Defender\SpyNet\LastMAPSFailureTimeString = 2026-08-18T18:56:03Z"
"18-08-2026 19:06:09","1151","Information","Microsoft-Windows-Windows Defender","Endpoint Protection client health report (time in UTC):
 	Platform version: 4.18.26070.9
 	Engine version: 1.1.26070.7
 	Network Realtime Inspection engine version: 1.1.26070.7
 	Antivirus security intelligence version: 1.457.222.0
 	Antispyware security intelligence version: 1.457.222.0
 	Network Realtime Inspection security intelligence version: 1.457.222.0
 	RTP state: Enabled
 	OA state: Enabled
 	IOAV state: Enabled
 	BM state: Enabled
 	Antivirus security intelligence age: 0
 	Antispyware security intelligence age: 0
 	Last quick scan age: 1
 	Last full scan age: 4294967295
 	Antivirus security intelligence creation time: 2026-08-18T02:41:46Z
 	Antispyware security intelligence creation time: 2026-08-18T02:41:46Z
 	Last quick scan start time: 2026-08-17T10:03:07Z
 	Last quick scan end time: 2026-08-17T10:11:48Z
 	Last quick scan source: 2
 	Last full scan start time: 1601-01-01T00:00:00Z
 	Last full scan end time: 1601-01-01T00:00:00Z
 	Last full scan source: 0
 	Product status: 0x00080000
"
"18-08-2026 19:06:09","1150","Information","Microsoft-Windows-Windows Defender","Endpoint Protection client is up and running in a healthy state.
 	Platform version: 4.18.26070.9
 	Engine version: 1.1.26070.7
 	Security intelligence version: 1.457.222.0
"
"18-08-2026 19:01:15","5007","Information","Microsoft-Windows-Windows Defender","Microsoft Defender Antivirus Configuration has changed. If this is an unexpected event you should review the settings as this may be the result of malware.
 	Old value: HKLM\SOFTWARE\Microsoft\Windows Defender\UX Configuration\ToastOrSsoTrigger = 0x1
 	New value: HKLM\SOFTWARE\Microsoft\Windows Defender\UX Configuration\ToastOrSsoTrigger = 0x0"
"18-08-2026 19:01:15","5007","Information","Microsoft-Windows-Windows Defender","Microsoft Defender Antivirus Configuration has changed. If this is an unexpected event you should review the settings as this may be the result of malware.
 	Old value: HKLM\SOFTWARE\Microsoft\Windows Defender\UX Configuration\ToastOrSsoTrigger = 0x1
 	New value: HKLM\SOFTWARE\Microsoft\Windows Defender\UX Configuration\ToastOrSsoTrigger = 0x0"
"18-08-2026 18:42:20","2010","Information","Microsoft-Windows-Windows Defender","Microsoft Defender Antivirus used cloud protection to get additional security intelligence.
 	Current security intelligence Version: 1.457.222.0
 	Security intelligence Type: 
 	User: \
 	Current Engine Version: 1.1.26070.7
 	Cloud protection intelligence Type: Security intelligence update
 	Persistence Path: C:\ProgramData\Microsoft\Windows Defender\Scans\RtSigs\data\b2da4e656678857404226204981dc990392e5525
 	Cloud protection intelligence Version: 0.0.0.0
 	Cloud protection intelligence Compilation Timestamp: 18-08-2026 13:12:20
 	Persistence Limit Type: Duration
 	Persistence Limit: 432000000"
"18-08-2026 18:42:20","2010","Information","Microsoft-Windows-Windows Defender","Microsoft Defender Antivirus used cloud protection to get additional security intelligence.
 	Current security intelligence Version: 1.457.222.0
 	Security intelligence Type: 
 	User: \
 	Current Engine Version: 1.1.26070.7
 	Cloud protection intelligence Type: Security intelligence update
 	Persistence Path: C:\ProgramData\Microsoft\Windows Defender\Scans\RtSigs\data\210aa034c8604cd8a0a93231e87bead4cfb9ae7a
 	Cloud protection intelligence Version: 0.0.0.0
 	Cloud protection intelligence Compilation Timestamp: 18-08-2026 13:12:20
 	Persistence Limit Type: Duration
 	Persistence Limit: 432000000"
"18-08-2026 18:42:20","2010","Information","Microsoft-Windows-Windows Defender","Microsoft Defender Antivirus used cloud protection to get additional security intelligence.
 	Current security intelligence Version: 1.457.222.0
 	Security intelligence Type: 
 	User: \
 	Current Engine Version: 1.1.26070.7
 	Cloud protection intelligence Type: Security intelligence update
 	Persistence Path: C:\ProgramData\Microsoft\Windows Defender\Scans\RtSigs\data\9e9603f3a6260d18b64572b7473464eb9f9b5e31
 	Cloud protection intelligence Version: 0.0.0.0
 	Cloud protection intelligence Compilation Timestamp: 18-08-2026 13:12:20
 	Persistence Limit Type: Duration
 	Persistence Limit: 432000000"
"18-08-2026 18:34:24","5007","Information","Microsoft-Windows-Windows Defender","Microsoft Defender Antivirus Configuration has changed. If this is an unexpected event you should review the settings as this may be the result of malware.
 	Old value: HKLM\SOFTWARE\Microsoft\Windows Defender\UX Configuration\ToastOrSsoTrigger = 0x0
 	New value: HKLM\SOFTWARE\Microsoft\Windows Defender\UX Configuration\ToastOrSsoTrigger = 0x1"
