"18-08-2026 09:41:04","6116","Information","Microsoft-Windows-LiveId","## SOAP Response: <S:Envelope><S:Header><wsa:Action wsu:Id=""Action"" S:mustUnderstand=""1"">*</wsa:Action><wsa:To wsu:Id=""To"" S:mustUnderstand=""1"">*</wsa:To><wsse:Security><wsu:Timestamp wsu:Id=""TS""><wsu:Created>2026-08-18T04:11:04Z</wsu:Created><wsu:Expires>2026-08-18T04:16:04Z</wsu:Expires></wsu:Timestamp><wssc:DerivedKeyToken wsu:Id=""SignKey"" Algorithm=""urn:liveid:SP800108_CTR_HMAC_SHA256_DOUBLEDERIVED""><wsse:SecurityTokenReference><wsse:Reference URI=""kG8NQJ7dNxewV6EvfObC0EJO1yY=""></wsse:Reference></wsse:SecurityTokenReference><wssc:Nonce>*</wssc:Nonce></wssc:DerivedKeyToken><wssc:DerivedKeyToken wsu:Id=""EncKey"" Algorithm=""urn:liveid:SP800108_CTR_HMAC_SHA256_DOUBLEDERIVED""><wsse:SecurityTokenReference><wsse:Reference URI=""kG8NQJ7dNxewV6EvfObC0EJO1yY=""></wsse:Reference></wsse:SecurityTokenReference><wssc:Nonce>*</wssc:Nonce></wssc:DerivedKeyToken><Signature xmlns=""http://www.w3.org/2000/09/xmldsig#""><SignedInfo><CanonicalizationMethod Algorithm=""http://www.w3.org/2001/10/xml-exc-c14n#""></CanonicalizationMethod><SignatureMethod Algorithm=""http://www.w3.org/2001/04/xmldsig-more#hmac-sha256""></SignatureMethod><Reference URI=""#EncPsf""><Transforms><Transform Algorithm=""http://www.w3.org/2001/10/xml-exc-c14n#""></Transform></Transforms><DigestMethod Algorithm=""http://www.w3.org/2001/04/xmlenc#sha256""></DigestMethod><DigestValue>*</DigestValue></Reference><Reference URI=""#Body""><Transforms><Transform Algorithm=""http://www.w3.org/2001/10/xml-exc-c14n#""></Transform></Transforms><DigestMethod Algorithm=""http://www.w3.org/2001/04/xmlenc#sha256""></DigestMethod><DigestValue>*</DigestValue></Reference><Reference URI=""#To""><Transforms><Transform Algorithm=""http://www.w3.org/2001/10/xml-exc-c14n#""></Transform></Transforms><DigestMethod Algorithm=""http://www.w3.org/2001/04/xmlenc#sha256""></DigestMethod><DigestValue>*</DigestValue></Reference><Reference URI=""#Action""><Transforms><Transform Algorithm=""http://www.w3.org/2001/10/xml-exc-c14n#""></Transform></Transforms><DigestMethod Algorithm=""http://www.w3.org/2001/04/xmlenc#sha256""></DigestMethod><DigestValue>*</DigestValue></Reference><Reference URI=""#TS""><Transforms><Transform Algorithm=""http://www.w3.org/2001/10/xml-exc-c14n#""></Transform></Transforms><DigestMethod Algorithm=""http://www.w3.org/2001/04/xmlenc#sha256""></DigestMethod><DigestValue>*</DigestValue></Reference></SignedInfo><SignatureValue>*</SignatureValue><KeyInfo><wsse:SecurityTokenReference><wsse:Reference URI=""#SignKey""></wsse:Reference></wsse:SecurityTokenReference></KeyInfo></Signature><e:ReferenceList xmlns:e=""http://www.w3.org/2001/04/xmlenc#""><e:DataReference URI=""#RSTR""/><e:DataReference URI=""#EncPsf""/></e:ReferenceList></wsse:Security><psf:EncryptedPP><EncryptedData xmlns=""http://www.w3.org/2001/04/xmlenc#"" Id=""EncPsf"" Type=""http://www.w3.org/2001/04/xmlenc#Element""><EncryptionMethod Algorithm=""http://www.w3.org/2001/04/xmlenc#aes256-cbc""></EncryptionMethod><KeyInfo xmlns=""http://www.w3.org/2000/09/xmldsig#""><wsse:SecurityTokenReference><wsse:Reference URI=""#EncKey""></wsse:Reference></wsse:SecurityTokenReference></KeyInfo><CipherData><CipherValue>*</CipherValue></CipherData></EncryptedData></psf:EncryptedPP></S:Header><S:Body wsu:Id=""Body""><EncryptedData xmlns=""http://www.w3.org/2001/04/xmlenc#"" Id=""RSTR"" Type=""http://www.w3.org/2001/04/xmlenc#Element""><EncryptionMethod Algorithm=""http://www.w3.org/2001/04/xmlenc#aes256-cbc""></EncryptionMethod><KeyInfo xmlns=""http://www.w3.org/2000/09/xmldsig#""><wsse:SecurityTokenReference><wsse:Reference URI=""#EncKey""></wsse:Reference></wsse:SecurityTokenReference></KeyInfo><CipherData><CipherValue>*</CipherValue></CipherData></EncryptedData></S:Body></S:Envelope>"
"18-08-2026 09:41:03","6117","Information","Microsoft-Windows-LiveId","Acquired Service token.
ResourceURI: https://ads.arcct.msn.com
Created: 2026-08-18T09:41:03.000Z
Expires: 2026-08-19T09:41:03.000Z
TokenType: urn:passport:compact
AuthRequired: The operation completed successfully.
RequestStatus: The operation completed successfully.
HasFlowUrl: false
HasAuthUrl: false
HasEndAuthUrl: false"
"18-08-2026 09:41:03","6116","Information","Microsoft-Windows-LiveId","## SOAP Response: <S:Envelope><S:Header><wsa:Action wsu:Id=""Action"" S:mustUnderstand=""1"">*</wsa:Action><wsa:To wsu:Id=""To"" S:mustUnderstand=""1"">*</wsa:To><wsse:Security><wsu:Timestamp wsu:Id=""TS""><wsu:Created>2026-08-18T04:11:03Z</wsu:Created><wsu:Expires>2026-08-18T04:16:03Z</wsu:Expires></wsu:Timestamp><wssc:DerivedKeyToken wsu:Id=""SignKey"" Algorithm=""urn:liveid:SP800108_CTR_HMAC_SHA256_DOUBLEDERIVED""><wsse:SecurityTokenReference><wsse:Reference URI=""kG8NQJ7dNxewV6EvfObC0EJO1yY=""></wsse:Reference></wsse:SecurityTokenReference><wssc:Nonce>*</wssc:Nonce></wssc:DerivedKeyToken><wssc:DerivedKeyToken wsu:Id=""EncKey"" Algorithm=""urn:liveid:SP800108_CTR_HMAC_SHA256_DOUBLEDERIVED""><wsse:SecurityTokenReference><wsse:Reference URI=""kG8NQJ7dNxewV6EvfObC0EJO1yY=""></wsse:Reference></wsse:SecurityTokenReference><wssc:Nonce>*</wssc:Nonce></wssc:DerivedKeyToken><Signature xmlns=""http://www.w3.org/2000/09/xmldsig#""><SignedInfo><CanonicalizationMethod Algorithm=""http://www.w3.org/2001/10/xml-exc-c14n#""></CanonicalizationMethod><SignatureMethod Algorithm=""http://www.w3.org/2001/04/xmldsig-more#hmac-sha256""></SignatureMethod><Reference URI=""#EncPsf""><Transforms><Transform Algorithm=""http://www.w3.org/2001/10/xml-exc-c14n#""></Transform></Transforms><DigestMethod Algorithm=""http://www.w3.org/2001/04/xmlenc#sha256""></DigestMethod><DigestValue>*</DigestValue></Reference><Reference URI=""#Body""><Transforms><Transform Algorithm=""http://www.w3.org/2001/10/xml-exc-c14n#""></Transform></Transforms><DigestMethod Algorithm=""http://www.w3.org/2001/04/xmlenc#sha256""></DigestMethod><DigestValue>*</DigestValue></Reference><Reference URI=""#To""><Transforms><Transform Algorithm=""http://www.w3.org/2001/10/xml-exc-c14n#""></Transform></Transforms><DigestMethod Algorithm=""http://www.w3.org/2001/04/xmlenc#sha256""></DigestMethod><DigestValue>*</DigestValue></Reference><Reference URI=""#Action""><Transforms><Transform Algorithm=""http://www.w3.org/2001/10/xml-exc-c14n#""></Transform></Transforms><DigestMethod Algorithm=""http://www.w3.org/2001/04/xmlenc#sha256""></DigestMethod><DigestValue>*</DigestValue></Reference><Reference URI=""#TS""><Transforms><Transform Algorithm=""http://www.w3.org/2001/10/xml-exc-c14n#""></Transform></Transforms><DigestMethod Algorithm=""http://www.w3.org/2001/04/xmlenc#sha256""></DigestMethod><DigestValue>*</DigestValue></Reference></SignedInfo><SignatureValue>*</SignatureValue><KeyInfo><wsse:SecurityTokenReference><wsse:Reference URI=""#SignKey""></wsse:Reference></wsse:SecurityTokenReference></KeyInfo></Signature><e:ReferenceList xmlns:e=""http://www.w3.org/2001/04/xmlenc#""><e:DataReference URI=""#RSTR""/><e:DataReference URI=""#EncPsf""/></e:ReferenceList></wsse:Security><psf:EncryptedPP><EncryptedData xmlns=""http://www.w3.org/2001/04/xmlenc#"" Id=""EncPsf"" Type=""http://www.w3.org/2001/04/xmlenc#Element""><EncryptionMethod Algorithm=""http://www.w3.org/2001/04/xmlenc#aes256-cbc""></EncryptionMethod><KeyInfo xmlns=""http://www.w3.org/2000/09/xmldsig#""><wsse:SecurityTokenReference><wsse:Reference URI=""#EncKey""></wsse:Reference></wsse:SecurityTokenReference></KeyInfo><CipherData><CipherValue>*</CipherValue></CipherData></EncryptedData></psf:EncryptedPP></S:Header><S:Body wsu:Id=""Body""><EncryptedData xmlns=""http://www.w3.org/2001/04/xmlenc#"" Id=""RSTR"" Type=""http://www.w3.org/2001/04/xmlenc#Element""><EncryptionMethod Algorithm=""http://www.w3.org/2001/04/xmlenc#aes256-cbc""></EncryptionMethod><KeyInfo xmlns=""http://www.w3.org/2000/09/xmldsig#""><wsse:SecurityTokenReference><wsse:Reference URI=""#EncKey""></wsse:Reference></wsse:SecurityTokenReference></KeyInfo><CipherData><CipherValue>*</CipherValue></CipherData></EncryptedData></S:Body></S:Envelope>"
"18-08-2026 09:41:03","6115","Information","Microsoft-Windows-LiveId","## SOAP Request: <s:Envelope><s:Header><wsa:Action s:mustUnderstand=""1"">*</wsa:Action><wsa:To s:mustUnderstand=""1"">*</wsa:To><wsa:MessageID>*</wsa:MessageID><ps:AuthInfo Id=""PPAuthInfo""><ps:HostingApp>{4B0964E4-58F1-47F4-A552-E2E1FC56DCD7}</ps:HostingApp><ps:BinaryVersion>55</ps:BinaryVersion><ps:UIVersion>1</ps:UIVersion><ps:InlineUX>TokenBroker</ps:InlineUX><ps:Cookies></ps:Cookies><ps:RequestParams>AQAAAAIAAABsYwQAAAAxMDMz</ps:RequestParams><ps:WindowsClientString>iVzGU/dyae9bMPpavLb310Ogu6n9/IR8NBZolBsTgbk=</ps:WindowsClientString><ps:LicenseSignatureKeyVersion>*</ps:LicenseSignatureKeyVersion><ps:ClientCapabilities>1</ps:ClientCapabilities></ps:AuthInfo><wsse:Security><EncryptedData xmlns=""http://www.w3.org/2001/04/xmlenc#"" Id=""devicesoftware"" Type=""http://www.w3.org/2001/04/xmlenc#Element""><EncryptionMethod Algorithm=""http://www.w3.org/2001/04/xmlenc#tripledes-cbc""></EncryptionMethod><ds:KeyInfo><ds:KeyName>http://Passport.NET/STS</ds:KeyName></ds:KeyInfo><CipherData><CipherValue>*</CipherValue></CipherData></EncryptedData><wssc:DerivedKeyToken wsu:Id=""SignKey"" Algorithm=""urn:liveid:SP800108_CTR_HMAC_SHA256_DOUBLEDERIVED""><wsse:RequestedTokenReference><wsse:KeyIdentifier ValueType=""http://docs.oasis-open.org/wss/2004/XX/oasis-2004XX-wss-saml-token-profile-1.0#SAMLAssertionID""/><wsse:Reference URI=""""/></wsse:RequestedTokenReference><wssc:Nonce>*</wssc:Nonce></wssc:DerivedKeyToken><wsu:Timestamp wsu:Id=""Timestamp""><wsu:Created>2026-08-18T04:11:02Z</wsu:Created><wsu:Expires>2026-08-18T04:16:02Z</wsu:Expires></wsu:Timestamp><Signature xmlns=""http://www.w3.org/2000/09/xmldsig#""><SignedInfo><CanonicalizationMethod Algorithm=""http://www.w3.org/2001/10/xml-exc-c14n#""></CanonicalizationMethod><SignatureMethod Algorithm=""http://www.w3.org/2001/04/xmldsig-more#hmac-sha256""></SignatureMethod><Reference URI=""#RST0""><Transforms><Transform Algorithm=""http://www.w3.org/2001/10/xml-exc-c14n#""></Transform></Transforms><DigestMethod Algorithm=""http://www.w3.org/2001/04/xmlenc#sha256""></DigestMethod><DigestValue>*</DigestValue></Reference><Reference URI=""#Timestamp""><Transforms><Transform Algorithm=""http://www.w3.org/2001/10/xml-exc-c14n#""></Transform></Transforms><DigestMethod Algorithm=""http://www.w3.org/2001/04/xmlenc#sha256""></DigestMethod><DigestValue>*</DigestValue></Reference><Reference URI=""#PPAuthInfo""><Transforms><Transform Algorithm=""http://www.w3.org/2001/10/xml-exc-c14n#""></Transform></Transforms><DigestMethod Algorithm=""http://www.w3.org/2001/04/xmlenc#sha256""></DigestMethod><DigestValue>*</DigestValue></Reference></SignedInfo><SignatureValue>*</SignatureValue><KeyInfo><wsse:SecurityTokenReference><wsse:Reference URI=""#SignKey""/></wsse:SecurityTokenReference></KeyInfo></Signature></wsse:Security></s:Header><s:Body><wst:RequestSecurityToken Id=""RST0""><wst:RequestType>http://schemas.xmlsoap.org/ws/2005/02/trust/Issue</wst:RequestType><wsp:AppliesTo><wsa:EndpointReference><wsa:Address>https://ads.arcct.msn.com</wsa:Address></wsa:EndpointReference></wsp:AppliesTo><wsp:PolicyReference URI=""MBI_SSL""></wsp:PolicyReference></wst:RequestSecurityToken></s:Body></s:Envelope>"
"18-08-2026 09:41:03","6115","Information","Microsoft-Windows-LiveId","## SOAP Request: <s:Envelope><s:Header><wsa:Action s:mustUnderstand=""1"">*</wsa:Action><wsa:To s:mustUnderstand=""1"">*</wsa:To><wsa:MessageID>*</wsa:MessageID><ps:AuthInfo Id=""PPAuthInfo""><ps:HostingApp>{4B0964E4-58F1-47F4-A552-E2E1FC56DCD7}</ps:HostingApp><ps:BinaryVersion>55</ps:BinaryVersion><ps:UIVersion>1</ps:UIVersion><ps:InlineUX>TokenBroker</ps:InlineUX><ps:Cookies></ps:Cookies><ps:RequestParams>AQAAAAIAAABsYwQAAAAxMDMz</ps:RequestParams><ps:WindowsClientString>iVzGU/dyae9bMPpavLb310Ogu6n9/IR8NBZolBsTgbk=</ps:WindowsClientString><ps:LicenseSignatureKeyVersion>*</ps:LicenseSignatureKeyVersion><ps:ClientCapabilities>1</ps:ClientCapabilities></ps:AuthInfo><wsse:Security><EncryptedData xmlns=""http://www.w3.org/2001/04/xmlenc#"" Id=""devicesoftware"" Type=""http://www.w3.org/2001/04/xmlenc#Element""><EncryptionMethod Algorithm=""http://www.w3.org/2001/04/xmlenc#tripledes-cbc""></EncryptionMethod><ds:KeyInfo><ds:KeyName>http://Passport.NET/STS</ds:KeyName></ds:KeyInfo><CipherData><CipherValue>*</CipherValue></CipherData></EncryptedData><wssc:DerivedKeyToken wsu:Id=""SignKey"" Algorithm=""urn:liveid:SP800108_CTR_HMAC_SHA256_DOUBLEDERIVED""><wsse:RequestedTokenReference><wsse:KeyIdentifier ValueType=""http://docs.oasis-open.org/wss/2004/XX/oasis-2004XX-wss-saml-token-profile-1.0#SAMLAssertionID""/><wsse:Reference URI=""""/></wsse:RequestedTokenReference><wssc:Nonce>*</wssc:Nonce></wssc:DerivedKeyToken><wsu:Timestamp wsu:Id=""Timestamp""><wsu:Created>2026-08-18T04:11:02Z</wsu:Created><wsu:Expires>2026-08-18T04:16:02Z</wsu:Expires></wsu:Timestamp><Signature xmlns=""http://www.w3.org/2000/09/xmldsig#""><SignedInfo><CanonicalizationMethod Algorithm=""http://www.w3.org/2001/10/xml-exc-c14n#""></CanonicalizationMethod><SignatureMethod Algorithm=""http://www.w3.org/2001/04/xmldsig-more#hmac-sha256""></SignatureMethod><Reference URI=""#RST0""><Transforms><Transform Algorithm=""http://www.w3.org/2001/10/xml-exc-c14n#""></Transform></Transforms><DigestMethod Algorithm=""http://www.w3.org/2001/04/xmlenc#sha256""></DigestMethod><DigestValue>*</DigestValue></Reference><Reference URI=""#Timestamp""><Transforms><Transform Algorithm=""http://www.w3.org/2001/10/xml-exc-c14n#""></Transform></Transforms><DigestMethod Algorithm=""http://www.w3.org/2001/04/xmlenc#sha256""></DigestMethod><DigestValue>*</DigestValue></Reference><Reference URI=""#PPAuthInfo""><Transforms><Transform Algorithm=""http://www.w3.org/2001/10/xml-exc-c14n#""></Transform></Transforms><DigestMethod Algorithm=""http://www.w3.org/2001/04/xmlenc#sha256""></DigestMethod><DigestValue>*</DigestValue></Reference></SignedInfo><SignatureValue>*</SignatureValue><KeyInfo><wsse:SecurityTokenReference><wsse:Reference URI=""#SignKey""/></wsse:SecurityTokenReference></KeyInfo></Signature></wsse:Security></s:Header><s:Body><wst:RequestSecurityToken Id=""RST0""><wst:RequestType>http://schemas.xmlsoap.org/ws/2005/02/trust/Issue</wst:RequestType><wsp:AppliesTo><wsa:EndpointReference><wsa:Address>https://ads.arcct.msn.com</wsa:Address></wsa:EndpointReference></wsp:AppliesTo><wsp:PolicyReference URI=""MBI_SSL""></wsp:PolicyReference></wst:RequestSecurityToken></s:Body></s:Envelope>"
"18-08-2026 09:41:03","6115","Information","Microsoft-Windows-LiveId","## SOAP Request: <s:Envelope><s:Header><wsa:Action s:mustUnderstand=""1"">*</wsa:Action><wsa:To s:mustUnderstand=""1"">*</wsa:To><wsa:MessageID>*</wsa:MessageID><ps:AuthInfo Id=""PPAuthInfo""><ps:HostingApp>{4B0964E4-58F1-47F4-A552-E2E1FC56DCD7}</ps:HostingApp><ps:BinaryVersion>55</ps:BinaryVersion><ps:UIVersion>1</ps:UIVersion><ps:InlineUX>TokenBroker</ps:InlineUX><ps:Cookies></ps:Cookies><ps:RequestParams>AQAAAAIAAABsYwQAAAAxMDMz</ps:RequestParams><ps:WindowsClientString>iVzGU/dyae9bMPpavLb310Ogu6n9/IR8NBZolBsTgbk=</ps:WindowsClientString><ps:LicenseSignatureKeyVersion>*</ps:LicenseSignatureKeyVersion><ps:ClientCapabilities>1</ps:ClientCapabilities></ps:AuthInfo><wsse:Security><EncryptedData xmlns=""http://www.w3.org/2001/04/xmlenc#"" Id=""devicesoftware"" Type=""http://www.w3.org/2001/04/xmlenc#Element""><EncryptionMethod Algorithm=""http://www.w3.org/2001/04/xmlenc#tripledes-cbc""></EncryptionMethod><ds:KeyInfo><ds:KeyName>http://Passport.NET/STS</ds:KeyName></ds:KeyInfo><CipherData><CipherValue>*</CipherValue></CipherData></EncryptedData><wssc:DerivedKeyToken wsu:Id=""SignKey"" Algorithm=""urn:liveid:SP800108_CTR_HMAC_SHA256_DOUBLEDERIVED""><wsse:RequestedTokenReference><wsse:KeyIdentifier ValueType=""http://docs.oasis-open.org/wss/2004/XX/oasis-2004XX-wss-saml-token-profile-1.0#SAMLAssertionID""/><wsse:Reference URI=""""/></wsse:RequestedTokenReference><wssc:Nonce>*</wssc:Nonce></wssc:DerivedKeyToken><wsu:Timestamp wsu:Id=""Timestamp""><wsu:Created>2026-08-18T04:11:02Z</wsu:Created><wsu:Expires>2026-08-18T04:16:02Z</wsu:Expires></wsu:Timestamp><Signature xmlns=""http://www.w3.org/2000/09/xmldsig#""><SignedInfo><CanonicalizationMethod Algorithm=""http://www.w3.org/2001/10/xml-exc-c14n#""></CanonicalizationMethod><SignatureMethod Algorithm=""http://www.w3.org/2001/04/xmldsig-more#hmac-sha256""></SignatureMethod><Reference URI=""#RST0""><Transforms><Transform Algorithm=""http://www.w3.org/2001/10/xml-exc-c14n#""></Transform></Transforms><DigestMethod Algorithm=""http://www.w3.org/2001/04/xmlenc#sha256""></DigestMethod><DigestValue>*</DigestValue></Reference><Reference URI=""#Timestamp""><Transforms><Transform Algorithm=""http://www.w3.org/2001/10/xml-exc-c14n#""></Transform></Transforms><DigestMethod Algorithm=""http://www.w3.org/2001/04/xmlenc#sha256""></DigestMethod><DigestValue>*</DigestValue></Reference><Reference URI=""#PPAuthInfo""><Transforms><Transform Algorithm=""http://www.w3.org/2001/10/xml-exc-c14n#""></Transform></Transforms><DigestMethod Algorithm=""http://www.w3.org/2001/04/xmlenc#sha256""></DigestMethod><DigestValue>*</DigestValue></Reference></SignedInfo><SignatureValue>*</SignatureValue><KeyInfo><wsse:SecurityTokenReference><wsse:Reference URI=""#SignKey""/></wsse:SecurityTokenReference></KeyInfo></Signature></wsse:Security></s:Header><s:Body><wst:RequestSecurityToken Id=""RST0""><wst:RequestType>http://schemas.xmlsoap.org/ws/2005/02/trust/Issue</wst:RequestType><wsp:AppliesTo><wsa:EndpointReference><wsa:Address>https://ads.arcct.msn.com</wsa:Address></wsa:EndpointReference></wsp:AppliesTo><wsp:PolicyReference URI=""MBI_SSL""></wsp:PolicyReference></wst:RequestSecurityToken></s:Body></s:Envelope>"
"18-08-2026 09:41:03","6115","Information","Microsoft-Windows-LiveId","## SOAP Request: <s:Envelope><s:Header><wsa:Action s:mustUnderstand=""1"">*</wsa:Action><wsa:To s:mustUnderstand=""1"">*</wsa:To><wsa:MessageID>*</wsa:MessageID><ps:AuthInfo Id=""PPAuthInfo""><ps:HostingApp>{4B0964E4-58F1-47F4-A552-E2E1FC56DCD7}</ps:HostingApp><ps:BinaryVersion>55</ps:BinaryVersion><ps:UIVersion>1</ps:UIVersion><ps:InlineUX>TokenBroker</ps:InlineUX><ps:Cookies></ps:Cookies><ps:RequestParams>AQAAAAIAAABsYwQAAAAxMDMz</ps:RequestParams><ps:WindowsClientString>iVzGU/dyae9bMPpavLb310Ogu6n9/IR8NBZolBsTgbk=</ps:WindowsClientString><ps:LicenseSignatureKeyVersion>*</ps:LicenseSignatureKeyVersion><ps:ClientCapabilities>1</ps:ClientCapabilities></ps:AuthInfo><wsse:Security><EncryptedData xmlns=""http://www.w3.org/2001/04/xmlenc#"" Id=""devicesoftware"" Type=""http://www.w3.org/2001/04/xmlenc#Element""><EncryptionMethod Algorithm=""http://www.w3.org/2001/04/xmlenc#tripledes-cbc""></EncryptionMethod><ds:KeyInfo><ds:KeyName>http://Passport.NET/STS</ds:KeyName></ds:KeyInfo><CipherData><CipherValue>*</CipherValue></CipherData></EncryptedData><wssc:DerivedKeyToken wsu:Id=""SignKey"" Algorithm=""urn:liveid:SP800108_CTR_HMAC_SHA256_DOUBLEDERIVED""><wsse:RequestedTokenReference><wsse:KeyIdentifier ValueType=""http://docs.oasis-open.org/wss/2004/XX/oasis-2004XX-wss-saml-token-profile-1.0#SAMLAssertionID""/><wsse:Reference URI=""""/></wsse:RequestedTokenReference><wssc:Nonce>*</wssc:Nonce></wssc:DerivedKeyToken><wsu:Timestamp wsu:Id=""Timestamp""><wsu:Created>2026-08-18T04:11:02Z</wsu:Created><wsu:Expires>2026-08-18T04:16:02Z</wsu:Expires></wsu:Timestamp><Signature xmlns=""http://www.w3.org/2000/09/xmldsig#""><SignedInfo><CanonicalizationMethod Algorithm=""http://www.w3.org/2001/10/xml-exc-c14n#""></CanonicalizationMethod><SignatureMethod Algorithm=""http://www.w3.org/2001/04/xmldsig-more#hmac-sha256""></SignatureMethod><Reference URI=""#RST0""><Transforms><Transform Algorithm=""http://www.w3.org/2001/10/xml-exc-c14n#""></Transform></Transforms><DigestMethod Algorithm=""http://www.w3.org/2001/04/xmlenc#sha256""></DigestMethod><DigestValue>*</DigestValue></Reference><Reference URI=""#Timestamp""><Transforms><Transform Algorithm=""http://www.w3.org/2001/10/xml-exc-c14n#""></Transform></Transforms><DigestMethod Algorithm=""http://www.w3.org/2001/04/xmlenc#sha256""></DigestMethod><DigestValue>*</DigestValue></Reference><Reference URI=""#PPAuthInfo""><Transforms><Transform Algorithm=""http://www.w3.org/2001/10/xml-exc-c14n#""></Transform></Transforms><DigestMethod Algorithm=""http://www.w3.org/2001/04/xmlenc#sha256""></DigestMethod><DigestValue>*</DigestValue></Reference></SignedInfo><SignatureValue>*</SignatureValue><KeyInfo><wsse:SecurityTokenReference><wsse:Reference URI=""#SignKey""/></wsse:SecurityTokenReference></KeyInfo></Signature></wsse:Security></s:Header><s:Body><wst:RequestSecurityToken Id=""RST0""><wst:RequestType>http://schemas.xmlsoap.org/ws/2005/02/trust/Issue</wst:RequestType><wsp:AppliesTo><wsa:EndpointReference><wsa:Address>https://ads.arcct.msn.com</wsa:Address></wsa:EndpointReference></wsp:AppliesTo><wsp:PolicyReference URI=""MBI_SSL""></wsp:PolicyReference></wst:RequestSecurityToken></s:Body></s:Envelope>"
"18-08-2026 09:40:57","6117","Information","Microsoft-Windows-LiveId","Acquired Service token.
ResourceURI: https://login.microsoft.com
Created: 2026-08-18T09:40:55.000Z
Expires: 2026-08-19T09:40:55.000Z
TokenType: urn:passport:compact
AuthRequired: The operation completed successfully.
RequestStatus: The operation completed successfully.
HasFlowUrl: false
HasAuthUrl: false
HasEndAuthUrl: false"
"18-08-2026 09:40:57","6117","Information","Microsoft-Windows-LiveId","Acquired Service token.
ResourceURI: https://settings-win.data.microsoft.com/settings/v3.0/
Created: 2026-08-18T09:40:55.000Z
Expires: 2026-08-25T09:40:55.000Z
TokenType: urn:passport:delegationcompact
AuthRequired: The operation completed successfully.
RequestStatus: The operation completed successfully.
HasFlowUrl: false
HasAuthUrl: false
HasEndAuthUrl: false"
"18-08-2026 09:40:56","6116","Information","Microsoft-Windows-LiveId","## SOAP Response: <S:Envelope><S:Header><wsa:Action wsu:Id=""Action"" S:mustUnderstand=""1"">*</wsa:Action><wsa:To wsu:Id=""To"" S:mustUnderstand=""1"">*</wsa:To><wsse:Security><wsu:Timestamp wsu:Id=""TS""><wsu:Created>2026-08-18T04:10:55Z</wsu:Created><wsu:Expires>2026-08-18T04:15:55Z</wsu:Expires></wsu:Timestamp><wssc:DerivedKeyToken wsu:Id=""SignKey"" Algorithm=""urn:liveid:SP800108_CTR_HMAC_SHA256_DOUBLEDERIVED""><wsse:SecurityTokenReference><wsse:Reference URI=""kG8NQJ7dNxewV6EvfObC0EJO1yY=""></wsse:Reference></wsse:SecurityTokenReference><wssc:Nonce>*</wssc:Nonce></wssc:DerivedKeyToken><wssc:DerivedKeyToken wsu:Id=""EncKey"" Algorithm=""urn:liveid:SP800108_CTR_HMAC_SHA256_DOUBLEDERIVED""><wsse:SecurityTokenReference><wsse:Reference URI=""kG8NQJ7dNxewV6EvfObC0EJO1yY=""></wsse:Reference></wsse:SecurityTokenReference><wssc:Nonce>*</wssc:Nonce></wssc:DerivedKeyToken><Signature xmlns=""http://www.w3.org/2000/09/xmldsig#""><SignedInfo><CanonicalizationMethod Algorithm=""http://www.w3.org/2001/10/xml-exc-c14n#""></CanonicalizationMethod><SignatureMethod Algorithm=""http://www.w3.org/2001/04/xmldsig-more#hmac-sha256""></SignatureMethod><Reference URI=""#EncPsf""><Transforms><Transform Algorithm=""http://www.w3.org/2001/10/xml-exc-c14n#""></Transform></Transforms><DigestMethod Algorithm=""http://www.w3.org/2001/04/xmlenc#sha256""></DigestMethod><DigestValue>*</DigestValue></Reference><Reference URI=""#Body""><Transforms><Transform Algorithm=""http://www.w3.org/2001/10/xml-exc-c14n#""></Transform></Transforms><DigestMethod Algorithm=""http://www.w3.org/2001/04/xmlenc#sha256""></DigestMethod><DigestValue>*</DigestValue></Reference><Reference URI=""#To""><Transforms><Transform Algorithm=""http://www.w3.org/2001/10/xml-exc-c14n#""></Transform></Transforms><DigestMethod Algorithm=""http://www.w3.org/2001/04/xmlenc#sha256""></DigestMethod><DigestValue>*</DigestValue></Reference><Reference URI=""#Action""><Transforms><Transform Algorithm=""http://www.w3.org/2001/10/xml-exc-c14n#""></Transform></Transforms><DigestMethod Algorithm=""http://www.w3.org/2001/04/xmlenc#sha256""></DigestMethod><DigestValue>*</DigestValue></Reference><Reference URI=""#TS""><Transforms><Transform Algorithm=""http://www.w3.org/2001/10/xml-exc-c14n#""></Transform></Transforms><DigestMethod Algorithm=""http://www.w3.org/2001/04/xmlenc#sha256""></DigestMethod><DigestValue>*</DigestValue></Reference></SignedInfo><SignatureValue>*</SignatureValue><KeyInfo><wsse:SecurityTokenReference><wsse:Reference URI=""#SignKey""></wsse:Reference></wsse:SecurityTokenReference></KeyInfo></Signature><e:ReferenceList xmlns:e=""http://www.w3.org/2001/04/xmlenc#""><e:DataReference URI=""#RSTR""/><e:DataReference URI=""#EncPsf""/></e:ReferenceList></wsse:Security><psf:EncryptedPP><EncryptedData xmlns=""http://www.w3.org/2001/04/xmlenc#"" Id=""EncPsf"" Type=""http://www.w3.org/2001/04/xmlenc#Element""><EncryptionMethod Algorithm=""http://www.w3.org/2001/04/xmlenc#aes256-cbc""></EncryptionMethod><KeyInfo xmlns=""http://www.w3.org/2000/09/xmldsig#""><wsse:SecurityTokenReference><wsse:Reference URI=""#EncKey""></wsse:Reference></wsse:SecurityTokenReference></KeyInfo><CipherData><CipherValue>*</CipherValue></CipherData></EncryptedData></psf:EncryptedPP></S:Header><S:Body wsu:Id=""Body""><EncryptedData xmlns=""http://www.w3.org/2001/04/xmlenc#"" Id=""RSTR"" Type=""http://www.w3.org/2001/04/xmlenc#Element""><EncryptionMethod Algorithm=""http://www.w3.org/2001/04/xmlenc#aes256-cbc""></EncryptionMethod><KeyInfo xmlns=""http://www.w3.org/2000/09/xmldsig#""><wsse:SecurityTokenReference><wsse:Reference URI=""#EncKey""></wsse:Reference></wsse:SecurityTokenReference></KeyInfo><CipherData><CipherValue>*</CipherValue></CipherData></EncryptedData></S:Body></S:Envelope>"
"18-08-2026 09:40:56","6116","Information","Microsoft-Windows-LiveId","## SOAP Response: <S:Envelope><S:Header><wsa:Action wsu:Id=""Action"" S:mustUnderstand=""1"">*</wsa:Action><wsa:To wsu:Id=""To"" S:mustUnderstand=""1"">*</wsa:To><wsse:Security><wsu:Timestamp wsu:Id=""TS""><wsu:Created>2026-08-18T04:10:55Z</wsu:Created><wsu:Expires>2026-08-18T04:15:55Z</wsu:Expires></wsu:Timestamp><wssc:DerivedKeyToken wsu:Id=""SignKey"" Algorithm=""urn:liveid:SP800108_CTR_HMAC_SHA256_DOUBLEDERIVED""><wsse:SecurityTokenReference><wsse:Reference URI=""PSR+Zqbu59EX99gvfWs2c+xrSFs=""></wsse:Reference></wsse:SecurityTokenReference><wssc:Nonce>*</wssc:Nonce></wssc:DerivedKeyToken><wssc:DerivedKeyToken wsu:Id=""EncKey"" Algorithm=""urn:liveid:SP800108_CTR_HMAC_SHA256_DOUBLEDERIVED""><wsse:SecurityTokenReference><wsse:Reference URI=""PSR+Zqbu59EX99gvfWs2c+xrSFs=""></wsse:Reference></wsse:SecurityTokenReference><wssc:Nonce>*</wssc:Nonce></wssc:DerivedKeyToken><Signature xmlns=""http://www.w3.org/2000/09/xmldsig#""><SignedInfo><CanonicalizationMethod Algorithm=""http://www.w3.org/2001/10/xml-exc-c14n#""></CanonicalizationMethod><SignatureMethod Algorithm=""http://www.w3.org/2001/04/xmldsig-more#hmac-sha256""></SignatureMethod><Reference URI=""#EncPsf""><Transforms><Transform Algorithm=""http://www.w3.org/2001/10/xml-exc-c14n#""></Transform></Transforms><DigestMethod Algorithm=""http://www.w3.org/2001/04/xmlenc#sha256""></DigestMethod><DigestValue>*</DigestValue></Reference><Reference URI=""#Body""><Transforms><Transform Algorithm=""http://www.w3.org/2001/10/xml-exc-c14n#""></Transform></Transforms><DigestMethod Algorithm=""http://www.w3.org/2001/04/xmlenc#sha256""></DigestMethod><DigestValue>*</DigestValue></Reference><Reference URI=""#To""><Transforms><Transform Algorithm=""http://www.w3.org/2001/10/xml-exc-c14n#""></Transform></Transforms><DigestMethod Algorithm=""http://www.w3.org/2001/04/xmlenc#sha256""></DigestMethod><DigestValue>*</DigestValue></Reference><Reference URI=""#Action""><Transforms><Transform Algorithm=""http://www.w3.org/2001/10/xml-exc-c14n#""></Transform></Transforms><DigestMethod Algorithm=""http://www.w3.org/2001/04/xmlenc#sha256""></DigestMethod><DigestValue>*</DigestValue></Reference><Reference URI=""#TS""><Transforms><Transform Algorithm=""http://www.w3.org/2001/10/xml-exc-c14n#""></Transform></Transforms><DigestMethod Algorithm=""http://www.w3.org/2001/04/xmlenc#sha256""></DigestMethod><DigestValue>*</DigestValue></Reference></SignedInfo><SignatureValue>*</SignatureValue><KeyInfo><wsse:SecurityTokenReference><wsse:Reference URI=""#SignKey""></wsse:Reference></wsse:SecurityTokenReference></KeyInfo></Signature><e:ReferenceList xmlns:e=""http://www.w3.org/2001/04/xmlenc#""><e:DataReference URI=""#RSTR""/><e:DataReference URI=""#EncPsf""/></e:ReferenceList></wsse:Security><psf:EncryptedPP><EncryptedData xmlns=""http://www.w3.org/2001/04/xmlenc#"" Id=""EncPsf"" Type=""http://www.w3.org/2001/04/xmlenc#Element""><EncryptionMethod Algorithm=""http://www.w3.org/2001/04/xmlenc#aes256-cbc""></EncryptionMethod><KeyInfo xmlns=""http://www.w3.org/2000/09/xmldsig#""><wsse:SecurityTokenReference><wsse:Reference URI=""#EncKey""></wsse:Reference></wsse:SecurityTokenReference></KeyInfo><CipherData><CipherValue>*</CipherValue></CipherData></EncryptedData></psf:EncryptedPP></S:Header><S:Body wsu:Id=""Body""><EncryptedData xmlns=""http://www.w3.org/2001/04/xmlenc#"" Id=""RSTR"" Type=""http://www.w3.org/2001/04/xmlenc#Element""><EncryptionMethod Algorithm=""http://www.w3.org/2001/04/xmlenc#aes256-cbc""></EncryptionMethod><KeyInfo xmlns=""http://www.w3.org/2000/09/xmldsig#""><wsse:SecurityTokenReference><wsse:Reference URI=""#EncKey""></wsse:Reference></wsse:SecurityTokenReference></KeyInfo><CipherData><CipherValue>*</CipherValue></CipherData></EncryptedData></S:Body></S:Envelope>"
"18-08-2026 09:40:51","6115","Information","Microsoft-Windows-LiveId","## SOAP Request: <s:Envelope><s:Header><wsa:Action s:mustUnderstand=""1"">*</wsa:Action><wsa:To s:mustUnderstand=""1"">*</wsa:To><wsa:MessageID>*</wsa:MessageID><ps:AuthInfo Id=""PPAuthInfo""><ps:HostingApp>{2B379600-B42B-4FE9-A59C-A312FB934935}</ps:HostingApp><ps:BinaryVersion>55</ps:BinaryVersion><ps:UIVersion>1</ps:UIVersion><ps:InlineUX>TokenBroker</ps:InlineUX><ps:IsAdmin>1</ps:IsAdmin><ps:Cookies></ps:Cookies><ps:RequestParams>AQAAAAIAAABsYwQAAAAxMDMz</ps:RequestParams><ps:WindowsClientString>iVzGU/dyae9bMPpavLb310Ogu6n9/IR8NBZolBsTgbk=</ps:WindowsClientString><ps:LicenseSignatureKeyVersion>*</ps:LicenseSignatureKeyVersion><ps:ClientCapabilities>1</ps:ClientCapabilities></ps:AuthInfo><wsse:Security><EncryptedData xmlns=""http://www.w3.org/2001/04/xmlenc#"" Id=""devicesoftware"" Type=""http://www.w3.org/2001/04/xmlenc#Element""><EncryptionMethod Algorithm=""http://www.w3.org/2001/04/xmlenc#tripledes-cbc""></EncryptionMethod><ds:KeyInfo><ds:KeyName>http://Passport.NET/STS</ds:KeyName></ds:KeyInfo><CipherData><CipherValue>*</CipherValue></CipherData></EncryptedData><wssc:DerivedKeyToken wsu:Id=""SignKey"" Algorithm=""urn:liveid:SP800108_CTR_HMAC_SHA256_DOUBLEDERIVED""><wsse:RequestedTokenReference><wsse:KeyIdentifier ValueType=""http://docs.oasis-open.org/wss/2004/XX/oasis-2004XX-wss-saml-token-profile-1.0#SAMLAssertionID""/><wsse:Reference URI=""""/></wsse:RequestedTokenReference><wssc:Nonce>*</wssc:Nonce></wssc:DerivedKeyToken><wsu:Timestamp wsu:Id=""Timestamp""><wsu:Created>2026-08-18T04:10:50Z</wsu:Created><wsu:Expires>2026-08-18T04:15:50Z</wsu:Expires></wsu:Timestamp><Signature xmlns=""http://www.w3.org/2000/09/xmldsig#""><SignedInfo><CanonicalizationMethod Algorithm=""http://www.w3.org/2001/10/xml-exc-c14n#""></CanonicalizationMethod><SignatureMethod Algorithm=""http://www.w3.org/2001/04/xmldsig-more#hmac-sha256""></SignatureMethod><Reference URI=""#RST0""><Transforms><Transform Algorithm=""http://www.w3.org/2001/10/xml-exc-c14n#""></Transform></Transforms><DigestMethod Algorithm=""http://www.w3.org/2001/04/xmlenc#sha256""></DigestMethod><DigestValue>*</DigestValue></Reference><Reference URI=""#Timestamp""><Transforms><Transform Algorithm=""http://www.w3.org/2001/10/xml-exc-c14n#""></Transform></Transforms><DigestMethod Algorithm=""http://www.w3.org/2001/04/xmlenc#sha256""></DigestMethod><DigestValue>*</DigestValue></Reference><Reference URI=""#PPAuthInfo""><Transforms><Transform Algorithm=""http://www.w3.org/2001/10/xml-exc-c14n#""></Transform></Transforms><DigestMethod Algorithm=""http://www.w3.org/2001/04/xmlenc#sha256""></DigestMethod><DigestValue>*</DigestValue></Reference></SignedInfo><SignatureValue>*</SignatureValue><KeyInfo><wsse:SecurityTokenReference><wsse:Reference URI=""#SignKey""/></wsse:SecurityTokenReference></KeyInfo></Signature></wsse:Security></s:Header><s:Body><wst:RequestSecurityToken Id=""RST0""><wst:RequestType>http://schemas.xmlsoap.org/ws/2005/02/trust/Issue</wst:RequestType><wsp:AppliesTo><wsa:EndpointReference><wsa:Address>https://settings-win.data.microsoft.com/settings/v3.0/</wsa:Address></wsa:EndpointReference></wsp:AppliesTo><wsp:PolicyReference URI=""NFS_1wk_compact_SSL""></wsp:PolicyReference></wst:RequestSecurityToken></s:Body></s:Envelope>"
"18-08-2026 09:40:50","6113","Error","Microsoft-Windows-LiveId","RPC call to function WLIDCreateContext returned the following error code: 0x8004800C."
"18-08-2026 09:40:50","6115","Information","Microsoft-Windows-LiveId","## SOAP Request: <s:Envelope><s:Header><wsa:Action s:mustUnderstand=""1"">*</wsa:Action><wsa:To s:mustUnderstand=""1"">*</wsa:To><wsa:MessageID>*</wsa:MessageID><ps:AuthInfo Id=""PPAuthInfo""><ps:HostingApp>{12E984BD-5803-4D78-9EFB-BED7B9212C26}</ps:HostingApp><ps:BinaryVersion>55</ps:BinaryVersion><ps:UIVersion>1</ps:UIVersion><ps:InlineUX>TokenBroker</ps:InlineUX><ps:Cookies></ps:Cookies><ps:RequestParams>AQAAAAIAAABsYwQAAAAxMDMz</ps:RequestParams><ps:WindowsClientString>iVzGU/dyae9bMPpavLb310Ogu6n9/IR8NBZolBsTgbk=</ps:WindowsClientString><ps:LicenseSignatureKeyVersion>*</ps:LicenseSignatureKeyVersion><ps:ClientCapabilities>1</ps:ClientCapabilities></ps:AuthInfo><wsse:Security><EncryptedData xmlns=""http://www.w3.org/2001/04/xmlenc#"" Id=""devicesoftware"" Type=""http://www.w3.org/2001/04/xmlenc#Element""><EncryptionMethod Algorithm=""http://www.w3.org/2001/04/xmlenc#tripledes-cbc""></EncryptionMethod><ds:KeyInfo><ds:KeyName>http://Passport.NET/STS</ds:KeyName></ds:KeyInfo><CipherData><CipherValue>*</CipherValue></CipherData></EncryptedData><wssc:DerivedKeyToken wsu:Id=""SignKey"" Algorithm=""urn:liveid:SP800108_CTR_HMAC_SHA256_DOUBLEDERIVED""><wsse:RequestedTokenReference><wsse:KeyIdentifier ValueType=""http://docs.oasis-open.org/wss/2004/XX/oasis-2004XX-wss-saml-token-profile-1.0#SAMLAssertionID""/><wsse:Reference URI=""""/></wsse:RequestedTokenReference><wssc:Nonce>*</wssc:Nonce></wssc:DerivedKeyToken><wsu:Timestamp wsu:Id=""Timestamp""><wsu:Created>2026-08-18T04:10:48Z</wsu:Created><wsu:Expires>2026-08-18T04:15:48Z</wsu:Expires></wsu:Timestamp><Signature xmlns=""http://www.w3.org/2000/09/xmldsig#""><SignedInfo><CanonicalizationMethod Algorithm=""http://www.w3.org/2001/10/xml-exc-c14n#""></CanonicalizationMethod><SignatureMethod Algorithm=""http://www.w3.org/2001/04/xmldsig-more#hmac-sha256""></SignatureMethod><Reference URI=""#RST0""><Transforms><Transform Algorithm=""http://www.w3.org/2001/10/xml-exc-c14n#""></Transform></Transforms><DigestMethod Algorithm=""http://www.w3.org/2001/04/xmlenc#sha256""></DigestMethod><DigestValue>*</DigestValue></Reference><Reference URI=""#Timestamp""><Transforms><Transform Algorithm=""http://www.w3.org/2001/10/xml-exc-c14n#""></Transform></Transforms><DigestMethod Algorithm=""http://www.w3.org/2001/04/xmlenc#sha256""></DigestMethod><DigestValue>*</DigestValue></Reference><Reference URI=""#PPAuthInfo""><Transforms><Transform Algorithm=""http://www.w3.org/2001/10/xml-exc-c14n#""></Transform></Transforms><DigestMethod Algorithm=""http://www.w3.org/2001/04/xmlenc#sha256""></DigestMethod><DigestValue>*</DigestValue></Reference></SignedInfo><SignatureValue>*</SignatureValue><KeyInfo><wsse:SecurityTokenReference><wsse:Reference URI=""#SignKey""/></wsse:SecurityTokenReference></KeyInfo></Signature></wsse:Security></s:Header><s:Body><wst:RequestSecurityToken Id=""RST0""><wst:RequestType>http://schemas.xmlsoap.org/ws/2005/02/trust/Issue</wst:RequestType><wsp:AppliesTo><wsa:EndpointReference><wsa:Address>https://login.microsoft.com</wsa:Address></wsa:EndpointReference></wsp:AppliesTo><wsp:PolicyReference URI=""MBI_SSL""></wsp:PolicyReference></wst:RequestSecurityToken></s:Body></s:Envelope>"
"18-08-2026 06:22:47","6113","Error","Microsoft-Windows-LiveId","RPC call to function WLIDAcquireTokens returned the following error code: 0x80048265."
"18-08-2026 06:22:47","6115","Information","Microsoft-Windows-LiveId","## SOAP Request: <s:Envelope><s:Header><wsa:Action s:mustUnderstand=""1"">*</wsa:Action><wsa:To s:mustUnderstand=""1"">*</wsa:To><wsa:MessageID>*</wsa:MessageID><ps:AuthInfo Id=""PPAuthInfo""><ps:HostingApp>{C89E2069-AF13-46DB-9E39-216131494B87}</ps:HostingApp><ps:BinaryVersion>55</ps:BinaryVersion><ps:UIVersion>1</ps:UIVersion><ps:InlineUX>TokenBroker</ps:InlineUX><ps:Cookies></ps:Cookies><ps:RequestParams>AQAAAAIAAABsYwQAAAAxMDMz</ps:RequestParams><ps:WindowsClientString>iVzGU/dyae9bMPpavLb310Ogu6n9/IR8NBZolBsTgbk=</ps:WindowsClientString><ps:LicenseSignatureKeyVersion>*</ps:LicenseSignatureKeyVersion><ps:ClientCapabilities>1</ps:ClientCapabilities></ps:AuthInfo><wsse:Security><EncryptedData xmlns=""http://www.w3.org/2001/04/xmlenc#"" Id=""devicesoftware"" Type=""http://www.w3.org/2001/04/xmlenc#Element""><EncryptionMethod Algorithm=""http://www.w3.org/2001/04/xmlenc#tripledes-cbc""></EncryptionMethod><ds:KeyInfo><ds:KeyName>http://Passport.NET/STS</ds:KeyName></ds:KeyInfo><CipherData><CipherValue>*</CipherValue></CipherData></EncryptedData><wssc:DerivedKeyToken wsu:Id=""SignKey"" Algorithm=""urn:liveid:SP800108_CTR_HMAC_SHA256_DOUBLEDERIVED""><wsse:RequestedTokenReference><wsse:KeyIdentifier ValueType=""http://docs.oasis-open.org/wss/2004/XX/oasis-2004XX-wss-saml-token-profile-1.0#SAMLAssertionID""/><wsse:Reference URI=""""/></wsse:RequestedTokenReference><wssc:Nonce>*</wssc:Nonce></wssc:DerivedKeyToken><wsu:Timestamp wsu:Id=""Timestamp""><wsu:Created>2026-08-18T00:52:46Z</wsu:Created><wsu:Expires>2026-08-18T00:57:46Z</wsu:Expires></wsu:Timestamp><Signature xmlns=""http://www.w3.org/2000/09/xmldsig#""><SignedInfo><CanonicalizationMethod Algorithm=""http://www.w3.org/2001/10/xml-exc-c14n#""></CanonicalizationMethod><SignatureMethod Algorithm=""http://www.w3.org/2001/04/xmldsig-more#hmac-sha256""></SignatureMethod><Reference URI=""#RST0""><Transforms><Transform Algorithm=""http://www.w3.org/2001/10/xml-exc-c14n#""></Transform></Transforms><DigestMethod Algorithm=""http://www.w3.org/2001/04/xmlenc#sha256""></DigestMethod><DigestValue>*</DigestValue></Reference><Reference URI=""#Timestamp""><Transforms><Transform Algorithm=""http://www.w3.org/2001/10/xml-exc-c14n#""></Transform></Transforms><DigestMethod Algorithm=""http://www.w3.org/2001/04/xmlenc#sha256""></DigestMethod><DigestValue>*</DigestValue></Reference><Reference URI=""#PPAuthInfo""><Transforms><Transform Algorithm=""http://www.w3.org/2001/10/xml-exc-c14n#""></Transform></Transforms><DigestMethod Algorithm=""http://www.w3.org/2001/04/xmlenc#sha256""></DigestMethod><DigestValue>*</DigestValue></Reference></SignedInfo><SignatureValue>*</SignatureValue><KeyInfo><wsse:SecurityTokenReference><wsse:Reference URI=""#SignKey""/></wsse:SecurityTokenReference></KeyInfo></Signature></wsse:Security></s:Header><s:Body><wst:RequestSecurityToken Id=""RST0""><wst:RequestType>http://schemas.xmlsoap.org/ws/2005/02/trust/Issue</wst:RequestType><wsp:AppliesTo><wsa:EndpointReference><wsa:Address>474a-87ad-2f9a87615fa3-dc1-tip.cloudapp.net</wsa:Address></wsa:EndpointReference></wsp:AppliesTo><wsp:PolicyReference URI=""MBI_SSL""></wsp:PolicyReference></wst:RequestSecurityToken></s:Body></s:Envelope>"
"18-08-2026 06:22:46","2024","Information","Microsoft-Windows-LiveId","Operation: Service started
Details: The service will auto stop if no requests received for some period of time.
Status: 0x0
"
"17-08-2026 16:36:07","2024","Information","Microsoft-Windows-LiveId","Operation: Service stopped
Details: The service has stopped.
Status: 0x0
"
"17-08-2026 16:32:08","6117","Information","Microsoft-Windows-LiveId","Acquired Service token.
ResourceURI: www.microsoft.com
Created: 2026-08-17T16:32:08.000Z
Expires: 2026-08-18T16:32:08.000Z
TokenType: urn:passport:compact
AuthRequired: The operation completed successfully.
RequestStatus: The operation completed successfully.
HasFlowUrl: false
HasAuthUrl: false
HasEndAuthUrl: false"
"17-08-2026 16:32:08","6116","Information","Microsoft-Windows-LiveId","## SOAP Response: <S:Envelope><S:Header><wsa:Action wsu:Id=""Action"" S:mustUnderstand=""1"">*</wsa:Action><wsa:To wsu:Id=""To"" S:mustUnderstand=""1"">*</wsa:To><wsse:Security><wsu:Timestamp wsu:Id=""TS""><wsu:Created>2026-08-17T11:02:08Z</wsu:Created><wsu:Expires>2026-08-17T11:07:08Z</wsu:Expires></wsu:Timestamp><wssc:DerivedKeyToken wsu:Id=""SignKey"" Algorithm=""urn:liveid:SP800108_CTR_HMAC_SHA256_DOUBLEDERIVED""><wsse:SecurityTokenReference><wsse:Reference URI=""kG8NQJ7dNxewV6EvfObC0EJO1yY=""></wsse:Reference></wsse:SecurityTokenReference><wssc:Nonce>*</wssc:Nonce></wssc:DerivedKeyToken><wssc:DerivedKeyToken wsu:Id=""EncKey"" Algorithm=""urn:liveid:SP800108_CTR_HMAC_SHA256_DOUBLEDERIVED""><wsse:SecurityTokenReference><wsse:Reference URI=""kG8NQJ7dNxewV6EvfObC0EJO1yY=""></wsse:Reference></wsse:SecurityTokenReference><wssc:Nonce>*</wssc:Nonce></wssc:DerivedKeyToken><Signature xmlns=""http://www.w3.org/2000/09/xmldsig#""><SignedInfo><CanonicalizationMethod Algorithm=""http://www.w3.org/2001/10/xml-exc-c14n#""></CanonicalizationMethod><SignatureMethod Algorithm=""http://www.w3.org/2001/04/xmldsig-more#hmac-sha256""></SignatureMethod><Reference URI=""#EncPsf""><Transforms><Transform Algorithm=""http://www.w3.org/2001/10/xml-exc-c14n#""></Transform></Transforms><DigestMethod Algorithm=""http://www.w3.org/2001/04/xmlenc#sha256""></DigestMethod><DigestValue>*</DigestValue></Reference><Reference URI=""#Body""><Transforms><Transform Algorithm=""http://www.w3.org/2001/10/xml-exc-c14n#""></Transform></Transforms><DigestMethod Algorithm=""http://www.w3.org/2001/04/xmlenc#sha256""></DigestMethod><DigestValue>*</DigestValue></Reference><Reference URI=""#To""><Transforms><Transform Algorithm=""http://www.w3.org/2001/10/xml-exc-c14n#""></Transform></Transforms><DigestMethod Algorithm=""http://www.w3.org/2001/04/xmlenc#sha256""></DigestMethod><DigestValue>*</DigestValue></Reference><Reference URI=""#Action""><Transforms><Transform Algorithm=""http://www.w3.org/2001/10/xml-exc-c14n#""></Transform></Transforms><DigestMethod Algorithm=""http://www.w3.org/2001/04/xmlenc#sha256""></DigestMethod><DigestValue>*</DigestValue></Reference><Reference URI=""#TS""><Transforms><Transform Algorithm=""http://www.w3.org/2001/10/xml-exc-c14n#""></Transform></Transforms><DigestMethod Algorithm=""http://www.w3.org/2001/04/xmlenc#sha256""></DigestMethod><DigestValue>*</DigestValue></Reference></SignedInfo><SignatureValue>*</SignatureValue><KeyInfo><wsse:SecurityTokenReference><wsse:Reference URI=""#SignKey""></wsse:Reference></wsse:SecurityTokenReference></KeyInfo></Signature><e:ReferenceList xmlns:e=""http://www.w3.org/2001/04/xmlenc#""><e:DataReference URI=""#RSTR""/><e:DataReference URI=""#EncPsf""/></e:ReferenceList></wsse:Security><psf:EncryptedPP><EncryptedData xmlns=""http://www.w3.org/2001/04/xmlenc#"" Id=""EncPsf"" Type=""http://www.w3.org/2001/04/xmlenc#Element""><EncryptionMethod Algorithm=""http://www.w3.org/2001/04/xmlenc#aes256-cbc""></EncryptionMethod><KeyInfo xmlns=""http://www.w3.org/2000/09/xmldsig#""><wsse:SecurityTokenReference><wsse:Reference URI=""#EncKey""></wsse:Reference></wsse:SecurityTokenReference></KeyInfo><CipherData><CipherValue>*</CipherValue></CipherData></EncryptedData></psf:EncryptedPP></S:Header><S:Body wsu:Id=""Body""><EncryptedData xmlns=""http://www.w3.org/2001/04/xmlenc#"" Id=""RSTR"" Type=""http://www.w3.org/2001/04/xmlenc#Element""><EncryptionMethod Algorithm=""http://www.w3.org/2001/04/xmlenc#aes256-cbc""></EncryptionMethod><KeyInfo xmlns=""http://www.w3.org/2000/09/xmldsig#""><wsse:SecurityTokenReference><wsse:Reference URI=""#EncKey""></wsse:Reference></wsse:SecurityTokenReference></KeyInfo><CipherData><CipherValue>*</CipherValue></CipherData></EncryptedData></S:Body></S:Envelope>"
"17-08-2026 16:32:07","6115","Information","Microsoft-Windows-LiveId","## SOAP Request: <s:Envelope><s:Header><wsa:Action s:mustUnderstand=""1"">*</wsa:Action><wsa:To s:mustUnderstand=""1"">*</wsa:To><wsa:MessageID>*</wsa:MessageID><ps:AuthInfo Id=""PPAuthInfo""><ps:HostingApp>{fc177c6f-a3d6-4bb0-b1fa-23d0cd9b005d}</ps:HostingApp><ps:BinaryVersion>55</ps:BinaryVersion><ps:UIVersion>1</ps:UIVersion><ps:InlineUX>TokenBroker</ps:InlineUX><ps:PackageSID>S-1-15-2-1609473798-1231923017-684268153-4268514328-882773646-2760585773-1760938157</ps:PackageSID><ps:Cookies></ps:Cookies><ps:RequestParams>AQAAAAIAAABsYwQAAAAxMDMz</ps:RequestParams><ps:WindowsClientString>iVzGU/dyae9bMPpavLb310Ogu6n9/IR8NBZolBsTgbk=</ps:WindowsClientString><ps:LicenseSignatureKeyVersion>*</ps:LicenseSignatureKeyVersion><ps:ClientCapabilities>1</ps:ClientCapabilities></ps:AuthInfo><wsse:Security><EncryptedData xmlns=""http://www.w3.org/2001/04/xmlenc#"" Id=""devicesoftware"" Type=""http://www.w3.org/2001/04/xmlenc#Element""><EncryptionMethod Algorithm=""http://www.w3.org/2001/04/xmlenc#tripledes-cbc""></EncryptionMethod><ds:KeyInfo><ds:KeyName>http://Passport.NET/STS</ds:KeyName></ds:KeyInfo><CipherData><CipherValue>*</CipherValue></CipherData></EncryptedData><wssc:DerivedKeyToken wsu:Id=""SignKey"" Algorithm=""urn:liveid:SP800108_CTR_HMAC_SHA256_DOUBLEDERIVED""><wsse:RequestedTokenReference><wsse:KeyIdentifier ValueType=""http://docs.oasis-open.org/wss/2004/XX/oasis-2004XX-wss-saml-token-profile-1.0#SAMLAssertionID""/><wsse:Reference URI=""""/></wsse:RequestedTokenReference><wssc:Nonce>*</wssc:Nonce></wssc:DerivedKeyToken><wsu:Timestamp wsu:Id=""Timestamp""><wsu:Created>2026-08-17T11:02:06Z</wsu:Created><wsu:Expires>2026-08-17T11:07:06Z</wsu:Expires></wsu:Timestamp><Signature xmlns=""http://www.w3.org/2000/09/xmldsig#""><SignedInfo><CanonicalizationMethod Algorithm=""http://www.w3.org/2001/10/xml-exc-c14n#""></CanonicalizationMethod><SignatureMethod Algorithm=""http://www.w3.org/2001/04/xmldsig-more#hmac-sha256""></SignatureMethod><Reference URI=""#RST0""><Transforms><Transform Algorithm=""http://www.w3.org/2001/10/xml-exc-c14n#""></Transform></Transforms><DigestMethod Algorithm=""http://www.w3.org/2001/04/xmlenc#sha256""></DigestMethod><DigestValue>*</DigestValue></Reference><Reference URI=""#Timestamp""><Transforms><Transform Algorithm=""http://www.w3.org/2001/10/xml-exc-c14n#""></Transform></Transforms><DigestMethod Algorithm=""http://www.w3.org/2001/04/xmlenc#sha256""></DigestMethod><DigestValue>*</DigestValue></Reference><Reference URI=""#PPAuthInfo""><Transforms><Transform Algorithm=""http://www.w3.org/2001/10/xml-exc-c14n#""></Transform></Transforms><DigestMethod Algorithm=""http://www.w3.org/2001/04/xmlenc#sha256""></DigestMethod><DigestValue>*</DigestValue></Reference></SignedInfo><SignatureValue>*</SignatureValue><KeyInfo><wsse:SecurityTokenReference><wsse:Reference URI=""#SignKey""/></wsse:SecurityTokenReference></KeyInfo></Signature></wsse:Security></s:Header><s:Body><wst:RequestSecurityToken Id=""RST0""><wst:RequestType>http://schemas.xmlsoap.org/ws/2005/02/trust/Issue</wst:RequestType><wsp:AppliesTo><wsa:EndpointReference><wsa:Address>www.microsoft.com</wsa:Address></wsa:EndpointReference></wsp:AppliesTo><wsp:PolicyReference URI=""mbi_ssl""></wsp:PolicyReference></wst:RequestSecurityToken></s:Body></s:Envelope>"
"17-08-2026 16:32:07","2024","Information","Microsoft-Windows-LiveId","Operation: Service started
Details: The service will auto stop if no requests received for some period of time.
Status: 0x0
"
"17-08-2026 15:04:11","2024","Information","Microsoft-Windows-LiveId","Operation: Service stopped
Details: The service has stopped.
Status: 0x0
"
"17-08-2026 15:00:11","6114","Error","Microsoft-Windows-LiveId","SOAP Request of type Service for user CID 'NULL' in production environment received the following error code from the Microsoft Account server: 0x80045C30."
