"19-08-2026 10:14:38","5858","Error","Microsoft-Windows-WMI-Activity","Id = {C8656EB8-C3AE-4E62-B656-DBA1F64446DD}; ClientMachine = LIND55MBVC4; User = NT AUTHORITY\NETWORK SERVICE; ClientProcessId = 9276; Component = Unknown; Operation = Start IWbemServices::ExecQuery - ROOT\StandardCimv2 : SELECT * FROM MSFT_NetAdapterStatisticsSettingData WHERE Name = 'Wi-Fi'; ResultCode = 0x80041032; PossibleCause = Unknown"
"19-08-2026 10:14:37","5858","Error","Microsoft-Windows-WMI-Activity","Id = {0E565340-274B-4159-9602-C8BAE4FC7FD9}; ClientMachine = LIND55MBVC4; User = NT AUTHORITY\NETWORK SERVICE; ClientProcessId = 9276; Component = Unknown; Operation = Start IWbemServices::ExecQuery - ROOT\StandardCimv2 : SELECT * FROM MSFT_NetAdapterStatisticsSettingData WHERE Name = 'Wi-Fi'; ResultCode = 0x80041032; PossibleCause = Unknown"
"19-08-2026 10:14:36","5858","Error","Microsoft-Windows-WMI-Activity","Id = {86840096-EECC-4AFA-952C-0AA58E33FA1E}; ClientMachine = LIND55MBVC4; User = NT AUTHORITY\NETWORK SERVICE; ClientProcessId = 9276; Component = Unknown; Operation = Start IWbemServices::ExecQuery - ROOT\StandardCimv2 : SELECT * FROM MSFT_NetAdapterStatisticsSettingData WHERE Name = 'Wi-Fi'; ResultCode = 0x80041032; PossibleCause = Unknown"
"19-08-2026 10:14:34","5858","Error","Microsoft-Windows-WMI-Activity","Id = {D5E5856A-64F1-4BE7-8419-3605B9AFC63D}; ClientMachine = LIND55MBVC4; User = NT AUTHORITY\NETWORK SERVICE; ClientProcessId = 9276; Component = Unknown; Operation = Start IWbemServices::ExecQuery - ROOT\StandardCimv2 : SELECT * FROM MSFT_NetAdapterStatisticsSettingData WHERE Name = 'Wi-Fi'; ResultCode = 0x80041032; PossibleCause = Unknown"
"19-08-2026 10:14:34","5857","Information","Microsoft-Windows-WMI-Activity","smbwmiv2 provider started with result code 0x0. HostProcess = wmiprvse.exe; ProcessID = 7000; ProviderPath = %SystemRoot%\System32\smbwmiv2.dll"
"19-08-2026 10:14:33","5858","Error","Microsoft-Windows-WMI-Activity","Id = {B1EC0B15-1862-4486-AE34-5C4B49276AE2}; ClientMachine = LIND55MBVC4; User = NT AUTHORITY\NETWORK SERVICE; ClientProcessId = 9276; Component = Unknown; Operation = Start IWbemServices::ExecQuery - ROOT\StandardCimv2 : SELECT * FROM MSFT_NetAdapterStatisticsSettingData WHERE Name = 'Wi-Fi'; ResultCode = 0x80041032; PossibleCause = Unknown"
"19-08-2026 10:14:31","5858","Error","Microsoft-Windows-WMI-Activity","Id = {3BB1C6C3-E0C5-47DE-B121-EC4DA57B728C}; ClientMachine = LIND55MBVC4; User = NT AUTHORITY\NETWORK SERVICE; ClientProcessId = 9276; Component = Unknown; Operation = Start IWbemServices::ExecQuery - ROOT\StandardCimv2 : SELECT * FROM MSFT_NetAdapterStatisticsSettingData WHERE Name = 'Wi-Fi'; ResultCode = 0x80041032; PossibleCause = Unknown"
"19-08-2026 10:14:30","5858","Error","Microsoft-Windows-WMI-Activity","Id = {4D750776-7D87-4B65-9776-CE0AF4AC7D54}; ClientMachine = LIND55MBVC4; User = NT AUTHORITY\NETWORK SERVICE; ClientProcessId = 9276; Component = Unknown; Operation = Start IWbemServices::ExecQuery - ROOT\StandardCimv2 : SELECT * FROM MSFT_NetAdapterStatisticsSettingData WHERE Name = 'Wi-Fi'; ResultCode = 0x80041032; PossibleCause = Unknown"
"19-08-2026 10:14:29","5858","Error","Microsoft-Windows-WMI-Activity","Id = {5FCE2714-E3D2-4A34-AF38-8BB163E17588}; ClientMachine = LIND55MBVC4; User = NT AUTHORITY\NETWORK SERVICE; ClientProcessId = 9276; Component = Unknown; Operation = Start IWbemServices::ExecQuery - ROOT\StandardCimv2 : SELECT * FROM MSFT_NetAdapterStatisticsSettingData WHERE Name = 'Wi-Fi'; ResultCode = 0x80041032; PossibleCause = Unknown"
"19-08-2026 10:14:29","5857","Information","Microsoft-Windows-WMI-Activity","SystemRestoreProv provider started with result code 0x0. HostProcess = wmiprvse.exe; ProcessID = 7000; ProviderPath = %SystemRoot%\system32\srwmi.dll"
"19-08-2026 10:14:28","5858","Error","Microsoft-Windows-WMI-Activity","Id = {49466ECE-1566-47A5-87ED-54933F54AB5E}; ClientMachine = LIND55MBVC4; User = NT AUTHORITY\NETWORK SERVICE; ClientProcessId = 9276; Component = Unknown; Operation = Start IWbemServices::ExecQuery - ROOT\StandardCimv2 : SELECT * FROM MSFT_NetAdapterStatisticsSettingData WHERE Name = 'Wi-Fi'; ResultCode = 0x80041032; PossibleCause = Unknown"
"19-08-2026 10:14:27","5858","Error","Microsoft-Windows-WMI-Activity","Id = {083E38EA-F84C-4E75-BE64-FEA9ADD9F634}; ClientMachine = LIND55MBVC4; User = NT AUTHORITY\NETWORK SERVICE; ClientProcessId = 9276; Component = Unknown; Operation = Start IWbemServices::ExecQuery - ROOT\StandardCimv2 : SELECT * FROM MSFT_NetAdapterStatisticsSettingData WHERE Name = 'Wi-Fi'; ResultCode = 0x80041032; PossibleCause = Unknown"
"19-08-2026 10:14:26","5858","Error","Microsoft-Windows-WMI-Activity","Id = {EA05829A-3F2C-4DB3-B8AD-8AE95A06B1D5}; ClientMachine = LIND55MBVC4; User = NT AUTHORITY\NETWORK SERVICE; ClientProcessId = 9276; Component = Unknown; Operation = Start IWbemServices::ExecQuery - ROOT\StandardCimv2 : SELECT * FROM MSFT_NetAdapterStatisticsSettingData WHERE Name = 'Wi-Fi'; ResultCode = 0x80041032; PossibleCause = Unknown"
"19-08-2026 10:14:23","5858","Error","Microsoft-Windows-WMI-Activity","Id = {18F941C3-C360-44A3-8530-3C4A5026D6A3}; ClientMachine = LIND55MBVC4; User = NT AUTHORITY\NETWORK SERVICE; ClientProcessId = 9276; Component = Unknown; Operation = Start IWbemServices::ExecQuery - ROOT\StandardCimv2 : SELECT * FROM MSFT_NetAdapterStatisticsSettingData WHERE Name = 'Wi-Fi'; ResultCode = 0x80041032; PossibleCause = Unknown"
"19-08-2026 10:14:22","5858","Error","Microsoft-Windows-WMI-Activity","Id = {4A33B47C-1632-4FED-8A69-C5C6F7B9EC84}; ClientMachine = LIND55MBVC4; User = NT AUTHORITY\NETWORK SERVICE; ClientProcessId = 9276; Component = Unknown; Operation = Start IWbemServices::ExecQuery - ROOT\StandardCimv2 : SELECT * FROM MSFT_NetAdapterStatisticsSettingData WHERE Name = 'Wi-Fi'; ResultCode = 0x80041032; PossibleCause = Unknown"
"19-08-2026 10:14:22","5857","Information","Microsoft-Windows-WMI-Activity","StorageWMI provider started with result code 0x0. HostProcess = wmiprvse.exe; ProcessID = 7000; ProviderPath = %SystemRoot%\System32\storagewmi.dll"
"19-08-2026 10:14:21","5858","Error","Microsoft-Windows-WMI-Activity","Id = {2014F37E-166C-4597-996C-93B54FDACA30}; ClientMachine = LIND55MBVC4; User = NT AUTHORITY\NETWORK SERVICE; ClientProcessId = 9276; Component = Unknown; Operation = Start IWbemServices::ExecQuery - ROOT\StandardCimv2 : SELECT * FROM MSFT_NetAdapterStatisticsSettingData WHERE Name = 'Wi-Fi'; ResultCode = 0x80041032; PossibleCause = Unknown"
"19-08-2026 10:14:20","5858","Error","Microsoft-Windows-WMI-Activity","Id = {3BBEDDCE-D65B-4E3D-BAAA-48AE6CD17D5B}; ClientMachine = LIND55MBVC4; User = NT AUTHORITY\NETWORK SERVICE; ClientProcessId = 9276; Component = Unknown; Operation = Start IWbemServices::ExecQuery - ROOT\StandardCimv2 : SELECT * FROM MSFT_NetAdapterStatisticsSettingData WHERE Name = 'Wi-Fi'; ResultCode = 0x80041032; PossibleCause = Unknown"
"19-08-2026 10:14:19","5858","Error","Microsoft-Windows-WMI-Activity","Id = {332171A1-7BAB-4A24-8847-014E210F4BBB}; ClientMachine = LIND55MBVC4; User = NT AUTHORITY\NETWORK SERVICE; ClientProcessId = 9276; Component = Unknown; Operation = Start IWbemServices::ExecQuery - ROOT\StandardCimv2 : SELECT * FROM MSFT_NetAdapterStatisticsSettingData WHERE Name = 'Wi-Fi'; ResultCode = 0x80041032; PossibleCause = Unknown"
"19-08-2026 10:14:18","5858","Error","Microsoft-Windows-WMI-Activity","Id = {A543AF0C-BA3D-491F-B651-645D09B49C3A}; ClientMachine = LIND55MBVC4; User = NT AUTHORITY\SYSTEM; ClientProcessId = 8128; Component = Unknown; Operation = Start IWbemServices::ExecQuery - root\cimv2 : SELECT * FROM Win32_Volume WHERE DriveLetter = ""C:""; ResultCode = 0x80041032; PossibleCause = Unknown"
"19-08-2026 10:14:18","5857","Information","Microsoft-Windows-WMI-Activity","MSVDS__PROVIDER provider started with result code 0x0. HostProcess = wmiprvse.exe; ProcessID = 7000; ProviderPath = %systemroot%\system32\wbem\vdswmi.dll"
"19-08-2026 10:14:18","5858","Error","Microsoft-Windows-WMI-Activity","Id = {CC095D68-12CF-4E70-8055-FFCDD619B645}; ClientMachine = LIND55MBVC4; User = NT AUTHORITY\SYSTEM; ClientProcessId = 8128; Component = Unknown; Operation = Start IWbemServices::ExecQuery - root\cimv2\security\microsoftvolumeencryption : SELECT * FROM Win32_EncryptableVolume WHERE DriveLetter = ""C:""; ResultCode = 0x80041032; PossibleCause = Unknown"
"19-08-2026 10:14:18","5858","Error","Microsoft-Windows-WMI-Activity","Id = {0C8D0846-D191-4411-AE78-D42589F91E3A}; ClientMachine = LIND55MBVC4; User = NT AUTHORITY\NETWORK SERVICE; ClientProcessId = 9276; Component = Unknown; Operation = Start IWbemServices::ExecQuery - ROOT\StandardCimv2 : SELECT * FROM MSFT_NetAdapterStatisticsSettingData WHERE Name = 'Wi-Fi'; ResultCode = 0x80041032; PossibleCause = Unknown"
"19-08-2026 10:14:17","5858","Error","Microsoft-Windows-WMI-Activity","Id = {8560E18C-3430-4252-93ED-C239C66061D7}; ClientMachine = LIND55MBVC4; User = NT AUTHORITY\NETWORK SERVICE; ClientProcessId = 9276; Component = Unknown; Operation = Start IWbemServices::ExecQuery - ROOT\StandardCimv2 : SELECT * FROM MSFT_NetAdapterStatisticsSettingData WHERE Name = 'Wi-Fi'; ResultCode = 0x80041032; PossibleCause = Unknown"
"19-08-2026 10:14:16","5858","Error","Microsoft-Windows-WMI-Activity","Id = {0134D814-2B6E-47E0-8515-DBE30C5FC0EA}; ClientMachine = LIND55MBVC4; User = NT AUTHORITY\NETWORK SERVICE; ClientProcessId = 9276; Component = Unknown; Operation = Start IWbemServices::ExecQuery - ROOT\StandardCimv2 : SELECT * FROM MSFT_NetAdapterStatisticsSettingData WHERE Name = 'Wi-Fi'; ResultCode = 0x80041032; PossibleCause = Unknown"
"19-08-2026 10:14:15","5858","Error","Microsoft-Windows-WMI-Activity","Id = {66442DD3-72DF-4C20-8305-9133560857DB}; ClientMachine = LIND55MBVC4; User = NT AUTHORITY\NETWORK SERVICE; ClientProcessId = 9276; Component = Unknown; Operation = Start IWbemServices::ExecQuery - ROOT\StandardCimv2 : SELECT * FROM MSFT_NetAdapterStatisticsSettingData WHERE Name = 'Wi-Fi'; ResultCode = 0x80041032; PossibleCause = Unknown"
"19-08-2026 10:14:14","5858","Error","Microsoft-Windows-WMI-Activity","Id = {468325DD-B0AE-4F75-928E-86A6768A9798}; ClientMachine = LIND55MBVC4; User = NT AUTHORITY\NETWORK SERVICE; ClientProcessId = 9276; Component = Unknown; Operation = Start IWbemServices::ExecQuery - ROOT\StandardCimv2 : SELECT * FROM MSFT_NetAdapterStatisticsSettingData WHERE Name = 'Wi-Fi'; ResultCode = 0x80041032; PossibleCause = Unknown"
"19-08-2026 10:14:12","5858","Error","Microsoft-Windows-WMI-Activity","Id = {958AC599-A113-4A59-B25F-FAEBE2E72C71}; ClientMachine = LIND55MBVC4; User = NT AUTHORITY\NETWORK SERVICE; ClientProcessId = 9276; Component = Unknown; Operation = Start IWbemServices::ExecQuery - ROOT\StandardCimv2 : SELECT * FROM MSFT_NetAdapterStatisticsSettingData WHERE Name = 'Wi-Fi'; ResultCode = 0x80041032; PossibleCause = Unknown"
"19-08-2026 10:14:11","5858","Error","Microsoft-Windows-WMI-Activity","Id = {4ED0CE04-84CE-495F-9BA0-A8355B29B38C}; ClientMachine = LIND55MBVC4; User = NT AUTHORITY\NETWORK SERVICE; ClientProcessId = 9276; Component = Unknown; Operation = Start IWbemServices::ExecQuery - ROOT\StandardCimv2 : SELECT * FROM MSFT_NetAdapterStatisticsSettingData WHERE Name = 'Wi-Fi'; ResultCode = 0x80041032; PossibleCause = Unknown"
"19-08-2026 10:14:11","5857","Information","Microsoft-Windows-WMI-Activity","Provider_DiagnosticsServices provider started with result code 0x0. HostProcess = wmiprvse.exe; ProcessID = 28060; ProviderPath = %systemroot%\system32\wbem\wmiprov.dll"
"19-08-2026 10:14:09","5858","Error","Microsoft-Windows-WMI-Activity","Id = {66918325-F985-4964-BDF5-4E87D773E274}; ClientMachine = LIND55MBVC4; User = NT AUTHORITY\NETWORK SERVICE; ClientProcessId = 9276; Component = Unknown; Operation = Start IWbemServices::ExecQuery - ROOT\StandardCimv2 : SELECT * FROM MSFT_NetAdapterStatisticsSettingData WHERE Name = 'Wi-Fi'; ResultCode = 0x80041032; PossibleCause = Unknown"
"19-08-2026 10:14:07","5858","Error","Microsoft-Windows-WMI-Activity","Id = {39276882-737F-43B0-9EB0-C690920A2D46}; ClientMachine = LIND55MBVC4; User = NT AUTHORITY\NETWORK SERVICE; ClientProcessId = 9276; Component = Unknown; Operation = Start IWbemServices::ExecQuery - ROOT\StandardCimv2 : SELECT * FROM MSFT_NetAdapterStatisticsSettingData WHERE Name = 'Wi-Fi'; ResultCode = 0x80041032; PossibleCause = Unknown"
"19-08-2026 10:14:05","5858","Error","Microsoft-Windows-WMI-Activity","Id = {D154B8D6-133A-40E6-A10E-4632B3085178}; ClientMachine = LIND55MBVC4; User = NT AUTHORITY\NETWORK SERVICE; ClientProcessId = 9276; Component = Unknown; Operation = Start IWbemServices::ExecQuery - ROOT\StandardCimv2 : SELECT * FROM MSFT_NetAdapterStatisticsSettingData WHERE Name = 'Wi-Fi'; ResultCode = 0x80041032; PossibleCause = Unknown"
"19-08-2026 10:14:04","5858","Error","Microsoft-Windows-WMI-Activity","Id = {8308BD04-2078-4E70-982F-ACED89536080}; ClientMachine = LIND55MBVC4; User = NT AUTHORITY\SYSTEM; ClientProcessId = 3760; Component = Unknown; Operation = Start IWbemServices::ExecQuery - ROOT\CIMV2 : SELECT * FROM Win32_SystemDriver WHERE Name = 'BTHUSB'; ResultCode = 0x80041032; PossibleCause = Unknown"
"19-08-2026 10:14:03","5858","Error","Microsoft-Windows-WMI-Activity","Id = {F4200E34-0F16-443B-87E8-DA87AE27BC1A}; ClientMachine = LIND55MBVC4; User = NT AUTHORITY\NETWORK SERVICE; ClientProcessId = 9276; Component = Unknown; Operation = Start IWbemServices::ExecQuery - ROOT\StandardCimv2 : SELECT * FROM MSFT_NetAdapterStatisticsSettingData WHERE Name = 'Wi-Fi'; ResultCode = 0x80041032; PossibleCause = Unknown"
"19-08-2026 10:14:01","5858","Error","Microsoft-Windows-WMI-Activity","Id = {FBAFB6C6-A1A9-46D2-A600-AE8E87081122}; ClientMachine = LIND55MBVC4; User = NT AUTHORITY\NETWORK SERVICE; ClientProcessId = 9276; Component = Unknown; Operation = Start IWbemServices::ExecQuery - ROOT\StandardCimv2 : SELECT * FROM MSFT_NetAdapterStatisticsSettingData WHERE Name = 'Wi-Fi'; ResultCode = 0x80041032; PossibleCause = Unknown"
"19-08-2026 10:13:59","5858","Error","Microsoft-Windows-WMI-Activity","Id = {A63DD041-D1BC-4E8C-9CA4-6579699D4140}; ClientMachine = LIND55MBVC4; User = NT AUTHORITY\NETWORK SERVICE; ClientProcessId = 9276; Component = Unknown; Operation = Start IWbemServices::ExecQuery - ROOT\StandardCimv2 : SELECT * FROM MSFT_NetAdapterStatisticsSettingData WHERE Name = 'Wi-Fi'; ResultCode = 0x80041032; PossibleCause = Unknown"
"19-08-2026 10:13:57","5858","Error","Microsoft-Windows-WMI-Activity","Id = {65693BC2-BD35-479D-8553-E14EBB48ABE5}; ClientMachine = LIND55MBVC4; User = NT AUTHORITY\NETWORK SERVICE; ClientProcessId = 9276; Component = Unknown; Operation = Start IWbemServices::ExecQuery - ROOT\StandardCimv2 : SELECT * FROM MSFT_NetAdapterStatisticsSettingData WHERE Name = 'Wi-Fi'; ResultCode = 0x80041032; PossibleCause = Unknown"
"19-08-2026 10:13:55","5858","Error","Microsoft-Windows-WMI-Activity","Id = {E96B2C43-BFDE-4515-8C64-2DAFDDF1D2DB}; ClientMachine = LIND55MBVC4; User = NT AUTHORITY\NETWORK SERVICE; ClientProcessId = 9276; Component = Unknown; Operation = Start IWbemServices::ExecQuery - ROOT\StandardCimv2 : SELECT * FROM MSFT_NetAdapterStatisticsSettingData WHERE Name = 'Wi-Fi'; ResultCode = 0x80041032; PossibleCause = Unknown"
"19-08-2026 10:13:52","5858","Error","Microsoft-Windows-WMI-Activity","Id = {4E760E24-5FD1-4258-ADA1-E4AABBAC46F7}; ClientMachine = LIND55MBVC4; User = NT AUTHORITY\NETWORK SERVICE; ClientProcessId = 9276; Component = Unknown; Operation = Start IWbemServices::ExecQuery - ROOT\StandardCimv2 : SELECT * FROM MSFT_NetAdapterStatisticsSettingData WHERE Name = 'Wi-Fi'; ResultCode = 0x80041032; PossibleCause = Unknown"
"19-08-2026 10:13:50","5858","Error","Microsoft-Windows-WMI-Activity","Id = {FA1FF49E-8B5E-4535-8594-EA724BA0D934}; ClientMachine = LIND55MBVC4; User = NT AUTHORITY\NETWORK SERVICE; ClientProcessId = 9276; Component = Unknown; Operation = Start IWbemServices::ExecQuery - ROOT\StandardCimv2 : SELECT * FROM MSFT_NetAdapterStatisticsSettingData WHERE Name = 'Wi-Fi'; ResultCode = 0x80041032; PossibleCause = Unknown"
"19-08-2026 10:13:49","5857","Information","Microsoft-Windows-WMI-Activity","Win32_EncryptableVolumeProvider provider started with result code 0x0. HostProcess = wmiprvse.exe; ProcessID = 7000; ProviderPath = C:\Windows\System32\wbem\Win32_EncryptableVolume.dll"
"19-08-2026 10:13:48","5858","Error","Microsoft-Windows-WMI-Activity","Id = {9C6DE15E-528C-42E4-AFFB-B4255D4B7500}; ClientMachine = LIND55MBVC4; User = NT AUTHORITY\NETWORK SERVICE; ClientProcessId = 9276; Component = Unknown; Operation = Start IWbemServices::ExecQuery - ROOT\StandardCimv2 : SELECT * FROM MSFT_NetAdapterStatisticsSettingData WHERE Name = 'Wi-Fi'; ResultCode = 0x80041032; PossibleCause = Unknown"
"19-08-2026 10:13:46","5858","Error","Microsoft-Windows-WMI-Activity","Id = {ABC08F14-151F-4A58-AAC5-CD24B56F7E51}; ClientMachine = LIND55MBVC4; User = NT AUTHORITY\NETWORK SERVICE; ClientProcessId = 9276; Component = Unknown; Operation = Start IWbemServices::ExecQuery - ROOT\StandardCimv2 : SELECT * FROM MSFT_NetAdapterStatisticsSettingData WHERE Name = 'Wi-Fi'; ResultCode = 0x80041032; PossibleCause = Unknown"
"19-08-2026 10:13:44","5858","Error","Microsoft-Windows-WMI-Activity","Id = {81B34E32-8CB5-404E-8C16-B1B110C68FD1}; ClientMachine = LIND55MBVC4; User = NT AUTHORITY\NETWORK SERVICE; ClientProcessId = 9276; Component = Unknown; Operation = Start IWbemServices::ExecQuery - ROOT\StandardCimv2 : SELECT * FROM MSFT_NetAdapterStatisticsSettingData WHERE Name = 'Wi-Fi'; ResultCode = 0x80041032; PossibleCause = Unknown"
"19-08-2026 10:13:42","5858","Error","Microsoft-Windows-WMI-Activity","Id = {3FB0EAF0-D1D5-4A1B-A8C4-DEDBBF8907CA}; ClientMachine = LIND55MBVC4; User = NT AUTHORITY\NETWORK SERVICE; ClientProcessId = 9276; Component = Unknown; Operation = Start IWbemServices::ExecQuery - ROOT\StandardCimv2 : SELECT * FROM MSFT_NetAdapterStatisticsSettingData WHERE Name = 'Wi-Fi'; ResultCode = 0x80041032; PossibleCause = Unknown"
"19-08-2026 10:13:40","5858","Error","Microsoft-Windows-WMI-Activity","Id = {FFA461E9-AB69-480D-9ABC-9E9096DD68C6}; ClientMachine = LIND55MBVC4; User = NT AUTHORITY\NETWORK SERVICE; ClientProcessId = 9276; Component = Unknown; Operation = Start IWbemServices::ExecQuery - ROOT\StandardCimv2 : SELECT * FROM MSFT_NetAdapterStatisticsSettingData WHERE Name = 'Wi-Fi'; ResultCode = 0x80041032; PossibleCause = Unknown"
"19-08-2026 10:13:38","5858","Error","Microsoft-Windows-WMI-Activity","Id = {C883C8C4-162B-41FF-9165-6121ED854B68}; ClientMachine = LIND55MBVC4; User = NT AUTHORITY\NETWORK SERVICE; ClientProcessId = 9276; Component = Unknown; Operation = Start IWbemServices::ExecQuery - ROOT\StandardCimv2 : SELECT * FROM MSFT_NetAdapterStatisticsSettingData WHERE Name = 'Wi-Fi'; ResultCode = 0x80041032; PossibleCause = Unknown"
"19-08-2026 10:13:36","5858","Error","Microsoft-Windows-WMI-Activity","Id = {62D1DFDC-D29D-4194-8AA4-B4B0B5DCD8A9}; ClientMachine = LIND55MBVC4; User = NT AUTHORITY\NETWORK SERVICE; ClientProcessId = 9276; Component = Unknown; Operation = Start IWbemServices::ExecQuery - ROOT\StandardCimv2 : SELECT * FROM MSFT_NetAdapterStatisticsSettingData WHERE Name = 'Wi-Fi'; ResultCode = 0x80041032; PossibleCause = Unknown"
"19-08-2026 10:13:35","5858","Error","Microsoft-Windows-WMI-Activity","Id = {EE7E10A5-08E9-47E0-BB2D-D7A548844209}; ClientMachine = LIND55MBVC4; User = NT AUTHORITY\NETWORK SERVICE; ClientProcessId = 9276; Component = Unknown; Operation = Start IWbemServices::ExecQuery - ROOT\StandardCimv2 : SELECT * FROM MSFT_NetAdapterStatisticsSettingData WHERE Name = 'Wi-Fi'; ResultCode = 0x80041032; PossibleCause = Unknown"
"19-08-2026 10:13:34","5858","Error","Microsoft-Windows-WMI-Activity","Id = {B7A772A4-FF30-4625-8499-0D240E3B9460}; ClientMachine = LIND55MBVC4; User = NT AUTHORITY\NETWORK SERVICE; ClientProcessId = 9276; Component = Unknown; Operation = Start IWbemServices::ExecQuery - ROOT\StandardCimv2 : SELECT * FROM MSFT_NetAdapterStatisticsSettingData WHERE Name = 'Wi-Fi'; ResultCode = 0x80041032; PossibleCause = Unknown"
"19-08-2026 10:13:33","5858","Error","Microsoft-Windows-WMI-Activity","Id = {BB4FCAF3-B179-4E23-8787-A15E0C02A85F}; ClientMachine = LIND55MBVC4; User = NT AUTHORITY\NETWORK SERVICE; ClientProcessId = 9276; Component = Unknown; Operation = Start IWbemServices::ExecQuery - ROOT\StandardCimv2 : SELECT * FROM MSFT_NetAdapterStatisticsSettingData WHERE Name = 'Wi-Fi'; ResultCode = 0x80041032; PossibleCause = Unknown"
"19-08-2026 10:13:32","5858","Error","Microsoft-Windows-WMI-Activity","Id = {D9A62E37-7C93-4F2A-B353-0A7B710F66F8}; ClientMachine = LIND55MBVC4; User = NT AUTHORITY\NETWORK SERVICE; ClientProcessId = 9276; Component = Unknown; Operation = Start IWbemServices::ExecQuery - ROOT\StandardCimv2 : SELECT * FROM MSFT_NetAdapterStatisticsSettingData WHERE Name = 'Wi-Fi'; ResultCode = 0x80041032; PossibleCause = Unknown"
"19-08-2026 10:13:30","5858","Error","Microsoft-Windows-WMI-Activity","Id = {414A514A-3F84-4E89-80C8-016390818309}; ClientMachine = LIND55MBVC4; User = NT AUTHORITY\NETWORK SERVICE; ClientProcessId = 9276; Component = Unknown; Operation = Start IWbemServices::ExecQuery - ROOT\StandardCimv2 : SELECT * FROM MSFT_NetAdapterStatisticsSettingData WHERE Name = 'Wi-Fi'; ResultCode = 0x80041032; PossibleCause = Unknown"
"19-08-2026 10:13:29","5858","Error","Microsoft-Windows-WMI-Activity","Id = {7BD291AA-98DC-479A-BF9C-4D2A8EE57DB3}; ClientMachine = LIND55MBVC4; User = NT AUTHORITY\NETWORK SERVICE; ClientProcessId = 9276; Component = Unknown; Operation = Start IWbemServices::ExecQuery - ROOT\StandardCimv2 : SELECT * FROM MSFT_NetAdapterStatisticsSettingData WHERE Name = 'Wi-Fi'; ResultCode = 0x80041032; PossibleCause = Unknown"
"19-08-2026 10:13:27","5858","Error","Microsoft-Windows-WMI-Activity","Id = {15FFA463-6D7F-4AAE-B4D3-A9EF3E5D7D77}; ClientMachine = LIND55MBVC4; User = NT AUTHORITY\NETWORK SERVICE; ClientProcessId = 9276; Component = Unknown; Operation = Start IWbemServices::ExecQuery - ROOT\StandardCimv2 : SELECT * FROM MSFT_NetAdapterStatisticsSettingData WHERE Name = 'Wi-Fi'; ResultCode = 0x80041032; PossibleCause = Unknown"
"19-08-2026 10:13:25","5858","Error","Microsoft-Windows-WMI-Activity","Id = {FA7CFE97-B82F-4717-84C6-B1739CE0E895}; ClientMachine = LIND55MBVC4; User = NT AUTHORITY\NETWORK SERVICE; ClientProcessId = 9276; Component = Unknown; Operation = Start IWbemServices::ExecQuery - ROOT\StandardCimv2 : SELECT * FROM MSFT_NetAdapterStatisticsSettingData WHERE Name = 'Wi-Fi'; ResultCode = 0x80041032; PossibleCause = Unknown"
"19-08-2026 10:13:23","5858","Error","Microsoft-Windows-WMI-Activity","Id = {F86DB6D8-6274-4BBB-B077-0240178F6189}; ClientMachine = LIND55MBVC4; User = NT AUTHORITY\NETWORK SERVICE; ClientProcessId = 9276; Component = Unknown; Operation = Start IWbemServices::ExecQuery - ROOT\StandardCimv2 : SELECT * FROM MSFT_NetAdapterStatisticsSettingData WHERE Name = 'Wi-Fi'; ResultCode = 0x80041032; PossibleCause = Unknown"
"19-08-2026 10:13:21","5858","Error","Microsoft-Windows-WMI-Activity","Id = {9EDF2456-8C25-4F4A-90FD-5A81E63CF99E}; ClientMachine = LIND55MBVC4; User = NT AUTHORITY\NETWORK SERVICE; ClientProcessId = 9276; Component = Unknown; Operation = Start IWbemServices::ExecQuery - ROOT\StandardCimv2 : SELECT * FROM MSFT_NetAdapterStatisticsSettingData WHERE Name = 'Wi-Fi'; ResultCode = 0x80041032; PossibleCause = Unknown"
"19-08-2026 10:13:19","5858","Error","Microsoft-Windows-WMI-Activity","Id = {5ED7CE00-59AD-4739-8391-C1697D6A4F67}; ClientMachine = LIND55MBVC4; User = NT AUTHORITY\NETWORK SERVICE; ClientProcessId = 9276; Component = Unknown; Operation = Start IWbemServices::ExecQuery - ROOT\StandardCimv2 : SELECT * FROM MSFT_NetAdapterStatisticsSettingData WHERE Name = 'Wi-Fi'; ResultCode = 0x80041032; PossibleCause = Unknown"
"19-08-2026 10:13:17","5858","Error","Microsoft-Windows-WMI-Activity","Id = {9456A59E-75E9-43D1-9813-5EECCC509A1D}; ClientMachine = LIND55MBVC4; User = NT AUTHORITY\NETWORK SERVICE; ClientProcessId = 9276; Component = Unknown; Operation = Start IWbemServices::ExecQuery - ROOT\StandardCimv2 : SELECT * FROM MSFT_NetAdapterStatisticsSettingData WHERE Name = 'Wi-Fi'; ResultCode = 0x80041032; PossibleCause = Unknown"
"19-08-2026 10:13:15","5858","Error","Microsoft-Windows-WMI-Activity","Id = {7C3E02C2-DA57-42A4-99E9-D15D6B6D4F18}; ClientMachine = LIND55MBVC4; User = NT AUTHORITY\NETWORK SERVICE; ClientProcessId = 9276; Component = Unknown; Operation = Start IWbemServices::ExecQuery - ROOT\StandardCimv2 : SELECT * FROM MSFT_NetAdapterStatisticsSettingData WHERE Name = 'Wi-Fi'; ResultCode = 0x80041032; PossibleCause = Unknown"
"19-08-2026 10:13:12","5858","Error","Microsoft-Windows-WMI-Activity","Id = {0E24A1B0-0D07-4AF9-A4EC-80B45FFE0FD4}; ClientMachine = LIND55MBVC4; User = NT AUTHORITY\NETWORK SERVICE; ClientProcessId = 9276; Component = Unknown; Operation = Start IWbemServices::ExecQuery - ROOT\StandardCimv2 : SELECT * FROM MSFT_NetAdapterStatisticsSettingData WHERE Name = 'Wi-Fi'; ResultCode = 0x80041032; PossibleCause = Unknown"
"19-08-2026 10:13:10","5858","Error","Microsoft-Windows-WMI-Activity","Id = {8664BEFA-B97D-430A-9806-C2A35F4363F0}; ClientMachine = LIND55MBVC4; User = NT AUTHORITY\NETWORK SERVICE; ClientProcessId = 9276; Component = Unknown; Operation = Start IWbemServices::ExecQuery - ROOT\StandardCimv2 : SELECT * FROM MSFT_NetAdapterStatisticsSettingData WHERE Name = 'Wi-Fi'; ResultCode = 0x80041032; PossibleCause = Unknown"
"19-08-2026 10:13:08","5858","Error","Microsoft-Windows-WMI-Activity","Id = {A137423A-3D4B-41EE-A94C-EC695E18D848}; ClientMachine = LIND55MBVC4; User = NT AUTHORITY\NETWORK SERVICE; ClientProcessId = 9276; Component = Unknown; Operation = Start IWbemServices::ExecQuery - ROOT\StandardCimv2 : SELECT * FROM MSFT_NetAdapterStatisticsSettingData WHERE Name = 'Wi-Fi'; ResultCode = 0x80041032; PossibleCause = Unknown"
"19-08-2026 10:13:06","5858","Error","Microsoft-Windows-WMI-Activity","Id = {4BA5ABA1-7F88-4417-80E9-F0E223DDB114}; ClientMachine = LIND55MBVC4; User = NT AUTHORITY\NETWORK SERVICE; ClientProcessId = 9276; Component = Unknown; Operation = Start IWbemServices::ExecQuery - ROOT\StandardCimv2 : SELECT * FROM MSFT_NetAdapterStatisticsSettingData WHERE Name = 'Wi-Fi'; ResultCode = 0x80041032; PossibleCause = Unknown"
"19-08-2026 10:13:04","5858","Error","Microsoft-Windows-WMI-Activity","Id = {0834AE42-7975-49A7-90E8-7F61BC8E1FA0}; ClientMachine = LIND55MBVC4; User = NT AUTHORITY\NETWORK SERVICE; ClientProcessId = 9276; Component = Unknown; Operation = Start IWbemServices::ExecQuery - ROOT\StandardCimv2 : SELECT * FROM MSFT_NetAdapterStatisticsSettingData WHERE Name = 'Wi-Fi'; ResultCode = 0x80041032; PossibleCause = Unknown"
"19-08-2026 10:13:04","5858","Error","Microsoft-Windows-WMI-Activity","Id = {6E1CF315-E368-434F-A13E-F0AC1D9D2EDD}; ClientMachine = LIND55MBVC4; User = NT AUTHORITY\SYSTEM; ClientProcessId = 29844; Component = Unknown; Operation = Start IWbemServices::ExecQuery - root\CIMV2\security\microsofttpm : SELECT ManufacturerVersionFull20 FROM win32_tpm; ResultCode = 0x80041032; PossibleCause = Unknown"
"19-08-2026 10:13:04","5858","Error","Microsoft-Windows-WMI-Activity","Id = {C6F9FF15-2B06-4FE9-A37F-3CD5E181C2FC}; ClientMachine = LIND55MBVC4; User = NT AUTHORITY\SYSTEM; ClientProcessId = 29844; Component = Unknown; Operation = Start IWbemServices::ExecQuery - root\CIMV2\security\microsofttpm : SELECT ManufacturerIdTxt FROM win32_tpm; ResultCode = 0x80041032; PossibleCause = Unknown"
"19-08-2026 10:13:02","5858","Error","Microsoft-Windows-WMI-Activity","Id = {DABAB6D7-47F3-4019-BD37-FD9DAFD71A0B}; ClientMachine = LIND55MBVC4; User = NT AUTHORITY\NETWORK SERVICE; ClientProcessId = 9276; Component = Unknown; Operation = Start IWbemServices::ExecQuery - ROOT\StandardCimv2 : SELECT * FROM MSFT_NetAdapterStatisticsSettingData WHERE Name = 'Wi-Fi'; ResultCode = 0x80041032; PossibleCause = Unknown"
"19-08-2026 10:13:01","5858","Error","Microsoft-Windows-WMI-Activity","Id = {C1697881-1995-47D9-9302-119AC9431BF3}; ClientMachine = LIND55MBVC4; User = NT AUTHORITY\NETWORK SERVICE; ClientProcessId = 9276; Component = Unknown; Operation = Start IWbemServices::ExecQuery - ROOT\StandardCimv2 : SELECT * FROM MSFT_NetAdapterStatisticsSettingData WHERE Name = 'Wi-Fi'; ResultCode = 0x80041032; PossibleCause = Unknown"
"19-08-2026 10:13:00","5858","Error","Microsoft-Windows-WMI-Activity","Id = {8575F530-7A4C-4AFF-967E-2C20AC2DCD01}; ClientMachine = LIND55MBVC4; User = NT AUTHORITY\NETWORK SERVICE; ClientProcessId = 9276; Component = Unknown; Operation = Start IWbemServices::ExecQuery - ROOT\StandardCimv2 : SELECT * FROM MSFT_NetAdapterStatisticsSettingData WHERE Name = 'Wi-Fi'; ResultCode = 0x80041032; PossibleCause = Unknown"
"19-08-2026 10:12:59","5858","Error","Microsoft-Windows-WMI-Activity","Id = {E6242E8C-B7C0-41BD-98C6-8EDCE195BDF6}; ClientMachine = LIND55MBVC4; User = NT AUTHORITY\NETWORK SERVICE; ClientProcessId = 9276; Component = Unknown; Operation = Start IWbemServices::ExecQuery - ROOT\StandardCimv2 : SELECT * FROM MSFT_NetAdapterStatisticsSettingData WHERE Name = 'Wi-Fi'; ResultCode = 0x80041032; PossibleCause = Unknown"
"19-08-2026 10:12:58","5858","Error","Microsoft-Windows-WMI-Activity","Id = {88F91298-9721-4ECD-B9CA-BF8937F1110B}; ClientMachine = LIND55MBVC4; User = NT AUTHORITY\NETWORK SERVICE; ClientProcessId = 9276; Component = Unknown; Operation = Start IWbemServices::ExecQuery - ROOT\StandardCimv2 : SELECT * FROM MSFT_NetAdapterStatisticsSettingData WHERE Name = 'Wi-Fi'; ResultCode = 0x80041032; PossibleCause = Unknown"
"19-08-2026 10:12:56","5858","Error","Microsoft-Windows-WMI-Activity","Id = {5EAACFB0-D888-4D9F-B27F-DC53811F3AF9}; ClientMachine = LIND55MBVC4; User = NT AUTHORITY\NETWORK SERVICE; ClientProcessId = 9276; Component = Unknown; Operation = Start IWbemServices::ExecQuery - ROOT\StandardCimv2 : SELECT * FROM MSFT_NetAdapterStatisticsSettingData WHERE Name = 'Wi-Fi'; ResultCode = 0x80041032; PossibleCause = Unknown"
"19-08-2026 10:12:55","5858","Error","Microsoft-Windows-WMI-Activity","Id = {CA471F00-8825-4B76-AC85-D03E46391381}; ClientMachine = LIND55MBVC4; User = NT AUTHORITY\NETWORK SERVICE; ClientProcessId = 9276; Component = Unknown; Operation = Start IWbemServices::ExecQuery - ROOT\StandardCimv2 : SELECT * FROM MSFT_NetAdapterStatisticsSettingData WHERE Name = 'Wi-Fi'; ResultCode = 0x80041032; PossibleCause = Unknown"
"19-08-2026 10:12:55","5857","Information","Microsoft-Windows-WMI-Activity","Provider_PlatformBios provider started with result code 0x0. HostProcess = wmiprvse.exe; ProcessID = 28060; ProviderPath = %systemroot%\system32\wbem\wmiprov.dll"
"19-08-2026 10:12:54","5858","Error","Microsoft-Windows-WMI-Activity","Id = {32FE77CB-39EA-4320-8454-FE8D37323FF5}; ClientMachine = LIND55MBVC4; User = NT AUTHORITY\NETWORK SERVICE; ClientProcessId = 9276; Component = Unknown; Operation = Start IWbemServices::ExecQuery - ROOT\StandardCimv2 : SELECT * FROM MSFT_NetAdapterStatisticsSettingData WHERE Name = 'Wi-Fi'; ResultCode = 0x80041032; PossibleCause = Unknown"
"19-08-2026 10:12:53","5858","Error","Microsoft-Windows-WMI-Activity","Id = {78D75166-DC13-4425-AE66-8E850288BB4C}; ClientMachine = LIND55MBVC4; User = NT AUTHORITY\NETWORK SERVICE; ClientProcessId = 9276; Component = Unknown; Operation = Start IWbemServices::ExecQuery - ROOT\StandardCimv2 : SELECT * FROM MSFT_NetAdapterStatisticsSettingData WHERE Name = 'Wi-Fi'; ResultCode = 0x80041032; PossibleCause = Unknown"
"19-08-2026 10:12:53","5857","Information","Microsoft-Windows-WMI-Activity","NetAdapterCim provider started with result code 0x0. HostProcess = wmiprvse.exe; ProcessID = 26432; ProviderPath = %systemroot%\system32\wbem\NetAdapterCim.dll"
"19-08-2026 10:12:51","5858","Error","Microsoft-Windows-WMI-Activity","Id = {8A615ED7-90B1-496E-9C13-ADD969A68D44}; ClientMachine = LIND55MBVC4; User = NT AUTHORITY\SYSTEM; ClientProcessId = 29844; Component = Unknown; Operation = Start IWbemServices::ExecQuery - root\CIMV2\security\microsofttpm : SELECT ManufacturerVersionFull20 FROM win32_tpm; ResultCode = 0x80041032; PossibleCause = Unknown"
"19-08-2026 10:12:51","5858","Error","Microsoft-Windows-WMI-Activity","Id = {39250A60-82EF-404A-8081-E13C7C7BEF01}; ClientMachine = LIND55MBVC4; User = NT AUTHORITY\SYSTEM; ClientProcessId = 29844; Component = Unknown; Operation = Start IWbemServices::ExecQuery - root\CIMV2\security\microsofttpm : SELECT ManufacturerIdTxt FROM win32_tpm; ResultCode = 0x80041032; PossibleCause = Unknown"
"19-08-2026 10:12:49","5857","Information","Microsoft-Windows-WMI-Activity","Win32_EncryptableVolumeProvider provider started with result code 0x0. HostProcess = wmiprvse.exe; ProcessID = 7000; ProviderPath = C:\Windows\System32\wbem\Win32_EncryptableVolume.dll"
"19-08-2026 10:12:45","5858","Error","Microsoft-Windows-WMI-Activity","Id = {AB85BE2A-09EA-4EDE-8F36-F7480E09CFBF}; ClientMachine = LIND55MBVC4; User = NT AUTHORITY\SYSTEM; ClientProcessId = 12144; Component = Unknown; Operation = Start IWbemServices::ExecQuery - root\CIMV2\security\microsofttpm : SELECT ManufacturerIdTxt FROM win32_tpm; ResultCode = 0x80041032; PossibleCause = Unknown"
"19-08-2026 10:12:45","5858","Error","Microsoft-Windows-WMI-Activity","Id = {7653C7A0-D76E-4133-ACBC-5EB2DE4849D3}; ClientMachine = LIND55MBVC4; User = NT AUTHORITY\SYSTEM; ClientProcessId = 12144; Component = Unknown; Operation = Start IWbemServices::ExecQuery - root\CIMV2\security\microsofttpm : SELECT ManufacturerVersionFull20 FROM win32_tpm; ResultCode = 0x80041032; PossibleCause = Unknown"
"19-08-2026 10:12:29","5858","Error","Microsoft-Windows-WMI-Activity","Id = {8D218C60-67E5-40C5-9D12-0995021CF691}; ClientMachine = LIND55MBVC4; User = NT AUTHORITY\SYSTEM; ClientProcessId = 29844; Component = Unknown; Operation = Start IWbemServices::ExecQuery - root\CIMV2\security\microsofttpm : SELECT ManufacturerVersionFull20 FROM win32_tpm; ResultCode = 0x80041032; PossibleCause = Unknown"
"19-08-2026 10:12:29","5858","Error","Microsoft-Windows-WMI-Activity","Id = {3F1E5E5B-B969-4E7D-A374-593BF29A1A09}; ClientMachine = LIND55MBVC4; User = NT AUTHORITY\SYSTEM; ClientProcessId = 29844; Component = Unknown; Operation = Start IWbemServices::ExecQuery - root\CIMV2\security\microsofttpm : SELECT ManufacturerIdTxt FROM win32_tpm; ResultCode = 0x80041032; PossibleCause = Unknown"
"19-08-2026 10:11:48","5857","Information","Microsoft-Windows-WMI-Activity","SppProvider provider started with result code 0x0. HostProcess = wmiprvse.exe; ProcessID = 7000; ProviderPath = %SystemRoot%\System32\sppwmi.dll"
"19-08-2026 10:11:46","5858","Error","Microsoft-Windows-WMI-Activity","Id = {8092D5F1-A1DE-4A3E-B4EC-480E067BB233}; ClientMachine = LIND55MBVC4; User = NT AUTHORITY\SYSTEM; ClientProcessId = 12144; Component = Unknown; Operation = Start IWbemServices::ExecQuery - root\CIMV2\security\microsofttpm : SELECT ManufacturerIdTxt FROM win32_tpm; ResultCode = 0x80041032; PossibleCause = Unknown"
"19-08-2026 10:11:46","5858","Error","Microsoft-Windows-WMI-Activity","Id = {21E25859-F5B6-4AAD-9751-E40E273574B5}; ClientMachine = LIND55MBVC4; User = NT AUTHORITY\SYSTEM; ClientProcessId = 12144; Component = Unknown; Operation = Start IWbemServices::ExecQuery - root\CIMV2\security\microsofttpm : SELECT ManufacturerVersionFull20 FROM win32_tpm; ResultCode = 0x80041032; PossibleCause = Unknown"
"19-08-2026 10:11:45","5857","Information","Microsoft-Windows-WMI-Activity","Win32_WIN32_TERMINALSERVICE_Prov provider started with result code 0x0. HostProcess = wmiprvse.exe; ProcessID = 7000; ProviderPath = %SystemRoot%\system32\tscfgwmi.dll"
"19-08-2026 10:11:44","5858","Error","Microsoft-Windows-WMI-Activity","Id = {309C835B-7D45-406E-B57B-CD21B328BCDC}; ClientMachine = LIND55MBVC4; User = NT AUTHORITY\SYSTEM; ClientProcessId = 12144; Component = Unknown; Operation = Start IWbemServices::ExecQuery - root\CIMV2\security\microsofttpm : SELECT ManufacturerIdTxt FROM win32_tpm; ResultCode = 0x80041032; PossibleCause = Unknown"
"19-08-2026 10:11:44","5858","Error","Microsoft-Windows-WMI-Activity","Id = {2414B14D-D1DF-49AA-A73B-39AF9E8326C1}; ClientMachine = LIND55MBVC4; User = NT AUTHORITY\SYSTEM; ClientProcessId = 12144; Component = Unknown; Operation = Start IWbemServices::ExecQuery - root\CIMV2\security\microsofttpm : SELECT ManufacturerVersionFull20 FROM win32_tpm; ResultCode = 0x80041032; PossibleCause = Unknown"
"19-08-2026 10:11:44","5857","Information","Microsoft-Windows-WMI-Activity","Win32_TpmProvider provider started with result code 0x0. HostProcess = wmiprvse.exe; ProcessID = 7000; ProviderPath = C:\Windows\System32\wbem\Win32_TPM.dll"
"19-08-2026 10:10:49","5857","Information","Microsoft-Windows-WMI-Activity","Win32_EncryptableVolumeProvider provider started with result code 0x0. HostProcess = wmiprvse.exe; ProcessID = 7000; ProviderPath = C:\Windows\System32\wbem\Win32_EncryptableVolume.dll"
"19-08-2026 10:10:02","5857","Information","Microsoft-Windows-WMI-Activity","NetAdapterCim provider started with result code 0x0. HostProcess = wmiprvse.exe; ProcessID = 22016; ProviderPath = %systemroot%\system32\wbem\NetAdapterCim.dll"
"19-08-2026 10:09:50","5857","Information","Microsoft-Windows-WMI-Activity","Provider_DiagnosticsServices provider started with result code 0x0. HostProcess = wmiprvse.exe; ProcessID = 7720; ProviderPath = %systemroot%\system32\wbem\wmiprov.dll"
"19-08-2026 10:09:49","5857","Information","Microsoft-Windows-WMI-Activity","Win32_EncryptableVolumeProvider provider started with result code 0x0. HostProcess = wmiprvse.exe; ProcessID = 7000; ProviderPath = C:\Windows\System32\wbem\Win32_EncryptableVolume.dll"
"19-08-2026 10:09:09","5857","Information","Microsoft-Windows-WMI-Activity","Provider_PlatformBios provider started with result code 0x0. HostProcess = wmiprvse.exe; ProcessID = 7720; ProviderPath = %systemroot%\system32\wbem\wmiprov.dll"
"19-08-2026 10:08:37","5857","Information","Microsoft-Windows-WMI-Activity","MSVDS__PROVIDER provider started with result code 0x0. HostProcess = wmiprvse.exe; ProcessID = 7000; ProviderPath = %systemroot%\system32\wbem\vdswmi.dll"
"19-08-2026 10:08:37","5857","Information","Microsoft-Windows-WMI-Activity","StorageWMI provider started with result code 0x0. HostProcess = wmiprvse.exe; ProcessID = 7000; ProviderPath = %SystemRoot%\System32\storagewmi.dll"
"19-08-2026 10:07:49","5857","Information","Microsoft-Windows-WMI-Activity","Win32_EncryptableVolumeProvider provider started with result code 0x0. HostProcess = wmiprvse.exe; ProcessID = 7000; ProviderPath = C:\Windows\System32\wbem\Win32_EncryptableVolume.dll"
"19-08-2026 10:07:48","5858","Error","Microsoft-Windows-WMI-Activity","Id = {3FCEC277-55DE-4EBF-8F35-5BD509ACB624}; ClientMachine = LIND55MBVC4; User = NT AUTHORITY\NETWORK SERVICE; ClientProcessId = 9276; Component = Unknown; Operation = Start IWbemServices::ExecQuery - ROOT\StandardCimv2 : SELECT * FROM MSFT_NetAdapterStatisticsSettingData WHERE Name = 'Wi-Fi'; ResultCode = 0x80041032; PossibleCause = Unknown"
"19-08-2026 10:07:46","5858","Error","Microsoft-Windows-WMI-Activity","Id = {5CC6D492-95A9-4E05-B0A4-5E041933422F}; ClientMachine = LIND55MBVC4; User = NT AUTHORITY\NETWORK SERVICE; ClientProcessId = 9276; Component = Unknown; Operation = Start IWbemServices::ExecQuery - ROOT\StandardCimv2 : SELECT * FROM MSFT_NetAdapterStatisticsSettingData WHERE Name = 'Wi-Fi'; ResultCode = 0x80041032; PossibleCause = Unknown"
"19-08-2026 10:07:43","5858","Error","Microsoft-Windows-WMI-Activity","Id = {18054011-6A45-43C5-A8E8-7C96D935028E}; ClientMachine = LIND55MBVC4; User = NT AUTHORITY\NETWORK SERVICE; ClientProcessId = 9276; Component = Unknown; Operation = Start IWbemServices::ExecQuery - ROOT\StandardCimv2 : SELECT * FROM MSFT_NetAdapterStatisticsSettingData WHERE Name = 'Wi-Fi'; ResultCode = 0x80041032; PossibleCause = Unknown"
"19-08-2026 10:07:41","5858","Error","Microsoft-Windows-WMI-Activity","Id = {FDD52750-1CEF-4EC5-A752-1408BBF623F5}; ClientMachine = LIND55MBVC4; User = NT AUTHORITY\NETWORK SERVICE; ClientProcessId = 9276; Component = Unknown; Operation = Start IWbemServices::ExecQuery - ROOT\StandardCimv2 : SELECT * FROM MSFT_NetAdapterStatisticsSettingData WHERE Name = 'Wi-Fi'; ResultCode = 0x80041032; PossibleCause = Unknown"
"19-08-2026 10:07:39","5858","Error","Microsoft-Windows-WMI-Activity","Id = {30C2DDAC-A47C-4203-921A-E0600D00A038}; ClientMachine = LIND55MBVC4; User = NT AUTHORITY\NETWORK SERVICE; ClientProcessId = 9276; Component = Unknown; Operation = Start IWbemServices::ExecQuery - ROOT\StandardCimv2 : SELECT * FROM MSFT_NetAdapterStatisticsSettingData WHERE Name = 'Wi-Fi'; ResultCode = 0x80041032; PossibleCause = Unknown"
"19-08-2026 10:07:37","5858","Error","Microsoft-Windows-WMI-Activity","Id = {116272B6-2E87-430F-ABE4-EB61506482D9}; ClientMachine = LIND55MBVC4; User = NT AUTHORITY\NETWORK SERVICE; ClientProcessId = 9276; Component = Unknown; Operation = Start IWbemServices::ExecQuery - ROOT\StandardCimv2 : SELECT * FROM MSFT_NetAdapterStatisticsSettingData WHERE Name = 'Wi-Fi'; ResultCode = 0x80041032; PossibleCause = Unknown"
"19-08-2026 10:07:35","5858","Error","Microsoft-Windows-WMI-Activity","Id = {0F2AE75E-59B4-4D41-AB92-076AA3E1B6E5}; ClientMachine = LIND55MBVC4; User = NT AUTHORITY\NETWORK SERVICE; ClientProcessId = 9276; Component = Unknown; Operation = Start IWbemServices::ExecQuery - ROOT\StandardCimv2 : SELECT * FROM MSFT_NetAdapterStatisticsSettingData WHERE Name = 'Wi-Fi'; ResultCode = 0x80041032; PossibleCause = Unknown"
"19-08-2026 10:07:33","5858","Error","Microsoft-Windows-WMI-Activity","Id = {3478AE70-3B10-4655-8E0E-E6F2F9CA1181}; ClientMachine = LIND55MBVC4; User = NT AUTHORITY\NETWORK SERVICE; ClientProcessId = 9276; Component = Unknown; Operation = Start IWbemServices::ExecQuery - ROOT\StandardCimv2 : SELECT * FROM MSFT_NetAdapterStatisticsSettingData WHERE Name = 'Wi-Fi'; ResultCode = 0x80041032; PossibleCause = Unknown"
"19-08-2026 10:07:31","5858","Error","Microsoft-Windows-WMI-Activity","Id = {E56C8B33-0E5E-4B94-AE1F-843A5B09E95B}; ClientMachine = LIND55MBVC4; User = NT AUTHORITY\NETWORK SERVICE; ClientProcessId = 9276; Component = Unknown; Operation = Start IWbemServices::ExecQuery - ROOT\StandardCimv2 : SELECT * FROM MSFT_NetAdapterStatisticsSettingData WHERE Name = 'Wi-Fi'; ResultCode = 0x80041032; PossibleCause = Unknown"
"19-08-2026 10:07:30","5857","Information","Microsoft-Windows-WMI-Activity","UserProfileProvider provider started with result code 0x0. HostProcess = wmiprvse.exe; ProcessID = 7000; ProviderPath = %systemroot%\system32\profprov.dll"
"19-08-2026 10:07:29","5858","Error","Microsoft-Windows-WMI-Activity","Id = {DDE58BB1-4A43-4542-9918-CCCF3B18DBCF}; ClientMachine = LIND55MBVC4; User = NT AUTHORITY\NETWORK SERVICE; ClientProcessId = 9276; Component = Unknown; Operation = Start IWbemServices::ExecQuery - ROOT\StandardCimv2 : SELECT * FROM MSFT_NetAdapterStatisticsSettingData WHERE Name = 'Wi-Fi'; ResultCode = 0x80041032; PossibleCause = Unknown"
"19-08-2026 10:07:27","5858","Error","Microsoft-Windows-WMI-Activity","Id = {BF76538F-903E-4936-ADC6-078F79A03EA2}; ClientMachine = LIND55MBVC4; User = NT AUTHORITY\NETWORK SERVICE; ClientProcessId = 9276; Component = Unknown; Operation = Start IWbemServices::ExecQuery - ROOT\StandardCimv2 : SELECT * FROM MSFT_NetAdapterStatisticsSettingData WHERE Name = 'Wi-Fi'; ResultCode = 0x80041032; PossibleCause = Unknown"
"19-08-2026 10:07:24","5858","Error","Microsoft-Windows-WMI-Activity","Id = {C0534B89-A8DC-45A5-AD43-0D768849AB8E}; ClientMachine = LIND55MBVC4; User = NT AUTHORITY\NETWORK SERVICE; ClientProcessId = 9276; Component = Unknown; Operation = Start IWbemServices::ExecQuery - ROOT\StandardCimv2 : SELECT * FROM MSFT_NetAdapterStatisticsSettingData WHERE Name = 'Wi-Fi'; ResultCode = 0x80041032; PossibleCause = Unknown"
"19-08-2026 10:07:22","5858","Error","Microsoft-Windows-WMI-Activity","Id = {CCE17B7F-53D7-46F4-8998-774E6B324AE0}; ClientMachine = LIND55MBVC4; User = NT AUTHORITY\NETWORK SERVICE; ClientProcessId = 9276; Component = Unknown; Operation = Start IWbemServices::ExecQuery - ROOT\StandardCimv2 : SELECT * FROM MSFT_NetAdapterStatisticsSettingData WHERE Name = 'Wi-Fi'; ResultCode = 0x80041032; PossibleCause = Unknown"
"19-08-2026 10:07:20","5858","Error","Microsoft-Windows-WMI-Activity","Id = {55B9A62B-31AB-407F-80A5-CD27DEE2AC01}; ClientMachine = LIND55MBVC4; User = NT AUTHORITY\NETWORK SERVICE; ClientProcessId = 9276; Component = Unknown; Operation = Start IWbemServices::ExecQuery - ROOT\StandardCimv2 : SELECT * FROM MSFT_NetAdapterStatisticsSettingData WHERE Name = 'Wi-Fi'; ResultCode = 0x80041032; PossibleCause = Unknown"
"19-08-2026 10:07:18","5858","Error","Microsoft-Windows-WMI-Activity","Id = {448D549F-05BF-4B6F-A056-FD53808E58FD}; ClientMachine = LIND55MBVC4; User = NT AUTHORITY\NETWORK SERVICE; ClientProcessId = 9276; Component = Unknown; Operation = Start IWbemServices::ExecQuery - ROOT\StandardCimv2 : SELECT * FROM MSFT_NetAdapterStatisticsSettingData WHERE Name = 'Wi-Fi'; ResultCode = 0x80041032; PossibleCause = Unknown"
"19-08-2026 10:07:16","5858","Error","Microsoft-Windows-WMI-Activity","Id = {B764EC50-D2D4-4E72-9011-2865654B04D4}; ClientMachine = LIND55MBVC4; User = NT AUTHORITY\NETWORK SERVICE; ClientProcessId = 9276; Component = Unknown; Operation = Start IWbemServices::ExecQuery - ROOT\StandardCimv2 : SELECT * FROM MSFT_NetAdapterStatisticsSettingData WHERE Name = 'Wi-Fi'; ResultCode = 0x80041032; PossibleCause = Unknown"
"19-08-2026 10:07:14","5858","Error","Microsoft-Windows-WMI-Activity","Id = {A53C57EC-1CA3-4FB5-837F-C88269503E3B}; ClientMachine = LIND55MBVC4; User = NT AUTHORITY\NETWORK SERVICE; ClientProcessId = 9276; Component = Unknown; Operation = Start IWbemServices::ExecQuery - ROOT\StandardCimv2 : SELECT * FROM MSFT_NetAdapterStatisticsSettingData WHERE Name = 'Wi-Fi'; ResultCode = 0x80041032; PossibleCause = Unknown"
"19-08-2026 10:07:12","5858","Error","Microsoft-Windows-WMI-Activity","Id = {DB0E9944-795F-468F-B281-03449D397B5F}; ClientMachine = LIND55MBVC4; User = NT AUTHORITY\NETWORK SERVICE; ClientProcessId = 9276; Component = Unknown; Operation = Start IWbemServices::ExecQuery - ROOT\StandardCimv2 : SELECT * FROM MSFT_NetAdapterStatisticsSettingData WHERE Name = 'Wi-Fi'; ResultCode = 0x80041032; PossibleCause = Unknown"
"19-08-2026 10:07:10","5858","Error","Microsoft-Windows-WMI-Activity","Id = {16100290-796A-416B-A85E-4E2BB4BBB1C8}; ClientMachine = LIND55MBVC4; User = NT AUTHORITY\NETWORK SERVICE; ClientProcessId = 9276; Component = Unknown; Operation = Start IWbemServices::ExecQuery - ROOT\StandardCimv2 : SELECT * FROM MSFT_NetAdapterStatisticsSettingData WHERE Name = 'Wi-Fi'; ResultCode = 0x80041032; PossibleCause = Unknown"
"19-08-2026 10:07:08","5858","Error","Microsoft-Windows-WMI-Activity","Id = {526B25FA-226A-47A7-BA1F-5D7A1E1F9F64}; ClientMachine = LIND55MBVC4; User = NT AUTHORITY\NETWORK SERVICE; ClientProcessId = 9276; Component = Unknown; Operation = Start IWbemServices::ExecQuery - ROOT\StandardCimv2 : SELECT * FROM MSFT_NetAdapterStatisticsSettingData WHERE Name = 'Wi-Fi'; ResultCode = 0x80041032; PossibleCause = Unknown"
"19-08-2026 10:07:05","5858","Error","Microsoft-Windows-WMI-Activity","Id = {591860C5-51D1-4FF0-AA20-81BF97E7D972}; ClientMachine = LIND55MBVC4; User = NT AUTHORITY\NETWORK SERVICE; ClientProcessId = 9276; Component = Unknown; Operation = Start IWbemServices::ExecQuery - ROOT\StandardCimv2 : SELECT * FROM MSFT_NetAdapterStatisticsSettingData WHERE Name = 'Wi-Fi'; ResultCode = 0x80041032; PossibleCause = Unknown"
"19-08-2026 10:07:03","5858","Error","Microsoft-Windows-WMI-Activity","Id = {94554442-4F2A-4C62-B61E-E445C22C56AD}; ClientMachine = LIND55MBVC4; User = NT AUTHORITY\NETWORK SERVICE; ClientProcessId = 9276; Component = Unknown; Operation = Start IWbemServices::ExecQuery - ROOT\StandardCimv2 : SELECT * FROM MSFT_NetAdapterStatisticsSettingData WHERE Name = 'Wi-Fi'; ResultCode = 0x80041032; PossibleCause = Unknown"
"19-08-2026 10:07:01","5858","Error","Microsoft-Windows-WMI-Activity","Id = {CB31FF04-9A74-4F77-9DFF-C75B5B4782C0}; ClientMachine = LIND55MBVC4; User = NT AUTHORITY\NETWORK SERVICE; ClientProcessId = 9276; Component = Unknown; Operation = Start IWbemServices::ExecQuery - ROOT\StandardCimv2 : SELECT * FROM MSFT_NetAdapterStatisticsSettingData WHERE Name = 'Wi-Fi'; ResultCode = 0x80041032; PossibleCause = Unknown"
"19-08-2026 10:06:59","5858","Error","Microsoft-Windows-WMI-Activity","Id = {301CCA9C-1F8B-49EC-9E90-20376C85673E}; ClientMachine = LIND55MBVC4; User = NT AUTHORITY\NETWORK SERVICE; ClientProcessId = 9276; Component = Unknown; Operation = Start IWbemServices::ExecQuery - ROOT\StandardCimv2 : SELECT * FROM MSFT_NetAdapterStatisticsSettingData WHERE Name = 'Wi-Fi'; ResultCode = 0x80041032; PossibleCause = Unknown"
"19-08-2026 10:06:57","5858","Error","Microsoft-Windows-WMI-Activity","Id = {DBA4806B-1FCC-4C7D-95A0-200EB0EC3C92}; ClientMachine = LIND55MBVC4; User = NT AUTHORITY\NETWORK SERVICE; ClientProcessId = 9276; Component = Unknown; Operation = Start IWbemServices::ExecQuery - ROOT\StandardCimv2 : SELECT * FROM MSFT_NetAdapterStatisticsSettingData WHERE Name = 'Wi-Fi'; ResultCode = 0x80041032; PossibleCause = Unknown"
"19-08-2026 10:06:55","5858","Error","Microsoft-Windows-WMI-Activity","Id = {A036862D-8C1E-4BA5-B76A-BAAF8833C785}; ClientMachine = LIND55MBVC4; User = NT AUTHORITY\NETWORK SERVICE; ClientProcessId = 9276; Component = Unknown; Operation = Start IWbemServices::ExecQuery - ROOT\StandardCimv2 : SELECT * FROM MSFT_NetAdapterStatisticsSettingData WHERE Name = 'Wi-Fi'; ResultCode = 0x80041032; PossibleCause = Unknown"
