"06-08-2026 05:13:31","206","Information","Microsoft-Windows-USBVideo","Start of StopUSBVideoDevice"
"06-08-2026 05:13:16","216","Information","Microsoft-Windows-USBVideo","Stop of PowerIrpCompletion"
"06-08-2026 05:13:16","230","Information","Microsoft-Windows-USBVideo","PowerIrp_PassiveWakeupCompleted"
"06-08-2026 05:13:16","220","Information","Microsoft-Windows-USBVideo","PowerIrp_CheckingPLFRegistry"
"06-08-2026 05:13:16","215","Information","Microsoft-Windows-USBVideo","Start of PowerIrpCompletion"
"06-08-2026 05:13:16","205","Information","Microsoft-Windows-USBVideo","Stop of StartUSBVideoDevice"
"06-08-2026 05:13:16","204","Information","Microsoft-Windows-USBVideo","Start of StartUSBVideoDevice"
"06-08-2026 05:13:16","214","Information","Microsoft-Windows-USBVideo","ConnectedStandbyHandler_Stop"
"06-08-2026 05:13:16","201","Information","Microsoft-Windows-USBVideo","Stop of PowerUpDevice"
"06-08-2026 05:13:16","200","Information","Microsoft-Windows-USBVideo","Start of PowerUpDevice"
"05-08-2026 20:55:37","216","Information","Microsoft-Windows-USBVideo","Stop of PowerIrpCompletion"
"05-08-2026 20:55:37","215","Information","Microsoft-Windows-USBVideo","Start of PowerIrpCompletion"
"05-08-2026 20:55:37","207","Information","Microsoft-Windows-USBVideo","Stop of StopUSBVideoDevice"
"05-08-2026 20:55:37","206","Information","Microsoft-Windows-USBVideo","Start of StopUSBVideoDevice"
"05-08-2026 20:55:37","213","Information","Microsoft-Windows-USBVideo","ConnectedStandbyHandler_Start"
"05-08-2026 20:55:37","203","Information","Microsoft-Windows-USBVideo","Stop of PowerDownDevice"
"05-08-2026 20:55:37","202","Information","Microsoft-Windows-USBVideo","Start of PowerDownDevice"
"05-08-2026 20:55:32","230","Information","Microsoft-Windows-USBVideo","PowerIrp_PassiveWakeupCompleted"
"05-08-2026 20:55:32","216","Information","Microsoft-Windows-USBVideo","Stop of PowerIrpCompletion"
"05-08-2026 20:55:32","220","Information","Microsoft-Windows-USBVideo","PowerIrp_CheckingPLFRegistry"
"05-08-2026 20:55:32","215","Information","Microsoft-Windows-USBVideo","Start of PowerIrpCompletion"
"05-08-2026 20:55:32","205","Information","Microsoft-Windows-USBVideo","Stop of StartUSBVideoDevice"
"05-08-2026 20:55:32","204","Information","Microsoft-Windows-USBVideo","Start of StartUSBVideoDevice"
"05-08-2026 20:55:32","214","Information","Microsoft-Windows-USBVideo","ConnectedStandbyHandler_Stop"
"05-08-2026 20:55:32","201","Information","Microsoft-Windows-USBVideo","Stop of PowerUpDevice"
"05-08-2026 20:55:32","200","Information","Microsoft-Windows-USBVideo","Start of PowerUpDevice"
"05-08-2026 20:51:50","216","Information","Microsoft-Windows-USBVideo","Stop of PowerIrpCompletion"
"05-08-2026 20:51:50","215","Information","Microsoft-Windows-USBVideo","Start of PowerIrpCompletion"
"05-08-2026 20:51:50","207","Information","Microsoft-Windows-USBVideo","Stop of StopUSBVideoDevice"
"05-08-2026 20:51:50","206","Information","Microsoft-Windows-USBVideo","Start of StopUSBVideoDevice"
"05-08-2026 20:51:50","213","Information","Microsoft-Windows-USBVideo","ConnectedStandbyHandler_Start"
"05-08-2026 20:51:50","203","Information","Microsoft-Windows-USBVideo","Stop of PowerDownDevice"
"05-08-2026 20:51:50","202","Information","Microsoft-Windows-USBVideo","Start of PowerDownDevice"
"05-08-2026 19:12:30","203","Information","Microsoft-Windows-USBVideo","Stop of PowerDownDevice"
"05-08-2026 19:12:30","202","Information","Microsoft-Windows-USBVideo","Start of PowerDownDevice"
"05-08-2026 19:12:30","201","Information","Microsoft-Windows-USBVideo","Stop of PowerUpDevice"
"05-08-2026 19:12:30","200","Information","Microsoft-Windows-USBVideo","Start of PowerUpDevice"
"05-08-2026 16:18:22","203","Information","Microsoft-Windows-USBVideo","Stop of PowerDownDevice"
"05-08-2026 16:18:22","202","Information","Microsoft-Windows-USBVideo","Start of PowerDownDevice"
"05-08-2026 16:18:22","201","Information","Microsoft-Windows-USBVideo","Stop of PowerUpDevice"
"05-08-2026 16:18:22","200","Information","Microsoft-Windows-USBVideo","Start of PowerUpDevice"
"05-08-2026 16:18:21","203","Information","Microsoft-Windows-USBVideo","Stop of PowerDownDevice"
"05-08-2026 16:18:21","202","Information","Microsoft-Windows-USBVideo","Start of PowerDownDevice"
"05-08-2026 16:12:55","201","Information","Microsoft-Windows-USBVideo","Stop of PowerUpDevice"
"05-08-2026 16:12:55","200","Information","Microsoft-Windows-USBVideo","Start of PowerUpDevice"
"05-08-2026 16:12:44","203","Information","Microsoft-Windows-USBVideo","Stop of PowerDownDevice"
"05-08-2026 16:12:44","202","Information","Microsoft-Windows-USBVideo","Start of PowerDownDevice"
"05-08-2026 16:12:44","201","Information","Microsoft-Windows-USBVideo","Stop of PowerUpDevice"
"05-08-2026 16:12:44","200","Information","Microsoft-Windows-USBVideo","Start of PowerUpDevice"
"05-08-2026 16:12:44","203","Information","Microsoft-Windows-USBVideo","Stop of PowerDownDevice"
"05-08-2026 16:12:44","202","Information","Microsoft-Windows-USBVideo","Start of PowerDownDevice"
"05-08-2026 16:12:39","201","Information","Microsoft-Windows-USBVideo","Stop of PowerUpDevice"
"05-08-2026 16:12:39","200","Information","Microsoft-Windows-USBVideo","Start of PowerUpDevice"
"05-08-2026 16:11:58","203","Information","Microsoft-Windows-USBVideo","Stop of PowerDownDevice"
"05-08-2026 16:11:58","202","Information","Microsoft-Windows-USBVideo","Start of PowerDownDevice"
"05-08-2026 16:11:58","201","Information","Microsoft-Windows-USBVideo","Stop of PowerUpDevice"
"05-08-2026 16:11:58","200","Information","Microsoft-Windows-USBVideo","Start of PowerUpDevice"
"05-08-2026 16:11:58","203","Information","Microsoft-Windows-USBVideo","Stop of PowerDownDevice"
"05-08-2026 16:11:58","202","Information","Microsoft-Windows-USBVideo","Start of PowerDownDevice"
"05-08-2026 16:04:57","201","Information","Microsoft-Windows-USBVideo","Stop of PowerUpDevice"
"05-08-2026 16:04:57","200","Information","Microsoft-Windows-USBVideo","Start of PowerUpDevice"
"05-08-2026 15:38:34","203","Information","Microsoft-Windows-USBVideo","Stop of PowerDownDevice"
"05-08-2026 15:38:34","202","Information","Microsoft-Windows-USBVideo","Start of PowerDownDevice"
"05-08-2026 15:38:34","201","Information","Microsoft-Windows-USBVideo","Stop of PowerUpDevice"
"05-08-2026 15:38:34","200","Information","Microsoft-Windows-USBVideo","Start of PowerUpDevice"
"05-08-2026 15:38:33","203","Information","Microsoft-Windows-USBVideo","Stop of PowerDownDevice"
"05-08-2026 15:38:33","202","Information","Microsoft-Windows-USBVideo","Start of PowerDownDevice"
"05-08-2026 15:38:33","201","Information","Microsoft-Windows-USBVideo","Stop of PowerUpDevice"
"05-08-2026 15:38:33","200","Information","Microsoft-Windows-USBVideo","Start of PowerUpDevice"
"05-08-2026 12:38:34","203","Information","Microsoft-Windows-USBVideo","Stop of PowerDownDevice"
"05-08-2026 12:38:34","202","Information","Microsoft-Windows-USBVideo","Start of PowerDownDevice"
"05-08-2026 12:38:34","201","Information","Microsoft-Windows-USBVideo","Stop of PowerUpDevice"
"05-08-2026 12:38:34","200","Information","Microsoft-Windows-USBVideo","Start of PowerUpDevice"
"05-08-2026 12:38:33","203","Information","Microsoft-Windows-USBVideo","Stop of PowerDownDevice"
"05-08-2026 12:38:33","202","Information","Microsoft-Windows-USBVideo","Start of PowerDownDevice"
"05-08-2026 12:38:33","201","Information","Microsoft-Windows-USBVideo","Stop of PowerUpDevice"
"05-08-2026 12:38:33","200","Information","Microsoft-Windows-USBVideo","Start of PowerUpDevice"
"05-08-2026 12:01:19","203","Information","Microsoft-Windows-USBVideo","Stop of PowerDownDevice"
"05-08-2026 12:01:19","202","Information","Microsoft-Windows-USBVideo","Start of PowerDownDevice"
"05-08-2026 12:01:19","201","Information","Microsoft-Windows-USBVideo","Stop of PowerUpDevice"
"05-08-2026 12:01:19","200","Information","Microsoft-Windows-USBVideo","Start of PowerUpDevice"
"05-08-2026 09:40:23","203","Information","Microsoft-Windows-USBVideo","Stop of PowerDownDevice"
"05-08-2026 09:40:23","202","Information","Microsoft-Windows-USBVideo","Start of PowerDownDevice"
"05-08-2026 09:40:23","201","Information","Microsoft-Windows-USBVideo","Stop of PowerUpDevice"
"05-08-2026 09:40:23","200","Information","Microsoft-Windows-USBVideo","Start of PowerUpDevice"
"05-08-2026 09:38:29","205","Information","Microsoft-Windows-USBVideo","Stop of StartUSBVideoDevice"
"05-08-2026 09:38:29","204","Information","Microsoft-Windows-USBVideo","Start of StartUSBVideoDevice"
"05-08-2026 06:30:41","207","Information","Microsoft-Windows-USBVideo","Stop of StopUSBVideoDevice"
"05-08-2026 06:30:41","206","Information","Microsoft-Windows-USBVideo","Start of StopUSBVideoDevice"
"05-08-2026 06:30:25","230","Information","Microsoft-Windows-USBVideo","PowerIrp_PassiveWakeupCompleted"
"05-08-2026 06:30:25","216","Information","Microsoft-Windows-USBVideo","Stop of PowerIrpCompletion"
"05-08-2026 06:30:25","220","Information","Microsoft-Windows-USBVideo","PowerIrp_CheckingPLFRegistry"
"05-08-2026 06:30:25","215","Information","Microsoft-Windows-USBVideo","Start of PowerIrpCompletion"
"05-08-2026 06:30:25","205","Information","Microsoft-Windows-USBVideo","Stop of StartUSBVideoDevice"
"05-08-2026 06:30:25","204","Information","Microsoft-Windows-USBVideo","Start of StartUSBVideoDevice"
"05-08-2026 06:30:25","214","Information","Microsoft-Windows-USBVideo","ConnectedStandbyHandler_Stop"
"05-08-2026 06:30:25","201","Information","Microsoft-Windows-USBVideo","Stop of PowerUpDevice"
"05-08-2026 06:30:25","200","Information","Microsoft-Windows-USBVideo","Start of PowerUpDevice"
"04-08-2026 21:28:44","216","Information","Microsoft-Windows-USBVideo","Stop of PowerIrpCompletion"
"04-08-2026 21:28:44","215","Information","Microsoft-Windows-USBVideo","Start of PowerIrpCompletion"
"04-08-2026 21:28:44","207","Information","Microsoft-Windows-USBVideo","Stop of StopUSBVideoDevice"
"04-08-2026 21:28:44","206","Information","Microsoft-Windows-USBVideo","Start of StopUSBVideoDevice"
"04-08-2026 21:28:44","213","Information","Microsoft-Windows-USBVideo","ConnectedStandbyHandler_Start"
"04-08-2026 21:28:44","203","Information","Microsoft-Windows-USBVideo","Stop of PowerDownDevice"
"04-08-2026 21:28:44","202","Information","Microsoft-Windows-USBVideo","Start of PowerDownDevice"
"04-08-2026 21:28:36","230","Information","Microsoft-Windows-USBVideo","PowerIrp_PassiveWakeupCompleted"
"04-08-2026 21:28:36","216","Information","Microsoft-Windows-USBVideo","Stop of PowerIrpCompletion"
"04-08-2026 21:28:36","220","Information","Microsoft-Windows-USBVideo","PowerIrp_CheckingPLFRegistry"
"04-08-2026 21:28:36","215","Information","Microsoft-Windows-USBVideo","Start of PowerIrpCompletion"
"04-08-2026 21:28:36","205","Information","Microsoft-Windows-USBVideo","Stop of StartUSBVideoDevice"
"04-08-2026 21:28:36","204","Information","Microsoft-Windows-USBVideo","Start of StartUSBVideoDevice"
"04-08-2026 21:28:36","214","Information","Microsoft-Windows-USBVideo","ConnectedStandbyHandler_Stop"
"04-08-2026 21:28:36","201","Information","Microsoft-Windows-USBVideo","Stop of PowerUpDevice"
"04-08-2026 21:28:36","200","Information","Microsoft-Windows-USBVideo","Start of PowerUpDevice"
"04-08-2026 19:36:58","216","Information","Microsoft-Windows-USBVideo","Stop of PowerIrpCompletion"
"04-08-2026 19:36:58","215","Information","Microsoft-Windows-USBVideo","Start of PowerIrpCompletion"
"04-08-2026 19:36:58","207","Information","Microsoft-Windows-USBVideo","Stop of StopUSBVideoDevice"
"04-08-2026 19:36:58","206","Information","Microsoft-Windows-USBVideo","Start of StopUSBVideoDevice"
"04-08-2026 19:36:58","213","Information","Microsoft-Windows-USBVideo","ConnectedStandbyHandler_Start"
"04-08-2026 19:36:58","203","Information","Microsoft-Windows-USBVideo","Stop of PowerDownDevice"
"04-08-2026 19:36:58","202","Information","Microsoft-Windows-USBVideo","Start of PowerDownDevice"
"04-08-2026 17:43:15","203","Information","Microsoft-Windows-USBVideo","Stop of PowerDownDevice"
"04-08-2026 17:43:15","202","Information","Microsoft-Windows-USBVideo","Start of PowerDownDevice"
"04-08-2026 17:43:15","201","Information","Microsoft-Windows-USBVideo","Stop of PowerUpDevice"
"04-08-2026 17:43:15","200","Information","Microsoft-Windows-USBVideo","Start of PowerUpDevice"
"04-08-2026 16:47:44","203","Information","Microsoft-Windows-USBVideo","Stop of PowerDownDevice"
"04-08-2026 16:47:44","202","Information","Microsoft-Windows-USBVideo","Start of PowerDownDevice"
"04-08-2026 16:47:44","201","Information","Microsoft-Windows-USBVideo","Stop of PowerUpDevice"
"04-08-2026 16:47:44","200","Information","Microsoft-Windows-USBVideo","Start of PowerUpDevice"
"04-08-2026 16:47:44","203","Information","Microsoft-Windows-USBVideo","Stop of PowerDownDevice"
"04-08-2026 16:47:44","202","Information","Microsoft-Windows-USBVideo","Start of PowerDownDevice"
"04-08-2026 16:40:36","201","Information","Microsoft-Windows-USBVideo","Stop of PowerUpDevice"
"04-08-2026 16:40:36","200","Information","Microsoft-Windows-USBVideo","Start of PowerUpDevice"
"04-08-2026 16:40:33","203","Information","Microsoft-Windows-USBVideo","Stop of PowerDownDevice"
"04-08-2026 16:40:33","202","Information","Microsoft-Windows-USBVideo","Start of PowerDownDevice"
"04-08-2026 16:40:33","201","Information","Microsoft-Windows-USBVideo","Stop of PowerUpDevice"
"04-08-2026 16:40:33","200","Information","Microsoft-Windows-USBVideo","Start of PowerUpDevice"
"04-08-2026 16:40:33","203","Information","Microsoft-Windows-USBVideo","Stop of PowerDownDevice"
"04-08-2026 16:40:33","202","Information","Microsoft-Windows-USBVideo","Start of PowerDownDevice"
"04-08-2026 16:30:36","201","Information","Microsoft-Windows-USBVideo","Stop of PowerUpDevice"
"04-08-2026 16:30:36","200","Information","Microsoft-Windows-USBVideo","Start of PowerUpDevice"
"04-08-2026 16:30:20","203","Information","Microsoft-Windows-USBVideo","Stop of PowerDownDevice"
"04-08-2026 16:30:20","202","Information","Microsoft-Windows-USBVideo","Start of PowerDownDevice"
"04-08-2026 16:30:20","201","Information","Microsoft-Windows-USBVideo","Stop of PowerUpDevice"
"04-08-2026 16:30:20","200","Information","Microsoft-Windows-USBVideo","Start of PowerUpDevice"
"04-08-2026 16:30:20","203","Information","Microsoft-Windows-USBVideo","Stop of PowerDownDevice"
"04-08-2026 16:30:20","202","Information","Microsoft-Windows-USBVideo","Start of PowerDownDevice"
"04-08-2026 16:17:48","201","Information","Microsoft-Windows-USBVideo","Stop of PowerUpDevice"
"04-08-2026 16:17:48","200","Information","Microsoft-Windows-USBVideo","Start of PowerUpDevice"
"04-08-2026 16:17:44","203","Information","Microsoft-Windows-USBVideo","Stop of PowerDownDevice"
"04-08-2026 16:17:44","202","Information","Microsoft-Windows-USBVideo","Start of PowerDownDevice"
"04-08-2026 16:17:44","201","Information","Microsoft-Windows-USBVideo","Stop of PowerUpDevice"
"04-08-2026 16:17:44","200","Information","Microsoft-Windows-USBVideo","Start of PowerUpDevice"
"04-08-2026 16:17:44","203","Information","Microsoft-Windows-USBVideo","Stop of PowerDownDevice"
"04-08-2026 16:17:44","202","Information","Microsoft-Windows-USBVideo","Start of PowerDownDevice"
"04-08-2026 15:57:42","201","Information","Microsoft-Windows-USBVideo","Stop of PowerUpDevice"
"04-08-2026 15:57:42","200","Information","Microsoft-Windows-USBVideo","Start of PowerUpDevice"
"04-08-2026 15:57:37","203","Information","Microsoft-Windows-USBVideo","Stop of PowerDownDevice"
"04-08-2026 15:57:37","202","Information","Microsoft-Windows-USBVideo","Start of PowerDownDevice"
"04-08-2026 15:57:37","201","Information","Microsoft-Windows-USBVideo","Stop of PowerUpDevice"
"04-08-2026 15:57:37","200","Information","Microsoft-Windows-USBVideo","Start of PowerUpDevice"
"04-08-2026 15:57:37","203","Information","Microsoft-Windows-USBVideo","Stop of PowerDownDevice"
"04-08-2026 15:57:37","202","Information","Microsoft-Windows-USBVideo","Start of PowerDownDevice"
"04-08-2026 15:31:11","201","Information","Microsoft-Windows-USBVideo","Stop of PowerUpDevice"
"04-08-2026 15:31:11","200","Information","Microsoft-Windows-USBVideo","Start of PowerUpDevice"
"04-08-2026 15:08:57","203","Information","Microsoft-Windows-USBVideo","Stop of PowerDownDevice"
"04-08-2026 15:08:57","202","Information","Microsoft-Windows-USBVideo","Start of PowerDownDevice"
"04-08-2026 15:08:57","201","Information","Microsoft-Windows-USBVideo","Stop of PowerUpDevice"
"04-08-2026 15:08:57","200","Information","Microsoft-Windows-USBVideo","Start of PowerUpDevice"
"04-08-2026 15:08:56","203","Information","Microsoft-Windows-USBVideo","Stop of PowerDownDevice"
"04-08-2026 15:08:56","202","Information","Microsoft-Windows-USBVideo","Start of PowerDownDevice"
"04-08-2026 15:08:56","201","Information","Microsoft-Windows-USBVideo","Stop of PowerUpDevice"
"04-08-2026 15:08:56","200","Information","Microsoft-Windows-USBVideo","Start of PowerUpDevice"
"04-08-2026 13:04:11","203","Information","Microsoft-Windows-USBVideo","Stop of PowerDownDevice"
"04-08-2026 13:04:11","202","Information","Microsoft-Windows-USBVideo","Start of PowerDownDevice"
"04-08-2026 13:04:11","201","Information","Microsoft-Windows-USBVideo","Stop of PowerUpDevice"
"04-08-2026 13:04:11","200","Information","Microsoft-Windows-USBVideo","Start of PowerUpDevice"
"04-08-2026 13:01:38","203","Information","Microsoft-Windows-USBVideo","Stop of PowerDownDevice"
"04-08-2026 13:01:38","202","Information","Microsoft-Windows-USBVideo","Start of PowerDownDevice"
"04-08-2026 12:00:53","201","Information","Microsoft-Windows-USBVideo","Stop of PowerUpDevice"
"04-08-2026 12:00:53","200","Information","Microsoft-Windows-USBVideo","Start of PowerUpDevice"
"04-08-2026 09:10:30","203","Information","Microsoft-Windows-USBVideo","Stop of PowerDownDevice"
"04-08-2026 09:10:30","202","Information","Microsoft-Windows-USBVideo","Start of PowerDownDevice"
"04-08-2026 09:10:30","201","Information","Microsoft-Windows-USBVideo","Stop of PowerUpDevice"
"04-08-2026 09:10:30","200","Information","Microsoft-Windows-USBVideo","Start of PowerUpDevice"
"04-08-2026 09:08:53","205","Information","Microsoft-Windows-USBVideo","Stop of StartUSBVideoDevice"
"04-08-2026 09:08:53","204","Information","Microsoft-Windows-USBVideo","Start of StartUSBVideoDevice"
"04-08-2026 03:11:05","207","Information","Microsoft-Windows-USBVideo","Stop of StopUSBVideoDevice"
"04-08-2026 03:11:05","206","Information","Microsoft-Windows-USBVideo","Start of StopUSBVideoDevice"
"04-08-2026 03:10:44","230","Information","Microsoft-Windows-USBVideo","PowerIrp_PassiveWakeupCompleted"
"04-08-2026 03:10:44","216","Information","Microsoft-Windows-USBVideo","Stop of PowerIrpCompletion"
"04-08-2026 03:10:44","220","Information","Microsoft-Windows-USBVideo","PowerIrp_CheckingPLFRegistry"
"04-08-2026 03:10:44","215","Information","Microsoft-Windows-USBVideo","Start of PowerIrpCompletion"
"04-08-2026 03:10:44","205","Information","Microsoft-Windows-USBVideo","Stop of StartUSBVideoDevice"
"04-08-2026 03:10:44","204","Information","Microsoft-Windows-USBVideo","Start of StartUSBVideoDevice"
"04-08-2026 03:10:43","214","Information","Microsoft-Windows-USBVideo","ConnectedStandbyHandler_Stop"
"04-08-2026 03:10:43","201","Information","Microsoft-Windows-USBVideo","Stop of PowerUpDevice"
"04-08-2026 03:10:43","200","Information","Microsoft-Windows-USBVideo","Start of PowerUpDevice"
"03-08-2026 19:03:15","216","Information","Microsoft-Windows-USBVideo","Stop of PowerIrpCompletion"
"03-08-2026 19:03:15","215","Information","Microsoft-Windows-USBVideo","Start of PowerIrpCompletion"
"03-08-2026 19:03:15","207","Information","Microsoft-Windows-USBVideo","Stop of StopUSBVideoDevice"
"03-08-2026 19:03:15","206","Information","Microsoft-Windows-USBVideo","Start of StopUSBVideoDevice"
"03-08-2026 19:03:15","213","Information","Microsoft-Windows-USBVideo","ConnectedStandbyHandler_Start"
"03-08-2026 19:03:15","203","Information","Microsoft-Windows-USBVideo","Stop of PowerDownDevice"
"03-08-2026 19:03:15","202","Information","Microsoft-Windows-USBVideo","Start of PowerDownDevice"
"03-08-2026 19:03:10","230","Information","Microsoft-Windows-USBVideo","PowerIrp_PassiveWakeupCompleted"
"03-08-2026 19:03:10","216","Information","Microsoft-Windows-USBVideo","Stop of PowerIrpCompletion"
"03-08-2026 19:03:10","220","Information","Microsoft-Windows-USBVideo","PowerIrp_CheckingPLFRegistry"
"03-08-2026 19:03:10","215","Information","Microsoft-Windows-USBVideo","Start of PowerIrpCompletion"
"03-08-2026 19:03:10","205","Information","Microsoft-Windows-USBVideo","Stop of StartUSBVideoDevice"
"03-08-2026 19:03:10","204","Information","Microsoft-Windows-USBVideo","Start of StartUSBVideoDevice"
"03-08-2026 19:03:10","214","Information","Microsoft-Windows-USBVideo","ConnectedStandbyHandler_Stop"
"03-08-2026 19:03:10","201","Information","Microsoft-Windows-USBVideo","Stop of PowerUpDevice"
"03-08-2026 19:03:10","200","Information","Microsoft-Windows-USBVideo","Start of PowerUpDevice"
"03-08-2026 18:24:57","216","Information","Microsoft-Windows-USBVideo","Stop of PowerIrpCompletion"
"03-08-2026 18:24:57","215","Information","Microsoft-Windows-USBVideo","Start of PowerIrpCompletion"
"03-08-2026 18:24:57","207","Information","Microsoft-Windows-USBVideo","Stop of StopUSBVideoDevice"
"03-08-2026 18:24:57","206","Information","Microsoft-Windows-USBVideo","Start of StopUSBVideoDevice"
"03-08-2026 18:24:57","213","Information","Microsoft-Windows-USBVideo","ConnectedStandbyHandler_Start"
"03-08-2026 18:24:57","203","Information","Microsoft-Windows-USBVideo","Stop of PowerDownDevice"
"03-08-2026 18:24:57","202","Information","Microsoft-Windows-USBVideo","Start of PowerDownDevice"
"03-08-2026 18:24:52","230","Information","Microsoft-Windows-USBVideo","PowerIrp_PassiveWakeupCompleted"
"03-08-2026 18:24:52","216","Information","Microsoft-Windows-USBVideo","Stop of PowerIrpCompletion"
"03-08-2026 18:24:52","220","Information","Microsoft-Windows-USBVideo","PowerIrp_CheckingPLFRegistry"
"03-08-2026 18:24:52","215","Information","Microsoft-Windows-USBVideo","Start of PowerIrpCompletion"
"03-08-2026 18:24:52","205","Information","Microsoft-Windows-USBVideo","Stop of StartUSBVideoDevice"
"03-08-2026 18:24:52","204","Information","Microsoft-Windows-USBVideo","Start of StartUSBVideoDevice"
"03-08-2026 18:24:52","214","Information","Microsoft-Windows-USBVideo","ConnectedStandbyHandler_Stop"
"03-08-2026 18:24:52","201","Information","Microsoft-Windows-USBVideo","Stop of PowerUpDevice"
"03-08-2026 18:24:52","200","Information","Microsoft-Windows-USBVideo","Start of PowerUpDevice"
"03-08-2026 18:24:52","216","Information","Microsoft-Windows-USBVideo","Stop of PowerIrpCompletion"
"03-08-2026 18:24:52","215","Information","Microsoft-Windows-USBVideo","Start of PowerIrpCompletion"
"03-08-2026 18:24:52","207","Information","Microsoft-Windows-USBVideo","Stop of StopUSBVideoDevice"
"03-08-2026 18:24:52","206","Information","Microsoft-Windows-USBVideo","Start of StopUSBVideoDevice"
"03-08-2026 18:24:52","213","Information","Microsoft-Windows-USBVideo","ConnectedStandbyHandler_Start"
"03-08-2026 18:24:52","203","Information","Microsoft-Windows-USBVideo","Stop of PowerDownDevice"
"03-08-2026 18:24:52","202","Information","Microsoft-Windows-USBVideo","Start of PowerDownDevice"
"03-08-2026 14:20:33","230","Information","Microsoft-Windows-USBVideo","PowerIrp_PassiveWakeupCompleted"
"03-08-2026 14:20:33","216","Information","Microsoft-Windows-USBVideo","Stop of PowerIrpCompletion"
"03-08-2026 14:20:33","220","Information","Microsoft-Windows-USBVideo","PowerIrp_CheckingPLFRegistry"
"03-08-2026 14:20:33","215","Information","Microsoft-Windows-USBVideo","Start of PowerIrpCompletion"
"03-08-2026 14:20:33","205","Information","Microsoft-Windows-USBVideo","Stop of StartUSBVideoDevice"
"03-08-2026 14:20:33","204","Information","Microsoft-Windows-USBVideo","Start of StartUSBVideoDevice"
"03-08-2026 14:20:33","214","Information","Microsoft-Windows-USBVideo","ConnectedStandbyHandler_Stop"
"03-08-2026 14:20:33","201","Information","Microsoft-Windows-USBVideo","Stop of PowerUpDevice"
"03-08-2026 14:20:33","200","Information","Microsoft-Windows-USBVideo","Start of PowerUpDevice"
"03-08-2026 14:19:47","203","Information","Microsoft-Windows-USBVideo","Stop of PowerDownDevice"
"03-08-2026 14:19:47","202","Information","Microsoft-Windows-USBVideo","Start of PowerDownDevice"
"03-08-2026 14:19:47","216","Information","Microsoft-Windows-USBVideo","Stop of PowerIrpCompletion"
"03-08-2026 14:19:47","215","Information","Microsoft-Windows-USBVideo","Start of PowerIrpCompletion"
"03-08-2026 14:19:47","207","Information","Microsoft-Windows-USBVideo","Stop of StopUSBVideoDevice"
"03-08-2026 14:19:47","206","Information","Microsoft-Windows-USBVideo","Start of StopUSBVideoDevice"
"03-08-2026 14:19:47","213","Information","Microsoft-Windows-USBVideo","ConnectedStandbyHandler_Start"
"03-08-2026 14:19:47","203","Information","Microsoft-Windows-USBVideo","Stop of PowerDownDevice"
"03-08-2026 14:19:47","202","Information","Microsoft-Windows-USBVideo","Start of PowerDownDevice"
"03-08-2026 09:30:22","201","Information","Microsoft-Windows-USBVideo","Stop of PowerUpDevice"
"03-08-2026 09:30:22","200","Information","Microsoft-Windows-USBVideo","Start of PowerUpDevice"
"03-08-2026 09:30:22","230","Information","Microsoft-Windows-USBVideo","PowerIrp_PassiveWakeupCompleted"
"03-08-2026 09:30:22","218","Information","Microsoft-Windows-USBVideo","FilterIrp Completed"
"03-08-2026 09:30:22","218","Information","Microsoft-Windows-USBVideo","FilterIrp Completed"
"03-08-2026 09:30:22","216","Information","Microsoft-Windows-USBVideo","Stop of PowerIrpCompletion"
"03-08-2026 09:30:22","220","Information","Microsoft-Windows-USBVideo","PowerIrp_CheckingPLFRegistry"
"03-08-2026 09:30:22","215","Information","Microsoft-Windows-USBVideo","Start of PowerIrpCompletion"
"03-08-2026 09:30:22","205","Information","Microsoft-Windows-USBVideo","Stop of StartUSBVideoDevice"
"03-08-2026 09:30:22","204","Information","Microsoft-Windows-USBVideo","Start of StartUSBVideoDevice"
"03-08-2026 09:30:22","217","Information","Microsoft-Windows-USBVideo","FilterIrp Pending"
"03-08-2026 09:30:22","201","Information","Microsoft-Windows-USBVideo","Stop of PowerUpDevice"
"03-08-2026 09:30:22","200","Information","Microsoft-Windows-USBVideo","Start of PowerUpDevice"
"03-08-2026 09:29:29","216","Information","Microsoft-Windows-USBVideo","Stop of PowerIrpCompletion"
"03-08-2026 09:29:29","215","Information","Microsoft-Windows-USBVideo","Start of PowerIrpCompletion"
"03-08-2026 09:29:29","207","Information","Microsoft-Windows-USBVideo","Stop of StopUSBVideoDevice"
"03-08-2026 09:29:29","206","Information","Microsoft-Windows-USBVideo","Start of StopUSBVideoDevice"
"03-08-2026 09:29:29","203","Information","Microsoft-Windows-USBVideo","Stop of PowerDownDevice"
"03-08-2026 09:29:29","202","Information","Microsoft-Windows-USBVideo","Start of PowerDownDevice"
"03-08-2026 09:29:29","223","Information","Microsoft-Windows-USBVideo","Stop of RestoreDefaults"
"03-08-2026 09:29:29","222","Information","Microsoft-Windows-USBVideo","Start of RestoreDefaults"
"03-08-2026 09:29:29","230","Information","Microsoft-Windows-USBVideo","PowerIrp_PassiveWakeupCompleted"
"03-08-2026 09:29:29","218","Information","Microsoft-Windows-USBVideo","FilterIrp Completed"
"03-08-2026 09:29:29","218","Information","Microsoft-Windows-USBVideo","FilterIrp Completed"
"03-08-2026 09:29:29","216","Information","Microsoft-Windows-USBVideo","Stop of PowerIrpCompletion"
"03-08-2026 09:29:29","220","Information","Microsoft-Windows-USBVideo","PowerIrp_CheckingPLFRegistry"
"03-08-2026 09:29:29","215","Information","Microsoft-Windows-USBVideo","Start of PowerIrpCompletion"
"03-08-2026 09:29:29","205","Information","Microsoft-Windows-USBVideo","Stop of StartUSBVideoDevice"
"03-08-2026 09:29:29","204","Information","Microsoft-Windows-USBVideo","Start of StartUSBVideoDevice"
"03-08-2026 09:29:29","217","Information","Microsoft-Windows-USBVideo","FilterIrp Pending"
"03-08-2026 09:29:29","201","Information","Microsoft-Windows-USBVideo","Stop of PowerUpDevice"
"03-08-2026 09:29:29","200","Information","Microsoft-Windows-USBVideo","Start of PowerUpDevice"
"03-08-2026 09:26:01","216","Information","Microsoft-Windows-USBVideo","Stop of PowerIrpCompletion"
"03-08-2026 09:26:01","215","Information","Microsoft-Windows-USBVideo","Start of PowerIrpCompletion"
"03-08-2026 09:26:01","207","Information","Microsoft-Windows-USBVideo","Stop of StopUSBVideoDevice"
"03-08-2026 09:26:01","206","Information","Microsoft-Windows-USBVideo","Start of StopUSBVideoDevice"
"03-08-2026 09:26:01","205","Information","Microsoft-Windows-USBVideo","Stop of StartUSBVideoDevice"
"03-08-2026 09:26:01","227","Information","Microsoft-Windows-USBVideo","UsbVideo camera has valid configuration"
"03-08-2026 09:26:01","204","Information","Microsoft-Windows-USBVideo","Start of StartUSBVideoDevice"
"31-07-2026 18:35:38","216","Information","Microsoft-Windows-USBVideo","Stop of PowerIrpCompletion"
"31-07-2026 18:35:38","215","Information","Microsoft-Windows-USBVideo","Start of PowerIrpCompletion"
"31-07-2026 18:35:38","207","Information","Microsoft-Windows-USBVideo","Stop of StopUSBVideoDevice"
"31-07-2026 18:35:38","206","Information","Microsoft-Windows-USBVideo","Start of StopUSBVideoDevice"
"31-07-2026 18:35:38","203","Information","Microsoft-Windows-USBVideo","Stop of PowerDownDevice"
"31-07-2026 18:35:38","202","Information","Microsoft-Windows-USBVideo","Start of PowerDownDevice"
"31-07-2026 18:35:38","223","Information","Microsoft-Windows-USBVideo","Stop of RestoreDefaults"
"31-07-2026 18:35:38","222","Information","Microsoft-Windows-USBVideo","Start of RestoreDefaults"
"31-07-2026 18:35:38","203","Information","Microsoft-Windows-USBVideo","Stop of PowerDownDevice"
"31-07-2026 18:35:38","202","Information","Microsoft-Windows-USBVideo","Start of PowerDownDevice"
"31-07-2026 09:48:06","201","Information","Microsoft-Windows-USBVideo","Stop of PowerUpDevice"
"31-07-2026 09:48:06","200","Information","Microsoft-Windows-USBVideo","Start of PowerUpDevice"
"31-07-2026 09:48:06","230","Information","Microsoft-Windows-USBVideo","PowerIrp_PassiveWakeupCompleted"
"31-07-2026 09:48:06","218","Information","Microsoft-Windows-USBVideo","FilterIrp Completed"
"31-07-2026 09:48:06","218","Information","Microsoft-Windows-USBVideo","FilterIrp Completed"
"31-07-2026 09:48:06","216","Information","Microsoft-Windows-USBVideo","Stop of PowerIrpCompletion"
"31-07-2026 09:48:06","220","Information","Microsoft-Windows-USBVideo","PowerIrp_CheckingPLFRegistry"
"31-07-2026 09:48:06","215","Information","Microsoft-Windows-USBVideo","Start of PowerIrpCompletion"
"31-07-2026 09:48:06","205","Information","Microsoft-Windows-USBVideo","Stop of StartUSBVideoDevice"
"31-07-2026 09:48:06","204","Information","Microsoft-Windows-USBVideo","Start of StartUSBVideoDevice"
"31-07-2026 09:48:06","217","Information","Microsoft-Windows-USBVideo","FilterIrp Pending"
"31-07-2026 09:48:06","201","Information","Microsoft-Windows-USBVideo","Stop of PowerUpDevice"
"31-07-2026 09:48:06","200","Information","Microsoft-Windows-USBVideo","Start of PowerUpDevice"
"31-07-2026 09:44:23","216","Information","Microsoft-Windows-USBVideo","Stop of PowerIrpCompletion"
"31-07-2026 09:44:23","215","Information","Microsoft-Windows-USBVideo","Start of PowerIrpCompletion"
"31-07-2026 09:44:23","207","Information","Microsoft-Windows-USBVideo","Stop of StopUSBVideoDevice"
"31-07-2026 09:44:23","206","Information","Microsoft-Windows-USBVideo","Start of StopUSBVideoDevice"
"31-07-2026 09:44:23","203","Information","Microsoft-Windows-USBVideo","Stop of PowerDownDevice"
"31-07-2026 09:44:23","202","Information","Microsoft-Windows-USBVideo","Start of PowerDownDevice"
"31-07-2026 09:44:23","223","Information","Microsoft-Windows-USBVideo","Stop of RestoreDefaults"
"31-07-2026 09:44:23","222","Information","Microsoft-Windows-USBVideo","Start of RestoreDefaults"
"31-07-2026 09:44:23","230","Information","Microsoft-Windows-USBVideo","PowerIrp_PassiveWakeupCompleted"
"31-07-2026 09:44:23","218","Information","Microsoft-Windows-USBVideo","FilterIrp Completed"
"31-07-2026 09:44:23","218","Information","Microsoft-Windows-USBVideo","FilterIrp Completed"
"31-07-2026 09:44:23","216","Information","Microsoft-Windows-USBVideo","Stop of PowerIrpCompletion"
"31-07-2026 09:44:23","220","Information","Microsoft-Windows-USBVideo","PowerIrp_CheckingPLFRegistry"
"31-07-2026 09:44:23","215","Information","Microsoft-Windows-USBVideo","Start of PowerIrpCompletion"
"31-07-2026 09:44:23","205","Information","Microsoft-Windows-USBVideo","Stop of StartUSBVideoDevice"
"31-07-2026 09:44:23","204","Information","Microsoft-Windows-USBVideo","Start of StartUSBVideoDevice"
"31-07-2026 09:44:23","217","Information","Microsoft-Windows-USBVideo","FilterIrp Pending"
"31-07-2026 09:44:23","201","Information","Microsoft-Windows-USBVideo","Stop of PowerUpDevice"
"31-07-2026 09:44:23","200","Information","Microsoft-Windows-USBVideo","Start of PowerUpDevice"
"31-07-2026 09:44:19","216","Information","Microsoft-Windows-USBVideo","Stop of PowerIrpCompletion"
"31-07-2026 09:44:19","215","Information","Microsoft-Windows-USBVideo","Start of PowerIrpCompletion"
"31-07-2026 09:44:19","207","Information","Microsoft-Windows-USBVideo","Stop of StopUSBVideoDevice"
"31-07-2026 09:44:19","206","Information","Microsoft-Windows-USBVideo","Start of StopUSBVideoDevice"
"31-07-2026 09:44:19","205","Information","Microsoft-Windows-USBVideo","Stop of StartUSBVideoDevice"
"31-07-2026 09:44:19","227","Information","Microsoft-Windows-USBVideo","UsbVideo camera has valid configuration"
"31-07-2026 09:44:19","204","Information","Microsoft-Windows-USBVideo","Start of StartUSBVideoDevice"
"31-07-2026 09:43:08","216","Information","Microsoft-Windows-USBVideo","Stop of PowerIrpCompletion"
"31-07-2026 09:43:08","215","Information","Microsoft-Windows-USBVideo","Start of PowerIrpCompletion"
"31-07-2026 09:43:08","207","Information","Microsoft-Windows-USBVideo","Stop of StopUSBVideoDevice"
"31-07-2026 09:43:08","206","Information","Microsoft-Windows-USBVideo","Start of StopUSBVideoDevice"
"31-07-2026 09:43:08","203","Information","Microsoft-Windows-USBVideo","Stop of PowerDownDevice"
"31-07-2026 09:43:08","202","Information","Microsoft-Windows-USBVideo","Start of PowerDownDevice"
"31-07-2026 09:43:08","223","Information","Microsoft-Windows-USBVideo","Stop of RestoreDefaults"
"31-07-2026 09:43:08","222","Information","Microsoft-Windows-USBVideo","Start of RestoreDefaults"
"31-07-2026 09:30:40","203","Information","Microsoft-Windows-USBVideo","Stop of PowerDownDevice"
"31-07-2026 09:30:40","202","Information","Microsoft-Windows-USBVideo","Start of PowerDownDevice"
"31-07-2026 09:30:40","201","Information","Microsoft-Windows-USBVideo","Stop of PowerUpDevice"
"31-07-2026 09:30:40","200","Information","Microsoft-Windows-USBVideo","Start of PowerUpDevice"
"31-07-2026 09:29:18","205","Information","Microsoft-Windows-USBVideo","Stop of StartUSBVideoDevice"
"31-07-2026 09:29:18","204","Information","Microsoft-Windows-USBVideo","Start of StartUSBVideoDevice"
"31-07-2026 04:44:38","207","Information","Microsoft-Windows-USBVideo","Stop of StopUSBVideoDevice"
"31-07-2026 04:44:38","206","Information","Microsoft-Windows-USBVideo","Start of StopUSBVideoDevice"
"31-07-2026 04:44:24","230","Information","Microsoft-Windows-USBVideo","PowerIrp_PassiveWakeupCompleted"
"31-07-2026 04:44:24","216","Information","Microsoft-Windows-USBVideo","Stop of PowerIrpCompletion"
"31-07-2026 04:44:24","220","Information","Microsoft-Windows-USBVideo","PowerIrp_CheckingPLFRegistry"
"31-07-2026 04:44:24","215","Information","Microsoft-Windows-USBVideo","Start of PowerIrpCompletion"
"31-07-2026 04:44:24","205","Information","Microsoft-Windows-USBVideo","Stop of StartUSBVideoDevice"
"31-07-2026 04:44:24","204","Information","Microsoft-Windows-USBVideo","Start of StartUSBVideoDevice"
"31-07-2026 04:44:24","214","Information","Microsoft-Windows-USBVideo","ConnectedStandbyHandler_Stop"
"31-07-2026 04:44:24","201","Information","Microsoft-Windows-USBVideo","Stop of PowerUpDevice"
"31-07-2026 04:44:24","200","Information","Microsoft-Windows-USBVideo","Start of PowerUpDevice"
"30-07-2026 19:57:58","216","Information","Microsoft-Windows-USBVideo","Stop of PowerIrpCompletion"
"30-07-2026 19:57:58","215","Information","Microsoft-Windows-USBVideo","Start of PowerIrpCompletion"
"30-07-2026 19:57:58","207","Information","Microsoft-Windows-USBVideo","Stop of StopUSBVideoDevice"
"30-07-2026 19:57:58","206","Information","Microsoft-Windows-USBVideo","Start of StopUSBVideoDevice"
"30-07-2026 19:57:58","213","Information","Microsoft-Windows-USBVideo","ConnectedStandbyHandler_Start"
"30-07-2026 19:57:58","203","Information","Microsoft-Windows-USBVideo","Stop of PowerDownDevice"
"30-07-2026 19:57:58","202","Information","Microsoft-Windows-USBVideo","Start of PowerDownDevice"
"30-07-2026 19:57:53","216","Information","Microsoft-Windows-USBVideo","Stop of PowerIrpCompletion"
"30-07-2026 19:57:53","230","Information","Microsoft-Windows-USBVideo","PowerIrp_PassiveWakeupCompleted"
"30-07-2026 19:57:53","220","Information","Microsoft-Windows-USBVideo","PowerIrp_CheckingPLFRegistry"
"30-07-2026 19:57:53","215","Information","Microsoft-Windows-USBVideo","Start of PowerIrpCompletion"
"30-07-2026 19:57:53","205","Information","Microsoft-Windows-USBVideo","Stop of StartUSBVideoDevice"
"30-07-2026 19:57:53","204","Information","Microsoft-Windows-USBVideo","Start of StartUSBVideoDevice"
"30-07-2026 19:57:53","214","Information","Microsoft-Windows-USBVideo","ConnectedStandbyHandler_Stop"
"30-07-2026 19:57:53","201","Information","Microsoft-Windows-USBVideo","Stop of PowerUpDevice"
"30-07-2026 19:57:53","200","Information","Microsoft-Windows-USBVideo","Start of PowerUpDevice"
"30-07-2026 19:46:56","216","Information","Microsoft-Windows-USBVideo","Stop of PowerIrpCompletion"
"30-07-2026 19:46:56","215","Information","Microsoft-Windows-USBVideo","Start of PowerIrpCompletion"
"30-07-2026 19:46:56","207","Information","Microsoft-Windows-USBVideo","Stop of StopUSBVideoDevice"
"30-07-2026 19:46:56","206","Information","Microsoft-Windows-USBVideo","Start of StopUSBVideoDevice"
"30-07-2026 19:46:56","213","Information","Microsoft-Windows-USBVideo","ConnectedStandbyHandler_Start"
"30-07-2026 19:46:56","203","Information","Microsoft-Windows-USBVideo","Stop of PowerDownDevice"
"30-07-2026 19:46:56","202","Information","Microsoft-Windows-USBVideo","Start of PowerDownDevice"
"30-07-2026 18:46:41","230","Information","Microsoft-Windows-USBVideo","PowerIrp_PassiveWakeupCompleted"
"30-07-2026 18:46:41","216","Information","Microsoft-Windows-USBVideo","Stop of PowerIrpCompletion"
"30-07-2026 18:46:41","220","Information","Microsoft-Windows-USBVideo","PowerIrp_CheckingPLFRegistry"
"30-07-2026 18:46:41","215","Information","Microsoft-Windows-USBVideo","Start of PowerIrpCompletion"
"30-07-2026 18:46:41","205","Information","Microsoft-Windows-USBVideo","Stop of StartUSBVideoDevice"
"30-07-2026 18:46:41","204","Information","Microsoft-Windows-USBVideo","Start of StartUSBVideoDevice"
"30-07-2026 18:46:41","214","Information","Microsoft-Windows-USBVideo","ConnectedStandbyHandler_Stop"
"30-07-2026 18:46:41","201","Information","Microsoft-Windows-USBVideo","Stop of PowerUpDevice"
"30-07-2026 18:46:41","200","Information","Microsoft-Windows-USBVideo","Start of PowerUpDevice"
"30-07-2026 18:46:38","216","Information","Microsoft-Windows-USBVideo","Stop of PowerIrpCompletion"
"30-07-2026 18:46:38","215","Information","Microsoft-Windows-USBVideo","Start of PowerIrpCompletion"
"30-07-2026 18:46:38","207","Information","Microsoft-Windows-USBVideo","Stop of StopUSBVideoDevice"
"30-07-2026 18:46:38","206","Information","Microsoft-Windows-USBVideo","Start of StopUSBVideoDevice"
"30-07-2026 18:46:38","213","Information","Microsoft-Windows-USBVideo","ConnectedStandbyHandler_Start"
"30-07-2026 18:46:38","203","Information","Microsoft-Windows-USBVideo","Stop of PowerDownDevice"
"30-07-2026 18:46:38","202","Information","Microsoft-Windows-USBVideo","Start of PowerDownDevice"
"30-07-2026 18:17:19","230","Information","Microsoft-Windows-USBVideo","PowerIrp_PassiveWakeupCompleted"
"30-07-2026 18:17:19","216","Information","Microsoft-Windows-USBVideo","Stop of PowerIrpCompletion"
"30-07-2026 18:17:19","220","Information","Microsoft-Windows-USBVideo","PowerIrp_CheckingPLFRegistry"
"30-07-2026 18:17:19","215","Information","Microsoft-Windows-USBVideo","Start of PowerIrpCompletion"
"30-07-2026 18:17:19","205","Information","Microsoft-Windows-USBVideo","Stop of StartUSBVideoDevice"
"30-07-2026 18:17:19","204","Information","Microsoft-Windows-USBVideo","Start of StartUSBVideoDevice"
"30-07-2026 18:17:19","214","Information","Microsoft-Windows-USBVideo","ConnectedStandbyHandler_Stop"
"30-07-2026 18:17:19","201","Information","Microsoft-Windows-USBVideo","Stop of PowerUpDevice"
"30-07-2026 18:17:19","200","Information","Microsoft-Windows-USBVideo","Start of PowerUpDevice"
"30-07-2026 18:16:18","216","Information","Microsoft-Windows-USBVideo","Stop of PowerIrpCompletion"
"30-07-2026 18:16:18","215","Information","Microsoft-Windows-USBVideo","Start of PowerIrpCompletion"
"30-07-2026 18:16:18","207","Information","Microsoft-Windows-USBVideo","Stop of StopUSBVideoDevice"
"30-07-2026 18:16:18","206","Information","Microsoft-Windows-USBVideo","Start of StopUSBVideoDevice"
"30-07-2026 18:16:18","213","Information","Microsoft-Windows-USBVideo","ConnectedStandbyHandler_Start"
"30-07-2026 18:16:18","203","Information","Microsoft-Windows-USBVideo","Stop of PowerDownDevice"
"30-07-2026 18:16:18","202","Information","Microsoft-Windows-USBVideo","Start of PowerDownDevice"
"30-07-2026 16:58:45","203","Information","Microsoft-Windows-USBVideo","Stop of PowerDownDevice"
"30-07-2026 16:58:45","202","Information","Microsoft-Windows-USBVideo","Start of PowerDownDevice"
"30-07-2026 16:58:45","201","Information","Microsoft-Windows-USBVideo","Stop of PowerUpDevice"
"30-07-2026 16:58:45","200","Information","Microsoft-Windows-USBVideo","Start of PowerUpDevice"
"30-07-2026 16:58:44","203","Information","Microsoft-Windows-USBVideo","Stop of PowerDownDevice"
"30-07-2026 16:58:44","202","Information","Microsoft-Windows-USBVideo","Start of PowerDownDevice"
"30-07-2026 16:50:53","201","Information","Microsoft-Windows-USBVideo","Stop of PowerUpDevice"
"30-07-2026 16:50:53","200","Information","Microsoft-Windows-USBVideo","Start of PowerUpDevice"
"30-07-2026 16:50:50","203","Information","Microsoft-Windows-USBVideo","Stop of PowerDownDevice"
"30-07-2026 16:50:50","202","Information","Microsoft-Windows-USBVideo","Start of PowerDownDevice"
"30-07-2026 16:50:49","201","Information","Microsoft-Windows-USBVideo","Stop of PowerUpDevice"
"30-07-2026 16:50:49","200","Information","Microsoft-Windows-USBVideo","Start of PowerUpDevice"
"30-07-2026 16:50:49","203","Information","Microsoft-Windows-USBVideo","Stop of PowerDownDevice"
"30-07-2026 16:50:49","202","Information","Microsoft-Windows-USBVideo","Start of PowerDownDevice"
"30-07-2026 16:32:01","201","Information","Microsoft-Windows-USBVideo","Stop of PowerUpDevice"
"30-07-2026 16:32:01","200","Information","Microsoft-Windows-USBVideo","Start of PowerUpDevice"
"30-07-2026 16:31:40","203","Information","Microsoft-Windows-USBVideo","Stop of PowerDownDevice"
"30-07-2026 16:31:40","202","Information","Microsoft-Windows-USBVideo","Start of PowerDownDevice"
"30-07-2026 16:31:40","201","Information","Microsoft-Windows-USBVideo","Stop of PowerUpDevice"
"30-07-2026 16:31:40","200","Information","Microsoft-Windows-USBVideo","Start of PowerUpDevice"
"30-07-2026 16:31:39","203","Information","Microsoft-Windows-USBVideo","Stop of PowerDownDevice"
"30-07-2026 16:31:39","202","Information","Microsoft-Windows-USBVideo","Start of PowerDownDevice"
"30-07-2026 16:31:17","201","Information","Microsoft-Windows-USBVideo","Stop of PowerUpDevice"
"30-07-2026 16:31:17","200","Information","Microsoft-Windows-USBVideo","Start of PowerUpDevice"
"30-07-2026 14:17:23","230","Information","Microsoft-Windows-USBVideo","PowerIrp_PassiveWakeupCompleted"
"30-07-2026 14:17:23","216","Information","Microsoft-Windows-USBVideo","Stop of PowerIrpCompletion"
"30-07-2026 14:17:23","220","Information","Microsoft-Windows-USBVideo","PowerIrp_CheckingPLFRegistry"
"30-07-2026 14:17:23","215","Information","Microsoft-Windows-USBVideo","Start of PowerIrpCompletion"
"30-07-2026 14:17:23","205","Information","Microsoft-Windows-USBVideo","Stop of StartUSBVideoDevice"
"30-07-2026 14:17:23","204","Information","Microsoft-Windows-USBVideo","Start of StartUSBVideoDevice"
"30-07-2026 14:17:23","214","Information","Microsoft-Windows-USBVideo","ConnectedStandbyHandler_Stop"
"30-07-2026 14:17:23","201","Information","Microsoft-Windows-USBVideo","Stop of PowerUpDevice"
"30-07-2026 14:17:23","200","Information","Microsoft-Windows-USBVideo","Start of PowerUpDevice"
"30-07-2026 14:06:50","216","Information","Microsoft-Windows-USBVideo","Stop of PowerIrpCompletion"
"30-07-2026 14:06:50","215","Information","Microsoft-Windows-USBVideo","Start of PowerIrpCompletion"
"30-07-2026 14:06:50","207","Information","Microsoft-Windows-USBVideo","Stop of StopUSBVideoDevice"
"30-07-2026 14:06:50","206","Information","Microsoft-Windows-USBVideo","Start of StopUSBVideoDevice"
"30-07-2026 14:06:50","213","Information","Microsoft-Windows-USBVideo","ConnectedStandbyHandler_Start"
"30-07-2026 14:06:50","203","Information","Microsoft-Windows-USBVideo","Stop of PowerDownDevice"
"30-07-2026 14:06:50","202","Information","Microsoft-Windows-USBVideo","Start of PowerDownDevice"
"30-07-2026 12:34:02","203","Information","Microsoft-Windows-USBVideo","Stop of PowerDownDevice"
"30-07-2026 12:34:02","202","Information","Microsoft-Windows-USBVideo","Start of PowerDownDevice"
"30-07-2026 12:34:02","201","Information","Microsoft-Windows-USBVideo","Stop of PowerUpDevice"
"30-07-2026 12:34:02","200","Information","Microsoft-Windows-USBVideo","Start of PowerUpDevice"
"30-07-2026 12:34:00","203","Information","Microsoft-Windows-USBVideo","Stop of PowerDownDevice"
"30-07-2026 12:34:00","202","Information","Microsoft-Windows-USBVideo","Start of PowerDownDevice"
"30-07-2026 12:34:00","201","Information","Microsoft-Windows-USBVideo","Stop of PowerUpDevice"
"30-07-2026 12:34:00","200","Information","Microsoft-Windows-USBVideo","Start of PowerUpDevice"
"30-07-2026 12:01:25","203","Information","Microsoft-Windows-USBVideo","Stop of PowerDownDevice"
"30-07-2026 12:01:25","202","Information","Microsoft-Windows-USBVideo","Start of PowerDownDevice"
"30-07-2026 12:01:24","201","Information","Microsoft-Windows-USBVideo","Stop of PowerUpDevice"
"30-07-2026 12:01:24","200","Information","Microsoft-Windows-USBVideo","Start of PowerUpDevice"
"30-07-2026 10:41:30","203","Information","Microsoft-Windows-USBVideo","Stop of PowerDownDevice"
"30-07-2026 10:41:30","202","Information","Microsoft-Windows-USBVideo","Start of PowerDownDevice"
"30-07-2026 10:41:30","201","Information","Microsoft-Windows-USBVideo","Stop of PowerUpDevice"
"30-07-2026 10:41:30","200","Information","Microsoft-Windows-USBVideo","Start of PowerUpDevice"
"30-07-2026 10:13:04","203","Information","Microsoft-Windows-USBVideo","Stop of PowerDownDevice"
"30-07-2026 10:13:04","202","Information","Microsoft-Windows-USBVideo","Start of PowerDownDevice"
"30-07-2026 10:13:04","201","Information","Microsoft-Windows-USBVideo","Stop of PowerUpDevice"
"30-07-2026 10:13:04","200","Information","Microsoft-Windows-USBVideo","Start of PowerUpDevice"
"30-07-2026 09:36:02","203","Information","Microsoft-Windows-USBVideo","Stop of PowerDownDevice"
"30-07-2026 09:36:02","202","Information","Microsoft-Windows-USBVideo","Start of PowerDownDevice"
"30-07-2026 09:36:02","201","Information","Microsoft-Windows-USBVideo","Stop of PowerUpDevice"
"30-07-2026 09:36:02","200","Information","Microsoft-Windows-USBVideo","Start of PowerUpDevice"
"30-07-2026 09:33:58","205","Information","Microsoft-Windows-USBVideo","Stop of StartUSBVideoDevice"
"30-07-2026 09:33:58","204","Information","Microsoft-Windows-USBVideo","Start of StartUSBVideoDevice"
"30-07-2026 06:32:29","207","Information","Microsoft-Windows-USBVideo","Stop of StopUSBVideoDevice"
"30-07-2026 06:32:29","206","Information","Microsoft-Windows-USBVideo","Start of StopUSBVideoDevice"
"30-07-2026 06:32:06","230","Information","Microsoft-Windows-USBVideo","PowerIrp_PassiveWakeupCompleted"
"30-07-2026 06:32:06","216","Information","Microsoft-Windows-USBVideo","Stop of PowerIrpCompletion"
"30-07-2026 06:32:06","220","Information","Microsoft-Windows-USBVideo","PowerIrp_CheckingPLFRegistry"
"30-07-2026 06:32:06","215","Information","Microsoft-Windows-USBVideo","Start of PowerIrpCompletion"
"30-07-2026 06:32:06","205","Information","Microsoft-Windows-USBVideo","Stop of StartUSBVideoDevice"
"30-07-2026 06:32:06","204","Information","Microsoft-Windows-USBVideo","Start of StartUSBVideoDevice"
"30-07-2026 06:32:06","214","Information","Microsoft-Windows-USBVideo","ConnectedStandbyHandler_Stop"
"30-07-2026 06:32:06","201","Information","Microsoft-Windows-USBVideo","Stop of PowerUpDevice"
"30-07-2026 06:32:06","200","Information","Microsoft-Windows-USBVideo","Start of PowerUpDevice"
"29-07-2026 21:39:54","216","Information","Microsoft-Windows-USBVideo","Stop of PowerIrpCompletion"
"29-07-2026 21:39:54","215","Information","Microsoft-Windows-USBVideo","Start of PowerIrpCompletion"
"29-07-2026 21:39:54","207","Information","Microsoft-Windows-USBVideo","Stop of StopUSBVideoDevice"
"29-07-2026 21:39:54","206","Information","Microsoft-Windows-USBVideo","Start of StopUSBVideoDevice"
"29-07-2026 21:39:54","213","Information","Microsoft-Windows-USBVideo","ConnectedStandbyHandler_Start"
"29-07-2026 21:39:54","203","Information","Microsoft-Windows-USBVideo","Stop of PowerDownDevice"
