"TimeCreated","Id","LevelDisplayName","ProviderName","Message"
"19-08-2026 14:25:28","17","Information","Microsoft-Windows-Program-Compatibility-Assistant","Exe: C:\Program Files\Microsoft Office\root\Office16\protocolhandler.exe

ResolverName: DetectorShim_KernelDriver"
"19-08-2026 14:25:27","17","Information","Microsoft-Windows-Program-Compatibility-Assistant","Exe: C:\Program Files\Microsoft Office\root\Office16\protocolhandler.exe

ResolverName: WrpKeyMitigation"
"19-08-2026 12:28:42","17","Information","Microsoft-Windows-Program-Compatibility-Assistant","Exe: C:\Users\arjo5004\AppData\Local\AnthropicClaude\claude.exe

ResolverName: DetectorShim_KernelDriver"
"19-08-2026 11:39:01","17","Information","Microsoft-Windows-Program-Compatibility-Assistant","Exe: C:\Users\arjo5004\AppData\Local\AnthropicClaude\claude.exe

ResolverName: DetectorShim_KernelDriver"
"19-08-2026 11:38:31","17","Information","Microsoft-Windows-Program-Compatibility-Assistant","Exe: C:\Users\arjo5004\AppData\Local\AnthropicClaude\claude.exe

ResolverName: WrpKeyMitigation"
"18-08-2026 11:32:43","17","Information","Microsoft-Windows-Program-Compatibility-Assistant","Exe: C:\Program Files\WindowsApps\MSTeams_26198.304.4946.9672_x64__8wekyb3d8bbwe\ms-teams.exe

ResolverName: WrpKeyMitigation"
"18-08-2026 11:21:39","17","Information","Microsoft-Windows-Program-Compatibility-Assistant","Exe: C:\Program Files\Dell\Dell Display and Peripheral Manager\DDPM.exe

ResolverName: DetectorShim_KernelDriver"
"18-08-2026 10:27:42","17","Information","Microsoft-Windows-Program-Compatibility-Assistant","Exe: C:\Program Files\WindowsApps\Microsoft.MicrosoftOfficeHub_19.2608.39011.0_x64__8wekyb3d8bbwe\M365Copilot.exe

ResolverName: DetectorShim_KernelDriver"
"13-08-2026 14:56:42","17","Information","Microsoft-Windows-Program-Compatibility-Assistant","Exe: C:\Program Files\Microsoft Office\root\Office16\protocolhandler.exe

ResolverName: WrpKeyMitigation"
"13-08-2026 14:17:14","17","Information","Microsoft-Windows-Program-Compatibility-Assistant","Exe: C:\Users\arjo5004\AppData\Local\AnthropicClaude\claude.exe

ResolverName: DetectorShim_KernelDriver"
"13-08-2026 14:17:04","17","Information","Microsoft-Windows-Program-Compatibility-Assistant","Exe: C:\Users\arjo5004\AppData\Local\AnthropicClaude\claude.exe

ResolverName: WrpKeyMitigation"
"12-08-2026 10:14:02","17","Information","Microsoft-Windows-Program-Compatibility-Assistant","Exe: C:\Program Files\Microsoft Office\root\Office16\protocolhandler.exe

ResolverName: WrpKeyMitigation"
"12-08-2026 10:13:56","17","Information","Microsoft-Windows-Program-Compatibility-Assistant","Exe: C:\Program Files\Microsoft Office\root\Office16\protocolhandler.exe

ResolverName: WrpKeyMitigation"
"11-08-2026 19:04:13","17","Information","Microsoft-Windows-Program-Compatibility-Assistant","Exe: C:\Program Files\WindowsApps\MSTeams_26183.1903.4892.4448_x64__8wekyb3d8bbwe\ms-teams.exe

ResolverName: WrpKeyMitigation"
"11-08-2026 17:02:05","17","Information","Microsoft-Windows-Program-Compatibility-Assistant","Exe: C:\Program Files\Microsoft Office\root\Office16\protocolhandler.exe

ResolverName: WrpKeyMitigation"
"11-08-2026 10:26:39","17","Information","Microsoft-Windows-Program-Compatibility-Assistant","Exe: C:\Program Files\WindowsApps\Microsoft.MicrosoftOfficeHub_19.2608.34011.0_x64__8wekyb3d8bbwe\M365Copilot.exe

ResolverName: DetectorShim_KernelDriver"
"06-08-2026 18:55:24","17","Information","Microsoft-Windows-Program-Compatibility-Assistant","Exe: C:\Program Files\WindowsApps\microsoftcorporationii.quickassist_2.0.47.0_x64__8wekyb3d8bbwe\Microsoft.RemoteAssistance.QuickAssist\QuickAssist.exe

ResolverName: WrpKeyMitigation"
"06-08-2026 18:26:45","17","Information","Microsoft-Windows-Program-Compatibility-Assistant","Exe: C:\Program Files\WindowsApps\microsoftcorporationii.quickassist_2.0.47.0_x64__8wekyb3d8bbwe\Microsoft.RemoteAssistance.QuickAssist\QuickAssist.exe

ResolverName: WrpKeyMitigation"
"06-08-2026 18:20:23","17","Information","Microsoft-Windows-Program-Compatibility-Assistant","Exe: C:\Program Files\WindowsApps\microsoftcorporationii.quickassist_2.0.47.0_x64__8wekyb3d8bbwe\Microsoft.RemoteAssistance.QuickAssist\QuickAssist.exe

ResolverName: WrpKeyMitigation"
"05-08-2026 10:57:23","17","Information","Microsoft-Windows-Program-Compatibility-Assistant","Exe: C:\Program Files\Microsoft Office\root\Office16\protocolhandler.exe

ResolverName: WrpKeyMitigation"
"04-08-2026 14:14:50","17","Information","Microsoft-Windows-Program-Compatibility-Assistant","Exe: C:\Program Files\WindowsApps\Microsoft.MicrosoftOfficeHub_19.2607.58021.0_x64__8wekyb3d8bbwe\M365Copilot.exe

ResolverName: DetectorShim_KernelDriver"
"04-08-2026 10:48:09","17","Information","Microsoft-Windows-Program-Compatibility-Assistant","Exe: C:\Program Files\WindowsApps\MSTeams_26183.1903.4892.4448_x64__8wekyb3d8bbwe\ms-teams.exe

ResolverName: WrpKeyMitigation"
"31-07-2026 17:01:02","17","Information","Microsoft-Windows-Program-Compatibility-Assistant","Exe: C:\Program Files\WindowsApps\MSTeams_26183.1903.4892.4448_x64__8wekyb3d8bbwe\ms-teams.exe

ResolverName: WrpKeyMitigation"
"31-07-2026 12:08:18","17","Information","Microsoft-Windows-Program-Compatibility-Assistant","Exe: C:\Program Files\WindowsApps\Microsoft.OutlookForWindows_1.2026.720.100_x64__8wekyb3d8bbwe\olk.exe

ResolverName: DetectorShim_KernelDriver"
"31-07-2026 10:53:43","17","Information","Microsoft-Windows-Program-Compatibility-Assistant","Exe: C:\Program Files\WindowsApps\Microsoft.MicrosoftOfficeHub_19.2607.54031.0_x64__8wekyb3d8bbwe\M365Copilot.exe

ResolverName: DetectorShim_KernelDriver"
"31-07-2026 09:32:35","17","Information","Microsoft-Windows-Program-Compatibility-Assistant","Exe: C:\Program Files (x86)\Microsoft\Edge\Temp\37180_1598683981\old_msedge.exe

ResolverName: DetectorShim_KernelDriver"
"30-07-2026 13:04:29","17","Information","Microsoft-Windows-Program-Compatibility-Assistant","Exe: C:\Program Files\Microsoft Office\root\Office16\protocolhandler.exe

ResolverName: WrpKeyMitigation"
"29-07-2026 18:44:31","17","Information","Microsoft-Windows-Program-Compatibility-Assistant","Exe: C:\Program Files\Microsoft Office\root\Office16\protocolhandler.exe

ResolverName: WrpKeyMitigation"
"28-07-2026 19:03:56","17","Information","Microsoft-Windows-Program-Compatibility-Assistant","Exe: C:\Program Files\Microsoft Office\root\Office16\protocolhandler.exe

ResolverName: WrpKeyMitigation"
"28-07-2026 19:03:39","17","Information","Microsoft-Windows-Program-Compatibility-Assistant","Exe: C:\Program Files\Microsoft Office\root\Office16\protocolhandler.exe

ResolverName: WrpKeyMitigation"
"28-07-2026 16:30:12","17","Information","Microsoft-Windows-Program-Compatibility-Assistant","Exe: C:\Program Files\Microsoft Office\root\Office16\protocolhandler.exe

ResolverName: WrpKeyMitigation"
"28-07-2026 16:27:36","17","Information","Microsoft-Windows-Program-Compatibility-Assistant","Exe: C:\Program Files\Microsoft Office\root\Office16\protocolhandler.exe

ResolverName: WrpKeyMitigation"
"28-07-2026 16:27:29","17","Information","Microsoft-Windows-Program-Compatibility-Assistant","Exe: C:\Program Files\Microsoft Office\root\Office16\protocolhandler.exe

ResolverName: WrpKeyMitigation"
"28-07-2026 16:26:50","17","Information","Microsoft-Windows-Program-Compatibility-Assistant","Exe: C:\Program Files\Microsoft Office\root\Office16\protocolhandler.exe

ResolverName: WrpKeyMitigation"
"28-07-2026 15:05:00","17","Information","Microsoft-Windows-Program-Compatibility-Assistant","Exe: C:\Program Files\Microsoft Office\root\Office16\protocolhandler.exe

ResolverName: WrpKeyMitigation"
"28-07-2026 14:59:54","17","Information","Microsoft-Windows-Program-Compatibility-Assistant","Exe: C:\Program Files\WindowsApps\Microsoft.Paint_11.2605.71.0_x64__8wekyb3d8bbwe\PaintApp\mspaint.exe

ResolverName: DetectorShim_KernelDriver"
"27-07-2026 14:32:03","17","Information","Microsoft-Windows-Program-Compatibility-Assistant","Exe: C:\Program Files\Microsoft Office\root\Office16\protocolhandler.exe

ResolverName: WrpKeyMitigation"
"27-07-2026 14:31:51","17","Information","Microsoft-Windows-Program-Compatibility-Assistant","Exe: C:\Program Files\Microsoft Office\root\Office16\protocolhandler.exe

ResolverName: WrpKeyMitigation"
"24-07-2026 23:55:54","17","Information","Microsoft-Windows-Program-Compatibility-Assistant","Exe: C:\Program Files\WindowsApps\Microsoft.MicrosoftOfficeHub_19.2607.47051.0_x64__8wekyb3d8bbwe\M365Copilot.exe

ResolverName: DetectorShim_KernelDriver"
"24-07-2026 14:27:35","17","Information","Microsoft-Windows-Program-Compatibility-Assistant","Exe: C:\Program Files\Microsoft Office\root\Office16\protocolhandler.exe

ResolverName: WrpKeyMitigation"
"24-07-2026 10:11:50","17","Information","Microsoft-Windows-Program-Compatibility-Assistant","Exe: C:\Program Files\Dell\Dell Display and Peripheral Manager\DDPM.exe

ResolverName: DetectorShim_KernelDriver"
"22-07-2026 16:49:42","17","Information","Microsoft-Windows-Program-Compatibility-Assistant","Exe: C:\Program Files\Microsoft Office\root\Office16\protocolhandler.exe

ResolverName: WrpKeyMitigation"
"22-07-2026 10:46:03","17","Information","Microsoft-Windows-Program-Compatibility-Assistant","Exe: C:\Program Files\WindowsApps\MSTeams_26163.405.4842.717_x64__8wekyb3d8bbwe\ms-teams.exe

ResolverName: WrpKeyMitigation"
"22-07-2026 10:03:54","17","Information","Microsoft-Windows-Program-Compatibility-Assistant","Exe: C:\Program Files\Microsoft Office\root\Office16\protocolhandler.exe

ResolverName: WrpKeyMitigation"
"22-07-2026 10:03:36","17","Information","Microsoft-Windows-Program-Compatibility-Assistant","Exe: C:\Program Files\Microsoft Office\root\Office16\protocolhandler.exe

ResolverName: WrpKeyMitigation"
"22-07-2026 10:03:17","17","Information","Microsoft-Windows-Program-Compatibility-Assistant","Exe: C:\Program Files\Microsoft Office\root\Office16\protocolhandler.exe

ResolverName: WrpKeyMitigation"
"21-07-2026 16:45:05","17","Information","Microsoft-Windows-Program-Compatibility-Assistant","Exe: C:\Program Files\Microsoft Office\root\Office16\protocolhandler.exe

ResolverName: DetectorShim_KernelDriver"
"21-07-2026 16:45:04","17","Information","Microsoft-Windows-Program-Compatibility-Assistant","Exe: C:\Program Files\Microsoft Office\root\Office16\protocolhandler.exe

ResolverName: WrpKeyMitigation"
"20-07-2026 17:29:50","17","Information","Microsoft-Windows-Program-Compatibility-Assistant","Exe: C:\Program Files\WindowsApps\Microsoft.MicrosoftOfficeHub_19.2607.37051.0_x64__8wekyb3d8bbwe\M365Copilot.exe

ResolverName: DetectorShim_KernelDriver"
"20-07-2026 10:26:10","17","Information","Microsoft-Windows-Program-Compatibility-Assistant","Exe: C:\Program Files\Microsoft Office\root\Office16\protocolhandler.exe

ResolverName: WrpKeyMitigation"
"14-07-2026 09:48:29","17","Information","Microsoft-Windows-Program-Compatibility-Assistant","Exe: C:\Program Files\Microsoft Office\root\Office16\protocolhandler.exe

ResolverName: WrpKeyMitigation"
"13-07-2026 14:50:50","17","Information","Microsoft-Windows-Program-Compatibility-Assistant","Exe: C:\Program Files\Microsoft Office\root\Office16\protocolhandler.exe

ResolverName: WrpKeyMitigation"
"13-07-2026 13:08:40","17","Information","Microsoft-Windows-Program-Compatibility-Assistant","Exe: C:\Program Files\WindowsApps\MSTeams_26163.405.4842.717_x64__8wekyb3d8bbwe\ms-teams.exe

ResolverName: WrpKeyMitigation"
"11-07-2026 18:10:52","17","Information","Microsoft-Windows-Program-Compatibility-Assistant","Exe: C:\Program Files\WindowsApps\Microsoft.MicrosoftOfficeHub_19.2607.33011.0_x64__8wekyb3d8bbwe\M365Copilot.exe

ResolverName: DetectorShim_KernelDriver"
"11-07-2026 17:32:19","17","Information","Microsoft-Windows-Program-Compatibility-Assistant","Exe: C:\Program Files\WindowsApps\Microsoft.WindowsNotepad_11.2605.29.0_x64__8wekyb3d8bbwe\Notepad\Notepad.exe

ResolverName: DetectorShim_KernelDriver"
"11-07-2026 09:31:57","17","Information","Microsoft-Windows-Program-Compatibility-Assistant","Exe: C:\Program Files\WindowsApps\Microsoft.Windows.Photos_2026.11060.2004.0_x64__8wekyb3d8bbwe\Photos.exe

ResolverName: DetectorShim_KernelDriver"
"08-07-2026 17:22:20","17","Information","Microsoft-Windows-Program-Compatibility-Assistant","Exe: C:\Program Files\WindowsApps\MSTeams_26163.405.4842.717_x64__8wekyb3d8bbwe\ms-teams.exe

ResolverName: WrpKeyMitigation"
"07-07-2026 19:03:08","17","Information","Microsoft-Windows-Program-Compatibility-Assistant","Exe: C:\Program Files\Microsoft Office\root\Office16\protocolhandler.exe

ResolverName: WrpKeyMitigation"
"07-07-2026 13:07:19","17","Information","Microsoft-Windows-Program-Compatibility-Assistant","Exe: C:\Program Files\Microsoft Office\root\Office16\protocolhandler.exe

ResolverName: WrpKeyMitigation"
"06-07-2026 17:28:32","17","Information","Microsoft-Windows-Program-Compatibility-Assistant","Exe: C:\Program Files\Microsoft Office\root\Office16\protocolhandler.exe

ResolverName: WrpKeyMitigation"
"03-07-2026 13:39:59","17","Information","Microsoft-Windows-Program-Compatibility-Assistant","Exe: C:\Program Files\Microsoft Office\root\Office16\protocolhandler.exe

ResolverName: WrpKeyMitigation"
"03-07-2026 11:30:22","17","Information","Microsoft-Windows-Program-Compatibility-Assistant","Exe: C:\Program Files\WindowsApps\Microsoft.MicrosoftOfficeHub_19.2606.58031.0_x64__8wekyb3d8bbwe\M365Copilot.exe

ResolverName: DetectorShim_KernelDriver"
"02-07-2026 16:30:36","17","Information","Microsoft-Windows-Program-Compatibility-Assistant","Exe: C:\Program Files\Microsoft Office\root\Office16\protocolhandler.exe

ResolverName: WrpKeyMitigation"
"02-07-2026 16:21:50","17","Information","Microsoft-Windows-Program-Compatibility-Assistant","Exe: C:\Program Files\Microsoft Office\root\Office16\protocolhandler.exe

ResolverName: WrpKeyMitigation"
"02-07-2026 12:41:02","17","Information","Microsoft-Windows-Program-Compatibility-Assistant","Exe: C:\Program Files\WindowsApps\MSTeams_26149.1205.4798.6437_x64__8wekyb3d8bbwe\ms-teams.exe

ResolverName: WrpKeyMitigation"
"02-07-2026 11:17:08","17","Information","Microsoft-Windows-Program-Compatibility-Assistant","Exe: C:\Program Files\Microsoft Office\root\Office16\protocolhandler.exe

ResolverName: WrpKeyMitigation"
"02-07-2026 10:22:58","17","Information","Microsoft-Windows-Program-Compatibility-Assistant","Exe: C:\Program Files\Microsoft Office\root\Office16\protocolhandler.exe

ResolverName: WrpKeyMitigation"
"01-07-2026 11:07:06","17","Information","Microsoft-Windows-Program-Compatibility-Assistant","Exe: C:\Program Files\WindowsApps\microsoftcorporationii.quickassist_2.0.47.0_x64__8wekyb3d8bbwe\Microsoft.RemoteAssistance.QuickAssist\QuickAssist.exe

ResolverName: WrpKeyMitigation"
"30-06-2026 19:06:18","17","Information","Microsoft-Windows-Program-Compatibility-Assistant","Exe: C:\Program Files\WindowsApps\microsoftcorporationii.quickassist_2.0.47.0_x64__8wekyb3d8bbwe\Microsoft.RemoteAssistance.QuickAssist\QuickAssist.exe

ResolverName: WrpKeyMitigation"
"30-06-2026 17:24:19","17","Information","Microsoft-Windows-Program-Compatibility-Assistant","Exe: C:\Program Files\Microsoft Office\root\Office16\protocolhandler.exe

ResolverName: WrpKeyMitigation"
"30-06-2026 11:35:16","17","Information","Microsoft-Windows-Program-Compatibility-Assistant","Exe: C:\Program Files\Microsoft Office\root\Office16\protocolhandler.exe

ResolverName: WrpKeyMitigation"
"29-06-2026 18:47:18","17","Information","Microsoft-Windows-Program-Compatibility-Assistant","Exe: C:\Program Files\Microsoft Office\root\Office16\protocolhandler.exe

ResolverName: WrpKeyMitigation"
"29-06-2026 14:27:34","17","Information","Microsoft-Windows-Program-Compatibility-Assistant","Exe: C:\Program Files\Microsoft Office\root\Office16\protocolhandler.exe

ResolverName: WrpKeyMitigation"
"29-06-2026 10:47:09","17","Information","Microsoft-Windows-Program-Compatibility-Assistant","Exe: C:\Program Files\WindowsApps\Microsoft.MicrosoftOfficeHub_19.2606.55071.0_x64__8wekyb3d8bbwe\M365Copilot.exe

ResolverName: DetectorShim_KernelDriver"
"26-06-2026 17:49:27","17","Information","Microsoft-Windows-Program-Compatibility-Assistant","Exe: C:\Program Files\Microsoft Power BI Desktop\bin\PBIDesktop.exe

ResolverName: DetectorShim_KernelDriver"
"26-06-2026 10:00:32","17","Information","Microsoft-Windows-Program-Compatibility-Assistant","Exe: C:\Program Files\Microsoft Office\root\Office16\protocolhandler.exe

ResolverName: WrpKeyMitigation"
"25-06-2026 14:34:02","17","Information","Microsoft-Windows-Program-Compatibility-Assistant","Exe: C:\Program Files (x86)\ZohoMeeting\CustomerPlugin\CustomerPluginAppTemp.exe

ResolverName: DetectorShim_KernelDriver"
"25-06-2026 12:17:31","17","Information","Microsoft-Windows-Program-Compatibility-Assistant","Exe: C:\Program Files\WindowsApps\Microsoft.MicrosoftOfficeHub_19.2606.50021.0_x64__8wekyb3d8bbwe\M365Copilot.exe

ResolverName: DetectorShim_KernelDriver"
"25-06-2026 09:41:15","17","Information","Microsoft-Windows-Program-Compatibility-Assistant","Exe: C:\Program Files\WindowsApps\MSTeams_26149.1205.4798.6437_x64__8wekyb3d8bbwe\ms-teams.exe

ResolverName: WrpKeyMitigation"
"23-06-2026 11:49:13","17","Information","Microsoft-Windows-Program-Compatibility-Assistant","Exe: C:\Program Files\WindowsApps\MSTeams_26149.1205.4798.6437_x64__8wekyb3d8bbwe\ms-teams.exe

ResolverName: WrpKeyMitigation"
"23-06-2026 09:56:28","17","Information","Microsoft-Windows-Program-Compatibility-Assistant","Exe: C:\Program Files\WindowsApps\Microsoft.MicrosoftOfficeHub_19.2606.48051.0_x64__8wekyb3d8bbwe\M365Copilot.exe

ResolverName: DetectorShim_KernelDriver"
"22-06-2026 15:39:39","17","Information","Microsoft-Windows-Program-Compatibility-Assistant","Exe: C:\Program Files\Microsoft Office\root\Office16\protocolhandler.exe

ResolverName: DetectorShim_KernelDriver"
"22-06-2026 15:39:36","17","Information","Microsoft-Windows-Program-Compatibility-Assistant","Exe: C:\Program Files\Microsoft Office\root\Office16\protocolhandler.exe

ResolverName: WrpKeyMitigation"
"22-06-2026 10:48:23","17","Information","Microsoft-Windows-Program-Compatibility-Assistant","Exe: C:\Program Files\WindowsApps\MSTeams_26149.1205.4798.6437_x64__8wekyb3d8bbwe\ms-teams.exe

ResolverName: WrpKeyMitigation"
"19-06-2026 17:33:44","17","Information","Microsoft-Windows-Program-Compatibility-Assistant","Exe: C:\Program Files\Microsoft Office\root\Office16\protocolhandler.exe

ResolverName: DetectorShim_KernelDriver"
"19-06-2026 17:33:42","17","Information","Microsoft-Windows-Program-Compatibility-Assistant","Exe: C:\Program Files\Microsoft Office\root\Office16\protocolhandler.exe

ResolverName: WrpKeyMitigation"
"19-06-2026 17:33:41","17","Information","Microsoft-Windows-Program-Compatibility-Assistant","Exe: C:\Program Files\Microsoft Office\root\Office16\protocolhandler.exe

ResolverName: DetectorShim_KernelDriver"
"19-06-2026 17:33:40","17","Information","Microsoft-Windows-Program-Compatibility-Assistant","Exe: C:\Program Files\Microsoft Office\root\Office16\protocolhandler.exe

ResolverName: WrpKeyMitigation"
"18-06-2026 14:07:35","17","Information","Microsoft-Windows-Program-Compatibility-Assistant","Exe: C:\Program Files\WindowsApps\MSTeams_26134.1702.4747.7366_x64__8wekyb3d8bbwe\ms-teams.exe

ResolverName: WrpKeyMitigation"
"17-06-2026 12:41:19","17","Information","Microsoft-Windows-Program-Compatibility-Assistant","Exe: C:\Program Files\7-Zip\7zFM.exe

ResolverName: DetectorShim_KernelDriver"
"16-06-2026 15:36:18","17","Information","Microsoft-Windows-Program-Compatibility-Assistant","Exe: C:\Program Files\Microsoft Office\root\Office16\protocolhandler.exe

ResolverName: WrpKeyMitigation"
"16-06-2026 10:58:40","17","Information","Microsoft-Windows-Program-Compatibility-Assistant","Exe: C:\Program Files\WindowsApps\Microsoft.MicrosoftOfficeHub_19.2606.39121.0_x64__8wekyb3d8bbwe\M365Copilot.exe

ResolverName: DetectorShim_KernelDriver"
"16-06-2026 10:03:05","17","Information","Microsoft-Windows-Program-Compatibility-Assistant","Exe: C:\Program Files\WindowsApps\MSTeams_26134.1702.4747.7366_x64__8wekyb3d8bbwe\ms-teams.exe

ResolverName: WrpKeyMitigation"
"15-06-2026 14:45:30","17","Information","Microsoft-Windows-Program-Compatibility-Assistant","Exe: C:\Program Files\WindowsApps\MSTeams_26134.1702.4747.7366_x64__8wekyb3d8bbwe\ms-teams.exe

ResolverName: WrpKeyMitigation"
"15-06-2026 11:30:15","17","Information","Microsoft-Windows-Program-Compatibility-Assistant","Exe: C:\Program Files\Microsoft Office\root\Office16\protocolhandler.exe

ResolverName: DetectorShim_KernelDriver"
"15-06-2026 11:30:14","17","Information","Microsoft-Windows-Program-Compatibility-Assistant","Exe: C:\Program Files\Microsoft Office\root\Office16\protocolhandler.exe

ResolverName: WrpKeyMitigation"
"15-06-2026 11:15:21","17","Information","Microsoft-Windows-Program-Compatibility-Assistant","Exe: C:\Program Files\Microsoft Office\root\Office16\protocolhandler.exe

ResolverName: WrpKeyMitigation"
"15-06-2026 10:51:29","17","Information","Microsoft-Windows-Program-Compatibility-Assistant","Exe: C:\Program Files\Microsoft Office\root\Office16\protocolhandler.exe

ResolverName: WrpKeyMitigation"
"15-06-2026 09:24:21","17","Information","Microsoft-Windows-Program-Compatibility-Assistant","Exe: C:\Program Files\Microsoft Office\root\Office16\protocolhandler.exe

ResolverName: WrpKeyMitigation"
"15-06-2026 09:08:30","17","Information","Microsoft-Windows-Program-Compatibility-Assistant","Exe: C:\Program Files\Microsoft Office\root\Office16\protocolhandler.exe

ResolverName: WrpKeyMitigation"
"15-06-2026 09:06:16","17","Information","Microsoft-Windows-Program-Compatibility-Assistant","Exe: C:\Program Files\Microsoft Office\root\Office16\protocolhandler.exe

ResolverName: WrpKeyMitigation"
"15-06-2026 08:54:22","17","Information","Microsoft-Windows-Program-Compatibility-Assistant","Exe: C:\Program Files\Microsoft Office\root\Office16\protocolhandler.exe

ResolverName: WrpKeyMitigation"
"12-06-2026 15:28:59","17","Information","Microsoft-Windows-Program-Compatibility-Assistant","Exe: C:\Program Files\Microsoft Office\root\Office16\protocolhandler.exe

ResolverName: WrpKeyMitigation"
"12-06-2026 15:10:44","17","Information","Microsoft-Windows-Program-Compatibility-Assistant","Exe: C:\Program Files\Microsoft Office\root\Office16\protocolhandler.exe

ResolverName: WrpKeyMitigation"
"12-06-2026 11:51:57","17","Information","Microsoft-Windows-Program-Compatibility-Assistant","Exe: C:\Program Files\Microsoft Office\root\Office16\protocolhandler.exe

ResolverName: WrpKeyMitigation"
"12-06-2026 11:13:55","17","Information","Microsoft-Windows-Program-Compatibility-Assistant","Exe: C:\Program Files\Microsoft Office\root\Office16\protocolhandler.exe

ResolverName: WrpKeyMitigation"
"11-06-2026 14:52:08","17","Information","Microsoft-Windows-Program-Compatibility-Assistant","Exe: C:\Program Files\Microsoft Office\root\Office16\protocolhandler.exe

ResolverName: DetectorShim_KernelDriver"
"11-06-2026 14:52:07","17","Information","Microsoft-Windows-Program-Compatibility-Assistant","Exe: C:\Program Files\Microsoft Office\root\Office16\protocolhandler.exe

ResolverName: DetectorShim_KernelDriver"
"11-06-2026 14:52:04","17","Information","Microsoft-Windows-Program-Compatibility-Assistant","Exe: C:\Program Files\Microsoft Office\root\Office16\protocolhandler.exe

ResolverName: WrpKeyMitigation"
"11-06-2026 14:52:03","17","Information","Microsoft-Windows-Program-Compatibility-Assistant","Exe: C:\Program Files\Microsoft Office\root\Office16\protocolhandler.exe

ResolverName: WrpKeyMitigation"
"11-06-2026 14:51:50","17","Information","Microsoft-Windows-Program-Compatibility-Assistant","Exe: C:\Program Files\WindowsApps\Microsoft.OutlookForWindows_1.2026.521.100_x64__8wekyb3d8bbwe\olk.exe

ResolverName: DetectorShim_KernelDriver"
"11-06-2026 09:53:06","17","Information","Microsoft-Windows-Program-Compatibility-Assistant","Exe: C:\Program Files\Microsoft Office\root\Office16\protocolhandler.exe

ResolverName: DetectorShim_KernelDriver"
"11-06-2026 09:53:04","17","Information","Microsoft-Windows-Program-Compatibility-Assistant","Exe: C:\Program Files\Microsoft Office\root\Office16\protocolhandler.exe

ResolverName: WrpKeyMitigation"
"10-06-2026 13:05:02","17","Information","Microsoft-Windows-Program-Compatibility-Assistant","Exe: C:\Program Files\Microsoft Office\root\Office16\protocolhandler.exe

ResolverName: DetectorShim_KernelDriver"
"10-06-2026 13:05:00","17","Information","Microsoft-Windows-Program-Compatibility-Assistant","Exe: C:\Program Files\Microsoft Office\root\Office16\protocolhandler.exe

ResolverName: WrpKeyMitigation"
"09-06-2026 18:37:28","17","Information","Microsoft-Windows-Program-Compatibility-Assistant","Exe: C:\Program Files\Microsoft Office\root\Office16\protocolhandler.exe

ResolverName: WrpKeyMitigation"
"09-06-2026 10:56:48","17","Information","Microsoft-Windows-Program-Compatibility-Assistant","Exe: C:\Program Files\WindowsApps\MSTeams_26106.1911.4707.3286_x64__8wekyb3d8bbwe\ms-teams.exe

ResolverName: WrpKeyMitigation"
"08-06-2026 19:12:49","17","Information","Microsoft-Windows-Program-Compatibility-Assistant","Exe: C:\Program Files\WindowsApps\DellInc.DellCommandUpdate_5.7.276.0_x86__htrsf667h5kn2\DCU\DellCommandUpdate.exe

ResolverName: DetectorShim_KernelDriver"
"08-06-2026 11:44:33","17","Information","Microsoft-Windows-Program-Compatibility-Assistant","Exe: C:\Users\arjo5004\AppData\Local\Programs\Bot Framework Emulator\Bot Framework Emulator.exe

ResolverName: DetectorShim_KernelDriver"
"05-06-2026 16:33:34","17","Information","Microsoft-Windows-Program-Compatibility-Assistant","Exe: C:\Program Files\Microsoft Office\root\Office16\protocolhandler.exe

ResolverName: WrpKeyMitigation"
"05-06-2026 16:28:16","17","Information","Microsoft-Windows-Program-Compatibility-Assistant","Exe: C:\Program Files\Microsoft Office\root\Office16\protocolhandler.exe

ResolverName: WrpKeyMitigation"
"05-06-2026 14:22:45","17","Information","Microsoft-Windows-Program-Compatibility-Assistant","Exe: C:\Program Files\Microsoft Office\root\Office16\protocolhandler.exe

ResolverName: WrpKeyMitigation"
"05-06-2026 13:03:53","17","Information","Microsoft-Windows-Program-Compatibility-Assistant","Exe: C:\Program Files\Microsoft Office\root\Office16\protocolhandler.exe

ResolverName: WrpKeyMitigation"
"05-06-2026 12:04:13","17","Information","Microsoft-Windows-Program-Compatibility-Assistant","Exe: C:\Program Files\WindowsApps\Microsoft.ScreenSketch_11.2602.49.0_x64__8wekyb3d8bbwe\SnippingTool\SnippingTool.exe

ResolverName: DetectorShim_KernelDriver"
"04-06-2026 15:34:07","17","Information","Microsoft-Windows-Program-Compatibility-Assistant","Exe: C:\Program Files\Microsoft Office\root\Office16\protocolhandler.exe

ResolverName: WrpKeyMitigation"
"04-06-2026 11:34:24","17","Information","Microsoft-Windows-Program-Compatibility-Assistant","Exe: C:\Program Files\WindowsApps\Microsoft.Windows.Photos_2026.11050.1001.0_x64__8wekyb3d8bbwe\Photos.exe

ResolverName: DetectorShim_KernelDriver"
"04-06-2026 11:27:34","17","Information","Microsoft-Windows-Program-Compatibility-Assistant","Exe: C:\Program Files\Microsoft Office\root\Office16\protocolhandler.exe

ResolverName: WrpKeyMitigation"
"02-06-2026 13:53:50","17","Information","Microsoft-Windows-Program-Compatibility-Assistant","Exe: C:\Program Files\Microsoft Office\root\Office16\protocolhandler.exe

ResolverName: WrpKeyMitigation"
"02-06-2026 13:52:52","17","Information","Microsoft-Windows-Program-Compatibility-Assistant","Exe: C:\Program Files\Microsoft Office\root\Office16\protocolhandler.exe

ResolverName: WrpKeyMitigation"
"02-06-2026 13:47:22","17","Information","Microsoft-Windows-Program-Compatibility-Assistant","Exe: C:\Program Files\Microsoft Office\root\Office16\protocolhandler.exe

ResolverName: WrpKeyMitigation"
"02-06-2026 10:11:30","17","Information","Microsoft-Windows-Program-Compatibility-Assistant","Exe: C:\Program Files\WindowsApps\Microsoft.MicrosoftOfficeHub_19.2605.59121.0_x64__8wekyb3d8bbwe\M365Copilot.exe

ResolverName: DetectorShim_KernelDriver"
"01-06-2026 14:51:06","17","Information","Microsoft-Windows-Program-Compatibility-Assistant","Exe: C:\Program Files\WindowsApps\Microsoft.OutlookForWindows_1.2026.520.400_x64__8wekyb3d8bbwe\olk.exe

ResolverName: DetectorShim_KernelDriver"
"01-06-2026 14:44:48","17","Information","Microsoft-Windows-Program-Compatibility-Assistant","Exe: C:\Program Files\WindowsApps\MSTeams_26106.1911.4707.3286_x64__8wekyb3d8bbwe\ms-teams.exe

ResolverName: WrpKeyMitigation"
"01-06-2026 09:36:16","17","Information","Microsoft-Windows-Program-Compatibility-Assistant","Exe: C:\Program Files\WindowsApps\Microsoft.OutlookForWindows_1.2026.512.400_x64__8wekyb3d8bbwe\olk.exe

ResolverName: DetectorShim_KernelDriver"
"31-05-2026 11:48:17","17","Information","Microsoft-Windows-Program-Compatibility-Assistant","Exe: C:\Program Files\Microsoft VS Code\Code.exe

ResolverName: DetectorShim_KernelDriver"
"29-05-2026 12:10:06","17","Information","Microsoft-Windows-Program-Compatibility-Assistant","Exe: C:\Program Files\Microsoft Office\root\Office16\protocolhandler.exe

ResolverName: WrpKeyMitigation"
"28-05-2026 18:55:32","17","Information","Microsoft-Windows-Program-Compatibility-Assistant","Exe: C:\Program Files\WindowsApps\MSTeams_26106.1911.4707.3286_x64__8wekyb3d8bbwe\ms-teams.exe

ResolverName: WrpKeyMitigation"
"28-05-2026 18:08:11","17","Information","Microsoft-Windows-Program-Compatibility-Assistant","Exe: C:\Program Files\WindowsApps\microsoftcorporationii.quickassist_2.0.47.0_x64__8wekyb3d8bbwe\Microsoft.RemoteAssistance.QuickAssist\QuickAssist.exe

ResolverName: DetectorShim_KernelDriver"
"28-05-2026 16:49:31","17","Information","Microsoft-Windows-Program-Compatibility-Assistant","Exe: C:\Program Files\WindowsApps\microsoftcorporationii.quickassist_2.0.47.0_x64__8wekyb3d8bbwe\Microsoft.RemoteAssistance.QuickAssist\QuickAssist.exe

ResolverName: WrpKeyMitigation"
"28-05-2026 14:17:49","17","Information","Microsoft-Windows-Program-Compatibility-Assistant","Exe: C:\Program Files\Microsoft Office\root\Office16\protocolhandler.exe

ResolverName: WrpKeyMitigation"
"28-05-2026 12:42:37","17","Information","Microsoft-Windows-Program-Compatibility-Assistant","Exe: C:\Program Files\Microsoft Office\root\Office16\protocolhandler.exe

ResolverName: WrpKeyMitigation"
"28-05-2026 12:41:01","17","Information","Microsoft-Windows-Program-Compatibility-Assistant","Exe: C:\Program Files\Microsoft Office\root\Office16\protocolhandler.exe

ResolverName: WrpKeyMitigation"
"28-05-2026 11:42:38","17","Information","Microsoft-Windows-Program-Compatibility-Assistant","Exe: C:\Program Files\Microsoft Office\root\Office16\protocolhandler.exe

ResolverName: DetectorShim_KernelDriver"
"28-05-2026 11:42:37","17","Information","Microsoft-Windows-Program-Compatibility-Assistant","Exe: C:\Program Files\Microsoft Office\root\Office16\protocolhandler.exe

ResolverName: WrpKeyMitigation"
"28-05-2026 10:56:40","17","Information","Microsoft-Windows-Program-Compatibility-Assistant","Exe: C:\Program Files\Seagull\BarTender 11.5\BarTend.exe

ResolverName: DetectorShim_KernelDriver"
"27-05-2026 19:39:07","17","Information","Microsoft-Windows-Program-Compatibility-Assistant","Exe: C:\Program Files\Microsoft Office\root\Office16\protocolhandler.exe

ResolverName: WrpKeyMitigation"
"27-05-2026 14:33:50","17","Information","Microsoft-Windows-Program-Compatibility-Assistant","Exe: C:\Program Files\Microsoft Office\root\Office16\protocolhandler.exe

ResolverName: WrpKeyMitigation"
"27-05-2026 14:33:29","17","Information","Microsoft-Windows-Program-Compatibility-Assistant","Exe: C:\Program Files\Microsoft Office\root\Office16\protocolhandler.exe

ResolverName: WrpKeyMitigation"
"27-05-2026 12:59:06","17","Information","Microsoft-Windows-Program-Compatibility-Assistant","Exe: C:\Program Files\Microsoft Office\root\Office16\protocolhandler.exe

ResolverName: WrpKeyMitigation"
"27-05-2026 11:55:04","17","Information","Microsoft-Windows-Program-Compatibility-Assistant","Exe: C:\Program Files\Microsoft Office\root\Office16\protocolhandler.exe

ResolverName: WrpKeyMitigation"
"26-05-2026 18:37:14","17","Information","Microsoft-Windows-Program-Compatibility-Assistant","Exe: C:\Program Files\Microsoft Office\root\Office16\protocolhandler.exe

ResolverName: WrpKeyMitigation"
"26-05-2026 12:20:38","17","Information","Microsoft-Windows-Program-Compatibility-Assistant","Exe: C:\Program Files\WindowsApps\microsoft.screensketch_11.2602.47.0_x64__8wekyb3d8bbwe\SnippingTool\SnippingTool.exe

ResolverName: DetectorShim_KernelDriver"
"26-05-2026 12:18:57","17","Information","Microsoft-Windows-Program-Compatibility-Assistant","Exe: C:\Program Files\Microsoft Office\root\Office16\protocolhandler.exe

ResolverName: DetectorShim_KernelDriver"
"26-05-2026 12:18:54","17","Information","Microsoft-Windows-Program-Compatibility-Assistant","Exe: C:\Program Files\Microsoft Office\root\Office16\protocolhandler.exe

ResolverName: WrpKeyMitigation"
"25-05-2026 14:17:17","17","Information","Microsoft-Windows-Program-Compatibility-Assistant","Exe: C:\Program Files (x86)\CheckPoint\Endpoint Connect\TrGUI.exe

ResolverName: DetectorShim_KernelDriver"
"25-05-2026 14:01:24","17","Information","Microsoft-Windows-Program-Compatibility-Assistant","Exe: C:\Program Files\WindowsApps\MSTeams_26106.1911.4707.3286_x64__8wekyb3d8bbwe\ms-teams.exe

ResolverName: WrpKeyMitigation"
"25-05-2026 09:54:48","17","Information","Microsoft-Windows-Program-Compatibility-Assistant","Exe: C:\Program Files\WindowsApps\Microsoft.MicrosoftOfficeHub_19.2605.49101.0_x64__8wekyb3d8bbwe\M365Copilot.exe

ResolverName: DetectorShim_KernelDriver"
"23-05-2026 13:43:39","17","Information","Microsoft-Windows-Program-Compatibility-Assistant","Exe: C:\Program Files\BA connected\Uninstall BA connected.exe

ResolverName: DetectorShim_ShortRunTime"
"23-05-2026 13:43:36","17","Information","Microsoft-Windows-Program-Compatibility-Assistant","Exe: C:\Program Files\BA connected\Uninstall BA connected.exe

ResolverName: DetectorShim_KernelDriver"
"23-05-2026 13:43:33","17","Information","Microsoft-Windows-Program-Compatibility-Assistant","Exe: C:\Program Files\WindowsApps\microsoft.windows.photos_2026.11020.20001.0_x64__8wekyb3d8bbwe\Photos.exe

ResolverName: DetectorShim_KernelDriver"
"23-05-2026 13:22:26","17","Information","Microsoft-Windows-Program-Compatibility-Assistant","Exe: C:\Program Files\WindowsApps\microsoft.windowsnotepad_11.2512.29.0_x64__8wekyb3d8bbwe\Notepad\Notepad.exe

ResolverName: DetectorShim_KernelDriver"
"23-05-2026 13:01:41","17","Information","Microsoft-Windows-Program-Compatibility-Assistant","Exe: C:\Program Files\WindowsApps\microsoft.microsoftofficehub_19.2605.49051.0_x64__8wekyb3d8bbwe\M365Copilot.exe

ResolverName: DetectorShim_KernelDriver"
"23-05-2026 11:10:57","17","Information","Microsoft-Windows-Program-Compatibility-Assistant","Exe: C:\Program Files\Microsoft Office\root\Integration\Addons\vc_redist.x86.exe

ResolverName: DetectorShim_KernelDriver"
"23-05-2026 11:10:43","17","Information","Microsoft-Windows-Program-Compatibility-Assistant","Exe: C:\Program Files\Microsoft Office\root\Integration\Addons\vc_redist.x64.exe

ResolverName: DetectorShim_KernelDriver"
