"04-08-2026 09:19:33","30","Information","Microsoft-Windows-DeviceSetupManager","Device container {00000000-0000-0000-0000-005c6dd8fa1b} is queued for setup."
"04-08-2026 09:19:33","30","Information","Microsoft-Windows-DeviceSetupManager","Device container {c50ccab6-be23-566d-b12f-e319603873eb} is queued for setup."
"04-08-2026 09:19:33","30","Information","Microsoft-Windows-DeviceSetupManager","Device container {00000000-0000-2c00-060a-160107000502} is queued for setup."
"04-08-2026 09:19:33","30","Information","Microsoft-Windows-DeviceSetupManager","Device container {1c7d1448-feb6-5f83-8d4b-bff03b24c8a6} is queued for setup."
"04-08-2026 09:19:33","30","Information","Microsoft-Windows-DeviceSetupManager","Device container {1a280936-c6ed-5221-9721-f685a263cb13} is queued for setup."
"04-08-2026 09:19:33","30","Information","Microsoft-Windows-DeviceSetupManager","Device container {65a5b7d5-6ba2-11f1-a27e-54582d32ed0c} is queued for setup."
"04-08-2026 09:19:33","30","Information","Microsoft-Windows-DeviceSetupManager","Device container {e71cf5ff-7cee-527d-9ebc-544d6c2f24f5} is queued for setup."
"04-08-2026 09:19:33","30","Information","Microsoft-Windows-DeviceSetupManager","Device container {8e652481-7376-11f1-a281-54582d32ed0c} is queued for setup."
"04-08-2026 09:19:33","30","Information","Microsoft-Windows-DeviceSetupManager","Device container {1a6862bd-6fa3-11f1-a27e-54582d32ed0c} is queued for setup."
"04-08-2026 09:19:33","30","Information","Microsoft-Windows-DeviceSetupManager","Device container {3bbca2de-ffda-53c6-90f2-f7fdd4f42870} is queued for setup."
"04-08-2026 09:19:33","30","Information","Microsoft-Windows-DeviceSetupManager","Device container {fbe0bb6f-57e9-11f1-a271-54582d32ed0c} is queued for setup."
"04-08-2026 09:19:33","30","Information","Microsoft-Windows-DeviceSetupManager","Device container {4fd81dad-e1d5-1608-b7cf-591767d49f90} is queued for setup."
"04-08-2026 09:19:33","30","Information","Microsoft-Windows-DeviceSetupManager","Device container {1a686207-6fa3-11f1-a27e-54582d32ed0c} is queued for setup."
"04-08-2026 09:19:33","30","Information","Microsoft-Windows-DeviceSetupManager","Device container {8e7f2822-5917-11f1-a271-54582d32ed0c} is queued for setup."
"04-08-2026 09:19:33","190","Information","Microsoft-Windows-DeviceSetupManager","Property heuristics for device container 'Tek Keyboard' ({8e7f0bdb-5917-11f1-a271-54582d32ed0c}) completed in 17 ms."
"04-08-2026 09:19:33","30","Information","Microsoft-Windows-DeviceSetupManager","Device container {31506464-56d6-11f1-a26a-806e6f6e6963} is queued for setup."
"04-08-2026 09:19:33","190","Information","Microsoft-Windows-DeviceSetupManager","Property heuristics for device container 'USB Serial Device (COM4)' ({c1114529-5b3d-11f1-a272-54582d32ed0c}) completed in 14 ms."
"04-08-2026 09:19:33","30","Information","Microsoft-Windows-DeviceSetupManager","Device container {9875a84b-5a50-11f1-a272-54582d32ed0c} is queued for setup."
"04-08-2026 09:19:33","30","Information","Microsoft-Windows-DeviceSetupManager","Device container {1a687113-6fa3-11f1-a27e-54582d32ed0c} is queued for setup."
"04-08-2026 09:19:33","30","Information","Microsoft-Windows-DeviceSetupManager","Device container {170e2716-68a6-11f1-a279-54582d32ed0c} is queued for setup."
"04-08-2026 09:19:33","30","Information","Microsoft-Windows-DeviceSetupManager","Device container {2484f79e-73b0-11f1-a281-54582d32ed0c} is queued for setup."
"04-08-2026 09:19:33","30","Information","Microsoft-Windows-DeviceSetupManager","Device container {66d57f75-1acf-5fa1-888e-b7e753613c0f} is queued for setup."
"04-08-2026 09:19:33","190","Information","Microsoft-Windows-DeviceSetupManager","Property heuristics for device container 'Tek Keyboard' ({3eddb734-6333-11f1-a277-54582d32ed0c}) completed in 9 ms."
"04-08-2026 09:19:33","30","Information","Microsoft-Windows-DeviceSetupManager","Device container {a19df8ed-7b2b-571f-bffe-548aa27247c4} is queued for setup."
"04-08-2026 09:19:33","30","Information","Microsoft-Windows-DeviceSetupManager","Device container {2db29114-824e-9ff5-50a6-0054a5c85008} is queued for setup."
"04-08-2026 09:19:33","30","Information","Microsoft-Windows-DeviceSetupManager","Device container {ccc49380-9067-5383-966e-8334bad8972a} is queued for setup."
"04-08-2026 09:19:33","30","Information","Microsoft-Windows-DeviceSetupManager","Device container {010efe14-0230-55ea-ad57-3a6de2791598} is queued for setup."
"04-08-2026 09:19:33","30","Information","Microsoft-Windows-DeviceSetupManager","Device container {98759751-5a50-11f1-a272-54582d32ed0c} is queued for setup."
"04-08-2026 09:19:33","30","Information","Microsoft-Windows-DeviceSetupManager","Device container {31506435-56d6-11f1-a26a-806e6f6e6963} is queued for setup."
"04-08-2026 09:19:33","30","Information","Microsoft-Windows-DeviceSetupManager","Device container {80024adb-3047-5d2f-983f-eff9e40c2833} is queued for setup."
"04-08-2026 09:19:33","30","Information","Microsoft-Windows-DeviceSetupManager","Device container {fbe0ca52-57e9-11f1-a271-54582d32ed0c} is queued for setup."
"04-08-2026 09:19:33","30","Information","Microsoft-Windows-DeviceSetupManager","Device container {a86c545f-5e3d-11f1-a274-54582d32ed0c} is queued for setup."
"04-08-2026 09:19:33","30","Information","Microsoft-Windows-DeviceSetupManager","Device container {f7cf4b6c-3cfb-5309-8995-fb3d888c7e1e} is queued for setup."
"04-08-2026 09:19:33","30","Information","Microsoft-Windows-DeviceSetupManager","Device container {e5afc831-8d4b-5898-99c8-bc24c65ded28} is queued for setup."
"04-08-2026 09:19:33","30","Information","Microsoft-Windows-DeviceSetupManager","Device container {11150715-212b-0102-0c00-004e34524b34} is queued for setup."
"04-08-2026 09:19:33","190","Information","Microsoft-Windows-DeviceSetupManager","Property heuristics for device container 'Beatbox' ({d84161f5-217d-50c7-a076-a3e690e041cb}) completed in 20 ms."
"04-08-2026 09:19:33","190","Information","Microsoft-Windows-DeviceSetupManager","Property heuristics for device container '\\hkgwinprnp001.enterprisenet.org\IN-CHE-6th Floor' ({4183f4c7-3cf5-5f48-82a4-e1c43f3fe45d}) completed in 16 ms."
"04-08-2026 09:19:33","190","Information","Microsoft-Windows-DeviceSetupManager","Property heuristics for device container 'Microsoft Print to PDF' ({d397268a-724c-b4ef-d641-c9234ba2948b}) completed in 15 ms."
"04-08-2026 09:19:33","30","Information","Microsoft-Windows-DeviceSetupManager","Device container {00000000-0000-0000-ffff-ffffffffffff} is queued for setup."
"04-08-2026 09:19:33","30","Information","Microsoft-Windows-DeviceSetupManager","Device container {c1114529-5b3d-11f1-a272-54582d32ed0c} is queued for setup."
"04-08-2026 09:19:33","30","Information","Microsoft-Windows-DeviceSetupManager","Device container {8e7f0bdb-5917-11f1-a271-54582d32ed0c} is queued for setup."
"04-08-2026 09:19:33","30","Information","Microsoft-Windows-DeviceSetupManager","Device container {3eddb734-6333-11f1-a277-54582d32ed0c} is queued for setup."
"04-08-2026 09:19:33","30","Information","Microsoft-Windows-DeviceSetupManager","Device container {d84161f5-217d-50c7-a076-a3e690e041cb} is queued for setup."
"04-08-2026 09:19:33","30","Information","Microsoft-Windows-DeviceSetupManager","Device container {1a687106-6fa3-11f1-a27e-54582d32ed0c} is queued for setup."
"04-08-2026 09:19:33","30","Information","Microsoft-Windows-DeviceSetupManager","Device container {d397268a-724c-b4ef-d641-c9234ba2948b} is queued for setup."
"04-08-2026 09:19:33","30","Information","Microsoft-Windows-DeviceSetupManager","Device container {4183f4c7-3cf5-5f48-82a4-e1c43f3fe45d} is queued for setup."
"04-08-2026 09:19:33","100","Information","Microsoft-Windows-DeviceSetupManager","DSM service started, mode is Normal, last session (or boot) was 86022 seconds ago."
"31-07-2026 09:30:07","107","Information","Microsoft-Windows-DeviceSetupManager","DSM service has shut down."
"31-07-2026 09:30:07","101","Information","Microsoft-Windows-DeviceSetupManager","DSM Service is shutting down. Service uptime was 46 seconds, active worktime was 1539 ms."
"31-07-2026 09:29:22","11","Information","Microsoft-Windows-DeviceSetupManager","DSM service is idle and waiting for stop."
"31-07-2026 09:29:22","112","Information","Microsoft-Windows-DeviceSetupManager","Device container 'USB2 Controller Hub' ({00000000-0000-2c00-060a-160107000502}) has been serviced, processed 10 tasks, and wrote 35 properties in 1509 ms."
"31-07-2026 09:29:22","190","Information","Microsoft-Windows-DeviceSetupManager","Property heuristics for device container 'USB2 Controller Hub' ({00000000-0000-2c00-060a-160107000502}) completed in 57 ms."
"31-07-2026 09:29:22","190","Information","Microsoft-Windows-DeviceSetupManager","Property heuristics for device container 'USB2 Controller Hub' ({00000000-0000-2c00-060a-160107000502}) completed in 485 ms."
"31-07-2026 09:29:21","190","Information","Microsoft-Windows-DeviceSetupManager","Property heuristics for device container 'USB2 Controller Hub' ({00000000-0000-2c00-060a-160107000502}) completed in 119 ms."
"31-07-2026 09:29:21","190","Information","Microsoft-Windows-DeviceSetupManager","Property heuristics for device container 'USB2 Controller Hub' ({00000000-0000-2c00-060a-160107000502}) completed in 72 ms."
"31-07-2026 09:29:21","30","Information","Microsoft-Windows-DeviceSetupManager","Device container {00000000-0000-2c00-060a-160107000502} is queued for setup."
"31-07-2026 09:29:21","100","Information","Microsoft-Windows-DeviceSetupManager","DSM service started, mode is Normal, last session (or boot) was 337215 seconds ago."
"27-07-2026 09:35:34","107","Information","Microsoft-Windows-DeviceSetupManager","DSM service has shut down."
"27-07-2026 09:35:34","101","Information","Microsoft-Windows-DeviceSetupManager","DSM Service is shutting down. Service uptime was 45 seconds, active worktime was 104 ms."
"27-07-2026 09:34:49","11","Information","Microsoft-Windows-DeviceSetupManager","DSM service is idle and waiting for stop."
"27-07-2026 09:34:49","112","Information","Microsoft-Windows-DeviceSetupManager","Device container 'OneNote (Desktop) - Protected' ({4fd81dad-e1d5-1608-b7cf-591767d49f90}) has been serviced, processed 3 tasks, and wrote 35 properties in 102 ms."
"27-07-2026 09:34:49","190","Information","Microsoft-Windows-DeviceSetupManager","Property heuristics for device container 'OneNote (Desktop) - Protected' ({4fd81dad-e1d5-1608-b7cf-591767d49f90}) completed in 26 ms."
"27-07-2026 09:34:49","30","Information","Microsoft-Windows-DeviceSetupManager","Device container {4fd81dad-e1d5-1608-b7cf-591767d49f90} is queued for setup."
"27-07-2026 09:34:49","100","Information","Microsoft-Windows-DeviceSetupManager","DSM service started, mode is Normal, last session (or boot) was 40 seconds ago."
"22-07-2026 13:18:24","107","Information","Microsoft-Windows-DeviceSetupManager","DSM service has shut down."
"22-07-2026 13:18:24","101","Information","Microsoft-Windows-DeviceSetupManager","DSM Service is shutting down. Service uptime was 88 seconds, active worktime was 959 ms."
"22-07-2026 13:17:39","11","Information","Microsoft-Windows-DeviceSetupManager","DSM service is idle and waiting for stop."
"22-07-2026 13:17:39","112","Information","Microsoft-Windows-DeviceSetupManager","Device container 'Beatbox' ({d84161f5-217d-50c7-a076-a3e690e041cb}) has been serviced, processed 6 tasks, and wrote 35 properties in 59 ms."
"22-07-2026 13:17:39","190","Information","Microsoft-Windows-DeviceSetupManager","Property heuristics for device container 'Beatbox' ({d84161f5-217d-50c7-a076-a3e690e041cb}) completed in 30 ms."
"22-07-2026 13:17:33","11","Information","Microsoft-Windows-DeviceSetupManager","DSM service is idle and waiting for stop."
"22-07-2026 13:17:33","112","Information","Microsoft-Windows-DeviceSetupManager","Device container 'Beatbox' ({d84161f5-217d-50c7-a076-a3e690e041cb}) has been serviced, processed 5 tasks, and wrote 35 properties in 75 ms."
"22-07-2026 13:17:33","190","Information","Microsoft-Windows-DeviceSetupManager","Property heuristics for device container 'Beatbox' ({d84161f5-217d-50c7-a076-a3e690e041cb}) completed in 31 ms."
"22-07-2026 13:17:33","190","Information","Microsoft-Windows-DeviceSetupManager","Property heuristics for device container 'Beatbox' ({d84161f5-217d-50c7-a076-a3e690e041cb}) completed in 37 ms."
"22-07-2026 13:17:27","11","Information","Microsoft-Windows-DeviceSetupManager","DSM service is idle and waiting for stop."
"22-07-2026 13:17:27","112","Information","Microsoft-Windows-DeviceSetupManager","Device container 'Beatbox' ({d84161f5-217d-50c7-a076-a3e690e041cb}) has been serviced, processed 5 tasks, and wrote 35 properties in 71 ms."
"22-07-2026 13:17:27","190","Information","Microsoft-Windows-DeviceSetupManager","Property heuristics for device container 'Beatbox' ({d84161f5-217d-50c7-a076-a3e690e041cb}) completed in 35 ms."
"22-07-2026 13:17:27","190","Information","Microsoft-Windows-DeviceSetupManager","Property heuristics for device container 'Beatbox' ({d84161f5-217d-50c7-a076-a3e690e041cb}) completed in 31 ms."
"22-07-2026 13:17:27","11","Information","Microsoft-Windows-DeviceSetupManager","DSM service is idle and waiting for stop."
"22-07-2026 13:17:27","112","Information","Microsoft-Windows-DeviceSetupManager","Device container 'Beatbox' ({d84161f5-217d-50c7-a076-a3e690e041cb}) has been serviced, processed 8 tasks, and wrote 44 properties in 68 ms."
"22-07-2026 13:17:27","190","Information","Microsoft-Windows-DeviceSetupManager","Property heuristics for device container 'Beatbox' ({d84161f5-217d-50c7-a076-a3e690e041cb}) completed in 31 ms."
"22-07-2026 13:17:27","30","Information","Microsoft-Windows-DeviceSetupManager","Device container {d84161f5-217d-50c7-a076-a3e690e041cb} is queued for setup."
"22-07-2026 13:16:56","11","Information","Microsoft-Windows-DeviceSetupManager","DSM service is idle and waiting for stop."
"22-07-2026 13:16:56","112","Information","Microsoft-Windows-DeviceSetupManager","Device container 'Pandorabox1' ({1c7d1448-feb6-5f83-8d4b-bff03b24c8a6}) has been serviced, processed 7 tasks, and wrote 44 properties in 658 ms."
"22-07-2026 13:16:56","190","Information","Microsoft-Windows-DeviceSetupManager","Property heuristics for device container 'Pandorabox1' ({1c7d1448-feb6-5f83-8d4b-bff03b24c8a6}) completed in 17 ms."
"22-07-2026 13:16:55","30","Information","Microsoft-Windows-DeviceSetupManager","Device container {1c7d1448-feb6-5f83-8d4b-bff03b24c8a6} is queued for setup."
"22-07-2026 13:16:55","100","Information","Microsoft-Windows-DeviceSetupManager","DSM service started, mode is Normal, last session (or boot) was 91058 seconds ago."
"21-07-2026 11:59:17","107","Information","Microsoft-Windows-DeviceSetupManager","DSM service has shut down."
"21-07-2026 11:59:17","101","Information","Microsoft-Windows-DeviceSetupManager","DSM Service is shutting down. Service uptime was 45 seconds, active worktime was 41 ms."
"21-07-2026 11:58:32","11","Information","Microsoft-Windows-DeviceSetupManager","DSM service is idle and waiting for stop."
"21-07-2026 11:58:32","112","Information","Microsoft-Windows-DeviceSetupManager","Device container 'Plantronics Blackwire 3225 Series' ({ccc49380-9067-5383-966e-8334bad8972a}) has been serviced, processed 3 tasks, and wrote 0 properties in 41 ms."
"21-07-2026 11:58:31","30","Information","Microsoft-Windows-DeviceSetupManager","Device container {ccc49380-9067-5383-966e-8334bad8972a} is queued for setup."
"21-07-2026 11:58:31","100","Information","Microsoft-Windows-DeviceSetupManager","DSM service started, mode is Normal, last session (or boot) was 11515 seconds ago."
"21-07-2026 08:46:36","107","Information","Microsoft-Windows-DeviceSetupManager","DSM service has shut down."
"21-07-2026 08:46:36","101","Information","Microsoft-Windows-DeviceSetupManager","DSM Service is shutting down. Service uptime was 45 seconds, active worktime was 145 ms."
"21-07-2026 08:45:51","11","Information","Microsoft-Windows-DeviceSetupManager","DSM service is idle and waiting for stop."
"21-07-2026 08:45:51","112","Information","Microsoft-Windows-DeviceSetupManager","Device container 'OneNote (Desktop)' ({056018f3-ea11-de01-11c1-516050c076bc}) has been serviced, processed 4 tasks, and wrote 44 properties in 137 ms."
"21-07-2026 08:45:51","190","Information","Microsoft-Windows-DeviceSetupManager","Property heuristics for device container 'OneNote (Desktop)' ({056018f3-ea11-de01-11c1-516050c076bc}) completed in 25 ms."
"21-07-2026 08:45:51","30","Information","Microsoft-Windows-DeviceSetupManager","Device container {056018f3-ea11-de01-11c1-516050c076bc} is queued for setup."
"21-07-2026 08:45:50","100","Information","Microsoft-Windows-DeviceSetupManager","DSM service started, mode is Normal, last session (or boot) was 105 seconds ago."
"20-07-2026 11:28:11","107","Information","Microsoft-Windows-DeviceSetupManager","DSM service has shut down."
"20-07-2026 11:28:11","101","Information","Microsoft-Windows-DeviceSetupManager","DSM Service is shutting down. Service uptime was 45 seconds, active worktime was 508 ms."
"20-07-2026 11:27:26","11","Information","Microsoft-Windows-DeviceSetupManager","DSM service is idle and waiting for stop."
"20-07-2026 11:27:26","112","Information","Microsoft-Windows-DeviceSetupManager","Device container 'LIND55MBVC4' ({00000000-0000-0000-ffff-ffffffffffff}) has been serviced, processed 5 tasks, and wrote 43 properties in 458 ms."
"20-07-2026 11:27:26","190","Information","Microsoft-Windows-DeviceSetupManager","Property heuristics for device container 'LIND55MBVC4' ({00000000-0000-0000-ffff-ffffffffffff}) completed in 259 ms."
"20-07-2026 11:27:26","112","Information","Microsoft-Windows-DeviceSetupManager","Device container 'Generic Monitor (HP 22cw)' ({a460b0d3-5668-11f1-a26f-c0a8109d15b0}) has been serviced, processed 2 tasks, and wrote 35 properties in 373 ms."
"20-07-2026 11:27:26","112","Information","Microsoft-Windows-DeviceSetupManager","Device container 'Plantronics Blackwire 3225 Series' ({80024adb-3047-5d2f-983f-eff9e40c2833}) has been serviced, processed 8 tasks, and wrote 35 properties in 402 ms."
"20-07-2026 11:27:26","112","Information","Microsoft-Windows-DeviceSetupManager","Device container 'Dell Universal Receiver' ({0831f13c-6974-11f1-a27a-54582d32ed0c}) has been serviced, processed 2 tasks, and wrote 35 properties in 370 ms."
"20-07-2026 11:27:26","112","Information","Microsoft-Windows-DeviceSetupManager","Device container 'Dell Universal Receiver' ({e2f71edd-7b72-11f1-a285-54582d32ed0c}) has been serviced, processed 6 tasks, and wrote 35 properties in 382 ms."
"20-07-2026 11:27:26","112","Information","Microsoft-Windows-DeviceSetupManager","Device container 'Generic Monitor' ({1074b24d-b986-5a01-b420-b3d39c2f9286}) has been serviced, processed 2 tasks, and wrote 35 properties in 371 ms."
"20-07-2026 11:27:26","112","Information","Microsoft-Windows-DeviceSetupManager","Device container 'Dell Universal Receiver' ({c1114523-5b3d-11f1-a272-54582d32ed0c}) has been serviced, processed 2 tasks, and wrote 35 properties in 370 ms."
"20-07-2026 11:27:26","112","Information","Microsoft-Windows-DeviceSetupManager","Device container 'Dell DA310' ({3bbca2de-ffda-53c6-90f2-f7fdd4f42870}) has been serviced, processed 3 tasks, and wrote 35 properties in 398 ms."
"20-07-2026 11:27:26","112","Information","Microsoft-Windows-DeviceSetupManager","Device container 'Dell DA310' ({6779fccc-4bd9-5dae-8476-49f9994420b5}) has been serviced, processed 2 tasks, and wrote 35 properties in 369 ms."
"20-07-2026 11:27:26","112","Information","Microsoft-Windows-DeviceSetupManager","Device container 'USB Receiver' ({65e8f6ba-5e83-11f1-a274-54582d32ed0c}) has been serviced, processed 2 tasks, and wrote 35 properties in 369 ms."
"20-07-2026 11:27:26","112","Information","Microsoft-Windows-DeviceSetupManager","Device container 'USB Receiver' ({1a6861dc-6fa3-11f1-a27e-54582d32ed0c}) has been serviced, processed 2 tasks, and wrote 35 properties in 369 ms."
"20-07-2026 11:27:26","112","Information","Microsoft-Windows-DeviceSetupManager","Device container 'Unknown USB Device (Device Descriptor Request Failed)' ({0dec4d9c-6340-11f1-a278-54582d32ed0c}) has been serviced, processed 2 tasks, and wrote 35 properties in 368 ms."
"20-07-2026 11:27:26","112","Information","Microsoft-Windows-DeviceSetupManager","Device container 'OneNote (Desktop)' ({056018f3-ea11-de01-11c1-516050c076bc}) has been serviced, processed 2 tasks, and wrote 35 properties in 375 ms."
"20-07-2026 11:27:26","112","Information","Microsoft-Windows-DeviceSetupManager","Device container 'Plantronics Blackwire 3215 Series' ({21c8ff95-2236-5ca3-8613-765d91702934}) has been serviced, processed 2 tasks, and wrote 35 properties in 366 ms."
"20-07-2026 11:27:26","112","Information","Microsoft-Windows-DeviceSetupManager","Device container 'USB Serial Device (COM5)' ({d8ab74b4-5d6c-11f1-a273-54582d32ed0c}) has been serviced, processed 2 tasks, and wrote 35 properties in 366 ms."
"20-07-2026 11:27:26","112","Information","Microsoft-Windows-DeviceSetupManager","Device container 'Hub Feature Controller' ({00000000-0000-0000-0000-005c6dd8fa1b}) has been serviced, processed 2 tasks, and wrote 35 properties in 377 ms."
"20-07-2026 11:27:26","112","Information","Microsoft-Windows-DeviceSetupManager","Device container 'Dell U2422HE(USB Type_C)' ({1a280936-c6ed-5221-9721-f685a263cb13}) has been serviced, processed 2 tasks, and wrote 35 properties in 378 ms."
"20-07-2026 11:27:26","112","Information","Microsoft-Windows-DeviceSetupManager","Device container 'USB2 Controller Hub' ({00000000-0000-2c00-060a-160107000502}) has been serviced, processed 2 tasks, and wrote 35 properties in 377 ms."
"20-07-2026 11:27:26","112","Information","Microsoft-Windows-DeviceSetupManager","Device container 'Tek Keyboard' ({d8ab7c99-5d6c-11f1-a273-54582d32ed0c}) has been serviced, processed 2 tasks, and wrote 35 properties in 375 ms."
"20-07-2026 11:27:26","112","Information","Microsoft-Windows-DeviceSetupManager","Device container 'Headphone on SoundWire Device (5- Cirrus Logic XU)' ({c50ccab6-be23-566d-b12f-e319603873eb}) has been serviced, processed 2 tasks, and wrote 35 properties in 375 ms."
"20-07-2026 11:27:26","112","Information","Microsoft-Windows-DeviceSetupManager","Device container 'USB Receiver' ({1a6862bd-6fa3-11f1-a27e-54582d32ed0c}) has been serviced, processed 2 tasks, and wrote 35 properties in 382 ms."
"20-07-2026 11:27:26","112","Information","Microsoft-Windows-DeviceSetupManager","Device container 'USB Receiver' ({65a5b7d5-6ba2-11f1-a27e-54582d32ed0c}) has been serviced, processed 2 tasks, and wrote 35 properties in 375 ms."
"20-07-2026 11:27:26","112","Information","Microsoft-Windows-DeviceSetupManager","Device container 'Generic Monitor' ({8e652481-7376-11f1-a281-54582d32ed0c}) has been serviced, processed 2 tasks, and wrote 35 properties in 382 ms."
"20-07-2026 11:27:26","112","Information","Microsoft-Windows-DeviceSetupManager","Device container 'USB Receiver' ({31506435-56d6-11f1-a26a-806e6f6e6963}) has been serviced, processed 2 tasks, and wrote 35 properties in 387 ms."
"20-07-2026 11:27:26","112","Information","Microsoft-Windows-DeviceSetupManager","Device container 'Generic Monitor' ({f7cf4b6c-3cfb-5309-8995-fb3d888c7e1e}) has been serviced, processed 3 tasks, and wrote 35 properties in 393 ms."
"20-07-2026 11:27:26","112","Information","Microsoft-Windows-DeviceSetupManager","Device container 'Dell WH3024 Headset' ({e71cf5ff-7cee-527d-9ebc-544d6c2f24f5}) has been serviced, processed 2 tasks, and wrote 35 properties in 379 ms."
"20-07-2026 11:27:26","112","Information","Microsoft-Windows-DeviceSetupManager","Device container 'Dell Universal Receiver' ({fbe0bb6f-57e9-11f1-a271-54582d32ed0c}) has been serviced, processed 2 tasks, and wrote 35 properties in 385 ms."
"20-07-2026 11:27:26","112","Information","Microsoft-Windows-DeviceSetupManager","Device container 'Logi USB Headset' ({fbe0ca52-57e9-11f1-a271-54582d32ed0c}) has been serviced, processed 2 tasks, and wrote 35 properties in 388 ms."
"20-07-2026 11:27:26","112","Information","Microsoft-Windows-DeviceSetupManager","Device container 'USB2 Controller Hub' ({00000000-0000-0800-2f11-161e06000102}) has been serviced, processed 2 tasks, and wrote 35 properties in 376 ms."
"20-07-2026 11:27:26","112","Information","Microsoft-Windows-DeviceSetupManager","Device container 'OneNote (Desktop) - Protected' ({4fd81dad-e1d5-1608-b7cf-591767d49f90}) has been serviced, processed 2 tasks, and wrote 35 properties in 382 ms."
"20-07-2026 11:27:26","112","Information","Microsoft-Windows-DeviceSetupManager","Device container 'Plantronics Blackwire 3225 Series' ({ccc49380-9067-5383-966e-8334bad8972a}) has been serviced, processed 2 tasks, and wrote 35 properties in 384 ms."
"20-07-2026 11:27:26","112","Information","Microsoft-Windows-DeviceSetupManager","Device container 'Generic Monitor (HP 22cw)' ({1a686207-6fa3-11f1-a27e-54582d32ed0c}) has been serviced, processed 2 tasks, and wrote 35 properties in 384 ms."
"20-07-2026 11:27:26","112","Information","Microsoft-Windows-DeviceSetupManager","Device container 'Dell P2422HE(USB Type_C)' ({9875a84b-5a50-11f1-a272-54582d32ed0c}) has been serviced, processed 2 tasks, and wrote 35 properties in 381 ms."
"20-07-2026 11:27:26","112","Information","Microsoft-Windows-DeviceSetupManager","Device container 'Tek Keyboard' ({8e7f2822-5917-11f1-a271-54582d32ed0c}) has been serviced, processed 2 tasks, and wrote 35 properties in 383 ms."
"20-07-2026 11:27:26","112","Information","Microsoft-Windows-DeviceSetupManager","Device container 'Dell Universal Receiver' ({31506464-56d6-11f1-a26a-806e6f6e6963}) has been serviced, processed 2 tasks, and wrote 35 properties in 384 ms."
"20-07-2026 11:27:26","112","Information","Microsoft-Windows-DeviceSetupManager","Device container 'Dell P2422HE(USB Type_C)' ({170e2716-68a6-11f1-a279-54582d32ed0c}) has been serviced, processed 2 tasks, and wrote 35 properties in 386 ms."
"20-07-2026 11:27:26","112","Information","Microsoft-Windows-DeviceSetupManager","Device container 'TSC TE244 #2' ({2db29114-824e-9ff5-50a6-0054a5c85008}) has been serviced, processed 2 tasks, and wrote 35 properties in 381 ms."
"20-07-2026 11:27:26","112","Information","Microsoft-Windows-DeviceSetupManager","Device container '\\hkgwinprnp001.enterprisenet.org\IN-CHE-5th Floor' ({a19df8ed-7b2b-571f-bffe-548aa27247c4}) has been serviced, processed 2 tasks, and wrote 35 properties in 381 ms."
"20-07-2026 11:27:26","112","Information","Microsoft-Windows-DeviceSetupManager","Device container 'USB Receiver' ({1a687113-6fa3-11f1-a27e-54582d32ed0c}) has been serviced, processed 2 tasks, and wrote 35 properties in 382 ms."
"20-07-2026 11:27:26","112","Information","Microsoft-Windows-DeviceSetupManager","Device container 'TSC TE244' ({66d57f75-1acf-5fa1-888e-b7e753613c0f}) has been serviced, processed 2 tasks, and wrote 35 properties in 382 ms."
"20-07-2026 11:27:26","190","Information","Microsoft-Windows-DeviceSetupManager","Property heuristics for device container 'Generic Monitor (HP 22cw)' ({a460b0d3-5668-11f1-a26f-c0a8109d15b0}) completed in 20 ms."
"20-07-2026 11:27:26","112","Information","Microsoft-Windows-DeviceSetupManager","Device container 'Generic Monitor (Logi)' ({010efe14-0230-55ea-ad57-3a6de2791598}) has been serviced, processed 2 tasks, and wrote 35 properties in 381 ms."
"20-07-2026 11:27:26","112","Information","Microsoft-Windows-DeviceSetupManager","Device container 'Dell Universal Receiver' ({2484f79e-73b0-11f1-a281-54582d32ed0c}) has been serviced, processed 2 tasks, and wrote 35 properties in 380 ms."
"20-07-2026 11:27:26","112","Information","Microsoft-Windows-DeviceSetupManager","Device container 'USB Serial Device (COM3)' ({98759751-5a50-11f1-a272-54582d32ed0c}) has been serviced, processed 2 tasks, and wrote 35 properties in 391 ms."
"20-07-2026 11:27:26","112","Information","Microsoft-Windows-DeviceSetupManager","Device container 'Realtek USB GbE Family Controller #2' ({11150715-212b-0102-0c00-004e34524b34}) has been serviced, processed 2 tasks, and wrote 35 properties in 398 ms."
"20-07-2026 11:27:26","112","Information","Microsoft-Windows-DeviceSetupManager","Device container 'USB Serial Device (COM6)' ({a86c545f-5e3d-11f1-a274-54582d32ed0c}) has been serviced, processed 2 tasks, and wrote 35 properties in 397 ms."
"20-07-2026 11:27:26","112","Information","Microsoft-Windows-DeviceSetupManager","Device container 'Tek Keyboard' ({8e7f0bdb-5917-11f1-a271-54582d32ed0c}) has been serviced, processed 2 tasks, and wrote 35 properties in 398 ms."
"20-07-2026 11:27:26","112","Information","Microsoft-Windows-DeviceSetupManager","Device container 'Dell DA310' ({e5afc831-8d4b-5898-99c8-bc24c65ded28}) has been serviced, processed 2 tasks, and wrote 35 properties in 396 ms."
"20-07-2026 11:27:26","190","Information","Microsoft-Windows-DeviceSetupManager","Property heuristics for device container 'Dell Universal Receiver' ({e2f71edd-7b72-11f1-a285-54582d32ed0c}) completed in 21 ms."
"20-07-2026 11:27:26","112","Information","Microsoft-Windows-DeviceSetupManager","Device container 'Generic Monitor (HP 22cw)' ({1a687106-6fa3-11f1-a27e-54582d32ed0c}) has been serviced, processed 2 tasks, and wrote 35 properties in 434 ms."
"20-07-2026 11:27:26","112","Information","Microsoft-Windows-DeviceSetupManager","Device container 'USB Serial Device (COM4)' ({c1114529-5b3d-11f1-a272-54582d32ed0c}) has been serviced, processed 2 tasks, and wrote 35 properties in 394 ms."
"20-07-2026 11:27:26","190","Information","Microsoft-Windows-DeviceSetupManager","Property heuristics for device container 'Dell Universal Receiver' ({0831f13c-6974-11f1-a27a-54582d32ed0c}) completed in 20 ms."
"20-07-2026 11:27:26","190","Information","Microsoft-Windows-DeviceSetupManager","Property heuristics for device container 'Plantronics Blackwire 3225 Series' ({80024adb-3047-5d2f-983f-eff9e40c2833}) completed in 15 ms."
"20-07-2026 11:27:26","190","Information","Microsoft-Windows-DeviceSetupManager","Property heuristics for device container 'Dell DA310' ({3bbca2de-ffda-53c6-90f2-f7fdd4f42870}) completed in 13 ms."
"20-07-2026 11:27:26","190","Information","Microsoft-Windows-DeviceSetupManager","Property heuristics for device container 'Dell Universal Receiver' ({c1114523-5b3d-11f1-a272-54582d32ed0c}) completed in 21 ms."
"20-07-2026 11:27:26","190","Information","Microsoft-Windows-DeviceSetupManager","Property heuristics for device container 'Generic Monitor' ({1074b24d-b986-5a01-b420-b3d39c2f9286}) completed in 10 ms."
"20-07-2026 11:27:26","190","Information","Microsoft-Windows-DeviceSetupManager","Property heuristics for device container 'Dell DA310' ({6779fccc-4bd9-5dae-8476-49f9994420b5}) completed in 15 ms."
"20-07-2026 11:27:26","190","Information","Microsoft-Windows-DeviceSetupManager","Property heuristics for device container 'USB Receiver' ({1a6861dc-6fa3-11f1-a27e-54582d32ed0c}) completed in 18 ms."
"20-07-2026 11:27:26","190","Information","Microsoft-Windows-DeviceSetupManager","Property heuristics for device container 'USB Receiver' ({65e8f6ba-5e83-11f1-a274-54582d32ed0c}) completed in 20 ms."
"20-07-2026 11:27:26","190","Information","Microsoft-Windows-DeviceSetupManager","Property heuristics for device container 'Unknown USB Device (Device Descriptor Request Failed)' ({0dec4d9c-6340-11f1-a278-54582d32ed0c}) completed in 18 ms."
"20-07-2026 11:27:26","190","Information","Microsoft-Windows-DeviceSetupManager","Property heuristics for device container 'Plantronics Blackwire 3215 Series' ({21c8ff95-2236-5ca3-8613-765d91702934}) completed in 19 ms."
"20-07-2026 11:27:26","190","Information","Microsoft-Windows-DeviceSetupManager","Property heuristics for device container 'OneNote (Desktop)' ({056018f3-ea11-de01-11c1-516050c076bc}) completed in 28 ms."
"20-07-2026 11:27:26","190","Information","Microsoft-Windows-DeviceSetupManager","Property heuristics for device container 'USB Serial Device (COM5)' ({d8ab74b4-5d6c-11f1-a273-54582d32ed0c}) completed in 16 ms."
"20-07-2026 11:27:26","190","Information","Microsoft-Windows-DeviceSetupManager","Property heuristics for device container 'Hub Feature Controller' ({00000000-0000-0000-0000-005c6dd8fa1b}) completed in 28 ms."
"20-07-2026 11:27:26","190","Information","Microsoft-Windows-DeviceSetupManager","Property heuristics for device container 'USB2 Controller Hub' ({00000000-0000-2c00-060a-160107000502}) completed in 32 ms."
"20-07-2026 11:27:26","190","Information","Microsoft-Windows-DeviceSetupManager","Property heuristics for device container 'Tek Keyboard' ({d8ab7c99-5d6c-11f1-a273-54582d32ed0c}) completed in 21 ms."
"20-07-2026 11:27:26","190","Information","Microsoft-Windows-DeviceSetupManager","Property heuristics for device container 'Dell U2422HE(USB Type_C)' ({1a280936-c6ed-5221-9721-f685a263cb13}) completed in 37 ms."
"20-07-2026 11:27:26","190","Information","Microsoft-Windows-DeviceSetupManager","Property heuristics for device container 'Headphone on SoundWire Device (5- Cirrus Logic XU)' ({c50ccab6-be23-566d-b12f-e319603873eb}) completed in 14 ms."
"20-07-2026 11:27:26","190","Information","Microsoft-Windows-DeviceSetupManager","Property heuristics for device container 'USB Receiver' ({65a5b7d5-6ba2-11f1-a27e-54582d32ed0c}) completed in 29 ms."
"20-07-2026 11:27:26","190","Information","Microsoft-Windows-DeviceSetupManager","Property heuristics for device container 'Generic Monitor' ({8e652481-7376-11f1-a281-54582d32ed0c}) completed in 18 ms."
"20-07-2026 11:27:26","190","Information","Microsoft-Windows-DeviceSetupManager","Property heuristics for device container 'USB Receiver' ({1a6862bd-6fa3-11f1-a27e-54582d32ed0c}) completed in 17 ms."
"20-07-2026 11:27:26","190","Information","Microsoft-Windows-DeviceSetupManager","Property heuristics for device container 'USB Receiver' ({31506435-56d6-11f1-a26a-806e6f6e6963}) completed in 53 ms."
"20-07-2026 11:27:26","190","Information","Microsoft-Windows-DeviceSetupManager","Property heuristics for device container 'Generic Monitor' ({f7cf4b6c-3cfb-5309-8995-fb3d888c7e1e}) completed in 74 ms."
"20-07-2026 11:27:26","190","Information","Microsoft-Windows-DeviceSetupManager","Property heuristics for device container 'Dell WH3024 Headset' ({e71cf5ff-7cee-527d-9ebc-544d6c2f24f5}) completed in 18 ms."
"20-07-2026 11:27:26","190","Information","Microsoft-Windows-DeviceSetupManager","Property heuristics for device container 'USB2 Controller Hub' ({00000000-0000-0800-2f11-161e06000102}) completed in 15 ms."
"20-07-2026 11:27:26","190","Information","Microsoft-Windows-DeviceSetupManager","Property heuristics for device container 'Dell Universal Receiver' ({fbe0bb6f-57e9-11f1-a271-54582d32ed0c}) completed in 22 ms."
"20-07-2026 11:27:26","190","Information","Microsoft-Windows-DeviceSetupManager","Property heuristics for device container 'Logi USB Headset' ({fbe0ca52-57e9-11f1-a271-54582d32ed0c}) completed in 20 ms."
"20-07-2026 11:27:26","190","Information","Microsoft-Windows-DeviceSetupManager","Property heuristics for device container 'OneNote (Desktop) - Protected' ({4fd81dad-e1d5-1608-b7cf-591767d49f90}) completed in 11 ms."
"20-07-2026 11:27:26","190","Information","Microsoft-Windows-DeviceSetupManager","Property heuristics for device container 'Plantronics Blackwire 3225 Series' ({ccc49380-9067-5383-966e-8334bad8972a}) completed in 21 ms."
"20-07-2026 11:27:26","190","Information","Microsoft-Windows-DeviceSetupManager","Property heuristics for device container 'Generic Monitor (HP 22cw)' ({1a686207-6fa3-11f1-a27e-54582d32ed0c}) completed in 29 ms."
"20-07-2026 11:27:26","190","Information","Microsoft-Windows-DeviceSetupManager","Property heuristics for device container 'Tek Keyboard' ({8e7f2822-5917-11f1-a271-54582d32ed0c}) completed in 20 ms."
"20-07-2026 11:27:26","190","Information","Microsoft-Windows-DeviceSetupManager","Property heuristics for device container 'Dell Universal Receiver' ({31506464-56d6-11f1-a26a-806e6f6e6963}) completed in 29 ms."
"20-07-2026 11:27:26","190","Information","Microsoft-Windows-DeviceSetupManager","Property heuristics for device container 'Dell P2422HE(USB Type_C)' ({9875a84b-5a50-11f1-a272-54582d32ed0c}) completed in 13 ms."
"20-07-2026 11:27:26","190","Information","Microsoft-Windows-DeviceSetupManager","Property heuristics for device container 'Dell P2422HE(USB Type_C)' ({170e2716-68a6-11f1-a279-54582d32ed0c}) completed in 11 ms."
"20-07-2026 11:27:26","190","Information","Microsoft-Windows-DeviceSetupManager","Property heuristics for device container 'USB Receiver' ({1a687113-6fa3-11f1-a27e-54582d32ed0c}) completed in 15 ms."
"20-07-2026 11:27:26","190","Information","Microsoft-Windows-DeviceSetupManager","Property heuristics for device container 'TSC TE244 #2' ({2db29114-824e-9ff5-50a6-0054a5c85008}) completed in 12 ms."
"20-07-2026 11:27:26","190","Information","Microsoft-Windows-DeviceSetupManager","Property heuristics for device container 'Generic Monitor (Logi)' ({010efe14-0230-55ea-ad57-3a6de2791598}) completed in 32 ms."
"20-07-2026 11:27:26","190","Information","Microsoft-Windows-DeviceSetupManager","Property heuristics for device container '\\hkgwinprnp001.enterprisenet.org\IN-CHE-5th Floor' ({a19df8ed-7b2b-571f-bffe-548aa27247c4}) completed in 12 ms."
"20-07-2026 11:27:26","190","Information","Microsoft-Windows-DeviceSetupManager","Property heuristics for device container 'TSC TE244' ({66d57f75-1acf-5fa1-888e-b7e753613c0f}) completed in 22 ms."
"20-07-2026 11:27:26","190","Information","Microsoft-Windows-DeviceSetupManager","Property heuristics for device container 'Dell Universal Receiver' ({2484f79e-73b0-11f1-a281-54582d32ed0c}) completed in 19 ms."
"20-07-2026 11:27:26","190","Information","Microsoft-Windows-DeviceSetupManager","Property heuristics for device container 'USB Serial Device (COM3)' ({98759751-5a50-11f1-a272-54582d32ed0c}) completed in 20 ms."
"20-07-2026 11:27:26","190","Information","Microsoft-Windows-DeviceSetupManager","Property heuristics for device container 'Realtek USB GbE Family Controller #2' ({11150715-212b-0102-0c00-004e34524b34}) completed in 14 ms."
"20-07-2026 11:27:26","190","Information","Microsoft-Windows-DeviceSetupManager","Property heuristics for device container 'USB Serial Device (COM6)' ({a86c545f-5e3d-11f1-a274-54582d32ed0c}) completed in 11 ms."
"20-07-2026 11:27:26","112","Information","Microsoft-Windows-DeviceSetupManager","Device container '\\hkgwinprnp001.enterprisenet.org\IN-CHE-6th Floor' ({4183f4c7-3cf5-5f48-82a4-e1c43f3fe45d}) has been serviced, processed 2 tasks, and wrote 35 properties in 141 ms."
"20-07-2026 11:27:26","112","Information","Microsoft-Windows-DeviceSetupManager","Device container 'Microsoft Print to PDF' ({d397268a-724c-b4ef-d641-c9234ba2948b}) has been serviced, processed 2 tasks, and wrote 35 properties in 135 ms."
"20-07-2026 11:27:26","190","Information","Microsoft-Windows-DeviceSetupManager","Property heuristics for device container 'Tek Keyboard' ({8e7f0bdb-5917-11f1-a271-54582d32ed0c}) completed in 13 ms."
"20-07-2026 11:27:26","190","Information","Microsoft-Windows-DeviceSetupManager","Property heuristics for device container 'Dell DA310' ({e5afc831-8d4b-5898-99c8-bc24c65ded28}) completed in 15 ms."
"20-07-2026 11:27:26","190","Information","Microsoft-Windows-DeviceSetupManager","Property heuristics for device container 'Generic Monitor (HP 22cw)' ({1a687106-6fa3-11f1-a27e-54582d32ed0c}) completed in 124 ms."
"20-07-2026 11:27:26","190","Information","Microsoft-Windows-DeviceSetupManager","Property heuristics for device container 'USB Serial Device (COM4)' ({c1114529-5b3d-11f1-a272-54582d32ed0c}) completed in 18 ms."
"20-07-2026 11:27:26","112","Information","Microsoft-Windows-DeviceSetupManager","Device container 'Tek Keyboard' ({3eddb734-6333-11f1-a277-54582d32ed0c}) has been serviced, processed 2 tasks, and wrote 35 properties in 96 ms."
"20-07-2026 11:27:26","30","Information","Microsoft-Windows-DeviceSetupManager","Device container {a460b0d3-5668-11f1-a26f-c0a8109d15b0} is queued for setup."
"20-07-2026 11:27:26","30","Information","Microsoft-Windows-DeviceSetupManager","Device container {0831f13c-6974-11f1-a27a-54582d32ed0c} is queued for setup."
"20-07-2026 11:27:26","30","Information","Microsoft-Windows-DeviceSetupManager","Device container {d8ab74b4-5d6c-11f1-a273-54582d32ed0c} is queued for setup."
"20-07-2026 11:27:26","30","Information","Microsoft-Windows-DeviceSetupManager","Device container {c1114523-5b3d-11f1-a272-54582d32ed0c} is queued for setup."
"20-07-2026 11:27:26","30","Information","Microsoft-Windows-DeviceSetupManager","Device container {1074b24d-b986-5a01-b420-b3d39c2f9286} is queued for setup."
"20-07-2026 11:27:26","30","Information","Microsoft-Windows-DeviceSetupManager","Device container {21c8ff95-2236-5ca3-8613-765d91702934} is queued for setup."
"20-07-2026 11:27:26","30","Information","Microsoft-Windows-DeviceSetupManager","Device container {65e8f6ba-5e83-11f1-a274-54582d32ed0c} is queued for setup."
"20-07-2026 11:27:26","30","Information","Microsoft-Windows-DeviceSetupManager","Device container {6779fccc-4bd9-5dae-8476-49f9994420b5} is queued for setup."
"20-07-2026 11:27:26","30","Information","Microsoft-Windows-DeviceSetupManager","Device container {056018f3-ea11-de01-11c1-516050c076bc} is queued for setup."
"20-07-2026 11:27:26","30","Information","Microsoft-Windows-DeviceSetupManager","Device container {1a6861dc-6fa3-11f1-a27e-54582d32ed0c} is queued for setup."
"20-07-2026 11:27:26","30","Information","Microsoft-Windows-DeviceSetupManager","Device container {0dec4d9c-6340-11f1-a278-54582d32ed0c} is queued for setup."
"20-07-2026 11:27:26","30","Information","Microsoft-Windows-DeviceSetupManager","Device container {e2f71edd-7b72-11f1-a285-54582d32ed0c} is queued for setup."
"20-07-2026 11:27:26","30","Information","Microsoft-Windows-DeviceSetupManager","Device container {d8ab7c99-5d6c-11f1-a273-54582d32ed0c} is queued for setup."
"20-07-2026 11:27:26","30","Information","Microsoft-Windows-DeviceSetupManager","Device container {00000000-0000-0000-0000-005c6dd8fa1b} is queued for setup."
"20-07-2026 11:27:26","30","Information","Microsoft-Windows-DeviceSetupManager","Device container {c50ccab6-be23-566d-b12f-e319603873eb} is queued for setup."
"20-07-2026 11:27:26","30","Information","Microsoft-Windows-DeviceSetupManager","Device container {00000000-0000-2c00-060a-160107000502} is queued for setup."
"20-07-2026 11:27:26","30","Information","Microsoft-Windows-DeviceSetupManager","Device container {1a280936-c6ed-5221-9721-f685a263cb13} is queued for setup."
"20-07-2026 11:27:26","30","Information","Microsoft-Windows-DeviceSetupManager","Device container {65a5b7d5-6ba2-11f1-a27e-54582d32ed0c} is queued for setup."
"20-07-2026 11:27:26","30","Information","Microsoft-Windows-DeviceSetupManager","Device container {e71cf5ff-7cee-527d-9ebc-544d6c2f24f5} is queued for setup."
"20-07-2026 11:27:26","30","Information","Microsoft-Windows-DeviceSetupManager","Device container {8e652481-7376-11f1-a281-54582d32ed0c} is queued for setup."
"20-07-2026 11:27:26","30","Information","Microsoft-Windows-DeviceSetupManager","Device container {00000000-0000-0800-2f11-161e06000102} is queued for setup."
"20-07-2026 11:27:26","30","Information","Microsoft-Windows-DeviceSetupManager","Device container {1a6862bd-6fa3-11f1-a27e-54582d32ed0c} is queued for setup."
"20-07-2026 11:27:26","30","Information","Microsoft-Windows-DeviceSetupManager","Device container {3bbca2de-ffda-53c6-90f2-f7fdd4f42870} is queued for setup."
"20-07-2026 11:27:26","30","Information","Microsoft-Windows-DeviceSetupManager","Device container {fbe0bb6f-57e9-11f1-a271-54582d32ed0c} is queued for setup."
"20-07-2026 11:27:26","30","Information","Microsoft-Windows-DeviceSetupManager","Device container {4fd81dad-e1d5-1608-b7cf-591767d49f90} is queued for setup."
"20-07-2026 11:27:26","30","Information","Microsoft-Windows-DeviceSetupManager","Device container {1a686207-6fa3-11f1-a27e-54582d32ed0c} is queued for setup."
"20-07-2026 11:27:26","30","Information","Microsoft-Windows-DeviceSetupManager","Device container {8e7f2822-5917-11f1-a271-54582d32ed0c} is queued for setup."
"20-07-2026 11:27:26","30","Information","Microsoft-Windows-DeviceSetupManager","Device container {31506464-56d6-11f1-a26a-806e6f6e6963} is queued for setup."
"20-07-2026 11:27:26","30","Information","Microsoft-Windows-DeviceSetupManager","Device container {9875a84b-5a50-11f1-a272-54582d32ed0c} is queued for setup."
"20-07-2026 11:27:26","30","Information","Microsoft-Windows-DeviceSetupManager","Device container {1a687113-6fa3-11f1-a27e-54582d32ed0c} is queued for setup."
"20-07-2026 11:27:26","30","Information","Microsoft-Windows-DeviceSetupManager","Device container {170e2716-68a6-11f1-a279-54582d32ed0c} is queued for setup."
"20-07-2026 11:27:26","30","Information","Microsoft-Windows-DeviceSetupManager","Device container {2484f79e-73b0-11f1-a281-54582d32ed0c} is queued for setup."
"20-07-2026 11:27:26","30","Information","Microsoft-Windows-DeviceSetupManager","Device container {66d57f75-1acf-5fa1-888e-b7e753613c0f} is queued for setup."
"20-07-2026 11:27:26","30","Information","Microsoft-Windows-DeviceSetupManager","Device container {a19df8ed-7b2b-571f-bffe-548aa27247c4} is queued for setup."
"20-07-2026 11:27:26","30","Information","Microsoft-Windows-DeviceSetupManager","Device container {2db29114-824e-9ff5-50a6-0054a5c85008} is queued for setup."
"20-07-2026 11:27:26","30","Information","Microsoft-Windows-DeviceSetupManager","Device container {ccc49380-9067-5383-966e-8334bad8972a} is queued for setup."
"20-07-2026 11:27:26","30","Information","Microsoft-Windows-DeviceSetupManager","Device container {010efe14-0230-55ea-ad57-3a6de2791598} is queued for setup."
"20-07-2026 11:27:26","30","Information","Microsoft-Windows-DeviceSetupManager","Device container {98759751-5a50-11f1-a272-54582d32ed0c} is queued for setup."
"20-07-2026 11:27:26","30","Information","Microsoft-Windows-DeviceSetupManager","Device container {31506435-56d6-11f1-a26a-806e6f6e6963} is queued for setup."
"20-07-2026 11:27:26","30","Information","Microsoft-Windows-DeviceSetupManager","Device container {80024adb-3047-5d2f-983f-eff9e40c2833} is queued for setup."
"20-07-2026 11:27:26","30","Information","Microsoft-Windows-DeviceSetupManager","Device container {fbe0ca52-57e9-11f1-a271-54582d32ed0c} is queued for setup."
"20-07-2026 11:27:26","30","Information","Microsoft-Windows-DeviceSetupManager","Device container {a86c545f-5e3d-11f1-a274-54582d32ed0c} is queued for setup."
"20-07-2026 11:27:26","30","Information","Microsoft-Windows-DeviceSetupManager","Device container {f7cf4b6c-3cfb-5309-8995-fb3d888c7e1e} is queued for setup."
"20-07-2026 11:27:26","30","Information","Microsoft-Windows-DeviceSetupManager","Device container {e5afc831-8d4b-5898-99c8-bc24c65ded28} is queued for setup."
"20-07-2026 11:27:26","190","Information","Microsoft-Windows-DeviceSetupManager","Property heuristics for device container 'Tek Keyboard' ({3eddb734-6333-11f1-a277-54582d32ed0c}) completed in 32 ms."
"20-07-2026 11:27:26","30","Information","Microsoft-Windows-DeviceSetupManager","Device container {11150715-212b-0102-0c00-004e34524b34} is queued for setup."
"20-07-2026 11:27:26","190","Information","Microsoft-Windows-DeviceSetupManager","Property heuristics for device container '\\hkgwinprnp001.enterprisenet.org\IN-CHE-6th Floor' ({4183f4c7-3cf5-5f48-82a4-e1c43f3fe45d}) completed in 31 ms."
"20-07-2026 11:27:26","190","Information","Microsoft-Windows-DeviceSetupManager","Property heuristics for device container 'Microsoft Print to PDF' ({d397268a-724c-b4ef-d641-c9234ba2948b}) completed in 26 ms."
"20-07-2026 11:27:26","30","Information","Microsoft-Windows-DeviceSetupManager","Device container {00000000-0000-0000-ffff-ffffffffffff} is queued for setup."
"20-07-2026 11:27:26","30","Information","Microsoft-Windows-DeviceSetupManager","Device container {c1114529-5b3d-11f1-a272-54582d32ed0c} is queued for setup."
"20-07-2026 11:27:26","30","Information","Microsoft-Windows-DeviceSetupManager","Device container {8e7f0bdb-5917-11f1-a271-54582d32ed0c} is queued for setup."
"20-07-2026 11:27:26","30","Information","Microsoft-Windows-DeviceSetupManager","Device container {3eddb734-6333-11f1-a277-54582d32ed0c} is queued for setup."
"20-07-2026 11:27:26","30","Information","Microsoft-Windows-DeviceSetupManager","Device container {1a687106-6fa3-11f1-a27e-54582d32ed0c} is queued for setup."
"20-07-2026 11:27:26","30","Information","Microsoft-Windows-DeviceSetupManager","Device container {d397268a-724c-b4ef-d641-c9234ba2948b} is queued for setup."
"20-07-2026 11:27:26","30","Information","Microsoft-Windows-DeviceSetupManager","Device container {4183f4c7-3cf5-5f48-82a4-e1c43f3fe45d} is queued for setup."
"20-07-2026 11:27:25","100","Information","Microsoft-Windows-DeviceSetupManager","DSM service started, mode is Normal, last session (or boot) was 665740 seconds ago."
"12-07-2026 18:22:44","107","Information","Microsoft-Windows-DeviceSetupManager","DSM service has shut down."
"12-07-2026 18:22:44","101","Information","Microsoft-Windows-DeviceSetupManager","DSM Service is shutting down. Service uptime was 52 seconds, active worktime was 5647 ms."
"12-07-2026 18:21:59","11","Information","Microsoft-Windows-DeviceSetupManager","DSM service is idle and waiting for stop."
"12-07-2026 18:21:59","112","Information","Microsoft-Windows-DeviceSetupManager","Device container 'Generic Monitor (HP 22cw)' ({1a687106-6fa3-11f1-a27e-54582d32ed0c}) has been serviced, processed 3 tasks, and wrote 0 properties in 5612 ms."
"12-07-2026 18:21:59","112","Information","Microsoft-Windows-DeviceSetupManager","Device container 'USB Receiver' ({1a687113-6fa3-11f1-a27e-54582d32ed0c}) has been serviced, processed 3 tasks, and wrote 0 properties in 5364 ms."
"12-07-2026 18:21:53","30","Information","Microsoft-Windows-DeviceSetupManager","Device container {1a687113-6fa3-11f1-a27e-54582d32ed0c} is queued for setup."
