"18-08-2026 10:29:42","62170","Information","Microsoft-Windows-Shell-Core","Logon task 'RemoveC2DShortcut' started with flags 132096."
"18-08-2026 10:29:42","62170","Information","Microsoft-Windows-Shell-Core","Logon task 'PerUserSetup' started with flags 132096."
"18-08-2026 10:29:42","62171","Information","Microsoft-Windows-Shell-Core","Logon task 'ConfigureA9InstallOptionalComponent' finished with flags 132096."
"18-08-2026 10:29:42","62170","Information","Microsoft-Windows-Shell-Core","Logon task 'ConfigureA9InstallOptionalComponent' started with flags 132096."
"18-08-2026 10:29:42","62171","Information","Microsoft-Windows-Shell-Core","Logon task 'WSXRegistryInitPreStart' finished with flags 132096."
"18-08-2026 10:29:42","62170","Information","Microsoft-Windows-Shell-Core","Logon task 'WSXRegistryInitPreStart' started with flags 132096."
"18-08-2026 10:29:42","62170","Information","Microsoft-Windows-Shell-Core","Logon task 'AssignedAccessLogonTaskAgentPreStart' started with flags 132096."
"18-08-2026 10:29:42","62171","Information","Microsoft-Windows-Shell-Core","Logon task 'EnterpriseProvisioning' finished with flags 132096."
"18-08-2026 10:29:42","62170","Information","Microsoft-Windows-Shell-Core","Logon task 'EnterpriseProvisioning' started with flags 132096."
"18-08-2026 10:29:42","62171","Information","Microsoft-Windows-Shell-Core","Logon task 'UpdatePCSettingsPreStart' finished with flags 132096."
"18-08-2026 10:29:42","62170","Information","Microsoft-Windows-Shell-Core","Logon task 'UpdatePCSettingsPreStart' started with flags 132096."
"18-08-2026 10:29:42","62171","Information","Microsoft-Windows-Shell-Core","Logon task 'PerformSignInSuggestionsStart' finished with flags 132096."
"18-08-2026 10:29:42","62170","Information","Microsoft-Windows-Shell-Core","Logon task 'PerformSignInSuggestionsStart' started with flags 132096."
"18-08-2026 10:29:42","62171","Information","Microsoft-Windows-Shell-Core","Logon task 'LaunchContentDeliveryManagerStart' finished with flags 132096."
"18-08-2026 10:29:42","62170","Information","Microsoft-Windows-Shell-Core","Logon task 'LaunchContentDeliveryManagerStart' started with flags 132096."
"18-08-2026 10:29:42","62170","Information","Microsoft-Windows-Shell-Core","Logon task 'LaunchExperienceHost' started with flags 132096."
"18-08-2026 10:29:42","28125","Information","Microsoft-Windows-Shell-Core","Starting to refresh app resolver cache for scenario 1 with flags 2316."
"18-08-2026 10:29:42","62170","Information","Microsoft-Windows-Shell-Core","Logon task 'PreStartTasks' started with flags 132096."
"18-08-2026 10:29:42","9649","Information","Microsoft-Windows-Shell-Core",
"18-08-2026 10:29:41","9648","Information","Microsoft-Windows-Shell-Core",
"18-08-2026 10:29:40","62171","Information","Microsoft-Windows-Shell-Core","Logon task 'ShellInitTasks' finished with flags 132096."
"18-08-2026 10:29:40","62171","Information","Microsoft-Windows-Shell-Core","Logon task 'InstallPWAs' finished with flags 132096."
"18-08-2026 10:29:40","62171","Information","Microsoft-Windows-Shell-Core","Logon task 'AppReadinessLogonGroup' finished with flags 132096."
"18-08-2026 10:29:40","62170","Information","Microsoft-Windows-Shell-Core","Logon task 'InstallPWAs' started with flags 132096."
"18-08-2026 10:29:40","62171","Information","Microsoft-Windows-Shell-Core","Logon task 'UpdatePCSettingsShellInit' finished with flags 132096."
"18-08-2026 10:29:40","62170","Information","Microsoft-Windows-Shell-Core","Logon task 'UpdatePCSettingsShellInit' started with flags 132096."
"18-08-2026 10:29:40","62170","Information","Microsoft-Windows-Shell-Core","Logon task 'AppReadinessLogonGroup' started with flags 132096."
"18-08-2026 10:29:40","62170","Information","Microsoft-Windows-Shell-Core","Logon task 'ShellInitTasks' started with flags 132096."
"18-08-2026 10:29:40","62171","Information","Microsoft-Windows-Shell-Core","Logon task 'PreShellTasks' finished with flags 132096."
"18-08-2026 10:29:40","62171","Information","Microsoft-Windows-Shell-Core","Logon task 'AppResolver' finished with flags 132096."
"18-08-2026 10:29:40","62171","Information","Microsoft-Windows-Shell-Core","Logon task 'AppReadinessPreShellGroup' finished with flags 132096."
"18-08-2026 10:29:40","62171","Information","Microsoft-Windows-Shell-Core","Logon task 'CacheUserEligibility' finished with flags 132096."
"18-08-2026 10:29:39","62171","Information","Microsoft-Windows-Shell-Core","Logon task 'ShellHandwriting' finished with flags 132096."
"18-08-2026 10:29:39","62171","Information","Microsoft-Windows-Shell-Core","Logon task 'LaunchProgrammableTaskbarCloudManager' finished with flags 132096."
"18-08-2026 10:29:39","62170","Information","Microsoft-Windows-Shell-Core","Logon task 'LaunchProgrammableTaskbarCloudManager' started with flags 132096."
"18-08-2026 10:29:39","62170","Information","Microsoft-Windows-Shell-Core","Logon task 'ShellHandwriting' started with flags 132096."
"18-08-2026 10:29:39","62171","Information","Microsoft-Windows-Shell-Core","Logon task 'DownloadEduThemes' finished with flags 132096."
"18-08-2026 10:29:39","62171","Information","Microsoft-Windows-Shell-Core","Logon task 'UgradeTaskFlowPolicy' finished with flags 132096."
"18-08-2026 10:29:39","62170","Information","Microsoft-Windows-Shell-Core","Logon task 'UgradeTaskFlowPolicy' started with flags 132096."
"18-08-2026 10:29:39","62170","Information","Microsoft-Windows-Shell-Core","Logon task 'DownloadEduThemes' started with flags 132096."
"18-08-2026 10:29:39","62170","Information","Microsoft-Windows-Shell-Core","Logon task 'StartLayoutInit' started with flags 132096."
"18-08-2026 10:29:39","62171","Information","Microsoft-Windows-Shell-Core","Logon task 'AppRestore' finished with flags 132096."
"18-08-2026 10:29:39","62170","Information","Microsoft-Windows-Shell-Core","Logon task 'AppRestore' started with flags 132096."
"18-08-2026 10:29:39","62170","Information","Microsoft-Windows-Shell-Core","Logon task 'PreShellTasks' started with flags 132096."
"18-08-2026 10:29:39","62171","Information","Microsoft-Windows-Shell-Core","Logon task 'PreRoamingTasks' finished with flags 132096."
"18-08-2026 10:29:39","62171","Information","Microsoft-Windows-Shell-Core","Logon task 'AppReadinessPreRoamingGroup' finished with flags 132096."
"18-08-2026 10:29:39","62171","Information","Microsoft-Windows-Shell-Core","Logon task 'ClickToDoEligibility' finished with flags 132096."
"18-08-2026 10:29:39","62171","Information","Microsoft-Windows-Shell-Core","Logon task 'RefreshOneSettingsFeatureConfigurations' finished with flags 132096."
"18-08-2026 10:29:39","62170","Information","Microsoft-Windows-Shell-Core","Logon task 'CacheUserEligibility' started with flags 132096."
"18-08-2026 10:29:39","62170","Information","Microsoft-Windows-Shell-Core","Logon task 'RefreshOneSettingsFeatureConfigurations' started with flags 132096."
"18-08-2026 10:29:39","62170","Information","Microsoft-Windows-Shell-Core","Logon task 'ClickToDoEligibility' started with flags 132096."
"18-08-2026 10:29:39","62171","Information","Microsoft-Windows-Shell-Core","Logon task 'WaitForMSAConnected' finished with flags 132096."
"18-08-2026 10:29:39","62170","Information","Microsoft-Windows-Shell-Core","Logon task 'WaitForMSAConnected' started with flags 132096."
"18-08-2026 10:29:39","62171","Information","Microsoft-Windows-Shell-Core","Logon task 'ActiveSetup' finished with flags 132096."
"18-08-2026 10:29:39","28125","Information","Microsoft-Windows-Shell-Core","Starting to refresh app resolver cache for scenario 1 with flags 268."
"18-08-2026 10:29:39","62171","Information","Microsoft-Windows-Shell-Core","Logon task 'GetLanguageOverlayPackage' finished with flags 132096."
"18-08-2026 10:29:39","62170","Information","Microsoft-Windows-Shell-Core","Logon task 'GetLanguageOverlayPackage' started with flags 132096."
"18-08-2026 10:29:39","62170","Information","Microsoft-Windows-Shell-Core","Logon task 'ActiveSetup' started with flags 132096."
"18-08-2026 10:29:39","62171","Information","Microsoft-Windows-Shell-Core","Logon task 'RunOnce' finished with flags 132096."
"18-08-2026 10:29:39","62170","Information","Microsoft-Windows-Shell-Core","Logon task 'RunOnce' started with flags 132096."
"18-08-2026 10:29:39","62171","Information","Microsoft-Windows-Shell-Core","Logon task 'SkydrivePrep' finished with flags 132096."
"18-08-2026 10:29:39","62170","Information","Microsoft-Windows-Shell-Core","Logon task 'SkydrivePrep' started with flags 132096."
"18-08-2026 10:29:39","62170","Information","Microsoft-Windows-Shell-Core","Logon task 'AppResolver' started with flags 132096."
"18-08-2026 10:29:39","62170","Information","Microsoft-Windows-Shell-Core","Logon task 'AppReadinessPreShellGroup' started with flags 132096."
"18-08-2026 10:29:39","62170","Information","Microsoft-Windows-Shell-Core","Logon task 'AppReadinessPreRoamingGroup' started with flags 132096."
"18-08-2026 10:29:39","62170","Information","Microsoft-Windows-Shell-Core","Logon task 'DefaultAssociations' started with flags 132096."
"18-08-2026 10:29:39","62171","Information","Microsoft-Windows-Shell-Core","Logon task 'ShellPrep' finished with flags 132096."
"18-08-2026 10:29:39","62170","Information","Microsoft-Windows-Shell-Core","Logon task 'ShellPrep' started with flags 132096."
"18-08-2026 10:29:39","62171","Information","Microsoft-Windows-Shell-Core","Logon task 'BackupRestoreCoordinator' finished with flags 132096."
"18-08-2026 10:29:39","62170","Information","Microsoft-Windows-Shell-Core","Logon task 'BackupRestoreCoordinator' started with flags 132096."
"18-08-2026 10:29:39","62170","Information","Microsoft-Windows-Shell-Core","Logon task 'PreRoamingTasks' started with flags 132096."
"18-08-2026 10:29:39","62170","Information","Microsoft-Windows-Shell-Core","Logon task 'AllLogonTasks' started with flags 132096."
"18-08-2026 09:44:56","28019","Information","Microsoft-Windows-Shell-Core","AppResolver Cache Committed."
"18-08-2026 09:44:56","28018","Information","Microsoft-Windows-Shell-Core","AppResolver Scan Stopped."
"18-08-2026 09:44:56","28017","Information","Microsoft-Windows-Shell-Core","AppResolver Scan Started."
"18-08-2026 09:43:02","28019","Information","Microsoft-Windows-Shell-Core","AppResolver Cache Committed."
"18-08-2026 09:43:02","28018","Information","Microsoft-Windows-Shell-Core","AppResolver Scan Stopped."
"18-08-2026 09:43:02","28117","Information","Microsoft-Windows-Shell-Core","Shortcut for application Claude with ID com.squirrel.AnthropicClaude.claude and flags 0x31 is updated in app resolver cache."
"18-08-2026 09:43:01","28017","Information","Microsoft-Windows-Shell-Core","AppResolver Scan Started."
"17-08-2026 15:47:55","28019","Information","Microsoft-Windows-Shell-Core","AppResolver Cache Committed."
"17-08-2026 15:47:55","28018","Information","Microsoft-Windows-Shell-Core","AppResolver Scan Stopped."
"17-08-2026 15:47:55","28117","Information","Microsoft-Windows-Shell-Core","Shortcut for application Command Prompt with ID {1AC14E77-02E7-4E5D-B744-2EB1AE5198B7}\cmd.exe and flags 0x38 is updated in app resolver cache."
"17-08-2026 15:47:55","28017","Information","Microsoft-Windows-Shell-Core","AppResolver Scan Started."
"17-08-2026 15:09:24","28019","Information","Microsoft-Windows-Shell-Core","AppResolver Cache Committed."
"17-08-2026 15:09:24","28018","Information","Microsoft-Windows-Shell-Core","AppResolver Scan Stopped."
"17-08-2026 15:09:24","28117","Information","Microsoft-Windows-Shell-Core","Shortcut for application Command Prompt with ID {1AC14E77-02E7-4E5D-B744-2EB1AE5198B7}\cmd.exe and flags 0x38 is updated in app resolver cache."
"17-08-2026 15:09:24","28017","Information","Microsoft-Windows-Shell-Core","AppResolver Scan Started."
"17-08-2026 13:31:57","62144","Information","Microsoft-Windows-Shell-Core","Updating install state of package Microsoft.MicrosoftEdge.Stable_8wekyb3d8bbwe to 'Completed' with HRESULT 0."
"17-08-2026 13:31:57","62144","Information","Microsoft-Windows-Shell-Core","Updating install state of package Microsoft.MicrosoftEdge.Stable_8wekyb3d8bbwe to 'Installing' with HRESULT 0."
"17-08-2026 13:31:57","62144","Information","Microsoft-Windows-Shell-Core","Updating install state of package Microsoft.WindowsAppRuntime.2_8wekyb3d8bbwe to 'Completed' with HRESULT 0."
"17-08-2026 13:31:55","62144","Information","Microsoft-Windows-Shell-Core","Updating install state of package Microsoft.WindowsAppRuntime.2_8wekyb3d8bbwe to 'Installing' with HRESULT 0."
"17-08-2026 13:31:55","62144","Information","Microsoft-Windows-Shell-Core","Updating install state of package MSTeams_8wekyb3d8bbwe to 'Error' with HRESULT 0."
"17-08-2026 13:31:55","62164","Information","Microsoft-Windows-Shell-Core","Package MSTeams_8wekyb3d8bbwe failed to install with HRESULT 2147958018."
"17-08-2026 13:31:55","62144","Information","Microsoft-Windows-Shell-Core","Updating install state of package MSTeams_8wekyb3d8bbwe to 'Installing' with HRESULT 0."
"17-08-2026 10:34:36","28019","Information","Microsoft-Windows-Shell-Core","AppResolver Cache Committed."
"17-08-2026 10:34:36","28018","Information","Microsoft-Windows-Shell-Core","AppResolver Scan Stopped."
"17-08-2026 10:34:36","28117","Information","Microsoft-Windows-Shell-Core","Shortcut for application Claude with ID com.squirrel.AnthropicClaude.claude and flags 0x31 is updated in app resolver cache."
"17-08-2026 10:34:36","28017","Information","Microsoft-Windows-Shell-Core","AppResolver Scan Started."
"17-08-2026 10:04:43","28019","Information","Microsoft-Windows-Shell-Core","AppResolver Cache Committed."
"17-08-2026 10:04:43","28018","Information","Microsoft-Windows-Shell-Core","AppResolver Scan Stopped."
"17-08-2026 10:04:43","28017","Information","Microsoft-Windows-Shell-Core","AppResolver Scan Started."
"17-08-2026 10:04:26","62144","Information","Microsoft-Windows-Shell-Core","Updating install state of package Microsoft.OfficePushNotificationUtility_8wekyb3d8bbwe to 'Completed' with HRESULT 0."
"17-08-2026 10:04:24","62144","Information","Microsoft-Windows-Shell-Core","Updating install state of package Microsoft.OfficePushNotificationUtility_8wekyb3d8bbwe to 'Installing' with HRESULT 0."
"17-08-2026 10:04:24","62144","Information","Microsoft-Windows-Shell-Core","Updating install state of package Microsoft.Office.ActionsServer_8wekyb3d8bbwe to 'Completed' with HRESULT 0."
"17-08-2026 10:04:23","62144","Information","Microsoft-Windows-Shell-Core","Updating install state of package Microsoft.Office.ActionsServer_8wekyb3d8bbwe to 'Installing' with HRESULT 0."
"17-08-2026 10:04:23","62144","Information","Microsoft-Windows-Shell-Core","Updating install state of package Microsoft.WindowsAppRuntime.1.8_8wekyb3d8bbwe to 'Completed' with HRESULT 0."
"17-08-2026 10:04:21","62144","Information","Microsoft-Windows-Shell-Core","Updating install state of package Microsoft.WindowsAppRuntime.1.8_8wekyb3d8bbwe to 'Installing' with HRESULT 0."
"17-08-2026 10:04:21","62144","Information","Microsoft-Windows-Shell-Core","Updating install state of package aimgr_8wekyb3d8bbwe to 'Completed' with HRESULT 0."
"17-08-2026 10:04:21","62144","Information","Microsoft-Windows-Shell-Core","Updating install state of package aimgr_8wekyb3d8bbwe to 'Installing' with HRESULT 0."
"17-08-2026 10:04:21","62144","Information","Microsoft-Windows-Shell-Core","Updating install state of package Microsoft.WindowsAppRuntime.2_8wekyb3d8bbwe to 'Completed' with HRESULT 0."
"17-08-2026 10:04:19","62144","Information","Microsoft-Windows-Shell-Core","Updating install state of package Microsoft.WindowsAppRuntime.2_8wekyb3d8bbwe to 'Installing' with HRESULT 0."
"17-08-2026 10:04:19","62144","Information","Microsoft-Windows-Shell-Core","Updating install state of package Microsoft.WindowsAppRuntime.1.8_8wekyb3d8bbwe to 'Completed' with HRESULT 0."
"17-08-2026 10:04:16","62144","Information","Microsoft-Windows-Shell-Core","Updating install state of package Microsoft.WindowsAppRuntime.1.8_8wekyb3d8bbwe to 'Installing' with HRESULT 0."
"17-08-2026 09:49:49","28019","Information","Microsoft-Windows-Shell-Core","AppResolver Cache Committed."
"17-08-2026 09:49:49","28018","Information","Microsoft-Windows-Shell-Core","AppResolver Scan Stopped."
"17-08-2026 09:49:49","28017","Information","Microsoft-Windows-Shell-Core","AppResolver Scan Started."
"17-08-2026 09:49:44","28019","Information","Microsoft-Windows-Shell-Core","AppResolver Cache Committed."
"17-08-2026 09:49:44","28018","Information","Microsoft-Windows-Shell-Core","AppResolver Scan Stopped."
"17-08-2026 09:49:44","28117","Information","Microsoft-Windows-Shell-Core","Shortcut for application Claude with ID com.squirrel.AnthropicClaude.claude and flags 0x31 is updated in app resolver cache."
"17-08-2026 09:49:44","28017","Information","Microsoft-Windows-Shell-Core","AppResolver Scan Started."
"17-08-2026 09:45:38","28019","Information","Microsoft-Windows-Shell-Core","AppResolver Cache Committed."
"17-08-2026 09:45:38","28018","Information","Microsoft-Windows-Shell-Core","AppResolver Scan Stopped."
"17-08-2026 09:45:38","28117","Information","Microsoft-Windows-Shell-Core","Shortcut for application Microsoft Edge with ID MSEdge and flags 0x19 is updated in app resolver cache."
"17-08-2026 09:45:38","28032","Information","Microsoft-Windows-Shell-Core","AppResolver has parsed the visual elements manifest for a tile."
"17-08-2026 09:45:38","28117","Information","Microsoft-Windows-Shell-Core","Shortcut for application Microsoft Edge with ID MSEdge and flags 0x39 is updated in app resolver cache."
"17-08-2026 09:45:38","28032","Information","Microsoft-Windows-Shell-Core","AppResolver has parsed the visual elements manifest for a tile."
"17-08-2026 09:45:38","28017","Information","Microsoft-Windows-Shell-Core","AppResolver Scan Started."
"14-08-2026 14:23:51","28019","Information","Microsoft-Windows-Shell-Core","AppResolver Cache Committed."
"14-08-2026 14:23:51","28018","Information","Microsoft-Windows-Shell-Core","AppResolver Scan Stopped."
"14-08-2026 14:23:51","28117","Information","Microsoft-Windows-Shell-Core","Shortcut for application Claude with ID com.squirrel.AnthropicClaude.claude and flags 0x31 is updated in app resolver cache."
"14-08-2026 14:23:51","28017","Information","Microsoft-Windows-Shell-Core","AppResolver Scan Started."
"13-08-2026 14:16:04","28019","Information","Microsoft-Windows-Shell-Core","AppResolver Cache Committed."
"13-08-2026 14:16:04","28018","Information","Microsoft-Windows-Shell-Core","AppResolver Scan Stopped."
"13-08-2026 14:16:04","28017","Information","Microsoft-Windows-Shell-Core","AppResolver Scan Started."
"13-08-2026 14:16:02","28019","Information","Microsoft-Windows-Shell-Core","AppResolver Cache Committed."
"13-08-2026 14:16:02","28018","Information","Microsoft-Windows-Shell-Core","AppResolver Scan Stopped."
"13-08-2026 14:16:02","28115","Information","Microsoft-Windows-Shell-Core","Shortcut for application Claude with ID com.squirrel.AnthropicClaude.claude and flags 0x31 is added to app resolver cache."
"13-08-2026 14:16:02","28115","Information","Microsoft-Windows-Shell-Core","Shortcut for application Claude with ID com.squirrel.AnthropicClaude.claude and flags 0x31 is added to app resolver cache."
"13-08-2026 14:16:02","28017","Information","Microsoft-Windows-Shell-Core","AppResolver Scan Started."
"13-08-2026 09:16:17","28019","Information","Microsoft-Windows-Shell-Core","AppResolver Cache Committed."
"13-08-2026 09:16:17","28018","Information","Microsoft-Windows-Shell-Core","AppResolver Scan Stopped."
"13-08-2026 09:16:17","28117","Information","Microsoft-Windows-Shell-Core","Shortcut for application Google Chrome with ID Chrome and flags 0x11 is updated in app resolver cache."
"13-08-2026 09:16:17","28032","Information","Microsoft-Windows-Shell-Core","AppResolver has parsed the visual elements manifest for a tile."
"13-08-2026 09:16:17","28117","Information","Microsoft-Windows-Shell-Core","Shortcut for application Google Chrome with ID Chrome and flags 0x31 is updated in app resolver cache."
"13-08-2026 09:16:17","28032","Information","Microsoft-Windows-Shell-Core","AppResolver has parsed the visual elements manifest for a tile."
"13-08-2026 09:16:16","28017","Information","Microsoft-Windows-Shell-Core","AppResolver Scan Started."
"12-08-2026 17:27:52","28019","Information","Microsoft-Windows-Shell-Core","AppResolver Cache Committed."
"12-08-2026 17:27:52","28018","Information","Microsoft-Windows-Shell-Core","AppResolver Scan Stopped."
"12-08-2026 17:27:52","28017","Information","Microsoft-Windows-Shell-Core","AppResolver Scan Started."
"12-08-2026 13:52:53","62144","Information","Microsoft-Windows-Shell-Core","Updating install state of package Microsoft.OneDriveSync_8wekyb3d8bbwe to 'Completed' with HRESULT 0."
"12-08-2026 13:52:53","62144","Information","Microsoft-Windows-Shell-Core","Updating install state of package Microsoft.OneDriveSync_8wekyb3d8bbwe to 'Installing' with HRESULT 0."
"12-08-2026 13:52:47","62144","Information","Microsoft-Windows-Shell-Core","Updating install state of package Microsoft.OneDriveSync_8wekyb3d8bbwe to 'Completed' with HRESULT 0."
"12-08-2026 13:52:46","62144","Information","Microsoft-Windows-Shell-Core","Updating install state of package Microsoft.OneDriveSync_8wekyb3d8bbwe to 'Installing' with HRESULT 0."
"12-08-2026 13:52:46","28018","Information","Microsoft-Windows-Shell-Core","AppResolver Scan Stopped."
"12-08-2026 13:52:46","28017","Information","Microsoft-Windows-Shell-Core","AppResolver Scan Started."
"12-08-2026 13:52:44","28019","Information","Microsoft-Windows-Shell-Core","AppResolver Cache Committed."
"12-08-2026 13:52:44","28018","Information","Microsoft-Windows-Shell-Core","AppResolver Scan Stopped."
"12-08-2026 13:52:44","28117","Information","Microsoft-Windows-Shell-Core","Shortcut for application OneDrive with ID Microsoft.SkyDrive.Desktop and flags 0x31 is updated in app resolver cache."
"12-08-2026 13:52:44","28032","Information","Microsoft-Windows-Shell-Core","AppResolver has parsed the visual elements manifest for a tile."
"12-08-2026 13:52:43","28017","Information","Microsoft-Windows-Shell-Core","AppResolver Scan Started."
"12-08-2026 09:17:43","62144","Information","Microsoft-Windows-Shell-Core","Updating install state of package Microsoft.MicrosoftEdge.Stable_8wekyb3d8bbwe to 'Completed' with HRESULT 0."
"12-08-2026 09:17:43","62144","Information","Microsoft-Windows-Shell-Core","Updating install state of package Microsoft.MicrosoftEdge.Stable_8wekyb3d8bbwe to 'Installing' with HRESULT 0."
"12-08-2026 08:55:57","28019","Information","Microsoft-Windows-Shell-Core","AppResolver Cache Committed."
"12-08-2026 08:55:57","28018","Information","Microsoft-Windows-Shell-Core","AppResolver Scan Stopped."
"12-08-2026 08:55:57","28117","Information","Microsoft-Windows-Shell-Core","Shortcut for application Microsoft Edge with ID MSEdge and flags 0x19 is updated in app resolver cache."
"12-08-2026 08:55:57","28032","Information","Microsoft-Windows-Shell-Core","AppResolver has parsed the visual elements manifest for a tile."
"12-08-2026 08:55:57","28117","Information","Microsoft-Windows-Shell-Core","Shortcut for application Microsoft Edge with ID MSEdge and flags 0x39 is updated in app resolver cache."
"12-08-2026 08:55:57","28032","Information","Microsoft-Windows-Shell-Core","AppResolver has parsed the visual elements manifest for a tile."
"12-08-2026 08:55:57","28017","Information","Microsoft-Windows-Shell-Core","AppResolver Scan Started."
"11-08-2026 12:16:29","62144","Information","Microsoft-Windows-Shell-Core","Updating install state of package DellInc.DellCommandUpdate_htrsf667h5kn2 to 'Completed' with HRESULT 0."
"11-08-2026 12:16:28","62144","Information","Microsoft-Windows-Shell-Core","Updating install state of package DellInc.DellCommandUpdate_htrsf667h5kn2 to 'Installing' with HRESULT 0."
"11-08-2026 12:11:14","9706","Information","Microsoft-Windows-Shell-Core","Finished enumeration of commands for registry key 'Software\Microsoft\Windows\CurrentVersion\Run'."
"11-08-2026 12:11:14","9708","Information","Microsoft-Windows-Shell-Core","Finished execution of command 'TrGUI.exe""' (PID 8672)."
"11-08-2026 12:11:09","9649","Information","Microsoft-Windows-Shell-Core",
"11-08-2026 12:11:09","9707","Information","Microsoft-Windows-Shell-Core","Started execution of command 'TrGUI.exe""'."
"11-08-2026 12:11:09","9705","Information","Microsoft-Windows-Shell-Core","Started enumeration of commands for registry key 'Software\Microsoft\Windows\CurrentVersion\Run'."
"11-08-2026 12:11:09","9648","Information","Microsoft-Windows-Shell-Core",
"11-08-2026 12:11:09","9649","Information","Microsoft-Windows-Shell-Core",
"11-08-2026 12:11:09","9648","Information","Microsoft-Windows-Shell-Core",
"11-08-2026 12:11:09","9649","Information","Microsoft-Windows-Shell-Core",
"11-08-2026 12:11:09","9706","Information","Microsoft-Windows-Shell-Core","Finished enumeration of commands for registry key 'Software\Microsoft\Windows\CurrentVersion\RunOnce'."
"11-08-2026 12:11:09","9705","Information","Microsoft-Windows-Shell-Core","Started enumeration of commands for registry key 'Software\Microsoft\Windows\CurrentVersion\RunOnce'."
"11-08-2026 12:11:09","62409","Information","Microsoft-Windows-Shell-Core","Finished execution of command 'm365copilot_autostarter.exe' (PID 26460)."
"11-08-2026 12:10:39","62408","Information","Microsoft-Windows-Shell-Core","Started execution of command 'm365copilot_autostarter.exe'."
"11-08-2026 12:10:39","62409","Information","Microsoft-Windows-Shell-Core","Finished execution of command 'msteams_autostarter.exe' (PID 24488)."
"11-08-2026 12:10:08","62408","Information","Microsoft-Windows-Shell-Core","Started execution of command 'msteams_autostarter.exe'."
"11-08-2026 12:10:08","9706","Information","Microsoft-Windows-Shell-Core","Finished enumeration of commands for registry key 'Software\Microsoft\Windows\CurrentVersion\Run'."
"11-08-2026 12:10:08","9708","Information","Microsoft-Windows-Shell-Core","Finished execution of command 'msedge.exe"" --no-startup-window --win-session-start' (PID 5268)."
"11-08-2026 12:09:38","9707","Information","Microsoft-Windows-Shell-Core","Started execution of command 'msedge.exe"" --no-startup-window --win-session-start'."
"11-08-2026 12:09:38","9708","Information","Microsoft-Windows-Shell-Core","Finished execution of command 'OneDrive.Sync.Service.exe' (PID 22928)."
"11-08-2026 12:09:07","9707","Information","Microsoft-Windows-Shell-Core","Started execution of command 'OneDrive.Sync.Service.exe'."
"11-08-2026 12:09:07","9708","Information","Microsoft-Windows-Shell-Core","Finished execution of command 'OneDrive.exe"" /background' (PID 21152)."
"11-08-2026 12:08:50","62144","Information","Microsoft-Windows-Shell-Core","Updating install state of package Microsoft.OneDriveSync_8wekyb3d8bbwe to 'Completed' with HRESULT 0."
"11-08-2026 12:08:49","62144","Information","Microsoft-Windows-Shell-Core","Updating install state of package Microsoft.OneDriveSync_8wekyb3d8bbwe to 'Installing' with HRESULT 0."
"11-08-2026 12:08:37","9707","Information","Microsoft-Windows-Shell-Core","Started execution of command 'OneDrive.exe"" /background'."
"11-08-2026 12:08:37","9705","Information","Microsoft-Windows-Shell-Core","Started enumeration of commands for registry key 'Software\Microsoft\Windows\CurrentVersion\Run'."
"11-08-2026 12:08:37","9706","Information","Microsoft-Windows-Shell-Core","Finished enumeration of commands for registry key 'Software\Microsoft\Windows\CurrentVersion\Run'."
"11-08-2026 12:08:37","9708","Information","Microsoft-Windows-Shell-Core","Finished execution of command 'Seagull_DriverStartup.exe startup' (PID 22500)."
"11-08-2026 12:08:35","9707","Information","Microsoft-Windows-Shell-Core","Started execution of command 'Seagull_DriverStartup.exe startup'."
"11-08-2026 12:08:35","9708","Information","Microsoft-Windows-Shell-Core","Finished execution of command 'CLAudioBackgroundProcess.exe' (PID 19708)."
"11-08-2026 12:08:13","9707","Information","Microsoft-Windows-Shell-Core","Started execution of command 'CLAudioBackgroundProcess.exe'."
"11-08-2026 12:08:13","9708","Information","Microsoft-Windows-Shell-Core","Finished execution of command 'SecurityHealthSystray.exe' (PID 17884)."
"11-08-2026 12:07:45","62144","Information","Microsoft-Windows-Shell-Core","Updating install state of package Microsoft.StorePurchaseApp_8wekyb3d8bbwe to 'Completed' with HRESULT 0."
"11-08-2026 12:07:43","9707","Information","Microsoft-Windows-Shell-Core","Started execution of command 'SecurityHealthSystray.exe'."
"11-08-2026 12:07:43","9705","Information","Microsoft-Windows-Shell-Core","Started enumeration of commands for registry key 'Software\Microsoft\Windows\CurrentVersion\Run'."
"11-08-2026 12:07:40","62144","Information","Microsoft-Windows-Shell-Core","Updating install state of package Microsoft.StorePurchaseApp_8wekyb3d8bbwe to 'Installing' with HRESULT 0."
"11-08-2026 12:07:21","28019","Information","Microsoft-Windows-Shell-Core","AppResolver Cache Committed."
"11-08-2026 12:07:21","28018","Information","Microsoft-Windows-Shell-Core","AppResolver Scan Stopped."
"11-08-2026 12:07:21","28017","Information","Microsoft-Windows-Shell-Core","AppResolver Scan Started."
"11-08-2026 12:07:13","9648","Information","Microsoft-Windows-Shell-Core",
"11-08-2026 12:07:13","9649","Information","Microsoft-Windows-Shell-Core",
"11-08-2026 12:07:13","9653","Information","Microsoft-Windows-Shell-Core",
"11-08-2026 12:07:13","9653","Information","Microsoft-Windows-Shell-Core",
"11-08-2026 12:07:13","9652","Information","Microsoft-Windows-Shell-Core",
"11-08-2026 12:07:13","9652","Information","Microsoft-Windows-Shell-Core",
"11-08-2026 12:07:13","9648","Information","Microsoft-Windows-Shell-Core",
"11-08-2026 12:07:13","9649","Information","Microsoft-Windows-Shell-Core",
"11-08-2026 12:07:13","9648","Information","Microsoft-Windows-Shell-Core",
"11-08-2026 12:07:13","9649","Information","Microsoft-Windows-Shell-Core",
"11-08-2026 12:07:13","9648","Information","Microsoft-Windows-Shell-Core",
"11-08-2026 12:07:13","9649","Information","Microsoft-Windows-Shell-Core",
"11-08-2026 12:07:13","9648","Information","Microsoft-Windows-Shell-Core",
"11-08-2026 12:07:13","9649","Information","Microsoft-Windows-Shell-Core",
"11-08-2026 12:07:13","9648","Information","Microsoft-Windows-Shell-Core",
"11-08-2026 12:07:13","9649","Information","Microsoft-Windows-Shell-Core",
"11-08-2026 12:07:13","9653","Information","Microsoft-Windows-Shell-Core",
"11-08-2026 12:07:13","9653","Information","Microsoft-Windows-Shell-Core",
"11-08-2026 12:07:13","9653","Information","Microsoft-Windows-Shell-Core",
"11-08-2026 12:07:13","62171","Information","Microsoft-Windows-Shell-Core","Logon task 'DefaultAssociations' finished with flags 132096."
"11-08-2026 12:07:12","62171","Information","Microsoft-Windows-Shell-Core","Logon task 'InitializeBrowserSsoCookie' finished with flags 132096."
"11-08-2026 12:07:12","62171","Information","Microsoft-Windows-Shell-Core","Logon task 'CloudDataUpdateProfileName' finished with flags 132096."
"11-08-2026 12:07:12","62171","Information","Microsoft-Windows-Shell-Core","Logon task 'CloudDataRestore' finished with flags 132096."
"11-08-2026 12:07:12","62171","Information","Microsoft-Windows-Shell-Core","Logon task 'AppReadinessNotifyLogonComplete' finished with flags 132096."
"11-08-2026 12:07:12","62171","Information","Microsoft-Windows-Shell-Core","Logon task 'LaunchInputDialListenerPostStart' finished with flags 132096."
"11-08-2026 12:07:12","62171","Information","Microsoft-Windows-Shell-Core","Logon task 'CDSDataMigration' finished with flags 132096."
"11-08-2026 12:07:12","9652","Information","Microsoft-Windows-Shell-Core",
"11-08-2026 12:07:12","9652","Information","Microsoft-Windows-Shell-Core",
"11-08-2026 12:07:12","62171","Information","Microsoft-Windows-Shell-Core","Logon task 'LaunchCustomShell' finished with flags 132096."
"11-08-2026 12:07:12","62171","Information","Microsoft-Windows-Shell-Core","Logon task 'AssignedAccessAutoLaunch' finished with flags 132096."
"11-08-2026 12:07:12","62171","Information","Microsoft-Windows-Shell-Core","Logon task 'WSXRegistryInit' finished with flags 132096."
"11-08-2026 12:07:12","62170","Information","Microsoft-Windows-Shell-Core","Logon task 'WSXRegistryInit' started with flags 132096."
"11-08-2026 12:07:12","62171","Information","Microsoft-Windows-Shell-Core","Logon task 'LaunchExplorerNamespaceRestrictionPostStart' finished with flags 132096."
"11-08-2026 12:07:12","62170","Information","Microsoft-Windows-Shell-Core","Logon task 'CloudDataUpdateProfileName' started with flags 132096."
"11-08-2026 12:07:12","62170","Information","Microsoft-Windows-Shell-Core","Logon task 'LaunchExplorerNamespaceRestrictionPostStart' started with flags 132096."
"11-08-2026 12:07:12","62170","Information","Microsoft-Windows-Shell-Core","Logon task 'CDSDataMigration' started with flags 132096."
"11-08-2026 12:07:12","62170","Information","Microsoft-Windows-Shell-Core","Logon task 'CloudDataRestore' started with flags 132096."
"11-08-2026 12:07:12","9652","Information","Microsoft-Windows-Shell-Core",
"11-08-2026 12:07:12","9653","Information","Microsoft-Windows-Shell-Core",
"11-08-2026 12:07:12","62171","Information","Microsoft-Windows-Shell-Core","Logon task 'FamilyMembersNotification' finished with flags 132096."
"11-08-2026 12:07:12","62170","Information","Microsoft-Windows-Shell-Core","Logon task 'FamilyMembersNotification' started with flags 132096."
"11-08-2026 12:07:12","62171","Information","Microsoft-Windows-Shell-Core","Logon task 'FamilySync' finished with flags 132096."
"11-08-2026 12:07:12","62170","Information","Microsoft-Windows-Shell-Core","Logon task 'FamilySync' started with flags 132096."
"11-08-2026 12:07:12","62170","Information","Microsoft-Windows-Shell-Core","Logon task 'LaunchCustomShell' started with flags 132096."
"11-08-2026 12:07:12","62171","Information","Microsoft-Windows-Shell-Core","Logon task 'LaunchExplorerDestListMigrationPostStart' finished with flags 132096."
"11-08-2026 12:07:12","62170","Information","Microsoft-Windows-Shell-Core","Logon task 'LaunchExplorerDestListMigrationPostStart' started with flags 132096."
"11-08-2026 12:07:12","62171","Information","Microsoft-Windows-Shell-Core","Logon task 'LaunchLockScreenCacheImageRestorePostStart' finished with flags 132096."
"11-08-2026 12:07:12","62170","Information","Microsoft-Windows-Shell-Core","Logon task 'LaunchLockScreenCacheImageRestorePostStart' started with flags 132096."
"11-08-2026 12:07:12","62171","Information","Microsoft-Windows-Shell-Core","Logon task 'CreateYourPhoneShortcutsIfNeededPostStart' finished with flags 132096."
"11-08-2026 12:07:12","62170","Information","Microsoft-Windows-Shell-Core","Logon task 'CreateYourPhoneShortcutsIfNeededPostStart' started with flags 132096."
"11-08-2026 12:07:12","62171","Information","Microsoft-Windows-Shell-Core","Logon task 'CreateEdgeIconIfNeededPostStart' finished with flags 132096."
"11-08-2026 12:07:12","62170","Information","Microsoft-Windows-Shell-Core","Logon task 'CreateEdgeIconIfNeededPostStart' started with flags 132096."
"11-08-2026 12:07:12","62170","Information","Microsoft-Windows-Shell-Core","Logon task 'InitializeBrowserSsoCookie' started with flags 132096."
"11-08-2026 12:07:12","62171","Information","Microsoft-Windows-Shell-Core","Logon task 'RemoveTempOOBEUser' finished with flags 132096."
"11-08-2026 12:07:12","62170","Information","Microsoft-Windows-Shell-Core","Logon task 'RemoveTempOOBEUser' started with flags 132096."
"11-08-2026 12:07:12","62171","Information","Microsoft-Windows-Shell-Core","Logon task 'CommercialHomePageSetup' finished with flags 132096."
"11-08-2026 12:07:12","62170","Information","Microsoft-Windows-Shell-Core","Logon task 'AppReadinessNotifyLogonComplete' started with flags 132096."
"11-08-2026 12:07:12","62170","Information","Microsoft-Windows-Shell-Core","Logon task 'CommercialHomePageSetup' started with flags 132096."
"11-08-2026 12:07:12","62171","Information","Microsoft-Windows-Shell-Core","Logon task 'StartSkydriveSync' finished with flags 132096."
"11-08-2026 12:07:12","62171","Information","Microsoft-Windows-Shell-Core","Logon task 'PostStartTasks' finished with flags 132096."
"11-08-2026 12:07:12","62171","Information","Microsoft-Windows-Shell-Core","Logon task 'PrepareSettingSearch' finished with flags 132096."
"11-08-2026 12:07:12","62170","Information","Microsoft-Windows-Shell-Core","Logon task 'PrepareSettingSearch' started with flags 132096."
"11-08-2026 12:07:12","62171","Information","Microsoft-Windows-Shell-Core","Logon task 'ResumeAppRestore' finished with flags 132096."
"11-08-2026 12:07:12","62170","Information","Microsoft-Windows-Shell-Core","Logon task 'ResumeAppRestore' started with flags 132096."
"11-08-2026 12:07:12","62171","Information","Microsoft-Windows-Shell-Core","Logon task 'FixUserTileStoreCorruption' finished with flags 132096."
"11-08-2026 12:07:12","62170","Information","Microsoft-Windows-Shell-Core","Logon task 'AssignedAccessAutoLaunch' started with flags 132096."
"11-08-2026 12:07:12","9652","Information","Microsoft-Windows-Shell-Core",
"11-08-2026 12:07:12","9648","Information","Microsoft-Windows-Shell-Core",
"11-08-2026 12:07:12","62171","Information","Microsoft-Windows-Shell-Core","Logon task 'NotifyTrayStartIsReady' finished with flags 132096."
"11-08-2026 12:07:12","62170","Information","Microsoft-Windows-Shell-Core","Logon task 'NotifyTrayStartIsReady' started with flags 132096."
"11-08-2026 12:07:12","62170","Information","Microsoft-Windows-Shell-Core","Logon task 'LaunchInputDialListenerPostStart' started with flags 132096."
"11-08-2026 12:07:12","62171","Information","Microsoft-Windows-Shell-Core","Logon task 'LaunchExperienceHostPostStart' finished with flags 132096."
"11-08-2026 12:07:12","62170","Information","Microsoft-Windows-Shell-Core","Logon task 'LaunchExperienceHostPostStart' started with flags 132096."
"11-08-2026 12:07:12","62171","Information","Microsoft-Windows-Shell-Core","Logon task 'OEMFirstRunTelemetry' finished with flags 132096."
"11-08-2026 12:07:12","62170","Information","Microsoft-Windows-Shell-Core","Logon task 'OEMFirstRunTelemetry' started with flags 132096."
"11-08-2026 12:07:12","62170","Information","Microsoft-Windows-Shell-Core","Logon task 'StartSkydriveSync' started with flags 132096."
"11-08-2026 12:07:12","62170","Information","Microsoft-Windows-Shell-Core","Logon task 'FixUserTileStoreCorruption' started with flags 132096."
"11-08-2026 12:07:12","62171","Information","Microsoft-Windows-Shell-Core","Logon task 'LaunchPeopleExperiencePostStart' finished with flags 132096."
"11-08-2026 12:07:12","62171","Information","Microsoft-Windows-Shell-Core","Logon task 'LaunchLockAppHostPostStart' finished with flags 132096."
"11-08-2026 12:07:12","62170","Information","Microsoft-Windows-Shell-Core","Logon task 'LaunchLockAppHostPostStart' started with flags 132096."
"11-08-2026 12:07:12","62170","Information","Microsoft-Windows-Shell-Core","Logon task 'LaunchPeopleExperiencePostStart' started with flags 132096."
"11-08-2026 12:07:12","62171","Information","Microsoft-Windows-Shell-Core","Logon task 'PerUserSetupPostStart' finished with flags 132096."
"11-08-2026 12:07:12","62170","Information","Microsoft-Windows-Shell-Core","Logon task 'PerUserSetupPostStart' started with flags 132096."
"11-08-2026 12:07:12","62170","Information","Microsoft-Windows-Shell-Core","Logon task 'PostStartTasks' started with flags 132096."
"11-08-2026 12:07:12","62171","Information","Microsoft-Windows-Shell-Core","Logon task 'AllLogonTasks' finished with flags 132096."
"11-08-2026 12:07:12","62171","Information","Microsoft-Windows-Shell-Core","Logon task 'PreStartTasks' finished with flags 132096."
"11-08-2026 12:07:12","62171","Information","Microsoft-Windows-Shell-Core","Logon task 'PerUserSetup' finished with flags 132096."
"11-08-2026 12:07:12","62171","Information","Microsoft-Windows-Shell-Core","Logon task 'PerformSignInSuggestions' finished with flags 132096."
"11-08-2026 12:07:12","62171","Information","Microsoft-Windows-Shell-Core","Logon task 'AssignedAccessLogonTaskAgentPreStart' finished with flags 132096."
"11-08-2026 12:07:12","62171","Information","Microsoft-Windows-Shell-Core","Logon task 'LaunchExperienceHost' finished with flags 132096."
"11-08-2026 12:07:11","62171","Information","Microsoft-Windows-Shell-Core","Logon task 'StartLayoutInit' finished with flags 132096."
"11-08-2026 12:07:11","62171","Information","Microsoft-Windows-Shell-Core","Logon task 'RemoveC2DShortcut' finished with flags 132096."
"11-08-2026 12:07:11","62170","Information","Microsoft-Windows-Shell-Core","Logon task 'RemoveC2DShortcut' started with flags 132096."
"11-08-2026 12:07:11","62170","Information","Microsoft-Windows-Shell-Core","Logon task 'PerUserSetup' started with flags 132096."
"11-08-2026 12:07:11","62171","Information","Microsoft-Windows-Shell-Core","Logon task 'ConfigureA9InstallOptionalComponent' finished with flags 132096."
"11-08-2026 12:07:11","62170","Information","Microsoft-Windows-Shell-Core","Logon task 'ConfigureA9InstallOptionalComponent' started with flags 132096."
"11-08-2026 12:07:11","62171","Information","Microsoft-Windows-Shell-Core","Logon task 'WSXRegistryInitPreStart' finished with flags 132096."
"11-08-2026 12:07:11","62170","Information","Microsoft-Windows-Shell-Core","Logon task 'WSXRegistryInitPreStart' started with flags 132096."
"11-08-2026 12:07:11","62170","Information","Microsoft-Windows-Shell-Core","Logon task 'AssignedAccessLogonTaskAgentPreStart' started with flags 132096."
"11-08-2026 12:07:11","62171","Information","Microsoft-Windows-Shell-Core","Logon task 'EnterpriseProvisioning' finished with flags 132096."
"11-08-2026 12:07:11","62170","Information","Microsoft-Windows-Shell-Core","Logon task 'EnterpriseProvisioning' started with flags 132096."
"11-08-2026 12:07:11","62171","Information","Microsoft-Windows-Shell-Core","Logon task 'UpdatePCSettingsPreStart' finished with flags 132096."
"11-08-2026 12:07:11","62170","Information","Microsoft-Windows-Shell-Core","Logon task 'UpdatePCSettingsPreStart' started with flags 132096."
"11-08-2026 12:07:11","62171","Information","Microsoft-Windows-Shell-Core","Logon task 'PerformSignInSuggestionsStart' finished with flags 132096."
"11-08-2026 12:07:11","62170","Information","Microsoft-Windows-Shell-Core","Logon task 'PerformSignInSuggestionsStart' started with flags 132096."
"11-08-2026 12:07:11","62171","Information","Microsoft-Windows-Shell-Core","Logon task 'LaunchContentDeliveryManagerStart' finished with flags 132096."
"11-08-2026 12:07:11","62170","Information","Microsoft-Windows-Shell-Core","Logon task 'LaunchContentDeliveryManagerStart' started with flags 132096."
"11-08-2026 12:07:11","28125","Information","Microsoft-Windows-Shell-Core","Starting to refresh app resolver cache for scenario 1 with flags 2316."
"11-08-2026 12:07:11","62170","Information","Microsoft-Windows-Shell-Core","Logon task 'LaunchExperienceHost' started with flags 132096."
"11-08-2026 12:07:11","62170","Information","Microsoft-Windows-Shell-Core","Logon task 'PreStartTasks' started with flags 132096."
"11-08-2026 12:07:11","9649","Information","Microsoft-Windows-Shell-Core",
"11-08-2026 12:07:10","9648","Information","Microsoft-Windows-Shell-Core",
"11-08-2026 12:07:10","62171","Information","Microsoft-Windows-Shell-Core","Logon task 'CacheUserEligibility' finished with flags 132096."
"11-08-2026 12:07:10","62171","Information","Microsoft-Windows-Shell-Core","Logon task 'ShellInitTasks' finished with flags 132096."
"11-08-2026 12:07:10","62171","Information","Microsoft-Windows-Shell-Core","Logon task 'InstallPWAs' finished with flags 132096."
"11-08-2026 12:07:10","62171","Information","Microsoft-Windows-Shell-Core","Logon task 'AppReadinessLogonGroup' finished with flags 132096."
"11-08-2026 12:07:10","62170","Information","Microsoft-Windows-Shell-Core","Logon task 'InstallPWAs' started with flags 132096."
"11-08-2026 12:07:10","62171","Information","Microsoft-Windows-Shell-Core","Logon task 'UpdatePCSettingsShellInit' finished with flags 132096."
"11-08-2026 12:07:10","62170","Information","Microsoft-Windows-Shell-Core","Logon task 'UpdatePCSettingsShellInit' started with flags 132096."
"11-08-2026 12:07:10","62170","Information","Microsoft-Windows-Shell-Core","Logon task 'AppReadinessLogonGroup' started with flags 132096."
"11-08-2026 12:07:10","62170","Information","Microsoft-Windows-Shell-Core","Logon task 'ShellInitTasks' started with flags 132096."
"11-08-2026 12:07:10","62171","Information","Microsoft-Windows-Shell-Core","Logon task 'PreShellTasks' finished with flags 132096."
"11-08-2026 12:07:10","62171","Information","Microsoft-Windows-Shell-Core","Logon task 'AppResolver' finished with flags 132096."
"11-08-2026 12:07:10","62171","Information","Microsoft-Windows-Shell-Core","Logon task 'AppReadinessPreShellGroup' finished with flags 132096."
"11-08-2026 12:07:10","62171","Information","Microsoft-Windows-Shell-Core","Logon task 'ShellHandwriting' finished with flags 132096."
"11-08-2026 12:07:10","62171","Information","Microsoft-Windows-Shell-Core","Logon task 'LaunchProgrammableTaskbarCloudManager' finished with flags 132096."
"11-08-2026 12:07:10","62170","Information","Microsoft-Windows-Shell-Core","Logon task 'LaunchProgrammableTaskbarCloudManager' started with flags 132096."
"11-08-2026 12:07:10","62171","Information","Microsoft-Windows-Shell-Core","Logon task 'UgradeTaskFlowPolicy' finished with flags 132096."
"11-08-2026 12:07:10","62170","Information","Microsoft-Windows-Shell-Core","Logon task 'UgradeTaskFlowPolicy' started with flags 132096."
"11-08-2026 12:07:10","62170","Information","Microsoft-Windows-Shell-Core","Logon task 'ShellHandwriting' started with flags 132096."
"11-08-2026 12:07:10","62171","Information","Microsoft-Windows-Shell-Core","Logon task 'DownloadEduThemes' finished with flags 132096."
"11-08-2026 12:07:10","62170","Information","Microsoft-Windows-Shell-Core","Logon task 'DownloadEduThemes' started with flags 132096."
"11-08-2026 12:07:10","62170","Information","Microsoft-Windows-Shell-Core","Logon task 'StartLayoutInit' started with flags 132096."
"11-08-2026 12:07:10","62171","Information","Microsoft-Windows-Shell-Core","Logon task 'AppRestore' finished with flags 132096."
"11-08-2026 12:07:10","62170","Information","Microsoft-Windows-Shell-Core","Logon task 'AppRestore' started with flags 132096."
"11-08-2026 12:07:10","62170","Information","Microsoft-Windows-Shell-Core","Logon task 'PreShellTasks' started with flags 132096."
"11-08-2026 12:07:10","62171","Information","Microsoft-Windows-Shell-Core","Logon task 'PreRoamingTasks' finished with flags 132096."
"11-08-2026 12:07:10","62171","Information","Microsoft-Windows-Shell-Core","Logon task 'AppReadinessPreRoamingGroup' finished with flags 132096."
"11-08-2026 12:07:10","62171","Information","Microsoft-Windows-Shell-Core","Logon task 'ClickToDoEligibility' finished with flags 132096."
"11-08-2026 12:07:10","62171","Information","Microsoft-Windows-Shell-Core","Logon task 'RefreshOneSettingsFeatureConfigurations' finished with flags 132096."
"11-08-2026 12:07:10","62170","Information","Microsoft-Windows-Shell-Core","Logon task 'RefreshOneSettingsFeatureConfigurations' started with flags 132096."
"11-08-2026 12:07:10","62170","Information","Microsoft-Windows-Shell-Core","Logon task 'CacheUserEligibility' started with flags 132096."
"11-08-2026 12:07:10","62170","Information","Microsoft-Windows-Shell-Core","Logon task 'ClickToDoEligibility' started with flags 132096."
"11-08-2026 12:07:10","62171","Information","Microsoft-Windows-Shell-Core","Logon task 'WaitForMSAConnected' finished with flags 132096."
"11-08-2026 12:07:10","62170","Information","Microsoft-Windows-Shell-Core","Logon task 'WaitForMSAConnected' started with flags 132096."
"11-08-2026 12:07:10","62171","Information","Microsoft-Windows-Shell-Core","Logon task 'ActiveSetup' finished with flags 132096."
"11-08-2026 12:07:10","28125","Information","Microsoft-Windows-Shell-Core","Starting to refresh app resolver cache for scenario 1 with flags 268."
"11-08-2026 12:07:10","62171","Information","Microsoft-Windows-Shell-Core","Logon task 'GetLanguageOverlayPackage' finished with flags 132096."
"11-08-2026 12:07:10","62170","Information","Microsoft-Windows-Shell-Core","Logon task 'GetLanguageOverlayPackage' started with flags 132096."
"11-08-2026 12:07:10","62170","Information","Microsoft-Windows-Shell-Core","Logon task 'ActiveSetup' started with flags 132096."
"11-08-2026 12:07:10","62171","Information","Microsoft-Windows-Shell-Core","Logon task 'RunOnce' finished with flags 132096."
"11-08-2026 12:07:10","62170","Information","Microsoft-Windows-Shell-Core","Logon task 'RunOnce' started with flags 132096."
"11-08-2026 12:07:10","62171","Information","Microsoft-Windows-Shell-Core","Logon task 'SkydrivePrep' finished with flags 132096."
"11-08-2026 12:07:10","62170","Information","Microsoft-Windows-Shell-Core","Logon task 'SkydrivePrep' started with flags 132096."
"11-08-2026 12:07:10","62170","Information","Microsoft-Windows-Shell-Core","Logon task 'AppResolver' started with flags 132096."
"11-08-2026 12:07:09","62170","Information","Microsoft-Windows-Shell-Core","Logon task 'AppReadinessPreShellGroup' started with flags 132096."
"11-08-2026 12:07:09","62170","Information","Microsoft-Windows-Shell-Core","Logon task 'AppReadinessPreRoamingGroup' started with flags 132096."
"11-08-2026 12:07:09","62170","Information","Microsoft-Windows-Shell-Core","Logon task 'DefaultAssociations' started with flags 132096."
"11-08-2026 12:07:09","62171","Information","Microsoft-Windows-Shell-Core","Logon task 'ShellPrep' finished with flags 132096."
