"04-08-2026 13:11:55","404","Error","Microsoft-Windows-DeviceManagement-Enterprise-Diagnostics-Provider","MDM ConfigurationManager: Command failure status. Configuration Source ID: (386F60E8-6817-4304-B348-3E8545F3B70A), Enrollment Name: (MDMDeviceWithAAD), Provider Name: (Policy), Command Type: (Add: from Replace or Add), CSP URI: (./Device/Vendor/MSFT/Policy/ConfigOperations/ADMXInstall/Receiver/Properties/Policy/FakePolicy/Version), Result: (The system cannot find the file specified.)."
"04-08-2026 09:50:56","813","Information","Microsoft-Windows-DeviceManagement-Enterprise-Diagnostics-Provider","MDM PolicyManager: Set policy int, Policy: (QuickMachineRecoveryEnrolled), Area: (Update), EnrollmentID requesting merge: (B04F44A4-B696-4B56-934A-C11667E944E4), Current User: (Device), Int: (0x0), Enrollment Type: (0x20), Scope: (0x0)."
"04-08-2026 09:50:56","813","Information","Microsoft-Windows-DeviceManagement-Enterprise-Diagnostics-Provider","MDM PolicyManager: Set policy int, Policy: (DriverUpdateEnrolled), Area: (Update), EnrollmentID requesting merge: (B04F44A4-B696-4B56-934A-C11667E944E4), Current User: (Device), Int: (0x0), Enrollment Type: (0x20), Scope: (0x0)."
"04-08-2026 09:50:56","813","Information","Microsoft-Windows-DeviceManagement-Enterprise-Diagnostics-Provider","MDM PolicyManager: Set policy int, Policy: (AllowRebootlessUpdates), Area: (Update), EnrollmentID requesting merge: (B04F44A4-B696-4B56-934A-C11667E944E4), Current User: (Device), Int: (0x1), Enrollment Type: (0x20), Scope: (0x0)."
"04-08-2026 09:50:56","813","Information","Microsoft-Windows-DeviceManagement-Enterprise-Diagnostics-Provider","MDM PolicyManager: Set policy int, Policy: (FeatureUpdateEnrolled), Area: (Update), EnrollmentID requesting merge: (B04F44A4-B696-4B56-934A-C11667E944E4), Current User: (Device), Int: (0x1), Enrollment Type: (0x20), Scope: (0x0)."
"04-08-2026 09:50:56","813","Information","Microsoft-Windows-DeviceManagement-Enterprise-Diagnostics-Provider","MDM PolicyManager: Set policy int, Policy: (QualityUpdateEnrolled), Area: (Update), EnrollmentID requesting merge: (B04F44A4-B696-4B56-934A-C11667E944E4), Current User: (Device), Int: (0x0), Enrollment Type: (0x20), Scope: (0x0)."
"04-08-2026 09:15:40","404","Error","Microsoft-Windows-DeviceManagement-Enterprise-Diagnostics-Provider","MDM ConfigurationManager: Command failure status. Configuration Source ID: (386F60E8-6817-4304-B348-3E8545F3B70A), Enrollment Name: (MDMDeviceWithAAD), Provider Name: (Policy), Command Type: (Add: from Replace or Add), CSP URI: (./Device/Vendor/MSFT/Policy/ConfigOperations/ADMXInstall/Receiver/Properties/Policy/FakePolicy/Version), Result: (The system cannot find the file specified.)."
"04-08-2026 09:11:27","404","Error","Microsoft-Windows-DeviceManagement-Enterprise-Diagnostics-Provider","MDM ConfigurationManager: Command failure status. Configuration Source ID: (386F60E8-6817-4304-B348-3E8545F3B70A), Enrollment Name: (MDMDeviceWithAAD), Provider Name: (Policy), Command Type: (Add: from Replace or Add), CSP URI: (./Device/Vendor/MSFT/Policy/ConfigOperations/ADMXInstall/Receiver/Properties/Policy/FakePolicy/Version), Result: (The system cannot find the file specified.)."
"04-08-2026 09:10:13","404","Error","Microsoft-Windows-DeviceManagement-Enterprise-Diagnostics-Provider","MDM ConfigurationManager: Command failure status. Configuration Source ID: (386F60E8-6817-4304-B348-3E8545F3B70A), Enrollment Name: (MDMDeviceWithAAD), Provider Name: (Policy), Command Type: (Add: from Replace or Add), CSP URI: (./Device/Vendor/MSFT/Policy/ConfigOperations/ADMXInstall/Receiver/Properties/Policy/FakePolicy/Version), Result: (The system cannot find the file specified.)."
"03-08-2026 09:41:24","813","Information","Microsoft-Windows-DeviceManagement-Enterprise-Diagnostics-Provider","MDM PolicyManager: Set policy int, Policy: (QuickMachineRecoveryEnrolled), Area: (Update), EnrollmentID requesting merge: (B04F44A4-B696-4B56-934A-C11667E944E4), Current User: (Device), Int: (0x0), Enrollment Type: (0x20), Scope: (0x0)."
"03-08-2026 09:41:24","813","Information","Microsoft-Windows-DeviceManagement-Enterprise-Diagnostics-Provider","MDM PolicyManager: Set policy int, Policy: (DriverUpdateEnrolled), Area: (Update), EnrollmentID requesting merge: (B04F44A4-B696-4B56-934A-C11667E944E4), Current User: (Device), Int: (0x0), Enrollment Type: (0x20), Scope: (0x0)."
"03-08-2026 09:41:24","813","Information","Microsoft-Windows-DeviceManagement-Enterprise-Diagnostics-Provider","MDM PolicyManager: Set policy int, Policy: (AllowRebootlessUpdates), Area: (Update), EnrollmentID requesting merge: (B04F44A4-B696-4B56-934A-C11667E944E4), Current User: (Device), Int: (0x1), Enrollment Type: (0x20), Scope: (0x0)."
"03-08-2026 09:41:24","813","Information","Microsoft-Windows-DeviceManagement-Enterprise-Diagnostics-Provider","MDM PolicyManager: Set policy int, Policy: (FeatureUpdateEnrolled), Area: (Update), EnrollmentID requesting merge: (B04F44A4-B696-4B56-934A-C11667E944E4), Current User: (Device), Int: (0x1), Enrollment Type: (0x20), Scope: (0x0)."
"03-08-2026 09:41:24","813","Information","Microsoft-Windows-DeviceManagement-Enterprise-Diagnostics-Provider","MDM PolicyManager: Set policy int, Policy: (QualityUpdateEnrolled), Area: (Update), EnrollmentID requesting merge: (B04F44A4-B696-4B56-934A-C11667E944E4), Current User: (Device), Int: (0x0), Enrollment Type: (0x20), Scope: (0x0)."
"03-08-2026 09:35:01","404","Error","Microsoft-Windows-DeviceManagement-Enterprise-Diagnostics-Provider","MDM ConfigurationManager: Command failure status. Configuration Source ID: (386F60E8-6817-4304-B348-3E8545F3B70A), Enrollment Name: (MDMDeviceWithAAD), Provider Name: (Policy), Command Type: (Add: from Replace or Add), CSP URI: (./Device/Vendor/MSFT/Policy/ConfigOperations/ADMXInstall/Receiver/Properties/Policy/FakePolicy/Version), Result: (The system cannot find the file specified.)."
"03-08-2026 09:33:52","4108","Error","Microsoft-Windows-DeviceManagement-Enterprise-Diagnostics-Provider","MDM Declared Configuration resource cleanup task failed."
"03-08-2026 09:32:18","404","Error","Microsoft-Windows-DeviceManagement-Enterprise-Diagnostics-Provider","MDM ConfigurationManager: Command failure status. Configuration Source ID: (386F60E8-6817-4304-B348-3E8545F3B70A), Enrollment Name: (MDMDeviceWithAAD), Provider Name: (Policy), Command Type: (Add: from Replace or Add), CSP URI: (./Device/Vendor/MSFT/Policy/ConfigOperations/ADMXInstall/Receiver/Properties/Policy/FakePolicy/Version), Result: (The system cannot find the file specified.)."
"03-08-2026 09:31:09","404","Error","Microsoft-Windows-DeviceManagement-Enterprise-Diagnostics-Provider","MDM ConfigurationManager: Command failure status. Configuration Source ID: (386F60E8-6817-4304-B348-3E8545F3B70A), Enrollment Name: (MDMDeviceWithAAD), Provider Name: (Policy), Command Type: (Add: from Replace or Add), CSP URI: (./Device/Vendor/MSFT/Policy/ConfigOperations/ADMXInstall/Receiver/Properties/Policy/FakePolicy/Version), Result: (The system cannot find the file specified.)."
"03-08-2026 09:31:04","2012","Information","Microsoft-Windows-DeviceManagement-Enterprise-Diagnostics-Provider","Wsc Startup Alert WNF event process status (The operation completed successfully.)"
"03-08-2026 09:30:54","2750","Warning","Microsoft-Windows-DeviceManagement-Enterprise-Diagnostics-Provider","DeviceStatus CSP: WscGetSecurityProviderHealth(WSC_SECURITY_PROVIDER_FIREWALL) returned status 0x2 and HRESULT Incorrect function."
"03-08-2026 09:30:38","2750","Warning","Microsoft-Windows-DeviceManagement-Enterprise-Diagnostics-Provider","DeviceStatus CSP: WscGetSecurityProviderHealth(WSC_SECURITY_PROVIDER_FIREWALL) returned status 0x2 and HRESULT Incorrect function."
"03-08-2026 09:30:16","2750","Warning","Microsoft-Windows-DeviceManagement-Enterprise-Diagnostics-Provider","DeviceStatus CSP: WscGetSecurityProviderHealth(WSC_SECURITY_PROVIDER_FIREWALL) returned status 0x2 and HRESULT Incorrect function."
"03-08-2026 09:30:07","2750","Warning","Microsoft-Windows-DeviceManagement-Enterprise-Diagnostics-Provider","DeviceStatus CSP: WscGetSecurityProviderHealth(WSC_SECURITY_PROVIDER_FIREWALL) returned status 0x2 and HRESULT Incorrect function."
"03-08-2026 09:30:00","404","Error","Microsoft-Windows-DeviceManagement-Enterprise-Diagnostics-Provider","MDM ConfigurationManager: Command failure status. Configuration Source ID: (386F60E8-6817-4304-B348-3E8545F3B70A), Enrollment Name: (MDMDeviceWithAAD), Provider Name: (Policy), Command Type: (Add: from Replace or Add), CSP URI: (./Device/Vendor/MSFT/Policy/ConfigOperations/ADMXInstall/Receiver/Properties/Policy/FakePolicy/Version), Result: (The system cannot find the file specified.)."
"03-08-2026 09:29:37","2750","Warning","Microsoft-Windows-DeviceManagement-Enterprise-Diagnostics-Provider","DeviceStatus CSP: WscGetSecurityProviderHealth(WSC_SECURITY_PROVIDER_FIREWALL) returned status 0x2 and HRESULT Incorrect function."
"03-08-2026 09:29:29","2750","Warning","Microsoft-Windows-DeviceManagement-Enterprise-Diagnostics-Provider","DeviceStatus CSP: WscGetSecurityProviderHealth(WSC_SECURITY_PROVIDER_FIREWALL) returned status 0x2 and HRESULT Incorrect function."
"03-08-2026 09:28:57","2750","Warning","Microsoft-Windows-DeviceManagement-Enterprise-Diagnostics-Provider","DeviceStatus CSP: WscGetSecurityProviderHealth(WSC_SECURITY_PROVIDER_FIREWALL) returned status 0x2 and HRESULT Incorrect function."
"03-08-2026 09:28:38","2750","Warning","Microsoft-Windows-DeviceManagement-Enterprise-Diagnostics-Provider","DeviceStatus CSP: WscGetSecurityProviderHealth(WSC_SECURITY_PROVIDER_FIREWALL) returned status 0x2 and HRESULT Incorrect function."
"03-08-2026 09:28:30","404","Error","Microsoft-Windows-DeviceManagement-Enterprise-Diagnostics-Provider","MDM ConfigurationManager: Command failure status. Configuration Source ID: (386F60E8-6817-4304-B348-3E8545F3B70A), Enrollment Name: (MDMDeviceWithAAD), Provider Name: (Policy), Command Type: (Add: from Replace or Add), CSP URI: (./Device/Vendor/MSFT/Policy/ConfigOperations/ADMXInstall/Receiver/Properties/Policy/FakePolicy/Version), Result: (The system cannot find the file specified.)."
"03-08-2026 09:28:04","2750","Warning","Microsoft-Windows-DeviceManagement-Enterprise-Diagnostics-Provider","DeviceStatus CSP: WscGetSecurityProviderHealth(WSC_SECURITY_PROVIDER_FIREWALL) returned status 0x2 and HRESULT Incorrect function."
"03-08-2026 09:27:54","2750","Warning","Microsoft-Windows-DeviceManagement-Enterprise-Diagnostics-Provider","DeviceStatus CSP: WscGetSecurityProviderHealth(WSC_SECURITY_PROVIDER_FIREWALL) returned status 0x2 and HRESULT Incorrect function."
"03-08-2026 09:27:22","2750","Warning","Microsoft-Windows-DeviceManagement-Enterprise-Diagnostics-Provider","DeviceStatus CSP: WscGetSecurityProviderHealth(WSC_SECURITY_PROVIDER_FIREWALL) returned status 0x2 and HRESULT Incorrect function."
"31-07-2026 10:02:11","813","Information","Microsoft-Windows-DeviceManagement-Enterprise-Diagnostics-Provider","MDM PolicyManager: Set policy int, Policy: (QuickMachineRecoveryEnrolled), Area: (Update), EnrollmentID requesting merge: (B04F44A4-B696-4B56-934A-C11667E944E4), Current User: (Device), Int: (0x0), Enrollment Type: (0x20), Scope: (0x0)."
"31-07-2026 10:02:11","813","Information","Microsoft-Windows-DeviceManagement-Enterprise-Diagnostics-Provider","MDM PolicyManager: Set policy int, Policy: (DriverUpdateEnrolled), Area: (Update), EnrollmentID requesting merge: (B04F44A4-B696-4B56-934A-C11667E944E4), Current User: (Device), Int: (0x0), Enrollment Type: (0x20), Scope: (0x0)."
"31-07-2026 10:02:11","813","Information","Microsoft-Windows-DeviceManagement-Enterprise-Diagnostics-Provider","MDM PolicyManager: Set policy int, Policy: (AllowRebootlessUpdates), Area: (Update), EnrollmentID requesting merge: (B04F44A4-B696-4B56-934A-C11667E944E4), Current User: (Device), Int: (0x1), Enrollment Type: (0x20), Scope: (0x0)."
"31-07-2026 10:02:11","813","Information","Microsoft-Windows-DeviceManagement-Enterprise-Diagnostics-Provider","MDM PolicyManager: Set policy int, Policy: (FeatureUpdateEnrolled), Area: (Update), EnrollmentID requesting merge: (B04F44A4-B696-4B56-934A-C11667E944E4), Current User: (Device), Int: (0x1), Enrollment Type: (0x20), Scope: (0x0)."
"31-07-2026 10:02:11","813","Information","Microsoft-Windows-DeviceManagement-Enterprise-Diagnostics-Provider","MDM PolicyManager: Set policy int, Policy: (QualityUpdateEnrolled), Area: (Update), EnrollmentID requesting merge: (B04F44A4-B696-4B56-934A-C11667E944E4), Current User: (Device), Int: (0x0), Enrollment Type: (0x20), Scope: (0x0)."
"31-07-2026 09:49:42","404","Error","Microsoft-Windows-DeviceManagement-Enterprise-Diagnostics-Provider","MDM ConfigurationManager: Command failure status. Configuration Source ID: (386F60E8-6817-4304-B348-3E8545F3B70A), Enrollment Name: (MDMDeviceWithAAD), Provider Name: (Policy), Command Type: (Add: from Replace or Add), CSP URI: (./Device/Vendor/MSFT/Policy/ConfigOperations/ADMXInstall/Receiver/Properties/Policy/FakePolicy/Version), Result: (The system cannot find the file specified.)."
"31-07-2026 09:49:13","2012","Information","Microsoft-Windows-DeviceManagement-Enterprise-Diagnostics-Provider","Wsc Startup Alert WNF event process status (The operation completed successfully.)"
"31-07-2026 09:47:33","2750","Warning","Microsoft-Windows-DeviceManagement-Enterprise-Diagnostics-Provider","DeviceStatus CSP: WscGetSecurityProviderHealth(WSC_SECURITY_PROVIDER_FIREWALL) returned status 0x2 and HRESULT Incorrect function."
"31-07-2026 09:46:59","2750","Warning","Microsoft-Windows-DeviceManagement-Enterprise-Diagnostics-Provider","DeviceStatus CSP: WscGetSecurityProviderHealth(WSC_SECURITY_PROVIDER_FIREWALL) returned status 0x2 and HRESULT Incorrect function."
"31-07-2026 09:46:52","404","Error","Microsoft-Windows-DeviceManagement-Enterprise-Diagnostics-Provider","MDM ConfigurationManager: Command failure status. Configuration Source ID: (386F60E8-6817-4304-B348-3E8545F3B70A), Enrollment Name: (MDMDeviceWithAAD), Provider Name: (Policy), Command Type: (Add: from Replace or Add), CSP URI: (./Device/Vendor/MSFT/Policy/ConfigOperations/ADMXInstall/Receiver/Properties/Policy/FakePolicy/Version), Result: (The system cannot find the file specified.)."
"31-07-2026 09:46:25","2750","Warning","Microsoft-Windows-DeviceManagement-Enterprise-Diagnostics-Provider","DeviceStatus CSP: WscGetSecurityProviderHealth(WSC_SECURITY_PROVIDER_FIREWALL) returned status 0x2 and HRESULT Incorrect function."
"31-07-2026 09:46:20","2750","Warning","Microsoft-Windows-DeviceManagement-Enterprise-Diagnostics-Provider","DeviceStatus CSP: WscGetSecurityProviderHealth(WSC_SECURITY_PROVIDER_FIREWALL) returned status 0x2 and HRESULT Incorrect function."
"31-07-2026 09:46:03","2750","Warning","Microsoft-Windows-DeviceManagement-Enterprise-Diagnostics-Provider","DeviceStatus CSP: WscGetSecurityProviderHealth(WSC_SECURITY_PROVIDER_FIREWALL) returned status 0x2 and HRESULT Incorrect function."
"31-07-2026 09:31:20","404","Error","Microsoft-Windows-DeviceManagement-Enterprise-Diagnostics-Provider","MDM ConfigurationManager: Command failure status. Configuration Source ID: (386F60E8-6817-4304-B348-3E8545F3B70A), Enrollment Name: (MDMDeviceWithAAD), Provider Name: (Policy), Command Type: (Add: from Replace or Add), CSP URI: (./Device/Vendor/MSFT/Policy/ConfigOperations/ADMXInstall/Receiver/Properties/Policy/FakePolicy/Version), Result: (The system cannot find the file specified.)."
"31-07-2026 09:30:36","404","Error","Microsoft-Windows-DeviceManagement-Enterprise-Diagnostics-Provider","MDM ConfigurationManager: Command failure status. Configuration Source ID: (386F60E8-6817-4304-B348-3E8545F3B70A), Enrollment Name: (MDMDeviceWithAAD), Provider Name: (Policy), Command Type: (Add: from Replace or Add), CSP URI: (./Device/Vendor/MSFT/Policy/ConfigOperations/ADMXInstall/Receiver/Properties/Policy/FakePolicy/Version), Result: (The system cannot find the file specified.)."
"30-07-2026 18:54:26","404","Error","Microsoft-Windows-DeviceManagement-Enterprise-Diagnostics-Provider","MDM ConfigurationManager: Command failure status. Configuration Source ID: (386F60E8-6817-4304-B348-3E8545F3B70A), Enrollment Name: (MDMDeviceWithAAD), Provider Name: (Policy), Command Type: (Add: from Replace or Add), CSP URI: (./Device/Vendor/MSFT/Policy/ConfigOperations/ADMXInstall/Receiver/Properties/Policy/FakePolicy/Version), Result: (The system cannot find the file specified.)."
"30-07-2026 10:02:00","813","Information","Microsoft-Windows-DeviceManagement-Enterprise-Diagnostics-Provider","MDM PolicyManager: Set policy int, Policy: (QuickMachineRecoveryEnrolled), Area: (Update), EnrollmentID requesting merge: (B04F44A4-B696-4B56-934A-C11667E944E4), Current User: (Device), Int: (0x0), Enrollment Type: (0x20), Scope: (0x0)."
"30-07-2026 10:02:00","813","Information","Microsoft-Windows-DeviceManagement-Enterprise-Diagnostics-Provider","MDM PolicyManager: Set policy int, Policy: (DriverUpdateEnrolled), Area: (Update), EnrollmentID requesting merge: (B04F44A4-B696-4B56-934A-C11667E944E4), Current User: (Device), Int: (0x0), Enrollment Type: (0x20), Scope: (0x0)."
"30-07-2026 10:02:00","813","Information","Microsoft-Windows-DeviceManagement-Enterprise-Diagnostics-Provider","MDM PolicyManager: Set policy int, Policy: (AllowRebootlessUpdates), Area: (Update), EnrollmentID requesting merge: (B04F44A4-B696-4B56-934A-C11667E944E4), Current User: (Device), Int: (0x1), Enrollment Type: (0x20), Scope: (0x0)."
"30-07-2026 10:02:00","813","Information","Microsoft-Windows-DeviceManagement-Enterprise-Diagnostics-Provider","MDM PolicyManager: Set policy int, Policy: (FeatureUpdateEnrolled), Area: (Update), EnrollmentID requesting merge: (B04F44A4-B696-4B56-934A-C11667E944E4), Current User: (Device), Int: (0x1), Enrollment Type: (0x20), Scope: (0x0)."
"30-07-2026 10:02:00","813","Information","Microsoft-Windows-DeviceManagement-Enterprise-Diagnostics-Provider","MDM PolicyManager: Set policy int, Policy: (QualityUpdateEnrolled), Area: (Update), EnrollmentID requesting merge: (B04F44A4-B696-4B56-934A-C11667E944E4), Current User: (Device), Int: (0x0), Enrollment Type: (0x20), Scope: (0x0)."
"30-07-2026 09:37:45","404","Error","Microsoft-Windows-DeviceManagement-Enterprise-Diagnostics-Provider","MDM ConfigurationManager: Command failure status. Configuration Source ID: (386F60E8-6817-4304-B348-3E8545F3B70A), Enrollment Name: (MDMDeviceWithAAD), Provider Name: (Policy), Command Type: (Add: from Replace or Add), CSP URI: (./Device/Vendor/MSFT/Policy/ConfigOperations/ADMXInstall/Receiver/Properties/Policy/FakePolicy/Version), Result: (The system cannot find the file specified.)."
"30-07-2026 09:36:49","404","Error","Microsoft-Windows-DeviceManagement-Enterprise-Diagnostics-Provider","MDM ConfigurationManager: Command failure status. Configuration Source ID: (386F60E8-6817-4304-B348-3E8545F3B70A), Enrollment Name: (MDMDeviceWithAAD), Provider Name: (Policy), Command Type: (Add: from Replace or Add), CSP URI: (./Device/Vendor/MSFT/Policy/ConfigOperations/ADMXInstall/Receiver/Properties/Policy/FakePolicy/Version), Result: (The system cannot find the file specified.)."
"29-07-2026 13:11:44","404","Error","Microsoft-Windows-DeviceManagement-Enterprise-Diagnostics-Provider","MDM ConfigurationManager: Command failure status. Configuration Source ID: (386F60E8-6817-4304-B348-3E8545F3B70A), Enrollment Name: (MDMDeviceWithAAD), Provider Name: (Policy), Command Type: (Add: from Replace or Add), CSP URI: (./Device/Vendor/MSFT/Policy/ConfigOperations/ADMXInstall/Receiver/Properties/Policy/FakePolicy/Version), Result: (The system cannot find the file specified.)."
"29-07-2026 09:39:57","813","Information","Microsoft-Windows-DeviceManagement-Enterprise-Diagnostics-Provider","MDM PolicyManager: Set policy int, Policy: (QuickMachineRecoveryEnrolled), Area: (Update), EnrollmentID requesting merge: (B04F44A4-B696-4B56-934A-C11667E944E4), Current User: (Device), Int: (0x0), Enrollment Type: (0x20), Scope: (0x0)."
"29-07-2026 09:39:57","813","Information","Microsoft-Windows-DeviceManagement-Enterprise-Diagnostics-Provider","MDM PolicyManager: Set policy int, Policy: (DriverUpdateEnrolled), Area: (Update), EnrollmentID requesting merge: (B04F44A4-B696-4B56-934A-C11667E944E4), Current User: (Device), Int: (0x0), Enrollment Type: (0x20), Scope: (0x0)."
"29-07-2026 09:39:57","813","Information","Microsoft-Windows-DeviceManagement-Enterprise-Diagnostics-Provider","MDM PolicyManager: Set policy int, Policy: (AllowRebootlessUpdates), Area: (Update), EnrollmentID requesting merge: (B04F44A4-B696-4B56-934A-C11667E944E4), Current User: (Device), Int: (0x1), Enrollment Type: (0x20), Scope: (0x0)."
"29-07-2026 09:39:57","813","Information","Microsoft-Windows-DeviceManagement-Enterprise-Diagnostics-Provider","MDM PolicyManager: Set policy int, Policy: (FeatureUpdateEnrolled), Area: (Update), EnrollmentID requesting merge: (B04F44A4-B696-4B56-934A-C11667E944E4), Current User: (Device), Int: (0x1), Enrollment Type: (0x20), Scope: (0x0)."
"29-07-2026 09:39:57","813","Information","Microsoft-Windows-DeviceManagement-Enterprise-Diagnostics-Provider","MDM PolicyManager: Set policy int, Policy: (QualityUpdateEnrolled), Area: (Update), EnrollmentID requesting merge: (B04F44A4-B696-4B56-934A-C11667E944E4), Current User: (Device), Int: (0x0), Enrollment Type: (0x20), Scope: (0x0)."
"29-07-2026 09:27:18","404","Error","Microsoft-Windows-DeviceManagement-Enterprise-Diagnostics-Provider","MDM ConfigurationManager: Command failure status. Configuration Source ID: (386F60E8-6817-4304-B348-3E8545F3B70A), Enrollment Name: (MDMDeviceWithAAD), Provider Name: (Policy), Command Type: (Add: from Replace or Add), CSP URI: (./Device/Vendor/MSFT/Policy/ConfigOperations/ADMXInstall/Receiver/Properties/Policy/FakePolicy/Version), Result: (The system cannot find the file specified.)."
"29-07-2026 09:26:18","2204","Information","Microsoft-Windows-DeviceManagement-Enterprise-Diagnostics-Provider","Caching uri for blocking mapped GP location. URI: (./Device/Vendor/MSFT/Policy/Config/Defender/ExcludedPaths), Operation: (0x0)."
"29-07-2026 09:26:18","814","Information","Microsoft-Windows-DeviceManagement-Enterprise-Diagnostics-Provider","MDM PolicyManager: Set policy string, Policy: (ExcludedPaths), Area: (Defender), EnrollmentID requesting merge: (386F60E8-6817-4304-B348-3E8545F3B70A), Current User: (Device), String: (%programfiles%\Tanium\Tanium End User Notification Tools|%programfiles(x86)%\Tanium\Tanium End User Notification Tools|/opt/Tanium/TaniumClient /Tools/Discover/nmap/nmap|/opt/Tanium/TaniumClient /python27|/opt/Tanium/TaniumClient /python38|C:\*\*\Python\*\dist\mainPH.exe|C:\*\Tools\Python\BrownAsh\dist\BrownAsh.exe|C:\*\Tools\Python\BrownAsh\dist\main.exe.notanexecutable|C:\Deploy\Tanium\|C:\Development\spaceman-code64bit|C:\Program Files (x86)\Tanium\|C:\Program Files (x86)\Tanium\Tanium Client\|C:\Program Files (x86)\Tanium\Tanium Client\Python27\|C:\Program Files (x86)\Tanium\Tanium Client\Python38\|C:\Program Files\Npcap\|C:\Program Files\Tanium\|C:\Users\*\AppData\Local\JetBrains\|C:\Users\*\Documents\Activate\civalue-server|C:\Users\*\Py\Ro test\build\GUI\*.tmp|C:\Users\*\Py\ro-validation-automation\build\GUI\*.tmp|C:\Users\*\Py\ro-validation-automation\build\GUI\GUI.exe|C:\Users\nglo2002\AppData\Local\Dooblo\SurveyToGo Studio\App\1.32.655.0\Files\OperatorConsole.exe|C:\repos\civalue\civalue-server\|D:\Dooblo\ReportsService\stg_reports_service.exe|D:\Dooblo\ServiceRetire\stg_retire_service.exe|D:\Dooblo\ServiceWeb\stg_webclient_service.exe|D:\Dooblo\service\stg_service_new.exe|D:\GRFEDEV01\|D:\GRFEDEV02\|D:\GRFEQA01\|D:\GRFEQA02\|D:\GRFEUAT01\|D:\GRFEUAT02\|D:\ProductDataSheet\PhotoDownloaderV2\PhotoDownloader.exe|D:\Program Files\Tanium\|D:\confirmit|D:\confirmit\data|R:\Ohayo_Report2020\Toyota_Cleaning.exe|\\lhrnetapp05cifs1\cati\K_Bank\Ohayo_Report2020\Toyota_Cleaning|c:\Program Files (x86)\nielsen\CASE\CASE19.exe|c:\Program Files (x86)\nielsen\case\case.exe|C:\Users\MAAN7015\Downloads\ParquetViewer.exe|C:\Users\MatyTa01\Desktop\Panel Review\Panel Review\PanelReview_25122023.exe|C:\Users\MatyTa01\Desktop\Panel Review_OLD\Panel Review\PanelReview_15122023.exe|C:\Users\goluok01\Documents\Panel Review_1\Panel Review\PanelReview_11012024.exe|C:\Users\goluok01\Documents\Panel Review_1\Panel Review|c:\\pk\\bin|c:\biznav\navzpl\navdrvme.exe|C:\Workings\Projects\|C:\Users\goluok01\Documents\Panel Review\PanelReview_11012024.exe|C:\A3D\EXE\A3DScan\A3DScanForm.exe|C:\#Source\EEGmfiles\NFDataVerificationTool.exe|C:\Users\*\Downloads\exe\NFDataVerificationTool.exe|C:\Windows\Microsoft.NET\Framework64\v4.0.30319|C:\DIPE\test.bat|E:\share\NewEyetracking\exe\TestApp1\exe\NFDataVerificationTool.exe|E:\EEGmfiles_Production\NFDataVerificationTool.exe|E:\share\NewEyetracking\exe\NFAnalysisTools.exe|E:\TestApp1\exe\NFAnalysisTools.exe|E:\share\NewEyetracking\exe\TestApp1\exe\NFAnalysisTools.exe|E:\EEGmfiles_Production\NFAnalysisTools.exe|E:\EEGmfiles_Production\NFDesignerTools.exe|E:\share\NewEyetracking\exe\TestApp1\exe\NFDesignerTools.exe|E:\share\NewEyetracking\exe\NFDesignerTools.exe|E:\TestApp1\exe\NFDesignerTools.exe|E:\TestApp1\exe\NFDataVerificationTool.exe|C:\#Source\EEGmfiles\.svn\pristine\7b\7b3c4d52f4e48510953911df98100278e6b3bcd5.svn-base|C:\CyberArk\Endpoint Privilege Manager\Agent\*|C:\Windows\System32\drivers\vfdrv. sys|C:\Windows\System32\drivers\vfnet.sys|C:\Windows\System32\drivers\vfpd.sys|C:\Windows\System32\drivers\CybKernelTracker.sys|C:\Users\jopo3001\AppData\Local\insomnia\app*\Insomnia.exe|C:\Dev\Workspaces\Aspiration\CrawlingEngine.Kpi.git\CrawlingEngine.Kpi.CollectorService\src\CrawlingEngine.Kpi.CollectorService\bin\Debug\net8.0\CrawlingEngine.Kpi.CollectorService.exe|C:\Dev\Releases\WINDOWS_SERVICE_20240801_1510_CrawlingEngine.KPI.CollectorService\CrawlingEngine.Kpi.CollectorService.exe|C:\Program Files\nodejs\npm.ps1|C:\Program Files\nodejs \\node_modules\ npm\bin\npm-cli.js|C:\Program Files\nodejs\node.exe|C:\Users\*\Code\ro_support_checker\fletvenv\Scripts\flet.exe|C:\Users\*\Code\ro_support_checker\venv\Scripts\uvicorn.exe|C:\Program Files\JetBrains\IntelliJ IDEA Community Edition 2023.3.4\bin\idea64.exe|C:\Users\*\IdeaProjects\us-prod-rtmbe-af\|C:\Users\*\AppData\Local\JetBrains\IdeaIC2023.3\|C:\Program Files\Spektion\Spektion Sensor\spksvc.exe|%LOCALAPPDATA%\Temp\Start.*.exe|%ProgramFiles(x86)%\GfK Digital Trends App|%ProgramFiles(x86)%\GfK Digital Trends|%ProgramFiles(x86)%\GfK Internetmonitor|%ProgramFiles(x86)%\cue monitor WALTz|C:\Program Files\Spektion\*|C:\Windows\SpkData\*|C:\Windows\System32\spkmon64.dll|C:\Windows\SysWow64\spkmon.dll|\\10.68.67.242\Public\_ConfigPC\A3D-Scan\Install\Colortrac SmartLF SC 36\2-SmartLFSCUtilitiesv114setup.exe|\\CHOWINTRTP002\Public\_ConfigPC\A3D-Scan\Install\Colortrac SmartLF SC 36\2-SmartLFSCUtilitiesv114setup.exe|C:\A3D\Install\Colortrac SmartLF SC 36\2-SmartLFSCUtilitiesv114setup.exe|C:\AutoPOS\autopos.exe|C:\Temp\AutoPOS\autopos.exe|C:\Users\gopa2005.t1\Downloads\cyber_tools\|C:\gfk|C:\Dev\Workspaces\WebDotNet.workspace\BackOffice.Net\A3D.BackOfficeAngular\A3D.BackOfficeAngular.Server\bin\Debug\net9.0\A3D.BackOfficeAngular.Server.exe|C:\Users\*\AppData\Roaming\Python\*\Scripts\copier.exe|C:\Program Files\CyberArk\*|C:\Program Files (x86)\CyberArk\*|C:\Windows\System32\drivers\vfdrv.sys |C:\Windows\System32\drivers\vfnet.sys |C:\Windows\System32\drivers\vfpd.sys |C:\ProgramData\CyberArk\EPM_IPC|C:\\Dev\\Workspaces\\BO_A3D.workspace\\BO_dotNetCore|C:\Repos\|C:\Users\zhbe4001\AppData\Local\JetBrains\|\\gfk-fra2netapp01cifs.gfk.com\001292-jupyterlabexchange|C:\vs-projects\|C:\Data\ReposEp\Evogenius\|C:\Users\ziri4001\workspace|C:\Users\raez4001\workspace|C:\Program Files\CyberArk\Endpoint Privilege Manager\Agent |C:\Program Files (x86)\CyberArk\Endpoint Privilege Manager|C:\Open JDk and Ice Tea\Open JDk and Ice Tea\IceTeaWeb 1\IceTeaWeb\azul-icedtea-web-1.8.8-28.win_x64\bin ->javaws.exe|C:\eclipse-2025-12\eclipse.exe|c:\program files\mongodb\server\*\bin\mongod.exe), Enrollment Type: (0x6), Scope: (0x0)."
"29-07-2026 09:26:18","2204","Information","Microsoft-Windows-DeviceManagement-Enterprise-Diagnostics-Provider","Caching uri for blocking mapped GP location. URI: (./Device/Vendor/MSFT/Policy/Config/Defender/ExcludedPaths), Operation: (0x0)."
"29-07-2026 09:26:18","2204","Information","Microsoft-Windows-DeviceManagement-Enterprise-Diagnostics-Provider","Caching uri for blocking mapped GP location. URI: (./Device/Vendor/MSFT/Policy/Config/Defender/ExcludedPaths), Operation: (0x0)."
"29-07-2026 09:26:15","404","Error","Microsoft-Windows-DeviceManagement-Enterprise-Diagnostics-Provider","MDM ConfigurationManager: Command failure status. Configuration Source ID: (386F60E8-6817-4304-B348-3E8545F3B70A), Enrollment Name: (MDMDeviceWithAAD), Provider Name: (Policy), Command Type: (Add: from Replace or Add), CSP URI: (./Device/Vendor/MSFT/Policy/ConfigOperations/ADMXInstall/Receiver/Properties/Policy/FakePolicy/Version), Result: (The system cannot find the file specified.)."
"28-07-2026 09:38:11","813","Information","Microsoft-Windows-DeviceManagement-Enterprise-Diagnostics-Provider","MDM PolicyManager: Set policy int, Policy: (QuickMachineRecoveryEnrolled), Area: (Update), EnrollmentID requesting merge: (B04F44A4-B696-4B56-934A-C11667E944E4), Current User: (Device), Int: (0x0), Enrollment Type: (0x20), Scope: (0x0)."
"28-07-2026 09:38:11","813","Information","Microsoft-Windows-DeviceManagement-Enterprise-Diagnostics-Provider","MDM PolicyManager: Set policy int, Policy: (DriverUpdateEnrolled), Area: (Update), EnrollmentID requesting merge: (B04F44A4-B696-4B56-934A-C11667E944E4), Current User: (Device), Int: (0x0), Enrollment Type: (0x20), Scope: (0x0)."
"28-07-2026 09:38:11","813","Information","Microsoft-Windows-DeviceManagement-Enterprise-Diagnostics-Provider","MDM PolicyManager: Set policy int, Policy: (AllowRebootlessUpdates), Area: (Update), EnrollmentID requesting merge: (B04F44A4-B696-4B56-934A-C11667E944E4), Current User: (Device), Int: (0x1), Enrollment Type: (0x20), Scope: (0x0)."
"28-07-2026 09:38:11","813","Information","Microsoft-Windows-DeviceManagement-Enterprise-Diagnostics-Provider","MDM PolicyManager: Set policy int, Policy: (FeatureUpdateEnrolled), Area: (Update), EnrollmentID requesting merge: (B04F44A4-B696-4B56-934A-C11667E944E4), Current User: (Device), Int: (0x1), Enrollment Type: (0x20), Scope: (0x0)."
"28-07-2026 09:38:11","813","Information","Microsoft-Windows-DeviceManagement-Enterprise-Diagnostics-Provider","MDM PolicyManager: Set policy int, Policy: (QualityUpdateEnrolled), Area: (Update), EnrollmentID requesting merge: (B04F44A4-B696-4B56-934A-C11667E944E4), Current User: (Device), Int: (0x0), Enrollment Type: (0x20), Scope: (0x0)."
"28-07-2026 09:24:50","404","Error","Microsoft-Windows-DeviceManagement-Enterprise-Diagnostics-Provider","MDM ConfigurationManager: Command failure status. Configuration Source ID: (386F60E8-6817-4304-B348-3E8545F3B70A), Enrollment Name: (MDMDeviceWithAAD), Provider Name: (Policy), Command Type: (Add: from Replace or Add), CSP URI: (./Device/Vendor/MSFT/Policy/ConfigOperations/ADMXInstall/Receiver/Properties/Policy/FakePolicy/Version), Result: (The system cannot find the file specified.)."
"28-07-2026 09:23:52","404","Error","Microsoft-Windows-DeviceManagement-Enterprise-Diagnostics-Provider","MDM ConfigurationManager: Command failure status. Configuration Source ID: (386F60E8-6817-4304-B348-3E8545F3B70A), Enrollment Name: (MDMDeviceWithAAD), Provider Name: (Policy), Command Type: (Add: from Replace or Add), CSP URI: (./Device/Vendor/MSFT/Policy/ConfigOperations/ADMXInstall/Receiver/Properties/Policy/FakePolicy/Version), Result: (The system cannot find the file specified.)."
"27-07-2026 13:12:12","404","Error","Microsoft-Windows-DeviceManagement-Enterprise-Diagnostics-Provider","MDM ConfigurationManager: Command failure status. Configuration Source ID: (386F60E8-6817-4304-B348-3E8545F3B70A), Enrollment Name: (MDMDeviceWithAAD), Provider Name: (Policy), Command Type: (Add: from Replace or Add), CSP URI: (./Device/Vendor/MSFT/Policy/ConfigOperations/ADMXInstall/Receiver/Properties/Policy/FakePolicy/Version), Result: (The system cannot find the file specified.)."
"27-07-2026 11:54:35","404","Error","Microsoft-Windows-DeviceManagement-Enterprise-Diagnostics-Provider","MDM ConfigurationManager: Command failure status. Configuration Source ID: (386F60E8-6817-4304-B348-3E8545F3B70A), Enrollment Name: (MDMDeviceWithAAD), Provider Name: (Policy), Command Type: (Add: from Replace or Add), CSP URI: (./Device/Vendor/MSFT/Policy/ConfigOperations/ADMXInstall/Receiver/Properties/Policy/FakePolicy/Version), Result: (The system cannot find the file specified.)."
"27-07-2026 11:53:54","2012","Information","Microsoft-Windows-DeviceManagement-Enterprise-Diagnostics-Provider","Wsc Startup Alert WNF event process status (The operation completed successfully.)"
"27-07-2026 11:52:47","2750","Warning","Microsoft-Windows-DeviceManagement-Enterprise-Diagnostics-Provider","DeviceStatus CSP: WscGetSecurityProviderHealth(WSC_SECURITY_PROVIDER_FIREWALL) returned status 0x2 and HRESULT Incorrect function."
"27-07-2026 11:52:34","2750","Warning","Microsoft-Windows-DeviceManagement-Enterprise-Diagnostics-Provider","DeviceStatus CSP: WscGetSecurityProviderHealth(WSC_SECURITY_PROVIDER_FIREWALL) returned status 0x2 and HRESULT Incorrect function."
"27-07-2026 11:52:18","404","Error","Microsoft-Windows-DeviceManagement-Enterprise-Diagnostics-Provider","MDM ConfigurationManager: Command failure status. Configuration Source ID: (386F60E8-6817-4304-B348-3E8545F3B70A), Enrollment Name: (MDMDeviceWithAAD), Provider Name: (Policy), Command Type: (Add: from Replace or Add), CSP URI: (./Device/Vendor/MSFT/Policy/ConfigOperations/ADMXInstall/Receiver/Properties/Policy/FakePolicy/Version), Result: (The system cannot find the file specified.)."
"27-07-2026 11:52:05","2750","Warning","Microsoft-Windows-DeviceManagement-Enterprise-Diagnostics-Provider","DeviceStatus CSP: WscGetSecurityProviderHealth(WSC_SECURITY_PROVIDER_FIREWALL) returned status 0x2 and HRESULT Incorrect function."
"27-07-2026 11:51:54","2750","Warning","Microsoft-Windows-DeviceManagement-Enterprise-Diagnostics-Provider","DeviceStatus CSP: WscGetSecurityProviderHealth(WSC_SECURITY_PROVIDER_FIREWALL) returned status 0x2 and HRESULT Incorrect function."
"27-07-2026 11:51:07","2750","Warning","Microsoft-Windows-DeviceManagement-Enterprise-Diagnostics-Provider","DeviceStatus CSP: WscGetSecurityProviderHealth(WSC_SECURITY_PROVIDER_FIREWALL) returned status 0x2 and HRESULT Incorrect function."
"27-07-2026 09:41:45","2012","Information","Microsoft-Windows-DeviceManagement-Enterprise-Diagnostics-Provider","Wsc Startup Alert WNF event process status (The operation completed successfully.)"
"27-07-2026 09:35:03","2750","Warning","Microsoft-Windows-DeviceManagement-Enterprise-Diagnostics-Provider","DeviceStatus CSP: WscGetSecurityProviderHealth(WSC_SECURITY_PROVIDER_FIREWALL) returned status 0x2 and HRESULT Incorrect function."
"27-07-2026 09:34:53","2750","Warning","Microsoft-Windows-DeviceManagement-Enterprise-Diagnostics-Provider","DeviceStatus CSP: WscGetSecurityProviderHealth(WSC_SECURITY_PROVIDER_FIREWALL) returned status 0x2 and HRESULT Incorrect function."
"27-07-2026 09:29:45","813","Information","Microsoft-Windows-DeviceManagement-Enterprise-Diagnostics-Provider","MDM PolicyManager: Set policy int, Policy: (QuickMachineRecoveryEnrolled), Area: (Update), EnrollmentID requesting merge: (B04F44A4-B696-4B56-934A-C11667E944E4), Current User: (Device), Int: (0x0), Enrollment Type: (0x20), Scope: (0x0)."
"27-07-2026 09:29:45","813","Information","Microsoft-Windows-DeviceManagement-Enterprise-Diagnostics-Provider","MDM PolicyManager: Set policy int, Policy: (DriverUpdateEnrolled), Area: (Update), EnrollmentID requesting merge: (B04F44A4-B696-4B56-934A-C11667E944E4), Current User: (Device), Int: (0x0), Enrollment Type: (0x20), Scope: (0x0)."
"27-07-2026 09:29:45","813","Information","Microsoft-Windows-DeviceManagement-Enterprise-Diagnostics-Provider","MDM PolicyManager: Set policy int, Policy: (AllowRebootlessUpdates), Area: (Update), EnrollmentID requesting merge: (B04F44A4-B696-4B56-934A-C11667E944E4), Current User: (Device), Int: (0x1), Enrollment Type: (0x20), Scope: (0x0)."
"27-07-2026 09:29:45","813","Information","Microsoft-Windows-DeviceManagement-Enterprise-Diagnostics-Provider","MDM PolicyManager: Set policy int, Policy: (FeatureUpdateEnrolled), Area: (Update), EnrollmentID requesting merge: (B04F44A4-B696-4B56-934A-C11667E944E4), Current User: (Device), Int: (0x1), Enrollment Type: (0x20), Scope: (0x0)."
"27-07-2026 09:29:45","813","Information","Microsoft-Windows-DeviceManagement-Enterprise-Diagnostics-Provider","MDM PolicyManager: Set policy int, Policy: (QualityUpdateEnrolled), Area: (Update), EnrollmentID requesting merge: (B04F44A4-B696-4B56-934A-C11667E944E4), Current User: (Device), Int: (0x0), Enrollment Type: (0x20), Scope: (0x0)."
"27-07-2026 09:22:42","404","Error","Microsoft-Windows-DeviceManagement-Enterprise-Diagnostics-Provider","MDM ConfigurationManager: Command failure status. Configuration Source ID: (386F60E8-6817-4304-B348-3E8545F3B70A), Enrollment Name: (MDMDeviceWithAAD), Provider Name: (Policy), Command Type: (Add: from Replace or Add), CSP URI: (./Device/Vendor/MSFT/Policy/ConfigOperations/ADMXInstall/Receiver/Properties/Policy/FakePolicy/Version), Result: (The system cannot find the file specified.)."
"27-07-2026 09:21:37","404","Error","Microsoft-Windows-DeviceManagement-Enterprise-Diagnostics-Provider","MDM ConfigurationManager: Command failure status. Configuration Source ID: (386F60E8-6817-4304-B348-3E8545F3B70A), Enrollment Name: (MDMDeviceWithAAD), Provider Name: (Policy), Command Type: (Add: from Replace or Add), CSP URI: (./Device/Vendor/MSFT/Policy/ConfigOperations/ADMXInstall/Receiver/Properties/Policy/FakePolicy/Version), Result: (The system cannot find the file specified.)."
"27-07-2026 09:20:32","4108","Error","Microsoft-Windows-DeviceManagement-Enterprise-Diagnostics-Provider","MDM Declared Configuration resource cleanup task failed."
"24-07-2026 12:01:54","813","Information","Microsoft-Windows-DeviceManagement-Enterprise-Diagnostics-Provider","MDM PolicyManager: Set policy int, Policy: (QuickMachineRecoveryEnrolled), Area: (Update), EnrollmentID requesting merge: (B04F44A4-B696-4B56-934A-C11667E944E4), Current User: (Device), Int: (0x0), Enrollment Type: (0x20), Scope: (0x0)."
"24-07-2026 12:01:54","813","Information","Microsoft-Windows-DeviceManagement-Enterprise-Diagnostics-Provider","MDM PolicyManager: Set policy int, Policy: (DriverUpdateEnrolled), Area: (Update), EnrollmentID requesting merge: (B04F44A4-B696-4B56-934A-C11667E944E4), Current User: (Device), Int: (0x0), Enrollment Type: (0x20), Scope: (0x0)."
"24-07-2026 12:01:54","813","Information","Microsoft-Windows-DeviceManagement-Enterprise-Diagnostics-Provider","MDM PolicyManager: Set policy int, Policy: (AllowRebootlessUpdates), Area: (Update), EnrollmentID requesting merge: (B04F44A4-B696-4B56-934A-C11667E944E4), Current User: (Device), Int: (0x1), Enrollment Type: (0x20), Scope: (0x0)."
"24-07-2026 12:01:54","813","Information","Microsoft-Windows-DeviceManagement-Enterprise-Diagnostics-Provider","MDM PolicyManager: Set policy int, Policy: (FeatureUpdateEnrolled), Area: (Update), EnrollmentID requesting merge: (B04F44A4-B696-4B56-934A-C11667E944E4), Current User: (Device), Int: (0x1), Enrollment Type: (0x20), Scope: (0x0)."
"24-07-2026 12:01:54","813","Information","Microsoft-Windows-DeviceManagement-Enterprise-Diagnostics-Provider","MDM PolicyManager: Set policy int, Policy: (QualityUpdateEnrolled), Area: (Update), EnrollmentID requesting merge: (B04F44A4-B696-4B56-934A-C11667E944E4), Current User: (Device), Int: (0x0), Enrollment Type: (0x20), Scope: (0x0)."
"24-07-2026 09:37:27","404","Error","Microsoft-Windows-DeviceManagement-Enterprise-Diagnostics-Provider","MDM ConfigurationManager: Command failure status. Configuration Source ID: (386F60E8-6817-4304-B348-3E8545F3B70A), Enrollment Name: (MDMDeviceWithAAD), Provider Name: (Policy), Command Type: (Add: from Replace or Add), CSP URI: (./Device/Vendor/MSFT/Policy/ConfigOperations/ADMXInstall/Receiver/Properties/Policy/FakePolicy/Version), Result: (The system cannot find the file specified.)."
"24-07-2026 09:36:24","404","Error","Microsoft-Windows-DeviceManagement-Enterprise-Diagnostics-Provider","MDM ConfigurationManager: Command failure status. Configuration Source ID: (386F60E8-6817-4304-B348-3E8545F3B70A), Enrollment Name: (MDMDeviceWithAAD), Provider Name: (Policy), Command Type: (Add: from Replace or Add), CSP URI: (./Device/Vendor/MSFT/Policy/ConfigOperations/ADMXInstall/Receiver/Properties/Policy/FakePolicy/Version), Result: (The system cannot find the file specified.)."
"23-07-2026 12:01:05","813","Information","Microsoft-Windows-DeviceManagement-Enterprise-Diagnostics-Provider","MDM PolicyManager: Set policy int, Policy: (QuickMachineRecoveryEnrolled), Area: (Update), EnrollmentID requesting merge: (B04F44A4-B696-4B56-934A-C11667E944E4), Current User: (Device), Int: (0x0), Enrollment Type: (0x20), Scope: (0x0)."
"23-07-2026 12:01:05","813","Information","Microsoft-Windows-DeviceManagement-Enterprise-Diagnostics-Provider","MDM PolicyManager: Set policy int, Policy: (DriverUpdateEnrolled), Area: (Update), EnrollmentID requesting merge: (B04F44A4-B696-4B56-934A-C11667E944E4), Current User: (Device), Int: (0x0), Enrollment Type: (0x20), Scope: (0x0)."
"23-07-2026 12:01:05","813","Information","Microsoft-Windows-DeviceManagement-Enterprise-Diagnostics-Provider","MDM PolicyManager: Set policy int, Policy: (AllowRebootlessUpdates), Area: (Update), EnrollmentID requesting merge: (B04F44A4-B696-4B56-934A-C11667E944E4), Current User: (Device), Int: (0x1), Enrollment Type: (0x20), Scope: (0x0)."
"23-07-2026 12:01:05","813","Information","Microsoft-Windows-DeviceManagement-Enterprise-Diagnostics-Provider","MDM PolicyManager: Set policy int, Policy: (FeatureUpdateEnrolled), Area: (Update), EnrollmentID requesting merge: (B04F44A4-B696-4B56-934A-C11667E944E4), Current User: (Device), Int: (0x1), Enrollment Type: (0x20), Scope: (0x0)."
"23-07-2026 12:01:05","813","Information","Microsoft-Windows-DeviceManagement-Enterprise-Diagnostics-Provider","MDM PolicyManager: Set policy int, Policy: (QualityUpdateEnrolled), Area: (Update), EnrollmentID requesting merge: (B04F44A4-B696-4B56-934A-C11667E944E4), Current User: (Device), Int: (0x0), Enrollment Type: (0x20), Scope: (0x0)."
"23-07-2026 09:39:27","404","Error","Microsoft-Windows-DeviceManagement-Enterprise-Diagnostics-Provider","MDM ConfigurationManager: Command failure status. Configuration Source ID: (386F60E8-6817-4304-B348-3E8545F3B70A), Enrollment Name: (MDMDeviceWithAAD), Provider Name: (Policy), Command Type: (Add: from Replace or Add), CSP URI: (./Device/Vendor/MSFT/Policy/ConfigOperations/ADMXInstall/Receiver/Properties/Policy/FakePolicy/Version), Result: (The system cannot find the file specified.)."
"23-07-2026 09:37:52","404","Error","Microsoft-Windows-DeviceManagement-Enterprise-Diagnostics-Provider","MDM ConfigurationManager: Command failure status. Configuration Source ID: (386F60E8-6817-4304-B348-3E8545F3B70A), Enrollment Name: (MDMDeviceWithAAD), Provider Name: (Policy), Command Type: (Add: from Replace or Add), CSP URI: (./Device/Vendor/MSFT/Policy/ConfigOperations/ADMXInstall/Receiver/Properties/Policy/FakePolicy/Version), Result: (The system cannot find the file specified.)."
"22-07-2026 13:12:08","404","Error","Microsoft-Windows-DeviceManagement-Enterprise-Diagnostics-Provider","MDM ConfigurationManager: Command failure status. Configuration Source ID: (386F60E8-6817-4304-B348-3E8545F3B70A), Enrollment Name: (MDMDeviceWithAAD), Provider Name: (Policy), Command Type: (Add: from Replace or Add), CSP URI: (./Device/Vendor/MSFT/Policy/ConfigOperations/ADMXInstall/Receiver/Properties/Policy/FakePolicy/Version), Result: (The system cannot find the file specified.)."
"22-07-2026 11:03:15","813","Information","Microsoft-Windows-DeviceManagement-Enterprise-Diagnostics-Provider","MDM PolicyManager: Set policy int, Policy: (QuickMachineRecoveryEnrolled), Area: (Update), EnrollmentID requesting merge: (B04F44A4-B696-4B56-934A-C11667E944E4), Current User: (Device), Int: (0x0), Enrollment Type: (0x20), Scope: (0x0)."
"22-07-2026 11:03:15","813","Information","Microsoft-Windows-DeviceManagement-Enterprise-Diagnostics-Provider","MDM PolicyManager: Set policy int, Policy: (DriverUpdateEnrolled), Area: (Update), EnrollmentID requesting merge: (B04F44A4-B696-4B56-934A-C11667E944E4), Current User: (Device), Int: (0x0), Enrollment Type: (0x20), Scope: (0x0)."
"22-07-2026 11:03:15","813","Information","Microsoft-Windows-DeviceManagement-Enterprise-Diagnostics-Provider","MDM PolicyManager: Set policy int, Policy: (AllowRebootlessUpdates), Area: (Update), EnrollmentID requesting merge: (B04F44A4-B696-4B56-934A-C11667E944E4), Current User: (Device), Int: (0x1), Enrollment Type: (0x20), Scope: (0x0)."
"22-07-2026 11:03:15","813","Information","Microsoft-Windows-DeviceManagement-Enterprise-Diagnostics-Provider","MDM PolicyManager: Set policy int, Policy: (FeatureUpdateEnrolled), Area: (Update), EnrollmentID requesting merge: (B04F44A4-B696-4B56-934A-C11667E944E4), Current User: (Device), Int: (0x1), Enrollment Type: (0x20), Scope: (0x0)."
"22-07-2026 11:03:15","813","Information","Microsoft-Windows-DeviceManagement-Enterprise-Diagnostics-Provider","MDM PolicyManager: Set policy int, Policy: (QualityUpdateEnrolled), Area: (Update), EnrollmentID requesting merge: (B04F44A4-B696-4B56-934A-C11667E944E4), Current User: (Device), Int: (0x0), Enrollment Type: (0x20), Scope: (0x0)."
"22-07-2026 09:50:44","404","Error","Microsoft-Windows-DeviceManagement-Enterprise-Diagnostics-Provider","MDM ConfigurationManager: Command failure status. Configuration Source ID: (386F60E8-6817-4304-B348-3E8545F3B70A), Enrollment Name: (MDMDeviceWithAAD), Provider Name: (Policy), Command Type: (Add: from Replace or Add), CSP URI: (./Device/Vendor/MSFT/Policy/ConfigOperations/ADMXInstall/Receiver/Properties/Policy/FakePolicy/Version), Result: (The system cannot find the file specified.)."
"22-07-2026 09:49:47","404","Error","Microsoft-Windows-DeviceManagement-Enterprise-Diagnostics-Provider","MDM ConfigurationManager: Command failure status. Configuration Source ID: (386F60E8-6817-4304-B348-3E8545F3B70A), Enrollment Name: (MDMDeviceWithAAD), Provider Name: (Policy), Command Type: (Add: from Replace or Add), CSP URI: (./Device/Vendor/MSFT/Policy/ConfigOperations/ADMXInstall/Receiver/Properties/Policy/FakePolicy/Version), Result: (The system cannot find the file specified.)."
"21-07-2026 11:03:06","813","Information","Microsoft-Windows-DeviceManagement-Enterprise-Diagnostics-Provider","MDM PolicyManager: Set policy int, Policy: (QuickMachineRecoveryEnrolled), Area: (Update), EnrollmentID requesting merge: (B04F44A4-B696-4B56-934A-C11667E944E4), Current User: (Device), Int: (0x0), Enrollment Type: (0x20), Scope: (0x0)."
"21-07-2026 11:03:06","813","Information","Microsoft-Windows-DeviceManagement-Enterprise-Diagnostics-Provider","MDM PolicyManager: Set policy int, Policy: (DriverUpdateEnrolled), Area: (Update), EnrollmentID requesting merge: (B04F44A4-B696-4B56-934A-C11667E944E4), Current User: (Device), Int: (0x0), Enrollment Type: (0x20), Scope: (0x0)."
"21-07-2026 11:03:06","813","Information","Microsoft-Windows-DeviceManagement-Enterprise-Diagnostics-Provider","MDM PolicyManager: Set policy int, Policy: (AllowRebootlessUpdates), Area: (Update), EnrollmentID requesting merge: (B04F44A4-B696-4B56-934A-C11667E944E4), Current User: (Device), Int: (0x1), Enrollment Type: (0x20), Scope: (0x0)."
"21-07-2026 11:03:06","813","Information","Microsoft-Windows-DeviceManagement-Enterprise-Diagnostics-Provider","MDM PolicyManager: Set policy int, Policy: (FeatureUpdateEnrolled), Area: (Update), EnrollmentID requesting merge: (B04F44A4-B696-4B56-934A-C11667E944E4), Current User: (Device), Int: (0x1), Enrollment Type: (0x20), Scope: (0x0)."
"21-07-2026 11:03:06","813","Information","Microsoft-Windows-DeviceManagement-Enterprise-Diagnostics-Provider","MDM PolicyManager: Set policy int, Policy: (QualityUpdateEnrolled), Area: (Update), EnrollmentID requesting merge: (B04F44A4-B696-4B56-934A-C11667E944E4), Current User: (Device), Int: (0x0), Enrollment Type: (0x20), Scope: (0x0)."
"21-07-2026 08:49:54","404","Error","Microsoft-Windows-DeviceManagement-Enterprise-Diagnostics-Provider","MDM ConfigurationManager: Command failure status. Configuration Source ID: (386F60E8-6817-4304-B348-3E8545F3B70A), Enrollment Name: (MDMDeviceWithAAD), Provider Name: (Policy), Command Type: (Add: from Replace or Add), CSP URI: (./Device/Vendor/MSFT/Policy/ConfigOperations/ADMXInstall/Receiver/Properties/Policy/FakePolicy/Version), Result: (The system cannot find the file specified.)."
"21-07-2026 08:49:26","2012","Information","Microsoft-Windows-DeviceManagement-Enterprise-Diagnostics-Provider","Wsc Startup Alert WNF event process status (The operation completed successfully.)"
"21-07-2026 08:49:15","2750","Warning","Microsoft-Windows-DeviceManagement-Enterprise-Diagnostics-Provider","DeviceStatus CSP: WscGetSecurityProviderHealth(WSC_SECURITY_PROVIDER_FIREWALL) returned status 0x2 and HRESULT Incorrect function."
"21-07-2026 08:49:06","2750","Warning","Microsoft-Windows-DeviceManagement-Enterprise-Diagnostics-Provider","DeviceStatus CSP: WscGetSecurityProviderHealth(WSC_SECURITY_PROVIDER_FIREWALL) returned status 0x2 and HRESULT Incorrect function."
