"29-07-2026 18:24:24","21","Information","Microsoft-Windows-Crypto-NCrypt","Key write succeeded.

 Provider Name:	Microsoft Software Key Storage Provider
 ModificationType: 		0x1
 Flags:		0x1
 Key Name:	ChromeMetricsTestKey
 Key File Name:	1e313dfb17707690d41bc1ce552b952a_871e017e-bcbc-4dc7-98b5-1cc935df09e8
 ProcessName:	C:\Program Files\Google\Chrome\Application\chrome.exe
 ProcessId:	0x7984
 ServerThreadId:	0x5C4
 UserId:	S-1-12-1-2357405129-1281513531-255772574-1816207334
 ServiceTag:	
 Return Code:	0x0"
"29-07-2026 10:19:31","22","Information","Microsoft-Windows-Crypto-NCrypt","Delete key succeeded.

 Provider Name:	Microsoft Software Key Storage Provider
 Flags:		0x40
 DeletionType: 		0x0
 Key Name:	ChromeMetricsTestKey
 Key File Name:	1e313dfb17707690d41bc1ce552b952a_871e017e-bcbc-4dc7-98b5-1cc935df09e8
 ProcessName:	C:\Program Files (x86)\Microsoft\EdgeWebView\Application\150.0.4078.99\msedgewebview2.exe
 ProcessId:	0x8524
 ServerThreadId:	0x701C
 UserId:	S-1-12-1-2357405129-1281513531-255772574-1816207334
 ServiceTag:	
 Return Code:	0x0"
"29-07-2026 10:19:31","21","Information","Microsoft-Windows-Crypto-NCrypt","Key write succeeded.

 Provider Name:	Microsoft Software Key Storage Provider
 ModificationType: 		0x1
 Flags:		0x1
 Key Name:	ChromeMetricsTestKey
 Key File Name:	1e313dfb17707690d41bc1ce552b952a_871e017e-bcbc-4dc7-98b5-1cc935df09e8
 ProcessName:	C:\Program Files (x86)\Microsoft\EdgeWebView\Application\150.0.4078.99\msedgewebview2.exe
 ProcessId:	0x8524
 ServerThreadId:	0x701C
 UserId:	S-1-12-1-2357405129-1281513531-255772574-1816207334
 ServiceTag:	
 Return Code:	0x0"
"28-07-2026 17:30:26","22","Information","Microsoft-Windows-Crypto-NCrypt","Delete key succeeded.

 Provider Name:	Microsoft Software Key Storage Provider
 Flags:		0x40
 DeletionType: 		0x0
 Key Name:	ChromeMetricsTestKey
 Key File Name:	1e313dfb17707690d41bc1ce552b952a_871e017e-bcbc-4dc7-98b5-1cc935df09e8
 ProcessName:	C:\Program Files (x86)\Microsoft\EdgeWebView\Application\150.0.4078.99\msedgewebview2.exe
 ProcessId:	0x60B8
 ServerThreadId:	0x5C4
 UserId:	S-1-12-1-2357405129-1281513531-255772574-1816207334
 ServiceTag:	
 Return Code:	0x0"
"28-07-2026 17:30:26","21","Information","Microsoft-Windows-Crypto-NCrypt","Key write succeeded.

 Provider Name:	Microsoft Software Key Storage Provider
 ModificationType: 		0x1
 Flags:		0x1
 Key Name:	ChromeMetricsTestKey
 Key File Name:	1e313dfb17707690d41bc1ce552b952a_871e017e-bcbc-4dc7-98b5-1cc935df09e8
 ProcessName:	C:\Program Files (x86)\Microsoft\EdgeWebView\Application\150.0.4078.99\msedgewebview2.exe
 ProcessId:	0x60B8
 ServerThreadId:	0x5C4
 UserId:	S-1-12-1-2357405129-1281513531-255772574-1816207334
 ServiceTag:	
 Return Code:	0x0"
"28-07-2026 16:16:06","22","Information","Microsoft-Windows-Crypto-NCrypt","Delete key succeeded.

 Provider Name:	Microsoft Software Key Storage Provider
 Flags:		0x40
 DeletionType: 		0x0
 Key Name:	ChromeMetricsTestKey
 Key File Name:	1e313dfb17707690d41bc1ce552b952a_871e017e-bcbc-4dc7-98b5-1cc935df09e8
 ProcessName:	C:\Program Files (x86)\Microsoft\EdgeWebView\Application\150.0.4078.99\msedgewebview2.exe
 ProcessId:	0x36CC
 ServerThreadId:	0x5D68
 UserId:	S-1-12-1-2357405129-1281513531-255772574-1816207334
 ServiceTag:	
 Return Code:	0x0"
"28-07-2026 16:16:06","21","Information","Microsoft-Windows-Crypto-NCrypt","Key write succeeded.

 Provider Name:	Microsoft Software Key Storage Provider
 ModificationType: 		0x1
 Flags:		0x1
 Key Name:	ChromeMetricsTestKey
 Key File Name:	1e313dfb17707690d41bc1ce552b952a_871e017e-bcbc-4dc7-98b5-1cc935df09e8
 ProcessName:	C:\Program Files (x86)\Microsoft\EdgeWebView\Application\150.0.4078.99\msedgewebview2.exe
 ProcessId:	0x36CC
 ServerThreadId:	0x5D68
 UserId:	S-1-12-1-2357405129-1281513531-255772574-1816207334
 ServiceTag:	
 Return Code:	0x0"
"28-07-2026 14:30:58","22","Information","Microsoft-Windows-Crypto-NCrypt","Delete key succeeded.

 Provider Name:	Microsoft Software Key Storage Provider
 Flags:		0x40
 DeletionType: 		0x0
 Key Name:	ChromeMetricsTestKey
 Key File Name:	1e313dfb17707690d41bc1ce552b952a_871e017e-bcbc-4dc7-98b5-1cc935df09e8
 ProcessName:	C:\Program Files (x86)\Microsoft\EdgeWebView\Application\150.0.4078.99\msedgewebview2.exe
 ProcessId:	0x7B2C
 ServerThreadId:	0x80A4
 UserId:	S-1-12-1-2357405129-1281513531-255772574-1816207334
 ServiceTag:	
 Return Code:	0x0"
"28-07-2026 14:30:58","21","Information","Microsoft-Windows-Crypto-NCrypt","Key write succeeded.

 Provider Name:	Microsoft Software Key Storage Provider
 ModificationType: 		0x1
 Flags:		0x1
 Key Name:	ChromeMetricsTestKey
 Key File Name:	1e313dfb17707690d41bc1ce552b952a_871e017e-bcbc-4dc7-98b5-1cc935df09e8
 ProcessName:	C:\Program Files (x86)\Microsoft\EdgeWebView\Application\150.0.4078.99\msedgewebview2.exe
 ProcessId:	0x7B2C
 ServerThreadId:	0x80A4
 UserId:	S-1-12-1-2357405129-1281513531-255772574-1816207334
 ServiceTag:	
 Return Code:	0x0"
"28-07-2026 13:07:17","22","Information","Microsoft-Windows-Crypto-NCrypt","Delete key succeeded.

 Provider Name:	Microsoft Software Key Storage Provider
 Flags:		0x40
 DeletionType: 		0x0
 Key Name:	ChromeMetricsTestKey
 Key File Name:	1e313dfb17707690d41bc1ce552b952a_871e017e-bcbc-4dc7-98b5-1cc935df09e8
 ProcessName:	C:\Program Files (x86)\Microsoft\EdgeWebView\Application\150.0.4078.99\msedgewebview2.exe
 ProcessId:	0x6088
 ServerThreadId:	0x5C4
 UserId:	S-1-12-1-2357405129-1281513531-255772574-1816207334
 ServiceTag:	
 Return Code:	0x0"
"28-07-2026 13:07:17","21","Information","Microsoft-Windows-Crypto-NCrypt","Key write succeeded.

 Provider Name:	Microsoft Software Key Storage Provider
 ModificationType: 		0x1
 Flags:		0x1
 Key Name:	ChromeMetricsTestKey
 Key File Name:	1e313dfb17707690d41bc1ce552b952a_871e017e-bcbc-4dc7-98b5-1cc935df09e8
 ProcessName:	C:\Program Files (x86)\Microsoft\EdgeWebView\Application\150.0.4078.99\msedgewebview2.exe
 ProcessId:	0x6088
 ServerThreadId:	0x5C4
 UserId:	S-1-12-1-2357405129-1281513531-255772574-1816207334
 ServiceTag:	
 Return Code:	0x0"
"28-07-2026 12:42:34","22","Information","Microsoft-Windows-Crypto-NCrypt","Delete key succeeded.

 Provider Name:	Microsoft Software Key Storage Provider
 Flags:		0x40
 DeletionType: 		0x0
 Key Name:	ChromeMetricsTestKey
 Key File Name:	1e313dfb17707690d41bc1ce552b952a_871e017e-bcbc-4dc7-98b5-1cc935df09e8
 ProcessName:	C:\Program Files (x86)\Microsoft\EdgeWebView\Application\150.0.4078.99\msedgewebview2.exe
 ProcessId:	0x795C
 ServerThreadId:	0x5C4
 UserId:	S-1-12-1-2357405129-1281513531-255772574-1816207334
 ServiceTag:	
 Return Code:	0x0"
"28-07-2026 12:42:34","21","Information","Microsoft-Windows-Crypto-NCrypt","Key write succeeded.

 Provider Name:	Microsoft Software Key Storage Provider
 ModificationType: 		0x1
 Flags:		0x1
 Key Name:	ChromeMetricsTestKey
 Key File Name:	1e313dfb17707690d41bc1ce552b952a_871e017e-bcbc-4dc7-98b5-1cc935df09e8
 ProcessName:	C:\Program Files (x86)\Microsoft\EdgeWebView\Application\150.0.4078.99\msedgewebview2.exe
 ProcessId:	0x795C
 ServerThreadId:	0x5C4
 UserId:	S-1-12-1-2357405129-1281513531-255772574-1816207334
 ServiceTag:	
 Return Code:	0x0"
"28-07-2026 11:46:09","22","Information","Microsoft-Windows-Crypto-NCrypt","Delete key succeeded.

 Provider Name:	Microsoft Software Key Storage Provider
 Flags:		0x40
 DeletionType: 		0x0
 Key Name:	ChromeMetricsTestKey
 Key File Name:	1e313dfb17707690d41bc1ce552b952a_871e017e-bcbc-4dc7-98b5-1cc935df09e8
 ProcessName:	C:\Program Files (x86)\Microsoft\EdgeWebView\Application\150.0.4078.99\msedgewebview2.exe
 ProcessId:	0x6A7C
 ServerThreadId:	0x5D58
 UserId:	S-1-12-1-2357405129-1281513531-255772574-1816207334
 ServiceTag:	
 Return Code:	0x0"
"28-07-2026 11:46:09","21","Information","Microsoft-Windows-Crypto-NCrypt","Key write succeeded.

 Provider Name:	Microsoft Software Key Storage Provider
 ModificationType: 		0x1
 Flags:		0x1
 Key Name:	ChromeMetricsTestKey
 Key File Name:	1e313dfb17707690d41bc1ce552b952a_871e017e-bcbc-4dc7-98b5-1cc935df09e8
 ProcessName:	C:\Program Files (x86)\Microsoft\EdgeWebView\Application\150.0.4078.99\msedgewebview2.exe
 ProcessId:	0x6A7C
 ServerThreadId:	0x5D58
 UserId:	S-1-12-1-2357405129-1281513531-255772574-1816207334
 ServiceTag:	
 Return Code:	0x0"
"28-07-2026 10:25:33","22","Information","Microsoft-Windows-Crypto-NCrypt","Delete key succeeded.

 Provider Name:	Microsoft Software Key Storage Provider
 Flags:		0x40
 DeletionType: 		0x0
 Key Name:	ChromeMetricsTestKey
 Key File Name:	1e313dfb17707690d41bc1ce552b952a_871e017e-bcbc-4dc7-98b5-1cc935df09e8
 ProcessName:	C:\Program Files\Google\Chrome\Application\chrome.exe
 ProcessId:	0x7038
 ServerThreadId:	0x83D8
 UserId:	S-1-12-1-2357405129-1281513531-255772574-1816207334
 ServiceTag:	
 Return Code:	0x0"
"28-07-2026 10:25:33","21","Information","Microsoft-Windows-Crypto-NCrypt","Key write succeeded.

 Provider Name:	Microsoft Software Key Storage Provider
 ModificationType: 		0x1
 Flags:		0x1
 Key Name:	ChromeMetricsTestKey
 Key File Name:	1e313dfb17707690d41bc1ce552b952a_871e017e-bcbc-4dc7-98b5-1cc935df09e8
 ProcessName:	C:\Program Files\Google\Chrome\Application\chrome.exe
 ProcessId:	0x7038
 ServerThreadId:	0x83D8
 UserId:	S-1-12-1-2357405129-1281513531-255772574-1816207334
 ServiceTag:	
 Return Code:	0x0"
"28-07-2026 09:51:21","21","Information","Microsoft-Windows-Crypto-NCrypt","Key write succeeded.

 Provider Name:	Microsoft Software Key Storage Provider
 ModificationType: 		0x4
 Flags:		0x1
 Key Name:	TB_0_live.com
 Key File Name:	7870e542f5fb12293ae785ec0029d5f1_871e017e-bcbc-4dc7-98b5-1cc935df09e8
 ProcessName:	NULL
 ProcessId:	0x3438
 ServerThreadId:	0x774
 UserId:	S-1-12-1-2357405129-1281513531-255772574-1816207334
 ServiceTag:	
 Return Code:	0x0"
"28-07-2026 09:51:14","22","Information","Microsoft-Windows-Crypto-NCrypt","Delete key succeeded.

 Provider Name:	Microsoft Software Key Storage Provider
 Flags:		0x40
 DeletionType: 		0x0
 Key Name:	ChromeMetricsTestKey
 Key File Name:	1e313dfb17707690d41bc1ce552b952a_871e017e-bcbc-4dc7-98b5-1cc935df09e8
 ProcessName:	C:\Program Files (x86)\Microsoft\EdgeWebView\Application\150.0.4078.99\msedgewebview2.exe
 ProcessId:	0x785C
 ServerThreadId:	0x774
 UserId:	S-1-12-1-2357405129-1281513531-255772574-1816207334
 ServiceTag:	
 Return Code:	0x0"
"28-07-2026 09:51:14","21","Information","Microsoft-Windows-Crypto-NCrypt","Key write succeeded.

 Provider Name:	Microsoft Software Key Storage Provider
 ModificationType: 		0x1
 Flags:		0x1
 Key Name:	ChromeMetricsTestKey
 Key File Name:	1e313dfb17707690d41bc1ce552b952a_871e017e-bcbc-4dc7-98b5-1cc935df09e8
 ProcessName:	C:\Program Files (x86)\Microsoft\EdgeWebView\Application\150.0.4078.99\msedgewebview2.exe
 ProcessId:	0x785C
 ServerThreadId:	0x774
 UserId:	S-1-12-1-2357405129-1281513531-255772574-1816207334
 ServiceTag:	
 Return Code:	0x0"
"28-07-2026 09:49:26","22","Information","Microsoft-Windows-Crypto-NCrypt","Delete key succeeded.

 Provider Name:	Microsoft Software Key Storage Provider
 Flags:		0x40
 DeletionType: 		0x0
 Key Name:	ChromeMetricsTestKey
 Key File Name:	1e313dfb17707690d41bc1ce552b952a_871e017e-bcbc-4dc7-98b5-1cc935df09e8
 ProcessName:	C:\Program Files (x86)\Microsoft\EdgeWebView\Application\150.0.4078.99\msedgewebview2.exe
 ProcessId:	0x6FF0
 ServerThreadId:	0x740C
 UserId:	S-1-12-1-2357405129-1281513531-255772574-1816207334
 ServiceTag:	
 Return Code:	0x0"
"28-07-2026 09:49:26","21","Information","Microsoft-Windows-Crypto-NCrypt","Key write succeeded.

 Provider Name:	Microsoft Software Key Storage Provider
 ModificationType: 		0x1
 Flags:		0x1
 Key Name:	ChromeMetricsTestKey
 Key File Name:	1e313dfb17707690d41bc1ce552b952a_871e017e-bcbc-4dc7-98b5-1cc935df09e8
 ProcessName:	C:\Program Files (x86)\Microsoft\EdgeWebView\Application\150.0.4078.99\msedgewebview2.exe
 ProcessId:	0x6FF0
 ServerThreadId:	0x740C
 UserId:	S-1-12-1-2357405129-1281513531-255772574-1816207334
 ServiceTag:	
 Return Code:	0x0"
"28-07-2026 09:31:52","22","Information","Microsoft-Windows-Crypto-NCrypt","Delete key succeeded.

 Provider Name:	Microsoft Software Key Storage Provider
 Flags:		0x40
 DeletionType: 		0x0
 Key Name:	ChromeMetricsTestKey
 Key File Name:	1e313dfb17707690d41bc1ce552b952a_871e017e-bcbc-4dc7-98b5-1cc935df09e8
 ProcessName:	C:\Program Files (x86)\Microsoft\Edge\Application\msedge.exe
 ProcessId:	0x73B0
 ServerThreadId:	0x7154
 UserId:	S-1-12-1-2357405129-1281513531-255772574-1816207334
 ServiceTag:	
 Return Code:	0x0"
"28-07-2026 09:31:52","21","Information","Microsoft-Windows-Crypto-NCrypt","Key write succeeded.

 Provider Name:	Microsoft Software Key Storage Provider
 ModificationType: 		0x1
 Flags:		0x1
 Key Name:	ChromeMetricsTestKey
 Key File Name:	1e313dfb17707690d41bc1ce552b952a_871e017e-bcbc-4dc7-98b5-1cc935df09e8
 ProcessName:	C:\Program Files (x86)\Microsoft\Edge\Application\msedge.exe
 ProcessId:	0x73B0
 ServerThreadId:	0x7154
 UserId:	S-1-12-1-2357405129-1281513531-255772574-1816207334
 ServiceTag:	
 Return Code:	0x0"
"28-07-2026 09:24:03","22","Information","Microsoft-Windows-Crypto-NCrypt","Delete key succeeded.

 Provider Name:	Microsoft Software Key Storage Provider
 Flags:		0x40
 DeletionType: 		0x0
 Key Name:	ChromeMetricsTestKey
 Key File Name:	1e313dfb17707690d41bc1ce552b952a_871e017e-bcbc-4dc7-98b5-1cc935df09e8
 ProcessName:	C:\Program Files (x86)\Microsoft\EdgeWebView\Application\150.0.4078.99\msedgewebview2.exe
 ProcessId:	0x8340
 ServerThreadId:	0xC3C
 UserId:	S-1-12-1-2357405129-1281513531-255772574-1816207334
 ServiceTag:	
 Return Code:	0x0"
"28-07-2026 09:24:02","21","Information","Microsoft-Windows-Crypto-NCrypt","Key write succeeded.

 Provider Name:	Microsoft Software Key Storage Provider
 ModificationType: 		0x1
 Flags:		0x1
 Key Name:	ChromeMetricsTestKey
 Key File Name:	1e313dfb17707690d41bc1ce552b952a_871e017e-bcbc-4dc7-98b5-1cc935df09e8
 ProcessName:	C:\Program Files (x86)\Microsoft\EdgeWebView\Application\150.0.4078.99\msedgewebview2.exe
 ProcessId:	0x8340
 ServerThreadId:	0xC3C
 UserId:	S-1-12-1-2357405129-1281513531-255772574-1816207334
 ServiceTag:	
 Return Code:	0x0"
"27-07-2026 16:46:17","22","Information","Microsoft-Windows-Crypto-NCrypt","Delete key succeeded.

 Provider Name:	Microsoft Software Key Storage Provider
 Flags:		0x40
 DeletionType: 		0x0
 Key Name:	ChromeMetricsTestKey
 Key File Name:	1e313dfb17707690d41bc1ce552b952a_871e017e-bcbc-4dc7-98b5-1cc935df09e8
 ProcessName:	C:\Program Files (x86)\Microsoft\EdgeWebView\Application\150.0.4078.99\msedgewebview2.exe
 ProcessId:	0x3DE8
 ServerThreadId:	0x93C
 UserId:	S-1-12-1-2357405129-1281513531-255772574-1816207334
 ServiceTag:	
 Return Code:	0x0"
"27-07-2026 16:46:17","21","Information","Microsoft-Windows-Crypto-NCrypt","Key write succeeded.

 Provider Name:	Microsoft Software Key Storage Provider
 ModificationType: 		0x1
 Flags:		0x1
 Key Name:	ChromeMetricsTestKey
 Key File Name:	1e313dfb17707690d41bc1ce552b952a_871e017e-bcbc-4dc7-98b5-1cc935df09e8
 ProcessName:	C:\Program Files (x86)\Microsoft\EdgeWebView\Application\150.0.4078.99\msedgewebview2.exe
 ProcessId:	0x3DE8
 ServerThreadId:	0x93C
 UserId:	S-1-12-1-2357405129-1281513531-255772574-1816207334
 ServiceTag:	
 Return Code:	0x0"
"27-07-2026 16:18:47","22","Information","Microsoft-Windows-Crypto-NCrypt","Delete key succeeded.

 Provider Name:	Microsoft Software Key Storage Provider
 Flags:		0x40
 DeletionType: 		0x0
 Key Name:	ChromeMetricsTestKey
 Key File Name:	1e313dfb17707690d41bc1ce552b952a_871e017e-bcbc-4dc7-98b5-1cc935df09e8
 ProcessName:	C:\Program Files (x86)\Microsoft\EdgeWebView\Application\150.0.4078.99\msedgewebview2.exe
 ProcessId:	0xFA0
 ServerThreadId:	0x93C
 UserId:	S-1-12-1-2357405129-1281513531-255772574-1816207334
 ServiceTag:	
 Return Code:	0x0"
"27-07-2026 16:18:47","21","Information","Microsoft-Windows-Crypto-NCrypt","Key write succeeded.

 Provider Name:	Microsoft Software Key Storage Provider
 ModificationType: 		0x1
 Flags:		0x1
 Key Name:	ChromeMetricsTestKey
 Key File Name:	1e313dfb17707690d41bc1ce552b952a_871e017e-bcbc-4dc7-98b5-1cc935df09e8
 ProcessName:	C:\Program Files (x86)\Microsoft\EdgeWebView\Application\150.0.4078.99\msedgewebview2.exe
 ProcessId:	0xFA0
 ServerThreadId:	0x93C
 UserId:	S-1-12-1-2357405129-1281513531-255772574-1816207334
 ServiceTag:	
 Return Code:	0x0"
"27-07-2026 14:27:07","21","Information","Microsoft-Windows-Crypto-NCrypt","Key write succeeded.

 Provider Name:	Microsoft Software Key Storage Provider
 ModificationType: 		0x4
 Flags:		0x1
 Key Name:	TB_0_office.net
 Key File Name:	13bfded2956ec893f0ec1f31e4d9e901_871e017e-bcbc-4dc7-98b5-1cc935df09e8
 ProcessName:	NULL
 ProcessId:	0x3438
 ServerThreadId:	0x5544
 UserId:	S-1-12-1-2357405129-1281513531-255772574-1816207334
 ServiceTag:	
 Return Code:	0x0"
"27-07-2026 14:25:50","22","Information","Microsoft-Windows-Crypto-NCrypt","Delete key succeeded.

 Provider Name:	Microsoft Software Key Storage Provider
 Flags:		0x40
 DeletionType: 		0x0
 Key Name:	ChromeMetricsTestKey
 Key File Name:	1e313dfb17707690d41bc1ce552b952a_871e017e-bcbc-4dc7-98b5-1cc935df09e8
 ProcessName:	C:\Program Files (x86)\Microsoft\EdgeWebView\Application\150.0.4078.99\msedgewebview2.exe
 ProcessId:	0x309C
 ServerThreadId:	0x6BB4
 UserId:	S-1-12-1-2357405129-1281513531-255772574-1816207334
 ServiceTag:	
 Return Code:	0x0"
"27-07-2026 14:25:50","21","Information","Microsoft-Windows-Crypto-NCrypt","Key write succeeded.

 Provider Name:	Microsoft Software Key Storage Provider
 ModificationType: 		0x1
 Flags:		0x1
 Key Name:	ChromeMetricsTestKey
 Key File Name:	1e313dfb17707690d41bc1ce552b952a_871e017e-bcbc-4dc7-98b5-1cc935df09e8
 ProcessName:	C:\Program Files (x86)\Microsoft\EdgeWebView\Application\150.0.4078.99\msedgewebview2.exe
 ProcessId:	0x309C
 ServerThreadId:	0x6BB4
 UserId:	S-1-12-1-2357405129-1281513531-255772574-1816207334
 ServiceTag:	
 Return Code:	0x0"
"27-07-2026 12:51:04","22","Information","Microsoft-Windows-Crypto-NCrypt","Delete key succeeded.

 Provider Name:	Microsoft Software Key Storage Provider
 Flags:		0x40
 DeletionType: 		0x0
 Key Name:	ChromeMetricsTestKey
 Key File Name:	1e313dfb17707690d41bc1ce552b952a_871e017e-bcbc-4dc7-98b5-1cc935df09e8
 ProcessName:	C:\Program Files (x86)\Microsoft\EdgeWebView\Application\150.0.4078.99\msedgewebview2.exe
 ProcessId:	0x1CE4
 ServerThreadId:	0x5C4
 UserId:	S-1-12-1-2357405129-1281513531-255772574-1816207334
 ServiceTag:	
 Return Code:	0x0"
"27-07-2026 12:51:04","21","Information","Microsoft-Windows-Crypto-NCrypt","Key write succeeded.

 Provider Name:	Microsoft Software Key Storage Provider
 ModificationType: 		0x1
 Flags:		0x1
 Key Name:	ChromeMetricsTestKey
 Key File Name:	1e313dfb17707690d41bc1ce552b952a_871e017e-bcbc-4dc7-98b5-1cc935df09e8
 ProcessName:	C:\Program Files (x86)\Microsoft\EdgeWebView\Application\150.0.4078.99\msedgewebview2.exe
 ProcessId:	0x1CE4
 ServerThreadId:	0x5C4
 UserId:	S-1-12-1-2357405129-1281513531-255772574-1816207334
 ServiceTag:	
 Return Code:	0x0"
"27-07-2026 12:22:51","22","Information","Microsoft-Windows-Crypto-NCrypt","Delete key succeeded.

 Provider Name:	Microsoft Software Key Storage Provider
 Flags:		0x40
 DeletionType: 		0x0
 Key Name:	ChromeMetricsTestKey
 Key File Name:	1e313dfb17707690d41bc1ce552b952a_871e017e-bcbc-4dc7-98b5-1cc935df09e8
 ProcessName:	C:\Program Files (x86)\Microsoft\EdgeWebView\Application\150.0.4078.99\msedgewebview2.exe
 ProcessId:	0x33E0
 ServerThreadId:	0x5544
 UserId:	S-1-12-1-2357405129-1281513531-255772574-1816207334
 ServiceTag:	
 Return Code:	0x0"
"27-07-2026 12:22:51","21","Information","Microsoft-Windows-Crypto-NCrypt","Key write succeeded.

 Provider Name:	Microsoft Software Key Storage Provider
 ModificationType: 		0x1
 Flags:		0x1
 Key Name:	ChromeMetricsTestKey
 Key File Name:	1e313dfb17707690d41bc1ce552b952a_871e017e-bcbc-4dc7-98b5-1cc935df09e8
 ProcessName:	C:\Program Files (x86)\Microsoft\EdgeWebView\Application\150.0.4078.99\msedgewebview2.exe
 ProcessId:	0x33E0
 ServerThreadId:	0x5544
 UserId:	S-1-12-1-2357405129-1281513531-255772574-1816207334
 ServiceTag:	
 Return Code:	0x0"
"27-07-2026 12:21:33","21","Information","Microsoft-Windows-Crypto-NCrypt","Key write succeeded.

 Provider Name:	Microsoft Software Key Storage Provider
 ModificationType: 		0x4
 Flags:		0x1
 Key Name:	TB_0_office.com
 Key File Name:	b543eb95fcb260dd4ede6ae0ba843c55_871e017e-bcbc-4dc7-98b5-1cc935df09e8
 ProcessName:	NULL
 ProcessId:	0x3438
 ServerThreadId:	0x5C4
 UserId:	S-1-12-1-2357405129-1281513531-255772574-1816207334
 ServiceTag:	
 Return Code:	0x0"
"27-07-2026 11:51:23","22","Information","Microsoft-Windows-Crypto-NCrypt","Delete key succeeded.

 Provider Name:	Microsoft Software Key Storage Provider
 Flags:		0x40
 DeletionType: 		0x0
 Key Name:	ChromeMetricsTestKey
 Key File Name:	1e313dfb17707690d41bc1ce552b952a_871e017e-bcbc-4dc7-98b5-1cc935df09e8
 ProcessName:	C:\Program Files (x86)\Microsoft\EdgeWebView\Application\150.0.4078.99\msedgewebview2.exe
 ProcessId:	0x5988
 ServerThreadId:	0x5544
 UserId:	S-1-12-1-2357405129-1281513531-255772574-1816207334
 ServiceTag:	
 Return Code:	0x0"
"27-07-2026 11:51:23","21","Information","Microsoft-Windows-Crypto-NCrypt","Key write succeeded.

 Provider Name:	Microsoft Software Key Storage Provider
 ModificationType: 		0x1
 Flags:		0x1
 Key Name:	ChromeMetricsTestKey
 Key File Name:	1e313dfb17707690d41bc1ce552b952a_871e017e-bcbc-4dc7-98b5-1cc935df09e8
 ProcessName:	C:\Program Files (x86)\Microsoft\EdgeWebView\Application\150.0.4078.99\msedgewebview2.exe
 ProcessId:	0x5988
 ServerThreadId:	0x5544
 UserId:	S-1-12-1-2357405129-1281513531-255772574-1816207334
 ServiceTag:	
 Return Code:	0x0"
"27-07-2026 11:51:05","22","Information","Microsoft-Windows-Crypto-NCrypt","Delete key succeeded.

 Provider Name:	Microsoft Software Key Storage Provider
 Flags:		0x40
 DeletionType: 		0x0
 Key Name:	ChromeMetricsTestKey
 Key File Name:	1e313dfb17707690d41bc1ce552b952a_871e017e-bcbc-4dc7-98b5-1cc935df09e8
 ProcessName:	C:\Program Files (x86)\Microsoft\EdgeWebView\Application\150.0.4078.99\msedgewebview2.exe
 ProcessId:	0x4FB0
 ServerThreadId:	0x55E0
 UserId:	S-1-12-1-2357405129-1281513531-255772574-1816207334
 ServiceTag:	
 Return Code:	0x0"
"27-07-2026 11:51:05","21","Information","Microsoft-Windows-Crypto-NCrypt","Key write succeeded.

 Provider Name:	Microsoft Software Key Storage Provider
 ModificationType: 		0x1
 Flags:		0x1
 Key Name:	ChromeMetricsTestKey
 Key File Name:	1e313dfb17707690d41bc1ce552b952a_871e017e-bcbc-4dc7-98b5-1cc935df09e8
 ProcessName:	C:\Program Files (x86)\Microsoft\EdgeWebView\Application\150.0.4078.99\msedgewebview2.exe
 ProcessId:	0x4FB0
 ServerThreadId:	0x55E0
 UserId:	S-1-12-1-2357405129-1281513531-255772574-1816207334
 ServiceTag:	
 Return Code:	0x0"
"27-07-2026 11:50:27","22","Information","Microsoft-Windows-Crypto-NCrypt","Delete key succeeded.

 Provider Name:	Microsoft Software Key Storage Provider
 Flags:		0x40
 DeletionType: 		0x0
 Key Name:	ChromeMetricsTestKey
 Key File Name:	1e313dfb17707690d41bc1ce552b952a_871e017e-bcbc-4dc7-98b5-1cc935df09e8
 ProcessName:	C:\Program Files (x86)\Microsoft\Edge\Application\msedge.exe
 ProcessId:	0x16F8
 ServerThreadId:	0x618
 UserId:	S-1-12-1-2357405129-1281513531-255772574-1816207334
 ServiceTag:	
 Return Code:	0x0"
"27-07-2026 11:50:27","21","Information","Microsoft-Windows-Crypto-NCrypt","Key write succeeded.

 Provider Name:	Microsoft Software Key Storage Provider
 ModificationType: 		0x1
 Flags:		0x1
 Key Name:	ChromeMetricsTestKey
 Key File Name:	1e313dfb17707690d41bc1ce552b952a_871e017e-bcbc-4dc7-98b5-1cc935df09e8
 ProcessName:	C:\Program Files (x86)\Microsoft\Edge\Application\msedge.exe
 ProcessId:	0x16F8
 ServerThreadId:	0x618
 UserId:	S-1-12-1-2357405129-1281513531-255772574-1816207334
 ServiceTag:	
 Return Code:	0x0"
"27-07-2026 11:50:21","21","Information","Microsoft-Windows-Crypto-NCrypt","Key write succeeded.

 Provider Name:	Microsoft Software Key Storage Provider
 ModificationType: 		0x4
 Flags:		0x1
 Key Name:	TB_0_o365syncservice.com
 Key File Name:	03fe5186b7c126ca01ee242d645e8774_871e017e-bcbc-4dc7-98b5-1cc935df09e8
 ProcessName:	NULL
 ProcessId:	0x3438
 ServerThreadId:	0x618
 UserId:	S-1-12-1-2357405129-1281513531-255772574-1816207334
 ServiceTag:	
 Return Code:	0x0"
"27-07-2026 11:50:18","22","Information","Microsoft-Windows-Crypto-NCrypt","Delete key succeeded.

 Provider Name:	Microsoft Software Key Storage Provider
 Flags:		0x40
 DeletionType: 		0x0
 Key Name:	SCEPProtocolKey-f13a4853-3d74-44eb-a815-c5c8fe740efc
 Key File Name:	44503494e151ec118b8475e4345258e6_871e017e-bcbc-4dc7-98b5-1cc935df09e8
 ProcessName:	C:\Windows\System32\taskhostw.exe
 ProcessId:	0x2CAC
 ServerThreadId:	0x610
 UserId:	S-1-5-18
 ServiceTag:	
 Return Code:	0x0"
"27-07-2026 11:50:15","21","Information","Microsoft-Windows-Crypto-NCrypt","Key write succeeded.

 Provider Name:	Microsoft Software Key Storage Provider
 ModificationType: 		0x1
 Flags:		0x0
 Key Name:	SCEPProtocolKey-f13a4853-3d74-44eb-a815-c5c8fe740efc
 Key File Name:	44503494e151ec118b8475e4345258e6_871e017e-bcbc-4dc7-98b5-1cc935df09e8
 ProcessName:	C:\Windows\System32\taskhostw.exe
 ProcessId:	0x2CAC
 ServerThreadId:	0x620
 UserId:	S-1-5-18
 ServiceTag:	
 Return Code:	0x0"
"27-07-2026 11:50:13","22","Information","Microsoft-Windows-Crypto-NCrypt","Delete key succeeded.

 Provider Name:	Microsoft Software Key Storage Provider
 Flags:		0x40
 DeletionType: 		0x0
 Key Name:	ChromeMetricsTestKey
 Key File Name:	1e313dfb17707690d41bc1ce552b952a_871e017e-bcbc-4dc7-98b5-1cc935df09e8_da5fd6b349700aefcb92feb194b1222f
 ProcessName:	C:\Program Files (x86)\Microsoft\EdgeWebView\Application\150.0.4078.99\msedgewebview2.exe
 ProcessId:	0x3F08
 ServerThreadId:	0x620
 UserId:	S-1-12-1-2357405129-1281513531-255772574-1816207334
 ServiceTag:	
 Return Code:	0x0"
"27-07-2026 11:50:13","21","Information","Microsoft-Windows-Crypto-NCrypt","Key write succeeded.

 Provider Name:	Microsoft Software Key Storage Provider
 ModificationType: 		0x1
 Flags:		0x1
 Key Name:	ChromeMetricsTestKey
 Key File Name:	1e313dfb17707690d41bc1ce552b952a_871e017e-bcbc-4dc7-98b5-1cc935df09e8_da5fd6b349700aefcb92feb194b1222f
 ProcessName:	C:\Program Files (x86)\Microsoft\EdgeWebView\Application\150.0.4078.99\msedgewebview2.exe
 ProcessId:	0x3F08
 ServerThreadId:	0x620
 UserId:	S-1-12-1-2357405129-1281513531-255772574-1816207334
 ServiceTag:	
 Return Code:	0x0"
"27-07-2026 11:50:13","22","Information","Microsoft-Windows-Crypto-NCrypt","Delete key succeeded.

 Provider Name:	Microsoft Software Key Storage Provider
 Flags:		0x40
 DeletionType: 		0x0
 Key Name:	SCEPProtocolKey-7a069aad-c9dc-466b-9b81-10d74c8d461e
 Key File Name:	59a0645e648cb1415085496d6deda1f9_871e017e-bcbc-4dc7-98b5-1cc935df09e8
 ProcessName:	C:\Windows\System32\taskhostw.exe
 ProcessId:	0x2CAC
 ServerThreadId:	0x60C
 UserId:	S-1-5-18
 ServiceTag:	
 Return Code:	0x0"
"27-07-2026 11:50:09","21","Information","Microsoft-Windows-Crypto-NCrypt","Key write succeeded.

 Provider Name:	Microsoft Software Key Storage Provider
 ModificationType: 		0x1
 Flags:		0x0
 Key Name:	SCEPProtocolKey-7a069aad-c9dc-466b-9b81-10d74c8d461e
 Key File Name:	59a0645e648cb1415085496d6deda1f9_871e017e-bcbc-4dc7-98b5-1cc935df09e8
 ProcessName:	C:\Windows\System32\taskhostw.exe
 ProcessId:	0x2CAC
 ServerThreadId:	0x618
 UserId:	S-1-5-18
 ServiceTag:	
 Return Code:	0x0"
"27-07-2026 11:50:05","21","Information","Microsoft-Windows-Crypto-NCrypt","Key write succeeded.

 Provider Name:	Microsoft Software Key Storage Provider
 ModificationType: 		0x4
 Flags:		0x1
 Key Name:	TB_0_o365filtering.com
 Key File Name:	2e3590740cdac8e9a212e2a757edc725_871e017e-bcbc-4dc7-98b5-1cc935df09e8
 ProcessName:	NULL
 ProcessId:	0x3438
 ServerThreadId:	0x60C
 UserId:	S-1-12-1-2357405129-1281513531-255772574-1816207334
 ServiceTag:	
 Return Code:	0x0"
"27-07-2026 11:49:59","22","Information","Microsoft-Windows-Crypto-NCrypt","Delete key succeeded.

 Provider Name:	Microsoft Software Key Storage Provider
 Flags:		0x40
 DeletionType: 		0x0
 Key Name:	SCEPProtocolKey-aafddd6d-f057-45af-bb1a-7ef89d9a494a
 Key File Name:	f596484a05297bab6fcd5139db40683a_871e017e-bcbc-4dc7-98b5-1cc935df09e8
 ProcessName:	C:\Windows\System32\taskhostw.exe
 ProcessId:	0x2CAC
 ServerThreadId:	0x618
 UserId:	S-1-5-18
 ServiceTag:	
 Return Code:	0x0"
"27-07-2026 11:49:55","21","Information","Microsoft-Windows-Crypto-NCrypt","Key write succeeded.

 Provider Name:	Microsoft Software Key Storage Provider
 ModificationType: 		0x4
 Flags:		0x1
 Key Name:	TB_0_msn.com
 Key File Name:	7712e25a4eba4c84fb53ca897ef26f24_871e017e-bcbc-4dc7-98b5-1cc935df09e8
 ProcessName:	NULL
 ProcessId:	0x3438
 ServerThreadId:	0x618
 UserId:	S-1-12-1-2357405129-1281513531-255772574-1816207334
 ServiceTag:	
 Return Code:	0x0"
"27-07-2026 11:49:44","21","Information","Microsoft-Windows-Crypto-NCrypt","Key write succeeded.

 Provider Name:	Microsoft Software Key Storage Provider
 ModificationType: 		0x1
 Flags:		0x0
 Key Name:	SCEPProtocolKey-aafddd6d-f057-45af-bb1a-7ef89d9a494a
 Key File Name:	f596484a05297bab6fcd5139db40683a_871e017e-bcbc-4dc7-98b5-1cc935df09e8
 ProcessName:	C:\Windows\System32\taskhostw.exe
 ProcessId:	0x2CAC
 ServerThreadId:	0x61C
 UserId:	S-1-5-18
 ServiceTag:	
 Return Code:	0x0"
"27-07-2026 11:49:40","21","Information","Microsoft-Windows-Crypto-NCrypt","Key write succeeded.

 Provider Name:	Microsoft Software Key Storage Provider
 ModificationType: 		0x4
 Flags:		0x1
 Key Name:	TB_0_microsoft.com
 Key File Name:	4b7419382ef379964c4d199dc6b3f224_871e017e-bcbc-4dc7-98b5-1cc935df09e8
 ProcessName:	NULL
 ProcessId:	0x3438
 ServerThreadId:	0x618
 UserId:	S-1-12-1-2357405129-1281513531-255772574-1816207334
 ServiceTag:	
 Return Code:	0x0"
"27-07-2026 11:49:21","21","Information","Microsoft-Windows-Crypto-NCrypt","Key write succeeded.

 Provider Name:	Microsoft Software Key Storage Provider
 ModificationType: 		0x1
 Flags:		0x0
 Key Name:	Microsoft SQL Server$BARTENDER$FallBackCertCng
 Key File Name:	c287b78626f4e1c90aace827bced9c3b_871e017e-bcbc-4dc7-98b5-1cc935df09e8
 ProcessName:	C:\Program Files\Microsoft SQL Server\MSSQL15.BARTENDER\MSSQL\Binn\sqlservr.exe
 ProcessId:	0x1304
 ServerThreadId:	0x5AC
 UserId:	S-1-5-18
 ServiceTag:	MSSQL$BARTENDER
 Return Code:	0x0"
"27-07-2026 11:47:44","22","Information","Microsoft-Windows-Crypto-NCrypt","Delete key succeeded.

 Provider Name:	Microsoft Software Key Storage Provider
 Flags:		0x40
 DeletionType: 		0x0
 Key Name:	ChromeMetricsTestKey
 Key File Name:	1e313dfb17707690d41bc1ce552b952a_871e017e-bcbc-4dc7-98b5-1cc935df09e8
 ProcessName:	C:\Program Files (x86)\Microsoft\Edge\Application\msedge.exe
 ProcessId:	0x7A70
 ServerThreadId:	0x3D9C
 UserId:	S-1-12-1-2357405129-1281513531-255772574-1816207334
 ServiceTag:	
 Return Code:	0x0"
"27-07-2026 11:47:44","21","Information","Microsoft-Windows-Crypto-NCrypt","Key write succeeded.

 Provider Name:	Microsoft Software Key Storage Provider
 ModificationType: 		0x1
 Flags:		0x1
 Key Name:	ChromeMetricsTestKey
 Key File Name:	1e313dfb17707690d41bc1ce552b952a_871e017e-bcbc-4dc7-98b5-1cc935df09e8
 ProcessName:	C:\Program Files (x86)\Microsoft\Edge\Application\msedge.exe
 ProcessId:	0x7A70
 ServerThreadId:	0x3D9C
 UserId:	S-1-12-1-2357405129-1281513531-255772574-1816207334
 ServiceTag:	
 Return Code:	0x0"
"27-07-2026 11:08:31","22","Information","Microsoft-Windows-Crypto-NCrypt","Delete key succeeded.

 Provider Name:	Microsoft Software Key Storage Provider
 Flags:		0x40
 DeletionType: 		0x0
 Key Name:	ChromeMetricsTestKey
 Key File Name:	1e313dfb17707690d41bc1ce552b952a_871e017e-bcbc-4dc7-98b5-1cc935df09e8
 ProcessName:	C:\Program Files (x86)\Microsoft\EdgeWebView\Application\150.0.4078.99\msedgewebview2.exe
 ProcessId:	0x1564
 ServerThreadId:	0x608
 UserId:	S-1-12-1-2357405129-1281513531-255772574-1816207334
 ServiceTag:	
 Return Code:	0x0"
"27-07-2026 11:08:31","21","Information","Microsoft-Windows-Crypto-NCrypt","Key write succeeded.

 Provider Name:	Microsoft Software Key Storage Provider
 ModificationType: 		0x1
 Flags:		0x1
 Key Name:	ChromeMetricsTestKey
 Key File Name:	1e313dfb17707690d41bc1ce552b952a_871e017e-bcbc-4dc7-98b5-1cc935df09e8
 ProcessName:	C:\Program Files (x86)\Microsoft\EdgeWebView\Application\150.0.4078.99\msedgewebview2.exe
 ProcessId:	0x1564
 ServerThreadId:	0x608
 UserId:	S-1-12-1-2357405129-1281513531-255772574-1816207334
 ServiceTag:	
 Return Code:	0x0"
"27-07-2026 09:56:03","22","Information","Microsoft-Windows-Crypto-NCrypt","Delete key succeeded.

 Provider Name:	Microsoft Software Key Storage Provider
 Flags:		0x40
 DeletionType: 		0x0
 Key Name:	ChromeMetricsTestKey
 Key File Name:	1e313dfb17707690d41bc1ce552b952a_871e017e-bcbc-4dc7-98b5-1cc935df09e8
 ProcessName:	C:\Program Files (x86)\Microsoft\EdgeWebView\Application\150.0.4078.99\msedgewebview2.exe
 ProcessId:	0x4338
 ServerThreadId:	0x608
 UserId:	S-1-12-1-2357405129-1281513531-255772574-1816207334
 ServiceTag:	
 Return Code:	0x0"
"27-07-2026 09:56:03","21","Information","Microsoft-Windows-Crypto-NCrypt","Key write succeeded.

 Provider Name:	Microsoft Software Key Storage Provider
 ModificationType: 		0x1
 Flags:		0x1
 Key Name:	ChromeMetricsTestKey
 Key File Name:	1e313dfb17707690d41bc1ce552b952a_871e017e-bcbc-4dc7-98b5-1cc935df09e8
 ProcessName:	C:\Program Files (x86)\Microsoft\EdgeWebView\Application\150.0.4078.99\msedgewebview2.exe
 ProcessId:	0x4338
 ServerThreadId:	0x608
 UserId:	S-1-12-1-2357405129-1281513531-255772574-1816207334
 ServiceTag:	
 Return Code:	0x0"
"27-07-2026 09:47:35","22","Information","Microsoft-Windows-Crypto-NCrypt","Delete key succeeded.

 Provider Name:	Microsoft Software Key Storage Provider
 Flags:		0x40
 DeletionType: 		0x0
 Key Name:	ChromeMetricsTestKey
 Key File Name:	1e313dfb17707690d41bc1ce552b952a_871e017e-bcbc-4dc7-98b5-1cc935df09e8
 ProcessName:	C:\Program Files (x86)\Microsoft\EdgeWebView\Application\150.0.4078.99\msedgewebview2.exe
 ProcessId:	0x70FC
 ServerThreadId:	0x4A98
 UserId:	S-1-12-1-2357405129-1281513531-255772574-1816207334
 ServiceTag:	
 Return Code:	0x0"
"27-07-2026 09:47:35","21","Information","Microsoft-Windows-Crypto-NCrypt","Key write succeeded.

 Provider Name:	Microsoft Software Key Storage Provider
 ModificationType: 		0x1
 Flags:		0x1
 Key Name:	ChromeMetricsTestKey
 Key File Name:	1e313dfb17707690d41bc1ce552b952a_871e017e-bcbc-4dc7-98b5-1cc935df09e8
 ProcessName:	C:\Program Files (x86)\Microsoft\EdgeWebView\Application\150.0.4078.99\msedgewebview2.exe
 ProcessId:	0x70FC
 ServerThreadId:	0x4A98
 UserId:	S-1-12-1-2357405129-1281513531-255772574-1816207334
 ServiceTag:	
 Return Code:	0x0"
"27-07-2026 09:46:25","22","Information","Microsoft-Windows-Crypto-NCrypt","Delete key succeeded.

 Provider Name:	Microsoft Software Key Storage Provider
 Flags:		0x40
 DeletionType: 		0x0
 Key Name:	ChromeMetricsTestKey
 Key File Name:	1e313dfb17707690d41bc1ce552b952a_871e017e-bcbc-4dc7-98b5-1cc935df09e8
 ProcessName:	C:\Program Files (x86)\Microsoft\EdgeWebView\Application\150.0.4078.99\msedgewebview2.exe
 ProcessId:	0x4AB8
 ServerThreadId:	0x3C04
 UserId:	S-1-12-1-2357405129-1281513531-255772574-1816207334
 ServiceTag:	
 Return Code:	0x0"
"27-07-2026 09:46:25","21","Information","Microsoft-Windows-Crypto-NCrypt","Key write succeeded.

 Provider Name:	Microsoft Software Key Storage Provider
 ModificationType: 		0x1
 Flags:		0x1
 Key Name:	ChromeMetricsTestKey
 Key File Name:	1e313dfb17707690d41bc1ce552b952a_871e017e-bcbc-4dc7-98b5-1cc935df09e8
 ProcessName:	C:\Program Files (x86)\Microsoft\EdgeWebView\Application\150.0.4078.99\msedgewebview2.exe
 ProcessId:	0x4AB8
 ServerThreadId:	0x3C04
 UserId:	S-1-12-1-2357405129-1281513531-255772574-1816207334
 ServiceTag:	
 Return Code:	0x0"
"27-07-2026 09:46:11","22","Information","Microsoft-Windows-Crypto-NCrypt","Delete key succeeded.

 Provider Name:	Microsoft Software Key Storage Provider
 Flags:		0x40
 DeletionType: 		0x0
 Key Name:	ChromeMetricsTestKey
 Key File Name:	1e313dfb17707690d41bc1ce552b952a_871e017e-bcbc-4dc7-98b5-1cc935df09e8
 ProcessName:	C:\Program Files (x86)\Microsoft\EdgeWebView\Application\150.0.4078.99\msedgewebview2.exe
 ProcessId:	0x63A0
 ServerThreadId:	0x8B4
 UserId:	S-1-12-1-2357405129-1281513531-255772574-1816207334
 ServiceTag:	
 Return Code:	0x0"
"27-07-2026 09:46:10","21","Information","Microsoft-Windows-Crypto-NCrypt","Key write succeeded.

 Provider Name:	Microsoft Software Key Storage Provider
 ModificationType: 		0x1
 Flags:		0x1
 Key Name:	ChromeMetricsTestKey
 Key File Name:	1e313dfb17707690d41bc1ce552b952a_871e017e-bcbc-4dc7-98b5-1cc935df09e8
 ProcessName:	C:\Program Files (x86)\Microsoft\EdgeWebView\Application\150.0.4078.99\msedgewebview2.exe
 ProcessId:	0x63A0
 ServerThreadId:	0x8B4
 UserId:	S-1-12-1-2357405129-1281513531-255772574-1816207334
 ServiceTag:	
 Return Code:	0x0"
"27-07-2026 09:45:33","22","Information","Microsoft-Windows-Crypto-NCrypt","Delete key succeeded.

 Provider Name:	Microsoft Software Key Storage Provider
 Flags:		0x40
 DeletionType: 		0x0
 Key Name:	ChromeMetricsTestKey
 Key File Name:	1e313dfb17707690d41bc1ce552b952a_871e017e-bcbc-4dc7-98b5-1cc935df09e8
 ProcessName:	C:\Program Files (x86)\Microsoft\Edge\Application\msedge.exe
 ProcessId:	0x5E74
 ServerThreadId:	0x8B4
 UserId:	S-1-12-1-2357405129-1281513531-255772574-1816207334
 ServiceTag:	
 Return Code:	0x0"
"27-07-2026 09:45:33","21","Information","Microsoft-Windows-Crypto-NCrypt","Key write succeeded.

 Provider Name:	Microsoft Software Key Storage Provider
 ModificationType: 		0x1
 Flags:		0x1
 Key Name:	ChromeMetricsTestKey
 Key File Name:	1e313dfb17707690d41bc1ce552b952a_871e017e-bcbc-4dc7-98b5-1cc935df09e8
 ProcessName:	C:\Program Files (x86)\Microsoft\Edge\Application\msedge.exe
 ProcessId:	0x5E74
 ServerThreadId:	0x8B4
 UserId:	S-1-12-1-2357405129-1281513531-255772574-1816207334
 ServiceTag:	
 Return Code:	0x0"
"27-07-2026 09:44:54","22","Information","Microsoft-Windows-Crypto-NCrypt","Delete key succeeded.

 Provider Name:	Microsoft Software Key Storage Provider
 Flags:		0x40
 DeletionType: 		0x0
 Key Name:	ChromeMetricsTestKey
 Key File Name:	1e313dfb17707690d41bc1ce552b952a_871e017e-bcbc-4dc7-98b5-1cc935df09e8_da5fd6b349700aefcb92feb194b1222f
 ProcessName:	C:\Program Files (x86)\Microsoft\EdgeWebView\Application\150.0.4078.99\msedgewebview2.exe
 ProcessId:	0x5070
 ServerThreadId:	0x8B4
 UserId:	S-1-12-1-2357405129-1281513531-255772574-1816207334
 ServiceTag:	
 Return Code:	0x0"
"27-07-2026 09:44:54","21","Information","Microsoft-Windows-Crypto-NCrypt","Key write succeeded.

 Provider Name:	Microsoft Software Key Storage Provider
 ModificationType: 		0x1
 Flags:		0x1
 Key Name:	ChromeMetricsTestKey
 Key File Name:	1e313dfb17707690d41bc1ce552b952a_871e017e-bcbc-4dc7-98b5-1cc935df09e8_da5fd6b349700aefcb92feb194b1222f
 ProcessName:	C:\Program Files (x86)\Microsoft\EdgeWebView\Application\150.0.4078.99\msedgewebview2.exe
 ProcessId:	0x5070
 ServerThreadId:	0x8B4
 UserId:	S-1-12-1-2357405129-1281513531-255772574-1816207334
 ServiceTag:	
 Return Code:	0x0"
"27-07-2026 09:37:51","22","Information","Microsoft-Windows-Crypto-NCrypt","Delete key succeeded.

 Provider Name:	Microsoft Software Key Storage Provider
 Flags:		0x40
 DeletionType: 		0x0
 Key Name:	SCEPProtocolKey-9cc6b33c-a218-44a8-9003-dc7184e5cf5a
 Key File Name:	4bb38ccb589711adfca5dfcdfdb62579_871e017e-bcbc-4dc7-98b5-1cc935df09e8
 ProcessName:	C:\Windows\System32\taskhostw.exe
 ProcessId:	0x25B0
 ServerThreadId:	0x608
 UserId:	S-1-5-18
 ServiceTag:	
 Return Code:	0x0"
"27-07-2026 09:37:48","21","Information","Microsoft-Windows-Crypto-NCrypt","Key write succeeded.

 Provider Name:	Microsoft Software Key Storage Provider
 ModificationType: 		0x1
 Flags:		0x0
 Key Name:	SCEPProtocolKey-9cc6b33c-a218-44a8-9003-dc7184e5cf5a
 Key File Name:	4bb38ccb589711adfca5dfcdfdb62579_871e017e-bcbc-4dc7-98b5-1cc935df09e8
 ProcessName:	C:\Windows\System32\taskhostw.exe
 ProcessId:	0x25B0
 ServerThreadId:	0x608
 UserId:	S-1-5-18
 ServiceTag:	
 Return Code:	0x0"
"27-07-2026 09:37:44","22","Information","Microsoft-Windows-Crypto-NCrypt","Delete key succeeded.

 Provider Name:	Microsoft Software Key Storage Provider
 Flags:		0x40
 DeletionType: 		0x0
 Key Name:	SCEPProtocolKey-5c40361b-a82b-45f3-b642-fc5854be35b0
 Key File Name:	043da20080e011a838dfb0a3aa601d7d_871e017e-bcbc-4dc7-98b5-1cc935df09e8
 ProcessName:	C:\Windows\System32\taskhostw.exe
 ProcessId:	0x25B0
 ServerThreadId:	0x61C
 UserId:	S-1-5-18
 ServiceTag:	
 Return Code:	0x0"
"27-07-2026 09:37:41","21","Information","Microsoft-Windows-Crypto-NCrypt","Key write succeeded.

 Provider Name:	Microsoft Software Key Storage Provider
 ModificationType: 		0x1
 Flags:		0x0
 Key Name:	SCEPProtocolKey-5c40361b-a82b-45f3-b642-fc5854be35b0
 Key File Name:	043da20080e011a838dfb0a3aa601d7d_871e017e-bcbc-4dc7-98b5-1cc935df09e8
 ProcessName:	C:\Windows\System32\taskhostw.exe
 ProcessId:	0x25B0
 ServerThreadId:	0x608
 UserId:	S-1-5-18
 ServiceTag:	
 Return Code:	0x0"
"27-07-2026 09:37:37","22","Information","Microsoft-Windows-Crypto-NCrypt","Delete key succeeded.

 Provider Name:	Microsoft Software Key Storage Provider
 Flags:		0x40
 DeletionType: 		0x0
 Key Name:	SCEPProtocolKey-14e5c68a-a1e6-4f08-9072-a3bed2abbc16
 Key File Name:	10d5d6c840d5de324648839640da0670_871e017e-bcbc-4dc7-98b5-1cc935df09e8
 ProcessName:	C:\Windows\System32\taskhostw.exe
 ProcessId:	0x25B0
 ServerThreadId:	0x608
 UserId:	S-1-5-18
 ServiceTag:	
 Return Code:	0x0"
"27-07-2026 09:37:35","21","Information","Microsoft-Windows-Crypto-NCrypt","Key write succeeded.

 Provider Name:	Microsoft Software Key Storage Provider
 ModificationType: 		0x1
 Flags:		0x0
 Key Name:	SCEPProtocolKey-14e5c68a-a1e6-4f08-9072-a3bed2abbc16
 Key File Name:	10d5d6c840d5de324648839640da0670_871e017e-bcbc-4dc7-98b5-1cc935df09e8
 ProcessName:	C:\Windows\System32\taskhostw.exe
 ProcessId:	0x25B0
 ServerThreadId:	0x61C
 UserId:	S-1-5-18
 ServiceTag:	
 Return Code:	0x0"
"27-07-2026 09:37:13","21","Information","Microsoft-Windows-Crypto-NCrypt","Key write succeeded.

 Provider Name:	Microsoft Software Key Storage Provider
 ModificationType: 		0x1
 Flags:		0x0
 Key Name:	Microsoft SQL Server$BARTENDER$FallBackCertCng
 Key File Name:	c287b78626f4e1c90aace827bced9c3b_871e017e-bcbc-4dc7-98b5-1cc935df09e8
 ProcessName:	C:\Program Files\Microsoft SQL Server\MSSQL15.BARTENDER\MSSQL\Binn\sqlservr.exe
 ProcessId:	0x1330
 ServerThreadId:	0x600
 UserId:	S-1-5-18
 ServiceTag:	MSSQL$BARTENDER
 Return Code:	0x0"
"27-07-2026 09:35:21","22","Information","Microsoft-Windows-Crypto-NCrypt","Delete key succeeded.

 Provider Name:	Microsoft Software Key Storage Provider
 Flags:		0x40
 DeletionType: 		0x0
 Key Name:	SCEPProtocolKey-7e79a4fe-88c7-41fc-9ed7-8b683855e1b3
 Key File Name:	69540d6b716536fcdf3572b9243dd5f3_871e017e-bcbc-4dc7-98b5-1cc935df09e8
 ProcessName:	C:\Windows\System32\taskhostw.exe
 ProcessId:	0x2C58
 ServerThreadId:	0x648
 UserId:	S-1-5-18
 ServiceTag:	
 Return Code:	0x0"
"27-07-2026 09:35:18","21","Information","Microsoft-Windows-Crypto-NCrypt","Key write succeeded.

 Provider Name:	Microsoft Software Key Storage Provider
 ModificationType: 		0x1
 Flags:		0x0
 Key Name:	SCEPProtocolKey-7e79a4fe-88c7-41fc-9ed7-8b683855e1b3
 Key File Name:	69540d6b716536fcdf3572b9243dd5f3_871e017e-bcbc-4dc7-98b5-1cc935df09e8
 ProcessName:	C:\Windows\System32\taskhostw.exe
 ProcessId:	0x2C58
 ServerThreadId:	0x648
 UserId:	S-1-5-18
 ServiceTag:	
 Return Code:	0x0"
"27-07-2026 09:35:13","22","Information","Microsoft-Windows-Crypto-NCrypt","Delete key succeeded.

 Provider Name:	Microsoft Software Key Storage Provider
 Flags:		0x40
 DeletionType: 		0x0
 Key Name:	SCEPProtocolKey-358115dd-f192-4380-9ed1-fc45ceb8cc67
 Key File Name:	467a7e2f1447097970258f31498fec4b_871e017e-bcbc-4dc7-98b5-1cc935df09e8
 ProcessName:	C:\Windows\System32\taskhostw.exe
 ProcessId:	0x2C58
 ServerThreadId:	0x654
 UserId:	S-1-5-18
 ServiceTag:	
 Return Code:	0x0"
"27-07-2026 09:35:09","21","Information","Microsoft-Windows-Crypto-NCrypt","Key write succeeded.

 Provider Name:	Microsoft Software Key Storage Provider
 ModificationType: 		0x1
 Flags:		0x0
 Key Name:	SCEPProtocolKey-358115dd-f192-4380-9ed1-fc45ceb8cc67
 Key File Name:	467a7e2f1447097970258f31498fec4b_871e017e-bcbc-4dc7-98b5-1cc935df09e8
 ProcessName:	C:\Windows\System32\taskhostw.exe
 ProcessId:	0x2C58
 ServerThreadId:	0x654
 UserId:	S-1-5-18
 ServiceTag:	
 Return Code:	0x0"
"27-07-2026 09:35:05","22","Information","Microsoft-Windows-Crypto-NCrypt","Delete key succeeded.

 Provider Name:	Microsoft Software Key Storage Provider
 Flags:		0x40
 DeletionType: 		0x0
 Key Name:	SCEPProtocolKey-f051446c-2171-48f3-8295-6aec01c60837
 Key File Name:	0dcc2a320225510d5cc61ee471ff5c4f_871e017e-bcbc-4dc7-98b5-1cc935df09e8
 ProcessName:	C:\Windows\System32\taskhostw.exe
 ProcessId:	0x2C58
 ServerThreadId:	0x5DC
 UserId:	S-1-5-18
 ServiceTag:	
 Return Code:	0x0"
"27-07-2026 09:35:01","21","Information","Microsoft-Windows-Crypto-NCrypt","Key write succeeded.

 Provider Name:	Microsoft Software Key Storage Provider
 ModificationType: 		0x1
 Flags:		0x0
 Key Name:	SCEPProtocolKey-f051446c-2171-48f3-8295-6aec01c60837
 Key File Name:	0dcc2a320225510d5cc61ee471ff5c4f_871e017e-bcbc-4dc7-98b5-1cc935df09e8
 ProcessName:	C:\Windows\System32\taskhostw.exe
 ProcessId:	0x2C58
 ServerThreadId:	0x654
 UserId:	S-1-5-18
 ServiceTag:	
 Return Code:	0x0"
"27-07-2026 09:34:40","21","Information","Microsoft-Windows-Crypto-NCrypt","Key write succeeded.

 Provider Name:	Microsoft Software Key Storage Provider
 ModificationType: 		0x1
 Flags:		0x0
 Key Name:	Microsoft SQL Server$BARTENDER$FallBackCertCng
 Key File Name:	c287b78626f4e1c90aace827bced9c3b_871e017e-bcbc-4dc7-98b5-1cc935df09e8
 ProcessName:	C:\Program Files\Microsoft SQL Server\MSSQL15.BARTENDER\MSSQL\Binn\sqlservr.exe
 ProcessId:	0x1610
 ServerThreadId:	0x5F4
 UserId:	S-1-5-18
 ServiceTag:	MSSQL$BARTENDER
 Return Code:	0x0"
"27-07-2026 09:16:53","22","Information","Microsoft-Windows-Crypto-NCrypt","Delete key succeeded.

 Provider Name:	Microsoft Software Key Storage Provider
 Flags:		0x40
 DeletionType: 		0x0
 Key Name:	ChromeMetricsTestKey
 Key File Name:	1e313dfb17707690d41bc1ce552b952a_871e017e-bcbc-4dc7-98b5-1cc935df09e8
 ProcessName:	C:\Program Files (x86)\Microsoft\EdgeWebView\Application\150.0.4078.83\msedgewebview2.exe
 ProcessId:	0x1F14
 ServerThreadId:	0x7AB8
 UserId:	S-1-12-1-2357405129-1281513531-255772574-1816207334
 ServiceTag:	
 Return Code:	0x0"
"27-07-2026 09:16:53","21","Information","Microsoft-Windows-Crypto-NCrypt","Key write succeeded.

 Provider Name:	Microsoft Software Key Storage Provider
 ModificationType: 		0x1
 Flags:		0x1
 Key Name:	ChromeMetricsTestKey
 Key File Name:	1e313dfb17707690d41bc1ce552b952a_871e017e-bcbc-4dc7-98b5-1cc935df09e8
 ProcessName:	C:\Program Files (x86)\Microsoft\EdgeWebView\Application\150.0.4078.83\msedgewebview2.exe
 ProcessId:	0x1F14
 ServerThreadId:	0x7AB8
 UserId:	S-1-12-1-2357405129-1281513531-255772574-1816207334
 ServiceTag:	
 Return Code:	0x0"
"27-07-2026 09:16:22","22","Information","Microsoft-Windows-Crypto-NCrypt","Delete key succeeded.

 Provider Name:	Microsoft Software Key Storage Provider
 Flags:		0x40
 DeletionType: 		0x0
 Key Name:	ChromeMetricsTestKey
 Key File Name:	1e313dfb17707690d41bc1ce552b952a_871e017e-bcbc-4dc7-98b5-1cc935df09e8
 ProcessName:	C:\Program Files (x86)\Microsoft\EdgeWebView\Application\150.0.4078.83\msedgewebview2.exe
 ProcessId:	0x1C8
 ServerThreadId:	0x7AB8
 UserId:	S-1-12-1-2357405129-1281513531-255772574-1816207334
 ServiceTag:	
 Return Code:	0x0"
"27-07-2026 09:16:22","21","Information","Microsoft-Windows-Crypto-NCrypt","Key write succeeded.

 Provider Name:	Microsoft Software Key Storage Provider
 ModificationType: 		0x1
 Flags:		0x1
 Key Name:	ChromeMetricsTestKey
 Key File Name:	1e313dfb17707690d41bc1ce552b952a_871e017e-bcbc-4dc7-98b5-1cc935df09e8
 ProcessName:	C:\Program Files (x86)\Microsoft\EdgeWebView\Application\150.0.4078.83\msedgewebview2.exe
 ProcessId:	0x1C8
 ServerThreadId:	0x7AB8
 UserId:	S-1-12-1-2357405129-1281513531-255772574-1816207334
 ServiceTag:	
 Return Code:	0x0"
"24-07-2026 18:29:20","22","Information","Microsoft-Windows-Crypto-NCrypt","Delete key succeeded.

 Provider Name:	Microsoft Software Key Storage Provider
 Flags:		0x40
 DeletionType: 		0x0
 Key Name:	ChromeMetricsTestKey
 Key File Name:	1e313dfb17707690d41bc1ce552b952a_871e017e-bcbc-4dc7-98b5-1cc935df09e8
 ProcessName:	C:\Program Files (x86)\Microsoft\EdgeWebView\Application\150.0.4078.83\msedgewebview2.exe
 ProcessId:	0x3064
 ServerThreadId:	0x47B8
 UserId:	S-1-12-1-2357405129-1281513531-255772574-1816207334
 ServiceTag:	
 Return Code:	0x0"
"24-07-2026 18:29:20","21","Information","Microsoft-Windows-Crypto-NCrypt","Key write succeeded.

 Provider Name:	Microsoft Software Key Storage Provider
 ModificationType: 		0x1
 Flags:		0x1
 Key Name:	ChromeMetricsTestKey
 Key File Name:	1e313dfb17707690d41bc1ce552b952a_871e017e-bcbc-4dc7-98b5-1cc935df09e8
 ProcessName:	C:\Program Files (x86)\Microsoft\EdgeWebView\Application\150.0.4078.83\msedgewebview2.exe
 ProcessId:	0x3064
 ServerThreadId:	0x47B8
 UserId:	S-1-12-1-2357405129-1281513531-255772574-1816207334
 ServiceTag:	
 Return Code:	0x0"
"24-07-2026 17:00:25","22","Information","Microsoft-Windows-Crypto-NCrypt","Delete key succeeded.

 Provider Name:	Microsoft Software Key Storage Provider
 Flags:		0x40
 DeletionType: 		0x0
 Key Name:	ChromeMetricsTestKey
 Key File Name:	1e313dfb17707690d41bc1ce552b952a_871e017e-bcbc-4dc7-98b5-1cc935df09e8
 ProcessName:	C:\Program Files (x86)\Microsoft\EdgeWebView\Application\150.0.4078.83\msedgewebview2.exe
 ProcessId:	0x3CC4
 ServerThreadId:	0x2D1C
 UserId:	S-1-12-1-2357405129-1281513531-255772574-1816207334
 ServiceTag:	
 Return Code:	0x0"
