"07-08-2026 09:52:57","284","Verbose","Microsoft-Windows-StateRepository","REINDEX command has run; database indices are updated [Partition=1, ProcessId=1052, Scope=(database)]"
"06-08-2026 18:56:53","231","Verbose","Microsoft-Windows-StateRepository","RepositoryManagerServerUpgrade with options: 0x1"
"06-08-2026 18:52:28","100","Error","Microsoft-Windows-StateRepository","Error 0x15: misuse at line 185353 of [737ae4a347]"
"06-08-2026 18:21:12","231","Verbose","Microsoft-Windows-StateRepository","RepositoryManagerServerUpgrade with options: 0x1"
"06-08-2026 18:21:12","100","Error","Microsoft-Windows-StateRepository","Error 0x15: misuse at line 185353 of [737ae4a347]"
"06-08-2026 18:00:22","231","Verbose","Microsoft-Windows-StateRepository","RepositoryManagerServerUpgrade with options: 0x1"
"06-08-2026 18:00:22","100","Error","Microsoft-Windows-StateRepository","Error 0x15: misuse at line 185353 of [737ae4a347]"
"06-08-2026 17:49:32","231","Verbose","Microsoft-Windows-StateRepository","RepositoryManagerServerUpgrade with options: 0x1"
"06-08-2026 17:49:32","100","Error","Microsoft-Windows-StateRepository","Error 0x15: misuse at line 185353 of [737ae4a347]"
"06-08-2026 17:37:30","231","Verbose","Microsoft-Windows-StateRepository","RepositoryManagerServerUpgrade with options: 0x1"
"06-08-2026 17:37:29","100","Error","Microsoft-Windows-StateRepository","Error 0x15: misuse at line 185353 of [737ae4a347]"
"06-08-2026 17:01:29","231","Verbose","Microsoft-Windows-StateRepository","RepositoryManagerServerUpgrade with options: 0x1"
"06-08-2026 17:01:29","100","Error","Microsoft-Windows-StateRepository","Error 0x15: misuse at line 185353 of [737ae4a347]"
"06-08-2026 16:41:28","231","Verbose","Microsoft-Windows-StateRepository","RepositoryManagerServerUpgrade with options: 0x1"
"06-08-2026 16:41:28","100","Error","Microsoft-Windows-StateRepository","Error 0x15: misuse at line 185353 of [737ae4a347]"
"06-08-2026 16:30:03","231","Verbose","Microsoft-Windows-StateRepository","RepositoryManagerServerUpgrade with options: 0x1"
"06-08-2026 16:30:03","100","Error","Microsoft-Windows-StateRepository","Error 0x15: misuse at line 185353 of [737ae4a347]"
"06-08-2026 16:08:21","231","Verbose","Microsoft-Windows-StateRepository","RepositoryManagerServerUpgrade with options: 0x1"
"06-08-2026 16:08:21","100","Error","Microsoft-Windows-StateRepository","Error 0x15: misuse at line 185353 of [737ae4a347]"
"06-08-2026 16:01:20","231","Verbose","Microsoft-Windows-StateRepository","RepositoryManagerServerUpgrade with options: 0x1"
"06-08-2026 16:01:20","100","Error","Microsoft-Windows-StateRepository","Error 0x15: misuse at line 185353 of [737ae4a347]"
"06-08-2026 15:42:35","271","Verbose","Microsoft-Windows-StateRepository","SRCache successfully updated [Options=0x0]"
"06-08-2026 15:42:35","271","Verbose","Microsoft-Windows-StateRepository","SRCache successfully updated [Options=0x0]"
"06-08-2026 15:42:35","271","Verbose","Microsoft-Windows-StateRepository","SRCache successfully updated [Options=0x0]"
"06-08-2026 15:42:35","271","Verbose","Microsoft-Windows-StateRepository","SRCache successfully updated [Options=0x0]"
"06-08-2026 15:42:35","221","Verbose","Microsoft-Windows-StateRepository","ANALYZE command has run; database statistics are updated [Partition=2, ProcessId=33460, Scope=(database)]"
"06-08-2026 15:42:34","221","Verbose","Microsoft-Windows-StateRepository","ANALYZE command has run; database statistics are updated [Partition=1, ProcessId=33460, Scope=(database)]"
"06-08-2026 15:42:34","100","Error","Microsoft-Windows-StateRepository","Error 0x15: misuse at line 185353 of [737ae4a347]"
"06-08-2026 15:42:34","271","Verbose","Microsoft-Windows-StateRepository","SRCache successfully updated [Options=0x0]"
"06-08-2026 15:40:59","271","Verbose","Microsoft-Windows-StateRepository","SRCache successfully updated [Options=0x0]"
"06-08-2026 15:40:58","271","Verbose","Microsoft-Windows-StateRepository","SRCache successfully updated [Options=0x0]"
"06-08-2026 15:40:57","271","Verbose","Microsoft-Windows-StateRepository","SRCache successfully updated [Options=0x0]"
"06-08-2026 15:40:56","271","Verbose","Microsoft-Windows-StateRepository","SRCache successfully updated [Options=0x0]"
"06-08-2026 15:40:56","271","Verbose","Microsoft-Windows-StateRepository","SRCache successfully updated [Options=0x0]"
"06-08-2026 15:40:56","271","Verbose","Microsoft-Windows-StateRepository","SRCache successfully updated [Options=0x0]"
"06-08-2026 15:40:56","100","Error","Microsoft-Windows-StateRepository","Error 0x15: misuse at line 185353 of [737ae4a347]"
"06-08-2026 15:40:56","271","Verbose","Microsoft-Windows-StateRepository","SRCache successfully updated [Options=0x0]"
"06-08-2026 15:40:56","271","Verbose","Microsoft-Windows-StateRepository","SRCache successfully updated [Options=0x0]"
"06-08-2026 15:40:56","271","Verbose","Microsoft-Windows-StateRepository","SRCache successfully updated [Options=0x0]"
"06-08-2026 15:40:56","271","Verbose","Microsoft-Windows-StateRepository","SRCache successfully updated [Options=0x0]"
"06-08-2026 15:40:56","271","Verbose","Microsoft-Windows-StateRepository","SRCache successfully updated [Options=0x0]"
"06-08-2026 15:40:56","271","Verbose","Microsoft-Windows-StateRepository","SRCache successfully updated [Options=0x0]"
"06-08-2026 15:40:55","271","Verbose","Microsoft-Windows-StateRepository","SRCache successfully updated [Options=0x0]"
"06-08-2026 15:40:55","271","Verbose","Microsoft-Windows-StateRepository","SRCache successfully updated [Options=0x0]"
"06-08-2026 15:40:54","271","Verbose","Microsoft-Windows-StateRepository","SRCache successfully updated [Options=0x0]"
"06-08-2026 15:40:42","100","Error","Microsoft-Windows-StateRepository","Error 0x15: misuse at line 185353 of [737ae4a347]"
"06-08-2026 15:40:42","271","Verbose","Microsoft-Windows-StateRepository","SRCache successfully updated [Options=0x0]"
"06-08-2026 15:40:42","271","Verbose","Microsoft-Windows-StateRepository","SRCache successfully updated [Options=0x0]"
"06-08-2026 15:40:42","271","Verbose","Microsoft-Windows-StateRepository","SRCache successfully updated [Options=0x0]"
"06-08-2026 15:40:42","271","Verbose","Microsoft-Windows-StateRepository","SRCache successfully updated [Options=0x0]"
"06-08-2026 15:40:41","271","Verbose","Microsoft-Windows-StateRepository","SRCache successfully updated [Options=0x0]"
"06-08-2026 15:40:41","271","Verbose","Microsoft-Windows-StateRepository","SRCache successfully updated [Options=0x0]"
"06-08-2026 15:40:41","221","Verbose","Microsoft-Windows-StateRepository","ANALYZE command has run; database statistics are updated [Partition=2, ProcessId=33460, Scope=(database)]"
"06-08-2026 15:40:41","221","Verbose","Microsoft-Windows-StateRepository","ANALYZE command has run; database statistics are updated [Partition=1, ProcessId=33460, Scope=(database)]"
"06-08-2026 15:40:39","231","Verbose","Microsoft-Windows-StateRepository","RepositoryManagerServerUpgrade with options: 0x1"
"06-08-2026 15:40:39","100","Error","Microsoft-Windows-StateRepository","Error 0x15: misuse at line 185353 of [737ae4a347]"
"06-08-2026 15:26:03","100","Error","Microsoft-Windows-StateRepository","Error 0x15: misuse at line 185353 of [737ae4a347]"
"06-08-2026 15:08:21","231","Verbose","Microsoft-Windows-StateRepository","RepositoryManagerServerUpgrade with options: 0x1"
"06-08-2026 15:08:21","100","Error","Microsoft-Windows-StateRepository","Error 0x15: misuse at line 185353 of [737ae4a347]"
"06-08-2026 14:25:43","231","Verbose","Microsoft-Windows-StateRepository","RepositoryManagerServerUpgrade with options: 0x1"
"06-08-2026 14:25:43","100","Error","Microsoft-Windows-StateRepository","Error 0x15: misuse at line 185353 of [737ae4a347]"
"06-08-2026 14:08:21","231","Verbose","Microsoft-Windows-StateRepository","RepositoryManagerServerUpgrade with options: 0x1"
"06-08-2026 14:08:21","100","Error","Microsoft-Windows-StateRepository","Error 0x15: misuse at line 185353 of [737ae4a347]"
"06-08-2026 13:50:16","231","Verbose","Microsoft-Windows-StateRepository","RepositoryManagerServerUpgrade with options: 0x1"
"06-08-2026 13:50:16","100","Error","Microsoft-Windows-StateRepository","Error 0x15: misuse at line 185353 of [737ae4a347]"
"06-08-2026 13:35:50","231","Verbose","Microsoft-Windows-StateRepository","RepositoryManagerServerUpgrade with options: 0x1"
"06-08-2026 13:35:50","100","Error","Microsoft-Windows-StateRepository","Error 0x15: misuse at line 185353 of [737ae4a347]"
"06-08-2026 13:08:21","231","Verbose","Microsoft-Windows-StateRepository","RepositoryManagerServerUpgrade with options: 0x1"
"06-08-2026 13:08:21","100","Error","Microsoft-Windows-StateRepository","Error 0x15: misuse at line 185353 of [737ae4a347]"
"06-08-2026 12:08:21","231","Verbose","Microsoft-Windows-StateRepository","RepositoryManagerServerUpgrade with options: 0x1"
"06-08-2026 12:08:21","100","Error","Microsoft-Windows-StateRepository","Error 0x15: misuse at line 185353 of [737ae4a347]"
"06-08-2026 12:00:55","231","Verbose","Microsoft-Windows-StateRepository","RepositoryManagerServerUpgrade with options: 0x1"
"06-08-2026 12:00:55","100","Error","Microsoft-Windows-StateRepository","Error 0x15: misuse at line 185353 of [737ae4a347]"
"06-08-2026 11:36:02","100","Error","Microsoft-Windows-StateRepository","Error 0x15: misuse at line 185353 of [737ae4a347]"
"06-08-2026 11:13:06","100","Error","Microsoft-Windows-StateRepository","Error 0x15: misuse at line 185353 of [737ae4a347]"
"06-08-2026 11:13:05","271","Verbose","Microsoft-Windows-StateRepository","SRCache successfully updated [Options=0x0]"
"06-08-2026 11:13:05","271","Verbose","Microsoft-Windows-StateRepository","SRCache successfully updated [Options=0x0]"
"06-08-2026 11:13:05","271","Verbose","Microsoft-Windows-StateRepository","SRCache successfully updated [Options=0x0]"
"06-08-2026 11:13:00","271","Verbose","Microsoft-Windows-StateRepository","SRCache successfully updated [Options=0x0]"
"06-08-2026 11:13:00","271","Verbose","Microsoft-Windows-StateRepository","SRCache successfully updated [Options=0x0]"
"06-08-2026 11:13:00","271","Verbose","Microsoft-Windows-StateRepository","SRCache successfully updated [Options=0x0]"
"06-08-2026 11:13:00","221","Verbose","Microsoft-Windows-StateRepository","ANALYZE command has run; database statistics are updated [Partition=2, ProcessId=34640, Scope=(database)]"
"06-08-2026 11:12:58","221","Verbose","Microsoft-Windows-StateRepository","ANALYZE command has run; database statistics are updated [Partition=1, ProcessId=34640, Scope=(database)]"
"06-08-2026 11:08:21","231","Verbose","Microsoft-Windows-StateRepository","RepositoryManagerServerUpgrade with options: 0x1"
"06-08-2026 11:08:21","100","Error","Microsoft-Windows-StateRepository","Error 0x15: misuse at line 185353 of [737ae4a347]"
"06-08-2026 10:40:12","271","Verbose","Microsoft-Windows-StateRepository","SRCache successfully updated [Options=0x0]"
"06-08-2026 10:40:12","271","Verbose","Microsoft-Windows-StateRepository","SRCache successfully updated [Options=0x0]"
"06-08-2026 10:40:04","271","Verbose","Microsoft-Windows-StateRepository","SRCache successfully updated [Options=0x0]"
"06-08-2026 10:40:04","271","Verbose","Microsoft-Windows-StateRepository","SRCache successfully updated [Options=0x0]"
"06-08-2026 10:39:57","271","Verbose","Microsoft-Windows-StateRepository","SRCache successfully updated [Options=0x0]"
"06-08-2026 10:39:57","271","Verbose","Microsoft-Windows-StateRepository","SRCache successfully updated [Options=0x0]"
"06-08-2026 10:39:46","271","Verbose","Microsoft-Windows-StateRepository","SRCache successfully updated [Options=0x0]"
"06-08-2026 10:39:46","271","Verbose","Microsoft-Windows-StateRepository","SRCache successfully updated [Options=0x0]"
"06-08-2026 10:39:39","231","Verbose","Microsoft-Windows-StateRepository","RepositoryManagerServerUpgrade with options: 0x1"
"06-08-2026 10:39:38","221","Verbose","Microsoft-Windows-StateRepository","ANALYZE command has run; database statistics are updated [Partition=2, ProcessId=1052, Scope=(database)]"
"06-08-2026 10:39:38","221","Verbose","Microsoft-Windows-StateRepository","ANALYZE command has run; database statistics are updated [Partition=1, ProcessId=1052, Scope=(database)]"
"06-08-2026 10:39:38","284","Verbose","Microsoft-Windows-StateRepository","REINDEX command has run; database indices are updated [Partition=2, ProcessId=1052, Scope=(database)]"
"06-08-2026 10:39:37","100","Error","Microsoft-Windows-StateRepository","Error 0x15: misuse at line 185353 of [737ae4a347]"
"06-08-2026 10:39:37","284","Verbose","Microsoft-Windows-StateRepository","REINDEX command has run; database indices are updated [Partition=1, ProcessId=1052, Scope=(database)]"
"06-08-2026 10:24:29","271","Verbose","Microsoft-Windows-StateRepository","SRCache successfully updated [Options=0x0]"
"06-08-2026 10:24:29","271","Verbose","Microsoft-Windows-StateRepository","SRCache successfully updated [Options=0x0]"
"06-08-2026 10:24:29","271","Verbose","Microsoft-Windows-StateRepository","SRCache successfully updated [Options=0x0]"
"06-08-2026 10:24:28","271","Verbose","Microsoft-Windows-StateRepository","SRCache successfully updated [Options=0x0]"
"06-08-2026 10:24:28","100","Error","Microsoft-Windows-StateRepository","Error 0x15: misuse at line 185353 of [737ae4a347]"
"06-08-2026 10:24:27","271","Verbose","Microsoft-Windows-StateRepository","SRCache successfully updated [Options=0x0]"
"06-08-2026 10:24:27","271","Verbose","Microsoft-Windows-StateRepository","SRCache successfully updated [Options=0x0]"
"06-08-2026 10:24:24","271","Verbose","Microsoft-Windows-StateRepository","SRCache successfully updated [Options=0x0]"
"06-08-2026 10:24:24","271","Verbose","Microsoft-Windows-StateRepository","SRCache successfully updated [Options=0x0]"
"06-08-2026 10:24:18","271","Verbose","Microsoft-Windows-StateRepository","SRCache successfully updated [Options=0x0]"
"06-08-2026 10:24:17","271","Verbose","Microsoft-Windows-StateRepository","SRCache successfully updated [Options=0x0]"
"06-08-2026 10:24:17","221","Verbose","Microsoft-Windows-StateRepository","ANALYZE command has run; database statistics are updated [Partition=2, ProcessId=32888, Scope=(database)]"
"06-08-2026 10:24:16","221","Verbose","Microsoft-Windows-StateRepository","ANALYZE command has run; database statistics are updated [Partition=1, ProcessId=32888, Scope=(database)]"
"06-08-2026 10:16:15","231","Verbose","Microsoft-Windows-StateRepository","RepositoryManagerServerUpgrade with options: 0x1"
"06-08-2026 10:16:15","100","Error","Microsoft-Windows-StateRepository","Error 0x15: misuse at line 185353 of [737ae4a347]"
"06-08-2026 09:59:46","271","Verbose","Microsoft-Windows-StateRepository","SRCache successfully updated [Options=0x0]"
"06-08-2026 09:59:46","271","Verbose","Microsoft-Windows-StateRepository","SRCache successfully updated [Options=0x0]"
"06-08-2026 09:59:46","221","Verbose","Microsoft-Windows-StateRepository","ANALYZE command has run; database statistics are updated [Partition=2, ProcessId=37772, Scope=(database)]"
"06-08-2026 09:59:45","221","Verbose","Microsoft-Windows-StateRepository","ANALYZE command has run; database statistics are updated [Partition=1, ProcessId=37772, Scope=(database)]"
"06-08-2026 09:53:03","231","Verbose","Microsoft-Windows-StateRepository","RepositoryManagerServerUpgrade with options: 0x1"
"06-08-2026 09:53:03","100","Error","Microsoft-Windows-StateRepository","Error 0x15: misuse at line 185353 of [737ae4a347]"
"06-08-2026 09:38:14","231","Verbose","Microsoft-Windows-StateRepository","RepositoryManagerServerUpgrade with options: 0x1"
"06-08-2026 09:38:13","100","Error","Microsoft-Windows-StateRepository","Error 0x15: misuse at line 185353 of [737ae4a347]"
"06-08-2026 08:55:34","231","Verbose","Microsoft-Windows-StateRepository","RepositoryManagerServerUpgrade with options: 0x1"
"06-08-2026 05:13:29","100","Error","Microsoft-Windows-StateRepository","Error 0x15: misuse at line 185353 of [737ae4a347]"
"05-08-2026 20:37:05","231","Verbose","Microsoft-Windows-StateRepository","RepositoryManagerServerUpgrade with options: 0x1"
"05-08-2026 20:37:05","100","Error","Microsoft-Windows-StateRepository","Error 0x15: misuse at line 185353 of [737ae4a347]"
"05-08-2026 20:06:09","231","Verbose","Microsoft-Windows-StateRepository","RepositoryManagerServerUpgrade with options: 0x1"
"05-08-2026 20:06:09","100","Error","Microsoft-Windows-StateRepository","Error 0x15: misuse at line 185353 of [737ae4a347]"
"05-08-2026 19:51:24","231","Verbose","Microsoft-Windows-StateRepository","RepositoryManagerServerUpgrade with options: 0x1"
"05-08-2026 19:51:24","100","Error","Microsoft-Windows-StateRepository","Error 0x15: misuse at line 185353 of [737ae4a347]"
"05-08-2026 19:06:06","231","Verbose","Microsoft-Windows-StateRepository","RepositoryManagerServerUpgrade with options: 0x1"
"05-08-2026 19:06:06","100","Error","Microsoft-Windows-StateRepository","Error 0x15: misuse at line 185353 of [737ae4a347]"
"05-08-2026 18:45:50","231","Verbose","Microsoft-Windows-StateRepository","RepositoryManagerServerUpgrade with options: 0x1"
"05-08-2026 18:45:50","100","Error","Microsoft-Windows-StateRepository","Error 0x15: misuse at line 185353 of [737ae4a347]"
"05-08-2026 18:25:21","231","Verbose","Microsoft-Windows-StateRepository","RepositoryManagerServerUpgrade with options: 0x1"
"05-08-2026 18:25:21","100","Error","Microsoft-Windows-StateRepository","Error 0x15: misuse at line 185353 of [737ae4a347]"
"05-08-2026 18:06:10","231","Verbose","Microsoft-Windows-StateRepository","RepositoryManagerServerUpgrade with options: 0x1"
"05-08-2026 18:06:09","100","Error","Microsoft-Windows-StateRepository","Error 0x15: misuse at line 185353 of [737ae4a347]"
"05-08-2026 17:06:10","231","Verbose","Microsoft-Windows-StateRepository","RepositoryManagerServerUpgrade with options: 0x1"
"05-08-2026 17:06:09","100","Error","Microsoft-Windows-StateRepository","Error 0x15: misuse at line 185353 of [737ae4a347]"
"05-08-2026 16:24:58","231","Verbose","Microsoft-Windows-StateRepository","RepositoryManagerServerUpgrade with options: 0x1"
"05-08-2026 16:24:57","100","Error","Microsoft-Windows-StateRepository","Error 0x15: misuse at line 185353 of [737ae4a347]"
"05-08-2026 16:06:11","231","Verbose","Microsoft-Windows-StateRepository","RepositoryManagerServerUpgrade with options: 0x1"
"05-08-2026 16:06:11","100","Error","Microsoft-Windows-StateRepository","Error 0x15: misuse at line 185353 of [737ae4a347]"
"05-08-2026 15:17:47","231","Verbose","Microsoft-Windows-StateRepository","RepositoryManagerServerUpgrade with options: 0x1"
"05-08-2026 15:17:47","100","Error","Microsoft-Windows-StateRepository","Error 0x15: misuse at line 185353 of [737ae4a347]"
"05-08-2026 15:06:11","231","Verbose","Microsoft-Windows-StateRepository","RepositoryManagerServerUpgrade with options: 0x1"
"05-08-2026 15:06:11","100","Error","Microsoft-Windows-StateRepository","Error 0x15: misuse at line 185353 of [737ae4a347]"
"05-08-2026 14:06:11","231","Verbose","Microsoft-Windows-StateRepository","RepositoryManagerServerUpgrade with options: 0x1"
"05-08-2026 14:06:11","100","Error","Microsoft-Windows-StateRepository","Error 0x15: misuse at line 185353 of [737ae4a347]"
"05-08-2026 13:06:11","231","Verbose","Microsoft-Windows-StateRepository","RepositoryManagerServerUpgrade with options: 0x1"
"05-08-2026 13:06:11","100","Error","Microsoft-Windows-StateRepository","Error 0x15: misuse at line 185353 of [737ae4a347]"
"05-08-2026 12:51:17","231","Verbose","Microsoft-Windows-StateRepository","RepositoryManagerServerUpgrade with options: 0x1"
"05-08-2026 12:51:17","100","Error","Microsoft-Windows-StateRepository","Error 0x15: misuse at line 185353 of [737ae4a347]"
"05-08-2026 12:36:02","100","Error","Microsoft-Windows-StateRepository","Error 0x15: misuse at line 185353 of [737ae4a347]"
"05-08-2026 11:57:37","271","Verbose","Microsoft-Windows-StateRepository","SRCache successfully updated [Options=0x0]"
"05-08-2026 11:57:37","271","Verbose","Microsoft-Windows-StateRepository","SRCache successfully updated [Options=0x0]"
"05-08-2026 11:57:37","271","Verbose","Microsoft-Windows-StateRepository","SRCache successfully updated [Options=0x0]"
"05-08-2026 11:57:37","271","Verbose","Microsoft-Windows-StateRepository","SRCache successfully updated [Options=0x0]"
"05-08-2026 11:57:37","221","Verbose","Microsoft-Windows-StateRepository","ANALYZE command has run; database statistics are updated [Partition=2, ProcessId=24476, Scope=(database)]"
"05-08-2026 11:57:36","221","Verbose","Microsoft-Windows-StateRepository","ANALYZE command has run; database statistics are updated [Partition=1, ProcessId=24476, Scope=(database)]"
"05-08-2026 11:57:36","100","Error","Microsoft-Windows-StateRepository","Error 0x15: misuse at line 185353 of [737ae4a347]"
"05-08-2026 11:57:36","271","Verbose","Microsoft-Windows-StateRepository","SRCache successfully updated [Options=0x0]"
"05-08-2026 11:56:01","271","Verbose","Microsoft-Windows-StateRepository","SRCache successfully updated [Options=0x0]"
"05-08-2026 11:56:01","271","Verbose","Microsoft-Windows-StateRepository","SRCache successfully updated [Options=0x0]"
"05-08-2026 11:55:59","271","Verbose","Microsoft-Windows-StateRepository","SRCache successfully updated [Options=0x0]"
"05-08-2026 11:55:59","271","Verbose","Microsoft-Windows-StateRepository","SRCache successfully updated [Options=0x0]"
"05-08-2026 11:55:59","271","Verbose","Microsoft-Windows-StateRepository","SRCache successfully updated [Options=0x0]"
"05-08-2026 11:55:59","271","Verbose","Microsoft-Windows-StateRepository","SRCache successfully updated [Options=0x0]"
"05-08-2026 11:55:59","271","Verbose","Microsoft-Windows-StateRepository","SRCache successfully updated [Options=0x0]"
"05-08-2026 11:55:59","100","Error","Microsoft-Windows-StateRepository","Error 0x15: misuse at line 185353 of [737ae4a347]"
"05-08-2026 11:55:59","271","Verbose","Microsoft-Windows-StateRepository","SRCache successfully updated [Options=0x0]"
"05-08-2026 11:55:59","271","Verbose","Microsoft-Windows-StateRepository","SRCache successfully updated [Options=0x0]"
"05-08-2026 11:55:59","271","Verbose","Microsoft-Windows-StateRepository","SRCache successfully updated [Options=0x0]"
"05-08-2026 11:55:59","271","Verbose","Microsoft-Windows-StateRepository","SRCache successfully updated [Options=0x0]"
"05-08-2026 11:55:58","271","Verbose","Microsoft-Windows-StateRepository","SRCache successfully updated [Options=0x0]"
"05-08-2026 11:55:57","271","Verbose","Microsoft-Windows-StateRepository","SRCache successfully updated [Options=0x0]"
"05-08-2026 11:55:56","271","Verbose","Microsoft-Windows-StateRepository","SRCache successfully updated [Options=0x0]"
"05-08-2026 11:55:48","271","Verbose","Microsoft-Windows-StateRepository","SRCache successfully updated [Options=0x0]"
"05-08-2026 11:55:48","100","Error","Microsoft-Windows-StateRepository","Error 0x15: misuse at line 185353 of [737ae4a347]"
"05-08-2026 11:55:48","271","Verbose","Microsoft-Windows-StateRepository","SRCache successfully updated [Options=0x0]"
"05-08-2026 11:55:48","271","Verbose","Microsoft-Windows-StateRepository","SRCache successfully updated [Options=0x0]"
"05-08-2026 11:55:48","271","Verbose","Microsoft-Windows-StateRepository","SRCache successfully updated [Options=0x0]"
"05-08-2026 11:55:48","271","Verbose","Microsoft-Windows-StateRepository","SRCache successfully updated [Options=0x0]"
"05-08-2026 11:55:48","271","Verbose","Microsoft-Windows-StateRepository","SRCache successfully updated [Options=0x0]"
"05-08-2026 11:55:48","221","Verbose","Microsoft-Windows-StateRepository","ANALYZE command has run; database statistics are updated [Partition=2, ProcessId=24476, Scope=(database)]"
"05-08-2026 11:55:47","221","Verbose","Microsoft-Windows-StateRepository","ANALYZE command has run; database statistics are updated [Partition=1, ProcessId=24476, Scope=(database)]"
"05-08-2026 11:55:43","231","Verbose","Microsoft-Windows-StateRepository","RepositoryManagerServerUpgrade with options: 0x1"
"05-08-2026 11:51:18","100","Error","Microsoft-Windows-StateRepository","Error 0x15: misuse at line 185353 of [737ae4a347]"
"05-08-2026 11:38:34","271","Verbose","Microsoft-Windows-StateRepository","SRCache successfully updated [Options=0x0]"
"05-08-2026 11:38:34","271","Verbose","Microsoft-Windows-StateRepository","SRCache successfully updated [Options=0x0]"
"05-08-2026 11:38:34","271","Verbose","Microsoft-Windows-StateRepository","SRCache successfully updated [Options=0x0]"
"05-08-2026 11:38:33","271","Verbose","Microsoft-Windows-StateRepository","SRCache successfully updated [Options=0x0]"
"05-08-2026 11:38:32","271","Verbose","Microsoft-Windows-StateRepository","SRCache successfully updated [Options=0x0]"
"05-08-2026 11:38:32","271","Verbose","Microsoft-Windows-StateRepository","SRCache successfully updated [Options=0x0]"
"05-08-2026 11:38:30","271","Verbose","Microsoft-Windows-StateRepository","SRCache successfully updated [Options=0x0]"
"05-08-2026 11:38:30","271","Verbose","Microsoft-Windows-StateRepository","SRCache successfully updated [Options=0x0]"
"05-08-2026 11:38:30","221","Verbose","Microsoft-Windows-StateRepository","ANALYZE command has run; database statistics are updated [Partition=2, ProcessId=22344, Scope=(database)]"
"05-08-2026 11:38:30","221","Verbose","Microsoft-Windows-StateRepository","ANALYZE command has run; database statistics are updated [Partition=1, ProcessId=22344, Scope=(database)]"
"05-08-2026 11:38:02","271","Verbose","Microsoft-Windows-StateRepository","SRCache successfully updated [Options=0x0]"
"05-08-2026 11:38:02","271","Verbose","Microsoft-Windows-StateRepository","SRCache successfully updated [Options=0x0]"
"05-08-2026 11:38:00","271","Verbose","Microsoft-Windows-StateRepository","SRCache successfully updated [Options=0x0]"
"05-08-2026 11:38:00","271","Verbose","Microsoft-Windows-StateRepository","SRCache successfully updated [Options=0x0]"
"05-08-2026 11:37:58","271","Verbose","Microsoft-Windows-StateRepository","SRCache successfully updated [Options=0x0]"
"05-08-2026 11:37:58","271","Verbose","Microsoft-Windows-StateRepository","SRCache successfully updated [Options=0x0]"
"05-08-2026 11:37:54","271","Verbose","Microsoft-Windows-StateRepository","SRCache successfully updated [Options=0x0]"
"05-08-2026 11:37:53","271","Verbose","Microsoft-Windows-StateRepository","SRCache successfully updated [Options=0x0]"
"05-08-2026 11:37:53","271","Verbose","Microsoft-Windows-StateRepository","SRCache successfully updated [Options=0x0]"
"05-08-2026 11:37:53","100","Error","Microsoft-Windows-StateRepository","Error 0x15: misuse at line 185353 of [737ae4a347]"
"05-08-2026 11:37:53","271","Verbose","Microsoft-Windows-StateRepository","SRCache successfully updated [Options=0x0]"
"05-08-2026 11:37:52","271","Verbose","Microsoft-Windows-StateRepository","SRCache successfully updated [Options=0x0]"
"05-08-2026 11:37:52","271","Verbose","Microsoft-Windows-StateRepository","SRCache successfully updated [Options=0x0]"
"05-08-2026 11:37:49","271","Verbose","Microsoft-Windows-StateRepository","SRCache successfully updated [Options=0x0]"
"05-08-2026 11:37:49","271","Verbose","Microsoft-Windows-StateRepository","SRCache successfully updated [Options=0x0]"
"05-08-2026 11:37:45","271","Verbose","Microsoft-Windows-StateRepository","SRCache successfully updated [Options=0x0]"
"05-08-2026 11:37:45","271","Verbose","Microsoft-Windows-StateRepository","SRCache successfully updated [Options=0x0]"
"05-08-2026 11:37:16","231","Verbose","Microsoft-Windows-StateRepository","RepositoryManagerServerUpgrade with options: 0x1"
"05-08-2026 11:37:16","100","Error","Microsoft-Windows-StateRepository","Error 0x15: misuse at line 185353 of [737ae4a347]"
"05-08-2026 11:37:14","221","Verbose","Microsoft-Windows-StateRepository","ANALYZE command has run; database statistics are updated [Partition=2, ProcessId=1052, Scope=(database)]"
"05-08-2026 11:37:14","221","Verbose","Microsoft-Windows-StateRepository","ANALYZE command has run; database statistics are updated [Partition=1, ProcessId=1052, Scope=(database)]"
"05-08-2026 11:37:14","284","Verbose","Microsoft-Windows-StateRepository","REINDEX command has run; database indices are updated [Partition=2, ProcessId=1052, Scope=(database)]"
"05-08-2026 11:37:13","284","Verbose","Microsoft-Windows-StateRepository","REINDEX command has run; database indices are updated [Partition=1, ProcessId=1052, Scope=(database)]"
"05-08-2026 11:17:30","231","Verbose","Microsoft-Windows-StateRepository","RepositoryManagerServerUpgrade with options: 0x1"
"05-08-2026 11:17:30","100","Error","Microsoft-Windows-StateRepository","Error 0x15: misuse at line 185353 of [737ae4a347]"
"05-08-2026 11:12:11","271","Verbose","Microsoft-Windows-StateRepository","SRCache successfully updated [Options=0x0]"
"05-08-2026 11:06:11","231","Verbose","Microsoft-Windows-StateRepository","RepositoryManagerServerUpgrade with options: 0x1"
"05-08-2026 11:06:11","100","Error","Microsoft-Windows-StateRepository","Error 0x15: misuse at line 185353 of [737ae4a347]"
"05-08-2026 10:57:35","231","Verbose","Microsoft-Windows-StateRepository","RepositoryManagerServerUpgrade with options: 0x1"
"05-08-2026 10:57:34","100","Error","Microsoft-Windows-StateRepository","Error 0x15: misuse at line 185353 of [737ae4a347]"
"05-08-2026 10:41:32","271","Verbose","Microsoft-Windows-StateRepository","SRCache successfully updated [Options=0x0]"
"05-08-2026 10:41:32","271","Verbose","Microsoft-Windows-StateRepository","SRCache successfully updated [Options=0x0]"
"05-08-2026 10:41:32","221","Verbose","Microsoft-Windows-StateRepository","ANALYZE command has run; database statistics are updated [Partition=2, ProcessId=28928, Scope=(database)]"
"05-08-2026 10:41:31","221","Verbose","Microsoft-Windows-StateRepository","ANALYZE command has run; database statistics are updated [Partition=1, ProcessId=28928, Scope=(database)]"
"05-08-2026 10:39:17","231","Verbose","Microsoft-Windows-StateRepository","RepositoryManagerServerUpgrade with options: 0x1"
"05-08-2026 10:39:17","100","Error","Microsoft-Windows-StateRepository","Error 0x15: misuse at line 185353 of [737ae4a347]"
"05-08-2026 10:34:15","231","Verbose","Microsoft-Windows-StateRepository","RepositoryManagerServerUpgrade with options: 0x1"
"05-08-2026 10:34:14","100","Error","Microsoft-Windows-StateRepository","Error 0x15: misuse at line 185353 of [737ae4a347]"
"05-08-2026 10:06:11","231","Verbose","Microsoft-Windows-StateRepository","RepositoryManagerServerUpgrade with options: 0x1"
"05-08-2026 10:06:11","100","Error","Microsoft-Windows-StateRepository","Error 0x15: misuse at line 185353 of [737ae4a347]"
"05-08-2026 09:54:23","271","Verbose","Microsoft-Windows-StateRepository","SRCache successfully updated [Options=0x0]"
"05-08-2026 09:54:23","271","Verbose","Microsoft-Windows-StateRepository","SRCache successfully updated [Options=0x0]"
"05-08-2026 09:54:23","271","Verbose","Microsoft-Windows-StateRepository","SRCache successfully updated [Options=0x0]"
"05-08-2026 09:54:23","271","Verbose","Microsoft-Windows-StateRepository","SRCache successfully updated [Options=0x0]"
"05-08-2026 09:54:23","221","Verbose","Microsoft-Windows-StateRepository","ANALYZE command has run; database statistics are updated [Partition=2, ProcessId=31848, Scope=(database)]"
"05-08-2026 09:54:22","221","Verbose","Microsoft-Windows-StateRepository","ANALYZE command has run; database statistics are updated [Partition=1, ProcessId=31848, Scope=(database)]"
"05-08-2026 09:40:31","271","Verbose","Microsoft-Windows-StateRepository","SRCache successfully updated [Options=0x0]"
"05-08-2026 09:40:30","271","Verbose","Microsoft-Windows-StateRepository","SRCache successfully updated [Options=0x0]"
"05-08-2026 09:40:30","221","Verbose","Microsoft-Windows-StateRepository","ANALYZE command has run; database statistics are updated [Partition=2, ProcessId=31848, Scope=(database)]"
"05-08-2026 09:40:29","221","Verbose","Microsoft-Windows-StateRepository","ANALYZE command has run; database statistics are updated [Partition=1, ProcessId=31848, Scope=(database)]"
"05-08-2026 09:38:32","271","Verbose","Microsoft-Windows-StateRepository","SRCache successfully updated [Options=0x0]"
"05-08-2026 09:38:32","271","Verbose","Microsoft-Windows-StateRepository","SRCache successfully updated [Options=0x0]"
"05-08-2026 09:38:32","271","Verbose","Microsoft-Windows-StateRepository","SRCache successfully updated [Options=0x0]"
"05-08-2026 09:38:32","271","Verbose","Microsoft-Windows-StateRepository","SRCache successfully updated [Options=0x0]"
"05-08-2026 09:38:32","221","Verbose","Microsoft-Windows-StateRepository","ANALYZE command has run; database statistics are updated [Partition=2, ProcessId=31848, Scope=(database)]"
"05-08-2026 09:38:31","271","Verbose","Microsoft-Windows-StateRepository","SRCache successfully updated [Options=0x0]"
"05-08-2026 09:38:31","221","Verbose","Microsoft-Windows-StateRepository","ANALYZE command has run; database statistics are updated [Partition=1, ProcessId=31848, Scope=(database)]"
"05-08-2026 09:38:30","271","Verbose","Microsoft-Windows-StateRepository","SRCache successfully updated [Options=0x0]"
"05-08-2026 09:38:30","271","Verbose","Microsoft-Windows-StateRepository","SRCache successfully updated [Options=0x0]"
"05-08-2026 09:38:30","221","Verbose","Microsoft-Windows-StateRepository","ANALYZE command has run; database statistics are updated [Partition=2, ProcessId=31848, Scope=(database)]"
"05-08-2026 06:30:44","221","Verbose","Microsoft-Windows-StateRepository","ANALYZE command has run; database statistics are updated [Partition=1, ProcessId=31848, Scope=(database)]"
"05-08-2026 06:30:43","271","Verbose","Microsoft-Windows-StateRepository","SRCache successfully updated [Options=0x0]"
"05-08-2026 06:30:43","100","Error","Microsoft-Windows-StateRepository","Error 0x15: misuse at line 185353 of [737ae4a347]"
"05-08-2026 06:30:42","271","Verbose","Microsoft-Windows-StateRepository","SRCache successfully updated [Options=0x0]"
"05-08-2026 06:30:42","271","Verbose","Microsoft-Windows-StateRepository","SRCache successfully updated [Options=0x0]"
"05-08-2026 06:30:25","271","Verbose","Microsoft-Windows-StateRepository","SRCache successfully updated [Options=0x0]"
"04-08-2026 21:28:52","231","Verbose","Microsoft-Windows-StateRepository","RepositoryManagerServerUpgrade with options: 0x1"
"04-08-2026 21:28:52","100","Error","Microsoft-Windows-StateRepository","Error 0x15: misuse at line 185353 of [737ae4a347]"
"04-08-2026 19:05:46","231","Verbose","Microsoft-Windows-StateRepository","RepositoryManagerServerUpgrade with options: 0x1"
"04-08-2026 19:05:46","100","Error","Microsoft-Windows-StateRepository","Error 0x15: misuse at line 185353 of [737ae4a347]"
"04-08-2026 18:50:56","231","Verbose","Microsoft-Windows-StateRepository","RepositoryManagerServerUpgrade with options: 0x1"
"04-08-2026 18:50:56","100","Error","Microsoft-Windows-StateRepository","Error 0x15: misuse at line 185353 of [737ae4a347]"
"04-08-2026 18:05:46","231","Verbose","Microsoft-Windows-StateRepository","RepositoryManagerServerUpgrade with options: 0x1"
"04-08-2026 18:05:46","100","Error","Microsoft-Windows-StateRepository","Error 0x15: misuse at line 185353 of [737ae4a347]"
"04-08-2026 17:52:42","231","Verbose","Microsoft-Windows-StateRepository","RepositoryManagerServerUpgrade with options: 0x1"
"04-08-2026 17:52:42","100","Error","Microsoft-Windows-StateRepository","Error 0x15: misuse at line 185353 of [737ae4a347]"
"04-08-2026 17:42:00","231","Verbose","Microsoft-Windows-StateRepository","RepositoryManagerServerUpgrade with options: 0x1"
"04-08-2026 17:42:00","100","Error","Microsoft-Windows-StateRepository","Error 0x15: misuse at line 185353 of [737ae4a347]"
"04-08-2026 17:29:03","231","Verbose","Microsoft-Windows-StateRepository","RepositoryManagerServerUpgrade with options: 0x1"
"04-08-2026 17:26:02","100","Error","Microsoft-Windows-StateRepository","Error 0x15: misuse at line 185353 of [737ae4a347]"
"04-08-2026 17:05:46","231","Verbose","Microsoft-Windows-StateRepository","RepositoryManagerServerUpgrade with options: 0x1"
"04-08-2026 17:05:46","100","Error","Microsoft-Windows-StateRepository","Error 0x15: misuse at line 185353 of [737ae4a347]"
"04-08-2026 16:50:18","231","Verbose","Microsoft-Windows-StateRepository","RepositoryManagerServerUpgrade with options: 0x1"
"04-08-2026 16:50:18","100","Error","Microsoft-Windows-StateRepository","Error 0x15: misuse at line 185353 of [737ae4a347]"
"04-08-2026 16:14:11","231","Verbose","Microsoft-Windows-StateRepository","RepositoryManagerServerUpgrade with options: 0x1"
"04-08-2026 16:14:11","100","Error","Microsoft-Windows-StateRepository","Error 0x15: misuse at line 185353 of [737ae4a347]"
"04-08-2026 15:38:09","231","Verbose","Microsoft-Windows-StateRepository","RepositoryManagerServerUpgrade with options: 0x1"
"04-08-2026 15:38:09","100","Error","Microsoft-Windows-StateRepository","Error 0x15: misuse at line 185353 of [737ae4a347]"
"04-08-2026 15:07:21","271","Verbose","Microsoft-Windows-StateRepository","SRCache successfully updated [Options=0x0]"
"04-08-2026 15:07:21","271","Verbose","Microsoft-Windows-StateRepository","SRCache successfully updated [Options=0x0]"
"04-08-2026 15:07:21","221","Verbose","Microsoft-Windows-StateRepository","ANALYZE command has run; database statistics are updated [Partition=2, ProcessId=18456, Scope=(database)]"
"04-08-2026 15:07:20","221","Verbose","Microsoft-Windows-StateRepository","ANALYZE command has run; database statistics are updated [Partition=1, ProcessId=18456, Scope=(database)]"
"04-08-2026 15:01:40","231","Verbose","Microsoft-Windows-StateRepository","RepositoryManagerServerUpgrade with options: 0x1"
"04-08-2026 15:01:40","100","Error","Microsoft-Windows-StateRepository","Error 0x15: misuse at line 185353 of [737ae4a347]"
"04-08-2026 14:48:45","231","Verbose","Microsoft-Windows-StateRepository","RepositoryManagerServerUpgrade with options: 0x1"
"04-08-2026 14:48:45","100","Error","Microsoft-Windows-StateRepository","Error 0x15: misuse at line 185353 of [737ae4a347]"
"04-08-2026 14:05:46","231","Verbose","Microsoft-Windows-StateRepository","RepositoryManagerServerUpgrade with options: 0x1"
"04-08-2026 14:05:46","100","Error","Microsoft-Windows-StateRepository","Error 0x15: misuse at line 185353 of [737ae4a347]"
"04-08-2026 13:50:19","231","Verbose","Microsoft-Windows-StateRepository","RepositoryManagerServerUpgrade with options: 0x1"
"04-08-2026 13:50:19","100","Error","Microsoft-Windows-StateRepository","Error 0x15: misuse at line 185353 of [737ae4a347]"
"04-08-2026 13:36:02","100","Error","Microsoft-Windows-StateRepository","Error 0x15: misuse at line 185353 of [737ae4a347]"
"04-08-2026 13:05:19","231","Verbose","Microsoft-Windows-StateRepository","RepositoryManagerServerUpgrade with options: 0x1"
"04-08-2026 13:05:19","100","Error","Microsoft-Windows-StateRepository","Error 0x15: misuse at line 185353 of [737ae4a347]"
"04-08-2026 12:49:13","231","Verbose","Microsoft-Windows-StateRepository","RepositoryManagerServerUpgrade with options: 0x1"
"04-08-2026 12:49:13","100","Error","Microsoft-Windows-StateRepository","Error 0x15: misuse at line 185353 of [737ae4a347]"
"04-08-2026 12:05:46","231","Verbose","Microsoft-Windows-StateRepository","RepositoryManagerServerUpgrade with options: 0x1"
"04-08-2026 12:05:46","100","Error","Microsoft-Windows-StateRepository","Error 0x15: misuse at line 185353 of [737ae4a347]"
"04-08-2026 11:53:32","231","Verbose","Microsoft-Windows-StateRepository","RepositoryManagerServerUpgrade with options: 0x1"
"04-08-2026 11:53:32","100","Error","Microsoft-Windows-StateRepository","Error 0x15: misuse at line 185353 of [737ae4a347]"
"04-08-2026 11:11:46","271","Verbose","Microsoft-Windows-StateRepository","SRCache successfully updated [Options=0x0]"
"04-08-2026 11:05:46","231","Verbose","Microsoft-Windows-StateRepository","RepositoryManagerServerUpgrade with options: 0x1"
"04-08-2026 11:05:46","100","Error","Microsoft-Windows-StateRepository","Error 0x15: misuse at line 185353 of [737ae4a347]"
"04-08-2026 10:24:20","231","Verbose","Microsoft-Windows-StateRepository","RepositoryManagerServerUpgrade with options: 0x1"
"04-08-2026 10:23:32","100","Error","Microsoft-Windows-StateRepository","Error 0x15: misuse at line 185353 of [737ae4a347]"
"04-08-2026 10:14:30","271","Verbose","Microsoft-Windows-StateRepository","SRCache successfully updated [Options=0x0]"
"04-08-2026 10:14:30","271","Verbose","Microsoft-Windows-StateRepository","SRCache successfully updated [Options=0x0]"
"04-08-2026 10:14:30","271","Verbose","Microsoft-Windows-StateRepository","SRCache successfully updated [Options=0x0]"
"04-08-2026 10:14:30","271","Verbose","Microsoft-Windows-StateRepository","SRCache successfully updated [Options=0x0]"
"04-08-2026 10:14:30","271","Verbose","Microsoft-Windows-StateRepository","SRCache successfully updated [Options=0x0]"
"04-08-2026 10:14:30","271","Verbose","Microsoft-Windows-StateRepository","SRCache successfully updated [Options=0x0]"
"04-08-2026 10:14:29","271","Verbose","Microsoft-Windows-StateRepository","SRCache successfully updated [Options=0x0]"
"04-08-2026 10:14:28","271","Verbose","Microsoft-Windows-StateRepository","SRCache successfully updated [Options=0x0]"
"04-08-2026 10:14:28","271","Verbose","Microsoft-Windows-StateRepository","SRCache successfully updated [Options=0x0]"
"04-08-2026 10:14:22","271","Verbose","Microsoft-Windows-StateRepository","SRCache successfully updated [Options=0x0]"
"04-08-2026 10:14:21","271","Verbose","Microsoft-Windows-StateRepository","SRCache successfully updated [Options=0x0]"
"04-08-2026 10:14:04","271","Verbose","Microsoft-Windows-StateRepository","SRCache successfully updated [Options=0x0]"
"04-08-2026 10:14:03","271","Verbose","Microsoft-Windows-StateRepository","SRCache successfully updated [Options=0x0]"
"04-08-2026 10:13:59","271","Verbose","Microsoft-Windows-StateRepository","SRCache successfully updated [Options=0x0]"
"04-08-2026 10:13:59","271","Verbose","Microsoft-Windows-StateRepository","SRCache successfully updated [Options=0x0]"
"04-08-2026 10:13:59","221","Verbose","Microsoft-Windows-StateRepository","ANALYZE command has run; database statistics are updated [Partition=2, ProcessId=21268, Scope=(database)]"
"04-08-2026 10:13:58","221","Verbose","Microsoft-Windows-StateRepository","ANALYZE command has run; database statistics are updated [Partition=1, ProcessId=21268, Scope=(database)]"
"04-08-2026 10:05:46","231","Verbose","Microsoft-Windows-StateRepository","RepositoryManagerServerUpgrade with options: 0x1"
"04-08-2026 10:05:46","100","Error","Microsoft-Windows-StateRepository","Error 0x15: misuse at line 185353 of [737ae4a347]"
"04-08-2026 09:51:20","271","Verbose","Microsoft-Windows-StateRepository","SRCache successfully updated [Options=0x0]"
"04-08-2026 09:51:20","271","Verbose","Microsoft-Windows-StateRepository","SRCache successfully updated [Options=0x0]"
"04-08-2026 09:51:20","221","Verbose","Microsoft-Windows-StateRepository","ANALYZE command has run; database statistics are updated [Partition=2, ProcessId=16092, Scope=(database)]"
"04-08-2026 09:51:20","221","Verbose","Microsoft-Windows-StateRepository","ANALYZE command has run; database statistics are updated [Partition=1, ProcessId=16092, Scope=(database)]"
"04-08-2026 09:46:09","231","Verbose","Microsoft-Windows-StateRepository","RepositoryManagerServerUpgrade with options: 0x1"
"04-08-2026 09:46:02","100","Error","Microsoft-Windows-StateRepository","Error 0x15: misuse at line 185353 of [737ae4a347]"
"04-08-2026 09:19:35","221","Verbose","Microsoft-Windows-StateRepository","ANALYZE command has run; database statistics are updated [Partition=2, ProcessId=1052, Scope=(database)]"
"04-08-2026 09:19:35","221","Verbose","Microsoft-Windows-StateRepository","ANALYZE command has run; database statistics are updated [Partition=1, ProcessId=1052, Scope=(database)]"
"04-08-2026 09:19:35","284","Verbose","Microsoft-Windows-StateRepository","REINDEX command has run; database indices are updated [Partition=2, ProcessId=1052, Scope=(database)]"
"04-08-2026 09:19:34","284","Verbose","Microsoft-Windows-StateRepository","REINDEX command has run; database indices are updated [Partition=1, ProcessId=1052, Scope=(database)]"
"03-08-2026 18:43:44","231","Verbose","Microsoft-Windows-StateRepository","RepositoryManagerServerUpgrade with options: 0x1"
"03-08-2026 18:43:44","100","Error","Microsoft-Windows-StateRepository","Error 0x15: misuse at line 185353 of [737ae4a347]"
"03-08-2026 17:26:07","231","Verbose","Microsoft-Windows-StateRepository","RepositoryManagerServerUpgrade with options: 0x1"
"03-08-2026 17:26:07","100","Error","Microsoft-Windows-StateRepository","Error 0x15: misuse at line 185353 of [737ae4a347]"
"03-08-2026 16:42:01","231","Verbose","Microsoft-Windows-StateRepository","RepositoryManagerServerUpgrade with options: 0x1"
"03-08-2026 16:42:01","100","Error","Microsoft-Windows-StateRepository","Error 0x15: misuse at line 185353 of [737ae4a347]"
"03-08-2026 16:26:07","231","Verbose","Microsoft-Windows-StateRepository","RepositoryManagerServerUpgrade with options: 0x1"
"03-08-2026 16:26:07","100","Error","Microsoft-Windows-StateRepository","Error 0x15: misuse at line 185353 of [737ae4a347]"
"03-08-2026 15:26:07","231","Verbose","Microsoft-Windows-StateRepository","RepositoryManagerServerUpgrade with options: 0x1"
"03-08-2026 15:26:07","100","Error","Microsoft-Windows-StateRepository","Error 0x15: misuse at line 185353 of [737ae4a347]"
"03-08-2026 14:34:16","231","Verbose","Microsoft-Windows-StateRepository","RepositoryManagerServerUpgrade with options: 0x1"
"03-08-2026 14:34:16","100","Error","Microsoft-Windows-StateRepository","Error 0x15: misuse at line 185353 of [737ae4a347]"
"03-08-2026 14:26:07","231","Verbose","Microsoft-Windows-StateRepository","RepositoryManagerServerUpgrade with options: 0x1"
"03-08-2026 14:20:47","100","Error","Microsoft-Windows-StateRepository","Error 0x15: misuse at line 185353 of [737ae4a347]"
"03-08-2026 13:26:08","231","Verbose","Microsoft-Windows-StateRepository","RepositoryManagerServerUpgrade with options: 0x1"
"03-08-2026 13:26:08","100","Error","Microsoft-Windows-StateRepository","Error 0x15: misuse at line 185353 of [737ae4a347]"
"03-08-2026 13:11:02","100","Error","Microsoft-Windows-StateRepository","Error 0x15: misuse at line 185353 of [737ae4a347]"
"03-08-2026 12:26:09","231","Verbose","Microsoft-Windows-StateRepository","RepositoryManagerServerUpgrade with options: 0x1"
"03-08-2026 12:26:09","100","Error","Microsoft-Windows-StateRepository","Error 0x15: misuse at line 185353 of [737ae4a347]"
"03-08-2026 11:15:35","100","Error","Microsoft-Windows-StateRepository","Error 0x15: misuse at line 185353 of [737ae4a347]"
"03-08-2026 11:15:35","271","Verbose","Microsoft-Windows-StateRepository","SRCache successfully updated [Options=0x0]"
"03-08-2026 11:15:35","271","Verbose","Microsoft-Windows-StateRepository","SRCache successfully updated [Options=0x0]"
"03-08-2026 11:15:35","271","Verbose","Microsoft-Windows-StateRepository","SRCache successfully updated [Options=0x0]"
"03-08-2026 11:15:35","271","Verbose","Microsoft-Windows-StateRepository","SRCache successfully updated [Options=0x0]"
"03-08-2026 11:15:35","271","Verbose","Microsoft-Windows-StateRepository","SRCache successfully updated [Options=0x0]"
"03-08-2026 11:15:35","271","Verbose","Microsoft-Windows-StateRepository","SRCache successfully updated [Options=0x0]"
"03-08-2026 11:15:35","271","Verbose","Microsoft-Windows-StateRepository","SRCache successfully updated [Options=0x0]"
"03-08-2026 11:15:35","271","Verbose","Microsoft-Windows-StateRepository","SRCache successfully updated [Options=0x0]"
"03-08-2026 11:15:35","271","Verbose","Microsoft-Windows-StateRepository","SRCache successfully updated [Options=0x0]"
"03-08-2026 11:15:35","271","Verbose","Microsoft-Windows-StateRepository","SRCache successfully updated [Options=0x0]"
"03-08-2026 11:15:35","271","Verbose","Microsoft-Windows-StateRepository","SRCache successfully updated [Options=0x0]"
"03-08-2026 11:15:34","271","Verbose","Microsoft-Windows-StateRepository","SRCache successfully updated [Options=0x0]"
"03-08-2026 11:15:34","271","Verbose","Microsoft-Windows-StateRepository","SRCache successfully updated [Options=0x0]"
"03-08-2026 11:15:34","221","Verbose","Microsoft-Windows-StateRepository","ANALYZE command has run; database statistics are updated [Partition=2, ProcessId=7560, Scope=(database)]"
"03-08-2026 11:15:34","221","Verbose","Microsoft-Windows-StateRepository","ANALYZE command has run; database statistics are updated [Partition=1, ProcessId=7560, Scope=(database)]"
"03-08-2026 11:15:34","231","Verbose","Microsoft-Windows-StateRepository","RepositoryManagerServerUpgrade with options: 0x1"
"03-08-2026 11:15:34","100","Error","Microsoft-Windows-StateRepository","Error 0x15: misuse at line 185353 of [737ae4a347]"
"03-08-2026 11:05:04","231","Verbose","Microsoft-Windows-StateRepository","RepositoryManagerServerUpgrade with options: 0x1"
"03-08-2026 11:05:04","100","Error","Microsoft-Windows-StateRepository","Error 0x15: misuse at line 185353 of [737ae4a347]"
"03-08-2026 10:46:02","100","Error","Microsoft-Windows-StateRepository","Error 0x15: misuse at line 185353 of [737ae4a347]"
"03-08-2026 10:32:09","271","Verbose","Microsoft-Windows-StateRepository","SRCache successfully updated [Options=0x0]"
"03-08-2026 10:26:08","231","Verbose","Microsoft-Windows-StateRepository","RepositoryManagerServerUpgrade with options: 0x1"
"03-08-2026 10:26:08","100","Error","Microsoft-Windows-StateRepository","Error 0x15: misuse at line 185353 of [737ae4a347]"
"03-08-2026 09:45:24","271","Verbose","Microsoft-Windows-StateRepository","SRCache successfully updated [Options=0x0]"
"03-08-2026 09:45:24","271","Verbose","Microsoft-Windows-StateRepository","SRCache successfully updated [Options=0x0]"
